<?xml version="1.0" encoding="UTF-8"?>
<testsuite xmlns:xsi="http://www.w3.org/2001/XMLSchema-instance" xsi:noNamespaceSchemaLocation="https://maven.apache.org/surefire/maven-surefire-plugin/xsd/surefire-test-report-3.0.xsd" version="3.0" name="org.apache.hadoop.ozone.container.common.statemachine.commandhandler.TestBlockDeletion" time="144.502" tests="4" errors="0" skipped="0" failures="1">
  <properties>
    <property name="awt.toolkit" value="sun.awt.X11.XToolkit"/>
    <property name="file.encoding.pkg" value="sun.io"/>
    <property name="java.specification.version" value="1.8"/>
    <property name="sun.cpu.isalist" value=""/>
    <property name="sun.jnu.encoding" value="UTF-8"/>
    <property name="java.class.path" value="/home/runner/work/ozone/ozone/hadoop-ozone/integration-test/target/test-classes:/home/runner/work/ozone/ozone/hadoop-ozone/integration-test/target/classes:/home/runner/.m2/repository/org/apache/ozone/ozone-common/1.4.0-SNAPSHOT/ozone-common-1.4.0-SNAPSHOT.jar:/home/runner/.m2/repository/io/grpc/grpc-netty/1.51.1/grpc-netty-1.51.1.jar:/home/runner/.m2/repository/io/grpc/grpc-core/1.51.1/grpc-core-1.51.1.jar:/home/runner/.m2/repository/com/google/android/annotations/4.1.1.4/annotations-4.1.1.4.jar:/home/runner/.m2/repository/org/codehaus/mojo/animal-sniffer-annotations/1.21/animal-sniffer-annotations-1.21.jar:/home/runner/.m2/repository/com/google/errorprone/error_prone_annotations/2.2.0/error_prone_annotations-2.2.0.jar:/home/runner/.m2/repository/io/perfmark/perfmark-api/0.25.0/perfmark-api-0.25.0.jar:/home/runner/.m2/repository/io/netty/netty-codec-http2/4.1.86.Final/netty-codec-http2-4.1.86.Final.jar:/home/runner/.m2/repository/io/netty/netty-common/4.1.86.Final/netty-common-4.1.86.Final.jar:/home/runner/.m2/repository/io/netty/netty-buffer/4.1.86.Final/netty-buffer-4.1.86.Final.jar:/home/runner/.m2/repository/io/netty/netty-codec-http/4.1.86.Final/netty-codec-http-4.1.86.Final.jar:/home/runner/.m2/repository/io/netty/netty-handler-proxy/4.1.86.Final/netty-handler-proxy-4.1.86.Final.jar:/home/runner/.m2/repository/io/netty/netty-codec-socks/4.1.86.Final/netty-codec-socks-4.1.86.Final.jar:/home/runner/.m2/repository/io/netty/netty-tcnative-boringssl-static/2.0.54.Final/netty-tcnative-boringssl-static-2.0.54.Final.jar:/home/runner/.m2/repository/io/netty/netty-tcnative-classes/2.0.54.Final/netty-tcnative-classes-2.0.54.Final.jar:/home/runner/.m2/repository/io/netty/netty-tcnative-boringssl-static/2.0.54.Final/netty-tcnative-boringssl-static-2.0.54.Final-linux-x86_64.jar:/home/runner/.m2/repository/io/netty/netty-tcnative-boringssl-static/2.0.54.Final/netty-tcnative-boringssl-static-2.0.54.Final-linux-aarch_64.jar:/home/runner/.m2/repository/io/netty/netty-tcnative-boringssl-static/2.0.54.Final/netty-tcnative-boringssl-static-2.0.54.Final-osx-x86_64.jar:/home/runner/.m2/repository/io/netty/netty-tcnative-boringssl-static/2.0.54.Final/netty-tcnative-boringssl-static-2.0.54.Final-osx-aarch_64.jar:/home/runner/.m2/repository/io/netty/netty-tcnative-boringssl-static/2.0.54.Final/netty-tcnative-boringssl-static-2.0.54.Final-windows-x86_64.jar:/home/runner/.m2/repository/org/apache/commons/commons-compress/1.21/commons-compress-1.21.jar:/home/runner/.m2/repository/org/apache/ozone/hdds-common/1.4.0-SNAPSHOT/hdds-common-1.4.0-SNAPSHOT.jar:/home/runner/.m2/repository/org/apache/ozone/hdds-client/1.4.0-SNAPSHOT/hdds-client-1.4.0-SNAPSHOT.jar:/home/runner/.m2/repository/org/apache/ozone/ozone-interface-client/1.4.0-SNAPSHOT/ozone-interface-client-1.4.0-SNAPSHOT.jar:/home/runner/.m2/repository/org/apache/ozone/hdds-test-utils/1.4.0-SNAPSHOT/hdds-test-utils-1.4.0-SNAPSHOT.jar:/home/runner/.m2/repository/com/google/guava/guava/31.1-jre/guava-31.1-jre.jar:/home/runner/.m2/repository/com/google/guava/failureaccess/1.0.1/failureaccess-1.0.1.jar:/home/runner/.m2/repository/com/google/guava/listenablefuture/9999.0-empty-to-avoid-conflict-with-guava/listenablefuture-9999.0-empty-to-avoid-conflict-with-guava.jar:/home/runner/.m2/repository/com/google/code/findbugs/jsr305/3.0.0/jsr305-3.0.0.jar:/home/runner/.m2/repository/org/checkerframework/checker-qual/3.12.0/checker-qual-3.12.0.jar:/home/runner/.m2/repository/com/google/j2objc/j2objc-annotations/1.3/j2objc-annotations-1.3.jar:/home/runner/.m2/repository/commons-io/commons-io/2.11.0/commons-io-2.11.0.jar:/home/runner/.m2/repository/commons-logging/commons-logging/1.2/commons-logging-1.2.jar:/home/runner/.m2/repository/ch/qos/reload4j/reload4j/1.2.22/reload4j-1.2.22.jar:/home/runner/.m2/repository/org/slf4j/slf4j-api/1.7.36/slf4j-api-1.7.36.jar:/home/runner/.m2/repository/org/apache/ozone/hdds-server-scm/1.4.0-SNAPSHOT/hdds-server-scm-1.4.0-SNAPSHOT.jar:/home/runner/.m2/repository/org/apache/ozone/hdds-container-service/1.4.0-SNAPSHOT/hdds-container-service-1.4.0-SNAPSHOT.jar:/home/runner/.m2/repository/org/apache/ozone/hdds-hadoop-dependency-server/1.4.0-SNAPSHOT/hdds-hadoop-dependency-server-1.4.0-SNAPSHOT.jar:/home/runner/.m2/repository/org/apache/hadoop/hadoop-hdfs/3.3.4/hadoop-hdfs-3.3.4.jar:/home/runner/.m2/repository/commons-daemon/commons-daemon/1.0.13/commons-daemon-1.0.13.jar:/home/runner/.m2/repository/org/apache/ozone/hdds-server-framework/1.4.0-SNAPSHOT/hdds-server-framework-1.4.0-SNAPSHOT.jar:/home/runner/.m2/repository/io/dropwizard/metrics/metrics-core/3.2.4/metrics-core-3.2.4.jar:/home/runner/.m2/repository/org/apache/commons/commons-text/1.4/commons-text-1.4.jar:/home/runner/.m2/repository/org/apache/hadoop/hadoop-hdfs-client/3.3.4/hadoop-hdfs-client-3.3.4.jar:/home/runner/.m2/repository/com/squareup/okhttp3/okhttp/4.9.3/okhttp-4.9.3.jar:/home/runner/.m2/repository/com/squareup/okio/okio/2.8.0/okio-2.8.0.jar:/home/runner/.m2/repository/org/jetbrains/kotlin/kotlin-stdlib-common/1.6.21/kotlin-stdlib-common-1.6.21.jar:/home/runner/.m2/repository/org/bouncycastle/bcprov-jdk15on/1.67/bcprov-jdk15on-1.67.jar:/home/runner/.m2/repository/com/google/protobuf/protobuf-java/2.5.0/protobuf-java-2.5.0.jar:/home/runner/.m2/repository/org/apache/ozone/hdds-server-framework/1.4.0-SNAPSHOT/hdds-server-framework-1.4.0-SNAPSHOT-tests.jar:/home/runner/.m2/repository/org/apache/ozone/hdds-interface-server/1.4.0-SNAPSHOT/hdds-interface-server-1.4.0-SNAPSHOT.jar:/home/runner/.m2/repository/org/apache/ozone/hdds-interface-admin/1.4.0-SNAPSHOT/hdds-interface-admin-1.4.0-SNAPSHOT.jar:/home/runner/.m2/repository/org/apache/ozone/hdds-managed-rocksdb/1.4.0-SNAPSHOT/hdds-managed-rocksdb-1.4.0-SNAPSHOT.jar:/home/runner/.m2/repository/org/rocksdb/rocksdbjni/7.7.3/rocksdbjni-7.7.3.jar:/home/runner/.m2/repository/org/slf4j/slf4j-reload4j/1.7.36/slf4j-reload4j-1.7.36.jar:/home/runner/.m2/repository/org/apache/commons/commons-configuration2/2.1.1/commons-configuration2-2.1.1.jar:/home/runner/.m2/repository/org/apache/logging/log4j/log4j-core/2.17.1/log4j-core-2.17.1.jar:/home/runner/.m2/repository/com/lmax/disruptor/3.4.2/disruptor-3.4.2.jar:/home/runner/.m2/repository/org/eclipse/jetty/jetty-util/9.4.49.v20220914/jetty-util-9.4.49.v20220914.jar:/home/runner/.m2/repository/org/eclipse/jetty/jetty-server/9.4.49.v20220914/jetty-server-9.4.49.v20220914.jar:/home/runner/.m2/repository/org/eclipse/jetty/jetty-http/9.4.49.v20220914/jetty-http-9.4.49.v20220914.jar:/home/runner/.m2/repository/org/eclipse/jetty/jetty-io/9.4.49.v20220914/jetty-io-9.4.49.v20220914.jar:/home/runner/.m2/repository/org/eclipse/jetty/jetty-servlet/9.4.49.v20220914/jetty-servlet-9.4.49.v20220914.jar:/home/runner/.m2/repository/org/eclipse/jetty/jetty-security/9.4.49.v20220914/jetty-security-9.4.49.v20220914.jar:/home/runner/.m2/repository/org/eclipse/jetty/jetty-util-ajax/9.4.49.v20220914/jetty-util-ajax-9.4.49.v20220914.jar:/home/runner/.m2/repository/org/eclipse/jetty/jetty-webapp/9.4.49.v20220914/jetty-webapp-9.4.49.v20220914.jar:/home/runner/.m2/repository/org/eclipse/jetty/jetty-xml/9.4.49.v20220914/jetty-xml-9.4.49.v20220914.jar:/home/runner/.m2/repository/org/apache/ratis/ratis-server/2.4.2-8b8bdda-SNAPSHOT/ratis-server-2.4.2-8b8bdda-SNAPSHOT.jar:/home/runner/.m2/repository/org/apache/ratis/ratis-thirdparty-misc/1.0.3/ratis-thirdparty-misc-1.0.3.jar:/home/runner/.m2/repository/org/apache/ratis/ratis-proto/2.4.2-8b8bdda-SNAPSHOT/ratis-proto-2.4.2-8b8bdda-SNAPSHOT.jar:/home/runner/.m2/repository/org/apache/ratis/ratis-common/2.4.2-8b8bdda-SNAPSHOT/ratis-common-2.4.2-8b8bdda-SNAPSHOT.jar:/home/runner/.m2/repository/org/apache/ratis/ratis-client/2.4.2-8b8bdda-SNAPSHOT/ratis-client-2.4.2-8b8bdda-SNAPSHOT.jar:/home/runner/.m2/repository/org/apache/ratis/ratis-server-api/2.4.2-8b8bdda-SNAPSHOT/ratis-server-api-2.4.2-8b8bdda-SNAPSHOT.jar:/home/runner/.m2/repository/org/apache/ratis/ratis-metrics/2.4.2-8b8bdda-SNAPSHOT/ratis-metrics-2.4.2-8b8bdda-SNAPSHOT.jar:/home/runner/.m2/repository/io/prometheus/simpleclient_dropwizard/0.7.0/simpleclient_dropwizard-0.7.0.jar:/home/runner/.m2/repository/io/prometheus/simpleclient/0.7.0/simpleclient-0.7.0.jar:/home/runner/.m2/repository/io/prometheus/simpleclient_common/0.7.0/simpleclient_common-0.7.0.jar:/home/runner/.m2/repository/com/fasterxml/jackson/datatype/jackson-datatype-jsr310/2.13.4/jackson-datatype-jsr310-2.13.4.jar:/home/runner/.m2/repository/com/fasterxml/jackson/core/jackson-core/2.13.4/jackson-core-2.13.4.jar:/home/runner/.m2/repository/com/github/spotbugs/spotbugs-annotations/3.1.12/spotbugs-annotations-3.1.12.jar:/home/runner/.m2/repository/org/apache/ozone/rocksdb-checkpoint-differ/1.4.0-SNAPSHOT/rocksdb-checkpoint-differ-1.4.0-SNAPSHOT.jar:/home/runner/.m2/repository/org/awaitility/awaitility/4.2.0/awaitility-4.2.0.jar:/home/runner/.m2/repository/org/hamcrest/hamcrest/2.1/hamcrest-2.1.jar:/home/runner/.m2/repository/org/apache/ozone/ozone-manager/1.4.0-SNAPSHOT/ozone-manager-1.4.0-SNAPSHOT.jar:/home/runner/.m2/repository/org/aspectj/aspectjrt/1.9.7/aspectjrt-1.9.7.jar:/home/runner/.m2/repository/org/aspectj/aspectjweaver/1.9.7/aspectjweaver-1.9.7.jar:/home/runner/.m2/repository/org/apache/ozone/hdds-interface-client/1.4.0-SNAPSHOT/hdds-interface-client-1.4.0-SNAPSHOT.jar:/home/runner/.m2/repository/org/apache/hadoop/thirdparty/hadoop-shaded-protobuf_3_7/1.1.1/hadoop-shaded-protobuf_3_7-1.1.1.jar:/home/runner/.m2/repository/org/apache/ozone/ozone-interface-storage/1.4.0-SNAPSHOT/ozone-interface-storage-1.4.0-SNAPSHOT.jar:/home/runner/.m2/repository/org/reflections/reflections/0.9.11/reflections-0.9.11.jar:/home/runner/.m2/repository/com/sun/jersey/jersey-client/1.19/jersey-client-1.19.jar:/home/runner/.m2/repository/org/apache/ranger/ranger-intg/2.3.0/ranger-intg-2.3.0.jar:/home/runner/.m2/repository/org/apache/ranger/ranger-plugins-common/2.3.0/ranger-plugins-common-2.3.0.jar:/home/runner/.m2/repository/commons-lang/commons-lang/2.6/commons-lang-2.6.jar:/home/runner/.m2/repository/org/apache/ranger/ranger-plugins-cred/2.3.0/ranger-plugins-cred-2.3.0.jar:/home/runner/.m2/repository/org/apache/ranger/ranger-plugins-audit/2.3.0/ranger-plugins-audit-2.3.0.jar:/home/runner/.m2/repository/org/eclipse/jetty/jetty-client/9.4.49.v20220914/jetty-client-9.4.49.v20220914.jar:/home/runner/.m2/repository/org/apache/httpcomponents/httpmime/4.5.6/httpmime-4.5.6.jar:/home/runner/.m2/repository/org/apache/httpcomponents/httpcore-nio/4.4.13/httpcore-nio-4.4.13.jar:/home/runner/.m2/repository/org/apache/httpcomponents/httpasyncclient/4.1.3/httpasyncclient-4.1.3.jar:/home/runner/.m2/repository/com/carrotsearch/hppc/0.8.0/hppc-0.8.0.jar:/home/runner/.m2/repository/org/apache/orc/orc-core/1.5.8/orc-core-1.5.8.jar:/home/runner/.m2/repository/net/java/dev/jna/jna/5.2.0/jna-5.2.0.jar:/home/runner/.m2/repository/net/java/dev/jna/jna-platform/5.2.0/jna-platform-5.2.0.jar:/home/runner/.m2/repository/com/kstruct/gethostname4j/0.0.2/gethostname4j-0.0.2.jar:/home/runner/.m2/repository/org/apache/ranger/ranger-plugin-classloader/2.3.0/ranger-plugin-classloader-2.3.0.jar:/home/runner/.m2/repository/org/apache/hadoop/hadoop-minikdc/3.3.4/hadoop-minikdc-3.3.4.jar:/home/runner/.m2/repository/org/apache/kerby/kerb-simplekdc/1.0.1/kerb-simplekdc-1.0.1.jar:/home/runner/.m2/repository/org/apache/kerby/kerb-client/1.0.1/kerb-client-1.0.1.jar:/home/runner/.m2/repository/org/apache/kerby/kerby-config/1.0.1/kerby-config-1.0.1.jar:/home/runner/.m2/repository/org/apache/kerby/kerb-common/1.0.1/kerb-common-1.0.1.jar:/home/runner/.m2/repository/org/apache/kerby/kerb-crypto/1.0.1/kerb-crypto-1.0.1.jar:/home/runner/.m2/repository/org/apache/kerby/kerb-util/1.0.1/kerb-util-1.0.1.jar:/home/runner/.m2/repository/org/apache/kerby/token-provider/1.0.1/token-provider-1.0.1.jar:/home/runner/.m2/repository/org/apache/kerby/kerb-admin/1.0.1/kerb-admin-1.0.1.jar:/home/runner/.m2/repository/org/apache/kerby/kerb-server/1.0.1/kerb-server-1.0.1.jar:/home/runner/.m2/repository/org/apache/kerby/kerb-identity/1.0.1/kerb-identity-1.0.1.jar:/home/runner/.m2/repository/org/apache/kerby/kerby-xdr/1.0.1/kerby-xdr-1.0.1.jar:/home/runner/.m2/repository/org/apache/ozone/ozone-s3gateway/1.4.0-SNAPSHOT/ozone-s3gateway-1.4.0-SNAPSHOT.jar:/home/runner/.m2/repository/org/javassist/javassist/3.21.0-GA/javassist-3.21.0-GA.jar:/home/runner/.m2/repository/org/jboss/weld/servlet/weld-servlet-shaded/3.1.9.Final/weld-servlet-shaded-3.1.9.Final.jar:/home/runner/.m2/repository/org/glassfish/jersey/containers/jersey-container-servlet-core/2.34/jersey-container-servlet-core-2.34.jar:/home/runner/.m2/repository/org/glassfish/hk2/external/jakarta.inject/2.6.1/jakarta.inject-2.6.1.jar:/home/runner/.m2/repository/org/glassfish/jersey/core/jersey-common/2.34/jersey-common-2.34.jar:/home/runner/.m2/repository/jakarta/ws/rs/jakarta.ws.rs-api/2.1.6/jakarta.ws.rs-api-2.1.6.jar:/home/runner/.m2/repository/org/glassfish/jersey/ext/cdi/jersey-cdi1x/2.34/jersey-cdi1x-2.34.jar:/home/runner/.m2/repository/org/glassfish/jersey/inject/jersey-hk2/2.34/jersey-hk2-2.34.jar:/home/runner/.m2/repository/org/glassfish/hk2/hk2-locator/2.6.1/hk2-locator-2.6.1.jar:/home/runner/.m2/repository/org/glassfish/jersey/media/jersey-media-jaxb/2.34/jersey-media-jaxb-2.34.jar:/home/runner/.m2/repository/org/glassfish/hk2/osgi-resource-locator/1.0.3/osgi-resource-locator-1.0.3.jar:/home/runner/.m2/repository/org/glassfish/hk2/hk2-api/2.5.0/hk2-api-2.5.0.jar:/home/runner/.m2/repository/org/glassfish/hk2/hk2-utils/2.5.0/hk2-utils-2.5.0.jar:/home/runner/.m2/repository/org/glassfish/hk2/external/aopalliance-repackaged/2.5.0/aopalliance-repackaged-2.5.0.jar:/home/runner/.m2/repository/com/fasterxml/jackson/dataformat/jackson-dataformat-xml/2.13.4/jackson-dataformat-xml-2.13.4.jar:/home/runner/.m2/repository/org/codehaus/woodstox/stax2-api/4.2.1/stax2-api-4.2.1.jar:/home/runner/.m2/repository/com/fasterxml/woodstox/woodstox-core/5.4.0/woodstox-core-5.4.0.jar:/home/runner/.m2/repository/com/fasterxml/jackson/module/jackson-module-jaxb-annotations/2.13.4/jackson-module-jaxb-annotations-2.13.4.jar:/home/runner/.m2/repository/jakarta/xml/bind/jakarta.xml.bind-api/2.3.3/jakarta.xml.bind-api-2.3.3.jar:/home/runner/.m2/repository/jakarta/activation/jakarta.activation-api/1.2.2/jakarta.activation-api-1.2.2.jar:/home/runner/.m2/repository/javax/enterprise/cdi-api/2.0/cdi-api-2.0.jar:/home/runner/.m2/repository/javax/el/javax.el-api/3.0.0/javax.el-api-3.0.0.jar:/home/runner/.m2/repository/javax/interceptor/javax.interceptor-api/1.2/javax.interceptor-api-1.2.jar:/home/runner/.m2/repository/javax/inject/javax.inject/1/javax.inject-1.jar:/home/runner/.m2/repository/javax/xml/bind/jaxb-api/2.3.0/jaxb-api-2.3.0.jar:/home/runner/.m2/repository/org/glassfish/jaxb/jaxb-runtime/2.3.0.1/jaxb-runtime-2.3.0.1.jar:/home/runner/.m2/repository/org/glassfish/jaxb/jaxb-core/2.3.0.1/jaxb-core-2.3.0.1.jar:/home/runner/.m2/repository/org/glassfish/jaxb/txw2/2.3.0.1/txw2-2.3.0.1.jar:/home/runner/.m2/repository/com/sun/istack/istack-commons-runtime/3.0.5/istack-commons-runtime-3.0.5.jar:/home/runner/.m2/repository/org/jvnet/staxex/stax-ex/1.7.8/stax-ex-1.7.8.jar:/home/runner/.m2/repository/com/sun/xml/fastinfoset/FastInfoset/1.2.13/FastInfoset-1.2.13.jar:/home/runner/.m2/repository/javax/activation/activation/1.1.1/activation-1.1.1.jar:/home/runner/.m2/repository/io/grpc/grpc-protobuf/1.51.1/grpc-protobuf-1.51.1.jar:/home/runner/.m2/repository/io/grpc/grpc-api/1.51.1/grpc-api-1.51.1.jar:/home/runner/.m2/repository/io/grpc/grpc-context/1.51.1/grpc-context-1.51.1.jar:/home/runner/.m2/repository/com/google/api/grpc/proto-google-common-protos/2.9.0/proto-google-common-protos-2.9.0.jar:/home/runner/.m2/repository/io/grpc/grpc-protobuf-lite/1.51.1/grpc-protobuf-lite-1.51.1.jar:/home/runner/.m2/repository/io/grpc/grpc-stub/1.51.1/grpc-stub-1.51.1.jar:/home/runner/.m2/repository/io/netty/netty-transport/4.1.86.Final/netty-transport-4.1.86.Final.jar:/home/runner/.m2/repository/io/netty/netty-resolver/4.1.86.Final/netty-resolver-4.1.86.Final.jar:/home/runner/.m2/repository/org/apache/ozone/ozone-csi/1.4.0-SNAPSHOT/ozone-csi-1.4.0-SNAPSHOT.jar:/home/runner/.m2/repository/com/google/protobuf/protobuf-java-util/3.19.6/protobuf-java-util-3.19.6.jar:/home/runner/.m2/repository/com/google/code/gson/gson/2.9.0/gson-2.9.0.jar:/home/runner/.m2/repository/org/apache/ozone/hdds-config/1.4.0-SNAPSHOT/hdds-config-1.4.0-SNAPSHOT.jar:/home/runner/.m2/repository/io/netty/netty-transport-native-epoll/4.1.86.Final/netty-transport-native-epoll-4.1.86.Final-linux-x86_64.jar:/home/runner/.m2/repository/io/netty/netty-transport-classes-epoll/4.1.86.Final/netty-transport-classes-epoll-4.1.86.Final.jar:/home/runner/.m2/repository/io/netty/netty-transport-native-unix-common/4.1.86.Final/netty-transport-native-unix-common-4.1.86.Final.jar:/home/runner/.m2/repository/org/apache/ozone/ozone-recon/1.4.0-SNAPSHOT/ozone-recon-1.4.0-SNAPSHOT.jar:/home/runner/.m2/repository/org/apache/ozone/ozone-reconcodegen/1.4.0-SNAPSHOT/ozone-reconcodegen-1.4.0-SNAPSHOT.jar:/home/runner/.m2/repository/com/google/inject/extensions/guice-multibindings/4.0/guice-multibindings-4.0.jar:/home/runner/.m2/repository/com/google/inject/guice/4.0/guice-4.0.jar:/home/runner/.m2/repository/aopalliance/aopalliance/1.0/aopalliance-1.0.jar:/home/runner/.m2/repository/com/google/inject/extensions/guice-assistedinject/4.0/guice-assistedinject-4.0.jar:/home/runner/.m2/repository/com/google/inject/extensions/guice-servlet/4.0/guice-servlet-4.0.jar:/home/runner/.m2/repository/org/glassfish/jersey/containers/jersey-container-servlet/2.34/jersey-container-servlet-2.34.jar:/home/runner/.m2/repository/org/glassfish/hk2/guice-bridge/2.5.0/guice-bridge-2.5.0.jar:/home/runner/.m2/repository/org/glassfish/jersey/core/jersey-server/2.34/jersey-server-2.34.jar:/home/runner/.m2/repository/org/glassfish/jersey/core/jersey-client/2.34/jersey-client-2.34.jar:/home/runner/.m2/repository/jakarta/annotation/jakarta.annotation-api/1.3.5/jakarta.annotation-api-1.3.5.jar:/home/runner/.m2/repository/jakarta/validation/jakarta.validation-api/2.0.2/jakarta.validation-api-2.0.2.jar:/home/runner/.m2/repository/org/glassfish/jersey/media/jersey-media-json-jackson/2.34/jersey-media-json-jackson-2.34.jar:/home/runner/.m2/repository/org/glassfish/jersey/ext/jersey-entity-filtering/2.34/jersey-entity-filtering-2.34.jar:/home/runner/.m2/repository/org/jooq/jooq/3.11.10/jooq-3.11.10.jar:/home/runner/.m2/repository/org/jooq/jooq-meta/3.11.10/jooq-meta-3.11.10.jar:/home/runner/.m2/repository/org/jooq/jooq-codegen/3.11.10/jooq-codegen-3.11.10.jar:/home/runner/.m2/repository/com/jolbox/bonecp/0.8.0.RELEASE/bonecp-0.8.0.RELEASE.jar:/home/runner/.m2/repository/org/apache/derby/derby/10.14.2.0/derby-10.14.2.0.jar:/home/runner/.m2/repository/org/xerial/sqlite-jdbc/3.25.2/sqlite-jdbc-3.25.2.jar:/home/runner/.m2/repository/org/springframework/spring-jdbc/5.3.23/spring-jdbc-5.3.23.jar:/home/runner/.m2/repository/org/springframework/spring-beans/5.3.23/spring-beans-5.3.23.jar:/home/runner/.m2/repository/org/springframework/spring-core/5.3.23/spring-core-5.3.23.jar:/home/runner/.m2/repository/org/springframework/spring-jcl/5.3.23/spring-jcl-5.3.23.jar:/home/runner/.m2/repository/org/springframework/spring-tx/5.3.23/spring-tx-5.3.23.jar:/home/runner/.m2/repository/org/apache/ozone/ozone-client/1.4.0-SNAPSHOT/ozone-client-1.4.0-SNAPSHOT.jar:/home/runner/.m2/repository/org/apache/ozone/hdds-erasurecode/1.4.0-SNAPSHOT/hdds-erasurecode-1.4.0-SNAPSHOT.jar:/home/runner/.m2/repository/org/apache/ozone/ozone-filesystem/1.4.0-SNAPSHOT/ozone-filesystem-1.4.0-SNAPSHOT.jar:/home/runner/.m2/repository/org/apache/ozone/ozone-filesystem-common/1.4.0-SNAPSHOT/ozone-filesystem-common-1.4.0-SNAPSHOT.jar:/home/runner/.m2/repository/org/apache/ozone/ozone-tools/1.4.0-SNAPSHOT/ozone-tools-1.4.0-SNAPSHOT.jar:/home/runner/.m2/repository/com/amazonaws/aws-java-sdk-core/1.12.261/aws-java-sdk-core-1.12.261.jar:/home/runner/.m2/repository/org/apache/httpcomponents/httpclient/4.5.13/httpclient-4.5.13.jar:/home/runner/.m2/repository/org/apache/httpcomponents/httpcore/4.4.13/httpcore-4.4.13.jar:/home/runner/.m2/repository/software/amazon/ion/ion-java/1.0.2/ion-java-1.0.2.jar:/home/runner/.m2/repository/com/fasterxml/jackson/dataformat/jackson-dataformat-cbor/2.13.4/jackson-dataformat-cbor-2.13.4.jar:/home/runner/.m2/repository/joda-time/joda-time/2.10.6/joda-time-2.10.6.jar:/home/runner/.m2/repository/com/amazonaws/aws-java-sdk-s3/1.12.261/aws-java-sdk-s3-1.12.261.jar:/home/runner/.m2/repository/com/amazonaws/aws-java-sdk-kms/1.12.261/aws-java-sdk-kms-1.12.261.jar:/home/runner/.m2/repository/com/amazonaws/jmespath-java/1.12.261/jmespath-java-1.12.261.jar:/home/runner/.m2/repository/org/kohsuke/metainf-services/metainf-services/1.8/metainf-services-1.8.jar:/home/runner/.m2/repository/org/apache/ozone/hdds-tools/1.4.0-SNAPSHOT/hdds-tools-1.4.0-SNAPSHOT.jar:/home/runner/.m2/repository/org/apache/ratis/ratis-tools/2.4.2-8b8bdda-SNAPSHOT/ratis-tools-2.4.2-8b8bdda-SNAPSHOT.jar:/home/runner/.m2/repository/commons-cli/commons-cli/1.2/commons-cli-1.2.jar:/home/runner/.m2/repository/org/apache/commons/commons-lang3/3.7/commons-lang3-3.7.jar:/home/runner/.m2/repository/org/apache/ozone/ozone-manager/1.4.0-SNAPSHOT/ozone-manager-1.4.0-SNAPSHOT-tests.jar:/home/runner/.m2/repository/org/apache/ozone/hdds-common/1.4.0-SNAPSHOT/hdds-common-1.4.0-SNAPSHOT-tests.jar:/home/runner/.m2/repository/org/apache/ozone/hdds-hadoop-dependency-client/1.4.0-SNAPSHOT/hdds-hadoop-dependency-client-1.4.0-SNAPSHOT.jar:/home/runner/.m2/repository/info/picocli/picocli/4.6.1/picocli-4.6.1.jar:/home/runner/.m2/repository/com/fasterxml/jackson/core/jackson-annotations/2.13.4/jackson-annotations-2.13.4.jar:/home/runner/.m2/repository/org/apache/ozone/hdds-annotation-processing/1.4.0-SNAPSHOT/hdds-annotation-processing-1.4.0-SNAPSHOT.jar:/home/runner/.m2/repository/javax/annotation/javax.annotation-api/1.2/javax.annotation-api-1.2.jar:/home/runner/.m2/repository/org/apache/ratis/ratis-netty/2.4.2-8b8bdda-SNAPSHOT/ratis-netty-2.4.2-8b8bdda-SNAPSHOT.jar:/home/runner/.m2/repository/org/apache/ratis/ratis-grpc/2.4.2-8b8bdda-SNAPSHOT/ratis-grpc-2.4.2-8b8bdda-SNAPSHOT.jar:/home/runner/.m2/repository/org/apache/logging/log4j/log4j-api/2.17.1/log4j-api-2.17.1.jar:/home/runner/.m2/repository/org/apache/commons/commons-pool2/2.6.0/commons-pool2-2.6.0.jar:/home/runner/.m2/repository/org/bouncycastle/bcpkix-jdk15on/1.67/bcpkix-jdk15on-1.67.jar:/home/runner/.m2/repository/commons-validator/commons-validator/1.6/commons-validator-1.6.jar:/home/runner/.m2/repository/commons-beanutils/commons-beanutils/1.9.4/commons-beanutils-1.9.4.jar:/home/runner/.m2/repository/commons-digester/commons-digester/1.8.1/commons-digester-1.8.1.jar:/home/runner/.m2/repository/commons-collections/commons-collections/3.2.2/commons-collections-3.2.2.jar:/home/runner/.m2/repository/io/jaegertracing/jaeger-client/1.6.0/jaeger-client-1.6.0.jar:/home/runner/.m2/repository/io/jaegertracing/jaeger-thrift/1.6.0/jaeger-thrift-1.6.0.jar:/home/runner/.m2/repository/org/apache/thrift/libthrift/0.14.1/libthrift-0.14.1.jar:/home/runner/.m2/repository/io/jaegertracing/jaeger-core/1.6.0/jaeger-core-1.6.0.jar:/home/runner/.m2/repository/io/jaegertracing/jaeger-tracerresolver/1.6.0/jaeger-tracerresolver-1.6.0.jar:/home/runner/.m2/repository/io/opentracing/contrib/opentracing-tracerresolver/0.1.8/opentracing-tracerresolver-0.1.8.jar:/home/runner/.m2/repository/org/jetbrains/kotlin/kotlin-stdlib/1.6.21/kotlin-stdlib-1.6.21.jar:/home/runner/.m2/repository/org/jetbrains/annotations/13.0/annotations-13.0.jar:/home/runner/.m2/repository/io/opentracing/opentracing-util/0.33.0/opentracing-util-0.33.0.jar:/home/runner/.m2/repository/io/opentracing/opentracing-api/0.33.0/opentracing-api-0.33.0.jar:/home/runner/.m2/repository/io/opentracing/opentracing-noop/0.33.0/opentracing-noop-0.33.0.jar:/home/runner/.m2/repository/org/yaml/snakeyaml/2.0/snakeyaml-2.0.jar:/home/runner/.m2/repository/junit/junit/4.13.1/junit-4.13.1.jar:/home/runner/.m2/repository/org/hamcrest/hamcrest-core/1.3/hamcrest-core-1.3.jar:/home/runner/.m2/repository/org/junit/jupiter/junit-jupiter-api/5.8.2/junit-jupiter-api-5.8.2.jar:/home/runner/.m2/repository/org/opentest4j/opentest4j/1.2.0/opentest4j-1.2.0.jar:/home/runner/.m2/repository/org/junit/platform/junit-platform-commons/1.8.2/junit-platform-commons-1.8.2.jar:/home/runner/.m2/repository/org/apiguardian/apiguardian-api/1.1.2/apiguardian-api-1.1.2.jar:/home/runner/.m2/repository/org/junit/jupiter/junit-jupiter-params/5.8.2/junit-jupiter-params-5.8.2.jar:/home/runner/.m2/repository/org/junit/jupiter/junit-jupiter-migrationsupport/5.8.2/junit-jupiter-migrationsupport-5.8.2.jar:/home/runner/.m2/repository/org/junit/jupiter/junit-jupiter-engine/5.8.2/junit-jupiter-engine-5.8.2.jar:/home/runner/.m2/repository/org/junit/platform/junit-platform-engine/1.8.2/junit-platform-engine-1.8.2.jar:/home/runner/.m2/repository/org/junit/vintage/junit-vintage-engine/5.8.2/junit-vintage-engine-5.8.2.jar:/home/runner/.m2/repository/org/junit/platform/junit-platform-launcher/1.8.2/junit-platform-launcher-1.8.2.jar:/home/runner/.m2/repository/org/mockito/mockito-core/2.28.2/mockito-core-2.28.2.jar:/home/runner/.m2/repository/net/bytebuddy/byte-buddy/1.9.10/byte-buddy-1.9.10.jar:/home/runner/.m2/repository/net/bytebuddy/byte-buddy-agent/1.9.10/byte-buddy-agent-1.9.10.jar:/home/runner/.m2/repository/org/objenesis/objenesis/1.0/objenesis-1.0.jar:/home/runner/.m2/repository/org/apache/hadoop/hadoop-kms/3.3.4/hadoop-kms-3.3.4.jar:/home/runner/.m2/repository/org/apache/hadoop/hadoop-auth/3.3.4/hadoop-auth-3.3.4.jar:/home/runner/.m2/repository/com/nimbusds/nimbus-jose-jwt/9.8.1/nimbus-jose-jwt-9.8.1.jar:/home/runner/.m2/repository/com/github/stephenc/jcip/jcip-annotations/1.0-1/jcip-annotations-1.0-1.jar:/home/runner/.m2/repository/net/minidev/json-smart/2.4.7/json-smart-2.4.7.jar:/home/runner/.m2/repository/net/minidev/accessors-smart/2.4.7/accessors-smart-2.4.7.jar:/home/runner/.m2/repository/org/ow2/asm/asm/5.0.4/asm-5.0.4.jar:/home/runner/.m2/repository/org/apache/zookeeper/zookeeper/3.5.6/zookeeper-3.5.6.jar:/home/runner/.m2/repository/org/apache/zookeeper/zookeeper-jute/3.5.6/zookeeper-jute-3.5.6.jar:/home/runner/.m2/repository/org/apache/yetus/audience-annotations/0.5.0/audience-annotations-0.5.0.jar:/home/runner/.m2/repository/org/apache/curator/curator-framework/4.2.0/curator-framework-4.2.0.jar:/home/runner/.m2/repository/org/apache/hadoop/thirdparty/hadoop-shaded-guava/1.1.1/hadoop-shaded-guava-1.1.1.jar:/home/runner/.m2/repository/com/sun/jersey/jersey-core/1.19/jersey-core-1.19.jar:/home/runner/.m2/repository/javax/ws/rs/jsr311-api/1.1.1/jsr311-api-1.1.1.jar:/home/runner/.m2/repository/com/sun/jersey/jersey-server/1.19/jersey-server-1.19.jar:/home/runner/.m2/repository/javax/servlet/javax.servlet-api/3.1.0/javax.servlet-api-3.1.0.jar:/home/runner/.m2/repository/org/apache/hadoop/hadoop-common/3.3.4/hadoop-common-3.3.4.jar:/home/runner/.m2/repository/org/apache/commons/commons-math3/3.1.1/commons-math3-3.1.1.jar:/home/runner/.m2/repository/commons-net/commons-net/3.9.0/commons-net-3.9.0.jar:/home/runner/.m2/repository/com/sun/jersey/jersey-servlet/1.19/jersey-servlet-1.19.jar:/home/runner/.m2/repository/com/sun/jersey/jersey-json/1.19/jersey-json-1.19.jar:/home/runner/.m2/repository/org/codehaus/jettison/jettison/1.1/jettison-1.1.jar:/home/runner/.m2/repository/com/sun/xml/bind/jaxb-impl/2.2.3-1/jaxb-impl-2.2.3-1.jar:/home/runner/.m2/repository/org/codehaus/jackson/jackson-jaxrs/1.9.2/jackson-jaxrs-1.9.2.jar:/home/runner/.m2/repository/org/codehaus/jackson/jackson-xc/1.9.2/jackson-xc-1.9.2.jar:/home/runner/.m2/repository/com/google/re2j/re2j/1.1/re2j-1.1.jar:/home/runner/.m2/repository/com/jcraft/jsch/0.1.54/jsch-0.1.54.jar:/home/runner/.m2/repository/org/apache/curator/curator-client/4.2.0/curator-client-4.2.0.jar:/home/runner/.m2/repository/org/apache/curator/curator-recipes/4.2.0/curator-recipes-4.2.0.jar:/home/runner/.m2/repository/org/apache/kerby/kerb-core/1.0.1/kerb-core-1.0.1.jar:/home/runner/.m2/repository/org/apache/kerby/kerby-pkix/1.0.1/kerby-pkix-1.0.1.jar:/home/runner/.m2/repository/org/apache/kerby/kerby-asn1/1.0.1/kerby-asn1-1.0.1.jar:/home/runner/.m2/repository/org/apache/kerby/kerby-util/1.0.1/kerby-util-1.0.1.jar:/home/runner/.m2/repository/dnsjava/dnsjava/2.1.7/dnsjava-2.1.7.jar:/home/runner/.m2/repository/org/xerial/snappy/snappy-java/1.1.8.2/snappy-java-1.1.8.2.jar:/home/runner/.m2/repository/com/fasterxml/jackson/core/jackson-databind/2.13.4.2/jackson-databind-2.13.4.2.jar:/home/runner/.m2/repository/org/apache/hadoop/hadoop-kms/3.3.4/hadoop-kms-3.3.4-tests.jar:/home/runner/.m2/repository/org/apache/ozone/hdds-server-scm/1.4.0-SNAPSHOT/hdds-server-scm-1.4.0-SNAPSHOT-tests.jar:/home/runner/.m2/repository/org/apache/ozone/hdds-container-service/1.4.0-SNAPSHOT/hdds-container-service-1.4.0-SNAPSHOT-tests.jar:/home/runner/.m2/repository/com/github/luben/zstd-jni/1.5.2-5/zstd-jni-1.5.2-5.jar:/home/runner/.m2/repository/commons-codec/commons-codec/1.15/commons-codec-1.15.jar:/home/runner/.m2/repository/io/netty/netty-codec/4.1.86.Final/netty-codec-4.1.86.Final.jar:/home/runner/.m2/repository/io/netty/netty-handler/4.1.86.Final/netty-handler-4.1.86.Final.jar:/home/runner/.m2/repository/org/apache/ozone/hdds-hadoop-dependency-test/1.4.0-SNAPSHOT/hdds-hadoop-dependency-test-1.4.0-SNAPSHOT.jar:/home/runner/.m2/repository/org/apache/hadoop/hadoop-common/3.3.4/hadoop-common-3.3.4-tests.jar:/home/runner/.m2/repository/org/apache/hadoop/hadoop-hdfs/3.3.4/hadoop-hdfs-3.3.4-tests.jar:/home/runner/.m2/repository/org/assertj/assertj-core/3.12.2/assertj-core-3.12.2.jar:/home/runner/.m2/repository/org/apache/hadoop/hadoop-distcp/3.3.4/hadoop-distcp-3.3.4.jar:/home/runner/.m2/repository/org/apache/hadoop/hadoop-mapreduce-client-jobclient/3.3.4/hadoop-mapreduce-client-jobclient-3.3.4.jar:/home/runner/.m2/repository/org/apache/hadoop/hadoop-mapreduce-client-common/3.3.4/hadoop-mapreduce-client-common-3.3.4.jar:/home/runner/.m2/repository/org/apache/hadoop/hadoop-yarn-common/3.3.4/hadoop-yarn-common-3.3.4.jar:/home/runner/.m2/repository/org/apache/hadoop/hadoop-yarn-api/3.3.4/hadoop-yarn-api-3.3.4.jar:/home/runner/.m2/repository/com/sun/jersey/contribs/jersey-guice/1.19/jersey-guice-1.19.jar:/home/runner/.m2/repository/com/fasterxml/jackson/jaxrs/jackson-jaxrs-json-provider/2.13.4/jackson-jaxrs-json-provider-2.13.4.jar:/home/runner/.m2/repository/com/fasterxml/jackson/jaxrs/jackson-jaxrs-base/2.13.4/jackson-jaxrs-base-2.13.4.jar:/home/runner/.m2/repository/org/apache/hadoop/hadoop-yarn-client/3.3.4/hadoop-yarn-client-3.3.4.jar:/home/runner/.m2/repository/org/eclipse/jetty/websocket/websocket-client/9.4.43.v20210629/websocket-client-9.4.43.v20210629.jar:/home/runner/.m2/repository/org/eclipse/jetty/websocket/websocket-common/9.4.43.v20210629/websocket-common-9.4.43.v20210629.jar:/home/runner/.m2/repository/org/eclipse/jetty/websocket/websocket-api/9.4.43.v20210629/websocket-api-9.4.43.v20210629.jar:/home/runner/.m2/repository/org/jline/jline/3.9.0/jline-3.9.0.jar:/home/runner/.m2/repository/org/apache/hadoop/hadoop-mapreduce-client-core/3.3.4/hadoop-mapreduce-client-core-3.3.4.jar:/home/runner/.m2/repository/org/apache/avro/avro/1.7.7/avro-1.7.7.jar:/home/runner/.m2/repository/org/codehaus/jackson/jackson-core-asl/1.9.13/jackson-core-asl-1.9.13.jar:/home/runner/.m2/repository/org/codehaus/jackson/jackson-mapper-asl/1.9.13/jackson-mapper-asl-1.9.13.jar:/home/runner/.m2/repository/com/thoughtworks/paranamer/paranamer/2.3/paranamer-2.3.jar:/home/runner/.m2/repository/org/apache/hadoop/hadoop-annotations/3.3.4/hadoop-annotations-3.3.4.jar:/usr/lib/jvm/temurin-8-jdk-amd64/jre/../lib/tools.jar:/home/runner/.m2/repository/io/netty/netty/3.10.6.Final/netty-3.10.6.Final.jar:/home/runner/.m2/repository/org/apache/hadoop/hadoop-distcp/3.3.4/hadoop-distcp-3.3.4-tests.jar:/home/runner/.m2/repository/org/slf4j/jul-to-slf4j/1.7.36/jul-to-slf4j-1.7.36.jar:"/>
    <property name="java.vm.vendor" value="Temurin"/>
    <property name="sun.arch.data.model" value="64"/>
    <property name="test.build.dir" value="/home/runner/work/ozone/ozone/hadoop-ozone/integration-test/target/test-dir"/>
    <property name="test.cache.data" value=""/>
    <property name="java.vendor.url" value="https://adoptium.net/"/>
    <property name="user.timezone" value="Etc/UTC"/>
    <property name="java.vm.specification.version" value="1.8"/>
    <property name="os.name" value="Linux"/>
    <property name="test.build.data" value="/home/runner/work/ozone/ozone/hadoop-ozone/integration-test/target/test-dir"/>
    <property name="sun.java.launcher" value="SUN_STANDARD"/>
    <property name="sun.boot.library.path" value="/usr/lib/jvm/temurin-8-jdk-amd64/jre/lib/amd64"/>
    <property name="sun.java.command" value="/home/runner/work/ozone/ozone/hadoop-ozone/integration-test/target/surefire/surefirebooter7441309299378114918.jar /home/runner/work/ozone/ozone/hadoop-ozone/integration-test/target/surefire 2023-03-23T08-00-00_364-jvmRun1 surefire4690791322029658699tmp surefire_76373272617306219429tmp"/>
    <property name="surefire.test.class.path" value="/home/runner/work/ozone/ozone/hadoop-ozone/integration-test/target/test-classes:/home/runner/work/ozone/ozone/hadoop-ozone/integration-test/target/classes:/home/runner/.m2/repository/org/apache/ozone/ozone-common/1.4.0-SNAPSHOT/ozone-common-1.4.0-SNAPSHOT.jar:/home/runner/.m2/repository/io/grpc/grpc-netty/1.51.1/grpc-netty-1.51.1.jar:/home/runner/.m2/repository/io/grpc/grpc-core/1.51.1/grpc-core-1.51.1.jar:/home/runner/.m2/repository/com/google/android/annotations/4.1.1.4/annotations-4.1.1.4.jar:/home/runner/.m2/repository/org/codehaus/mojo/animal-sniffer-annotations/1.21/animal-sniffer-annotations-1.21.jar:/home/runner/.m2/repository/com/google/errorprone/error_prone_annotations/2.2.0/error_prone_annotations-2.2.0.jar:/home/runner/.m2/repository/io/perfmark/perfmark-api/0.25.0/perfmark-api-0.25.0.jar:/home/runner/.m2/repository/io/netty/netty-codec-http2/4.1.86.Final/netty-codec-http2-4.1.86.Final.jar:/home/runner/.m2/repository/io/netty/netty-common/4.1.86.Final/netty-common-4.1.86.Final.jar:/home/runner/.m2/repository/io/netty/netty-buffer/4.1.86.Final/netty-buffer-4.1.86.Final.jar:/home/runner/.m2/repository/io/netty/netty-codec-http/4.1.86.Final/netty-codec-http-4.1.86.Final.jar:/home/runner/.m2/repository/io/netty/netty-handler-proxy/4.1.86.Final/netty-handler-proxy-4.1.86.Final.jar:/home/runner/.m2/repository/io/netty/netty-codec-socks/4.1.86.Final/netty-codec-socks-4.1.86.Final.jar:/home/runner/.m2/repository/io/netty/netty-tcnative-boringssl-static/2.0.54.Final/netty-tcnative-boringssl-static-2.0.54.Final.jar:/home/runner/.m2/repository/io/netty/netty-tcnative-classes/2.0.54.Final/netty-tcnative-classes-2.0.54.Final.jar:/home/runner/.m2/repository/io/netty/netty-tcnative-boringssl-static/2.0.54.Final/netty-tcnative-boringssl-static-2.0.54.Final-linux-x86_64.jar:/home/runner/.m2/repository/io/netty/netty-tcnative-boringssl-static/2.0.54.Final/netty-tcnative-boringssl-static-2.0.54.Final-linux-aarch_64.jar:/home/runner/.m2/repository/io/netty/netty-tcnative-boringssl-static/2.0.54.Final/netty-tcnative-boringssl-static-2.0.54.Final-osx-x86_64.jar:/home/runner/.m2/repository/io/netty/netty-tcnative-boringssl-static/2.0.54.Final/netty-tcnative-boringssl-static-2.0.54.Final-osx-aarch_64.jar:/home/runner/.m2/repository/io/netty/netty-tcnative-boringssl-static/2.0.54.Final/netty-tcnative-boringssl-static-2.0.54.Final-windows-x86_64.jar:/home/runner/.m2/repository/org/apache/commons/commons-compress/1.21/commons-compress-1.21.jar:/home/runner/.m2/repository/org/apache/ozone/hdds-common/1.4.0-SNAPSHOT/hdds-common-1.4.0-SNAPSHOT.jar:/home/runner/.m2/repository/org/apache/ozone/hdds-client/1.4.0-SNAPSHOT/hdds-client-1.4.0-SNAPSHOT.jar:/home/runner/.m2/repository/org/apache/ozone/ozone-interface-client/1.4.0-SNAPSHOT/ozone-interface-client-1.4.0-SNAPSHOT.jar:/home/runner/.m2/repository/org/apache/ozone/hdds-test-utils/1.4.0-SNAPSHOT/hdds-test-utils-1.4.0-SNAPSHOT.jar:/home/runner/.m2/repository/com/google/guava/guava/31.1-jre/guava-31.1-jre.jar:/home/runner/.m2/repository/com/google/guava/failureaccess/1.0.1/failureaccess-1.0.1.jar:/home/runner/.m2/repository/com/google/guava/listenablefuture/9999.0-empty-to-avoid-conflict-with-guava/listenablefuture-9999.0-empty-to-avoid-conflict-with-guava.jar:/home/runner/.m2/repository/com/google/code/findbugs/jsr305/3.0.0/jsr305-3.0.0.jar:/home/runner/.m2/repository/org/checkerframework/checker-qual/3.12.0/checker-qual-3.12.0.jar:/home/runner/.m2/repository/com/google/j2objc/j2objc-annotations/1.3/j2objc-annotations-1.3.jar:/home/runner/.m2/repository/commons-io/commons-io/2.11.0/commons-io-2.11.0.jar:/home/runner/.m2/repository/commons-logging/commons-logging/1.2/commons-logging-1.2.jar:/home/runner/.m2/repository/ch/qos/reload4j/reload4j/1.2.22/reload4j-1.2.22.jar:/home/runner/.m2/repository/org/slf4j/slf4j-api/1.7.36/slf4j-api-1.7.36.jar:/home/runner/.m2/repository/org/apache/ozone/hdds-server-scm/1.4.0-SNAPSHOT/hdds-server-scm-1.4.0-SNAPSHOT.jar:/home/runner/.m2/repository/org/apache/ozone/hdds-container-service/1.4.0-SNAPSHOT/hdds-container-service-1.4.0-SNAPSHOT.jar:/home/runner/.m2/repository/org/apache/ozone/hdds-hadoop-dependency-server/1.4.0-SNAPSHOT/hdds-hadoop-dependency-server-1.4.0-SNAPSHOT.jar:/home/runner/.m2/repository/org/apache/hadoop/hadoop-hdfs/3.3.4/hadoop-hdfs-3.3.4.jar:/home/runner/.m2/repository/commons-daemon/commons-daemon/1.0.13/commons-daemon-1.0.13.jar:/home/runner/.m2/repository/org/apache/ozone/hdds-server-framework/1.4.0-SNAPSHOT/hdds-server-framework-1.4.0-SNAPSHOT.jar:/home/runner/.m2/repository/io/dropwizard/metrics/metrics-core/3.2.4/metrics-core-3.2.4.jar:/home/runner/.m2/repository/org/apache/commons/commons-text/1.4/commons-text-1.4.jar:/home/runner/.m2/repository/org/apache/hadoop/hadoop-hdfs-client/3.3.4/hadoop-hdfs-client-3.3.4.jar:/home/runner/.m2/repository/com/squareup/okhttp3/okhttp/4.9.3/okhttp-4.9.3.jar:/home/runner/.m2/repository/com/squareup/okio/okio/2.8.0/okio-2.8.0.jar:/home/runner/.m2/repository/org/jetbrains/kotlin/kotlin-stdlib-common/1.6.21/kotlin-stdlib-common-1.6.21.jar:/home/runner/.m2/repository/org/bouncycastle/bcprov-jdk15on/1.67/bcprov-jdk15on-1.67.jar:/home/runner/.m2/repository/com/google/protobuf/protobuf-java/2.5.0/protobuf-java-2.5.0.jar:/home/runner/.m2/repository/org/apache/ozone/hdds-server-framework/1.4.0-SNAPSHOT/hdds-server-framework-1.4.0-SNAPSHOT-tests.jar:/home/runner/.m2/repository/org/apache/ozone/hdds-interface-server/1.4.0-SNAPSHOT/hdds-interface-server-1.4.0-SNAPSHOT.jar:/home/runner/.m2/repository/org/apache/ozone/hdds-interface-admin/1.4.0-SNAPSHOT/hdds-interface-admin-1.4.0-SNAPSHOT.jar:/home/runner/.m2/repository/org/apache/ozone/hdds-managed-rocksdb/1.4.0-SNAPSHOT/hdds-managed-rocksdb-1.4.0-SNAPSHOT.jar:/home/runner/.m2/repository/org/rocksdb/rocksdbjni/7.7.3/rocksdbjni-7.7.3.jar:/home/runner/.m2/repository/org/slf4j/slf4j-reload4j/1.7.36/slf4j-reload4j-1.7.36.jar:/home/runner/.m2/repository/org/apache/commons/commons-configuration2/2.1.1/commons-configuration2-2.1.1.jar:/home/runner/.m2/repository/org/apache/logging/log4j/log4j-core/2.17.1/log4j-core-2.17.1.jar:/home/runner/.m2/repository/com/lmax/disruptor/3.4.2/disruptor-3.4.2.jar:/home/runner/.m2/repository/org/eclipse/jetty/jetty-util/9.4.49.v20220914/jetty-util-9.4.49.v20220914.jar:/home/runner/.m2/repository/org/eclipse/jetty/jetty-server/9.4.49.v20220914/jetty-server-9.4.49.v20220914.jar:/home/runner/.m2/repository/org/eclipse/jetty/jetty-http/9.4.49.v20220914/jetty-http-9.4.49.v20220914.jar:/home/runner/.m2/repository/org/eclipse/jetty/jetty-io/9.4.49.v20220914/jetty-io-9.4.49.v20220914.jar:/home/runner/.m2/repository/org/eclipse/jetty/jetty-servlet/9.4.49.v20220914/jetty-servlet-9.4.49.v20220914.jar:/home/runner/.m2/repository/org/eclipse/jetty/jetty-security/9.4.49.v20220914/jetty-security-9.4.49.v20220914.jar:/home/runner/.m2/repository/org/eclipse/jetty/jetty-util-ajax/9.4.49.v20220914/jetty-util-ajax-9.4.49.v20220914.jar:/home/runner/.m2/repository/org/eclipse/jetty/jetty-webapp/9.4.49.v20220914/jetty-webapp-9.4.49.v20220914.jar:/home/runner/.m2/repository/org/eclipse/jetty/jetty-xml/9.4.49.v20220914/jetty-xml-9.4.49.v20220914.jar:/home/runner/.m2/repository/org/apache/ratis/ratis-server/2.4.2-8b8bdda-SNAPSHOT/ratis-server-2.4.2-8b8bdda-SNAPSHOT.jar:/home/runner/.m2/repository/org/apache/ratis/ratis-thirdparty-misc/1.0.3/ratis-thirdparty-misc-1.0.3.jar:/home/runner/.m2/repository/org/apache/ratis/ratis-proto/2.4.2-8b8bdda-SNAPSHOT/ratis-proto-2.4.2-8b8bdda-SNAPSHOT.jar:/home/runner/.m2/repository/org/apache/ratis/ratis-common/2.4.2-8b8bdda-SNAPSHOT/ratis-common-2.4.2-8b8bdda-SNAPSHOT.jar:/home/runner/.m2/repository/org/apache/ratis/ratis-client/2.4.2-8b8bdda-SNAPSHOT/ratis-client-2.4.2-8b8bdda-SNAPSHOT.jar:/home/runner/.m2/repository/org/apache/ratis/ratis-server-api/2.4.2-8b8bdda-SNAPSHOT/ratis-server-api-2.4.2-8b8bdda-SNAPSHOT.jar:/home/runner/.m2/repository/org/apache/ratis/ratis-metrics/2.4.2-8b8bdda-SNAPSHOT/ratis-metrics-2.4.2-8b8bdda-SNAPSHOT.jar:/home/runner/.m2/repository/io/prometheus/simpleclient_dropwizard/0.7.0/simpleclient_dropwizard-0.7.0.jar:/home/runner/.m2/repository/io/prometheus/simpleclient/0.7.0/simpleclient-0.7.0.jar:/home/runner/.m2/repository/io/prometheus/simpleclient_common/0.7.0/simpleclient_common-0.7.0.jar:/home/runner/.m2/repository/com/fasterxml/jackson/datatype/jackson-datatype-jsr310/2.13.4/jackson-datatype-jsr310-2.13.4.jar:/home/runner/.m2/repository/com/fasterxml/jackson/core/jackson-core/2.13.4/jackson-core-2.13.4.jar:/home/runner/.m2/repository/com/github/spotbugs/spotbugs-annotations/3.1.12/spotbugs-annotations-3.1.12.jar:/home/runner/.m2/repository/org/apache/ozone/rocksdb-checkpoint-differ/1.4.0-SNAPSHOT/rocksdb-checkpoint-differ-1.4.0-SNAPSHOT.jar:/home/runner/.m2/repository/org/awaitility/awaitility/4.2.0/awaitility-4.2.0.jar:/home/runner/.m2/repository/org/hamcrest/hamcrest/2.1/hamcrest-2.1.jar:/home/runner/.m2/repository/org/apache/ozone/ozone-manager/1.4.0-SNAPSHOT/ozone-manager-1.4.0-SNAPSHOT.jar:/home/runner/.m2/repository/org/aspectj/aspectjrt/1.9.7/aspectjrt-1.9.7.jar:/home/runner/.m2/repository/org/aspectj/aspectjweaver/1.9.7/aspectjweaver-1.9.7.jar:/home/runner/.m2/repository/org/apache/ozone/hdds-interface-client/1.4.0-SNAPSHOT/hdds-interface-client-1.4.0-SNAPSHOT.jar:/home/runner/.m2/repository/org/apache/hadoop/thirdparty/hadoop-shaded-protobuf_3_7/1.1.1/hadoop-shaded-protobuf_3_7-1.1.1.jar:/home/runner/.m2/repository/org/apache/ozone/ozone-interface-storage/1.4.0-SNAPSHOT/ozone-interface-storage-1.4.0-SNAPSHOT.jar:/home/runner/.m2/repository/org/reflections/reflections/0.9.11/reflections-0.9.11.jar:/home/runner/.m2/repository/com/sun/jersey/jersey-client/1.19/jersey-client-1.19.jar:/home/runner/.m2/repository/org/apache/ranger/ranger-intg/2.3.0/ranger-intg-2.3.0.jar:/home/runner/.m2/repository/org/apache/ranger/ranger-plugins-common/2.3.0/ranger-plugins-common-2.3.0.jar:/home/runner/.m2/repository/commons-lang/commons-lang/2.6/commons-lang-2.6.jar:/home/runner/.m2/repository/org/apache/ranger/ranger-plugins-cred/2.3.0/ranger-plugins-cred-2.3.0.jar:/home/runner/.m2/repository/org/apache/ranger/ranger-plugins-audit/2.3.0/ranger-plugins-audit-2.3.0.jar:/home/runner/.m2/repository/org/eclipse/jetty/jetty-client/9.4.49.v20220914/jetty-client-9.4.49.v20220914.jar:/home/runner/.m2/repository/org/apache/httpcomponents/httpmime/4.5.6/httpmime-4.5.6.jar:/home/runner/.m2/repository/org/apache/httpcomponents/httpcore-nio/4.4.13/httpcore-nio-4.4.13.jar:/home/runner/.m2/repository/org/apache/httpcomponents/httpasyncclient/4.1.3/httpasyncclient-4.1.3.jar:/home/runner/.m2/repository/com/carrotsearch/hppc/0.8.0/hppc-0.8.0.jar:/home/runner/.m2/repository/org/apache/orc/orc-core/1.5.8/orc-core-1.5.8.jar:/home/runner/.m2/repository/net/java/dev/jna/jna/5.2.0/jna-5.2.0.jar:/home/runner/.m2/repository/net/java/dev/jna/jna-platform/5.2.0/jna-platform-5.2.0.jar:/home/runner/.m2/repository/com/kstruct/gethostname4j/0.0.2/gethostname4j-0.0.2.jar:/home/runner/.m2/repository/org/apache/ranger/ranger-plugin-classloader/2.3.0/ranger-plugin-classloader-2.3.0.jar:/home/runner/.m2/repository/org/apache/hadoop/hadoop-minikdc/3.3.4/hadoop-minikdc-3.3.4.jar:/home/runner/.m2/repository/org/apache/kerby/kerb-simplekdc/1.0.1/kerb-simplekdc-1.0.1.jar:/home/runner/.m2/repository/org/apache/kerby/kerb-client/1.0.1/kerb-client-1.0.1.jar:/home/runner/.m2/repository/org/apache/kerby/kerby-config/1.0.1/kerby-config-1.0.1.jar:/home/runner/.m2/repository/org/apache/kerby/kerb-common/1.0.1/kerb-common-1.0.1.jar:/home/runner/.m2/repository/org/apache/kerby/kerb-crypto/1.0.1/kerb-crypto-1.0.1.jar:/home/runner/.m2/repository/org/apache/kerby/kerb-util/1.0.1/kerb-util-1.0.1.jar:/home/runner/.m2/repository/org/apache/kerby/token-provider/1.0.1/token-provider-1.0.1.jar:/home/runner/.m2/repository/org/apache/kerby/kerb-admin/1.0.1/kerb-admin-1.0.1.jar:/home/runner/.m2/repository/org/apache/kerby/kerb-server/1.0.1/kerb-server-1.0.1.jar:/home/runner/.m2/repository/org/apache/kerby/kerb-identity/1.0.1/kerb-identity-1.0.1.jar:/home/runner/.m2/repository/org/apache/kerby/kerby-xdr/1.0.1/kerby-xdr-1.0.1.jar:/home/runner/.m2/repository/org/apache/ozone/ozone-s3gateway/1.4.0-SNAPSHOT/ozone-s3gateway-1.4.0-SNAPSHOT.jar:/home/runner/.m2/repository/org/javassist/javassist/3.21.0-GA/javassist-3.21.0-GA.jar:/home/runner/.m2/repository/org/jboss/weld/servlet/weld-servlet-shaded/3.1.9.Final/weld-servlet-shaded-3.1.9.Final.jar:/home/runner/.m2/repository/org/glassfish/jersey/containers/jersey-container-servlet-core/2.34/jersey-container-servlet-core-2.34.jar:/home/runner/.m2/repository/org/glassfish/hk2/external/jakarta.inject/2.6.1/jakarta.inject-2.6.1.jar:/home/runner/.m2/repository/org/glassfish/jersey/core/jersey-common/2.34/jersey-common-2.34.jar:/home/runner/.m2/repository/jakarta/ws/rs/jakarta.ws.rs-api/2.1.6/jakarta.ws.rs-api-2.1.6.jar:/home/runner/.m2/repository/org/glassfish/jersey/ext/cdi/jersey-cdi1x/2.34/jersey-cdi1x-2.34.jar:/home/runner/.m2/repository/org/glassfish/jersey/inject/jersey-hk2/2.34/jersey-hk2-2.34.jar:/home/runner/.m2/repository/org/glassfish/hk2/hk2-locator/2.6.1/hk2-locator-2.6.1.jar:/home/runner/.m2/repository/org/glassfish/jersey/media/jersey-media-jaxb/2.34/jersey-media-jaxb-2.34.jar:/home/runner/.m2/repository/org/glassfish/hk2/osgi-resource-locator/1.0.3/osgi-resource-locator-1.0.3.jar:/home/runner/.m2/repository/org/glassfish/hk2/hk2-api/2.5.0/hk2-api-2.5.0.jar:/home/runner/.m2/repository/org/glassfish/hk2/hk2-utils/2.5.0/hk2-utils-2.5.0.jar:/home/runner/.m2/repository/org/glassfish/hk2/external/aopalliance-repackaged/2.5.0/aopalliance-repackaged-2.5.0.jar:/home/runner/.m2/repository/com/fasterxml/jackson/dataformat/jackson-dataformat-xml/2.13.4/jackson-dataformat-xml-2.13.4.jar:/home/runner/.m2/repository/org/codehaus/woodstox/stax2-api/4.2.1/stax2-api-4.2.1.jar:/home/runner/.m2/repository/com/fasterxml/woodstox/woodstox-core/5.4.0/woodstox-core-5.4.0.jar:/home/runner/.m2/repository/com/fasterxml/jackson/module/jackson-module-jaxb-annotations/2.13.4/jackson-module-jaxb-annotations-2.13.4.jar:/home/runner/.m2/repository/jakarta/xml/bind/jakarta.xml.bind-api/2.3.3/jakarta.xml.bind-api-2.3.3.jar:/home/runner/.m2/repository/jakarta/activation/jakarta.activation-api/1.2.2/jakarta.activation-api-1.2.2.jar:/home/runner/.m2/repository/javax/enterprise/cdi-api/2.0/cdi-api-2.0.jar:/home/runner/.m2/repository/javax/el/javax.el-api/3.0.0/javax.el-api-3.0.0.jar:/home/runner/.m2/repository/javax/interceptor/javax.interceptor-api/1.2/javax.interceptor-api-1.2.jar:/home/runner/.m2/repository/javax/inject/javax.inject/1/javax.inject-1.jar:/home/runner/.m2/repository/javax/xml/bind/jaxb-api/2.3.0/jaxb-api-2.3.0.jar:/home/runner/.m2/repository/org/glassfish/jaxb/jaxb-runtime/2.3.0.1/jaxb-runtime-2.3.0.1.jar:/home/runner/.m2/repository/org/glassfish/jaxb/jaxb-core/2.3.0.1/jaxb-core-2.3.0.1.jar:/home/runner/.m2/repository/org/glassfish/jaxb/txw2/2.3.0.1/txw2-2.3.0.1.jar:/home/runner/.m2/repository/com/sun/istack/istack-commons-runtime/3.0.5/istack-commons-runtime-3.0.5.jar:/home/runner/.m2/repository/org/jvnet/staxex/stax-ex/1.7.8/stax-ex-1.7.8.jar:/home/runner/.m2/repository/com/sun/xml/fastinfoset/FastInfoset/1.2.13/FastInfoset-1.2.13.jar:/home/runner/.m2/repository/javax/activation/activation/1.1.1/activation-1.1.1.jar:/home/runner/.m2/repository/io/grpc/grpc-protobuf/1.51.1/grpc-protobuf-1.51.1.jar:/home/runner/.m2/repository/io/grpc/grpc-api/1.51.1/grpc-api-1.51.1.jar:/home/runner/.m2/repository/io/grpc/grpc-context/1.51.1/grpc-context-1.51.1.jar:/home/runner/.m2/repository/com/google/api/grpc/proto-google-common-protos/2.9.0/proto-google-common-protos-2.9.0.jar:/home/runner/.m2/repository/io/grpc/grpc-protobuf-lite/1.51.1/grpc-protobuf-lite-1.51.1.jar:/home/runner/.m2/repository/io/grpc/grpc-stub/1.51.1/grpc-stub-1.51.1.jar:/home/runner/.m2/repository/io/netty/netty-transport/4.1.86.Final/netty-transport-4.1.86.Final.jar:/home/runner/.m2/repository/io/netty/netty-resolver/4.1.86.Final/netty-resolver-4.1.86.Final.jar:/home/runner/.m2/repository/org/apache/ozone/ozone-csi/1.4.0-SNAPSHOT/ozone-csi-1.4.0-SNAPSHOT.jar:/home/runner/.m2/repository/com/google/protobuf/protobuf-java-util/3.19.6/protobuf-java-util-3.19.6.jar:/home/runner/.m2/repository/com/google/code/gson/gson/2.9.0/gson-2.9.0.jar:/home/runner/.m2/repository/org/apache/ozone/hdds-config/1.4.0-SNAPSHOT/hdds-config-1.4.0-SNAPSHOT.jar:/home/runner/.m2/repository/io/netty/netty-transport-native-epoll/4.1.86.Final/netty-transport-native-epoll-4.1.86.Final-linux-x86_64.jar:/home/runner/.m2/repository/io/netty/netty-transport-classes-epoll/4.1.86.Final/netty-transport-classes-epoll-4.1.86.Final.jar:/home/runner/.m2/repository/io/netty/netty-transport-native-unix-common/4.1.86.Final/netty-transport-native-unix-common-4.1.86.Final.jar:/home/runner/.m2/repository/org/apache/ozone/ozone-recon/1.4.0-SNAPSHOT/ozone-recon-1.4.0-SNAPSHOT.jar:/home/runner/.m2/repository/org/apache/ozone/ozone-reconcodegen/1.4.0-SNAPSHOT/ozone-reconcodegen-1.4.0-SNAPSHOT.jar:/home/runner/.m2/repository/com/google/inject/extensions/guice-multibindings/4.0/guice-multibindings-4.0.jar:/home/runner/.m2/repository/com/google/inject/guice/4.0/guice-4.0.jar:/home/runner/.m2/repository/aopalliance/aopalliance/1.0/aopalliance-1.0.jar:/home/runner/.m2/repository/com/google/inject/extensions/guice-assistedinject/4.0/guice-assistedinject-4.0.jar:/home/runner/.m2/repository/com/google/inject/extensions/guice-servlet/4.0/guice-servlet-4.0.jar:/home/runner/.m2/repository/org/glassfish/jersey/containers/jersey-container-servlet/2.34/jersey-container-servlet-2.34.jar:/home/runner/.m2/repository/org/glassfish/hk2/guice-bridge/2.5.0/guice-bridge-2.5.0.jar:/home/runner/.m2/repository/org/glassfish/jersey/core/jersey-server/2.34/jersey-server-2.34.jar:/home/runner/.m2/repository/org/glassfish/jersey/core/jersey-client/2.34/jersey-client-2.34.jar:/home/runner/.m2/repository/jakarta/annotation/jakarta.annotation-api/1.3.5/jakarta.annotation-api-1.3.5.jar:/home/runner/.m2/repository/jakarta/validation/jakarta.validation-api/2.0.2/jakarta.validation-api-2.0.2.jar:/home/runner/.m2/repository/org/glassfish/jersey/media/jersey-media-json-jackson/2.34/jersey-media-json-jackson-2.34.jar:/home/runner/.m2/repository/org/glassfish/jersey/ext/jersey-entity-filtering/2.34/jersey-entity-filtering-2.34.jar:/home/runner/.m2/repository/org/jooq/jooq/3.11.10/jooq-3.11.10.jar:/home/runner/.m2/repository/org/jooq/jooq-meta/3.11.10/jooq-meta-3.11.10.jar:/home/runner/.m2/repository/org/jooq/jooq-codegen/3.11.10/jooq-codegen-3.11.10.jar:/home/runner/.m2/repository/com/jolbox/bonecp/0.8.0.RELEASE/bonecp-0.8.0.RELEASE.jar:/home/runner/.m2/repository/org/apache/derby/derby/10.14.2.0/derby-10.14.2.0.jar:/home/runner/.m2/repository/org/xerial/sqlite-jdbc/3.25.2/sqlite-jdbc-3.25.2.jar:/home/runner/.m2/repository/org/springframework/spring-jdbc/5.3.23/spring-jdbc-5.3.23.jar:/home/runner/.m2/repository/org/springframework/spring-beans/5.3.23/spring-beans-5.3.23.jar:/home/runner/.m2/repository/org/springframework/spring-core/5.3.23/spring-core-5.3.23.jar:/home/runner/.m2/repository/org/springframework/spring-jcl/5.3.23/spring-jcl-5.3.23.jar:/home/runner/.m2/repository/org/springframework/spring-tx/5.3.23/spring-tx-5.3.23.jar:/home/runner/.m2/repository/org/apache/ozone/ozone-client/1.4.0-SNAPSHOT/ozone-client-1.4.0-SNAPSHOT.jar:/home/runner/.m2/repository/org/apache/ozone/hdds-erasurecode/1.4.0-SNAPSHOT/hdds-erasurecode-1.4.0-SNAPSHOT.jar:/home/runner/.m2/repository/org/apache/ozone/ozone-filesystem/1.4.0-SNAPSHOT/ozone-filesystem-1.4.0-SNAPSHOT.jar:/home/runner/.m2/repository/org/apache/ozone/ozone-filesystem-common/1.4.0-SNAPSHOT/ozone-filesystem-common-1.4.0-SNAPSHOT.jar:/home/runner/.m2/repository/org/apache/ozone/ozone-tools/1.4.0-SNAPSHOT/ozone-tools-1.4.0-SNAPSHOT.jar:/home/runner/.m2/repository/com/amazonaws/aws-java-sdk-core/1.12.261/aws-java-sdk-core-1.12.261.jar:/home/runner/.m2/repository/org/apache/httpcomponents/httpclient/4.5.13/httpclient-4.5.13.jar:/home/runner/.m2/repository/org/apache/httpcomponents/httpcore/4.4.13/httpcore-4.4.13.jar:/home/runner/.m2/repository/software/amazon/ion/ion-java/1.0.2/ion-java-1.0.2.jar:/home/runner/.m2/repository/com/fasterxml/jackson/dataformat/jackson-dataformat-cbor/2.13.4/jackson-dataformat-cbor-2.13.4.jar:/home/runner/.m2/repository/joda-time/joda-time/2.10.6/joda-time-2.10.6.jar:/home/runner/.m2/repository/com/amazonaws/aws-java-sdk-s3/1.12.261/aws-java-sdk-s3-1.12.261.jar:/home/runner/.m2/repository/com/amazonaws/aws-java-sdk-kms/1.12.261/aws-java-sdk-kms-1.12.261.jar:/home/runner/.m2/repository/com/amazonaws/jmespath-java/1.12.261/jmespath-java-1.12.261.jar:/home/runner/.m2/repository/org/kohsuke/metainf-services/metainf-services/1.8/metainf-services-1.8.jar:/home/runner/.m2/repository/org/apache/ozone/hdds-tools/1.4.0-SNAPSHOT/hdds-tools-1.4.0-SNAPSHOT.jar:/home/runner/.m2/repository/org/apache/ratis/ratis-tools/2.4.2-8b8bdda-SNAPSHOT/ratis-tools-2.4.2-8b8bdda-SNAPSHOT.jar:/home/runner/.m2/repository/commons-cli/commons-cli/1.2/commons-cli-1.2.jar:/home/runner/.m2/repository/org/apache/commons/commons-lang3/3.7/commons-lang3-3.7.jar:/home/runner/.m2/repository/org/apache/ozone/ozone-manager/1.4.0-SNAPSHOT/ozone-manager-1.4.0-SNAPSHOT-tests.jar:/home/runner/.m2/repository/org/apache/ozone/hdds-common/1.4.0-SNAPSHOT/hdds-common-1.4.0-SNAPSHOT-tests.jar:/home/runner/.m2/repository/org/apache/ozone/hdds-hadoop-dependency-client/1.4.0-SNAPSHOT/hdds-hadoop-dependency-client-1.4.0-SNAPSHOT.jar:/home/runner/.m2/repository/info/picocli/picocli/4.6.1/picocli-4.6.1.jar:/home/runner/.m2/repository/com/fasterxml/jackson/core/jackson-annotations/2.13.4/jackson-annotations-2.13.4.jar:/home/runner/.m2/repository/org/apache/ozone/hdds-annotation-processing/1.4.0-SNAPSHOT/hdds-annotation-processing-1.4.0-SNAPSHOT.jar:/home/runner/.m2/repository/javax/annotation/javax.annotation-api/1.2/javax.annotation-api-1.2.jar:/home/runner/.m2/repository/org/apache/ratis/ratis-netty/2.4.2-8b8bdda-SNAPSHOT/ratis-netty-2.4.2-8b8bdda-SNAPSHOT.jar:/home/runner/.m2/repository/org/apache/ratis/ratis-grpc/2.4.2-8b8bdda-SNAPSHOT/ratis-grpc-2.4.2-8b8bdda-SNAPSHOT.jar:/home/runner/.m2/repository/org/apache/logging/log4j/log4j-api/2.17.1/log4j-api-2.17.1.jar:/home/runner/.m2/repository/org/apache/commons/commons-pool2/2.6.0/commons-pool2-2.6.0.jar:/home/runner/.m2/repository/org/bouncycastle/bcpkix-jdk15on/1.67/bcpkix-jdk15on-1.67.jar:/home/runner/.m2/repository/commons-validator/commons-validator/1.6/commons-validator-1.6.jar:/home/runner/.m2/repository/commons-beanutils/commons-beanutils/1.9.4/commons-beanutils-1.9.4.jar:/home/runner/.m2/repository/commons-digester/commons-digester/1.8.1/commons-digester-1.8.1.jar:/home/runner/.m2/repository/commons-collections/commons-collections/3.2.2/commons-collections-3.2.2.jar:/home/runner/.m2/repository/io/jaegertracing/jaeger-client/1.6.0/jaeger-client-1.6.0.jar:/home/runner/.m2/repository/io/jaegertracing/jaeger-thrift/1.6.0/jaeger-thrift-1.6.0.jar:/home/runner/.m2/repository/org/apache/thrift/libthrift/0.14.1/libthrift-0.14.1.jar:/home/runner/.m2/repository/io/jaegertracing/jaeger-core/1.6.0/jaeger-core-1.6.0.jar:/home/runner/.m2/repository/io/jaegertracing/jaeger-tracerresolver/1.6.0/jaeger-tracerresolver-1.6.0.jar:/home/runner/.m2/repository/io/opentracing/contrib/opentracing-tracerresolver/0.1.8/opentracing-tracerresolver-0.1.8.jar:/home/runner/.m2/repository/org/jetbrains/kotlin/kotlin-stdlib/1.6.21/kotlin-stdlib-1.6.21.jar:/home/runner/.m2/repository/org/jetbrains/annotations/13.0/annotations-13.0.jar:/home/runner/.m2/repository/io/opentracing/opentracing-util/0.33.0/opentracing-util-0.33.0.jar:/home/runner/.m2/repository/io/opentracing/opentracing-api/0.33.0/opentracing-api-0.33.0.jar:/home/runner/.m2/repository/io/opentracing/opentracing-noop/0.33.0/opentracing-noop-0.33.0.jar:/home/runner/.m2/repository/org/yaml/snakeyaml/2.0/snakeyaml-2.0.jar:/home/runner/.m2/repository/junit/junit/4.13.1/junit-4.13.1.jar:/home/runner/.m2/repository/org/hamcrest/hamcrest-core/1.3/hamcrest-core-1.3.jar:/home/runner/.m2/repository/org/junit/jupiter/junit-jupiter-api/5.8.2/junit-jupiter-api-5.8.2.jar:/home/runner/.m2/repository/org/opentest4j/opentest4j/1.2.0/opentest4j-1.2.0.jar:/home/runner/.m2/repository/org/junit/platform/junit-platform-commons/1.8.2/junit-platform-commons-1.8.2.jar:/home/runner/.m2/repository/org/apiguardian/apiguardian-api/1.1.2/apiguardian-api-1.1.2.jar:/home/runner/.m2/repository/org/junit/jupiter/junit-jupiter-params/5.8.2/junit-jupiter-params-5.8.2.jar:/home/runner/.m2/repository/org/junit/jupiter/junit-jupiter-migrationsupport/5.8.2/junit-jupiter-migrationsupport-5.8.2.jar:/home/runner/.m2/repository/org/junit/jupiter/junit-jupiter-engine/5.8.2/junit-jupiter-engine-5.8.2.jar:/home/runner/.m2/repository/org/junit/platform/junit-platform-engine/1.8.2/junit-platform-engine-1.8.2.jar:/home/runner/.m2/repository/org/junit/vintage/junit-vintage-engine/5.8.2/junit-vintage-engine-5.8.2.jar:/home/runner/.m2/repository/org/junit/platform/junit-platform-launcher/1.8.2/junit-platform-launcher-1.8.2.jar:/home/runner/.m2/repository/org/mockito/mockito-core/2.28.2/mockito-core-2.28.2.jar:/home/runner/.m2/repository/net/bytebuddy/byte-buddy/1.9.10/byte-buddy-1.9.10.jar:/home/runner/.m2/repository/net/bytebuddy/byte-buddy-agent/1.9.10/byte-buddy-agent-1.9.10.jar:/home/runner/.m2/repository/org/objenesis/objenesis/1.0/objenesis-1.0.jar:/home/runner/.m2/repository/org/apache/hadoop/hadoop-kms/3.3.4/hadoop-kms-3.3.4.jar:/home/runner/.m2/repository/org/apache/hadoop/hadoop-auth/3.3.4/hadoop-auth-3.3.4.jar:/home/runner/.m2/repository/com/nimbusds/nimbus-jose-jwt/9.8.1/nimbus-jose-jwt-9.8.1.jar:/home/runner/.m2/repository/com/github/stephenc/jcip/jcip-annotations/1.0-1/jcip-annotations-1.0-1.jar:/home/runner/.m2/repository/net/minidev/json-smart/2.4.7/json-smart-2.4.7.jar:/home/runner/.m2/repository/net/minidev/accessors-smart/2.4.7/accessors-smart-2.4.7.jar:/home/runner/.m2/repository/org/ow2/asm/asm/5.0.4/asm-5.0.4.jar:/home/runner/.m2/repository/org/apache/zookeeper/zookeeper/3.5.6/zookeeper-3.5.6.jar:/home/runner/.m2/repository/org/apache/zookeeper/zookeeper-jute/3.5.6/zookeeper-jute-3.5.6.jar:/home/runner/.m2/repository/org/apache/yetus/audience-annotations/0.5.0/audience-annotations-0.5.0.jar:/home/runner/.m2/repository/org/apache/curator/curator-framework/4.2.0/curator-framework-4.2.0.jar:/home/runner/.m2/repository/org/apache/hadoop/thirdparty/hadoop-shaded-guava/1.1.1/hadoop-shaded-guava-1.1.1.jar:/home/runner/.m2/repository/com/sun/jersey/jersey-core/1.19/jersey-core-1.19.jar:/home/runner/.m2/repository/javax/ws/rs/jsr311-api/1.1.1/jsr311-api-1.1.1.jar:/home/runner/.m2/repository/com/sun/jersey/jersey-server/1.19/jersey-server-1.19.jar:/home/runner/.m2/repository/javax/servlet/javax.servlet-api/3.1.0/javax.servlet-api-3.1.0.jar:/home/runner/.m2/repository/org/apache/hadoop/hadoop-common/3.3.4/hadoop-common-3.3.4.jar:/home/runner/.m2/repository/org/apache/commons/commons-math3/3.1.1/commons-math3-3.1.1.jar:/home/runner/.m2/repository/commons-net/commons-net/3.9.0/commons-net-3.9.0.jar:/home/runner/.m2/repository/com/sun/jersey/jersey-servlet/1.19/jersey-servlet-1.19.jar:/home/runner/.m2/repository/com/sun/jersey/jersey-json/1.19/jersey-json-1.19.jar:/home/runner/.m2/repository/org/codehaus/jettison/jettison/1.1/jettison-1.1.jar:/home/runner/.m2/repository/com/sun/xml/bind/jaxb-impl/2.2.3-1/jaxb-impl-2.2.3-1.jar:/home/runner/.m2/repository/org/codehaus/jackson/jackson-jaxrs/1.9.2/jackson-jaxrs-1.9.2.jar:/home/runner/.m2/repository/org/codehaus/jackson/jackson-xc/1.9.2/jackson-xc-1.9.2.jar:/home/runner/.m2/repository/com/google/re2j/re2j/1.1/re2j-1.1.jar:/home/runner/.m2/repository/com/jcraft/jsch/0.1.54/jsch-0.1.54.jar:/home/runner/.m2/repository/org/apache/curator/curator-client/4.2.0/curator-client-4.2.0.jar:/home/runner/.m2/repository/org/apache/curator/curator-recipes/4.2.0/curator-recipes-4.2.0.jar:/home/runner/.m2/repository/org/apache/kerby/kerb-core/1.0.1/kerb-core-1.0.1.jar:/home/runner/.m2/repository/org/apache/kerby/kerby-pkix/1.0.1/kerby-pkix-1.0.1.jar:/home/runner/.m2/repository/org/apache/kerby/kerby-asn1/1.0.1/kerby-asn1-1.0.1.jar:/home/runner/.m2/repository/org/apache/kerby/kerby-util/1.0.1/kerby-util-1.0.1.jar:/home/runner/.m2/repository/dnsjava/dnsjava/2.1.7/dnsjava-2.1.7.jar:/home/runner/.m2/repository/org/xerial/snappy/snappy-java/1.1.8.2/snappy-java-1.1.8.2.jar:/home/runner/.m2/repository/com/fasterxml/jackson/core/jackson-databind/2.13.4.2/jackson-databind-2.13.4.2.jar:/home/runner/.m2/repository/org/apache/hadoop/hadoop-kms/3.3.4/hadoop-kms-3.3.4-tests.jar:/home/runner/.m2/repository/org/apache/ozone/hdds-server-scm/1.4.0-SNAPSHOT/hdds-server-scm-1.4.0-SNAPSHOT-tests.jar:/home/runner/.m2/repository/org/apache/ozone/hdds-container-service/1.4.0-SNAPSHOT/hdds-container-service-1.4.0-SNAPSHOT-tests.jar:/home/runner/.m2/repository/com/github/luben/zstd-jni/1.5.2-5/zstd-jni-1.5.2-5.jar:/home/runner/.m2/repository/commons-codec/commons-codec/1.15/commons-codec-1.15.jar:/home/runner/.m2/repository/io/netty/netty-codec/4.1.86.Final/netty-codec-4.1.86.Final.jar:/home/runner/.m2/repository/io/netty/netty-handler/4.1.86.Final/netty-handler-4.1.86.Final.jar:/home/runner/.m2/repository/org/apache/ozone/hdds-hadoop-dependency-test/1.4.0-SNAPSHOT/hdds-hadoop-dependency-test-1.4.0-SNAPSHOT.jar:/home/runner/.m2/repository/org/apache/hadoop/hadoop-common/3.3.4/hadoop-common-3.3.4-tests.jar:/home/runner/.m2/repository/org/apache/hadoop/hadoop-hdfs/3.3.4/hadoop-hdfs-3.3.4-tests.jar:/home/runner/.m2/repository/org/assertj/assertj-core/3.12.2/assertj-core-3.12.2.jar:/home/runner/.m2/repository/org/apache/hadoop/hadoop-distcp/3.3.4/hadoop-distcp-3.3.4.jar:/home/runner/.m2/repository/org/apache/hadoop/hadoop-mapreduce-client-jobclient/3.3.4/hadoop-mapreduce-client-jobclient-3.3.4.jar:/home/runner/.m2/repository/org/apache/hadoop/hadoop-mapreduce-client-common/3.3.4/hadoop-mapreduce-client-common-3.3.4.jar:/home/runner/.m2/repository/org/apache/hadoop/hadoop-yarn-common/3.3.4/hadoop-yarn-common-3.3.4.jar:/home/runner/.m2/repository/org/apache/hadoop/hadoop-yarn-api/3.3.4/hadoop-yarn-api-3.3.4.jar:/home/runner/.m2/repository/com/sun/jersey/contribs/jersey-guice/1.19/jersey-guice-1.19.jar:/home/runner/.m2/repository/com/fasterxml/jackson/jaxrs/jackson-jaxrs-json-provider/2.13.4/jackson-jaxrs-json-provider-2.13.4.jar:/home/runner/.m2/repository/com/fasterxml/jackson/jaxrs/jackson-jaxrs-base/2.13.4/jackson-jaxrs-base-2.13.4.jar:/home/runner/.m2/repository/org/apache/hadoop/hadoop-yarn-client/3.3.4/hadoop-yarn-client-3.3.4.jar:/home/runner/.m2/repository/org/eclipse/jetty/websocket/websocket-client/9.4.43.v20210629/websocket-client-9.4.43.v20210629.jar:/home/runner/.m2/repository/org/eclipse/jetty/websocket/websocket-common/9.4.43.v20210629/websocket-common-9.4.43.v20210629.jar:/home/runner/.m2/repository/org/eclipse/jetty/websocket/websocket-api/9.4.43.v20210629/websocket-api-9.4.43.v20210629.jar:/home/runner/.m2/repository/org/jline/jline/3.9.0/jline-3.9.0.jar:/home/runner/.m2/repository/org/apache/hadoop/hadoop-mapreduce-client-core/3.3.4/hadoop-mapreduce-client-core-3.3.4.jar:/home/runner/.m2/repository/org/apache/avro/avro/1.7.7/avro-1.7.7.jar:/home/runner/.m2/repository/org/codehaus/jackson/jackson-core-asl/1.9.13/jackson-core-asl-1.9.13.jar:/home/runner/.m2/repository/org/codehaus/jackson/jackson-mapper-asl/1.9.13/jackson-mapper-asl-1.9.13.jar:/home/runner/.m2/repository/com/thoughtworks/paranamer/paranamer/2.3/paranamer-2.3.jar:/home/runner/.m2/repository/org/apache/hadoop/hadoop-annotations/3.3.4/hadoop-annotations-3.3.4.jar:/usr/lib/jvm/temurin-8-jdk-amd64/jre/../lib/tools.jar:/home/runner/.m2/repository/io/netty/netty/3.10.6.Final/netty-3.10.6.Final.jar:/home/runner/.m2/repository/org/apache/hadoop/hadoop-distcp/3.3.4/hadoop-distcp-3.3.4-tests.jar:/home/runner/.m2/repository/org/slf4j/jul-to-slf4j/1.7.36/jul-to-slf4j-1.7.36.jar:"/>
    <property name="sun.cpu.endian" value="little"/>
    <property name="user.home" value="/home/runner"/>
    <property name="user.language" value="en"/>
    <property name="java.specification.vendor" value="Oracle Corporation"/>
    <property name="java.home" value="/usr/lib/jvm/temurin-8-jdk-amd64/jre"/>
    <property name="java.security.krb5.conf" value="/home/runner/work/ozone/ozone/hadoop-ozone/integration-test/target/test-classes/krb5.conf"/>
    <property name="basedir" value="/home/runner/work/ozone/ozone/hadoop-ozone/integration-test"/>
    <property name="file.separator" value="/"/>
    <property name="line.separator" value="&#10;"/>
    <property name="java.vm.specification.vendor" value="Oracle Corporation"/>
    <property name="java.specification.name" value="Java Platform API Specification"/>
    <property name="java.awt.graphicsenv" value="sun.awt.X11GraphicsEnvironment"/>
    <property name="skip.installnpx" value="true"/>
    <property name="surefire.real.class.path" value="/home/runner/work/ozone/ozone/hadoop-ozone/integration-test/target/surefire/surefirebooter7441309299378114918.jar:/home/runner/.m2/repository/org/jacoco/org.jacoco.agent/0.8.5/org.jacoco.agent-0.8.5-runtime.jar"/>
    <property name="hadoop.log.dir" value="/home/runner/work/ozone/ozone/hadoop-ozone/integration-test/target/log"/>
    <property name="sun.boot.class.path" value="/usr/lib/jvm/temurin-8-jdk-amd64/jre/lib/resources.jar:/usr/lib/jvm/temurin-8-jdk-amd64/jre/lib/rt.jar:/usr/lib/jvm/temurin-8-jdk-amd64/jre/lib/sunrsasign.jar:/usr/lib/jvm/temurin-8-jdk-amd64/jre/lib/jsse.jar:/usr/lib/jvm/temurin-8-jdk-amd64/jre/lib/jce.jar:/usr/lib/jvm/temurin-8-jdk-amd64/jre/lib/charsets.jar:/usr/lib/jvm/temurin-8-jdk-amd64/jre/lib/jfr.jar:/usr/lib/jvm/temurin-8-jdk-amd64/jre/classes"/>
    <property name="sun.management.compiler" value="HotSpot 64-Bit Tiered Compilers"/>
    <property name="skip.npx" value="true"/>
    <property name="java.runtime.version" value="1.8.0_362-b09"/>
    <property name="java.net.preferIPv4Stack" value="true"/>
    <property name="user.name" value="runner"/>
    <property name="path.separator" value=":"/>
    <property name="java.security.egd" value="file:///dev/urandom"/>
    <property name="os.version" value="5.15.0-1034-azure"/>
    <property name="java.endorsed.dirs" value="/usr/lib/jvm/temurin-8-jdk-amd64/jre/lib/endorsed"/>
    <property name="java.runtime.name" value="OpenJDK Runtime Environment"/>
    <property name="file.encoding" value="UTF-8"/>
    <property name="java.vm.name" value="OpenJDK 64-Bit Server VM"/>
    <property name="test.build.webapps" value=""/>
    <property name="localRepository" value="/home/runner/.m2/repository"/>
    <property name="jetty.git.hash" value="4231a3b2e4cb8548a412a789936d640a97b1aa0a"/>
    <property name="java.vendor.url.bug" value="https://github.com/adoptium/adoptium-support/issues"/>
    <property name="java.io.tmpdir" value="/tmp"/>
    <property name="require.test.libhadoop" value=""/>
    <property name="java.version" value="1.8.0_362"/>
    <property name="user.dir" value="/home/runner/work/ozone/ozone/hadoop-ozone/integration-test"/>
    <property name="os.arch" value="amd64"/>
    <property name="java.vm.specification.name" value="Java Virtual Machine Specification"/>
    <property name="test.build.classes" value="/home/runner/work/ozone/ozone/hadoop-ozone/integration-test/target/test-classes"/>
    <property name="java.awt.printerjob" value="sun.print.PSPrinterJob"/>
    <property name="sun.os.patch.level" value="unknown"/>
    <property name="org.apache.ratis.thirdparty.io.netty.allocator.useCacheForAllThreads" value="false"/>
    <property name="hadoop.tmp.dir" value="/home/runner/work/ozone/ozone/hadoop-ozone/integration-test/target/tmp"/>
    <property name="java.library.path" value="/usr/java/packages/lib/amd64:/usr/lib64:/lib64:/lib:/usr/lib"/>
    <property name="java.vm.info" value="mixed mode"/>
    <property name="java.vendor" value="Temurin"/>
    <property name="java.vm.version" value="25.362-b09"/>
    <property name="java.specification.maintenance.version" value="4"/>
    <property name="java.ext.dirs" value="/usr/lib/jvm/temurin-8-jdk-amd64/jre/lib/ext:/usr/java/packages/lib/ext"/>
    <property name="sun.io.unicode.encoding" value="UnicodeLittle"/>
    <property name="java.class.version" value="52.0"/>
  </properties>
  <testcase name="testBlockDeleteCommandParallelProcess" classname="org.apache.hadoop.ozone.container.common.statemachine.commandhandler.TestBlockDeletion" time="32.417">
    <system-out><![CDATA[2023-03-23 08:05:01,996 [main] WARN  server.ServerUtils (ServerUtils.java:getScmDbDir(148)) - ozone.scm.db.dirs is not configured. We recommend adding this setting. Falling back to ozone.metadata.dirs instead.
2023-03-23 08:05:02,087 [main] WARN  server.ServerUtils (ServerUtils.java:getScmDbDir(148)) - ozone.scm.db.dirs is not configured. We recommend adding this setting. Falling back to ozone.metadata.dirs instead.
2023-03-23 08:05:02,091 [main] INFO  ha.SCMHANodeDetails (SCMHANodeDetails.java:loadSCMHAConfig(209)) - ServiceID for StorageContainerManager is null
2023-03-23 08:05:02,097 [main] WARN  ha.SCMHANodeDetails (SCMHANodeDetails.java:validateSCMHAConfig(182)) - Invalid config ozone.scm.ratis.enable. The config was not specified, but the default value true conflicts with the expected config value false. Falling back to the expected value. Current State of SCM: SCM is running in Non-HA without Ratis Ratis SCM -> Non Ratis SCM or Non HA SCM -> HA SCM is not supported
2023-03-23 08:05:02,098 [main] INFO  ha.SCMHANodeDetails (SCMHANodeDetails.java:loadSCMHAConfig(214)) - ozone.scm.default.service.id is not defined, falling back to ozone.scm.service.ids to find serviceID for StorageContainerManager if it is HA enabled cluster
2023-03-23 08:05:02,727 [main] WARN  utils.HAUtils (HAUtils.java:getMetaDir(342)) - ozone.scm.db.dirs is not configured. We recommend adding this setting. Falling back to ozone.metadata.dirs instead.
2023-03-23 08:05:02,891 [main] WARN  db.DBStoreBuilder (DBStoreBuilder.java:applyDBDefinition(172)) - ozone.scm.db.dirs is not configured. We recommend adding this setting. Falling back to ozone.metadata.dirs instead.
2023-03-23 08:05:03,136 [main] INFO  net.NodeSchemaLoader (NodeSchemaLoader.java:loadSchemaFromFile(129)) - Loading schema from [jar:file:/home/runner/.m2/repository/org/apache/ozone/hdds-common/1.4.0-SNAPSHOT/hdds-common-1.4.0-SNAPSHOT.jar!/network-topology-default.xml]
2023-03-23 08:05:03,138 [main] INFO  net.NodeSchemaLoader (NodeSchemaLoader.java:loadSchema(176)) - Loading network topology layer schema file
2023-03-23 08:05:03,190 [main] INFO  metrics.MetricRegistries (MetricRegistriesLoader.java:load(64)) - Loaded MetricRegistries class org.apache.ratis.metrics.impl.MetricRegistriesImpl
2023-03-23 08:05:03,194 [main] INFO  upgrade.AbstractLayoutVersionManager (AbstractLayoutVersionManager.java:init(83)) - Initializing Layout version manager with metadata layout = DATANODE_SCHEMA_V3 (version = 4), software layout = DATANODE_SCHEMA_V3 (version = 4)
2023-03-23 08:05:03,472 [main] INFO  reflections.Reflections (Reflections.java:scan(232)) - Reflections took 186 ms to scan 7 urls, producing 155 keys and 368 values 
2023-03-23 08:05:03,594 [main] INFO  ha.SequenceIdGenerator (SequenceIdGenerator.java:upgradeToSequenceId(349)) - upgrade localId to 111677748019200000
2023-03-23 08:05:03,594 [main] INFO  ha.SequenceIdGenerator (SequenceIdGenerator.java:upgradeToSequenceId(359)) - upgrade delTxnId to 0
2023-03-23 08:05:03,603 [main] INFO  ha.SequenceIdGenerator (SequenceIdGenerator.java:upgradeToSequenceId(376)) - upgrade containerId to 0
2023-03-23 08:05:03,606 [main] INFO  ha.SequenceIdGenerator (SequenceIdGenerator.java:<init>(220)) - Init the HA SequenceIdGenerator.
2023-03-23 08:05:03,674 [main] INFO  node.SCMNodeManager (SCMNodeManager.java:<init>(156)) - Entering startup safe mode.
2023-03-23 08:05:03,749 [main] INFO  algorithms.ContainerPlacementPolicyFactory (ContainerPlacementPolicyFactory.java:getPolicyInternal(86)) - Create container placement policy of type org.apache.hadoop.hdds.scm.container.placement.algorithms.SCMContainerPlacementRandom
2023-03-23 08:05:03,753 [main] INFO  algorithms.ContainerPlacementPolicyFactory (ContainerPlacementPolicyFactory.java:getPolicyInternal(86)) - Create container placement policy of type org.apache.hadoop.hdds.scm.container.placement.algorithms.SCMContainerPlacementRackScatter
2023-03-23 08:05:03,763 [main] INFO  pipeline.PipelineStateManagerImpl (PipelineStateManagerImpl.java:initialize(78)) - No pipeline exists in current db
2023-03-23 08:05:03,809 [main] INFO  algorithms.LeaderChoosePolicyFactory (LeaderChoosePolicyFactory.java:getPolicy(57)) - Create leader choose policy of type org.apache.hadoop.hdds.scm.pipeline.leader.choose.algorithms.MinLeaderCountChoosePolicy
2023-03-23 08:05:03,809 [main] INFO  algorithms.ContainerPlacementPolicyFactory (ContainerPlacementPolicyFactory.java:getPolicyInternal(86)) - Create container placement policy of type org.apache.hadoop.hdds.scm.container.placement.algorithms.SCMContainerPlacementRackScatter
2023-03-23 08:05:03,818 [main] INFO  ha.SCMServiceManager (SCMServiceManager.java:register(42)) - Registering service BackgroundPipelineCreator.
2023-03-23 08:05:03,819 [main] INFO  pipeline.BackgroundPipelineCreator (BackgroundPipelineCreator.java:start(124)) - Starting RatisPipelineUtilsThread.
2023-03-23 08:05:03,823 [main] INFO  BackgroundPipelineScrubber (BackgroundSCMService.java:start(68)) - Starting BackgroundPipelineScrubber Service.
2023-03-23 08:05:03,825 [main] INFO  ha.SCMServiceManager (SCMServiceManager.java:register(42)) - Registering service BackgroundPipelineScrubber.
2023-03-23 08:05:03,833 [main] INFO  ExpiredContainerReplicaOpScrubber (BackgroundSCMService.java:start(68)) - Starting ExpiredContainerReplicaOpScrubber Service.
2023-03-23 08:05:03,834 [main] INFO  ha.SCMServiceManager (SCMServiceManager.java:register(42)) - Registering service ExpiredContainerReplicaOpScrubber.
2023-03-23 08:05:03,876 [main] INFO  algorithms.PipelineChoosePolicyFactory (PipelineChoosePolicyFactory.java:createPipelineChoosePolicyFromClass(73)) - Create pipeline choose policy of type org.apache.hadoop.hdds.scm.pipeline.choose.algorithms.RandomPipelineChoosePolicy
2023-03-23 08:05:03,889 [main] INFO  ha.SCMServiceManager (SCMServiceManager.java:register(42)) - Registering service SCMBlockDeletingService.
2023-03-23 08:05:03,941 [main] INFO  replication.ReplicationManager (ReplicationManager.java:start(277)) - Starting Replication Monitor Thread.
2023-03-23 08:05:03,949 [main] INFO  ha.SCMServiceManager (SCMServiceManager.java:register(42)) - Registering service ReplicationManager.
2023-03-23 08:05:03,953 [ReplicationMonitor] INFO  replication.ReplicationManager (ReplicationManager.java:processAll(352)) - Replication Manager is not ready to run until 3000ms after safemode exit
2023-03-23 08:05:03,962 [main] INFO  safemode.ContainerSafeModeRule (ContainerSafeModeRule.java:<init>(89)) - containers with one replica threshold count 0
2023-03-23 08:05:03,968 [main] INFO  safemode.HealthyPipelineSafeModeRule (HealthyPipelineSafeModeRule.java:initializeRule(169)) - Total pipeline count is 0, healthy pipeline threshold count is 1
2023-03-23 08:05:03,975 [main] INFO  safemode.OneReplicaPipelineSafeModeRule (OneReplicaPipelineSafeModeRule.java:initializeRule(180)) - Total pipeline count is 0, pipeline's with at least one datanode reported threshold count is 0
2023-03-23 08:05:04,030 [main] INFO  server.StorageContainerManager (StorageContainerManager.java:<init>(396)) - SCM start with adminUsers: [runner]
2023-03-23 08:05:04,327 [main] INFO  audit.AuditLogger (AuditLogger.java:refreshDebugCmdSet(126)) - Refresh DebugCmdSet for SCMAudit to [].
2023-03-23 08:05:04,362 [main] INFO  ipc.CallQueueManager (CallQueueManager.java:<init>(90)) - Using callQueue: class java.util.concurrent.LinkedBlockingQueue, queueCapacity: 2000, scheduler: class org.apache.hadoop.ipc.DefaultRpcScheduler, ipcBackoff: false.
2023-03-23 08:05:04,408 [Socket Reader #1 for port 0] INFO  ipc.Server (Server.java:run(1273)) - Starting Socket Reader #1 for port 0
2023-03-23 08:05:04,575 [Listener at 0.0.0.0/43035] INFO  audit.AuditLogger (AuditLogger.java:refreshDebugCmdSet(126)) - Refresh DebugCmdSet for SCMAudit to [].
2023-03-23 08:05:04,581 [Listener at 0.0.0.0/43035] INFO  ipc.CallQueueManager (CallQueueManager.java:<init>(90)) - Using callQueue: class java.util.concurrent.LinkedBlockingQueue, queueCapacity: 2000, scheduler: class org.apache.hadoop.ipc.DefaultRpcScheduler, ipcBackoff: false.
2023-03-23 08:05:04,583 [Socket Reader #1 for port 0] INFO  ipc.Server (Server.java:run(1273)) - Starting Socket Reader #1 for port 0
2023-03-23 08:05:04,616 [Listener at 0.0.0.0/34677] INFO  audit.AuditLogger (AuditLogger.java:refreshDebugCmdSet(126)) - Refresh DebugCmdSet for SCMAudit to [].
2023-03-23 08:05:04,628 [Listener at 0.0.0.0/34677] INFO  ipc.CallQueueManager (CallQueueManager.java:<init>(90)) - Using callQueue: class java.util.concurrent.LinkedBlockingQueue, queueCapacity: 2000, scheduler: class org.apache.hadoop.ipc.DefaultRpcScheduler, ipcBackoff: false.
2023-03-23 08:05:04,630 [Socket Reader #1 for port 0] INFO  ipc.Server (Server.java:run(1273)) - Starting Socket Reader #1 for port 0
2023-03-23 08:05:04,695 [Listener at 0.0.0.0/38173] INFO  ha.SCMServiceManager (SCMServiceManager.java:register(42)) - Registering service ContainerBalancer.
2023-03-23 08:05:04,696 [Listener at 0.0.0.0/38173] INFO  server.StorageContainerManager (StorageContainerManager.java:<init>(413)) - 
Container Balancer status:
Key                            Value
Running                        true
Container Balancer Configuration values:
Key                                                Value
Threshold                                          10
Max Datanodes to Involve per Iteration(percent)    20
Max Size to Move per Iteration                     500GB
Max Size Entering Target per Iteration             26GB
Max Size Leaving Source per Iteration              26GB

2023-03-23 08:05:04,697 [Listener at 0.0.0.0/38173] INFO  ha.SCMContext (SCMContext.java:updateSafeModeStatus(228)) - Update SafeModeStatus from SafeModeStatus{safeModeStatus=true, preCheckPassed=false} to SafeModeStatus{safeModeStatus=true, preCheckPassed=false}.
2023-03-23 08:05:04,703 [Listener at 0.0.0.0/38173] INFO  server.StorageContainerManager (StorageContainerManager.java:start(1443)) - StorageContainerLocationProtocol RPC server is listening at /0.0.0.0:38173
2023-03-23 08:05:04,778 [Listener at 0.0.0.0/38173] WARN  impl.MetricsConfig (MetricsConfig.java:loadFirst(136)) - Cannot locate configuration: tried hadoop-metrics2-storagecontainermanager.properties,hadoop-metrics2.properties
2023-03-23 08:05:04,797 [Listener at 0.0.0.0/38173] INFO  impl.MetricsSystemImpl (MetricsSystemImpl.java:startTimer(378)) - Scheduled Metric snapshot period at 10 second(s).
2023-03-23 08:05:04,798 [Listener at 0.0.0.0/38173] INFO  impl.MetricsSystemImpl (MetricsSystemImpl.java:start(191)) - StorageContainerManager metrics system started
2023-03-23 08:05:05,081 [Listener at 0.0.0.0/38173] INFO  server.SCMClientProtocolServer (SCMClientProtocolServer.java:start(194)) - RPC server for Client  is listening at /0.0.0.0:38173
2023-03-23 08:05:05,082 [IPC Server Responder] INFO  ipc.Server (Server.java:run(1512)) - IPC Server Responder: starting
2023-03-23 08:05:05,094 [Listener at 0.0.0.0/38173] INFO  server.StorageContainerManager (StorageContainerManager.java:start(1457)) - ScmBlockLocationProtocol RPC server is listening at /0.0.0.0:34677
2023-03-23 08:05:05,095 [Listener at 0.0.0.0/38173] INFO  server.SCMBlockProtocolServer (SCMBlockProtocolServer.java:start(152)) - RPC server for Block Protocol is listening at /0.0.0.0:34677
2023-03-23 08:05:05,095 [IPC Server Responder] INFO  ipc.Server (Server.java:run(1512)) - IPC Server Responder: starting
2023-03-23 08:05:05,096 [IPC Server listener on 0] INFO  ipc.Server (Server.java:run(1352)) - IPC Server listener on 0: starting
2023-03-23 08:05:05,106 [Listener at 0.0.0.0/38173] INFO  server.SCMDatanodeProtocolServer (SCMDatanodeProtocolServer.java:start(193)) - ScmDatanodeProtocol RPC server for DataNodes is listening at /0.0.0.0:43035
2023-03-23 08:05:05,108 [IPC Server Responder] INFO  ipc.Server (Server.java:run(1512)) - IPC Server Responder: starting
2023-03-23 08:05:05,109 [IPC Server listener on 0] INFO  ipc.Server (Server.java:run(1352)) - IPC Server listener on 0: starting
2023-03-23 08:05:05,112 [IPC Server listener on 0] INFO  ipc.Server (Server.java:run(1352)) - IPC Server listener on 0: starting
2023-03-23 08:05:05,148 [org.apache.hadoop.util.JvmPauseMonitor$Monitor@225890bc] INFO  util.JvmPauseMonitor (JvmPauseMonitor.java:run(188)) - Starting JVM pause monitor
2023-03-23 08:05:05,161 [Listener at 0.0.0.0/38173] INFO  http.BaseHttpServer (BaseHttpServer.java:newHttpServer2BuilderForOzone(224)) - Starting Web-server for scm at: http://0.0.0.0:0
2023-03-23 08:05:05,162 [Listener at 0.0.0.0/38173] INFO  http.BaseHttpServer (BaseHttpServer.java:<init>(111)) - Hadoop Security Enabled: false Ozone Security Enabled: false Ozone HTTP Security Enabled: false 
2023-03-23 08:05:05,188 [Listener at 0.0.0.0/38173] INFO  util.log (Log.java:initialized(170)) - Logging initialized @4901ms to org.eclipse.jetty.util.log.Slf4jLog
2023-03-23 08:05:05,296 [Listener at 0.0.0.0/38173] WARN  server.AuthenticationFilter (AuthenticationFilter.java:constructSecretProvider(240)) - Unable to initialize FileSignerSecretProvider, falling back to use random secrets. Reason: Could not read signature secret file: /home/runner/hadoop-http-auth-signature-secret
2023-03-23 08:05:05,303 [Listener at 0.0.0.0/38173] WARN  http.HttpRequestLog (HttpRequestLog.java:getRequestLog(103)) - Jetty request log can only be enabled using Log4j
2023-03-23 08:05:05,311 [Listener at 0.0.0.0/38173] INFO  http.HttpServer2 (HttpServer2.java:addGlobalFilter(1031)) - Added global filter 'safety' (class=org.apache.hadoop.hdds.server.http.HttpServer2$QuotingInputFilter)
2023-03-23 08:05:05,314 [Listener at 0.0.0.0/38173] INFO  http.HttpServer2 (HttpServer2.java:addFilter(1007)) - Added filter static_user_filter (class=org.apache.hadoop.http.lib.StaticUserWebFilter$StaticUserFilter) to context scm
2023-03-23 08:05:05,314 [Listener at 0.0.0.0/38173] INFO  http.HttpServer2 (HttpServer2.java:addFilter(1015)) - Added filter static_user_filter (class=org.apache.hadoop.http.lib.StaticUserWebFilter$StaticUserFilter) to context static
2023-03-23 08:05:05,314 [Listener at 0.0.0.0/38173] INFO  http.HttpServer2 (HttpServer2.java:addFilter(1015)) - Added filter static_user_filter (class=org.apache.hadoop.http.lib.StaticUserWebFilter$StaticUserFilter) to context logs
2023-03-23 08:05:05,354 [Listener at 0.0.0.0/38173] INFO  http.BaseHttpServer (BaseHttpServer.java:<init>(190)) - HTTP server of scm uses base directory /home/runner/work/ozone/ozone/hadoop-ozone/integration-test/target/test-dir/MiniOzoneClusterImpl-2db357e6-2bf9-484c-8f04-13a4732d1f27/ozone-meta/webserver
2023-03-23 08:05:05,358 [Listener at 0.0.0.0/38173] INFO  http.HttpServer2 (HttpServer2.java:bindListener(1250)) - Jetty bound to port 43659
2023-03-23 08:05:05,359 [Listener at 0.0.0.0/38173] INFO  server.Server (Server.java:doStart(375)) - jetty-9.4.49.v20220914; built: 2022-09-14T01:07:36.601Z; git: 4231a3b2e4cb8548a412a789936d640a97b1aa0a; jvm 1.8.0_362-b09
2023-03-23 08:05:05,395 [Listener at 0.0.0.0/38173] INFO  server.session (DefaultSessionIdManager.java:doStart(334)) - DefaultSessionIdManager workerName=node0
2023-03-23 08:05:05,395 [Listener at 0.0.0.0/38173] INFO  server.session (DefaultSessionIdManager.java:doStart(339)) - No SessionScavenger set, using defaults
2023-03-23 08:05:05,397 [Listener at 0.0.0.0/38173] INFO  server.session (HouseKeeper.java:startScavenging(132)) - node0 Scavenging every 660000ms
2023-03-23 08:05:05,410 [Listener at 0.0.0.0/38173] INFO  handler.ContextHandler (ContextHandler.java:doStart(921)) - Started o.e.j.s.ServletContextHandler@40aaf656{logs,/logs,file:///home/runner/work/ozone/ozone/hadoop-ozone/integration-test/target/log,AVAILABLE}
2023-03-23 08:05:05,411 [Listener at 0.0.0.0/38173] INFO  handler.ContextHandler (ContextHandler.java:doStart(921)) - Started o.e.j.s.ServletContextHandler@55b7f9f1{static,/static,file:///home/runner/work/ozone/ozone/hadoop-ozone/integration-test/target/test-classes/webapps/static,AVAILABLE}
2023-03-23 08:05:05,469 [Listener at 0.0.0.0/38173] INFO  handler.ContextHandler (ContextHandler.java:doStart(921)) - Started o.e.j.w.WebAppContext@28f7cca4{scm,/,file:///home/runner/work/ozone/ozone/hadoop-ozone/integration-test/target/test-classes/webapps/scm/,AVAILABLE}{file:/home/runner/work/ozone/ozone/hadoop-ozone/integration-test/target/test-classes/webapps/scm}
2023-03-23 08:05:05,482 [Listener at 0.0.0.0/38173] INFO  server.AbstractConnector (AbstractConnector.java:doStart(333)) - Started ServerConnector@462deb2b{HTTP/1.1, (http/1.1)}{0.0.0.0:43659}
2023-03-23 08:05:05,482 [Listener at 0.0.0.0/38173] INFO  server.Server (Server.java:doStart(415)) - Started @5196ms
2023-03-23 08:05:05,485 [Listener at 0.0.0.0/38173] INFO  impl.MetricsSinkAdapter (MetricsSinkAdapter.java:start(204)) - Sink prometheus started
2023-03-23 08:05:05,485 [Listener at 0.0.0.0/38173] INFO  impl.MetricsSystemImpl (MetricsSystemImpl.java:registerSink(305)) - Registered sink prometheus
2023-03-23 08:05:05,487 [Listener at 0.0.0.0/38173] INFO  http.BaseHttpServer (BaseHttpServer.java:updateConnectorAddress(344)) - HTTP server of scm listening at http://0.0.0.0:43659
2023-03-23 08:05:05,488 [Listener at 0.0.0.0/38173] WARN  server.ServerUtils (ServerUtils.java:getDBPath(225)) - ozone.om.db.dirs is not configured. We recommend adding this setting. Falling back to ozone.metadata.dirs instead.
2023-03-23 08:05:05,534 [Listener at 0.0.0.0/38173] INFO  audit.AuditLogger (AuditLogger.java:refreshDebugCmdSet(126)) - Refresh DebugCmdSet for OMAudit to [].
2023-03-23 08:05:05,619 [Listener at 0.0.0.0/38173] INFO  ha.OMHANodeDetails (OMHANodeDetails.java:loadOMHAConfig(115)) - ozone.om.internal.service.id is not defined, falling back to ozone.om.service.ids to find serviceID for OzoneManager if it is HA enabled cluster
2023-03-23 08:05:05,623 [Listener at 0.0.0.0/38173] INFO  ha.OMHANodeDetails (OMHANodeDetails.java:loadOMHAConfig(226)) - Configuration does not have ozone.om.address set. Falling back to the default OM address /127.0.0.1:0
2023-03-23 08:05:05,623 [Listener at 0.0.0.0/38173] INFO  ha.OMHANodeDetails (OMHANodeDetails.java:getOMNodeDetailsForNonHA(254)) - OM Service ID is not set. Setting it to the default ID: omServiceIdDefault
2023-03-23 08:05:05,623 [Listener at 0.0.0.0/38173] INFO  ha.OMHANodeDetails (OMHANodeDetails.java:getOMNodeDetailsForNonHA(261)) - OM Node ID is not set. Setting it to the default ID: om1
2023-03-23 08:05:05,627 [Listener at 0.0.0.0/38173] WARN  server.ServerUtils (ServerUtils.java:getDBPath(225)) - ozone.om.db.dirs is not configured. We recommend adding this setting. Falling back to ozone.metadata.dirs instead.
2023-03-23 08:05:05,631 [Listener at 0.0.0.0/38173] INFO  upgrade.AbstractLayoutVersionManager (AbstractLayoutVersionManager.java:init(83)) - Initializing Layout version manager with metadata layout = MULTITENANCY_SCHEMA (version = 3), software layout = MULTITENANCY_SCHEMA (version = 3)
2023-03-23 08:05:05,728 [Listener at 0.0.0.0/38173] INFO  reflections.Reflections (Reflections.java:scan(232)) - Reflections took 92 ms to scan 2 urls, producing 167 keys and 466 values [using 2 cores]
2023-03-23 08:05:05,733 [Listener at 0.0.0.0/38173] INFO  upgrade.OMLayoutVersionManager (OMLayoutVersionManager.java:lambda$0(115)) - Skipping Upgrade Action MockOmUpgradeAction since it has been finalized.
2023-03-23 08:05:05,739 [Listener at 0.0.0.0/38173] WARN  server.ServerUtils (ServerUtils.java:getDBPath(225)) - ozone.om.db.dirs is not configured. We recommend adding this setting. Falling back to ozone.metadata.dirs instead.
2023-03-23 08:05:05,914 [Listener at 0.0.0.0/38173] INFO  proxy.SCMBlockLocationFailoverProxyProvider (SCMBlockLocationFailoverProxyProvider.java:<init>(114)) - Created block location fail-over proxy with 1 nodes: [nodeId=scmNodeId,nodeAddress=/0.0.0.0:34677]
2023-03-23 08:05:05,951 [Listener at 0.0.0.0/38173] INFO  proxy.SCMBlockLocationFailoverProxyProvider (SCMBlockLocationFailoverProxyProvider.java:<init>(114)) - Created block location fail-over proxy with 1 nodes: [nodeId=scmNodeId,nodeAddress=/0.0.0.0:34677]
2023-03-23 08:05:06,226 [Listener at 0.0.0.0/38173] INFO  om.OzoneManager (OzoneManager.java:<init>(619)) - OM start with adminUsers: [runner]
2023-03-23 08:05:06,238 [Listener at 0.0.0.0/38173] WARN  server.ServerUtils (ServerUtils.java:getDBPath(225)) - ozone.om.db.dirs is not configured. We recommend adding this setting. Falling back to ozone.metadata.dirs instead.
2023-03-23 08:05:06,246 [Listener at 0.0.0.0/38173] INFO  codec.OmKeyInfoCodec (OmKeyInfoCodec.java:<init>(49)) - OmKeyInfoCodec ignorePipeline = true
2023-03-23 08:05:06,248 [Listener at 0.0.0.0/38173] INFO  codec.RepeatedOmKeyInfoCodec (RepeatedOmKeyInfoCodec.java:<init>(41)) - RepeatedOmKeyInfoCodec ignorePipeline = true
2023-03-23 08:05:06,499 [Listener at 0.0.0.0/38173] INFO  om.OzoneManager (OzoneManager.java:instantiateServices(749)) - S3 Multi-Tenancy is disabled
2023-03-23 08:05:06,529 [Listener at 0.0.0.0/38173] WARN  server.ServerUtils (ServerUtils.java:getDBPath(225)) - ozone.om.snapshot.diff.db.dir is not configured. We recommend adding this setting. Falling back to ozone.metadata.dirs instead.
2023-03-23 08:05:06,622 [Listener at 0.0.0.0/38173] INFO  om.OzoneManager (OzoneManager.java:addS3GVolumeToDB(4221)) - Created Volume s3v With Owner runner required for S3Gateway operations.
2023-03-23 08:05:06,689 [Listener at 0.0.0.0/38173] WARN  server.ServerUtils (ServerUtils.java:getDefaultRatisDirectory(237)) - Storage directory for Ratis is not configured. It is a good idea to map this to an SSD disk. Falling back to ozone.metadata.dirs
2023-03-23 08:05:06,689 [Listener at 0.0.0.0/38173] WARN  utils.OzoneManagerRatisUtils (OzoneManagerRatisUtils.java:getOMRatisSnapshotDirectory(442)) - ozone.om.ratis.snapshot.dir is not configured. Falling back to ozone.metadata.dirs config
2023-03-23 08:05:06,708 [Listener at 0.0.0.0/38173] WARN  server.ServerUtils (ServerUtils.java:getDefaultRatisDirectory(237)) - Storage directory for Ratis is not configured. It is a good idea to map this to an SSD disk. Falling back to ozone.metadata.dirs
2023-03-23 08:05:06,738 [Listener at 0.0.0.0/38173] INFO  ratis.OzoneManagerRatisServer (OzoneManagerRatisServer.java:<init>(164)) - Instantiating OM Ratis server with groupID: omServiceIdDefault and peers: localhost:9872
2023-03-23 08:05:06,747 [Listener at 0.0.0.0/38173] INFO  ratis.OzoneManagerStateMachine (OzoneManagerStateMachine.java:loadSnapshotInfoFromDB(636)) - LastAppliedIndex is set from TransactionInfo from OM DB as (t:0, i:~)
2023-03-23 08:05:06,798 [Listener at 0.0.0.0/38173] INFO  server.RaftServer (ConfUtils.java:logGet(46)) - raft.rpc.type = GRPC (default)
2023-03-23 08:05:06,873 [Listener at 0.0.0.0/38173] INFO  grpc.GrpcConfigKeys (ConfUtils.java:logFallback(53)) - raft.grpc.admin.host = null (fallback to raft.grpc.server.host)
2023-03-23 08:05:06,874 [Listener at 0.0.0.0/38173] INFO  grpc.GrpcConfigKeys (ConfUtils.java:logFallback(53)) - raft.grpc.admin.port = 9872 (fallback to raft.grpc.server.port)
2023-03-23 08:05:06,875 [Listener at 0.0.0.0/38173] INFO  grpc.GrpcConfigKeys (ConfUtils.java:logFallback(53)) - raft.grpc.client.host = null (fallback to raft.grpc.server.host)
2023-03-23 08:05:06,875 [Listener at 0.0.0.0/38173] INFO  grpc.GrpcConfigKeys (ConfUtils.java:logFallback(53)) - raft.grpc.client.port = 9872 (fallback to raft.grpc.server.port)
2023-03-23 08:05:06,876 [Listener at 0.0.0.0/38173] INFO  grpc.GrpcConfigKeys (ConfUtils.java:logGet(46)) - raft.grpc.server.host = null (default)
2023-03-23 08:05:06,876 [Listener at 0.0.0.0/38173] INFO  grpc.GrpcConfigKeys (ConfUtils.java:logGet(46)) - raft.grpc.server.port = 9872 (custom)
2023-03-23 08:05:06,877 [Listener at 0.0.0.0/38173] INFO  server.GrpcService (ConfUtils.java:logGet(46)) - raft.grpc.message.size.max = 33554432 (custom)
2023-03-23 08:05:06,878 [Listener at 0.0.0.0/38173] INFO  server.RaftServerConfigKeys (ConfUtils.java:logGet(46)) - raft.server.log.appender.buffer.byte-limit = 33554432 (custom)
2023-03-23 08:05:06,878 [Listener at 0.0.0.0/38173] INFO  server.GrpcService (ConfUtils.java:logGet(46)) - raft.grpc.flow.control.window = 1MB (=1048576) (default)
2023-03-23 08:05:06,879 [Listener at 0.0.0.0/38173] INFO  server.RaftServerConfigKeys (ConfUtils.java:logGet(46)) - raft.server.rpc.request.timeout = 3000ms (default)
2023-03-23 08:05:06,894 [Listener at 0.0.0.0/38173] INFO  grpc.GrpcConfigKeys (ConfUtils.java:logGet(46)) - raft.grpc.server.heartbeat.channel = true (default)
2023-03-23 08:05:06,896 [Listener at 0.0.0.0/38173] INFO  grpc.GrpcConfigKeys (ConfUtils.java:logGet(46)) - raft.grpc.server.async.request.thread.pool.cached = true (default)
2023-03-23 08:05:06,897 [Listener at 0.0.0.0/38173] INFO  grpc.GrpcConfigKeys (ConfUtils.java:logGet(46)) - raft.grpc.server.async.request.thread.pool.size = 32 (default)
2023-03-23 08:05:07,132 [Listener at 0.0.0.0/38173] INFO  impl.DataStreamServerImpl (ConfUtils.java:logGet(46)) - raft.datastream.type = DISABLED (default)
2023-03-23 08:05:07,135 [Listener at 0.0.0.0/38173] INFO  server.RaftServerConfigKeys (ConfUtils.java:logGet(46)) - raft.server.threadpool.proxy.cached = true (default)
2023-03-23 08:05:07,135 [Listener at 0.0.0.0/38173] INFO  server.RaftServerConfigKeys (ConfUtils.java:logGet(46)) - raft.server.threadpool.proxy.size = 0 (default)
2023-03-23 08:05:07,136 [Listener at 0.0.0.0/38173] INFO  server.RaftServerConfigKeys (ConfUtils.java:logGet(46)) - raft.server.rpc.slowness.timeout = 120s (custom)
2023-03-23 08:05:07,136 [Listener at 0.0.0.0/38173] INFO  server.RaftServerConfigKeys (ConfUtils.java:logGet(46)) - raft.server.leaderelection.leader.step-down.wait-time = 10s (default)
2023-03-23 08:05:07,140 [Listener at 0.0.0.0/38173] INFO  server.RaftServerConfigKeys (ConfUtils.java:logGet(46)) - raft.server.storage.dir = [/home/runner/work/ozone/ozone/hadoop-ozone/integration-test/target/test-dir/MiniOzoneClusterImpl-2db357e6-2bf9-484c-8f04-13a4732d1f27/ozone-meta/ratis] (custom)
2023-03-23 08:05:07,150 [Listener at 0.0.0.0/38173] INFO  server.RaftServer (RaftServerProxy.java:addNew(96)) - om1: addNew group-C5BA1605619E:[om1|rpc:localhost:9872|priority:0|startupRole:FOLLOWER] returns group-C5BA1605619E:java.util.concurrent.CompletableFuture@7d9c448f[Not completed]
2023-03-23 08:05:07,150 [Listener at 0.0.0.0/38173] INFO  om.OzoneManager (OzoneManager.java:initializeRatisServer(2096)) - OzoneManager Ratis server initialized at port 9872
2023-03-23 08:05:07,153 [Listener at 0.0.0.0/38173] INFO  om.OzoneManager (OzoneManager.java:getRpcServer(1132)) - Creating RPC Server
2023-03-23 08:05:07,196 [pool-57-thread-1] INFO  server.RaftServer$Division (RaftServerImpl.java:<init>(195)) - om1: new RaftServerImpl for group-C5BA1605619E:[om1|rpc:localhost:9872|priority:0|startupRole:FOLLOWER] with OzoneManagerStateMachine:uninitialized
2023-03-23 08:05:07,198 [pool-57-thread-1] INFO  server.RaftServerConfigKeys (ConfUtils.java:logGet(46)) - raft.server.rpc.timeout.min = 1s (custom)
2023-03-23 08:05:07,199 [pool-57-thread-1] INFO  server.RaftServerConfigKeys (ConfUtils.java:logGet(46)) - raft.server.rpc.timeout.max = 1200ms (custom)
2023-03-23 08:05:07,199 [pool-57-thread-1] INFO  server.RaftServerConfigKeys (ConfUtils.java:logGet(46)) - raft.server.rpc.sleep.time = 25ms (default)
2023-03-23 08:05:07,199 [pool-57-thread-1] INFO  server.RaftServerConfigKeys (ConfUtils.java:logGet(46)) - raft.server.rpc.slowness.timeout = 120s (custom)
2023-03-23 08:05:07,199 [pool-57-thread-1] INFO  server.RaftServerConfigKeys (ConfUtils.java:logGet(46)) - raft.server.leaderelection.leader.step-down.wait-time = 10s (default)
2023-03-23 08:05:07,199 [pool-57-thread-1] INFO  server.RaftServerConfigKeys (ConfUtils.java:logGet(46)) - raft.server.sleep.deviation.threshold = 300ms (default)
2023-03-23 08:05:07,212 [pool-57-thread-1] INFO  server.RaftServer$Division (ServerState.java:<init>(118)) - om1@group-C5BA1605619E: ConfigurationManager, init=-1: peers:[om1|rpc:localhost:9872|priority:0|startupRole:FOLLOWER]|listeners:[], old=null, confs=<EMPTY_MAP>
2023-03-23 08:05:07,212 [pool-57-thread-1] INFO  server.RaftServerConfigKeys (ConfUtils.java:logGet(46)) - raft.server.storage.dir = [/home/runner/work/ozone/ozone/hadoop-ozone/integration-test/target/test-dir/MiniOzoneClusterImpl-2db357e6-2bf9-484c-8f04-13a4732d1f27/ozone-meta/ratis] (custom)
2023-03-23 08:05:07,223 [pool-57-thread-1] INFO  server.RaftServerConfigKeys (ConfUtils.java:logGet(46)) - raft.server.log.corruption.policy = EXCEPTION (default)
2023-03-23 08:05:07,223 [pool-57-thread-1] INFO  server.RaftServerConfigKeys (ConfUtils.java:logGet(46)) - raft.server.storage.free-space.min = 0MB (=0) (default)
2023-03-23 08:05:07,242 [pool-57-thread-1] INFO  server.RaftServerConfigKeys (ConfUtils.java:logGet(46)) - raft.server.notification.no-leader.timeout = 120s (custom)
2023-03-23 08:05:07,245 [pool-57-thread-1] INFO  server.RaftServerConfigKeys (ConfUtils.java:logGet(46)) - raft.server.retrycache.expirytime = 300s (custom)
2023-03-23 08:05:07,245 [pool-57-thread-1] INFO  server.RaftServerConfigKeys (ConfUtils.java:logGet(46)) - raft.server.retrycache.statistics.expirytime = 100μs (default)
2023-03-23 08:05:07,370 [pool-57-thread-1] INFO  server.RaftServerConfigKeys (ConfUtils.java:logGet(46)) - raft.server.log.appender.install.snapshot.enabled = false (custom)
2023-03-23 08:05:07,372 [pool-57-thread-1] INFO  server.RaftServerConfigKeys (ConfUtils.java:logGet(46)) - raft.server.threadpool.server.cached = true (default)
2023-03-23 08:05:07,373 [pool-57-thread-1] INFO  server.RaftServerConfigKeys (ConfUtils.java:logGet(46)) - raft.server.threadpool.server.size = 0 (default)
2023-03-23 08:05:07,374 [pool-57-thread-1] INFO  server.RaftServerConfigKeys (ConfUtils.java:logGet(46)) - raft.server.threadpool.client.cached = true (default)
2023-03-23 08:05:07,374 [pool-57-thread-1] INFO  server.RaftServerConfigKeys (ConfUtils.java:logGet(46)) - raft.server.threadpool.client.size = 0 (default)
2023-03-23 08:05:07,417 [Finalizer] WARN  managed.ManagedRocksObjectUtils (ManagedRocksObjectUtils.java:assertClosed(54)) - ManagedColumnFamilyOptions is not closed properly
2023-03-23 08:05:07,417 [Finalizer] WARN  managed.ManagedRocksObjectUtils (ManagedRocksObjectUtils.java:assertClosed(54)) - RocksIterator is not closed properly
2023-03-23 08:05:07,922 [Listener at 0.0.0.0/38173] INFO  reflections.Reflections (Reflections.java:scan(232)) - Reflections took 676 ms to scan 19 urls, producing 68 keys and 4968 values [using 2 cores]
2023-03-23 08:05:08,289 [Listener at 0.0.0.0/38173] INFO  ipc.CallQueueManager (CallQueueManager.java:<init>(90)) - Using callQueue: class java.util.concurrent.LinkedBlockingQueue, queueCapacity: 2000, scheduler: class org.apache.hadoop.ipc.DefaultRpcScheduler, ipcBackoff: false.
2023-03-23 08:05:08,290 [Socket Reader #1 for port 0] INFO  ipc.Server (Server.java:run(1273)) - Starting Socket Reader #1 for port 0
2023-03-23 08:05:08,323 [Listener at 127.0.0.1/41453] INFO  impl.MetricsSystemImpl (MetricsSystemImpl.java:init(158)) - OzoneManager metrics system started (again)
2023-03-23 08:05:08,338 [Listener at 127.0.0.1/41453] INFO  om.OzoneManager (OzoneManager.java:start(1553)) - OzoneManager RPC server is listening at localhost/127.0.0.1:41453
2023-03-23 08:05:08,338 [Listener at 127.0.0.1/41453] INFO  ratis.OzoneManagerRatisServer (OzoneManagerRatisServer.java:start(559)) - Starting OzoneManagerRatisServer om1 at port 9872
2023-03-23 08:05:08,343 [om1-impl-thread1] INFO  storage.RaftStorageDirectory (RaftStorageDirectoryImpl.java:analyzeStorage(137)) - The storage directory /home/runner/work/ozone/ozone/hadoop-ozone/integration-test/target/test-dir/MiniOzoneClusterImpl-2db357e6-2bf9-484c-8f04-13a4732d1f27/ozone-meta/ratis/bf265839-605b-3f16-9796-c5ba1605619e does not exist. Creating ...
2023-03-23 08:05:08,347 [om1-impl-thread1] INFO  storage.RaftStorageDirectory (RaftStorageDirectoryImpl.java:tryLock(231)) - Lock on /home/runner/work/ozone/ozone/hadoop-ozone/integration-test/target/test-dir/MiniOzoneClusterImpl-2db357e6-2bf9-484c-8f04-13a4732d1f27/ozone-meta/ratis/bf265839-605b-3f16-9796-c5ba1605619e/in_use.lock acquired by nodename 6812@fv-az105-497
2023-03-23 08:05:08,352 [om1-impl-thread1] INFO  storage.RaftStorage (RaftStorageImpl.java:format(96)) - Storage directory /home/runner/work/ozone/ozone/hadoop-ozone/integration-test/target/test-dir/MiniOzoneClusterImpl-2db357e6-2bf9-484c-8f04-13a4732d1f27/ozone-meta/ratis/bf265839-605b-3f16-9796-c5ba1605619e has been successfully formatted.
2023-03-23 08:05:08,354 [om1-impl-thread1] INFO  server.RaftServerConfigKeys (ConfUtils.java:logGet(46)) - raft.server.log.use.memory = false (default)
2023-03-23 08:05:08,361 [om1-impl-thread1] INFO  server.RaftServerConfigKeys (ConfUtils.java:logGet(46)) - raft.server.log.purge.gap = 1000000 (custom)
2023-03-23 08:05:08,361 [om1-impl-thread1] INFO  server.RaftServerConfigKeys (ConfUtils.java:logGet(46)) - raft.server.log.appender.buffer.byte-limit = 33554432 (custom)
2023-03-23 08:05:08,363 [om1-impl-thread1] INFO  server.RaftServerConfigKeys (ConfUtils.java:logGet(46)) - raft.server.log.statemachine.data.read.timeout = 1000ms (default)
2023-03-23 08:05:08,364 [om1-impl-thread1] INFO  server.RaftServerConfigKeys (ConfUtils.java:logGet(46)) - raft.server.log.purge.preservation.log.num = 0 (default)
2023-03-23 08:05:08,366 [om1-impl-thread1] INFO  server.RaftServerConfigKeys (ConfUtils.java:logGet(46)) - raft.server.log.segment.size.max = 4194304 (custom)
2023-03-23 08:05:08,371 [om1-impl-thread1] INFO  server.RaftServerConfigKeys (ConfUtils.java:logGet(46)) - raft.server.log.segment.cache.num.max = 2 (custom)
2023-03-23 08:05:08,371 [om1-impl-thread1] INFO  server.RaftServerConfigKeys (ConfUtils.java:logGet(46)) - raft.server.log.segment.cache.size.max = 200MB (=209715200) (default)
2023-03-23 08:05:08,377 [om1-impl-thread1] INFO  segmented.SegmentedRaftLogWorker (SegmentedRaftLogWorker.java:<init>(189)) - new om1@group-C5BA1605619E-SegmentedRaftLogWorker for RaftStorageImpl:Storage Directory /home/runner/work/ozone/ozone/hadoop-ozone/integration-test/target/test-dir/MiniOzoneClusterImpl-2db357e6-2bf9-484c-8f04-13a4732d1f27/ozone-meta/ratis/bf265839-605b-3f16-9796-c5ba1605619e
2023-03-23 08:05:08,377 [om1-impl-thread1] INFO  server.RaftServerConfigKeys (ConfUtils.java:logGet(46)) - raft.server.log.queue.byte-limit = 64MB (=67108864) (default)
2023-03-23 08:05:08,377 [om1-impl-thread1] INFO  server.RaftServerConfigKeys (ConfUtils.java:logGet(46)) - raft.server.log.queue.element-limit = 4096 (default)
2023-03-23 08:05:08,378 [om1-impl-thread1] INFO  server.RaftServerConfigKeys (ConfUtils.java:logGet(46)) - raft.server.log.segment.size.max = 4194304 (custom)
2023-03-23 08:05:08,379 [om1-impl-thread1] INFO  server.RaftServerConfigKeys (ConfUtils.java:logGet(46)) - raft.server.log.preallocated.size = 4194304 (custom)
2023-03-23 08:05:08,379 [om1-impl-thread1] INFO  server.RaftServerConfigKeys (ConfUtils.java:logGet(46)) - raft.server.log.force.sync.num = 128 (default)
2023-03-23 08:05:08,380 [om1-impl-thread1] INFO  server.RaftServerConfigKeys (ConfUtils.java:logGet(46)) - raft.server.log.statemachine.data.sync = true (default)
2023-03-23 08:05:08,380 [om1-impl-thread1] INFO  server.RaftServerConfigKeys (ConfUtils.java:logGet(46)) - raft.server.log.statemachine.data.sync.timeout = 10s (default)
2023-03-23 08:05:08,380 [om1-impl-thread1] INFO  server.RaftServerConfigKeys (ConfUtils.java:logGet(46)) - raft.server.log.statemachine.data.sync.timeout.retry = -1 (default)
2023-03-23 08:05:08,389 [om1-impl-thread1] INFO  server.RaftServerConfigKeys (ConfUtils.java:logGet(46)) - raft.server.log.write.buffer.size = 64KB (=65536) (default)
2023-03-23 08:05:08,389 [om1-impl-thread1] INFO  server.RaftServerConfigKeys (ConfUtils.java:logGet(46)) - raft.server.log.appender.buffer.byte-limit = 33554432 (custom)
2023-03-23 08:05:08,395 [om1-impl-thread1] INFO  server.RaftServerConfigKeys (ConfUtils.java:logGet(46)) - raft.server.log.unsafe-flush.enabled = false (default)
2023-03-23 08:05:08,395 [om1-impl-thread1] INFO  server.RaftServerConfigKeys (ConfUtils.java:logGet(46)) - raft.server.log.async-flush.enabled = false (default)
2023-03-23 08:05:08,395 [om1-impl-thread1] INFO  server.RaftServerConfigKeys (ConfUtils.java:logGet(46)) - raft.server.log.statemachine.data.caching.enabled = false (default)
2023-03-23 08:05:08,401 [om1-impl-thread1] INFO  segmented.SegmentedRaftLogWorker (SegmentedRaftLogWorker.java:lambda$new$0(135)) - om1@group-C5BA1605619E-SegmentedRaftLogWorker: flushIndex: setUnconditionally 0 -> -1
2023-03-23 08:05:08,402 [om1-impl-thread1] INFO  segmented.SegmentedRaftLogWorker (SegmentedRaftLogWorker.java:lambda$new$0(135)) - om1@group-C5BA1605619E-SegmentedRaftLogWorker: safeCacheEvictIndex: setUnconditionally 0 -> -1
2023-03-23 08:05:08,403 [om1-impl-thread1] INFO  server.RaftServer$Division (RaftServerImpl.java:start(334)) - om1@group-C5BA1605619E: start as a follower, conf=-1: peers:[om1|rpc:localhost:9872|priority:0|startupRole:FOLLOWER]|listeners:[], old=null
2023-03-23 08:05:08,404 [om1-impl-thread1] INFO  server.RaftServer$Division (RaftServerImpl.java:setRole(321)) - om1@group-C5BA1605619E: changes role from      null to FOLLOWER at term 0 for startAsFollower
2023-03-23 08:05:08,406 [om1-impl-thread1] INFO  impl.RoleInfo (RoleInfo.java:updateAndGet(139)) - om1: start om1@group-C5BA1605619E-FollowerState
2023-03-23 08:05:08,407 [om1-impl-thread1] INFO  util.JmxRegister (JmxRegister.java:tryRegister(44)) - Successfully registered JMX Bean with object name Ratis:service=RaftServer,group=group-C5BA1605619E,id=om1
2023-03-23 08:05:08,409 [om1-impl-thread1] INFO  server.RaftServerConfigKeys (ConfUtils.java:logGet(46)) - raft.server.snapshot.auto.trigger.enabled = true (custom)
2023-03-23 08:05:08,409 [om1-impl-thread1] INFO  server.RaftServerConfigKeys (ConfUtils.java:logGet(46)) - raft.server.snapshot.auto.trigger.threshold = 400000 (default)
2023-03-23 08:05:08,410 [om1-impl-thread1] INFO  server.RaftServerConfigKeys (ConfUtils.java:logGet(46)) - raft.server.snapshot.retention.file.num = -1 (default)
2023-03-23 08:05:08,410 [om1-impl-thread1] INFO  server.RaftServerConfigKeys (ConfUtils.java:logGet(46)) - raft.server.log.purge.upto.snapshot.index = true (custom)
2023-03-23 08:05:08,413 [om1@group-C5BA1605619E-FollowerState] INFO  server.RaftServerConfigKeys (ConfUtils.java:logFallback(53)) - raft.server.rpc.first-election.timeout.min = 1s (fallback to raft.server.rpc.timeout.min)
2023-03-23 08:05:08,413 [om1@group-C5BA1605619E-FollowerState] INFO  server.RaftServerConfigKeys (ConfUtils.java:logFallback(53)) - raft.server.rpc.first-election.timeout.max = 1200ms (fallback to raft.server.rpc.timeout.max)
2023-03-23 08:05:08,413 [Listener at 127.0.0.1/41453] INFO  server.RaftServer (RaftServerProxy.java:startImpl(393)) - om1: start RPC server
2023-03-23 08:05:08,464 [Listener at 127.0.0.1/41453] INFO  server.GrpcService (GrpcService.java:startImpl(262)) - om1: GrpcService started, listening on 9872
2023-03-23 08:05:08,468 [Listener at 127.0.0.1/41453] INFO  om.OzoneManager (OzoneManager.java:start(1569)) - Version File has different layout version (3) than OM DB (null). That is expected if this OM has never been finalized to a newer layout version.
2023-03-23 08:05:08,470 [JvmPauseMonitor0] INFO  util.JvmPauseMonitor (JvmPauseMonitor.java:run(105)) - JvmPauseMonitor-om1: Started
2023-03-23 08:05:08,491 [Listener at 127.0.0.1/41453] INFO  http.BaseHttpServer (BaseHttpServer.java:newHttpServer2BuilderForOzone(224)) - Starting Web-server for ozoneManager at: http://0.0.0.0:0
2023-03-23 08:05:08,491 [Listener at 127.0.0.1/41453] INFO  http.BaseHttpServer (BaseHttpServer.java:<init>(111)) - Hadoop Security Enabled: false Ozone Security Enabled: false Ozone HTTP Security Enabled: false 
2023-03-23 08:05:08,493 [Listener at 127.0.0.1/41453] WARN  server.AuthenticationFilter (AuthenticationFilter.java:constructSecretProvider(240)) - Unable to initialize FileSignerSecretProvider, falling back to use random secrets. Reason: Could not read signature secret file: /home/runner/hadoop-http-auth-signature-secret
2023-03-23 08:05:08,494 [Listener at 127.0.0.1/41453] WARN  http.HttpRequestLog (HttpRequestLog.java:getRequestLog(103)) - Jetty request log can only be enabled using Log4j
2023-03-23 08:05:08,503 [Listener at 127.0.0.1/41453] INFO  http.HttpServer2 (HttpServer2.java:addGlobalFilter(1031)) - Added global filter 'safety' (class=org.apache.hadoop.hdds.server.http.HttpServer2$QuotingInputFilter)
2023-03-23 08:05:08,507 [Listener at 127.0.0.1/41453] INFO  http.HttpServer2 (HttpServer2.java:addFilter(1007)) - Added filter static_user_filter (class=org.apache.hadoop.http.lib.StaticUserWebFilter$StaticUserFilter) to context ozoneManager
2023-03-23 08:05:08,509 [Listener at 127.0.0.1/41453] INFO  http.HttpServer2 (HttpServer2.java:addFilter(1015)) - Added filter static_user_filter (class=org.apache.hadoop.http.lib.StaticUserWebFilter$StaticUserFilter) to context logs
2023-03-23 08:05:08,509 [Listener at 127.0.0.1/41453] INFO  http.HttpServer2 (HttpServer2.java:addFilter(1015)) - Added filter static_user_filter (class=org.apache.hadoop.http.lib.StaticUserWebFilter$StaticUserFilter) to context static
2023-03-23 08:05:08,513 [Listener at 127.0.0.1/41453] INFO  http.BaseHttpServer (BaseHttpServer.java:<init>(190)) - HTTP server of ozoneManager uses base directory /home/runner/work/ozone/ozone/hadoop-ozone/integration-test/target/test-dir/MiniOzoneClusterImpl-2db357e6-2bf9-484c-8f04-13a4732d1f27/ozone-meta/webserver
2023-03-23 08:05:08,518 [Listener at 127.0.0.1/41453] INFO  http.HttpServer2 (HttpServer2.java:bindListener(1250)) - Jetty bound to port 40925
2023-03-23 08:05:08,518 [Listener at 127.0.0.1/41453] INFO  server.Server (Server.java:doStart(375)) - jetty-9.4.49.v20220914; built: 2022-09-14T01:07:36.601Z; git: 4231a3b2e4cb8548a412a789936d640a97b1aa0a; jvm 1.8.0_362-b09
2023-03-23 08:05:08,554 [Listener at 127.0.0.1/41453] INFO  server.session (DefaultSessionIdManager.java:doStart(334)) - DefaultSessionIdManager workerName=node0
2023-03-23 08:05:08,554 [Listener at 127.0.0.1/41453] INFO  server.session (DefaultSessionIdManager.java:doStart(339)) - No SessionScavenger set, using defaults
2023-03-23 08:05:08,554 [Listener at 127.0.0.1/41453] INFO  server.session (HouseKeeper.java:startScavenging(132)) - node0 Scavenging every 660000ms
2023-03-23 08:05:08,559 [Listener at 127.0.0.1/41453] INFO  handler.ContextHandler (ContextHandler.java:doStart(921)) - Started o.e.j.s.ServletContextHandler@79251dae{logs,/logs,file:///home/runner/work/ozone/ozone/hadoop-ozone/integration-test/target/log,AVAILABLE}
2023-03-23 08:05:08,560 [Listener at 127.0.0.1/41453] INFO  handler.ContextHandler (ContextHandler.java:doStart(921)) - Started o.e.j.s.ServletContextHandler@13de9510{static,/static,file:///home/runner/work/ozone/ozone/hadoop-ozone/integration-test/target/test-classes/webapps/static,AVAILABLE}
2023-03-23 08:05:08,565 [Listener at 127.0.0.1/41453] INFO  handler.ContextHandler (ContextHandler.java:doStart(921)) - Started o.e.j.w.WebAppContext@5ad07e46{ozoneManager,/,file:///home/runner/work/ozone/ozone/hadoop-ozone/integration-test/target/test-classes/webapps/ozoneManager/,AVAILABLE}{file:/home/runner/work/ozone/ozone/hadoop-ozone/integration-test/target/test-classes/webapps/ozoneManager}
2023-03-23 08:05:08,568 [Listener at 127.0.0.1/41453] INFO  server.AbstractConnector (AbstractConnector.java:doStart(333)) - Started ServerConnector@44517251{HTTP/1.1, (http/1.1)}{0.0.0.0:40925}
2023-03-23 08:05:08,568 [Listener at 127.0.0.1/41453] INFO  server.Server (Server.java:doStart(415)) - Started @8282ms
2023-03-23 08:05:08,568 [Listener at 127.0.0.1/41453] WARN  impl.MetricsSystemImpl (MetricsSystemImpl.java:register(279)) - Sink prometheus already exists!
2023-03-23 08:05:08,569 [Listener at 127.0.0.1/41453] INFO  http.BaseHttpServer (BaseHttpServer.java:updateConnectorAddress(344)) - HTTP server of ozoneManager listening at http://0.0.0.0:40925
2023-03-23 08:05:08,574 [IPC Server Responder] INFO  ipc.Server (Server.java:run(1512)) - IPC Server Responder: starting
2023-03-23 08:05:08,582 [IPC Server listener on 0] INFO  ipc.Server (Server.java:run(1352)) - IPC Server listener on 0: starting
2023-03-23 08:05:08,658 [Listener at 127.0.0.1/41453] INFO  om.OzoneManager (OzoneManager.java:startTrashEmptier(2040)) - Trash Interval set to 0. Files deleted won't move to trash
2023-03-23 08:05:08,669 [org.apache.hadoop.util.JvmPauseMonitor$Monitor@791a2fb8] INFO  util.JvmPauseMonitor (JvmPauseMonitor.java:run(188)) - Starting JVM pause monitor
2023-03-23 08:05:08,843 [Listener at 127.0.0.1/41453] WARN  impl.MetricRegistriesImpl (MetricRegistriesImpl.java:addReporterRegistration(111)) - New reporters are added after registries were created. Some metrics will be missing from the reporter. Please add reporter before adding any new registry.
2023-03-23 08:05:08,843 [Listener at 127.0.0.1/41453] WARN  impl.MetricRegistriesImpl (MetricRegistriesImpl.java:addReporterRegistration(111)) - New reporters are added after registries were created. Some metrics will be missing from the reporter. Please add reporter before adding any new registry.
2023-03-23 08:05:08,843 [Listener at 127.0.0.1/41453] INFO  impl.MetricsSystemImpl (MetricsSystemImpl.java:init(158)) - HddsDatanode metrics system started (again)
2023-03-23 08:05:08,861 [Listener at 127.0.0.1/41453] INFO  ozone.HddsDatanodeService (HddsDatanodeService.java:start(249)) - HddsDatanodeService host:fv-az105-497.wy5h1aom0jgehahef1oyr10hrc.bx.internal.cloudapp.net ip:10.1.0.214
2023-03-23 08:05:08,891 [Listener at 127.0.0.1/41453] INFO  upgrade.AbstractLayoutVersionManager (AbstractLayoutVersionManager.java:init(83)) - Initializing Layout version manager with metadata layout = DATANODE_SCHEMA_V3 (version = 4), software layout = DATANODE_SCHEMA_V3 (version = 4)
2023-03-23 08:05:08,952 [Listener at 127.0.0.1/41453] INFO  reflections.Reflections (Reflections.java:scan(232)) - Reflections took 59 ms to scan 7 urls, producing 155 keys and 368 values 
2023-03-23 08:05:08,956 [Listener at 127.0.0.1/41453] INFO  statemachine.DatanodeStateMachine (DatanodeStateMachine.java:getEndPointTaskThreadPoolSize(260)) - Datanode State Machine Task Thread Pool size 2
2023-03-23 08:05:09,018 [Listener at 127.0.0.1/41453] INFO  volume.HddsVolume (HddsVolume.java:<init>(130)) - Creating HddsVolume: /home/runner/work/ozone/ozone/hadoop-ozone/integration-test/target/test-dir/MiniOzoneClusterImpl-2db357e6-2bf9-484c-8f04-13a4732d1f27/datanode-0/data-0/containers/hdds of storage type : DISK capacity : 9223372036854775807
2023-03-23 08:05:09,020 [Listener at 127.0.0.1/41453] INFO  volume.MutableVolumeSet (MutableVolumeSet.java:initializeVolumeSet(175)) - Added Volume : /home/runner/work/ozone/ozone/hadoop-ozone/integration-test/target/test-dir/MiniOzoneClusterImpl-2db357e6-2bf9-484c-8f04-13a4732d1f27/datanode-0/data-0/containers/hdds to VolumeSet
2023-03-23 08:05:09,022 [Listener at 127.0.0.1/41453] INFO  volume.ThrottledAsyncChecker (ThrottledAsyncChecker.java:schedule(141)) - Scheduling a check for /home/runner/work/ozone/ozone/hadoop-ozone/integration-test/target/test-dir/MiniOzoneClusterImpl-2db357e6-2bf9-484c-8f04-13a4732d1f27/datanode-0/data-0/containers/hdds
2023-03-23 08:05:09,043 [Listener at 127.0.0.1/41453] INFO  volume.StorageVolumeChecker (StorageVolumeChecker.java:checkAllVolumes(202)) - Scheduled health check for volume /home/runner/work/ozone/ozone/hadoop-ozone/integration-test/target/test-dir/MiniOzoneClusterImpl-2db357e6-2bf9-484c-8f04-13a4732d1f27/datanode-0/data-0/containers/hdds
2023-03-23 08:05:09,062 [Listener at 127.0.0.1/41453] INFO  volume.MutableVolumeSet (MutableVolumeSet.java:initializeVolumeSet(175)) - Added Volume : /home/runner/work/ozone/ozone/hadoop-ozone/integration-test/target/test-dir/MiniOzoneClusterImpl-2db357e6-2bf9-484c-8f04-13a4732d1f27/datanode-0/data/ratis to VolumeSet
2023-03-23 08:05:09,062 [Listener at 127.0.0.1/41453] INFO  volume.ThrottledAsyncChecker (ThrottledAsyncChecker.java:schedule(141)) - Scheduling a check for /home/runner/work/ozone/ozone/hadoop-ozone/integration-test/target/test-dir/MiniOzoneClusterImpl-2db357e6-2bf9-484c-8f04-13a4732d1f27/datanode-0/data/ratis
2023-03-23 08:05:09,062 [Listener at 127.0.0.1/41453] INFO  volume.StorageVolumeChecker (StorageVolumeChecker.java:checkAllVolumes(202)) - Scheduled health check for volume /home/runner/work/ozone/ozone/hadoop-ozone/integration-test/target/test-dir/MiniOzoneClusterImpl-2db357e6-2bf9-484c-8f04-13a4732d1f27/datanode-0/data/ratis
2023-03-23 08:05:09,086 [Thread-137] INFO  ozoneimpl.ContainerReader (ContainerReader.java:readVolume(175)) - Finish verifying containers on volume /home/runner/work/ozone/ozone/hadoop-ozone/integration-test/target/test-dir/MiniOzoneClusterImpl-2db357e6-2bf9-484c-8f04-13a4732d1f27/datanode-0/data-0/containers/hdds
2023-03-23 08:05:09,086 [Listener at 127.0.0.1/41453] INFO  ozoneimpl.OzoneContainer (OzoneContainer.java:buildContainerSet(307)) - Build ContainerSet costs 0s
2023-03-23 08:05:09,138 [Listener at 127.0.0.1/41453] INFO  audit.AuditLogger (AuditLogger.java:refreshDebugCmdSet(126)) - Refresh DebugCmdSet for DNAudit to [].
2023-03-23 08:05:09,168 [Listener at 127.0.0.1/41453] INFO  server.RaftServer (ConfUtils.java:logGet(46)) - raft.rpc.type = GRPC (default)
2023-03-23 08:05:09,168 [Listener at 127.0.0.1/41453] INFO  grpc.GrpcConfigKeys (ConfUtils.java:logFallback(53)) - raft.grpc.admin.host = null (fallback to raft.grpc.server.host)
2023-03-23 08:05:09,169 [Listener at 127.0.0.1/41453] INFO  grpc.GrpcConfigKeys (ConfUtils.java:logGet(46)) - raft.grpc.admin.port = 0 (custom)
2023-03-23 08:05:09,169 [Listener at 127.0.0.1/41453] INFO  grpc.GrpcConfigKeys (ConfUtils.java:logFallback(53)) - raft.grpc.client.host = null (fallback to raft.grpc.server.host)
2023-03-23 08:05:09,169 [Listener at 127.0.0.1/41453] INFO  grpc.GrpcConfigKeys (ConfUtils.java:logGet(46)) - raft.grpc.client.port = 0 (custom)
2023-03-23 08:05:09,169 [Listener at 127.0.0.1/41453] INFO  grpc.GrpcConfigKeys (ConfUtils.java:logGet(46)) - raft.grpc.server.host = null (default)
2023-03-23 08:05:09,170 [Listener at 127.0.0.1/41453] INFO  grpc.GrpcConfigKeys (ConfUtils.java:logGet(46)) - raft.grpc.server.port = 0 (default)
2023-03-23 08:05:09,170 [Listener at 127.0.0.1/41453] INFO  server.GrpcService (ConfUtils.java:logGet(46)) - raft.grpc.message.size.max = 32MB (=33554432) (custom)
2023-03-23 08:05:09,170 [Listener at 127.0.0.1/41453] INFO  server.RaftServerConfigKeys (ConfUtils.java:logGet(46)) - raft.server.log.appender.buffer.byte-limit = 33554432 (custom)
2023-03-23 08:05:09,170 [Listener at 127.0.0.1/41453] INFO  server.GrpcService (ConfUtils.java:logGet(46)) - raft.grpc.flow.control.window = 5MB (=5242880) (custom)
2023-03-23 08:05:09,170 [Listener at 127.0.0.1/41453] INFO  server.RaftServerConfigKeys (ConfUtils.java:logGet(46)) - raft.server.rpc.request.timeout = 60s (custom)
2023-03-23 08:05:09,171 [Listener at 127.0.0.1/41453] INFO  grpc.GrpcConfigKeys (ConfUtils.java:logGet(46)) - raft.grpc.server.heartbeat.channel = true (default)
2023-03-23 08:05:09,171 [Listener at 127.0.0.1/41453] INFO  grpc.GrpcConfigKeys (ConfUtils.java:logGet(46)) - raft.grpc.server.async.request.thread.pool.cached = true (default)
2023-03-23 08:05:09,171 [Listener at 127.0.0.1/41453] INFO  grpc.GrpcConfigKeys (ConfUtils.java:logGet(46)) - raft.grpc.server.async.request.thread.pool.size = 32 (default)
2023-03-23 08:05:09,172 [Listener at 127.0.0.1/41453] INFO  impl.DataStreamServerImpl (ConfUtils.java:logGet(46)) - raft.datastream.type = NETTY (custom)
2023-03-23 08:05:09,181 [Listener at 127.0.0.1/41453] INFO  server.RaftServerConfigKeys (ConfUtils.java:logGet(46)) - raft.server.data-stream.async.request.thread.pool.cached = false (default)
2023-03-23 08:05:09,182 [Listener at 127.0.0.1/41453] INFO  server.RaftServerConfigKeys (ConfUtils.java:logGet(46)) - raft.server.data-stream.async.request.thread.pool.size = 20 (custom)
2023-03-23 08:05:09,183 [Listener at 127.0.0.1/41453] INFO  server.RaftServerConfigKeys (ConfUtils.java:logGet(46)) - raft.server.data-stream.async.write.thread.pool.size = 16 (default)
2023-03-23 08:05:09,184 [Listener at 127.0.0.1/41453] INFO  server.RaftServerConfigKeys (ConfUtils.java:logGet(46)) - raft.server.data-stream.client.pool.size = 10 (default)
2023-03-23 08:05:09,186 [Listener at 127.0.0.1/41453] INFO  netty.NettyConfigKeys$DataStream (ConfUtils.java:logGet(46)) - raft.netty.dataStream.server.use-epoll = false (default)
2023-03-23 08:05:09,187 [Listener at 127.0.0.1/41453] INFO  netty.NettyConfigKeys$DataStream (ConfUtils.java:logGet(46)) - raft.netty.dataStream.server.boss-group.size = 0 (default)
2023-03-23 08:05:09,193 [Listener at 127.0.0.1/41453] INFO  netty.NettyConfigKeys$DataStream (ConfUtils.java:logGet(46)) - raft.netty.dataStream.server.worker-group.size = 0 (default)
2023-03-23 08:05:09,194 [Listener at 127.0.0.1/41453] INFO  netty.NettyConfigKeys$DataStream (ConfUtils.java:logGet(46)) - raft.netty.dataStream.server.tls.conf = null (default)
2023-03-23 08:05:09,195 [Listener at 127.0.0.1/41453] INFO  netty.NettyConfigKeys$DataStream (ConfUtils.java:logGet(46)) - raft.netty.dataStream.host = null (default)
2023-03-23 08:05:09,196 [Listener at 127.0.0.1/41453] INFO  netty.NettyConfigKeys$DataStream (ConfUtils.java:logGet(46)) - raft.netty.dataStream.port = 0 (default)
2023-03-23 08:05:09,205 [Listener at 127.0.0.1/41453] INFO  server.RaftServerConfigKeys (ConfUtils.java:logGet(46)) - raft.server.threadpool.proxy.cached = true (default)
2023-03-23 08:05:09,206 [Listener at 127.0.0.1/41453] INFO  server.RaftServerConfigKeys (ConfUtils.java:logGet(46)) - raft.server.threadpool.proxy.size = 0 (default)
2023-03-23 08:05:09,206 [Listener at 127.0.0.1/41453] INFO  server.RaftServerConfigKeys (ConfUtils.java:logGet(46)) - raft.server.rpc.slowness.timeout = 300s (custom)
2023-03-23 08:05:09,206 [Listener at 127.0.0.1/41453] INFO  server.RaftServerConfigKeys (ConfUtils.java:logGet(46)) - raft.server.leaderelection.leader.step-down.wait-time = 10s (default)
2023-03-23 08:05:09,206 [Listener at 127.0.0.1/41453] INFO  server.RaftServerConfigKeys (ConfUtils.java:logGet(46)) - raft.server.storage.dir = [/home/runner/work/ozone/ozone/hadoop-ozone/integration-test/target/test-dir/MiniOzoneClusterImpl-2db357e6-2bf9-484c-8f04-13a4732d1f27/datanode-0/data/ratis] (custom)
2023-03-23 08:05:09,235 [ec9f5457-0109-4da3-8559-48062aace451-NettyServerStreamRpc-bossGroup--thread1] INFO  logging.LoggingHandler (AbstractInternalLogger.java:log(148)) - [id: 0x83fb9a0f] REGISTERED
2023-03-23 08:05:09,236 [ec9f5457-0109-4da3-8559-48062aace451-NettyServerStreamRpc-bossGroup--thread1] INFO  logging.LoggingHandler (AbstractInternalLogger.java:log(148)) - [id: 0x83fb9a0f] BIND: 0.0.0.0/0.0.0.0:0
2023-03-23 08:05:09,236 [ec9f5457-0109-4da3-8559-48062aace451-NettyServerStreamRpc-bossGroup--thread1] INFO  logging.LoggingHandler (AbstractInternalLogger.java:log(148)) - [id: 0x83fb9a0f, L:/0:0:0:0:0:0:0:0:45841] ACTIVE
2023-03-23 08:05:09,240 [Listener at 127.0.0.1/41453] INFO  server.XceiverServerGrpc (XceiverServerGrpc.java:<init>(132)) - GrpcServer channel type EpollServerSocketChannel
2023-03-23 08:05:09,331 [Listener at 127.0.0.1/41453] INFO  http.BaseHttpServer (BaseHttpServer.java:newHttpServer2BuilderForOzone(224)) - Starting Web-server for hddsDatanode at: http://0.0.0.0:0
2023-03-23 08:05:09,331 [Listener at 127.0.0.1/41453] INFO  http.BaseHttpServer (BaseHttpServer.java:<init>(111)) - Hadoop Security Enabled: false Ozone Security Enabled: false Ozone HTTP Security Enabled: false 
2023-03-23 08:05:09,333 [Listener at 127.0.0.1/41453] WARN  server.AuthenticationFilter (AuthenticationFilter.java:constructSecretProvider(240)) - Unable to initialize FileSignerSecretProvider, falling back to use random secrets. Reason: Could not read signature secret file: /home/runner/hadoop-http-auth-signature-secret
2023-03-23 08:05:09,335 [Listener at 127.0.0.1/41453] WARN  http.HttpRequestLog (HttpRequestLog.java:getRequestLog(103)) - Jetty request log can only be enabled using Log4j
2023-03-23 08:05:09,337 [Listener at 127.0.0.1/41453] INFO  http.HttpServer2 (HttpServer2.java:addGlobalFilter(1031)) - Added global filter 'safety' (class=org.apache.hadoop.hdds.server.http.HttpServer2$QuotingInputFilter)
2023-03-23 08:05:09,338 [Listener at 127.0.0.1/41453] INFO  http.HttpServer2 (HttpServer2.java:addFilter(1007)) - Added filter static_user_filter (class=org.apache.hadoop.http.lib.StaticUserWebFilter$StaticUserFilter) to context hddsDatanode
2023-03-23 08:05:09,338 [Listener at 127.0.0.1/41453] INFO  http.HttpServer2 (HttpServer2.java:addFilter(1015)) - Added filter static_user_filter (class=org.apache.hadoop.http.lib.StaticUserWebFilter$StaticUserFilter) to context logs
2023-03-23 08:05:09,338 [Listener at 127.0.0.1/41453] INFO  http.HttpServer2 (HttpServer2.java:addFilter(1015)) - Added filter static_user_filter (class=org.apache.hadoop.http.lib.StaticUserWebFilter$StaticUserFilter) to context static
2023-03-23 08:05:09,343 [Listener at 127.0.0.1/41453] INFO  http.BaseHttpServer (BaseHttpServer.java:<init>(190)) - HTTP server of hddsDatanode uses base directory /home/runner/work/ozone/ozone/hadoop-ozone/integration-test/target/test-dir/MiniOzoneClusterImpl-2db357e6-2bf9-484c-8f04-13a4732d1f27/datanode-0/meta/webserver
2023-03-23 08:05:09,343 [Listener at 127.0.0.1/41453] INFO  http.HttpServer2 (HttpServer2.java:bindListener(1250)) - Jetty bound to port 39177
2023-03-23 08:05:09,343 [Listener at 127.0.0.1/41453] INFO  server.Server (Server.java:doStart(375)) - jetty-9.4.49.v20220914; built: 2022-09-14T01:07:36.601Z; git: 4231a3b2e4cb8548a412a789936d640a97b1aa0a; jvm 1.8.0_362-b09
2023-03-23 08:05:09,345 [Listener at 127.0.0.1/41453] INFO  server.session (DefaultSessionIdManager.java:doStart(334)) - DefaultSessionIdManager workerName=node0
2023-03-23 08:05:09,346 [Listener at 127.0.0.1/41453] INFO  server.session (DefaultSessionIdManager.java:doStart(339)) - No SessionScavenger set, using defaults
2023-03-23 08:05:09,346 [Listener at 127.0.0.1/41453] INFO  server.session (HouseKeeper.java:startScavenging(132)) - node0 Scavenging every 660000ms
2023-03-23 08:05:09,350 [Listener at 127.0.0.1/41453] INFO  handler.ContextHandler (ContextHandler.java:doStart(921)) - Started o.e.j.s.ServletContextHandler@13bd90b4{logs,/logs,file:///home/runner/work/ozone/ozone/hadoop-ozone/integration-test/target/log,AVAILABLE}
2023-03-23 08:05:09,351 [Listener at 127.0.0.1/41453] INFO  handler.ContextHandler (ContextHandler.java:doStart(921)) - Started o.e.j.s.ServletContextHandler@36f50eef{static,/static,jar:file:/home/runner/.m2/repository/org/apache/ozone/hdds-container-service/1.4.0-SNAPSHOT/hdds-container-service-1.4.0-SNAPSHOT.jar!/webapps/static,AVAILABLE}
2023-03-23 08:05:09,487 [om1@group-C5BA1605619E-FollowerState] INFO  impl.FollowerState (FollowerState.java:run(143)) - om1@group-C5BA1605619E-FollowerState: change to CANDIDATE, lastRpcElapsedTime:1081609962ns, electionTimeout:1073ms
2023-03-23 08:05:09,489 [om1@group-C5BA1605619E-FollowerState] INFO  impl.RoleInfo (RoleInfo.java:shutdownFollowerState(110)) - om1: shutdown om1@group-C5BA1605619E-FollowerState
2023-03-23 08:05:09,490 [om1@group-C5BA1605619E-FollowerState] INFO  server.RaftServer$Division (RaftServerImpl.java:setRole(321)) - om1@group-C5BA1605619E: changes role from  FOLLOWER to CANDIDATE at term 0 for changeToCandidate
2023-03-23 08:05:09,492 [om1@group-C5BA1605619E-FollowerState] INFO  server.RaftServerConfigKeys (ConfUtils.java:logGet(46)) - raft.server.leaderelection.pre-vote = true (default)
2023-03-23 08:05:09,493 [om1@group-C5BA1605619E-FollowerState] INFO  impl.RoleInfo (RoleInfo.java:updateAndGet(139)) - om1: start om1@group-C5BA1605619E-LeaderElection1
2023-03-23 08:05:09,495 [om1@group-C5BA1605619E-LeaderElection1] INFO  impl.LeaderElection (LeaderElection.java:askForVotes(312)) - om1@group-C5BA1605619E-LeaderElection1 PRE_VOTE round 0: submit vote requests at term 0 for -1: peers:[om1|rpc:localhost:9872|priority:0|startupRole:FOLLOWER]|listeners:[], old=null
2023-03-23 08:05:09,500 [om1@group-C5BA1605619E-LeaderElection1] INFO  impl.LeaderElection (LeaderElection.java:askForVotes(314)) - om1@group-C5BA1605619E-LeaderElection1 PRE_VOTE round 0: result PASSED (term=0)
2023-03-23 08:05:09,503 [om1@group-C5BA1605619E-LeaderElection1] INFO  impl.LeaderElection (LeaderElection.java:askForVotes(312)) - om1@group-C5BA1605619E-LeaderElection1 ELECTION round 0: submit vote requests at term 1 for -1: peers:[om1|rpc:localhost:9872|priority:0|startupRole:FOLLOWER]|listeners:[], old=null
2023-03-23 08:05:09,503 [om1@group-C5BA1605619E-LeaderElection1] INFO  impl.LeaderElection (LeaderElection.java:askForVotes(314)) - om1@group-C5BA1605619E-LeaderElection1 ELECTION round 0: result PASSED (term=1)
2023-03-23 08:05:09,504 [om1@group-C5BA1605619E-LeaderElection1] INFO  impl.RoleInfo (RoleInfo.java:shutdownLeaderElection(130)) - om1: shutdown om1@group-C5BA1605619E-LeaderElection1
2023-03-23 08:05:09,504 [om1@group-C5BA1605619E-LeaderElection1] INFO  server.RaftServer$Division (RaftServerImpl.java:setRole(321)) - om1@group-C5BA1605619E: changes role from CANDIDATE to LEADER at term 1 for changeToLeader
2023-03-23 08:05:09,505 [om1@group-C5BA1605619E-LeaderElection1] INFO  server.RaftServer$Division (ServerState.java:setLeader(313)) - om1@group-C5BA1605619E: change Leader from null to om1 at term 1 for becomeLeader, leader elected after 2262ms
2023-03-23 08:05:09,518 [om1@group-C5BA1605619E-LeaderElection1] INFO  server.RaftServerConfigKeys (ConfUtils.java:logGet(46)) - raft.server.staging.catchup.gap = 1000 (default)
2023-03-23 08:05:09,523 [om1@group-C5BA1605619E-LeaderElection1] INFO  server.RaftServerConfigKeys (ConfUtils.java:logGet(46)) - raft.server.write.element-limit = 4096 (default)
2023-03-23 08:05:09,524 [om1@group-C5BA1605619E-LeaderElection1] INFO  server.RaftServerConfigKeys (ConfUtils.java:logGet(46)) - raft.server.write.byte-limit = 64MB (=67108864) (default)
2023-03-23 08:05:09,530 [om1@group-C5BA1605619E-LeaderElection1] INFO  server.RaftServerConfigKeys (ConfUtils.java:logGet(46)) - raft.server.watch.timeout = 10s (default)
2023-03-23 08:05:09,530 [om1@group-C5BA1605619E-LeaderElection1] INFO  server.RaftServerConfigKeys (ConfUtils.java:logGet(46)) - raft.server.watch.timeout.denomination = 1s (default)
2023-03-23 08:05:09,531 [om1@group-C5BA1605619E-LeaderElection1] INFO  server.RaftServerConfigKeys (ConfUtils.java:logGet(46)) - raft.server.watch.element-limit = 65536 (default)
2023-03-23 08:05:09,536 [om1@group-C5BA1605619E-LeaderElection1] INFO  server.RaftServerConfigKeys (ConfUtils.java:logGet(46)) - raft.server.write.element-limit = 4096 (default)
2023-03-23 08:05:09,539 [om1@group-C5BA1605619E-LeaderElection1] INFO  server.RaftServerConfigKeys (ConfUtils.java:logGet(46)) - raft.server.write.follower.gap.ratio.max = -1.0 (default)
2023-03-23 08:05:09,541 [om1@group-C5BA1605619E-LeaderElection1] INFO  impl.RoleInfo (RoleInfo.java:updateAndGet(139)) - om1: start om1@group-C5BA1605619E-LeaderStateImpl
2023-03-23 08:05:09,575 [om1@group-C5BA1605619E-LeaderElection1] INFO  segmented.SegmentedRaftLogWorker (SegmentedRaftLogWorker.java:startLogSegment(452)) - om1@group-C5BA1605619E-SegmentedRaftLogWorker: Starting segment from index:0
2023-03-23 08:05:09,644 [om1@group-C5BA1605619E-LeaderElection1] INFO  server.RaftServer$Division (ServerState.java:setRaftConf(430)) - om1@group-C5BA1605619E: set configuration 0: peers:[om1|rpc:localhost:9872|admin:|client:|dataStream:|priority:0|startupRole:FOLLOWER]|listeners:[], old=null
2023-03-23 08:05:09,673 [Listener at 127.0.0.1/41453] INFO  handler.ContextHandler (ContextHandler.java:doStart(921)) - Started o.e.j.w.WebAppContext@581f515a{hddsDatanode,/,file:///home/runner/work/ozone/ozone/hadoop-ozone/integration-test/target/test-dir/MiniOzoneClusterImpl-2db357e6-2bf9-484c-8f04-13a4732d1f27/datanode-0/meta/webserver/jetty-0_0_0_0-39177-hdds-container-service-1_4_0-SNAPSHOT_jar-_-any-8807265353547073622/webapp/,AVAILABLE}{jar:file:/home/runner/.m2/repository/org/apache/ozone/hdds-container-service/1.4.0-SNAPSHOT/hdds-container-service-1.4.0-SNAPSHOT.jar!/webapps/hddsDatanode}
2023-03-23 08:05:09,675 [Listener at 127.0.0.1/41453] INFO  server.AbstractConnector (AbstractConnector.java:doStart(333)) - Started ServerConnector@436427a5{HTTP/1.1, (http/1.1)}{0.0.0.0:39177}
2023-03-23 08:05:09,676 [Listener at 127.0.0.1/41453] INFO  server.Server (Server.java:doStart(415)) - Started @9389ms
2023-03-23 08:05:09,676 [Listener at 127.0.0.1/41453] WARN  impl.MetricsSystemImpl (MetricsSystemImpl.java:register(279)) - Sink prometheus already exists!
2023-03-23 08:05:09,678 [Listener at 127.0.0.1/41453] INFO  http.BaseHttpServer (BaseHttpServer.java:updateConnectorAddress(344)) - HTTP server of hddsDatanode listening at http://0.0.0.0:39177
2023-03-23 08:05:09,685 [Listener at 127.0.0.1/41453] WARN  impl.MetricRegistriesImpl (MetricRegistriesImpl.java:addReporterRegistration(111)) - New reporters are added after registries were created. Some metrics will be missing from the reporter. Please add reporter before adding any new registry.
2023-03-23 08:05:09,685 [Listener at 127.0.0.1/41453] WARN  impl.MetricRegistriesImpl (MetricRegistriesImpl.java:addReporterRegistration(111)) - New reporters are added after registries were created. Some metrics will be missing from the reporter. Please add reporter before adding any new registry.
2023-03-23 08:05:09,685 [Listener at 127.0.0.1/41453] INFO  impl.MetricsSystemImpl (MetricsSystemImpl.java:init(158)) - HddsDatanode metrics system started (again)
2023-03-23 08:05:09,686 [Datanode State Machine Daemon Thread] INFO  statemachine.DatanodeStateMachine (DatanodeStateMachine.java:lambda$startDaemon$0(517)) - Ozone container server started.
2023-03-23 08:05:09,709 [Listener at 127.0.0.1/41453] INFO  ozone.HddsDatanodeService (HddsDatanodeService.java:start(249)) - HddsDatanodeService host:fv-az105-497.wy5h1aom0jgehahef1oyr10hrc.bx.internal.cloudapp.net ip:10.1.0.214
2023-03-23 08:05:09,738 [org.apache.hadoop.util.JvmPauseMonitor$Monitor@6d151ece] INFO  util.JvmPauseMonitor (JvmPauseMonitor.java:run(188)) - Starting JVM pause monitor
2023-03-23 08:05:09,742 [Listener at 127.0.0.1/41453] INFO  upgrade.AbstractLayoutVersionManager (AbstractLayoutVersionManager.java:init(83)) - Initializing Layout version manager with metadata layout = DATANODE_SCHEMA_V3 (version = 4), software layout = DATANODE_SCHEMA_V3 (version = 4)
2023-03-23 08:05:09,788 [om1@group-C5BA1605619E-SegmentedRaftLogWorker] INFO  segmented.SegmentedRaftLogWorker (SegmentedRaftLogWorker.java:execute(656)) - om1@group-C5BA1605619E-SegmentedRaftLogWorker: created new log segment /home/runner/work/ozone/ozone/hadoop-ozone/integration-test/target/test-dir/MiniOzoneClusterImpl-2db357e6-2bf9-484c-8f04-13a4732d1f27/ozone-meta/ratis/bf265839-605b-3f16-9796-c5ba1605619e/current/log_inprogress_0
2023-03-23 08:05:09,826 [Listener at 127.0.0.1/41453] INFO  reflections.Reflections (Reflections.java:scan(232)) - Reflections took 83 ms to scan 7 urls, producing 155 keys and 368 values 
2023-03-23 08:05:09,828 [Listener at 127.0.0.1/41453] INFO  statemachine.DatanodeStateMachine (DatanodeStateMachine.java:getEndPointTaskThreadPoolSize(260)) - Datanode State Machine Task Thread Pool size 2
2023-03-23 08:05:09,831 [Listener at 127.0.0.1/41453] INFO  volume.HddsVolume (HddsVolume.java:<init>(130)) - Creating HddsVolume: /home/runner/work/ozone/ozone/hadoop-ozone/integration-test/target/test-dir/MiniOzoneClusterImpl-2db357e6-2bf9-484c-8f04-13a4732d1f27/datanode-1/data-0/containers/hdds of storage type : DISK capacity : 9223372036854775807
2023-03-23 08:05:09,831 [Listener at 127.0.0.1/41453] INFO  volume.MutableVolumeSet (MutableVolumeSet.java:initializeVolumeSet(175)) - Added Volume : /home/runner/work/ozone/ozone/hadoop-ozone/integration-test/target/test-dir/MiniOzoneClusterImpl-2db357e6-2bf9-484c-8f04-13a4732d1f27/datanode-1/data-0/containers/hdds to VolumeSet
2023-03-23 08:05:09,832 [Listener at 127.0.0.1/41453] INFO  volume.ThrottledAsyncChecker (ThrottledAsyncChecker.java:schedule(141)) - Scheduling a check for /home/runner/work/ozone/ozone/hadoop-ozone/integration-test/target/test-dir/MiniOzoneClusterImpl-2db357e6-2bf9-484c-8f04-13a4732d1f27/datanode-1/data-0/containers/hdds
2023-03-23 08:05:09,832 [Listener at 127.0.0.1/41453] INFO  volume.StorageVolumeChecker (StorageVolumeChecker.java:checkAllVolumes(202)) - Scheduled health check for volume /home/runner/work/ozone/ozone/hadoop-ozone/integration-test/target/test-dir/MiniOzoneClusterImpl-2db357e6-2bf9-484c-8f04-13a4732d1f27/datanode-1/data-0/containers/hdds
2023-03-23 08:05:09,848 [Listener at 127.0.0.1/41453] INFO  volume.MutableVolumeSet (MutableVolumeSet.java:initializeVolumeSet(175)) - Added Volume : /home/runner/work/ozone/ozone/hadoop-ozone/integration-test/target/test-dir/MiniOzoneClusterImpl-2db357e6-2bf9-484c-8f04-13a4732d1f27/datanode-1/data/ratis to VolumeSet
2023-03-23 08:05:09,848 [Listener at 127.0.0.1/41453] INFO  volume.ThrottledAsyncChecker (ThrottledAsyncChecker.java:schedule(141)) - Scheduling a check for /home/runner/work/ozone/ozone/hadoop-ozone/integration-test/target/test-dir/MiniOzoneClusterImpl-2db357e6-2bf9-484c-8f04-13a4732d1f27/datanode-1/data/ratis
2023-03-23 08:05:09,849 [Listener at 127.0.0.1/41453] INFO  volume.StorageVolumeChecker (StorageVolumeChecker.java:checkAllVolumes(202)) - Scheduled health check for volume /home/runner/work/ozone/ozone/hadoop-ozone/integration-test/target/test-dir/MiniOzoneClusterImpl-2db357e6-2bf9-484c-8f04-13a4732d1f27/datanode-1/data/ratis
2023-03-23 08:05:09,880 [Thread-153] INFO  ozoneimpl.ContainerReader (ContainerReader.java:readVolume(175)) - Finish verifying containers on volume /home/runner/work/ozone/ozone/hadoop-ozone/integration-test/target/test-dir/MiniOzoneClusterImpl-2db357e6-2bf9-484c-8f04-13a4732d1f27/datanode-1/data-0/containers/hdds
2023-03-23 08:05:09,882 [Listener at 127.0.0.1/41453] INFO  ozoneimpl.OzoneContainer (OzoneContainer.java:buildContainerSet(307)) - Build ContainerSet costs 0s
2023-03-23 08:05:09,885 [Listener at 127.0.0.1/41453] INFO  server.RaftServer (ConfUtils.java:logGet(46)) - raft.rpc.type = GRPC (default)
2023-03-23 08:05:09,886 [Listener at 127.0.0.1/41453] INFO  grpc.GrpcConfigKeys (ConfUtils.java:logFallback(53)) - raft.grpc.admin.host = null (fallback to raft.grpc.server.host)
2023-03-23 08:05:09,886 [Listener at 127.0.0.1/41453] INFO  grpc.GrpcConfigKeys (ConfUtils.java:logGet(46)) - raft.grpc.admin.port = 0 (custom)
2023-03-23 08:05:09,886 [Listener at 127.0.0.1/41453] INFO  grpc.GrpcConfigKeys (ConfUtils.java:logFallback(53)) - raft.grpc.client.host = null (fallback to raft.grpc.server.host)
2023-03-23 08:05:09,886 [Listener at 127.0.0.1/41453] INFO  grpc.GrpcConfigKeys (ConfUtils.java:logGet(46)) - raft.grpc.client.port = 0 (custom)
2023-03-23 08:05:09,886 [Listener at 127.0.0.1/41453] INFO  grpc.GrpcConfigKeys (ConfUtils.java:logGet(46)) - raft.grpc.server.host = null (default)
2023-03-23 08:05:09,887 [Listener at 127.0.0.1/41453] INFO  grpc.GrpcConfigKeys (ConfUtils.java:logGet(46)) - raft.grpc.server.port = 0 (default)
2023-03-23 08:05:09,887 [Listener at 127.0.0.1/41453] INFO  server.GrpcService (ConfUtils.java:logGet(46)) - raft.grpc.message.size.max = 32MB (=33554432) (custom)
2023-03-23 08:05:09,887 [Listener at 127.0.0.1/41453] INFO  server.RaftServerConfigKeys (ConfUtils.java:logGet(46)) - raft.server.log.appender.buffer.byte-limit = 33554432 (custom)
2023-03-23 08:05:09,887 [Listener at 127.0.0.1/41453] INFO  server.GrpcService (ConfUtils.java:logGet(46)) - raft.grpc.flow.control.window = 5MB (=5242880) (custom)
2023-03-23 08:05:09,888 [Listener at 127.0.0.1/41453] INFO  server.RaftServerConfigKeys (ConfUtils.java:logGet(46)) - raft.server.rpc.request.timeout = 60s (custom)
2023-03-23 08:05:09,888 [Listener at 127.0.0.1/41453] INFO  grpc.GrpcConfigKeys (ConfUtils.java:logGet(46)) - raft.grpc.server.heartbeat.channel = true (default)
2023-03-23 08:05:09,888 [Listener at 127.0.0.1/41453] INFO  grpc.GrpcConfigKeys (ConfUtils.java:logGet(46)) - raft.grpc.server.async.request.thread.pool.cached = true (default)
2023-03-23 08:05:09,888 [Listener at 127.0.0.1/41453] INFO  grpc.GrpcConfigKeys (ConfUtils.java:logGet(46)) - raft.grpc.server.async.request.thread.pool.size = 32 (default)
2023-03-23 08:05:09,890 [Listener at 127.0.0.1/41453] INFO  impl.DataStreamServerImpl (ConfUtils.java:logGet(46)) - raft.datastream.type = NETTY (custom)
2023-03-23 08:05:09,893 [Listener at 127.0.0.1/41453] INFO  server.RaftServerConfigKeys (ConfUtils.java:logGet(46)) - raft.server.data-stream.async.request.thread.pool.cached = false (default)
2023-03-23 08:05:09,893 [Listener at 127.0.0.1/41453] INFO  server.RaftServerConfigKeys (ConfUtils.java:logGet(46)) - raft.server.data-stream.async.request.thread.pool.size = 20 (custom)
2023-03-23 08:05:09,894 [Listener at 127.0.0.1/41453] INFO  server.RaftServerConfigKeys (ConfUtils.java:logGet(46)) - raft.server.data-stream.async.write.thread.pool.size = 16 (default)
2023-03-23 08:05:09,894 [Listener at 127.0.0.1/41453] INFO  server.RaftServerConfigKeys (ConfUtils.java:logGet(46)) - raft.server.data-stream.client.pool.size = 10 (default)
2023-03-23 08:05:09,894 [Listener at 127.0.0.1/41453] INFO  netty.NettyConfigKeys$DataStream (ConfUtils.java:logGet(46)) - raft.netty.dataStream.server.use-epoll = false (default)
2023-03-23 08:05:09,894 [Listener at 127.0.0.1/41453] INFO  netty.NettyConfigKeys$DataStream (ConfUtils.java:logGet(46)) - raft.netty.dataStream.server.boss-group.size = 0 (default)
2023-03-23 08:05:09,898 [Listener at 127.0.0.1/41453] INFO  netty.NettyConfigKeys$DataStream (ConfUtils.java:logGet(46)) - raft.netty.dataStream.server.worker-group.size = 0 (default)
2023-03-23 08:05:09,898 [Listener at 127.0.0.1/41453] INFO  netty.NettyConfigKeys$DataStream (ConfUtils.java:logGet(46)) - raft.netty.dataStream.server.tls.conf = null (default)
2023-03-23 08:05:09,898 [Listener at 127.0.0.1/41453] INFO  netty.NettyConfigKeys$DataStream (ConfUtils.java:logGet(46)) - raft.netty.dataStream.host = null (default)
2023-03-23 08:05:09,900 [Listener at 127.0.0.1/41453] INFO  netty.NettyConfigKeys$DataStream (ConfUtils.java:logGet(46)) - raft.netty.dataStream.port = 0 (default)
2023-03-23 08:05:09,911 [Listener at 127.0.0.1/41453] INFO  server.RaftServerConfigKeys (ConfUtils.java:logGet(46)) - raft.server.threadpool.proxy.cached = true (default)
2023-03-23 08:05:09,911 [Listener at 127.0.0.1/41453] INFO  server.RaftServerConfigKeys (ConfUtils.java:logGet(46)) - raft.server.threadpool.proxy.size = 0 (default)
2023-03-23 08:05:09,911 [Listener at 127.0.0.1/41453] INFO  server.RaftServerConfigKeys (ConfUtils.java:logGet(46)) - raft.server.rpc.slowness.timeout = 300s (custom)
2023-03-23 08:05:09,911 [Listener at 127.0.0.1/41453] INFO  server.RaftServerConfigKeys (ConfUtils.java:logGet(46)) - raft.server.leaderelection.leader.step-down.wait-time = 10s (default)
2023-03-23 08:05:09,912 [Listener at 127.0.0.1/41453] INFO  server.RaftServerConfigKeys (ConfUtils.java:logGet(46)) - raft.server.storage.dir = [/home/runner/work/ozone/ozone/hadoop-ozone/integration-test/target/test-dir/MiniOzoneClusterImpl-2db357e6-2bf9-484c-8f04-13a4732d1f27/datanode-1/data/ratis] (custom)
2023-03-23 08:05:09,915 [82a30c81-a10a-4a6a-ae9d-f1f427ed9001-NettyServerStreamRpc-bossGroup--thread1] INFO  logging.LoggingHandler (AbstractInternalLogger.java:log(148)) - [id: 0xa8d20bd7] REGISTERED
2023-03-23 08:05:09,917 [82a30c81-a10a-4a6a-ae9d-f1f427ed9001-NettyServerStreamRpc-bossGroup--thread1] INFO  logging.LoggingHandler (AbstractInternalLogger.java:log(148)) - [id: 0xa8d20bd7] BIND: 0.0.0.0/0.0.0.0:0
2023-03-23 08:05:09,917 [82a30c81-a10a-4a6a-ae9d-f1f427ed9001-NettyServerStreamRpc-bossGroup--thread1] INFO  logging.LoggingHandler (AbstractInternalLogger.java:log(148)) - [id: 0xa8d20bd7, L:/0:0:0:0:0:0:0:0:34443] ACTIVE
2023-03-23 08:05:09,925 [Listener at 127.0.0.1/41453] INFO  server.XceiverServerGrpc (XceiverServerGrpc.java:<init>(132)) - GrpcServer channel type EpollServerSocketChannel
2023-03-23 08:05:09,937 [Listener at 127.0.0.1/41453] INFO  http.BaseHttpServer (BaseHttpServer.java:newHttpServer2BuilderForOzone(224)) - Starting Web-server for hddsDatanode at: http://0.0.0.0:0
2023-03-23 08:05:09,938 [Listener at 127.0.0.1/41453] INFO  http.BaseHttpServer (BaseHttpServer.java:<init>(111)) - Hadoop Security Enabled: false Ozone Security Enabled: false Ozone HTTP Security Enabled: false 
2023-03-23 08:05:09,939 [Listener at 127.0.0.1/41453] WARN  server.AuthenticationFilter (AuthenticationFilter.java:constructSecretProvider(240)) - Unable to initialize FileSignerSecretProvider, falling back to use random secrets. Reason: Could not read signature secret file: /home/runner/hadoop-http-auth-signature-secret
2023-03-23 08:05:09,942 [Listener at 127.0.0.1/41453] WARN  http.HttpRequestLog (HttpRequestLog.java:getRequestLog(103)) - Jetty request log can only be enabled using Log4j
2023-03-23 08:05:09,945 [Listener at 127.0.0.1/41453] INFO  http.HttpServer2 (HttpServer2.java:addGlobalFilter(1031)) - Added global filter 'safety' (class=org.apache.hadoop.hdds.server.http.HttpServer2$QuotingInputFilter)
2023-03-23 08:05:09,946 [Listener at 127.0.0.1/41453] INFO  http.HttpServer2 (HttpServer2.java:addFilter(1007)) - Added filter static_user_filter (class=org.apache.hadoop.http.lib.StaticUserWebFilter$StaticUserFilter) to context hddsDatanode
2023-03-23 08:05:09,947 [Listener at 127.0.0.1/41453] INFO  http.HttpServer2 (HttpServer2.java:addFilter(1015)) - Added filter static_user_filter (class=org.apache.hadoop.http.lib.StaticUserWebFilter$StaticUserFilter) to context static
2023-03-23 08:05:09,947 [Listener at 127.0.0.1/41453] INFO  http.HttpServer2 (HttpServer2.java:addFilter(1015)) - Added filter static_user_filter (class=org.apache.hadoop.http.lib.StaticUserWebFilter$StaticUserFilter) to context logs
2023-03-23 08:05:09,948 [Listener at 127.0.0.1/41453] INFO  http.BaseHttpServer (BaseHttpServer.java:<init>(190)) - HTTP server of hddsDatanode uses base directory /home/runner/work/ozone/ozone/hadoop-ozone/integration-test/target/test-dir/MiniOzoneClusterImpl-2db357e6-2bf9-484c-8f04-13a4732d1f27/datanode-1/meta/webserver
2023-03-23 08:05:09,948 [Listener at 127.0.0.1/41453] INFO  http.HttpServer2 (HttpServer2.java:bindListener(1250)) - Jetty bound to port 35873
2023-03-23 08:05:09,948 [Listener at 127.0.0.1/41453] INFO  server.Server (Server.java:doStart(375)) - jetty-9.4.49.v20220914; built: 2022-09-14T01:07:36.601Z; git: 4231a3b2e4cb8548a412a789936d640a97b1aa0a; jvm 1.8.0_362-b09
2023-03-23 08:05:09,991 [Listener at 127.0.0.1/41453] INFO  server.session (DefaultSessionIdManager.java:doStart(334)) - DefaultSessionIdManager workerName=node0
2023-03-23 08:05:09,991 [Listener at 127.0.0.1/41453] INFO  server.session (DefaultSessionIdManager.java:doStart(339)) - No SessionScavenger set, using defaults
2023-03-23 08:05:09,991 [Listener at 127.0.0.1/41453] INFO  server.session (HouseKeeper.java:startScavenging(132)) - node0 Scavenging every 600000ms
2023-03-23 08:05:09,993 [Listener at 127.0.0.1/41453] INFO  handler.ContextHandler (ContextHandler.java:doStart(921)) - Started o.e.j.s.ServletContextHandler@6857e2cc{logs,/logs,file:///home/runner/work/ozone/ozone/hadoop-ozone/integration-test/target/log,AVAILABLE}
2023-03-23 08:05:09,994 [Listener at 127.0.0.1/41453] INFO  handler.ContextHandler (ContextHandler.java:doStart(921)) - Started o.e.j.s.ServletContextHandler@47032d02{static,/static,jar:file:/home/runner/.m2/repository/org/apache/ozone/hdds-container-service/1.4.0-SNAPSHOT/hdds-container-service-1.4.0-SNAPSHOT.jar!/webapps/static,AVAILABLE}
2023-03-23 08:05:09,991 [om1@group-C5BA1605619E-StateMachineUpdater] INFO  ratis.OzoneManagerStateMachine (OzoneManagerStateMachine.java:notifyConfigurationChanged(192)) - Received Configuration change notification from Ratis. New Peer list:
[id: "om1"
address: "localhost:9872"
startupRole: FOLLOWER
]
2023-03-23 08:05:10,068 [Finalizer] WARN  managed.ManagedRocksObjectUtils (ManagedRocksObjectUtils.java:assertClosed(54)) - RocksIterator is not closed properly
2023-03-23 08:05:10,100 [Datanode State Machine Task Thread - 0] INFO  datanode.InitDatanodeState (InitDatanodeState.java:persistContainerDatanodeDetails(138)) - DatanodeDetails is persisted to /home/runner/work/ozone/ozone/hadoop-ozone/integration-test/target/test-dir/MiniOzoneClusterImpl-2db357e6-2bf9-484c-8f04-13a4732d1f27/datanode-0/meta/datanode.id
2023-03-23 08:05:10,296 [Listener at 127.0.0.1/41453] INFO  handler.ContextHandler (ContextHandler.java:doStart(921)) - Started o.e.j.w.WebAppContext@5107f87e{hddsDatanode,/,file:///home/runner/work/ozone/ozone/hadoop-ozone/integration-test/target/test-dir/MiniOzoneClusterImpl-2db357e6-2bf9-484c-8f04-13a4732d1f27/datanode-1/meta/webserver/jetty-0_0_0_0-35873-hdds-container-service-1_4_0-SNAPSHOT_jar-_-any-3467998685479705474/webapp/,AVAILABLE}{jar:file:/home/runner/.m2/repository/org/apache/ozone/hdds-container-service/1.4.0-SNAPSHOT/hdds-container-service-1.4.0-SNAPSHOT.jar!/webapps/hddsDatanode}
2023-03-23 08:05:10,302 [Listener at 127.0.0.1/41453] INFO  server.AbstractConnector (AbstractConnector.java:doStart(333)) - Started ServerConnector@1f80815b{HTTP/1.1, (http/1.1)}{0.0.0.0:35873}
2023-03-23 08:05:10,303 [Listener at 127.0.0.1/41453] INFO  server.Server (Server.java:doStart(415)) - Started @10016ms
2023-03-23 08:05:10,303 [Listener at 127.0.0.1/41453] WARN  impl.MetricsSystemImpl (MetricsSystemImpl.java:register(279)) - Sink prometheus already exists!
2023-03-23 08:05:10,303 [Listener at 127.0.0.1/41453] INFO  http.BaseHttpServer (BaseHttpServer.java:updateConnectorAddress(344)) - HTTP server of hddsDatanode listening at http://0.0.0.0:35873
2023-03-23 08:05:10,306 [Listener at 127.0.0.1/41453] WARN  impl.MetricRegistriesImpl (MetricRegistriesImpl.java:addReporterRegistration(111)) - New reporters are added after registries were created. Some metrics will be missing from the reporter. Please add reporter before adding any new registry.
2023-03-23 08:05:10,306 [Listener at 127.0.0.1/41453] WARN  impl.MetricRegistriesImpl (MetricRegistriesImpl.java:addReporterRegistration(111)) - New reporters are added after registries were created. Some metrics will be missing from the reporter. Please add reporter before adding any new registry.
2023-03-23 08:05:10,306 [Listener at 127.0.0.1/41453] INFO  impl.MetricsSystemImpl (MetricsSystemImpl.java:init(158)) - HddsDatanode metrics system started (again)
2023-03-23 08:05:10,313 [Datanode State Machine Daemon Thread] INFO  statemachine.DatanodeStateMachine (DatanodeStateMachine.java:lambda$startDaemon$0(517)) - Ozone container server started.
2023-03-23 08:05:10,321 [org.apache.hadoop.util.JvmPauseMonitor$Monitor@6dab34b3] INFO  util.JvmPauseMonitor (JvmPauseMonitor.java:run(188)) - Starting JVM pause monitor
2023-03-23 08:05:10,334 [Datanode State Machine Task Thread - 0] INFO  datanode.InitDatanodeState (InitDatanodeState.java:persistContainerDatanodeDetails(138)) - DatanodeDetails is persisted to /home/runner/work/ozone/ozone/hadoop-ozone/integration-test/target/test-dir/MiniOzoneClusterImpl-2db357e6-2bf9-484c-8f04-13a4732d1f27/datanode-1/meta/datanode.id
2023-03-23 08:05:10,341 [Listener at 127.0.0.1/41453] INFO  ozone.HddsDatanodeService (HddsDatanodeService.java:start(249)) - HddsDatanodeService host:fv-az105-497.wy5h1aom0jgehahef1oyr10hrc.bx.internal.cloudapp.net ip:10.1.0.214
2023-03-23 08:05:10,367 [Listener at 127.0.0.1/41453] INFO  upgrade.AbstractLayoutVersionManager (AbstractLayoutVersionManager.java:init(83)) - Initializing Layout version manager with metadata layout = DATANODE_SCHEMA_V3 (version = 4), software layout = DATANODE_SCHEMA_V3 (version = 4)
2023-03-23 08:05:10,424 [Listener at 127.0.0.1/41453] INFO  reflections.Reflections (Reflections.java:scan(232)) - Reflections took 55 ms to scan 7 urls, producing 155 keys and 368 values 
2023-03-23 08:05:10,426 [Listener at 127.0.0.1/41453] INFO  statemachine.DatanodeStateMachine (DatanodeStateMachine.java:getEndPointTaskThreadPoolSize(260)) - Datanode State Machine Task Thread Pool size 2
2023-03-23 08:05:10,429 [Listener at 127.0.0.1/41453] INFO  volume.HddsVolume (HddsVolume.java:<init>(130)) - Creating HddsVolume: /home/runner/work/ozone/ozone/hadoop-ozone/integration-test/target/test-dir/MiniOzoneClusterImpl-2db357e6-2bf9-484c-8f04-13a4732d1f27/datanode-2/data-0/containers/hdds of storage type : DISK capacity : 9223372036854775807
2023-03-23 08:05:10,429 [Listener at 127.0.0.1/41453] INFO  volume.MutableVolumeSet (MutableVolumeSet.java:initializeVolumeSet(175)) - Added Volume : /home/runner/work/ozone/ozone/hadoop-ozone/integration-test/target/test-dir/MiniOzoneClusterImpl-2db357e6-2bf9-484c-8f04-13a4732d1f27/datanode-2/data-0/containers/hdds to VolumeSet
2023-03-23 08:05:10,429 [Listener at 127.0.0.1/41453] INFO  volume.ThrottledAsyncChecker (ThrottledAsyncChecker.java:schedule(141)) - Scheduling a check for /home/runner/work/ozone/ozone/hadoop-ozone/integration-test/target/test-dir/MiniOzoneClusterImpl-2db357e6-2bf9-484c-8f04-13a4732d1f27/datanode-2/data-0/containers/hdds
2023-03-23 08:05:10,430 [Listener at 127.0.0.1/41453] INFO  volume.StorageVolumeChecker (StorageVolumeChecker.java:checkAllVolumes(202)) - Scheduled health check for volume /home/runner/work/ozone/ozone/hadoop-ozone/integration-test/target/test-dir/MiniOzoneClusterImpl-2db357e6-2bf9-484c-8f04-13a4732d1f27/datanode-2/data-0/containers/hdds
2023-03-23 08:05:10,443 [Listener at 127.0.0.1/41453] INFO  volume.MutableVolumeSet (MutableVolumeSet.java:initializeVolumeSet(175)) - Added Volume : /home/runner/work/ozone/ozone/hadoop-ozone/integration-test/target/test-dir/MiniOzoneClusterImpl-2db357e6-2bf9-484c-8f04-13a4732d1f27/datanode-2/data/ratis to VolumeSet
2023-03-23 08:05:10,444 [Listener at 127.0.0.1/41453] INFO  volume.ThrottledAsyncChecker (ThrottledAsyncChecker.java:schedule(141)) - Scheduling a check for /home/runner/work/ozone/ozone/hadoop-ozone/integration-test/target/test-dir/MiniOzoneClusterImpl-2db357e6-2bf9-484c-8f04-13a4732d1f27/datanode-2/data/ratis
2023-03-23 08:05:10,444 [Listener at 127.0.0.1/41453] INFO  volume.StorageVolumeChecker (StorageVolumeChecker.java:checkAllVolumes(202)) - Scheduled health check for volume /home/runner/work/ozone/ozone/hadoop-ozone/integration-test/target/test-dir/MiniOzoneClusterImpl-2db357e6-2bf9-484c-8f04-13a4732d1f27/datanode-2/data/ratis
2023-03-23 08:05:10,458 [Thread-167] INFO  ozoneimpl.ContainerReader (ContainerReader.java:readVolume(175)) - Finish verifying containers on volume /home/runner/work/ozone/ozone/hadoop-ozone/integration-test/target/test-dir/MiniOzoneClusterImpl-2db357e6-2bf9-484c-8f04-13a4732d1f27/datanode-2/data-0/containers/hdds
2023-03-23 08:05:10,458 [Listener at 127.0.0.1/41453] INFO  ozoneimpl.OzoneContainer (OzoneContainer.java:buildContainerSet(307)) - Build ContainerSet costs 0s
2023-03-23 08:05:10,461 [Listener at 127.0.0.1/41453] INFO  server.RaftServer (ConfUtils.java:logGet(46)) - raft.rpc.type = GRPC (default)
2023-03-23 08:05:10,461 [Listener at 127.0.0.1/41453] INFO  grpc.GrpcConfigKeys (ConfUtils.java:logFallback(53)) - raft.grpc.admin.host = null (fallback to raft.grpc.server.host)
2023-03-23 08:05:10,462 [Listener at 127.0.0.1/41453] INFO  grpc.GrpcConfigKeys (ConfUtils.java:logGet(46)) - raft.grpc.admin.port = 0 (custom)
2023-03-23 08:05:10,462 [Listener at 127.0.0.1/41453] INFO  grpc.GrpcConfigKeys (ConfUtils.java:logFallback(53)) - raft.grpc.client.host = null (fallback to raft.grpc.server.host)
2023-03-23 08:05:10,462 [Listener at 127.0.0.1/41453] INFO  grpc.GrpcConfigKeys (ConfUtils.java:logGet(46)) - raft.grpc.client.port = 0 (custom)
2023-03-23 08:05:10,462 [Listener at 127.0.0.1/41453] INFO  grpc.GrpcConfigKeys (ConfUtils.java:logGet(46)) - raft.grpc.server.host = null (default)
2023-03-23 08:05:10,462 [Listener at 127.0.0.1/41453] INFO  grpc.GrpcConfigKeys (ConfUtils.java:logGet(46)) - raft.grpc.server.port = 0 (default)
2023-03-23 08:05:10,463 [Listener at 127.0.0.1/41453] INFO  server.GrpcService (ConfUtils.java:logGet(46)) - raft.grpc.message.size.max = 32MB (=33554432) (custom)
2023-03-23 08:05:10,463 [Listener at 127.0.0.1/41453] INFO  server.RaftServerConfigKeys (ConfUtils.java:logGet(46)) - raft.server.log.appender.buffer.byte-limit = 33554432 (custom)
2023-03-23 08:05:10,463 [Listener at 127.0.0.1/41453] INFO  server.GrpcService (ConfUtils.java:logGet(46)) - raft.grpc.flow.control.window = 5MB (=5242880) (custom)
2023-03-23 08:05:10,463 [Listener at 127.0.0.1/41453] INFO  server.RaftServerConfigKeys (ConfUtils.java:logGet(46)) - raft.server.rpc.request.timeout = 60s (custom)
2023-03-23 08:05:10,463 [Listener at 127.0.0.1/41453] INFO  grpc.GrpcConfigKeys (ConfUtils.java:logGet(46)) - raft.grpc.server.heartbeat.channel = true (default)
2023-03-23 08:05:10,463 [Listener at 127.0.0.1/41453] INFO  grpc.GrpcConfigKeys (ConfUtils.java:logGet(46)) - raft.grpc.server.async.request.thread.pool.cached = true (default)
2023-03-23 08:05:10,464 [Listener at 127.0.0.1/41453] INFO  grpc.GrpcConfigKeys (ConfUtils.java:logGet(46)) - raft.grpc.server.async.request.thread.pool.size = 32 (default)
2023-03-23 08:05:10,465 [Listener at 127.0.0.1/41453] INFO  impl.DataStreamServerImpl (ConfUtils.java:logGet(46)) - raft.datastream.type = NETTY (custom)
2023-03-23 08:05:10,466 [Listener at 127.0.0.1/41453] INFO  server.RaftServerConfigKeys (ConfUtils.java:logGet(46)) - raft.server.data-stream.async.request.thread.pool.cached = false (default)
2023-03-23 08:05:10,466 [Listener at 127.0.0.1/41453] INFO  server.RaftServerConfigKeys (ConfUtils.java:logGet(46)) - raft.server.data-stream.async.request.thread.pool.size = 20 (custom)
2023-03-23 08:05:10,466 [Listener at 127.0.0.1/41453] INFO  server.RaftServerConfigKeys (ConfUtils.java:logGet(46)) - raft.server.data-stream.async.write.thread.pool.size = 16 (default)
2023-03-23 08:05:10,466 [Listener at 127.0.0.1/41453] INFO  server.RaftServerConfigKeys (ConfUtils.java:logGet(46)) - raft.server.data-stream.client.pool.size = 10 (default)
2023-03-23 08:05:10,466 [Listener at 127.0.0.1/41453] INFO  netty.NettyConfigKeys$DataStream (ConfUtils.java:logGet(46)) - raft.netty.dataStream.server.use-epoll = false (default)
2023-03-23 08:05:10,467 [Listener at 127.0.0.1/41453] INFO  netty.NettyConfigKeys$DataStream (ConfUtils.java:logGet(46)) - raft.netty.dataStream.server.boss-group.size = 0 (default)
2023-03-23 08:05:10,467 [Listener at 127.0.0.1/41453] INFO  netty.NettyConfigKeys$DataStream (ConfUtils.java:logGet(46)) - raft.netty.dataStream.server.worker-group.size = 0 (default)
2023-03-23 08:05:10,467 [Listener at 127.0.0.1/41453] INFO  netty.NettyConfigKeys$DataStream (ConfUtils.java:logGet(46)) - raft.netty.dataStream.server.tls.conf = null (default)
2023-03-23 08:05:10,468 [Listener at 127.0.0.1/41453] INFO  netty.NettyConfigKeys$DataStream (ConfUtils.java:logGet(46)) - raft.netty.dataStream.host = null (default)
2023-03-23 08:05:10,468 [Listener at 127.0.0.1/41453] INFO  netty.NettyConfigKeys$DataStream (ConfUtils.java:logGet(46)) - raft.netty.dataStream.port = 0 (default)
2023-03-23 08:05:10,468 [Listener at 127.0.0.1/41453] INFO  server.RaftServerConfigKeys (ConfUtils.java:logGet(46)) - raft.server.threadpool.proxy.cached = true (default)
2023-03-23 08:05:10,469 [Listener at 127.0.0.1/41453] INFO  server.RaftServerConfigKeys (ConfUtils.java:logGet(46)) - raft.server.threadpool.proxy.size = 0 (default)
2023-03-23 08:05:10,469 [Listener at 127.0.0.1/41453] INFO  server.RaftServerConfigKeys (ConfUtils.java:logGet(46)) - raft.server.rpc.slowness.timeout = 300s (custom)
2023-03-23 08:05:10,469 [Listener at 127.0.0.1/41453] INFO  server.RaftServerConfigKeys (ConfUtils.java:logGet(46)) - raft.server.leaderelection.leader.step-down.wait-time = 10s (default)
2023-03-23 08:05:10,469 [Listener at 127.0.0.1/41453] INFO  server.RaftServerConfigKeys (ConfUtils.java:logGet(46)) - raft.server.storage.dir = [/home/runner/work/ozone/ozone/hadoop-ozone/integration-test/target/test-dir/MiniOzoneClusterImpl-2db357e6-2bf9-484c-8f04-13a4732d1f27/datanode-2/data/ratis] (custom)
2023-03-23 08:05:10,479 [7171cd95-6b54-4876-a08e-c51c27c3dd43-NettyServerStreamRpc-bossGroup--thread1] INFO  logging.LoggingHandler (AbstractInternalLogger.java:log(148)) - [id: 0xc19bfedd] REGISTERED
2023-03-23 08:05:10,480 [Listener at 127.0.0.1/41453] INFO  server.XceiverServerGrpc (XceiverServerGrpc.java:<init>(132)) - GrpcServer channel type EpollServerSocketChannel
2023-03-23 08:05:10,484 [7171cd95-6b54-4876-a08e-c51c27c3dd43-NettyServerStreamRpc-bossGroup--thread1] INFO  logging.LoggingHandler (AbstractInternalLogger.java:log(148)) - [id: 0xc19bfedd] BIND: 0.0.0.0/0.0.0.0:0
2023-03-23 08:05:10,484 [7171cd95-6b54-4876-a08e-c51c27c3dd43-NettyServerStreamRpc-bossGroup--thread1] INFO  logging.LoggingHandler (AbstractInternalLogger.java:log(148)) - [id: 0xc19bfedd, L:/0:0:0:0:0:0:0:0:35981] ACTIVE
2023-03-23 08:05:10,485 [Listener at 127.0.0.1/41453] INFO  http.BaseHttpServer (BaseHttpServer.java:newHttpServer2BuilderForOzone(224)) - Starting Web-server for hddsDatanode at: http://0.0.0.0:0
2023-03-23 08:05:10,485 [Listener at 127.0.0.1/41453] INFO  http.BaseHttpServer (BaseHttpServer.java:<init>(111)) - Hadoop Security Enabled: false Ozone Security Enabled: false Ozone HTTP Security Enabled: false 
2023-03-23 08:05:10,486 [Listener at 127.0.0.1/41453] WARN  server.AuthenticationFilter (AuthenticationFilter.java:constructSecretProvider(240)) - Unable to initialize FileSignerSecretProvider, falling back to use random secrets. Reason: Could not read signature secret file: /home/runner/hadoop-http-auth-signature-secret
2023-03-23 08:05:10,488 [Listener at 127.0.0.1/41453] WARN  http.HttpRequestLog (HttpRequestLog.java:getRequestLog(103)) - Jetty request log can only be enabled using Log4j
2023-03-23 08:05:10,490 [Listener at 127.0.0.1/41453] INFO  http.HttpServer2 (HttpServer2.java:addGlobalFilter(1031)) - Added global filter 'safety' (class=org.apache.hadoop.hdds.server.http.HttpServer2$QuotingInputFilter)
2023-03-23 08:05:10,490 [Listener at 127.0.0.1/41453] INFO  http.HttpServer2 (HttpServer2.java:addFilter(1007)) - Added filter static_user_filter (class=org.apache.hadoop.http.lib.StaticUserWebFilter$StaticUserFilter) to context hddsDatanode
2023-03-23 08:05:10,491 [Listener at 127.0.0.1/41453] INFO  http.HttpServer2 (HttpServer2.java:addFilter(1015)) - Added filter static_user_filter (class=org.apache.hadoop.http.lib.StaticUserWebFilter$StaticUserFilter) to context logs
2023-03-23 08:05:10,491 [Listener at 127.0.0.1/41453] INFO  http.HttpServer2 (HttpServer2.java:addFilter(1015)) - Added filter static_user_filter (class=org.apache.hadoop.http.lib.StaticUserWebFilter$StaticUserFilter) to context static
2023-03-23 08:05:10,491 [Listener at 127.0.0.1/41453] INFO  http.BaseHttpServer (BaseHttpServer.java:<init>(190)) - HTTP server of hddsDatanode uses base directory /home/runner/work/ozone/ozone/hadoop-ozone/integration-test/target/test-dir/MiniOzoneClusterImpl-2db357e6-2bf9-484c-8f04-13a4732d1f27/datanode-2/meta/webserver
2023-03-23 08:05:10,492 [Listener at 127.0.0.1/41453] INFO  http.HttpServer2 (HttpServer2.java:bindListener(1250)) - Jetty bound to port 35991
2023-03-23 08:05:10,492 [Listener at 127.0.0.1/41453] INFO  server.Server (Server.java:doStart(375)) - jetty-9.4.49.v20220914; built: 2022-09-14T01:07:36.601Z; git: 4231a3b2e4cb8548a412a789936d640a97b1aa0a; jvm 1.8.0_362-b09
2023-03-23 08:05:10,494 [Listener at 127.0.0.1/41453] INFO  server.session (DefaultSessionIdManager.java:doStart(334)) - DefaultSessionIdManager workerName=node0
2023-03-23 08:05:10,494 [Listener at 127.0.0.1/41453] INFO  server.session (DefaultSessionIdManager.java:doStart(339)) - No SessionScavenger set, using defaults
2023-03-23 08:05:10,494 [Listener at 127.0.0.1/41453] INFO  server.session (HouseKeeper.java:startScavenging(132)) - node0 Scavenging every 660000ms
2023-03-23 08:05:10,495 [Listener at 127.0.0.1/41453] INFO  handler.ContextHandler (ContextHandler.java:doStart(921)) - Started o.e.j.s.ServletContextHandler@5ba0ad41{logs,/logs,file:///home/runner/work/ozone/ozone/hadoop-ozone/integration-test/target/log,AVAILABLE}
2023-03-23 08:05:10,495 [Listener at 127.0.0.1/41453] INFO  handler.ContextHandler (ContextHandler.java:doStart(921)) - Started o.e.j.s.ServletContextHandler@3d574310{static,/static,jar:file:/home/runner/.m2/repository/org/apache/ozone/hdds-container-service/1.4.0-SNAPSHOT/hdds-container-service-1.4.0-SNAPSHOT.jar!/webapps/static,AVAILABLE}
2023-03-23 08:05:10,712 [Listener at 127.0.0.1/41453] INFO  handler.ContextHandler (ContextHandler.java:doStart(921)) - Started o.e.j.w.WebAppContext@5e557d9d{hddsDatanode,/,file:///home/runner/work/ozone/ozone/hadoop-ozone/integration-test/target/test-dir/MiniOzoneClusterImpl-2db357e6-2bf9-484c-8f04-13a4732d1f27/datanode-2/meta/webserver/jetty-0_0_0_0-35991-hdds-container-service-1_4_0-SNAPSHOT_jar-_-any-2132393566098306304/webapp/,AVAILABLE}{jar:file:/home/runner/.m2/repository/org/apache/ozone/hdds-container-service/1.4.0-SNAPSHOT/hdds-container-service-1.4.0-SNAPSHOT.jar!/webapps/hddsDatanode}
2023-03-23 08:05:10,713 [Listener at 127.0.0.1/41453] INFO  server.AbstractConnector (AbstractConnector.java:doStart(333)) - Started ServerConnector@4b6a54c{HTTP/1.1, (http/1.1)}{0.0.0.0:35991}
2023-03-23 08:05:10,714 [Listener at 127.0.0.1/41453] INFO  server.Server (Server.java:doStart(415)) - Started @10427ms
2023-03-23 08:05:10,714 [Listener at 127.0.0.1/41453] WARN  impl.MetricsSystemImpl (MetricsSystemImpl.java:register(279)) - Sink prometheus already exists!
2023-03-23 08:05:10,714 [Listener at 127.0.0.1/41453] INFO  http.BaseHttpServer (BaseHttpServer.java:updateConnectorAddress(344)) - HTTP server of hddsDatanode listening at http://0.0.0.0:35991
2023-03-23 08:05:10,715 [Datanode State Machine Daemon Thread] INFO  statemachine.DatanodeStateMachine (DatanodeStateMachine.java:lambda$startDaemon$0(517)) - Ozone container server started.
2023-03-23 08:05:10,718 [Listener at 127.0.0.1/41453] INFO  ozone.MiniOzoneClusterImpl (MiniOzoneClusterImpl.java:lambda$waitForClusterToBeReady$0(222)) - Waiting for nodes to be ready. Got 0 of 3 DN Heartbeats.
2023-03-23 08:05:10,718 [Listener at 127.0.0.1/41453] INFO  ozone.MiniOzoneClusterImpl (MiniOzoneClusterImpl.java:lambda$waitForClusterToBeReady$0(225)) - Waiting for cluster to exit safe mode
2023-03-23 08:05:10,718 [Listener at 127.0.0.1/41453] INFO  ozone.MiniOzoneClusterImpl (MiniOzoneClusterImpl.java:lambda$waitForClusterToBeReady$0(227)) - SCM became leader
2023-03-23 08:05:10,735 [org.apache.hadoop.util.JvmPauseMonitor$Monitor@45927394] INFO  util.JvmPauseMonitor (JvmPauseMonitor.java:run(188)) - Starting JVM pause monitor
2023-03-23 08:05:10,740 [Datanode State Machine Task Thread - 0] INFO  datanode.InitDatanodeState (InitDatanodeState.java:persistContainerDatanodeDetails(138)) - DatanodeDetails is persisted to /home/runner/work/ozone/ozone/hadoop-ozone/integration-test/target/test-dir/MiniOzoneClusterImpl-2db357e6-2bf9-484c-8f04-13a4732d1f27/datanode-2/meta/datanode.id
2023-03-23 08:05:11,718 [Listener at 127.0.0.1/41453] INFO  ozone.MiniOzoneClusterImpl (MiniOzoneClusterImpl.java:lambda$waitForClusterToBeReady$0(222)) - Waiting for nodes to be ready. Got 0 of 3 DN Heartbeats.
2023-03-23 08:05:11,719 [Listener at 127.0.0.1/41453] INFO  ozone.MiniOzoneClusterImpl (MiniOzoneClusterImpl.java:lambda$waitForClusterToBeReady$0(225)) - Waiting for cluster to exit safe mode
2023-03-23 08:05:11,719 [Listener at 127.0.0.1/41453] INFO  ozone.MiniOzoneClusterImpl (MiniOzoneClusterImpl.java:lambda$waitForClusterToBeReady$0(227)) - SCM became leader
2023-03-23 08:05:11,851 [EndpointStateMachine task thread for /0.0.0.0:43035 - 0 ] INFO  utils.DatanodeStoreCache (DatanodeStoreCache.java:addDB(58)) - Added db /home/runner/work/ozone/ozone/hadoop-ozone/integration-test/target/test-dir/MiniOzoneClusterImpl-2db357e6-2bf9-484c-8f04-13a4732d1f27/datanode-0/data-0/containers/hdds/2db357e6-2bf9-484c-8f04-13a4732d1f27/DS-4c3c2f26-b19d-4d6f-9d85-a2263460296d/container.db to cache
2023-03-23 08:05:11,851 [EndpointStateMachine task thread for /0.0.0.0:43035 - 0 ] INFO  volume.HddsVolume (HddsVolume.java:createDbStore(350)) - SchemaV3 db is created and loaded at /home/runner/work/ozone/ozone/hadoop-ozone/integration-test/target/test-dir/MiniOzoneClusterImpl-2db357e6-2bf9-484c-8f04-13a4732d1f27/datanode-0/data-0/containers/hdds/2db357e6-2bf9-484c-8f04-13a4732d1f27/DS-4c3c2f26-b19d-4d6f-9d85-a2263460296d/container.db for volume DS-4c3c2f26-b19d-4d6f-9d85-a2263460296d
2023-03-23 08:05:11,854 [EndpointStateMachine task thread for /0.0.0.0:43035 - 0 ] INFO  ozoneimpl.OzoneContainer (OzoneContainer.java:start(401)) - Attempting to start container services.
2023-03-23 08:05:11,856 [EndpointStateMachine task thread for /0.0.0.0:43035 - 0 ] INFO  ozoneimpl.OzoneContainer (OzoneContainer.java:startContainerScrub(318)) - Scheduled background container scanners and the on-demand container scanner have been disabled.
2023-03-23 08:05:11,858 [EndpointStateMachine task thread for /0.0.0.0:43035 - 0 ] INFO  replication.ReplicationServer (ReplicationServer.java:start(109)) - ReplicationServer is started using port 37841
2023-03-23 08:05:11,863 [EndpointStateMachine task thread for /0.0.0.0:43035 - 0 ] INFO  ratis.XceiverServerRatis (XceiverServerRatis.java:start(518)) - Starting XceiverServerRatis ec9f5457-0109-4da3-8559-48062aace451
2023-03-23 08:05:11,865 [EndpointStateMachine task thread for /0.0.0.0:43035 - 0 ] INFO  server.RaftServer (RaftServerProxy.java:startImpl(393)) - ec9f5457-0109-4da3-8559-48062aace451: start RPC server
2023-03-23 08:05:11,871 [EndpointStateMachine task thread for /0.0.0.0:43035 - 0 ] INFO  server.GrpcService (GrpcService.java:startImpl(262)) - ec9f5457-0109-4da3-8559-48062aace451: GrpcService started, listening on 39213
2023-03-23 08:05:11,873 [EndpointStateMachine task thread for /0.0.0.0:43035 - 0 ] INFO  ratis.XceiverServerRatis (XceiverServerRatis.java:getRealPort(544)) - XceiverServerRatis ec9f5457-0109-4da3-8559-48062aace451 is started using port 39213 for RATIS
2023-03-23 08:05:11,873 [JvmPauseMonitor1] INFO  util.JvmPauseMonitor (JvmPauseMonitor.java:run(105)) - JvmPauseMonitor-ec9f5457-0109-4da3-8559-48062aace451: Started
2023-03-23 08:05:11,873 [EndpointStateMachine task thread for /0.0.0.0:43035 - 0 ] INFO  ratis.XceiverServerRatis (XceiverServerRatis.java:getRealPort(544)) - XceiverServerRatis ec9f5457-0109-4da3-8559-48062aace451 is started using port 39213 for RATIS_ADMIN
2023-03-23 08:05:11,874 [EndpointStateMachine task thread for /0.0.0.0:43035 - 0 ] INFO  ratis.XceiverServerRatis (XceiverServerRatis.java:getRealPort(544)) - XceiverServerRatis ec9f5457-0109-4da3-8559-48062aace451 is started using port 39213 for RATIS_SERVER
2023-03-23 08:05:11,875 [EndpointStateMachine task thread for /0.0.0.0:43035 - 0 ] INFO  ratis.XceiverServerRatis (XceiverServerRatis.java:getRealPort(544)) - XceiverServerRatis ec9f5457-0109-4da3-8559-48062aace451 is started using port 45841 for RATIS_DATASTREAM
2023-03-23 08:05:11,878 [EndpointStateMachine task thread for /0.0.0.0:43035 - 0 ] INFO  server.XceiverServerGrpc (XceiverServerGrpc.java:start(180)) - XceiverServerGrpc ec9f5457-0109-4da3-8559-48062aace451 is started using port 44045
2023-03-23 08:05:11,895 [BlockDeletingService#0] INFO  interfaces.ContainerDeletionChoosingPolicyTemplate (ContainerDeletionChoosingPolicyTemplate.java:chooseContainerForBlockDeletion(83)) - Chosen 0/5000 blocks from 0 candidate containers.
2023-03-23 08:05:11,995 [BlockDeletingService#0] INFO  interfaces.ContainerDeletionChoosingPolicyTemplate (ContainerDeletionChoosingPolicyTemplate.java:chooseContainerForBlockDeletion(83)) - Chosen 0/5000 blocks from 0 candidate containers.
2023-03-23 08:05:12,097 [BlockDeletingService#1] INFO  interfaces.ContainerDeletionChoosingPolicyTemplate (ContainerDeletionChoosingPolicyTemplate.java:chooseContainerForBlockDeletion(83)) - Chosen 0/5000 blocks from 0 candidate containers.
2023-03-23 08:05:12,197 [BlockDeletingService#0] INFO  interfaces.ContainerDeletionChoosingPolicyTemplate (ContainerDeletionChoosingPolicyTemplate.java:chooseContainerForBlockDeletion(83)) - Chosen 0/5000 blocks from 0 candidate containers.
2023-03-23 08:05:12,298 [BlockDeletingService#2] INFO  interfaces.ContainerDeletionChoosingPolicyTemplate (ContainerDeletionChoosingPolicyTemplate.java:chooseContainerForBlockDeletion(83)) - Chosen 0/5000 blocks from 0 candidate containers.
2023-03-23 08:05:12,365 [EndpointStateMachine task thread for /0.0.0.0:43035 - 0 ] INFO  utils.DatanodeStoreCache (DatanodeStoreCache.java:addDB(58)) - Added db /home/runner/work/ozone/ozone/hadoop-ozone/integration-test/target/test-dir/MiniOzoneClusterImpl-2db357e6-2bf9-484c-8f04-13a4732d1f27/datanode-1/data-0/containers/hdds/2db357e6-2bf9-484c-8f04-13a4732d1f27/DS-880ceff8-a3b8-47a9-936b-489f58247b94/container.db to cache
2023-03-23 08:05:12,365 [EndpointStateMachine task thread for /0.0.0.0:43035 - 0 ] INFO  volume.HddsVolume (HddsVolume.java:createDbStore(350)) - SchemaV3 db is created and loaded at /home/runner/work/ozone/ozone/hadoop-ozone/integration-test/target/test-dir/MiniOzoneClusterImpl-2db357e6-2bf9-484c-8f04-13a4732d1f27/datanode-1/data-0/containers/hdds/2db357e6-2bf9-484c-8f04-13a4732d1f27/DS-880ceff8-a3b8-47a9-936b-489f58247b94/container.db for volume DS-880ceff8-a3b8-47a9-936b-489f58247b94
2023-03-23 08:05:12,366 [EndpointStateMachine task thread for /0.0.0.0:43035 - 0 ] INFO  ozoneimpl.OzoneContainer (OzoneContainer.java:start(401)) - Attempting to start container services.
2023-03-23 08:05:12,367 [EndpointStateMachine task thread for /0.0.0.0:43035 - 0 ] INFO  ozoneimpl.OzoneContainer (OzoneContainer.java:startContainerScrub(318)) - Scheduled background container scanners and the on-demand container scanner have been disabled.
2023-03-23 08:05:12,368 [EndpointStateMachine task thread for /0.0.0.0:43035 - 0 ] INFO  replication.ReplicationServer (ReplicationServer.java:start(109)) - ReplicationServer is started using port 39275
2023-03-23 08:05:12,369 [EndpointStateMachine task thread for /0.0.0.0:43035 - 0 ] INFO  ratis.XceiverServerRatis (XceiverServerRatis.java:start(518)) - Starting XceiverServerRatis 82a30c81-a10a-4a6a-ae9d-f1f427ed9001
2023-03-23 08:05:12,373 [EndpointStateMachine task thread for /0.0.0.0:43035 - 0 ] INFO  server.RaftServer (RaftServerProxy.java:startImpl(393)) - 82a30c81-a10a-4a6a-ae9d-f1f427ed9001: start RPC server
2023-03-23 08:05:12,376 [EndpointStateMachine task thread for /0.0.0.0:43035 - 0 ] INFO  server.GrpcService (GrpcService.java:startImpl(262)) - 82a30c81-a10a-4a6a-ae9d-f1f427ed9001: GrpcService started, listening on 35887
2023-03-23 08:05:12,377 [EndpointStateMachine task thread for /0.0.0.0:43035 - 0 ] INFO  ratis.XceiverServerRatis (XceiverServerRatis.java:getRealPort(544)) - XceiverServerRatis 82a30c81-a10a-4a6a-ae9d-f1f427ed9001 is started using port 35887 for RATIS
2023-03-23 08:05:12,378 [EndpointStateMachine task thread for /0.0.0.0:43035 - 0 ] INFO  ratis.XceiverServerRatis (XceiverServerRatis.java:getRealPort(544)) - XceiverServerRatis 82a30c81-a10a-4a6a-ae9d-f1f427ed9001 is started using port 35887 for RATIS_ADMIN
2023-03-23 08:05:12,378 [EndpointStateMachine task thread for /0.0.0.0:43035 - 0 ] INFO  ratis.XceiverServerRatis (XceiverServerRatis.java:getRealPort(544)) - XceiverServerRatis 82a30c81-a10a-4a6a-ae9d-f1f427ed9001 is started using port 35887 for RATIS_SERVER
2023-03-23 08:05:12,378 [EndpointStateMachine task thread for /0.0.0.0:43035 - 0 ] INFO  ratis.XceiverServerRatis (XceiverServerRatis.java:getRealPort(544)) - XceiverServerRatis 82a30c81-a10a-4a6a-ae9d-f1f427ed9001 is started using port 34443 for RATIS_DATASTREAM
2023-03-23 08:05:12,378 [JvmPauseMonitor2] INFO  util.JvmPauseMonitor (JvmPauseMonitor.java:run(105)) - JvmPauseMonitor-82a30c81-a10a-4a6a-ae9d-f1f427ed9001: Started
2023-03-23 08:05:12,385 [EndpointStateMachine task thread for /0.0.0.0:43035 - 0 ] INFO  server.XceiverServerGrpc (XceiverServerGrpc.java:start(180)) - XceiverServerGrpc 82a30c81-a10a-4a6a-ae9d-f1f427ed9001 is started using port 44743
2023-03-23 08:05:12,395 [BlockDeletingService#0] INFO  interfaces.ContainerDeletionChoosingPolicyTemplate (ContainerDeletionChoosingPolicyTemplate.java:chooseContainerForBlockDeletion(83)) - Chosen 0/5000 blocks from 0 candidate containers.
2023-03-23 08:05:12,398 [BlockDeletingService#1] INFO  interfaces.ContainerDeletionChoosingPolicyTemplate (ContainerDeletionChoosingPolicyTemplate.java:chooseContainerForBlockDeletion(83)) - Chosen 0/5000 blocks from 0 candidate containers.
2023-03-23 08:05:12,495 [BlockDeletingService#0] INFO  interfaces.ContainerDeletionChoosingPolicyTemplate (ContainerDeletionChoosingPolicyTemplate.java:chooseContainerForBlockDeletion(83)) - Chosen 0/5000 blocks from 0 candidate containers.
2023-03-23 08:05:12,498 [BlockDeletingService#3] INFO  interfaces.ContainerDeletionChoosingPolicyTemplate (ContainerDeletionChoosingPolicyTemplate.java:chooseContainerForBlockDeletion(83)) - Chosen 0/5000 blocks from 0 candidate containers.
2023-03-23 08:05:12,597 [BlockDeletingService#1] INFO  interfaces.ContainerDeletionChoosingPolicyTemplate (ContainerDeletionChoosingPolicyTemplate.java:chooseContainerForBlockDeletion(83)) - Chosen 0/5000 blocks from 0 candidate containers.
2023-03-23 08:05:12,599 [BlockDeletingService#0] INFO  interfaces.ContainerDeletionChoosingPolicyTemplate (ContainerDeletionChoosingPolicyTemplate.java:chooseContainerForBlockDeletion(83)) - Chosen 0/5000 blocks from 0 candidate containers.
2023-03-23 08:05:12,697 [BlockDeletingService#0] INFO  interfaces.ContainerDeletionChoosingPolicyTemplate (ContainerDeletionChoosingPolicyTemplate.java:chooseContainerForBlockDeletion(83)) - Chosen 0/5000 blocks from 0 candidate containers.
2023-03-23 08:05:12,699 [BlockDeletingService#4] INFO  interfaces.ContainerDeletionChoosingPolicyTemplate (ContainerDeletionChoosingPolicyTemplate.java:chooseContainerForBlockDeletion(83)) - Chosen 0/5000 blocks from 0 candidate containers.
2023-03-23 08:05:12,719 [Listener at 127.0.0.1/41453] INFO  ozone.MiniOzoneClusterImpl (MiniOzoneClusterImpl.java:lambda$waitForClusterToBeReady$0(222)) - Waiting for nodes to be ready. Got 0 of 3 DN Heartbeats.
2023-03-23 08:05:12,719 [Listener at 127.0.0.1/41453] INFO  ozone.MiniOzoneClusterImpl (MiniOzoneClusterImpl.java:lambda$waitForClusterToBeReady$0(225)) - Waiting for cluster to exit safe mode
2023-03-23 08:05:12,720 [Listener at 127.0.0.1/41453] INFO  ozone.MiniOzoneClusterImpl (MiniOzoneClusterImpl.java:lambda$waitForClusterToBeReady$0(227)) - SCM became leader
2023-03-23 08:05:12,781 [EndpointStateMachine task thread for /0.0.0.0:43035 - 0 ] INFO  utils.DatanodeStoreCache (DatanodeStoreCache.java:addDB(58)) - Added db /home/runner/work/ozone/ozone/hadoop-ozone/integration-test/target/test-dir/MiniOzoneClusterImpl-2db357e6-2bf9-484c-8f04-13a4732d1f27/datanode-2/data-0/containers/hdds/2db357e6-2bf9-484c-8f04-13a4732d1f27/DS-b66dc28f-8119-4dc0-a47a-bdc67db5b593/container.db to cache
2023-03-23 08:05:12,781 [EndpointStateMachine task thread for /0.0.0.0:43035 - 0 ] INFO  volume.HddsVolume (HddsVolume.java:createDbStore(350)) - SchemaV3 db is created and loaded at /home/runner/work/ozone/ozone/hadoop-ozone/integration-test/target/test-dir/MiniOzoneClusterImpl-2db357e6-2bf9-484c-8f04-13a4732d1f27/datanode-2/data-0/containers/hdds/2db357e6-2bf9-484c-8f04-13a4732d1f27/DS-b66dc28f-8119-4dc0-a47a-bdc67db5b593/container.db for volume DS-b66dc28f-8119-4dc0-a47a-bdc67db5b593
2023-03-23 08:05:12,781 [EndpointStateMachine task thread for /0.0.0.0:43035 - 0 ] INFO  ozoneimpl.OzoneContainer (OzoneContainer.java:start(401)) - Attempting to start container services.
2023-03-23 08:05:12,782 [EndpointStateMachine task thread for /0.0.0.0:43035 - 0 ] INFO  ozoneimpl.OzoneContainer (OzoneContainer.java:startContainerScrub(318)) - Scheduled background container scanners and the on-demand container scanner have been disabled.
2023-03-23 08:05:12,784 [EndpointStateMachine task thread for /0.0.0.0:43035 - 0 ] INFO  replication.ReplicationServer (ReplicationServer.java:start(109)) - ReplicationServer is started using port 46509
2023-03-23 08:05:12,784 [EndpointStateMachine task thread for /0.0.0.0:43035 - 0 ] INFO  ratis.XceiverServerRatis (XceiverServerRatis.java:start(518)) - Starting XceiverServerRatis 7171cd95-6b54-4876-a08e-c51c27c3dd43
2023-03-23 08:05:12,785 [EndpointStateMachine task thread for /0.0.0.0:43035 - 0 ] INFO  server.RaftServer (RaftServerProxy.java:startImpl(393)) - 7171cd95-6b54-4876-a08e-c51c27c3dd43: start RPC server
2023-03-23 08:05:12,787 [EndpointStateMachine task thread for /0.0.0.0:43035 - 0 ] INFO  server.GrpcService (GrpcService.java:startImpl(262)) - 7171cd95-6b54-4876-a08e-c51c27c3dd43: GrpcService started, listening on 35095
2023-03-23 08:05:12,787 [EndpointStateMachine task thread for /0.0.0.0:43035 - 0 ] INFO  ratis.XceiverServerRatis (XceiverServerRatis.java:getRealPort(544)) - XceiverServerRatis 7171cd95-6b54-4876-a08e-c51c27c3dd43 is started using port 35095 for RATIS
2023-03-23 08:05:12,787 [JvmPauseMonitor3] INFO  util.JvmPauseMonitor (JvmPauseMonitor.java:run(105)) - JvmPauseMonitor-7171cd95-6b54-4876-a08e-c51c27c3dd43: Started
2023-03-23 08:05:12,787 [EndpointStateMachine task thread for /0.0.0.0:43035 - 0 ] INFO  ratis.XceiverServerRatis (XceiverServerRatis.java:getRealPort(544)) - XceiverServerRatis 7171cd95-6b54-4876-a08e-c51c27c3dd43 is started using port 35095 for RATIS_ADMIN
2023-03-23 08:05:12,787 [EndpointStateMachine task thread for /0.0.0.0:43035 - 0 ] INFO  ratis.XceiverServerRatis (XceiverServerRatis.java:getRealPort(544)) - XceiverServerRatis 7171cd95-6b54-4876-a08e-c51c27c3dd43 is started using port 35095 for RATIS_SERVER
2023-03-23 08:05:12,787 [EndpointStateMachine task thread for /0.0.0.0:43035 - 0 ] INFO  ratis.XceiverServerRatis (XceiverServerRatis.java:getRealPort(544)) - XceiverServerRatis 7171cd95-6b54-4876-a08e-c51c27c3dd43 is started using port 35981 for RATIS_DATASTREAM
2023-03-23 08:05:12,790 [EndpointStateMachine task thread for /0.0.0.0:43035 - 0 ] INFO  server.XceiverServerGrpc (XceiverServerGrpc.java:start(180)) - XceiverServerGrpc 7171cd95-6b54-4876-a08e-c51c27c3dd43 is started using port 37069
2023-03-23 08:05:12,792 [BlockDeletingService#0] INFO  interfaces.ContainerDeletionChoosingPolicyTemplate (ContainerDeletionChoosingPolicyTemplate.java:chooseContainerForBlockDeletion(83)) - Chosen 0/5000 blocks from 0 candidate containers.
2023-03-23 08:05:12,797 [BlockDeletingService#2] INFO  interfaces.ContainerDeletionChoosingPolicyTemplate (ContainerDeletionChoosingPolicyTemplate.java:chooseContainerForBlockDeletion(83)) - Chosen 0/5000 blocks from 0 candidate containers.
2023-03-23 08:05:12,799 [BlockDeletingService#2] INFO  interfaces.ContainerDeletionChoosingPolicyTemplate (ContainerDeletionChoosingPolicyTemplate.java:chooseContainerForBlockDeletion(83)) - Chosen 0/5000 blocks from 0 candidate containers.
2023-03-23 08:05:12,892 [BlockDeletingService#0] INFO  interfaces.ContainerDeletionChoosingPolicyTemplate (ContainerDeletionChoosingPolicyTemplate.java:chooseContainerForBlockDeletion(83)) - Chosen 0/5000 blocks from 0 candidate containers.
2023-03-23 08:05:12,898 [BlockDeletingService#1] INFO  interfaces.ContainerDeletionChoosingPolicyTemplate (ContainerDeletionChoosingPolicyTemplate.java:chooseContainerForBlockDeletion(83)) - Chosen 0/5000 blocks from 0 candidate containers.
2023-03-23 08:05:12,900 [BlockDeletingService#2] INFO  interfaces.ContainerDeletionChoosingPolicyTemplate (ContainerDeletionChoosingPolicyTemplate.java:chooseContainerForBlockDeletion(83)) - Chosen 0/5000 blocks from 0 candidate containers.
2023-03-23 08:05:12,998 [BlockDeletingService#1] INFO  interfaces.ContainerDeletionChoosingPolicyTemplate (ContainerDeletionChoosingPolicyTemplate.java:chooseContainerForBlockDeletion(83)) - Chosen 0/5000 blocks from 0 candidate containers.
2023-03-23 08:05:12,998 [BlockDeletingService#3] INFO  interfaces.ContainerDeletionChoosingPolicyTemplate (ContainerDeletionChoosingPolicyTemplate.java:chooseContainerForBlockDeletion(83)) - Chosen 0/5000 blocks from 0 candidate containers.
2023-03-23 08:05:13,001 [BlockDeletingService#2] INFO  interfaces.ContainerDeletionChoosingPolicyTemplate (ContainerDeletionChoosingPolicyTemplate.java:chooseContainerForBlockDeletion(83)) - Chosen 0/5000 blocks from 0 candidate containers.
2023-03-23 08:05:13,098 [BlockDeletingService#0] INFO  interfaces.ContainerDeletionChoosingPolicyTemplate (ContainerDeletionChoosingPolicyTemplate.java:chooseContainerForBlockDeletion(83)) - Chosen 0/5000 blocks from 0 candidate containers.
2023-03-23 08:05:13,098 [BlockDeletingService#3] INFO  interfaces.ContainerDeletionChoosingPolicyTemplate (ContainerDeletionChoosingPolicyTemplate.java:chooseContainerForBlockDeletion(83)) - Chosen 0/5000 blocks from 0 candidate containers.
2023-03-23 08:05:13,102 [BlockDeletingService#2] INFO  interfaces.ContainerDeletionChoosingPolicyTemplate (ContainerDeletionChoosingPolicyTemplate.java:chooseContainerForBlockDeletion(83)) - Chosen 0/5000 blocks from 0 candidate containers.
2023-03-23 08:05:13,198 [BlockDeletingService#2] INFO  interfaces.ContainerDeletionChoosingPolicyTemplate (ContainerDeletionChoosingPolicyTemplate.java:chooseContainerForBlockDeletion(83)) - Chosen 0/5000 blocks from 0 candidate containers.
2023-03-23 08:05:13,199 [BlockDeletingService#4] INFO  interfaces.ContainerDeletionChoosingPolicyTemplate (ContainerDeletionChoosingPolicyTemplate.java:chooseContainerForBlockDeletion(83)) - Chosen 0/5000 blocks from 0 candidate containers.
2023-03-23 08:05:13,202 [BlockDeletingService#2] INFO  interfaces.ContainerDeletionChoosingPolicyTemplate (ContainerDeletionChoosingPolicyTemplate.java:chooseContainerForBlockDeletion(83)) - Chosen 0/5000 blocks from 0 candidate containers.
2023-03-23 08:05:13,299 [BlockDeletingService#1] INFO  interfaces.ContainerDeletionChoosingPolicyTemplate (ContainerDeletionChoosingPolicyTemplate.java:chooseContainerForBlockDeletion(83)) - Chosen 0/5000 blocks from 0 candidate containers.
2023-03-23 08:05:13,299 [BlockDeletingService#2] INFO  interfaces.ContainerDeletionChoosingPolicyTemplate (ContainerDeletionChoosingPolicyTemplate.java:chooseContainerForBlockDeletion(83)) - Chosen 0/5000 blocks from 0 candidate containers.
2023-03-23 08:05:13,302 [BlockDeletingService#2] INFO  interfaces.ContainerDeletionChoosingPolicyTemplate (ContainerDeletionChoosingPolicyTemplate.java:chooseContainerForBlockDeletion(83)) - Chosen 0/5000 blocks from 0 candidate containers.
2023-03-23 08:05:13,399 [BlockDeletingService#1] INFO  interfaces.ContainerDeletionChoosingPolicyTemplate (ContainerDeletionChoosingPolicyTemplate.java:chooseContainerForBlockDeletion(83)) - Chosen 0/5000 blocks from 0 candidate containers.
2023-03-23 08:05:13,399 [BlockDeletingService#2] INFO  interfaces.ContainerDeletionChoosingPolicyTemplate (ContainerDeletionChoosingPolicyTemplate.java:chooseContainerForBlockDeletion(83)) - Chosen 0/5000 blocks from 0 candidate containers.
2023-03-23 08:05:13,402 [BlockDeletingService#2] INFO  interfaces.ContainerDeletionChoosingPolicyTemplate (ContainerDeletionChoosingPolicyTemplate.java:chooseContainerForBlockDeletion(83)) - Chosen 0/5000 blocks from 0 candidate containers.
2023-03-23 08:05:13,500 [BlockDeletingService#0] INFO  interfaces.ContainerDeletionChoosingPolicyTemplate (ContainerDeletionChoosingPolicyTemplate.java:chooseContainerForBlockDeletion(83)) - Chosen 0/5000 blocks from 0 candidate containers.
2023-03-23 08:05:13,500 [BlockDeletingService#2] INFO  interfaces.ContainerDeletionChoosingPolicyTemplate (ContainerDeletionChoosingPolicyTemplate.java:chooseContainerForBlockDeletion(83)) - Chosen 0/5000 blocks from 0 candidate containers.
2023-03-23 08:05:13,503 [BlockDeletingService#2] INFO  interfaces.ContainerDeletionChoosingPolicyTemplate (ContainerDeletionChoosingPolicyTemplate.java:chooseContainerForBlockDeletion(83)) - Chosen 0/5000 blocks from 0 candidate containers.
2023-03-23 08:05:13,600 [BlockDeletingService#4] INFO  interfaces.ContainerDeletionChoosingPolicyTemplate (ContainerDeletionChoosingPolicyTemplate.java:chooseContainerForBlockDeletion(83)) - Chosen 0/5000 blocks from 0 candidate containers.
2023-03-23 08:05:13,600 [BlockDeletingService#2] INFO  interfaces.ContainerDeletionChoosingPolicyTemplate (ContainerDeletionChoosingPolicyTemplate.java:chooseContainerForBlockDeletion(83)) - Chosen 0/5000 blocks from 0 candidate containers.
2023-03-23 08:05:13,603 [BlockDeletingService#2] INFO  interfaces.ContainerDeletionChoosingPolicyTemplate (ContainerDeletionChoosingPolicyTemplate.java:chooseContainerForBlockDeletion(83)) - Chosen 0/5000 blocks from 0 candidate containers.
2023-03-23 08:05:13,701 [BlockDeletingService#2] INFO  interfaces.ContainerDeletionChoosingPolicyTemplate (ContainerDeletionChoosingPolicyTemplate.java:chooseContainerForBlockDeletion(83)) - Chosen 0/5000 blocks from 0 candidate containers.
2023-03-23 08:05:13,701 [BlockDeletingService#2] INFO  interfaces.ContainerDeletionChoosingPolicyTemplate (ContainerDeletionChoosingPolicyTemplate.java:chooseContainerForBlockDeletion(83)) - Chosen 0/5000 blocks from 0 candidate containers.
2023-03-23 08:05:13,703 [BlockDeletingService#2] INFO  interfaces.ContainerDeletionChoosingPolicyTemplate (ContainerDeletionChoosingPolicyTemplate.java:chooseContainerForBlockDeletion(83)) - Chosen 0/5000 blocks from 0 candidate containers.
2023-03-23 08:05:13,720 [Listener at 127.0.0.1/41453] INFO  ozone.MiniOzoneClusterImpl (MiniOzoneClusterImpl.java:lambda$waitForClusterToBeReady$0(222)) - Waiting for nodes to be ready. Got 0 of 3 DN Heartbeats.
2023-03-23 08:05:13,720 [Listener at 127.0.0.1/41453] INFO  ozone.MiniOzoneClusterImpl (MiniOzoneClusterImpl.java:lambda$waitForClusterToBeReady$0(225)) - Waiting for cluster to exit safe mode
2023-03-23 08:05:13,720 [Listener at 127.0.0.1/41453] INFO  ozone.MiniOzoneClusterImpl (MiniOzoneClusterImpl.java:lambda$waitForClusterToBeReady$0(227)) - SCM became leader
2023-03-23 08:05:13,772 [IPC Server handler 17 on default port 43035] INFO  net.NetworkTopologyImpl (NetworkTopologyImpl.java:add(112)) - Added a new node: /default-rack/ec9f5457-0109-4da3-8559-48062aace451
2023-03-23 08:05:13,774 [IPC Server handler 17 on default port 43035] INFO  node.SCMNodeManager (SCMNodeManager.java:register(404)) - Registered Data node : ec9f5457-0109-4da3-8559-48062aace451{ip: 10.1.0.214, host: fv-az105-497.wy5h1aom0jgehahef1oyr10hrc.bx.internal.cloudapp.net, ports: [REPLICATION=37841, RATIS=39213, RATIS_ADMIN=39213, RATIS_SERVER=39213, RATIS_DATASTREAM=45841, STANDALONE=44045], networkLocation: /default-rack, certSerialId: null, persistedOpState: null, persistedOpStateExpiryEpochSec: 0}
2023-03-23 08:05:13,779 [EventQueue-NewNodeForNewNodeHandler] INFO  pipeline.BackgroundPipelineCreator (BackgroundPipelineCreator.java:notifyEventTriggered(276)) - trigger a one-shot run on RatisPipelineUtilsThread.
2023-03-23 08:05:13,781 [EventQueue-NodeRegistrationContainerReportForContainerSafeModeRule] INFO  safemode.SCMSafeModeManager (SCMSafeModeManager.java:validateSafeModeExitRules(200)) - ContainerSafeModeRule rule is successfully validated
2023-03-23 08:05:13,791 [EventQueue-PipelineReportForOneReplicaPipelineSafeModeRule] INFO  safemode.SCMSafeModeManager (SCMSafeModeManager.java:validateSafeModeExitRules(200)) - AtleastOneDatanodeReportedRule rule is successfully validated
2023-03-23 08:05:13,782 [EventQueue-NodeRegistrationContainerReportForDataNodeSafeModeRule] INFO  safemode.SCMSafeModeManager (DataNodeSafeModeRule.java:process(71)) - SCM in safe mode. 1 DataNodes registered, 3 required.
2023-03-23 08:05:13,801 [BlockDeletingService#2] INFO  interfaces.ContainerDeletionChoosingPolicyTemplate (ContainerDeletionChoosingPolicyTemplate.java:chooseContainerForBlockDeletion(83)) - Chosen 0/5000 blocks from 0 candidate containers.
2023-03-23 08:05:13,801 [BlockDeletingService#2] INFO  interfaces.ContainerDeletionChoosingPolicyTemplate (ContainerDeletionChoosingPolicyTemplate.java:chooseContainerForBlockDeletion(83)) - Chosen 0/5000 blocks from 0 candidate containers.
2023-03-23 08:05:13,803 [BlockDeletingService#2] INFO  interfaces.ContainerDeletionChoosingPolicyTemplate (ContainerDeletionChoosingPolicyTemplate.java:chooseContainerForBlockDeletion(83)) - Chosen 0/5000 blocks from 0 candidate containers.
2023-03-23 08:05:13,902 [BlockDeletingService#2] INFO  interfaces.ContainerDeletionChoosingPolicyTemplate (ContainerDeletionChoosingPolicyTemplate.java:chooseContainerForBlockDeletion(83)) - Chosen 0/5000 blocks from 0 candidate containers.
2023-03-23 08:05:13,902 [BlockDeletingService#2] INFO  interfaces.ContainerDeletionChoosingPolicyTemplate (ContainerDeletionChoosingPolicyTemplate.java:chooseContainerForBlockDeletion(83)) - Chosen 0/5000 blocks from 0 candidate containers.
2023-03-23 08:05:13,904 [BlockDeletingService#2] INFO  interfaces.ContainerDeletionChoosingPolicyTemplate (ContainerDeletionChoosingPolicyTemplate.java:chooseContainerForBlockDeletion(83)) - Chosen 0/5000 blocks from 0 candidate containers.
2023-03-23 08:05:14,002 [BlockDeletingService#2] INFO  interfaces.ContainerDeletionChoosingPolicyTemplate (ContainerDeletionChoosingPolicyTemplate.java:chooseContainerForBlockDeletion(83)) - Chosen 0/5000 blocks from 0 candidate containers.
2023-03-23 08:05:14,003 [BlockDeletingService#2] INFO  interfaces.ContainerDeletionChoosingPolicyTemplate (ContainerDeletionChoosingPolicyTemplate.java:chooseContainerForBlockDeletion(83)) - Chosen 0/5000 blocks from 0 candidate containers.
2023-03-23 08:05:14,004 [BlockDeletingService#2] INFO  interfaces.ContainerDeletionChoosingPolicyTemplate (ContainerDeletionChoosingPolicyTemplate.java:chooseContainerForBlockDeletion(83)) - Chosen 0/5000 blocks from 0 candidate containers.
2023-03-23 08:05:14,103 [BlockDeletingService#2] INFO  interfaces.ContainerDeletionChoosingPolicyTemplate (ContainerDeletionChoosingPolicyTemplate.java:chooseContainerForBlockDeletion(83)) - Chosen 0/5000 blocks from 0 candidate containers.
2023-03-23 08:05:14,103 [BlockDeletingService#2] INFO  interfaces.ContainerDeletionChoosingPolicyTemplate (ContainerDeletionChoosingPolicyTemplate.java:chooseContainerForBlockDeletion(83)) - Chosen 0/5000 blocks from 0 candidate containers.
2023-03-23 08:05:14,104 [BlockDeletingService#2] INFO  interfaces.ContainerDeletionChoosingPolicyTemplate (ContainerDeletionChoosingPolicyTemplate.java:chooseContainerForBlockDeletion(83)) - Chosen 0/5000 blocks from 0 candidate containers.
2023-03-23 08:05:14,203 [BlockDeletingService#2] INFO  interfaces.ContainerDeletionChoosingPolicyTemplate (ContainerDeletionChoosingPolicyTemplate.java:chooseContainerForBlockDeletion(83)) - Chosen 0/5000 blocks from 0 candidate containers.
2023-03-23 08:05:14,203 [BlockDeletingService#2] INFO  interfaces.ContainerDeletionChoosingPolicyTemplate (ContainerDeletionChoosingPolicyTemplate.java:chooseContainerForBlockDeletion(83)) - Chosen 0/5000 blocks from 0 candidate containers.
2023-03-23 08:05:14,204 [BlockDeletingService#2] INFO  interfaces.ContainerDeletionChoosingPolicyTemplate (ContainerDeletionChoosingPolicyTemplate.java:chooseContainerForBlockDeletion(83)) - Chosen 0/5000 blocks from 0 candidate containers.
2023-03-23 08:05:14,304 [BlockDeletingService#2] INFO  interfaces.ContainerDeletionChoosingPolicyTemplate (ContainerDeletionChoosingPolicyTemplate.java:chooseContainerForBlockDeletion(83)) - Chosen 0/5000 blocks from 0 candidate containers.
2023-03-23 08:05:14,304 [BlockDeletingService#2] INFO  interfaces.ContainerDeletionChoosingPolicyTemplate (ContainerDeletionChoosingPolicyTemplate.java:chooseContainerForBlockDeletion(83)) - Chosen 0/5000 blocks from 0 candidate containers.
2023-03-23 08:05:14,305 [BlockDeletingService#2] INFO  interfaces.ContainerDeletionChoosingPolicyTemplate (ContainerDeletionChoosingPolicyTemplate.java:chooseContainerForBlockDeletion(83)) - Chosen 0/5000 blocks from 0 candidate containers.
2023-03-23 08:05:14,325 [IPC Server handler 19 on default port 43035] INFO  net.NetworkTopologyImpl (NetworkTopologyImpl.java:add(112)) - Added a new node: /default-rack/82a30c81-a10a-4a6a-ae9d-f1f427ed9001
2023-03-23 08:05:14,325 [IPC Server handler 19 on default port 43035] INFO  node.SCMNodeManager (SCMNodeManager.java:register(404)) - Registered Data node : 82a30c81-a10a-4a6a-ae9d-f1f427ed9001{ip: 10.1.0.214, host: fv-az105-497.wy5h1aom0jgehahef1oyr10hrc.bx.internal.cloudapp.net, ports: [REPLICATION=39275, RATIS=35887, RATIS_ADMIN=35887, RATIS_SERVER=35887, RATIS_DATASTREAM=34443, STANDALONE=44743], networkLocation: /default-rack, certSerialId: null, persistedOpState: null, persistedOpStateExpiryEpochSec: 0}
2023-03-23 08:05:14,325 [EventQueue-NodeRegistrationContainerReportForDataNodeSafeModeRule] INFO  safemode.SCMSafeModeManager (DataNodeSafeModeRule.java:process(71)) - SCM in safe mode. 2 DataNodes registered, 3 required.
2023-03-23 08:05:14,326 [EventQueue-NewNodeForNewNodeHandler] INFO  pipeline.BackgroundPipelineCreator (BackgroundPipelineCreator.java:notifyEventTriggered(276)) - trigger a one-shot run on RatisPipelineUtilsThread.
2023-03-23 08:05:14,404 [BlockDeletingService#2] INFO  interfaces.ContainerDeletionChoosingPolicyTemplate (ContainerDeletionChoosingPolicyTemplate.java:chooseContainerForBlockDeletion(83)) - Chosen 0/5000 blocks from 0 candidate containers.
2023-03-23 08:05:14,404 [BlockDeletingService#2] INFO  interfaces.ContainerDeletionChoosingPolicyTemplate (ContainerDeletionChoosingPolicyTemplate.java:chooseContainerForBlockDeletion(83)) - Chosen 0/5000 blocks from 0 candidate containers.
2023-03-23 08:05:14,405 [BlockDeletingService#2] INFO  interfaces.ContainerDeletionChoosingPolicyTemplate (ContainerDeletionChoosingPolicyTemplate.java:chooseContainerForBlockDeletion(83)) - Chosen 0/5000 blocks from 0 candidate containers.
2023-03-23 08:05:14,504 [BlockDeletingService#2] INFO  interfaces.ContainerDeletionChoosingPolicyTemplate (ContainerDeletionChoosingPolicyTemplate.java:chooseContainerForBlockDeletion(83)) - Chosen 0/5000 blocks from 0 candidate containers.
2023-03-23 08:05:14,505 [BlockDeletingService#2] INFO  interfaces.ContainerDeletionChoosingPolicyTemplate (ContainerDeletionChoosingPolicyTemplate.java:chooseContainerForBlockDeletion(83)) - Chosen 0/5000 blocks from 0 candidate containers.
2023-03-23 08:05:14,505 [BlockDeletingService#2] INFO  interfaces.ContainerDeletionChoosingPolicyTemplate (ContainerDeletionChoosingPolicyTemplate.java:chooseContainerForBlockDeletion(83)) - Chosen 0/5000 blocks from 0 candidate containers.
2023-03-23 08:05:14,605 [BlockDeletingService#2] INFO  interfaces.ContainerDeletionChoosingPolicyTemplate (ContainerDeletionChoosingPolicyTemplate.java:chooseContainerForBlockDeletion(83)) - Chosen 0/5000 blocks from 0 candidate containers.
2023-03-23 08:05:14,605 [BlockDeletingService#2] INFO  interfaces.ContainerDeletionChoosingPolicyTemplate (ContainerDeletionChoosingPolicyTemplate.java:chooseContainerForBlockDeletion(83)) - Chosen 0/5000 blocks from 0 candidate containers.
2023-03-23 08:05:14,605 [BlockDeletingService#2] INFO  interfaces.ContainerDeletionChoosingPolicyTemplate (ContainerDeletionChoosingPolicyTemplate.java:chooseContainerForBlockDeletion(83)) - Chosen 0/5000 blocks from 0 candidate containers.
2023-03-23 08:05:14,705 [BlockDeletingService#7] INFO  interfaces.ContainerDeletionChoosingPolicyTemplate (ContainerDeletionChoosingPolicyTemplate.java:chooseContainerForBlockDeletion(83)) - Chosen 0/5000 blocks from 0 candidate containers.
2023-03-23 08:05:14,705 [BlockDeletingService#2] INFO  interfaces.ContainerDeletionChoosingPolicyTemplate (ContainerDeletionChoosingPolicyTemplate.java:chooseContainerForBlockDeletion(83)) - Chosen 0/5000 blocks from 0 candidate containers.
2023-03-23 08:05:14,706 [BlockDeletingService#5] INFO  interfaces.ContainerDeletionChoosingPolicyTemplate (ContainerDeletionChoosingPolicyTemplate.java:chooseContainerForBlockDeletion(83)) - Chosen 0/5000 blocks from 0 candidate containers.
2023-03-23 08:05:14,721 [Listener at 127.0.0.1/41453] INFO  ozone.MiniOzoneClusterImpl (MiniOzoneClusterImpl.java:lambda$waitForClusterToBeReady$0(222)) - Waiting for nodes to be ready. Got 2 of 3 DN Heartbeats.
2023-03-23 08:05:14,721 [Listener at 127.0.0.1/41453] INFO  ozone.MiniOzoneClusterImpl (MiniOzoneClusterImpl.java:lambda$waitForClusterToBeReady$0(225)) - Waiting for cluster to exit safe mode
2023-03-23 08:05:14,721 [Listener at 127.0.0.1/41453] INFO  ozone.MiniOzoneClusterImpl (MiniOzoneClusterImpl.java:lambda$waitForClusterToBeReady$0(227)) - SCM became leader
2023-03-23 08:05:14,738 [IPC Server handler 18 on default port 43035] INFO  net.NetworkTopologyImpl (NetworkTopologyImpl.java:add(112)) - Added a new node: /default-rack/7171cd95-6b54-4876-a08e-c51c27c3dd43
2023-03-23 08:05:14,738 [IPC Server handler 18 on default port 43035] INFO  node.SCMNodeManager (SCMNodeManager.java:register(404)) - Registered Data node : 7171cd95-6b54-4876-a08e-c51c27c3dd43{ip: 10.1.0.214, host: fv-az105-497.wy5h1aom0jgehahef1oyr10hrc.bx.internal.cloudapp.net, ports: [REPLICATION=46509, RATIS=35095, RATIS_ADMIN=35095, RATIS_SERVER=35095, RATIS_DATASTREAM=35981, STANDALONE=37069], networkLocation: /default-rack, certSerialId: null, persistedOpState: null, persistedOpStateExpiryEpochSec: 0}
2023-03-23 08:05:14,738 [EventQueue-NodeRegistrationContainerReportForDataNodeSafeModeRule] INFO  safemode.SCMSafeModeManager (DataNodeSafeModeRule.java:process(71)) - SCM in safe mode. 3 DataNodes registered, 3 required.
2023-03-23 08:05:14,738 [EventQueue-NodeRegistrationContainerReportForDataNodeSafeModeRule] INFO  safemode.SCMSafeModeManager (SCMSafeModeManager.java:validateSafeModeExitRules(200)) - DataNodeSafeModeRule rule is successfully validated
2023-03-23 08:05:14,738 [EventQueue-NodeRegistrationContainerReportForDataNodeSafeModeRule] INFO  safemode.SCMSafeModeManager (SCMSafeModeManager.java:completePreCheck(229)) - All SCM safe mode pre check rules have passed
2023-03-23 08:05:14,738 [EventQueue-NodeRegistrationContainerReportForDataNodeSafeModeRule] INFO  ha.SCMContext (SCMContext.java:updateSafeModeStatus(228)) - Update SafeModeStatus from SafeModeStatus{safeModeStatus=true, preCheckPassed=false} to SafeModeStatus{safeModeStatus=true, preCheckPassed=true}.
2023-03-23 08:05:14,738 [EventQueue-NodeRegistrationContainerReportForDataNodeSafeModeRule] INFO  pipeline.BackgroundPipelineCreator (BackgroundPipelineCreator.java:notifyEventTriggered(276)) - trigger a one-shot run on RatisPipelineUtilsThread.
2023-03-23 08:05:14,740 [EventQueue-NewNodeForNewNodeHandler] INFO  pipeline.BackgroundPipelineCreator (BackgroundPipelineCreator.java:notifyEventTriggered(276)) - trigger a one-shot run on RatisPipelineUtilsThread.
2023-03-23 08:05:14,748 [RatisPipelineUtilsThread - 0] INFO  pipeline.RatisPipelineProvider (RatisPipelineProvider.java:lambda$create$0(206)) - Sending CreatePipelineCommand for pipeline:PipelineID=08a2e989-e49a-407a-8739-73b28a97e70d to datanode:ec9f5457-0109-4da3-8559-48062aace451
2023-03-23 08:05:14,750 [RatisPipelineUtilsThread - 0] INFO  pipeline.RatisPipelineProvider (RatisPipelineProvider.java:lambda$create$0(206)) - Sending CreatePipelineCommand for pipeline:PipelineID=08a2e989-e49a-407a-8739-73b28a97e70d to datanode:82a30c81-a10a-4a6a-ae9d-f1f427ed9001
2023-03-23 08:05:14,750 [RatisPipelineUtilsThread - 0] INFO  pipeline.RatisPipelineProvider (RatisPipelineProvider.java:lambda$create$0(206)) - Sending CreatePipelineCommand for pipeline:PipelineID=08a2e989-e49a-407a-8739-73b28a97e70d to datanode:7171cd95-6b54-4876-a08e-c51c27c3dd43
2023-03-23 08:05:14,761 [RatisPipelineUtilsThread - 0] INFO  pipeline.PipelineStateManagerImpl (PipelineStateManagerImpl.java:addPipeline(103)) - Created pipeline Pipeline[ Id: 08a2e989-e49a-407a-8739-73b28a97e70d, Nodes: ec9f5457-0109-4da3-8559-48062aace451(fv-az105-497.wy5h1aom0jgehahef1oyr10hrc.bx.internal.cloudapp.net/10.1.0.214)82a30c81-a10a-4a6a-ae9d-f1f427ed9001(fv-az105-497.wy5h1aom0jgehahef1oyr10hrc.bx.internal.cloudapp.net/10.1.0.214)7171cd95-6b54-4876-a08e-c51c27c3dd43(fv-az105-497.wy5h1aom0jgehahef1oyr10hrc.bx.internal.cloudapp.net/10.1.0.214), ReplicationConfig: RATIS/THREE, State:ALLOCATED, leaderId:, CreationTimestamp2023-03-23T08:05:14.747Z[Etc/UTC]].
2023-03-23 08:05:14,763 [RatisPipelineUtilsThread - 0] WARN  pipeline.PipelinePlacementPolicy (PipelinePlacementPolicy.java:filterViableNodes(160)) - Pipeline creation failed due to no sufficient healthy datanodes. Required 3. Found 0. Excluded 3.
2023-03-23 08:05:14,765 [RatisPipelineUtilsThread - 0] WARN  pipeline.PipelinePlacementPolicy (PipelinePlacementPolicy.java:filterViableNodes(160)) - Pipeline creation failed due to no sufficient healthy datanodes. Required 3. Found 0. Excluded 3.
2023-03-23 08:05:14,806 [BlockDeletingService#7] INFO  interfaces.ContainerDeletionChoosingPolicyTemplate (ContainerDeletionChoosingPolicyTemplate.java:chooseContainerForBlockDeletion(83)) - Chosen 0/5000 blocks from 0 candidate containers.
2023-03-23 08:05:14,806 [BlockDeletingService#5] INFO  interfaces.ContainerDeletionChoosingPolicyTemplate (ContainerDeletionChoosingPolicyTemplate.java:chooseContainerForBlockDeletion(83)) - Chosen 0/5000 blocks from 0 candidate containers.
2023-03-23 08:05:14,806 [BlockDeletingService#2] INFO  interfaces.ContainerDeletionChoosingPolicyTemplate (ContainerDeletionChoosingPolicyTemplate.java:chooseContainerForBlockDeletion(83)) - Chosen 0/5000 blocks from 0 candidate containers.
2023-03-23 08:05:14,906 [BlockDeletingService#7] INFO  interfaces.ContainerDeletionChoosingPolicyTemplate (ContainerDeletionChoosingPolicyTemplate.java:chooseContainerForBlockDeletion(83)) - Chosen 0/5000 blocks from 0 candidate containers.
2023-03-23 08:05:14,907 [BlockDeletingService#2] INFO  interfaces.ContainerDeletionChoosingPolicyTemplate (ContainerDeletionChoosingPolicyTemplate.java:chooseContainerForBlockDeletion(83)) - Chosen 0/5000 blocks from 0 candidate containers.
2023-03-23 08:05:14,907 [BlockDeletingService#5] INFO  interfaces.ContainerDeletionChoosingPolicyTemplate (ContainerDeletionChoosingPolicyTemplate.java:chooseContainerForBlockDeletion(83)) - Chosen 0/5000 blocks from 0 candidate containers.
2023-03-23 08:05:15,007 [BlockDeletingService#7] INFO  interfaces.ContainerDeletionChoosingPolicyTemplate (ContainerDeletionChoosingPolicyTemplate.java:chooseContainerForBlockDeletion(83)) - Chosen 0/5000 blocks from 0 candidate containers.
2023-03-23 08:05:15,007 [BlockDeletingService#5] INFO  interfaces.ContainerDeletionChoosingPolicyTemplate (ContainerDeletionChoosingPolicyTemplate.java:chooseContainerForBlockDeletion(83)) - Chosen 0/5000 blocks from 0 candidate containers.
2023-03-23 08:05:15,007 [BlockDeletingService#2] INFO  interfaces.ContainerDeletionChoosingPolicyTemplate (ContainerDeletionChoosingPolicyTemplate.java:chooseContainerForBlockDeletion(83)) - Chosen 0/5000 blocks from 0 candidate containers.
2023-03-23 08:05:15,107 [BlockDeletingService#7] INFO  interfaces.ContainerDeletionChoosingPolicyTemplate (ContainerDeletionChoosingPolicyTemplate.java:chooseContainerForBlockDeletion(83)) - Chosen 0/5000 blocks from 0 candidate containers.
2023-03-23 08:05:15,108 [BlockDeletingService#5] INFO  interfaces.ContainerDeletionChoosingPolicyTemplate (ContainerDeletionChoosingPolicyTemplate.java:chooseContainerForBlockDeletion(83)) - Chosen 0/5000 blocks from 0 candidate containers.
2023-03-23 08:05:15,108 [BlockDeletingService#2] INFO  interfaces.ContainerDeletionChoosingPolicyTemplate (ContainerDeletionChoosingPolicyTemplate.java:chooseContainerForBlockDeletion(83)) - Chosen 0/5000 blocks from 0 candidate containers.
2023-03-23 08:05:15,208 [BlockDeletingService#7] INFO  interfaces.ContainerDeletionChoosingPolicyTemplate (ContainerDeletionChoosingPolicyTemplate.java:chooseContainerForBlockDeletion(83)) - Chosen 0/5000 blocks from 0 candidate containers.
2023-03-23 08:05:15,208 [BlockDeletingService#5] INFO  interfaces.ContainerDeletionChoosingPolicyTemplate (ContainerDeletionChoosingPolicyTemplate.java:chooseContainerForBlockDeletion(83)) - Chosen 0/5000 blocks from 0 candidate containers.
2023-03-23 08:05:15,208 [BlockDeletingService#2] INFO  interfaces.ContainerDeletionChoosingPolicyTemplate (ContainerDeletionChoosingPolicyTemplate.java:chooseContainerForBlockDeletion(83)) - Chosen 0/5000 blocks from 0 candidate containers.
2023-03-23 08:05:15,308 [BlockDeletingService#7] INFO  interfaces.ContainerDeletionChoosingPolicyTemplate (ContainerDeletionChoosingPolicyTemplate.java:chooseContainerForBlockDeletion(83)) - Chosen 0/5000 blocks from 0 candidate containers.
2023-03-23 08:05:15,308 [BlockDeletingService#5] INFO  interfaces.ContainerDeletionChoosingPolicyTemplate (ContainerDeletionChoosingPolicyTemplate.java:chooseContainerForBlockDeletion(83)) - Chosen 0/5000 blocks from 0 candidate containers.
2023-03-23 08:05:15,308 [BlockDeletingService#2] INFO  interfaces.ContainerDeletionChoosingPolicyTemplate (ContainerDeletionChoosingPolicyTemplate.java:chooseContainerForBlockDeletion(83)) - Chosen 0/5000 blocks from 0 candidate containers.
2023-03-23 08:05:15,408 [BlockDeletingService#7] INFO  interfaces.ContainerDeletionChoosingPolicyTemplate (ContainerDeletionChoosingPolicyTemplate.java:chooseContainerForBlockDeletion(83)) - Chosen 0/5000 blocks from 0 candidate containers.
2023-03-23 08:05:15,409 [BlockDeletingService#2] INFO  interfaces.ContainerDeletionChoosingPolicyTemplate (ContainerDeletionChoosingPolicyTemplate.java:chooseContainerForBlockDeletion(83)) - Chosen 0/5000 blocks from 0 candidate containers.
2023-03-23 08:05:15,408 [BlockDeletingService#5] INFO  interfaces.ContainerDeletionChoosingPolicyTemplate (ContainerDeletionChoosingPolicyTemplate.java:chooseContainerForBlockDeletion(83)) - Chosen 0/5000 blocks from 0 candidate containers.
2023-03-23 08:05:15,509 [BlockDeletingService#7] INFO  interfaces.ContainerDeletionChoosingPolicyTemplate (ContainerDeletionChoosingPolicyTemplate.java:chooseContainerForBlockDeletion(83)) - Chosen 0/5000 blocks from 0 candidate containers.
2023-03-23 08:05:15,509 [BlockDeletingService#2] INFO  interfaces.ContainerDeletionChoosingPolicyTemplate (ContainerDeletionChoosingPolicyTemplate.java:chooseContainerForBlockDeletion(83)) - Chosen 0/5000 blocks from 0 candidate containers.
2023-03-23 08:05:15,509 [BlockDeletingService#5] INFO  interfaces.ContainerDeletionChoosingPolicyTemplate (ContainerDeletionChoosingPolicyTemplate.java:chooseContainerForBlockDeletion(83)) - Chosen 0/5000 blocks from 0 candidate containers.
2023-03-23 08:05:15,609 [BlockDeletingService#7] INFO  interfaces.ContainerDeletionChoosingPolicyTemplate (ContainerDeletionChoosingPolicyTemplate.java:chooseContainerForBlockDeletion(83)) - Chosen 0/5000 blocks from 0 candidate containers.
2023-03-23 08:05:15,609 [BlockDeletingService#5] INFO  interfaces.ContainerDeletionChoosingPolicyTemplate (ContainerDeletionChoosingPolicyTemplate.java:chooseContainerForBlockDeletion(83)) - Chosen 0/5000 blocks from 0 candidate containers.
2023-03-23 08:05:15,609 [BlockDeletingService#2] INFO  interfaces.ContainerDeletionChoosingPolicyTemplate (ContainerDeletionChoosingPolicyTemplate.java:chooseContainerForBlockDeletion(83)) - Chosen 0/5000 blocks from 0 candidate containers.
2023-03-23 08:05:15,709 [BlockDeletingService#7] INFO  interfaces.ContainerDeletionChoosingPolicyTemplate (ContainerDeletionChoosingPolicyTemplate.java:chooseContainerForBlockDeletion(83)) - Chosen 0/5000 blocks from 0 candidate containers.
2023-03-23 08:05:15,710 [BlockDeletingService#2] INFO  interfaces.ContainerDeletionChoosingPolicyTemplate (ContainerDeletionChoosingPolicyTemplate.java:chooseContainerForBlockDeletion(83)) - Chosen 0/5000 blocks from 0 candidate containers.
2023-03-23 08:05:15,710 [BlockDeletingService#5] INFO  interfaces.ContainerDeletionChoosingPolicyTemplate (ContainerDeletionChoosingPolicyTemplate.java:chooseContainerForBlockDeletion(83)) - Chosen 0/5000 blocks from 0 candidate containers.
2023-03-23 08:05:15,721 [Listener at 127.0.0.1/41453] INFO  ozone.MiniOzoneClusterImpl (MiniOzoneClusterImpl.java:lambda$waitForClusterToBeReady$0(222)) - Nodes are ready. Got 3 of 3 DN Heartbeats.
2023-03-23 08:05:15,722 [Listener at 127.0.0.1/41453] INFO  ozone.MiniOzoneClusterImpl (MiniOzoneClusterImpl.java:lambda$waitForClusterToBeReady$0(225)) - Waiting for cluster to exit safe mode
2023-03-23 08:05:15,722 [Listener at 127.0.0.1/41453] INFO  ozone.MiniOzoneClusterImpl (MiniOzoneClusterImpl.java:lambda$waitForClusterToBeReady$0(227)) - SCM became leader
2023-03-23 08:05:15,810 [BlockDeletingService#2] INFO  interfaces.ContainerDeletionChoosingPolicyTemplate (ContainerDeletionChoosingPolicyTemplate.java:chooseContainerForBlockDeletion(83)) - Chosen 0/5000 blocks from 0 candidate containers.
2023-03-23 08:05:15,810 [BlockDeletingService#7] INFO  interfaces.ContainerDeletionChoosingPolicyTemplate (ContainerDeletionChoosingPolicyTemplate.java:chooseContainerForBlockDeletion(83)) - Chosen 0/5000 blocks from 0 candidate containers.
2023-03-23 08:05:15,810 [BlockDeletingService#5] INFO  interfaces.ContainerDeletionChoosingPolicyTemplate (ContainerDeletionChoosingPolicyTemplate.java:chooseContainerForBlockDeletion(83)) - Chosen 0/5000 blocks from 0 candidate containers.
2023-03-23 08:05:15,910 [BlockDeletingService#2] INFO  interfaces.ContainerDeletionChoosingPolicyTemplate (ContainerDeletionChoosingPolicyTemplate.java:chooseContainerForBlockDeletion(83)) - Chosen 0/5000 blocks from 0 candidate containers.
2023-03-23 08:05:15,911 [BlockDeletingService#7] INFO  interfaces.ContainerDeletionChoosingPolicyTemplate (ContainerDeletionChoosingPolicyTemplate.java:chooseContainerForBlockDeletion(83)) - Chosen 0/5000 blocks from 0 candidate containers.
2023-03-23 08:05:15,911 [BlockDeletingService#5] INFO  interfaces.ContainerDeletionChoosingPolicyTemplate (ContainerDeletionChoosingPolicyTemplate.java:chooseContainerForBlockDeletion(83)) - Chosen 0/5000 blocks from 0 candidate containers.
2023-03-23 08:05:16,011 [BlockDeletingService#2] INFO  interfaces.ContainerDeletionChoosingPolicyTemplate (ContainerDeletionChoosingPolicyTemplate.java:chooseContainerForBlockDeletion(83)) - Chosen 0/5000 blocks from 0 candidate containers.
2023-03-23 08:05:16,011 [BlockDeletingService#7] INFO  interfaces.ContainerDeletionChoosingPolicyTemplate (ContainerDeletionChoosingPolicyTemplate.java:chooseContainerForBlockDeletion(83)) - Chosen 0/5000 blocks from 0 candidate containers.
2023-03-23 08:05:16,011 [BlockDeletingService#5] INFO  interfaces.ContainerDeletionChoosingPolicyTemplate (ContainerDeletionChoosingPolicyTemplate.java:chooseContainerForBlockDeletion(83)) - Chosen 0/5000 blocks from 0 candidate containers.
2023-03-23 08:05:16,111 [BlockDeletingService#2] INFO  interfaces.ContainerDeletionChoosingPolicyTemplate (ContainerDeletionChoosingPolicyTemplate.java:chooseContainerForBlockDeletion(83)) - Chosen 0/5000 blocks from 0 candidate containers.
2023-03-23 08:05:16,111 [BlockDeletingService#7] INFO  interfaces.ContainerDeletionChoosingPolicyTemplate (ContainerDeletionChoosingPolicyTemplate.java:chooseContainerForBlockDeletion(83)) - Chosen 0/5000 blocks from 0 candidate containers.
2023-03-23 08:05:16,111 [BlockDeletingService#5] INFO  interfaces.ContainerDeletionChoosingPolicyTemplate (ContainerDeletionChoosingPolicyTemplate.java:chooseContainerForBlockDeletion(83)) - Chosen 0/5000 blocks from 0 candidate containers.
2023-03-23 08:05:16,211 [BlockDeletingService#2] INFO  interfaces.ContainerDeletionChoosingPolicyTemplate (ContainerDeletionChoosingPolicyTemplate.java:chooseContainerForBlockDeletion(83)) - Chosen 0/5000 blocks from 0 candidate containers.
2023-03-23 08:05:16,211 [BlockDeletingService#5] INFO  interfaces.ContainerDeletionChoosingPolicyTemplate (ContainerDeletionChoosingPolicyTemplate.java:chooseContainerForBlockDeletion(83)) - Chosen 0/5000 blocks from 0 candidate containers.
2023-03-23 08:05:16,211 [BlockDeletingService#7] INFO  interfaces.ContainerDeletionChoosingPolicyTemplate (ContainerDeletionChoosingPolicyTemplate.java:chooseContainerForBlockDeletion(83)) - Chosen 0/5000 blocks from 0 candidate containers.
2023-03-23 08:05:16,312 [BlockDeletingService#2] INFO  interfaces.ContainerDeletionChoosingPolicyTemplate (ContainerDeletionChoosingPolicyTemplate.java:chooseContainerForBlockDeletion(83)) - Chosen 0/5000 blocks from 0 candidate containers.
2023-03-23 08:05:16,312 [BlockDeletingService#7] INFO  interfaces.ContainerDeletionChoosingPolicyTemplate (ContainerDeletionChoosingPolicyTemplate.java:chooseContainerForBlockDeletion(83)) - Chosen 0/5000 blocks from 0 candidate containers.
2023-03-23 08:05:16,312 [BlockDeletingService#5] INFO  interfaces.ContainerDeletionChoosingPolicyTemplate (ContainerDeletionChoosingPolicyTemplate.java:chooseContainerForBlockDeletion(83)) - Chosen 0/5000 blocks from 0 candidate containers.
2023-03-23 08:05:16,412 [BlockDeletingService#2] INFO  interfaces.ContainerDeletionChoosingPolicyTemplate (ContainerDeletionChoosingPolicyTemplate.java:chooseContainerForBlockDeletion(83)) - Chosen 0/5000 blocks from 0 candidate containers.
2023-03-23 08:05:16,412 [BlockDeletingService#5] INFO  interfaces.ContainerDeletionChoosingPolicyTemplate (ContainerDeletionChoosingPolicyTemplate.java:chooseContainerForBlockDeletion(83)) - Chosen 0/5000 blocks from 0 candidate containers.
2023-03-23 08:05:16,412 [BlockDeletingService#7] INFO  interfaces.ContainerDeletionChoosingPolicyTemplate (ContainerDeletionChoosingPolicyTemplate.java:chooseContainerForBlockDeletion(83)) - Chosen 0/5000 blocks from 0 candidate containers.
2023-03-23 08:05:16,512 [BlockDeletingService#2] INFO  interfaces.ContainerDeletionChoosingPolicyTemplate (ContainerDeletionChoosingPolicyTemplate.java:chooseContainerForBlockDeletion(83)) - Chosen 0/5000 blocks from 0 candidate containers.
2023-03-23 08:05:16,513 [BlockDeletingService#5] INFO  interfaces.ContainerDeletionChoosingPolicyTemplate (ContainerDeletionChoosingPolicyTemplate.java:chooseContainerForBlockDeletion(83)) - Chosen 0/5000 blocks from 0 candidate containers.
2023-03-23 08:05:16,513 [BlockDeletingService#7] INFO  interfaces.ContainerDeletionChoosingPolicyTemplate (ContainerDeletionChoosingPolicyTemplate.java:chooseContainerForBlockDeletion(83)) - Chosen 0/5000 blocks from 0 candidate containers.
2023-03-23 08:05:16,613 [BlockDeletingService#2] INFO  interfaces.ContainerDeletionChoosingPolicyTemplate (ContainerDeletionChoosingPolicyTemplate.java:chooseContainerForBlockDeletion(83)) - Chosen 0/5000 blocks from 0 candidate containers.
2023-03-23 08:05:16,613 [BlockDeletingService#7] INFO  interfaces.ContainerDeletionChoosingPolicyTemplate (ContainerDeletionChoosingPolicyTemplate.java:chooseContainerForBlockDeletion(83)) - Chosen 0/5000 blocks from 0 candidate containers.
2023-03-23 08:05:16,613 [BlockDeletingService#5] INFO  interfaces.ContainerDeletionChoosingPolicyTemplate (ContainerDeletionChoosingPolicyTemplate.java:chooseContainerForBlockDeletion(83)) - Chosen 0/5000 blocks from 0 candidate containers.
2023-03-23 08:05:16,713 [BlockDeletingService#2] INFO  interfaces.ContainerDeletionChoosingPolicyTemplate (ContainerDeletionChoosingPolicyTemplate.java:chooseContainerForBlockDeletion(83)) - Chosen 0/5000 blocks from 0 candidate containers.
2023-03-23 08:05:16,713 [BlockDeletingService#7] INFO  interfaces.ContainerDeletionChoosingPolicyTemplate (ContainerDeletionChoosingPolicyTemplate.java:chooseContainerForBlockDeletion(83)) - Chosen 0/5000 blocks from 0 candidate containers.
2023-03-23 08:05:16,713 [BlockDeletingService#5] INFO  interfaces.ContainerDeletionChoosingPolicyTemplate (ContainerDeletionChoosingPolicyTemplate.java:chooseContainerForBlockDeletion(83)) - Chosen 0/5000 blocks from 0 candidate containers.
2023-03-23 08:05:16,723 [Listener at 127.0.0.1/41453] INFO  ozone.MiniOzoneClusterImpl (MiniOzoneClusterImpl.java:lambda$waitForClusterToBeReady$0(222)) - Nodes are ready. Got 3 of 3 DN Heartbeats.
2023-03-23 08:05:16,723 [Listener at 127.0.0.1/41453] INFO  ozone.MiniOzoneClusterImpl (MiniOzoneClusterImpl.java:lambda$waitForClusterToBeReady$0(225)) - Waiting for cluster to exit safe mode
2023-03-23 08:05:16,723 [Listener at 127.0.0.1/41453] INFO  ozone.MiniOzoneClusterImpl (MiniOzoneClusterImpl.java:lambda$waitForClusterToBeReady$0(227)) - SCM became leader
2023-03-23 08:05:16,770 [Command processor thread] INFO  server.RaftServer (RaftServerProxy.java:addNew(96)) - ec9f5457-0109-4da3-8559-48062aace451: addNew group-73B28A97E70D:[ec9f5457-0109-4da3-8559-48062aace451|rpc:10.1.0.214:39213|dataStream:10.1.0.214:45841|priority:1|startupRole:FOLLOWER, 7171cd95-6b54-4876-a08e-c51c27c3dd43|rpc:10.1.0.214:35095|dataStream:10.1.0.214:35981|priority:0|startupRole:FOLLOWER, 82a30c81-a10a-4a6a-ae9d-f1f427ed9001|rpc:10.1.0.214:35887|dataStream:10.1.0.214:34443|priority:0|startupRole:FOLLOWER] returns group-73B28A97E70D:java.util.concurrent.CompletableFuture@85ebbf9[Not completed]
2023-03-23 08:05:16,783 [pool-74-thread-1] INFO  server.RaftServer$Division (RaftServerImpl.java:<init>(195)) - ec9f5457-0109-4da3-8559-48062aace451: new RaftServerImpl for group-73B28A97E70D:[ec9f5457-0109-4da3-8559-48062aace451|rpc:10.1.0.214:39213|dataStream:10.1.0.214:45841|priority:1|startupRole:FOLLOWER, 7171cd95-6b54-4876-a08e-c51c27c3dd43|rpc:10.1.0.214:35095|dataStream:10.1.0.214:35981|priority:0|startupRole:FOLLOWER, 82a30c81-a10a-4a6a-ae9d-f1f427ed9001|rpc:10.1.0.214:35887|dataStream:10.1.0.214:34443|priority:0|startupRole:FOLLOWER] with ContainerStateMachine:uninitialized
2023-03-23 08:05:16,784 [pool-74-thread-1] INFO  server.RaftServerConfigKeys (ConfUtils.java:logGet(46)) - raft.server.rpc.timeout.min = 5s (custom)
2023-03-23 08:05:16,784 [pool-74-thread-1] INFO  server.RaftServerConfigKeys (ConfUtils.java:logGet(46)) - raft.server.rpc.timeout.max = 5200ms (custom)
2023-03-23 08:05:16,784 [pool-74-thread-1] INFO  server.RaftServerConfigKeys (ConfUtils.java:logGet(46)) - raft.server.rpc.sleep.time = 25ms (default)
2023-03-23 08:05:16,784 [pool-74-thread-1] INFO  server.RaftServerConfigKeys (ConfUtils.java:logGet(46)) - raft.server.rpc.slowness.timeout = 300s (custom)
2023-03-23 08:05:16,784 [pool-74-thread-1] INFO  server.RaftServerConfigKeys (ConfUtils.java:logGet(46)) - raft.server.leaderelection.leader.step-down.wait-time = 10s (default)
2023-03-23 08:05:16,784 [pool-74-thread-1] INFO  server.RaftServerConfigKeys (ConfUtils.java:logGet(46)) - raft.server.sleep.deviation.threshold = 300ms (default)
2023-03-23 08:05:16,784 [pool-74-thread-1] INFO  server.RaftServer$Division (ServerState.java:<init>(118)) - ec9f5457-0109-4da3-8559-48062aace451@group-73B28A97E70D: ConfigurationManager, init=-1: peers:[ec9f5457-0109-4da3-8559-48062aace451|rpc:10.1.0.214:39213|dataStream:10.1.0.214:45841|priority:1|startupRole:FOLLOWER, 7171cd95-6b54-4876-a08e-c51c27c3dd43|rpc:10.1.0.214:35095|dataStream:10.1.0.214:35981|priority:0|startupRole:FOLLOWER, 82a30c81-a10a-4a6a-ae9d-f1f427ed9001|rpc:10.1.0.214:35887|dataStream:10.1.0.214:34443|priority:0|startupRole:FOLLOWER]|listeners:[], old=null, confs=<EMPTY_MAP>
2023-03-23 08:05:16,784 [pool-74-thread-1] INFO  server.RaftServerConfigKeys (ConfUtils.java:logGet(46)) - raft.server.storage.dir = [/home/runner/work/ozone/ozone/hadoop-ozone/integration-test/target/test-dir/MiniOzoneClusterImpl-2db357e6-2bf9-484c-8f04-13a4732d1f27/datanode-0/data/ratis] (custom)
2023-03-23 08:05:16,784 [pool-74-thread-1] INFO  server.RaftServerConfigKeys (ConfUtils.java:logGet(46)) - raft.server.log.corruption.policy = EXCEPTION (default)
2023-03-23 08:05:16,785 [pool-74-thread-1] INFO  server.RaftServerConfigKeys (ConfUtils.java:logGet(46)) - raft.server.storage.free-space.min = 0MB (=0) (default)
2023-03-23 08:05:16,785 [pool-74-thread-1] INFO  server.RaftServerConfigKeys (ConfUtils.java:logGet(46)) - raft.server.notification.no-leader.timeout = 300s (custom)
2023-03-23 08:05:16,785 [pool-74-thread-1] INFO  server.RaftServerConfigKeys (ConfUtils.java:logGet(46)) - raft.server.retrycache.expirytime = 600000ms (custom)
2023-03-23 08:05:16,785 [pool-74-thread-1] INFO  server.RaftServerConfigKeys (ConfUtils.java:logGet(46)) - raft.server.retrycache.statistics.expirytime = 100μs (default)
2023-03-23 08:05:16,788 [pool-74-thread-1] INFO  server.RaftServerConfigKeys (ConfUtils.java:logGet(46)) - raft.server.log.appender.install.snapshot.enabled = false (custom)
2023-03-23 08:05:16,788 [pool-74-thread-1] INFO  server.RaftServerConfigKeys (ConfUtils.java:logGet(46)) - raft.server.threadpool.server.cached = true (default)
2023-03-23 08:05:16,788 [pool-74-thread-1] INFO  server.RaftServerConfigKeys (ConfUtils.java:logGet(46)) - raft.server.threadpool.server.size = 0 (default)
2023-03-23 08:05:16,788 [pool-74-thread-1] INFO  server.RaftServerConfigKeys (ConfUtils.java:logGet(46)) - raft.server.threadpool.client.cached = true (default)
2023-03-23 08:05:16,788 [pool-74-thread-1] INFO  server.RaftServerConfigKeys (ConfUtils.java:logGet(46)) - raft.server.threadpool.client.size = 0 (default)
2023-03-23 08:05:16,788 [pool-74-thread-1] INFO  storage.RaftStorageDirectory (RaftStorageDirectoryImpl.java:analyzeStorage(137)) - The storage directory /home/runner/work/ozone/ozone/hadoop-ozone/integration-test/target/test-dir/MiniOzoneClusterImpl-2db357e6-2bf9-484c-8f04-13a4732d1f27/datanode-0/data/ratis/08a2e989-e49a-407a-8739-73b28a97e70d does not exist. Creating ...
2023-03-23 08:05:16,792 [pool-74-thread-1] INFO  storage.RaftStorageDirectory (RaftStorageDirectoryImpl.java:tryLock(231)) - Lock on /home/runner/work/ozone/ozone/hadoop-ozone/integration-test/target/test-dir/MiniOzoneClusterImpl-2db357e6-2bf9-484c-8f04-13a4732d1f27/datanode-0/data/ratis/08a2e989-e49a-407a-8739-73b28a97e70d/in_use.lock acquired by nodename 6812@fv-az105-497
2023-03-23 08:05:16,793 [pool-74-thread-1] INFO  storage.RaftStorage (RaftStorageImpl.java:format(96)) - Storage directory /home/runner/work/ozone/ozone/hadoop-ozone/integration-test/target/test-dir/MiniOzoneClusterImpl-2db357e6-2bf9-484c-8f04-13a4732d1f27/datanode-0/data/ratis/08a2e989-e49a-407a-8739-73b28a97e70d has been successfully formatted.
2023-03-23 08:05:16,797 [pool-74-thread-1] INFO  ratis.ContainerStateMachine (ContainerStateMachine.java:loadSnapshot(262)) - group-73B28A97E70D: The snapshot info is null. Setting the last applied indexto:(t:0, i:~)
2023-03-23 08:05:16,797 [pool-74-thread-1] INFO  server.RaftServerConfigKeys (ConfUtils.java:logGet(46)) - raft.server.log.use.memory = false (default)
2023-03-23 08:05:16,799 [pool-74-thread-1] INFO  server.RaftServerConfigKeys (ConfUtils.java:logGet(46)) - raft.server.log.purge.gap = 1000000 (custom)
2023-03-23 08:05:16,799 [pool-74-thread-1] INFO  server.RaftServerConfigKeys (ConfUtils.java:logGet(46)) - raft.server.log.appender.buffer.byte-limit = 33554432 (custom)
2023-03-23 08:05:16,800 [pool-74-thread-1] INFO  server.RaftServerConfigKeys (ConfUtils.java:logGet(46)) - raft.server.log.statemachine.data.read.timeout = 1000ms (default)
2023-03-23 08:05:16,800 [pool-74-thread-1] INFO  server.RaftServerConfigKeys (ConfUtils.java:logGet(46)) - raft.server.log.purge.preservation.log.num = 0 (default)
2023-03-23 08:05:16,800 [pool-74-thread-1] INFO  server.RaftServerConfigKeys (ConfUtils.java:logGet(46)) - raft.server.log.segment.size.max = 1048576 (custom)
2023-03-23 08:05:16,802 [pool-74-thread-1] INFO  server.RaftServerConfigKeys (ConfUtils.java:logGet(46)) - raft.server.log.segment.cache.num.max = 2 (custom)
2023-03-23 08:05:16,802 [pool-74-thread-1] INFO  server.RaftServerConfigKeys (ConfUtils.java:logGet(46)) - raft.server.log.segment.cache.size.max = 200MB (=209715200) (default)
2023-03-23 08:05:16,802 [pool-74-thread-1] INFO  segmented.SegmentedRaftLogWorker (SegmentedRaftLogWorker.java:<init>(189)) - new ec9f5457-0109-4da3-8559-48062aace451@group-73B28A97E70D-SegmentedRaftLogWorker for RaftStorageImpl:Storage Directory /home/runner/work/ozone/ozone/hadoop-ozone/integration-test/target/test-dir/MiniOzoneClusterImpl-2db357e6-2bf9-484c-8f04-13a4732d1f27/datanode-0/data/ratis/08a2e989-e49a-407a-8739-73b28a97e70d
2023-03-23 08:05:16,803 [pool-74-thread-1] INFO  server.RaftServerConfigKeys (ConfUtils.java:logGet(46)) - raft.server.log.queue.byte-limit = 4294967296 (custom)
2023-03-23 08:05:16,803 [pool-74-thread-1] INFO  server.RaftServerConfigKeys (ConfUtils.java:logGet(46)) - raft.server.log.queue.element-limit = 1024 (custom)
2023-03-23 08:05:16,803 [pool-74-thread-1] INFO  server.RaftServerConfigKeys (ConfUtils.java:logGet(46)) - raft.server.log.segment.size.max = 1048576 (custom)
2023-03-23 08:05:16,803 [pool-74-thread-1] INFO  server.RaftServerConfigKeys (ConfUtils.java:logGet(46)) - raft.server.log.preallocated.size = 16384 (custom)
2023-03-23 08:05:16,803 [pool-74-thread-1] INFO  server.RaftServerConfigKeys (ConfUtils.java:logGet(46)) - raft.server.log.force.sync.num = 128 (default)
2023-03-23 08:05:16,803 [pool-74-thread-1] INFO  server.RaftServerConfigKeys (ConfUtils.java:logGet(46)) - raft.server.log.statemachine.data.sync = true (default)
2023-03-23 08:05:16,803 [pool-74-thread-1] INFO  server.RaftServerConfigKeys (ConfUtils.java:logGet(46)) - raft.server.log.statemachine.data.sync.timeout = 10s (default)
2023-03-23 08:05:16,803 [pool-74-thread-1] INFO  server.RaftServerConfigKeys (ConfUtils.java:logGet(46)) - raft.server.log.statemachine.data.sync.timeout.retry = -1 (default)
2023-03-23 08:05:16,805 [pool-74-thread-1] INFO  server.RaftServerConfigKeys (ConfUtils.java:logGet(46)) - raft.server.log.write.buffer.size = 1048576 (custom)
2023-03-23 08:05:16,805 [pool-74-thread-1] INFO  server.RaftServerConfigKeys (ConfUtils.java:logGet(46)) - raft.server.log.appender.buffer.byte-limit = 33554432 (custom)
2023-03-23 08:05:16,811 [pool-74-thread-1] INFO  server.RaftServerConfigKeys (ConfUtils.java:logGet(46)) - raft.server.log.unsafe-flush.enabled = false (default)
2023-03-23 08:05:16,811 [pool-74-thread-1] INFO  server.RaftServerConfigKeys (ConfUtils.java:logGet(46)) - raft.server.log.async-flush.enabled = false (default)
2023-03-23 08:05:16,811 [pool-74-thread-1] INFO  server.RaftServerConfigKeys (ConfUtils.java:logGet(46)) - raft.server.log.statemachine.data.caching.enabled = true (custom)
2023-03-23 08:05:16,811 [pool-74-thread-1] INFO  segmented.SegmentedRaftLogWorker (SegmentedRaftLogWorker.java:lambda$new$0(135)) - ec9f5457-0109-4da3-8559-48062aace451@group-73B28A97E70D-SegmentedRaftLogWorker: flushIndex: setUnconditionally 0 -> -1
2023-03-23 08:05:16,811 [pool-74-thread-1] INFO  segmented.SegmentedRaftLogWorker (SegmentedRaftLogWorker.java:lambda$new$0(135)) - ec9f5457-0109-4da3-8559-48062aace451@group-73B28A97E70D-SegmentedRaftLogWorker: safeCacheEvictIndex: setUnconditionally 0 -> -1
2023-03-23 08:05:16,811 [pool-74-thread-1] INFO  server.RaftServer$Division (RaftServerImpl.java:start(334)) - ec9f5457-0109-4da3-8559-48062aace451@group-73B28A97E70D: start as a follower, conf=-1: peers:[ec9f5457-0109-4da3-8559-48062aace451|rpc:10.1.0.214:39213|dataStream:10.1.0.214:45841|priority:1|startupRole:FOLLOWER, 7171cd95-6b54-4876-a08e-c51c27c3dd43|rpc:10.1.0.214:35095|dataStream:10.1.0.214:35981|priority:0|startupRole:FOLLOWER, 82a30c81-a10a-4a6a-ae9d-f1f427ed9001|rpc:10.1.0.214:35887|dataStream:10.1.0.214:34443|priority:0|startupRole:FOLLOWER]|listeners:[], old=null
2023-03-23 08:05:16,812 [pool-74-thread-1] INFO  server.RaftServer$Division (RaftServerImpl.java:setRole(321)) - ec9f5457-0109-4da3-8559-48062aace451@group-73B28A97E70D: changes role from      null to FOLLOWER at term 0 for startAsFollower
2023-03-23 08:05:16,812 [pool-74-thread-1] INFO  impl.RoleInfo (RoleInfo.java:updateAndGet(139)) - ec9f5457-0109-4da3-8559-48062aace451: start ec9f5457-0109-4da3-8559-48062aace451@group-73B28A97E70D-FollowerState
2023-03-23 08:05:16,813 [pool-74-thread-1] INFO  util.JmxRegister (JmxRegister.java:tryRegister(44)) - Successfully registered JMX Bean with object name Ratis:service=RaftServer,group=group-73B28A97E70D,id=ec9f5457-0109-4da3-8559-48062aace451
2023-03-23 08:05:16,813 [pool-74-thread-1] INFO  server.RaftServerConfigKeys (ConfUtils.java:logGet(46)) - raft.server.snapshot.auto.trigger.enabled = true (custom)
2023-03-23 08:05:16,813 [pool-74-thread-1] INFO  server.RaftServerConfigKeys (ConfUtils.java:logGet(46)) - raft.server.snapshot.auto.trigger.threshold = 10000 (custom)
2023-03-23 08:05:16,813 [BlockDeletingService#2] INFO  interfaces.ContainerDeletionChoosingPolicyTemplate (ContainerDeletionChoosingPolicyTemplate.java:chooseContainerForBlockDeletion(83)) - Chosen 0/5000 blocks from 0 candidate containers.
2023-03-23 08:05:16,815 [pool-74-thread-1] INFO  server.RaftServerConfigKeys (ConfUtils.java:logGet(46)) - raft.server.snapshot.retention.file.num = 5 (custom)
2023-03-23 08:05:16,815 [BlockDeletingService#7] INFO  interfaces.ContainerDeletionChoosingPolicyTemplate (ContainerDeletionChoosingPolicyTemplate.java:chooseContainerForBlockDeletion(83)) - Chosen 0/5000 blocks from 0 candidate containers.
2023-03-23 08:05:16,815 [BlockDeletingService#5] INFO  interfaces.ContainerDeletionChoosingPolicyTemplate (ContainerDeletionChoosingPolicyTemplate.java:chooseContainerForBlockDeletion(83)) - Chosen 0/5000 blocks from 0 candidate containers.
2023-03-23 08:05:16,815 [pool-74-thread-1] INFO  server.RaftServerConfigKeys (ConfUtils.java:logGet(46)) - raft.server.log.purge.upto.snapshot.index = false (default)
2023-03-23 08:05:16,817 [ec9f5457-0109-4da3-8559-48062aace451@group-73B28A97E70D-FollowerState] INFO  server.RaftServerConfigKeys (ConfUtils.java:logFallback(53)) - raft.server.rpc.first-election.timeout.min = 5s (fallback to raft.server.rpc.timeout.min)
2023-03-23 08:05:16,818 [ec9f5457-0109-4da3-8559-48062aace451@group-73B28A97E70D-FollowerState] INFO  server.RaftServerConfigKeys (ConfUtils.java:logFallback(53)) - raft.server.rpc.first-election.timeout.max = 5200ms (fallback to raft.server.rpc.timeout.max)
2023-03-23 08:05:16,830 [Command processor thread] INFO  ratis.XceiverServerRatis (XceiverServerRatis.java:addGroup(807)) - Created group PipelineID=08a2e989-e49a-407a-8739-73b28a97e70d
2023-03-23 08:05:16,915 [BlockDeletingService#2] INFO  interfaces.ContainerDeletionChoosingPolicyTemplate (ContainerDeletionChoosingPolicyTemplate.java:chooseContainerForBlockDeletion(83)) - Chosen 0/5000 blocks from 0 candidate containers.
2023-03-23 08:05:16,915 [BlockDeletingService#7] INFO  interfaces.ContainerDeletionChoosingPolicyTemplate (ContainerDeletionChoosingPolicyTemplate.java:chooseContainerForBlockDeletion(83)) - Chosen 0/5000 blocks from 0 candidate containers.
2023-03-23 08:05:16,916 [BlockDeletingService#5] INFO  interfaces.ContainerDeletionChoosingPolicyTemplate (ContainerDeletionChoosingPolicyTemplate.java:chooseContainerForBlockDeletion(83)) - Chosen 0/5000 blocks from 0 candidate containers.
2023-03-23 08:05:17,016 [BlockDeletingService#2] INFO  interfaces.ContainerDeletionChoosingPolicyTemplate (ContainerDeletionChoosingPolicyTemplate.java:chooseContainerForBlockDeletion(83)) - Chosen 0/5000 blocks from 0 candidate containers.
2023-03-23 08:05:17,016 [BlockDeletingService#7] INFO  interfaces.ContainerDeletionChoosingPolicyTemplate (ContainerDeletionChoosingPolicyTemplate.java:chooseContainerForBlockDeletion(83)) - Chosen 0/5000 blocks from 0 candidate containers.
2023-03-23 08:05:17,017 [BlockDeletingService#5] INFO  interfaces.ContainerDeletionChoosingPolicyTemplate (ContainerDeletionChoosingPolicyTemplate.java:chooseContainerForBlockDeletion(83)) - Chosen 0/5000 blocks from 0 candidate containers.
2023-03-23 08:05:17,116 [BlockDeletingService#2] INFO  interfaces.ContainerDeletionChoosingPolicyTemplate (ContainerDeletionChoosingPolicyTemplate.java:chooseContainerForBlockDeletion(83)) - Chosen 0/5000 blocks from 0 candidate containers.
2023-03-23 08:05:17,116 [BlockDeletingService#7] INFO  interfaces.ContainerDeletionChoosingPolicyTemplate (ContainerDeletionChoosingPolicyTemplate.java:chooseContainerForBlockDeletion(83)) - Chosen 0/5000 blocks from 0 candidate containers.
2023-03-23 08:05:17,118 [BlockDeletingService#5] INFO  interfaces.ContainerDeletionChoosingPolicyTemplate (ContainerDeletionChoosingPolicyTemplate.java:chooseContainerForBlockDeletion(83)) - Chosen 0/5000 blocks from 0 candidate containers.
2023-03-23 08:05:17,216 [BlockDeletingService#2] INFO  interfaces.ContainerDeletionChoosingPolicyTemplate (ContainerDeletionChoosingPolicyTemplate.java:chooseContainerForBlockDeletion(83)) - Chosen 0/5000 blocks from 0 candidate containers.
2023-03-23 08:05:17,216 [BlockDeletingService#7] INFO  interfaces.ContainerDeletionChoosingPolicyTemplate (ContainerDeletionChoosingPolicyTemplate.java:chooseContainerForBlockDeletion(83)) - Chosen 0/5000 blocks from 0 candidate containers.
2023-03-23 08:05:17,218 [BlockDeletingService#5] INFO  interfaces.ContainerDeletionChoosingPolicyTemplate (ContainerDeletionChoosingPolicyTemplate.java:chooseContainerForBlockDeletion(83)) - Chosen 0/5000 blocks from 0 candidate containers.
2023-03-23 08:05:17,281 [grpc-default-executor-0] INFO  server.RaftServer (RaftServerProxy.java:addNew(96)) - 82a30c81-a10a-4a6a-ae9d-f1f427ed9001: addNew group-73B28A97E70D:[ec9f5457-0109-4da3-8559-48062aace451|rpc:10.1.0.214:39213|dataStream:10.1.0.214:45841|priority:1|startupRole:FOLLOWER, 7171cd95-6b54-4876-a08e-c51c27c3dd43|rpc:10.1.0.214:35095|dataStream:10.1.0.214:35981|priority:0|startupRole:FOLLOWER, 82a30c81-a10a-4a6a-ae9d-f1f427ed9001|rpc:10.1.0.214:35887|dataStream:10.1.0.214:34443|priority:0|startupRole:FOLLOWER] returns group-73B28A97E70D:java.util.concurrent.CompletableFuture@5d9b5485[Not completed]
2023-03-23 08:05:17,286 [pool-96-thread-1] INFO  server.RaftServer$Division (RaftServerImpl.java:<init>(195)) - 82a30c81-a10a-4a6a-ae9d-f1f427ed9001: new RaftServerImpl for group-73B28A97E70D:[ec9f5457-0109-4da3-8559-48062aace451|rpc:10.1.0.214:39213|dataStream:10.1.0.214:45841|priority:1|startupRole:FOLLOWER, 7171cd95-6b54-4876-a08e-c51c27c3dd43|rpc:10.1.0.214:35095|dataStream:10.1.0.214:35981|priority:0|startupRole:FOLLOWER, 82a30c81-a10a-4a6a-ae9d-f1f427ed9001|rpc:10.1.0.214:35887|dataStream:10.1.0.214:34443|priority:0|startupRole:FOLLOWER] with ContainerStateMachine:uninitialized
2023-03-23 08:05:17,286 [pool-96-thread-1] INFO  server.RaftServerConfigKeys (ConfUtils.java:logGet(46)) - raft.server.rpc.timeout.min = 5s (custom)
2023-03-23 08:05:17,286 [pool-96-thread-1] INFO  server.RaftServerConfigKeys (ConfUtils.java:logGet(46)) - raft.server.rpc.timeout.max = 5200ms (custom)
2023-03-23 08:05:17,286 [pool-96-thread-1] INFO  server.RaftServerConfigKeys (ConfUtils.java:logGet(46)) - raft.server.rpc.sleep.time = 25ms (default)
2023-03-23 08:05:17,286 [pool-96-thread-1] INFO  server.RaftServerConfigKeys (ConfUtils.java:logGet(46)) - raft.server.rpc.slowness.timeout = 300s (custom)
2023-03-23 08:05:17,286 [pool-96-thread-1] INFO  server.RaftServerConfigKeys (ConfUtils.java:logGet(46)) - raft.server.leaderelection.leader.step-down.wait-time = 10s (default)
2023-03-23 08:05:17,286 [pool-96-thread-1] INFO  server.RaftServerConfigKeys (ConfUtils.java:logGet(46)) - raft.server.sleep.deviation.threshold = 300ms (default)
2023-03-23 08:05:17,286 [pool-96-thread-1] INFO  server.RaftServer$Division (ServerState.java:<init>(118)) - 82a30c81-a10a-4a6a-ae9d-f1f427ed9001@group-73B28A97E70D: ConfigurationManager, init=-1: peers:[ec9f5457-0109-4da3-8559-48062aace451|rpc:10.1.0.214:39213|dataStream:10.1.0.214:45841|priority:1|startupRole:FOLLOWER, 7171cd95-6b54-4876-a08e-c51c27c3dd43|rpc:10.1.0.214:35095|dataStream:10.1.0.214:35981|priority:0|startupRole:FOLLOWER, 82a30c81-a10a-4a6a-ae9d-f1f427ed9001|rpc:10.1.0.214:35887|dataStream:10.1.0.214:34443|priority:0|startupRole:FOLLOWER]|listeners:[], old=null, confs=<EMPTY_MAP>
2023-03-23 08:05:17,287 [pool-96-thread-1] INFO  server.RaftServerConfigKeys (ConfUtils.java:logGet(46)) - raft.server.storage.dir = [/home/runner/work/ozone/ozone/hadoop-ozone/integration-test/target/test-dir/MiniOzoneClusterImpl-2db357e6-2bf9-484c-8f04-13a4732d1f27/datanode-1/data/ratis] (custom)
2023-03-23 08:05:17,287 [pool-96-thread-1] INFO  server.RaftServerConfigKeys (ConfUtils.java:logGet(46)) - raft.server.log.corruption.policy = EXCEPTION (default)
2023-03-23 08:05:17,287 [pool-96-thread-1] INFO  server.RaftServerConfigKeys (ConfUtils.java:logGet(46)) - raft.server.storage.free-space.min = 0MB (=0) (default)
2023-03-23 08:05:17,287 [pool-96-thread-1] INFO  server.RaftServerConfigKeys (ConfUtils.java:logGet(46)) - raft.server.notification.no-leader.timeout = 300s (custom)
2023-03-23 08:05:17,287 [pool-96-thread-1] INFO  server.RaftServerConfigKeys (ConfUtils.java:logGet(46)) - raft.server.retrycache.expirytime = 600000ms (custom)
2023-03-23 08:05:17,287 [pool-96-thread-1] INFO  server.RaftServerConfigKeys (ConfUtils.java:logGet(46)) - raft.server.retrycache.statistics.expirytime = 100μs (default)
2023-03-23 08:05:17,295 [pool-96-thread-1] INFO  server.RaftServerConfigKeys (ConfUtils.java:logGet(46)) - raft.server.log.appender.install.snapshot.enabled = false (custom)
2023-03-23 08:05:17,295 [pool-96-thread-1] INFO  server.RaftServerConfigKeys (ConfUtils.java:logGet(46)) - raft.server.threadpool.server.cached = true (default)
2023-03-23 08:05:17,295 [pool-96-thread-1] INFO  server.RaftServerConfigKeys (ConfUtils.java:logGet(46)) - raft.server.threadpool.server.size = 0 (default)
2023-03-23 08:05:17,295 [pool-96-thread-1] INFO  server.RaftServerConfigKeys (ConfUtils.java:logGet(46)) - raft.server.threadpool.client.cached = true (default)
2023-03-23 08:05:17,295 [pool-96-thread-1] INFO  server.RaftServerConfigKeys (ConfUtils.java:logGet(46)) - raft.server.threadpool.client.size = 0 (default)
2023-03-23 08:05:17,296 [pool-96-thread-1] INFO  storage.RaftStorageDirectory (RaftStorageDirectoryImpl.java:analyzeStorage(137)) - The storage directory /home/runner/work/ozone/ozone/hadoop-ozone/integration-test/target/test-dir/MiniOzoneClusterImpl-2db357e6-2bf9-484c-8f04-13a4732d1f27/datanode-1/data/ratis/08a2e989-e49a-407a-8739-73b28a97e70d does not exist. Creating ...
2023-03-23 08:05:17,298 [pool-96-thread-1] INFO  storage.RaftStorageDirectory (RaftStorageDirectoryImpl.java:tryLock(231)) - Lock on /home/runner/work/ozone/ozone/hadoop-ozone/integration-test/target/test-dir/MiniOzoneClusterImpl-2db357e6-2bf9-484c-8f04-13a4732d1f27/datanode-1/data/ratis/08a2e989-e49a-407a-8739-73b28a97e70d/in_use.lock acquired by nodename 6812@fv-az105-497
2023-03-23 08:05:17,300 [pool-96-thread-1] INFO  storage.RaftStorage (RaftStorageImpl.java:format(96)) - Storage directory /home/runner/work/ozone/ozone/hadoop-ozone/integration-test/target/test-dir/MiniOzoneClusterImpl-2db357e6-2bf9-484c-8f04-13a4732d1f27/datanode-1/data/ratis/08a2e989-e49a-407a-8739-73b28a97e70d has been successfully formatted.
2023-03-23 08:05:17,304 [pool-96-thread-1] INFO  ratis.ContainerStateMachine (ContainerStateMachine.java:loadSnapshot(262)) - group-73B28A97E70D: The snapshot info is null. Setting the last applied indexto:(t:0, i:~)
2023-03-23 08:05:17,304 [pool-96-thread-1] INFO  server.RaftServerConfigKeys (ConfUtils.java:logGet(46)) - raft.server.log.use.memory = false (default)
2023-03-23 08:05:17,304 [pool-96-thread-1] INFO  server.RaftServerConfigKeys (ConfUtils.java:logGet(46)) - raft.server.log.purge.gap = 1000000 (custom)
2023-03-23 08:05:17,304 [pool-96-thread-1] INFO  server.RaftServerConfigKeys (ConfUtils.java:logGet(46)) - raft.server.log.appender.buffer.byte-limit = 33554432 (custom)
2023-03-23 08:05:17,305 [pool-96-thread-1] INFO  server.RaftServerConfigKeys (ConfUtils.java:logGet(46)) - raft.server.log.statemachine.data.read.timeout = 1000ms (default)
2023-03-23 08:05:17,305 [pool-96-thread-1] INFO  server.RaftServerConfigKeys (ConfUtils.java:logGet(46)) - raft.server.log.purge.preservation.log.num = 0 (default)
2023-03-23 08:05:17,307 [pool-96-thread-1] INFO  server.RaftServerConfigKeys (ConfUtils.java:logGet(46)) - raft.server.log.segment.size.max = 1048576 (custom)
2023-03-23 08:05:17,311 [pool-96-thread-1] INFO  server.RaftServerConfigKeys (ConfUtils.java:logGet(46)) - raft.server.log.segment.cache.num.max = 2 (custom)
2023-03-23 08:05:17,312 [pool-96-thread-1] INFO  server.RaftServerConfigKeys (ConfUtils.java:logGet(46)) - raft.server.log.segment.cache.size.max = 200MB (=209715200) (default)
2023-03-23 08:05:17,312 [pool-96-thread-1] INFO  segmented.SegmentedRaftLogWorker (SegmentedRaftLogWorker.java:<init>(189)) - new 82a30c81-a10a-4a6a-ae9d-f1f427ed9001@group-73B28A97E70D-SegmentedRaftLogWorker for RaftStorageImpl:Storage Directory /home/runner/work/ozone/ozone/hadoop-ozone/integration-test/target/test-dir/MiniOzoneClusterImpl-2db357e6-2bf9-484c-8f04-13a4732d1f27/datanode-1/data/ratis/08a2e989-e49a-407a-8739-73b28a97e70d
2023-03-23 08:05:17,312 [pool-96-thread-1] INFO  server.RaftServerConfigKeys (ConfUtils.java:logGet(46)) - raft.server.log.queue.byte-limit = 4294967296 (custom)
2023-03-23 08:05:17,312 [pool-96-thread-1] INFO  server.RaftServerConfigKeys (ConfUtils.java:logGet(46)) - raft.server.log.queue.element-limit = 1024 (custom)
2023-03-23 08:05:17,312 [pool-96-thread-1] INFO  server.RaftServerConfigKeys (ConfUtils.java:logGet(46)) - raft.server.log.segment.size.max = 1048576 (custom)
2023-03-23 08:05:17,313 [pool-96-thread-1] INFO  server.RaftServerConfigKeys (ConfUtils.java:logGet(46)) - raft.server.log.preallocated.size = 16384 (custom)
2023-03-23 08:05:17,313 [pool-96-thread-1] INFO  server.RaftServerConfigKeys (ConfUtils.java:logGet(46)) - raft.server.log.force.sync.num = 128 (default)
2023-03-23 08:05:17,313 [pool-96-thread-1] INFO  server.RaftServerConfigKeys (ConfUtils.java:logGet(46)) - raft.server.log.statemachine.data.sync = true (default)
2023-03-23 08:05:17,313 [pool-96-thread-1] INFO  server.RaftServerConfigKeys (ConfUtils.java:logGet(46)) - raft.server.log.statemachine.data.sync.timeout = 10s (default)
2023-03-23 08:05:17,313 [pool-96-thread-1] INFO  server.RaftServerConfigKeys (ConfUtils.java:logGet(46)) - raft.server.log.statemachine.data.sync.timeout.retry = -1 (default)
2023-03-23 08:05:17,316 [pool-96-thread-1] INFO  server.RaftServerConfigKeys (ConfUtils.java:logGet(46)) - raft.server.log.write.buffer.size = 1048576 (custom)
2023-03-23 08:05:17,317 [BlockDeletingService#2] INFO  interfaces.ContainerDeletionChoosingPolicyTemplate (ContainerDeletionChoosingPolicyTemplate.java:chooseContainerForBlockDeletion(83)) - Chosen 0/5000 blocks from 0 candidate containers.
2023-03-23 08:05:17,318 [BlockDeletingService#5] INFO  interfaces.ContainerDeletionChoosingPolicyTemplate (ContainerDeletionChoosingPolicyTemplate.java:chooseContainerForBlockDeletion(83)) - Chosen 0/5000 blocks from 0 candidate containers.
2023-03-23 08:05:17,322 [pool-96-thread-1] INFO  server.RaftServerConfigKeys (ConfUtils.java:logGet(46)) - raft.server.log.appender.buffer.byte-limit = 33554432 (custom)
2023-03-23 08:05:17,322 [BlockDeletingService#7] INFO  interfaces.ContainerDeletionChoosingPolicyTemplate (ContainerDeletionChoosingPolicyTemplate.java:chooseContainerForBlockDeletion(83)) - Chosen 0/5000 blocks from 0 candidate containers.
2023-03-23 08:05:17,327 [pool-96-thread-1] INFO  server.RaftServerConfigKeys (ConfUtils.java:logGet(46)) - raft.server.log.unsafe-flush.enabled = false (default)
2023-03-23 08:05:17,327 [pool-96-thread-1] INFO  server.RaftServerConfigKeys (ConfUtils.java:logGet(46)) - raft.server.log.async-flush.enabled = false (default)
2023-03-23 08:05:17,328 [pool-96-thread-1] INFO  server.RaftServerConfigKeys (ConfUtils.java:logGet(46)) - raft.server.log.statemachine.data.caching.enabled = true (custom)
2023-03-23 08:05:17,328 [pool-96-thread-1] INFO  segmented.SegmentedRaftLogWorker (SegmentedRaftLogWorker.java:lambda$new$0(135)) - 82a30c81-a10a-4a6a-ae9d-f1f427ed9001@group-73B28A97E70D-SegmentedRaftLogWorker: flushIndex: setUnconditionally 0 -> -1
2023-03-23 08:05:17,328 [pool-96-thread-1] INFO  segmented.SegmentedRaftLogWorker (SegmentedRaftLogWorker.java:lambda$new$0(135)) - 82a30c81-a10a-4a6a-ae9d-f1f427ed9001@group-73B28A97E70D-SegmentedRaftLogWorker: safeCacheEvictIndex: setUnconditionally 0 -> -1
2023-03-23 08:05:17,330 [pool-96-thread-1] INFO  server.RaftServer$Division (RaftServerImpl.java:start(334)) - 82a30c81-a10a-4a6a-ae9d-f1f427ed9001@group-73B28A97E70D: start as a follower, conf=-1: peers:[ec9f5457-0109-4da3-8559-48062aace451|rpc:10.1.0.214:39213|dataStream:10.1.0.214:45841|priority:1|startupRole:FOLLOWER, 7171cd95-6b54-4876-a08e-c51c27c3dd43|rpc:10.1.0.214:35095|dataStream:10.1.0.214:35981|priority:0|startupRole:FOLLOWER, 82a30c81-a10a-4a6a-ae9d-f1f427ed9001|rpc:10.1.0.214:35887|dataStream:10.1.0.214:34443|priority:0|startupRole:FOLLOWER]|listeners:[], old=null
2023-03-23 08:05:17,330 [pool-96-thread-1] INFO  server.RaftServer$Division (RaftServerImpl.java:setRole(321)) - 82a30c81-a10a-4a6a-ae9d-f1f427ed9001@group-73B28A97E70D: changes role from      null to FOLLOWER at term 0 for startAsFollower
2023-03-23 08:05:17,330 [pool-96-thread-1] INFO  impl.RoleInfo (RoleInfo.java:updateAndGet(139)) - 82a30c81-a10a-4a6a-ae9d-f1f427ed9001: start 82a30c81-a10a-4a6a-ae9d-f1f427ed9001@group-73B28A97E70D-FollowerState
2023-03-23 08:05:17,339 [82a30c81-a10a-4a6a-ae9d-f1f427ed9001@group-73B28A97E70D-FollowerState] INFO  server.RaftServerConfigKeys (ConfUtils.java:logFallback(53)) - raft.server.rpc.first-election.timeout.min = 5s (fallback to raft.server.rpc.timeout.min)
2023-03-23 08:05:17,332 [pool-96-thread-1] INFO  util.JmxRegister (JmxRegister.java:tryRegister(44)) - Successfully registered JMX Bean with object name Ratis:service=RaftServer,group=group-73B28A97E70D,id=82a30c81-a10a-4a6a-ae9d-f1f427ed9001
2023-03-23 08:05:17,344 [pool-96-thread-1] INFO  server.RaftServerConfigKeys (ConfUtils.java:logGet(46)) - raft.server.snapshot.auto.trigger.enabled = true (custom)
2023-03-23 08:05:17,344 [pool-96-thread-1] INFO  server.RaftServerConfigKeys (ConfUtils.java:logGet(46)) - raft.server.snapshot.auto.trigger.threshold = 10000 (custom)
2023-03-23 08:05:17,344 [pool-96-thread-1] INFO  server.RaftServerConfigKeys (ConfUtils.java:logGet(46)) - raft.server.snapshot.retention.file.num = 5 (custom)
2023-03-23 08:05:17,344 [pool-96-thread-1] INFO  server.RaftServerConfigKeys (ConfUtils.java:logGet(46)) - raft.server.log.purge.upto.snapshot.index = false (default)
2023-03-23 08:05:17,347 [82a30c81-a10a-4a6a-ae9d-f1f427ed9001@group-73B28A97E70D-FollowerState] INFO  server.RaftServerConfigKeys (ConfUtils.java:logFallback(53)) - raft.server.rpc.first-election.timeout.max = 5200ms (fallback to raft.server.rpc.timeout.max)
2023-03-23 08:05:17,419 [BlockDeletingService#2] INFO  interfaces.ContainerDeletionChoosingPolicyTemplate (ContainerDeletionChoosingPolicyTemplate.java:chooseContainerForBlockDeletion(83)) - Chosen 0/5000 blocks from 0 candidate containers.
2023-03-23 08:05:17,419 [BlockDeletingService#5] INFO  interfaces.ContainerDeletionChoosingPolicyTemplate (ContainerDeletionChoosingPolicyTemplate.java:chooseContainerForBlockDeletion(83)) - Chosen 0/5000 blocks from 0 candidate containers.
2023-03-23 08:05:17,422 [BlockDeletingService#7] INFO  interfaces.ContainerDeletionChoosingPolicyTemplate (ContainerDeletionChoosingPolicyTemplate.java:chooseContainerForBlockDeletion(83)) - Chosen 0/5000 blocks from 0 candidate containers.
2023-03-23 08:05:17,429 [grpc-default-executor-0] INFO  server.RaftServer (RaftServerProxy.java:addNew(96)) - 7171cd95-6b54-4876-a08e-c51c27c3dd43: addNew group-73B28A97E70D:[ec9f5457-0109-4da3-8559-48062aace451|rpc:10.1.0.214:39213|dataStream:10.1.0.214:45841|priority:1|startupRole:FOLLOWER, 7171cd95-6b54-4876-a08e-c51c27c3dd43|rpc:10.1.0.214:35095|dataStream:10.1.0.214:35981|priority:0|startupRole:FOLLOWER, 82a30c81-a10a-4a6a-ae9d-f1f427ed9001|rpc:10.1.0.214:35887|dataStream:10.1.0.214:34443|priority:0|startupRole:FOLLOWER] returns group-73B28A97E70D:java.util.concurrent.CompletableFuture@4d4add36[Not completed]
2023-03-23 08:05:17,437 [pool-118-thread-1] INFO  server.RaftServer$Division (RaftServerImpl.java:<init>(195)) - 7171cd95-6b54-4876-a08e-c51c27c3dd43: new RaftServerImpl for group-73B28A97E70D:[ec9f5457-0109-4da3-8559-48062aace451|rpc:10.1.0.214:39213|dataStream:10.1.0.214:45841|priority:1|startupRole:FOLLOWER, 7171cd95-6b54-4876-a08e-c51c27c3dd43|rpc:10.1.0.214:35095|dataStream:10.1.0.214:35981|priority:0|startupRole:FOLLOWER, 82a30c81-a10a-4a6a-ae9d-f1f427ed9001|rpc:10.1.0.214:35887|dataStream:10.1.0.214:34443|priority:0|startupRole:FOLLOWER] with ContainerStateMachine:uninitialized
2023-03-23 08:05:17,437 [pool-118-thread-1] INFO  server.RaftServerConfigKeys (ConfUtils.java:logGet(46)) - raft.server.rpc.timeout.min = 5s (custom)
2023-03-23 08:05:17,438 [pool-118-thread-1] INFO  server.RaftServerConfigKeys (ConfUtils.java:logGet(46)) - raft.server.rpc.timeout.max = 5200ms (custom)
2023-03-23 08:05:17,438 [pool-118-thread-1] INFO  server.RaftServerConfigKeys (ConfUtils.java:logGet(46)) - raft.server.rpc.sleep.time = 25ms (default)
2023-03-23 08:05:17,438 [pool-118-thread-1] INFO  server.RaftServerConfigKeys (ConfUtils.java:logGet(46)) - raft.server.rpc.slowness.timeout = 300s (custom)
2023-03-23 08:05:17,438 [pool-118-thread-1] INFO  server.RaftServerConfigKeys (ConfUtils.java:logGet(46)) - raft.server.leaderelection.leader.step-down.wait-time = 10s (default)
2023-03-23 08:05:17,438 [pool-118-thread-1] INFO  server.RaftServerConfigKeys (ConfUtils.java:logGet(46)) - raft.server.sleep.deviation.threshold = 300ms (default)
2023-03-23 08:05:17,438 [pool-118-thread-1] INFO  server.RaftServer$Division (ServerState.java:<init>(118)) - 7171cd95-6b54-4876-a08e-c51c27c3dd43@group-73B28A97E70D: ConfigurationManager, init=-1: peers:[ec9f5457-0109-4da3-8559-48062aace451|rpc:10.1.0.214:39213|dataStream:10.1.0.214:45841|priority:1|startupRole:FOLLOWER, 7171cd95-6b54-4876-a08e-c51c27c3dd43|rpc:10.1.0.214:35095|dataStream:10.1.0.214:35981|priority:0|startupRole:FOLLOWER, 82a30c81-a10a-4a6a-ae9d-f1f427ed9001|rpc:10.1.0.214:35887|dataStream:10.1.0.214:34443|priority:0|startupRole:FOLLOWER]|listeners:[], old=null, confs=<EMPTY_MAP>
2023-03-23 08:05:17,438 [pool-118-thread-1] INFO  server.RaftServerConfigKeys (ConfUtils.java:logGet(46)) - raft.server.storage.dir = [/home/runner/work/ozone/ozone/hadoop-ozone/integration-test/target/test-dir/MiniOzoneClusterImpl-2db357e6-2bf9-484c-8f04-13a4732d1f27/datanode-2/data/ratis] (custom)
2023-03-23 08:05:17,438 [pool-118-thread-1] INFO  server.RaftServerConfigKeys (ConfUtils.java:logGet(46)) - raft.server.log.corruption.policy = EXCEPTION (default)
2023-03-23 08:05:17,438 [pool-118-thread-1] INFO  server.RaftServerConfigKeys (ConfUtils.java:logGet(46)) - raft.server.storage.free-space.min = 0MB (=0) (default)
2023-03-23 08:05:17,439 [pool-118-thread-1] INFO  server.RaftServerConfigKeys (ConfUtils.java:logGet(46)) - raft.server.notification.no-leader.timeout = 300s (custom)
2023-03-23 08:05:17,440 [pool-118-thread-1] INFO  server.RaftServerConfigKeys (ConfUtils.java:logGet(46)) - raft.server.retrycache.expirytime = 600000ms (custom)
2023-03-23 08:05:17,440 [pool-118-thread-1] INFO  server.RaftServerConfigKeys (ConfUtils.java:logGet(46)) - raft.server.retrycache.statistics.expirytime = 100μs (default)
2023-03-23 08:05:17,443 [pool-118-thread-1] INFO  server.RaftServerConfigKeys (ConfUtils.java:logGet(46)) - raft.server.log.appender.install.snapshot.enabled = false (custom)
2023-03-23 08:05:17,443 [pool-118-thread-1] INFO  server.RaftServerConfigKeys (ConfUtils.java:logGet(46)) - raft.server.threadpool.server.cached = true (default)
2023-03-23 08:05:17,443 [pool-118-thread-1] INFO  server.RaftServerConfigKeys (ConfUtils.java:logGet(46)) - raft.server.threadpool.server.size = 0 (default)
2023-03-23 08:05:17,443 [pool-118-thread-1] INFO  server.RaftServerConfigKeys (ConfUtils.java:logGet(46)) - raft.server.threadpool.client.cached = true (default)
2023-03-23 08:05:17,443 [pool-118-thread-1] INFO  server.RaftServerConfigKeys (ConfUtils.java:logGet(46)) - raft.server.threadpool.client.size = 0 (default)
2023-03-23 08:05:17,443 [pool-118-thread-1] INFO  storage.RaftStorageDirectory (RaftStorageDirectoryImpl.java:analyzeStorage(137)) - The storage directory /home/runner/work/ozone/ozone/hadoop-ozone/integration-test/target/test-dir/MiniOzoneClusterImpl-2db357e6-2bf9-484c-8f04-13a4732d1f27/datanode-2/data/ratis/08a2e989-e49a-407a-8739-73b28a97e70d does not exist. Creating ...
2023-03-23 08:05:17,445 [pool-118-thread-1] INFO  storage.RaftStorageDirectory (RaftStorageDirectoryImpl.java:tryLock(231)) - Lock on /home/runner/work/ozone/ozone/hadoop-ozone/integration-test/target/test-dir/MiniOzoneClusterImpl-2db357e6-2bf9-484c-8f04-13a4732d1f27/datanode-2/data/ratis/08a2e989-e49a-407a-8739-73b28a97e70d/in_use.lock acquired by nodename 6812@fv-az105-497
2023-03-23 08:05:17,447 [pool-118-thread-1] INFO  storage.RaftStorage (RaftStorageImpl.java:format(96)) - Storage directory /home/runner/work/ozone/ozone/hadoop-ozone/integration-test/target/test-dir/MiniOzoneClusterImpl-2db357e6-2bf9-484c-8f04-13a4732d1f27/datanode-2/data/ratis/08a2e989-e49a-407a-8739-73b28a97e70d has been successfully formatted.
2023-03-23 08:05:17,448 [pool-118-thread-1] INFO  ratis.ContainerStateMachine (ContainerStateMachine.java:loadSnapshot(262)) - group-73B28A97E70D: The snapshot info is null. Setting the last applied indexto:(t:0, i:~)
2023-03-23 08:05:17,448 [pool-118-thread-1] INFO  server.RaftServerConfigKeys (ConfUtils.java:logGet(46)) - raft.server.log.use.memory = false (default)
2023-03-23 08:05:17,448 [pool-118-thread-1] INFO  server.RaftServerConfigKeys (ConfUtils.java:logGet(46)) - raft.server.log.purge.gap = 1000000 (custom)
2023-03-23 08:05:17,448 [pool-118-thread-1] INFO  server.RaftServerConfigKeys (ConfUtils.java:logGet(46)) - raft.server.log.appender.buffer.byte-limit = 33554432 (custom)
2023-03-23 08:05:17,448 [pool-118-thread-1] INFO  server.RaftServerConfigKeys (ConfUtils.java:logGet(46)) - raft.server.log.statemachine.data.read.timeout = 1000ms (default)
2023-03-23 08:05:17,448 [pool-118-thread-1] INFO  server.RaftServerConfigKeys (ConfUtils.java:logGet(46)) - raft.server.log.purge.preservation.log.num = 0 (default)
2023-03-23 08:05:17,448 [pool-118-thread-1] INFO  server.RaftServerConfigKeys (ConfUtils.java:logGet(46)) - raft.server.log.segment.size.max = 1048576 (custom)
2023-03-23 08:05:17,449 [pool-118-thread-1] INFO  server.RaftServerConfigKeys (ConfUtils.java:logGet(46)) - raft.server.log.segment.cache.num.max = 2 (custom)
2023-03-23 08:05:17,450 [pool-118-thread-1] INFO  server.RaftServerConfigKeys (ConfUtils.java:logGet(46)) - raft.server.log.segment.cache.size.max = 200MB (=209715200) (default)
2023-03-23 08:05:17,450 [pool-118-thread-1] INFO  segmented.SegmentedRaftLogWorker (SegmentedRaftLogWorker.java:<init>(189)) - new 7171cd95-6b54-4876-a08e-c51c27c3dd43@group-73B28A97E70D-SegmentedRaftLogWorker for RaftStorageImpl:Storage Directory /home/runner/work/ozone/ozone/hadoop-ozone/integration-test/target/test-dir/MiniOzoneClusterImpl-2db357e6-2bf9-484c-8f04-13a4732d1f27/datanode-2/data/ratis/08a2e989-e49a-407a-8739-73b28a97e70d
2023-03-23 08:05:17,450 [pool-118-thread-1] INFO  server.RaftServerConfigKeys (ConfUtils.java:logGet(46)) - raft.server.log.queue.byte-limit = 4294967296 (custom)
2023-03-23 08:05:17,450 [pool-118-thread-1] INFO  server.RaftServerConfigKeys (ConfUtils.java:logGet(46)) - raft.server.log.queue.element-limit = 1024 (custom)
2023-03-23 08:05:17,450 [pool-118-thread-1] INFO  server.RaftServerConfigKeys (ConfUtils.java:logGet(46)) - raft.server.log.segment.size.max = 1048576 (custom)
2023-03-23 08:05:17,450 [pool-118-thread-1] INFO  server.RaftServerConfigKeys (ConfUtils.java:logGet(46)) - raft.server.log.preallocated.size = 16384 (custom)
2023-03-23 08:05:17,450 [pool-118-thread-1] INFO  server.RaftServerConfigKeys (ConfUtils.java:logGet(46)) - raft.server.log.force.sync.num = 128 (default)
2023-03-23 08:05:17,450 [pool-118-thread-1] INFO  server.RaftServerConfigKeys (ConfUtils.java:logGet(46)) - raft.server.log.statemachine.data.sync = true (default)
2023-03-23 08:05:17,450 [pool-118-thread-1] INFO  server.RaftServerConfigKeys (ConfUtils.java:logGet(46)) - raft.server.log.statemachine.data.sync.timeout = 10s (default)
2023-03-23 08:05:17,450 [pool-118-thread-1] INFO  server.RaftServerConfigKeys (ConfUtils.java:logGet(46)) - raft.server.log.statemachine.data.sync.timeout.retry = -1 (default)
2023-03-23 08:05:17,451 [pool-118-thread-1] INFO  server.RaftServerConfigKeys (ConfUtils.java:logGet(46)) - raft.server.log.write.buffer.size = 1048576 (custom)
2023-03-23 08:05:17,451 [pool-118-thread-1] INFO  server.RaftServerConfigKeys (ConfUtils.java:logGet(46)) - raft.server.log.appender.buffer.byte-limit = 33554432 (custom)
2023-03-23 08:05:17,457 [pool-118-thread-1] INFO  server.RaftServerConfigKeys (ConfUtils.java:logGet(46)) - raft.server.log.unsafe-flush.enabled = false (default)
2023-03-23 08:05:17,457 [pool-118-thread-1] INFO  server.RaftServerConfigKeys (ConfUtils.java:logGet(46)) - raft.server.log.async-flush.enabled = false (default)
2023-03-23 08:05:17,457 [pool-118-thread-1] INFO  server.RaftServerConfigKeys (ConfUtils.java:logGet(46)) - raft.server.log.statemachine.data.caching.enabled = true (custom)
2023-03-23 08:05:17,457 [pool-118-thread-1] INFO  segmented.SegmentedRaftLogWorker (SegmentedRaftLogWorker.java:lambda$new$0(135)) - 7171cd95-6b54-4876-a08e-c51c27c3dd43@group-73B28A97E70D-SegmentedRaftLogWorker: flushIndex: setUnconditionally 0 -> -1
2023-03-23 08:05:17,457 [pool-118-thread-1] INFO  segmented.SegmentedRaftLogWorker (SegmentedRaftLogWorker.java:lambda$new$0(135)) - 7171cd95-6b54-4876-a08e-c51c27c3dd43@group-73B28A97E70D-SegmentedRaftLogWorker: safeCacheEvictIndex: setUnconditionally 0 -> -1
2023-03-23 08:05:17,457 [pool-118-thread-1] INFO  server.RaftServer$Division (RaftServerImpl.java:start(334)) - 7171cd95-6b54-4876-a08e-c51c27c3dd43@group-73B28A97E70D: start as a follower, conf=-1: peers:[ec9f5457-0109-4da3-8559-48062aace451|rpc:10.1.0.214:39213|dataStream:10.1.0.214:45841|priority:1|startupRole:FOLLOWER, 7171cd95-6b54-4876-a08e-c51c27c3dd43|rpc:10.1.0.214:35095|dataStream:10.1.0.214:35981|priority:0|startupRole:FOLLOWER, 82a30c81-a10a-4a6a-ae9d-f1f427ed9001|rpc:10.1.0.214:35887|dataStream:10.1.0.214:34443|priority:0|startupRole:FOLLOWER]|listeners:[], old=null
2023-03-23 08:05:17,457 [pool-118-thread-1] INFO  server.RaftServer$Division (RaftServerImpl.java:setRole(321)) - 7171cd95-6b54-4876-a08e-c51c27c3dd43@group-73B28A97E70D: changes role from      null to FOLLOWER at term 0 for startAsFollower
2023-03-23 08:05:17,458 [pool-118-thread-1] INFO  impl.RoleInfo (RoleInfo.java:updateAndGet(139)) - 7171cd95-6b54-4876-a08e-c51c27c3dd43: start 7171cd95-6b54-4876-a08e-c51c27c3dd43@group-73B28A97E70D-FollowerState
2023-03-23 08:05:17,458 [pool-118-thread-1] INFO  util.JmxRegister (JmxRegister.java:tryRegister(44)) - Successfully registered JMX Bean with object name Ratis:service=RaftServer,group=group-73B28A97E70D,id=7171cd95-6b54-4876-a08e-c51c27c3dd43
2023-03-23 08:05:17,458 [pool-118-thread-1] INFO  server.RaftServerConfigKeys (ConfUtils.java:logGet(46)) - raft.server.snapshot.auto.trigger.enabled = true (custom)
2023-03-23 08:05:17,458 [pool-118-thread-1] INFO  server.RaftServerConfigKeys (ConfUtils.java:logGet(46)) - raft.server.snapshot.auto.trigger.threshold = 10000 (custom)
2023-03-23 08:05:17,458 [pool-118-thread-1] INFO  server.RaftServerConfigKeys (ConfUtils.java:logGet(46)) - raft.server.snapshot.retention.file.num = 5 (custom)
2023-03-23 08:05:17,458 [pool-118-thread-1] INFO  server.RaftServerConfigKeys (ConfUtils.java:logGet(46)) - raft.server.log.purge.upto.snapshot.index = false (default)
2023-03-23 08:05:17,459 [7171cd95-6b54-4876-a08e-c51c27c3dd43@group-73B28A97E70D-FollowerState] INFO  server.RaftServerConfigKeys (ConfUtils.java:logFallback(53)) - raft.server.rpc.first-election.timeout.min = 5s (fallback to raft.server.rpc.timeout.min)
2023-03-23 08:05:17,462 [7171cd95-6b54-4876-a08e-c51c27c3dd43@group-73B28A97E70D-FollowerState] INFO  server.RaftServerConfigKeys (ConfUtils.java:logFallback(53)) - raft.server.rpc.first-election.timeout.max = 5200ms (fallback to raft.server.rpc.timeout.max)
2023-03-23 08:05:17,471 [Command processor thread] INFO  commandhandler.CreatePipelineCommandHandler (CreatePipelineCommandHandler.java:handle(113)) - Created Pipeline RATIS THREE PipelineID=08a2e989-e49a-407a-8739-73b28a97e70d.
2023-03-23 08:05:17,519 [BlockDeletingService#2] INFO  interfaces.ContainerDeletionChoosingPolicyTemplate (ContainerDeletionChoosingPolicyTemplate.java:chooseContainerForBlockDeletion(83)) - Chosen 0/5000 blocks from 0 candidate containers.
2023-03-23 08:05:17,519 [BlockDeletingService#5] INFO  interfaces.ContainerDeletionChoosingPolicyTemplate (ContainerDeletionChoosingPolicyTemplate.java:chooseContainerForBlockDeletion(83)) - Chosen 0/5000 blocks from 0 candidate containers.
2023-03-23 08:05:17,523 [BlockDeletingService#7] INFO  interfaces.ContainerDeletionChoosingPolicyTemplate (ContainerDeletionChoosingPolicyTemplate.java:chooseContainerForBlockDeletion(83)) - Chosen 0/5000 blocks from 0 candidate containers.
2023-03-23 08:05:17,619 [BlockDeletingService#2] INFO  interfaces.ContainerDeletionChoosingPolicyTemplate (ContainerDeletionChoosingPolicyTemplate.java:chooseContainerForBlockDeletion(83)) - Chosen 0/5000 blocks from 0 candidate containers.
2023-03-23 08:05:17,619 [BlockDeletingService#5] INFO  interfaces.ContainerDeletionChoosingPolicyTemplate (ContainerDeletionChoosingPolicyTemplate.java:chooseContainerForBlockDeletion(83)) - Chosen 0/5000 blocks from 0 candidate containers.
2023-03-23 08:05:17,623 [BlockDeletingService#7] INFO  interfaces.ContainerDeletionChoosingPolicyTemplate (ContainerDeletionChoosingPolicyTemplate.java:chooseContainerForBlockDeletion(83)) - Chosen 0/5000 blocks from 0 candidate containers.
2023-03-23 08:05:17,720 [BlockDeletingService#2] INFO  interfaces.ContainerDeletionChoosingPolicyTemplate (ContainerDeletionChoosingPolicyTemplate.java:chooseContainerForBlockDeletion(83)) - Chosen 0/5000 blocks from 0 candidate containers.
2023-03-23 08:05:17,720 [BlockDeletingService#5] INFO  interfaces.ContainerDeletionChoosingPolicyTemplate (ContainerDeletionChoosingPolicyTemplate.java:chooseContainerForBlockDeletion(83)) - Chosen 0/5000 blocks from 0 candidate containers.
2023-03-23 08:05:17,723 [BlockDeletingService#7] INFO  interfaces.ContainerDeletionChoosingPolicyTemplate (ContainerDeletionChoosingPolicyTemplate.java:chooseContainerForBlockDeletion(83)) - Chosen 0/5000 blocks from 0 candidate containers.
2023-03-23 08:05:17,723 [Listener at 127.0.0.1/41453] INFO  ozone.MiniOzoneClusterImpl (MiniOzoneClusterImpl.java:lambda$waitForClusterToBeReady$0(222)) - Nodes are ready. Got 3 of 3 DN Heartbeats.
2023-03-23 08:05:17,723 [Listener at 127.0.0.1/41453] INFO  ozone.MiniOzoneClusterImpl (MiniOzoneClusterImpl.java:lambda$waitForClusterToBeReady$0(225)) - Waiting for cluster to exit safe mode
2023-03-23 08:05:17,724 [Listener at 127.0.0.1/41453] INFO  ozone.MiniOzoneClusterImpl (MiniOzoneClusterImpl.java:lambda$waitForClusterToBeReady$0(227)) - SCM became leader
2023-03-23 08:05:17,820 [BlockDeletingService#2] INFO  interfaces.ContainerDeletionChoosingPolicyTemplate (ContainerDeletionChoosingPolicyTemplate.java:chooseContainerForBlockDeletion(83)) - Chosen 0/5000 blocks from 0 candidate containers.
2023-03-23 08:05:17,820 [BlockDeletingService#5] INFO  interfaces.ContainerDeletionChoosingPolicyTemplate (ContainerDeletionChoosingPolicyTemplate.java:chooseContainerForBlockDeletion(83)) - Chosen 0/5000 blocks from 0 candidate containers.
2023-03-23 08:05:17,823 [BlockDeletingService#7] INFO  interfaces.ContainerDeletionChoosingPolicyTemplate (ContainerDeletionChoosingPolicyTemplate.java:chooseContainerForBlockDeletion(83)) - Chosen 0/5000 blocks from 0 candidate containers.
2023-03-23 08:05:17,920 [BlockDeletingService#2] INFO  interfaces.ContainerDeletionChoosingPolicyTemplate (ContainerDeletionChoosingPolicyTemplate.java:chooseContainerForBlockDeletion(83)) - Chosen 0/5000 blocks from 0 candidate containers.
2023-03-23 08:05:17,920 [BlockDeletingService#5] INFO  interfaces.ContainerDeletionChoosingPolicyTemplate (ContainerDeletionChoosingPolicyTemplate.java:chooseContainerForBlockDeletion(83)) - Chosen 0/5000 blocks from 0 candidate containers.
2023-03-23 08:05:17,923 [BlockDeletingService#7] INFO  interfaces.ContainerDeletionChoosingPolicyTemplate (ContainerDeletionChoosingPolicyTemplate.java:chooseContainerForBlockDeletion(83)) - Chosen 0/5000 blocks from 0 candidate containers.
2023-03-23 08:05:18,021 [BlockDeletingService#2] INFO  interfaces.ContainerDeletionChoosingPolicyTemplate (ContainerDeletionChoosingPolicyTemplate.java:chooseContainerForBlockDeletion(83)) - Chosen 0/5000 blocks from 0 candidate containers.
2023-03-23 08:05:18,021 [BlockDeletingService#5] INFO  interfaces.ContainerDeletionChoosingPolicyTemplate (ContainerDeletionChoosingPolicyTemplate.java:chooseContainerForBlockDeletion(83)) - Chosen 0/5000 blocks from 0 candidate containers.
2023-03-23 08:05:18,024 [BlockDeletingService#7] INFO  interfaces.ContainerDeletionChoosingPolicyTemplate (ContainerDeletionChoosingPolicyTemplate.java:chooseContainerForBlockDeletion(83)) - Chosen 0/5000 blocks from 0 candidate containers.
2023-03-23 08:05:18,121 [BlockDeletingService#2] INFO  interfaces.ContainerDeletionChoosingPolicyTemplate (ContainerDeletionChoosingPolicyTemplate.java:chooseContainerForBlockDeletion(83)) - Chosen 0/5000 blocks from 0 candidate containers.
2023-03-23 08:05:18,121 [BlockDeletingService#5] INFO  interfaces.ContainerDeletionChoosingPolicyTemplate (ContainerDeletionChoosingPolicyTemplate.java:chooseContainerForBlockDeletion(83)) - Chosen 0/5000 blocks from 0 candidate containers.
2023-03-23 08:05:18,124 [BlockDeletingService#7] INFO  interfaces.ContainerDeletionChoosingPolicyTemplate (ContainerDeletionChoosingPolicyTemplate.java:chooseContainerForBlockDeletion(83)) - Chosen 0/5000 blocks from 0 candidate containers.
2023-03-23 08:05:18,222 [BlockDeletingService#2] INFO  interfaces.ContainerDeletionChoosingPolicyTemplate (ContainerDeletionChoosingPolicyTemplate.java:chooseContainerForBlockDeletion(83)) - Chosen 0/5000 blocks from 0 candidate containers.
2023-03-23 08:05:18,222 [BlockDeletingService#5] INFO  interfaces.ContainerDeletionChoosingPolicyTemplate (ContainerDeletionChoosingPolicyTemplate.java:chooseContainerForBlockDeletion(83)) - Chosen 0/5000 blocks from 0 candidate containers.
2023-03-23 08:05:18,224 [BlockDeletingService#7] INFO  interfaces.ContainerDeletionChoosingPolicyTemplate (ContainerDeletionChoosingPolicyTemplate.java:chooseContainerForBlockDeletion(83)) - Chosen 0/5000 blocks from 0 candidate containers.
2023-03-23 08:05:18,322 [BlockDeletingService#2] INFO  interfaces.ContainerDeletionChoosingPolicyTemplate (ContainerDeletionChoosingPolicyTemplate.java:chooseContainerForBlockDeletion(83)) - Chosen 0/5000 blocks from 0 candidate containers.
2023-03-23 08:05:18,322 [BlockDeletingService#5] INFO  interfaces.ContainerDeletionChoosingPolicyTemplate (ContainerDeletionChoosingPolicyTemplate.java:chooseContainerForBlockDeletion(83)) - Chosen 0/5000 blocks from 0 candidate containers.
2023-03-23 08:05:18,324 [BlockDeletingService#7] INFO  interfaces.ContainerDeletionChoosingPolicyTemplate (ContainerDeletionChoosingPolicyTemplate.java:chooseContainerForBlockDeletion(83)) - Chosen 0/5000 blocks from 0 candidate containers.
2023-03-23 08:05:18,422 [BlockDeletingService#2] INFO  interfaces.ContainerDeletionChoosingPolicyTemplate (ContainerDeletionChoosingPolicyTemplate.java:chooseContainerForBlockDeletion(83)) - Chosen 0/5000 blocks from 0 candidate containers.
2023-03-23 08:05:18,422 [BlockDeletingService#5] INFO  interfaces.ContainerDeletionChoosingPolicyTemplate (ContainerDeletionChoosingPolicyTemplate.java:chooseContainerForBlockDeletion(83)) - Chosen 0/5000 blocks from 0 candidate containers.
2023-03-23 08:05:18,424 [BlockDeletingService#7] INFO  interfaces.ContainerDeletionChoosingPolicyTemplate (ContainerDeletionChoosingPolicyTemplate.java:chooseContainerForBlockDeletion(83)) - Chosen 0/5000 blocks from 0 candidate containers.
2023-03-23 08:05:18,522 [BlockDeletingService#2] INFO  interfaces.ContainerDeletionChoosingPolicyTemplate (ContainerDeletionChoosingPolicyTemplate.java:chooseContainerForBlockDeletion(83)) - Chosen 0/5000 blocks from 0 candidate containers.
2023-03-23 08:05:18,523 [BlockDeletingService#5] INFO  interfaces.ContainerDeletionChoosingPolicyTemplate (ContainerDeletionChoosingPolicyTemplate.java:chooseContainerForBlockDeletion(83)) - Chosen 0/5000 blocks from 0 candidate containers.
2023-03-23 08:05:18,525 [BlockDeletingService#7] INFO  interfaces.ContainerDeletionChoosingPolicyTemplate (ContainerDeletionChoosingPolicyTemplate.java:chooseContainerForBlockDeletion(83)) - Chosen 0/5000 blocks from 0 candidate containers.
2023-03-23 08:05:18,623 [BlockDeletingService#2] INFO  interfaces.ContainerDeletionChoosingPolicyTemplate (ContainerDeletionChoosingPolicyTemplate.java:chooseContainerForBlockDeletion(83)) - Chosen 0/5000 blocks from 0 candidate containers.
2023-03-23 08:05:18,623 [BlockDeletingService#5] INFO  interfaces.ContainerDeletionChoosingPolicyTemplate (ContainerDeletionChoosingPolicyTemplate.java:chooseContainerForBlockDeletion(83)) - Chosen 0/5000 blocks from 0 candidate containers.
2023-03-23 08:05:18,625 [BlockDeletingService#7] INFO  interfaces.ContainerDeletionChoosingPolicyTemplate (ContainerDeletionChoosingPolicyTemplate.java:chooseContainerForBlockDeletion(83)) - Chosen 0/5000 blocks from 0 candidate containers.
2023-03-23 08:05:18,723 [BlockDeletingService#2] INFO  interfaces.ContainerDeletionChoosingPolicyTemplate (ContainerDeletionChoosingPolicyTemplate.java:chooseContainerForBlockDeletion(83)) - Chosen 0/5000 blocks from 0 candidate containers.
2023-03-23 08:05:18,723 [BlockDeletingService#5] INFO  interfaces.ContainerDeletionChoosingPolicyTemplate (ContainerDeletionChoosingPolicyTemplate.java:chooseContainerForBlockDeletion(83)) - Chosen 0/5000 blocks from 0 candidate containers.
2023-03-23 08:05:18,724 [Listener at 127.0.0.1/41453] INFO  ozone.MiniOzoneClusterImpl (MiniOzoneClusterImpl.java:lambda$waitForClusterToBeReady$0(222)) - Nodes are ready. Got 3 of 3 DN Heartbeats.
2023-03-23 08:05:18,724 [Listener at 127.0.0.1/41453] INFO  ozone.MiniOzoneClusterImpl (MiniOzoneClusterImpl.java:lambda$waitForClusterToBeReady$0(225)) - Waiting for cluster to exit safe mode
2023-03-23 08:05:18,724 [Listener at 127.0.0.1/41453] INFO  ozone.MiniOzoneClusterImpl (MiniOzoneClusterImpl.java:lambda$waitForClusterToBeReady$0(227)) - SCM became leader
2023-03-23 08:05:18,725 [BlockDeletingService#7] INFO  interfaces.ContainerDeletionChoosingPolicyTemplate (ContainerDeletionChoosingPolicyTemplate.java:chooseContainerForBlockDeletion(83)) - Chosen 0/5000 blocks from 0 candidate containers.
2023-03-23 08:05:18,824 [BlockDeletingService#2] INFO  interfaces.ContainerDeletionChoosingPolicyTemplate (ContainerDeletionChoosingPolicyTemplate.java:chooseContainerForBlockDeletion(83)) - Chosen 0/5000 blocks from 0 candidate containers.
2023-03-23 08:05:18,824 [BlockDeletingService#5] INFO  interfaces.ContainerDeletionChoosingPolicyTemplate (ContainerDeletionChoosingPolicyTemplate.java:chooseContainerForBlockDeletion(83)) - Chosen 0/5000 blocks from 0 candidate containers.
2023-03-23 08:05:18,825 [BlockDeletingService#7] INFO  interfaces.ContainerDeletionChoosingPolicyTemplate (ContainerDeletionChoosingPolicyTemplate.java:chooseContainerForBlockDeletion(83)) - Chosen 0/5000 blocks from 0 candidate containers.
2023-03-23 08:05:18,924 [BlockDeletingService#2] INFO  interfaces.ContainerDeletionChoosingPolicyTemplate (ContainerDeletionChoosingPolicyTemplate.java:chooseContainerForBlockDeletion(83)) - Chosen 0/5000 blocks from 0 candidate containers.
2023-03-23 08:05:18,924 [BlockDeletingService#5] INFO  interfaces.ContainerDeletionChoosingPolicyTemplate (ContainerDeletionChoosingPolicyTemplate.java:chooseContainerForBlockDeletion(83)) - Chosen 0/5000 blocks from 0 candidate containers.
2023-03-23 08:05:18,925 [BlockDeletingService#7] INFO  interfaces.ContainerDeletionChoosingPolicyTemplate (ContainerDeletionChoosingPolicyTemplate.java:chooseContainerForBlockDeletion(83)) - Chosen 0/5000 blocks from 0 candidate containers.
2023-03-23 08:05:19,024 [BlockDeletingService#2] INFO  interfaces.ContainerDeletionChoosingPolicyTemplate (ContainerDeletionChoosingPolicyTemplate.java:chooseContainerForBlockDeletion(83)) - Chosen 0/5000 blocks from 0 candidate containers.
2023-03-23 08:05:19,024 [BlockDeletingService#5] INFO  interfaces.ContainerDeletionChoosingPolicyTemplate (ContainerDeletionChoosingPolicyTemplate.java:chooseContainerForBlockDeletion(83)) - Chosen 0/5000 blocks from 0 candidate containers.
2023-03-23 08:05:19,026 [BlockDeletingService#7] INFO  interfaces.ContainerDeletionChoosingPolicyTemplate (ContainerDeletionChoosingPolicyTemplate.java:chooseContainerForBlockDeletion(83)) - Chosen 0/5000 blocks from 0 candidate containers.
2023-03-23 08:05:19,125 [BlockDeletingService#2] INFO  interfaces.ContainerDeletionChoosingPolicyTemplate (ContainerDeletionChoosingPolicyTemplate.java:chooseContainerForBlockDeletion(83)) - Chosen 0/5000 blocks from 0 candidate containers.
2023-03-23 08:05:19,125 [BlockDeletingService#5] INFO  interfaces.ContainerDeletionChoosingPolicyTemplate (ContainerDeletionChoosingPolicyTemplate.java:chooseContainerForBlockDeletion(83)) - Chosen 0/5000 blocks from 0 candidate containers.
2023-03-23 08:05:19,126 [BlockDeletingService#7] INFO  interfaces.ContainerDeletionChoosingPolicyTemplate (ContainerDeletionChoosingPolicyTemplate.java:chooseContainerForBlockDeletion(83)) - Chosen 0/5000 blocks from 0 candidate containers.
2023-03-23 08:05:19,305 [BlockDeletingService#5] INFO  interfaces.ContainerDeletionChoosingPolicyTemplate (ContainerDeletionChoosingPolicyTemplate.java:chooseContainerForBlockDeletion(83)) - Chosen 0/5000 blocks from 0 candidate containers.
2023-03-23 08:05:19,306 [BlockDeletingService#2] INFO  interfaces.ContainerDeletionChoosingPolicyTemplate (ContainerDeletionChoosingPolicyTemplate.java:chooseContainerForBlockDeletion(83)) - Chosen 0/5000 blocks from 0 candidate containers.
2023-03-23 08:05:19,403 [BlockDeletingService#7] INFO  interfaces.ContainerDeletionChoosingPolicyTemplate (ContainerDeletionChoosingPolicyTemplate.java:chooseContainerForBlockDeletion(83)) - Chosen 0/5000 blocks from 0 candidate containers.
2023-03-23 08:05:19,410 [BlockDeletingService#5] INFO  interfaces.ContainerDeletionChoosingPolicyTemplate (ContainerDeletionChoosingPolicyTemplate.java:chooseContainerForBlockDeletion(83)) - Chosen 0/5000 blocks from 0 candidate containers.
2023-03-23 08:05:19,410 [BlockDeletingService#2] INFO  interfaces.ContainerDeletionChoosingPolicyTemplate (ContainerDeletionChoosingPolicyTemplate.java:chooseContainerForBlockDeletion(83)) - Chosen 0/5000 blocks from 0 candidate containers.
2023-03-23 08:05:19,503 [BlockDeletingService#7] INFO  interfaces.ContainerDeletionChoosingPolicyTemplate (ContainerDeletionChoosingPolicyTemplate.java:chooseContainerForBlockDeletion(83)) - Chosen 0/5000 blocks from 0 candidate containers.
2023-03-23 08:05:19,510 [BlockDeletingService#5] INFO  interfaces.ContainerDeletionChoosingPolicyTemplate (ContainerDeletionChoosingPolicyTemplate.java:chooseContainerForBlockDeletion(83)) - Chosen 0/5000 blocks from 0 candidate containers.
2023-03-23 08:05:19,511 [BlockDeletingService#2] INFO  interfaces.ContainerDeletionChoosingPolicyTemplate (ContainerDeletionChoosingPolicyTemplate.java:chooseContainerForBlockDeletion(83)) - Chosen 0/5000 blocks from 0 candidate containers.
2023-03-23 08:05:19,604 [BlockDeletingService#7] INFO  interfaces.ContainerDeletionChoosingPolicyTemplate (ContainerDeletionChoosingPolicyTemplate.java:chooseContainerForBlockDeletion(83)) - Chosen 0/5000 blocks from 0 candidate containers.
2023-03-23 08:05:19,610 [BlockDeletingService#5] INFO  interfaces.ContainerDeletionChoosingPolicyTemplate (ContainerDeletionChoosingPolicyTemplate.java:chooseContainerForBlockDeletion(83)) - Chosen 0/5000 blocks from 0 candidate containers.
2023-03-23 08:05:19,611 [BlockDeletingService#2] INFO  interfaces.ContainerDeletionChoosingPolicyTemplate (ContainerDeletionChoosingPolicyTemplate.java:chooseContainerForBlockDeletion(83)) - Chosen 0/5000 blocks from 0 candidate containers.
2023-03-23 08:05:19,704 [BlockDeletingService#7] INFO  interfaces.ContainerDeletionChoosingPolicyTemplate (ContainerDeletionChoosingPolicyTemplate.java:chooseContainerForBlockDeletion(83)) - Chosen 0/5000 blocks from 0 candidate containers.
2023-03-23 08:05:19,711 [BlockDeletingService#5] INFO  interfaces.ContainerDeletionChoosingPolicyTemplate (ContainerDeletionChoosingPolicyTemplate.java:chooseContainerForBlockDeletion(83)) - Chosen 0/5000 blocks from 0 candidate containers.
2023-03-23 08:05:19,711 [BlockDeletingService#2] INFO  interfaces.ContainerDeletionChoosingPolicyTemplate (ContainerDeletionChoosingPolicyTemplate.java:chooseContainerForBlockDeletion(83)) - Chosen 0/5000 blocks from 0 candidate containers.
2023-03-23 08:05:19,724 [Listener at 127.0.0.1/41453] INFO  ozone.MiniOzoneClusterImpl (MiniOzoneClusterImpl.java:lambda$waitForClusterToBeReady$0(222)) - Nodes are ready. Got 3 of 3 DN Heartbeats.
2023-03-23 08:05:19,725 [Listener at 127.0.0.1/41453] INFO  ozone.MiniOzoneClusterImpl (MiniOzoneClusterImpl.java:lambda$waitForClusterToBeReady$0(225)) - Waiting for cluster to exit safe mode
2023-03-23 08:05:19,725 [Listener at 127.0.0.1/41453] INFO  ozone.MiniOzoneClusterImpl (MiniOzoneClusterImpl.java:lambda$waitForClusterToBeReady$0(227)) - SCM became leader
2023-03-23 08:05:19,804 [BlockDeletingService#7] INFO  interfaces.ContainerDeletionChoosingPolicyTemplate (ContainerDeletionChoosingPolicyTemplate.java:chooseContainerForBlockDeletion(83)) - Chosen 0/5000 blocks from 0 candidate containers.
2023-03-23 08:05:19,811 [BlockDeletingService#5] INFO  interfaces.ContainerDeletionChoosingPolicyTemplate (ContainerDeletionChoosingPolicyTemplate.java:chooseContainerForBlockDeletion(83)) - Chosen 0/5000 blocks from 0 candidate containers.
2023-03-23 08:05:19,812 [BlockDeletingService#2] INFO  interfaces.ContainerDeletionChoosingPolicyTemplate (ContainerDeletionChoosingPolicyTemplate.java:chooseContainerForBlockDeletion(83)) - Chosen 0/5000 blocks from 0 candidate containers.
2023-03-23 08:05:19,905 [BlockDeletingService#7] INFO  interfaces.ContainerDeletionChoosingPolicyTemplate (ContainerDeletionChoosingPolicyTemplate.java:chooseContainerForBlockDeletion(83)) - Chosen 0/5000 blocks from 0 candidate containers.
2023-03-23 08:05:19,911 [BlockDeletingService#5] INFO  interfaces.ContainerDeletionChoosingPolicyTemplate (ContainerDeletionChoosingPolicyTemplate.java:chooseContainerForBlockDeletion(83)) - Chosen 0/5000 blocks from 0 candidate containers.
2023-03-23 08:05:19,912 [BlockDeletingService#2] INFO  interfaces.ContainerDeletionChoosingPolicyTemplate (ContainerDeletionChoosingPolicyTemplate.java:chooseContainerForBlockDeletion(83)) - Chosen 0/5000 blocks from 0 candidate containers.
2023-03-23 08:05:20,006 [BlockDeletingService#7] INFO  interfaces.ContainerDeletionChoosingPolicyTemplate (ContainerDeletionChoosingPolicyTemplate.java:chooseContainerForBlockDeletion(83)) - Chosen 0/5000 blocks from 0 candidate containers.
2023-03-23 08:05:20,011 [BlockDeletingService#5] INFO  interfaces.ContainerDeletionChoosingPolicyTemplate (ContainerDeletionChoosingPolicyTemplate.java:chooseContainerForBlockDeletion(83)) - Chosen 0/5000 blocks from 0 candidate containers.
2023-03-23 08:05:20,012 [BlockDeletingService#2] INFO  interfaces.ContainerDeletionChoosingPolicyTemplate (ContainerDeletionChoosingPolicyTemplate.java:chooseContainerForBlockDeletion(83)) - Chosen 0/5000 blocks from 0 candidate containers.
2023-03-23 08:05:20,106 [BlockDeletingService#7] INFO  interfaces.ContainerDeletionChoosingPolicyTemplate (ContainerDeletionChoosingPolicyTemplate.java:chooseContainerForBlockDeletion(83)) - Chosen 0/5000 blocks from 0 candidate containers.
2023-03-23 08:05:20,112 [BlockDeletingService#5] INFO  interfaces.ContainerDeletionChoosingPolicyTemplate (ContainerDeletionChoosingPolicyTemplate.java:chooseContainerForBlockDeletion(83)) - Chosen 0/5000 blocks from 0 candidate containers.
2023-03-23 08:05:20,112 [BlockDeletingService#2] INFO  interfaces.ContainerDeletionChoosingPolicyTemplate (ContainerDeletionChoosingPolicyTemplate.java:chooseContainerForBlockDeletion(83)) - Chosen 0/5000 blocks from 0 candidate containers.
2023-03-23 08:05:20,206 [BlockDeletingService#7] INFO  interfaces.ContainerDeletionChoosingPolicyTemplate (ContainerDeletionChoosingPolicyTemplate.java:chooseContainerForBlockDeletion(83)) - Chosen 0/5000 blocks from 0 candidate containers.
2023-03-23 08:05:20,212 [BlockDeletingService#5] INFO  interfaces.ContainerDeletionChoosingPolicyTemplate (ContainerDeletionChoosingPolicyTemplate.java:chooseContainerForBlockDeletion(83)) - Chosen 0/5000 blocks from 0 candidate containers.
2023-03-23 08:05:20,212 [BlockDeletingService#2] INFO  interfaces.ContainerDeletionChoosingPolicyTemplate (ContainerDeletionChoosingPolicyTemplate.java:chooseContainerForBlockDeletion(83)) - Chosen 0/5000 blocks from 0 candidate containers.
2023-03-23 08:05:20,307 [BlockDeletingService#7] INFO  interfaces.ContainerDeletionChoosingPolicyTemplate (ContainerDeletionChoosingPolicyTemplate.java:chooseContainerForBlockDeletion(83)) - Chosen 0/5000 blocks from 0 candidate containers.
2023-03-23 08:05:20,312 [BlockDeletingService#5] INFO  interfaces.ContainerDeletionChoosingPolicyTemplate (ContainerDeletionChoosingPolicyTemplate.java:chooseContainerForBlockDeletion(83)) - Chosen 0/5000 blocks from 0 candidate containers.
2023-03-23 08:05:20,312 [BlockDeletingService#2] INFO  interfaces.ContainerDeletionChoosingPolicyTemplate (ContainerDeletionChoosingPolicyTemplate.java:chooseContainerForBlockDeletion(83)) - Chosen 0/5000 blocks from 0 candidate containers.
2023-03-23 08:05:20,407 [BlockDeletingService#7] INFO  interfaces.ContainerDeletionChoosingPolicyTemplate (ContainerDeletionChoosingPolicyTemplate.java:chooseContainerForBlockDeletion(83)) - Chosen 0/5000 blocks from 0 candidate containers.
2023-03-23 08:05:20,412 [BlockDeletingService#5] INFO  interfaces.ContainerDeletionChoosingPolicyTemplate (ContainerDeletionChoosingPolicyTemplate.java:chooseContainerForBlockDeletion(83)) - Chosen 0/5000 blocks from 0 candidate containers.
2023-03-23 08:05:20,413 [BlockDeletingService#2] INFO  interfaces.ContainerDeletionChoosingPolicyTemplate (ContainerDeletionChoosingPolicyTemplate.java:chooseContainerForBlockDeletion(83)) - Chosen 0/5000 blocks from 0 candidate containers.
2023-03-23 08:05:20,507 [BlockDeletingService#7] INFO  interfaces.ContainerDeletionChoosingPolicyTemplate (ContainerDeletionChoosingPolicyTemplate.java:chooseContainerForBlockDeletion(83)) - Chosen 0/5000 blocks from 0 candidate containers.
2023-03-23 08:05:20,513 [BlockDeletingService#5] INFO  interfaces.ContainerDeletionChoosingPolicyTemplate (ContainerDeletionChoosingPolicyTemplate.java:chooseContainerForBlockDeletion(83)) - Chosen 0/5000 blocks from 0 candidate containers.
2023-03-23 08:05:20,513 [BlockDeletingService#2] INFO  interfaces.ContainerDeletionChoosingPolicyTemplate (ContainerDeletionChoosingPolicyTemplate.java:chooseContainerForBlockDeletion(83)) - Chosen 0/5000 blocks from 0 candidate containers.
2023-03-23 08:05:20,608 [BlockDeletingService#7] INFO  interfaces.ContainerDeletionChoosingPolicyTemplate (ContainerDeletionChoosingPolicyTemplate.java:chooseContainerForBlockDeletion(83)) - Chosen 0/5000 blocks from 0 candidate containers.
2023-03-23 08:05:20,613 [BlockDeletingService#5] INFO  interfaces.ContainerDeletionChoosingPolicyTemplate (ContainerDeletionChoosingPolicyTemplate.java:chooseContainerForBlockDeletion(83)) - Chosen 0/5000 blocks from 0 candidate containers.
2023-03-23 08:05:20,613 [BlockDeletingService#2] INFO  interfaces.ContainerDeletionChoosingPolicyTemplate (ContainerDeletionChoosingPolicyTemplate.java:chooseContainerForBlockDeletion(83)) - Chosen 0/5000 blocks from 0 candidate containers.
2023-03-23 08:05:20,708 [BlockDeletingService#7] INFO  interfaces.ContainerDeletionChoosingPolicyTemplate (ContainerDeletionChoosingPolicyTemplate.java:chooseContainerForBlockDeletion(83)) - Chosen 0/5000 blocks from 0 candidate containers.
2023-03-23 08:05:20,713 [BlockDeletingService#5] INFO  interfaces.ContainerDeletionChoosingPolicyTemplate (ContainerDeletionChoosingPolicyTemplate.java:chooseContainerForBlockDeletion(83)) - Chosen 0/5000 blocks from 0 candidate containers.
2023-03-23 08:05:20,713 [BlockDeletingService#2] INFO  interfaces.ContainerDeletionChoosingPolicyTemplate (ContainerDeletionChoosingPolicyTemplate.java:chooseContainerForBlockDeletion(83)) - Chosen 0/5000 blocks from 0 candidate containers.
2023-03-23 08:05:20,725 [Listener at 127.0.0.1/41453] INFO  ozone.MiniOzoneClusterImpl (MiniOzoneClusterImpl.java:lambda$waitForClusterToBeReady$0(222)) - Nodes are ready. Got 3 of 3 DN Heartbeats.
2023-03-23 08:05:20,725 [Listener at 127.0.0.1/41453] INFO  ozone.MiniOzoneClusterImpl (MiniOzoneClusterImpl.java:lambda$waitForClusterToBeReady$0(225)) - Waiting for cluster to exit safe mode
2023-03-23 08:05:20,725 [Listener at 127.0.0.1/41453] INFO  ozone.MiniOzoneClusterImpl (MiniOzoneClusterImpl.java:lambda$waitForClusterToBeReady$0(227)) - SCM became leader
2023-03-23 08:05:20,809 [BlockDeletingService#7] INFO  interfaces.ContainerDeletionChoosingPolicyTemplate (ContainerDeletionChoosingPolicyTemplate.java:chooseContainerForBlockDeletion(83)) - Chosen 0/5000 blocks from 0 candidate containers.
2023-03-23 08:05:20,813 [BlockDeletingService#5] INFO  interfaces.ContainerDeletionChoosingPolicyTemplate (ContainerDeletionChoosingPolicyTemplate.java:chooseContainerForBlockDeletion(83)) - Chosen 0/5000 blocks from 0 candidate containers.
2023-03-23 08:05:20,814 [BlockDeletingService#2] INFO  interfaces.ContainerDeletionChoosingPolicyTemplate (ContainerDeletionChoosingPolicyTemplate.java:chooseContainerForBlockDeletion(83)) - Chosen 0/5000 blocks from 0 candidate containers.
2023-03-23 08:05:20,909 [BlockDeletingService#7] INFO  interfaces.ContainerDeletionChoosingPolicyTemplate (ContainerDeletionChoosingPolicyTemplate.java:chooseContainerForBlockDeletion(83)) - Chosen 0/5000 blocks from 0 candidate containers.
2023-03-23 08:05:20,914 [BlockDeletingService#5] INFO  interfaces.ContainerDeletionChoosingPolicyTemplate (ContainerDeletionChoosingPolicyTemplate.java:chooseContainerForBlockDeletion(83)) - Chosen 0/5000 blocks from 0 candidate containers.
2023-03-23 08:05:20,914 [BlockDeletingService#2] INFO  interfaces.ContainerDeletionChoosingPolicyTemplate (ContainerDeletionChoosingPolicyTemplate.java:chooseContainerForBlockDeletion(83)) - Chosen 0/5000 blocks from 0 candidate containers.
2023-03-23 08:05:21,009 [BlockDeletingService#7] INFO  interfaces.ContainerDeletionChoosingPolicyTemplate (ContainerDeletionChoosingPolicyTemplate.java:chooseContainerForBlockDeletion(83)) - Chosen 0/5000 blocks from 0 candidate containers.
2023-03-23 08:05:21,014 [BlockDeletingService#5] INFO  interfaces.ContainerDeletionChoosingPolicyTemplate (ContainerDeletionChoosingPolicyTemplate.java:chooseContainerForBlockDeletion(83)) - Chosen 0/5000 blocks from 0 candidate containers.
2023-03-23 08:05:21,014 [BlockDeletingService#2] INFO  interfaces.ContainerDeletionChoosingPolicyTemplate (ContainerDeletionChoosingPolicyTemplate.java:chooseContainerForBlockDeletion(83)) - Chosen 0/5000 blocks from 0 candidate containers.
2023-03-23 08:05:21,110 [BlockDeletingService#7] INFO  interfaces.ContainerDeletionChoosingPolicyTemplate (ContainerDeletionChoosingPolicyTemplate.java:chooseContainerForBlockDeletion(83)) - Chosen 0/5000 blocks from 0 candidate containers.
2023-03-23 08:05:21,114 [BlockDeletingService#5] INFO  interfaces.ContainerDeletionChoosingPolicyTemplate (ContainerDeletionChoosingPolicyTemplate.java:chooseContainerForBlockDeletion(83)) - Chosen 0/5000 blocks from 0 candidate containers.
2023-03-23 08:05:21,114 [BlockDeletingService#2] INFO  interfaces.ContainerDeletionChoosingPolicyTemplate (ContainerDeletionChoosingPolicyTemplate.java:chooseContainerForBlockDeletion(83)) - Chosen 0/5000 blocks from 0 candidate containers.
2023-03-23 08:05:21,210 [BlockDeletingService#7] INFO  interfaces.ContainerDeletionChoosingPolicyTemplate (ContainerDeletionChoosingPolicyTemplate.java:chooseContainerForBlockDeletion(83)) - Chosen 0/5000 blocks from 0 candidate containers.
2023-03-23 08:05:21,215 [BlockDeletingService#5] INFO  interfaces.ContainerDeletionChoosingPolicyTemplate (ContainerDeletionChoosingPolicyTemplate.java:chooseContainerForBlockDeletion(83)) - Chosen 0/5000 blocks from 0 candidate containers.
2023-03-23 08:05:21,215 [BlockDeletingService#2] INFO  interfaces.ContainerDeletionChoosingPolicyTemplate (ContainerDeletionChoosingPolicyTemplate.java:chooseContainerForBlockDeletion(83)) - Chosen 0/5000 blocks from 0 candidate containers.
2023-03-23 08:05:21,310 [BlockDeletingService#7] INFO  interfaces.ContainerDeletionChoosingPolicyTemplate (ContainerDeletionChoosingPolicyTemplate.java:chooseContainerForBlockDeletion(83)) - Chosen 0/5000 blocks from 0 candidate containers.
2023-03-23 08:05:21,315 [BlockDeletingService#5] INFO  interfaces.ContainerDeletionChoosingPolicyTemplate (ContainerDeletionChoosingPolicyTemplate.java:chooseContainerForBlockDeletion(83)) - Chosen 0/5000 blocks from 0 candidate containers.
2023-03-23 08:05:21,315 [BlockDeletingService#2] INFO  interfaces.ContainerDeletionChoosingPolicyTemplate (ContainerDeletionChoosingPolicyTemplate.java:chooseContainerForBlockDeletion(83)) - Chosen 0/5000 blocks from 0 candidate containers.
2023-03-23 08:05:21,411 [BlockDeletingService#7] INFO  interfaces.ContainerDeletionChoosingPolicyTemplate (ContainerDeletionChoosingPolicyTemplate.java:chooseContainerForBlockDeletion(83)) - Chosen 0/5000 blocks from 0 candidate containers.
2023-03-23 08:05:21,415 [BlockDeletingService#5] INFO  interfaces.ContainerDeletionChoosingPolicyTemplate (ContainerDeletionChoosingPolicyTemplate.java:chooseContainerForBlockDeletion(83)) - Chosen 0/5000 blocks from 0 candidate containers.
2023-03-23 08:05:21,415 [BlockDeletingService#2] INFO  interfaces.ContainerDeletionChoosingPolicyTemplate (ContainerDeletionChoosingPolicyTemplate.java:chooseContainerForBlockDeletion(83)) - Chosen 0/5000 blocks from 0 candidate containers.
2023-03-23 08:05:21,511 [BlockDeletingService#7] INFO  interfaces.ContainerDeletionChoosingPolicyTemplate (ContainerDeletionChoosingPolicyTemplate.java:chooseContainerForBlockDeletion(83)) - Chosen 0/5000 blocks from 0 candidate containers.
2023-03-23 08:05:21,515 [BlockDeletingService#5] INFO  interfaces.ContainerDeletionChoosingPolicyTemplate (ContainerDeletionChoosingPolicyTemplate.java:chooseContainerForBlockDeletion(83)) - Chosen 0/5000 blocks from 0 candidate containers.
2023-03-23 08:05:21,515 [BlockDeletingService#2] INFO  interfaces.ContainerDeletionChoosingPolicyTemplate (ContainerDeletionChoosingPolicyTemplate.java:chooseContainerForBlockDeletion(83)) - Chosen 0/5000 blocks from 0 candidate containers.
2023-03-23 08:05:21,611 [BlockDeletingService#7] INFO  interfaces.ContainerDeletionChoosingPolicyTemplate (ContainerDeletionChoosingPolicyTemplate.java:chooseContainerForBlockDeletion(83)) - Chosen 0/5000 blocks from 0 candidate containers.
2023-03-23 08:05:21,616 [BlockDeletingService#5] INFO  interfaces.ContainerDeletionChoosingPolicyTemplate (ContainerDeletionChoosingPolicyTemplate.java:chooseContainerForBlockDeletion(83)) - Chosen 0/5000 blocks from 0 candidate containers.
2023-03-23 08:05:21,616 [BlockDeletingService#2] INFO  interfaces.ContainerDeletionChoosingPolicyTemplate (ContainerDeletionChoosingPolicyTemplate.java:chooseContainerForBlockDeletion(83)) - Chosen 0/5000 blocks from 0 candidate containers.
2023-03-23 08:05:21,711 [BlockDeletingService#7] INFO  interfaces.ContainerDeletionChoosingPolicyTemplate (ContainerDeletionChoosingPolicyTemplate.java:chooseContainerForBlockDeletion(83)) - Chosen 0/5000 blocks from 0 candidate containers.
2023-03-23 08:05:21,716 [BlockDeletingService#5] INFO  interfaces.ContainerDeletionChoosingPolicyTemplate (ContainerDeletionChoosingPolicyTemplate.java:chooseContainerForBlockDeletion(83)) - Chosen 0/5000 blocks from 0 candidate containers.
2023-03-23 08:05:21,716 [BlockDeletingService#2] INFO  interfaces.ContainerDeletionChoosingPolicyTemplate (ContainerDeletionChoosingPolicyTemplate.java:chooseContainerForBlockDeletion(83)) - Chosen 0/5000 blocks from 0 candidate containers.
2023-03-23 08:05:21,726 [Listener at 127.0.0.1/41453] INFO  ozone.MiniOzoneClusterImpl (MiniOzoneClusterImpl.java:lambda$waitForClusterToBeReady$0(222)) - Nodes are ready. Got 3 of 3 DN Heartbeats.
2023-03-23 08:05:21,726 [Listener at 127.0.0.1/41453] INFO  ozone.MiniOzoneClusterImpl (MiniOzoneClusterImpl.java:lambda$waitForClusterToBeReady$0(225)) - Waiting for cluster to exit safe mode
2023-03-23 08:05:21,726 [Listener at 127.0.0.1/41453] INFO  ozone.MiniOzoneClusterImpl (MiniOzoneClusterImpl.java:lambda$waitForClusterToBeReady$0(227)) - SCM became leader
2023-03-23 08:05:21,812 [BlockDeletingService#7] INFO  interfaces.ContainerDeletionChoosingPolicyTemplate (ContainerDeletionChoosingPolicyTemplate.java:chooseContainerForBlockDeletion(83)) - Chosen 0/5000 blocks from 0 candidate containers.
2023-03-23 08:05:21,816 [BlockDeletingService#5] INFO  interfaces.ContainerDeletionChoosingPolicyTemplate (ContainerDeletionChoosingPolicyTemplate.java:chooseContainerForBlockDeletion(83)) - Chosen 0/5000 blocks from 0 candidate containers.
2023-03-23 08:05:21,816 [BlockDeletingService#2] INFO  interfaces.ContainerDeletionChoosingPolicyTemplate (ContainerDeletionChoosingPolicyTemplate.java:chooseContainerForBlockDeletion(83)) - Chosen 0/5000 blocks from 0 candidate containers.
2023-03-23 08:05:21,844 [ec9f5457-0109-4da3-8559-48062aace451@group-73B28A97E70D-FollowerState] INFO  impl.FollowerState (FollowerState.java:run(143)) - ec9f5457-0109-4da3-8559-48062aace451@group-73B28A97E70D-FollowerState: change to CANDIDATE, lastRpcElapsedTime:5031857483ns, electionTimeout:5025ms
2023-03-23 08:05:21,844 [ec9f5457-0109-4da3-8559-48062aace451@group-73B28A97E70D-FollowerState] INFO  impl.RoleInfo (RoleInfo.java:shutdownFollowerState(110)) - ec9f5457-0109-4da3-8559-48062aace451: shutdown ec9f5457-0109-4da3-8559-48062aace451@group-73B28A97E70D-FollowerState
2023-03-23 08:05:21,844 [ec9f5457-0109-4da3-8559-48062aace451@group-73B28A97E70D-FollowerState] INFO  server.RaftServer$Division (RaftServerImpl.java:setRole(321)) - ec9f5457-0109-4da3-8559-48062aace451@group-73B28A97E70D: changes role from  FOLLOWER to CANDIDATE at term 0 for changeToCandidate
2023-03-23 08:05:21,845 [ec9f5457-0109-4da3-8559-48062aace451@group-73B28A97E70D-FollowerState] INFO  server.RaftServerConfigKeys (ConfUtils.java:logGet(46)) - raft.server.leaderelection.pre-vote = true (default)
2023-03-23 08:05:21,845 [ec9f5457-0109-4da3-8559-48062aace451@group-73B28A97E70D-FollowerState] INFO  impl.RoleInfo (RoleInfo.java:updateAndGet(139)) - ec9f5457-0109-4da3-8559-48062aace451: start ec9f5457-0109-4da3-8559-48062aace451@group-73B28A97E70D-LeaderElection2
2023-03-23 08:05:21,847 [ec9f5457-0109-4da3-8559-48062aace451@group-73B28A97E70D-LeaderElection2] INFO  impl.LeaderElection (LeaderElection.java:askForVotes(312)) - ec9f5457-0109-4da3-8559-48062aace451@group-73B28A97E70D-LeaderElection2 PRE_VOTE round 0: submit vote requests at term 0 for -1: peers:[ec9f5457-0109-4da3-8559-48062aace451|rpc:10.1.0.214:39213|dataStream:10.1.0.214:45841|priority:1|startupRole:FOLLOWER, 7171cd95-6b54-4876-a08e-c51c27c3dd43|rpc:10.1.0.214:35095|dataStream:10.1.0.214:35981|priority:0|startupRole:FOLLOWER, 82a30c81-a10a-4a6a-ae9d-f1f427ed9001|rpc:10.1.0.214:35887|dataStream:10.1.0.214:34443|priority:0|startupRole:FOLLOWER]|listeners:[], old=null
2023-03-23 08:05:21,852 [ec9f5457-0109-4da3-8559-48062aace451@group-73B28A97E70D-LeaderElection2] INFO  server.RaftServerConfigKeys (ConfUtils.java:logFallback(53)) - raft.server.rpc.first-election.timeout.min = 5s (fallback to raft.server.rpc.timeout.min)
2023-03-23 08:05:21,852 [ec9f5457-0109-4da3-8559-48062aace451@group-73B28A97E70D-LeaderElection2] INFO  server.RaftServerConfigKeys (ConfUtils.java:logFallback(53)) - raft.server.rpc.first-election.timeout.max = 5200ms (fallback to raft.server.rpc.timeout.max)
2023-03-23 08:05:21,852 [ec9f5457-0109-4da3-8559-48062aace451@group-73B28A97E70D-LeaderElection2-1] INFO  server.GrpcServerProtocolClient (GrpcServerProtocolClient.java:<init>(63)) - Build channel for 7171cd95-6b54-4876-a08e-c51c27c3dd43
2023-03-23 08:05:21,855 [ec9f5457-0109-4da3-8559-48062aace451@group-73B28A97E70D-LeaderElection2-2] INFO  server.GrpcServerProtocolClient (GrpcServerProtocolClient.java:<init>(63)) - Build channel for 82a30c81-a10a-4a6a-ae9d-f1f427ed9001
2023-03-23 08:05:21,879 [grpc-default-executor-0] INFO  server.RaftServer$Division (RaftServerImpl.java:requestVote(1218)) - 82a30c81-a10a-4a6a-ae9d-f1f427ed9001@group-73B28A97E70D: receive requestVote(PRE_VOTE, ec9f5457-0109-4da3-8559-48062aace451, group-73B28A97E70D, 0, (t:0, i:0))
2023-03-23 08:05:21,885 [grpc-default-executor-0] INFO  impl.VoteContext (VoteContext.java:log(49)) - 82a30c81-a10a-4a6a-ae9d-f1f427ed9001@group-73B28A97E70D-FOLLOWER: accept PRE_VOTE from ec9f5457-0109-4da3-8559-48062aace451: our priority 0 <= candidate's priority 1
2023-03-23 08:05:21,889 [grpc-default-executor-0] INFO  server.RaftServer$Division (RaftServerImpl.java:requestVote(1251)) - 82a30c81-a10a-4a6a-ae9d-f1f427ed9001@group-73B28A97E70D replies to PRE_VOTE vote request: ec9f5457-0109-4da3-8559-48062aace451<-82a30c81-a10a-4a6a-ae9d-f1f427ed9001#0:OK-t0. Peer's state: 82a30c81-a10a-4a6a-ae9d-f1f427ed9001@group-73B28A97E70D:t0, leader=null, voted=, raftlog=Memoized:82a30c81-a10a-4a6a-ae9d-f1f427ed9001@group-73B28A97E70D-SegmentedRaftLog:OPENED:c-1, conf=-1: peers:[ec9f5457-0109-4da3-8559-48062aace451|rpc:10.1.0.214:39213|dataStream:10.1.0.214:45841|priority:1|startupRole:FOLLOWER, 7171cd95-6b54-4876-a08e-c51c27c3dd43|rpc:10.1.0.214:35095|dataStream:10.1.0.214:35981|priority:0|startupRole:FOLLOWER, 82a30c81-a10a-4a6a-ae9d-f1f427ed9001|rpc:10.1.0.214:35887|dataStream:10.1.0.214:34443|priority:0|startupRole:FOLLOWER]|listeners:[], old=null
2023-03-23 08:05:21,896 [ec9f5457-0109-4da3-8559-48062aace451@group-73B28A97E70D-LeaderElection2] INFO  impl.LeaderElection (LeaderElection.java:logAndReturn(90)) - ec9f5457-0109-4da3-8559-48062aace451@group-73B28A97E70D-LeaderElection2: PRE_VOTE PASSED received 1 response(s) and 0 exception(s):
2023-03-23 08:05:21,896 [ec9f5457-0109-4da3-8559-48062aace451@group-73B28A97E70D-LeaderElection2] INFO  impl.LeaderElection (LeaderElection.java:logAndReturn(94)) -   Response 0: ec9f5457-0109-4da3-8559-48062aace451<-82a30c81-a10a-4a6a-ae9d-f1f427ed9001#0:OK-t0
2023-03-23 08:05:21,896 [ec9f5457-0109-4da3-8559-48062aace451@group-73B28A97E70D-LeaderElection2] INFO  impl.LeaderElection (LeaderElection.java:askForVotes(314)) - ec9f5457-0109-4da3-8559-48062aace451@group-73B28A97E70D-LeaderElection2 PRE_VOTE round 0: result PASSED
2023-03-23 08:05:21,898 [grpc-default-executor-1] INFO  server.RaftServer$Division (RaftServerImpl.java:requestVote(1218)) - 7171cd95-6b54-4876-a08e-c51c27c3dd43@group-73B28A97E70D: receive requestVote(PRE_VOTE, ec9f5457-0109-4da3-8559-48062aace451, group-73B28A97E70D, 0, (t:0, i:0))
2023-03-23 08:05:21,900 [ec9f5457-0109-4da3-8559-48062aace451@group-73B28A97E70D-LeaderElection2] INFO  impl.LeaderElection (LeaderElection.java:askForVotes(312)) - ec9f5457-0109-4da3-8559-48062aace451@group-73B28A97E70D-LeaderElection2 ELECTION round 0: submit vote requests at term 1 for -1: peers:[ec9f5457-0109-4da3-8559-48062aace451|rpc:10.1.0.214:39213|dataStream:10.1.0.214:45841|priority:1|startupRole:FOLLOWER, 7171cd95-6b54-4876-a08e-c51c27c3dd43|rpc:10.1.0.214:35095|dataStream:10.1.0.214:35981|priority:0|startupRole:FOLLOWER, 82a30c81-a10a-4a6a-ae9d-f1f427ed9001|rpc:10.1.0.214:35887|dataStream:10.1.0.214:34443|priority:0|startupRole:FOLLOWER]|listeners:[], old=null
2023-03-23 08:05:21,901 [grpc-default-executor-1] INFO  impl.VoteContext (VoteContext.java:log(49)) - 7171cd95-6b54-4876-a08e-c51c27c3dd43@group-73B28A97E70D-FOLLOWER: accept PRE_VOTE from ec9f5457-0109-4da3-8559-48062aace451: our priority 0 <= candidate's priority 1
2023-03-23 08:05:21,902 [grpc-default-executor-1] INFO  server.RaftServer$Division (RaftServerImpl.java:requestVote(1251)) - 7171cd95-6b54-4876-a08e-c51c27c3dd43@group-73B28A97E70D replies to PRE_VOTE vote request: ec9f5457-0109-4da3-8559-48062aace451<-7171cd95-6b54-4876-a08e-c51c27c3dd43#0:OK-t0. Peer's state: 7171cd95-6b54-4876-a08e-c51c27c3dd43@group-73B28A97E70D:t0, leader=null, voted=, raftlog=Memoized:7171cd95-6b54-4876-a08e-c51c27c3dd43@group-73B28A97E70D-SegmentedRaftLog:OPENED:c-1, conf=-1: peers:[ec9f5457-0109-4da3-8559-48062aace451|rpc:10.1.0.214:39213|dataStream:10.1.0.214:45841|priority:1|startupRole:FOLLOWER, 7171cd95-6b54-4876-a08e-c51c27c3dd43|rpc:10.1.0.214:35095|dataStream:10.1.0.214:35981|priority:0|startupRole:FOLLOWER, 82a30c81-a10a-4a6a-ae9d-f1f427ed9001|rpc:10.1.0.214:35887|dataStream:10.1.0.214:34443|priority:0|startupRole:FOLLOWER]|listeners:[], old=null
2023-03-23 08:05:21,912 [BlockDeletingService#7] INFO  interfaces.ContainerDeletionChoosingPolicyTemplate (ContainerDeletionChoosingPolicyTemplate.java:chooseContainerForBlockDeletion(83)) - Chosen 0/5000 blocks from 0 candidate containers.
2023-03-23 08:05:21,918 [BlockDeletingService#5] INFO  interfaces.ContainerDeletionChoosingPolicyTemplate (ContainerDeletionChoosingPolicyTemplate.java:chooseContainerForBlockDeletion(83)) - Chosen 0/5000 blocks from 0 candidate containers.
2023-03-23 08:05:21,917 [BlockDeletingService#2] INFO  interfaces.ContainerDeletionChoosingPolicyTemplate (ContainerDeletionChoosingPolicyTemplate.java:chooseContainerForBlockDeletion(83)) - Chosen 0/5000 blocks from 0 candidate containers.
2023-03-23 08:05:21,914 [ec9f5457-0109-4da3-8559-48062aace451@group-73B28A97E70D-LeaderElection2] INFO  server.RaftServerConfigKeys (ConfUtils.java:logFallback(53)) - raft.server.rpc.first-election.timeout.min = 5s (fallback to raft.server.rpc.timeout.min)
2023-03-23 08:05:21,919 [ec9f5457-0109-4da3-8559-48062aace451@group-73B28A97E70D-LeaderElection2] INFO  server.RaftServerConfigKeys (ConfUtils.java:logFallback(53)) - raft.server.rpc.first-election.timeout.max = 5200ms (fallback to raft.server.rpc.timeout.max)
2023-03-23 08:05:21,923 [grpc-default-executor-1] INFO  server.RaftServer$Division (RaftServerImpl.java:requestVote(1218)) - 82a30c81-a10a-4a6a-ae9d-f1f427ed9001@group-73B28A97E70D: receive requestVote(ELECTION, ec9f5457-0109-4da3-8559-48062aace451, group-73B28A97E70D, 1, (t:0, i:0))
2023-03-23 08:05:21,924 [grpc-default-executor-1] INFO  impl.VoteContext (VoteContext.java:log(49)) - 82a30c81-a10a-4a6a-ae9d-f1f427ed9001@group-73B28A97E70D-FOLLOWER: accept ELECTION from ec9f5457-0109-4da3-8559-48062aace451: our priority 0 <= candidate's priority 1
2023-03-23 08:05:21,925 [grpc-default-executor-0] INFO  server.RaftServer$Division (RaftServerImpl.java:requestVote(1218)) - 7171cd95-6b54-4876-a08e-c51c27c3dd43@group-73B28A97E70D: receive requestVote(ELECTION, ec9f5457-0109-4da3-8559-48062aace451, group-73B28A97E70D, 1, (t:0, i:0))
2023-03-23 08:05:21,925 [grpc-default-executor-1] INFO  server.RaftServer$Division (RaftServerImpl.java:setRole(321)) - 82a30c81-a10a-4a6a-ae9d-f1f427ed9001@group-73B28A97E70D: changes role from  FOLLOWER to FOLLOWER at term 1 for candidate:ec9f5457-0109-4da3-8559-48062aace451
2023-03-23 08:05:21,925 [grpc-default-executor-1] INFO  impl.RoleInfo (RoleInfo.java:shutdownFollowerState(110)) - 82a30c81-a10a-4a6a-ae9d-f1f427ed9001: shutdown 82a30c81-a10a-4a6a-ae9d-f1f427ed9001@group-73B28A97E70D-FollowerState
2023-03-23 08:05:21,925 [82a30c81-a10a-4a6a-ae9d-f1f427ed9001@group-73B28A97E70D-FollowerState] INFO  impl.FollowerState (FollowerState.java:run(152)) - 82a30c81-a10a-4a6a-ae9d-f1f427ed9001@group-73B28A97E70D-FollowerState was interrupted
2023-03-23 08:05:21,925 [grpc-default-executor-0] INFO  impl.VoteContext (VoteContext.java:log(49)) - 7171cd95-6b54-4876-a08e-c51c27c3dd43@group-73B28A97E70D-FOLLOWER: accept ELECTION from ec9f5457-0109-4da3-8559-48062aace451: our priority 0 <= candidate's priority 1
2023-03-23 08:05:21,925 [grpc-default-executor-1] INFO  impl.RoleInfo (RoleInfo.java:updateAndGet(139)) - 82a30c81-a10a-4a6a-ae9d-f1f427ed9001: start 82a30c81-a10a-4a6a-ae9d-f1f427ed9001@group-73B28A97E70D-FollowerState
2023-03-23 08:05:21,925 [grpc-default-executor-0] INFO  server.RaftServer$Division (RaftServerImpl.java:setRole(321)) - 7171cd95-6b54-4876-a08e-c51c27c3dd43@group-73B28A97E70D: changes role from  FOLLOWER to FOLLOWER at term 1 for candidate:ec9f5457-0109-4da3-8559-48062aace451
2023-03-23 08:05:21,926 [grpc-default-executor-0] INFO  impl.RoleInfo (RoleInfo.java:shutdownFollowerState(110)) - 7171cd95-6b54-4876-a08e-c51c27c3dd43: shutdown 7171cd95-6b54-4876-a08e-c51c27c3dd43@group-73B28A97E70D-FollowerState
2023-03-23 08:05:21,926 [7171cd95-6b54-4876-a08e-c51c27c3dd43@group-73B28A97E70D-FollowerState] INFO  impl.FollowerState (FollowerState.java:run(152)) - 7171cd95-6b54-4876-a08e-c51c27c3dd43@group-73B28A97E70D-FollowerState was interrupted
2023-03-23 08:05:21,926 [82a30c81-a10a-4a6a-ae9d-f1f427ed9001@group-73B28A97E70D-FollowerState] INFO  server.RaftServerConfigKeys (ConfUtils.java:logFallback(53)) - raft.server.rpc.first-election.timeout.min = 5s (fallback to raft.server.rpc.timeout.min)
2023-03-23 08:05:21,926 [82a30c81-a10a-4a6a-ae9d-f1f427ed9001@group-73B28A97E70D-FollowerState] INFO  server.RaftServerConfigKeys (ConfUtils.java:logFallback(53)) - raft.server.rpc.first-election.timeout.max = 5200ms (fallback to raft.server.rpc.timeout.max)
2023-03-23 08:05:21,928 [grpc-default-executor-1] INFO  server.RaftServer$Division (RaftServerImpl.java:requestVote(1251)) - 82a30c81-a10a-4a6a-ae9d-f1f427ed9001@group-73B28A97E70D replies to ELECTION vote request: ec9f5457-0109-4da3-8559-48062aace451<-82a30c81-a10a-4a6a-ae9d-f1f427ed9001#0:OK-t1. Peer's state: 82a30c81-a10a-4a6a-ae9d-f1f427ed9001@group-73B28A97E70D:t1, leader=null, voted=ec9f5457-0109-4da3-8559-48062aace451, raftlog=Memoized:82a30c81-a10a-4a6a-ae9d-f1f427ed9001@group-73B28A97E70D-SegmentedRaftLog:OPENED:c-1, conf=-1: peers:[ec9f5457-0109-4da3-8559-48062aace451|rpc:10.1.0.214:39213|dataStream:10.1.0.214:45841|priority:1|startupRole:FOLLOWER, 7171cd95-6b54-4876-a08e-c51c27c3dd43|rpc:10.1.0.214:35095|dataStream:10.1.0.214:35981|priority:0|startupRole:FOLLOWER, 82a30c81-a10a-4a6a-ae9d-f1f427ed9001|rpc:10.1.0.214:35887|dataStream:10.1.0.214:34443|priority:0|startupRole:FOLLOWER]|listeners:[], old=null
2023-03-23 08:05:21,932 [grpc-default-executor-0] INFO  impl.RoleInfo (RoleInfo.java:updateAndGet(139)) - 7171cd95-6b54-4876-a08e-c51c27c3dd43: start 7171cd95-6b54-4876-a08e-c51c27c3dd43@group-73B28A97E70D-FollowerState
2023-03-23 08:05:21,932 [ec9f5457-0109-4da3-8559-48062aace451@group-73B28A97E70D-LeaderElection2] INFO  impl.LeaderElection (LeaderElection.java:logAndReturn(90)) - ec9f5457-0109-4da3-8559-48062aace451@group-73B28A97E70D-LeaderElection2: ELECTION PASSED received 1 response(s) and 0 exception(s):
2023-03-23 08:05:21,934 [ec9f5457-0109-4da3-8559-48062aace451@group-73B28A97E70D-LeaderElection2] INFO  impl.LeaderElection (LeaderElection.java:logAndReturn(94)) -   Response 0: ec9f5457-0109-4da3-8559-48062aace451<-82a30c81-a10a-4a6a-ae9d-f1f427ed9001#0:OK-t1
2023-03-23 08:05:21,934 [ec9f5457-0109-4da3-8559-48062aace451@group-73B28A97E70D-LeaderElection2] INFO  impl.LeaderElection (LeaderElection.java:askForVotes(314)) - ec9f5457-0109-4da3-8559-48062aace451@group-73B28A97E70D-LeaderElection2 ELECTION round 0: result PASSED
2023-03-23 08:05:21,934 [ec9f5457-0109-4da3-8559-48062aace451@group-73B28A97E70D-LeaderElection2] INFO  impl.RoleInfo (RoleInfo.java:shutdownLeaderElection(130)) - ec9f5457-0109-4da3-8559-48062aace451: shutdown ec9f5457-0109-4da3-8559-48062aace451@group-73B28A97E70D-LeaderElection2
2023-03-23 08:05:21,935 [ec9f5457-0109-4da3-8559-48062aace451@group-73B28A97E70D-LeaderElection2] INFO  server.RaftServer$Division (RaftServerImpl.java:setRole(321)) - ec9f5457-0109-4da3-8559-48062aace451@group-73B28A97E70D: changes role from CANDIDATE to LEADER at term 1 for changeToLeader
2023-03-23 08:05:21,935 [ec9f5457-0109-4da3-8559-48062aace451@group-73B28A97E70D-LeaderElection2] INFO  ratis.XceiverServerRatis (XceiverServerRatis.java:handleLeaderChangedNotification(905)) - Leader change notification received for group: group-73B28A97E70D with new leaderId: ec9f5457-0109-4da3-8559-48062aace451
2023-03-23 08:05:21,935 [ec9f5457-0109-4da3-8559-48062aace451@group-73B28A97E70D-LeaderElection2] INFO  server.RaftServer$Division (ServerState.java:setLeader(313)) - ec9f5457-0109-4da3-8559-48062aace451@group-73B28A97E70D: change Leader from null to ec9f5457-0109-4da3-8559-48062aace451 at term 1 for becomeLeader, leader elected after 5150ms
2023-03-23 08:05:21,935 [ec9f5457-0109-4da3-8559-48062aace451@group-73B28A97E70D-LeaderElection2] INFO  server.RaftServerConfigKeys (ConfUtils.java:logGet(46)) - raft.server.staging.catchup.gap = 1000 (default)
2023-03-23 08:05:21,936 [ec9f5457-0109-4da3-8559-48062aace451@group-73B28A97E70D-LeaderElection2] INFO  server.RaftServerConfigKeys (ConfUtils.java:logGet(46)) - raft.server.write.element-limit = 1024 (custom)
2023-03-23 08:05:21,936 [ec9f5457-0109-4da3-8559-48062aace451@group-73B28A97E70D-LeaderElection2] INFO  server.RaftServerConfigKeys (ConfUtils.java:logGet(46)) - raft.server.write.byte-limit = 1024 M (=1073741824) (custom)
2023-03-23 08:05:21,936 [ec9f5457-0109-4da3-8559-48062aace451@group-73B28A97E70D-LeaderElection2] INFO  server.RaftServerConfigKeys (ConfUtils.java:logGet(46)) - raft.server.watch.timeout = 180s (custom)
2023-03-23 08:05:21,936 [ec9f5457-0109-4da3-8559-48062aace451@group-73B28A97E70D-LeaderElection2] INFO  server.RaftServerConfigKeys (ConfUtils.java:logGet(46)) - raft.server.watch.timeout.denomination = 1s (default)
2023-03-23 08:05:21,936 [ec9f5457-0109-4da3-8559-48062aace451@group-73B28A97E70D-LeaderElection2] INFO  server.RaftServerConfigKeys (ConfUtils.java:logGet(46)) - raft.server.watch.element-limit = 65536 (default)
2023-03-23 08:05:21,936 [ec9f5457-0109-4da3-8559-48062aace451@group-73B28A97E70D-LeaderElection2] INFO  server.RaftServerConfigKeys (ConfUtils.java:logGet(46)) - raft.server.write.element-limit = 1024 (custom)
2023-03-23 08:05:21,937 [ec9f5457-0109-4da3-8559-48062aace451@group-73B28A97E70D-LeaderElection2] INFO  server.RaftServerConfigKeys (ConfUtils.java:logGet(46)) - raft.server.write.follower.gap.ratio.max = -1.0 (default)
2023-03-23 08:05:21,941 [EventQueue-PipelineReportForPipelineReportHandler] INFO  pipeline.PipelineManagerImpl (PipelineManagerImpl.java:openPipeline(367)) - Pipeline Pipeline[ Id: 08a2e989-e49a-407a-8739-73b28a97e70d, Nodes: ec9f5457-0109-4da3-8559-48062aace451(fv-az105-497.wy5h1aom0jgehahef1oyr10hrc.bx.internal.cloudapp.net/10.1.0.214)82a30c81-a10a-4a6a-ae9d-f1f427ed9001(fv-az105-497.wy5h1aom0jgehahef1oyr10hrc.bx.internal.cloudapp.net/10.1.0.214)7171cd95-6b54-4876-a08e-c51c27c3dd43(fv-az105-497.wy5h1aom0jgehahef1oyr10hrc.bx.internal.cloudapp.net/10.1.0.214), ReplicationConfig: RATIS/THREE, State:ALLOCATED, leaderId:ec9f5457-0109-4da3-8559-48062aace451, CreationTimestamp2023-03-23T08:05:14.747Z[Etc/UTC]] moved to OPEN state
2023-03-23 08:05:21,943 [7171cd95-6b54-4876-a08e-c51c27c3dd43@group-73B28A97E70D-FollowerState] INFO  server.RaftServerConfigKeys (ConfUtils.java:logFallback(53)) - raft.server.rpc.first-election.timeout.min = 5s (fallback to raft.server.rpc.timeout.min)
2023-03-23 08:05:21,943 [7171cd95-6b54-4876-a08e-c51c27c3dd43@group-73B28A97E70D-FollowerState] INFO  server.RaftServerConfigKeys (ConfUtils.java:logFallback(53)) - raft.server.rpc.first-election.timeout.max = 5200ms (fallback to raft.server.rpc.timeout.max)
2023-03-23 08:05:21,943 [grpc-default-executor-0] INFO  server.RaftServer$Division (RaftServerImpl.java:requestVote(1251)) - 7171cd95-6b54-4876-a08e-c51c27c3dd43@group-73B28A97E70D replies to ELECTION vote request: ec9f5457-0109-4da3-8559-48062aace451<-7171cd95-6b54-4876-a08e-c51c27c3dd43#0:OK-t1. Peer's state: 7171cd95-6b54-4876-a08e-c51c27c3dd43@group-73B28A97E70D:t1, leader=null, voted=ec9f5457-0109-4da3-8559-48062aace451, raftlog=Memoized:7171cd95-6b54-4876-a08e-c51c27c3dd43@group-73B28A97E70D-SegmentedRaftLog:OPENED:c-1, conf=-1: peers:[ec9f5457-0109-4da3-8559-48062aace451|rpc:10.1.0.214:39213|dataStream:10.1.0.214:45841|priority:1|startupRole:FOLLOWER, 7171cd95-6b54-4876-a08e-c51c27c3dd43|rpc:10.1.0.214:35095|dataStream:10.1.0.214:35981|priority:0|startupRole:FOLLOWER, 82a30c81-a10a-4a6a-ae9d-f1f427ed9001|rpc:10.1.0.214:35887|dataStream:10.1.0.214:34443|priority:0|startupRole:FOLLOWER]|listeners:[], old=null
2023-03-23 08:05:21,954 [EventQueue-OpenPipelineForHealthyPipelineSafeModeRule] INFO  safemode.SCMSafeModeManager (HealthyPipelineSafeModeRule.java:process(137)) - SCM in safe mode. Healthy pipelines reported count is 1, required healthy pipeline reported count is 1
2023-03-23 08:05:21,954 [EventQueue-OpenPipelineForHealthyPipelineSafeModeRule] INFO  safemode.SCMSafeModeManager (SCMSafeModeManager.java:validateSafeModeExitRules(200)) - HealthyPipelineSafeModeRule rule is successfully validated
2023-03-23 08:05:21,954 [EventQueue-OpenPipelineForHealthyPipelineSafeModeRule] INFO  safemode.SCMSafeModeManager (SCMSafeModeManager.java:validateSafeModeExitRules(215)) - ScmSafeModeManager, all rules are successfully validated
2023-03-23 08:05:21,954 [EventQueue-OpenPipelineForHealthyPipelineSafeModeRule] INFO  safemode.SCMSafeModeManager (SCMSafeModeManager.java:exitSafeMode(244)) - SCM exiting safe mode.
2023-03-23 08:05:21,954 [EventQueue-OpenPipelineForHealthyPipelineSafeModeRule] INFO  ha.SCMContext (SCMContext.java:updateSafeModeStatus(228)) - Update SafeModeStatus from SafeModeStatus{safeModeStatus=true, preCheckPassed=true} to SafeModeStatus{safeModeStatus=false, preCheckPassed=true}.
2023-03-23 08:05:21,954 [EventQueue-OpenPipelineForHealthyPipelineSafeModeRule] INFO  pipeline.BackgroundPipelineCreator (BackgroundPipelineCreator.java:notifyStatusChanged(254)) - Service BackgroundPipelineCreator transitions to RUNNING.
2023-03-23 08:05:21,954 [EventQueue-OpenPipelineForHealthyPipelineSafeModeRule] INFO  BackgroundPipelineScrubber (BackgroundSCMService.java:notifyStatusChanged(82)) - Service BackgroundPipelineScrubber transitions to RUNNING.
2023-03-23 08:05:21,954 [EventQueue-OpenPipelineForHealthyPipelineSafeModeRule] INFO  ExpiredContainerReplicaOpScrubber (BackgroundSCMService.java:notifyStatusChanged(82)) - Service ExpiredContainerReplicaOpScrubber transitions to RUNNING.
2023-03-23 08:05:21,954 [EventQueue-OpenPipelineForHealthyPipelineSafeModeRule] INFO  replication.ReplicationManager (ReplicationManager.java:notifyStatusChanged(1265)) - Service ReplicationManager transitions to RUNNING.
2023-03-23 08:05:21,956 [ec9f5457-0109-4da3-8559-48062aace451@group-73B28A97E70D-LeaderElection2] INFO  server.RaftServerConfigKeys (ConfUtils.java:logGet(46)) - raft.server.log.appender.snapshot.chunk.size.max = 16MB (=16777216) (default)
2023-03-23 08:05:21,957 [ec9f5457-0109-4da3-8559-48062aace451@group-73B28A97E70D-LeaderElection2] INFO  server.RaftServerConfigKeys (ConfUtils.java:logGet(46)) - raft.server.log.appender.buffer.byte-limit = 33554432 (custom)
2023-03-23 08:05:21,958 [ec9f5457-0109-4da3-8559-48062aace451@group-73B28A97E70D-LeaderElection2] INFO  server.RaftServerConfigKeys (ConfUtils.java:logGet(46)) - raft.server.log.appender.buffer.element-limit = 1 (custom)
2023-03-23 08:05:21,963 [ec9f5457-0109-4da3-8559-48062aace451@group-73B28A97E70D-LeaderElection2] INFO  grpc.GrpcConfigKeys (ConfUtils.java:logGet(46)) - raft.grpc.server.leader.outstanding.appends.max = 128 (default)
2023-03-23 08:05:21,963 [ec9f5457-0109-4da3-8559-48062aace451@group-73B28A97E70D-LeaderElection2] INFO  server.RaftServerConfigKeys (ConfUtils.java:logGet(46)) - raft.server.rpc.request.timeout = 60s (custom)
2023-03-23 08:05:21,963 [ec9f5457-0109-4da3-8559-48062aace451@group-73B28A97E70D-LeaderElection2] INFO  server.RaftServerConfigKeys (ConfUtils.java:logGet(46)) - raft.server.log.appender.install.snapshot.enabled = false (custom)
2023-03-23 08:05:21,963 [ec9f5457-0109-4da3-8559-48062aace451@group-73B28A97E70D-LeaderElection2] INFO  grpc.GrpcConfigKeys (ConfUtils.java:logGet(46)) - raft.grpc.server.heartbeat.channel = true (default)
2023-03-23 08:05:21,963 [ec9f5457-0109-4da3-8559-48062aace451@group-73B28A97E70D-LeaderElection2] INFO  server.RaftServerConfigKeys (ConfUtils.java:logGet(46)) - raft.server.log.appender.wait-time.min = 10ms (default)
2023-03-23 08:05:21,963 [EventQueue-OpenPipelineForHealthyPipelineSafeModeRule] WARN  balancer.ContainerBalancer (ContainerBalancer.java:shouldRun(131)) - Could not find persisted configuration for ContainerBalancer when checking if ContainerBalancer should run. ContainerBalancer should not run now.
2023-03-23 08:05:21,966 [ec9f5457-0109-4da3-8559-48062aace451@group-73B28A97E70D-LeaderElection2] INFO  server.RaftServerConfigKeys (ConfUtils.java:logGet(46)) - raft.server.log.appender.snapshot.chunk.size.max = 16MB (=16777216) (default)
2023-03-23 08:05:21,966 [ec9f5457-0109-4da3-8559-48062aace451@group-73B28A97E70D-LeaderElection2] INFO  server.RaftServerConfigKeys (ConfUtils.java:logGet(46)) - raft.server.log.appender.buffer.byte-limit = 33554432 (custom)
2023-03-23 08:05:21,966 [ec9f5457-0109-4da3-8559-48062aace451@group-73B28A97E70D-LeaderElection2] INFO  server.RaftServerConfigKeys (ConfUtils.java:logGet(46)) - raft.server.log.appender.buffer.element-limit = 1 (custom)
2023-03-23 08:05:21,966 [ec9f5457-0109-4da3-8559-48062aace451@group-73B28A97E70D-LeaderElection2] INFO  grpc.GrpcConfigKeys (ConfUtils.java:logGet(46)) - raft.grpc.server.leader.outstanding.appends.max = 128 (default)
2023-03-23 08:05:21,966 [ec9f5457-0109-4da3-8559-48062aace451@group-73B28A97E70D-LeaderElection2] INFO  server.RaftServerConfigKeys (ConfUtils.java:logGet(46)) - raft.server.rpc.request.timeout = 60s (custom)
2023-03-23 08:05:21,966 [ec9f5457-0109-4da3-8559-48062aace451@group-73B28A97E70D-LeaderElection2] INFO  server.RaftServerConfigKeys (ConfUtils.java:logGet(46)) - raft.server.log.appender.install.snapshot.enabled = false (custom)
2023-03-23 08:05:21,966 [ec9f5457-0109-4da3-8559-48062aace451@group-73B28A97E70D-LeaderElection2] INFO  grpc.GrpcConfigKeys (ConfUtils.java:logGet(46)) - raft.grpc.server.heartbeat.channel = true (default)
2023-03-23 08:05:21,966 [ec9f5457-0109-4da3-8559-48062aace451@group-73B28A97E70D-LeaderElection2] INFO  server.RaftServerConfigKeys (ConfUtils.java:logGet(46)) - raft.server.log.appender.wait-time.min = 10ms (default)
2023-03-23 08:05:21,968 [ec9f5457-0109-4da3-8559-48062aace451@group-73B28A97E70D-LeaderElection2] INFO  impl.RoleInfo (RoleInfo.java:updateAndGet(139)) - ec9f5457-0109-4da3-8559-48062aace451: start ec9f5457-0109-4da3-8559-48062aace451@group-73B28A97E70D-LeaderStateImpl
2023-03-23 08:05:21,968 [ec9f5457-0109-4da3-8559-48062aace451@group-73B28A97E70D-LeaderElection2] INFO  segmented.SegmentedRaftLogWorker (SegmentedRaftLogWorker.java:startLogSegment(452)) - ec9f5457-0109-4da3-8559-48062aace451@group-73B28A97E70D-SegmentedRaftLogWorker: Starting segment from index:0
2023-03-23 08:05:21,973 [ec9f5457-0109-4da3-8559-48062aace451@group-73B28A97E70D-SegmentedRaftLogWorker] INFO  segmented.SegmentedRaftLogWorker (SegmentedRaftLogWorker.java:execute(656)) - ec9f5457-0109-4da3-8559-48062aace451@group-73B28A97E70D-SegmentedRaftLogWorker: created new log segment /home/runner/work/ozone/ozone/hadoop-ozone/integration-test/target/test-dir/MiniOzoneClusterImpl-2db357e6-2bf9-484c-8f04-13a4732d1f27/datanode-0/data/ratis/08a2e989-e49a-407a-8739-73b28a97e70d/current/log_inprogress_0
2023-03-23 08:05:21,978 [ec9f5457-0109-4da3-8559-48062aace451@group-73B28A97E70D-LeaderElection2] INFO  server.RaftServer$Division (ServerState.java:setRaftConf(430)) - ec9f5457-0109-4da3-8559-48062aace451@group-73B28A97E70D: set configuration 0: peers:[ec9f5457-0109-4da3-8559-48062aace451|rpc:10.1.0.214:39213|dataStream:10.1.0.214:45841|priority:1|startupRole:FOLLOWER, 7171cd95-6b54-4876-a08e-c51c27c3dd43|rpc:10.1.0.214:35095|dataStream:10.1.0.214:35981|priority:0|startupRole:FOLLOWER, 82a30c81-a10a-4a6a-ae9d-f1f427ed9001|rpc:10.1.0.214:35887|dataStream:10.1.0.214:34443|priority:0|startupRole:FOLLOWER]|listeners:[], old=null
2023-03-23 08:05:22,010 [SCMBlockDeletingService#0] DEBUG block.SCMBlockDeletingService (SCMBlockDeletingService.java:call(136)) - Running DeletedBlockTransactionScanner
2023-03-23 08:05:22,019 [BlockDeletingService#5] INFO  interfaces.ContainerDeletionChoosingPolicyTemplate (ContainerDeletionChoosingPolicyTemplate.java:chooseContainerForBlockDeletion(83)) - Chosen 0/5000 blocks from 0 candidate containers.
2023-03-23 08:05:22,021 [BlockDeletingService#7] INFO  interfaces.ContainerDeletionChoosingPolicyTemplate (ContainerDeletionChoosingPolicyTemplate.java:chooseContainerForBlockDeletion(83)) - Chosen 0/5000 blocks from 0 candidate containers.
2023-03-23 08:05:22,019 [BlockDeletingService#2] INFO  interfaces.ContainerDeletionChoosingPolicyTemplate (ContainerDeletionChoosingPolicyTemplate.java:chooseContainerForBlockDeletion(83)) - Chosen 0/5000 blocks from 0 candidate containers.
2023-03-23 08:05:22,052 [82a30c81-a10a-4a6a-ae9d-f1f427ed9001-server-thread1] INFO  ratis.XceiverServerRatis (XceiverServerRatis.java:handleLeaderChangedNotification(905)) - Leader change notification received for group: group-73B28A97E70D with new leaderId: ec9f5457-0109-4da3-8559-48062aace451
2023-03-23 08:05:22,052 [82a30c81-a10a-4a6a-ae9d-f1f427ed9001-server-thread1] INFO  server.RaftServer$Division (ServerState.java:setLeader(313)) - 82a30c81-a10a-4a6a-ae9d-f1f427ed9001@group-73B28A97E70D: change Leader from null to ec9f5457-0109-4da3-8559-48062aace451 at term 1 for appendEntries, leader elected after 4764ms
2023-03-23 08:05:22,054 [7171cd95-6b54-4876-a08e-c51c27c3dd43-server-thread1] INFO  ratis.XceiverServerRatis (XceiverServerRatis.java:handleLeaderChangedNotification(905)) - Leader change notification received for group: group-73B28A97E70D with new leaderId: ec9f5457-0109-4da3-8559-48062aace451
2023-03-23 08:05:22,054 [7171cd95-6b54-4876-a08e-c51c27c3dd43-server-thread1] INFO  server.RaftServer$Division (ServerState.java:setLeader(313)) - 7171cd95-6b54-4876-a08e-c51c27c3dd43@group-73B28A97E70D: change Leader from null to ec9f5457-0109-4da3-8559-48062aace451 at term 1 for appendEntries, leader elected after 4614ms
2023-03-23 08:05:22,063 [82a30c81-a10a-4a6a-ae9d-f1f427ed9001-server-thread1] INFO  server.RaftServer$Division (ServerState.java:setRaftConf(430)) - 82a30c81-a10a-4a6a-ae9d-f1f427ed9001@group-73B28A97E70D: set configuration 0: peers:[ec9f5457-0109-4da3-8559-48062aace451|rpc:10.1.0.214:39213|dataStream:10.1.0.214:45841|priority:1|startupRole:FOLLOWER, 7171cd95-6b54-4876-a08e-c51c27c3dd43|rpc:10.1.0.214:35095|dataStream:10.1.0.214:35981|priority:0|startupRole:FOLLOWER, 82a30c81-a10a-4a6a-ae9d-f1f427ed9001|rpc:10.1.0.214:35887|dataStream:10.1.0.214:34443|priority:0|startupRole:FOLLOWER]|listeners:[], old=null
2023-03-23 08:05:22,064 [82a30c81-a10a-4a6a-ae9d-f1f427ed9001-server-thread1] INFO  segmented.SegmentedRaftLogWorker (SegmentedRaftLogWorker.java:startLogSegment(452)) - 82a30c81-a10a-4a6a-ae9d-f1f427ed9001@group-73B28A97E70D-SegmentedRaftLogWorker: Starting segment from index:0
2023-03-23 08:05:22,065 [7171cd95-6b54-4876-a08e-c51c27c3dd43-server-thread1] INFO  server.RaftServer$Division (ServerState.java:setRaftConf(430)) - 7171cd95-6b54-4876-a08e-c51c27c3dd43@group-73B28A97E70D: set configuration 0: peers:[ec9f5457-0109-4da3-8559-48062aace451|rpc:10.1.0.214:39213|dataStream:10.1.0.214:45841|priority:1|startupRole:FOLLOWER, 7171cd95-6b54-4876-a08e-c51c27c3dd43|rpc:10.1.0.214:35095|dataStream:10.1.0.214:35981|priority:0|startupRole:FOLLOWER, 82a30c81-a10a-4a6a-ae9d-f1f427ed9001|rpc:10.1.0.214:35887|dataStream:10.1.0.214:34443|priority:0|startupRole:FOLLOWER]|listeners:[], old=null
2023-03-23 08:05:22,072 [7171cd95-6b54-4876-a08e-c51c27c3dd43-server-thread1] INFO  segmented.SegmentedRaftLogWorker (SegmentedRaftLogWorker.java:startLogSegment(452)) - 7171cd95-6b54-4876-a08e-c51c27c3dd43@group-73B28A97E70D-SegmentedRaftLogWorker: Starting segment from index:0
2023-03-23 08:05:22,066 [82a30c81-a10a-4a6a-ae9d-f1f427ed9001@group-73B28A97E70D-SegmentedRaftLogWorker] INFO  segmented.SegmentedRaftLogWorker (SegmentedRaftLogWorker.java:execute(656)) - 82a30c81-a10a-4a6a-ae9d-f1f427ed9001@group-73B28A97E70D-SegmentedRaftLogWorker: created new log segment /home/runner/work/ozone/ozone/hadoop-ozone/integration-test/target/test-dir/MiniOzoneClusterImpl-2db357e6-2bf9-484c-8f04-13a4732d1f27/datanode-1/data/ratis/08a2e989-e49a-407a-8739-73b28a97e70d/current/log_inprogress_0
2023-03-23 08:05:22,076 [7171cd95-6b54-4876-a08e-c51c27c3dd43@group-73B28A97E70D-SegmentedRaftLogWorker] INFO  segmented.SegmentedRaftLogWorker (SegmentedRaftLogWorker.java:execute(656)) - 7171cd95-6b54-4876-a08e-c51c27c3dd43@group-73B28A97E70D-SegmentedRaftLogWorker: created new log segment /home/runner/work/ozone/ozone/hadoop-ozone/integration-test/target/test-dir/MiniOzoneClusterImpl-2db357e6-2bf9-484c-8f04-13a4732d1f27/datanode-2/data/ratis/08a2e989-e49a-407a-8739-73b28a97e70d/current/log_inprogress_0
2023-03-23 08:05:22,110 [SCMBlockDeletingService#0] DEBUG block.SCMBlockDeletingService (SCMBlockDeletingService.java:call(136)) - Running DeletedBlockTransactionScanner
2023-03-23 08:05:22,123 [BlockDeletingService#5] INFO  interfaces.ContainerDeletionChoosingPolicyTemplate (ContainerDeletionChoosingPolicyTemplate.java:chooseContainerForBlockDeletion(83)) - Chosen 0/5000 blocks from 0 candidate containers.
2023-03-23 08:05:22,123 [BlockDeletingService#7] INFO  interfaces.ContainerDeletionChoosingPolicyTemplate (ContainerDeletionChoosingPolicyTemplate.java:chooseContainerForBlockDeletion(83)) - Chosen 0/5000 blocks from 0 candidate containers.
2023-03-23 08:05:22,123 [BlockDeletingService#2] INFO  interfaces.ContainerDeletionChoosingPolicyTemplate (ContainerDeletionChoosingPolicyTemplate.java:chooseContainerForBlockDeletion(83)) - Chosen 0/5000 blocks from 0 candidate containers.
2023-03-23 08:05:22,210 [SCMBlockDeletingService#0] DEBUG block.SCMBlockDeletingService (SCMBlockDeletingService.java:call(136)) - Running DeletedBlockTransactionScanner
2023-03-23 08:05:22,223 [BlockDeletingService#5] INFO  interfaces.ContainerDeletionChoosingPolicyTemplate (ContainerDeletionChoosingPolicyTemplate.java:chooseContainerForBlockDeletion(83)) - Chosen 0/5000 blocks from 0 candidate containers.
2023-03-23 08:05:22,224 [BlockDeletingService#7] INFO  interfaces.ContainerDeletionChoosingPolicyTemplate (ContainerDeletionChoosingPolicyTemplate.java:chooseContainerForBlockDeletion(83)) - Chosen 0/5000 blocks from 0 candidate containers.
2023-03-23 08:05:22,224 [BlockDeletingService#2] INFO  interfaces.ContainerDeletionChoosingPolicyTemplate (ContainerDeletionChoosingPolicyTemplate.java:chooseContainerForBlockDeletion(83)) - Chosen 0/5000 blocks from 0 candidate containers.
2023-03-23 08:05:22,310 [SCMBlockDeletingService#0] DEBUG block.SCMBlockDeletingService (SCMBlockDeletingService.java:call(136)) - Running DeletedBlockTransactionScanner
2023-03-23 08:05:22,324 [BlockDeletingService#5] INFO  interfaces.ContainerDeletionChoosingPolicyTemplate (ContainerDeletionChoosingPolicyTemplate.java:chooseContainerForBlockDeletion(83)) - Chosen 0/5000 blocks from 0 candidate containers.
2023-03-23 08:05:22,324 [BlockDeletingService#7] INFO  interfaces.ContainerDeletionChoosingPolicyTemplate (ContainerDeletionChoosingPolicyTemplate.java:chooseContainerForBlockDeletion(83)) - Chosen 0/5000 blocks from 0 candidate containers.
2023-03-23 08:05:22,324 [BlockDeletingService#2] INFO  interfaces.ContainerDeletionChoosingPolicyTemplate (ContainerDeletionChoosingPolicyTemplate.java:chooseContainerForBlockDeletion(83)) - Chosen 0/5000 blocks from 0 candidate containers.
2023-03-23 08:05:22,410 [SCMBlockDeletingService#0] DEBUG block.SCMBlockDeletingService (SCMBlockDeletingService.java:call(136)) - Running DeletedBlockTransactionScanner
2023-03-23 08:05:22,424 [BlockDeletingService#5] INFO  interfaces.ContainerDeletionChoosingPolicyTemplate (ContainerDeletionChoosingPolicyTemplate.java:chooseContainerForBlockDeletion(83)) - Chosen 0/5000 blocks from 0 candidate containers.
2023-03-23 08:05:22,424 [BlockDeletingService#7] INFO  interfaces.ContainerDeletionChoosingPolicyTemplate (ContainerDeletionChoosingPolicyTemplate.java:chooseContainerForBlockDeletion(83)) - Chosen 0/5000 blocks from 0 candidate containers.
2023-03-23 08:05:22,424 [BlockDeletingService#2] INFO  interfaces.ContainerDeletionChoosingPolicyTemplate (ContainerDeletionChoosingPolicyTemplate.java:chooseContainerForBlockDeletion(83)) - Chosen 0/5000 blocks from 0 candidate containers.
2023-03-23 08:05:22,510 [SCMBlockDeletingService#0] DEBUG block.SCMBlockDeletingService (SCMBlockDeletingService.java:call(136)) - Running DeletedBlockTransactionScanner
2023-03-23 08:05:22,524 [BlockDeletingService#5] INFO  interfaces.ContainerDeletionChoosingPolicyTemplate (ContainerDeletionChoosingPolicyTemplate.java:chooseContainerForBlockDeletion(83)) - Chosen 0/5000 blocks from 0 candidate containers.
2023-03-23 08:05:22,524 [BlockDeletingService#7] INFO  interfaces.ContainerDeletionChoosingPolicyTemplate (ContainerDeletionChoosingPolicyTemplate.java:chooseContainerForBlockDeletion(83)) - Chosen 0/5000 blocks from 0 candidate containers.
2023-03-23 08:05:22,524 [BlockDeletingService#2] INFO  interfaces.ContainerDeletionChoosingPolicyTemplate (ContainerDeletionChoosingPolicyTemplate.java:chooseContainerForBlockDeletion(83)) - Chosen 0/5000 blocks from 0 candidate containers.
2023-03-23 08:05:22,610 [SCMBlockDeletingService#0] DEBUG block.SCMBlockDeletingService (SCMBlockDeletingService.java:call(136)) - Running DeletedBlockTransactionScanner
2023-03-23 08:05:22,624 [BlockDeletingService#5] INFO  interfaces.ContainerDeletionChoosingPolicyTemplate (ContainerDeletionChoosingPolicyTemplate.java:chooseContainerForBlockDeletion(83)) - Chosen 0/5000 blocks from 0 candidate containers.
2023-03-23 08:05:22,625 [BlockDeletingService#7] INFO  interfaces.ContainerDeletionChoosingPolicyTemplate (ContainerDeletionChoosingPolicyTemplate.java:chooseContainerForBlockDeletion(83)) - Chosen 0/5000 blocks from 0 candidate containers.
2023-03-23 08:05:22,625 [BlockDeletingService#2] INFO  interfaces.ContainerDeletionChoosingPolicyTemplate (ContainerDeletionChoosingPolicyTemplate.java:chooseContainerForBlockDeletion(83)) - Chosen 0/5000 blocks from 0 candidate containers.
2023-03-23 08:05:22,710 [SCMBlockDeletingService#0] DEBUG block.SCMBlockDeletingService (SCMBlockDeletingService.java:call(136)) - Running DeletedBlockTransactionScanner
2023-03-23 08:05:22,725 [BlockDeletingService#5] INFO  interfaces.ContainerDeletionChoosingPolicyTemplate (ContainerDeletionChoosingPolicyTemplate.java:chooseContainerForBlockDeletion(83)) - Chosen 0/5000 blocks from 0 candidate containers.
2023-03-23 08:05:22,725 [BlockDeletingService#2] INFO  interfaces.ContainerDeletionChoosingPolicyTemplate (ContainerDeletionChoosingPolicyTemplate.java:chooseContainerForBlockDeletion(83)) - Chosen 0/5000 blocks from 0 candidate containers.
2023-03-23 08:05:22,725 [BlockDeletingService#7] INFO  interfaces.ContainerDeletionChoosingPolicyTemplate (ContainerDeletionChoosingPolicyTemplate.java:chooseContainerForBlockDeletion(83)) - Chosen 0/5000 blocks from 0 candidate containers.
2023-03-23 08:05:22,726 [Listener at 127.0.0.1/41453] INFO  ozone.MiniOzoneClusterImpl (MiniOzoneClusterImpl.java:lambda$waitForClusterToBeReady$0(222)) - Nodes are ready. Got 3 of 3 DN Heartbeats.
2023-03-23 08:05:22,726 [Listener at 127.0.0.1/41453] INFO  ozone.MiniOzoneClusterImpl (MiniOzoneClusterImpl.java:lambda$waitForClusterToBeReady$0(225)) - Cluster exits safe mode
2023-03-23 08:05:22,726 [Listener at 127.0.0.1/41453] INFO  ozone.MiniOzoneClusterImpl (MiniOzoneClusterImpl.java:lambda$waitForClusterToBeReady$0(227)) - SCM became leader
2023-03-23 08:05:22,810 [SCMBlockDeletingService#0] DEBUG block.SCMBlockDeletingService (SCMBlockDeletingService.java:call(136)) - Running DeletedBlockTransactionScanner
2023-03-23 08:05:22,825 [BlockDeletingService#5] INFO  interfaces.ContainerDeletionChoosingPolicyTemplate (ContainerDeletionChoosingPolicyTemplate.java:chooseContainerForBlockDeletion(83)) - Chosen 0/5000 blocks from 0 candidate containers.
2023-03-23 08:05:22,825 [BlockDeletingService#7] INFO  interfaces.ContainerDeletionChoosingPolicyTemplate (ContainerDeletionChoosingPolicyTemplate.java:chooseContainerForBlockDeletion(83)) - Chosen 0/5000 blocks from 0 candidate containers.
2023-03-23 08:05:22,825 [BlockDeletingService#2] INFO  interfaces.ContainerDeletionChoosingPolicyTemplate (ContainerDeletionChoosingPolicyTemplate.java:chooseContainerForBlockDeletion(83)) - Chosen 0/5000 blocks from 0 candidate containers.
2023-03-23 08:05:22,910 [SCMBlockDeletingService#0] DEBUG block.SCMBlockDeletingService (SCMBlockDeletingService.java:call(136)) - Running DeletedBlockTransactionScanner
2023-03-23 08:05:22,925 [BlockDeletingService#5] INFO  interfaces.ContainerDeletionChoosingPolicyTemplate (ContainerDeletionChoosingPolicyTemplate.java:chooseContainerForBlockDeletion(83)) - Chosen 0/5000 blocks from 0 candidate containers.
2023-03-23 08:05:22,926 [BlockDeletingService#7] INFO  interfaces.ContainerDeletionChoosingPolicyTemplate (ContainerDeletionChoosingPolicyTemplate.java:chooseContainerForBlockDeletion(83)) - Chosen 0/5000 blocks from 0 candidate containers.
2023-03-23 08:05:22,926 [BlockDeletingService#2] INFO  interfaces.ContainerDeletionChoosingPolicyTemplate (ContainerDeletionChoosingPolicyTemplate.java:chooseContainerForBlockDeletion(83)) - Chosen 0/5000 blocks from 0 candidate containers.
2023-03-23 08:05:23,011 [SCMBlockDeletingService#0] DEBUG block.SCMBlockDeletingService (SCMBlockDeletingService.java:call(136)) - Running DeletedBlockTransactionScanner
2023-03-23 08:05:23,026 [BlockDeletingService#5] INFO  interfaces.ContainerDeletionChoosingPolicyTemplate (ContainerDeletionChoosingPolicyTemplate.java:chooseContainerForBlockDeletion(83)) - Chosen 0/5000 blocks from 0 candidate containers.
2023-03-23 08:05:23,026 [BlockDeletingService#2] INFO  interfaces.ContainerDeletionChoosingPolicyTemplate (ContainerDeletionChoosingPolicyTemplate.java:chooseContainerForBlockDeletion(83)) - Chosen 0/5000 blocks from 0 candidate containers.
2023-03-23 08:05:23,026 [BlockDeletingService#7] INFO  interfaces.ContainerDeletionChoosingPolicyTemplate (ContainerDeletionChoosingPolicyTemplate.java:chooseContainerForBlockDeletion(83)) - Chosen 0/5000 blocks from 0 candidate containers.
2023-03-23 08:05:23,111 [SCMBlockDeletingService#0] DEBUG block.SCMBlockDeletingService (SCMBlockDeletingService.java:call(136)) - Running DeletedBlockTransactionScanner
2023-03-23 08:05:23,126 [BlockDeletingService#5] INFO  interfaces.ContainerDeletionChoosingPolicyTemplate (ContainerDeletionChoosingPolicyTemplate.java:chooseContainerForBlockDeletion(83)) - Chosen 0/5000 blocks from 0 candidate containers.
2023-03-23 08:05:23,126 [BlockDeletingService#2] INFO  interfaces.ContainerDeletionChoosingPolicyTemplate (ContainerDeletionChoosingPolicyTemplate.java:chooseContainerForBlockDeletion(83)) - Chosen 0/5000 blocks from 0 candidate containers.
2023-03-23 08:05:23,126 [BlockDeletingService#7] INFO  interfaces.ContainerDeletionChoosingPolicyTemplate (ContainerDeletionChoosingPolicyTemplate.java:chooseContainerForBlockDeletion(83)) - Chosen 0/5000 blocks from 0 candidate containers.
2023-03-23 08:05:23,211 [SCMBlockDeletingService#0] DEBUG block.SCMBlockDeletingService (SCMBlockDeletingService.java:call(136)) - Running DeletedBlockTransactionScanner
2023-03-23 08:05:23,226 [BlockDeletingService#5] INFO  interfaces.ContainerDeletionChoosingPolicyTemplate (ContainerDeletionChoosingPolicyTemplate.java:chooseContainerForBlockDeletion(83)) - Chosen 0/5000 blocks from 0 candidate containers.
2023-03-23 08:05:23,226 [BlockDeletingService#2] INFO  interfaces.ContainerDeletionChoosingPolicyTemplate (ContainerDeletionChoosingPolicyTemplate.java:chooseContainerForBlockDeletion(83)) - Chosen 0/5000 blocks from 0 candidate containers.
2023-03-23 08:05:23,227 [BlockDeletingService#7] INFO  interfaces.ContainerDeletionChoosingPolicyTemplate (ContainerDeletionChoosingPolicyTemplate.java:chooseContainerForBlockDeletion(83)) - Chosen 0/5000 blocks from 0 candidate containers.
2023-03-23 08:05:23,255 [Listener at 127.0.0.1/41453] INFO  rpc.RpcClient (RpcClient.java:createVolume(476)) - Creating Volume: bcb50239-4d77-4ecf-b73b-c95e8fc2005f, with runner as owner and space quota set to -1 bytes, counts quota set to -1
2023-03-23 08:05:23,311 [SCMBlockDeletingService#0] DEBUG block.SCMBlockDeletingService (SCMBlockDeletingService.java:call(136)) - Running DeletedBlockTransactionScanner
2023-03-23 08:05:23,322 [OM StateMachine ApplyTransaction Thread - 0] INFO  volume.OMVolumeCreateRequest (OMVolumeCreateRequest.java:validateAndUpdateCache(195)) - created volume:bcb50239-4d77-4ecf-b73b-c95e8fc2005f for user:runner
2023-03-23 08:05:23,327 [BlockDeletingService#5] INFO  interfaces.ContainerDeletionChoosingPolicyTemplate (ContainerDeletionChoosingPolicyTemplate.java:chooseContainerForBlockDeletion(83)) - Chosen 0/5000 blocks from 0 candidate containers.
2023-03-23 08:05:23,327 [BlockDeletingService#2] INFO  interfaces.ContainerDeletionChoosingPolicyTemplate (ContainerDeletionChoosingPolicyTemplate.java:chooseContainerForBlockDeletion(83)) - Chosen 0/5000 blocks from 0 candidate containers.
2023-03-23 08:05:23,327 [BlockDeletingService#7] INFO  interfaces.ContainerDeletionChoosingPolicyTemplate (ContainerDeletionChoosingPolicyTemplate.java:chooseContainerForBlockDeletion(83)) - Chosen 0/5000 blocks from 0 candidate containers.
2023-03-23 08:05:23,346 [Listener at 127.0.0.1/41453] INFO  rpc.RpcClient (RpcClient.java:createBucket(698)) - Creating Bucket: bcb50239-4d77-4ecf-b73b-c95e8fc2005f/8b18c766-dc77-4054-8488-d7a784c67ed9, with server-side default bucket layout, runner as owner, Versioning false, Storage Type set to DISK and Encryption set to false, Replication Type set to server-side default replication type, Namespace Quota set to -1, Space Quota set to -1 
2023-03-23 08:05:23,363 [OM StateMachine ApplyTransaction Thread - 0] INFO  bucket.OMBucketCreateRequest (OMBucketCreateRequest.java:validateAndUpdateCache(263)) - created bucket: 8b18c766-dc77-4054-8488-d7a784c67ed9 of layout FILE_SYSTEM_OPTIMIZED in volume: bcb50239-4d77-4ecf-b73b-c95e8fc2005f
2023-03-23 08:05:23,411 [SCMBlockDeletingService#0] DEBUG block.SCMBlockDeletingService (SCMBlockDeletingService.java:call(136)) - Running DeletedBlockTransactionScanner
2023-03-23 08:05:23,425 [IPC Server handler 0 on default port 34677] INFO  ha.SequenceIdGenerator (SequenceIdGenerator.java:getNextId(128)) - Allocate a batch for containerId, change lastId from 0 to 1000.
2023-03-23 08:05:23,427 [BlockDeletingService#5] INFO  interfaces.ContainerDeletionChoosingPolicyTemplate (ContainerDeletionChoosingPolicyTemplate.java:chooseContainerForBlockDeletion(83)) - Chosen 0/5000 blocks from 0 candidate containers.
2023-03-23 08:05:23,427 [BlockDeletingService#2] INFO  interfaces.ContainerDeletionChoosingPolicyTemplate (ContainerDeletionChoosingPolicyTemplate.java:chooseContainerForBlockDeletion(83)) - Chosen 0/5000 blocks from 0 candidate containers.
2023-03-23 08:05:23,427 [BlockDeletingService#7] INFO  interfaces.ContainerDeletionChoosingPolicyTemplate (ContainerDeletionChoosingPolicyTemplate.java:chooseContainerForBlockDeletion(83)) - Chosen 0/5000 blocks from 0 candidate containers.
2023-03-23 08:05:23,438 [IPC Server handler 0 on default port 34677] WARN  ha.SequenceIdGenerator (SequenceIdGenerator.java:allocateBatch(237)) - Failed to allocate a batch for localId, expected lastId is 0, actual lastId is 111677748019200000.
2023-03-23 08:05:23,439 [IPC Server handler 0 on default port 34677] INFO  ha.SequenceIdGenerator (SequenceIdGenerator.java:getNextId(128)) - Allocate a batch for localId, change lastId from 111677748019200000 to 111677748019201000.
2023-03-23 08:05:23,511 [SCMBlockDeletingService#0] DEBUG block.SCMBlockDeletingService (SCMBlockDeletingService.java:call(136)) - Running DeletedBlockTransactionScanner
2023-03-23 08:05:23,527 [BlockDeletingService#5] INFO  interfaces.ContainerDeletionChoosingPolicyTemplate (ContainerDeletionChoosingPolicyTemplate.java:chooseContainerForBlockDeletion(83)) - Chosen 0/5000 blocks from 0 candidate containers.
2023-03-23 08:05:23,527 [BlockDeletingService#2] INFO  interfaces.ContainerDeletionChoosingPolicyTemplate (ContainerDeletionChoosingPolicyTemplate.java:chooseContainerForBlockDeletion(83)) - Chosen 0/5000 blocks from 0 candidate containers.
2023-03-23 08:05:23,527 [BlockDeletingService#7] INFO  interfaces.ContainerDeletionChoosingPolicyTemplate (ContainerDeletionChoosingPolicyTemplate.java:chooseContainerForBlockDeletion(83)) - Chosen 0/5000 blocks from 0 candidate containers.
2023-03-23 08:05:23,546 [Listener at 127.0.0.1/41453] INFO  impl.MetricsSystemImpl (MetricsSystemImpl.java:init(158)) - XceiverClientMetrics metrics system started (again)
2023-03-23 08:05:23,611 [SCMBlockDeletingService#0] DEBUG block.SCMBlockDeletingService (SCMBlockDeletingService.java:call(136)) - Running DeletedBlockTransactionScanner
2023-03-23 08:05:23,628 [BlockDeletingService#5] INFO  interfaces.ContainerDeletionChoosingPolicyTemplate (ContainerDeletionChoosingPolicyTemplate.java:chooseContainerForBlockDeletion(83)) - Chosen 0/5000 blocks from 0 candidate containers.
2023-03-23 08:05:23,628 [BlockDeletingService#2] INFO  interfaces.ContainerDeletionChoosingPolicyTemplate (ContainerDeletionChoosingPolicyTemplate.java:chooseContainerForBlockDeletion(83)) - Chosen 0/5000 blocks from 0 candidate containers.
2023-03-23 08:05:23,628 [BlockDeletingService#7] INFO  interfaces.ContainerDeletionChoosingPolicyTemplate (ContainerDeletionChoosingPolicyTemplate.java:chooseContainerForBlockDeletion(83)) - Chosen 0/5000 blocks from 0 candidate containers.
2023-03-23 08:05:23,711 [SCMBlockDeletingService#0] DEBUG block.SCMBlockDeletingService (SCMBlockDeletingService.java:call(136)) - Running DeletedBlockTransactionScanner
2023-03-23 08:05:23,728 [BlockDeletingService#5] INFO  interfaces.ContainerDeletionChoosingPolicyTemplate (ContainerDeletionChoosingPolicyTemplate.java:chooseContainerForBlockDeletion(83)) - Chosen 0/5000 blocks from 0 candidate containers.
2023-03-23 08:05:23,728 [BlockDeletingService#2] INFO  interfaces.ContainerDeletionChoosingPolicyTemplate (ContainerDeletionChoosingPolicyTemplate.java:chooseContainerForBlockDeletion(83)) - Chosen 0/5000 blocks from 0 candidate containers.
2023-03-23 08:05:23,728 [BlockDeletingService#7] INFO  interfaces.ContainerDeletionChoosingPolicyTemplate (ContainerDeletionChoosingPolicyTemplate.java:chooseContainerForBlockDeletion(83)) - Chosen 0/5000 blocks from 0 candidate containers.
2023-03-23 08:05:23,811 [SCMBlockDeletingService#0] DEBUG block.SCMBlockDeletingService (SCMBlockDeletingService.java:call(136)) - Running DeletedBlockTransactionScanner
2023-03-23 08:05:23,829 [BlockDeletingService#5] INFO  interfaces.ContainerDeletionChoosingPolicyTemplate (ContainerDeletionChoosingPolicyTemplate.java:chooseContainerForBlockDeletion(83)) - Chosen 0/5000 blocks from 0 candidate containers.
2023-03-23 08:05:23,829 [BlockDeletingService#2] INFO  interfaces.ContainerDeletionChoosingPolicyTemplate (ContainerDeletionChoosingPolicyTemplate.java:chooseContainerForBlockDeletion(83)) - Chosen 0/5000 blocks from 0 candidate containers.
2023-03-23 08:05:23,829 [BlockDeletingService#7] INFO  interfaces.ContainerDeletionChoosingPolicyTemplate (ContainerDeletionChoosingPolicyTemplate.java:chooseContainerForBlockDeletion(83)) - Chosen 0/5000 blocks from 0 candidate containers.
2023-03-23 08:05:23,911 [SCMBlockDeletingService#0] DEBUG block.SCMBlockDeletingService (SCMBlockDeletingService.java:call(136)) - Running DeletedBlockTransactionScanner
2023-03-23 08:05:23,929 [BlockDeletingService#5] INFO  interfaces.ContainerDeletionChoosingPolicyTemplate (ContainerDeletionChoosingPolicyTemplate.java:chooseContainerForBlockDeletion(83)) - Chosen 0/5000 blocks from 0 candidate containers.
2023-03-23 08:05:23,929 [BlockDeletingService#2] INFO  interfaces.ContainerDeletionChoosingPolicyTemplate (ContainerDeletionChoosingPolicyTemplate.java:chooseContainerForBlockDeletion(83)) - Chosen 0/5000 blocks from 0 candidate containers.
2023-03-23 08:05:23,929 [BlockDeletingService#7] INFO  interfaces.ContainerDeletionChoosingPolicyTemplate (ContainerDeletionChoosingPolicyTemplate.java:chooseContainerForBlockDeletion(83)) - Chosen 0/5000 blocks from 0 candidate containers.
2023-03-23 08:05:24,012 [SCMBlockDeletingService#0] DEBUG block.SCMBlockDeletingService (SCMBlockDeletingService.java:call(136)) - Running DeletedBlockTransactionScanner
2023-03-23 08:05:24,031 [BlockDeletingService#5] INFO  interfaces.ContainerDeletionChoosingPolicyTemplate (ContainerDeletionChoosingPolicyTemplate.java:chooseContainerForBlockDeletion(83)) - Chosen 0/5000 blocks from 0 candidate containers.
2023-03-23 08:05:24,031 [BlockDeletingService#2] INFO  interfaces.ContainerDeletionChoosingPolicyTemplate (ContainerDeletionChoosingPolicyTemplate.java:chooseContainerForBlockDeletion(83)) - Chosen 0/5000 blocks from 0 candidate containers.
2023-03-23 08:05:24,031 [BlockDeletingService#7] INFO  interfaces.ContainerDeletionChoosingPolicyTemplate (ContainerDeletionChoosingPolicyTemplate.java:chooseContainerForBlockDeletion(83)) - Chosen 0/5000 blocks from 0 candidate containers.
2023-03-23 08:05:24,112 [SCMBlockDeletingService#0] DEBUG block.SCMBlockDeletingService (SCMBlockDeletingService.java:call(136)) - Running DeletedBlockTransactionScanner
2023-03-23 08:05:24,131 [BlockDeletingService#5] INFO  interfaces.ContainerDeletionChoosingPolicyTemplate (ContainerDeletionChoosingPolicyTemplate.java:chooseContainerForBlockDeletion(83)) - Chosen 0/5000 blocks from 0 candidate containers.
2023-03-23 08:05:24,132 [BlockDeletingService#2] INFO  interfaces.ContainerDeletionChoosingPolicyTemplate (ContainerDeletionChoosingPolicyTemplate.java:chooseContainerForBlockDeletion(83)) - Chosen 0/5000 blocks from 0 candidate containers.
2023-03-23 08:05:24,132 [BlockDeletingService#7] INFO  interfaces.ContainerDeletionChoosingPolicyTemplate (ContainerDeletionChoosingPolicyTemplate.java:chooseContainerForBlockDeletion(83)) - Chosen 0/5000 blocks from 0 candidate containers.
2023-03-23 08:05:24,216 [SCMBlockDeletingService#0] DEBUG block.SCMBlockDeletingService (SCMBlockDeletingService.java:call(136)) - Running DeletedBlockTransactionScanner
2023-03-23 08:05:24,232 [BlockDeletingService#5] INFO  interfaces.ContainerDeletionChoosingPolicyTemplate (ContainerDeletionChoosingPolicyTemplate.java:chooseContainerForBlockDeletion(83)) - Chosen 0/5000 blocks from 0 candidate containers.
2023-03-23 08:05:24,232 [BlockDeletingService#2] INFO  interfaces.ContainerDeletionChoosingPolicyTemplate (ContainerDeletionChoosingPolicyTemplate.java:chooseContainerForBlockDeletion(83)) - Chosen 0/5000 blocks from 0 candidate containers.
2023-03-23 08:05:24,232 [BlockDeletingService#7] INFO  interfaces.ContainerDeletionChoosingPolicyTemplate (ContainerDeletionChoosingPolicyTemplate.java:chooseContainerForBlockDeletion(83)) - Chosen 0/5000 blocks from 0 candidate containers.
2023-03-23 08:05:24,322 [SCMBlockDeletingService#0] DEBUG block.SCMBlockDeletingService (SCMBlockDeletingService.java:call(136)) - Running DeletedBlockTransactionScanner
2023-03-23 08:05:24,332 [BlockDeletingService#5] INFO  interfaces.ContainerDeletionChoosingPolicyTemplate (ContainerDeletionChoosingPolicyTemplate.java:chooseContainerForBlockDeletion(83)) - Chosen 0/5000 blocks from 0 candidate containers.
2023-03-23 08:05:24,332 [BlockDeletingService#2] INFO  interfaces.ContainerDeletionChoosingPolicyTemplate (ContainerDeletionChoosingPolicyTemplate.java:chooseContainerForBlockDeletion(83)) - Chosen 0/5000 blocks from 0 candidate containers.
2023-03-23 08:05:24,332 [BlockDeletingService#7] INFO  interfaces.ContainerDeletionChoosingPolicyTemplate (ContainerDeletionChoosingPolicyTemplate.java:chooseContainerForBlockDeletion(83)) - Chosen 0/5000 blocks from 0 candidate containers.
2023-03-23 08:05:24,423 [SCMBlockDeletingService#0] DEBUG block.SCMBlockDeletingService (SCMBlockDeletingService.java:call(136)) - Running DeletedBlockTransactionScanner
2023-03-23 08:05:24,432 [BlockDeletingService#5] INFO  interfaces.ContainerDeletionChoosingPolicyTemplate (ContainerDeletionChoosingPolicyTemplate.java:chooseContainerForBlockDeletion(83)) - Chosen 0/5000 blocks from 0 candidate containers.
2023-03-23 08:05:24,432 [BlockDeletingService#2] INFO  interfaces.ContainerDeletionChoosingPolicyTemplate (ContainerDeletionChoosingPolicyTemplate.java:chooseContainerForBlockDeletion(83)) - Chosen 0/5000 blocks from 0 candidate containers.
2023-03-23 08:05:24,433 [BlockDeletingService#7] INFO  interfaces.ContainerDeletionChoosingPolicyTemplate (ContainerDeletionChoosingPolicyTemplate.java:chooseContainerForBlockDeletion(83)) - Chosen 0/5000 blocks from 0 candidate containers.
2023-03-23 08:05:24,523 [SCMBlockDeletingService#0] DEBUG block.SCMBlockDeletingService (SCMBlockDeletingService.java:call(136)) - Running DeletedBlockTransactionScanner
2023-03-23 08:05:24,533 [BlockDeletingService#7] INFO  interfaces.ContainerDeletionChoosingPolicyTemplate (ContainerDeletionChoosingPolicyTemplate.java:chooseContainerForBlockDeletion(83)) - Chosen 0/5000 blocks from 0 candidate containers.
2023-03-23 08:05:24,534 [BlockDeletingService#2] INFO  interfaces.ContainerDeletionChoosingPolicyTemplate (ContainerDeletionChoosingPolicyTemplate.java:chooseContainerForBlockDeletion(83)) - Chosen 0/5000 blocks from 0 candidate containers.
2023-03-23 08:05:24,534 [BlockDeletingService#5] INFO  interfaces.ContainerDeletionChoosingPolicyTemplate (ContainerDeletionChoosingPolicyTemplate.java:chooseContainerForBlockDeletion(83)) - Chosen 0/5000 blocks from 0 candidate containers.
2023-03-23 08:05:24,618 [EventQueue-CloseContainerForCloseContainerEventHandler] INFO  container.CloseContainerEventHandler (CloseContainerEventHandler.java:onMessage(78)) - Close container Event triggered for container : #1, current state: OPEN
2023-03-23 08:05:24,623 [SCMBlockDeletingService#0] DEBUG block.SCMBlockDeletingService (SCMBlockDeletingService.java:call(136)) - Running DeletedBlockTransactionScanner
2023-03-23 08:05:24,623 [EventQueue-CloseContainerForCloseContainerEventHandler] INFO  container.CloseContainerEventHandler (CloseContainerEventHandler.java:onMessage(78)) - Close container Event triggered for container : #2, current state: OPEN
2023-03-23 08:05:24,626 [EventQueue-CloseContainerForCloseContainerEventHandler] INFO  container.CloseContainerEventHandler (CloseContainerEventHandler.java:onMessage(78)) - Close container Event triggered for container : #3, current state: OPEN
2023-03-23 08:05:24,627 [EventQueue-CloseContainerForCloseContainerEventHandler] INFO  container.CloseContainerEventHandler (CloseContainerEventHandler.java:onMessage(78)) - Close container Event triggered for container : #4, current state: OPEN
2023-03-23 08:05:24,628 [EventQueue-CloseContainerForCloseContainerEventHandler] INFO  container.CloseContainerEventHandler (CloseContainerEventHandler.java:onMessage(78)) - Close container Event triggered for container : #5, current state: OPEN
2023-03-23 08:05:24,629 [EventQueue-CloseContainerForCloseContainerEventHandler] INFO  container.CloseContainerEventHandler (CloseContainerEventHandler.java:onMessage(78)) - Close container Event triggered for container : #6, current state: OPEN
2023-03-23 08:05:24,630 [EventQueue-CloseContainerForCloseContainerEventHandler] INFO  container.CloseContainerEventHandler (CloseContainerEventHandler.java:onMessage(78)) - Close container Event triggered for container : #7, current state: OPEN
2023-03-23 08:05:24,632 [EventQueue-CloseContainerForCloseContainerEventHandler] INFO  container.CloseContainerEventHandler (CloseContainerEventHandler.java:onMessage(78)) - Close container Event triggered for container : #8, current state: OPEN
2023-03-23 08:05:24,633 [EventQueue-CloseContainerForCloseContainerEventHandler] INFO  container.CloseContainerEventHandler (CloseContainerEventHandler.java:onMessage(78)) - Close container Event triggered for container : #9, current state: OPEN
2023-03-23 08:05:24,634 [BlockDeletingService#5] INFO  interfaces.ContainerDeletionChoosingPolicyTemplate (ContainerDeletionChoosingPolicyTemplate.java:chooseContainerForBlockDeletion(83)) - Chosen 0/5000 blocks from 0 candidate containers.
2023-03-23 08:05:24,634 [BlockDeletingService#2] INFO  interfaces.ContainerDeletionChoosingPolicyTemplate (ContainerDeletionChoosingPolicyTemplate.java:chooseContainerForBlockDeletion(83)) - Chosen 0/5000 blocks from 0 candidate containers.
2023-03-23 08:05:24,634 [BlockDeletingService#7] INFO  interfaces.ContainerDeletionChoosingPolicyTemplate (ContainerDeletionChoosingPolicyTemplate.java:chooseContainerForBlockDeletion(83)) - Chosen 0/5000 blocks from 0 candidate containers.
2023-03-23 08:05:24,635 [EventQueue-CloseContainerForCloseContainerEventHandler] INFO  container.CloseContainerEventHandler (CloseContainerEventHandler.java:onMessage(78)) - Close container Event triggered for container : #10, current state: OPEN
2023-03-23 08:05:24,723 [SCMBlockDeletingService#0] DEBUG block.SCMBlockDeletingService (SCMBlockDeletingService.java:call(136)) - Running DeletedBlockTransactionScanner
2023-03-23 08:05:24,735 [BlockDeletingService#5] INFO  interfaces.ContainerDeletionChoosingPolicyTemplate (ContainerDeletionChoosingPolicyTemplate.java:chooseContainerForBlockDeletion(83)) - Chosen 0/5000 blocks from 0 candidate containers.
2023-03-23 08:05:24,735 [BlockDeletingService#2] INFO  interfaces.ContainerDeletionChoosingPolicyTemplate (ContainerDeletionChoosingPolicyTemplate.java:chooseContainerForBlockDeletion(83)) - Chosen 0/5000 blocks from 0 candidate containers.
2023-03-23 08:05:24,735 [BlockDeletingService#7] INFO  interfaces.ContainerDeletionChoosingPolicyTemplate (ContainerDeletionChoosingPolicyTemplate.java:chooseContainerForBlockDeletion(83)) - Chosen 0/5000 blocks from 0 candidate containers.
2023-03-23 08:05:24,823 [SCMBlockDeletingService#0] DEBUG block.SCMBlockDeletingService (SCMBlockDeletingService.java:call(136)) - Running DeletedBlockTransactionScanner
2023-03-23 08:05:24,835 [BlockDeletingService#5] INFO  interfaces.ContainerDeletionChoosingPolicyTemplate (ContainerDeletionChoosingPolicyTemplate.java:chooseContainerForBlockDeletion(83)) - Chosen 0/5000 blocks from 0 candidate containers.
2023-03-23 08:05:24,835 [BlockDeletingService#2] INFO  interfaces.ContainerDeletionChoosingPolicyTemplate (ContainerDeletionChoosingPolicyTemplate.java:chooseContainerForBlockDeletion(83)) - Chosen 0/5000 blocks from 0 candidate containers.
2023-03-23 08:05:24,835 [BlockDeletingService#7] INFO  interfaces.ContainerDeletionChoosingPolicyTemplate (ContainerDeletionChoosingPolicyTemplate.java:chooseContainerForBlockDeletion(83)) - Chosen 0/5000 blocks from 0 candidate containers.
2023-03-23 08:05:24,923 [SCMBlockDeletingService#0] DEBUG block.SCMBlockDeletingService (SCMBlockDeletingService.java:call(136)) - Running DeletedBlockTransactionScanner
2023-03-23 08:05:24,935 [BlockDeletingService#5] INFO  interfaces.ContainerDeletionChoosingPolicyTemplate (ContainerDeletionChoosingPolicyTemplate.java:chooseContainerForBlockDeletion(83)) - Chosen 0/5000 blocks from 0 candidate containers.
2023-03-23 08:05:24,936 [BlockDeletingService#2] INFO  interfaces.ContainerDeletionChoosingPolicyTemplate (ContainerDeletionChoosingPolicyTemplate.java:chooseContainerForBlockDeletion(83)) - Chosen 0/5000 blocks from 0 candidate containers.
2023-03-23 08:05:24,936 [BlockDeletingService#7] INFO  interfaces.ContainerDeletionChoosingPolicyTemplate (ContainerDeletionChoosingPolicyTemplate.java:chooseContainerForBlockDeletion(83)) - Chosen 0/5000 blocks from 0 candidate containers.
2023-03-23 08:05:25,023 [SCMBlockDeletingService#0] DEBUG block.SCMBlockDeletingService (SCMBlockDeletingService.java:call(136)) - Running DeletedBlockTransactionScanner
2023-03-23 08:05:25,036 [BlockDeletingService#5] INFO  interfaces.ContainerDeletionChoosingPolicyTemplate (ContainerDeletionChoosingPolicyTemplate.java:chooseContainerForBlockDeletion(83)) - Chosen 0/5000 blocks from 0 candidate containers.
2023-03-23 08:05:25,036 [BlockDeletingService#7] INFO  interfaces.ContainerDeletionChoosingPolicyTemplate (ContainerDeletionChoosingPolicyTemplate.java:chooseContainerForBlockDeletion(83)) - Chosen 0/5000 blocks from 0 candidate containers.
2023-03-23 08:05:25,036 [BlockDeletingService#2] INFO  interfaces.ContainerDeletionChoosingPolicyTemplate (ContainerDeletionChoosingPolicyTemplate.java:chooseContainerForBlockDeletion(83)) - Chosen 0/5000 blocks from 0 candidate containers.
2023-03-23 08:05:25,123 [SCMBlockDeletingService#0] DEBUG block.SCMBlockDeletingService (SCMBlockDeletingService.java:call(136)) - Running DeletedBlockTransactionScanner
2023-03-23 08:05:25,136 [BlockDeletingService#5] INFO  interfaces.ContainerDeletionChoosingPolicyTemplate (ContainerDeletionChoosingPolicyTemplate.java:chooseContainerForBlockDeletion(83)) - Chosen 0/5000 blocks from 0 candidate containers.
2023-03-23 08:05:25,136 [BlockDeletingService#7] INFO  interfaces.ContainerDeletionChoosingPolicyTemplate (ContainerDeletionChoosingPolicyTemplate.java:chooseContainerForBlockDeletion(83)) - Chosen 0/5000 blocks from 0 candidate containers.
2023-03-23 08:05:25,136 [BlockDeletingService#2] INFO  interfaces.ContainerDeletionChoosingPolicyTemplate (ContainerDeletionChoosingPolicyTemplate.java:chooseContainerForBlockDeletion(83)) - Chosen 0/5000 blocks from 0 candidate containers.
2023-03-23 08:05:25,223 [SCMBlockDeletingService#0] DEBUG block.SCMBlockDeletingService (SCMBlockDeletingService.java:call(136)) - Running DeletedBlockTransactionScanner
2023-03-23 08:05:25,236 [BlockDeletingService#5] INFO  interfaces.ContainerDeletionChoosingPolicyTemplate (ContainerDeletionChoosingPolicyTemplate.java:chooseContainerForBlockDeletion(83)) - Chosen 0/5000 blocks from 0 candidate containers.
2023-03-23 08:05:25,237 [BlockDeletingService#7] INFO  interfaces.ContainerDeletionChoosingPolicyTemplate (ContainerDeletionChoosingPolicyTemplate.java:chooseContainerForBlockDeletion(83)) - Chosen 0/5000 blocks from 0 candidate containers.
2023-03-23 08:05:25,237 [BlockDeletingService#2] INFO  interfaces.ContainerDeletionChoosingPolicyTemplate (ContainerDeletionChoosingPolicyTemplate.java:chooseContainerForBlockDeletion(83)) - Chosen 0/5000 blocks from 0 candidate containers.
2023-03-23 08:05:25,324 [SCMBlockDeletingService#0] DEBUG block.SCMBlockDeletingService (SCMBlockDeletingService.java:call(136)) - Running DeletedBlockTransactionScanner
2023-03-23 08:05:25,335 [ContainerOp-08a2e989-e49a-407a-8739-73b28a97e70d-0] INFO  keyvalue.KeyValueContainer (KeyValueContainer.java:flushAndSyncDB(446)) - Container 1 is synced with bcsId 2.
2023-03-23 08:05:25,335 [ContainerOp-08a2e989-e49a-407a-8739-73b28a97e70d-0] INFO  keyvalue.KeyValueContainer (KeyValueContainer.java:flushAndSyncDB(446)) - Container 1 is synced with bcsId 2.
2023-03-23 08:05:25,337 [BlockDeletingService#5] INFO  interfaces.ContainerDeletionChoosingPolicyTemplate (ContainerDeletionChoosingPolicyTemplate.java:chooseContainerForBlockDeletion(83)) - Chosen 0/5000 blocks from 0 candidate containers.
2023-03-23 08:05:25,337 [BlockDeletingService#2] INFO  interfaces.ContainerDeletionChoosingPolicyTemplate (ContainerDeletionChoosingPolicyTemplate.java:chooseContainerForBlockDeletion(83)) - Chosen 0/5000 blocks from 0 candidate containers.
2023-03-23 08:05:25,337 [BlockDeletingService#7] INFO  interfaces.ContainerDeletionChoosingPolicyTemplate (ContainerDeletionChoosingPolicyTemplate.java:chooseContainerForBlockDeletion(83)) - Chosen 0/5000 blocks from 0 candidate containers.
2023-03-23 08:05:25,338 [ContainerOp-08a2e989-e49a-407a-8739-73b28a97e70d-0] INFO  keyvalue.KeyValueContainer (KeyValueContainer.java:close(361)) - Container 1 is closed with bcsId 2.
2023-03-23 08:05:25,343 [FixedThreadPoolWithAffinityExecutor-1-0] INFO  container.IncrementalContainerReportHandler (AbstractContainerReportHandler.java:updateContainerState(292)) - Moving container #1 to CLOSED state, datanode ec9f5457-0109-4da3-8559-48062aace451(fv-az105-497.wy5h1aom0jgehahef1oyr10hrc.bx.internal.cloudapp.net/10.1.0.214) reported CLOSED replica.
2023-03-23 08:05:25,347 [ContainerOp-08a2e989-e49a-407a-8739-73b28a97e70d-0] INFO  keyvalue.KeyValueContainer (KeyValueContainer.java:flushAndSyncDB(446)) - Container 1 is synced with bcsId 2.
2023-03-23 08:05:25,349 [ContainerOp-08a2e989-e49a-407a-8739-73b28a97e70d-0] INFO  keyvalue.KeyValueContainer (KeyValueContainer.java:flushAndSyncDB(446)) - Container 1 is synced with bcsId 2.
2023-03-23 08:05:25,358 [ContainerOp-08a2e989-e49a-407a-8739-73b28a97e70d-0] INFO  keyvalue.KeyValueContainer (KeyValueContainer.java:close(361)) - Container 1 is closed with bcsId 2.
2023-03-23 08:05:25,360 [ContainerOp-08a2e989-e49a-407a-8739-73b28a97e70d-1] INFO  keyvalue.KeyValueContainer (KeyValueContainer.java:flushAndSyncDB(446)) - Container 2 is synced with bcsId 6.
2023-03-23 08:05:25,360 [ContainerOp-08a2e989-e49a-407a-8739-73b28a97e70d-1] INFO  keyvalue.KeyValueContainer (KeyValueContainer.java:flushAndSyncDB(446)) - Container 2 is synced with bcsId 6.
2023-03-23 08:05:25,360 [ContainerOp-08a2e989-e49a-407a-8739-73b28a97e70d-0] INFO  keyvalue.KeyValueContainer (KeyValueContainer.java:flushAndSyncDB(446)) - Container 1 is synced with bcsId 2.
2023-03-23 08:05:25,361 [ContainerOp-08a2e989-e49a-407a-8739-73b28a97e70d-0] INFO  keyvalue.KeyValueContainer (KeyValueContainer.java:flushAndSyncDB(446)) - Container 1 is synced with bcsId 2.
2023-03-23 08:05:25,371 [ContainerOp-08a2e989-e49a-407a-8739-73b28a97e70d-1] INFO  keyvalue.KeyValueContainer (KeyValueContainer.java:flushAndSyncDB(446)) - Container 2 is synced with bcsId 6.
2023-03-23 08:05:25,371 [ContainerOp-08a2e989-e49a-407a-8739-73b28a97e70d-1] INFO  keyvalue.KeyValueContainer (KeyValueContainer.java:flushAndSyncDB(446)) - Container 2 is synced with bcsId 6.
2023-03-23 08:05:25,374 [ContainerOp-08a2e989-e49a-407a-8739-73b28a97e70d-1] INFO  keyvalue.KeyValueContainer (KeyValueContainer.java:close(361)) - Container 2 is closed with bcsId 6.
2023-03-23 08:05:25,375 [ContainerOp-08a2e989-e49a-407a-8739-73b28a97e70d-0] INFO  keyvalue.KeyValueContainer (KeyValueContainer.java:close(361)) - Container 1 is closed with bcsId 2.
2023-03-23 08:05:25,376 [ContainerOp-08a2e989-e49a-407a-8739-73b28a97e70d-1] INFO  keyvalue.KeyValueContainer (KeyValueContainer.java:close(361)) - Container 2 is closed with bcsId 6.
2023-03-23 08:05:25,377 [FixedThreadPoolWithAffinityExecutor-1-0] INFO  container.IncrementalContainerReportHandler (AbstractContainerReportHandler.java:updateContainerState(292)) - Moving container #2 to CLOSED state, datanode ec9f5457-0109-4da3-8559-48062aace451(fv-az105-497.wy5h1aom0jgehahef1oyr10hrc.bx.internal.cloudapp.net/10.1.0.214) reported CLOSED replica.
2023-03-23 08:05:25,379 [ContainerOp-08a2e989-e49a-407a-8739-73b28a97e70d-1] INFO  keyvalue.KeyValueContainer (KeyValueContainer.java:flushAndSyncDB(446)) - Container 2 is synced with bcsId 6.
2023-03-23 08:05:25,379 [ContainerOp-08a2e989-e49a-407a-8739-73b28a97e70d-1] INFO  keyvalue.KeyValueContainer (KeyValueContainer.java:flushAndSyncDB(446)) - Container 2 is synced with bcsId 6.
2023-03-23 08:05:25,384 [ContainerOp-08a2e989-e49a-407a-8739-73b28a97e70d-1] INFO  keyvalue.KeyValueContainer (KeyValueContainer.java:close(361)) - Container 2 is closed with bcsId 6.
2023-03-23 08:05:25,394 [ContainerOp-08a2e989-e49a-407a-8739-73b28a97e70d-3] INFO  keyvalue.KeyValueContainer (KeyValueContainer.java:flushAndSyncDB(446)) - Container 3 is synced with bcsId 10.
2023-03-23 08:05:25,394 [ContainerOp-08a2e989-e49a-407a-8739-73b28a97e70d-3] INFO  keyvalue.KeyValueContainer (KeyValueContainer.java:flushAndSyncDB(446)) - Container 3 is synced with bcsId 10.
2023-03-23 08:05:25,397 [ContainerOp-08a2e989-e49a-407a-8739-73b28a97e70d-3] INFO  keyvalue.KeyValueContainer (KeyValueContainer.java:close(361)) - Container 3 is closed with bcsId 10.
2023-03-23 08:05:25,398 [FixedThreadPoolWithAffinityExecutor-1-0] INFO  container.IncrementalContainerReportHandler (AbstractContainerReportHandler.java:updateContainerState(292)) - Moving container #3 to CLOSED state, datanode ec9f5457-0109-4da3-8559-48062aace451(fv-az105-497.wy5h1aom0jgehahef1oyr10hrc.bx.internal.cloudapp.net/10.1.0.214) reported CLOSED replica.
2023-03-23 08:05:25,400 [ContainerOp-08a2e989-e49a-407a-8739-73b28a97e70d-2] INFO  keyvalue.KeyValueContainer (KeyValueContainer.java:flushAndSyncDB(446)) - Container 3 is synced with bcsId 10.
2023-03-23 08:05:25,400 [ContainerOp-08a2e989-e49a-407a-8739-73b28a97e70d-2] INFO  keyvalue.KeyValueContainer (KeyValueContainer.java:flushAndSyncDB(446)) - Container 3 is synced with bcsId 10.
2023-03-23 08:05:25,403 [ContainerOp-08a2e989-e49a-407a-8739-73b28a97e70d-2] INFO  keyvalue.KeyValueContainer (KeyValueContainer.java:close(361)) - Container 3 is closed with bcsId 10.
2023-03-23 08:05:25,407 [ContainerOp-08a2e989-e49a-407a-8739-73b28a97e70d-2] INFO  keyvalue.KeyValueContainer (KeyValueContainer.java:flushAndSyncDB(446)) - Container 3 is synced with bcsId 10.
2023-03-23 08:05:25,408 [ContainerOp-08a2e989-e49a-407a-8739-73b28a97e70d-2] INFO  keyvalue.KeyValueContainer (KeyValueContainer.java:flushAndSyncDB(446)) - Container 3 is synced with bcsId 10.
2023-03-23 08:05:25,410 [ContainerOp-08a2e989-e49a-407a-8739-73b28a97e70d-2] INFO  keyvalue.KeyValueContainer (KeyValueContainer.java:close(361)) - Container 3 is closed with bcsId 10.
2023-03-23 08:05:25,417 [ContainerOp-08a2e989-e49a-407a-8739-73b28a97e70d-2] INFO  keyvalue.KeyValueContainer (KeyValueContainer.java:flushAndSyncDB(446)) - Container 4 is synced with bcsId 14.
2023-03-23 08:05:25,417 [ContainerOp-08a2e989-e49a-407a-8739-73b28a97e70d-2] INFO  keyvalue.KeyValueContainer (KeyValueContainer.java:flushAndSyncDB(446)) - Container 4 is synced with bcsId 14.
2023-03-23 08:05:25,419 [ContainerOp-08a2e989-e49a-407a-8739-73b28a97e70d-2] INFO  keyvalue.KeyValueContainer (KeyValueContainer.java:close(361)) - Container 4 is closed with bcsId 14.
2023-03-23 08:05:25,421 [FixedThreadPoolWithAffinityExecutor-1-0] INFO  container.IncrementalContainerReportHandler (AbstractContainerReportHandler.java:updateContainerState(292)) - Moving container #4 to CLOSED state, datanode ec9f5457-0109-4da3-8559-48062aace451(fv-az105-497.wy5h1aom0jgehahef1oyr10hrc.bx.internal.cloudapp.net/10.1.0.214) reported CLOSED replica.
2023-03-23 08:05:25,422 [ContainerOp-08a2e989-e49a-407a-8739-73b28a97e70d-3] INFO  keyvalue.KeyValueContainer (KeyValueContainer.java:flushAndSyncDB(446)) - Container 4 is synced with bcsId 14.
2023-03-23 08:05:25,422 [ContainerOp-08a2e989-e49a-407a-8739-73b28a97e70d-3] INFO  keyvalue.KeyValueContainer (KeyValueContainer.java:flushAndSyncDB(446)) - Container 4 is synced with bcsId 14.
2023-03-23 08:05:25,425 [ContainerOp-08a2e989-e49a-407a-8739-73b28a97e70d-3] INFO  keyvalue.KeyValueContainer (KeyValueContainer.java:flushAndSyncDB(446)) - Container 4 is synced with bcsId 14.
2023-03-23 08:05:25,425 [SCMBlockDeletingService#0] DEBUG block.SCMBlockDeletingService (SCMBlockDeletingService.java:call(136)) - Running DeletedBlockTransactionScanner
2023-03-23 08:05:25,425 [ContainerOp-08a2e989-e49a-407a-8739-73b28a97e70d-3] INFO  keyvalue.KeyValueContainer (KeyValueContainer.java:flushAndSyncDB(446)) - Container 4 is synced with bcsId 14.
2023-03-23 08:05:25,426 [ContainerOp-08a2e989-e49a-407a-8739-73b28a97e70d-3] INFO  keyvalue.KeyValueContainer (KeyValueContainer.java:close(361)) - Container 4 is closed with bcsId 14.
2023-03-23 08:05:25,428 [ContainerOp-08a2e989-e49a-407a-8739-73b28a97e70d-3] INFO  keyvalue.KeyValueContainer (KeyValueContainer.java:close(361)) - Container 4 is closed with bcsId 14.
2023-03-23 08:05:25,437 [BlockDeletingService#5] INFO  interfaces.ContainerDeletionChoosingPolicyTemplate (ContainerDeletionChoosingPolicyTemplate.java:chooseContainerForBlockDeletion(83)) - Chosen 0/5000 blocks from 0 candidate containers.
2023-03-23 08:05:25,437 [BlockDeletingService#7] INFO  interfaces.ContainerDeletionChoosingPolicyTemplate (ContainerDeletionChoosingPolicyTemplate.java:chooseContainerForBlockDeletion(83)) - Chosen 0/5000 blocks from 0 candidate containers.
2023-03-23 08:05:25,438 [ContainerOp-08a2e989-e49a-407a-8739-73b28a97e70d-5] INFO  keyvalue.KeyValueContainer (KeyValueContainer.java:flushAndSyncDB(446)) - Container 5 is synced with bcsId 18.
2023-03-23 08:05:25,438 [ContainerOp-08a2e989-e49a-407a-8739-73b28a97e70d-5] INFO  keyvalue.KeyValueContainer (KeyValueContainer.java:flushAndSyncDB(446)) - Container 5 is synced with bcsId 18.
2023-03-23 08:05:25,437 [BlockDeletingService#2] INFO  interfaces.ContainerDeletionChoosingPolicyTemplate (ContainerDeletionChoosingPolicyTemplate.java:chooseContainerForBlockDeletion(83)) - Chosen 0/5000 blocks from 0 candidate containers.
2023-03-23 08:05:25,441 [ContainerOp-08a2e989-e49a-407a-8739-73b28a97e70d-5] INFO  keyvalue.KeyValueContainer (KeyValueContainer.java:close(361)) - Container 5 is closed with bcsId 18.
2023-03-23 08:05:25,443 [FixedThreadPoolWithAffinityExecutor-1-0] INFO  container.IncrementalContainerReportHandler (AbstractContainerReportHandler.java:updateContainerState(292)) - Moving container #5 to CLOSED state, datanode ec9f5457-0109-4da3-8559-48062aace451(fv-az105-497.wy5h1aom0jgehahef1oyr10hrc.bx.internal.cloudapp.net/10.1.0.214) reported CLOSED replica.
2023-03-23 08:05:25,444 [ContainerOp-08a2e989-e49a-407a-8739-73b28a97e70d-4] INFO  keyvalue.KeyValueContainer (KeyValueContainer.java:flushAndSyncDB(446)) - Container 5 is synced with bcsId 18.
2023-03-23 08:05:25,445 [ContainerOp-08a2e989-e49a-407a-8739-73b28a97e70d-4] INFO  keyvalue.KeyValueContainer (KeyValueContainer.java:flushAndSyncDB(446)) - Container 5 is synced with bcsId 18.
2023-03-23 08:05:25,449 [ContainerOp-08a2e989-e49a-407a-8739-73b28a97e70d-4] INFO  keyvalue.KeyValueContainer (KeyValueContainer.java:close(361)) - Container 5 is closed with bcsId 18.
2023-03-23 08:05:25,452 [ContainerOp-08a2e989-e49a-407a-8739-73b28a97e70d-5] INFO  keyvalue.KeyValueContainer (KeyValueContainer.java:flushAndSyncDB(446)) - Container 5 is synced with bcsId 18.
2023-03-23 08:05:25,452 [ContainerOp-08a2e989-e49a-407a-8739-73b28a97e70d-5] INFO  keyvalue.KeyValueContainer (KeyValueContainer.java:flushAndSyncDB(446)) - Container 5 is synced with bcsId 18.
2023-03-23 08:05:25,454 [ContainerOp-08a2e989-e49a-407a-8739-73b28a97e70d-5] INFO  keyvalue.KeyValueContainer (KeyValueContainer.java:close(361)) - Container 5 is closed with bcsId 18.
2023-03-23 08:05:25,457 [ContainerOp-08a2e989-e49a-407a-8739-73b28a97e70d-4] INFO  keyvalue.KeyValueContainer (KeyValueContainer.java:flushAndSyncDB(446)) - Container 6 is synced with bcsId 22.
2023-03-23 08:05:25,457 [ContainerOp-08a2e989-e49a-407a-8739-73b28a97e70d-4] INFO  keyvalue.KeyValueContainer (KeyValueContainer.java:flushAndSyncDB(446)) - Container 6 is synced with bcsId 22.
2023-03-23 08:05:25,459 [ContainerOp-08a2e989-e49a-407a-8739-73b28a97e70d-4] INFO  keyvalue.KeyValueContainer (KeyValueContainer.java:close(361)) - Container 6 is closed with bcsId 22.
2023-03-23 08:05:25,460 [FixedThreadPoolWithAffinityExecutor-1-0] INFO  container.IncrementalContainerReportHandler (AbstractContainerReportHandler.java:updateContainerState(292)) - Moving container #6 to CLOSED state, datanode ec9f5457-0109-4da3-8559-48062aace451(fv-az105-497.wy5h1aom0jgehahef1oyr10hrc.bx.internal.cloudapp.net/10.1.0.214) reported CLOSED replica.
2023-03-23 08:05:25,467 [ContainerOp-08a2e989-e49a-407a-8739-73b28a97e70d-5] INFO  keyvalue.KeyValueContainer (KeyValueContainer.java:flushAndSyncDB(446)) - Container 6 is synced with bcsId 22.
2023-03-23 08:05:25,467 [ContainerOp-08a2e989-e49a-407a-8739-73b28a97e70d-5] INFO  keyvalue.KeyValueContainer (KeyValueContainer.java:flushAndSyncDB(446)) - Container 6 is synced with bcsId 22.
2023-03-23 08:05:25,470 [ContainerOp-08a2e989-e49a-407a-8739-73b28a97e70d-5] INFO  keyvalue.KeyValueContainer (KeyValueContainer.java:close(361)) - Container 6 is closed with bcsId 22.
2023-03-23 08:05:25,476 [ContainerOp-08a2e989-e49a-407a-8739-73b28a97e70d-4] INFO  keyvalue.KeyValueContainer (KeyValueContainer.java:flushAndSyncDB(446)) - Container 6 is synced with bcsId 22.
2023-03-23 08:05:25,476 [ContainerOp-08a2e989-e49a-407a-8739-73b28a97e70d-4] INFO  keyvalue.KeyValueContainer (KeyValueContainer.java:flushAndSyncDB(446)) - Container 6 is synced with bcsId 22.
2023-03-23 08:05:25,479 [ContainerOp-08a2e989-e49a-407a-8739-73b28a97e70d-6] INFO  keyvalue.KeyValueContainer (KeyValueContainer.java:flushAndSyncDB(446)) - Container 7 is synced with bcsId 26.
2023-03-23 08:05:25,479 [ContainerOp-08a2e989-e49a-407a-8739-73b28a97e70d-6] INFO  keyvalue.KeyValueContainer (KeyValueContainer.java:flushAndSyncDB(446)) - Container 7 is synced with bcsId 26.
2023-03-23 08:05:25,479 [ContainerOp-08a2e989-e49a-407a-8739-73b28a97e70d-4] INFO  keyvalue.KeyValueContainer (KeyValueContainer.java:close(361)) - Container 6 is closed with bcsId 22.
2023-03-23 08:05:25,482 [ContainerOp-08a2e989-e49a-407a-8739-73b28a97e70d-6] INFO  keyvalue.KeyValueContainer (KeyValueContainer.java:close(361)) - Container 7 is closed with bcsId 26.
2023-03-23 08:05:25,484 [FixedThreadPoolWithAffinityExecutor-1-0] INFO  container.IncrementalContainerReportHandler (AbstractContainerReportHandler.java:updateContainerState(292)) - Moving container #7 to CLOSED state, datanode ec9f5457-0109-4da3-8559-48062aace451(fv-az105-497.wy5h1aom0jgehahef1oyr10hrc.bx.internal.cloudapp.net/10.1.0.214) reported CLOSED replica.
2023-03-23 08:05:25,486 [ContainerOp-08a2e989-e49a-407a-8739-73b28a97e70d-6] INFO  keyvalue.KeyValueContainer (KeyValueContainer.java:flushAndSyncDB(446)) - Container 7 is synced with bcsId 26.
2023-03-23 08:05:25,486 [ContainerOp-08a2e989-e49a-407a-8739-73b28a97e70d-6] INFO  keyvalue.KeyValueContainer (KeyValueContainer.java:flushAndSyncDB(446)) - Container 7 is synced with bcsId 26.
2023-03-23 08:05:25,489 [ContainerOp-08a2e989-e49a-407a-8739-73b28a97e70d-6] INFO  keyvalue.KeyValueContainer (KeyValueContainer.java:close(361)) - Container 7 is closed with bcsId 26.
2023-03-23 08:05:25,494 [ContainerOp-08a2e989-e49a-407a-8739-73b28a97e70d-6] INFO  keyvalue.KeyValueContainer (KeyValueContainer.java:flushAndSyncDB(446)) - Container 7 is synced with bcsId 26.
2023-03-23 08:05:25,494 [ContainerOp-08a2e989-e49a-407a-8739-73b28a97e70d-6] INFO  keyvalue.KeyValueContainer (KeyValueContainer.java:flushAndSyncDB(446)) - Container 7 is synced with bcsId 26.
2023-03-23 08:05:25,497 [ContainerOp-08a2e989-e49a-407a-8739-73b28a97e70d-6] INFO  keyvalue.KeyValueContainer (KeyValueContainer.java:close(361)) - Container 7 is closed with bcsId 26.
2023-03-23 08:05:25,500 [ContainerOp-08a2e989-e49a-407a-8739-73b28a97e70d-7] INFO  keyvalue.KeyValueContainer (KeyValueContainer.java:flushAndSyncDB(446)) - Container 8 is synced with bcsId 30.
2023-03-23 08:05:25,501 [ContainerOp-08a2e989-e49a-407a-8739-73b28a97e70d-7] INFO  keyvalue.KeyValueContainer (KeyValueContainer.java:flushAndSyncDB(446)) - Container 8 is synced with bcsId 30.
2023-03-23 08:05:25,503 [ContainerOp-08a2e989-e49a-407a-8739-73b28a97e70d-7] INFO  keyvalue.KeyValueContainer (KeyValueContainer.java:close(361)) - Container 8 is closed with bcsId 30.
2023-03-23 08:05:25,505 [FixedThreadPoolWithAffinityExecutor-1-0] INFO  container.IncrementalContainerReportHandler (AbstractContainerReportHandler.java:updateContainerState(292)) - Moving container #8 to CLOSED state, datanode ec9f5457-0109-4da3-8559-48062aace451(fv-az105-497.wy5h1aom0jgehahef1oyr10hrc.bx.internal.cloudapp.net/10.1.0.214) reported CLOSED replica.
2023-03-23 08:05:25,506 [ContainerOp-08a2e989-e49a-407a-8739-73b28a97e70d-7] INFO  keyvalue.KeyValueContainer (KeyValueContainer.java:flushAndSyncDB(446)) - Container 8 is synced with bcsId 30.
2023-03-23 08:05:25,507 [ContainerOp-08a2e989-e49a-407a-8739-73b28a97e70d-7] INFO  keyvalue.KeyValueContainer (KeyValueContainer.java:flushAndSyncDB(446)) - Container 8 is synced with bcsId 30.
2023-03-23 08:05:25,508 [ContainerOp-08a2e989-e49a-407a-8739-73b28a97e70d-7] INFO  keyvalue.KeyValueContainer (KeyValueContainer.java:close(361)) - Container 8 is closed with bcsId 30.
2023-03-23 08:05:25,512 [ContainerOp-08a2e989-e49a-407a-8739-73b28a97e70d-7] INFO  keyvalue.KeyValueContainer (KeyValueContainer.java:flushAndSyncDB(446)) - Container 8 is synced with bcsId 30.
2023-03-23 08:05:25,512 [ContainerOp-08a2e989-e49a-407a-8739-73b28a97e70d-7] INFO  keyvalue.KeyValueContainer (KeyValueContainer.java:flushAndSyncDB(446)) - Container 8 is synced with bcsId 30.
2023-03-23 08:05:25,517 [ContainerOp-08a2e989-e49a-407a-8739-73b28a97e70d-7] INFO  keyvalue.KeyValueContainer (KeyValueContainer.java:close(361)) - Container 8 is closed with bcsId 30.
2023-03-23 08:05:25,521 [ContainerOp-08a2e989-e49a-407a-8739-73b28a97e70d-9] INFO  keyvalue.KeyValueContainer (KeyValueContainer.java:flushAndSyncDB(446)) - Container 9 is synced with bcsId 33.
2023-03-23 08:05:25,521 [ContainerOp-08a2e989-e49a-407a-8739-73b28a97e70d-9] INFO  keyvalue.KeyValueContainer (KeyValueContainer.java:flushAndSyncDB(446)) - Container 9 is synced with bcsId 33.
2023-03-23 08:05:25,525 [ContainerOp-08a2e989-e49a-407a-8739-73b28a97e70d-9] INFO  keyvalue.KeyValueContainer (KeyValueContainer.java:close(361)) - Container 9 is closed with bcsId 33.
2023-03-23 08:05:25,525 [SCMBlockDeletingService#0] DEBUG block.SCMBlockDeletingService (SCMBlockDeletingService.java:call(136)) - Running DeletedBlockTransactionScanner
2023-03-23 08:05:25,527 [FixedThreadPoolWithAffinityExecutor-1-0] INFO  container.IncrementalContainerReportHandler (AbstractContainerReportHandler.java:updateContainerState(292)) - Moving container #9 to CLOSED state, datanode ec9f5457-0109-4da3-8559-48062aace451(fv-az105-497.wy5h1aom0jgehahef1oyr10hrc.bx.internal.cloudapp.net/10.1.0.214) reported CLOSED replica.
2023-03-23 08:05:25,531 [ContainerOp-08a2e989-e49a-407a-8739-73b28a97e70d-9] INFO  keyvalue.KeyValueContainer (KeyValueContainer.java:flushAndSyncDB(446)) - Container 9 is synced with bcsId 33.
2023-03-23 08:05:25,531 [ContainerOp-08a2e989-e49a-407a-8739-73b28a97e70d-9] INFO  keyvalue.KeyValueContainer (KeyValueContainer.java:flushAndSyncDB(446)) - Container 9 is synced with bcsId 33.
2023-03-23 08:05:25,534 [ContainerOp-08a2e989-e49a-407a-8739-73b28a97e70d-9] INFO  keyvalue.KeyValueContainer (KeyValueContainer.java:close(361)) - Container 9 is closed with bcsId 33.
2023-03-23 08:05:25,538 [BlockDeletingService#7] INFO  interfaces.ContainerDeletionChoosingPolicyTemplate (ContainerDeletionChoosingPolicyTemplate.java:chooseContainerForBlockDeletion(83)) - Chosen 0/5000 blocks from 0 candidate containers.
2023-03-23 08:05:25,538 [BlockDeletingService#5] INFO  interfaces.ContainerDeletionChoosingPolicyTemplate (ContainerDeletionChoosingPolicyTemplate.java:chooseContainerForBlockDeletion(83)) - Chosen 0/5000 blocks from 0 candidate containers.
2023-03-23 08:05:25,539 [ContainerOp-08a2e989-e49a-407a-8739-73b28a97e70d-8] INFO  keyvalue.KeyValueContainer (KeyValueContainer.java:flushAndSyncDB(446)) - Container 10 is synced with bcsId 37.
2023-03-23 08:05:25,539 [ContainerOp-08a2e989-e49a-407a-8739-73b28a97e70d-8] INFO  keyvalue.KeyValueContainer (KeyValueContainer.java:flushAndSyncDB(446)) - Container 10 is synced with bcsId 37.
2023-03-23 08:05:25,540 [BlockDeletingService#2] INFO  interfaces.ContainerDeletionChoosingPolicyTemplate (ContainerDeletionChoosingPolicyTemplate.java:chooseContainerForBlockDeletion(83)) - Chosen 0/5000 blocks from 0 candidate containers.
2023-03-23 08:05:25,540 [ContainerOp-08a2e989-e49a-407a-8739-73b28a97e70d-9] INFO  keyvalue.KeyValueContainer (KeyValueContainer.java:flushAndSyncDB(446)) - Container 9 is synced with bcsId 33.
2023-03-23 08:05:25,541 [ContainerOp-08a2e989-e49a-407a-8739-73b28a97e70d-9] INFO  keyvalue.KeyValueContainer (KeyValueContainer.java:flushAndSyncDB(446)) - Container 9 is synced with bcsId 33.
2023-03-23 08:05:25,543 [ContainerOp-08a2e989-e49a-407a-8739-73b28a97e70d-9] INFO  keyvalue.KeyValueContainer (KeyValueContainer.java:close(361)) - Container 9 is closed with bcsId 33.
2023-03-23 08:05:25,543 [ContainerOp-08a2e989-e49a-407a-8739-73b28a97e70d-8] INFO  keyvalue.KeyValueContainer (KeyValueContainer.java:flushAndSyncDB(446)) - Container 10 is synced with bcsId 37.
2023-03-23 08:05:25,543 [ContainerOp-08a2e989-e49a-407a-8739-73b28a97e70d-8] INFO  keyvalue.KeyValueContainer (KeyValueContainer.java:flushAndSyncDB(446)) - Container 10 is synced with bcsId 37.
2023-03-23 08:05:25,546 [ContainerOp-08a2e989-e49a-407a-8739-73b28a97e70d-8] INFO  keyvalue.KeyValueContainer (KeyValueContainer.java:close(361)) - Container 10 is closed with bcsId 37.
2023-03-23 08:05:25,543 [ContainerOp-08a2e989-e49a-407a-8739-73b28a97e70d-8] INFO  keyvalue.KeyValueContainer (KeyValueContainer.java:close(361)) - Container 10 is closed with bcsId 37.
2023-03-23 08:05:25,547 [FixedThreadPoolWithAffinityExecutor-8-0] INFO  container.IncrementalContainerReportHandler (AbstractContainerReportHandler.java:updateContainerState(292)) - Moving container #10 to CLOSED state, datanode 82a30c81-a10a-4a6a-ae9d-f1f427ed9001(fv-az105-497.wy5h1aom0jgehahef1oyr10hrc.bx.internal.cloudapp.net/10.1.0.214) reported CLOSED replica.
2023-03-23 08:05:25,548 [ContainerOp-08a2e989-e49a-407a-8739-73b28a97e70d-8] INFO  keyvalue.KeyValueContainer (KeyValueContainer.java:flushAndSyncDB(446)) - Container 10 is synced with bcsId 37.
2023-03-23 08:05:25,548 [ContainerOp-08a2e989-e49a-407a-8739-73b28a97e70d-8] INFO  keyvalue.KeyValueContainer (KeyValueContainer.java:flushAndSyncDB(446)) - Container 10 is synced with bcsId 37.
2023-03-23 08:05:25,550 [ContainerOp-08a2e989-e49a-407a-8739-73b28a97e70d-8] INFO  keyvalue.KeyValueContainer (KeyValueContainer.java:close(361)) - Container 10 is closed with bcsId 37.
2023-03-23 08:05:25,625 [SCMBlockDeletingService#0] DEBUG block.SCMBlockDeletingService (SCMBlockDeletingService.java:call(136)) - Running DeletedBlockTransactionScanner
2023-03-23 08:05:25,638 [BlockDeletingService#7] INFO  interfaces.ContainerDeletionChoosingPolicyTemplate (ContainerDeletionChoosingPolicyTemplate.java:chooseContainerForBlockDeletion(83)) - Chosen 0/5000 blocks from 0 candidate containers.
2023-03-23 08:05:25,638 [BlockDeletingService#5] INFO  interfaces.ContainerDeletionChoosingPolicyTemplate (ContainerDeletionChoosingPolicyTemplate.java:chooseContainerForBlockDeletion(83)) - Chosen 0/5000 blocks from 0 candidate containers.
2023-03-23 08:05:25,640 [BlockDeletingService#2] INFO  interfaces.ContainerDeletionChoosingPolicyTemplate (ContainerDeletionChoosingPolicyTemplate.java:chooseContainerForBlockDeletion(83)) - Chosen 0/5000 blocks from 0 candidate containers.
2023-03-23 08:05:25,725 [SCMBlockDeletingService#0] DEBUG block.SCMBlockDeletingService (SCMBlockDeletingService.java:call(136)) - Running DeletedBlockTransactionScanner
2023-03-23 08:05:25,738 [BlockDeletingService#7] INFO  interfaces.ContainerDeletionChoosingPolicyTemplate (ContainerDeletionChoosingPolicyTemplate.java:chooseContainerForBlockDeletion(83)) - Chosen 0/5000 blocks from 0 candidate containers.
2023-03-23 08:05:25,738 [BlockDeletingService#5] INFO  interfaces.ContainerDeletionChoosingPolicyTemplate (ContainerDeletionChoosingPolicyTemplate.java:chooseContainerForBlockDeletion(83)) - Chosen 0/5000 blocks from 0 candidate containers.
2023-03-23 08:05:25,740 [BlockDeletingService#2] INFO  interfaces.ContainerDeletionChoosingPolicyTemplate (ContainerDeletionChoosingPolicyTemplate.java:chooseContainerForBlockDeletion(83)) - Chosen 0/5000 blocks from 0 candidate containers.
2023-03-23 08:05:25,825 [SCMBlockDeletingService#0] DEBUG block.SCMBlockDeletingService (SCMBlockDeletingService.java:call(136)) - Running DeletedBlockTransactionScanner
2023-03-23 08:05:25,839 [BlockDeletingService#7] INFO  interfaces.ContainerDeletionChoosingPolicyTemplate (ContainerDeletionChoosingPolicyTemplate.java:chooseContainerForBlockDeletion(83)) - Chosen 0/5000 blocks from 0 candidate containers.
2023-03-23 08:05:25,839 [BlockDeletingService#5] INFO  interfaces.ContainerDeletionChoosingPolicyTemplate (ContainerDeletionChoosingPolicyTemplate.java:chooseContainerForBlockDeletion(83)) - Chosen 0/5000 blocks from 0 candidate containers.
2023-03-23 08:05:25,841 [BlockDeletingService#2] INFO  interfaces.ContainerDeletionChoosingPolicyTemplate (ContainerDeletionChoosingPolicyTemplate.java:chooseContainerForBlockDeletion(83)) - Chosen 0/5000 blocks from 0 candidate containers.
2023-03-23 08:05:25,925 [SCMBlockDeletingService#0] DEBUG block.SCMBlockDeletingService (SCMBlockDeletingService.java:call(136)) - Running DeletedBlockTransactionScanner
2023-03-23 08:05:25,939 [BlockDeletingService#7] INFO  interfaces.ContainerDeletionChoosingPolicyTemplate (ContainerDeletionChoosingPolicyTemplate.java:chooseContainerForBlockDeletion(83)) - Chosen 0/5000 blocks from 0 candidate containers.
2023-03-23 08:05:25,939 [BlockDeletingService#5] INFO  interfaces.ContainerDeletionChoosingPolicyTemplate (ContainerDeletionChoosingPolicyTemplate.java:chooseContainerForBlockDeletion(83)) - Chosen 0/5000 blocks from 0 candidate containers.
2023-03-23 08:05:25,941 [BlockDeletingService#2] INFO  interfaces.ContainerDeletionChoosingPolicyTemplate (ContainerDeletionChoosingPolicyTemplate.java:chooseContainerForBlockDeletion(83)) - Chosen 0/5000 blocks from 0 candidate containers.
2023-03-23 08:05:26,026 [SCMBlockDeletingService#0] DEBUG block.SCMBlockDeletingService (SCMBlockDeletingService.java:call(136)) - Running DeletedBlockTransactionScanner
2023-03-23 08:05:26,039 [BlockDeletingService#7] INFO  interfaces.ContainerDeletionChoosingPolicyTemplate (ContainerDeletionChoosingPolicyTemplate.java:chooseContainerForBlockDeletion(83)) - Chosen 0/5000 blocks from 0 candidate containers.
2023-03-23 08:05:26,040 [BlockDeletingService#5] INFO  interfaces.ContainerDeletionChoosingPolicyTemplate (ContainerDeletionChoosingPolicyTemplate.java:chooseContainerForBlockDeletion(83)) - Chosen 0/5000 blocks from 0 candidate containers.
2023-03-23 08:05:26,041 [BlockDeletingService#2] INFO  interfaces.ContainerDeletionChoosingPolicyTemplate (ContainerDeletionChoosingPolicyTemplate.java:chooseContainerForBlockDeletion(83)) - Chosen 0/5000 blocks from 0 candidate containers.
2023-03-23 08:05:26,126 [SCMBlockDeletingService#0] DEBUG block.SCMBlockDeletingService (SCMBlockDeletingService.java:call(136)) - Running DeletedBlockTransactionScanner
2023-03-23 08:05:26,140 [BlockDeletingService#7] INFO  interfaces.ContainerDeletionChoosingPolicyTemplate (ContainerDeletionChoosingPolicyTemplate.java:chooseContainerForBlockDeletion(83)) - Chosen 0/5000 blocks from 0 candidate containers.
2023-03-23 08:05:26,140 [BlockDeletingService#5] INFO  interfaces.ContainerDeletionChoosingPolicyTemplate (ContainerDeletionChoosingPolicyTemplate.java:chooseContainerForBlockDeletion(83)) - Chosen 0/5000 blocks from 0 candidate containers.
2023-03-23 08:05:26,142 [BlockDeletingService#2] INFO  interfaces.ContainerDeletionChoosingPolicyTemplate (ContainerDeletionChoosingPolicyTemplate.java:chooseContainerForBlockDeletion(83)) - Chosen 0/5000 blocks from 0 candidate containers.
2023-03-23 08:05:26,226 [SCMBlockDeletingService#0] DEBUG block.SCMBlockDeletingService (SCMBlockDeletingService.java:call(136)) - Running DeletedBlockTransactionScanner
2023-03-23 08:05:26,240 [BlockDeletingService#7] INFO  interfaces.ContainerDeletionChoosingPolicyTemplate (ContainerDeletionChoosingPolicyTemplate.java:chooseContainerForBlockDeletion(83)) - Chosen 0/5000 blocks from 0 candidate containers.
2023-03-23 08:05:26,240 [BlockDeletingService#5] INFO  interfaces.ContainerDeletionChoosingPolicyTemplate (ContainerDeletionChoosingPolicyTemplate.java:chooseContainerForBlockDeletion(83)) - Chosen 0/5000 blocks from 0 candidate containers.
2023-03-23 08:05:26,242 [BlockDeletingService#2] INFO  interfaces.ContainerDeletionChoosingPolicyTemplate (ContainerDeletionChoosingPolicyTemplate.java:chooseContainerForBlockDeletion(83)) - Chosen 0/5000 blocks from 0 candidate containers.
2023-03-23 08:05:26,326 [SCMBlockDeletingService#0] DEBUG block.SCMBlockDeletingService (SCMBlockDeletingService.java:call(136)) - Running DeletedBlockTransactionScanner
2023-03-23 08:05:26,341 [BlockDeletingService#7] INFO  interfaces.ContainerDeletionChoosingPolicyTemplate (ContainerDeletionChoosingPolicyTemplate.java:chooseContainerForBlockDeletion(83)) - Chosen 0/5000 blocks from 0 candidate containers.
2023-03-23 08:05:26,341 [BlockDeletingService#5] INFO  interfaces.ContainerDeletionChoosingPolicyTemplate (ContainerDeletionChoosingPolicyTemplate.java:chooseContainerForBlockDeletion(83)) - Chosen 0/5000 blocks from 0 candidate containers.
2023-03-23 08:05:26,342 [BlockDeletingService#2] INFO  interfaces.ContainerDeletionChoosingPolicyTemplate (ContainerDeletionChoosingPolicyTemplate.java:chooseContainerForBlockDeletion(83)) - Chosen 0/5000 blocks from 0 candidate containers.
2023-03-23 08:05:26,426 [SCMBlockDeletingService#0] DEBUG block.SCMBlockDeletingService (SCMBlockDeletingService.java:call(136)) - Running DeletedBlockTransactionScanner
2023-03-23 08:05:26,441 [BlockDeletingService#7] INFO  interfaces.ContainerDeletionChoosingPolicyTemplate (ContainerDeletionChoosingPolicyTemplate.java:chooseContainerForBlockDeletion(83)) - Chosen 0/5000 blocks from 0 candidate containers.
2023-03-23 08:05:26,441 [BlockDeletingService#5] INFO  interfaces.ContainerDeletionChoosingPolicyTemplate (ContainerDeletionChoosingPolicyTemplate.java:chooseContainerForBlockDeletion(83)) - Chosen 0/5000 blocks from 0 candidate containers.
2023-03-23 08:05:26,442 [BlockDeletingService#2] INFO  interfaces.ContainerDeletionChoosingPolicyTemplate (ContainerDeletionChoosingPolicyTemplate.java:chooseContainerForBlockDeletion(83)) - Chosen 0/5000 blocks from 0 candidate containers.
2023-03-23 08:05:26,526 [SCMBlockDeletingService#0] DEBUG block.SCMBlockDeletingService (SCMBlockDeletingService.java:call(136)) - Running DeletedBlockTransactionScanner
2023-03-23 08:05:26,541 [BlockDeletingService#7] INFO  interfaces.ContainerDeletionChoosingPolicyTemplate (ContainerDeletionChoosingPolicyTemplate.java:chooseContainerForBlockDeletion(83)) - Chosen 0/5000 blocks from 0 candidate containers.
2023-03-23 08:05:26,542 [BlockDeletingService#5] INFO  interfaces.ContainerDeletionChoosingPolicyTemplate (ContainerDeletionChoosingPolicyTemplate.java:chooseContainerForBlockDeletion(83)) - Chosen 0/5000 blocks from 0 candidate containers.
2023-03-23 08:05:26,543 [BlockDeletingService#2] INFO  interfaces.ContainerDeletionChoosingPolicyTemplate (ContainerDeletionChoosingPolicyTemplate.java:chooseContainerForBlockDeletion(83)) - Chosen 0/5000 blocks from 0 candidate containers.
2023-03-23 08:05:26,626 [SCMBlockDeletingService#0] DEBUG block.SCMBlockDeletingService (SCMBlockDeletingService.java:call(136)) - Running DeletedBlockTransactionScanner
2023-03-23 08:05:26,642 [BlockDeletingService#7] INFO  interfaces.ContainerDeletionChoosingPolicyTemplate (ContainerDeletionChoosingPolicyTemplate.java:chooseContainerForBlockDeletion(83)) - Chosen 0/5000 blocks from 0 candidate containers.
2023-03-23 08:05:26,642 [BlockDeletingService#5] INFO  interfaces.ContainerDeletionChoosingPolicyTemplate (ContainerDeletionChoosingPolicyTemplate.java:chooseContainerForBlockDeletion(83)) - Chosen 0/5000 blocks from 0 candidate containers.
2023-03-23 08:05:26,643 [BlockDeletingService#2] INFO  interfaces.ContainerDeletionChoosingPolicyTemplate (ContainerDeletionChoosingPolicyTemplate.java:chooseContainerForBlockDeletion(83)) - Chosen 0/5000 blocks from 0 candidate containers.
2023-03-23 08:05:26,726 [SCMBlockDeletingService#0] DEBUG block.SCMBlockDeletingService (SCMBlockDeletingService.java:call(136)) - Running DeletedBlockTransactionScanner
2023-03-23 08:05:26,736 [IPC Server handler 10 on default port 34677] INFO  ha.SequenceIdGenerator (SequenceIdGenerator.java:getNextId(128)) - Allocate a batch for delTxnId, change lastId from 0 to 1000.
2023-03-23 08:05:26,742 [BlockDeletingService#7] INFO  interfaces.ContainerDeletionChoosingPolicyTemplate (ContainerDeletionChoosingPolicyTemplate.java:chooseContainerForBlockDeletion(83)) - Chosen 0/5000 blocks from 0 candidate containers.
2023-03-23 08:05:26,742 [BlockDeletingService#5] INFO  interfaces.ContainerDeletionChoosingPolicyTemplate (ContainerDeletionChoosingPolicyTemplate.java:chooseContainerForBlockDeletion(83)) - Chosen 0/5000 blocks from 0 candidate containers.
2023-03-23 08:05:26,743 [BlockDeletingService#2] INFO  interfaces.ContainerDeletionChoosingPolicyTemplate (ContainerDeletionChoosingPolicyTemplate.java:chooseContainerForBlockDeletion(83)) - Chosen 0/5000 blocks from 0 candidate containers.
2023-03-23 08:05:26,770 [KeyDeletingService#0] INFO  service.KeyDeletingService (KeyDeletingService.java:call(188)) - Number of keys deleted: 10, elapsed time: 53ms
2023-03-23 08:05:26,826 [SCMBlockDeletingService#0] DEBUG block.SCMBlockDeletingService (SCMBlockDeletingService.java:call(136)) - Running DeletedBlockTransactionScanner
2023-03-23 08:05:26,827 [SCMBlockDeletingService#0] DEBUG block.SCMBlockDeletingService (DatanodeDeletedBlockTransactions.java:addTransactionToDN(50)) - Transaction added: ec9f5457-0109-4da3-8559-48062aace451 <- TX(1)
2023-03-23 08:05:26,828 [SCMBlockDeletingService#0] DEBUG block.SCMBlockDeletingService (DatanodeDeletedBlockTransactions.java:addTransactionToDN(50)) - Transaction added: 82a30c81-a10a-4a6a-ae9d-f1f427ed9001 <- TX(1)
2023-03-23 08:05:26,828 [SCMBlockDeletingService#0] DEBUG block.SCMBlockDeletingService (DatanodeDeletedBlockTransactions.java:addTransactionToDN(50)) - Transaction added: 7171cd95-6b54-4876-a08e-c51c27c3dd43 <- TX(1)
2023-03-23 08:05:26,828 [SCMBlockDeletingService#0] DEBUG block.SCMBlockDeletingService (DatanodeDeletedBlockTransactions.java:addTransactionToDN(50)) - Transaction added: 82a30c81-a10a-4a6a-ae9d-f1f427ed9001 <- TX(2)
2023-03-23 08:05:26,828 [SCMBlockDeletingService#0] DEBUG block.SCMBlockDeletingService (DatanodeDeletedBlockTransactions.java:addTransactionToDN(50)) - Transaction added: ec9f5457-0109-4da3-8559-48062aace451 <- TX(2)
2023-03-23 08:05:26,828 [SCMBlockDeletingService#0] DEBUG block.SCMBlockDeletingService (DatanodeDeletedBlockTransactions.java:addTransactionToDN(50)) - Transaction added: 7171cd95-6b54-4876-a08e-c51c27c3dd43 <- TX(2)
2023-03-23 08:05:26,828 [SCMBlockDeletingService#0] DEBUG block.SCMBlockDeletingService (DatanodeDeletedBlockTransactions.java:addTransactionToDN(50)) - Transaction added: 7171cd95-6b54-4876-a08e-c51c27c3dd43 <- TX(3)
2023-03-23 08:05:26,828 [SCMBlockDeletingService#0] DEBUG block.SCMBlockDeletingService (DatanodeDeletedBlockTransactions.java:addTransactionToDN(50)) - Transaction added: 82a30c81-a10a-4a6a-ae9d-f1f427ed9001 <- TX(3)
2023-03-23 08:05:26,828 [SCMBlockDeletingService#0] DEBUG block.SCMBlockDeletingService (DatanodeDeletedBlockTransactions.java:addTransactionToDN(50)) - Transaction added: ec9f5457-0109-4da3-8559-48062aace451 <- TX(3)
2023-03-23 08:05:26,828 [SCMBlockDeletingService#0] DEBUG block.SCMBlockDeletingService (DatanodeDeletedBlockTransactions.java:addTransactionToDN(50)) - Transaction added: 7171cd95-6b54-4876-a08e-c51c27c3dd43 <- TX(4)
2023-03-23 08:05:26,828 [SCMBlockDeletingService#0] DEBUG block.SCMBlockDeletingService (DatanodeDeletedBlockTransactions.java:addTransactionToDN(50)) - Transaction added: ec9f5457-0109-4da3-8559-48062aace451 <- TX(4)
2023-03-23 08:05:26,828 [SCMBlockDeletingService#0] DEBUG block.SCMBlockDeletingService (DatanodeDeletedBlockTransactions.java:addTransactionToDN(50)) - Transaction added: 82a30c81-a10a-4a6a-ae9d-f1f427ed9001 <- TX(4)
2023-03-23 08:05:26,829 [SCMBlockDeletingService#0] DEBUG block.SCMBlockDeletingService (DatanodeDeletedBlockTransactions.java:addTransactionToDN(50)) - Transaction added: 82a30c81-a10a-4a6a-ae9d-f1f427ed9001 <- TX(5)
2023-03-23 08:05:26,829 [SCMBlockDeletingService#0] DEBUG block.SCMBlockDeletingService (DatanodeDeletedBlockTransactions.java:addTransactionToDN(50)) - Transaction added: 7171cd95-6b54-4876-a08e-c51c27c3dd43 <- TX(5)
2023-03-23 08:05:26,829 [SCMBlockDeletingService#0] DEBUG block.SCMBlockDeletingService (DatanodeDeletedBlockTransactions.java:addTransactionToDN(50)) - Transaction added: ec9f5457-0109-4da3-8559-48062aace451 <- TX(5)
2023-03-23 08:05:26,829 [SCMBlockDeletingService#0] DEBUG block.SCMBlockDeletingService (DatanodeDeletedBlockTransactions.java:addTransactionToDN(50)) - Transaction added: 82a30c81-a10a-4a6a-ae9d-f1f427ed9001 <- TX(6)
2023-03-23 08:05:26,829 [SCMBlockDeletingService#0] DEBUG block.SCMBlockDeletingService (DatanodeDeletedBlockTransactions.java:addTransactionToDN(50)) - Transaction added: 7171cd95-6b54-4876-a08e-c51c27c3dd43 <- TX(6)
2023-03-23 08:05:26,829 [SCMBlockDeletingService#0] DEBUG block.SCMBlockDeletingService (DatanodeDeletedBlockTransactions.java:addTransactionToDN(50)) - Transaction added: ec9f5457-0109-4da3-8559-48062aace451 <- TX(6)
2023-03-23 08:05:26,829 [SCMBlockDeletingService#0] DEBUG block.SCMBlockDeletingService (DatanodeDeletedBlockTransactions.java:addTransactionToDN(50)) - Transaction added: ec9f5457-0109-4da3-8559-48062aace451 <- TX(7)
2023-03-23 08:05:26,829 [SCMBlockDeletingService#0] DEBUG block.SCMBlockDeletingService (DatanodeDeletedBlockTransactions.java:addTransactionToDN(50)) - Transaction added: 7171cd95-6b54-4876-a08e-c51c27c3dd43 <- TX(7)
2023-03-23 08:05:26,829 [SCMBlockDeletingService#0] DEBUG block.SCMBlockDeletingService (DatanodeDeletedBlockTransactions.java:addTransactionToDN(50)) - Transaction added: 82a30c81-a10a-4a6a-ae9d-f1f427ed9001 <- TX(7)
2023-03-23 08:05:26,829 [SCMBlockDeletingService#0] DEBUG block.SCMBlockDeletingService (DatanodeDeletedBlockTransactions.java:addTransactionToDN(50)) - Transaction added: 82a30c81-a10a-4a6a-ae9d-f1f427ed9001 <- TX(8)
2023-03-23 08:05:26,829 [SCMBlockDeletingService#0] DEBUG block.SCMBlockDeletingService (DatanodeDeletedBlockTransactions.java:addTransactionToDN(50)) - Transaction added: ec9f5457-0109-4da3-8559-48062aace451 <- TX(8)
2023-03-23 08:05:26,829 [SCMBlockDeletingService#0] DEBUG block.SCMBlockDeletingService (DatanodeDeletedBlockTransactions.java:addTransactionToDN(50)) - Transaction added: 7171cd95-6b54-4876-a08e-c51c27c3dd43 <- TX(8)
2023-03-23 08:05:26,829 [SCMBlockDeletingService#0] DEBUG block.SCMBlockDeletingService (DatanodeDeletedBlockTransactions.java:addTransactionToDN(50)) - Transaction added: ec9f5457-0109-4da3-8559-48062aace451 <- TX(9)
2023-03-23 08:05:26,830 [SCMBlockDeletingService#0] DEBUG block.SCMBlockDeletingService (DatanodeDeletedBlockTransactions.java:addTransactionToDN(50)) - Transaction added: 82a30c81-a10a-4a6a-ae9d-f1f427ed9001 <- TX(9)
2023-03-23 08:05:26,830 [SCMBlockDeletingService#0] DEBUG block.SCMBlockDeletingService (DatanodeDeletedBlockTransactions.java:addTransactionToDN(50)) - Transaction added: 7171cd95-6b54-4876-a08e-c51c27c3dd43 <- TX(9)
2023-03-23 08:05:26,830 [SCMBlockDeletingService#0] DEBUG block.SCMBlockDeletingService (DatanodeDeletedBlockTransactions.java:addTransactionToDN(50)) - Transaction added: 82a30c81-a10a-4a6a-ae9d-f1f427ed9001 <- TX(10)
2023-03-23 08:05:26,830 [SCMBlockDeletingService#0] DEBUG block.SCMBlockDeletingService (DatanodeDeletedBlockTransactions.java:addTransactionToDN(50)) - Transaction added: ec9f5457-0109-4da3-8559-48062aace451 <- TX(10)
2023-03-23 08:05:26,830 [SCMBlockDeletingService#0] DEBUG block.SCMBlockDeletingService (DatanodeDeletedBlockTransactions.java:addTransactionToDN(50)) - Transaction added: 7171cd95-6b54-4876-a08e-c51c27c3dd43 <- TX(10)
2023-03-23 08:05:26,831 [SCMBlockDeletingService#0] DEBUG block.SCMBlockDeletingService (SCMBlockDeletingService.java:call(171)) - Added delete block command for datanode ec9f5457-0109-4da3-8559-48062aace451 in the queue, number of delete block transactions: 10
2023-03-23 08:05:26,831 [SCMBlockDeletingService#0] DEBUG block.SCMBlockDeletingService (SCMBlockDeletingService.java:call(171)) - Added delete block command for datanode 7171cd95-6b54-4876-a08e-c51c27c3dd43 in the queue, number of delete block transactions: 10
2023-03-23 08:05:26,831 [SCMBlockDeletingService#0] DEBUG block.SCMBlockDeletingService (SCMBlockDeletingService.java:call(171)) - Added delete block command for datanode 82a30c81-a10a-4a6a-ae9d-f1f427ed9001 in the queue, number of delete block transactions: 10
2023-03-23 08:05:26,831 [SCMBlockDeletingService#0] INFO  block.SCMBlockDeletingService (SCMBlockDeletingService.java:call(180)) - Totally added 30 blocks to be deleted for 3 datanodes, task elapsed time: 4ms
2023-03-23 08:05:26,842 [BlockDeletingService#7] INFO  interfaces.ContainerDeletionChoosingPolicyTemplate (ContainerDeletionChoosingPolicyTemplate.java:chooseContainerForBlockDeletion(83)) - Chosen 0/5000 blocks from 0 candidate containers.
2023-03-23 08:05:26,842 [BlockDeletingService#5] INFO  interfaces.ContainerDeletionChoosingPolicyTemplate (ContainerDeletionChoosingPolicyTemplate.java:chooseContainerForBlockDeletion(83)) - Chosen 0/5000 blocks from 0 candidate containers.
2023-03-23 08:05:26,843 [BlockDeletingService#2] INFO  interfaces.ContainerDeletionChoosingPolicyTemplate (ContainerDeletionChoosingPolicyTemplate.java:chooseContainerForBlockDeletion(83)) - Chosen 0/5000 blocks from 0 candidate containers.
2023-03-23 08:05:26,926 [SCMBlockDeletingService#0] DEBUG block.SCMBlockDeletingService (SCMBlockDeletingService.java:call(136)) - Running DeletedBlockTransactionScanner
2023-03-23 08:05:26,943 [BlockDeletingService#7] INFO  interfaces.ContainerDeletionChoosingPolicyTemplate (ContainerDeletionChoosingPolicyTemplate.java:chooseContainerForBlockDeletion(83)) - Chosen 0/5000 blocks from 0 candidate containers.
2023-03-23 08:05:26,943 [BlockDeletingService#5] INFO  interfaces.ContainerDeletionChoosingPolicyTemplate (ContainerDeletionChoosingPolicyTemplate.java:chooseContainerForBlockDeletion(83)) - Chosen 0/5000 blocks from 0 candidate containers.
2023-03-23 08:05:26,943 [BlockDeletingService#2] INFO  interfaces.ContainerDeletionChoosingPolicyTemplate (ContainerDeletionChoosingPolicyTemplate.java:chooseContainerForBlockDeletion(83)) - Chosen 0/5000 blocks from 0 candidate containers.
2023-03-23 08:05:27,027 [SCMBlockDeletingService#0] DEBUG block.SCMBlockDeletingService (SCMBlockDeletingService.java:call(136)) - Running DeletedBlockTransactionScanner
2023-03-23 08:05:27,027 [SCMBlockDeletingService#0] DEBUG block.SCMBlockDeletingService (DatanodeDeletedBlockTransactions.java:addTransactionToDN(50)) - Transaction added: ec9f5457-0109-4da3-8559-48062aace451 <- TX(1)
2023-03-23 08:05:27,027 [SCMBlockDeletingService#0] DEBUG block.SCMBlockDeletingService (DatanodeDeletedBlockTransactions.java:addTransactionToDN(50)) - Transaction added: 82a30c81-a10a-4a6a-ae9d-f1f427ed9001 <- TX(1)
2023-03-23 08:05:27,027 [SCMBlockDeletingService#0] DEBUG block.SCMBlockDeletingService (DatanodeDeletedBlockTransactions.java:addTransactionToDN(50)) - Transaction added: 7171cd95-6b54-4876-a08e-c51c27c3dd43 <- TX(1)
2023-03-23 08:05:27,027 [SCMBlockDeletingService#0] DEBUG block.SCMBlockDeletingService (DatanodeDeletedBlockTransactions.java:addTransactionToDN(50)) - Transaction added: 82a30c81-a10a-4a6a-ae9d-f1f427ed9001 <- TX(2)
2023-03-23 08:05:27,028 [SCMBlockDeletingService#0] DEBUG block.SCMBlockDeletingService (DatanodeDeletedBlockTransactions.java:addTransactionToDN(50)) - Transaction added: ec9f5457-0109-4da3-8559-48062aace451 <- TX(2)
2023-03-23 08:05:27,028 [SCMBlockDeletingService#0] DEBUG block.SCMBlockDeletingService (DatanodeDeletedBlockTransactions.java:addTransactionToDN(50)) - Transaction added: 7171cd95-6b54-4876-a08e-c51c27c3dd43 <- TX(2)
2023-03-23 08:05:27,028 [SCMBlockDeletingService#0] DEBUG block.SCMBlockDeletingService (DatanodeDeletedBlockTransactions.java:addTransactionToDN(50)) - Transaction added: 7171cd95-6b54-4876-a08e-c51c27c3dd43 <- TX(3)
2023-03-23 08:05:27,028 [SCMBlockDeletingService#0] DEBUG block.SCMBlockDeletingService (DatanodeDeletedBlockTransactions.java:addTransactionToDN(50)) - Transaction added: ec9f5457-0109-4da3-8559-48062aace451 <- TX(3)
2023-03-23 08:05:27,028 [SCMBlockDeletingService#0] DEBUG block.SCMBlockDeletingService (DatanodeDeletedBlockTransactions.java:addTransactionToDN(50)) - Transaction added: 82a30c81-a10a-4a6a-ae9d-f1f427ed9001 <- TX(3)
2023-03-23 08:05:27,028 [SCMBlockDeletingService#0] DEBUG block.SCMBlockDeletingService (DatanodeDeletedBlockTransactions.java:addTransactionToDN(50)) - Transaction added: 7171cd95-6b54-4876-a08e-c51c27c3dd43 <- TX(4)
2023-03-23 08:05:27,028 [SCMBlockDeletingService#0] DEBUG block.SCMBlockDeletingService (DatanodeDeletedBlockTransactions.java:addTransactionToDN(50)) - Transaction added: ec9f5457-0109-4da3-8559-48062aace451 <- TX(4)
2023-03-23 08:05:27,028 [SCMBlockDeletingService#0] DEBUG block.SCMBlockDeletingService (DatanodeDeletedBlockTransactions.java:addTransactionToDN(50)) - Transaction added: 82a30c81-a10a-4a6a-ae9d-f1f427ed9001 <- TX(4)
2023-03-23 08:05:27,028 [SCMBlockDeletingService#0] DEBUG block.SCMBlockDeletingService (DatanodeDeletedBlockTransactions.java:addTransactionToDN(50)) - Transaction added: 82a30c81-a10a-4a6a-ae9d-f1f427ed9001 <- TX(5)
2023-03-23 08:05:27,028 [SCMBlockDeletingService#0] DEBUG block.SCMBlockDeletingService (DatanodeDeletedBlockTransactions.java:addTransactionToDN(50)) - Transaction added: 7171cd95-6b54-4876-a08e-c51c27c3dd43 <- TX(5)
2023-03-23 08:05:27,028 [SCMBlockDeletingService#0] DEBUG block.SCMBlockDeletingService (DatanodeDeletedBlockTransactions.java:addTransactionToDN(50)) - Transaction added: ec9f5457-0109-4da3-8559-48062aace451 <- TX(5)
2023-03-23 08:05:27,028 [SCMBlockDeletingService#0] DEBUG block.SCMBlockDeletingService (DatanodeDeletedBlockTransactions.java:addTransactionToDN(50)) - Transaction added: 82a30c81-a10a-4a6a-ae9d-f1f427ed9001 <- TX(6)
2023-03-23 08:05:27,028 [SCMBlockDeletingService#0] DEBUG block.SCMBlockDeletingService (DatanodeDeletedBlockTransactions.java:addTransactionToDN(50)) - Transaction added: 7171cd95-6b54-4876-a08e-c51c27c3dd43 <- TX(6)
2023-03-23 08:05:27,028 [SCMBlockDeletingService#0] DEBUG block.SCMBlockDeletingService (DatanodeDeletedBlockTransactions.java:addTransactionToDN(50)) - Transaction added: ec9f5457-0109-4da3-8559-48062aace451 <- TX(6)
2023-03-23 08:05:27,029 [SCMBlockDeletingService#0] DEBUG block.SCMBlockDeletingService (DatanodeDeletedBlockTransactions.java:addTransactionToDN(50)) - Transaction added: ec9f5457-0109-4da3-8559-48062aace451 <- TX(7)
2023-03-23 08:05:27,029 [SCMBlockDeletingService#0] DEBUG block.SCMBlockDeletingService (DatanodeDeletedBlockTransactions.java:addTransactionToDN(50)) - Transaction added: 7171cd95-6b54-4876-a08e-c51c27c3dd43 <- TX(7)
2023-03-23 08:05:27,029 [SCMBlockDeletingService#0] DEBUG block.SCMBlockDeletingService (DatanodeDeletedBlockTransactions.java:addTransactionToDN(50)) - Transaction added: 82a30c81-a10a-4a6a-ae9d-f1f427ed9001 <- TX(7)
2023-03-23 08:05:27,029 [SCMBlockDeletingService#0] DEBUG block.SCMBlockDeletingService (DatanodeDeletedBlockTransactions.java:addTransactionToDN(50)) - Transaction added: 82a30c81-a10a-4a6a-ae9d-f1f427ed9001 <- TX(8)
2023-03-23 08:05:27,029 [SCMBlockDeletingService#0] DEBUG block.SCMBlockDeletingService (DatanodeDeletedBlockTransactions.java:addTransactionToDN(50)) - Transaction added: ec9f5457-0109-4da3-8559-48062aace451 <- TX(8)
2023-03-23 08:05:27,029 [SCMBlockDeletingService#0] DEBUG block.SCMBlockDeletingService (DatanodeDeletedBlockTransactions.java:addTransactionToDN(50)) - Transaction added: 7171cd95-6b54-4876-a08e-c51c27c3dd43 <- TX(8)
2023-03-23 08:05:27,029 [SCMBlockDeletingService#0] DEBUG block.SCMBlockDeletingService (DatanodeDeletedBlockTransactions.java:addTransactionToDN(50)) - Transaction added: ec9f5457-0109-4da3-8559-48062aace451 <- TX(9)
2023-03-23 08:05:27,029 [SCMBlockDeletingService#0] DEBUG block.SCMBlockDeletingService (DatanodeDeletedBlockTransactions.java:addTransactionToDN(50)) - Transaction added: 82a30c81-a10a-4a6a-ae9d-f1f427ed9001 <- TX(9)
2023-03-23 08:05:27,029 [SCMBlockDeletingService#0] DEBUG block.SCMBlockDeletingService (DatanodeDeletedBlockTransactions.java:addTransactionToDN(50)) - Transaction added: 7171cd95-6b54-4876-a08e-c51c27c3dd43 <- TX(9)
2023-03-23 08:05:27,029 [SCMBlockDeletingService#0] DEBUG block.SCMBlockDeletingService (DatanodeDeletedBlockTransactions.java:addTransactionToDN(50)) - Transaction added: 82a30c81-a10a-4a6a-ae9d-f1f427ed9001 <- TX(10)
2023-03-23 08:05:27,029 [SCMBlockDeletingService#0] DEBUG block.SCMBlockDeletingService (DatanodeDeletedBlockTransactions.java:addTransactionToDN(50)) - Transaction added: ec9f5457-0109-4da3-8559-48062aace451 <- TX(10)
2023-03-23 08:05:27,029 [SCMBlockDeletingService#0] DEBUG block.SCMBlockDeletingService (DatanodeDeletedBlockTransactions.java:addTransactionToDN(50)) - Transaction added: 7171cd95-6b54-4876-a08e-c51c27c3dd43 <- TX(10)
2023-03-23 08:05:27,029 [SCMBlockDeletingService#0] DEBUG block.SCMBlockDeletingService (SCMBlockDeletingService.java:call(171)) - Added delete block command for datanode ec9f5457-0109-4da3-8559-48062aace451 in the queue, number of delete block transactions: 10
2023-03-23 08:05:27,030 [SCMBlockDeletingService#0] DEBUG block.SCMBlockDeletingService (SCMBlockDeletingService.java:call(171)) - Added delete block command for datanode 7171cd95-6b54-4876-a08e-c51c27c3dd43 in the queue, number of delete block transactions: 10
2023-03-23 08:05:27,030 [SCMBlockDeletingService#0] DEBUG block.SCMBlockDeletingService (SCMBlockDeletingService.java:call(171)) - Added delete block command for datanode 82a30c81-a10a-4a6a-ae9d-f1f427ed9001 in the queue, number of delete block transactions: 10
2023-03-23 08:05:27,030 [SCMBlockDeletingService#0] INFO  block.SCMBlockDeletingService (SCMBlockDeletingService.java:call(180)) - Totally added 30 blocks to be deleted for 3 datanodes, task elapsed time: 3ms
2023-03-23 08:05:27,043 [BlockDeletingService#7] INFO  interfaces.ContainerDeletionChoosingPolicyTemplate (ContainerDeletionChoosingPolicyTemplate.java:chooseContainerForBlockDeletion(83)) - Chosen 0/5000 blocks from 0 candidate containers.
2023-03-23 08:05:27,043 [BlockDeletingService#5] INFO  interfaces.ContainerDeletionChoosingPolicyTemplate (ContainerDeletionChoosingPolicyTemplate.java:chooseContainerForBlockDeletion(83)) - Chosen 0/5000 blocks from 0 candidate containers.
2023-03-23 08:05:27,044 [BlockDeletingService#2] INFO  interfaces.ContainerDeletionChoosingPolicyTemplate (ContainerDeletionChoosingPolicyTemplate.java:chooseContainerForBlockDeletion(83)) - Chosen 0/5000 blocks from 0 candidate containers.
2023-03-23 08:05:27,127 [SCMBlockDeletingService#0] DEBUG block.SCMBlockDeletingService (SCMBlockDeletingService.java:call(136)) - Running DeletedBlockTransactionScanner
2023-03-23 08:05:27,143 [BlockDeletingService#7] INFO  interfaces.ContainerDeletionChoosingPolicyTemplate (ContainerDeletionChoosingPolicyTemplate.java:chooseContainerForBlockDeletion(83)) - Chosen 0/5000 blocks from 0 candidate containers.
2023-03-23 08:05:27,143 [BlockDeletingService#5] INFO  interfaces.ContainerDeletionChoosingPolicyTemplate (ContainerDeletionChoosingPolicyTemplate.java:chooseContainerForBlockDeletion(83)) - Chosen 0/5000 blocks from 0 candidate containers.
2023-03-23 08:05:27,144 [BlockDeletingService#2] INFO  interfaces.ContainerDeletionChoosingPolicyTemplate (ContainerDeletionChoosingPolicyTemplate.java:chooseContainerForBlockDeletion(83)) - Chosen 0/5000 blocks from 0 candidate containers.
2023-03-23 08:05:27,227 [SCMBlockDeletingService#0] DEBUG block.SCMBlockDeletingService (SCMBlockDeletingService.java:call(136)) - Running DeletedBlockTransactionScanner
2023-03-23 08:05:27,227 [SCMBlockDeletingService#0] DEBUG block.SCMBlockDeletingService (DatanodeDeletedBlockTransactions.java:addTransactionToDN(50)) - Transaction added: ec9f5457-0109-4da3-8559-48062aace451 <- TX(1)
2023-03-23 08:05:27,228 [SCMBlockDeletingService#0] DEBUG block.SCMBlockDeletingService (DatanodeDeletedBlockTransactions.java:addTransactionToDN(50)) - Transaction added: 82a30c81-a10a-4a6a-ae9d-f1f427ed9001 <- TX(1)
2023-03-23 08:05:27,228 [SCMBlockDeletingService#0] DEBUG block.SCMBlockDeletingService (DatanodeDeletedBlockTransactions.java:addTransactionToDN(50)) - Transaction added: 7171cd95-6b54-4876-a08e-c51c27c3dd43 <- TX(1)
2023-03-23 08:05:27,228 [SCMBlockDeletingService#0] DEBUG block.SCMBlockDeletingService (DatanodeDeletedBlockTransactions.java:addTransactionToDN(50)) - Transaction added: 82a30c81-a10a-4a6a-ae9d-f1f427ed9001 <- TX(2)
2023-03-23 08:05:27,228 [SCMBlockDeletingService#0] DEBUG block.SCMBlockDeletingService (DatanodeDeletedBlockTransactions.java:addTransactionToDN(50)) - Transaction added: ec9f5457-0109-4da3-8559-48062aace451 <- TX(2)
2023-03-23 08:05:27,228 [SCMBlockDeletingService#0] DEBUG block.SCMBlockDeletingService (DatanodeDeletedBlockTransactions.java:addTransactionToDN(50)) - Transaction added: 7171cd95-6b54-4876-a08e-c51c27c3dd43 <- TX(2)
2023-03-23 08:05:27,228 [SCMBlockDeletingService#0] DEBUG block.SCMBlockDeletingService (DatanodeDeletedBlockTransactions.java:addTransactionToDN(50)) - Transaction added: 7171cd95-6b54-4876-a08e-c51c27c3dd43 <- TX(3)
2023-03-23 08:05:27,228 [SCMBlockDeletingService#0] DEBUG block.SCMBlockDeletingService (DatanodeDeletedBlockTransactions.java:addTransactionToDN(50)) - Transaction added: 82a30c81-a10a-4a6a-ae9d-f1f427ed9001 <- TX(3)
2023-03-23 08:05:27,228 [SCMBlockDeletingService#0] DEBUG block.SCMBlockDeletingService (DatanodeDeletedBlockTransactions.java:addTransactionToDN(50)) - Transaction added: ec9f5457-0109-4da3-8559-48062aace451 <- TX(3)
2023-03-23 08:05:27,228 [SCMBlockDeletingService#0] DEBUG block.SCMBlockDeletingService (DatanodeDeletedBlockTransactions.java:addTransactionToDN(50)) - Transaction added: 7171cd95-6b54-4876-a08e-c51c27c3dd43 <- TX(4)
2023-03-23 08:05:27,228 [SCMBlockDeletingService#0] DEBUG block.SCMBlockDeletingService (DatanodeDeletedBlockTransactions.java:addTransactionToDN(50)) - Transaction added: ec9f5457-0109-4da3-8559-48062aace451 <- TX(4)
2023-03-23 08:05:27,228 [SCMBlockDeletingService#0] DEBUG block.SCMBlockDeletingService (DatanodeDeletedBlockTransactions.java:addTransactionToDN(50)) - Transaction added: 82a30c81-a10a-4a6a-ae9d-f1f427ed9001 <- TX(4)
2023-03-23 08:05:27,228 [SCMBlockDeletingService#0] DEBUG block.SCMBlockDeletingService (DatanodeDeletedBlockTransactions.java:addTransactionToDN(50)) - Transaction added: 82a30c81-a10a-4a6a-ae9d-f1f427ed9001 <- TX(5)
2023-03-23 08:05:27,228 [SCMBlockDeletingService#0] DEBUG block.SCMBlockDeletingService (DatanodeDeletedBlockTransactions.java:addTransactionToDN(50)) - Transaction added: 7171cd95-6b54-4876-a08e-c51c27c3dd43 <- TX(5)
2023-03-23 08:05:27,229 [SCMBlockDeletingService#0] DEBUG block.SCMBlockDeletingService (DatanodeDeletedBlockTransactions.java:addTransactionToDN(50)) - Transaction added: ec9f5457-0109-4da3-8559-48062aace451 <- TX(5)
2023-03-23 08:05:27,229 [SCMBlockDeletingService#0] DEBUG block.SCMBlockDeletingService (DatanodeDeletedBlockTransactions.java:addTransactionToDN(50)) - Transaction added: 82a30c81-a10a-4a6a-ae9d-f1f427ed9001 <- TX(6)
2023-03-23 08:05:27,229 [SCMBlockDeletingService#0] DEBUG block.SCMBlockDeletingService (DatanodeDeletedBlockTransactions.java:addTransactionToDN(50)) - Transaction added: 7171cd95-6b54-4876-a08e-c51c27c3dd43 <- TX(6)
2023-03-23 08:05:27,229 [SCMBlockDeletingService#0] DEBUG block.SCMBlockDeletingService (DatanodeDeletedBlockTransactions.java:addTransactionToDN(50)) - Transaction added: ec9f5457-0109-4da3-8559-48062aace451 <- TX(6)
2023-03-23 08:05:27,229 [SCMBlockDeletingService#0] DEBUG block.SCMBlockDeletingService (DatanodeDeletedBlockTransactions.java:addTransactionToDN(50)) - Transaction added: ec9f5457-0109-4da3-8559-48062aace451 <- TX(7)
2023-03-23 08:05:27,229 [SCMBlockDeletingService#0] DEBUG block.SCMBlockDeletingService (DatanodeDeletedBlockTransactions.java:addTransactionToDN(50)) - Transaction added: 7171cd95-6b54-4876-a08e-c51c27c3dd43 <- TX(7)
2023-03-23 08:05:27,229 [SCMBlockDeletingService#0] DEBUG block.SCMBlockDeletingService (DatanodeDeletedBlockTransactions.java:addTransactionToDN(50)) - Transaction added: 82a30c81-a10a-4a6a-ae9d-f1f427ed9001 <- TX(7)
2023-03-23 08:05:27,229 [SCMBlockDeletingService#0] DEBUG block.SCMBlockDeletingService (DatanodeDeletedBlockTransactions.java:addTransactionToDN(50)) - Transaction added: 82a30c81-a10a-4a6a-ae9d-f1f427ed9001 <- TX(8)
2023-03-23 08:05:27,229 [SCMBlockDeletingService#0] DEBUG block.SCMBlockDeletingService (DatanodeDeletedBlockTransactions.java:addTransactionToDN(50)) - Transaction added: ec9f5457-0109-4da3-8559-48062aace451 <- TX(8)
2023-03-23 08:05:27,229 [SCMBlockDeletingService#0] DEBUG block.SCMBlockDeletingService (DatanodeDeletedBlockTransactions.java:addTransactionToDN(50)) - Transaction added: 7171cd95-6b54-4876-a08e-c51c27c3dd43 <- TX(8)
2023-03-23 08:05:27,229 [SCMBlockDeletingService#0] DEBUG block.SCMBlockDeletingService (DatanodeDeletedBlockTransactions.java:addTransactionToDN(50)) - Transaction added: ec9f5457-0109-4da3-8559-48062aace451 <- TX(9)
2023-03-23 08:05:27,229 [SCMBlockDeletingService#0] DEBUG block.SCMBlockDeletingService (DatanodeDeletedBlockTransactions.java:addTransactionToDN(50)) - Transaction added: 82a30c81-a10a-4a6a-ae9d-f1f427ed9001 <- TX(9)
2023-03-23 08:05:27,229 [SCMBlockDeletingService#0] DEBUG block.SCMBlockDeletingService (DatanodeDeletedBlockTransactions.java:addTransactionToDN(50)) - Transaction added: 7171cd95-6b54-4876-a08e-c51c27c3dd43 <- TX(9)
2023-03-23 08:05:27,230 [SCMBlockDeletingService#0] DEBUG block.SCMBlockDeletingService (DatanodeDeletedBlockTransactions.java:addTransactionToDN(50)) - Transaction added: 82a30c81-a10a-4a6a-ae9d-f1f427ed9001 <- TX(10)
2023-03-23 08:05:27,230 [SCMBlockDeletingService#0] DEBUG block.SCMBlockDeletingService (DatanodeDeletedBlockTransactions.java:addTransactionToDN(50)) - Transaction added: ec9f5457-0109-4da3-8559-48062aace451 <- TX(10)
2023-03-23 08:05:27,230 [SCMBlockDeletingService#0] DEBUG block.SCMBlockDeletingService (DatanodeDeletedBlockTransactions.java:addTransactionToDN(50)) - Transaction added: 7171cd95-6b54-4876-a08e-c51c27c3dd43 <- TX(10)
2023-03-23 08:05:27,230 [SCMBlockDeletingService#0] DEBUG block.SCMBlockDeletingService (SCMBlockDeletingService.java:call(171)) - Added delete block command for datanode ec9f5457-0109-4da3-8559-48062aace451 in the queue, number of delete block transactions: 10
2023-03-23 08:05:27,230 [SCMBlockDeletingService#0] DEBUG block.SCMBlockDeletingService (SCMBlockDeletingService.java:call(171)) - Added delete block command for datanode 7171cd95-6b54-4876-a08e-c51c27c3dd43 in the queue, number of delete block transactions: 10
2023-03-23 08:05:27,230 [SCMBlockDeletingService#0] DEBUG block.SCMBlockDeletingService (SCMBlockDeletingService.java:call(171)) - Added delete block command for datanode 82a30c81-a10a-4a6a-ae9d-f1f427ed9001 in the queue, number of delete block transactions: 10
2023-03-23 08:05:27,230 [SCMBlockDeletingService#0] INFO  block.SCMBlockDeletingService (SCMBlockDeletingService.java:call(180)) - Totally added 30 blocks to be deleted for 3 datanodes, task elapsed time: 4ms
2023-03-23 08:05:27,243 [BlockDeletingService#7] INFO  interfaces.ContainerDeletionChoosingPolicyTemplate (ContainerDeletionChoosingPolicyTemplate.java:chooseContainerForBlockDeletion(83)) - Chosen 0/5000 blocks from 0 candidate containers.
2023-03-23 08:05:27,243 [BlockDeletingService#5] INFO  interfaces.ContainerDeletionChoosingPolicyTemplate (ContainerDeletionChoosingPolicyTemplate.java:chooseContainerForBlockDeletion(83)) - Chosen 0/5000 blocks from 0 candidate containers.
2023-03-23 08:05:27,244 [BlockDeletingService#2] INFO  interfaces.ContainerDeletionChoosingPolicyTemplate (ContainerDeletionChoosingPolicyTemplate.java:chooseContainerForBlockDeletion(83)) - Chosen 0/5000 blocks from 0 candidate containers.
2023-03-23 08:05:27,327 [SCMBlockDeletingService#0] DEBUG block.SCMBlockDeletingService (SCMBlockDeletingService.java:call(136)) - Running DeletedBlockTransactionScanner
2023-03-23 08:05:27,344 [BlockDeletingService#7] INFO  interfaces.ContainerDeletionChoosingPolicyTemplate (ContainerDeletionChoosingPolicyTemplate.java:chooseContainerForBlockDeletion(83)) - Chosen 0/5000 blocks from 0 candidate containers.
2023-03-23 08:05:27,344 [BlockDeletingService#5] INFO  interfaces.ContainerDeletionChoosingPolicyTemplate (ContainerDeletionChoosingPolicyTemplate.java:chooseContainerForBlockDeletion(83)) - Chosen 0/5000 blocks from 0 candidate containers.
2023-03-23 08:05:27,344 [BlockDeletingService#2] INFO  interfaces.ContainerDeletionChoosingPolicyTemplate (ContainerDeletionChoosingPolicyTemplate.java:chooseContainerForBlockDeletion(83)) - Chosen 0/5000 blocks from 0 candidate containers.
2023-03-23 08:05:27,427 [SCMBlockDeletingService#0] DEBUG block.SCMBlockDeletingService (SCMBlockDeletingService.java:call(136)) - Running DeletedBlockTransactionScanner
2023-03-23 08:05:27,427 [SCMBlockDeletingService#0] DEBUG block.SCMBlockDeletingService (DatanodeDeletedBlockTransactions.java:addTransactionToDN(50)) - Transaction added: ec9f5457-0109-4da3-8559-48062aace451 <- TX(1)
2023-03-23 08:05:27,428 [SCMBlockDeletingService#0] DEBUG block.SCMBlockDeletingService (DatanodeDeletedBlockTransactions.java:addTransactionToDN(50)) - Transaction added: 82a30c81-a10a-4a6a-ae9d-f1f427ed9001 <- TX(1)
2023-03-23 08:05:27,428 [SCMBlockDeletingService#0] DEBUG block.SCMBlockDeletingService (DatanodeDeletedBlockTransactions.java:addTransactionToDN(50)) - Transaction added: 7171cd95-6b54-4876-a08e-c51c27c3dd43 <- TX(1)
2023-03-23 08:05:27,428 [SCMBlockDeletingService#0] DEBUG block.SCMBlockDeletingService (DatanodeDeletedBlockTransactions.java:addTransactionToDN(50)) - Transaction added: 82a30c81-a10a-4a6a-ae9d-f1f427ed9001 <- TX(2)
2023-03-23 08:05:27,428 [SCMBlockDeletingService#0] DEBUG block.SCMBlockDeletingService (DatanodeDeletedBlockTransactions.java:addTransactionToDN(50)) - Transaction added: 7171cd95-6b54-4876-a08e-c51c27c3dd43 <- TX(2)
2023-03-23 08:05:27,428 [SCMBlockDeletingService#0] DEBUG block.SCMBlockDeletingService (DatanodeDeletedBlockTransactions.java:addTransactionToDN(50)) - Transaction added: ec9f5457-0109-4da3-8559-48062aace451 <- TX(2)
2023-03-23 08:05:27,428 [SCMBlockDeletingService#0] DEBUG block.SCMBlockDeletingService (DatanodeDeletedBlockTransactions.java:addTransactionToDN(50)) - Transaction added: 7171cd95-6b54-4876-a08e-c51c27c3dd43 <- TX(3)
2023-03-23 08:05:27,428 [SCMBlockDeletingService#0] DEBUG block.SCMBlockDeletingService (DatanodeDeletedBlockTransactions.java:addTransactionToDN(50)) - Transaction added: ec9f5457-0109-4da3-8559-48062aace451 <- TX(3)
2023-03-23 08:05:27,428 [SCMBlockDeletingService#0] DEBUG block.SCMBlockDeletingService (DatanodeDeletedBlockTransactions.java:addTransactionToDN(50)) - Transaction added: 82a30c81-a10a-4a6a-ae9d-f1f427ed9001 <- TX(3)
2023-03-23 08:05:27,428 [SCMBlockDeletingService#0] DEBUG block.SCMBlockDeletingService (DatanodeDeletedBlockTransactions.java:addTransactionToDN(50)) - Transaction added: 7171cd95-6b54-4876-a08e-c51c27c3dd43 <- TX(4)
2023-03-23 08:05:27,428 [SCMBlockDeletingService#0] DEBUG block.SCMBlockDeletingService (DatanodeDeletedBlockTransactions.java:addTransactionToDN(50)) - Transaction added: ec9f5457-0109-4da3-8559-48062aace451 <- TX(4)
2023-03-23 08:05:27,428 [SCMBlockDeletingService#0] DEBUG block.SCMBlockDeletingService (DatanodeDeletedBlockTransactions.java:addTransactionToDN(50)) - Transaction added: 82a30c81-a10a-4a6a-ae9d-f1f427ed9001 <- TX(4)
2023-03-23 08:05:27,428 [SCMBlockDeletingService#0] DEBUG block.SCMBlockDeletingService (DatanodeDeletedBlockTransactions.java:addTransactionToDN(50)) - Transaction added: 82a30c81-a10a-4a6a-ae9d-f1f427ed9001 <- TX(5)
2023-03-23 08:05:27,428 [SCMBlockDeletingService#0] DEBUG block.SCMBlockDeletingService (DatanodeDeletedBlockTransactions.java:addTransactionToDN(50)) - Transaction added: 7171cd95-6b54-4876-a08e-c51c27c3dd43 <- TX(5)
2023-03-23 08:05:27,428 [SCMBlockDeletingService#0] DEBUG block.SCMBlockDeletingService (DatanodeDeletedBlockTransactions.java:addTransactionToDN(50)) - Transaction added: ec9f5457-0109-4da3-8559-48062aace451 <- TX(5)
2023-03-23 08:05:27,428 [SCMBlockDeletingService#0] DEBUG block.SCMBlockDeletingService (DatanodeDeletedBlockTransactions.java:addTransactionToDN(50)) - Transaction added: 82a30c81-a10a-4a6a-ae9d-f1f427ed9001 <- TX(6)
2023-03-23 08:05:27,428 [SCMBlockDeletingService#0] DEBUG block.SCMBlockDeletingService (DatanodeDeletedBlockTransactions.java:addTransactionToDN(50)) - Transaction added: 7171cd95-6b54-4876-a08e-c51c27c3dd43 <- TX(6)
2023-03-23 08:05:27,428 [SCMBlockDeletingService#0] DEBUG block.SCMBlockDeletingService (DatanodeDeletedBlockTransactions.java:addTransactionToDN(50)) - Transaction added: ec9f5457-0109-4da3-8559-48062aace451 <- TX(6)
2023-03-23 08:05:27,429 [SCMBlockDeletingService#0] DEBUG block.SCMBlockDeletingService (DatanodeDeletedBlockTransactions.java:addTransactionToDN(50)) - Transaction added: ec9f5457-0109-4da3-8559-48062aace451 <- TX(7)
2023-03-23 08:05:27,429 [SCMBlockDeletingService#0] DEBUG block.SCMBlockDeletingService (DatanodeDeletedBlockTransactions.java:addTransactionToDN(50)) - Transaction added: 7171cd95-6b54-4876-a08e-c51c27c3dd43 <- TX(7)
2023-03-23 08:05:27,429 [SCMBlockDeletingService#0] DEBUG block.SCMBlockDeletingService (DatanodeDeletedBlockTransactions.java:addTransactionToDN(50)) - Transaction added: 82a30c81-a10a-4a6a-ae9d-f1f427ed9001 <- TX(7)
2023-03-23 08:05:27,429 [SCMBlockDeletingService#0] DEBUG block.SCMBlockDeletingService (DatanodeDeletedBlockTransactions.java:addTransactionToDN(50)) - Transaction added: 82a30c81-a10a-4a6a-ae9d-f1f427ed9001 <- TX(8)
2023-03-23 08:05:27,429 [SCMBlockDeletingService#0] DEBUG block.SCMBlockDeletingService (DatanodeDeletedBlockTransactions.java:addTransactionToDN(50)) - Transaction added: ec9f5457-0109-4da3-8559-48062aace451 <- TX(8)
2023-03-23 08:05:27,429 [SCMBlockDeletingService#0] DEBUG block.SCMBlockDeletingService (DatanodeDeletedBlockTransactions.java:addTransactionToDN(50)) - Transaction added: 7171cd95-6b54-4876-a08e-c51c27c3dd43 <- TX(8)
2023-03-23 08:05:27,429 [SCMBlockDeletingService#0] DEBUG block.SCMBlockDeletingService (DatanodeDeletedBlockTransactions.java:addTransactionToDN(50)) - Transaction added: ec9f5457-0109-4da3-8559-48062aace451 <- TX(9)
2023-03-23 08:05:27,429 [SCMBlockDeletingService#0] DEBUG block.SCMBlockDeletingService (DatanodeDeletedBlockTransactions.java:addTransactionToDN(50)) - Transaction added: 82a30c81-a10a-4a6a-ae9d-f1f427ed9001 <- TX(9)
2023-03-23 08:05:27,429 [SCMBlockDeletingService#0] DEBUG block.SCMBlockDeletingService (DatanodeDeletedBlockTransactions.java:addTransactionToDN(50)) - Transaction added: 7171cd95-6b54-4876-a08e-c51c27c3dd43 <- TX(9)
2023-03-23 08:05:27,429 [SCMBlockDeletingService#0] DEBUG block.SCMBlockDeletingService (DatanodeDeletedBlockTransactions.java:addTransactionToDN(50)) - Transaction added: 82a30c81-a10a-4a6a-ae9d-f1f427ed9001 <- TX(10)
2023-03-23 08:05:27,429 [SCMBlockDeletingService#0] DEBUG block.SCMBlockDeletingService (DatanodeDeletedBlockTransactions.java:addTransactionToDN(50)) - Transaction added: 7171cd95-6b54-4876-a08e-c51c27c3dd43 <- TX(10)
2023-03-23 08:05:27,429 [SCMBlockDeletingService#0] DEBUG block.SCMBlockDeletingService (DatanodeDeletedBlockTransactions.java:addTransactionToDN(50)) - Transaction added: ec9f5457-0109-4da3-8559-48062aace451 <- TX(10)
2023-03-23 08:05:27,429 [SCMBlockDeletingService#0] DEBUG block.SCMBlockDeletingService (SCMBlockDeletingService.java:call(171)) - Added delete block command for datanode ec9f5457-0109-4da3-8559-48062aace451 in the queue, number of delete block transactions: 10
2023-03-23 08:05:27,430 [SCMBlockDeletingService#0] DEBUG block.SCMBlockDeletingService (SCMBlockDeletingService.java:call(171)) - Added delete block command for datanode 7171cd95-6b54-4876-a08e-c51c27c3dd43 in the queue, number of delete block transactions: 10
2023-03-23 08:05:27,430 [SCMBlockDeletingService#0] DEBUG block.SCMBlockDeletingService (SCMBlockDeletingService.java:call(171)) - Added delete block command for datanode 82a30c81-a10a-4a6a-ae9d-f1f427ed9001 in the queue, number of delete block transactions: 10
2023-03-23 08:05:27,430 [SCMBlockDeletingService#0] INFO  block.SCMBlockDeletingService (SCMBlockDeletingService.java:call(180)) - Totally added 30 blocks to be deleted for 3 datanodes, task elapsed time: 3ms
2023-03-23 08:05:27,444 [BlockDeletingService#7] INFO  interfaces.ContainerDeletionChoosingPolicyTemplate (ContainerDeletionChoosingPolicyTemplate.java:chooseContainerForBlockDeletion(83)) - Chosen 0/5000 blocks from 0 candidate containers.
2023-03-23 08:05:27,444 [BlockDeletingService#5] INFO  interfaces.ContainerDeletionChoosingPolicyTemplate (ContainerDeletionChoosingPolicyTemplate.java:chooseContainerForBlockDeletion(83)) - Chosen 0/5000 blocks from 0 candidate containers.
2023-03-23 08:05:27,444 [BlockDeletingService#2] INFO  interfaces.ContainerDeletionChoosingPolicyTemplate (ContainerDeletionChoosingPolicyTemplate.java:chooseContainerForBlockDeletion(83)) - Chosen 0/5000 blocks from 0 candidate containers.
2023-03-23 08:05:27,527 [SCMBlockDeletingService#0] DEBUG block.SCMBlockDeletingService (SCMBlockDeletingService.java:call(136)) - Running DeletedBlockTransactionScanner
2023-03-23 08:05:27,544 [BlockDeletingService#7] INFO  interfaces.ContainerDeletionChoosingPolicyTemplate (ContainerDeletionChoosingPolicyTemplate.java:chooseContainerForBlockDeletion(83)) - Chosen 0/5000 blocks from 0 candidate containers.
2023-03-23 08:05:27,544 [BlockDeletingService#5] INFO  interfaces.ContainerDeletionChoosingPolicyTemplate (ContainerDeletionChoosingPolicyTemplate.java:chooseContainerForBlockDeletion(83)) - Chosen 0/5000 blocks from 0 candidate containers.
2023-03-23 08:05:27,544 [BlockDeletingService#2] INFO  interfaces.ContainerDeletionChoosingPolicyTemplate (ContainerDeletionChoosingPolicyTemplate.java:chooseContainerForBlockDeletion(83)) - Chosen 0/5000 blocks from 0 candidate containers.
2023-03-23 08:05:27,627 [SCMBlockDeletingService#0] DEBUG block.SCMBlockDeletingService (SCMBlockDeletingService.java:call(136)) - Running DeletedBlockTransactionScanner
2023-03-23 08:05:27,628 [SCMBlockDeletingService#0] DEBUG block.SCMBlockDeletingService (DatanodeDeletedBlockTransactions.java:addTransactionToDN(50)) - Transaction added: ec9f5457-0109-4da3-8559-48062aace451 <- TX(1)
2023-03-23 08:05:27,628 [SCMBlockDeletingService#0] DEBUG block.SCMBlockDeletingService (DatanodeDeletedBlockTransactions.java:addTransactionToDN(50)) - Transaction added: 82a30c81-a10a-4a6a-ae9d-f1f427ed9001 <- TX(1)
2023-03-23 08:05:27,628 [SCMBlockDeletingService#0] DEBUG block.SCMBlockDeletingService (DatanodeDeletedBlockTransactions.java:addTransactionToDN(50)) - Transaction added: 7171cd95-6b54-4876-a08e-c51c27c3dd43 <- TX(1)
2023-03-23 08:05:27,628 [SCMBlockDeletingService#0] DEBUG block.SCMBlockDeletingService (DatanodeDeletedBlockTransactions.java:addTransactionToDN(50)) - Transaction added: 82a30c81-a10a-4a6a-ae9d-f1f427ed9001 <- TX(2)
2023-03-23 08:05:27,628 [SCMBlockDeletingService#0] DEBUG block.SCMBlockDeletingService (DatanodeDeletedBlockTransactions.java:addTransactionToDN(50)) - Transaction added: ec9f5457-0109-4da3-8559-48062aace451 <- TX(2)
2023-03-23 08:05:27,628 [SCMBlockDeletingService#0] DEBUG block.SCMBlockDeletingService (DatanodeDeletedBlockTransactions.java:addTransactionToDN(50)) - Transaction added: 7171cd95-6b54-4876-a08e-c51c27c3dd43 <- TX(2)
2023-03-23 08:05:27,628 [SCMBlockDeletingService#0] DEBUG block.SCMBlockDeletingService (DatanodeDeletedBlockTransactions.java:addTransactionToDN(50)) - Transaction added: 7171cd95-6b54-4876-a08e-c51c27c3dd43 <- TX(3)
2023-03-23 08:05:27,628 [SCMBlockDeletingService#0] DEBUG block.SCMBlockDeletingService (DatanodeDeletedBlockTransactions.java:addTransactionToDN(50)) - Transaction added: ec9f5457-0109-4da3-8559-48062aace451 <- TX(3)
2023-03-23 08:05:27,628 [SCMBlockDeletingService#0] DEBUG block.SCMBlockDeletingService (DatanodeDeletedBlockTransactions.java:addTransactionToDN(50)) - Transaction added: 82a30c81-a10a-4a6a-ae9d-f1f427ed9001 <- TX(3)
2023-03-23 08:05:27,628 [SCMBlockDeletingService#0] DEBUG block.SCMBlockDeletingService (DatanodeDeletedBlockTransactions.java:addTransactionToDN(50)) - Transaction added: 7171cd95-6b54-4876-a08e-c51c27c3dd43 <- TX(4)
2023-03-23 08:05:27,628 [SCMBlockDeletingService#0] DEBUG block.SCMBlockDeletingService (DatanodeDeletedBlockTransactions.java:addTransactionToDN(50)) - Transaction added: ec9f5457-0109-4da3-8559-48062aace451 <- TX(4)
2023-03-23 08:05:27,629 [SCMBlockDeletingService#0] DEBUG block.SCMBlockDeletingService (DatanodeDeletedBlockTransactions.java:addTransactionToDN(50)) - Transaction added: 82a30c81-a10a-4a6a-ae9d-f1f427ed9001 <- TX(4)
2023-03-23 08:05:27,629 [SCMBlockDeletingService#0] DEBUG block.SCMBlockDeletingService (DatanodeDeletedBlockTransactions.java:addTransactionToDN(50)) - Transaction added: 82a30c81-a10a-4a6a-ae9d-f1f427ed9001 <- TX(5)
2023-03-23 08:05:27,629 [SCMBlockDeletingService#0] DEBUG block.SCMBlockDeletingService (DatanodeDeletedBlockTransactions.java:addTransactionToDN(50)) - Transaction added: 7171cd95-6b54-4876-a08e-c51c27c3dd43 <- TX(5)
2023-03-23 08:05:27,629 [SCMBlockDeletingService#0] DEBUG block.SCMBlockDeletingService (DatanodeDeletedBlockTransactions.java:addTransactionToDN(50)) - Transaction added: ec9f5457-0109-4da3-8559-48062aace451 <- TX(5)
2023-03-23 08:05:27,629 [SCMBlockDeletingService#0] DEBUG block.SCMBlockDeletingService (DatanodeDeletedBlockTransactions.java:addTransactionToDN(50)) - Transaction added: 82a30c81-a10a-4a6a-ae9d-f1f427ed9001 <- TX(6)
2023-03-23 08:05:27,629 [SCMBlockDeletingService#0] DEBUG block.SCMBlockDeletingService (DatanodeDeletedBlockTransactions.java:addTransactionToDN(50)) - Transaction added: 7171cd95-6b54-4876-a08e-c51c27c3dd43 <- TX(6)
2023-03-23 08:05:27,629 [SCMBlockDeletingService#0] DEBUG block.SCMBlockDeletingService (DatanodeDeletedBlockTransactions.java:addTransactionToDN(50)) - Transaction added: ec9f5457-0109-4da3-8559-48062aace451 <- TX(6)
2023-03-23 08:05:27,629 [SCMBlockDeletingService#0] DEBUG block.SCMBlockDeletingService (DatanodeDeletedBlockTransactions.java:addTransactionToDN(50)) - Transaction added: ec9f5457-0109-4da3-8559-48062aace451 <- TX(7)
2023-03-23 08:05:27,629 [SCMBlockDeletingService#0] DEBUG block.SCMBlockDeletingService (DatanodeDeletedBlockTransactions.java:addTransactionToDN(50)) - Transaction added: 7171cd95-6b54-4876-a08e-c51c27c3dd43 <- TX(7)
2023-03-23 08:05:27,629 [SCMBlockDeletingService#0] DEBUG block.SCMBlockDeletingService (DatanodeDeletedBlockTransactions.java:addTransactionToDN(50)) - Transaction added: 82a30c81-a10a-4a6a-ae9d-f1f427ed9001 <- TX(7)
2023-03-23 08:05:27,629 [SCMBlockDeletingService#0] DEBUG block.SCMBlockDeletingService (DatanodeDeletedBlockTransactions.java:addTransactionToDN(50)) - Transaction added: 82a30c81-a10a-4a6a-ae9d-f1f427ed9001 <- TX(8)
2023-03-23 08:05:27,629 [SCMBlockDeletingService#0] DEBUG block.SCMBlockDeletingService (DatanodeDeletedBlockTransactions.java:addTransactionToDN(50)) - Transaction added: ec9f5457-0109-4da3-8559-48062aace451 <- TX(8)
2023-03-23 08:05:27,629 [SCMBlockDeletingService#0] DEBUG block.SCMBlockDeletingService (DatanodeDeletedBlockTransactions.java:addTransactionToDN(50)) - Transaction added: 7171cd95-6b54-4876-a08e-c51c27c3dd43 <- TX(8)
2023-03-23 08:05:27,629 [SCMBlockDeletingService#0] DEBUG block.SCMBlockDeletingService (DatanodeDeletedBlockTransactions.java:addTransactionToDN(50)) - Transaction added: ec9f5457-0109-4da3-8559-48062aace451 <- TX(9)
2023-03-23 08:05:27,629 [SCMBlockDeletingService#0] DEBUG block.SCMBlockDeletingService (DatanodeDeletedBlockTransactions.java:addTransactionToDN(50)) - Transaction added: 82a30c81-a10a-4a6a-ae9d-f1f427ed9001 <- TX(9)
2023-03-23 08:05:27,629 [SCMBlockDeletingService#0] DEBUG block.SCMBlockDeletingService (DatanodeDeletedBlockTransactions.java:addTransactionToDN(50)) - Transaction added: 7171cd95-6b54-4876-a08e-c51c27c3dd43 <- TX(9)
2023-03-23 08:05:27,629 [SCMBlockDeletingService#0] DEBUG block.SCMBlockDeletingService (DatanodeDeletedBlockTransactions.java:addTransactionToDN(50)) - Transaction added: 82a30c81-a10a-4a6a-ae9d-f1f427ed9001 <- TX(10)
2023-03-23 08:05:27,629 [SCMBlockDeletingService#0] DEBUG block.SCMBlockDeletingService (DatanodeDeletedBlockTransactions.java:addTransactionToDN(50)) - Transaction added: ec9f5457-0109-4da3-8559-48062aace451 <- TX(10)
2023-03-23 08:05:27,630 [SCMBlockDeletingService#0] DEBUG block.SCMBlockDeletingService (DatanodeDeletedBlockTransactions.java:addTransactionToDN(50)) - Transaction added: 7171cd95-6b54-4876-a08e-c51c27c3dd43 <- TX(10)
2023-03-23 08:05:27,630 [SCMBlockDeletingService#0] DEBUG block.SCMBlockDeletingService (SCMBlockDeletingService.java:call(171)) - Added delete block command for datanode ec9f5457-0109-4da3-8559-48062aace451 in the queue, number of delete block transactions: 10
2023-03-23 08:05:27,630 [SCMBlockDeletingService#0] DEBUG block.SCMBlockDeletingService (SCMBlockDeletingService.java:call(171)) - Added delete block command for datanode 7171cd95-6b54-4876-a08e-c51c27c3dd43 in the queue, number of delete block transactions: 10
2023-03-23 08:05:27,630 [SCMBlockDeletingService#0] DEBUG block.SCMBlockDeletingService (SCMBlockDeletingService.java:call(171)) - Added delete block command for datanode 82a30c81-a10a-4a6a-ae9d-f1f427ed9001 in the queue, number of delete block transactions: 10
2023-03-23 08:05:27,630 [SCMBlockDeletingService#0] INFO  block.SCMBlockDeletingService (SCMBlockDeletingService.java:call(180)) - Totally added 30 blocks to be deleted for 3 datanodes, task elapsed time: 3ms
2023-03-23 08:05:27,644 [BlockDeletingService#7] INFO  interfaces.ContainerDeletionChoosingPolicyTemplate (ContainerDeletionChoosingPolicyTemplate.java:chooseContainerForBlockDeletion(83)) - Chosen 0/5000 blocks from 0 candidate containers.
2023-03-23 08:05:27,645 [BlockDeletingService#5] INFO  interfaces.ContainerDeletionChoosingPolicyTemplate (ContainerDeletionChoosingPolicyTemplate.java:chooseContainerForBlockDeletion(83)) - Chosen 0/5000 blocks from 0 candidate containers.
2023-03-23 08:05:27,645 [BlockDeletingService#2] INFO  interfaces.ContainerDeletionChoosingPolicyTemplate (ContainerDeletionChoosingPolicyTemplate.java:chooseContainerForBlockDeletion(83)) - Chosen 0/5000 blocks from 0 candidate containers.
2023-03-23 08:05:27,727 [SCMBlockDeletingService#0] DEBUG block.SCMBlockDeletingService (SCMBlockDeletingService.java:call(136)) - Running DeletedBlockTransactionScanner
2023-03-23 08:05:27,745 [BlockDeletingService#7] INFO  interfaces.ContainerDeletionChoosingPolicyTemplate (ContainerDeletionChoosingPolicyTemplate.java:chooseContainerForBlockDeletion(83)) - Chosen 0/5000 blocks from 0 candidate containers.
2023-03-23 08:05:27,745 [BlockDeletingService#2] INFO  interfaces.ContainerDeletionChoosingPolicyTemplate (ContainerDeletionChoosingPolicyTemplate.java:chooseContainerForBlockDeletion(83)) - Chosen 0/5000 blocks from 0 candidate containers.
2023-03-23 08:05:27,745 [BlockDeletingService#5] INFO  interfaces.ContainerDeletionChoosingPolicyTemplate (ContainerDeletionChoosingPolicyTemplate.java:chooseContainerForBlockDeletion(83)) - Chosen 0/5000 blocks from 0 candidate containers.
2023-03-23 08:05:27,827 [SCMBlockDeletingService#0] DEBUG block.SCMBlockDeletingService (SCMBlockDeletingService.java:call(136)) - Running DeletedBlockTransactionScanner
2023-03-23 08:05:27,828 [SCMBlockDeletingService#0] DEBUG block.SCMBlockDeletingService (DatanodeDeletedBlockTransactions.java:addTransactionToDN(50)) - Transaction added: ec9f5457-0109-4da3-8559-48062aace451 <- TX(1)
2023-03-23 08:05:27,828 [SCMBlockDeletingService#0] DEBUG block.SCMBlockDeletingService (DatanodeDeletedBlockTransactions.java:addTransactionToDN(50)) - Transaction added: 82a30c81-a10a-4a6a-ae9d-f1f427ed9001 <- TX(1)
2023-03-23 08:05:27,828 [SCMBlockDeletingService#0] DEBUG block.SCMBlockDeletingService (DatanodeDeletedBlockTransactions.java:addTransactionToDN(50)) - Transaction added: 7171cd95-6b54-4876-a08e-c51c27c3dd43 <- TX(1)
2023-03-23 08:05:27,828 [SCMBlockDeletingService#0] DEBUG block.SCMBlockDeletingService (DatanodeDeletedBlockTransactions.java:addTransactionToDN(50)) - Transaction added: 82a30c81-a10a-4a6a-ae9d-f1f427ed9001 <- TX(2)
2023-03-23 08:05:27,828 [SCMBlockDeletingService#0] DEBUG block.SCMBlockDeletingService (DatanodeDeletedBlockTransactions.java:addTransactionToDN(50)) - Transaction added: ec9f5457-0109-4da3-8559-48062aace451 <- TX(2)
2023-03-23 08:05:27,828 [SCMBlockDeletingService#0] DEBUG block.SCMBlockDeletingService (DatanodeDeletedBlockTransactions.java:addTransactionToDN(50)) - Transaction added: 7171cd95-6b54-4876-a08e-c51c27c3dd43 <- TX(2)
2023-03-23 08:05:27,829 [SCMBlockDeletingService#0] DEBUG block.SCMBlockDeletingService (DatanodeDeletedBlockTransactions.java:addTransactionToDN(50)) - Transaction added: 7171cd95-6b54-4876-a08e-c51c27c3dd43 <- TX(3)
2023-03-23 08:05:27,829 [SCMBlockDeletingService#0] DEBUG block.SCMBlockDeletingService (DatanodeDeletedBlockTransactions.java:addTransactionToDN(50)) - Transaction added: 82a30c81-a10a-4a6a-ae9d-f1f427ed9001 <- TX(3)
2023-03-23 08:05:27,829 [SCMBlockDeletingService#0] DEBUG block.SCMBlockDeletingService (DatanodeDeletedBlockTransactions.java:addTransactionToDN(50)) - Transaction added: ec9f5457-0109-4da3-8559-48062aace451 <- TX(3)
2023-03-23 08:05:27,829 [SCMBlockDeletingService#0] DEBUG block.SCMBlockDeletingService (DatanodeDeletedBlockTransactions.java:addTransactionToDN(50)) - Transaction added: 7171cd95-6b54-4876-a08e-c51c27c3dd43 <- TX(4)
2023-03-23 08:05:27,829 [SCMBlockDeletingService#0] DEBUG block.SCMBlockDeletingService (DatanodeDeletedBlockTransactions.java:addTransactionToDN(50)) - Transaction added: ec9f5457-0109-4da3-8559-48062aace451 <- TX(4)
2023-03-23 08:05:27,829 [SCMBlockDeletingService#0] DEBUG block.SCMBlockDeletingService (DatanodeDeletedBlockTransactions.java:addTransactionToDN(50)) - Transaction added: 82a30c81-a10a-4a6a-ae9d-f1f427ed9001 <- TX(4)
2023-03-23 08:05:27,829 [SCMBlockDeletingService#0] DEBUG block.SCMBlockDeletingService (DatanodeDeletedBlockTransactions.java:addTransactionToDN(50)) - Transaction added: 82a30c81-a10a-4a6a-ae9d-f1f427ed9001 <- TX(5)
2023-03-23 08:05:27,829 [SCMBlockDeletingService#0] DEBUG block.SCMBlockDeletingService (DatanodeDeletedBlockTransactions.java:addTransactionToDN(50)) - Transaction added: 7171cd95-6b54-4876-a08e-c51c27c3dd43 <- TX(5)
2023-03-23 08:05:27,829 [SCMBlockDeletingService#0] DEBUG block.SCMBlockDeletingService (DatanodeDeletedBlockTransactions.java:addTransactionToDN(50)) - Transaction added: ec9f5457-0109-4da3-8559-48062aace451 <- TX(5)
2023-03-23 08:05:27,829 [SCMBlockDeletingService#0] DEBUG block.SCMBlockDeletingService (DatanodeDeletedBlockTransactions.java:addTransactionToDN(50)) - Transaction added: 82a30c81-a10a-4a6a-ae9d-f1f427ed9001 <- TX(6)
2023-03-23 08:05:27,829 [SCMBlockDeletingService#0] DEBUG block.SCMBlockDeletingService (DatanodeDeletedBlockTransactions.java:addTransactionToDN(50)) - Transaction added: 7171cd95-6b54-4876-a08e-c51c27c3dd43 <- TX(6)
2023-03-23 08:05:27,829 [SCMBlockDeletingService#0] DEBUG block.SCMBlockDeletingService (DatanodeDeletedBlockTransactions.java:addTransactionToDN(50)) - Transaction added: ec9f5457-0109-4da3-8559-48062aace451 <- TX(6)
2023-03-23 08:05:27,830 [SCMBlockDeletingService#0] DEBUG block.SCMBlockDeletingService (DatanodeDeletedBlockTransactions.java:addTransactionToDN(50)) - Transaction added: ec9f5457-0109-4da3-8559-48062aace451 <- TX(7)
2023-03-23 08:05:27,830 [SCMBlockDeletingService#0] DEBUG block.SCMBlockDeletingService (DatanodeDeletedBlockTransactions.java:addTransactionToDN(50)) - Transaction added: 7171cd95-6b54-4876-a08e-c51c27c3dd43 <- TX(7)
2023-03-23 08:05:27,830 [SCMBlockDeletingService#0] DEBUG block.SCMBlockDeletingService (DatanodeDeletedBlockTransactions.java:addTransactionToDN(50)) - Transaction added: 82a30c81-a10a-4a6a-ae9d-f1f427ed9001 <- TX(7)
2023-03-23 08:05:27,830 [SCMBlockDeletingService#0] DEBUG block.SCMBlockDeletingService (DatanodeDeletedBlockTransactions.java:addTransactionToDN(50)) - Transaction added: 82a30c81-a10a-4a6a-ae9d-f1f427ed9001 <- TX(8)
2023-03-23 08:05:27,830 [SCMBlockDeletingService#0] DEBUG block.SCMBlockDeletingService (DatanodeDeletedBlockTransactions.java:addTransactionToDN(50)) - Transaction added: ec9f5457-0109-4da3-8559-48062aace451 <- TX(8)
2023-03-23 08:05:27,830 [SCMBlockDeletingService#0] DEBUG block.SCMBlockDeletingService (DatanodeDeletedBlockTransactions.java:addTransactionToDN(50)) - Transaction added: 7171cd95-6b54-4876-a08e-c51c27c3dd43 <- TX(8)
2023-03-23 08:05:27,830 [SCMBlockDeletingService#0] DEBUG block.SCMBlockDeletingService (DatanodeDeletedBlockTransactions.java:addTransactionToDN(50)) - Transaction added: ec9f5457-0109-4da3-8559-48062aace451 <- TX(9)
2023-03-23 08:05:27,830 [SCMBlockDeletingService#0] DEBUG block.SCMBlockDeletingService (DatanodeDeletedBlockTransactions.java:addTransactionToDN(50)) - Transaction added: 82a30c81-a10a-4a6a-ae9d-f1f427ed9001 <- TX(9)
2023-03-23 08:05:27,830 [SCMBlockDeletingService#0] DEBUG block.SCMBlockDeletingService (DatanodeDeletedBlockTransactions.java:addTransactionToDN(50)) - Transaction added: 7171cd95-6b54-4876-a08e-c51c27c3dd43 <- TX(9)
2023-03-23 08:05:27,830 [SCMBlockDeletingService#0] DEBUG block.SCMBlockDeletingService (DatanodeDeletedBlockTransactions.java:addTransactionToDN(50)) - Transaction added: 82a30c81-a10a-4a6a-ae9d-f1f427ed9001 <- TX(10)
2023-03-23 08:05:27,830 [SCMBlockDeletingService#0] DEBUG block.SCMBlockDeletingService (DatanodeDeletedBlockTransactions.java:addTransactionToDN(50)) - Transaction added: ec9f5457-0109-4da3-8559-48062aace451 <- TX(10)
2023-03-23 08:05:27,830 [SCMBlockDeletingService#0] DEBUG block.SCMBlockDeletingService (DatanodeDeletedBlockTransactions.java:addTransactionToDN(50)) - Transaction added: 7171cd95-6b54-4876-a08e-c51c27c3dd43 <- TX(10)
2023-03-23 08:05:27,830 [SCMBlockDeletingService#0] DEBUG block.SCMBlockDeletingService (SCMBlockDeletingService.java:call(171)) - Added delete block command for datanode ec9f5457-0109-4da3-8559-48062aace451 in the queue, number of delete block transactions: 10
2023-03-23 08:05:27,830 [SCMBlockDeletingService#0] DEBUG block.SCMBlockDeletingService (SCMBlockDeletingService.java:call(171)) - Added delete block command for datanode 7171cd95-6b54-4876-a08e-c51c27c3dd43 in the queue, number of delete block transactions: 10
2023-03-23 08:05:27,831 [SCMBlockDeletingService#0] DEBUG block.SCMBlockDeletingService (SCMBlockDeletingService.java:call(171)) - Added delete block command for datanode 82a30c81-a10a-4a6a-ae9d-f1f427ed9001 in the queue, number of delete block transactions: 10
2023-03-23 08:05:27,831 [SCMBlockDeletingService#0] INFO  block.SCMBlockDeletingService (SCMBlockDeletingService.java:call(180)) - Totally added 30 blocks to be deleted for 3 datanodes, task elapsed time: 3ms
2023-03-23 08:05:27,845 [BlockDeletingService#7] INFO  interfaces.ContainerDeletionChoosingPolicyTemplate (ContainerDeletionChoosingPolicyTemplate.java:chooseContainerForBlockDeletion(83)) - Chosen 0/5000 blocks from 0 candidate containers.
2023-03-23 08:05:27,845 [BlockDeletingService#2] INFO  interfaces.ContainerDeletionChoosingPolicyTemplate (ContainerDeletionChoosingPolicyTemplate.java:chooseContainerForBlockDeletion(83)) - Chosen 0/5000 blocks from 0 candidate containers.
2023-03-23 08:05:27,846 [BlockDeletingService#5] INFO  interfaces.ContainerDeletionChoosingPolicyTemplate (ContainerDeletionChoosingPolicyTemplate.java:chooseContainerForBlockDeletion(83)) - Chosen 0/5000 blocks from 0 candidate containers.
2023-03-23 08:05:27,927 [SCMBlockDeletingService#0] DEBUG block.SCMBlockDeletingService (SCMBlockDeletingService.java:call(136)) - Running DeletedBlockTransactionScanner
2023-03-23 08:05:27,940 [org.apache.hadoop.ozone.container.common.statemachine.commandhandler.DeleteBlocksCommandHandler$DeleteCmdWorker@523e0ffb] INFO  commandhandler.DeleteBlocksCommandHandler (DeleteBlocksCommandHandler.java:processCmd(272)) - Start to delete container blocks, TXIDs=[1(0),2(0),3(0),4(0),5(0),6(0),7(0),8(0),9(0),10(0)], numOfContainers=10, numOfBlocks=10
2023-03-23 08:05:27,945 [BlockDeletingService#7] INFO  interfaces.ContainerDeletionChoosingPolicyTemplate (ContainerDeletionChoosingPolicyTemplate.java:chooseContainerForBlockDeletion(83)) - Chosen 0/5000 blocks from 0 candidate containers.
2023-03-23 08:05:27,946 [BlockDeletingService#2] INFO  interfaces.ContainerDeletionChoosingPolicyTemplate (ContainerDeletionChoosingPolicyTemplate.java:chooseContainerForBlockDeletion(83)) - Chosen 0/5000 blocks from 0 candidate containers.
2023-03-23 08:05:27,946 [BlockDeletingService#5] INFO  interfaces.ContainerDeletionChoosingPolicyTemplate (ContainerDeletionChoosingPolicyTemplate.java:chooseContainerForBlockDeletion(83)) - Chosen 0/5000 blocks from 0 candidate containers.
2023-03-23 08:05:27,962 [org.apache.hadoop.ozone.container.common.statemachine.commandhandler.DeleteBlocksCommandHandler$DeleteCmdWorker@523e0ffb] INFO  commandhandler.DeleteBlocksCommandHandler (DeleteBlocksCommandHandler.java:processCmd(272)) - Start to delete container blocks, TXIDs=[1(1),2(1),3(1),4(1),5(1),6(1),7(1),8(1),9(1),10(1)], numOfContainers=10, numOfBlocks=10
2023-03-23 08:05:27,962 [DeleteBlocksCommandHandlerThread-0] INFO  commandhandler.DeleteBlocksCommandHandler (DeleteBlocksCommandHandler.java:logDeleteTransaction(489)) - Delete blocks for containerId: 1 is either received out of order or retried, 1 <= 1
2023-03-23 08:05:27,963 [DeleteBlocksCommandHandlerThread-0] INFO  commandhandler.DeleteBlocksCommandHandler (DeleteBlocksCommandHandler.java:logDeleteTransaction(489)) - Delete blocks for containerId: 3 is either received out of order or retried, 3 <= 3
2023-03-23 08:05:27,963 [DeleteBlocksCommandHandlerThread-0] INFO  commandhandler.DeleteBlocksCommandHandler (DeleteBlocksCommandHandler.java:logDeleteTransaction(489)) - Delete blocks for containerId: 4 is either received out of order or retried, 4 <= 4
2023-03-23 08:05:27,963 [DeleteBlocksCommandHandlerThread-0] INFO  commandhandler.DeleteBlocksCommandHandler (DeleteBlocksCommandHandler.java:logDeleteTransaction(489)) - Delete blocks for containerId: 5 is either received out of order or retried, 5 <= 5
2023-03-23 08:05:27,964 [DeleteBlocksCommandHandlerThread-0] INFO  commandhandler.DeleteBlocksCommandHandler (DeleteBlocksCommandHandler.java:logDeleteTransaction(489)) - Delete blocks for containerId: 6 is either received out of order or retried, 6 <= 6
2023-03-23 08:05:27,964 [DeleteBlocksCommandHandlerThread-0] INFO  commandhandler.DeleteBlocksCommandHandler (DeleteBlocksCommandHandler.java:logDeleteTransaction(489)) - Delete blocks for containerId: 7 is either received out of order or retried, 7 <= 7
2023-03-23 08:05:27,964 [DeleteBlocksCommandHandlerThread-0] INFO  commandhandler.DeleteBlocksCommandHandler (DeleteBlocksCommandHandler.java:logDeleteTransaction(489)) - Delete blocks for containerId: 8 is either received out of order or retried, 8 <= 8
2023-03-23 08:05:27,964 [DeleteBlocksCommandHandlerThread-0] INFO  commandhandler.DeleteBlocksCommandHandler (DeleteBlocksCommandHandler.java:logDeleteTransaction(489)) - Delete blocks for containerId: 9 is either received out of order or retried, 9 <= 9
2023-03-23 08:05:27,964 [DeleteBlocksCommandHandlerThread-0] INFO  commandhandler.DeleteBlocksCommandHandler (DeleteBlocksCommandHandler.java:logDeleteTransaction(489)) - Delete blocks for containerId: 10 is either received out of order or retried, 10 <= 10
2023-03-23 08:05:27,965 [DeleteBlocksCommandHandlerThread-1] INFO  commandhandler.DeleteBlocksCommandHandler (DeleteBlocksCommandHandler.java:logDeleteTransaction(489)) - Delete blocks for containerId: 2 is either received out of order or retried, 2 <= 2
2023-03-23 08:05:27,965 [org.apache.hadoop.ozone.container.common.statemachine.commandhandler.DeleteBlocksCommandHandler$DeleteCmdWorker@523e0ffb] INFO  commandhandler.DeleteBlocksCommandHandler (DeleteBlocksCommandHandler.java:processCmd(272)) - Start to delete container blocks, TXIDs=[1(2),2(2),3(2),4(2),5(2),6(2),7(2),8(2),9(2),10(2)], numOfContainers=10, numOfBlocks=10
2023-03-23 08:05:27,965 [DeleteBlocksCommandHandlerThread-2] INFO  commandhandler.DeleteBlocksCommandHandler (DeleteBlocksCommandHandler.java:logDeleteTransaction(489)) - Delete blocks for containerId: 1 is either received out of order or retried, 1 <= 1
2023-03-23 08:05:27,965 [DeleteBlocksCommandHandlerThread-3] INFO  commandhandler.DeleteBlocksCommandHandler (DeleteBlocksCommandHandler.java:logDeleteTransaction(489)) - Delete blocks for containerId: 2 is either received out of order or retried, 2 <= 2
2023-03-23 08:05:27,965 [DeleteBlocksCommandHandlerThread-2] INFO  commandhandler.DeleteBlocksCommandHandler (DeleteBlocksCommandHandler.java:logDeleteTransaction(489)) - Delete blocks for containerId: 3 is either received out of order or retried, 3 <= 3
2023-03-23 08:05:27,966 [DeleteBlocksCommandHandlerThread-3] INFO  commandhandler.DeleteBlocksCommandHandler (DeleteBlocksCommandHandler.java:logDeleteTransaction(489)) - Delete blocks for containerId: 4 is either received out of order or retried, 4 <= 4
2023-03-23 08:05:27,966 [DeleteBlocksCommandHandlerThread-2] INFO  commandhandler.DeleteBlocksCommandHandler (DeleteBlocksCommandHandler.java:logDeleteTransaction(489)) - Delete blocks for containerId: 5 is either received out of order or retried, 5 <= 5
2023-03-23 08:05:27,966 [DeleteBlocksCommandHandlerThread-3] INFO  commandhandler.DeleteBlocksCommandHandler (DeleteBlocksCommandHandler.java:logDeleteTransaction(489)) - Delete blocks for containerId: 6 is either received out of order or retried, 6 <= 6
2023-03-23 08:05:27,966 [DeleteBlocksCommandHandlerThread-2] INFO  commandhandler.DeleteBlocksCommandHandler (DeleteBlocksCommandHandler.java:logDeleteTransaction(489)) - Delete blocks for containerId: 7 is either received out of order or retried, 7 <= 7
2023-03-23 08:05:27,966 [DeleteBlocksCommandHandlerThread-2] INFO  commandhandler.DeleteBlocksCommandHandler (DeleteBlocksCommandHandler.java:logDeleteTransaction(489)) - Delete blocks for containerId: 8 is either received out of order or retried, 8 <= 8
2023-03-23 08:05:27,966 [DeleteBlocksCommandHandlerThread-2] INFO  commandhandler.DeleteBlocksCommandHandler (DeleteBlocksCommandHandler.java:logDeleteTransaction(489)) - Delete blocks for containerId: 10 is either received out of order or retried, 10 <= 10
2023-03-23 08:05:27,966 [DeleteBlocksCommandHandlerThread-3] INFO  commandhandler.DeleteBlocksCommandHandler (DeleteBlocksCommandHandler.java:logDeleteTransaction(489)) - Delete blocks for containerId: 9 is either received out of order or retried, 9 <= 9
2023-03-23 08:05:27,970 [org.apache.hadoop.ozone.container.common.statemachine.commandhandler.DeleteBlocksCommandHandler$DeleteCmdWorker@523e0ffb] INFO  commandhandler.DeleteBlocksCommandHandler (DeleteBlocksCommandHandler.java:processCmd(272)) - Start to delete container blocks, TXIDs=[1(3),2(3),3(3),4(3),5(3),6(3),7(3),8(3),9(3),10(3)], numOfContainers=10, numOfBlocks=10
2023-03-23 08:05:27,970 [DeleteBlocksCommandHandlerThread-3] INFO  commandhandler.DeleteBlocksCommandHandler (DeleteBlocksCommandHandler.java:logDeleteTransaction(489)) - Delete blocks for containerId: 2 is either received out of order or retried, 2 <= 2
2023-03-23 08:05:27,970 [DeleteBlocksCommandHandlerThread-0] INFO  commandhandler.DeleteBlocksCommandHandler (DeleteBlocksCommandHandler.java:logDeleteTransaction(489)) - Delete blocks for containerId: 4 is either received out of order or retried, 4 <= 4
2023-03-23 08:05:27,970 [DeleteBlocksCommandHandlerThread-0] INFO  commandhandler.DeleteBlocksCommandHandler (DeleteBlocksCommandHandler.java:logDeleteTransaction(489)) - Delete blocks for containerId: 6 is either received out of order or retried, 6 <= 6
2023-03-23 08:05:27,971 [DeleteBlocksCommandHandlerThread-0] INFO  commandhandler.DeleteBlocksCommandHandler (DeleteBlocksCommandHandler.java:logDeleteTransaction(489)) - Delete blocks for containerId: 7 is either received out of order or retried, 7 <= 7
2023-03-23 08:05:27,971 [DeleteBlocksCommandHandlerThread-0] INFO  commandhandler.DeleteBlocksCommandHandler (DeleteBlocksCommandHandler.java:logDeleteTransaction(489)) - Delete blocks for containerId: 8 is either received out of order or retried, 8 <= 8
2023-03-23 08:05:27,971 [DeleteBlocksCommandHandlerThread-3] INFO  commandhandler.DeleteBlocksCommandHandler (DeleteBlocksCommandHandler.java:logDeleteTransaction(489)) - Delete blocks for containerId: 5 is either received out of order or retried, 5 <= 5
2023-03-23 08:05:27,971 [DeleteBlocksCommandHandlerThread-1] INFO  commandhandler.DeleteBlocksCommandHandler (DeleteBlocksCommandHandler.java:logDeleteTransaction(489)) - Delete blocks for containerId: 9 is either received out of order or retried, 9 <= 9
2023-03-23 08:05:27,971 [DeleteBlocksCommandHandlerThread-0] INFO  commandhandler.DeleteBlocksCommandHandler (DeleteBlocksCommandHandler.java:logDeleteTransaction(489)) - Delete blocks for containerId: 10 is either received out of order or retried, 10 <= 10
2023-03-23 08:05:27,970 [DeleteBlocksCommandHandlerThread-2] INFO  commandhandler.DeleteBlocksCommandHandler (DeleteBlocksCommandHandler.java:logDeleteTransaction(489)) - Delete blocks for containerId: 1 is either received out of order or retried, 1 <= 1
2023-03-23 08:05:27,972 [DeleteBlocksCommandHandlerThread-4] INFO  commandhandler.DeleteBlocksCommandHandler (DeleteBlocksCommandHandler.java:logDeleteTransaction(489)) - Delete blocks for containerId: 3 is either received out of order or retried, 3 <= 3
2023-03-23 08:05:28,027 [SCMBlockDeletingService#0] DEBUG block.SCMBlockDeletingService (SCMBlockDeletingService.java:call(136)) - Running DeletedBlockTransactionScanner
2023-03-23 08:05:28,028 [SCMBlockDeletingService#0] DEBUG block.SCMBlockDeletingService (DatanodeDeletedBlockTransactions.java:addTransactionToDN(50)) - Transaction added: ec9f5457-0109-4da3-8559-48062aace451 <- TX(1)
2023-03-23 08:05:28,028 [SCMBlockDeletingService#0] DEBUG block.SCMBlockDeletingService (DatanodeDeletedBlockTransactions.java:addTransactionToDN(50)) - Transaction added: 82a30c81-a10a-4a6a-ae9d-f1f427ed9001 <- TX(1)
2023-03-23 08:05:28,028 [SCMBlockDeletingService#0] DEBUG block.SCMBlockDeletingService (DatanodeDeletedBlockTransactions.java:addTransactionToDN(50)) - Transaction added: 7171cd95-6b54-4876-a08e-c51c27c3dd43 <- TX(1)
2023-03-23 08:05:28,028 [SCMBlockDeletingService#0] DEBUG block.SCMBlockDeletingService (DatanodeDeletedBlockTransactions.java:addTransactionToDN(50)) - Transaction added: 82a30c81-a10a-4a6a-ae9d-f1f427ed9001 <- TX(2)
2023-03-23 08:05:28,028 [SCMBlockDeletingService#0] DEBUG block.SCMBlockDeletingService (DatanodeDeletedBlockTransactions.java:addTransactionToDN(50)) - Transaction added: 7171cd95-6b54-4876-a08e-c51c27c3dd43 <- TX(2)
2023-03-23 08:05:28,028 [SCMBlockDeletingService#0] DEBUG block.SCMBlockDeletingService (DatanodeDeletedBlockTransactions.java:addTransactionToDN(50)) - Transaction added: ec9f5457-0109-4da3-8559-48062aace451 <- TX(2)
2023-03-23 08:05:28,028 [SCMBlockDeletingService#0] DEBUG block.SCMBlockDeletingService (DatanodeDeletedBlockTransactions.java:addTransactionToDN(50)) - Transaction added: 7171cd95-6b54-4876-a08e-c51c27c3dd43 <- TX(3)
2023-03-23 08:05:28,028 [SCMBlockDeletingService#0] DEBUG block.SCMBlockDeletingService (DatanodeDeletedBlockTransactions.java:addTransactionToDN(50)) - Transaction added: 82a30c81-a10a-4a6a-ae9d-f1f427ed9001 <- TX(3)
2023-03-23 08:05:28,028 [SCMBlockDeletingService#0] DEBUG block.SCMBlockDeletingService (DatanodeDeletedBlockTransactions.java:addTransactionToDN(50)) - Transaction added: ec9f5457-0109-4da3-8559-48062aace451 <- TX(3)
2023-03-23 08:05:28,029 [SCMBlockDeletingService#0] DEBUG block.SCMBlockDeletingService (DatanodeDeletedBlockTransactions.java:addTransactionToDN(50)) - Transaction added: 7171cd95-6b54-4876-a08e-c51c27c3dd43 <- TX(4)
2023-03-23 08:05:28,029 [SCMBlockDeletingService#0] DEBUG block.SCMBlockDeletingService (DatanodeDeletedBlockTransactions.java:addTransactionToDN(50)) - Transaction added: ec9f5457-0109-4da3-8559-48062aace451 <- TX(4)
2023-03-23 08:05:28,029 [SCMBlockDeletingService#0] DEBUG block.SCMBlockDeletingService (DatanodeDeletedBlockTransactions.java:addTransactionToDN(50)) - Transaction added: 82a30c81-a10a-4a6a-ae9d-f1f427ed9001 <- TX(4)
2023-03-23 08:05:28,029 [SCMBlockDeletingService#0] DEBUG block.SCMBlockDeletingService (DatanodeDeletedBlockTransactions.java:addTransactionToDN(50)) - Transaction added: 82a30c81-a10a-4a6a-ae9d-f1f427ed9001 <- TX(5)
2023-03-23 08:05:28,029 [SCMBlockDeletingService#0] DEBUG block.SCMBlockDeletingService (DatanodeDeletedBlockTransactions.java:addTransactionToDN(50)) - Transaction added: 7171cd95-6b54-4876-a08e-c51c27c3dd43 <- TX(5)
2023-03-23 08:05:28,029 [SCMBlockDeletingService#0] DEBUG block.SCMBlockDeletingService (DatanodeDeletedBlockTransactions.java:addTransactionToDN(50)) - Transaction added: ec9f5457-0109-4da3-8559-48062aace451 <- TX(5)
2023-03-23 08:05:28,029 [SCMBlockDeletingService#0] DEBUG block.SCMBlockDeletingService (DatanodeDeletedBlockTransactions.java:addTransactionToDN(50)) - Transaction added: 82a30c81-a10a-4a6a-ae9d-f1f427ed9001 <- TX(6)
2023-03-23 08:05:28,029 [SCMBlockDeletingService#0] DEBUG block.SCMBlockDeletingService (DatanodeDeletedBlockTransactions.java:addTransactionToDN(50)) - Transaction added: 7171cd95-6b54-4876-a08e-c51c27c3dd43 <- TX(6)
2023-03-23 08:05:28,029 [SCMBlockDeletingService#0] DEBUG block.SCMBlockDeletingService (DatanodeDeletedBlockTransactions.java:addTransactionToDN(50)) - Transaction added: ec9f5457-0109-4da3-8559-48062aace451 <- TX(6)
2023-03-23 08:05:28,029 [SCMBlockDeletingService#0] DEBUG block.SCMBlockDeletingService (DatanodeDeletedBlockTransactions.java:addTransactionToDN(50)) - Transaction added: ec9f5457-0109-4da3-8559-48062aace451 <- TX(7)
2023-03-23 08:05:28,029 [SCMBlockDeletingService#0] DEBUG block.SCMBlockDeletingService (DatanodeDeletedBlockTransactions.java:addTransactionToDN(50)) - Transaction added: 7171cd95-6b54-4876-a08e-c51c27c3dd43 <- TX(7)
2023-03-23 08:05:28,029 [SCMBlockDeletingService#0] DEBUG block.SCMBlockDeletingService (DatanodeDeletedBlockTransactions.java:addTransactionToDN(50)) - Transaction added: 82a30c81-a10a-4a6a-ae9d-f1f427ed9001 <- TX(7)
2023-03-23 08:05:28,029 [SCMBlockDeletingService#0] DEBUG block.SCMBlockDeletingService (DatanodeDeletedBlockTransactions.java:addTransactionToDN(50)) - Transaction added: 82a30c81-a10a-4a6a-ae9d-f1f427ed9001 <- TX(8)
2023-03-23 08:05:28,029 [SCMBlockDeletingService#0] DEBUG block.SCMBlockDeletingService (DatanodeDeletedBlockTransactions.java:addTransactionToDN(50)) - Transaction added: ec9f5457-0109-4da3-8559-48062aace451 <- TX(8)
2023-03-23 08:05:28,029 [SCMBlockDeletingService#0] DEBUG block.SCMBlockDeletingService (DatanodeDeletedBlockTransactions.java:addTransactionToDN(50)) - Transaction added: 7171cd95-6b54-4876-a08e-c51c27c3dd43 <- TX(8)
2023-03-23 08:05:28,029 [SCMBlockDeletingService#0] DEBUG block.SCMBlockDeletingService (DatanodeDeletedBlockTransactions.java:addTransactionToDN(50)) - Transaction added: ec9f5457-0109-4da3-8559-48062aace451 <- TX(9)
2023-03-23 08:05:28,029 [SCMBlockDeletingService#0] DEBUG block.SCMBlockDeletingService (DatanodeDeletedBlockTransactions.java:addTransactionToDN(50)) - Transaction added: 82a30c81-a10a-4a6a-ae9d-f1f427ed9001 <- TX(9)
2023-03-23 08:05:28,029 [SCMBlockDeletingService#0] DEBUG block.SCMBlockDeletingService (DatanodeDeletedBlockTransactions.java:addTransactionToDN(50)) - Transaction added: 7171cd95-6b54-4876-a08e-c51c27c3dd43 <- TX(9)
2023-03-23 08:05:28,030 [SCMBlockDeletingService#0] DEBUG block.SCMBlockDeletingService (DatanodeDeletedBlockTransactions.java:addTransactionToDN(50)) - Transaction added: 82a30c81-a10a-4a6a-ae9d-f1f427ed9001 <- TX(10)
2023-03-23 08:05:28,030 [SCMBlockDeletingService#0] DEBUG block.SCMBlockDeletingService (DatanodeDeletedBlockTransactions.java:addTransactionToDN(50)) - Transaction added: 7171cd95-6b54-4876-a08e-c51c27c3dd43 <- TX(10)
2023-03-23 08:05:28,030 [SCMBlockDeletingService#0] DEBUG block.SCMBlockDeletingService (DatanodeDeletedBlockTransactions.java:addTransactionToDN(50)) - Transaction added: ec9f5457-0109-4da3-8559-48062aace451 <- TX(10)
2023-03-23 08:05:28,030 [SCMBlockDeletingService#0] DEBUG block.SCMBlockDeletingService (SCMBlockDeletingService.java:call(171)) - Added delete block command for datanode ec9f5457-0109-4da3-8559-48062aace451 in the queue, number of delete block transactions: 10
2023-03-23 08:05:28,030 [SCMBlockDeletingService#0] DEBUG block.SCMBlockDeletingService (SCMBlockDeletingService.java:call(171)) - Added delete block command for datanode 7171cd95-6b54-4876-a08e-c51c27c3dd43 in the queue, number of delete block transactions: 10
2023-03-23 08:05:28,030 [SCMBlockDeletingService#0] DEBUG block.SCMBlockDeletingService (SCMBlockDeletingService.java:call(171)) - Added delete block command for datanode 82a30c81-a10a-4a6a-ae9d-f1f427ed9001 in the queue, number of delete block transactions: 10
2023-03-23 08:05:28,030 [SCMBlockDeletingService#0] INFO  block.SCMBlockDeletingService (SCMBlockDeletingService.java:call(180)) - Totally added 30 blocks to be deleted for 3 datanodes, task elapsed time: 2ms
2023-03-23 08:05:28,046 [BlockDeletingService#2] INFO  interfaces.ContainerDeletionChoosingPolicyTemplate (ContainerDeletionChoosingPolicyTemplate.java:chooseContainerForBlockDeletion(83)) - Chosen 0/5000 blocks from 0 candidate containers.
2023-03-23 08:05:28,046 [BlockDeletingService#5] INFO  interfaces.ContainerDeletionChoosingPolicyTemplate (ContainerDeletionChoosingPolicyTemplate.java:chooseContainerForBlockDeletion(83)) - Chosen 0/5000 blocks from 0 candidate containers.
2023-03-23 08:05:28,085 [BlockDeletingService#7] INFO  interfaces.ContainerDeletionChoosingPolicyTemplate (ContainerDeletionChoosingPolicyTemplate.java:chooseContainerForBlockDeletion(83)) - Chosen 40/4960 blocks from 10 candidate containers.
2023-03-23 08:05:28,100 [BlockDeletingService#5] INFO  impl.FilePerBlockStrategy (FilePerBlockStrategy.java:deleteChunk(252)) - Deleted block file: /home/runner/work/ozone/ozone/hadoop-ozone/integration-test/target/test-dir/MiniOzoneClusterImpl-2db357e6-2bf9-484c-8f04-13a4732d1f27/datanode-1/data-0/containers/hdds/2db357e6-2bf9-484c-8f04-13a4732d1f27/current/containerDir0/2/chunks/111677748019200002.block
2023-03-23 08:05:28,100 [BlockDeletingService#0] INFO  impl.FilePerBlockStrategy (FilePerBlockStrategy.java:deleteChunk(252)) - Deleted block file: /home/runner/work/ozone/ozone/hadoop-ozone/integration-test/target/test-dir/MiniOzoneClusterImpl-2db357e6-2bf9-484c-8f04-13a4732d1f27/datanode-1/data-0/containers/hdds/2db357e6-2bf9-484c-8f04-13a4732d1f27/current/containerDir0/8/chunks/111677748019200008.block
2023-03-23 08:05:28,100 [BlockDeletingService#7] INFO  impl.FilePerBlockStrategy (FilePerBlockStrategy.java:deleteChunk(252)) - Deleted block file: /home/runner/work/ozone/ozone/hadoop-ozone/integration-test/target/test-dir/MiniOzoneClusterImpl-2db357e6-2bf9-484c-8f04-13a4732d1f27/datanode-1/data-0/containers/hdds/2db357e6-2bf9-484c-8f04-13a4732d1f27/current/containerDir0/9/chunks/111677748019200009.block
2023-03-23 08:05:28,102 [BlockDeletingService#4] INFO  impl.FilePerBlockStrategy (FilePerBlockStrategy.java:deleteChunk(252)) - Deleted block file: /home/runner/work/ozone/ozone/hadoop-ozone/integration-test/target/test-dir/MiniOzoneClusterImpl-2db357e6-2bf9-484c-8f04-13a4732d1f27/datanode-1/data-0/containers/hdds/2db357e6-2bf9-484c-8f04-13a4732d1f27/current/containerDir0/4/chunks/111677748019200004.block
2023-03-23 08:05:28,103 [BlockDeletingService#8] INFO  impl.FilePerBlockStrategy (FilePerBlockStrategy.java:deleteChunk(252)) - Deleted block file: /home/runner/work/ozone/ozone/hadoop-ozone/integration-test/target/test-dir/MiniOzoneClusterImpl-2db357e6-2bf9-484c-8f04-13a4732d1f27/datanode-1/data-0/containers/hdds/2db357e6-2bf9-484c-8f04-13a4732d1f27/current/containerDir0/5/chunks/111677748019200005.block
2023-03-23 08:05:28,104 [BlockDeletingService#3] INFO  impl.FilePerBlockStrategy (FilePerBlockStrategy.java:deleteChunk(252)) - Deleted block file: /home/runner/work/ozone/ozone/hadoop-ozone/integration-test/target/test-dir/MiniOzoneClusterImpl-2db357e6-2bf9-484c-8f04-13a4732d1f27/datanode-1/data-0/containers/hdds/2db357e6-2bf9-484c-8f04-13a4732d1f27/current/containerDir0/6/chunks/111677748019200006.block
2023-03-23 08:05:28,104 [BlockDeletingService#1] INFO  impl.FilePerBlockStrategy (FilePerBlockStrategy.java:deleteChunk(252)) - Deleted block file: /home/runner/work/ozone/ozone/hadoop-ozone/integration-test/target/test-dir/MiniOzoneClusterImpl-2db357e6-2bf9-484c-8f04-13a4732d1f27/datanode-1/data-0/containers/hdds/2db357e6-2bf9-484c-8f04-13a4732d1f27/current/containerDir0/1/chunks/111677748019200001.block
2023-03-23 08:05:28,104 [BlockDeletingService#2] INFO  impl.FilePerBlockStrategy (FilePerBlockStrategy.java:deleteChunk(252)) - Deleted block file: /home/runner/work/ozone/ozone/hadoop-ozone/integration-test/target/test-dir/MiniOzoneClusterImpl-2db357e6-2bf9-484c-8f04-13a4732d1f27/datanode-1/data-0/containers/hdds/2db357e6-2bf9-484c-8f04-13a4732d1f27/current/containerDir0/7/chunks/111677748019200007.block
2023-03-23 08:05:28,104 [BlockDeletingService#9] INFO  impl.FilePerBlockStrategy (FilePerBlockStrategy.java:deleteChunk(252)) - Deleted block file: /home/runner/work/ozone/ozone/hadoop-ozone/integration-test/target/test-dir/MiniOzoneClusterImpl-2db357e6-2bf9-484c-8f04-13a4732d1f27/datanode-1/data-0/containers/hdds/2db357e6-2bf9-484c-8f04-13a4732d1f27/current/containerDir0/3/chunks/111677748019200003.block
2023-03-23 08:05:28,104 [BlockDeletingService#6] INFO  impl.FilePerBlockStrategy (FilePerBlockStrategy.java:deleteChunk(252)) - Deleted block file: /home/runner/work/ozone/ozone/hadoop-ozone/integration-test/target/test-dir/MiniOzoneClusterImpl-2db357e6-2bf9-484c-8f04-13a4732d1f27/datanode-1/data-0/containers/hdds/2db357e6-2bf9-484c-8f04-13a4732d1f27/current/containerDir0/10/chunks/111677748019200010.block
2023-03-23 08:05:28,127 [SCMBlockDeletingService#0] DEBUG block.SCMBlockDeletingService (SCMBlockDeletingService.java:call(136)) - Running DeletedBlockTransactionScanner
2023-03-23 08:05:28,146 [BlockDeletingService#2] INFO  interfaces.ContainerDeletionChoosingPolicyTemplate (ContainerDeletionChoosingPolicyTemplate.java:chooseContainerForBlockDeletion(83)) - Chosen 0/5000 blocks from 0 candidate containers.
2023-03-23 08:05:28,146 [BlockDeletingService#5] INFO  interfaces.ContainerDeletionChoosingPolicyTemplate (ContainerDeletionChoosingPolicyTemplate.java:chooseContainerForBlockDeletion(83)) - Chosen 0/5000 blocks from 0 candidate containers.
2023-03-23 08:05:28,162 [EventQueue-DeleteBlockStatusForDeletedBlockLogImpl] DEBUG block.DeletedBlockLogImpl (DeletedBlockLogImpl.java:isTransactionFailed(314)) - Got block deletion ACK from datanode, TXIDs=1, success=true
2023-03-23 08:05:28,162 [EventQueue-DeleteBlockStatusForDeletedBlockLogImpl] DEBUG block.DeletedBlockLogImpl (DeletedBlockLogImpl.java:commitTransactions(292)) - Datanode txId=1 containerId=#1 committed by dnId=82a30c81-a10a-4a6a-ae9d-f1f427ed9001
2023-03-23 08:05:28,162 [EventQueue-DeleteBlockStatusForDeletedBlockLogImpl] DEBUG block.DeletedBlockLogImpl (DeletedBlockLogImpl.java:isTransactionFailed(314)) - Got block deletion ACK from datanode, TXIDs=2, success=true
2023-03-23 08:05:28,162 [EventQueue-DeleteBlockStatusForDeletedBlockLogImpl] DEBUG block.DeletedBlockLogImpl (DeletedBlockLogImpl.java:commitTransactions(292)) - Datanode txId=2 containerId=#2 committed by dnId=82a30c81-a10a-4a6a-ae9d-f1f427ed9001
2023-03-23 08:05:28,162 [EventQueue-DeleteBlockStatusForDeletedBlockLogImpl] DEBUG block.DeletedBlockLogImpl (DeletedBlockLogImpl.java:isTransactionFailed(314)) - Got block deletion ACK from datanode, TXIDs=3, success=true
2023-03-23 08:05:28,162 [EventQueue-DeleteBlockStatusForDeletedBlockLogImpl] DEBUG block.DeletedBlockLogImpl (DeletedBlockLogImpl.java:commitTransactions(292)) - Datanode txId=3 containerId=#3 committed by dnId=82a30c81-a10a-4a6a-ae9d-f1f427ed9001
2023-03-23 08:05:28,162 [EventQueue-DeleteBlockStatusForDeletedBlockLogImpl] DEBUG block.DeletedBlockLogImpl (DeletedBlockLogImpl.java:isTransactionFailed(314)) - Got block deletion ACK from datanode, TXIDs=4, success=true
2023-03-23 08:05:28,162 [EventQueue-DeleteBlockStatusForDeletedBlockLogImpl] DEBUG block.DeletedBlockLogImpl (DeletedBlockLogImpl.java:commitTransactions(292)) - Datanode txId=4 containerId=#4 committed by dnId=82a30c81-a10a-4a6a-ae9d-f1f427ed9001
2023-03-23 08:05:28,162 [EventQueue-DeleteBlockStatusForDeletedBlockLogImpl] DEBUG block.DeletedBlockLogImpl (DeletedBlockLogImpl.java:isTransactionFailed(314)) - Got block deletion ACK from datanode, TXIDs=5, success=true
2023-03-23 08:05:28,163 [EventQueue-DeleteBlockStatusForDeletedBlockLogImpl] DEBUG block.DeletedBlockLogImpl (DeletedBlockLogImpl.java:commitTransactions(292)) - Datanode txId=5 containerId=#5 committed by dnId=82a30c81-a10a-4a6a-ae9d-f1f427ed9001
2023-03-23 08:05:28,163 [EventQueue-DeleteBlockStatusForDeletedBlockLogImpl] DEBUG block.DeletedBlockLogImpl (DeletedBlockLogImpl.java:isTransactionFailed(314)) - Got block deletion ACK from datanode, TXIDs=6, success=true
2023-03-23 08:05:28,163 [EventQueue-DeleteBlockStatusForDeletedBlockLogImpl] DEBUG block.DeletedBlockLogImpl (DeletedBlockLogImpl.java:commitTransactions(292)) - Datanode txId=6 containerId=#6 committed by dnId=82a30c81-a10a-4a6a-ae9d-f1f427ed9001
2023-03-23 08:05:28,163 [EventQueue-DeleteBlockStatusForDeletedBlockLogImpl] DEBUG block.DeletedBlockLogImpl (DeletedBlockLogImpl.java:isTransactionFailed(314)) - Got block deletion ACK from datanode, TXIDs=7, success=true
2023-03-23 08:05:28,165 [EventQueue-DeleteBlockStatusForDeletedBlockLogImpl] DEBUG block.DeletedBlockLogImpl (DeletedBlockLogImpl.java:commitTransactions(292)) - Datanode txId=7 containerId=#7 committed by dnId=82a30c81-a10a-4a6a-ae9d-f1f427ed9001
2023-03-23 08:05:28,165 [EventQueue-DeleteBlockStatusForDeletedBlockLogImpl] DEBUG block.DeletedBlockLogImpl (DeletedBlockLogImpl.java:isTransactionFailed(314)) - Got block deletion ACK from datanode, TXIDs=8, success=true
2023-03-23 08:05:28,166 [EventQueue-DeleteBlockStatusForDeletedBlockLogImpl] DEBUG block.DeletedBlockLogImpl (DeletedBlockLogImpl.java:commitTransactions(292)) - Datanode txId=8 containerId=#8 committed by dnId=82a30c81-a10a-4a6a-ae9d-f1f427ed9001
2023-03-23 08:05:28,166 [EventQueue-DeleteBlockStatusForDeletedBlockLogImpl] DEBUG block.DeletedBlockLogImpl (DeletedBlockLogImpl.java:isTransactionFailed(314)) - Got block deletion ACK from datanode, TXIDs=9, success=true
2023-03-23 08:05:28,166 [EventQueue-DeleteBlockStatusForDeletedBlockLogImpl] DEBUG block.DeletedBlockLogImpl (DeletedBlockLogImpl.java:commitTransactions(292)) - Datanode txId=9 containerId=#9 committed by dnId=82a30c81-a10a-4a6a-ae9d-f1f427ed9001
2023-03-23 08:05:28,166 [EventQueue-DeleteBlockStatusForDeletedBlockLogImpl] DEBUG block.DeletedBlockLogImpl (DeletedBlockLogImpl.java:isTransactionFailed(314)) - Got block deletion ACK from datanode, TXIDs=10, success=true
2023-03-23 08:05:28,166 [EventQueue-DeleteBlockStatusForDeletedBlockLogImpl] DEBUG block.DeletedBlockLogImpl (DeletedBlockLogImpl.java:commitTransactions(292)) - Datanode txId=10 containerId=#10 committed by dnId=82a30c81-a10a-4a6a-ae9d-f1f427ed9001
2023-03-23 08:05:28,166 [EventQueue-DeleteBlockStatusForDeletedBlockLogImpl] DEBUG block.DeletedBlockLogImpl (DeletedBlockLogImpl.java:isTransactionFailed(314)) - Got block deletion ACK from datanode, TXIDs=1, success=true
2023-03-23 08:05:28,166 [EventQueue-DeleteBlockStatusForDeletedBlockLogImpl] DEBUG block.DeletedBlockLogImpl (DeletedBlockLogImpl.java:commitTransactions(292)) - Datanode txId=1 containerId=#1 committed by dnId=82a30c81-a10a-4a6a-ae9d-f1f427ed9001
2023-03-23 08:05:28,166 [EventQueue-DeleteBlockStatusForDeletedBlockLogImpl] DEBUG block.DeletedBlockLogImpl (DeletedBlockLogImpl.java:isTransactionFailed(314)) - Got block deletion ACK from datanode, TXIDs=2, success=true
2023-03-23 08:05:28,166 [EventQueue-DeleteBlockStatusForDeletedBlockLogImpl] DEBUG block.DeletedBlockLogImpl (DeletedBlockLogImpl.java:commitTransactions(292)) - Datanode txId=2 containerId=#2 committed by dnId=82a30c81-a10a-4a6a-ae9d-f1f427ed9001
2023-03-23 08:05:28,166 [EventQueue-DeleteBlockStatusForDeletedBlockLogImpl] DEBUG block.DeletedBlockLogImpl (DeletedBlockLogImpl.java:isTransactionFailed(314)) - Got block deletion ACK from datanode, TXIDs=3, success=true
2023-03-23 08:05:28,166 [EventQueue-DeleteBlockStatusForDeletedBlockLogImpl] DEBUG block.DeletedBlockLogImpl (DeletedBlockLogImpl.java:commitTransactions(292)) - Datanode txId=3 containerId=#3 committed by dnId=82a30c81-a10a-4a6a-ae9d-f1f427ed9001
2023-03-23 08:05:28,166 [EventQueue-DeleteBlockStatusForDeletedBlockLogImpl] DEBUG block.DeletedBlockLogImpl (DeletedBlockLogImpl.java:isTransactionFailed(314)) - Got block deletion ACK from datanode, TXIDs=4, success=true
2023-03-23 08:05:28,166 [EventQueue-DeleteBlockStatusForDeletedBlockLogImpl] DEBUG block.DeletedBlockLogImpl (DeletedBlockLogImpl.java:commitTransactions(292)) - Datanode txId=4 containerId=#4 committed by dnId=82a30c81-a10a-4a6a-ae9d-f1f427ed9001
2023-03-23 08:05:28,166 [EventQueue-DeleteBlockStatusForDeletedBlockLogImpl] DEBUG block.DeletedBlockLogImpl (DeletedBlockLogImpl.java:isTransactionFailed(314)) - Got block deletion ACK from datanode, TXIDs=5, success=true
2023-03-23 08:05:28,166 [EventQueue-DeleteBlockStatusForDeletedBlockLogImpl] DEBUG block.DeletedBlockLogImpl (DeletedBlockLogImpl.java:commitTransactions(292)) - Datanode txId=5 containerId=#5 committed by dnId=82a30c81-a10a-4a6a-ae9d-f1f427ed9001
2023-03-23 08:05:28,166 [EventQueue-DeleteBlockStatusForDeletedBlockLogImpl] DEBUG block.DeletedBlockLogImpl (DeletedBlockLogImpl.java:isTransactionFailed(314)) - Got block deletion ACK from datanode, TXIDs=6, success=true
2023-03-23 08:05:28,166 [EventQueue-DeleteBlockStatusForDeletedBlockLogImpl] DEBUG block.DeletedBlockLogImpl (DeletedBlockLogImpl.java:commitTransactions(292)) - Datanode txId=6 containerId=#6 committed by dnId=82a30c81-a10a-4a6a-ae9d-f1f427ed9001
2023-03-23 08:05:28,166 [EventQueue-DeleteBlockStatusForDeletedBlockLogImpl] DEBUG block.DeletedBlockLogImpl (DeletedBlockLogImpl.java:isTransactionFailed(314)) - Got block deletion ACK from datanode, TXIDs=7, success=true
2023-03-23 08:05:28,166 [EventQueue-DeleteBlockStatusForDeletedBlockLogImpl] DEBUG block.DeletedBlockLogImpl (DeletedBlockLogImpl.java:commitTransactions(292)) - Datanode txId=7 containerId=#7 committed by dnId=82a30c81-a10a-4a6a-ae9d-f1f427ed9001
2023-03-23 08:05:28,166 [EventQueue-DeleteBlockStatusForDeletedBlockLogImpl] DEBUG block.DeletedBlockLogImpl (DeletedBlockLogImpl.java:isTransactionFailed(314)) - Got block deletion ACK from datanode, TXIDs=8, success=true
2023-03-23 08:05:28,166 [EventQueue-DeleteBlockStatusForDeletedBlockLogImpl] DEBUG block.DeletedBlockLogImpl (DeletedBlockLogImpl.java:commitTransactions(292)) - Datanode txId=8 containerId=#8 committed by dnId=82a30c81-a10a-4a6a-ae9d-f1f427ed9001
2023-03-23 08:05:28,166 [EventQueue-DeleteBlockStatusForDeletedBlockLogImpl] DEBUG block.DeletedBlockLogImpl (DeletedBlockLogImpl.java:isTransactionFailed(314)) - Got block deletion ACK from datanode, TXIDs=9, success=true
2023-03-23 08:05:28,167 [EventQueue-DeleteBlockStatusForDeletedBlockLogImpl] DEBUG block.DeletedBlockLogImpl (DeletedBlockLogImpl.java:commitTransactions(292)) - Datanode txId=9 containerId=#9 committed by dnId=82a30c81-a10a-4a6a-ae9d-f1f427ed9001
2023-03-23 08:05:28,167 [EventQueue-DeleteBlockStatusForDeletedBlockLogImpl] DEBUG block.DeletedBlockLogImpl (DeletedBlockLogImpl.java:isTransactionFailed(314)) - Got block deletion ACK from datanode, TXIDs=10, success=true
2023-03-23 08:05:28,167 [EventQueue-DeleteBlockStatusForDeletedBlockLogImpl] DEBUG block.DeletedBlockLogImpl (DeletedBlockLogImpl.java:commitTransactions(292)) - Datanode txId=10 containerId=#10 committed by dnId=82a30c81-a10a-4a6a-ae9d-f1f427ed9001
2023-03-23 08:05:28,167 [EventQueue-DeleteBlockStatusForDeletedBlockLogImpl] DEBUG block.DeletedBlockLogImpl (DeletedBlockLogImpl.java:isTransactionFailed(314)) - Got block deletion ACK from datanode, TXIDs=1, success=true
2023-03-23 08:05:28,167 [EventQueue-DeleteBlockStatusForDeletedBlockLogImpl] DEBUG block.DeletedBlockLogImpl (DeletedBlockLogImpl.java:commitTransactions(292)) - Datanode txId=1 containerId=#1 committed by dnId=82a30c81-a10a-4a6a-ae9d-f1f427ed9001
2023-03-23 08:05:28,167 [EventQueue-DeleteBlockStatusForDeletedBlockLogImpl] DEBUG block.DeletedBlockLogImpl (DeletedBlockLogImpl.java:isTransactionFailed(314)) - Got block deletion ACK from datanode, TXIDs=2, success=true
2023-03-23 08:05:28,167 [EventQueue-DeleteBlockStatusForDeletedBlockLogImpl] DEBUG block.DeletedBlockLogImpl (DeletedBlockLogImpl.java:commitTransactions(292)) - Datanode txId=2 containerId=#2 committed by dnId=82a30c81-a10a-4a6a-ae9d-f1f427ed9001
2023-03-23 08:05:28,167 [EventQueue-DeleteBlockStatusForDeletedBlockLogImpl] DEBUG block.DeletedBlockLogImpl (DeletedBlockLogImpl.java:isTransactionFailed(314)) - Got block deletion ACK from datanode, TXIDs=3, success=true
2023-03-23 08:05:28,168 [EventQueue-DeleteBlockStatusForDeletedBlockLogImpl] DEBUG block.DeletedBlockLogImpl (DeletedBlockLogImpl.java:commitTransactions(292)) - Datanode txId=3 containerId=#3 committed by dnId=82a30c81-a10a-4a6a-ae9d-f1f427ed9001
2023-03-23 08:05:28,168 [EventQueue-DeleteBlockStatusForDeletedBlockLogImpl] DEBUG block.DeletedBlockLogImpl (DeletedBlockLogImpl.java:isTransactionFailed(314)) - Got block deletion ACK from datanode, TXIDs=4, success=true
2023-03-23 08:05:28,168 [EventQueue-DeleteBlockStatusForDeletedBlockLogImpl] DEBUG block.DeletedBlockLogImpl (DeletedBlockLogImpl.java:commitTransactions(292)) - Datanode txId=4 containerId=#4 committed by dnId=82a30c81-a10a-4a6a-ae9d-f1f427ed9001
2023-03-23 08:05:28,168 [EventQueue-DeleteBlockStatusForDeletedBlockLogImpl] DEBUG block.DeletedBlockLogImpl (DeletedBlockLogImpl.java:isTransactionFailed(314)) - Got block deletion ACK from datanode, TXIDs=5, success=true
2023-03-23 08:05:28,168 [EventQueue-DeleteBlockStatusForDeletedBlockLogImpl] DEBUG block.DeletedBlockLogImpl (DeletedBlockLogImpl.java:commitTransactions(292)) - Datanode txId=5 containerId=#5 committed by dnId=82a30c81-a10a-4a6a-ae9d-f1f427ed9001
2023-03-23 08:05:28,168 [EventQueue-DeleteBlockStatusForDeletedBlockLogImpl] DEBUG block.DeletedBlockLogImpl (DeletedBlockLogImpl.java:isTransactionFailed(314)) - Got block deletion ACK from datanode, TXIDs=6, success=true
2023-03-23 08:05:28,168 [EventQueue-DeleteBlockStatusForDeletedBlockLogImpl] DEBUG block.DeletedBlockLogImpl (DeletedBlockLogImpl.java:commitTransactions(292)) - Datanode txId=6 containerId=#6 committed by dnId=82a30c81-a10a-4a6a-ae9d-f1f427ed9001
2023-03-23 08:05:28,168 [EventQueue-DeleteBlockStatusForDeletedBlockLogImpl] DEBUG block.DeletedBlockLogImpl (DeletedBlockLogImpl.java:isTransactionFailed(314)) - Got block deletion ACK from datanode, TXIDs=7, success=true
2023-03-23 08:05:28,168 [EventQueue-DeleteBlockStatusForDeletedBlockLogImpl] DEBUG block.DeletedBlockLogImpl (DeletedBlockLogImpl.java:commitTransactions(292)) - Datanode txId=7 containerId=#7 committed by dnId=82a30c81-a10a-4a6a-ae9d-f1f427ed9001
2023-03-23 08:05:28,168 [EventQueue-DeleteBlockStatusForDeletedBlockLogImpl] DEBUG block.DeletedBlockLogImpl (DeletedBlockLogImpl.java:isTransactionFailed(314)) - Got block deletion ACK from datanode, TXIDs=8, success=true
2023-03-23 08:05:28,168 [EventQueue-DeleteBlockStatusForDeletedBlockLogImpl] DEBUG block.DeletedBlockLogImpl (DeletedBlockLogImpl.java:commitTransactions(292)) - Datanode txId=8 containerId=#8 committed by dnId=82a30c81-a10a-4a6a-ae9d-f1f427ed9001
2023-03-23 08:05:28,168 [EventQueue-DeleteBlockStatusForDeletedBlockLogImpl] DEBUG block.DeletedBlockLogImpl (DeletedBlockLogImpl.java:isTransactionFailed(314)) - Got block deletion ACK from datanode, TXIDs=9, success=true
2023-03-23 08:05:28,168 [EventQueue-DeleteBlockStatusForDeletedBlockLogImpl] DEBUG block.DeletedBlockLogImpl (DeletedBlockLogImpl.java:commitTransactions(292)) - Datanode txId=9 containerId=#9 committed by dnId=82a30c81-a10a-4a6a-ae9d-f1f427ed9001
2023-03-23 08:05:28,168 [EventQueue-DeleteBlockStatusForDeletedBlockLogImpl] DEBUG block.DeletedBlockLogImpl (DeletedBlockLogImpl.java:isTransactionFailed(314)) - Got block deletion ACK from datanode, TXIDs=10, success=true
2023-03-23 08:05:28,168 [EventQueue-DeleteBlockStatusForDeletedBlockLogImpl] DEBUG block.DeletedBlockLogImpl (DeletedBlockLogImpl.java:commitTransactions(292)) - Datanode txId=10 containerId=#10 committed by dnId=82a30c81-a10a-4a6a-ae9d-f1f427ed9001
2023-03-23 08:05:28,168 [EventQueue-DeleteBlockStatusForDeletedBlockLogImpl] DEBUG block.DeletedBlockLogImpl (DeletedBlockLogImpl.java:isTransactionFailed(314)) - Got block deletion ACK from datanode, TXIDs=1, success=true
2023-03-23 08:05:28,168 [EventQueue-DeleteBlockStatusForDeletedBlockLogImpl] DEBUG block.DeletedBlockLogImpl (DeletedBlockLogImpl.java:commitTransactions(292)) - Datanode txId=1 containerId=#1 committed by dnId=82a30c81-a10a-4a6a-ae9d-f1f427ed9001
2023-03-23 08:05:28,168 [EventQueue-DeleteBlockStatusForDeletedBlockLogImpl] DEBUG block.DeletedBlockLogImpl (DeletedBlockLogImpl.java:isTransactionFailed(314)) - Got block deletion ACK from datanode, TXIDs=2, success=true
2023-03-23 08:05:28,168 [EventQueue-DeleteBlockStatusForDeletedBlockLogImpl] DEBUG block.DeletedBlockLogImpl (DeletedBlockLogImpl.java:commitTransactions(292)) - Datanode txId=2 containerId=#2 committed by dnId=82a30c81-a10a-4a6a-ae9d-f1f427ed9001
2023-03-23 08:05:28,168 [EventQueue-DeleteBlockStatusForDeletedBlockLogImpl] DEBUG block.DeletedBlockLogImpl (DeletedBlockLogImpl.java:isTransactionFailed(314)) - Got block deletion ACK from datanode, TXIDs=3, success=true
2023-03-23 08:05:28,168 [EventQueue-DeleteBlockStatusForDeletedBlockLogImpl] DEBUG block.DeletedBlockLogImpl (DeletedBlockLogImpl.java:commitTransactions(292)) - Datanode txId=3 containerId=#3 committed by dnId=82a30c81-a10a-4a6a-ae9d-f1f427ed9001
2023-03-23 08:05:28,168 [EventQueue-DeleteBlockStatusForDeletedBlockLogImpl] DEBUG block.DeletedBlockLogImpl (DeletedBlockLogImpl.java:isTransactionFailed(314)) - Got block deletion ACK from datanode, TXIDs=4, success=true
2023-03-23 08:05:28,168 [EventQueue-DeleteBlockStatusForDeletedBlockLogImpl] DEBUG block.DeletedBlockLogImpl (DeletedBlockLogImpl.java:commitTransactions(292)) - Datanode txId=4 containerId=#4 committed by dnId=82a30c81-a10a-4a6a-ae9d-f1f427ed9001
2023-03-23 08:05:28,168 [EventQueue-DeleteBlockStatusForDeletedBlockLogImpl] DEBUG block.DeletedBlockLogImpl (DeletedBlockLogImpl.java:isTransactionFailed(314)) - Got block deletion ACK from datanode, TXIDs=5, success=true
2023-03-23 08:05:28,168 [EventQueue-DeleteBlockStatusForDeletedBlockLogImpl] DEBUG block.DeletedBlockLogImpl (DeletedBlockLogImpl.java:commitTransactions(292)) - Datanode txId=5 containerId=#5 committed by dnId=82a30c81-a10a-4a6a-ae9d-f1f427ed9001
2023-03-23 08:05:28,168 [EventQueue-DeleteBlockStatusForDeletedBlockLogImpl] DEBUG block.DeletedBlockLogImpl (DeletedBlockLogImpl.java:isTransactionFailed(314)) - Got block deletion ACK from datanode, TXIDs=6, success=true
2023-03-23 08:05:28,168 [EventQueue-DeleteBlockStatusForDeletedBlockLogImpl] DEBUG block.DeletedBlockLogImpl (DeletedBlockLogImpl.java:commitTransactions(292)) - Datanode txId=6 containerId=#6 committed by dnId=82a30c81-a10a-4a6a-ae9d-f1f427ed9001
2023-03-23 08:05:28,168 [EventQueue-DeleteBlockStatusForDeletedBlockLogImpl] DEBUG block.DeletedBlockLogImpl (DeletedBlockLogImpl.java:isTransactionFailed(314)) - Got block deletion ACK from datanode, TXIDs=7, success=true
2023-03-23 08:05:28,168 [EventQueue-DeleteBlockStatusForDeletedBlockLogImpl] DEBUG block.DeletedBlockLogImpl (DeletedBlockLogImpl.java:commitTransactions(292)) - Datanode txId=7 containerId=#7 committed by dnId=82a30c81-a10a-4a6a-ae9d-f1f427ed9001
2023-03-23 08:05:28,168 [EventQueue-DeleteBlockStatusForDeletedBlockLogImpl] DEBUG block.DeletedBlockLogImpl (DeletedBlockLogImpl.java:isTransactionFailed(314)) - Got block deletion ACK from datanode, TXIDs=8, success=true
2023-03-23 08:05:28,169 [EventQueue-DeleteBlockStatusForDeletedBlockLogImpl] DEBUG block.DeletedBlockLogImpl (DeletedBlockLogImpl.java:commitTransactions(292)) - Datanode txId=8 containerId=#8 committed by dnId=82a30c81-a10a-4a6a-ae9d-f1f427ed9001
2023-03-23 08:05:28,169 [EventQueue-DeleteBlockStatusForDeletedBlockLogImpl] DEBUG block.DeletedBlockLogImpl (DeletedBlockLogImpl.java:isTransactionFailed(314)) - Got block deletion ACK from datanode, TXIDs=9, success=true
2023-03-23 08:05:28,169 [EventQueue-DeleteBlockStatusForDeletedBlockLogImpl] DEBUG block.DeletedBlockLogImpl (DeletedBlockLogImpl.java:commitTransactions(292)) - Datanode txId=9 containerId=#9 committed by dnId=82a30c81-a10a-4a6a-ae9d-f1f427ed9001
2023-03-23 08:05:28,169 [EventQueue-DeleteBlockStatusForDeletedBlockLogImpl] DEBUG block.DeletedBlockLogImpl (DeletedBlockLogImpl.java:isTransactionFailed(314)) - Got block deletion ACK from datanode, TXIDs=10, success=true
2023-03-23 08:05:28,169 [EventQueue-DeleteBlockStatusForDeletedBlockLogImpl] DEBUG block.DeletedBlockLogImpl (DeletedBlockLogImpl.java:commitTransactions(292)) - Datanode txId=10 containerId=#10 committed by dnId=82a30c81-a10a-4a6a-ae9d-f1f427ed9001
2023-03-23 08:05:28,196 [BlockDeletingService#5] INFO  interfaces.ContainerDeletionChoosingPolicyTemplate (ContainerDeletionChoosingPolicyTemplate.java:chooseContainerForBlockDeletion(83)) - Chosen 30/4970 blocks from 10 candidate containers.
2023-03-23 08:05:28,196 [BlockDeletingService#5] INFO  background.BlockDeletingService (BlockDeletingService.java:deleteViaTransactionStore(483)) - No transaction found in container 10 with pending delete block count 3
2023-03-23 08:05:28,197 [BlockDeletingService#5] INFO  background.BlockDeletingService (BlockDeletingService.java:deleteViaTransactionStore(483)) - No transaction found in container 9 with pending delete block count 3
2023-03-23 08:05:28,197 [BlockDeletingService#5] INFO  background.BlockDeletingService (BlockDeletingService.java:deleteViaTransactionStore(483)) - No transaction found in container 8 with pending delete block count 3
2023-03-23 08:05:28,197 [BlockDeletingService#5] INFO  background.BlockDeletingService (BlockDeletingService.java:deleteViaTransactionStore(483)) - No transaction found in container 7 with pending delete block count 3
2023-03-23 08:05:28,197 [BlockDeletingService#5] INFO  background.BlockDeletingService (BlockDeletingService.java:deleteViaTransactionStore(483)) - No transaction found in container 6 with pending delete block count 3
2023-03-23 08:05:28,207 [BlockDeletingService#5] INFO  background.BlockDeletingService (BlockDeletingService.java:deleteViaTransactionStore(483)) - No transaction found in container 4 with pending delete block count 3
2023-03-23 08:05:28,196 [BlockDeletingService#0] INFO  background.BlockDeletingService (BlockDeletingService.java:deleteViaTransactionStore(483)) - No transaction found in container 1 with pending delete block count 3
2023-03-23 08:05:28,197 [BlockDeletingService#7] INFO  background.BlockDeletingService (BlockDeletingService.java:deleteViaTransactionStore(483)) - No transaction found in container 5 with pending delete block count 3
2023-03-23 08:05:28,198 [BlockDeletingService#8] INFO  background.BlockDeletingService (BlockDeletingService.java:deleteViaTransactionStore(483)) - No transaction found in container 2 with pending delete block count 3
2023-03-23 08:05:28,198 [BlockDeletingService#4] INFO  background.BlockDeletingService (BlockDeletingService.java:deleteViaTransactionStore(483)) - No transaction found in container 3 with pending delete block count 3
2023-03-23 08:05:28,228 [SCMBlockDeletingService#0] DEBUG block.SCMBlockDeletingService (SCMBlockDeletingService.java:call(136)) - Running DeletedBlockTransactionScanner
2023-03-23 08:05:28,228 [SCMBlockDeletingService#0] DEBUG block.SCMBlockDeletingService (DatanodeDeletedBlockTransactions.java:addTransactionToDN(50)) - Transaction added: ec9f5457-0109-4da3-8559-48062aace451 <- TX(1)
2023-03-23 08:05:28,228 [SCMBlockDeletingService#0] DEBUG block.SCMBlockDeletingService (DatanodeDeletedBlockTransactions.java:addTransactionToDN(50)) - Transaction added: 7171cd95-6b54-4876-a08e-c51c27c3dd43 <- TX(1)
2023-03-23 08:05:28,228 [SCMBlockDeletingService#0] DEBUG block.SCMBlockDeletingService (DatanodeDeletedBlockTransactions.java:addTransactionToDN(50)) - Transaction added: ec9f5457-0109-4da3-8559-48062aace451 <- TX(2)
2023-03-23 08:05:28,228 [SCMBlockDeletingService#0] DEBUG block.SCMBlockDeletingService (DatanodeDeletedBlockTransactions.java:addTransactionToDN(50)) - Transaction added: 7171cd95-6b54-4876-a08e-c51c27c3dd43 <- TX(2)
2023-03-23 08:05:28,228 [SCMBlockDeletingService#0] DEBUG block.SCMBlockDeletingService (DatanodeDeletedBlockTransactions.java:addTransactionToDN(50)) - Transaction added: 7171cd95-6b54-4876-a08e-c51c27c3dd43 <- TX(3)
2023-03-23 08:05:28,228 [SCMBlockDeletingService#0] DEBUG block.SCMBlockDeletingService (DatanodeDeletedBlockTransactions.java:addTransactionToDN(50)) - Transaction added: ec9f5457-0109-4da3-8559-48062aace451 <- TX(3)
2023-03-23 08:05:28,228 [SCMBlockDeletingService#0] DEBUG block.SCMBlockDeletingService (DatanodeDeletedBlockTransactions.java:addTransactionToDN(50)) - Transaction added: 7171cd95-6b54-4876-a08e-c51c27c3dd43 <- TX(4)
2023-03-23 08:05:28,228 [SCMBlockDeletingService#0] DEBUG block.SCMBlockDeletingService (DatanodeDeletedBlockTransactions.java:addTransactionToDN(50)) - Transaction added: ec9f5457-0109-4da3-8559-48062aace451 <- TX(4)
2023-03-23 08:05:28,228 [SCMBlockDeletingService#0] DEBUG block.SCMBlockDeletingService (DatanodeDeletedBlockTransactions.java:addTransactionToDN(50)) - Transaction added: 7171cd95-6b54-4876-a08e-c51c27c3dd43 <- TX(5)
2023-03-23 08:05:28,229 [SCMBlockDeletingService#0] DEBUG block.SCMBlockDeletingService (DatanodeDeletedBlockTransactions.java:addTransactionToDN(50)) - Transaction added: ec9f5457-0109-4da3-8559-48062aace451 <- TX(5)
2023-03-23 08:05:28,229 [SCMBlockDeletingService#0] DEBUG block.SCMBlockDeletingService (DatanodeDeletedBlockTransactions.java:addTransactionToDN(50)) - Transaction added: 7171cd95-6b54-4876-a08e-c51c27c3dd43 <- TX(6)
2023-03-23 08:05:28,229 [SCMBlockDeletingService#0] DEBUG block.SCMBlockDeletingService (DatanodeDeletedBlockTransactions.java:addTransactionToDN(50)) - Transaction added: ec9f5457-0109-4da3-8559-48062aace451 <- TX(6)
2023-03-23 08:05:28,229 [SCMBlockDeletingService#0] DEBUG block.SCMBlockDeletingService (DatanodeDeletedBlockTransactions.java:addTransactionToDN(50)) - Transaction added: ec9f5457-0109-4da3-8559-48062aace451 <- TX(7)
2023-03-23 08:05:28,229 [SCMBlockDeletingService#0] DEBUG block.SCMBlockDeletingService (DatanodeDeletedBlockTransactions.java:addTransactionToDN(50)) - Transaction added: 7171cd95-6b54-4876-a08e-c51c27c3dd43 <- TX(7)
2023-03-23 08:05:28,229 [SCMBlockDeletingService#0] DEBUG block.SCMBlockDeletingService (DatanodeDeletedBlockTransactions.java:addTransactionToDN(50)) - Transaction added: ec9f5457-0109-4da3-8559-48062aace451 <- TX(8)
2023-03-23 08:05:28,229 [SCMBlockDeletingService#0] DEBUG block.SCMBlockDeletingService (DatanodeDeletedBlockTransactions.java:addTransactionToDN(50)) - Transaction added: 7171cd95-6b54-4876-a08e-c51c27c3dd43 <- TX(8)
2023-03-23 08:05:28,229 [SCMBlockDeletingService#0] DEBUG block.SCMBlockDeletingService (DatanodeDeletedBlockTransactions.java:addTransactionToDN(50)) - Transaction added: ec9f5457-0109-4da3-8559-48062aace451 <- TX(9)
2023-03-23 08:05:28,229 [SCMBlockDeletingService#0] DEBUG block.SCMBlockDeletingService (DatanodeDeletedBlockTransactions.java:addTransactionToDN(50)) - Transaction added: 7171cd95-6b54-4876-a08e-c51c27c3dd43 <- TX(9)
2023-03-23 08:05:28,229 [SCMBlockDeletingService#0] DEBUG block.SCMBlockDeletingService (DatanodeDeletedBlockTransactions.java:addTransactionToDN(50)) - Transaction added: ec9f5457-0109-4da3-8559-48062aace451 <- TX(10)
2023-03-23 08:05:28,229 [SCMBlockDeletingService#0] DEBUG block.SCMBlockDeletingService (DatanodeDeletedBlockTransactions.java:addTransactionToDN(50)) - Transaction added: 7171cd95-6b54-4876-a08e-c51c27c3dd43 <- TX(10)
2023-03-23 08:05:28,229 [SCMBlockDeletingService#0] DEBUG block.SCMBlockDeletingService (SCMBlockDeletingService.java:call(171)) - Added delete block command for datanode ec9f5457-0109-4da3-8559-48062aace451 in the queue, number of delete block transactions: 10
2023-03-23 08:05:28,229 [SCMBlockDeletingService#0] DEBUG block.SCMBlockDeletingService (SCMBlockDeletingService.java:call(171)) - Added delete block command for datanode 7171cd95-6b54-4876-a08e-c51c27c3dd43 in the queue, number of delete block transactions: 10
2023-03-23 08:05:28,229 [SCMBlockDeletingService#0] INFO  block.SCMBlockDeletingService (SCMBlockDeletingService.java:call(180)) - Totally added 20 blocks to be deleted for 2 datanodes, task elapsed time: 2ms
2023-03-23 08:05:28,246 [BlockDeletingService#2] INFO  interfaces.ContainerDeletionChoosingPolicyTemplate (ContainerDeletionChoosingPolicyTemplate.java:chooseContainerForBlockDeletion(83)) - Chosen 0/5000 blocks from 0 candidate containers.
2023-03-23 08:05:28,246 [BlockDeletingService#5] INFO  interfaces.ContainerDeletionChoosingPolicyTemplate (ContainerDeletionChoosingPolicyTemplate.java:chooseContainerForBlockDeletion(83)) - Chosen 0/5000 blocks from 0 candidate containers.
2023-03-23 08:05:28,296 [BlockDeletingService#5] INFO  interfaces.ContainerDeletionChoosingPolicyTemplate (ContainerDeletionChoosingPolicyTemplate.java:chooseContainerForBlockDeletion(83)) - Chosen 0/5000 blocks from 0 candidate containers.
2023-03-23 08:05:28,328 [SCMBlockDeletingService#0] DEBUG block.SCMBlockDeletingService (SCMBlockDeletingService.java:call(136)) - Running DeletedBlockTransactionScanner
2023-03-23 08:05:28,347 [BlockDeletingService#2] INFO  interfaces.ContainerDeletionChoosingPolicyTemplate (ContainerDeletionChoosingPolicyTemplate.java:chooseContainerForBlockDeletion(83)) - Chosen 0/5000 blocks from 0 candidate containers.
2023-03-23 08:05:28,347 [BlockDeletingService#5] INFO  interfaces.ContainerDeletionChoosingPolicyTemplate (ContainerDeletionChoosingPolicyTemplate.java:chooseContainerForBlockDeletion(83)) - Chosen 0/5000 blocks from 0 candidate containers.
2023-03-23 08:05:28,397 [BlockDeletingService#5] INFO  interfaces.ContainerDeletionChoosingPolicyTemplate (ContainerDeletionChoosingPolicyTemplate.java:chooseContainerForBlockDeletion(83)) - Chosen 0/5000 blocks from 0 candidate containers.
2023-03-23 08:05:28,428 [SCMBlockDeletingService#0] DEBUG block.SCMBlockDeletingService (SCMBlockDeletingService.java:call(136)) - Running DeletedBlockTransactionScanner
2023-03-23 08:05:28,428 [SCMBlockDeletingService#0] DEBUG block.SCMBlockDeletingService (DatanodeDeletedBlockTransactions.java:addTransactionToDN(50)) - Transaction added: ec9f5457-0109-4da3-8559-48062aace451 <- TX(1)
2023-03-23 08:05:28,428 [SCMBlockDeletingService#0] DEBUG block.SCMBlockDeletingService (DatanodeDeletedBlockTransactions.java:addTransactionToDN(50)) - Transaction added: 7171cd95-6b54-4876-a08e-c51c27c3dd43 <- TX(1)
2023-03-23 08:05:28,428 [SCMBlockDeletingService#0] DEBUG block.SCMBlockDeletingService (DatanodeDeletedBlockTransactions.java:addTransactionToDN(50)) - Transaction added: 7171cd95-6b54-4876-a08e-c51c27c3dd43 <- TX(2)
2023-03-23 08:05:28,428 [SCMBlockDeletingService#0] DEBUG block.SCMBlockDeletingService (DatanodeDeletedBlockTransactions.java:addTransactionToDN(50)) - Transaction added: ec9f5457-0109-4da3-8559-48062aace451 <- TX(2)
2023-03-23 08:05:28,429 [SCMBlockDeletingService#0] DEBUG block.SCMBlockDeletingService (DatanodeDeletedBlockTransactions.java:addTransactionToDN(50)) - Transaction added: 7171cd95-6b54-4876-a08e-c51c27c3dd43 <- TX(3)
2023-03-23 08:05:28,429 [SCMBlockDeletingService#0] DEBUG block.SCMBlockDeletingService (DatanodeDeletedBlockTransactions.java:addTransactionToDN(50)) - Transaction added: ec9f5457-0109-4da3-8559-48062aace451 <- TX(3)
2023-03-23 08:05:28,429 [SCMBlockDeletingService#0] DEBUG block.SCMBlockDeletingService (DatanodeDeletedBlockTransactions.java:addTransactionToDN(50)) - Transaction added: 7171cd95-6b54-4876-a08e-c51c27c3dd43 <- TX(4)
2023-03-23 08:05:28,429 [SCMBlockDeletingService#0] DEBUG block.SCMBlockDeletingService (DatanodeDeletedBlockTransactions.java:addTransactionToDN(50)) - Transaction added: ec9f5457-0109-4da3-8559-48062aace451 <- TX(4)
2023-03-23 08:05:28,429 [SCMBlockDeletingService#0] DEBUG block.SCMBlockDeletingService (DatanodeDeletedBlockTransactions.java:addTransactionToDN(50)) - Transaction added: 7171cd95-6b54-4876-a08e-c51c27c3dd43 <- TX(5)
2023-03-23 08:05:28,429 [SCMBlockDeletingService#0] DEBUG block.SCMBlockDeletingService (DatanodeDeletedBlockTransactions.java:addTransactionToDN(50)) - Transaction added: ec9f5457-0109-4da3-8559-48062aace451 <- TX(5)
2023-03-23 08:05:28,429 [SCMBlockDeletingService#0] DEBUG block.SCMBlockDeletingService (DatanodeDeletedBlockTransactions.java:addTransactionToDN(50)) - Transaction added: 7171cd95-6b54-4876-a08e-c51c27c3dd43 <- TX(6)
2023-03-23 08:05:28,429 [SCMBlockDeletingService#0] DEBUG block.SCMBlockDeletingService (DatanodeDeletedBlockTransactions.java:addTransactionToDN(50)) - Transaction added: ec9f5457-0109-4da3-8559-48062aace451 <- TX(6)
2023-03-23 08:05:28,429 [SCMBlockDeletingService#0] DEBUG block.SCMBlockDeletingService (DatanodeDeletedBlockTransactions.java:addTransactionToDN(50)) - Transaction added: ec9f5457-0109-4da3-8559-48062aace451 <- TX(7)
2023-03-23 08:05:28,429 [SCMBlockDeletingService#0] DEBUG block.SCMBlockDeletingService (DatanodeDeletedBlockTransactions.java:addTransactionToDN(50)) - Transaction added: 7171cd95-6b54-4876-a08e-c51c27c3dd43 <- TX(7)
2023-03-23 08:05:28,429 [SCMBlockDeletingService#0] DEBUG block.SCMBlockDeletingService (DatanodeDeletedBlockTransactions.java:addTransactionToDN(50)) - Transaction added: ec9f5457-0109-4da3-8559-48062aace451 <- TX(8)
2023-03-23 08:05:28,429 [SCMBlockDeletingService#0] DEBUG block.SCMBlockDeletingService (DatanodeDeletedBlockTransactions.java:addTransactionToDN(50)) - Transaction added: 7171cd95-6b54-4876-a08e-c51c27c3dd43 <- TX(8)
2023-03-23 08:05:28,429 [SCMBlockDeletingService#0] DEBUG block.SCMBlockDeletingService (DatanodeDeletedBlockTransactions.java:addTransactionToDN(50)) - Transaction added: ec9f5457-0109-4da3-8559-48062aace451 <- TX(9)
2023-03-23 08:05:28,429 [SCMBlockDeletingService#0] DEBUG block.SCMBlockDeletingService (DatanodeDeletedBlockTransactions.java:addTransactionToDN(50)) - Transaction added: 7171cd95-6b54-4876-a08e-c51c27c3dd43 <- TX(9)
2023-03-23 08:05:28,429 [SCMBlockDeletingService#0] DEBUG block.SCMBlockDeletingService (DatanodeDeletedBlockTransactions.java:addTransactionToDN(50)) - Transaction added: 7171cd95-6b54-4876-a08e-c51c27c3dd43 <- TX(10)
2023-03-23 08:05:28,429 [SCMBlockDeletingService#0] DEBUG block.SCMBlockDeletingService (DatanodeDeletedBlockTransactions.java:addTransactionToDN(50)) - Transaction added: ec9f5457-0109-4da3-8559-48062aace451 <- TX(10)
2023-03-23 08:05:28,430 [SCMBlockDeletingService#0] DEBUG block.SCMBlockDeletingService (SCMBlockDeletingService.java:call(171)) - Added delete block command for datanode ec9f5457-0109-4da3-8559-48062aace451 in the queue, number of delete block transactions: 10
2023-03-23 08:05:28,430 [SCMBlockDeletingService#0] DEBUG block.SCMBlockDeletingService (SCMBlockDeletingService.java:call(171)) - Added delete block command for datanode 7171cd95-6b54-4876-a08e-c51c27c3dd43 in the queue, number of delete block transactions: 10
2023-03-23 08:05:28,430 [SCMBlockDeletingService#0] INFO  block.SCMBlockDeletingService (SCMBlockDeletingService.java:call(180)) - Totally added 20 blocks to be deleted for 2 datanodes, task elapsed time: 2ms
2023-03-23 08:05:28,447 [BlockDeletingService#2] INFO  interfaces.ContainerDeletionChoosingPolicyTemplate (ContainerDeletionChoosingPolicyTemplate.java:chooseContainerForBlockDeletion(83)) - Chosen 0/5000 blocks from 0 candidate containers.
2023-03-23 08:05:28,447 [BlockDeletingService#5] INFO  interfaces.ContainerDeletionChoosingPolicyTemplate (ContainerDeletionChoosingPolicyTemplate.java:chooseContainerForBlockDeletion(83)) - Chosen 0/5000 blocks from 0 candidate containers.
2023-03-23 08:05:28,489 [org.apache.hadoop.ozone.container.common.statemachine.commandhandler.DeleteBlocksCommandHandler$DeleteCmdWorker@4e4c85e1] INFO  commandhandler.DeleteBlocksCommandHandler (DeleteBlocksCommandHandler.java:processCmd(272)) - Start to delete container blocks, TXIDs=[1(0),2(0),3(0),4(0),5(0),6(0),7(0),8(0),9(0),10(0)], numOfContainers=10, numOfBlocks=10
2023-03-23 08:05:28,493 [org.apache.hadoop.ozone.container.common.statemachine.commandhandler.DeleteBlocksCommandHandler$DeleteCmdWorker@4e4c85e1] INFO  commandhandler.DeleteBlocksCommandHandler (DeleteBlocksCommandHandler.java:processCmd(272)) - Start to delete container blocks, TXIDs=[1(1),2(1),3(1),4(1),5(1),6(1),7(1),8(1),9(1),10(1)], numOfContainers=10, numOfBlocks=10
2023-03-23 08:05:28,493 [DeleteBlocksCommandHandlerThread-1] INFO  commandhandler.DeleteBlocksCommandHandler (DeleteBlocksCommandHandler.java:logDeleteTransaction(489)) - Delete blocks for containerId: 1 is either received out of order or retried, 1 <= 1
2023-03-23 08:05:28,494 [DeleteBlocksCommandHandlerThread-2] INFO  commandhandler.DeleteBlocksCommandHandler (DeleteBlocksCommandHandler.java:logDeleteTransaction(489)) - Delete blocks for containerId: 2 is either received out of order or retried, 2 <= 2
2023-03-23 08:05:28,494 [DeleteBlocksCommandHandlerThread-3] INFO  commandhandler.DeleteBlocksCommandHandler (DeleteBlocksCommandHandler.java:logDeleteTransaction(489)) - Delete blocks for containerId: 3 is either received out of order or retried, 3 <= 3
2023-03-23 08:05:28,494 [DeleteBlocksCommandHandlerThread-2] INFO  commandhandler.DeleteBlocksCommandHandler (DeleteBlocksCommandHandler.java:logDeleteTransaction(489)) - Delete blocks for containerId: 4 is either received out of order or retried, 4 <= 4
2023-03-23 08:05:28,494 [DeleteBlocksCommandHandlerThread-1] INFO  commandhandler.DeleteBlocksCommandHandler (DeleteBlocksCommandHandler.java:logDeleteTransaction(489)) - Delete blocks for containerId: 6 is either received out of order or retried, 6 <= 6
2023-03-23 08:05:28,494 [DeleteBlocksCommandHandlerThread-3] INFO  commandhandler.DeleteBlocksCommandHandler (DeleteBlocksCommandHandler.java:logDeleteTransaction(489)) - Delete blocks for containerId: 5 is either received out of order or retried, 5 <= 5
2023-03-23 08:05:28,494 [DeleteBlocksCommandHandlerThread-3] INFO  commandhandler.DeleteBlocksCommandHandler (DeleteBlocksCommandHandler.java:logDeleteTransaction(489)) - Delete blocks for containerId: 7 is either received out of order or retried, 7 <= 7
2023-03-23 08:05:28,494 [DeleteBlocksCommandHandlerThread-3] INFO  commandhandler.DeleteBlocksCommandHandler (DeleteBlocksCommandHandler.java:logDeleteTransaction(489)) - Delete blocks for containerId: 8 is either received out of order or retried, 8 <= 8
2023-03-23 08:05:28,495 [DeleteBlocksCommandHandlerThread-3] INFO  commandhandler.DeleteBlocksCommandHandler (DeleteBlocksCommandHandler.java:logDeleteTransaction(489)) - Delete blocks for containerId: 9 is either received out of order or retried, 9 <= 9
2023-03-23 08:05:28,495 [DeleteBlocksCommandHandlerThread-3] INFO  commandhandler.DeleteBlocksCommandHandler (DeleteBlocksCommandHandler.java:logDeleteTransaction(489)) - Delete blocks for containerId: 10 is either received out of order or retried, 10 <= 10
2023-03-23 08:05:28,497 [BlockDeletingService#5] INFO  interfaces.ContainerDeletionChoosingPolicyTemplate (ContainerDeletionChoosingPolicyTemplate.java:chooseContainerForBlockDeletion(83)) - Chosen 0/5000 blocks from 0 candidate containers.
2023-03-23 08:05:28,500 [org.apache.hadoop.ozone.container.common.statemachine.commandhandler.DeleteBlocksCommandHandler$DeleteCmdWorker@4e4c85e1] INFO  commandhandler.DeleteBlocksCommandHandler (DeleteBlocksCommandHandler.java:processCmd(272)) - Start to delete container blocks, TXIDs=[1(2),2(2),3(2),4(2),5(2),6(2),7(2),8(2),9(2),10(2)], numOfContainers=10, numOfBlocks=10
2023-03-23 08:05:28,500 [DeleteBlocksCommandHandlerThread-2] INFO  commandhandler.DeleteBlocksCommandHandler (DeleteBlocksCommandHandler.java:logDeleteTransaction(489)) - Delete blocks for containerId: 1 is either received out of order or retried, 1 <= 1
2023-03-23 08:05:28,503 [DeleteBlocksCommandHandlerThread-2] INFO  commandhandler.DeleteBlocksCommandHandler (DeleteBlocksCommandHandler.java:logDeleteTransaction(489)) - Delete blocks for containerId: 2 is either received out of order or retried, 2 <= 2
2023-03-23 08:05:28,504 [DeleteBlocksCommandHandlerThread-2] INFO  commandhandler.DeleteBlocksCommandHandler (DeleteBlocksCommandHandler.java:logDeleteTransaction(489)) - Delete blocks for containerId: 3 is either received out of order or retried, 3 <= 3
2023-03-23 08:05:28,504 [DeleteBlocksCommandHandlerThread-2] INFO  commandhandler.DeleteBlocksCommandHandler (DeleteBlocksCommandHandler.java:logDeleteTransaction(489)) - Delete blocks for containerId: 4 is either received out of order or retried, 4 <= 4
2023-03-23 08:05:28,504 [DeleteBlocksCommandHandlerThread-2] INFO  commandhandler.DeleteBlocksCommandHandler (DeleteBlocksCommandHandler.java:logDeleteTransaction(489)) - Delete blocks for containerId: 5 is either received out of order or retried, 5 <= 5
2023-03-23 08:05:28,505 [DeleteBlocksCommandHandlerThread-2] INFO  commandhandler.DeleteBlocksCommandHandler (DeleteBlocksCommandHandler.java:logDeleteTransaction(489)) - Delete blocks for containerId: 6 is either received out of order or retried, 6 <= 6
2023-03-23 08:05:28,505 [DeleteBlocksCommandHandlerThread-2] INFO  commandhandler.DeleteBlocksCommandHandler (DeleteBlocksCommandHandler.java:logDeleteTransaction(489)) - Delete blocks for containerId: 7 is either received out of order or retried, 7 <= 7
2023-03-23 08:05:28,506 [DeleteBlocksCommandHandlerThread-2] INFO  commandhandler.DeleteBlocksCommandHandler (DeleteBlocksCommandHandler.java:logDeleteTransaction(489)) - Delete blocks for containerId: 8 is either received out of order or retried, 8 <= 8
2023-03-23 08:05:28,507 [DeleteBlocksCommandHandlerThread-2] INFO  commandhandler.DeleteBlocksCommandHandler (DeleteBlocksCommandHandler.java:logDeleteTransaction(489)) - Delete blocks for containerId: 9 is either received out of order or retried, 9 <= 9
2023-03-23 08:05:28,507 [DeleteBlocksCommandHandlerThread-2] INFO  commandhandler.DeleteBlocksCommandHandler (DeleteBlocksCommandHandler.java:logDeleteTransaction(489)) - Delete blocks for containerId: 10 is either received out of order or retried, 10 <= 10
2023-03-23 08:05:28,508 [org.apache.hadoop.ozone.container.common.statemachine.commandhandler.DeleteBlocksCommandHandler$DeleteCmdWorker@4e4c85e1] INFO  commandhandler.DeleteBlocksCommandHandler (DeleteBlocksCommandHandler.java:processCmd(272)) - Start to delete container blocks, TXIDs=[1(3),2(3),3(3),4(3),5(3),6(3),7(3),8(3),9(3),10(3)], numOfContainers=10, numOfBlocks=10
2023-03-23 08:05:28,508 [DeleteBlocksCommandHandlerThread-2] INFO  commandhandler.DeleteBlocksCommandHandler (DeleteBlocksCommandHandler.java:logDeleteTransaction(489)) - Delete blocks for containerId: 1 is either received out of order or retried, 1 <= 1
2023-03-23 08:05:28,509 [DeleteBlocksCommandHandlerThread-2] INFO  commandhandler.DeleteBlocksCommandHandler (DeleteBlocksCommandHandler.java:logDeleteTransaction(489)) - Delete blocks for containerId: 2 is either received out of order or retried, 2 <= 2
2023-03-23 08:05:28,509 [DeleteBlocksCommandHandlerThread-0] INFO  commandhandler.DeleteBlocksCommandHandler (DeleteBlocksCommandHandler.java:logDeleteTransaction(489)) - Delete blocks for containerId: 3 is either received out of order or retried, 3 <= 3
2023-03-23 08:05:28,510 [DeleteBlocksCommandHandlerThread-0] INFO  commandhandler.DeleteBlocksCommandHandler (DeleteBlocksCommandHandler.java:logDeleteTransaction(489)) - Delete blocks for containerId: 4 is either received out of order or retried, 4 <= 4
2023-03-23 08:05:28,510 [DeleteBlocksCommandHandlerThread-0] INFO  commandhandler.DeleteBlocksCommandHandler (DeleteBlocksCommandHandler.java:logDeleteTransaction(489)) - Delete blocks for containerId: 5 is either received out of order or retried, 5 <= 5
2023-03-23 08:05:28,510 [DeleteBlocksCommandHandlerThread-1] INFO  commandhandler.DeleteBlocksCommandHandler (DeleteBlocksCommandHandler.java:logDeleteTransaction(489)) - Delete blocks for containerId: 6 is either received out of order or retried, 6 <= 6
2023-03-23 08:05:28,510 [DeleteBlocksCommandHandlerThread-0] INFO  commandhandler.DeleteBlocksCommandHandler (DeleteBlocksCommandHandler.java:logDeleteTransaction(489)) - Delete blocks for containerId: 7 is either received out of order or retried, 7 <= 7
2023-03-23 08:05:28,510 [DeleteBlocksCommandHandlerThread-1] INFO  commandhandler.DeleteBlocksCommandHandler (DeleteBlocksCommandHandler.java:logDeleteTransaction(489)) - Delete blocks for containerId: 8 is either received out of order or retried, 8 <= 8
2023-03-23 08:05:28,510 [DeleteBlocksCommandHandlerThread-3] INFO  commandhandler.DeleteBlocksCommandHandler (DeleteBlocksCommandHandler.java:logDeleteTransaction(489)) - Delete blocks for containerId: 9 is either received out of order or retried, 9 <= 9
2023-03-23 08:05:28,511 [DeleteBlocksCommandHandlerThread-4] INFO  commandhandler.DeleteBlocksCommandHandler (DeleteBlocksCommandHandler.java:logDeleteTransaction(489)) - Delete blocks for containerId: 10 is either received out of order or retried, 10 <= 10
2023-03-23 08:05:28,528 [SCMBlockDeletingService#0] DEBUG block.SCMBlockDeletingService (SCMBlockDeletingService.java:call(136)) - Running DeletedBlockTransactionScanner
2023-03-23 08:05:28,547 [BlockDeletingService#5] INFO  interfaces.ContainerDeletionChoosingPolicyTemplate (ContainerDeletionChoosingPolicyTemplate.java:chooseContainerForBlockDeletion(83)) - Chosen 0/5000 blocks from 0 candidate containers.
2023-03-23 08:05:28,559 [EventQueue-DeleteBlockStatusForDeletedBlockLogImpl] DEBUG block.DeletedBlockLogImpl (DeletedBlockLogImpl.java:isTransactionFailed(314)) - Got block deletion ACK from datanode, TXIDs=1, success=true
2023-03-23 08:05:28,559 [EventQueue-DeleteBlockStatusForDeletedBlockLogImpl] DEBUG block.DeletedBlockLogImpl (DeletedBlockLogImpl.java:commitTransactions(292)) - Datanode txId=1 containerId=#1 committed by dnId=7171cd95-6b54-4876-a08e-c51c27c3dd43
2023-03-23 08:05:28,559 [EventQueue-DeleteBlockStatusForDeletedBlockLogImpl] DEBUG block.DeletedBlockLogImpl (DeletedBlockLogImpl.java:isTransactionFailed(314)) - Got block deletion ACK from datanode, TXIDs=2, success=true
2023-03-23 08:05:28,559 [EventQueue-DeleteBlockStatusForDeletedBlockLogImpl] DEBUG block.DeletedBlockLogImpl (DeletedBlockLogImpl.java:commitTransactions(292)) - Datanode txId=2 containerId=#2 committed by dnId=7171cd95-6b54-4876-a08e-c51c27c3dd43
2023-03-23 08:05:28,559 [EventQueue-DeleteBlockStatusForDeletedBlockLogImpl] DEBUG block.DeletedBlockLogImpl (DeletedBlockLogImpl.java:isTransactionFailed(314)) - Got block deletion ACK from datanode, TXIDs=3, success=true
2023-03-23 08:05:28,559 [EventQueue-DeleteBlockStatusForDeletedBlockLogImpl] DEBUG block.DeletedBlockLogImpl (DeletedBlockLogImpl.java:commitTransactions(292)) - Datanode txId=3 containerId=#3 committed by dnId=7171cd95-6b54-4876-a08e-c51c27c3dd43
2023-03-23 08:05:28,559 [EventQueue-DeleteBlockStatusForDeletedBlockLogImpl] DEBUG block.DeletedBlockLogImpl (DeletedBlockLogImpl.java:isTransactionFailed(314)) - Got block deletion ACK from datanode, TXIDs=4, success=true
2023-03-23 08:05:28,559 [EventQueue-DeleteBlockStatusForDeletedBlockLogImpl] DEBUG block.DeletedBlockLogImpl (DeletedBlockLogImpl.java:commitTransactions(292)) - Datanode txId=4 containerId=#4 committed by dnId=7171cd95-6b54-4876-a08e-c51c27c3dd43
2023-03-23 08:05:28,559 [EventQueue-DeleteBlockStatusForDeletedBlockLogImpl] DEBUG block.DeletedBlockLogImpl (DeletedBlockLogImpl.java:isTransactionFailed(314)) - Got block deletion ACK from datanode, TXIDs=5, success=true
2023-03-23 08:05:28,559 [EventQueue-DeleteBlockStatusForDeletedBlockLogImpl] DEBUG block.DeletedBlockLogImpl (DeletedBlockLogImpl.java:commitTransactions(292)) - Datanode txId=5 containerId=#5 committed by dnId=7171cd95-6b54-4876-a08e-c51c27c3dd43
2023-03-23 08:05:28,560 [EventQueue-DeleteBlockStatusForDeletedBlockLogImpl] DEBUG block.DeletedBlockLogImpl (DeletedBlockLogImpl.java:isTransactionFailed(314)) - Got block deletion ACK from datanode, TXIDs=6, success=true
2023-03-23 08:05:28,560 [EventQueue-DeleteBlockStatusForDeletedBlockLogImpl] DEBUG block.DeletedBlockLogImpl (DeletedBlockLogImpl.java:commitTransactions(292)) - Datanode txId=6 containerId=#6 committed by dnId=7171cd95-6b54-4876-a08e-c51c27c3dd43
2023-03-23 08:05:28,560 [EventQueue-DeleteBlockStatusForDeletedBlockLogImpl] DEBUG block.DeletedBlockLogImpl (DeletedBlockLogImpl.java:isTransactionFailed(314)) - Got block deletion ACK from datanode, TXIDs=7, success=true
2023-03-23 08:05:28,560 [EventQueue-DeleteBlockStatusForDeletedBlockLogImpl] DEBUG block.DeletedBlockLogImpl (DeletedBlockLogImpl.java:commitTransactions(292)) - Datanode txId=7 containerId=#7 committed by dnId=7171cd95-6b54-4876-a08e-c51c27c3dd43
2023-03-23 08:05:28,560 [EventQueue-DeleteBlockStatusForDeletedBlockLogImpl] DEBUG block.DeletedBlockLogImpl (DeletedBlockLogImpl.java:isTransactionFailed(314)) - Got block deletion ACK from datanode, TXIDs=8, success=true
2023-03-23 08:05:28,560 [EventQueue-DeleteBlockStatusForDeletedBlockLogImpl] DEBUG block.DeletedBlockLogImpl (DeletedBlockLogImpl.java:commitTransactions(292)) - Datanode txId=8 containerId=#8 committed by dnId=7171cd95-6b54-4876-a08e-c51c27c3dd43
2023-03-23 08:05:28,560 [EventQueue-DeleteBlockStatusForDeletedBlockLogImpl] DEBUG block.DeletedBlockLogImpl (DeletedBlockLogImpl.java:isTransactionFailed(314)) - Got block deletion ACK from datanode, TXIDs=9, success=true
2023-03-23 08:05:28,560 [EventQueue-DeleteBlockStatusForDeletedBlockLogImpl] DEBUG block.DeletedBlockLogImpl (DeletedBlockLogImpl.java:commitTransactions(292)) - Datanode txId=9 containerId=#9 committed by dnId=7171cd95-6b54-4876-a08e-c51c27c3dd43
2023-03-23 08:05:28,560 [EventQueue-DeleteBlockStatusForDeletedBlockLogImpl] DEBUG block.DeletedBlockLogImpl (DeletedBlockLogImpl.java:isTransactionFailed(314)) - Got block deletion ACK from datanode, TXIDs=10, success=true
2023-03-23 08:05:28,560 [EventQueue-DeleteBlockStatusForDeletedBlockLogImpl] DEBUG block.DeletedBlockLogImpl (DeletedBlockLogImpl.java:commitTransactions(292)) - Datanode txId=10 containerId=#10 committed by dnId=7171cd95-6b54-4876-a08e-c51c27c3dd43
2023-03-23 08:05:28,560 [EventQueue-DeleteBlockStatusForDeletedBlockLogImpl] DEBUG block.DeletedBlockLogImpl (DeletedBlockLogImpl.java:isTransactionFailed(314)) - Got block deletion ACK from datanode, TXIDs=1, success=true
2023-03-23 08:05:28,560 [EventQueue-DeleteBlockStatusForDeletedBlockLogImpl] DEBUG block.DeletedBlockLogImpl (DeletedBlockLogImpl.java:commitTransactions(292)) - Datanode txId=1 containerId=#1 committed by dnId=7171cd95-6b54-4876-a08e-c51c27c3dd43
2023-03-23 08:05:28,560 [EventQueue-DeleteBlockStatusForDeletedBlockLogImpl] DEBUG block.DeletedBlockLogImpl (DeletedBlockLogImpl.java:isTransactionFailed(314)) - Got block deletion ACK from datanode, TXIDs=2, success=true
2023-03-23 08:05:28,560 [EventQueue-DeleteBlockStatusForDeletedBlockLogImpl] DEBUG block.DeletedBlockLogImpl (DeletedBlockLogImpl.java:commitTransactions(292)) - Datanode txId=2 containerId=#2 committed by dnId=7171cd95-6b54-4876-a08e-c51c27c3dd43
2023-03-23 08:05:28,560 [EventQueue-DeleteBlockStatusForDeletedBlockLogImpl] DEBUG block.DeletedBlockLogImpl (DeletedBlockLogImpl.java:isTransactionFailed(314)) - Got block deletion ACK from datanode, TXIDs=3, success=true
2023-03-23 08:05:28,560 [EventQueue-DeleteBlockStatusForDeletedBlockLogImpl] DEBUG block.DeletedBlockLogImpl (DeletedBlockLogImpl.java:commitTransactions(292)) - Datanode txId=3 containerId=#3 committed by dnId=7171cd95-6b54-4876-a08e-c51c27c3dd43
2023-03-23 08:05:28,560 [EventQueue-DeleteBlockStatusForDeletedBlockLogImpl] DEBUG block.DeletedBlockLogImpl (DeletedBlockLogImpl.java:isTransactionFailed(314)) - Got block deletion ACK from datanode, TXIDs=4, success=true
2023-03-23 08:05:28,560 [EventQueue-DeleteBlockStatusForDeletedBlockLogImpl] DEBUG block.DeletedBlockLogImpl (DeletedBlockLogImpl.java:commitTransactions(292)) - Datanode txId=4 containerId=#4 committed by dnId=7171cd95-6b54-4876-a08e-c51c27c3dd43
2023-03-23 08:05:28,560 [EventQueue-DeleteBlockStatusForDeletedBlockLogImpl] DEBUG block.DeletedBlockLogImpl (DeletedBlockLogImpl.java:isTransactionFailed(314)) - Got block deletion ACK from datanode, TXIDs=5, success=true
2023-03-23 08:05:28,560 [EventQueue-DeleteBlockStatusForDeletedBlockLogImpl] DEBUG block.DeletedBlockLogImpl (DeletedBlockLogImpl.java:commitTransactions(292)) - Datanode txId=5 containerId=#5 committed by dnId=7171cd95-6b54-4876-a08e-c51c27c3dd43
2023-03-23 08:05:28,560 [EventQueue-DeleteBlockStatusForDeletedBlockLogImpl] DEBUG block.DeletedBlockLogImpl (DeletedBlockLogImpl.java:isTransactionFailed(314)) - Got block deletion ACK from datanode, TXIDs=6, success=true
2023-03-23 08:05:28,560 [EventQueue-DeleteBlockStatusForDeletedBlockLogImpl] DEBUG block.DeletedBlockLogImpl (DeletedBlockLogImpl.java:commitTransactions(292)) - Datanode txId=6 containerId=#6 committed by dnId=7171cd95-6b54-4876-a08e-c51c27c3dd43
2023-03-23 08:05:28,560 [EventQueue-DeleteBlockStatusForDeletedBlockLogImpl] DEBUG block.DeletedBlockLogImpl (DeletedBlockLogImpl.java:isTransactionFailed(314)) - Got block deletion ACK from datanode, TXIDs=7, success=true
2023-03-23 08:05:28,560 [EventQueue-DeleteBlockStatusForDeletedBlockLogImpl] DEBUG block.DeletedBlockLogImpl (DeletedBlockLogImpl.java:commitTransactions(292)) - Datanode txId=7 containerId=#7 committed by dnId=7171cd95-6b54-4876-a08e-c51c27c3dd43
2023-03-23 08:05:28,560 [EventQueue-DeleteBlockStatusForDeletedBlockLogImpl] DEBUG block.DeletedBlockLogImpl (DeletedBlockLogImpl.java:isTransactionFailed(314)) - Got block deletion ACK from datanode, TXIDs=8, success=true
2023-03-23 08:05:28,560 [EventQueue-DeleteBlockStatusForDeletedBlockLogImpl] DEBUG block.DeletedBlockLogImpl (DeletedBlockLogImpl.java:commitTransactions(292)) - Datanode txId=8 containerId=#8 committed by dnId=7171cd95-6b54-4876-a08e-c51c27c3dd43
2023-03-23 08:05:28,560 [EventQueue-DeleteBlockStatusForDeletedBlockLogImpl] DEBUG block.DeletedBlockLogImpl (DeletedBlockLogImpl.java:isTransactionFailed(314)) - Got block deletion ACK from datanode, TXIDs=9, success=true
2023-03-23 08:05:28,560 [EventQueue-DeleteBlockStatusForDeletedBlockLogImpl] DEBUG block.DeletedBlockLogImpl (DeletedBlockLogImpl.java:commitTransactions(292)) - Datanode txId=9 containerId=#9 committed by dnId=7171cd95-6b54-4876-a08e-c51c27c3dd43
2023-03-23 08:05:28,560 [EventQueue-DeleteBlockStatusForDeletedBlockLogImpl] DEBUG block.DeletedBlockLogImpl (DeletedBlockLogImpl.java:isTransactionFailed(314)) - Got block deletion ACK from datanode, TXIDs=10, success=true
2023-03-23 08:05:28,560 [EventQueue-DeleteBlockStatusForDeletedBlockLogImpl] DEBUG block.DeletedBlockLogImpl (DeletedBlockLogImpl.java:commitTransactions(292)) - Datanode txId=10 containerId=#10 committed by dnId=7171cd95-6b54-4876-a08e-c51c27c3dd43
2023-03-23 08:05:28,561 [EventQueue-DeleteBlockStatusForDeletedBlockLogImpl] DEBUG block.DeletedBlockLogImpl (DeletedBlockLogImpl.java:isTransactionFailed(314)) - Got block deletion ACK from datanode, TXIDs=1, success=true
2023-03-23 08:05:28,561 [EventQueue-DeleteBlockStatusForDeletedBlockLogImpl] DEBUG block.DeletedBlockLogImpl (DeletedBlockLogImpl.java:commitTransactions(292)) - Datanode txId=1 containerId=#1 committed by dnId=7171cd95-6b54-4876-a08e-c51c27c3dd43
2023-03-23 08:05:28,561 [EventQueue-DeleteBlockStatusForDeletedBlockLogImpl] DEBUG block.DeletedBlockLogImpl (DeletedBlockLogImpl.java:isTransactionFailed(314)) - Got block deletion ACK from datanode, TXIDs=2, success=true
2023-03-23 08:05:28,561 [EventQueue-DeleteBlockStatusForDeletedBlockLogImpl] DEBUG block.DeletedBlockLogImpl (DeletedBlockLogImpl.java:commitTransactions(292)) - Datanode txId=2 containerId=#2 committed by dnId=7171cd95-6b54-4876-a08e-c51c27c3dd43
2023-03-23 08:05:28,561 [EventQueue-DeleteBlockStatusForDeletedBlockLogImpl] DEBUG block.DeletedBlockLogImpl (DeletedBlockLogImpl.java:isTransactionFailed(314)) - Got block deletion ACK from datanode, TXIDs=3, success=true
2023-03-23 08:05:28,561 [EventQueue-DeleteBlockStatusForDeletedBlockLogImpl] DEBUG block.DeletedBlockLogImpl (DeletedBlockLogImpl.java:commitTransactions(292)) - Datanode txId=3 containerId=#3 committed by dnId=7171cd95-6b54-4876-a08e-c51c27c3dd43
2023-03-23 08:05:28,561 [EventQueue-DeleteBlockStatusForDeletedBlockLogImpl] DEBUG block.DeletedBlockLogImpl (DeletedBlockLogImpl.java:isTransactionFailed(314)) - Got block deletion ACK from datanode, TXIDs=4, success=true
2023-03-23 08:05:28,561 [EventQueue-DeleteBlockStatusForDeletedBlockLogImpl] DEBUG block.DeletedBlockLogImpl (DeletedBlockLogImpl.java:commitTransactions(292)) - Datanode txId=4 containerId=#4 committed by dnId=7171cd95-6b54-4876-a08e-c51c27c3dd43
2023-03-23 08:05:28,561 [EventQueue-DeleteBlockStatusForDeletedBlockLogImpl] DEBUG block.DeletedBlockLogImpl (DeletedBlockLogImpl.java:isTransactionFailed(314)) - Got block deletion ACK from datanode, TXIDs=5, success=true
2023-03-23 08:05:28,561 [EventQueue-DeleteBlockStatusForDeletedBlockLogImpl] DEBUG block.DeletedBlockLogImpl (DeletedBlockLogImpl.java:commitTransactions(292)) - Datanode txId=5 containerId=#5 committed by dnId=7171cd95-6b54-4876-a08e-c51c27c3dd43
2023-03-23 08:05:28,561 [EventQueue-DeleteBlockStatusForDeletedBlockLogImpl] DEBUG block.DeletedBlockLogImpl (DeletedBlockLogImpl.java:isTransactionFailed(314)) - Got block deletion ACK from datanode, TXIDs=6, success=true
2023-03-23 08:05:28,561 [EventQueue-DeleteBlockStatusForDeletedBlockLogImpl] DEBUG block.DeletedBlockLogImpl (DeletedBlockLogImpl.java:commitTransactions(292)) - Datanode txId=6 containerId=#6 committed by dnId=7171cd95-6b54-4876-a08e-c51c27c3dd43
2023-03-23 08:05:28,561 [EventQueue-DeleteBlockStatusForDeletedBlockLogImpl] DEBUG block.DeletedBlockLogImpl (DeletedBlockLogImpl.java:isTransactionFailed(314)) - Got block deletion ACK from datanode, TXIDs=7, success=true
2023-03-23 08:05:28,561 [EventQueue-DeleteBlockStatusForDeletedBlockLogImpl] DEBUG block.DeletedBlockLogImpl (DeletedBlockLogImpl.java:commitTransactions(292)) - Datanode txId=7 containerId=#7 committed by dnId=7171cd95-6b54-4876-a08e-c51c27c3dd43
2023-03-23 08:05:28,561 [EventQueue-DeleteBlockStatusForDeletedBlockLogImpl] DEBUG block.DeletedBlockLogImpl (DeletedBlockLogImpl.java:isTransactionFailed(314)) - Got block deletion ACK from datanode, TXIDs=8, success=true
2023-03-23 08:05:28,561 [EventQueue-DeleteBlockStatusForDeletedBlockLogImpl] DEBUG block.DeletedBlockLogImpl (DeletedBlockLogImpl.java:commitTransactions(292)) - Datanode txId=8 containerId=#8 committed by dnId=7171cd95-6b54-4876-a08e-c51c27c3dd43
2023-03-23 08:05:28,561 [EventQueue-DeleteBlockStatusForDeletedBlockLogImpl] DEBUG block.DeletedBlockLogImpl (DeletedBlockLogImpl.java:isTransactionFailed(314)) - Got block deletion ACK from datanode, TXIDs=9, success=true
2023-03-23 08:05:28,561 [EventQueue-DeleteBlockStatusForDeletedBlockLogImpl] DEBUG block.DeletedBlockLogImpl (DeletedBlockLogImpl.java:commitTransactions(292)) - Datanode txId=9 containerId=#9 committed by dnId=7171cd95-6b54-4876-a08e-c51c27c3dd43
2023-03-23 08:05:28,561 [EventQueue-DeleteBlockStatusForDeletedBlockLogImpl] DEBUG block.DeletedBlockLogImpl (DeletedBlockLogImpl.java:isTransactionFailed(314)) - Got block deletion ACK from datanode, TXIDs=10, success=true
2023-03-23 08:05:28,561 [EventQueue-DeleteBlockStatusForDeletedBlockLogImpl] DEBUG block.DeletedBlockLogImpl (DeletedBlockLogImpl.java:commitTransactions(292)) - Datanode txId=10 containerId=#10 committed by dnId=7171cd95-6b54-4876-a08e-c51c27c3dd43
2023-03-23 08:05:28,561 [EventQueue-DeleteBlockStatusForDeletedBlockLogImpl] DEBUG block.DeletedBlockLogImpl (DeletedBlockLogImpl.java:isTransactionFailed(314)) - Got block deletion ACK from datanode, TXIDs=1, success=true
2023-03-23 08:05:28,561 [EventQueue-DeleteBlockStatusForDeletedBlockLogImpl] DEBUG block.DeletedBlockLogImpl (DeletedBlockLogImpl.java:commitTransactions(292)) - Datanode txId=1 containerId=#1 committed by dnId=7171cd95-6b54-4876-a08e-c51c27c3dd43
2023-03-23 08:05:28,561 [EventQueue-DeleteBlockStatusForDeletedBlockLogImpl] DEBUG block.DeletedBlockLogImpl (DeletedBlockLogImpl.java:isTransactionFailed(314)) - Got block deletion ACK from datanode, TXIDs=2, success=true
2023-03-23 08:05:28,561 [EventQueue-DeleteBlockStatusForDeletedBlockLogImpl] DEBUG block.DeletedBlockLogImpl (DeletedBlockLogImpl.java:commitTransactions(292)) - Datanode txId=2 containerId=#2 committed by dnId=7171cd95-6b54-4876-a08e-c51c27c3dd43
2023-03-23 08:05:28,561 [EventQueue-DeleteBlockStatusForDeletedBlockLogImpl] DEBUG block.DeletedBlockLogImpl (DeletedBlockLogImpl.java:isTransactionFailed(314)) - Got block deletion ACK from datanode, TXIDs=3, success=true
2023-03-23 08:05:28,563 [EventQueue-DeleteBlockStatusForDeletedBlockLogImpl] DEBUG block.DeletedBlockLogImpl (DeletedBlockLogImpl.java:commitTransactions(292)) - Datanode txId=3 containerId=#3 committed by dnId=7171cd95-6b54-4876-a08e-c51c27c3dd43
2023-03-23 08:05:28,563 [EventQueue-DeleteBlockStatusForDeletedBlockLogImpl] DEBUG block.DeletedBlockLogImpl (DeletedBlockLogImpl.java:isTransactionFailed(314)) - Got block deletion ACK from datanode, TXIDs=4, success=true
2023-03-23 08:05:28,563 [EventQueue-DeleteBlockStatusForDeletedBlockLogImpl] DEBUG block.DeletedBlockLogImpl (DeletedBlockLogImpl.java:commitTransactions(292)) - Datanode txId=4 containerId=#4 committed by dnId=7171cd95-6b54-4876-a08e-c51c27c3dd43
2023-03-23 08:05:28,563 [EventQueue-DeleteBlockStatusForDeletedBlockLogImpl] DEBUG block.DeletedBlockLogImpl (DeletedBlockLogImpl.java:isTransactionFailed(314)) - Got block deletion ACK from datanode, TXIDs=5, success=true
2023-03-23 08:05:28,563 [EventQueue-DeleteBlockStatusForDeletedBlockLogImpl] DEBUG block.DeletedBlockLogImpl (DeletedBlockLogImpl.java:commitTransactions(292)) - Datanode txId=5 containerId=#5 committed by dnId=7171cd95-6b54-4876-a08e-c51c27c3dd43
2023-03-23 08:05:28,563 [EventQueue-DeleteBlockStatusForDeletedBlockLogImpl] DEBUG block.DeletedBlockLogImpl (DeletedBlockLogImpl.java:isTransactionFailed(314)) - Got block deletion ACK from datanode, TXIDs=6, success=true
2023-03-23 08:05:28,563 [EventQueue-DeleteBlockStatusForDeletedBlockLogImpl] DEBUG block.DeletedBlockLogImpl (DeletedBlockLogImpl.java:commitTransactions(292)) - Datanode txId=6 containerId=#6 committed by dnId=7171cd95-6b54-4876-a08e-c51c27c3dd43
2023-03-23 08:05:28,563 [EventQueue-DeleteBlockStatusForDeletedBlockLogImpl] DEBUG block.DeletedBlockLogImpl (DeletedBlockLogImpl.java:isTransactionFailed(314)) - Got block deletion ACK from datanode, TXIDs=7, success=true
2023-03-23 08:05:28,563 [EventQueue-DeleteBlockStatusForDeletedBlockLogImpl] DEBUG block.DeletedBlockLogImpl (DeletedBlockLogImpl.java:commitTransactions(292)) - Datanode txId=7 containerId=#7 committed by dnId=7171cd95-6b54-4876-a08e-c51c27c3dd43
2023-03-23 08:05:28,563 [EventQueue-DeleteBlockStatusForDeletedBlockLogImpl] DEBUG block.DeletedBlockLogImpl (DeletedBlockLogImpl.java:isTransactionFailed(314)) - Got block deletion ACK from datanode, TXIDs=8, success=true
2023-03-23 08:05:28,564 [EventQueue-DeleteBlockStatusForDeletedBlockLogImpl] DEBUG block.DeletedBlockLogImpl (DeletedBlockLogImpl.java:commitTransactions(292)) - Datanode txId=8 containerId=#8 committed by dnId=7171cd95-6b54-4876-a08e-c51c27c3dd43
2023-03-23 08:05:28,564 [EventQueue-DeleteBlockStatusForDeletedBlockLogImpl] DEBUG block.DeletedBlockLogImpl (DeletedBlockLogImpl.java:isTransactionFailed(314)) - Got block deletion ACK from datanode, TXIDs=9, success=true
2023-03-23 08:05:28,564 [EventQueue-DeleteBlockStatusForDeletedBlockLogImpl] DEBUG block.DeletedBlockLogImpl (DeletedBlockLogImpl.java:commitTransactions(292)) - Datanode txId=9 containerId=#9 committed by dnId=7171cd95-6b54-4876-a08e-c51c27c3dd43
2023-03-23 08:05:28,564 [EventQueue-DeleteBlockStatusForDeletedBlockLogImpl] DEBUG block.DeletedBlockLogImpl (DeletedBlockLogImpl.java:isTransactionFailed(314)) - Got block deletion ACK from datanode, TXIDs=10, success=true
2023-03-23 08:05:28,564 [EventQueue-DeleteBlockStatusForDeletedBlockLogImpl] DEBUG block.DeletedBlockLogImpl (DeletedBlockLogImpl.java:commitTransactions(292)) - Datanode txId=10 containerId=#10 committed by dnId=7171cd95-6b54-4876-a08e-c51c27c3dd43
2023-03-23 08:05:28,573 [BlockDeletingService#2] INFO  interfaces.ContainerDeletionChoosingPolicyTemplate (ContainerDeletionChoosingPolicyTemplate.java:chooseContainerForBlockDeletion(83)) - Chosen 40/4960 blocks from 10 candidate containers.
2023-03-23 08:05:28,574 [BlockDeletingService#7] INFO  impl.FilePerBlockStrategy (FilePerBlockStrategy.java:deleteChunk(252)) - Deleted block file: /home/runner/work/ozone/ozone/hadoop-ozone/integration-test/target/test-dir/MiniOzoneClusterImpl-2db357e6-2bf9-484c-8f04-13a4732d1f27/datanode-2/data-0/containers/hdds/2db357e6-2bf9-484c-8f04-13a4732d1f27/current/containerDir0/10/chunks/111677748019200010.block
2023-03-23 08:05:28,574 [BlockDeletingService#2] INFO  impl.FilePerBlockStrategy (FilePerBlockStrategy.java:deleteChunk(252)) - Deleted block file: /home/runner/work/ozone/ozone/hadoop-ozone/integration-test/target/test-dir/MiniOzoneClusterImpl-2db357e6-2bf9-484c-8f04-13a4732d1f27/datanode-2/data-0/containers/hdds/2db357e6-2bf9-484c-8f04-13a4732d1f27/current/containerDir0/9/chunks/111677748019200009.block
2023-03-23 08:05:28,575 [BlockDeletingService#7] INFO  impl.FilePerBlockStrategy (FilePerBlockStrategy.java:deleteChunk(252)) - Deleted block file: /home/runner/work/ozone/ozone/hadoop-ozone/integration-test/target/test-dir/MiniOzoneClusterImpl-2db357e6-2bf9-484c-8f04-13a4732d1f27/datanode-2/data-0/containers/hdds/2db357e6-2bf9-484c-8f04-13a4732d1f27/current/containerDir0/8/chunks/111677748019200008.block
2023-03-23 08:05:28,575 [BlockDeletingService#2] INFO  impl.FilePerBlockStrategy (FilePerBlockStrategy.java:deleteChunk(252)) - Deleted block file: /home/runner/work/ozone/ozone/hadoop-ozone/integration-test/target/test-dir/MiniOzoneClusterImpl-2db357e6-2bf9-484c-8f04-13a4732d1f27/datanode-2/data-0/containers/hdds/2db357e6-2bf9-484c-8f04-13a4732d1f27/current/containerDir0/7/chunks/111677748019200007.block
2023-03-23 08:05:28,575 [BlockDeletingService#7] INFO  impl.FilePerBlockStrategy (FilePerBlockStrategy.java:deleteChunk(252)) - Deleted block file: /home/runner/work/ozone/ozone/hadoop-ozone/integration-test/target/test-dir/MiniOzoneClusterImpl-2db357e6-2bf9-484c-8f04-13a4732d1f27/datanode-2/data-0/containers/hdds/2db357e6-2bf9-484c-8f04-13a4732d1f27/current/containerDir0/6/chunks/111677748019200006.block
2023-03-23 08:05:28,575 [BlockDeletingService#2] INFO  impl.FilePerBlockStrategy (FilePerBlockStrategy.java:deleteChunk(252)) - Deleted block file: /home/runner/work/ozone/ozone/hadoop-ozone/integration-test/target/test-dir/MiniOzoneClusterImpl-2db357e6-2bf9-484c-8f04-13a4732d1f27/datanode-2/data-0/containers/hdds/2db357e6-2bf9-484c-8f04-13a4732d1f27/current/containerDir0/5/chunks/111677748019200005.block
2023-03-23 08:05:28,576 [BlockDeletingService#7] INFO  impl.FilePerBlockStrategy (FilePerBlockStrategy.java:deleteChunk(252)) - Deleted block file: /home/runner/work/ozone/ozone/hadoop-ozone/integration-test/target/test-dir/MiniOzoneClusterImpl-2db357e6-2bf9-484c-8f04-13a4732d1f27/datanode-2/data-0/containers/hdds/2db357e6-2bf9-484c-8f04-13a4732d1f27/current/containerDir0/4/chunks/111677748019200004.block
2023-03-23 08:05:28,576 [BlockDeletingService#7] INFO  impl.FilePerBlockStrategy (FilePerBlockStrategy.java:deleteChunk(252)) - Deleted block file: /home/runner/work/ozone/ozone/hadoop-ozone/integration-test/target/test-dir/MiniOzoneClusterImpl-2db357e6-2bf9-484c-8f04-13a4732d1f27/datanode-2/data-0/containers/hdds/2db357e6-2bf9-484c-8f04-13a4732d1f27/current/containerDir0/2/chunks/111677748019200002.block
2023-03-23 08:05:28,576 [BlockDeletingService#2] INFO  impl.FilePerBlockStrategy (FilePerBlockStrategy.java:deleteChunk(252)) - Deleted block file: /home/runner/work/ozone/ozone/hadoop-ozone/integration-test/target/test-dir/MiniOzoneClusterImpl-2db357e6-2bf9-484c-8f04-13a4732d1f27/datanode-2/data-0/containers/hdds/2db357e6-2bf9-484c-8f04-13a4732d1f27/current/containerDir0/3/chunks/111677748019200003.block
2023-03-23 08:05:28,577 [BlockDeletingService#1] INFO  impl.FilePerBlockStrategy (FilePerBlockStrategy.java:deleteChunk(252)) - Deleted block file: /home/runner/work/ozone/ozone/hadoop-ozone/integration-test/target/test-dir/MiniOzoneClusterImpl-2db357e6-2bf9-484c-8f04-13a4732d1f27/datanode-2/data-0/containers/hdds/2db357e6-2bf9-484c-8f04-13a4732d1f27/current/containerDir0/1/chunks/111677748019200001.block
2023-03-23 08:05:28,597 [BlockDeletingService#5] INFO  interfaces.ContainerDeletionChoosingPolicyTemplate (ContainerDeletionChoosingPolicyTemplate.java:chooseContainerForBlockDeletion(83)) - Chosen 0/5000 blocks from 0 candidate containers.
2023-03-23 08:05:28,628 [SCMBlockDeletingService#0] DEBUG block.SCMBlockDeletingService (SCMBlockDeletingService.java:call(136)) - Running DeletedBlockTransactionScanner
2023-03-23 08:05:28,628 [SCMBlockDeletingService#0] DEBUG block.SCMBlockDeletingService (DatanodeDeletedBlockTransactions.java:addTransactionToDN(50)) - Transaction added: ec9f5457-0109-4da3-8559-48062aace451 <- TX(1)
2023-03-23 08:05:28,629 [SCMBlockDeletingService#0] DEBUG block.SCMBlockDeletingService (DatanodeDeletedBlockTransactions.java:addTransactionToDN(50)) - Transaction added: ec9f5457-0109-4da3-8559-48062aace451 <- TX(2)
2023-03-23 08:05:28,629 [SCMBlockDeletingService#0] DEBUG block.SCMBlockDeletingService (DatanodeDeletedBlockTransactions.java:addTransactionToDN(50)) - Transaction added: ec9f5457-0109-4da3-8559-48062aace451 <- TX(3)
2023-03-23 08:05:28,629 [SCMBlockDeletingService#0] DEBUG block.SCMBlockDeletingService (DatanodeDeletedBlockTransactions.java:addTransactionToDN(50)) - Transaction added: ec9f5457-0109-4da3-8559-48062aace451 <- TX(4)
2023-03-23 08:05:28,629 [SCMBlockDeletingService#0] DEBUG block.SCMBlockDeletingService (DatanodeDeletedBlockTransactions.java:addTransactionToDN(50)) - Transaction added: ec9f5457-0109-4da3-8559-48062aace451 <- TX(5)
2023-03-23 08:05:28,629 [SCMBlockDeletingService#0] DEBUG block.SCMBlockDeletingService (DatanodeDeletedBlockTransactions.java:addTransactionToDN(50)) - Transaction added: ec9f5457-0109-4da3-8559-48062aace451 <- TX(6)
2023-03-23 08:05:28,629 [SCMBlockDeletingService#0] DEBUG block.SCMBlockDeletingService (DatanodeDeletedBlockTransactions.java:addTransactionToDN(50)) - Transaction added: ec9f5457-0109-4da3-8559-48062aace451 <- TX(7)
2023-03-23 08:05:28,629 [SCMBlockDeletingService#0] DEBUG block.SCMBlockDeletingService (DatanodeDeletedBlockTransactions.java:addTransactionToDN(50)) - Transaction added: ec9f5457-0109-4da3-8559-48062aace451 <- TX(8)
2023-03-23 08:05:28,629 [SCMBlockDeletingService#0] DEBUG block.SCMBlockDeletingService (DatanodeDeletedBlockTransactions.java:addTransactionToDN(50)) - Transaction added: ec9f5457-0109-4da3-8559-48062aace451 <- TX(9)
2023-03-23 08:05:28,629 [SCMBlockDeletingService#0] DEBUG block.SCMBlockDeletingService (DatanodeDeletedBlockTransactions.java:addTransactionToDN(50)) - Transaction added: ec9f5457-0109-4da3-8559-48062aace451 <- TX(10)
2023-03-23 08:05:28,629 [SCMBlockDeletingService#0] DEBUG block.SCMBlockDeletingService (SCMBlockDeletingService.java:call(171)) - Added delete block command for datanode ec9f5457-0109-4da3-8559-48062aace451 in the queue, number of delete block transactions: 10
2023-03-23 08:05:28,629 [SCMBlockDeletingService#0] INFO  block.SCMBlockDeletingService (SCMBlockDeletingService.java:call(180)) - Totally added 10 blocks to be deleted for 1 datanodes, task elapsed time: 2ms
2023-03-23 08:05:28,648 [BlockDeletingService#5] INFO  interfaces.ContainerDeletionChoosingPolicyTemplate (ContainerDeletionChoosingPolicyTemplate.java:chooseContainerForBlockDeletion(83)) - Chosen 0/5000 blocks from 0 candidate containers.
2023-03-23 08:05:28,679 [BlockDeletingService#7] INFO  interfaces.ContainerDeletionChoosingPolicyTemplate (ContainerDeletionChoosingPolicyTemplate.java:chooseContainerForBlockDeletion(83)) - Chosen 30/4970 blocks from 10 candidate containers.
2023-03-23 08:05:28,680 [BlockDeletingService#0] INFO  background.BlockDeletingService (BlockDeletingService.java:deleteViaTransactionStore(483)) - No transaction found in container 1 with pending delete block count 3
2023-03-23 08:05:28,680 [BlockDeletingService#0] INFO  background.BlockDeletingService (BlockDeletingService.java:deleteViaTransactionStore(483)) - No transaction found in container 10 with pending delete block count 3
2023-03-23 08:05:28,680 [BlockDeletingService#0] INFO  background.BlockDeletingService (BlockDeletingService.java:deleteViaTransactionStore(483)) - No transaction found in container 9 with pending delete block count 3
2023-03-23 08:05:28,681 [BlockDeletingService#0] INFO  background.BlockDeletingService (BlockDeletingService.java:deleteViaTransactionStore(483)) - No transaction found in container 8 with pending delete block count 3
2023-03-23 08:05:28,681 [BlockDeletingService#0] INFO  background.BlockDeletingService (BlockDeletingService.java:deleteViaTransactionStore(483)) - No transaction found in container 7 with pending delete block count 3
2023-03-23 08:05:28,681 [BlockDeletingService#0] INFO  background.BlockDeletingService (BlockDeletingService.java:deleteViaTransactionStore(483)) - No transaction found in container 6 with pending delete block count 3
2023-03-23 08:05:28,681 [BlockDeletingService#0] INFO  background.BlockDeletingService (BlockDeletingService.java:deleteViaTransactionStore(483)) - No transaction found in container 5 with pending delete block count 3
2023-03-23 08:05:28,681 [BlockDeletingService#0] INFO  background.BlockDeletingService (BlockDeletingService.java:deleteViaTransactionStore(483)) - No transaction found in container 4 with pending delete block count 3
2023-03-23 08:05:28,682 [BlockDeletingService#7] INFO  background.BlockDeletingService (BlockDeletingService.java:deleteViaTransactionStore(483)) - No transaction found in container 3 with pending delete block count 3
2023-03-23 08:05:28,681 [BlockDeletingService#8] INFO  background.BlockDeletingService (BlockDeletingService.java:deleteViaTransactionStore(483)) - No transaction found in container 2 with pending delete block count 3
2023-03-23 08:05:28,697 [BlockDeletingService#5] INFO  interfaces.ContainerDeletionChoosingPolicyTemplate (ContainerDeletionChoosingPolicyTemplate.java:chooseContainerForBlockDeletion(83)) - Chosen 0/5000 blocks from 0 candidate containers.
2023-03-23 08:05:28,728 [SCMBlockDeletingService#0] DEBUG block.SCMBlockDeletingService (SCMBlockDeletingService.java:call(136)) - Running DeletedBlockTransactionScanner
2023-03-23 08:05:28,748 [BlockDeletingService#5] INFO  interfaces.ContainerDeletionChoosingPolicyTemplate (ContainerDeletionChoosingPolicyTemplate.java:chooseContainerForBlockDeletion(83)) - Chosen 0/5000 blocks from 0 candidate containers.
2023-03-23 08:05:28,781 [BlockDeletingService#4] INFO  interfaces.ContainerDeletionChoosingPolicyTemplate (ContainerDeletionChoosingPolicyTemplate.java:chooseContainerForBlockDeletion(83)) - Chosen 0/5000 blocks from 0 candidate containers.
2023-03-23 08:05:28,798 [BlockDeletingService#5] INFO  interfaces.ContainerDeletionChoosingPolicyTemplate (ContainerDeletionChoosingPolicyTemplate.java:chooseContainerForBlockDeletion(83)) - Chosen 0/5000 blocks from 0 candidate containers.
2023-03-23 08:05:28,828 [SCMBlockDeletingService#0] DEBUG block.SCMBlockDeletingService (SCMBlockDeletingService.java:call(136)) - Running DeletedBlockTransactionScanner
2023-03-23 08:05:28,829 [SCMBlockDeletingService#0] DEBUG block.SCMBlockDeletingService (DatanodeDeletedBlockTransactions.java:addTransactionToDN(50)) - Transaction added: ec9f5457-0109-4da3-8559-48062aace451 <- TX(1)
2023-03-23 08:05:28,829 [SCMBlockDeletingService#0] DEBUG block.SCMBlockDeletingService (DatanodeDeletedBlockTransactions.java:addTransactionToDN(50)) - Transaction added: ec9f5457-0109-4da3-8559-48062aace451 <- TX(2)
2023-03-23 08:05:28,829 [SCMBlockDeletingService#0] DEBUG block.SCMBlockDeletingService (DatanodeDeletedBlockTransactions.java:addTransactionToDN(50)) - Transaction added: ec9f5457-0109-4da3-8559-48062aace451 <- TX(3)
2023-03-23 08:05:28,829 [SCMBlockDeletingService#0] DEBUG block.SCMBlockDeletingService (DatanodeDeletedBlockTransactions.java:addTransactionToDN(50)) - Transaction added: ec9f5457-0109-4da3-8559-48062aace451 <- TX(4)
2023-03-23 08:05:28,829 [SCMBlockDeletingService#0] DEBUG block.SCMBlockDeletingService (DatanodeDeletedBlockTransactions.java:addTransactionToDN(50)) - Transaction added: ec9f5457-0109-4da3-8559-48062aace451 <- TX(5)
2023-03-23 08:05:28,829 [SCMBlockDeletingService#0] DEBUG block.SCMBlockDeletingService (DatanodeDeletedBlockTransactions.java:addTransactionToDN(50)) - Transaction added: ec9f5457-0109-4da3-8559-48062aace451 <- TX(6)
2023-03-23 08:05:28,829 [SCMBlockDeletingService#0] DEBUG block.SCMBlockDeletingService (DatanodeDeletedBlockTransactions.java:addTransactionToDN(50)) - Transaction added: ec9f5457-0109-4da3-8559-48062aace451 <- TX(7)
2023-03-23 08:05:28,829 [SCMBlockDeletingService#0] DEBUG block.SCMBlockDeletingService (DatanodeDeletedBlockTransactions.java:addTransactionToDN(50)) - Transaction added: ec9f5457-0109-4da3-8559-48062aace451 <- TX(8)
2023-03-23 08:05:28,829 [SCMBlockDeletingService#0] DEBUG block.SCMBlockDeletingService (DatanodeDeletedBlockTransactions.java:addTransactionToDN(50)) - Transaction added: ec9f5457-0109-4da3-8559-48062aace451 <- TX(9)
2023-03-23 08:05:28,829 [SCMBlockDeletingService#0] DEBUG block.SCMBlockDeletingService (DatanodeDeletedBlockTransactions.java:addTransactionToDN(50)) - Transaction added: ec9f5457-0109-4da3-8559-48062aace451 <- TX(10)
2023-03-23 08:05:28,829 [SCMBlockDeletingService#0] DEBUG block.SCMBlockDeletingService (SCMBlockDeletingService.java:call(171)) - Added delete block command for datanode ec9f5457-0109-4da3-8559-48062aace451 in the queue, number of delete block transactions: 10
2023-03-23 08:05:28,830 [SCMBlockDeletingService#0] INFO  block.SCMBlockDeletingService (SCMBlockDeletingService.java:call(180)) - Totally added 10 blocks to be deleted for 1 datanodes, task elapsed time: 2ms
2023-03-23 08:05:28,848 [BlockDeletingService#5] INFO  interfaces.ContainerDeletionChoosingPolicyTemplate (ContainerDeletionChoosingPolicyTemplate.java:chooseContainerForBlockDeletion(83)) - Chosen 0/5000 blocks from 0 candidate containers.
2023-03-23 08:05:28,882 [BlockDeletingService#4] INFO  interfaces.ContainerDeletionChoosingPolicyTemplate (ContainerDeletionChoosingPolicyTemplate.java:chooseContainerForBlockDeletion(83)) - Chosen 0/5000 blocks from 0 candidate containers.
2023-03-23 08:05:28,899 [BlockDeletingService#5] INFO  interfaces.ContainerDeletionChoosingPolicyTemplate (ContainerDeletionChoosingPolicyTemplate.java:chooseContainerForBlockDeletion(83)) - Chosen 0/5000 blocks from 0 candidate containers.
2023-03-23 08:05:28,928 [SCMBlockDeletingService#0] DEBUG block.SCMBlockDeletingService (SCMBlockDeletingService.java:call(136)) - Running DeletedBlockTransactionScanner
2023-03-23 08:05:28,949 [BlockDeletingService#5] INFO  interfaces.ContainerDeletionChoosingPolicyTemplate (ContainerDeletionChoosingPolicyTemplate.java:chooseContainerForBlockDeletion(83)) - Chosen 0/5000 blocks from 0 candidate containers.
2023-03-23 08:05:28,982 [BlockDeletingService#4] INFO  interfaces.ContainerDeletionChoosingPolicyTemplate (ContainerDeletionChoosingPolicyTemplate.java:chooseContainerForBlockDeletion(83)) - Chosen 0/5000 blocks from 0 candidate containers.
2023-03-23 08:05:29,000 [BlockDeletingService#5] INFO  interfaces.ContainerDeletionChoosingPolicyTemplate (ContainerDeletionChoosingPolicyTemplate.java:chooseContainerForBlockDeletion(83)) - Chosen 0/5000 blocks from 0 candidate containers.
2023-03-23 08:05:29,028 [SCMBlockDeletingService#0] DEBUG block.SCMBlockDeletingService (SCMBlockDeletingService.java:call(136)) - Running DeletedBlockTransactionScanner
2023-03-23 08:05:29,029 [SCMBlockDeletingService#0] DEBUG block.SCMBlockDeletingService (DatanodeDeletedBlockTransactions.java:addTransactionToDN(50)) - Transaction added: ec9f5457-0109-4da3-8559-48062aace451 <- TX(1)
2023-03-23 08:05:29,029 [SCMBlockDeletingService#0] DEBUG block.SCMBlockDeletingService (DatanodeDeletedBlockTransactions.java:addTransactionToDN(50)) - Transaction added: ec9f5457-0109-4da3-8559-48062aace451 <- TX(2)
2023-03-23 08:05:29,029 [SCMBlockDeletingService#0] DEBUG block.SCMBlockDeletingService (DatanodeDeletedBlockTransactions.java:addTransactionToDN(50)) - Transaction added: ec9f5457-0109-4da3-8559-48062aace451 <- TX(3)
2023-03-23 08:05:29,029 [SCMBlockDeletingService#0] DEBUG block.SCMBlockDeletingService (DatanodeDeletedBlockTransactions.java:addTransactionToDN(50)) - Transaction added: ec9f5457-0109-4da3-8559-48062aace451 <- TX(4)
2023-03-23 08:05:29,029 [SCMBlockDeletingService#0] DEBUG block.SCMBlockDeletingService (DatanodeDeletedBlockTransactions.java:addTransactionToDN(50)) - Transaction added: ec9f5457-0109-4da3-8559-48062aace451 <- TX(5)
2023-03-23 08:05:29,029 [SCMBlockDeletingService#0] DEBUG block.SCMBlockDeletingService (DatanodeDeletedBlockTransactions.java:addTransactionToDN(50)) - Transaction added: ec9f5457-0109-4da3-8559-48062aace451 <- TX(6)
2023-03-23 08:05:29,029 [SCMBlockDeletingService#0] DEBUG block.SCMBlockDeletingService (DatanodeDeletedBlockTransactions.java:addTransactionToDN(50)) - Transaction added: ec9f5457-0109-4da3-8559-48062aace451 <- TX(7)
2023-03-23 08:05:29,029 [SCMBlockDeletingService#0] DEBUG block.SCMBlockDeletingService (DatanodeDeletedBlockTransactions.java:addTransactionToDN(50)) - Transaction added: ec9f5457-0109-4da3-8559-48062aace451 <- TX(8)
2023-03-23 08:05:29,030 [SCMBlockDeletingService#0] DEBUG block.SCMBlockDeletingService (DatanodeDeletedBlockTransactions.java:addTransactionToDN(50)) - Transaction added: ec9f5457-0109-4da3-8559-48062aace451 <- TX(9)
2023-03-23 08:05:29,030 [SCMBlockDeletingService#0] DEBUG block.SCMBlockDeletingService (DatanodeDeletedBlockTransactions.java:addTransactionToDN(50)) - Transaction added: ec9f5457-0109-4da3-8559-48062aace451 <- TX(10)
2023-03-23 08:05:29,030 [SCMBlockDeletingService#0] DEBUG block.SCMBlockDeletingService (SCMBlockDeletingService.java:call(171)) - Added delete block command for datanode ec9f5457-0109-4da3-8559-48062aace451 in the queue, number of delete block transactions: 10
2023-03-23 08:05:29,030 [SCMBlockDeletingService#0] INFO  block.SCMBlockDeletingService (SCMBlockDeletingService.java:call(180)) - Totally added 10 blocks to be deleted for 1 datanodes, task elapsed time: 1ms
2023-03-23 08:05:29,049 [BlockDeletingService#5] INFO  interfaces.ContainerDeletionChoosingPolicyTemplate (ContainerDeletionChoosingPolicyTemplate.java:chooseContainerForBlockDeletion(83)) - Chosen 0/5000 blocks from 0 candidate containers.
2023-03-23 08:05:29,082 [BlockDeletingService#4] INFO  interfaces.ContainerDeletionChoosingPolicyTemplate (ContainerDeletionChoosingPolicyTemplate.java:chooseContainerForBlockDeletion(83)) - Chosen 0/5000 blocks from 0 candidate containers.
2023-03-23 08:05:29,100 [BlockDeletingService#5] INFO  interfaces.ContainerDeletionChoosingPolicyTemplate (ContainerDeletionChoosingPolicyTemplate.java:chooseContainerForBlockDeletion(83)) - Chosen 0/5000 blocks from 0 candidate containers.
2023-03-23 08:05:29,128 [SCMBlockDeletingService#0] DEBUG block.SCMBlockDeletingService (SCMBlockDeletingService.java:call(136)) - Running DeletedBlockTransactionScanner
2023-03-23 08:05:29,152 [BlockDeletingService#5] INFO  interfaces.ContainerDeletionChoosingPolicyTemplate (ContainerDeletionChoosingPolicyTemplate.java:chooseContainerForBlockDeletion(83)) - Chosen 0/5000 blocks from 0 candidate containers.
2023-03-23 08:05:29,183 [BlockDeletingService#4] INFO  interfaces.ContainerDeletionChoosingPolicyTemplate (ContainerDeletionChoosingPolicyTemplate.java:chooseContainerForBlockDeletion(83)) - Chosen 0/5000 blocks from 0 candidate containers.
2023-03-23 08:05:29,200 [BlockDeletingService#5] INFO  interfaces.ContainerDeletionChoosingPolicyTemplate (ContainerDeletionChoosingPolicyTemplate.java:chooseContainerForBlockDeletion(83)) - Chosen 0/5000 blocks from 0 candidate containers.
2023-03-23 08:05:29,228 [SCMBlockDeletingService#0] DEBUG block.SCMBlockDeletingService (SCMBlockDeletingService.java:call(136)) - Running DeletedBlockTransactionScanner
2023-03-23 08:05:29,229 [SCMBlockDeletingService#0] DEBUG block.SCMBlockDeletingService (DatanodeDeletedBlockTransactions.java:addTransactionToDN(50)) - Transaction added: ec9f5457-0109-4da3-8559-48062aace451 <- TX(1)
2023-03-23 08:05:29,229 [SCMBlockDeletingService#0] DEBUG block.SCMBlockDeletingService (DatanodeDeletedBlockTransactions.java:addTransactionToDN(50)) - Transaction added: ec9f5457-0109-4da3-8559-48062aace451 <- TX(2)
2023-03-23 08:05:29,229 [SCMBlockDeletingService#0] DEBUG block.SCMBlockDeletingService (DatanodeDeletedBlockTransactions.java:addTransactionToDN(50)) - Transaction added: ec9f5457-0109-4da3-8559-48062aace451 <- TX(3)
2023-03-23 08:05:29,229 [SCMBlockDeletingService#0] DEBUG block.SCMBlockDeletingService (DatanodeDeletedBlockTransactions.java:addTransactionToDN(50)) - Transaction added: ec9f5457-0109-4da3-8559-48062aace451 <- TX(4)
2023-03-23 08:05:29,229 [SCMBlockDeletingService#0] DEBUG block.SCMBlockDeletingService (DatanodeDeletedBlockTransactions.java:addTransactionToDN(50)) - Transaction added: ec9f5457-0109-4da3-8559-48062aace451 <- TX(5)
2023-03-23 08:05:29,229 [SCMBlockDeletingService#0] DEBUG block.SCMBlockDeletingService (DatanodeDeletedBlockTransactions.java:addTransactionToDN(50)) - Transaction added: ec9f5457-0109-4da3-8559-48062aace451 <- TX(6)
2023-03-23 08:05:29,229 [SCMBlockDeletingService#0] DEBUG block.SCMBlockDeletingService (DatanodeDeletedBlockTransactions.java:addTransactionToDN(50)) - Transaction added: ec9f5457-0109-4da3-8559-48062aace451 <- TX(7)
2023-03-23 08:05:29,229 [SCMBlockDeletingService#0] DEBUG block.SCMBlockDeletingService (DatanodeDeletedBlockTransactions.java:addTransactionToDN(50)) - Transaction added: ec9f5457-0109-4da3-8559-48062aace451 <- TX(8)
2023-03-23 08:05:29,230 [SCMBlockDeletingService#0] DEBUG block.SCMBlockDeletingService (DatanodeDeletedBlockTransactions.java:addTransactionToDN(50)) - Transaction added: ec9f5457-0109-4da3-8559-48062aace451 <- TX(9)
2023-03-23 08:05:29,230 [SCMBlockDeletingService#0] DEBUG block.SCMBlockDeletingService (DatanodeDeletedBlockTransactions.java:addTransactionToDN(50)) - Transaction added: ec9f5457-0109-4da3-8559-48062aace451 <- TX(10)
2023-03-23 08:05:29,230 [SCMBlockDeletingService#0] DEBUG block.SCMBlockDeletingService (SCMBlockDeletingService.java:call(171)) - Added delete block command for datanode ec9f5457-0109-4da3-8559-48062aace451 in the queue, number of delete block transactions: 10
2023-03-23 08:05:29,230 [SCMBlockDeletingService#0] INFO  block.SCMBlockDeletingService (SCMBlockDeletingService.java:call(180)) - Totally added 10 blocks to be deleted for 1 datanodes, task elapsed time: 1ms
2023-03-23 08:05:29,252 [BlockDeletingService#5] INFO  interfaces.ContainerDeletionChoosingPolicyTemplate (ContainerDeletionChoosingPolicyTemplate.java:chooseContainerForBlockDeletion(83)) - Chosen 0/5000 blocks from 0 candidate containers.
2023-03-23 08:05:29,283 [BlockDeletingService#4] INFO  interfaces.ContainerDeletionChoosingPolicyTemplate (ContainerDeletionChoosingPolicyTemplate.java:chooseContainerForBlockDeletion(83)) - Chosen 0/5000 blocks from 0 candidate containers.
2023-03-23 08:05:29,300 [BlockDeletingService#5] INFO  interfaces.ContainerDeletionChoosingPolicyTemplate (ContainerDeletionChoosingPolicyTemplate.java:chooseContainerForBlockDeletion(83)) - Chosen 0/5000 blocks from 0 candidate containers.
2023-03-23 08:05:29,320 [org.apache.hadoop.ozone.container.common.statemachine.commandhandler.DeleteBlocksCommandHandler$DeleteCmdWorker@3921b006] INFO  commandhandler.DeleteBlocksCommandHandler (DeleteBlocksCommandHandler.java:processCmd(272)) - Start to delete container blocks, TXIDs=[1(0),2(0),3(0),4(0),5(0),6(0),7(0),8(0),9(0),10(0)], numOfContainers=10, numOfBlocks=10
2023-03-23 08:05:29,323 [org.apache.hadoop.ozone.container.common.statemachine.commandhandler.DeleteBlocksCommandHandler$DeleteCmdWorker@3921b006] INFO  commandhandler.DeleteBlocksCommandHandler (DeleteBlocksCommandHandler.java:processCmd(272)) - Start to delete container blocks, TXIDs=[1(1),2(1),3(1),4(1),5(1),6(1),7(1),8(1),9(1),10(1)], numOfContainers=10, numOfBlocks=10
2023-03-23 08:05:29,323 [DeleteBlocksCommandHandlerThread-1] INFO  commandhandler.DeleteBlocksCommandHandler (DeleteBlocksCommandHandler.java:logDeleteTransaction(489)) - Delete blocks for containerId: 1 is either received out of order or retried, 1 <= 1
2023-03-23 08:05:29,324 [DeleteBlocksCommandHandlerThread-1] INFO  commandhandler.DeleteBlocksCommandHandler (DeleteBlocksCommandHandler.java:logDeleteTransaction(489)) - Delete blocks for containerId: 2 is either received out of order or retried, 2 <= 2
2023-03-23 08:05:29,324 [DeleteBlocksCommandHandlerThread-1] INFO  commandhandler.DeleteBlocksCommandHandler (DeleteBlocksCommandHandler.java:logDeleteTransaction(489)) - Delete blocks for containerId: 3 is either received out of order or retried, 3 <= 3
2023-03-23 08:05:29,324 [DeleteBlocksCommandHandlerThread-1] INFO  commandhandler.DeleteBlocksCommandHandler (DeleteBlocksCommandHandler.java:logDeleteTransaction(489)) - Delete blocks for containerId: 4 is either received out of order or retried, 4 <= 4
2023-03-23 08:05:29,324 [DeleteBlocksCommandHandlerThread-1] INFO  commandhandler.DeleteBlocksCommandHandler (DeleteBlocksCommandHandler.java:logDeleteTransaction(489)) - Delete blocks for containerId: 5 is either received out of order or retried, 5 <= 5
2023-03-23 08:05:29,324 [DeleteBlocksCommandHandlerThread-1] INFO  commandhandler.DeleteBlocksCommandHandler (DeleteBlocksCommandHandler.java:logDeleteTransaction(489)) - Delete blocks for containerId: 6 is either received out of order or retried, 6 <= 6
2023-03-23 08:05:29,324 [DeleteBlocksCommandHandlerThread-1] INFO  commandhandler.DeleteBlocksCommandHandler (DeleteBlocksCommandHandler.java:logDeleteTransaction(489)) - Delete blocks for containerId: 7 is either received out of order or retried, 7 <= 7
2023-03-23 08:05:29,324 [DeleteBlocksCommandHandlerThread-1] INFO  commandhandler.DeleteBlocksCommandHandler (DeleteBlocksCommandHandler.java:logDeleteTransaction(489)) - Delete blocks for containerId: 8 is either received out of order or retried, 8 <= 8
2023-03-23 08:05:29,324 [DeleteBlocksCommandHandlerThread-1] INFO  commandhandler.DeleteBlocksCommandHandler (DeleteBlocksCommandHandler.java:logDeleteTransaction(489)) - Delete blocks for containerId: 9 is either received out of order or retried, 9 <= 9
2023-03-23 08:05:29,325 [DeleteBlocksCommandHandlerThread-1] INFO  commandhandler.DeleteBlocksCommandHandler (DeleteBlocksCommandHandler.java:logDeleteTransaction(489)) - Delete blocks for containerId: 10 is either received out of order or retried, 10 <= 10
2023-03-23 08:05:29,326 [org.apache.hadoop.ozone.container.common.statemachine.commandhandler.DeleteBlocksCommandHandler$DeleteCmdWorker@3921b006] INFO  commandhandler.DeleteBlocksCommandHandler (DeleteBlocksCommandHandler.java:processCmd(272)) - Start to delete container blocks, TXIDs=[1(2),2(2),3(2),4(2),5(2),6(2),7(2),8(2),9(2),10(2)], numOfContainers=10, numOfBlocks=10
2023-03-23 08:05:29,326 [DeleteBlocksCommandHandlerThread-4] INFO  commandhandler.DeleteBlocksCommandHandler (DeleteBlocksCommandHandler.java:logDeleteTransaction(489)) - Delete blocks for containerId: 1 is either received out of order or retried, 1 <= 1
2023-03-23 08:05:29,326 [DeleteBlocksCommandHandlerThread-4] INFO  commandhandler.DeleteBlocksCommandHandler (DeleteBlocksCommandHandler.java:logDeleteTransaction(489)) - Delete blocks for containerId: 2 is either received out of order or retried, 2 <= 2
2023-03-23 08:05:29,326 [DeleteBlocksCommandHandlerThread-4] INFO  commandhandler.DeleteBlocksCommandHandler (DeleteBlocksCommandHandler.java:logDeleteTransaction(489)) - Delete blocks for containerId: 3 is either received out of order or retried, 3 <= 3
2023-03-23 08:05:29,327 [DeleteBlocksCommandHandlerThread-4] INFO  commandhandler.DeleteBlocksCommandHandler (DeleteBlocksCommandHandler.java:logDeleteTransaction(489)) - Delete blocks for containerId: 4 is either received out of order or retried, 4 <= 4
2023-03-23 08:05:29,327 [DeleteBlocksCommandHandlerThread-4] INFO  commandhandler.DeleteBlocksCommandHandler (DeleteBlocksCommandHandler.java:logDeleteTransaction(489)) - Delete blocks for containerId: 5 is either received out of order or retried, 5 <= 5
2023-03-23 08:05:29,327 [DeleteBlocksCommandHandlerThread-4] INFO  commandhandler.DeleteBlocksCommandHandler (DeleteBlocksCommandHandler.java:logDeleteTransaction(489)) - Delete blocks for containerId: 6 is either received out of order or retried, 6 <= 6
2023-03-23 08:05:29,327 [DeleteBlocksCommandHandlerThread-4] INFO  commandhandler.DeleteBlocksCommandHandler (DeleteBlocksCommandHandler.java:logDeleteTransaction(489)) - Delete blocks for containerId: 7 is either received out of order or retried, 7 <= 7
2023-03-23 08:05:29,327 [DeleteBlocksCommandHandlerThread-2] INFO  commandhandler.DeleteBlocksCommandHandler (DeleteBlocksCommandHandler.java:logDeleteTransaction(489)) - Delete blocks for containerId: 10 is either received out of order or retried, 10 <= 10
2023-03-23 08:05:29,327 [DeleteBlocksCommandHandlerThread-3] INFO  commandhandler.DeleteBlocksCommandHandler (DeleteBlocksCommandHandler.java:logDeleteTransaction(489)) - Delete blocks for containerId: 8 is either received out of order or retried, 8 <= 8
2023-03-23 08:05:29,327 [DeleteBlocksCommandHandlerThread-1] INFO  commandhandler.DeleteBlocksCommandHandler (DeleteBlocksCommandHandler.java:logDeleteTransaction(489)) - Delete blocks for containerId: 9 is either received out of order or retried, 9 <= 9
2023-03-23 08:05:29,328 [org.apache.hadoop.ozone.container.common.statemachine.commandhandler.DeleteBlocksCommandHandler$DeleteCmdWorker@3921b006] INFO  commandhandler.DeleteBlocksCommandHandler (DeleteBlocksCommandHandler.java:processCmd(272)) - Start to delete container blocks, TXIDs=[1(3),2(3),3(3),4(3),5(3),6(3),7(3),8(3),9(3),10(3)], numOfContainers=10, numOfBlocks=10
2023-03-23 08:05:29,329 [DeleteBlocksCommandHandlerThread-0] INFO  commandhandler.DeleteBlocksCommandHandler (DeleteBlocksCommandHandler.java:logDeleteTransaction(489)) - Delete blocks for containerId: 1 is either received out of order or retried, 1 <= 1
2023-03-23 08:05:29,329 [DeleteBlocksCommandHandlerThread-4] INFO  commandhandler.DeleteBlocksCommandHandler (DeleteBlocksCommandHandler.java:logDeleteTransaction(489)) - Delete blocks for containerId: 2 is either received out of order or retried, 2 <= 2
2023-03-23 08:05:29,329 [DeleteBlocksCommandHandlerThread-0] INFO  commandhandler.DeleteBlocksCommandHandler (DeleteBlocksCommandHandler.java:logDeleteTransaction(489)) - Delete blocks for containerId: 3 is either received out of order or retried, 3 <= 3
2023-03-23 08:05:29,329 [DeleteBlocksCommandHandlerThread-4] INFO  commandhandler.DeleteBlocksCommandHandler (DeleteBlocksCommandHandler.java:logDeleteTransaction(489)) - Delete blocks for containerId: 4 is either received out of order or retried, 4 <= 4
2023-03-23 08:05:29,329 [SCMBlockDeletingService#0] DEBUG block.SCMBlockDeletingService (SCMBlockDeletingService.java:call(136)) - Running DeletedBlockTransactionScanner
2023-03-23 08:05:29,329 [DeleteBlocksCommandHandlerThread-4] INFO  commandhandler.DeleteBlocksCommandHandler (DeleteBlocksCommandHandler.java:logDeleteTransaction(489)) - Delete blocks for containerId: 6 is either received out of order or retried, 6 <= 6
2023-03-23 08:05:29,329 [DeleteBlocksCommandHandlerThread-4] INFO  commandhandler.DeleteBlocksCommandHandler (DeleteBlocksCommandHandler.java:logDeleteTransaction(489)) - Delete blocks for containerId: 7 is either received out of order or retried, 7 <= 7
2023-03-23 08:05:29,329 [DeleteBlocksCommandHandlerThread-4] INFO  commandhandler.DeleteBlocksCommandHandler (DeleteBlocksCommandHandler.java:logDeleteTransaction(489)) - Delete blocks for containerId: 8 is either received out of order or retried, 8 <= 8
2023-03-23 08:05:29,329 [DeleteBlocksCommandHandlerThread-0] INFO  commandhandler.DeleteBlocksCommandHandler (DeleteBlocksCommandHandler.java:logDeleteTransaction(489)) - Delete blocks for containerId: 5 is either received out of order or retried, 5 <= 5
2023-03-23 08:05:29,330 [DeleteBlocksCommandHandlerThread-4] INFO  commandhandler.DeleteBlocksCommandHandler (DeleteBlocksCommandHandler.java:logDeleteTransaction(489)) - Delete blocks for containerId: 9 is either received out of order or retried, 9 <= 9
2023-03-23 08:05:29,330 [DeleteBlocksCommandHandlerThread-0] INFO  commandhandler.DeleteBlocksCommandHandler (DeleteBlocksCommandHandler.java:logDeleteTransaction(489)) - Delete blocks for containerId: 10 is either received out of order or retried, 10 <= 10
2023-03-23 08:05:29,330 [org.apache.hadoop.ozone.container.common.statemachine.commandhandler.DeleteBlocksCommandHandler$DeleteCmdWorker@3921b006] INFO  commandhandler.DeleteBlocksCommandHandler (DeleteBlocksCommandHandler.java:processCmd(272)) - Start to delete container blocks, TXIDs=[1(4),2(4),3(4),4(4),5(4),6(4),7(4),8(4),9(4),10(4)], numOfContainers=10, numOfBlocks=10
2023-03-23 08:05:29,331 [DeleteBlocksCommandHandlerThread-3] INFO  commandhandler.DeleteBlocksCommandHandler (DeleteBlocksCommandHandler.java:logDeleteTransaction(489)) - Delete blocks for containerId: 1 is either received out of order or retried, 1 <= 1
2023-03-23 08:05:29,332 [DeleteBlocksCommandHandlerThread-2] INFO  commandhandler.DeleteBlocksCommandHandler (DeleteBlocksCommandHandler.java:logDeleteTransaction(489)) - Delete blocks for containerId: 5 is either received out of order or retried, 5 <= 5
2023-03-23 08:05:29,332 [DeleteBlocksCommandHandlerThread-2] INFO  commandhandler.DeleteBlocksCommandHandler (DeleteBlocksCommandHandler.java:logDeleteTransaction(489)) - Delete blocks for containerId: 6 is either received out of order or retried, 6 <= 6
2023-03-23 08:05:29,332 [DeleteBlocksCommandHandlerThread-2] INFO  commandhandler.DeleteBlocksCommandHandler (DeleteBlocksCommandHandler.java:logDeleteTransaction(489)) - Delete blocks for containerId: 7 is either received out of order or retried, 7 <= 7
2023-03-23 08:05:29,332 [DeleteBlocksCommandHandlerThread-2] INFO  commandhandler.DeleteBlocksCommandHandler (DeleteBlocksCommandHandler.java:logDeleteTransaction(489)) - Delete blocks for containerId: 8 is either received out of order or retried, 8 <= 8
2023-03-23 08:05:29,332 [DeleteBlocksCommandHandlerThread-2] INFO  commandhandler.DeleteBlocksCommandHandler (DeleteBlocksCommandHandler.java:logDeleteTransaction(489)) - Delete blocks for containerId: 9 is either received out of order or retried, 9 <= 9
2023-03-23 08:05:29,332 [DeleteBlocksCommandHandlerThread-2] INFO  commandhandler.DeleteBlocksCommandHandler (DeleteBlocksCommandHandler.java:logDeleteTransaction(489)) - Delete blocks for containerId: 10 is either received out of order or retried, 10 <= 10
2023-03-23 08:05:29,331 [DeleteBlocksCommandHandlerThread-1] INFO  commandhandler.DeleteBlocksCommandHandler (DeleteBlocksCommandHandler.java:logDeleteTransaction(489)) - Delete blocks for containerId: 2 is either received out of order or retried, 2 <= 2
2023-03-23 08:05:29,331 [DeleteBlocksCommandHandlerThread-0] INFO  commandhandler.DeleteBlocksCommandHandler (DeleteBlocksCommandHandler.java:logDeleteTransaction(489)) - Delete blocks for containerId: 4 is either received out of order or retried, 4 <= 4
2023-03-23 08:05:29,331 [DeleteBlocksCommandHandlerThread-4] INFO  commandhandler.DeleteBlocksCommandHandler (DeleteBlocksCommandHandler.java:logDeleteTransaction(489)) - Delete blocks for containerId: 3 is either received out of order or retried, 3 <= 3
2023-03-23 08:05:29,338 [org.apache.hadoop.ozone.container.common.statemachine.commandhandler.DeleteBlocksCommandHandler$DeleteCmdWorker@3921b006] INFO  commandhandler.DeleteBlocksCommandHandler (DeleteBlocksCommandHandler.java:processCmd(272)) - Start to delete container blocks, TXIDs=[1(5),2(5),3(5),4(5),5(5),6(5),7(5),8(5),9(5),10(5)], numOfContainers=10, numOfBlocks=10
2023-03-23 08:05:29,338 [DeleteBlocksCommandHandlerThread-1] INFO  commandhandler.DeleteBlocksCommandHandler (DeleteBlocksCommandHandler.java:logDeleteTransaction(489)) - Delete blocks for containerId: 3 is either received out of order or retried, 3 <= 3
2023-03-23 08:05:29,338 [DeleteBlocksCommandHandlerThread-2] INFO  commandhandler.DeleteBlocksCommandHandler (DeleteBlocksCommandHandler.java:logDeleteTransaction(489)) - Delete blocks for containerId: 1 is either received out of order or retried, 1 <= 1
2023-03-23 08:05:29,338 [DeleteBlocksCommandHandlerThread-1] INFO  commandhandler.DeleteBlocksCommandHandler (DeleteBlocksCommandHandler.java:logDeleteTransaction(489)) - Delete blocks for containerId: 5 is either received out of order or retried, 5 <= 5
2023-03-23 08:05:29,338 [DeleteBlocksCommandHandlerThread-0] INFO  commandhandler.DeleteBlocksCommandHandler (DeleteBlocksCommandHandler.java:logDeleteTransaction(489)) - Delete blocks for containerId: 4 is either received out of order or retried, 4 <= 4
2023-03-23 08:05:29,338 [DeleteBlocksCommandHandlerThread-0] INFO  commandhandler.DeleteBlocksCommandHandler (DeleteBlocksCommandHandler.java:logDeleteTransaction(489)) - Delete blocks for containerId: 8 is either received out of order or retried, 8 <= 8
2023-03-23 08:05:29,338 [DeleteBlocksCommandHandlerThread-4] INFO  commandhandler.DeleteBlocksCommandHandler (DeleteBlocksCommandHandler.java:logDeleteTransaction(489)) - Delete blocks for containerId: 6 is either received out of order or retried, 6 <= 6
2023-03-23 08:05:29,338 [DeleteBlocksCommandHandlerThread-1] INFO  commandhandler.DeleteBlocksCommandHandler (DeleteBlocksCommandHandler.java:logDeleteTransaction(489)) - Delete blocks for containerId: 9 is either received out of order or retried, 9 <= 9
2023-03-23 08:05:29,339 [DeleteBlocksCommandHandlerThread-2] INFO  commandhandler.DeleteBlocksCommandHandler (DeleteBlocksCommandHandler.java:logDeleteTransaction(489)) - Delete blocks for containerId: 7 is either received out of order or retried, 7 <= 7
2023-03-23 08:05:29,339 [DeleteBlocksCommandHandlerThread-0] INFO  commandhandler.DeleteBlocksCommandHandler (DeleteBlocksCommandHandler.java:logDeleteTransaction(489)) - Delete blocks for containerId: 10 is either received out of order or retried, 10 <= 10
2023-03-23 08:05:29,339 [DeleteBlocksCommandHandlerThread-3] INFO  commandhandler.DeleteBlocksCommandHandler (DeleteBlocksCommandHandler.java:logDeleteTransaction(489)) - Delete blocks for containerId: 2 is either received out of order or retried, 2 <= 2
2023-03-23 08:05:29,339 [org.apache.hadoop.ozone.container.common.statemachine.commandhandler.DeleteBlocksCommandHandler$DeleteCmdWorker@3921b006] INFO  commandhandler.DeleteBlocksCommandHandler (DeleteBlocksCommandHandler.java:processCmd(272)) - Start to delete container blocks, TXIDs=[1(6),2(6),3(6),4(6),5(6),6(6),7(6),8(6),9(6),10(6)], numOfContainers=10, numOfBlocks=10
2023-03-23 08:05:29,339 [DeleteBlocksCommandHandlerThread-1] INFO  commandhandler.DeleteBlocksCommandHandler (DeleteBlocksCommandHandler.java:logDeleteTransaction(489)) - Delete blocks for containerId: 1 is either received out of order or retried, 1 <= 1
2023-03-23 08:05:29,339 [DeleteBlocksCommandHandlerThread-1] INFO  commandhandler.DeleteBlocksCommandHandler (DeleteBlocksCommandHandler.java:logDeleteTransaction(489)) - Delete blocks for containerId: 2 is either received out of order or retried, 2 <= 2
2023-03-23 08:05:29,339 [DeleteBlocksCommandHandlerThread-2] INFO  commandhandler.DeleteBlocksCommandHandler (DeleteBlocksCommandHandler.java:logDeleteTransaction(489)) - Delete blocks for containerId: 3 is either received out of order or retried, 3 <= 3
2023-03-23 08:05:29,339 [DeleteBlocksCommandHandlerThread-4] INFO  commandhandler.DeleteBlocksCommandHandler (DeleteBlocksCommandHandler.java:logDeleteTransaction(489)) - Delete blocks for containerId: 4 is either received out of order or retried, 4 <= 4
2023-03-23 08:05:29,339 [DeleteBlocksCommandHandlerThread-2] INFO  commandhandler.DeleteBlocksCommandHandler (DeleteBlocksCommandHandler.java:logDeleteTransaction(489)) - Delete blocks for containerId: 5 is either received out of order or retried, 5 <= 5
2023-03-23 08:05:29,339 [DeleteBlocksCommandHandlerThread-4] INFO  commandhandler.DeleteBlocksCommandHandler (DeleteBlocksCommandHandler.java:logDeleteTransaction(489)) - Delete blocks for containerId: 6 is either received out of order or retried, 6 <= 6
2023-03-23 08:05:29,340 [DeleteBlocksCommandHandlerThread-2] INFO  commandhandler.DeleteBlocksCommandHandler (DeleteBlocksCommandHandler.java:logDeleteTransaction(489)) - Delete blocks for containerId: 7 is either received out of order or retried, 7 <= 7
2023-03-23 08:05:29,340 [DeleteBlocksCommandHandlerThread-4] INFO  commandhandler.DeleteBlocksCommandHandler (DeleteBlocksCommandHandler.java:logDeleteTransaction(489)) - Delete blocks for containerId: 8 is either received out of order or retried, 8 <= 8
2023-03-23 08:05:29,340 [DeleteBlocksCommandHandlerThread-2] INFO  commandhandler.DeleteBlocksCommandHandler (DeleteBlocksCommandHandler.java:logDeleteTransaction(489)) - Delete blocks for containerId: 9 is either received out of order or retried, 9 <= 9
2023-03-23 08:05:29,340 [DeleteBlocksCommandHandlerThread-4] INFO  commandhandler.DeleteBlocksCommandHandler (DeleteBlocksCommandHandler.java:logDeleteTransaction(489)) - Delete blocks for containerId: 10 is either received out of order or retried, 10 <= 10
2023-03-23 08:05:29,340 [org.apache.hadoop.ozone.container.common.statemachine.commandhandler.DeleteBlocksCommandHandler$DeleteCmdWorker@3921b006] INFO  commandhandler.DeleteBlocksCommandHandler (DeleteBlocksCommandHandler.java:processCmd(272)) - Start to delete container blocks, TXIDs=[1(7),2(7),3(7),4(7),5(7),6(7),7(7),8(7),9(7),10(7)], numOfContainers=10, numOfBlocks=10
2023-03-23 08:05:29,340 [DeleteBlocksCommandHandlerThread-4] INFO  commandhandler.DeleteBlocksCommandHandler (DeleteBlocksCommandHandler.java:logDeleteTransaction(489)) - Delete blocks for containerId: 1 is either received out of order or retried, 1 <= 1
2023-03-23 08:05:29,340 [DeleteBlocksCommandHandlerThread-4] INFO  commandhandler.DeleteBlocksCommandHandler (DeleteBlocksCommandHandler.java:logDeleteTransaction(489)) - Delete blocks for containerId: 2 is either received out of order or retried, 2 <= 2
2023-03-23 08:05:29,340 [DeleteBlocksCommandHandlerThread-0] INFO  commandhandler.DeleteBlocksCommandHandler (DeleteBlocksCommandHandler.java:logDeleteTransaction(489)) - Delete blocks for containerId: 4 is either received out of order or retried, 4 <= 4
2023-03-23 08:05:29,340 [DeleteBlocksCommandHandlerThread-1] INFO  commandhandler.DeleteBlocksCommandHandler (DeleteBlocksCommandHandler.java:logDeleteTransaction(489)) - Delete blocks for containerId: 6 is either received out of order or retried, 6 <= 6
2023-03-23 08:05:29,341 [DeleteBlocksCommandHandlerThread-0] INFO  commandhandler.DeleteBlocksCommandHandler (DeleteBlocksCommandHandler.java:logDeleteTransaction(489)) - Delete blocks for containerId: 7 is either received out of order or retried, 7 <= 7
2023-03-23 08:05:29,341 [DeleteBlocksCommandHandlerThread-1] INFO  commandhandler.DeleteBlocksCommandHandler (DeleteBlocksCommandHandler.java:logDeleteTransaction(489)) - Delete blocks for containerId: 8 is either received out of order or retried, 8 <= 8
2023-03-23 08:05:29,341 [DeleteBlocksCommandHandlerThread-0] INFO  commandhandler.DeleteBlocksCommandHandler (DeleteBlocksCommandHandler.java:logDeleteTransaction(489)) - Delete blocks for containerId: 9 is either received out of order or retried, 9 <= 9
2023-03-23 08:05:29,341 [DeleteBlocksCommandHandlerThread-1] INFO  commandhandler.DeleteBlocksCommandHandler (DeleteBlocksCommandHandler.java:logDeleteTransaction(489)) - Delete blocks for containerId: 10 is either received out of order or retried, 10 <= 10
2023-03-23 08:05:29,341 [DeleteBlocksCommandHandlerThread-2] INFO  commandhandler.DeleteBlocksCommandHandler (DeleteBlocksCommandHandler.java:logDeleteTransaction(489)) - Delete blocks for containerId: 3 is either received out of order or retried, 3 <= 3
2023-03-23 08:05:29,341 [DeleteBlocksCommandHandlerThread-3] INFO  commandhandler.DeleteBlocksCommandHandler (DeleteBlocksCommandHandler.java:logDeleteTransaction(489)) - Delete blocks for containerId: 5 is either received out of order or retried, 5 <= 5
2023-03-23 08:05:29,341 [org.apache.hadoop.ozone.container.common.statemachine.commandhandler.DeleteBlocksCommandHandler$DeleteCmdWorker@3921b006] INFO  commandhandler.DeleteBlocksCommandHandler (DeleteBlocksCommandHandler.java:processCmd(272)) - Start to delete container blocks, TXIDs=[1(8),2(8),3(8),4(8),5(8),6(8),7(8),8(8),9(8),10(8)], numOfContainers=10, numOfBlocks=10
2023-03-23 08:05:29,341 [DeleteBlocksCommandHandlerThread-0] INFO  commandhandler.DeleteBlocksCommandHandler (DeleteBlocksCommandHandler.java:logDeleteTransaction(489)) - Delete blocks for containerId: 1 is either received out of order or retried, 1 <= 1
2023-03-23 08:05:29,341 [DeleteBlocksCommandHandlerThread-0] INFO  commandhandler.DeleteBlocksCommandHandler (DeleteBlocksCommandHandler.java:logDeleteTransaction(489)) - Delete blocks for containerId: 4 is either received out of order or retried, 4 <= 4
2023-03-23 08:05:29,342 [DeleteBlocksCommandHandlerThread-0] INFO  commandhandler.DeleteBlocksCommandHandler (DeleteBlocksCommandHandler.java:logDeleteTransaction(489)) - Delete blocks for containerId: 5 is either received out of order or retried, 5 <= 5
2023-03-23 08:05:29,342 [DeleteBlocksCommandHandlerThread-3] INFO  commandhandler.DeleteBlocksCommandHandler (DeleteBlocksCommandHandler.java:logDeleteTransaction(489)) - Delete blocks for containerId: 7 is either received out of order or retried, 7 <= 7
2023-03-23 08:05:29,342 [DeleteBlocksCommandHandlerThread-0] INFO  commandhandler.DeleteBlocksCommandHandler (DeleteBlocksCommandHandler.java:logDeleteTransaction(489)) - Delete blocks for containerId: 8 is either received out of order or retried, 8 <= 8
2023-03-23 08:05:29,342 [DeleteBlocksCommandHandlerThread-3] INFO  commandhandler.DeleteBlocksCommandHandler (DeleteBlocksCommandHandler.java:logDeleteTransaction(489)) - Delete blocks for containerId: 9 is either received out of order or retried, 9 <= 9
2023-03-23 08:05:29,341 [DeleteBlocksCommandHandlerThread-4] INFO  commandhandler.DeleteBlocksCommandHandler (DeleteBlocksCommandHandler.java:logDeleteTransaction(489)) - Delete blocks for containerId: 2 is either received out of order or retried, 2 <= 2
2023-03-23 08:05:29,341 [DeleteBlocksCommandHandlerThread-1] INFO  commandhandler.DeleteBlocksCommandHandler (DeleteBlocksCommandHandler.java:logDeleteTransaction(489)) - Delete blocks for containerId: 3 is either received out of order or retried, 3 <= 3
2023-03-23 08:05:29,342 [DeleteBlocksCommandHandlerThread-0] INFO  commandhandler.DeleteBlocksCommandHandler (DeleteBlocksCommandHandler.java:logDeleteTransaction(489)) - Delete blocks for containerId: 10 is either received out of order or retried, 10 <= 10
2023-03-23 08:05:29,342 [DeleteBlocksCommandHandlerThread-2] INFO  commandhandler.DeleteBlocksCommandHandler (DeleteBlocksCommandHandler.java:logDeleteTransaction(489)) - Delete blocks for containerId: 6 is either received out of order or retried, 6 <= 6
2023-03-23 08:05:29,342 [org.apache.hadoop.ozone.container.common.statemachine.commandhandler.DeleteBlocksCommandHandler$DeleteCmdWorker@3921b006] INFO  commandhandler.DeleteBlocksCommandHandler (DeleteBlocksCommandHandler.java:processCmd(272)) - Start to delete container blocks, TXIDs=[1(9),2(9),3(9),4(9),5(9),6(9),7(9),8(9),9(9),10(9)], numOfContainers=10, numOfBlocks=10
2023-03-23 08:05:29,343 [DeleteBlocksCommandHandlerThread-2] INFO  commandhandler.DeleteBlocksCommandHandler (DeleteBlocksCommandHandler.java:logDeleteTransaction(489)) - Delete blocks for containerId: 1 is either received out of order or retried, 1 <= 1
2023-03-23 08:05:29,343 [DeleteBlocksCommandHandlerThread-2] INFO  commandhandler.DeleteBlocksCommandHandler (DeleteBlocksCommandHandler.java:logDeleteTransaction(489)) - Delete blocks for containerId: 2 is either received out of order or retried, 2 <= 2
2023-03-23 08:05:29,343 [DeleteBlocksCommandHandlerThread-2] INFO  commandhandler.DeleteBlocksCommandHandler (DeleteBlocksCommandHandler.java:logDeleteTransaction(489)) - Delete blocks for containerId: 3 is either received out of order or retried, 3 <= 3
2023-03-23 08:05:29,343 [DeleteBlocksCommandHandlerThread-2] INFO  commandhandler.DeleteBlocksCommandHandler (DeleteBlocksCommandHandler.java:logDeleteTransaction(489)) - Delete blocks for containerId: 4 is either received out of order or retried, 4 <= 4
2023-03-23 08:05:29,343 [DeleteBlocksCommandHandlerThread-2] INFO  commandhandler.DeleteBlocksCommandHandler (DeleteBlocksCommandHandler.java:logDeleteTransaction(489)) - Delete blocks for containerId: 5 is either received out of order or retried, 5 <= 5
2023-03-23 08:05:29,343 [DeleteBlocksCommandHandlerThread-2] INFO  commandhandler.DeleteBlocksCommandHandler (DeleteBlocksCommandHandler.java:logDeleteTransaction(489)) - Delete blocks for containerId: 6 is either received out of order or retried, 6 <= 6
2023-03-23 08:05:29,344 [DeleteBlocksCommandHandlerThread-2] INFO  commandhandler.DeleteBlocksCommandHandler (DeleteBlocksCommandHandler.java:logDeleteTransaction(489)) - Delete blocks for containerId: 7 is either received out of order or retried, 7 <= 7
2023-03-23 08:05:29,344 [DeleteBlocksCommandHandlerThread-2] INFO  commandhandler.DeleteBlocksCommandHandler (DeleteBlocksCommandHandler.java:logDeleteTransaction(489)) - Delete blocks for containerId: 8 is either received out of order or retried, 8 <= 8
2023-03-23 08:05:29,344 [DeleteBlocksCommandHandlerThread-2] INFO  commandhandler.DeleteBlocksCommandHandler (DeleteBlocksCommandHandler.java:logDeleteTransaction(489)) - Delete blocks for containerId: 9 is either received out of order or retried, 9 <= 9
2023-03-23 08:05:29,345 [DeleteBlocksCommandHandlerThread-2] INFO  commandhandler.DeleteBlocksCommandHandler (DeleteBlocksCommandHandler.java:logDeleteTransaction(489)) - Delete blocks for containerId: 10 is either received out of order or retried, 10 <= 10
2023-03-23 08:05:29,361 [BlockDeletingService#5] INFO  interfaces.ContainerDeletionChoosingPolicyTemplate (ContainerDeletionChoosingPolicyTemplate.java:chooseContainerForBlockDeletion(83)) - Chosen 100/4900 blocks from 10 candidate containers.
2023-03-23 08:05:29,362 [BlockDeletingService#5] INFO  impl.FilePerBlockStrategy (FilePerBlockStrategy.java:deleteChunk(252)) - Deleted block file: /home/runner/work/ozone/ozone/hadoop-ozone/integration-test/target/test-dir/MiniOzoneClusterImpl-2db357e6-2bf9-484c-8f04-13a4732d1f27/datanode-0/data-0/containers/hdds/2db357e6-2bf9-484c-8f04-13a4732d1f27/current/containerDir0/10/chunks/111677748019200010.block
2023-03-23 08:05:29,362 [BlockDeletingService#3] INFO  impl.FilePerBlockStrategy (FilePerBlockStrategy.java:deleteChunk(252)) - Deleted block file: /home/runner/work/ozone/ozone/hadoop-ozone/integration-test/target/test-dir/MiniOzoneClusterImpl-2db357e6-2bf9-484c-8f04-13a4732d1f27/datanode-0/data-0/containers/hdds/2db357e6-2bf9-484c-8f04-13a4732d1f27/current/containerDir0/9/chunks/111677748019200009.block
2023-03-23 08:05:29,362 [BlockDeletingService#5] INFO  impl.FilePerBlockStrategy (FilePerBlockStrategy.java:deleteChunk(252)) - Deleted block file: /home/runner/work/ozone/ozone/hadoop-ozone/integration-test/target/test-dir/MiniOzoneClusterImpl-2db357e6-2bf9-484c-8f04-13a4732d1f27/datanode-0/data-0/containers/hdds/2db357e6-2bf9-484c-8f04-13a4732d1f27/current/containerDir0/8/chunks/111677748019200008.block
2023-03-23 08:05:29,363 [BlockDeletingService#3] INFO  impl.FilePerBlockStrategy (FilePerBlockStrategy.java:deleteChunk(252)) - Deleted block file: /home/runner/work/ozone/ozone/hadoop-ozone/integration-test/target/test-dir/MiniOzoneClusterImpl-2db357e6-2bf9-484c-8f04-13a4732d1f27/datanode-0/data-0/containers/hdds/2db357e6-2bf9-484c-8f04-13a4732d1f27/current/containerDir0/7/chunks/111677748019200007.block
2023-03-23 08:05:29,363 [BlockDeletingService#5] INFO  impl.FilePerBlockStrategy (FilePerBlockStrategy.java:deleteChunk(252)) - Deleted block file: /home/runner/work/ozone/ozone/hadoop-ozone/integration-test/target/test-dir/MiniOzoneClusterImpl-2db357e6-2bf9-484c-8f04-13a4732d1f27/datanode-0/data-0/containers/hdds/2db357e6-2bf9-484c-8f04-13a4732d1f27/current/containerDir0/6/chunks/111677748019200006.block
2023-03-23 08:05:29,363 [BlockDeletingService#3] INFO  impl.FilePerBlockStrategy (FilePerBlockStrategy.java:deleteChunk(252)) - Deleted block file: /home/runner/work/ozone/ozone/hadoop-ozone/integration-test/target/test-dir/MiniOzoneClusterImpl-2db357e6-2bf9-484c-8f04-13a4732d1f27/datanode-0/data-0/containers/hdds/2db357e6-2bf9-484c-8f04-13a4732d1f27/current/containerDir0/5/chunks/111677748019200005.block
2023-03-23 08:05:29,363 [BlockDeletingService#5] INFO  impl.FilePerBlockStrategy (FilePerBlockStrategy.java:deleteChunk(252)) - Deleted block file: /home/runner/work/ozone/ozone/hadoop-ozone/integration-test/target/test-dir/MiniOzoneClusterImpl-2db357e6-2bf9-484c-8f04-13a4732d1f27/datanode-0/data-0/containers/hdds/2db357e6-2bf9-484c-8f04-13a4732d1f27/current/containerDir0/4/chunks/111677748019200004.block
2023-03-23 08:05:29,364 [BlockDeletingService#3] INFO  impl.FilePerBlockStrategy (FilePerBlockStrategy.java:deleteChunk(252)) - Deleted block file: /home/runner/work/ozone/ozone/hadoop-ozone/integration-test/target/test-dir/MiniOzoneClusterImpl-2db357e6-2bf9-484c-8f04-13a4732d1f27/datanode-0/data-0/containers/hdds/2db357e6-2bf9-484c-8f04-13a4732d1f27/current/containerDir0/3/chunks/111677748019200003.block
2023-03-23 08:05:29,364 [BlockDeletingService#5] INFO  impl.FilePerBlockStrategy (FilePerBlockStrategy.java:deleteChunk(252)) - Deleted block file: /home/runner/work/ozone/ozone/hadoop-ozone/integration-test/target/test-dir/MiniOzoneClusterImpl-2db357e6-2bf9-484c-8f04-13a4732d1f27/datanode-0/data-0/containers/hdds/2db357e6-2bf9-484c-8f04-13a4732d1f27/current/containerDir0/2/chunks/111677748019200002.block
2023-03-23 08:05:29,364 [BlockDeletingService#6] INFO  impl.FilePerBlockStrategy (FilePerBlockStrategy.java:deleteChunk(252)) - Deleted block file: /home/runner/work/ozone/ozone/hadoop-ozone/integration-test/target/test-dir/MiniOzoneClusterImpl-2db357e6-2bf9-484c-8f04-13a4732d1f27/datanode-0/data-0/containers/hdds/2db357e6-2bf9-484c-8f04-13a4732d1f27/current/containerDir0/1/chunks/111677748019200001.block
2023-03-23 08:05:29,383 [BlockDeletingService#4] INFO  interfaces.ContainerDeletionChoosingPolicyTemplate (ContainerDeletionChoosingPolicyTemplate.java:chooseContainerForBlockDeletion(83)) - Chosen 0/5000 blocks from 0 candidate containers.
2023-03-23 08:05:29,401 [BlockDeletingService#5] INFO  interfaces.ContainerDeletionChoosingPolicyTemplate (ContainerDeletionChoosingPolicyTemplate.java:chooseContainerForBlockDeletion(83)) - Chosen 0/5000 blocks from 0 candidate containers.
2023-03-23 08:05:29,429 [SCMBlockDeletingService#0] DEBUG block.SCMBlockDeletingService (SCMBlockDeletingService.java:call(136)) - Running DeletedBlockTransactionScanner
2023-03-23 08:05:29,429 [SCMBlockDeletingService#0] DEBUG block.SCMBlockDeletingService (DatanodeDeletedBlockTransactions.java:addTransactionToDN(50)) - Transaction added: ec9f5457-0109-4da3-8559-48062aace451 <- TX(1)
2023-03-23 08:05:29,429 [SCMBlockDeletingService#0] DEBUG block.SCMBlockDeletingService (DatanodeDeletedBlockTransactions.java:addTransactionToDN(50)) - Transaction added: ec9f5457-0109-4da3-8559-48062aace451 <- TX(2)
2023-03-23 08:05:29,430 [SCMBlockDeletingService#0] DEBUG block.SCMBlockDeletingService (DatanodeDeletedBlockTransactions.java:addTransactionToDN(50)) - Transaction added: ec9f5457-0109-4da3-8559-48062aace451 <- TX(3)
2023-03-23 08:05:29,430 [SCMBlockDeletingService#0] DEBUG block.SCMBlockDeletingService (DatanodeDeletedBlockTransactions.java:addTransactionToDN(50)) - Transaction added: ec9f5457-0109-4da3-8559-48062aace451 <- TX(4)
2023-03-23 08:05:29,430 [SCMBlockDeletingService#0] DEBUG block.SCMBlockDeletingService (DatanodeDeletedBlockTransactions.java:addTransactionToDN(50)) - Transaction added: ec9f5457-0109-4da3-8559-48062aace451 <- TX(5)
2023-03-23 08:05:29,430 [SCMBlockDeletingService#0] DEBUG block.SCMBlockDeletingService (DatanodeDeletedBlockTransactions.java:addTransactionToDN(50)) - Transaction added: ec9f5457-0109-4da3-8559-48062aace451 <- TX(6)
2023-03-23 08:05:29,430 [SCMBlockDeletingService#0] DEBUG block.SCMBlockDeletingService (DatanodeDeletedBlockTransactions.java:addTransactionToDN(50)) - Transaction added: ec9f5457-0109-4da3-8559-48062aace451 <- TX(7)
2023-03-23 08:05:29,430 [SCMBlockDeletingService#0] DEBUG block.SCMBlockDeletingService (DatanodeDeletedBlockTransactions.java:addTransactionToDN(50)) - Transaction added: ec9f5457-0109-4da3-8559-48062aace451 <- TX(8)
2023-03-23 08:05:29,430 [SCMBlockDeletingService#0] DEBUG block.SCMBlockDeletingService (DatanodeDeletedBlockTransactions.java:addTransactionToDN(50)) - Transaction added: ec9f5457-0109-4da3-8559-48062aace451 <- TX(9)
2023-03-23 08:05:29,430 [SCMBlockDeletingService#0] DEBUG block.SCMBlockDeletingService (DatanodeDeletedBlockTransactions.java:addTransactionToDN(50)) - Transaction added: ec9f5457-0109-4da3-8559-48062aace451 <- TX(10)
2023-03-23 08:05:29,430 [SCMBlockDeletingService#0] DEBUG block.SCMBlockDeletingService (SCMBlockDeletingService.java:call(171)) - Added delete block command for datanode ec9f5457-0109-4da3-8559-48062aace451 in the queue, number of delete block transactions: 10
2023-03-23 08:05:29,430 [SCMBlockDeletingService#0] INFO  block.SCMBlockDeletingService (SCMBlockDeletingService.java:call(180)) - Totally added 10 blocks to be deleted for 1 datanodes, task elapsed time: 1ms
2023-03-23 08:05:29,466 [BlockDeletingService#3] INFO  interfaces.ContainerDeletionChoosingPolicyTemplate (ContainerDeletionChoosingPolicyTemplate.java:chooseContainerForBlockDeletion(83)) - Chosen 90/4910 blocks from 10 candidate containers.
2023-03-23 08:05:29,467 [BlockDeletingService#7] INFO  background.BlockDeletingService (BlockDeletingService.java:deleteViaTransactionStore(483)) - No transaction found in container 1 with pending delete block count 9
2023-03-23 08:05:29,467 [BlockDeletingService#7] INFO  background.BlockDeletingService (BlockDeletingService.java:deleteViaTransactionStore(483)) - No transaction found in container 9 with pending delete block count 9
2023-03-23 08:05:29,467 [BlockDeletingService#7] INFO  background.BlockDeletingService (BlockDeletingService.java:deleteViaTransactionStore(483)) - No transaction found in container 8 with pending delete block count 9
2023-03-23 08:05:29,467 [BlockDeletingService#7] INFO  background.BlockDeletingService (BlockDeletingService.java:deleteViaTransactionStore(483)) - No transaction found in container 7 with pending delete block count 9
2023-03-23 08:05:29,467 [BlockDeletingService#7] INFO  background.BlockDeletingService (BlockDeletingService.java:deleteViaTransactionStore(483)) - No transaction found in container 6 with pending delete block count 9
2023-03-23 08:05:29,467 [BlockDeletingService#3] INFO  background.BlockDeletingService (BlockDeletingService.java:deleteViaTransactionStore(483)) - No transaction found in container 10 with pending delete block count 9
2023-03-23 08:05:29,468 [BlockDeletingService#8] INFO  background.BlockDeletingService (BlockDeletingService.java:deleteViaTransactionStore(483)) - No transaction found in container 3 with pending delete block count 9
2023-03-23 08:05:29,468 [BlockDeletingService#3] INFO  background.BlockDeletingService (BlockDeletingService.java:deleteViaTransactionStore(483)) - No transaction found in container 2 with pending delete block count 9
2023-03-23 08:05:29,468 [BlockDeletingService#0] INFO  background.BlockDeletingService (BlockDeletingService.java:deleteViaTransactionStore(483)) - No transaction found in container 4 with pending delete block count 9
2023-03-23 08:05:29,468 [BlockDeletingService#7] INFO  background.BlockDeletingService (BlockDeletingService.java:deleteViaTransactionStore(483)) - No transaction found in container 5 with pending delete block count 9
2023-03-23 08:05:29,483 [BlockDeletingService#4] INFO  interfaces.ContainerDeletionChoosingPolicyTemplate (ContainerDeletionChoosingPolicyTemplate.java:chooseContainerForBlockDeletion(83)) - Chosen 0/5000 blocks from 0 candidate containers.
2023-03-23 08:05:29,501 [BlockDeletingService#5] INFO  interfaces.ContainerDeletionChoosingPolicyTemplate (ContainerDeletionChoosingPolicyTemplate.java:chooseContainerForBlockDeletion(83)) - Chosen 0/5000 blocks from 0 candidate containers.
2023-03-23 08:05:29,529 [SCMBlockDeletingService#0] DEBUG block.SCMBlockDeletingService (SCMBlockDeletingService.java:call(136)) - Running DeletedBlockTransactionScanner
2023-03-23 08:05:29,551 [EventQueue-DeleteBlockStatusForDeletedBlockLogImpl] DEBUG block.DeletedBlockLogImpl (DeletedBlockLogImpl.java:isTransactionFailed(314)) - Got block deletion ACK from datanode, TXIDs=1, success=true
2023-03-23 08:05:29,551 [EventQueue-DeleteBlockStatusForDeletedBlockLogImpl] DEBUG block.DeletedBlockLogImpl (DeletedBlockLogImpl.java:commitTransactions(286)) - Purging txId=1 from block deletion log
2023-03-23 08:05:29,551 [EventQueue-DeleteBlockStatusForDeletedBlockLogImpl] DEBUG block.DeletedBlockLogImpl (DeletedBlockLogImpl.java:commitTransactions(292)) - Datanode txId=1 containerId=#1 committed by dnId=ec9f5457-0109-4da3-8559-48062aace451
2023-03-23 08:05:29,552 [EventQueue-DeleteBlockStatusForDeletedBlockLogImpl] DEBUG block.DeletedBlockLogImpl (DeletedBlockLogImpl.java:isTransactionFailed(314)) - Got block deletion ACK from datanode, TXIDs=2, success=true
2023-03-23 08:05:29,552 [EventQueue-DeleteBlockStatusForDeletedBlockLogImpl] DEBUG block.DeletedBlockLogImpl (DeletedBlockLogImpl.java:commitTransactions(286)) - Purging txId=2 from block deletion log
2023-03-23 08:05:29,552 [EventQueue-DeleteBlockStatusForDeletedBlockLogImpl] DEBUG block.DeletedBlockLogImpl (DeletedBlockLogImpl.java:commitTransactions(292)) - Datanode txId=2 containerId=#2 committed by dnId=ec9f5457-0109-4da3-8559-48062aace451
2023-03-23 08:05:29,552 [EventQueue-DeleteBlockStatusForDeletedBlockLogImpl] DEBUG block.DeletedBlockLogImpl (DeletedBlockLogImpl.java:isTransactionFailed(314)) - Got block deletion ACK from datanode, TXIDs=3, success=true
2023-03-23 08:05:29,552 [EventQueue-DeleteBlockStatusForDeletedBlockLogImpl] DEBUG block.DeletedBlockLogImpl (DeletedBlockLogImpl.java:commitTransactions(286)) - Purging txId=3 from block deletion log
2023-03-23 08:05:29,552 [EventQueue-DeleteBlockStatusForDeletedBlockLogImpl] DEBUG block.DeletedBlockLogImpl (DeletedBlockLogImpl.java:commitTransactions(292)) - Datanode txId=3 containerId=#3 committed by dnId=ec9f5457-0109-4da3-8559-48062aace451
2023-03-23 08:05:29,552 [EventQueue-DeleteBlockStatusForDeletedBlockLogImpl] DEBUG block.DeletedBlockLogImpl (DeletedBlockLogImpl.java:isTransactionFailed(314)) - Got block deletion ACK from datanode, TXIDs=4, success=true
2023-03-23 08:05:29,552 [EventQueue-DeleteBlockStatusForDeletedBlockLogImpl] DEBUG block.DeletedBlockLogImpl (DeletedBlockLogImpl.java:commitTransactions(286)) - Purging txId=4 from block deletion log
2023-03-23 08:05:29,552 [EventQueue-DeleteBlockStatusForDeletedBlockLogImpl] DEBUG block.DeletedBlockLogImpl (DeletedBlockLogImpl.java:commitTransactions(292)) - Datanode txId=4 containerId=#4 committed by dnId=ec9f5457-0109-4da3-8559-48062aace451
2023-03-23 08:05:29,552 [EventQueue-DeleteBlockStatusForDeletedBlockLogImpl] DEBUG block.DeletedBlockLogImpl (DeletedBlockLogImpl.java:isTransactionFailed(314)) - Got block deletion ACK from datanode, TXIDs=5, success=true
2023-03-23 08:05:29,552 [EventQueue-DeleteBlockStatusForDeletedBlockLogImpl] DEBUG block.DeletedBlockLogImpl (DeletedBlockLogImpl.java:commitTransactions(286)) - Purging txId=5 from block deletion log
2023-03-23 08:05:29,552 [EventQueue-DeleteBlockStatusForDeletedBlockLogImpl] DEBUG block.DeletedBlockLogImpl (DeletedBlockLogImpl.java:commitTransactions(292)) - Datanode txId=5 containerId=#5 committed by dnId=ec9f5457-0109-4da3-8559-48062aace451
2023-03-23 08:05:29,552 [EventQueue-DeleteBlockStatusForDeletedBlockLogImpl] DEBUG block.DeletedBlockLogImpl (DeletedBlockLogImpl.java:isTransactionFailed(314)) - Got block deletion ACK from datanode, TXIDs=6, success=true
2023-03-23 08:05:29,552 [EventQueue-DeleteBlockStatusForDeletedBlockLogImpl] DEBUG block.DeletedBlockLogImpl (DeletedBlockLogImpl.java:commitTransactions(286)) - Purging txId=6 from block deletion log
2023-03-23 08:05:29,552 [EventQueue-DeleteBlockStatusForDeletedBlockLogImpl] DEBUG block.DeletedBlockLogImpl (DeletedBlockLogImpl.java:commitTransactions(292)) - Datanode txId=6 containerId=#6 committed by dnId=ec9f5457-0109-4da3-8559-48062aace451
2023-03-23 08:05:29,552 [EventQueue-DeleteBlockStatusForDeletedBlockLogImpl] DEBUG block.DeletedBlockLogImpl (DeletedBlockLogImpl.java:isTransactionFailed(314)) - Got block deletion ACK from datanode, TXIDs=7, success=true
2023-03-23 08:05:29,552 [EventQueue-DeleteBlockStatusForDeletedBlockLogImpl] DEBUG block.DeletedBlockLogImpl (DeletedBlockLogImpl.java:commitTransactions(286)) - Purging txId=7 from block deletion log
2023-03-23 08:05:29,552 [EventQueue-DeleteBlockStatusForDeletedBlockLogImpl] DEBUG block.DeletedBlockLogImpl (DeletedBlockLogImpl.java:commitTransactions(292)) - Datanode txId=7 containerId=#7 committed by dnId=ec9f5457-0109-4da3-8559-48062aace451
2023-03-23 08:05:29,552 [EventQueue-DeleteBlockStatusForDeletedBlockLogImpl] DEBUG block.DeletedBlockLogImpl (DeletedBlockLogImpl.java:isTransactionFailed(314)) - Got block deletion ACK from datanode, TXIDs=8, success=true
2023-03-23 08:05:29,552 [EventQueue-DeleteBlockStatusForDeletedBlockLogImpl] DEBUG block.DeletedBlockLogImpl (DeletedBlockLogImpl.java:commitTransactions(286)) - Purging txId=8 from block deletion log
2023-03-23 08:05:29,552 [EventQueue-DeleteBlockStatusForDeletedBlockLogImpl] DEBUG block.DeletedBlockLogImpl (DeletedBlockLogImpl.java:commitTransactions(292)) - Datanode txId=8 containerId=#8 committed by dnId=ec9f5457-0109-4da3-8559-48062aace451
2023-03-23 08:05:29,552 [EventQueue-DeleteBlockStatusForDeletedBlockLogImpl] DEBUG block.DeletedBlockLogImpl (DeletedBlockLogImpl.java:isTransactionFailed(314)) - Got block deletion ACK from datanode, TXIDs=9, success=true
2023-03-23 08:05:29,552 [EventQueue-DeleteBlockStatusForDeletedBlockLogImpl] DEBUG block.DeletedBlockLogImpl (DeletedBlockLogImpl.java:commitTransactions(286)) - Purging txId=9 from block deletion log
2023-03-23 08:05:29,552 [EventQueue-DeleteBlockStatusForDeletedBlockLogImpl] DEBUG block.DeletedBlockLogImpl (DeletedBlockLogImpl.java:commitTransactions(292)) - Datanode txId=9 containerId=#9 committed by dnId=ec9f5457-0109-4da3-8559-48062aace451
2023-03-23 08:05:29,552 [EventQueue-DeleteBlockStatusForDeletedBlockLogImpl] DEBUG block.DeletedBlockLogImpl (DeletedBlockLogImpl.java:isTransactionFailed(314)) - Got block deletion ACK from datanode, TXIDs=10, success=true
2023-03-23 08:05:29,553 [EventQueue-DeleteBlockStatusForDeletedBlockLogImpl] DEBUG block.DeletedBlockLogImpl (DeletedBlockLogImpl.java:commitTransactions(286)) - Purging txId=10 from block deletion log
2023-03-23 08:05:29,553 [EventQueue-DeleteBlockStatusForDeletedBlockLogImpl] DEBUG block.DeletedBlockLogImpl (DeletedBlockLogImpl.java:commitTransactions(292)) - Datanode txId=10 containerId=#10 committed by dnId=ec9f5457-0109-4da3-8559-48062aace451
2023-03-23 08:05:29,553 [EventQueue-DeleteBlockStatusForDeletedBlockLogImpl] DEBUG block.DeletedBlockLogImpl (DeletedBlockLogImpl.java:isTransactionFailed(314)) - Got block deletion ACK from datanode, TXIDs=1, success=true
2023-03-23 08:05:29,553 [EventQueue-DeleteBlockStatusForDeletedBlockLogImpl] DEBUG block.DeletedBlockLogImpl (DeletedBlockLogImpl.java:commitTransactions(260)) - Transaction txId=1 commit by dnId=ec9f5457-0109-4da3-8559-48062aace451 for containerID=#1 failed. Corresponding entry not found.
2023-03-23 08:05:29,553 [EventQueue-DeleteBlockStatusForDeletedBlockLogImpl] DEBUG block.DeletedBlockLogImpl (DeletedBlockLogImpl.java:isTransactionFailed(314)) - Got block deletion ACK from datanode, TXIDs=2, success=true
2023-03-23 08:05:29,553 [EventQueue-DeleteBlockStatusForDeletedBlockLogImpl] DEBUG block.DeletedBlockLogImpl (DeletedBlockLogImpl.java:commitTransactions(260)) - Transaction txId=2 commit by dnId=ec9f5457-0109-4da3-8559-48062aace451 for containerID=#2 failed. Corresponding entry not found.
2023-03-23 08:05:29,553 [EventQueue-DeleteBlockStatusForDeletedBlockLogImpl] DEBUG block.DeletedBlockLogImpl (DeletedBlockLogImpl.java:isTransactionFailed(314)) - Got block deletion ACK from datanode, TXIDs=3, success=true
2023-03-23 08:05:29,553 [EventQueue-DeleteBlockStatusForDeletedBlockLogImpl] DEBUG block.DeletedBlockLogImpl (DeletedBlockLogImpl.java:commitTransactions(260)) - Transaction txId=3 commit by dnId=ec9f5457-0109-4da3-8559-48062aace451 for containerID=#3 failed. Corresponding entry not found.
2023-03-23 08:05:29,553 [EventQueue-DeleteBlockStatusForDeletedBlockLogImpl] DEBUG block.DeletedBlockLogImpl (DeletedBlockLogImpl.java:isTransactionFailed(314)) - Got block deletion ACK from datanode, TXIDs=4, success=true
2023-03-23 08:05:29,553 [EventQueue-DeleteBlockStatusForDeletedBlockLogImpl] DEBUG block.DeletedBlockLogImpl (DeletedBlockLogImpl.java:commitTransactions(260)) - Transaction txId=4 commit by dnId=ec9f5457-0109-4da3-8559-48062aace451 for containerID=#4 failed. Corresponding entry not found.
2023-03-23 08:05:29,553 [EventQueue-DeleteBlockStatusForDeletedBlockLogImpl] DEBUG block.DeletedBlockLogImpl (DeletedBlockLogImpl.java:isTransactionFailed(314)) - Got block deletion ACK from datanode, TXIDs=5, success=true
2023-03-23 08:05:29,553 [EventQueue-DeleteBlockStatusForDeletedBlockLogImpl] DEBUG block.DeletedBlockLogImpl (DeletedBlockLogImpl.java:commitTransactions(260)) - Transaction txId=5 commit by dnId=ec9f5457-0109-4da3-8559-48062aace451 for containerID=#5 failed. Corresponding entry not found.
2023-03-23 08:05:29,553 [EventQueue-DeleteBlockStatusForDeletedBlockLogImpl] DEBUG block.DeletedBlockLogImpl (DeletedBlockLogImpl.java:isTransactionFailed(314)) - Got block deletion ACK from datanode, TXIDs=6, success=true
2023-03-23 08:05:29,553 [EventQueue-DeleteBlockStatusForDeletedBlockLogImpl] DEBUG block.DeletedBlockLogImpl (DeletedBlockLogImpl.java:commitTransactions(260)) - Transaction txId=6 commit by dnId=ec9f5457-0109-4da3-8559-48062aace451 for containerID=#6 failed. Corresponding entry not found.
2023-03-23 08:05:29,553 [EventQueue-DeleteBlockStatusForDeletedBlockLogImpl] DEBUG block.DeletedBlockLogImpl (DeletedBlockLogImpl.java:isTransactionFailed(314)) - Got block deletion ACK from datanode, TXIDs=7, success=true
2023-03-23 08:05:29,553 [EventQueue-DeleteBlockStatusForDeletedBlockLogImpl] DEBUG block.DeletedBlockLogImpl (DeletedBlockLogImpl.java:commitTransactions(260)) - Transaction txId=7 commit by dnId=ec9f5457-0109-4da3-8559-48062aace451 for containerID=#7 failed. Corresponding entry not found.
2023-03-23 08:05:29,556 [EventQueue-DeleteBlockStatusForDeletedBlockLogImpl] DEBUG block.DeletedBlockLogImpl (DeletedBlockLogImpl.java:isTransactionFailed(314)) - Got block deletion ACK from datanode, TXIDs=8, success=true
2023-03-23 08:05:29,556 [EventQueue-DeleteBlockStatusForDeletedBlockLogImpl] DEBUG block.DeletedBlockLogImpl (DeletedBlockLogImpl.java:commitTransactions(260)) - Transaction txId=8 commit by dnId=ec9f5457-0109-4da3-8559-48062aace451 for containerID=#8 failed. Corresponding entry not found.
2023-03-23 08:05:29,556 [EventQueue-DeleteBlockStatusForDeletedBlockLogImpl] DEBUG block.DeletedBlockLogImpl (DeletedBlockLogImpl.java:isTransactionFailed(314)) - Got block deletion ACK from datanode, TXIDs=9, success=true
2023-03-23 08:05:29,556 [EventQueue-DeleteBlockStatusForDeletedBlockLogImpl] DEBUG block.DeletedBlockLogImpl (DeletedBlockLogImpl.java:commitTransactions(260)) - Transaction txId=9 commit by dnId=ec9f5457-0109-4da3-8559-48062aace451 for containerID=#9 failed. Corresponding entry not found.
2023-03-23 08:05:29,556 [EventQueue-DeleteBlockStatusForDeletedBlockLogImpl] DEBUG block.DeletedBlockLogImpl (DeletedBlockLogImpl.java:isTransactionFailed(314)) - Got block deletion ACK from datanode, TXIDs=10, success=true
2023-03-23 08:05:29,556 [EventQueue-DeleteBlockStatusForDeletedBlockLogImpl] DEBUG block.DeletedBlockLogImpl (DeletedBlockLogImpl.java:commitTransactions(260)) - Transaction txId=10 commit by dnId=ec9f5457-0109-4da3-8559-48062aace451 for containerID=#10 failed. Corresponding entry not found.
2023-03-23 08:05:29,556 [EventQueue-DeleteBlockStatusForDeletedBlockLogImpl] DEBUG block.DeletedBlockLogImpl (DeletedBlockLogImpl.java:isTransactionFailed(314)) - Got block deletion ACK from datanode, TXIDs=1, success=true
2023-03-23 08:05:29,556 [EventQueue-DeleteBlockStatusForDeletedBlockLogImpl] DEBUG block.DeletedBlockLogImpl (DeletedBlockLogImpl.java:commitTransactions(260)) - Transaction txId=1 commit by dnId=ec9f5457-0109-4da3-8559-48062aace451 for containerID=#1 failed. Corresponding entry not found.
2023-03-23 08:05:29,556 [EventQueue-DeleteBlockStatusForDeletedBlockLogImpl] DEBUG block.DeletedBlockLogImpl (DeletedBlockLogImpl.java:isTransactionFailed(314)) - Got block deletion ACK from datanode, TXIDs=2, success=true
2023-03-23 08:05:29,556 [EventQueue-DeleteBlockStatusForDeletedBlockLogImpl] DEBUG block.DeletedBlockLogImpl (DeletedBlockLogImpl.java:commitTransactions(260)) - Transaction txId=2 commit by dnId=ec9f5457-0109-4da3-8559-48062aace451 for containerID=#2 failed. Corresponding entry not found.
2023-03-23 08:05:29,556 [EventQueue-DeleteBlockStatusForDeletedBlockLogImpl] DEBUG block.DeletedBlockLogImpl (DeletedBlockLogImpl.java:isTransactionFailed(314)) - Got block deletion ACK from datanode, TXIDs=3, success=true
2023-03-23 08:05:29,557 [EventQueue-DeleteBlockStatusForDeletedBlockLogImpl] DEBUG block.DeletedBlockLogImpl (DeletedBlockLogImpl.java:commitTransactions(260)) - Transaction txId=3 commit by dnId=ec9f5457-0109-4da3-8559-48062aace451 for containerID=#3 failed. Corresponding entry not found.
2023-03-23 08:05:29,557 [EventQueue-DeleteBlockStatusForDeletedBlockLogImpl] DEBUG block.DeletedBlockLogImpl (DeletedBlockLogImpl.java:isTransactionFailed(314)) - Got block deletion ACK from datanode, TXIDs=4, success=true
2023-03-23 08:05:29,557 [EventQueue-DeleteBlockStatusForDeletedBlockLogImpl] DEBUG block.DeletedBlockLogImpl (DeletedBlockLogImpl.java:commitTransactions(260)) - Transaction txId=4 commit by dnId=ec9f5457-0109-4da3-8559-48062aace451 for containerID=#4 failed. Corresponding entry not found.
2023-03-23 08:05:29,557 [EventQueue-DeleteBlockStatusForDeletedBlockLogImpl] DEBUG block.DeletedBlockLogImpl (DeletedBlockLogImpl.java:isTransactionFailed(314)) - Got block deletion ACK from datanode, TXIDs=5, success=true
2023-03-23 08:05:29,557 [EventQueue-DeleteBlockStatusForDeletedBlockLogImpl] DEBUG block.DeletedBlockLogImpl (DeletedBlockLogImpl.java:commitTransactions(260)) - Transaction txId=5 commit by dnId=ec9f5457-0109-4da3-8559-48062aace451 for containerID=#5 failed. Corresponding entry not found.
2023-03-23 08:05:29,557 [EventQueue-DeleteBlockStatusForDeletedBlockLogImpl] DEBUG block.DeletedBlockLogImpl (DeletedBlockLogImpl.java:isTransactionFailed(314)) - Got block deletion ACK from datanode, TXIDs=6, success=true
2023-03-23 08:05:29,557 [EventQueue-DeleteBlockStatusForDeletedBlockLogImpl] DEBUG block.DeletedBlockLogImpl (DeletedBlockLogImpl.java:commitTransactions(260)) - Transaction txId=6 commit by dnId=ec9f5457-0109-4da3-8559-48062aace451 for containerID=#6 failed. Corresponding entry not found.
2023-03-23 08:05:29,557 [EventQueue-DeleteBlockStatusForDeletedBlockLogImpl] DEBUG block.DeletedBlockLogImpl (DeletedBlockLogImpl.java:isTransactionFailed(314)) - Got block deletion ACK from datanode, TXIDs=7, success=true
2023-03-23 08:05:29,557 [EventQueue-DeleteBlockStatusForDeletedBlockLogImpl] DEBUG block.DeletedBlockLogImpl (DeletedBlockLogImpl.java:commitTransactions(260)) - Transaction txId=7 commit by dnId=ec9f5457-0109-4da3-8559-48062aace451 for containerID=#7 failed. Corresponding entry not found.
2023-03-23 08:05:29,557 [EventQueue-DeleteBlockStatusForDeletedBlockLogImpl] DEBUG block.DeletedBlockLogImpl (DeletedBlockLogImpl.java:isTransactionFailed(314)) - Got block deletion ACK from datanode, TXIDs=8, success=true
2023-03-23 08:05:29,557 [EventQueue-DeleteBlockStatusForDeletedBlockLogImpl] DEBUG block.DeletedBlockLogImpl (DeletedBlockLogImpl.java:commitTransactions(260)) - Transaction txId=8 commit by dnId=ec9f5457-0109-4da3-8559-48062aace451 for containerID=#8 failed. Corresponding entry not found.
2023-03-23 08:05:29,557 [EventQueue-DeleteBlockStatusForDeletedBlockLogImpl] DEBUG block.DeletedBlockLogImpl (DeletedBlockLogImpl.java:isTransactionFailed(314)) - Got block deletion ACK from datanode, TXIDs=9, success=true
2023-03-23 08:05:29,557 [EventQueue-DeleteBlockStatusForDeletedBlockLogImpl] DEBUG block.DeletedBlockLogImpl (DeletedBlockLogImpl.java:commitTransactions(260)) - Transaction txId=9 commit by dnId=ec9f5457-0109-4da3-8559-48062aace451 for containerID=#9 failed. Corresponding entry not found.
2023-03-23 08:05:29,557 [EventQueue-DeleteBlockStatusForDeletedBlockLogImpl] DEBUG block.DeletedBlockLogImpl (DeletedBlockLogImpl.java:isTransactionFailed(314)) - Got block deletion ACK from datanode, TXIDs=10, success=true
2023-03-23 08:05:29,557 [EventQueue-DeleteBlockStatusForDeletedBlockLogImpl] DEBUG block.DeletedBlockLogImpl (DeletedBlockLogImpl.java:commitTransactions(260)) - Transaction txId=10 commit by dnId=ec9f5457-0109-4da3-8559-48062aace451 for containerID=#10 failed. Corresponding entry not found.
2023-03-23 08:05:29,557 [EventQueue-DeleteBlockStatusForDeletedBlockLogImpl] DEBUG block.DeletedBlockLogImpl (DeletedBlockLogImpl.java:isTransactionFailed(314)) - Got block deletion ACK from datanode, TXIDs=1, success=true
2023-03-23 08:05:29,557 [EventQueue-DeleteBlockStatusForDeletedBlockLogImpl] DEBUG block.DeletedBlockLogImpl (DeletedBlockLogImpl.java:commitTransactions(260)) - Transaction txId=1 commit by dnId=ec9f5457-0109-4da3-8559-48062aace451 for containerID=#1 failed. Corresponding entry not found.
2023-03-23 08:05:29,557 [EventQueue-DeleteBlockStatusForDeletedBlockLogImpl] DEBUG block.DeletedBlockLogImpl (DeletedBlockLogImpl.java:isTransactionFailed(314)) - Got block deletion ACK from datanode, TXIDs=2, success=true
2023-03-23 08:05:29,557 [EventQueue-DeleteBlockStatusForDeletedBlockLogImpl] DEBUG block.DeletedBlockLogImpl (DeletedBlockLogImpl.java:commitTransactions(260)) - Transaction txId=2 commit by dnId=ec9f5457-0109-4da3-8559-48062aace451 for containerID=#2 failed. Corresponding entry not found.
2023-03-23 08:05:29,557 [EventQueue-DeleteBlockStatusForDeletedBlockLogImpl] DEBUG block.DeletedBlockLogImpl (DeletedBlockLogImpl.java:isTransactionFailed(314)) - Got block deletion ACK from datanode, TXIDs=3, success=true
2023-03-23 08:05:29,557 [EventQueue-DeleteBlockStatusForDeletedBlockLogImpl] DEBUG block.DeletedBlockLogImpl (DeletedBlockLogImpl.java:commitTransactions(260)) - Transaction txId=3 commit by dnId=ec9f5457-0109-4da3-8559-48062aace451 for containerID=#3 failed. Corresponding entry not found.
2023-03-23 08:05:29,557 [EventQueue-DeleteBlockStatusForDeletedBlockLogImpl] DEBUG block.DeletedBlockLogImpl (DeletedBlockLogImpl.java:isTransactionFailed(314)) - Got block deletion ACK from datanode, TXIDs=4, success=true
2023-03-23 08:05:29,557 [EventQueue-DeleteBlockStatusForDeletedBlockLogImpl] DEBUG block.DeletedBlockLogImpl (DeletedBlockLogImpl.java:commitTransactions(260)) - Transaction txId=4 commit by dnId=ec9f5457-0109-4da3-8559-48062aace451 for containerID=#4 failed. Corresponding entry not found.
2023-03-23 08:05:29,558 [EventQueue-DeleteBlockStatusForDeletedBlockLogImpl] DEBUG block.DeletedBlockLogImpl (DeletedBlockLogImpl.java:isTransactionFailed(314)) - Got block deletion ACK from datanode, TXIDs=5, success=true
2023-03-23 08:05:29,558 [EventQueue-DeleteBlockStatusForDeletedBlockLogImpl] DEBUG block.DeletedBlockLogImpl (DeletedBlockLogImpl.java:commitTransactions(260)) - Transaction txId=5 commit by dnId=ec9f5457-0109-4da3-8559-48062aace451 for containerID=#5 failed. Corresponding entry not found.
2023-03-23 08:05:29,558 [EventQueue-DeleteBlockStatusForDeletedBlockLogImpl] DEBUG block.DeletedBlockLogImpl (DeletedBlockLogImpl.java:isTransactionFailed(314)) - Got block deletion ACK from datanode, TXIDs=6, success=true
2023-03-23 08:05:29,558 [EventQueue-DeleteBlockStatusForDeletedBlockLogImpl] DEBUG block.DeletedBlockLogImpl (DeletedBlockLogImpl.java:commitTransactions(260)) - Transaction txId=6 commit by dnId=ec9f5457-0109-4da3-8559-48062aace451 for containerID=#6 failed. Corresponding entry not found.
2023-03-23 08:05:29,558 [EventQueue-DeleteBlockStatusForDeletedBlockLogImpl] DEBUG block.DeletedBlockLogImpl (DeletedBlockLogImpl.java:isTransactionFailed(314)) - Got block deletion ACK from datanode, TXIDs=7, success=true
2023-03-23 08:05:29,558 [EventQueue-DeleteBlockStatusForDeletedBlockLogImpl] DEBUG block.DeletedBlockLogImpl (DeletedBlockLogImpl.java:commitTransactions(260)) - Transaction txId=7 commit by dnId=ec9f5457-0109-4da3-8559-48062aace451 for containerID=#7 failed. Corresponding entry not found.
2023-03-23 08:05:29,558 [EventQueue-DeleteBlockStatusForDeletedBlockLogImpl] DEBUG block.DeletedBlockLogImpl (DeletedBlockLogImpl.java:isTransactionFailed(314)) - Got block deletion ACK from datanode, TXIDs=8, success=true
2023-03-23 08:05:29,558 [EventQueue-DeleteBlockStatusForDeletedBlockLogImpl] DEBUG block.DeletedBlockLogImpl (DeletedBlockLogImpl.java:commitTransactions(260)) - Transaction txId=8 commit by dnId=ec9f5457-0109-4da3-8559-48062aace451 for containerID=#8 failed. Corresponding entry not found.
2023-03-23 08:05:29,558 [EventQueue-DeleteBlockStatusForDeletedBlockLogImpl] DEBUG block.DeletedBlockLogImpl (DeletedBlockLogImpl.java:isTransactionFailed(314)) - Got block deletion ACK from datanode, TXIDs=9, success=true
2023-03-23 08:05:29,558 [EventQueue-DeleteBlockStatusForDeletedBlockLogImpl] DEBUG block.DeletedBlockLogImpl (DeletedBlockLogImpl.java:commitTransactions(260)) - Transaction txId=9 commit by dnId=ec9f5457-0109-4da3-8559-48062aace451 for containerID=#9 failed. Corresponding entry not found.
2023-03-23 08:05:29,558 [EventQueue-DeleteBlockStatusForDeletedBlockLogImpl] DEBUG block.DeletedBlockLogImpl (DeletedBlockLogImpl.java:isTransactionFailed(314)) - Got block deletion ACK from datanode, TXIDs=10, success=true
2023-03-23 08:05:29,558 [EventQueue-DeleteBlockStatusForDeletedBlockLogImpl] DEBUG block.DeletedBlockLogImpl (DeletedBlockLogImpl.java:commitTransactions(260)) - Transaction txId=10 commit by dnId=ec9f5457-0109-4da3-8559-48062aace451 for containerID=#10 failed. Corresponding entry not found.
2023-03-23 08:05:29,558 [EventQueue-DeleteBlockStatusForDeletedBlockLogImpl] DEBUG block.DeletedBlockLogImpl (DeletedBlockLogImpl.java:isTransactionFailed(314)) - Got block deletion ACK from datanode, TXIDs=1, success=true
2023-03-23 08:05:29,558 [EventQueue-DeleteBlockStatusForDeletedBlockLogImpl] DEBUG block.DeletedBlockLogImpl (DeletedBlockLogImpl.java:commitTransactions(260)) - Transaction txId=1 commit by dnId=ec9f5457-0109-4da3-8559-48062aace451 for containerID=#1 failed. Corresponding entry not found.
2023-03-23 08:05:29,558 [EventQueue-DeleteBlockStatusForDeletedBlockLogImpl] DEBUG block.DeletedBlockLogImpl (DeletedBlockLogImpl.java:isTransactionFailed(314)) - Got block deletion ACK from datanode, TXIDs=2, success=true
2023-03-23 08:05:29,558 [EventQueue-DeleteBlockStatusForDeletedBlockLogImpl] DEBUG block.DeletedBlockLogImpl (DeletedBlockLogImpl.java:commitTransactions(260)) - Transaction txId=2 commit by dnId=ec9f5457-0109-4da3-8559-48062aace451 for containerID=#2 failed. Corresponding entry not found.
2023-03-23 08:05:29,558 [EventQueue-DeleteBlockStatusForDeletedBlockLogImpl] DEBUG block.DeletedBlockLogImpl (DeletedBlockLogImpl.java:isTransactionFailed(314)) - Got block deletion ACK from datanode, TXIDs=3, success=true
2023-03-23 08:05:29,558 [EventQueue-DeleteBlockStatusForDeletedBlockLogImpl] DEBUG block.DeletedBlockLogImpl (DeletedBlockLogImpl.java:commitTransactions(260)) - Transaction txId=3 commit by dnId=ec9f5457-0109-4da3-8559-48062aace451 for containerID=#3 failed. Corresponding entry not found.
2023-03-23 08:05:29,558 [EventQueue-DeleteBlockStatusForDeletedBlockLogImpl] DEBUG block.DeletedBlockLogImpl (DeletedBlockLogImpl.java:isTransactionFailed(314)) - Got block deletion ACK from datanode, TXIDs=4, success=true
2023-03-23 08:05:29,558 [EventQueue-DeleteBlockStatusForDeletedBlockLogImpl] DEBUG block.DeletedBlockLogImpl (DeletedBlockLogImpl.java:commitTransactions(260)) - Transaction txId=4 commit by dnId=ec9f5457-0109-4da3-8559-48062aace451 for containerID=#4 failed. Corresponding entry not found.
2023-03-23 08:05:29,558 [EventQueue-DeleteBlockStatusForDeletedBlockLogImpl] DEBUG block.DeletedBlockLogImpl (DeletedBlockLogImpl.java:isTransactionFailed(314)) - Got block deletion ACK from datanode, TXIDs=5, success=true
2023-03-23 08:05:29,559 [EventQueue-DeleteBlockStatusForDeletedBlockLogImpl] DEBUG block.DeletedBlockLogImpl (DeletedBlockLogImpl.java:commitTransactions(260)) - Transaction txId=5 commit by dnId=ec9f5457-0109-4da3-8559-48062aace451 for containerID=#5 failed. Corresponding entry not found.
2023-03-23 08:05:29,559 [EventQueue-DeleteBlockStatusForDeletedBlockLogImpl] DEBUG block.DeletedBlockLogImpl (DeletedBlockLogImpl.java:isTransactionFailed(314)) - Got block deletion ACK from datanode, TXIDs=6, success=true
2023-03-23 08:05:29,559 [EventQueue-DeleteBlockStatusForDeletedBlockLogImpl] DEBUG block.DeletedBlockLogImpl (DeletedBlockLogImpl.java:commitTransactions(260)) - Transaction txId=6 commit by dnId=ec9f5457-0109-4da3-8559-48062aace451 for containerID=#6 failed. Corresponding entry not found.
2023-03-23 08:05:29,559 [EventQueue-DeleteBlockStatusForDeletedBlockLogImpl] DEBUG block.DeletedBlockLogImpl (DeletedBlockLogImpl.java:isTransactionFailed(314)) - Got block deletion ACK from datanode, TXIDs=7, success=true
2023-03-23 08:05:29,559 [EventQueue-DeleteBlockStatusForDeletedBlockLogImpl] DEBUG block.DeletedBlockLogImpl (DeletedBlockLogImpl.java:commitTransactions(260)) - Transaction txId=7 commit by dnId=ec9f5457-0109-4da3-8559-48062aace451 for containerID=#7 failed. Corresponding entry not found.
2023-03-23 08:05:29,559 [EventQueue-DeleteBlockStatusForDeletedBlockLogImpl] DEBUG block.DeletedBlockLogImpl (DeletedBlockLogImpl.java:isTransactionFailed(314)) - Got block deletion ACK from datanode, TXIDs=8, success=true
2023-03-23 08:05:29,559 [EventQueue-DeleteBlockStatusForDeletedBlockLogImpl] DEBUG block.DeletedBlockLogImpl (DeletedBlockLogImpl.java:commitTransactions(260)) - Transaction txId=8 commit by dnId=ec9f5457-0109-4da3-8559-48062aace451 for containerID=#8 failed. Corresponding entry not found.
2023-03-23 08:05:29,559 [EventQueue-DeleteBlockStatusForDeletedBlockLogImpl] DEBUG block.DeletedBlockLogImpl (DeletedBlockLogImpl.java:isTransactionFailed(314)) - Got block deletion ACK from datanode, TXIDs=9, success=true
2023-03-23 08:05:29,559 [EventQueue-DeleteBlockStatusForDeletedBlockLogImpl] DEBUG block.DeletedBlockLogImpl (DeletedBlockLogImpl.java:commitTransactions(260)) - Transaction txId=9 commit by dnId=ec9f5457-0109-4da3-8559-48062aace451 for containerID=#9 failed. Corresponding entry not found.
2023-03-23 08:05:29,559 [EventQueue-DeleteBlockStatusForDeletedBlockLogImpl] DEBUG block.DeletedBlockLogImpl (DeletedBlockLogImpl.java:isTransactionFailed(314)) - Got block deletion ACK from datanode, TXIDs=10, success=true
2023-03-23 08:05:29,559 [EventQueue-DeleteBlockStatusForDeletedBlockLogImpl] DEBUG block.DeletedBlockLogImpl (DeletedBlockLogImpl.java:commitTransactions(260)) - Transaction txId=10 commit by dnId=ec9f5457-0109-4da3-8559-48062aace451 for containerID=#10 failed. Corresponding entry not found.
2023-03-23 08:05:29,559 [EventQueue-DeleteBlockStatusForDeletedBlockLogImpl] DEBUG block.DeletedBlockLogImpl (DeletedBlockLogImpl.java:isTransactionFailed(314)) - Got block deletion ACK from datanode, TXIDs=1, success=true
2023-03-23 08:05:29,559 [EventQueue-DeleteBlockStatusForDeletedBlockLogImpl] DEBUG block.DeletedBlockLogImpl (DeletedBlockLogImpl.java:commitTransactions(260)) - Transaction txId=1 commit by dnId=ec9f5457-0109-4da3-8559-48062aace451 for containerID=#1 failed. Corresponding entry not found.
2023-03-23 08:05:29,559 [EventQueue-DeleteBlockStatusForDeletedBlockLogImpl] DEBUG block.DeletedBlockLogImpl (DeletedBlockLogImpl.java:isTransactionFailed(314)) - Got block deletion ACK from datanode, TXIDs=2, success=true
2023-03-23 08:05:29,559 [EventQueue-DeleteBlockStatusForDeletedBlockLogImpl] DEBUG block.DeletedBlockLogImpl (DeletedBlockLogImpl.java:commitTransactions(260)) - Transaction txId=2 commit by dnId=ec9f5457-0109-4da3-8559-48062aace451 for containerID=#2 failed. Corresponding entry not found.
2023-03-23 08:05:29,559 [EventQueue-DeleteBlockStatusForDeletedBlockLogImpl] DEBUG block.DeletedBlockLogImpl (DeletedBlockLogImpl.java:isTransactionFailed(314)) - Got block deletion ACK from datanode, TXIDs=3, success=true
2023-03-23 08:05:29,559 [EventQueue-DeleteBlockStatusForDeletedBlockLogImpl] DEBUG block.DeletedBlockLogImpl (DeletedBlockLogImpl.java:commitTransactions(260)) - Transaction txId=3 commit by dnId=ec9f5457-0109-4da3-8559-48062aace451 for containerID=#3 failed. Corresponding entry not found.
2023-03-23 08:05:29,559 [EventQueue-DeleteBlockStatusForDeletedBlockLogImpl] DEBUG block.DeletedBlockLogImpl (DeletedBlockLogImpl.java:isTransactionFailed(314)) - Got block deletion ACK from datanode, TXIDs=4, success=true
2023-03-23 08:05:29,559 [EventQueue-DeleteBlockStatusForDeletedBlockLogImpl] DEBUG block.DeletedBlockLogImpl (DeletedBlockLogImpl.java:commitTransactions(260)) - Transaction txId=4 commit by dnId=ec9f5457-0109-4da3-8559-48062aace451 for containerID=#4 failed. Corresponding entry not found.
2023-03-23 08:05:29,559 [EventQueue-DeleteBlockStatusForDeletedBlockLogImpl] DEBUG block.DeletedBlockLogImpl (DeletedBlockLogImpl.java:isTransactionFailed(314)) - Got block deletion ACK from datanode, TXIDs=5, success=true
2023-03-23 08:05:29,559 [EventQueue-DeleteBlockStatusForDeletedBlockLogImpl] DEBUG block.DeletedBlockLogImpl (DeletedBlockLogImpl.java:commitTransactions(260)) - Transaction txId=5 commit by dnId=ec9f5457-0109-4da3-8559-48062aace451 for containerID=#5 failed. Corresponding entry not found.
2023-03-23 08:05:29,559 [EventQueue-DeleteBlockStatusForDeletedBlockLogImpl] DEBUG block.DeletedBlockLogImpl (DeletedBlockLogImpl.java:isTransactionFailed(314)) - Got block deletion ACK from datanode, TXIDs=6, success=true
2023-03-23 08:05:29,559 [EventQueue-DeleteBlockStatusForDeletedBlockLogImpl] DEBUG block.DeletedBlockLogImpl (DeletedBlockLogImpl.java:commitTransactions(260)) - Transaction txId=6 commit by dnId=ec9f5457-0109-4da3-8559-48062aace451 for containerID=#6 failed. Corresponding entry not found.
2023-03-23 08:05:29,559 [EventQueue-DeleteBlockStatusForDeletedBlockLogImpl] DEBUG block.DeletedBlockLogImpl (DeletedBlockLogImpl.java:isTransactionFailed(314)) - Got block deletion ACK from datanode, TXIDs=7, success=true
2023-03-23 08:05:29,559 [EventQueue-DeleteBlockStatusForDeletedBlockLogImpl] DEBUG block.DeletedBlockLogImpl (DeletedBlockLogImpl.java:commitTransactions(260)) - Transaction txId=7 commit by dnId=ec9f5457-0109-4da3-8559-48062aace451 for containerID=#7 failed. Corresponding entry not found.
2023-03-23 08:05:29,559 [EventQueue-DeleteBlockStatusForDeletedBlockLogImpl] DEBUG block.DeletedBlockLogImpl (DeletedBlockLogImpl.java:isTransactionFailed(314)) - Got block deletion ACK from datanode, TXIDs=8, success=true
2023-03-23 08:05:29,559 [EventQueue-DeleteBlockStatusForDeletedBlockLogImpl] DEBUG block.DeletedBlockLogImpl (DeletedBlockLogImpl.java:commitTransactions(260)) - Transaction txId=8 commit by dnId=ec9f5457-0109-4da3-8559-48062aace451 for containerID=#8 failed. Corresponding entry not found.
2023-03-23 08:05:29,559 [EventQueue-DeleteBlockStatusForDeletedBlockLogImpl] DEBUG block.DeletedBlockLogImpl (DeletedBlockLogImpl.java:isTransactionFailed(314)) - Got block deletion ACK from datanode, TXIDs=9, success=true
2023-03-23 08:05:29,559 [EventQueue-DeleteBlockStatusForDeletedBlockLogImpl] DEBUG block.DeletedBlockLogImpl (DeletedBlockLogImpl.java:commitTransactions(260)) - Transaction txId=9 commit by dnId=ec9f5457-0109-4da3-8559-48062aace451 for containerID=#9 failed. Corresponding entry not found.
2023-03-23 08:05:29,559 [EventQueue-DeleteBlockStatusForDeletedBlockLogImpl] DEBUG block.DeletedBlockLogImpl (DeletedBlockLogImpl.java:isTransactionFailed(314)) - Got block deletion ACK from datanode, TXIDs=10, success=true
2023-03-23 08:05:29,560 [EventQueue-DeleteBlockStatusForDeletedBlockLogImpl] DEBUG block.DeletedBlockLogImpl (DeletedBlockLogImpl.java:commitTransactions(260)) - Transaction txId=10 commit by dnId=ec9f5457-0109-4da3-8559-48062aace451 for containerID=#10 failed. Corresponding entry not found.
2023-03-23 08:05:29,560 [EventQueue-DeleteBlockStatusForDeletedBlockLogImpl] DEBUG block.DeletedBlockLogImpl (DeletedBlockLogImpl.java:isTransactionFailed(314)) - Got block deletion ACK from datanode, TXIDs=1, success=true
2023-03-23 08:05:29,560 [EventQueue-DeleteBlockStatusForDeletedBlockLogImpl] DEBUG block.DeletedBlockLogImpl (DeletedBlockLogImpl.java:commitTransactions(260)) - Transaction txId=1 commit by dnId=ec9f5457-0109-4da3-8559-48062aace451 for containerID=#1 failed. Corresponding entry not found.
2023-03-23 08:05:29,560 [EventQueue-DeleteBlockStatusForDeletedBlockLogImpl] DEBUG block.DeletedBlockLogImpl (DeletedBlockLogImpl.java:isTransactionFailed(314)) - Got block deletion ACK from datanode, TXIDs=2, success=true
2023-03-23 08:05:29,560 [EventQueue-DeleteBlockStatusForDeletedBlockLogImpl] DEBUG block.DeletedBlockLogImpl (DeletedBlockLogImpl.java:commitTransactions(260)) - Transaction txId=2 commit by dnId=ec9f5457-0109-4da3-8559-48062aace451 for containerID=#2 failed. Corresponding entry not found.
2023-03-23 08:05:29,560 [EventQueue-DeleteBlockStatusForDeletedBlockLogImpl] DEBUG block.DeletedBlockLogImpl (DeletedBlockLogImpl.java:isTransactionFailed(314)) - Got block deletion ACK from datanode, TXIDs=3, success=true
2023-03-23 08:05:29,560 [EventQueue-DeleteBlockStatusForDeletedBlockLogImpl] DEBUG block.DeletedBlockLogImpl (DeletedBlockLogImpl.java:commitTransactions(260)) - Transaction txId=3 commit by dnId=ec9f5457-0109-4da3-8559-48062aace451 for containerID=#3 failed. Corresponding entry not found.
2023-03-23 08:05:29,560 [EventQueue-DeleteBlockStatusForDeletedBlockLogImpl] DEBUG block.DeletedBlockLogImpl (DeletedBlockLogImpl.java:isTransactionFailed(314)) - Got block deletion ACK from datanode, TXIDs=4, success=true
2023-03-23 08:05:29,560 [EventQueue-DeleteBlockStatusForDeletedBlockLogImpl] DEBUG block.DeletedBlockLogImpl (DeletedBlockLogImpl.java:commitTransactions(260)) - Transaction txId=4 commit by dnId=ec9f5457-0109-4da3-8559-48062aace451 for containerID=#4 failed. Corresponding entry not found.
2023-03-23 08:05:29,560 [EventQueue-DeleteBlockStatusForDeletedBlockLogImpl] DEBUG block.DeletedBlockLogImpl (DeletedBlockLogImpl.java:isTransactionFailed(314)) - Got block deletion ACK from datanode, TXIDs=5, success=true
2023-03-23 08:05:29,560 [EventQueue-DeleteBlockStatusForDeletedBlockLogImpl] DEBUG block.DeletedBlockLogImpl (DeletedBlockLogImpl.java:commitTransactions(260)) - Transaction txId=5 commit by dnId=ec9f5457-0109-4da3-8559-48062aace451 for containerID=#5 failed. Corresponding entry not found.
2023-03-23 08:05:29,560 [EventQueue-DeleteBlockStatusForDeletedBlockLogImpl] DEBUG block.DeletedBlockLogImpl (DeletedBlockLogImpl.java:isTransactionFailed(314)) - Got block deletion ACK from datanode, TXIDs=6, success=true
2023-03-23 08:05:29,560 [EventQueue-DeleteBlockStatusForDeletedBlockLogImpl] DEBUG block.DeletedBlockLogImpl (DeletedBlockLogImpl.java:commitTransactions(260)) - Transaction txId=6 commit by dnId=ec9f5457-0109-4da3-8559-48062aace451 for containerID=#6 failed. Corresponding entry not found.
2023-03-23 08:05:29,560 [EventQueue-DeleteBlockStatusForDeletedBlockLogImpl] DEBUG block.DeletedBlockLogImpl (DeletedBlockLogImpl.java:isTransactionFailed(314)) - Got block deletion ACK from datanode, TXIDs=7, success=true
2023-03-23 08:05:29,560 [EventQueue-DeleteBlockStatusForDeletedBlockLogImpl] DEBUG block.DeletedBlockLogImpl (DeletedBlockLogImpl.java:commitTransactions(260)) - Transaction txId=7 commit by dnId=ec9f5457-0109-4da3-8559-48062aace451 for containerID=#7 failed. Corresponding entry not found.
2023-03-23 08:05:29,560 [EventQueue-DeleteBlockStatusForDeletedBlockLogImpl] DEBUG block.DeletedBlockLogImpl (DeletedBlockLogImpl.java:isTransactionFailed(314)) - Got block deletion ACK from datanode, TXIDs=8, success=true
2023-03-23 08:05:29,560 [EventQueue-DeleteBlockStatusForDeletedBlockLogImpl] DEBUG block.DeletedBlockLogImpl (DeletedBlockLogImpl.java:commitTransactions(260)) - Transaction txId=8 commit by dnId=ec9f5457-0109-4da3-8559-48062aace451 for containerID=#8 failed. Corresponding entry not found.
2023-03-23 08:05:29,560 [EventQueue-DeleteBlockStatusForDeletedBlockLogImpl] DEBUG block.DeletedBlockLogImpl (DeletedBlockLogImpl.java:isTransactionFailed(314)) - Got block deletion ACK from datanode, TXIDs=9, success=true
2023-03-23 08:05:29,560 [EventQueue-DeleteBlockStatusForDeletedBlockLogImpl] DEBUG block.DeletedBlockLogImpl (DeletedBlockLogImpl.java:commitTransactions(260)) - Transaction txId=9 commit by dnId=ec9f5457-0109-4da3-8559-48062aace451 for containerID=#9 failed. Corresponding entry not found.
2023-03-23 08:05:29,560 [EventQueue-DeleteBlockStatusForDeletedBlockLogImpl] DEBUG block.DeletedBlockLogImpl (DeletedBlockLogImpl.java:isTransactionFailed(314)) - Got block deletion ACK from datanode, TXIDs=10, success=true
2023-03-23 08:05:29,560 [EventQueue-DeleteBlockStatusForDeletedBlockLogImpl] DEBUG block.DeletedBlockLogImpl (DeletedBlockLogImpl.java:commitTransactions(260)) - Transaction txId=10 commit by dnId=ec9f5457-0109-4da3-8559-48062aace451 for containerID=#10 failed. Corresponding entry not found.
2023-03-23 08:05:29,560 [EventQueue-DeleteBlockStatusForDeletedBlockLogImpl] DEBUG block.DeletedBlockLogImpl (DeletedBlockLogImpl.java:isTransactionFailed(314)) - Got block deletion ACK from datanode, TXIDs=1, success=true
2023-03-23 08:05:29,560 [EventQueue-DeleteBlockStatusForDeletedBlockLogImpl] DEBUG block.DeletedBlockLogImpl (DeletedBlockLogImpl.java:commitTransactions(260)) - Transaction txId=1 commit by dnId=ec9f5457-0109-4da3-8559-48062aace451 for containerID=#1 failed. Corresponding entry not found.
2023-03-23 08:05:29,560 [EventQueue-DeleteBlockStatusForDeletedBlockLogImpl] DEBUG block.DeletedBlockLogImpl (DeletedBlockLogImpl.java:isTransactionFailed(314)) - Got block deletion ACK from datanode, TXIDs=2, success=true
2023-03-23 08:05:29,560 [EventQueue-DeleteBlockStatusForDeletedBlockLogImpl] DEBUG block.DeletedBlockLogImpl (DeletedBlockLogImpl.java:commitTransactions(260)) - Transaction txId=2 commit by dnId=ec9f5457-0109-4da3-8559-48062aace451 for containerID=#2 failed. Corresponding entry not found.
2023-03-23 08:05:29,560 [EventQueue-DeleteBlockStatusForDeletedBlockLogImpl] DEBUG block.DeletedBlockLogImpl (DeletedBlockLogImpl.java:isTransactionFailed(314)) - Got block deletion ACK from datanode, TXIDs=3, success=true
2023-03-23 08:05:29,560 [EventQueue-DeleteBlockStatusForDeletedBlockLogImpl] DEBUG block.DeletedBlockLogImpl (DeletedBlockLogImpl.java:commitTransactions(260)) - Transaction txId=3 commit by dnId=ec9f5457-0109-4da3-8559-48062aace451 for containerID=#3 failed. Corresponding entry not found.
2023-03-23 08:05:29,560 [EventQueue-DeleteBlockStatusForDeletedBlockLogImpl] DEBUG block.DeletedBlockLogImpl (DeletedBlockLogImpl.java:isTransactionFailed(314)) - Got block deletion ACK from datanode, TXIDs=4, success=true
2023-03-23 08:05:29,560 [EventQueue-DeleteBlockStatusForDeletedBlockLogImpl] DEBUG block.DeletedBlockLogImpl (DeletedBlockLogImpl.java:commitTransactions(260)) - Transaction txId=4 commit by dnId=ec9f5457-0109-4da3-8559-48062aace451 for containerID=#4 failed. Corresponding entry not found.
2023-03-23 08:05:29,560 [EventQueue-DeleteBlockStatusForDeletedBlockLogImpl] DEBUG block.DeletedBlockLogImpl (DeletedBlockLogImpl.java:isTransactionFailed(314)) - Got block deletion ACK from datanode, TXIDs=5, success=true
2023-03-23 08:05:29,560 [EventQueue-DeleteBlockStatusForDeletedBlockLogImpl] DEBUG block.DeletedBlockLogImpl (DeletedBlockLogImpl.java:commitTransactions(260)) - Transaction txId=5 commit by dnId=ec9f5457-0109-4da3-8559-48062aace451 for containerID=#5 failed. Corresponding entry not found.
2023-03-23 08:05:29,561 [EventQueue-DeleteBlockStatusForDeletedBlockLogImpl] DEBUG block.DeletedBlockLogImpl (DeletedBlockLogImpl.java:isTransactionFailed(314)) - Got block deletion ACK from datanode, TXIDs=6, success=true
2023-03-23 08:05:29,561 [EventQueue-DeleteBlockStatusForDeletedBlockLogImpl] DEBUG block.DeletedBlockLogImpl (DeletedBlockLogImpl.java:commitTransactions(260)) - Transaction txId=6 commit by dnId=ec9f5457-0109-4da3-8559-48062aace451 for containerID=#6 failed. Corresponding entry not found.
2023-03-23 08:05:29,561 [EventQueue-DeleteBlockStatusForDeletedBlockLogImpl] DEBUG block.DeletedBlockLogImpl (DeletedBlockLogImpl.java:isTransactionFailed(314)) - Got block deletion ACK from datanode, TXIDs=7, success=true
2023-03-23 08:05:29,561 [EventQueue-DeleteBlockStatusForDeletedBlockLogImpl] DEBUG block.DeletedBlockLogImpl (DeletedBlockLogImpl.java:commitTransactions(260)) - Transaction txId=7 commit by dnId=ec9f5457-0109-4da3-8559-48062aace451 for containerID=#7 failed. Corresponding entry not found.
2023-03-23 08:05:29,561 [EventQueue-DeleteBlockStatusForDeletedBlockLogImpl] DEBUG block.DeletedBlockLogImpl (DeletedBlockLogImpl.java:isTransactionFailed(314)) - Got block deletion ACK from datanode, TXIDs=8, success=true
2023-03-23 08:05:29,561 [EventQueue-DeleteBlockStatusForDeletedBlockLogImpl] DEBUG block.DeletedBlockLogImpl (DeletedBlockLogImpl.java:commitTransactions(260)) - Transaction txId=8 commit by dnId=ec9f5457-0109-4da3-8559-48062aace451 for containerID=#8 failed. Corresponding entry not found.
2023-03-23 08:05:29,561 [EventQueue-DeleteBlockStatusForDeletedBlockLogImpl] DEBUG block.DeletedBlockLogImpl (DeletedBlockLogImpl.java:isTransactionFailed(314)) - Got block deletion ACK from datanode, TXIDs=9, success=true
2023-03-23 08:05:29,561 [EventQueue-DeleteBlockStatusForDeletedBlockLogImpl] DEBUG block.DeletedBlockLogImpl (DeletedBlockLogImpl.java:commitTransactions(260)) - Transaction txId=9 commit by dnId=ec9f5457-0109-4da3-8559-48062aace451 for containerID=#9 failed. Corresponding entry not found.
2023-03-23 08:05:29,561 [EventQueue-DeleteBlockStatusForDeletedBlockLogImpl] DEBUG block.DeletedBlockLogImpl (DeletedBlockLogImpl.java:isTransactionFailed(314)) - Got block deletion ACK from datanode, TXIDs=10, success=true
2023-03-23 08:05:29,561 [EventQueue-DeleteBlockStatusForDeletedBlockLogImpl] DEBUG block.DeletedBlockLogImpl (DeletedBlockLogImpl.java:commitTransactions(260)) - Transaction txId=10 commit by dnId=ec9f5457-0109-4da3-8559-48062aace451 for containerID=#10 failed. Corresponding entry not found.
2023-03-23 08:05:29,561 [EventQueue-DeleteBlockStatusForDeletedBlockLogImpl] DEBUG block.DeletedBlockLogImpl (DeletedBlockLogImpl.java:isTransactionFailed(314)) - Got block deletion ACK from datanode, TXIDs=1, success=true
2023-03-23 08:05:29,561 [EventQueue-DeleteBlockStatusForDeletedBlockLogImpl] DEBUG block.DeletedBlockLogImpl (DeletedBlockLogImpl.java:commitTransactions(260)) - Transaction txId=1 commit by dnId=ec9f5457-0109-4da3-8559-48062aace451 for containerID=#1 failed. Corresponding entry not found.
2023-03-23 08:05:29,561 [EventQueue-DeleteBlockStatusForDeletedBlockLogImpl] DEBUG block.DeletedBlockLogImpl (DeletedBlockLogImpl.java:isTransactionFailed(314)) - Got block deletion ACK from datanode, TXIDs=2, success=true
2023-03-23 08:05:29,561 [EventQueue-DeleteBlockStatusForDeletedBlockLogImpl] DEBUG block.DeletedBlockLogImpl (DeletedBlockLogImpl.java:commitTransactions(260)) - Transaction txId=2 commit by dnId=ec9f5457-0109-4da3-8559-48062aace451 for containerID=#2 failed. Corresponding entry not found.
2023-03-23 08:05:29,561 [EventQueue-DeleteBlockStatusForDeletedBlockLogImpl] DEBUG block.DeletedBlockLogImpl (DeletedBlockLogImpl.java:isTransactionFailed(314)) - Got block deletion ACK from datanode, TXIDs=3, success=true
2023-03-23 08:05:29,561 [EventQueue-DeleteBlockStatusForDeletedBlockLogImpl] DEBUG block.DeletedBlockLogImpl (DeletedBlockLogImpl.java:commitTransactions(260)) - Transaction txId=3 commit by dnId=ec9f5457-0109-4da3-8559-48062aace451 for containerID=#3 failed. Corresponding entry not found.
2023-03-23 08:05:29,562 [EventQueue-DeleteBlockStatusForDeletedBlockLogImpl] DEBUG block.DeletedBlockLogImpl (DeletedBlockLogImpl.java:isTransactionFailed(314)) - Got block deletion ACK from datanode, TXIDs=4, success=true
2023-03-23 08:05:29,562 [EventQueue-DeleteBlockStatusForDeletedBlockLogImpl] DEBUG block.DeletedBlockLogImpl (DeletedBlockLogImpl.java:commitTransactions(260)) - Transaction txId=4 commit by dnId=ec9f5457-0109-4da3-8559-48062aace451 for containerID=#4 failed. Corresponding entry not found.
2023-03-23 08:05:29,562 [EventQueue-DeleteBlockStatusForDeletedBlockLogImpl] DEBUG block.DeletedBlockLogImpl (DeletedBlockLogImpl.java:isTransactionFailed(314)) - Got block deletion ACK from datanode, TXIDs=5, success=true
2023-03-23 08:05:29,562 [EventQueue-DeleteBlockStatusForDeletedBlockLogImpl] DEBUG block.DeletedBlockLogImpl (DeletedBlockLogImpl.java:commitTransactions(260)) - Transaction txId=5 commit by dnId=ec9f5457-0109-4da3-8559-48062aace451 for containerID=#5 failed. Corresponding entry not found.
2023-03-23 08:05:29,562 [EventQueue-DeleteBlockStatusForDeletedBlockLogImpl] DEBUG block.DeletedBlockLogImpl (DeletedBlockLogImpl.java:isTransactionFailed(314)) - Got block deletion ACK from datanode, TXIDs=6, success=true
2023-03-23 08:05:29,562 [EventQueue-DeleteBlockStatusForDeletedBlockLogImpl] DEBUG block.DeletedBlockLogImpl (DeletedBlockLogImpl.java:commitTransactions(260)) - Transaction txId=6 commit by dnId=ec9f5457-0109-4da3-8559-48062aace451 for containerID=#6 failed. Corresponding entry not found.
2023-03-23 08:05:29,562 [EventQueue-DeleteBlockStatusForDeletedBlockLogImpl] DEBUG block.DeletedBlockLogImpl (DeletedBlockLogImpl.java:isTransactionFailed(314)) - Got block deletion ACK from datanode, TXIDs=7, success=true
2023-03-23 08:05:29,562 [EventQueue-DeleteBlockStatusForDeletedBlockLogImpl] DEBUG block.DeletedBlockLogImpl (DeletedBlockLogImpl.java:commitTransactions(260)) - Transaction txId=7 commit by dnId=ec9f5457-0109-4da3-8559-48062aace451 for containerID=#7 failed. Corresponding entry not found.
2023-03-23 08:05:29,564 [EventQueue-DeleteBlockStatusForDeletedBlockLogImpl] DEBUG block.DeletedBlockLogImpl (DeletedBlockLogImpl.java:isTransactionFailed(314)) - Got block deletion ACK from datanode, TXIDs=8, success=true
2023-03-23 08:05:29,564 [EventQueue-DeleteBlockStatusForDeletedBlockLogImpl] DEBUG block.DeletedBlockLogImpl (DeletedBlockLogImpl.java:commitTransactions(260)) - Transaction txId=8 commit by dnId=ec9f5457-0109-4da3-8559-48062aace451 for containerID=#8 failed. Corresponding entry not found.
2023-03-23 08:05:29,564 [EventQueue-DeleteBlockStatusForDeletedBlockLogImpl] DEBUG block.DeletedBlockLogImpl (DeletedBlockLogImpl.java:isTransactionFailed(314)) - Got block deletion ACK from datanode, TXIDs=9, success=true
2023-03-23 08:05:29,564 [EventQueue-DeleteBlockStatusForDeletedBlockLogImpl] DEBUG block.DeletedBlockLogImpl (DeletedBlockLogImpl.java:commitTransactions(260)) - Transaction txId=9 commit by dnId=ec9f5457-0109-4da3-8559-48062aace451 for containerID=#9 failed. Corresponding entry not found.
2023-03-23 08:05:29,564 [EventQueue-DeleteBlockStatusForDeletedBlockLogImpl] DEBUG block.DeletedBlockLogImpl (DeletedBlockLogImpl.java:isTransactionFailed(314)) - Got block deletion ACK from datanode, TXIDs=10, success=true
2023-03-23 08:05:29,564 [EventQueue-DeleteBlockStatusForDeletedBlockLogImpl] DEBUG block.DeletedBlockLogImpl (DeletedBlockLogImpl.java:commitTransactions(260)) - Transaction txId=10 commit by dnId=ec9f5457-0109-4da3-8559-48062aace451 for containerID=#10 failed. Corresponding entry not found.
2023-03-23 08:05:29,564 [EventQueue-DeleteBlockStatusForDeletedBlockLogImpl] DEBUG block.DeletedBlockLogImpl (DeletedBlockLogImpl.java:isTransactionFailed(314)) - Got block deletion ACK from datanode, TXIDs=1, success=true
2023-03-23 08:05:29,564 [EventQueue-DeleteBlockStatusForDeletedBlockLogImpl] DEBUG block.DeletedBlockLogImpl (DeletedBlockLogImpl.java:commitTransactions(260)) - Transaction txId=1 commit by dnId=ec9f5457-0109-4da3-8559-48062aace451 for containerID=#1 failed. Corresponding entry not found.
2023-03-23 08:05:29,564 [EventQueue-DeleteBlockStatusForDeletedBlockLogImpl] DEBUG block.DeletedBlockLogImpl (DeletedBlockLogImpl.java:isTransactionFailed(314)) - Got block deletion ACK from datanode, TXIDs=2, success=true
2023-03-23 08:05:29,564 [EventQueue-DeleteBlockStatusForDeletedBlockLogImpl] DEBUG block.DeletedBlockLogImpl (DeletedBlockLogImpl.java:commitTransactions(260)) - Transaction txId=2 commit by dnId=ec9f5457-0109-4da3-8559-48062aace451 for containerID=#2 failed. Corresponding entry not found.
2023-03-23 08:05:29,564 [EventQueue-DeleteBlockStatusForDeletedBlockLogImpl] DEBUG block.DeletedBlockLogImpl (DeletedBlockLogImpl.java:isTransactionFailed(314)) - Got block deletion ACK from datanode, TXIDs=3, success=true
2023-03-23 08:05:29,564 [EventQueue-DeleteBlockStatusForDeletedBlockLogImpl] DEBUG block.DeletedBlockLogImpl (DeletedBlockLogImpl.java:commitTransactions(260)) - Transaction txId=3 commit by dnId=ec9f5457-0109-4da3-8559-48062aace451 for containerID=#3 failed. Corresponding entry not found.
2023-03-23 08:05:29,564 [EventQueue-DeleteBlockStatusForDeletedBlockLogImpl] DEBUG block.DeletedBlockLogImpl (DeletedBlockLogImpl.java:isTransactionFailed(314)) - Got block deletion ACK from datanode, TXIDs=4, success=true
2023-03-23 08:05:29,564 [EventQueue-DeleteBlockStatusForDeletedBlockLogImpl] DEBUG block.DeletedBlockLogImpl (DeletedBlockLogImpl.java:commitTransactions(260)) - Transaction txId=4 commit by dnId=ec9f5457-0109-4da3-8559-48062aace451 for containerID=#4 failed. Corresponding entry not found.
2023-03-23 08:05:29,564 [EventQueue-DeleteBlockStatusForDeletedBlockLogImpl] DEBUG block.DeletedBlockLogImpl (DeletedBlockLogImpl.java:isTransactionFailed(314)) - Got block deletion ACK from datanode, TXIDs=5, success=true
2023-03-23 08:05:29,564 [EventQueue-DeleteBlockStatusForDeletedBlockLogImpl] DEBUG block.DeletedBlockLogImpl (DeletedBlockLogImpl.java:commitTransactions(260)) - Transaction txId=5 commit by dnId=ec9f5457-0109-4da3-8559-48062aace451 for containerID=#5 failed. Corresponding entry not found.
2023-03-23 08:05:29,564 [EventQueue-DeleteBlockStatusForDeletedBlockLogImpl] DEBUG block.DeletedBlockLogImpl (DeletedBlockLogImpl.java:isTransactionFailed(314)) - Got block deletion ACK from datanode, TXIDs=6, success=true
2023-03-23 08:05:29,564 [EventQueue-DeleteBlockStatusForDeletedBlockLogImpl] DEBUG block.DeletedBlockLogImpl (DeletedBlockLogImpl.java:commitTransactions(260)) - Transaction txId=6 commit by dnId=ec9f5457-0109-4da3-8559-48062aace451 for containerID=#6 failed. Corresponding entry not found.
2023-03-23 08:05:29,564 [EventQueue-DeleteBlockStatusForDeletedBlockLogImpl] DEBUG block.DeletedBlockLogImpl (DeletedBlockLogImpl.java:isTransactionFailed(314)) - Got block deletion ACK from datanode, TXIDs=7, success=true
2023-03-23 08:05:29,564 [EventQueue-DeleteBlockStatusForDeletedBlockLogImpl] DEBUG block.DeletedBlockLogImpl (DeletedBlockLogImpl.java:commitTransactions(260)) - Transaction txId=7 commit by dnId=ec9f5457-0109-4da3-8559-48062aace451 for containerID=#7 failed. Corresponding entry not found.
2023-03-23 08:05:29,564 [EventQueue-DeleteBlockStatusForDeletedBlockLogImpl] DEBUG block.DeletedBlockLogImpl (DeletedBlockLogImpl.java:isTransactionFailed(314)) - Got block deletion ACK from datanode, TXIDs=8, success=true
2023-03-23 08:05:29,564 [EventQueue-DeleteBlockStatusForDeletedBlockLogImpl] DEBUG block.DeletedBlockLogImpl (DeletedBlockLogImpl.java:commitTransactions(260)) - Transaction txId=8 commit by dnId=ec9f5457-0109-4da3-8559-48062aace451 for containerID=#8 failed. Corresponding entry not found.
2023-03-23 08:05:29,564 [EventQueue-DeleteBlockStatusForDeletedBlockLogImpl] DEBUG block.DeletedBlockLogImpl (DeletedBlockLogImpl.java:isTransactionFailed(314)) - Got block deletion ACK from datanode, TXIDs=9, success=true
2023-03-23 08:05:29,564 [EventQueue-DeleteBlockStatusForDeletedBlockLogImpl] DEBUG block.DeletedBlockLogImpl (DeletedBlockLogImpl.java:commitTransactions(260)) - Transaction txId=9 commit by dnId=ec9f5457-0109-4da3-8559-48062aace451 for containerID=#9 failed. Corresponding entry not found.
2023-03-23 08:05:29,564 [EventQueue-DeleteBlockStatusForDeletedBlockLogImpl] DEBUG block.DeletedBlockLogImpl (DeletedBlockLogImpl.java:isTransactionFailed(314)) - Got block deletion ACK from datanode, TXIDs=10, success=true
2023-03-23 08:05:29,564 [EventQueue-DeleteBlockStatusForDeletedBlockLogImpl] DEBUG block.DeletedBlockLogImpl (DeletedBlockLogImpl.java:commitTransactions(260)) - Transaction txId=10 commit by dnId=ec9f5457-0109-4da3-8559-48062aace451 for containerID=#10 failed. Corresponding entry not found.
2023-03-23 08:05:29,567 [BlockDeletingService#8] INFO  interfaces.ContainerDeletionChoosingPolicyTemplate (ContainerDeletionChoosingPolicyTemplate.java:chooseContainerForBlockDeletion(83)) - Chosen 0/5000 blocks from 0 candidate containers.
2023-03-23 08:05:29,584 [BlockDeletingService#4] INFO  interfaces.ContainerDeletionChoosingPolicyTemplate (ContainerDeletionChoosingPolicyTemplate.java:chooseContainerForBlockDeletion(83)) - Chosen 0/5000 blocks from 0 candidate containers.
2023-03-23 08:05:29,601 [BlockDeletingService#5] INFO  interfaces.ContainerDeletionChoosingPolicyTemplate (ContainerDeletionChoosingPolicyTemplate.java:chooseContainerForBlockDeletion(83)) - Chosen 0/5000 blocks from 0 candidate containers.
Block deletion costs 2823ms
2023-03-23 08:05:29,630 [SCMBlockDeletingService#0] DEBUG block.SCMBlockDeletingService (SCMBlockDeletingService.java:call(136)) - Running DeletedBlockTransactionScanner
2023-03-23 08:05:29,631 [Listener at 127.0.0.1/41453] INFO  ozone.MiniOzoneClusterImpl (MiniOzoneClusterImpl.java:shutdown(455)) - Shutting down the Mini Ozone Cluster
2023-03-23 08:05:29,631 [Listener at 127.0.0.1/41453] INFO  ozone.MiniOzoneClusterImpl (MiniOzoneClusterImpl.java:stop(471)) - Stopping the Mini Ozone Cluster
2023-03-23 08:05:29,631 [Listener at 127.0.0.1/41453] INFO  ozone.MiniOzoneClusterImpl (MiniOzoneClusterImpl.java:stopOM(553)) - Stopping the OzoneManager
2023-03-23 08:05:29,632 [Listener at 127.0.0.1/41453] INFO  om.OzoneManager (OzoneManager.java:stop(2155)) - om1[localhost:0]: Stopping Ozone Manager
2023-03-23 08:05:29,632 [Listener at 127.0.0.1/41453] INFO  ipc.Server (Server.java:stop(3428)) - Stopping server on 41453
2023-03-23 08:05:29,638 [IPC Server Responder] INFO  ipc.Server (Server.java:run(1517)) - Stopping IPC Server Responder
2023-03-23 08:05:29,639 [IPC Server listener on 0] INFO  ipc.Server (Server.java:run(1384)) - Stopping IPC Server listener on 0
2023-03-23 08:05:29,641 [Listener at 127.0.0.1/41453] INFO  server.RaftServer (RaftServerProxy.java:lambda$close$6(409)) - om1: close
2023-03-23 08:05:29,642 [om1-impl-thread1] INFO  server.RaftServer$Division (RaftServerImpl.java:lambda$close$4(458)) - om1@group-C5BA1605619E: shutdown
2023-03-23 08:05:29,642 [om1-impl-thread1] INFO  util.JmxRegister (JmxRegister.java:unregister(73)) - Successfully un-registered JMX Bean with object name Ratis:service=RaftServer,group=group-C5BA1605619E,id=om1
2023-03-23 08:05:29,642 [om1-impl-thread1] INFO  impl.RoleInfo (RoleInfo.java:shutdownLeaderState(93)) - om1: shutdown om1@group-C5BA1605619E-LeaderStateImpl
2023-03-23 08:05:29,642 [om1-impl-thread1] INFO  impl.PendingRequests (PendingRequests.java:sendNotLeaderResponses(282)) - om1@group-C5BA1605619E-PendingRequests: sendNotLeaderResponses
2023-03-23 08:05:29,642 [Listener at 127.0.0.1/41453] INFO  server.GrpcService (GrpcService.java:closeImpl(271)) - om1: shutdown server GrpcServerProtocolService now
2023-03-23 08:05:29,649 [om1-impl-thread1] INFO  impl.StateMachineUpdater (StateMachineUpdater.java:stopAndJoin(153)) - om1@group-C5BA1605619E-StateMachineUpdater: set stopIndex = 66
2023-03-23 08:05:29,649 [om1@group-C5BA1605619E-StateMachineUpdater] INFO  ratis.OzoneManagerStateMachine (OzoneManagerStateMachine.java:takeSnapshot(445)) - Current Snapshot Index (t:1, i:66)
2023-03-23 08:05:29,657 [Listener at 127.0.0.1/41453] INFO  server.GrpcService (GrpcService.java:closeImpl(280)) - om1: shutdown server GrpcServerProtocolService successfully
2023-03-23 08:05:29,667 [BlockDeletingService#8] INFO  interfaces.ContainerDeletionChoosingPolicyTemplate (ContainerDeletionChoosingPolicyTemplate.java:chooseContainerForBlockDeletion(83)) - Chosen 0/5000 blocks from 0 candidate containers.
2023-03-23 08:05:29,684 [BlockDeletingService#4] INFO  interfaces.ContainerDeletionChoosingPolicyTemplate (ContainerDeletionChoosingPolicyTemplate.java:chooseContainerForBlockDeletion(83)) - Chosen 0/5000 blocks from 0 candidate containers.
2023-03-23 08:05:29,687 [om1@group-C5BA1605619E-StateMachineUpdater] INFO  impl.StateMachineUpdater (StateMachineUpdater.java:takeSnapshot(287)) - om1@group-C5BA1605619E-StateMachineUpdater: Took a snapshot at index 66
2023-03-23 08:05:29,687 [om1@group-C5BA1605619E-StateMachineUpdater] INFO  impl.StateMachineUpdater (StateMachineUpdater.java:lambda$new$0(92)) - om1@group-C5BA1605619E-StateMachineUpdater: snapshotIndex: updateIncreasingly -1 -> 66
2023-03-23 08:05:29,688 [om1@group-C5BA1605619E-StateMachineUpdater] INFO  ratis.OzoneManagerStateMachine (OzoneManagerStateMachine.java:close(499)) - StateMachine has shutdown. Shutdown OzoneManager if not already shutdown.
2023-03-23 08:05:29,688 [om1@group-C5BA1605619E-StateMachineUpdater] INFO  ratis.OzoneManagerDoubleBuffer (OzoneManagerDoubleBuffer.java:stopDaemon(540)) - Stopping OMDoubleBuffer flush thread
2023-03-23 08:05:29,688 [OMDoubleBufferFlushThread] INFO  ratis.OzoneManagerDoubleBuffer (OzoneManagerDoubleBuffer.java:canFlush(625)) - OMDoubleBuffer flush thread OMDoubleBufferFlushThread is interrupted and will exit.
2023-03-23 08:05:29,689 [om1-impl-thread1] INFO  server.RaftServer$Division (ServerState.java:close(466)) - om1@group-C5BA1605619E: closes. applyIndex: 66
2023-03-23 08:05:29,690 [om1@group-C5BA1605619E-SegmentedRaftLogWorker] INFO  segmented.SegmentedRaftLogWorker (SegmentedRaftLogWorker.java:run(347)) - om1@group-C5BA1605619E-SegmentedRaftLogWorker was interrupted, exiting. There are 0 tasks remaining in the queue.
2023-03-23 08:05:29,695 [om1-impl-thread1] INFO  segmented.SegmentedRaftLogWorker (SegmentedRaftLogWorker.java:close(257)) - om1@group-C5BA1605619E-SegmentedRaftLogWorker close()
2023-03-23 08:05:29,698 [JvmPauseMonitor0] INFO  util.JvmPauseMonitor (JvmPauseMonitor.java:run(111)) - JvmPauseMonitor-om1: Stopped
2023-03-23 08:05:29,698 [Listener at 127.0.0.1/41453] INFO  ratis.OzoneManagerStateMachine (OzoneManagerStateMachine.java:close(499)) - StateMachine has shutdown. Shutdown OzoneManager if not already shutdown.
2023-03-23 08:05:29,698 [Listener at 127.0.0.1/41453] INFO  ratis.OzoneManagerDoubleBuffer (OzoneManagerDoubleBuffer.java:stopDaemon(549)) - OMDoubleBuffer flush thread is not running.
2023-03-23 08:05:29,699 [Listener at 127.0.0.1/41453] INFO  utils.BackgroundService (BackgroundService.java:shutdown(141)) - Shutting down service KeyDeletingService
2023-03-23 08:05:29,700 [Listener at 127.0.0.1/41453] INFO  utils.BackgroundService (BackgroundService.java:shutdown(141)) - Shutting down service DirectoryDeletingService
2023-03-23 08:05:29,701 [Listener at 127.0.0.1/41453] INFO  utils.BackgroundService (BackgroundService.java:shutdown(141)) - Shutting down service OpenKeyCleanupService
2023-03-23 08:05:29,701 [Listener at 127.0.0.1/41453] INFO  utils.BackgroundService (BackgroundService.java:shutdown(141)) - Shutting down service SstFilteringService
2023-03-23 08:05:29,701 [Listener at 127.0.0.1/41453] INFO  utils.BackgroundService (BackgroundService.java:shutdown(141)) - Shutting down service SnapshotDeletingService
2023-03-23 08:05:29,701 [BlockDeletingService#5] INFO  interfaces.ContainerDeletionChoosingPolicyTemplate (ContainerDeletionChoosingPolicyTemplate.java:chooseContainerForBlockDeletion(83)) - Chosen 0/5000 blocks from 0 candidate containers.
2023-03-23 08:05:29,704 [Listener at 127.0.0.1/41453] INFO  handler.ContextHandler (ContextHandler.java:doStop(1159)) - Stopped o.e.j.w.WebAppContext@5ad07e46{ozoneManager,/,null,STOPPED}{file:/home/runner/work/ozone/ozone/hadoop-ozone/integration-test/target/test-classes/webapps/ozoneManager}
2023-03-23 08:05:29,708 [Listener at 127.0.0.1/41453] INFO  server.AbstractConnector (AbstractConnector.java:doStop(383)) - Stopped ServerConnector@44517251{HTTP/1.1, (http/1.1)}{0.0.0.0:0}
2023-03-23 08:05:29,709 [Listener at 127.0.0.1/41453] INFO  server.session (HouseKeeper.java:stopScavenging(149)) - node0 Stopped scavenging
2023-03-23 08:05:29,709 [Listener at 127.0.0.1/41453] INFO  handler.ContextHandler (ContextHandler.java:doStop(1159)) - Stopped o.e.j.s.ServletContextHandler@13de9510{static,/static,file:///home/runner/work/ozone/ozone/hadoop-ozone/integration-test/target/test-classes/webapps/static,STOPPED}
2023-03-23 08:05:29,709 [Listener at 127.0.0.1/41453] INFO  handler.ContextHandler (ContextHandler.java:doStop(1159)) - Stopped o.e.j.s.ServletContextHandler@79251dae{logs,/logs,file:///home/runner/work/ozone/ozone/hadoop-ozone/integration-test/target/log,STOPPED}
2023-03-23 08:05:29,716 [Listener at 127.0.0.1/41453] INFO  ozone.MiniOzoneClusterImpl (MiniOzoneClusterImpl.java:stopDatanodes(530)) - Stopping the HddsDatanodes
2023-03-23 08:05:29,722 [ForkJoinPool.commonPool-worker-1] INFO  ozoneimpl.OzoneContainer (OzoneContainer.java:stop(423)) - Attempting to stop container services.
2023-03-23 08:05:29,725 [ForkJoinPool.commonPool-worker-1] INFO  server.RaftServer (RaftServerProxy.java:lambda$close$6(409)) - ec9f5457-0109-4da3-8559-48062aace451: close
2023-03-23 08:05:29,725 [ec9f5457-0109-4da3-8559-48062aace451-impl-thread1] INFO  server.RaftServer$Division (RaftServerImpl.java:lambda$close$4(458)) - ec9f5457-0109-4da3-8559-48062aace451@group-73B28A97E70D: shutdown
2023-03-23 08:05:29,725 [ec9f5457-0109-4da3-8559-48062aace451-impl-thread1] INFO  util.JmxRegister (JmxRegister.java:unregister(73)) - Successfully un-registered JMX Bean with object name Ratis:service=RaftServer,group=group-73B28A97E70D,id=ec9f5457-0109-4da3-8559-48062aace451
2023-03-23 08:05:29,725 [ec9f5457-0109-4da3-8559-48062aace451-impl-thread1] INFO  impl.RoleInfo (RoleInfo.java:shutdownLeaderState(93)) - ec9f5457-0109-4da3-8559-48062aace451: shutdown ec9f5457-0109-4da3-8559-48062aace451@group-73B28A97E70D-LeaderStateImpl
2023-03-23 08:05:29,725 [ec9f5457-0109-4da3-8559-48062aace451-impl-thread1] INFO  impl.PendingRequests (PendingRequests.java:sendNotLeaderResponses(282)) - ec9f5457-0109-4da3-8559-48062aace451@group-73B28A97E70D-PendingRequests: sendNotLeaderResponses
2023-03-23 08:05:29,725 [ec9f5457-0109-4da3-8559-48062aace451@group-73B28A97E70D->82a30c81-a10a-4a6a-ae9d-f1f427ed9001-GrpcLogAppender-LogAppenderDaemon] WARN  server.GrpcLogAppender (GrpcLogAppender.java:mayWait(200)) - ec9f5457-0109-4da3-8559-48062aace451@group-73B28A97E70D->82a30c81-a10a-4a6a-ae9d-f1f427ed9001-GrpcLogAppender: Wait interrupted by java.lang.InterruptedException
2023-03-23 08:05:29,730 [SCMBlockDeletingService#0] DEBUG block.SCMBlockDeletingService (SCMBlockDeletingService.java:call(136)) - Running DeletedBlockTransactionScanner
2023-03-23 08:05:29,730 [ForkJoinPool.commonPool-worker-1] INFO  server.GrpcService (GrpcService.java:closeImpl(271)) - ec9f5457-0109-4da3-8559-48062aace451: shutdown server GrpcServerProtocolService now
2023-03-23 08:05:29,725 [ec9f5457-0109-4da3-8559-48062aace451@group-73B28A97E70D->7171cd95-6b54-4876-a08e-c51c27c3dd43-GrpcLogAppender-LogAppenderDaemon] WARN  server.GrpcLogAppender (GrpcLogAppender.java:mayWait(200)) - ec9f5457-0109-4da3-8559-48062aace451@group-73B28A97E70D->7171cd95-6b54-4876-a08e-c51c27c3dd43-GrpcLogAppender: Wait interrupted by java.lang.InterruptedException
2023-03-23 08:05:29,732 [grpc-default-executor-1] INFO  server.GrpcServerProtocolService (GrpcServerProtocolService.java:onCompleted(143)) - 82a30c81-a10a-4a6a-ae9d-f1f427ed9001: Completed APPEND_ENTRIES, lastRequest: null
2023-03-23 08:05:29,732 [grpc-default-executor-3] INFO  server.GrpcServerProtocolService (GrpcServerProtocolService.java:onCompleted(143)) - 7171cd95-6b54-4876-a08e-c51c27c3dd43: Completed APPEND_ENTRIES, lastRequest: null
2023-03-23 08:05:29,732 [grpc-default-executor-0] INFO  server.GrpcServerProtocolService (GrpcServerProtocolService.java:onCompleted(143)) - 82a30c81-a10a-4a6a-ae9d-f1f427ed9001: Completed APPEND_ENTRIES, lastRequest: ec9f5457-0109-4da3-8559-48062aace451->82a30c81-a10a-4a6a-ae9d-f1f427ed9001#251-t1,previous=(t:1, i:57),leaderCommit=57,initializing? true,entries: size=1, first=(t:1, i:58), METADATAENTRY(c:57)
2023-03-23 08:05:29,732 [grpc-default-executor-2] INFO  server.GrpcServerProtocolService (GrpcServerProtocolService.java:onCompleted(143)) - 7171cd95-6b54-4876-a08e-c51c27c3dd43: Completed APPEND_ENTRIES, lastRequest: ec9f5457-0109-4da3-8559-48062aace451->7171cd95-6b54-4876-a08e-c51c27c3dd43#268-t1,previous=(t:1, i:57),leaderCommit=57,initializing? true,entries: size=1, first=(t:1, i:58), METADATAENTRY(c:57)
2023-03-23 08:05:29,733 [grpc-default-executor-2] INFO  server.GrpcLogAppender (GrpcLogAppender.java:onCompleted(415)) - ec9f5457-0109-4da3-8559-48062aace451@group-73B28A97E70D->7171cd95-6b54-4876-a08e-c51c27c3dd43-AppendLogResponseHandler: follower responses appendEntries COMPLETED
2023-03-23 08:05:29,733 [Listener at 127.0.0.1/41453] INFO  ozoneimpl.OzoneContainer (OzoneContainer.java:stop(423)) - Attempting to stop container services.
2023-03-23 08:05:29,734 [grpc-default-executor-2] INFO  leader.FollowerInfo (FollowerInfoImpl.java:lambda$new$0(48)) - ec9f5457-0109-4da3-8559-48062aace451@group-73B28A97E70D->7171cd95-6b54-4876-a08e-c51c27c3dd43: nextIndex: updateUnconditionally 59 -> 58
2023-03-23 08:05:29,736 [ec9f5457-0109-4da3-8559-48062aace451-impl-thread1] INFO  impl.StateMachineUpdater (StateMachineUpdater.java:stopAndJoin(153)) - ec9f5457-0109-4da3-8559-48062aace451@group-73B28A97E70D-StateMachineUpdater: set stopIndex = 58
2023-03-23 08:05:29,736 [ec9f5457-0109-4da3-8559-48062aace451@group-73B28A97E70D-StateMachineUpdater] INFO  ratis.ContainerStateMachine (ContainerStateMachine.java:takeSnapshot(330)) - group-73B28A97E70D: Taking a snapshot at:(t:1, i:58) file /home/runner/work/ozone/ozone/hadoop-ozone/integration-test/target/test-dir/MiniOzoneClusterImpl-2db357e6-2bf9-484c-8f04-13a4732d1f27/datanode-0/data/ratis/08a2e989-e49a-407a-8739-73b28a97e70d/sm/snapshot.1_58
2023-03-23 08:05:29,738 [ForkJoinPool.commonPool-worker-1] INFO  server.GrpcServerProtocolClient (GrpcServerProtocolClient.java:close(101)) - 7171cd95-6b54-4876-a08e-c51c27c3dd43 Close channels
2023-03-23 08:05:29,745 [grpc-default-executor-1] INFO  server.GrpcLogAppender (GrpcLogAppender.java:onCompleted(415)) - ec9f5457-0109-4da3-8559-48062aace451@group-73B28A97E70D->7171cd95-6b54-4876-a08e-c51c27c3dd43-AppendLogResponseHandler: follower responses appendEntries COMPLETED
2023-03-23 08:05:29,746 [grpc-default-executor-1] WARN  server.GrpcLogAppender (GrpcLogAppender.java:resetClient(137)) - ec9f5457-0109-4da3-8559-48062aace451@group-73B28A97E70D->7171cd95-6b54-4876-a08e-c51c27c3dd43-GrpcLogAppender: Failed to getClient for 7171cd95-6b54-4876-a08e-c51c27c3dd43
org.apache.ratis.protocol.exceptions.AlreadyClosedException: ec9f5457-0109-4da3-8559-48062aace451 is already CLOSED
	at org.apache.ratis.util.PeerProxyMap$PeerAndProxy.getProxy(PeerProxyMap.java:61)
	at org.apache.ratis.util.PeerProxyMap.getProxy(PeerProxyMap.java:115)
	at org.apache.ratis.grpc.server.GrpcLogAppender.getClient(GrpcLogAppender.java:116)
	at org.apache.ratis.grpc.server.GrpcLogAppender.resetClient(GrpcLogAppender.java:121)
	at org.apache.ratis.grpc.server.GrpcLogAppender.access$500(GrpcLogAppender.java:58)
	at org.apache.ratis.grpc.server.GrpcLogAppender$AppendLogResponseHandler.onCompleted(GrpcLogAppender.java:416)
	at org.apache.ratis.thirdparty.io.grpc.stub.ClientCalls$StreamObserverToCallListenerAdapter.onClose(ClientCalls.java:485)
	at org.apache.ratis.thirdparty.io.grpc.internal.ClientCallImpl.closeObserver(ClientCallImpl.java:562)
	at org.apache.ratis.thirdparty.io.grpc.internal.ClientCallImpl.access$300(ClientCallImpl.java:70)
	at org.apache.ratis.thirdparty.io.grpc.internal.ClientCallImpl$ClientStreamListenerImpl$1StreamClosed.runInternal(ClientCallImpl.java:743)
	at org.apache.ratis.thirdparty.io.grpc.internal.ClientCallImpl$ClientStreamListenerImpl$1StreamClosed.runInContext(ClientCallImpl.java:722)
	at org.apache.ratis.thirdparty.io.grpc.internal.ContextRunnable.run(ContextRunnable.java:37)
	at org.apache.ratis.thirdparty.io.grpc.internal.SerializingExecutor.run(SerializingExecutor.java:133)
	at java.util.concurrent.ThreadPoolExecutor.runWorker(ThreadPoolExecutor.java:1149)
	at java.util.concurrent.ThreadPoolExecutor$Worker.run(ThreadPoolExecutor.java:624)
	at java.lang.Thread.run(Thread.java:750)
2023-03-23 08:05:29,750 [grpc-default-executor-2] INFO  server.GrpcLogAppender (GrpcLogAppender.java:onCompleted(415)) - ec9f5457-0109-4da3-8559-48062aace451@group-73B28A97E70D->82a30c81-a10a-4a6a-ae9d-f1f427ed9001-AppendLogResponseHandler: follower responses appendEntries COMPLETED
2023-03-23 08:05:29,750 [grpc-default-executor-2] INFO  leader.FollowerInfo (FollowerInfoImpl.java:lambda$new$0(48)) - ec9f5457-0109-4da3-8559-48062aace451@group-73B28A97E70D->82a30c81-a10a-4a6a-ae9d-f1f427ed9001: nextIndex: updateUnconditionally 59 -> 58
2023-03-23 08:05:29,751 [Listener at 127.0.0.1/41453] INFO  server.RaftServer (RaftServerProxy.java:lambda$close$6(409)) - 82a30c81-a10a-4a6a-ae9d-f1f427ed9001: close
2023-03-23 08:05:29,751 [Listener at 127.0.0.1/41453] INFO  server.GrpcService (GrpcService.java:closeImpl(271)) - 82a30c81-a10a-4a6a-ae9d-f1f427ed9001: shutdown server GrpcServerProtocolService now
2023-03-23 08:05:29,751 [82a30c81-a10a-4a6a-ae9d-f1f427ed9001-impl-thread1] INFO  server.RaftServer$Division (RaftServerImpl.java:lambda$close$4(458)) - 82a30c81-a10a-4a6a-ae9d-f1f427ed9001@group-73B28A97E70D: shutdown
2023-03-23 08:05:29,752 [grpc-default-executor-4] INFO  server.GrpcLogAppender (GrpcLogAppender.java:onCompleted(415)) - ec9f5457-0109-4da3-8559-48062aace451@group-73B28A97E70D->82a30c81-a10a-4a6a-ae9d-f1f427ed9001-AppendLogResponseHandler: follower responses appendEntries COMPLETED
2023-03-23 08:05:29,752 [82a30c81-a10a-4a6a-ae9d-f1f427ed9001-impl-thread1] INFO  util.JmxRegister (JmxRegister.java:unregister(73)) - Successfully un-registered JMX Bean with object name Ratis:service=RaftServer,group=group-73B28A97E70D,id=82a30c81-a10a-4a6a-ae9d-f1f427ed9001
2023-03-23 08:05:29,754 [grpc-default-executor-4] INFO  leader.FollowerInfo (FollowerInfoImpl.java:lambda$new$0(48)) - ec9f5457-0109-4da3-8559-48062aace451@group-73B28A97E70D->82a30c81-a10a-4a6a-ae9d-f1f427ed9001: nextIndex: updateUnconditionally 58 -> 57
2023-03-23 08:05:29,754 [82a30c81-a10a-4a6a-ae9d-f1f427ed9001-impl-thread1] INFO  impl.RoleInfo (RoleInfo.java:shutdownFollowerState(110)) - 82a30c81-a10a-4a6a-ae9d-f1f427ed9001: shutdown 82a30c81-a10a-4a6a-ae9d-f1f427ed9001@group-73B28A97E70D-FollowerState
2023-03-23 08:05:29,754 [82a30c81-a10a-4a6a-ae9d-f1f427ed9001-impl-thread1] INFO  impl.StateMachineUpdater (StateMachineUpdater.java:stopAndJoin(153)) - 82a30c81-a10a-4a6a-ae9d-f1f427ed9001@group-73B28A97E70D-StateMachineUpdater: set stopIndex = 58
2023-03-23 08:05:29,755 [82a30c81-a10a-4a6a-ae9d-f1f427ed9001@group-73B28A97E70D-StateMachineUpdater] INFO  ratis.ContainerStateMachine (ContainerStateMachine.java:takeSnapshot(330)) - group-73B28A97E70D: Taking a snapshot at:(t:1, i:58) file /home/runner/work/ozone/ozone/hadoop-ozone/integration-test/target/test-dir/MiniOzoneClusterImpl-2db357e6-2bf9-484c-8f04-13a4732d1f27/datanode-1/data/ratis/08a2e989-e49a-407a-8739-73b28a97e70d/sm/snapshot.1_58
2023-03-23 08:05:29,754 [82a30c81-a10a-4a6a-ae9d-f1f427ed9001@group-73B28A97E70D-FollowerState] INFO  impl.FollowerState (FollowerState.java:run(152)) - 82a30c81-a10a-4a6a-ae9d-f1f427ed9001@group-73B28A97E70D-FollowerState was interrupted
2023-03-23 08:05:29,761 [ForkJoinPool.commonPool-worker-1] INFO  server.GrpcServerProtocolClient (GrpcServerProtocolClient.java:close(101)) - 82a30c81-a10a-4a6a-ae9d-f1f427ed9001 Close channels
2023-03-23 08:05:29,763 [Listener at 127.0.0.1/41453] INFO  server.GrpcService (GrpcService.java:closeImpl(280)) - 82a30c81-a10a-4a6a-ae9d-f1f427ed9001: shutdown server GrpcServerProtocolService successfully
2023-03-23 08:05:29,763 [82a30c81-a10a-4a6a-ae9d-f1f427ed9001-NettyServerStreamRpc-bossGroup--thread1] INFO  logging.LoggingHandler (AbstractInternalLogger.java:log(148)) - [id: 0xa8d20bd7, L:/0:0:0:0:0:0:0:0:34443] CLOSE
2023-03-23 08:05:29,763 [82a30c81-a10a-4a6a-ae9d-f1f427ed9001-NettyServerStreamRpc-bossGroup--thread1] INFO  logging.LoggingHandler (AbstractInternalLogger.java:log(148)) - [id: 0xa8d20bd7, L:/0:0:0:0:0:0:0:0:34443] INACTIVE
2023-03-23 08:05:29,763 [82a30c81-a10a-4a6a-ae9d-f1f427ed9001-NettyServerStreamRpc-bossGroup--thread1] INFO  logging.LoggingHandler (AbstractInternalLogger.java:log(148)) - [id: 0xa8d20bd7, L:/0:0:0:0:0:0:0:0:34443] UNREGISTERED
2023-03-23 08:05:29,767 [BlockDeletingService#8] INFO  interfaces.ContainerDeletionChoosingPolicyTemplate (ContainerDeletionChoosingPolicyTemplate.java:chooseContainerForBlockDeletion(83)) - Chosen 0/5000 blocks from 0 candidate containers.
2023-03-23 08:05:29,784 [BlockDeletingService#4] INFO  interfaces.ContainerDeletionChoosingPolicyTemplate (ContainerDeletionChoosingPolicyTemplate.java:chooseContainerForBlockDeletion(83)) - Chosen 0/5000 blocks from 0 candidate containers.
2023-03-23 08:05:29,785 [ForkJoinPool.commonPool-worker-1] INFO  server.GrpcService (GrpcService.java:closeImpl(280)) - ec9f5457-0109-4da3-8559-48062aace451: shutdown server GrpcServerProtocolService successfully
2023-03-23 08:05:29,786 [ec9f5457-0109-4da3-8559-48062aace451-NettyServerStreamRpc-bossGroup--thread1] INFO  logging.LoggingHandler (AbstractInternalLogger.java:log(148)) - [id: 0x83fb9a0f, L:/0:0:0:0:0:0:0:0:45841] CLOSE
2023-03-23 08:05:29,786 [ec9f5457-0109-4da3-8559-48062aace451-NettyServerStreamRpc-bossGroup--thread1] INFO  logging.LoggingHandler (AbstractInternalLogger.java:log(148)) - [id: 0x83fb9a0f, L:/0:0:0:0:0:0:0:0:45841] INACTIVE
2023-03-23 08:05:29,786 [ec9f5457-0109-4da3-8559-48062aace451-NettyServerStreamRpc-bossGroup--thread1] INFO  logging.LoggingHandler (AbstractInternalLogger.java:log(148)) - [id: 0x83fb9a0f, L:/0:0:0:0:0:0:0:0:45841] UNREGISTERED
2023-03-23 08:05:29,802 [BlockDeletingService#5] INFO  interfaces.ContainerDeletionChoosingPolicyTemplate (ContainerDeletionChoosingPolicyTemplate.java:chooseContainerForBlockDeletion(83)) - Chosen 0/5000 blocks from 0 candidate containers.
2023-03-23 08:05:29,809 [82a30c81-a10a-4a6a-ae9d-f1f427ed9001@group-73B28A97E70D-StateMachineUpdater] INFO  ratis.ContainerStateMachine (ContainerStateMachine.java:takeSnapshot(341)) - group-73B28A97E70D: Finished taking a snapshot at:(t:1, i:58) file:/home/runner/work/ozone/ozone/hadoop-ozone/integration-test/target/test-dir/MiniOzoneClusterImpl-2db357e6-2bf9-484c-8f04-13a4732d1f27/datanode-1/data/ratis/08a2e989-e49a-407a-8739-73b28a97e70d/sm/snapshot.1_58 took: 55 ms
2023-03-23 08:05:29,811 [ec9f5457-0109-4da3-8559-48062aace451@group-73B28A97E70D-StateMachineUpdater] INFO  ratis.ContainerStateMachine (ContainerStateMachine.java:takeSnapshot(341)) - group-73B28A97E70D: Finished taking a snapshot at:(t:1, i:58) file:/home/runner/work/ozone/ozone/hadoop-ozone/integration-test/target/test-dir/MiniOzoneClusterImpl-2db357e6-2bf9-484c-8f04-13a4732d1f27/datanode-0/data/ratis/08a2e989-e49a-407a-8739-73b28a97e70d/sm/snapshot.1_58 took: 75 ms
2023-03-23 08:05:29,811 [82a30c81-a10a-4a6a-ae9d-f1f427ed9001@group-73B28A97E70D-StateMachineUpdater] INFO  impl.StateMachineUpdater (StateMachineUpdater.java:takeSnapshot(287)) - 82a30c81-a10a-4a6a-ae9d-f1f427ed9001@group-73B28A97E70D-StateMachineUpdater: Took a snapshot at index 58
2023-03-23 08:05:29,811 [82a30c81-a10a-4a6a-ae9d-f1f427ed9001@group-73B28A97E70D-StateMachineUpdater] INFO  impl.StateMachineUpdater (StateMachineUpdater.java:lambda$new$0(92)) - 82a30c81-a10a-4a6a-ae9d-f1f427ed9001@group-73B28A97E70D-StateMachineUpdater: snapshotIndex: updateIncreasingly -1 -> 58
2023-03-23 08:05:29,811 [ec9f5457-0109-4da3-8559-48062aace451@group-73B28A97E70D-StateMachineUpdater] INFO  impl.StateMachineUpdater (StateMachineUpdater.java:takeSnapshot(287)) - ec9f5457-0109-4da3-8559-48062aace451@group-73B28A97E70D-StateMachineUpdater: Took a snapshot at index 58
2023-03-23 08:05:29,811 [ec9f5457-0109-4da3-8559-48062aace451@group-73B28A97E70D-StateMachineUpdater] INFO  impl.StateMachineUpdater (StateMachineUpdater.java:lambda$new$0(92)) - ec9f5457-0109-4da3-8559-48062aace451@group-73B28A97E70D-StateMachineUpdater: snapshotIndex: updateIncreasingly -1 -> 58
2023-03-23 08:05:29,815 [ec9f5457-0109-4da3-8559-48062aace451-impl-thread1] INFO  server.RaftServer$Division (ServerState.java:close(466)) - ec9f5457-0109-4da3-8559-48062aace451@group-73B28A97E70D: closes. applyIndex: 58
2023-03-23 08:05:29,815 [ec9f5457-0109-4da3-8559-48062aace451@group-73B28A97E70D-SegmentedRaftLogWorker] INFO  segmented.SegmentedRaftLogWorker (SegmentedRaftLogWorker.java:run(347)) - ec9f5457-0109-4da3-8559-48062aace451@group-73B28A97E70D-SegmentedRaftLogWorker was interrupted, exiting. There are 0 tasks remaining in the queue.
2023-03-23 08:05:29,817 [ec9f5457-0109-4da3-8559-48062aace451-impl-thread1] INFO  segmented.SegmentedRaftLogWorker (SegmentedRaftLogWorker.java:close(257)) - ec9f5457-0109-4da3-8559-48062aace451@group-73B28A97E70D-SegmentedRaftLogWorker close()
2023-03-23 08:05:29,818 [82a30c81-a10a-4a6a-ae9d-f1f427ed9001-impl-thread1] INFO  server.RaftServer$Division (ServerState.java:close(466)) - 82a30c81-a10a-4a6a-ae9d-f1f427ed9001@group-73B28A97E70D: closes. applyIndex: 58
2023-03-23 08:05:29,818 [82a30c81-a10a-4a6a-ae9d-f1f427ed9001@group-73B28A97E70D-SegmentedRaftLogWorker] INFO  segmented.SegmentedRaftLogWorker (SegmentedRaftLogWorker.java:run(347)) - 82a30c81-a10a-4a6a-ae9d-f1f427ed9001@group-73B28A97E70D-SegmentedRaftLogWorker was interrupted, exiting. There are 0 tasks remaining in the queue.
2023-03-23 08:05:29,819 [82a30c81-a10a-4a6a-ae9d-f1f427ed9001-impl-thread1] INFO  segmented.SegmentedRaftLogWorker (SegmentedRaftLogWorker.java:close(257)) - 82a30c81-a10a-4a6a-ae9d-f1f427ed9001@group-73B28A97E70D-SegmentedRaftLogWorker close()
2023-03-23 08:05:29,820 [JvmPauseMonitor1] INFO  util.JvmPauseMonitor (JvmPauseMonitor.java:run(111)) - JvmPauseMonitor-ec9f5457-0109-4da3-8559-48062aace451: Stopped
2023-03-23 08:05:29,822 [JvmPauseMonitor2] INFO  util.JvmPauseMonitor (JvmPauseMonitor.java:run(111)) - JvmPauseMonitor-82a30c81-a10a-4a6a-ae9d-f1f427ed9001: Stopped
2023-03-23 08:05:29,830 [SCMBlockDeletingService#0] DEBUG block.SCMBlockDeletingService (SCMBlockDeletingService.java:call(136)) - Running DeletedBlockTransactionScanner
2023-03-23 08:05:29,867 [BlockDeletingService#8] INFO  interfaces.ContainerDeletionChoosingPolicyTemplate (ContainerDeletionChoosingPolicyTemplate.java:chooseContainerForBlockDeletion(83)) - Chosen 0/5000 blocks from 0 candidate containers.
2023-03-23 08:05:29,884 [BlockDeletingService#4] INFO  interfaces.ContainerDeletionChoosingPolicyTemplate (ContainerDeletionChoosingPolicyTemplate.java:chooseContainerForBlockDeletion(83)) - Chosen 0/5000 blocks from 0 candidate containers.
2023-03-23 08:05:29,902 [BlockDeletingService#5] INFO  interfaces.ContainerDeletionChoosingPolicyTemplate (ContainerDeletionChoosingPolicyTemplate.java:chooseContainerForBlockDeletion(83)) - Chosen 0/5000 blocks from 0 candidate containers.
2023-03-23 08:05:29,930 [SCMBlockDeletingService#0] DEBUG block.SCMBlockDeletingService (SCMBlockDeletingService.java:call(136)) - Running DeletedBlockTransactionScanner
2023-03-23 08:05:29,968 [BlockDeletingService#8] INFO  interfaces.ContainerDeletionChoosingPolicyTemplate (ContainerDeletionChoosingPolicyTemplate.java:chooseContainerForBlockDeletion(83)) - Chosen 0/5000 blocks from 0 candidate containers.
2023-03-23 08:05:29,974 [org.apache.hadoop.ozone.container.common.statemachine.commandhandler.DeleteBlocksCommandHandler$DeleteCmdWorker@523e0ffb] INFO  commandhandler.DeleteBlocksCommandHandler (DeleteBlocksCommandHandler.java:processCmd(272)) - Start to delete container blocks, TXIDs=[1(4),2(4),3(4),4(4),5(4),6(4),7(4),8(4),9(4),10(4)], numOfContainers=10, numOfBlocks=10
2023-03-23 08:05:29,974 [DeleteBlocksCommandHandlerThread-4] INFO  commandhandler.DeleteBlocksCommandHandler (DeleteBlocksCommandHandler.java:logDeleteTransaction(489)) - Delete blocks for containerId: 2 is either received out of order or retried, 2 <= 2
2023-03-23 08:05:29,974 [DeleteBlocksCommandHandlerThread-2] INFO  commandhandler.DeleteBlocksCommandHandler (DeleteBlocksCommandHandler.java:logDeleteTransaction(489)) - Delete blocks for containerId: 3 is either received out of order or retried, 3 <= 3
2023-03-23 08:05:29,975 [DeleteBlocksCommandHandlerThread-4] INFO  commandhandler.DeleteBlocksCommandHandler (DeleteBlocksCommandHandler.java:logDeleteTransaction(489)) - Delete blocks for containerId: 4 is either received out of order or retried, 4 <= 4
2023-03-23 08:05:29,975 [DeleteBlocksCommandHandlerThread-2] INFO  commandhandler.DeleteBlocksCommandHandler (DeleteBlocksCommandHandler.java:logDeleteTransaction(489)) - Delete blocks for containerId: 5 is either received out of order or retried, 5 <= 5
2023-03-23 08:05:29,975 [DeleteBlocksCommandHandlerThread-4] INFO  commandhandler.DeleteBlocksCommandHandler (DeleteBlocksCommandHandler.java:logDeleteTransaction(489)) - Delete blocks for containerId: 6 is either received out of order or retried, 6 <= 6
2023-03-23 08:05:29,975 [DeleteBlocksCommandHandlerThread-2] INFO  commandhandler.DeleteBlocksCommandHandler (DeleteBlocksCommandHandler.java:logDeleteTransaction(489)) - Delete blocks for containerId: 7 is either received out of order or retried, 7 <= 7
2023-03-23 08:05:29,975 [DeleteBlocksCommandHandlerThread-4] INFO  commandhandler.DeleteBlocksCommandHandler (DeleteBlocksCommandHandler.java:logDeleteTransaction(489)) - Delete blocks for containerId: 8 is either received out of order or retried, 8 <= 8
2023-03-23 08:05:29,975 [DeleteBlocksCommandHandlerThread-2] INFO  commandhandler.DeleteBlocksCommandHandler (DeleteBlocksCommandHandler.java:logDeleteTransaction(489)) - Delete blocks for containerId: 9 is either received out of order or retried, 9 <= 9
2023-03-23 08:05:29,975 [DeleteBlocksCommandHandlerThread-4] INFO  commandhandler.DeleteBlocksCommandHandler (DeleteBlocksCommandHandler.java:logDeleteTransaction(489)) - Delete blocks for containerId: 10 is either received out of order or retried, 10 <= 10
2023-03-23 08:05:29,974 [DeleteBlocksCommandHandlerThread-0] INFO  commandhandler.DeleteBlocksCommandHandler (DeleteBlocksCommandHandler.java:logDeleteTransaction(489)) - Delete blocks for containerId: 1 is either received out of order or retried, 1 <= 1
2023-03-23 08:05:29,975 [org.apache.hadoop.ozone.container.common.statemachine.commandhandler.DeleteBlocksCommandHandler$DeleteCmdWorker@523e0ffb] INFO  commandhandler.DeleteBlocksCommandHandler (DeleteBlocksCommandHandler.java:processCmd(272)) - Start to delete container blocks, TXIDs=[1(5),2(5),3(5),4(5),5(5),6(5),7(5),8(5),9(5),10(5)], numOfContainers=10, numOfBlocks=10
2023-03-23 08:05:29,975 [DeleteBlocksCommandHandlerThread-2] INFO  commandhandler.DeleteBlocksCommandHandler (DeleteBlocksCommandHandler.java:logDeleteTransaction(489)) - Delete blocks for containerId: 1 is either received out of order or retried, 1 <= 1
2023-03-23 08:05:29,976 [DeleteBlocksCommandHandlerThread-2] INFO  commandhandler.DeleteBlocksCommandHandler (DeleteBlocksCommandHandler.java:logDeleteTransaction(489)) - Delete blocks for containerId: 2 is either received out of order or retried, 2 <= 2
2023-03-23 08:05:29,976 [DeleteBlocksCommandHandlerThread-2] INFO  commandhandler.DeleteBlocksCommandHandler (DeleteBlocksCommandHandler.java:logDeleteTransaction(489)) - Delete blocks for containerId: 3 is either received out of order or retried, 3 <= 3
2023-03-23 08:05:29,976 [DeleteBlocksCommandHandlerThread-2] INFO  commandhandler.DeleteBlocksCommandHandler (DeleteBlocksCommandHandler.java:logDeleteTransaction(489)) - Delete blocks for containerId: 4 is either received out of order or retried, 4 <= 4
2023-03-23 08:05:29,976 [DeleteBlocksCommandHandlerThread-2] INFO  commandhandler.DeleteBlocksCommandHandler (DeleteBlocksCommandHandler.java:logDeleteTransaction(489)) - Delete blocks for containerId: 5 is either received out of order or retried, 5 <= 5
2023-03-23 08:05:29,976 [DeleteBlocksCommandHandlerThread-2] INFO  commandhandler.DeleteBlocksCommandHandler (DeleteBlocksCommandHandler.java:logDeleteTransaction(489)) - Delete blocks for containerId: 6 is either received out of order or retried, 6 <= 6
2023-03-23 08:05:29,977 [DeleteBlocksCommandHandlerThread-2] INFO  commandhandler.DeleteBlocksCommandHandler (DeleteBlocksCommandHandler.java:logDeleteTransaction(489)) - Delete blocks for containerId: 7 is either received out of order or retried, 7 <= 7
2023-03-23 08:05:29,977 [DeleteBlocksCommandHandlerThread-2] INFO  commandhandler.DeleteBlocksCommandHandler (DeleteBlocksCommandHandler.java:logDeleteTransaction(489)) - Delete blocks for containerId: 8 is either received out of order or retried, 8 <= 8
2023-03-23 08:05:29,977 [DeleteBlocksCommandHandlerThread-2] INFO  commandhandler.DeleteBlocksCommandHandler (DeleteBlocksCommandHandler.java:logDeleteTransaction(489)) - Delete blocks for containerId: 9 is either received out of order or retried, 9 <= 9
2023-03-23 08:05:29,977 [DeleteBlocksCommandHandlerThread-2] INFO  commandhandler.DeleteBlocksCommandHandler (DeleteBlocksCommandHandler.java:logDeleteTransaction(489)) - Delete blocks for containerId: 10 is either received out of order or retried, 10 <= 10
2023-03-23 08:05:29,978 [org.apache.hadoop.ozone.container.common.statemachine.commandhandler.DeleteBlocksCommandHandler$DeleteCmdWorker@523e0ffb] INFO  commandhandler.DeleteBlocksCommandHandler (DeleteBlocksCommandHandler.java:processCmd(272)) - Start to delete container blocks, TXIDs=[1(6),2(6),3(6),4(6),5(6),6(6),7(6),8(6),9(6),10(6)], numOfContainers=10, numOfBlocks=10
2023-03-23 08:05:29,978 [DeleteBlocksCommandHandlerThread-0] INFO  commandhandler.DeleteBlocksCommandHandler (DeleteBlocksCommandHandler.java:logDeleteTransaction(489)) - Delete blocks for containerId: 1 is either received out of order or retried, 1 <= 1
2023-03-23 08:05:29,978 [DeleteBlocksCommandHandlerThread-0] INFO  commandhandler.DeleteBlocksCommandHandler (DeleteBlocksCommandHandler.java:logDeleteTransaction(489)) - Delete blocks for containerId: 2 is either received out of order or retried, 2 <= 2
2023-03-23 08:05:29,978 [DeleteBlocksCommandHandlerThread-0] INFO  commandhandler.DeleteBlocksCommandHandler (DeleteBlocksCommandHandler.java:logDeleteTransaction(489)) - Delete blocks for containerId: 3 is either received out of order or retried, 3 <= 3
2023-03-23 08:05:29,979 [DeleteBlocksCommandHandlerThread-0] INFO  commandhandler.DeleteBlocksCommandHandler (DeleteBlocksCommandHandler.java:logDeleteTransaction(489)) - Delete blocks for containerId: 4 is either received out of order or retried, 4 <= 4
2023-03-23 08:05:29,979 [DeleteBlocksCommandHandlerThread-0] INFO  commandhandler.DeleteBlocksCommandHandler (DeleteBlocksCommandHandler.java:logDeleteTransaction(489)) - Delete blocks for containerId: 5 is either received out of order or retried, 5 <= 5
2023-03-23 08:05:29,979 [DeleteBlocksCommandHandlerThread-0] INFO  commandhandler.DeleteBlocksCommandHandler (DeleteBlocksCommandHandler.java:logDeleteTransaction(489)) - Delete blocks for containerId: 6 is either received out of order or retried, 6 <= 6
2023-03-23 08:05:29,979 [DeleteBlocksCommandHandlerThread-0] INFO  commandhandler.DeleteBlocksCommandHandler (DeleteBlocksCommandHandler.java:logDeleteTransaction(489)) - Delete blocks for containerId: 7 is either received out of order or retried, 7 <= 7
2023-03-23 08:05:29,980 [DeleteBlocksCommandHandlerThread-0] INFO  commandhandler.DeleteBlocksCommandHandler (DeleteBlocksCommandHandler.java:logDeleteTransaction(489)) - Delete blocks for containerId: 8 is either received out of order or retried, 8 <= 8
2023-03-23 08:05:29,980 [DeleteBlocksCommandHandlerThread-0] INFO  commandhandler.DeleteBlocksCommandHandler (DeleteBlocksCommandHandler.java:logDeleteTransaction(489)) - Delete blocks for containerId: 9 is either received out of order or retried, 9 <= 9
2023-03-23 08:05:29,980 [DeleteBlocksCommandHandlerThread-0] INFO  commandhandler.DeleteBlocksCommandHandler (DeleteBlocksCommandHandler.java:logDeleteTransaction(489)) - Delete blocks for containerId: 10 is either received out of order or retried, 10 <= 10
2023-03-23 08:05:29,985 [BlockDeletingService#4] INFO  interfaces.ContainerDeletionChoosingPolicyTemplate (ContainerDeletionChoosingPolicyTemplate.java:chooseContainerForBlockDeletion(83)) - Chosen 0/5000 blocks from 0 candidate containers.
2023-03-23 08:05:30,010 [BlockDeletingService#5] INFO  interfaces.ContainerDeletionChoosingPolicyTemplate (ContainerDeletionChoosingPolicyTemplate.java:chooseContainerForBlockDeletion(83)) - Chosen 30/4970 blocks from 10 candidate containers.
2023-03-23 08:05:30,011 [BlockDeletingService#6] WARN  keyvalue.KeyValueHandler (KeyValueHandler.java:deleteUnreferenced(1211)) - Missing delete block(Container = 1, Block = 111677748019200001
2023-03-23 08:05:30,011 [BlockDeletingService#6] WARN  keyvalue.KeyValueHandler (KeyValueHandler.java:deleteUnreferenced(1211)) - Missing delete block(Container = 10, Block = 111677748019200010
2023-03-23 08:05:30,014 [BlockDeletingService#8] WARN  keyvalue.KeyValueHandler (KeyValueHandler.java:deleteUnreferenced(1211)) - Missing delete block(Container = 5, Block = 111677748019200005
2023-03-23 08:05:30,014 [BlockDeletingService#8] WARN  keyvalue.KeyValueHandler (KeyValueHandler.java:deleteUnreferenced(1211)) - Missing delete block(Container = 4, Block = 111677748019200004
2023-03-23 08:05:30,014 [BlockDeletingService#8] WARN  keyvalue.KeyValueHandler (KeyValueHandler.java:deleteUnreferenced(1211)) - Missing delete block(Container = 3, Block = 111677748019200003
2023-03-23 08:05:30,015 [BlockDeletingService#3] WARN  keyvalue.KeyValueHandler (KeyValueHandler.java:deleteUnreferenced(1211)) - Missing delete block(Container = 2, Block = 111677748019200002
2023-03-23 08:05:30,018 [BlockDeletingService#6] WARN  keyvalue.KeyValueHandler (KeyValueHandler.java:deleteUnreferenced(1211)) - Missing delete block(Container = 9, Block = 111677748019200009
2023-03-23 08:05:30,019 [BlockDeletingService#7] WARN  keyvalue.KeyValueHandler (KeyValueHandler.java:deleteUnreferenced(1211)) - Missing delete block(Container = 6, Block = 111677748019200006
2023-03-23 08:05:30,019 [BlockDeletingService#5] WARN  keyvalue.KeyValueHandler (KeyValueHandler.java:deleteUnreferenced(1211)) - Missing delete block(Container = 7, Block = 111677748019200007
2023-03-23 08:05:30,019 [BlockDeletingService#0] WARN  keyvalue.KeyValueHandler (KeyValueHandler.java:deleteUnreferenced(1211)) - Missing delete block(Container = 8, Block = 111677748019200008
2023-03-23 08:05:30,031 [SCMBlockDeletingService#0] DEBUG block.SCMBlockDeletingService (SCMBlockDeletingService.java:call(136)) - Running DeletedBlockTransactionScanner
2023-03-23 08:05:30,068 [BlockDeletingService#8] INFO  interfaces.ContainerDeletionChoosingPolicyTemplate (ContainerDeletionChoosingPolicyTemplate.java:chooseContainerForBlockDeletion(83)) - Chosen 0/5000 blocks from 0 candidate containers.
2023-03-23 08:05:30,085 [BlockDeletingService#4] INFO  interfaces.ContainerDeletionChoosingPolicyTemplate (ContainerDeletionChoosingPolicyTemplate.java:chooseContainerForBlockDeletion(83)) - Chosen 0/5000 blocks from 0 candidate containers.
2023-03-23 08:05:30,117 [BlockDeletingService#3] INFO  interfaces.ContainerDeletionChoosingPolicyTemplate (ContainerDeletionChoosingPolicyTemplate.java:chooseContainerForBlockDeletion(83)) - Chosen 20/4980 blocks from 10 candidate containers.
2023-03-23 08:05:30,117 [BlockDeletingService#3] INFO  background.BlockDeletingService (BlockDeletingService.java:deleteViaTransactionStore(483)) - No transaction found in container 10 with pending delete block count 2
2023-03-23 08:05:30,117 [BlockDeletingService#1] INFO  background.BlockDeletingService (BlockDeletingService.java:deleteViaTransactionStore(483)) - No transaction found in container 1 with pending delete block count 2
2023-03-23 08:05:30,117 [BlockDeletingService#4] INFO  background.BlockDeletingService (BlockDeletingService.java:deleteViaTransactionStore(483)) - No transaction found in container 8 with pending delete block count 2
2023-03-23 08:05:30,118 [BlockDeletingService#1] INFO  background.BlockDeletingService (BlockDeletingService.java:deleteViaTransactionStore(483)) - No transaction found in container 7 with pending delete block count 2
2023-03-23 08:05:30,118 [BlockDeletingService#4] INFO  background.BlockDeletingService (BlockDeletingService.java:deleteViaTransactionStore(483)) - No transaction found in container 6 with pending delete block count 2
2023-03-23 08:05:30,118 [BlockDeletingService#1] INFO  background.BlockDeletingService (BlockDeletingService.java:deleteViaTransactionStore(483)) - No transaction found in container 5 with pending delete block count 2
2023-03-23 08:05:30,118 [BlockDeletingService#4] INFO  background.BlockDeletingService (BlockDeletingService.java:deleteViaTransactionStore(483)) - No transaction found in container 4 with pending delete block count 2
2023-03-23 08:05:30,118 [BlockDeletingService#9] INFO  background.BlockDeletingService (BlockDeletingService.java:deleteViaTransactionStore(483)) - No transaction found in container 2 with pending delete block count 2
2023-03-23 08:05:30,118 [BlockDeletingService#2] INFO  background.BlockDeletingService (BlockDeletingService.java:deleteViaTransactionStore(483)) - No transaction found in container 3 with pending delete block count 2
2023-03-23 08:05:30,119 [BlockDeletingService#3] INFO  background.BlockDeletingService (BlockDeletingService.java:deleteViaTransactionStore(483)) - No transaction found in container 9 with pending delete block count 2
2023-03-23 08:05:30,131 [SCMBlockDeletingService#0] DEBUG block.SCMBlockDeletingService (SCMBlockDeletingService.java:call(136)) - Running DeletedBlockTransactionScanner
2023-03-23 08:05:30,168 [BlockDeletingService#8] INFO  interfaces.ContainerDeletionChoosingPolicyTemplate (ContainerDeletionChoosingPolicyTemplate.java:chooseContainerForBlockDeletion(83)) - Chosen 0/5000 blocks from 0 candidate containers.
2023-03-23 08:05:30,188 [BlockDeletingService#4] INFO  interfaces.ContainerDeletionChoosingPolicyTemplate (ContainerDeletionChoosingPolicyTemplate.java:chooseContainerForBlockDeletion(83)) - Chosen 0/5000 blocks from 0 candidate containers.
2023-03-23 08:05:30,217 [BlockDeletingService#8] INFO  interfaces.ContainerDeletionChoosingPolicyTemplate (ContainerDeletionChoosingPolicyTemplate.java:chooseContainerForBlockDeletion(83)) - Chosen 0/5000 blocks from 0 candidate containers.
2023-03-23 08:05:30,231 [SCMBlockDeletingService#0] DEBUG block.SCMBlockDeletingService (SCMBlockDeletingService.java:call(136)) - Running DeletedBlockTransactionScanner
2023-03-23 08:05:30,269 [BlockDeletingService#8] INFO  interfaces.ContainerDeletionChoosingPolicyTemplate (ContainerDeletionChoosingPolicyTemplate.java:chooseContainerForBlockDeletion(83)) - Chosen 0/5000 blocks from 0 candidate containers.
2023-03-23 08:05:30,288 [BlockDeletingService#4] INFO  interfaces.ContainerDeletionChoosingPolicyTemplate (ContainerDeletionChoosingPolicyTemplate.java:chooseContainerForBlockDeletion(83)) - Chosen 0/5000 blocks from 0 candidate containers.
2023-03-23 08:05:30,317 [BlockDeletingService#8] INFO  interfaces.ContainerDeletionChoosingPolicyTemplate (ContainerDeletionChoosingPolicyTemplate.java:chooseContainerForBlockDeletion(83)) - Chosen 0/5000 blocks from 0 candidate containers.
2023-03-23 08:05:30,331 [SCMBlockDeletingService#0] DEBUG block.SCMBlockDeletingService (SCMBlockDeletingService.java:call(136)) - Running DeletedBlockTransactionScanner
2023-03-23 08:05:30,369 [BlockDeletingService#8] INFO  interfaces.ContainerDeletionChoosingPolicyTemplate (ContainerDeletionChoosingPolicyTemplate.java:chooseContainerForBlockDeletion(83)) - Chosen 0/5000 blocks from 0 candidate containers.
2023-03-23 08:05:30,389 [BlockDeletingService#4] INFO  interfaces.ContainerDeletionChoosingPolicyTemplate (ContainerDeletionChoosingPolicyTemplate.java:chooseContainerForBlockDeletion(83)) - Chosen 0/5000 blocks from 0 candidate containers.
2023-03-23 08:05:30,418 [BlockDeletingService#8] INFO  interfaces.ContainerDeletionChoosingPolicyTemplate (ContainerDeletionChoosingPolicyTemplate.java:chooseContainerForBlockDeletion(83)) - Chosen 0/5000 blocks from 0 candidate containers.
2023-03-23 08:05:30,431 [SCMBlockDeletingService#0] DEBUG block.SCMBlockDeletingService (SCMBlockDeletingService.java:call(136)) - Running DeletedBlockTransactionScanner
2023-03-23 08:05:30,469 [BlockDeletingService#8] INFO  interfaces.ContainerDeletionChoosingPolicyTemplate (ContainerDeletionChoosingPolicyTemplate.java:chooseContainerForBlockDeletion(83)) - Chosen 0/5000 blocks from 0 candidate containers.
2023-03-23 08:05:30,489 [BlockDeletingService#4] INFO  interfaces.ContainerDeletionChoosingPolicyTemplate (ContainerDeletionChoosingPolicyTemplate.java:chooseContainerForBlockDeletion(83)) - Chosen 0/5000 blocks from 0 candidate containers.
2023-03-23 08:05:30,512 [org.apache.hadoop.ozone.container.common.statemachine.commandhandler.DeleteBlocksCommandHandler$DeleteCmdWorker@4e4c85e1] INFO  commandhandler.DeleteBlocksCommandHandler (DeleteBlocksCommandHandler.java:processCmd(272)) - Start to delete container blocks, TXIDs=[1(4),2(4),3(4),4(4),5(4),6(4),7(4),8(4),9(4),10(4)], numOfContainers=10, numOfBlocks=10
2023-03-23 08:05:30,512 [DeleteBlocksCommandHandlerThread-2] INFO  commandhandler.DeleteBlocksCommandHandler (DeleteBlocksCommandHandler.java:logDeleteTransaction(489)) - Delete blocks for containerId: 1 is either received out of order or retried, 1 <= 1
2023-03-23 08:05:30,512 [DeleteBlocksCommandHandlerThread-3] INFO  commandhandler.DeleteBlocksCommandHandler (DeleteBlocksCommandHandler.java:logDeleteTransaction(489)) - Delete blocks for containerId: 3 is either received out of order or retried, 3 <= 3
2023-03-23 08:05:30,513 [DeleteBlocksCommandHandlerThread-4] INFO  commandhandler.DeleteBlocksCommandHandler (DeleteBlocksCommandHandler.java:logDeleteTransaction(489)) - Delete blocks for containerId: 4 is either received out of order or retried, 4 <= 4
2023-03-23 08:05:30,513 [DeleteBlocksCommandHandlerThread-2] INFO  commandhandler.DeleteBlocksCommandHandler (DeleteBlocksCommandHandler.java:logDeleteTransaction(489)) - Delete blocks for containerId: 5 is either received out of order or retried, 5 <= 5
2023-03-23 08:05:30,513 [DeleteBlocksCommandHandlerThread-0] INFO  commandhandler.DeleteBlocksCommandHandler (DeleteBlocksCommandHandler.java:logDeleteTransaction(489)) - Delete blocks for containerId: 6 is either received out of order or retried, 6 <= 6
2023-03-23 08:05:30,512 [DeleteBlocksCommandHandlerThread-1] INFO  commandhandler.DeleteBlocksCommandHandler (DeleteBlocksCommandHandler.java:logDeleteTransaction(489)) - Delete blocks for containerId: 2 is either received out of order or retried, 2 <= 2
2023-03-23 08:05:30,513 [DeleteBlocksCommandHandlerThread-4] INFO  commandhandler.DeleteBlocksCommandHandler (DeleteBlocksCommandHandler.java:logDeleteTransaction(489)) - Delete blocks for containerId: 8 is either received out of order or retried, 8 <= 8
2023-03-23 08:05:30,513 [DeleteBlocksCommandHandlerThread-3] INFO  commandhandler.DeleteBlocksCommandHandler (DeleteBlocksCommandHandler.java:logDeleteTransaction(489)) - Delete blocks for containerId: 9 is either received out of order or retried, 9 <= 9
2023-03-23 08:05:30,513 [DeleteBlocksCommandHandlerThread-4] INFO  commandhandler.DeleteBlocksCommandHandler (DeleteBlocksCommandHandler.java:logDeleteTransaction(489)) - Delete blocks for containerId: 10 is either received out of order or retried, 10 <= 10
2023-03-23 08:05:30,513 [DeleteBlocksCommandHandlerThread-1] INFO  commandhandler.DeleteBlocksCommandHandler (DeleteBlocksCommandHandler.java:logDeleteTransaction(489)) - Delete blocks for containerId: 7 is either received out of order or retried, 7 <= 7
2023-03-23 08:05:30,514 [org.apache.hadoop.ozone.container.common.statemachine.commandhandler.DeleteBlocksCommandHandler$DeleteCmdWorker@4e4c85e1] INFO  commandhandler.DeleteBlocksCommandHandler (DeleteBlocksCommandHandler.java:processCmd(272)) - Start to delete container blocks, TXIDs=[1(5),2(5),3(5),4(5),5(5),6(5),7(5),8(5),9(5),10(5)], numOfContainers=10, numOfBlocks=10
2023-03-23 08:05:30,514 [DeleteBlocksCommandHandlerThread-3] INFO  commandhandler.DeleteBlocksCommandHandler (DeleteBlocksCommandHandler.java:logDeleteTransaction(489)) - Delete blocks for containerId: 1 is either received out of order or retried, 1 <= 1
2023-03-23 08:05:30,514 [DeleteBlocksCommandHandlerThread-3] INFO  commandhandler.DeleteBlocksCommandHandler (DeleteBlocksCommandHandler.java:logDeleteTransaction(489)) - Delete blocks for containerId: 2 is either received out of order or retried, 2 <= 2
2023-03-23 08:05:30,514 [DeleteBlocksCommandHandlerThread-3] INFO  commandhandler.DeleteBlocksCommandHandler (DeleteBlocksCommandHandler.java:logDeleteTransaction(489)) - Delete blocks for containerId: 3 is either received out of order or retried, 3 <= 3
2023-03-23 08:05:30,514 [DeleteBlocksCommandHandlerThread-3] INFO  commandhandler.DeleteBlocksCommandHandler (DeleteBlocksCommandHandler.java:logDeleteTransaction(489)) - Delete blocks for containerId: 4 is either received out of order or retried, 4 <= 4
2023-03-23 08:05:30,514 [DeleteBlocksCommandHandlerThread-3] INFO  commandhandler.DeleteBlocksCommandHandler (DeleteBlocksCommandHandler.java:logDeleteTransaction(489)) - Delete blocks for containerId: 5 is either received out of order or retried, 5 <= 5
2023-03-23 08:05:30,514 [DeleteBlocksCommandHandlerThread-3] INFO  commandhandler.DeleteBlocksCommandHandler (DeleteBlocksCommandHandler.java:logDeleteTransaction(489)) - Delete blocks for containerId: 6 is either received out of order or retried, 6 <= 6
2023-03-23 08:05:30,514 [DeleteBlocksCommandHandlerThread-3] INFO  commandhandler.DeleteBlocksCommandHandler (DeleteBlocksCommandHandler.java:logDeleteTransaction(489)) - Delete blocks for containerId: 7 is either received out of order or retried, 7 <= 7
2023-03-23 08:05:30,515 [DeleteBlocksCommandHandlerThread-3] INFO  commandhandler.DeleteBlocksCommandHandler (DeleteBlocksCommandHandler.java:logDeleteTransaction(489)) - Delete blocks for containerId: 8 is either received out of order or retried, 8 <= 8
2023-03-23 08:05:30,515 [DeleteBlocksCommandHandlerThread-3] INFO  commandhandler.DeleteBlocksCommandHandler (DeleteBlocksCommandHandler.java:logDeleteTransaction(489)) - Delete blocks for containerId: 9 is either received out of order or retried, 9 <= 9
2023-03-23 08:05:30,515 [DeleteBlocksCommandHandlerThread-3] INFO  commandhandler.DeleteBlocksCommandHandler (DeleteBlocksCommandHandler.java:logDeleteTransaction(489)) - Delete blocks for containerId: 10 is either received out of order or retried, 10 <= 10
2023-03-23 08:05:30,515 [org.apache.hadoop.ozone.container.common.statemachine.commandhandler.DeleteBlocksCommandHandler$DeleteCmdWorker@4e4c85e1] INFO  commandhandler.DeleteBlocksCommandHandler (DeleteBlocksCommandHandler.java:processCmd(272)) - Start to delete container blocks, TXIDs=[1(6),2(6),3(6),4(6),5(6),6(6),7(6),8(6),9(6),10(6)], numOfContainers=10, numOfBlocks=10
2023-03-23 08:05:30,515 [DeleteBlocksCommandHandlerThread-2] INFO  commandhandler.DeleteBlocksCommandHandler (DeleteBlocksCommandHandler.java:logDeleteTransaction(489)) - Delete blocks for containerId: 1 is either received out of order or retried, 1 <= 1
2023-03-23 08:05:30,515 [DeleteBlocksCommandHandlerThread-2] INFO  commandhandler.DeleteBlocksCommandHandler (DeleteBlocksCommandHandler.java:logDeleteTransaction(489)) - Delete blocks for containerId: 2 is either received out of order or retried, 2 <= 2
2023-03-23 08:05:30,515 [DeleteBlocksCommandHandlerThread-2] INFO  commandhandler.DeleteBlocksCommandHandler (DeleteBlocksCommandHandler.java:logDeleteTransaction(489)) - Delete blocks for containerId: 3 is either received out of order or retried, 3 <= 3
2023-03-23 08:05:30,515 [DeleteBlocksCommandHandlerThread-2] INFO  commandhandler.DeleteBlocksCommandHandler (DeleteBlocksCommandHandler.java:logDeleteTransaction(489)) - Delete blocks for containerId: 4 is either received out of order or retried, 4 <= 4
2023-03-23 08:05:30,516 [DeleteBlocksCommandHandlerThread-2] INFO  commandhandler.DeleteBlocksCommandHandler (DeleteBlocksCommandHandler.java:logDeleteTransaction(489)) - Delete blocks for containerId: 5 is either received out of order or retried, 5 <= 5
2023-03-23 08:05:30,516 [DeleteBlocksCommandHandlerThread-2] INFO  commandhandler.DeleteBlocksCommandHandler (DeleteBlocksCommandHandler.java:logDeleteTransaction(489)) - Delete blocks for containerId: 6 is either received out of order or retried, 6 <= 6
2023-03-23 08:05:30,516 [DeleteBlocksCommandHandlerThread-2] INFO  commandhandler.DeleteBlocksCommandHandler (DeleteBlocksCommandHandler.java:logDeleteTransaction(489)) - Delete blocks for containerId: 7 is either received out of order or retried, 7 <= 7
2023-03-23 08:05:30,516 [DeleteBlocksCommandHandlerThread-2] INFO  commandhandler.DeleteBlocksCommandHandler (DeleteBlocksCommandHandler.java:logDeleteTransaction(489)) - Delete blocks for containerId: 8 is either received out of order or retried, 8 <= 8
2023-03-23 08:05:30,516 [DeleteBlocksCommandHandlerThread-2] INFO  commandhandler.DeleteBlocksCommandHandler (DeleteBlocksCommandHandler.java:logDeleteTransaction(489)) - Delete blocks for containerId: 9 is either received out of order or retried, 9 <= 9
2023-03-23 08:05:30,516 [DeleteBlocksCommandHandlerThread-2] INFO  commandhandler.DeleteBlocksCommandHandler (DeleteBlocksCommandHandler.java:logDeleteTransaction(489)) - Delete blocks for containerId: 10 is either received out of order or retried, 10 <= 10
2023-03-23 08:05:30,516 [org.apache.hadoop.ozone.container.common.statemachine.commandhandler.DeleteBlocksCommandHandler$DeleteCmdWorker@4e4c85e1] INFO  commandhandler.DeleteBlocksCommandHandler (DeleteBlocksCommandHandler.java:processCmd(272)) - Start to delete container blocks, TXIDs=[1(7),2(7),3(7),4(7),5(7),6(7),7(7),8(7),9(7),10(7)], numOfContainers=10, numOfBlocks=10
2023-03-23 08:05:30,516 [DeleteBlocksCommandHandlerThread-3] INFO  commandhandler.DeleteBlocksCommandHandler (DeleteBlocksCommandHandler.java:logDeleteTransaction(489)) - Delete blocks for containerId: 1 is either received out of order or retried, 1 <= 1
2023-03-23 08:05:30,516 [DeleteBlocksCommandHandlerThread-3] INFO  commandhandler.DeleteBlocksCommandHandler (DeleteBlocksCommandHandler.java:logDeleteTransaction(489)) - Delete blocks for containerId: 2 is either received out of order or retried, 2 <= 2
2023-03-23 08:05:30,517 [DeleteBlocksCommandHandlerThread-3] INFO  commandhandler.DeleteBlocksCommandHandler (DeleteBlocksCommandHandler.java:logDeleteTransaction(489)) - Delete blocks for containerId: 3 is either received out of order or retried, 3 <= 3
2023-03-23 08:05:30,517 [DeleteBlocksCommandHandlerThread-3] INFO  commandhandler.DeleteBlocksCommandHandler (DeleteBlocksCommandHandler.java:logDeleteTransaction(489)) - Delete blocks for containerId: 4 is either received out of order or retried, 4 <= 4
2023-03-23 08:05:30,517 [DeleteBlocksCommandHandlerThread-3] INFO  commandhandler.DeleteBlocksCommandHandler (DeleteBlocksCommandHandler.java:logDeleteTransaction(489)) - Delete blocks for containerId: 5 is either received out of order or retried, 5 <= 5
2023-03-23 08:05:30,517 [DeleteBlocksCommandHandlerThread-3] INFO  commandhandler.DeleteBlocksCommandHandler (DeleteBlocksCommandHandler.java:logDeleteTransaction(489)) - Delete blocks for containerId: 6 is either received out of order or retried, 6 <= 6
2023-03-23 08:05:30,517 [DeleteBlocksCommandHandlerThread-3] INFO  commandhandler.DeleteBlocksCommandHandler (DeleteBlocksCommandHandler.java:logDeleteTransaction(489)) - Delete blocks for containerId: 7 is either received out of order or retried, 7 <= 7
2023-03-23 08:05:30,517 [DeleteBlocksCommandHandlerThread-3] INFO  commandhandler.DeleteBlocksCommandHandler (DeleteBlocksCommandHandler.java:logDeleteTransaction(489)) - Delete blocks for containerId: 8 is either received out of order or retried, 8 <= 8
2023-03-23 08:05:30,517 [DeleteBlocksCommandHandlerThread-3] INFO  commandhandler.DeleteBlocksCommandHandler (DeleteBlocksCommandHandler.java:logDeleteTransaction(489)) - Delete blocks for containerId: 9 is either received out of order or retried, 9 <= 9
2023-03-23 08:05:30,517 [DeleteBlocksCommandHandlerThread-3] INFO  commandhandler.DeleteBlocksCommandHandler (DeleteBlocksCommandHandler.java:logDeleteTransaction(489)) - Delete blocks for containerId: 10 is either received out of order or retried, 10 <= 10
2023-03-23 08:05:30,518 [org.apache.hadoop.ozone.container.common.statemachine.commandhandler.DeleteBlocksCommandHandler$DeleteCmdWorker@4e4c85e1] INFO  commandhandler.DeleteBlocksCommandHandler (DeleteBlocksCommandHandler.java:processCmd(272)) - Start to delete container blocks, TXIDs=[1(8),2(8),3(8),4(8),5(8),6(8),7(8),8(8),9(8),10(8)], numOfContainers=10, numOfBlocks=10
2023-03-23 08:05:30,518 [DeleteBlocksCommandHandlerThread-2] INFO  commandhandler.DeleteBlocksCommandHandler (DeleteBlocksCommandHandler.java:logDeleteTransaction(489)) - Delete blocks for containerId: 1 is either received out of order or retried, 1 <= 1
2023-03-23 08:05:30,518 [DeleteBlocksCommandHandlerThread-2] INFO  commandhandler.DeleteBlocksCommandHandler (DeleteBlocksCommandHandler.java:logDeleteTransaction(489)) - Delete blocks for containerId: 2 is either received out of order or retried, 2 <= 2
2023-03-23 08:05:30,518 [DeleteBlocksCommandHandlerThread-2] INFO  commandhandler.DeleteBlocksCommandHandler (DeleteBlocksCommandHandler.java:logDeleteTransaction(489)) - Delete blocks for containerId: 3 is either received out of order or retried, 3 <= 3
2023-03-23 08:05:30,518 [BlockDeletingService#8] INFO  interfaces.ContainerDeletionChoosingPolicyTemplate (ContainerDeletionChoosingPolicyTemplate.java:chooseContainerForBlockDeletion(83)) - Chosen 0/5000 blocks from 0 candidate containers.
2023-03-23 08:05:30,518 [DeleteBlocksCommandHandlerThread-2] INFO  commandhandler.DeleteBlocksCommandHandler (DeleteBlocksCommandHandler.java:logDeleteTransaction(489)) - Delete blocks for containerId: 4 is either received out of order or retried, 4 <= 4
2023-03-23 08:05:30,518 [DeleteBlocksCommandHandlerThread-2] INFO  commandhandler.DeleteBlocksCommandHandler (DeleteBlocksCommandHandler.java:logDeleteTransaction(489)) - Delete blocks for containerId: 5 is either received out of order or retried, 5 <= 5
2023-03-23 08:05:30,518 [DeleteBlocksCommandHandlerThread-2] INFO  commandhandler.DeleteBlocksCommandHandler (DeleteBlocksCommandHandler.java:logDeleteTransaction(489)) - Delete blocks for containerId: 6 is either received out of order or retried, 6 <= 6
2023-03-23 08:05:30,518 [DeleteBlocksCommandHandlerThread-2] INFO  commandhandler.DeleteBlocksCommandHandler (DeleteBlocksCommandHandler.java:logDeleteTransaction(489)) - Delete blocks for containerId: 7 is either received out of order or retried, 7 <= 7
2023-03-23 08:05:30,518 [DeleteBlocksCommandHandlerThread-2] INFO  commandhandler.DeleteBlocksCommandHandler (DeleteBlocksCommandHandler.java:logDeleteTransaction(489)) - Delete blocks for containerId: 8 is either received out of order or retried, 8 <= 8
2023-03-23 08:05:30,519 [DeleteBlocksCommandHandlerThread-2] INFO  commandhandler.DeleteBlocksCommandHandler (DeleteBlocksCommandHandler.java:logDeleteTransaction(489)) - Delete blocks for containerId: 9 is either received out of order or retried, 9 <= 9
2023-03-23 08:05:30,519 [DeleteBlocksCommandHandlerThread-2] INFO  commandhandler.DeleteBlocksCommandHandler (DeleteBlocksCommandHandler.java:logDeleteTransaction(489)) - Delete blocks for containerId: 10 is either received out of order or retried, 10 <= 10
2023-03-23 08:05:30,531 [SCMBlockDeletingService#0] DEBUG block.SCMBlockDeletingService (SCMBlockDeletingService.java:call(136)) - Running DeletedBlockTransactionScanner
2023-03-23 08:05:30,559 [EventQueue-DeleteBlockStatusForDeletedBlockLogImpl] DEBUG block.DeletedBlockLogImpl (DeletedBlockLogImpl.java:isTransactionFailed(314)) - Got block deletion ACK from datanode, TXIDs=1, success=true
2023-03-23 08:05:30,559 [EventQueue-DeleteBlockStatusForDeletedBlockLogImpl] DEBUG block.DeletedBlockLogImpl (DeletedBlockLogImpl.java:commitTransactions(260)) - Transaction txId=1 commit by dnId=7171cd95-6b54-4876-a08e-c51c27c3dd43 for containerID=#1 failed. Corresponding entry not found.
2023-03-23 08:05:30,560 [EventQueue-DeleteBlockStatusForDeletedBlockLogImpl] DEBUG block.DeletedBlockLogImpl (DeletedBlockLogImpl.java:isTransactionFailed(314)) - Got block deletion ACK from datanode, TXIDs=2, success=true
2023-03-23 08:05:30,560 [EventQueue-DeleteBlockStatusForDeletedBlockLogImpl] DEBUG block.DeletedBlockLogImpl (DeletedBlockLogImpl.java:commitTransactions(260)) - Transaction txId=2 commit by dnId=7171cd95-6b54-4876-a08e-c51c27c3dd43 for containerID=#2 failed. Corresponding entry not found.
2023-03-23 08:05:30,560 [EventQueue-DeleteBlockStatusForDeletedBlockLogImpl] DEBUG block.DeletedBlockLogImpl (DeletedBlockLogImpl.java:isTransactionFailed(314)) - Got block deletion ACK from datanode, TXIDs=3, success=true
2023-03-23 08:05:30,560 [EventQueue-DeleteBlockStatusForDeletedBlockLogImpl] DEBUG block.DeletedBlockLogImpl (DeletedBlockLogImpl.java:commitTransactions(260)) - Transaction txId=3 commit by dnId=7171cd95-6b54-4876-a08e-c51c27c3dd43 for containerID=#3 failed. Corresponding entry not found.
2023-03-23 08:05:30,560 [EventQueue-DeleteBlockStatusForDeletedBlockLogImpl] DEBUG block.DeletedBlockLogImpl (DeletedBlockLogImpl.java:isTransactionFailed(314)) - Got block deletion ACK from datanode, TXIDs=4, success=true
2023-03-23 08:05:30,560 [EventQueue-DeleteBlockStatusForDeletedBlockLogImpl] DEBUG block.DeletedBlockLogImpl (DeletedBlockLogImpl.java:commitTransactions(260)) - Transaction txId=4 commit by dnId=7171cd95-6b54-4876-a08e-c51c27c3dd43 for containerID=#4 failed. Corresponding entry not found.
2023-03-23 08:05:30,560 [EventQueue-DeleteBlockStatusForDeletedBlockLogImpl] DEBUG block.DeletedBlockLogImpl (DeletedBlockLogImpl.java:isTransactionFailed(314)) - Got block deletion ACK from datanode, TXIDs=5, success=true
2023-03-23 08:05:30,560 [EventQueue-DeleteBlockStatusForDeletedBlockLogImpl] DEBUG block.DeletedBlockLogImpl (DeletedBlockLogImpl.java:commitTransactions(260)) - Transaction txId=5 commit by dnId=7171cd95-6b54-4876-a08e-c51c27c3dd43 for containerID=#5 failed. Corresponding entry not found.
2023-03-23 08:05:30,560 [EventQueue-DeleteBlockStatusForDeletedBlockLogImpl] DEBUG block.DeletedBlockLogImpl (DeletedBlockLogImpl.java:isTransactionFailed(314)) - Got block deletion ACK from datanode, TXIDs=6, success=true
2023-03-23 08:05:30,560 [EventQueue-DeleteBlockStatusForDeletedBlockLogImpl] DEBUG block.DeletedBlockLogImpl (DeletedBlockLogImpl.java:commitTransactions(260)) - Transaction txId=6 commit by dnId=7171cd95-6b54-4876-a08e-c51c27c3dd43 for containerID=#6 failed. Corresponding entry not found.
2023-03-23 08:05:30,560 [EventQueue-DeleteBlockStatusForDeletedBlockLogImpl] DEBUG block.DeletedBlockLogImpl (DeletedBlockLogImpl.java:isTransactionFailed(314)) - Got block deletion ACK from datanode, TXIDs=7, success=true
2023-03-23 08:05:30,560 [EventQueue-DeleteBlockStatusForDeletedBlockLogImpl] DEBUG block.DeletedBlockLogImpl (DeletedBlockLogImpl.java:commitTransactions(260)) - Transaction txId=7 commit by dnId=7171cd95-6b54-4876-a08e-c51c27c3dd43 for containerID=#7 failed. Corresponding entry not found.
2023-03-23 08:05:30,560 [EventQueue-DeleteBlockStatusForDeletedBlockLogImpl] DEBUG block.DeletedBlockLogImpl (DeletedBlockLogImpl.java:isTransactionFailed(314)) - Got block deletion ACK from datanode, TXIDs=8, success=true
2023-03-23 08:05:30,560 [EventQueue-DeleteBlockStatusForDeletedBlockLogImpl] DEBUG block.DeletedBlockLogImpl (DeletedBlockLogImpl.java:commitTransactions(260)) - Transaction txId=8 commit by dnId=7171cd95-6b54-4876-a08e-c51c27c3dd43 for containerID=#8 failed. Corresponding entry not found.
2023-03-23 08:05:30,560 [EventQueue-DeleteBlockStatusForDeletedBlockLogImpl] DEBUG block.DeletedBlockLogImpl (DeletedBlockLogImpl.java:isTransactionFailed(314)) - Got block deletion ACK from datanode, TXIDs=9, success=true
2023-03-23 08:05:30,560 [EventQueue-DeleteBlockStatusForDeletedBlockLogImpl] DEBUG block.DeletedBlockLogImpl (DeletedBlockLogImpl.java:commitTransactions(260)) - Transaction txId=9 commit by dnId=7171cd95-6b54-4876-a08e-c51c27c3dd43 for containerID=#9 failed. Corresponding entry not found.
2023-03-23 08:05:30,560 [EventQueue-DeleteBlockStatusForDeletedBlockLogImpl] DEBUG block.DeletedBlockLogImpl (DeletedBlockLogImpl.java:isTransactionFailed(314)) - Got block deletion ACK from datanode, TXIDs=10, success=true
2023-03-23 08:05:30,560 [EventQueue-DeleteBlockStatusForDeletedBlockLogImpl] DEBUG block.DeletedBlockLogImpl (DeletedBlockLogImpl.java:commitTransactions(260)) - Transaction txId=10 commit by dnId=7171cd95-6b54-4876-a08e-c51c27c3dd43 for containerID=#10 failed. Corresponding entry not found.
2023-03-23 08:05:30,561 [EventQueue-DeleteBlockStatusForDeletedBlockLogImpl] DEBUG block.DeletedBlockLogImpl (DeletedBlockLogImpl.java:isTransactionFailed(314)) - Got block deletion ACK from datanode, TXIDs=1, success=true
2023-03-23 08:05:30,561 [EventQueue-DeleteBlockStatusForDeletedBlockLogImpl] DEBUG block.DeletedBlockLogImpl (DeletedBlockLogImpl.java:commitTransactions(260)) - Transaction txId=1 commit by dnId=7171cd95-6b54-4876-a08e-c51c27c3dd43 for containerID=#1 failed. Corresponding entry not found.
2023-03-23 08:05:30,561 [EventQueue-DeleteBlockStatusForDeletedBlockLogImpl] DEBUG block.DeletedBlockLogImpl (DeletedBlockLogImpl.java:isTransactionFailed(314)) - Got block deletion ACK from datanode, TXIDs=2, success=true
2023-03-23 08:05:30,561 [EventQueue-DeleteBlockStatusForDeletedBlockLogImpl] DEBUG block.DeletedBlockLogImpl (DeletedBlockLogImpl.java:commitTransactions(260)) - Transaction txId=2 commit by dnId=7171cd95-6b54-4876-a08e-c51c27c3dd43 for containerID=#2 failed. Corresponding entry not found.
2023-03-23 08:05:30,561 [EventQueue-DeleteBlockStatusForDeletedBlockLogImpl] DEBUG block.DeletedBlockLogImpl (DeletedBlockLogImpl.java:isTransactionFailed(314)) - Got block deletion ACK from datanode, TXIDs=3, success=true
2023-03-23 08:05:30,561 [EventQueue-DeleteBlockStatusForDeletedBlockLogImpl] DEBUG block.DeletedBlockLogImpl (DeletedBlockLogImpl.java:commitTransactions(260)) - Transaction txId=3 commit by dnId=7171cd95-6b54-4876-a08e-c51c27c3dd43 for containerID=#3 failed. Corresponding entry not found.
2023-03-23 08:05:30,561 [EventQueue-DeleteBlockStatusForDeletedBlockLogImpl] DEBUG block.DeletedBlockLogImpl (DeletedBlockLogImpl.java:isTransactionFailed(314)) - Got block deletion ACK from datanode, TXIDs=4, success=true
2023-03-23 08:05:30,561 [EventQueue-DeleteBlockStatusForDeletedBlockLogImpl] DEBUG block.DeletedBlockLogImpl (DeletedBlockLogImpl.java:commitTransactions(260)) - Transaction txId=4 commit by dnId=7171cd95-6b54-4876-a08e-c51c27c3dd43 for containerID=#4 failed. Corresponding entry not found.
2023-03-23 08:05:30,561 [EventQueue-DeleteBlockStatusForDeletedBlockLogImpl] DEBUG block.DeletedBlockLogImpl (DeletedBlockLogImpl.java:isTransactionFailed(314)) - Got block deletion ACK from datanode, TXIDs=5, success=true
2023-03-23 08:05:30,561 [EventQueue-DeleteBlockStatusForDeletedBlockLogImpl] DEBUG block.DeletedBlockLogImpl (DeletedBlockLogImpl.java:commitTransactions(260)) - Transaction txId=5 commit by dnId=7171cd95-6b54-4876-a08e-c51c27c3dd43 for containerID=#5 failed. Corresponding entry not found.
2023-03-23 08:05:30,561 [EventQueue-DeleteBlockStatusForDeletedBlockLogImpl] DEBUG block.DeletedBlockLogImpl (DeletedBlockLogImpl.java:isTransactionFailed(314)) - Got block deletion ACK from datanode, TXIDs=6, success=true
2023-03-23 08:05:30,561 [EventQueue-DeleteBlockStatusForDeletedBlockLogImpl] DEBUG block.DeletedBlockLogImpl (DeletedBlockLogImpl.java:commitTransactions(260)) - Transaction txId=6 commit by dnId=7171cd95-6b54-4876-a08e-c51c27c3dd43 for containerID=#6 failed. Corresponding entry not found.
2023-03-23 08:05:30,561 [EventQueue-DeleteBlockStatusForDeletedBlockLogImpl] DEBUG block.DeletedBlockLogImpl (DeletedBlockLogImpl.java:isTransactionFailed(314)) - Got block deletion ACK from datanode, TXIDs=7, success=true
2023-03-23 08:05:30,561 [EventQueue-DeleteBlockStatusForDeletedBlockLogImpl] DEBUG block.DeletedBlockLogImpl (DeletedBlockLogImpl.java:commitTransactions(260)) - Transaction txId=7 commit by dnId=7171cd95-6b54-4876-a08e-c51c27c3dd43 for containerID=#7 failed. Corresponding entry not found.
2023-03-23 08:05:30,561 [EventQueue-DeleteBlockStatusForDeletedBlockLogImpl] DEBUG block.DeletedBlockLogImpl (DeletedBlockLogImpl.java:isTransactionFailed(314)) - Got block deletion ACK from datanode, TXIDs=8, success=true
2023-03-23 08:05:30,561 [EventQueue-DeleteBlockStatusForDeletedBlockLogImpl] DEBUG block.DeletedBlockLogImpl (DeletedBlockLogImpl.java:commitTransactions(260)) - Transaction txId=8 commit by dnId=7171cd95-6b54-4876-a08e-c51c27c3dd43 for containerID=#8 failed. Corresponding entry not found.
2023-03-23 08:05:30,561 [EventQueue-DeleteBlockStatusForDeletedBlockLogImpl] DEBUG block.DeletedBlockLogImpl (DeletedBlockLogImpl.java:isTransactionFailed(314)) - Got block deletion ACK from datanode, TXIDs=9, success=true
2023-03-23 08:05:30,562 [EventQueue-DeleteBlockStatusForDeletedBlockLogImpl] DEBUG block.DeletedBlockLogImpl (DeletedBlockLogImpl.java:commitTransactions(260)) - Transaction txId=9 commit by dnId=7171cd95-6b54-4876-a08e-c51c27c3dd43 for containerID=#9 failed. Corresponding entry not found.
2023-03-23 08:05:30,562 [EventQueue-DeleteBlockStatusForDeletedBlockLogImpl] DEBUG block.DeletedBlockLogImpl (DeletedBlockLogImpl.java:isTransactionFailed(314)) - Got block deletion ACK from datanode, TXIDs=10, success=true
2023-03-23 08:05:30,562 [EventQueue-DeleteBlockStatusForDeletedBlockLogImpl] DEBUG block.DeletedBlockLogImpl (DeletedBlockLogImpl.java:commitTransactions(260)) - Transaction txId=10 commit by dnId=7171cd95-6b54-4876-a08e-c51c27c3dd43 for containerID=#10 failed. Corresponding entry not found.
2023-03-23 08:05:30,562 [EventQueue-DeleteBlockStatusForDeletedBlockLogImpl] DEBUG block.DeletedBlockLogImpl (DeletedBlockLogImpl.java:isTransactionFailed(314)) - Got block deletion ACK from datanode, TXIDs=1, success=true
2023-03-23 08:05:30,562 [EventQueue-DeleteBlockStatusForDeletedBlockLogImpl] DEBUG block.DeletedBlockLogImpl (DeletedBlockLogImpl.java:commitTransactions(260)) - Transaction txId=1 commit by dnId=7171cd95-6b54-4876-a08e-c51c27c3dd43 for containerID=#1 failed. Corresponding entry not found.
2023-03-23 08:05:30,562 [EventQueue-DeleteBlockStatusForDeletedBlockLogImpl] DEBUG block.DeletedBlockLogImpl (DeletedBlockLogImpl.java:isTransactionFailed(314)) - Got block deletion ACK from datanode, TXIDs=2, success=true
2023-03-23 08:05:30,562 [EventQueue-DeleteBlockStatusForDeletedBlockLogImpl] DEBUG block.DeletedBlockLogImpl (DeletedBlockLogImpl.java:commitTransactions(260)) - Transaction txId=2 commit by dnId=7171cd95-6b54-4876-a08e-c51c27c3dd43 for containerID=#2 failed. Corresponding entry not found.
2023-03-23 08:05:30,562 [EventQueue-DeleteBlockStatusForDeletedBlockLogImpl] DEBUG block.DeletedBlockLogImpl (DeletedBlockLogImpl.java:isTransactionFailed(314)) - Got block deletion ACK from datanode, TXIDs=3, success=true
2023-03-23 08:05:30,562 [EventQueue-DeleteBlockStatusForDeletedBlockLogImpl] DEBUG block.DeletedBlockLogImpl (DeletedBlockLogImpl.java:commitTransactions(260)) - Transaction txId=3 commit by dnId=7171cd95-6b54-4876-a08e-c51c27c3dd43 for containerID=#3 failed. Corresponding entry not found.
2023-03-23 08:05:30,562 [EventQueue-DeleteBlockStatusForDeletedBlockLogImpl] DEBUG block.DeletedBlockLogImpl (DeletedBlockLogImpl.java:isTransactionFailed(314)) - Got block deletion ACK from datanode, TXIDs=4, success=true
2023-03-23 08:05:30,562 [EventQueue-DeleteBlockStatusForDeletedBlockLogImpl] DEBUG block.DeletedBlockLogImpl (DeletedBlockLogImpl.java:commitTransactions(260)) - Transaction txId=4 commit by dnId=7171cd95-6b54-4876-a08e-c51c27c3dd43 for containerID=#4 failed. Corresponding entry not found.
2023-03-23 08:05:30,562 [EventQueue-DeleteBlockStatusForDeletedBlockLogImpl] DEBUG block.DeletedBlockLogImpl (DeletedBlockLogImpl.java:isTransactionFailed(314)) - Got block deletion ACK from datanode, TXIDs=5, success=true
2023-03-23 08:05:30,562 [EventQueue-DeleteBlockStatusForDeletedBlockLogImpl] DEBUG block.DeletedBlockLogImpl (DeletedBlockLogImpl.java:commitTransactions(260)) - Transaction txId=5 commit by dnId=7171cd95-6b54-4876-a08e-c51c27c3dd43 for containerID=#5 failed. Corresponding entry not found.
2023-03-23 08:05:30,562 [EventQueue-DeleteBlockStatusForDeletedBlockLogImpl] DEBUG block.DeletedBlockLogImpl (DeletedBlockLogImpl.java:isTransactionFailed(314)) - Got block deletion ACK from datanode, TXIDs=6, success=true
2023-03-23 08:05:30,562 [EventQueue-DeleteBlockStatusForDeletedBlockLogImpl] DEBUG block.DeletedBlockLogImpl (DeletedBlockLogImpl.java:commitTransactions(260)) - Transaction txId=6 commit by dnId=7171cd95-6b54-4876-a08e-c51c27c3dd43 for containerID=#6 failed. Corresponding entry not found.
2023-03-23 08:05:30,563 [EventQueue-DeleteBlockStatusForDeletedBlockLogImpl] DEBUG block.DeletedBlockLogImpl (DeletedBlockLogImpl.java:isTransactionFailed(314)) - Got block deletion ACK from datanode, TXIDs=7, success=true
2023-03-23 08:05:30,563 [EventQueue-DeleteBlockStatusForDeletedBlockLogImpl] DEBUG block.DeletedBlockLogImpl (DeletedBlockLogImpl.java:commitTransactions(260)) - Transaction txId=7 commit by dnId=7171cd95-6b54-4876-a08e-c51c27c3dd43 for containerID=#7 failed. Corresponding entry not found.
2023-03-23 08:05:30,563 [EventQueue-DeleteBlockStatusForDeletedBlockLogImpl] DEBUG block.DeletedBlockLogImpl (DeletedBlockLogImpl.java:isTransactionFailed(314)) - Got block deletion ACK from datanode, TXIDs=8, success=true
2023-03-23 08:05:30,563 [EventQueue-DeleteBlockStatusForDeletedBlockLogImpl] DEBUG block.DeletedBlockLogImpl (DeletedBlockLogImpl.java:commitTransactions(260)) - Transaction txId=8 commit by dnId=7171cd95-6b54-4876-a08e-c51c27c3dd43 for containerID=#8 failed. Corresponding entry not found.
2023-03-23 08:05:30,563 [EventQueue-DeleteBlockStatusForDeletedBlockLogImpl] DEBUG block.DeletedBlockLogImpl (DeletedBlockLogImpl.java:isTransactionFailed(314)) - Got block deletion ACK from datanode, TXIDs=9, success=true
2023-03-23 08:05:30,563 [EventQueue-DeleteBlockStatusForDeletedBlockLogImpl] DEBUG block.DeletedBlockLogImpl (DeletedBlockLogImpl.java:commitTransactions(260)) - Transaction txId=9 commit by dnId=7171cd95-6b54-4876-a08e-c51c27c3dd43 for containerID=#9 failed. Corresponding entry not found.
2023-03-23 08:05:30,563 [EventQueue-DeleteBlockStatusForDeletedBlockLogImpl] DEBUG block.DeletedBlockLogImpl (DeletedBlockLogImpl.java:isTransactionFailed(314)) - Got block deletion ACK from datanode, TXIDs=10, success=true
2023-03-23 08:05:30,563 [EventQueue-DeleteBlockStatusForDeletedBlockLogImpl] DEBUG block.DeletedBlockLogImpl (DeletedBlockLogImpl.java:commitTransactions(260)) - Transaction txId=10 commit by dnId=7171cd95-6b54-4876-a08e-c51c27c3dd43 for containerID=#10 failed. Corresponding entry not found.
2023-03-23 08:05:30,563 [EventQueue-DeleteBlockStatusForDeletedBlockLogImpl] DEBUG block.DeletedBlockLogImpl (DeletedBlockLogImpl.java:isTransactionFailed(314)) - Got block deletion ACK from datanode, TXIDs=1, success=true
2023-03-23 08:05:30,563 [EventQueue-DeleteBlockStatusForDeletedBlockLogImpl] DEBUG block.DeletedBlockLogImpl (DeletedBlockLogImpl.java:commitTransactions(260)) - Transaction txId=1 commit by dnId=7171cd95-6b54-4876-a08e-c51c27c3dd43 for containerID=#1 failed. Corresponding entry not found.
2023-03-23 08:05:30,563 [EventQueue-DeleteBlockStatusForDeletedBlockLogImpl] DEBUG block.DeletedBlockLogImpl (DeletedBlockLogImpl.java:isTransactionFailed(314)) - Got block deletion ACK from datanode, TXIDs=2, success=true
2023-03-23 08:05:30,563 [EventQueue-DeleteBlockStatusForDeletedBlockLogImpl] DEBUG block.DeletedBlockLogImpl (DeletedBlockLogImpl.java:commitTransactions(260)) - Transaction txId=2 commit by dnId=7171cd95-6b54-4876-a08e-c51c27c3dd43 for containerID=#2 failed. Corresponding entry not found.
2023-03-23 08:05:30,563 [EventQueue-DeleteBlockStatusForDeletedBlockLogImpl] DEBUG block.DeletedBlockLogImpl (DeletedBlockLogImpl.java:isTransactionFailed(314)) - Got block deletion ACK from datanode, TXIDs=3, success=true
2023-03-23 08:05:30,563 [EventQueue-DeleteBlockStatusForDeletedBlockLogImpl] DEBUG block.DeletedBlockLogImpl (DeletedBlockLogImpl.java:commitTransactions(260)) - Transaction txId=3 commit by dnId=7171cd95-6b54-4876-a08e-c51c27c3dd43 for containerID=#3 failed. Corresponding entry not found.
2023-03-23 08:05:30,568 [EventQueue-DeleteBlockStatusForDeletedBlockLogImpl] DEBUG block.DeletedBlockLogImpl (DeletedBlockLogImpl.java:isTransactionFailed(314)) - Got block deletion ACK from datanode, TXIDs=4, success=true
2023-03-23 08:05:30,568 [EventQueue-DeleteBlockStatusForDeletedBlockLogImpl] DEBUG block.DeletedBlockLogImpl (DeletedBlockLogImpl.java:commitTransactions(260)) - Transaction txId=4 commit by dnId=7171cd95-6b54-4876-a08e-c51c27c3dd43 for containerID=#4 failed. Corresponding entry not found.
2023-03-23 08:05:30,568 [EventQueue-DeleteBlockStatusForDeletedBlockLogImpl] DEBUG block.DeletedBlockLogImpl (DeletedBlockLogImpl.java:isTransactionFailed(314)) - Got block deletion ACK from datanode, TXIDs=5, success=true
2023-03-23 08:05:30,568 [EventQueue-DeleteBlockStatusForDeletedBlockLogImpl] DEBUG block.DeletedBlockLogImpl (DeletedBlockLogImpl.java:commitTransactions(260)) - Transaction txId=5 commit by dnId=7171cd95-6b54-4876-a08e-c51c27c3dd43 for containerID=#5 failed. Corresponding entry not found.
2023-03-23 08:05:30,568 [EventQueue-DeleteBlockStatusForDeletedBlockLogImpl] DEBUG block.DeletedBlockLogImpl (DeletedBlockLogImpl.java:isTransactionFailed(314)) - Got block deletion ACK from datanode, TXIDs=6, success=true
2023-03-23 08:05:30,568 [EventQueue-DeleteBlockStatusForDeletedBlockLogImpl] DEBUG block.DeletedBlockLogImpl (DeletedBlockLogImpl.java:commitTransactions(260)) - Transaction txId=6 commit by dnId=7171cd95-6b54-4876-a08e-c51c27c3dd43 for containerID=#6 failed. Corresponding entry not found.
2023-03-23 08:05:30,568 [EventQueue-DeleteBlockStatusForDeletedBlockLogImpl] DEBUG block.DeletedBlockLogImpl (DeletedBlockLogImpl.java:isTransactionFailed(314)) - Got block deletion ACK from datanode, TXIDs=7, success=true
2023-03-23 08:05:30,568 [EventQueue-DeleteBlockStatusForDeletedBlockLogImpl] DEBUG block.DeletedBlockLogImpl (DeletedBlockLogImpl.java:commitTransactions(260)) - Transaction txId=7 commit by dnId=7171cd95-6b54-4876-a08e-c51c27c3dd43 for containerID=#7 failed. Corresponding entry not found.
2023-03-23 08:05:30,568 [EventQueue-DeleteBlockStatusForDeletedBlockLogImpl] DEBUG block.DeletedBlockLogImpl (DeletedBlockLogImpl.java:isTransactionFailed(314)) - Got block deletion ACK from datanode, TXIDs=8, success=true
2023-03-23 08:05:30,568 [EventQueue-DeleteBlockStatusForDeletedBlockLogImpl] DEBUG block.DeletedBlockLogImpl (DeletedBlockLogImpl.java:commitTransactions(260)) - Transaction txId=8 commit by dnId=7171cd95-6b54-4876-a08e-c51c27c3dd43 for containerID=#8 failed. Corresponding entry not found.
2023-03-23 08:05:30,568 [EventQueue-DeleteBlockStatusForDeletedBlockLogImpl] DEBUG block.DeletedBlockLogImpl (DeletedBlockLogImpl.java:isTransactionFailed(314)) - Got block deletion ACK from datanode, TXIDs=9, success=true
2023-03-23 08:05:30,568 [EventQueue-DeleteBlockStatusForDeletedBlockLogImpl] DEBUG block.DeletedBlockLogImpl (DeletedBlockLogImpl.java:commitTransactions(260)) - Transaction txId=9 commit by dnId=7171cd95-6b54-4876-a08e-c51c27c3dd43 for containerID=#9 failed. Corresponding entry not found.
2023-03-23 08:05:30,568 [EventQueue-DeleteBlockStatusForDeletedBlockLogImpl] DEBUG block.DeletedBlockLogImpl (DeletedBlockLogImpl.java:isTransactionFailed(314)) - Got block deletion ACK from datanode, TXIDs=10, success=true
2023-03-23 08:05:30,568 [EventQueue-DeleteBlockStatusForDeletedBlockLogImpl] DEBUG block.DeletedBlockLogImpl (DeletedBlockLogImpl.java:commitTransactions(260)) - Transaction txId=10 commit by dnId=7171cd95-6b54-4876-a08e-c51c27c3dd43 for containerID=#10 failed. Corresponding entry not found.
2023-03-23 08:05:30,568 [EventQueue-DeleteBlockStatusForDeletedBlockLogImpl] DEBUG block.DeletedBlockLogImpl (DeletedBlockLogImpl.java:isTransactionFailed(314)) - Got block deletion ACK from datanode, TXIDs=1, success=true
2023-03-23 08:05:30,568 [EventQueue-DeleteBlockStatusForDeletedBlockLogImpl] DEBUG block.DeletedBlockLogImpl (DeletedBlockLogImpl.java:commitTransactions(260)) - Transaction txId=1 commit by dnId=7171cd95-6b54-4876-a08e-c51c27c3dd43 for containerID=#1 failed. Corresponding entry not found.
2023-03-23 08:05:30,568 [EventQueue-DeleteBlockStatusForDeletedBlockLogImpl] DEBUG block.DeletedBlockLogImpl (DeletedBlockLogImpl.java:isTransactionFailed(314)) - Got block deletion ACK from datanode, TXIDs=2, success=true
2023-03-23 08:05:30,568 [EventQueue-DeleteBlockStatusForDeletedBlockLogImpl] DEBUG block.DeletedBlockLogImpl (DeletedBlockLogImpl.java:commitTransactions(260)) - Transaction txId=2 commit by dnId=7171cd95-6b54-4876-a08e-c51c27c3dd43 for containerID=#2 failed. Corresponding entry not found.
2023-03-23 08:05:30,568 [EventQueue-DeleteBlockStatusForDeletedBlockLogImpl] DEBUG block.DeletedBlockLogImpl (DeletedBlockLogImpl.java:isTransactionFailed(314)) - Got block deletion ACK from datanode, TXIDs=3, success=true
2023-03-23 08:05:30,568 [EventQueue-DeleteBlockStatusForDeletedBlockLogImpl] DEBUG block.DeletedBlockLogImpl (DeletedBlockLogImpl.java:commitTransactions(260)) - Transaction txId=3 commit by dnId=7171cd95-6b54-4876-a08e-c51c27c3dd43 for containerID=#3 failed. Corresponding entry not found.
2023-03-23 08:05:30,568 [EventQueue-DeleteBlockStatusForDeletedBlockLogImpl] DEBUG block.DeletedBlockLogImpl (DeletedBlockLogImpl.java:isTransactionFailed(314)) - Got block deletion ACK from datanode, TXIDs=4, success=true
2023-03-23 08:05:30,568 [EventQueue-DeleteBlockStatusForDeletedBlockLogImpl] DEBUG block.DeletedBlockLogImpl (DeletedBlockLogImpl.java:commitTransactions(260)) - Transaction txId=4 commit by dnId=7171cd95-6b54-4876-a08e-c51c27c3dd43 for containerID=#4 failed. Corresponding entry not found.
2023-03-23 08:05:30,568 [EventQueue-DeleteBlockStatusForDeletedBlockLogImpl] DEBUG block.DeletedBlockLogImpl (DeletedBlockLogImpl.java:isTransactionFailed(314)) - Got block deletion ACK from datanode, TXIDs=5, success=true
2023-03-23 08:05:30,568 [EventQueue-DeleteBlockStatusForDeletedBlockLogImpl] DEBUG block.DeletedBlockLogImpl (DeletedBlockLogImpl.java:commitTransactions(260)) - Transaction txId=5 commit by dnId=7171cd95-6b54-4876-a08e-c51c27c3dd43 for containerID=#5 failed. Corresponding entry not found.
2023-03-23 08:05:30,568 [EventQueue-DeleteBlockStatusForDeletedBlockLogImpl] DEBUG block.DeletedBlockLogImpl (DeletedBlockLogImpl.java:isTransactionFailed(314)) - Got block deletion ACK from datanode, TXIDs=6, success=true
2023-03-23 08:05:30,569 [EventQueue-DeleteBlockStatusForDeletedBlockLogImpl] DEBUG block.DeletedBlockLogImpl (DeletedBlockLogImpl.java:commitTransactions(260)) - Transaction txId=6 commit by dnId=7171cd95-6b54-4876-a08e-c51c27c3dd43 for containerID=#6 failed. Corresponding entry not found.
2023-03-23 08:05:30,569 [EventQueue-DeleteBlockStatusForDeletedBlockLogImpl] DEBUG block.DeletedBlockLogImpl (DeletedBlockLogImpl.java:isTransactionFailed(314)) - Got block deletion ACK from datanode, TXIDs=7, success=true
2023-03-23 08:05:30,569 [EventQueue-DeleteBlockStatusForDeletedBlockLogImpl] DEBUG block.DeletedBlockLogImpl (DeletedBlockLogImpl.java:commitTransactions(260)) - Transaction txId=7 commit by dnId=7171cd95-6b54-4876-a08e-c51c27c3dd43 for containerID=#7 failed. Corresponding entry not found.
2023-03-23 08:05:30,569 [EventQueue-DeleteBlockStatusForDeletedBlockLogImpl] DEBUG block.DeletedBlockLogImpl (DeletedBlockLogImpl.java:isTransactionFailed(314)) - Got block deletion ACK from datanode, TXIDs=8, success=true
2023-03-23 08:05:30,569 [EventQueue-DeleteBlockStatusForDeletedBlockLogImpl] DEBUG block.DeletedBlockLogImpl (DeletedBlockLogImpl.java:commitTransactions(260)) - Transaction txId=8 commit by dnId=7171cd95-6b54-4876-a08e-c51c27c3dd43 for containerID=#8 failed. Corresponding entry not found.
2023-03-23 08:05:30,569 [EventQueue-DeleteBlockStatusForDeletedBlockLogImpl] DEBUG block.DeletedBlockLogImpl (DeletedBlockLogImpl.java:isTransactionFailed(314)) - Got block deletion ACK from datanode, TXIDs=9, success=true
2023-03-23 08:05:30,569 [EventQueue-DeleteBlockStatusForDeletedBlockLogImpl] DEBUG block.DeletedBlockLogImpl (DeletedBlockLogImpl.java:commitTransactions(260)) - Transaction txId=9 commit by dnId=7171cd95-6b54-4876-a08e-c51c27c3dd43 for containerID=#9 failed. Corresponding entry not found.
2023-03-23 08:05:30,569 [EventQueue-DeleteBlockStatusForDeletedBlockLogImpl] DEBUG block.DeletedBlockLogImpl (DeletedBlockLogImpl.java:isTransactionFailed(314)) - Got block deletion ACK from datanode, TXIDs=10, success=true
2023-03-23 08:05:30,569 [EventQueue-DeleteBlockStatusForDeletedBlockLogImpl] DEBUG block.DeletedBlockLogImpl (DeletedBlockLogImpl.java:commitTransactions(260)) - Transaction txId=10 commit by dnId=7171cd95-6b54-4876-a08e-c51c27c3dd43 for containerID=#10 failed. Corresponding entry not found.
2023-03-23 08:05:30,569 [BlockDeletingService#8] INFO  interfaces.ContainerDeletionChoosingPolicyTemplate (ContainerDeletionChoosingPolicyTemplate.java:chooseContainerForBlockDeletion(83)) - Chosen 0/5000 blocks from 0 candidate containers.
2023-03-23 08:05:30,596 [BlockDeletingService#4] INFO  interfaces.ContainerDeletionChoosingPolicyTemplate (ContainerDeletionChoosingPolicyTemplate.java:chooseContainerForBlockDeletion(83)) - Chosen 50/4950 blocks from 10 candidate containers.
2023-03-23 08:05:30,596 [BlockDeletingService#9] WARN  keyvalue.KeyValueHandler (KeyValueHandler.java:deleteUnreferenced(1211)) - Missing delete block(Container = 10, Block = 111677748019200010
2023-03-23 08:05:30,597 [BlockDeletingService#9] WARN  keyvalue.KeyValueHandler (KeyValueHandler.java:deleteUnreferenced(1211)) - Missing delete block(Container = 6, Block = 111677748019200006
2023-03-23 08:05:30,597 [BlockDeletingService#9] WARN  keyvalue.KeyValueHandler (KeyValueHandler.java:deleteUnreferenced(1211)) - Missing delete block(Container = 5, Block = 111677748019200005
2023-03-23 08:05:30,597 [BlockDeletingService#9] WARN  keyvalue.KeyValueHandler (KeyValueHandler.java:deleteUnreferenced(1211)) - Missing delete block(Container = 4, Block = 111677748019200004
2023-03-23 08:05:30,598 [BlockDeletingService#2] WARN  keyvalue.KeyValueHandler (KeyValueHandler.java:deleteUnreferenced(1211)) - Missing delete block(Container = 3, Block = 111677748019200003
2023-03-23 08:05:30,598 [BlockDeletingService#1] WARN  keyvalue.KeyValueHandler (KeyValueHandler.java:deleteUnreferenced(1211)) - Missing delete block(Container = 1, Block = 111677748019200001
2023-03-23 08:05:30,598 [BlockDeletingService#3] WARN  keyvalue.KeyValueHandler (KeyValueHandler.java:deleteUnreferenced(1211)) - Missing delete block(Container = 8, Block = 111677748019200008
2023-03-23 08:05:30,596 [BlockDeletingService#6] WARN  keyvalue.KeyValueHandler (KeyValueHandler.java:deleteUnreferenced(1211)) - Missing delete block(Container = 7, Block = 111677748019200007
2023-03-23 08:05:30,598 [BlockDeletingService#0] WARN  keyvalue.KeyValueHandler (KeyValueHandler.java:deleteUnreferenced(1211)) - Missing delete block(Container = 2, Block = 111677748019200002
2023-03-23 08:05:30,598 [BlockDeletingService#5] WARN  keyvalue.KeyValueHandler (KeyValueHandler.java:deleteUnreferenced(1211)) - Missing delete block(Container = 9, Block = 111677748019200009
2023-03-23 08:05:30,618 [BlockDeletingService#8] INFO  interfaces.ContainerDeletionChoosingPolicyTemplate (ContainerDeletionChoosingPolicyTemplate.java:chooseContainerForBlockDeletion(83)) - Chosen 0/5000 blocks from 0 candidate containers.
2023-03-23 08:05:30,631 [SCMBlockDeletingService#0] DEBUG block.SCMBlockDeletingService (SCMBlockDeletingService.java:call(136)) - Running DeletedBlockTransactionScanner
2023-03-23 08:05:30,670 [BlockDeletingService#8] INFO  interfaces.ContainerDeletionChoosingPolicyTemplate (ContainerDeletionChoosingPolicyTemplate.java:chooseContainerForBlockDeletion(83)) - Chosen 0/5000 blocks from 0 candidate containers.
2023-03-23 08:05:30,700 [BlockDeletingService#9] INFO  interfaces.ContainerDeletionChoosingPolicyTemplate (ContainerDeletionChoosingPolicyTemplate.java:chooseContainerForBlockDeletion(83)) - Chosen 40/4960 blocks from 10 candidate containers.
2023-03-23 08:05:30,700 [BlockDeletingService#7] INFO  background.BlockDeletingService (BlockDeletingService.java:deleteViaTransactionStore(483)) - No transaction found in container 1 with pending delete block count 4
2023-03-23 08:05:30,700 [BlockDeletingService#7] INFO  background.BlockDeletingService (BlockDeletingService.java:deleteViaTransactionStore(483)) - No transaction found in container 10 with pending delete block count 4
2023-03-23 08:05:30,700 [BlockDeletingService#7] INFO  background.BlockDeletingService (BlockDeletingService.java:deleteViaTransactionStore(483)) - No transaction found in container 9 with pending delete block count 4
2023-03-23 08:05:30,701 [BlockDeletingService#7] INFO  background.BlockDeletingService (BlockDeletingService.java:deleteViaTransactionStore(483)) - No transaction found in container 8 with pending delete block count 4
2023-03-23 08:05:30,701 [BlockDeletingService#7] INFO  background.BlockDeletingService (BlockDeletingService.java:deleteViaTransactionStore(483)) - No transaction found in container 7 with pending delete block count 4
2023-03-23 08:05:30,701 [BlockDeletingService#7] INFO  background.BlockDeletingService (BlockDeletingService.java:deleteViaTransactionStore(483)) - No transaction found in container 6 with pending delete block count 4
2023-03-23 08:05:30,701 [BlockDeletingService#7] INFO  background.BlockDeletingService (BlockDeletingService.java:deleteViaTransactionStore(483)) - No transaction found in container 5 with pending delete block count 4
2023-03-23 08:05:30,701 [BlockDeletingService#1] INFO  background.BlockDeletingService (BlockDeletingService.java:deleteViaTransactionStore(483)) - No transaction found in container 3 with pending delete block count 4
2023-03-23 08:05:30,701 [BlockDeletingService#9] INFO  background.BlockDeletingService (BlockDeletingService.java:deleteViaTransactionStore(483)) - No transaction found in container 4 with pending delete block count 4
2023-03-23 08:05:30,701 [BlockDeletingService#1] INFO  background.BlockDeletingService (BlockDeletingService.java:deleteViaTransactionStore(483)) - No transaction found in container 2 with pending delete block count 4
2023-03-23 08:05:30,719 [BlockDeletingService#8] INFO  interfaces.ContainerDeletionChoosingPolicyTemplate (ContainerDeletionChoosingPolicyTemplate.java:chooseContainerForBlockDeletion(83)) - Chosen 0/5000 blocks from 0 candidate containers.
2023-03-23 08:05:30,731 [SCMBlockDeletingService#0] DEBUG block.SCMBlockDeletingService (SCMBlockDeletingService.java:call(136)) - Running DeletedBlockTransactionScanner
2023-03-23 08:05:30,770 [BlockDeletingService#8] INFO  interfaces.ContainerDeletionChoosingPolicyTemplate (ContainerDeletionChoosingPolicyTemplate.java:chooseContainerForBlockDeletion(83)) - Chosen 0/5000 blocks from 0 candidate containers.
2023-03-23 08:05:30,801 [BlockDeletingService#9] INFO  interfaces.ContainerDeletionChoosingPolicyTemplate (ContainerDeletionChoosingPolicyTemplate.java:chooseContainerForBlockDeletion(83)) - Chosen 0/5000 blocks from 0 candidate containers.
2023-03-23 08:05:30,819 [BlockDeletingService#8] INFO  interfaces.ContainerDeletionChoosingPolicyTemplate (ContainerDeletionChoosingPolicyTemplate.java:chooseContainerForBlockDeletion(83)) - Chosen 0/5000 blocks from 0 candidate containers.
2023-03-23 08:05:30,831 [SCMBlockDeletingService#0] DEBUG block.SCMBlockDeletingService (SCMBlockDeletingService.java:call(136)) - Running DeletedBlockTransactionScanner
2023-03-23 08:05:30,870 [BlockDeletingService#8] INFO  interfaces.ContainerDeletionChoosingPolicyTemplate (ContainerDeletionChoosingPolicyTemplate.java:chooseContainerForBlockDeletion(83)) - Chosen 0/5000 blocks from 0 candidate containers.
2023-03-23 08:05:30,901 [BlockDeletingService#9] INFO  interfaces.ContainerDeletionChoosingPolicyTemplate (ContainerDeletionChoosingPolicyTemplate.java:chooseContainerForBlockDeletion(83)) - Chosen 0/5000 blocks from 0 candidate containers.
2023-03-23 08:05:30,919 [BlockDeletingService#8] INFO  interfaces.ContainerDeletionChoosingPolicyTemplate (ContainerDeletionChoosingPolicyTemplate.java:chooseContainerForBlockDeletion(83)) - Chosen 0/5000 blocks from 0 candidate containers.
2023-03-23 08:05:30,931 [SCMBlockDeletingService#0] DEBUG block.SCMBlockDeletingService (SCMBlockDeletingService.java:call(136)) - Running DeletedBlockTransactionScanner
2023-03-23 08:05:30,970 [BlockDeletingService#8] INFO  interfaces.ContainerDeletionChoosingPolicyTemplate (ContainerDeletionChoosingPolicyTemplate.java:chooseContainerForBlockDeletion(83)) - Chosen 0/5000 blocks from 0 candidate containers.
2023-03-23 08:05:31,002 [BlockDeletingService#9] INFO  interfaces.ContainerDeletionChoosingPolicyTemplate (ContainerDeletionChoosingPolicyTemplate.java:chooseContainerForBlockDeletion(83)) - Chosen 0/5000 blocks from 0 candidate containers.
2023-03-23 08:05:31,019 [BlockDeletingService#8] INFO  interfaces.ContainerDeletionChoosingPolicyTemplate (ContainerDeletionChoosingPolicyTemplate.java:chooseContainerForBlockDeletion(83)) - Chosen 0/5000 blocks from 0 candidate containers.
2023-03-23 08:05:31,031 [SCMBlockDeletingService#0] DEBUG block.SCMBlockDeletingService (SCMBlockDeletingService.java:call(136)) - Running DeletedBlockTransactionScanner
2023-03-23 08:05:31,071 [BlockDeletingService#8] INFO  interfaces.ContainerDeletionChoosingPolicyTemplate (ContainerDeletionChoosingPolicyTemplate.java:chooseContainerForBlockDeletion(83)) - Chosen 0/5000 blocks from 0 candidate containers.
2023-03-23 08:05:31,102 [BlockDeletingService#9] INFO  interfaces.ContainerDeletionChoosingPolicyTemplate (ContainerDeletionChoosingPolicyTemplate.java:chooseContainerForBlockDeletion(83)) - Chosen 0/5000 blocks from 0 candidate containers.
2023-03-23 08:05:31,120 [BlockDeletingService#8] INFO  interfaces.ContainerDeletionChoosingPolicyTemplate (ContainerDeletionChoosingPolicyTemplate.java:chooseContainerForBlockDeletion(83)) - Chosen 0/5000 blocks from 0 candidate containers.
2023-03-23 08:05:31,132 [SCMBlockDeletingService#0] DEBUG block.SCMBlockDeletingService (SCMBlockDeletingService.java:call(136)) - Running DeletedBlockTransactionScanner
2023-03-23 08:05:31,171 [BlockDeletingService#8] INFO  interfaces.ContainerDeletionChoosingPolicyTemplate (ContainerDeletionChoosingPolicyTemplate.java:chooseContainerForBlockDeletion(83)) - Chosen 0/5000 blocks from 0 candidate containers.
2023-03-23 08:05:31,202 [BlockDeletingService#9] INFO  interfaces.ContainerDeletionChoosingPolicyTemplate (ContainerDeletionChoosingPolicyTemplate.java:chooseContainerForBlockDeletion(83)) - Chosen 0/5000 blocks from 0 candidate containers.
2023-03-23 08:05:31,220 [BlockDeletingService#8] INFO  interfaces.ContainerDeletionChoosingPolicyTemplate (ContainerDeletionChoosingPolicyTemplate.java:chooseContainerForBlockDeletion(83)) - Chosen 0/5000 blocks from 0 candidate containers.
2023-03-23 08:05:31,232 [SCMBlockDeletingService#0] DEBUG block.SCMBlockDeletingService (SCMBlockDeletingService.java:call(136)) - Running DeletedBlockTransactionScanner
2023-03-23 08:05:31,271 [BlockDeletingService#8] INFO  interfaces.ContainerDeletionChoosingPolicyTemplate (ContainerDeletionChoosingPolicyTemplate.java:chooseContainerForBlockDeletion(83)) - Chosen 0/5000 blocks from 0 candidate containers.
2023-03-23 08:05:31,302 [BlockDeletingService#9] INFO  interfaces.ContainerDeletionChoosingPolicyTemplate (ContainerDeletionChoosingPolicyTemplate.java:chooseContainerForBlockDeletion(83)) - Chosen 0/5000 blocks from 0 candidate containers.
2023-03-23 08:05:31,320 [BlockDeletingService#8] INFO  interfaces.ContainerDeletionChoosingPolicyTemplate (ContainerDeletionChoosingPolicyTemplate.java:chooseContainerForBlockDeletion(83)) - Chosen 0/5000 blocks from 0 candidate containers.
2023-03-23 08:05:31,332 [SCMBlockDeletingService#0] DEBUG block.SCMBlockDeletingService (SCMBlockDeletingService.java:call(136)) - Running DeletedBlockTransactionScanner
2023-03-23 08:05:31,372 [BlockDeletingService#8] INFO  interfaces.ContainerDeletionChoosingPolicyTemplate (ContainerDeletionChoosingPolicyTemplate.java:chooseContainerForBlockDeletion(83)) - Chosen 0/5000 blocks from 0 candidate containers.
2023-03-23 08:05:31,403 [BlockDeletingService#9] INFO  interfaces.ContainerDeletionChoosingPolicyTemplate (ContainerDeletionChoosingPolicyTemplate.java:chooseContainerForBlockDeletion(83)) - Chosen 0/5000 blocks from 0 candidate containers.
2023-03-23 08:05:31,420 [BlockDeletingService#8] INFO  interfaces.ContainerDeletionChoosingPolicyTemplate (ContainerDeletionChoosingPolicyTemplate.java:chooseContainerForBlockDeletion(83)) - Chosen 0/5000 blocks from 0 candidate containers.
2023-03-23 08:05:31,432 [SCMBlockDeletingService#0] DEBUG block.SCMBlockDeletingService (SCMBlockDeletingService.java:call(136)) - Running DeletedBlockTransactionScanner
2023-03-23 08:05:31,472 [BlockDeletingService#8] INFO  interfaces.ContainerDeletionChoosingPolicyTemplate (ContainerDeletionChoosingPolicyTemplate.java:chooseContainerForBlockDeletion(83)) - Chosen 0/5000 blocks from 0 candidate containers.
2023-03-23 08:05:31,503 [BlockDeletingService#9] INFO  interfaces.ContainerDeletionChoosingPolicyTemplate (ContainerDeletionChoosingPolicyTemplate.java:chooseContainerForBlockDeletion(83)) - Chosen 0/5000 blocks from 0 candidate containers.
2023-03-23 08:05:31,521 [BlockDeletingService#8] INFO  interfaces.ContainerDeletionChoosingPolicyTemplate (ContainerDeletionChoosingPolicyTemplate.java:chooseContainerForBlockDeletion(83)) - Chosen 0/5000 blocks from 0 candidate containers.
2023-03-23 08:05:31,532 [SCMBlockDeletingService#0] DEBUG block.SCMBlockDeletingService (SCMBlockDeletingService.java:call(136)) - Running DeletedBlockTransactionScanner
2023-03-23 08:05:31,572 [BlockDeletingService#8] INFO  interfaces.ContainerDeletionChoosingPolicyTemplate (ContainerDeletionChoosingPolicyTemplate.java:chooseContainerForBlockDeletion(83)) - Chosen 0/5000 blocks from 0 candidate containers.
2023-03-23 08:05:31,603 [BlockDeletingService#9] INFO  interfaces.ContainerDeletionChoosingPolicyTemplate (ContainerDeletionChoosingPolicyTemplate.java:chooseContainerForBlockDeletion(83)) - Chosen 0/5000 blocks from 0 candidate containers.
2023-03-23 08:05:31,621 [BlockDeletingService#8] INFO  interfaces.ContainerDeletionChoosingPolicyTemplate (ContainerDeletionChoosingPolicyTemplate.java:chooseContainerForBlockDeletion(83)) - Chosen 0/5000 blocks from 0 candidate containers.
2023-03-23 08:05:31,632 [SCMBlockDeletingService#0] DEBUG block.SCMBlockDeletingService (SCMBlockDeletingService.java:call(136)) - Running DeletedBlockTransactionScanner
2023-03-23 08:05:31,672 [BlockDeletingService#8] INFO  interfaces.ContainerDeletionChoosingPolicyTemplate (ContainerDeletionChoosingPolicyTemplate.java:chooseContainerForBlockDeletion(83)) - Chosen 0/5000 blocks from 0 candidate containers.
2023-03-23 08:05:31,703 [BlockDeletingService#9] INFO  interfaces.ContainerDeletionChoosingPolicyTemplate (ContainerDeletionChoosingPolicyTemplate.java:chooseContainerForBlockDeletion(83)) - Chosen 0/5000 blocks from 0 candidate containers.
2023-03-23 08:05:31,721 [BlockDeletingService#8] INFO  interfaces.ContainerDeletionChoosingPolicyTemplate (ContainerDeletionChoosingPolicyTemplate.java:chooseContainerForBlockDeletion(83)) - Chosen 0/5000 blocks from 0 candidate containers.
2023-03-23 08:05:31,732 [SCMBlockDeletingService#0] DEBUG block.SCMBlockDeletingService (SCMBlockDeletingService.java:call(136)) - Running DeletedBlockTransactionScanner
2023-03-23 08:05:31,773 [BlockDeletingService#8] INFO  interfaces.ContainerDeletionChoosingPolicyTemplate (ContainerDeletionChoosingPolicyTemplate.java:chooseContainerForBlockDeletion(83)) - Chosen 0/5000 blocks from 0 candidate containers.
2023-03-23 08:05:31,803 [BlockDeletingService#9] INFO  interfaces.ContainerDeletionChoosingPolicyTemplate (ContainerDeletionChoosingPolicyTemplate.java:chooseContainerForBlockDeletion(83)) - Chosen 0/5000 blocks from 0 candidate containers.
2023-03-23 08:05:31,822 [BlockDeletingService#8] INFO  interfaces.ContainerDeletionChoosingPolicyTemplate (ContainerDeletionChoosingPolicyTemplate.java:chooseContainerForBlockDeletion(83)) - Chosen 0/5000 blocks from 0 candidate containers.
2023-03-23 08:05:31,832 [SCMBlockDeletingService#0] DEBUG block.SCMBlockDeletingService (SCMBlockDeletingService.java:call(136)) - Running DeletedBlockTransactionScanner
2023-03-23 08:05:31,854 [ForkJoinPool.commonPool-worker-1] INFO  volume.HddsVolume (HddsVolume.java:closeDbStore(437)) - SchemaV3 db is stopped at /home/runner/work/ozone/ozone/hadoop-ozone/integration-test/target/test-dir/MiniOzoneClusterImpl-2db357e6-2bf9-484c-8f04-13a4732d1f27/datanode-0/data-0/containers/hdds/2db357e6-2bf9-484c-8f04-13a4732d1f27/DS-4c3c2f26-b19d-4d6f-9d85-a2263460296d/container.db for volume DS-4c3c2f26-b19d-4d6f-9d85-a2263460296d
2023-03-23 08:05:31,854 [Listener at 127.0.0.1/41453] INFO  volume.HddsVolume (HddsVolume.java:closeDbStore(437)) - SchemaV3 db is stopped at /home/runner/work/ozone/ozone/hadoop-ozone/integration-test/target/test-dir/MiniOzoneClusterImpl-2db357e6-2bf9-484c-8f04-13a4732d1f27/datanode-1/data-0/containers/hdds/2db357e6-2bf9-484c-8f04-13a4732d1f27/DS-880ceff8-a3b8-47a9-936b-489f58247b94/container.db for volume DS-880ceff8-a3b8-47a9-936b-489f58247b94
2023-03-23 08:05:31,854 [Listener at 127.0.0.1/41453] INFO  utils.BackgroundService (BackgroundService.java:shutdown(141)) - Shutting down service BlockDeletingService
2023-03-23 08:05:31,855 [ForkJoinPool.commonPool-worker-1] INFO  utils.BackgroundService (BackgroundService.java:shutdown(141)) - Shutting down service BlockDeletingService
2023-03-23 08:05:31,857 [ForkJoinPool.commonPool-worker-1] INFO  utils.BackgroundService (BackgroundService.java:shutdown(141)) - Shutting down service StaleRecoveringContainerScrubbingService
2023-03-23 08:05:31,858 [Listener at 127.0.0.1/41453] INFO  utils.BackgroundService (BackgroundService.java:shutdown(141)) - Shutting down service StaleRecoveringContainerScrubbingService
2023-03-23 08:05:31,861 [Listener at 127.0.0.1/41453] INFO  statemachine.DatanodeStateMachine (DatanodeStateMachine.java:stopDaemon(601)) - Ozone container server stopped.
2023-03-23 08:05:31,864 [ForkJoinPool.commonPool-worker-1] INFO  statemachine.DatanodeStateMachine (DatanodeStateMachine.java:stopDaemon(601)) - Ozone container server stopped.
2023-03-23 08:05:31,874 [Listener at 127.0.0.1/41453] INFO  handler.ContextHandler (ContextHandler.java:doStop(1159)) - Stopped o.e.j.w.WebAppContext@5107f87e{hddsDatanode,/,null,STOPPED}{jar:file:/home/runner/.m2/repository/org/apache/ozone/hdds-container-service/1.4.0-SNAPSHOT/hdds-container-service-1.4.0-SNAPSHOT.jar!/webapps/hddsDatanode}
2023-03-23 08:05:31,875 [Listener at 127.0.0.1/41453] INFO  server.AbstractConnector (AbstractConnector.java:doStop(383)) - Stopped ServerConnector@1f80815b{HTTP/1.1, (http/1.1)}{0.0.0.0:0}
2023-03-23 08:05:31,875 [Listener at 127.0.0.1/41453] INFO  server.session (HouseKeeper.java:stopScavenging(149)) - node0 Stopped scavenging
2023-03-23 08:05:31,875 [Listener at 127.0.0.1/41453] INFO  handler.ContextHandler (ContextHandler.java:doStop(1159)) - Stopped o.e.j.s.ServletContextHandler@47032d02{static,/static,jar:file:/home/runner/.m2/repository/org/apache/ozone/hdds-container-service/1.4.0-SNAPSHOT/hdds-container-service-1.4.0-SNAPSHOT.jar!/webapps/static,STOPPED}
2023-03-23 08:05:31,876 [Listener at 127.0.0.1/41453] INFO  handler.ContextHandler (ContextHandler.java:doStop(1159)) - Stopped o.e.j.s.ServletContextHandler@6857e2cc{logs,/logs,file:///home/runner/work/ozone/ozone/hadoop-ozone/integration-test/target/log,STOPPED}
2023-03-23 08:05:31,878 [Listener at 127.0.0.1/41453] INFO  ozoneimpl.OzoneContainer (OzoneContainer.java:stop(423)) - Attempting to stop container services.
2023-03-23 08:05:31,879 [Listener at 127.0.0.1/41453] INFO  server.RaftServer (RaftServerProxy.java:lambda$close$6(409)) - 7171cd95-6b54-4876-a08e-c51c27c3dd43: close
2023-03-23 08:05:31,880 [Listener at 127.0.0.1/41453] INFO  server.GrpcService (GrpcService.java:closeImpl(271)) - 7171cd95-6b54-4876-a08e-c51c27c3dd43: shutdown server GrpcServerProtocolService now
2023-03-23 08:05:31,880 [7171cd95-6b54-4876-a08e-c51c27c3dd43-impl-thread1] INFO  server.RaftServer$Division (RaftServerImpl.java:lambda$close$4(458)) - 7171cd95-6b54-4876-a08e-c51c27c3dd43@group-73B28A97E70D: shutdown
2023-03-23 08:05:31,880 [7171cd95-6b54-4876-a08e-c51c27c3dd43-impl-thread1] INFO  util.JmxRegister (JmxRegister.java:unregister(73)) - Successfully un-registered JMX Bean with object name Ratis:service=RaftServer,group=group-73B28A97E70D,id=7171cd95-6b54-4876-a08e-c51c27c3dd43
2023-03-23 08:05:31,880 [7171cd95-6b54-4876-a08e-c51c27c3dd43-impl-thread1] INFO  impl.RoleInfo (RoleInfo.java:shutdownFollowerState(110)) - 7171cd95-6b54-4876-a08e-c51c27c3dd43: shutdown 7171cd95-6b54-4876-a08e-c51c27c3dd43@group-73B28A97E70D-FollowerState
2023-03-23 08:05:31,880 [7171cd95-6b54-4876-a08e-c51c27c3dd43-impl-thread1] INFO  impl.StateMachineUpdater (StateMachineUpdater.java:stopAndJoin(153)) - 7171cd95-6b54-4876-a08e-c51c27c3dd43@group-73B28A97E70D-StateMachineUpdater: set stopIndex = 58
2023-03-23 08:05:31,880 [7171cd95-6b54-4876-a08e-c51c27c3dd43@group-73B28A97E70D-FollowerState] INFO  impl.FollowerState (FollowerState.java:run(152)) - 7171cd95-6b54-4876-a08e-c51c27c3dd43@group-73B28A97E70D-FollowerState was interrupted
2023-03-23 08:05:31,881 [7171cd95-6b54-4876-a08e-c51c27c3dd43@group-73B28A97E70D-StateMachineUpdater] INFO  ratis.ContainerStateMachine (ContainerStateMachine.java:takeSnapshot(330)) - group-73B28A97E70D: Taking a snapshot at:(t:1, i:58) file /home/runner/work/ozone/ozone/hadoop-ozone/integration-test/target/test-dir/MiniOzoneClusterImpl-2db357e6-2bf9-484c-8f04-13a4732d1f27/datanode-2/data/ratis/08a2e989-e49a-407a-8739-73b28a97e70d/sm/snapshot.1_58
2023-03-23 08:05:31,883 [7171cd95-6b54-4876-a08e-c51c27c3dd43@group-73B28A97E70D-StateMachineUpdater] INFO  ratis.ContainerStateMachine (ContainerStateMachine.java:takeSnapshot(341)) - group-73B28A97E70D: Finished taking a snapshot at:(t:1, i:58) file:/home/runner/work/ozone/ozone/hadoop-ozone/integration-test/target/test-dir/MiniOzoneClusterImpl-2db357e6-2bf9-484c-8f04-13a4732d1f27/datanode-2/data/ratis/08a2e989-e49a-407a-8739-73b28a97e70d/sm/snapshot.1_58 took: 2 ms
2023-03-23 08:05:31,883 [7171cd95-6b54-4876-a08e-c51c27c3dd43@group-73B28A97E70D-StateMachineUpdater] INFO  impl.StateMachineUpdater (StateMachineUpdater.java:takeSnapshot(287)) - 7171cd95-6b54-4876-a08e-c51c27c3dd43@group-73B28A97E70D-StateMachineUpdater: Took a snapshot at index 58
2023-03-23 08:05:31,883 [7171cd95-6b54-4876-a08e-c51c27c3dd43@group-73B28A97E70D-StateMachineUpdater] INFO  impl.StateMachineUpdater (StateMachineUpdater.java:lambda$new$0(92)) - 7171cd95-6b54-4876-a08e-c51c27c3dd43@group-73B28A97E70D-StateMachineUpdater: snapshotIndex: updateIncreasingly -1 -> 58
2023-03-23 08:05:31,885 [7171cd95-6b54-4876-a08e-c51c27c3dd43-impl-thread1] INFO  server.RaftServer$Division (ServerState.java:close(466)) - 7171cd95-6b54-4876-a08e-c51c27c3dd43@group-73B28A97E70D: closes. applyIndex: 58
2023-03-23 08:05:31,885 [7171cd95-6b54-4876-a08e-c51c27c3dd43@group-73B28A97E70D-SegmentedRaftLogWorker] INFO  segmented.SegmentedRaftLogWorker (SegmentedRaftLogWorker.java:run(347)) - 7171cd95-6b54-4876-a08e-c51c27c3dd43@group-73B28A97E70D-SegmentedRaftLogWorker was interrupted, exiting. There are 0 tasks remaining in the queue.
2023-03-23 08:05:31,886 [Listener at 127.0.0.1/41453] INFO  server.GrpcService (GrpcService.java:closeImpl(280)) - 7171cd95-6b54-4876-a08e-c51c27c3dd43: shutdown server GrpcServerProtocolService successfully
2023-03-23 08:05:31,886 [7171cd95-6b54-4876-a08e-c51c27c3dd43-impl-thread1] INFO  segmented.SegmentedRaftLogWorker (SegmentedRaftLogWorker.java:close(257)) - 7171cd95-6b54-4876-a08e-c51c27c3dd43@group-73B28A97E70D-SegmentedRaftLogWorker close()
2023-03-23 08:05:31,887 [7171cd95-6b54-4876-a08e-c51c27c3dd43-NettyServerStreamRpc-bossGroup--thread1] INFO  logging.LoggingHandler (AbstractInternalLogger.java:log(148)) - [id: 0xc19bfedd, L:/0:0:0:0:0:0:0:0:35981] CLOSE
2023-03-23 08:05:31,887 [7171cd95-6b54-4876-a08e-c51c27c3dd43-NettyServerStreamRpc-bossGroup--thread1] INFO  logging.LoggingHandler (AbstractInternalLogger.java:log(148)) - [id: 0xc19bfedd, L:/0:0:0:0:0:0:0:0:35981] INACTIVE
2023-03-23 08:05:31,888 [7171cd95-6b54-4876-a08e-c51c27c3dd43-NettyServerStreamRpc-bossGroup--thread1] INFO  logging.LoggingHandler (AbstractInternalLogger.java:log(148)) - [id: 0xc19bfedd, L:/0:0:0:0:0:0:0:0:35981] UNREGISTERED
2023-03-23 08:05:31,900 [JvmPauseMonitor3] INFO  util.JvmPauseMonitor (JvmPauseMonitor.java:run(111)) - JvmPauseMonitor-7171cd95-6b54-4876-a08e-c51c27c3dd43: Stopped
2023-03-23 08:05:31,904 [BlockDeletingService#9] INFO  interfaces.ContainerDeletionChoosingPolicyTemplate (ContainerDeletionChoosingPolicyTemplate.java:chooseContainerForBlockDeletion(83)) - Chosen 0/5000 blocks from 0 candidate containers.
2023-03-23 08:05:31,905 [ForkJoinPool.commonPool-worker-1] INFO  handler.ContextHandler (ContextHandler.java:doStop(1159)) - Stopped o.e.j.w.WebAppContext@581f515a{hddsDatanode,/,null,STOPPED}{jar:file:/home/runner/.m2/repository/org/apache/ozone/hdds-container-service/1.4.0-SNAPSHOT/hdds-container-service-1.4.0-SNAPSHOT.jar!/webapps/hddsDatanode}
2023-03-23 08:05:31,906 [ForkJoinPool.commonPool-worker-1] INFO  server.AbstractConnector (AbstractConnector.java:doStop(383)) - Stopped ServerConnector@436427a5{HTTP/1.1, (http/1.1)}{0.0.0.0:0}
2023-03-23 08:05:31,907 [ForkJoinPool.commonPool-worker-1] INFO  server.session (HouseKeeper.java:stopScavenging(149)) - node0 Stopped scavenging
2023-03-23 08:05:31,907 [ForkJoinPool.commonPool-worker-1] INFO  handler.ContextHandler (ContextHandler.java:doStop(1159)) - Stopped o.e.j.s.ServletContextHandler@36f50eef{static,/static,jar:file:/home/runner/.m2/repository/org/apache/ozone/hdds-container-service/1.4.0-SNAPSHOT/hdds-container-service-1.4.0-SNAPSHOT.jar!/webapps/static,STOPPED}
2023-03-23 08:05:31,908 [ForkJoinPool.commonPool-worker-1] INFO  handler.ContextHandler (ContextHandler.java:doStop(1159)) - Stopped o.e.j.s.ServletContextHandler@13bd90b4{logs,/logs,file:///home/runner/work/ozone/ozone/hadoop-ozone/integration-test/target/log,STOPPED}
2023-03-23 08:05:31,932 [SCMBlockDeletingService#0] DEBUG block.SCMBlockDeletingService (SCMBlockDeletingService.java:call(136)) - Running DeletedBlockTransactionScanner
2023-03-23 08:05:32,004 [BlockDeletingService#9] INFO  interfaces.ContainerDeletionChoosingPolicyTemplate (ContainerDeletionChoosingPolicyTemplate.java:chooseContainerForBlockDeletion(83)) - Chosen 0/5000 blocks from 0 candidate containers.
2023-03-23 08:05:32,032 [SCMBlockDeletingService#0] DEBUG block.SCMBlockDeletingService (SCMBlockDeletingService.java:call(136)) - Running DeletedBlockTransactionScanner
2023-03-23 08:05:32,104 [BlockDeletingService#9] INFO  interfaces.ContainerDeletionChoosingPolicyTemplate (ContainerDeletionChoosingPolicyTemplate.java:chooseContainerForBlockDeletion(83)) - Chosen 0/5000 blocks from 0 candidate containers.
2023-03-23 08:05:32,132 [SCMBlockDeletingService#0] DEBUG block.SCMBlockDeletingService (SCMBlockDeletingService.java:call(136)) - Running DeletedBlockTransactionScanner
2023-03-23 08:05:32,205 [BlockDeletingService#9] INFO  interfaces.ContainerDeletionChoosingPolicyTemplate (ContainerDeletionChoosingPolicyTemplate.java:chooseContainerForBlockDeletion(83)) - Chosen 0/5000 blocks from 0 candidate containers.
2023-03-23 08:05:32,232 [SCMBlockDeletingService#0] DEBUG block.SCMBlockDeletingService (SCMBlockDeletingService.java:call(136)) - Running DeletedBlockTransactionScanner
2023-03-23 08:05:32,305 [BlockDeletingService#9] INFO  interfaces.ContainerDeletionChoosingPolicyTemplate (ContainerDeletionChoosingPolicyTemplate.java:chooseContainerForBlockDeletion(83)) - Chosen 0/5000 blocks from 0 candidate containers.
2023-03-23 08:05:32,333 [SCMBlockDeletingService#0] DEBUG block.SCMBlockDeletingService (SCMBlockDeletingService.java:call(136)) - Running DeletedBlockTransactionScanner
2023-03-23 08:05:32,405 [BlockDeletingService#9] INFO  interfaces.ContainerDeletionChoosingPolicyTemplate (ContainerDeletionChoosingPolicyTemplate.java:chooseContainerForBlockDeletion(83)) - Chosen 0/5000 blocks from 0 candidate containers.
2023-03-23 08:05:32,433 [SCMBlockDeletingService#0] DEBUG block.SCMBlockDeletingService (SCMBlockDeletingService.java:call(136)) - Running DeletedBlockTransactionScanner
2023-03-23 08:05:32,506 [BlockDeletingService#9] INFO  interfaces.ContainerDeletionChoosingPolicyTemplate (ContainerDeletionChoosingPolicyTemplate.java:chooseContainerForBlockDeletion(83)) - Chosen 0/5000 blocks from 0 candidate containers.
2023-03-23 08:05:32,533 [SCMBlockDeletingService#0] DEBUG block.SCMBlockDeletingService (SCMBlockDeletingService.java:call(136)) - Running DeletedBlockTransactionScanner
2023-03-23 08:05:32,606 [BlockDeletingService#9] INFO  interfaces.ContainerDeletionChoosingPolicyTemplate (ContainerDeletionChoosingPolicyTemplate.java:chooseContainerForBlockDeletion(83)) - Chosen 0/5000 blocks from 0 candidate containers.
2023-03-23 08:05:32,633 [SCMBlockDeletingService#0] DEBUG block.SCMBlockDeletingService (SCMBlockDeletingService.java:call(136)) - Running DeletedBlockTransactionScanner
2023-03-23 08:05:32,644 [EventQueue-StaleNodeForStaleNodeHandler] INFO  node.StaleNodeHandler (StaleNodeHandler.java:onMessage(59)) - Datanode ec9f5457-0109-4da3-8559-48062aace451(fv-az105-497.wy5h1aom0jgehahef1oyr10hrc.bx.internal.cloudapp.net/10.1.0.214) moved to stale state. Finalizing its pipelines [PipelineID=08a2e989-e49a-407a-8739-73b28a97e70d]
2023-03-23 08:05:32,645 [EventQueue-StaleNodeForStaleNodeHandler] INFO  pipeline.PipelineManagerImpl (PipelineManagerImpl.java:closePipeline(442)) - Pipeline Pipeline[ Id: 08a2e989-e49a-407a-8739-73b28a97e70d, Nodes: ec9f5457-0109-4da3-8559-48062aace451(fv-az105-497.wy5h1aom0jgehahef1oyr10hrc.bx.internal.cloudapp.net/10.1.0.214)82a30c81-a10a-4a6a-ae9d-f1f427ed9001(fv-az105-497.wy5h1aom0jgehahef1oyr10hrc.bx.internal.cloudapp.net/10.1.0.214)7171cd95-6b54-4876-a08e-c51c27c3dd43(fv-az105-497.wy5h1aom0jgehahef1oyr10hrc.bx.internal.cloudapp.net/10.1.0.214), ReplicationConfig: RATIS/THREE, State:OPEN, leaderId:ec9f5457-0109-4da3-8559-48062aace451, CreationTimestamp2023-03-23T08:05:14.747Z[Etc/UTC]] moved to CLOSED state
2023-03-23 08:05:32,645 [EventQueue-StaleNodeForStaleNodeHandler] INFO  node.StaleNodeHandler (StaleNodeHandler.java:onMessage(59)) - Datanode 82a30c81-a10a-4a6a-ae9d-f1f427ed9001(fv-az105-497.wy5h1aom0jgehahef1oyr10hrc.bx.internal.cloudapp.net/10.1.0.214) moved to stale state. Finalizing its pipelines [PipelineID=08a2e989-e49a-407a-8739-73b28a97e70d]
2023-03-23 08:05:32,706 [BlockDeletingService#9] INFO  interfaces.ContainerDeletionChoosingPolicyTemplate (ContainerDeletionChoosingPolicyTemplate.java:chooseContainerForBlockDeletion(83)) - Chosen 0/5000 blocks from 0 candidate containers.
2023-03-23 08:05:32,733 [SCMBlockDeletingService#0] DEBUG block.SCMBlockDeletingService (SCMBlockDeletingService.java:call(136)) - Running DeletedBlockTransactionScanner
2023-03-23 08:05:32,807 [BlockDeletingService#9] INFO  interfaces.ContainerDeletionChoosingPolicyTemplate (ContainerDeletionChoosingPolicyTemplate.java:chooseContainerForBlockDeletion(83)) - Chosen 0/5000 blocks from 0 candidate containers.
2023-03-23 08:05:32,833 [SCMBlockDeletingService#0] DEBUG block.SCMBlockDeletingService (SCMBlockDeletingService.java:call(136)) - Running DeletedBlockTransactionScanner
2023-03-23 08:05:32,907 [BlockDeletingService#9] INFO  interfaces.ContainerDeletionChoosingPolicyTemplate (ContainerDeletionChoosingPolicyTemplate.java:chooseContainerForBlockDeletion(83)) - Chosen 0/5000 blocks from 0 candidate containers.
2023-03-23 08:05:32,933 [SCMBlockDeletingService#0] DEBUG block.SCMBlockDeletingService (SCMBlockDeletingService.java:call(136)) - Running DeletedBlockTransactionScanner
2023-03-23 08:05:33,008 [BlockDeletingService#9] INFO  interfaces.ContainerDeletionChoosingPolicyTemplate (ContainerDeletionChoosingPolicyTemplate.java:chooseContainerForBlockDeletion(83)) - Chosen 0/5000 blocks from 0 candidate containers.
2023-03-23 08:05:33,033 [SCMBlockDeletingService#0] DEBUG block.SCMBlockDeletingService (SCMBlockDeletingService.java:call(136)) - Running DeletedBlockTransactionScanner
2023-03-23 08:05:33,108 [BlockDeletingService#9] INFO  interfaces.ContainerDeletionChoosingPolicyTemplate (ContainerDeletionChoosingPolicyTemplate.java:chooseContainerForBlockDeletion(83)) - Chosen 0/5000 blocks from 0 candidate containers.
2023-03-23 08:05:33,133 [SCMBlockDeletingService#0] DEBUG block.SCMBlockDeletingService (SCMBlockDeletingService.java:call(136)) - Running DeletedBlockTransactionScanner
2023-03-23 08:05:33,208 [BlockDeletingService#9] INFO  interfaces.ContainerDeletionChoosingPolicyTemplate (ContainerDeletionChoosingPolicyTemplate.java:chooseContainerForBlockDeletion(83)) - Chosen 0/5000 blocks from 0 candidate containers.
2023-03-23 08:05:33,233 [SCMBlockDeletingService#0] DEBUG block.SCMBlockDeletingService (SCMBlockDeletingService.java:call(136)) - Running DeletedBlockTransactionScanner
2023-03-23 08:05:33,309 [BlockDeletingService#9] INFO  interfaces.ContainerDeletionChoosingPolicyTemplate (ContainerDeletionChoosingPolicyTemplate.java:chooseContainerForBlockDeletion(83)) - Chosen 0/5000 blocks from 0 candidate containers.
2023-03-23 08:05:33,334 [SCMBlockDeletingService#0] DEBUG block.SCMBlockDeletingService (SCMBlockDeletingService.java:call(136)) - Running DeletedBlockTransactionScanner
2023-03-23 08:05:33,409 [BlockDeletingService#9] INFO  interfaces.ContainerDeletionChoosingPolicyTemplate (ContainerDeletionChoosingPolicyTemplate.java:chooseContainerForBlockDeletion(83)) - Chosen 0/5000 blocks from 0 candidate containers.
2023-03-23 08:05:33,434 [SCMBlockDeletingService#0] DEBUG block.SCMBlockDeletingService (SCMBlockDeletingService.java:call(136)) - Running DeletedBlockTransactionScanner
2023-03-23 08:05:33,509 [BlockDeletingService#9] INFO  interfaces.ContainerDeletionChoosingPolicyTemplate (ContainerDeletionChoosingPolicyTemplate.java:chooseContainerForBlockDeletion(83)) - Chosen 0/5000 blocks from 0 candidate containers.
2023-03-23 08:05:33,534 [SCMBlockDeletingService#0] DEBUG block.SCMBlockDeletingService (SCMBlockDeletingService.java:call(136)) - Running DeletedBlockTransactionScanner
2023-03-23 08:05:33,610 [BlockDeletingService#9] INFO  interfaces.ContainerDeletionChoosingPolicyTemplate (ContainerDeletionChoosingPolicyTemplate.java:chooseContainerForBlockDeletion(83)) - Chosen 0/5000 blocks from 0 candidate containers.
2023-03-23 08:05:33,634 [SCMBlockDeletingService#0] DEBUG block.SCMBlockDeletingService (SCMBlockDeletingService.java:call(136)) - Running DeletedBlockTransactionScanner
2023-03-23 08:05:33,710 [BlockDeletingService#9] INFO  interfaces.ContainerDeletionChoosingPolicyTemplate (ContainerDeletionChoosingPolicyTemplate.java:chooseContainerForBlockDeletion(83)) - Chosen 0/5000 blocks from 0 candidate containers.
2023-03-23 08:05:33,734 [SCMBlockDeletingService#0] DEBUG block.SCMBlockDeletingService (SCMBlockDeletingService.java:call(136)) - Running DeletedBlockTransactionScanner
2023-03-23 08:05:33,810 [BlockDeletingService#9] INFO  interfaces.ContainerDeletionChoosingPolicyTemplate (ContainerDeletionChoosingPolicyTemplate.java:chooseContainerForBlockDeletion(83)) - Chosen 0/5000 blocks from 0 candidate containers.
2023-03-23 08:05:33,834 [SCMBlockDeletingService#0] DEBUG block.SCMBlockDeletingService (SCMBlockDeletingService.java:call(136)) - Running DeletedBlockTransactionScanner
2023-03-23 08:05:33,905 [Listener at 127.0.0.1/41453] INFO  volume.HddsVolume (HddsVolume.java:closeDbStore(437)) - SchemaV3 db is stopped at /home/runner/work/ozone/ozone/hadoop-ozone/integration-test/target/test-dir/MiniOzoneClusterImpl-2db357e6-2bf9-484c-8f04-13a4732d1f27/datanode-2/data-0/containers/hdds/2db357e6-2bf9-484c-8f04-13a4732d1f27/DS-b66dc28f-8119-4dc0-a47a-bdc67db5b593/container.db for volume DS-b66dc28f-8119-4dc0-a47a-bdc67db5b593
2023-03-23 08:05:33,906 [Listener at 127.0.0.1/41453] INFO  utils.BackgroundService (BackgroundService.java:shutdown(141)) - Shutting down service BlockDeletingService
2023-03-23 08:05:33,908 [Listener at 127.0.0.1/41453] INFO  utils.BackgroundService (BackgroundService.java:shutdown(141)) - Shutting down service StaleRecoveringContainerScrubbingService
2023-03-23 08:05:33,914 [Listener at 127.0.0.1/41453] INFO  statemachine.DatanodeStateMachine (DatanodeStateMachine.java:stopDaemon(601)) - Ozone container server stopped.
2023-03-23 08:05:33,929 [Listener at 127.0.0.1/41453] INFO  handler.ContextHandler (ContextHandler.java:doStop(1159)) - Stopped o.e.j.w.WebAppContext@5e557d9d{hddsDatanode,/,null,STOPPED}{jar:file:/home/runner/.m2/repository/org/apache/ozone/hdds-container-service/1.4.0-SNAPSHOT/hdds-container-service-1.4.0-SNAPSHOT.jar!/webapps/hddsDatanode}
2023-03-23 08:05:33,930 [Listener at 127.0.0.1/41453] INFO  server.AbstractConnector (AbstractConnector.java:doStop(383)) - Stopped ServerConnector@4b6a54c{HTTP/1.1, (http/1.1)}{0.0.0.0:0}
2023-03-23 08:05:33,930 [Listener at 127.0.0.1/41453] INFO  server.session (HouseKeeper.java:stopScavenging(149)) - node0 Stopped scavenging
2023-03-23 08:05:33,930 [Listener at 127.0.0.1/41453] INFO  handler.ContextHandler (ContextHandler.java:doStop(1159)) - Stopped o.e.j.s.ServletContextHandler@3d574310{static,/static,jar:file:/home/runner/.m2/repository/org/apache/ozone/hdds-container-service/1.4.0-SNAPSHOT/hdds-container-service-1.4.0-SNAPSHOT.jar!/webapps/static,STOPPED}
2023-03-23 08:05:33,931 [Listener at 127.0.0.1/41453] INFO  handler.ContextHandler (ContextHandler.java:doStop(1159)) - Stopped o.e.j.s.ServletContextHandler@5ba0ad41{logs,/logs,file:///home/runner/work/ozone/ozone/hadoop-ozone/integration-test/target/log,STOPPED}
2023-03-23 08:05:33,932 [Listener at 127.0.0.1/41453] INFO  ozone.MiniOzoneClusterImpl (MiniOzoneClusterImpl.java:stopSCM(545)) - Stopping the StorageContainerManager
2023-03-23 08:05:33,932 [Listener at 127.0.0.1/41453] INFO  server.StorageContainerManager (StorageContainerManager.java:stop(1538)) - Container Balancer is not running.
2023-03-23 08:05:33,932 [Listener at 127.0.0.1/41453] INFO  server.StorageContainerManager (StorageContainerManager.java:stop(1545)) - Stopping Replication Manager Service.
2023-03-23 08:05:33,933 [Listener at 127.0.0.1/41453] INFO  replication.ReplicationManager (ReplicationManager.java:stop(310)) - Stopping Replication Monitor Thread.
2023-03-23 08:05:33,933 [Listener at 127.0.0.1/41453] INFO  server.StorageContainerManager (StorageContainerManager.java:stop(1552)) - Stopping the Datanode Admin Monitor.
2023-03-23 08:05:33,933 [Over Replicated Processor] WARN  replication.UnhealthyReplicationProcessor (UnhealthyReplicationProcessor.java:run(146)) - Over Replicated Processor interrupted. Exiting...
2023-03-23 08:05:33,933 [Listener at 127.0.0.1/41453] INFO  server.StorageContainerManager (StorageContainerManager.java:stop(1559)) - Stopping datanode service RPC server
2023-03-23 08:05:33,933 [Listener at 127.0.0.1/41453] INFO  server.SCMDatanodeProtocolServer (SCMDatanodeProtocolServer.java:stop(424)) - Stopping the RPC server for DataNodes
2023-03-23 08:05:33,933 [Listener at 127.0.0.1/41453] INFO  ipc.Server (Server.java:stop(3428)) - Stopping server on 43035
2023-03-23 08:05:33,933 [Under Replicated Processor] WARN  replication.UnhealthyReplicationProcessor (UnhealthyReplicationProcessor.java:run(146)) - Under Replicated Processor interrupted. Exiting...
2023-03-23 08:05:33,936 [IPC Server listener on 0] INFO  ipc.Server (Server.java:run(1384)) - Stopping IPC Server listener on 0
2023-03-23 08:05:33,937 [IPC Server Responder] INFO  ipc.Server (Server.java:run(1517)) - Stopping IPC Server Responder
2023-03-23 08:05:33,934 [SCMBlockDeletingService#0] DEBUG block.SCMBlockDeletingService (SCMBlockDeletingService.java:call(136)) - Running DeletedBlockTransactionScanner
2023-03-23 08:05:33,934 [ReplicationMonitor] INFO  replication.ReplicationManager (ReplicationManager.java:run(893)) - Replication Monitor Thread is stopped
2023-03-23 08:05:33,945 [SCM Heartbeat Processing Thread - 0] WARN  node.NodeStateManager (NodeStateManager.java:scheduleNextHealthCheck(870)) - Current Thread is interrupted, shutting down HB processing thread for Node Manager.
2023-03-23 08:05:33,946 [Listener at 127.0.0.1/41453] INFO  server.StorageContainerManager (StorageContainerManager.java:stop(1567)) - Stopping block service RPC server
2023-03-23 08:05:33,946 [Listener at 127.0.0.1/41453] INFO  server.SCMBlockProtocolServer (SCMBlockProtocolServer.java:stop(161)) - Stopping the RPC server for Block Protocol
2023-03-23 08:05:33,946 [Listener at 127.0.0.1/41453] INFO  ipc.Server (Server.java:stop(3428)) - Stopping server on 34677
2023-03-23 08:05:33,947 [IPC Server listener on 0] INFO  ipc.Server (Server.java:run(1384)) - Stopping IPC Server listener on 0
2023-03-23 08:05:33,948 [Listener at 127.0.0.1/41453] INFO  server.StorageContainerManager (StorageContainerManager.java:stop(1574)) - Stopping the StorageContainerLocationProtocol RPC server
2023-03-23 08:05:33,948 [Listener at 127.0.0.1/41453] INFO  server.SCMClientProtocolServer (SCMClientProtocolServer.java:stop(203)) - Stopping the RPC server for Client Protocol
2023-03-23 08:05:33,948 [Listener at 127.0.0.1/41453] INFO  ipc.Server (Server.java:stop(3428)) - Stopping server on 38173
2023-03-23 08:05:33,948 [IPC Server Responder] INFO  ipc.Server (Server.java:run(1517)) - Stopping IPC Server Responder
2023-03-23 08:05:33,951 [IPC Server listener on 0] INFO  ipc.Server (Server.java:run(1384)) - Stopping IPC Server listener on 0
2023-03-23 08:05:33,952 [Listener at 127.0.0.1/41453] INFO  server.StorageContainerManager (StorageContainerManager.java:stop(1581)) - Stopping Storage Container Manager HTTP server.
2023-03-23 08:05:33,953 [IPC Server Responder] INFO  ipc.Server (Server.java:run(1517)) - Stopping IPC Server Responder
2023-03-23 08:05:33,954 [Listener at 127.0.0.1/41453] INFO  handler.ContextHandler (ContextHandler.java:doStop(1159)) - Stopped o.e.j.w.WebAppContext@28f7cca4{scm,/,null,STOPPED}{file:/home/runner/work/ozone/ozone/hadoop-ozone/integration-test/target/test-classes/webapps/scm}
2023-03-23 08:05:33,955 [Listener at 127.0.0.1/41453] INFO  server.AbstractConnector (AbstractConnector.java:doStop(383)) - Stopped ServerConnector@462deb2b{HTTP/1.1, (http/1.1)}{0.0.0.0:0}
2023-03-23 08:05:33,955 [Listener at 127.0.0.1/41453] INFO  server.session (HouseKeeper.java:stopScavenging(149)) - node0 Stopped scavenging
2023-03-23 08:05:33,955 [Listener at 127.0.0.1/41453] INFO  handler.ContextHandler (ContextHandler.java:doStop(1159)) - Stopped o.e.j.s.ServletContextHandler@55b7f9f1{static,/static,file:///home/runner/work/ozone/ozone/hadoop-ozone/integration-test/target/test-classes/webapps/static,STOPPED}
2023-03-23 08:05:33,955 [Listener at 127.0.0.1/41453] INFO  handler.ContextHandler (ContextHandler.java:doStop(1159)) - Stopped o.e.j.s.ServletContextHandler@40aaf656{logs,/logs,file:///home/runner/work/ozone/ozone/hadoop-ozone/integration-test/target/log,STOPPED}
2023-03-23 08:05:33,956 [Listener at 127.0.0.1/41453] INFO  server.StorageContainerManager (StorageContainerManager.java:stop(1589)) - Stopping SCM LayoutVersionManager Service.
2023-03-23 08:05:33,956 [Listener at 127.0.0.1/41453] INFO  server.StorageContainerManager (StorageContainerManager.java:stop(1597)) - Stopping Block Manager Service.
2023-03-23 08:05:33,957 [Listener at 127.0.0.1/41453] INFO  utils.BackgroundService (BackgroundService.java:shutdown(141)) - Shutting down service SCMBlockDeletingService
2023-03-23 08:05:33,957 [Listener at 127.0.0.1/41453] INFO  utils.BackgroundService (BackgroundService.java:shutdown(141)) - Shutting down service SCMBlockDeletingService
2023-03-23 08:05:33,957 [Listener at 127.0.0.1/41453] INFO  server.StorageContainerManager (StorageContainerManager.java:stop(1619)) - Stopping SCM Event Queue.
2023-03-23 08:05:33,961 [Listener at 127.0.0.1/41453] INFO  server.StorageContainerManager (StorageContainerManager.java:stop(1630)) - Stopping SCM HA services.
2023-03-23 08:05:33,962 [Listener at 127.0.0.1/41453] INFO  pipeline.BackgroundPipelineCreator (BackgroundPipelineCreator.java:stop(149)) - Stopping RatisPipelineUtilsThread.
2023-03-23 08:05:33,962 [RatisPipelineUtilsThread - 0] WARN  pipeline.BackgroundPipelineCreator (BackgroundPipelineCreator.java:run(180)) - RatisPipelineUtilsThread is interrupted.
2023-03-23 08:05:33,963 [Listener at 127.0.0.1/41453] INFO  BackgroundPipelineScrubber (BackgroundSCMService.java:stop(131)) - Stopping BackgroundPipelineScrubber Service.
2023-03-23 08:05:33,963 [BackgroundPipelineScrubberThread] WARN  BackgroundPipelineScrubber (BackgroundSCMService.java:run(115)) - BackgroundPipelineScrubber is interrupted, exit
2023-03-23 08:05:33,965 [Listener at 127.0.0.1/41453] INFO  impl.MetricsSystemImpl (MetricsSystemImpl.java:stop(210)) - Stopping XceiverClientMetrics metrics system...
2023-03-23 08:05:33,970 [prometheus] INFO  impl.MetricsSinkAdapter (MetricsSinkAdapter.java:publishMetricsFromQueue(141)) - prometheus thread interrupted.
2023-03-23 08:05:33,970 [Listener at 127.0.0.1/41453] INFO  impl.MetricsSystemImpl (MetricsSystemImpl.java:stop(216)) - XceiverClientMetrics metrics system stopped.
2023-03-23 08:05:33,971 [Listener at 127.0.0.1/41453] WARN  pipeline.BackgroundPipelineCreator (BackgroundPipelineCreator.java:stop(145)) - RatisPipelineUtilsThread is not running, just ignore.
2023-03-23 08:05:33,971 [Listener at 127.0.0.1/41453] INFO  BackgroundPipelineScrubber (BackgroundSCMService.java:stop(126)) - BackgroundPipelineScrubber Service is not running, skip stop.
2023-03-23 08:05:33,972 [ExpiredContainerReplicaOpScrubberThread] WARN  ExpiredContainerReplicaOpScrubber (BackgroundSCMService.java:run(115)) - ExpiredContainerReplicaOpScrubber is interrupted, exit
2023-03-23 08:05:33,972 [Listener at 127.0.0.1/41453] INFO  ExpiredContainerReplicaOpScrubber (BackgroundSCMService.java:stop(131)) - Stopping ExpiredContainerReplicaOpScrubber Service.
2023-03-23 08:05:33,972 [Listener at 127.0.0.1/41453] INFO  utils.BackgroundService (BackgroundService.java:shutdown(141)) - Shutting down service SCMBlockDeletingService
2023-03-23 08:05:33,973 [Listener at 127.0.0.1/41453] INFO  replication.ReplicationManager (ReplicationManager.java:stop(320)) - Replication Monitor Thread is not running.
2023-03-23 08:05:33,973 [Listener at 127.0.0.1/41453] WARN  balancer.ContainerBalancer (ContainerBalancer.java:stop(322)) - Cannot stop Container Balancer because it's not running or stopping
2023-03-23 08:05:33,973 [Listener at 127.0.0.1/41453] INFO  server.StorageContainerManager (StorageContainerManager.java:stop(1648)) - Stopping SCM MetadataStore.
]]></system-out>
  </testcase>
  <testcase name="testContainerStatisticsAfterDelete" classname="org.apache.hadoop.ozone.container.common.statemachine.commandhandler.TestBlockDeletion" time="31.82">
    <failure type="org.opentest4j.AssertionFailedError"><![CDATA[org.opentest4j.AssertionFailedError: expected: <0> but was: <4>
	at org.junit.jupiter.api.AssertionUtils.fail(AssertionUtils.java:55)
	at org.junit.jupiter.api.AssertionUtils.failNotEqual(AssertionUtils.java:62)
	at org.junit.jupiter.api.AssertEquals.assertEquals(AssertEquals.java:166)
	at org.junit.jupiter.api.AssertEquals.assertEquals(AssertEquals.java:161)
	at org.junit.jupiter.api.Assertions.assertEquals(Assertions.java:628)
	at org.apache.hadoop.ozone.container.common.statemachine.commandhandler.TestBlockDeletion.lambda$null$10(TestBlockDeletion.java:366)
	at java.lang.Iterable.forEach(Iterable.java:75)
	at java.util.Collections$UnmodifiableCollection.forEach(Collections.java:1082)
	at org.apache.hadoop.ozone.container.common.statemachine.commandhandler.TestBlockDeletion.lambda$testContainerStatisticsAfterDelete$11(TestBlockDeletion.java:363)
	at java.util.ArrayList.forEach(ArrayList.java:1259)
	at org.apache.hadoop.ozone.container.common.statemachine.commandhandler.TestBlockDeletion.testContainerStatisticsAfterDelete(TestBlockDeletion.java:360)
	at sun.reflect.NativeMethodAccessorImpl.invoke0(Native Method)
	at sun.reflect.NativeMethodAccessorImpl.invoke(NativeMethodAccessorImpl.java:62)
	at sun.reflect.DelegatingMethodAccessorImpl.invoke(DelegatingMethodAccessorImpl.java:43)
	at java.lang.reflect.Method.invoke(Method.java:498)
	at org.junit.platform.commons.util.ReflectionUtils.invokeMethod(ReflectionUtils.java:725)
	at org.junit.jupiter.engine.execution.MethodInvocation.proceed(MethodInvocation.java:60)
	at org.junit.jupiter.engine.execution.InvocationInterceptorChain$ValidatingInvocation.proceed(InvocationInterceptorChain.java:131)
	at org.junit.jupiter.engine.extension.TimeoutExtension.intercept(TimeoutExtension.java:149)
	at org.junit.jupiter.engine.extension.TimeoutExtension.interceptTestableMethod(TimeoutExtension.java:140)
	at org.junit.jupiter.engine.extension.TimeoutExtension.interceptTestMethod(TimeoutExtension.java:84)
	at org.junit.jupiter.engine.execution.ExecutableInvoker$ReflectiveInterceptorCall.lambda$ofVoidMethod$0(ExecutableInvoker.java:115)
	at org.junit.jupiter.engine.execution.ExecutableInvoker.lambda$invoke$0(ExecutableInvoker.java:105)
	at org.junit.jupiter.engine.execution.InvocationInterceptorChain$InterceptedInvocation.proceed(InvocationInterceptorChain.java:106)
	at org.junit.jupiter.engine.execution.InvocationInterceptorChain.proceed(InvocationInterceptorChain.java:64)
	at org.junit.jupiter.engine.execution.InvocationInterceptorChain.chainAndInvoke(InvocationInterceptorChain.java:45)
	at org.junit.jupiter.engine.execution.InvocationInterceptorChain.invoke(InvocationInterceptorChain.java:37)
	at org.junit.jupiter.engine.execution.ExecutableInvoker.invoke(ExecutableInvoker.java:104)
	at org.junit.jupiter.engine.execution.ExecutableInvoker.invoke(ExecutableInvoker.java:98)
	at org.junit.jupiter.engine.descriptor.TestMethodTestDescriptor.lambda$invokeTestMethod$7(TestMethodTestDescriptor.java:214)
	at org.junit.platform.engine.support.hierarchical.ThrowableCollector.execute(ThrowableCollector.java:73)
	at org.junit.jupiter.engine.descriptor.TestMethodTestDescriptor.invokeTestMethod(TestMethodTestDescriptor.java:210)
	at org.junit.jupiter.engine.descriptor.TestMethodTestDescriptor.execute(TestMethodTestDescriptor.java:135)
	at org.junit.jupiter.engine.descriptor.TestMethodTestDescriptor.execute(TestMethodTestDescriptor.java:66)
	at org.junit.platform.engine.support.hierarchical.NodeTestTask.lambda$executeRecursively$6(NodeTestTask.java:151)
	at org.junit.platform.engine.support.hierarchical.ThrowableCollector.execute(ThrowableCollector.java:73)
	at org.junit.platform.engine.support.hierarchical.NodeTestTask.lambda$executeRecursively$8(NodeTestTask.java:141)
	at org.junit.platform.engine.support.hierarchical.Node.around(Node.java:137)
	at org.junit.platform.engine.support.hierarchical.NodeTestTask.lambda$executeRecursively$9(NodeTestTask.java:139)
	at org.junit.platform.engine.support.hierarchical.ThrowableCollector.execute(ThrowableCollector.java:73)
	at org.junit.platform.engine.support.hierarchical.NodeTestTask.executeRecursively(NodeTestTask.java:138)
	at org.junit.platform.engine.support.hierarchical.NodeTestTask.execute(NodeTestTask.java:95)
	at java.util.ArrayList.forEach(ArrayList.java:1259)
	at org.junit.platform.engine.support.hierarchical.SameThreadHierarchicalTestExecutorService.invokeAll(SameThreadHierarchicalTestExecutorService.java:41)
	at org.junit.platform.engine.support.hierarchical.NodeTestTask.lambda$executeRecursively$6(NodeTestTask.java:155)
	at org.junit.platform.engine.support.hierarchical.ThrowableCollector.execute(ThrowableCollector.java:73)
	at org.junit.platform.engine.support.hierarchical.NodeTestTask.lambda$executeRecursively$8(NodeTestTask.java:141)
	at org.junit.platform.engine.support.hierarchical.Node.around(Node.java:137)
	at org.junit.platform.engine.support.hierarchical.NodeTestTask.lambda$executeRecursively$9(NodeTestTask.java:139)
	at org.junit.platform.engine.support.hierarchical.ThrowableCollector.execute(ThrowableCollector.java:73)
	at org.junit.platform.engine.support.hierarchical.NodeTestTask.executeRecursively(NodeTestTask.java:138)
	at org.junit.platform.engine.support.hierarchical.NodeTestTask.execute(NodeTestTask.java:95)
	at java.util.ArrayList.forEach(ArrayList.java:1259)
	at org.junit.platform.engine.support.hierarchical.SameThreadHierarchicalTestExecutorService.invokeAll(SameThreadHierarchicalTestExecutorService.java:41)
	at org.junit.platform.engine.support.hierarchical.NodeTestTask.lambda$executeRecursively$6(NodeTestTask.java:155)
	at org.junit.platform.engine.support.hierarchical.ThrowableCollector.execute(ThrowableCollector.java:73)
	at org.junit.platform.engine.support.hierarchical.NodeTestTask.lambda$executeRecursively$8(NodeTestTask.java:141)
	at org.junit.platform.engine.support.hierarchical.Node.around(Node.java:137)
	at org.junit.platform.engine.support.hierarchical.NodeTestTask.lambda$executeRecursively$9(NodeTestTask.java:139)
	at org.junit.platform.engine.support.hierarchical.ThrowableCollector.execute(ThrowableCollector.java:73)
	at org.junit.platform.engine.support.hierarchical.NodeTestTask.executeRecursively(NodeTestTask.java:138)
	at org.junit.platform.engine.support.hierarchical.NodeTestTask.execute(NodeTestTask.java:95)
	at org.junit.platform.engine.support.hierarchical.SameThreadHierarchicalTestExecutorService.submit(SameThreadHierarchicalTestExecutorService.java:35)
	at org.junit.platform.engine.support.hierarchical.HierarchicalTestExecutor.execute(HierarchicalTestExecutor.java:57)
	at org.junit.platform.engine.support.hierarchical.HierarchicalTestEngine.execute(HierarchicalTestEngine.java:54)
	at org.junit.platform.launcher.core.EngineExecutionOrchestrator.execute(EngineExecutionOrchestrator.java:107)
	at org.junit.platform.launcher.core.EngineExecutionOrchestrator.execute(EngineExecutionOrchestrator.java:88)
	at org.junit.platform.launcher.core.EngineExecutionOrchestrator.lambda$execute$0(EngineExecutionOrchestrator.java:54)
	at org.junit.platform.launcher.core.EngineExecutionOrchestrator.withInterceptedStreams(EngineExecutionOrchestrator.java:67)
	at org.junit.platform.launcher.core.EngineExecutionOrchestrator.execute(EngineExecutionOrchestrator.java:52)
	at org.junit.platform.launcher.core.DefaultLauncher.execute(DefaultLauncher.java:114)
	at org.junit.platform.launcher.core.DefaultLauncher.execute(DefaultLauncher.java:86)
	at org.junit.platform.launcher.core.DefaultLauncherSession$DelegatingLauncher.execute(DefaultLauncherSession.java:86)
	at org.junit.platform.launcher.core.SessionPerRequestLauncher.execute(SessionPerRequestLauncher.java:53)
	at org.apache.maven.surefire.junitplatform.JUnitPlatformProvider.execute(JUnitPlatformProvider.java:188)
	at org.apache.maven.surefire.junitplatform.JUnitPlatformProvider.invokeAllTests(JUnitPlatformProvider.java:154)
	at org.apache.maven.surefire.junitplatform.JUnitPlatformProvider.invoke(JUnitPlatformProvider.java:124)
	at org.apache.maven.surefire.booter.ForkedBooter.runSuitesInProcess(ForkedBooter.java:428)
	at org.apache.maven.surefire.booter.ForkedBooter.execute(ForkedBooter.java:162)
	at org.apache.maven.surefire.booter.ForkedBooter.run(ForkedBooter.java:562)
	at org.apache.maven.surefire.booter.ForkedBooter.main(ForkedBooter.java:548)
]]></failure>
    <system-out><![CDATA[2023-03-23 08:05:34,057 [Listener at 127.0.0.1/41453] WARN  server.ServerUtils (ServerUtils.java:getScmDbDir(148)) - ozone.scm.db.dirs is not configured. We recommend adding this setting. Falling back to ozone.metadata.dirs instead.
2023-03-23 08:05:34,061 [Listener at 127.0.0.1/41453] WARN  server.ServerUtils (ServerUtils.java:getScmDbDir(148)) - ozone.scm.db.dirs is not configured. We recommend adding this setting. Falling back to ozone.metadata.dirs instead.
2023-03-23 08:05:34,061 [Listener at 127.0.0.1/41453] INFO  ha.SCMHANodeDetails (SCMHANodeDetails.java:loadSCMHAConfig(209)) - ServiceID for StorageContainerManager is null
2023-03-23 08:05:34,061 [Listener at 127.0.0.1/41453] INFO  ha.SCMHANodeDetails (SCMHANodeDetails.java:loadSCMHAConfig(214)) - ozone.scm.default.service.id is not defined, falling back to ozone.scm.service.ids to find serviceID for StorageContainerManager if it is HA enabled cluster
2023-03-23 08:05:34,062 [Listener at 127.0.0.1/41453] WARN  utils.HAUtils (HAUtils.java:getMetaDir(342)) - ozone.scm.db.dirs is not configured. We recommend adding this setting. Falling back to ozone.metadata.dirs instead.
2023-03-23 08:05:34,063 [Listener at 127.0.0.1/41453] WARN  db.DBStoreBuilder (DBStoreBuilder.java:applyDBDefinition(172)) - ozone.scm.db.dirs is not configured. We recommend adding this setting. Falling back to ozone.metadata.dirs instead.
2023-03-23 08:05:34,178 [Listener at 127.0.0.1/41453] INFO  net.NodeSchemaLoader (NodeSchemaLoader.java:loadSchemaFromFile(129)) - Loading schema from [jar:file:/home/runner/.m2/repository/org/apache/ozone/hdds-common/1.4.0-SNAPSHOT/hdds-common-1.4.0-SNAPSHOT.jar!/network-topology-default.xml]
2023-03-23 08:05:34,179 [Listener at 127.0.0.1/41453] INFO  net.NodeSchemaLoader (NodeSchemaLoader.java:loadSchema(176)) - Loading network topology layer schema file
2023-03-23 08:05:34,181 [Listener at 127.0.0.1/41453] INFO  upgrade.AbstractLayoutVersionManager (AbstractLayoutVersionManager.java:init(83)) - Initializing Layout version manager with metadata layout = DATANODE_SCHEMA_V3 (version = 4), software layout = DATANODE_SCHEMA_V3 (version = 4)
2023-03-23 08:05:34,248 [Listener at 127.0.0.1/41453] INFO  reflections.Reflections (Reflections.java:scan(232)) - Reflections took 65 ms to scan 7 urls, producing 155 keys and 368 values 
2023-03-23 08:05:34,250 [Listener at 127.0.0.1/41453] INFO  ha.SequenceIdGenerator (SequenceIdGenerator.java:upgradeToSequenceId(349)) - upgrade localId to 111677748019200000
2023-03-23 08:05:34,251 [Listener at 127.0.0.1/41453] INFO  ha.SequenceIdGenerator (SequenceIdGenerator.java:upgradeToSequenceId(359)) - upgrade delTxnId to 0
2023-03-23 08:05:34,251 [Listener at 127.0.0.1/41453] INFO  ha.SequenceIdGenerator (SequenceIdGenerator.java:upgradeToSequenceId(376)) - upgrade containerId to 0
2023-03-23 08:05:34,251 [Listener at 127.0.0.1/41453] INFO  ha.SequenceIdGenerator (SequenceIdGenerator.java:<init>(220)) - Init the HA SequenceIdGenerator.
2023-03-23 08:05:34,252 [Listener at 127.0.0.1/41453] INFO  node.SCMNodeManager (SCMNodeManager.java:<init>(156)) - Entering startup safe mode.
2023-03-23 08:05:34,252 [Listener at 127.0.0.1/41453] INFO  algorithms.ContainerPlacementPolicyFactory (ContainerPlacementPolicyFactory.java:getPolicyInternal(86)) - Create container placement policy of type org.apache.hadoop.hdds.scm.container.placement.algorithms.SCMContainerPlacementRandom
2023-03-23 08:05:34,253 [Listener at 127.0.0.1/41453] INFO  algorithms.ContainerPlacementPolicyFactory (ContainerPlacementPolicyFactory.java:getPolicyInternal(86)) - Create container placement policy of type org.apache.hadoop.hdds.scm.container.placement.algorithms.SCMContainerPlacementRackScatter
2023-03-23 08:05:34,253 [Listener at 127.0.0.1/41453] INFO  pipeline.PipelineStateManagerImpl (PipelineStateManagerImpl.java:initialize(78)) - No pipeline exists in current db
2023-03-23 08:05:34,253 [Listener at 127.0.0.1/41453] INFO  algorithms.LeaderChoosePolicyFactory (LeaderChoosePolicyFactory.java:getPolicy(57)) - Create leader choose policy of type org.apache.hadoop.hdds.scm.pipeline.leader.choose.algorithms.MinLeaderCountChoosePolicy
2023-03-23 08:05:34,253 [Listener at 127.0.0.1/41453] INFO  algorithms.ContainerPlacementPolicyFactory (ContainerPlacementPolicyFactory.java:getPolicyInternal(86)) - Create container placement policy of type org.apache.hadoop.hdds.scm.container.placement.algorithms.SCMContainerPlacementRackScatter
2023-03-23 08:05:34,254 [Listener at 127.0.0.1/41453] INFO  ha.SCMServiceManager (SCMServiceManager.java:register(42)) - Registering service BackgroundPipelineCreator.
2023-03-23 08:05:34,254 [Listener at 127.0.0.1/41453] INFO  pipeline.BackgroundPipelineCreator (BackgroundPipelineCreator.java:start(124)) - Starting RatisPipelineUtilsThread.
2023-03-23 08:05:34,254 [Listener at 127.0.0.1/41453] INFO  BackgroundPipelineScrubber (BackgroundSCMService.java:start(68)) - Starting BackgroundPipelineScrubber Service.
2023-03-23 08:05:34,255 [Listener at 127.0.0.1/41453] INFO  ha.SCMServiceManager (SCMServiceManager.java:register(42)) - Registering service BackgroundPipelineScrubber.
2023-03-23 08:05:34,255 [Listener at 127.0.0.1/41453] INFO  ExpiredContainerReplicaOpScrubber (BackgroundSCMService.java:start(68)) - Starting ExpiredContainerReplicaOpScrubber Service.
2023-03-23 08:05:34,255 [Listener at 127.0.0.1/41453] INFO  ha.SCMServiceManager (SCMServiceManager.java:register(42)) - Registering service ExpiredContainerReplicaOpScrubber.
2023-03-23 08:05:34,257 [Listener at 127.0.0.1/41453] INFO  algorithms.PipelineChoosePolicyFactory (PipelineChoosePolicyFactory.java:createPipelineChoosePolicyFromClass(73)) - Create pipeline choose policy of type org.apache.hadoop.hdds.scm.pipeline.choose.algorithms.RandomPipelineChoosePolicy
2023-03-23 08:05:34,257 [Listener at 127.0.0.1/41453] INFO  ha.SCMServiceManager (SCMServiceManager.java:register(42)) - Registering service SCMBlockDeletingService.
2023-03-23 08:05:34,258 [Listener at 127.0.0.1/41453] INFO  replication.ReplicationManager (ReplicationManager.java:start(277)) - Starting Replication Monitor Thread.
2023-03-23 08:05:34,260 [Listener at 127.0.0.1/41453] INFO  ha.SCMServiceManager (SCMServiceManager.java:register(42)) - Registering service ReplicationManager.
2023-03-23 08:05:34,261 [Listener at 127.0.0.1/41453] INFO  safemode.ContainerSafeModeRule (ContainerSafeModeRule.java:<init>(89)) - containers with one replica threshold count 0
2023-03-23 08:05:34,261 [Listener at 127.0.0.1/41453] INFO  safemode.HealthyPipelineSafeModeRule (HealthyPipelineSafeModeRule.java:initializeRule(169)) - Total pipeline count is 0, healthy pipeline threshold count is 1
2023-03-23 08:05:34,262 [Listener at 127.0.0.1/41453] INFO  safemode.OneReplicaPipelineSafeModeRule (OneReplicaPipelineSafeModeRule.java:initializeRule(180)) - Total pipeline count is 0, pipeline's with at least one datanode reported threshold count is 0
2023-03-23 08:05:34,262 [ReplicationMonitor] INFO  replication.ReplicationManager (ReplicationManager.java:processAll(352)) - Replication Manager is not ready to run until 3000ms after safemode exit
2023-03-23 08:05:34,263 [Listener at 127.0.0.1/41453] INFO  server.StorageContainerManager (StorageContainerManager.java:<init>(396)) - SCM start with adminUsers: [runner]
2023-03-23 08:05:34,263 [Listener at 127.0.0.1/41453] INFO  ipc.CallQueueManager (CallQueueManager.java:<init>(90)) - Using callQueue: class java.util.concurrent.LinkedBlockingQueue, queueCapacity: 2000, scheduler: class org.apache.hadoop.ipc.DefaultRpcScheduler, ipcBackoff: false.
2023-03-23 08:05:34,265 [Socket Reader #1 for port 0] INFO  ipc.Server (Server.java:run(1273)) - Starting Socket Reader #1 for port 0
2023-03-23 08:05:34,266 [Listener at 0.0.0.0/45743] INFO  ipc.CallQueueManager (CallQueueManager.java:<init>(90)) - Using callQueue: class java.util.concurrent.LinkedBlockingQueue, queueCapacity: 2000, scheduler: class org.apache.hadoop.ipc.DefaultRpcScheduler, ipcBackoff: false.
2023-03-23 08:05:34,267 [Socket Reader #1 for port 0] INFO  ipc.Server (Server.java:run(1273)) - Starting Socket Reader #1 for port 0
2023-03-23 08:05:34,268 [Listener at 0.0.0.0/37459] INFO  ipc.CallQueueManager (CallQueueManager.java:<init>(90)) - Using callQueue: class java.util.concurrent.LinkedBlockingQueue, queueCapacity: 2000, scheduler: class org.apache.hadoop.ipc.DefaultRpcScheduler, ipcBackoff: false.
2023-03-23 08:05:34,269 [Socket Reader #1 for port 0] INFO  ipc.Server (Server.java:run(1273)) - Starting Socket Reader #1 for port 0
2023-03-23 08:05:34,276 [Listener at 0.0.0.0/38833] INFO  ha.SCMServiceManager (SCMServiceManager.java:register(42)) - Registering service ContainerBalancer.
2023-03-23 08:05:34,276 [Listener at 0.0.0.0/38833] INFO  server.StorageContainerManager (StorageContainerManager.java:<init>(413)) - 
Container Balancer status:
Key                            Value
Running                        true
Container Balancer Configuration values:
Key                                                Value
Threshold                                          10
Max Datanodes to Involve per Iteration(percent)    20
Max Size to Move per Iteration                     500GB
Max Size Entering Target per Iteration             26GB
Max Size Leaving Source per Iteration              26GB

2023-03-23 08:05:34,276 [Listener at 0.0.0.0/38833] INFO  ha.SCMContext (SCMContext.java:updateSafeModeStatus(228)) - Update SafeModeStatus from SafeModeStatus{safeModeStatus=true, preCheckPassed=false} to SafeModeStatus{safeModeStatus=true, preCheckPassed=false}.
2023-03-23 08:05:34,277 [Listener at 0.0.0.0/38833] INFO  server.StorageContainerManager (StorageContainerManager.java:start(1443)) - StorageContainerLocationProtocol RPC server is listening at /0.0.0.0:38833
2023-03-23 08:05:34,280 [Listener at 0.0.0.0/38833] WARN  impl.MetricsConfig (MetricsConfig.java:loadFirst(136)) - Cannot locate configuration: tried hadoop-metrics2-storagecontainermanager.properties,hadoop-metrics2.properties
2023-03-23 08:05:34,281 [Listener at 0.0.0.0/38833] INFO  impl.MetricsSystemImpl (MetricsSystemImpl.java:startTimer(378)) - Scheduled Metric snapshot period at 10 second(s).
2023-03-23 08:05:34,282 [Listener at 0.0.0.0/38833] INFO  impl.MetricsSystemImpl (MetricsSystemImpl.java:start(191)) - StorageContainerManager metrics system started
2023-03-23 08:05:34,294 [Listener at 0.0.0.0/38833] INFO  impl.MetricsSinkAdapter (MetricsSinkAdapter.java:start(204)) - Sink prometheus started
2023-03-23 08:05:34,294 [Listener at 0.0.0.0/38833] INFO  impl.MetricsSystemImpl (MetricsSystemImpl.java:registerSink(305)) - Registered sink prometheus
2023-03-23 08:05:34,309 [Listener at 0.0.0.0/38833] INFO  server.SCMClientProtocolServer (SCMClientProtocolServer.java:start(194)) - RPC server for Client  is listening at /0.0.0.0:38833
2023-03-23 08:05:34,310 [IPC Server Responder] INFO  ipc.Server (Server.java:run(1512)) - IPC Server Responder: starting
2023-03-23 08:05:34,310 [IPC Server listener on 0] INFO  ipc.Server (Server.java:run(1352)) - IPC Server listener on 0: starting
2023-03-23 08:05:34,319 [Listener at 0.0.0.0/38833] INFO  server.StorageContainerManager (StorageContainerManager.java:start(1457)) - ScmBlockLocationProtocol RPC server is listening at /0.0.0.0:37459
2023-03-23 08:05:34,319 [Listener at 0.0.0.0/38833] INFO  server.SCMBlockProtocolServer (SCMBlockProtocolServer.java:start(152)) - RPC server for Block Protocol is listening at /0.0.0.0:37459
2023-03-23 08:05:34,320 [IPC Server Responder] INFO  ipc.Server (Server.java:run(1512)) - IPC Server Responder: starting
2023-03-23 08:05:34,320 [IPC Server listener on 0] INFO  ipc.Server (Server.java:run(1352)) - IPC Server listener on 0: starting
2023-03-23 08:05:34,327 [Listener at 0.0.0.0/38833] INFO  server.SCMDatanodeProtocolServer (SCMDatanodeProtocolServer.java:start(193)) - ScmDatanodeProtocol RPC server for DataNodes is listening at /0.0.0.0:45743
2023-03-23 08:05:34,328 [IPC Server Responder] INFO  ipc.Server (Server.java:run(1512)) - IPC Server Responder: starting
2023-03-23 08:05:34,328 [IPC Server listener on 0] INFO  ipc.Server (Server.java:run(1352)) - IPC Server listener on 0: starting
2023-03-23 08:05:34,336 [Listener at 0.0.0.0/38833] INFO  http.BaseHttpServer (BaseHttpServer.java:newHttpServer2BuilderForOzone(224)) - Starting Web-server for scm at: http://0.0.0.0:0
2023-03-23 08:05:34,336 [Listener at 0.0.0.0/38833] INFO  http.BaseHttpServer (BaseHttpServer.java:<init>(111)) - Hadoop Security Enabled: false Ozone Security Enabled: false Ozone HTTP Security Enabled: false 
2023-03-23 08:05:34,338 [Listener at 0.0.0.0/38833] WARN  server.AuthenticationFilter (AuthenticationFilter.java:constructSecretProvider(240)) - Unable to initialize FileSignerSecretProvider, falling back to use random secrets. Reason: Could not read signature secret file: /home/runner/hadoop-http-auth-signature-secret
2023-03-23 08:05:34,339 [org.apache.hadoop.util.JvmPauseMonitor$Monitor@45c75f36] INFO  util.JvmPauseMonitor (JvmPauseMonitor.java:run(188)) - Starting JVM pause monitor
2023-03-23 08:05:34,339 [Listener at 0.0.0.0/38833] WARN  http.HttpRequestLog (HttpRequestLog.java:getRequestLog(103)) - Jetty request log can only be enabled using Log4j
2023-03-23 08:05:34,341 [Listener at 0.0.0.0/38833] INFO  http.HttpServer2 (HttpServer2.java:addGlobalFilter(1031)) - Added global filter 'safety' (class=org.apache.hadoop.hdds.server.http.HttpServer2$QuotingInputFilter)
2023-03-23 08:05:34,342 [Listener at 0.0.0.0/38833] INFO  http.HttpServer2 (HttpServer2.java:addFilter(1007)) - Added filter static_user_filter (class=org.apache.hadoop.http.lib.StaticUserWebFilter$StaticUserFilter) to context scm
2023-03-23 08:05:34,342 [Listener at 0.0.0.0/38833] INFO  http.HttpServer2 (HttpServer2.java:addFilter(1015)) - Added filter static_user_filter (class=org.apache.hadoop.http.lib.StaticUserWebFilter$StaticUserFilter) to context logs
2023-03-23 08:05:34,342 [Listener at 0.0.0.0/38833] INFO  http.HttpServer2 (HttpServer2.java:addFilter(1015)) - Added filter static_user_filter (class=org.apache.hadoop.http.lib.StaticUserWebFilter$StaticUserFilter) to context static
2023-03-23 08:05:34,343 [Listener at 0.0.0.0/38833] INFO  http.BaseHttpServer (BaseHttpServer.java:<init>(190)) - HTTP server of scm uses base directory /home/runner/work/ozone/ozone/hadoop-ozone/integration-test/target/test-dir/MiniOzoneClusterImpl-bf95872f-ab09-4fff-b473-e3afb8b37e70/ozone-meta/webserver
2023-03-23 08:05:34,343 [Listener at 0.0.0.0/38833] INFO  http.HttpServer2 (HttpServer2.java:bindListener(1250)) - Jetty bound to port 36449
2023-03-23 08:05:34,343 [Listener at 0.0.0.0/38833] INFO  server.Server (Server.java:doStart(375)) - jetty-9.4.49.v20220914; built: 2022-09-14T01:07:36.601Z; git: 4231a3b2e4cb8548a412a789936d640a97b1aa0a; jvm 1.8.0_362-b09
2023-03-23 08:05:34,345 [Listener at 0.0.0.0/38833] INFO  server.session (DefaultSessionIdManager.java:doStart(334)) - DefaultSessionIdManager workerName=node0
2023-03-23 08:05:34,345 [Listener at 0.0.0.0/38833] INFO  server.session (DefaultSessionIdManager.java:doStart(339)) - No SessionScavenger set, using defaults
2023-03-23 08:05:34,346 [Listener at 0.0.0.0/38833] INFO  server.session (HouseKeeper.java:startScavenging(132)) - node0 Scavenging every 660000ms
2023-03-23 08:05:34,346 [Listener at 0.0.0.0/38833] INFO  handler.ContextHandler (ContextHandler.java:doStart(921)) - Started o.e.j.s.ServletContextHandler@1cdd55d5{logs,/logs,file:///home/runner/work/ozone/ozone/hadoop-ozone/integration-test/target/log,AVAILABLE}
2023-03-23 08:05:34,347 [Listener at 0.0.0.0/38833] INFO  handler.ContextHandler (ContextHandler.java:doStart(921)) - Started o.e.j.s.ServletContextHandler@36229f3a{static,/static,file:///home/runner/work/ozone/ozone/hadoop-ozone/integration-test/target/test-classes/webapps/static,AVAILABLE}
2023-03-23 08:05:34,351 [Listener at 0.0.0.0/38833] INFO  handler.ContextHandler (ContextHandler.java:doStart(921)) - Started o.e.j.w.WebAppContext@3994c5fa{scm,/,file:///home/runner/work/ozone/ozone/hadoop-ozone/integration-test/target/test-classes/webapps/scm/,AVAILABLE}{file:/home/runner/work/ozone/ozone/hadoop-ozone/integration-test/target/test-classes/webapps/scm}
2023-03-23 08:05:34,352 [Listener at 0.0.0.0/38833] INFO  server.AbstractConnector (AbstractConnector.java:doStart(333)) - Started ServerConnector@206987b2{HTTP/1.1, (http/1.1)}{0.0.0.0:36449}
2023-03-23 08:05:34,352 [Listener at 0.0.0.0/38833] INFO  server.Server (Server.java:doStart(415)) - Started @34066ms
2023-03-23 08:05:34,352 [Listener at 0.0.0.0/38833] WARN  impl.MetricsSystemImpl (MetricsSystemImpl.java:register(279)) - Sink prometheus already exists!
2023-03-23 08:05:34,353 [Listener at 0.0.0.0/38833] INFO  http.BaseHttpServer (BaseHttpServer.java:updateConnectorAddress(344)) - HTTP server of scm listening at http://0.0.0.0:36449
2023-03-23 08:05:34,353 [Listener at 0.0.0.0/38833] WARN  server.ServerUtils (ServerUtils.java:getDBPath(225)) - ozone.om.db.dirs is not configured. We recommend adding this setting. Falling back to ozone.metadata.dirs instead.
2023-03-23 08:05:34,356 [Listener at 0.0.0.0/38833] INFO  ha.OMHANodeDetails (OMHANodeDetails.java:loadOMHAConfig(115)) - ozone.om.internal.service.id is not defined, falling back to ozone.om.service.ids to find serviceID for OzoneManager if it is HA enabled cluster
2023-03-23 08:05:34,356 [Listener at 0.0.0.0/38833] INFO  ha.OMHANodeDetails (OMHANodeDetails.java:loadOMHAConfig(226)) - Configuration does not have ozone.om.address set. Falling back to the default OM address /127.0.0.1:0
2023-03-23 08:05:34,356 [Listener at 0.0.0.0/38833] INFO  ha.OMHANodeDetails (OMHANodeDetails.java:getOMNodeDetailsForNonHA(254)) - OM Service ID is not set. Setting it to the default ID: omServiceIdDefault
2023-03-23 08:05:34,356 [Listener at 0.0.0.0/38833] INFO  ha.OMHANodeDetails (OMHANodeDetails.java:getOMNodeDetailsForNonHA(261)) - OM Node ID is not set. Setting it to the default ID: om1
2023-03-23 08:05:34,356 [Listener at 0.0.0.0/38833] WARN  server.ServerUtils (ServerUtils.java:getDBPath(225)) - ozone.om.db.dirs is not configured. We recommend adding this setting. Falling back to ozone.metadata.dirs instead.
2023-03-23 08:05:34,358 [Listener at 0.0.0.0/38833] INFO  upgrade.AbstractLayoutVersionManager (AbstractLayoutVersionManager.java:init(83)) - Initializing Layout version manager with metadata layout = MULTITENANCY_SCHEMA (version = 3), software layout = MULTITENANCY_SCHEMA (version = 3)
2023-03-23 08:05:34,467 [Listener at 0.0.0.0/38833] INFO  reflections.Reflections (Reflections.java:scan(232)) - Reflections took 108 ms to scan 2 urls, producing 167 keys and 466 values [using 2 cores]
2023-03-23 08:05:34,467 [Listener at 0.0.0.0/38833] INFO  upgrade.OMLayoutVersionManager (OMLayoutVersionManager.java:lambda$0(115)) - Skipping Upgrade Action MockOmUpgradeAction since it has been finalized.
2023-03-23 08:05:34,468 [Listener at 0.0.0.0/38833] WARN  server.ServerUtils (ServerUtils.java:getDBPath(225)) - ozone.om.db.dirs is not configured. We recommend adding this setting. Falling back to ozone.metadata.dirs instead.
2023-03-23 08:05:34,469 [Listener at 0.0.0.0/38833] INFO  proxy.SCMBlockLocationFailoverProxyProvider (SCMBlockLocationFailoverProxyProvider.java:<init>(114)) - Created block location fail-over proxy with 1 nodes: [nodeId=scmNodeId,nodeAddress=/0.0.0.0:37459]
2023-03-23 08:05:34,470 [Listener at 0.0.0.0/38833] INFO  proxy.SCMBlockLocationFailoverProxyProvider (SCMBlockLocationFailoverProxyProvider.java:<init>(114)) - Created block location fail-over proxy with 1 nodes: [nodeId=scmNodeId,nodeAddress=/0.0.0.0:37459]
2023-03-23 08:05:34,481 [Listener at 0.0.0.0/38833] INFO  om.OzoneManager (OzoneManager.java:<init>(619)) - OM start with adminUsers: [runner]
2023-03-23 08:05:34,483 [Listener at 0.0.0.0/38833] WARN  server.ServerUtils (ServerUtils.java:getDBPath(225)) - ozone.om.db.dirs is not configured. We recommend adding this setting. Falling back to ozone.metadata.dirs instead.
2023-03-23 08:05:34,483 [Listener at 0.0.0.0/38833] INFO  codec.OmKeyInfoCodec (OmKeyInfoCodec.java:<init>(49)) - OmKeyInfoCodec ignorePipeline = true
2023-03-23 08:05:34,483 [Listener at 0.0.0.0/38833] INFO  codec.RepeatedOmKeyInfoCodec (RepeatedOmKeyInfoCodec.java:<init>(41)) - RepeatedOmKeyInfoCodec ignorePipeline = true
2023-03-23 08:05:34,695 [Listener at 0.0.0.0/38833] INFO  om.OzoneManager (OzoneManager.java:instantiateServices(749)) - S3 Multi-Tenancy is disabled
2023-03-23 08:05:34,696 [Listener at 0.0.0.0/38833] WARN  server.ServerUtils (ServerUtils.java:getDBPath(225)) - ozone.om.snapshot.diff.db.dir is not configured. We recommend adding this setting. Falling back to ozone.metadata.dirs instead.
2023-03-23 08:05:34,717 [Listener at 0.0.0.0/38833] INFO  om.OzoneManager (OzoneManager.java:addS3GVolumeToDB(4221)) - Created Volume s3v With Owner runner required for S3Gateway operations.
2023-03-23 08:05:34,717 [Listener at 0.0.0.0/38833] WARN  server.ServerUtils (ServerUtils.java:getDefaultRatisDirectory(237)) - Storage directory for Ratis is not configured. It is a good idea to map this to an SSD disk. Falling back to ozone.metadata.dirs
2023-03-23 08:05:34,717 [Listener at 0.0.0.0/38833] WARN  utils.OzoneManagerRatisUtils (OzoneManagerRatisUtils.java:getOMRatisSnapshotDirectory(442)) - ozone.om.ratis.snapshot.dir is not configured. Falling back to ozone.metadata.dirs config
2023-03-23 08:05:34,717 [Listener at 0.0.0.0/38833] WARN  server.ServerUtils (ServerUtils.java:getDefaultRatisDirectory(237)) - Storage directory for Ratis is not configured. It is a good idea to map this to an SSD disk. Falling back to ozone.metadata.dirs
2023-03-23 08:05:34,719 [Listener at 0.0.0.0/38833] INFO  ratis.OzoneManagerRatisServer (OzoneManagerRatisServer.java:<init>(164)) - Instantiating OM Ratis server with groupID: omServiceIdDefault and peers: localhost:9872
2023-03-23 08:05:34,719 [Listener at 0.0.0.0/38833] INFO  ratis.OzoneManagerStateMachine (OzoneManagerStateMachine.java:loadSnapshotInfoFromDB(636)) - LastAppliedIndex is set from TransactionInfo from OM DB as (t:0, i:~)
2023-03-23 08:05:34,719 [Listener at 0.0.0.0/38833] INFO  server.RaftServer (ConfUtils.java:logGet(46)) - raft.rpc.type = GRPC (default)
2023-03-23 08:05:34,720 [Listener at 0.0.0.0/38833] INFO  grpc.GrpcConfigKeys (ConfUtils.java:logFallback(53)) - raft.grpc.admin.host = null (fallback to raft.grpc.server.host)
2023-03-23 08:05:34,720 [Listener at 0.0.0.0/38833] INFO  grpc.GrpcConfigKeys (ConfUtils.java:logFallback(53)) - raft.grpc.admin.port = 9872 (fallback to raft.grpc.server.port)
2023-03-23 08:05:34,720 [Listener at 0.0.0.0/38833] INFO  grpc.GrpcConfigKeys (ConfUtils.java:logFallback(53)) - raft.grpc.client.host = null (fallback to raft.grpc.server.host)
2023-03-23 08:05:34,720 [Listener at 0.0.0.0/38833] INFO  grpc.GrpcConfigKeys (ConfUtils.java:logFallback(53)) - raft.grpc.client.port = 9872 (fallback to raft.grpc.server.port)
2023-03-23 08:05:34,720 [Listener at 0.0.0.0/38833] INFO  grpc.GrpcConfigKeys (ConfUtils.java:logGet(46)) - raft.grpc.server.host = null (default)
2023-03-23 08:05:34,720 [Listener at 0.0.0.0/38833] INFO  grpc.GrpcConfigKeys (ConfUtils.java:logGet(46)) - raft.grpc.server.port = 9872 (custom)
2023-03-23 08:05:34,720 [Listener at 0.0.0.0/38833] INFO  server.GrpcService (ConfUtils.java:logGet(46)) - raft.grpc.message.size.max = 33554432 (custom)
2023-03-23 08:05:34,721 [Listener at 0.0.0.0/38833] INFO  server.RaftServerConfigKeys (ConfUtils.java:logGet(46)) - raft.server.log.appender.buffer.byte-limit = 33554432 (custom)
2023-03-23 08:05:34,721 [Listener at 0.0.0.0/38833] INFO  server.GrpcService (ConfUtils.java:logGet(46)) - raft.grpc.flow.control.window = 1MB (=1048576) (default)
2023-03-23 08:05:34,721 [Listener at 0.0.0.0/38833] INFO  server.RaftServerConfigKeys (ConfUtils.java:logGet(46)) - raft.server.rpc.request.timeout = 3000ms (default)
2023-03-23 08:05:34,721 [Listener at 0.0.0.0/38833] INFO  grpc.GrpcConfigKeys (ConfUtils.java:logGet(46)) - raft.grpc.server.heartbeat.channel = true (default)
2023-03-23 08:05:34,721 [Listener at 0.0.0.0/38833] INFO  grpc.GrpcConfigKeys (ConfUtils.java:logGet(46)) - raft.grpc.server.async.request.thread.pool.cached = true (default)
2023-03-23 08:05:34,721 [Listener at 0.0.0.0/38833] INFO  grpc.GrpcConfigKeys (ConfUtils.java:logGet(46)) - raft.grpc.server.async.request.thread.pool.size = 32 (default)
2023-03-23 08:05:34,723 [Listener at 0.0.0.0/38833] INFO  impl.DataStreamServerImpl (ConfUtils.java:logGet(46)) - raft.datastream.type = DISABLED (default)
2023-03-23 08:05:34,723 [Listener at 0.0.0.0/38833] INFO  server.RaftServerConfigKeys (ConfUtils.java:logGet(46)) - raft.server.threadpool.proxy.cached = true (default)
2023-03-23 08:05:34,723 [Listener at 0.0.0.0/38833] INFO  server.RaftServerConfigKeys (ConfUtils.java:logGet(46)) - raft.server.threadpool.proxy.size = 0 (default)
2023-03-23 08:05:34,723 [Listener at 0.0.0.0/38833] INFO  server.RaftServerConfigKeys (ConfUtils.java:logGet(46)) - raft.server.rpc.slowness.timeout = 120s (custom)
2023-03-23 08:05:34,724 [Listener at 0.0.0.0/38833] INFO  server.RaftServerConfigKeys (ConfUtils.java:logGet(46)) - raft.server.leaderelection.leader.step-down.wait-time = 10s (default)
2023-03-23 08:05:34,724 [Listener at 0.0.0.0/38833] INFO  server.RaftServerConfigKeys (ConfUtils.java:logGet(46)) - raft.server.storage.dir = [/home/runner/work/ozone/ozone/hadoop-ozone/integration-test/target/test-dir/MiniOzoneClusterImpl-bf95872f-ab09-4fff-b473-e3afb8b37e70/ozone-meta/ratis] (custom)
2023-03-23 08:05:34,726 [Listener at 0.0.0.0/38833] INFO  server.RaftServer (RaftServerProxy.java:addNew(96)) - om1: addNew group-C5BA1605619E:[om1|rpc:localhost:9872|priority:0|startupRole:FOLLOWER] returns group-C5BA1605619E:java.util.concurrent.CompletableFuture@c5d249d[Not completed]
2023-03-23 08:05:34,726 [Listener at 0.0.0.0/38833] INFO  om.OzoneManager (OzoneManager.java:initializeRatisServer(2096)) - OzoneManager Ratis server initialized at port 9872
2023-03-23 08:05:34,726 [Listener at 0.0.0.0/38833] INFO  om.OzoneManager (OzoneManager.java:getRpcServer(1132)) - Creating RPC Server
2023-03-23 08:05:34,727 [pool-208-thread-1] INFO  server.RaftServer$Division (RaftServerImpl.java:<init>(195)) - om1: new RaftServerImpl for group-C5BA1605619E:[om1|rpc:localhost:9872|priority:0|startupRole:FOLLOWER] with OzoneManagerStateMachine:uninitialized
2023-03-23 08:05:34,727 [pool-208-thread-1] INFO  server.RaftServerConfigKeys (ConfUtils.java:logGet(46)) - raft.server.rpc.timeout.min = 1s (custom)
2023-03-23 08:05:34,727 [pool-208-thread-1] INFO  server.RaftServerConfigKeys (ConfUtils.java:logGet(46)) - raft.server.rpc.timeout.max = 1200ms (custom)
2023-03-23 08:05:34,727 [pool-208-thread-1] INFO  server.RaftServerConfigKeys (ConfUtils.java:logGet(46)) - raft.server.rpc.sleep.time = 25ms (default)
2023-03-23 08:05:34,727 [pool-208-thread-1] INFO  server.RaftServerConfigKeys (ConfUtils.java:logGet(46)) - raft.server.rpc.slowness.timeout = 120s (custom)
2023-03-23 08:05:34,728 [pool-208-thread-1] INFO  server.RaftServerConfigKeys (ConfUtils.java:logGet(46)) - raft.server.leaderelection.leader.step-down.wait-time = 10s (default)
2023-03-23 08:05:34,728 [pool-208-thread-1] INFO  server.RaftServerConfigKeys (ConfUtils.java:logGet(46)) - raft.server.sleep.deviation.threshold = 300ms (default)
2023-03-23 08:05:34,728 [pool-208-thread-1] INFO  server.RaftServer$Division (ServerState.java:<init>(118)) - om1@group-C5BA1605619E: ConfigurationManager, init=-1: peers:[om1|rpc:localhost:9872|priority:0|startupRole:FOLLOWER]|listeners:[], old=null, confs=<EMPTY_MAP>
2023-03-23 08:05:34,728 [pool-208-thread-1] INFO  server.RaftServerConfigKeys (ConfUtils.java:logGet(46)) - raft.server.storage.dir = [/home/runner/work/ozone/ozone/hadoop-ozone/integration-test/target/test-dir/MiniOzoneClusterImpl-bf95872f-ab09-4fff-b473-e3afb8b37e70/ozone-meta/ratis] (custom)
2023-03-23 08:05:34,728 [pool-208-thread-1] INFO  server.RaftServerConfigKeys (ConfUtils.java:logGet(46)) - raft.server.log.corruption.policy = EXCEPTION (default)
2023-03-23 08:05:34,728 [pool-208-thread-1] INFO  server.RaftServerConfigKeys (ConfUtils.java:logGet(46)) - raft.server.storage.free-space.min = 0MB (=0) (default)
2023-03-23 08:05:34,728 [pool-208-thread-1] INFO  server.RaftServerConfigKeys (ConfUtils.java:logGet(46)) - raft.server.notification.no-leader.timeout = 120s (custom)
2023-03-23 08:05:34,728 [pool-208-thread-1] INFO  server.RaftServerConfigKeys (ConfUtils.java:logGet(46)) - raft.server.retrycache.expirytime = 300s (custom)
2023-03-23 08:05:34,728 [pool-208-thread-1] INFO  server.RaftServerConfigKeys (ConfUtils.java:logGet(46)) - raft.server.retrycache.statistics.expirytime = 100μs (default)
2023-03-23 08:05:34,729 [pool-208-thread-1] INFO  server.RaftServerConfigKeys (ConfUtils.java:logGet(46)) - raft.server.log.appender.install.snapshot.enabled = false (custom)
2023-03-23 08:05:34,729 [pool-208-thread-1] INFO  server.RaftServerConfigKeys (ConfUtils.java:logGet(46)) - raft.server.threadpool.server.cached = true (default)
2023-03-23 08:05:34,729 [pool-208-thread-1] INFO  server.RaftServerConfigKeys (ConfUtils.java:logGet(46)) - raft.server.threadpool.server.size = 0 (default)
2023-03-23 08:05:34,729 [pool-208-thread-1] INFO  server.RaftServerConfigKeys (ConfUtils.java:logGet(46)) - raft.server.threadpool.client.cached = true (default)
2023-03-23 08:05:34,729 [pool-208-thread-1] INFO  server.RaftServerConfigKeys (ConfUtils.java:logGet(46)) - raft.server.threadpool.client.size = 0 (default)
2023-03-23 08:05:35,257 [Listener at 0.0.0.0/38833] INFO  reflections.Reflections (Reflections.java:scan(232)) - Reflections took 530 ms to scan 19 urls, producing 68 keys and 4968 values [using 2 cores]
2023-03-23 08:05:35,258 [Listener at 0.0.0.0/38833] INFO  ipc.CallQueueManager (CallQueueManager.java:<init>(90)) - Using callQueue: class java.util.concurrent.LinkedBlockingQueue, queueCapacity: 2000, scheduler: class org.apache.hadoop.ipc.DefaultRpcScheduler, ipcBackoff: false.
2023-03-23 08:05:35,259 [Socket Reader #1 for port 0] INFO  ipc.Server (Server.java:run(1273)) - Starting Socket Reader #1 for port 0
2023-03-23 08:05:35,283 [Listener at 127.0.0.1/36689] INFO  impl.MetricsSystemImpl (MetricsSystemImpl.java:init(158)) - OzoneManager metrics system started (again)
2023-03-23 08:05:35,305 [Listener at 127.0.0.1/36689] INFO  om.OzoneManager (OzoneManager.java:start(1553)) - OzoneManager RPC server is listening at localhost/127.0.0.1:36689
2023-03-23 08:05:35,305 [Listener at 127.0.0.1/36689] INFO  ratis.OzoneManagerRatisServer (OzoneManagerRatisServer.java:start(559)) - Starting OzoneManagerRatisServer om1 at port 9872
2023-03-23 08:05:35,306 [om1-impl-thread1] INFO  storage.RaftStorageDirectory (RaftStorageDirectoryImpl.java:analyzeStorage(137)) - The storage directory /home/runner/work/ozone/ozone/hadoop-ozone/integration-test/target/test-dir/MiniOzoneClusterImpl-bf95872f-ab09-4fff-b473-e3afb8b37e70/ozone-meta/ratis/bf265839-605b-3f16-9796-c5ba1605619e does not exist. Creating ...
2023-03-23 08:05:35,307 [om1-impl-thread1] INFO  storage.RaftStorageDirectory (RaftStorageDirectoryImpl.java:tryLock(231)) - Lock on /home/runner/work/ozone/ozone/hadoop-ozone/integration-test/target/test-dir/MiniOzoneClusterImpl-bf95872f-ab09-4fff-b473-e3afb8b37e70/ozone-meta/ratis/bf265839-605b-3f16-9796-c5ba1605619e/in_use.lock acquired by nodename 6812@fv-az105-497
2023-03-23 08:05:35,309 [om1-impl-thread1] INFO  storage.RaftStorage (RaftStorageImpl.java:format(96)) - Storage directory /home/runner/work/ozone/ozone/hadoop-ozone/integration-test/target/test-dir/MiniOzoneClusterImpl-bf95872f-ab09-4fff-b473-e3afb8b37e70/ozone-meta/ratis/bf265839-605b-3f16-9796-c5ba1605619e has been successfully formatted.
2023-03-23 08:05:35,309 [om1-impl-thread1] INFO  server.RaftServerConfigKeys (ConfUtils.java:logGet(46)) - raft.server.log.use.memory = false (default)
2023-03-23 08:05:35,309 [om1-impl-thread1] INFO  server.RaftServerConfigKeys (ConfUtils.java:logGet(46)) - raft.server.log.purge.gap = 1000000 (custom)
2023-03-23 08:05:35,309 [om1-impl-thread1] INFO  server.RaftServerConfigKeys (ConfUtils.java:logGet(46)) - raft.server.log.appender.buffer.byte-limit = 33554432 (custom)
2023-03-23 08:05:35,309 [om1-impl-thread1] INFO  server.RaftServerConfigKeys (ConfUtils.java:logGet(46)) - raft.server.log.statemachine.data.read.timeout = 1000ms (default)
2023-03-23 08:05:35,309 [om1-impl-thread1] INFO  server.RaftServerConfigKeys (ConfUtils.java:logGet(46)) - raft.server.log.purge.preservation.log.num = 0 (default)
2023-03-23 08:05:35,310 [om1-impl-thread1] INFO  server.RaftServerConfigKeys (ConfUtils.java:logGet(46)) - raft.server.log.segment.size.max = 4194304 (custom)
2023-03-23 08:05:35,310 [om1-impl-thread1] INFO  server.RaftServerConfigKeys (ConfUtils.java:logGet(46)) - raft.server.log.segment.cache.num.max = 2 (custom)
2023-03-23 08:05:35,310 [om1-impl-thread1] INFO  server.RaftServerConfigKeys (ConfUtils.java:logGet(46)) - raft.server.log.segment.cache.size.max = 200MB (=209715200) (default)
2023-03-23 08:05:35,310 [om1-impl-thread1] INFO  segmented.SegmentedRaftLogWorker (SegmentedRaftLogWorker.java:<init>(189)) - new om1@group-C5BA1605619E-SegmentedRaftLogWorker for RaftStorageImpl:Storage Directory /home/runner/work/ozone/ozone/hadoop-ozone/integration-test/target/test-dir/MiniOzoneClusterImpl-bf95872f-ab09-4fff-b473-e3afb8b37e70/ozone-meta/ratis/bf265839-605b-3f16-9796-c5ba1605619e
2023-03-23 08:05:35,310 [om1-impl-thread1] INFO  server.RaftServerConfigKeys (ConfUtils.java:logGet(46)) - raft.server.log.queue.byte-limit = 64MB (=67108864) (default)
2023-03-23 08:05:35,310 [om1-impl-thread1] INFO  server.RaftServerConfigKeys (ConfUtils.java:logGet(46)) - raft.server.log.queue.element-limit = 4096 (default)
2023-03-23 08:05:35,310 [om1-impl-thread1] INFO  server.RaftServerConfigKeys (ConfUtils.java:logGet(46)) - raft.server.log.segment.size.max = 4194304 (custom)
2023-03-23 08:05:35,310 [om1-impl-thread1] INFO  server.RaftServerConfigKeys (ConfUtils.java:logGet(46)) - raft.server.log.preallocated.size = 4194304 (custom)
2023-03-23 08:05:35,310 [om1-impl-thread1] INFO  server.RaftServerConfigKeys (ConfUtils.java:logGet(46)) - raft.server.log.force.sync.num = 128 (default)
2023-03-23 08:05:35,310 [om1-impl-thread1] INFO  server.RaftServerConfigKeys (ConfUtils.java:logGet(46)) - raft.server.log.statemachine.data.sync = true (default)
2023-03-23 08:05:35,310 [om1-impl-thread1] INFO  server.RaftServerConfigKeys (ConfUtils.java:logGet(46)) - raft.server.log.statemachine.data.sync.timeout = 10s (default)
2023-03-23 08:05:35,310 [om1-impl-thread1] INFO  server.RaftServerConfigKeys (ConfUtils.java:logGet(46)) - raft.server.log.statemachine.data.sync.timeout.retry = -1 (default)
2023-03-23 08:05:35,311 [om1-impl-thread1] INFO  server.RaftServerConfigKeys (ConfUtils.java:logGet(46)) - raft.server.log.write.buffer.size = 64KB (=65536) (default)
2023-03-23 08:05:35,311 [om1-impl-thread1] INFO  server.RaftServerConfigKeys (ConfUtils.java:logGet(46)) - raft.server.log.appender.buffer.byte-limit = 33554432 (custom)
2023-03-23 08:05:35,316 [om1-impl-thread1] INFO  server.RaftServerConfigKeys (ConfUtils.java:logGet(46)) - raft.server.log.unsafe-flush.enabled = false (default)
2023-03-23 08:05:35,316 [om1-impl-thread1] INFO  server.RaftServerConfigKeys (ConfUtils.java:logGet(46)) - raft.server.log.async-flush.enabled = false (default)
2023-03-23 08:05:35,316 [om1-impl-thread1] INFO  server.RaftServerConfigKeys (ConfUtils.java:logGet(46)) - raft.server.log.statemachine.data.caching.enabled = false (default)
2023-03-23 08:05:35,316 [om1-impl-thread1] INFO  segmented.SegmentedRaftLogWorker (SegmentedRaftLogWorker.java:lambda$new$0(135)) - om1@group-C5BA1605619E-SegmentedRaftLogWorker: flushIndex: setUnconditionally 0 -> -1
2023-03-23 08:05:35,316 [om1-impl-thread1] INFO  segmented.SegmentedRaftLogWorker (SegmentedRaftLogWorker.java:lambda$new$0(135)) - om1@group-C5BA1605619E-SegmentedRaftLogWorker: safeCacheEvictIndex: setUnconditionally 0 -> -1
2023-03-23 08:05:35,317 [om1-impl-thread1] INFO  server.RaftServer$Division (RaftServerImpl.java:start(334)) - om1@group-C5BA1605619E: start as a follower, conf=-1: peers:[om1|rpc:localhost:9872|priority:0|startupRole:FOLLOWER]|listeners:[], old=null
2023-03-23 08:05:35,317 [om1-impl-thread1] INFO  server.RaftServer$Division (RaftServerImpl.java:setRole(321)) - om1@group-C5BA1605619E: changes role from      null to FOLLOWER at term 0 for startAsFollower
2023-03-23 08:05:35,317 [om1-impl-thread1] INFO  impl.RoleInfo (RoleInfo.java:updateAndGet(139)) - om1: start om1@group-C5BA1605619E-FollowerState
2023-03-23 08:05:35,318 [om1-impl-thread1] INFO  util.JmxRegister (JmxRegister.java:tryRegister(44)) - Successfully registered JMX Bean with object name Ratis:service=RaftServer,group=group-C5BA1605619E,id=om1
2023-03-23 08:05:35,318 [om1-impl-thread1] INFO  server.RaftServerConfigKeys (ConfUtils.java:logGet(46)) - raft.server.snapshot.auto.trigger.enabled = true (custom)
2023-03-23 08:05:35,318 [om1-impl-thread1] INFO  server.RaftServerConfigKeys (ConfUtils.java:logGet(46)) - raft.server.snapshot.auto.trigger.threshold = 400000 (default)
2023-03-23 08:05:35,318 [om1-impl-thread1] INFO  server.RaftServerConfigKeys (ConfUtils.java:logGet(46)) - raft.server.snapshot.retention.file.num = -1 (default)
2023-03-23 08:05:35,318 [om1-impl-thread1] INFO  server.RaftServerConfigKeys (ConfUtils.java:logGet(46)) - raft.server.log.purge.upto.snapshot.index = true (custom)
2023-03-23 08:05:35,318 [om1@group-C5BA1605619E-FollowerState] INFO  server.RaftServerConfigKeys (ConfUtils.java:logFallback(53)) - raft.server.rpc.first-election.timeout.min = 1s (fallback to raft.server.rpc.timeout.min)
2023-03-23 08:05:35,319 [om1@group-C5BA1605619E-FollowerState] INFO  server.RaftServerConfigKeys (ConfUtils.java:logFallback(53)) - raft.server.rpc.first-election.timeout.max = 1200ms (fallback to raft.server.rpc.timeout.max)
2023-03-23 08:05:35,319 [Listener at 127.0.0.1/36689] INFO  server.RaftServer (RaftServerProxy.java:startImpl(393)) - om1: start RPC server
2023-03-23 08:05:35,322 [Listener at 127.0.0.1/36689] INFO  server.GrpcService (GrpcService.java:startImpl(262)) - om1: GrpcService started, listening on 9872
2023-03-23 08:05:35,322 [Listener at 127.0.0.1/36689] INFO  om.OzoneManager (OzoneManager.java:start(1569)) - Version File has different layout version (3) than OM DB (null). That is expected if this OM has never been finalized to a newer layout version.
2023-03-23 08:05:35,330 [JvmPauseMonitor4] INFO  util.JvmPauseMonitor (JvmPauseMonitor.java:run(105)) - JvmPauseMonitor-om1: Started
2023-03-23 08:05:35,330 [Listener at 127.0.0.1/36689] INFO  http.BaseHttpServer (BaseHttpServer.java:newHttpServer2BuilderForOzone(224)) - Starting Web-server for ozoneManager at: http://0.0.0.0:0
2023-03-23 08:05:35,330 [Listener at 127.0.0.1/36689] INFO  http.BaseHttpServer (BaseHttpServer.java:<init>(111)) - Hadoop Security Enabled: false Ozone Security Enabled: false Ozone HTTP Security Enabled: false 
2023-03-23 08:05:35,332 [Listener at 127.0.0.1/36689] WARN  server.AuthenticationFilter (AuthenticationFilter.java:constructSecretProvider(240)) - Unable to initialize FileSignerSecretProvider, falling back to use random secrets. Reason: Could not read signature secret file: /home/runner/hadoop-http-auth-signature-secret
2023-03-23 08:05:35,333 [Listener at 127.0.0.1/36689] WARN  http.HttpRequestLog (HttpRequestLog.java:getRequestLog(103)) - Jetty request log can only be enabled using Log4j
2023-03-23 08:05:35,334 [Listener at 127.0.0.1/36689] INFO  http.HttpServer2 (HttpServer2.java:addGlobalFilter(1031)) - Added global filter 'safety' (class=org.apache.hadoop.hdds.server.http.HttpServer2$QuotingInputFilter)
2023-03-23 08:05:35,335 [Listener at 127.0.0.1/36689] INFO  http.HttpServer2 (HttpServer2.java:addFilter(1007)) - Added filter static_user_filter (class=org.apache.hadoop.http.lib.StaticUserWebFilter$StaticUserFilter) to context ozoneManager
2023-03-23 08:05:35,336 [Listener at 127.0.0.1/36689] INFO  http.HttpServer2 (HttpServer2.java:addFilter(1015)) - Added filter static_user_filter (class=org.apache.hadoop.http.lib.StaticUserWebFilter$StaticUserFilter) to context static
2023-03-23 08:05:35,336 [Listener at 127.0.0.1/36689] INFO  http.HttpServer2 (HttpServer2.java:addFilter(1015)) - Added filter static_user_filter (class=org.apache.hadoop.http.lib.StaticUserWebFilter$StaticUserFilter) to context logs
2023-03-23 08:05:35,339 [Listener at 127.0.0.1/36689] INFO  http.BaseHttpServer (BaseHttpServer.java:<init>(190)) - HTTP server of ozoneManager uses base directory /home/runner/work/ozone/ozone/hadoop-ozone/integration-test/target/test-dir/MiniOzoneClusterImpl-bf95872f-ab09-4fff-b473-e3afb8b37e70/ozone-meta/webserver
2023-03-23 08:05:35,340 [Listener at 127.0.0.1/36689] INFO  http.HttpServer2 (HttpServer2.java:bindListener(1250)) - Jetty bound to port 45173
2023-03-23 08:05:35,341 [Listener at 127.0.0.1/36689] INFO  server.Server (Server.java:doStart(375)) - jetty-9.4.49.v20220914; built: 2022-09-14T01:07:36.601Z; git: 4231a3b2e4cb8548a412a789936d640a97b1aa0a; jvm 1.8.0_362-b09
2023-03-23 08:05:35,355 [Listener at 127.0.0.1/36689] INFO  server.session (DefaultSessionIdManager.java:doStart(334)) - DefaultSessionIdManager workerName=node0
2023-03-23 08:05:35,355 [Listener at 127.0.0.1/36689] INFO  server.session (DefaultSessionIdManager.java:doStart(339)) - No SessionScavenger set, using defaults
2023-03-23 08:05:35,355 [Listener at 127.0.0.1/36689] INFO  server.session (HouseKeeper.java:startScavenging(132)) - node0 Scavenging every 600000ms
2023-03-23 08:05:35,356 [Listener at 127.0.0.1/36689] INFO  handler.ContextHandler (ContextHandler.java:doStart(921)) - Started o.e.j.s.ServletContextHandler@6b7b3d77{logs,/logs,file:///home/runner/work/ozone/ozone/hadoop-ozone/integration-test/target/log,AVAILABLE}
2023-03-23 08:05:35,356 [Listener at 127.0.0.1/36689] INFO  handler.ContextHandler (ContextHandler.java:doStart(921)) - Started o.e.j.s.ServletContextHandler@6c957807{static,/static,file:///home/runner/work/ozone/ozone/hadoop-ozone/integration-test/target/test-classes/webapps/static,AVAILABLE}
2023-03-23 08:05:35,360 [Listener at 127.0.0.1/36689] INFO  handler.ContextHandler (ContextHandler.java:doStart(921)) - Started o.e.j.w.WebAppContext@73111494{ozoneManager,/,file:///home/runner/work/ozone/ozone/hadoop-ozone/integration-test/target/test-classes/webapps/ozoneManager/,AVAILABLE}{file:/home/runner/work/ozone/ozone/hadoop-ozone/integration-test/target/test-classes/webapps/ozoneManager}
2023-03-23 08:05:35,361 [Listener at 127.0.0.1/36689] INFO  server.AbstractConnector (AbstractConnector.java:doStart(333)) - Started ServerConnector@51e7b595{HTTP/1.1, (http/1.1)}{0.0.0.0:45173}
2023-03-23 08:05:35,361 [Listener at 127.0.0.1/36689] INFO  server.Server (Server.java:doStart(415)) - Started @35075ms
2023-03-23 08:05:35,361 [Listener at 127.0.0.1/36689] WARN  impl.MetricsSystemImpl (MetricsSystemImpl.java:register(279)) - Sink prometheus already exists!
2023-03-23 08:05:35,362 [Listener at 127.0.0.1/36689] INFO  http.BaseHttpServer (BaseHttpServer.java:updateConnectorAddress(344)) - HTTP server of ozoneManager listening at http://0.0.0.0:45173
2023-03-23 08:05:35,362 [IPC Server Responder] INFO  ipc.Server (Server.java:run(1512)) - IPC Server Responder: starting
2023-03-23 08:05:35,366 [IPC Server listener on 0] INFO  ipc.Server (Server.java:run(1352)) - IPC Server listener on 0: starting
2023-03-23 08:05:35,369 [Listener at 127.0.0.1/36689] INFO  om.OzoneManager (OzoneManager.java:startTrashEmptier(2040)) - Trash Interval set to 0. Files deleted won't move to trash
2023-03-23 08:05:35,377 [org.apache.hadoop.util.JvmPauseMonitor$Monitor@5c38ceb8] INFO  util.JvmPauseMonitor (JvmPauseMonitor.java:run(188)) - Starting JVM pause monitor
2023-03-23 08:05:35,379 [Listener at 127.0.0.1/36689] WARN  impl.MetricRegistriesImpl (MetricRegistriesImpl.java:addReporterRegistration(111)) - New reporters are added after registries were created. Some metrics will be missing from the reporter. Please add reporter before adding any new registry.
2023-03-23 08:05:35,379 [Listener at 127.0.0.1/36689] WARN  impl.MetricRegistriesImpl (MetricRegistriesImpl.java:addReporterRegistration(111)) - New reporters are added after registries were created. Some metrics will be missing from the reporter. Please add reporter before adding any new registry.
2023-03-23 08:05:35,379 [Listener at 127.0.0.1/36689] INFO  impl.MetricsSystemImpl (MetricsSystemImpl.java:init(158)) - HddsDatanode metrics system started (again)
2023-03-23 08:05:35,392 [Listener at 127.0.0.1/36689] INFO  ozone.HddsDatanodeService (HddsDatanodeService.java:start(249)) - HddsDatanodeService host:fv-az105-497.wy5h1aom0jgehahef1oyr10hrc.bx.internal.cloudapp.net ip:10.1.0.214
2023-03-23 08:05:35,417 [Listener at 127.0.0.1/36689] INFO  upgrade.AbstractLayoutVersionManager (AbstractLayoutVersionManager.java:init(83)) - Initializing Layout version manager with metadata layout = DATANODE_SCHEMA_V3 (version = 4), software layout = DATANODE_SCHEMA_V3 (version = 4)
2023-03-23 08:05:35,473 [Listener at 127.0.0.1/36689] INFO  reflections.Reflections (Reflections.java:scan(232)) - Reflections took 54 ms to scan 7 urls, producing 155 keys and 368 values 
2023-03-23 08:05:35,475 [Listener at 127.0.0.1/36689] INFO  statemachine.DatanodeStateMachine (DatanodeStateMachine.java:getEndPointTaskThreadPoolSize(260)) - Datanode State Machine Task Thread Pool size 2
2023-03-23 08:05:35,477 [Listener at 127.0.0.1/36689] INFO  volume.HddsVolume (HddsVolume.java:<init>(130)) - Creating HddsVolume: /home/runner/work/ozone/ozone/hadoop-ozone/integration-test/target/test-dir/MiniOzoneClusterImpl-bf95872f-ab09-4fff-b473-e3afb8b37e70/datanode-0/data-0/containers/hdds of storage type : DISK capacity : 9223372036854775807
2023-03-23 08:05:35,478 [Listener at 127.0.0.1/36689] INFO  volume.MutableVolumeSet (MutableVolumeSet.java:initializeVolumeSet(175)) - Added Volume : /home/runner/work/ozone/ozone/hadoop-ozone/integration-test/target/test-dir/MiniOzoneClusterImpl-bf95872f-ab09-4fff-b473-e3afb8b37e70/datanode-0/data-0/containers/hdds to VolumeSet
2023-03-23 08:05:35,478 [Listener at 127.0.0.1/36689] INFO  volume.ThrottledAsyncChecker (ThrottledAsyncChecker.java:schedule(141)) - Scheduling a check for /home/runner/work/ozone/ozone/hadoop-ozone/integration-test/target/test-dir/MiniOzoneClusterImpl-bf95872f-ab09-4fff-b473-e3afb8b37e70/datanode-0/data-0/containers/hdds
2023-03-23 08:05:35,485 [Listener at 127.0.0.1/36689] INFO  volume.StorageVolumeChecker (StorageVolumeChecker.java:checkAllVolumes(202)) - Scheduled health check for volume /home/runner/work/ozone/ozone/hadoop-ozone/integration-test/target/test-dir/MiniOzoneClusterImpl-bf95872f-ab09-4fff-b473-e3afb8b37e70/datanode-0/data-0/containers/hdds
2023-03-23 08:05:35,501 [Listener at 127.0.0.1/36689] INFO  volume.MutableVolumeSet (MutableVolumeSet.java:initializeVolumeSet(175)) - Added Volume : /home/runner/work/ozone/ozone/hadoop-ozone/integration-test/target/test-dir/MiniOzoneClusterImpl-bf95872f-ab09-4fff-b473-e3afb8b37e70/datanode-0/data/ratis to VolumeSet
2023-03-23 08:05:35,501 [Listener at 127.0.0.1/36689] INFO  volume.ThrottledAsyncChecker (ThrottledAsyncChecker.java:schedule(141)) - Scheduling a check for /home/runner/work/ozone/ozone/hadoop-ozone/integration-test/target/test-dir/MiniOzoneClusterImpl-bf95872f-ab09-4fff-b473-e3afb8b37e70/datanode-0/data/ratis
2023-03-23 08:05:35,501 [Listener at 127.0.0.1/36689] INFO  volume.StorageVolumeChecker (StorageVolumeChecker.java:checkAllVolumes(202)) - Scheduled health check for volume /home/runner/work/ozone/ozone/hadoop-ozone/integration-test/target/test-dir/MiniOzoneClusterImpl-bf95872f-ab09-4fff-b473-e3afb8b37e70/datanode-0/data/ratis
2023-03-23 08:05:35,521 [Thread-614] INFO  ozoneimpl.ContainerReader (ContainerReader.java:readVolume(175)) - Finish verifying containers on volume /home/runner/work/ozone/ozone/hadoop-ozone/integration-test/target/test-dir/MiniOzoneClusterImpl-bf95872f-ab09-4fff-b473-e3afb8b37e70/datanode-0/data-0/containers/hdds
2023-03-23 08:05:35,521 [Listener at 127.0.0.1/36689] INFO  ozoneimpl.OzoneContainer (OzoneContainer.java:buildContainerSet(307)) - Build ContainerSet costs 0s
2023-03-23 08:05:35,528 [Listener at 127.0.0.1/36689] INFO  server.RaftServer (ConfUtils.java:logGet(46)) - raft.rpc.type = GRPC (default)
2023-03-23 08:05:35,528 [Listener at 127.0.0.1/36689] INFO  grpc.GrpcConfigKeys (ConfUtils.java:logFallback(53)) - raft.grpc.admin.host = null (fallback to raft.grpc.server.host)
2023-03-23 08:05:35,528 [Listener at 127.0.0.1/36689] INFO  grpc.GrpcConfigKeys (ConfUtils.java:logGet(46)) - raft.grpc.admin.port = 0 (custom)
2023-03-23 08:05:35,528 [Listener at 127.0.0.1/36689] INFO  grpc.GrpcConfigKeys (ConfUtils.java:logFallback(53)) - raft.grpc.client.host = null (fallback to raft.grpc.server.host)
2023-03-23 08:05:35,528 [Listener at 127.0.0.1/36689] INFO  grpc.GrpcConfigKeys (ConfUtils.java:logGet(46)) - raft.grpc.client.port = 0 (custom)
2023-03-23 08:05:35,529 [Listener at 127.0.0.1/36689] INFO  grpc.GrpcConfigKeys (ConfUtils.java:logGet(46)) - raft.grpc.server.host = null (default)
2023-03-23 08:05:35,529 [Listener at 127.0.0.1/36689] INFO  grpc.GrpcConfigKeys (ConfUtils.java:logGet(46)) - raft.grpc.server.port = 0 (default)
2023-03-23 08:05:35,529 [Listener at 127.0.0.1/36689] INFO  server.GrpcService (ConfUtils.java:logGet(46)) - raft.grpc.message.size.max = 32MB (=33554432) (custom)
2023-03-23 08:05:35,529 [Listener at 127.0.0.1/36689] INFO  server.RaftServerConfigKeys (ConfUtils.java:logGet(46)) - raft.server.log.appender.buffer.byte-limit = 33554432 (custom)
2023-03-23 08:05:35,529 [Listener at 127.0.0.1/36689] INFO  server.GrpcService (ConfUtils.java:logGet(46)) - raft.grpc.flow.control.window = 5MB (=5242880) (custom)
2023-03-23 08:05:35,529 [Listener at 127.0.0.1/36689] INFO  server.RaftServerConfigKeys (ConfUtils.java:logGet(46)) - raft.server.rpc.request.timeout = 60s (custom)
2023-03-23 08:05:35,530 [Listener at 127.0.0.1/36689] INFO  grpc.GrpcConfigKeys (ConfUtils.java:logGet(46)) - raft.grpc.server.heartbeat.channel = true (default)
2023-03-23 08:05:35,530 [Listener at 127.0.0.1/36689] INFO  grpc.GrpcConfigKeys (ConfUtils.java:logGet(46)) - raft.grpc.server.async.request.thread.pool.cached = true (default)
2023-03-23 08:05:35,530 [Listener at 127.0.0.1/36689] INFO  grpc.GrpcConfigKeys (ConfUtils.java:logGet(46)) - raft.grpc.server.async.request.thread.pool.size = 32 (default)
2023-03-23 08:05:35,532 [Listener at 127.0.0.1/36689] INFO  impl.DataStreamServerImpl (ConfUtils.java:logGet(46)) - raft.datastream.type = NETTY (custom)
2023-03-23 08:05:35,532 [Listener at 127.0.0.1/36689] INFO  server.RaftServerConfigKeys (ConfUtils.java:logGet(46)) - raft.server.data-stream.async.request.thread.pool.cached = false (default)
2023-03-23 08:05:35,532 [Listener at 127.0.0.1/36689] INFO  server.RaftServerConfigKeys (ConfUtils.java:logGet(46)) - raft.server.data-stream.async.request.thread.pool.size = 20 (custom)
2023-03-23 08:05:35,533 [Listener at 127.0.0.1/36689] INFO  server.RaftServerConfigKeys (ConfUtils.java:logGet(46)) - raft.server.data-stream.async.write.thread.pool.size = 16 (default)
2023-03-23 08:05:35,533 [Listener at 127.0.0.1/36689] INFO  server.RaftServerConfigKeys (ConfUtils.java:logGet(46)) - raft.server.data-stream.client.pool.size = 10 (default)
2023-03-23 08:05:35,533 [Listener at 127.0.0.1/36689] INFO  netty.NettyConfigKeys$DataStream (ConfUtils.java:logGet(46)) - raft.netty.dataStream.server.use-epoll = false (default)
2023-03-23 08:05:35,533 [Listener at 127.0.0.1/36689] INFO  netty.NettyConfigKeys$DataStream (ConfUtils.java:logGet(46)) - raft.netty.dataStream.server.boss-group.size = 0 (default)
2023-03-23 08:05:35,534 [Listener at 127.0.0.1/36689] INFO  netty.NettyConfigKeys$DataStream (ConfUtils.java:logGet(46)) - raft.netty.dataStream.server.worker-group.size = 0 (default)
2023-03-23 08:05:35,534 [Listener at 127.0.0.1/36689] INFO  netty.NettyConfigKeys$DataStream (ConfUtils.java:logGet(46)) - raft.netty.dataStream.server.tls.conf = null (default)
2023-03-23 08:05:35,535 [Listener at 127.0.0.1/36689] INFO  netty.NettyConfigKeys$DataStream (ConfUtils.java:logGet(46)) - raft.netty.dataStream.host = null (default)
2023-03-23 08:05:35,535 [Listener at 127.0.0.1/36689] INFO  netty.NettyConfigKeys$DataStream (ConfUtils.java:logGet(46)) - raft.netty.dataStream.port = 0 (default)
2023-03-23 08:05:35,535 [Listener at 127.0.0.1/36689] INFO  server.RaftServerConfigKeys (ConfUtils.java:logGet(46)) - raft.server.threadpool.proxy.cached = true (default)
2023-03-23 08:05:35,536 [Listener at 127.0.0.1/36689] INFO  server.RaftServerConfigKeys (ConfUtils.java:logGet(46)) - raft.server.threadpool.proxy.size = 0 (default)
2023-03-23 08:05:35,536 [Listener at 127.0.0.1/36689] INFO  server.RaftServerConfigKeys (ConfUtils.java:logGet(46)) - raft.server.rpc.slowness.timeout = 300s (custom)
2023-03-23 08:05:35,536 [Listener at 127.0.0.1/36689] INFO  server.RaftServerConfigKeys (ConfUtils.java:logGet(46)) - raft.server.leaderelection.leader.step-down.wait-time = 10s (default)
2023-03-23 08:05:35,536 [Listener at 127.0.0.1/36689] INFO  server.RaftServerConfigKeys (ConfUtils.java:logGet(46)) - raft.server.storage.dir = [/home/runner/work/ozone/ozone/hadoop-ozone/integration-test/target/test-dir/MiniOzoneClusterImpl-bf95872f-ab09-4fff-b473-e3afb8b37e70/datanode-0/data/ratis] (custom)
2023-03-23 08:05:35,542 [fd439516-60ae-42f5-a7e4-bbb84e8556dc-NettyServerStreamRpc-bossGroup--thread1] INFO  logging.LoggingHandler (AbstractInternalLogger.java:log(148)) - [id: 0xd8619fb5] REGISTERED
2023-03-23 08:05:35,542 [fd439516-60ae-42f5-a7e4-bbb84e8556dc-NettyServerStreamRpc-bossGroup--thread1] INFO  logging.LoggingHandler (AbstractInternalLogger.java:log(148)) - [id: 0xd8619fb5] BIND: 0.0.0.0/0.0.0.0:0
2023-03-23 08:05:35,542 [fd439516-60ae-42f5-a7e4-bbb84e8556dc-NettyServerStreamRpc-bossGroup--thread1] INFO  logging.LoggingHandler (AbstractInternalLogger.java:log(148)) - [id: 0xd8619fb5, L:/0:0:0:0:0:0:0:0:40121] ACTIVE
2023-03-23 08:05:35,544 [Listener at 127.0.0.1/36689] INFO  server.XceiverServerGrpc (XceiverServerGrpc.java:<init>(132)) - GrpcServer channel type EpollServerSocketChannel
2023-03-23 08:05:35,553 [Listener at 127.0.0.1/36689] INFO  http.BaseHttpServer (BaseHttpServer.java:newHttpServer2BuilderForOzone(224)) - Starting Web-server for hddsDatanode at: http://0.0.0.0:0
2023-03-23 08:05:35,553 [Listener at 127.0.0.1/36689] INFO  http.BaseHttpServer (BaseHttpServer.java:<init>(111)) - Hadoop Security Enabled: false Ozone Security Enabled: false Ozone HTTP Security Enabled: false 
2023-03-23 08:05:35,555 [Listener at 127.0.0.1/36689] WARN  server.AuthenticationFilter (AuthenticationFilter.java:constructSecretProvider(240)) - Unable to initialize FileSignerSecretProvider, falling back to use random secrets. Reason: Could not read signature secret file: /home/runner/hadoop-http-auth-signature-secret
2023-03-23 08:05:35,557 [Listener at 127.0.0.1/36689] WARN  http.HttpRequestLog (HttpRequestLog.java:getRequestLog(103)) - Jetty request log can only be enabled using Log4j
2023-03-23 08:05:35,558 [Listener at 127.0.0.1/36689] INFO  http.HttpServer2 (HttpServer2.java:addGlobalFilter(1031)) - Added global filter 'safety' (class=org.apache.hadoop.hdds.server.http.HttpServer2$QuotingInputFilter)
2023-03-23 08:05:35,559 [Listener at 127.0.0.1/36689] INFO  http.HttpServer2 (HttpServer2.java:addFilter(1007)) - Added filter static_user_filter (class=org.apache.hadoop.http.lib.StaticUserWebFilter$StaticUserFilter) to context hddsDatanode
2023-03-23 08:05:35,559 [Listener at 127.0.0.1/36689] INFO  http.HttpServer2 (HttpServer2.java:addFilter(1015)) - Added filter static_user_filter (class=org.apache.hadoop.http.lib.StaticUserWebFilter$StaticUserFilter) to context logs
2023-03-23 08:05:35,560 [Listener at 127.0.0.1/36689] INFO  http.HttpServer2 (HttpServer2.java:addFilter(1015)) - Added filter static_user_filter (class=org.apache.hadoop.http.lib.StaticUserWebFilter$StaticUserFilter) to context static
2023-03-23 08:05:35,560 [Listener at 127.0.0.1/36689] INFO  http.BaseHttpServer (BaseHttpServer.java:<init>(190)) - HTTP server of hddsDatanode uses base directory /home/runner/work/ozone/ozone/hadoop-ozone/integration-test/target/test-dir/MiniOzoneClusterImpl-bf95872f-ab09-4fff-b473-e3afb8b37e70/datanode-0/meta/webserver
2023-03-23 08:05:35,561 [Listener at 127.0.0.1/36689] INFO  http.HttpServer2 (HttpServer2.java:bindListener(1250)) - Jetty bound to port 46423
2023-03-23 08:05:35,561 [Listener at 127.0.0.1/36689] INFO  server.Server (Server.java:doStart(375)) - jetty-9.4.49.v20220914; built: 2022-09-14T01:07:36.601Z; git: 4231a3b2e4cb8548a412a789936d640a97b1aa0a; jvm 1.8.0_362-b09
2023-03-23 08:05:35,563 [Listener at 127.0.0.1/36689] INFO  server.session (DefaultSessionIdManager.java:doStart(334)) - DefaultSessionIdManager workerName=node0
2023-03-23 08:05:35,563 [Listener at 127.0.0.1/36689] INFO  server.session (DefaultSessionIdManager.java:doStart(339)) - No SessionScavenger set, using defaults
2023-03-23 08:05:35,563 [Listener at 127.0.0.1/36689] INFO  server.session (HouseKeeper.java:startScavenging(132)) - node0 Scavenging every 600000ms
2023-03-23 08:05:35,564 [Listener at 127.0.0.1/36689] INFO  handler.ContextHandler (ContextHandler.java:doStart(921)) - Started o.e.j.s.ServletContextHandler@14ebd598{logs,/logs,file:///home/runner/work/ozone/ozone/hadoop-ozone/integration-test/target/log,AVAILABLE}
2023-03-23 08:05:35,565 [Listener at 127.0.0.1/36689] INFO  handler.ContextHandler (ContextHandler.java:doStart(921)) - Started o.e.j.s.ServletContextHandler@2fa53dbc{static,/static,jar:file:/home/runner/.m2/repository/org/apache/ozone/hdds-container-service/1.4.0-SNAPSHOT/hdds-container-service-1.4.0-SNAPSHOT.jar!/webapps/static,AVAILABLE}
2023-03-23 08:05:35,791 [Listener at 127.0.0.1/36689] INFO  handler.ContextHandler (ContextHandler.java:doStart(921)) - Started o.e.j.w.WebAppContext@9ae1213{hddsDatanode,/,file:///home/runner/work/ozone/ozone/hadoop-ozone/integration-test/target/test-dir/MiniOzoneClusterImpl-bf95872f-ab09-4fff-b473-e3afb8b37e70/datanode-0/meta/webserver/jetty-0_0_0_0-46423-hdds-container-service-1_4_0-SNAPSHOT_jar-_-any-6515718065789832473/webapp/,AVAILABLE}{jar:file:/home/runner/.m2/repository/org/apache/ozone/hdds-container-service/1.4.0-SNAPSHOT/hdds-container-service-1.4.0-SNAPSHOT.jar!/webapps/hddsDatanode}
2023-03-23 08:05:35,793 [Listener at 127.0.0.1/36689] INFO  server.AbstractConnector (AbstractConnector.java:doStart(333)) - Started ServerConnector@40d8ea60{HTTP/1.1, (http/1.1)}{0.0.0.0:46423}
2023-03-23 08:05:35,794 [Listener at 127.0.0.1/36689] INFO  server.Server (Server.java:doStart(415)) - Started @35507ms
2023-03-23 08:05:35,794 [Listener at 127.0.0.1/36689] WARN  impl.MetricsSystemImpl (MetricsSystemImpl.java:register(279)) - Sink prometheus already exists!
2023-03-23 08:05:35,794 [Listener at 127.0.0.1/36689] INFO  http.BaseHttpServer (BaseHttpServer.java:updateConnectorAddress(344)) - HTTP server of hddsDatanode listening at http://0.0.0.0:46423
2023-03-23 08:05:35,795 [Datanode State Machine Daemon Thread] INFO  statemachine.DatanodeStateMachine (DatanodeStateMachine.java:lambda$startDaemon$0(517)) - Ozone container server started.
2023-03-23 08:05:35,800 [Listener at 127.0.0.1/36689] WARN  impl.MetricRegistriesImpl (MetricRegistriesImpl.java:addReporterRegistration(111)) - New reporters are added after registries were created. Some metrics will be missing from the reporter. Please add reporter before adding any new registry.
2023-03-23 08:05:35,800 [Listener at 127.0.0.1/36689] WARN  impl.MetricRegistriesImpl (MetricRegistriesImpl.java:addReporterRegistration(111)) - New reporters are added after registries were created. Some metrics will be missing from the reporter. Please add reporter before adding any new registry.
2023-03-23 08:05:35,800 [Listener at 127.0.0.1/36689] INFO  impl.MetricsSystemImpl (MetricsSystemImpl.java:init(158)) - HddsDatanode metrics system started (again)
2023-03-23 08:05:35,801 [org.apache.hadoop.util.JvmPauseMonitor$Monitor@293ccedc] INFO  util.JvmPauseMonitor (JvmPauseMonitor.java:run(188)) - Starting JVM pause monitor
2023-03-23 08:05:35,806 [Datanode State Machine Task Thread - 0] INFO  datanode.InitDatanodeState (InitDatanodeState.java:persistContainerDatanodeDetails(138)) - DatanodeDetails is persisted to /home/runner/work/ozone/ozone/hadoop-ozone/integration-test/target/test-dir/MiniOzoneClusterImpl-bf95872f-ab09-4fff-b473-e3afb8b37e70/datanode-0/meta/datanode.id
2023-03-23 08:05:35,822 [Listener at 127.0.0.1/36689] INFO  ozone.HddsDatanodeService (HddsDatanodeService.java:start(249)) - HddsDatanodeService host:fv-az105-497.wy5h1aom0jgehahef1oyr10hrc.bx.internal.cloudapp.net ip:10.1.0.214
2023-03-23 08:05:35,846 [Listener at 127.0.0.1/36689] INFO  upgrade.AbstractLayoutVersionManager (AbstractLayoutVersionManager.java:init(83)) - Initializing Layout version manager with metadata layout = DATANODE_SCHEMA_V3 (version = 4), software layout = DATANODE_SCHEMA_V3 (version = 4)
2023-03-23 08:05:35,911 [Listener at 127.0.0.1/36689] INFO  reflections.Reflections (Reflections.java:scan(232)) - Reflections took 63 ms to scan 7 urls, producing 155 keys and 368 values 
2023-03-23 08:05:35,915 [Listener at 127.0.0.1/36689] INFO  statemachine.DatanodeStateMachine (DatanodeStateMachine.java:getEndPointTaskThreadPoolSize(260)) - Datanode State Machine Task Thread Pool size 2
2023-03-23 08:05:35,922 [Listener at 127.0.0.1/36689] INFO  volume.HddsVolume (HddsVolume.java:<init>(130)) - Creating HddsVolume: /home/runner/work/ozone/ozone/hadoop-ozone/integration-test/target/test-dir/MiniOzoneClusterImpl-bf95872f-ab09-4fff-b473-e3afb8b37e70/datanode-1/data-0/containers/hdds of storage type : DISK capacity : 9223372036854775807
2023-03-23 08:05:35,922 [Listener at 127.0.0.1/36689] INFO  volume.MutableVolumeSet (MutableVolumeSet.java:initializeVolumeSet(175)) - Added Volume : /home/runner/work/ozone/ozone/hadoop-ozone/integration-test/target/test-dir/MiniOzoneClusterImpl-bf95872f-ab09-4fff-b473-e3afb8b37e70/datanode-1/data-0/containers/hdds to VolumeSet
2023-03-23 08:05:35,923 [Listener at 127.0.0.1/36689] INFO  volume.ThrottledAsyncChecker (ThrottledAsyncChecker.java:schedule(141)) - Scheduling a check for /home/runner/work/ozone/ozone/hadoop-ozone/integration-test/target/test-dir/MiniOzoneClusterImpl-bf95872f-ab09-4fff-b473-e3afb8b37e70/datanode-1/data-0/containers/hdds
2023-03-23 08:05:35,924 [Listener at 127.0.0.1/36689] INFO  volume.StorageVolumeChecker (StorageVolumeChecker.java:checkAllVolumes(202)) - Scheduled health check for volume /home/runner/work/ozone/ozone/hadoop-ozone/integration-test/target/test-dir/MiniOzoneClusterImpl-bf95872f-ab09-4fff-b473-e3afb8b37e70/datanode-1/data-0/containers/hdds
2023-03-23 08:05:35,938 [Listener at 127.0.0.1/36689] INFO  volume.MutableVolumeSet (MutableVolumeSet.java:initializeVolumeSet(175)) - Added Volume : /home/runner/work/ozone/ozone/hadoop-ozone/integration-test/target/test-dir/MiniOzoneClusterImpl-bf95872f-ab09-4fff-b473-e3afb8b37e70/datanode-1/data/ratis to VolumeSet
2023-03-23 08:05:35,938 [Listener at 127.0.0.1/36689] INFO  volume.ThrottledAsyncChecker (ThrottledAsyncChecker.java:schedule(141)) - Scheduling a check for /home/runner/work/ozone/ozone/hadoop-ozone/integration-test/target/test-dir/MiniOzoneClusterImpl-bf95872f-ab09-4fff-b473-e3afb8b37e70/datanode-1/data/ratis
2023-03-23 08:05:35,939 [Listener at 127.0.0.1/36689] INFO  volume.StorageVolumeChecker (StorageVolumeChecker.java:checkAllVolumes(202)) - Scheduled health check for volume /home/runner/work/ozone/ozone/hadoop-ozone/integration-test/target/test-dir/MiniOzoneClusterImpl-bf95872f-ab09-4fff-b473-e3afb8b37e70/datanode-1/data/ratis
2023-03-23 08:05:35,952 [Thread-628] INFO  ozoneimpl.ContainerReader (ContainerReader.java:readVolume(175)) - Finish verifying containers on volume /home/runner/work/ozone/ozone/hadoop-ozone/integration-test/target/test-dir/MiniOzoneClusterImpl-bf95872f-ab09-4fff-b473-e3afb8b37e70/datanode-1/data-0/containers/hdds
2023-03-23 08:05:35,952 [Listener at 127.0.0.1/36689] INFO  ozoneimpl.OzoneContainer (OzoneContainer.java:buildContainerSet(307)) - Build ContainerSet costs 0s
2023-03-23 08:05:35,955 [Listener at 127.0.0.1/36689] INFO  server.RaftServer (ConfUtils.java:logGet(46)) - raft.rpc.type = GRPC (default)
2023-03-23 08:05:35,955 [Listener at 127.0.0.1/36689] INFO  grpc.GrpcConfigKeys (ConfUtils.java:logFallback(53)) - raft.grpc.admin.host = null (fallback to raft.grpc.server.host)
2023-03-23 08:05:35,955 [Listener at 127.0.0.1/36689] INFO  grpc.GrpcConfigKeys (ConfUtils.java:logGet(46)) - raft.grpc.admin.port = 0 (custom)
2023-03-23 08:05:35,955 [Listener at 127.0.0.1/36689] INFO  grpc.GrpcConfigKeys (ConfUtils.java:logFallback(53)) - raft.grpc.client.host = null (fallback to raft.grpc.server.host)
2023-03-23 08:05:35,955 [Listener at 127.0.0.1/36689] INFO  grpc.GrpcConfigKeys (ConfUtils.java:logGet(46)) - raft.grpc.client.port = 0 (custom)
2023-03-23 08:05:35,956 [Listener at 127.0.0.1/36689] INFO  grpc.GrpcConfigKeys (ConfUtils.java:logGet(46)) - raft.grpc.server.host = null (default)
2023-03-23 08:05:35,956 [Listener at 127.0.0.1/36689] INFO  grpc.GrpcConfigKeys (ConfUtils.java:logGet(46)) - raft.grpc.server.port = 0 (default)
2023-03-23 08:05:35,956 [Listener at 127.0.0.1/36689] INFO  server.GrpcService (ConfUtils.java:logGet(46)) - raft.grpc.message.size.max = 32MB (=33554432) (custom)
2023-03-23 08:05:35,956 [Listener at 127.0.0.1/36689] INFO  server.RaftServerConfigKeys (ConfUtils.java:logGet(46)) - raft.server.log.appender.buffer.byte-limit = 33554432 (custom)
2023-03-23 08:05:35,956 [Listener at 127.0.0.1/36689] INFO  server.GrpcService (ConfUtils.java:logGet(46)) - raft.grpc.flow.control.window = 5MB (=5242880) (custom)
2023-03-23 08:05:35,956 [Listener at 127.0.0.1/36689] INFO  server.RaftServerConfigKeys (ConfUtils.java:logGet(46)) - raft.server.rpc.request.timeout = 60s (custom)
2023-03-23 08:05:35,956 [Listener at 127.0.0.1/36689] INFO  grpc.GrpcConfigKeys (ConfUtils.java:logGet(46)) - raft.grpc.server.heartbeat.channel = true (default)
2023-03-23 08:05:35,957 [Listener at 127.0.0.1/36689] INFO  grpc.GrpcConfigKeys (ConfUtils.java:logGet(46)) - raft.grpc.server.async.request.thread.pool.cached = true (default)
2023-03-23 08:05:35,957 [Listener at 127.0.0.1/36689] INFO  grpc.GrpcConfigKeys (ConfUtils.java:logGet(46)) - raft.grpc.server.async.request.thread.pool.size = 32 (default)
2023-03-23 08:05:35,962 [Listener at 127.0.0.1/36689] INFO  impl.DataStreamServerImpl (ConfUtils.java:logGet(46)) - raft.datastream.type = NETTY (custom)
2023-03-23 08:05:35,963 [Listener at 127.0.0.1/36689] INFO  server.RaftServerConfigKeys (ConfUtils.java:logGet(46)) - raft.server.data-stream.async.request.thread.pool.cached = false (default)
2023-03-23 08:05:35,963 [Listener at 127.0.0.1/36689] INFO  server.RaftServerConfigKeys (ConfUtils.java:logGet(46)) - raft.server.data-stream.async.request.thread.pool.size = 20 (custom)
2023-03-23 08:05:35,963 [Listener at 127.0.0.1/36689] INFO  server.RaftServerConfigKeys (ConfUtils.java:logGet(46)) - raft.server.data-stream.async.write.thread.pool.size = 16 (default)
2023-03-23 08:05:35,967 [Listener at 127.0.0.1/36689] INFO  server.RaftServerConfigKeys (ConfUtils.java:logGet(46)) - raft.server.data-stream.client.pool.size = 10 (default)
2023-03-23 08:05:35,967 [Listener at 127.0.0.1/36689] INFO  netty.NettyConfigKeys$DataStream (ConfUtils.java:logGet(46)) - raft.netty.dataStream.server.use-epoll = false (default)
2023-03-23 08:05:35,968 [Listener at 127.0.0.1/36689] INFO  netty.NettyConfigKeys$DataStream (ConfUtils.java:logGet(46)) - raft.netty.dataStream.server.boss-group.size = 0 (default)
2023-03-23 08:05:35,968 [Listener at 127.0.0.1/36689] INFO  netty.NettyConfigKeys$DataStream (ConfUtils.java:logGet(46)) - raft.netty.dataStream.server.worker-group.size = 0 (default)
2023-03-23 08:05:35,968 [Listener at 127.0.0.1/36689] INFO  netty.NettyConfigKeys$DataStream (ConfUtils.java:logGet(46)) - raft.netty.dataStream.server.tls.conf = null (default)
2023-03-23 08:05:35,969 [Listener at 127.0.0.1/36689] INFO  netty.NettyConfigKeys$DataStream (ConfUtils.java:logGet(46)) - raft.netty.dataStream.host = null (default)
2023-03-23 08:05:35,969 [Listener at 127.0.0.1/36689] INFO  netty.NettyConfigKeys$DataStream (ConfUtils.java:logGet(46)) - raft.netty.dataStream.port = 0 (default)
2023-03-23 08:05:35,969 [Listener at 127.0.0.1/36689] INFO  server.RaftServerConfigKeys (ConfUtils.java:logGet(46)) - raft.server.threadpool.proxy.cached = true (default)
2023-03-23 08:05:35,969 [Listener at 127.0.0.1/36689] INFO  server.RaftServerConfigKeys (ConfUtils.java:logGet(46)) - raft.server.threadpool.proxy.size = 0 (default)
2023-03-23 08:05:35,970 [Listener at 127.0.0.1/36689] INFO  server.RaftServerConfigKeys (ConfUtils.java:logGet(46)) - raft.server.rpc.slowness.timeout = 300s (custom)
2023-03-23 08:05:35,970 [Listener at 127.0.0.1/36689] INFO  server.RaftServerConfigKeys (ConfUtils.java:logGet(46)) - raft.server.leaderelection.leader.step-down.wait-time = 10s (default)
2023-03-23 08:05:35,970 [Listener at 127.0.0.1/36689] INFO  server.RaftServerConfigKeys (ConfUtils.java:logGet(46)) - raft.server.storage.dir = [/home/runner/work/ozone/ozone/hadoop-ozone/integration-test/target/test-dir/MiniOzoneClusterImpl-bf95872f-ab09-4fff-b473-e3afb8b37e70/datanode-1/data/ratis] (custom)
2023-03-23 08:05:35,974 [75faba44-0a9d-4b7a-8d49-daa003cae56d-NettyServerStreamRpc-bossGroup--thread1] INFO  logging.LoggingHandler (AbstractInternalLogger.java:log(148)) - [id: 0xf076c788] REGISTERED
2023-03-23 08:05:35,974 [75faba44-0a9d-4b7a-8d49-daa003cae56d-NettyServerStreamRpc-bossGroup--thread1] INFO  logging.LoggingHandler (AbstractInternalLogger.java:log(148)) - [id: 0xf076c788] BIND: 0.0.0.0/0.0.0.0:0
2023-03-23 08:05:35,975 [75faba44-0a9d-4b7a-8d49-daa003cae56d-NettyServerStreamRpc-bossGroup--thread1] INFO  logging.LoggingHandler (AbstractInternalLogger.java:log(148)) - [id: 0xf076c788, L:/0:0:0:0:0:0:0:0:35243] ACTIVE
2023-03-23 08:05:35,977 [Listener at 127.0.0.1/36689] INFO  server.XceiverServerGrpc (XceiverServerGrpc.java:<init>(132)) - GrpcServer channel type EpollServerSocketChannel
2023-03-23 08:05:35,983 [Listener at 127.0.0.1/36689] INFO  http.BaseHttpServer (BaseHttpServer.java:newHttpServer2BuilderForOzone(224)) - Starting Web-server for hddsDatanode at: http://0.0.0.0:0
2023-03-23 08:05:35,983 [Listener at 127.0.0.1/36689] INFO  http.BaseHttpServer (BaseHttpServer.java:<init>(111)) - Hadoop Security Enabled: false Ozone Security Enabled: false Ozone HTTP Security Enabled: false 
2023-03-23 08:05:35,985 [Listener at 127.0.0.1/36689] WARN  server.AuthenticationFilter (AuthenticationFilter.java:constructSecretProvider(240)) - Unable to initialize FileSignerSecretProvider, falling back to use random secrets. Reason: Could not read signature secret file: /home/runner/hadoop-http-auth-signature-secret
2023-03-23 08:05:35,987 [Listener at 127.0.0.1/36689] WARN  http.HttpRequestLog (HttpRequestLog.java:getRequestLog(103)) - Jetty request log can only be enabled using Log4j
2023-03-23 08:05:35,988 [Listener at 127.0.0.1/36689] INFO  http.HttpServer2 (HttpServer2.java:addGlobalFilter(1031)) - Added global filter 'safety' (class=org.apache.hadoop.hdds.server.http.HttpServer2$QuotingInputFilter)
2023-03-23 08:05:35,989 [Listener at 127.0.0.1/36689] INFO  http.HttpServer2 (HttpServer2.java:addFilter(1007)) - Added filter static_user_filter (class=org.apache.hadoop.http.lib.StaticUserWebFilter$StaticUserFilter) to context hddsDatanode
2023-03-23 08:05:35,989 [Listener at 127.0.0.1/36689] INFO  http.HttpServer2 (HttpServer2.java:addFilter(1015)) - Added filter static_user_filter (class=org.apache.hadoop.http.lib.StaticUserWebFilter$StaticUserFilter) to context logs
2023-03-23 08:05:35,989 [Listener at 127.0.0.1/36689] INFO  http.HttpServer2 (HttpServer2.java:addFilter(1015)) - Added filter static_user_filter (class=org.apache.hadoop.http.lib.StaticUserWebFilter$StaticUserFilter) to context static
2023-03-23 08:05:35,990 [Listener at 127.0.0.1/36689] INFO  http.BaseHttpServer (BaseHttpServer.java:<init>(190)) - HTTP server of hddsDatanode uses base directory /home/runner/work/ozone/ozone/hadoop-ozone/integration-test/target/test-dir/MiniOzoneClusterImpl-bf95872f-ab09-4fff-b473-e3afb8b37e70/datanode-1/meta/webserver
2023-03-23 08:05:35,990 [Listener at 127.0.0.1/36689] INFO  http.HttpServer2 (HttpServer2.java:bindListener(1250)) - Jetty bound to port 46513
2023-03-23 08:05:35,990 [Listener at 127.0.0.1/36689] INFO  server.Server (Server.java:doStart(375)) - jetty-9.4.49.v20220914; built: 2022-09-14T01:07:36.601Z; git: 4231a3b2e4cb8548a412a789936d640a97b1aa0a; jvm 1.8.0_362-b09
2023-03-23 08:05:35,994 [Listener at 127.0.0.1/36689] INFO  server.session (DefaultSessionIdManager.java:doStart(334)) - DefaultSessionIdManager workerName=node0
2023-03-23 08:05:35,994 [Listener at 127.0.0.1/36689] INFO  server.session (DefaultSessionIdManager.java:doStart(339)) - No SessionScavenger set, using defaults
2023-03-23 08:05:35,995 [Listener at 127.0.0.1/36689] INFO  server.session (HouseKeeper.java:startScavenging(132)) - node0 Scavenging every 600000ms
2023-03-23 08:05:35,996 [Listener at 127.0.0.1/36689] INFO  handler.ContextHandler (ContextHandler.java:doStart(921)) - Started o.e.j.s.ServletContextHandler@5e78e7ff{logs,/logs,file:///home/runner/work/ozone/ozone/hadoop-ozone/integration-test/target/log,AVAILABLE}
2023-03-23 08:05:35,997 [Listener at 127.0.0.1/36689] INFO  handler.ContextHandler (ContextHandler.java:doStart(921)) - Started o.e.j.s.ServletContextHandler@5dbad5d5{static,/static,jar:file:/home/runner/.m2/repository/org/apache/ozone/hdds-container-service/1.4.0-SNAPSHOT/hdds-container-service-1.4.0-SNAPSHOT.jar!/webapps/static,AVAILABLE}
2023-03-23 08:05:36,215 [Listener at 127.0.0.1/36689] INFO  handler.ContextHandler (ContextHandler.java:doStart(921)) - Started o.e.j.w.WebAppContext@7b43cd20{hddsDatanode,/,file:///home/runner/work/ozone/ozone/hadoop-ozone/integration-test/target/test-dir/MiniOzoneClusterImpl-bf95872f-ab09-4fff-b473-e3afb8b37e70/datanode-1/meta/webserver/jetty-0_0_0_0-46513-hdds-container-service-1_4_0-SNAPSHOT_jar-_-any-4262489395722063715/webapp/,AVAILABLE}{jar:file:/home/runner/.m2/repository/org/apache/ozone/hdds-container-service/1.4.0-SNAPSHOT/hdds-container-service-1.4.0-SNAPSHOT.jar!/webapps/hddsDatanode}
2023-03-23 08:05:36,217 [Listener at 127.0.0.1/36689] INFO  server.AbstractConnector (AbstractConnector.java:doStart(333)) - Started ServerConnector@56fefb6{HTTP/1.1, (http/1.1)}{0.0.0.0:46513}
2023-03-23 08:05:36,217 [Listener at 127.0.0.1/36689] INFO  server.Server (Server.java:doStart(415)) - Started @35931ms
2023-03-23 08:05:36,217 [Listener at 127.0.0.1/36689] WARN  impl.MetricsSystemImpl (MetricsSystemImpl.java:register(279)) - Sink prometheus already exists!
2023-03-23 08:05:36,218 [Listener at 127.0.0.1/36689] INFO  http.BaseHttpServer (BaseHttpServer.java:updateConnectorAddress(344)) - HTTP server of hddsDatanode listening at http://0.0.0.0:46513
2023-03-23 08:05:36,219 [Listener at 127.0.0.1/36689] WARN  impl.MetricRegistriesImpl (MetricRegistriesImpl.java:addReporterRegistration(111)) - New reporters are added after registries were created. Some metrics will be missing from the reporter. Please add reporter before adding any new registry.
2023-03-23 08:05:36,219 [Listener at 127.0.0.1/36689] WARN  impl.MetricRegistriesImpl (MetricRegistriesImpl.java:addReporterRegistration(111)) - New reporters are added after registries were created. Some metrics will be missing from the reporter. Please add reporter before adding any new registry.
2023-03-23 08:05:36,219 [Listener at 127.0.0.1/36689] INFO  impl.MetricsSystemImpl (MetricsSystemImpl.java:init(158)) - HddsDatanode metrics system started (again)
2023-03-23 08:05:36,219 [Datanode State Machine Daemon Thread] INFO  statemachine.DatanodeStateMachine (DatanodeStateMachine.java:lambda$startDaemon$0(517)) - Ozone container server started.
2023-03-23 08:05:36,228 [org.apache.hadoop.util.JvmPauseMonitor$Monitor@12c32e5a] INFO  util.JvmPauseMonitor (JvmPauseMonitor.java:run(188)) - Starting JVM pause monitor
2023-03-23 08:05:36,234 [Datanode State Machine Task Thread - 0] INFO  datanode.InitDatanodeState (InitDatanodeState.java:persistContainerDatanodeDetails(138)) - DatanodeDetails is persisted to /home/runner/work/ozone/ozone/hadoop-ozone/integration-test/target/test-dir/MiniOzoneClusterImpl-bf95872f-ab09-4fff-b473-e3afb8b37e70/datanode-1/meta/datanode.id
2023-03-23 08:05:36,239 [Listener at 127.0.0.1/36689] INFO  ozone.HddsDatanodeService (HddsDatanodeService.java:start(249)) - HddsDatanodeService host:fv-az105-497.wy5h1aom0jgehahef1oyr10hrc.bx.internal.cloudapp.net ip:10.1.0.214
2023-03-23 08:05:36,265 [Listener at 127.0.0.1/36689] INFO  upgrade.AbstractLayoutVersionManager (AbstractLayoutVersionManager.java:init(83)) - Initializing Layout version manager with metadata layout = DATANODE_SCHEMA_V3 (version = 4), software layout = DATANODE_SCHEMA_V3 (version = 4)
2023-03-23 08:05:36,327 [Listener at 127.0.0.1/36689] INFO  reflections.Reflections (Reflections.java:scan(232)) - Reflections took 59 ms to scan 7 urls, producing 155 keys and 368 values 
2023-03-23 08:05:36,332 [Listener at 127.0.0.1/36689] INFO  statemachine.DatanodeStateMachine (DatanodeStateMachine.java:getEndPointTaskThreadPoolSize(260)) - Datanode State Machine Task Thread Pool size 2
2023-03-23 08:05:36,335 [Listener at 127.0.0.1/36689] INFO  volume.HddsVolume (HddsVolume.java:<init>(130)) - Creating HddsVolume: /home/runner/work/ozone/ozone/hadoop-ozone/integration-test/target/test-dir/MiniOzoneClusterImpl-bf95872f-ab09-4fff-b473-e3afb8b37e70/datanode-2/data-0/containers/hdds of storage type : DISK capacity : 9223372036854775807
2023-03-23 08:05:36,335 [Listener at 127.0.0.1/36689] INFO  volume.MutableVolumeSet (MutableVolumeSet.java:initializeVolumeSet(175)) - Added Volume : /home/runner/work/ozone/ozone/hadoop-ozone/integration-test/target/test-dir/MiniOzoneClusterImpl-bf95872f-ab09-4fff-b473-e3afb8b37e70/datanode-2/data-0/containers/hdds to VolumeSet
2023-03-23 08:05:36,335 [Listener at 127.0.0.1/36689] INFO  volume.ThrottledAsyncChecker (ThrottledAsyncChecker.java:schedule(141)) - Scheduling a check for /home/runner/work/ozone/ozone/hadoop-ozone/integration-test/target/test-dir/MiniOzoneClusterImpl-bf95872f-ab09-4fff-b473-e3afb8b37e70/datanode-2/data-0/containers/hdds
2023-03-23 08:05:36,337 [Listener at 127.0.0.1/36689] INFO  volume.StorageVolumeChecker (StorageVolumeChecker.java:checkAllVolumes(202)) - Scheduled health check for volume /home/runner/work/ozone/ozone/hadoop-ozone/integration-test/target/test-dir/MiniOzoneClusterImpl-bf95872f-ab09-4fff-b473-e3afb8b37e70/datanode-2/data-0/containers/hdds
2023-03-23 08:05:36,345 [om1@group-C5BA1605619E-FollowerState] INFO  impl.FollowerState (FollowerState.java:run(143)) - om1@group-C5BA1605619E-FollowerState: change to CANDIDATE, lastRpcElapsedTime:1027447677ns, electionTimeout:1026ms
2023-03-23 08:05:36,345 [om1@group-C5BA1605619E-FollowerState] INFO  impl.RoleInfo (RoleInfo.java:shutdownFollowerState(110)) - om1: shutdown om1@group-C5BA1605619E-FollowerState
2023-03-23 08:05:36,345 [om1@group-C5BA1605619E-FollowerState] INFO  server.RaftServer$Division (RaftServerImpl.java:setRole(321)) - om1@group-C5BA1605619E: changes role from  FOLLOWER to CANDIDATE at term 0 for changeToCandidate
2023-03-23 08:05:36,345 [om1@group-C5BA1605619E-FollowerState] INFO  server.RaftServerConfigKeys (ConfUtils.java:logGet(46)) - raft.server.leaderelection.pre-vote = true (default)
2023-03-23 08:05:36,345 [om1@group-C5BA1605619E-FollowerState] INFO  impl.RoleInfo (RoleInfo.java:updateAndGet(139)) - om1: start om1@group-C5BA1605619E-LeaderElection3
2023-03-23 08:05:36,352 [om1@group-C5BA1605619E-LeaderElection3] INFO  impl.LeaderElection (LeaderElection.java:askForVotes(312)) - om1@group-C5BA1605619E-LeaderElection3 PRE_VOTE round 0: submit vote requests at term 0 for -1: peers:[om1|rpc:localhost:9872|priority:0|startupRole:FOLLOWER]|listeners:[], old=null
2023-03-23 08:05:36,352 [om1@group-C5BA1605619E-LeaderElection3] INFO  impl.LeaderElection (LeaderElection.java:askForVotes(314)) - om1@group-C5BA1605619E-LeaderElection3 PRE_VOTE round 0: result PASSED (term=0)
2023-03-23 08:05:36,354 [Listener at 127.0.0.1/36689] INFO  volume.MutableVolumeSet (MutableVolumeSet.java:initializeVolumeSet(175)) - Added Volume : /home/runner/work/ozone/ozone/hadoop-ozone/integration-test/target/test-dir/MiniOzoneClusterImpl-bf95872f-ab09-4fff-b473-e3afb8b37e70/datanode-2/data/ratis to VolumeSet
2023-03-23 08:05:36,354 [Listener at 127.0.0.1/36689] INFO  volume.ThrottledAsyncChecker (ThrottledAsyncChecker.java:schedule(141)) - Scheduling a check for /home/runner/work/ozone/ozone/hadoop-ozone/integration-test/target/test-dir/MiniOzoneClusterImpl-bf95872f-ab09-4fff-b473-e3afb8b37e70/datanode-2/data/ratis
2023-03-23 08:05:36,354 [om1@group-C5BA1605619E-LeaderElection3] INFO  impl.LeaderElection (LeaderElection.java:askForVotes(312)) - om1@group-C5BA1605619E-LeaderElection3 ELECTION round 0: submit vote requests at term 1 for -1: peers:[om1|rpc:localhost:9872|priority:0|startupRole:FOLLOWER]|listeners:[], old=null
2023-03-23 08:05:36,354 [Listener at 127.0.0.1/36689] INFO  volume.StorageVolumeChecker (StorageVolumeChecker.java:checkAllVolumes(202)) - Scheduled health check for volume /home/runner/work/ozone/ozone/hadoop-ozone/integration-test/target/test-dir/MiniOzoneClusterImpl-bf95872f-ab09-4fff-b473-e3afb8b37e70/datanode-2/data/ratis
2023-03-23 08:05:36,357 [om1@group-C5BA1605619E-LeaderElection3] INFO  impl.LeaderElection (LeaderElection.java:askForVotes(314)) - om1@group-C5BA1605619E-LeaderElection3 ELECTION round 0: result PASSED (term=1)
2023-03-23 08:05:36,357 [om1@group-C5BA1605619E-LeaderElection3] INFO  impl.RoleInfo (RoleInfo.java:shutdownLeaderElection(130)) - om1: shutdown om1@group-C5BA1605619E-LeaderElection3
2023-03-23 08:05:36,357 [om1@group-C5BA1605619E-LeaderElection3] INFO  server.RaftServer$Division (RaftServerImpl.java:setRole(321)) - om1@group-C5BA1605619E: changes role from CANDIDATE to LEADER at term 1 for changeToLeader
2023-03-23 08:05:36,357 [om1@group-C5BA1605619E-LeaderElection3] INFO  server.RaftServer$Division (ServerState.java:setLeader(313)) - om1@group-C5BA1605619E: change Leader from null to om1 at term 1 for becomeLeader, leader elected after 1628ms
2023-03-23 08:05:36,357 [om1@group-C5BA1605619E-LeaderElection3] INFO  server.RaftServerConfigKeys (ConfUtils.java:logGet(46)) - raft.server.staging.catchup.gap = 1000 (default)
2023-03-23 08:05:36,357 [om1@group-C5BA1605619E-LeaderElection3] INFO  server.RaftServerConfigKeys (ConfUtils.java:logGet(46)) - raft.server.write.element-limit = 4096 (default)
2023-03-23 08:05:36,357 [om1@group-C5BA1605619E-LeaderElection3] INFO  server.RaftServerConfigKeys (ConfUtils.java:logGet(46)) - raft.server.write.byte-limit = 64MB (=67108864) (default)
2023-03-23 08:05:36,358 [om1@group-C5BA1605619E-LeaderElection3] INFO  server.RaftServerConfigKeys (ConfUtils.java:logGet(46)) - raft.server.watch.timeout = 10s (default)
2023-03-23 08:05:36,358 [om1@group-C5BA1605619E-LeaderElection3] INFO  server.RaftServerConfigKeys (ConfUtils.java:logGet(46)) - raft.server.watch.timeout.denomination = 1s (default)
2023-03-23 08:05:36,358 [om1@group-C5BA1605619E-LeaderElection3] INFO  server.RaftServerConfigKeys (ConfUtils.java:logGet(46)) - raft.server.watch.element-limit = 65536 (default)
2023-03-23 08:05:36,358 [om1@group-C5BA1605619E-LeaderElection3] INFO  server.RaftServerConfigKeys (ConfUtils.java:logGet(46)) - raft.server.write.element-limit = 4096 (default)
2023-03-23 08:05:36,358 [om1@group-C5BA1605619E-LeaderElection3] INFO  server.RaftServerConfigKeys (ConfUtils.java:logGet(46)) - raft.server.write.follower.gap.ratio.max = -1.0 (default)
2023-03-23 08:05:36,358 [om1@group-C5BA1605619E-LeaderElection3] INFO  impl.RoleInfo (RoleInfo.java:updateAndGet(139)) - om1: start om1@group-C5BA1605619E-LeaderStateImpl
2023-03-23 08:05:36,358 [om1@group-C5BA1605619E-LeaderElection3] INFO  segmented.SegmentedRaftLogWorker (SegmentedRaftLogWorker.java:startLogSegment(452)) - om1@group-C5BA1605619E-SegmentedRaftLogWorker: Starting segment from index:0
2023-03-23 08:05:36,369 [om1@group-C5BA1605619E-LeaderElection3] INFO  server.RaftServer$Division (ServerState.java:setRaftConf(430)) - om1@group-C5BA1605619E: set configuration 0: peers:[om1|rpc:localhost:9872|admin:|client:|dataStream:|priority:0|startupRole:FOLLOWER]|listeners:[], old=null
2023-03-23 08:05:36,371 [om1@group-C5BA1605619E-SegmentedRaftLogWorker] INFO  segmented.SegmentedRaftLogWorker (SegmentedRaftLogWorker.java:execute(656)) - om1@group-C5BA1605619E-SegmentedRaftLogWorker: created new log segment /home/runner/work/ozone/ozone/hadoop-ozone/integration-test/target/test-dir/MiniOzoneClusterImpl-bf95872f-ab09-4fff-b473-e3afb8b37e70/ozone-meta/ratis/bf265839-605b-3f16-9796-c5ba1605619e/current/log_inprogress_0
2023-03-23 08:05:36,372 [om1@group-C5BA1605619E-StateMachineUpdater] INFO  ratis.OzoneManagerStateMachine (OzoneManagerStateMachine.java:notifyConfigurationChanged(192)) - Received Configuration change notification from Ratis. New Peer list:
[id: "om1"
address: "localhost:9872"
startupRole: FOLLOWER
]
2023-03-23 08:05:36,377 [Thread-644] INFO  ozoneimpl.ContainerReader (ContainerReader.java:readVolume(175)) - Finish verifying containers on volume /home/runner/work/ozone/ozone/hadoop-ozone/integration-test/target/test-dir/MiniOzoneClusterImpl-bf95872f-ab09-4fff-b473-e3afb8b37e70/datanode-2/data-0/containers/hdds
2023-03-23 08:05:36,377 [Listener at 127.0.0.1/36689] INFO  ozoneimpl.OzoneContainer (OzoneContainer.java:buildContainerSet(307)) - Build ContainerSet costs 0s
2023-03-23 08:05:36,385 [Listener at 127.0.0.1/36689] INFO  server.RaftServer (ConfUtils.java:logGet(46)) - raft.rpc.type = GRPC (default)
2023-03-23 08:05:36,386 [Listener at 127.0.0.1/36689] INFO  grpc.GrpcConfigKeys (ConfUtils.java:logFallback(53)) - raft.grpc.admin.host = null (fallback to raft.grpc.server.host)
2023-03-23 08:05:36,386 [Listener at 127.0.0.1/36689] INFO  grpc.GrpcConfigKeys (ConfUtils.java:logGet(46)) - raft.grpc.admin.port = 0 (custom)
2023-03-23 08:05:36,386 [Listener at 127.0.0.1/36689] INFO  grpc.GrpcConfigKeys (ConfUtils.java:logFallback(53)) - raft.grpc.client.host = null (fallback to raft.grpc.server.host)
2023-03-23 08:05:36,386 [Listener at 127.0.0.1/36689] INFO  grpc.GrpcConfigKeys (ConfUtils.java:logGet(46)) - raft.grpc.client.port = 0 (custom)
2023-03-23 08:05:36,386 [Listener at 127.0.0.1/36689] INFO  grpc.GrpcConfigKeys (ConfUtils.java:logGet(46)) - raft.grpc.server.host = null (default)
2023-03-23 08:05:36,387 [Listener at 127.0.0.1/36689] INFO  grpc.GrpcConfigKeys (ConfUtils.java:logGet(46)) - raft.grpc.server.port = 0 (default)
2023-03-23 08:05:36,387 [Listener at 127.0.0.1/36689] INFO  server.GrpcService (ConfUtils.java:logGet(46)) - raft.grpc.message.size.max = 32MB (=33554432) (custom)
2023-03-23 08:05:36,387 [Listener at 127.0.0.1/36689] INFO  server.RaftServerConfigKeys (ConfUtils.java:logGet(46)) - raft.server.log.appender.buffer.byte-limit = 33554432 (custom)
2023-03-23 08:05:36,387 [Listener at 127.0.0.1/36689] INFO  server.GrpcService (ConfUtils.java:logGet(46)) - raft.grpc.flow.control.window = 5MB (=5242880) (custom)
2023-03-23 08:05:36,387 [Listener at 127.0.0.1/36689] INFO  server.RaftServerConfigKeys (ConfUtils.java:logGet(46)) - raft.server.rpc.request.timeout = 60s (custom)
2023-03-23 08:05:36,387 [Listener at 127.0.0.1/36689] INFO  grpc.GrpcConfigKeys (ConfUtils.java:logGet(46)) - raft.grpc.server.heartbeat.channel = true (default)
2023-03-23 08:05:36,388 [Listener at 127.0.0.1/36689] INFO  grpc.GrpcConfigKeys (ConfUtils.java:logGet(46)) - raft.grpc.server.async.request.thread.pool.cached = true (default)
2023-03-23 08:05:36,388 [Listener at 127.0.0.1/36689] INFO  grpc.GrpcConfigKeys (ConfUtils.java:logGet(46)) - raft.grpc.server.async.request.thread.pool.size = 32 (default)
2023-03-23 08:05:36,389 [Listener at 127.0.0.1/36689] INFO  impl.DataStreamServerImpl (ConfUtils.java:logGet(46)) - raft.datastream.type = NETTY (custom)
2023-03-23 08:05:36,390 [Listener at 127.0.0.1/36689] INFO  server.RaftServerConfigKeys (ConfUtils.java:logGet(46)) - raft.server.data-stream.async.request.thread.pool.cached = false (default)
2023-03-23 08:05:36,390 [Listener at 127.0.0.1/36689] INFO  server.RaftServerConfigKeys (ConfUtils.java:logGet(46)) - raft.server.data-stream.async.request.thread.pool.size = 20 (custom)
2023-03-23 08:05:36,390 [Listener at 127.0.0.1/36689] INFO  server.RaftServerConfigKeys (ConfUtils.java:logGet(46)) - raft.server.data-stream.async.write.thread.pool.size = 16 (default)
2023-03-23 08:05:36,390 [Listener at 127.0.0.1/36689] INFO  server.RaftServerConfigKeys (ConfUtils.java:logGet(46)) - raft.server.data-stream.client.pool.size = 10 (default)
2023-03-23 08:05:36,390 [Listener at 127.0.0.1/36689] INFO  netty.NettyConfigKeys$DataStream (ConfUtils.java:logGet(46)) - raft.netty.dataStream.server.use-epoll = false (default)
2023-03-23 08:05:36,390 [Listener at 127.0.0.1/36689] INFO  netty.NettyConfigKeys$DataStream (ConfUtils.java:logGet(46)) - raft.netty.dataStream.server.boss-group.size = 0 (default)
2023-03-23 08:05:36,391 [Listener at 127.0.0.1/36689] INFO  netty.NettyConfigKeys$DataStream (ConfUtils.java:logGet(46)) - raft.netty.dataStream.server.worker-group.size = 0 (default)
2023-03-23 08:05:36,392 [Listener at 127.0.0.1/36689] INFO  netty.NettyConfigKeys$DataStream (ConfUtils.java:logGet(46)) - raft.netty.dataStream.server.tls.conf = null (default)
2023-03-23 08:05:36,392 [Listener at 127.0.0.1/36689] INFO  netty.NettyConfigKeys$DataStream (ConfUtils.java:logGet(46)) - raft.netty.dataStream.host = null (default)
2023-03-23 08:05:36,392 [Listener at 127.0.0.1/36689] INFO  netty.NettyConfigKeys$DataStream (ConfUtils.java:logGet(46)) - raft.netty.dataStream.port = 0 (default)
2023-03-23 08:05:36,393 [Listener at 127.0.0.1/36689] INFO  server.RaftServerConfigKeys (ConfUtils.java:logGet(46)) - raft.server.threadpool.proxy.cached = true (default)
2023-03-23 08:05:36,394 [Listener at 127.0.0.1/36689] INFO  server.RaftServerConfigKeys (ConfUtils.java:logGet(46)) - raft.server.threadpool.proxy.size = 0 (default)
2023-03-23 08:05:36,394 [Listener at 127.0.0.1/36689] INFO  server.RaftServerConfigKeys (ConfUtils.java:logGet(46)) - raft.server.rpc.slowness.timeout = 300s (custom)
2023-03-23 08:05:36,394 [Listener at 127.0.0.1/36689] INFO  server.RaftServerConfigKeys (ConfUtils.java:logGet(46)) - raft.server.leaderelection.leader.step-down.wait-time = 10s (default)
2023-03-23 08:05:36,394 [Listener at 127.0.0.1/36689] INFO  server.RaftServerConfigKeys (ConfUtils.java:logGet(46)) - raft.server.storage.dir = [/home/runner/work/ozone/ozone/hadoop-ozone/integration-test/target/test-dir/MiniOzoneClusterImpl-bf95872f-ab09-4fff-b473-e3afb8b37e70/datanode-2/data/ratis] (custom)
2023-03-23 08:05:36,401 [314195c6-23a8-4084-8433-e4a65193fa35-NettyServerStreamRpc-bossGroup--thread1] INFO  logging.LoggingHandler (AbstractInternalLogger.java:log(148)) - [id: 0xd164a4b1] REGISTERED
2023-03-23 08:05:36,401 [314195c6-23a8-4084-8433-e4a65193fa35-NettyServerStreamRpc-bossGroup--thread1] INFO  logging.LoggingHandler (AbstractInternalLogger.java:log(148)) - [id: 0xd164a4b1] BIND: 0.0.0.0/0.0.0.0:0
2023-03-23 08:05:36,401 [314195c6-23a8-4084-8433-e4a65193fa35-NettyServerStreamRpc-bossGroup--thread1] INFO  logging.LoggingHandler (AbstractInternalLogger.java:log(148)) - [id: 0xd164a4b1, L:/0:0:0:0:0:0:0:0:34107] ACTIVE
2023-03-23 08:05:36,402 [Listener at 127.0.0.1/36689] INFO  server.XceiverServerGrpc (XceiverServerGrpc.java:<init>(132)) - GrpcServer channel type EpollServerSocketChannel
2023-03-23 08:05:36,405 [Listener at 127.0.0.1/36689] INFO  http.BaseHttpServer (BaseHttpServer.java:newHttpServer2BuilderForOzone(224)) - Starting Web-server for hddsDatanode at: http://0.0.0.0:0
2023-03-23 08:05:36,406 [Listener at 127.0.0.1/36689] INFO  http.BaseHttpServer (BaseHttpServer.java:<init>(111)) - Hadoop Security Enabled: false Ozone Security Enabled: false Ozone HTTP Security Enabled: false 
2023-03-23 08:05:36,407 [Listener at 127.0.0.1/36689] WARN  server.AuthenticationFilter (AuthenticationFilter.java:constructSecretProvider(240)) - Unable to initialize FileSignerSecretProvider, falling back to use random secrets. Reason: Could not read signature secret file: /home/runner/hadoop-http-auth-signature-secret
2023-03-23 08:05:36,409 [Listener at 127.0.0.1/36689] WARN  http.HttpRequestLog (HttpRequestLog.java:getRequestLog(103)) - Jetty request log can only be enabled using Log4j
2023-03-23 08:05:36,411 [Listener at 127.0.0.1/36689] INFO  http.HttpServer2 (HttpServer2.java:addGlobalFilter(1031)) - Added global filter 'safety' (class=org.apache.hadoop.hdds.server.http.HttpServer2$QuotingInputFilter)
2023-03-23 08:05:36,412 [Listener at 127.0.0.1/36689] INFO  http.HttpServer2 (HttpServer2.java:addFilter(1007)) - Added filter static_user_filter (class=org.apache.hadoop.http.lib.StaticUserWebFilter$StaticUserFilter) to context hddsDatanode
2023-03-23 08:05:36,413 [Listener at 127.0.0.1/36689] INFO  http.HttpServer2 (HttpServer2.java:addFilter(1015)) - Added filter static_user_filter (class=org.apache.hadoop.http.lib.StaticUserWebFilter$StaticUserFilter) to context static
2023-03-23 08:05:36,413 [Listener at 127.0.0.1/36689] INFO  http.HttpServer2 (HttpServer2.java:addFilter(1015)) - Added filter static_user_filter (class=org.apache.hadoop.http.lib.StaticUserWebFilter$StaticUserFilter) to context logs
2023-03-23 08:05:36,415 [Listener at 127.0.0.1/36689] INFO  http.BaseHttpServer (BaseHttpServer.java:<init>(190)) - HTTP server of hddsDatanode uses base directory /home/runner/work/ozone/ozone/hadoop-ozone/integration-test/target/test-dir/MiniOzoneClusterImpl-bf95872f-ab09-4fff-b473-e3afb8b37e70/datanode-2/meta/webserver
2023-03-23 08:05:36,415 [Listener at 127.0.0.1/36689] INFO  http.HttpServer2 (HttpServer2.java:bindListener(1250)) - Jetty bound to port 34579
2023-03-23 08:05:36,415 [Listener at 127.0.0.1/36689] INFO  server.Server (Server.java:doStart(375)) - jetty-9.4.49.v20220914; built: 2022-09-14T01:07:36.601Z; git: 4231a3b2e4cb8548a412a789936d640a97b1aa0a; jvm 1.8.0_362-b09
2023-03-23 08:05:36,417 [Listener at 127.0.0.1/36689] INFO  server.session (DefaultSessionIdManager.java:doStart(334)) - DefaultSessionIdManager workerName=node0
2023-03-23 08:05:36,417 [Listener at 127.0.0.1/36689] INFO  server.session (DefaultSessionIdManager.java:doStart(339)) - No SessionScavenger set, using defaults
2023-03-23 08:05:36,417 [Listener at 127.0.0.1/36689] INFO  server.session (HouseKeeper.java:startScavenging(132)) - node0 Scavenging every 600000ms
2023-03-23 08:05:36,418 [Listener at 127.0.0.1/36689] INFO  handler.ContextHandler (ContextHandler.java:doStart(921)) - Started o.e.j.s.ServletContextHandler@124caf47{logs,/logs,file:///home/runner/work/ozone/ozone/hadoop-ozone/integration-test/target/log,AVAILABLE}
2023-03-23 08:05:36,418 [Listener at 127.0.0.1/36689] INFO  handler.ContextHandler (ContextHandler.java:doStart(921)) - Started o.e.j.s.ServletContextHandler@375ef82a{static,/static,jar:file:/home/runner/.m2/repository/org/apache/ozone/hdds-container-service/1.4.0-SNAPSHOT/hdds-container-service-1.4.0-SNAPSHOT.jar!/webapps/static,AVAILABLE}
2023-03-23 08:05:36,872 [Listener at 127.0.0.1/36689] INFO  handler.ContextHandler (ContextHandler.java:doStart(921)) - Started o.e.j.w.WebAppContext@3927a940{hddsDatanode,/,file:///home/runner/work/ozone/ozone/hadoop-ozone/integration-test/target/test-dir/MiniOzoneClusterImpl-bf95872f-ab09-4fff-b473-e3afb8b37e70/datanode-2/meta/webserver/jetty-0_0_0_0-34579-hdds-container-service-1_4_0-SNAPSHOT_jar-_-any-6939729676305689553/webapp/,AVAILABLE}{jar:file:/home/runner/.m2/repository/org/apache/ozone/hdds-container-service/1.4.0-SNAPSHOT/hdds-container-service-1.4.0-SNAPSHOT.jar!/webapps/hddsDatanode}
2023-03-23 08:05:36,874 [Finalizer] WARN  managed.ManagedRocksObjectUtils (ManagedRocksObjectUtils.java:assertClosed(54)) - RocksIterator is not closed properly
2023-03-23 08:05:36,879 [Finalizer] WARN  managed.ManagedRocksObjectUtils (ManagedRocksObjectUtils.java:assertClosed(54)) - RocksIterator is not closed properly
2023-03-23 08:05:36,879 [Finalizer] WARN  managed.ManagedRocksObjectUtils (ManagedRocksObjectUtils.java:assertClosed(54)) - ManagedColumnFamilyOptions is not closed properly
2023-03-23 08:05:36,883 [Listener at 127.0.0.1/36689] INFO  server.AbstractConnector (AbstractConnector.java:doStart(333)) - Started ServerConnector@52b4aed7{HTTP/1.1, (http/1.1)}{0.0.0.0:34579}
2023-03-23 08:05:36,883 [Listener at 127.0.0.1/36689] INFO  server.Server (Server.java:doStart(415)) - Started @36597ms
2023-03-23 08:05:36,883 [Listener at 127.0.0.1/36689] WARN  impl.MetricsSystemImpl (MetricsSystemImpl.java:register(279)) - Sink prometheus already exists!
2023-03-23 08:05:36,884 [Listener at 127.0.0.1/36689] INFO  http.BaseHttpServer (BaseHttpServer.java:updateConnectorAddress(344)) - HTTP server of hddsDatanode listening at http://0.0.0.0:34579
2023-03-23 08:05:36,885 [Listener at 127.0.0.1/36689] INFO  ozone.MiniOzoneClusterImpl (MiniOzoneClusterImpl.java:lambda$waitForClusterToBeReady$0(222)) - Waiting for nodes to be ready. Got 0 of 3 DN Heartbeats.
2023-03-23 08:05:36,885 [Listener at 127.0.0.1/36689] INFO  ozone.MiniOzoneClusterImpl (MiniOzoneClusterImpl.java:lambda$waitForClusterToBeReady$0(225)) - Waiting for cluster to exit safe mode
2023-03-23 08:05:36,885 [Listener at 127.0.0.1/36689] INFO  ozone.MiniOzoneClusterImpl (MiniOzoneClusterImpl.java:lambda$waitForClusterToBeReady$0(227)) - SCM became leader
2023-03-23 08:05:36,885 [Datanode State Machine Daemon Thread] INFO  statemachine.DatanodeStateMachine (DatanodeStateMachine.java:lambda$startDaemon$0(517)) - Ozone container server started.
2023-03-23 08:05:36,887 [org.apache.hadoop.util.JvmPauseMonitor$Monitor@157c8bce] INFO  util.JvmPauseMonitor (JvmPauseMonitor.java:run(188)) - Starting JVM pause monitor
2023-03-23 08:05:36,890 [Datanode State Machine Task Thread - 0] INFO  datanode.InitDatanodeState (InitDatanodeState.java:persistContainerDatanodeDetails(138)) - DatanodeDetails is persisted to /home/runner/work/ozone/ozone/hadoop-ozone/integration-test/target/test-dir/MiniOzoneClusterImpl-bf95872f-ab09-4fff-b473-e3afb8b37e70/datanode-2/meta/datanode.id
2023-03-23 08:05:37,851 [EndpointStateMachine task thread for /0.0.0.0:45743 - 0 ] INFO  utils.DatanodeStoreCache (DatanodeStoreCache.java:addDB(58)) - Added db /home/runner/work/ozone/ozone/hadoop-ozone/integration-test/target/test-dir/MiniOzoneClusterImpl-bf95872f-ab09-4fff-b473-e3afb8b37e70/datanode-0/data-0/containers/hdds/bf95872f-ab09-4fff-b473-e3afb8b37e70/DS-776a0d83-f9c0-4bfe-8d7d-76b0e2c31661/container.db to cache
2023-03-23 08:05:37,852 [EndpointStateMachine task thread for /0.0.0.0:45743 - 0 ] INFO  volume.HddsVolume (HddsVolume.java:createDbStore(350)) - SchemaV3 db is created and loaded at /home/runner/work/ozone/ozone/hadoop-ozone/integration-test/target/test-dir/MiniOzoneClusterImpl-bf95872f-ab09-4fff-b473-e3afb8b37e70/datanode-0/data-0/containers/hdds/bf95872f-ab09-4fff-b473-e3afb8b37e70/DS-776a0d83-f9c0-4bfe-8d7d-76b0e2c31661/container.db for volume DS-776a0d83-f9c0-4bfe-8d7d-76b0e2c31661
2023-03-23 08:05:37,855 [EndpointStateMachine task thread for /0.0.0.0:45743 - 0 ] INFO  ozoneimpl.OzoneContainer (OzoneContainer.java:start(401)) - Attempting to start container services.
2023-03-23 08:05:37,855 [EndpointStateMachine task thread for /0.0.0.0:45743 - 0 ] INFO  ozoneimpl.OzoneContainer (OzoneContainer.java:startContainerScrub(318)) - Scheduled background container scanners and the on-demand container scanner have been disabled.
2023-03-23 08:05:37,858 [EndpointStateMachine task thread for /0.0.0.0:45743 - 0 ] INFO  replication.ReplicationServer (ReplicationServer.java:start(109)) - ReplicationServer is started using port 46287
2023-03-23 08:05:37,858 [EndpointStateMachine task thread for /0.0.0.0:45743 - 0 ] INFO  ratis.XceiverServerRatis (XceiverServerRatis.java:start(518)) - Starting XceiverServerRatis fd439516-60ae-42f5-a7e4-bbb84e8556dc
2023-03-23 08:05:37,861 [EndpointStateMachine task thread for /0.0.0.0:45743 - 0 ] INFO  server.RaftServer (RaftServerProxy.java:startImpl(393)) - fd439516-60ae-42f5-a7e4-bbb84e8556dc: start RPC server
2023-03-23 08:05:37,863 [EndpointStateMachine task thread for /0.0.0.0:45743 - 0 ] INFO  server.GrpcService (GrpcService.java:startImpl(262)) - fd439516-60ae-42f5-a7e4-bbb84e8556dc: GrpcService started, listening on 45913
2023-03-23 08:05:37,863 [EndpointStateMachine task thread for /0.0.0.0:45743 - 0 ] INFO  ratis.XceiverServerRatis (XceiverServerRatis.java:getRealPort(544)) - XceiverServerRatis fd439516-60ae-42f5-a7e4-bbb84e8556dc is started using port 45913 for RATIS
2023-03-23 08:05:37,864 [JvmPauseMonitor5] INFO  util.JvmPauseMonitor (JvmPauseMonitor.java:run(105)) - JvmPauseMonitor-fd439516-60ae-42f5-a7e4-bbb84e8556dc: Started
2023-03-23 08:05:37,864 [EndpointStateMachine task thread for /0.0.0.0:45743 - 0 ] INFO  ratis.XceiverServerRatis (XceiverServerRatis.java:getRealPort(544)) - XceiverServerRatis fd439516-60ae-42f5-a7e4-bbb84e8556dc is started using port 45913 for RATIS_ADMIN
2023-03-23 08:05:37,864 [EndpointStateMachine task thread for /0.0.0.0:45743 - 0 ] INFO  ratis.XceiverServerRatis (XceiverServerRatis.java:getRealPort(544)) - XceiverServerRatis fd439516-60ae-42f5-a7e4-bbb84e8556dc is started using port 45913 for RATIS_SERVER
2023-03-23 08:05:37,864 [EndpointStateMachine task thread for /0.0.0.0:45743 - 0 ] INFO  ratis.XceiverServerRatis (XceiverServerRatis.java:getRealPort(544)) - XceiverServerRatis fd439516-60ae-42f5-a7e4-bbb84e8556dc is started using port 40121 for RATIS_DATASTREAM
2023-03-23 08:05:37,866 [EndpointStateMachine task thread for /0.0.0.0:45743 - 0 ] INFO  server.XceiverServerGrpc (XceiverServerGrpc.java:start(180)) - XceiverServerGrpc fd439516-60ae-42f5-a7e4-bbb84e8556dc is started using port 34883
2023-03-23 08:05:37,870 [BlockDeletingService#0] INFO  interfaces.ContainerDeletionChoosingPolicyTemplate (ContainerDeletionChoosingPolicyTemplate.java:chooseContainerForBlockDeletion(83)) - Chosen 0/5000 blocks from 0 candidate containers.
2023-03-23 08:05:37,885 [Listener at 127.0.0.1/36689] INFO  ozone.MiniOzoneClusterImpl (MiniOzoneClusterImpl.java:lambda$waitForClusterToBeReady$0(222)) - Waiting for nodes to be ready. Got 0 of 3 DN Heartbeats.
2023-03-23 08:05:37,886 [Listener at 127.0.0.1/36689] INFO  ozone.MiniOzoneClusterImpl (MiniOzoneClusterImpl.java:lambda$waitForClusterToBeReady$0(225)) - Waiting for cluster to exit safe mode
2023-03-23 08:05:37,886 [Listener at 127.0.0.1/36689] INFO  ozone.MiniOzoneClusterImpl (MiniOzoneClusterImpl.java:lambda$waitForClusterToBeReady$0(227)) - SCM became leader
2023-03-23 08:05:37,971 [BlockDeletingService#0] INFO  interfaces.ContainerDeletionChoosingPolicyTemplate (ContainerDeletionChoosingPolicyTemplate.java:chooseContainerForBlockDeletion(83)) - Chosen 0/5000 blocks from 0 candidate containers.
2023-03-23 08:05:38,071 [BlockDeletingService#0] INFO  interfaces.ContainerDeletionChoosingPolicyTemplate (ContainerDeletionChoosingPolicyTemplate.java:chooseContainerForBlockDeletion(83)) - Chosen 0/5000 blocks from 0 candidate containers.
2023-03-23 08:05:38,172 [BlockDeletingService#2] INFO  interfaces.ContainerDeletionChoosingPolicyTemplate (ContainerDeletionChoosingPolicyTemplate.java:chooseContainerForBlockDeletion(83)) - Chosen 0/5000 blocks from 0 candidate containers.
2023-03-23 08:05:38,268 [EndpointStateMachine task thread for /0.0.0.0:45743 - 0 ] INFO  utils.DatanodeStoreCache (DatanodeStoreCache.java:addDB(58)) - Added db /home/runner/work/ozone/ozone/hadoop-ozone/integration-test/target/test-dir/MiniOzoneClusterImpl-bf95872f-ab09-4fff-b473-e3afb8b37e70/datanode-1/data-0/containers/hdds/bf95872f-ab09-4fff-b473-e3afb8b37e70/DS-a6a9b206-18f9-4f48-bb1d-8407cd06ba9b/container.db to cache
2023-03-23 08:05:38,269 [EndpointStateMachine task thread for /0.0.0.0:45743 - 0 ] INFO  volume.HddsVolume (HddsVolume.java:createDbStore(350)) - SchemaV3 db is created and loaded at /home/runner/work/ozone/ozone/hadoop-ozone/integration-test/target/test-dir/MiniOzoneClusterImpl-bf95872f-ab09-4fff-b473-e3afb8b37e70/datanode-1/data-0/containers/hdds/bf95872f-ab09-4fff-b473-e3afb8b37e70/DS-a6a9b206-18f9-4f48-bb1d-8407cd06ba9b/container.db for volume DS-a6a9b206-18f9-4f48-bb1d-8407cd06ba9b
2023-03-23 08:05:38,269 [EndpointStateMachine task thread for /0.0.0.0:45743 - 0 ] INFO  ozoneimpl.OzoneContainer (OzoneContainer.java:start(401)) - Attempting to start container services.
2023-03-23 08:05:38,269 [EndpointStateMachine task thread for /0.0.0.0:45743 - 0 ] INFO  ozoneimpl.OzoneContainer (OzoneContainer.java:startContainerScrub(318)) - Scheduled background container scanners and the on-demand container scanner have been disabled.
2023-03-23 08:05:38,273 [BlockDeletingService#2] INFO  interfaces.ContainerDeletionChoosingPolicyTemplate (ContainerDeletionChoosingPolicyTemplate.java:chooseContainerForBlockDeletion(83)) - Chosen 0/5000 blocks from 0 candidate containers.
2023-03-23 08:05:38,273 [EndpointStateMachine task thread for /0.0.0.0:45743 - 0 ] INFO  replication.ReplicationServer (ReplicationServer.java:start(109)) - ReplicationServer is started using port 46441
2023-03-23 08:05:38,274 [EndpointStateMachine task thread for /0.0.0.0:45743 - 0 ] INFO  ratis.XceiverServerRatis (XceiverServerRatis.java:start(518)) - Starting XceiverServerRatis 75faba44-0a9d-4b7a-8d49-daa003cae56d
2023-03-23 08:05:38,274 [EndpointStateMachine task thread for /0.0.0.0:45743 - 0 ] INFO  server.RaftServer (RaftServerProxy.java:startImpl(393)) - 75faba44-0a9d-4b7a-8d49-daa003cae56d: start RPC server
2023-03-23 08:05:38,278 [EndpointStateMachine task thread for /0.0.0.0:45743 - 0 ] INFO  server.GrpcService (GrpcService.java:startImpl(262)) - 75faba44-0a9d-4b7a-8d49-daa003cae56d: GrpcService started, listening on 41995
2023-03-23 08:05:38,278 [EndpointStateMachine task thread for /0.0.0.0:45743 - 0 ] INFO  ratis.XceiverServerRatis (XceiverServerRatis.java:getRealPort(544)) - XceiverServerRatis 75faba44-0a9d-4b7a-8d49-daa003cae56d is started using port 41995 for RATIS
2023-03-23 08:05:38,278 [JvmPauseMonitor6] INFO  util.JvmPauseMonitor (JvmPauseMonitor.java:run(105)) - JvmPauseMonitor-75faba44-0a9d-4b7a-8d49-daa003cae56d: Started
2023-03-23 08:05:38,278 [EndpointStateMachine task thread for /0.0.0.0:45743 - 0 ] INFO  ratis.XceiverServerRatis (XceiverServerRatis.java:getRealPort(544)) - XceiverServerRatis 75faba44-0a9d-4b7a-8d49-daa003cae56d is started using port 41995 for RATIS_ADMIN
2023-03-23 08:05:38,278 [EndpointStateMachine task thread for /0.0.0.0:45743 - 0 ] INFO  ratis.XceiverServerRatis (XceiverServerRatis.java:getRealPort(544)) - XceiverServerRatis 75faba44-0a9d-4b7a-8d49-daa003cae56d is started using port 41995 for RATIS_SERVER
2023-03-23 08:05:38,278 [EndpointStateMachine task thread for /0.0.0.0:45743 - 0 ] INFO  ratis.XceiverServerRatis (XceiverServerRatis.java:getRealPort(544)) - XceiverServerRatis 75faba44-0a9d-4b7a-8d49-daa003cae56d is started using port 35243 for RATIS_DATASTREAM
2023-03-23 08:05:38,282 [EndpointStateMachine task thread for /0.0.0.0:45743 - 0 ] INFO  server.XceiverServerGrpc (XceiverServerGrpc.java:start(180)) - XceiverServerGrpc 75faba44-0a9d-4b7a-8d49-daa003cae56d is started using port 46169
2023-03-23 08:05:38,285 [BlockDeletingService#0] INFO  interfaces.ContainerDeletionChoosingPolicyTemplate (ContainerDeletionChoosingPolicyTemplate.java:chooseContainerForBlockDeletion(83)) - Chosen 0/5000 blocks from 0 candidate containers.
2023-03-23 08:05:38,373 [BlockDeletingService#0] INFO  interfaces.ContainerDeletionChoosingPolicyTemplate (ContainerDeletionChoosingPolicyTemplate.java:chooseContainerForBlockDeletion(83)) - Chosen 0/5000 blocks from 0 candidate containers.
2023-03-23 08:05:38,386 [BlockDeletingService#0] INFO  interfaces.ContainerDeletionChoosingPolicyTemplate (ContainerDeletionChoosingPolicyTemplate.java:chooseContainerForBlockDeletion(83)) - Chosen 0/5000 blocks from 0 candidate containers.
2023-03-23 08:05:38,473 [BlockDeletingService#3] INFO  interfaces.ContainerDeletionChoosingPolicyTemplate (ContainerDeletionChoosingPolicyTemplate.java:chooseContainerForBlockDeletion(83)) - Chosen 0/5000 blocks from 0 candidate containers.
2023-03-23 08:05:38,487 [BlockDeletingService#1] INFO  interfaces.ContainerDeletionChoosingPolicyTemplate (ContainerDeletionChoosingPolicyTemplate.java:chooseContainerForBlockDeletion(83)) - Chosen 0/5000 blocks from 0 candidate containers.
2023-03-23 08:05:38,574 [BlockDeletingService#4] INFO  interfaces.ContainerDeletionChoosingPolicyTemplate (ContainerDeletionChoosingPolicyTemplate.java:chooseContainerForBlockDeletion(83)) - Chosen 0/5000 blocks from 0 candidate containers.
2023-03-23 08:05:38,587 [BlockDeletingService#0] INFO  interfaces.ContainerDeletionChoosingPolicyTemplate (ContainerDeletionChoosingPolicyTemplate.java:chooseContainerForBlockDeletion(83)) - Chosen 0/5000 blocks from 0 candidate containers.
2023-03-23 08:05:38,674 [BlockDeletingService#1] INFO  interfaces.ContainerDeletionChoosingPolicyTemplate (ContainerDeletionChoosingPolicyTemplate.java:chooseContainerForBlockDeletion(83)) - Chosen 0/5000 blocks from 0 candidate containers.
2023-03-23 08:05:38,687 [BlockDeletingService#2] INFO  interfaces.ContainerDeletionChoosingPolicyTemplate (ContainerDeletionChoosingPolicyTemplate.java:chooseContainerForBlockDeletion(83)) - Chosen 0/5000 blocks from 0 candidate containers.
2023-03-23 08:05:38,774 [BlockDeletingService#2] INFO  interfaces.ContainerDeletionChoosingPolicyTemplate (ContainerDeletionChoosingPolicyTemplate.java:chooseContainerForBlockDeletion(83)) - Chosen 0/5000 blocks from 0 candidate containers.
2023-03-23 08:05:38,788 [BlockDeletingService#1] INFO  interfaces.ContainerDeletionChoosingPolicyTemplate (ContainerDeletionChoosingPolicyTemplate.java:chooseContainerForBlockDeletion(83)) - Chosen 0/5000 blocks from 0 candidate containers.
2023-03-23 08:05:38,875 [BlockDeletingService#2] INFO  interfaces.ContainerDeletionChoosingPolicyTemplate (ContainerDeletionChoosingPolicyTemplate.java:chooseContainerForBlockDeletion(83)) - Chosen 0/5000 blocks from 0 candidate containers.
2023-03-23 08:05:38,886 [Listener at 127.0.0.1/36689] INFO  ozone.MiniOzoneClusterImpl (MiniOzoneClusterImpl.java:lambda$waitForClusterToBeReady$0(222)) - Waiting for nodes to be ready. Got 0 of 3 DN Heartbeats.
2023-03-23 08:05:38,886 [Listener at 127.0.0.1/36689] INFO  ozone.MiniOzoneClusterImpl (MiniOzoneClusterImpl.java:lambda$waitForClusterToBeReady$0(225)) - Waiting for cluster to exit safe mode
2023-03-23 08:05:38,886 [Listener at 127.0.0.1/36689] INFO  ozone.MiniOzoneClusterImpl (MiniOzoneClusterImpl.java:lambda$waitForClusterToBeReady$0(227)) - SCM became leader
2023-03-23 08:05:38,888 [BlockDeletingService#3] INFO  interfaces.ContainerDeletionChoosingPolicyTemplate (ContainerDeletionChoosingPolicyTemplate.java:chooseContainerForBlockDeletion(83)) - Chosen 0/5000 blocks from 0 candidate containers.
2023-03-23 08:05:38,948 [EndpointStateMachine task thread for /0.0.0.0:45743 - 0 ] INFO  utils.DatanodeStoreCache (DatanodeStoreCache.java:addDB(58)) - Added db /home/runner/work/ozone/ozone/hadoop-ozone/integration-test/target/test-dir/MiniOzoneClusterImpl-bf95872f-ab09-4fff-b473-e3afb8b37e70/datanode-2/data-0/containers/hdds/bf95872f-ab09-4fff-b473-e3afb8b37e70/DS-3f5de17a-be11-4400-8671-d2dbd855a250/container.db to cache
2023-03-23 08:05:38,948 [EndpointStateMachine task thread for /0.0.0.0:45743 - 0 ] INFO  volume.HddsVolume (HddsVolume.java:createDbStore(350)) - SchemaV3 db is created and loaded at /home/runner/work/ozone/ozone/hadoop-ozone/integration-test/target/test-dir/MiniOzoneClusterImpl-bf95872f-ab09-4fff-b473-e3afb8b37e70/datanode-2/data-0/containers/hdds/bf95872f-ab09-4fff-b473-e3afb8b37e70/DS-3f5de17a-be11-4400-8671-d2dbd855a250/container.db for volume DS-3f5de17a-be11-4400-8671-d2dbd855a250
2023-03-23 08:05:38,949 [EndpointStateMachine task thread for /0.0.0.0:45743 - 0 ] INFO  ozoneimpl.OzoneContainer (OzoneContainer.java:start(401)) - Attempting to start container services.
2023-03-23 08:05:38,949 [EndpointStateMachine task thread for /0.0.0.0:45743 - 0 ] INFO  ozoneimpl.OzoneContainer (OzoneContainer.java:startContainerScrub(318)) - Scheduled background container scanners and the on-demand container scanner have been disabled.
2023-03-23 08:05:38,964 [EndpointStateMachine task thread for /0.0.0.0:45743 - 0 ] INFO  replication.ReplicationServer (ReplicationServer.java:start(109)) - ReplicationServer is started using port 33971
2023-03-23 08:05:38,969 [EndpointStateMachine task thread for /0.0.0.0:45743 - 0 ] INFO  ratis.XceiverServerRatis (XceiverServerRatis.java:start(518)) - Starting XceiverServerRatis 314195c6-23a8-4084-8433-e4a65193fa35
2023-03-23 08:05:38,975 [EndpointStateMachine task thread for /0.0.0.0:45743 - 0 ] INFO  server.RaftServer (RaftServerProxy.java:startImpl(393)) - 314195c6-23a8-4084-8433-e4a65193fa35: start RPC server
2023-03-23 08:05:38,980 [BlockDeletingService#2] INFO  interfaces.ContainerDeletionChoosingPolicyTemplate (ContainerDeletionChoosingPolicyTemplate.java:chooseContainerForBlockDeletion(83)) - Chosen 0/5000 blocks from 0 candidate containers.
2023-03-23 08:05:38,982 [EndpointStateMachine task thread for /0.0.0.0:45743 - 0 ] INFO  server.GrpcService (GrpcService.java:startImpl(262)) - 314195c6-23a8-4084-8433-e4a65193fa35: GrpcService started, listening on 39131
2023-03-23 08:05:38,982 [EndpointStateMachine task thread for /0.0.0.0:45743 - 0 ] INFO  ratis.XceiverServerRatis (XceiverServerRatis.java:getRealPort(544)) - XceiverServerRatis 314195c6-23a8-4084-8433-e4a65193fa35 is started using port 39131 for RATIS
2023-03-23 08:05:38,982 [EndpointStateMachine task thread for /0.0.0.0:45743 - 0 ] INFO  ratis.XceiverServerRatis (XceiverServerRatis.java:getRealPort(544)) - XceiverServerRatis 314195c6-23a8-4084-8433-e4a65193fa35 is started using port 39131 for RATIS_ADMIN
2023-03-23 08:05:38,982 [EndpointStateMachine task thread for /0.0.0.0:45743 - 0 ] INFO  ratis.XceiverServerRatis (XceiverServerRatis.java:getRealPort(544)) - XceiverServerRatis 314195c6-23a8-4084-8433-e4a65193fa35 is started using port 39131 for RATIS_SERVER
2023-03-23 08:05:38,982 [EndpointStateMachine task thread for /0.0.0.0:45743 - 0 ] INFO  ratis.XceiverServerRatis (XceiverServerRatis.java:getRealPort(544)) - XceiverServerRatis 314195c6-23a8-4084-8433-e4a65193fa35 is started using port 34107 for RATIS_DATASTREAM
2023-03-23 08:05:38,982 [JvmPauseMonitor7] INFO  util.JvmPauseMonitor (JvmPauseMonitor.java:run(105)) - JvmPauseMonitor-314195c6-23a8-4084-8433-e4a65193fa35: Started
2023-03-23 08:05:38,990 [BlockDeletingService#0] INFO  interfaces.ContainerDeletionChoosingPolicyTemplate (ContainerDeletionChoosingPolicyTemplate.java:chooseContainerForBlockDeletion(83)) - Chosen 0/5000 blocks from 0 candidate containers.
2023-03-23 08:05:38,990 [EndpointStateMachine task thread for /0.0.0.0:45743 - 0 ] INFO  server.XceiverServerGrpc (XceiverServerGrpc.java:start(180)) - XceiverServerGrpc 314195c6-23a8-4084-8433-e4a65193fa35 is started using port 37555
2023-03-23 08:05:38,994 [BlockDeletingService#0] INFO  interfaces.ContainerDeletionChoosingPolicyTemplate (ContainerDeletionChoosingPolicyTemplate.java:chooseContainerForBlockDeletion(83)) - Chosen 0/5000 blocks from 0 candidate containers.
2023-03-23 08:05:39,080 [BlockDeletingService#2] INFO  interfaces.ContainerDeletionChoosingPolicyTemplate (ContainerDeletionChoosingPolicyTemplate.java:chooseContainerForBlockDeletion(83)) - Chosen 0/5000 blocks from 0 candidate containers.
2023-03-23 08:05:39,090 [BlockDeletingService#4] INFO  interfaces.ContainerDeletionChoosingPolicyTemplate (ContainerDeletionChoosingPolicyTemplate.java:chooseContainerForBlockDeletion(83)) - Chosen 0/5000 blocks from 0 candidate containers.
2023-03-23 08:05:39,094 [BlockDeletingService#0] INFO  interfaces.ContainerDeletionChoosingPolicyTemplate (ContainerDeletionChoosingPolicyTemplate.java:chooseContainerForBlockDeletion(83)) - Chosen 0/5000 blocks from 0 candidate containers.
2023-03-23 08:05:39,180 [BlockDeletingService#2] INFO  interfaces.ContainerDeletionChoosingPolicyTemplate (ContainerDeletionChoosingPolicyTemplate.java:chooseContainerForBlockDeletion(83)) - Chosen 0/5000 blocks from 0 candidate containers.
2023-03-23 08:05:39,191 [BlockDeletingService#2] INFO  interfaces.ContainerDeletionChoosingPolicyTemplate (ContainerDeletionChoosingPolicyTemplate.java:chooseContainerForBlockDeletion(83)) - Chosen 0/5000 blocks from 0 candidate containers.
2023-03-23 08:05:39,195 [BlockDeletingService#1] INFO  interfaces.ContainerDeletionChoosingPolicyTemplate (ContainerDeletionChoosingPolicyTemplate.java:chooseContainerForBlockDeletion(83)) - Chosen 0/5000 blocks from 0 candidate containers.
2023-03-23 08:05:39,280 [BlockDeletingService#2] INFO  interfaces.ContainerDeletionChoosingPolicyTemplate (ContainerDeletionChoosingPolicyTemplate.java:chooseContainerForBlockDeletion(83)) - Chosen 0/5000 blocks from 0 candidate containers.
2023-03-23 08:05:39,291 [BlockDeletingService#2] INFO  interfaces.ContainerDeletionChoosingPolicyTemplate (ContainerDeletionChoosingPolicyTemplate.java:chooseContainerForBlockDeletion(83)) - Chosen 0/5000 blocks from 0 candidate containers.
2023-03-23 08:05:39,295 [BlockDeletingService#0] INFO  interfaces.ContainerDeletionChoosingPolicyTemplate (ContainerDeletionChoosingPolicyTemplate.java:chooseContainerForBlockDeletion(83)) - Chosen 0/5000 blocks from 0 candidate containers.
2023-03-23 08:05:39,381 [BlockDeletingService#2] INFO  interfaces.ContainerDeletionChoosingPolicyTemplate (ContainerDeletionChoosingPolicyTemplate.java:chooseContainerForBlockDeletion(83)) - Chosen 0/5000 blocks from 0 candidate containers.
2023-03-23 08:05:39,392 [BlockDeletingService#2] INFO  interfaces.ContainerDeletionChoosingPolicyTemplate (ContainerDeletionChoosingPolicyTemplate.java:chooseContainerForBlockDeletion(83)) - Chosen 0/5000 blocks from 0 candidate containers.
2023-03-23 08:05:39,395 [BlockDeletingService#2] INFO  interfaces.ContainerDeletionChoosingPolicyTemplate (ContainerDeletionChoosingPolicyTemplate.java:chooseContainerForBlockDeletion(83)) - Chosen 0/5000 blocks from 0 candidate containers.
2023-03-23 08:05:39,481 [BlockDeletingService#2] INFO  interfaces.ContainerDeletionChoosingPolicyTemplate (ContainerDeletionChoosingPolicyTemplate.java:chooseContainerForBlockDeletion(83)) - Chosen 0/5000 blocks from 0 candidate containers.
2023-03-23 08:05:39,492 [BlockDeletingService#2] INFO  interfaces.ContainerDeletionChoosingPolicyTemplate (ContainerDeletionChoosingPolicyTemplate.java:chooseContainerForBlockDeletion(83)) - Chosen 0/5000 blocks from 0 candidate containers.
2023-03-23 08:05:39,496 [BlockDeletingService#1] INFO  interfaces.ContainerDeletionChoosingPolicyTemplate (ContainerDeletionChoosingPolicyTemplate.java:chooseContainerForBlockDeletion(83)) - Chosen 0/5000 blocks from 0 candidate containers.
2023-03-23 08:05:39,581 [BlockDeletingService#2] INFO  interfaces.ContainerDeletionChoosingPolicyTemplate (ContainerDeletionChoosingPolicyTemplate.java:chooseContainerForBlockDeletion(83)) - Chosen 0/5000 blocks from 0 candidate containers.
2023-03-23 08:05:39,592 [BlockDeletingService#2] INFO  interfaces.ContainerDeletionChoosingPolicyTemplate (ContainerDeletionChoosingPolicyTemplate.java:chooseContainerForBlockDeletion(83)) - Chosen 0/5000 blocks from 0 candidate containers.
2023-03-23 08:05:39,596 [BlockDeletingService#3] INFO  interfaces.ContainerDeletionChoosingPolicyTemplate (ContainerDeletionChoosingPolicyTemplate.java:chooseContainerForBlockDeletion(83)) - Chosen 0/5000 blocks from 0 candidate containers.
2023-03-23 08:05:39,682 [BlockDeletingService#2] INFO  interfaces.ContainerDeletionChoosingPolicyTemplate (ContainerDeletionChoosingPolicyTemplate.java:chooseContainerForBlockDeletion(83)) - Chosen 0/5000 blocks from 0 candidate containers.
2023-03-23 08:05:39,692 [BlockDeletingService#2] INFO  interfaces.ContainerDeletionChoosingPolicyTemplate (ContainerDeletionChoosingPolicyTemplate.java:chooseContainerForBlockDeletion(83)) - Chosen 0/5000 blocks from 0 candidate containers.
2023-03-23 08:05:39,696 [BlockDeletingService#0] INFO  interfaces.ContainerDeletionChoosingPolicyTemplate (ContainerDeletionChoosingPolicyTemplate.java:chooseContainerForBlockDeletion(83)) - Chosen 0/5000 blocks from 0 candidate containers.
2023-03-23 08:05:39,782 [BlockDeletingService#2] INFO  interfaces.ContainerDeletionChoosingPolicyTemplate (ContainerDeletionChoosingPolicyTemplate.java:chooseContainerForBlockDeletion(83)) - Chosen 0/5000 blocks from 0 candidate containers.
2023-03-23 08:05:39,793 [BlockDeletingService#2] INFO  interfaces.ContainerDeletionChoosingPolicyTemplate (ContainerDeletionChoosingPolicyTemplate.java:chooseContainerForBlockDeletion(83)) - Chosen 0/5000 blocks from 0 candidate containers.
2023-03-23 08:05:39,796 [BlockDeletingService#4] INFO  interfaces.ContainerDeletionChoosingPolicyTemplate (ContainerDeletionChoosingPolicyTemplate.java:chooseContainerForBlockDeletion(83)) - Chosen 0/5000 blocks from 0 candidate containers.
2023-03-23 08:05:39,804 [IPC Server handler 1 on default port 45743] INFO  net.NetworkTopologyImpl (NetworkTopologyImpl.java:add(112)) - Added a new node: /default-rack/fd439516-60ae-42f5-a7e4-bbb84e8556dc
2023-03-23 08:05:39,804 [IPC Server handler 1 on default port 45743] INFO  node.SCMNodeManager (SCMNodeManager.java:register(404)) - Registered Data node : fd439516-60ae-42f5-a7e4-bbb84e8556dc{ip: 10.1.0.214, host: fv-az105-497.wy5h1aom0jgehahef1oyr10hrc.bx.internal.cloudapp.net, ports: [REPLICATION=46287, RATIS=45913, RATIS_ADMIN=45913, RATIS_SERVER=45913, RATIS_DATASTREAM=40121, STANDALONE=34883], networkLocation: /default-rack, certSerialId: null, persistedOpState: null, persistedOpStateExpiryEpochSec: 0}
2023-03-23 08:05:39,810 [EventQueue-NewNodeForNewNodeHandler] INFO  pipeline.BackgroundPipelineCreator (BackgroundPipelineCreator.java:notifyEventTriggered(276)) - trigger a one-shot run on RatisPipelineUtilsThread.
2023-03-23 08:05:39,813 [EventQueue-NodeRegistrationContainerReportForDataNodeSafeModeRule] INFO  safemode.SCMSafeModeManager (DataNodeSafeModeRule.java:process(71)) - SCM in safe mode. 1 DataNodes registered, 3 required.
2023-03-23 08:05:39,814 [EventQueue-PipelineReportForOneReplicaPipelineSafeModeRule] INFO  safemode.SCMSafeModeManager (SCMSafeModeManager.java:validateSafeModeExitRules(200)) - AtleastOneDatanodeReportedRule rule is successfully validated
2023-03-23 08:05:39,815 [EventQueue-NodeRegistrationContainerReportForContainerSafeModeRule] INFO  safemode.SCMSafeModeManager (SCMSafeModeManager.java:validateSafeModeExitRules(200)) - ContainerSafeModeRule rule is successfully validated
2023-03-23 08:05:39,882 [BlockDeletingService#2] INFO  interfaces.ContainerDeletionChoosingPolicyTemplate (ContainerDeletionChoosingPolicyTemplate.java:chooseContainerForBlockDeletion(83)) - Chosen 0/5000 blocks from 0 candidate containers.
2023-03-23 08:05:39,886 [Listener at 127.0.0.1/36689] INFO  ozone.MiniOzoneClusterImpl (MiniOzoneClusterImpl.java:lambda$waitForClusterToBeReady$0(222)) - Waiting for nodes to be ready. Got 1 of 3 DN Heartbeats.
2023-03-23 08:05:39,887 [Listener at 127.0.0.1/36689] INFO  ozone.MiniOzoneClusterImpl (MiniOzoneClusterImpl.java:lambda$waitForClusterToBeReady$0(225)) - Waiting for cluster to exit safe mode
2023-03-23 08:05:39,887 [Listener at 127.0.0.1/36689] INFO  ozone.MiniOzoneClusterImpl (MiniOzoneClusterImpl.java:lambda$waitForClusterToBeReady$0(227)) - SCM became leader
2023-03-23 08:05:39,893 [BlockDeletingService#2] INFO  interfaces.ContainerDeletionChoosingPolicyTemplate (ContainerDeletionChoosingPolicyTemplate.java:chooseContainerForBlockDeletion(83)) - Chosen 0/5000 blocks from 0 candidate containers.
2023-03-23 08:05:39,897 [BlockDeletingService#2] INFO  interfaces.ContainerDeletionChoosingPolicyTemplate (ContainerDeletionChoosingPolicyTemplate.java:chooseContainerForBlockDeletion(83)) - Chosen 0/5000 blocks from 0 candidate containers.
2023-03-23 08:05:39,982 [BlockDeletingService#2] INFO  interfaces.ContainerDeletionChoosingPolicyTemplate (ContainerDeletionChoosingPolicyTemplate.java:chooseContainerForBlockDeletion(83)) - Chosen 0/5000 blocks from 0 candidate containers.
2023-03-23 08:05:39,993 [BlockDeletingService#2] INFO  interfaces.ContainerDeletionChoosingPolicyTemplate (ContainerDeletionChoosingPolicyTemplate.java:chooseContainerForBlockDeletion(83)) - Chosen 0/5000 blocks from 0 candidate containers.
2023-03-23 08:05:39,997 [BlockDeletingService#2] INFO  interfaces.ContainerDeletionChoosingPolicyTemplate (ContainerDeletionChoosingPolicyTemplate.java:chooseContainerForBlockDeletion(83)) - Chosen 0/5000 blocks from 0 candidate containers.
2023-03-23 08:05:40,083 [BlockDeletingService#2] INFO  interfaces.ContainerDeletionChoosingPolicyTemplate (ContainerDeletionChoosingPolicyTemplate.java:chooseContainerForBlockDeletion(83)) - Chosen 0/5000 blocks from 0 candidate containers.
2023-03-23 08:05:40,093 [BlockDeletingService#2] INFO  interfaces.ContainerDeletionChoosingPolicyTemplate (ContainerDeletionChoosingPolicyTemplate.java:chooseContainerForBlockDeletion(83)) - Chosen 0/5000 blocks from 0 candidate containers.
2023-03-23 08:05:40,097 [BlockDeletingService#2] INFO  interfaces.ContainerDeletionChoosingPolicyTemplate (ContainerDeletionChoosingPolicyTemplate.java:chooseContainerForBlockDeletion(83)) - Chosen 0/5000 blocks from 0 candidate containers.
2023-03-23 08:05:40,183 [BlockDeletingService#2] INFO  interfaces.ContainerDeletionChoosingPolicyTemplate (ContainerDeletionChoosingPolicyTemplate.java:chooseContainerForBlockDeletion(83)) - Chosen 0/5000 blocks from 0 candidate containers.
2023-03-23 08:05:40,194 [BlockDeletingService#2] INFO  interfaces.ContainerDeletionChoosingPolicyTemplate (ContainerDeletionChoosingPolicyTemplate.java:chooseContainerForBlockDeletion(83)) - Chosen 0/5000 blocks from 0 candidate containers.
2023-03-23 08:05:40,197 [BlockDeletingService#2] INFO  interfaces.ContainerDeletionChoosingPolicyTemplate (ContainerDeletionChoosingPolicyTemplate.java:chooseContainerForBlockDeletion(83)) - Chosen 0/5000 blocks from 0 candidate containers.
2023-03-23 08:05:40,230 [IPC Server handler 3 on default port 45743] INFO  net.NetworkTopologyImpl (NetworkTopologyImpl.java:add(112)) - Added a new node: /default-rack/75faba44-0a9d-4b7a-8d49-daa003cae56d
2023-03-23 08:05:40,230 [IPC Server handler 3 on default port 45743] INFO  node.SCMNodeManager (SCMNodeManager.java:register(404)) - Registered Data node : 75faba44-0a9d-4b7a-8d49-daa003cae56d{ip: 10.1.0.214, host: fv-az105-497.wy5h1aom0jgehahef1oyr10hrc.bx.internal.cloudapp.net, ports: [REPLICATION=46441, RATIS=41995, RATIS_ADMIN=41995, RATIS_SERVER=41995, RATIS_DATASTREAM=35243, STANDALONE=46169], networkLocation: /default-rack, certSerialId: null, persistedOpState: null, persistedOpStateExpiryEpochSec: 0}
2023-03-23 08:05:40,230 [EventQueue-NodeRegistrationContainerReportForDataNodeSafeModeRule] INFO  safemode.SCMSafeModeManager (DataNodeSafeModeRule.java:process(71)) - SCM in safe mode. 2 DataNodes registered, 3 required.
2023-03-23 08:05:40,230 [EventQueue-NewNodeForNewNodeHandler] INFO  pipeline.BackgroundPipelineCreator (BackgroundPipelineCreator.java:notifyEventTriggered(276)) - trigger a one-shot run on RatisPipelineUtilsThread.
2023-03-23 08:05:40,283 [BlockDeletingService#2] INFO  interfaces.ContainerDeletionChoosingPolicyTemplate (ContainerDeletionChoosingPolicyTemplate.java:chooseContainerForBlockDeletion(83)) - Chosen 0/5000 blocks from 0 candidate containers.
2023-03-23 08:05:40,294 [BlockDeletingService#2] INFO  interfaces.ContainerDeletionChoosingPolicyTemplate (ContainerDeletionChoosingPolicyTemplate.java:chooseContainerForBlockDeletion(83)) - Chosen 0/5000 blocks from 0 candidate containers.
2023-03-23 08:05:40,297 [BlockDeletingService#2] INFO  interfaces.ContainerDeletionChoosingPolicyTemplate (ContainerDeletionChoosingPolicyTemplate.java:chooseContainerForBlockDeletion(83)) - Chosen 0/5000 blocks from 0 candidate containers.
2023-03-23 08:05:40,384 [BlockDeletingService#2] INFO  interfaces.ContainerDeletionChoosingPolicyTemplate (ContainerDeletionChoosingPolicyTemplate.java:chooseContainerForBlockDeletion(83)) - Chosen 0/5000 blocks from 0 candidate containers.
2023-03-23 08:05:40,395 [BlockDeletingService#2] INFO  interfaces.ContainerDeletionChoosingPolicyTemplate (ContainerDeletionChoosingPolicyTemplate.java:chooseContainerForBlockDeletion(83)) - Chosen 0/5000 blocks from 0 candidate containers.
2023-03-23 08:05:40,397 [BlockDeletingService#2] INFO  interfaces.ContainerDeletionChoosingPolicyTemplate (ContainerDeletionChoosingPolicyTemplate.java:chooseContainerForBlockDeletion(83)) - Chosen 0/5000 blocks from 0 candidate containers.
2023-03-23 08:05:40,484 [BlockDeletingService#2] INFO  interfaces.ContainerDeletionChoosingPolicyTemplate (ContainerDeletionChoosingPolicyTemplate.java:chooseContainerForBlockDeletion(83)) - Chosen 0/5000 blocks from 0 candidate containers.
2023-03-23 08:05:40,495 [BlockDeletingService#2] INFO  interfaces.ContainerDeletionChoosingPolicyTemplate (ContainerDeletionChoosingPolicyTemplate.java:chooseContainerForBlockDeletion(83)) - Chosen 0/5000 blocks from 0 candidate containers.
2023-03-23 08:05:40,498 [BlockDeletingService#2] INFO  interfaces.ContainerDeletionChoosingPolicyTemplate (ContainerDeletionChoosingPolicyTemplate.java:chooseContainerForBlockDeletion(83)) - Chosen 0/5000 blocks from 0 candidate containers.
2023-03-23 08:05:40,584 [BlockDeletingService#2] INFO  interfaces.ContainerDeletionChoosingPolicyTemplate (ContainerDeletionChoosingPolicyTemplate.java:chooseContainerForBlockDeletion(83)) - Chosen 0/5000 blocks from 0 candidate containers.
2023-03-23 08:05:40,595 [BlockDeletingService#2] INFO  interfaces.ContainerDeletionChoosingPolicyTemplate (ContainerDeletionChoosingPolicyTemplate.java:chooseContainerForBlockDeletion(83)) - Chosen 0/5000 blocks from 0 candidate containers.
2023-03-23 08:05:40,598 [BlockDeletingService#2] INFO  interfaces.ContainerDeletionChoosingPolicyTemplate (ContainerDeletionChoosingPolicyTemplate.java:chooseContainerForBlockDeletion(83)) - Chosen 0/5000 blocks from 0 candidate containers.
2023-03-23 08:05:40,684 [BlockDeletingService#2] INFO  interfaces.ContainerDeletionChoosingPolicyTemplate (ContainerDeletionChoosingPolicyTemplate.java:chooseContainerForBlockDeletion(83)) - Chosen 0/5000 blocks from 0 candidate containers.
2023-03-23 08:05:40,695 [BlockDeletingService#2] INFO  interfaces.ContainerDeletionChoosingPolicyTemplate (ContainerDeletionChoosingPolicyTemplate.java:chooseContainerForBlockDeletion(83)) - Chosen 0/5000 blocks from 0 candidate containers.
2023-03-23 08:05:40,698 [BlockDeletingService#2] INFO  interfaces.ContainerDeletionChoosingPolicyTemplate (ContainerDeletionChoosingPolicyTemplate.java:chooseContainerForBlockDeletion(83)) - Chosen 0/5000 blocks from 0 candidate containers.
2023-03-23 08:05:40,785 [BlockDeletingService#2] INFO  interfaces.ContainerDeletionChoosingPolicyTemplate (ContainerDeletionChoosingPolicyTemplate.java:chooseContainerForBlockDeletion(83)) - Chosen 0/5000 blocks from 0 candidate containers.
2023-03-23 08:05:40,795 [BlockDeletingService#2] INFO  interfaces.ContainerDeletionChoosingPolicyTemplate (ContainerDeletionChoosingPolicyTemplate.java:chooseContainerForBlockDeletion(83)) - Chosen 0/5000 blocks from 0 candidate containers.
2023-03-23 08:05:40,798 [BlockDeletingService#2] INFO  interfaces.ContainerDeletionChoosingPolicyTemplate (ContainerDeletionChoosingPolicyTemplate.java:chooseContainerForBlockDeletion(83)) - Chosen 0/5000 blocks from 0 candidate containers.
2023-03-23 08:05:40,885 [BlockDeletingService#2] INFO  interfaces.ContainerDeletionChoosingPolicyTemplate (ContainerDeletionChoosingPolicyTemplate.java:chooseContainerForBlockDeletion(83)) - Chosen 0/5000 blocks from 0 candidate containers.
2023-03-23 08:05:40,887 [Listener at 127.0.0.1/36689] INFO  ozone.MiniOzoneClusterImpl (MiniOzoneClusterImpl.java:lambda$waitForClusterToBeReady$0(222)) - Waiting for nodes to be ready. Got 2 of 3 DN Heartbeats.
2023-03-23 08:05:40,887 [Listener at 127.0.0.1/36689] INFO  ozone.MiniOzoneClusterImpl (MiniOzoneClusterImpl.java:lambda$waitForClusterToBeReady$0(225)) - Waiting for cluster to exit safe mode
2023-03-23 08:05:40,887 [Listener at 127.0.0.1/36689] INFO  ozone.MiniOzoneClusterImpl (MiniOzoneClusterImpl.java:lambda$waitForClusterToBeReady$0(227)) - SCM became leader
2023-03-23 08:05:40,892 [IPC Server handler 3 on default port 45743] INFO  net.NetworkTopologyImpl (NetworkTopologyImpl.java:add(112)) - Added a new node: /default-rack/314195c6-23a8-4084-8433-e4a65193fa35
2023-03-23 08:05:40,892 [IPC Server handler 3 on default port 45743] INFO  node.SCMNodeManager (SCMNodeManager.java:register(404)) - Registered Data node : 314195c6-23a8-4084-8433-e4a65193fa35{ip: 10.1.0.214, host: fv-az105-497.wy5h1aom0jgehahef1oyr10hrc.bx.internal.cloudapp.net, ports: [REPLICATION=33971, RATIS=39131, RATIS_ADMIN=39131, RATIS_SERVER=39131, RATIS_DATASTREAM=34107, STANDALONE=37555], networkLocation: /default-rack, certSerialId: null, persistedOpState: null, persistedOpStateExpiryEpochSec: 0}
2023-03-23 08:05:40,893 [EventQueue-NewNodeForNewNodeHandler] INFO  pipeline.BackgroundPipelineCreator (BackgroundPipelineCreator.java:notifyEventTriggered(276)) - trigger a one-shot run on RatisPipelineUtilsThread.
2023-03-23 08:05:40,893 [EventQueue-NodeRegistrationContainerReportForDataNodeSafeModeRule] INFO  safemode.SCMSafeModeManager (DataNodeSafeModeRule.java:process(71)) - SCM in safe mode. 3 DataNodes registered, 3 required.
2023-03-23 08:05:40,893 [EventQueue-NodeRegistrationContainerReportForDataNodeSafeModeRule] INFO  safemode.SCMSafeModeManager (SCMSafeModeManager.java:validateSafeModeExitRules(200)) - DataNodeSafeModeRule rule is successfully validated
2023-03-23 08:05:40,893 [EventQueue-NodeRegistrationContainerReportForDataNodeSafeModeRule] INFO  safemode.SCMSafeModeManager (SCMSafeModeManager.java:completePreCheck(229)) - All SCM safe mode pre check rules have passed
2023-03-23 08:05:40,893 [EventQueue-NodeRegistrationContainerReportForDataNodeSafeModeRule] INFO  ha.SCMContext (SCMContext.java:updateSafeModeStatus(228)) - Update SafeModeStatus from SafeModeStatus{safeModeStatus=true, preCheckPassed=false} to SafeModeStatus{safeModeStatus=true, preCheckPassed=true}.
2023-03-23 08:05:40,893 [EventQueue-NodeRegistrationContainerReportForDataNodeSafeModeRule] INFO  pipeline.BackgroundPipelineCreator (BackgroundPipelineCreator.java:notifyEventTriggered(276)) - trigger a one-shot run on RatisPipelineUtilsThread.
2023-03-23 08:05:40,894 [RatisPipelineUtilsThread - 0] INFO  pipeline.RatisPipelineProvider (RatisPipelineProvider.java:lambda$create$0(206)) - Sending CreatePipelineCommand for pipeline:PipelineID=69f24196-d01c-40cd-9020-a950a0dadb05 to datanode:75faba44-0a9d-4b7a-8d49-daa003cae56d
2023-03-23 08:05:40,894 [RatisPipelineUtilsThread - 0] INFO  pipeline.RatisPipelineProvider (RatisPipelineProvider.java:lambda$create$0(206)) - Sending CreatePipelineCommand for pipeline:PipelineID=69f24196-d01c-40cd-9020-a950a0dadb05 to datanode:fd439516-60ae-42f5-a7e4-bbb84e8556dc
2023-03-23 08:05:40,894 [RatisPipelineUtilsThread - 0] INFO  pipeline.RatisPipelineProvider (RatisPipelineProvider.java:lambda$create$0(206)) - Sending CreatePipelineCommand for pipeline:PipelineID=69f24196-d01c-40cd-9020-a950a0dadb05 to datanode:314195c6-23a8-4084-8433-e4a65193fa35
2023-03-23 08:05:40,895 [RatisPipelineUtilsThread - 0] INFO  pipeline.PipelineStateManagerImpl (PipelineStateManagerImpl.java:addPipeline(103)) - Created pipeline Pipeline[ Id: 69f24196-d01c-40cd-9020-a950a0dadb05, Nodes: 75faba44-0a9d-4b7a-8d49-daa003cae56d(fv-az105-497.wy5h1aom0jgehahef1oyr10hrc.bx.internal.cloudapp.net/10.1.0.214)fd439516-60ae-42f5-a7e4-bbb84e8556dc(fv-az105-497.wy5h1aom0jgehahef1oyr10hrc.bx.internal.cloudapp.net/10.1.0.214)314195c6-23a8-4084-8433-e4a65193fa35(fv-az105-497.wy5h1aom0jgehahef1oyr10hrc.bx.internal.cloudapp.net/10.1.0.214), ReplicationConfig: RATIS/THREE, State:ALLOCATED, leaderId:, CreationTimestamp2023-03-23T08:05:40.893Z[Etc/UTC]].
2023-03-23 08:05:40,895 [RatisPipelineUtilsThread - 0] WARN  pipeline.PipelinePlacementPolicy (PipelinePlacementPolicy.java:filterViableNodes(160)) - Pipeline creation failed due to no sufficient healthy datanodes. Required 3. Found 0. Excluded 3.
2023-03-23 08:05:40,896 [BlockDeletingService#2] INFO  interfaces.ContainerDeletionChoosingPolicyTemplate (ContainerDeletionChoosingPolicyTemplate.java:chooseContainerForBlockDeletion(83)) - Chosen 0/5000 blocks from 0 candidate containers.
2023-03-23 08:05:40,898 [BlockDeletingService#2] INFO  interfaces.ContainerDeletionChoosingPolicyTemplate (ContainerDeletionChoosingPolicyTemplate.java:chooseContainerForBlockDeletion(83)) - Chosen 0/5000 blocks from 0 candidate containers.
2023-03-23 08:05:40,985 [BlockDeletingService#2] INFO  interfaces.ContainerDeletionChoosingPolicyTemplate (ContainerDeletionChoosingPolicyTemplate.java:chooseContainerForBlockDeletion(83)) - Chosen 0/5000 blocks from 0 candidate containers.
2023-03-23 08:05:40,997 [BlockDeletingService#2] INFO  interfaces.ContainerDeletionChoosingPolicyTemplate (ContainerDeletionChoosingPolicyTemplate.java:chooseContainerForBlockDeletion(83)) - Chosen 0/5000 blocks from 0 candidate containers.
2023-03-23 08:05:40,998 [BlockDeletingService#2] INFO  interfaces.ContainerDeletionChoosingPolicyTemplate (ContainerDeletionChoosingPolicyTemplate.java:chooseContainerForBlockDeletion(83)) - Chosen 0/5000 blocks from 0 candidate containers.
2023-03-23 08:05:41,086 [BlockDeletingService#2] INFO  interfaces.ContainerDeletionChoosingPolicyTemplate (ContainerDeletionChoosingPolicyTemplate.java:chooseContainerForBlockDeletion(83)) - Chosen 0/5000 blocks from 0 candidate containers.
2023-03-23 08:05:41,097 [BlockDeletingService#2] INFO  interfaces.ContainerDeletionChoosingPolicyTemplate (ContainerDeletionChoosingPolicyTemplate.java:chooseContainerForBlockDeletion(83)) - Chosen 0/5000 blocks from 0 candidate containers.
2023-03-23 08:05:41,098 [BlockDeletingService#2] INFO  interfaces.ContainerDeletionChoosingPolicyTemplate (ContainerDeletionChoosingPolicyTemplate.java:chooseContainerForBlockDeletion(83)) - Chosen 0/5000 blocks from 0 candidate containers.
2023-03-23 08:05:41,186 [BlockDeletingService#2] INFO  interfaces.ContainerDeletionChoosingPolicyTemplate (ContainerDeletionChoosingPolicyTemplate.java:chooseContainerForBlockDeletion(83)) - Chosen 0/5000 blocks from 0 candidate containers.
2023-03-23 08:05:41,197 [BlockDeletingService#2] INFO  interfaces.ContainerDeletionChoosingPolicyTemplate (ContainerDeletionChoosingPolicyTemplate.java:chooseContainerForBlockDeletion(83)) - Chosen 0/5000 blocks from 0 candidate containers.
2023-03-23 08:05:41,199 [BlockDeletingService#2] INFO  interfaces.ContainerDeletionChoosingPolicyTemplate (ContainerDeletionChoosingPolicyTemplate.java:chooseContainerForBlockDeletion(83)) - Chosen 0/5000 blocks from 0 candidate containers.
2023-03-23 08:05:41,286 [BlockDeletingService#2] INFO  interfaces.ContainerDeletionChoosingPolicyTemplate (ContainerDeletionChoosingPolicyTemplate.java:chooseContainerForBlockDeletion(83)) - Chosen 0/5000 blocks from 0 candidate containers.
2023-03-23 08:05:41,297 [BlockDeletingService#2] INFO  interfaces.ContainerDeletionChoosingPolicyTemplate (ContainerDeletionChoosingPolicyTemplate.java:chooseContainerForBlockDeletion(83)) - Chosen 0/5000 blocks from 0 candidate containers.
2023-03-23 08:05:41,299 [BlockDeletingService#2] INFO  interfaces.ContainerDeletionChoosingPolicyTemplate (ContainerDeletionChoosingPolicyTemplate.java:chooseContainerForBlockDeletion(83)) - Chosen 0/5000 blocks from 0 candidate containers.
2023-03-23 08:05:41,387 [BlockDeletingService#2] INFO  interfaces.ContainerDeletionChoosingPolicyTemplate (ContainerDeletionChoosingPolicyTemplate.java:chooseContainerForBlockDeletion(83)) - Chosen 0/5000 blocks from 0 candidate containers.
2023-03-23 08:05:41,398 [BlockDeletingService#2] INFO  interfaces.ContainerDeletionChoosingPolicyTemplate (ContainerDeletionChoosingPolicyTemplate.java:chooseContainerForBlockDeletion(83)) - Chosen 0/5000 blocks from 0 candidate containers.
2023-03-23 08:05:41,399 [BlockDeletingService#2] INFO  interfaces.ContainerDeletionChoosingPolicyTemplate (ContainerDeletionChoosingPolicyTemplate.java:chooseContainerForBlockDeletion(83)) - Chosen 0/5000 blocks from 0 candidate containers.
2023-03-23 08:05:41,487 [BlockDeletingService#2] INFO  interfaces.ContainerDeletionChoosingPolicyTemplate (ContainerDeletionChoosingPolicyTemplate.java:chooseContainerForBlockDeletion(83)) - Chosen 0/5000 blocks from 0 candidate containers.
2023-03-23 08:05:41,498 [BlockDeletingService#2] INFO  interfaces.ContainerDeletionChoosingPolicyTemplate (ContainerDeletionChoosingPolicyTemplate.java:chooseContainerForBlockDeletion(83)) - Chosen 0/5000 blocks from 0 candidate containers.
2023-03-23 08:05:41,499 [BlockDeletingService#2] INFO  interfaces.ContainerDeletionChoosingPolicyTemplate (ContainerDeletionChoosingPolicyTemplate.java:chooseContainerForBlockDeletion(83)) - Chosen 0/5000 blocks from 0 candidate containers.
2023-03-23 08:05:41,587 [BlockDeletingService#2] INFO  interfaces.ContainerDeletionChoosingPolicyTemplate (ContainerDeletionChoosingPolicyTemplate.java:chooseContainerForBlockDeletion(83)) - Chosen 0/5000 blocks from 0 candidate containers.
2023-03-23 08:05:41,598 [BlockDeletingService#2] INFO  interfaces.ContainerDeletionChoosingPolicyTemplate (ContainerDeletionChoosingPolicyTemplate.java:chooseContainerForBlockDeletion(83)) - Chosen 0/5000 blocks from 0 candidate containers.
2023-03-23 08:05:41,599 [BlockDeletingService#2] INFO  interfaces.ContainerDeletionChoosingPolicyTemplate (ContainerDeletionChoosingPolicyTemplate.java:chooseContainerForBlockDeletion(83)) - Chosen 0/5000 blocks from 0 candidate containers.
2023-03-23 08:05:41,688 [BlockDeletingService#2] INFO  interfaces.ContainerDeletionChoosingPolicyTemplate (ContainerDeletionChoosingPolicyTemplate.java:chooseContainerForBlockDeletion(83)) - Chosen 0/5000 blocks from 0 candidate containers.
2023-03-23 08:05:41,698 [BlockDeletingService#2] INFO  interfaces.ContainerDeletionChoosingPolicyTemplate (ContainerDeletionChoosingPolicyTemplate.java:chooseContainerForBlockDeletion(83)) - Chosen 0/5000 blocks from 0 candidate containers.
2023-03-23 08:05:41,699 [BlockDeletingService#2] INFO  interfaces.ContainerDeletionChoosingPolicyTemplate (ContainerDeletionChoosingPolicyTemplate.java:chooseContainerForBlockDeletion(83)) - Chosen 0/5000 blocks from 0 candidate containers.
2023-03-23 08:05:41,790 [BlockDeletingService#2] INFO  interfaces.ContainerDeletionChoosingPolicyTemplate (ContainerDeletionChoosingPolicyTemplate.java:chooseContainerForBlockDeletion(83)) - Chosen 0/5000 blocks from 0 candidate containers.
2023-03-23 08:05:41,798 [BlockDeletingService#2] INFO  interfaces.ContainerDeletionChoosingPolicyTemplate (ContainerDeletionChoosingPolicyTemplate.java:chooseContainerForBlockDeletion(83)) - Chosen 0/5000 blocks from 0 candidate containers.
2023-03-23 08:05:41,799 [BlockDeletingService#2] INFO  interfaces.ContainerDeletionChoosingPolicyTemplate (ContainerDeletionChoosingPolicyTemplate.java:chooseContainerForBlockDeletion(83)) - Chosen 0/5000 blocks from 0 candidate containers.
2023-03-23 08:05:41,888 [Listener at 127.0.0.1/36689] INFO  ozone.MiniOzoneClusterImpl (MiniOzoneClusterImpl.java:lambda$waitForClusterToBeReady$0(222)) - Nodes are ready. Got 3 of 3 DN Heartbeats.
2023-03-23 08:05:41,888 [Listener at 127.0.0.1/36689] INFO  ozone.MiniOzoneClusterImpl (MiniOzoneClusterImpl.java:lambda$waitForClusterToBeReady$0(225)) - Waiting for cluster to exit safe mode
2023-03-23 08:05:41,888 [Listener at 127.0.0.1/36689] INFO  ozone.MiniOzoneClusterImpl (MiniOzoneClusterImpl.java:lambda$waitForClusterToBeReady$0(227)) - SCM became leader
2023-03-23 08:05:41,890 [BlockDeletingService#2] INFO  interfaces.ContainerDeletionChoosingPolicyTemplate (ContainerDeletionChoosingPolicyTemplate.java:chooseContainerForBlockDeletion(83)) - Chosen 0/5000 blocks from 0 candidate containers.
2023-03-23 08:05:41,899 [BlockDeletingService#2] INFO  interfaces.ContainerDeletionChoosingPolicyTemplate (ContainerDeletionChoosingPolicyTemplate.java:chooseContainerForBlockDeletion(83)) - Chosen 0/5000 blocks from 0 candidate containers.
2023-03-23 08:05:41,900 [BlockDeletingService#2] INFO  interfaces.ContainerDeletionChoosingPolicyTemplate (ContainerDeletionChoosingPolicyTemplate.java:chooseContainerForBlockDeletion(83)) - Chosen 0/5000 blocks from 0 candidate containers.
2023-03-23 08:05:41,990 [BlockDeletingService#2] INFO  interfaces.ContainerDeletionChoosingPolicyTemplate (ContainerDeletionChoosingPolicyTemplate.java:chooseContainerForBlockDeletion(83)) - Chosen 0/5000 blocks from 0 candidate containers.
2023-03-23 08:05:42,000 [BlockDeletingService#2] INFO  interfaces.ContainerDeletionChoosingPolicyTemplate (ContainerDeletionChoosingPolicyTemplate.java:chooseContainerForBlockDeletion(83)) - Chosen 0/5000 blocks from 0 candidate containers.
2023-03-23 08:05:42,001 [BlockDeletingService#2] INFO  interfaces.ContainerDeletionChoosingPolicyTemplate (ContainerDeletionChoosingPolicyTemplate.java:chooseContainerForBlockDeletion(83)) - Chosen 0/5000 blocks from 0 candidate containers.
2023-03-23 08:05:42,091 [BlockDeletingService#2] INFO  interfaces.ContainerDeletionChoosingPolicyTemplate (ContainerDeletionChoosingPolicyTemplate.java:chooseContainerForBlockDeletion(83)) - Chosen 0/5000 blocks from 0 candidate containers.
2023-03-23 08:05:42,100 [BlockDeletingService#2] INFO  interfaces.ContainerDeletionChoosingPolicyTemplate (ContainerDeletionChoosingPolicyTemplate.java:chooseContainerForBlockDeletion(83)) - Chosen 0/5000 blocks from 0 candidate containers.
2023-03-23 08:05:42,101 [BlockDeletingService#2] INFO  interfaces.ContainerDeletionChoosingPolicyTemplate (ContainerDeletionChoosingPolicyTemplate.java:chooseContainerForBlockDeletion(83)) - Chosen 0/5000 blocks from 0 candidate containers.
2023-03-23 08:05:42,191 [BlockDeletingService#2] INFO  interfaces.ContainerDeletionChoosingPolicyTemplate (ContainerDeletionChoosingPolicyTemplate.java:chooseContainerForBlockDeletion(83)) - Chosen 0/5000 blocks from 0 candidate containers.
2023-03-23 08:05:42,200 [BlockDeletingService#2] INFO  interfaces.ContainerDeletionChoosingPolicyTemplate (ContainerDeletionChoosingPolicyTemplate.java:chooseContainerForBlockDeletion(83)) - Chosen 0/5000 blocks from 0 candidate containers.
2023-03-23 08:05:42,201 [BlockDeletingService#2] INFO  interfaces.ContainerDeletionChoosingPolicyTemplate (ContainerDeletionChoosingPolicyTemplate.java:chooseContainerForBlockDeletion(83)) - Chosen 0/5000 blocks from 0 candidate containers.
2023-03-23 08:05:42,291 [BlockDeletingService#2] INFO  interfaces.ContainerDeletionChoosingPolicyTemplate (ContainerDeletionChoosingPolicyTemplate.java:chooseContainerForBlockDeletion(83)) - Chosen 0/5000 blocks from 0 candidate containers.
2023-03-23 08:05:42,301 [BlockDeletingService#2] INFO  interfaces.ContainerDeletionChoosingPolicyTemplate (ContainerDeletionChoosingPolicyTemplate.java:chooseContainerForBlockDeletion(83)) - Chosen 0/5000 blocks from 0 candidate containers.
2023-03-23 08:05:42,301 [BlockDeletingService#2] INFO  interfaces.ContainerDeletionChoosingPolicyTemplate (ContainerDeletionChoosingPolicyTemplate.java:chooseContainerForBlockDeletion(83)) - Chosen 0/5000 blocks from 0 candidate containers.
2023-03-23 08:05:42,391 [BlockDeletingService#2] INFO  interfaces.ContainerDeletionChoosingPolicyTemplate (ContainerDeletionChoosingPolicyTemplate.java:chooseContainerForBlockDeletion(83)) - Chosen 0/5000 blocks from 0 candidate containers.
2023-03-23 08:05:42,401 [BlockDeletingService#2] INFO  interfaces.ContainerDeletionChoosingPolicyTemplate (ContainerDeletionChoosingPolicyTemplate.java:chooseContainerForBlockDeletion(83)) - Chosen 0/5000 blocks from 0 candidate containers.
2023-03-23 08:05:42,401 [BlockDeletingService#2] INFO  interfaces.ContainerDeletionChoosingPolicyTemplate (ContainerDeletionChoosingPolicyTemplate.java:chooseContainerForBlockDeletion(83)) - Chosen 0/5000 blocks from 0 candidate containers.
2023-03-23 08:05:42,492 [BlockDeletingService#2] INFO  interfaces.ContainerDeletionChoosingPolicyTemplate (ContainerDeletionChoosingPolicyTemplate.java:chooseContainerForBlockDeletion(83)) - Chosen 0/5000 blocks from 0 candidate containers.
2023-03-23 08:05:42,501 [BlockDeletingService#2] INFO  interfaces.ContainerDeletionChoosingPolicyTemplate (ContainerDeletionChoosingPolicyTemplate.java:chooseContainerForBlockDeletion(83)) - Chosen 0/5000 blocks from 0 candidate containers.
2023-03-23 08:05:42,502 [BlockDeletingService#2] INFO  interfaces.ContainerDeletionChoosingPolicyTemplate (ContainerDeletionChoosingPolicyTemplate.java:chooseContainerForBlockDeletion(83)) - Chosen 0/5000 blocks from 0 candidate containers.
2023-03-23 08:05:42,596 [BlockDeletingService#2] INFO  interfaces.ContainerDeletionChoosingPolicyTemplate (ContainerDeletionChoosingPolicyTemplate.java:chooseContainerForBlockDeletion(83)) - Chosen 0/5000 blocks from 0 candidate containers.
2023-03-23 08:05:42,601 [BlockDeletingService#2] INFO  interfaces.ContainerDeletionChoosingPolicyTemplate (ContainerDeletionChoosingPolicyTemplate.java:chooseContainerForBlockDeletion(83)) - Chosen 0/5000 blocks from 0 candidate containers.
2023-03-23 08:05:42,602 [BlockDeletingService#2] INFO  interfaces.ContainerDeletionChoosingPolicyTemplate (ContainerDeletionChoosingPolicyTemplate.java:chooseContainerForBlockDeletion(83)) - Chosen 0/5000 blocks from 0 candidate containers.
2023-03-23 08:05:42,696 [BlockDeletingService#2] INFO  interfaces.ContainerDeletionChoosingPolicyTemplate (ContainerDeletionChoosingPolicyTemplate.java:chooseContainerForBlockDeletion(83)) - Chosen 0/5000 blocks from 0 candidate containers.
2023-03-23 08:05:42,701 [BlockDeletingService#2] INFO  interfaces.ContainerDeletionChoosingPolicyTemplate (ContainerDeletionChoosingPolicyTemplate.java:chooseContainerForBlockDeletion(83)) - Chosen 0/5000 blocks from 0 candidate containers.
2023-03-23 08:05:42,702 [BlockDeletingService#2] INFO  interfaces.ContainerDeletionChoosingPolicyTemplate (ContainerDeletionChoosingPolicyTemplate.java:chooseContainerForBlockDeletion(83)) - Chosen 0/5000 blocks from 0 candidate containers.
2023-03-23 08:05:42,796 [BlockDeletingService#2] INFO  interfaces.ContainerDeletionChoosingPolicyTemplate (ContainerDeletionChoosingPolicyTemplate.java:chooseContainerForBlockDeletion(83)) - Chosen 0/5000 blocks from 0 candidate containers.
2023-03-23 08:05:42,802 [BlockDeletingService#2] INFO  interfaces.ContainerDeletionChoosingPolicyTemplate (ContainerDeletionChoosingPolicyTemplate.java:chooseContainerForBlockDeletion(83)) - Chosen 0/5000 blocks from 0 candidate containers.
2023-03-23 08:05:42,803 [Command processor thread] INFO  server.RaftServer (RaftServerProxy.java:addNew(96)) - fd439516-60ae-42f5-a7e4-bbb84e8556dc: addNew group-A950A0DADB05:[fd439516-60ae-42f5-a7e4-bbb84e8556dc|rpc:10.1.0.214:45913|dataStream:10.1.0.214:40121|priority:0|startupRole:FOLLOWER, 314195c6-23a8-4084-8433-e4a65193fa35|rpc:10.1.0.214:39131|dataStream:10.1.0.214:34107|priority:0|startupRole:FOLLOWER, 75faba44-0a9d-4b7a-8d49-daa003cae56d|rpc:10.1.0.214:41995|dataStream:10.1.0.214:35243|priority:1|startupRole:FOLLOWER] returns group-A950A0DADB05:java.util.concurrent.CompletableFuture@1e02ccf8[Not completed]
2023-03-23 08:05:42,804 [pool-223-thread-1] INFO  server.RaftServer$Division (RaftServerImpl.java:<init>(195)) - fd439516-60ae-42f5-a7e4-bbb84e8556dc: new RaftServerImpl for group-A950A0DADB05:[fd439516-60ae-42f5-a7e4-bbb84e8556dc|rpc:10.1.0.214:45913|dataStream:10.1.0.214:40121|priority:0|startupRole:FOLLOWER, 314195c6-23a8-4084-8433-e4a65193fa35|rpc:10.1.0.214:39131|dataStream:10.1.0.214:34107|priority:0|startupRole:FOLLOWER, 75faba44-0a9d-4b7a-8d49-daa003cae56d|rpc:10.1.0.214:41995|dataStream:10.1.0.214:35243|priority:1|startupRole:FOLLOWER] with ContainerStateMachine:uninitialized
2023-03-23 08:05:42,804 [pool-223-thread-1] INFO  server.RaftServerConfigKeys (ConfUtils.java:logGet(46)) - raft.server.rpc.timeout.min = 5s (custom)
2023-03-23 08:05:42,804 [pool-223-thread-1] INFO  server.RaftServerConfigKeys (ConfUtils.java:logGet(46)) - raft.server.rpc.timeout.max = 5200ms (custom)
2023-03-23 08:05:42,804 [pool-223-thread-1] INFO  server.RaftServerConfigKeys (ConfUtils.java:logGet(46)) - raft.server.rpc.sleep.time = 25ms (default)
2023-03-23 08:05:42,804 [pool-223-thread-1] INFO  server.RaftServerConfigKeys (ConfUtils.java:logGet(46)) - raft.server.rpc.slowness.timeout = 300s (custom)
2023-03-23 08:05:42,804 [pool-223-thread-1] INFO  server.RaftServerConfigKeys (ConfUtils.java:logGet(46)) - raft.server.leaderelection.leader.step-down.wait-time = 10s (default)
2023-03-23 08:05:42,805 [pool-223-thread-1] INFO  server.RaftServerConfigKeys (ConfUtils.java:logGet(46)) - raft.server.sleep.deviation.threshold = 300ms (default)
2023-03-23 08:05:42,805 [pool-223-thread-1] INFO  server.RaftServer$Division (ServerState.java:<init>(118)) - fd439516-60ae-42f5-a7e4-bbb84e8556dc@group-A950A0DADB05: ConfigurationManager, init=-1: peers:[fd439516-60ae-42f5-a7e4-bbb84e8556dc|rpc:10.1.0.214:45913|dataStream:10.1.0.214:40121|priority:0|startupRole:FOLLOWER, 314195c6-23a8-4084-8433-e4a65193fa35|rpc:10.1.0.214:39131|dataStream:10.1.0.214:34107|priority:0|startupRole:FOLLOWER, 75faba44-0a9d-4b7a-8d49-daa003cae56d|rpc:10.1.0.214:41995|dataStream:10.1.0.214:35243|priority:1|startupRole:FOLLOWER]|listeners:[], old=null, confs=<EMPTY_MAP>
2023-03-23 08:05:42,805 [pool-223-thread-1] INFO  server.RaftServerConfigKeys (ConfUtils.java:logGet(46)) - raft.server.storage.dir = [/home/runner/work/ozone/ozone/hadoop-ozone/integration-test/target/test-dir/MiniOzoneClusterImpl-bf95872f-ab09-4fff-b473-e3afb8b37e70/datanode-0/data/ratis] (custom)
2023-03-23 08:05:42,805 [pool-223-thread-1] INFO  server.RaftServerConfigKeys (ConfUtils.java:logGet(46)) - raft.server.log.corruption.policy = EXCEPTION (default)
2023-03-23 08:05:42,805 [pool-223-thread-1] INFO  server.RaftServerConfigKeys (ConfUtils.java:logGet(46)) - raft.server.storage.free-space.min = 0MB (=0) (default)
2023-03-23 08:05:42,805 [pool-223-thread-1] INFO  server.RaftServerConfigKeys (ConfUtils.java:logGet(46)) - raft.server.notification.no-leader.timeout = 300s (custom)
2023-03-23 08:05:42,805 [pool-223-thread-1] INFO  server.RaftServerConfigKeys (ConfUtils.java:logGet(46)) - raft.server.retrycache.expirytime = 600000ms (custom)
2023-03-23 08:05:42,805 [BlockDeletingService#2] INFO  interfaces.ContainerDeletionChoosingPolicyTemplate (ContainerDeletionChoosingPolicyTemplate.java:chooseContainerForBlockDeletion(83)) - Chosen 0/5000 blocks from 0 candidate containers.
2023-03-23 08:05:42,805 [pool-223-thread-1] INFO  server.RaftServerConfigKeys (ConfUtils.java:logGet(46)) - raft.server.retrycache.statistics.expirytime = 100μs (default)
2023-03-23 08:05:42,809 [pool-223-thread-1] INFO  server.RaftServerConfigKeys (ConfUtils.java:logGet(46)) - raft.server.log.appender.install.snapshot.enabled = false (custom)
2023-03-23 08:05:42,809 [pool-223-thread-1] INFO  server.RaftServerConfigKeys (ConfUtils.java:logGet(46)) - raft.server.threadpool.server.cached = true (default)
2023-03-23 08:05:42,809 [pool-223-thread-1] INFO  server.RaftServerConfigKeys (ConfUtils.java:logGet(46)) - raft.server.threadpool.server.size = 0 (default)
2023-03-23 08:05:42,809 [pool-223-thread-1] INFO  server.RaftServerConfigKeys (ConfUtils.java:logGet(46)) - raft.server.threadpool.client.cached = true (default)
2023-03-23 08:05:42,809 [pool-223-thread-1] INFO  server.RaftServerConfigKeys (ConfUtils.java:logGet(46)) - raft.server.threadpool.client.size = 0 (default)
2023-03-23 08:05:42,809 [pool-223-thread-1] INFO  storage.RaftStorageDirectory (RaftStorageDirectoryImpl.java:analyzeStorage(137)) - The storage directory /home/runner/work/ozone/ozone/hadoop-ozone/integration-test/target/test-dir/MiniOzoneClusterImpl-bf95872f-ab09-4fff-b473-e3afb8b37e70/datanode-0/data/ratis/69f24196-d01c-40cd-9020-a950a0dadb05 does not exist. Creating ...
2023-03-23 08:05:42,811 [pool-223-thread-1] INFO  storage.RaftStorageDirectory (RaftStorageDirectoryImpl.java:tryLock(231)) - Lock on /home/runner/work/ozone/ozone/hadoop-ozone/integration-test/target/test-dir/MiniOzoneClusterImpl-bf95872f-ab09-4fff-b473-e3afb8b37e70/datanode-0/data/ratis/69f24196-d01c-40cd-9020-a950a0dadb05/in_use.lock acquired by nodename 6812@fv-az105-497
2023-03-23 08:05:42,812 [pool-223-thread-1] INFO  storage.RaftStorage (RaftStorageImpl.java:format(96)) - Storage directory /home/runner/work/ozone/ozone/hadoop-ozone/integration-test/target/test-dir/MiniOzoneClusterImpl-bf95872f-ab09-4fff-b473-e3afb8b37e70/datanode-0/data/ratis/69f24196-d01c-40cd-9020-a950a0dadb05 has been successfully formatted.
2023-03-23 08:05:42,813 [pool-223-thread-1] INFO  ratis.ContainerStateMachine (ContainerStateMachine.java:loadSnapshot(262)) - group-A950A0DADB05: The snapshot info is null. Setting the last applied indexto:(t:0, i:~)
2023-03-23 08:05:42,813 [pool-223-thread-1] INFO  server.RaftServerConfigKeys (ConfUtils.java:logGet(46)) - raft.server.log.use.memory = false (default)
2023-03-23 08:05:42,813 [pool-223-thread-1] INFO  server.RaftServerConfigKeys (ConfUtils.java:logGet(46)) - raft.server.log.purge.gap = 1000000 (custom)
2023-03-23 08:05:42,813 [pool-223-thread-1] INFO  server.RaftServerConfigKeys (ConfUtils.java:logGet(46)) - raft.server.log.appender.buffer.byte-limit = 33554432 (custom)
2023-03-23 08:05:42,813 [pool-223-thread-1] INFO  server.RaftServerConfigKeys (ConfUtils.java:logGet(46)) - raft.server.log.statemachine.data.read.timeout = 1000ms (default)
2023-03-23 08:05:42,813 [pool-223-thread-1] INFO  server.RaftServerConfigKeys (ConfUtils.java:logGet(46)) - raft.server.log.purge.preservation.log.num = 0 (default)
2023-03-23 08:05:42,814 [pool-223-thread-1] INFO  server.RaftServerConfigKeys (ConfUtils.java:logGet(46)) - raft.server.log.segment.size.max = 1048576 (custom)
2023-03-23 08:05:42,814 [pool-223-thread-1] INFO  server.RaftServerConfigKeys (ConfUtils.java:logGet(46)) - raft.server.log.segment.cache.num.max = 2 (custom)
2023-03-23 08:05:42,814 [pool-223-thread-1] INFO  server.RaftServerConfigKeys (ConfUtils.java:logGet(46)) - raft.server.log.segment.cache.size.max = 200MB (=209715200) (default)
2023-03-23 08:05:42,814 [pool-223-thread-1] INFO  segmented.SegmentedRaftLogWorker (SegmentedRaftLogWorker.java:<init>(189)) - new fd439516-60ae-42f5-a7e4-bbb84e8556dc@group-A950A0DADB05-SegmentedRaftLogWorker for RaftStorageImpl:Storage Directory /home/runner/work/ozone/ozone/hadoop-ozone/integration-test/target/test-dir/MiniOzoneClusterImpl-bf95872f-ab09-4fff-b473-e3afb8b37e70/datanode-0/data/ratis/69f24196-d01c-40cd-9020-a950a0dadb05
2023-03-23 08:05:42,814 [pool-223-thread-1] INFO  server.RaftServerConfigKeys (ConfUtils.java:logGet(46)) - raft.server.log.queue.byte-limit = 4294967296 (custom)
2023-03-23 08:05:42,814 [pool-223-thread-1] INFO  server.RaftServerConfigKeys (ConfUtils.java:logGet(46)) - raft.server.log.queue.element-limit = 1024 (custom)
2023-03-23 08:05:42,814 [pool-223-thread-1] INFO  server.RaftServerConfigKeys (ConfUtils.java:logGet(46)) - raft.server.log.segment.size.max = 1048576 (custom)
2023-03-23 08:05:42,814 [pool-223-thread-1] INFO  server.RaftServerConfigKeys (ConfUtils.java:logGet(46)) - raft.server.log.preallocated.size = 16384 (custom)
2023-03-23 08:05:42,814 [pool-223-thread-1] INFO  server.RaftServerConfigKeys (ConfUtils.java:logGet(46)) - raft.server.log.force.sync.num = 128 (default)
2023-03-23 08:05:42,814 [pool-223-thread-1] INFO  server.RaftServerConfigKeys (ConfUtils.java:logGet(46)) - raft.server.log.statemachine.data.sync = true (default)
2023-03-23 08:05:42,815 [pool-223-thread-1] INFO  server.RaftServerConfigKeys (ConfUtils.java:logGet(46)) - raft.server.log.statemachine.data.sync.timeout = 10s (default)
2023-03-23 08:05:42,815 [pool-223-thread-1] INFO  server.RaftServerConfigKeys (ConfUtils.java:logGet(46)) - raft.server.log.statemachine.data.sync.timeout.retry = -1 (default)
2023-03-23 08:05:42,815 [pool-223-thread-1] INFO  server.RaftServerConfigKeys (ConfUtils.java:logGet(46)) - raft.server.log.write.buffer.size = 1048576 (custom)
2023-03-23 08:05:42,816 [pool-223-thread-1] INFO  server.RaftServerConfigKeys (ConfUtils.java:logGet(46)) - raft.server.log.appender.buffer.byte-limit = 33554432 (custom)
2023-03-23 08:05:42,821 [pool-223-thread-1] INFO  server.RaftServerConfigKeys (ConfUtils.java:logGet(46)) - raft.server.log.unsafe-flush.enabled = false (default)
2023-03-23 08:05:42,821 [pool-223-thread-1] INFO  server.RaftServerConfigKeys (ConfUtils.java:logGet(46)) - raft.server.log.async-flush.enabled = false (default)
2023-03-23 08:05:42,821 [pool-223-thread-1] INFO  server.RaftServerConfigKeys (ConfUtils.java:logGet(46)) - raft.server.log.statemachine.data.caching.enabled = true (custom)
2023-03-23 08:05:42,822 [pool-223-thread-1] INFO  segmented.SegmentedRaftLogWorker (SegmentedRaftLogWorker.java:lambda$new$0(135)) - fd439516-60ae-42f5-a7e4-bbb84e8556dc@group-A950A0DADB05-SegmentedRaftLogWorker: flushIndex: setUnconditionally 0 -> -1
2023-03-23 08:05:42,822 [pool-223-thread-1] INFO  segmented.SegmentedRaftLogWorker (SegmentedRaftLogWorker.java:lambda$new$0(135)) - fd439516-60ae-42f5-a7e4-bbb84e8556dc@group-A950A0DADB05-SegmentedRaftLogWorker: safeCacheEvictIndex: setUnconditionally 0 -> -1
2023-03-23 08:05:42,822 [pool-223-thread-1] INFO  server.RaftServer$Division (RaftServerImpl.java:start(334)) - fd439516-60ae-42f5-a7e4-bbb84e8556dc@group-A950A0DADB05: start as a follower, conf=-1: peers:[fd439516-60ae-42f5-a7e4-bbb84e8556dc|rpc:10.1.0.214:45913|dataStream:10.1.0.214:40121|priority:0|startupRole:FOLLOWER, 314195c6-23a8-4084-8433-e4a65193fa35|rpc:10.1.0.214:39131|dataStream:10.1.0.214:34107|priority:0|startupRole:FOLLOWER, 75faba44-0a9d-4b7a-8d49-daa003cae56d|rpc:10.1.0.214:41995|dataStream:10.1.0.214:35243|priority:1|startupRole:FOLLOWER]|listeners:[], old=null
2023-03-23 08:05:42,822 [pool-223-thread-1] INFO  server.RaftServer$Division (RaftServerImpl.java:setRole(321)) - fd439516-60ae-42f5-a7e4-bbb84e8556dc@group-A950A0DADB05: changes role from      null to FOLLOWER at term 0 for startAsFollower
2023-03-23 08:05:42,822 [pool-223-thread-1] INFO  impl.RoleInfo (RoleInfo.java:updateAndGet(139)) - fd439516-60ae-42f5-a7e4-bbb84e8556dc: start fd439516-60ae-42f5-a7e4-bbb84e8556dc@group-A950A0DADB05-FollowerState
2023-03-23 08:05:42,822 [pool-223-thread-1] INFO  util.JmxRegister (JmxRegister.java:tryRegister(44)) - Successfully registered JMX Bean with object name Ratis:service=RaftServer,group=group-A950A0DADB05,id=fd439516-60ae-42f5-a7e4-bbb84e8556dc
2023-03-23 08:05:42,822 [pool-223-thread-1] INFO  server.RaftServerConfigKeys (ConfUtils.java:logGet(46)) - raft.server.snapshot.auto.trigger.enabled = true (custom)
2023-03-23 08:05:42,823 [pool-223-thread-1] INFO  server.RaftServerConfigKeys (ConfUtils.java:logGet(46)) - raft.server.snapshot.auto.trigger.threshold = 10000 (custom)
2023-03-23 08:05:42,823 [pool-223-thread-1] INFO  server.RaftServerConfigKeys (ConfUtils.java:logGet(46)) - raft.server.snapshot.retention.file.num = 5 (custom)
2023-03-23 08:05:42,823 [pool-223-thread-1] INFO  server.RaftServerConfigKeys (ConfUtils.java:logGet(46)) - raft.server.log.purge.upto.snapshot.index = false (default)
2023-03-23 08:05:42,824 [fd439516-60ae-42f5-a7e4-bbb84e8556dc@group-A950A0DADB05-FollowerState] INFO  server.RaftServerConfigKeys (ConfUtils.java:logFallback(53)) - raft.server.rpc.first-election.timeout.min = 5s (fallback to raft.server.rpc.timeout.min)
2023-03-23 08:05:42,826 [Command processor thread] INFO  ratis.XceiverServerRatis (XceiverServerRatis.java:addGroup(807)) - Created group PipelineID=69f24196-d01c-40cd-9020-a950a0dadb05
2023-03-23 08:05:42,827 [fd439516-60ae-42f5-a7e4-bbb84e8556dc@group-A950A0DADB05-FollowerState] INFO  server.RaftServerConfigKeys (ConfUtils.java:logFallback(53)) - raft.server.rpc.first-election.timeout.max = 5200ms (fallback to raft.server.rpc.timeout.max)
2023-03-23 08:05:42,858 [grpc-default-executor-0] INFO  server.RaftServer (RaftServerProxy.java:addNew(96)) - 75faba44-0a9d-4b7a-8d49-daa003cae56d: addNew group-A950A0DADB05:[fd439516-60ae-42f5-a7e4-bbb84e8556dc|rpc:10.1.0.214:45913|dataStream:10.1.0.214:40121|priority:0|startupRole:FOLLOWER, 314195c6-23a8-4084-8433-e4a65193fa35|rpc:10.1.0.214:39131|dataStream:10.1.0.214:34107|priority:0|startupRole:FOLLOWER, 75faba44-0a9d-4b7a-8d49-daa003cae56d|rpc:10.1.0.214:41995|dataStream:10.1.0.214:35243|priority:1|startupRole:FOLLOWER] returns group-A950A0DADB05:java.util.concurrent.CompletableFuture@7537b486[Not completed]
2023-03-23 08:05:42,862 [pool-245-thread-1] INFO  server.RaftServer$Division (RaftServerImpl.java:<init>(195)) - 75faba44-0a9d-4b7a-8d49-daa003cae56d: new RaftServerImpl for group-A950A0DADB05:[fd439516-60ae-42f5-a7e4-bbb84e8556dc|rpc:10.1.0.214:45913|dataStream:10.1.0.214:40121|priority:0|startupRole:FOLLOWER, 314195c6-23a8-4084-8433-e4a65193fa35|rpc:10.1.0.214:39131|dataStream:10.1.0.214:34107|priority:0|startupRole:FOLLOWER, 75faba44-0a9d-4b7a-8d49-daa003cae56d|rpc:10.1.0.214:41995|dataStream:10.1.0.214:35243|priority:1|startupRole:FOLLOWER] with ContainerStateMachine:uninitialized
2023-03-23 08:05:42,862 [pool-245-thread-1] INFO  server.RaftServerConfigKeys (ConfUtils.java:logGet(46)) - raft.server.rpc.timeout.min = 5s (custom)
2023-03-23 08:05:42,862 [pool-245-thread-1] INFO  server.RaftServerConfigKeys (ConfUtils.java:logGet(46)) - raft.server.rpc.timeout.max = 5200ms (custom)
2023-03-23 08:05:42,862 [pool-245-thread-1] INFO  server.RaftServerConfigKeys (ConfUtils.java:logGet(46)) - raft.server.rpc.sleep.time = 25ms (default)
2023-03-23 08:05:42,863 [pool-245-thread-1] INFO  server.RaftServerConfigKeys (ConfUtils.java:logGet(46)) - raft.server.rpc.slowness.timeout = 300s (custom)
2023-03-23 08:05:42,863 [pool-245-thread-1] INFO  server.RaftServerConfigKeys (ConfUtils.java:logGet(46)) - raft.server.leaderelection.leader.step-down.wait-time = 10s (default)
2023-03-23 08:05:42,863 [pool-245-thread-1] INFO  server.RaftServerConfigKeys (ConfUtils.java:logGet(46)) - raft.server.sleep.deviation.threshold = 300ms (default)
2023-03-23 08:05:42,863 [pool-245-thread-1] INFO  server.RaftServer$Division (ServerState.java:<init>(118)) - 75faba44-0a9d-4b7a-8d49-daa003cae56d@group-A950A0DADB05: ConfigurationManager, init=-1: peers:[fd439516-60ae-42f5-a7e4-bbb84e8556dc|rpc:10.1.0.214:45913|dataStream:10.1.0.214:40121|priority:0|startupRole:FOLLOWER, 314195c6-23a8-4084-8433-e4a65193fa35|rpc:10.1.0.214:39131|dataStream:10.1.0.214:34107|priority:0|startupRole:FOLLOWER, 75faba44-0a9d-4b7a-8d49-daa003cae56d|rpc:10.1.0.214:41995|dataStream:10.1.0.214:35243|priority:1|startupRole:FOLLOWER]|listeners:[], old=null, confs=<EMPTY_MAP>
2023-03-23 08:05:42,863 [pool-245-thread-1] INFO  server.RaftServerConfigKeys (ConfUtils.java:logGet(46)) - raft.server.storage.dir = [/home/runner/work/ozone/ozone/hadoop-ozone/integration-test/target/test-dir/MiniOzoneClusterImpl-bf95872f-ab09-4fff-b473-e3afb8b37e70/datanode-1/data/ratis] (custom)
2023-03-23 08:05:42,863 [pool-245-thread-1] INFO  server.RaftServerConfigKeys (ConfUtils.java:logGet(46)) - raft.server.log.corruption.policy = EXCEPTION (default)
2023-03-23 08:05:42,863 [pool-245-thread-1] INFO  server.RaftServerConfigKeys (ConfUtils.java:logGet(46)) - raft.server.storage.free-space.min = 0MB (=0) (default)
2023-03-23 08:05:42,863 [pool-245-thread-1] INFO  server.RaftServerConfigKeys (ConfUtils.java:logGet(46)) - raft.server.notification.no-leader.timeout = 300s (custom)
2023-03-23 08:05:42,863 [pool-245-thread-1] INFO  server.RaftServerConfigKeys (ConfUtils.java:logGet(46)) - raft.server.retrycache.expirytime = 600000ms (custom)
2023-03-23 08:05:42,863 [pool-245-thread-1] INFO  server.RaftServerConfigKeys (ConfUtils.java:logGet(46)) - raft.server.retrycache.statistics.expirytime = 100μs (default)
2023-03-23 08:05:42,865 [pool-245-thread-1] INFO  server.RaftServerConfigKeys (ConfUtils.java:logGet(46)) - raft.server.log.appender.install.snapshot.enabled = false (custom)
2023-03-23 08:05:42,865 [pool-245-thread-1] INFO  server.RaftServerConfigKeys (ConfUtils.java:logGet(46)) - raft.server.threadpool.server.cached = true (default)
2023-03-23 08:05:42,865 [pool-245-thread-1] INFO  server.RaftServerConfigKeys (ConfUtils.java:logGet(46)) - raft.server.threadpool.server.size = 0 (default)
2023-03-23 08:05:42,865 [pool-245-thread-1] INFO  server.RaftServerConfigKeys (ConfUtils.java:logGet(46)) - raft.server.threadpool.client.cached = true (default)
2023-03-23 08:05:42,865 [pool-245-thread-1] INFO  server.RaftServerConfigKeys (ConfUtils.java:logGet(46)) - raft.server.threadpool.client.size = 0 (default)
2023-03-23 08:05:42,865 [pool-245-thread-1] INFO  storage.RaftStorageDirectory (RaftStorageDirectoryImpl.java:analyzeStorage(137)) - The storage directory /home/runner/work/ozone/ozone/hadoop-ozone/integration-test/target/test-dir/MiniOzoneClusterImpl-bf95872f-ab09-4fff-b473-e3afb8b37e70/datanode-1/data/ratis/69f24196-d01c-40cd-9020-a950a0dadb05 does not exist. Creating ...
2023-03-23 08:05:42,866 [pool-245-thread-1] INFO  storage.RaftStorageDirectory (RaftStorageDirectoryImpl.java:tryLock(231)) - Lock on /home/runner/work/ozone/ozone/hadoop-ozone/integration-test/target/test-dir/MiniOzoneClusterImpl-bf95872f-ab09-4fff-b473-e3afb8b37e70/datanode-1/data/ratis/69f24196-d01c-40cd-9020-a950a0dadb05/in_use.lock acquired by nodename 6812@fv-az105-497
2023-03-23 08:05:42,868 [pool-245-thread-1] INFO  storage.RaftStorage (RaftStorageImpl.java:format(96)) - Storage directory /home/runner/work/ozone/ozone/hadoop-ozone/integration-test/target/test-dir/MiniOzoneClusterImpl-bf95872f-ab09-4fff-b473-e3afb8b37e70/datanode-1/data/ratis/69f24196-d01c-40cd-9020-a950a0dadb05 has been successfully formatted.
2023-03-23 08:05:42,869 [pool-245-thread-1] INFO  ratis.ContainerStateMachine (ContainerStateMachine.java:loadSnapshot(262)) - group-A950A0DADB05: The snapshot info is null. Setting the last applied indexto:(t:0, i:~)
2023-03-23 08:05:42,869 [pool-245-thread-1] INFO  server.RaftServerConfigKeys (ConfUtils.java:logGet(46)) - raft.server.log.use.memory = false (default)
2023-03-23 08:05:42,869 [pool-245-thread-1] INFO  server.RaftServerConfigKeys (ConfUtils.java:logGet(46)) - raft.server.log.purge.gap = 1000000 (custom)
2023-03-23 08:05:42,869 [pool-245-thread-1] INFO  server.RaftServerConfigKeys (ConfUtils.java:logGet(46)) - raft.server.log.appender.buffer.byte-limit = 33554432 (custom)
2023-03-23 08:05:42,869 [pool-245-thread-1] INFO  server.RaftServerConfigKeys (ConfUtils.java:logGet(46)) - raft.server.log.statemachine.data.read.timeout = 1000ms (default)
2023-03-23 08:05:42,869 [pool-245-thread-1] INFO  server.RaftServerConfigKeys (ConfUtils.java:logGet(46)) - raft.server.log.purge.preservation.log.num = 0 (default)
2023-03-23 08:05:42,869 [pool-245-thread-1] INFO  server.RaftServerConfigKeys (ConfUtils.java:logGet(46)) - raft.server.log.segment.size.max = 1048576 (custom)
2023-03-23 08:05:42,870 [pool-245-thread-1] INFO  server.RaftServerConfigKeys (ConfUtils.java:logGet(46)) - raft.server.log.segment.cache.num.max = 2 (custom)
2023-03-23 08:05:42,870 [pool-245-thread-1] INFO  server.RaftServerConfigKeys (ConfUtils.java:logGet(46)) - raft.server.log.segment.cache.size.max = 200MB (=209715200) (default)
2023-03-23 08:05:42,870 [pool-245-thread-1] INFO  segmented.SegmentedRaftLogWorker (SegmentedRaftLogWorker.java:<init>(189)) - new 75faba44-0a9d-4b7a-8d49-daa003cae56d@group-A950A0DADB05-SegmentedRaftLogWorker for RaftStorageImpl:Storage Directory /home/runner/work/ozone/ozone/hadoop-ozone/integration-test/target/test-dir/MiniOzoneClusterImpl-bf95872f-ab09-4fff-b473-e3afb8b37e70/datanode-1/data/ratis/69f24196-d01c-40cd-9020-a950a0dadb05
2023-03-23 08:05:42,870 [pool-245-thread-1] INFO  server.RaftServerConfigKeys (ConfUtils.java:logGet(46)) - raft.server.log.queue.byte-limit = 4294967296 (custom)
2023-03-23 08:05:42,870 [pool-245-thread-1] INFO  server.RaftServerConfigKeys (ConfUtils.java:logGet(46)) - raft.server.log.queue.element-limit = 1024 (custom)
2023-03-23 08:05:42,870 [pool-245-thread-1] INFO  server.RaftServerConfigKeys (ConfUtils.java:logGet(46)) - raft.server.log.segment.size.max = 1048576 (custom)
2023-03-23 08:05:42,870 [pool-245-thread-1] INFO  server.RaftServerConfigKeys (ConfUtils.java:logGet(46)) - raft.server.log.preallocated.size = 16384 (custom)
2023-03-23 08:05:42,870 [pool-245-thread-1] INFO  server.RaftServerConfigKeys (ConfUtils.java:logGet(46)) - raft.server.log.force.sync.num = 128 (default)
2023-03-23 08:05:42,870 [pool-245-thread-1] INFO  server.RaftServerConfigKeys (ConfUtils.java:logGet(46)) - raft.server.log.statemachine.data.sync = true (default)
2023-03-23 08:05:42,870 [pool-245-thread-1] INFO  server.RaftServerConfigKeys (ConfUtils.java:logGet(46)) - raft.server.log.statemachine.data.sync.timeout = 10s (default)
2023-03-23 08:05:42,870 [pool-245-thread-1] INFO  server.RaftServerConfigKeys (ConfUtils.java:logGet(46)) - raft.server.log.statemachine.data.sync.timeout.retry = -1 (default)
2023-03-23 08:05:42,871 [pool-245-thread-1] INFO  server.RaftServerConfigKeys (ConfUtils.java:logGet(46)) - raft.server.log.write.buffer.size = 1048576 (custom)
2023-03-23 08:05:42,871 [pool-245-thread-1] INFO  server.RaftServerConfigKeys (ConfUtils.java:logGet(46)) - raft.server.log.appender.buffer.byte-limit = 33554432 (custom)
2023-03-23 08:05:42,877 [pool-245-thread-1] INFO  server.RaftServerConfigKeys (ConfUtils.java:logGet(46)) - raft.server.log.unsafe-flush.enabled = false (default)
2023-03-23 08:05:42,877 [pool-245-thread-1] INFO  server.RaftServerConfigKeys (ConfUtils.java:logGet(46)) - raft.server.log.async-flush.enabled = false (default)
2023-03-23 08:05:42,877 [pool-245-thread-1] INFO  server.RaftServerConfigKeys (ConfUtils.java:logGet(46)) - raft.server.log.statemachine.data.caching.enabled = true (custom)
2023-03-23 08:05:42,877 [pool-245-thread-1] INFO  segmented.SegmentedRaftLogWorker (SegmentedRaftLogWorker.java:lambda$new$0(135)) - 75faba44-0a9d-4b7a-8d49-daa003cae56d@group-A950A0DADB05-SegmentedRaftLogWorker: flushIndex: setUnconditionally 0 -> -1
2023-03-23 08:05:42,877 [pool-245-thread-1] INFO  segmented.SegmentedRaftLogWorker (SegmentedRaftLogWorker.java:lambda$new$0(135)) - 75faba44-0a9d-4b7a-8d49-daa003cae56d@group-A950A0DADB05-SegmentedRaftLogWorker: safeCacheEvictIndex: setUnconditionally 0 -> -1
2023-03-23 08:05:42,877 [pool-245-thread-1] INFO  server.RaftServer$Division (RaftServerImpl.java:start(334)) - 75faba44-0a9d-4b7a-8d49-daa003cae56d@group-A950A0DADB05: start as a follower, conf=-1: peers:[fd439516-60ae-42f5-a7e4-bbb84e8556dc|rpc:10.1.0.214:45913|dataStream:10.1.0.214:40121|priority:0|startupRole:FOLLOWER, 314195c6-23a8-4084-8433-e4a65193fa35|rpc:10.1.0.214:39131|dataStream:10.1.0.214:34107|priority:0|startupRole:FOLLOWER, 75faba44-0a9d-4b7a-8d49-daa003cae56d|rpc:10.1.0.214:41995|dataStream:10.1.0.214:35243|priority:1|startupRole:FOLLOWER]|listeners:[], old=null
2023-03-23 08:05:42,877 [pool-245-thread-1] INFO  server.RaftServer$Division (RaftServerImpl.java:setRole(321)) - 75faba44-0a9d-4b7a-8d49-daa003cae56d@group-A950A0DADB05: changes role from      null to FOLLOWER at term 0 for startAsFollower
2023-03-23 08:05:42,878 [pool-245-thread-1] INFO  impl.RoleInfo (RoleInfo.java:updateAndGet(139)) - 75faba44-0a9d-4b7a-8d49-daa003cae56d: start 75faba44-0a9d-4b7a-8d49-daa003cae56d@group-A950A0DADB05-FollowerState
2023-03-23 08:05:42,878 [pool-245-thread-1] INFO  util.JmxRegister (JmxRegister.java:tryRegister(44)) - Successfully registered JMX Bean with object name Ratis:service=RaftServer,group=group-A950A0DADB05,id=75faba44-0a9d-4b7a-8d49-daa003cae56d
2023-03-23 08:05:42,878 [75faba44-0a9d-4b7a-8d49-daa003cae56d@group-A950A0DADB05-FollowerState] INFO  server.RaftServerConfigKeys (ConfUtils.java:logFallback(53)) - raft.server.rpc.first-election.timeout.min = 5s (fallback to raft.server.rpc.timeout.min)
2023-03-23 08:05:42,882 [75faba44-0a9d-4b7a-8d49-daa003cae56d@group-A950A0DADB05-FollowerState] INFO  server.RaftServerConfigKeys (ConfUtils.java:logFallback(53)) - raft.server.rpc.first-election.timeout.max = 5200ms (fallback to raft.server.rpc.timeout.max)
2023-03-23 08:05:42,882 [pool-245-thread-1] INFO  server.RaftServerConfigKeys (ConfUtils.java:logGet(46)) - raft.server.snapshot.auto.trigger.enabled = true (custom)
2023-03-23 08:05:42,883 [pool-245-thread-1] INFO  server.RaftServerConfigKeys (ConfUtils.java:logGet(46)) - raft.server.snapshot.auto.trigger.threshold = 10000 (custom)
2023-03-23 08:05:42,883 [pool-245-thread-1] INFO  server.RaftServerConfigKeys (ConfUtils.java:logGet(46)) - raft.server.snapshot.retention.file.num = 5 (custom)
2023-03-23 08:05:42,883 [pool-245-thread-1] INFO  server.RaftServerConfigKeys (ConfUtils.java:logGet(46)) - raft.server.log.purge.upto.snapshot.index = false (default)
2023-03-23 08:05:42,888 [Listener at 127.0.0.1/36689] INFO  ozone.MiniOzoneClusterImpl (MiniOzoneClusterImpl.java:lambda$waitForClusterToBeReady$0(222)) - Nodes are ready. Got 3 of 3 DN Heartbeats.
2023-03-23 08:05:42,889 [Listener at 127.0.0.1/36689] INFO  ozone.MiniOzoneClusterImpl (MiniOzoneClusterImpl.java:lambda$waitForClusterToBeReady$0(225)) - Waiting for cluster to exit safe mode
2023-03-23 08:05:42,889 [Listener at 127.0.0.1/36689] INFO  ozone.MiniOzoneClusterImpl (MiniOzoneClusterImpl.java:lambda$waitForClusterToBeReady$0(227)) - SCM became leader
2023-03-23 08:05:42,899 [BlockDeletingService#2] INFO  interfaces.ContainerDeletionChoosingPolicyTemplate (ContainerDeletionChoosingPolicyTemplate.java:chooseContainerForBlockDeletion(83)) - Chosen 0/5000 blocks from 0 candidate containers.
2023-03-23 08:05:42,905 [BlockDeletingService#2] INFO  interfaces.ContainerDeletionChoosingPolicyTemplate (ContainerDeletionChoosingPolicyTemplate.java:chooseContainerForBlockDeletion(83)) - Chosen 0/5000 blocks from 0 candidate containers.
2023-03-23 08:05:42,906 [BlockDeletingService#2] INFO  interfaces.ContainerDeletionChoosingPolicyTemplate (ContainerDeletionChoosingPolicyTemplate.java:chooseContainerForBlockDeletion(83)) - Chosen 0/5000 blocks from 0 candidate containers.
2023-03-23 08:05:42,925 [grpc-default-executor-0] INFO  server.RaftServer (RaftServerProxy.java:addNew(96)) - 314195c6-23a8-4084-8433-e4a65193fa35: addNew group-A950A0DADB05:[fd439516-60ae-42f5-a7e4-bbb84e8556dc|rpc:10.1.0.214:45913|dataStream:10.1.0.214:40121|priority:0|startupRole:FOLLOWER, 314195c6-23a8-4084-8433-e4a65193fa35|rpc:10.1.0.214:39131|dataStream:10.1.0.214:34107|priority:0|startupRole:FOLLOWER, 75faba44-0a9d-4b7a-8d49-daa003cae56d|rpc:10.1.0.214:41995|dataStream:10.1.0.214:35243|priority:1|startupRole:FOLLOWER] returns group-A950A0DADB05:java.util.concurrent.CompletableFuture@55e40f8d[Not completed]
2023-03-23 08:05:42,930 [pool-267-thread-1] INFO  server.RaftServer$Division (RaftServerImpl.java:<init>(195)) - 314195c6-23a8-4084-8433-e4a65193fa35: new RaftServerImpl for group-A950A0DADB05:[fd439516-60ae-42f5-a7e4-bbb84e8556dc|rpc:10.1.0.214:45913|dataStream:10.1.0.214:40121|priority:0|startupRole:FOLLOWER, 314195c6-23a8-4084-8433-e4a65193fa35|rpc:10.1.0.214:39131|dataStream:10.1.0.214:34107|priority:0|startupRole:FOLLOWER, 75faba44-0a9d-4b7a-8d49-daa003cae56d|rpc:10.1.0.214:41995|dataStream:10.1.0.214:35243|priority:1|startupRole:FOLLOWER] with ContainerStateMachine:uninitialized
2023-03-23 08:05:42,930 [pool-267-thread-1] INFO  server.RaftServerConfigKeys (ConfUtils.java:logGet(46)) - raft.server.rpc.timeout.min = 5s (custom)
2023-03-23 08:05:42,930 [pool-267-thread-1] INFO  server.RaftServerConfigKeys (ConfUtils.java:logGet(46)) - raft.server.rpc.timeout.max = 5200ms (custom)
2023-03-23 08:05:42,931 [pool-267-thread-1] INFO  server.RaftServerConfigKeys (ConfUtils.java:logGet(46)) - raft.server.rpc.sleep.time = 25ms (default)
2023-03-23 08:05:42,931 [pool-267-thread-1] INFO  server.RaftServerConfigKeys (ConfUtils.java:logGet(46)) - raft.server.rpc.slowness.timeout = 300s (custom)
2023-03-23 08:05:42,931 [pool-267-thread-1] INFO  server.RaftServerConfigKeys (ConfUtils.java:logGet(46)) - raft.server.leaderelection.leader.step-down.wait-time = 10s (default)
2023-03-23 08:05:42,931 [pool-267-thread-1] INFO  server.RaftServerConfigKeys (ConfUtils.java:logGet(46)) - raft.server.sleep.deviation.threshold = 300ms (default)
2023-03-23 08:05:42,931 [pool-267-thread-1] INFO  server.RaftServer$Division (ServerState.java:<init>(118)) - 314195c6-23a8-4084-8433-e4a65193fa35@group-A950A0DADB05: ConfigurationManager, init=-1: peers:[fd439516-60ae-42f5-a7e4-bbb84e8556dc|rpc:10.1.0.214:45913|dataStream:10.1.0.214:40121|priority:0|startupRole:FOLLOWER, 314195c6-23a8-4084-8433-e4a65193fa35|rpc:10.1.0.214:39131|dataStream:10.1.0.214:34107|priority:0|startupRole:FOLLOWER, 75faba44-0a9d-4b7a-8d49-daa003cae56d|rpc:10.1.0.214:41995|dataStream:10.1.0.214:35243|priority:1|startupRole:FOLLOWER]|listeners:[], old=null, confs=<EMPTY_MAP>
2023-03-23 08:05:42,931 [pool-267-thread-1] INFO  server.RaftServerConfigKeys (ConfUtils.java:logGet(46)) - raft.server.storage.dir = [/home/runner/work/ozone/ozone/hadoop-ozone/integration-test/target/test-dir/MiniOzoneClusterImpl-bf95872f-ab09-4fff-b473-e3afb8b37e70/datanode-2/data/ratis] (custom)
2023-03-23 08:05:42,931 [pool-267-thread-1] INFO  server.RaftServerConfigKeys (ConfUtils.java:logGet(46)) - raft.server.log.corruption.policy = EXCEPTION (default)
2023-03-23 08:05:42,931 [pool-267-thread-1] INFO  server.RaftServerConfigKeys (ConfUtils.java:logGet(46)) - raft.server.storage.free-space.min = 0MB (=0) (default)
2023-03-23 08:05:42,931 [pool-267-thread-1] INFO  server.RaftServerConfigKeys (ConfUtils.java:logGet(46)) - raft.server.notification.no-leader.timeout = 300s (custom)
2023-03-23 08:05:42,932 [pool-267-thread-1] INFO  server.RaftServerConfigKeys (ConfUtils.java:logGet(46)) - raft.server.retrycache.expirytime = 600000ms (custom)
2023-03-23 08:05:42,932 [pool-267-thread-1] INFO  server.RaftServerConfigKeys (ConfUtils.java:logGet(46)) - raft.server.retrycache.statistics.expirytime = 100μs (default)
2023-03-23 08:05:42,934 [pool-267-thread-1] INFO  server.RaftServerConfigKeys (ConfUtils.java:logGet(46)) - raft.server.log.appender.install.snapshot.enabled = false (custom)
2023-03-23 08:05:42,934 [pool-267-thread-1] INFO  server.RaftServerConfigKeys (ConfUtils.java:logGet(46)) - raft.server.threadpool.server.cached = true (default)
2023-03-23 08:05:42,934 [pool-267-thread-1] INFO  server.RaftServerConfigKeys (ConfUtils.java:logGet(46)) - raft.server.threadpool.server.size = 0 (default)
2023-03-23 08:05:42,935 [pool-267-thread-1] INFO  server.RaftServerConfigKeys (ConfUtils.java:logGet(46)) - raft.server.threadpool.client.cached = true (default)
2023-03-23 08:05:42,935 [pool-267-thread-1] INFO  server.RaftServerConfigKeys (ConfUtils.java:logGet(46)) - raft.server.threadpool.client.size = 0 (default)
2023-03-23 08:05:42,935 [pool-267-thread-1] INFO  storage.RaftStorageDirectory (RaftStorageDirectoryImpl.java:analyzeStorage(137)) - The storage directory /home/runner/work/ozone/ozone/hadoop-ozone/integration-test/target/test-dir/MiniOzoneClusterImpl-bf95872f-ab09-4fff-b473-e3afb8b37e70/datanode-2/data/ratis/69f24196-d01c-40cd-9020-a950a0dadb05 does not exist. Creating ...
2023-03-23 08:05:42,936 [pool-267-thread-1] INFO  storage.RaftStorageDirectory (RaftStorageDirectoryImpl.java:tryLock(231)) - Lock on /home/runner/work/ozone/ozone/hadoop-ozone/integration-test/target/test-dir/MiniOzoneClusterImpl-bf95872f-ab09-4fff-b473-e3afb8b37e70/datanode-2/data/ratis/69f24196-d01c-40cd-9020-a950a0dadb05/in_use.lock acquired by nodename 6812@fv-az105-497
2023-03-23 08:05:42,938 [pool-267-thread-1] INFO  storage.RaftStorage (RaftStorageImpl.java:format(96)) - Storage directory /home/runner/work/ozone/ozone/hadoop-ozone/integration-test/target/test-dir/MiniOzoneClusterImpl-bf95872f-ab09-4fff-b473-e3afb8b37e70/datanode-2/data/ratis/69f24196-d01c-40cd-9020-a950a0dadb05 has been successfully formatted.
2023-03-23 08:05:42,939 [pool-267-thread-1] INFO  ratis.ContainerStateMachine (ContainerStateMachine.java:loadSnapshot(262)) - group-A950A0DADB05: The snapshot info is null. Setting the last applied indexto:(t:0, i:~)
2023-03-23 08:05:42,939 [pool-267-thread-1] INFO  server.RaftServerConfigKeys (ConfUtils.java:logGet(46)) - raft.server.log.use.memory = false (default)
2023-03-23 08:05:42,939 [pool-267-thread-1] INFO  server.RaftServerConfigKeys (ConfUtils.java:logGet(46)) - raft.server.log.purge.gap = 1000000 (custom)
2023-03-23 08:05:42,939 [pool-267-thread-1] INFO  server.RaftServerConfigKeys (ConfUtils.java:logGet(46)) - raft.server.log.appender.buffer.byte-limit = 33554432 (custom)
2023-03-23 08:05:42,939 [pool-267-thread-1] INFO  server.RaftServerConfigKeys (ConfUtils.java:logGet(46)) - raft.server.log.statemachine.data.read.timeout = 1000ms (default)
2023-03-23 08:05:42,940 [pool-267-thread-1] INFO  server.RaftServerConfigKeys (ConfUtils.java:logGet(46)) - raft.server.log.purge.preservation.log.num = 0 (default)
2023-03-23 08:05:42,940 [pool-267-thread-1] INFO  server.RaftServerConfigKeys (ConfUtils.java:logGet(46)) - raft.server.log.segment.size.max = 1048576 (custom)
2023-03-23 08:05:42,940 [pool-267-thread-1] INFO  server.RaftServerConfigKeys (ConfUtils.java:logGet(46)) - raft.server.log.segment.cache.num.max = 2 (custom)
2023-03-23 08:05:42,940 [pool-267-thread-1] INFO  server.RaftServerConfigKeys (ConfUtils.java:logGet(46)) - raft.server.log.segment.cache.size.max = 200MB (=209715200) (default)
2023-03-23 08:05:42,940 [pool-267-thread-1] INFO  segmented.SegmentedRaftLogWorker (SegmentedRaftLogWorker.java:<init>(189)) - new 314195c6-23a8-4084-8433-e4a65193fa35@group-A950A0DADB05-SegmentedRaftLogWorker for RaftStorageImpl:Storage Directory /home/runner/work/ozone/ozone/hadoop-ozone/integration-test/target/test-dir/MiniOzoneClusterImpl-bf95872f-ab09-4fff-b473-e3afb8b37e70/datanode-2/data/ratis/69f24196-d01c-40cd-9020-a950a0dadb05
2023-03-23 08:05:42,940 [pool-267-thread-1] INFO  server.RaftServerConfigKeys (ConfUtils.java:logGet(46)) - raft.server.log.queue.byte-limit = 4294967296 (custom)
2023-03-23 08:05:42,940 [pool-267-thread-1] INFO  server.RaftServerConfigKeys (ConfUtils.java:logGet(46)) - raft.server.log.queue.element-limit = 1024 (custom)
2023-03-23 08:05:42,940 [pool-267-thread-1] INFO  server.RaftServerConfigKeys (ConfUtils.java:logGet(46)) - raft.server.log.segment.size.max = 1048576 (custom)
2023-03-23 08:05:42,940 [pool-267-thread-1] INFO  server.RaftServerConfigKeys (ConfUtils.java:logGet(46)) - raft.server.log.preallocated.size = 16384 (custom)
2023-03-23 08:05:42,941 [pool-267-thread-1] INFO  server.RaftServerConfigKeys (ConfUtils.java:logGet(46)) - raft.server.log.force.sync.num = 128 (default)
2023-03-23 08:05:42,941 [pool-267-thread-1] INFO  server.RaftServerConfigKeys (ConfUtils.java:logGet(46)) - raft.server.log.statemachine.data.sync = true (default)
2023-03-23 08:05:42,941 [pool-267-thread-1] INFO  server.RaftServerConfigKeys (ConfUtils.java:logGet(46)) - raft.server.log.statemachine.data.sync.timeout = 10s (default)
2023-03-23 08:05:42,941 [pool-267-thread-1] INFO  server.RaftServerConfigKeys (ConfUtils.java:logGet(46)) - raft.server.log.statemachine.data.sync.timeout.retry = -1 (default)
2023-03-23 08:05:42,941 [pool-267-thread-1] INFO  server.RaftServerConfigKeys (ConfUtils.java:logGet(46)) - raft.server.log.write.buffer.size = 1048576 (custom)
2023-03-23 08:05:42,942 [pool-267-thread-1] INFO  server.RaftServerConfigKeys (ConfUtils.java:logGet(46)) - raft.server.log.appender.buffer.byte-limit = 33554432 (custom)
2023-03-23 08:05:42,947 [pool-267-thread-1] INFO  server.RaftServerConfigKeys (ConfUtils.java:logGet(46)) - raft.server.log.unsafe-flush.enabled = false (default)
2023-03-23 08:05:42,947 [pool-267-thread-1] INFO  server.RaftServerConfigKeys (ConfUtils.java:logGet(46)) - raft.server.log.async-flush.enabled = false (default)
2023-03-23 08:05:42,948 [pool-267-thread-1] INFO  server.RaftServerConfigKeys (ConfUtils.java:logGet(46)) - raft.server.log.statemachine.data.caching.enabled = true (custom)
2023-03-23 08:05:42,948 [pool-267-thread-1] INFO  segmented.SegmentedRaftLogWorker (SegmentedRaftLogWorker.java:lambda$new$0(135)) - 314195c6-23a8-4084-8433-e4a65193fa35@group-A950A0DADB05-SegmentedRaftLogWorker: flushIndex: setUnconditionally 0 -> -1
2023-03-23 08:05:42,948 [pool-267-thread-1] INFO  segmented.SegmentedRaftLogWorker (SegmentedRaftLogWorker.java:lambda$new$0(135)) - 314195c6-23a8-4084-8433-e4a65193fa35@group-A950A0DADB05-SegmentedRaftLogWorker: safeCacheEvictIndex: setUnconditionally 0 -> -1
2023-03-23 08:05:42,948 [pool-267-thread-1] INFO  server.RaftServer$Division (RaftServerImpl.java:start(334)) - 314195c6-23a8-4084-8433-e4a65193fa35@group-A950A0DADB05: start as a follower, conf=-1: peers:[fd439516-60ae-42f5-a7e4-bbb84e8556dc|rpc:10.1.0.214:45913|dataStream:10.1.0.214:40121|priority:0|startupRole:FOLLOWER, 314195c6-23a8-4084-8433-e4a65193fa35|rpc:10.1.0.214:39131|dataStream:10.1.0.214:34107|priority:0|startupRole:FOLLOWER, 75faba44-0a9d-4b7a-8d49-daa003cae56d|rpc:10.1.0.214:41995|dataStream:10.1.0.214:35243|priority:1|startupRole:FOLLOWER]|listeners:[], old=null
2023-03-23 08:05:42,948 [pool-267-thread-1] INFO  server.RaftServer$Division (RaftServerImpl.java:setRole(321)) - 314195c6-23a8-4084-8433-e4a65193fa35@group-A950A0DADB05: changes role from      null to FOLLOWER at term 0 for startAsFollower
2023-03-23 08:05:42,948 [pool-267-thread-1] INFO  impl.RoleInfo (RoleInfo.java:updateAndGet(139)) - 314195c6-23a8-4084-8433-e4a65193fa35: start 314195c6-23a8-4084-8433-e4a65193fa35@group-A950A0DADB05-FollowerState
2023-03-23 08:05:42,948 [pool-267-thread-1] INFO  util.JmxRegister (JmxRegister.java:tryRegister(44)) - Successfully registered JMX Bean with object name Ratis:service=RaftServer,group=group-A950A0DADB05,id=314195c6-23a8-4084-8433-e4a65193fa35
2023-03-23 08:05:42,949 [pool-267-thread-1] INFO  server.RaftServerConfigKeys (ConfUtils.java:logGet(46)) - raft.server.snapshot.auto.trigger.enabled = true (custom)
2023-03-23 08:05:42,949 [pool-267-thread-1] INFO  server.RaftServerConfigKeys (ConfUtils.java:logGet(46)) - raft.server.snapshot.auto.trigger.threshold = 10000 (custom)
2023-03-23 08:05:42,949 [pool-267-thread-1] INFO  server.RaftServerConfigKeys (ConfUtils.java:logGet(46)) - raft.server.snapshot.retention.file.num = 5 (custom)
2023-03-23 08:05:42,949 [pool-267-thread-1] INFO  server.RaftServerConfigKeys (ConfUtils.java:logGet(46)) - raft.server.log.purge.upto.snapshot.index = false (default)
2023-03-23 08:05:42,954 [314195c6-23a8-4084-8433-e4a65193fa35@group-A950A0DADB05-FollowerState] INFO  server.RaftServerConfigKeys (ConfUtils.java:logFallback(53)) - raft.server.rpc.first-election.timeout.min = 5s (fallback to raft.server.rpc.timeout.min)
2023-03-23 08:05:42,957 [314195c6-23a8-4084-8433-e4a65193fa35@group-A950A0DADB05-FollowerState] INFO  server.RaftServerConfigKeys (ConfUtils.java:logFallback(53)) - raft.server.rpc.first-election.timeout.max = 5200ms (fallback to raft.server.rpc.timeout.max)
2023-03-23 08:05:42,957 [Command processor thread] INFO  commandhandler.CreatePipelineCommandHandler (CreatePipelineCommandHandler.java:handle(113)) - Created Pipeline RATIS THREE PipelineID=69f24196-d01c-40cd-9020-a950a0dadb05.
2023-03-23 08:05:42,999 [BlockDeletingService#2] INFO  interfaces.ContainerDeletionChoosingPolicyTemplate (ContainerDeletionChoosingPolicyTemplate.java:chooseContainerForBlockDeletion(83)) - Chosen 0/5000 blocks from 0 candidate containers.
2023-03-23 08:05:43,006 [BlockDeletingService#2] INFO  interfaces.ContainerDeletionChoosingPolicyTemplate (ContainerDeletionChoosingPolicyTemplate.java:chooseContainerForBlockDeletion(83)) - Chosen 0/5000 blocks from 0 candidate containers.
2023-03-23 08:05:43,006 [BlockDeletingService#2] INFO  interfaces.ContainerDeletionChoosingPolicyTemplate (ContainerDeletionChoosingPolicyTemplate.java:chooseContainerForBlockDeletion(83)) - Chosen 0/5000 blocks from 0 candidate containers.
2023-03-23 08:05:43,099 [BlockDeletingService#2] INFO  interfaces.ContainerDeletionChoosingPolicyTemplate (ContainerDeletionChoosingPolicyTemplate.java:chooseContainerForBlockDeletion(83)) - Chosen 0/5000 blocks from 0 candidate containers.
2023-03-23 08:05:43,106 [BlockDeletingService#2] INFO  interfaces.ContainerDeletionChoosingPolicyTemplate (ContainerDeletionChoosingPolicyTemplate.java:chooseContainerForBlockDeletion(83)) - Chosen 0/5000 blocks from 0 candidate containers.
2023-03-23 08:05:43,107 [BlockDeletingService#2] INFO  interfaces.ContainerDeletionChoosingPolicyTemplate (ContainerDeletionChoosingPolicyTemplate.java:chooseContainerForBlockDeletion(83)) - Chosen 0/5000 blocks from 0 candidate containers.
2023-03-23 08:05:43,200 [BlockDeletingService#2] INFO  interfaces.ContainerDeletionChoosingPolicyTemplate (ContainerDeletionChoosingPolicyTemplate.java:chooseContainerForBlockDeletion(83)) - Chosen 0/5000 blocks from 0 candidate containers.
2023-03-23 08:05:43,206 [BlockDeletingService#2] INFO  interfaces.ContainerDeletionChoosingPolicyTemplate (ContainerDeletionChoosingPolicyTemplate.java:chooseContainerForBlockDeletion(83)) - Chosen 0/5000 blocks from 0 candidate containers.
2023-03-23 08:05:43,207 [BlockDeletingService#2] INFO  interfaces.ContainerDeletionChoosingPolicyTemplate (ContainerDeletionChoosingPolicyTemplate.java:chooseContainerForBlockDeletion(83)) - Chosen 0/5000 blocks from 0 candidate containers.
2023-03-23 08:05:43,300 [BlockDeletingService#2] INFO  interfaces.ContainerDeletionChoosingPolicyTemplate (ContainerDeletionChoosingPolicyTemplate.java:chooseContainerForBlockDeletion(83)) - Chosen 0/5000 blocks from 0 candidate containers.
2023-03-23 08:05:43,306 [BlockDeletingService#2] INFO  interfaces.ContainerDeletionChoosingPolicyTemplate (ContainerDeletionChoosingPolicyTemplate.java:chooseContainerForBlockDeletion(83)) - Chosen 0/5000 blocks from 0 candidate containers.
2023-03-23 08:05:43,307 [BlockDeletingService#2] INFO  interfaces.ContainerDeletionChoosingPolicyTemplate (ContainerDeletionChoosingPolicyTemplate.java:chooseContainerForBlockDeletion(83)) - Chosen 0/5000 blocks from 0 candidate containers.
2023-03-23 08:05:43,400 [BlockDeletingService#2] INFO  interfaces.ContainerDeletionChoosingPolicyTemplate (ContainerDeletionChoosingPolicyTemplate.java:chooseContainerForBlockDeletion(83)) - Chosen 0/5000 blocks from 0 candidate containers.
2023-03-23 08:05:43,406 [BlockDeletingService#2] INFO  interfaces.ContainerDeletionChoosingPolicyTemplate (ContainerDeletionChoosingPolicyTemplate.java:chooseContainerForBlockDeletion(83)) - Chosen 0/5000 blocks from 0 candidate containers.
2023-03-23 08:05:43,407 [BlockDeletingService#2] INFO  interfaces.ContainerDeletionChoosingPolicyTemplate (ContainerDeletionChoosingPolicyTemplate.java:chooseContainerForBlockDeletion(83)) - Chosen 0/5000 blocks from 0 candidate containers.
2023-03-23 08:05:43,500 [BlockDeletingService#2] INFO  interfaces.ContainerDeletionChoosingPolicyTemplate (ContainerDeletionChoosingPolicyTemplate.java:chooseContainerForBlockDeletion(83)) - Chosen 0/5000 blocks from 0 candidate containers.
2023-03-23 08:05:43,507 [BlockDeletingService#2] INFO  interfaces.ContainerDeletionChoosingPolicyTemplate (ContainerDeletionChoosingPolicyTemplate.java:chooseContainerForBlockDeletion(83)) - Chosen 0/5000 blocks from 0 candidate containers.
2023-03-23 08:05:43,507 [BlockDeletingService#2] INFO  interfaces.ContainerDeletionChoosingPolicyTemplate (ContainerDeletionChoosingPolicyTemplate.java:chooseContainerForBlockDeletion(83)) - Chosen 0/5000 blocks from 0 candidate containers.
2023-03-23 08:05:43,601 [BlockDeletingService#2] INFO  interfaces.ContainerDeletionChoosingPolicyTemplate (ContainerDeletionChoosingPolicyTemplate.java:chooseContainerForBlockDeletion(83)) - Chosen 0/5000 blocks from 0 candidate containers.
2023-03-23 08:05:43,607 [BlockDeletingService#2] INFO  interfaces.ContainerDeletionChoosingPolicyTemplate (ContainerDeletionChoosingPolicyTemplate.java:chooseContainerForBlockDeletion(83)) - Chosen 0/5000 blocks from 0 candidate containers.
2023-03-23 08:05:43,607 [BlockDeletingService#2] INFO  interfaces.ContainerDeletionChoosingPolicyTemplate (ContainerDeletionChoosingPolicyTemplate.java:chooseContainerForBlockDeletion(83)) - Chosen 0/5000 blocks from 0 candidate containers.
2023-03-23 08:05:43,701 [BlockDeletingService#2] INFO  interfaces.ContainerDeletionChoosingPolicyTemplate (ContainerDeletionChoosingPolicyTemplate.java:chooseContainerForBlockDeletion(83)) - Chosen 0/5000 blocks from 0 candidate containers.
2023-03-23 08:05:43,707 [BlockDeletingService#2] INFO  interfaces.ContainerDeletionChoosingPolicyTemplate (ContainerDeletionChoosingPolicyTemplate.java:chooseContainerForBlockDeletion(83)) - Chosen 0/5000 blocks from 0 candidate containers.
2023-03-23 08:05:43,708 [BlockDeletingService#2] INFO  interfaces.ContainerDeletionChoosingPolicyTemplate (ContainerDeletionChoosingPolicyTemplate.java:chooseContainerForBlockDeletion(83)) - Chosen 0/5000 blocks from 0 candidate containers.
2023-03-23 08:05:43,801 [BlockDeletingService#2] INFO  interfaces.ContainerDeletionChoosingPolicyTemplate (ContainerDeletionChoosingPolicyTemplate.java:chooseContainerForBlockDeletion(83)) - Chosen 0/5000 blocks from 0 candidate containers.
2023-03-23 08:05:43,807 [BlockDeletingService#2] INFO  interfaces.ContainerDeletionChoosingPolicyTemplate (ContainerDeletionChoosingPolicyTemplate.java:chooseContainerForBlockDeletion(83)) - Chosen 0/5000 blocks from 0 candidate containers.
2023-03-23 08:05:43,808 [BlockDeletingService#2] INFO  interfaces.ContainerDeletionChoosingPolicyTemplate (ContainerDeletionChoosingPolicyTemplate.java:chooseContainerForBlockDeletion(83)) - Chosen 0/5000 blocks from 0 candidate containers.
2023-03-23 08:05:43,889 [Listener at 127.0.0.1/36689] INFO  ozone.MiniOzoneClusterImpl (MiniOzoneClusterImpl.java:lambda$waitForClusterToBeReady$0(222)) - Nodes are ready. Got 3 of 3 DN Heartbeats.
2023-03-23 08:05:43,889 [Listener at 127.0.0.1/36689] INFO  ozone.MiniOzoneClusterImpl (MiniOzoneClusterImpl.java:lambda$waitForClusterToBeReady$0(225)) - Waiting for cluster to exit safe mode
2023-03-23 08:05:43,890 [Listener at 127.0.0.1/36689] INFO  ozone.MiniOzoneClusterImpl (MiniOzoneClusterImpl.java:lambda$waitForClusterToBeReady$0(227)) - SCM became leader
2023-03-23 08:05:43,901 [BlockDeletingService#2] INFO  interfaces.ContainerDeletionChoosingPolicyTemplate (ContainerDeletionChoosingPolicyTemplate.java:chooseContainerForBlockDeletion(83)) - Chosen 0/5000 blocks from 0 candidate containers.
2023-03-23 08:05:43,907 [BlockDeletingService#2] INFO  interfaces.ContainerDeletionChoosingPolicyTemplate (ContainerDeletionChoosingPolicyTemplate.java:chooseContainerForBlockDeletion(83)) - Chosen 0/5000 blocks from 0 candidate containers.
2023-03-23 08:05:43,908 [BlockDeletingService#2] INFO  interfaces.ContainerDeletionChoosingPolicyTemplate (ContainerDeletionChoosingPolicyTemplate.java:chooseContainerForBlockDeletion(83)) - Chosen 0/5000 blocks from 0 candidate containers.
2023-03-23 08:05:44,002 [BlockDeletingService#2] INFO  interfaces.ContainerDeletionChoosingPolicyTemplate (ContainerDeletionChoosingPolicyTemplate.java:chooseContainerForBlockDeletion(83)) - Chosen 0/5000 blocks from 0 candidate containers.
2023-03-23 08:05:44,008 [BlockDeletingService#2] INFO  interfaces.ContainerDeletionChoosingPolicyTemplate (ContainerDeletionChoosingPolicyTemplate.java:chooseContainerForBlockDeletion(83)) - Chosen 0/5000 blocks from 0 candidate containers.
2023-03-23 08:05:44,008 [BlockDeletingService#2] INFO  interfaces.ContainerDeletionChoosingPolicyTemplate (ContainerDeletionChoosingPolicyTemplate.java:chooseContainerForBlockDeletion(83)) - Chosen 0/5000 blocks from 0 candidate containers.
2023-03-23 08:05:44,102 [BlockDeletingService#2] INFO  interfaces.ContainerDeletionChoosingPolicyTemplate (ContainerDeletionChoosingPolicyTemplate.java:chooseContainerForBlockDeletion(83)) - Chosen 0/5000 blocks from 0 candidate containers.
2023-03-23 08:05:44,108 [BlockDeletingService#2] INFO  interfaces.ContainerDeletionChoosingPolicyTemplate (ContainerDeletionChoosingPolicyTemplate.java:chooseContainerForBlockDeletion(83)) - Chosen 0/5000 blocks from 0 candidate containers.
2023-03-23 08:05:44,108 [BlockDeletingService#2] INFO  interfaces.ContainerDeletionChoosingPolicyTemplate (ContainerDeletionChoosingPolicyTemplate.java:chooseContainerForBlockDeletion(83)) - Chosen 0/5000 blocks from 0 candidate containers.
2023-03-23 08:05:44,202 [BlockDeletingService#2] INFO  interfaces.ContainerDeletionChoosingPolicyTemplate (ContainerDeletionChoosingPolicyTemplate.java:chooseContainerForBlockDeletion(83)) - Chosen 0/5000 blocks from 0 candidate containers.
2023-03-23 08:05:44,208 [BlockDeletingService#2] INFO  interfaces.ContainerDeletionChoosingPolicyTemplate (ContainerDeletionChoosingPolicyTemplate.java:chooseContainerForBlockDeletion(83)) - Chosen 0/5000 blocks from 0 candidate containers.
2023-03-23 08:05:44,208 [BlockDeletingService#2] INFO  interfaces.ContainerDeletionChoosingPolicyTemplate (ContainerDeletionChoosingPolicyTemplate.java:chooseContainerForBlockDeletion(83)) - Chosen 0/5000 blocks from 0 candidate containers.
2023-03-23 08:05:44,308 [BlockDeletingService#2] INFO  interfaces.ContainerDeletionChoosingPolicyTemplate (ContainerDeletionChoosingPolicyTemplate.java:chooseContainerForBlockDeletion(83)) - Chosen 0/5000 blocks from 0 candidate containers.
2023-03-23 08:05:44,312 [BlockDeletingService#2] INFO  interfaces.ContainerDeletionChoosingPolicyTemplate (ContainerDeletionChoosingPolicyTemplate.java:chooseContainerForBlockDeletion(83)) - Chosen 0/5000 blocks from 0 candidate containers.
2023-03-23 08:05:44,317 [BlockDeletingService#2] INFO  interfaces.ContainerDeletionChoosingPolicyTemplate (ContainerDeletionChoosingPolicyTemplate.java:chooseContainerForBlockDeletion(83)) - Chosen 0/5000 blocks from 0 candidate containers.
2023-03-23 08:05:44,412 [BlockDeletingService#2] INFO  interfaces.ContainerDeletionChoosingPolicyTemplate (ContainerDeletionChoosingPolicyTemplate.java:chooseContainerForBlockDeletion(83)) - Chosen 0/5000 blocks from 0 candidate containers.
2023-03-23 08:05:44,415 [BlockDeletingService#2] INFO  interfaces.ContainerDeletionChoosingPolicyTemplate (ContainerDeletionChoosingPolicyTemplate.java:chooseContainerForBlockDeletion(83)) - Chosen 0/5000 blocks from 0 candidate containers.
2023-03-23 08:05:44,417 [BlockDeletingService#2] INFO  interfaces.ContainerDeletionChoosingPolicyTemplate (ContainerDeletionChoosingPolicyTemplate.java:chooseContainerForBlockDeletion(83)) - Chosen 0/5000 blocks from 0 candidate containers.
2023-03-23 08:05:44,513 [BlockDeletingService#2] INFO  interfaces.ContainerDeletionChoosingPolicyTemplate (ContainerDeletionChoosingPolicyTemplate.java:chooseContainerForBlockDeletion(83)) - Chosen 0/5000 blocks from 0 candidate containers.
2023-03-23 08:05:44,515 [BlockDeletingService#2] INFO  interfaces.ContainerDeletionChoosingPolicyTemplate (ContainerDeletionChoosingPolicyTemplate.java:chooseContainerForBlockDeletion(83)) - Chosen 0/5000 blocks from 0 candidate containers.
2023-03-23 08:05:44,518 [BlockDeletingService#2] INFO  interfaces.ContainerDeletionChoosingPolicyTemplate (ContainerDeletionChoosingPolicyTemplate.java:chooseContainerForBlockDeletion(83)) - Chosen 0/5000 blocks from 0 candidate containers.
2023-03-23 08:05:44,613 [BlockDeletingService#2] INFO  interfaces.ContainerDeletionChoosingPolicyTemplate (ContainerDeletionChoosingPolicyTemplate.java:chooseContainerForBlockDeletion(83)) - Chosen 0/5000 blocks from 0 candidate containers.
2023-03-23 08:05:44,615 [BlockDeletingService#2] INFO  interfaces.ContainerDeletionChoosingPolicyTemplate (ContainerDeletionChoosingPolicyTemplate.java:chooseContainerForBlockDeletion(83)) - Chosen 0/5000 blocks from 0 candidate containers.
2023-03-23 08:05:44,618 [BlockDeletingService#2] INFO  interfaces.ContainerDeletionChoosingPolicyTemplate (ContainerDeletionChoosingPolicyTemplate.java:chooseContainerForBlockDeletion(83)) - Chosen 0/5000 blocks from 0 candidate containers.
2023-03-23 08:05:44,713 [BlockDeletingService#2] INFO  interfaces.ContainerDeletionChoosingPolicyTemplate (ContainerDeletionChoosingPolicyTemplate.java:chooseContainerForBlockDeletion(83)) - Chosen 0/5000 blocks from 0 candidate containers.
2023-03-23 08:05:44,716 [BlockDeletingService#2] INFO  interfaces.ContainerDeletionChoosingPolicyTemplate (ContainerDeletionChoosingPolicyTemplate.java:chooseContainerForBlockDeletion(83)) - Chosen 0/5000 blocks from 0 candidate containers.
2023-03-23 08:05:44,718 [BlockDeletingService#2] INFO  interfaces.ContainerDeletionChoosingPolicyTemplate (ContainerDeletionChoosingPolicyTemplate.java:chooseContainerForBlockDeletion(83)) - Chosen 0/5000 blocks from 0 candidate containers.
2023-03-23 08:05:44,814 [BlockDeletingService#2] INFO  interfaces.ContainerDeletionChoosingPolicyTemplate (ContainerDeletionChoosingPolicyTemplate.java:chooseContainerForBlockDeletion(83)) - Chosen 0/5000 blocks from 0 candidate containers.
2023-03-23 08:05:44,816 [BlockDeletingService#2] INFO  interfaces.ContainerDeletionChoosingPolicyTemplate (ContainerDeletionChoosingPolicyTemplate.java:chooseContainerForBlockDeletion(83)) - Chosen 0/5000 blocks from 0 candidate containers.
2023-03-23 08:05:44,818 [BlockDeletingService#2] INFO  interfaces.ContainerDeletionChoosingPolicyTemplate (ContainerDeletionChoosingPolicyTemplate.java:chooseContainerForBlockDeletion(83)) - Chosen 0/5000 blocks from 0 candidate containers.
2023-03-23 08:05:44,890 [Listener at 127.0.0.1/36689] INFO  ozone.MiniOzoneClusterImpl (MiniOzoneClusterImpl.java:lambda$waitForClusterToBeReady$0(222)) - Nodes are ready. Got 3 of 3 DN Heartbeats.
2023-03-23 08:05:44,890 [Listener at 127.0.0.1/36689] INFO  ozone.MiniOzoneClusterImpl (MiniOzoneClusterImpl.java:lambda$waitForClusterToBeReady$0(225)) - Waiting for cluster to exit safe mode
2023-03-23 08:05:44,890 [Listener at 127.0.0.1/36689] INFO  ozone.MiniOzoneClusterImpl (MiniOzoneClusterImpl.java:lambda$waitForClusterToBeReady$0(227)) - SCM became leader
2023-03-23 08:05:44,915 [BlockDeletingService#2] INFO  interfaces.ContainerDeletionChoosingPolicyTemplate (ContainerDeletionChoosingPolicyTemplate.java:chooseContainerForBlockDeletion(83)) - Chosen 0/5000 blocks from 0 candidate containers.
2023-03-23 08:05:44,916 [BlockDeletingService#2] INFO  interfaces.ContainerDeletionChoosingPolicyTemplate (ContainerDeletionChoosingPolicyTemplate.java:chooseContainerForBlockDeletion(83)) - Chosen 0/5000 blocks from 0 candidate containers.
2023-03-23 08:05:44,918 [BlockDeletingService#2] INFO  interfaces.ContainerDeletionChoosingPolicyTemplate (ContainerDeletionChoosingPolicyTemplate.java:chooseContainerForBlockDeletion(83)) - Chosen 0/5000 blocks from 0 candidate containers.
2023-03-23 08:05:45,015 [BlockDeletingService#2] INFO  interfaces.ContainerDeletionChoosingPolicyTemplate (ContainerDeletionChoosingPolicyTemplate.java:chooseContainerForBlockDeletion(83)) - Chosen 0/5000 blocks from 0 candidate containers.
2023-03-23 08:05:45,016 [BlockDeletingService#2] INFO  interfaces.ContainerDeletionChoosingPolicyTemplate (ContainerDeletionChoosingPolicyTemplate.java:chooseContainerForBlockDeletion(83)) - Chosen 0/5000 blocks from 0 candidate containers.
2023-03-23 08:05:45,018 [BlockDeletingService#2] INFO  interfaces.ContainerDeletionChoosingPolicyTemplate (ContainerDeletionChoosingPolicyTemplate.java:chooseContainerForBlockDeletion(83)) - Chosen 0/5000 blocks from 0 candidate containers.
2023-03-23 08:05:45,115 [BlockDeletingService#2] INFO  interfaces.ContainerDeletionChoosingPolicyTemplate (ContainerDeletionChoosingPolicyTemplate.java:chooseContainerForBlockDeletion(83)) - Chosen 0/5000 blocks from 0 candidate containers.
2023-03-23 08:05:45,117 [BlockDeletingService#2] INFO  interfaces.ContainerDeletionChoosingPolicyTemplate (ContainerDeletionChoosingPolicyTemplate.java:chooseContainerForBlockDeletion(83)) - Chosen 0/5000 blocks from 0 candidate containers.
2023-03-23 08:05:45,119 [BlockDeletingService#2] INFO  interfaces.ContainerDeletionChoosingPolicyTemplate (ContainerDeletionChoosingPolicyTemplate.java:chooseContainerForBlockDeletion(83)) - Chosen 0/5000 blocks from 0 candidate containers.
2023-03-23 08:05:45,215 [BlockDeletingService#2] INFO  interfaces.ContainerDeletionChoosingPolicyTemplate (ContainerDeletionChoosingPolicyTemplate.java:chooseContainerForBlockDeletion(83)) - Chosen 0/5000 blocks from 0 candidate containers.
2023-03-23 08:05:45,217 [BlockDeletingService#2] INFO  interfaces.ContainerDeletionChoosingPolicyTemplate (ContainerDeletionChoosingPolicyTemplate.java:chooseContainerForBlockDeletion(83)) - Chosen 0/5000 blocks from 0 candidate containers.
2023-03-23 08:05:45,219 [BlockDeletingService#2] INFO  interfaces.ContainerDeletionChoosingPolicyTemplate (ContainerDeletionChoosingPolicyTemplate.java:chooseContainerForBlockDeletion(83)) - Chosen 0/5000 blocks from 0 candidate containers.
2023-03-23 08:05:45,316 [BlockDeletingService#2] INFO  interfaces.ContainerDeletionChoosingPolicyTemplate (ContainerDeletionChoosingPolicyTemplate.java:chooseContainerForBlockDeletion(83)) - Chosen 0/5000 blocks from 0 candidate containers.
2023-03-23 08:05:45,317 [BlockDeletingService#2] INFO  interfaces.ContainerDeletionChoosingPolicyTemplate (ContainerDeletionChoosingPolicyTemplate.java:chooseContainerForBlockDeletion(83)) - Chosen 0/5000 blocks from 0 candidate containers.
2023-03-23 08:05:45,319 [BlockDeletingService#2] INFO  interfaces.ContainerDeletionChoosingPolicyTemplate (ContainerDeletionChoosingPolicyTemplate.java:chooseContainerForBlockDeletion(83)) - Chosen 0/5000 blocks from 0 candidate containers.
2023-03-23 08:05:45,416 [BlockDeletingService#2] INFO  interfaces.ContainerDeletionChoosingPolicyTemplate (ContainerDeletionChoosingPolicyTemplate.java:chooseContainerForBlockDeletion(83)) - Chosen 0/5000 blocks from 0 candidate containers.
2023-03-23 08:05:45,417 [BlockDeletingService#2] INFO  interfaces.ContainerDeletionChoosingPolicyTemplate (ContainerDeletionChoosingPolicyTemplate.java:chooseContainerForBlockDeletion(83)) - Chosen 0/5000 blocks from 0 candidate containers.
2023-03-23 08:05:45,419 [BlockDeletingService#2] INFO  interfaces.ContainerDeletionChoosingPolicyTemplate (ContainerDeletionChoosingPolicyTemplate.java:chooseContainerForBlockDeletion(83)) - Chosen 0/5000 blocks from 0 candidate containers.
2023-03-23 08:05:45,516 [BlockDeletingService#2] INFO  interfaces.ContainerDeletionChoosingPolicyTemplate (ContainerDeletionChoosingPolicyTemplate.java:chooseContainerForBlockDeletion(83)) - Chosen 0/5000 blocks from 0 candidate containers.
2023-03-23 08:05:45,517 [BlockDeletingService#2] INFO  interfaces.ContainerDeletionChoosingPolicyTemplate (ContainerDeletionChoosingPolicyTemplate.java:chooseContainerForBlockDeletion(83)) - Chosen 0/5000 blocks from 0 candidate containers.
2023-03-23 08:05:45,519 [BlockDeletingService#2] INFO  interfaces.ContainerDeletionChoosingPolicyTemplate (ContainerDeletionChoosingPolicyTemplate.java:chooseContainerForBlockDeletion(83)) - Chosen 0/5000 blocks from 0 candidate containers.
2023-03-23 08:05:45,617 [BlockDeletingService#2] INFO  interfaces.ContainerDeletionChoosingPolicyTemplate (ContainerDeletionChoosingPolicyTemplate.java:chooseContainerForBlockDeletion(83)) - Chosen 0/5000 blocks from 0 candidate containers.
2023-03-23 08:05:45,618 [BlockDeletingService#2] INFO  interfaces.ContainerDeletionChoosingPolicyTemplate (ContainerDeletionChoosingPolicyTemplate.java:chooseContainerForBlockDeletion(83)) - Chosen 0/5000 blocks from 0 candidate containers.
2023-03-23 08:05:45,619 [BlockDeletingService#2] INFO  interfaces.ContainerDeletionChoosingPolicyTemplate (ContainerDeletionChoosingPolicyTemplate.java:chooseContainerForBlockDeletion(83)) - Chosen 0/5000 blocks from 0 candidate containers.
2023-03-23 08:05:45,717 [BlockDeletingService#2] INFO  interfaces.ContainerDeletionChoosingPolicyTemplate (ContainerDeletionChoosingPolicyTemplate.java:chooseContainerForBlockDeletion(83)) - Chosen 0/5000 blocks from 0 candidate containers.
2023-03-23 08:05:45,718 [BlockDeletingService#2] INFO  interfaces.ContainerDeletionChoosingPolicyTemplate (ContainerDeletionChoosingPolicyTemplate.java:chooseContainerForBlockDeletion(83)) - Chosen 0/5000 blocks from 0 candidate containers.
2023-03-23 08:05:45,720 [BlockDeletingService#2] INFO  interfaces.ContainerDeletionChoosingPolicyTemplate (ContainerDeletionChoosingPolicyTemplate.java:chooseContainerForBlockDeletion(83)) - Chosen 0/5000 blocks from 0 candidate containers.
2023-03-23 08:05:45,817 [BlockDeletingService#2] INFO  interfaces.ContainerDeletionChoosingPolicyTemplate (ContainerDeletionChoosingPolicyTemplate.java:chooseContainerForBlockDeletion(83)) - Chosen 0/5000 blocks from 0 candidate containers.
2023-03-23 08:05:45,818 [BlockDeletingService#2] INFO  interfaces.ContainerDeletionChoosingPolicyTemplate (ContainerDeletionChoosingPolicyTemplate.java:chooseContainerForBlockDeletion(83)) - Chosen 0/5000 blocks from 0 candidate containers.
2023-03-23 08:05:45,820 [BlockDeletingService#2] INFO  interfaces.ContainerDeletionChoosingPolicyTemplate (ContainerDeletionChoosingPolicyTemplate.java:chooseContainerForBlockDeletion(83)) - Chosen 0/5000 blocks from 0 candidate containers.
2023-03-23 08:05:45,891 [Listener at 127.0.0.1/36689] INFO  ozone.MiniOzoneClusterImpl (MiniOzoneClusterImpl.java:lambda$waitForClusterToBeReady$0(222)) - Nodes are ready. Got 3 of 3 DN Heartbeats.
2023-03-23 08:05:45,891 [Listener at 127.0.0.1/36689] INFO  ozone.MiniOzoneClusterImpl (MiniOzoneClusterImpl.java:lambda$waitForClusterToBeReady$0(225)) - Waiting for cluster to exit safe mode
2023-03-23 08:05:45,891 [Listener at 127.0.0.1/36689] INFO  ozone.MiniOzoneClusterImpl (MiniOzoneClusterImpl.java:lambda$waitForClusterToBeReady$0(227)) - SCM became leader
2023-03-23 08:05:45,918 [BlockDeletingService#2] INFO  interfaces.ContainerDeletionChoosingPolicyTemplate (ContainerDeletionChoosingPolicyTemplate.java:chooseContainerForBlockDeletion(83)) - Chosen 0/5000 blocks from 0 candidate containers.
2023-03-23 08:05:45,918 [BlockDeletingService#2] INFO  interfaces.ContainerDeletionChoosingPolicyTemplate (ContainerDeletionChoosingPolicyTemplate.java:chooseContainerForBlockDeletion(83)) - Chosen 0/5000 blocks from 0 candidate containers.
2023-03-23 08:05:45,920 [BlockDeletingService#2] INFO  interfaces.ContainerDeletionChoosingPolicyTemplate (ContainerDeletionChoosingPolicyTemplate.java:chooseContainerForBlockDeletion(83)) - Chosen 0/5000 blocks from 0 candidate containers.
2023-03-23 08:05:46,018 [BlockDeletingService#2] INFO  interfaces.ContainerDeletionChoosingPolicyTemplate (ContainerDeletionChoosingPolicyTemplate.java:chooseContainerForBlockDeletion(83)) - Chosen 0/5000 blocks from 0 candidate containers.
2023-03-23 08:05:46,018 [BlockDeletingService#2] INFO  interfaces.ContainerDeletionChoosingPolicyTemplate (ContainerDeletionChoosingPolicyTemplate.java:chooseContainerForBlockDeletion(83)) - Chosen 0/5000 blocks from 0 candidate containers.
2023-03-23 08:05:46,020 [BlockDeletingService#2] INFO  interfaces.ContainerDeletionChoosingPolicyTemplate (ContainerDeletionChoosingPolicyTemplate.java:chooseContainerForBlockDeletion(83)) - Chosen 0/5000 blocks from 0 candidate containers.
2023-03-23 08:05:46,118 [BlockDeletingService#2] INFO  interfaces.ContainerDeletionChoosingPolicyTemplate (ContainerDeletionChoosingPolicyTemplate.java:chooseContainerForBlockDeletion(83)) - Chosen 0/5000 blocks from 0 candidate containers.
2023-03-23 08:05:46,119 [BlockDeletingService#2] INFO  interfaces.ContainerDeletionChoosingPolicyTemplate (ContainerDeletionChoosingPolicyTemplate.java:chooseContainerForBlockDeletion(83)) - Chosen 0/5000 blocks from 0 candidate containers.
2023-03-23 08:05:46,120 [BlockDeletingService#2] INFO  interfaces.ContainerDeletionChoosingPolicyTemplate (ContainerDeletionChoosingPolicyTemplate.java:chooseContainerForBlockDeletion(83)) - Chosen 0/5000 blocks from 0 candidate containers.
2023-03-23 08:05:46,219 [BlockDeletingService#2] INFO  interfaces.ContainerDeletionChoosingPolicyTemplate (ContainerDeletionChoosingPolicyTemplate.java:chooseContainerForBlockDeletion(83)) - Chosen 0/5000 blocks from 0 candidate containers.
2023-03-23 08:05:46,219 [BlockDeletingService#2] INFO  interfaces.ContainerDeletionChoosingPolicyTemplate (ContainerDeletionChoosingPolicyTemplate.java:chooseContainerForBlockDeletion(83)) - Chosen 0/5000 blocks from 0 candidate containers.
2023-03-23 08:05:46,221 [BlockDeletingService#2] INFO  interfaces.ContainerDeletionChoosingPolicyTemplate (ContainerDeletionChoosingPolicyTemplate.java:chooseContainerForBlockDeletion(83)) - Chosen 0/5000 blocks from 0 candidate containers.
2023-03-23 08:05:46,319 [BlockDeletingService#2] INFO  interfaces.ContainerDeletionChoosingPolicyTemplate (ContainerDeletionChoosingPolicyTemplate.java:chooseContainerForBlockDeletion(83)) - Chosen 0/5000 blocks from 0 candidate containers.
2023-03-23 08:05:46,319 [BlockDeletingService#2] INFO  interfaces.ContainerDeletionChoosingPolicyTemplate (ContainerDeletionChoosingPolicyTemplate.java:chooseContainerForBlockDeletion(83)) - Chosen 0/5000 blocks from 0 candidate containers.
2023-03-23 08:05:46,321 [BlockDeletingService#2] INFO  interfaces.ContainerDeletionChoosingPolicyTemplate (ContainerDeletionChoosingPolicyTemplate.java:chooseContainerForBlockDeletion(83)) - Chosen 0/5000 blocks from 0 candidate containers.
2023-03-23 08:05:46,419 [BlockDeletingService#2] INFO  interfaces.ContainerDeletionChoosingPolicyTemplate (ContainerDeletionChoosingPolicyTemplate.java:chooseContainerForBlockDeletion(83)) - Chosen 0/5000 blocks from 0 candidate containers.
2023-03-23 08:05:46,419 [BlockDeletingService#2] INFO  interfaces.ContainerDeletionChoosingPolicyTemplate (ContainerDeletionChoosingPolicyTemplate.java:chooseContainerForBlockDeletion(83)) - Chosen 0/5000 blocks from 0 candidate containers.
2023-03-23 08:05:46,421 [BlockDeletingService#2] INFO  interfaces.ContainerDeletionChoosingPolicyTemplate (ContainerDeletionChoosingPolicyTemplate.java:chooseContainerForBlockDeletion(83)) - Chosen 0/5000 blocks from 0 candidate containers.
2023-03-23 08:05:46,520 [BlockDeletingService#2] INFO  interfaces.ContainerDeletionChoosingPolicyTemplate (ContainerDeletionChoosingPolicyTemplate.java:chooseContainerForBlockDeletion(83)) - Chosen 0/5000 blocks from 0 candidate containers.
2023-03-23 08:05:46,520 [BlockDeletingService#2] INFO  interfaces.ContainerDeletionChoosingPolicyTemplate (ContainerDeletionChoosingPolicyTemplate.java:chooseContainerForBlockDeletion(83)) - Chosen 0/5000 blocks from 0 candidate containers.
2023-03-23 08:05:46,521 [BlockDeletingService#2] INFO  interfaces.ContainerDeletionChoosingPolicyTemplate (ContainerDeletionChoosingPolicyTemplate.java:chooseContainerForBlockDeletion(83)) - Chosen 0/5000 blocks from 0 candidate containers.
2023-03-23 08:05:46,620 [BlockDeletingService#2] INFO  interfaces.ContainerDeletionChoosingPolicyTemplate (ContainerDeletionChoosingPolicyTemplate.java:chooseContainerForBlockDeletion(83)) - Chosen 0/5000 blocks from 0 candidate containers.
2023-03-23 08:05:46,620 [BlockDeletingService#2] INFO  interfaces.ContainerDeletionChoosingPolicyTemplate (ContainerDeletionChoosingPolicyTemplate.java:chooseContainerForBlockDeletion(83)) - Chosen 0/5000 blocks from 0 candidate containers.
2023-03-23 08:05:46,621 [BlockDeletingService#2] INFO  interfaces.ContainerDeletionChoosingPolicyTemplate (ContainerDeletionChoosingPolicyTemplate.java:chooseContainerForBlockDeletion(83)) - Chosen 0/5000 blocks from 0 candidate containers.
2023-03-23 08:05:46,720 [BlockDeletingService#2] INFO  interfaces.ContainerDeletionChoosingPolicyTemplate (ContainerDeletionChoosingPolicyTemplate.java:chooseContainerForBlockDeletion(83)) - Chosen 0/5000 blocks from 0 candidate containers.
2023-03-23 08:05:46,720 [BlockDeletingService#2] INFO  interfaces.ContainerDeletionChoosingPolicyTemplate (ContainerDeletionChoosingPolicyTemplate.java:chooseContainerForBlockDeletion(83)) - Chosen 0/5000 blocks from 0 candidate containers.
2023-03-23 08:05:46,721 [BlockDeletingService#2] INFO  interfaces.ContainerDeletionChoosingPolicyTemplate (ContainerDeletionChoosingPolicyTemplate.java:chooseContainerForBlockDeletion(83)) - Chosen 0/5000 blocks from 0 candidate containers.
2023-03-23 08:05:46,821 [BlockDeletingService#2] INFO  interfaces.ContainerDeletionChoosingPolicyTemplate (ContainerDeletionChoosingPolicyTemplate.java:chooseContainerForBlockDeletion(83)) - Chosen 0/5000 blocks from 0 candidate containers.
2023-03-23 08:05:46,821 [BlockDeletingService#2] INFO  interfaces.ContainerDeletionChoosingPolicyTemplate (ContainerDeletionChoosingPolicyTemplate.java:chooseContainerForBlockDeletion(83)) - Chosen 0/5000 blocks from 0 candidate containers.
2023-03-23 08:05:46,821 [BlockDeletingService#2] INFO  interfaces.ContainerDeletionChoosingPolicyTemplate (ContainerDeletionChoosingPolicyTemplate.java:chooseContainerForBlockDeletion(83)) - Chosen 0/5000 blocks from 0 candidate containers.
2023-03-23 08:05:46,891 [Listener at 127.0.0.1/36689] INFO  ozone.MiniOzoneClusterImpl (MiniOzoneClusterImpl.java:lambda$waitForClusterToBeReady$0(222)) - Nodes are ready. Got 3 of 3 DN Heartbeats.
2023-03-23 08:05:46,891 [Listener at 127.0.0.1/36689] INFO  ozone.MiniOzoneClusterImpl (MiniOzoneClusterImpl.java:lambda$waitForClusterToBeReady$0(225)) - Waiting for cluster to exit safe mode
2023-03-23 08:05:46,892 [Listener at 127.0.0.1/36689] INFO  ozone.MiniOzoneClusterImpl (MiniOzoneClusterImpl.java:lambda$waitForClusterToBeReady$0(227)) - SCM became leader
2023-03-23 08:05:46,921 [BlockDeletingService#2] INFO  interfaces.ContainerDeletionChoosingPolicyTemplate (ContainerDeletionChoosingPolicyTemplate.java:chooseContainerForBlockDeletion(83)) - Chosen 0/5000 blocks from 0 candidate containers.
2023-03-23 08:05:46,921 [BlockDeletingService#2] INFO  interfaces.ContainerDeletionChoosingPolicyTemplate (ContainerDeletionChoosingPolicyTemplate.java:chooseContainerForBlockDeletion(83)) - Chosen 0/5000 blocks from 0 candidate containers.
2023-03-23 08:05:46,922 [BlockDeletingService#2] INFO  interfaces.ContainerDeletionChoosingPolicyTemplate (ContainerDeletionChoosingPolicyTemplate.java:chooseContainerForBlockDeletion(83)) - Chosen 0/5000 blocks from 0 candidate containers.
2023-03-23 08:05:47,021 [BlockDeletingService#2] INFO  interfaces.ContainerDeletionChoosingPolicyTemplate (ContainerDeletionChoosingPolicyTemplate.java:chooseContainerForBlockDeletion(83)) - Chosen 0/5000 blocks from 0 candidate containers.
2023-03-23 08:05:47,021 [BlockDeletingService#2] INFO  interfaces.ContainerDeletionChoosingPolicyTemplate (ContainerDeletionChoosingPolicyTemplate.java:chooseContainerForBlockDeletion(83)) - Chosen 0/5000 blocks from 0 candidate containers.
2023-03-23 08:05:47,022 [BlockDeletingService#2] INFO  interfaces.ContainerDeletionChoosingPolicyTemplate (ContainerDeletionChoosingPolicyTemplate.java:chooseContainerForBlockDeletion(83)) - Chosen 0/5000 blocks from 0 candidate containers.
2023-03-23 08:05:47,121 [BlockDeletingService#2] INFO  interfaces.ContainerDeletionChoosingPolicyTemplate (ContainerDeletionChoosingPolicyTemplate.java:chooseContainerForBlockDeletion(83)) - Chosen 0/5000 blocks from 0 candidate containers.
2023-03-23 08:05:47,122 [BlockDeletingService#2] INFO  interfaces.ContainerDeletionChoosingPolicyTemplate (ContainerDeletionChoosingPolicyTemplate.java:chooseContainerForBlockDeletion(83)) - Chosen 0/5000 blocks from 0 candidate containers.
2023-03-23 08:05:47,122 [BlockDeletingService#2] INFO  interfaces.ContainerDeletionChoosingPolicyTemplate (ContainerDeletionChoosingPolicyTemplate.java:chooseContainerForBlockDeletion(83)) - Chosen 0/5000 blocks from 0 candidate containers.
2023-03-23 08:05:47,222 [BlockDeletingService#2] INFO  interfaces.ContainerDeletionChoosingPolicyTemplate (ContainerDeletionChoosingPolicyTemplate.java:chooseContainerForBlockDeletion(83)) - Chosen 0/5000 blocks from 0 candidate containers.
2023-03-23 08:05:47,222 [BlockDeletingService#2] INFO  interfaces.ContainerDeletionChoosingPolicyTemplate (ContainerDeletionChoosingPolicyTemplate.java:chooseContainerForBlockDeletion(83)) - Chosen 0/5000 blocks from 0 candidate containers.
2023-03-23 08:05:47,222 [BlockDeletingService#2] INFO  interfaces.ContainerDeletionChoosingPolicyTemplate (ContainerDeletionChoosingPolicyTemplate.java:chooseContainerForBlockDeletion(83)) - Chosen 0/5000 blocks from 0 candidate containers.
2023-03-23 08:05:47,322 [BlockDeletingService#2] INFO  interfaces.ContainerDeletionChoosingPolicyTemplate (ContainerDeletionChoosingPolicyTemplate.java:chooseContainerForBlockDeletion(83)) - Chosen 0/5000 blocks from 0 candidate containers.
2023-03-23 08:05:47,322 [BlockDeletingService#2] INFO  interfaces.ContainerDeletionChoosingPolicyTemplate (ContainerDeletionChoosingPolicyTemplate.java:chooseContainerForBlockDeletion(83)) - Chosen 0/5000 blocks from 0 candidate containers.
2023-03-23 08:05:47,322 [BlockDeletingService#2] INFO  interfaces.ContainerDeletionChoosingPolicyTemplate (ContainerDeletionChoosingPolicyTemplate.java:chooseContainerForBlockDeletion(83)) - Chosen 0/5000 blocks from 0 candidate containers.
2023-03-23 08:05:47,422 [BlockDeletingService#2] INFO  interfaces.ContainerDeletionChoosingPolicyTemplate (ContainerDeletionChoosingPolicyTemplate.java:chooseContainerForBlockDeletion(83)) - Chosen 0/5000 blocks from 0 candidate containers.
2023-03-23 08:05:47,423 [BlockDeletingService#2] INFO  interfaces.ContainerDeletionChoosingPolicyTemplate (ContainerDeletionChoosingPolicyTemplate.java:chooseContainerForBlockDeletion(83)) - Chosen 0/5000 blocks from 0 candidate containers.
2023-03-23 08:05:47,427 [BlockDeletingService#2] INFO  interfaces.ContainerDeletionChoosingPolicyTemplate (ContainerDeletionChoosingPolicyTemplate.java:chooseContainerForBlockDeletion(83)) - Chosen 0/5000 blocks from 0 candidate containers.
2023-03-23 08:05:47,523 [BlockDeletingService#2] INFO  interfaces.ContainerDeletionChoosingPolicyTemplate (ContainerDeletionChoosingPolicyTemplate.java:chooseContainerForBlockDeletion(83)) - Chosen 0/5000 blocks from 0 candidate containers.
2023-03-23 08:05:47,527 [BlockDeletingService#2] INFO  interfaces.ContainerDeletionChoosingPolicyTemplate (ContainerDeletionChoosingPolicyTemplate.java:chooseContainerForBlockDeletion(83)) - Chosen 0/5000 blocks from 0 candidate containers.
2023-03-23 08:05:47,528 [BlockDeletingService#2] INFO  interfaces.ContainerDeletionChoosingPolicyTemplate (ContainerDeletionChoosingPolicyTemplate.java:chooseContainerForBlockDeletion(83)) - Chosen 0/5000 blocks from 0 candidate containers.
2023-03-23 08:05:47,623 [BlockDeletingService#2] INFO  interfaces.ContainerDeletionChoosingPolicyTemplate (ContainerDeletionChoosingPolicyTemplate.java:chooseContainerForBlockDeletion(83)) - Chosen 0/5000 blocks from 0 candidate containers.
2023-03-23 08:05:47,627 [BlockDeletingService#2] INFO  interfaces.ContainerDeletionChoosingPolicyTemplate (ContainerDeletionChoosingPolicyTemplate.java:chooseContainerForBlockDeletion(83)) - Chosen 0/5000 blocks from 0 candidate containers.
2023-03-23 08:05:47,628 [BlockDeletingService#2] INFO  interfaces.ContainerDeletionChoosingPolicyTemplate (ContainerDeletionChoosingPolicyTemplate.java:chooseContainerForBlockDeletion(83)) - Chosen 0/5000 blocks from 0 candidate containers.
2023-03-23 08:05:47,723 [BlockDeletingService#2] INFO  interfaces.ContainerDeletionChoosingPolicyTemplate (ContainerDeletionChoosingPolicyTemplate.java:chooseContainerForBlockDeletion(83)) - Chosen 0/5000 blocks from 0 candidate containers.
2023-03-23 08:05:47,728 [BlockDeletingService#2] INFO  interfaces.ContainerDeletionChoosingPolicyTemplate (ContainerDeletionChoosingPolicyTemplate.java:chooseContainerForBlockDeletion(83)) - Chosen 0/5000 blocks from 0 candidate containers.
2023-03-23 08:05:47,728 [BlockDeletingService#2] INFO  interfaces.ContainerDeletionChoosingPolicyTemplate (ContainerDeletionChoosingPolicyTemplate.java:chooseContainerForBlockDeletion(83)) - Chosen 0/5000 blocks from 0 candidate containers.
2023-03-23 08:05:47,824 [BlockDeletingService#2] INFO  interfaces.ContainerDeletionChoosingPolicyTemplate (ContainerDeletionChoosingPolicyTemplate.java:chooseContainerForBlockDeletion(83)) - Chosen 0/5000 blocks from 0 candidate containers.
2023-03-23 08:05:47,828 [BlockDeletingService#2] INFO  interfaces.ContainerDeletionChoosingPolicyTemplate (ContainerDeletionChoosingPolicyTemplate.java:chooseContainerForBlockDeletion(83)) - Chosen 0/5000 blocks from 0 candidate containers.
2023-03-23 08:05:47,828 [BlockDeletingService#2] INFO  interfaces.ContainerDeletionChoosingPolicyTemplate (ContainerDeletionChoosingPolicyTemplate.java:chooseContainerForBlockDeletion(83)) - Chosen 0/5000 blocks from 0 candidate containers.
2023-03-23 08:05:47,892 [Listener at 127.0.0.1/36689] INFO  ozone.MiniOzoneClusterImpl (MiniOzoneClusterImpl.java:lambda$waitForClusterToBeReady$0(222)) - Nodes are ready. Got 3 of 3 DN Heartbeats.
2023-03-23 08:05:47,892 [Listener at 127.0.0.1/36689] INFO  ozone.MiniOzoneClusterImpl (MiniOzoneClusterImpl.java:lambda$waitForClusterToBeReady$0(225)) - Waiting for cluster to exit safe mode
2023-03-23 08:05:47,892 [Listener at 127.0.0.1/36689] INFO  ozone.MiniOzoneClusterImpl (MiniOzoneClusterImpl.java:lambda$waitForClusterToBeReady$0(227)) - SCM became leader
2023-03-23 08:05:47,924 [BlockDeletingService#2] INFO  interfaces.ContainerDeletionChoosingPolicyTemplate (ContainerDeletionChoosingPolicyTemplate.java:chooseContainerForBlockDeletion(83)) - Chosen 0/5000 blocks from 0 candidate containers.
2023-03-23 08:05:47,928 [BlockDeletingService#2] INFO  interfaces.ContainerDeletionChoosingPolicyTemplate (ContainerDeletionChoosingPolicyTemplate.java:chooseContainerForBlockDeletion(83)) - Chosen 0/5000 blocks from 0 candidate containers.
2023-03-23 08:05:47,928 [BlockDeletingService#2] INFO  interfaces.ContainerDeletionChoosingPolicyTemplate (ContainerDeletionChoosingPolicyTemplate.java:chooseContainerForBlockDeletion(83)) - Chosen 0/5000 blocks from 0 candidate containers.
2023-03-23 08:05:47,938 [75faba44-0a9d-4b7a-8d49-daa003cae56d@group-A950A0DADB05-FollowerState] INFO  impl.FollowerState (FollowerState.java:run(143)) - 75faba44-0a9d-4b7a-8d49-daa003cae56d@group-A950A0DADB05-FollowerState: change to CANDIDATE, lastRpcElapsedTime:5060782794ns, electionTimeout:5056ms
2023-03-23 08:05:47,939 [75faba44-0a9d-4b7a-8d49-daa003cae56d@group-A950A0DADB05-FollowerState] INFO  impl.RoleInfo (RoleInfo.java:shutdownFollowerState(110)) - 75faba44-0a9d-4b7a-8d49-daa003cae56d: shutdown 75faba44-0a9d-4b7a-8d49-daa003cae56d@group-A950A0DADB05-FollowerState
2023-03-23 08:05:47,939 [75faba44-0a9d-4b7a-8d49-daa003cae56d@group-A950A0DADB05-FollowerState] INFO  server.RaftServer$Division (RaftServerImpl.java:setRole(321)) - 75faba44-0a9d-4b7a-8d49-daa003cae56d@group-A950A0DADB05: changes role from  FOLLOWER to CANDIDATE at term 0 for changeToCandidate
2023-03-23 08:05:47,939 [75faba44-0a9d-4b7a-8d49-daa003cae56d@group-A950A0DADB05-FollowerState] INFO  server.RaftServerConfigKeys (ConfUtils.java:logGet(46)) - raft.server.leaderelection.pre-vote = true (default)
2023-03-23 08:05:47,939 [75faba44-0a9d-4b7a-8d49-daa003cae56d@group-A950A0DADB05-FollowerState] INFO  impl.RoleInfo (RoleInfo.java:updateAndGet(139)) - 75faba44-0a9d-4b7a-8d49-daa003cae56d: start 75faba44-0a9d-4b7a-8d49-daa003cae56d@group-A950A0DADB05-LeaderElection4
2023-03-23 08:05:47,943 [75faba44-0a9d-4b7a-8d49-daa003cae56d@group-A950A0DADB05-LeaderElection4] INFO  impl.LeaderElection (LeaderElection.java:askForVotes(312)) - 75faba44-0a9d-4b7a-8d49-daa003cae56d@group-A950A0DADB05-LeaderElection4 PRE_VOTE round 0: submit vote requests at term 0 for -1: peers:[fd439516-60ae-42f5-a7e4-bbb84e8556dc|rpc:10.1.0.214:45913|dataStream:10.1.0.214:40121|priority:0|startupRole:FOLLOWER, 314195c6-23a8-4084-8433-e4a65193fa35|rpc:10.1.0.214:39131|dataStream:10.1.0.214:34107|priority:0|startupRole:FOLLOWER, 75faba44-0a9d-4b7a-8d49-daa003cae56d|rpc:10.1.0.214:41995|dataStream:10.1.0.214:35243|priority:1|startupRole:FOLLOWER]|listeners:[], old=null
2023-03-23 08:05:47,943 [75faba44-0a9d-4b7a-8d49-daa003cae56d@group-A950A0DADB05-LeaderElection4-1] INFO  server.GrpcServerProtocolClient (GrpcServerProtocolClient.java:<init>(63)) - Build channel for fd439516-60ae-42f5-a7e4-bbb84e8556dc
2023-03-23 08:05:47,944 [75faba44-0a9d-4b7a-8d49-daa003cae56d@group-A950A0DADB05-LeaderElection4] INFO  server.RaftServerConfigKeys (ConfUtils.java:logFallback(53)) - raft.server.rpc.first-election.timeout.min = 5s (fallback to raft.server.rpc.timeout.min)
2023-03-23 08:05:47,946 [75faba44-0a9d-4b7a-8d49-daa003cae56d@group-A950A0DADB05-LeaderElection4] INFO  server.RaftServerConfigKeys (ConfUtils.java:logFallback(53)) - raft.server.rpc.first-election.timeout.max = 5200ms (fallback to raft.server.rpc.timeout.max)
2023-03-23 08:05:47,948 [75faba44-0a9d-4b7a-8d49-daa003cae56d@group-A950A0DADB05-LeaderElection4-2] INFO  server.GrpcServerProtocolClient (GrpcServerProtocolClient.java:<init>(63)) - Build channel for 314195c6-23a8-4084-8433-e4a65193fa35
2023-03-23 08:05:47,967 [grpc-default-executor-0] INFO  server.RaftServer$Division (RaftServerImpl.java:requestVote(1218)) - 314195c6-23a8-4084-8433-e4a65193fa35@group-A950A0DADB05: receive requestVote(PRE_VOTE, 75faba44-0a9d-4b7a-8d49-daa003cae56d, group-A950A0DADB05, 0, (t:0, i:0))
2023-03-23 08:05:47,967 [grpc-default-executor-0] INFO  impl.VoteContext (VoteContext.java:log(49)) - 314195c6-23a8-4084-8433-e4a65193fa35@group-A950A0DADB05-FOLLOWER: accept PRE_VOTE from 75faba44-0a9d-4b7a-8d49-daa003cae56d: our priority 0 <= candidate's priority 1
2023-03-23 08:05:47,967 [grpc-default-executor-0] INFO  server.RaftServer$Division (RaftServerImpl.java:requestVote(1251)) - 314195c6-23a8-4084-8433-e4a65193fa35@group-A950A0DADB05 replies to PRE_VOTE vote request: 75faba44-0a9d-4b7a-8d49-daa003cae56d<-314195c6-23a8-4084-8433-e4a65193fa35#0:OK-t0. Peer's state: 314195c6-23a8-4084-8433-e4a65193fa35@group-A950A0DADB05:t0, leader=null, voted=, raftlog=Memoized:314195c6-23a8-4084-8433-e4a65193fa35@group-A950A0DADB05-SegmentedRaftLog:OPENED:c-1, conf=-1: peers:[fd439516-60ae-42f5-a7e4-bbb84e8556dc|rpc:10.1.0.214:45913|dataStream:10.1.0.214:40121|priority:0|startupRole:FOLLOWER, 314195c6-23a8-4084-8433-e4a65193fa35|rpc:10.1.0.214:39131|dataStream:10.1.0.214:34107|priority:0|startupRole:FOLLOWER, 75faba44-0a9d-4b7a-8d49-daa003cae56d|rpc:10.1.0.214:41995|dataStream:10.1.0.214:35243|priority:1|startupRole:FOLLOWER]|listeners:[], old=null
2023-03-23 08:05:47,969 [75faba44-0a9d-4b7a-8d49-daa003cae56d@group-A950A0DADB05-LeaderElection4] INFO  impl.LeaderElection (LeaderElection.java:logAndReturn(90)) - 75faba44-0a9d-4b7a-8d49-daa003cae56d@group-A950A0DADB05-LeaderElection4: PRE_VOTE PASSED received 1 response(s) and 0 exception(s):
2023-03-23 08:05:47,969 [75faba44-0a9d-4b7a-8d49-daa003cae56d@group-A950A0DADB05-LeaderElection4] INFO  impl.LeaderElection (LeaderElection.java:logAndReturn(94)) -   Response 0: 75faba44-0a9d-4b7a-8d49-daa003cae56d<-314195c6-23a8-4084-8433-e4a65193fa35#0:OK-t0
2023-03-23 08:05:47,969 [75faba44-0a9d-4b7a-8d49-daa003cae56d@group-A950A0DADB05-LeaderElection4] INFO  impl.LeaderElection (LeaderElection.java:askForVotes(314)) - 75faba44-0a9d-4b7a-8d49-daa003cae56d@group-A950A0DADB05-LeaderElection4 PRE_VOTE round 0: result PASSED
2023-03-23 08:05:47,973 [75faba44-0a9d-4b7a-8d49-daa003cae56d@group-A950A0DADB05-LeaderElection4] INFO  impl.LeaderElection (LeaderElection.java:askForVotes(312)) - 75faba44-0a9d-4b7a-8d49-daa003cae56d@group-A950A0DADB05-LeaderElection4 ELECTION round 0: submit vote requests at term 1 for -1: peers:[fd439516-60ae-42f5-a7e4-bbb84e8556dc|rpc:10.1.0.214:45913|dataStream:10.1.0.214:40121|priority:0|startupRole:FOLLOWER, 314195c6-23a8-4084-8433-e4a65193fa35|rpc:10.1.0.214:39131|dataStream:10.1.0.214:34107|priority:0|startupRole:FOLLOWER, 75faba44-0a9d-4b7a-8d49-daa003cae56d|rpc:10.1.0.214:41995|dataStream:10.1.0.214:35243|priority:1|startupRole:FOLLOWER]|listeners:[], old=null
2023-03-23 08:05:47,974 [fd439516-60ae-42f5-a7e4-bbb84e8556dc@group-A950A0DADB05-FollowerState] INFO  impl.FollowerState (FollowerState.java:run(143)) - fd439516-60ae-42f5-a7e4-bbb84e8556dc@group-A950A0DADB05-FollowerState: change to CANDIDATE, lastRpcElapsedTime:5151737506ns, electionTimeout:5141ms
2023-03-23 08:05:47,978 [fd439516-60ae-42f5-a7e4-bbb84e8556dc@group-A950A0DADB05-FollowerState] INFO  impl.RoleInfo (RoleInfo.java:shutdownFollowerState(110)) - fd439516-60ae-42f5-a7e4-bbb84e8556dc: shutdown fd439516-60ae-42f5-a7e4-bbb84e8556dc@group-A950A0DADB05-FollowerState
2023-03-23 08:05:47,978 [grpc-default-executor-0] INFO  server.RaftServer$Division (RaftServerImpl.java:requestVote(1218)) - fd439516-60ae-42f5-a7e4-bbb84e8556dc@group-A950A0DADB05: receive requestVote(ELECTION, 75faba44-0a9d-4b7a-8d49-daa003cae56d, group-A950A0DADB05, 1, (t:0, i:0))
2023-03-23 08:05:47,978 [75faba44-0a9d-4b7a-8d49-daa003cae56d@group-A950A0DADB05-LeaderElection4] INFO  server.RaftServerConfigKeys (ConfUtils.java:logFallback(53)) - raft.server.rpc.first-election.timeout.min = 5s (fallback to raft.server.rpc.timeout.min)
2023-03-23 08:05:47,978 [fd439516-60ae-42f5-a7e4-bbb84e8556dc@group-A950A0DADB05-FollowerState] INFO  server.RaftServer$Division (RaftServerImpl.java:setRole(321)) - fd439516-60ae-42f5-a7e4-bbb84e8556dc@group-A950A0DADB05: changes role from  FOLLOWER to CANDIDATE at term 0 for changeToCandidate
2023-03-23 08:05:47,980 [75faba44-0a9d-4b7a-8d49-daa003cae56d@group-A950A0DADB05-LeaderElection4] INFO  server.RaftServerConfigKeys (ConfUtils.java:logFallback(53)) - raft.server.rpc.first-election.timeout.max = 5200ms (fallback to raft.server.rpc.timeout.max)
2023-03-23 08:05:47,980 [fd439516-60ae-42f5-a7e4-bbb84e8556dc@group-A950A0DADB05-FollowerState] INFO  server.RaftServerConfigKeys (ConfUtils.java:logGet(46)) - raft.server.leaderelection.pre-vote = true (default)
2023-03-23 08:05:47,980 [fd439516-60ae-42f5-a7e4-bbb84e8556dc@group-A950A0DADB05-FollowerState] INFO  impl.RoleInfo (RoleInfo.java:updateAndGet(139)) - fd439516-60ae-42f5-a7e4-bbb84e8556dc: start fd439516-60ae-42f5-a7e4-bbb84e8556dc@group-A950A0DADB05-LeaderElection5
2023-03-23 08:05:47,982 [grpc-default-executor-0] INFO  impl.VoteContext (VoteContext.java:log(49)) - fd439516-60ae-42f5-a7e4-bbb84e8556dc@group-A950A0DADB05-CANDIDATE: accept ELECTION from 75faba44-0a9d-4b7a-8d49-daa003cae56d: our priority 0 <= candidate's priority 1
2023-03-23 08:05:47,982 [grpc-default-executor-0] INFO  server.RaftServer$Division (RaftServerImpl.java:setRole(321)) - fd439516-60ae-42f5-a7e4-bbb84e8556dc@group-A950A0DADB05: changes role from CANDIDATE to FOLLOWER at term 1 for candidate:75faba44-0a9d-4b7a-8d49-daa003cae56d
2023-03-23 08:05:47,982 [grpc-default-executor-0] INFO  impl.RoleInfo (RoleInfo.java:shutdownLeaderElection(130)) - fd439516-60ae-42f5-a7e4-bbb84e8556dc: shutdown fd439516-60ae-42f5-a7e4-bbb84e8556dc@group-A950A0DADB05-LeaderElection5
2023-03-23 08:05:47,982 [grpc-default-executor-0] INFO  impl.RoleInfo (RoleInfo.java:updateAndGet(139)) - fd439516-60ae-42f5-a7e4-bbb84e8556dc: start fd439516-60ae-42f5-a7e4-bbb84e8556dc@group-A950A0DADB05-FollowerState
2023-03-23 08:05:47,983 [grpc-default-executor-1] INFO  server.RaftServer$Division (RaftServerImpl.java:requestVote(1218)) - fd439516-60ae-42f5-a7e4-bbb84e8556dc@group-A950A0DADB05: receive requestVote(PRE_VOTE, 75faba44-0a9d-4b7a-8d49-daa003cae56d, group-A950A0DADB05, 0, (t:0, i:0))
2023-03-23 08:05:47,983 [fd439516-60ae-42f5-a7e4-bbb84e8556dc@group-A950A0DADB05-FollowerState] INFO  server.RaftServerConfigKeys (ConfUtils.java:logFallback(53)) - raft.server.rpc.first-election.timeout.min = 5s (fallback to raft.server.rpc.timeout.min)
2023-03-23 08:05:47,983 [fd439516-60ae-42f5-a7e4-bbb84e8556dc@group-A950A0DADB05-FollowerState] INFO  server.RaftServerConfigKeys (ConfUtils.java:logFallback(53)) - raft.server.rpc.first-election.timeout.max = 5200ms (fallback to raft.server.rpc.timeout.max)
2023-03-23 08:05:47,984 [grpc-default-executor-0] INFO  server.RaftServer$Division (RaftServerImpl.java:requestVote(1251)) - fd439516-60ae-42f5-a7e4-bbb84e8556dc@group-A950A0DADB05 replies to ELECTION vote request: 75faba44-0a9d-4b7a-8d49-daa003cae56d<-fd439516-60ae-42f5-a7e4-bbb84e8556dc#0:OK-t1. Peer's state: fd439516-60ae-42f5-a7e4-bbb84e8556dc@group-A950A0DADB05:t1, leader=null, voted=75faba44-0a9d-4b7a-8d49-daa003cae56d, raftlog=Memoized:fd439516-60ae-42f5-a7e4-bbb84e8556dc@group-A950A0DADB05-SegmentedRaftLog:OPENED:c-1, conf=-1: peers:[fd439516-60ae-42f5-a7e4-bbb84e8556dc|rpc:10.1.0.214:45913|dataStream:10.1.0.214:40121|priority:0|startupRole:FOLLOWER, 314195c6-23a8-4084-8433-e4a65193fa35|rpc:10.1.0.214:39131|dataStream:10.1.0.214:34107|priority:0|startupRole:FOLLOWER, 75faba44-0a9d-4b7a-8d49-daa003cae56d|rpc:10.1.0.214:41995|dataStream:10.1.0.214:35243|priority:1|startupRole:FOLLOWER]|listeners:[], old=null
2023-03-23 08:05:47,985 [fd439516-60ae-42f5-a7e4-bbb84e8556dc@group-A950A0DADB05-LeaderElection5] INFO  impl.LeaderElection (LeaderElection.java:run(233)) - fd439516-60ae-42f5-a7e4-bbb84e8556dc@group-A950A0DADB05-LeaderElection5: skip running since this is already CLOSING
2023-03-23 08:05:47,986 [grpc-default-executor-1] INFO  impl.VoteContext (VoteContext.java:log(49)) - fd439516-60ae-42f5-a7e4-bbb84e8556dc@group-A950A0DADB05-FOLLOWER: accept PRE_VOTE from 75faba44-0a9d-4b7a-8d49-daa003cae56d: our priority 0 <= candidate's priority 1
2023-03-23 08:05:47,987 [grpc-default-executor-1] INFO  server.RaftServer$Division (RaftServerImpl.java:requestVote(1251)) - fd439516-60ae-42f5-a7e4-bbb84e8556dc@group-A950A0DADB05 replies to PRE_VOTE vote request: 75faba44-0a9d-4b7a-8d49-daa003cae56d<-fd439516-60ae-42f5-a7e4-bbb84e8556dc#0:OK-t1. Peer's state: fd439516-60ae-42f5-a7e4-bbb84e8556dc@group-A950A0DADB05:t1, leader=null, voted=75faba44-0a9d-4b7a-8d49-daa003cae56d, raftlog=Memoized:fd439516-60ae-42f5-a7e4-bbb84e8556dc@group-A950A0DADB05-SegmentedRaftLog:OPENED:c-1, conf=-1: peers:[fd439516-60ae-42f5-a7e4-bbb84e8556dc|rpc:10.1.0.214:45913|dataStream:10.1.0.214:40121|priority:0|startupRole:FOLLOWER, 314195c6-23a8-4084-8433-e4a65193fa35|rpc:10.1.0.214:39131|dataStream:10.1.0.214:34107|priority:0|startupRole:FOLLOWER, 75faba44-0a9d-4b7a-8d49-daa003cae56d|rpc:10.1.0.214:41995|dataStream:10.1.0.214:35243|priority:1|startupRole:FOLLOWER]|listeners:[], old=null
2023-03-23 08:05:47,988 [75faba44-0a9d-4b7a-8d49-daa003cae56d@group-A950A0DADB05-LeaderElection4] INFO  impl.LeaderElection (LeaderElection.java:logAndReturn(90)) - 75faba44-0a9d-4b7a-8d49-daa003cae56d@group-A950A0DADB05-LeaderElection4: ELECTION PASSED received 1 response(s) and 0 exception(s):
2023-03-23 08:05:47,988 [75faba44-0a9d-4b7a-8d49-daa003cae56d@group-A950A0DADB05-LeaderElection4] INFO  impl.LeaderElection (LeaderElection.java:logAndReturn(94)) -   Response 0: 75faba44-0a9d-4b7a-8d49-daa003cae56d<-fd439516-60ae-42f5-a7e4-bbb84e8556dc#0:OK-t1
2023-03-23 08:05:47,988 [75faba44-0a9d-4b7a-8d49-daa003cae56d@group-A950A0DADB05-LeaderElection4] INFO  impl.LeaderElection (LeaderElection.java:askForVotes(314)) - 75faba44-0a9d-4b7a-8d49-daa003cae56d@group-A950A0DADB05-LeaderElection4 ELECTION round 0: result PASSED
2023-03-23 08:05:47,988 [75faba44-0a9d-4b7a-8d49-daa003cae56d@group-A950A0DADB05-LeaderElection4] INFO  impl.RoleInfo (RoleInfo.java:shutdownLeaderElection(130)) - 75faba44-0a9d-4b7a-8d49-daa003cae56d: shutdown 75faba44-0a9d-4b7a-8d49-daa003cae56d@group-A950A0DADB05-LeaderElection4
2023-03-23 08:05:47,989 [75faba44-0a9d-4b7a-8d49-daa003cae56d@group-A950A0DADB05-LeaderElection4] INFO  server.RaftServer$Division (RaftServerImpl.java:setRole(321)) - 75faba44-0a9d-4b7a-8d49-daa003cae56d@group-A950A0DADB05: changes role from CANDIDATE to LEADER at term 1 for changeToLeader
2023-03-23 08:05:47,990 [75faba44-0a9d-4b7a-8d49-daa003cae56d@group-A950A0DADB05-LeaderElection4] INFO  ratis.XceiverServerRatis (XceiverServerRatis.java:handleLeaderChangedNotification(905)) - Leader change notification received for group: group-A950A0DADB05 with new leaderId: 75faba44-0a9d-4b7a-8d49-daa003cae56d
2023-03-23 08:05:47,990 [75faba44-0a9d-4b7a-8d49-daa003cae56d@group-A950A0DADB05-LeaderElection4] INFO  server.RaftServer$Division (ServerState.java:setLeader(313)) - 75faba44-0a9d-4b7a-8d49-daa003cae56d@group-A950A0DADB05: change Leader from null to 75faba44-0a9d-4b7a-8d49-daa003cae56d at term 1 for becomeLeader, leader elected after 5126ms
2023-03-23 08:05:47,990 [75faba44-0a9d-4b7a-8d49-daa003cae56d@group-A950A0DADB05-LeaderElection4] INFO  server.RaftServerConfigKeys (ConfUtils.java:logGet(46)) - raft.server.staging.catchup.gap = 1000 (default)
2023-03-23 08:05:47,990 [75faba44-0a9d-4b7a-8d49-daa003cae56d@group-A950A0DADB05-LeaderElection4] INFO  server.RaftServerConfigKeys (ConfUtils.java:logGet(46)) - raft.server.write.element-limit = 1024 (custom)
2023-03-23 08:05:47,990 [75faba44-0a9d-4b7a-8d49-daa003cae56d@group-A950A0DADB05-LeaderElection4] INFO  server.RaftServerConfigKeys (ConfUtils.java:logGet(46)) - raft.server.write.byte-limit = 1024 M (=1073741824) (custom)
2023-03-23 08:05:47,990 [75faba44-0a9d-4b7a-8d49-daa003cae56d@group-A950A0DADB05-LeaderElection4] INFO  server.RaftServerConfigKeys (ConfUtils.java:logGet(46)) - raft.server.watch.timeout = 180s (custom)
2023-03-23 08:05:47,990 [75faba44-0a9d-4b7a-8d49-daa003cae56d@group-A950A0DADB05-LeaderElection4] INFO  server.RaftServerConfigKeys (ConfUtils.java:logGet(46)) - raft.server.watch.timeout.denomination = 1s (default)
2023-03-23 08:05:47,990 [75faba44-0a9d-4b7a-8d49-daa003cae56d@group-A950A0DADB05-LeaderElection4] INFO  server.RaftServerConfigKeys (ConfUtils.java:logGet(46)) - raft.server.watch.element-limit = 65536 (default)
2023-03-23 08:05:47,991 [75faba44-0a9d-4b7a-8d49-daa003cae56d@group-A950A0DADB05-LeaderElection4] INFO  server.RaftServerConfigKeys (ConfUtils.java:logGet(46)) - raft.server.write.element-limit = 1024 (custom)
2023-03-23 08:05:47,991 [75faba44-0a9d-4b7a-8d49-daa003cae56d@group-A950A0DADB05-LeaderElection4] INFO  server.RaftServerConfigKeys (ConfUtils.java:logGet(46)) - raft.server.write.follower.gap.ratio.max = -1.0 (default)
2023-03-23 08:05:47,991 [75faba44-0a9d-4b7a-8d49-daa003cae56d@group-A950A0DADB05-LeaderElection4] INFO  server.RaftServerConfigKeys (ConfUtils.java:logGet(46)) - raft.server.log.appender.snapshot.chunk.size.max = 16MB (=16777216) (default)
2023-03-23 08:05:47,991 [75faba44-0a9d-4b7a-8d49-daa003cae56d@group-A950A0DADB05-LeaderElection4] INFO  server.RaftServerConfigKeys (ConfUtils.java:logGet(46)) - raft.server.log.appender.buffer.byte-limit = 33554432 (custom)
2023-03-23 08:05:47,991 [75faba44-0a9d-4b7a-8d49-daa003cae56d@group-A950A0DADB05-LeaderElection4] INFO  server.RaftServerConfigKeys (ConfUtils.java:logGet(46)) - raft.server.log.appender.buffer.element-limit = 1 (custom)
2023-03-23 08:05:47,991 [75faba44-0a9d-4b7a-8d49-daa003cae56d@group-A950A0DADB05-LeaderElection4] INFO  grpc.GrpcConfigKeys (ConfUtils.java:logGet(46)) - raft.grpc.server.leader.outstanding.appends.max = 128 (default)
2023-03-23 08:05:47,991 [75faba44-0a9d-4b7a-8d49-daa003cae56d@group-A950A0DADB05-LeaderElection4] INFO  server.RaftServerConfigKeys (ConfUtils.java:logGet(46)) - raft.server.rpc.request.timeout = 60s (custom)
2023-03-23 08:05:47,992 [75faba44-0a9d-4b7a-8d49-daa003cae56d@group-A950A0DADB05-LeaderElection4] INFO  server.RaftServerConfigKeys (ConfUtils.java:logGet(46)) - raft.server.log.appender.install.snapshot.enabled = false (custom)
2023-03-23 08:05:47,992 [75faba44-0a9d-4b7a-8d49-daa003cae56d@group-A950A0DADB05-LeaderElection4] INFO  grpc.GrpcConfigKeys (ConfUtils.java:logGet(46)) - raft.grpc.server.heartbeat.channel = true (default)
2023-03-23 08:05:47,992 [75faba44-0a9d-4b7a-8d49-daa003cae56d@group-A950A0DADB05-LeaderElection4] INFO  server.RaftServerConfigKeys (ConfUtils.java:logGet(46)) - raft.server.log.appender.wait-time.min = 10ms (default)
2023-03-23 08:05:47,992 [75faba44-0a9d-4b7a-8d49-daa003cae56d@group-A950A0DADB05-LeaderElection4] INFO  server.RaftServerConfigKeys (ConfUtils.java:logGet(46)) - raft.server.log.appender.snapshot.chunk.size.max = 16MB (=16777216) (default)
2023-03-23 08:05:47,992 [75faba44-0a9d-4b7a-8d49-daa003cae56d@group-A950A0DADB05-LeaderElection4] INFO  server.RaftServerConfigKeys (ConfUtils.java:logGet(46)) - raft.server.log.appender.buffer.byte-limit = 33554432 (custom)
2023-03-23 08:05:47,992 [75faba44-0a9d-4b7a-8d49-daa003cae56d@group-A950A0DADB05-LeaderElection4] INFO  server.RaftServerConfigKeys (ConfUtils.java:logGet(46)) - raft.server.log.appender.buffer.element-limit = 1 (custom)
2023-03-23 08:05:47,992 [75faba44-0a9d-4b7a-8d49-daa003cae56d@group-A950A0DADB05-LeaderElection4] INFO  grpc.GrpcConfigKeys (ConfUtils.java:logGet(46)) - raft.grpc.server.leader.outstanding.appends.max = 128 (default)
2023-03-23 08:05:47,992 [75faba44-0a9d-4b7a-8d49-daa003cae56d@group-A950A0DADB05-LeaderElection4] INFO  server.RaftServerConfigKeys (ConfUtils.java:logGet(46)) - raft.server.rpc.request.timeout = 60s (custom)
2023-03-23 08:05:47,993 [75faba44-0a9d-4b7a-8d49-daa003cae56d@group-A950A0DADB05-LeaderElection4] INFO  server.RaftServerConfigKeys (ConfUtils.java:logGet(46)) - raft.server.log.appender.install.snapshot.enabled = false (custom)
2023-03-23 08:05:47,993 [75faba44-0a9d-4b7a-8d49-daa003cae56d@group-A950A0DADB05-LeaderElection4] INFO  grpc.GrpcConfigKeys (ConfUtils.java:logGet(46)) - raft.grpc.server.heartbeat.channel = true (default)
2023-03-23 08:05:47,993 [75faba44-0a9d-4b7a-8d49-daa003cae56d@group-A950A0DADB05-LeaderElection4] INFO  server.RaftServerConfigKeys (ConfUtils.java:logGet(46)) - raft.server.log.appender.wait-time.min = 10ms (default)
2023-03-23 08:05:47,993 [75faba44-0a9d-4b7a-8d49-daa003cae56d@group-A950A0DADB05-LeaderElection4] INFO  impl.RoleInfo (RoleInfo.java:updateAndGet(139)) - 75faba44-0a9d-4b7a-8d49-daa003cae56d: start 75faba44-0a9d-4b7a-8d49-daa003cae56d@group-A950A0DADB05-LeaderStateImpl
2023-03-23 08:05:47,993 [75faba44-0a9d-4b7a-8d49-daa003cae56d@group-A950A0DADB05-LeaderElection4] INFO  segmented.SegmentedRaftLogWorker (SegmentedRaftLogWorker.java:startLogSegment(452)) - 75faba44-0a9d-4b7a-8d49-daa003cae56d@group-A950A0DADB05-SegmentedRaftLogWorker: Starting segment from index:0
2023-03-23 08:05:47,994 [EventQueue-PipelineReportForPipelineReportHandler] INFO  pipeline.PipelineManagerImpl (PipelineManagerImpl.java:openPipeline(367)) - Pipeline Pipeline[ Id: 69f24196-d01c-40cd-9020-a950a0dadb05, Nodes: 75faba44-0a9d-4b7a-8d49-daa003cae56d(fv-az105-497.wy5h1aom0jgehahef1oyr10hrc.bx.internal.cloudapp.net/10.1.0.214)fd439516-60ae-42f5-a7e4-bbb84e8556dc(fv-az105-497.wy5h1aom0jgehahef1oyr10hrc.bx.internal.cloudapp.net/10.1.0.214)314195c6-23a8-4084-8433-e4a65193fa35(fv-az105-497.wy5h1aom0jgehahef1oyr10hrc.bx.internal.cloudapp.net/10.1.0.214), ReplicationConfig: RATIS/THREE, State:ALLOCATED, leaderId:75faba44-0a9d-4b7a-8d49-daa003cae56d, CreationTimestamp2023-03-23T08:05:40.893Z[Etc/UTC]] moved to OPEN state
2023-03-23 08:05:47,996 [75faba44-0a9d-4b7a-8d49-daa003cae56d@group-A950A0DADB05-SegmentedRaftLogWorker] INFO  segmented.SegmentedRaftLogWorker (SegmentedRaftLogWorker.java:execute(656)) - 75faba44-0a9d-4b7a-8d49-daa003cae56d@group-A950A0DADB05-SegmentedRaftLogWorker: created new log segment /home/runner/work/ozone/ozone/hadoop-ozone/integration-test/target/test-dir/MiniOzoneClusterImpl-bf95872f-ab09-4fff-b473-e3afb8b37e70/datanode-1/data/ratis/69f24196-d01c-40cd-9020-a950a0dadb05/current/log_inprogress_0
2023-03-23 08:05:47,995 [grpc-default-executor-0] INFO  server.RaftServer$Division (RaftServerImpl.java:requestVote(1218)) - 314195c6-23a8-4084-8433-e4a65193fa35@group-A950A0DADB05: receive requestVote(ELECTION, 75faba44-0a9d-4b7a-8d49-daa003cae56d, group-A950A0DADB05, 1, (t:0, i:0))
2023-03-23 08:05:48,006 [grpc-default-executor-0] INFO  impl.VoteContext (VoteContext.java:log(49)) - 314195c6-23a8-4084-8433-e4a65193fa35@group-A950A0DADB05-FOLLOWER: accept ELECTION from 75faba44-0a9d-4b7a-8d49-daa003cae56d: our priority 0 <= candidate's priority 1
2023-03-23 08:05:48,006 [grpc-default-executor-0] INFO  server.RaftServer$Division (RaftServerImpl.java:setRole(321)) - 314195c6-23a8-4084-8433-e4a65193fa35@group-A950A0DADB05: changes role from  FOLLOWER to FOLLOWER at term 1 for candidate:75faba44-0a9d-4b7a-8d49-daa003cae56d
2023-03-23 08:05:48,006 [grpc-default-executor-0] INFO  impl.RoleInfo (RoleInfo.java:shutdownFollowerState(110)) - 314195c6-23a8-4084-8433-e4a65193fa35: shutdown 314195c6-23a8-4084-8433-e4a65193fa35@group-A950A0DADB05-FollowerState
2023-03-23 08:05:48,006 [grpc-default-executor-0] INFO  impl.RoleInfo (RoleInfo.java:updateAndGet(139)) - 314195c6-23a8-4084-8433-e4a65193fa35: start 314195c6-23a8-4084-8433-e4a65193fa35@group-A950A0DADB05-FollowerState
2023-03-23 08:05:48,006 [314195c6-23a8-4084-8433-e4a65193fa35@group-A950A0DADB05-FollowerState] INFO  impl.FollowerState (FollowerState.java:run(152)) - 314195c6-23a8-4084-8433-e4a65193fa35@group-A950A0DADB05-FollowerState was interrupted
2023-03-23 08:05:48,007 [314195c6-23a8-4084-8433-e4a65193fa35@group-A950A0DADB05-FollowerState] INFO  server.RaftServerConfigKeys (ConfUtils.java:logFallback(53)) - raft.server.rpc.first-election.timeout.min = 5s (fallback to raft.server.rpc.timeout.min)
2023-03-23 08:05:48,007 [314195c6-23a8-4084-8433-e4a65193fa35@group-A950A0DADB05-FollowerState] INFO  server.RaftServerConfigKeys (ConfUtils.java:logFallback(53)) - raft.server.rpc.first-election.timeout.max = 5200ms (fallback to raft.server.rpc.timeout.max)
2023-03-23 08:05:48,009 [grpc-default-executor-0] INFO  server.RaftServer$Division (RaftServerImpl.java:requestVote(1251)) - 314195c6-23a8-4084-8433-e4a65193fa35@group-A950A0DADB05 replies to ELECTION vote request: 75faba44-0a9d-4b7a-8d49-daa003cae56d<-314195c6-23a8-4084-8433-e4a65193fa35#0:OK-t1. Peer's state: 314195c6-23a8-4084-8433-e4a65193fa35@group-A950A0DADB05:t1, leader=null, voted=75faba44-0a9d-4b7a-8d49-daa003cae56d, raftlog=Memoized:314195c6-23a8-4084-8433-e4a65193fa35@group-A950A0DADB05-SegmentedRaftLog:OPENED:c-1, conf=-1: peers:[fd439516-60ae-42f5-a7e4-bbb84e8556dc|rpc:10.1.0.214:45913|dataStream:10.1.0.214:40121|priority:0|startupRole:FOLLOWER, 314195c6-23a8-4084-8433-e4a65193fa35|rpc:10.1.0.214:39131|dataStream:10.1.0.214:34107|priority:0|startupRole:FOLLOWER, 75faba44-0a9d-4b7a-8d49-daa003cae56d|rpc:10.1.0.214:41995|dataStream:10.1.0.214:35243|priority:1|startupRole:FOLLOWER]|listeners:[], old=null
2023-03-23 08:05:48,011 [75faba44-0a9d-4b7a-8d49-daa003cae56d@group-A950A0DADB05-LeaderElection4] INFO  server.RaftServer$Division (ServerState.java:setRaftConf(430)) - 75faba44-0a9d-4b7a-8d49-daa003cae56d@group-A950A0DADB05: set configuration 0: peers:[fd439516-60ae-42f5-a7e4-bbb84e8556dc|rpc:10.1.0.214:45913|dataStream:10.1.0.214:40121|priority:0|startupRole:FOLLOWER, 314195c6-23a8-4084-8433-e4a65193fa35|rpc:10.1.0.214:39131|dataStream:10.1.0.214:34107|priority:0|startupRole:FOLLOWER, 75faba44-0a9d-4b7a-8d49-daa003cae56d|rpc:10.1.0.214:41995|dataStream:10.1.0.214:35243|priority:1|startupRole:FOLLOWER]|listeners:[], old=null
2023-03-23 08:05:48,017 [EventQueue-OpenPipelineForHealthyPipelineSafeModeRule] INFO  safemode.SCMSafeModeManager (HealthyPipelineSafeModeRule.java:process(137)) - SCM in safe mode. Healthy pipelines reported count is 1, required healthy pipeline reported count is 1
2023-03-23 08:05:48,019 [EventQueue-OpenPipelineForHealthyPipelineSafeModeRule] INFO  safemode.SCMSafeModeManager (SCMSafeModeManager.java:validateSafeModeExitRules(200)) - HealthyPipelineSafeModeRule rule is successfully validated
2023-03-23 08:05:48,019 [EventQueue-OpenPipelineForHealthyPipelineSafeModeRule] INFO  safemode.SCMSafeModeManager (SCMSafeModeManager.java:validateSafeModeExitRules(215)) - ScmSafeModeManager, all rules are successfully validated
2023-03-23 08:05:48,020 [EventQueue-OpenPipelineForHealthyPipelineSafeModeRule] INFO  safemode.SCMSafeModeManager (SCMSafeModeManager.java:exitSafeMode(244)) - SCM exiting safe mode.
2023-03-23 08:05:48,020 [EventQueue-OpenPipelineForHealthyPipelineSafeModeRule] INFO  ha.SCMContext (SCMContext.java:updateSafeModeStatus(228)) - Update SafeModeStatus from SafeModeStatus{safeModeStatus=true, preCheckPassed=true} to SafeModeStatus{safeModeStatus=false, preCheckPassed=true}.
2023-03-23 08:05:48,020 [EventQueue-OpenPipelineForHealthyPipelineSafeModeRule] INFO  pipeline.BackgroundPipelineCreator (BackgroundPipelineCreator.java:notifyStatusChanged(254)) - Service BackgroundPipelineCreator transitions to RUNNING.
2023-03-23 08:05:48,020 [EventQueue-OpenPipelineForHealthyPipelineSafeModeRule] INFO  BackgroundPipelineScrubber (BackgroundSCMService.java:notifyStatusChanged(82)) - Service BackgroundPipelineScrubber transitions to RUNNING.
2023-03-23 08:05:48,020 [EventQueue-OpenPipelineForHealthyPipelineSafeModeRule] INFO  ExpiredContainerReplicaOpScrubber (BackgroundSCMService.java:notifyStatusChanged(82)) - Service ExpiredContainerReplicaOpScrubber transitions to RUNNING.
2023-03-23 08:05:48,020 [EventQueue-OpenPipelineForHealthyPipelineSafeModeRule] INFO  replication.ReplicationManager (ReplicationManager.java:notifyStatusChanged(1265)) - Service ReplicationManager transitions to RUNNING.
2023-03-23 08:05:48,021 [EventQueue-OpenPipelineForHealthyPipelineSafeModeRule] WARN  balancer.ContainerBalancer (ContainerBalancer.java:shouldRun(131)) - Could not find persisted configuration for ContainerBalancer when checking if ContainerBalancer should run. ContainerBalancer should not run now.
2023-03-23 08:05:48,025 [BlockDeletingService#2] INFO  interfaces.ContainerDeletionChoosingPolicyTemplate (ContainerDeletionChoosingPolicyTemplate.java:chooseContainerForBlockDeletion(83)) - Chosen 0/5000 blocks from 0 candidate containers.
2023-03-23 08:05:48,027 [fd439516-60ae-42f5-a7e4-bbb84e8556dc-server-thread1] INFO  ratis.XceiverServerRatis (XceiverServerRatis.java:handleLeaderChangedNotification(905)) - Leader change notification received for group: group-A950A0DADB05 with new leaderId: 75faba44-0a9d-4b7a-8d49-daa003cae56d
2023-03-23 08:05:48,029 [BlockDeletingService#2] INFO  interfaces.ContainerDeletionChoosingPolicyTemplate (ContainerDeletionChoosingPolicyTemplate.java:chooseContainerForBlockDeletion(83)) - Chosen 0/5000 blocks from 0 candidate containers.
2023-03-23 08:05:48,029 [BlockDeletingService#2] INFO  interfaces.ContainerDeletionChoosingPolicyTemplate (ContainerDeletionChoosingPolicyTemplate.java:chooseContainerForBlockDeletion(83)) - Chosen 0/5000 blocks from 0 candidate containers.
2023-03-23 08:05:48,032 [fd439516-60ae-42f5-a7e4-bbb84e8556dc-server-thread1] INFO  server.RaftServer$Division (ServerState.java:setLeader(313)) - fd439516-60ae-42f5-a7e4-bbb84e8556dc@group-A950A0DADB05: change Leader from null to 75faba44-0a9d-4b7a-8d49-daa003cae56d at term 1 for appendEntries, leader elected after 5221ms
2023-03-23 08:05:48,034 [fd439516-60ae-42f5-a7e4-bbb84e8556dc-server-thread2] INFO  server.RaftServer$Division (ServerState.java:setRaftConf(430)) - fd439516-60ae-42f5-a7e4-bbb84e8556dc@group-A950A0DADB05: set configuration 0: peers:[fd439516-60ae-42f5-a7e4-bbb84e8556dc|rpc:10.1.0.214:45913|dataStream:10.1.0.214:40121|priority:0|startupRole:FOLLOWER, 314195c6-23a8-4084-8433-e4a65193fa35|rpc:10.1.0.214:39131|dataStream:10.1.0.214:34107|priority:0|startupRole:FOLLOWER, 75faba44-0a9d-4b7a-8d49-daa003cae56d|rpc:10.1.0.214:41995|dataStream:10.1.0.214:35243|priority:1|startupRole:FOLLOWER]|listeners:[], old=null
2023-03-23 08:05:48,034 [fd439516-60ae-42f5-a7e4-bbb84e8556dc-server-thread2] INFO  segmented.SegmentedRaftLogWorker (SegmentedRaftLogWorker.java:startLogSegment(452)) - fd439516-60ae-42f5-a7e4-bbb84e8556dc@group-A950A0DADB05-SegmentedRaftLogWorker: Starting segment from index:0
2023-03-23 08:05:48,039 [314195c6-23a8-4084-8433-e4a65193fa35-server-thread1] INFO  ratis.XceiverServerRatis (XceiverServerRatis.java:handleLeaderChangedNotification(905)) - Leader change notification received for group: group-A950A0DADB05 with new leaderId: 75faba44-0a9d-4b7a-8d49-daa003cae56d
2023-03-23 08:05:48,041 [314195c6-23a8-4084-8433-e4a65193fa35-server-thread1] INFO  server.RaftServer$Division (ServerState.java:setLeader(313)) - 314195c6-23a8-4084-8433-e4a65193fa35@group-A950A0DADB05: change Leader from null to 75faba44-0a9d-4b7a-8d49-daa003cae56d at term 1 for appendEntries, leader elected after 5108ms
2023-03-23 08:05:48,041 [fd439516-60ae-42f5-a7e4-bbb84e8556dc@group-A950A0DADB05-SegmentedRaftLogWorker] INFO  segmented.SegmentedRaftLogWorker (SegmentedRaftLogWorker.java:execute(656)) - fd439516-60ae-42f5-a7e4-bbb84e8556dc@group-A950A0DADB05-SegmentedRaftLogWorker: created new log segment /home/runner/work/ozone/ozone/hadoop-ozone/integration-test/target/test-dir/MiniOzoneClusterImpl-bf95872f-ab09-4fff-b473-e3afb8b37e70/datanode-0/data/ratis/69f24196-d01c-40cd-9020-a950a0dadb05/current/log_inprogress_0
2023-03-23 08:05:48,044 [314195c6-23a8-4084-8433-e4a65193fa35-server-thread1] INFO  server.RaftServer$Division (ServerState.java:setRaftConf(430)) - 314195c6-23a8-4084-8433-e4a65193fa35@group-A950A0DADB05: set configuration 0: peers:[fd439516-60ae-42f5-a7e4-bbb84e8556dc|rpc:10.1.0.214:45913|dataStream:10.1.0.214:40121|priority:0|startupRole:FOLLOWER, 314195c6-23a8-4084-8433-e4a65193fa35|rpc:10.1.0.214:39131|dataStream:10.1.0.214:34107|priority:0|startupRole:FOLLOWER, 75faba44-0a9d-4b7a-8d49-daa003cae56d|rpc:10.1.0.214:41995|dataStream:10.1.0.214:35243|priority:1|startupRole:FOLLOWER]|listeners:[], old=null
2023-03-23 08:05:48,044 [314195c6-23a8-4084-8433-e4a65193fa35-server-thread1] INFO  segmented.SegmentedRaftLogWorker (SegmentedRaftLogWorker.java:startLogSegment(452)) - 314195c6-23a8-4084-8433-e4a65193fa35@group-A950A0DADB05-SegmentedRaftLogWorker: Starting segment from index:0
2023-03-23 08:05:48,047 [314195c6-23a8-4084-8433-e4a65193fa35@group-A950A0DADB05-SegmentedRaftLogWorker] INFO  segmented.SegmentedRaftLogWorker (SegmentedRaftLogWorker.java:execute(656)) - 314195c6-23a8-4084-8433-e4a65193fa35@group-A950A0DADB05-SegmentedRaftLogWorker: created new log segment /home/runner/work/ozone/ozone/hadoop-ozone/integration-test/target/test-dir/MiniOzoneClusterImpl-bf95872f-ab09-4fff-b473-e3afb8b37e70/datanode-2/data/ratis/69f24196-d01c-40cd-9020-a950a0dadb05/current/log_inprogress_0
2023-03-23 08:05:48,096 [SCMBlockDeletingService#0] DEBUG block.SCMBlockDeletingService (SCMBlockDeletingService.java:call(136)) - Running DeletedBlockTransactionScanner
2023-03-23 08:05:48,127 [BlockDeletingService#2] INFO  interfaces.ContainerDeletionChoosingPolicyTemplate (ContainerDeletionChoosingPolicyTemplate.java:chooseContainerForBlockDeletion(83)) - Chosen 0/5000 blocks from 0 candidate containers.
2023-03-23 08:05:48,131 [BlockDeletingService#2] INFO  interfaces.ContainerDeletionChoosingPolicyTemplate (ContainerDeletionChoosingPolicyTemplate.java:chooseContainerForBlockDeletion(83)) - Chosen 0/5000 blocks from 0 candidate containers.
2023-03-23 08:05:48,131 [BlockDeletingService#2] INFO  interfaces.ContainerDeletionChoosingPolicyTemplate (ContainerDeletionChoosingPolicyTemplate.java:chooseContainerForBlockDeletion(83)) - Chosen 0/5000 blocks from 0 candidate containers.
2023-03-23 08:05:48,196 [SCMBlockDeletingService#0] DEBUG block.SCMBlockDeletingService (SCMBlockDeletingService.java:call(136)) - Running DeletedBlockTransactionScanner
2023-03-23 08:05:48,227 [BlockDeletingService#2] INFO  interfaces.ContainerDeletionChoosingPolicyTemplate (ContainerDeletionChoosingPolicyTemplate.java:chooseContainerForBlockDeletion(83)) - Chosen 0/5000 blocks from 0 candidate containers.
2023-03-23 08:05:48,231 [BlockDeletingService#2] INFO  interfaces.ContainerDeletionChoosingPolicyTemplate (ContainerDeletionChoosingPolicyTemplate.java:chooseContainerForBlockDeletion(83)) - Chosen 0/5000 blocks from 0 candidate containers.
2023-03-23 08:05:48,232 [BlockDeletingService#2] INFO  interfaces.ContainerDeletionChoosingPolicyTemplate (ContainerDeletionChoosingPolicyTemplate.java:chooseContainerForBlockDeletion(83)) - Chosen 0/5000 blocks from 0 candidate containers.
2023-03-23 08:05:48,296 [SCMBlockDeletingService#0] DEBUG block.SCMBlockDeletingService (SCMBlockDeletingService.java:call(136)) - Running DeletedBlockTransactionScanner
2023-03-23 08:05:48,327 [BlockDeletingService#7] INFO  interfaces.ContainerDeletionChoosingPolicyTemplate (ContainerDeletionChoosingPolicyTemplate.java:chooseContainerForBlockDeletion(83)) - Chosen 0/5000 blocks from 0 candidate containers.
2023-03-23 08:05:48,332 [BlockDeletingService#2] INFO  interfaces.ContainerDeletionChoosingPolicyTemplate (ContainerDeletionChoosingPolicyTemplate.java:chooseContainerForBlockDeletion(83)) - Chosen 0/5000 blocks from 0 candidate containers.
2023-03-23 08:05:48,332 [BlockDeletingService#2] INFO  interfaces.ContainerDeletionChoosingPolicyTemplate (ContainerDeletionChoosingPolicyTemplate.java:chooseContainerForBlockDeletion(83)) - Chosen 0/5000 blocks from 0 candidate containers.
2023-03-23 08:05:48,396 [SCMBlockDeletingService#0] DEBUG block.SCMBlockDeletingService (SCMBlockDeletingService.java:call(136)) - Running DeletedBlockTransactionScanner
2023-03-23 08:05:48,428 [BlockDeletingService#7] INFO  interfaces.ContainerDeletionChoosingPolicyTemplate (ContainerDeletionChoosingPolicyTemplate.java:chooseContainerForBlockDeletion(83)) - Chosen 0/5000 blocks from 0 candidate containers.
2023-03-23 08:05:48,432 [BlockDeletingService#2] INFO  interfaces.ContainerDeletionChoosingPolicyTemplate (ContainerDeletionChoosingPolicyTemplate.java:chooseContainerForBlockDeletion(83)) - Chosen 0/5000 blocks from 0 candidate containers.
2023-03-23 08:05:48,432 [BlockDeletingService#2] INFO  interfaces.ContainerDeletionChoosingPolicyTemplate (ContainerDeletionChoosingPolicyTemplate.java:chooseContainerForBlockDeletion(83)) - Chosen 0/5000 blocks from 0 candidate containers.
2023-03-23 08:05:48,496 [SCMBlockDeletingService#0] DEBUG block.SCMBlockDeletingService (SCMBlockDeletingService.java:call(136)) - Running DeletedBlockTransactionScanner
2023-03-23 08:05:48,528 [BlockDeletingService#7] INFO  interfaces.ContainerDeletionChoosingPolicyTemplate (ContainerDeletionChoosingPolicyTemplate.java:chooseContainerForBlockDeletion(83)) - Chosen 0/5000 blocks from 0 candidate containers.
2023-03-23 08:05:48,532 [BlockDeletingService#2] INFO  interfaces.ContainerDeletionChoosingPolicyTemplate (ContainerDeletionChoosingPolicyTemplate.java:chooseContainerForBlockDeletion(83)) - Chosen 0/5000 blocks from 0 candidate containers.
2023-03-23 08:05:48,532 [BlockDeletingService#2] INFO  interfaces.ContainerDeletionChoosingPolicyTemplate (ContainerDeletionChoosingPolicyTemplate.java:chooseContainerForBlockDeletion(83)) - Chosen 0/5000 blocks from 0 candidate containers.
2023-03-23 08:05:48,596 [SCMBlockDeletingService#0] DEBUG block.SCMBlockDeletingService (SCMBlockDeletingService.java:call(136)) - Running DeletedBlockTransactionScanner
2023-03-23 08:05:48,628 [BlockDeletingService#7] INFO  interfaces.ContainerDeletionChoosingPolicyTemplate (ContainerDeletionChoosingPolicyTemplate.java:chooseContainerForBlockDeletion(83)) - Chosen 0/5000 blocks from 0 candidate containers.
2023-03-23 08:05:48,632 [BlockDeletingService#2] INFO  interfaces.ContainerDeletionChoosingPolicyTemplate (ContainerDeletionChoosingPolicyTemplate.java:chooseContainerForBlockDeletion(83)) - Chosen 0/5000 blocks from 0 candidate containers.
2023-03-23 08:05:48,632 [BlockDeletingService#2] INFO  interfaces.ContainerDeletionChoosingPolicyTemplate (ContainerDeletionChoosingPolicyTemplate.java:chooseContainerForBlockDeletion(83)) - Chosen 0/5000 blocks from 0 candidate containers.
2023-03-23 08:05:48,696 [SCMBlockDeletingService#0] DEBUG block.SCMBlockDeletingService (SCMBlockDeletingService.java:call(136)) - Running DeletedBlockTransactionScanner
2023-03-23 08:05:48,728 [BlockDeletingService#7] INFO  interfaces.ContainerDeletionChoosingPolicyTemplate (ContainerDeletionChoosingPolicyTemplate.java:chooseContainerForBlockDeletion(83)) - Chosen 0/5000 blocks from 0 candidate containers.
2023-03-23 08:05:48,732 [BlockDeletingService#2] INFO  interfaces.ContainerDeletionChoosingPolicyTemplate (ContainerDeletionChoosingPolicyTemplate.java:chooseContainerForBlockDeletion(83)) - Chosen 0/5000 blocks from 0 candidate containers.
2023-03-23 08:05:48,732 [BlockDeletingService#2] INFO  interfaces.ContainerDeletionChoosingPolicyTemplate (ContainerDeletionChoosingPolicyTemplate.java:chooseContainerForBlockDeletion(83)) - Chosen 0/5000 blocks from 0 candidate containers.
2023-03-23 08:05:48,796 [SCMBlockDeletingService#0] DEBUG block.SCMBlockDeletingService (SCMBlockDeletingService.java:call(136)) - Running DeletedBlockTransactionScanner
2023-03-23 08:05:48,829 [BlockDeletingService#7] INFO  interfaces.ContainerDeletionChoosingPolicyTemplate (ContainerDeletionChoosingPolicyTemplate.java:chooseContainerForBlockDeletion(83)) - Chosen 0/5000 blocks from 0 candidate containers.
2023-03-23 08:05:48,833 [BlockDeletingService#2] INFO  interfaces.ContainerDeletionChoosingPolicyTemplate (ContainerDeletionChoosingPolicyTemplate.java:chooseContainerForBlockDeletion(83)) - Chosen 0/5000 blocks from 0 candidate containers.
2023-03-23 08:05:48,833 [BlockDeletingService#2] INFO  interfaces.ContainerDeletionChoosingPolicyTemplate (ContainerDeletionChoosingPolicyTemplate.java:chooseContainerForBlockDeletion(83)) - Chosen 0/5000 blocks from 0 candidate containers.
2023-03-23 08:05:48,892 [Listener at 127.0.0.1/36689] INFO  ozone.MiniOzoneClusterImpl (MiniOzoneClusterImpl.java:lambda$waitForClusterToBeReady$0(222)) - Nodes are ready. Got 3 of 3 DN Heartbeats.
2023-03-23 08:05:48,893 [Listener at 127.0.0.1/36689] INFO  ozone.MiniOzoneClusterImpl (MiniOzoneClusterImpl.java:lambda$waitForClusterToBeReady$0(225)) - Cluster exits safe mode
2023-03-23 08:05:48,893 [Listener at 127.0.0.1/36689] INFO  ozone.MiniOzoneClusterImpl (MiniOzoneClusterImpl.java:lambda$waitForClusterToBeReady$0(227)) - SCM became leader
2023-03-23 08:05:48,896 [SCMBlockDeletingService#0] DEBUG block.SCMBlockDeletingService (SCMBlockDeletingService.java:call(136)) - Running DeletedBlockTransactionScanner
2023-03-23 08:05:48,929 [BlockDeletingService#7] INFO  interfaces.ContainerDeletionChoosingPolicyTemplate (ContainerDeletionChoosingPolicyTemplate.java:chooseContainerForBlockDeletion(83)) - Chosen 0/5000 blocks from 0 candidate containers.
2023-03-23 08:05:48,933 [BlockDeletingService#2] INFO  interfaces.ContainerDeletionChoosingPolicyTemplate (ContainerDeletionChoosingPolicyTemplate.java:chooseContainerForBlockDeletion(83)) - Chosen 0/5000 blocks from 0 candidate containers.
2023-03-23 08:05:48,933 [BlockDeletingService#2] INFO  interfaces.ContainerDeletionChoosingPolicyTemplate (ContainerDeletionChoosingPolicyTemplate.java:chooseContainerForBlockDeletion(83)) - Chosen 0/5000 blocks from 0 candidate containers.
2023-03-23 08:05:48,996 [SCMBlockDeletingService#0] DEBUG block.SCMBlockDeletingService (SCMBlockDeletingService.java:call(136)) - Running DeletedBlockTransactionScanner
2023-03-23 08:05:49,029 [BlockDeletingService#7] INFO  interfaces.ContainerDeletionChoosingPolicyTemplate (ContainerDeletionChoosingPolicyTemplate.java:chooseContainerForBlockDeletion(83)) - Chosen 0/5000 blocks from 0 candidate containers.
2023-03-23 08:05:49,033 [BlockDeletingService#2] INFO  interfaces.ContainerDeletionChoosingPolicyTemplate (ContainerDeletionChoosingPolicyTemplate.java:chooseContainerForBlockDeletion(83)) - Chosen 0/5000 blocks from 0 candidate containers.
2023-03-23 08:05:49,033 [BlockDeletingService#2] INFO  interfaces.ContainerDeletionChoosingPolicyTemplate (ContainerDeletionChoosingPolicyTemplate.java:chooseContainerForBlockDeletion(83)) - Chosen 0/5000 blocks from 0 candidate containers.
2023-03-23 08:05:49,097 [SCMBlockDeletingService#0] DEBUG block.SCMBlockDeletingService (SCMBlockDeletingService.java:call(136)) - Running DeletedBlockTransactionScanner
2023-03-23 08:05:49,117 [Listener at 127.0.0.1/36689] INFO  rpc.RpcClient (RpcClient.java:createVolume(476)) - Creating Volume: 30e6876c-3b96-40dd-9a51-b588c35fbc21, with runner as owner and space quota set to -1 bytes, counts quota set to -1
2023-03-23 08:05:49,129 [BlockDeletingService#7] INFO  interfaces.ContainerDeletionChoosingPolicyTemplate (ContainerDeletionChoosingPolicyTemplate.java:chooseContainerForBlockDeletion(83)) - Chosen 0/5000 blocks from 0 candidate containers.
2023-03-23 08:05:49,131 [OM StateMachine ApplyTransaction Thread - 0] INFO  volume.OMVolumeCreateRequest (OMVolumeCreateRequest.java:validateAndUpdateCache(195)) - created volume:30e6876c-3b96-40dd-9a51-b588c35fbc21 for user:runner
2023-03-23 08:05:49,133 [BlockDeletingService#2] INFO  interfaces.ContainerDeletionChoosingPolicyTemplate (ContainerDeletionChoosingPolicyTemplate.java:chooseContainerForBlockDeletion(83)) - Chosen 0/5000 blocks from 0 candidate containers.
2023-03-23 08:05:49,133 [BlockDeletingService#2] INFO  interfaces.ContainerDeletionChoosingPolicyTemplate (ContainerDeletionChoosingPolicyTemplate.java:chooseContainerForBlockDeletion(83)) - Chosen 0/5000 blocks from 0 candidate containers.
2023-03-23 08:05:49,137 [Listener at 127.0.0.1/36689] INFO  rpc.RpcClient (RpcClient.java:createBucket(698)) - Creating Bucket: 30e6876c-3b96-40dd-9a51-b588c35fbc21/57d17bc3-0fa7-4cd4-aaa4-ac136665c75f, with server-side default bucket layout, runner as owner, Versioning false, Storage Type set to DISK and Encryption set to false, Replication Type set to server-side default replication type, Namespace Quota set to -1, Space Quota set to -1 
2023-03-23 08:05:49,140 [OM StateMachine ApplyTransaction Thread - 0] INFO  bucket.OMBucketCreateRequest (OMBucketCreateRequest.java:validateAndUpdateCache(263)) - created bucket: 57d17bc3-0fa7-4cd4-aaa4-ac136665c75f of layout FILE_SYSTEM_OPTIMIZED in volume: 30e6876c-3b96-40dd-9a51-b588c35fbc21
2023-03-23 08:05:49,159 [IPC Server handler 3 on default port 37459] INFO  ha.SequenceIdGenerator (SequenceIdGenerator.java:getNextId(128)) - Allocate a batch for containerId, change lastId from 0 to 1000.
2023-03-23 08:05:49,160 [IPC Server handler 3 on default port 37459] WARN  ha.SequenceIdGenerator (SequenceIdGenerator.java:allocateBatch(237)) - Failed to allocate a batch for localId, expected lastId is 0, actual lastId is 111677748019200000.
2023-03-23 08:05:49,160 [IPC Server handler 3 on default port 37459] INFO  ha.SequenceIdGenerator (SequenceIdGenerator.java:getNextId(128)) - Allocate a batch for localId, change lastId from 111677748019200000 to 111677748019201000.
2023-03-23 08:05:49,199 [SCMBlockDeletingService#0] DEBUG block.SCMBlockDeletingService (SCMBlockDeletingService.java:call(136)) - Running DeletedBlockTransactionScanner
2023-03-23 08:05:49,230 [BlockDeletingService#7] INFO  interfaces.ContainerDeletionChoosingPolicyTemplate (ContainerDeletionChoosingPolicyTemplate.java:chooseContainerForBlockDeletion(83)) - Chosen 0/5000 blocks from 0 candidate containers.
2023-03-23 08:05:49,234 [BlockDeletingService#2] INFO  interfaces.ContainerDeletionChoosingPolicyTemplate (ContainerDeletionChoosingPolicyTemplate.java:chooseContainerForBlockDeletion(83)) - Chosen 0/5000 blocks from 0 candidate containers.
2023-03-23 08:05:49,234 [BlockDeletingService#2] INFO  interfaces.ContainerDeletionChoosingPolicyTemplate (ContainerDeletionChoosingPolicyTemplate.java:chooseContainerForBlockDeletion(83)) - Chosen 0/5000 blocks from 0 candidate containers.
2023-03-23 08:05:49,299 [SCMBlockDeletingService#0] DEBUG block.SCMBlockDeletingService (SCMBlockDeletingService.java:call(136)) - Running DeletedBlockTransactionScanner
2023-03-23 08:05:49,330 [BlockDeletingService#7] INFO  interfaces.ContainerDeletionChoosingPolicyTemplate (ContainerDeletionChoosingPolicyTemplate.java:chooseContainerForBlockDeletion(83)) - Chosen 0/5000 blocks from 0 candidate containers.
2023-03-23 08:05:49,335 [BlockDeletingService#2] INFO  interfaces.ContainerDeletionChoosingPolicyTemplate (ContainerDeletionChoosingPolicyTemplate.java:chooseContainerForBlockDeletion(83)) - Chosen 0/5000 blocks from 0 candidate containers.
2023-03-23 08:05:49,335 [BlockDeletingService#2] INFO  interfaces.ContainerDeletionChoosingPolicyTemplate (ContainerDeletionChoosingPolicyTemplate.java:chooseContainerForBlockDeletion(83)) - Chosen 0/5000 blocks from 0 candidate containers.
2023-03-23 08:05:49,399 [SCMBlockDeletingService#0] DEBUG block.SCMBlockDeletingService (SCMBlockDeletingService.java:call(136)) - Running DeletedBlockTransactionScanner
2023-03-23 08:05:49,430 [BlockDeletingService#7] INFO  interfaces.ContainerDeletionChoosingPolicyTemplate (ContainerDeletionChoosingPolicyTemplate.java:chooseContainerForBlockDeletion(83)) - Chosen 0/5000 blocks from 0 candidate containers.
2023-03-23 08:05:49,435 [BlockDeletingService#2] INFO  interfaces.ContainerDeletionChoosingPolicyTemplate (ContainerDeletionChoosingPolicyTemplate.java:chooseContainerForBlockDeletion(83)) - Chosen 0/5000 blocks from 0 candidate containers.
2023-03-23 08:05:49,435 [BlockDeletingService#2] INFO  interfaces.ContainerDeletionChoosingPolicyTemplate (ContainerDeletionChoosingPolicyTemplate.java:chooseContainerForBlockDeletion(83)) - Chosen 0/5000 blocks from 0 candidate containers.
2023-03-23 08:05:49,499 [SCMBlockDeletingService#0] DEBUG block.SCMBlockDeletingService (SCMBlockDeletingService.java:call(136)) - Running DeletedBlockTransactionScanner
2023-03-23 08:05:49,530 [BlockDeletingService#7] INFO  interfaces.ContainerDeletionChoosingPolicyTemplate (ContainerDeletionChoosingPolicyTemplate.java:chooseContainerForBlockDeletion(83)) - Chosen 0/5000 blocks from 0 candidate containers.
2023-03-23 08:05:49,535 [BlockDeletingService#2] INFO  interfaces.ContainerDeletionChoosingPolicyTemplate (ContainerDeletionChoosingPolicyTemplate.java:chooseContainerForBlockDeletion(83)) - Chosen 0/5000 blocks from 0 candidate containers.
2023-03-23 08:05:49,535 [BlockDeletingService#2] INFO  interfaces.ContainerDeletionChoosingPolicyTemplate (ContainerDeletionChoosingPolicyTemplate.java:chooseContainerForBlockDeletion(83)) - Chosen 0/5000 blocks from 0 candidate containers.
2023-03-23 08:05:49,599 [SCMBlockDeletingService#0] DEBUG block.SCMBlockDeletingService (SCMBlockDeletingService.java:call(136)) - Running DeletedBlockTransactionScanner
2023-03-23 08:05:49,631 [BlockDeletingService#7] INFO  interfaces.ContainerDeletionChoosingPolicyTemplate (ContainerDeletionChoosingPolicyTemplate.java:chooseContainerForBlockDeletion(83)) - Chosen 0/5000 blocks from 0 candidate containers.
2023-03-23 08:05:49,636 [BlockDeletingService#2] INFO  interfaces.ContainerDeletionChoosingPolicyTemplate (ContainerDeletionChoosingPolicyTemplate.java:chooseContainerForBlockDeletion(83)) - Chosen 0/5000 blocks from 0 candidate containers.
2023-03-23 08:05:49,636 [BlockDeletingService#2] INFO  interfaces.ContainerDeletionChoosingPolicyTemplate (ContainerDeletionChoosingPolicyTemplate.java:chooseContainerForBlockDeletion(83)) - Chosen 0/5000 blocks from 0 candidate containers.
2023-03-23 08:05:49,699 [SCMBlockDeletingService#0] DEBUG block.SCMBlockDeletingService (SCMBlockDeletingService.java:call(136)) - Running DeletedBlockTransactionScanner
2023-03-23 08:05:49,731 [BlockDeletingService#7] INFO  interfaces.ContainerDeletionChoosingPolicyTemplate (ContainerDeletionChoosingPolicyTemplate.java:chooseContainerForBlockDeletion(83)) - Chosen 0/5000 blocks from 0 candidate containers.
2023-03-23 08:05:49,736 [BlockDeletingService#2] INFO  interfaces.ContainerDeletionChoosingPolicyTemplate (ContainerDeletionChoosingPolicyTemplate.java:chooseContainerForBlockDeletion(83)) - Chosen 0/5000 blocks from 0 candidate containers.
2023-03-23 08:05:49,736 [BlockDeletingService#2] INFO  interfaces.ContainerDeletionChoosingPolicyTemplate (ContainerDeletionChoosingPolicyTemplate.java:chooseContainerForBlockDeletion(83)) - Chosen 0/5000 blocks from 0 candidate containers.
2023-03-23 08:05:49,799 [SCMBlockDeletingService#0] DEBUG block.SCMBlockDeletingService (SCMBlockDeletingService.java:call(136)) - Running DeletedBlockTransactionScanner
2023-03-23 08:05:49,831 [BlockDeletingService#7] INFO  interfaces.ContainerDeletionChoosingPolicyTemplate (ContainerDeletionChoosingPolicyTemplate.java:chooseContainerForBlockDeletion(83)) - Chosen 0/5000 blocks from 0 candidate containers.
2023-03-23 08:05:49,836 [BlockDeletingService#2] INFO  interfaces.ContainerDeletionChoosingPolicyTemplate (ContainerDeletionChoosingPolicyTemplate.java:chooseContainerForBlockDeletion(83)) - Chosen 0/5000 blocks from 0 candidate containers.
2023-03-23 08:05:49,836 [BlockDeletingService#2] INFO  interfaces.ContainerDeletionChoosingPolicyTemplate (ContainerDeletionChoosingPolicyTemplate.java:chooseContainerForBlockDeletion(83)) - Chosen 0/5000 blocks from 0 candidate containers.
2023-03-23 08:05:49,899 [SCMBlockDeletingService#0] DEBUG block.SCMBlockDeletingService (SCMBlockDeletingService.java:call(136)) - Running DeletedBlockTransactionScanner
2023-03-23 08:05:49,931 [BlockDeletingService#7] INFO  interfaces.ContainerDeletionChoosingPolicyTemplate (ContainerDeletionChoosingPolicyTemplate.java:chooseContainerForBlockDeletion(83)) - Chosen 0/5000 blocks from 0 candidate containers.
2023-03-23 08:05:49,936 [BlockDeletingService#2] INFO  interfaces.ContainerDeletionChoosingPolicyTemplate (ContainerDeletionChoosingPolicyTemplate.java:chooseContainerForBlockDeletion(83)) - Chosen 0/5000 blocks from 0 candidate containers.
2023-03-23 08:05:49,936 [BlockDeletingService#2] INFO  interfaces.ContainerDeletionChoosingPolicyTemplate (ContainerDeletionChoosingPolicyTemplate.java:chooseContainerForBlockDeletion(83)) - Chosen 0/5000 blocks from 0 candidate containers.
2023-03-23 08:05:49,999 [SCMBlockDeletingService#0] DEBUG block.SCMBlockDeletingService (SCMBlockDeletingService.java:call(136)) - Running DeletedBlockTransactionScanner
2023-03-23 08:05:50,032 [BlockDeletingService#7] INFO  interfaces.ContainerDeletionChoosingPolicyTemplate (ContainerDeletionChoosingPolicyTemplate.java:chooseContainerForBlockDeletion(83)) - Chosen 0/5000 blocks from 0 candidate containers.
2023-03-23 08:05:50,036 [BlockDeletingService#2] INFO  interfaces.ContainerDeletionChoosingPolicyTemplate (ContainerDeletionChoosingPolicyTemplate.java:chooseContainerForBlockDeletion(83)) - Chosen 0/5000 blocks from 0 candidate containers.
2023-03-23 08:05:50,036 [BlockDeletingService#2] INFO  interfaces.ContainerDeletionChoosingPolicyTemplate (ContainerDeletionChoosingPolicyTemplate.java:chooseContainerForBlockDeletion(83)) - Chosen 0/5000 blocks from 0 candidate containers.
2023-03-23 08:05:50,099 [SCMBlockDeletingService#0] DEBUG block.SCMBlockDeletingService (SCMBlockDeletingService.java:call(136)) - Running DeletedBlockTransactionScanner
2023-03-23 08:05:50,132 [BlockDeletingService#7] INFO  interfaces.ContainerDeletionChoosingPolicyTemplate (ContainerDeletionChoosingPolicyTemplate.java:chooseContainerForBlockDeletion(83)) - Chosen 0/5000 blocks from 0 candidate containers.
2023-03-23 08:05:50,137 [BlockDeletingService#2] INFO  interfaces.ContainerDeletionChoosingPolicyTemplate (ContainerDeletionChoosingPolicyTemplate.java:chooseContainerForBlockDeletion(83)) - Chosen 0/5000 blocks from 0 candidate containers.
2023-03-23 08:05:50,137 [BlockDeletingService#2] INFO  interfaces.ContainerDeletionChoosingPolicyTemplate (ContainerDeletionChoosingPolicyTemplate.java:chooseContainerForBlockDeletion(83)) - Chosen 0/5000 blocks from 0 candidate containers.
2023-03-23 08:05:50,199 [SCMBlockDeletingService#0] DEBUG block.SCMBlockDeletingService (SCMBlockDeletingService.java:call(136)) - Running DeletedBlockTransactionScanner
2023-03-23 08:05:50,232 [BlockDeletingService#7] INFO  interfaces.ContainerDeletionChoosingPolicyTemplate (ContainerDeletionChoosingPolicyTemplate.java:chooseContainerForBlockDeletion(83)) - Chosen 0/5000 blocks from 0 candidate containers.
2023-03-23 08:05:50,237 [BlockDeletingService#2] INFO  interfaces.ContainerDeletionChoosingPolicyTemplate (ContainerDeletionChoosingPolicyTemplate.java:chooseContainerForBlockDeletion(83)) - Chosen 0/5000 blocks from 0 candidate containers.
2023-03-23 08:05:50,237 [BlockDeletingService#2] INFO  interfaces.ContainerDeletionChoosingPolicyTemplate (ContainerDeletionChoosingPolicyTemplate.java:chooseContainerForBlockDeletion(83)) - Chosen 0/5000 blocks from 0 candidate containers.
2023-03-23 08:05:50,299 [SCMBlockDeletingService#0] DEBUG block.SCMBlockDeletingService (SCMBlockDeletingService.java:call(136)) - Running DeletedBlockTransactionScanner
2023-03-23 08:05:50,333 [BlockDeletingService#7] INFO  interfaces.ContainerDeletionChoosingPolicyTemplate (ContainerDeletionChoosingPolicyTemplate.java:chooseContainerForBlockDeletion(83)) - Chosen 0/5000 blocks from 0 candidate containers.
2023-03-23 08:05:50,337 [BlockDeletingService#2] INFO  interfaces.ContainerDeletionChoosingPolicyTemplate (ContainerDeletionChoosingPolicyTemplate.java:chooseContainerForBlockDeletion(83)) - Chosen 0/5000 blocks from 0 candidate containers.
2023-03-23 08:05:50,337 [BlockDeletingService#2] INFO  interfaces.ContainerDeletionChoosingPolicyTemplate (ContainerDeletionChoosingPolicyTemplate.java:chooseContainerForBlockDeletion(83)) - Chosen 0/5000 blocks from 0 candidate containers.
2023-03-23 08:05:50,399 [SCMBlockDeletingService#0] DEBUG block.SCMBlockDeletingService (SCMBlockDeletingService.java:call(136)) - Running DeletedBlockTransactionScanner
2023-03-23 08:05:50,433 [BlockDeletingService#7] INFO  interfaces.ContainerDeletionChoosingPolicyTemplate (ContainerDeletionChoosingPolicyTemplate.java:chooseContainerForBlockDeletion(83)) - Chosen 0/5000 blocks from 0 candidate containers.
2023-03-23 08:05:50,437 [BlockDeletingService#2] INFO  interfaces.ContainerDeletionChoosingPolicyTemplate (ContainerDeletionChoosingPolicyTemplate.java:chooseContainerForBlockDeletion(83)) - Chosen 0/5000 blocks from 0 candidate containers.
2023-03-23 08:05:50,437 [BlockDeletingService#2] INFO  interfaces.ContainerDeletionChoosingPolicyTemplate (ContainerDeletionChoosingPolicyTemplate.java:chooseContainerForBlockDeletion(83)) - Chosen 0/5000 blocks from 0 candidate containers.
2023-03-23 08:05:50,500 [SCMBlockDeletingService#0] DEBUG block.SCMBlockDeletingService (SCMBlockDeletingService.java:call(136)) - Running DeletedBlockTransactionScanner
2023-03-23 08:05:50,534 [BlockDeletingService#7] INFO  interfaces.ContainerDeletionChoosingPolicyTemplate (ContainerDeletionChoosingPolicyTemplate.java:chooseContainerForBlockDeletion(83)) - Chosen 0/5000 blocks from 0 candidate containers.
2023-03-23 08:05:50,538 [BlockDeletingService#2] INFO  interfaces.ContainerDeletionChoosingPolicyTemplate (ContainerDeletionChoosingPolicyTemplate.java:chooseContainerForBlockDeletion(83)) - Chosen 0/5000 blocks from 0 candidate containers.
2023-03-23 08:05:50,538 [BlockDeletingService#2] INFO  interfaces.ContainerDeletionChoosingPolicyTemplate (ContainerDeletionChoosingPolicyTemplate.java:chooseContainerForBlockDeletion(83)) - Chosen 0/5000 blocks from 0 candidate containers.
2023-03-23 08:05:50,600 [SCMBlockDeletingService#0] DEBUG block.SCMBlockDeletingService (SCMBlockDeletingService.java:call(136)) - Running DeletedBlockTransactionScanner
2023-03-23 08:05:50,634 [BlockDeletingService#7] INFO  interfaces.ContainerDeletionChoosingPolicyTemplate (ContainerDeletionChoosingPolicyTemplate.java:chooseContainerForBlockDeletion(83)) - Chosen 0/5000 blocks from 0 candidate containers.
2023-03-23 08:05:50,638 [BlockDeletingService#2] INFO  interfaces.ContainerDeletionChoosingPolicyTemplate (ContainerDeletionChoosingPolicyTemplate.java:chooseContainerForBlockDeletion(83)) - Chosen 0/5000 blocks from 0 candidate containers.
2023-03-23 08:05:50,638 [BlockDeletingService#2] INFO  interfaces.ContainerDeletionChoosingPolicyTemplate (ContainerDeletionChoosingPolicyTemplate.java:chooseContainerForBlockDeletion(83)) - Chosen 0/5000 blocks from 0 candidate containers.
2023-03-23 08:05:50,700 [SCMBlockDeletingService#0] DEBUG block.SCMBlockDeletingService (SCMBlockDeletingService.java:call(136)) - Running DeletedBlockTransactionScanner
2023-03-23 08:05:50,734 [BlockDeletingService#7] INFO  interfaces.ContainerDeletionChoosingPolicyTemplate (ContainerDeletionChoosingPolicyTemplate.java:chooseContainerForBlockDeletion(83)) - Chosen 0/5000 blocks from 0 candidate containers.
2023-03-23 08:05:50,738 [BlockDeletingService#2] INFO  interfaces.ContainerDeletionChoosingPolicyTemplate (ContainerDeletionChoosingPolicyTemplate.java:chooseContainerForBlockDeletion(83)) - Chosen 0/5000 blocks from 0 candidate containers.
2023-03-23 08:05:50,738 [BlockDeletingService#2] INFO  interfaces.ContainerDeletionChoosingPolicyTemplate (ContainerDeletionChoosingPolicyTemplate.java:chooseContainerForBlockDeletion(83)) - Chosen 0/5000 blocks from 0 candidate containers.
2023-03-23 08:05:50,800 [SCMBlockDeletingService#0] DEBUG block.SCMBlockDeletingService (SCMBlockDeletingService.java:call(136)) - Running DeletedBlockTransactionScanner
2023-03-23 08:05:50,834 [BlockDeletingService#7] INFO  interfaces.ContainerDeletionChoosingPolicyTemplate (ContainerDeletionChoosingPolicyTemplate.java:chooseContainerForBlockDeletion(83)) - Chosen 0/5000 blocks from 0 candidate containers.
2023-03-23 08:05:50,840 [BlockDeletingService#2] INFO  interfaces.ContainerDeletionChoosingPolicyTemplate (ContainerDeletionChoosingPolicyTemplate.java:chooseContainerForBlockDeletion(83)) - Chosen 0/5000 blocks from 0 candidate containers.
2023-03-23 08:05:50,840 [BlockDeletingService#2] INFO  interfaces.ContainerDeletionChoosingPolicyTemplate (ContainerDeletionChoosingPolicyTemplate.java:chooseContainerForBlockDeletion(83)) - Chosen 0/5000 blocks from 0 candidate containers.
2023-03-23 08:05:50,900 [SCMBlockDeletingService#0] DEBUG block.SCMBlockDeletingService (SCMBlockDeletingService.java:call(136)) - Running DeletedBlockTransactionScanner
2023-03-23 08:05:50,935 [BlockDeletingService#7] INFO  interfaces.ContainerDeletionChoosingPolicyTemplate (ContainerDeletionChoosingPolicyTemplate.java:chooseContainerForBlockDeletion(83)) - Chosen 0/5000 blocks from 0 candidate containers.
2023-03-23 08:05:50,940 [BlockDeletingService#2] INFO  interfaces.ContainerDeletionChoosingPolicyTemplate (ContainerDeletionChoosingPolicyTemplate.java:chooseContainerForBlockDeletion(83)) - Chosen 0/5000 blocks from 0 candidate containers.
2023-03-23 08:05:50,940 [BlockDeletingService#2] INFO  interfaces.ContainerDeletionChoosingPolicyTemplate (ContainerDeletionChoosingPolicyTemplate.java:chooseContainerForBlockDeletion(83)) - Chosen 0/5000 blocks from 0 candidate containers.
2023-03-23 08:05:51,000 [SCMBlockDeletingService#0] DEBUG block.SCMBlockDeletingService (SCMBlockDeletingService.java:call(136)) - Running DeletedBlockTransactionScanner
2023-03-23 08:05:51,035 [BlockDeletingService#7] INFO  interfaces.ContainerDeletionChoosingPolicyTemplate (ContainerDeletionChoosingPolicyTemplate.java:chooseContainerForBlockDeletion(83)) - Chosen 0/5000 blocks from 0 candidate containers.
2023-03-23 08:05:51,040 [BlockDeletingService#2] INFO  interfaces.ContainerDeletionChoosingPolicyTemplate (ContainerDeletionChoosingPolicyTemplate.java:chooseContainerForBlockDeletion(83)) - Chosen 0/5000 blocks from 0 candidate containers.
2023-03-23 08:05:51,040 [BlockDeletingService#2] INFO  interfaces.ContainerDeletionChoosingPolicyTemplate (ContainerDeletionChoosingPolicyTemplate.java:chooseContainerForBlockDeletion(83)) - Chosen 0/5000 blocks from 0 candidate containers.
2023-03-23 08:05:51,100 [SCMBlockDeletingService#0] DEBUG block.SCMBlockDeletingService (SCMBlockDeletingService.java:call(136)) - Running DeletedBlockTransactionScanner
2023-03-23 08:05:51,135 [BlockDeletingService#7] INFO  interfaces.ContainerDeletionChoosingPolicyTemplate (ContainerDeletionChoosingPolicyTemplate.java:chooseContainerForBlockDeletion(83)) - Chosen 0/5000 blocks from 0 candidate containers.
2023-03-23 08:05:51,140 [BlockDeletingService#2] INFO  interfaces.ContainerDeletionChoosingPolicyTemplate (ContainerDeletionChoosingPolicyTemplate.java:chooseContainerForBlockDeletion(83)) - Chosen 0/5000 blocks from 0 candidate containers.
2023-03-23 08:05:51,141 [BlockDeletingService#2] INFO  interfaces.ContainerDeletionChoosingPolicyTemplate (ContainerDeletionChoosingPolicyTemplate.java:chooseContainerForBlockDeletion(83)) - Chosen 0/5000 blocks from 0 candidate containers.
2023-03-23 08:05:51,200 [SCMBlockDeletingService#0] DEBUG block.SCMBlockDeletingService (SCMBlockDeletingService.java:call(136)) - Running DeletedBlockTransactionScanner
2023-03-23 08:05:51,236 [BlockDeletingService#7] INFO  interfaces.ContainerDeletionChoosingPolicyTemplate (ContainerDeletionChoosingPolicyTemplate.java:chooseContainerForBlockDeletion(83)) - Chosen 0/5000 blocks from 0 candidate containers.
2023-03-23 08:05:51,241 [BlockDeletingService#2] INFO  interfaces.ContainerDeletionChoosingPolicyTemplate (ContainerDeletionChoosingPolicyTemplate.java:chooseContainerForBlockDeletion(83)) - Chosen 0/5000 blocks from 0 candidate containers.
2023-03-23 08:05:51,241 [BlockDeletingService#2] INFO  interfaces.ContainerDeletionChoosingPolicyTemplate (ContainerDeletionChoosingPolicyTemplate.java:chooseContainerForBlockDeletion(83)) - Chosen 0/5000 blocks from 0 candidate containers.
2023-03-23 08:05:51,300 [SCMBlockDeletingService#0] DEBUG block.SCMBlockDeletingService (SCMBlockDeletingService.java:call(136)) - Running DeletedBlockTransactionScanner
2023-03-23 08:05:51,336 [BlockDeletingService#7] INFO  interfaces.ContainerDeletionChoosingPolicyTemplate (ContainerDeletionChoosingPolicyTemplate.java:chooseContainerForBlockDeletion(83)) - Chosen 0/5000 blocks from 0 candidate containers.
2023-03-23 08:05:51,341 [BlockDeletingService#2] INFO  interfaces.ContainerDeletionChoosingPolicyTemplate (ContainerDeletionChoosingPolicyTemplate.java:chooseContainerForBlockDeletion(83)) - Chosen 0/5000 blocks from 0 candidate containers.
2023-03-23 08:05:51,341 [BlockDeletingService#2] INFO  interfaces.ContainerDeletionChoosingPolicyTemplate (ContainerDeletionChoosingPolicyTemplate.java:chooseContainerForBlockDeletion(83)) - Chosen 0/5000 blocks from 0 candidate containers.
2023-03-23 08:05:51,400 [SCMBlockDeletingService#0] DEBUG block.SCMBlockDeletingService (SCMBlockDeletingService.java:call(136)) - Running DeletedBlockTransactionScanner
2023-03-23 08:05:51,436 [BlockDeletingService#7] INFO  interfaces.ContainerDeletionChoosingPolicyTemplate (ContainerDeletionChoosingPolicyTemplate.java:chooseContainerForBlockDeletion(83)) - Chosen 0/5000 blocks from 0 candidate containers.
2023-03-23 08:05:51,441 [BlockDeletingService#2] INFO  interfaces.ContainerDeletionChoosingPolicyTemplate (ContainerDeletionChoosingPolicyTemplate.java:chooseContainerForBlockDeletion(83)) - Chosen 0/5000 blocks from 0 candidate containers.
2023-03-23 08:05:51,441 [BlockDeletingService#2] INFO  interfaces.ContainerDeletionChoosingPolicyTemplate (ContainerDeletionChoosingPolicyTemplate.java:chooseContainerForBlockDeletion(83)) - Chosen 0/5000 blocks from 0 candidate containers.
2023-03-23 08:05:51,500 [SCMBlockDeletingService#0] DEBUG block.SCMBlockDeletingService (SCMBlockDeletingService.java:call(136)) - Running DeletedBlockTransactionScanner
2023-03-23 08:05:51,536 [BlockDeletingService#7] INFO  interfaces.ContainerDeletionChoosingPolicyTemplate (ContainerDeletionChoosingPolicyTemplate.java:chooseContainerForBlockDeletion(83)) - Chosen 0/5000 blocks from 0 candidate containers.
2023-03-23 08:05:51,541 [BlockDeletingService#2] INFO  interfaces.ContainerDeletionChoosingPolicyTemplate (ContainerDeletionChoosingPolicyTemplate.java:chooseContainerForBlockDeletion(83)) - Chosen 0/5000 blocks from 0 candidate containers.
2023-03-23 08:05:51,542 [BlockDeletingService#2] INFO  interfaces.ContainerDeletionChoosingPolicyTemplate (ContainerDeletionChoosingPolicyTemplate.java:chooseContainerForBlockDeletion(83)) - Chosen 0/5000 blocks from 0 candidate containers.
2023-03-23 08:05:51,600 [SCMBlockDeletingService#0] DEBUG block.SCMBlockDeletingService (SCMBlockDeletingService.java:call(136)) - Running DeletedBlockTransactionScanner
2023-03-23 08:05:51,636 [BlockDeletingService#7] INFO  interfaces.ContainerDeletionChoosingPolicyTemplate (ContainerDeletionChoosingPolicyTemplate.java:chooseContainerForBlockDeletion(83)) - Chosen 0/5000 blocks from 0 candidate containers.
2023-03-23 08:05:51,641 [BlockDeletingService#2] INFO  interfaces.ContainerDeletionChoosingPolicyTemplate (ContainerDeletionChoosingPolicyTemplate.java:chooseContainerForBlockDeletion(83)) - Chosen 0/5000 blocks from 0 candidate containers.
2023-03-23 08:05:51,642 [BlockDeletingService#2] INFO  interfaces.ContainerDeletionChoosingPolicyTemplate (ContainerDeletionChoosingPolicyTemplate.java:chooseContainerForBlockDeletion(83)) - Chosen 0/5000 blocks from 0 candidate containers.
2023-03-23 08:05:51,701 [SCMBlockDeletingService#0] DEBUG block.SCMBlockDeletingService (SCMBlockDeletingService.java:call(136)) - Running DeletedBlockTransactionScanner
2023-03-23 08:05:51,737 [BlockDeletingService#7] INFO  interfaces.ContainerDeletionChoosingPolicyTemplate (ContainerDeletionChoosingPolicyTemplate.java:chooseContainerForBlockDeletion(83)) - Chosen 0/5000 blocks from 0 candidate containers.
2023-03-23 08:05:51,741 [BlockDeletingService#2] INFO  interfaces.ContainerDeletionChoosingPolicyTemplate (ContainerDeletionChoosingPolicyTemplate.java:chooseContainerForBlockDeletion(83)) - Chosen 0/5000 blocks from 0 candidate containers.
2023-03-23 08:05:51,742 [BlockDeletingService#2] INFO  interfaces.ContainerDeletionChoosingPolicyTemplate (ContainerDeletionChoosingPolicyTemplate.java:chooseContainerForBlockDeletion(83)) - Chosen 0/5000 blocks from 0 candidate containers.
2023-03-23 08:05:51,801 [SCMBlockDeletingService#0] DEBUG block.SCMBlockDeletingService (SCMBlockDeletingService.java:call(136)) - Running DeletedBlockTransactionScanner
2023-03-23 08:05:51,837 [BlockDeletingService#7] INFO  interfaces.ContainerDeletionChoosingPolicyTemplate (ContainerDeletionChoosingPolicyTemplate.java:chooseContainerForBlockDeletion(83)) - Chosen 0/5000 blocks from 0 candidate containers.
2023-03-23 08:05:51,842 [BlockDeletingService#2] INFO  interfaces.ContainerDeletionChoosingPolicyTemplate (ContainerDeletionChoosingPolicyTemplate.java:chooseContainerForBlockDeletion(83)) - Chosen 0/5000 blocks from 0 candidate containers.
2023-03-23 08:05:51,842 [BlockDeletingService#2] INFO  interfaces.ContainerDeletionChoosingPolicyTemplate (ContainerDeletionChoosingPolicyTemplate.java:chooseContainerForBlockDeletion(83)) - Chosen 0/5000 blocks from 0 candidate containers.
2023-03-23 08:05:51,901 [SCMBlockDeletingService#0] DEBUG block.SCMBlockDeletingService (SCMBlockDeletingService.java:call(136)) - Running DeletedBlockTransactionScanner
2023-03-23 08:05:51,937 [BlockDeletingService#7] INFO  interfaces.ContainerDeletionChoosingPolicyTemplate (ContainerDeletionChoosingPolicyTemplate.java:chooseContainerForBlockDeletion(83)) - Chosen 0/5000 blocks from 0 candidate containers.
2023-03-23 08:05:51,942 [BlockDeletingService#2] INFO  interfaces.ContainerDeletionChoosingPolicyTemplate (ContainerDeletionChoosingPolicyTemplate.java:chooseContainerForBlockDeletion(83)) - Chosen 0/5000 blocks from 0 candidate containers.
2023-03-23 08:05:51,942 [BlockDeletingService#2] INFO  interfaces.ContainerDeletionChoosingPolicyTemplate (ContainerDeletionChoosingPolicyTemplate.java:chooseContainerForBlockDeletion(83)) - Chosen 0/5000 blocks from 0 candidate containers.
2023-03-23 08:05:52,001 [SCMBlockDeletingService#0] DEBUG block.SCMBlockDeletingService (SCMBlockDeletingService.java:call(136)) - Running DeletedBlockTransactionScanner
2023-03-23 08:05:52,037 [BlockDeletingService#7] INFO  interfaces.ContainerDeletionChoosingPolicyTemplate (ContainerDeletionChoosingPolicyTemplate.java:chooseContainerForBlockDeletion(83)) - Chosen 0/5000 blocks from 0 candidate containers.
2023-03-23 08:05:52,042 [BlockDeletingService#2] INFO  interfaces.ContainerDeletionChoosingPolicyTemplate (ContainerDeletionChoosingPolicyTemplate.java:chooseContainerForBlockDeletion(83)) - Chosen 0/5000 blocks from 0 candidate containers.
2023-03-23 08:05:52,043 [BlockDeletingService#2] INFO  interfaces.ContainerDeletionChoosingPolicyTemplate (ContainerDeletionChoosingPolicyTemplate.java:chooseContainerForBlockDeletion(83)) - Chosen 0/5000 blocks from 0 candidate containers.
2023-03-23 08:05:52,101 [SCMBlockDeletingService#0] DEBUG block.SCMBlockDeletingService (SCMBlockDeletingService.java:call(136)) - Running DeletedBlockTransactionScanner
2023-03-23 08:05:52,138 [BlockDeletingService#7] INFO  interfaces.ContainerDeletionChoosingPolicyTemplate (ContainerDeletionChoosingPolicyTemplate.java:chooseContainerForBlockDeletion(83)) - Chosen 0/5000 blocks from 0 candidate containers.
2023-03-23 08:05:52,142 [BlockDeletingService#2] INFO  interfaces.ContainerDeletionChoosingPolicyTemplate (ContainerDeletionChoosingPolicyTemplate.java:chooseContainerForBlockDeletion(83)) - Chosen 0/5000 blocks from 0 candidate containers.
2023-03-23 08:05:52,143 [BlockDeletingService#2] INFO  interfaces.ContainerDeletionChoosingPolicyTemplate (ContainerDeletionChoosingPolicyTemplate.java:chooseContainerForBlockDeletion(83)) - Chosen 0/5000 blocks from 0 candidate containers.
2023-03-23 08:05:52,201 [SCMBlockDeletingService#0] DEBUG block.SCMBlockDeletingService (SCMBlockDeletingService.java:call(136)) - Running DeletedBlockTransactionScanner
2023-03-23 08:05:52,238 [BlockDeletingService#7] INFO  interfaces.ContainerDeletionChoosingPolicyTemplate (ContainerDeletionChoosingPolicyTemplate.java:chooseContainerForBlockDeletion(83)) - Chosen 0/5000 blocks from 0 candidate containers.
2023-03-23 08:05:52,242 [BlockDeletingService#2] INFO  interfaces.ContainerDeletionChoosingPolicyTemplate (ContainerDeletionChoosingPolicyTemplate.java:chooseContainerForBlockDeletion(83)) - Chosen 0/5000 blocks from 0 candidate containers.
2023-03-23 08:05:52,243 [BlockDeletingService#2] INFO  interfaces.ContainerDeletionChoosingPolicyTemplate (ContainerDeletionChoosingPolicyTemplate.java:chooseContainerForBlockDeletion(83)) - Chosen 0/5000 blocks from 0 candidate containers.
2023-03-23 08:05:52,301 [SCMBlockDeletingService#0] DEBUG block.SCMBlockDeletingService (SCMBlockDeletingService.java:call(136)) - Running DeletedBlockTransactionScanner
2023-03-23 08:05:52,338 [BlockDeletingService#7] INFO  interfaces.ContainerDeletionChoosingPolicyTemplate (ContainerDeletionChoosingPolicyTemplate.java:chooseContainerForBlockDeletion(83)) - Chosen 0/5000 blocks from 0 candidate containers.
2023-03-23 08:05:52,343 [BlockDeletingService#2] INFO  interfaces.ContainerDeletionChoosingPolicyTemplate (ContainerDeletionChoosingPolicyTemplate.java:chooseContainerForBlockDeletion(83)) - Chosen 0/5000 blocks from 0 candidate containers.
2023-03-23 08:05:52,343 [BlockDeletingService#2] INFO  interfaces.ContainerDeletionChoosingPolicyTemplate (ContainerDeletionChoosingPolicyTemplate.java:chooseContainerForBlockDeletion(83)) - Chosen 0/5000 blocks from 0 candidate containers.
2023-03-23 08:05:52,401 [SCMBlockDeletingService#0] DEBUG block.SCMBlockDeletingService (SCMBlockDeletingService.java:call(136)) - Running DeletedBlockTransactionScanner
2023-03-23 08:05:52,438 [BlockDeletingService#7] INFO  interfaces.ContainerDeletionChoosingPolicyTemplate (ContainerDeletionChoosingPolicyTemplate.java:chooseContainerForBlockDeletion(83)) - Chosen 0/5000 blocks from 0 candidate containers.
2023-03-23 08:05:52,443 [BlockDeletingService#2] INFO  interfaces.ContainerDeletionChoosingPolicyTemplate (ContainerDeletionChoosingPolicyTemplate.java:chooseContainerForBlockDeletion(83)) - Chosen 0/5000 blocks from 0 candidate containers.
2023-03-23 08:05:52,444 [BlockDeletingService#2] INFO  interfaces.ContainerDeletionChoosingPolicyTemplate (ContainerDeletionChoosingPolicyTemplate.java:chooseContainerForBlockDeletion(83)) - Chosen 0/5000 blocks from 0 candidate containers.
2023-03-23 08:05:52,501 [SCMBlockDeletingService#0] DEBUG block.SCMBlockDeletingService (SCMBlockDeletingService.java:call(136)) - Running DeletedBlockTransactionScanner
2023-03-23 08:05:52,539 [BlockDeletingService#7] INFO  interfaces.ContainerDeletionChoosingPolicyTemplate (ContainerDeletionChoosingPolicyTemplate.java:chooseContainerForBlockDeletion(83)) - Chosen 0/5000 blocks from 0 candidate containers.
2023-03-23 08:05:52,543 [BlockDeletingService#2] INFO  interfaces.ContainerDeletionChoosingPolicyTemplate (ContainerDeletionChoosingPolicyTemplate.java:chooseContainerForBlockDeletion(83)) - Chosen 0/5000 blocks from 0 candidate containers.
2023-03-23 08:05:52,544 [BlockDeletingService#2] INFO  interfaces.ContainerDeletionChoosingPolicyTemplate (ContainerDeletionChoosingPolicyTemplate.java:chooseContainerForBlockDeletion(83)) - Chosen 0/5000 blocks from 0 candidate containers.
2023-03-23 08:05:52,601 [SCMBlockDeletingService#0] DEBUG block.SCMBlockDeletingService (SCMBlockDeletingService.java:call(136)) - Running DeletedBlockTransactionScanner
2023-03-23 08:05:52,639 [BlockDeletingService#7] INFO  interfaces.ContainerDeletionChoosingPolicyTemplate (ContainerDeletionChoosingPolicyTemplate.java:chooseContainerForBlockDeletion(83)) - Chosen 0/5000 blocks from 0 candidate containers.
2023-03-23 08:05:52,643 [BlockDeletingService#2] INFO  interfaces.ContainerDeletionChoosingPolicyTemplate (ContainerDeletionChoosingPolicyTemplate.java:chooseContainerForBlockDeletion(83)) - Chosen 0/5000 blocks from 0 candidate containers.
2023-03-23 08:05:52,644 [BlockDeletingService#2] INFO  interfaces.ContainerDeletionChoosingPolicyTemplate (ContainerDeletionChoosingPolicyTemplate.java:chooseContainerForBlockDeletion(83)) - Chosen 0/5000 blocks from 0 candidate containers.
2023-03-23 08:05:52,701 [SCMBlockDeletingService#0] DEBUG block.SCMBlockDeletingService (SCMBlockDeletingService.java:call(136)) - Running DeletedBlockTransactionScanner
2023-03-23 08:05:52,739 [BlockDeletingService#7] INFO  interfaces.ContainerDeletionChoosingPolicyTemplate (ContainerDeletionChoosingPolicyTemplate.java:chooseContainerForBlockDeletion(83)) - Chosen 0/5000 blocks from 0 candidate containers.
2023-03-23 08:05:52,743 [BlockDeletingService#2] INFO  interfaces.ContainerDeletionChoosingPolicyTemplate (ContainerDeletionChoosingPolicyTemplate.java:chooseContainerForBlockDeletion(83)) - Chosen 0/5000 blocks from 0 candidate containers.
2023-03-23 08:05:52,744 [BlockDeletingService#2] INFO  interfaces.ContainerDeletionChoosingPolicyTemplate (ContainerDeletionChoosingPolicyTemplate.java:chooseContainerForBlockDeletion(83)) - Chosen 0/5000 blocks from 0 candidate containers.
2023-03-23 08:05:52,801 [SCMBlockDeletingService#0] DEBUG block.SCMBlockDeletingService (SCMBlockDeletingService.java:call(136)) - Running DeletedBlockTransactionScanner
2023-03-23 08:05:52,840 [BlockDeletingService#7] INFO  interfaces.ContainerDeletionChoosingPolicyTemplate (ContainerDeletionChoosingPolicyTemplate.java:chooseContainerForBlockDeletion(83)) - Chosen 0/5000 blocks from 0 candidate containers.
2023-03-23 08:05:52,844 [BlockDeletingService#2] INFO  interfaces.ContainerDeletionChoosingPolicyTemplate (ContainerDeletionChoosingPolicyTemplate.java:chooseContainerForBlockDeletion(83)) - Chosen 0/5000 blocks from 0 candidate containers.
2023-03-23 08:05:52,844 [BlockDeletingService#2] INFO  interfaces.ContainerDeletionChoosingPolicyTemplate (ContainerDeletionChoosingPolicyTemplate.java:chooseContainerForBlockDeletion(83)) - Chosen 0/5000 blocks from 0 candidate containers.
2023-03-23 08:05:52,901 [SCMBlockDeletingService#0] DEBUG block.SCMBlockDeletingService (SCMBlockDeletingService.java:call(136)) - Running DeletedBlockTransactionScanner
2023-03-23 08:05:52,940 [BlockDeletingService#7] INFO  interfaces.ContainerDeletionChoosingPolicyTemplate (ContainerDeletionChoosingPolicyTemplate.java:chooseContainerForBlockDeletion(83)) - Chosen 0/5000 blocks from 0 candidate containers.
2023-03-23 08:05:52,944 [BlockDeletingService#2] INFO  interfaces.ContainerDeletionChoosingPolicyTemplate (ContainerDeletionChoosingPolicyTemplate.java:chooseContainerForBlockDeletion(83)) - Chosen 0/5000 blocks from 0 candidate containers.
2023-03-23 08:05:52,944 [BlockDeletingService#2] INFO  interfaces.ContainerDeletionChoosingPolicyTemplate (ContainerDeletionChoosingPolicyTemplate.java:chooseContainerForBlockDeletion(83)) - Chosen 0/5000 blocks from 0 candidate containers.
2023-03-23 08:05:53,002 [SCMBlockDeletingService#0] DEBUG block.SCMBlockDeletingService (SCMBlockDeletingService.java:call(136)) - Running DeletedBlockTransactionScanner
2023-03-23 08:05:53,040 [BlockDeletingService#7] INFO  interfaces.ContainerDeletionChoosingPolicyTemplate (ContainerDeletionChoosingPolicyTemplate.java:chooseContainerForBlockDeletion(83)) - Chosen 0/5000 blocks from 0 candidate containers.
2023-03-23 08:05:53,044 [BlockDeletingService#2] INFO  interfaces.ContainerDeletionChoosingPolicyTemplate (ContainerDeletionChoosingPolicyTemplate.java:chooseContainerForBlockDeletion(83)) - Chosen 0/5000 blocks from 0 candidate containers.
2023-03-23 08:05:53,045 [BlockDeletingService#2] INFO  interfaces.ContainerDeletionChoosingPolicyTemplate (ContainerDeletionChoosingPolicyTemplate.java:chooseContainerForBlockDeletion(83)) - Chosen 0/5000 blocks from 0 candidate containers.
2023-03-23 08:05:53,102 [SCMBlockDeletingService#0] DEBUG block.SCMBlockDeletingService (SCMBlockDeletingService.java:call(136)) - Running DeletedBlockTransactionScanner
2023-03-23 08:05:53,140 [BlockDeletingService#7] INFO  interfaces.ContainerDeletionChoosingPolicyTemplate (ContainerDeletionChoosingPolicyTemplate.java:chooseContainerForBlockDeletion(83)) - Chosen 0/5000 blocks from 0 candidate containers.
2023-03-23 08:05:53,144 [BlockDeletingService#2] INFO  interfaces.ContainerDeletionChoosingPolicyTemplate (ContainerDeletionChoosingPolicyTemplate.java:chooseContainerForBlockDeletion(83)) - Chosen 0/5000 blocks from 0 candidate containers.
2023-03-23 08:05:53,145 [BlockDeletingService#2] INFO  interfaces.ContainerDeletionChoosingPolicyTemplate (ContainerDeletionChoosingPolicyTemplate.java:chooseContainerForBlockDeletion(83)) - Chosen 0/5000 blocks from 0 candidate containers.
2023-03-23 08:05:53,202 [SCMBlockDeletingService#0] DEBUG block.SCMBlockDeletingService (SCMBlockDeletingService.java:call(136)) - Running DeletedBlockTransactionScanner
2023-03-23 08:05:53,241 [BlockDeletingService#7] INFO  interfaces.ContainerDeletionChoosingPolicyTemplate (ContainerDeletionChoosingPolicyTemplate.java:chooseContainerForBlockDeletion(83)) - Chosen 0/5000 blocks from 0 candidate containers.
2023-03-23 08:05:53,245 [BlockDeletingService#2] INFO  interfaces.ContainerDeletionChoosingPolicyTemplate (ContainerDeletionChoosingPolicyTemplate.java:chooseContainerForBlockDeletion(83)) - Chosen 0/5000 blocks from 0 candidate containers.
2023-03-23 08:05:53,245 [BlockDeletingService#2] INFO  interfaces.ContainerDeletionChoosingPolicyTemplate (ContainerDeletionChoosingPolicyTemplate.java:chooseContainerForBlockDeletion(83)) - Chosen 0/5000 blocks from 0 candidate containers.
2023-03-23 08:05:53,302 [SCMBlockDeletingService#0] DEBUG block.SCMBlockDeletingService (SCMBlockDeletingService.java:call(136)) - Running DeletedBlockTransactionScanner
2023-03-23 08:05:53,341 [BlockDeletingService#7] INFO  interfaces.ContainerDeletionChoosingPolicyTemplate (ContainerDeletionChoosingPolicyTemplate.java:chooseContainerForBlockDeletion(83)) - Chosen 0/5000 blocks from 0 candidate containers.
2023-03-23 08:05:53,345 [BlockDeletingService#2] INFO  interfaces.ContainerDeletionChoosingPolicyTemplate (ContainerDeletionChoosingPolicyTemplate.java:chooseContainerForBlockDeletion(83)) - Chosen 0/5000 blocks from 0 candidate containers.
2023-03-23 08:05:53,345 [BlockDeletingService#2] INFO  interfaces.ContainerDeletionChoosingPolicyTemplate (ContainerDeletionChoosingPolicyTemplate.java:chooseContainerForBlockDeletion(83)) - Chosen 0/5000 blocks from 0 candidate containers.
2023-03-23 08:05:53,402 [SCMBlockDeletingService#0] DEBUG block.SCMBlockDeletingService (SCMBlockDeletingService.java:call(136)) - Running DeletedBlockTransactionScanner
2023-03-23 08:05:53,441 [BlockDeletingService#7] INFO  interfaces.ContainerDeletionChoosingPolicyTemplate (ContainerDeletionChoosingPolicyTemplate.java:chooseContainerForBlockDeletion(83)) - Chosen 0/5000 blocks from 0 candidate containers.
2023-03-23 08:05:53,445 [BlockDeletingService#2] INFO  interfaces.ContainerDeletionChoosingPolicyTemplate (ContainerDeletionChoosingPolicyTemplate.java:chooseContainerForBlockDeletion(83)) - Chosen 0/5000 blocks from 0 candidate containers.
2023-03-23 08:05:53,446 [BlockDeletingService#2] INFO  interfaces.ContainerDeletionChoosingPolicyTemplate (ContainerDeletionChoosingPolicyTemplate.java:chooseContainerForBlockDeletion(83)) - Chosen 0/5000 blocks from 0 candidate containers.
2023-03-23 08:05:53,502 [SCMBlockDeletingService#0] DEBUG block.SCMBlockDeletingService (SCMBlockDeletingService.java:call(136)) - Running DeletedBlockTransactionScanner
2023-03-23 08:05:53,541 [BlockDeletingService#7] INFO  interfaces.ContainerDeletionChoosingPolicyTemplate (ContainerDeletionChoosingPolicyTemplate.java:chooseContainerForBlockDeletion(83)) - Chosen 0/5000 blocks from 0 candidate containers.
2023-03-23 08:05:53,546 [BlockDeletingService#2] INFO  interfaces.ContainerDeletionChoosingPolicyTemplate (ContainerDeletionChoosingPolicyTemplate.java:chooseContainerForBlockDeletion(83)) - Chosen 0/5000 blocks from 0 candidate containers.
2023-03-23 08:05:53,546 [BlockDeletingService#2] INFO  interfaces.ContainerDeletionChoosingPolicyTemplate (ContainerDeletionChoosingPolicyTemplate.java:chooseContainerForBlockDeletion(83)) - Chosen 0/5000 blocks from 0 candidate containers.
2023-03-23 08:05:53,602 [SCMBlockDeletingService#0] DEBUG block.SCMBlockDeletingService (SCMBlockDeletingService.java:call(136)) - Running DeletedBlockTransactionScanner
2023-03-23 08:05:53,642 [BlockDeletingService#7] INFO  interfaces.ContainerDeletionChoosingPolicyTemplate (ContainerDeletionChoosingPolicyTemplate.java:chooseContainerForBlockDeletion(83)) - Chosen 0/5000 blocks from 0 candidate containers.
2023-03-23 08:05:53,646 [BlockDeletingService#2] INFO  interfaces.ContainerDeletionChoosingPolicyTemplate (ContainerDeletionChoosingPolicyTemplate.java:chooseContainerForBlockDeletion(83)) - Chosen 0/5000 blocks from 0 candidate containers.
2023-03-23 08:05:53,646 [BlockDeletingService#2] INFO  interfaces.ContainerDeletionChoosingPolicyTemplate (ContainerDeletionChoosingPolicyTemplate.java:chooseContainerForBlockDeletion(83)) - Chosen 0/5000 blocks from 0 candidate containers.
2023-03-23 08:05:53,702 [SCMBlockDeletingService#0] DEBUG block.SCMBlockDeletingService (SCMBlockDeletingService.java:call(136)) - Running DeletedBlockTransactionScanner
2023-03-23 08:05:53,742 [BlockDeletingService#7] INFO  interfaces.ContainerDeletionChoosingPolicyTemplate (ContainerDeletionChoosingPolicyTemplate.java:chooseContainerForBlockDeletion(83)) - Chosen 0/5000 blocks from 0 candidate containers.
2023-03-23 08:05:53,746 [BlockDeletingService#2] INFO  interfaces.ContainerDeletionChoosingPolicyTemplate (ContainerDeletionChoosingPolicyTemplate.java:chooseContainerForBlockDeletion(83)) - Chosen 0/5000 blocks from 0 candidate containers.
2023-03-23 08:05:53,747 [BlockDeletingService#2] INFO  interfaces.ContainerDeletionChoosingPolicyTemplate (ContainerDeletionChoosingPolicyTemplate.java:chooseContainerForBlockDeletion(83)) - Chosen 0/5000 blocks from 0 candidate containers.
2023-03-23 08:05:53,802 [SCMBlockDeletingService#0] DEBUG block.SCMBlockDeletingService (SCMBlockDeletingService.java:call(136)) - Running DeletedBlockTransactionScanner
2023-03-23 08:05:53,842 [BlockDeletingService#7] INFO  interfaces.ContainerDeletionChoosingPolicyTemplate (ContainerDeletionChoosingPolicyTemplate.java:chooseContainerForBlockDeletion(83)) - Chosen 0/5000 blocks from 0 candidate containers.
2023-03-23 08:05:53,846 [BlockDeletingService#2] INFO  interfaces.ContainerDeletionChoosingPolicyTemplate (ContainerDeletionChoosingPolicyTemplate.java:chooseContainerForBlockDeletion(83)) - Chosen 0/5000 blocks from 0 candidate containers.
2023-03-23 08:05:53,847 [BlockDeletingService#2] INFO  interfaces.ContainerDeletionChoosingPolicyTemplate (ContainerDeletionChoosingPolicyTemplate.java:chooseContainerForBlockDeletion(83)) - Chosen 0/5000 blocks from 0 candidate containers.
2023-03-23 08:05:53,902 [SCMBlockDeletingService#0] DEBUG block.SCMBlockDeletingService (SCMBlockDeletingService.java:call(136)) - Running DeletedBlockTransactionScanner
2023-03-23 08:05:53,943 [BlockDeletingService#7] INFO  interfaces.ContainerDeletionChoosingPolicyTemplate (ContainerDeletionChoosingPolicyTemplate.java:chooseContainerForBlockDeletion(83)) - Chosen 0/5000 blocks from 0 candidate containers.
2023-03-23 08:05:53,947 [BlockDeletingService#2] INFO  interfaces.ContainerDeletionChoosingPolicyTemplate (ContainerDeletionChoosingPolicyTemplate.java:chooseContainerForBlockDeletion(83)) - Chosen 0/5000 blocks from 0 candidate containers.
2023-03-23 08:05:53,947 [BlockDeletingService#2] INFO  interfaces.ContainerDeletionChoosingPolicyTemplate (ContainerDeletionChoosingPolicyTemplate.java:chooseContainerForBlockDeletion(83)) - Chosen 0/5000 blocks from 0 candidate containers.
2023-03-23 08:05:54,002 [SCMBlockDeletingService#0] DEBUG block.SCMBlockDeletingService (SCMBlockDeletingService.java:call(136)) - Running DeletedBlockTransactionScanner
2023-03-23 08:05:54,043 [BlockDeletingService#7] INFO  interfaces.ContainerDeletionChoosingPolicyTemplate (ContainerDeletionChoosingPolicyTemplate.java:chooseContainerForBlockDeletion(83)) - Chosen 0/5000 blocks from 0 candidate containers.
2023-03-23 08:05:54,047 [BlockDeletingService#2] INFO  interfaces.ContainerDeletionChoosingPolicyTemplate (ContainerDeletionChoosingPolicyTemplate.java:chooseContainerForBlockDeletion(83)) - Chosen 0/5000 blocks from 0 candidate containers.
2023-03-23 08:05:54,047 [BlockDeletingService#2] INFO  interfaces.ContainerDeletionChoosingPolicyTemplate (ContainerDeletionChoosingPolicyTemplate.java:chooseContainerForBlockDeletion(83)) - Chosen 0/5000 blocks from 0 candidate containers.
2023-03-23 08:05:54,102 [SCMBlockDeletingService#0] DEBUG block.SCMBlockDeletingService (SCMBlockDeletingService.java:call(136)) - Running DeletedBlockTransactionScanner
2023-03-23 08:05:54,143 [BlockDeletingService#7] INFO  interfaces.ContainerDeletionChoosingPolicyTemplate (ContainerDeletionChoosingPolicyTemplate.java:chooseContainerForBlockDeletion(83)) - Chosen 0/5000 blocks from 0 candidate containers.
2023-03-23 08:05:54,147 [BlockDeletingService#2] INFO  interfaces.ContainerDeletionChoosingPolicyTemplate (ContainerDeletionChoosingPolicyTemplate.java:chooseContainerForBlockDeletion(83)) - Chosen 0/5000 blocks from 0 candidate containers.
2023-03-23 08:05:54,147 [BlockDeletingService#2] INFO  interfaces.ContainerDeletionChoosingPolicyTemplate (ContainerDeletionChoosingPolicyTemplate.java:chooseContainerForBlockDeletion(83)) - Chosen 0/5000 blocks from 0 candidate containers.
2023-03-23 08:05:54,202 [SCMBlockDeletingService#0] DEBUG block.SCMBlockDeletingService (SCMBlockDeletingService.java:call(136)) - Running DeletedBlockTransactionScanner
2023-03-23 08:05:54,243 [BlockDeletingService#7] INFO  interfaces.ContainerDeletionChoosingPolicyTemplate (ContainerDeletionChoosingPolicyTemplate.java:chooseContainerForBlockDeletion(83)) - Chosen 0/5000 blocks from 0 candidate containers.
2023-03-23 08:05:54,248 [BlockDeletingService#2] INFO  interfaces.ContainerDeletionChoosingPolicyTemplate (ContainerDeletionChoosingPolicyTemplate.java:chooseContainerForBlockDeletion(83)) - Chosen 0/5000 blocks from 0 candidate containers.
2023-03-23 08:05:54,248 [BlockDeletingService#2] INFO  interfaces.ContainerDeletionChoosingPolicyTemplate (ContainerDeletionChoosingPolicyTemplate.java:chooseContainerForBlockDeletion(83)) - Chosen 0/5000 blocks from 0 candidate containers.
2023-03-23 08:05:54,303 [SCMBlockDeletingService#0] DEBUG block.SCMBlockDeletingService (SCMBlockDeletingService.java:call(136)) - Running DeletedBlockTransactionScanner
2023-03-23 08:05:54,344 [BlockDeletingService#7] INFO  interfaces.ContainerDeletionChoosingPolicyTemplate (ContainerDeletionChoosingPolicyTemplate.java:chooseContainerForBlockDeletion(83)) - Chosen 0/5000 blocks from 0 candidate containers.
2023-03-23 08:05:54,348 [BlockDeletingService#2] INFO  interfaces.ContainerDeletionChoosingPolicyTemplate (ContainerDeletionChoosingPolicyTemplate.java:chooseContainerForBlockDeletion(83)) - Chosen 0/5000 blocks from 0 candidate containers.
2023-03-23 08:05:54,348 [BlockDeletingService#2] INFO  interfaces.ContainerDeletionChoosingPolicyTemplate (ContainerDeletionChoosingPolicyTemplate.java:chooseContainerForBlockDeletion(83)) - Chosen 0/5000 blocks from 0 candidate containers.
2023-03-23 08:05:54,403 [SCMBlockDeletingService#0] DEBUG block.SCMBlockDeletingService (SCMBlockDeletingService.java:call(136)) - Running DeletedBlockTransactionScanner
2023-03-23 08:05:54,444 [BlockDeletingService#7] INFO  interfaces.ContainerDeletionChoosingPolicyTemplate (ContainerDeletionChoosingPolicyTemplate.java:chooseContainerForBlockDeletion(83)) - Chosen 0/5000 blocks from 0 candidate containers.
2023-03-23 08:05:54,448 [BlockDeletingService#2] INFO  interfaces.ContainerDeletionChoosingPolicyTemplate (ContainerDeletionChoosingPolicyTemplate.java:chooseContainerForBlockDeletion(83)) - Chosen 0/5000 blocks from 0 candidate containers.
2023-03-23 08:05:54,448 [BlockDeletingService#2] INFO  interfaces.ContainerDeletionChoosingPolicyTemplate (ContainerDeletionChoosingPolicyTemplate.java:chooseContainerForBlockDeletion(83)) - Chosen 0/5000 blocks from 0 candidate containers.
2023-03-23 08:05:54,503 [SCMBlockDeletingService#0] DEBUG block.SCMBlockDeletingService (SCMBlockDeletingService.java:call(136)) - Running DeletedBlockTransactionScanner
2023-03-23 08:05:54,544 [BlockDeletingService#7] INFO  interfaces.ContainerDeletionChoosingPolicyTemplate (ContainerDeletionChoosingPolicyTemplate.java:chooseContainerForBlockDeletion(83)) - Chosen 0/5000 blocks from 0 candidate containers.
2023-03-23 08:05:54,548 [BlockDeletingService#2] INFO  interfaces.ContainerDeletionChoosingPolicyTemplate (ContainerDeletionChoosingPolicyTemplate.java:chooseContainerForBlockDeletion(83)) - Chosen 0/5000 blocks from 0 candidate containers.
2023-03-23 08:05:54,548 [BlockDeletingService#2] INFO  interfaces.ContainerDeletionChoosingPolicyTemplate (ContainerDeletionChoosingPolicyTemplate.java:chooseContainerForBlockDeletion(83)) - Chosen 0/5000 blocks from 0 candidate containers.
2023-03-23 08:05:54,559 [EventQueue-CloseContainerForCloseContainerEventHandler] INFO  container.CloseContainerEventHandler (CloseContainerEventHandler.java:onMessage(78)) - Close container Event triggered for container : #1, current state: OPEN
2023-03-23 08:05:54,603 [SCMBlockDeletingService#0] DEBUG block.SCMBlockDeletingService (SCMBlockDeletingService.java:call(136)) - Running DeletedBlockTransactionScanner
2023-03-23 08:05:54,645 [BlockDeletingService#7] INFO  interfaces.ContainerDeletionChoosingPolicyTemplate (ContainerDeletionChoosingPolicyTemplate.java:chooseContainerForBlockDeletion(83)) - Chosen 0/5000 blocks from 0 candidate containers.
2023-03-23 08:05:54,648 [BlockDeletingService#2] INFO  interfaces.ContainerDeletionChoosingPolicyTemplate (ContainerDeletionChoosingPolicyTemplate.java:chooseContainerForBlockDeletion(83)) - Chosen 0/5000 blocks from 0 candidate containers.
2023-03-23 08:05:54,648 [BlockDeletingService#2] INFO  interfaces.ContainerDeletionChoosingPolicyTemplate (ContainerDeletionChoosingPolicyTemplate.java:chooseContainerForBlockDeletion(83)) - Chosen 0/5000 blocks from 0 candidate containers.
2023-03-23 08:05:54,703 [SCMBlockDeletingService#0] DEBUG block.SCMBlockDeletingService (SCMBlockDeletingService.java:call(136)) - Running DeletedBlockTransactionScanner
2023-03-23 08:05:54,745 [BlockDeletingService#7] INFO  interfaces.ContainerDeletionChoosingPolicyTemplate (ContainerDeletionChoosingPolicyTemplate.java:chooseContainerForBlockDeletion(83)) - Chosen 0/5000 blocks from 0 candidate containers.
2023-03-23 08:05:54,749 [BlockDeletingService#2] INFO  interfaces.ContainerDeletionChoosingPolicyTemplate (ContainerDeletionChoosingPolicyTemplate.java:chooseContainerForBlockDeletion(83)) - Chosen 0/5000 blocks from 0 candidate containers.
2023-03-23 08:05:54,749 [BlockDeletingService#2] INFO  interfaces.ContainerDeletionChoosingPolicyTemplate (ContainerDeletionChoosingPolicyTemplate.java:chooseContainerForBlockDeletion(83)) - Chosen 0/5000 blocks from 0 candidate containers.
2023-03-23 08:05:54,803 [SCMBlockDeletingService#0] DEBUG block.SCMBlockDeletingService (SCMBlockDeletingService.java:call(136)) - Running DeletedBlockTransactionScanner
2023-03-23 08:05:54,845 [BlockDeletingService#7] INFO  interfaces.ContainerDeletionChoosingPolicyTemplate (ContainerDeletionChoosingPolicyTemplate.java:chooseContainerForBlockDeletion(83)) - Chosen 0/5000 blocks from 0 candidate containers.
2023-03-23 08:05:54,849 [BlockDeletingService#2] INFO  interfaces.ContainerDeletionChoosingPolicyTemplate (ContainerDeletionChoosingPolicyTemplate.java:chooseContainerForBlockDeletion(83)) - Chosen 0/5000 blocks from 0 candidate containers.
2023-03-23 08:05:54,849 [BlockDeletingService#2] INFO  interfaces.ContainerDeletionChoosingPolicyTemplate (ContainerDeletionChoosingPolicyTemplate.java:chooseContainerForBlockDeletion(83)) - Chosen 0/5000 blocks from 0 candidate containers.
2023-03-23 08:05:54,903 [SCMBlockDeletingService#0] DEBUG block.SCMBlockDeletingService (SCMBlockDeletingService.java:call(136)) - Running DeletedBlockTransactionScanner
2023-03-23 08:05:54,945 [BlockDeletingService#7] INFO  interfaces.ContainerDeletionChoosingPolicyTemplate (ContainerDeletionChoosingPolicyTemplate.java:chooseContainerForBlockDeletion(83)) - Chosen 0/5000 blocks from 0 candidate containers.
2023-03-23 08:05:54,949 [BlockDeletingService#2] INFO  interfaces.ContainerDeletionChoosingPolicyTemplate (ContainerDeletionChoosingPolicyTemplate.java:chooseContainerForBlockDeletion(83)) - Chosen 0/5000 blocks from 0 candidate containers.
2023-03-23 08:05:54,949 [BlockDeletingService#2] INFO  interfaces.ContainerDeletionChoosingPolicyTemplate (ContainerDeletionChoosingPolicyTemplate.java:chooseContainerForBlockDeletion(83)) - Chosen 0/5000 blocks from 0 candidate containers.
2023-03-23 08:05:55,003 [SCMBlockDeletingService#0] DEBUG block.SCMBlockDeletingService (SCMBlockDeletingService.java:call(136)) - Running DeletedBlockTransactionScanner
2023-03-23 08:05:55,046 [BlockDeletingService#7] INFO  interfaces.ContainerDeletionChoosingPolicyTemplate (ContainerDeletionChoosingPolicyTemplate.java:chooseContainerForBlockDeletion(83)) - Chosen 0/5000 blocks from 0 candidate containers.
2023-03-23 08:05:55,049 [BlockDeletingService#2] INFO  interfaces.ContainerDeletionChoosingPolicyTemplate (ContainerDeletionChoosingPolicyTemplate.java:chooseContainerForBlockDeletion(83)) - Chosen 0/5000 blocks from 0 candidate containers.
2023-03-23 08:05:55,049 [BlockDeletingService#2] INFO  interfaces.ContainerDeletionChoosingPolicyTemplate (ContainerDeletionChoosingPolicyTemplate.java:chooseContainerForBlockDeletion(83)) - Chosen 0/5000 blocks from 0 candidate containers.
2023-03-23 08:05:55,103 [SCMBlockDeletingService#0] DEBUG block.SCMBlockDeletingService (SCMBlockDeletingService.java:call(136)) - Running DeletedBlockTransactionScanner
2023-03-23 08:05:55,146 [BlockDeletingService#7] INFO  interfaces.ContainerDeletionChoosingPolicyTemplate (ContainerDeletionChoosingPolicyTemplate.java:chooseContainerForBlockDeletion(83)) - Chosen 0/5000 blocks from 0 candidate containers.
2023-03-23 08:05:55,149 [BlockDeletingService#2] INFO  interfaces.ContainerDeletionChoosingPolicyTemplate (ContainerDeletionChoosingPolicyTemplate.java:chooseContainerForBlockDeletion(83)) - Chosen 0/5000 blocks from 0 candidate containers.
2023-03-23 08:05:55,150 [BlockDeletingService#2] INFO  interfaces.ContainerDeletionChoosingPolicyTemplate (ContainerDeletionChoosingPolicyTemplate.java:chooseContainerForBlockDeletion(83)) - Chosen 0/5000 blocks from 0 candidate containers.
2023-03-23 08:05:55,203 [SCMBlockDeletingService#0] DEBUG block.SCMBlockDeletingService (SCMBlockDeletingService.java:call(136)) - Running DeletedBlockTransactionScanner
2023-03-23 08:05:55,246 [BlockDeletingService#7] INFO  interfaces.ContainerDeletionChoosingPolicyTemplate (ContainerDeletionChoosingPolicyTemplate.java:chooseContainerForBlockDeletion(83)) - Chosen 0/5000 blocks from 0 candidate containers.
2023-03-23 08:05:55,247 [ContainerOp-69f24196-d01c-40cd-9020-a950a0dadb05-6] INFO  keyvalue.KeyValueContainer (KeyValueContainer.java:flushAndSyncDB(446)) - Container 1 is synced with bcsId 10.
2023-03-23 08:05:55,247 [ContainerOp-69f24196-d01c-40cd-9020-a950a0dadb05-6] INFO  keyvalue.KeyValueContainer (KeyValueContainer.java:flushAndSyncDB(446)) - Container 1 is synced with bcsId 10.
2023-03-23 08:05:55,250 [ContainerOp-69f24196-d01c-40cd-9020-a950a0dadb05-6] INFO  keyvalue.KeyValueContainer (KeyValueContainer.java:close(361)) - Container 1 is closed with bcsId 10.
2023-03-23 08:05:55,250 [BlockDeletingService#2] INFO  interfaces.ContainerDeletionChoosingPolicyTemplate (ContainerDeletionChoosingPolicyTemplate.java:chooseContainerForBlockDeletion(83)) - Chosen 0/5000 blocks from 0 candidate containers.
2023-03-23 08:05:55,250 [BlockDeletingService#2] INFO  interfaces.ContainerDeletionChoosingPolicyTemplate (ContainerDeletionChoosingPolicyTemplate.java:chooseContainerForBlockDeletion(83)) - Chosen 0/5000 blocks from 0 candidate containers.
2023-03-23 08:05:55,251 [FixedThreadPoolWithAffinityExecutor-1-0] INFO  container.IncrementalContainerReportHandler (AbstractContainerReportHandler.java:updateContainerState(292)) - Moving container #1 to CLOSED state, datanode 75faba44-0a9d-4b7a-8d49-daa003cae56d(fv-az105-497.wy5h1aom0jgehahef1oyr10hrc.bx.internal.cloudapp.net/10.1.0.214) reported CLOSED replica.
2023-03-23 08:05:55,253 [ContainerOp-69f24196-d01c-40cd-9020-a950a0dadb05-6] INFO  keyvalue.KeyValueContainer (KeyValueContainer.java:flushAndSyncDB(446)) - Container 1 is synced with bcsId 10.
2023-03-23 08:05:55,253 [ContainerOp-69f24196-d01c-40cd-9020-a950a0dadb05-6] INFO  keyvalue.KeyValueContainer (KeyValueContainer.java:flushAndSyncDB(446)) - Container 1 is synced with bcsId 10.
2023-03-23 08:05:55,256 [ContainerOp-69f24196-d01c-40cd-9020-a950a0dadb05-6] INFO  keyvalue.KeyValueContainer (KeyValueContainer.java:close(361)) - Container 1 is closed with bcsId 10.
2023-03-23 08:05:55,261 [ContainerOp-69f24196-d01c-40cd-9020-a950a0dadb05-6] INFO  keyvalue.KeyValueContainer (KeyValueContainer.java:flushAndSyncDB(446)) - Container 1 is synced with bcsId 10.
2023-03-23 08:05:55,261 [ContainerOp-69f24196-d01c-40cd-9020-a950a0dadb05-6] INFO  keyvalue.KeyValueContainer (KeyValueContainer.java:flushAndSyncDB(446)) - Container 1 is synced with bcsId 10.
2023-03-23 08:05:55,264 [ContainerOp-69f24196-d01c-40cd-9020-a950a0dadb05-6] INFO  keyvalue.KeyValueContainer (KeyValueContainer.java:close(361)) - Container 1 is closed with bcsId 10.
2023-03-23 08:05:55,303 [SCMBlockDeletingService#0] DEBUG block.SCMBlockDeletingService (SCMBlockDeletingService.java:call(136)) - Running DeletedBlockTransactionScanner
2023-03-23 08:05:55,347 [BlockDeletingService#7] INFO  interfaces.ContainerDeletionChoosingPolicyTemplate (ContainerDeletionChoosingPolicyTemplate.java:chooseContainerForBlockDeletion(83)) - Chosen 0/5000 blocks from 0 candidate containers.
2023-03-23 08:05:55,350 [BlockDeletingService#2] INFO  interfaces.ContainerDeletionChoosingPolicyTemplate (ContainerDeletionChoosingPolicyTemplate.java:chooseContainerForBlockDeletion(83)) - Chosen 0/5000 blocks from 0 candidate containers.
2023-03-23 08:05:55,350 [BlockDeletingService#2] INFO  interfaces.ContainerDeletionChoosingPolicyTemplate (ContainerDeletionChoosingPolicyTemplate.java:chooseContainerForBlockDeletion(83)) - Chosen 0/5000 blocks from 0 candidate containers.
2023-03-23 08:05:55,403 [SCMBlockDeletingService#0] DEBUG block.SCMBlockDeletingService (SCMBlockDeletingService.java:call(136)) - Running DeletedBlockTransactionScanner
2023-03-23 08:05:55,447 [BlockDeletingService#7] INFO  interfaces.ContainerDeletionChoosingPolicyTemplate (ContainerDeletionChoosingPolicyTemplate.java:chooseContainerForBlockDeletion(83)) - Chosen 0/5000 blocks from 0 candidate containers.
2023-03-23 08:05:55,451 [BlockDeletingService#2] INFO  interfaces.ContainerDeletionChoosingPolicyTemplate (ContainerDeletionChoosingPolicyTemplate.java:chooseContainerForBlockDeletion(83)) - Chosen 0/5000 blocks from 0 candidate containers.
2023-03-23 08:05:55,451 [BlockDeletingService#2] INFO  interfaces.ContainerDeletionChoosingPolicyTemplate (ContainerDeletionChoosingPolicyTemplate.java:chooseContainerForBlockDeletion(83)) - Chosen 0/5000 blocks from 0 candidate containers.
2023-03-23 08:05:55,503 [SCMBlockDeletingService#0] DEBUG block.SCMBlockDeletingService (SCMBlockDeletingService.java:call(136)) - Running DeletedBlockTransactionScanner
2023-03-23 08:05:55,547 [BlockDeletingService#7] INFO  interfaces.ContainerDeletionChoosingPolicyTemplate (ContainerDeletionChoosingPolicyTemplate.java:chooseContainerForBlockDeletion(83)) - Chosen 0/5000 blocks from 0 candidate containers.
2023-03-23 08:05:55,551 [BlockDeletingService#2] INFO  interfaces.ContainerDeletionChoosingPolicyTemplate (ContainerDeletionChoosingPolicyTemplate.java:chooseContainerForBlockDeletion(83)) - Chosen 0/5000 blocks from 0 candidate containers.
2023-03-23 08:05:55,551 [BlockDeletingService#2] INFO  interfaces.ContainerDeletionChoosingPolicyTemplate (ContainerDeletionChoosingPolicyTemplate.java:chooseContainerForBlockDeletion(83)) - Chosen 0/5000 blocks from 0 candidate containers.
2023-03-23 08:05:55,603 [SCMBlockDeletingService#0] DEBUG block.SCMBlockDeletingService (SCMBlockDeletingService.java:call(136)) - Running DeletedBlockTransactionScanner
2023-03-23 08:05:55,648 [BlockDeletingService#7] INFO  interfaces.ContainerDeletionChoosingPolicyTemplate (ContainerDeletionChoosingPolicyTemplate.java:chooseContainerForBlockDeletion(83)) - Chosen 0/5000 blocks from 0 candidate containers.
2023-03-23 08:05:55,651 [BlockDeletingService#2] INFO  interfaces.ContainerDeletionChoosingPolicyTemplate (ContainerDeletionChoosingPolicyTemplate.java:chooseContainerForBlockDeletion(83)) - Chosen 0/5000 blocks from 0 candidate containers.
2023-03-23 08:05:55,651 [BlockDeletingService#2] INFO  interfaces.ContainerDeletionChoosingPolicyTemplate (ContainerDeletionChoosingPolicyTemplate.java:chooseContainerForBlockDeletion(83)) - Chosen 0/5000 blocks from 0 candidate containers.
2023-03-23 08:05:55,704 [SCMBlockDeletingService#0] DEBUG block.SCMBlockDeletingService (SCMBlockDeletingService.java:call(136)) - Running DeletedBlockTransactionScanner
2023-03-23 08:05:55,748 [BlockDeletingService#7] INFO  interfaces.ContainerDeletionChoosingPolicyTemplate (ContainerDeletionChoosingPolicyTemplate.java:chooseContainerForBlockDeletion(83)) - Chosen 0/5000 blocks from 0 candidate containers.
2023-03-23 08:05:55,751 [BlockDeletingService#2] INFO  interfaces.ContainerDeletionChoosingPolicyTemplate (ContainerDeletionChoosingPolicyTemplate.java:chooseContainerForBlockDeletion(83)) - Chosen 0/5000 blocks from 0 candidate containers.
2023-03-23 08:05:55,752 [BlockDeletingService#2] INFO  interfaces.ContainerDeletionChoosingPolicyTemplate (ContainerDeletionChoosingPolicyTemplate.java:chooseContainerForBlockDeletion(83)) - Chosen 0/5000 blocks from 0 candidate containers.
2023-03-23 08:05:55,804 [SCMBlockDeletingService#0] DEBUG block.SCMBlockDeletingService (SCMBlockDeletingService.java:call(136)) - Running DeletedBlockTransactionScanner
2023-03-23 08:05:55,848 [BlockDeletingService#7] INFO  interfaces.ContainerDeletionChoosingPolicyTemplate (ContainerDeletionChoosingPolicyTemplate.java:chooseContainerForBlockDeletion(83)) - Chosen 0/5000 blocks from 0 candidate containers.
2023-03-23 08:05:55,852 [BlockDeletingService#2] INFO  interfaces.ContainerDeletionChoosingPolicyTemplate (ContainerDeletionChoosingPolicyTemplate.java:chooseContainerForBlockDeletion(83)) - Chosen 0/5000 blocks from 0 candidate containers.
2023-03-23 08:05:55,852 [BlockDeletingService#2] INFO  interfaces.ContainerDeletionChoosingPolicyTemplate (ContainerDeletionChoosingPolicyTemplate.java:chooseContainerForBlockDeletion(83)) - Chosen 0/5000 blocks from 0 candidate containers.
2023-03-23 08:05:55,904 [SCMBlockDeletingService#0] DEBUG block.SCMBlockDeletingService (SCMBlockDeletingService.java:call(136)) - Running DeletedBlockTransactionScanner
2023-03-23 08:05:55,949 [BlockDeletingService#7] INFO  interfaces.ContainerDeletionChoosingPolicyTemplate (ContainerDeletionChoosingPolicyTemplate.java:chooseContainerForBlockDeletion(83)) - Chosen 0/5000 blocks from 0 candidate containers.
2023-03-23 08:05:55,952 [BlockDeletingService#2] INFO  interfaces.ContainerDeletionChoosingPolicyTemplate (ContainerDeletionChoosingPolicyTemplate.java:chooseContainerForBlockDeletion(83)) - Chosen 0/5000 blocks from 0 candidate containers.
2023-03-23 08:05:55,952 [BlockDeletingService#2] INFO  interfaces.ContainerDeletionChoosingPolicyTemplate (ContainerDeletionChoosingPolicyTemplate.java:chooseContainerForBlockDeletion(83)) - Chosen 0/5000 blocks from 0 candidate containers.
2023-03-23 08:05:56,004 [SCMBlockDeletingService#0] DEBUG block.SCMBlockDeletingService (SCMBlockDeletingService.java:call(136)) - Running DeletedBlockTransactionScanner
2023-03-23 08:05:56,049 [BlockDeletingService#7] INFO  interfaces.ContainerDeletionChoosingPolicyTemplate (ContainerDeletionChoosingPolicyTemplate.java:chooseContainerForBlockDeletion(83)) - Chosen 0/5000 blocks from 0 candidate containers.
2023-03-23 08:05:56,052 [BlockDeletingService#2] INFO  interfaces.ContainerDeletionChoosingPolicyTemplate (ContainerDeletionChoosingPolicyTemplate.java:chooseContainerForBlockDeletion(83)) - Chosen 0/5000 blocks from 0 candidate containers.
2023-03-23 08:05:56,052 [BlockDeletingService#2] INFO  interfaces.ContainerDeletionChoosingPolicyTemplate (ContainerDeletionChoosingPolicyTemplate.java:chooseContainerForBlockDeletion(83)) - Chosen 0/5000 blocks from 0 candidate containers.
2023-03-23 08:05:56,104 [SCMBlockDeletingService#0] DEBUG block.SCMBlockDeletingService (SCMBlockDeletingService.java:call(136)) - Running DeletedBlockTransactionScanner
2023-03-23 08:05:56,149 [BlockDeletingService#7] INFO  interfaces.ContainerDeletionChoosingPolicyTemplate (ContainerDeletionChoosingPolicyTemplate.java:chooseContainerForBlockDeletion(83)) - Chosen 0/5000 blocks from 0 candidate containers.
2023-03-23 08:05:56,152 [BlockDeletingService#2] INFO  interfaces.ContainerDeletionChoosingPolicyTemplate (ContainerDeletionChoosingPolicyTemplate.java:chooseContainerForBlockDeletion(83)) - Chosen 0/5000 blocks from 0 candidate containers.
2023-03-23 08:05:56,152 [BlockDeletingService#2] INFO  interfaces.ContainerDeletionChoosingPolicyTemplate (ContainerDeletionChoosingPolicyTemplate.java:chooseContainerForBlockDeletion(83)) - Chosen 0/5000 blocks from 0 candidate containers.
2023-03-23 08:05:56,204 [SCMBlockDeletingService#0] DEBUG block.SCMBlockDeletingService (SCMBlockDeletingService.java:call(136)) - Running DeletedBlockTransactionScanner
2023-03-23 08:05:56,250 [BlockDeletingService#7] INFO  interfaces.ContainerDeletionChoosingPolicyTemplate (ContainerDeletionChoosingPolicyTemplate.java:chooseContainerForBlockDeletion(83)) - Chosen 0/5000 blocks from 0 candidate containers.
2023-03-23 08:05:56,253 [BlockDeletingService#2] INFO  interfaces.ContainerDeletionChoosingPolicyTemplate (ContainerDeletionChoosingPolicyTemplate.java:chooseContainerForBlockDeletion(83)) - Chosen 0/5000 blocks from 0 candidate containers.
2023-03-23 08:05:56,253 [BlockDeletingService#2] INFO  interfaces.ContainerDeletionChoosingPolicyTemplate (ContainerDeletionChoosingPolicyTemplate.java:chooseContainerForBlockDeletion(83)) - Chosen 0/5000 blocks from 0 candidate containers.
2023-03-23 08:05:56,304 [SCMBlockDeletingService#0] DEBUG block.SCMBlockDeletingService (SCMBlockDeletingService.java:call(136)) - Running DeletedBlockTransactionScanner
2023-03-23 08:05:56,350 [BlockDeletingService#7] INFO  interfaces.ContainerDeletionChoosingPolicyTemplate (ContainerDeletionChoosingPolicyTemplate.java:chooseContainerForBlockDeletion(83)) - Chosen 0/5000 blocks from 0 candidate containers.
2023-03-23 08:05:56,353 [BlockDeletingService#2] INFO  interfaces.ContainerDeletionChoosingPolicyTemplate (ContainerDeletionChoosingPolicyTemplate.java:chooseContainerForBlockDeletion(83)) - Chosen 0/5000 blocks from 0 candidate containers.
2023-03-23 08:05:56,353 [BlockDeletingService#2] INFO  interfaces.ContainerDeletionChoosingPolicyTemplate (ContainerDeletionChoosingPolicyTemplate.java:chooseContainerForBlockDeletion(83)) - Chosen 0/5000 blocks from 0 candidate containers.
2023-03-23 08:05:56,404 [SCMBlockDeletingService#0] DEBUG block.SCMBlockDeletingService (SCMBlockDeletingService.java:call(136)) - Running DeletedBlockTransactionScanner
2023-03-23 08:05:56,450 [BlockDeletingService#7] INFO  interfaces.ContainerDeletionChoosingPolicyTemplate (ContainerDeletionChoosingPolicyTemplate.java:chooseContainerForBlockDeletion(83)) - Chosen 0/5000 blocks from 0 candidate containers.
2023-03-23 08:05:56,453 [BlockDeletingService#2] INFO  interfaces.ContainerDeletionChoosingPolicyTemplate (ContainerDeletionChoosingPolicyTemplate.java:chooseContainerForBlockDeletion(83)) - Chosen 0/5000 blocks from 0 candidate containers.
2023-03-23 08:05:56,453 [BlockDeletingService#2] INFO  interfaces.ContainerDeletionChoosingPolicyTemplate (ContainerDeletionChoosingPolicyTemplate.java:chooseContainerForBlockDeletion(83)) - Chosen 0/5000 blocks from 0 candidate containers.
2023-03-23 08:05:56,504 [SCMBlockDeletingService#0] DEBUG block.SCMBlockDeletingService (SCMBlockDeletingService.java:call(136)) - Running DeletedBlockTransactionScanner
2023-03-23 08:05:56,550 [BlockDeletingService#7] INFO  interfaces.ContainerDeletionChoosingPolicyTemplate (ContainerDeletionChoosingPolicyTemplate.java:chooseContainerForBlockDeletion(83)) - Chosen 0/5000 blocks from 0 candidate containers.
2023-03-23 08:05:56,553 [BlockDeletingService#2] INFO  interfaces.ContainerDeletionChoosingPolicyTemplate (ContainerDeletionChoosingPolicyTemplate.java:chooseContainerForBlockDeletion(83)) - Chosen 0/5000 blocks from 0 candidate containers.
2023-03-23 08:05:56,553 [BlockDeletingService#2] INFO  interfaces.ContainerDeletionChoosingPolicyTemplate (ContainerDeletionChoosingPolicyTemplate.java:chooseContainerForBlockDeletion(83)) - Chosen 0/5000 blocks from 0 candidate containers.
2023-03-23 08:05:56,601 [IPC Server handler 3 on default port 37459] INFO  ha.SequenceIdGenerator (SequenceIdGenerator.java:getNextId(128)) - Allocate a batch for delTxnId, change lastId from 0 to 1000.
2023-03-23 08:05:56,604 [KeyDeletingService#0] INFO  service.KeyDeletingService (KeyDeletingService.java:call(188)) - Number of keys deleted: 1, elapsed time: 6ms
2023-03-23 08:05:56,604 [SCMBlockDeletingService#0] DEBUG block.SCMBlockDeletingService (SCMBlockDeletingService.java:call(136)) - Running DeletedBlockTransactionScanner
2023-03-23 08:05:56,604 [SCMBlockDeletingService#0] DEBUG block.SCMBlockDeletingService (DatanodeDeletedBlockTransactions.java:addTransactionToDN(50)) - Transaction added: 314195c6-23a8-4084-8433-e4a65193fa35 <- TX(1)
2023-03-23 08:05:56,605 [SCMBlockDeletingService#0] DEBUG block.SCMBlockDeletingService (DatanodeDeletedBlockTransactions.java:addTransactionToDN(50)) - Transaction added: 75faba44-0a9d-4b7a-8d49-daa003cae56d <- TX(1)
2023-03-23 08:05:56,605 [SCMBlockDeletingService#0] DEBUG block.SCMBlockDeletingService (DatanodeDeletedBlockTransactions.java:addTransactionToDN(50)) - Transaction added: fd439516-60ae-42f5-a7e4-bbb84e8556dc <- TX(1)
2023-03-23 08:05:56,605 [SCMBlockDeletingService#0] DEBUG block.SCMBlockDeletingService (SCMBlockDeletingService.java:call(171)) - Added delete block command for datanode 75faba44-0a9d-4b7a-8d49-daa003cae56d in the queue, number of delete block transactions: 1
2023-03-23 08:05:56,605 [SCMBlockDeletingService#0] DEBUG block.SCMBlockDeletingService (SCMBlockDeletingService.java:call(171)) - Added delete block command for datanode 314195c6-23a8-4084-8433-e4a65193fa35 in the queue, number of delete block transactions: 1
2023-03-23 08:05:56,605 [SCMBlockDeletingService#0] DEBUG block.SCMBlockDeletingService (SCMBlockDeletingService.java:call(171)) - Added delete block command for datanode fd439516-60ae-42f5-a7e4-bbb84e8556dc in the queue, number of delete block transactions: 1
2023-03-23 08:05:56,605 [SCMBlockDeletingService#0] INFO  block.SCMBlockDeletingService (SCMBlockDeletingService.java:call(180)) - Totally added 3 blocks to be deleted for 3 datanodes, task elapsed time: 1ms
2023-03-23 08:05:56,651 [BlockDeletingService#7] INFO  interfaces.ContainerDeletionChoosingPolicyTemplate (ContainerDeletionChoosingPolicyTemplate.java:chooseContainerForBlockDeletion(83)) - Chosen 0/5000 blocks from 0 candidate containers.
2023-03-23 08:05:56,654 [BlockDeletingService#2] INFO  interfaces.ContainerDeletionChoosingPolicyTemplate (ContainerDeletionChoosingPolicyTemplate.java:chooseContainerForBlockDeletion(83)) - Chosen 0/5000 blocks from 0 candidate containers.
2023-03-23 08:05:56,654 [BlockDeletingService#2] INFO  interfaces.ContainerDeletionChoosingPolicyTemplate (ContainerDeletionChoosingPolicyTemplate.java:chooseContainerForBlockDeletion(83)) - Chosen 0/5000 blocks from 0 candidate containers.
2023-03-23 08:05:56,704 [SCMBlockDeletingService#0] DEBUG block.SCMBlockDeletingService (SCMBlockDeletingService.java:call(136)) - Running DeletedBlockTransactionScanner
2023-03-23 08:05:56,705 [SCMBlockDeletingService#0] DEBUG block.SCMBlockDeletingService (DatanodeDeletedBlockTransactions.java:addTransactionToDN(50)) - Transaction added: 314195c6-23a8-4084-8433-e4a65193fa35 <- TX(1)
2023-03-23 08:05:56,705 [SCMBlockDeletingService#0] DEBUG block.SCMBlockDeletingService (DatanodeDeletedBlockTransactions.java:addTransactionToDN(50)) - Transaction added: 75faba44-0a9d-4b7a-8d49-daa003cae56d <- TX(1)
2023-03-23 08:05:56,705 [SCMBlockDeletingService#0] DEBUG block.SCMBlockDeletingService (DatanodeDeletedBlockTransactions.java:addTransactionToDN(50)) - Transaction added: fd439516-60ae-42f5-a7e4-bbb84e8556dc <- TX(1)
2023-03-23 08:05:56,705 [SCMBlockDeletingService#0] DEBUG block.SCMBlockDeletingService (SCMBlockDeletingService.java:call(171)) - Added delete block command for datanode 75faba44-0a9d-4b7a-8d49-daa003cae56d in the queue, number of delete block transactions: 1
2023-03-23 08:05:56,705 [SCMBlockDeletingService#0] DEBUG block.SCMBlockDeletingService (SCMBlockDeletingService.java:call(171)) - Added delete block command for datanode 314195c6-23a8-4084-8433-e4a65193fa35 in the queue, number of delete block transactions: 1
2023-03-23 08:05:56,705 [SCMBlockDeletingService#0] DEBUG block.SCMBlockDeletingService (SCMBlockDeletingService.java:call(171)) - Added delete block command for datanode fd439516-60ae-42f5-a7e4-bbb84e8556dc in the queue, number of delete block transactions: 1
2023-03-23 08:05:56,705 [SCMBlockDeletingService#0] INFO  block.SCMBlockDeletingService (SCMBlockDeletingService.java:call(180)) - Totally added 3 blocks to be deleted for 3 datanodes, task elapsed time: 0ms
2023-03-23 08:05:56,751 [BlockDeletingService#7] INFO  interfaces.ContainerDeletionChoosingPolicyTemplate (ContainerDeletionChoosingPolicyTemplate.java:chooseContainerForBlockDeletion(83)) - Chosen 0/5000 blocks from 0 candidate containers.
2023-03-23 08:05:56,754 [BlockDeletingService#2] INFO  interfaces.ContainerDeletionChoosingPolicyTemplate (ContainerDeletionChoosingPolicyTemplate.java:chooseContainerForBlockDeletion(83)) - Chosen 0/5000 blocks from 0 candidate containers.
2023-03-23 08:05:56,754 [BlockDeletingService#2] INFO  interfaces.ContainerDeletionChoosingPolicyTemplate (ContainerDeletionChoosingPolicyTemplate.java:chooseContainerForBlockDeletion(83)) - Chosen 0/5000 blocks from 0 candidate containers.
2023-03-23 08:05:56,804 [SCMBlockDeletingService#0] DEBUG block.SCMBlockDeletingService (SCMBlockDeletingService.java:call(136)) - Running DeletedBlockTransactionScanner
2023-03-23 08:05:56,851 [BlockDeletingService#7] INFO  interfaces.ContainerDeletionChoosingPolicyTemplate (ContainerDeletionChoosingPolicyTemplate.java:chooseContainerForBlockDeletion(83)) - Chosen 0/5000 blocks from 0 candidate containers.
2023-03-23 08:05:56,854 [BlockDeletingService#2] INFO  interfaces.ContainerDeletionChoosingPolicyTemplate (ContainerDeletionChoosingPolicyTemplate.java:chooseContainerForBlockDeletion(83)) - Chosen 0/5000 blocks from 0 candidate containers.
2023-03-23 08:05:56,854 [BlockDeletingService#2] INFO  interfaces.ContainerDeletionChoosingPolicyTemplate (ContainerDeletionChoosingPolicyTemplate.java:chooseContainerForBlockDeletion(83)) - Chosen 0/5000 blocks from 0 candidate containers.
2023-03-23 08:05:56,904 [SCMBlockDeletingService#0] DEBUG block.SCMBlockDeletingService (SCMBlockDeletingService.java:call(136)) - Running DeletedBlockTransactionScanner
2023-03-23 08:05:56,905 [SCMBlockDeletingService#0] DEBUG block.SCMBlockDeletingService (DatanodeDeletedBlockTransactions.java:addTransactionToDN(50)) - Transaction added: 314195c6-23a8-4084-8433-e4a65193fa35 <- TX(1)
2023-03-23 08:05:56,905 [SCMBlockDeletingService#0] DEBUG block.SCMBlockDeletingService (DatanodeDeletedBlockTransactions.java:addTransactionToDN(50)) - Transaction added: 75faba44-0a9d-4b7a-8d49-daa003cae56d <- TX(1)
2023-03-23 08:05:56,905 [SCMBlockDeletingService#0] DEBUG block.SCMBlockDeletingService (DatanodeDeletedBlockTransactions.java:addTransactionToDN(50)) - Transaction added: fd439516-60ae-42f5-a7e4-bbb84e8556dc <- TX(1)
2023-03-23 08:05:56,905 [SCMBlockDeletingService#0] DEBUG block.SCMBlockDeletingService (SCMBlockDeletingService.java:call(171)) - Added delete block command for datanode 75faba44-0a9d-4b7a-8d49-daa003cae56d in the queue, number of delete block transactions: 1
2023-03-23 08:05:56,905 [SCMBlockDeletingService#0] DEBUG block.SCMBlockDeletingService (SCMBlockDeletingService.java:call(171)) - Added delete block command for datanode 314195c6-23a8-4084-8433-e4a65193fa35 in the queue, number of delete block transactions: 1
2023-03-23 08:05:56,905 [SCMBlockDeletingService#0] DEBUG block.SCMBlockDeletingService (SCMBlockDeletingService.java:call(171)) - Added delete block command for datanode fd439516-60ae-42f5-a7e4-bbb84e8556dc in the queue, number of delete block transactions: 1
2023-03-23 08:05:56,905 [SCMBlockDeletingService#0] INFO  block.SCMBlockDeletingService (SCMBlockDeletingService.java:call(180)) - Totally added 3 blocks to be deleted for 3 datanodes, task elapsed time: 0ms
2023-03-23 08:05:56,951 [BlockDeletingService#7] INFO  interfaces.ContainerDeletionChoosingPolicyTemplate (ContainerDeletionChoosingPolicyTemplate.java:chooseContainerForBlockDeletion(83)) - Chosen 0/5000 blocks from 0 candidate containers.
2023-03-23 08:05:56,954 [BlockDeletingService#2] INFO  interfaces.ContainerDeletionChoosingPolicyTemplate (ContainerDeletionChoosingPolicyTemplate.java:chooseContainerForBlockDeletion(83)) - Chosen 0/5000 blocks from 0 candidate containers.
2023-03-23 08:05:56,954 [BlockDeletingService#2] INFO  interfaces.ContainerDeletionChoosingPolicyTemplate (ContainerDeletionChoosingPolicyTemplate.java:chooseContainerForBlockDeletion(83)) - Chosen 0/5000 blocks from 0 candidate containers.
2023-03-23 08:05:57,004 [SCMBlockDeletingService#0] DEBUG block.SCMBlockDeletingService (SCMBlockDeletingService.java:call(136)) - Running DeletedBlockTransactionScanner
2023-03-23 08:05:57,053 [BlockDeletingService#7] INFO  interfaces.ContainerDeletionChoosingPolicyTemplate (ContainerDeletionChoosingPolicyTemplate.java:chooseContainerForBlockDeletion(83)) - Chosen 0/5000 blocks from 0 candidate containers.
2023-03-23 08:05:57,054 [BlockDeletingService#2] INFO  interfaces.ContainerDeletionChoosingPolicyTemplate (ContainerDeletionChoosingPolicyTemplate.java:chooseContainerForBlockDeletion(83)) - Chosen 0/5000 blocks from 0 candidate containers.
2023-03-23 08:05:57,055 [BlockDeletingService#2] INFO  interfaces.ContainerDeletionChoosingPolicyTemplate (ContainerDeletionChoosingPolicyTemplate.java:chooseContainerForBlockDeletion(83)) - Chosen 0/5000 blocks from 0 candidate containers.
2023-03-23 08:05:57,105 [SCMBlockDeletingService#0] DEBUG block.SCMBlockDeletingService (SCMBlockDeletingService.java:call(136)) - Running DeletedBlockTransactionScanner
2023-03-23 08:05:57,105 [SCMBlockDeletingService#0] DEBUG block.SCMBlockDeletingService (DatanodeDeletedBlockTransactions.java:addTransactionToDN(50)) - Transaction added: 314195c6-23a8-4084-8433-e4a65193fa35 <- TX(1)
2023-03-23 08:05:57,105 [SCMBlockDeletingService#0] DEBUG block.SCMBlockDeletingService (DatanodeDeletedBlockTransactions.java:addTransactionToDN(50)) - Transaction added: 75faba44-0a9d-4b7a-8d49-daa003cae56d <- TX(1)
2023-03-23 08:05:57,105 [SCMBlockDeletingService#0] DEBUG block.SCMBlockDeletingService (DatanodeDeletedBlockTransactions.java:addTransactionToDN(50)) - Transaction added: fd439516-60ae-42f5-a7e4-bbb84e8556dc <- TX(1)
2023-03-23 08:05:57,105 [SCMBlockDeletingService#0] DEBUG block.SCMBlockDeletingService (SCMBlockDeletingService.java:call(171)) - Added delete block command for datanode 75faba44-0a9d-4b7a-8d49-daa003cae56d in the queue, number of delete block transactions: 1
2023-03-23 08:05:57,105 [SCMBlockDeletingService#0] DEBUG block.SCMBlockDeletingService (SCMBlockDeletingService.java:call(171)) - Added delete block command for datanode 314195c6-23a8-4084-8433-e4a65193fa35 in the queue, number of delete block transactions: 1
2023-03-23 08:05:57,105 [SCMBlockDeletingService#0] DEBUG block.SCMBlockDeletingService (SCMBlockDeletingService.java:call(171)) - Added delete block command for datanode fd439516-60ae-42f5-a7e4-bbb84e8556dc in the queue, number of delete block transactions: 1
2023-03-23 08:05:57,105 [SCMBlockDeletingService#0] INFO  block.SCMBlockDeletingService (SCMBlockDeletingService.java:call(180)) - Totally added 3 blocks to be deleted for 3 datanodes, task elapsed time: 1ms
2023-03-23 08:05:57,153 [BlockDeletingService#7] INFO  interfaces.ContainerDeletionChoosingPolicyTemplate (ContainerDeletionChoosingPolicyTemplate.java:chooseContainerForBlockDeletion(83)) - Chosen 0/5000 blocks from 0 candidate containers.
2023-03-23 08:05:57,155 [BlockDeletingService#2] INFO  interfaces.ContainerDeletionChoosingPolicyTemplate (ContainerDeletionChoosingPolicyTemplate.java:chooseContainerForBlockDeletion(83)) - Chosen 0/5000 blocks from 0 candidate containers.
2023-03-23 08:05:57,155 [BlockDeletingService#2] INFO  interfaces.ContainerDeletionChoosingPolicyTemplate (ContainerDeletionChoosingPolicyTemplate.java:chooseContainerForBlockDeletion(83)) - Chosen 0/5000 blocks from 0 candidate containers.
2023-03-23 08:05:57,205 [SCMBlockDeletingService#0] DEBUG block.SCMBlockDeletingService (SCMBlockDeletingService.java:call(136)) - Running DeletedBlockTransactionScanner
2023-03-23 08:05:57,253 [BlockDeletingService#7] INFO  interfaces.ContainerDeletionChoosingPolicyTemplate (ContainerDeletionChoosingPolicyTemplate.java:chooseContainerForBlockDeletion(83)) - Chosen 0/5000 blocks from 0 candidate containers.
2023-03-23 08:05:57,255 [BlockDeletingService#2] INFO  interfaces.ContainerDeletionChoosingPolicyTemplate (ContainerDeletionChoosingPolicyTemplate.java:chooseContainerForBlockDeletion(83)) - Chosen 0/5000 blocks from 0 candidate containers.
2023-03-23 08:05:57,255 [BlockDeletingService#2] INFO  interfaces.ContainerDeletionChoosingPolicyTemplate (ContainerDeletionChoosingPolicyTemplate.java:chooseContainerForBlockDeletion(83)) - Chosen 0/5000 blocks from 0 candidate containers.
2023-03-23 08:05:57,305 [SCMBlockDeletingService#0] DEBUG block.SCMBlockDeletingService (SCMBlockDeletingService.java:call(136)) - Running DeletedBlockTransactionScanner
2023-03-23 08:05:57,305 [SCMBlockDeletingService#0] DEBUG block.SCMBlockDeletingService (DatanodeDeletedBlockTransactions.java:addTransactionToDN(50)) - Transaction added: 314195c6-23a8-4084-8433-e4a65193fa35 <- TX(1)
2023-03-23 08:05:57,305 [SCMBlockDeletingService#0] DEBUG block.SCMBlockDeletingService (DatanodeDeletedBlockTransactions.java:addTransactionToDN(50)) - Transaction added: 75faba44-0a9d-4b7a-8d49-daa003cae56d <- TX(1)
2023-03-23 08:05:57,305 [SCMBlockDeletingService#0] DEBUG block.SCMBlockDeletingService (DatanodeDeletedBlockTransactions.java:addTransactionToDN(50)) - Transaction added: fd439516-60ae-42f5-a7e4-bbb84e8556dc <- TX(1)
2023-03-23 08:05:57,305 [SCMBlockDeletingService#0] DEBUG block.SCMBlockDeletingService (SCMBlockDeletingService.java:call(171)) - Added delete block command for datanode 75faba44-0a9d-4b7a-8d49-daa003cae56d in the queue, number of delete block transactions: 1
2023-03-23 08:05:57,306 [SCMBlockDeletingService#0] DEBUG block.SCMBlockDeletingService (SCMBlockDeletingService.java:call(171)) - Added delete block command for datanode 314195c6-23a8-4084-8433-e4a65193fa35 in the queue, number of delete block transactions: 1
2023-03-23 08:05:57,306 [SCMBlockDeletingService#0] DEBUG block.SCMBlockDeletingService (SCMBlockDeletingService.java:call(171)) - Added delete block command for datanode fd439516-60ae-42f5-a7e4-bbb84e8556dc in the queue, number of delete block transactions: 1
2023-03-23 08:05:57,306 [SCMBlockDeletingService#0] INFO  block.SCMBlockDeletingService (SCMBlockDeletingService.java:call(180)) - Totally added 3 blocks to be deleted for 3 datanodes, task elapsed time: 1ms
2023-03-23 08:05:57,353 [BlockDeletingService#7] INFO  interfaces.ContainerDeletionChoosingPolicyTemplate (ContainerDeletionChoosingPolicyTemplate.java:chooseContainerForBlockDeletion(83)) - Chosen 0/5000 blocks from 0 candidate containers.
2023-03-23 08:05:57,355 [BlockDeletingService#2] INFO  interfaces.ContainerDeletionChoosingPolicyTemplate (ContainerDeletionChoosingPolicyTemplate.java:chooseContainerForBlockDeletion(83)) - Chosen 0/5000 blocks from 0 candidate containers.
2023-03-23 08:05:57,355 [BlockDeletingService#2] INFO  interfaces.ContainerDeletionChoosingPolicyTemplate (ContainerDeletionChoosingPolicyTemplate.java:chooseContainerForBlockDeletion(83)) - Chosen 0/5000 blocks from 0 candidate containers.
2023-03-23 08:05:57,405 [SCMBlockDeletingService#0] DEBUG block.SCMBlockDeletingService (SCMBlockDeletingService.java:call(136)) - Running DeletedBlockTransactionScanner
2023-03-23 08:05:57,454 [BlockDeletingService#7] INFO  interfaces.ContainerDeletionChoosingPolicyTemplate (ContainerDeletionChoosingPolicyTemplate.java:chooseContainerForBlockDeletion(83)) - Chosen 0/5000 blocks from 0 candidate containers.
2023-03-23 08:05:57,455 [BlockDeletingService#2] INFO  interfaces.ContainerDeletionChoosingPolicyTemplate (ContainerDeletionChoosingPolicyTemplate.java:chooseContainerForBlockDeletion(83)) - Chosen 0/5000 blocks from 0 candidate containers.
2023-03-23 08:05:57,455 [BlockDeletingService#2] INFO  interfaces.ContainerDeletionChoosingPolicyTemplate (ContainerDeletionChoosingPolicyTemplate.java:chooseContainerForBlockDeletion(83)) - Chosen 0/5000 blocks from 0 candidate containers.
2023-03-23 08:05:57,505 [SCMBlockDeletingService#0] DEBUG block.SCMBlockDeletingService (SCMBlockDeletingService.java:call(136)) - Running DeletedBlockTransactionScanner
2023-03-23 08:05:57,505 [SCMBlockDeletingService#0] DEBUG block.SCMBlockDeletingService (DatanodeDeletedBlockTransactions.java:addTransactionToDN(50)) - Transaction added: 314195c6-23a8-4084-8433-e4a65193fa35 <- TX(1)
2023-03-23 08:05:57,505 [SCMBlockDeletingService#0] DEBUG block.SCMBlockDeletingService (DatanodeDeletedBlockTransactions.java:addTransactionToDN(50)) - Transaction added: 75faba44-0a9d-4b7a-8d49-daa003cae56d <- TX(1)
2023-03-23 08:05:57,505 [SCMBlockDeletingService#0] DEBUG block.SCMBlockDeletingService (DatanodeDeletedBlockTransactions.java:addTransactionToDN(50)) - Transaction added: fd439516-60ae-42f5-a7e4-bbb84e8556dc <- TX(1)
2023-03-23 08:05:57,505 [SCMBlockDeletingService#0] DEBUG block.SCMBlockDeletingService (SCMBlockDeletingService.java:call(171)) - Added delete block command for datanode 75faba44-0a9d-4b7a-8d49-daa003cae56d in the queue, number of delete block transactions: 1
2023-03-23 08:05:57,506 [SCMBlockDeletingService#0] DEBUG block.SCMBlockDeletingService (SCMBlockDeletingService.java:call(171)) - Added delete block command for datanode 314195c6-23a8-4084-8433-e4a65193fa35 in the queue, number of delete block transactions: 1
2023-03-23 08:05:57,506 [SCMBlockDeletingService#0] DEBUG block.SCMBlockDeletingService (SCMBlockDeletingService.java:call(171)) - Added delete block command for datanode fd439516-60ae-42f5-a7e4-bbb84e8556dc in the queue, number of delete block transactions: 1
2023-03-23 08:05:57,506 [SCMBlockDeletingService#0] INFO  block.SCMBlockDeletingService (SCMBlockDeletingService.java:call(180)) - Totally added 3 blocks to be deleted for 3 datanodes, task elapsed time: 1ms
2023-03-23 08:05:57,554 [BlockDeletingService#7] INFO  interfaces.ContainerDeletionChoosingPolicyTemplate (ContainerDeletionChoosingPolicyTemplate.java:chooseContainerForBlockDeletion(83)) - Chosen 0/5000 blocks from 0 candidate containers.
2023-03-23 08:05:57,555 [BlockDeletingService#2] INFO  interfaces.ContainerDeletionChoosingPolicyTemplate (ContainerDeletionChoosingPolicyTemplate.java:chooseContainerForBlockDeletion(83)) - Chosen 0/5000 blocks from 0 candidate containers.
2023-03-23 08:05:57,555 [BlockDeletingService#2] INFO  interfaces.ContainerDeletionChoosingPolicyTemplate (ContainerDeletionChoosingPolicyTemplate.java:chooseContainerForBlockDeletion(83)) - Chosen 0/5000 blocks from 0 candidate containers.
2023-03-23 08:05:57,605 [SCMBlockDeletingService#0] DEBUG block.SCMBlockDeletingService (SCMBlockDeletingService.java:call(136)) - Running DeletedBlockTransactionScanner
2023-03-23 08:05:57,654 [BlockDeletingService#7] INFO  interfaces.ContainerDeletionChoosingPolicyTemplate (ContainerDeletionChoosingPolicyTemplate.java:chooseContainerForBlockDeletion(83)) - Chosen 0/5000 blocks from 0 candidate containers.
2023-03-23 08:05:57,656 [BlockDeletingService#2] INFO  interfaces.ContainerDeletionChoosingPolicyTemplate (ContainerDeletionChoosingPolicyTemplate.java:chooseContainerForBlockDeletion(83)) - Chosen 0/5000 blocks from 0 candidate containers.
2023-03-23 08:05:57,656 [BlockDeletingService#2] INFO  interfaces.ContainerDeletionChoosingPolicyTemplate (ContainerDeletionChoosingPolicyTemplate.java:chooseContainerForBlockDeletion(83)) - Chosen 0/5000 blocks from 0 candidate containers.
2023-03-23 08:05:57,705 [SCMBlockDeletingService#0] DEBUG block.SCMBlockDeletingService (SCMBlockDeletingService.java:call(136)) - Running DeletedBlockTransactionScanner
2023-03-23 08:05:57,705 [SCMBlockDeletingService#0] DEBUG block.SCMBlockDeletingService (DatanodeDeletedBlockTransactions.java:addTransactionToDN(50)) - Transaction added: 314195c6-23a8-4084-8433-e4a65193fa35 <- TX(1)
2023-03-23 08:05:57,706 [SCMBlockDeletingService#0] DEBUG block.SCMBlockDeletingService (DatanodeDeletedBlockTransactions.java:addTransactionToDN(50)) - Transaction added: 75faba44-0a9d-4b7a-8d49-daa003cae56d <- TX(1)
2023-03-23 08:05:57,706 [SCMBlockDeletingService#0] DEBUG block.SCMBlockDeletingService (DatanodeDeletedBlockTransactions.java:addTransactionToDN(50)) - Transaction added: fd439516-60ae-42f5-a7e4-bbb84e8556dc <- TX(1)
2023-03-23 08:05:57,706 [SCMBlockDeletingService#0] DEBUG block.SCMBlockDeletingService (SCMBlockDeletingService.java:call(171)) - Added delete block command for datanode 75faba44-0a9d-4b7a-8d49-daa003cae56d in the queue, number of delete block transactions: 1
2023-03-23 08:05:57,706 [SCMBlockDeletingService#0] DEBUG block.SCMBlockDeletingService (SCMBlockDeletingService.java:call(171)) - Added delete block command for datanode 314195c6-23a8-4084-8433-e4a65193fa35 in the queue, number of delete block transactions: 1
2023-03-23 08:05:57,706 [SCMBlockDeletingService#0] DEBUG block.SCMBlockDeletingService (SCMBlockDeletingService.java:call(171)) - Added delete block command for datanode fd439516-60ae-42f5-a7e4-bbb84e8556dc in the queue, number of delete block transactions: 1
2023-03-23 08:05:57,706 [SCMBlockDeletingService#0] INFO  block.SCMBlockDeletingService (SCMBlockDeletingService.java:call(180)) - Totally added 3 blocks to be deleted for 3 datanodes, task elapsed time: 1ms
2023-03-23 08:05:57,754 [BlockDeletingService#7] INFO  interfaces.ContainerDeletionChoosingPolicyTemplate (ContainerDeletionChoosingPolicyTemplate.java:chooseContainerForBlockDeletion(83)) - Chosen 0/5000 blocks from 0 candidate containers.
2023-03-23 08:05:57,756 [BlockDeletingService#2] INFO  interfaces.ContainerDeletionChoosingPolicyTemplate (ContainerDeletionChoosingPolicyTemplate.java:chooseContainerForBlockDeletion(83)) - Chosen 0/5000 blocks from 0 candidate containers.
2023-03-23 08:05:57,756 [BlockDeletingService#2] INFO  interfaces.ContainerDeletionChoosingPolicyTemplate (ContainerDeletionChoosingPolicyTemplate.java:chooseContainerForBlockDeletion(83)) - Chosen 0/5000 blocks from 0 candidate containers.
2023-03-23 08:05:57,805 [SCMBlockDeletingService#0] DEBUG block.SCMBlockDeletingService (SCMBlockDeletingService.java:call(136)) - Running DeletedBlockTransactionScanner
2023-03-23 08:05:57,855 [BlockDeletingService#7] INFO  interfaces.ContainerDeletionChoosingPolicyTemplate (ContainerDeletionChoosingPolicyTemplate.java:chooseContainerForBlockDeletion(83)) - Chosen 0/5000 blocks from 0 candidate containers.
2023-03-23 08:05:57,856 [BlockDeletingService#2] INFO  interfaces.ContainerDeletionChoosingPolicyTemplate (ContainerDeletionChoosingPolicyTemplate.java:chooseContainerForBlockDeletion(83)) - Chosen 0/5000 blocks from 0 candidate containers.
2023-03-23 08:05:57,857 [BlockDeletingService#2] INFO  interfaces.ContainerDeletionChoosingPolicyTemplate (ContainerDeletionChoosingPolicyTemplate.java:chooseContainerForBlockDeletion(83)) - Chosen 0/5000 blocks from 0 candidate containers.
2023-03-23 08:05:57,905 [SCMBlockDeletingService#0] DEBUG block.SCMBlockDeletingService (SCMBlockDeletingService.java:call(136)) - Running DeletedBlockTransactionScanner
2023-03-23 08:05:57,906 [SCMBlockDeletingService#0] DEBUG block.SCMBlockDeletingService (DatanodeDeletedBlockTransactions.java:addTransactionToDN(50)) - Transaction added: 314195c6-23a8-4084-8433-e4a65193fa35 <- TX(1)
2023-03-23 08:05:57,906 [SCMBlockDeletingService#0] DEBUG block.SCMBlockDeletingService (DatanodeDeletedBlockTransactions.java:addTransactionToDN(50)) - Transaction added: 75faba44-0a9d-4b7a-8d49-daa003cae56d <- TX(1)
2023-03-23 08:05:57,906 [SCMBlockDeletingService#0] DEBUG block.SCMBlockDeletingService (DatanodeDeletedBlockTransactions.java:addTransactionToDN(50)) - Transaction added: fd439516-60ae-42f5-a7e4-bbb84e8556dc <- TX(1)
2023-03-23 08:05:57,906 [SCMBlockDeletingService#0] DEBUG block.SCMBlockDeletingService (SCMBlockDeletingService.java:call(171)) - Added delete block command for datanode 75faba44-0a9d-4b7a-8d49-daa003cae56d in the queue, number of delete block transactions: 1
2023-03-23 08:05:57,906 [SCMBlockDeletingService#0] DEBUG block.SCMBlockDeletingService (SCMBlockDeletingService.java:call(171)) - Added delete block command for datanode 314195c6-23a8-4084-8433-e4a65193fa35 in the queue, number of delete block transactions: 1
2023-03-23 08:05:57,906 [SCMBlockDeletingService#0] DEBUG block.SCMBlockDeletingService (SCMBlockDeletingService.java:call(171)) - Added delete block command for datanode fd439516-60ae-42f5-a7e4-bbb84e8556dc in the queue, number of delete block transactions: 1
2023-03-23 08:05:57,906 [SCMBlockDeletingService#0] INFO  block.SCMBlockDeletingService (SCMBlockDeletingService.java:call(180)) - Totally added 3 blocks to be deleted for 3 datanodes, task elapsed time: 1ms
2023-03-23 08:05:57,955 [BlockDeletingService#7] INFO  interfaces.ContainerDeletionChoosingPolicyTemplate (ContainerDeletionChoosingPolicyTemplate.java:chooseContainerForBlockDeletion(83)) - Chosen 0/5000 blocks from 0 candidate containers.
2023-03-23 08:05:57,956 [BlockDeletingService#2] INFO  interfaces.ContainerDeletionChoosingPolicyTemplate (ContainerDeletionChoosingPolicyTemplate.java:chooseContainerForBlockDeletion(83)) - Chosen 0/5000 blocks from 0 candidate containers.
2023-03-23 08:05:57,957 [BlockDeletingService#2] INFO  interfaces.ContainerDeletionChoosingPolicyTemplate (ContainerDeletionChoosingPolicyTemplate.java:chooseContainerForBlockDeletion(83)) - Chosen 0/5000 blocks from 0 candidate containers.
2023-03-23 08:05:57,984 [org.apache.hadoop.ozone.container.common.statemachine.commandhandler.DeleteBlocksCommandHandler$DeleteCmdWorker@46799b30] INFO  commandhandler.DeleteBlocksCommandHandler (DeleteBlocksCommandHandler.java:processCmd(272)) - Start to delete container blocks, TXIDs=[1(0)], numOfContainers=1, numOfBlocks=1
2023-03-23 08:05:57,985 [org.apache.hadoop.ozone.container.common.statemachine.commandhandler.DeleteBlocksCommandHandler$DeleteCmdWorker@46799b30] INFO  commandhandler.DeleteBlocksCommandHandler (DeleteBlocksCommandHandler.java:processCmd(272)) - Start to delete container blocks, TXIDs=[1(1)], numOfContainers=1, numOfBlocks=1
2023-03-23 08:05:57,985 [DeleteBlocksCommandHandlerThread-1] INFO  commandhandler.DeleteBlocksCommandHandler (DeleteBlocksCommandHandler.java:logDeleteTransaction(489)) - Delete blocks for containerId: 1 is either received out of order or retried, 1 <= 1
2023-03-23 08:05:57,985 [org.apache.hadoop.ozone.container.common.statemachine.commandhandler.DeleteBlocksCommandHandler$DeleteCmdWorker@46799b30] INFO  commandhandler.DeleteBlocksCommandHandler (DeleteBlocksCommandHandler.java:processCmd(272)) - Start to delete container blocks, TXIDs=[1(2)], numOfContainers=1, numOfBlocks=1
2023-03-23 08:05:57,986 [DeleteBlocksCommandHandlerThread-2] INFO  commandhandler.DeleteBlocksCommandHandler (DeleteBlocksCommandHandler.java:logDeleteTransaction(489)) - Delete blocks for containerId: 1 is either received out of order or retried, 1 <= 1
2023-03-23 08:05:57,986 [org.apache.hadoop.ozone.container.common.statemachine.commandhandler.DeleteBlocksCommandHandler$DeleteCmdWorker@46799b30] INFO  commandhandler.DeleteBlocksCommandHandler (DeleteBlocksCommandHandler.java:processCmd(272)) - Start to delete container blocks, TXIDs=[1(3)], numOfContainers=1, numOfBlocks=1
2023-03-23 08:05:57,986 [DeleteBlocksCommandHandlerThread-3] INFO  commandhandler.DeleteBlocksCommandHandler (DeleteBlocksCommandHandler.java:logDeleteTransaction(489)) - Delete blocks for containerId: 1 is either received out of order or retried, 1 <= 1
2023-03-23 08:05:57,987 [org.apache.hadoop.ozone.container.common.statemachine.commandhandler.DeleteBlocksCommandHandler$DeleteCmdWorker@46799b30] INFO  commandhandler.DeleteBlocksCommandHandler (DeleteBlocksCommandHandler.java:processCmd(272)) - Start to delete container blocks, TXIDs=[1(4)], numOfContainers=1, numOfBlocks=1
2023-03-23 08:05:57,987 [DeleteBlocksCommandHandlerThread-4] INFO  commandhandler.DeleteBlocksCommandHandler (DeleteBlocksCommandHandler.java:logDeleteTransaction(489)) - Delete blocks for containerId: 1 is either received out of order or retried, 1 <= 1
2023-03-23 08:05:58,005 [SCMBlockDeletingService#0] DEBUG block.SCMBlockDeletingService (SCMBlockDeletingService.java:call(136)) - Running DeletedBlockTransactionScanner
2023-03-23 08:05:58,055 [BlockDeletingService#7] INFO  interfaces.ContainerDeletionChoosingPolicyTemplate (ContainerDeletionChoosingPolicyTemplate.java:chooseContainerForBlockDeletion(83)) - Chosen 0/5000 blocks from 0 candidate containers.
2023-03-23 08:05:58,056 [BlockDeletingService#2] INFO  interfaces.ContainerDeletionChoosingPolicyTemplate (ContainerDeletionChoosingPolicyTemplate.java:chooseContainerForBlockDeletion(83)) - Chosen 0/5000 blocks from 0 candidate containers.
2023-03-23 08:05:58,064 [BlockDeletingService#2] INFO  interfaces.ContainerDeletionChoosingPolicyTemplate (ContainerDeletionChoosingPolicyTemplate.java:chooseContainerForBlockDeletion(83)) - Chosen 5/4995 blocks from 1 candidate containers.
2023-03-23 08:05:58,069 [EventQueue-DeleteBlockStatusForDeletedBlockLogImpl] DEBUG block.DeletedBlockLogImpl (DeletedBlockLogImpl.java:isTransactionFailed(314)) - Got block deletion ACK from datanode, TXIDs=1, success=true
2023-03-23 08:05:58,069 [EventQueue-DeleteBlockStatusForDeletedBlockLogImpl] DEBUG block.DeletedBlockLogImpl (DeletedBlockLogImpl.java:commitTransactions(292)) - Datanode txId=1 containerId=#1 committed by dnId=75faba44-0a9d-4b7a-8d49-daa003cae56d
2023-03-23 08:05:58,069 [EventQueue-DeleteBlockStatusForDeletedBlockLogImpl] DEBUG block.DeletedBlockLogImpl (DeletedBlockLogImpl.java:isTransactionFailed(314)) - Got block deletion ACK from datanode, TXIDs=1, success=true
2023-03-23 08:05:58,069 [BlockDeletingService#2] INFO  impl.FilePerBlockStrategy (FilePerBlockStrategy.java:deleteChunk(252)) - Deleted block file: /home/runner/work/ozone/ozone/hadoop-ozone/integration-test/target/test-dir/MiniOzoneClusterImpl-bf95872f-ab09-4fff-b473-e3afb8b37e70/datanode-1/data-0/containers/hdds/bf95872f-ab09-4fff-b473-e3afb8b37e70/current/containerDir0/1/chunks/111677748019200001.block
2023-03-23 08:05:58,069 [EventQueue-DeleteBlockStatusForDeletedBlockLogImpl] DEBUG block.DeletedBlockLogImpl (DeletedBlockLogImpl.java:commitTransactions(292)) - Datanode txId=1 containerId=#1 committed by dnId=75faba44-0a9d-4b7a-8d49-daa003cae56d
2023-03-23 08:05:58,069 [EventQueue-DeleteBlockStatusForDeletedBlockLogImpl] DEBUG block.DeletedBlockLogImpl (DeletedBlockLogImpl.java:isTransactionFailed(314)) - Got block deletion ACK from datanode, TXIDs=1, success=true
2023-03-23 08:05:58,069 [EventQueue-DeleteBlockStatusForDeletedBlockLogImpl] DEBUG block.DeletedBlockLogImpl (DeletedBlockLogImpl.java:commitTransactions(292)) - Datanode txId=1 containerId=#1 committed by dnId=75faba44-0a9d-4b7a-8d49-daa003cae56d
2023-03-23 08:05:58,070 [EventQueue-DeleteBlockStatusForDeletedBlockLogImpl] DEBUG block.DeletedBlockLogImpl (DeletedBlockLogImpl.java:isTransactionFailed(314)) - Got block deletion ACK from datanode, TXIDs=1, success=true
2023-03-23 08:05:58,070 [EventQueue-DeleteBlockStatusForDeletedBlockLogImpl] DEBUG block.DeletedBlockLogImpl (DeletedBlockLogImpl.java:commitTransactions(292)) - Datanode txId=1 containerId=#1 committed by dnId=75faba44-0a9d-4b7a-8d49-daa003cae56d
2023-03-23 08:05:58,070 [EventQueue-DeleteBlockStatusForDeletedBlockLogImpl] DEBUG block.DeletedBlockLogImpl (DeletedBlockLogImpl.java:isTransactionFailed(314)) - Got block deletion ACK from datanode, TXIDs=1, success=true
2023-03-23 08:05:58,070 [EventQueue-DeleteBlockStatusForDeletedBlockLogImpl] DEBUG block.DeletedBlockLogImpl (DeletedBlockLogImpl.java:commitTransactions(292)) - Datanode txId=1 containerId=#1 committed by dnId=75faba44-0a9d-4b7a-8d49-daa003cae56d
2023-03-23 08:05:58,105 [SCMBlockDeletingService#0] DEBUG block.SCMBlockDeletingService (SCMBlockDeletingService.java:call(136)) - Running DeletedBlockTransactionScanner
2023-03-23 08:05:58,106 [SCMBlockDeletingService#0] DEBUG block.SCMBlockDeletingService (DatanodeDeletedBlockTransactions.java:addTransactionToDN(50)) - Transaction added: 314195c6-23a8-4084-8433-e4a65193fa35 <- TX(1)
2023-03-23 08:05:58,106 [SCMBlockDeletingService#0] DEBUG block.SCMBlockDeletingService (DatanodeDeletedBlockTransactions.java:addTransactionToDN(50)) - Transaction added: fd439516-60ae-42f5-a7e4-bbb84e8556dc <- TX(1)
2023-03-23 08:05:58,106 [SCMBlockDeletingService#0] DEBUG block.SCMBlockDeletingService (SCMBlockDeletingService.java:call(171)) - Added delete block command for datanode 314195c6-23a8-4084-8433-e4a65193fa35 in the queue, number of delete block transactions: 1
2023-03-23 08:05:58,106 [SCMBlockDeletingService#0] DEBUG block.SCMBlockDeletingService (SCMBlockDeletingService.java:call(171)) - Added delete block command for datanode fd439516-60ae-42f5-a7e4-bbb84e8556dc in the queue, number of delete block transactions: 1
2023-03-23 08:05:58,106 [SCMBlockDeletingService#0] INFO  block.SCMBlockDeletingService (SCMBlockDeletingService.java:call(180)) - Totally added 2 blocks to be deleted for 2 datanodes, task elapsed time: 0ms
2023-03-23 08:05:58,156 [BlockDeletingService#7] INFO  interfaces.ContainerDeletionChoosingPolicyTemplate (ContainerDeletionChoosingPolicyTemplate.java:chooseContainerForBlockDeletion(83)) - Chosen 0/5000 blocks from 0 candidate containers.
2023-03-23 08:05:58,157 [BlockDeletingService#2] INFO  interfaces.ContainerDeletionChoosingPolicyTemplate (ContainerDeletionChoosingPolicyTemplate.java:chooseContainerForBlockDeletion(83)) - Chosen 0/5000 blocks from 0 candidate containers.
2023-03-23 08:05:58,165 [BlockDeletingService#9] INFO  interfaces.ContainerDeletionChoosingPolicyTemplate (ContainerDeletionChoosingPolicyTemplate.java:chooseContainerForBlockDeletion(83)) - Chosen 4/4996 blocks from 1 candidate containers.
2023-03-23 08:05:58,166 [BlockDeletingService#9] INFO  background.BlockDeletingService (BlockDeletingService.java:deleteViaTransactionStore(483)) - No transaction found in container 1 with pending delete block count 4
2023-03-23 08:05:58,205 [SCMBlockDeletingService#0] DEBUG block.SCMBlockDeletingService (SCMBlockDeletingService.java:call(136)) - Running DeletedBlockTransactionScanner
2023-03-23 08:05:58,256 [BlockDeletingService#7] INFO  interfaces.ContainerDeletionChoosingPolicyTemplate (ContainerDeletionChoosingPolicyTemplate.java:chooseContainerForBlockDeletion(83)) - Chosen 0/5000 blocks from 0 candidate containers.
2023-03-23 08:05:58,257 [BlockDeletingService#2] INFO  interfaces.ContainerDeletionChoosingPolicyTemplate (ContainerDeletionChoosingPolicyTemplate.java:chooseContainerForBlockDeletion(83)) - Chosen 0/5000 blocks from 0 candidate containers.
2023-03-23 08:05:58,266 [BlockDeletingService#1] INFO  interfaces.ContainerDeletionChoosingPolicyTemplate (ContainerDeletionChoosingPolicyTemplate.java:chooseContainerForBlockDeletion(83)) - Chosen 0/5000 blocks from 0 candidate containers.
2023-03-23 08:05:58,305 [SCMBlockDeletingService#0] DEBUG block.SCMBlockDeletingService (SCMBlockDeletingService.java:call(136)) - Running DeletedBlockTransactionScanner
2023-03-23 08:05:58,306 [SCMBlockDeletingService#0] DEBUG block.SCMBlockDeletingService (DatanodeDeletedBlockTransactions.java:addTransactionToDN(50)) - Transaction added: 314195c6-23a8-4084-8433-e4a65193fa35 <- TX(1)
2023-03-23 08:05:58,306 [SCMBlockDeletingService#0] DEBUG block.SCMBlockDeletingService (DatanodeDeletedBlockTransactions.java:addTransactionToDN(50)) - Transaction added: fd439516-60ae-42f5-a7e4-bbb84e8556dc <- TX(1)
2023-03-23 08:05:58,306 [SCMBlockDeletingService#0] DEBUG block.SCMBlockDeletingService (SCMBlockDeletingService.java:call(171)) - Added delete block command for datanode 314195c6-23a8-4084-8433-e4a65193fa35 in the queue, number of delete block transactions: 1
2023-03-23 08:05:58,306 [SCMBlockDeletingService#0] DEBUG block.SCMBlockDeletingService (SCMBlockDeletingService.java:call(171)) - Added delete block command for datanode fd439516-60ae-42f5-a7e4-bbb84e8556dc in the queue, number of delete block transactions: 1
2023-03-23 08:05:58,306 [SCMBlockDeletingService#0] INFO  block.SCMBlockDeletingService (SCMBlockDeletingService.java:call(180)) - Totally added 2 blocks to be deleted for 2 datanodes, task elapsed time: 0ms
2023-03-23 08:05:58,356 [BlockDeletingService#7] INFO  interfaces.ContainerDeletionChoosingPolicyTemplate (ContainerDeletionChoosingPolicyTemplate.java:chooseContainerForBlockDeletion(83)) - Chosen 0/5000 blocks from 0 candidate containers.
2023-03-23 08:05:58,357 [BlockDeletingService#2] INFO  interfaces.ContainerDeletionChoosingPolicyTemplate (ContainerDeletionChoosingPolicyTemplate.java:chooseContainerForBlockDeletion(83)) - Chosen 0/5000 blocks from 0 candidate containers.
2023-03-23 08:05:58,366 [BlockDeletingService#1] INFO  interfaces.ContainerDeletionChoosingPolicyTemplate (ContainerDeletionChoosingPolicyTemplate.java:chooseContainerForBlockDeletion(83)) - Chosen 0/5000 blocks from 0 candidate containers.
2023-03-23 08:05:58,406 [SCMBlockDeletingService#0] DEBUG block.SCMBlockDeletingService (SCMBlockDeletingService.java:call(136)) - Running DeletedBlockTransactionScanner
2023-03-23 08:05:58,406 [org.apache.hadoop.ozone.container.common.statemachine.commandhandler.DeleteBlocksCommandHandler$DeleteCmdWorker@14ac8e21] INFO  commandhandler.DeleteBlocksCommandHandler (DeleteBlocksCommandHandler.java:processCmd(272)) - Start to delete container blocks, TXIDs=[1(0)], numOfContainers=1, numOfBlocks=1
2023-03-23 08:05:58,409 [org.apache.hadoop.ozone.container.common.statemachine.commandhandler.DeleteBlocksCommandHandler$DeleteCmdWorker@14ac8e21] INFO  commandhandler.DeleteBlocksCommandHandler (DeleteBlocksCommandHandler.java:processCmd(272)) - Start to delete container blocks, TXIDs=[1(1)], numOfContainers=1, numOfBlocks=1
2023-03-23 08:05:58,410 [DeleteBlocksCommandHandlerThread-1] INFO  commandhandler.DeleteBlocksCommandHandler (DeleteBlocksCommandHandler.java:logDeleteTransaction(489)) - Delete blocks for containerId: 1 is either received out of order or retried, 1 <= 1
2023-03-23 08:05:58,410 [org.apache.hadoop.ozone.container.common.statemachine.commandhandler.DeleteBlocksCommandHandler$DeleteCmdWorker@14ac8e21] INFO  commandhandler.DeleteBlocksCommandHandler (DeleteBlocksCommandHandler.java:processCmd(272)) - Start to delete container blocks, TXIDs=[1(2)], numOfContainers=1, numOfBlocks=1
2023-03-23 08:05:58,411 [DeleteBlocksCommandHandlerThread-2] INFO  commandhandler.DeleteBlocksCommandHandler (DeleteBlocksCommandHandler.java:logDeleteTransaction(489)) - Delete blocks for containerId: 1 is either received out of order or retried, 1 <= 1
2023-03-23 08:05:58,411 [org.apache.hadoop.ozone.container.common.statemachine.commandhandler.DeleteBlocksCommandHandler$DeleteCmdWorker@14ac8e21] INFO  commandhandler.DeleteBlocksCommandHandler (DeleteBlocksCommandHandler.java:processCmd(272)) - Start to delete container blocks, TXIDs=[1(3)], numOfContainers=1, numOfBlocks=1
2023-03-23 08:05:58,411 [DeleteBlocksCommandHandlerThread-3] INFO  commandhandler.DeleteBlocksCommandHandler (DeleteBlocksCommandHandler.java:logDeleteTransaction(489)) - Delete blocks for containerId: 1 is either received out of order or retried, 1 <= 1
2023-03-23 08:05:58,456 [BlockDeletingService#7] INFO  interfaces.ContainerDeletionChoosingPolicyTemplate (ContainerDeletionChoosingPolicyTemplate.java:chooseContainerForBlockDeletion(83)) - Chosen 0/5000 blocks from 0 candidate containers.
2023-03-23 08:05:58,462 [BlockDeletingService#2] INFO  interfaces.ContainerDeletionChoosingPolicyTemplate (ContainerDeletionChoosingPolicyTemplate.java:chooseContainerForBlockDeletion(83)) - Chosen 4/4996 blocks from 1 candidate containers.
2023-03-23 08:05:58,463 [BlockDeletingService#2] INFO  impl.FilePerBlockStrategy (FilePerBlockStrategy.java:deleteChunk(252)) - Deleted block file: /home/runner/work/ozone/ozone/hadoop-ozone/integration-test/target/test-dir/MiniOzoneClusterImpl-bf95872f-ab09-4fff-b473-e3afb8b37e70/datanode-2/data-0/containers/hdds/bf95872f-ab09-4fff-b473-e3afb8b37e70/current/containerDir0/1/chunks/111677748019200001.block
2023-03-23 08:05:58,466 [BlockDeletingService#1] INFO  interfaces.ContainerDeletionChoosingPolicyTemplate (ContainerDeletionChoosingPolicyTemplate.java:chooseContainerForBlockDeletion(83)) - Chosen 0/5000 blocks from 0 candidate containers.
2023-03-23 08:05:58,506 [SCMBlockDeletingService#0] DEBUG block.SCMBlockDeletingService (SCMBlockDeletingService.java:call(136)) - Running DeletedBlockTransactionScanner
2023-03-23 08:05:58,506 [SCMBlockDeletingService#0] DEBUG block.SCMBlockDeletingService (DatanodeDeletedBlockTransactions.java:addTransactionToDN(50)) - Transaction added: 314195c6-23a8-4084-8433-e4a65193fa35 <- TX(1)
2023-03-23 08:05:58,506 [SCMBlockDeletingService#0] DEBUG block.SCMBlockDeletingService (DatanodeDeletedBlockTransactions.java:addTransactionToDN(50)) - Transaction added: fd439516-60ae-42f5-a7e4-bbb84e8556dc <- TX(1)
2023-03-23 08:05:58,506 [SCMBlockDeletingService#0] DEBUG block.SCMBlockDeletingService (SCMBlockDeletingService.java:call(171)) - Added delete block command for datanode 314195c6-23a8-4084-8433-e4a65193fa35 in the queue, number of delete block transactions: 1
2023-03-23 08:05:58,506 [SCMBlockDeletingService#0] DEBUG block.SCMBlockDeletingService (SCMBlockDeletingService.java:call(171)) - Added delete block command for datanode fd439516-60ae-42f5-a7e4-bbb84e8556dc in the queue, number of delete block transactions: 1
2023-03-23 08:05:58,506 [SCMBlockDeletingService#0] INFO  block.SCMBlockDeletingService (SCMBlockDeletingService.java:call(180)) - Totally added 2 blocks to be deleted for 2 datanodes, task elapsed time: 0ms
2023-03-23 08:05:58,556 [BlockDeletingService#7] INFO  interfaces.ContainerDeletionChoosingPolicyTemplate (ContainerDeletionChoosingPolicyTemplate.java:chooseContainerForBlockDeletion(83)) - Chosen 0/5000 blocks from 0 candidate containers.
2023-03-23 08:05:58,564 [BlockDeletingService#2] INFO  interfaces.ContainerDeletionChoosingPolicyTemplate (ContainerDeletionChoosingPolicyTemplate.java:chooseContainerForBlockDeletion(83)) - Chosen 3/4997 blocks from 1 candidate containers.
2023-03-23 08:05:58,564 [BlockDeletingService#2] INFO  background.BlockDeletingService (BlockDeletingService.java:deleteViaTransactionStore(483)) - No transaction found in container 1 with pending delete block count 3
2023-03-23 08:05:58,566 [BlockDeletingService#1] INFO  interfaces.ContainerDeletionChoosingPolicyTemplate (ContainerDeletionChoosingPolicyTemplate.java:chooseContainerForBlockDeletion(83)) - Chosen 0/5000 blocks from 0 candidate containers.
2023-03-23 08:05:58,606 [SCMBlockDeletingService#0] DEBUG block.SCMBlockDeletingService (SCMBlockDeletingService.java:call(136)) - Running DeletedBlockTransactionScanner
2023-03-23 08:05:58,657 [BlockDeletingService#7] INFO  interfaces.ContainerDeletionChoosingPolicyTemplate (ContainerDeletionChoosingPolicyTemplate.java:chooseContainerForBlockDeletion(83)) - Chosen 0/5000 blocks from 0 candidate containers.
2023-03-23 08:05:58,663 [EventQueue-DeleteBlockStatusForDeletedBlockLogImpl] DEBUG block.DeletedBlockLogImpl (DeletedBlockLogImpl.java:isTransactionFailed(314)) - Got block deletion ACK from datanode, TXIDs=1, success=true
2023-03-23 08:05:58,663 [EventQueue-DeleteBlockStatusForDeletedBlockLogImpl] DEBUG block.DeletedBlockLogImpl (DeletedBlockLogImpl.java:commitTransactions(292)) - Datanode txId=1 containerId=#1 committed by dnId=314195c6-23a8-4084-8433-e4a65193fa35
2023-03-23 08:05:58,663 [EventQueue-DeleteBlockStatusForDeletedBlockLogImpl] DEBUG block.DeletedBlockLogImpl (DeletedBlockLogImpl.java:isTransactionFailed(314)) - Got block deletion ACK from datanode, TXIDs=1, success=true
2023-03-23 08:05:58,664 [EventQueue-DeleteBlockStatusForDeletedBlockLogImpl] DEBUG block.DeletedBlockLogImpl (DeletedBlockLogImpl.java:commitTransactions(292)) - Datanode txId=1 containerId=#1 committed by dnId=314195c6-23a8-4084-8433-e4a65193fa35
2023-03-23 08:05:58,664 [EventQueue-DeleteBlockStatusForDeletedBlockLogImpl] DEBUG block.DeletedBlockLogImpl (DeletedBlockLogImpl.java:isTransactionFailed(314)) - Got block deletion ACK from datanode, TXIDs=1, success=true
2023-03-23 08:05:58,664 [EventQueue-DeleteBlockStatusForDeletedBlockLogImpl] DEBUG block.DeletedBlockLogImpl (DeletedBlockLogImpl.java:commitTransactions(292)) - Datanode txId=1 containerId=#1 committed by dnId=314195c6-23a8-4084-8433-e4a65193fa35
2023-03-23 08:05:58,664 [EventQueue-DeleteBlockStatusForDeletedBlockLogImpl] DEBUG block.DeletedBlockLogImpl (DeletedBlockLogImpl.java:isTransactionFailed(314)) - Got block deletion ACK from datanode, TXIDs=1, success=true
2023-03-23 08:05:58,664 [EventQueue-DeleteBlockStatusForDeletedBlockLogImpl] DEBUG block.DeletedBlockLogImpl (DeletedBlockLogImpl.java:commitTransactions(292)) - Datanode txId=1 containerId=#1 committed by dnId=314195c6-23a8-4084-8433-e4a65193fa35
2023-03-23 08:05:58,664 [BlockDeletingService#4] INFO  interfaces.ContainerDeletionChoosingPolicyTemplate (ContainerDeletionChoosingPolicyTemplate.java:chooseContainerForBlockDeletion(83)) - Chosen 0/5000 blocks from 0 candidate containers.
2023-03-23 08:05:58,666 [BlockDeletingService#1] INFO  interfaces.ContainerDeletionChoosingPolicyTemplate (ContainerDeletionChoosingPolicyTemplate.java:chooseContainerForBlockDeletion(83)) - Chosen 0/5000 blocks from 0 candidate containers.
2023-03-23 08:05:58,706 [SCMBlockDeletingService#0] DEBUG block.SCMBlockDeletingService (SCMBlockDeletingService.java:call(136)) - Running DeletedBlockTransactionScanner
2023-03-23 08:05:58,706 [SCMBlockDeletingService#0] DEBUG block.SCMBlockDeletingService (DatanodeDeletedBlockTransactions.java:addTransactionToDN(50)) - Transaction added: fd439516-60ae-42f5-a7e4-bbb84e8556dc <- TX(1)
2023-03-23 08:05:58,706 [SCMBlockDeletingService#0] DEBUG block.SCMBlockDeletingService (SCMBlockDeletingService.java:call(171)) - Added delete block command for datanode fd439516-60ae-42f5-a7e4-bbb84e8556dc in the queue, number of delete block transactions: 1
2023-03-23 08:05:58,706 [SCMBlockDeletingService#0] INFO  block.SCMBlockDeletingService (SCMBlockDeletingService.java:call(180)) - Totally added 1 blocks to be deleted for 1 datanodes, task elapsed time: 1ms
2023-03-23 08:05:58,757 [BlockDeletingService#7] INFO  interfaces.ContainerDeletionChoosingPolicyTemplate (ContainerDeletionChoosingPolicyTemplate.java:chooseContainerForBlockDeletion(83)) - Chosen 0/5000 blocks from 0 candidate containers.
2023-03-23 08:05:58,764 [BlockDeletingService#4] INFO  interfaces.ContainerDeletionChoosingPolicyTemplate (ContainerDeletionChoosingPolicyTemplate.java:chooseContainerForBlockDeletion(83)) - Chosen 0/5000 blocks from 0 candidate containers.
2023-03-23 08:05:58,767 [BlockDeletingService#1] INFO  interfaces.ContainerDeletionChoosingPolicyTemplate (ContainerDeletionChoosingPolicyTemplate.java:chooseContainerForBlockDeletion(83)) - Chosen 0/5000 blocks from 0 candidate containers.
2023-03-23 08:05:58,806 [SCMBlockDeletingService#0] DEBUG block.SCMBlockDeletingService (SCMBlockDeletingService.java:call(136)) - Running DeletedBlockTransactionScanner
2023-03-23 08:05:58,857 [BlockDeletingService#7] INFO  interfaces.ContainerDeletionChoosingPolicyTemplate (ContainerDeletionChoosingPolicyTemplate.java:chooseContainerForBlockDeletion(83)) - Chosen 0/5000 blocks from 0 candidate containers.
2023-03-23 08:05:58,865 [BlockDeletingService#4] INFO  interfaces.ContainerDeletionChoosingPolicyTemplate (ContainerDeletionChoosingPolicyTemplate.java:chooseContainerForBlockDeletion(83)) - Chosen 0/5000 blocks from 0 candidate containers.
2023-03-23 08:05:58,867 [BlockDeletingService#1] INFO  interfaces.ContainerDeletionChoosingPolicyTemplate (ContainerDeletionChoosingPolicyTemplate.java:chooseContainerForBlockDeletion(83)) - Chosen 0/5000 blocks from 0 candidate containers.
2023-03-23 08:05:58,906 [SCMBlockDeletingService#0] DEBUG block.SCMBlockDeletingService (SCMBlockDeletingService.java:call(136)) - Running DeletedBlockTransactionScanner
2023-03-23 08:05:58,906 [SCMBlockDeletingService#0] DEBUG block.SCMBlockDeletingService (DatanodeDeletedBlockTransactions.java:addTransactionToDN(50)) - Transaction added: fd439516-60ae-42f5-a7e4-bbb84e8556dc <- TX(1)
2023-03-23 08:05:58,906 [SCMBlockDeletingService#0] DEBUG block.SCMBlockDeletingService (SCMBlockDeletingService.java:call(171)) - Added delete block command for datanode fd439516-60ae-42f5-a7e4-bbb84e8556dc in the queue, number of delete block transactions: 1
2023-03-23 08:05:58,906 [SCMBlockDeletingService#0] INFO  block.SCMBlockDeletingService (SCMBlockDeletingService.java:call(180)) - Totally added 1 blocks to be deleted for 1 datanodes, task elapsed time: 1ms
2023-03-23 08:05:58,958 [BlockDeletingService#7] INFO  interfaces.ContainerDeletionChoosingPolicyTemplate (ContainerDeletionChoosingPolicyTemplate.java:chooseContainerForBlockDeletion(83)) - Chosen 0/5000 blocks from 0 candidate containers.
2023-03-23 08:05:58,965 [BlockDeletingService#4] INFO  interfaces.ContainerDeletionChoosingPolicyTemplate (ContainerDeletionChoosingPolicyTemplate.java:chooseContainerForBlockDeletion(83)) - Chosen 0/5000 blocks from 0 candidate containers.
2023-03-23 08:05:58,967 [BlockDeletingService#1] INFO  interfaces.ContainerDeletionChoosingPolicyTemplate (ContainerDeletionChoosingPolicyTemplate.java:chooseContainerForBlockDeletion(83)) - Chosen 0/5000 blocks from 0 candidate containers.
2023-03-23 08:05:59,006 [SCMBlockDeletingService#0] DEBUG block.SCMBlockDeletingService (SCMBlockDeletingService.java:call(136)) - Running DeletedBlockTransactionScanner
2023-03-23 08:05:59,058 [BlockDeletingService#7] INFO  interfaces.ContainerDeletionChoosingPolicyTemplate (ContainerDeletionChoosingPolicyTemplate.java:chooseContainerForBlockDeletion(83)) - Chosen 0/5000 blocks from 0 candidate containers.
2023-03-23 08:05:59,065 [BlockDeletingService#4] INFO  interfaces.ContainerDeletionChoosingPolicyTemplate (ContainerDeletionChoosingPolicyTemplate.java:chooseContainerForBlockDeletion(83)) - Chosen 0/5000 blocks from 0 candidate containers.
2023-03-23 08:05:59,067 [BlockDeletingService#1] INFO  interfaces.ContainerDeletionChoosingPolicyTemplate (ContainerDeletionChoosingPolicyTemplate.java:chooseContainerForBlockDeletion(83)) - Chosen 0/5000 blocks from 0 candidate containers.
2023-03-23 08:05:59,106 [SCMBlockDeletingService#0] DEBUG block.SCMBlockDeletingService (SCMBlockDeletingService.java:call(136)) - Running DeletedBlockTransactionScanner
2023-03-23 08:05:59,106 [SCMBlockDeletingService#0] DEBUG block.SCMBlockDeletingService (DatanodeDeletedBlockTransactions.java:addTransactionToDN(50)) - Transaction added: fd439516-60ae-42f5-a7e4-bbb84e8556dc <- TX(1)
2023-03-23 08:05:59,107 [SCMBlockDeletingService#0] DEBUG block.SCMBlockDeletingService (SCMBlockDeletingService.java:call(171)) - Added delete block command for datanode fd439516-60ae-42f5-a7e4-bbb84e8556dc in the queue, number of delete block transactions: 1
2023-03-23 08:05:59,107 [SCMBlockDeletingService#0] INFO  block.SCMBlockDeletingService (SCMBlockDeletingService.java:call(180)) - Totally added 1 blocks to be deleted for 1 datanodes, task elapsed time: 1ms
2023-03-23 08:05:59,158 [BlockDeletingService#7] INFO  interfaces.ContainerDeletionChoosingPolicyTemplate (ContainerDeletionChoosingPolicyTemplate.java:chooseContainerForBlockDeletion(83)) - Chosen 0/5000 blocks from 0 candidate containers.
2023-03-23 08:05:59,167 [BlockDeletingService#4] INFO  interfaces.ContainerDeletionChoosingPolicyTemplate (ContainerDeletionChoosingPolicyTemplate.java:chooseContainerForBlockDeletion(83)) - Chosen 0/5000 blocks from 0 candidate containers.
2023-03-23 08:05:59,167 [BlockDeletingService#1] INFO  interfaces.ContainerDeletionChoosingPolicyTemplate (ContainerDeletionChoosingPolicyTemplate.java:chooseContainerForBlockDeletion(83)) - Chosen 0/5000 blocks from 0 candidate containers.
2023-03-23 08:05:59,206 [SCMBlockDeletingService#0] DEBUG block.SCMBlockDeletingService (SCMBlockDeletingService.java:call(136)) - Running DeletedBlockTransactionScanner
2023-03-23 08:05:59,258 [BlockDeletingService#7] INFO  interfaces.ContainerDeletionChoosingPolicyTemplate (ContainerDeletionChoosingPolicyTemplate.java:chooseContainerForBlockDeletion(83)) - Chosen 0/5000 blocks from 0 candidate containers.
2023-03-23 08:05:59,267 [BlockDeletingService#4] INFO  interfaces.ContainerDeletionChoosingPolicyTemplate (ContainerDeletionChoosingPolicyTemplate.java:chooseContainerForBlockDeletion(83)) - Chosen 0/5000 blocks from 0 candidate containers.
2023-03-23 08:05:59,268 [BlockDeletingService#1] INFO  interfaces.ContainerDeletionChoosingPolicyTemplate (ContainerDeletionChoosingPolicyTemplate.java:chooseContainerForBlockDeletion(83)) - Chosen 0/5000 blocks from 0 candidate containers.
2023-03-23 08:05:59,306 [SCMBlockDeletingService#0] DEBUG block.SCMBlockDeletingService (SCMBlockDeletingService.java:call(136)) - Running DeletedBlockTransactionScanner
2023-03-23 08:05:59,307 [SCMBlockDeletingService#0] DEBUG block.SCMBlockDeletingService (DatanodeDeletedBlockTransactions.java:addTransactionToDN(50)) - Transaction added: fd439516-60ae-42f5-a7e4-bbb84e8556dc <- TX(1)
2023-03-23 08:05:59,307 [SCMBlockDeletingService#0] DEBUG block.SCMBlockDeletingService (SCMBlockDeletingService.java:call(171)) - Added delete block command for datanode fd439516-60ae-42f5-a7e4-bbb84e8556dc in the queue, number of delete block transactions: 1
2023-03-23 08:05:59,307 [SCMBlockDeletingService#0] INFO  block.SCMBlockDeletingService (SCMBlockDeletingService.java:call(180)) - Totally added 1 blocks to be deleted for 1 datanodes, task elapsed time: 1ms
2023-03-23 08:05:59,359 [BlockDeletingService#7] INFO  interfaces.ContainerDeletionChoosingPolicyTemplate (ContainerDeletionChoosingPolicyTemplate.java:chooseContainerForBlockDeletion(83)) - Chosen 0/5000 blocks from 0 candidate containers.
2023-03-23 08:05:59,368 [BlockDeletingService#4] INFO  interfaces.ContainerDeletionChoosingPolicyTemplate (ContainerDeletionChoosingPolicyTemplate.java:chooseContainerForBlockDeletion(83)) - Chosen 0/5000 blocks from 0 candidate containers.
2023-03-23 08:05:59,368 [BlockDeletingService#1] INFO  interfaces.ContainerDeletionChoosingPolicyTemplate (ContainerDeletionChoosingPolicyTemplate.java:chooseContainerForBlockDeletion(83)) - Chosen 0/5000 blocks from 0 candidate containers.
2023-03-23 08:05:59,406 [SCMBlockDeletingService#0] DEBUG block.SCMBlockDeletingService (SCMBlockDeletingService.java:call(136)) - Running DeletedBlockTransactionScanner
2023-03-23 08:05:59,459 [BlockDeletingService#1] INFO  interfaces.ContainerDeletionChoosingPolicyTemplate (ContainerDeletionChoosingPolicyTemplate.java:chooseContainerForBlockDeletion(83)) - Chosen 0/5000 blocks from 0 candidate containers.
2023-03-23 08:05:59,468 [BlockDeletingService#4] INFO  interfaces.ContainerDeletionChoosingPolicyTemplate (ContainerDeletionChoosingPolicyTemplate.java:chooseContainerForBlockDeletion(83)) - Chosen 0/5000 blocks from 0 candidate containers.
2023-03-23 08:05:59,468 [BlockDeletingService#1] INFO  interfaces.ContainerDeletionChoosingPolicyTemplate (ContainerDeletionChoosingPolicyTemplate.java:chooseContainerForBlockDeletion(83)) - Chosen 0/5000 blocks from 0 candidate containers.
2023-03-23 08:05:59,506 [SCMBlockDeletingService#0] DEBUG block.SCMBlockDeletingService (SCMBlockDeletingService.java:call(136)) - Running DeletedBlockTransactionScanner
2023-03-23 08:05:59,507 [SCMBlockDeletingService#0] DEBUG block.SCMBlockDeletingService (DatanodeDeletedBlockTransactions.java:addTransactionToDN(50)) - Transaction added: fd439516-60ae-42f5-a7e4-bbb84e8556dc <- TX(1)
2023-03-23 08:05:59,507 [SCMBlockDeletingService#0] DEBUG block.SCMBlockDeletingService (SCMBlockDeletingService.java:call(171)) - Added delete block command for datanode fd439516-60ae-42f5-a7e4-bbb84e8556dc in the queue, number of delete block transactions: 1
2023-03-23 08:05:59,507 [SCMBlockDeletingService#0] INFO  block.SCMBlockDeletingService (SCMBlockDeletingService.java:call(180)) - Totally added 1 blocks to be deleted for 1 datanodes, task elapsed time: 0ms
2023-03-23 08:05:59,557 [org.apache.hadoop.ozone.container.common.statemachine.commandhandler.DeleteBlocksCommandHandler$DeleteCmdWorker@34b3127b] INFO  commandhandler.DeleteBlocksCommandHandler (DeleteBlocksCommandHandler.java:processCmd(272)) - Start to delete container blocks, TXIDs=[1(0)], numOfContainers=1, numOfBlocks=1
2023-03-23 08:05:59,558 [org.apache.hadoop.ozone.container.common.statemachine.commandhandler.DeleteBlocksCommandHandler$DeleteCmdWorker@34b3127b] INFO  commandhandler.DeleteBlocksCommandHandler (DeleteBlocksCommandHandler.java:processCmd(272)) - Start to delete container blocks, TXIDs=[1(1)], numOfContainers=1, numOfBlocks=1
2023-03-23 08:05:59,559 [DeleteBlocksCommandHandlerThread-1] INFO  commandhandler.DeleteBlocksCommandHandler (DeleteBlocksCommandHandler.java:logDeleteTransaction(489)) - Delete blocks for containerId: 1 is either received out of order or retried, 1 <= 1
2023-03-23 08:05:59,559 [org.apache.hadoop.ozone.container.common.statemachine.commandhandler.DeleteBlocksCommandHandler$DeleteCmdWorker@34b3127b] INFO  commandhandler.DeleteBlocksCommandHandler (DeleteBlocksCommandHandler.java:processCmd(272)) - Start to delete container blocks, TXIDs=[1(2)], numOfContainers=1, numOfBlocks=1
2023-03-23 08:05:59,559 [DeleteBlocksCommandHandlerThread-2] INFO  commandhandler.DeleteBlocksCommandHandler (DeleteBlocksCommandHandler.java:logDeleteTransaction(489)) - Delete blocks for containerId: 1 is either received out of order or retried, 1 <= 1
2023-03-23 08:05:59,559 [org.apache.hadoop.ozone.container.common.statemachine.commandhandler.DeleteBlocksCommandHandler$DeleteCmdWorker@34b3127b] INFO  commandhandler.DeleteBlocksCommandHandler (DeleteBlocksCommandHandler.java:processCmd(272)) - Start to delete container blocks, TXIDs=[1(3)], numOfContainers=1, numOfBlocks=1
2023-03-23 08:05:59,560 [BlockDeletingService#1] INFO  interfaces.ContainerDeletionChoosingPolicyTemplate (ContainerDeletionChoosingPolicyTemplate.java:chooseContainerForBlockDeletion(83)) - Chosen 3/4997 blocks from 1 candidate containers.
2023-03-23 08:05:59,561 [BlockDeletingService#1] INFO  impl.FilePerBlockStrategy (FilePerBlockStrategy.java:deleteChunk(252)) - Deleted block file: /home/runner/work/ozone/ozone/hadoop-ozone/integration-test/target/test-dir/MiniOzoneClusterImpl-bf95872f-ab09-4fff-b473-e3afb8b37e70/datanode-0/data-0/containers/hdds/bf95872f-ab09-4fff-b473-e3afb8b37e70/current/containerDir0/1/chunks/111677748019200001.block
2023-03-23 08:05:59,562 [DeleteBlocksCommandHandlerThread-3] INFO  commandhandler.DeleteBlocksCommandHandler (DeleteBlocksCommandHandler.java:logDeleteTransaction(489)) - Delete blocks for containerId: 1 is either received out of order or retried, 1 <= 1
2023-03-23 08:05:59,562 [org.apache.hadoop.ozone.container.common.statemachine.commandhandler.DeleteBlocksCommandHandler$DeleteCmdWorker@34b3127b] INFO  commandhandler.DeleteBlocksCommandHandler (DeleteBlocksCommandHandler.java:processCmd(272)) - Start to delete container blocks, TXIDs=[1(4)], numOfContainers=1, numOfBlocks=1
2023-03-23 08:05:59,562 [DeleteBlocksCommandHandlerThread-4] INFO  commandhandler.DeleteBlocksCommandHandler (DeleteBlocksCommandHandler.java:logDeleteTransaction(489)) - Delete blocks for containerId: 1 is either received out of order or retried, 1 <= 1
2023-03-23 08:05:59,562 [org.apache.hadoop.ozone.container.common.statemachine.commandhandler.DeleteBlocksCommandHandler$DeleteCmdWorker@34b3127b] INFO  commandhandler.DeleteBlocksCommandHandler (DeleteBlocksCommandHandler.java:processCmd(272)) - Start to delete container blocks, TXIDs=[1(5)], numOfContainers=1, numOfBlocks=1
2023-03-23 08:05:59,562 [DeleteBlocksCommandHandlerThread-0] INFO  commandhandler.DeleteBlocksCommandHandler (DeleteBlocksCommandHandler.java:logDeleteTransaction(489)) - Delete blocks for containerId: 1 is either received out of order or retried, 1 <= 1
2023-03-23 08:05:59,563 [org.apache.hadoop.ozone.container.common.statemachine.commandhandler.DeleteBlocksCommandHandler$DeleteCmdWorker@34b3127b] INFO  commandhandler.DeleteBlocksCommandHandler (DeleteBlocksCommandHandler.java:processCmd(272)) - Start to delete container blocks, TXIDs=[1(6)], numOfContainers=1, numOfBlocks=1
2023-03-23 08:05:59,563 [DeleteBlocksCommandHandlerThread-1] INFO  commandhandler.DeleteBlocksCommandHandler (DeleteBlocksCommandHandler.java:logDeleteTransaction(489)) - Delete blocks for containerId: 1 is either received out of order or retried, 1 <= 1
2023-03-23 08:05:59,563 [org.apache.hadoop.ozone.container.common.statemachine.commandhandler.DeleteBlocksCommandHandler$DeleteCmdWorker@34b3127b] INFO  commandhandler.DeleteBlocksCommandHandler (DeleteBlocksCommandHandler.java:processCmd(272)) - Start to delete container blocks, TXIDs=[1(7)], numOfContainers=1, numOfBlocks=1
2023-03-23 08:05:59,563 [DeleteBlocksCommandHandlerThread-2] INFO  commandhandler.DeleteBlocksCommandHandler (DeleteBlocksCommandHandler.java:logDeleteTransaction(489)) - Delete blocks for containerId: 1 is either received out of order or retried, 1 <= 1
2023-03-23 08:05:59,563 [org.apache.hadoop.ozone.container.common.statemachine.commandhandler.DeleteBlocksCommandHandler$DeleteCmdWorker@34b3127b] INFO  commandhandler.DeleteBlocksCommandHandler (DeleteBlocksCommandHandler.java:processCmd(272)) - Start to delete container blocks, TXIDs=[1(8)], numOfContainers=1, numOfBlocks=1
2023-03-23 08:05:59,563 [DeleteBlocksCommandHandlerThread-3] INFO  commandhandler.DeleteBlocksCommandHandler (DeleteBlocksCommandHandler.java:logDeleteTransaction(489)) - Delete blocks for containerId: 1 is either received out of order or retried, 1 <= 1
2023-03-23 08:05:59,563 [org.apache.hadoop.ozone.container.common.statemachine.commandhandler.DeleteBlocksCommandHandler$DeleteCmdWorker@34b3127b] INFO  commandhandler.DeleteBlocksCommandHandler (DeleteBlocksCommandHandler.java:processCmd(272)) - Start to delete container blocks, TXIDs=[1(9)], numOfContainers=1, numOfBlocks=1
2023-03-23 08:05:59,564 [DeleteBlocksCommandHandlerThread-4] INFO  commandhandler.DeleteBlocksCommandHandler (DeleteBlocksCommandHandler.java:logDeleteTransaction(489)) - Delete blocks for containerId: 1 is either received out of order or retried, 1 <= 1
2023-03-23 08:05:59,564 [org.apache.hadoop.ozone.container.common.statemachine.commandhandler.DeleteBlocksCommandHandler$DeleteCmdWorker@34b3127b] INFO  commandhandler.DeleteBlocksCommandHandler (DeleteBlocksCommandHandler.java:processCmd(272)) - Start to delete container blocks, TXIDs=[1(10)], numOfContainers=1, numOfBlocks=1
2023-03-23 08:05:59,564 [DeleteBlocksCommandHandlerThread-0] INFO  commandhandler.DeleteBlocksCommandHandler (DeleteBlocksCommandHandler.java:logDeleteTransaction(489)) - Delete blocks for containerId: 1 is either received out of order or retried, 1 <= 1
2023-03-23 08:05:59,564 [org.apache.hadoop.ozone.container.common.statemachine.commandhandler.DeleteBlocksCommandHandler$DeleteCmdWorker@34b3127b] INFO  commandhandler.DeleteBlocksCommandHandler (DeleteBlocksCommandHandler.java:processCmd(272)) - Start to delete container blocks, TXIDs=[1(11)], numOfContainers=1, numOfBlocks=1
2023-03-23 08:05:59,564 [DeleteBlocksCommandHandlerThread-1] INFO  commandhandler.DeleteBlocksCommandHandler (DeleteBlocksCommandHandler.java:logDeleteTransaction(489)) - Delete blocks for containerId: 1 is either received out of order or retried, 1 <= 1
2023-03-23 08:05:59,568 [BlockDeletingService#4] INFO  interfaces.ContainerDeletionChoosingPolicyTemplate (ContainerDeletionChoosingPolicyTemplate.java:chooseContainerForBlockDeletion(83)) - Chosen 0/5000 blocks from 0 candidate containers.
2023-03-23 08:05:59,568 [BlockDeletingService#1] INFO  interfaces.ContainerDeletionChoosingPolicyTemplate (ContainerDeletionChoosingPolicyTemplate.java:chooseContainerForBlockDeletion(83)) - Chosen 0/5000 blocks from 0 candidate containers.
2023-03-23 08:05:59,606 [SCMBlockDeletingService#0] DEBUG block.SCMBlockDeletingService (SCMBlockDeletingService.java:call(136)) - Running DeletedBlockTransactionScanner
2023-03-23 08:05:59,661 [BlockDeletingService#1] INFO  interfaces.ContainerDeletionChoosingPolicyTemplate (ContainerDeletionChoosingPolicyTemplate.java:chooseContainerForBlockDeletion(83)) - Chosen 11/4989 blocks from 1 candidate containers.
2023-03-23 08:05:59,661 [BlockDeletingService#1] WARN  keyvalue.KeyValueHandler (KeyValueHandler.java:deleteUnreferenced(1211)) - Missing delete block(Container = 1, Block = 111677748019200001
2023-03-23 08:05:59,665 [EventQueue-DeleteBlockStatusForDeletedBlockLogImpl] DEBUG block.DeletedBlockLogImpl (DeletedBlockLogImpl.java:isTransactionFailed(314)) - Got block deletion ACK from datanode, TXIDs=1, success=true
2023-03-23 08:05:59,665 [EventQueue-DeleteBlockStatusForDeletedBlockLogImpl] DEBUG block.DeletedBlockLogImpl (DeletedBlockLogImpl.java:commitTransactions(286)) - Purging txId=1 from block deletion log
2023-03-23 08:05:59,665 [EventQueue-DeleteBlockStatusForDeletedBlockLogImpl] DEBUG block.DeletedBlockLogImpl (DeletedBlockLogImpl.java:commitTransactions(292)) - Datanode txId=1 containerId=#1 committed by dnId=fd439516-60ae-42f5-a7e4-bbb84e8556dc
2023-03-23 08:05:59,665 [EventQueue-DeleteBlockStatusForDeletedBlockLogImpl] DEBUG block.DeletedBlockLogImpl (DeletedBlockLogImpl.java:isTransactionFailed(314)) - Got block deletion ACK from datanode, TXIDs=1, success=true
2023-03-23 08:05:59,666 [EventQueue-DeleteBlockStatusForDeletedBlockLogImpl] DEBUG block.DeletedBlockLogImpl (DeletedBlockLogImpl.java:commitTransactions(260)) - Transaction txId=1 commit by dnId=fd439516-60ae-42f5-a7e4-bbb84e8556dc for containerID=#1 failed. Corresponding entry not found.
2023-03-23 08:05:59,666 [EventQueue-DeleteBlockStatusForDeletedBlockLogImpl] DEBUG block.DeletedBlockLogImpl (DeletedBlockLogImpl.java:isTransactionFailed(314)) - Got block deletion ACK from datanode, TXIDs=1, success=true
2023-03-23 08:05:59,666 [EventQueue-DeleteBlockStatusForDeletedBlockLogImpl] DEBUG block.DeletedBlockLogImpl (DeletedBlockLogImpl.java:commitTransactions(260)) - Transaction txId=1 commit by dnId=fd439516-60ae-42f5-a7e4-bbb84e8556dc for containerID=#1 failed. Corresponding entry not found.
2023-03-23 08:05:59,666 [EventQueue-DeleteBlockStatusForDeletedBlockLogImpl] DEBUG block.DeletedBlockLogImpl (DeletedBlockLogImpl.java:isTransactionFailed(314)) - Got block deletion ACK from datanode, TXIDs=1, success=true
2023-03-23 08:05:59,666 [EventQueue-DeleteBlockStatusForDeletedBlockLogImpl] DEBUG block.DeletedBlockLogImpl (DeletedBlockLogImpl.java:commitTransactions(260)) - Transaction txId=1 commit by dnId=fd439516-60ae-42f5-a7e4-bbb84e8556dc for containerID=#1 failed. Corresponding entry not found.
2023-03-23 08:05:59,666 [EventQueue-DeleteBlockStatusForDeletedBlockLogImpl] DEBUG block.DeletedBlockLogImpl (DeletedBlockLogImpl.java:isTransactionFailed(314)) - Got block deletion ACK from datanode, TXIDs=1, success=true
2023-03-23 08:05:59,666 [EventQueue-DeleteBlockStatusForDeletedBlockLogImpl] DEBUG block.DeletedBlockLogImpl (DeletedBlockLogImpl.java:commitTransactions(260)) - Transaction txId=1 commit by dnId=fd439516-60ae-42f5-a7e4-bbb84e8556dc for containerID=#1 failed. Corresponding entry not found.
2023-03-23 08:05:59,666 [EventQueue-DeleteBlockStatusForDeletedBlockLogImpl] DEBUG block.DeletedBlockLogImpl (DeletedBlockLogImpl.java:isTransactionFailed(314)) - Got block deletion ACK from datanode, TXIDs=1, success=true
2023-03-23 08:05:59,666 [EventQueue-DeleteBlockStatusForDeletedBlockLogImpl] DEBUG block.DeletedBlockLogImpl (DeletedBlockLogImpl.java:commitTransactions(260)) - Transaction txId=1 commit by dnId=fd439516-60ae-42f5-a7e4-bbb84e8556dc for containerID=#1 failed. Corresponding entry not found.
2023-03-23 08:05:59,666 [EventQueue-DeleteBlockStatusForDeletedBlockLogImpl] DEBUG block.DeletedBlockLogImpl (DeletedBlockLogImpl.java:isTransactionFailed(314)) - Got block deletion ACK from datanode, TXIDs=1, success=true
2023-03-23 08:05:59,666 [EventQueue-DeleteBlockStatusForDeletedBlockLogImpl] DEBUG block.DeletedBlockLogImpl (DeletedBlockLogImpl.java:commitTransactions(260)) - Transaction txId=1 commit by dnId=fd439516-60ae-42f5-a7e4-bbb84e8556dc for containerID=#1 failed. Corresponding entry not found.
2023-03-23 08:05:59,666 [EventQueue-DeleteBlockStatusForDeletedBlockLogImpl] DEBUG block.DeletedBlockLogImpl (DeletedBlockLogImpl.java:isTransactionFailed(314)) - Got block deletion ACK from datanode, TXIDs=1, success=true
2023-03-23 08:05:59,666 [EventQueue-DeleteBlockStatusForDeletedBlockLogImpl] DEBUG block.DeletedBlockLogImpl (DeletedBlockLogImpl.java:commitTransactions(260)) - Transaction txId=1 commit by dnId=fd439516-60ae-42f5-a7e4-bbb84e8556dc for containerID=#1 failed. Corresponding entry not found.
2023-03-23 08:05:59,666 [EventQueue-DeleteBlockStatusForDeletedBlockLogImpl] DEBUG block.DeletedBlockLogImpl (DeletedBlockLogImpl.java:isTransactionFailed(314)) - Got block deletion ACK from datanode, TXIDs=1, success=true
2023-03-23 08:05:59,666 [EventQueue-DeleteBlockStatusForDeletedBlockLogImpl] DEBUG block.DeletedBlockLogImpl (DeletedBlockLogImpl.java:commitTransactions(260)) - Transaction txId=1 commit by dnId=fd439516-60ae-42f5-a7e4-bbb84e8556dc for containerID=#1 failed. Corresponding entry not found.
2023-03-23 08:05:59,666 [EventQueue-DeleteBlockStatusForDeletedBlockLogImpl] DEBUG block.DeletedBlockLogImpl (DeletedBlockLogImpl.java:isTransactionFailed(314)) - Got block deletion ACK from datanode, TXIDs=1, success=true
2023-03-23 08:05:59,666 [EventQueue-DeleteBlockStatusForDeletedBlockLogImpl] DEBUG block.DeletedBlockLogImpl (DeletedBlockLogImpl.java:commitTransactions(260)) - Transaction txId=1 commit by dnId=fd439516-60ae-42f5-a7e4-bbb84e8556dc for containerID=#1 failed. Corresponding entry not found.
2023-03-23 08:05:59,666 [EventQueue-DeleteBlockStatusForDeletedBlockLogImpl] DEBUG block.DeletedBlockLogImpl (DeletedBlockLogImpl.java:isTransactionFailed(314)) - Got block deletion ACK from datanode, TXIDs=1, success=true
2023-03-23 08:05:59,666 [EventQueue-DeleteBlockStatusForDeletedBlockLogImpl] DEBUG block.DeletedBlockLogImpl (DeletedBlockLogImpl.java:commitTransactions(260)) - Transaction txId=1 commit by dnId=fd439516-60ae-42f5-a7e4-bbb84e8556dc for containerID=#1 failed. Corresponding entry not found.
2023-03-23 08:05:59,666 [EventQueue-DeleteBlockStatusForDeletedBlockLogImpl] DEBUG block.DeletedBlockLogImpl (DeletedBlockLogImpl.java:isTransactionFailed(314)) - Got block deletion ACK from datanode, TXIDs=1, success=true
2023-03-23 08:05:59,666 [EventQueue-DeleteBlockStatusForDeletedBlockLogImpl] DEBUG block.DeletedBlockLogImpl (DeletedBlockLogImpl.java:commitTransactions(260)) - Transaction txId=1 commit by dnId=fd439516-60ae-42f5-a7e4-bbb84e8556dc for containerID=#1 failed. Corresponding entry not found.
2023-03-23 08:05:59,668 [BlockDeletingService#4] INFO  interfaces.ContainerDeletionChoosingPolicyTemplate (ContainerDeletionChoosingPolicyTemplate.java:chooseContainerForBlockDeletion(83)) - Chosen 0/5000 blocks from 0 candidate containers.
2023-03-23 08:05:59,668 [BlockDeletingService#1] INFO  interfaces.ContainerDeletionChoosingPolicyTemplate (ContainerDeletionChoosingPolicyTemplate.java:chooseContainerForBlockDeletion(83)) - Chosen 0/5000 blocks from 0 candidate containers.
2023-03-23 08:05:59,707 [SCMBlockDeletingService#0] DEBUG block.SCMBlockDeletingService (SCMBlockDeletingService.java:call(136)) - Running DeletedBlockTransactionScanner
2023-03-23 08:05:59,762 [BlockDeletingService#6] INFO  interfaces.ContainerDeletionChoosingPolicyTemplate (ContainerDeletionChoosingPolicyTemplate.java:chooseContainerForBlockDeletion(83)) - Chosen 10/4990 blocks from 1 candidate containers.
2023-03-23 08:05:59,762 [BlockDeletingService#6] INFO  background.BlockDeletingService (BlockDeletingService.java:deleteViaTransactionStore(483)) - No transaction found in container 1 with pending delete block count 10
2023-03-23 08:05:59,768 [BlockDeletingService#4] INFO  interfaces.ContainerDeletionChoosingPolicyTemplate (ContainerDeletionChoosingPolicyTemplate.java:chooseContainerForBlockDeletion(83)) - Chosen 0/5000 blocks from 0 candidate containers.
2023-03-23 08:05:59,768 [BlockDeletingService#1] INFO  interfaces.ContainerDeletionChoosingPolicyTemplate (ContainerDeletionChoosingPolicyTemplate.java:chooseContainerForBlockDeletion(83)) - Chosen 0/5000 blocks from 0 candidate containers.
2023-03-23 08:05:59,807 [SCMBlockDeletingService#0] DEBUG block.SCMBlockDeletingService (SCMBlockDeletingService.java:call(136)) - Running DeletedBlockTransactionScanner
2023-03-23 08:05:59,863 [BlockDeletingService#2] INFO  interfaces.ContainerDeletionChoosingPolicyTemplate (ContainerDeletionChoosingPolicyTemplate.java:chooseContainerForBlockDeletion(83)) - Chosen 0/5000 blocks from 0 candidate containers.
2023-03-23 08:05:59,869 [BlockDeletingService#4] INFO  interfaces.ContainerDeletionChoosingPolicyTemplate (ContainerDeletionChoosingPolicyTemplate.java:chooseContainerForBlockDeletion(83)) - Chosen 0/5000 blocks from 0 candidate containers.
2023-03-23 08:05:59,869 [BlockDeletingService#1] INFO  interfaces.ContainerDeletionChoosingPolicyTemplate (ContainerDeletionChoosingPolicyTemplate.java:chooseContainerForBlockDeletion(83)) - Chosen 0/5000 blocks from 0 candidate containers.
2023-03-23 08:05:59,907 [SCMBlockDeletingService#0] DEBUG block.SCMBlockDeletingService (SCMBlockDeletingService.java:call(136)) - Running DeletedBlockTransactionScanner
2023-03-23 08:05:59,963 [BlockDeletingService#2] INFO  interfaces.ContainerDeletionChoosingPolicyTemplate (ContainerDeletionChoosingPolicyTemplate.java:chooseContainerForBlockDeletion(83)) - Chosen 0/5000 blocks from 0 candidate containers.
2023-03-23 08:05:59,969 [BlockDeletingService#4] INFO  interfaces.ContainerDeletionChoosingPolicyTemplate (ContainerDeletionChoosingPolicyTemplate.java:chooseContainerForBlockDeletion(83)) - Chosen 0/5000 blocks from 0 candidate containers.
2023-03-23 08:05:59,969 [BlockDeletingService#1] INFO  interfaces.ContainerDeletionChoosingPolicyTemplate (ContainerDeletionChoosingPolicyTemplate.java:chooseContainerForBlockDeletion(83)) - Chosen 0/5000 blocks from 0 candidate containers.
2023-03-23 08:05:59,987 [org.apache.hadoop.ozone.container.common.statemachine.commandhandler.DeleteBlocksCommandHandler$DeleteCmdWorker@46799b30] INFO  commandhandler.DeleteBlocksCommandHandler (DeleteBlocksCommandHandler.java:processCmd(272)) - Start to delete container blocks, TXIDs=[1(5)], numOfContainers=1, numOfBlocks=1
2023-03-23 08:05:59,987 [DeleteBlocksCommandHandlerThread-0] INFO  commandhandler.DeleteBlocksCommandHandler (DeleteBlocksCommandHandler.java:logDeleteTransaction(489)) - Delete blocks for containerId: 1 is either received out of order or retried, 1 <= 1
2023-03-23 08:05:59,989 [org.apache.hadoop.ozone.container.common.statemachine.commandhandler.DeleteBlocksCommandHandler$DeleteCmdWorker@46799b30] INFO  commandhandler.DeleteBlocksCommandHandler (DeleteBlocksCommandHandler.java:processCmd(272)) - Start to delete container blocks, TXIDs=[1(6)], numOfContainers=1, numOfBlocks=1
2023-03-23 08:05:59,989 [DeleteBlocksCommandHandlerThread-1] INFO  commandhandler.DeleteBlocksCommandHandler (DeleteBlocksCommandHandler.java:logDeleteTransaction(489)) - Delete blocks for containerId: 1 is either received out of order or retried, 1 <= 1
2023-03-23 08:05:59,989 [org.apache.hadoop.ozone.container.common.statemachine.commandhandler.DeleteBlocksCommandHandler$DeleteCmdWorker@46799b30] INFO  commandhandler.DeleteBlocksCommandHandler (DeleteBlocksCommandHandler.java:processCmd(272)) - Start to delete container blocks, TXIDs=[1(7)], numOfContainers=1, numOfBlocks=1
2023-03-23 08:05:59,989 [DeleteBlocksCommandHandlerThread-2] INFO  commandhandler.DeleteBlocksCommandHandler (DeleteBlocksCommandHandler.java:logDeleteTransaction(489)) - Delete blocks for containerId: 1 is either received out of order or retried, 1 <= 1
2023-03-23 08:06:00,007 [SCMBlockDeletingService#0] DEBUG block.SCMBlockDeletingService (SCMBlockDeletingService.java:call(136)) - Running DeletedBlockTransactionScanner
2023-03-23 08:06:00,053 [EventQueue-DeleteBlockStatusForDeletedBlockLogImpl] DEBUG block.DeletedBlockLogImpl (DeletedBlockLogImpl.java:isTransactionFailed(314)) - Got block deletion ACK from datanode, TXIDs=1, success=true
2023-03-23 08:06:00,053 [EventQueue-DeleteBlockStatusForDeletedBlockLogImpl] DEBUG block.DeletedBlockLogImpl (DeletedBlockLogImpl.java:commitTransactions(260)) - Transaction txId=1 commit by dnId=75faba44-0a9d-4b7a-8d49-daa003cae56d for containerID=#1 failed. Corresponding entry not found.
2023-03-23 08:06:00,054 [EventQueue-DeleteBlockStatusForDeletedBlockLogImpl] DEBUG block.DeletedBlockLogImpl (DeletedBlockLogImpl.java:isTransactionFailed(314)) - Got block deletion ACK from datanode, TXIDs=1, success=true
2023-03-23 08:06:00,054 [EventQueue-DeleteBlockStatusForDeletedBlockLogImpl] DEBUG block.DeletedBlockLogImpl (DeletedBlockLogImpl.java:commitTransactions(260)) - Transaction txId=1 commit by dnId=75faba44-0a9d-4b7a-8d49-daa003cae56d for containerID=#1 failed. Corresponding entry not found.
2023-03-23 08:06:00,054 [EventQueue-DeleteBlockStatusForDeletedBlockLogImpl] DEBUG block.DeletedBlockLogImpl (DeletedBlockLogImpl.java:isTransactionFailed(314)) - Got block deletion ACK from datanode, TXIDs=1, success=true
2023-03-23 08:06:00,054 [EventQueue-DeleteBlockStatusForDeletedBlockLogImpl] DEBUG block.DeletedBlockLogImpl (DeletedBlockLogImpl.java:commitTransactions(260)) - Transaction txId=1 commit by dnId=75faba44-0a9d-4b7a-8d49-daa003cae56d for containerID=#1 failed. Corresponding entry not found.
2023-03-23 08:06:00,063 [BlockDeletingService#2] INFO  interfaces.ContainerDeletionChoosingPolicyTemplate (ContainerDeletionChoosingPolicyTemplate.java:chooseContainerForBlockDeletion(83)) - Chosen 0/5000 blocks from 0 candidate containers.
2023-03-23 08:06:00,069 [BlockDeletingService#4] INFO  interfaces.ContainerDeletionChoosingPolicyTemplate (ContainerDeletionChoosingPolicyTemplate.java:chooseContainerForBlockDeletion(83)) - Chosen 0/5000 blocks from 0 candidate containers.
2023-03-23 08:06:00,070 [BlockDeletingService#1] INFO  interfaces.ContainerDeletionChoosingPolicyTemplate (ContainerDeletionChoosingPolicyTemplate.java:chooseContainerForBlockDeletion(83)) - Chosen 3/4997 blocks from 1 candidate containers.
2023-03-23 08:06:00,070 [BlockDeletingService#1] WARN  keyvalue.KeyValueHandler (KeyValueHandler.java:deleteUnreferenced(1211)) - Missing delete block(Container = 1, Block = 111677748019200001
2023-03-23 08:06:00,107 [SCMBlockDeletingService#0] DEBUG block.SCMBlockDeletingService (SCMBlockDeletingService.java:call(136)) - Running DeletedBlockTransactionScanner
2023-03-23 08:06:00,164 [BlockDeletingService#2] INFO  interfaces.ContainerDeletionChoosingPolicyTemplate (ContainerDeletionChoosingPolicyTemplate.java:chooseContainerForBlockDeletion(83)) - Chosen 0/5000 blocks from 0 candidate containers.
2023-03-23 08:06:00,169 [BlockDeletingService#4] INFO  interfaces.ContainerDeletionChoosingPolicyTemplate (ContainerDeletionChoosingPolicyTemplate.java:chooseContainerForBlockDeletion(83)) - Chosen 0/5000 blocks from 0 candidate containers.
2023-03-23 08:06:00,171 [BlockDeletingService#3] INFO  interfaces.ContainerDeletionChoosingPolicyTemplate (ContainerDeletionChoosingPolicyTemplate.java:chooseContainerForBlockDeletion(83)) - Chosen 2/4998 blocks from 1 candidate containers.
2023-03-23 08:06:00,171 [BlockDeletingService#3] INFO  background.BlockDeletingService (BlockDeletingService.java:deleteViaTransactionStore(483)) - No transaction found in container 1 with pending delete block count 2
2023-03-23 08:06:00,207 [SCMBlockDeletingService#0] DEBUG block.SCMBlockDeletingService (SCMBlockDeletingService.java:call(136)) - Running DeletedBlockTransactionScanner
2023-03-23 08:06:00,264 [BlockDeletingService#2] INFO  interfaces.ContainerDeletionChoosingPolicyTemplate (ContainerDeletionChoosingPolicyTemplate.java:chooseContainerForBlockDeletion(83)) - Chosen 0/5000 blocks from 0 candidate containers.
2023-03-23 08:06:00,270 [BlockDeletingService#4] INFO  interfaces.ContainerDeletionChoosingPolicyTemplate (ContainerDeletionChoosingPolicyTemplate.java:chooseContainerForBlockDeletion(83)) - Chosen 0/5000 blocks from 0 candidate containers.
2023-03-23 08:06:00,271 [BlockDeletingService#0] INFO  interfaces.ContainerDeletionChoosingPolicyTemplate (ContainerDeletionChoosingPolicyTemplate.java:chooseContainerForBlockDeletion(83)) - Chosen 0/5000 blocks from 0 candidate containers.
2023-03-23 08:06:00,307 [SCMBlockDeletingService#0] DEBUG block.SCMBlockDeletingService (SCMBlockDeletingService.java:call(136)) - Running DeletedBlockTransactionScanner
2023-03-23 08:06:00,364 [BlockDeletingService#2] INFO  interfaces.ContainerDeletionChoosingPolicyTemplate (ContainerDeletionChoosingPolicyTemplate.java:chooseContainerForBlockDeletion(83)) - Chosen 0/5000 blocks from 0 candidate containers.
2023-03-23 08:06:00,370 [BlockDeletingService#4] INFO  interfaces.ContainerDeletionChoosingPolicyTemplate (ContainerDeletionChoosingPolicyTemplate.java:chooseContainerForBlockDeletion(83)) - Chosen 0/5000 blocks from 0 candidate containers.
2023-03-23 08:06:00,371 [BlockDeletingService#0] INFO  interfaces.ContainerDeletionChoosingPolicyTemplate (ContainerDeletionChoosingPolicyTemplate.java:chooseContainerForBlockDeletion(83)) - Chosen 0/5000 blocks from 0 candidate containers.
2023-03-23 08:06:00,407 [SCMBlockDeletingService#0] DEBUG block.SCMBlockDeletingService (SCMBlockDeletingService.java:call(136)) - Running DeletedBlockTransactionScanner
2023-03-23 08:06:00,411 [org.apache.hadoop.ozone.container.common.statemachine.commandhandler.DeleteBlocksCommandHandler$DeleteCmdWorker@14ac8e21] INFO  commandhandler.DeleteBlocksCommandHandler (DeleteBlocksCommandHandler.java:processCmd(272)) - Start to delete container blocks, TXIDs=[1(4)], numOfContainers=1, numOfBlocks=1
2023-03-23 08:06:00,412 [DeleteBlocksCommandHandlerThread-4] INFO  commandhandler.DeleteBlocksCommandHandler (DeleteBlocksCommandHandler.java:logDeleteTransaction(489)) - Delete blocks for containerId: 1 is either received out of order or retried, 1 <= 1
2023-03-23 08:06:00,412 [org.apache.hadoop.ozone.container.common.statemachine.commandhandler.DeleteBlocksCommandHandler$DeleteCmdWorker@14ac8e21] INFO  commandhandler.DeleteBlocksCommandHandler (DeleteBlocksCommandHandler.java:processCmd(272)) - Start to delete container blocks, TXIDs=[1(5)], numOfContainers=1, numOfBlocks=1
2023-03-23 08:06:00,412 [DeleteBlocksCommandHandlerThread-0] INFO  commandhandler.DeleteBlocksCommandHandler (DeleteBlocksCommandHandler.java:logDeleteTransaction(489)) - Delete blocks for containerId: 1 is either received out of order or retried, 1 <= 1
2023-03-23 08:06:00,413 [org.apache.hadoop.ozone.container.common.statemachine.commandhandler.DeleteBlocksCommandHandler$DeleteCmdWorker@14ac8e21] INFO  commandhandler.DeleteBlocksCommandHandler (DeleteBlocksCommandHandler.java:processCmd(272)) - Start to delete container blocks, TXIDs=[1(6)], numOfContainers=1, numOfBlocks=1
2023-03-23 08:06:00,413 [DeleteBlocksCommandHandlerThread-1] INFO  commandhandler.DeleteBlocksCommandHandler (DeleteBlocksCommandHandler.java:logDeleteTransaction(489)) - Delete blocks for containerId: 1 is either received out of order or retried, 1 <= 1
2023-03-23 08:06:00,413 [org.apache.hadoop.ozone.container.common.statemachine.commandhandler.DeleteBlocksCommandHandler$DeleteCmdWorker@14ac8e21] INFO  commandhandler.DeleteBlocksCommandHandler (DeleteBlocksCommandHandler.java:processCmd(272)) - Start to delete container blocks, TXIDs=[1(7)], numOfContainers=1, numOfBlocks=1
2023-03-23 08:06:00,413 [DeleteBlocksCommandHandlerThread-2] INFO  commandhandler.DeleteBlocksCommandHandler (DeleteBlocksCommandHandler.java:logDeleteTransaction(489)) - Delete blocks for containerId: 1 is either received out of order or retried, 1 <= 1
2023-03-23 08:06:00,414 [org.apache.hadoop.ozone.container.common.statemachine.commandhandler.DeleteBlocksCommandHandler$DeleteCmdWorker@14ac8e21] INFO  commandhandler.DeleteBlocksCommandHandler (DeleteBlocksCommandHandler.java:processCmd(272)) - Start to delete container blocks, TXIDs=[1(8)], numOfContainers=1, numOfBlocks=1
2023-03-23 08:06:00,414 [DeleteBlocksCommandHandlerThread-3] INFO  commandhandler.DeleteBlocksCommandHandler (DeleteBlocksCommandHandler.java:logDeleteTransaction(489)) - Delete blocks for containerId: 1 is either received out of order or retried, 1 <= 1
2023-03-23 08:06:00,414 [org.apache.hadoop.ozone.container.common.statemachine.commandhandler.DeleteBlocksCommandHandler$DeleteCmdWorker@14ac8e21] INFO  commandhandler.DeleteBlocksCommandHandler (DeleteBlocksCommandHandler.java:processCmd(272)) - Start to delete container blocks, TXIDs=[1(9)], numOfContainers=1, numOfBlocks=1
2023-03-23 08:06:00,414 [DeleteBlocksCommandHandlerThread-4] INFO  commandhandler.DeleteBlocksCommandHandler (DeleteBlocksCommandHandler.java:logDeleteTransaction(489)) - Delete blocks for containerId: 1 is either received out of order or retried, 1 <= 1
2023-03-23 08:06:00,414 [org.apache.hadoop.ozone.container.common.statemachine.commandhandler.DeleteBlocksCommandHandler$DeleteCmdWorker@14ac8e21] INFO  commandhandler.DeleteBlocksCommandHandler (DeleteBlocksCommandHandler.java:processCmd(272)) - Start to delete container blocks, TXIDs=[1(10)], numOfContainers=1, numOfBlocks=1
2023-03-23 08:06:00,414 [DeleteBlocksCommandHandlerThread-0] INFO  commandhandler.DeleteBlocksCommandHandler (DeleteBlocksCommandHandler.java:logDeleteTransaction(489)) - Delete blocks for containerId: 1 is either received out of order or retried, 1 <= 1
2023-03-23 08:06:00,464 [BlockDeletingService#2] INFO  interfaces.ContainerDeletionChoosingPolicyTemplate (ContainerDeletionChoosingPolicyTemplate.java:chooseContainerForBlockDeletion(83)) - Chosen 0/5000 blocks from 0 candidate containers.
2023-03-23 08:06:00,470 [BlockDeletingService#4] INFO  interfaces.ContainerDeletionChoosingPolicyTemplate (ContainerDeletionChoosingPolicyTemplate.java:chooseContainerForBlockDeletion(83)) - Chosen 7/4993 blocks from 1 candidate containers.
2023-03-23 08:06:00,471 [BlockDeletingService#4] WARN  keyvalue.KeyValueHandler (KeyValueHandler.java:deleteUnreferenced(1211)) - Missing delete block(Container = 1, Block = 111677748019200001
2023-03-23 08:06:00,471 [BlockDeletingService#0] INFO  interfaces.ContainerDeletionChoosingPolicyTemplate (ContainerDeletionChoosingPolicyTemplate.java:chooseContainerForBlockDeletion(83)) - Chosen 0/5000 blocks from 0 candidate containers.
2023-03-23 08:06:00,507 [SCMBlockDeletingService#0] DEBUG block.SCMBlockDeletingService (SCMBlockDeletingService.java:call(136)) - Running DeletedBlockTransactionScanner
2023-03-23 08:06:00,565 [BlockDeletingService#2] INFO  interfaces.ContainerDeletionChoosingPolicyTemplate (ContainerDeletionChoosingPolicyTemplate.java:chooseContainerForBlockDeletion(83)) - Chosen 0/5000 blocks from 0 candidate containers.
2023-03-23 08:06:00,572 [BlockDeletingService#0] INFO  interfaces.ContainerDeletionChoosingPolicyTemplate (ContainerDeletionChoosingPolicyTemplate.java:chooseContainerForBlockDeletion(83)) - Chosen 0/5000 blocks from 0 candidate containers.
2023-03-23 08:06:00,574 [BlockDeletingService#5] INFO  interfaces.ContainerDeletionChoosingPolicyTemplate (ContainerDeletionChoosingPolicyTemplate.java:chooseContainerForBlockDeletion(83)) - Chosen 6/4994 blocks from 1 candidate containers.
2023-03-23 08:06:00,574 [BlockDeletingService#5] INFO  background.BlockDeletingService (BlockDeletingService.java:deleteViaTransactionStore(483)) - No transaction found in container 1 with pending delete block count 6
2023-03-23 08:06:00,607 [SCMBlockDeletingService#0] DEBUG block.SCMBlockDeletingService (SCMBlockDeletingService.java:call(136)) - Running DeletedBlockTransactionScanner
2023-03-23 08:06:00,664 [EventQueue-DeleteBlockStatusForDeletedBlockLogImpl] DEBUG block.DeletedBlockLogImpl (DeletedBlockLogImpl.java:isTransactionFailed(314)) - Got block deletion ACK from datanode, TXIDs=1, success=true
2023-03-23 08:06:00,664 [EventQueue-DeleteBlockStatusForDeletedBlockLogImpl] DEBUG block.DeletedBlockLogImpl (DeletedBlockLogImpl.java:commitTransactions(260)) - Transaction txId=1 commit by dnId=314195c6-23a8-4084-8433-e4a65193fa35 for containerID=#1 failed. Corresponding entry not found.
2023-03-23 08:06:00,664 [EventQueue-DeleteBlockStatusForDeletedBlockLogImpl] DEBUG block.DeletedBlockLogImpl (DeletedBlockLogImpl.java:isTransactionFailed(314)) - Got block deletion ACK from datanode, TXIDs=1, success=true
2023-03-23 08:06:00,664 [EventQueue-DeleteBlockStatusForDeletedBlockLogImpl] DEBUG block.DeletedBlockLogImpl (DeletedBlockLogImpl.java:commitTransactions(260)) - Transaction txId=1 commit by dnId=314195c6-23a8-4084-8433-e4a65193fa35 for containerID=#1 failed. Corresponding entry not found.
2023-03-23 08:06:00,664 [EventQueue-DeleteBlockStatusForDeletedBlockLogImpl] DEBUG block.DeletedBlockLogImpl (DeletedBlockLogImpl.java:isTransactionFailed(314)) - Got block deletion ACK from datanode, TXIDs=1, success=true
2023-03-23 08:06:00,664 [EventQueue-DeleteBlockStatusForDeletedBlockLogImpl] DEBUG block.DeletedBlockLogImpl (DeletedBlockLogImpl.java:commitTransactions(260)) - Transaction txId=1 commit by dnId=314195c6-23a8-4084-8433-e4a65193fa35 for containerID=#1 failed. Corresponding entry not found.
2023-03-23 08:06:00,664 [EventQueue-DeleteBlockStatusForDeletedBlockLogImpl] DEBUG block.DeletedBlockLogImpl (DeletedBlockLogImpl.java:isTransactionFailed(314)) - Got block deletion ACK from datanode, TXIDs=1, success=true
2023-03-23 08:06:00,664 [EventQueue-DeleteBlockStatusForDeletedBlockLogImpl] DEBUG block.DeletedBlockLogImpl (DeletedBlockLogImpl.java:commitTransactions(260)) - Transaction txId=1 commit by dnId=314195c6-23a8-4084-8433-e4a65193fa35 for containerID=#1 failed. Corresponding entry not found.
2023-03-23 08:06:00,664 [EventQueue-DeleteBlockStatusForDeletedBlockLogImpl] DEBUG block.DeletedBlockLogImpl (DeletedBlockLogImpl.java:isTransactionFailed(314)) - Got block deletion ACK from datanode, TXIDs=1, success=true
2023-03-23 08:06:00,664 [EventQueue-DeleteBlockStatusForDeletedBlockLogImpl] DEBUG block.DeletedBlockLogImpl (DeletedBlockLogImpl.java:commitTransactions(260)) - Transaction txId=1 commit by dnId=314195c6-23a8-4084-8433-e4a65193fa35 for containerID=#1 failed. Corresponding entry not found.
2023-03-23 08:06:00,664 [EventQueue-DeleteBlockStatusForDeletedBlockLogImpl] DEBUG block.DeletedBlockLogImpl (DeletedBlockLogImpl.java:isTransactionFailed(314)) - Got block deletion ACK from datanode, TXIDs=1, success=true
2023-03-23 08:06:00,664 [EventQueue-DeleteBlockStatusForDeletedBlockLogImpl] DEBUG block.DeletedBlockLogImpl (DeletedBlockLogImpl.java:commitTransactions(260)) - Transaction txId=1 commit by dnId=314195c6-23a8-4084-8433-e4a65193fa35 for containerID=#1 failed. Corresponding entry not found.
2023-03-23 08:06:00,664 [EventQueue-DeleteBlockStatusForDeletedBlockLogImpl] DEBUG block.DeletedBlockLogImpl (DeletedBlockLogImpl.java:isTransactionFailed(314)) - Got block deletion ACK from datanode, TXIDs=1, success=true
2023-03-23 08:06:00,664 [EventQueue-DeleteBlockStatusForDeletedBlockLogImpl] DEBUG block.DeletedBlockLogImpl (DeletedBlockLogImpl.java:commitTransactions(260)) - Transaction txId=1 commit by dnId=314195c6-23a8-4084-8433-e4a65193fa35 for containerID=#1 failed. Corresponding entry not found.
2023-03-23 08:06:00,665 [BlockDeletingService#2] INFO  interfaces.ContainerDeletionChoosingPolicyTemplate (ContainerDeletionChoosingPolicyTemplate.java:chooseContainerForBlockDeletion(83)) - Chosen 0/5000 blocks from 0 candidate containers.
2023-03-23 08:06:00,672 [BlockDeletingService#0] INFO  interfaces.ContainerDeletionChoosingPolicyTemplate (ContainerDeletionChoosingPolicyTemplate.java:chooseContainerForBlockDeletion(83)) - Chosen 0/5000 blocks from 0 candidate containers.
2023-03-23 08:06:00,674 [BlockDeletingService#6] INFO  interfaces.ContainerDeletionChoosingPolicyTemplate (ContainerDeletionChoosingPolicyTemplate.java:chooseContainerForBlockDeletion(83)) - Chosen 0/5000 blocks from 0 candidate containers.
2023-03-23 08:06:00,707 [SCMBlockDeletingService#0] DEBUG block.SCMBlockDeletingService (SCMBlockDeletingService.java:call(136)) - Running DeletedBlockTransactionScanner
2023-03-23 08:06:00,766 [BlockDeletingService#2] INFO  interfaces.ContainerDeletionChoosingPolicyTemplate (ContainerDeletionChoosingPolicyTemplate.java:chooseContainerForBlockDeletion(83)) - Chosen 0/5000 blocks from 0 candidate containers.
2023-03-23 08:06:00,772 [BlockDeletingService#0] INFO  interfaces.ContainerDeletionChoosingPolicyTemplate (ContainerDeletionChoosingPolicyTemplate.java:chooseContainerForBlockDeletion(83)) - Chosen 0/5000 blocks from 0 candidate containers.
2023-03-23 08:06:00,774 [BlockDeletingService#6] INFO  interfaces.ContainerDeletionChoosingPolicyTemplate (ContainerDeletionChoosingPolicyTemplate.java:chooseContainerForBlockDeletion(83)) - Chosen 0/5000 blocks from 0 candidate containers.
2023-03-23 08:06:00,807 [SCMBlockDeletingService#0] DEBUG block.SCMBlockDeletingService (SCMBlockDeletingService.java:call(136)) - Running DeletedBlockTransactionScanner
2023-03-23 08:06:00,866 [BlockDeletingService#2] INFO  interfaces.ContainerDeletionChoosingPolicyTemplate (ContainerDeletionChoosingPolicyTemplate.java:chooseContainerForBlockDeletion(83)) - Chosen 0/5000 blocks from 0 candidate containers.
2023-03-23 08:06:00,872 [BlockDeletingService#0] INFO  interfaces.ContainerDeletionChoosingPolicyTemplate (ContainerDeletionChoosingPolicyTemplate.java:chooseContainerForBlockDeletion(83)) - Chosen 0/5000 blocks from 0 candidate containers.
2023-03-23 08:06:00,874 [BlockDeletingService#6] INFO  interfaces.ContainerDeletionChoosingPolicyTemplate (ContainerDeletionChoosingPolicyTemplate.java:chooseContainerForBlockDeletion(83)) - Chosen 0/5000 blocks from 0 candidate containers.
2023-03-23 08:06:00,907 [SCMBlockDeletingService#0] DEBUG block.SCMBlockDeletingService (SCMBlockDeletingService.java:call(136)) - Running DeletedBlockTransactionScanner
2023-03-23 08:06:00,966 [BlockDeletingService#2] INFO  interfaces.ContainerDeletionChoosingPolicyTemplate (ContainerDeletionChoosingPolicyTemplate.java:chooseContainerForBlockDeletion(83)) - Chosen 0/5000 blocks from 0 candidate containers.
2023-03-23 08:06:00,973 [BlockDeletingService#0] INFO  interfaces.ContainerDeletionChoosingPolicyTemplate (ContainerDeletionChoosingPolicyTemplate.java:chooseContainerForBlockDeletion(83)) - Chosen 0/5000 blocks from 0 candidate containers.
2023-03-23 08:06:00,974 [BlockDeletingService#6] INFO  interfaces.ContainerDeletionChoosingPolicyTemplate (ContainerDeletionChoosingPolicyTemplate.java:chooseContainerForBlockDeletion(83)) - Chosen 0/5000 blocks from 0 candidate containers.
2023-03-23 08:06:01,008 [SCMBlockDeletingService#0] DEBUG block.SCMBlockDeletingService (SCMBlockDeletingService.java:call(136)) - Running DeletedBlockTransactionScanner
2023-03-23 08:06:01,067 [BlockDeletingService#2] INFO  interfaces.ContainerDeletionChoosingPolicyTemplate (ContainerDeletionChoosingPolicyTemplate.java:chooseContainerForBlockDeletion(83)) - Chosen 0/5000 blocks from 0 candidate containers.
2023-03-23 08:06:01,073 [BlockDeletingService#0] INFO  interfaces.ContainerDeletionChoosingPolicyTemplate (ContainerDeletionChoosingPolicyTemplate.java:chooseContainerForBlockDeletion(83)) - Chosen 0/5000 blocks from 0 candidate containers.
2023-03-23 08:06:01,074 [BlockDeletingService#6] INFO  interfaces.ContainerDeletionChoosingPolicyTemplate (ContainerDeletionChoosingPolicyTemplate.java:chooseContainerForBlockDeletion(83)) - Chosen 0/5000 blocks from 0 candidate containers.
2023-03-23 08:06:01,108 [SCMBlockDeletingService#0] DEBUG block.SCMBlockDeletingService (SCMBlockDeletingService.java:call(136)) - Running DeletedBlockTransactionScanner
2023-03-23 08:06:01,167 [BlockDeletingService#2] INFO  interfaces.ContainerDeletionChoosingPolicyTemplate (ContainerDeletionChoosingPolicyTemplate.java:chooseContainerForBlockDeletion(83)) - Chosen 0/5000 blocks from 0 candidate containers.
2023-03-23 08:06:01,173 [BlockDeletingService#0] INFO  interfaces.ContainerDeletionChoosingPolicyTemplate (ContainerDeletionChoosingPolicyTemplate.java:chooseContainerForBlockDeletion(83)) - Chosen 0/5000 blocks from 0 candidate containers.
2023-03-23 08:06:01,175 [BlockDeletingService#6] INFO  interfaces.ContainerDeletionChoosingPolicyTemplate (ContainerDeletionChoosingPolicyTemplate.java:chooseContainerForBlockDeletion(83)) - Chosen 0/5000 blocks from 0 candidate containers.
2023-03-23 08:06:01,208 [SCMBlockDeletingService#0] DEBUG block.SCMBlockDeletingService (SCMBlockDeletingService.java:call(136)) - Running DeletedBlockTransactionScanner
2023-03-23 08:06:01,268 [BlockDeletingService#2] INFO  interfaces.ContainerDeletionChoosingPolicyTemplate (ContainerDeletionChoosingPolicyTemplate.java:chooseContainerForBlockDeletion(83)) - Chosen 0/5000 blocks from 0 candidate containers.
2023-03-23 08:06:01,273 [BlockDeletingService#0] INFO  interfaces.ContainerDeletionChoosingPolicyTemplate (ContainerDeletionChoosingPolicyTemplate.java:chooseContainerForBlockDeletion(83)) - Chosen 0/5000 blocks from 0 candidate containers.
2023-03-23 08:06:01,275 [BlockDeletingService#6] INFO  interfaces.ContainerDeletionChoosingPolicyTemplate (ContainerDeletionChoosingPolicyTemplate.java:chooseContainerForBlockDeletion(83)) - Chosen 0/5000 blocks from 0 candidate containers.
2023-03-23 08:06:01,308 [SCMBlockDeletingService#0] DEBUG block.SCMBlockDeletingService (SCMBlockDeletingService.java:call(136)) - Running DeletedBlockTransactionScanner
2023-03-23 08:06:01,368 [BlockDeletingService#2] INFO  interfaces.ContainerDeletionChoosingPolicyTemplate (ContainerDeletionChoosingPolicyTemplate.java:chooseContainerForBlockDeletion(83)) - Chosen 0/5000 blocks from 0 candidate containers.
2023-03-23 08:06:01,374 [BlockDeletingService#0] INFO  interfaces.ContainerDeletionChoosingPolicyTemplate (ContainerDeletionChoosingPolicyTemplate.java:chooseContainerForBlockDeletion(83)) - Chosen 0/5000 blocks from 0 candidate containers.
2023-03-23 08:06:01,375 [BlockDeletingService#6] INFO  interfaces.ContainerDeletionChoosingPolicyTemplate (ContainerDeletionChoosingPolicyTemplate.java:chooseContainerForBlockDeletion(83)) - Chosen 0/5000 blocks from 0 candidate containers.
2023-03-23 08:06:01,408 [SCMBlockDeletingService#0] DEBUG block.SCMBlockDeletingService (SCMBlockDeletingService.java:call(136)) - Running DeletedBlockTransactionScanner
2023-03-23 08:06:01,468 [BlockDeletingService#2] INFO  interfaces.ContainerDeletionChoosingPolicyTemplate (ContainerDeletionChoosingPolicyTemplate.java:chooseContainerForBlockDeletion(83)) - Chosen 0/5000 blocks from 0 candidate containers.
2023-03-23 08:06:01,474 [BlockDeletingService#0] INFO  interfaces.ContainerDeletionChoosingPolicyTemplate (ContainerDeletionChoosingPolicyTemplate.java:chooseContainerForBlockDeletion(83)) - Chosen 0/5000 blocks from 0 candidate containers.
2023-03-23 08:06:01,475 [BlockDeletingService#6] INFO  interfaces.ContainerDeletionChoosingPolicyTemplate (ContainerDeletionChoosingPolicyTemplate.java:chooseContainerForBlockDeletion(83)) - Chosen 0/5000 blocks from 0 candidate containers.
2023-03-23 08:06:01,508 [SCMBlockDeletingService#0] DEBUG block.SCMBlockDeletingService (SCMBlockDeletingService.java:call(136)) - Running DeletedBlockTransactionScanner
2023-03-23 08:06:01,564 [org.apache.hadoop.ozone.container.common.statemachine.commandhandler.DeleteBlocksCommandHandler$DeleteCmdWorker@34b3127b] INFO  commandhandler.DeleteBlocksCommandHandler (DeleteBlocksCommandHandler.java:processCmd(272)) - Start to delete container blocks, TXIDs=[1(12)], numOfContainers=1, numOfBlocks=1
2023-03-23 08:06:01,565 [DeleteBlocksCommandHandlerThread-2] INFO  commandhandler.DeleteBlocksCommandHandler (DeleteBlocksCommandHandler.java:logDeleteTransaction(489)) - Delete blocks for containerId: 1 is either received out of order or retried, 1 <= 1
2023-03-23 08:06:01,565 [org.apache.hadoop.ozone.container.common.statemachine.commandhandler.DeleteBlocksCommandHandler$DeleteCmdWorker@34b3127b] INFO  commandhandler.DeleteBlocksCommandHandler (DeleteBlocksCommandHandler.java:processCmd(272)) - Start to delete container blocks, TXIDs=[1(13)], numOfContainers=1, numOfBlocks=1
2023-03-23 08:06:01,565 [DeleteBlocksCommandHandlerThread-3] INFO  commandhandler.DeleteBlocksCommandHandler (DeleteBlocksCommandHandler.java:logDeleteTransaction(489)) - Delete blocks for containerId: 1 is either received out of order or retried, 1 <= 1
2023-03-23 08:06:01,565 [org.apache.hadoop.ozone.container.common.statemachine.commandhandler.DeleteBlocksCommandHandler$DeleteCmdWorker@34b3127b] INFO  commandhandler.DeleteBlocksCommandHandler (DeleteBlocksCommandHandler.java:processCmd(272)) - Start to delete container blocks, TXIDs=[1(14)], numOfContainers=1, numOfBlocks=1
2023-03-23 08:06:01,566 [DeleteBlocksCommandHandlerThread-4] INFO  commandhandler.DeleteBlocksCommandHandler (DeleteBlocksCommandHandler.java:logDeleteTransaction(489)) - Delete blocks for containerId: 1 is either received out of order or retried, 1 <= 1
2023-03-23 08:06:01,566 [org.apache.hadoop.ozone.container.common.statemachine.commandhandler.DeleteBlocksCommandHandler$DeleteCmdWorker@34b3127b] INFO  commandhandler.DeleteBlocksCommandHandler (DeleteBlocksCommandHandler.java:processCmd(272)) - Start to delete container blocks, TXIDs=[1(15)], numOfContainers=1, numOfBlocks=1
2023-03-23 08:06:01,566 [DeleteBlocksCommandHandlerThread-0] INFO  commandhandler.DeleteBlocksCommandHandler (DeleteBlocksCommandHandler.java:logDeleteTransaction(489)) - Delete blocks for containerId: 1 is either received out of order or retried, 1 <= 1
2023-03-23 08:06:01,570 [BlockDeletingService#2] INFO  interfaces.ContainerDeletionChoosingPolicyTemplate (ContainerDeletionChoosingPolicyTemplate.java:chooseContainerForBlockDeletion(83)) - Chosen 4/4996 blocks from 1 candidate containers.
2023-03-23 08:06:01,571 [BlockDeletingService#2] WARN  keyvalue.KeyValueHandler (KeyValueHandler.java:deleteUnreferenced(1211)) - Missing delete block(Container = 1, Block = 111677748019200001
2023-03-23 08:06:01,574 [BlockDeletingService#0] INFO  interfaces.ContainerDeletionChoosingPolicyTemplate (ContainerDeletionChoosingPolicyTemplate.java:chooseContainerForBlockDeletion(83)) - Chosen 0/5000 blocks from 0 candidate containers.
2023-03-23 08:06:01,575 [BlockDeletingService#6] INFO  interfaces.ContainerDeletionChoosingPolicyTemplate (ContainerDeletionChoosingPolicyTemplate.java:chooseContainerForBlockDeletion(83)) - Chosen 0/5000 blocks from 0 candidate containers.
2023-03-23 08:06:01,583 [Listener at 127.0.0.1/36689] INFO  ozone.MiniOzoneClusterImpl (MiniOzoneClusterImpl.java:shutdown(455)) - Shutting down the Mini Ozone Cluster
2023-03-23 08:06:01,584 [Listener at 127.0.0.1/36689] INFO  ozone.MiniOzoneClusterImpl (MiniOzoneClusterImpl.java:stop(471)) - Stopping the Mini Ozone Cluster
2023-03-23 08:06:01,586 [Listener at 127.0.0.1/36689] INFO  ozone.MiniOzoneClusterImpl (MiniOzoneClusterImpl.java:stopOM(553)) - Stopping the OzoneManager
2023-03-23 08:06:01,586 [Listener at 127.0.0.1/36689] INFO  om.OzoneManager (OzoneManager.java:stop(2155)) - om1[localhost:0]: Stopping Ozone Manager
2023-03-23 08:06:01,587 [Listener at 127.0.0.1/36689] INFO  ipc.Server (Server.java:stop(3428)) - Stopping server on 36689
2023-03-23 08:06:01,594 [IPC Server listener on 0] INFO  ipc.Server (Server.java:run(1384)) - Stopping IPC Server listener on 0
2023-03-23 08:06:01,596 [IPC Server Responder] INFO  ipc.Server (Server.java:run(1517)) - Stopping IPC Server Responder
2023-03-23 08:06:01,597 [Listener at 127.0.0.1/36689] INFO  server.RaftServer (RaftServerProxy.java:lambda$close$6(409)) - om1: close
2023-03-23 08:06:01,597 [Listener at 127.0.0.1/36689] INFO  server.GrpcService (GrpcService.java:closeImpl(271)) - om1: shutdown server GrpcServerProtocolService now
2023-03-23 08:06:01,597 [om1-impl-thread1] INFO  server.RaftServer$Division (RaftServerImpl.java:lambda$close$4(458)) - om1@group-C5BA1605619E: shutdown
2023-03-23 08:06:01,597 [om1-impl-thread1] INFO  util.JmxRegister (JmxRegister.java:unregister(73)) - Successfully un-registered JMX Bean with object name Ratis:service=RaftServer,group=group-C5BA1605619E,id=om1
2023-03-23 08:06:01,597 [om1-impl-thread1] INFO  impl.RoleInfo (RoleInfo.java:shutdownLeaderState(93)) - om1: shutdown om1@group-C5BA1605619E-LeaderStateImpl
2023-03-23 08:06:01,598 [om1-impl-thread1] INFO  impl.PendingRequests (PendingRequests.java:sendNotLeaderResponses(282)) - om1@group-C5BA1605619E-PendingRequests: sendNotLeaderResponses
2023-03-23 08:06:01,600 [Listener at 127.0.0.1/36689] INFO  server.GrpcService (GrpcService.java:closeImpl(280)) - om1: shutdown server GrpcServerProtocolService successfully
2023-03-23 08:06:01,601 [om1-impl-thread1] INFO  impl.StateMachineUpdater (StateMachineUpdater.java:stopAndJoin(153)) - om1@group-C5BA1605619E-StateMachineUpdater: set stopIndex = 12
2023-03-23 08:06:01,602 [om1@group-C5BA1605619E-StateMachineUpdater] INFO  ratis.OzoneManagerStateMachine (OzoneManagerStateMachine.java:takeSnapshot(445)) - Current Snapshot Index (t:1, i:12)
2023-03-23 08:06:01,608 [SCMBlockDeletingService#0] DEBUG block.SCMBlockDeletingService (SCMBlockDeletingService.java:call(136)) - Running DeletedBlockTransactionScanner
2023-03-23 08:06:01,623 [om1@group-C5BA1605619E-StateMachineUpdater] INFO  impl.StateMachineUpdater (StateMachineUpdater.java:takeSnapshot(287)) - om1@group-C5BA1605619E-StateMachineUpdater: Took a snapshot at index 12
2023-03-23 08:06:01,623 [om1@group-C5BA1605619E-StateMachineUpdater] INFO  impl.StateMachineUpdater (StateMachineUpdater.java:lambda$new$0(92)) - om1@group-C5BA1605619E-StateMachineUpdater: snapshotIndex: updateIncreasingly -1 -> 12
2023-03-23 08:06:01,623 [om1@group-C5BA1605619E-StateMachineUpdater] INFO  ratis.OzoneManagerStateMachine (OzoneManagerStateMachine.java:close(499)) - StateMachine has shutdown. Shutdown OzoneManager if not already shutdown.
2023-03-23 08:06:01,623 [om1@group-C5BA1605619E-StateMachineUpdater] INFO  ratis.OzoneManagerDoubleBuffer (OzoneManagerDoubleBuffer.java:stopDaemon(540)) - Stopping OMDoubleBuffer flush thread
2023-03-23 08:06:01,624 [OMDoubleBufferFlushThread] INFO  ratis.OzoneManagerDoubleBuffer (OzoneManagerDoubleBuffer.java:canFlush(625)) - OMDoubleBuffer flush thread OMDoubleBufferFlushThread is interrupted and will exit.
2023-03-23 08:06:01,625 [om1-impl-thread1] INFO  server.RaftServer$Division (ServerState.java:close(466)) - om1@group-C5BA1605619E: closes. applyIndex: 12
2023-03-23 08:06:01,625 [om1@group-C5BA1605619E-SegmentedRaftLogWorker] INFO  segmented.SegmentedRaftLogWorker (SegmentedRaftLogWorker.java:run(347)) - om1@group-C5BA1605619E-SegmentedRaftLogWorker was interrupted, exiting. There are 0 tasks remaining in the queue.
2023-03-23 08:06:01,627 [om1-impl-thread1] INFO  segmented.SegmentedRaftLogWorker (SegmentedRaftLogWorker.java:close(257)) - om1@group-C5BA1605619E-SegmentedRaftLogWorker close()
2023-03-23 08:06:01,627 [JvmPauseMonitor4] INFO  util.JvmPauseMonitor (JvmPauseMonitor.java:run(111)) - JvmPauseMonitor-om1: Stopped
2023-03-23 08:06:01,627 [Listener at 127.0.0.1/36689] INFO  ratis.OzoneManagerStateMachine (OzoneManagerStateMachine.java:close(499)) - StateMachine has shutdown. Shutdown OzoneManager if not already shutdown.
2023-03-23 08:06:01,628 [Listener at 127.0.0.1/36689] INFO  ratis.OzoneManagerDoubleBuffer (OzoneManagerDoubleBuffer.java:stopDaemon(549)) - OMDoubleBuffer flush thread is not running.
2023-03-23 08:06:01,628 [Listener at 127.0.0.1/36689] INFO  utils.BackgroundService (BackgroundService.java:shutdown(141)) - Shutting down service KeyDeletingService
2023-03-23 08:06:01,629 [Listener at 127.0.0.1/36689] INFO  utils.BackgroundService (BackgroundService.java:shutdown(141)) - Shutting down service DirectoryDeletingService
2023-03-23 08:06:01,629 [Listener at 127.0.0.1/36689] INFO  utils.BackgroundService (BackgroundService.java:shutdown(141)) - Shutting down service OpenKeyCleanupService
2023-03-23 08:06:01,629 [Listener at 127.0.0.1/36689] INFO  utils.BackgroundService (BackgroundService.java:shutdown(141)) - Shutting down service SstFilteringService
2023-03-23 08:06:01,630 [Listener at 127.0.0.1/36689] INFO  utils.BackgroundService (BackgroundService.java:shutdown(141)) - Shutting down service SnapshotDeletingService
2023-03-23 08:06:01,630 [Listener at 127.0.0.1/36689] INFO  handler.ContextHandler (ContextHandler.java:doStop(1159)) - Stopped o.e.j.w.WebAppContext@73111494{ozoneManager,/,null,STOPPED}{file:/home/runner/work/ozone/ozone/hadoop-ozone/integration-test/target/test-classes/webapps/ozoneManager}
2023-03-23 08:06:01,631 [Listener at 127.0.0.1/36689] INFO  server.AbstractConnector (AbstractConnector.java:doStop(383)) - Stopped ServerConnector@51e7b595{HTTP/1.1, (http/1.1)}{0.0.0.0:0}
2023-03-23 08:06:01,631 [Listener at 127.0.0.1/36689] INFO  server.session (HouseKeeper.java:stopScavenging(149)) - node0 Stopped scavenging
2023-03-23 08:06:01,631 [Listener at 127.0.0.1/36689] INFO  handler.ContextHandler (ContextHandler.java:doStop(1159)) - Stopped o.e.j.s.ServletContextHandler@6c957807{static,/static,file:///home/runner/work/ozone/ozone/hadoop-ozone/integration-test/target/test-classes/webapps/static,STOPPED}
2023-03-23 08:06:01,631 [Listener at 127.0.0.1/36689] INFO  handler.ContextHandler (ContextHandler.java:doStop(1159)) - Stopped o.e.j.s.ServletContextHandler@6b7b3d77{logs,/logs,file:///home/runner/work/ozone/ozone/hadoop-ozone/integration-test/target/log,STOPPED}
2023-03-23 08:06:01,637 [Listener at 127.0.0.1/36689] INFO  ozone.MiniOzoneClusterImpl (MiniOzoneClusterImpl.java:stopDatanodes(530)) - Stopping the HddsDatanodes
2023-03-23 08:06:01,641 [Listener at 127.0.0.1/36689] INFO  ozoneimpl.OzoneContainer (OzoneContainer.java:stop(423)) - Attempting to stop container services.
2023-03-23 08:06:01,641 [ForkJoinPool.commonPool-worker-1] INFO  ozoneimpl.OzoneContainer (OzoneContainer.java:stop(423)) - Attempting to stop container services.
2023-03-23 08:06:01,642 [ForkJoinPool.commonPool-worker-1] INFO  server.RaftServer (RaftServerProxy.java:lambda$close$6(409)) - fd439516-60ae-42f5-a7e4-bbb84e8556dc: close
2023-03-23 08:06:01,642 [ForkJoinPool.commonPool-worker-1] INFO  server.GrpcService (GrpcService.java:closeImpl(271)) - fd439516-60ae-42f5-a7e4-bbb84e8556dc: shutdown server GrpcServerProtocolService now
2023-03-23 08:06:01,642 [fd439516-60ae-42f5-a7e4-bbb84e8556dc-impl-thread1] INFO  server.RaftServer$Division (RaftServerImpl.java:lambda$close$4(458)) - fd439516-60ae-42f5-a7e4-bbb84e8556dc@group-A950A0DADB05: shutdown
2023-03-23 08:06:01,642 [fd439516-60ae-42f5-a7e4-bbb84e8556dc-impl-thread1] INFO  util.JmxRegister (JmxRegister.java:unregister(73)) - Successfully un-registered JMX Bean with object name Ratis:service=RaftServer,group=group-A950A0DADB05,id=fd439516-60ae-42f5-a7e4-bbb84e8556dc
2023-03-23 08:06:01,643 [fd439516-60ae-42f5-a7e4-bbb84e8556dc-impl-thread1] INFO  impl.RoleInfo (RoleInfo.java:shutdownFollowerState(110)) - fd439516-60ae-42f5-a7e4-bbb84e8556dc: shutdown fd439516-60ae-42f5-a7e4-bbb84e8556dc@group-A950A0DADB05-FollowerState
2023-03-23 08:06:01,643 [fd439516-60ae-42f5-a7e4-bbb84e8556dc-impl-thread1] INFO  impl.StateMachineUpdater (StateMachineUpdater.java:stopAndJoin(153)) - fd439516-60ae-42f5-a7e4-bbb84e8556dc@group-A950A0DADB05-StateMachineUpdater: set stopIndex = 14
2023-03-23 08:06:01,643 [fd439516-60ae-42f5-a7e4-bbb84e8556dc@group-A950A0DADB05-FollowerState] INFO  impl.FollowerState (FollowerState.java:run(152)) - fd439516-60ae-42f5-a7e4-bbb84e8556dc@group-A950A0DADB05-FollowerState was interrupted
2023-03-23 08:06:01,643 [fd439516-60ae-42f5-a7e4-bbb84e8556dc@group-A950A0DADB05-StateMachineUpdater] INFO  ratis.ContainerStateMachine (ContainerStateMachine.java:takeSnapshot(330)) - group-A950A0DADB05: Taking a snapshot at:(t:1, i:14) file /home/runner/work/ozone/ozone/hadoop-ozone/integration-test/target/test-dir/MiniOzoneClusterImpl-bf95872f-ab09-4fff-b473-e3afb8b37e70/datanode-0/data/ratis/69f24196-d01c-40cd-9020-a950a0dadb05/sm/snapshot.1_14
2023-03-23 08:06:01,647 [fd439516-60ae-42f5-a7e4-bbb84e8556dc@group-A950A0DADB05-StateMachineUpdater] INFO  ratis.ContainerStateMachine (ContainerStateMachine.java:takeSnapshot(341)) - group-A950A0DADB05: Finished taking a snapshot at:(t:1, i:14) file:/home/runner/work/ozone/ozone/hadoop-ozone/integration-test/target/test-dir/MiniOzoneClusterImpl-bf95872f-ab09-4fff-b473-e3afb8b37e70/datanode-0/data/ratis/69f24196-d01c-40cd-9020-a950a0dadb05/sm/snapshot.1_14 took: 4 ms
2023-03-23 08:06:01,647 [fd439516-60ae-42f5-a7e4-bbb84e8556dc@group-A950A0DADB05-StateMachineUpdater] INFO  impl.StateMachineUpdater (StateMachineUpdater.java:takeSnapshot(287)) - fd439516-60ae-42f5-a7e4-bbb84e8556dc@group-A950A0DADB05-StateMachineUpdater: Took a snapshot at index 14
2023-03-23 08:06:01,647 [fd439516-60ae-42f5-a7e4-bbb84e8556dc@group-A950A0DADB05-StateMachineUpdater] INFO  impl.StateMachineUpdater (StateMachineUpdater.java:lambda$new$0(92)) - fd439516-60ae-42f5-a7e4-bbb84e8556dc@group-A950A0DADB05-StateMachineUpdater: snapshotIndex: updateIncreasingly -1 -> 14
2023-03-23 08:06:01,648 [grpc-default-executor-2] WARN  server.GrpcServerProtocolService (LogUtils.java:warn(122)) - fd439516-60ae-42f5-a7e4-bbb84e8556dc: installSnapshot onError, lastRequest: null: org.apache.ratis.thirdparty.io.grpc.StatusRuntimeException: CANCELLED: client cancelled
2023-03-23 08:06:01,648 [fd439516-60ae-42f5-a7e4-bbb84e8556dc-impl-thread1] INFO  server.RaftServer$Division (ServerState.java:close(466)) - fd439516-60ae-42f5-a7e4-bbb84e8556dc@group-A950A0DADB05: closes. applyIndex: 14
2023-03-23 08:06:01,648 [fd439516-60ae-42f5-a7e4-bbb84e8556dc@group-A950A0DADB05-SegmentedRaftLogWorker] INFO  segmented.SegmentedRaftLogWorker (SegmentedRaftLogWorker.java:run(347)) - fd439516-60ae-42f5-a7e4-bbb84e8556dc@group-A950A0DADB05-SegmentedRaftLogWorker was interrupted, exiting. There are 0 tasks remaining in the queue.
2023-03-23 08:06:01,649 [grpc-default-executor-1] WARN  server.GrpcLogAppender (LogUtils.java:warn(122)) - 75faba44-0a9d-4b7a-8d49-daa003cae56d@group-A950A0DADB05->fd439516-60ae-42f5-a7e4-bbb84e8556dc-AppendLogResponseHandler: Failed appendEntries: org.apache.ratis.thirdparty.io.grpc.StatusRuntimeException: CANCELLED: RST_STREAM closed stream. HTTP/2 error code: CANCEL
2023-03-23 08:06:01,649 [grpc-default-executor-1] INFO  leader.FollowerInfo (FollowerInfoImpl.java:lambda$new$0(48)) - 75faba44-0a9d-4b7a-8d49-daa003cae56d@group-A950A0DADB05->fd439516-60ae-42f5-a7e4-bbb84e8556dc: nextIndex: updateUnconditionally 15 -> 14
2023-03-23 08:06:01,650 [grpc-default-executor-0] WARN  server.GrpcServerProtocolService (LogUtils.java:warn(122)) - fd439516-60ae-42f5-a7e4-bbb84e8556dc: installSnapshot onError, lastRequest: 75faba44-0a9d-4b7a-8d49-daa003cae56d->fd439516-60ae-42f5-a7e4-bbb84e8556dc#287-t1,previous=(t:1, i:13),leaderCommit=13,initializing? true,entries: size=1, first=(t:1, i:14), METADATAENTRY(c:13): org.apache.ratis.thirdparty.io.grpc.StatusRuntimeException: CANCELLED: client cancelled
2023-03-23 08:06:01,650 [ForkJoinPool.commonPool-worker-1] INFO  server.GrpcService (GrpcService.java:closeImpl(280)) - fd439516-60ae-42f5-a7e4-bbb84e8556dc: shutdown server GrpcServerProtocolService successfully
2023-03-23 08:06:01,650 [fd439516-60ae-42f5-a7e4-bbb84e8556dc-NettyServerStreamRpc-bossGroup--thread1] INFO  logging.LoggingHandler (AbstractInternalLogger.java:log(148)) - [id: 0xd8619fb5, L:/0:0:0:0:0:0:0:0:40121] CLOSE
2023-03-23 08:06:01,650 [grpc-default-executor-0] WARN  server.GrpcLogAppender (LogUtils.java:warn(122)) - 75faba44-0a9d-4b7a-8d49-daa003cae56d@group-A950A0DADB05->fd439516-60ae-42f5-a7e4-bbb84e8556dc-AppendLogResponseHandler: Failed appendEntries: org.apache.ratis.thirdparty.io.grpc.StatusRuntimeException: CANCELLED: RST_STREAM closed stream. HTTP/2 error code: CANCEL
2023-03-23 08:06:01,651 [fd439516-60ae-42f5-a7e4-bbb84e8556dc-NettyServerStreamRpc-bossGroup--thread1] INFO  logging.LoggingHandler (AbstractInternalLogger.java:log(148)) - [id: 0xd8619fb5, L:/0:0:0:0:0:0:0:0:40121] INACTIVE
2023-03-23 08:06:01,651 [grpc-default-executor-0] INFO  leader.FollowerInfo (FollowerInfoImpl.java:lambda$new$0(48)) - 75faba44-0a9d-4b7a-8d49-daa003cae56d@group-A950A0DADB05->fd439516-60ae-42f5-a7e4-bbb84e8556dc: nextIndex: updateUnconditionally 14 -> 13
2023-03-23 08:06:01,651 [fd439516-60ae-42f5-a7e4-bbb84e8556dc-NettyServerStreamRpc-bossGroup--thread1] INFO  logging.LoggingHandler (AbstractInternalLogger.java:log(148)) - [id: 0xd8619fb5, L:/0:0:0:0:0:0:0:0:40121] UNREGISTERED
2023-03-23 08:06:01,656 [Listener at 127.0.0.1/36689] INFO  server.RaftServer (RaftServerProxy.java:lambda$close$6(409)) - 75faba44-0a9d-4b7a-8d49-daa003cae56d: close
2023-03-23 08:06:01,656 [Listener at 127.0.0.1/36689] INFO  server.GrpcService (GrpcService.java:closeImpl(271)) - 75faba44-0a9d-4b7a-8d49-daa003cae56d: shutdown server GrpcServerProtocolService now
2023-03-23 08:06:01,657 [75faba44-0a9d-4b7a-8d49-daa003cae56d-impl-thread1] INFO  server.RaftServer$Division (RaftServerImpl.java:lambda$close$4(458)) - 75faba44-0a9d-4b7a-8d49-daa003cae56d@group-A950A0DADB05: shutdown
2023-03-23 08:06:01,657 [75faba44-0a9d-4b7a-8d49-daa003cae56d-impl-thread1] INFO  util.JmxRegister (JmxRegister.java:unregister(73)) - Successfully un-registered JMX Bean with object name Ratis:service=RaftServer,group=group-A950A0DADB05,id=75faba44-0a9d-4b7a-8d49-daa003cae56d
2023-03-23 08:06:01,657 [75faba44-0a9d-4b7a-8d49-daa003cae56d-impl-thread1] INFO  impl.RoleInfo (RoleInfo.java:shutdownLeaderState(93)) - 75faba44-0a9d-4b7a-8d49-daa003cae56d: shutdown 75faba44-0a9d-4b7a-8d49-daa003cae56d@group-A950A0DADB05-LeaderStateImpl
2023-03-23 08:06:01,657 [75faba44-0a9d-4b7a-8d49-daa003cae56d-impl-thread1] INFO  impl.PendingRequests (PendingRequests.java:sendNotLeaderResponses(282)) - 75faba44-0a9d-4b7a-8d49-daa003cae56d@group-A950A0DADB05-PendingRequests: sendNotLeaderResponses
2023-03-23 08:06:01,657 [75faba44-0a9d-4b7a-8d49-daa003cae56d@group-A950A0DADB05->314195c6-23a8-4084-8433-e4a65193fa35-GrpcLogAppender-LogAppenderDaemon] WARN  server.GrpcLogAppender (GrpcLogAppender.java:mayWait(200)) - 75faba44-0a9d-4b7a-8d49-daa003cae56d@group-A950A0DADB05->314195c6-23a8-4084-8433-e4a65193fa35-GrpcLogAppender: Wait interrupted by java.lang.InterruptedException
2023-03-23 08:06:01,657 [fd439516-60ae-42f5-a7e4-bbb84e8556dc-impl-thread1] INFO  segmented.SegmentedRaftLogWorker (SegmentedRaftLogWorker.java:close(257)) - fd439516-60ae-42f5-a7e4-bbb84e8556dc@group-A950A0DADB05-SegmentedRaftLogWorker close()
2023-03-23 08:06:01,658 [grpc-default-executor-2] INFO  server.GrpcServerProtocolService (GrpcServerProtocolService.java:onCompleted(143)) - 314195c6-23a8-4084-8433-e4a65193fa35: Completed APPEND_ENTRIES, lastRequest: 75faba44-0a9d-4b7a-8d49-daa003cae56d->314195c6-23a8-4084-8433-e4a65193fa35#290-t1,previous=(t:1, i:13),leaderCommit=13,initializing? true,entries: size=1, first=(t:1, i:14), METADATAENTRY(c:13)
2023-03-23 08:06:01,661 [Listener at 127.0.0.1/36689] INFO  server.GrpcServerProtocolClient (GrpcServerProtocolClient.java:close(101)) - fd439516-60ae-42f5-a7e4-bbb84e8556dc Close channels
2023-03-23 08:06:01,665 [grpc-default-executor-3] INFO  server.GrpcLogAppender (GrpcLogAppender.java:onCompleted(415)) - 75faba44-0a9d-4b7a-8d49-daa003cae56d@group-A950A0DADB05->314195c6-23a8-4084-8433-e4a65193fa35-AppendLogResponseHandler: follower responses appendEntries COMPLETED
2023-03-23 08:06:01,665 [grpc-default-executor-3] INFO  leader.FollowerInfo (FollowerInfoImpl.java:lambda$new$0(48)) - 75faba44-0a9d-4b7a-8d49-daa003cae56d@group-A950A0DADB05->314195c6-23a8-4084-8433-e4a65193fa35: nextIndex: updateUnconditionally 15 -> 14
2023-03-23 08:06:01,671 [grpc-default-executor-1] INFO  server.GrpcServerProtocolService (GrpcServerProtocolService.java:onCompleted(143)) - 314195c6-23a8-4084-8433-e4a65193fa35: Completed APPEND_ENTRIES, lastRequest: null
2023-03-23 08:06:01,671 [75faba44-0a9d-4b7a-8d49-daa003cae56d@group-A950A0DADB05->fd439516-60ae-42f5-a7e4-bbb84e8556dc-GrpcLogAppender-LogAppenderDaemon] WARN  server.GrpcLogAppender (GrpcLogAppender.java:mayWait(200)) - 75faba44-0a9d-4b7a-8d49-daa003cae56d@group-A950A0DADB05->fd439516-60ae-42f5-a7e4-bbb84e8556dc-GrpcLogAppender: Wait interrupted by java.lang.InterruptedException
2023-03-23 08:06:01,672 [BlockDeletingService#4] INFO  interfaces.ContainerDeletionChoosingPolicyTemplate (ContainerDeletionChoosingPolicyTemplate.java:chooseContainerForBlockDeletion(83)) - Chosen 3/4997 blocks from 1 candidate containers.
2023-03-23 08:06:01,672 [BlockDeletingService#4] INFO  background.BlockDeletingService (BlockDeletingService.java:deleteViaTransactionStore(483)) - No transaction found in container 1 with pending delete block count 3
2023-03-23 08:06:01,672 [grpc-default-executor-0] INFO  server.GrpcLogAppender (GrpcLogAppender.java:onCompleted(415)) - 75faba44-0a9d-4b7a-8d49-daa003cae56d@group-A950A0DADB05->314195c6-23a8-4084-8433-e4a65193fa35-AppendLogResponseHandler: follower responses appendEntries COMPLETED
2023-03-23 08:06:01,672 [grpc-default-executor-0] INFO  leader.FollowerInfo (FollowerInfoImpl.java:lambda$new$0(48)) - 75faba44-0a9d-4b7a-8d49-daa003cae56d@group-A950A0DADB05->314195c6-23a8-4084-8433-e4a65193fa35: nextIndex: updateUnconditionally 14 -> 13
2023-03-23 08:06:01,673 [grpc-default-executor-3] INFO  server.GrpcLogAppender (GrpcLogAppender.java:onError(404)) - 75faba44-0a9d-4b7a-8d49-daa003cae56d@group-A950A0DADB05->fd439516-60ae-42f5-a7e4-bbb84e8556dc-GrpcLogAppender is already stopped
2023-03-23 08:06:01,675 [BlockDeletingService#0] INFO  interfaces.ContainerDeletionChoosingPolicyTemplate (ContainerDeletionChoosingPolicyTemplate.java:chooseContainerForBlockDeletion(83)) - Chosen 0/5000 blocks from 0 candidate containers.
2023-03-23 08:06:01,676 [BlockDeletingService#6] INFO  interfaces.ContainerDeletionChoosingPolicyTemplate (ContainerDeletionChoosingPolicyTemplate.java:chooseContainerForBlockDeletion(83)) - Chosen 0/5000 blocks from 0 candidate containers.
2023-03-23 08:06:01,676 [75faba44-0a9d-4b7a-8d49-daa003cae56d-impl-thread1] INFO  impl.StateMachineUpdater (StateMachineUpdater.java:stopAndJoin(153)) - 75faba44-0a9d-4b7a-8d49-daa003cae56d@group-A950A0DADB05-StateMachineUpdater: set stopIndex = 14
2023-03-23 08:06:01,677 [75faba44-0a9d-4b7a-8d49-daa003cae56d@group-A950A0DADB05-StateMachineUpdater] INFO  ratis.ContainerStateMachine (ContainerStateMachine.java:takeSnapshot(330)) - group-A950A0DADB05: Taking a snapshot at:(t:1, i:14) file /home/runner/work/ozone/ozone/hadoop-ozone/integration-test/target/test-dir/MiniOzoneClusterImpl-bf95872f-ab09-4fff-b473-e3afb8b37e70/datanode-1/data/ratis/69f24196-d01c-40cd-9020-a950a0dadb05/sm/snapshot.1_14
2023-03-23 08:06:01,677 [grpc-default-executor-3] INFO  server.GrpcLogAppender (GrpcLogAppender.java:onError(404)) - 75faba44-0a9d-4b7a-8d49-daa003cae56d@group-A950A0DADB05->fd439516-60ae-42f5-a7e4-bbb84e8556dc-GrpcLogAppender is already stopped
2023-03-23 08:06:01,679 [75faba44-0a9d-4b7a-8d49-daa003cae56d@group-A950A0DADB05-StateMachineUpdater] INFO  ratis.ContainerStateMachine (ContainerStateMachine.java:takeSnapshot(341)) - group-A950A0DADB05: Finished taking a snapshot at:(t:1, i:14) file:/home/runner/work/ozone/ozone/hadoop-ozone/integration-test/target/test-dir/MiniOzoneClusterImpl-bf95872f-ab09-4fff-b473-e3afb8b37e70/datanode-1/data/ratis/69f24196-d01c-40cd-9020-a950a0dadb05/sm/snapshot.1_14 took: 2 ms
2023-03-23 08:06:01,679 [75faba44-0a9d-4b7a-8d49-daa003cae56d@group-A950A0DADB05-StateMachineUpdater] INFO  impl.StateMachineUpdater (StateMachineUpdater.java:takeSnapshot(287)) - 75faba44-0a9d-4b7a-8d49-daa003cae56d@group-A950A0DADB05-StateMachineUpdater: Took a snapshot at index 14
2023-03-23 08:06:01,679 [75faba44-0a9d-4b7a-8d49-daa003cae56d@group-A950A0DADB05-StateMachineUpdater] INFO  impl.StateMachineUpdater (StateMachineUpdater.java:lambda$new$0(92)) - 75faba44-0a9d-4b7a-8d49-daa003cae56d@group-A950A0DADB05-StateMachineUpdater: snapshotIndex: updateIncreasingly -1 -> 14
2023-03-23 08:06:01,679 [75faba44-0a9d-4b7a-8d49-daa003cae56d-impl-thread1] INFO  server.RaftServer$Division (ServerState.java:close(466)) - 75faba44-0a9d-4b7a-8d49-daa003cae56d@group-A950A0DADB05: closes. applyIndex: 14
2023-03-23 08:06:01,679 [75faba44-0a9d-4b7a-8d49-daa003cae56d@group-A950A0DADB05-SegmentedRaftLogWorker] INFO  segmented.SegmentedRaftLogWorker (SegmentedRaftLogWorker.java:run(347)) - 75faba44-0a9d-4b7a-8d49-daa003cae56d@group-A950A0DADB05-SegmentedRaftLogWorker was interrupted, exiting. There are 0 tasks remaining in the queue.
2023-03-23 08:06:01,682 [JvmPauseMonitor5] INFO  util.JvmPauseMonitor (JvmPauseMonitor.java:run(111)) - JvmPauseMonitor-fd439516-60ae-42f5-a7e4-bbb84e8556dc: Stopped
2023-03-23 08:06:01,684 [75faba44-0a9d-4b7a-8d49-daa003cae56d-impl-thread1] INFO  segmented.SegmentedRaftLogWorker (SegmentedRaftLogWorker.java:close(257)) - 75faba44-0a9d-4b7a-8d49-daa003cae56d@group-A950A0DADB05-SegmentedRaftLogWorker close()
2023-03-23 08:06:01,684 [Listener at 127.0.0.1/36689] INFO  server.GrpcServerProtocolClient (GrpcServerProtocolClient.java:close(101)) - 314195c6-23a8-4084-8433-e4a65193fa35 Close channels
2023-03-23 08:06:01,690 [Listener at 127.0.0.1/36689] INFO  server.GrpcService (GrpcService.java:closeImpl(280)) - 75faba44-0a9d-4b7a-8d49-daa003cae56d: shutdown server GrpcServerProtocolService successfully
2023-03-23 08:06:01,691 [75faba44-0a9d-4b7a-8d49-daa003cae56d-NettyServerStreamRpc-bossGroup--thread1] INFO  logging.LoggingHandler (AbstractInternalLogger.java:log(148)) - [id: 0xf076c788, L:/0:0:0:0:0:0:0:0:35243] CLOSE
2023-03-23 08:06:01,691 [75faba44-0a9d-4b7a-8d49-daa003cae56d-NettyServerStreamRpc-bossGroup--thread1] INFO  logging.LoggingHandler (AbstractInternalLogger.java:log(148)) - [id: 0xf076c788, L:/0:0:0:0:0:0:0:0:35243] INACTIVE
2023-03-23 08:06:01,691 [75faba44-0a9d-4b7a-8d49-daa003cae56d-NettyServerStreamRpc-bossGroup--thread1] INFO  logging.LoggingHandler (AbstractInternalLogger.java:log(148)) - [id: 0xf076c788, L:/0:0:0:0:0:0:0:0:35243] UNREGISTERED
2023-03-23 08:06:01,699 [JvmPauseMonitor6] INFO  util.JvmPauseMonitor (JvmPauseMonitor.java:run(111)) - JvmPauseMonitor-75faba44-0a9d-4b7a-8d49-daa003cae56d: Stopped
2023-03-23 08:06:01,708 [SCMBlockDeletingService#0] DEBUG block.SCMBlockDeletingService (SCMBlockDeletingService.java:call(136)) - Running DeletedBlockTransactionScanner
2023-03-23 08:06:01,772 [BlockDeletingService#4] INFO  interfaces.ContainerDeletionChoosingPolicyTemplate (ContainerDeletionChoosingPolicyTemplate.java:chooseContainerForBlockDeletion(83)) - Chosen 0/5000 blocks from 0 candidate containers.
2023-03-23 08:06:01,775 [BlockDeletingService#0] INFO  interfaces.ContainerDeletionChoosingPolicyTemplate (ContainerDeletionChoosingPolicyTemplate.java:chooseContainerForBlockDeletion(83)) - Chosen 0/5000 blocks from 0 candidate containers.
2023-03-23 08:06:01,776 [BlockDeletingService#6] INFO  interfaces.ContainerDeletionChoosingPolicyTemplate (ContainerDeletionChoosingPolicyTemplate.java:chooseContainerForBlockDeletion(83)) - Chosen 0/5000 blocks from 0 candidate containers.
2023-03-23 08:06:01,808 [SCMBlockDeletingService#0] DEBUG block.SCMBlockDeletingService (SCMBlockDeletingService.java:call(136)) - Running DeletedBlockTransactionScanner
2023-03-23 08:06:01,873 [BlockDeletingService#4] INFO  interfaces.ContainerDeletionChoosingPolicyTemplate (ContainerDeletionChoosingPolicyTemplate.java:chooseContainerForBlockDeletion(83)) - Chosen 0/5000 blocks from 0 candidate containers.
2023-03-23 08:06:01,875 [BlockDeletingService#0] INFO  interfaces.ContainerDeletionChoosingPolicyTemplate (ContainerDeletionChoosingPolicyTemplate.java:chooseContainerForBlockDeletion(83)) - Chosen 0/5000 blocks from 0 candidate containers.
2023-03-23 08:06:01,876 [BlockDeletingService#6] INFO  interfaces.ContainerDeletionChoosingPolicyTemplate (ContainerDeletionChoosingPolicyTemplate.java:chooseContainerForBlockDeletion(83)) - Chosen 0/5000 blocks from 0 candidate containers.
2023-03-23 08:06:01,908 [SCMBlockDeletingService#0] DEBUG block.SCMBlockDeletingService (SCMBlockDeletingService.java:call(136)) - Running DeletedBlockTransactionScanner
2023-03-23 08:06:01,973 [BlockDeletingService#4] INFO  interfaces.ContainerDeletionChoosingPolicyTemplate (ContainerDeletionChoosingPolicyTemplate.java:chooseContainerForBlockDeletion(83)) - Chosen 0/5000 blocks from 0 candidate containers.
2023-03-23 08:06:01,975 [BlockDeletingService#0] INFO  interfaces.ContainerDeletionChoosingPolicyTemplate (ContainerDeletionChoosingPolicyTemplate.java:chooseContainerForBlockDeletion(83)) - Chosen 0/5000 blocks from 0 candidate containers.
2023-03-23 08:06:01,976 [BlockDeletingService#6] INFO  interfaces.ContainerDeletionChoosingPolicyTemplate (ContainerDeletionChoosingPolicyTemplate.java:chooseContainerForBlockDeletion(83)) - Chosen 0/5000 blocks from 0 candidate containers.
2023-03-23 08:06:02,008 [SCMBlockDeletingService#0] DEBUG block.SCMBlockDeletingService (SCMBlockDeletingService.java:call(136)) - Running DeletedBlockTransactionScanner
2023-03-23 08:06:02,073 [BlockDeletingService#4] INFO  interfaces.ContainerDeletionChoosingPolicyTemplate (ContainerDeletionChoosingPolicyTemplate.java:chooseContainerForBlockDeletion(83)) - Chosen 0/5000 blocks from 0 candidate containers.
2023-03-23 08:06:02,075 [BlockDeletingService#0] INFO  interfaces.ContainerDeletionChoosingPolicyTemplate (ContainerDeletionChoosingPolicyTemplate.java:chooseContainerForBlockDeletion(83)) - Chosen 0/5000 blocks from 0 candidate containers.
2023-03-23 08:06:02,076 [BlockDeletingService#6] INFO  interfaces.ContainerDeletionChoosingPolicyTemplate (ContainerDeletionChoosingPolicyTemplate.java:chooseContainerForBlockDeletion(83)) - Chosen 0/5000 blocks from 0 candidate containers.
2023-03-23 08:06:02,108 [SCMBlockDeletingService#0] DEBUG block.SCMBlockDeletingService (SCMBlockDeletingService.java:call(136)) - Running DeletedBlockTransactionScanner
2023-03-23 08:06:02,174 [BlockDeletingService#4] INFO  interfaces.ContainerDeletionChoosingPolicyTemplate (ContainerDeletionChoosingPolicyTemplate.java:chooseContainerForBlockDeletion(83)) - Chosen 0/5000 blocks from 0 candidate containers.
2023-03-23 08:06:02,176 [BlockDeletingService#0] INFO  interfaces.ContainerDeletionChoosingPolicyTemplate (ContainerDeletionChoosingPolicyTemplate.java:chooseContainerForBlockDeletion(83)) - Chosen 0/5000 blocks from 0 candidate containers.
2023-03-23 08:06:02,176 [BlockDeletingService#6] INFO  interfaces.ContainerDeletionChoosingPolicyTemplate (ContainerDeletionChoosingPolicyTemplate.java:chooseContainerForBlockDeletion(83)) - Chosen 0/5000 blocks from 0 candidate containers.
2023-03-23 08:06:02,209 [SCMBlockDeletingService#0] DEBUG block.SCMBlockDeletingService (SCMBlockDeletingService.java:call(136)) - Running DeletedBlockTransactionScanner
2023-03-23 08:06:02,274 [BlockDeletingService#4] INFO  interfaces.ContainerDeletionChoosingPolicyTemplate (ContainerDeletionChoosingPolicyTemplate.java:chooseContainerForBlockDeletion(83)) - Chosen 0/5000 blocks from 0 candidate containers.
2023-03-23 08:06:02,276 [BlockDeletingService#0] INFO  interfaces.ContainerDeletionChoosingPolicyTemplate (ContainerDeletionChoosingPolicyTemplate.java:chooseContainerForBlockDeletion(83)) - Chosen 0/5000 blocks from 0 candidate containers.
2023-03-23 08:06:02,277 [BlockDeletingService#6] INFO  interfaces.ContainerDeletionChoosingPolicyTemplate (ContainerDeletionChoosingPolicyTemplate.java:chooseContainerForBlockDeletion(83)) - Chosen 0/5000 blocks from 0 candidate containers.
2023-03-23 08:06:02,309 [SCMBlockDeletingService#0] DEBUG block.SCMBlockDeletingService (SCMBlockDeletingService.java:call(136)) - Running DeletedBlockTransactionScanner
2023-03-23 08:06:02,374 [BlockDeletingService#4] INFO  interfaces.ContainerDeletionChoosingPolicyTemplate (ContainerDeletionChoosingPolicyTemplate.java:chooseContainerForBlockDeletion(83)) - Chosen 0/5000 blocks from 0 candidate containers.
2023-03-23 08:06:02,376 [BlockDeletingService#0] INFO  interfaces.ContainerDeletionChoosingPolicyTemplate (ContainerDeletionChoosingPolicyTemplate.java:chooseContainerForBlockDeletion(83)) - Chosen 0/5000 blocks from 0 candidate containers.
2023-03-23 08:06:02,377 [BlockDeletingService#6] INFO  interfaces.ContainerDeletionChoosingPolicyTemplate (ContainerDeletionChoosingPolicyTemplate.java:chooseContainerForBlockDeletion(83)) - Chosen 0/5000 blocks from 0 candidate containers.
2023-03-23 08:06:02,409 [SCMBlockDeletingService#0] DEBUG block.SCMBlockDeletingService (SCMBlockDeletingService.java:call(136)) - Running DeletedBlockTransactionScanner
2023-03-23 08:06:02,474 [BlockDeletingService#4] INFO  interfaces.ContainerDeletionChoosingPolicyTemplate (ContainerDeletionChoosingPolicyTemplate.java:chooseContainerForBlockDeletion(83)) - Chosen 0/5000 blocks from 0 candidate containers.
2023-03-23 08:06:02,476 [BlockDeletingService#0] INFO  interfaces.ContainerDeletionChoosingPolicyTemplate (ContainerDeletionChoosingPolicyTemplate.java:chooseContainerForBlockDeletion(83)) - Chosen 0/5000 blocks from 0 candidate containers.
2023-03-23 08:06:02,477 [BlockDeletingService#6] INFO  interfaces.ContainerDeletionChoosingPolicyTemplate (ContainerDeletionChoosingPolicyTemplate.java:chooseContainerForBlockDeletion(83)) - Chosen 0/5000 blocks from 0 candidate containers.
2023-03-23 08:06:02,509 [SCMBlockDeletingService#0] DEBUG block.SCMBlockDeletingService (SCMBlockDeletingService.java:call(136)) - Running DeletedBlockTransactionScanner
2023-03-23 08:06:02,575 [BlockDeletingService#4] INFO  interfaces.ContainerDeletionChoosingPolicyTemplate (ContainerDeletionChoosingPolicyTemplate.java:chooseContainerForBlockDeletion(83)) - Chosen 0/5000 blocks from 0 candidate containers.
2023-03-23 08:06:02,577 [BlockDeletingService#0] INFO  interfaces.ContainerDeletionChoosingPolicyTemplate (ContainerDeletionChoosingPolicyTemplate.java:chooseContainerForBlockDeletion(83)) - Chosen 0/5000 blocks from 0 candidate containers.
2023-03-23 08:06:02,577 [BlockDeletingService#6] INFO  interfaces.ContainerDeletionChoosingPolicyTemplate (ContainerDeletionChoosingPolicyTemplate.java:chooseContainerForBlockDeletion(83)) - Chosen 0/5000 blocks from 0 candidate containers.
2023-03-23 08:06:02,609 [SCMBlockDeletingService#0] DEBUG block.SCMBlockDeletingService (SCMBlockDeletingService.java:call(136)) - Running DeletedBlockTransactionScanner
2023-03-23 08:06:02,675 [BlockDeletingService#4] INFO  interfaces.ContainerDeletionChoosingPolicyTemplate (ContainerDeletionChoosingPolicyTemplate.java:chooseContainerForBlockDeletion(83)) - Chosen 0/5000 blocks from 0 candidate containers.
2023-03-23 08:06:02,677 [BlockDeletingService#0] INFO  interfaces.ContainerDeletionChoosingPolicyTemplate (ContainerDeletionChoosingPolicyTemplate.java:chooseContainerForBlockDeletion(83)) - Chosen 0/5000 blocks from 0 candidate containers.
2023-03-23 08:06:02,677 [BlockDeletingService#6] INFO  interfaces.ContainerDeletionChoosingPolicyTemplate (ContainerDeletionChoosingPolicyTemplate.java:chooseContainerForBlockDeletion(83)) - Chosen 0/5000 blocks from 0 candidate containers.
2023-03-23 08:06:02,709 [SCMBlockDeletingService#0] DEBUG block.SCMBlockDeletingService (SCMBlockDeletingService.java:call(136)) - Running DeletedBlockTransactionScanner
2023-03-23 08:06:02,775 [BlockDeletingService#4] INFO  interfaces.ContainerDeletionChoosingPolicyTemplate (ContainerDeletionChoosingPolicyTemplate.java:chooseContainerForBlockDeletion(83)) - Chosen 0/5000 blocks from 0 candidate containers.
2023-03-23 08:06:02,777 [BlockDeletingService#0] INFO  interfaces.ContainerDeletionChoosingPolicyTemplate (ContainerDeletionChoosingPolicyTemplate.java:chooseContainerForBlockDeletion(83)) - Chosen 0/5000 blocks from 0 candidate containers.
2023-03-23 08:06:02,778 [BlockDeletingService#6] INFO  interfaces.ContainerDeletionChoosingPolicyTemplate (ContainerDeletionChoosingPolicyTemplate.java:chooseContainerForBlockDeletion(83)) - Chosen 0/5000 blocks from 0 candidate containers.
2023-03-23 08:06:02,809 [SCMBlockDeletingService#0] DEBUG block.SCMBlockDeletingService (SCMBlockDeletingService.java:call(136)) - Running DeletedBlockTransactionScanner
2023-03-23 08:06:02,876 [BlockDeletingService#4] INFO  interfaces.ContainerDeletionChoosingPolicyTemplate (ContainerDeletionChoosingPolicyTemplate.java:chooseContainerForBlockDeletion(83)) - Chosen 0/5000 blocks from 0 candidate containers.
2023-03-23 08:06:02,878 [BlockDeletingService#0] INFO  interfaces.ContainerDeletionChoosingPolicyTemplate (ContainerDeletionChoosingPolicyTemplate.java:chooseContainerForBlockDeletion(83)) - Chosen 0/5000 blocks from 0 candidate containers.
2023-03-23 08:06:02,878 [BlockDeletingService#6] INFO  interfaces.ContainerDeletionChoosingPolicyTemplate (ContainerDeletionChoosingPolicyTemplate.java:chooseContainerForBlockDeletion(83)) - Chosen 0/5000 blocks from 0 candidate containers.
2023-03-23 08:06:02,909 [SCMBlockDeletingService#0] DEBUG block.SCMBlockDeletingService (SCMBlockDeletingService.java:call(136)) - Running DeletedBlockTransactionScanner
2023-03-23 08:06:02,976 [BlockDeletingService#4] INFO  interfaces.ContainerDeletionChoosingPolicyTemplate (ContainerDeletionChoosingPolicyTemplate.java:chooseContainerForBlockDeletion(83)) - Chosen 0/5000 blocks from 0 candidate containers.
2023-03-23 08:06:02,978 [BlockDeletingService#0] INFO  interfaces.ContainerDeletionChoosingPolicyTemplate (ContainerDeletionChoosingPolicyTemplate.java:chooseContainerForBlockDeletion(83)) - Chosen 0/5000 blocks from 0 candidate containers.
2023-03-23 08:06:02,978 [BlockDeletingService#6] INFO  interfaces.ContainerDeletionChoosingPolicyTemplate (ContainerDeletionChoosingPolicyTemplate.java:chooseContainerForBlockDeletion(83)) - Chosen 0/5000 blocks from 0 candidate containers.
2023-03-23 08:06:03,009 [SCMBlockDeletingService#0] DEBUG block.SCMBlockDeletingService (SCMBlockDeletingService.java:call(136)) - Running DeletedBlockTransactionScanner
2023-03-23 08:06:03,076 [BlockDeletingService#4] INFO  interfaces.ContainerDeletionChoosingPolicyTemplate (ContainerDeletionChoosingPolicyTemplate.java:chooseContainerForBlockDeletion(83)) - Chosen 0/5000 blocks from 0 candidate containers.
2023-03-23 08:06:03,078 [BlockDeletingService#0] INFO  interfaces.ContainerDeletionChoosingPolicyTemplate (ContainerDeletionChoosingPolicyTemplate.java:chooseContainerForBlockDeletion(83)) - Chosen 0/5000 blocks from 0 candidate containers.
2023-03-23 08:06:03,078 [BlockDeletingService#6] INFO  interfaces.ContainerDeletionChoosingPolicyTemplate (ContainerDeletionChoosingPolicyTemplate.java:chooseContainerForBlockDeletion(83)) - Chosen 0/5000 blocks from 0 candidate containers.
2023-03-23 08:06:03,109 [SCMBlockDeletingService#0] DEBUG block.SCMBlockDeletingService (SCMBlockDeletingService.java:call(136)) - Running DeletedBlockTransactionScanner
2023-03-23 08:06:03,177 [BlockDeletingService#4] INFO  interfaces.ContainerDeletionChoosingPolicyTemplate (ContainerDeletionChoosingPolicyTemplate.java:chooseContainerForBlockDeletion(83)) - Chosen 0/5000 blocks from 0 candidate containers.
2023-03-23 08:06:03,178 [BlockDeletingService#0] INFO  interfaces.ContainerDeletionChoosingPolicyTemplate (ContainerDeletionChoosingPolicyTemplate.java:chooseContainerForBlockDeletion(83)) - Chosen 0/5000 blocks from 0 candidate containers.
2023-03-23 08:06:03,178 [BlockDeletingService#6] INFO  interfaces.ContainerDeletionChoosingPolicyTemplate (ContainerDeletionChoosingPolicyTemplate.java:chooseContainerForBlockDeletion(83)) - Chosen 0/5000 blocks from 0 candidate containers.
2023-03-23 08:06:03,209 [SCMBlockDeletingService#0] DEBUG block.SCMBlockDeletingService (SCMBlockDeletingService.java:call(136)) - Running DeletedBlockTransactionScanner
2023-03-23 08:06:03,277 [BlockDeletingService#4] INFO  interfaces.ContainerDeletionChoosingPolicyTemplate (ContainerDeletionChoosingPolicyTemplate.java:chooseContainerForBlockDeletion(83)) - Chosen 0/5000 blocks from 0 candidate containers.
2023-03-23 08:06:03,278 [BlockDeletingService#0] INFO  interfaces.ContainerDeletionChoosingPolicyTemplate (ContainerDeletionChoosingPolicyTemplate.java:chooseContainerForBlockDeletion(83)) - Chosen 0/5000 blocks from 0 candidate containers.
2023-03-23 08:06:03,278 [BlockDeletingService#6] INFO  interfaces.ContainerDeletionChoosingPolicyTemplate (ContainerDeletionChoosingPolicyTemplate.java:chooseContainerForBlockDeletion(83)) - Chosen 0/5000 blocks from 0 candidate containers.
2023-03-23 08:06:03,310 [SCMBlockDeletingService#0] DEBUG block.SCMBlockDeletingService (SCMBlockDeletingService.java:call(136)) - Running DeletedBlockTransactionScanner
2023-03-23 08:06:03,377 [BlockDeletingService#4] INFO  interfaces.ContainerDeletionChoosingPolicyTemplate (ContainerDeletionChoosingPolicyTemplate.java:chooseContainerForBlockDeletion(83)) - Chosen 0/5000 blocks from 0 candidate containers.
2023-03-23 08:06:03,378 [BlockDeletingService#0] INFO  interfaces.ContainerDeletionChoosingPolicyTemplate (ContainerDeletionChoosingPolicyTemplate.java:chooseContainerForBlockDeletion(83)) - Chosen 0/5000 blocks from 0 candidate containers.
2023-03-23 08:06:03,378 [BlockDeletingService#6] INFO  interfaces.ContainerDeletionChoosingPolicyTemplate (ContainerDeletionChoosingPolicyTemplate.java:chooseContainerForBlockDeletion(83)) - Chosen 0/5000 blocks from 0 candidate containers.
2023-03-23 08:06:03,410 [SCMBlockDeletingService#0] DEBUG block.SCMBlockDeletingService (SCMBlockDeletingService.java:call(136)) - Running DeletedBlockTransactionScanner
2023-03-23 08:06:03,477 [BlockDeletingService#4] INFO  interfaces.ContainerDeletionChoosingPolicyTemplate (ContainerDeletionChoosingPolicyTemplate.java:chooseContainerForBlockDeletion(83)) - Chosen 0/5000 blocks from 0 candidate containers.
2023-03-23 08:06:03,478 [BlockDeletingService#0] INFO  interfaces.ContainerDeletionChoosingPolicyTemplate (ContainerDeletionChoosingPolicyTemplate.java:chooseContainerForBlockDeletion(83)) - Chosen 0/5000 blocks from 0 candidate containers.
2023-03-23 08:06:03,479 [BlockDeletingService#6] INFO  interfaces.ContainerDeletionChoosingPolicyTemplate (ContainerDeletionChoosingPolicyTemplate.java:chooseContainerForBlockDeletion(83)) - Chosen 0/5000 blocks from 0 candidate containers.
2023-03-23 08:06:03,510 [SCMBlockDeletingService#0] DEBUG block.SCMBlockDeletingService (SCMBlockDeletingService.java:call(136)) - Running DeletedBlockTransactionScanner
2023-03-23 08:06:03,578 [BlockDeletingService#4] INFO  interfaces.ContainerDeletionChoosingPolicyTemplate (ContainerDeletionChoosingPolicyTemplate.java:chooseContainerForBlockDeletion(83)) - Chosen 0/5000 blocks from 0 candidate containers.
2023-03-23 08:06:03,579 [BlockDeletingService#0] INFO  interfaces.ContainerDeletionChoosingPolicyTemplate (ContainerDeletionChoosingPolicyTemplate.java:chooseContainerForBlockDeletion(83)) - Chosen 0/5000 blocks from 0 candidate containers.
2023-03-23 08:06:03,579 [BlockDeletingService#6] INFO  interfaces.ContainerDeletionChoosingPolicyTemplate (ContainerDeletionChoosingPolicyTemplate.java:chooseContainerForBlockDeletion(83)) - Chosen 0/5000 blocks from 0 candidate containers.
2023-03-23 08:06:03,610 [SCMBlockDeletingService#0] DEBUG block.SCMBlockDeletingService (SCMBlockDeletingService.java:call(136)) - Running DeletedBlockTransactionScanner
2023-03-23 08:06:03,678 [BlockDeletingService#4] INFO  interfaces.ContainerDeletionChoosingPolicyTemplate (ContainerDeletionChoosingPolicyTemplate.java:chooseContainerForBlockDeletion(83)) - Chosen 0/5000 blocks from 0 candidate containers.
2023-03-23 08:06:03,679 [BlockDeletingService#0] INFO  interfaces.ContainerDeletionChoosingPolicyTemplate (ContainerDeletionChoosingPolicyTemplate.java:chooseContainerForBlockDeletion(83)) - Chosen 0/5000 blocks from 0 candidate containers.
2023-03-23 08:06:03,679 [BlockDeletingService#6] INFO  interfaces.ContainerDeletionChoosingPolicyTemplate (ContainerDeletionChoosingPolicyTemplate.java:chooseContainerForBlockDeletion(83)) - Chosen 0/5000 blocks from 0 candidate containers.
2023-03-23 08:06:03,691 [ForkJoinPool.commonPool-worker-1] INFO  volume.HddsVolume (HddsVolume.java:closeDbStore(437)) - SchemaV3 db is stopped at /home/runner/work/ozone/ozone/hadoop-ozone/integration-test/target/test-dir/MiniOzoneClusterImpl-bf95872f-ab09-4fff-b473-e3afb8b37e70/datanode-0/data-0/containers/hdds/bf95872f-ab09-4fff-b473-e3afb8b37e70/DS-776a0d83-f9c0-4bfe-8d7d-76b0e2c31661/container.db for volume DS-776a0d83-f9c0-4bfe-8d7d-76b0e2c31661
2023-03-23 08:06:03,692 [ForkJoinPool.commonPool-worker-1] INFO  utils.BackgroundService (BackgroundService.java:shutdown(141)) - Shutting down service BlockDeletingService
2023-03-23 08:06:03,693 [ForkJoinPool.commonPool-worker-1] INFO  utils.BackgroundService (BackgroundService.java:shutdown(141)) - Shutting down service StaleRecoveringContainerScrubbingService
2023-03-23 08:06:03,696 [ForkJoinPool.commonPool-worker-1] INFO  statemachine.DatanodeStateMachine (DatanodeStateMachine.java:stopDaemon(601)) - Ozone container server stopped.
2023-03-23 08:06:03,710 [Listener at 127.0.0.1/36689] INFO  volume.HddsVolume (HddsVolume.java:closeDbStore(437)) - SchemaV3 db is stopped at /home/runner/work/ozone/ozone/hadoop-ozone/integration-test/target/test-dir/MiniOzoneClusterImpl-bf95872f-ab09-4fff-b473-e3afb8b37e70/datanode-1/data-0/containers/hdds/bf95872f-ab09-4fff-b473-e3afb8b37e70/DS-a6a9b206-18f9-4f48-bb1d-8407cd06ba9b/container.db for volume DS-a6a9b206-18f9-4f48-bb1d-8407cd06ba9b
2023-03-23 08:06:03,710 [Listener at 127.0.0.1/36689] INFO  utils.BackgroundService (BackgroundService.java:shutdown(141)) - Shutting down service BlockDeletingService
2023-03-23 08:06:03,710 [SCMBlockDeletingService#0] DEBUG block.SCMBlockDeletingService (SCMBlockDeletingService.java:call(136)) - Running DeletedBlockTransactionScanner
2023-03-23 08:06:03,711 [Listener at 127.0.0.1/36689] INFO  utils.BackgroundService (BackgroundService.java:shutdown(141)) - Shutting down service StaleRecoveringContainerScrubbingService
2023-03-23 08:06:03,715 [Listener at 127.0.0.1/36689] INFO  statemachine.DatanodeStateMachine (DatanodeStateMachine.java:stopDaemon(601)) - Ozone container server stopped.
2023-03-23 08:06:03,717 [ForkJoinPool.commonPool-worker-1] INFO  handler.ContextHandler (ContextHandler.java:doStop(1159)) - Stopped o.e.j.w.WebAppContext@9ae1213{hddsDatanode,/,null,STOPPED}{jar:file:/home/runner/.m2/repository/org/apache/ozone/hdds-container-service/1.4.0-SNAPSHOT/hdds-container-service-1.4.0-SNAPSHOT.jar!/webapps/hddsDatanode}
2023-03-23 08:06:03,721 [ForkJoinPool.commonPool-worker-1] INFO  server.AbstractConnector (AbstractConnector.java:doStop(383)) - Stopped ServerConnector@40d8ea60{HTTP/1.1, (http/1.1)}{0.0.0.0:0}
2023-03-23 08:06:03,721 [ForkJoinPool.commonPool-worker-1] INFO  server.session (HouseKeeper.java:stopScavenging(149)) - node0 Stopped scavenging
2023-03-23 08:06:03,724 [ForkJoinPool.commonPool-worker-1] INFO  handler.ContextHandler (ContextHandler.java:doStop(1159)) - Stopped o.e.j.s.ServletContextHandler@2fa53dbc{static,/static,jar:file:/home/runner/.m2/repository/org/apache/ozone/hdds-container-service/1.4.0-SNAPSHOT/hdds-container-service-1.4.0-SNAPSHOT.jar!/webapps/static,STOPPED}
2023-03-23 08:06:03,726 [ForkJoinPool.commonPool-worker-1] INFO  handler.ContextHandler (ContextHandler.java:doStop(1159)) - Stopped o.e.j.s.ServletContextHandler@14ebd598{logs,/logs,file:///home/runner/work/ozone/ozone/hadoop-ozone/integration-test/target/log,STOPPED}
2023-03-23 08:06:03,727 [Listener at 127.0.0.1/36689] INFO  handler.ContextHandler (ContextHandler.java:doStop(1159)) - Stopped o.e.j.w.WebAppContext@7b43cd20{hddsDatanode,/,null,STOPPED}{jar:file:/home/runner/.m2/repository/org/apache/ozone/hdds-container-service/1.4.0-SNAPSHOT/hdds-container-service-1.4.0-SNAPSHOT.jar!/webapps/hddsDatanode}
2023-03-23 08:06:03,728 [Listener at 127.0.0.1/36689] INFO  server.AbstractConnector (AbstractConnector.java:doStop(383)) - Stopped ServerConnector@56fefb6{HTTP/1.1, (http/1.1)}{0.0.0.0:0}
2023-03-23 08:06:03,728 [Listener at 127.0.0.1/36689] INFO  server.session (HouseKeeper.java:stopScavenging(149)) - node0 Stopped scavenging
2023-03-23 08:06:03,729 [Listener at 127.0.0.1/36689] INFO  handler.ContextHandler (ContextHandler.java:doStop(1159)) - Stopped o.e.j.s.ServletContextHandler@5dbad5d5{static,/static,jar:file:/home/runner/.m2/repository/org/apache/ozone/hdds-container-service/1.4.0-SNAPSHOT/hdds-container-service-1.4.0-SNAPSHOT.jar!/webapps/static,STOPPED}
2023-03-23 08:06:03,730 [Listener at 127.0.0.1/36689] INFO  handler.ContextHandler (ContextHandler.java:doStop(1159)) - Stopped o.e.j.s.ServletContextHandler@5e78e7ff{logs,/logs,file:///home/runner/work/ozone/ozone/hadoop-ozone/integration-test/target/log,STOPPED}
2023-03-23 08:06:03,733 [ForkJoinPool.commonPool-worker-1] INFO  ozoneimpl.OzoneContainer (OzoneContainer.java:stop(423)) - Attempting to stop container services.
2023-03-23 08:06:03,734 [ForkJoinPool.commonPool-worker-1] INFO  server.RaftServer (RaftServerProxy.java:lambda$close$6(409)) - 314195c6-23a8-4084-8433-e4a65193fa35: close
2023-03-23 08:06:03,734 [ForkJoinPool.commonPool-worker-1] INFO  server.GrpcService (GrpcService.java:closeImpl(271)) - 314195c6-23a8-4084-8433-e4a65193fa35: shutdown server GrpcServerProtocolService now
2023-03-23 08:06:03,734 [314195c6-23a8-4084-8433-e4a65193fa35-impl-thread1] INFO  server.RaftServer$Division (RaftServerImpl.java:lambda$close$4(458)) - 314195c6-23a8-4084-8433-e4a65193fa35@group-A950A0DADB05: shutdown
2023-03-23 08:06:03,734 [314195c6-23a8-4084-8433-e4a65193fa35-impl-thread1] INFO  util.JmxRegister (JmxRegister.java:unregister(73)) - Successfully un-registered JMX Bean with object name Ratis:service=RaftServer,group=group-A950A0DADB05,id=314195c6-23a8-4084-8433-e4a65193fa35
2023-03-23 08:06:03,734 [314195c6-23a8-4084-8433-e4a65193fa35-impl-thread1] INFO  impl.RoleInfo (RoleInfo.java:shutdownFollowerState(110)) - 314195c6-23a8-4084-8433-e4a65193fa35: shutdown 314195c6-23a8-4084-8433-e4a65193fa35@group-A950A0DADB05-FollowerState
2023-03-23 08:06:03,734 [314195c6-23a8-4084-8433-e4a65193fa35-impl-thread1] INFO  impl.StateMachineUpdater (StateMachineUpdater.java:stopAndJoin(153)) - 314195c6-23a8-4084-8433-e4a65193fa35@group-A950A0DADB05-StateMachineUpdater: set stopIndex = 14
2023-03-23 08:06:03,734 [314195c6-23a8-4084-8433-e4a65193fa35@group-A950A0DADB05-FollowerState] INFO  impl.FollowerState (FollowerState.java:run(152)) - 314195c6-23a8-4084-8433-e4a65193fa35@group-A950A0DADB05-FollowerState was interrupted
2023-03-23 08:06:03,735 [314195c6-23a8-4084-8433-e4a65193fa35@group-A950A0DADB05-StateMachineUpdater] INFO  ratis.ContainerStateMachine (ContainerStateMachine.java:takeSnapshot(330)) - group-A950A0DADB05: Taking a snapshot at:(t:1, i:14) file /home/runner/work/ozone/ozone/hadoop-ozone/integration-test/target/test-dir/MiniOzoneClusterImpl-bf95872f-ab09-4fff-b473-e3afb8b37e70/datanode-2/data/ratis/69f24196-d01c-40cd-9020-a950a0dadb05/sm/snapshot.1_14
2023-03-23 08:06:03,737 [314195c6-23a8-4084-8433-e4a65193fa35@group-A950A0DADB05-StateMachineUpdater] INFO  ratis.ContainerStateMachine (ContainerStateMachine.java:takeSnapshot(341)) - group-A950A0DADB05: Finished taking a snapshot at:(t:1, i:14) file:/home/runner/work/ozone/ozone/hadoop-ozone/integration-test/target/test-dir/MiniOzoneClusterImpl-bf95872f-ab09-4fff-b473-e3afb8b37e70/datanode-2/data/ratis/69f24196-d01c-40cd-9020-a950a0dadb05/sm/snapshot.1_14 took: 1 ms
2023-03-23 08:06:03,738 [314195c6-23a8-4084-8433-e4a65193fa35@group-A950A0DADB05-StateMachineUpdater] INFO  impl.StateMachineUpdater (StateMachineUpdater.java:takeSnapshot(287)) - 314195c6-23a8-4084-8433-e4a65193fa35@group-A950A0DADB05-StateMachineUpdater: Took a snapshot at index 14
2023-03-23 08:06:03,738 [314195c6-23a8-4084-8433-e4a65193fa35@group-A950A0DADB05-StateMachineUpdater] INFO  impl.StateMachineUpdater (StateMachineUpdater.java:lambda$new$0(92)) - 314195c6-23a8-4084-8433-e4a65193fa35@group-A950A0DADB05-StateMachineUpdater: snapshotIndex: updateIncreasingly -1 -> 14
2023-03-23 08:06:03,738 [314195c6-23a8-4084-8433-e4a65193fa35-impl-thread1] INFO  server.RaftServer$Division (ServerState.java:close(466)) - 314195c6-23a8-4084-8433-e4a65193fa35@group-A950A0DADB05: closes. applyIndex: 14
2023-03-23 08:06:03,738 [ForkJoinPool.commonPool-worker-1] INFO  server.GrpcService (GrpcService.java:closeImpl(280)) - 314195c6-23a8-4084-8433-e4a65193fa35: shutdown server GrpcServerProtocolService successfully
2023-03-23 08:06:03,738 [314195c6-23a8-4084-8433-e4a65193fa35@group-A950A0DADB05-SegmentedRaftLogWorker] INFO  segmented.SegmentedRaftLogWorker (SegmentedRaftLogWorker.java:run(347)) - 314195c6-23a8-4084-8433-e4a65193fa35@group-A950A0DADB05-SegmentedRaftLogWorker was interrupted, exiting. There are 0 tasks remaining in the queue.
2023-03-23 08:06:03,739 [314195c6-23a8-4084-8433-e4a65193fa35-NettyServerStreamRpc-bossGroup--thread1] INFO  logging.LoggingHandler (AbstractInternalLogger.java:log(148)) - [id: 0xd164a4b1, L:/0:0:0:0:0:0:0:0:34107] CLOSE
2023-03-23 08:06:03,739 [314195c6-23a8-4084-8433-e4a65193fa35-NettyServerStreamRpc-bossGroup--thread1] INFO  logging.LoggingHandler (AbstractInternalLogger.java:log(148)) - [id: 0xd164a4b1, L:/0:0:0:0:0:0:0:0:34107] INACTIVE
2023-03-23 08:06:03,739 [314195c6-23a8-4084-8433-e4a65193fa35-NettyServerStreamRpc-bossGroup--thread1] INFO  logging.LoggingHandler (AbstractInternalLogger.java:log(148)) - [id: 0xd164a4b1, L:/0:0:0:0:0:0:0:0:34107] UNREGISTERED
2023-03-23 08:06:03,750 [314195c6-23a8-4084-8433-e4a65193fa35-impl-thread1] INFO  segmented.SegmentedRaftLogWorker (SegmentedRaftLogWorker.java:close(257)) - 314195c6-23a8-4084-8433-e4a65193fa35@group-A950A0DADB05-SegmentedRaftLogWorker close()
2023-03-23 08:06:03,758 [JvmPauseMonitor7] INFO  util.JvmPauseMonitor (JvmPauseMonitor.java:run(111)) - JvmPauseMonitor-314195c6-23a8-4084-8433-e4a65193fa35: Stopped
2023-03-23 08:06:03,779 [BlockDeletingService#6] INFO  interfaces.ContainerDeletionChoosingPolicyTemplate (ContainerDeletionChoosingPolicyTemplate.java:chooseContainerForBlockDeletion(83)) - Chosen 0/5000 blocks from 0 candidate containers.
2023-03-23 08:06:03,810 [SCMBlockDeletingService#0] DEBUG block.SCMBlockDeletingService (SCMBlockDeletingService.java:call(136)) - Running DeletedBlockTransactionScanner
2023-03-23 08:06:03,879 [BlockDeletingService#6] INFO  interfaces.ContainerDeletionChoosingPolicyTemplate (ContainerDeletionChoosingPolicyTemplate.java:chooseContainerForBlockDeletion(83)) - Chosen 0/5000 blocks from 0 candidate containers.
2023-03-23 08:06:03,910 [SCMBlockDeletingService#0] DEBUG block.SCMBlockDeletingService (SCMBlockDeletingService.java:call(136)) - Running DeletedBlockTransactionScanner
2023-03-23 08:06:03,980 [BlockDeletingService#6] INFO  interfaces.ContainerDeletionChoosingPolicyTemplate (ContainerDeletionChoosingPolicyTemplate.java:chooseContainerForBlockDeletion(83)) - Chosen 0/5000 blocks from 0 candidate containers.
2023-03-23 08:06:04,011 [SCMBlockDeletingService#0] DEBUG block.SCMBlockDeletingService (SCMBlockDeletingService.java:call(136)) - Running DeletedBlockTransactionScanner
2023-03-23 08:06:04,080 [BlockDeletingService#6] INFO  interfaces.ContainerDeletionChoosingPolicyTemplate (ContainerDeletionChoosingPolicyTemplate.java:chooseContainerForBlockDeletion(83)) - Chosen 0/5000 blocks from 0 candidate containers.
2023-03-23 08:06:04,111 [SCMBlockDeletingService#0] DEBUG block.SCMBlockDeletingService (SCMBlockDeletingService.java:call(136)) - Running DeletedBlockTransactionScanner
2023-03-23 08:06:04,180 [BlockDeletingService#6] INFO  interfaces.ContainerDeletionChoosingPolicyTemplate (ContainerDeletionChoosingPolicyTemplate.java:chooseContainerForBlockDeletion(83)) - Chosen 0/5000 blocks from 0 candidate containers.
2023-03-23 08:06:04,211 [SCMBlockDeletingService#0] DEBUG block.SCMBlockDeletingService (SCMBlockDeletingService.java:call(136)) - Running DeletedBlockTransactionScanner
2023-03-23 08:06:04,281 [BlockDeletingService#6] INFO  interfaces.ContainerDeletionChoosingPolicyTemplate (ContainerDeletionChoosingPolicyTemplate.java:chooseContainerForBlockDeletion(83)) - Chosen 0/5000 blocks from 0 candidate containers.
2023-03-23 08:06:04,311 [SCMBlockDeletingService#0] DEBUG block.SCMBlockDeletingService (SCMBlockDeletingService.java:call(136)) - Running DeletedBlockTransactionScanner
2023-03-23 08:06:04,381 [BlockDeletingService#6] INFO  interfaces.ContainerDeletionChoosingPolicyTemplate (ContainerDeletionChoosingPolicyTemplate.java:chooseContainerForBlockDeletion(83)) - Chosen 0/5000 blocks from 0 candidate containers.
2023-03-23 08:06:04,411 [SCMBlockDeletingService#0] DEBUG block.SCMBlockDeletingService (SCMBlockDeletingService.java:call(136)) - Running DeletedBlockTransactionScanner
2023-03-23 08:06:04,481 [BlockDeletingService#6] INFO  interfaces.ContainerDeletionChoosingPolicyTemplate (ContainerDeletionChoosingPolicyTemplate.java:chooseContainerForBlockDeletion(83)) - Chosen 0/5000 blocks from 0 candidate containers.
2023-03-23 08:06:04,511 [SCMBlockDeletingService#0] DEBUG block.SCMBlockDeletingService (SCMBlockDeletingService.java:call(136)) - Running DeletedBlockTransactionScanner
2023-03-23 08:06:04,516 [EventQueue-StaleNodeForStaleNodeHandler] INFO  node.StaleNodeHandler (StaleNodeHandler.java:onMessage(59)) - Datanode 75faba44-0a9d-4b7a-8d49-daa003cae56d(fv-az105-497.wy5h1aom0jgehahef1oyr10hrc.bx.internal.cloudapp.net/10.1.0.214) moved to stale state. Finalizing its pipelines [PipelineID=69f24196-d01c-40cd-9020-a950a0dadb05]
2023-03-23 08:06:04,517 [EventQueue-StaleNodeForStaleNodeHandler] INFO  pipeline.PipelineManagerImpl (PipelineManagerImpl.java:closePipeline(442)) - Pipeline Pipeline[ Id: 69f24196-d01c-40cd-9020-a950a0dadb05, Nodes: 75faba44-0a9d-4b7a-8d49-daa003cae56d(fv-az105-497.wy5h1aom0jgehahef1oyr10hrc.bx.internal.cloudapp.net/10.1.0.214)fd439516-60ae-42f5-a7e4-bbb84e8556dc(fv-az105-497.wy5h1aom0jgehahef1oyr10hrc.bx.internal.cloudapp.net/10.1.0.214)314195c6-23a8-4084-8433-e4a65193fa35(fv-az105-497.wy5h1aom0jgehahef1oyr10hrc.bx.internal.cloudapp.net/10.1.0.214), ReplicationConfig: RATIS/THREE, State:OPEN, leaderId:75faba44-0a9d-4b7a-8d49-daa003cae56d, CreationTimestamp2023-03-23T08:05:40.893Z[Etc/UTC]] moved to CLOSED state
2023-03-23 08:06:04,517 [EventQueue-StaleNodeForStaleNodeHandler] INFO  node.StaleNodeHandler (StaleNodeHandler.java:onMessage(59)) - Datanode fd439516-60ae-42f5-a7e4-bbb84e8556dc(fv-az105-497.wy5h1aom0jgehahef1oyr10hrc.bx.internal.cloudapp.net/10.1.0.214) moved to stale state. Finalizing its pipelines [PipelineID=69f24196-d01c-40cd-9020-a950a0dadb05]
2023-03-23 08:06:04,581 [BlockDeletingService#6] INFO  interfaces.ContainerDeletionChoosingPolicyTemplate (ContainerDeletionChoosingPolicyTemplate.java:chooseContainerForBlockDeletion(83)) - Chosen 0/5000 blocks from 0 candidate containers.
2023-03-23 08:06:04,611 [SCMBlockDeletingService#0] DEBUG block.SCMBlockDeletingService (SCMBlockDeletingService.java:call(136)) - Running DeletedBlockTransactionScanner
2023-03-23 08:06:04,682 [BlockDeletingService#6] INFO  interfaces.ContainerDeletionChoosingPolicyTemplate (ContainerDeletionChoosingPolicyTemplate.java:chooseContainerForBlockDeletion(83)) - Chosen 0/5000 blocks from 0 candidate containers.
2023-03-23 08:06:04,711 [SCMBlockDeletingService#0] DEBUG block.SCMBlockDeletingService (SCMBlockDeletingService.java:call(136)) - Running DeletedBlockTransactionScanner
2023-03-23 08:06:04,783 [BlockDeletingService#6] INFO  interfaces.ContainerDeletionChoosingPolicyTemplate (ContainerDeletionChoosingPolicyTemplate.java:chooseContainerForBlockDeletion(83)) - Chosen 0/5000 blocks from 0 candidate containers.
2023-03-23 08:06:04,811 [SCMBlockDeletingService#0] DEBUG block.SCMBlockDeletingService (SCMBlockDeletingService.java:call(136)) - Running DeletedBlockTransactionScanner
2023-03-23 08:06:04,883 [BlockDeletingService#6] INFO  interfaces.ContainerDeletionChoosingPolicyTemplate (ContainerDeletionChoosingPolicyTemplate.java:chooseContainerForBlockDeletion(83)) - Chosen 0/5000 blocks from 0 candidate containers.
2023-03-23 08:06:04,911 [SCMBlockDeletingService#0] DEBUG block.SCMBlockDeletingService (SCMBlockDeletingService.java:call(136)) - Running DeletedBlockTransactionScanner
2023-03-23 08:06:04,983 [BlockDeletingService#6] INFO  interfaces.ContainerDeletionChoosingPolicyTemplate (ContainerDeletionChoosingPolicyTemplate.java:chooseContainerForBlockDeletion(83)) - Chosen 0/5000 blocks from 0 candidate containers.
2023-03-23 08:06:05,011 [SCMBlockDeletingService#0] DEBUG block.SCMBlockDeletingService (SCMBlockDeletingService.java:call(136)) - Running DeletedBlockTransactionScanner
2023-03-23 08:06:05,083 [BlockDeletingService#6] INFO  interfaces.ContainerDeletionChoosingPolicyTemplate (ContainerDeletionChoosingPolicyTemplate.java:chooseContainerForBlockDeletion(83)) - Chosen 0/5000 blocks from 0 candidate containers.
2023-03-23 08:06:05,112 [SCMBlockDeletingService#0] DEBUG block.SCMBlockDeletingService (SCMBlockDeletingService.java:call(136)) - Running DeletedBlockTransactionScanner
2023-03-23 08:06:05,184 [BlockDeletingService#6] INFO  interfaces.ContainerDeletionChoosingPolicyTemplate (ContainerDeletionChoosingPolicyTemplate.java:chooseContainerForBlockDeletion(83)) - Chosen 0/5000 blocks from 0 candidate containers.
2023-03-23 08:06:05,212 [SCMBlockDeletingService#0] DEBUG block.SCMBlockDeletingService (SCMBlockDeletingService.java:call(136)) - Running DeletedBlockTransactionScanner
2023-03-23 08:06:05,284 [BlockDeletingService#6] INFO  interfaces.ContainerDeletionChoosingPolicyTemplate (ContainerDeletionChoosingPolicyTemplate.java:chooseContainerForBlockDeletion(83)) - Chosen 0/5000 blocks from 0 candidate containers.
2023-03-23 08:06:05,312 [SCMBlockDeletingService#0] DEBUG block.SCMBlockDeletingService (SCMBlockDeletingService.java:call(136)) - Running DeletedBlockTransactionScanner
2023-03-23 08:06:05,384 [BlockDeletingService#6] INFO  interfaces.ContainerDeletionChoosingPolicyTemplate (ContainerDeletionChoosingPolicyTemplate.java:chooseContainerForBlockDeletion(83)) - Chosen 0/5000 blocks from 0 candidate containers.
2023-03-23 08:06:05,412 [SCMBlockDeletingService#0] DEBUG block.SCMBlockDeletingService (SCMBlockDeletingService.java:call(136)) - Running DeletedBlockTransactionScanner
2023-03-23 08:06:05,485 [BlockDeletingService#6] INFO  interfaces.ContainerDeletionChoosingPolicyTemplate (ContainerDeletionChoosingPolicyTemplate.java:chooseContainerForBlockDeletion(83)) - Chosen 0/5000 blocks from 0 candidate containers.
2023-03-23 08:06:05,512 [SCMBlockDeletingService#0] DEBUG block.SCMBlockDeletingService (SCMBlockDeletingService.java:call(136)) - Running DeletedBlockTransactionScanner
2023-03-23 08:06:05,585 [BlockDeletingService#6] INFO  interfaces.ContainerDeletionChoosingPolicyTemplate (ContainerDeletionChoosingPolicyTemplate.java:chooseContainerForBlockDeletion(83)) - Chosen 0/5000 blocks from 0 candidate containers.
2023-03-23 08:06:05,612 [SCMBlockDeletingService#0] DEBUG block.SCMBlockDeletingService (SCMBlockDeletingService.java:call(136)) - Running DeletedBlockTransactionScanner
2023-03-23 08:06:05,685 [BlockDeletingService#6] INFO  interfaces.ContainerDeletionChoosingPolicyTemplate (ContainerDeletionChoosingPolicyTemplate.java:chooseContainerForBlockDeletion(83)) - Chosen 0/5000 blocks from 0 candidate containers.
2023-03-23 08:06:05,712 [SCMBlockDeletingService#0] DEBUG block.SCMBlockDeletingService (SCMBlockDeletingService.java:call(136)) - Running DeletedBlockTransactionScanner
2023-03-23 08:06:05,765 [ForkJoinPool.commonPool-worker-1] INFO  volume.HddsVolume (HddsVolume.java:closeDbStore(437)) - SchemaV3 db is stopped at /home/runner/work/ozone/ozone/hadoop-ozone/integration-test/target/test-dir/MiniOzoneClusterImpl-bf95872f-ab09-4fff-b473-e3afb8b37e70/datanode-2/data-0/containers/hdds/bf95872f-ab09-4fff-b473-e3afb8b37e70/DS-3f5de17a-be11-4400-8671-d2dbd855a250/container.db for volume DS-3f5de17a-be11-4400-8671-d2dbd855a250
2023-03-23 08:06:05,766 [ForkJoinPool.commonPool-worker-1] INFO  utils.BackgroundService (BackgroundService.java:shutdown(141)) - Shutting down service BlockDeletingService
2023-03-23 08:06:05,768 [ForkJoinPool.commonPool-worker-1] INFO  utils.BackgroundService (BackgroundService.java:shutdown(141)) - Shutting down service StaleRecoveringContainerScrubbingService
2023-03-23 08:06:05,770 [ForkJoinPool.commonPool-worker-1] INFO  statemachine.DatanodeStateMachine (DatanodeStateMachine.java:stopDaemon(601)) - Ozone container server stopped.
2023-03-23 08:06:05,781 [ForkJoinPool.commonPool-worker-1] INFO  handler.ContextHandler (ContextHandler.java:doStop(1159)) - Stopped o.e.j.w.WebAppContext@3927a940{hddsDatanode,/,null,STOPPED}{jar:file:/home/runner/.m2/repository/org/apache/ozone/hdds-container-service/1.4.0-SNAPSHOT/hdds-container-service-1.4.0-SNAPSHOT.jar!/webapps/hddsDatanode}
2023-03-23 08:06:05,781 [ForkJoinPool.commonPool-worker-1] INFO  server.AbstractConnector (AbstractConnector.java:doStop(383)) - Stopped ServerConnector@52b4aed7{HTTP/1.1, (http/1.1)}{0.0.0.0:0}
2023-03-23 08:06:05,781 [ForkJoinPool.commonPool-worker-1] INFO  server.session (HouseKeeper.java:stopScavenging(149)) - node0 Stopped scavenging
2023-03-23 08:06:05,782 [ForkJoinPool.commonPool-worker-1] INFO  handler.ContextHandler (ContextHandler.java:doStop(1159)) - Stopped o.e.j.s.ServletContextHandler@375ef82a{static,/static,jar:file:/home/runner/.m2/repository/org/apache/ozone/hdds-container-service/1.4.0-SNAPSHOT/hdds-container-service-1.4.0-SNAPSHOT.jar!/webapps/static,STOPPED}
2023-03-23 08:06:05,783 [ForkJoinPool.commonPool-worker-1] INFO  handler.ContextHandler (ContextHandler.java:doStop(1159)) - Stopped o.e.j.s.ServletContextHandler@124caf47{logs,/logs,file:///home/runner/work/ozone/ozone/hadoop-ozone/integration-test/target/log,STOPPED}
2023-03-23 08:06:05,785 [Listener at 127.0.0.1/36689] INFO  ozone.MiniOzoneClusterImpl (MiniOzoneClusterImpl.java:stopSCM(545)) - Stopping the StorageContainerManager
2023-03-23 08:06:05,785 [Listener at 127.0.0.1/36689] INFO  server.StorageContainerManager (StorageContainerManager.java:stop(1538)) - Container Balancer is not running.
2023-03-23 08:06:05,785 [Listener at 127.0.0.1/36689] INFO  server.StorageContainerManager (StorageContainerManager.java:stop(1545)) - Stopping Replication Manager Service.
2023-03-23 08:06:05,785 [Listener at 127.0.0.1/36689] INFO  replication.ReplicationManager (ReplicationManager.java:stop(310)) - Stopping Replication Monitor Thread.
2023-03-23 08:06:05,785 [Under Replicated Processor] WARN  replication.UnhealthyReplicationProcessor (UnhealthyReplicationProcessor.java:run(146)) - Under Replicated Processor interrupted. Exiting...
2023-03-23 08:06:05,785 [Over Replicated Processor] WARN  replication.UnhealthyReplicationProcessor (UnhealthyReplicationProcessor.java:run(146)) - Over Replicated Processor interrupted. Exiting...
2023-03-23 08:06:05,786 [ReplicationMonitor] INFO  replication.ReplicationManager (ReplicationManager.java:run(893)) - Replication Monitor Thread is stopped
2023-03-23 08:06:05,785 [Listener at 127.0.0.1/36689] INFO  server.StorageContainerManager (StorageContainerManager.java:stop(1552)) - Stopping the Datanode Admin Monitor.
2023-03-23 08:06:05,786 [Listener at 127.0.0.1/36689] INFO  server.StorageContainerManager (StorageContainerManager.java:stop(1559)) - Stopping datanode service RPC server
2023-03-23 08:06:05,786 [Listener at 127.0.0.1/36689] INFO  server.SCMDatanodeProtocolServer (SCMDatanodeProtocolServer.java:stop(424)) - Stopping the RPC server for DataNodes
2023-03-23 08:06:05,786 [Listener at 127.0.0.1/36689] INFO  ipc.Server (Server.java:stop(3428)) - Stopping server on 45743
2023-03-23 08:06:05,789 [IPC Server listener on 0] INFO  ipc.Server (Server.java:run(1384)) - Stopping IPC Server listener on 0
2023-03-23 08:06:05,789 [IPC Server Responder] INFO  ipc.Server (Server.java:run(1517)) - Stopping IPC Server Responder
2023-03-23 08:06:05,812 [SCMBlockDeletingService#0] DEBUG block.SCMBlockDeletingService (SCMBlockDeletingService.java:call(136)) - Running DeletedBlockTransactionScanner
2023-03-23 08:06:05,818 [SCM Heartbeat Processing Thread - 0] WARN  node.NodeStateManager (NodeStateManager.java:scheduleNextHealthCheck(870)) - Current Thread is interrupted, shutting down HB processing thread for Node Manager.
2023-03-23 08:06:05,818 [Listener at 127.0.0.1/36689] INFO  server.StorageContainerManager (StorageContainerManager.java:stop(1567)) - Stopping block service RPC server
2023-03-23 08:06:05,818 [Listener at 127.0.0.1/36689] INFO  server.SCMBlockProtocolServer (SCMBlockProtocolServer.java:stop(161)) - Stopping the RPC server for Block Protocol
2023-03-23 08:06:05,819 [Listener at 127.0.0.1/36689] INFO  ipc.Server (Server.java:stop(3428)) - Stopping server on 37459
2023-03-23 08:06:05,820 [IPC Server Responder] INFO  ipc.Server (Server.java:run(1517)) - Stopping IPC Server Responder
2023-03-23 08:06:05,820 [Listener at 127.0.0.1/36689] INFO  server.StorageContainerManager (StorageContainerManager.java:stop(1574)) - Stopping the StorageContainerLocationProtocol RPC server
2023-03-23 08:06:05,820 [Listener at 127.0.0.1/36689] INFO  server.SCMClientProtocolServer (SCMClientProtocolServer.java:stop(203)) - Stopping the RPC server for Client Protocol
2023-03-23 08:06:05,821 [Listener at 127.0.0.1/36689] INFO  ipc.Server (Server.java:stop(3428)) - Stopping server on 38833
2023-03-23 08:06:05,820 [IPC Server listener on 0] INFO  ipc.Server (Server.java:run(1384)) - Stopping IPC Server listener on 0
2023-03-23 08:06:05,823 [IPC Server listener on 0] INFO  ipc.Server (Server.java:run(1384)) - Stopping IPC Server listener on 0
2023-03-23 08:06:05,824 [IPC Server Responder] INFO  ipc.Server (Server.java:run(1517)) - Stopping IPC Server Responder
2023-03-23 08:06:05,824 [Listener at 127.0.0.1/36689] INFO  server.StorageContainerManager (StorageContainerManager.java:stop(1581)) - Stopping Storage Container Manager HTTP server.
2023-03-23 08:06:05,825 [Listener at 127.0.0.1/36689] INFO  handler.ContextHandler (ContextHandler.java:doStop(1159)) - Stopped o.e.j.w.WebAppContext@3994c5fa{scm,/,null,STOPPED}{file:/home/runner/work/ozone/ozone/hadoop-ozone/integration-test/target/test-classes/webapps/scm}
2023-03-23 08:06:05,825 [Listener at 127.0.0.1/36689] INFO  server.AbstractConnector (AbstractConnector.java:doStop(383)) - Stopped ServerConnector@206987b2{HTTP/1.1, (http/1.1)}{0.0.0.0:0}
2023-03-23 08:06:05,825 [Listener at 127.0.0.1/36689] INFO  server.session (HouseKeeper.java:stopScavenging(149)) - node0 Stopped scavenging
2023-03-23 08:06:05,826 [Listener at 127.0.0.1/36689] INFO  handler.ContextHandler (ContextHandler.java:doStop(1159)) - Stopped o.e.j.s.ServletContextHandler@36229f3a{static,/static,file:///home/runner/work/ozone/ozone/hadoop-ozone/integration-test/target/test-classes/webapps/static,STOPPED}
2023-03-23 08:06:05,826 [Listener at 127.0.0.1/36689] INFO  handler.ContextHandler (ContextHandler.java:doStop(1159)) - Stopped o.e.j.s.ServletContextHandler@1cdd55d5{logs,/logs,file:///home/runner/work/ozone/ozone/hadoop-ozone/integration-test/target/log,STOPPED}
2023-03-23 08:06:05,831 [Listener at 127.0.0.1/36689] INFO  server.StorageContainerManager (StorageContainerManager.java:stop(1589)) - Stopping SCM LayoutVersionManager Service.
2023-03-23 08:06:05,831 [Listener at 127.0.0.1/36689] INFO  server.StorageContainerManager (StorageContainerManager.java:stop(1597)) - Stopping Block Manager Service.
2023-03-23 08:06:05,831 [Listener at 127.0.0.1/36689] INFO  utils.BackgroundService (BackgroundService.java:shutdown(141)) - Shutting down service SCMBlockDeletingService
2023-03-23 08:06:05,832 [Listener at 127.0.0.1/36689] INFO  utils.BackgroundService (BackgroundService.java:shutdown(141)) - Shutting down service SCMBlockDeletingService
2023-03-23 08:06:05,832 [Listener at 127.0.0.1/36689] INFO  server.StorageContainerManager (StorageContainerManager.java:stop(1619)) - Stopping SCM Event Queue.
2023-03-23 08:06:05,833 [Listener at 127.0.0.1/36689] INFO  server.StorageContainerManager (StorageContainerManager.java:stop(1630)) - Stopping SCM HA services.
2023-03-23 08:06:05,834 [Listener at 127.0.0.1/36689] INFO  pipeline.BackgroundPipelineCreator (BackgroundPipelineCreator.java:stop(149)) - Stopping RatisPipelineUtilsThread.
2023-03-23 08:06:05,834 [RatisPipelineUtilsThread - 0] WARN  pipeline.BackgroundPipelineCreator (BackgroundPipelineCreator.java:run(180)) - RatisPipelineUtilsThread is interrupted.
2023-03-23 08:06:05,834 [BackgroundPipelineScrubberThread] WARN  BackgroundPipelineScrubber (BackgroundSCMService.java:run(115)) - BackgroundPipelineScrubber is interrupted, exit
2023-03-23 08:06:05,834 [Listener at 127.0.0.1/36689] INFO  BackgroundPipelineScrubber (BackgroundSCMService.java:stop(131)) - Stopping BackgroundPipelineScrubber Service.
2023-03-23 08:06:05,835 [Listener at 127.0.0.1/36689] INFO  impl.MetricsSystemImpl (MetricsSystemImpl.java:stop(210)) - Stopping HddsDatanode metrics system...
2023-03-23 08:06:05,836 [prometheus] INFO  impl.MetricsSinkAdapter (MetricsSinkAdapter.java:publishMetricsFromQueue(141)) - prometheus thread interrupted.
2023-03-23 08:06:05,836 [Listener at 127.0.0.1/36689] INFO  impl.MetricsSystemImpl (MetricsSystemImpl.java:stop(216)) - HddsDatanode metrics system stopped.
2023-03-23 08:06:05,836 [Listener at 127.0.0.1/36689] WARN  pipeline.BackgroundPipelineCreator (BackgroundPipelineCreator.java:stop(145)) - RatisPipelineUtilsThread is not running, just ignore.
2023-03-23 08:06:05,836 [Listener at 127.0.0.1/36689] INFO  BackgroundPipelineScrubber (BackgroundSCMService.java:stop(126)) - BackgroundPipelineScrubber Service is not running, skip stop.
2023-03-23 08:06:05,836 [ExpiredContainerReplicaOpScrubberThread] WARN  ExpiredContainerReplicaOpScrubber (BackgroundSCMService.java:run(115)) - ExpiredContainerReplicaOpScrubber is interrupted, exit
2023-03-23 08:06:05,837 [Listener at 127.0.0.1/36689] INFO  ExpiredContainerReplicaOpScrubber (BackgroundSCMService.java:stop(131)) - Stopping ExpiredContainerReplicaOpScrubber Service.
2023-03-23 08:06:05,837 [Listener at 127.0.0.1/36689] INFO  utils.BackgroundService (BackgroundService.java:shutdown(141)) - Shutting down service SCMBlockDeletingService
2023-03-23 08:06:05,837 [Listener at 127.0.0.1/36689] INFO  replication.ReplicationManager (ReplicationManager.java:stop(320)) - Replication Monitor Thread is not running.
2023-03-23 08:06:05,837 [Listener at 127.0.0.1/36689] WARN  balancer.ContainerBalancer (ContainerBalancer.java:stop(322)) - Cannot stop Container Balancer because it's not running or stopping
2023-03-23 08:06:05,837 [Listener at 127.0.0.1/36689] INFO  server.StorageContainerManager (StorageContainerManager.java:stop(1648)) - Stopping SCM MetadataStore.
]]></system-out>
  </testcase>
  <testcase name="testBlockDeletion(ReplicationConfig)[1]" classname="org.apache.hadoop.ozone.container.common.statemachine.commandhandler.TestBlockDeletion" time="39.834">
    <system-out><![CDATA[2023-03-23 08:06:05,909 [Listener at 127.0.0.1/36689] WARN  server.ServerUtils (ServerUtils.java:getScmDbDir(148)) - ozone.scm.db.dirs is not configured. We recommend adding this setting. Falling back to ozone.metadata.dirs instead.
2023-03-23 08:06:05,911 [Listener at 127.0.0.1/36689] WARN  server.ServerUtils (ServerUtils.java:getScmDbDir(148)) - ozone.scm.db.dirs is not configured. We recommend adding this setting. Falling back to ozone.metadata.dirs instead.
2023-03-23 08:06:05,912 [Listener at 127.0.0.1/36689] INFO  ha.SCMHANodeDetails (SCMHANodeDetails.java:loadSCMHAConfig(209)) - ServiceID for StorageContainerManager is null
2023-03-23 08:06:05,912 [Listener at 127.0.0.1/36689] INFO  ha.SCMHANodeDetails (SCMHANodeDetails.java:loadSCMHAConfig(214)) - ozone.scm.default.service.id is not defined, falling back to ozone.scm.service.ids to find serviceID for StorageContainerManager if it is HA enabled cluster
2023-03-23 08:06:05,913 [Listener at 127.0.0.1/36689] WARN  utils.HAUtils (HAUtils.java:getMetaDir(342)) - ozone.scm.db.dirs is not configured. We recommend adding this setting. Falling back to ozone.metadata.dirs instead.
2023-03-23 08:06:05,913 [Listener at 127.0.0.1/36689] WARN  db.DBStoreBuilder (DBStoreBuilder.java:applyDBDefinition(172)) - ozone.scm.db.dirs is not configured. We recommend adding this setting. Falling back to ozone.metadata.dirs instead.
2023-03-23 08:06:06,029 [Listener at 127.0.0.1/36689] INFO  net.NodeSchemaLoader (NodeSchemaLoader.java:loadSchemaFromFile(129)) - Loading schema from [jar:file:/home/runner/.m2/repository/org/apache/ozone/hdds-common/1.4.0-SNAPSHOT/hdds-common-1.4.0-SNAPSHOT.jar!/network-topology-default.xml]
2023-03-23 08:06:06,030 [Listener at 127.0.0.1/36689] INFO  net.NodeSchemaLoader (NodeSchemaLoader.java:loadSchema(176)) - Loading network topology layer schema file
2023-03-23 08:06:06,033 [Listener at 127.0.0.1/36689] INFO  upgrade.AbstractLayoutVersionManager (AbstractLayoutVersionManager.java:init(83)) - Initializing Layout version manager with metadata layout = DATANODE_SCHEMA_V3 (version = 4), software layout = DATANODE_SCHEMA_V3 (version = 4)
2023-03-23 08:06:06,088 [Listener at 127.0.0.1/36689] INFO  reflections.Reflections (Reflections.java:scan(232)) - Reflections took 54 ms to scan 7 urls, producing 155 keys and 368 values 
2023-03-23 08:06:06,090 [Listener at 127.0.0.1/36689] INFO  ha.SequenceIdGenerator (SequenceIdGenerator.java:upgradeToSequenceId(349)) - upgrade localId to 111677748019200000
2023-03-23 08:06:06,091 [Listener at 127.0.0.1/36689] INFO  ha.SequenceIdGenerator (SequenceIdGenerator.java:upgradeToSequenceId(359)) - upgrade delTxnId to 0
2023-03-23 08:06:06,091 [Listener at 127.0.0.1/36689] INFO  ha.SequenceIdGenerator (SequenceIdGenerator.java:upgradeToSequenceId(376)) - upgrade containerId to 0
2023-03-23 08:06:06,091 [Listener at 127.0.0.1/36689] INFO  ha.SequenceIdGenerator (SequenceIdGenerator.java:<init>(220)) - Init the HA SequenceIdGenerator.
2023-03-23 08:06:06,092 [Listener at 127.0.0.1/36689] INFO  node.SCMNodeManager (SCMNodeManager.java:<init>(156)) - Entering startup safe mode.
2023-03-23 08:06:06,093 [Listener at 127.0.0.1/36689] INFO  algorithms.ContainerPlacementPolicyFactory (ContainerPlacementPolicyFactory.java:getPolicyInternal(86)) - Create container placement policy of type org.apache.hadoop.hdds.scm.container.placement.algorithms.SCMContainerPlacementRandom
2023-03-23 08:06:06,093 [Listener at 127.0.0.1/36689] INFO  algorithms.ContainerPlacementPolicyFactory (ContainerPlacementPolicyFactory.java:getPolicyInternal(86)) - Create container placement policy of type org.apache.hadoop.hdds.scm.container.placement.algorithms.SCMContainerPlacementRackScatter
2023-03-23 08:06:06,093 [Listener at 127.0.0.1/36689] INFO  pipeline.PipelineStateManagerImpl (PipelineStateManagerImpl.java:initialize(78)) - No pipeline exists in current db
2023-03-23 08:06:06,093 [Listener at 127.0.0.1/36689] INFO  algorithms.LeaderChoosePolicyFactory (LeaderChoosePolicyFactory.java:getPolicy(57)) - Create leader choose policy of type org.apache.hadoop.hdds.scm.pipeline.leader.choose.algorithms.MinLeaderCountChoosePolicy
2023-03-23 08:06:06,094 [Listener at 127.0.0.1/36689] INFO  algorithms.ContainerPlacementPolicyFactory (ContainerPlacementPolicyFactory.java:getPolicyInternal(86)) - Create container placement policy of type org.apache.hadoop.hdds.scm.container.placement.algorithms.SCMContainerPlacementRackScatter
2023-03-23 08:06:06,094 [Listener at 127.0.0.1/36689] INFO  ha.SCMServiceManager (SCMServiceManager.java:register(42)) - Registering service BackgroundPipelineCreator.
2023-03-23 08:06:06,094 [Listener at 127.0.0.1/36689] INFO  pipeline.BackgroundPipelineCreator (BackgroundPipelineCreator.java:start(124)) - Starting RatisPipelineUtilsThread.
2023-03-23 08:06:06,095 [Listener at 127.0.0.1/36689] INFO  BackgroundPipelineScrubber (BackgroundSCMService.java:start(68)) - Starting BackgroundPipelineScrubber Service.
2023-03-23 08:06:06,096 [Listener at 127.0.0.1/36689] INFO  ha.SCMServiceManager (SCMServiceManager.java:register(42)) - Registering service BackgroundPipelineScrubber.
2023-03-23 08:06:06,096 [Listener at 127.0.0.1/36689] INFO  ExpiredContainerReplicaOpScrubber (BackgroundSCMService.java:start(68)) - Starting ExpiredContainerReplicaOpScrubber Service.
2023-03-23 08:06:06,097 [Listener at 127.0.0.1/36689] INFO  ha.SCMServiceManager (SCMServiceManager.java:register(42)) - Registering service ExpiredContainerReplicaOpScrubber.
2023-03-23 08:06:06,098 [Listener at 127.0.0.1/36689] INFO  algorithms.PipelineChoosePolicyFactory (PipelineChoosePolicyFactory.java:createPipelineChoosePolicyFromClass(73)) - Create pipeline choose policy of type org.apache.hadoop.hdds.scm.pipeline.choose.algorithms.RandomPipelineChoosePolicy
2023-03-23 08:06:06,099 [Listener at 127.0.0.1/36689] INFO  ha.SCMServiceManager (SCMServiceManager.java:register(42)) - Registering service SCMBlockDeletingService.
2023-03-23 08:06:06,100 [Listener at 127.0.0.1/36689] INFO  replication.ReplicationManager (ReplicationManager.java:start(277)) - Starting Replication Monitor Thread.
2023-03-23 08:06:06,101 [Listener at 127.0.0.1/36689] INFO  ha.SCMServiceManager (SCMServiceManager.java:register(42)) - Registering service ReplicationManager.
2023-03-23 08:06:06,102 [ReplicationMonitor] INFO  replication.ReplicationManager (ReplicationManager.java:processAll(352)) - Replication Manager is not ready to run until 3000ms after safemode exit
2023-03-23 08:06:06,103 [Listener at 127.0.0.1/36689] INFO  safemode.ContainerSafeModeRule (ContainerSafeModeRule.java:<init>(89)) - containers with one replica threshold count 0
2023-03-23 08:06:06,103 [Listener at 127.0.0.1/36689] INFO  safemode.HealthyPipelineSafeModeRule (HealthyPipelineSafeModeRule.java:initializeRule(169)) - Total pipeline count is 0, healthy pipeline threshold count is 1
2023-03-23 08:06:06,103 [Listener at 127.0.0.1/36689] INFO  safemode.OneReplicaPipelineSafeModeRule (OneReplicaPipelineSafeModeRule.java:initializeRule(180)) - Total pipeline count is 0, pipeline's with at least one datanode reported threshold count is 0
2023-03-23 08:06:06,104 [Listener at 127.0.0.1/36689] INFO  server.StorageContainerManager (StorageContainerManager.java:<init>(396)) - SCM start with adminUsers: [runner]
2023-03-23 08:06:06,104 [Listener at 127.0.0.1/36689] INFO  ipc.CallQueueManager (CallQueueManager.java:<init>(90)) - Using callQueue: class java.util.concurrent.LinkedBlockingQueue, queueCapacity: 2000, scheduler: class org.apache.hadoop.ipc.DefaultRpcScheduler, ipcBackoff: false.
2023-03-23 08:06:06,105 [Socket Reader #1 for port 0] INFO  ipc.Server (Server.java:run(1273)) - Starting Socket Reader #1 for port 0
2023-03-23 08:06:06,110 [Listener at 0.0.0.0/45541] INFO  ipc.CallQueueManager (CallQueueManager.java:<init>(90)) - Using callQueue: class java.util.concurrent.LinkedBlockingQueue, queueCapacity: 2000, scheduler: class org.apache.hadoop.ipc.DefaultRpcScheduler, ipcBackoff: false.
2023-03-23 08:06:06,111 [Listener at 0.0.0.0/40905] INFO  ipc.CallQueueManager (CallQueueManager.java:<init>(90)) - Using callQueue: class java.util.concurrent.LinkedBlockingQueue, queueCapacity: 2000, scheduler: class org.apache.hadoop.ipc.DefaultRpcScheduler, ipcBackoff: false.
2023-03-23 08:06:06,112 [Socket Reader #1 for port 0] INFO  ipc.Server (Server.java:run(1273)) - Starting Socket Reader #1 for port 0
2023-03-23 08:06:06,115 [Socket Reader #1 for port 0] INFO  ipc.Server (Server.java:run(1273)) - Starting Socket Reader #1 for port 0
2023-03-23 08:06:06,121 [Listener at 0.0.0.0/39359] INFO  ha.SCMServiceManager (SCMServiceManager.java:register(42)) - Registering service ContainerBalancer.
2023-03-23 08:06:06,122 [Listener at 0.0.0.0/39359] INFO  server.StorageContainerManager (StorageContainerManager.java:<init>(413)) - 
Container Balancer status:
Key                            Value
Running                        true
Container Balancer Configuration values:
Key                                                Value
Threshold                                          10
Max Datanodes to Involve per Iteration(percent)    20
Max Size to Move per Iteration                     500GB
Max Size Entering Target per Iteration             26GB
Max Size Leaving Source per Iteration              26GB

2023-03-23 08:06:06,122 [Listener at 0.0.0.0/39359] INFO  ha.SCMContext (SCMContext.java:updateSafeModeStatus(228)) - Update SafeModeStatus from SafeModeStatus{safeModeStatus=true, preCheckPassed=false} to SafeModeStatus{safeModeStatus=true, preCheckPassed=false}.
2023-03-23 08:06:06,122 [Listener at 0.0.0.0/39359] INFO  server.StorageContainerManager (StorageContainerManager.java:start(1443)) - StorageContainerLocationProtocol RPC server is listening at /0.0.0.0:39359
2023-03-23 08:06:06,125 [Listener at 0.0.0.0/39359] WARN  impl.MetricsConfig (MetricsConfig.java:loadFirst(136)) - Cannot locate configuration: tried hadoop-metrics2-storagecontainermanager.properties,hadoop-metrics2.properties
2023-03-23 08:06:06,126 [Listener at 0.0.0.0/39359] INFO  impl.MetricsSystemImpl (MetricsSystemImpl.java:startTimer(378)) - Scheduled Metric snapshot period at 10 second(s).
2023-03-23 08:06:06,126 [Listener at 0.0.0.0/39359] INFO  impl.MetricsSystemImpl (MetricsSystemImpl.java:start(191)) - StorageContainerManager metrics system started
2023-03-23 08:06:06,155 [Listener at 0.0.0.0/39359] INFO  impl.MetricsSinkAdapter (MetricsSinkAdapter.java:start(204)) - Sink prometheus started
2023-03-23 08:06:06,156 [Listener at 0.0.0.0/39359] INFO  impl.MetricsSystemImpl (MetricsSystemImpl.java:registerSink(305)) - Registered sink prometheus
2023-03-23 08:06:06,171 [Listener at 0.0.0.0/39359] INFO  server.SCMClientProtocolServer (SCMClientProtocolServer.java:start(194)) - RPC server for Client  is listening at /0.0.0.0:39359
2023-03-23 08:06:06,173 [IPC Server Responder] INFO  ipc.Server (Server.java:run(1512)) - IPC Server Responder: starting
2023-03-23 08:06:06,174 [IPC Server listener on 0] INFO  ipc.Server (Server.java:run(1352)) - IPC Server listener on 0: starting
2023-03-23 08:06:06,179 [Listener at 0.0.0.0/39359] INFO  server.StorageContainerManager (StorageContainerManager.java:start(1457)) - ScmBlockLocationProtocol RPC server is listening at /0.0.0.0:40905
2023-03-23 08:06:06,179 [Listener at 0.0.0.0/39359] INFO  server.SCMBlockProtocolServer (SCMBlockProtocolServer.java:start(152)) - RPC server for Block Protocol is listening at /0.0.0.0:40905
2023-03-23 08:06:06,181 [IPC Server Responder] INFO  ipc.Server (Server.java:run(1512)) - IPC Server Responder: starting
2023-03-23 08:06:06,181 [IPC Server listener on 0] INFO  ipc.Server (Server.java:run(1352)) - IPC Server listener on 0: starting
2023-03-23 08:06:06,183 [Listener at 0.0.0.0/39359] INFO  server.SCMDatanodeProtocolServer (SCMDatanodeProtocolServer.java:start(193)) - ScmDatanodeProtocol RPC server for DataNodes is listening at /0.0.0.0:45541
2023-03-23 08:06:06,184 [IPC Server Responder] INFO  ipc.Server (Server.java:run(1512)) - IPC Server Responder: starting
2023-03-23 08:06:06,184 [IPC Server listener on 0] INFO  ipc.Server (Server.java:run(1352)) - IPC Server listener on 0: starting
2023-03-23 08:06:06,187 [org.apache.hadoop.util.JvmPauseMonitor$Monitor@82f23b4] INFO  util.JvmPauseMonitor (JvmPauseMonitor.java:run(188)) - Starting JVM pause monitor
2023-03-23 08:06:06,190 [Listener at 0.0.0.0/39359] INFO  http.BaseHttpServer (BaseHttpServer.java:newHttpServer2BuilderForOzone(224)) - Starting Web-server for scm at: http://0.0.0.0:0
2023-03-23 08:06:06,190 [Listener at 0.0.0.0/39359] INFO  http.BaseHttpServer (BaseHttpServer.java:<init>(111)) - Hadoop Security Enabled: false Ozone Security Enabled: false Ozone HTTP Security Enabled: false 
2023-03-23 08:06:06,193 [Listener at 0.0.0.0/39359] WARN  server.AuthenticationFilter (AuthenticationFilter.java:constructSecretProvider(240)) - Unable to initialize FileSignerSecretProvider, falling back to use random secrets. Reason: Could not read signature secret file: /home/runner/hadoop-http-auth-signature-secret
2023-03-23 08:06:06,194 [Listener at 0.0.0.0/39359] WARN  http.HttpRequestLog (HttpRequestLog.java:getRequestLog(103)) - Jetty request log can only be enabled using Log4j
2023-03-23 08:06:06,196 [Listener at 0.0.0.0/39359] INFO  http.HttpServer2 (HttpServer2.java:addGlobalFilter(1031)) - Added global filter 'safety' (class=org.apache.hadoop.hdds.server.http.HttpServer2$QuotingInputFilter)
2023-03-23 08:06:06,197 [Listener at 0.0.0.0/39359] INFO  http.HttpServer2 (HttpServer2.java:addFilter(1007)) - Added filter static_user_filter (class=org.apache.hadoop.http.lib.StaticUserWebFilter$StaticUserFilter) to context scm
2023-03-23 08:06:06,198 [Listener at 0.0.0.0/39359] INFO  http.HttpServer2 (HttpServer2.java:addFilter(1015)) - Added filter static_user_filter (class=org.apache.hadoop.http.lib.StaticUserWebFilter$StaticUserFilter) to context logs
2023-03-23 08:06:06,198 [Listener at 0.0.0.0/39359] INFO  http.HttpServer2 (HttpServer2.java:addFilter(1015)) - Added filter static_user_filter (class=org.apache.hadoop.http.lib.StaticUserWebFilter$StaticUserFilter) to context static
2023-03-23 08:06:06,198 [Listener at 0.0.0.0/39359] INFO  http.BaseHttpServer (BaseHttpServer.java:<init>(190)) - HTTP server of scm uses base directory /home/runner/work/ozone/ozone/hadoop-ozone/integration-test/target/test-dir/MiniOzoneClusterImpl-83429495-af89-4435-a907-dab059fcfd42/ozone-meta/webserver
2023-03-23 08:06:06,199 [Listener at 0.0.0.0/39359] INFO  http.HttpServer2 (HttpServer2.java:bindListener(1250)) - Jetty bound to port 36729
2023-03-23 08:06:06,199 [Listener at 0.0.0.0/39359] INFO  server.Server (Server.java:doStart(375)) - jetty-9.4.49.v20220914; built: 2022-09-14T01:07:36.601Z; git: 4231a3b2e4cb8548a412a789936d640a97b1aa0a; jvm 1.8.0_362-b09
2023-03-23 08:06:06,200 [Listener at 0.0.0.0/39359] INFO  server.session (DefaultSessionIdManager.java:doStart(334)) - DefaultSessionIdManager workerName=node0
2023-03-23 08:06:06,201 [Listener at 0.0.0.0/39359] INFO  server.session (DefaultSessionIdManager.java:doStart(339)) - No SessionScavenger set, using defaults
2023-03-23 08:06:06,201 [Listener at 0.0.0.0/39359] INFO  server.session (HouseKeeper.java:startScavenging(132)) - node0 Scavenging every 600000ms
2023-03-23 08:06:06,202 [Listener at 0.0.0.0/39359] INFO  handler.ContextHandler (ContextHandler.java:doStart(921)) - Started o.e.j.s.ServletContextHandler@5ba8a528{logs,/logs,file:///home/runner/work/ozone/ozone/hadoop-ozone/integration-test/target/log,AVAILABLE}
2023-03-23 08:06:06,203 [Listener at 0.0.0.0/39359] INFO  handler.ContextHandler (ContextHandler.java:doStart(921)) - Started o.e.j.s.ServletContextHandler@5e12d5d0{static,/static,file:///home/runner/work/ozone/ozone/hadoop-ozone/integration-test/target/test-classes/webapps/static,AVAILABLE}
2023-03-23 08:06:06,206 [Listener at 0.0.0.0/39359] INFO  handler.ContextHandler (ContextHandler.java:doStart(921)) - Started o.e.j.w.WebAppContext@7f468a5c{scm,/,file:///home/runner/work/ozone/ozone/hadoop-ozone/integration-test/target/test-classes/webapps/scm/,AVAILABLE}{file:/home/runner/work/ozone/ozone/hadoop-ozone/integration-test/target/test-classes/webapps/scm}
2023-03-23 08:06:06,207 [Listener at 0.0.0.0/39359] INFO  server.AbstractConnector (AbstractConnector.java:doStart(333)) - Started ServerConnector@17e28a30{HTTP/1.1, (http/1.1)}{0.0.0.0:36729}
2023-03-23 08:06:06,208 [Listener at 0.0.0.0/39359] INFO  server.Server (Server.java:doStart(415)) - Started @65921ms
2023-03-23 08:06:06,208 [Listener at 0.0.0.0/39359] WARN  impl.MetricsSystemImpl (MetricsSystemImpl.java:register(279)) - Sink prometheus already exists!
2023-03-23 08:06:06,209 [Listener at 0.0.0.0/39359] INFO  http.BaseHttpServer (BaseHttpServer.java:updateConnectorAddress(344)) - HTTP server of scm listening at http://0.0.0.0:36729
2023-03-23 08:06:06,209 [Listener at 0.0.0.0/39359] WARN  server.ServerUtils (ServerUtils.java:getDBPath(225)) - ozone.om.db.dirs is not configured. We recommend adding this setting. Falling back to ozone.metadata.dirs instead.
2023-03-23 08:06:06,212 [Listener at 0.0.0.0/39359] INFO  ha.OMHANodeDetails (OMHANodeDetails.java:loadOMHAConfig(115)) - ozone.om.internal.service.id is not defined, falling back to ozone.om.service.ids to find serviceID for OzoneManager if it is HA enabled cluster
2023-03-23 08:06:06,212 [Listener at 0.0.0.0/39359] INFO  ha.OMHANodeDetails (OMHANodeDetails.java:loadOMHAConfig(226)) - Configuration does not have ozone.om.address set. Falling back to the default OM address /127.0.0.1:0
2023-03-23 08:06:06,212 [Listener at 0.0.0.0/39359] INFO  ha.OMHANodeDetails (OMHANodeDetails.java:getOMNodeDetailsForNonHA(254)) - OM Service ID is not set. Setting it to the default ID: omServiceIdDefault
2023-03-23 08:06:06,213 [Listener at 0.0.0.0/39359] INFO  ha.OMHANodeDetails (OMHANodeDetails.java:getOMNodeDetailsForNonHA(261)) - OM Node ID is not set. Setting it to the default ID: om1
2023-03-23 08:06:06,213 [Listener at 0.0.0.0/39359] WARN  server.ServerUtils (ServerUtils.java:getDBPath(225)) - ozone.om.db.dirs is not configured. We recommend adding this setting. Falling back to ozone.metadata.dirs instead.
2023-03-23 08:06:06,214 [Listener at 0.0.0.0/39359] INFO  upgrade.AbstractLayoutVersionManager (AbstractLayoutVersionManager.java:init(83)) - Initializing Layout version manager with metadata layout = MULTITENANCY_SCHEMA (version = 3), software layout = MULTITENANCY_SCHEMA (version = 3)
2023-03-23 08:06:06,284 [Listener at 0.0.0.0/39359] INFO  reflections.Reflections (Reflections.java:scan(232)) - Reflections took 69 ms to scan 2 urls, producing 167 keys and 466 values [using 2 cores]
2023-03-23 08:06:06,285 [Listener at 0.0.0.0/39359] INFO  upgrade.OMLayoutVersionManager (OMLayoutVersionManager.java:lambda$0(115)) - Skipping Upgrade Action MockOmUpgradeAction since it has been finalized.
2023-03-23 08:06:06,285 [Listener at 0.0.0.0/39359] WARN  server.ServerUtils (ServerUtils.java:getDBPath(225)) - ozone.om.db.dirs is not configured. We recommend adding this setting. Falling back to ozone.metadata.dirs instead.
2023-03-23 08:06:06,286 [Listener at 0.0.0.0/39359] INFO  proxy.SCMBlockLocationFailoverProxyProvider (SCMBlockLocationFailoverProxyProvider.java:<init>(114)) - Created block location fail-over proxy with 1 nodes: [nodeId=scmNodeId,nodeAddress=/0.0.0.0:40905]
2023-03-23 08:06:06,288 [Listener at 0.0.0.0/39359] INFO  proxy.SCMBlockLocationFailoverProxyProvider (SCMBlockLocationFailoverProxyProvider.java:<init>(114)) - Created block location fail-over proxy with 1 nodes: [nodeId=scmNodeId,nodeAddress=/0.0.0.0:40905]
2023-03-23 08:06:06,295 [Listener at 0.0.0.0/39359] INFO  om.OzoneManager (OzoneManager.java:<init>(619)) - OM start with adminUsers: [runner]
2023-03-23 08:06:06,296 [Listener at 0.0.0.0/39359] WARN  server.ServerUtils (ServerUtils.java:getDBPath(225)) - ozone.om.db.dirs is not configured. We recommend adding this setting. Falling back to ozone.metadata.dirs instead.
2023-03-23 08:06:06,297 [Listener at 0.0.0.0/39359] INFO  codec.OmKeyInfoCodec (OmKeyInfoCodec.java:<init>(49)) - OmKeyInfoCodec ignorePipeline = true
2023-03-23 08:06:06,297 [Listener at 0.0.0.0/39359] INFO  codec.RepeatedOmKeyInfoCodec (RepeatedOmKeyInfoCodec.java:<init>(41)) - RepeatedOmKeyInfoCodec ignorePipeline = true
2023-03-23 08:06:06,512 [Listener at 0.0.0.0/39359] INFO  om.OzoneManager (OzoneManager.java:instantiateServices(749)) - S3 Multi-Tenancy is disabled
2023-03-23 08:06:06,513 [Listener at 0.0.0.0/39359] WARN  server.ServerUtils (ServerUtils.java:getDBPath(225)) - ozone.om.snapshot.diff.db.dir is not configured. We recommend adding this setting. Falling back to ozone.metadata.dirs instead.
2023-03-23 08:06:06,534 [Listener at 0.0.0.0/39359] INFO  om.OzoneManager (OzoneManager.java:addS3GVolumeToDB(4221)) - Created Volume s3v With Owner runner required for S3Gateway operations.
2023-03-23 08:06:06,534 [Listener at 0.0.0.0/39359] WARN  server.ServerUtils (ServerUtils.java:getDefaultRatisDirectory(237)) - Storage directory for Ratis is not configured. It is a good idea to map this to an SSD disk. Falling back to ozone.metadata.dirs
2023-03-23 08:06:06,535 [Listener at 0.0.0.0/39359] WARN  utils.OzoneManagerRatisUtils (OzoneManagerRatisUtils.java:getOMRatisSnapshotDirectory(442)) - ozone.om.ratis.snapshot.dir is not configured. Falling back to ozone.metadata.dirs config
2023-03-23 08:06:06,535 [Listener at 0.0.0.0/39359] WARN  server.ServerUtils (ServerUtils.java:getDefaultRatisDirectory(237)) - Storage directory for Ratis is not configured. It is a good idea to map this to an SSD disk. Falling back to ozone.metadata.dirs
2023-03-23 08:06:06,537 [Listener at 0.0.0.0/39359] INFO  ratis.OzoneManagerRatisServer (OzoneManagerRatisServer.java:<init>(164)) - Instantiating OM Ratis server with groupID: omServiceIdDefault and peers: localhost:9872
2023-03-23 08:06:06,537 [Listener at 0.0.0.0/39359] INFO  ratis.OzoneManagerStateMachine (OzoneManagerStateMachine.java:loadSnapshotInfoFromDB(636)) - LastAppliedIndex is set from TransactionInfo from OM DB as (t:0, i:~)
2023-03-23 08:06:06,537 [Listener at 0.0.0.0/39359] INFO  server.RaftServer (ConfUtils.java:logGet(46)) - raft.rpc.type = GRPC (default)
2023-03-23 08:06:06,538 [Listener at 0.0.0.0/39359] INFO  grpc.GrpcConfigKeys (ConfUtils.java:logFallback(53)) - raft.grpc.admin.host = null (fallback to raft.grpc.server.host)
2023-03-23 08:06:06,538 [Listener at 0.0.0.0/39359] INFO  grpc.GrpcConfigKeys (ConfUtils.java:logFallback(53)) - raft.grpc.admin.port = 9872 (fallback to raft.grpc.server.port)
2023-03-23 08:06:06,538 [Listener at 0.0.0.0/39359] INFO  grpc.GrpcConfigKeys (ConfUtils.java:logFallback(53)) - raft.grpc.client.host = null (fallback to raft.grpc.server.host)
2023-03-23 08:06:06,538 [Listener at 0.0.0.0/39359] INFO  grpc.GrpcConfigKeys (ConfUtils.java:logFallback(53)) - raft.grpc.client.port = 9872 (fallback to raft.grpc.server.port)
2023-03-23 08:06:06,538 [Listener at 0.0.0.0/39359] INFO  grpc.GrpcConfigKeys (ConfUtils.java:logGet(46)) - raft.grpc.server.host = null (default)
2023-03-23 08:06:06,539 [Listener at 0.0.0.0/39359] INFO  grpc.GrpcConfigKeys (ConfUtils.java:logGet(46)) - raft.grpc.server.port = 9872 (custom)
2023-03-23 08:06:06,539 [Listener at 0.0.0.0/39359] INFO  server.GrpcService (ConfUtils.java:logGet(46)) - raft.grpc.message.size.max = 33554432 (custom)
2023-03-23 08:06:06,539 [Listener at 0.0.0.0/39359] INFO  server.RaftServerConfigKeys (ConfUtils.java:logGet(46)) - raft.server.log.appender.buffer.byte-limit = 33554432 (custom)
2023-03-23 08:06:06,539 [Listener at 0.0.0.0/39359] INFO  server.GrpcService (ConfUtils.java:logGet(46)) - raft.grpc.flow.control.window = 1MB (=1048576) (default)
2023-03-23 08:06:06,539 [Listener at 0.0.0.0/39359] INFO  server.RaftServerConfigKeys (ConfUtils.java:logGet(46)) - raft.server.rpc.request.timeout = 3000ms (default)
2023-03-23 08:06:06,540 [Listener at 0.0.0.0/39359] INFO  grpc.GrpcConfigKeys (ConfUtils.java:logGet(46)) - raft.grpc.server.heartbeat.channel = true (default)
2023-03-23 08:06:06,540 [Listener at 0.0.0.0/39359] INFO  grpc.GrpcConfigKeys (ConfUtils.java:logGet(46)) - raft.grpc.server.async.request.thread.pool.cached = true (default)
2023-03-23 08:06:06,540 [Listener at 0.0.0.0/39359] INFO  grpc.GrpcConfigKeys (ConfUtils.java:logGet(46)) - raft.grpc.server.async.request.thread.pool.size = 32 (default)
2023-03-23 08:06:06,542 [Listener at 0.0.0.0/39359] INFO  impl.DataStreamServerImpl (ConfUtils.java:logGet(46)) - raft.datastream.type = DISABLED (default)
2023-03-23 08:06:06,542 [Listener at 0.0.0.0/39359] INFO  server.RaftServerConfigKeys (ConfUtils.java:logGet(46)) - raft.server.threadpool.proxy.cached = true (default)
2023-03-23 08:06:06,542 [Listener at 0.0.0.0/39359] INFO  server.RaftServerConfigKeys (ConfUtils.java:logGet(46)) - raft.server.threadpool.proxy.size = 0 (default)
2023-03-23 08:06:06,542 [Listener at 0.0.0.0/39359] INFO  server.RaftServerConfigKeys (ConfUtils.java:logGet(46)) - raft.server.rpc.slowness.timeout = 120s (custom)
2023-03-23 08:06:06,543 [Listener at 0.0.0.0/39359] INFO  server.RaftServerConfigKeys (ConfUtils.java:logGet(46)) - raft.server.leaderelection.leader.step-down.wait-time = 10s (default)
2023-03-23 08:06:06,543 [Listener at 0.0.0.0/39359] INFO  server.RaftServerConfigKeys (ConfUtils.java:logGet(46)) - raft.server.storage.dir = [/home/runner/work/ozone/ozone/hadoop-ozone/integration-test/target/test-dir/MiniOzoneClusterImpl-83429495-af89-4435-a907-dab059fcfd42/ozone-meta/ratis] (custom)
2023-03-23 08:06:06,543 [Listener at 0.0.0.0/39359] INFO  server.RaftServer (RaftServerProxy.java:addNew(96)) - om1: addNew group-C5BA1605619E:[om1|rpc:localhost:9872|priority:0|startupRole:FOLLOWER] returns group-C5BA1605619E:java.util.concurrent.CompletableFuture@58f72035[Not completed]
2023-03-23 08:06:06,544 [Listener at 0.0.0.0/39359] INFO  om.OzoneManager (OzoneManager.java:initializeRatisServer(2096)) - OzoneManager Ratis server initialized at port 9872
2023-03-23 08:06:06,544 [Listener at 0.0.0.0/39359] INFO  om.OzoneManager (OzoneManager.java:getRpcServer(1132)) - Creating RPC Server
2023-03-23 08:06:06,545 [pool-348-thread-1] INFO  server.RaftServer$Division (RaftServerImpl.java:<init>(195)) - om1: new RaftServerImpl for group-C5BA1605619E:[om1|rpc:localhost:9872|priority:0|startupRole:FOLLOWER] with OzoneManagerStateMachine:uninitialized
2023-03-23 08:06:06,545 [pool-348-thread-1] INFO  server.RaftServerConfigKeys (ConfUtils.java:logGet(46)) - raft.server.rpc.timeout.min = 1s (custom)
2023-03-23 08:06:06,545 [pool-348-thread-1] INFO  server.RaftServerConfigKeys (ConfUtils.java:logGet(46)) - raft.server.rpc.timeout.max = 1200ms (custom)
2023-03-23 08:06:06,545 [pool-348-thread-1] INFO  server.RaftServerConfigKeys (ConfUtils.java:logGet(46)) - raft.server.rpc.sleep.time = 25ms (default)
2023-03-23 08:06:06,545 [pool-348-thread-1] INFO  server.RaftServerConfigKeys (ConfUtils.java:logGet(46)) - raft.server.rpc.slowness.timeout = 120s (custom)
2023-03-23 08:06:06,546 [pool-348-thread-1] INFO  server.RaftServerConfigKeys (ConfUtils.java:logGet(46)) - raft.server.leaderelection.leader.step-down.wait-time = 10s (default)
2023-03-23 08:06:06,546 [pool-348-thread-1] INFO  server.RaftServerConfigKeys (ConfUtils.java:logGet(46)) - raft.server.sleep.deviation.threshold = 300ms (default)
2023-03-23 08:06:06,546 [pool-348-thread-1] INFO  server.RaftServer$Division (ServerState.java:<init>(118)) - om1@group-C5BA1605619E: ConfigurationManager, init=-1: peers:[om1|rpc:localhost:9872|priority:0|startupRole:FOLLOWER]|listeners:[], old=null, confs=<EMPTY_MAP>
2023-03-23 08:06:06,546 [pool-348-thread-1] INFO  server.RaftServerConfigKeys (ConfUtils.java:logGet(46)) - raft.server.storage.dir = [/home/runner/work/ozone/ozone/hadoop-ozone/integration-test/target/test-dir/MiniOzoneClusterImpl-83429495-af89-4435-a907-dab059fcfd42/ozone-meta/ratis] (custom)
2023-03-23 08:06:06,546 [pool-348-thread-1] INFO  server.RaftServerConfigKeys (ConfUtils.java:logGet(46)) - raft.server.log.corruption.policy = EXCEPTION (default)
2023-03-23 08:06:06,546 [pool-348-thread-1] INFO  server.RaftServerConfigKeys (ConfUtils.java:logGet(46)) - raft.server.storage.free-space.min = 0MB (=0) (default)
2023-03-23 08:06:06,546 [pool-348-thread-1] INFO  server.RaftServerConfigKeys (ConfUtils.java:logGet(46)) - raft.server.notification.no-leader.timeout = 120s (custom)
2023-03-23 08:06:06,546 [pool-348-thread-1] INFO  server.RaftServerConfigKeys (ConfUtils.java:logGet(46)) - raft.server.retrycache.expirytime = 300s (custom)
2023-03-23 08:06:06,546 [pool-348-thread-1] INFO  server.RaftServerConfigKeys (ConfUtils.java:logGet(46)) - raft.server.retrycache.statistics.expirytime = 100μs (default)
2023-03-23 08:06:06,547 [pool-348-thread-1] INFO  server.RaftServerConfigKeys (ConfUtils.java:logGet(46)) - raft.server.log.appender.install.snapshot.enabled = false (custom)
2023-03-23 08:06:06,547 [pool-348-thread-1] INFO  server.RaftServerConfigKeys (ConfUtils.java:logGet(46)) - raft.server.threadpool.server.cached = true (default)
2023-03-23 08:06:06,547 [pool-348-thread-1] INFO  server.RaftServerConfigKeys (ConfUtils.java:logGet(46)) - raft.server.threadpool.server.size = 0 (default)
2023-03-23 08:06:06,547 [pool-348-thread-1] INFO  server.RaftServerConfigKeys (ConfUtils.java:logGet(46)) - raft.server.threadpool.client.cached = true (default)
2023-03-23 08:06:06,547 [pool-348-thread-1] INFO  server.RaftServerConfigKeys (ConfUtils.java:logGet(46)) - raft.server.threadpool.client.size = 0 (default)
2023-03-23 08:06:06,982 [Finalizer] WARN  managed.ManagedRocksObjectUtils (ManagedRocksObjectUtils.java:assertClosed(54)) - RocksIterator is not closed properly
2023-03-23 08:06:06,982 [Finalizer] WARN  managed.ManagedRocksObjectUtils (ManagedRocksObjectUtils.java:assertClosed(54)) - ManagedColumnFamilyOptions is not closed properly
2023-03-23 08:06:07,090 [Listener at 0.0.0.0/39359] INFO  reflections.Reflections (Reflections.java:scan(232)) - Reflections took 545 ms to scan 19 urls, producing 68 keys and 4968 values [using 2 cores]
2023-03-23 08:06:07,091 [Listener at 0.0.0.0/39359] INFO  ipc.CallQueueManager (CallQueueManager.java:<init>(90)) - Using callQueue: class java.util.concurrent.LinkedBlockingQueue, queueCapacity: 2000, scheduler: class org.apache.hadoop.ipc.DefaultRpcScheduler, ipcBackoff: false.
2023-03-23 08:06:07,096 [Socket Reader #1 for port 0] INFO  ipc.Server (Server.java:run(1273)) - Starting Socket Reader #1 for port 0
2023-03-23 08:06:07,116 [Listener at 127.0.0.1/46681] INFO  impl.MetricsSystemImpl (MetricsSystemImpl.java:init(158)) - OzoneManager metrics system started (again)
2023-03-23 08:06:07,129 [Listener at 127.0.0.1/46681] INFO  om.OzoneManager (OzoneManager.java:start(1553)) - OzoneManager RPC server is listening at localhost/127.0.0.1:46681
2023-03-23 08:06:07,129 [Listener at 127.0.0.1/46681] INFO  ratis.OzoneManagerRatisServer (OzoneManagerRatisServer.java:start(559)) - Starting OzoneManagerRatisServer om1 at port 9872
2023-03-23 08:06:07,129 [om1-impl-thread1] INFO  storage.RaftStorageDirectory (RaftStorageDirectoryImpl.java:analyzeStorage(137)) - The storage directory /home/runner/work/ozone/ozone/hadoop-ozone/integration-test/target/test-dir/MiniOzoneClusterImpl-83429495-af89-4435-a907-dab059fcfd42/ozone-meta/ratis/bf265839-605b-3f16-9796-c5ba1605619e does not exist. Creating ...
2023-03-23 08:06:07,131 [om1-impl-thread1] INFO  storage.RaftStorageDirectory (RaftStorageDirectoryImpl.java:tryLock(231)) - Lock on /home/runner/work/ozone/ozone/hadoop-ozone/integration-test/target/test-dir/MiniOzoneClusterImpl-83429495-af89-4435-a907-dab059fcfd42/ozone-meta/ratis/bf265839-605b-3f16-9796-c5ba1605619e/in_use.lock acquired by nodename 6812@fv-az105-497
2023-03-23 08:06:07,133 [om1-impl-thread1] INFO  storage.RaftStorage (RaftStorageImpl.java:format(96)) - Storage directory /home/runner/work/ozone/ozone/hadoop-ozone/integration-test/target/test-dir/MiniOzoneClusterImpl-83429495-af89-4435-a907-dab059fcfd42/ozone-meta/ratis/bf265839-605b-3f16-9796-c5ba1605619e has been successfully formatted.
2023-03-23 08:06:07,133 [om1-impl-thread1] INFO  server.RaftServerConfigKeys (ConfUtils.java:logGet(46)) - raft.server.log.use.memory = false (default)
2023-03-23 08:06:07,133 [om1-impl-thread1] INFO  server.RaftServerConfigKeys (ConfUtils.java:logGet(46)) - raft.server.log.purge.gap = 1000000 (custom)
2023-03-23 08:06:07,134 [om1-impl-thread1] INFO  server.RaftServerConfigKeys (ConfUtils.java:logGet(46)) - raft.server.log.appender.buffer.byte-limit = 33554432 (custom)
2023-03-23 08:06:07,134 [om1-impl-thread1] INFO  server.RaftServerConfigKeys (ConfUtils.java:logGet(46)) - raft.server.log.statemachine.data.read.timeout = 1000ms (default)
2023-03-23 08:06:07,134 [om1-impl-thread1] INFO  server.RaftServerConfigKeys (ConfUtils.java:logGet(46)) - raft.server.log.purge.preservation.log.num = 0 (default)
2023-03-23 08:06:07,134 [om1-impl-thread1] INFO  server.RaftServerConfigKeys (ConfUtils.java:logGet(46)) - raft.server.log.segment.size.max = 4194304 (custom)
2023-03-23 08:06:07,134 [om1-impl-thread1] INFO  server.RaftServerConfigKeys (ConfUtils.java:logGet(46)) - raft.server.log.segment.cache.num.max = 2 (custom)
2023-03-23 08:06:07,134 [om1-impl-thread1] INFO  server.RaftServerConfigKeys (ConfUtils.java:logGet(46)) - raft.server.log.segment.cache.size.max = 200MB (=209715200) (default)
2023-03-23 08:06:07,134 [om1-impl-thread1] INFO  segmented.SegmentedRaftLogWorker (SegmentedRaftLogWorker.java:<init>(189)) - new om1@group-C5BA1605619E-SegmentedRaftLogWorker for RaftStorageImpl:Storage Directory /home/runner/work/ozone/ozone/hadoop-ozone/integration-test/target/test-dir/MiniOzoneClusterImpl-83429495-af89-4435-a907-dab059fcfd42/ozone-meta/ratis/bf265839-605b-3f16-9796-c5ba1605619e
2023-03-23 08:06:07,134 [om1-impl-thread1] INFO  server.RaftServerConfigKeys (ConfUtils.java:logGet(46)) - raft.server.log.queue.byte-limit = 64MB (=67108864) (default)
2023-03-23 08:06:07,134 [om1-impl-thread1] INFO  server.RaftServerConfigKeys (ConfUtils.java:logGet(46)) - raft.server.log.queue.element-limit = 4096 (default)
2023-03-23 08:06:07,134 [om1-impl-thread1] INFO  server.RaftServerConfigKeys (ConfUtils.java:logGet(46)) - raft.server.log.segment.size.max = 4194304 (custom)
2023-03-23 08:06:07,134 [om1-impl-thread1] INFO  server.RaftServerConfigKeys (ConfUtils.java:logGet(46)) - raft.server.log.preallocated.size = 4194304 (custom)
2023-03-23 08:06:07,134 [om1-impl-thread1] INFO  server.RaftServerConfigKeys (ConfUtils.java:logGet(46)) - raft.server.log.force.sync.num = 128 (default)
2023-03-23 08:06:07,134 [om1-impl-thread1] INFO  server.RaftServerConfigKeys (ConfUtils.java:logGet(46)) - raft.server.log.statemachine.data.sync = true (default)
2023-03-23 08:06:07,134 [om1-impl-thread1] INFO  server.RaftServerConfigKeys (ConfUtils.java:logGet(46)) - raft.server.log.statemachine.data.sync.timeout = 10s (default)
2023-03-23 08:06:07,135 [om1-impl-thread1] INFO  server.RaftServerConfigKeys (ConfUtils.java:logGet(46)) - raft.server.log.statemachine.data.sync.timeout.retry = -1 (default)
2023-03-23 08:06:07,135 [om1-impl-thread1] INFO  server.RaftServerConfigKeys (ConfUtils.java:logGet(46)) - raft.server.log.write.buffer.size = 64KB (=65536) (default)
2023-03-23 08:06:07,135 [om1-impl-thread1] INFO  server.RaftServerConfigKeys (ConfUtils.java:logGet(46)) - raft.server.log.appender.buffer.byte-limit = 33554432 (custom)
2023-03-23 08:06:07,140 [om1-impl-thread1] INFO  server.RaftServerConfigKeys (ConfUtils.java:logGet(46)) - raft.server.log.unsafe-flush.enabled = false (default)
2023-03-23 08:06:07,140 [om1-impl-thread1] INFO  server.RaftServerConfigKeys (ConfUtils.java:logGet(46)) - raft.server.log.async-flush.enabled = false (default)
2023-03-23 08:06:07,140 [om1-impl-thread1] INFO  server.RaftServerConfigKeys (ConfUtils.java:logGet(46)) - raft.server.log.statemachine.data.caching.enabled = false (default)
2023-03-23 08:06:07,141 [om1-impl-thread1] INFO  segmented.SegmentedRaftLogWorker (SegmentedRaftLogWorker.java:lambda$new$0(135)) - om1@group-C5BA1605619E-SegmentedRaftLogWorker: flushIndex: setUnconditionally 0 -> -1
2023-03-23 08:06:07,141 [om1-impl-thread1] INFO  segmented.SegmentedRaftLogWorker (SegmentedRaftLogWorker.java:lambda$new$0(135)) - om1@group-C5BA1605619E-SegmentedRaftLogWorker: safeCacheEvictIndex: setUnconditionally 0 -> -1
2023-03-23 08:06:07,141 [om1-impl-thread1] INFO  server.RaftServer$Division (RaftServerImpl.java:start(334)) - om1@group-C5BA1605619E: start as a follower, conf=-1: peers:[om1|rpc:localhost:9872|priority:0|startupRole:FOLLOWER]|listeners:[], old=null
2023-03-23 08:06:07,141 [om1-impl-thread1] INFO  server.RaftServer$Division (RaftServerImpl.java:setRole(321)) - om1@group-C5BA1605619E: changes role from      null to FOLLOWER at term 0 for startAsFollower
2023-03-23 08:06:07,141 [om1-impl-thread1] INFO  impl.RoleInfo (RoleInfo.java:updateAndGet(139)) - om1: start om1@group-C5BA1605619E-FollowerState
2023-03-23 08:06:07,141 [om1-impl-thread1] INFO  util.JmxRegister (JmxRegister.java:tryRegister(44)) - Successfully registered JMX Bean with object name Ratis:service=RaftServer,group=group-C5BA1605619E,id=om1
2023-03-23 08:06:07,141 [om1@group-C5BA1605619E-FollowerState] INFO  server.RaftServerConfigKeys (ConfUtils.java:logFallback(53)) - raft.server.rpc.first-election.timeout.min = 1s (fallback to raft.server.rpc.timeout.min)
2023-03-23 08:06:07,141 [om1-impl-thread1] INFO  server.RaftServerConfigKeys (ConfUtils.java:logGet(46)) - raft.server.snapshot.auto.trigger.enabled = true (custom)
2023-03-23 08:06:07,142 [om1@group-C5BA1605619E-FollowerState] INFO  server.RaftServerConfigKeys (ConfUtils.java:logFallback(53)) - raft.server.rpc.first-election.timeout.max = 1200ms (fallback to raft.server.rpc.timeout.max)
2023-03-23 08:06:07,142 [om1-impl-thread1] INFO  server.RaftServerConfigKeys (ConfUtils.java:logGet(46)) - raft.server.snapshot.auto.trigger.threshold = 400000 (default)
2023-03-23 08:06:07,142 [om1-impl-thread1] INFO  server.RaftServerConfigKeys (ConfUtils.java:logGet(46)) - raft.server.snapshot.retention.file.num = -1 (default)
2023-03-23 08:06:07,142 [om1-impl-thread1] INFO  server.RaftServerConfigKeys (ConfUtils.java:logGet(46)) - raft.server.log.purge.upto.snapshot.index = true (custom)
2023-03-23 08:06:07,142 [Listener at 127.0.0.1/46681] INFO  server.RaftServer (RaftServerProxy.java:startImpl(393)) - om1: start RPC server
2023-03-23 08:06:07,152 [Listener at 127.0.0.1/46681] INFO  server.GrpcService (GrpcService.java:startImpl(262)) - om1: GrpcService started, listening on 9872
2023-03-23 08:06:07,152 [Listener at 127.0.0.1/46681] INFO  om.OzoneManager (OzoneManager.java:start(1569)) - Version File has different layout version (3) than OM DB (null). That is expected if this OM has never been finalized to a newer layout version.
2023-03-23 08:06:07,153 [JvmPauseMonitor8] INFO  util.JvmPauseMonitor (JvmPauseMonitor.java:run(105)) - JvmPauseMonitor-om1: Started
2023-03-23 08:06:07,157 [Listener at 127.0.0.1/46681] INFO  http.BaseHttpServer (BaseHttpServer.java:newHttpServer2BuilderForOzone(224)) - Starting Web-server for ozoneManager at: http://0.0.0.0:0
2023-03-23 08:06:07,158 [Listener at 127.0.0.1/46681] INFO  http.BaseHttpServer (BaseHttpServer.java:<init>(111)) - Hadoop Security Enabled: false Ozone Security Enabled: false Ozone HTTP Security Enabled: false 
2023-03-23 08:06:07,160 [Listener at 127.0.0.1/46681] WARN  server.AuthenticationFilter (AuthenticationFilter.java:constructSecretProvider(240)) - Unable to initialize FileSignerSecretProvider, falling back to use random secrets. Reason: Could not read signature secret file: /home/runner/hadoop-http-auth-signature-secret
2023-03-23 08:06:07,163 [Listener at 127.0.0.1/46681] WARN  http.HttpRequestLog (HttpRequestLog.java:getRequestLog(103)) - Jetty request log can only be enabled using Log4j
2023-03-23 08:06:07,167 [Listener at 127.0.0.1/46681] INFO  http.HttpServer2 (HttpServer2.java:addGlobalFilter(1031)) - Added global filter 'safety' (class=org.apache.hadoop.hdds.server.http.HttpServer2$QuotingInputFilter)
2023-03-23 08:06:07,168 [Listener at 127.0.0.1/46681] INFO  http.HttpServer2 (HttpServer2.java:addFilter(1007)) - Added filter static_user_filter (class=org.apache.hadoop.http.lib.StaticUserWebFilter$StaticUserFilter) to context ozoneManager
2023-03-23 08:06:07,170 [Listener at 127.0.0.1/46681] INFO  http.HttpServer2 (HttpServer2.java:addFilter(1015)) - Added filter static_user_filter (class=org.apache.hadoop.http.lib.StaticUserWebFilter$StaticUserFilter) to context static
2023-03-23 08:06:07,170 [Listener at 127.0.0.1/46681] INFO  http.HttpServer2 (HttpServer2.java:addFilter(1015)) - Added filter static_user_filter (class=org.apache.hadoop.http.lib.StaticUserWebFilter$StaticUserFilter) to context logs
2023-03-23 08:06:07,171 [Listener at 127.0.0.1/46681] INFO  http.BaseHttpServer (BaseHttpServer.java:<init>(190)) - HTTP server of ozoneManager uses base directory /home/runner/work/ozone/ozone/hadoop-ozone/integration-test/target/test-dir/MiniOzoneClusterImpl-83429495-af89-4435-a907-dab059fcfd42/ozone-meta/webserver
2023-03-23 08:06:07,172 [Listener at 127.0.0.1/46681] INFO  http.HttpServer2 (HttpServer2.java:bindListener(1250)) - Jetty bound to port 34653
2023-03-23 08:06:07,172 [Listener at 127.0.0.1/46681] INFO  server.Server (Server.java:doStart(375)) - jetty-9.4.49.v20220914; built: 2022-09-14T01:07:36.601Z; git: 4231a3b2e4cb8548a412a789936d640a97b1aa0a; jvm 1.8.0_362-b09
2023-03-23 08:06:07,181 [Listener at 127.0.0.1/46681] INFO  server.session (DefaultSessionIdManager.java:doStart(334)) - DefaultSessionIdManager workerName=node0
2023-03-23 08:06:07,182 [Listener at 127.0.0.1/46681] INFO  server.session (DefaultSessionIdManager.java:doStart(339)) - No SessionScavenger set, using defaults
2023-03-23 08:06:07,182 [Listener at 127.0.0.1/46681] INFO  server.session (HouseKeeper.java:startScavenging(132)) - node0 Scavenging every 660000ms
2023-03-23 08:06:07,183 [Listener at 127.0.0.1/46681] INFO  handler.ContextHandler (ContextHandler.java:doStart(921)) - Started o.e.j.s.ServletContextHandler@3e32daad{logs,/logs,file:///home/runner/work/ozone/ozone/hadoop-ozone/integration-test/target/log,AVAILABLE}
2023-03-23 08:06:07,185 [Listener at 127.0.0.1/46681] INFO  handler.ContextHandler (ContextHandler.java:doStart(921)) - Started o.e.j.s.ServletContextHandler@1a4c65af{static,/static,file:///home/runner/work/ozone/ozone/hadoop-ozone/integration-test/target/test-classes/webapps/static,AVAILABLE}
2023-03-23 08:06:07,196 [Listener at 127.0.0.1/46681] INFO  handler.ContextHandler (ContextHandler.java:doStart(921)) - Started o.e.j.w.WebAppContext@53b5ad78{ozoneManager,/,file:///home/runner/work/ozone/ozone/hadoop-ozone/integration-test/target/test-classes/webapps/ozoneManager/,AVAILABLE}{file:/home/runner/work/ozone/ozone/hadoop-ozone/integration-test/target/test-classes/webapps/ozoneManager}
2023-03-23 08:06:07,197 [Listener at 127.0.0.1/46681] INFO  server.AbstractConnector (AbstractConnector.java:doStart(333)) - Started ServerConnector@6c77afa7{HTTP/1.1, (http/1.1)}{0.0.0.0:34653}
2023-03-23 08:06:07,198 [Listener at 127.0.0.1/46681] INFO  server.Server (Server.java:doStart(415)) - Started @66911ms
2023-03-23 08:06:07,198 [Listener at 127.0.0.1/46681] WARN  impl.MetricsSystemImpl (MetricsSystemImpl.java:register(279)) - Sink prometheus already exists!
2023-03-23 08:06:07,199 [Listener at 127.0.0.1/46681] INFO  http.BaseHttpServer (BaseHttpServer.java:updateConnectorAddress(344)) - HTTP server of ozoneManager listening at http://0.0.0.0:34653
2023-03-23 08:06:07,200 [IPC Server Responder] INFO  ipc.Server (Server.java:run(1512)) - IPC Server Responder: starting
2023-03-23 08:06:07,202 [IPC Server listener on 0] INFO  ipc.Server (Server.java:run(1352)) - IPC Server listener on 0: starting
2023-03-23 08:06:07,204 [Listener at 127.0.0.1/46681] INFO  om.OzoneManager (OzoneManager.java:startTrashEmptier(2040)) - Trash Interval set to 0. Files deleted won't move to trash
2023-03-23 08:06:07,205 [org.apache.hadoop.util.JvmPauseMonitor$Monitor@442ac743] INFO  util.JvmPauseMonitor (JvmPauseMonitor.java:run(188)) - Starting JVM pause monitor
2023-03-23 08:06:07,221 [Listener at 127.0.0.1/46681] WARN  impl.MetricRegistriesImpl (MetricRegistriesImpl.java:addReporterRegistration(111)) - New reporters are added after registries were created. Some metrics will be missing from the reporter. Please add reporter before adding any new registry.
2023-03-23 08:06:07,221 [Listener at 127.0.0.1/46681] WARN  impl.MetricRegistriesImpl (MetricRegistriesImpl.java:addReporterRegistration(111)) - New reporters are added after registries were created. Some metrics will be missing from the reporter. Please add reporter before adding any new registry.
2023-03-23 08:06:07,222 [Listener at 127.0.0.1/46681] INFO  impl.MetricsSystemImpl (MetricsSystemImpl.java:init(158)) - HddsDatanode metrics system started (again)
2023-03-23 08:06:07,237 [Listener at 127.0.0.1/46681] INFO  ozone.HddsDatanodeService (HddsDatanodeService.java:start(249)) - HddsDatanodeService host:fv-az105-497.wy5h1aom0jgehahef1oyr10hrc.bx.internal.cloudapp.net ip:10.1.0.214
2023-03-23 08:06:07,264 [Listener at 127.0.0.1/46681] INFO  upgrade.AbstractLayoutVersionManager (AbstractLayoutVersionManager.java:init(83)) - Initializing Layout version manager with metadata layout = DATANODE_SCHEMA_V3 (version = 4), software layout = DATANODE_SCHEMA_V3 (version = 4)
2023-03-23 08:06:07,323 [Listener at 127.0.0.1/46681] INFO  reflections.Reflections (Reflections.java:scan(232)) - Reflections took 58 ms to scan 7 urls, producing 155 keys and 368 values 
2023-03-23 08:06:07,325 [Listener at 127.0.0.1/46681] INFO  statemachine.DatanodeStateMachine (DatanodeStateMachine.java:getEndPointTaskThreadPoolSize(260)) - Datanode State Machine Task Thread Pool size 2
2023-03-23 08:06:07,327 [Listener at 127.0.0.1/46681] INFO  volume.HddsVolume (HddsVolume.java:<init>(130)) - Creating HddsVolume: /home/runner/work/ozone/ozone/hadoop-ozone/integration-test/target/test-dir/MiniOzoneClusterImpl-83429495-af89-4435-a907-dab059fcfd42/datanode-0/data-0/containers/hdds of storage type : DISK capacity : 9223372036854775807
2023-03-23 08:06:07,327 [Listener at 127.0.0.1/46681] INFO  volume.MutableVolumeSet (MutableVolumeSet.java:initializeVolumeSet(175)) - Added Volume : /home/runner/work/ozone/ozone/hadoop-ozone/integration-test/target/test-dir/MiniOzoneClusterImpl-83429495-af89-4435-a907-dab059fcfd42/datanode-0/data-0/containers/hdds to VolumeSet
2023-03-23 08:06:07,327 [Listener at 127.0.0.1/46681] INFO  volume.ThrottledAsyncChecker (ThrottledAsyncChecker.java:schedule(141)) - Scheduling a check for /home/runner/work/ozone/ozone/hadoop-ozone/integration-test/target/test-dir/MiniOzoneClusterImpl-83429495-af89-4435-a907-dab059fcfd42/datanode-0/data-0/containers/hdds
2023-03-23 08:06:07,328 [Listener at 127.0.0.1/46681] INFO  volume.StorageVolumeChecker (StorageVolumeChecker.java:checkAllVolumes(202)) - Scheduled health check for volume /home/runner/work/ozone/ozone/hadoop-ozone/integration-test/target/test-dir/MiniOzoneClusterImpl-83429495-af89-4435-a907-dab059fcfd42/datanode-0/data-0/containers/hdds
2023-03-23 08:06:07,341 [Listener at 127.0.0.1/46681] INFO  volume.MutableVolumeSet (MutableVolumeSet.java:initializeVolumeSet(175)) - Added Volume : /home/runner/work/ozone/ozone/hadoop-ozone/integration-test/target/test-dir/MiniOzoneClusterImpl-83429495-af89-4435-a907-dab059fcfd42/datanode-0/data/ratis to VolumeSet
2023-03-23 08:06:07,341 [Listener at 127.0.0.1/46681] INFO  volume.ThrottledAsyncChecker (ThrottledAsyncChecker.java:schedule(141)) - Scheduling a check for /home/runner/work/ozone/ozone/hadoop-ozone/integration-test/target/test-dir/MiniOzoneClusterImpl-83429495-af89-4435-a907-dab059fcfd42/datanode-0/data/ratis
2023-03-23 08:06:07,341 [Listener at 127.0.0.1/46681] INFO  volume.StorageVolumeChecker (StorageVolumeChecker.java:checkAllVolumes(202)) - Scheduled health check for volume /home/runner/work/ozone/ozone/hadoop-ozone/integration-test/target/test-dir/MiniOzoneClusterImpl-83429495-af89-4435-a907-dab059fcfd42/datanode-0/data/ratis
2023-03-23 08:06:07,354 [Thread-990] INFO  ozoneimpl.ContainerReader (ContainerReader.java:readVolume(175)) - Finish verifying containers on volume /home/runner/work/ozone/ozone/hadoop-ozone/integration-test/target/test-dir/MiniOzoneClusterImpl-83429495-af89-4435-a907-dab059fcfd42/datanode-0/data-0/containers/hdds
2023-03-23 08:06:07,354 [Listener at 127.0.0.1/46681] INFO  ozoneimpl.OzoneContainer (OzoneContainer.java:buildContainerSet(307)) - Build ContainerSet costs 0s
2023-03-23 08:06:07,356 [Listener at 127.0.0.1/46681] INFO  server.RaftServer (ConfUtils.java:logGet(46)) - raft.rpc.type = GRPC (default)
2023-03-23 08:06:07,357 [Listener at 127.0.0.1/46681] INFO  grpc.GrpcConfigKeys (ConfUtils.java:logFallback(53)) - raft.grpc.admin.host = null (fallback to raft.grpc.server.host)
2023-03-23 08:06:07,357 [Listener at 127.0.0.1/46681] INFO  grpc.GrpcConfigKeys (ConfUtils.java:logGet(46)) - raft.grpc.admin.port = 0 (custom)
2023-03-23 08:06:07,357 [Listener at 127.0.0.1/46681] INFO  grpc.GrpcConfigKeys (ConfUtils.java:logFallback(53)) - raft.grpc.client.host = null (fallback to raft.grpc.server.host)
2023-03-23 08:06:07,358 [Listener at 127.0.0.1/46681] INFO  grpc.GrpcConfigKeys (ConfUtils.java:logGet(46)) - raft.grpc.client.port = 0 (custom)
2023-03-23 08:06:07,358 [Listener at 127.0.0.1/46681] INFO  grpc.GrpcConfigKeys (ConfUtils.java:logGet(46)) - raft.grpc.server.host = null (default)
2023-03-23 08:06:07,358 [Listener at 127.0.0.1/46681] INFO  grpc.GrpcConfigKeys (ConfUtils.java:logGet(46)) - raft.grpc.server.port = 0 (default)
2023-03-23 08:06:07,358 [Listener at 127.0.0.1/46681] INFO  server.GrpcService (ConfUtils.java:logGet(46)) - raft.grpc.message.size.max = 32MB (=33554432) (custom)
2023-03-23 08:06:07,358 [Listener at 127.0.0.1/46681] INFO  server.RaftServerConfigKeys (ConfUtils.java:logGet(46)) - raft.server.log.appender.buffer.byte-limit = 33554432 (custom)
2023-03-23 08:06:07,359 [Listener at 127.0.0.1/46681] INFO  server.GrpcService (ConfUtils.java:logGet(46)) - raft.grpc.flow.control.window = 5MB (=5242880) (custom)
2023-03-23 08:06:07,359 [Listener at 127.0.0.1/46681] INFO  server.RaftServerConfigKeys (ConfUtils.java:logGet(46)) - raft.server.rpc.request.timeout = 60s (custom)
2023-03-23 08:06:07,359 [Listener at 127.0.0.1/46681] INFO  grpc.GrpcConfigKeys (ConfUtils.java:logGet(46)) - raft.grpc.server.heartbeat.channel = true (default)
2023-03-23 08:06:07,359 [Listener at 127.0.0.1/46681] INFO  grpc.GrpcConfigKeys (ConfUtils.java:logGet(46)) - raft.grpc.server.async.request.thread.pool.cached = true (default)
2023-03-23 08:06:07,359 [Listener at 127.0.0.1/46681] INFO  grpc.GrpcConfigKeys (ConfUtils.java:logGet(46)) - raft.grpc.server.async.request.thread.pool.size = 32 (default)
2023-03-23 08:06:07,361 [Listener at 127.0.0.1/46681] INFO  impl.DataStreamServerImpl (ConfUtils.java:logGet(46)) - raft.datastream.type = NETTY (custom)
2023-03-23 08:06:07,361 [Listener at 127.0.0.1/46681] INFO  server.RaftServerConfigKeys (ConfUtils.java:logGet(46)) - raft.server.data-stream.async.request.thread.pool.cached = false (default)
2023-03-23 08:06:07,361 [Listener at 127.0.0.1/46681] INFO  server.RaftServerConfigKeys (ConfUtils.java:logGet(46)) - raft.server.data-stream.async.request.thread.pool.size = 20 (custom)
2023-03-23 08:06:07,362 [Listener at 127.0.0.1/46681] INFO  server.RaftServerConfigKeys (ConfUtils.java:logGet(46)) - raft.server.data-stream.async.write.thread.pool.size = 16 (default)
2023-03-23 08:06:07,362 [Listener at 127.0.0.1/46681] INFO  server.RaftServerConfigKeys (ConfUtils.java:logGet(46)) - raft.server.data-stream.client.pool.size = 10 (default)
2023-03-23 08:06:07,362 [Listener at 127.0.0.1/46681] INFO  netty.NettyConfigKeys$DataStream (ConfUtils.java:logGet(46)) - raft.netty.dataStream.server.use-epoll = false (default)
2023-03-23 08:06:07,362 [Listener at 127.0.0.1/46681] INFO  netty.NettyConfigKeys$DataStream (ConfUtils.java:logGet(46)) - raft.netty.dataStream.server.boss-group.size = 0 (default)
2023-03-23 08:06:07,363 [Listener at 127.0.0.1/46681] INFO  netty.NettyConfigKeys$DataStream (ConfUtils.java:logGet(46)) - raft.netty.dataStream.server.worker-group.size = 0 (default)
2023-03-23 08:06:07,363 [Listener at 127.0.0.1/46681] INFO  netty.NettyConfigKeys$DataStream (ConfUtils.java:logGet(46)) - raft.netty.dataStream.server.tls.conf = null (default)
2023-03-23 08:06:07,364 [Listener at 127.0.0.1/46681] INFO  netty.NettyConfigKeys$DataStream (ConfUtils.java:logGet(46)) - raft.netty.dataStream.host = null (default)
2023-03-23 08:06:07,364 [Listener at 127.0.0.1/46681] INFO  netty.NettyConfigKeys$DataStream (ConfUtils.java:logGet(46)) - raft.netty.dataStream.port = 0 (default)
2023-03-23 08:06:07,364 [Listener at 127.0.0.1/46681] INFO  server.RaftServerConfigKeys (ConfUtils.java:logGet(46)) - raft.server.threadpool.proxy.cached = true (default)
2023-03-23 08:06:07,369 [Listener at 127.0.0.1/46681] INFO  server.RaftServerConfigKeys (ConfUtils.java:logGet(46)) - raft.server.threadpool.proxy.size = 0 (default)
2023-03-23 08:06:07,369 [Listener at 127.0.0.1/46681] INFO  server.RaftServerConfigKeys (ConfUtils.java:logGet(46)) - raft.server.rpc.slowness.timeout = 300s (custom)
2023-03-23 08:06:07,369 [Listener at 127.0.0.1/46681] INFO  server.RaftServerConfigKeys (ConfUtils.java:logGet(46)) - raft.server.leaderelection.leader.step-down.wait-time = 10s (default)
2023-03-23 08:06:07,369 [Listener at 127.0.0.1/46681] INFO  server.RaftServerConfigKeys (ConfUtils.java:logGet(46)) - raft.server.storage.dir = [/home/runner/work/ozone/ozone/hadoop-ozone/integration-test/target/test-dir/MiniOzoneClusterImpl-83429495-af89-4435-a907-dab059fcfd42/datanode-0/data/ratis] (custom)
2023-03-23 08:06:07,370 [0838c789-5be6-4b53-844e-73c82c080a18-NettyServerStreamRpc-bossGroup--thread1] INFO  logging.LoggingHandler (AbstractInternalLogger.java:log(148)) - [id: 0x6432fd3e] REGISTERED
2023-03-23 08:06:07,370 [0838c789-5be6-4b53-844e-73c82c080a18-NettyServerStreamRpc-bossGroup--thread1] INFO  logging.LoggingHandler (AbstractInternalLogger.java:log(148)) - [id: 0x6432fd3e] BIND: 0.0.0.0/0.0.0.0:0
2023-03-23 08:06:07,370 [0838c789-5be6-4b53-844e-73c82c080a18-NettyServerStreamRpc-bossGroup--thread1] INFO  logging.LoggingHandler (AbstractInternalLogger.java:log(148)) - [id: 0x6432fd3e, L:/0:0:0:0:0:0:0:0:40921] ACTIVE
2023-03-23 08:06:07,372 [Listener at 127.0.0.1/46681] INFO  server.XceiverServerGrpc (XceiverServerGrpc.java:<init>(132)) - GrpcServer channel type EpollServerSocketChannel
2023-03-23 08:06:07,377 [Listener at 127.0.0.1/46681] INFO  http.BaseHttpServer (BaseHttpServer.java:newHttpServer2BuilderForOzone(224)) - Starting Web-server for hddsDatanode at: http://0.0.0.0:0
2023-03-23 08:06:07,377 [Listener at 127.0.0.1/46681] INFO  http.BaseHttpServer (BaseHttpServer.java:<init>(111)) - Hadoop Security Enabled: false Ozone Security Enabled: false Ozone HTTP Security Enabled: false 
2023-03-23 08:06:07,379 [Listener at 127.0.0.1/46681] WARN  server.AuthenticationFilter (AuthenticationFilter.java:constructSecretProvider(240)) - Unable to initialize FileSignerSecretProvider, falling back to use random secrets. Reason: Could not read signature secret file: /home/runner/hadoop-http-auth-signature-secret
2023-03-23 08:06:07,380 [Listener at 127.0.0.1/46681] WARN  http.HttpRequestLog (HttpRequestLog.java:getRequestLog(103)) - Jetty request log can only be enabled using Log4j
2023-03-23 08:06:07,383 [Listener at 127.0.0.1/46681] INFO  http.HttpServer2 (HttpServer2.java:addGlobalFilter(1031)) - Added global filter 'safety' (class=org.apache.hadoop.hdds.server.http.HttpServer2$QuotingInputFilter)
2023-03-23 08:06:07,383 [Listener at 127.0.0.1/46681] INFO  http.HttpServer2 (HttpServer2.java:addFilter(1007)) - Added filter static_user_filter (class=org.apache.hadoop.http.lib.StaticUserWebFilter$StaticUserFilter) to context hddsDatanode
2023-03-23 08:06:07,384 [Listener at 127.0.0.1/46681] INFO  http.HttpServer2 (HttpServer2.java:addFilter(1015)) - Added filter static_user_filter (class=org.apache.hadoop.http.lib.StaticUserWebFilter$StaticUserFilter) to context logs
2023-03-23 08:06:07,384 [Listener at 127.0.0.1/46681] INFO  http.HttpServer2 (HttpServer2.java:addFilter(1015)) - Added filter static_user_filter (class=org.apache.hadoop.http.lib.StaticUserWebFilter$StaticUserFilter) to context static
2023-03-23 08:06:07,387 [Listener at 127.0.0.1/46681] INFO  http.BaseHttpServer (BaseHttpServer.java:<init>(190)) - HTTP server of hddsDatanode uses base directory /home/runner/work/ozone/ozone/hadoop-ozone/integration-test/target/test-dir/MiniOzoneClusterImpl-83429495-af89-4435-a907-dab059fcfd42/datanode-0/meta/webserver
2023-03-23 08:06:07,387 [Listener at 127.0.0.1/46681] INFO  http.HttpServer2 (HttpServer2.java:bindListener(1250)) - Jetty bound to port 45193
2023-03-23 08:06:07,388 [Listener at 127.0.0.1/46681] INFO  server.Server (Server.java:doStart(375)) - jetty-9.4.49.v20220914; built: 2022-09-14T01:07:36.601Z; git: 4231a3b2e4cb8548a412a789936d640a97b1aa0a; jvm 1.8.0_362-b09
2023-03-23 08:06:07,393 [Listener at 127.0.0.1/46681] INFO  server.session (DefaultSessionIdManager.java:doStart(334)) - DefaultSessionIdManager workerName=node0
2023-03-23 08:06:07,393 [Listener at 127.0.0.1/46681] INFO  server.session (DefaultSessionIdManager.java:doStart(339)) - No SessionScavenger set, using defaults
2023-03-23 08:06:07,394 [Listener at 127.0.0.1/46681] INFO  server.session (HouseKeeper.java:startScavenging(132)) - node0 Scavenging every 660000ms
2023-03-23 08:06:07,395 [Listener at 127.0.0.1/46681] INFO  handler.ContextHandler (ContextHandler.java:doStart(921)) - Started o.e.j.s.ServletContextHandler@33d09547{logs,/logs,file:///home/runner/work/ozone/ozone/hadoop-ozone/integration-test/target/log,AVAILABLE}
2023-03-23 08:06:07,395 [Listener at 127.0.0.1/46681] INFO  handler.ContextHandler (ContextHandler.java:doStart(921)) - Started o.e.j.s.ServletContextHandler@33a1950d{static,/static,jar:file:/home/runner/.m2/repository/org/apache/ozone/hdds-container-service/1.4.0-SNAPSHOT/hdds-container-service-1.4.0-SNAPSHOT.jar!/webapps/static,AVAILABLE}
2023-03-23 08:06:07,626 [Listener at 127.0.0.1/46681] INFO  handler.ContextHandler (ContextHandler.java:doStart(921)) - Started o.e.j.w.WebAppContext@68c889dd{hddsDatanode,/,file:///home/runner/work/ozone/ozone/hadoop-ozone/integration-test/target/test-dir/MiniOzoneClusterImpl-83429495-af89-4435-a907-dab059fcfd42/datanode-0/meta/webserver/jetty-0_0_0_0-45193-hdds-container-service-1_4_0-SNAPSHOT_jar-_-any-1686637405027939669/webapp/,AVAILABLE}{jar:file:/home/runner/.m2/repository/org/apache/ozone/hdds-container-service/1.4.0-SNAPSHOT/hdds-container-service-1.4.0-SNAPSHOT.jar!/webapps/hddsDatanode}
2023-03-23 08:06:07,628 [Listener at 127.0.0.1/46681] INFO  server.AbstractConnector (AbstractConnector.java:doStart(333)) - Started ServerConnector@30c631c7{HTTP/1.1, (http/1.1)}{0.0.0.0:45193}
2023-03-23 08:06:07,628 [Listener at 127.0.0.1/46681] INFO  server.Server (Server.java:doStart(415)) - Started @67341ms
2023-03-23 08:06:07,628 [Listener at 127.0.0.1/46681] WARN  impl.MetricsSystemImpl (MetricsSystemImpl.java:register(279)) - Sink prometheus already exists!
2023-03-23 08:06:07,629 [Listener at 127.0.0.1/46681] INFO  http.BaseHttpServer (BaseHttpServer.java:updateConnectorAddress(344)) - HTTP server of hddsDatanode listening at http://0.0.0.0:45193
2023-03-23 08:06:07,630 [Listener at 127.0.0.1/46681] WARN  impl.MetricRegistriesImpl (MetricRegistriesImpl.java:addReporterRegistration(111)) - New reporters are added after registries were created. Some metrics will be missing from the reporter. Please add reporter before adding any new registry.
2023-03-23 08:06:07,630 [Listener at 127.0.0.1/46681] WARN  impl.MetricRegistriesImpl (MetricRegistriesImpl.java:addReporterRegistration(111)) - New reporters are added after registries were created. Some metrics will be missing from the reporter. Please add reporter before adding any new registry.
2023-03-23 08:06:07,630 [Listener at 127.0.0.1/46681] INFO  impl.MetricsSystemImpl (MetricsSystemImpl.java:init(158)) - HddsDatanode metrics system started (again)
2023-03-23 08:06:07,630 [Datanode State Machine Daemon Thread] INFO  statemachine.DatanodeStateMachine (DatanodeStateMachine.java:lambda$startDaemon$0(517)) - Ozone container server started.
2023-03-23 08:06:07,645 [org.apache.hadoop.util.JvmPauseMonitor$Monitor@95ce39b] INFO  util.JvmPauseMonitor (JvmPauseMonitor.java:run(188)) - Starting JVM pause monitor
2023-03-23 08:06:07,645 [Listener at 127.0.0.1/46681] INFO  ozone.HddsDatanodeService (HddsDatanodeService.java:start(249)) - HddsDatanodeService host:fv-az105-497.wy5h1aom0jgehahef1oyr10hrc.bx.internal.cloudapp.net ip:10.1.0.214
2023-03-23 08:06:07,655 [Datanode State Machine Task Thread - 0] INFO  datanode.InitDatanodeState (InitDatanodeState.java:persistContainerDatanodeDetails(138)) - DatanodeDetails is persisted to /home/runner/work/ozone/ozone/hadoop-ozone/integration-test/target/test-dir/MiniOzoneClusterImpl-83429495-af89-4435-a907-dab059fcfd42/datanode-0/meta/datanode.id
2023-03-23 08:06:07,671 [Listener at 127.0.0.1/46681] INFO  upgrade.AbstractLayoutVersionManager (AbstractLayoutVersionManager.java:init(83)) - Initializing Layout version manager with metadata layout = DATANODE_SCHEMA_V3 (version = 4), software layout = DATANODE_SCHEMA_V3 (version = 4)
2023-03-23 08:06:07,729 [Listener at 127.0.0.1/46681] INFO  reflections.Reflections (Reflections.java:scan(232)) - Reflections took 56 ms to scan 7 urls, producing 155 keys and 368 values 
2023-03-23 08:06:07,732 [Listener at 127.0.0.1/46681] INFO  statemachine.DatanodeStateMachine (DatanodeStateMachine.java:getEndPointTaskThreadPoolSize(260)) - Datanode State Machine Task Thread Pool size 2
2023-03-23 08:06:07,736 [Listener at 127.0.0.1/46681] INFO  volume.HddsVolume (HddsVolume.java:<init>(130)) - Creating HddsVolume: /home/runner/work/ozone/ozone/hadoop-ozone/integration-test/target/test-dir/MiniOzoneClusterImpl-83429495-af89-4435-a907-dab059fcfd42/datanode-1/data-0/containers/hdds of storage type : DISK capacity : 9223372036854775807
2023-03-23 08:06:07,736 [Listener at 127.0.0.1/46681] INFO  volume.MutableVolumeSet (MutableVolumeSet.java:initializeVolumeSet(175)) - Added Volume : /home/runner/work/ozone/ozone/hadoop-ozone/integration-test/target/test-dir/MiniOzoneClusterImpl-83429495-af89-4435-a907-dab059fcfd42/datanode-1/data-0/containers/hdds to VolumeSet
2023-03-23 08:06:07,736 [Listener at 127.0.0.1/46681] INFO  volume.ThrottledAsyncChecker (ThrottledAsyncChecker.java:schedule(141)) - Scheduling a check for /home/runner/work/ozone/ozone/hadoop-ozone/integration-test/target/test-dir/MiniOzoneClusterImpl-83429495-af89-4435-a907-dab059fcfd42/datanode-1/data-0/containers/hdds
2023-03-23 08:06:07,737 [Listener at 127.0.0.1/46681] INFO  volume.StorageVolumeChecker (StorageVolumeChecker.java:checkAllVolumes(202)) - Scheduled health check for volume /home/runner/work/ozone/ozone/hadoop-ozone/integration-test/target/test-dir/MiniOzoneClusterImpl-83429495-af89-4435-a907-dab059fcfd42/datanode-1/data-0/containers/hdds
2023-03-23 08:06:07,752 [Listener at 127.0.0.1/46681] INFO  volume.MutableVolumeSet (MutableVolumeSet.java:initializeVolumeSet(175)) - Added Volume : /home/runner/work/ozone/ozone/hadoop-ozone/integration-test/target/test-dir/MiniOzoneClusterImpl-83429495-af89-4435-a907-dab059fcfd42/datanode-1/data/ratis to VolumeSet
2023-03-23 08:06:07,752 [Listener at 127.0.0.1/46681] INFO  volume.ThrottledAsyncChecker (ThrottledAsyncChecker.java:schedule(141)) - Scheduling a check for /home/runner/work/ozone/ozone/hadoop-ozone/integration-test/target/test-dir/MiniOzoneClusterImpl-83429495-af89-4435-a907-dab059fcfd42/datanode-1/data/ratis
2023-03-23 08:06:07,753 [Listener at 127.0.0.1/46681] INFO  volume.StorageVolumeChecker (StorageVolumeChecker.java:checkAllVolumes(202)) - Scheduled health check for volume /home/runner/work/ozone/ozone/hadoop-ozone/integration-test/target/test-dir/MiniOzoneClusterImpl-83429495-af89-4435-a907-dab059fcfd42/datanode-1/data/ratis
2023-03-23 08:06:07,765 [Thread-1004] INFO  ozoneimpl.ContainerReader (ContainerReader.java:readVolume(175)) - Finish verifying containers on volume /home/runner/work/ozone/ozone/hadoop-ozone/integration-test/target/test-dir/MiniOzoneClusterImpl-83429495-af89-4435-a907-dab059fcfd42/datanode-1/data-0/containers/hdds
2023-03-23 08:06:07,765 [Listener at 127.0.0.1/46681] INFO  ozoneimpl.OzoneContainer (OzoneContainer.java:buildContainerSet(307)) - Build ContainerSet costs 0s
2023-03-23 08:06:07,767 [Listener at 127.0.0.1/46681] INFO  server.RaftServer (ConfUtils.java:logGet(46)) - raft.rpc.type = GRPC (default)
2023-03-23 08:06:07,767 [Listener at 127.0.0.1/46681] INFO  grpc.GrpcConfigKeys (ConfUtils.java:logFallback(53)) - raft.grpc.admin.host = null (fallback to raft.grpc.server.host)
2023-03-23 08:06:07,768 [Listener at 127.0.0.1/46681] INFO  grpc.GrpcConfigKeys (ConfUtils.java:logGet(46)) - raft.grpc.admin.port = 0 (custom)
2023-03-23 08:06:07,768 [Listener at 127.0.0.1/46681] INFO  grpc.GrpcConfigKeys (ConfUtils.java:logFallback(53)) - raft.grpc.client.host = null (fallback to raft.grpc.server.host)
2023-03-23 08:06:07,768 [Listener at 127.0.0.1/46681] INFO  grpc.GrpcConfigKeys (ConfUtils.java:logGet(46)) - raft.grpc.client.port = 0 (custom)
2023-03-23 08:06:07,768 [Listener at 127.0.0.1/46681] INFO  grpc.GrpcConfigKeys (ConfUtils.java:logGet(46)) - raft.grpc.server.host = null (default)
2023-03-23 08:06:07,768 [Listener at 127.0.0.1/46681] INFO  grpc.GrpcConfigKeys (ConfUtils.java:logGet(46)) - raft.grpc.server.port = 0 (default)
2023-03-23 08:06:07,768 [Listener at 127.0.0.1/46681] INFO  server.GrpcService (ConfUtils.java:logGet(46)) - raft.grpc.message.size.max = 32MB (=33554432) (custom)
2023-03-23 08:06:07,769 [Listener at 127.0.0.1/46681] INFO  server.RaftServerConfigKeys (ConfUtils.java:logGet(46)) - raft.server.log.appender.buffer.byte-limit = 33554432 (custom)
2023-03-23 08:06:07,769 [Listener at 127.0.0.1/46681] INFO  server.GrpcService (ConfUtils.java:logGet(46)) - raft.grpc.flow.control.window = 5MB (=5242880) (custom)
2023-03-23 08:06:07,769 [Listener at 127.0.0.1/46681] INFO  server.RaftServerConfigKeys (ConfUtils.java:logGet(46)) - raft.server.rpc.request.timeout = 60s (custom)
2023-03-23 08:06:07,772 [Listener at 127.0.0.1/46681] INFO  grpc.GrpcConfigKeys (ConfUtils.java:logGet(46)) - raft.grpc.server.heartbeat.channel = true (default)
2023-03-23 08:06:07,772 [Listener at 127.0.0.1/46681] INFO  grpc.GrpcConfigKeys (ConfUtils.java:logGet(46)) - raft.grpc.server.async.request.thread.pool.cached = true (default)
2023-03-23 08:06:07,773 [Listener at 127.0.0.1/46681] INFO  grpc.GrpcConfigKeys (ConfUtils.java:logGet(46)) - raft.grpc.server.async.request.thread.pool.size = 32 (default)
2023-03-23 08:06:07,774 [Listener at 127.0.0.1/46681] INFO  impl.DataStreamServerImpl (ConfUtils.java:logGet(46)) - raft.datastream.type = NETTY (custom)
2023-03-23 08:06:07,775 [Listener at 127.0.0.1/46681] INFO  server.RaftServerConfigKeys (ConfUtils.java:logGet(46)) - raft.server.data-stream.async.request.thread.pool.cached = false (default)
2023-03-23 08:06:07,775 [Listener at 127.0.0.1/46681] INFO  server.RaftServerConfigKeys (ConfUtils.java:logGet(46)) - raft.server.data-stream.async.request.thread.pool.size = 20 (custom)
2023-03-23 08:06:07,775 [Listener at 127.0.0.1/46681] INFO  server.RaftServerConfigKeys (ConfUtils.java:logGet(46)) - raft.server.data-stream.async.write.thread.pool.size = 16 (default)
2023-03-23 08:06:07,776 [Listener at 127.0.0.1/46681] INFO  server.RaftServerConfigKeys (ConfUtils.java:logGet(46)) - raft.server.data-stream.client.pool.size = 10 (default)
2023-03-23 08:06:07,776 [Listener at 127.0.0.1/46681] INFO  netty.NettyConfigKeys$DataStream (ConfUtils.java:logGet(46)) - raft.netty.dataStream.server.use-epoll = false (default)
2023-03-23 08:06:07,776 [Listener at 127.0.0.1/46681] INFO  netty.NettyConfigKeys$DataStream (ConfUtils.java:logGet(46)) - raft.netty.dataStream.server.boss-group.size = 0 (default)
2023-03-23 08:06:07,777 [Listener at 127.0.0.1/46681] INFO  netty.NettyConfigKeys$DataStream (ConfUtils.java:logGet(46)) - raft.netty.dataStream.server.worker-group.size = 0 (default)
2023-03-23 08:06:07,777 [Listener at 127.0.0.1/46681] INFO  netty.NettyConfigKeys$DataStream (ConfUtils.java:logGet(46)) - raft.netty.dataStream.server.tls.conf = null (default)
2023-03-23 08:06:07,777 [Listener at 127.0.0.1/46681] INFO  netty.NettyConfigKeys$DataStream (ConfUtils.java:logGet(46)) - raft.netty.dataStream.host = null (default)
2023-03-23 08:06:07,777 [Listener at 127.0.0.1/46681] INFO  netty.NettyConfigKeys$DataStream (ConfUtils.java:logGet(46)) - raft.netty.dataStream.port = 0 (default)
2023-03-23 08:06:07,780 [Listener at 127.0.0.1/46681] INFO  server.RaftServerConfigKeys (ConfUtils.java:logGet(46)) - raft.server.threadpool.proxy.cached = true (default)
2023-03-23 08:06:07,780 [Listener at 127.0.0.1/46681] INFO  server.RaftServerConfigKeys (ConfUtils.java:logGet(46)) - raft.server.threadpool.proxy.size = 0 (default)
2023-03-23 08:06:07,780 [Listener at 127.0.0.1/46681] INFO  server.RaftServerConfigKeys (ConfUtils.java:logGet(46)) - raft.server.rpc.slowness.timeout = 300s (custom)
2023-03-23 08:06:07,780 [Listener at 127.0.0.1/46681] INFO  server.RaftServerConfigKeys (ConfUtils.java:logGet(46)) - raft.server.leaderelection.leader.step-down.wait-time = 10s (default)
2023-03-23 08:06:07,780 [Listener at 127.0.0.1/46681] INFO  server.RaftServerConfigKeys (ConfUtils.java:logGet(46)) - raft.server.storage.dir = [/home/runner/work/ozone/ozone/hadoop-ozone/integration-test/target/test-dir/MiniOzoneClusterImpl-83429495-af89-4435-a907-dab059fcfd42/datanode-1/data/ratis] (custom)
2023-03-23 08:06:07,783 [9852ed25-ff4d-4e5e-8bb3-2709f3d2ddbb-NettyServerStreamRpc-bossGroup--thread1] INFO  logging.LoggingHandler (AbstractInternalLogger.java:log(148)) - [id: 0x72de5b91] REGISTERED
2023-03-23 08:06:07,783 [9852ed25-ff4d-4e5e-8bb3-2709f3d2ddbb-NettyServerStreamRpc-bossGroup--thread1] INFO  logging.LoggingHandler (AbstractInternalLogger.java:log(148)) - [id: 0x72de5b91] BIND: 0.0.0.0/0.0.0.0:0
2023-03-23 08:06:07,783 [9852ed25-ff4d-4e5e-8bb3-2709f3d2ddbb-NettyServerStreamRpc-bossGroup--thread1] INFO  logging.LoggingHandler (AbstractInternalLogger.java:log(148)) - [id: 0x72de5b91, L:/0:0:0:0:0:0:0:0:41309] ACTIVE
2023-03-23 08:06:07,785 [Listener at 127.0.0.1/46681] INFO  server.XceiverServerGrpc (XceiverServerGrpc.java:<init>(132)) - GrpcServer channel type EpollServerSocketChannel
2023-03-23 08:06:07,791 [Listener at 127.0.0.1/46681] INFO  http.BaseHttpServer (BaseHttpServer.java:newHttpServer2BuilderForOzone(224)) - Starting Web-server for hddsDatanode at: http://0.0.0.0:0
2023-03-23 08:06:07,791 [Listener at 127.0.0.1/46681] INFO  http.BaseHttpServer (BaseHttpServer.java:<init>(111)) - Hadoop Security Enabled: false Ozone Security Enabled: false Ozone HTTP Security Enabled: false 
2023-03-23 08:06:07,792 [Listener at 127.0.0.1/46681] WARN  server.AuthenticationFilter (AuthenticationFilter.java:constructSecretProvider(240)) - Unable to initialize FileSignerSecretProvider, falling back to use random secrets. Reason: Could not read signature secret file: /home/runner/hadoop-http-auth-signature-secret
2023-03-23 08:06:07,796 [Listener at 127.0.0.1/46681] WARN  http.HttpRequestLog (HttpRequestLog.java:getRequestLog(103)) - Jetty request log can only be enabled using Log4j
2023-03-23 08:06:07,798 [Listener at 127.0.0.1/46681] INFO  http.HttpServer2 (HttpServer2.java:addGlobalFilter(1031)) - Added global filter 'safety' (class=org.apache.hadoop.hdds.server.http.HttpServer2$QuotingInputFilter)
2023-03-23 08:06:07,799 [Listener at 127.0.0.1/46681] INFO  http.HttpServer2 (HttpServer2.java:addFilter(1007)) - Added filter static_user_filter (class=org.apache.hadoop.http.lib.StaticUserWebFilter$StaticUserFilter) to context hddsDatanode
2023-03-23 08:06:07,799 [Listener at 127.0.0.1/46681] INFO  http.HttpServer2 (HttpServer2.java:addFilter(1015)) - Added filter static_user_filter (class=org.apache.hadoop.http.lib.StaticUserWebFilter$StaticUserFilter) to context static
2023-03-23 08:06:07,799 [Listener at 127.0.0.1/46681] INFO  http.HttpServer2 (HttpServer2.java:addFilter(1015)) - Added filter static_user_filter (class=org.apache.hadoop.http.lib.StaticUserWebFilter$StaticUserFilter) to context logs
2023-03-23 08:06:07,800 [Listener at 127.0.0.1/46681] INFO  http.BaseHttpServer (BaseHttpServer.java:<init>(190)) - HTTP server of hddsDatanode uses base directory /home/runner/work/ozone/ozone/hadoop-ozone/integration-test/target/test-dir/MiniOzoneClusterImpl-83429495-af89-4435-a907-dab059fcfd42/datanode-1/meta/webserver
2023-03-23 08:06:07,800 [Listener at 127.0.0.1/46681] INFO  http.HttpServer2 (HttpServer2.java:bindListener(1250)) - Jetty bound to port 44745
2023-03-23 08:06:07,800 [Listener at 127.0.0.1/46681] INFO  server.Server (Server.java:doStart(375)) - jetty-9.4.49.v20220914; built: 2022-09-14T01:07:36.601Z; git: 4231a3b2e4cb8548a412a789936d640a97b1aa0a; jvm 1.8.0_362-b09
2023-03-23 08:06:07,802 [Listener at 127.0.0.1/46681] INFO  server.session (DefaultSessionIdManager.java:doStart(334)) - DefaultSessionIdManager workerName=node0
2023-03-23 08:06:07,802 [Listener at 127.0.0.1/46681] INFO  server.session (DefaultSessionIdManager.java:doStart(339)) - No SessionScavenger set, using defaults
2023-03-23 08:06:07,803 [Listener at 127.0.0.1/46681] INFO  server.session (HouseKeeper.java:startScavenging(132)) - node0 Scavenging every 600000ms
2023-03-23 08:06:07,804 [Listener at 127.0.0.1/46681] INFO  handler.ContextHandler (ContextHandler.java:doStart(921)) - Started o.e.j.s.ServletContextHandler@1750016{logs,/logs,file:///home/runner/work/ozone/ozone/hadoop-ozone/integration-test/target/log,AVAILABLE}
2023-03-23 08:06:07,804 [Listener at 127.0.0.1/46681] INFO  handler.ContextHandler (ContextHandler.java:doStart(921)) - Started o.e.j.s.ServletContextHandler@269607a4{static,/static,jar:file:/home/runner/.m2/repository/org/apache/ozone/hdds-container-service/1.4.0-SNAPSHOT/hdds-container-service-1.4.0-SNAPSHOT.jar!/webapps/static,AVAILABLE}
2023-03-23 08:06:08,031 [Listener at 127.0.0.1/46681] INFO  handler.ContextHandler (ContextHandler.java:doStart(921)) - Started o.e.j.w.WebAppContext@743d075c{hddsDatanode,/,file:///home/runner/work/ozone/ozone/hadoop-ozone/integration-test/target/test-dir/MiniOzoneClusterImpl-83429495-af89-4435-a907-dab059fcfd42/datanode-1/meta/webserver/jetty-0_0_0_0-44745-hdds-container-service-1_4_0-SNAPSHOT_jar-_-any-3940219457202500974/webapp/,AVAILABLE}{jar:file:/home/runner/.m2/repository/org/apache/ozone/hdds-container-service/1.4.0-SNAPSHOT/hdds-container-service-1.4.0-SNAPSHOT.jar!/webapps/hddsDatanode}
2023-03-23 08:06:08,033 [Listener at 127.0.0.1/46681] INFO  server.AbstractConnector (AbstractConnector.java:doStart(333)) - Started ServerConnector@134d4122{HTTP/1.1, (http/1.1)}{0.0.0.0:44745}
2023-03-23 08:06:08,034 [Listener at 127.0.0.1/46681] INFO  server.Server (Server.java:doStart(415)) - Started @67747ms
2023-03-23 08:06:08,034 [Listener at 127.0.0.1/46681] WARN  impl.MetricsSystemImpl (MetricsSystemImpl.java:register(279)) - Sink prometheus already exists!
2023-03-23 08:06:08,035 [Listener at 127.0.0.1/46681] INFO  http.BaseHttpServer (BaseHttpServer.java:updateConnectorAddress(344)) - HTTP server of hddsDatanode listening at http://0.0.0.0:44745
2023-03-23 08:06:08,035 [Listener at 127.0.0.1/46681] WARN  impl.MetricRegistriesImpl (MetricRegistriesImpl.java:addReporterRegistration(111)) - New reporters are added after registries were created. Some metrics will be missing from the reporter. Please add reporter before adding any new registry.
2023-03-23 08:06:08,036 [Listener at 127.0.0.1/46681] WARN  impl.MetricRegistriesImpl (MetricRegistriesImpl.java:addReporterRegistration(111)) - New reporters are added after registries were created. Some metrics will be missing from the reporter. Please add reporter before adding any new registry.
2023-03-23 08:06:08,036 [Listener at 127.0.0.1/46681] INFO  impl.MetricsSystemImpl (MetricsSystemImpl.java:init(158)) - HddsDatanode metrics system started (again)
2023-03-23 08:06:08,040 [Datanode State Machine Daemon Thread] INFO  statemachine.DatanodeStateMachine (DatanodeStateMachine.java:lambda$startDaemon$0(517)) - Ozone container server started.
2023-03-23 08:06:08,049 [org.apache.hadoop.util.JvmPauseMonitor$Monitor@4479a9e7] INFO  util.JvmPauseMonitor (JvmPauseMonitor.java:run(188)) - Starting JVM pause monitor
2023-03-23 08:06:08,052 [Listener at 127.0.0.1/46681] INFO  ozone.HddsDatanodeService (HddsDatanodeService.java:start(249)) - HddsDatanodeService host:fv-az105-497.wy5h1aom0jgehahef1oyr10hrc.bx.internal.cloudapp.net ip:10.1.0.214
2023-03-23 08:06:08,055 [Datanode State Machine Task Thread - 0] INFO  datanode.InitDatanodeState (InitDatanodeState.java:persistContainerDatanodeDetails(138)) - DatanodeDetails is persisted to /home/runner/work/ozone/ozone/hadoop-ozone/integration-test/target/test-dir/MiniOzoneClusterImpl-83429495-af89-4435-a907-dab059fcfd42/datanode-1/meta/datanode.id
2023-03-23 08:06:08,079 [Listener at 127.0.0.1/46681] INFO  upgrade.AbstractLayoutVersionManager (AbstractLayoutVersionManager.java:init(83)) - Initializing Layout version manager with metadata layout = DATANODE_SCHEMA_V3 (version = 4), software layout = DATANODE_SCHEMA_V3 (version = 4)
2023-03-23 08:06:08,134 [Listener at 127.0.0.1/46681] INFO  reflections.Reflections (Reflections.java:scan(232)) - Reflections took 53 ms to scan 7 urls, producing 155 keys and 368 values 
2023-03-23 08:06:08,138 [Listener at 127.0.0.1/46681] INFO  statemachine.DatanodeStateMachine (DatanodeStateMachine.java:getEndPointTaskThreadPoolSize(260)) - Datanode State Machine Task Thread Pool size 2
2023-03-23 08:06:08,142 [Listener at 127.0.0.1/46681] INFO  volume.HddsVolume (HddsVolume.java:<init>(130)) - Creating HddsVolume: /home/runner/work/ozone/ozone/hadoop-ozone/integration-test/target/test-dir/MiniOzoneClusterImpl-83429495-af89-4435-a907-dab059fcfd42/datanode-2/data-0/containers/hdds of storage type : DISK capacity : 9223372036854775807
2023-03-23 08:06:08,143 [Listener at 127.0.0.1/46681] INFO  volume.MutableVolumeSet (MutableVolumeSet.java:initializeVolumeSet(175)) - Added Volume : /home/runner/work/ozone/ozone/hadoop-ozone/integration-test/target/test-dir/MiniOzoneClusterImpl-83429495-af89-4435-a907-dab059fcfd42/datanode-2/data-0/containers/hdds to VolumeSet
2023-03-23 08:06:08,143 [Listener at 127.0.0.1/46681] INFO  volume.ThrottledAsyncChecker (ThrottledAsyncChecker.java:schedule(141)) - Scheduling a check for /home/runner/work/ozone/ozone/hadoop-ozone/integration-test/target/test-dir/MiniOzoneClusterImpl-83429495-af89-4435-a907-dab059fcfd42/datanode-2/data-0/containers/hdds
2023-03-23 08:06:08,144 [Listener at 127.0.0.1/46681] INFO  volume.StorageVolumeChecker (StorageVolumeChecker.java:checkAllVolumes(202)) - Scheduled health check for volume /home/runner/work/ozone/ozone/hadoop-ozone/integration-test/target/test-dir/MiniOzoneClusterImpl-83429495-af89-4435-a907-dab059fcfd42/datanode-2/data-0/containers/hdds
2023-03-23 08:06:08,157 [Listener at 127.0.0.1/46681] INFO  volume.MutableVolumeSet (MutableVolumeSet.java:initializeVolumeSet(175)) - Added Volume : /home/runner/work/ozone/ozone/hadoop-ozone/integration-test/target/test-dir/MiniOzoneClusterImpl-83429495-af89-4435-a907-dab059fcfd42/datanode-2/data/ratis to VolumeSet
2023-03-23 08:06:08,157 [Listener at 127.0.0.1/46681] INFO  volume.ThrottledAsyncChecker (ThrottledAsyncChecker.java:schedule(141)) - Scheduling a check for /home/runner/work/ozone/ozone/hadoop-ozone/integration-test/target/test-dir/MiniOzoneClusterImpl-83429495-af89-4435-a907-dab059fcfd42/datanode-2/data/ratis
2023-03-23 08:06:08,157 [Listener at 127.0.0.1/46681] INFO  volume.StorageVolumeChecker (StorageVolumeChecker.java:checkAllVolumes(202)) - Scheduled health check for volume /home/runner/work/ozone/ozone/hadoop-ozone/integration-test/target/test-dir/MiniOzoneClusterImpl-83429495-af89-4435-a907-dab059fcfd42/datanode-2/data/ratis
2023-03-23 08:06:08,176 [Thread-1018] INFO  ozoneimpl.ContainerReader (ContainerReader.java:readVolume(175)) - Finish verifying containers on volume /home/runner/work/ozone/ozone/hadoop-ozone/integration-test/target/test-dir/MiniOzoneClusterImpl-83429495-af89-4435-a907-dab059fcfd42/datanode-2/data-0/containers/hdds
2023-03-23 08:06:08,176 [Listener at 127.0.0.1/46681] INFO  ozoneimpl.OzoneContainer (OzoneContainer.java:buildContainerSet(307)) - Build ContainerSet costs 0s
2023-03-23 08:06:08,184 [Listener at 127.0.0.1/46681] INFO  server.RaftServer (ConfUtils.java:logGet(46)) - raft.rpc.type = GRPC (default)
2023-03-23 08:06:08,184 [Listener at 127.0.0.1/46681] INFO  grpc.GrpcConfigKeys (ConfUtils.java:logFallback(53)) - raft.grpc.admin.host = null (fallback to raft.grpc.server.host)
2023-03-23 08:06:08,184 [Listener at 127.0.0.1/46681] INFO  grpc.GrpcConfigKeys (ConfUtils.java:logGet(46)) - raft.grpc.admin.port = 0 (custom)
2023-03-23 08:06:08,186 [Listener at 127.0.0.1/46681] INFO  grpc.GrpcConfigKeys (ConfUtils.java:logFallback(53)) - raft.grpc.client.host = null (fallback to raft.grpc.server.host)
2023-03-23 08:06:08,187 [Listener at 127.0.0.1/46681] INFO  grpc.GrpcConfigKeys (ConfUtils.java:logGet(46)) - raft.grpc.client.port = 0 (custom)
2023-03-23 08:06:08,187 [Listener at 127.0.0.1/46681] INFO  grpc.GrpcConfigKeys (ConfUtils.java:logGet(46)) - raft.grpc.server.host = null (default)
2023-03-23 08:06:08,188 [Listener at 127.0.0.1/46681] INFO  grpc.GrpcConfigKeys (ConfUtils.java:logGet(46)) - raft.grpc.server.port = 0 (default)
2023-03-23 08:06:08,188 [Listener at 127.0.0.1/46681] INFO  server.GrpcService (ConfUtils.java:logGet(46)) - raft.grpc.message.size.max = 32MB (=33554432) (custom)
2023-03-23 08:06:08,188 [Listener at 127.0.0.1/46681] INFO  server.RaftServerConfigKeys (ConfUtils.java:logGet(46)) - raft.server.log.appender.buffer.byte-limit = 33554432 (custom)
2023-03-23 08:06:08,188 [Listener at 127.0.0.1/46681] INFO  server.GrpcService (ConfUtils.java:logGet(46)) - raft.grpc.flow.control.window = 5MB (=5242880) (custom)
2023-03-23 08:06:08,189 [Listener at 127.0.0.1/46681] INFO  server.RaftServerConfigKeys (ConfUtils.java:logGet(46)) - raft.server.rpc.request.timeout = 60s (custom)
2023-03-23 08:06:08,189 [Listener at 127.0.0.1/46681] INFO  grpc.GrpcConfigKeys (ConfUtils.java:logGet(46)) - raft.grpc.server.heartbeat.channel = true (default)
2023-03-23 08:06:08,189 [Listener at 127.0.0.1/46681] INFO  grpc.GrpcConfigKeys (ConfUtils.java:logGet(46)) - raft.grpc.server.async.request.thread.pool.cached = true (default)
2023-03-23 08:06:08,189 [Listener at 127.0.0.1/46681] INFO  grpc.GrpcConfigKeys (ConfUtils.java:logGet(46)) - raft.grpc.server.async.request.thread.pool.size = 32 (default)
2023-03-23 08:06:08,191 [Listener at 127.0.0.1/46681] INFO  impl.DataStreamServerImpl (ConfUtils.java:logGet(46)) - raft.datastream.type = NETTY (custom)
2023-03-23 08:06:08,191 [Listener at 127.0.0.1/46681] INFO  server.RaftServerConfigKeys (ConfUtils.java:logGet(46)) - raft.server.data-stream.async.request.thread.pool.cached = false (default)
2023-03-23 08:06:08,192 [Listener at 127.0.0.1/46681] INFO  server.RaftServerConfigKeys (ConfUtils.java:logGet(46)) - raft.server.data-stream.async.request.thread.pool.size = 20 (custom)
2023-03-23 08:06:08,192 [Listener at 127.0.0.1/46681] INFO  server.RaftServerConfigKeys (ConfUtils.java:logGet(46)) - raft.server.data-stream.async.write.thread.pool.size = 16 (default)
2023-03-23 08:06:08,192 [Listener at 127.0.0.1/46681] INFO  server.RaftServerConfigKeys (ConfUtils.java:logGet(46)) - raft.server.data-stream.client.pool.size = 10 (default)
2023-03-23 08:06:08,192 [Listener at 127.0.0.1/46681] INFO  netty.NettyConfigKeys$DataStream (ConfUtils.java:logGet(46)) - raft.netty.dataStream.server.use-epoll = false (default)
2023-03-23 08:06:08,192 [Listener at 127.0.0.1/46681] INFO  netty.NettyConfigKeys$DataStream (ConfUtils.java:logGet(46)) - raft.netty.dataStream.server.boss-group.size = 0 (default)
2023-03-23 08:06:08,193 [Listener at 127.0.0.1/46681] INFO  netty.NettyConfigKeys$DataStream (ConfUtils.java:logGet(46)) - raft.netty.dataStream.server.worker-group.size = 0 (default)
2023-03-23 08:06:08,194 [Listener at 127.0.0.1/46681] INFO  netty.NettyConfigKeys$DataStream (ConfUtils.java:logGet(46)) - raft.netty.dataStream.server.tls.conf = null (default)
2023-03-23 08:06:08,194 [Listener at 127.0.0.1/46681] INFO  netty.NettyConfigKeys$DataStream (ConfUtils.java:logGet(46)) - raft.netty.dataStream.host = null (default)
2023-03-23 08:06:08,194 [Listener at 127.0.0.1/46681] INFO  netty.NettyConfigKeys$DataStream (ConfUtils.java:logGet(46)) - raft.netty.dataStream.port = 0 (default)
2023-03-23 08:06:08,195 [Listener at 127.0.0.1/46681] INFO  server.RaftServerConfigKeys (ConfUtils.java:logGet(46)) - raft.server.threadpool.proxy.cached = true (default)
2023-03-23 08:06:08,196 [Listener at 127.0.0.1/46681] INFO  server.RaftServerConfigKeys (ConfUtils.java:logGet(46)) - raft.server.threadpool.proxy.size = 0 (default)
2023-03-23 08:06:08,196 [2b202a02-6273-4262-ac40-cc676055620c-NettyServerStreamRpc-bossGroup--thread1] INFO  logging.LoggingHandler (AbstractInternalLogger.java:log(148)) - [id: 0x5e3c214d] REGISTERED
2023-03-23 08:06:08,198 [2b202a02-6273-4262-ac40-cc676055620c-NettyServerStreamRpc-bossGroup--thread1] INFO  logging.LoggingHandler (AbstractInternalLogger.java:log(148)) - [id: 0x5e3c214d] BIND: 0.0.0.0/0.0.0.0:0
2023-03-23 08:06:08,198 [2b202a02-6273-4262-ac40-cc676055620c-NettyServerStreamRpc-bossGroup--thread1] INFO  logging.LoggingHandler (AbstractInternalLogger.java:log(148)) - [id: 0x5e3c214d, L:/0:0:0:0:0:0:0:0:42641] ACTIVE
2023-03-23 08:06:08,196 [Listener at 127.0.0.1/46681] INFO  server.RaftServerConfigKeys (ConfUtils.java:logGet(46)) - raft.server.rpc.slowness.timeout = 300s (custom)
2023-03-23 08:06:08,198 [Listener at 127.0.0.1/46681] INFO  server.RaftServerConfigKeys (ConfUtils.java:logGet(46)) - raft.server.leaderelection.leader.step-down.wait-time = 10s (default)
2023-03-23 08:06:08,198 [Listener at 127.0.0.1/46681] INFO  server.RaftServerConfigKeys (ConfUtils.java:logGet(46)) - raft.server.storage.dir = [/home/runner/work/ozone/ozone/hadoop-ozone/integration-test/target/test-dir/MiniOzoneClusterImpl-83429495-af89-4435-a907-dab059fcfd42/datanode-2/data/ratis] (custom)
2023-03-23 08:06:08,208 [Listener at 127.0.0.1/46681] INFO  server.XceiverServerGrpc (XceiverServerGrpc.java:<init>(132)) - GrpcServer channel type EpollServerSocketChannel
2023-03-23 08:06:08,214 [Listener at 127.0.0.1/46681] INFO  http.BaseHttpServer (BaseHttpServer.java:newHttpServer2BuilderForOzone(224)) - Starting Web-server for hddsDatanode at: http://0.0.0.0:0
2023-03-23 08:06:08,214 [Listener at 127.0.0.1/46681] INFO  http.BaseHttpServer (BaseHttpServer.java:<init>(111)) - Hadoop Security Enabled: false Ozone Security Enabled: false Ozone HTTP Security Enabled: false 
2023-03-23 08:06:08,215 [Listener at 127.0.0.1/46681] WARN  server.AuthenticationFilter (AuthenticationFilter.java:constructSecretProvider(240)) - Unable to initialize FileSignerSecretProvider, falling back to use random secrets. Reason: Could not read signature secret file: /home/runner/hadoop-http-auth-signature-secret
2023-03-23 08:06:08,216 [Listener at 127.0.0.1/46681] WARN  http.HttpRequestLog (HttpRequestLog.java:getRequestLog(103)) - Jetty request log can only be enabled using Log4j
2023-03-23 08:06:08,218 [Listener at 127.0.0.1/46681] INFO  http.HttpServer2 (HttpServer2.java:addGlobalFilter(1031)) - Added global filter 'safety' (class=org.apache.hadoop.hdds.server.http.HttpServer2$QuotingInputFilter)
2023-03-23 08:06:08,219 [Listener at 127.0.0.1/46681] INFO  http.HttpServer2 (HttpServer2.java:addFilter(1007)) - Added filter static_user_filter (class=org.apache.hadoop.http.lib.StaticUserWebFilter$StaticUserFilter) to context hddsDatanode
2023-03-23 08:06:08,219 [Listener at 127.0.0.1/46681] INFO  http.HttpServer2 (HttpServer2.java:addFilter(1015)) - Added filter static_user_filter (class=org.apache.hadoop.http.lib.StaticUserWebFilter$StaticUserFilter) to context logs
2023-03-23 08:06:08,219 [Listener at 127.0.0.1/46681] INFO  http.HttpServer2 (HttpServer2.java:addFilter(1015)) - Added filter static_user_filter (class=org.apache.hadoop.http.lib.StaticUserWebFilter$StaticUserFilter) to context static
2023-03-23 08:06:08,220 [Listener at 127.0.0.1/46681] INFO  http.BaseHttpServer (BaseHttpServer.java:<init>(190)) - HTTP server of hddsDatanode uses base directory /home/runner/work/ozone/ozone/hadoop-ozone/integration-test/target/test-dir/MiniOzoneClusterImpl-83429495-af89-4435-a907-dab059fcfd42/datanode-2/meta/webserver
2023-03-23 08:06:08,220 [Listener at 127.0.0.1/46681] INFO  http.HttpServer2 (HttpServer2.java:bindListener(1250)) - Jetty bound to port 37925
2023-03-23 08:06:08,220 [Listener at 127.0.0.1/46681] INFO  server.Server (Server.java:doStart(375)) - jetty-9.4.49.v20220914; built: 2022-09-14T01:07:36.601Z; git: 4231a3b2e4cb8548a412a789936d640a97b1aa0a; jvm 1.8.0_362-b09
2023-03-23 08:06:08,221 [Listener at 127.0.0.1/46681] INFO  server.session (DefaultSessionIdManager.java:doStart(334)) - DefaultSessionIdManager workerName=node0
2023-03-23 08:06:08,222 [Listener at 127.0.0.1/46681] INFO  server.session (DefaultSessionIdManager.java:doStart(339)) - No SessionScavenger set, using defaults
2023-03-23 08:06:08,222 [Listener at 127.0.0.1/46681] INFO  server.session (HouseKeeper.java:startScavenging(132)) - node0 Scavenging every 660000ms
2023-03-23 08:06:08,223 [Listener at 127.0.0.1/46681] INFO  handler.ContextHandler (ContextHandler.java:doStart(921)) - Started o.e.j.s.ServletContextHandler@1dab882e{logs,/logs,file:///home/runner/work/ozone/ozone/hadoop-ozone/integration-test/target/log,AVAILABLE}
2023-03-23 08:06:08,223 [Listener at 127.0.0.1/46681] INFO  handler.ContextHandler (ContextHandler.java:doStart(921)) - Started o.e.j.s.ServletContextHandler@b3da187{static,/static,jar:file:/home/runner/.m2/repository/org/apache/ozone/hdds-container-service/1.4.0-SNAPSHOT/hdds-container-service-1.4.0-SNAPSHOT.jar!/webapps/static,AVAILABLE}
2023-03-23 08:06:08,258 [om1@group-C5BA1605619E-FollowerState] INFO  impl.FollowerState (FollowerState.java:run(143)) - om1@group-C5BA1605619E-FollowerState: change to CANDIDATE, lastRpcElapsedTime:1116809334ns, electionTimeout:1116ms
2023-03-23 08:06:08,258 [om1@group-C5BA1605619E-FollowerState] INFO  impl.RoleInfo (RoleInfo.java:shutdownFollowerState(110)) - om1: shutdown om1@group-C5BA1605619E-FollowerState
2023-03-23 08:06:08,258 [om1@group-C5BA1605619E-FollowerState] INFO  server.RaftServer$Division (RaftServerImpl.java:setRole(321)) - om1@group-C5BA1605619E: changes role from  FOLLOWER to CANDIDATE at term 0 for changeToCandidate
2023-03-23 08:06:08,258 [om1@group-C5BA1605619E-FollowerState] INFO  server.RaftServerConfigKeys (ConfUtils.java:logGet(46)) - raft.server.leaderelection.pre-vote = true (default)
2023-03-23 08:06:08,258 [om1@group-C5BA1605619E-FollowerState] INFO  impl.RoleInfo (RoleInfo.java:updateAndGet(139)) - om1: start om1@group-C5BA1605619E-LeaderElection6
2023-03-23 08:06:08,260 [om1@group-C5BA1605619E-LeaderElection6] INFO  impl.LeaderElection (LeaderElection.java:askForVotes(312)) - om1@group-C5BA1605619E-LeaderElection6 PRE_VOTE round 0: submit vote requests at term 0 for -1: peers:[om1|rpc:localhost:9872|priority:0|startupRole:FOLLOWER]|listeners:[], old=null
2023-03-23 08:06:08,260 [om1@group-C5BA1605619E-LeaderElection6] INFO  impl.LeaderElection (LeaderElection.java:askForVotes(314)) - om1@group-C5BA1605619E-LeaderElection6 PRE_VOTE round 0: result PASSED (term=0)
2023-03-23 08:06:08,263 [om1@group-C5BA1605619E-LeaderElection6] INFO  impl.LeaderElection (LeaderElection.java:askForVotes(312)) - om1@group-C5BA1605619E-LeaderElection6 ELECTION round 0: submit vote requests at term 1 for -1: peers:[om1|rpc:localhost:9872|priority:0|startupRole:FOLLOWER]|listeners:[], old=null
2023-03-23 08:06:08,263 [om1@group-C5BA1605619E-LeaderElection6] INFO  impl.LeaderElection (LeaderElection.java:askForVotes(314)) - om1@group-C5BA1605619E-LeaderElection6 ELECTION round 0: result PASSED (term=1)
2023-03-23 08:06:08,263 [om1@group-C5BA1605619E-LeaderElection6] INFO  impl.RoleInfo (RoleInfo.java:shutdownLeaderElection(130)) - om1: shutdown om1@group-C5BA1605619E-LeaderElection6
2023-03-23 08:06:08,263 [om1@group-C5BA1605619E-LeaderElection6] INFO  server.RaftServer$Division (RaftServerImpl.java:setRole(321)) - om1@group-C5BA1605619E: changes role from CANDIDATE to LEADER at term 1 for changeToLeader
2023-03-23 08:06:08,263 [om1@group-C5BA1605619E-LeaderElection6] INFO  server.RaftServer$Division (ServerState.java:setLeader(313)) - om1@group-C5BA1605619E: change Leader from null to om1 at term 1 for becomeLeader, leader elected after 1716ms
2023-03-23 08:06:08,263 [om1@group-C5BA1605619E-LeaderElection6] INFO  server.RaftServerConfigKeys (ConfUtils.java:logGet(46)) - raft.server.staging.catchup.gap = 1000 (default)
2023-03-23 08:06:08,263 [om1@group-C5BA1605619E-LeaderElection6] INFO  server.RaftServerConfigKeys (ConfUtils.java:logGet(46)) - raft.server.write.element-limit = 4096 (default)
2023-03-23 08:06:08,263 [om1@group-C5BA1605619E-LeaderElection6] INFO  server.RaftServerConfigKeys (ConfUtils.java:logGet(46)) - raft.server.write.byte-limit = 64MB (=67108864) (default)
2023-03-23 08:06:08,263 [om1@group-C5BA1605619E-LeaderElection6] INFO  server.RaftServerConfigKeys (ConfUtils.java:logGet(46)) - raft.server.watch.timeout = 10s (default)
2023-03-23 08:06:08,264 [om1@group-C5BA1605619E-LeaderElection6] INFO  server.RaftServerConfigKeys (ConfUtils.java:logGet(46)) - raft.server.watch.timeout.denomination = 1s (default)
2023-03-23 08:06:08,264 [om1@group-C5BA1605619E-LeaderElection6] INFO  server.RaftServerConfigKeys (ConfUtils.java:logGet(46)) - raft.server.watch.element-limit = 65536 (default)
2023-03-23 08:06:08,264 [om1@group-C5BA1605619E-LeaderElection6] INFO  server.RaftServerConfigKeys (ConfUtils.java:logGet(46)) - raft.server.write.element-limit = 4096 (default)
2023-03-23 08:06:08,264 [om1@group-C5BA1605619E-LeaderElection6] INFO  server.RaftServerConfigKeys (ConfUtils.java:logGet(46)) - raft.server.write.follower.gap.ratio.max = -1.0 (default)
2023-03-23 08:06:08,264 [om1@group-C5BA1605619E-LeaderElection6] INFO  impl.RoleInfo (RoleInfo.java:updateAndGet(139)) - om1: start om1@group-C5BA1605619E-LeaderStateImpl
2023-03-23 08:06:08,271 [om1@group-C5BA1605619E-LeaderElection6] INFO  segmented.SegmentedRaftLogWorker (SegmentedRaftLogWorker.java:startLogSegment(452)) - om1@group-C5BA1605619E-SegmentedRaftLogWorker: Starting segment from index:0
2023-03-23 08:06:08,278 [om1@group-C5BA1605619E-LeaderElection6] INFO  server.RaftServer$Division (ServerState.java:setRaftConf(430)) - om1@group-C5BA1605619E: set configuration 0: peers:[om1|rpc:localhost:9872|admin:|client:|dataStream:|priority:0|startupRole:FOLLOWER]|listeners:[], old=null
2023-03-23 08:06:08,284 [om1@group-C5BA1605619E-SegmentedRaftLogWorker] INFO  segmented.SegmentedRaftLogWorker (SegmentedRaftLogWorker.java:execute(656)) - om1@group-C5BA1605619E-SegmentedRaftLogWorker: created new log segment /home/runner/work/ozone/ozone/hadoop-ozone/integration-test/target/test-dir/MiniOzoneClusterImpl-83429495-af89-4435-a907-dab059fcfd42/ozone-meta/ratis/bf265839-605b-3f16-9796-c5ba1605619e/current/log_inprogress_0
2023-03-23 08:06:08,285 [om1@group-C5BA1605619E-StateMachineUpdater] INFO  ratis.OzoneManagerStateMachine (OzoneManagerStateMachine.java:notifyConfigurationChanged(192)) - Received Configuration change notification from Ratis. New Peer list:
[id: "om1"
address: "localhost:9872"
startupRole: FOLLOWER
]
2023-03-23 08:06:08,461 [Listener at 127.0.0.1/46681] INFO  handler.ContextHandler (ContextHandler.java:doStart(921)) - Started o.e.j.w.WebAppContext@34feaae{hddsDatanode,/,file:///home/runner/work/ozone/ozone/hadoop-ozone/integration-test/target/test-dir/MiniOzoneClusterImpl-83429495-af89-4435-a907-dab059fcfd42/datanode-2/meta/webserver/jetty-0_0_0_0-37925-hdds-container-service-1_4_0-SNAPSHOT_jar-_-any-6207614676809361902/webapp/,AVAILABLE}{jar:file:/home/runner/.m2/repository/org/apache/ozone/hdds-container-service/1.4.0-SNAPSHOT/hdds-container-service-1.4.0-SNAPSHOT.jar!/webapps/hddsDatanode}
2023-03-23 08:06:08,463 [Listener at 127.0.0.1/46681] INFO  server.AbstractConnector (AbstractConnector.java:doStart(333)) - Started ServerConnector@5ab4791d{HTTP/1.1, (http/1.1)}{0.0.0.0:37925}
2023-03-23 08:06:08,464 [Listener at 127.0.0.1/46681] INFO  server.Server (Server.java:doStart(415)) - Started @68177ms
2023-03-23 08:06:08,464 [Listener at 127.0.0.1/46681] WARN  impl.MetricsSystemImpl (MetricsSystemImpl.java:register(279)) - Sink prometheus already exists!
2023-03-23 08:06:08,465 [Listener at 127.0.0.1/46681] INFO  http.BaseHttpServer (BaseHttpServer.java:updateConnectorAddress(344)) - HTTP server of hddsDatanode listening at http://0.0.0.0:37925
2023-03-23 08:06:08,465 [Datanode State Machine Daemon Thread] INFO  statemachine.DatanodeStateMachine (DatanodeStateMachine.java:lambda$startDaemon$0(517)) - Ozone container server started.
2023-03-23 08:06:08,472 [Listener at 127.0.0.1/46681] INFO  ozone.MiniOzoneClusterImpl (MiniOzoneClusterImpl.java:lambda$waitForClusterToBeReady$0(222)) - Waiting for nodes to be ready. Got 0 of 3 DN Heartbeats.
2023-03-23 08:06:08,473 [Listener at 127.0.0.1/46681] INFO  ozone.MiniOzoneClusterImpl (MiniOzoneClusterImpl.java:lambda$waitForClusterToBeReady$0(225)) - Waiting for cluster to exit safe mode
2023-03-23 08:06:08,473 [Listener at 127.0.0.1/46681] INFO  ozone.MiniOzoneClusterImpl (MiniOzoneClusterImpl.java:lambda$waitForClusterToBeReady$0(227)) - SCM became leader
2023-03-23 08:06:08,474 [org.apache.hadoop.util.JvmPauseMonitor$Monitor@3ecd06fb] INFO  util.JvmPauseMonitor (JvmPauseMonitor.java:run(188)) - Starting JVM pause monitor
2023-03-23 08:06:08,475 [Datanode State Machine Task Thread - 0] INFO  datanode.InitDatanodeState (InitDatanodeState.java:persistContainerDatanodeDetails(138)) - DatanodeDetails is persisted to /home/runner/work/ozone/ozone/hadoop-ozone/integration-test/target/test-dir/MiniOzoneClusterImpl-83429495-af89-4435-a907-dab059fcfd42/datanode-2/meta/datanode.id
2023-03-23 08:06:09,473 [Listener at 127.0.0.1/46681] INFO  ozone.MiniOzoneClusterImpl (MiniOzoneClusterImpl.java:lambda$waitForClusterToBeReady$0(222)) - Waiting for nodes to be ready. Got 0 of 3 DN Heartbeats.
2023-03-23 08:06:09,474 [Listener at 127.0.0.1/46681] INFO  ozone.MiniOzoneClusterImpl (MiniOzoneClusterImpl.java:lambda$waitForClusterToBeReady$0(225)) - Waiting for cluster to exit safe mode
2023-03-23 08:06:09,474 [Listener at 127.0.0.1/46681] INFO  ozone.MiniOzoneClusterImpl (MiniOzoneClusterImpl.java:lambda$waitForClusterToBeReady$0(227)) - SCM became leader
2023-03-23 08:06:09,686 [EndpointStateMachine task thread for /0.0.0.0:45541 - 0 ] INFO  utils.DatanodeStoreCache (DatanodeStoreCache.java:addDB(58)) - Added db /home/runner/work/ozone/ozone/hadoop-ozone/integration-test/target/test-dir/MiniOzoneClusterImpl-83429495-af89-4435-a907-dab059fcfd42/datanode-0/data-0/containers/hdds/83429495-af89-4435-a907-dab059fcfd42/DS-318da820-e515-4182-b7c6-2eb5aeffd6df/container.db to cache
2023-03-23 08:06:09,686 [EndpointStateMachine task thread for /0.0.0.0:45541 - 0 ] INFO  volume.HddsVolume (HddsVolume.java:createDbStore(350)) - SchemaV3 db is created and loaded at /home/runner/work/ozone/ozone/hadoop-ozone/integration-test/target/test-dir/MiniOzoneClusterImpl-83429495-af89-4435-a907-dab059fcfd42/datanode-0/data-0/containers/hdds/83429495-af89-4435-a907-dab059fcfd42/DS-318da820-e515-4182-b7c6-2eb5aeffd6df/container.db for volume DS-318da820-e515-4182-b7c6-2eb5aeffd6df
2023-03-23 08:06:09,687 [EndpointStateMachine task thread for /0.0.0.0:45541 - 0 ] INFO  ozoneimpl.OzoneContainer (OzoneContainer.java:start(401)) - Attempting to start container services.
2023-03-23 08:06:09,687 [EndpointStateMachine task thread for /0.0.0.0:45541 - 0 ] INFO  ozoneimpl.OzoneContainer (OzoneContainer.java:startContainerScrub(318)) - Scheduled background container scanners and the on-demand container scanner have been disabled.
2023-03-23 08:06:09,689 [EndpointStateMachine task thread for /0.0.0.0:45541 - 0 ] INFO  replication.ReplicationServer (ReplicationServer.java:start(109)) - ReplicationServer is started using port 45775
2023-03-23 08:06:09,689 [EndpointStateMachine task thread for /0.0.0.0:45541 - 0 ] INFO  ratis.XceiverServerRatis (XceiverServerRatis.java:start(518)) - Starting XceiverServerRatis 0838c789-5be6-4b53-844e-73c82c080a18
2023-03-23 08:06:09,690 [EndpointStateMachine task thread for /0.0.0.0:45541 - 0 ] INFO  server.RaftServer (RaftServerProxy.java:startImpl(393)) - 0838c789-5be6-4b53-844e-73c82c080a18: start RPC server
2023-03-23 08:06:09,695 [EndpointStateMachine task thread for /0.0.0.0:45541 - 0 ] INFO  server.GrpcService (GrpcService.java:startImpl(262)) - 0838c789-5be6-4b53-844e-73c82c080a18: GrpcService started, listening on 41851
2023-03-23 08:06:09,695 [EndpointStateMachine task thread for /0.0.0.0:45541 - 0 ] INFO  ratis.XceiverServerRatis (XceiverServerRatis.java:getRealPort(544)) - XceiverServerRatis 0838c789-5be6-4b53-844e-73c82c080a18 is started using port 41851 for RATIS
2023-03-23 08:06:09,695 [EndpointStateMachine task thread for /0.0.0.0:45541 - 0 ] INFO  ratis.XceiverServerRatis (XceiverServerRatis.java:getRealPort(544)) - XceiverServerRatis 0838c789-5be6-4b53-844e-73c82c080a18 is started using port 41851 for RATIS_ADMIN
2023-03-23 08:06:09,695 [JvmPauseMonitor9] INFO  util.JvmPauseMonitor (JvmPauseMonitor.java:run(105)) - JvmPauseMonitor-0838c789-5be6-4b53-844e-73c82c080a18: Started
2023-03-23 08:06:09,695 [EndpointStateMachine task thread for /0.0.0.0:45541 - 0 ] INFO  ratis.XceiverServerRatis (XceiverServerRatis.java:getRealPort(544)) - XceiverServerRatis 0838c789-5be6-4b53-844e-73c82c080a18 is started using port 41851 for RATIS_SERVER
2023-03-23 08:06:09,695 [EndpointStateMachine task thread for /0.0.0.0:45541 - 0 ] INFO  ratis.XceiverServerRatis (XceiverServerRatis.java:getRealPort(544)) - XceiverServerRatis 0838c789-5be6-4b53-844e-73c82c080a18 is started using port 40921 for RATIS_DATASTREAM
2023-03-23 08:06:09,698 [EndpointStateMachine task thread for /0.0.0.0:45541 - 0 ] INFO  server.XceiverServerGrpc (XceiverServerGrpc.java:start(180)) - XceiverServerGrpc 0838c789-5be6-4b53-844e-73c82c080a18 is started using port 34609
2023-03-23 08:06:09,699 [BlockDeletingService#0] INFO  interfaces.ContainerDeletionChoosingPolicyTemplate (ContainerDeletionChoosingPolicyTemplate.java:chooseContainerForBlockDeletion(83)) - Chosen 0/5000 blocks from 0 candidate containers.
2023-03-23 08:06:09,799 [BlockDeletingService#0] INFO  interfaces.ContainerDeletionChoosingPolicyTemplate (ContainerDeletionChoosingPolicyTemplate.java:chooseContainerForBlockDeletion(83)) - Chosen 0/5000 blocks from 0 candidate containers.
2023-03-23 08:06:09,900 [BlockDeletingService#1] INFO  interfaces.ContainerDeletionChoosingPolicyTemplate (ContainerDeletionChoosingPolicyTemplate.java:chooseContainerForBlockDeletion(83)) - Chosen 0/5000 blocks from 0 candidate containers.
2023-03-23 08:06:10,000 [BlockDeletingService#0] INFO  interfaces.ContainerDeletionChoosingPolicyTemplate (ContainerDeletionChoosingPolicyTemplate.java:chooseContainerForBlockDeletion(83)) - Chosen 0/5000 blocks from 0 candidate containers.
2023-03-23 08:06:10,086 [EndpointStateMachine task thread for /0.0.0.0:45541 - 0 ] INFO  utils.DatanodeStoreCache (DatanodeStoreCache.java:addDB(58)) - Added db /home/runner/work/ozone/ozone/hadoop-ozone/integration-test/target/test-dir/MiniOzoneClusterImpl-83429495-af89-4435-a907-dab059fcfd42/datanode-1/data-0/containers/hdds/83429495-af89-4435-a907-dab059fcfd42/DS-561e549f-e261-492c-a3b4-92be40a5b223/container.db to cache
2023-03-23 08:06:10,087 [EndpointStateMachine task thread for /0.0.0.0:45541 - 0 ] INFO  volume.HddsVolume (HddsVolume.java:createDbStore(350)) - SchemaV3 db is created and loaded at /home/runner/work/ozone/ozone/hadoop-ozone/integration-test/target/test-dir/MiniOzoneClusterImpl-83429495-af89-4435-a907-dab059fcfd42/datanode-1/data-0/containers/hdds/83429495-af89-4435-a907-dab059fcfd42/DS-561e549f-e261-492c-a3b4-92be40a5b223/container.db for volume DS-561e549f-e261-492c-a3b4-92be40a5b223
2023-03-23 08:06:10,087 [EndpointStateMachine task thread for /0.0.0.0:45541 - 0 ] INFO  ozoneimpl.OzoneContainer (OzoneContainer.java:start(401)) - Attempting to start container services.
2023-03-23 08:06:10,087 [EndpointStateMachine task thread for /0.0.0.0:45541 - 0 ] INFO  ozoneimpl.OzoneContainer (OzoneContainer.java:startContainerScrub(318)) - Scheduled background container scanners and the on-demand container scanner have been disabled.
2023-03-23 08:06:10,089 [EndpointStateMachine task thread for /0.0.0.0:45541 - 0 ] INFO  replication.ReplicationServer (ReplicationServer.java:start(109)) - ReplicationServer is started using port 35553
2023-03-23 08:06:10,090 [EndpointStateMachine task thread for /0.0.0.0:45541 - 0 ] INFO  ratis.XceiverServerRatis (XceiverServerRatis.java:start(518)) - Starting XceiverServerRatis 9852ed25-ff4d-4e5e-8bb3-2709f3d2ddbb
2023-03-23 08:06:10,090 [EndpointStateMachine task thread for /0.0.0.0:45541 - 0 ] INFO  server.RaftServer (RaftServerProxy.java:startImpl(393)) - 9852ed25-ff4d-4e5e-8bb3-2709f3d2ddbb: start RPC server
2023-03-23 08:06:10,092 [EndpointStateMachine task thread for /0.0.0.0:45541 - 0 ] INFO  server.GrpcService (GrpcService.java:startImpl(262)) - 9852ed25-ff4d-4e5e-8bb3-2709f3d2ddbb: GrpcService started, listening on 42709
2023-03-23 08:06:10,092 [EndpointStateMachine task thread for /0.0.0.0:45541 - 0 ] INFO  ratis.XceiverServerRatis (XceiverServerRatis.java:getRealPort(544)) - XceiverServerRatis 9852ed25-ff4d-4e5e-8bb3-2709f3d2ddbb is started using port 42709 for RATIS
2023-03-23 08:06:10,092 [JvmPauseMonitor10] INFO  util.JvmPauseMonitor (JvmPauseMonitor.java:run(105)) - JvmPauseMonitor-9852ed25-ff4d-4e5e-8bb3-2709f3d2ddbb: Started
2023-03-23 08:06:10,092 [EndpointStateMachine task thread for /0.0.0.0:45541 - 0 ] INFO  ratis.XceiverServerRatis (XceiverServerRatis.java:getRealPort(544)) - XceiverServerRatis 9852ed25-ff4d-4e5e-8bb3-2709f3d2ddbb is started using port 42709 for RATIS_ADMIN
2023-03-23 08:06:10,092 [EndpointStateMachine task thread for /0.0.0.0:45541 - 0 ] INFO  ratis.XceiverServerRatis (XceiverServerRatis.java:getRealPort(544)) - XceiverServerRatis 9852ed25-ff4d-4e5e-8bb3-2709f3d2ddbb is started using port 42709 for RATIS_SERVER
2023-03-23 08:06:10,092 [EndpointStateMachine task thread for /0.0.0.0:45541 - 0 ] INFO  ratis.XceiverServerRatis (XceiverServerRatis.java:getRealPort(544)) - XceiverServerRatis 9852ed25-ff4d-4e5e-8bb3-2709f3d2ddbb is started using port 41309 for RATIS_DATASTREAM
2023-03-23 08:06:10,098 [EndpointStateMachine task thread for /0.0.0.0:45541 - 0 ] INFO  server.XceiverServerGrpc (XceiverServerGrpc.java:start(180)) - XceiverServerGrpc 9852ed25-ff4d-4e5e-8bb3-2709f3d2ddbb is started using port 38495
2023-03-23 08:06:10,100 [BlockDeletingService#0] INFO  interfaces.ContainerDeletionChoosingPolicyTemplate (ContainerDeletionChoosingPolicyTemplate.java:chooseContainerForBlockDeletion(83)) - Chosen 0/5000 blocks from 0 candidate containers.
2023-03-23 08:06:10,101 [BlockDeletingService#2] INFO  interfaces.ContainerDeletionChoosingPolicyTemplate (ContainerDeletionChoosingPolicyTemplate.java:chooseContainerForBlockDeletion(83)) - Chosen 0/5000 blocks from 0 candidate containers.
2023-03-23 08:06:10,200 [BlockDeletingService#0] INFO  interfaces.ContainerDeletionChoosingPolicyTemplate (ContainerDeletionChoosingPolicyTemplate.java:chooseContainerForBlockDeletion(83)) - Chosen 0/5000 blocks from 0 candidate containers.
2023-03-23 08:06:10,201 [BlockDeletingService#1] INFO  interfaces.ContainerDeletionChoosingPolicyTemplate (ContainerDeletionChoosingPolicyTemplate.java:chooseContainerForBlockDeletion(83)) - Chosen 0/5000 blocks from 0 candidate containers.
2023-03-23 08:06:10,301 [BlockDeletingService#1] INFO  interfaces.ContainerDeletionChoosingPolicyTemplate (ContainerDeletionChoosingPolicyTemplate.java:chooseContainerForBlockDeletion(83)) - Chosen 0/5000 blocks from 0 candidate containers.
2023-03-23 08:06:10,301 [BlockDeletingService#3] INFO  interfaces.ContainerDeletionChoosingPolicyTemplate (ContainerDeletionChoosingPolicyTemplate.java:chooseContainerForBlockDeletion(83)) - Chosen 0/5000 blocks from 0 candidate containers.
2023-03-23 08:06:10,401 [BlockDeletingService#0] INFO  interfaces.ContainerDeletionChoosingPolicyTemplate (ContainerDeletionChoosingPolicyTemplate.java:chooseContainerForBlockDeletion(83)) - Chosen 0/5000 blocks from 0 candidate containers.
2023-03-23 08:06:10,401 [BlockDeletingService#0] INFO  interfaces.ContainerDeletionChoosingPolicyTemplate (ContainerDeletionChoosingPolicyTemplate.java:chooseContainerForBlockDeletion(83)) - Chosen 0/5000 blocks from 0 candidate containers.
2023-03-23 08:06:10,474 [Listener at 127.0.0.1/46681] INFO  ozone.MiniOzoneClusterImpl (MiniOzoneClusterImpl.java:lambda$waitForClusterToBeReady$0(222)) - Waiting for nodes to be ready. Got 0 of 3 DN Heartbeats.
2023-03-23 08:06:10,474 [Listener at 127.0.0.1/46681] INFO  ozone.MiniOzoneClusterImpl (MiniOzoneClusterImpl.java:lambda$waitForClusterToBeReady$0(225)) - Waiting for cluster to exit safe mode
2023-03-23 08:06:10,475 [Listener at 127.0.0.1/46681] INFO  ozone.MiniOzoneClusterImpl (MiniOzoneClusterImpl.java:lambda$waitForClusterToBeReady$0(227)) - SCM became leader
2023-03-23 08:06:10,501 [BlockDeletingService#2] INFO  interfaces.ContainerDeletionChoosingPolicyTemplate (ContainerDeletionChoosingPolicyTemplate.java:chooseContainerForBlockDeletion(83)) - Chosen 0/5000 blocks from 0 candidate containers.
2023-03-23 08:06:10,502 [BlockDeletingService#4] INFO  interfaces.ContainerDeletionChoosingPolicyTemplate (ContainerDeletionChoosingPolicyTemplate.java:chooseContainerForBlockDeletion(83)) - Chosen 0/5000 blocks from 0 candidate containers.
2023-03-23 08:06:10,517 [EndpointStateMachine task thread for /0.0.0.0:45541 - 0 ] INFO  utils.DatanodeStoreCache (DatanodeStoreCache.java:addDB(58)) - Added db /home/runner/work/ozone/ozone/hadoop-ozone/integration-test/target/test-dir/MiniOzoneClusterImpl-83429495-af89-4435-a907-dab059fcfd42/datanode-2/data-0/containers/hdds/83429495-af89-4435-a907-dab059fcfd42/DS-553702c9-4f06-46c9-8470-ce89581417ac/container.db to cache
2023-03-23 08:06:10,517 [EndpointStateMachine task thread for /0.0.0.0:45541 - 0 ] INFO  volume.HddsVolume (HddsVolume.java:createDbStore(350)) - SchemaV3 db is created and loaded at /home/runner/work/ozone/ozone/hadoop-ozone/integration-test/target/test-dir/MiniOzoneClusterImpl-83429495-af89-4435-a907-dab059fcfd42/datanode-2/data-0/containers/hdds/83429495-af89-4435-a907-dab059fcfd42/DS-553702c9-4f06-46c9-8470-ce89581417ac/container.db for volume DS-553702c9-4f06-46c9-8470-ce89581417ac
2023-03-23 08:06:10,518 [EndpointStateMachine task thread for /0.0.0.0:45541 - 0 ] INFO  ozoneimpl.OzoneContainer (OzoneContainer.java:start(401)) - Attempting to start container services.
2023-03-23 08:06:10,518 [EndpointStateMachine task thread for /0.0.0.0:45541 - 0 ] INFO  ozoneimpl.OzoneContainer (OzoneContainer.java:startContainerScrub(318)) - Scheduled background container scanners and the on-demand container scanner have been disabled.
2023-03-23 08:06:10,521 [EndpointStateMachine task thread for /0.0.0.0:45541 - 0 ] INFO  replication.ReplicationServer (ReplicationServer.java:start(109)) - ReplicationServer is started using port 40633
2023-03-23 08:06:10,522 [EndpointStateMachine task thread for /0.0.0.0:45541 - 0 ] INFO  ratis.XceiverServerRatis (XceiverServerRatis.java:start(518)) - Starting XceiverServerRatis 2b202a02-6273-4262-ac40-cc676055620c
2023-03-23 08:06:10,523 [EndpointStateMachine task thread for /0.0.0.0:45541 - 0 ] INFO  server.RaftServer (RaftServerProxy.java:startImpl(393)) - 2b202a02-6273-4262-ac40-cc676055620c: start RPC server
2023-03-23 08:06:10,525 [EndpointStateMachine task thread for /0.0.0.0:45541 - 0 ] INFO  server.GrpcService (GrpcService.java:startImpl(262)) - 2b202a02-6273-4262-ac40-cc676055620c: GrpcService started, listening on 46245
2023-03-23 08:06:10,525 [EndpointStateMachine task thread for /0.0.0.0:45541 - 0 ] INFO  ratis.XceiverServerRatis (XceiverServerRatis.java:getRealPort(544)) - XceiverServerRatis 2b202a02-6273-4262-ac40-cc676055620c is started using port 46245 for RATIS
2023-03-23 08:06:10,525 [JvmPauseMonitor11] INFO  util.JvmPauseMonitor (JvmPauseMonitor.java:run(105)) - JvmPauseMonitor-2b202a02-6273-4262-ac40-cc676055620c: Started
2023-03-23 08:06:10,525 [EndpointStateMachine task thread for /0.0.0.0:45541 - 0 ] INFO  ratis.XceiverServerRatis (XceiverServerRatis.java:getRealPort(544)) - XceiverServerRatis 2b202a02-6273-4262-ac40-cc676055620c is started using port 46245 for RATIS_ADMIN
2023-03-23 08:06:10,526 [EndpointStateMachine task thread for /0.0.0.0:45541 - 0 ] INFO  ratis.XceiverServerRatis (XceiverServerRatis.java:getRealPort(544)) - XceiverServerRatis 2b202a02-6273-4262-ac40-cc676055620c is started using port 46245 for RATIS_SERVER
2023-03-23 08:06:10,526 [EndpointStateMachine task thread for /0.0.0.0:45541 - 0 ] INFO  ratis.XceiverServerRatis (XceiverServerRatis.java:getRealPort(544)) - XceiverServerRatis 2b202a02-6273-4262-ac40-cc676055620c is started using port 42641 for RATIS_DATASTREAM
2023-03-23 08:06:10,528 [EndpointStateMachine task thread for /0.0.0.0:45541 - 0 ] INFO  server.XceiverServerGrpc (XceiverServerGrpc.java:start(180)) - XceiverServerGrpc 2b202a02-6273-4262-ac40-cc676055620c is started using port 32869
2023-03-23 08:06:10,528 [BlockDeletingService#0] INFO  interfaces.ContainerDeletionChoosingPolicyTemplate (ContainerDeletionChoosingPolicyTemplate.java:chooseContainerForBlockDeletion(83)) - Chosen 0/5000 blocks from 0 candidate containers.
2023-03-23 08:06:10,602 [BlockDeletingService#1] INFO  interfaces.ContainerDeletionChoosingPolicyTemplate (ContainerDeletionChoosingPolicyTemplate.java:chooseContainerForBlockDeletion(83)) - Chosen 0/5000 blocks from 0 candidate containers.
2023-03-23 08:06:10,602 [BlockDeletingService#2] INFO  interfaces.ContainerDeletionChoosingPolicyTemplate (ContainerDeletionChoosingPolicyTemplate.java:chooseContainerForBlockDeletion(83)) - Chosen 0/5000 blocks from 0 candidate containers.
2023-03-23 08:06:10,628 [BlockDeletingService#0] INFO  interfaces.ContainerDeletionChoosingPolicyTemplate (ContainerDeletionChoosingPolicyTemplate.java:chooseContainerForBlockDeletion(83)) - Chosen 0/5000 blocks from 0 candidate containers.
2023-03-23 08:06:10,702 [BlockDeletingService#3] INFO  interfaces.ContainerDeletionChoosingPolicyTemplate (ContainerDeletionChoosingPolicyTemplate.java:chooseContainerForBlockDeletion(83)) - Chosen 0/5000 blocks from 0 candidate containers.
2023-03-23 08:06:10,702 [BlockDeletingService#2] INFO  interfaces.ContainerDeletionChoosingPolicyTemplate (ContainerDeletionChoosingPolicyTemplate.java:chooseContainerForBlockDeletion(83)) - Chosen 0/5000 blocks from 0 candidate containers.
2023-03-23 08:06:10,731 [BlockDeletingService#1] INFO  interfaces.ContainerDeletionChoosingPolicyTemplate (ContainerDeletionChoosingPolicyTemplate.java:chooseContainerForBlockDeletion(83)) - Chosen 0/5000 blocks from 0 candidate containers.
2023-03-23 08:06:10,802 [BlockDeletingService#0] INFO  interfaces.ContainerDeletionChoosingPolicyTemplate (ContainerDeletionChoosingPolicyTemplate.java:chooseContainerForBlockDeletion(83)) - Chosen 0/5000 blocks from 0 candidate containers.
2023-03-23 08:06:10,802 [BlockDeletingService#2] INFO  interfaces.ContainerDeletionChoosingPolicyTemplate (ContainerDeletionChoosingPolicyTemplate.java:chooseContainerForBlockDeletion(83)) - Chosen 0/5000 blocks from 0 candidate containers.
2023-03-23 08:06:10,832 [BlockDeletingService#0] INFO  interfaces.ContainerDeletionChoosingPolicyTemplate (ContainerDeletionChoosingPolicyTemplate.java:chooseContainerForBlockDeletion(83)) - Chosen 0/5000 blocks from 0 candidate containers.
2023-03-23 08:06:10,902 [BlockDeletingService#4] INFO  interfaces.ContainerDeletionChoosingPolicyTemplate (ContainerDeletionChoosingPolicyTemplate.java:chooseContainerForBlockDeletion(83)) - Chosen 0/5000 blocks from 0 candidate containers.
2023-03-23 08:06:10,903 [BlockDeletingService#2] INFO  interfaces.ContainerDeletionChoosingPolicyTemplate (ContainerDeletionChoosingPolicyTemplate.java:chooseContainerForBlockDeletion(83)) - Chosen 0/5000 blocks from 0 candidate containers.
2023-03-23 08:06:10,932 [BlockDeletingService#2] INFO  interfaces.ContainerDeletionChoosingPolicyTemplate (ContainerDeletionChoosingPolicyTemplate.java:chooseContainerForBlockDeletion(83)) - Chosen 0/5000 blocks from 0 candidate containers.
2023-03-23 08:06:11,003 [BlockDeletingService#2] INFO  interfaces.ContainerDeletionChoosingPolicyTemplate (ContainerDeletionChoosingPolicyTemplate.java:chooseContainerForBlockDeletion(83)) - Chosen 0/5000 blocks from 0 candidate containers.
2023-03-23 08:06:11,003 [BlockDeletingService#2] INFO  interfaces.ContainerDeletionChoosingPolicyTemplate (ContainerDeletionChoosingPolicyTemplate.java:chooseContainerForBlockDeletion(83)) - Chosen 0/5000 blocks from 0 candidate containers.
2023-03-23 08:06:11,032 [BlockDeletingService#1] INFO  interfaces.ContainerDeletionChoosingPolicyTemplate (ContainerDeletionChoosingPolicyTemplate.java:chooseContainerForBlockDeletion(83)) - Chosen 0/5000 blocks from 0 candidate containers.
2023-03-23 08:06:11,103 [BlockDeletingService#2] INFO  interfaces.ContainerDeletionChoosingPolicyTemplate (ContainerDeletionChoosingPolicyTemplate.java:chooseContainerForBlockDeletion(83)) - Chosen 0/5000 blocks from 0 candidate containers.
2023-03-23 08:06:11,103 [BlockDeletingService#2] INFO  interfaces.ContainerDeletionChoosingPolicyTemplate (ContainerDeletionChoosingPolicyTemplate.java:chooseContainerForBlockDeletion(83)) - Chosen 0/5000 blocks from 0 candidate containers.
2023-03-23 08:06:11,133 [BlockDeletingService#3] INFO  interfaces.ContainerDeletionChoosingPolicyTemplate (ContainerDeletionChoosingPolicyTemplate.java:chooseContainerForBlockDeletion(83)) - Chosen 0/5000 blocks from 0 candidate containers.
2023-03-23 08:06:11,203 [BlockDeletingService#2] INFO  interfaces.ContainerDeletionChoosingPolicyTemplate (ContainerDeletionChoosingPolicyTemplate.java:chooseContainerForBlockDeletion(83)) - Chosen 0/5000 blocks from 0 candidate containers.
2023-03-23 08:06:11,203 [BlockDeletingService#2] INFO  interfaces.ContainerDeletionChoosingPolicyTemplate (ContainerDeletionChoosingPolicyTemplate.java:chooseContainerForBlockDeletion(83)) - Chosen 0/5000 blocks from 0 candidate containers.
2023-03-23 08:06:11,233 [BlockDeletingService#0] INFO  interfaces.ContainerDeletionChoosingPolicyTemplate (ContainerDeletionChoosingPolicyTemplate.java:chooseContainerForBlockDeletion(83)) - Chosen 0/5000 blocks from 0 candidate containers.
2023-03-23 08:06:11,304 [BlockDeletingService#2] INFO  interfaces.ContainerDeletionChoosingPolicyTemplate (ContainerDeletionChoosingPolicyTemplate.java:chooseContainerForBlockDeletion(83)) - Chosen 0/5000 blocks from 0 candidate containers.
2023-03-23 08:06:11,304 [BlockDeletingService#2] INFO  interfaces.ContainerDeletionChoosingPolicyTemplate (ContainerDeletionChoosingPolicyTemplate.java:chooseContainerForBlockDeletion(83)) - Chosen 0/5000 blocks from 0 candidate containers.
2023-03-23 08:06:11,333 [BlockDeletingService#4] INFO  interfaces.ContainerDeletionChoosingPolicyTemplate (ContainerDeletionChoosingPolicyTemplate.java:chooseContainerForBlockDeletion(83)) - Chosen 0/5000 blocks from 0 candidate containers.
2023-03-23 08:06:11,404 [BlockDeletingService#2] INFO  interfaces.ContainerDeletionChoosingPolicyTemplate (ContainerDeletionChoosingPolicyTemplate.java:chooseContainerForBlockDeletion(83)) - Chosen 0/5000 blocks from 0 candidate containers.
2023-03-23 08:06:11,404 [BlockDeletingService#2] INFO  interfaces.ContainerDeletionChoosingPolicyTemplate (ContainerDeletionChoosingPolicyTemplate.java:chooseContainerForBlockDeletion(83)) - Chosen 0/5000 blocks from 0 candidate containers.
2023-03-23 08:06:11,433 [BlockDeletingService#2] INFO  interfaces.ContainerDeletionChoosingPolicyTemplate (ContainerDeletionChoosingPolicyTemplate.java:chooseContainerForBlockDeletion(83)) - Chosen 0/5000 blocks from 0 candidate containers.
2023-03-23 08:06:11,475 [Listener at 127.0.0.1/46681] INFO  ozone.MiniOzoneClusterImpl (MiniOzoneClusterImpl.java:lambda$waitForClusterToBeReady$0(222)) - Waiting for nodes to be ready. Got 0 of 3 DN Heartbeats.
2023-03-23 08:06:11,475 [Listener at 127.0.0.1/46681] INFO  ozone.MiniOzoneClusterImpl (MiniOzoneClusterImpl.java:lambda$waitForClusterToBeReady$0(225)) - Waiting for cluster to exit safe mode
2023-03-23 08:06:11,475 [Listener at 127.0.0.1/46681] INFO  ozone.MiniOzoneClusterImpl (MiniOzoneClusterImpl.java:lambda$waitForClusterToBeReady$0(227)) - SCM became leader
2023-03-23 08:06:11,504 [BlockDeletingService#2] INFO  interfaces.ContainerDeletionChoosingPolicyTemplate (ContainerDeletionChoosingPolicyTemplate.java:chooseContainerForBlockDeletion(83)) - Chosen 0/5000 blocks from 0 candidate containers.
2023-03-23 08:06:11,506 [BlockDeletingService#2] INFO  interfaces.ContainerDeletionChoosingPolicyTemplate (ContainerDeletionChoosingPolicyTemplate.java:chooseContainerForBlockDeletion(83)) - Chosen 0/5000 blocks from 0 candidate containers.
2023-03-23 08:06:11,534 [BlockDeletingService#2] INFO  interfaces.ContainerDeletionChoosingPolicyTemplate (ContainerDeletionChoosingPolicyTemplate.java:chooseContainerForBlockDeletion(83)) - Chosen 0/5000 blocks from 0 candidate containers.
2023-03-23 08:06:11,604 [BlockDeletingService#2] INFO  interfaces.ContainerDeletionChoosingPolicyTemplate (ContainerDeletionChoosingPolicyTemplate.java:chooseContainerForBlockDeletion(83)) - Chosen 0/5000 blocks from 0 candidate containers.
2023-03-23 08:06:11,606 [BlockDeletingService#2] INFO  interfaces.ContainerDeletionChoosingPolicyTemplate (ContainerDeletionChoosingPolicyTemplate.java:chooseContainerForBlockDeletion(83)) - Chosen 0/5000 blocks from 0 candidate containers.
2023-03-23 08:06:11,634 [BlockDeletingService#2] INFO  interfaces.ContainerDeletionChoosingPolicyTemplate (ContainerDeletionChoosingPolicyTemplate.java:chooseContainerForBlockDeletion(83)) - Chosen 0/5000 blocks from 0 candidate containers.
2023-03-23 08:06:11,645 [IPC Server handler 1 on default port 45541] INFO  net.NetworkTopologyImpl (NetworkTopologyImpl.java:add(112)) - Added a new node: /default-rack/0838c789-5be6-4b53-844e-73c82c080a18
2023-03-23 08:06:11,646 [IPC Server handler 1 on default port 45541] INFO  node.SCMNodeManager (SCMNodeManager.java:register(404)) - Registered Data node : 0838c789-5be6-4b53-844e-73c82c080a18{ip: 10.1.0.214, host: fv-az105-497.wy5h1aom0jgehahef1oyr10hrc.bx.internal.cloudapp.net, ports: [REPLICATION=45775, RATIS=41851, RATIS_ADMIN=41851, RATIS_SERVER=41851, RATIS_DATASTREAM=40921, STANDALONE=34609], networkLocation: /default-rack, certSerialId: null, persistedOpState: null, persistedOpStateExpiryEpochSec: 0}
2023-03-23 08:06:11,648 [EventQueue-NodeRegistrationContainerReportForContainerSafeModeRule] INFO  safemode.SCMSafeModeManager (SCMSafeModeManager.java:validateSafeModeExitRules(200)) - ContainerSafeModeRule rule is successfully validated
2023-03-23 08:06:11,648 [EventQueue-NodeRegistrationContainerReportForDataNodeSafeModeRule] INFO  safemode.SCMSafeModeManager (DataNodeSafeModeRule.java:process(71)) - SCM in safe mode. 1 DataNodes registered, 3 required.
2023-03-23 08:06:11,650 [EventQueue-NewNodeForNewNodeHandler] INFO  pipeline.BackgroundPipelineCreator (BackgroundPipelineCreator.java:notifyEventTriggered(276)) - trigger a one-shot run on RatisPipelineUtilsThread.
2023-03-23 08:06:11,650 [EventQueue-PipelineReportForOneReplicaPipelineSafeModeRule] INFO  safemode.SCMSafeModeManager (SCMSafeModeManager.java:validateSafeModeExitRules(200)) - AtleastOneDatanodeReportedRule rule is successfully validated
2023-03-23 08:06:11,705 [BlockDeletingService#2] INFO  interfaces.ContainerDeletionChoosingPolicyTemplate (ContainerDeletionChoosingPolicyTemplate.java:chooseContainerForBlockDeletion(83)) - Chosen 0/5000 blocks from 0 candidate containers.
2023-03-23 08:06:11,707 [BlockDeletingService#2] INFO  interfaces.ContainerDeletionChoosingPolicyTemplate (ContainerDeletionChoosingPolicyTemplate.java:chooseContainerForBlockDeletion(83)) - Chosen 0/5000 blocks from 0 candidate containers.
2023-03-23 08:06:11,734 [BlockDeletingService#2] INFO  interfaces.ContainerDeletionChoosingPolicyTemplate (ContainerDeletionChoosingPolicyTemplate.java:chooseContainerForBlockDeletion(83)) - Chosen 0/5000 blocks from 0 candidate containers.
2023-03-23 08:06:11,805 [BlockDeletingService#2] INFO  interfaces.ContainerDeletionChoosingPolicyTemplate (ContainerDeletionChoosingPolicyTemplate.java:chooseContainerForBlockDeletion(83)) - Chosen 0/5000 blocks from 0 candidate containers.
2023-03-23 08:06:11,807 [BlockDeletingService#2] INFO  interfaces.ContainerDeletionChoosingPolicyTemplate (ContainerDeletionChoosingPolicyTemplate.java:chooseContainerForBlockDeletion(83)) - Chosen 0/5000 blocks from 0 candidate containers.
2023-03-23 08:06:11,835 [BlockDeletingService#2] INFO  interfaces.ContainerDeletionChoosingPolicyTemplate (ContainerDeletionChoosingPolicyTemplate.java:chooseContainerForBlockDeletion(83)) - Chosen 0/5000 blocks from 0 candidate containers.
2023-03-23 08:06:11,905 [BlockDeletingService#2] INFO  interfaces.ContainerDeletionChoosingPolicyTemplate (ContainerDeletionChoosingPolicyTemplate.java:chooseContainerForBlockDeletion(83)) - Chosen 0/5000 blocks from 0 candidate containers.
2023-03-23 08:06:11,907 [BlockDeletingService#2] INFO  interfaces.ContainerDeletionChoosingPolicyTemplate (ContainerDeletionChoosingPolicyTemplate.java:chooseContainerForBlockDeletion(83)) - Chosen 0/5000 blocks from 0 candidate containers.
2023-03-23 08:06:11,935 [BlockDeletingService#2] INFO  interfaces.ContainerDeletionChoosingPolicyTemplate (ContainerDeletionChoosingPolicyTemplate.java:chooseContainerForBlockDeletion(83)) - Chosen 0/5000 blocks from 0 candidate containers.
2023-03-23 08:06:12,005 [BlockDeletingService#2] INFO  interfaces.ContainerDeletionChoosingPolicyTemplate (ContainerDeletionChoosingPolicyTemplate.java:chooseContainerForBlockDeletion(83)) - Chosen 0/5000 blocks from 0 candidate containers.
2023-03-23 08:06:12,007 [BlockDeletingService#2] INFO  interfaces.ContainerDeletionChoosingPolicyTemplate (ContainerDeletionChoosingPolicyTemplate.java:chooseContainerForBlockDeletion(83)) - Chosen 0/5000 blocks from 0 candidate containers.
2023-03-23 08:06:12,035 [BlockDeletingService#2] INFO  interfaces.ContainerDeletionChoosingPolicyTemplate (ContainerDeletionChoosingPolicyTemplate.java:chooseContainerForBlockDeletion(83)) - Chosen 0/5000 blocks from 0 candidate containers.
2023-03-23 08:06:12,053 [IPC Server handler 2 on default port 45541] INFO  net.NetworkTopologyImpl (NetworkTopologyImpl.java:add(112)) - Added a new node: /default-rack/9852ed25-ff4d-4e5e-8bb3-2709f3d2ddbb
2023-03-23 08:06:12,053 [IPC Server handler 2 on default port 45541] INFO  node.SCMNodeManager (SCMNodeManager.java:register(404)) - Registered Data node : 9852ed25-ff4d-4e5e-8bb3-2709f3d2ddbb{ip: 10.1.0.214, host: fv-az105-497.wy5h1aom0jgehahef1oyr10hrc.bx.internal.cloudapp.net, ports: [REPLICATION=35553, RATIS=42709, RATIS_ADMIN=42709, RATIS_SERVER=42709, RATIS_DATASTREAM=41309, STANDALONE=38495], networkLocation: /default-rack, certSerialId: null, persistedOpState: null, persistedOpStateExpiryEpochSec: 0}
2023-03-23 08:06:12,053 [EventQueue-NewNodeForNewNodeHandler] INFO  pipeline.BackgroundPipelineCreator (BackgroundPipelineCreator.java:notifyEventTriggered(276)) - trigger a one-shot run on RatisPipelineUtilsThread.
2023-03-23 08:06:12,056 [EventQueue-NodeRegistrationContainerReportForDataNodeSafeModeRule] INFO  safemode.SCMSafeModeManager (DataNodeSafeModeRule.java:process(71)) - SCM in safe mode. 2 DataNodes registered, 3 required.
2023-03-23 08:06:12,106 [BlockDeletingService#2] INFO  interfaces.ContainerDeletionChoosingPolicyTemplate (ContainerDeletionChoosingPolicyTemplate.java:chooseContainerForBlockDeletion(83)) - Chosen 0/5000 blocks from 0 candidate containers.
2023-03-23 08:06:12,107 [BlockDeletingService#2] INFO  interfaces.ContainerDeletionChoosingPolicyTemplate (ContainerDeletionChoosingPolicyTemplate.java:chooseContainerForBlockDeletion(83)) - Chosen 0/5000 blocks from 0 candidate containers.
2023-03-23 08:06:12,135 [BlockDeletingService#2] INFO  interfaces.ContainerDeletionChoosingPolicyTemplate (ContainerDeletionChoosingPolicyTemplate.java:chooseContainerForBlockDeletion(83)) - Chosen 0/5000 blocks from 0 candidate containers.
2023-03-23 08:06:12,206 [BlockDeletingService#2] INFO  interfaces.ContainerDeletionChoosingPolicyTemplate (ContainerDeletionChoosingPolicyTemplate.java:chooseContainerForBlockDeletion(83)) - Chosen 0/5000 blocks from 0 candidate containers.
2023-03-23 08:06:12,208 [BlockDeletingService#2] INFO  interfaces.ContainerDeletionChoosingPolicyTemplate (ContainerDeletionChoosingPolicyTemplate.java:chooseContainerForBlockDeletion(83)) - Chosen 0/5000 blocks from 0 candidate containers.
2023-03-23 08:06:12,236 [BlockDeletingService#2] INFO  interfaces.ContainerDeletionChoosingPolicyTemplate (ContainerDeletionChoosingPolicyTemplate.java:chooseContainerForBlockDeletion(83)) - Chosen 0/5000 blocks from 0 candidate containers.
2023-03-23 08:06:12,306 [BlockDeletingService#2] INFO  interfaces.ContainerDeletionChoosingPolicyTemplate (ContainerDeletionChoosingPolicyTemplate.java:chooseContainerForBlockDeletion(83)) - Chosen 0/5000 blocks from 0 candidate containers.
2023-03-23 08:06:12,308 [BlockDeletingService#2] INFO  interfaces.ContainerDeletionChoosingPolicyTemplate (ContainerDeletionChoosingPolicyTemplate.java:chooseContainerForBlockDeletion(83)) - Chosen 0/5000 blocks from 0 candidate containers.
2023-03-23 08:06:12,336 [BlockDeletingService#2] INFO  interfaces.ContainerDeletionChoosingPolicyTemplate (ContainerDeletionChoosingPolicyTemplate.java:chooseContainerForBlockDeletion(83)) - Chosen 0/5000 blocks from 0 candidate containers.
2023-03-23 08:06:12,406 [BlockDeletingService#2] INFO  interfaces.ContainerDeletionChoosingPolicyTemplate (ContainerDeletionChoosingPolicyTemplate.java:chooseContainerForBlockDeletion(83)) - Chosen 0/5000 blocks from 0 candidate containers.
2023-03-23 08:06:12,408 [BlockDeletingService#2] INFO  interfaces.ContainerDeletionChoosingPolicyTemplate (ContainerDeletionChoosingPolicyTemplate.java:chooseContainerForBlockDeletion(83)) - Chosen 0/5000 blocks from 0 candidate containers.
2023-03-23 08:06:12,436 [BlockDeletingService#2] INFO  interfaces.ContainerDeletionChoosingPolicyTemplate (ContainerDeletionChoosingPolicyTemplate.java:chooseContainerForBlockDeletion(83)) - Chosen 0/5000 blocks from 0 candidate containers.
2023-03-23 08:06:12,475 [IPC Server handler 0 on default port 45541] INFO  net.NetworkTopologyImpl (NetworkTopologyImpl.java:add(112)) - Added a new node: /default-rack/2b202a02-6273-4262-ac40-cc676055620c
2023-03-23 08:06:12,475 [IPC Server handler 0 on default port 45541] INFO  node.SCMNodeManager (SCMNodeManager.java:register(404)) - Registered Data node : 2b202a02-6273-4262-ac40-cc676055620c{ip: 10.1.0.214, host: fv-az105-497.wy5h1aom0jgehahef1oyr10hrc.bx.internal.cloudapp.net, ports: [REPLICATION=40633, RATIS=46245, RATIS_ADMIN=46245, RATIS_SERVER=46245, RATIS_DATASTREAM=42641, STANDALONE=32869], networkLocation: /default-rack, certSerialId: null, persistedOpState: null, persistedOpStateExpiryEpochSec: 0}
2023-03-23 08:06:12,475 [EventQueue-NewNodeForNewNodeHandler] INFO  pipeline.BackgroundPipelineCreator (BackgroundPipelineCreator.java:notifyEventTriggered(276)) - trigger a one-shot run on RatisPipelineUtilsThread.
2023-03-23 08:06:12,476 [Listener at 127.0.0.1/46681] INFO  ozone.MiniOzoneClusterImpl (MiniOzoneClusterImpl.java:lambda$waitForClusterToBeReady$0(222)) - Nodes are ready. Got 3 of 3 DN Heartbeats.
2023-03-23 08:06:12,476 [EventQueue-NodeRegistrationContainerReportForDataNodeSafeModeRule] INFO  safemode.SCMSafeModeManager (DataNodeSafeModeRule.java:process(71)) - SCM in safe mode. 3 DataNodes registered, 3 required.
2023-03-23 08:06:12,476 [EventQueue-NodeRegistrationContainerReportForDataNodeSafeModeRule] INFO  safemode.SCMSafeModeManager (SCMSafeModeManager.java:validateSafeModeExitRules(200)) - DataNodeSafeModeRule rule is successfully validated
2023-03-23 08:06:12,476 [EventQueue-NodeRegistrationContainerReportForDataNodeSafeModeRule] INFO  safemode.SCMSafeModeManager (SCMSafeModeManager.java:completePreCheck(229)) - All SCM safe mode pre check rules have passed
2023-03-23 08:06:12,476 [Listener at 127.0.0.1/46681] INFO  ozone.MiniOzoneClusterImpl (MiniOzoneClusterImpl.java:lambda$waitForClusterToBeReady$0(225)) - Waiting for cluster to exit safe mode
2023-03-23 08:06:12,476 [Listener at 127.0.0.1/46681] INFO  ozone.MiniOzoneClusterImpl (MiniOzoneClusterImpl.java:lambda$waitForClusterToBeReady$0(227)) - SCM became leader
2023-03-23 08:06:12,476 [EventQueue-NodeRegistrationContainerReportForDataNodeSafeModeRule] INFO  ha.SCMContext (SCMContext.java:updateSafeModeStatus(228)) - Update SafeModeStatus from SafeModeStatus{safeModeStatus=true, preCheckPassed=false} to SafeModeStatus{safeModeStatus=true, preCheckPassed=true}.
2023-03-23 08:06:12,477 [EventQueue-NodeRegistrationContainerReportForDataNodeSafeModeRule] INFO  pipeline.BackgroundPipelineCreator (BackgroundPipelineCreator.java:notifyEventTriggered(276)) - trigger a one-shot run on RatisPipelineUtilsThread.
2023-03-23 08:06:12,477 [RatisPipelineUtilsThread - 0] INFO  pipeline.RatisPipelineProvider (RatisPipelineProvider.java:lambda$create$0(206)) - Sending CreatePipelineCommand for pipeline:PipelineID=60f4dc05-4e25-430c-932c-fc8df440c2cc to datanode:2b202a02-6273-4262-ac40-cc676055620c
2023-03-23 08:06:12,477 [RatisPipelineUtilsThread - 0] INFO  pipeline.RatisPipelineProvider (RatisPipelineProvider.java:lambda$create$0(206)) - Sending CreatePipelineCommand for pipeline:PipelineID=60f4dc05-4e25-430c-932c-fc8df440c2cc to datanode:0838c789-5be6-4b53-844e-73c82c080a18
2023-03-23 08:06:12,477 [RatisPipelineUtilsThread - 0] INFO  pipeline.RatisPipelineProvider (RatisPipelineProvider.java:lambda$create$0(206)) - Sending CreatePipelineCommand for pipeline:PipelineID=60f4dc05-4e25-430c-932c-fc8df440c2cc to datanode:9852ed25-ff4d-4e5e-8bb3-2709f3d2ddbb
2023-03-23 08:06:12,478 [RatisPipelineUtilsThread - 0] INFO  pipeline.PipelineStateManagerImpl (PipelineStateManagerImpl.java:addPipeline(103)) - Created pipeline Pipeline[ Id: 60f4dc05-4e25-430c-932c-fc8df440c2cc, Nodes: 2b202a02-6273-4262-ac40-cc676055620c(fv-az105-497.wy5h1aom0jgehahef1oyr10hrc.bx.internal.cloudapp.net/10.1.0.214)0838c789-5be6-4b53-844e-73c82c080a18(fv-az105-497.wy5h1aom0jgehahef1oyr10hrc.bx.internal.cloudapp.net/10.1.0.214)9852ed25-ff4d-4e5e-8bb3-2709f3d2ddbb(fv-az105-497.wy5h1aom0jgehahef1oyr10hrc.bx.internal.cloudapp.net/10.1.0.214), ReplicationConfig: RATIS/THREE, State:ALLOCATED, leaderId:, CreationTimestamp2023-03-23T08:06:12.477Z[Etc/UTC]].
2023-03-23 08:06:12,478 [RatisPipelineUtilsThread - 0] WARN  pipeline.PipelinePlacementPolicy (PipelinePlacementPolicy.java:filterViableNodes(160)) - Pipeline creation failed due to no sufficient healthy datanodes. Required 3. Found 0. Excluded 3.
2023-03-23 08:06:12,507 [BlockDeletingService#2] INFO  interfaces.ContainerDeletionChoosingPolicyTemplate (ContainerDeletionChoosingPolicyTemplate.java:chooseContainerForBlockDeletion(83)) - Chosen 0/5000 blocks from 0 candidate containers.
2023-03-23 08:06:12,508 [BlockDeletingService#2] INFO  interfaces.ContainerDeletionChoosingPolicyTemplate (ContainerDeletionChoosingPolicyTemplate.java:chooseContainerForBlockDeletion(83)) - Chosen 0/5000 blocks from 0 candidate containers.
2023-03-23 08:06:12,536 [BlockDeletingService#2] INFO  interfaces.ContainerDeletionChoosingPolicyTemplate (ContainerDeletionChoosingPolicyTemplate.java:chooseContainerForBlockDeletion(83)) - Chosen 0/5000 blocks from 0 candidate containers.
2023-03-23 08:06:12,608 [BlockDeletingService#2] INFO  interfaces.ContainerDeletionChoosingPolicyTemplate (ContainerDeletionChoosingPolicyTemplate.java:chooseContainerForBlockDeletion(83)) - Chosen 0/5000 blocks from 0 candidate containers.
2023-03-23 08:06:12,608 [BlockDeletingService#2] INFO  interfaces.ContainerDeletionChoosingPolicyTemplate (ContainerDeletionChoosingPolicyTemplate.java:chooseContainerForBlockDeletion(83)) - Chosen 0/5000 blocks from 0 candidate containers.
2023-03-23 08:06:12,637 [BlockDeletingService#2] INFO  interfaces.ContainerDeletionChoosingPolicyTemplate (ContainerDeletionChoosingPolicyTemplate.java:chooseContainerForBlockDeletion(83)) - Chosen 0/5000 blocks from 0 candidate containers.
2023-03-23 08:06:12,708 [BlockDeletingService#2] INFO  interfaces.ContainerDeletionChoosingPolicyTemplate (ContainerDeletionChoosingPolicyTemplate.java:chooseContainerForBlockDeletion(83)) - Chosen 0/5000 blocks from 0 candidate containers.
2023-03-23 08:06:12,709 [BlockDeletingService#2] INFO  interfaces.ContainerDeletionChoosingPolicyTemplate (ContainerDeletionChoosingPolicyTemplate.java:chooseContainerForBlockDeletion(83)) - Chosen 0/5000 blocks from 0 candidate containers.
2023-03-23 08:06:12,737 [BlockDeletingService#2] INFO  interfaces.ContainerDeletionChoosingPolicyTemplate (ContainerDeletionChoosingPolicyTemplate.java:chooseContainerForBlockDeletion(83)) - Chosen 0/5000 blocks from 0 candidate containers.
2023-03-23 08:06:12,808 [BlockDeletingService#2] INFO  interfaces.ContainerDeletionChoosingPolicyTemplate (ContainerDeletionChoosingPolicyTemplate.java:chooseContainerForBlockDeletion(83)) - Chosen 0/5000 blocks from 0 candidate containers.
2023-03-23 08:06:12,809 [BlockDeletingService#2] INFO  interfaces.ContainerDeletionChoosingPolicyTemplate (ContainerDeletionChoosingPolicyTemplate.java:chooseContainerForBlockDeletion(83)) - Chosen 0/5000 blocks from 0 candidate containers.
2023-03-23 08:06:12,837 [BlockDeletingService#2] INFO  interfaces.ContainerDeletionChoosingPolicyTemplate (ContainerDeletionChoosingPolicyTemplate.java:chooseContainerForBlockDeletion(83)) - Chosen 0/5000 blocks from 0 candidate containers.
2023-03-23 08:06:12,909 [BlockDeletingService#2] INFO  interfaces.ContainerDeletionChoosingPolicyTemplate (ContainerDeletionChoosingPolicyTemplate.java:chooseContainerForBlockDeletion(83)) - Chosen 0/5000 blocks from 0 candidate containers.
2023-03-23 08:06:12,909 [BlockDeletingService#2] INFO  interfaces.ContainerDeletionChoosingPolicyTemplate (ContainerDeletionChoosingPolicyTemplate.java:chooseContainerForBlockDeletion(83)) - Chosen 0/5000 blocks from 0 candidate containers.
2023-03-23 08:06:12,937 [BlockDeletingService#2] INFO  interfaces.ContainerDeletionChoosingPolicyTemplate (ContainerDeletionChoosingPolicyTemplate.java:chooseContainerForBlockDeletion(83)) - Chosen 0/5000 blocks from 0 candidate containers.
2023-03-23 08:06:13,009 [BlockDeletingService#2] INFO  interfaces.ContainerDeletionChoosingPolicyTemplate (ContainerDeletionChoosingPolicyTemplate.java:chooseContainerForBlockDeletion(83)) - Chosen 0/5000 blocks from 0 candidate containers.
2023-03-23 08:06:13,009 [BlockDeletingService#2] INFO  interfaces.ContainerDeletionChoosingPolicyTemplate (ContainerDeletionChoosingPolicyTemplate.java:chooseContainerForBlockDeletion(83)) - Chosen 0/5000 blocks from 0 candidate containers.
2023-03-23 08:06:13,038 [BlockDeletingService#2] INFO  interfaces.ContainerDeletionChoosingPolicyTemplate (ContainerDeletionChoosingPolicyTemplate.java:chooseContainerForBlockDeletion(83)) - Chosen 0/5000 blocks from 0 candidate containers.
2023-03-23 08:06:13,110 [BlockDeletingService#2] INFO  interfaces.ContainerDeletionChoosingPolicyTemplate (ContainerDeletionChoosingPolicyTemplate.java:chooseContainerForBlockDeletion(83)) - Chosen 0/5000 blocks from 0 candidate containers.
2023-03-23 08:06:13,110 [BlockDeletingService#2] INFO  interfaces.ContainerDeletionChoosingPolicyTemplate (ContainerDeletionChoosingPolicyTemplate.java:chooseContainerForBlockDeletion(83)) - Chosen 0/5000 blocks from 0 candidate containers.
2023-03-23 08:06:13,138 [BlockDeletingService#2] INFO  interfaces.ContainerDeletionChoosingPolicyTemplate (ContainerDeletionChoosingPolicyTemplate.java:chooseContainerForBlockDeletion(83)) - Chosen 0/5000 blocks from 0 candidate containers.
2023-03-23 08:06:13,210 [BlockDeletingService#2] INFO  interfaces.ContainerDeletionChoosingPolicyTemplate (ContainerDeletionChoosingPolicyTemplate.java:chooseContainerForBlockDeletion(83)) - Chosen 0/5000 blocks from 0 candidate containers.
2023-03-23 08:06:13,210 [BlockDeletingService#2] INFO  interfaces.ContainerDeletionChoosingPolicyTemplate (ContainerDeletionChoosingPolicyTemplate.java:chooseContainerForBlockDeletion(83)) - Chosen 0/5000 blocks from 0 candidate containers.
2023-03-23 08:06:13,238 [BlockDeletingService#2] INFO  interfaces.ContainerDeletionChoosingPolicyTemplate (ContainerDeletionChoosingPolicyTemplate.java:chooseContainerForBlockDeletion(83)) - Chosen 0/5000 blocks from 0 candidate containers.
2023-03-23 08:06:13,310 [BlockDeletingService#2] INFO  interfaces.ContainerDeletionChoosingPolicyTemplate (ContainerDeletionChoosingPolicyTemplate.java:chooseContainerForBlockDeletion(83)) - Chosen 0/5000 blocks from 0 candidate containers.
2023-03-23 08:06:13,310 [BlockDeletingService#2] INFO  interfaces.ContainerDeletionChoosingPolicyTemplate (ContainerDeletionChoosingPolicyTemplate.java:chooseContainerForBlockDeletion(83)) - Chosen 0/5000 blocks from 0 candidate containers.
2023-03-23 08:06:13,338 [BlockDeletingService#2] INFO  interfaces.ContainerDeletionChoosingPolicyTemplate (ContainerDeletionChoosingPolicyTemplate.java:chooseContainerForBlockDeletion(83)) - Chosen 0/5000 blocks from 0 candidate containers.
2023-03-23 08:06:13,410 [BlockDeletingService#2] INFO  interfaces.ContainerDeletionChoosingPolicyTemplate (ContainerDeletionChoosingPolicyTemplate.java:chooseContainerForBlockDeletion(83)) - Chosen 0/5000 blocks from 0 candidate containers.
2023-03-23 08:06:13,411 [BlockDeletingService#2] INFO  interfaces.ContainerDeletionChoosingPolicyTemplate (ContainerDeletionChoosingPolicyTemplate.java:chooseContainerForBlockDeletion(83)) - Chosen 0/5000 blocks from 0 candidate containers.
2023-03-23 08:06:13,438 [BlockDeletingService#2] INFO  interfaces.ContainerDeletionChoosingPolicyTemplate (ContainerDeletionChoosingPolicyTemplate.java:chooseContainerForBlockDeletion(83)) - Chosen 0/5000 blocks from 0 candidate containers.
2023-03-23 08:06:13,477 [Listener at 127.0.0.1/46681] INFO  ozone.MiniOzoneClusterImpl (MiniOzoneClusterImpl.java:lambda$waitForClusterToBeReady$0(222)) - Nodes are ready. Got 3 of 3 DN Heartbeats.
2023-03-23 08:06:13,477 [Listener at 127.0.0.1/46681] INFO  ozone.MiniOzoneClusterImpl (MiniOzoneClusterImpl.java:lambda$waitForClusterToBeReady$0(225)) - Waiting for cluster to exit safe mode
2023-03-23 08:06:13,477 [Listener at 127.0.0.1/46681] INFO  ozone.MiniOzoneClusterImpl (MiniOzoneClusterImpl.java:lambda$waitForClusterToBeReady$0(227)) - SCM became leader
2023-03-23 08:06:13,511 [BlockDeletingService#2] INFO  interfaces.ContainerDeletionChoosingPolicyTemplate (ContainerDeletionChoosingPolicyTemplate.java:chooseContainerForBlockDeletion(83)) - Chosen 0/5000 blocks from 0 candidate containers.
2023-03-23 08:06:13,511 [BlockDeletingService#2] INFO  interfaces.ContainerDeletionChoosingPolicyTemplate (ContainerDeletionChoosingPolicyTemplate.java:chooseContainerForBlockDeletion(83)) - Chosen 0/5000 blocks from 0 candidate containers.
2023-03-23 08:06:13,539 [BlockDeletingService#2] INFO  interfaces.ContainerDeletionChoosingPolicyTemplate (ContainerDeletionChoosingPolicyTemplate.java:chooseContainerForBlockDeletion(83)) - Chosen 0/5000 blocks from 0 candidate containers.
2023-03-23 08:06:13,611 [BlockDeletingService#2] INFO  interfaces.ContainerDeletionChoosingPolicyTemplate (ContainerDeletionChoosingPolicyTemplate.java:chooseContainerForBlockDeletion(83)) - Chosen 0/5000 blocks from 0 candidate containers.
2023-03-23 08:06:13,611 [BlockDeletingService#2] INFO  interfaces.ContainerDeletionChoosingPolicyTemplate (ContainerDeletionChoosingPolicyTemplate.java:chooseContainerForBlockDeletion(83)) - Chosen 0/5000 blocks from 0 candidate containers.
2023-03-23 08:06:13,639 [BlockDeletingService#2] INFO  interfaces.ContainerDeletionChoosingPolicyTemplate (ContainerDeletionChoosingPolicyTemplate.java:chooseContainerForBlockDeletion(83)) - Chosen 0/5000 blocks from 0 candidate containers.
2023-03-23 08:06:13,711 [BlockDeletingService#2] INFO  interfaces.ContainerDeletionChoosingPolicyTemplate (ContainerDeletionChoosingPolicyTemplate.java:chooseContainerForBlockDeletion(83)) - Chosen 0/5000 blocks from 0 candidate containers.
2023-03-23 08:06:13,711 [BlockDeletingService#2] INFO  interfaces.ContainerDeletionChoosingPolicyTemplate (ContainerDeletionChoosingPolicyTemplate.java:chooseContainerForBlockDeletion(83)) - Chosen 0/5000 blocks from 0 candidate containers.
2023-03-23 08:06:13,740 [BlockDeletingService#2] INFO  interfaces.ContainerDeletionChoosingPolicyTemplate (ContainerDeletionChoosingPolicyTemplate.java:chooseContainerForBlockDeletion(83)) - Chosen 0/5000 blocks from 0 candidate containers.
2023-03-23 08:06:13,811 [BlockDeletingService#2] INFO  interfaces.ContainerDeletionChoosingPolicyTemplate (ContainerDeletionChoosingPolicyTemplate.java:chooseContainerForBlockDeletion(83)) - Chosen 0/5000 blocks from 0 candidate containers.
2023-03-23 08:06:13,812 [BlockDeletingService#2] INFO  interfaces.ContainerDeletionChoosingPolicyTemplate (ContainerDeletionChoosingPolicyTemplate.java:chooseContainerForBlockDeletion(83)) - Chosen 0/5000 blocks from 0 candidate containers.
2023-03-23 08:06:13,840 [BlockDeletingService#2] INFO  interfaces.ContainerDeletionChoosingPolicyTemplate (ContainerDeletionChoosingPolicyTemplate.java:chooseContainerForBlockDeletion(83)) - Chosen 0/5000 blocks from 0 candidate containers.
2023-03-23 08:06:13,912 [BlockDeletingService#2] INFO  interfaces.ContainerDeletionChoosingPolicyTemplate (ContainerDeletionChoosingPolicyTemplate.java:chooseContainerForBlockDeletion(83)) - Chosen 0/5000 blocks from 0 candidate containers.
2023-03-23 08:06:13,912 [BlockDeletingService#2] INFO  interfaces.ContainerDeletionChoosingPolicyTemplate (ContainerDeletionChoosingPolicyTemplate.java:chooseContainerForBlockDeletion(83)) - Chosen 0/5000 blocks from 0 candidate containers.
2023-03-23 08:06:13,941 [BlockDeletingService#2] INFO  interfaces.ContainerDeletionChoosingPolicyTemplate (ContainerDeletionChoosingPolicyTemplate.java:chooseContainerForBlockDeletion(83)) - Chosen 0/5000 blocks from 0 candidate containers.
2023-03-23 08:06:14,012 [BlockDeletingService#2] INFO  interfaces.ContainerDeletionChoosingPolicyTemplate (ContainerDeletionChoosingPolicyTemplate.java:chooseContainerForBlockDeletion(83)) - Chosen 0/5000 blocks from 0 candidate containers.
2023-03-23 08:06:14,012 [BlockDeletingService#2] INFO  interfaces.ContainerDeletionChoosingPolicyTemplate (ContainerDeletionChoosingPolicyTemplate.java:chooseContainerForBlockDeletion(83)) - Chosen 0/5000 blocks from 0 candidate containers.
2023-03-23 08:06:14,041 [BlockDeletingService#2] INFO  interfaces.ContainerDeletionChoosingPolicyTemplate (ContainerDeletionChoosingPolicyTemplate.java:chooseContainerForBlockDeletion(83)) - Chosen 0/5000 blocks from 0 candidate containers.
2023-03-23 08:06:14,112 [BlockDeletingService#2] INFO  interfaces.ContainerDeletionChoosingPolicyTemplate (ContainerDeletionChoosingPolicyTemplate.java:chooseContainerForBlockDeletion(83)) - Chosen 0/5000 blocks from 0 candidate containers.
2023-03-23 08:06:14,113 [BlockDeletingService#2] INFO  interfaces.ContainerDeletionChoosingPolicyTemplate (ContainerDeletionChoosingPolicyTemplate.java:chooseContainerForBlockDeletion(83)) - Chosen 0/5000 blocks from 0 candidate containers.
2023-03-23 08:06:14,141 [BlockDeletingService#2] INFO  interfaces.ContainerDeletionChoosingPolicyTemplate (ContainerDeletionChoosingPolicyTemplate.java:chooseContainerForBlockDeletion(83)) - Chosen 0/5000 blocks from 0 candidate containers.
2023-03-23 08:06:14,213 [BlockDeletingService#2] INFO  interfaces.ContainerDeletionChoosingPolicyTemplate (ContainerDeletionChoosingPolicyTemplate.java:chooseContainerForBlockDeletion(83)) - Chosen 0/5000 blocks from 0 candidate containers.
2023-03-23 08:06:14,213 [BlockDeletingService#2] INFO  interfaces.ContainerDeletionChoosingPolicyTemplate (ContainerDeletionChoosingPolicyTemplate.java:chooseContainerForBlockDeletion(83)) - Chosen 0/5000 blocks from 0 candidate containers.
2023-03-23 08:06:14,241 [BlockDeletingService#2] INFO  interfaces.ContainerDeletionChoosingPolicyTemplate (ContainerDeletionChoosingPolicyTemplate.java:chooseContainerForBlockDeletion(83)) - Chosen 0/5000 blocks from 0 candidate containers.
2023-03-23 08:06:14,313 [BlockDeletingService#2] INFO  interfaces.ContainerDeletionChoosingPolicyTemplate (ContainerDeletionChoosingPolicyTemplate.java:chooseContainerForBlockDeletion(83)) - Chosen 0/5000 blocks from 0 candidate containers.
2023-03-23 08:06:14,313 [BlockDeletingService#2] INFO  interfaces.ContainerDeletionChoosingPolicyTemplate (ContainerDeletionChoosingPolicyTemplate.java:chooseContainerForBlockDeletion(83)) - Chosen 0/5000 blocks from 0 candidate containers.
2023-03-23 08:06:14,342 [BlockDeletingService#2] INFO  interfaces.ContainerDeletionChoosingPolicyTemplate (ContainerDeletionChoosingPolicyTemplate.java:chooseContainerForBlockDeletion(83)) - Chosen 0/5000 blocks from 0 candidate containers.
2023-03-23 08:06:14,413 [BlockDeletingService#2] INFO  interfaces.ContainerDeletionChoosingPolicyTemplate (ContainerDeletionChoosingPolicyTemplate.java:chooseContainerForBlockDeletion(83)) - Chosen 0/5000 blocks from 0 candidate containers.
2023-03-23 08:06:14,413 [BlockDeletingService#2] INFO  interfaces.ContainerDeletionChoosingPolicyTemplate (ContainerDeletionChoosingPolicyTemplate.java:chooseContainerForBlockDeletion(83)) - Chosen 0/5000 blocks from 0 candidate containers.
2023-03-23 08:06:14,442 [BlockDeletingService#2] INFO  interfaces.ContainerDeletionChoosingPolicyTemplate (ContainerDeletionChoosingPolicyTemplate.java:chooseContainerForBlockDeletion(83)) - Chosen 0/5000 blocks from 0 candidate containers.
2023-03-23 08:06:14,478 [Listener at 127.0.0.1/46681] INFO  ozone.MiniOzoneClusterImpl (MiniOzoneClusterImpl.java:lambda$waitForClusterToBeReady$0(222)) - Nodes are ready. Got 3 of 3 DN Heartbeats.
2023-03-23 08:06:14,478 [Listener at 127.0.0.1/46681] INFO  ozone.MiniOzoneClusterImpl (MiniOzoneClusterImpl.java:lambda$waitForClusterToBeReady$0(225)) - Waiting for cluster to exit safe mode
2023-03-23 08:06:14,478 [Listener at 127.0.0.1/46681] INFO  ozone.MiniOzoneClusterImpl (MiniOzoneClusterImpl.java:lambda$waitForClusterToBeReady$0(227)) - SCM became leader
2023-03-23 08:06:14,513 [BlockDeletingService#2] INFO  interfaces.ContainerDeletionChoosingPolicyTemplate (ContainerDeletionChoosingPolicyTemplate.java:chooseContainerForBlockDeletion(83)) - Chosen 0/5000 blocks from 0 candidate containers.
2023-03-23 08:06:14,514 [BlockDeletingService#2] INFO  interfaces.ContainerDeletionChoosingPolicyTemplate (ContainerDeletionChoosingPolicyTemplate.java:chooseContainerForBlockDeletion(83)) - Chosen 0/5000 blocks from 0 candidate containers.
2023-03-23 08:06:14,542 [BlockDeletingService#2] INFO  interfaces.ContainerDeletionChoosingPolicyTemplate (ContainerDeletionChoosingPolicyTemplate.java:chooseContainerForBlockDeletion(83)) - Chosen 0/5000 blocks from 0 candidate containers.
2023-03-23 08:06:14,614 [BlockDeletingService#2] INFO  interfaces.ContainerDeletionChoosingPolicyTemplate (ContainerDeletionChoosingPolicyTemplate.java:chooseContainerForBlockDeletion(83)) - Chosen 0/5000 blocks from 0 candidate containers.
2023-03-23 08:06:14,614 [BlockDeletingService#2] INFO  interfaces.ContainerDeletionChoosingPolicyTemplate (ContainerDeletionChoosingPolicyTemplate.java:chooseContainerForBlockDeletion(83)) - Chosen 0/5000 blocks from 0 candidate containers.
2023-03-23 08:06:14,642 [BlockDeletingService#2] INFO  interfaces.ContainerDeletionChoosingPolicyTemplate (ContainerDeletionChoosingPolicyTemplate.java:chooseContainerForBlockDeletion(83)) - Chosen 0/5000 blocks from 0 candidate containers.
2023-03-23 08:06:14,645 [Command processor thread] INFO  server.RaftServer (RaftServerProxy.java:addNew(96)) - 0838c789-5be6-4b53-844e-73c82c080a18: addNew group-FC8DF440C2CC:[9852ed25-ff4d-4e5e-8bb3-2709f3d2ddbb|rpc:10.1.0.214:42709|dataStream:10.1.0.214:41309|priority:0|startupRole:FOLLOWER, 2b202a02-6273-4262-ac40-cc676055620c|rpc:10.1.0.214:46245|dataStream:10.1.0.214:42641|priority:0|startupRole:FOLLOWER, 0838c789-5be6-4b53-844e-73c82c080a18|rpc:10.1.0.214:41851|dataStream:10.1.0.214:40921|priority:1|startupRole:FOLLOWER] returns group-FC8DF440C2CC:java.util.concurrent.CompletableFuture@606fba8b[Not completed]
2023-03-23 08:06:14,647 [pool-363-thread-1] INFO  server.RaftServer$Division (RaftServerImpl.java:<init>(195)) - 0838c789-5be6-4b53-844e-73c82c080a18: new RaftServerImpl for group-FC8DF440C2CC:[9852ed25-ff4d-4e5e-8bb3-2709f3d2ddbb|rpc:10.1.0.214:42709|dataStream:10.1.0.214:41309|priority:0|startupRole:FOLLOWER, 2b202a02-6273-4262-ac40-cc676055620c|rpc:10.1.0.214:46245|dataStream:10.1.0.214:42641|priority:0|startupRole:FOLLOWER, 0838c789-5be6-4b53-844e-73c82c080a18|rpc:10.1.0.214:41851|dataStream:10.1.0.214:40921|priority:1|startupRole:FOLLOWER] with ContainerStateMachine:uninitialized
2023-03-23 08:06:14,647 [pool-363-thread-1] INFO  server.RaftServerConfigKeys (ConfUtils.java:logGet(46)) - raft.server.rpc.timeout.min = 5s (custom)
2023-03-23 08:06:14,647 [pool-363-thread-1] INFO  server.RaftServerConfigKeys (ConfUtils.java:logGet(46)) - raft.server.rpc.timeout.max = 5200ms (custom)
2023-03-23 08:06:14,648 [pool-363-thread-1] INFO  server.RaftServerConfigKeys (ConfUtils.java:logGet(46)) - raft.server.rpc.sleep.time = 25ms (default)
2023-03-23 08:06:14,648 [pool-363-thread-1] INFO  server.RaftServerConfigKeys (ConfUtils.java:logGet(46)) - raft.server.rpc.slowness.timeout = 300s (custom)
2023-03-23 08:06:14,648 [pool-363-thread-1] INFO  server.RaftServerConfigKeys (ConfUtils.java:logGet(46)) - raft.server.leaderelection.leader.step-down.wait-time = 10s (default)
2023-03-23 08:06:14,648 [pool-363-thread-1] INFO  server.RaftServerConfigKeys (ConfUtils.java:logGet(46)) - raft.server.sleep.deviation.threshold = 300ms (default)
2023-03-23 08:06:14,648 [pool-363-thread-1] INFO  server.RaftServer$Division (ServerState.java:<init>(118)) - 0838c789-5be6-4b53-844e-73c82c080a18@group-FC8DF440C2CC: ConfigurationManager, init=-1: peers:[9852ed25-ff4d-4e5e-8bb3-2709f3d2ddbb|rpc:10.1.0.214:42709|dataStream:10.1.0.214:41309|priority:0|startupRole:FOLLOWER, 2b202a02-6273-4262-ac40-cc676055620c|rpc:10.1.0.214:46245|dataStream:10.1.0.214:42641|priority:0|startupRole:FOLLOWER, 0838c789-5be6-4b53-844e-73c82c080a18|rpc:10.1.0.214:41851|dataStream:10.1.0.214:40921|priority:1|startupRole:FOLLOWER]|listeners:[], old=null, confs=<EMPTY_MAP>
2023-03-23 08:06:14,648 [pool-363-thread-1] INFO  server.RaftServerConfigKeys (ConfUtils.java:logGet(46)) - raft.server.storage.dir = [/home/runner/work/ozone/ozone/hadoop-ozone/integration-test/target/test-dir/MiniOzoneClusterImpl-83429495-af89-4435-a907-dab059fcfd42/datanode-0/data/ratis] (custom)
2023-03-23 08:06:14,648 [pool-363-thread-1] INFO  server.RaftServerConfigKeys (ConfUtils.java:logGet(46)) - raft.server.log.corruption.policy = EXCEPTION (default)
2023-03-23 08:06:14,648 [pool-363-thread-1] INFO  server.RaftServerConfigKeys (ConfUtils.java:logGet(46)) - raft.server.storage.free-space.min = 0MB (=0) (default)
2023-03-23 08:06:14,648 [pool-363-thread-1] INFO  server.RaftServerConfigKeys (ConfUtils.java:logGet(46)) - raft.server.notification.no-leader.timeout = 300s (custom)
2023-03-23 08:06:14,648 [pool-363-thread-1] INFO  server.RaftServerConfigKeys (ConfUtils.java:logGet(46)) - raft.server.retrycache.expirytime = 600000ms (custom)
2023-03-23 08:06:14,648 [pool-363-thread-1] INFO  server.RaftServerConfigKeys (ConfUtils.java:logGet(46)) - raft.server.retrycache.statistics.expirytime = 100μs (default)
2023-03-23 08:06:14,649 [pool-363-thread-1] INFO  server.RaftServerConfigKeys (ConfUtils.java:logGet(46)) - raft.server.log.appender.install.snapshot.enabled = false (custom)
2023-03-23 08:06:14,649 [pool-363-thread-1] INFO  server.RaftServerConfigKeys (ConfUtils.java:logGet(46)) - raft.server.threadpool.server.cached = true (default)
2023-03-23 08:06:14,649 [pool-363-thread-1] INFO  server.RaftServerConfigKeys (ConfUtils.java:logGet(46)) - raft.server.threadpool.server.size = 0 (default)
2023-03-23 08:06:14,649 [pool-363-thread-1] INFO  server.RaftServerConfigKeys (ConfUtils.java:logGet(46)) - raft.server.threadpool.client.cached = true (default)
2023-03-23 08:06:14,649 [pool-363-thread-1] INFO  server.RaftServerConfigKeys (ConfUtils.java:logGet(46)) - raft.server.threadpool.client.size = 0 (default)
2023-03-23 08:06:14,650 [pool-363-thread-1] INFO  storage.RaftStorageDirectory (RaftStorageDirectoryImpl.java:analyzeStorage(137)) - The storage directory /home/runner/work/ozone/ozone/hadoop-ozone/integration-test/target/test-dir/MiniOzoneClusterImpl-83429495-af89-4435-a907-dab059fcfd42/datanode-0/data/ratis/60f4dc05-4e25-430c-932c-fc8df440c2cc does not exist. Creating ...
2023-03-23 08:06:14,652 [pool-363-thread-1] INFO  storage.RaftStorageDirectory (RaftStorageDirectoryImpl.java:tryLock(231)) - Lock on /home/runner/work/ozone/ozone/hadoop-ozone/integration-test/target/test-dir/MiniOzoneClusterImpl-83429495-af89-4435-a907-dab059fcfd42/datanode-0/data/ratis/60f4dc05-4e25-430c-932c-fc8df440c2cc/in_use.lock acquired by nodename 6812@fv-az105-497
2023-03-23 08:06:14,653 [pool-363-thread-1] INFO  storage.RaftStorage (RaftStorageImpl.java:format(96)) - Storage directory /home/runner/work/ozone/ozone/hadoop-ozone/integration-test/target/test-dir/MiniOzoneClusterImpl-83429495-af89-4435-a907-dab059fcfd42/datanode-0/data/ratis/60f4dc05-4e25-430c-932c-fc8df440c2cc has been successfully formatted.
2023-03-23 08:06:14,653 [pool-363-thread-1] INFO  ratis.ContainerStateMachine (ContainerStateMachine.java:loadSnapshot(262)) - group-FC8DF440C2CC: The snapshot info is null. Setting the last applied indexto:(t:0, i:~)
2023-03-23 08:06:14,654 [pool-363-thread-1] INFO  server.RaftServerConfigKeys (ConfUtils.java:logGet(46)) - raft.server.log.use.memory = false (default)
2023-03-23 08:06:14,654 [pool-363-thread-1] INFO  server.RaftServerConfigKeys (ConfUtils.java:logGet(46)) - raft.server.log.purge.gap = 1000000 (custom)
2023-03-23 08:06:14,654 [pool-363-thread-1] INFO  server.RaftServerConfigKeys (ConfUtils.java:logGet(46)) - raft.server.log.appender.buffer.byte-limit = 33554432 (custom)
2023-03-23 08:06:14,654 [pool-363-thread-1] INFO  server.RaftServerConfigKeys (ConfUtils.java:logGet(46)) - raft.server.log.statemachine.data.read.timeout = 1000ms (default)
2023-03-23 08:06:14,654 [pool-363-thread-1] INFO  server.RaftServerConfigKeys (ConfUtils.java:logGet(46)) - raft.server.log.purge.preservation.log.num = 0 (default)
2023-03-23 08:06:14,655 [pool-363-thread-1] INFO  server.RaftServerConfigKeys (ConfUtils.java:logGet(46)) - raft.server.log.segment.size.max = 1048576 (custom)
2023-03-23 08:06:14,656 [pool-363-thread-1] INFO  server.RaftServerConfigKeys (ConfUtils.java:logGet(46)) - raft.server.log.segment.cache.num.max = 2 (custom)
2023-03-23 08:06:14,656 [pool-363-thread-1] INFO  server.RaftServerConfigKeys (ConfUtils.java:logGet(46)) - raft.server.log.segment.cache.size.max = 200MB (=209715200) (default)
2023-03-23 08:06:14,656 [pool-363-thread-1] INFO  segmented.SegmentedRaftLogWorker (SegmentedRaftLogWorker.java:<init>(189)) - new 0838c789-5be6-4b53-844e-73c82c080a18@group-FC8DF440C2CC-SegmentedRaftLogWorker for RaftStorageImpl:Storage Directory /home/runner/work/ozone/ozone/hadoop-ozone/integration-test/target/test-dir/MiniOzoneClusterImpl-83429495-af89-4435-a907-dab059fcfd42/datanode-0/data/ratis/60f4dc05-4e25-430c-932c-fc8df440c2cc
2023-03-23 08:06:14,656 [pool-363-thread-1] INFO  server.RaftServerConfigKeys (ConfUtils.java:logGet(46)) - raft.server.log.queue.byte-limit = 4294967296 (custom)
2023-03-23 08:06:14,656 [pool-363-thread-1] INFO  server.RaftServerConfigKeys (ConfUtils.java:logGet(46)) - raft.server.log.queue.element-limit = 1024 (custom)
2023-03-23 08:06:14,656 [pool-363-thread-1] INFO  server.RaftServerConfigKeys (ConfUtils.java:logGet(46)) - raft.server.log.segment.size.max = 1048576 (custom)
2023-03-23 08:06:14,656 [pool-363-thread-1] INFO  server.RaftServerConfigKeys (ConfUtils.java:logGet(46)) - raft.server.log.preallocated.size = 16384 (custom)
2023-03-23 08:06:14,656 [pool-363-thread-1] INFO  server.RaftServerConfigKeys (ConfUtils.java:logGet(46)) - raft.server.log.force.sync.num = 128 (default)
2023-03-23 08:06:14,656 [pool-363-thread-1] INFO  server.RaftServerConfigKeys (ConfUtils.java:logGet(46)) - raft.server.log.statemachine.data.sync = true (default)
2023-03-23 08:06:14,656 [pool-363-thread-1] INFO  server.RaftServerConfigKeys (ConfUtils.java:logGet(46)) - raft.server.log.statemachine.data.sync.timeout = 10s (default)
2023-03-23 08:06:14,656 [pool-363-thread-1] INFO  server.RaftServerConfigKeys (ConfUtils.java:logGet(46)) - raft.server.log.statemachine.data.sync.timeout.retry = -1 (default)
2023-03-23 08:06:14,657 [pool-363-thread-1] INFO  server.RaftServerConfigKeys (ConfUtils.java:logGet(46)) - raft.server.log.write.buffer.size = 1048576 (custom)
2023-03-23 08:06:14,658 [pool-363-thread-1] INFO  server.RaftServerConfigKeys (ConfUtils.java:logGet(46)) - raft.server.log.appender.buffer.byte-limit = 33554432 (custom)
2023-03-23 08:06:14,663 [pool-363-thread-1] INFO  server.RaftServerConfigKeys (ConfUtils.java:logGet(46)) - raft.server.log.unsafe-flush.enabled = false (default)
2023-03-23 08:06:14,663 [pool-363-thread-1] INFO  server.RaftServerConfigKeys (ConfUtils.java:logGet(46)) - raft.server.log.async-flush.enabled = false (default)
2023-03-23 08:06:14,663 [pool-363-thread-1] INFO  server.RaftServerConfigKeys (ConfUtils.java:logGet(46)) - raft.server.log.statemachine.data.caching.enabled = true (custom)
2023-03-23 08:06:14,663 [pool-363-thread-1] INFO  segmented.SegmentedRaftLogWorker (SegmentedRaftLogWorker.java:lambda$new$0(135)) - 0838c789-5be6-4b53-844e-73c82c080a18@group-FC8DF440C2CC-SegmentedRaftLogWorker: flushIndex: setUnconditionally 0 -> -1
2023-03-23 08:06:14,663 [pool-363-thread-1] INFO  segmented.SegmentedRaftLogWorker (SegmentedRaftLogWorker.java:lambda$new$0(135)) - 0838c789-5be6-4b53-844e-73c82c080a18@group-FC8DF440C2CC-SegmentedRaftLogWorker: safeCacheEvictIndex: setUnconditionally 0 -> -1
2023-03-23 08:06:14,664 [pool-363-thread-1] INFO  server.RaftServer$Division (RaftServerImpl.java:start(334)) - 0838c789-5be6-4b53-844e-73c82c080a18@group-FC8DF440C2CC: start as a follower, conf=-1: peers:[9852ed25-ff4d-4e5e-8bb3-2709f3d2ddbb|rpc:10.1.0.214:42709|dataStream:10.1.0.214:41309|priority:0|startupRole:FOLLOWER, 2b202a02-6273-4262-ac40-cc676055620c|rpc:10.1.0.214:46245|dataStream:10.1.0.214:42641|priority:0|startupRole:FOLLOWER, 0838c789-5be6-4b53-844e-73c82c080a18|rpc:10.1.0.214:41851|dataStream:10.1.0.214:40921|priority:1|startupRole:FOLLOWER]|listeners:[], old=null
2023-03-23 08:06:14,664 [pool-363-thread-1] INFO  server.RaftServer$Division (RaftServerImpl.java:setRole(321)) - 0838c789-5be6-4b53-844e-73c82c080a18@group-FC8DF440C2CC: changes role from      null to FOLLOWER at term 0 for startAsFollower
2023-03-23 08:06:14,664 [pool-363-thread-1] INFO  impl.RoleInfo (RoleInfo.java:updateAndGet(139)) - 0838c789-5be6-4b53-844e-73c82c080a18: start 0838c789-5be6-4b53-844e-73c82c080a18@group-FC8DF440C2CC-FollowerState
2023-03-23 08:06:14,664 [pool-363-thread-1] INFO  util.JmxRegister (JmxRegister.java:tryRegister(44)) - Successfully registered JMX Bean with object name Ratis:service=RaftServer,group=group-FC8DF440C2CC,id=0838c789-5be6-4b53-844e-73c82c080a18
2023-03-23 08:06:14,664 [pool-363-thread-1] INFO  server.RaftServerConfigKeys (ConfUtils.java:logGet(46)) - raft.server.snapshot.auto.trigger.enabled = true (custom)
2023-03-23 08:06:14,664 [pool-363-thread-1] INFO  server.RaftServerConfigKeys (ConfUtils.java:logGet(46)) - raft.server.snapshot.auto.trigger.threshold = 10000 (custom)
2023-03-23 08:06:14,664 [pool-363-thread-1] INFO  server.RaftServerConfigKeys (ConfUtils.java:logGet(46)) - raft.server.snapshot.retention.file.num = 5 (custom)
2023-03-23 08:06:14,664 [pool-363-thread-1] INFO  server.RaftServerConfigKeys (ConfUtils.java:logGet(46)) - raft.server.log.purge.upto.snapshot.index = false (default)
2023-03-23 08:06:14,665 [0838c789-5be6-4b53-844e-73c82c080a18@group-FC8DF440C2CC-FollowerState] INFO  server.RaftServerConfigKeys (ConfUtils.java:logFallback(53)) - raft.server.rpc.first-election.timeout.min = 5s (fallback to raft.server.rpc.timeout.min)
2023-03-23 08:06:14,665 [Command processor thread] INFO  ratis.XceiverServerRatis (XceiverServerRatis.java:addGroup(807)) - Created group PipelineID=60f4dc05-4e25-430c-932c-fc8df440c2cc
2023-03-23 08:06:14,674 [0838c789-5be6-4b53-844e-73c82c080a18@group-FC8DF440C2CC-FollowerState] INFO  server.RaftServerConfigKeys (ConfUtils.java:logFallback(53)) - raft.server.rpc.first-election.timeout.max = 5200ms (fallback to raft.server.rpc.timeout.max)
2023-03-23 08:06:14,694 [grpc-default-executor-0] INFO  server.RaftServer (RaftServerProxy.java:addNew(96)) - 2b202a02-6273-4262-ac40-cc676055620c: addNew group-FC8DF440C2CC:[9852ed25-ff4d-4e5e-8bb3-2709f3d2ddbb|rpc:10.1.0.214:42709|dataStream:10.1.0.214:41309|priority:0|startupRole:FOLLOWER, 2b202a02-6273-4262-ac40-cc676055620c|rpc:10.1.0.214:46245|dataStream:10.1.0.214:42641|priority:0|startupRole:FOLLOWER, 0838c789-5be6-4b53-844e-73c82c080a18|rpc:10.1.0.214:41851|dataStream:10.1.0.214:40921|priority:1|startupRole:FOLLOWER] returns group-FC8DF440C2CC:java.util.concurrent.CompletableFuture@31632e7f[Not completed]
2023-03-23 08:06:14,696 [pool-407-thread-1] INFO  server.RaftServer$Division (RaftServerImpl.java:<init>(195)) - 2b202a02-6273-4262-ac40-cc676055620c: new RaftServerImpl for group-FC8DF440C2CC:[9852ed25-ff4d-4e5e-8bb3-2709f3d2ddbb|rpc:10.1.0.214:42709|dataStream:10.1.0.214:41309|priority:0|startupRole:FOLLOWER, 2b202a02-6273-4262-ac40-cc676055620c|rpc:10.1.0.214:46245|dataStream:10.1.0.214:42641|priority:0|startupRole:FOLLOWER, 0838c789-5be6-4b53-844e-73c82c080a18|rpc:10.1.0.214:41851|dataStream:10.1.0.214:40921|priority:1|startupRole:FOLLOWER] with ContainerStateMachine:uninitialized
2023-03-23 08:06:14,696 [pool-407-thread-1] INFO  server.RaftServerConfigKeys (ConfUtils.java:logGet(46)) - raft.server.rpc.timeout.min = 5s (custom)
2023-03-23 08:06:14,696 [pool-407-thread-1] INFO  server.RaftServerConfigKeys (ConfUtils.java:logGet(46)) - raft.server.rpc.timeout.max = 5200ms (custom)
2023-03-23 08:06:14,696 [pool-407-thread-1] INFO  server.RaftServerConfigKeys (ConfUtils.java:logGet(46)) - raft.server.rpc.sleep.time = 25ms (default)
2023-03-23 08:06:14,696 [pool-407-thread-1] INFO  server.RaftServerConfigKeys (ConfUtils.java:logGet(46)) - raft.server.rpc.slowness.timeout = 300s (custom)
2023-03-23 08:06:14,696 [pool-407-thread-1] INFO  server.RaftServerConfigKeys (ConfUtils.java:logGet(46)) - raft.server.leaderelection.leader.step-down.wait-time = 10s (default)
2023-03-23 08:06:14,697 [pool-407-thread-1] INFO  server.RaftServerConfigKeys (ConfUtils.java:logGet(46)) - raft.server.sleep.deviation.threshold = 300ms (default)
2023-03-23 08:06:14,698 [pool-407-thread-1] INFO  server.RaftServer$Division (ServerState.java:<init>(118)) - 2b202a02-6273-4262-ac40-cc676055620c@group-FC8DF440C2CC: ConfigurationManager, init=-1: peers:[9852ed25-ff4d-4e5e-8bb3-2709f3d2ddbb|rpc:10.1.0.214:42709|dataStream:10.1.0.214:41309|priority:0|startupRole:FOLLOWER, 2b202a02-6273-4262-ac40-cc676055620c|rpc:10.1.0.214:46245|dataStream:10.1.0.214:42641|priority:0|startupRole:FOLLOWER, 0838c789-5be6-4b53-844e-73c82c080a18|rpc:10.1.0.214:41851|dataStream:10.1.0.214:40921|priority:1|startupRole:FOLLOWER]|listeners:[], old=null, confs=<EMPTY_MAP>
2023-03-23 08:06:14,698 [pool-407-thread-1] INFO  server.RaftServerConfigKeys (ConfUtils.java:logGet(46)) - raft.server.storage.dir = [/home/runner/work/ozone/ozone/hadoop-ozone/integration-test/target/test-dir/MiniOzoneClusterImpl-83429495-af89-4435-a907-dab059fcfd42/datanode-2/data/ratis] (custom)
2023-03-23 08:06:14,698 [pool-407-thread-1] INFO  server.RaftServerConfigKeys (ConfUtils.java:logGet(46)) - raft.server.log.corruption.policy = EXCEPTION (default)
2023-03-23 08:06:14,698 [pool-407-thread-1] INFO  server.RaftServerConfigKeys (ConfUtils.java:logGet(46)) - raft.server.storage.free-space.min = 0MB (=0) (default)
2023-03-23 08:06:14,698 [pool-407-thread-1] INFO  server.RaftServerConfigKeys (ConfUtils.java:logGet(46)) - raft.server.notification.no-leader.timeout = 300s (custom)
2023-03-23 08:06:14,698 [pool-407-thread-1] INFO  server.RaftServerConfigKeys (ConfUtils.java:logGet(46)) - raft.server.retrycache.expirytime = 600000ms (custom)
2023-03-23 08:06:14,698 [pool-407-thread-1] INFO  server.RaftServerConfigKeys (ConfUtils.java:logGet(46)) - raft.server.retrycache.statistics.expirytime = 100μs (default)
2023-03-23 08:06:14,699 [pool-407-thread-1] INFO  server.RaftServerConfigKeys (ConfUtils.java:logGet(46)) - raft.server.log.appender.install.snapshot.enabled = false (custom)
2023-03-23 08:06:14,699 [pool-407-thread-1] INFO  server.RaftServerConfigKeys (ConfUtils.java:logGet(46)) - raft.server.threadpool.server.cached = true (default)
2023-03-23 08:06:14,699 [pool-407-thread-1] INFO  server.RaftServerConfigKeys (ConfUtils.java:logGet(46)) - raft.server.threadpool.server.size = 0 (default)
2023-03-23 08:06:14,700 [pool-407-thread-1] INFO  server.RaftServerConfigKeys (ConfUtils.java:logGet(46)) - raft.server.threadpool.client.cached = true (default)
2023-03-23 08:06:14,700 [pool-407-thread-1] INFO  server.RaftServerConfigKeys (ConfUtils.java:logGet(46)) - raft.server.threadpool.client.size = 0 (default)
2023-03-23 08:06:14,700 [pool-407-thread-1] INFO  storage.RaftStorageDirectory (RaftStorageDirectoryImpl.java:analyzeStorage(137)) - The storage directory /home/runner/work/ozone/ozone/hadoop-ozone/integration-test/target/test-dir/MiniOzoneClusterImpl-83429495-af89-4435-a907-dab059fcfd42/datanode-2/data/ratis/60f4dc05-4e25-430c-932c-fc8df440c2cc does not exist. Creating ...
2023-03-23 08:06:14,701 [pool-407-thread-1] INFO  storage.RaftStorageDirectory (RaftStorageDirectoryImpl.java:tryLock(231)) - Lock on /home/runner/work/ozone/ozone/hadoop-ozone/integration-test/target/test-dir/MiniOzoneClusterImpl-83429495-af89-4435-a907-dab059fcfd42/datanode-2/data/ratis/60f4dc05-4e25-430c-932c-fc8df440c2cc/in_use.lock acquired by nodename 6812@fv-az105-497
2023-03-23 08:06:14,702 [pool-407-thread-1] INFO  storage.RaftStorage (RaftStorageImpl.java:format(96)) - Storage directory /home/runner/work/ozone/ozone/hadoop-ozone/integration-test/target/test-dir/MiniOzoneClusterImpl-83429495-af89-4435-a907-dab059fcfd42/datanode-2/data/ratis/60f4dc05-4e25-430c-932c-fc8df440c2cc has been successfully formatted.
2023-03-23 08:06:14,703 [pool-407-thread-1] INFO  ratis.ContainerStateMachine (ContainerStateMachine.java:loadSnapshot(262)) - group-FC8DF440C2CC: The snapshot info is null. Setting the last applied indexto:(t:0, i:~)
2023-03-23 08:06:14,703 [pool-407-thread-1] INFO  server.RaftServerConfigKeys (ConfUtils.java:logGet(46)) - raft.server.log.use.memory = false (default)
2023-03-23 08:06:14,703 [pool-407-thread-1] INFO  server.RaftServerConfigKeys (ConfUtils.java:logGet(46)) - raft.server.log.purge.gap = 1000000 (custom)
2023-03-23 08:06:14,703 [pool-407-thread-1] INFO  server.RaftServerConfigKeys (ConfUtils.java:logGet(46)) - raft.server.log.appender.buffer.byte-limit = 33554432 (custom)
2023-03-23 08:06:14,703 [pool-407-thread-1] INFO  server.RaftServerConfigKeys (ConfUtils.java:logGet(46)) - raft.server.log.statemachine.data.read.timeout = 1000ms (default)
2023-03-23 08:06:14,703 [pool-407-thread-1] INFO  server.RaftServerConfigKeys (ConfUtils.java:logGet(46)) - raft.server.log.purge.preservation.log.num = 0 (default)
2023-03-23 08:06:14,703 [pool-407-thread-1] INFO  server.RaftServerConfigKeys (ConfUtils.java:logGet(46)) - raft.server.log.segment.size.max = 1048576 (custom)
2023-03-23 08:06:14,704 [pool-407-thread-1] INFO  server.RaftServerConfigKeys (ConfUtils.java:logGet(46)) - raft.server.log.segment.cache.num.max = 2 (custom)
2023-03-23 08:06:14,704 [pool-407-thread-1] INFO  server.RaftServerConfigKeys (ConfUtils.java:logGet(46)) - raft.server.log.segment.cache.size.max = 200MB (=209715200) (default)
2023-03-23 08:06:14,704 [pool-407-thread-1] INFO  segmented.SegmentedRaftLogWorker (SegmentedRaftLogWorker.java:<init>(189)) - new 2b202a02-6273-4262-ac40-cc676055620c@group-FC8DF440C2CC-SegmentedRaftLogWorker for RaftStorageImpl:Storage Directory /home/runner/work/ozone/ozone/hadoop-ozone/integration-test/target/test-dir/MiniOzoneClusterImpl-83429495-af89-4435-a907-dab059fcfd42/datanode-2/data/ratis/60f4dc05-4e25-430c-932c-fc8df440c2cc
2023-03-23 08:06:14,705 [pool-407-thread-1] INFO  server.RaftServerConfigKeys (ConfUtils.java:logGet(46)) - raft.server.log.queue.byte-limit = 4294967296 (custom)
2023-03-23 08:06:14,705 [pool-407-thread-1] INFO  server.RaftServerConfigKeys (ConfUtils.java:logGet(46)) - raft.server.log.queue.element-limit = 1024 (custom)
2023-03-23 08:06:14,705 [pool-407-thread-1] INFO  server.RaftServerConfigKeys (ConfUtils.java:logGet(46)) - raft.server.log.segment.size.max = 1048576 (custom)
2023-03-23 08:06:14,705 [pool-407-thread-1] INFO  server.RaftServerConfigKeys (ConfUtils.java:logGet(46)) - raft.server.log.preallocated.size = 16384 (custom)
2023-03-23 08:06:14,705 [pool-407-thread-1] INFO  server.RaftServerConfigKeys (ConfUtils.java:logGet(46)) - raft.server.log.force.sync.num = 128 (default)
2023-03-23 08:06:14,705 [pool-407-thread-1] INFO  server.RaftServerConfigKeys (ConfUtils.java:logGet(46)) - raft.server.log.statemachine.data.sync = true (default)
2023-03-23 08:06:14,705 [pool-407-thread-1] INFO  server.RaftServerConfigKeys (ConfUtils.java:logGet(46)) - raft.server.log.statemachine.data.sync.timeout = 10s (default)
2023-03-23 08:06:14,705 [pool-407-thread-1] INFO  server.RaftServerConfigKeys (ConfUtils.java:logGet(46)) - raft.server.log.statemachine.data.sync.timeout.retry = -1 (default)
2023-03-23 08:06:14,705 [pool-407-thread-1] INFO  server.RaftServerConfigKeys (ConfUtils.java:logGet(46)) - raft.server.log.write.buffer.size = 1048576 (custom)
2023-03-23 08:06:14,706 [pool-407-thread-1] INFO  server.RaftServerConfigKeys (ConfUtils.java:logGet(46)) - raft.server.log.appender.buffer.byte-limit = 33554432 (custom)
2023-03-23 08:06:14,711 [pool-407-thread-1] INFO  server.RaftServerConfigKeys (ConfUtils.java:logGet(46)) - raft.server.log.unsafe-flush.enabled = false (default)
2023-03-23 08:06:14,711 [pool-407-thread-1] INFO  server.RaftServerConfigKeys (ConfUtils.java:logGet(46)) - raft.server.log.async-flush.enabled = false (default)
2023-03-23 08:06:14,711 [pool-407-thread-1] INFO  server.RaftServerConfigKeys (ConfUtils.java:logGet(46)) - raft.server.log.statemachine.data.caching.enabled = true (custom)
2023-03-23 08:06:14,711 [pool-407-thread-1] INFO  segmented.SegmentedRaftLogWorker (SegmentedRaftLogWorker.java:lambda$new$0(135)) - 2b202a02-6273-4262-ac40-cc676055620c@group-FC8DF440C2CC-SegmentedRaftLogWorker: flushIndex: setUnconditionally 0 -> -1
2023-03-23 08:06:14,711 [pool-407-thread-1] INFO  segmented.SegmentedRaftLogWorker (SegmentedRaftLogWorker.java:lambda$new$0(135)) - 2b202a02-6273-4262-ac40-cc676055620c@group-FC8DF440C2CC-SegmentedRaftLogWorker: safeCacheEvictIndex: setUnconditionally 0 -> -1
2023-03-23 08:06:14,712 [pool-407-thread-1] INFO  server.RaftServer$Division (RaftServerImpl.java:start(334)) - 2b202a02-6273-4262-ac40-cc676055620c@group-FC8DF440C2CC: start as a follower, conf=-1: peers:[9852ed25-ff4d-4e5e-8bb3-2709f3d2ddbb|rpc:10.1.0.214:42709|dataStream:10.1.0.214:41309|priority:0|startupRole:FOLLOWER, 2b202a02-6273-4262-ac40-cc676055620c|rpc:10.1.0.214:46245|dataStream:10.1.0.214:42641|priority:0|startupRole:FOLLOWER, 0838c789-5be6-4b53-844e-73c82c080a18|rpc:10.1.0.214:41851|dataStream:10.1.0.214:40921|priority:1|startupRole:FOLLOWER]|listeners:[], old=null
2023-03-23 08:06:14,712 [pool-407-thread-1] INFO  server.RaftServer$Division (RaftServerImpl.java:setRole(321)) - 2b202a02-6273-4262-ac40-cc676055620c@group-FC8DF440C2CC: changes role from      null to FOLLOWER at term 0 for startAsFollower
2023-03-23 08:06:14,712 [pool-407-thread-1] INFO  impl.RoleInfo (RoleInfo.java:updateAndGet(139)) - 2b202a02-6273-4262-ac40-cc676055620c: start 2b202a02-6273-4262-ac40-cc676055620c@group-FC8DF440C2CC-FollowerState
2023-03-23 08:06:14,712 [pool-407-thread-1] INFO  util.JmxRegister (JmxRegister.java:tryRegister(44)) - Successfully registered JMX Bean with object name Ratis:service=RaftServer,group=group-FC8DF440C2CC,id=2b202a02-6273-4262-ac40-cc676055620c
2023-03-23 08:06:14,712 [pool-407-thread-1] INFO  server.RaftServerConfigKeys (ConfUtils.java:logGet(46)) - raft.server.snapshot.auto.trigger.enabled = true (custom)
2023-03-23 08:06:14,712 [pool-407-thread-1] INFO  server.RaftServerConfigKeys (ConfUtils.java:logGet(46)) - raft.server.snapshot.auto.trigger.threshold = 10000 (custom)
2023-03-23 08:06:14,712 [pool-407-thread-1] INFO  server.RaftServerConfigKeys (ConfUtils.java:logGet(46)) - raft.server.snapshot.retention.file.num = 5 (custom)
2023-03-23 08:06:14,712 [pool-407-thread-1] INFO  server.RaftServerConfigKeys (ConfUtils.java:logGet(46)) - raft.server.log.purge.upto.snapshot.index = false (default)
2023-03-23 08:06:14,713 [2b202a02-6273-4262-ac40-cc676055620c@group-FC8DF440C2CC-FollowerState] INFO  server.RaftServerConfigKeys (ConfUtils.java:logFallback(53)) - raft.server.rpc.first-election.timeout.min = 5s (fallback to raft.server.rpc.timeout.min)
2023-03-23 08:06:14,720 [2b202a02-6273-4262-ac40-cc676055620c@group-FC8DF440C2CC-FollowerState] INFO  server.RaftServerConfigKeys (ConfUtils.java:logFallback(53)) - raft.server.rpc.first-election.timeout.max = 5200ms (fallback to raft.server.rpc.timeout.max)
2023-03-23 08:06:14,721 [BlockDeletingService#2] INFO  interfaces.ContainerDeletionChoosingPolicyTemplate (ContainerDeletionChoosingPolicyTemplate.java:chooseContainerForBlockDeletion(83)) - Chosen 0/5000 blocks from 0 candidate containers.
2023-03-23 08:06:14,721 [BlockDeletingService#2] INFO  interfaces.ContainerDeletionChoosingPolicyTemplate (ContainerDeletionChoosingPolicyTemplate.java:chooseContainerForBlockDeletion(83)) - Chosen 0/5000 blocks from 0 candidate containers.
2023-03-23 08:06:14,743 [grpc-default-executor-0] INFO  server.RaftServer (RaftServerProxy.java:addNew(96)) - 9852ed25-ff4d-4e5e-8bb3-2709f3d2ddbb: addNew group-FC8DF440C2CC:[9852ed25-ff4d-4e5e-8bb3-2709f3d2ddbb|rpc:10.1.0.214:42709|dataStream:10.1.0.214:41309|priority:0|startupRole:FOLLOWER, 2b202a02-6273-4262-ac40-cc676055620c|rpc:10.1.0.214:46245|dataStream:10.1.0.214:42641|priority:0|startupRole:FOLLOWER, 0838c789-5be6-4b53-844e-73c82c080a18|rpc:10.1.0.214:41851|dataStream:10.1.0.214:40921|priority:1|startupRole:FOLLOWER] returns group-FC8DF440C2CC:java.util.concurrent.CompletableFuture@b65ab40[Not completed]
2023-03-23 08:06:14,743 [BlockDeletingService#2] INFO  interfaces.ContainerDeletionChoosingPolicyTemplate (ContainerDeletionChoosingPolicyTemplate.java:chooseContainerForBlockDeletion(83)) - Chosen 0/5000 blocks from 0 candidate containers.
2023-03-23 08:06:14,744 [pool-385-thread-1] INFO  server.RaftServer$Division (RaftServerImpl.java:<init>(195)) - 9852ed25-ff4d-4e5e-8bb3-2709f3d2ddbb: new RaftServerImpl for group-FC8DF440C2CC:[9852ed25-ff4d-4e5e-8bb3-2709f3d2ddbb|rpc:10.1.0.214:42709|dataStream:10.1.0.214:41309|priority:0|startupRole:FOLLOWER, 2b202a02-6273-4262-ac40-cc676055620c|rpc:10.1.0.214:46245|dataStream:10.1.0.214:42641|priority:0|startupRole:FOLLOWER, 0838c789-5be6-4b53-844e-73c82c080a18|rpc:10.1.0.214:41851|dataStream:10.1.0.214:40921|priority:1|startupRole:FOLLOWER] with ContainerStateMachine:uninitialized
2023-03-23 08:06:14,744 [pool-385-thread-1] INFO  server.RaftServerConfigKeys (ConfUtils.java:logGet(46)) - raft.server.rpc.timeout.min = 5s (custom)
2023-03-23 08:06:14,744 [pool-385-thread-1] INFO  server.RaftServerConfigKeys (ConfUtils.java:logGet(46)) - raft.server.rpc.timeout.max = 5200ms (custom)
2023-03-23 08:06:14,745 [pool-385-thread-1] INFO  server.RaftServerConfigKeys (ConfUtils.java:logGet(46)) - raft.server.rpc.sleep.time = 25ms (default)
2023-03-23 08:06:14,745 [pool-385-thread-1] INFO  server.RaftServerConfigKeys (ConfUtils.java:logGet(46)) - raft.server.rpc.slowness.timeout = 300s (custom)
2023-03-23 08:06:14,745 [pool-385-thread-1] INFO  server.RaftServerConfigKeys (ConfUtils.java:logGet(46)) - raft.server.leaderelection.leader.step-down.wait-time = 10s (default)
2023-03-23 08:06:14,745 [pool-385-thread-1] INFO  server.RaftServerConfigKeys (ConfUtils.java:logGet(46)) - raft.server.sleep.deviation.threshold = 300ms (default)
2023-03-23 08:06:14,745 [pool-385-thread-1] INFO  server.RaftServer$Division (ServerState.java:<init>(118)) - 9852ed25-ff4d-4e5e-8bb3-2709f3d2ddbb@group-FC8DF440C2CC: ConfigurationManager, init=-1: peers:[9852ed25-ff4d-4e5e-8bb3-2709f3d2ddbb|rpc:10.1.0.214:42709|dataStream:10.1.0.214:41309|priority:0|startupRole:FOLLOWER, 2b202a02-6273-4262-ac40-cc676055620c|rpc:10.1.0.214:46245|dataStream:10.1.0.214:42641|priority:0|startupRole:FOLLOWER, 0838c789-5be6-4b53-844e-73c82c080a18|rpc:10.1.0.214:41851|dataStream:10.1.0.214:40921|priority:1|startupRole:FOLLOWER]|listeners:[], old=null, confs=<EMPTY_MAP>
2023-03-23 08:06:14,745 [pool-385-thread-1] INFO  server.RaftServerConfigKeys (ConfUtils.java:logGet(46)) - raft.server.storage.dir = [/home/runner/work/ozone/ozone/hadoop-ozone/integration-test/target/test-dir/MiniOzoneClusterImpl-83429495-af89-4435-a907-dab059fcfd42/datanode-1/data/ratis] (custom)
2023-03-23 08:06:14,745 [pool-385-thread-1] INFO  server.RaftServerConfigKeys (ConfUtils.java:logGet(46)) - raft.server.log.corruption.policy = EXCEPTION (default)
2023-03-23 08:06:14,745 [pool-385-thread-1] INFO  server.RaftServerConfigKeys (ConfUtils.java:logGet(46)) - raft.server.storage.free-space.min = 0MB (=0) (default)
2023-03-23 08:06:14,745 [pool-385-thread-1] INFO  server.RaftServerConfigKeys (ConfUtils.java:logGet(46)) - raft.server.notification.no-leader.timeout = 300s (custom)
2023-03-23 08:06:14,745 [pool-385-thread-1] INFO  server.RaftServerConfigKeys (ConfUtils.java:logGet(46)) - raft.server.retrycache.expirytime = 600000ms (custom)
2023-03-23 08:06:14,745 [pool-385-thread-1] INFO  server.RaftServerConfigKeys (ConfUtils.java:logGet(46)) - raft.server.retrycache.statistics.expirytime = 100μs (default)
2023-03-23 08:06:14,746 [pool-385-thread-1] INFO  server.RaftServerConfigKeys (ConfUtils.java:logGet(46)) - raft.server.log.appender.install.snapshot.enabled = false (custom)
2023-03-23 08:06:14,746 [pool-385-thread-1] INFO  server.RaftServerConfigKeys (ConfUtils.java:logGet(46)) - raft.server.threadpool.server.cached = true (default)
2023-03-23 08:06:14,746 [pool-385-thread-1] INFO  server.RaftServerConfigKeys (ConfUtils.java:logGet(46)) - raft.server.threadpool.server.size = 0 (default)
2023-03-23 08:06:14,746 [pool-385-thread-1] INFO  server.RaftServerConfigKeys (ConfUtils.java:logGet(46)) - raft.server.threadpool.client.cached = true (default)
2023-03-23 08:06:14,746 [pool-385-thread-1] INFO  server.RaftServerConfigKeys (ConfUtils.java:logGet(46)) - raft.server.threadpool.client.size = 0 (default)
2023-03-23 08:06:14,746 [pool-385-thread-1] INFO  storage.RaftStorageDirectory (RaftStorageDirectoryImpl.java:analyzeStorage(137)) - The storage directory /home/runner/work/ozone/ozone/hadoop-ozone/integration-test/target/test-dir/MiniOzoneClusterImpl-83429495-af89-4435-a907-dab059fcfd42/datanode-1/data/ratis/60f4dc05-4e25-430c-932c-fc8df440c2cc does not exist. Creating ...
2023-03-23 08:06:14,748 [pool-385-thread-1] INFO  storage.RaftStorageDirectory (RaftStorageDirectoryImpl.java:tryLock(231)) - Lock on /home/runner/work/ozone/ozone/hadoop-ozone/integration-test/target/test-dir/MiniOzoneClusterImpl-83429495-af89-4435-a907-dab059fcfd42/datanode-1/data/ratis/60f4dc05-4e25-430c-932c-fc8df440c2cc/in_use.lock acquired by nodename 6812@fv-az105-497
2023-03-23 08:06:14,750 [pool-385-thread-1] INFO  storage.RaftStorage (RaftStorageImpl.java:format(96)) - Storage directory /home/runner/work/ozone/ozone/hadoop-ozone/integration-test/target/test-dir/MiniOzoneClusterImpl-83429495-af89-4435-a907-dab059fcfd42/datanode-1/data/ratis/60f4dc05-4e25-430c-932c-fc8df440c2cc has been successfully formatted.
2023-03-23 08:06:14,751 [pool-385-thread-1] INFO  ratis.ContainerStateMachine (ContainerStateMachine.java:loadSnapshot(262)) - group-FC8DF440C2CC: The snapshot info is null. Setting the last applied indexto:(t:0, i:~)
2023-03-23 08:06:14,751 [pool-385-thread-1] INFO  server.RaftServerConfigKeys (ConfUtils.java:logGet(46)) - raft.server.log.use.memory = false (default)
2023-03-23 08:06:14,751 [pool-385-thread-1] INFO  server.RaftServerConfigKeys (ConfUtils.java:logGet(46)) - raft.server.log.purge.gap = 1000000 (custom)
2023-03-23 08:06:14,751 [pool-385-thread-1] INFO  server.RaftServerConfigKeys (ConfUtils.java:logGet(46)) - raft.server.log.appender.buffer.byte-limit = 33554432 (custom)
2023-03-23 08:06:14,751 [pool-385-thread-1] INFO  server.RaftServerConfigKeys (ConfUtils.java:logGet(46)) - raft.server.log.statemachine.data.read.timeout = 1000ms (default)
2023-03-23 08:06:14,751 [pool-385-thread-1] INFO  server.RaftServerConfigKeys (ConfUtils.java:logGet(46)) - raft.server.log.purge.preservation.log.num = 0 (default)
2023-03-23 08:06:14,752 [pool-385-thread-1] INFO  server.RaftServerConfigKeys (ConfUtils.java:logGet(46)) - raft.server.log.segment.size.max = 1048576 (custom)
2023-03-23 08:06:14,752 [pool-385-thread-1] INFO  server.RaftServerConfigKeys (ConfUtils.java:logGet(46)) - raft.server.log.segment.cache.num.max = 2 (custom)
2023-03-23 08:06:14,752 [pool-385-thread-1] INFO  server.RaftServerConfigKeys (ConfUtils.java:logGet(46)) - raft.server.log.segment.cache.size.max = 200MB (=209715200) (default)
2023-03-23 08:06:14,752 [pool-385-thread-1] INFO  segmented.SegmentedRaftLogWorker (SegmentedRaftLogWorker.java:<init>(189)) - new 9852ed25-ff4d-4e5e-8bb3-2709f3d2ddbb@group-FC8DF440C2CC-SegmentedRaftLogWorker for RaftStorageImpl:Storage Directory /home/runner/work/ozone/ozone/hadoop-ozone/integration-test/target/test-dir/MiniOzoneClusterImpl-83429495-af89-4435-a907-dab059fcfd42/datanode-1/data/ratis/60f4dc05-4e25-430c-932c-fc8df440c2cc
2023-03-23 08:06:14,752 [pool-385-thread-1] INFO  server.RaftServerConfigKeys (ConfUtils.java:logGet(46)) - raft.server.log.queue.byte-limit = 4294967296 (custom)
2023-03-23 08:06:14,752 [pool-385-thread-1] INFO  server.RaftServerConfigKeys (ConfUtils.java:logGet(46)) - raft.server.log.queue.element-limit = 1024 (custom)
2023-03-23 08:06:14,752 [pool-385-thread-1] INFO  server.RaftServerConfigKeys (ConfUtils.java:logGet(46)) - raft.server.log.segment.size.max = 1048576 (custom)
2023-03-23 08:06:14,752 [pool-385-thread-1] INFO  server.RaftServerConfigKeys (ConfUtils.java:logGet(46)) - raft.server.log.preallocated.size = 16384 (custom)
2023-03-23 08:06:14,752 [pool-385-thread-1] INFO  server.RaftServerConfigKeys (ConfUtils.java:logGet(46)) - raft.server.log.force.sync.num = 128 (default)
2023-03-23 08:06:14,753 [pool-385-thread-1] INFO  server.RaftServerConfigKeys (ConfUtils.java:logGet(46)) - raft.server.log.statemachine.data.sync = true (default)
2023-03-23 08:06:14,753 [pool-385-thread-1] INFO  server.RaftServerConfigKeys (ConfUtils.java:logGet(46)) - raft.server.log.statemachine.data.sync.timeout = 10s (default)
2023-03-23 08:06:14,753 [pool-385-thread-1] INFO  server.RaftServerConfigKeys (ConfUtils.java:logGet(46)) - raft.server.log.statemachine.data.sync.timeout.retry = -1 (default)
2023-03-23 08:06:14,753 [pool-385-thread-1] INFO  server.RaftServerConfigKeys (ConfUtils.java:logGet(46)) - raft.server.log.write.buffer.size = 1048576 (custom)
2023-03-23 08:06:14,753 [pool-385-thread-1] INFO  server.RaftServerConfigKeys (ConfUtils.java:logGet(46)) - raft.server.log.appender.buffer.byte-limit = 33554432 (custom)
2023-03-23 08:06:14,759 [pool-385-thread-1] INFO  server.RaftServerConfigKeys (ConfUtils.java:logGet(46)) - raft.server.log.unsafe-flush.enabled = false (default)
2023-03-23 08:06:14,759 [pool-385-thread-1] INFO  server.RaftServerConfigKeys (ConfUtils.java:logGet(46)) - raft.server.log.async-flush.enabled = false (default)
2023-03-23 08:06:14,759 [pool-385-thread-1] INFO  server.RaftServerConfigKeys (ConfUtils.java:logGet(46)) - raft.server.log.statemachine.data.caching.enabled = true (custom)
2023-03-23 08:06:14,759 [pool-385-thread-1] INFO  segmented.SegmentedRaftLogWorker (SegmentedRaftLogWorker.java:lambda$new$0(135)) - 9852ed25-ff4d-4e5e-8bb3-2709f3d2ddbb@group-FC8DF440C2CC-SegmentedRaftLogWorker: flushIndex: setUnconditionally 0 -> -1
2023-03-23 08:06:14,759 [pool-385-thread-1] INFO  segmented.SegmentedRaftLogWorker (SegmentedRaftLogWorker.java:lambda$new$0(135)) - 9852ed25-ff4d-4e5e-8bb3-2709f3d2ddbb@group-FC8DF440C2CC-SegmentedRaftLogWorker: safeCacheEvictIndex: setUnconditionally 0 -> -1
2023-03-23 08:06:14,759 [pool-385-thread-1] INFO  server.RaftServer$Division (RaftServerImpl.java:start(334)) - 9852ed25-ff4d-4e5e-8bb3-2709f3d2ddbb@group-FC8DF440C2CC: start as a follower, conf=-1: peers:[9852ed25-ff4d-4e5e-8bb3-2709f3d2ddbb|rpc:10.1.0.214:42709|dataStream:10.1.0.214:41309|priority:0|startupRole:FOLLOWER, 2b202a02-6273-4262-ac40-cc676055620c|rpc:10.1.0.214:46245|dataStream:10.1.0.214:42641|priority:0|startupRole:FOLLOWER, 0838c789-5be6-4b53-844e-73c82c080a18|rpc:10.1.0.214:41851|dataStream:10.1.0.214:40921|priority:1|startupRole:FOLLOWER]|listeners:[], old=null
2023-03-23 08:06:14,759 [pool-385-thread-1] INFO  server.RaftServer$Division (RaftServerImpl.java:setRole(321)) - 9852ed25-ff4d-4e5e-8bb3-2709f3d2ddbb@group-FC8DF440C2CC: changes role from      null to FOLLOWER at term 0 for startAsFollower
2023-03-23 08:06:14,760 [pool-385-thread-1] INFO  impl.RoleInfo (RoleInfo.java:updateAndGet(139)) - 9852ed25-ff4d-4e5e-8bb3-2709f3d2ddbb: start 9852ed25-ff4d-4e5e-8bb3-2709f3d2ddbb@group-FC8DF440C2CC-FollowerState
2023-03-23 08:06:14,760 [9852ed25-ff4d-4e5e-8bb3-2709f3d2ddbb@group-FC8DF440C2CC-FollowerState] INFO  server.RaftServerConfigKeys (ConfUtils.java:logFallback(53)) - raft.server.rpc.first-election.timeout.min = 5s (fallback to raft.server.rpc.timeout.min)
2023-03-23 08:06:14,762 [pool-385-thread-1] INFO  util.JmxRegister (JmxRegister.java:tryRegister(44)) - Successfully registered JMX Bean with object name Ratis:service=RaftServer,group=group-FC8DF440C2CC,id=9852ed25-ff4d-4e5e-8bb3-2709f3d2ddbb
2023-03-23 08:06:14,762 [9852ed25-ff4d-4e5e-8bb3-2709f3d2ddbb@group-FC8DF440C2CC-FollowerState] INFO  server.RaftServerConfigKeys (ConfUtils.java:logFallback(53)) - raft.server.rpc.first-election.timeout.max = 5200ms (fallback to raft.server.rpc.timeout.max)
2023-03-23 08:06:14,763 [pool-385-thread-1] INFO  server.RaftServerConfigKeys (ConfUtils.java:logGet(46)) - raft.server.snapshot.auto.trigger.enabled = true (custom)
2023-03-23 08:06:14,763 [pool-385-thread-1] INFO  server.RaftServerConfigKeys (ConfUtils.java:logGet(46)) - raft.server.snapshot.auto.trigger.threshold = 10000 (custom)
2023-03-23 08:06:14,763 [pool-385-thread-1] INFO  server.RaftServerConfigKeys (ConfUtils.java:logGet(46)) - raft.server.snapshot.retention.file.num = 5 (custom)
2023-03-23 08:06:14,763 [pool-385-thread-1] INFO  server.RaftServerConfigKeys (ConfUtils.java:logGet(46)) - raft.server.log.purge.upto.snapshot.index = false (default)
2023-03-23 08:06:14,771 [Command processor thread] INFO  commandhandler.CreatePipelineCommandHandler (CreatePipelineCommandHandler.java:handle(113)) - Created Pipeline RATIS THREE PipelineID=60f4dc05-4e25-430c-932c-fc8df440c2cc.
2023-03-23 08:06:14,821 [BlockDeletingService#2] INFO  interfaces.ContainerDeletionChoosingPolicyTemplate (ContainerDeletionChoosingPolicyTemplate.java:chooseContainerForBlockDeletion(83)) - Chosen 0/5000 blocks from 0 candidate containers.
2023-03-23 08:06:14,821 [BlockDeletingService#2] INFO  interfaces.ContainerDeletionChoosingPolicyTemplate (ContainerDeletionChoosingPolicyTemplate.java:chooseContainerForBlockDeletion(83)) - Chosen 0/5000 blocks from 0 candidate containers.
2023-03-23 08:06:14,843 [BlockDeletingService#2] INFO  interfaces.ContainerDeletionChoosingPolicyTemplate (ContainerDeletionChoosingPolicyTemplate.java:chooseContainerForBlockDeletion(83)) - Chosen 0/5000 blocks from 0 candidate containers.
2023-03-23 08:06:14,921 [BlockDeletingService#2] INFO  interfaces.ContainerDeletionChoosingPolicyTemplate (ContainerDeletionChoosingPolicyTemplate.java:chooseContainerForBlockDeletion(83)) - Chosen 0/5000 blocks from 0 candidate containers.
2023-03-23 08:06:14,921 [BlockDeletingService#2] INFO  interfaces.ContainerDeletionChoosingPolicyTemplate (ContainerDeletionChoosingPolicyTemplate.java:chooseContainerForBlockDeletion(83)) - Chosen 0/5000 blocks from 0 candidate containers.
2023-03-23 08:06:14,943 [BlockDeletingService#2] INFO  interfaces.ContainerDeletionChoosingPolicyTemplate (ContainerDeletionChoosingPolicyTemplate.java:chooseContainerForBlockDeletion(83)) - Chosen 0/5000 blocks from 0 candidate containers.
2023-03-23 08:06:15,022 [BlockDeletingService#2] INFO  interfaces.ContainerDeletionChoosingPolicyTemplate (ContainerDeletionChoosingPolicyTemplate.java:chooseContainerForBlockDeletion(83)) - Chosen 0/5000 blocks from 0 candidate containers.
2023-03-23 08:06:15,022 [BlockDeletingService#2] INFO  interfaces.ContainerDeletionChoosingPolicyTemplate (ContainerDeletionChoosingPolicyTemplate.java:chooseContainerForBlockDeletion(83)) - Chosen 0/5000 blocks from 0 candidate containers.
2023-03-23 08:06:15,043 [BlockDeletingService#2] INFO  interfaces.ContainerDeletionChoosingPolicyTemplate (ContainerDeletionChoosingPolicyTemplate.java:chooseContainerForBlockDeletion(83)) - Chosen 0/5000 blocks from 0 candidate containers.
2023-03-23 08:06:15,122 [BlockDeletingService#2] INFO  interfaces.ContainerDeletionChoosingPolicyTemplate (ContainerDeletionChoosingPolicyTemplate.java:chooseContainerForBlockDeletion(83)) - Chosen 0/5000 blocks from 0 candidate containers.
2023-03-23 08:06:15,122 [BlockDeletingService#2] INFO  interfaces.ContainerDeletionChoosingPolicyTemplate (ContainerDeletionChoosingPolicyTemplate.java:chooseContainerForBlockDeletion(83)) - Chosen 0/5000 blocks from 0 candidate containers.
2023-03-23 08:06:15,143 [BlockDeletingService#2] INFO  interfaces.ContainerDeletionChoosingPolicyTemplate (ContainerDeletionChoosingPolicyTemplate.java:chooseContainerForBlockDeletion(83)) - Chosen 0/5000 blocks from 0 candidate containers.
2023-03-23 08:06:15,222 [BlockDeletingService#2] INFO  interfaces.ContainerDeletionChoosingPolicyTemplate (ContainerDeletionChoosingPolicyTemplate.java:chooseContainerForBlockDeletion(83)) - Chosen 0/5000 blocks from 0 candidate containers.
2023-03-23 08:06:15,222 [BlockDeletingService#2] INFO  interfaces.ContainerDeletionChoosingPolicyTemplate (ContainerDeletionChoosingPolicyTemplate.java:chooseContainerForBlockDeletion(83)) - Chosen 0/5000 blocks from 0 candidate containers.
2023-03-23 08:06:15,244 [BlockDeletingService#2] INFO  interfaces.ContainerDeletionChoosingPolicyTemplate (ContainerDeletionChoosingPolicyTemplate.java:chooseContainerForBlockDeletion(83)) - Chosen 0/5000 blocks from 0 candidate containers.
2023-03-23 08:06:15,322 [BlockDeletingService#2] INFO  interfaces.ContainerDeletionChoosingPolicyTemplate (ContainerDeletionChoosingPolicyTemplate.java:chooseContainerForBlockDeletion(83)) - Chosen 0/5000 blocks from 0 candidate containers.
2023-03-23 08:06:15,323 [BlockDeletingService#2] INFO  interfaces.ContainerDeletionChoosingPolicyTemplate (ContainerDeletionChoosingPolicyTemplate.java:chooseContainerForBlockDeletion(83)) - Chosen 0/5000 blocks from 0 candidate containers.
2023-03-23 08:06:15,344 [BlockDeletingService#2] INFO  interfaces.ContainerDeletionChoosingPolicyTemplate (ContainerDeletionChoosingPolicyTemplate.java:chooseContainerForBlockDeletion(83)) - Chosen 0/5000 blocks from 0 candidate containers.
2023-03-23 08:06:15,423 [BlockDeletingService#2] INFO  interfaces.ContainerDeletionChoosingPolicyTemplate (ContainerDeletionChoosingPolicyTemplate.java:chooseContainerForBlockDeletion(83)) - Chosen 0/5000 blocks from 0 candidate containers.
2023-03-23 08:06:15,423 [BlockDeletingService#2] INFO  interfaces.ContainerDeletionChoosingPolicyTemplate (ContainerDeletionChoosingPolicyTemplate.java:chooseContainerForBlockDeletion(83)) - Chosen 0/5000 blocks from 0 candidate containers.
2023-03-23 08:06:15,444 [BlockDeletingService#2] INFO  interfaces.ContainerDeletionChoosingPolicyTemplate (ContainerDeletionChoosingPolicyTemplate.java:chooseContainerForBlockDeletion(83)) - Chosen 0/5000 blocks from 0 candidate containers.
2023-03-23 08:06:15,478 [Listener at 127.0.0.1/46681] INFO  ozone.MiniOzoneClusterImpl (MiniOzoneClusterImpl.java:lambda$waitForClusterToBeReady$0(222)) - Nodes are ready. Got 3 of 3 DN Heartbeats.
2023-03-23 08:06:15,479 [Listener at 127.0.0.1/46681] INFO  ozone.MiniOzoneClusterImpl (MiniOzoneClusterImpl.java:lambda$waitForClusterToBeReady$0(225)) - Waiting for cluster to exit safe mode
2023-03-23 08:06:15,479 [Listener at 127.0.0.1/46681] INFO  ozone.MiniOzoneClusterImpl (MiniOzoneClusterImpl.java:lambda$waitForClusterToBeReady$0(227)) - SCM became leader
2023-03-23 08:06:15,523 [BlockDeletingService#2] INFO  interfaces.ContainerDeletionChoosingPolicyTemplate (ContainerDeletionChoosingPolicyTemplate.java:chooseContainerForBlockDeletion(83)) - Chosen 0/5000 blocks from 0 candidate containers.
2023-03-23 08:06:15,523 [BlockDeletingService#2] INFO  interfaces.ContainerDeletionChoosingPolicyTemplate (ContainerDeletionChoosingPolicyTemplate.java:chooseContainerForBlockDeletion(83)) - Chosen 0/5000 blocks from 0 candidate containers.
2023-03-23 08:06:15,544 [BlockDeletingService#2] INFO  interfaces.ContainerDeletionChoosingPolicyTemplate (ContainerDeletionChoosingPolicyTemplate.java:chooseContainerForBlockDeletion(83)) - Chosen 0/5000 blocks from 0 candidate containers.
2023-03-23 08:06:15,623 [BlockDeletingService#2] INFO  interfaces.ContainerDeletionChoosingPolicyTemplate (ContainerDeletionChoosingPolicyTemplate.java:chooseContainerForBlockDeletion(83)) - Chosen 0/5000 blocks from 0 candidate containers.
2023-03-23 08:06:15,623 [BlockDeletingService#2] INFO  interfaces.ContainerDeletionChoosingPolicyTemplate (ContainerDeletionChoosingPolicyTemplate.java:chooseContainerForBlockDeletion(83)) - Chosen 0/5000 blocks from 0 candidate containers.
2023-03-23 08:06:15,645 [BlockDeletingService#2] INFO  interfaces.ContainerDeletionChoosingPolicyTemplate (ContainerDeletionChoosingPolicyTemplate.java:chooseContainerForBlockDeletion(83)) - Chosen 0/5000 blocks from 0 candidate containers.
2023-03-23 08:06:15,724 [BlockDeletingService#2] INFO  interfaces.ContainerDeletionChoosingPolicyTemplate (ContainerDeletionChoosingPolicyTemplate.java:chooseContainerForBlockDeletion(83)) - Chosen 0/5000 blocks from 0 candidate containers.
2023-03-23 08:06:15,724 [BlockDeletingService#2] INFO  interfaces.ContainerDeletionChoosingPolicyTemplate (ContainerDeletionChoosingPolicyTemplate.java:chooseContainerForBlockDeletion(83)) - Chosen 0/5000 blocks from 0 candidate containers.
2023-03-23 08:06:15,745 [BlockDeletingService#2] INFO  interfaces.ContainerDeletionChoosingPolicyTemplate (ContainerDeletionChoosingPolicyTemplate.java:chooseContainerForBlockDeletion(83)) - Chosen 0/5000 blocks from 0 candidate containers.
2023-03-23 08:06:15,824 [BlockDeletingService#2] INFO  interfaces.ContainerDeletionChoosingPolicyTemplate (ContainerDeletionChoosingPolicyTemplate.java:chooseContainerForBlockDeletion(83)) - Chosen 0/5000 blocks from 0 candidate containers.
2023-03-23 08:06:15,824 [BlockDeletingService#2] INFO  interfaces.ContainerDeletionChoosingPolicyTemplate (ContainerDeletionChoosingPolicyTemplate.java:chooseContainerForBlockDeletion(83)) - Chosen 0/5000 blocks from 0 candidate containers.
2023-03-23 08:06:15,845 [BlockDeletingService#2] INFO  interfaces.ContainerDeletionChoosingPolicyTemplate (ContainerDeletionChoosingPolicyTemplate.java:chooseContainerForBlockDeletion(83)) - Chosen 0/5000 blocks from 0 candidate containers.
2023-03-23 08:06:15,924 [BlockDeletingService#2] INFO  interfaces.ContainerDeletionChoosingPolicyTemplate (ContainerDeletionChoosingPolicyTemplate.java:chooseContainerForBlockDeletion(83)) - Chosen 0/5000 blocks from 0 candidate containers.
2023-03-23 08:06:15,924 [BlockDeletingService#2] INFO  interfaces.ContainerDeletionChoosingPolicyTemplate (ContainerDeletionChoosingPolicyTemplate.java:chooseContainerForBlockDeletion(83)) - Chosen 0/5000 blocks from 0 candidate containers.
2023-03-23 08:06:15,945 [BlockDeletingService#2] INFO  interfaces.ContainerDeletionChoosingPolicyTemplate (ContainerDeletionChoosingPolicyTemplate.java:chooseContainerForBlockDeletion(83)) - Chosen 0/5000 blocks from 0 candidate containers.
2023-03-23 08:06:16,024 [BlockDeletingService#2] INFO  interfaces.ContainerDeletionChoosingPolicyTemplate (ContainerDeletionChoosingPolicyTemplate.java:chooseContainerForBlockDeletion(83)) - Chosen 0/5000 blocks from 0 candidate containers.
2023-03-23 08:06:16,025 [BlockDeletingService#2] INFO  interfaces.ContainerDeletionChoosingPolicyTemplate (ContainerDeletionChoosingPolicyTemplate.java:chooseContainerForBlockDeletion(83)) - Chosen 0/5000 blocks from 0 candidate containers.
2023-03-23 08:06:16,046 [BlockDeletingService#2] INFO  interfaces.ContainerDeletionChoosingPolicyTemplate (ContainerDeletionChoosingPolicyTemplate.java:chooseContainerForBlockDeletion(83)) - Chosen 0/5000 blocks from 0 candidate containers.
2023-03-23 08:06:16,125 [BlockDeletingService#2] INFO  interfaces.ContainerDeletionChoosingPolicyTemplate (ContainerDeletionChoosingPolicyTemplate.java:chooseContainerForBlockDeletion(83)) - Chosen 0/5000 blocks from 0 candidate containers.
2023-03-23 08:06:16,125 [BlockDeletingService#2] INFO  interfaces.ContainerDeletionChoosingPolicyTemplate (ContainerDeletionChoosingPolicyTemplate.java:chooseContainerForBlockDeletion(83)) - Chosen 0/5000 blocks from 0 candidate containers.
2023-03-23 08:06:16,147 [BlockDeletingService#2] INFO  interfaces.ContainerDeletionChoosingPolicyTemplate (ContainerDeletionChoosingPolicyTemplate.java:chooseContainerForBlockDeletion(83)) - Chosen 0/5000 blocks from 0 candidate containers.
2023-03-23 08:06:16,225 [BlockDeletingService#2] INFO  interfaces.ContainerDeletionChoosingPolicyTemplate (ContainerDeletionChoosingPolicyTemplate.java:chooseContainerForBlockDeletion(83)) - Chosen 0/5000 blocks from 0 candidate containers.
2023-03-23 08:06:16,225 [BlockDeletingService#2] INFO  interfaces.ContainerDeletionChoosingPolicyTemplate (ContainerDeletionChoosingPolicyTemplate.java:chooseContainerForBlockDeletion(83)) - Chosen 0/5000 blocks from 0 candidate containers.
2023-03-23 08:06:16,247 [BlockDeletingService#2] INFO  interfaces.ContainerDeletionChoosingPolicyTemplate (ContainerDeletionChoosingPolicyTemplate.java:chooseContainerForBlockDeletion(83)) - Chosen 0/5000 blocks from 0 candidate containers.
2023-03-23 08:06:16,325 [BlockDeletingService#2] INFO  interfaces.ContainerDeletionChoosingPolicyTemplate (ContainerDeletionChoosingPolicyTemplate.java:chooseContainerForBlockDeletion(83)) - Chosen 0/5000 blocks from 0 candidate containers.
2023-03-23 08:06:16,325 [BlockDeletingService#2] INFO  interfaces.ContainerDeletionChoosingPolicyTemplate (ContainerDeletionChoosingPolicyTemplate.java:chooseContainerForBlockDeletion(83)) - Chosen 0/5000 blocks from 0 candidate containers.
2023-03-23 08:06:16,347 [BlockDeletingService#2] INFO  interfaces.ContainerDeletionChoosingPolicyTemplate (ContainerDeletionChoosingPolicyTemplate.java:chooseContainerForBlockDeletion(83)) - Chosen 0/5000 blocks from 0 candidate containers.
2023-03-23 08:06:16,426 [BlockDeletingService#2] INFO  interfaces.ContainerDeletionChoosingPolicyTemplate (ContainerDeletionChoosingPolicyTemplate.java:chooseContainerForBlockDeletion(83)) - Chosen 0/5000 blocks from 0 candidate containers.
2023-03-23 08:06:16,426 [BlockDeletingService#2] INFO  interfaces.ContainerDeletionChoosingPolicyTemplate (ContainerDeletionChoosingPolicyTemplate.java:chooseContainerForBlockDeletion(83)) - Chosen 0/5000 blocks from 0 candidate containers.
2023-03-23 08:06:16,448 [BlockDeletingService#2] INFO  interfaces.ContainerDeletionChoosingPolicyTemplate (ContainerDeletionChoosingPolicyTemplate.java:chooseContainerForBlockDeletion(83)) - Chosen 0/5000 blocks from 0 candidate containers.
2023-03-23 08:06:16,479 [Listener at 127.0.0.1/46681] INFO  ozone.MiniOzoneClusterImpl (MiniOzoneClusterImpl.java:lambda$waitForClusterToBeReady$0(222)) - Nodes are ready. Got 3 of 3 DN Heartbeats.
2023-03-23 08:06:16,480 [Listener at 127.0.0.1/46681] INFO  ozone.MiniOzoneClusterImpl (MiniOzoneClusterImpl.java:lambda$waitForClusterToBeReady$0(225)) - Waiting for cluster to exit safe mode
2023-03-23 08:06:16,480 [Listener at 127.0.0.1/46681] INFO  ozone.MiniOzoneClusterImpl (MiniOzoneClusterImpl.java:lambda$waitForClusterToBeReady$0(227)) - SCM became leader
2023-03-23 08:06:16,526 [BlockDeletingService#2] INFO  interfaces.ContainerDeletionChoosingPolicyTemplate (ContainerDeletionChoosingPolicyTemplate.java:chooseContainerForBlockDeletion(83)) - Chosen 0/5000 blocks from 0 candidate containers.
2023-03-23 08:06:16,526 [BlockDeletingService#2] INFO  interfaces.ContainerDeletionChoosingPolicyTemplate (ContainerDeletionChoosingPolicyTemplate.java:chooseContainerForBlockDeletion(83)) - Chosen 0/5000 blocks from 0 candidate containers.
2023-03-23 08:06:16,548 [BlockDeletingService#2] INFO  interfaces.ContainerDeletionChoosingPolicyTemplate (ContainerDeletionChoosingPolicyTemplate.java:chooseContainerForBlockDeletion(83)) - Chosen 0/5000 blocks from 0 candidate containers.
2023-03-23 08:06:16,626 [BlockDeletingService#2] INFO  interfaces.ContainerDeletionChoosingPolicyTemplate (ContainerDeletionChoosingPolicyTemplate.java:chooseContainerForBlockDeletion(83)) - Chosen 0/5000 blocks from 0 candidate containers.
2023-03-23 08:06:16,626 [BlockDeletingService#2] INFO  interfaces.ContainerDeletionChoosingPolicyTemplate (ContainerDeletionChoosingPolicyTemplate.java:chooseContainerForBlockDeletion(83)) - Chosen 0/5000 blocks from 0 candidate containers.
2023-03-23 08:06:16,648 [BlockDeletingService#2] INFO  interfaces.ContainerDeletionChoosingPolicyTemplate (ContainerDeletionChoosingPolicyTemplate.java:chooseContainerForBlockDeletion(83)) - Chosen 0/5000 blocks from 0 candidate containers.
2023-03-23 08:06:16,726 [BlockDeletingService#2] INFO  interfaces.ContainerDeletionChoosingPolicyTemplate (ContainerDeletionChoosingPolicyTemplate.java:chooseContainerForBlockDeletion(83)) - Chosen 0/5000 blocks from 0 candidate containers.
2023-03-23 08:06:16,727 [BlockDeletingService#2] INFO  interfaces.ContainerDeletionChoosingPolicyTemplate (ContainerDeletionChoosingPolicyTemplate.java:chooseContainerForBlockDeletion(83)) - Chosen 0/5000 blocks from 0 candidate containers.
2023-03-23 08:06:16,748 [BlockDeletingService#2] INFO  interfaces.ContainerDeletionChoosingPolicyTemplate (ContainerDeletionChoosingPolicyTemplate.java:chooseContainerForBlockDeletion(83)) - Chosen 0/5000 blocks from 0 candidate containers.
2023-03-23 08:06:16,827 [BlockDeletingService#2] INFO  interfaces.ContainerDeletionChoosingPolicyTemplate (ContainerDeletionChoosingPolicyTemplate.java:chooseContainerForBlockDeletion(83)) - Chosen 0/5000 blocks from 0 candidate containers.
2023-03-23 08:06:16,827 [BlockDeletingService#2] INFO  interfaces.ContainerDeletionChoosingPolicyTemplate (ContainerDeletionChoosingPolicyTemplate.java:chooseContainerForBlockDeletion(83)) - Chosen 0/5000 blocks from 0 candidate containers.
2023-03-23 08:06:16,849 [BlockDeletingService#2] INFO  interfaces.ContainerDeletionChoosingPolicyTemplate (ContainerDeletionChoosingPolicyTemplate.java:chooseContainerForBlockDeletion(83)) - Chosen 0/5000 blocks from 0 candidate containers.
2023-03-23 08:06:16,927 [BlockDeletingService#2] INFO  interfaces.ContainerDeletionChoosingPolicyTemplate (ContainerDeletionChoosingPolicyTemplate.java:chooseContainerForBlockDeletion(83)) - Chosen 0/5000 blocks from 0 candidate containers.
2023-03-23 08:06:16,927 [BlockDeletingService#2] INFO  interfaces.ContainerDeletionChoosingPolicyTemplate (ContainerDeletionChoosingPolicyTemplate.java:chooseContainerForBlockDeletion(83)) - Chosen 0/5000 blocks from 0 candidate containers.
2023-03-23 08:06:16,949 [BlockDeletingService#2] INFO  interfaces.ContainerDeletionChoosingPolicyTemplate (ContainerDeletionChoosingPolicyTemplate.java:chooseContainerForBlockDeletion(83)) - Chosen 0/5000 blocks from 0 candidate containers.
2023-03-23 08:06:17,027 [BlockDeletingService#2] INFO  interfaces.ContainerDeletionChoosingPolicyTemplate (ContainerDeletionChoosingPolicyTemplate.java:chooseContainerForBlockDeletion(83)) - Chosen 0/5000 blocks from 0 candidate containers.
2023-03-23 08:06:17,027 [BlockDeletingService#2] INFO  interfaces.ContainerDeletionChoosingPolicyTemplate (ContainerDeletionChoosingPolicyTemplate.java:chooseContainerForBlockDeletion(83)) - Chosen 0/5000 blocks from 0 candidate containers.
2023-03-23 08:06:17,049 [BlockDeletingService#2] INFO  interfaces.ContainerDeletionChoosingPolicyTemplate (ContainerDeletionChoosingPolicyTemplate.java:chooseContainerForBlockDeletion(83)) - Chosen 0/5000 blocks from 0 candidate containers.
2023-03-23 08:06:17,128 [BlockDeletingService#2] INFO  interfaces.ContainerDeletionChoosingPolicyTemplate (ContainerDeletionChoosingPolicyTemplate.java:chooseContainerForBlockDeletion(83)) - Chosen 0/5000 blocks from 0 candidate containers.
2023-03-23 08:06:17,128 [BlockDeletingService#2] INFO  interfaces.ContainerDeletionChoosingPolicyTemplate (ContainerDeletionChoosingPolicyTemplate.java:chooseContainerForBlockDeletion(83)) - Chosen 0/5000 blocks from 0 candidate containers.
2023-03-23 08:06:17,149 [BlockDeletingService#2] INFO  interfaces.ContainerDeletionChoosingPolicyTemplate (ContainerDeletionChoosingPolicyTemplate.java:chooseContainerForBlockDeletion(83)) - Chosen 0/5000 blocks from 0 candidate containers.
2023-03-23 08:06:17,228 [BlockDeletingService#2] INFO  interfaces.ContainerDeletionChoosingPolicyTemplate (ContainerDeletionChoosingPolicyTemplate.java:chooseContainerForBlockDeletion(83)) - Chosen 0/5000 blocks from 0 candidate containers.
2023-03-23 08:06:17,228 [BlockDeletingService#2] INFO  interfaces.ContainerDeletionChoosingPolicyTemplate (ContainerDeletionChoosingPolicyTemplate.java:chooseContainerForBlockDeletion(83)) - Chosen 0/5000 blocks from 0 candidate containers.
2023-03-23 08:06:17,250 [BlockDeletingService#2] INFO  interfaces.ContainerDeletionChoosingPolicyTemplate (ContainerDeletionChoosingPolicyTemplate.java:chooseContainerForBlockDeletion(83)) - Chosen 0/5000 blocks from 0 candidate containers.
2023-03-23 08:06:17,328 [BlockDeletingService#2] INFO  interfaces.ContainerDeletionChoosingPolicyTemplate (ContainerDeletionChoosingPolicyTemplate.java:chooseContainerForBlockDeletion(83)) - Chosen 0/5000 blocks from 0 candidate containers.
2023-03-23 08:06:17,328 [BlockDeletingService#2] INFO  interfaces.ContainerDeletionChoosingPolicyTemplate (ContainerDeletionChoosingPolicyTemplate.java:chooseContainerForBlockDeletion(83)) - Chosen 0/5000 blocks from 0 candidate containers.
2023-03-23 08:06:17,350 [BlockDeletingService#2] INFO  interfaces.ContainerDeletionChoosingPolicyTemplate (ContainerDeletionChoosingPolicyTemplate.java:chooseContainerForBlockDeletion(83)) - Chosen 0/5000 blocks from 0 candidate containers.
2023-03-23 08:06:17,428 [BlockDeletingService#2] INFO  interfaces.ContainerDeletionChoosingPolicyTemplate (ContainerDeletionChoosingPolicyTemplate.java:chooseContainerForBlockDeletion(83)) - Chosen 0/5000 blocks from 0 candidate containers.
2023-03-23 08:06:17,429 [BlockDeletingService#2] INFO  interfaces.ContainerDeletionChoosingPolicyTemplate (ContainerDeletionChoosingPolicyTemplate.java:chooseContainerForBlockDeletion(83)) - Chosen 0/5000 blocks from 0 candidate containers.
2023-03-23 08:06:17,450 [BlockDeletingService#2] INFO  interfaces.ContainerDeletionChoosingPolicyTemplate (ContainerDeletionChoosingPolicyTemplate.java:chooseContainerForBlockDeletion(83)) - Chosen 0/5000 blocks from 0 candidate containers.
2023-03-23 08:06:17,480 [Listener at 127.0.0.1/46681] INFO  ozone.MiniOzoneClusterImpl (MiniOzoneClusterImpl.java:lambda$waitForClusterToBeReady$0(222)) - Nodes are ready. Got 3 of 3 DN Heartbeats.
2023-03-23 08:06:17,480 [Listener at 127.0.0.1/46681] INFO  ozone.MiniOzoneClusterImpl (MiniOzoneClusterImpl.java:lambda$waitForClusterToBeReady$0(225)) - Waiting for cluster to exit safe mode
2023-03-23 08:06:17,481 [Listener at 127.0.0.1/46681] INFO  ozone.MiniOzoneClusterImpl (MiniOzoneClusterImpl.java:lambda$waitForClusterToBeReady$0(227)) - SCM became leader
2023-03-23 08:06:17,529 [BlockDeletingService#2] INFO  interfaces.ContainerDeletionChoosingPolicyTemplate (ContainerDeletionChoosingPolicyTemplate.java:chooseContainerForBlockDeletion(83)) - Chosen 0/5000 blocks from 0 candidate containers.
2023-03-23 08:06:17,529 [BlockDeletingService#2] INFO  interfaces.ContainerDeletionChoosingPolicyTemplate (ContainerDeletionChoosingPolicyTemplate.java:chooseContainerForBlockDeletion(83)) - Chosen 0/5000 blocks from 0 candidate containers.
2023-03-23 08:06:17,550 [BlockDeletingService#2] INFO  interfaces.ContainerDeletionChoosingPolicyTemplate (ContainerDeletionChoosingPolicyTemplate.java:chooseContainerForBlockDeletion(83)) - Chosen 0/5000 blocks from 0 candidate containers.
2023-03-23 08:06:17,629 [BlockDeletingService#2] INFO  interfaces.ContainerDeletionChoosingPolicyTemplate (ContainerDeletionChoosingPolicyTemplate.java:chooseContainerForBlockDeletion(83)) - Chosen 0/5000 blocks from 0 candidate containers.
2023-03-23 08:06:17,629 [BlockDeletingService#2] INFO  interfaces.ContainerDeletionChoosingPolicyTemplate (ContainerDeletionChoosingPolicyTemplate.java:chooseContainerForBlockDeletion(83)) - Chosen 0/5000 blocks from 0 candidate containers.
2023-03-23 08:06:17,651 [BlockDeletingService#2] INFO  interfaces.ContainerDeletionChoosingPolicyTemplate (ContainerDeletionChoosingPolicyTemplate.java:chooseContainerForBlockDeletion(83)) - Chosen 0/5000 blocks from 0 candidate containers.
2023-03-23 08:06:17,729 [BlockDeletingService#2] INFO  interfaces.ContainerDeletionChoosingPolicyTemplate (ContainerDeletionChoosingPolicyTemplate.java:chooseContainerForBlockDeletion(83)) - Chosen 0/5000 blocks from 0 candidate containers.
2023-03-23 08:06:17,729 [BlockDeletingService#2] INFO  interfaces.ContainerDeletionChoosingPolicyTemplate (ContainerDeletionChoosingPolicyTemplate.java:chooseContainerForBlockDeletion(83)) - Chosen 0/5000 blocks from 0 candidate containers.
2023-03-23 08:06:17,751 [BlockDeletingService#2] INFO  interfaces.ContainerDeletionChoosingPolicyTemplate (ContainerDeletionChoosingPolicyTemplate.java:chooseContainerForBlockDeletion(83)) - Chosen 0/5000 blocks from 0 candidate containers.
2023-03-23 08:06:17,830 [BlockDeletingService#2] INFO  interfaces.ContainerDeletionChoosingPolicyTemplate (ContainerDeletionChoosingPolicyTemplate.java:chooseContainerForBlockDeletion(83)) - Chosen 0/5000 blocks from 0 candidate containers.
2023-03-23 08:06:17,830 [BlockDeletingService#2] INFO  interfaces.ContainerDeletionChoosingPolicyTemplate (ContainerDeletionChoosingPolicyTemplate.java:chooseContainerForBlockDeletion(83)) - Chosen 0/5000 blocks from 0 candidate containers.
2023-03-23 08:06:17,851 [BlockDeletingService#2] INFO  interfaces.ContainerDeletionChoosingPolicyTemplate (ContainerDeletionChoosingPolicyTemplate.java:chooseContainerForBlockDeletion(83)) - Chosen 0/5000 blocks from 0 candidate containers.
2023-03-23 08:06:17,930 [BlockDeletingService#2] INFO  interfaces.ContainerDeletionChoosingPolicyTemplate (ContainerDeletionChoosingPolicyTemplate.java:chooseContainerForBlockDeletion(83)) - Chosen 0/5000 blocks from 0 candidate containers.
2023-03-23 08:06:17,930 [BlockDeletingService#2] INFO  interfaces.ContainerDeletionChoosingPolicyTemplate (ContainerDeletionChoosingPolicyTemplate.java:chooseContainerForBlockDeletion(83)) - Chosen 0/5000 blocks from 0 candidate containers.
2023-03-23 08:06:17,951 [BlockDeletingService#2] INFO  interfaces.ContainerDeletionChoosingPolicyTemplate (ContainerDeletionChoosingPolicyTemplate.java:chooseContainerForBlockDeletion(83)) - Chosen 0/5000 blocks from 0 candidate containers.
2023-03-23 08:06:18,030 [BlockDeletingService#2] INFO  interfaces.ContainerDeletionChoosingPolicyTemplate (ContainerDeletionChoosingPolicyTemplate.java:chooseContainerForBlockDeletion(83)) - Chosen 0/5000 blocks from 0 candidate containers.
2023-03-23 08:06:18,030 [BlockDeletingService#2] INFO  interfaces.ContainerDeletionChoosingPolicyTemplate (ContainerDeletionChoosingPolicyTemplate.java:chooseContainerForBlockDeletion(83)) - Chosen 0/5000 blocks from 0 candidate containers.
2023-03-23 08:06:18,052 [BlockDeletingService#2] INFO  interfaces.ContainerDeletionChoosingPolicyTemplate (ContainerDeletionChoosingPolicyTemplate.java:chooseContainerForBlockDeletion(83)) - Chosen 0/5000 blocks from 0 candidate containers.
2023-03-23 08:06:18,130 [BlockDeletingService#2] INFO  interfaces.ContainerDeletionChoosingPolicyTemplate (ContainerDeletionChoosingPolicyTemplate.java:chooseContainerForBlockDeletion(83)) - Chosen 0/5000 blocks from 0 candidate containers.
2023-03-23 08:06:18,130 [BlockDeletingService#2] INFO  interfaces.ContainerDeletionChoosingPolicyTemplate (ContainerDeletionChoosingPolicyTemplate.java:chooseContainerForBlockDeletion(83)) - Chosen 0/5000 blocks from 0 candidate containers.
2023-03-23 08:06:18,152 [BlockDeletingService#2] INFO  interfaces.ContainerDeletionChoosingPolicyTemplate (ContainerDeletionChoosingPolicyTemplate.java:chooseContainerForBlockDeletion(83)) - Chosen 0/5000 blocks from 0 candidate containers.
2023-03-23 08:06:18,231 [BlockDeletingService#2] INFO  interfaces.ContainerDeletionChoosingPolicyTemplate (ContainerDeletionChoosingPolicyTemplate.java:chooseContainerForBlockDeletion(83)) - Chosen 0/5000 blocks from 0 candidate containers.
2023-03-23 08:06:18,231 [BlockDeletingService#2] INFO  interfaces.ContainerDeletionChoosingPolicyTemplate (ContainerDeletionChoosingPolicyTemplate.java:chooseContainerForBlockDeletion(83)) - Chosen 0/5000 blocks from 0 candidate containers.
2023-03-23 08:06:18,252 [BlockDeletingService#2] INFO  interfaces.ContainerDeletionChoosingPolicyTemplate (ContainerDeletionChoosingPolicyTemplate.java:chooseContainerForBlockDeletion(83)) - Chosen 0/5000 blocks from 0 candidate containers.
2023-03-23 08:06:18,331 [BlockDeletingService#2] INFO  interfaces.ContainerDeletionChoosingPolicyTemplate (ContainerDeletionChoosingPolicyTemplate.java:chooseContainerForBlockDeletion(83)) - Chosen 0/5000 blocks from 0 candidate containers.
2023-03-23 08:06:18,331 [BlockDeletingService#2] INFO  interfaces.ContainerDeletionChoosingPolicyTemplate (ContainerDeletionChoosingPolicyTemplate.java:chooseContainerForBlockDeletion(83)) - Chosen 0/5000 blocks from 0 candidate containers.
2023-03-23 08:06:18,352 [BlockDeletingService#2] INFO  interfaces.ContainerDeletionChoosingPolicyTemplate (ContainerDeletionChoosingPolicyTemplate.java:chooseContainerForBlockDeletion(83)) - Chosen 0/5000 blocks from 0 candidate containers.
2023-03-23 08:06:18,431 [BlockDeletingService#2] INFO  interfaces.ContainerDeletionChoosingPolicyTemplate (ContainerDeletionChoosingPolicyTemplate.java:chooseContainerForBlockDeletion(83)) - Chosen 0/5000 blocks from 0 candidate containers.
2023-03-23 08:06:18,431 [BlockDeletingService#2] INFO  interfaces.ContainerDeletionChoosingPolicyTemplate (ContainerDeletionChoosingPolicyTemplate.java:chooseContainerForBlockDeletion(83)) - Chosen 0/5000 blocks from 0 candidate containers.
2023-03-23 08:06:18,453 [BlockDeletingService#2] INFO  interfaces.ContainerDeletionChoosingPolicyTemplate (ContainerDeletionChoosingPolicyTemplate.java:chooseContainerForBlockDeletion(83)) - Chosen 0/5000 blocks from 0 candidate containers.
2023-03-23 08:06:18,481 [Listener at 127.0.0.1/46681] INFO  ozone.MiniOzoneClusterImpl (MiniOzoneClusterImpl.java:lambda$waitForClusterToBeReady$0(222)) - Nodes are ready. Got 3 of 3 DN Heartbeats.
2023-03-23 08:06:18,481 [Listener at 127.0.0.1/46681] INFO  ozone.MiniOzoneClusterImpl (MiniOzoneClusterImpl.java:lambda$waitForClusterToBeReady$0(225)) - Waiting for cluster to exit safe mode
2023-03-23 08:06:18,481 [Listener at 127.0.0.1/46681] INFO  ozone.MiniOzoneClusterImpl (MiniOzoneClusterImpl.java:lambda$waitForClusterToBeReady$0(227)) - SCM became leader
2023-03-23 08:06:18,531 [BlockDeletingService#2] INFO  interfaces.ContainerDeletionChoosingPolicyTemplate (ContainerDeletionChoosingPolicyTemplate.java:chooseContainerForBlockDeletion(83)) - Chosen 0/5000 blocks from 0 candidate containers.
2023-03-23 08:06:18,531 [BlockDeletingService#2] INFO  interfaces.ContainerDeletionChoosingPolicyTemplate (ContainerDeletionChoosingPolicyTemplate.java:chooseContainerForBlockDeletion(83)) - Chosen 0/5000 blocks from 0 candidate containers.
2023-03-23 08:06:18,553 [BlockDeletingService#2] INFO  interfaces.ContainerDeletionChoosingPolicyTemplate (ContainerDeletionChoosingPolicyTemplate.java:chooseContainerForBlockDeletion(83)) - Chosen 0/5000 blocks from 0 candidate containers.
2023-03-23 08:06:18,632 [BlockDeletingService#2] INFO  interfaces.ContainerDeletionChoosingPolicyTemplate (ContainerDeletionChoosingPolicyTemplate.java:chooseContainerForBlockDeletion(83)) - Chosen 0/5000 blocks from 0 candidate containers.
2023-03-23 08:06:18,632 [BlockDeletingService#2] INFO  interfaces.ContainerDeletionChoosingPolicyTemplate (ContainerDeletionChoosingPolicyTemplate.java:chooseContainerForBlockDeletion(83)) - Chosen 0/5000 blocks from 0 candidate containers.
2023-03-23 08:06:18,653 [BlockDeletingService#2] INFO  interfaces.ContainerDeletionChoosingPolicyTemplate (ContainerDeletionChoosingPolicyTemplate.java:chooseContainerForBlockDeletion(83)) - Chosen 0/5000 blocks from 0 candidate containers.
2023-03-23 08:06:18,732 [BlockDeletingService#2] INFO  interfaces.ContainerDeletionChoosingPolicyTemplate (ContainerDeletionChoosingPolicyTemplate.java:chooseContainerForBlockDeletion(83)) - Chosen 0/5000 blocks from 0 candidate containers.
2023-03-23 08:06:18,732 [BlockDeletingService#2] INFO  interfaces.ContainerDeletionChoosingPolicyTemplate (ContainerDeletionChoosingPolicyTemplate.java:chooseContainerForBlockDeletion(83)) - Chosen 0/5000 blocks from 0 candidate containers.
2023-03-23 08:06:18,753 [BlockDeletingService#2] INFO  interfaces.ContainerDeletionChoosingPolicyTemplate (ContainerDeletionChoosingPolicyTemplate.java:chooseContainerForBlockDeletion(83)) - Chosen 0/5000 blocks from 0 candidate containers.
2023-03-23 08:06:18,832 [BlockDeletingService#2] INFO  interfaces.ContainerDeletionChoosingPolicyTemplate (ContainerDeletionChoosingPolicyTemplate.java:chooseContainerForBlockDeletion(83)) - Chosen 0/5000 blocks from 0 candidate containers.
2023-03-23 08:06:18,832 [BlockDeletingService#2] INFO  interfaces.ContainerDeletionChoosingPolicyTemplate (ContainerDeletionChoosingPolicyTemplate.java:chooseContainerForBlockDeletion(83)) - Chosen 0/5000 blocks from 0 candidate containers.
2023-03-23 08:06:18,854 [BlockDeletingService#2] INFO  interfaces.ContainerDeletionChoosingPolicyTemplate (ContainerDeletionChoosingPolicyTemplate.java:chooseContainerForBlockDeletion(83)) - Chosen 0/5000 blocks from 0 candidate containers.
2023-03-23 08:06:18,932 [BlockDeletingService#2] INFO  interfaces.ContainerDeletionChoosingPolicyTemplate (ContainerDeletionChoosingPolicyTemplate.java:chooseContainerForBlockDeletion(83)) - Chosen 0/5000 blocks from 0 candidate containers.
2023-03-23 08:06:18,933 [BlockDeletingService#2] INFO  interfaces.ContainerDeletionChoosingPolicyTemplate (ContainerDeletionChoosingPolicyTemplate.java:chooseContainerForBlockDeletion(83)) - Chosen 0/5000 blocks from 0 candidate containers.
2023-03-23 08:06:18,954 [BlockDeletingService#2] INFO  interfaces.ContainerDeletionChoosingPolicyTemplate (ContainerDeletionChoosingPolicyTemplate.java:chooseContainerForBlockDeletion(83)) - Chosen 0/5000 blocks from 0 candidate containers.
2023-03-23 08:06:19,033 [BlockDeletingService#2] INFO  interfaces.ContainerDeletionChoosingPolicyTemplate (ContainerDeletionChoosingPolicyTemplate.java:chooseContainerForBlockDeletion(83)) - Chosen 0/5000 blocks from 0 candidate containers.
2023-03-23 08:06:19,033 [BlockDeletingService#2] INFO  interfaces.ContainerDeletionChoosingPolicyTemplate (ContainerDeletionChoosingPolicyTemplate.java:chooseContainerForBlockDeletion(83)) - Chosen 0/5000 blocks from 0 candidate containers.
2023-03-23 08:06:19,054 [BlockDeletingService#2] INFO  interfaces.ContainerDeletionChoosingPolicyTemplate (ContainerDeletionChoosingPolicyTemplate.java:chooseContainerForBlockDeletion(83)) - Chosen 0/5000 blocks from 0 candidate containers.
2023-03-23 08:06:19,133 [BlockDeletingService#2] INFO  interfaces.ContainerDeletionChoosingPolicyTemplate (ContainerDeletionChoosingPolicyTemplate.java:chooseContainerForBlockDeletion(83)) - Chosen 0/5000 blocks from 0 candidate containers.
2023-03-23 08:06:19,133 [BlockDeletingService#2] INFO  interfaces.ContainerDeletionChoosingPolicyTemplate (ContainerDeletionChoosingPolicyTemplate.java:chooseContainerForBlockDeletion(83)) - Chosen 0/5000 blocks from 0 candidate containers.
2023-03-23 08:06:19,154 [BlockDeletingService#2] INFO  interfaces.ContainerDeletionChoosingPolicyTemplate (ContainerDeletionChoosingPolicyTemplate.java:chooseContainerForBlockDeletion(83)) - Chosen 0/5000 blocks from 0 candidate containers.
2023-03-23 08:06:19,233 [BlockDeletingService#2] INFO  interfaces.ContainerDeletionChoosingPolicyTemplate (ContainerDeletionChoosingPolicyTemplate.java:chooseContainerForBlockDeletion(83)) - Chosen 0/5000 blocks from 0 candidate containers.
2023-03-23 08:06:19,233 [BlockDeletingService#2] INFO  interfaces.ContainerDeletionChoosingPolicyTemplate (ContainerDeletionChoosingPolicyTemplate.java:chooseContainerForBlockDeletion(83)) - Chosen 0/5000 blocks from 0 candidate containers.
2023-03-23 08:06:19,255 [BlockDeletingService#2] INFO  interfaces.ContainerDeletionChoosingPolicyTemplate (ContainerDeletionChoosingPolicyTemplate.java:chooseContainerForBlockDeletion(83)) - Chosen 0/5000 blocks from 0 candidate containers.
2023-03-23 08:06:19,334 [BlockDeletingService#2] INFO  interfaces.ContainerDeletionChoosingPolicyTemplate (ContainerDeletionChoosingPolicyTemplate.java:chooseContainerForBlockDeletion(83)) - Chosen 0/5000 blocks from 0 candidate containers.
2023-03-23 08:06:19,334 [BlockDeletingService#2] INFO  interfaces.ContainerDeletionChoosingPolicyTemplate (ContainerDeletionChoosingPolicyTemplate.java:chooseContainerForBlockDeletion(83)) - Chosen 0/5000 blocks from 0 candidate containers.
2023-03-23 08:06:19,355 [BlockDeletingService#2] INFO  interfaces.ContainerDeletionChoosingPolicyTemplate (ContainerDeletionChoosingPolicyTemplate.java:chooseContainerForBlockDeletion(83)) - Chosen 0/5000 blocks from 0 candidate containers.
2023-03-23 08:06:19,434 [BlockDeletingService#2] INFO  interfaces.ContainerDeletionChoosingPolicyTemplate (ContainerDeletionChoosingPolicyTemplate.java:chooseContainerForBlockDeletion(83)) - Chosen 0/5000 blocks from 0 candidate containers.
2023-03-23 08:06:19,434 [BlockDeletingService#2] INFO  interfaces.ContainerDeletionChoosingPolicyTemplate (ContainerDeletionChoosingPolicyTemplate.java:chooseContainerForBlockDeletion(83)) - Chosen 0/5000 blocks from 0 candidate containers.
2023-03-23 08:06:19,455 [BlockDeletingService#2] INFO  interfaces.ContainerDeletionChoosingPolicyTemplate (ContainerDeletionChoosingPolicyTemplate.java:chooseContainerForBlockDeletion(83)) - Chosen 0/5000 blocks from 0 candidate containers.
2023-03-23 08:06:19,482 [Listener at 127.0.0.1/46681] INFO  ozone.MiniOzoneClusterImpl (MiniOzoneClusterImpl.java:lambda$waitForClusterToBeReady$0(222)) - Nodes are ready. Got 3 of 3 DN Heartbeats.
2023-03-23 08:06:19,482 [Listener at 127.0.0.1/46681] INFO  ozone.MiniOzoneClusterImpl (MiniOzoneClusterImpl.java:lambda$waitForClusterToBeReady$0(225)) - Waiting for cluster to exit safe mode
2023-03-23 08:06:19,482 [Listener at 127.0.0.1/46681] INFO  ozone.MiniOzoneClusterImpl (MiniOzoneClusterImpl.java:lambda$waitForClusterToBeReady$0(227)) - SCM became leader
2023-03-23 08:06:19,534 [BlockDeletingService#2] INFO  interfaces.ContainerDeletionChoosingPolicyTemplate (ContainerDeletionChoosingPolicyTemplate.java:chooseContainerForBlockDeletion(83)) - Chosen 0/5000 blocks from 0 candidate containers.
2023-03-23 08:06:19,535 [BlockDeletingService#2] INFO  interfaces.ContainerDeletionChoosingPolicyTemplate (ContainerDeletionChoosingPolicyTemplate.java:chooseContainerForBlockDeletion(83)) - Chosen 0/5000 blocks from 0 candidate containers.
2023-03-23 08:06:19,555 [BlockDeletingService#2] INFO  interfaces.ContainerDeletionChoosingPolicyTemplate (ContainerDeletionChoosingPolicyTemplate.java:chooseContainerForBlockDeletion(83)) - Chosen 0/5000 blocks from 0 candidate containers.
2023-03-23 08:06:19,634 [BlockDeletingService#2] INFO  interfaces.ContainerDeletionChoosingPolicyTemplate (ContainerDeletionChoosingPolicyTemplate.java:chooseContainerForBlockDeletion(83)) - Chosen 0/5000 blocks from 0 candidate containers.
2023-03-23 08:06:19,635 [BlockDeletingService#2] INFO  interfaces.ContainerDeletionChoosingPolicyTemplate (ContainerDeletionChoosingPolicyTemplate.java:chooseContainerForBlockDeletion(83)) - Chosen 0/5000 blocks from 0 candidate containers.
2023-03-23 08:06:19,656 [BlockDeletingService#2] INFO  interfaces.ContainerDeletionChoosingPolicyTemplate (ContainerDeletionChoosingPolicyTemplate.java:chooseContainerForBlockDeletion(83)) - Chosen 0/5000 blocks from 0 candidate containers.
2023-03-23 08:06:19,698 [0838c789-5be6-4b53-844e-73c82c080a18@group-FC8DF440C2CC-FollowerState] INFO  impl.FollowerState (FollowerState.java:run(143)) - 0838c789-5be6-4b53-844e-73c82c080a18@group-FC8DF440C2CC-FollowerState: change to CANDIDATE, lastRpcElapsedTime:5033908824ns, electionTimeout:5024ms
2023-03-23 08:06:19,698 [0838c789-5be6-4b53-844e-73c82c080a18@group-FC8DF440C2CC-FollowerState] INFO  impl.RoleInfo (RoleInfo.java:shutdownFollowerState(110)) - 0838c789-5be6-4b53-844e-73c82c080a18: shutdown 0838c789-5be6-4b53-844e-73c82c080a18@group-FC8DF440C2CC-FollowerState
2023-03-23 08:06:19,698 [0838c789-5be6-4b53-844e-73c82c080a18@group-FC8DF440C2CC-FollowerState] INFO  server.RaftServer$Division (RaftServerImpl.java:setRole(321)) - 0838c789-5be6-4b53-844e-73c82c080a18@group-FC8DF440C2CC: changes role from  FOLLOWER to CANDIDATE at term 0 for changeToCandidate
2023-03-23 08:06:19,698 [0838c789-5be6-4b53-844e-73c82c080a18@group-FC8DF440C2CC-FollowerState] INFO  server.RaftServerConfigKeys (ConfUtils.java:logGet(46)) - raft.server.leaderelection.pre-vote = true (default)
2023-03-23 08:06:19,698 [0838c789-5be6-4b53-844e-73c82c080a18@group-FC8DF440C2CC-FollowerState] INFO  impl.RoleInfo (RoleInfo.java:updateAndGet(139)) - 0838c789-5be6-4b53-844e-73c82c080a18: start 0838c789-5be6-4b53-844e-73c82c080a18@group-FC8DF440C2CC-LeaderElection7
2023-03-23 08:06:19,701 [0838c789-5be6-4b53-844e-73c82c080a18@group-FC8DF440C2CC-LeaderElection7] INFO  impl.LeaderElection (LeaderElection.java:askForVotes(312)) - 0838c789-5be6-4b53-844e-73c82c080a18@group-FC8DF440C2CC-LeaderElection7 PRE_VOTE round 0: submit vote requests at term 0 for -1: peers:[9852ed25-ff4d-4e5e-8bb3-2709f3d2ddbb|rpc:10.1.0.214:42709|dataStream:10.1.0.214:41309|priority:0|startupRole:FOLLOWER, 2b202a02-6273-4262-ac40-cc676055620c|rpc:10.1.0.214:46245|dataStream:10.1.0.214:42641|priority:0|startupRole:FOLLOWER, 0838c789-5be6-4b53-844e-73c82c080a18|rpc:10.1.0.214:41851|dataStream:10.1.0.214:40921|priority:1|startupRole:FOLLOWER]|listeners:[], old=null
2023-03-23 08:06:19,701 [0838c789-5be6-4b53-844e-73c82c080a18@group-FC8DF440C2CC-LeaderElection7] INFO  server.RaftServerConfigKeys (ConfUtils.java:logFallback(53)) - raft.server.rpc.first-election.timeout.min = 5s (fallback to raft.server.rpc.timeout.min)
2023-03-23 08:06:19,701 [0838c789-5be6-4b53-844e-73c82c080a18@group-FC8DF440C2CC-LeaderElection7-1] INFO  server.GrpcServerProtocolClient (GrpcServerProtocolClient.java:<init>(63)) - Build channel for 9852ed25-ff4d-4e5e-8bb3-2709f3d2ddbb
2023-03-23 08:06:19,701 [0838c789-5be6-4b53-844e-73c82c080a18@group-FC8DF440C2CC-LeaderElection7] INFO  server.RaftServerConfigKeys (ConfUtils.java:logFallback(53)) - raft.server.rpc.first-election.timeout.max = 5200ms (fallback to raft.server.rpc.timeout.max)
2023-03-23 08:06:19,702 [0838c789-5be6-4b53-844e-73c82c080a18@group-FC8DF440C2CC-LeaderElection7-2] INFO  server.GrpcServerProtocolClient (GrpcServerProtocolClient.java:<init>(63)) - Build channel for 2b202a02-6273-4262-ac40-cc676055620c
2023-03-23 08:06:19,733 [grpc-default-executor-0] INFO  server.RaftServer$Division (RaftServerImpl.java:requestVote(1218)) - 9852ed25-ff4d-4e5e-8bb3-2709f3d2ddbb@group-FC8DF440C2CC: receive requestVote(PRE_VOTE, 0838c789-5be6-4b53-844e-73c82c080a18, group-FC8DF440C2CC, 0, (t:0, i:0))
2023-03-23 08:06:19,734 [grpc-default-executor-0] INFO  impl.VoteContext (VoteContext.java:log(49)) - 9852ed25-ff4d-4e5e-8bb3-2709f3d2ddbb@group-FC8DF440C2CC-FOLLOWER: accept PRE_VOTE from 0838c789-5be6-4b53-844e-73c82c080a18: our priority 0 <= candidate's priority 1
2023-03-23 08:06:19,734 [grpc-default-executor-0] INFO  server.RaftServer$Division (RaftServerImpl.java:requestVote(1251)) - 9852ed25-ff4d-4e5e-8bb3-2709f3d2ddbb@group-FC8DF440C2CC replies to PRE_VOTE vote request: 0838c789-5be6-4b53-844e-73c82c080a18<-9852ed25-ff4d-4e5e-8bb3-2709f3d2ddbb#0:OK-t0. Peer's state: 9852ed25-ff4d-4e5e-8bb3-2709f3d2ddbb@group-FC8DF440C2CC:t0, leader=null, voted=, raftlog=Memoized:9852ed25-ff4d-4e5e-8bb3-2709f3d2ddbb@group-FC8DF440C2CC-SegmentedRaftLog:OPENED:c-1, conf=-1: peers:[9852ed25-ff4d-4e5e-8bb3-2709f3d2ddbb|rpc:10.1.0.214:42709|dataStream:10.1.0.214:41309|priority:0|startupRole:FOLLOWER, 2b202a02-6273-4262-ac40-cc676055620c|rpc:10.1.0.214:46245|dataStream:10.1.0.214:42641|priority:0|startupRole:FOLLOWER, 0838c789-5be6-4b53-844e-73c82c080a18|rpc:10.1.0.214:41851|dataStream:10.1.0.214:40921|priority:1|startupRole:FOLLOWER]|listeners:[], old=null
2023-03-23 08:06:19,735 [BlockDeletingService#2] INFO  interfaces.ContainerDeletionChoosingPolicyTemplate (ContainerDeletionChoosingPolicyTemplate.java:chooseContainerForBlockDeletion(83)) - Chosen 0/5000 blocks from 0 candidate containers.
2023-03-23 08:06:19,735 [BlockDeletingService#2] INFO  interfaces.ContainerDeletionChoosingPolicyTemplate (ContainerDeletionChoosingPolicyTemplate.java:chooseContainerForBlockDeletion(83)) - Chosen 0/5000 blocks from 0 candidate containers.
2023-03-23 08:06:19,737 [0838c789-5be6-4b53-844e-73c82c080a18@group-FC8DF440C2CC-LeaderElection7] INFO  impl.LeaderElection (LeaderElection.java:logAndReturn(90)) - 0838c789-5be6-4b53-844e-73c82c080a18@group-FC8DF440C2CC-LeaderElection7: PRE_VOTE PASSED received 1 response(s) and 0 exception(s):
2023-03-23 08:06:19,737 [0838c789-5be6-4b53-844e-73c82c080a18@group-FC8DF440C2CC-LeaderElection7] INFO  impl.LeaderElection (LeaderElection.java:logAndReturn(94)) -   Response 0: 0838c789-5be6-4b53-844e-73c82c080a18<-9852ed25-ff4d-4e5e-8bb3-2709f3d2ddbb#0:OK-t0
2023-03-23 08:06:19,737 [0838c789-5be6-4b53-844e-73c82c080a18@group-FC8DF440C2CC-LeaderElection7] INFO  impl.LeaderElection (LeaderElection.java:askForVotes(314)) - 0838c789-5be6-4b53-844e-73c82c080a18@group-FC8DF440C2CC-LeaderElection7 PRE_VOTE round 0: result PASSED
2023-03-23 08:06:19,737 [grpc-default-executor-1] INFO  server.RaftServer$Division (RaftServerImpl.java:requestVote(1218)) - 2b202a02-6273-4262-ac40-cc676055620c@group-FC8DF440C2CC: receive requestVote(PRE_VOTE, 0838c789-5be6-4b53-844e-73c82c080a18, group-FC8DF440C2CC, 0, (t:0, i:0))
2023-03-23 08:06:19,739 [0838c789-5be6-4b53-844e-73c82c080a18@group-FC8DF440C2CC-LeaderElection7] INFO  impl.LeaderElection (LeaderElection.java:askForVotes(312)) - 0838c789-5be6-4b53-844e-73c82c080a18@group-FC8DF440C2CC-LeaderElection7 ELECTION round 0: submit vote requests at term 1 for -1: peers:[9852ed25-ff4d-4e5e-8bb3-2709f3d2ddbb|rpc:10.1.0.214:42709|dataStream:10.1.0.214:41309|priority:0|startupRole:FOLLOWER, 2b202a02-6273-4262-ac40-cc676055620c|rpc:10.1.0.214:46245|dataStream:10.1.0.214:42641|priority:0|startupRole:FOLLOWER, 0838c789-5be6-4b53-844e-73c82c080a18|rpc:10.1.0.214:41851|dataStream:10.1.0.214:40921|priority:1|startupRole:FOLLOWER]|listeners:[], old=null
2023-03-23 08:06:19,740 [grpc-default-executor-1] INFO  impl.VoteContext (VoteContext.java:log(49)) - 2b202a02-6273-4262-ac40-cc676055620c@group-FC8DF440C2CC-FOLLOWER: accept PRE_VOTE from 0838c789-5be6-4b53-844e-73c82c080a18: our priority 0 <= candidate's priority 1
2023-03-23 08:06:19,741 [grpc-default-executor-1] INFO  server.RaftServer$Division (RaftServerImpl.java:requestVote(1251)) - 2b202a02-6273-4262-ac40-cc676055620c@group-FC8DF440C2CC replies to PRE_VOTE vote request: 0838c789-5be6-4b53-844e-73c82c080a18<-2b202a02-6273-4262-ac40-cc676055620c#0:OK-t0. Peer's state: 2b202a02-6273-4262-ac40-cc676055620c@group-FC8DF440C2CC:t0, leader=null, voted=, raftlog=Memoized:2b202a02-6273-4262-ac40-cc676055620c@group-FC8DF440C2CC-SegmentedRaftLog:OPENED:c-1, conf=-1: peers:[9852ed25-ff4d-4e5e-8bb3-2709f3d2ddbb|rpc:10.1.0.214:42709|dataStream:10.1.0.214:41309|priority:0|startupRole:FOLLOWER, 2b202a02-6273-4262-ac40-cc676055620c|rpc:10.1.0.214:46245|dataStream:10.1.0.214:42641|priority:0|startupRole:FOLLOWER, 0838c789-5be6-4b53-844e-73c82c080a18|rpc:10.1.0.214:41851|dataStream:10.1.0.214:40921|priority:1|startupRole:FOLLOWER]|listeners:[], old=null
2023-03-23 08:06:19,742 [0838c789-5be6-4b53-844e-73c82c080a18@group-FC8DF440C2CC-LeaderElection7] INFO  server.RaftServerConfigKeys (ConfUtils.java:logFallback(53)) - raft.server.rpc.first-election.timeout.min = 5s (fallback to raft.server.rpc.timeout.min)
2023-03-23 08:06:19,746 [0838c789-5be6-4b53-844e-73c82c080a18@group-FC8DF440C2CC-LeaderElection7] INFO  server.RaftServerConfigKeys (ConfUtils.java:logFallback(53)) - raft.server.rpc.first-election.timeout.max = 5200ms (fallback to raft.server.rpc.timeout.max)
2023-03-23 08:06:19,746 [grpc-default-executor-0] INFO  server.RaftServer$Division (RaftServerImpl.java:requestVote(1218)) - 9852ed25-ff4d-4e5e-8bb3-2709f3d2ddbb@group-FC8DF440C2CC: receive requestVote(ELECTION, 0838c789-5be6-4b53-844e-73c82c080a18, group-FC8DF440C2CC, 1, (t:0, i:0))
2023-03-23 08:06:19,747 [grpc-default-executor-0] INFO  impl.VoteContext (VoteContext.java:log(49)) - 9852ed25-ff4d-4e5e-8bb3-2709f3d2ddbb@group-FC8DF440C2CC-FOLLOWER: accept ELECTION from 0838c789-5be6-4b53-844e-73c82c080a18: our priority 0 <= candidate's priority 1
2023-03-23 08:06:19,747 [grpc-default-executor-0] INFO  server.RaftServer$Division (RaftServerImpl.java:setRole(321)) - 9852ed25-ff4d-4e5e-8bb3-2709f3d2ddbb@group-FC8DF440C2CC: changes role from  FOLLOWER to FOLLOWER at term 1 for candidate:0838c789-5be6-4b53-844e-73c82c080a18
2023-03-23 08:06:19,747 [grpc-default-executor-0] INFO  impl.RoleInfo (RoleInfo.java:shutdownFollowerState(110)) - 9852ed25-ff4d-4e5e-8bb3-2709f3d2ddbb: shutdown 9852ed25-ff4d-4e5e-8bb3-2709f3d2ddbb@group-FC8DF440C2CC-FollowerState
2023-03-23 08:06:19,747 [grpc-default-executor-0] INFO  impl.RoleInfo (RoleInfo.java:updateAndGet(139)) - 9852ed25-ff4d-4e5e-8bb3-2709f3d2ddbb: start 9852ed25-ff4d-4e5e-8bb3-2709f3d2ddbb@group-FC8DF440C2CC-FollowerState
2023-03-23 08:06:19,747 [9852ed25-ff4d-4e5e-8bb3-2709f3d2ddbb@group-FC8DF440C2CC-FollowerState] INFO  impl.FollowerState (FollowerState.java:run(152)) - 9852ed25-ff4d-4e5e-8bb3-2709f3d2ddbb@group-FC8DF440C2CC-FollowerState was interrupted
2023-03-23 08:06:19,748 [9852ed25-ff4d-4e5e-8bb3-2709f3d2ddbb@group-FC8DF440C2CC-FollowerState] INFO  server.RaftServerConfigKeys (ConfUtils.java:logFallback(53)) - raft.server.rpc.first-election.timeout.min = 5s (fallback to raft.server.rpc.timeout.min)
2023-03-23 08:06:19,748 [9852ed25-ff4d-4e5e-8bb3-2709f3d2ddbb@group-FC8DF440C2CC-FollowerState] INFO  server.RaftServerConfigKeys (ConfUtils.java:logFallback(53)) - raft.server.rpc.first-election.timeout.max = 5200ms (fallback to raft.server.rpc.timeout.max)
2023-03-23 08:06:19,752 [grpc-default-executor-0] INFO  server.RaftServer$Division (RaftServerImpl.java:requestVote(1251)) - 9852ed25-ff4d-4e5e-8bb3-2709f3d2ddbb@group-FC8DF440C2CC replies to ELECTION vote request: 0838c789-5be6-4b53-844e-73c82c080a18<-9852ed25-ff4d-4e5e-8bb3-2709f3d2ddbb#0:OK-t1. Peer's state: 9852ed25-ff4d-4e5e-8bb3-2709f3d2ddbb@group-FC8DF440C2CC:t1, leader=null, voted=0838c789-5be6-4b53-844e-73c82c080a18, raftlog=Memoized:9852ed25-ff4d-4e5e-8bb3-2709f3d2ddbb@group-FC8DF440C2CC-SegmentedRaftLog:OPENED:c-1, conf=-1: peers:[9852ed25-ff4d-4e5e-8bb3-2709f3d2ddbb|rpc:10.1.0.214:42709|dataStream:10.1.0.214:41309|priority:0|startupRole:FOLLOWER, 2b202a02-6273-4262-ac40-cc676055620c|rpc:10.1.0.214:46245|dataStream:10.1.0.214:42641|priority:0|startupRole:FOLLOWER, 0838c789-5be6-4b53-844e-73c82c080a18|rpc:10.1.0.214:41851|dataStream:10.1.0.214:40921|priority:1|startupRole:FOLLOWER]|listeners:[], old=null
2023-03-23 08:06:19,750 [grpc-default-executor-1] INFO  server.RaftServer$Division (RaftServerImpl.java:requestVote(1218)) - 2b202a02-6273-4262-ac40-cc676055620c@group-FC8DF440C2CC: receive requestVote(ELECTION, 0838c789-5be6-4b53-844e-73c82c080a18, group-FC8DF440C2CC, 1, (t:0, i:0))
2023-03-23 08:06:19,752 [grpc-default-executor-1] INFO  impl.VoteContext (VoteContext.java:log(49)) - 2b202a02-6273-4262-ac40-cc676055620c@group-FC8DF440C2CC-FOLLOWER: accept ELECTION from 0838c789-5be6-4b53-844e-73c82c080a18: our priority 0 <= candidate's priority 1
2023-03-23 08:06:19,752 [grpc-default-executor-1] INFO  server.RaftServer$Division (RaftServerImpl.java:setRole(321)) - 2b202a02-6273-4262-ac40-cc676055620c@group-FC8DF440C2CC: changes role from  FOLLOWER to FOLLOWER at term 1 for candidate:0838c789-5be6-4b53-844e-73c82c080a18
2023-03-23 08:06:19,752 [grpc-default-executor-1] INFO  impl.RoleInfo (RoleInfo.java:shutdownFollowerState(110)) - 2b202a02-6273-4262-ac40-cc676055620c: shutdown 2b202a02-6273-4262-ac40-cc676055620c@group-FC8DF440C2CC-FollowerState
2023-03-23 08:06:19,752 [grpc-default-executor-1] INFO  impl.RoleInfo (RoleInfo.java:updateAndGet(139)) - 2b202a02-6273-4262-ac40-cc676055620c: start 2b202a02-6273-4262-ac40-cc676055620c@group-FC8DF440C2CC-FollowerState
2023-03-23 08:06:19,753 [2b202a02-6273-4262-ac40-cc676055620c@group-FC8DF440C2CC-FollowerState] INFO  impl.FollowerState (FollowerState.java:run(152)) - 2b202a02-6273-4262-ac40-cc676055620c@group-FC8DF440C2CC-FollowerState was interrupted
2023-03-23 08:06:19,759 [BlockDeletingService#2] INFO  interfaces.ContainerDeletionChoosingPolicyTemplate (ContainerDeletionChoosingPolicyTemplate.java:chooseContainerForBlockDeletion(83)) - Chosen 0/5000 blocks from 0 candidate containers.
2023-03-23 08:06:19,759 [2b202a02-6273-4262-ac40-cc676055620c@group-FC8DF440C2CC-FollowerState] INFO  server.RaftServerConfigKeys (ConfUtils.java:logFallback(53)) - raft.server.rpc.first-election.timeout.min = 5s (fallback to raft.server.rpc.timeout.min)
2023-03-23 08:06:19,758 [grpc-default-executor-1] INFO  server.RaftServer$Division (RaftServerImpl.java:requestVote(1251)) - 2b202a02-6273-4262-ac40-cc676055620c@group-FC8DF440C2CC replies to ELECTION vote request: 0838c789-5be6-4b53-844e-73c82c080a18<-2b202a02-6273-4262-ac40-cc676055620c#0:OK-t1. Peer's state: 2b202a02-6273-4262-ac40-cc676055620c@group-FC8DF440C2CC:t1, leader=null, voted=0838c789-5be6-4b53-844e-73c82c080a18, raftlog=Memoized:2b202a02-6273-4262-ac40-cc676055620c@group-FC8DF440C2CC-SegmentedRaftLog:OPENED:c-1, conf=-1: peers:[9852ed25-ff4d-4e5e-8bb3-2709f3d2ddbb|rpc:10.1.0.214:42709|dataStream:10.1.0.214:41309|priority:0|startupRole:FOLLOWER, 2b202a02-6273-4262-ac40-cc676055620c|rpc:10.1.0.214:46245|dataStream:10.1.0.214:42641|priority:0|startupRole:FOLLOWER, 0838c789-5be6-4b53-844e-73c82c080a18|rpc:10.1.0.214:41851|dataStream:10.1.0.214:40921|priority:1|startupRole:FOLLOWER]|listeners:[], old=null
2023-03-23 08:06:19,759 [0838c789-5be6-4b53-844e-73c82c080a18@group-FC8DF440C2CC-LeaderElection7] INFO  impl.LeaderElection (LeaderElection.java:logAndReturn(90)) - 0838c789-5be6-4b53-844e-73c82c080a18@group-FC8DF440C2CC-LeaderElection7: ELECTION PASSED received 1 response(s) and 0 exception(s):
2023-03-23 08:06:19,762 [0838c789-5be6-4b53-844e-73c82c080a18@group-FC8DF440C2CC-LeaderElection7] INFO  impl.LeaderElection (LeaderElection.java:logAndReturn(94)) -   Response 0: 0838c789-5be6-4b53-844e-73c82c080a18<-9852ed25-ff4d-4e5e-8bb3-2709f3d2ddbb#0:OK-t1
2023-03-23 08:06:19,762 [0838c789-5be6-4b53-844e-73c82c080a18@group-FC8DF440C2CC-LeaderElection7] INFO  impl.LeaderElection (LeaderElection.java:askForVotes(314)) - 0838c789-5be6-4b53-844e-73c82c080a18@group-FC8DF440C2CC-LeaderElection7 ELECTION round 0: result PASSED
2023-03-23 08:06:19,762 [0838c789-5be6-4b53-844e-73c82c080a18@group-FC8DF440C2CC-LeaderElection7] INFO  impl.RoleInfo (RoleInfo.java:shutdownLeaderElection(130)) - 0838c789-5be6-4b53-844e-73c82c080a18: shutdown 0838c789-5be6-4b53-844e-73c82c080a18@group-FC8DF440C2CC-LeaderElection7
2023-03-23 08:06:19,762 [0838c789-5be6-4b53-844e-73c82c080a18@group-FC8DF440C2CC-LeaderElection7] INFO  server.RaftServer$Division (RaftServerImpl.java:setRole(321)) - 0838c789-5be6-4b53-844e-73c82c080a18@group-FC8DF440C2CC: changes role from CANDIDATE to LEADER at term 1 for changeToLeader
2023-03-23 08:06:19,762 [0838c789-5be6-4b53-844e-73c82c080a18@group-FC8DF440C2CC-LeaderElection7] INFO  ratis.XceiverServerRatis (XceiverServerRatis.java:handleLeaderChangedNotification(905)) - Leader change notification received for group: group-FC8DF440C2CC with new leaderId: 0838c789-5be6-4b53-844e-73c82c080a18
2023-03-23 08:06:19,762 [0838c789-5be6-4b53-844e-73c82c080a18@group-FC8DF440C2CC-LeaderElection7] INFO  server.RaftServer$Division (ServerState.java:setLeader(313)) - 0838c789-5be6-4b53-844e-73c82c080a18@group-FC8DF440C2CC: change Leader from null to 0838c789-5be6-4b53-844e-73c82c080a18 at term 1 for becomeLeader, leader elected after 5113ms
2023-03-23 08:06:19,762 [0838c789-5be6-4b53-844e-73c82c080a18@group-FC8DF440C2CC-LeaderElection7] INFO  server.RaftServerConfigKeys (ConfUtils.java:logGet(46)) - raft.server.staging.catchup.gap = 1000 (default)
2023-03-23 08:06:19,762 [0838c789-5be6-4b53-844e-73c82c080a18@group-FC8DF440C2CC-LeaderElection7] INFO  server.RaftServerConfigKeys (ConfUtils.java:logGet(46)) - raft.server.write.element-limit = 1024 (custom)
2023-03-23 08:06:19,763 [0838c789-5be6-4b53-844e-73c82c080a18@group-FC8DF440C2CC-LeaderElection7] INFO  server.RaftServerConfigKeys (ConfUtils.java:logGet(46)) - raft.server.write.byte-limit = 1024 M (=1073741824) (custom)
2023-03-23 08:06:19,763 [0838c789-5be6-4b53-844e-73c82c080a18@group-FC8DF440C2CC-LeaderElection7] INFO  server.RaftServerConfigKeys (ConfUtils.java:logGet(46)) - raft.server.watch.timeout = 180s (custom)
2023-03-23 08:06:19,763 [0838c789-5be6-4b53-844e-73c82c080a18@group-FC8DF440C2CC-LeaderElection7] INFO  server.RaftServerConfigKeys (ConfUtils.java:logGet(46)) - raft.server.watch.timeout.denomination = 1s (default)
2023-03-23 08:06:19,763 [0838c789-5be6-4b53-844e-73c82c080a18@group-FC8DF440C2CC-LeaderElection7] INFO  server.RaftServerConfigKeys (ConfUtils.java:logGet(46)) - raft.server.watch.element-limit = 65536 (default)
2023-03-23 08:06:19,763 [0838c789-5be6-4b53-844e-73c82c080a18@group-FC8DF440C2CC-LeaderElection7] INFO  server.RaftServerConfigKeys (ConfUtils.java:logGet(46)) - raft.server.write.element-limit = 1024 (custom)
2023-03-23 08:06:19,763 [0838c789-5be6-4b53-844e-73c82c080a18@group-FC8DF440C2CC-LeaderElection7] INFO  server.RaftServerConfigKeys (ConfUtils.java:logGet(46)) - raft.server.write.follower.gap.ratio.max = -1.0 (default)
2023-03-23 08:06:19,763 [0838c789-5be6-4b53-844e-73c82c080a18@group-FC8DF440C2CC-LeaderElection7] INFO  server.RaftServerConfigKeys (ConfUtils.java:logGet(46)) - raft.server.log.appender.snapshot.chunk.size.max = 16MB (=16777216) (default)
2023-03-23 08:06:19,763 [0838c789-5be6-4b53-844e-73c82c080a18@group-FC8DF440C2CC-LeaderElection7] INFO  server.RaftServerConfigKeys (ConfUtils.java:logGet(46)) - raft.server.log.appender.buffer.byte-limit = 33554432 (custom)
2023-03-23 08:06:19,763 [0838c789-5be6-4b53-844e-73c82c080a18@group-FC8DF440C2CC-LeaderElection7] INFO  server.RaftServerConfigKeys (ConfUtils.java:logGet(46)) - raft.server.log.appender.buffer.element-limit = 1 (custom)
2023-03-23 08:06:19,763 [0838c789-5be6-4b53-844e-73c82c080a18@group-FC8DF440C2CC-LeaderElection7] INFO  grpc.GrpcConfigKeys (ConfUtils.java:logGet(46)) - raft.grpc.server.leader.outstanding.appends.max = 128 (default)
2023-03-23 08:06:19,764 [0838c789-5be6-4b53-844e-73c82c080a18@group-FC8DF440C2CC-LeaderElection7] INFO  server.RaftServerConfigKeys (ConfUtils.java:logGet(46)) - raft.server.rpc.request.timeout = 60s (custom)
2023-03-23 08:06:19,764 [0838c789-5be6-4b53-844e-73c82c080a18@group-FC8DF440C2CC-LeaderElection7] INFO  server.RaftServerConfigKeys (ConfUtils.java:logGet(46)) - raft.server.log.appender.install.snapshot.enabled = false (custom)
2023-03-23 08:06:19,764 [0838c789-5be6-4b53-844e-73c82c080a18@group-FC8DF440C2CC-LeaderElection7] INFO  grpc.GrpcConfigKeys (ConfUtils.java:logGet(46)) - raft.grpc.server.heartbeat.channel = true (default)
2023-03-23 08:06:19,764 [0838c789-5be6-4b53-844e-73c82c080a18@group-FC8DF440C2CC-LeaderElection7] INFO  server.RaftServerConfigKeys (ConfUtils.java:logGet(46)) - raft.server.log.appender.wait-time.min = 10ms (default)
2023-03-23 08:06:19,764 [0838c789-5be6-4b53-844e-73c82c080a18@group-FC8DF440C2CC-LeaderElection7] INFO  server.RaftServerConfigKeys (ConfUtils.java:logGet(46)) - raft.server.log.appender.snapshot.chunk.size.max = 16MB (=16777216) (default)
2023-03-23 08:06:19,764 [0838c789-5be6-4b53-844e-73c82c080a18@group-FC8DF440C2CC-LeaderElection7] INFO  server.RaftServerConfigKeys (ConfUtils.java:logGet(46)) - raft.server.log.appender.buffer.byte-limit = 33554432 (custom)
2023-03-23 08:06:19,764 [0838c789-5be6-4b53-844e-73c82c080a18@group-FC8DF440C2CC-LeaderElection7] INFO  server.RaftServerConfigKeys (ConfUtils.java:logGet(46)) - raft.server.log.appender.buffer.element-limit = 1 (custom)
2023-03-23 08:06:19,764 [0838c789-5be6-4b53-844e-73c82c080a18@group-FC8DF440C2CC-LeaderElection7] INFO  grpc.GrpcConfigKeys (ConfUtils.java:logGet(46)) - raft.grpc.server.leader.outstanding.appends.max = 128 (default)
2023-03-23 08:06:19,764 [0838c789-5be6-4b53-844e-73c82c080a18@group-FC8DF440C2CC-LeaderElection7] INFO  server.RaftServerConfigKeys (ConfUtils.java:logGet(46)) - raft.server.rpc.request.timeout = 60s (custom)
2023-03-23 08:06:19,764 [0838c789-5be6-4b53-844e-73c82c080a18@group-FC8DF440C2CC-LeaderElection7] INFO  server.RaftServerConfigKeys (ConfUtils.java:logGet(46)) - raft.server.log.appender.install.snapshot.enabled = false (custom)
2023-03-23 08:06:19,765 [0838c789-5be6-4b53-844e-73c82c080a18@group-FC8DF440C2CC-LeaderElection7] INFO  grpc.GrpcConfigKeys (ConfUtils.java:logGet(46)) - raft.grpc.server.heartbeat.channel = true (default)
2023-03-23 08:06:19,765 [0838c789-5be6-4b53-844e-73c82c080a18@group-FC8DF440C2CC-LeaderElection7] INFO  server.RaftServerConfigKeys (ConfUtils.java:logGet(46)) - raft.server.log.appender.wait-time.min = 10ms (default)
2023-03-23 08:06:19,765 [0838c789-5be6-4b53-844e-73c82c080a18@group-FC8DF440C2CC-LeaderElection7] INFO  impl.RoleInfo (RoleInfo.java:updateAndGet(139)) - 0838c789-5be6-4b53-844e-73c82c080a18: start 0838c789-5be6-4b53-844e-73c82c080a18@group-FC8DF440C2CC-LeaderStateImpl
2023-03-23 08:06:19,765 [0838c789-5be6-4b53-844e-73c82c080a18@group-FC8DF440C2CC-LeaderElection7] INFO  segmented.SegmentedRaftLogWorker (SegmentedRaftLogWorker.java:startLogSegment(452)) - 0838c789-5be6-4b53-844e-73c82c080a18@group-FC8DF440C2CC-SegmentedRaftLogWorker: Starting segment from index:0
2023-03-23 08:06:19,766 [2b202a02-6273-4262-ac40-cc676055620c@group-FC8DF440C2CC-FollowerState] INFO  server.RaftServerConfigKeys (ConfUtils.java:logFallback(53)) - raft.server.rpc.first-election.timeout.max = 5200ms (fallback to raft.server.rpc.timeout.max)
2023-03-23 08:06:19,767 [0838c789-5be6-4b53-844e-73c82c080a18@group-FC8DF440C2CC-SegmentedRaftLogWorker] INFO  segmented.SegmentedRaftLogWorker (SegmentedRaftLogWorker.java:execute(656)) - 0838c789-5be6-4b53-844e-73c82c080a18@group-FC8DF440C2CC-SegmentedRaftLogWorker: created new log segment /home/runner/work/ozone/ozone/hadoop-ozone/integration-test/target/test-dir/MiniOzoneClusterImpl-83429495-af89-4435-a907-dab059fcfd42/datanode-0/data/ratis/60f4dc05-4e25-430c-932c-fc8df440c2cc/current/log_inprogress_0
2023-03-23 08:06:19,766 [EventQueue-PipelineReportForPipelineReportHandler] INFO  pipeline.PipelineManagerImpl (PipelineManagerImpl.java:openPipeline(367)) - Pipeline Pipeline[ Id: 60f4dc05-4e25-430c-932c-fc8df440c2cc, Nodes: 2b202a02-6273-4262-ac40-cc676055620c(fv-az105-497.wy5h1aom0jgehahef1oyr10hrc.bx.internal.cloudapp.net/10.1.0.214)0838c789-5be6-4b53-844e-73c82c080a18(fv-az105-497.wy5h1aom0jgehahef1oyr10hrc.bx.internal.cloudapp.net/10.1.0.214)9852ed25-ff4d-4e5e-8bb3-2709f3d2ddbb(fv-az105-497.wy5h1aom0jgehahef1oyr10hrc.bx.internal.cloudapp.net/10.1.0.214), ReplicationConfig: RATIS/THREE, State:ALLOCATED, leaderId:0838c789-5be6-4b53-844e-73c82c080a18, CreationTimestamp2023-03-23T08:06:12.477Z[Etc/UTC]] moved to OPEN state
2023-03-23 08:06:19,787 [0838c789-5be6-4b53-844e-73c82c080a18@group-FC8DF440C2CC-LeaderElection7] INFO  server.RaftServer$Division (ServerState.java:setRaftConf(430)) - 0838c789-5be6-4b53-844e-73c82c080a18@group-FC8DF440C2CC: set configuration 0: peers:[9852ed25-ff4d-4e5e-8bb3-2709f3d2ddbb|rpc:10.1.0.214:42709|dataStream:10.1.0.214:41309|priority:0|startupRole:FOLLOWER, 2b202a02-6273-4262-ac40-cc676055620c|rpc:10.1.0.214:46245|dataStream:10.1.0.214:42641|priority:0|startupRole:FOLLOWER, 0838c789-5be6-4b53-844e-73c82c080a18|rpc:10.1.0.214:41851|dataStream:10.1.0.214:40921|priority:1|startupRole:FOLLOWER]|listeners:[], old=null
2023-03-23 08:06:19,793 [EventQueue-OpenPipelineForHealthyPipelineSafeModeRule] INFO  safemode.SCMSafeModeManager (HealthyPipelineSafeModeRule.java:process(137)) - SCM in safe mode. Healthy pipelines reported count is 1, required healthy pipeline reported count is 1
2023-03-23 08:06:19,796 [EventQueue-OpenPipelineForHealthyPipelineSafeModeRule] INFO  safemode.SCMSafeModeManager (SCMSafeModeManager.java:validateSafeModeExitRules(200)) - HealthyPipelineSafeModeRule rule is successfully validated
2023-03-23 08:06:19,796 [EventQueue-OpenPipelineForHealthyPipelineSafeModeRule] INFO  safemode.SCMSafeModeManager (SCMSafeModeManager.java:validateSafeModeExitRules(215)) - ScmSafeModeManager, all rules are successfully validated
2023-03-23 08:06:19,796 [EventQueue-OpenPipelineForHealthyPipelineSafeModeRule] INFO  safemode.SCMSafeModeManager (SCMSafeModeManager.java:exitSafeMode(244)) - SCM exiting safe mode.
2023-03-23 08:06:19,796 [EventQueue-OpenPipelineForHealthyPipelineSafeModeRule] INFO  ha.SCMContext (SCMContext.java:updateSafeModeStatus(228)) - Update SafeModeStatus from SafeModeStatus{safeModeStatus=true, preCheckPassed=true} to SafeModeStatus{safeModeStatus=false, preCheckPassed=true}.
2023-03-23 08:06:19,803 [EventQueue-OpenPipelineForHealthyPipelineSafeModeRule] INFO  pipeline.BackgroundPipelineCreator (BackgroundPipelineCreator.java:notifyStatusChanged(254)) - Service BackgroundPipelineCreator transitions to RUNNING.
2023-03-23 08:06:19,803 [EventQueue-OpenPipelineForHealthyPipelineSafeModeRule] INFO  BackgroundPipelineScrubber (BackgroundSCMService.java:notifyStatusChanged(82)) - Service BackgroundPipelineScrubber transitions to RUNNING.
2023-03-23 08:06:19,806 [EventQueue-OpenPipelineForHealthyPipelineSafeModeRule] INFO  ExpiredContainerReplicaOpScrubber (BackgroundSCMService.java:notifyStatusChanged(82)) - Service ExpiredContainerReplicaOpScrubber transitions to RUNNING.
2023-03-23 08:06:19,806 [EventQueue-OpenPipelineForHealthyPipelineSafeModeRule] INFO  replication.ReplicationManager (ReplicationManager.java:notifyStatusChanged(1265)) - Service ReplicationManager transitions to RUNNING.
2023-03-23 08:06:19,806 [EventQueue-OpenPipelineForHealthyPipelineSafeModeRule] WARN  balancer.ContainerBalancer (ContainerBalancer.java:shouldRun(131)) - Could not find persisted configuration for ContainerBalancer when checking if ContainerBalancer should run. ContainerBalancer should not run now.
2023-03-23 08:06:19,809 [SCMBlockDeletingService#0] DEBUG block.SCMBlockDeletingService (SCMBlockDeletingService.java:call(136)) - Running DeletedBlockTransactionScanner
2023-03-23 08:06:19,814 [9852ed25-ff4d-4e5e-8bb3-2709f3d2ddbb-server-thread1] INFO  ratis.XceiverServerRatis (XceiverServerRatis.java:handleLeaderChangedNotification(905)) - Leader change notification received for group: group-FC8DF440C2CC with new leaderId: 0838c789-5be6-4b53-844e-73c82c080a18
2023-03-23 08:06:19,814 [9852ed25-ff4d-4e5e-8bb3-2709f3d2ddbb-server-thread1] INFO  server.RaftServer$Division (ServerState.java:setLeader(313)) - 9852ed25-ff4d-4e5e-8bb3-2709f3d2ddbb@group-FC8DF440C2CC: change Leader from null to 0838c789-5be6-4b53-844e-73c82c080a18 at term 1 for appendEntries, leader elected after 5068ms
2023-03-23 08:06:19,818 [9852ed25-ff4d-4e5e-8bb3-2709f3d2ddbb-server-thread1] INFO  server.RaftServer$Division (ServerState.java:setRaftConf(430)) - 9852ed25-ff4d-4e5e-8bb3-2709f3d2ddbb@group-FC8DF440C2CC: set configuration 0: peers:[9852ed25-ff4d-4e5e-8bb3-2709f3d2ddbb|rpc:10.1.0.214:42709|dataStream:10.1.0.214:41309|priority:0|startupRole:FOLLOWER, 2b202a02-6273-4262-ac40-cc676055620c|rpc:10.1.0.214:46245|dataStream:10.1.0.214:42641|priority:0|startupRole:FOLLOWER, 0838c789-5be6-4b53-844e-73c82c080a18|rpc:10.1.0.214:41851|dataStream:10.1.0.214:40921|priority:1|startupRole:FOLLOWER]|listeners:[], old=null
2023-03-23 08:06:19,818 [9852ed25-ff4d-4e5e-8bb3-2709f3d2ddbb-server-thread1] INFO  segmented.SegmentedRaftLogWorker (SegmentedRaftLogWorker.java:startLogSegment(452)) - 9852ed25-ff4d-4e5e-8bb3-2709f3d2ddbb@group-FC8DF440C2CC-SegmentedRaftLogWorker: Starting segment from index:0
2023-03-23 08:06:19,821 [9852ed25-ff4d-4e5e-8bb3-2709f3d2ddbb@group-FC8DF440C2CC-SegmentedRaftLogWorker] INFO  segmented.SegmentedRaftLogWorker (SegmentedRaftLogWorker.java:execute(656)) - 9852ed25-ff4d-4e5e-8bb3-2709f3d2ddbb@group-FC8DF440C2CC-SegmentedRaftLogWorker: created new log segment /home/runner/work/ozone/ozone/hadoop-ozone/integration-test/target/test-dir/MiniOzoneClusterImpl-83429495-af89-4435-a907-dab059fcfd42/datanode-1/data/ratis/60f4dc05-4e25-430c-932c-fc8df440c2cc/current/log_inprogress_0
2023-03-23 08:06:19,826 [2b202a02-6273-4262-ac40-cc676055620c-server-thread1] INFO  ratis.XceiverServerRatis (XceiverServerRatis.java:handleLeaderChangedNotification(905)) - Leader change notification received for group: group-FC8DF440C2CC with new leaderId: 0838c789-5be6-4b53-844e-73c82c080a18
2023-03-23 08:06:19,826 [2b202a02-6273-4262-ac40-cc676055620c-server-thread1] INFO  server.RaftServer$Division (ServerState.java:setLeader(313)) - 2b202a02-6273-4262-ac40-cc676055620c@group-FC8DF440C2CC: change Leader from null to 0838c789-5be6-4b53-844e-73c82c080a18 at term 1 for appendEntries, leader elected after 5127ms
2023-03-23 08:06:19,827 [2b202a02-6273-4262-ac40-cc676055620c-server-thread1] INFO  server.RaftServer$Division (ServerState.java:setRaftConf(430)) - 2b202a02-6273-4262-ac40-cc676055620c@group-FC8DF440C2CC: set configuration 0: peers:[9852ed25-ff4d-4e5e-8bb3-2709f3d2ddbb|rpc:10.1.0.214:42709|dataStream:10.1.0.214:41309|priority:0|startupRole:FOLLOWER, 2b202a02-6273-4262-ac40-cc676055620c|rpc:10.1.0.214:46245|dataStream:10.1.0.214:42641|priority:0|startupRole:FOLLOWER, 0838c789-5be6-4b53-844e-73c82c080a18|rpc:10.1.0.214:41851|dataStream:10.1.0.214:40921|priority:1|startupRole:FOLLOWER]|listeners:[], old=null
2023-03-23 08:06:19,827 [2b202a02-6273-4262-ac40-cc676055620c-server-thread1] INFO  segmented.SegmentedRaftLogWorker (SegmentedRaftLogWorker.java:startLogSegment(452)) - 2b202a02-6273-4262-ac40-cc676055620c@group-FC8DF440C2CC-SegmentedRaftLogWorker: Starting segment from index:0
2023-03-23 08:06:19,829 [2b202a02-6273-4262-ac40-cc676055620c@group-FC8DF440C2CC-SegmentedRaftLogWorker] INFO  segmented.SegmentedRaftLogWorker (SegmentedRaftLogWorker.java:execute(656)) - 2b202a02-6273-4262-ac40-cc676055620c@group-FC8DF440C2CC-SegmentedRaftLogWorker: created new log segment /home/runner/work/ozone/ozone/hadoop-ozone/integration-test/target/test-dir/MiniOzoneClusterImpl-83429495-af89-4435-a907-dab059fcfd42/datanode-2/data/ratis/60f4dc05-4e25-430c-932c-fc8df440c2cc/current/log_inprogress_0
2023-03-23 08:06:19,835 [BlockDeletingService#2] INFO  interfaces.ContainerDeletionChoosingPolicyTemplate (ContainerDeletionChoosingPolicyTemplate.java:chooseContainerForBlockDeletion(83)) - Chosen 0/5000 blocks from 0 candidate containers.
2023-03-23 08:06:19,837 [BlockDeletingService#2] INFO  interfaces.ContainerDeletionChoosingPolicyTemplate (ContainerDeletionChoosingPolicyTemplate.java:chooseContainerForBlockDeletion(83)) - Chosen 0/5000 blocks from 0 candidate containers.
2023-03-23 08:06:19,859 [BlockDeletingService#2] INFO  interfaces.ContainerDeletionChoosingPolicyTemplate (ContainerDeletionChoosingPolicyTemplate.java:chooseContainerForBlockDeletion(83)) - Chosen 0/5000 blocks from 0 candidate containers.
2023-03-23 08:06:19,910 [SCMBlockDeletingService#0] DEBUG block.SCMBlockDeletingService (SCMBlockDeletingService.java:call(136)) - Running DeletedBlockTransactionScanner
2023-03-23 08:06:19,935 [BlockDeletingService#2] INFO  interfaces.ContainerDeletionChoosingPolicyTemplate (ContainerDeletionChoosingPolicyTemplate.java:chooseContainerForBlockDeletion(83)) - Chosen 0/5000 blocks from 0 candidate containers.
2023-03-23 08:06:19,937 [BlockDeletingService#2] INFO  interfaces.ContainerDeletionChoosingPolicyTemplate (ContainerDeletionChoosingPolicyTemplate.java:chooseContainerForBlockDeletion(83)) - Chosen 0/5000 blocks from 0 candidate containers.
2023-03-23 08:06:19,959 [BlockDeletingService#2] INFO  interfaces.ContainerDeletionChoosingPolicyTemplate (ContainerDeletionChoosingPolicyTemplate.java:chooseContainerForBlockDeletion(83)) - Chosen 0/5000 blocks from 0 candidate containers.
2023-03-23 08:06:20,010 [SCMBlockDeletingService#0] DEBUG block.SCMBlockDeletingService (SCMBlockDeletingService.java:call(136)) - Running DeletedBlockTransactionScanner
2023-03-23 08:06:20,036 [BlockDeletingService#2] INFO  interfaces.ContainerDeletionChoosingPolicyTemplate (ContainerDeletionChoosingPolicyTemplate.java:chooseContainerForBlockDeletion(83)) - Chosen 0/5000 blocks from 0 candidate containers.
2023-03-23 08:06:20,037 [BlockDeletingService#2] INFO  interfaces.ContainerDeletionChoosingPolicyTemplate (ContainerDeletionChoosingPolicyTemplate.java:chooseContainerForBlockDeletion(83)) - Chosen 0/5000 blocks from 0 candidate containers.
2023-03-23 08:06:20,059 [BlockDeletingService#2] INFO  interfaces.ContainerDeletionChoosingPolicyTemplate (ContainerDeletionChoosingPolicyTemplate.java:chooseContainerForBlockDeletion(83)) - Chosen 0/5000 blocks from 0 candidate containers.
2023-03-23 08:06:20,110 [SCMBlockDeletingService#0] DEBUG block.SCMBlockDeletingService (SCMBlockDeletingService.java:call(136)) - Running DeletedBlockTransactionScanner
2023-03-23 08:06:20,136 [BlockDeletingService#2] INFO  interfaces.ContainerDeletionChoosingPolicyTemplate (ContainerDeletionChoosingPolicyTemplate.java:chooseContainerForBlockDeletion(83)) - Chosen 0/5000 blocks from 0 candidate containers.
2023-03-23 08:06:20,137 [BlockDeletingService#2] INFO  interfaces.ContainerDeletionChoosingPolicyTemplate (ContainerDeletionChoosingPolicyTemplate.java:chooseContainerForBlockDeletion(83)) - Chosen 0/5000 blocks from 0 candidate containers.
2023-03-23 08:06:20,160 [BlockDeletingService#2] INFO  interfaces.ContainerDeletionChoosingPolicyTemplate (ContainerDeletionChoosingPolicyTemplate.java:chooseContainerForBlockDeletion(83)) - Chosen 0/5000 blocks from 0 candidate containers.
2023-03-23 08:06:20,210 [SCMBlockDeletingService#0] DEBUG block.SCMBlockDeletingService (SCMBlockDeletingService.java:call(136)) - Running DeletedBlockTransactionScanner
2023-03-23 08:06:20,236 [BlockDeletingService#2] INFO  interfaces.ContainerDeletionChoosingPolicyTemplate (ContainerDeletionChoosingPolicyTemplate.java:chooseContainerForBlockDeletion(83)) - Chosen 0/5000 blocks from 0 candidate containers.
2023-03-23 08:06:20,238 [BlockDeletingService#2] INFO  interfaces.ContainerDeletionChoosingPolicyTemplate (ContainerDeletionChoosingPolicyTemplate.java:chooseContainerForBlockDeletion(83)) - Chosen 0/5000 blocks from 0 candidate containers.
2023-03-23 08:06:20,260 [BlockDeletingService#2] INFO  interfaces.ContainerDeletionChoosingPolicyTemplate (ContainerDeletionChoosingPolicyTemplate.java:chooseContainerForBlockDeletion(83)) - Chosen 0/5000 blocks from 0 candidate containers.
2023-03-23 08:06:20,310 [SCMBlockDeletingService#0] DEBUG block.SCMBlockDeletingService (SCMBlockDeletingService.java:call(136)) - Running DeletedBlockTransactionScanner
2023-03-23 08:06:20,336 [BlockDeletingService#2] INFO  interfaces.ContainerDeletionChoosingPolicyTemplate (ContainerDeletionChoosingPolicyTemplate.java:chooseContainerForBlockDeletion(83)) - Chosen 0/5000 blocks from 0 candidate containers.
2023-03-23 08:06:20,338 [BlockDeletingService#2] INFO  interfaces.ContainerDeletionChoosingPolicyTemplate (ContainerDeletionChoosingPolicyTemplate.java:chooseContainerForBlockDeletion(83)) - Chosen 0/5000 blocks from 0 candidate containers.
2023-03-23 08:06:20,360 [BlockDeletingService#2] INFO  interfaces.ContainerDeletionChoosingPolicyTemplate (ContainerDeletionChoosingPolicyTemplate.java:chooseContainerForBlockDeletion(83)) - Chosen 0/5000 blocks from 0 candidate containers.
2023-03-23 08:06:20,410 [SCMBlockDeletingService#0] DEBUG block.SCMBlockDeletingService (SCMBlockDeletingService.java:call(136)) - Running DeletedBlockTransactionScanner
2023-03-23 08:06:20,437 [BlockDeletingService#2] INFO  interfaces.ContainerDeletionChoosingPolicyTemplate (ContainerDeletionChoosingPolicyTemplate.java:chooseContainerForBlockDeletion(83)) - Chosen 0/5000 blocks from 0 candidate containers.
2023-03-23 08:06:20,438 [BlockDeletingService#2] INFO  interfaces.ContainerDeletionChoosingPolicyTemplate (ContainerDeletionChoosingPolicyTemplate.java:chooseContainerForBlockDeletion(83)) - Chosen 0/5000 blocks from 0 candidate containers.
2023-03-23 08:06:20,460 [BlockDeletingService#2] INFO  interfaces.ContainerDeletionChoosingPolicyTemplate (ContainerDeletionChoosingPolicyTemplate.java:chooseContainerForBlockDeletion(83)) - Chosen 0/5000 blocks from 0 candidate containers.
2023-03-23 08:06:20,483 [Listener at 127.0.0.1/46681] INFO  ozone.MiniOzoneClusterImpl (MiniOzoneClusterImpl.java:lambda$waitForClusterToBeReady$0(222)) - Nodes are ready. Got 3 of 3 DN Heartbeats.
2023-03-23 08:06:20,483 [Listener at 127.0.0.1/46681] INFO  ozone.MiniOzoneClusterImpl (MiniOzoneClusterImpl.java:lambda$waitForClusterToBeReady$0(225)) - Cluster exits safe mode
2023-03-23 08:06:20,483 [Listener at 127.0.0.1/46681] INFO  ozone.MiniOzoneClusterImpl (MiniOzoneClusterImpl.java:lambda$waitForClusterToBeReady$0(227)) - SCM became leader
2023-03-23 08:06:20,510 [SCMBlockDeletingService#0] DEBUG block.SCMBlockDeletingService (SCMBlockDeletingService.java:call(136)) - Running DeletedBlockTransactionScanner
2023-03-23 08:06:20,538 [BlockDeletingService#2] INFO  interfaces.ContainerDeletionChoosingPolicyTemplate (ContainerDeletionChoosingPolicyTemplate.java:chooseContainerForBlockDeletion(83)) - Chosen 0/5000 blocks from 0 candidate containers.
2023-03-23 08:06:20,538 [BlockDeletingService#2] INFO  interfaces.ContainerDeletionChoosingPolicyTemplate (ContainerDeletionChoosingPolicyTemplate.java:chooseContainerForBlockDeletion(83)) - Chosen 0/5000 blocks from 0 candidate containers.
2023-03-23 08:06:20,561 [BlockDeletingService#2] INFO  interfaces.ContainerDeletionChoosingPolicyTemplate (ContainerDeletionChoosingPolicyTemplate.java:chooseContainerForBlockDeletion(83)) - Chosen 0/5000 blocks from 0 candidate containers.
2023-03-23 08:06:20,610 [SCMBlockDeletingService#0] DEBUG block.SCMBlockDeletingService (SCMBlockDeletingService.java:call(136)) - Running DeletedBlockTransactionScanner
2023-03-23 08:06:20,638 [BlockDeletingService#2] INFO  interfaces.ContainerDeletionChoosingPolicyTemplate (ContainerDeletionChoosingPolicyTemplate.java:chooseContainerForBlockDeletion(83)) - Chosen 0/5000 blocks from 0 candidate containers.
2023-03-23 08:06:20,638 [BlockDeletingService#2] INFO  interfaces.ContainerDeletionChoosingPolicyTemplate (ContainerDeletionChoosingPolicyTemplate.java:chooseContainerForBlockDeletion(83)) - Chosen 0/5000 blocks from 0 candidate containers.
2023-03-23 08:06:20,661 [BlockDeletingService#2] INFO  interfaces.ContainerDeletionChoosingPolicyTemplate (ContainerDeletionChoosingPolicyTemplate.java:chooseContainerForBlockDeletion(83)) - Chosen 0/5000 blocks from 0 candidate containers.
2023-03-23 08:06:20,710 [SCMBlockDeletingService#0] DEBUG block.SCMBlockDeletingService (SCMBlockDeletingService.java:call(136)) - Running DeletedBlockTransactionScanner
2023-03-23 08:06:20,718 [Listener at 127.0.0.1/46681] INFO  rpc.RpcClient (RpcClient.java:createVolume(476)) - Creating Volume: 6461aebe-8e59-4713-8853-abea741a1f93, with runner as owner and space quota set to -1 bytes, counts quota set to -1
2023-03-23 08:06:20,724 [OM StateMachine ApplyTransaction Thread - 0] INFO  volume.OMVolumeCreateRequest (OMVolumeCreateRequest.java:validateAndUpdateCache(195)) - created volume:6461aebe-8e59-4713-8853-abea741a1f93 for user:runner
2023-03-23 08:06:20,732 [Listener at 127.0.0.1/46681] INFO  rpc.RpcClient (RpcClient.java:createBucket(698)) - Creating Bucket: 6461aebe-8e59-4713-8853-abea741a1f93/b626dd67-5c86-4253-a8ba-a0749eef7482, with server-side default bucket layout, runner as owner, Versioning false, Storage Type set to DISK and Encryption set to false, Replication Type set to server-side default replication type, Namespace Quota set to -1, Space Quota set to -1 
2023-03-23 08:06:20,738 [BlockDeletingService#2] INFO  interfaces.ContainerDeletionChoosingPolicyTemplate (ContainerDeletionChoosingPolicyTemplate.java:chooseContainerForBlockDeletion(83)) - Chosen 0/5000 blocks from 0 candidate containers.
2023-03-23 08:06:20,738 [OM StateMachine ApplyTransaction Thread - 0] INFO  bucket.OMBucketCreateRequest (OMBucketCreateRequest.java:validateAndUpdateCache(263)) - created bucket: b626dd67-5c86-4253-a8ba-a0749eef7482 of layout FILE_SYSTEM_OPTIMIZED in volume: 6461aebe-8e59-4713-8853-abea741a1f93
2023-03-23 08:06:20,738 [BlockDeletingService#2] INFO  interfaces.ContainerDeletionChoosingPolicyTemplate (ContainerDeletionChoosingPolicyTemplate.java:chooseContainerForBlockDeletion(83)) - Chosen 0/5000 blocks from 0 candidate containers.
2023-03-23 08:06:20,754 [IPC Server handler 1 on default port 40905] INFO  ha.SequenceIdGenerator (SequenceIdGenerator.java:getNextId(128)) - Allocate a batch for containerId, change lastId from 0 to 1000.
2023-03-23 08:06:20,754 [IPC Server handler 1 on default port 40905] WARN  ha.SequenceIdGenerator (SequenceIdGenerator.java:allocateBatch(237)) - Failed to allocate a batch for localId, expected lastId is 0, actual lastId is 111677748019200000.
2023-03-23 08:06:20,755 [IPC Server handler 1 on default port 40905] INFO  ha.SequenceIdGenerator (SequenceIdGenerator.java:getNextId(128)) - Allocate a batch for localId, change lastId from 111677748019200000 to 111677748019201000.
2023-03-23 08:06:20,762 [BlockDeletingService#2] INFO  interfaces.ContainerDeletionChoosingPolicyTemplate (ContainerDeletionChoosingPolicyTemplate.java:chooseContainerForBlockDeletion(83)) - Chosen 0/5000 blocks from 0 candidate containers.
2023-03-23 08:06:20,810 [SCMBlockDeletingService#0] DEBUG block.SCMBlockDeletingService (SCMBlockDeletingService.java:call(136)) - Running DeletedBlockTransactionScanner
2023-03-23 08:06:20,838 [BlockDeletingService#2] INFO  interfaces.ContainerDeletionChoosingPolicyTemplate (ContainerDeletionChoosingPolicyTemplate.java:chooseContainerForBlockDeletion(83)) - Chosen 0/5000 blocks from 0 candidate containers.
2023-03-23 08:06:20,839 [BlockDeletingService#2] INFO  interfaces.ContainerDeletionChoosingPolicyTemplate (ContainerDeletionChoosingPolicyTemplate.java:chooseContainerForBlockDeletion(83)) - Chosen 0/5000 blocks from 0 candidate containers.
2023-03-23 08:06:20,862 [BlockDeletingService#2] INFO  interfaces.ContainerDeletionChoosingPolicyTemplate (ContainerDeletionChoosingPolicyTemplate.java:chooseContainerForBlockDeletion(83)) - Chosen 0/5000 blocks from 0 candidate containers.
2023-03-23 08:06:20,912 [SCMBlockDeletingService#0] DEBUG block.SCMBlockDeletingService (SCMBlockDeletingService.java:call(136)) - Running DeletedBlockTransactionScanner
2023-03-23 08:06:20,939 [BlockDeletingService#2] INFO  interfaces.ContainerDeletionChoosingPolicyTemplate (ContainerDeletionChoosingPolicyTemplate.java:chooseContainerForBlockDeletion(83)) - Chosen 0/5000 blocks from 0 candidate containers.
2023-03-23 08:06:20,940 [BlockDeletingService#2] INFO  interfaces.ContainerDeletionChoosingPolicyTemplate (ContainerDeletionChoosingPolicyTemplate.java:chooseContainerForBlockDeletion(83)) - Chosen 0/5000 blocks from 0 candidate containers.
2023-03-23 08:06:20,962 [BlockDeletingService#2] INFO  interfaces.ContainerDeletionChoosingPolicyTemplate (ContainerDeletionChoosingPolicyTemplate.java:chooseContainerForBlockDeletion(83)) - Chosen 0/5000 blocks from 0 candidate containers.
2023-03-23 08:06:21,017 [SCMBlockDeletingService#0] DEBUG block.SCMBlockDeletingService (SCMBlockDeletingService.java:call(136)) - Running DeletedBlockTransactionScanner
2023-03-23 08:06:21,039 [BlockDeletingService#2] INFO  interfaces.ContainerDeletionChoosingPolicyTemplate (ContainerDeletionChoosingPolicyTemplate.java:chooseContainerForBlockDeletion(83)) - Chosen 0/5000 blocks from 0 candidate containers.
2023-03-23 08:06:21,040 [BlockDeletingService#2] INFO  interfaces.ContainerDeletionChoosingPolicyTemplate (ContainerDeletionChoosingPolicyTemplate.java:chooseContainerForBlockDeletion(83)) - Chosen 0/5000 blocks from 0 candidate containers.
2023-03-23 08:06:21,063 [BlockDeletingService#2] INFO  interfaces.ContainerDeletionChoosingPolicyTemplate (ContainerDeletionChoosingPolicyTemplate.java:chooseContainerForBlockDeletion(83)) - Chosen 0/5000 blocks from 0 candidate containers.
2023-03-23 08:06:21,118 [SCMBlockDeletingService#0] DEBUG block.SCMBlockDeletingService (SCMBlockDeletingService.java:call(136)) - Running DeletedBlockTransactionScanner
2023-03-23 08:06:21,139 [BlockDeletingService#2] INFO  interfaces.ContainerDeletionChoosingPolicyTemplate (ContainerDeletionChoosingPolicyTemplate.java:chooseContainerForBlockDeletion(83)) - Chosen 0/5000 blocks from 0 candidate containers.
2023-03-23 08:06:21,140 [BlockDeletingService#2] INFO  interfaces.ContainerDeletionChoosingPolicyTemplate (ContainerDeletionChoosingPolicyTemplate.java:chooseContainerForBlockDeletion(83)) - Chosen 0/5000 blocks from 0 candidate containers.
2023-03-23 08:06:21,163 [BlockDeletingService#2] INFO  interfaces.ContainerDeletionChoosingPolicyTemplate (ContainerDeletionChoosingPolicyTemplate.java:chooseContainerForBlockDeletion(83)) - Chosen 0/5000 blocks from 0 candidate containers.
2023-03-23 08:06:21,218 [SCMBlockDeletingService#0] DEBUG block.SCMBlockDeletingService (SCMBlockDeletingService.java:call(136)) - Running DeletedBlockTransactionScanner
2023-03-23 08:06:21,239 [BlockDeletingService#2] INFO  interfaces.ContainerDeletionChoosingPolicyTemplate (ContainerDeletionChoosingPolicyTemplate.java:chooseContainerForBlockDeletion(83)) - Chosen 0/5000 blocks from 0 candidate containers.
2023-03-23 08:06:21,241 [BlockDeletingService#2] INFO  interfaces.ContainerDeletionChoosingPolicyTemplate (ContainerDeletionChoosingPolicyTemplate.java:chooseContainerForBlockDeletion(83)) - Chosen 0/5000 blocks from 0 candidate containers.
2023-03-23 08:06:21,263 [BlockDeletingService#2] INFO  interfaces.ContainerDeletionChoosingPolicyTemplate (ContainerDeletionChoosingPolicyTemplate.java:chooseContainerForBlockDeletion(83)) - Chosen 0/5000 blocks from 0 candidate containers.
2023-03-23 08:06:21,318 [SCMBlockDeletingService#0] DEBUG block.SCMBlockDeletingService (SCMBlockDeletingService.java:call(136)) - Running DeletedBlockTransactionScanner
2023-03-23 08:06:21,340 [BlockDeletingService#2] INFO  interfaces.ContainerDeletionChoosingPolicyTemplate (ContainerDeletionChoosingPolicyTemplate.java:chooseContainerForBlockDeletion(83)) - Chosen 0/5000 blocks from 0 candidate containers.
2023-03-23 08:06:21,341 [BlockDeletingService#2] INFO  interfaces.ContainerDeletionChoosingPolicyTemplate (ContainerDeletionChoosingPolicyTemplate.java:chooseContainerForBlockDeletion(83)) - Chosen 0/5000 blocks from 0 candidate containers.
2023-03-23 08:06:21,364 [BlockDeletingService#2] INFO  interfaces.ContainerDeletionChoosingPolicyTemplate (ContainerDeletionChoosingPolicyTemplate.java:chooseContainerForBlockDeletion(83)) - Chosen 0/5000 blocks from 0 candidate containers.
2023-03-23 08:06:21,418 [SCMBlockDeletingService#0] DEBUG block.SCMBlockDeletingService (SCMBlockDeletingService.java:call(136)) - Running DeletedBlockTransactionScanner
2023-03-23 08:06:21,440 [BlockDeletingService#2] INFO  interfaces.ContainerDeletionChoosingPolicyTemplate (ContainerDeletionChoosingPolicyTemplate.java:chooseContainerForBlockDeletion(83)) - Chosen 0/5000 blocks from 0 candidate containers.
2023-03-23 08:06:21,441 [BlockDeletingService#2] INFO  interfaces.ContainerDeletionChoosingPolicyTemplate (ContainerDeletionChoosingPolicyTemplate.java:chooseContainerForBlockDeletion(83)) - Chosen 0/5000 blocks from 0 candidate containers.
2023-03-23 08:06:21,465 [BlockDeletingService#2] INFO  interfaces.ContainerDeletionChoosingPolicyTemplate (ContainerDeletionChoosingPolicyTemplate.java:chooseContainerForBlockDeletion(83)) - Chosen 0/5000 blocks from 0 candidate containers.
2023-03-23 08:06:21,518 [SCMBlockDeletingService#0] DEBUG block.SCMBlockDeletingService (SCMBlockDeletingService.java:call(136)) - Running DeletedBlockTransactionScanner
2023-03-23 08:06:21,541 [BlockDeletingService#2] INFO  interfaces.ContainerDeletionChoosingPolicyTemplate (ContainerDeletionChoosingPolicyTemplate.java:chooseContainerForBlockDeletion(83)) - Chosen 0/5000 blocks from 0 candidate containers.
2023-03-23 08:06:21,542 [BlockDeletingService#2] INFO  interfaces.ContainerDeletionChoosingPolicyTemplate (ContainerDeletionChoosingPolicyTemplate.java:chooseContainerForBlockDeletion(83)) - Chosen 0/5000 blocks from 0 candidate containers.
2023-03-23 08:06:21,565 [BlockDeletingService#2] INFO  interfaces.ContainerDeletionChoosingPolicyTemplate (ContainerDeletionChoosingPolicyTemplate.java:chooseContainerForBlockDeletion(83)) - Chosen 0/5000 blocks from 0 candidate containers.
2023-03-23 08:06:21,619 [SCMBlockDeletingService#0] DEBUG block.SCMBlockDeletingService (SCMBlockDeletingService.java:call(136)) - Running DeletedBlockTransactionScanner
2023-03-23 08:06:21,641 [BlockDeletingService#2] INFO  interfaces.ContainerDeletionChoosingPolicyTemplate (ContainerDeletionChoosingPolicyTemplate.java:chooseContainerForBlockDeletion(83)) - Chosen 0/5000 blocks from 0 candidate containers.
2023-03-23 08:06:21,643 [BlockDeletingService#2] INFO  interfaces.ContainerDeletionChoosingPolicyTemplate (ContainerDeletionChoosingPolicyTemplate.java:chooseContainerForBlockDeletion(83)) - Chosen 0/5000 blocks from 0 candidate containers.
2023-03-23 08:06:21,665 [BlockDeletingService#2] INFO  interfaces.ContainerDeletionChoosingPolicyTemplate (ContainerDeletionChoosingPolicyTemplate.java:chooseContainerForBlockDeletion(83)) - Chosen 0/5000 blocks from 0 candidate containers.
2023-03-23 08:06:21,719 [SCMBlockDeletingService#0] DEBUG block.SCMBlockDeletingService (SCMBlockDeletingService.java:call(136)) - Running DeletedBlockTransactionScanner
2023-03-23 08:06:21,741 [BlockDeletingService#2] INFO  interfaces.ContainerDeletionChoosingPolicyTemplate (ContainerDeletionChoosingPolicyTemplate.java:chooseContainerForBlockDeletion(83)) - Chosen 0/5000 blocks from 0 candidate containers.
2023-03-23 08:06:21,743 [BlockDeletingService#2] INFO  interfaces.ContainerDeletionChoosingPolicyTemplate (ContainerDeletionChoosingPolicyTemplate.java:chooseContainerForBlockDeletion(83)) - Chosen 0/5000 blocks from 0 candidate containers.
2023-03-23 08:06:21,766 [BlockDeletingService#2] INFO  interfaces.ContainerDeletionChoosingPolicyTemplate (ContainerDeletionChoosingPolicyTemplate.java:chooseContainerForBlockDeletion(83)) - Chosen 0/5000 blocks from 0 candidate containers.
2023-03-23 08:06:21,819 [SCMBlockDeletingService#0] DEBUG block.SCMBlockDeletingService (SCMBlockDeletingService.java:call(136)) - Running DeletedBlockTransactionScanner
2023-03-23 08:06:21,842 [BlockDeletingService#2] INFO  interfaces.ContainerDeletionChoosingPolicyTemplate (ContainerDeletionChoosingPolicyTemplate.java:chooseContainerForBlockDeletion(83)) - Chosen 0/5000 blocks from 0 candidate containers.
2023-03-23 08:06:21,843 [BlockDeletingService#2] INFO  interfaces.ContainerDeletionChoosingPolicyTemplate (ContainerDeletionChoosingPolicyTemplate.java:chooseContainerForBlockDeletion(83)) - Chosen 0/5000 blocks from 0 candidate containers.
2023-03-23 08:06:21,866 [BlockDeletingService#2] INFO  interfaces.ContainerDeletionChoosingPolicyTemplate (ContainerDeletionChoosingPolicyTemplate.java:chooseContainerForBlockDeletion(83)) - Chosen 0/5000 blocks from 0 candidate containers.
2023-03-23 08:06:21,875 [IPC Server handler 4 on default port 40905] INFO  ha.SequenceIdGenerator (SequenceIdGenerator.java:getNextId(128)) - Allocate a batch for delTxnId, change lastId from 0 to 1000.
2023-03-23 08:06:21,879 [KeyDeletingService#0] INFO  service.KeyDeletingService (KeyDeletingService.java:call(188)) - Number of keys deleted: 1, elapsed time: 6ms
2023-03-23 08:06:21,919 [SCMBlockDeletingService#0] DEBUG block.SCMBlockDeletingService (SCMBlockDeletingService.java:call(136)) - Running DeletedBlockTransactionScanner
2023-03-23 08:06:21,942 [BlockDeletingService#2] INFO  interfaces.ContainerDeletionChoosingPolicyTemplate (ContainerDeletionChoosingPolicyTemplate.java:chooseContainerForBlockDeletion(83)) - Chosen 0/5000 blocks from 0 candidate containers.
2023-03-23 08:06:21,943 [BlockDeletingService#2] INFO  interfaces.ContainerDeletionChoosingPolicyTemplate (ContainerDeletionChoosingPolicyTemplate.java:chooseContainerForBlockDeletion(83)) - Chosen 0/5000 blocks from 0 candidate containers.
2023-03-23 08:06:21,966 [BlockDeletingService#2] INFO  interfaces.ContainerDeletionChoosingPolicyTemplate (ContainerDeletionChoosingPolicyTemplate.java:chooseContainerForBlockDeletion(83)) - Chosen 0/5000 blocks from 0 candidate containers.
2023-03-23 08:06:22,019 [SCMBlockDeletingService#0] DEBUG block.SCMBlockDeletingService (SCMBlockDeletingService.java:call(136)) - Running DeletedBlockTransactionScanner
2023-03-23 08:06:22,042 [BlockDeletingService#2] INFO  interfaces.ContainerDeletionChoosingPolicyTemplate (ContainerDeletionChoosingPolicyTemplate.java:chooseContainerForBlockDeletion(83)) - Chosen 0/5000 blocks from 0 candidate containers.
2023-03-23 08:06:22,043 [BlockDeletingService#2] INFO  interfaces.ContainerDeletionChoosingPolicyTemplate (ContainerDeletionChoosingPolicyTemplate.java:chooseContainerForBlockDeletion(83)) - Chosen 0/5000 blocks from 0 candidate containers.
2023-03-23 08:06:22,066 [BlockDeletingService#2] INFO  interfaces.ContainerDeletionChoosingPolicyTemplate (ContainerDeletionChoosingPolicyTemplate.java:chooseContainerForBlockDeletion(83)) - Chosen 0/5000 blocks from 0 candidate containers.
2023-03-23 08:06:22,119 [SCMBlockDeletingService#0] DEBUG block.SCMBlockDeletingService (SCMBlockDeletingService.java:call(136)) - Running DeletedBlockTransactionScanner
2023-03-23 08:06:22,142 [BlockDeletingService#2] INFO  interfaces.ContainerDeletionChoosingPolicyTemplate (ContainerDeletionChoosingPolicyTemplate.java:chooseContainerForBlockDeletion(83)) - Chosen 0/5000 blocks from 0 candidate containers.
2023-03-23 08:06:22,147 [BlockDeletingService#2] INFO  interfaces.ContainerDeletionChoosingPolicyTemplate (ContainerDeletionChoosingPolicyTemplate.java:chooseContainerForBlockDeletion(83)) - Chosen 0/5000 blocks from 0 candidate containers.
2023-03-23 08:06:22,167 [BlockDeletingService#2] INFO  interfaces.ContainerDeletionChoosingPolicyTemplate (ContainerDeletionChoosingPolicyTemplate.java:chooseContainerForBlockDeletion(83)) - Chosen 0/5000 blocks from 0 candidate containers.
2023-03-23 08:06:22,219 [SCMBlockDeletingService#0] DEBUG block.SCMBlockDeletingService (SCMBlockDeletingService.java:call(136)) - Running DeletedBlockTransactionScanner
2023-03-23 08:06:22,243 [BlockDeletingService#2] INFO  interfaces.ContainerDeletionChoosingPolicyTemplate (ContainerDeletionChoosingPolicyTemplate.java:chooseContainerForBlockDeletion(83)) - Chosen 0/5000 blocks from 0 candidate containers.
2023-03-23 08:06:22,247 [BlockDeletingService#2] INFO  interfaces.ContainerDeletionChoosingPolicyTemplate (ContainerDeletionChoosingPolicyTemplate.java:chooseContainerForBlockDeletion(83)) - Chosen 0/5000 blocks from 0 candidate containers.
2023-03-23 08:06:22,267 [BlockDeletingService#2] INFO  interfaces.ContainerDeletionChoosingPolicyTemplate (ContainerDeletionChoosingPolicyTemplate.java:chooseContainerForBlockDeletion(83)) - Chosen 0/5000 blocks from 0 candidate containers.
2023-03-23 08:06:22,319 [SCMBlockDeletingService#0] DEBUG block.SCMBlockDeletingService (SCMBlockDeletingService.java:call(136)) - Running DeletedBlockTransactionScanner
2023-03-23 08:06:22,343 [BlockDeletingService#2] INFO  interfaces.ContainerDeletionChoosingPolicyTemplate (ContainerDeletionChoosingPolicyTemplate.java:chooseContainerForBlockDeletion(83)) - Chosen 0/5000 blocks from 0 candidate containers.
2023-03-23 08:06:22,347 [BlockDeletingService#2] INFO  interfaces.ContainerDeletionChoosingPolicyTemplate (ContainerDeletionChoosingPolicyTemplate.java:chooseContainerForBlockDeletion(83)) - Chosen 0/5000 blocks from 0 candidate containers.
2023-03-23 08:06:22,367 [BlockDeletingService#2] INFO  interfaces.ContainerDeletionChoosingPolicyTemplate (ContainerDeletionChoosingPolicyTemplate.java:chooseContainerForBlockDeletion(83)) - Chosen 0/5000 blocks from 0 candidate containers.
2023-03-23 08:06:22,419 [SCMBlockDeletingService#0] DEBUG block.SCMBlockDeletingService (SCMBlockDeletingService.java:call(136)) - Running DeletedBlockTransactionScanner
2023-03-23 08:06:22,443 [BlockDeletingService#2] INFO  interfaces.ContainerDeletionChoosingPolicyTemplate (ContainerDeletionChoosingPolicyTemplate.java:chooseContainerForBlockDeletion(83)) - Chosen 0/5000 blocks from 0 candidate containers.
2023-03-23 08:06:22,447 [BlockDeletingService#2] INFO  interfaces.ContainerDeletionChoosingPolicyTemplate (ContainerDeletionChoosingPolicyTemplate.java:chooseContainerForBlockDeletion(83)) - Chosen 0/5000 blocks from 0 candidate containers.
2023-03-23 08:06:22,467 [BlockDeletingService#2] INFO  interfaces.ContainerDeletionChoosingPolicyTemplate (ContainerDeletionChoosingPolicyTemplate.java:chooseContainerForBlockDeletion(83)) - Chosen 0/5000 blocks from 0 candidate containers.
2023-03-23 08:06:22,519 [SCMBlockDeletingService#0] DEBUG block.SCMBlockDeletingService (SCMBlockDeletingService.java:call(136)) - Running DeletedBlockTransactionScanner
2023-03-23 08:06:22,543 [BlockDeletingService#2] INFO  interfaces.ContainerDeletionChoosingPolicyTemplate (ContainerDeletionChoosingPolicyTemplate.java:chooseContainerForBlockDeletion(83)) - Chosen 0/5000 blocks from 0 candidate containers.
2023-03-23 08:06:22,548 [BlockDeletingService#2] INFO  interfaces.ContainerDeletionChoosingPolicyTemplate (ContainerDeletionChoosingPolicyTemplate.java:chooseContainerForBlockDeletion(83)) - Chosen 0/5000 blocks from 0 candidate containers.
2023-03-23 08:06:22,568 [BlockDeletingService#2] INFO  interfaces.ContainerDeletionChoosingPolicyTemplate (ContainerDeletionChoosingPolicyTemplate.java:chooseContainerForBlockDeletion(83)) - Chosen 0/5000 blocks from 0 candidate containers.
2023-03-23 08:06:22,619 [SCMBlockDeletingService#0] DEBUG block.SCMBlockDeletingService (SCMBlockDeletingService.java:call(136)) - Running DeletedBlockTransactionScanner
2023-03-23 08:06:22,644 [BlockDeletingService#2] INFO  interfaces.ContainerDeletionChoosingPolicyTemplate (ContainerDeletionChoosingPolicyTemplate.java:chooseContainerForBlockDeletion(83)) - Chosen 0/5000 blocks from 0 candidate containers.
2023-03-23 08:06:22,648 [BlockDeletingService#2] INFO  interfaces.ContainerDeletionChoosingPolicyTemplate (ContainerDeletionChoosingPolicyTemplate.java:chooseContainerForBlockDeletion(83)) - Chosen 0/5000 blocks from 0 candidate containers.
2023-03-23 08:06:22,668 [BlockDeletingService#2] INFO  interfaces.ContainerDeletionChoosingPolicyTemplate (ContainerDeletionChoosingPolicyTemplate.java:chooseContainerForBlockDeletion(83)) - Chosen 0/5000 blocks from 0 candidate containers.
2023-03-23 08:06:22,719 [SCMBlockDeletingService#0] DEBUG block.SCMBlockDeletingService (SCMBlockDeletingService.java:call(136)) - Running DeletedBlockTransactionScanner
2023-03-23 08:06:22,744 [BlockDeletingService#2] INFO  interfaces.ContainerDeletionChoosingPolicyTemplate (ContainerDeletionChoosingPolicyTemplate.java:chooseContainerForBlockDeletion(83)) - Chosen 0/5000 blocks from 0 candidate containers.
2023-03-23 08:06:22,748 [BlockDeletingService#2] INFO  interfaces.ContainerDeletionChoosingPolicyTemplate (ContainerDeletionChoosingPolicyTemplate.java:chooseContainerForBlockDeletion(83)) - Chosen 0/5000 blocks from 0 candidate containers.
2023-03-23 08:06:22,768 [BlockDeletingService#2] INFO  interfaces.ContainerDeletionChoosingPolicyTemplate (ContainerDeletionChoosingPolicyTemplate.java:chooseContainerForBlockDeletion(83)) - Chosen 0/5000 blocks from 0 candidate containers.
2023-03-23 08:06:22,819 [SCMBlockDeletingService#0] DEBUG block.SCMBlockDeletingService (SCMBlockDeletingService.java:call(136)) - Running DeletedBlockTransactionScanner
2023-03-23 08:06:22,844 [BlockDeletingService#2] INFO  interfaces.ContainerDeletionChoosingPolicyTemplate (ContainerDeletionChoosingPolicyTemplate.java:chooseContainerForBlockDeletion(83)) - Chosen 0/5000 blocks from 0 candidate containers.
2023-03-23 08:06:22,848 [BlockDeletingService#2] INFO  interfaces.ContainerDeletionChoosingPolicyTemplate (ContainerDeletionChoosingPolicyTemplate.java:chooseContainerForBlockDeletion(83)) - Chosen 0/5000 blocks from 0 candidate containers.
2023-03-23 08:06:22,868 [BlockDeletingService#2] INFO  interfaces.ContainerDeletionChoosingPolicyTemplate (ContainerDeletionChoosingPolicyTemplate.java:chooseContainerForBlockDeletion(83)) - Chosen 0/5000 blocks from 0 candidate containers.
2023-03-23 08:06:22,920 [SCMBlockDeletingService#0] DEBUG block.SCMBlockDeletingService (SCMBlockDeletingService.java:call(136)) - Running DeletedBlockTransactionScanner
2023-03-23 08:06:22,944 [BlockDeletingService#2] INFO  interfaces.ContainerDeletionChoosingPolicyTemplate (ContainerDeletionChoosingPolicyTemplate.java:chooseContainerForBlockDeletion(83)) - Chosen 0/5000 blocks from 0 candidate containers.
2023-03-23 08:06:22,948 [BlockDeletingService#2] INFO  interfaces.ContainerDeletionChoosingPolicyTemplate (ContainerDeletionChoosingPolicyTemplate.java:chooseContainerForBlockDeletion(83)) - Chosen 0/5000 blocks from 0 candidate containers.
2023-03-23 08:06:22,968 [BlockDeletingService#2] INFO  interfaces.ContainerDeletionChoosingPolicyTemplate (ContainerDeletionChoosingPolicyTemplate.java:chooseContainerForBlockDeletion(83)) - Chosen 0/5000 blocks from 0 candidate containers.
2023-03-23 08:06:23,020 [SCMBlockDeletingService#0] DEBUG block.SCMBlockDeletingService (SCMBlockDeletingService.java:call(136)) - Running DeletedBlockTransactionScanner
2023-03-23 08:06:23,044 [BlockDeletingService#2] INFO  interfaces.ContainerDeletionChoosingPolicyTemplate (ContainerDeletionChoosingPolicyTemplate.java:chooseContainerForBlockDeletion(83)) - Chosen 0/5000 blocks from 0 candidate containers.
2023-03-23 08:06:23,048 [BlockDeletingService#2] INFO  interfaces.ContainerDeletionChoosingPolicyTemplate (ContainerDeletionChoosingPolicyTemplate.java:chooseContainerForBlockDeletion(83)) - Chosen 0/5000 blocks from 0 candidate containers.
2023-03-23 08:06:23,069 [BlockDeletingService#2] INFO  interfaces.ContainerDeletionChoosingPolicyTemplate (ContainerDeletionChoosingPolicyTemplate.java:chooseContainerForBlockDeletion(83)) - Chosen 0/5000 blocks from 0 candidate containers.
2023-03-23 08:06:23,120 [SCMBlockDeletingService#0] DEBUG block.SCMBlockDeletingService (SCMBlockDeletingService.java:call(136)) - Running DeletedBlockTransactionScanner
2023-03-23 08:06:23,145 [BlockDeletingService#2] INFO  interfaces.ContainerDeletionChoosingPolicyTemplate (ContainerDeletionChoosingPolicyTemplate.java:chooseContainerForBlockDeletion(83)) - Chosen 0/5000 blocks from 0 candidate containers.
2023-03-23 08:06:23,148 [BlockDeletingService#2] INFO  interfaces.ContainerDeletionChoosingPolicyTemplate (ContainerDeletionChoosingPolicyTemplate.java:chooseContainerForBlockDeletion(83)) - Chosen 0/5000 blocks from 0 candidate containers.
2023-03-23 08:06:23,169 [BlockDeletingService#2] INFO  interfaces.ContainerDeletionChoosingPolicyTemplate (ContainerDeletionChoosingPolicyTemplate.java:chooseContainerForBlockDeletion(83)) - Chosen 0/5000 blocks from 0 candidate containers.
2023-03-23 08:06:23,220 [SCMBlockDeletingService#0] DEBUG block.SCMBlockDeletingService (SCMBlockDeletingService.java:call(136)) - Running DeletedBlockTransactionScanner
2023-03-23 08:06:23,245 [BlockDeletingService#2] INFO  interfaces.ContainerDeletionChoosingPolicyTemplate (ContainerDeletionChoosingPolicyTemplate.java:chooseContainerForBlockDeletion(83)) - Chosen 0/5000 blocks from 0 candidate containers.
2023-03-23 08:06:23,249 [BlockDeletingService#2] INFO  interfaces.ContainerDeletionChoosingPolicyTemplate (ContainerDeletionChoosingPolicyTemplate.java:chooseContainerForBlockDeletion(83)) - Chosen 0/5000 blocks from 0 candidate containers.
2023-03-23 08:06:23,270 [BlockDeletingService#2] INFO  interfaces.ContainerDeletionChoosingPolicyTemplate (ContainerDeletionChoosingPolicyTemplate.java:chooseContainerForBlockDeletion(83)) - Chosen 0/5000 blocks from 0 candidate containers.
2023-03-23 08:06:23,320 [SCMBlockDeletingService#0] DEBUG block.SCMBlockDeletingService (SCMBlockDeletingService.java:call(136)) - Running DeletedBlockTransactionScanner
2023-03-23 08:06:23,345 [BlockDeletingService#2] INFO  interfaces.ContainerDeletionChoosingPolicyTemplate (ContainerDeletionChoosingPolicyTemplate.java:chooseContainerForBlockDeletion(83)) - Chosen 0/5000 blocks from 0 candidate containers.
2023-03-23 08:06:23,349 [BlockDeletingService#2] INFO  interfaces.ContainerDeletionChoosingPolicyTemplate (ContainerDeletionChoosingPolicyTemplate.java:chooseContainerForBlockDeletion(83)) - Chosen 0/5000 blocks from 0 candidate containers.
2023-03-23 08:06:23,370 [BlockDeletingService#2] INFO  interfaces.ContainerDeletionChoosingPolicyTemplate (ContainerDeletionChoosingPolicyTemplate.java:chooseContainerForBlockDeletion(83)) - Chosen 0/5000 blocks from 0 candidate containers.
2023-03-23 08:06:23,420 [SCMBlockDeletingService#0] DEBUG block.SCMBlockDeletingService (SCMBlockDeletingService.java:call(136)) - Running DeletedBlockTransactionScanner
2023-03-23 08:06:23,446 [BlockDeletingService#2] INFO  interfaces.ContainerDeletionChoosingPolicyTemplate (ContainerDeletionChoosingPolicyTemplate.java:chooseContainerForBlockDeletion(83)) - Chosen 0/5000 blocks from 0 candidate containers.
2023-03-23 08:06:23,450 [BlockDeletingService#2] INFO  interfaces.ContainerDeletionChoosingPolicyTemplate (ContainerDeletionChoosingPolicyTemplate.java:chooseContainerForBlockDeletion(83)) - Chosen 0/5000 blocks from 0 candidate containers.
2023-03-23 08:06:23,470 [BlockDeletingService#2] INFO  interfaces.ContainerDeletionChoosingPolicyTemplate (ContainerDeletionChoosingPolicyTemplate.java:chooseContainerForBlockDeletion(83)) - Chosen 0/5000 blocks from 0 candidate containers.
2023-03-23 08:06:23,520 [SCMBlockDeletingService#0] DEBUG block.SCMBlockDeletingService (SCMBlockDeletingService.java:call(136)) - Running DeletedBlockTransactionScanner
2023-03-23 08:06:23,546 [BlockDeletingService#2] INFO  interfaces.ContainerDeletionChoosingPolicyTemplate (ContainerDeletionChoosingPolicyTemplate.java:chooseContainerForBlockDeletion(83)) - Chosen 0/5000 blocks from 0 candidate containers.
2023-03-23 08:06:23,550 [BlockDeletingService#2] INFO  interfaces.ContainerDeletionChoosingPolicyTemplate (ContainerDeletionChoosingPolicyTemplate.java:chooseContainerForBlockDeletion(83)) - Chosen 0/5000 blocks from 0 candidate containers.
2023-03-23 08:06:23,570 [BlockDeletingService#2] INFO  interfaces.ContainerDeletionChoosingPolicyTemplate (ContainerDeletionChoosingPolicyTemplate.java:chooseContainerForBlockDeletion(83)) - Chosen 0/5000 blocks from 0 candidate containers.
2023-03-23 08:06:23,620 [SCMBlockDeletingService#0] DEBUG block.SCMBlockDeletingService (SCMBlockDeletingService.java:call(136)) - Running DeletedBlockTransactionScanner
2023-03-23 08:06:23,646 [BlockDeletingService#2] INFO  interfaces.ContainerDeletionChoosingPolicyTemplate (ContainerDeletionChoosingPolicyTemplate.java:chooseContainerForBlockDeletion(83)) - Chosen 0/5000 blocks from 0 candidate containers.
2023-03-23 08:06:23,650 [BlockDeletingService#2] INFO  interfaces.ContainerDeletionChoosingPolicyTemplate (ContainerDeletionChoosingPolicyTemplate.java:chooseContainerForBlockDeletion(83)) - Chosen 0/5000 blocks from 0 candidate containers.
2023-03-23 08:06:23,671 [BlockDeletingService#2] INFO  interfaces.ContainerDeletionChoosingPolicyTemplate (ContainerDeletionChoosingPolicyTemplate.java:chooseContainerForBlockDeletion(83)) - Chosen 0/5000 blocks from 0 candidate containers.
2023-03-23 08:06:23,720 [SCMBlockDeletingService#0] DEBUG block.SCMBlockDeletingService (SCMBlockDeletingService.java:call(136)) - Running DeletedBlockTransactionScanner
2023-03-23 08:06:23,746 [BlockDeletingService#2] INFO  interfaces.ContainerDeletionChoosingPolicyTemplate (ContainerDeletionChoosingPolicyTemplate.java:chooseContainerForBlockDeletion(83)) - Chosen 0/5000 blocks from 0 candidate containers.
2023-03-23 08:06:23,751 [BlockDeletingService#2] INFO  interfaces.ContainerDeletionChoosingPolicyTemplate (ContainerDeletionChoosingPolicyTemplate.java:chooseContainerForBlockDeletion(83)) - Chosen 0/5000 blocks from 0 candidate containers.
2023-03-23 08:06:23,771 [BlockDeletingService#2] INFO  interfaces.ContainerDeletionChoosingPolicyTemplate (ContainerDeletionChoosingPolicyTemplate.java:chooseContainerForBlockDeletion(83)) - Chosen 0/5000 blocks from 0 candidate containers.
2023-03-23 08:06:23,820 [SCMBlockDeletingService#0] DEBUG block.SCMBlockDeletingService (SCMBlockDeletingService.java:call(136)) - Running DeletedBlockTransactionScanner
2023-03-23 08:06:23,847 [BlockDeletingService#2] INFO  interfaces.ContainerDeletionChoosingPolicyTemplate (ContainerDeletionChoosingPolicyTemplate.java:chooseContainerForBlockDeletion(83)) - Chosen 0/5000 blocks from 0 candidate containers.
2023-03-23 08:06:23,851 [BlockDeletingService#2] INFO  interfaces.ContainerDeletionChoosingPolicyTemplate (ContainerDeletionChoosingPolicyTemplate.java:chooseContainerForBlockDeletion(83)) - Chosen 0/5000 blocks from 0 candidate containers.
2023-03-23 08:06:23,871 [BlockDeletingService#2] INFO  interfaces.ContainerDeletionChoosingPolicyTemplate (ContainerDeletionChoosingPolicyTemplate.java:chooseContainerForBlockDeletion(83)) - Chosen 0/5000 blocks from 0 candidate containers.
2023-03-23 08:06:23,920 [SCMBlockDeletingService#0] DEBUG block.SCMBlockDeletingService (SCMBlockDeletingService.java:call(136)) - Running DeletedBlockTransactionScanner
2023-03-23 08:06:23,947 [BlockDeletingService#2] INFO  interfaces.ContainerDeletionChoosingPolicyTemplate (ContainerDeletionChoosingPolicyTemplate.java:chooseContainerForBlockDeletion(83)) - Chosen 0/5000 blocks from 0 candidate containers.
2023-03-23 08:06:23,951 [BlockDeletingService#2] INFO  interfaces.ContainerDeletionChoosingPolicyTemplate (ContainerDeletionChoosingPolicyTemplate.java:chooseContainerForBlockDeletion(83)) - Chosen 0/5000 blocks from 0 candidate containers.
2023-03-23 08:06:23,971 [BlockDeletingService#2] INFO  interfaces.ContainerDeletionChoosingPolicyTemplate (ContainerDeletionChoosingPolicyTemplate.java:chooseContainerForBlockDeletion(83)) - Chosen 0/5000 blocks from 0 candidate containers.
2023-03-23 08:06:24,021 [SCMBlockDeletingService#0] DEBUG block.SCMBlockDeletingService (SCMBlockDeletingService.java:call(136)) - Running DeletedBlockTransactionScanner
2023-03-23 08:06:24,047 [BlockDeletingService#2] INFO  interfaces.ContainerDeletionChoosingPolicyTemplate (ContainerDeletionChoosingPolicyTemplate.java:chooseContainerForBlockDeletion(83)) - Chosen 0/5000 blocks from 0 candidate containers.
2023-03-23 08:06:24,051 [BlockDeletingService#2] INFO  interfaces.ContainerDeletionChoosingPolicyTemplate (ContainerDeletionChoosingPolicyTemplate.java:chooseContainerForBlockDeletion(83)) - Chosen 0/5000 blocks from 0 candidate containers.
2023-03-23 08:06:24,072 [BlockDeletingService#2] INFO  interfaces.ContainerDeletionChoosingPolicyTemplate (ContainerDeletionChoosingPolicyTemplate.java:chooseContainerForBlockDeletion(83)) - Chosen 0/5000 blocks from 0 candidate containers.
2023-03-23 08:06:24,121 [SCMBlockDeletingService#0] DEBUG block.SCMBlockDeletingService (SCMBlockDeletingService.java:call(136)) - Running DeletedBlockTransactionScanner
2023-03-23 08:06:24,147 [BlockDeletingService#2] INFO  interfaces.ContainerDeletionChoosingPolicyTemplate (ContainerDeletionChoosingPolicyTemplate.java:chooseContainerForBlockDeletion(83)) - Chosen 0/5000 blocks from 0 candidate containers.
2023-03-23 08:06:24,151 [BlockDeletingService#2] INFO  interfaces.ContainerDeletionChoosingPolicyTemplate (ContainerDeletionChoosingPolicyTemplate.java:chooseContainerForBlockDeletion(83)) - Chosen 0/5000 blocks from 0 candidate containers.
2023-03-23 08:06:24,172 [BlockDeletingService#2] INFO  interfaces.ContainerDeletionChoosingPolicyTemplate (ContainerDeletionChoosingPolicyTemplate.java:chooseContainerForBlockDeletion(83)) - Chosen 0/5000 blocks from 0 candidate containers.
2023-03-23 08:06:24,221 [SCMBlockDeletingService#0] DEBUG block.SCMBlockDeletingService (SCMBlockDeletingService.java:call(136)) - Running DeletedBlockTransactionScanner
2023-03-23 08:06:24,248 [BlockDeletingService#2] INFO  interfaces.ContainerDeletionChoosingPolicyTemplate (ContainerDeletionChoosingPolicyTemplate.java:chooseContainerForBlockDeletion(83)) - Chosen 0/5000 blocks from 0 candidate containers.
2023-03-23 08:06:24,251 [BlockDeletingService#2] INFO  interfaces.ContainerDeletionChoosingPolicyTemplate (ContainerDeletionChoosingPolicyTemplate.java:chooseContainerForBlockDeletion(83)) - Chosen 0/5000 blocks from 0 candidate containers.
2023-03-23 08:06:24,272 [BlockDeletingService#2] INFO  interfaces.ContainerDeletionChoosingPolicyTemplate (ContainerDeletionChoosingPolicyTemplate.java:chooseContainerForBlockDeletion(83)) - Chosen 0/5000 blocks from 0 candidate containers.
2023-03-23 08:06:24,321 [SCMBlockDeletingService#0] DEBUG block.SCMBlockDeletingService (SCMBlockDeletingService.java:call(136)) - Running DeletedBlockTransactionScanner
2023-03-23 08:06:24,348 [BlockDeletingService#2] INFO  interfaces.ContainerDeletionChoosingPolicyTemplate (ContainerDeletionChoosingPolicyTemplate.java:chooseContainerForBlockDeletion(83)) - Chosen 0/5000 blocks from 0 candidate containers.
2023-03-23 08:06:24,352 [BlockDeletingService#2] INFO  interfaces.ContainerDeletionChoosingPolicyTemplate (ContainerDeletionChoosingPolicyTemplate.java:chooseContainerForBlockDeletion(83)) - Chosen 0/5000 blocks from 0 candidate containers.
2023-03-23 08:06:24,373 [BlockDeletingService#2] INFO  interfaces.ContainerDeletionChoosingPolicyTemplate (ContainerDeletionChoosingPolicyTemplate.java:chooseContainerForBlockDeletion(83)) - Chosen 0/5000 blocks from 0 candidate containers.
2023-03-23 08:06:24,421 [SCMBlockDeletingService#0] DEBUG block.SCMBlockDeletingService (SCMBlockDeletingService.java:call(136)) - Running DeletedBlockTransactionScanner
2023-03-23 08:06:24,448 [BlockDeletingService#2] INFO  interfaces.ContainerDeletionChoosingPolicyTemplate (ContainerDeletionChoosingPolicyTemplate.java:chooseContainerForBlockDeletion(83)) - Chosen 0/5000 blocks from 0 candidate containers.
2023-03-23 08:06:24,452 [BlockDeletingService#2] INFO  interfaces.ContainerDeletionChoosingPolicyTemplate (ContainerDeletionChoosingPolicyTemplate.java:chooseContainerForBlockDeletion(83)) - Chosen 0/5000 blocks from 0 candidate containers.
2023-03-23 08:06:24,473 [BlockDeletingService#2] INFO  interfaces.ContainerDeletionChoosingPolicyTemplate (ContainerDeletionChoosingPolicyTemplate.java:chooseContainerForBlockDeletion(83)) - Chosen 0/5000 blocks from 0 candidate containers.
2023-03-23 08:06:24,521 [SCMBlockDeletingService#0] DEBUG block.SCMBlockDeletingService (SCMBlockDeletingService.java:call(136)) - Running DeletedBlockTransactionScanner
2023-03-23 08:06:24,549 [BlockDeletingService#2] INFO  interfaces.ContainerDeletionChoosingPolicyTemplate (ContainerDeletionChoosingPolicyTemplate.java:chooseContainerForBlockDeletion(83)) - Chosen 0/5000 blocks from 0 candidate containers.
2023-03-23 08:06:24,552 [BlockDeletingService#2] INFO  interfaces.ContainerDeletionChoosingPolicyTemplate (ContainerDeletionChoosingPolicyTemplate.java:chooseContainerForBlockDeletion(83)) - Chosen 0/5000 blocks from 0 candidate containers.
2023-03-23 08:06:24,573 [BlockDeletingService#2] INFO  interfaces.ContainerDeletionChoosingPolicyTemplate (ContainerDeletionChoosingPolicyTemplate.java:chooseContainerForBlockDeletion(83)) - Chosen 0/5000 blocks from 0 candidate containers.
2023-03-23 08:06:24,621 [SCMBlockDeletingService#0] DEBUG block.SCMBlockDeletingService (SCMBlockDeletingService.java:call(136)) - Running DeletedBlockTransactionScanner
2023-03-23 08:06:24,649 [BlockDeletingService#2] INFO  interfaces.ContainerDeletionChoosingPolicyTemplate (ContainerDeletionChoosingPolicyTemplate.java:chooseContainerForBlockDeletion(83)) - Chosen 0/5000 blocks from 0 candidate containers.
2023-03-23 08:06:24,652 [BlockDeletingService#2] INFO  interfaces.ContainerDeletionChoosingPolicyTemplate (ContainerDeletionChoosingPolicyTemplate.java:chooseContainerForBlockDeletion(83)) - Chosen 0/5000 blocks from 0 candidate containers.
2023-03-23 08:06:24,673 [BlockDeletingService#2] INFO  interfaces.ContainerDeletionChoosingPolicyTemplate (ContainerDeletionChoosingPolicyTemplate.java:chooseContainerForBlockDeletion(83)) - Chosen 0/5000 blocks from 0 candidate containers.
2023-03-23 08:06:24,721 [SCMBlockDeletingService#0] DEBUG block.SCMBlockDeletingService (SCMBlockDeletingService.java:call(136)) - Running DeletedBlockTransactionScanner
2023-03-23 08:06:24,749 [BlockDeletingService#2] INFO  interfaces.ContainerDeletionChoosingPolicyTemplate (ContainerDeletionChoosingPolicyTemplate.java:chooseContainerForBlockDeletion(83)) - Chosen 0/5000 blocks from 0 candidate containers.
2023-03-23 08:06:24,752 [BlockDeletingService#2] INFO  interfaces.ContainerDeletionChoosingPolicyTemplate (ContainerDeletionChoosingPolicyTemplate.java:chooseContainerForBlockDeletion(83)) - Chosen 0/5000 blocks from 0 candidate containers.
2023-03-23 08:06:24,774 [BlockDeletingService#2] INFO  interfaces.ContainerDeletionChoosingPolicyTemplate (ContainerDeletionChoosingPolicyTemplate.java:chooseContainerForBlockDeletion(83)) - Chosen 0/5000 blocks from 0 candidate containers.
2023-03-23 08:06:24,821 [SCMBlockDeletingService#0] DEBUG block.SCMBlockDeletingService (SCMBlockDeletingService.java:call(136)) - Running DeletedBlockTransactionScanner
2023-03-23 08:06:24,849 [BlockDeletingService#2] INFO  interfaces.ContainerDeletionChoosingPolicyTemplate (ContainerDeletionChoosingPolicyTemplate.java:chooseContainerForBlockDeletion(83)) - Chosen 0/5000 blocks from 0 candidate containers.
2023-03-23 08:06:24,853 [BlockDeletingService#2] INFO  interfaces.ContainerDeletionChoosingPolicyTemplate (ContainerDeletionChoosingPolicyTemplate.java:chooseContainerForBlockDeletion(83)) - Chosen 0/5000 blocks from 0 candidate containers.
2023-03-23 08:06:24,874 [BlockDeletingService#2] INFO  interfaces.ContainerDeletionChoosingPolicyTemplate (ContainerDeletionChoosingPolicyTemplate.java:chooseContainerForBlockDeletion(83)) - Chosen 0/5000 blocks from 0 candidate containers.
2023-03-23 08:06:24,921 [SCMBlockDeletingService#0] DEBUG block.SCMBlockDeletingService (SCMBlockDeletingService.java:call(136)) - Running DeletedBlockTransactionScanner
2023-03-23 08:06:24,950 [BlockDeletingService#2] INFO  interfaces.ContainerDeletionChoosingPolicyTemplate (ContainerDeletionChoosingPolicyTemplate.java:chooseContainerForBlockDeletion(83)) - Chosen 0/5000 blocks from 0 candidate containers.
2023-03-23 08:06:24,953 [BlockDeletingService#2] INFO  interfaces.ContainerDeletionChoosingPolicyTemplate (ContainerDeletionChoosingPolicyTemplate.java:chooseContainerForBlockDeletion(83)) - Chosen 0/5000 blocks from 0 candidate containers.
2023-03-23 08:06:24,974 [BlockDeletingService#2] INFO  interfaces.ContainerDeletionChoosingPolicyTemplate (ContainerDeletionChoosingPolicyTemplate.java:chooseContainerForBlockDeletion(83)) - Chosen 0/5000 blocks from 0 candidate containers.
2023-03-23 08:06:25,021 [SCMBlockDeletingService#0] DEBUG block.SCMBlockDeletingService (SCMBlockDeletingService.java:call(136)) - Running DeletedBlockTransactionScanner
2023-03-23 08:06:25,050 [BlockDeletingService#2] INFO  interfaces.ContainerDeletionChoosingPolicyTemplate (ContainerDeletionChoosingPolicyTemplate.java:chooseContainerForBlockDeletion(83)) - Chosen 0/5000 blocks from 0 candidate containers.
2023-03-23 08:06:25,053 [BlockDeletingService#2] INFO  interfaces.ContainerDeletionChoosingPolicyTemplate (ContainerDeletionChoosingPolicyTemplate.java:chooseContainerForBlockDeletion(83)) - Chosen 0/5000 blocks from 0 candidate containers.
2023-03-23 08:06:25,074 [BlockDeletingService#2] INFO  interfaces.ContainerDeletionChoosingPolicyTemplate (ContainerDeletionChoosingPolicyTemplate.java:chooseContainerForBlockDeletion(83)) - Chosen 0/5000 blocks from 0 candidate containers.
2023-03-23 08:06:25,122 [SCMBlockDeletingService#0] DEBUG block.SCMBlockDeletingService (SCMBlockDeletingService.java:call(136)) - Running DeletedBlockTransactionScanner
2023-03-23 08:06:25,150 [BlockDeletingService#2] INFO  interfaces.ContainerDeletionChoosingPolicyTemplate (ContainerDeletionChoosingPolicyTemplate.java:chooseContainerForBlockDeletion(83)) - Chosen 0/5000 blocks from 0 candidate containers.
2023-03-23 08:06:25,153 [BlockDeletingService#2] INFO  interfaces.ContainerDeletionChoosingPolicyTemplate (ContainerDeletionChoosingPolicyTemplate.java:chooseContainerForBlockDeletion(83)) - Chosen 0/5000 blocks from 0 candidate containers.
2023-03-23 08:06:25,175 [BlockDeletingService#2] INFO  interfaces.ContainerDeletionChoosingPolicyTemplate (ContainerDeletionChoosingPolicyTemplate.java:chooseContainerForBlockDeletion(83)) - Chosen 0/5000 blocks from 0 candidate containers.
2023-03-23 08:06:25,222 [SCMBlockDeletingService#0] DEBUG block.SCMBlockDeletingService (SCMBlockDeletingService.java:call(136)) - Running DeletedBlockTransactionScanner
2023-03-23 08:06:25,250 [BlockDeletingService#2] INFO  interfaces.ContainerDeletionChoosingPolicyTemplate (ContainerDeletionChoosingPolicyTemplate.java:chooseContainerForBlockDeletion(83)) - Chosen 0/5000 blocks from 0 candidate containers.
2023-03-23 08:06:25,253 [BlockDeletingService#2] INFO  interfaces.ContainerDeletionChoosingPolicyTemplate (ContainerDeletionChoosingPolicyTemplate.java:chooseContainerForBlockDeletion(83)) - Chosen 0/5000 blocks from 0 candidate containers.
2023-03-23 08:06:25,275 [BlockDeletingService#2] INFO  interfaces.ContainerDeletionChoosingPolicyTemplate (ContainerDeletionChoosingPolicyTemplate.java:chooseContainerForBlockDeletion(83)) - Chosen 0/5000 blocks from 0 candidate containers.
2023-03-23 08:06:25,322 [SCMBlockDeletingService#0] DEBUG block.SCMBlockDeletingService (SCMBlockDeletingService.java:call(136)) - Running DeletedBlockTransactionScanner
2023-03-23 08:06:25,351 [BlockDeletingService#2] INFO  interfaces.ContainerDeletionChoosingPolicyTemplate (ContainerDeletionChoosingPolicyTemplate.java:chooseContainerForBlockDeletion(83)) - Chosen 0/5000 blocks from 0 candidate containers.
2023-03-23 08:06:25,354 [BlockDeletingService#2] INFO  interfaces.ContainerDeletionChoosingPolicyTemplate (ContainerDeletionChoosingPolicyTemplate.java:chooseContainerForBlockDeletion(83)) - Chosen 0/5000 blocks from 0 candidate containers.
2023-03-23 08:06:25,375 [BlockDeletingService#2] INFO  interfaces.ContainerDeletionChoosingPolicyTemplate (ContainerDeletionChoosingPolicyTemplate.java:chooseContainerForBlockDeletion(83)) - Chosen 0/5000 blocks from 0 candidate containers.
2023-03-23 08:06:25,422 [SCMBlockDeletingService#0] DEBUG block.SCMBlockDeletingService (SCMBlockDeletingService.java:call(136)) - Running DeletedBlockTransactionScanner
2023-03-23 08:06:25,451 [BlockDeletingService#2] INFO  interfaces.ContainerDeletionChoosingPolicyTemplate (ContainerDeletionChoosingPolicyTemplate.java:chooseContainerForBlockDeletion(83)) - Chosen 0/5000 blocks from 0 candidate containers.
2023-03-23 08:06:25,454 [BlockDeletingService#2] INFO  interfaces.ContainerDeletionChoosingPolicyTemplate (ContainerDeletionChoosingPolicyTemplate.java:chooseContainerForBlockDeletion(83)) - Chosen 0/5000 blocks from 0 candidate containers.
2023-03-23 08:06:25,475 [BlockDeletingService#2] INFO  interfaces.ContainerDeletionChoosingPolicyTemplate (ContainerDeletionChoosingPolicyTemplate.java:chooseContainerForBlockDeletion(83)) - Chosen 0/5000 blocks from 0 candidate containers.
2023-03-23 08:06:25,522 [SCMBlockDeletingService#0] DEBUG block.SCMBlockDeletingService (SCMBlockDeletingService.java:call(136)) - Running DeletedBlockTransactionScanner
2023-03-23 08:06:25,551 [BlockDeletingService#2] INFO  interfaces.ContainerDeletionChoosingPolicyTemplate (ContainerDeletionChoosingPolicyTemplate.java:chooseContainerForBlockDeletion(83)) - Chosen 0/5000 blocks from 0 candidate containers.
2023-03-23 08:06:25,554 [BlockDeletingService#2] INFO  interfaces.ContainerDeletionChoosingPolicyTemplate (ContainerDeletionChoosingPolicyTemplate.java:chooseContainerForBlockDeletion(83)) - Chosen 0/5000 blocks from 0 candidate containers.
2023-03-23 08:06:25,576 [BlockDeletingService#2] INFO  interfaces.ContainerDeletionChoosingPolicyTemplate (ContainerDeletionChoosingPolicyTemplate.java:chooseContainerForBlockDeletion(83)) - Chosen 0/5000 blocks from 0 candidate containers.
2023-03-23 08:06:25,622 [SCMBlockDeletingService#0] DEBUG block.SCMBlockDeletingService (SCMBlockDeletingService.java:call(136)) - Running DeletedBlockTransactionScanner
2023-03-23 08:06:25,652 [BlockDeletingService#2] INFO  interfaces.ContainerDeletionChoosingPolicyTemplate (ContainerDeletionChoosingPolicyTemplate.java:chooseContainerForBlockDeletion(83)) - Chosen 0/5000 blocks from 0 candidate containers.
2023-03-23 08:06:25,654 [BlockDeletingService#2] INFO  interfaces.ContainerDeletionChoosingPolicyTemplate (ContainerDeletionChoosingPolicyTemplate.java:chooseContainerForBlockDeletion(83)) - Chosen 0/5000 blocks from 0 candidate containers.
2023-03-23 08:06:25,676 [BlockDeletingService#2] INFO  interfaces.ContainerDeletionChoosingPolicyTemplate (ContainerDeletionChoosingPolicyTemplate.java:chooseContainerForBlockDeletion(83)) - Chosen 0/5000 blocks from 0 candidate containers.
2023-03-23 08:06:25,722 [SCMBlockDeletingService#0] DEBUG block.SCMBlockDeletingService (SCMBlockDeletingService.java:call(136)) - Running DeletedBlockTransactionScanner
2023-03-23 08:06:25,753 [BlockDeletingService#2] INFO  interfaces.ContainerDeletionChoosingPolicyTemplate (ContainerDeletionChoosingPolicyTemplate.java:chooseContainerForBlockDeletion(83)) - Chosen 0/5000 blocks from 0 candidate containers.
2023-03-23 08:06:25,755 [BlockDeletingService#2] INFO  interfaces.ContainerDeletionChoosingPolicyTemplate (ContainerDeletionChoosingPolicyTemplate.java:chooseContainerForBlockDeletion(83)) - Chosen 0/5000 blocks from 0 candidate containers.
2023-03-23 08:06:25,776 [BlockDeletingService#2] INFO  interfaces.ContainerDeletionChoosingPolicyTemplate (ContainerDeletionChoosingPolicyTemplate.java:chooseContainerForBlockDeletion(83)) - Chosen 0/5000 blocks from 0 candidate containers.
2023-03-23 08:06:25,822 [SCMBlockDeletingService#0] DEBUG block.SCMBlockDeletingService (SCMBlockDeletingService.java:call(136)) - Running DeletedBlockTransactionScanner
2023-03-23 08:06:25,853 [BlockDeletingService#2] INFO  interfaces.ContainerDeletionChoosingPolicyTemplate (ContainerDeletionChoosingPolicyTemplate.java:chooseContainerForBlockDeletion(83)) - Chosen 0/5000 blocks from 0 candidate containers.
2023-03-23 08:06:25,855 [BlockDeletingService#2] INFO  interfaces.ContainerDeletionChoosingPolicyTemplate (ContainerDeletionChoosingPolicyTemplate.java:chooseContainerForBlockDeletion(83)) - Chosen 0/5000 blocks from 0 candidate containers.
2023-03-23 08:06:25,877 [BlockDeletingService#2] INFO  interfaces.ContainerDeletionChoosingPolicyTemplate (ContainerDeletionChoosingPolicyTemplate.java:chooseContainerForBlockDeletion(83)) - Chosen 0/5000 blocks from 0 candidate containers.
2023-03-23 08:06:25,922 [SCMBlockDeletingService#0] DEBUG block.SCMBlockDeletingService (SCMBlockDeletingService.java:call(136)) - Running DeletedBlockTransactionScanner
2023-03-23 08:06:25,954 [BlockDeletingService#2] INFO  interfaces.ContainerDeletionChoosingPolicyTemplate (ContainerDeletionChoosingPolicyTemplate.java:chooseContainerForBlockDeletion(83)) - Chosen 0/5000 blocks from 0 candidate containers.
2023-03-23 08:06:25,955 [BlockDeletingService#2] INFO  interfaces.ContainerDeletionChoosingPolicyTemplate (ContainerDeletionChoosingPolicyTemplate.java:chooseContainerForBlockDeletion(83)) - Chosen 0/5000 blocks from 0 candidate containers.
2023-03-23 08:06:25,977 [BlockDeletingService#2] INFO  interfaces.ContainerDeletionChoosingPolicyTemplate (ContainerDeletionChoosingPolicyTemplate.java:chooseContainerForBlockDeletion(83)) - Chosen 0/5000 blocks from 0 candidate containers.
2023-03-23 08:06:26,022 [SCMBlockDeletingService#0] DEBUG block.SCMBlockDeletingService (SCMBlockDeletingService.java:call(136)) - Running DeletedBlockTransactionScanner
2023-03-23 08:06:26,054 [BlockDeletingService#2] INFO  interfaces.ContainerDeletionChoosingPolicyTemplate (ContainerDeletionChoosingPolicyTemplate.java:chooseContainerForBlockDeletion(83)) - Chosen 0/5000 blocks from 0 candidate containers.
2023-03-23 08:06:26,055 [BlockDeletingService#2] INFO  interfaces.ContainerDeletionChoosingPolicyTemplate (ContainerDeletionChoosingPolicyTemplate.java:chooseContainerForBlockDeletion(83)) - Chosen 0/5000 blocks from 0 candidate containers.
2023-03-23 08:06:26,082 [BlockDeletingService#2] INFO  interfaces.ContainerDeletionChoosingPolicyTemplate (ContainerDeletionChoosingPolicyTemplate.java:chooseContainerForBlockDeletion(83)) - Chosen 0/5000 blocks from 0 candidate containers.
2023-03-23 08:06:26,122 [SCMBlockDeletingService#0] DEBUG block.SCMBlockDeletingService (SCMBlockDeletingService.java:call(136)) - Running DeletedBlockTransactionScanner
2023-03-23 08:06:26,154 [BlockDeletingService#2] INFO  interfaces.ContainerDeletionChoosingPolicyTemplate (ContainerDeletionChoosingPolicyTemplate.java:chooseContainerForBlockDeletion(83)) - Chosen 0/5000 blocks from 0 candidate containers.
2023-03-23 08:06:26,161 [BlockDeletingService#2] INFO  interfaces.ContainerDeletionChoosingPolicyTemplate (ContainerDeletionChoosingPolicyTemplate.java:chooseContainerForBlockDeletion(83)) - Chosen 0/5000 blocks from 0 candidate containers.
2023-03-23 08:06:26,182 [BlockDeletingService#2] INFO  interfaces.ContainerDeletionChoosingPolicyTemplate (ContainerDeletionChoosingPolicyTemplate.java:chooseContainerForBlockDeletion(83)) - Chosen 0/5000 blocks from 0 candidate containers.
2023-03-23 08:06:26,222 [SCMBlockDeletingService#0] DEBUG block.SCMBlockDeletingService (SCMBlockDeletingService.java:call(136)) - Running DeletedBlockTransactionScanner
2023-03-23 08:06:26,254 [BlockDeletingService#2] INFO  interfaces.ContainerDeletionChoosingPolicyTemplate (ContainerDeletionChoosingPolicyTemplate.java:chooseContainerForBlockDeletion(83)) - Chosen 0/5000 blocks from 0 candidate containers.
2023-03-23 08:06:26,261 [BlockDeletingService#2] INFO  interfaces.ContainerDeletionChoosingPolicyTemplate (ContainerDeletionChoosingPolicyTemplate.java:chooseContainerForBlockDeletion(83)) - Chosen 0/5000 blocks from 0 candidate containers.
2023-03-23 08:06:26,282 [BlockDeletingService#2] INFO  interfaces.ContainerDeletionChoosingPolicyTemplate (ContainerDeletionChoosingPolicyTemplate.java:chooseContainerForBlockDeletion(83)) - Chosen 0/5000 blocks from 0 candidate containers.
2023-03-23 08:06:26,323 [SCMBlockDeletingService#0] DEBUG block.SCMBlockDeletingService (SCMBlockDeletingService.java:call(136)) - Running DeletedBlockTransactionScanner
2023-03-23 08:06:26,355 [BlockDeletingService#2] INFO  interfaces.ContainerDeletionChoosingPolicyTemplate (ContainerDeletionChoosingPolicyTemplate.java:chooseContainerForBlockDeletion(83)) - Chosen 0/5000 blocks from 0 candidate containers.
2023-03-23 08:06:26,362 [BlockDeletingService#2] INFO  interfaces.ContainerDeletionChoosingPolicyTemplate (ContainerDeletionChoosingPolicyTemplate.java:chooseContainerForBlockDeletion(83)) - Chosen 0/5000 blocks from 0 candidate containers.
2023-03-23 08:06:26,383 [BlockDeletingService#2] INFO  interfaces.ContainerDeletionChoosingPolicyTemplate (ContainerDeletionChoosingPolicyTemplate.java:chooseContainerForBlockDeletion(83)) - Chosen 0/5000 blocks from 0 candidate containers.
2023-03-23 08:06:26,423 [SCMBlockDeletingService#0] DEBUG block.SCMBlockDeletingService (SCMBlockDeletingService.java:call(136)) - Running DeletedBlockTransactionScanner
2023-03-23 08:06:26,455 [BlockDeletingService#2] INFO  interfaces.ContainerDeletionChoosingPolicyTemplate (ContainerDeletionChoosingPolicyTemplate.java:chooseContainerForBlockDeletion(83)) - Chosen 0/5000 blocks from 0 candidate containers.
2023-03-23 08:06:26,462 [BlockDeletingService#2] INFO  interfaces.ContainerDeletionChoosingPolicyTemplate (ContainerDeletionChoosingPolicyTemplate.java:chooseContainerForBlockDeletion(83)) - Chosen 0/5000 blocks from 0 candidate containers.
2023-03-23 08:06:26,483 [BlockDeletingService#2] INFO  interfaces.ContainerDeletionChoosingPolicyTemplate (ContainerDeletionChoosingPolicyTemplate.java:chooseContainerForBlockDeletion(83)) - Chosen 0/5000 blocks from 0 candidate containers.
2023-03-23 08:06:26,523 [SCMBlockDeletingService#0] DEBUG block.SCMBlockDeletingService (SCMBlockDeletingService.java:call(136)) - Running DeletedBlockTransactionScanner
2023-03-23 08:06:26,555 [BlockDeletingService#2] INFO  interfaces.ContainerDeletionChoosingPolicyTemplate (ContainerDeletionChoosingPolicyTemplate.java:chooseContainerForBlockDeletion(83)) - Chosen 0/5000 blocks from 0 candidate containers.
2023-03-23 08:06:26,562 [BlockDeletingService#2] INFO  interfaces.ContainerDeletionChoosingPolicyTemplate (ContainerDeletionChoosingPolicyTemplate.java:chooseContainerForBlockDeletion(83)) - Chosen 0/5000 blocks from 0 candidate containers.
2023-03-23 08:06:26,583 [BlockDeletingService#2] INFO  interfaces.ContainerDeletionChoosingPolicyTemplate (ContainerDeletionChoosingPolicyTemplate.java:chooseContainerForBlockDeletion(83)) - Chosen 0/5000 blocks from 0 candidate containers.
2023-03-23 08:06:26,623 [SCMBlockDeletingService#0] DEBUG block.SCMBlockDeletingService (SCMBlockDeletingService.java:call(136)) - Running DeletedBlockTransactionScanner
2023-03-23 08:06:26,656 [BlockDeletingService#2] INFO  interfaces.ContainerDeletionChoosingPolicyTemplate (ContainerDeletionChoosingPolicyTemplate.java:chooseContainerForBlockDeletion(83)) - Chosen 0/5000 blocks from 0 candidate containers.
2023-03-23 08:06:26,662 [BlockDeletingService#2] INFO  interfaces.ContainerDeletionChoosingPolicyTemplate (ContainerDeletionChoosingPolicyTemplate.java:chooseContainerForBlockDeletion(83)) - Chosen 0/5000 blocks from 0 candidate containers.
2023-03-23 08:06:26,683 [BlockDeletingService#2] INFO  interfaces.ContainerDeletionChoosingPolicyTemplate (ContainerDeletionChoosingPolicyTemplate.java:chooseContainerForBlockDeletion(83)) - Chosen 0/5000 blocks from 0 candidate containers.
2023-03-23 08:06:26,723 [SCMBlockDeletingService#0] DEBUG block.SCMBlockDeletingService (SCMBlockDeletingService.java:call(136)) - Running DeletedBlockTransactionScanner
2023-03-23 08:06:26,756 [BlockDeletingService#2] INFO  interfaces.ContainerDeletionChoosingPolicyTemplate (ContainerDeletionChoosingPolicyTemplate.java:chooseContainerForBlockDeletion(83)) - Chosen 0/5000 blocks from 0 candidate containers.
2023-03-23 08:06:26,763 [BlockDeletingService#2] INFO  interfaces.ContainerDeletionChoosingPolicyTemplate (ContainerDeletionChoosingPolicyTemplate.java:chooseContainerForBlockDeletion(83)) - Chosen 0/5000 blocks from 0 candidate containers.
2023-03-23 08:06:26,784 [BlockDeletingService#2] INFO  interfaces.ContainerDeletionChoosingPolicyTemplate (ContainerDeletionChoosingPolicyTemplate.java:chooseContainerForBlockDeletion(83)) - Chosen 0/5000 blocks from 0 candidate containers.
2023-03-23 08:06:26,823 [SCMBlockDeletingService#0] DEBUG block.SCMBlockDeletingService (SCMBlockDeletingService.java:call(136)) - Running DeletedBlockTransactionScanner
2023-03-23 08:06:26,843 [EventQueue-CloseContainerForCloseContainerEventHandler] INFO  container.CloseContainerEventHandler (CloseContainerEventHandler.java:onMessage(78)) - Close container Event triggered for container : #1, current state: OPEN
2023-03-23 08:06:26,844 [EventQueue-CloseContainerForCloseContainerEventHandler] INFO  container.CloseContainerEventHandler (CloseContainerEventHandler.java:onMessage(78)) - Close container Event triggered for container : #2, current state: OPEN
2023-03-23 08:06:26,844 [EventQueue-CloseContainerForCloseContainerEventHandler] INFO  container.CloseContainerEventHandler (CloseContainerEventHandler.java:onMessage(78)) - Close container Event triggered for container : #3, current state: OPEN
2023-03-23 08:06:26,845 [EventQueue-CloseContainerForCloseContainerEventHandler] INFO  container.CloseContainerEventHandler (CloseContainerEventHandler.java:onMessage(78)) - Close container Event triggered for container : #4, current state: OPEN
2023-03-23 08:06:26,845 [EventQueue-CloseContainerForCloseContainerEventHandler] INFO  container.CloseContainerEventHandler (CloseContainerEventHandler.java:onMessage(78)) - Close container Event triggered for container : #5, current state: OPEN
2023-03-23 08:06:26,846 [EventQueue-CloseContainerForCloseContainerEventHandler] INFO  container.CloseContainerEventHandler (CloseContainerEventHandler.java:onMessage(78)) - Close container Event triggered for container : #6, current state: OPEN
2023-03-23 08:06:26,856 [BlockDeletingService#2] INFO  interfaces.ContainerDeletionChoosingPolicyTemplate (ContainerDeletionChoosingPolicyTemplate.java:chooseContainerForBlockDeletion(83)) - Chosen 0/5000 blocks from 0 candidate containers.
2023-03-23 08:06:26,863 [BlockDeletingService#2] INFO  interfaces.ContainerDeletionChoosingPolicyTemplate (ContainerDeletionChoosingPolicyTemplate.java:chooseContainerForBlockDeletion(83)) - Chosen 0/5000 blocks from 0 candidate containers.
2023-03-23 08:06:26,884 [BlockDeletingService#2] INFO  interfaces.ContainerDeletionChoosingPolicyTemplate (ContainerDeletionChoosingPolicyTemplate.java:chooseContainerForBlockDeletion(83)) - Chosen 0/5000 blocks from 0 candidate containers.
2023-03-23 08:06:26,923 [SCMBlockDeletingService#0] DEBUG block.SCMBlockDeletingService (SCMBlockDeletingService.java:call(136)) - Running DeletedBlockTransactionScanner
2023-03-23 08:06:26,956 [BlockDeletingService#2] INFO  interfaces.ContainerDeletionChoosingPolicyTemplate (ContainerDeletionChoosingPolicyTemplate.java:chooseContainerForBlockDeletion(83)) - Chosen 0/5000 blocks from 0 candidate containers.
2023-03-23 08:06:26,963 [BlockDeletingService#2] INFO  interfaces.ContainerDeletionChoosingPolicyTemplate (ContainerDeletionChoosingPolicyTemplate.java:chooseContainerForBlockDeletion(83)) - Chosen 0/5000 blocks from 0 candidate containers.
2023-03-23 08:06:26,984 [BlockDeletingService#2] INFO  interfaces.ContainerDeletionChoosingPolicyTemplate (ContainerDeletionChoosingPolicyTemplate.java:chooseContainerForBlockDeletion(83)) - Chosen 0/5000 blocks from 0 candidate containers.
2023-03-23 08:06:27,025 [SCMBlockDeletingService#0] DEBUG block.SCMBlockDeletingService (SCMBlockDeletingService.java:call(136)) - Running DeletedBlockTransactionScanner
2023-03-23 08:06:27,057 [BlockDeletingService#2] INFO  interfaces.ContainerDeletionChoosingPolicyTemplate (ContainerDeletionChoosingPolicyTemplate.java:chooseContainerForBlockDeletion(83)) - Chosen 0/5000 blocks from 0 candidate containers.
2023-03-23 08:06:27,063 [BlockDeletingService#2] INFO  interfaces.ContainerDeletionChoosingPolicyTemplate (ContainerDeletionChoosingPolicyTemplate.java:chooseContainerForBlockDeletion(83)) - Chosen 0/5000 blocks from 0 candidate containers.
2023-03-23 08:06:27,084 [BlockDeletingService#2] INFO  interfaces.ContainerDeletionChoosingPolicyTemplate (ContainerDeletionChoosingPolicyTemplate.java:chooseContainerForBlockDeletion(83)) - Chosen 0/5000 blocks from 0 candidate containers.
2023-03-23 08:06:27,125 [SCMBlockDeletingService#0] DEBUG block.SCMBlockDeletingService (SCMBlockDeletingService.java:call(136)) - Running DeletedBlockTransactionScanner
2023-03-23 08:06:27,157 [BlockDeletingService#2] INFO  interfaces.ContainerDeletionChoosingPolicyTemplate (ContainerDeletionChoosingPolicyTemplate.java:chooseContainerForBlockDeletion(83)) - Chosen 0/5000 blocks from 0 candidate containers.
2023-03-23 08:06:27,163 [BlockDeletingService#2] INFO  interfaces.ContainerDeletionChoosingPolicyTemplate (ContainerDeletionChoosingPolicyTemplate.java:chooseContainerForBlockDeletion(83)) - Chosen 0/5000 blocks from 0 candidate containers.
2023-03-23 08:06:27,185 [BlockDeletingService#2] INFO  interfaces.ContainerDeletionChoosingPolicyTemplate (ContainerDeletionChoosingPolicyTemplate.java:chooseContainerForBlockDeletion(83)) - Chosen 0/5000 blocks from 0 candidate containers.
2023-03-23 08:06:27,225 [SCMBlockDeletingService#0] DEBUG block.SCMBlockDeletingService (SCMBlockDeletingService.java:call(136)) - Running DeletedBlockTransactionScanner
2023-03-23 08:06:27,257 [BlockDeletingService#2] INFO  interfaces.ContainerDeletionChoosingPolicyTemplate (ContainerDeletionChoosingPolicyTemplate.java:chooseContainerForBlockDeletion(83)) - Chosen 0/5000 blocks from 0 candidate containers.
2023-03-23 08:06:27,264 [BlockDeletingService#2] INFO  interfaces.ContainerDeletionChoosingPolicyTemplate (ContainerDeletionChoosingPolicyTemplate.java:chooseContainerForBlockDeletion(83)) - Chosen 0/5000 blocks from 0 candidate containers.
2023-03-23 08:06:27,285 [BlockDeletingService#2] INFO  interfaces.ContainerDeletionChoosingPolicyTemplate (ContainerDeletionChoosingPolicyTemplate.java:chooseContainerForBlockDeletion(83)) - Chosen 0/5000 blocks from 0 candidate containers.
2023-03-23 08:06:27,325 [SCMBlockDeletingService#0] DEBUG block.SCMBlockDeletingService (SCMBlockDeletingService.java:call(136)) - Running DeletedBlockTransactionScanner
2023-03-23 08:06:27,358 [BlockDeletingService#2] INFO  interfaces.ContainerDeletionChoosingPolicyTemplate (ContainerDeletionChoosingPolicyTemplate.java:chooseContainerForBlockDeletion(83)) - Chosen 0/5000 blocks from 0 candidate containers.
2023-03-23 08:06:27,364 [BlockDeletingService#2] INFO  interfaces.ContainerDeletionChoosingPolicyTemplate (ContainerDeletionChoosingPolicyTemplate.java:chooseContainerForBlockDeletion(83)) - Chosen 0/5000 blocks from 0 candidate containers.
2023-03-23 08:06:27,385 [BlockDeletingService#2] INFO  interfaces.ContainerDeletionChoosingPolicyTemplate (ContainerDeletionChoosingPolicyTemplate.java:chooseContainerForBlockDeletion(83)) - Chosen 0/5000 blocks from 0 candidate containers.
2023-03-23 08:06:27,425 [SCMBlockDeletingService#0] DEBUG block.SCMBlockDeletingService (SCMBlockDeletingService.java:call(136)) - Running DeletedBlockTransactionScanner
2023-03-23 08:06:27,458 [BlockDeletingService#2] INFO  interfaces.ContainerDeletionChoosingPolicyTemplate (ContainerDeletionChoosingPolicyTemplate.java:chooseContainerForBlockDeletion(83)) - Chosen 0/5000 blocks from 0 candidate containers.
2023-03-23 08:06:27,464 [BlockDeletingService#2] INFO  interfaces.ContainerDeletionChoosingPolicyTemplate (ContainerDeletionChoosingPolicyTemplate.java:chooseContainerForBlockDeletion(83)) - Chosen 0/5000 blocks from 0 candidate containers.
2023-03-23 08:06:27,485 [BlockDeletingService#2] INFO  interfaces.ContainerDeletionChoosingPolicyTemplate (ContainerDeletionChoosingPolicyTemplate.java:chooseContainerForBlockDeletion(83)) - Chosen 0/5000 blocks from 0 candidate containers.
2023-03-23 08:06:27,525 [SCMBlockDeletingService#0] DEBUG block.SCMBlockDeletingService (SCMBlockDeletingService.java:call(136)) - Running DeletedBlockTransactionScanner
2023-03-23 08:06:27,558 [BlockDeletingService#2] INFO  interfaces.ContainerDeletionChoosingPolicyTemplate (ContainerDeletionChoosingPolicyTemplate.java:chooseContainerForBlockDeletion(83)) - Chosen 0/5000 blocks from 0 candidate containers.
2023-03-23 08:06:27,565 [BlockDeletingService#2] INFO  interfaces.ContainerDeletionChoosingPolicyTemplate (ContainerDeletionChoosingPolicyTemplate.java:chooseContainerForBlockDeletion(83)) - Chosen 0/5000 blocks from 0 candidate containers.
2023-03-23 08:06:27,585 [BlockDeletingService#2] INFO  interfaces.ContainerDeletionChoosingPolicyTemplate (ContainerDeletionChoosingPolicyTemplate.java:chooseContainerForBlockDeletion(83)) - Chosen 0/5000 blocks from 0 candidate containers.
2023-03-23 08:06:27,626 [SCMBlockDeletingService#0] DEBUG block.SCMBlockDeletingService (SCMBlockDeletingService.java:call(136)) - Running DeletedBlockTransactionScanner
2023-03-23 08:06:27,658 [BlockDeletingService#2] INFO  interfaces.ContainerDeletionChoosingPolicyTemplate (ContainerDeletionChoosingPolicyTemplate.java:chooseContainerForBlockDeletion(83)) - Chosen 0/5000 blocks from 0 candidate containers.
2023-03-23 08:06:27,665 [BlockDeletingService#2] INFO  interfaces.ContainerDeletionChoosingPolicyTemplate (ContainerDeletionChoosingPolicyTemplate.java:chooseContainerForBlockDeletion(83)) - Chosen 0/5000 blocks from 0 candidate containers.
2023-03-23 08:06:27,686 [BlockDeletingService#2] INFO  interfaces.ContainerDeletionChoosingPolicyTemplate (ContainerDeletionChoosingPolicyTemplate.java:chooseContainerForBlockDeletion(83)) - Chosen 0/5000 blocks from 0 candidate containers.
2023-03-23 08:06:27,726 [SCMBlockDeletingService#0] DEBUG block.SCMBlockDeletingService (SCMBlockDeletingService.java:call(136)) - Running DeletedBlockTransactionScanner
2023-03-23 08:06:27,759 [BlockDeletingService#2] INFO  interfaces.ContainerDeletionChoosingPolicyTemplate (ContainerDeletionChoosingPolicyTemplate.java:chooseContainerForBlockDeletion(83)) - Chosen 0/5000 blocks from 0 candidate containers.
2023-03-23 08:06:27,765 [BlockDeletingService#2] INFO  interfaces.ContainerDeletionChoosingPolicyTemplate (ContainerDeletionChoosingPolicyTemplate.java:chooseContainerForBlockDeletion(83)) - Chosen 0/5000 blocks from 0 candidate containers.
2023-03-23 08:06:27,786 [BlockDeletingService#2] INFO  interfaces.ContainerDeletionChoosingPolicyTemplate (ContainerDeletionChoosingPolicyTemplate.java:chooseContainerForBlockDeletion(83)) - Chosen 0/5000 blocks from 0 candidate containers.
2023-03-23 08:06:27,826 [SCMBlockDeletingService#0] DEBUG block.SCMBlockDeletingService (SCMBlockDeletingService.java:call(136)) - Running DeletedBlockTransactionScanner
2023-03-23 08:06:27,859 [BlockDeletingService#2] INFO  interfaces.ContainerDeletionChoosingPolicyTemplate (ContainerDeletionChoosingPolicyTemplate.java:chooseContainerForBlockDeletion(83)) - Chosen 0/5000 blocks from 0 candidate containers.
2023-03-23 08:06:27,865 [BlockDeletingService#2] INFO  interfaces.ContainerDeletionChoosingPolicyTemplate (ContainerDeletionChoosingPolicyTemplate.java:chooseContainerForBlockDeletion(83)) - Chosen 0/5000 blocks from 0 candidate containers.
2023-03-23 08:06:27,888 [BlockDeletingService#2] INFO  interfaces.ContainerDeletionChoosingPolicyTemplate (ContainerDeletionChoosingPolicyTemplate.java:chooseContainerForBlockDeletion(83)) - Chosen 0/5000 blocks from 0 candidate containers.
2023-03-23 08:06:27,896 [ContainerOp-60f4dc05-4e25-430c-932c-fc8df440c2cc-3] INFO  keyvalue.KeyValueContainer (KeyValueContainer.java:flushAndSyncDB(446)) - Container 1 is synced with bcsId 17.
2023-03-23 08:06:27,897 [ContainerOp-60f4dc05-4e25-430c-932c-fc8df440c2cc-3] INFO  keyvalue.KeyValueContainer (KeyValueContainer.java:flushAndSyncDB(446)) - Container 1 is synced with bcsId 17.
2023-03-23 08:06:27,899 [ContainerOp-60f4dc05-4e25-430c-932c-fc8df440c2cc-3] INFO  keyvalue.KeyValueContainer (KeyValueContainer.java:flushAndSyncDB(446)) - Container 1 is synced with bcsId 17.
2023-03-23 08:06:27,899 [ContainerOp-60f4dc05-4e25-430c-932c-fc8df440c2cc-3] INFO  keyvalue.KeyValueContainer (KeyValueContainer.java:flushAndSyncDB(446)) - Container 1 is synced with bcsId 17.
2023-03-23 08:06:27,899 [ContainerOp-60f4dc05-4e25-430c-932c-fc8df440c2cc-3] INFO  keyvalue.KeyValueContainer (KeyValueContainer.java:flushAndSyncDB(446)) - Container 1 is synced with bcsId 17.
2023-03-23 08:06:27,900 [ContainerOp-60f4dc05-4e25-430c-932c-fc8df440c2cc-3] INFO  keyvalue.KeyValueContainer (KeyValueContainer.java:flushAndSyncDB(446)) - Container 1 is synced with bcsId 17.
2023-03-23 08:06:27,903 [ContainerOp-60f4dc05-4e25-430c-932c-fc8df440c2cc-3] INFO  keyvalue.KeyValueContainer (KeyValueContainer.java:close(361)) - Container 1 is closed with bcsId 17.
2023-03-23 08:06:27,903 [ContainerOp-60f4dc05-4e25-430c-932c-fc8df440c2cc-3] INFO  keyvalue.KeyValueContainer (KeyValueContainer.java:close(361)) - Container 1 is closed with bcsId 17.
2023-03-23 08:06:27,903 [ContainerOp-60f4dc05-4e25-430c-932c-fc8df440c2cc-3] INFO  keyvalue.KeyValueContainer (KeyValueContainer.java:close(361)) - Container 1 is closed with bcsId 17.
2023-03-23 08:06:27,904 [FixedThreadPoolWithAffinityExecutor-9-0] INFO  container.IncrementalContainerReportHandler (AbstractContainerReportHandler.java:updateContainerState(292)) - Moving container #1 to CLOSED state, datanode 2b202a02-6273-4262-ac40-cc676055620c(fv-az105-497.wy5h1aom0jgehahef1oyr10hrc.bx.internal.cloudapp.net/10.1.0.214) reported CLOSED replica.
2023-03-23 08:06:27,912 [ContainerOp-60f4dc05-4e25-430c-932c-fc8df440c2cc-4] INFO  keyvalue.KeyValueContainer (KeyValueContainer.java:flushAndSyncDB(446)) - Container 2 is synced with bcsId 35.
2023-03-23 08:06:27,912 [ContainerOp-60f4dc05-4e25-430c-932c-fc8df440c2cc-4] INFO  keyvalue.KeyValueContainer (KeyValueContainer.java:flushAndSyncDB(446)) - Container 2 is synced with bcsId 35.
2023-03-23 08:06:27,915 [ContainerOp-60f4dc05-4e25-430c-932c-fc8df440c2cc-4] INFO  keyvalue.KeyValueContainer (KeyValueContainer.java:close(361)) - Container 2 is closed with bcsId 35.
2023-03-23 08:06:27,915 [ContainerOp-60f4dc05-4e25-430c-932c-fc8df440c2cc-4] INFO  keyvalue.KeyValueContainer (KeyValueContainer.java:flushAndSyncDB(446)) - Container 2 is synced with bcsId 35.
2023-03-23 08:06:27,915 [ContainerOp-60f4dc05-4e25-430c-932c-fc8df440c2cc-4] INFO  keyvalue.KeyValueContainer (KeyValueContainer.java:flushAndSyncDB(446)) - Container 2 is synced with bcsId 35.
2023-03-23 08:06:27,917 [ContainerOp-60f4dc05-4e25-430c-932c-fc8df440c2cc-4] INFO  keyvalue.KeyValueContainer (KeyValueContainer.java:flushAndSyncDB(446)) - Container 2 is synced with bcsId 35.
2023-03-23 08:06:27,917 [ContainerOp-60f4dc05-4e25-430c-932c-fc8df440c2cc-4] INFO  keyvalue.KeyValueContainer (KeyValueContainer.java:flushAndSyncDB(446)) - Container 2 is synced with bcsId 35.
2023-03-23 08:06:27,918 [FixedThreadPoolWithAffinityExecutor-8-0] INFO  container.IncrementalContainerReportHandler (AbstractContainerReportHandler.java:updateContainerState(292)) - Moving container #2 to CLOSED state, datanode 0838c789-5be6-4b53-844e-73c82c080a18(fv-az105-497.wy5h1aom0jgehahef1oyr10hrc.bx.internal.cloudapp.net/10.1.0.214) reported CLOSED replica.
2023-03-23 08:06:27,921 [ContainerOp-60f4dc05-4e25-430c-932c-fc8df440c2cc-4] INFO  keyvalue.KeyValueContainer (KeyValueContainer.java:close(361)) - Container 2 is closed with bcsId 35.
2023-03-23 08:06:27,922 [ContainerOp-60f4dc05-4e25-430c-932c-fc8df440c2cc-4] INFO  keyvalue.KeyValueContainer (KeyValueContainer.java:close(361)) - Container 2 is closed with bcsId 35.
2023-03-23 08:06:27,926 [ContainerOp-60f4dc05-4e25-430c-932c-fc8df440c2cc-5] INFO  keyvalue.KeyValueContainer (KeyValueContainer.java:flushAndSyncDB(446)) - Container 3 is synced with bcsId 53.
2023-03-23 08:06:27,926 [ContainerOp-60f4dc05-4e25-430c-932c-fc8df440c2cc-5] INFO  keyvalue.KeyValueContainer (KeyValueContainer.java:flushAndSyncDB(446)) - Container 3 is synced with bcsId 53.
2023-03-23 08:06:27,927 [SCMBlockDeletingService#0] DEBUG block.SCMBlockDeletingService (SCMBlockDeletingService.java:call(136)) - Running DeletedBlockTransactionScanner
2023-03-23 08:06:27,927 [SCMBlockDeletingService#0] DEBUG block.SCMBlockDeletingService (DatanodeDeletedBlockTransactions.java:addTransactionToDN(50)) - Transaction added: 0838c789-5be6-4b53-844e-73c82c080a18 <- TX(1)
2023-03-23 08:06:27,927 [SCMBlockDeletingService#0] DEBUG block.SCMBlockDeletingService (DatanodeDeletedBlockTransactions.java:addTransactionToDN(50)) - Transaction added: 2b202a02-6273-4262-ac40-cc676055620c <- TX(1)
2023-03-23 08:06:27,927 [SCMBlockDeletingService#0] DEBUG block.SCMBlockDeletingService (DatanodeDeletedBlockTransactions.java:addTransactionToDN(50)) - Transaction added: 9852ed25-ff4d-4e5e-8bb3-2709f3d2ddbb <- TX(1)
2023-03-23 08:06:27,928 [SCMBlockDeletingService#0] DEBUG block.SCMBlockDeletingService (DatanodeDeletedBlockTransactions.java:addTransactionToDN(50)) - Transaction added: 0838c789-5be6-4b53-844e-73c82c080a18 <- TX(2)
2023-03-23 08:06:27,928 [SCMBlockDeletingService#0] DEBUG block.SCMBlockDeletingService (DatanodeDeletedBlockTransactions.java:addTransactionToDN(50)) - Transaction added: 2b202a02-6273-4262-ac40-cc676055620c <- TX(2)
2023-03-23 08:06:27,928 [SCMBlockDeletingService#0] DEBUG block.SCMBlockDeletingService (DatanodeDeletedBlockTransactions.java:addTransactionToDN(50)) - Transaction added: 9852ed25-ff4d-4e5e-8bb3-2709f3d2ddbb <- TX(2)
2023-03-23 08:06:27,928 [SCMBlockDeletingService#0] DEBUG block.SCMBlockDeletingService (SCMBlockDeletingService.java:call(171)) - Added delete block command for datanode 0838c789-5be6-4b53-844e-73c82c080a18 in the queue, number of delete block transactions: 2
2023-03-23 08:06:27,928 [SCMBlockDeletingService#0] DEBUG block.SCMBlockDeletingService (SCMBlockDeletingService.java:call(171)) - Added delete block command for datanode 9852ed25-ff4d-4e5e-8bb3-2709f3d2ddbb in the queue, number of delete block transactions: 2
2023-03-23 08:06:27,928 [SCMBlockDeletingService#0] DEBUG block.SCMBlockDeletingService (SCMBlockDeletingService.java:call(171)) - Added delete block command for datanode 2b202a02-6273-4262-ac40-cc676055620c in the queue, number of delete block transactions: 2
2023-03-23 08:06:27,928 [SCMBlockDeletingService#0] INFO  block.SCMBlockDeletingService (SCMBlockDeletingService.java:call(180)) - Totally added 6 blocks to be deleted for 3 datanodes, task elapsed time: 1ms
2023-03-23 08:06:27,930 [ContainerOp-60f4dc05-4e25-430c-932c-fc8df440c2cc-5] INFO  keyvalue.KeyValueContainer (KeyValueContainer.java:flushAndSyncDB(446)) - Container 3 is synced with bcsId 53.
2023-03-23 08:06:27,930 [ContainerOp-60f4dc05-4e25-430c-932c-fc8df440c2cc-5] INFO  keyvalue.KeyValueContainer (KeyValueContainer.java:flushAndSyncDB(446)) - Container 3 is synced with bcsId 53.
2023-03-23 08:06:27,932 [ContainerOp-60f4dc05-4e25-430c-932c-fc8df440c2cc-5] INFO  keyvalue.KeyValueContainer (KeyValueContainer.java:close(361)) - Container 3 is closed with bcsId 53.
2023-03-23 08:06:27,932 [ContainerOp-60f4dc05-4e25-430c-932c-fc8df440c2cc-5] INFO  keyvalue.KeyValueContainer (KeyValueContainer.java:flushAndSyncDB(446)) - Container 3 is synced with bcsId 53.
2023-03-23 08:06:27,932 [ContainerOp-60f4dc05-4e25-430c-932c-fc8df440c2cc-5] INFO  keyvalue.KeyValueContainer (KeyValueContainer.java:flushAndSyncDB(446)) - Container 3 is synced with bcsId 53.
2023-03-23 08:06:27,934 [FixedThreadPoolWithAffinityExecutor-8-0] INFO  container.IncrementalContainerReportHandler (AbstractContainerReportHandler.java:updateContainerState(292)) - Moving container #3 to CLOSED state, datanode 0838c789-5be6-4b53-844e-73c82c080a18(fv-az105-497.wy5h1aom0jgehahef1oyr10hrc.bx.internal.cloudapp.net/10.1.0.214) reported CLOSED replica.
2023-03-23 08:06:27,935 [ContainerOp-60f4dc05-4e25-430c-932c-fc8df440c2cc-5] INFO  keyvalue.KeyValueContainer (KeyValueContainer.java:close(361)) - Container 3 is closed with bcsId 53.
2023-03-23 08:06:27,936 [ContainerOp-60f4dc05-4e25-430c-932c-fc8df440c2cc-5] INFO  keyvalue.KeyValueContainer (KeyValueContainer.java:close(361)) - Container 3 is closed with bcsId 53.
2023-03-23 08:06:27,942 [ContainerOp-60f4dc05-4e25-430c-932c-fc8df440c2cc-6] INFO  keyvalue.KeyValueContainer (KeyValueContainer.java:flushAndSyncDB(446)) - Container 4 is synced with bcsId 71.
2023-03-23 08:06:27,943 [ContainerOp-60f4dc05-4e25-430c-932c-fc8df440c2cc-6] INFO  keyvalue.KeyValueContainer (KeyValueContainer.java:flushAndSyncDB(446)) - Container 4 is synced with bcsId 71.
2023-03-23 08:06:27,945 [ContainerOp-60f4dc05-4e25-430c-932c-fc8df440c2cc-6] INFO  keyvalue.KeyValueContainer (KeyValueContainer.java:flushAndSyncDB(446)) - Container 4 is synced with bcsId 71.
2023-03-23 08:06:27,945 [ContainerOp-60f4dc05-4e25-430c-932c-fc8df440c2cc-6] INFO  keyvalue.KeyValueContainer (KeyValueContainer.java:flushAndSyncDB(446)) - Container 4 is synced with bcsId 71.
2023-03-23 08:06:27,945 [ContainerOp-60f4dc05-4e25-430c-932c-fc8df440c2cc-6] INFO  keyvalue.KeyValueContainer (KeyValueContainer.java:flushAndSyncDB(446)) - Container 4 is synced with bcsId 71.
2023-03-23 08:06:27,945 [ContainerOp-60f4dc05-4e25-430c-932c-fc8df440c2cc-6] INFO  keyvalue.KeyValueContainer (KeyValueContainer.java:flushAndSyncDB(446)) - Container 4 is synced with bcsId 71.
2023-03-23 08:06:27,947 [ContainerOp-60f4dc05-4e25-430c-932c-fc8df440c2cc-6] INFO  keyvalue.KeyValueContainer (KeyValueContainer.java:close(361)) - Container 4 is closed with bcsId 71.
2023-03-23 08:06:27,947 [ContainerOp-60f4dc05-4e25-430c-932c-fc8df440c2cc-6] INFO  keyvalue.KeyValueContainer (KeyValueContainer.java:close(361)) - Container 4 is closed with bcsId 71.
2023-03-23 08:06:27,948 [ContainerOp-60f4dc05-4e25-430c-932c-fc8df440c2cc-6] INFO  keyvalue.KeyValueContainer (KeyValueContainer.java:close(361)) - Container 4 is closed with bcsId 71.
2023-03-23 08:06:27,949 [FixedThreadPoolWithAffinityExecutor-9-0] INFO  container.IncrementalContainerReportHandler (AbstractContainerReportHandler.java:updateContainerState(292)) - Moving container #4 to CLOSED state, datanode 9852ed25-ff4d-4e5e-8bb3-2709f3d2ddbb(fv-az105-497.wy5h1aom0jgehahef1oyr10hrc.bx.internal.cloudapp.net/10.1.0.214) reported CLOSED replica.
2023-03-23 08:06:27,955 [ContainerOp-60f4dc05-4e25-430c-932c-fc8df440c2cc-7] INFO  keyvalue.KeyValueContainer (KeyValueContainer.java:flushAndSyncDB(446)) - Container 5 is synced with bcsId 89.
2023-03-23 08:06:27,955 [ContainerOp-60f4dc05-4e25-430c-932c-fc8df440c2cc-7] INFO  keyvalue.KeyValueContainer (KeyValueContainer.java:flushAndSyncDB(446)) - Container 5 is synced with bcsId 89.
2023-03-23 08:06:27,958 [ContainerOp-60f4dc05-4e25-430c-932c-fc8df440c2cc-7] INFO  keyvalue.KeyValueContainer (KeyValueContainer.java:close(361)) - Container 5 is closed with bcsId 89.
2023-03-23 08:06:27,958 [ContainerOp-60f4dc05-4e25-430c-932c-fc8df440c2cc-7] INFO  keyvalue.KeyValueContainer (KeyValueContainer.java:flushAndSyncDB(446)) - Container 5 is synced with bcsId 89.
2023-03-23 08:06:27,958 [ContainerOp-60f4dc05-4e25-430c-932c-fc8df440c2cc-7] INFO  keyvalue.KeyValueContainer (KeyValueContainer.java:flushAndSyncDB(446)) - Container 5 is synced with bcsId 89.
2023-03-23 08:06:27,959 [BlockDeletingService#2] INFO  interfaces.ContainerDeletionChoosingPolicyTemplate (ContainerDeletionChoosingPolicyTemplate.java:chooseContainerForBlockDeletion(83)) - Chosen 0/5000 blocks from 0 candidate containers.
2023-03-23 08:06:27,960 [FixedThreadPoolWithAffinityExecutor-8-0] INFO  container.IncrementalContainerReportHandler (AbstractContainerReportHandler.java:updateContainerState(292)) - Moving container #5 to CLOSED state, datanode 0838c789-5be6-4b53-844e-73c82c080a18(fv-az105-497.wy5h1aom0jgehahef1oyr10hrc.bx.internal.cloudapp.net/10.1.0.214) reported CLOSED replica.
2023-03-23 08:06:27,965 [ContainerOp-60f4dc05-4e25-430c-932c-fc8df440c2cc-7] INFO  keyvalue.KeyValueContainer (KeyValueContainer.java:flushAndSyncDB(446)) - Container 5 is synced with bcsId 89.
2023-03-23 08:06:27,967 [ContainerOp-60f4dc05-4e25-430c-932c-fc8df440c2cc-7] INFO  keyvalue.KeyValueContainer (KeyValueContainer.java:flushAndSyncDB(446)) - Container 5 is synced with bcsId 89.
2023-03-23 08:06:27,968 [ContainerOp-60f4dc05-4e25-430c-932c-fc8df440c2cc-8] INFO  keyvalue.KeyValueContainer (KeyValueContainer.java:flushAndSyncDB(446)) - Container 6 is synced with bcsId 104.
2023-03-23 08:06:27,968 [ContainerOp-60f4dc05-4e25-430c-932c-fc8df440c2cc-8] INFO  keyvalue.KeyValueContainer (KeyValueContainer.java:flushAndSyncDB(446)) - Container 6 is synced with bcsId 104.
2023-03-23 08:06:27,967 [BlockDeletingService#2] INFO  interfaces.ContainerDeletionChoosingPolicyTemplate (ContainerDeletionChoosingPolicyTemplate.java:chooseContainerForBlockDeletion(83)) - Chosen 0/5000 blocks from 0 candidate containers.
2023-03-23 08:06:27,970 [ContainerOp-60f4dc05-4e25-430c-932c-fc8df440c2cc-8] INFO  keyvalue.KeyValueContainer (KeyValueContainer.java:flushAndSyncDB(446)) - Container 6 is synced with bcsId 104.
2023-03-23 08:06:27,970 [ContainerOp-60f4dc05-4e25-430c-932c-fc8df440c2cc-8] INFO  keyvalue.KeyValueContainer (KeyValueContainer.java:flushAndSyncDB(446)) - Container 6 is synced with bcsId 104.
2023-03-23 08:06:27,970 [ContainerOp-60f4dc05-4e25-430c-932c-fc8df440c2cc-8] INFO  keyvalue.KeyValueContainer (KeyValueContainer.java:close(361)) - Container 6 is closed with bcsId 104.
2023-03-23 08:06:27,966 [ContainerOp-60f4dc05-4e25-430c-932c-fc8df440c2cc-7] INFO  keyvalue.KeyValueContainer (KeyValueContainer.java:close(361)) - Container 5 is closed with bcsId 89.
2023-03-23 08:06:27,967 [ContainerOp-60f4dc05-4e25-430c-932c-fc8df440c2cc-8] INFO  keyvalue.KeyValueContainer (KeyValueContainer.java:flushAndSyncDB(446)) - Container 6 is synced with bcsId 104.
2023-03-23 08:06:27,971 [ContainerOp-60f4dc05-4e25-430c-932c-fc8df440c2cc-8] INFO  keyvalue.KeyValueContainer (KeyValueContainer.java:flushAndSyncDB(446)) - Container 6 is synced with bcsId 104.
2023-03-23 08:06:27,971 [ContainerOp-60f4dc05-4e25-430c-932c-fc8df440c2cc-7] INFO  keyvalue.KeyValueContainer (KeyValueContainer.java:close(361)) - Container 5 is closed with bcsId 89.
2023-03-23 08:06:27,973 [FixedThreadPoolWithAffinityExecutor-9-0] INFO  container.IncrementalContainerReportHandler (AbstractContainerReportHandler.java:updateContainerState(292)) - Moving container #6 to CLOSED state, datanode 9852ed25-ff4d-4e5e-8bb3-2709f3d2ddbb(fv-az105-497.wy5h1aom0jgehahef1oyr10hrc.bx.internal.cloudapp.net/10.1.0.214) reported CLOSED replica.
2023-03-23 08:06:27,976 [ContainerOp-60f4dc05-4e25-430c-932c-fc8df440c2cc-8] INFO  keyvalue.KeyValueContainer (KeyValueContainer.java:close(361)) - Container 6 is closed with bcsId 104.
2023-03-23 08:06:27,977 [ContainerOp-60f4dc05-4e25-430c-932c-fc8df440c2cc-8] INFO  keyvalue.KeyValueContainer (KeyValueContainer.java:close(361)) - Container 6 is closed with bcsId 104.
2023-03-23 08:06:27,988 [BlockDeletingService#2] INFO  interfaces.ContainerDeletionChoosingPolicyTemplate (ContainerDeletionChoosingPolicyTemplate.java:chooseContainerForBlockDeletion(83)) - Chosen 0/5000 blocks from 0 candidate containers.
2023-03-23 08:06:28,027 [SCMBlockDeletingService#0] DEBUG block.SCMBlockDeletingService (SCMBlockDeletingService.java:call(136)) - Running DeletedBlockTransactionScanner
2023-03-23 08:06:28,027 [SCMBlockDeletingService#0] DEBUG block.SCMBlockDeletingService (DatanodeDeletedBlockTransactions.java:addTransactionToDN(50)) - Transaction added: 0838c789-5be6-4b53-844e-73c82c080a18 <- TX(1)
2023-03-23 08:06:28,028 [SCMBlockDeletingService#0] DEBUG block.SCMBlockDeletingService (DatanodeDeletedBlockTransactions.java:addTransactionToDN(50)) - Transaction added: 2b202a02-6273-4262-ac40-cc676055620c <- TX(1)
2023-03-23 08:06:28,028 [SCMBlockDeletingService#0] DEBUG block.SCMBlockDeletingService (DatanodeDeletedBlockTransactions.java:addTransactionToDN(50)) - Transaction added: 9852ed25-ff4d-4e5e-8bb3-2709f3d2ddbb <- TX(1)
2023-03-23 08:06:28,028 [SCMBlockDeletingService#0] DEBUG block.SCMBlockDeletingService (DatanodeDeletedBlockTransactions.java:addTransactionToDN(50)) - Transaction added: 0838c789-5be6-4b53-844e-73c82c080a18 <- TX(2)
2023-03-23 08:06:28,028 [SCMBlockDeletingService#0] DEBUG block.SCMBlockDeletingService (DatanodeDeletedBlockTransactions.java:addTransactionToDN(50)) - Transaction added: 2b202a02-6273-4262-ac40-cc676055620c <- TX(2)
2023-03-23 08:06:28,028 [SCMBlockDeletingService#0] DEBUG block.SCMBlockDeletingService (DatanodeDeletedBlockTransactions.java:addTransactionToDN(50)) - Transaction added: 9852ed25-ff4d-4e5e-8bb3-2709f3d2ddbb <- TX(2)
2023-03-23 08:06:28,028 [SCMBlockDeletingService#0] DEBUG block.SCMBlockDeletingService (DatanodeDeletedBlockTransactions.java:addTransactionToDN(50)) - Transaction added: 2b202a02-6273-4262-ac40-cc676055620c <- TX(3)
2023-03-23 08:06:28,028 [SCMBlockDeletingService#0] DEBUG block.SCMBlockDeletingService (DatanodeDeletedBlockTransactions.java:addTransactionToDN(50)) - Transaction added: 0838c789-5be6-4b53-844e-73c82c080a18 <- TX(3)
2023-03-23 08:06:28,028 [SCMBlockDeletingService#0] DEBUG block.SCMBlockDeletingService (DatanodeDeletedBlockTransactions.java:addTransactionToDN(50)) - Transaction added: 9852ed25-ff4d-4e5e-8bb3-2709f3d2ddbb <- TX(3)
2023-03-23 08:06:28,028 [SCMBlockDeletingService#0] DEBUG block.SCMBlockDeletingService (DatanodeDeletedBlockTransactions.java:addTransactionToDN(50)) - Transaction added: 2b202a02-6273-4262-ac40-cc676055620c <- TX(4)
2023-03-23 08:06:28,028 [SCMBlockDeletingService#0] DEBUG block.SCMBlockDeletingService (DatanodeDeletedBlockTransactions.java:addTransactionToDN(50)) - Transaction added: 0838c789-5be6-4b53-844e-73c82c080a18 <- TX(4)
2023-03-23 08:06:28,028 [SCMBlockDeletingService#0] DEBUG block.SCMBlockDeletingService (DatanodeDeletedBlockTransactions.java:addTransactionToDN(50)) - Transaction added: 9852ed25-ff4d-4e5e-8bb3-2709f3d2ddbb <- TX(4)
2023-03-23 08:06:28,028 [SCMBlockDeletingService#0] DEBUG block.SCMBlockDeletingService (DatanodeDeletedBlockTransactions.java:addTransactionToDN(50)) - Transaction added: 9852ed25-ff4d-4e5e-8bb3-2709f3d2ddbb <- TX(5)
2023-03-23 08:06:28,028 [SCMBlockDeletingService#0] DEBUG block.SCMBlockDeletingService (DatanodeDeletedBlockTransactions.java:addTransactionToDN(50)) - Transaction added: 0838c789-5be6-4b53-844e-73c82c080a18 <- TX(5)
2023-03-23 08:06:28,028 [SCMBlockDeletingService#0] DEBUG block.SCMBlockDeletingService (DatanodeDeletedBlockTransactions.java:addTransactionToDN(50)) - Transaction added: 2b202a02-6273-4262-ac40-cc676055620c <- TX(5)
2023-03-23 08:06:28,028 [SCMBlockDeletingService#0] DEBUG block.SCMBlockDeletingService (DatanodeDeletedBlockTransactions.java:addTransactionToDN(50)) - Transaction added: 9852ed25-ff4d-4e5e-8bb3-2709f3d2ddbb <- TX(6)
2023-03-23 08:06:28,028 [SCMBlockDeletingService#0] DEBUG block.SCMBlockDeletingService (DatanodeDeletedBlockTransactions.java:addTransactionToDN(50)) - Transaction added: 0838c789-5be6-4b53-844e-73c82c080a18 <- TX(6)
2023-03-23 08:06:28,028 [SCMBlockDeletingService#0] DEBUG block.SCMBlockDeletingService (DatanodeDeletedBlockTransactions.java:addTransactionToDN(50)) - Transaction added: 2b202a02-6273-4262-ac40-cc676055620c <- TX(6)
2023-03-23 08:06:28,028 [SCMBlockDeletingService#0] DEBUG block.SCMBlockDeletingService (SCMBlockDeletingService.java:call(171)) - Added delete block command for datanode 0838c789-5be6-4b53-844e-73c82c080a18 in the queue, number of delete block transactions: 6
2023-03-23 08:06:28,029 [SCMBlockDeletingService#0] DEBUG block.SCMBlockDeletingService (SCMBlockDeletingService.java:call(171)) - Added delete block command for datanode 9852ed25-ff4d-4e5e-8bb3-2709f3d2ddbb in the queue, number of delete block transactions: 6
2023-03-23 08:06:28,029 [SCMBlockDeletingService#0] DEBUG block.SCMBlockDeletingService (SCMBlockDeletingService.java:call(171)) - Added delete block command for datanode 2b202a02-6273-4262-ac40-cc676055620c in the queue, number of delete block transactions: 6
2023-03-23 08:06:28,029 [SCMBlockDeletingService#0] INFO  block.SCMBlockDeletingService (SCMBlockDeletingService.java:call(180)) - Totally added 18 blocks to be deleted for 3 datanodes, task elapsed time: 2ms
2023-03-23 08:06:28,059 [BlockDeletingService#2] INFO  interfaces.ContainerDeletionChoosingPolicyTemplate (ContainerDeletionChoosingPolicyTemplate.java:chooseContainerForBlockDeletion(83)) - Chosen 0/5000 blocks from 0 candidate containers.
2023-03-23 08:06:28,069 [BlockDeletingService#2] INFO  interfaces.ContainerDeletionChoosingPolicyTemplate (ContainerDeletionChoosingPolicyTemplate.java:chooseContainerForBlockDeletion(83)) - Chosen 0/5000 blocks from 0 candidate containers.
2023-03-23 08:06:28,088 [BlockDeletingService#2] INFO  interfaces.ContainerDeletionChoosingPolicyTemplate (ContainerDeletionChoosingPolicyTemplate.java:chooseContainerForBlockDeletion(83)) - Chosen 0/5000 blocks from 0 candidate containers.
2023-03-23 08:06:28,127 [SCMBlockDeletingService#0] DEBUG block.SCMBlockDeletingService (SCMBlockDeletingService.java:call(136)) - Running DeletedBlockTransactionScanner
2023-03-23 08:06:28,160 [BlockDeletingService#2] INFO  interfaces.ContainerDeletionChoosingPolicyTemplate (ContainerDeletionChoosingPolicyTemplate.java:chooseContainerForBlockDeletion(83)) - Chosen 0/5000 blocks from 0 candidate containers.
2023-03-23 08:06:28,169 [BlockDeletingService#2] INFO  interfaces.ContainerDeletionChoosingPolicyTemplate (ContainerDeletionChoosingPolicyTemplate.java:chooseContainerForBlockDeletion(83)) - Chosen 0/5000 blocks from 0 candidate containers.
2023-03-23 08:06:28,189 [BlockDeletingService#2] INFO  interfaces.ContainerDeletionChoosingPolicyTemplate (ContainerDeletionChoosingPolicyTemplate.java:chooseContainerForBlockDeletion(83)) - Chosen 0/5000 blocks from 0 candidate containers.
2023-03-23 08:06:28,228 [SCMBlockDeletingService#0] DEBUG block.SCMBlockDeletingService (SCMBlockDeletingService.java:call(136)) - Running DeletedBlockTransactionScanner
2023-03-23 08:06:28,228 [SCMBlockDeletingService#0] DEBUG block.SCMBlockDeletingService (DatanodeDeletedBlockTransactions.java:addTransactionToDN(50)) - Transaction added: 0838c789-5be6-4b53-844e-73c82c080a18 <- TX(1)
2023-03-23 08:06:28,228 [SCMBlockDeletingService#0] DEBUG block.SCMBlockDeletingService (DatanodeDeletedBlockTransactions.java:addTransactionToDN(50)) - Transaction added: 2b202a02-6273-4262-ac40-cc676055620c <- TX(1)
2023-03-23 08:06:28,228 [SCMBlockDeletingService#0] DEBUG block.SCMBlockDeletingService (DatanodeDeletedBlockTransactions.java:addTransactionToDN(50)) - Transaction added: 9852ed25-ff4d-4e5e-8bb3-2709f3d2ddbb <- TX(1)
2023-03-23 08:06:28,228 [SCMBlockDeletingService#0] DEBUG block.SCMBlockDeletingService (DatanodeDeletedBlockTransactions.java:addTransactionToDN(50)) - Transaction added: 0838c789-5be6-4b53-844e-73c82c080a18 <- TX(2)
2023-03-23 08:06:28,229 [SCMBlockDeletingService#0] DEBUG block.SCMBlockDeletingService (DatanodeDeletedBlockTransactions.java:addTransactionToDN(50)) - Transaction added: 2b202a02-6273-4262-ac40-cc676055620c <- TX(2)
2023-03-23 08:06:28,229 [SCMBlockDeletingService#0] DEBUG block.SCMBlockDeletingService (DatanodeDeletedBlockTransactions.java:addTransactionToDN(50)) - Transaction added: 9852ed25-ff4d-4e5e-8bb3-2709f3d2ddbb <- TX(2)
2023-03-23 08:06:28,229 [SCMBlockDeletingService#0] DEBUG block.SCMBlockDeletingService (DatanodeDeletedBlockTransactions.java:addTransactionToDN(50)) - Transaction added: 2b202a02-6273-4262-ac40-cc676055620c <- TX(3)
2023-03-23 08:06:28,229 [SCMBlockDeletingService#0] DEBUG block.SCMBlockDeletingService (DatanodeDeletedBlockTransactions.java:addTransactionToDN(50)) - Transaction added: 0838c789-5be6-4b53-844e-73c82c080a18 <- TX(3)
2023-03-23 08:06:28,229 [SCMBlockDeletingService#0] DEBUG block.SCMBlockDeletingService (DatanodeDeletedBlockTransactions.java:addTransactionToDN(50)) - Transaction added: 9852ed25-ff4d-4e5e-8bb3-2709f3d2ddbb <- TX(3)
2023-03-23 08:06:28,229 [SCMBlockDeletingService#0] DEBUG block.SCMBlockDeletingService (DatanodeDeletedBlockTransactions.java:addTransactionToDN(50)) - Transaction added: 2b202a02-6273-4262-ac40-cc676055620c <- TX(4)
2023-03-23 08:06:28,229 [SCMBlockDeletingService#0] DEBUG block.SCMBlockDeletingService (DatanodeDeletedBlockTransactions.java:addTransactionToDN(50)) - Transaction added: 0838c789-5be6-4b53-844e-73c82c080a18 <- TX(4)
2023-03-23 08:06:28,229 [SCMBlockDeletingService#0] DEBUG block.SCMBlockDeletingService (DatanodeDeletedBlockTransactions.java:addTransactionToDN(50)) - Transaction added: 9852ed25-ff4d-4e5e-8bb3-2709f3d2ddbb <- TX(4)
2023-03-23 08:06:28,229 [SCMBlockDeletingService#0] DEBUG block.SCMBlockDeletingService (DatanodeDeletedBlockTransactions.java:addTransactionToDN(50)) - Transaction added: 9852ed25-ff4d-4e5e-8bb3-2709f3d2ddbb <- TX(5)
2023-03-23 08:06:28,229 [SCMBlockDeletingService#0] DEBUG block.SCMBlockDeletingService (DatanodeDeletedBlockTransactions.java:addTransactionToDN(50)) - Transaction added: 0838c789-5be6-4b53-844e-73c82c080a18 <- TX(5)
2023-03-23 08:06:28,229 [SCMBlockDeletingService#0] DEBUG block.SCMBlockDeletingService (DatanodeDeletedBlockTransactions.java:addTransactionToDN(50)) - Transaction added: 2b202a02-6273-4262-ac40-cc676055620c <- TX(5)
2023-03-23 08:06:28,230 [SCMBlockDeletingService#0] DEBUG block.SCMBlockDeletingService (DatanodeDeletedBlockTransactions.java:addTransactionToDN(50)) - Transaction added: 9852ed25-ff4d-4e5e-8bb3-2709f3d2ddbb <- TX(6)
2023-03-23 08:06:28,230 [SCMBlockDeletingService#0] DEBUG block.SCMBlockDeletingService (DatanodeDeletedBlockTransactions.java:addTransactionToDN(50)) - Transaction added: 0838c789-5be6-4b53-844e-73c82c080a18 <- TX(6)
2023-03-23 08:06:28,230 [SCMBlockDeletingService#0] DEBUG block.SCMBlockDeletingService (DatanodeDeletedBlockTransactions.java:addTransactionToDN(50)) - Transaction added: 2b202a02-6273-4262-ac40-cc676055620c <- TX(6)
2023-03-23 08:06:28,230 [SCMBlockDeletingService#0] DEBUG block.SCMBlockDeletingService (SCMBlockDeletingService.java:call(171)) - Added delete block command for datanode 0838c789-5be6-4b53-844e-73c82c080a18 in the queue, number of delete block transactions: 6
2023-03-23 08:06:28,230 [SCMBlockDeletingService#0] DEBUG block.SCMBlockDeletingService (SCMBlockDeletingService.java:call(171)) - Added delete block command for datanode 9852ed25-ff4d-4e5e-8bb3-2709f3d2ddbb in the queue, number of delete block transactions: 6
2023-03-23 08:06:28,230 [SCMBlockDeletingService#0] DEBUG block.SCMBlockDeletingService (SCMBlockDeletingService.java:call(171)) - Added delete block command for datanode 2b202a02-6273-4262-ac40-cc676055620c in the queue, number of delete block transactions: 6
2023-03-23 08:06:28,230 [SCMBlockDeletingService#0] INFO  block.SCMBlockDeletingService (SCMBlockDeletingService.java:call(180)) - Totally added 18 blocks to be deleted for 3 datanodes, task elapsed time: 2ms
2023-03-23 08:06:28,260 [BlockDeletingService#2] INFO  interfaces.ContainerDeletionChoosingPolicyTemplate (ContainerDeletionChoosingPolicyTemplate.java:chooseContainerForBlockDeletion(83)) - Chosen 0/5000 blocks from 0 candidate containers.
2023-03-23 08:06:28,270 [BlockDeletingService#2] INFO  interfaces.ContainerDeletionChoosingPolicyTemplate (ContainerDeletionChoosingPolicyTemplate.java:chooseContainerForBlockDeletion(83)) - Chosen 0/5000 blocks from 0 candidate containers.
2023-03-23 08:06:28,289 [BlockDeletingService#2] INFO  interfaces.ContainerDeletionChoosingPolicyTemplate (ContainerDeletionChoosingPolicyTemplate.java:chooseContainerForBlockDeletion(83)) - Chosen 0/5000 blocks from 0 candidate containers.
2023-03-23 08:06:28,328 [SCMBlockDeletingService#0] DEBUG block.SCMBlockDeletingService (SCMBlockDeletingService.java:call(136)) - Running DeletedBlockTransactionScanner
2023-03-23 08:06:28,360 [BlockDeletingService#2] INFO  interfaces.ContainerDeletionChoosingPolicyTemplate (ContainerDeletionChoosingPolicyTemplate.java:chooseContainerForBlockDeletion(83)) - Chosen 0/5000 blocks from 0 candidate containers.
2023-03-23 08:06:28,370 [BlockDeletingService#2] INFO  interfaces.ContainerDeletionChoosingPolicyTemplate (ContainerDeletionChoosingPolicyTemplate.java:chooseContainerForBlockDeletion(83)) - Chosen 0/5000 blocks from 0 candidate containers.
2023-03-23 08:06:28,389 [BlockDeletingService#2] INFO  interfaces.ContainerDeletionChoosingPolicyTemplate (ContainerDeletionChoosingPolicyTemplate.java:chooseContainerForBlockDeletion(83)) - Chosen 0/5000 blocks from 0 candidate containers.
2023-03-23 08:06:28,428 [SCMBlockDeletingService#0] DEBUG block.SCMBlockDeletingService (SCMBlockDeletingService.java:call(136)) - Running DeletedBlockTransactionScanner
2023-03-23 08:06:28,428 [SCMBlockDeletingService#0] DEBUG block.SCMBlockDeletingService (DatanodeDeletedBlockTransactions.java:addTransactionToDN(50)) - Transaction added: 0838c789-5be6-4b53-844e-73c82c080a18 <- TX(1)
2023-03-23 08:06:28,428 [SCMBlockDeletingService#0] DEBUG block.SCMBlockDeletingService (DatanodeDeletedBlockTransactions.java:addTransactionToDN(50)) - Transaction added: 2b202a02-6273-4262-ac40-cc676055620c <- TX(1)
2023-03-23 08:06:28,428 [SCMBlockDeletingService#0] DEBUG block.SCMBlockDeletingService (DatanodeDeletedBlockTransactions.java:addTransactionToDN(50)) - Transaction added: 9852ed25-ff4d-4e5e-8bb3-2709f3d2ddbb <- TX(1)
2023-03-23 08:06:28,428 [SCMBlockDeletingService#0] DEBUG block.SCMBlockDeletingService (DatanodeDeletedBlockTransactions.java:addTransactionToDN(50)) - Transaction added: 0838c789-5be6-4b53-844e-73c82c080a18 <- TX(2)
2023-03-23 08:06:28,428 [SCMBlockDeletingService#0] DEBUG block.SCMBlockDeletingService (DatanodeDeletedBlockTransactions.java:addTransactionToDN(50)) - Transaction added: 2b202a02-6273-4262-ac40-cc676055620c <- TX(2)
2023-03-23 08:06:28,428 [SCMBlockDeletingService#0] DEBUG block.SCMBlockDeletingService (DatanodeDeletedBlockTransactions.java:addTransactionToDN(50)) - Transaction added: 9852ed25-ff4d-4e5e-8bb3-2709f3d2ddbb <- TX(2)
2023-03-23 08:06:28,429 [SCMBlockDeletingService#0] DEBUG block.SCMBlockDeletingService (DatanodeDeletedBlockTransactions.java:addTransactionToDN(50)) - Transaction added: 2b202a02-6273-4262-ac40-cc676055620c <- TX(3)
2023-03-23 08:06:28,429 [SCMBlockDeletingService#0] DEBUG block.SCMBlockDeletingService (DatanodeDeletedBlockTransactions.java:addTransactionToDN(50)) - Transaction added: 0838c789-5be6-4b53-844e-73c82c080a18 <- TX(3)
2023-03-23 08:06:28,429 [SCMBlockDeletingService#0] DEBUG block.SCMBlockDeletingService (DatanodeDeletedBlockTransactions.java:addTransactionToDN(50)) - Transaction added: 9852ed25-ff4d-4e5e-8bb3-2709f3d2ddbb <- TX(3)
2023-03-23 08:06:28,429 [SCMBlockDeletingService#0] DEBUG block.SCMBlockDeletingService (DatanodeDeletedBlockTransactions.java:addTransactionToDN(50)) - Transaction added: 2b202a02-6273-4262-ac40-cc676055620c <- TX(4)
2023-03-23 08:06:28,429 [SCMBlockDeletingService#0] DEBUG block.SCMBlockDeletingService (DatanodeDeletedBlockTransactions.java:addTransactionToDN(50)) - Transaction added: 0838c789-5be6-4b53-844e-73c82c080a18 <- TX(4)
2023-03-23 08:06:28,429 [SCMBlockDeletingService#0] DEBUG block.SCMBlockDeletingService (DatanodeDeletedBlockTransactions.java:addTransactionToDN(50)) - Transaction added: 9852ed25-ff4d-4e5e-8bb3-2709f3d2ddbb <- TX(4)
2023-03-23 08:06:28,431 [SCMBlockDeletingService#0] DEBUG block.SCMBlockDeletingService (DatanodeDeletedBlockTransactions.java:addTransactionToDN(50)) - Transaction added: 9852ed25-ff4d-4e5e-8bb3-2709f3d2ddbb <- TX(5)
2023-03-23 08:06:28,431 [SCMBlockDeletingService#0] DEBUG block.SCMBlockDeletingService (DatanodeDeletedBlockTransactions.java:addTransactionToDN(50)) - Transaction added: 0838c789-5be6-4b53-844e-73c82c080a18 <- TX(5)
2023-03-23 08:06:28,431 [SCMBlockDeletingService#0] DEBUG block.SCMBlockDeletingService (DatanodeDeletedBlockTransactions.java:addTransactionToDN(50)) - Transaction added: 2b202a02-6273-4262-ac40-cc676055620c <- TX(5)
2023-03-23 08:06:28,431 [SCMBlockDeletingService#0] DEBUG block.SCMBlockDeletingService (DatanodeDeletedBlockTransactions.java:addTransactionToDN(50)) - Transaction added: 9852ed25-ff4d-4e5e-8bb3-2709f3d2ddbb <- TX(6)
2023-03-23 08:06:28,431 [SCMBlockDeletingService#0] DEBUG block.SCMBlockDeletingService (DatanodeDeletedBlockTransactions.java:addTransactionToDN(50)) - Transaction added: 0838c789-5be6-4b53-844e-73c82c080a18 <- TX(6)
2023-03-23 08:06:28,431 [SCMBlockDeletingService#0] DEBUG block.SCMBlockDeletingService (DatanodeDeletedBlockTransactions.java:addTransactionToDN(50)) - Transaction added: 2b202a02-6273-4262-ac40-cc676055620c <- TX(6)
2023-03-23 08:06:28,432 [SCMBlockDeletingService#0] DEBUG block.SCMBlockDeletingService (SCMBlockDeletingService.java:call(171)) - Added delete block command for datanode 0838c789-5be6-4b53-844e-73c82c080a18 in the queue, number of delete block transactions: 6
2023-03-23 08:06:28,432 [SCMBlockDeletingService#0] DEBUG block.SCMBlockDeletingService (SCMBlockDeletingService.java:call(171)) - Added delete block command for datanode 9852ed25-ff4d-4e5e-8bb3-2709f3d2ddbb in the queue, number of delete block transactions: 6
2023-03-23 08:06:28,432 [SCMBlockDeletingService#0] DEBUG block.SCMBlockDeletingService (SCMBlockDeletingService.java:call(171)) - Added delete block command for datanode 2b202a02-6273-4262-ac40-cc676055620c in the queue, number of delete block transactions: 6
2023-03-23 08:06:28,432 [SCMBlockDeletingService#0] INFO  block.SCMBlockDeletingService (SCMBlockDeletingService.java:call(180)) - Totally added 18 blocks to be deleted for 3 datanodes, task elapsed time: 4ms
2023-03-23 08:06:28,460 [BlockDeletingService#2] INFO  interfaces.ContainerDeletionChoosingPolicyTemplate (ContainerDeletionChoosingPolicyTemplate.java:chooseContainerForBlockDeletion(83)) - Chosen 0/5000 blocks from 0 candidate containers.
2023-03-23 08:06:28,470 [BlockDeletingService#2] INFO  interfaces.ContainerDeletionChoosingPolicyTemplate (ContainerDeletionChoosingPolicyTemplate.java:chooseContainerForBlockDeletion(83)) - Chosen 0/5000 blocks from 0 candidate containers.
2023-03-23 08:06:28,489 [BlockDeletingService#2] INFO  interfaces.ContainerDeletionChoosingPolicyTemplate (ContainerDeletionChoosingPolicyTemplate.java:chooseContainerForBlockDeletion(83)) - Chosen 0/5000 blocks from 0 candidate containers.
2023-03-23 08:06:28,528 [SCMBlockDeletingService#0] DEBUG block.SCMBlockDeletingService (SCMBlockDeletingService.java:call(136)) - Running DeletedBlockTransactionScanner
2023-03-23 08:06:28,561 [BlockDeletingService#2] INFO  interfaces.ContainerDeletionChoosingPolicyTemplate (ContainerDeletionChoosingPolicyTemplate.java:chooseContainerForBlockDeletion(83)) - Chosen 0/5000 blocks from 0 candidate containers.
2023-03-23 08:06:28,570 [BlockDeletingService#2] INFO  interfaces.ContainerDeletionChoosingPolicyTemplate (ContainerDeletionChoosingPolicyTemplate.java:chooseContainerForBlockDeletion(83)) - Chosen 0/5000 blocks from 0 candidate containers.
2023-03-23 08:06:28,589 [BlockDeletingService#2] INFO  interfaces.ContainerDeletionChoosingPolicyTemplate (ContainerDeletionChoosingPolicyTemplate.java:chooseContainerForBlockDeletion(83)) - Chosen 0/5000 blocks from 0 candidate containers.
2023-03-23 08:06:28,628 [SCMBlockDeletingService#0] DEBUG block.SCMBlockDeletingService (SCMBlockDeletingService.java:call(136)) - Running DeletedBlockTransactionScanner
2023-03-23 08:06:28,628 [SCMBlockDeletingService#0] DEBUG block.SCMBlockDeletingService (DatanodeDeletedBlockTransactions.java:addTransactionToDN(50)) - Transaction added: 0838c789-5be6-4b53-844e-73c82c080a18 <- TX(1)
2023-03-23 08:06:28,628 [SCMBlockDeletingService#0] DEBUG block.SCMBlockDeletingService (DatanodeDeletedBlockTransactions.java:addTransactionToDN(50)) - Transaction added: 2b202a02-6273-4262-ac40-cc676055620c <- TX(1)
2023-03-23 08:06:28,628 [SCMBlockDeletingService#0] DEBUG block.SCMBlockDeletingService (DatanodeDeletedBlockTransactions.java:addTransactionToDN(50)) - Transaction added: 9852ed25-ff4d-4e5e-8bb3-2709f3d2ddbb <- TX(1)
2023-03-23 08:06:28,629 [SCMBlockDeletingService#0] DEBUG block.SCMBlockDeletingService (DatanodeDeletedBlockTransactions.java:addTransactionToDN(50)) - Transaction added: 0838c789-5be6-4b53-844e-73c82c080a18 <- TX(2)
2023-03-23 08:06:28,629 [SCMBlockDeletingService#0] DEBUG block.SCMBlockDeletingService (DatanodeDeletedBlockTransactions.java:addTransactionToDN(50)) - Transaction added: 2b202a02-6273-4262-ac40-cc676055620c <- TX(2)
2023-03-23 08:06:28,629 [SCMBlockDeletingService#0] DEBUG block.SCMBlockDeletingService (DatanodeDeletedBlockTransactions.java:addTransactionToDN(50)) - Transaction added: 9852ed25-ff4d-4e5e-8bb3-2709f3d2ddbb <- TX(2)
2023-03-23 08:06:28,629 [SCMBlockDeletingService#0] DEBUG block.SCMBlockDeletingService (DatanodeDeletedBlockTransactions.java:addTransactionToDN(50)) - Transaction added: 2b202a02-6273-4262-ac40-cc676055620c <- TX(3)
2023-03-23 08:06:28,629 [SCMBlockDeletingService#0] DEBUG block.SCMBlockDeletingService (DatanodeDeletedBlockTransactions.java:addTransactionToDN(50)) - Transaction added: 0838c789-5be6-4b53-844e-73c82c080a18 <- TX(3)
2023-03-23 08:06:28,629 [SCMBlockDeletingService#0] DEBUG block.SCMBlockDeletingService (DatanodeDeletedBlockTransactions.java:addTransactionToDN(50)) - Transaction added: 9852ed25-ff4d-4e5e-8bb3-2709f3d2ddbb <- TX(3)
2023-03-23 08:06:28,629 [SCMBlockDeletingService#0] DEBUG block.SCMBlockDeletingService (DatanodeDeletedBlockTransactions.java:addTransactionToDN(50)) - Transaction added: 2b202a02-6273-4262-ac40-cc676055620c <- TX(4)
2023-03-23 08:06:28,629 [SCMBlockDeletingService#0] DEBUG block.SCMBlockDeletingService (DatanodeDeletedBlockTransactions.java:addTransactionToDN(50)) - Transaction added: 0838c789-5be6-4b53-844e-73c82c080a18 <- TX(4)
2023-03-23 08:06:28,629 [SCMBlockDeletingService#0] DEBUG block.SCMBlockDeletingService (DatanodeDeletedBlockTransactions.java:addTransactionToDN(50)) - Transaction added: 9852ed25-ff4d-4e5e-8bb3-2709f3d2ddbb <- TX(4)
2023-03-23 08:06:28,629 [SCMBlockDeletingService#0] DEBUG block.SCMBlockDeletingService (DatanodeDeletedBlockTransactions.java:addTransactionToDN(50)) - Transaction added: 9852ed25-ff4d-4e5e-8bb3-2709f3d2ddbb <- TX(5)
2023-03-23 08:06:28,629 [SCMBlockDeletingService#0] DEBUG block.SCMBlockDeletingService (DatanodeDeletedBlockTransactions.java:addTransactionToDN(50)) - Transaction added: 0838c789-5be6-4b53-844e-73c82c080a18 <- TX(5)
2023-03-23 08:06:28,629 [SCMBlockDeletingService#0] DEBUG block.SCMBlockDeletingService (DatanodeDeletedBlockTransactions.java:addTransactionToDN(50)) - Transaction added: 2b202a02-6273-4262-ac40-cc676055620c <- TX(5)
2023-03-23 08:06:28,629 [SCMBlockDeletingService#0] DEBUG block.SCMBlockDeletingService (DatanodeDeletedBlockTransactions.java:addTransactionToDN(50)) - Transaction added: 9852ed25-ff4d-4e5e-8bb3-2709f3d2ddbb <- TX(6)
2023-03-23 08:06:28,629 [SCMBlockDeletingService#0] DEBUG block.SCMBlockDeletingService (DatanodeDeletedBlockTransactions.java:addTransactionToDN(50)) - Transaction added: 0838c789-5be6-4b53-844e-73c82c080a18 <- TX(6)
2023-03-23 08:06:28,629 [SCMBlockDeletingService#0] DEBUG block.SCMBlockDeletingService (DatanodeDeletedBlockTransactions.java:addTransactionToDN(50)) - Transaction added: 2b202a02-6273-4262-ac40-cc676055620c <- TX(6)
2023-03-23 08:06:28,629 [SCMBlockDeletingService#0] DEBUG block.SCMBlockDeletingService (SCMBlockDeletingService.java:call(171)) - Added delete block command for datanode 0838c789-5be6-4b53-844e-73c82c080a18 in the queue, number of delete block transactions: 6
2023-03-23 08:06:28,629 [SCMBlockDeletingService#0] DEBUG block.SCMBlockDeletingService (SCMBlockDeletingService.java:call(171)) - Added delete block command for datanode 9852ed25-ff4d-4e5e-8bb3-2709f3d2ddbb in the queue, number of delete block transactions: 6
2023-03-23 08:06:28,630 [SCMBlockDeletingService#0] DEBUG block.SCMBlockDeletingService (SCMBlockDeletingService.java:call(171)) - Added delete block command for datanode 2b202a02-6273-4262-ac40-cc676055620c in the queue, number of delete block transactions: 6
2023-03-23 08:06:28,630 [SCMBlockDeletingService#0] INFO  block.SCMBlockDeletingService (SCMBlockDeletingService.java:call(180)) - Totally added 18 blocks to be deleted for 3 datanodes, task elapsed time: 2ms
2023-03-23 08:06:28,661 [BlockDeletingService#2] INFO  interfaces.ContainerDeletionChoosingPolicyTemplate (ContainerDeletionChoosingPolicyTemplate.java:chooseContainerForBlockDeletion(83)) - Chosen 0/5000 blocks from 0 candidate containers.
2023-03-23 08:06:28,670 [BlockDeletingService#2] INFO  interfaces.ContainerDeletionChoosingPolicyTemplate (ContainerDeletionChoosingPolicyTemplate.java:chooseContainerForBlockDeletion(83)) - Chosen 0/5000 blocks from 0 candidate containers.
2023-03-23 08:06:28,690 [BlockDeletingService#2] INFO  interfaces.ContainerDeletionChoosingPolicyTemplate (ContainerDeletionChoosingPolicyTemplate.java:chooseContainerForBlockDeletion(83)) - Chosen 0/5000 blocks from 0 candidate containers.
2023-03-23 08:06:28,728 [SCMBlockDeletingService#0] DEBUG block.SCMBlockDeletingService (SCMBlockDeletingService.java:call(136)) - Running DeletedBlockTransactionScanner
2023-03-23 08:06:28,761 [BlockDeletingService#2] INFO  interfaces.ContainerDeletionChoosingPolicyTemplate (ContainerDeletionChoosingPolicyTemplate.java:chooseContainerForBlockDeletion(83)) - Chosen 0/5000 blocks from 0 candidate containers.
2023-03-23 08:06:28,771 [BlockDeletingService#2] INFO  interfaces.ContainerDeletionChoosingPolicyTemplate (ContainerDeletionChoosingPolicyTemplate.java:chooseContainerForBlockDeletion(83)) - Chosen 0/5000 blocks from 0 candidate containers.
2023-03-23 08:06:28,790 [BlockDeletingService#2] INFO  interfaces.ContainerDeletionChoosingPolicyTemplate (ContainerDeletionChoosingPolicyTemplate.java:chooseContainerForBlockDeletion(83)) - Chosen 0/5000 blocks from 0 candidate containers.
2023-03-23 08:06:28,828 [SCMBlockDeletingService#0] DEBUG block.SCMBlockDeletingService (SCMBlockDeletingService.java:call(136)) - Running DeletedBlockTransactionScanner
2023-03-23 08:06:28,828 [SCMBlockDeletingService#0] DEBUG block.SCMBlockDeletingService (DatanodeDeletedBlockTransactions.java:addTransactionToDN(50)) - Transaction added: 0838c789-5be6-4b53-844e-73c82c080a18 <- TX(1)
2023-03-23 08:06:28,829 [SCMBlockDeletingService#0] DEBUG block.SCMBlockDeletingService (DatanodeDeletedBlockTransactions.java:addTransactionToDN(50)) - Transaction added: 2b202a02-6273-4262-ac40-cc676055620c <- TX(1)
2023-03-23 08:06:28,829 [SCMBlockDeletingService#0] DEBUG block.SCMBlockDeletingService (DatanodeDeletedBlockTransactions.java:addTransactionToDN(50)) - Transaction added: 9852ed25-ff4d-4e5e-8bb3-2709f3d2ddbb <- TX(1)
2023-03-23 08:06:28,829 [SCMBlockDeletingService#0] DEBUG block.SCMBlockDeletingService (DatanodeDeletedBlockTransactions.java:addTransactionToDN(50)) - Transaction added: 0838c789-5be6-4b53-844e-73c82c080a18 <- TX(2)
2023-03-23 08:06:28,829 [SCMBlockDeletingService#0] DEBUG block.SCMBlockDeletingService (DatanodeDeletedBlockTransactions.java:addTransactionToDN(50)) - Transaction added: 2b202a02-6273-4262-ac40-cc676055620c <- TX(2)
2023-03-23 08:06:28,829 [SCMBlockDeletingService#0] DEBUG block.SCMBlockDeletingService (DatanodeDeletedBlockTransactions.java:addTransactionToDN(50)) - Transaction added: 9852ed25-ff4d-4e5e-8bb3-2709f3d2ddbb <- TX(2)
2023-03-23 08:06:28,829 [SCMBlockDeletingService#0] DEBUG block.SCMBlockDeletingService (DatanodeDeletedBlockTransactions.java:addTransactionToDN(50)) - Transaction added: 2b202a02-6273-4262-ac40-cc676055620c <- TX(3)
2023-03-23 08:06:28,829 [SCMBlockDeletingService#0] DEBUG block.SCMBlockDeletingService (DatanodeDeletedBlockTransactions.java:addTransactionToDN(50)) - Transaction added: 0838c789-5be6-4b53-844e-73c82c080a18 <- TX(3)
2023-03-23 08:06:28,829 [SCMBlockDeletingService#0] DEBUG block.SCMBlockDeletingService (DatanodeDeletedBlockTransactions.java:addTransactionToDN(50)) - Transaction added: 9852ed25-ff4d-4e5e-8bb3-2709f3d2ddbb <- TX(3)
2023-03-23 08:06:28,829 [SCMBlockDeletingService#0] DEBUG block.SCMBlockDeletingService (DatanodeDeletedBlockTransactions.java:addTransactionToDN(50)) - Transaction added: 2b202a02-6273-4262-ac40-cc676055620c <- TX(4)
2023-03-23 08:06:28,829 [SCMBlockDeletingService#0] DEBUG block.SCMBlockDeletingService (DatanodeDeletedBlockTransactions.java:addTransactionToDN(50)) - Transaction added: 0838c789-5be6-4b53-844e-73c82c080a18 <- TX(4)
2023-03-23 08:06:28,829 [SCMBlockDeletingService#0] DEBUG block.SCMBlockDeletingService (DatanodeDeletedBlockTransactions.java:addTransactionToDN(50)) - Transaction added: 9852ed25-ff4d-4e5e-8bb3-2709f3d2ddbb <- TX(4)
2023-03-23 08:06:28,829 [SCMBlockDeletingService#0] DEBUG block.SCMBlockDeletingService (DatanodeDeletedBlockTransactions.java:addTransactionToDN(50)) - Transaction added: 9852ed25-ff4d-4e5e-8bb3-2709f3d2ddbb <- TX(5)
2023-03-23 08:06:28,829 [SCMBlockDeletingService#0] DEBUG block.SCMBlockDeletingService (DatanodeDeletedBlockTransactions.java:addTransactionToDN(50)) - Transaction added: 0838c789-5be6-4b53-844e-73c82c080a18 <- TX(5)
2023-03-23 08:06:28,829 [SCMBlockDeletingService#0] DEBUG block.SCMBlockDeletingService (DatanodeDeletedBlockTransactions.java:addTransactionToDN(50)) - Transaction added: 2b202a02-6273-4262-ac40-cc676055620c <- TX(5)
2023-03-23 08:06:28,829 [SCMBlockDeletingService#0] DEBUG block.SCMBlockDeletingService (DatanodeDeletedBlockTransactions.java:addTransactionToDN(50)) - Transaction added: 9852ed25-ff4d-4e5e-8bb3-2709f3d2ddbb <- TX(6)
2023-03-23 08:06:28,829 [SCMBlockDeletingService#0] DEBUG block.SCMBlockDeletingService (DatanodeDeletedBlockTransactions.java:addTransactionToDN(50)) - Transaction added: 0838c789-5be6-4b53-844e-73c82c080a18 <- TX(6)
2023-03-23 08:06:28,829 [SCMBlockDeletingService#0] DEBUG block.SCMBlockDeletingService (DatanodeDeletedBlockTransactions.java:addTransactionToDN(50)) - Transaction added: 2b202a02-6273-4262-ac40-cc676055620c <- TX(6)
2023-03-23 08:06:28,829 [SCMBlockDeletingService#0] DEBUG block.SCMBlockDeletingService (SCMBlockDeletingService.java:call(171)) - Added delete block command for datanode 0838c789-5be6-4b53-844e-73c82c080a18 in the queue, number of delete block transactions: 6
2023-03-23 08:06:28,830 [SCMBlockDeletingService#0] DEBUG block.SCMBlockDeletingService (SCMBlockDeletingService.java:call(171)) - Added delete block command for datanode 9852ed25-ff4d-4e5e-8bb3-2709f3d2ddbb in the queue, number of delete block transactions: 6
2023-03-23 08:06:28,830 [SCMBlockDeletingService#0] DEBUG block.SCMBlockDeletingService (SCMBlockDeletingService.java:call(171)) - Added delete block command for datanode 2b202a02-6273-4262-ac40-cc676055620c in the queue, number of delete block transactions: 6
2023-03-23 08:06:28,830 [SCMBlockDeletingService#0] INFO  block.SCMBlockDeletingService (SCMBlockDeletingService.java:call(180)) - Totally added 18 blocks to be deleted for 3 datanodes, task elapsed time: 2ms
2023-03-23 08:06:28,846 [Listener at 127.0.0.1/46681] WARN  commandhandler.TestBlockDeletion (TestBlockDeletion.java:lambda$testBlockDeletion$4(260)) - Verify blocks deletion failed
org.opentest4j.AssertionFailedError: expected: <null> but was: <[blockId=conID: 1 locID: 111677748019200001 bcsId: 17, size=4194304]>
	at org.junit.jupiter.api.AssertionUtils.fail(AssertionUtils.java:55)
	at org.junit.jupiter.api.AssertNull.failNotNull(AssertNull.java:54)
	at org.junit.jupiter.api.AssertNull.assertNull(AssertNull.java:38)
	at org.junit.jupiter.api.AssertNull.assertNull(AssertNull.java:33)
	at org.junit.jupiter.api.Assertions.assertNull(Assertions.java:275)
	at org.apache.hadoop.ozone.container.common.statemachine.commandhandler.TestBlockDeletion.lambda$verifyBlocksDeleted$17(TestBlockDeletion.java:478)
	at org.apache.hadoop.ozone.OzoneTestUtils.performOperationOnKeyContainers(OzoneTestUtils.java:140)
	at org.apache.hadoop.ozone.container.common.statemachine.commandhandler.TestBlockDeletion.verifyBlocksDeleted(TestBlockDeletion.java:468)
	at org.apache.hadoop.ozone.container.common.statemachine.commandhandler.TestBlockDeletion.lambda$testBlockDeletion$4(TestBlockDeletion.java:257)
	at org.apache.ozone.test.GenericTestUtils.waitFor(GenericTestUtils.java:221)
	at org.apache.hadoop.ozone.container.common.statemachine.commandhandler.TestBlockDeletion.testBlockDeletion(TestBlockDeletion.java:255)
	at sun.reflect.NativeMethodAccessorImpl.invoke0(Native Method)
	at sun.reflect.NativeMethodAccessorImpl.invoke(NativeMethodAccessorImpl.java:62)
	at sun.reflect.DelegatingMethodAccessorImpl.invoke(DelegatingMethodAccessorImpl.java:43)
	at java.lang.reflect.Method.invoke(Method.java:498)
	at org.junit.platform.commons.util.ReflectionUtils.invokeMethod(ReflectionUtils.java:725)
	at org.junit.jupiter.engine.execution.MethodInvocation.proceed(MethodInvocation.java:60)
	at org.junit.jupiter.engine.execution.InvocationInterceptorChain$ValidatingInvocation.proceed(InvocationInterceptorChain.java:131)
	at org.junit.jupiter.engine.extension.TimeoutExtension.intercept(TimeoutExtension.java:149)
	at org.junit.jupiter.engine.extension.TimeoutExtension.interceptTestableMethod(TimeoutExtension.java:140)
	at org.junit.jupiter.engine.extension.TimeoutExtension.interceptTestTemplateMethod(TimeoutExtension.java:92)
	at org.junit.jupiter.engine.execution.ExecutableInvoker$ReflectiveInterceptorCall.lambda$ofVoidMethod$0(ExecutableInvoker.java:115)
	at org.junit.jupiter.engine.execution.ExecutableInvoker.lambda$invoke$0(ExecutableInvoker.java:105)
	at org.junit.jupiter.engine.execution.InvocationInterceptorChain$InterceptedInvocation.proceed(InvocationInterceptorChain.java:106)
	at org.junit.jupiter.engine.execution.InvocationInterceptorChain.proceed(InvocationInterceptorChain.java:64)
	at org.junit.jupiter.engine.execution.InvocationInterceptorChain.chainAndInvoke(InvocationInterceptorChain.java:45)
	at org.junit.jupiter.engine.execution.InvocationInterceptorChain.invoke(InvocationInterceptorChain.java:37)
	at org.junit.jupiter.engine.execution.ExecutableInvoker.invoke(ExecutableInvoker.java:104)
	at org.junit.jupiter.engine.execution.ExecutableInvoker.invoke(ExecutableInvoker.java:98)
	at org.junit.jupiter.engine.descriptor.TestMethodTestDescriptor.lambda$invokeTestMethod$7(TestMethodTestDescriptor.java:214)
	at org.junit.platform.engine.support.hierarchical.ThrowableCollector.execute(ThrowableCollector.java:73)
	at org.junit.jupiter.engine.descriptor.TestMethodTestDescriptor.invokeTestMethod(TestMethodTestDescriptor.java:210)
	at org.junit.jupiter.engine.descriptor.TestMethodTestDescriptor.execute(TestMethodTestDescriptor.java:135)
	at org.junit.jupiter.engine.descriptor.TestMethodTestDescriptor.execute(TestMethodTestDescriptor.java:66)
	at org.junit.platform.engine.support.hierarchical.NodeTestTask.lambda$executeRecursively$6(NodeTestTask.java:151)
	at org.junit.platform.engine.support.hierarchical.ThrowableCollector.execute(ThrowableCollector.java:73)
	at org.junit.platform.engine.support.hierarchical.NodeTestTask.lambda$executeRecursively$8(NodeTestTask.java:141)
	at org.junit.platform.engine.support.hierarchical.Node.around(Node.java:137)
	at org.junit.platform.engine.support.hierarchical.NodeTestTask.lambda$executeRecursively$9(NodeTestTask.java:139)
	at org.junit.platform.engine.support.hierarchical.ThrowableCollector.execute(ThrowableCollector.java:73)
	at org.junit.platform.engine.support.hierarchical.NodeTestTask.executeRecursively(NodeTestTask.java:138)
	at org.junit.platform.engine.support.hierarchical.NodeTestTask.execute(NodeTestTask.java:95)
	at org.junit.platform.engine.support.hierarchical.SameThreadHierarchicalTestExecutorService.submit(SameThreadHierarchicalTestExecutorService.java:35)
	at org.junit.platform.engine.support.hierarchical.NodeTestTask$DefaultDynamicTestExecutor.execute(NodeTestTask.java:226)
	at org.junit.platform.engine.support.hierarchical.NodeTestTask$DefaultDynamicTestExecutor.execute(NodeTestTask.java:204)
	at org.junit.jupiter.engine.descriptor.TestTemplateTestDescriptor.execute(TestTemplateTestDescriptor.java:139)
	at org.junit.jupiter.engine.descriptor.TestTemplateTestDescriptor.lambda$execute$2(TestTemplateTestDescriptor.java:107)
	at java.util.stream.ForEachOps$ForEachOp$OfRef.accept(ForEachOps.java:183)
	at java.util.stream.ReferencePipeline$3$1.accept(ReferencePipeline.java:193)
	at java.util.stream.ReferencePipeline$2$1.accept(ReferencePipeline.java:175)
	at java.util.stream.ReferencePipeline$3$1.accept(ReferencePipeline.java:193)
	at java.util.stream.ForEachOps$ForEachOp$OfRef.accept(ForEachOps.java:183)
	at java.util.stream.ReferencePipeline$3$1.accept(ReferencePipeline.java:193)
	at java.util.stream.ReferencePipeline$3$1.accept(ReferencePipeline.java:193)
	at java.util.stream.ReferencePipeline$3$1.accept(ReferencePipeline.java:193)
	at java.util.stream.ForEachOps$ForEachOp$OfRef.accept(ForEachOps.java:183)
	at java.util.stream.ReferencePipeline$3$1.accept(ReferencePipeline.java:193)
	at java.util.Spliterators$ArraySpliterator.forEachRemaining(Spliterators.java:948)
	at java.util.stream.ReferencePipeline$Head.forEach(ReferencePipeline.java:647)
	at java.util.stream.ReferencePipeline$7$1.accept(ReferencePipeline.java:272)
	at java.util.stream.ReferencePipeline$3$1.accept(ReferencePipeline.java:193)
	at java.util.stream.ReferencePipeline$3$1.accept(ReferencePipeline.java:193)
	at java.util.Spliterators$ArraySpliterator.forEachRemaining(Spliterators.java:948)
	at java.util.stream.AbstractPipeline.copyInto(AbstractPipeline.java:482)
	at java.util.stream.AbstractPipeline.wrapAndCopyInto(AbstractPipeline.java:472)
	at java.util.stream.ForEachOps$ForEachOp.evaluateSequential(ForEachOps.java:150)
	at java.util.stream.ForEachOps$ForEachOp$OfRef.evaluateSequential(ForEachOps.java:173)
	at java.util.stream.AbstractPipeline.evaluate(AbstractPipeline.java:234)
	at java.util.stream.ReferencePipeline.forEach(ReferencePipeline.java:485)
	at java.util.stream.ReferencePipeline$7$1.accept(ReferencePipeline.java:272)
	at java.util.stream.ReferencePipeline$3$1.accept(ReferencePipeline.java:193)
	at java.util.stream.ReferencePipeline$3$1.accept(ReferencePipeline.java:193)
	at java.util.stream.ReferencePipeline$3$1.accept(ReferencePipeline.java:193)
	at java.util.ArrayList$ArrayListSpliterator.forEachRemaining(ArrayList.java:1384)
	at java.util.stream.AbstractPipeline.copyInto(AbstractPipeline.java:482)
	at java.util.stream.AbstractPipeline.wrapAndCopyInto(AbstractPipeline.java:472)
	at java.util.stream.ForEachOps$ForEachOp.evaluateSequential(ForEachOps.java:150)
	at java.util.stream.ForEachOps$ForEachOp$OfRef.evaluateSequential(ForEachOps.java:173)
	at java.util.stream.AbstractPipeline.evaluate(AbstractPipeline.java:234)
	at java.util.stream.ReferencePipeline.forEach(ReferencePipeline.java:485)
	at java.util.stream.ReferencePipeline$7$1.accept(ReferencePipeline.java:272)
	at java.util.ArrayList$ArrayListSpliterator.forEachRemaining(ArrayList.java:1384)
	at java.util.stream.AbstractPipeline.copyInto(AbstractPipeline.java:482)
	at java.util.stream.AbstractPipeline.wrapAndCopyInto(AbstractPipeline.java:472)
	at java.util.stream.ForEachOps$ForEachOp.evaluateSequential(ForEachOps.java:150)
	at java.util.stream.ForEachOps$ForEachOp$OfRef.evaluateSequential(ForEachOps.java:173)
	at java.util.stream.AbstractPipeline.evaluate(AbstractPipeline.java:234)
	at java.util.stream.ReferencePipeline.forEach(ReferencePipeline.java:485)
	at org.junit.jupiter.engine.descriptor.TestTemplateTestDescriptor.execute(TestTemplateTestDescriptor.java:107)
	at org.junit.jupiter.engine.descriptor.TestTemplateTestDescriptor.execute(TestTemplateTestDescriptor.java:42)
	at org.junit.platform.engine.support.hierarchical.NodeTestTask.lambda$executeRecursively$6(NodeTestTask.java:151)
	at org.junit.platform.engine.support.hierarchical.ThrowableCollector.execute(ThrowableCollector.java:73)
	at org.junit.platform.engine.support.hierarchical.NodeTestTask.lambda$executeRecursively$8(NodeTestTask.java:141)
	at org.junit.platform.engine.support.hierarchical.Node.around(Node.java:137)
	at org.junit.platform.engine.support.hierarchical.NodeTestTask.lambda$executeRecursively$9(NodeTestTask.java:139)
	at org.junit.platform.engine.support.hierarchical.ThrowableCollector.execute(ThrowableCollector.java:73)
	at org.junit.platform.engine.support.hierarchical.NodeTestTask.executeRecursively(NodeTestTask.java:138)
	at org.junit.platform.engine.support.hierarchical.NodeTestTask.execute(NodeTestTask.java:95)
	at java.util.ArrayList.forEach(ArrayList.java:1259)
	at org.junit.platform.engine.support.hierarchical.SameThreadHierarchicalTestExecutorService.invokeAll(SameThreadHierarchicalTestExecutorService.java:41)
	at org.junit.platform.engine.support.hierarchical.NodeTestTask.lambda$executeRecursively$6(NodeTestTask.java:155)
	at org.junit.platform.engine.support.hierarchical.ThrowableCollector.execute(ThrowableCollector.java:73)
	at org.junit.platform.engine.support.hierarchical.NodeTestTask.lambda$executeRecursively$8(NodeTestTask.java:141)
	at org.junit.platform.engine.support.hierarchical.Node.around(Node.java:137)
	at org.junit.platform.engine.support.hierarchical.NodeTestTask.lambda$executeRecursively$9(NodeTestTask.java:139)
	at org.junit.platform.engine.support.hierarchical.ThrowableCollector.execute(ThrowableCollector.java:73)
	at org.junit.platform.engine.support.hierarchical.NodeTestTask.executeRecursively(NodeTestTask.java:138)
	at org.junit.platform.engine.support.hierarchical.NodeTestTask.execute(NodeTestTask.java:95)
	at java.util.ArrayList.forEach(ArrayList.java:1259)
	at org.junit.platform.engine.support.hierarchical.SameThreadHierarchicalTestExecutorService.invokeAll(SameThreadHierarchicalTestExecutorService.java:41)
	at org.junit.platform.engine.support.hierarchical.NodeTestTask.lambda$executeRecursively$6(NodeTestTask.java:155)
	at org.junit.platform.engine.support.hierarchical.ThrowableCollector.execute(ThrowableCollector.java:73)
	at org.junit.platform.engine.support.hierarchical.NodeTestTask.lambda$executeRecursively$8(NodeTestTask.java:141)
	at org.junit.platform.engine.support.hierarchical.Node.around(Node.java:137)
	at org.junit.platform.engine.support.hierarchical.NodeTestTask.lambda$executeRecursively$9(NodeTestTask.java:139)
	at org.junit.platform.engine.support.hierarchical.ThrowableCollector.execute(ThrowableCollector.java:73)
	at org.junit.platform.engine.support.hierarchical.NodeTestTask.executeRecursively(NodeTestTask.java:138)
	at org.junit.platform.engine.support.hierarchical.NodeTestTask.execute(NodeTestTask.java:95)
	at org.junit.platform.engine.support.hierarchical.SameThreadHierarchicalTestExecutorService.submit(SameThreadHierarchicalTestExecutorService.java:35)
	at org.junit.platform.engine.support.hierarchical.HierarchicalTestExecutor.execute(HierarchicalTestExecutor.java:57)
	at org.junit.platform.engine.support.hierarchical.HierarchicalTestEngine.execute(HierarchicalTestEngine.java:54)
	at org.junit.platform.launcher.core.EngineExecutionOrchestrator.execute(EngineExecutionOrchestrator.java:107)
	at org.junit.platform.launcher.core.EngineExecutionOrchestrator.execute(EngineExecutionOrchestrator.java:88)
	at org.junit.platform.launcher.core.EngineExecutionOrchestrator.lambda$execute$0(EngineExecutionOrchestrator.java:54)
	at org.junit.platform.launcher.core.EngineExecutionOrchestrator.withInterceptedStreams(EngineExecutionOrchestrator.java:67)
	at org.junit.platform.launcher.core.EngineExecutionOrchestrator.execute(EngineExecutionOrchestrator.java:52)
	at org.junit.platform.launcher.core.DefaultLauncher.execute(DefaultLauncher.java:114)
	at org.junit.platform.launcher.core.DefaultLauncher.execute(DefaultLauncher.java:86)
	at org.junit.platform.launcher.core.DefaultLauncherSession$DelegatingLauncher.execute(DefaultLauncherSession.java:86)
	at org.junit.platform.launcher.core.SessionPerRequestLauncher.execute(SessionPerRequestLauncher.java:53)
	at org.apache.maven.surefire.junitplatform.JUnitPlatformProvider.execute(JUnitPlatformProvider.java:188)
	at org.apache.maven.surefire.junitplatform.JUnitPlatformProvider.invokeAllTests(JUnitPlatformProvider.java:154)
	at org.apache.maven.surefire.junitplatform.JUnitPlatformProvider.invoke(JUnitPlatformProvider.java:124)
	at org.apache.maven.surefire.booter.ForkedBooter.runSuitesInProcess(ForkedBooter.java:428)
	at org.apache.maven.surefire.booter.ForkedBooter.execute(ForkedBooter.java:162)
	at org.apache.maven.surefire.booter.ForkedBooter.run(ForkedBooter.java:562)
	at org.apache.maven.surefire.booter.ForkedBooter.main(ForkedBooter.java:548)
2023-03-23 08:06:28,861 [BlockDeletingService#2] INFO  interfaces.ContainerDeletionChoosingPolicyTemplate (ContainerDeletionChoosingPolicyTemplate.java:chooseContainerForBlockDeletion(83)) - Chosen 0/5000 blocks from 0 candidate containers.
2023-03-23 08:06:28,871 [BlockDeletingService#2] INFO  interfaces.ContainerDeletionChoosingPolicyTemplate (ContainerDeletionChoosingPolicyTemplate.java:chooseContainerForBlockDeletion(83)) - Chosen 0/5000 blocks from 0 candidate containers.
2023-03-23 08:06:28,890 [BlockDeletingService#2] INFO  interfaces.ContainerDeletionChoosingPolicyTemplate (ContainerDeletionChoosingPolicyTemplate.java:chooseContainerForBlockDeletion(83)) - Chosen 0/5000 blocks from 0 candidate containers.
2023-03-23 08:06:28,928 [SCMBlockDeletingService#0] DEBUG block.SCMBlockDeletingService (SCMBlockDeletingService.java:call(136)) - Running DeletedBlockTransactionScanner
2023-03-23 08:06:28,962 [BlockDeletingService#2] INFO  interfaces.ContainerDeletionChoosingPolicyTemplate (ContainerDeletionChoosingPolicyTemplate.java:chooseContainerForBlockDeletion(83)) - Chosen 0/5000 blocks from 0 candidate containers.
2023-03-23 08:06:28,971 [BlockDeletingService#2] INFO  interfaces.ContainerDeletionChoosingPolicyTemplate (ContainerDeletionChoosingPolicyTemplate.java:chooseContainerForBlockDeletion(83)) - Chosen 0/5000 blocks from 0 candidate containers.
2023-03-23 08:06:28,990 [BlockDeletingService#2] INFO  interfaces.ContainerDeletionChoosingPolicyTemplate (ContainerDeletionChoosingPolicyTemplate.java:chooseContainerForBlockDeletion(83)) - Chosen 0/5000 blocks from 0 candidate containers.
2023-03-23 08:06:29,028 [SCMBlockDeletingService#0] DEBUG block.SCMBlockDeletingService (SCMBlockDeletingService.java:call(136)) - Running DeletedBlockTransactionScanner
2023-03-23 08:06:29,029 [SCMBlockDeletingService#0] DEBUG block.SCMBlockDeletingService (DatanodeDeletedBlockTransactions.java:addTransactionToDN(50)) - Transaction added: 0838c789-5be6-4b53-844e-73c82c080a18 <- TX(1)
2023-03-23 08:06:29,029 [SCMBlockDeletingService#0] DEBUG block.SCMBlockDeletingService (DatanodeDeletedBlockTransactions.java:addTransactionToDN(50)) - Transaction added: 2b202a02-6273-4262-ac40-cc676055620c <- TX(1)
2023-03-23 08:06:29,029 [SCMBlockDeletingService#0] DEBUG block.SCMBlockDeletingService (DatanodeDeletedBlockTransactions.java:addTransactionToDN(50)) - Transaction added: 9852ed25-ff4d-4e5e-8bb3-2709f3d2ddbb <- TX(1)
2023-03-23 08:06:29,029 [SCMBlockDeletingService#0] DEBUG block.SCMBlockDeletingService (DatanodeDeletedBlockTransactions.java:addTransactionToDN(50)) - Transaction added: 0838c789-5be6-4b53-844e-73c82c080a18 <- TX(2)
2023-03-23 08:06:29,029 [SCMBlockDeletingService#0] DEBUG block.SCMBlockDeletingService (DatanodeDeletedBlockTransactions.java:addTransactionToDN(50)) - Transaction added: 2b202a02-6273-4262-ac40-cc676055620c <- TX(2)
2023-03-23 08:06:29,029 [SCMBlockDeletingService#0] DEBUG block.SCMBlockDeletingService (DatanodeDeletedBlockTransactions.java:addTransactionToDN(50)) - Transaction added: 9852ed25-ff4d-4e5e-8bb3-2709f3d2ddbb <- TX(2)
2023-03-23 08:06:29,029 [SCMBlockDeletingService#0] DEBUG block.SCMBlockDeletingService (DatanodeDeletedBlockTransactions.java:addTransactionToDN(50)) - Transaction added: 2b202a02-6273-4262-ac40-cc676055620c <- TX(3)
2023-03-23 08:06:29,029 [SCMBlockDeletingService#0] DEBUG block.SCMBlockDeletingService (DatanodeDeletedBlockTransactions.java:addTransactionToDN(50)) - Transaction added: 0838c789-5be6-4b53-844e-73c82c080a18 <- TX(3)
2023-03-23 08:06:29,029 [SCMBlockDeletingService#0] DEBUG block.SCMBlockDeletingService (DatanodeDeletedBlockTransactions.java:addTransactionToDN(50)) - Transaction added: 9852ed25-ff4d-4e5e-8bb3-2709f3d2ddbb <- TX(3)
2023-03-23 08:06:29,030 [SCMBlockDeletingService#0] DEBUG block.SCMBlockDeletingService (DatanodeDeletedBlockTransactions.java:addTransactionToDN(50)) - Transaction added: 2b202a02-6273-4262-ac40-cc676055620c <- TX(4)
2023-03-23 08:06:29,030 [SCMBlockDeletingService#0] DEBUG block.SCMBlockDeletingService (DatanodeDeletedBlockTransactions.java:addTransactionToDN(50)) - Transaction added: 0838c789-5be6-4b53-844e-73c82c080a18 <- TX(4)
2023-03-23 08:06:29,030 [SCMBlockDeletingService#0] DEBUG block.SCMBlockDeletingService (DatanodeDeletedBlockTransactions.java:addTransactionToDN(50)) - Transaction added: 9852ed25-ff4d-4e5e-8bb3-2709f3d2ddbb <- TX(4)
2023-03-23 08:06:29,030 [SCMBlockDeletingService#0] DEBUG block.SCMBlockDeletingService (DatanodeDeletedBlockTransactions.java:addTransactionToDN(50)) - Transaction added: 9852ed25-ff4d-4e5e-8bb3-2709f3d2ddbb <- TX(5)
2023-03-23 08:06:29,030 [SCMBlockDeletingService#0] DEBUG block.SCMBlockDeletingService (DatanodeDeletedBlockTransactions.java:addTransactionToDN(50)) - Transaction added: 0838c789-5be6-4b53-844e-73c82c080a18 <- TX(5)
2023-03-23 08:06:29,030 [SCMBlockDeletingService#0] DEBUG block.SCMBlockDeletingService (DatanodeDeletedBlockTransactions.java:addTransactionToDN(50)) - Transaction added: 2b202a02-6273-4262-ac40-cc676055620c <- TX(5)
2023-03-23 08:06:29,030 [SCMBlockDeletingService#0] DEBUG block.SCMBlockDeletingService (DatanodeDeletedBlockTransactions.java:addTransactionToDN(50)) - Transaction added: 9852ed25-ff4d-4e5e-8bb3-2709f3d2ddbb <- TX(6)
2023-03-23 08:06:29,030 [SCMBlockDeletingService#0] DEBUG block.SCMBlockDeletingService (DatanodeDeletedBlockTransactions.java:addTransactionToDN(50)) - Transaction added: 0838c789-5be6-4b53-844e-73c82c080a18 <- TX(6)
2023-03-23 08:06:29,030 [SCMBlockDeletingService#0] DEBUG block.SCMBlockDeletingService (DatanodeDeletedBlockTransactions.java:addTransactionToDN(50)) - Transaction added: 2b202a02-6273-4262-ac40-cc676055620c <- TX(6)
2023-03-23 08:06:29,030 [SCMBlockDeletingService#0] DEBUG block.SCMBlockDeletingService (SCMBlockDeletingService.java:call(171)) - Added delete block command for datanode 0838c789-5be6-4b53-844e-73c82c080a18 in the queue, number of delete block transactions: 6
2023-03-23 08:06:29,031 [SCMBlockDeletingService#0] DEBUG block.SCMBlockDeletingService (SCMBlockDeletingService.java:call(171)) - Added delete block command for datanode 9852ed25-ff4d-4e5e-8bb3-2709f3d2ddbb in the queue, number of delete block transactions: 6
2023-03-23 08:06:29,031 [SCMBlockDeletingService#0] DEBUG block.SCMBlockDeletingService (SCMBlockDeletingService.java:call(171)) - Added delete block command for datanode 2b202a02-6273-4262-ac40-cc676055620c in the queue, number of delete block transactions: 6
2023-03-23 08:06:29,031 [SCMBlockDeletingService#0] INFO  block.SCMBlockDeletingService (SCMBlockDeletingService.java:call(180)) - Totally added 18 blocks to be deleted for 3 datanodes, task elapsed time: 2ms
2023-03-23 08:06:29,062 [BlockDeletingService#2] INFO  interfaces.ContainerDeletionChoosingPolicyTemplate (ContainerDeletionChoosingPolicyTemplate.java:chooseContainerForBlockDeletion(83)) - Chosen 0/5000 blocks from 0 candidate containers.
2023-03-23 08:06:29,071 [BlockDeletingService#2] INFO  interfaces.ContainerDeletionChoosingPolicyTemplate (ContainerDeletionChoosingPolicyTemplate.java:chooseContainerForBlockDeletion(83)) - Chosen 0/5000 blocks from 0 candidate containers.
2023-03-23 08:06:29,091 [BlockDeletingService#2] INFO  interfaces.ContainerDeletionChoosingPolicyTemplate (ContainerDeletionChoosingPolicyTemplate.java:chooseContainerForBlockDeletion(83)) - Chosen 0/5000 blocks from 0 candidate containers.
2023-03-23 08:06:29,128 [SCMBlockDeletingService#0] DEBUG block.SCMBlockDeletingService (SCMBlockDeletingService.java:call(136)) - Running DeletedBlockTransactionScanner
2023-03-23 08:06:29,162 [BlockDeletingService#2] INFO  interfaces.ContainerDeletionChoosingPolicyTemplate (ContainerDeletionChoosingPolicyTemplate.java:chooseContainerForBlockDeletion(83)) - Chosen 0/5000 blocks from 0 candidate containers.
2023-03-23 08:06:29,172 [BlockDeletingService#2] INFO  interfaces.ContainerDeletionChoosingPolicyTemplate (ContainerDeletionChoosingPolicyTemplate.java:chooseContainerForBlockDeletion(83)) - Chosen 0/5000 blocks from 0 candidate containers.
2023-03-23 08:06:29,191 [BlockDeletingService#2] INFO  interfaces.ContainerDeletionChoosingPolicyTemplate (ContainerDeletionChoosingPolicyTemplate.java:chooseContainerForBlockDeletion(83)) - Chosen 0/5000 blocks from 0 candidate containers.
2023-03-23 08:06:29,229 [SCMBlockDeletingService#0] DEBUG block.SCMBlockDeletingService (SCMBlockDeletingService.java:call(136)) - Running DeletedBlockTransactionScanner
2023-03-23 08:06:29,229 [SCMBlockDeletingService#0] DEBUG block.SCMBlockDeletingService (DatanodeDeletedBlockTransactions.java:addTransactionToDN(50)) - Transaction added: 0838c789-5be6-4b53-844e-73c82c080a18 <- TX(1)
2023-03-23 08:06:29,229 [SCMBlockDeletingService#0] DEBUG block.SCMBlockDeletingService (DatanodeDeletedBlockTransactions.java:addTransactionToDN(50)) - Transaction added: 2b202a02-6273-4262-ac40-cc676055620c <- TX(1)
2023-03-23 08:06:29,229 [SCMBlockDeletingService#0] DEBUG block.SCMBlockDeletingService (DatanodeDeletedBlockTransactions.java:addTransactionToDN(50)) - Transaction added: 9852ed25-ff4d-4e5e-8bb3-2709f3d2ddbb <- TX(1)
2023-03-23 08:06:29,229 [SCMBlockDeletingService#0] DEBUG block.SCMBlockDeletingService (DatanodeDeletedBlockTransactions.java:addTransactionToDN(50)) - Transaction added: 0838c789-5be6-4b53-844e-73c82c080a18 <- TX(2)
2023-03-23 08:06:29,229 [SCMBlockDeletingService#0] DEBUG block.SCMBlockDeletingService (DatanodeDeletedBlockTransactions.java:addTransactionToDN(50)) - Transaction added: 2b202a02-6273-4262-ac40-cc676055620c <- TX(2)
2023-03-23 08:06:29,229 [SCMBlockDeletingService#0] DEBUG block.SCMBlockDeletingService (DatanodeDeletedBlockTransactions.java:addTransactionToDN(50)) - Transaction added: 9852ed25-ff4d-4e5e-8bb3-2709f3d2ddbb <- TX(2)
2023-03-23 08:06:29,229 [SCMBlockDeletingService#0] DEBUG block.SCMBlockDeletingService (DatanodeDeletedBlockTransactions.java:addTransactionToDN(50)) - Transaction added: 2b202a02-6273-4262-ac40-cc676055620c <- TX(3)
2023-03-23 08:06:29,229 [SCMBlockDeletingService#0] DEBUG block.SCMBlockDeletingService (DatanodeDeletedBlockTransactions.java:addTransactionToDN(50)) - Transaction added: 0838c789-5be6-4b53-844e-73c82c080a18 <- TX(3)
2023-03-23 08:06:29,230 [SCMBlockDeletingService#0] DEBUG block.SCMBlockDeletingService (DatanodeDeletedBlockTransactions.java:addTransactionToDN(50)) - Transaction added: 9852ed25-ff4d-4e5e-8bb3-2709f3d2ddbb <- TX(3)
2023-03-23 08:06:29,230 [SCMBlockDeletingService#0] DEBUG block.SCMBlockDeletingService (DatanodeDeletedBlockTransactions.java:addTransactionToDN(50)) - Transaction added: 2b202a02-6273-4262-ac40-cc676055620c <- TX(4)
2023-03-23 08:06:29,230 [SCMBlockDeletingService#0] DEBUG block.SCMBlockDeletingService (DatanodeDeletedBlockTransactions.java:addTransactionToDN(50)) - Transaction added: 0838c789-5be6-4b53-844e-73c82c080a18 <- TX(4)
2023-03-23 08:06:29,230 [SCMBlockDeletingService#0] DEBUG block.SCMBlockDeletingService (DatanodeDeletedBlockTransactions.java:addTransactionToDN(50)) - Transaction added: 9852ed25-ff4d-4e5e-8bb3-2709f3d2ddbb <- TX(4)
2023-03-23 08:06:29,230 [SCMBlockDeletingService#0] DEBUG block.SCMBlockDeletingService (DatanodeDeletedBlockTransactions.java:addTransactionToDN(50)) - Transaction added: 9852ed25-ff4d-4e5e-8bb3-2709f3d2ddbb <- TX(5)
2023-03-23 08:06:29,230 [SCMBlockDeletingService#0] DEBUG block.SCMBlockDeletingService (DatanodeDeletedBlockTransactions.java:addTransactionToDN(50)) - Transaction added: 0838c789-5be6-4b53-844e-73c82c080a18 <- TX(5)
2023-03-23 08:06:29,230 [SCMBlockDeletingService#0] DEBUG block.SCMBlockDeletingService (DatanodeDeletedBlockTransactions.java:addTransactionToDN(50)) - Transaction added: 2b202a02-6273-4262-ac40-cc676055620c <- TX(5)
2023-03-23 08:06:29,230 [SCMBlockDeletingService#0] DEBUG block.SCMBlockDeletingService (DatanodeDeletedBlockTransactions.java:addTransactionToDN(50)) - Transaction added: 9852ed25-ff4d-4e5e-8bb3-2709f3d2ddbb <- TX(6)
2023-03-23 08:06:29,230 [SCMBlockDeletingService#0] DEBUG block.SCMBlockDeletingService (DatanodeDeletedBlockTransactions.java:addTransactionToDN(50)) - Transaction added: 0838c789-5be6-4b53-844e-73c82c080a18 <- TX(6)
2023-03-23 08:06:29,230 [SCMBlockDeletingService#0] DEBUG block.SCMBlockDeletingService (DatanodeDeletedBlockTransactions.java:addTransactionToDN(50)) - Transaction added: 2b202a02-6273-4262-ac40-cc676055620c <- TX(6)
2023-03-23 08:06:29,230 [SCMBlockDeletingService#0] DEBUG block.SCMBlockDeletingService (SCMBlockDeletingService.java:call(171)) - Added delete block command for datanode 0838c789-5be6-4b53-844e-73c82c080a18 in the queue, number of delete block transactions: 6
2023-03-23 08:06:29,230 [SCMBlockDeletingService#0] DEBUG block.SCMBlockDeletingService (SCMBlockDeletingService.java:call(171)) - Added delete block command for datanode 9852ed25-ff4d-4e5e-8bb3-2709f3d2ddbb in the queue, number of delete block transactions: 6
2023-03-23 08:06:29,230 [SCMBlockDeletingService#0] DEBUG block.SCMBlockDeletingService (SCMBlockDeletingService.java:call(171)) - Added delete block command for datanode 2b202a02-6273-4262-ac40-cc676055620c in the queue, number of delete block transactions: 6
2023-03-23 08:06:29,230 [SCMBlockDeletingService#0] INFO  block.SCMBlockDeletingService (SCMBlockDeletingService.java:call(180)) - Totally added 18 blocks to be deleted for 3 datanodes, task elapsed time: 1ms
2023-03-23 08:06:29,264 [BlockDeletingService#2] INFO  interfaces.ContainerDeletionChoosingPolicyTemplate (ContainerDeletionChoosingPolicyTemplate.java:chooseContainerForBlockDeletion(83)) - Chosen 0/5000 blocks from 0 candidate containers.
2023-03-23 08:06:29,272 [BlockDeletingService#2] INFO  interfaces.ContainerDeletionChoosingPolicyTemplate (ContainerDeletionChoosingPolicyTemplate.java:chooseContainerForBlockDeletion(83)) - Chosen 0/5000 blocks from 0 candidate containers.
2023-03-23 08:06:29,291 [BlockDeletingService#2] INFO  interfaces.ContainerDeletionChoosingPolicyTemplate (ContainerDeletionChoosingPolicyTemplate.java:chooseContainerForBlockDeletion(83)) - Chosen 0/5000 blocks from 0 candidate containers.
2023-03-23 08:06:29,329 [SCMBlockDeletingService#0] DEBUG block.SCMBlockDeletingService (SCMBlockDeletingService.java:call(136)) - Running DeletedBlockTransactionScanner
2023-03-23 08:06:29,366 [BlockDeletingService#2] INFO  interfaces.ContainerDeletionChoosingPolicyTemplate (ContainerDeletionChoosingPolicyTemplate.java:chooseContainerForBlockDeletion(83)) - Chosen 0/5000 blocks from 0 candidate containers.
2023-03-23 08:06:29,372 [BlockDeletingService#2] INFO  interfaces.ContainerDeletionChoosingPolicyTemplate (ContainerDeletionChoosingPolicyTemplate.java:chooseContainerForBlockDeletion(83)) - Chosen 0/5000 blocks from 0 candidate containers.
2023-03-23 08:06:29,380 [org.apache.hadoop.ozone.container.common.statemachine.commandhandler.DeleteBlocksCommandHandler$DeleteCmdWorker@2295f60b] INFO  commandhandler.DeleteBlocksCommandHandler (DeleteBlocksCommandHandler.java:processCmd(272)) - Start to delete container blocks, TXIDs=[1(0),2(0)], numOfContainers=2, numOfBlocks=2
2023-03-23 08:06:29,382 [org.apache.hadoop.ozone.container.common.statemachine.commandhandler.DeleteBlocksCommandHandler$DeleteCmdWorker@2295f60b] INFO  commandhandler.DeleteBlocksCommandHandler (DeleteBlocksCommandHandler.java:processCmd(272)) - Start to delete container blocks, TXIDs=[1(1),2(1),3(0),4(0),5(0),6(0)], numOfContainers=6, numOfBlocks=6
2023-03-23 08:06:29,383 [DeleteBlocksCommandHandlerThread-2] INFO  commandhandler.DeleteBlocksCommandHandler (DeleteBlocksCommandHandler.java:logDeleteTransaction(489)) - Delete blocks for containerId: 1 is either received out of order or retried, 1 <= 1
2023-03-23 08:06:29,383 [DeleteBlocksCommandHandlerThread-3] INFO  commandhandler.DeleteBlocksCommandHandler (DeleteBlocksCommandHandler.java:logDeleteTransaction(489)) - Delete blocks for containerId: 2 is either received out of order or retried, 2 <= 2
2023-03-23 08:06:29,386 [org.apache.hadoop.ozone.container.common.statemachine.commandhandler.DeleteBlocksCommandHandler$DeleteCmdWorker@2295f60b] INFO  commandhandler.DeleteBlocksCommandHandler (DeleteBlocksCommandHandler.java:processCmd(272)) - Start to delete container blocks, TXIDs=[1(2),2(2),3(1),4(1),5(1),6(1)], numOfContainers=6, numOfBlocks=6
2023-03-23 08:06:29,386 [DeleteBlocksCommandHandlerThread-0] INFO  commandhandler.DeleteBlocksCommandHandler (DeleteBlocksCommandHandler.java:logDeleteTransaction(489)) - Delete blocks for containerId: 1 is either received out of order or retried, 1 <= 1
2023-03-23 08:06:29,386 [DeleteBlocksCommandHandlerThread-3] INFO  commandhandler.DeleteBlocksCommandHandler (DeleteBlocksCommandHandler.java:logDeleteTransaction(489)) - Delete blocks for containerId: 5 is either received out of order or retried, 5 <= 5
2023-03-23 08:06:29,386 [DeleteBlocksCommandHandlerThread-2] INFO  commandhandler.DeleteBlocksCommandHandler (DeleteBlocksCommandHandler.java:logDeleteTransaction(489)) - Delete blocks for containerId: 4 is either received out of order or retried, 4 <= 4
2023-03-23 08:06:29,386 [DeleteBlocksCommandHandlerThread-1] INFO  commandhandler.DeleteBlocksCommandHandler (DeleteBlocksCommandHandler.java:logDeleteTransaction(489)) - Delete blocks for containerId: 2 is either received out of order or retried, 2 <= 2
2023-03-23 08:06:29,386 [DeleteBlocksCommandHandlerThread-4] INFO  commandhandler.DeleteBlocksCommandHandler (DeleteBlocksCommandHandler.java:logDeleteTransaction(489)) - Delete blocks for containerId: 3 is either received out of order or retried, 3 <= 3
2023-03-23 08:06:29,386 [DeleteBlocksCommandHandlerThread-0] INFO  commandhandler.DeleteBlocksCommandHandler (DeleteBlocksCommandHandler.java:logDeleteTransaction(489)) - Delete blocks for containerId: 6 is either received out of order or retried, 6 <= 6
2023-03-23 08:06:29,387 [org.apache.hadoop.ozone.container.common.statemachine.commandhandler.DeleteBlocksCommandHandler$DeleteCmdWorker@2295f60b] INFO  commandhandler.DeleteBlocksCommandHandler (DeleteBlocksCommandHandler.java:processCmd(272)) - Start to delete container blocks, TXIDs=[1(3),2(3),3(2),4(2),5(2),6(2)], numOfContainers=6, numOfBlocks=6
2023-03-23 08:06:29,388 [DeleteBlocksCommandHandlerThread-3] INFO  commandhandler.DeleteBlocksCommandHandler (DeleteBlocksCommandHandler.java:logDeleteTransaction(489)) - Delete blocks for containerId: 1 is either received out of order or retried, 1 <= 1
2023-03-23 08:06:29,388 [DeleteBlocksCommandHandlerThread-1] INFO  commandhandler.DeleteBlocksCommandHandler (DeleteBlocksCommandHandler.java:logDeleteTransaction(489)) - Delete blocks for containerId: 2 is either received out of order or retried, 2 <= 2
2023-03-23 08:06:29,388 [DeleteBlocksCommandHandlerThread-1] INFO  commandhandler.DeleteBlocksCommandHandler (DeleteBlocksCommandHandler.java:logDeleteTransaction(489)) - Delete blocks for containerId: 3 is either received out of order or retried, 3 <= 3
2023-03-23 08:06:29,388 [DeleteBlocksCommandHandlerThread-1] INFO  commandhandler.DeleteBlocksCommandHandler (DeleteBlocksCommandHandler.java:logDeleteTransaction(489)) - Delete blocks for containerId: 4 is either received out of order or retried, 4 <= 4
2023-03-23 08:06:29,388 [DeleteBlocksCommandHandlerThread-1] INFO  commandhandler.DeleteBlocksCommandHandler (DeleteBlocksCommandHandler.java:logDeleteTransaction(489)) - Delete blocks for containerId: 5 is either received out of order or retried, 5 <= 5
2023-03-23 08:06:29,388 [DeleteBlocksCommandHandlerThread-1] INFO  commandhandler.DeleteBlocksCommandHandler (DeleteBlocksCommandHandler.java:logDeleteTransaction(489)) - Delete blocks for containerId: 6 is either received out of order or retried, 6 <= 6
2023-03-23 08:06:29,388 [org.apache.hadoop.ozone.container.common.statemachine.commandhandler.DeleteBlocksCommandHandler$DeleteCmdWorker@2295f60b] INFO  commandhandler.DeleteBlocksCommandHandler (DeleteBlocksCommandHandler.java:processCmd(272)) - Start to delete container blocks, TXIDs=[1(4),2(4),3(3),4(3),5(3),6(3)], numOfContainers=6, numOfBlocks=6
2023-03-23 08:06:29,388 [DeleteBlocksCommandHandlerThread-3] INFO  commandhandler.DeleteBlocksCommandHandler (DeleteBlocksCommandHandler.java:logDeleteTransaction(489)) - Delete blocks for containerId: 1 is either received out of order or retried, 1 <= 1
2023-03-23 08:06:29,389 [DeleteBlocksCommandHandlerThread-3] INFO  commandhandler.DeleteBlocksCommandHandler (DeleteBlocksCommandHandler.java:logDeleteTransaction(489)) - Delete blocks for containerId: 2 is either received out of order or retried, 2 <= 2
2023-03-23 08:06:29,389 [DeleteBlocksCommandHandlerThread-3] INFO  commandhandler.DeleteBlocksCommandHandler (DeleteBlocksCommandHandler.java:logDeleteTransaction(489)) - Delete blocks for containerId: 3 is either received out of order or retried, 3 <= 3
2023-03-23 08:06:29,389 [DeleteBlocksCommandHandlerThread-3] INFO  commandhandler.DeleteBlocksCommandHandler (DeleteBlocksCommandHandler.java:logDeleteTransaction(489)) - Delete blocks for containerId: 4 is either received out of order or retried, 4 <= 4
2023-03-23 08:06:29,389 [DeleteBlocksCommandHandlerThread-3] INFO  commandhandler.DeleteBlocksCommandHandler (DeleteBlocksCommandHandler.java:logDeleteTransaction(489)) - Delete blocks for containerId: 5 is either received out of order or retried, 5 <= 5
2023-03-23 08:06:29,389 [DeleteBlocksCommandHandlerThread-3] INFO  commandhandler.DeleteBlocksCommandHandler (DeleteBlocksCommandHandler.java:logDeleteTransaction(489)) - Delete blocks for containerId: 6 is either received out of order or retried, 6 <= 6
2023-03-23 08:06:29,389 [org.apache.hadoop.ozone.container.common.statemachine.commandhandler.DeleteBlocksCommandHandler$DeleteCmdWorker@2295f60b] INFO  commandhandler.DeleteBlocksCommandHandler (DeleteBlocksCommandHandler.java:processCmd(272)) - Start to delete container blocks, TXIDs=[1(5),2(5),3(4),4(4),5(4),6(4)], numOfContainers=6, numOfBlocks=6
2023-03-23 08:06:29,389 [DeleteBlocksCommandHandlerThread-3] INFO  commandhandler.DeleteBlocksCommandHandler (DeleteBlocksCommandHandler.java:logDeleteTransaction(489)) - Delete blocks for containerId: 1 is either received out of order or retried, 1 <= 1
2023-03-23 08:06:29,390 [DeleteBlocksCommandHandlerThread-3] INFO  commandhandler.DeleteBlocksCommandHandler (DeleteBlocksCommandHandler.java:logDeleteTransaction(489)) - Delete blocks for containerId: 2 is either received out of order or retried, 2 <= 2
2023-03-23 08:06:29,390 [DeleteBlocksCommandHandlerThread-3] INFO  commandhandler.DeleteBlocksCommandHandler (DeleteBlocksCommandHandler.java:logDeleteTransaction(489)) - Delete blocks for containerId: 3 is either received out of order or retried, 3 <= 3
2023-03-23 08:06:29,390 [DeleteBlocksCommandHandlerThread-3] INFO  commandhandler.DeleteBlocksCommandHandler (DeleteBlocksCommandHandler.java:logDeleteTransaction(489)) - Delete blocks for containerId: 4 is either received out of order or retried, 4 <= 4
2023-03-23 08:06:29,390 [DeleteBlocksCommandHandlerThread-3] INFO  commandhandler.DeleteBlocksCommandHandler (DeleteBlocksCommandHandler.java:logDeleteTransaction(489)) - Delete blocks for containerId: 5 is either received out of order or retried, 5 <= 5
2023-03-23 08:06:29,390 [DeleteBlocksCommandHandlerThread-3] INFO  commandhandler.DeleteBlocksCommandHandler (DeleteBlocksCommandHandler.java:logDeleteTransaction(489)) - Delete blocks for containerId: 6 is either received out of order or retried, 6 <= 6
2023-03-23 08:06:29,392 [BlockDeletingService#2] INFO  interfaces.ContainerDeletionChoosingPolicyTemplate (ContainerDeletionChoosingPolicyTemplate.java:chooseContainerForBlockDeletion(83)) - Chosen 0/5000 blocks from 0 candidate containers.
2023-03-23 08:06:29,429 [SCMBlockDeletingService#0] DEBUG block.SCMBlockDeletingService (SCMBlockDeletingService.java:call(136)) - Running DeletedBlockTransactionScanner
2023-03-23 08:06:29,429 [SCMBlockDeletingService#0] DEBUG block.SCMBlockDeletingService (DatanodeDeletedBlockTransactions.java:addTransactionToDN(50)) - Transaction added: 0838c789-5be6-4b53-844e-73c82c080a18 <- TX(1)
2023-03-23 08:06:29,429 [SCMBlockDeletingService#0] DEBUG block.SCMBlockDeletingService (DatanodeDeletedBlockTransactions.java:addTransactionToDN(50)) - Transaction added: 2b202a02-6273-4262-ac40-cc676055620c <- TX(1)
2023-03-23 08:06:29,429 [SCMBlockDeletingService#0] DEBUG block.SCMBlockDeletingService (DatanodeDeletedBlockTransactions.java:addTransactionToDN(50)) - Transaction added: 9852ed25-ff4d-4e5e-8bb3-2709f3d2ddbb <- TX(1)
2023-03-23 08:06:29,429 [SCMBlockDeletingService#0] DEBUG block.SCMBlockDeletingService (DatanodeDeletedBlockTransactions.java:addTransactionToDN(50)) - Transaction added: 0838c789-5be6-4b53-844e-73c82c080a18 <- TX(2)
2023-03-23 08:06:29,429 [SCMBlockDeletingService#0] DEBUG block.SCMBlockDeletingService (DatanodeDeletedBlockTransactions.java:addTransactionToDN(50)) - Transaction added: 2b202a02-6273-4262-ac40-cc676055620c <- TX(2)
2023-03-23 08:06:29,429 [SCMBlockDeletingService#0] DEBUG block.SCMBlockDeletingService (DatanodeDeletedBlockTransactions.java:addTransactionToDN(50)) - Transaction added: 9852ed25-ff4d-4e5e-8bb3-2709f3d2ddbb <- TX(2)
2023-03-23 08:06:29,429 [SCMBlockDeletingService#0] DEBUG block.SCMBlockDeletingService (DatanodeDeletedBlockTransactions.java:addTransactionToDN(50)) - Transaction added: 2b202a02-6273-4262-ac40-cc676055620c <- TX(3)
2023-03-23 08:06:29,429 [SCMBlockDeletingService#0] DEBUG block.SCMBlockDeletingService (DatanodeDeletedBlockTransactions.java:addTransactionToDN(50)) - Transaction added: 0838c789-5be6-4b53-844e-73c82c080a18 <- TX(3)
2023-03-23 08:06:29,430 [SCMBlockDeletingService#0] DEBUG block.SCMBlockDeletingService (DatanodeDeletedBlockTransactions.java:addTransactionToDN(50)) - Transaction added: 9852ed25-ff4d-4e5e-8bb3-2709f3d2ddbb <- TX(3)
2023-03-23 08:06:29,430 [SCMBlockDeletingService#0] DEBUG block.SCMBlockDeletingService (DatanodeDeletedBlockTransactions.java:addTransactionToDN(50)) - Transaction added: 2b202a02-6273-4262-ac40-cc676055620c <- TX(4)
2023-03-23 08:06:29,430 [SCMBlockDeletingService#0] DEBUG block.SCMBlockDeletingService (DatanodeDeletedBlockTransactions.java:addTransactionToDN(50)) - Transaction added: 0838c789-5be6-4b53-844e-73c82c080a18 <- TX(4)
2023-03-23 08:06:29,430 [SCMBlockDeletingService#0] DEBUG block.SCMBlockDeletingService (DatanodeDeletedBlockTransactions.java:addTransactionToDN(50)) - Transaction added: 9852ed25-ff4d-4e5e-8bb3-2709f3d2ddbb <- TX(4)
2023-03-23 08:06:29,430 [SCMBlockDeletingService#0] DEBUG block.SCMBlockDeletingService (DatanodeDeletedBlockTransactions.java:addTransactionToDN(50)) - Transaction added: 9852ed25-ff4d-4e5e-8bb3-2709f3d2ddbb <- TX(5)
2023-03-23 08:06:29,430 [SCMBlockDeletingService#0] DEBUG block.SCMBlockDeletingService (DatanodeDeletedBlockTransactions.java:addTransactionToDN(50)) - Transaction added: 0838c789-5be6-4b53-844e-73c82c080a18 <- TX(5)
2023-03-23 08:06:29,430 [SCMBlockDeletingService#0] DEBUG block.SCMBlockDeletingService (DatanodeDeletedBlockTransactions.java:addTransactionToDN(50)) - Transaction added: 2b202a02-6273-4262-ac40-cc676055620c <- TX(5)
2023-03-23 08:06:29,430 [SCMBlockDeletingService#0] DEBUG block.SCMBlockDeletingService (DatanodeDeletedBlockTransactions.java:addTransactionToDN(50)) - Transaction added: 9852ed25-ff4d-4e5e-8bb3-2709f3d2ddbb <- TX(6)
2023-03-23 08:06:29,430 [SCMBlockDeletingService#0] DEBUG block.SCMBlockDeletingService (DatanodeDeletedBlockTransactions.java:addTransactionToDN(50)) - Transaction added: 0838c789-5be6-4b53-844e-73c82c080a18 <- TX(6)
2023-03-23 08:06:29,430 [SCMBlockDeletingService#0] DEBUG block.SCMBlockDeletingService (DatanodeDeletedBlockTransactions.java:addTransactionToDN(50)) - Transaction added: 2b202a02-6273-4262-ac40-cc676055620c <- TX(6)
2023-03-23 08:06:29,430 [SCMBlockDeletingService#0] DEBUG block.SCMBlockDeletingService (SCMBlockDeletingService.java:call(171)) - Added delete block command for datanode 0838c789-5be6-4b53-844e-73c82c080a18 in the queue, number of delete block transactions: 6
2023-03-23 08:06:29,430 [SCMBlockDeletingService#0] DEBUG block.SCMBlockDeletingService (SCMBlockDeletingService.java:call(171)) - Added delete block command for datanode 9852ed25-ff4d-4e5e-8bb3-2709f3d2ddbb in the queue, number of delete block transactions: 6
2023-03-23 08:06:29,430 [SCMBlockDeletingService#0] DEBUG block.SCMBlockDeletingService (SCMBlockDeletingService.java:call(171)) - Added delete block command for datanode 2b202a02-6273-4262-ac40-cc676055620c in the queue, number of delete block transactions: 6
2023-03-23 08:06:29,430 [SCMBlockDeletingService#0] INFO  block.SCMBlockDeletingService (SCMBlockDeletingService.java:call(180)) - Totally added 18 blocks to be deleted for 3 datanodes, task elapsed time: 1ms
2023-03-23 08:06:29,469 [BlockDeletingService#2] INFO  interfaces.ContainerDeletionChoosingPolicyTemplate (ContainerDeletionChoosingPolicyTemplate.java:chooseContainerForBlockDeletion(83)) - Chosen 32/4968 blocks from 6 candidate containers.
2023-03-23 08:06:29,470 [BlockDeletingService#9] INFO  impl.FilePerBlockStrategy (FilePerBlockStrategy.java:deleteChunk(252)) - Deleted block file: /home/runner/work/ozone/ozone/hadoop-ozone/integration-test/target/test-dir/MiniOzoneClusterImpl-83429495-af89-4435-a907-dab059fcfd42/datanode-0/data-0/containers/hdds/83429495-af89-4435-a907-dab059fcfd42/current/containerDir0/6/chunks/111677748019200006.block
2023-03-23 08:06:29,470 [BlockDeletingService#2] INFO  impl.FilePerBlockStrategy (FilePerBlockStrategy.java:deleteChunk(252)) - Deleted block file: /home/runner/work/ozone/ozone/hadoop-ozone/integration-test/target/test-dir/MiniOzoneClusterImpl-83429495-af89-4435-a907-dab059fcfd42/datanode-0/data-0/containers/hdds/83429495-af89-4435-a907-dab059fcfd42/current/containerDir0/1/chunks/111677748019200001.block
2023-03-23 08:06:29,471 [BlockDeletingService#9] INFO  impl.FilePerBlockStrategy (FilePerBlockStrategy.java:deleteChunk(252)) - Deleted block file: /home/runner/work/ozone/ozone/hadoop-ozone/integration-test/target/test-dir/MiniOzoneClusterImpl-83429495-af89-4435-a907-dab059fcfd42/datanode-0/data-0/containers/hdds/83429495-af89-4435-a907-dab059fcfd42/current/containerDir0/5/chunks/111677748019200005.block
2023-03-23 08:06:29,472 [BlockDeletingService#2] INFO  interfaces.ContainerDeletionChoosingPolicyTemplate (ContainerDeletionChoosingPolicyTemplate.java:chooseContainerForBlockDeletion(83)) - Chosen 0/5000 blocks from 0 candidate containers.
2023-03-23 08:06:29,474 [BlockDeletingService#5] INFO  impl.FilePerBlockStrategy (FilePerBlockStrategy.java:deleteChunk(252)) - Deleted block file: /home/runner/work/ozone/ozone/hadoop-ozone/integration-test/target/test-dir/MiniOzoneClusterImpl-83429495-af89-4435-a907-dab059fcfd42/datanode-0/data-0/containers/hdds/83429495-af89-4435-a907-dab059fcfd42/current/containerDir0/3/chunks/111677748019200003.block
2023-03-23 08:06:29,472 [BlockDeletingService#2] INFO  impl.FilePerBlockStrategy (FilePerBlockStrategy.java:deleteChunk(252)) - Deleted block file: /home/runner/work/ozone/ozone/hadoop-ozone/integration-test/target/test-dir/MiniOzoneClusterImpl-83429495-af89-4435-a907-dab059fcfd42/datanode-0/data-0/containers/hdds/83429495-af89-4435-a907-dab059fcfd42/current/containerDir0/4/chunks/111677748019200004.block
2023-03-23 08:06:29,475 [BlockDeletingService#9] INFO  impl.FilePerBlockStrategy (FilePerBlockStrategy.java:deleteChunk(252)) - Deleted block file: /home/runner/work/ozone/ozone/hadoop-ozone/integration-test/target/test-dir/MiniOzoneClusterImpl-83429495-af89-4435-a907-dab059fcfd42/datanode-0/data-0/containers/hdds/83429495-af89-4435-a907-dab059fcfd42/current/containerDir0/2/chunks/111677748019200002.block
2023-03-23 08:06:29,492 [BlockDeletingService#2] INFO  interfaces.ContainerDeletionChoosingPolicyTemplate (ContainerDeletionChoosingPolicyTemplate.java:chooseContainerForBlockDeletion(83)) - Chosen 0/5000 blocks from 0 candidate containers.
2023-03-23 08:06:29,529 [SCMBlockDeletingService#0] DEBUG block.SCMBlockDeletingService (SCMBlockDeletingService.java:call(136)) - Running DeletedBlockTransactionScanner
2023-03-23 08:06:29,573 [BlockDeletingService#5] INFO  interfaces.ContainerDeletionChoosingPolicyTemplate (ContainerDeletionChoosingPolicyTemplate.java:chooseContainerForBlockDeletion(83)) - Chosen 26/4974 blocks from 6 candidate containers.
2023-03-23 08:06:29,573 [BlockDeletingService#5] INFO  background.BlockDeletingService (BlockDeletingService.java:deleteViaTransactionStore(483)) - No transaction found in container 1 with pending delete block count 5
2023-03-23 08:06:29,574 [BlockDeletingService#8] INFO  background.BlockDeletingService (BlockDeletingService.java:deleteViaTransactionStore(483)) - No transaction found in container 6 with pending delete block count 4
2023-03-23 08:06:29,574 [BlockDeletingService#1] INFO  background.BlockDeletingService (BlockDeletingService.java:deleteViaTransactionStore(483)) - No transaction found in container 4 with pending delete block count 4
2023-03-23 08:06:29,574 [BlockDeletingService#6] INFO  background.BlockDeletingService (BlockDeletingService.java:deleteViaTransactionStore(483)) - No transaction found in container 3 with pending delete block count 4
2023-03-23 08:06:29,574 [BlockDeletingService#4] INFO  background.BlockDeletingService (BlockDeletingService.java:deleteViaTransactionStore(483)) - No transaction found in container 5 with pending delete block count 4
2023-03-23 08:06:29,574 [BlockDeletingService#5] INFO  background.BlockDeletingService (BlockDeletingService.java:deleteViaTransactionStore(483)) - No transaction found in container 2 with pending delete block count 5
2023-03-23 08:06:29,574 [BlockDeletingService#2] INFO  interfaces.ContainerDeletionChoosingPolicyTemplate (ContainerDeletionChoosingPolicyTemplate.java:chooseContainerForBlockDeletion(83)) - Chosen 0/5000 blocks from 0 candidate containers.
2023-03-23 08:06:29,583 [EventQueue-DeleteBlockStatusForDeletedBlockLogImpl] DEBUG block.DeletedBlockLogImpl (DeletedBlockLogImpl.java:isTransactionFailed(314)) - Got block deletion ACK from datanode, TXIDs=1, success=true
2023-03-23 08:06:29,583 [EventQueue-DeleteBlockStatusForDeletedBlockLogImpl] DEBUG block.DeletedBlockLogImpl (DeletedBlockLogImpl.java:commitTransactions(292)) - Datanode txId=1 containerId=#1 committed by dnId=0838c789-5be6-4b53-844e-73c82c080a18
2023-03-23 08:06:29,584 [EventQueue-DeleteBlockStatusForDeletedBlockLogImpl] DEBUG block.DeletedBlockLogImpl (DeletedBlockLogImpl.java:isTransactionFailed(314)) - Got block deletion ACK from datanode, TXIDs=2, success=true
2023-03-23 08:06:29,584 [EventQueue-DeleteBlockStatusForDeletedBlockLogImpl] DEBUG block.DeletedBlockLogImpl (DeletedBlockLogImpl.java:commitTransactions(292)) - Datanode txId=2 containerId=#2 committed by dnId=0838c789-5be6-4b53-844e-73c82c080a18
2023-03-23 08:06:29,584 [EventQueue-DeleteBlockStatusForDeletedBlockLogImpl] DEBUG block.DeletedBlockLogImpl (DeletedBlockLogImpl.java:isTransactionFailed(314)) - Got block deletion ACK from datanode, TXIDs=3, success=true
2023-03-23 08:06:29,584 [EventQueue-DeleteBlockStatusForDeletedBlockLogImpl] DEBUG block.DeletedBlockLogImpl (DeletedBlockLogImpl.java:commitTransactions(292)) - Datanode txId=3 containerId=#3 committed by dnId=0838c789-5be6-4b53-844e-73c82c080a18
2023-03-23 08:06:29,584 [EventQueue-DeleteBlockStatusForDeletedBlockLogImpl] DEBUG block.DeletedBlockLogImpl (DeletedBlockLogImpl.java:isTransactionFailed(314)) - Got block deletion ACK from datanode, TXIDs=4, success=true
2023-03-23 08:06:29,584 [EventQueue-DeleteBlockStatusForDeletedBlockLogImpl] DEBUG block.DeletedBlockLogImpl (DeletedBlockLogImpl.java:commitTransactions(292)) - Datanode txId=4 containerId=#4 committed by dnId=0838c789-5be6-4b53-844e-73c82c080a18
2023-03-23 08:06:29,584 [EventQueue-DeleteBlockStatusForDeletedBlockLogImpl] DEBUG block.DeletedBlockLogImpl (DeletedBlockLogImpl.java:isTransactionFailed(314)) - Got block deletion ACK from datanode, TXIDs=5, success=true
2023-03-23 08:06:29,584 [EventQueue-DeleteBlockStatusForDeletedBlockLogImpl] DEBUG block.DeletedBlockLogImpl (DeletedBlockLogImpl.java:commitTransactions(292)) - Datanode txId=5 containerId=#5 committed by dnId=0838c789-5be6-4b53-844e-73c82c080a18
2023-03-23 08:06:29,584 [EventQueue-DeleteBlockStatusForDeletedBlockLogImpl] DEBUG block.DeletedBlockLogImpl (DeletedBlockLogImpl.java:isTransactionFailed(314)) - Got block deletion ACK from datanode, TXIDs=6, success=true
2023-03-23 08:06:29,584 [EventQueue-DeleteBlockStatusForDeletedBlockLogImpl] DEBUG block.DeletedBlockLogImpl (DeletedBlockLogImpl.java:commitTransactions(292)) - Datanode txId=6 containerId=#6 committed by dnId=0838c789-5be6-4b53-844e-73c82c080a18
2023-03-23 08:06:29,584 [EventQueue-DeleteBlockStatusForDeletedBlockLogImpl] DEBUG block.DeletedBlockLogImpl (DeletedBlockLogImpl.java:isTransactionFailed(314)) - Got block deletion ACK from datanode, TXIDs=1, success=true
2023-03-23 08:06:29,584 [EventQueue-DeleteBlockStatusForDeletedBlockLogImpl] DEBUG block.DeletedBlockLogImpl (DeletedBlockLogImpl.java:commitTransactions(292)) - Datanode txId=1 containerId=#1 committed by dnId=0838c789-5be6-4b53-844e-73c82c080a18
2023-03-23 08:06:29,584 [EventQueue-DeleteBlockStatusForDeletedBlockLogImpl] DEBUG block.DeletedBlockLogImpl (DeletedBlockLogImpl.java:isTransactionFailed(314)) - Got block deletion ACK from datanode, TXIDs=2, success=true
2023-03-23 08:06:29,584 [EventQueue-DeleteBlockStatusForDeletedBlockLogImpl] DEBUG block.DeletedBlockLogImpl (DeletedBlockLogImpl.java:commitTransactions(292)) - Datanode txId=2 containerId=#2 committed by dnId=0838c789-5be6-4b53-844e-73c82c080a18
2023-03-23 08:06:29,584 [EventQueue-DeleteBlockStatusForDeletedBlockLogImpl] DEBUG block.DeletedBlockLogImpl (DeletedBlockLogImpl.java:isTransactionFailed(314)) - Got block deletion ACK from datanode, TXIDs=3, success=true
2023-03-23 08:06:29,584 [EventQueue-DeleteBlockStatusForDeletedBlockLogImpl] DEBUG block.DeletedBlockLogImpl (DeletedBlockLogImpl.java:commitTransactions(292)) - Datanode txId=3 containerId=#3 committed by dnId=0838c789-5be6-4b53-844e-73c82c080a18
2023-03-23 08:06:29,584 [EventQueue-DeleteBlockStatusForDeletedBlockLogImpl] DEBUG block.DeletedBlockLogImpl (DeletedBlockLogImpl.java:isTransactionFailed(314)) - Got block deletion ACK from datanode, TXIDs=4, success=true
2023-03-23 08:06:29,584 [EventQueue-DeleteBlockStatusForDeletedBlockLogImpl] DEBUG block.DeletedBlockLogImpl (DeletedBlockLogImpl.java:commitTransactions(292)) - Datanode txId=4 containerId=#4 committed by dnId=0838c789-5be6-4b53-844e-73c82c080a18
2023-03-23 08:06:29,584 [EventQueue-DeleteBlockStatusForDeletedBlockLogImpl] DEBUG block.DeletedBlockLogImpl (DeletedBlockLogImpl.java:isTransactionFailed(314)) - Got block deletion ACK from datanode, TXIDs=5, success=true
2023-03-23 08:06:29,584 [EventQueue-DeleteBlockStatusForDeletedBlockLogImpl] DEBUG block.DeletedBlockLogImpl (DeletedBlockLogImpl.java:commitTransactions(292)) - Datanode txId=5 containerId=#5 committed by dnId=0838c789-5be6-4b53-844e-73c82c080a18
2023-03-23 08:06:29,584 [EventQueue-DeleteBlockStatusForDeletedBlockLogImpl] DEBUG block.DeletedBlockLogImpl (DeletedBlockLogImpl.java:isTransactionFailed(314)) - Got block deletion ACK from datanode, TXIDs=6, success=true
2023-03-23 08:06:29,584 [EventQueue-DeleteBlockStatusForDeletedBlockLogImpl] DEBUG block.DeletedBlockLogImpl (DeletedBlockLogImpl.java:commitTransactions(292)) - Datanode txId=6 containerId=#6 committed by dnId=0838c789-5be6-4b53-844e-73c82c080a18
2023-03-23 08:06:29,584 [EventQueue-DeleteBlockStatusForDeletedBlockLogImpl] DEBUG block.DeletedBlockLogImpl (DeletedBlockLogImpl.java:isTransactionFailed(314)) - Got block deletion ACK from datanode, TXIDs=1, success=true
2023-03-23 08:06:29,584 [EventQueue-DeleteBlockStatusForDeletedBlockLogImpl] DEBUG block.DeletedBlockLogImpl (DeletedBlockLogImpl.java:commitTransactions(292)) - Datanode txId=1 containerId=#1 committed by dnId=0838c789-5be6-4b53-844e-73c82c080a18
2023-03-23 08:06:29,584 [EventQueue-DeleteBlockStatusForDeletedBlockLogImpl] DEBUG block.DeletedBlockLogImpl (DeletedBlockLogImpl.java:isTransactionFailed(314)) - Got block deletion ACK from datanode, TXIDs=2, success=true
2023-03-23 08:06:29,584 [EventQueue-DeleteBlockStatusForDeletedBlockLogImpl] DEBUG block.DeletedBlockLogImpl (DeletedBlockLogImpl.java:commitTransactions(292)) - Datanode txId=2 containerId=#2 committed by dnId=0838c789-5be6-4b53-844e-73c82c080a18
2023-03-23 08:06:29,584 [EventQueue-DeleteBlockStatusForDeletedBlockLogImpl] DEBUG block.DeletedBlockLogImpl (DeletedBlockLogImpl.java:isTransactionFailed(314)) - Got block deletion ACK from datanode, TXIDs=1, success=true
2023-03-23 08:06:29,584 [EventQueue-DeleteBlockStatusForDeletedBlockLogImpl] DEBUG block.DeletedBlockLogImpl (DeletedBlockLogImpl.java:commitTransactions(292)) - Datanode txId=1 containerId=#1 committed by dnId=0838c789-5be6-4b53-844e-73c82c080a18
2023-03-23 08:06:29,584 [EventQueue-DeleteBlockStatusForDeletedBlockLogImpl] DEBUG block.DeletedBlockLogImpl (DeletedBlockLogImpl.java:isTransactionFailed(314)) - Got block deletion ACK from datanode, TXIDs=2, success=true
2023-03-23 08:06:29,584 [EventQueue-DeleteBlockStatusForDeletedBlockLogImpl] DEBUG block.DeletedBlockLogImpl (DeletedBlockLogImpl.java:commitTransactions(292)) - Datanode txId=2 containerId=#2 committed by dnId=0838c789-5be6-4b53-844e-73c82c080a18
2023-03-23 08:06:29,585 [EventQueue-DeleteBlockStatusForDeletedBlockLogImpl] DEBUG block.DeletedBlockLogImpl (DeletedBlockLogImpl.java:isTransactionFailed(314)) - Got block deletion ACK from datanode, TXIDs=3, success=true
2023-03-23 08:06:29,585 [EventQueue-DeleteBlockStatusForDeletedBlockLogImpl] DEBUG block.DeletedBlockLogImpl (DeletedBlockLogImpl.java:commitTransactions(292)) - Datanode txId=3 containerId=#3 committed by dnId=0838c789-5be6-4b53-844e-73c82c080a18
2023-03-23 08:06:29,585 [EventQueue-DeleteBlockStatusForDeletedBlockLogImpl] DEBUG block.DeletedBlockLogImpl (DeletedBlockLogImpl.java:isTransactionFailed(314)) - Got block deletion ACK from datanode, TXIDs=4, success=true
2023-03-23 08:06:29,585 [EventQueue-DeleteBlockStatusForDeletedBlockLogImpl] DEBUG block.DeletedBlockLogImpl (DeletedBlockLogImpl.java:commitTransactions(292)) - Datanode txId=4 containerId=#4 committed by dnId=0838c789-5be6-4b53-844e-73c82c080a18
2023-03-23 08:06:29,585 [EventQueue-DeleteBlockStatusForDeletedBlockLogImpl] DEBUG block.DeletedBlockLogImpl (DeletedBlockLogImpl.java:isTransactionFailed(314)) - Got block deletion ACK from datanode, TXIDs=5, success=true
2023-03-23 08:06:29,585 [EventQueue-DeleteBlockStatusForDeletedBlockLogImpl] DEBUG block.DeletedBlockLogImpl (DeletedBlockLogImpl.java:commitTransactions(292)) - Datanode txId=5 containerId=#5 committed by dnId=0838c789-5be6-4b53-844e-73c82c080a18
2023-03-23 08:06:29,585 [EventQueue-DeleteBlockStatusForDeletedBlockLogImpl] DEBUG block.DeletedBlockLogImpl (DeletedBlockLogImpl.java:isTransactionFailed(314)) - Got block deletion ACK from datanode, TXIDs=6, success=true
2023-03-23 08:06:29,585 [EventQueue-DeleteBlockStatusForDeletedBlockLogImpl] DEBUG block.DeletedBlockLogImpl (DeletedBlockLogImpl.java:commitTransactions(292)) - Datanode txId=6 containerId=#6 committed by dnId=0838c789-5be6-4b53-844e-73c82c080a18
2023-03-23 08:06:29,585 [EventQueue-DeleteBlockStatusForDeletedBlockLogImpl] DEBUG block.DeletedBlockLogImpl (DeletedBlockLogImpl.java:isTransactionFailed(314)) - Got block deletion ACK from datanode, TXIDs=1, success=true
2023-03-23 08:06:29,585 [EventQueue-DeleteBlockStatusForDeletedBlockLogImpl] DEBUG block.DeletedBlockLogImpl (DeletedBlockLogImpl.java:commitTransactions(292)) - Datanode txId=1 containerId=#1 committed by dnId=0838c789-5be6-4b53-844e-73c82c080a18
2023-03-23 08:06:29,585 [EventQueue-DeleteBlockStatusForDeletedBlockLogImpl] DEBUG block.DeletedBlockLogImpl (DeletedBlockLogImpl.java:isTransactionFailed(314)) - Got block deletion ACK from datanode, TXIDs=2, success=true
2023-03-23 08:06:29,585 [EventQueue-DeleteBlockStatusForDeletedBlockLogImpl] DEBUG block.DeletedBlockLogImpl (DeletedBlockLogImpl.java:commitTransactions(292)) - Datanode txId=2 containerId=#2 committed by dnId=0838c789-5be6-4b53-844e-73c82c080a18
2023-03-23 08:06:29,585 [EventQueue-DeleteBlockStatusForDeletedBlockLogImpl] DEBUG block.DeletedBlockLogImpl (DeletedBlockLogImpl.java:isTransactionFailed(314)) - Got block deletion ACK from datanode, TXIDs=3, success=true
2023-03-23 08:06:29,585 [EventQueue-DeleteBlockStatusForDeletedBlockLogImpl] DEBUG block.DeletedBlockLogImpl (DeletedBlockLogImpl.java:commitTransactions(292)) - Datanode txId=3 containerId=#3 committed by dnId=0838c789-5be6-4b53-844e-73c82c080a18
2023-03-23 08:06:29,585 [EventQueue-DeleteBlockStatusForDeletedBlockLogImpl] DEBUG block.DeletedBlockLogImpl (DeletedBlockLogImpl.java:isTransactionFailed(314)) - Got block deletion ACK from datanode, TXIDs=4, success=true
2023-03-23 08:06:29,585 [EventQueue-DeleteBlockStatusForDeletedBlockLogImpl] DEBUG block.DeletedBlockLogImpl (DeletedBlockLogImpl.java:commitTransactions(292)) - Datanode txId=4 containerId=#4 committed by dnId=0838c789-5be6-4b53-844e-73c82c080a18
2023-03-23 08:06:29,585 [EventQueue-DeleteBlockStatusForDeletedBlockLogImpl] DEBUG block.DeletedBlockLogImpl (DeletedBlockLogImpl.java:isTransactionFailed(314)) - Got block deletion ACK from datanode, TXIDs=5, success=true
2023-03-23 08:06:29,585 [EventQueue-DeleteBlockStatusForDeletedBlockLogImpl] DEBUG block.DeletedBlockLogImpl (DeletedBlockLogImpl.java:commitTransactions(292)) - Datanode txId=5 containerId=#5 committed by dnId=0838c789-5be6-4b53-844e-73c82c080a18
2023-03-23 08:06:29,585 [EventQueue-DeleteBlockStatusForDeletedBlockLogImpl] DEBUG block.DeletedBlockLogImpl (DeletedBlockLogImpl.java:isTransactionFailed(314)) - Got block deletion ACK from datanode, TXIDs=6, success=true
2023-03-23 08:06:29,585 [EventQueue-DeleteBlockStatusForDeletedBlockLogImpl] DEBUG block.DeletedBlockLogImpl (DeletedBlockLogImpl.java:commitTransactions(292)) - Datanode txId=6 containerId=#6 committed by dnId=0838c789-5be6-4b53-844e-73c82c080a18
2023-03-23 08:06:29,585 [EventQueue-DeleteBlockStatusForDeletedBlockLogImpl] DEBUG block.DeletedBlockLogImpl (DeletedBlockLogImpl.java:isTransactionFailed(314)) - Got block deletion ACK from datanode, TXIDs=1, success=true
2023-03-23 08:06:29,585 [EventQueue-DeleteBlockStatusForDeletedBlockLogImpl] DEBUG block.DeletedBlockLogImpl (DeletedBlockLogImpl.java:commitTransactions(292)) - Datanode txId=1 containerId=#1 committed by dnId=0838c789-5be6-4b53-844e-73c82c080a18
2023-03-23 08:06:29,585 [EventQueue-DeleteBlockStatusForDeletedBlockLogImpl] DEBUG block.DeletedBlockLogImpl (DeletedBlockLogImpl.java:isTransactionFailed(314)) - Got block deletion ACK from datanode, TXIDs=2, success=true
2023-03-23 08:06:29,585 [EventQueue-DeleteBlockStatusForDeletedBlockLogImpl] DEBUG block.DeletedBlockLogImpl (DeletedBlockLogImpl.java:commitTransactions(292)) - Datanode txId=2 containerId=#2 committed by dnId=0838c789-5be6-4b53-844e-73c82c080a18
2023-03-23 08:06:29,585 [EventQueue-DeleteBlockStatusForDeletedBlockLogImpl] DEBUG block.DeletedBlockLogImpl (DeletedBlockLogImpl.java:isTransactionFailed(314)) - Got block deletion ACK from datanode, TXIDs=3, success=true
2023-03-23 08:06:29,586 [EventQueue-DeleteBlockStatusForDeletedBlockLogImpl] DEBUG block.DeletedBlockLogImpl (DeletedBlockLogImpl.java:commitTransactions(292)) - Datanode txId=3 containerId=#3 committed by dnId=0838c789-5be6-4b53-844e-73c82c080a18
2023-03-23 08:06:29,586 [EventQueue-DeleteBlockStatusForDeletedBlockLogImpl] DEBUG block.DeletedBlockLogImpl (DeletedBlockLogImpl.java:isTransactionFailed(314)) - Got block deletion ACK from datanode, TXIDs=4, success=true
2023-03-23 08:06:29,586 [EventQueue-DeleteBlockStatusForDeletedBlockLogImpl] DEBUG block.DeletedBlockLogImpl (DeletedBlockLogImpl.java:commitTransactions(292)) - Datanode txId=4 containerId=#4 committed by dnId=0838c789-5be6-4b53-844e-73c82c080a18
2023-03-23 08:06:29,586 [EventQueue-DeleteBlockStatusForDeletedBlockLogImpl] DEBUG block.DeletedBlockLogImpl (DeletedBlockLogImpl.java:isTransactionFailed(314)) - Got block deletion ACK from datanode, TXIDs=5, success=true
2023-03-23 08:06:29,586 [EventQueue-DeleteBlockStatusForDeletedBlockLogImpl] DEBUG block.DeletedBlockLogImpl (DeletedBlockLogImpl.java:commitTransactions(292)) - Datanode txId=5 containerId=#5 committed by dnId=0838c789-5be6-4b53-844e-73c82c080a18
2023-03-23 08:06:29,586 [EventQueue-DeleteBlockStatusForDeletedBlockLogImpl] DEBUG block.DeletedBlockLogImpl (DeletedBlockLogImpl.java:isTransactionFailed(314)) - Got block deletion ACK from datanode, TXIDs=6, success=true
2023-03-23 08:06:29,586 [EventQueue-DeleteBlockStatusForDeletedBlockLogImpl] DEBUG block.DeletedBlockLogImpl (DeletedBlockLogImpl.java:commitTransactions(292)) - Datanode txId=6 containerId=#6 committed by dnId=0838c789-5be6-4b53-844e-73c82c080a18
2023-03-23 08:06:29,592 [BlockDeletingService#2] INFO  interfaces.ContainerDeletionChoosingPolicyTemplate (ContainerDeletionChoosingPolicyTemplate.java:chooseContainerForBlockDeletion(83)) - Chosen 0/5000 blocks from 0 candidate containers.
2023-03-23 08:06:29,629 [SCMBlockDeletingService#0] DEBUG block.SCMBlockDeletingService (SCMBlockDeletingService.java:call(136)) - Running DeletedBlockTransactionScanner
2023-03-23 08:06:29,629 [SCMBlockDeletingService#0] DEBUG block.SCMBlockDeletingService (DatanodeDeletedBlockTransactions.java:addTransactionToDN(50)) - Transaction added: 2b202a02-6273-4262-ac40-cc676055620c <- TX(1)
2023-03-23 08:06:29,629 [SCMBlockDeletingService#0] DEBUG block.SCMBlockDeletingService (DatanodeDeletedBlockTransactions.java:addTransactionToDN(50)) - Transaction added: 9852ed25-ff4d-4e5e-8bb3-2709f3d2ddbb <- TX(1)
2023-03-23 08:06:29,629 [SCMBlockDeletingService#0] DEBUG block.SCMBlockDeletingService (DatanodeDeletedBlockTransactions.java:addTransactionToDN(50)) - Transaction added: 2b202a02-6273-4262-ac40-cc676055620c <- TX(2)
2023-03-23 08:06:29,630 [SCMBlockDeletingService#0] DEBUG block.SCMBlockDeletingService (DatanodeDeletedBlockTransactions.java:addTransactionToDN(50)) - Transaction added: 9852ed25-ff4d-4e5e-8bb3-2709f3d2ddbb <- TX(2)
2023-03-23 08:06:29,630 [SCMBlockDeletingService#0] DEBUG block.SCMBlockDeletingService (DatanodeDeletedBlockTransactions.java:addTransactionToDN(50)) - Transaction added: 2b202a02-6273-4262-ac40-cc676055620c <- TX(3)
2023-03-23 08:06:29,630 [SCMBlockDeletingService#0] DEBUG block.SCMBlockDeletingService (DatanodeDeletedBlockTransactions.java:addTransactionToDN(50)) - Transaction added: 9852ed25-ff4d-4e5e-8bb3-2709f3d2ddbb <- TX(3)
2023-03-23 08:06:29,630 [SCMBlockDeletingService#0] DEBUG block.SCMBlockDeletingService (DatanodeDeletedBlockTransactions.java:addTransactionToDN(50)) - Transaction added: 2b202a02-6273-4262-ac40-cc676055620c <- TX(4)
2023-03-23 08:06:29,630 [SCMBlockDeletingService#0] DEBUG block.SCMBlockDeletingService (DatanodeDeletedBlockTransactions.java:addTransactionToDN(50)) - Transaction added: 9852ed25-ff4d-4e5e-8bb3-2709f3d2ddbb <- TX(4)
2023-03-23 08:06:29,630 [SCMBlockDeletingService#0] DEBUG block.SCMBlockDeletingService (DatanodeDeletedBlockTransactions.java:addTransactionToDN(50)) - Transaction added: 9852ed25-ff4d-4e5e-8bb3-2709f3d2ddbb <- TX(5)
2023-03-23 08:06:29,630 [SCMBlockDeletingService#0] DEBUG block.SCMBlockDeletingService (DatanodeDeletedBlockTransactions.java:addTransactionToDN(50)) - Transaction added: 2b202a02-6273-4262-ac40-cc676055620c <- TX(5)
2023-03-23 08:06:29,630 [SCMBlockDeletingService#0] DEBUG block.SCMBlockDeletingService (DatanodeDeletedBlockTransactions.java:addTransactionToDN(50)) - Transaction added: 9852ed25-ff4d-4e5e-8bb3-2709f3d2ddbb <- TX(6)
2023-03-23 08:06:29,630 [SCMBlockDeletingService#0] DEBUG block.SCMBlockDeletingService (DatanodeDeletedBlockTransactions.java:addTransactionToDN(50)) - Transaction added: 2b202a02-6273-4262-ac40-cc676055620c <- TX(6)
2023-03-23 08:06:29,630 [SCMBlockDeletingService#0] DEBUG block.SCMBlockDeletingService (SCMBlockDeletingService.java:call(171)) - Added delete block command for datanode 9852ed25-ff4d-4e5e-8bb3-2709f3d2ddbb in the queue, number of delete block transactions: 6
2023-03-23 08:06:29,630 [SCMBlockDeletingService#0] DEBUG block.SCMBlockDeletingService (SCMBlockDeletingService.java:call(171)) - Added delete block command for datanode 2b202a02-6273-4262-ac40-cc676055620c in the queue, number of delete block transactions: 6
2023-03-23 08:06:29,630 [SCMBlockDeletingService#0] INFO  block.SCMBlockDeletingService (SCMBlockDeletingService.java:call(180)) - Totally added 12 blocks to be deleted for 2 datanodes, task elapsed time: 1ms
2023-03-23 08:06:29,673 [BlockDeletingService#1] INFO  interfaces.ContainerDeletionChoosingPolicyTemplate (ContainerDeletionChoosingPolicyTemplate.java:chooseContainerForBlockDeletion(83)) - Chosen 0/5000 blocks from 0 candidate containers.
2023-03-23 08:06:29,674 [BlockDeletingService#2] INFO  interfaces.ContainerDeletionChoosingPolicyTemplate (ContainerDeletionChoosingPolicyTemplate.java:chooseContainerForBlockDeletion(83)) - Chosen 0/5000 blocks from 0 candidate containers.
2023-03-23 08:06:29,692 [BlockDeletingService#2] INFO  interfaces.ContainerDeletionChoosingPolicyTemplate (ContainerDeletionChoosingPolicyTemplate.java:chooseContainerForBlockDeletion(83)) - Chosen 0/5000 blocks from 0 candidate containers.
2023-03-23 08:06:29,729 [SCMBlockDeletingService#0] DEBUG block.SCMBlockDeletingService (SCMBlockDeletingService.java:call(136)) - Running DeletedBlockTransactionScanner
2023-03-23 08:06:29,773 [BlockDeletingService#1] INFO  interfaces.ContainerDeletionChoosingPolicyTemplate (ContainerDeletionChoosingPolicyTemplate.java:chooseContainerForBlockDeletion(83)) - Chosen 0/5000 blocks from 0 candidate containers.
2023-03-23 08:06:29,775 [BlockDeletingService#2] INFO  interfaces.ContainerDeletionChoosingPolicyTemplate (ContainerDeletionChoosingPolicyTemplate.java:chooseContainerForBlockDeletion(83)) - Chosen 0/5000 blocks from 0 candidate containers.
2023-03-23 08:06:29,792 [BlockDeletingService#2] INFO  interfaces.ContainerDeletionChoosingPolicyTemplate (ContainerDeletionChoosingPolicyTemplate.java:chooseContainerForBlockDeletion(83)) - Chosen 0/5000 blocks from 0 candidate containers.
2023-03-23 08:06:29,794 [org.apache.hadoop.ozone.container.common.statemachine.commandhandler.DeleteBlocksCommandHandler$DeleteCmdWorker@55064b55] INFO  commandhandler.DeleteBlocksCommandHandler (DeleteBlocksCommandHandler.java:processCmd(272)) - Start to delete container blocks, TXIDs=[1(0),2(0)], numOfContainers=2, numOfBlocks=2
2023-03-23 08:06:29,795 [org.apache.hadoop.ozone.container.common.statemachine.commandhandler.DeleteBlocksCommandHandler$DeleteCmdWorker@55064b55] INFO  commandhandler.DeleteBlocksCommandHandler (DeleteBlocksCommandHandler.java:processCmd(272)) - Start to delete container blocks, TXIDs=[1(1),2(1),3(0),4(0),5(0),6(0)], numOfContainers=6, numOfBlocks=6
2023-03-23 08:06:29,795 [DeleteBlocksCommandHandlerThread-2] INFO  commandhandler.DeleteBlocksCommandHandler (DeleteBlocksCommandHandler.java:logDeleteTransaction(489)) - Delete blocks for containerId: 1 is either received out of order or retried, 1 <= 1
2023-03-23 08:06:29,796 [DeleteBlocksCommandHandlerThread-3] INFO  commandhandler.DeleteBlocksCommandHandler (DeleteBlocksCommandHandler.java:logDeleteTransaction(489)) - Delete blocks for containerId: 2 is either received out of order or retried, 2 <= 2
2023-03-23 08:06:29,798 [org.apache.hadoop.ozone.container.common.statemachine.commandhandler.DeleteBlocksCommandHandler$DeleteCmdWorker@55064b55] INFO  commandhandler.DeleteBlocksCommandHandler (DeleteBlocksCommandHandler.java:processCmd(272)) - Start to delete container blocks, TXIDs=[1(2),2(2),3(1),4(1),5(1),6(1)], numOfContainers=6, numOfBlocks=6
2023-03-23 08:06:29,798 [DeleteBlocksCommandHandlerThread-0] INFO  commandhandler.DeleteBlocksCommandHandler (DeleteBlocksCommandHandler.java:logDeleteTransaction(489)) - Delete blocks for containerId: 1 is either received out of order or retried, 1 <= 1
2023-03-23 08:06:29,798 [DeleteBlocksCommandHandlerThread-0] INFO  commandhandler.DeleteBlocksCommandHandler (DeleteBlocksCommandHandler.java:logDeleteTransaction(489)) - Delete blocks for containerId: 2 is either received out of order or retried, 2 <= 2
2023-03-23 08:06:29,798 [DeleteBlocksCommandHandlerThread-0] INFO  commandhandler.DeleteBlocksCommandHandler (DeleteBlocksCommandHandler.java:logDeleteTransaction(489)) - Delete blocks for containerId: 3 is either received out of order or retried, 3 <= 3
2023-03-23 08:06:29,798 [DeleteBlocksCommandHandlerThread-0] INFO  commandhandler.DeleteBlocksCommandHandler (DeleteBlocksCommandHandler.java:logDeleteTransaction(489)) - Delete blocks for containerId: 4 is either received out of order or retried, 4 <= 4
2023-03-23 08:06:29,798 [DeleteBlocksCommandHandlerThread-0] INFO  commandhandler.DeleteBlocksCommandHandler (DeleteBlocksCommandHandler.java:logDeleteTransaction(489)) - Delete blocks for containerId: 5 is either received out of order or retried, 5 <= 5
2023-03-23 08:06:29,798 [DeleteBlocksCommandHandlerThread-0] INFO  commandhandler.DeleteBlocksCommandHandler (DeleteBlocksCommandHandler.java:logDeleteTransaction(489)) - Delete blocks for containerId: 6 is either received out of order or retried, 6 <= 6
2023-03-23 08:06:29,798 [org.apache.hadoop.ozone.container.common.statemachine.commandhandler.DeleteBlocksCommandHandler$DeleteCmdWorker@55064b55] INFO  commandhandler.DeleteBlocksCommandHandler (DeleteBlocksCommandHandler.java:processCmd(272)) - Start to delete container blocks, TXIDs=[1(3),2(3),3(2),4(2),5(2),6(2)], numOfContainers=6, numOfBlocks=6
2023-03-23 08:06:29,799 [DeleteBlocksCommandHandlerThread-3] INFO  commandhandler.DeleteBlocksCommandHandler (DeleteBlocksCommandHandler.java:logDeleteTransaction(489)) - Delete blocks for containerId: 1 is either received out of order or retried, 1 <= 1
2023-03-23 08:06:29,799 [DeleteBlocksCommandHandlerThread-1] INFO  commandhandler.DeleteBlocksCommandHandler (DeleteBlocksCommandHandler.java:logDeleteTransaction(489)) - Delete blocks for containerId: 2 is either received out of order or retried, 2 <= 2
2023-03-23 08:06:29,799 [DeleteBlocksCommandHandlerThread-3] INFO  commandhandler.DeleteBlocksCommandHandler (DeleteBlocksCommandHandler.java:logDeleteTransaction(489)) - Delete blocks for containerId: 3 is either received out of order or retried, 3 <= 3
2023-03-23 08:06:29,799 [DeleteBlocksCommandHandlerThread-3] INFO  commandhandler.DeleteBlocksCommandHandler (DeleteBlocksCommandHandler.java:logDeleteTransaction(489)) - Delete blocks for containerId: 5 is either received out of order or retried, 5 <= 5
2023-03-23 08:06:29,799 [DeleteBlocksCommandHandlerThread-2] INFO  commandhandler.DeleteBlocksCommandHandler (DeleteBlocksCommandHandler.java:logDeleteTransaction(489)) - Delete blocks for containerId: 6 is either received out of order or retried, 6 <= 6
2023-03-23 08:06:29,799 [DeleteBlocksCommandHandlerThread-1] INFO  commandhandler.DeleteBlocksCommandHandler (DeleteBlocksCommandHandler.java:logDeleteTransaction(489)) - Delete blocks for containerId: 4 is either received out of order or retried, 4 <= 4
2023-03-23 08:06:29,799 [org.apache.hadoop.ozone.container.common.statemachine.commandhandler.DeleteBlocksCommandHandler$DeleteCmdWorker@55064b55] INFO  commandhandler.DeleteBlocksCommandHandler (DeleteBlocksCommandHandler.java:processCmd(272)) - Start to delete container blocks, TXIDs=[1(4),2(4),3(3),4(3),5(3),6(3)], numOfContainers=6, numOfBlocks=6
2023-03-23 08:06:29,799 [DeleteBlocksCommandHandlerThread-0] INFO  commandhandler.DeleteBlocksCommandHandler (DeleteBlocksCommandHandler.java:logDeleteTransaction(489)) - Delete blocks for containerId: 1 is either received out of order or retried, 1 <= 1
2023-03-23 08:06:29,799 [DeleteBlocksCommandHandlerThread-0] INFO  commandhandler.DeleteBlocksCommandHandler (DeleteBlocksCommandHandler.java:logDeleteTransaction(489)) - Delete blocks for containerId: 2 is either received out of order or retried, 2 <= 2
2023-03-23 08:06:29,800 [DeleteBlocksCommandHandlerThread-0] INFO  commandhandler.DeleteBlocksCommandHandler (DeleteBlocksCommandHandler.java:logDeleteTransaction(489)) - Delete blocks for containerId: 3 is either received out of order or retried, 3 <= 3
2023-03-23 08:06:29,800 [DeleteBlocksCommandHandlerThread-0] INFO  commandhandler.DeleteBlocksCommandHandler (DeleteBlocksCommandHandler.java:logDeleteTransaction(489)) - Delete blocks for containerId: 4 is either received out of order or retried, 4 <= 4
2023-03-23 08:06:29,800 [DeleteBlocksCommandHandlerThread-0] INFO  commandhandler.DeleteBlocksCommandHandler (DeleteBlocksCommandHandler.java:logDeleteTransaction(489)) - Delete blocks for containerId: 5 is either received out of order or retried, 5 <= 5
2023-03-23 08:06:29,800 [DeleteBlocksCommandHandlerThread-0] INFO  commandhandler.DeleteBlocksCommandHandler (DeleteBlocksCommandHandler.java:logDeleteTransaction(489)) - Delete blocks for containerId: 6 is either received out of order or retried, 6 <= 6
2023-03-23 08:06:29,800 [org.apache.hadoop.ozone.container.common.statemachine.commandhandler.DeleteBlocksCommandHandler$DeleteCmdWorker@55064b55] INFO  commandhandler.DeleteBlocksCommandHandler (DeleteBlocksCommandHandler.java:processCmd(272)) - Start to delete container blocks, TXIDs=[1(5),2(5),3(4),4(4),5(4),6(4)], numOfContainers=6, numOfBlocks=6
2023-03-23 08:06:29,800 [DeleteBlocksCommandHandlerThread-4] INFO  commandhandler.DeleteBlocksCommandHandler (DeleteBlocksCommandHandler.java:logDeleteTransaction(489)) - Delete blocks for containerId: 1 is either received out of order or retried, 1 <= 1
2023-03-23 08:06:29,800 [DeleteBlocksCommandHandlerThread-4] INFO  commandhandler.DeleteBlocksCommandHandler (DeleteBlocksCommandHandler.java:logDeleteTransaction(489)) - Delete blocks for containerId: 2 is either received out of order or retried, 2 <= 2
2023-03-23 08:06:29,800 [DeleteBlocksCommandHandlerThread-3] INFO  commandhandler.DeleteBlocksCommandHandler (DeleteBlocksCommandHandler.java:logDeleteTransaction(489)) - Delete blocks for containerId: 3 is either received out of order or retried, 3 <= 3
2023-03-23 08:06:29,800 [DeleteBlocksCommandHandlerThread-2] INFO  commandhandler.DeleteBlocksCommandHandler (DeleteBlocksCommandHandler.java:logDeleteTransaction(489)) - Delete blocks for containerId: 4 is either received out of order or retried, 4 <= 4
2023-03-23 08:06:29,800 [DeleteBlocksCommandHandlerThread-3] INFO  commandhandler.DeleteBlocksCommandHandler (DeleteBlocksCommandHandler.java:logDeleteTransaction(489)) - Delete blocks for containerId: 5 is either received out of order or retried, 5 <= 5
2023-03-23 08:06:29,801 [DeleteBlocksCommandHandlerThread-2] INFO  commandhandler.DeleteBlocksCommandHandler (DeleteBlocksCommandHandler.java:logDeleteTransaction(489)) - Delete blocks for containerId: 6 is either received out of order or retried, 6 <= 6
2023-03-23 08:06:29,801 [org.apache.hadoop.ozone.container.common.statemachine.commandhandler.DeleteBlocksCommandHandler$DeleteCmdWorker@55064b55] INFO  commandhandler.DeleteBlocksCommandHandler (DeleteBlocksCommandHandler.java:processCmd(272)) - Start to delete container blocks, TXIDs=[1(6),2(6),3(5),4(5),5(5),6(5)], numOfContainers=6, numOfBlocks=6
2023-03-23 08:06:29,801 [DeleteBlocksCommandHandlerThread-3] INFO  commandhandler.DeleteBlocksCommandHandler (DeleteBlocksCommandHandler.java:logDeleteTransaction(489)) - Delete blocks for containerId: 1 is either received out of order or retried, 1 <= 1
2023-03-23 08:06:29,801 [DeleteBlocksCommandHandlerThread-4] INFO  commandhandler.DeleteBlocksCommandHandler (DeleteBlocksCommandHandler.java:logDeleteTransaction(489)) - Delete blocks for containerId: 2 is either received out of order or retried, 2 <= 2
2023-03-23 08:06:29,801 [DeleteBlocksCommandHandlerThread-2] INFO  commandhandler.DeleteBlocksCommandHandler (DeleteBlocksCommandHandler.java:logDeleteTransaction(489)) - Delete blocks for containerId: 5 is either received out of order or retried, 5 <= 5
2023-03-23 08:06:29,801 [DeleteBlocksCommandHandlerThread-4] INFO  commandhandler.DeleteBlocksCommandHandler (DeleteBlocksCommandHandler.java:logDeleteTransaction(489)) - Delete blocks for containerId: 6 is either received out of order or retried, 6 <= 6
2023-03-23 08:06:29,801 [DeleteBlocksCommandHandlerThread-1] INFO  commandhandler.DeleteBlocksCommandHandler (DeleteBlocksCommandHandler.java:logDeleteTransaction(489)) - Delete blocks for containerId: 3 is either received out of order or retried, 3 <= 3
2023-03-23 08:06:29,801 [DeleteBlocksCommandHandlerThread-0] INFO  commandhandler.DeleteBlocksCommandHandler (DeleteBlocksCommandHandler.java:logDeleteTransaction(489)) - Delete blocks for containerId: 4 is either received out of order or retried, 4 <= 4
2023-03-23 08:06:29,802 [org.apache.hadoop.ozone.container.common.statemachine.commandhandler.DeleteBlocksCommandHandler$DeleteCmdWorker@55064b55] INFO  commandhandler.DeleteBlocksCommandHandler (DeleteBlocksCommandHandler.java:processCmd(272)) - Start to delete container blocks, TXIDs=[1(7),2(7),3(6),4(6),5(6),6(6)], numOfContainers=6, numOfBlocks=6
2023-03-23 08:06:29,802 [DeleteBlocksCommandHandlerThread-2] INFO  commandhandler.DeleteBlocksCommandHandler (DeleteBlocksCommandHandler.java:logDeleteTransaction(489)) - Delete blocks for containerId: 1 is either received out of order or retried, 1 <= 1
2023-03-23 08:06:29,802 [DeleteBlocksCommandHandlerThread-0] INFO  commandhandler.DeleteBlocksCommandHandler (DeleteBlocksCommandHandler.java:logDeleteTransaction(489)) - Delete blocks for containerId: 4 is either received out of order or retried, 4 <= 4
2023-03-23 08:06:29,802 [DeleteBlocksCommandHandlerThread-1] INFO  commandhandler.DeleteBlocksCommandHandler (DeleteBlocksCommandHandler.java:logDeleteTransaction(489)) - Delete blocks for containerId: 5 is either received out of order or retried, 5 <= 5
2023-03-23 08:06:29,802 [DeleteBlocksCommandHandlerThread-0] INFO  commandhandler.DeleteBlocksCommandHandler (DeleteBlocksCommandHandler.java:logDeleteTransaction(489)) - Delete blocks for containerId: 6 is either received out of order or retried, 6 <= 6
2023-03-23 08:06:29,802 [DeleteBlocksCommandHandlerThread-3] INFO  commandhandler.DeleteBlocksCommandHandler (DeleteBlocksCommandHandler.java:logDeleteTransaction(489)) - Delete blocks for containerId: 3 is either received out of order or retried, 3 <= 3
2023-03-23 08:06:29,802 [DeleteBlocksCommandHandlerThread-4] INFO  commandhandler.DeleteBlocksCommandHandler (DeleteBlocksCommandHandler.java:logDeleteTransaction(489)) - Delete blocks for containerId: 2 is either received out of order or retried, 2 <= 2
2023-03-23 08:06:29,803 [org.apache.hadoop.ozone.container.common.statemachine.commandhandler.DeleteBlocksCommandHandler$DeleteCmdWorker@55064b55] INFO  commandhandler.DeleteBlocksCommandHandler (DeleteBlocksCommandHandler.java:processCmd(272)) - Start to delete container blocks, TXIDs=[1(8),2(8),3(7),4(7),5(7),6(7)], numOfContainers=6, numOfBlocks=6
2023-03-23 08:06:29,803 [DeleteBlocksCommandHandlerThread-0] INFO  commandhandler.DeleteBlocksCommandHandler (DeleteBlocksCommandHandler.java:logDeleteTransaction(489)) - Delete blocks for containerId: 2 is either received out of order or retried, 2 <= 2
2023-03-23 08:06:29,803 [DeleteBlocksCommandHandlerThread-2] INFO  commandhandler.DeleteBlocksCommandHandler (DeleteBlocksCommandHandler.java:logDeleteTransaction(489)) - Delete blocks for containerId: 3 is either received out of order or retried, 3 <= 3
2023-03-23 08:06:29,803 [DeleteBlocksCommandHandlerThread-0] INFO  commandhandler.DeleteBlocksCommandHandler (DeleteBlocksCommandHandler.java:logDeleteTransaction(489)) - Delete blocks for containerId: 4 is either received out of order or retried, 4 <= 4
2023-03-23 08:06:29,803 [DeleteBlocksCommandHandlerThread-2] INFO  commandhandler.DeleteBlocksCommandHandler (DeleteBlocksCommandHandler.java:logDeleteTransaction(489)) - Delete blocks for containerId: 5 is either received out of order or retried, 5 <= 5
2023-03-23 08:06:29,803 [DeleteBlocksCommandHandlerThread-1] INFO  commandhandler.DeleteBlocksCommandHandler (DeleteBlocksCommandHandler.java:logDeleteTransaction(489)) - Delete blocks for containerId: 1 is either received out of order or retried, 1 <= 1
2023-03-23 08:06:29,803 [DeleteBlocksCommandHandlerThread-0] INFO  commandhandler.DeleteBlocksCommandHandler (DeleteBlocksCommandHandler.java:logDeleteTransaction(489)) - Delete blocks for containerId: 6 is either received out of order or retried, 6 <= 6
2023-03-23 08:06:29,829 [SCMBlockDeletingService#0] DEBUG block.SCMBlockDeletingService (SCMBlockDeletingService.java:call(136)) - Running DeletedBlockTransactionScanner
2023-03-23 08:06:29,829 [SCMBlockDeletingService#0] DEBUG block.SCMBlockDeletingService (DatanodeDeletedBlockTransactions.java:addTransactionToDN(50)) - Transaction added: 2b202a02-6273-4262-ac40-cc676055620c <- TX(1)
2023-03-23 08:06:29,830 [SCMBlockDeletingService#0] DEBUG block.SCMBlockDeletingService (DatanodeDeletedBlockTransactions.java:addTransactionToDN(50)) - Transaction added: 9852ed25-ff4d-4e5e-8bb3-2709f3d2ddbb <- TX(1)
2023-03-23 08:06:29,830 [SCMBlockDeletingService#0] DEBUG block.SCMBlockDeletingService (DatanodeDeletedBlockTransactions.java:addTransactionToDN(50)) - Transaction added: 2b202a02-6273-4262-ac40-cc676055620c <- TX(2)
2023-03-23 08:06:29,830 [SCMBlockDeletingService#0] DEBUG block.SCMBlockDeletingService (DatanodeDeletedBlockTransactions.java:addTransactionToDN(50)) - Transaction added: 9852ed25-ff4d-4e5e-8bb3-2709f3d2ddbb <- TX(2)
2023-03-23 08:06:29,830 [SCMBlockDeletingService#0] DEBUG block.SCMBlockDeletingService (DatanodeDeletedBlockTransactions.java:addTransactionToDN(50)) - Transaction added: 2b202a02-6273-4262-ac40-cc676055620c <- TX(3)
2023-03-23 08:06:29,830 [SCMBlockDeletingService#0] DEBUG block.SCMBlockDeletingService (DatanodeDeletedBlockTransactions.java:addTransactionToDN(50)) - Transaction added: 9852ed25-ff4d-4e5e-8bb3-2709f3d2ddbb <- TX(3)
2023-03-23 08:06:29,830 [SCMBlockDeletingService#0] DEBUG block.SCMBlockDeletingService (DatanodeDeletedBlockTransactions.java:addTransactionToDN(50)) - Transaction added: 2b202a02-6273-4262-ac40-cc676055620c <- TX(4)
2023-03-23 08:06:29,830 [SCMBlockDeletingService#0] DEBUG block.SCMBlockDeletingService (DatanodeDeletedBlockTransactions.java:addTransactionToDN(50)) - Transaction added: 9852ed25-ff4d-4e5e-8bb3-2709f3d2ddbb <- TX(4)
2023-03-23 08:06:29,830 [SCMBlockDeletingService#0] DEBUG block.SCMBlockDeletingService (DatanodeDeletedBlockTransactions.java:addTransactionToDN(50)) - Transaction added: 9852ed25-ff4d-4e5e-8bb3-2709f3d2ddbb <- TX(5)
2023-03-23 08:06:29,830 [SCMBlockDeletingService#0] DEBUG block.SCMBlockDeletingService (DatanodeDeletedBlockTransactions.java:addTransactionToDN(50)) - Transaction added: 2b202a02-6273-4262-ac40-cc676055620c <- TX(5)
2023-03-23 08:06:29,830 [SCMBlockDeletingService#0] DEBUG block.SCMBlockDeletingService (DatanodeDeletedBlockTransactions.java:addTransactionToDN(50)) - Transaction added: 9852ed25-ff4d-4e5e-8bb3-2709f3d2ddbb <- TX(6)
2023-03-23 08:06:29,830 [SCMBlockDeletingService#0] DEBUG block.SCMBlockDeletingService (DatanodeDeletedBlockTransactions.java:addTransactionToDN(50)) - Transaction added: 2b202a02-6273-4262-ac40-cc676055620c <- TX(6)
2023-03-23 08:06:29,830 [SCMBlockDeletingService#0] DEBUG block.SCMBlockDeletingService (SCMBlockDeletingService.java:call(171)) - Added delete block command for datanode 9852ed25-ff4d-4e5e-8bb3-2709f3d2ddbb in the queue, number of delete block transactions: 6
2023-03-23 08:06:29,830 [SCMBlockDeletingService#0] DEBUG block.SCMBlockDeletingService (SCMBlockDeletingService.java:call(171)) - Added delete block command for datanode 2b202a02-6273-4262-ac40-cc676055620c in the queue, number of delete block transactions: 6
2023-03-23 08:06:29,830 [SCMBlockDeletingService#0] INFO  block.SCMBlockDeletingService (SCMBlockDeletingService.java:call(180)) - Totally added 12 blocks to be deleted for 2 datanodes, task elapsed time: 1ms
2023-03-23 08:06:29,874 [BlockDeletingService#1] INFO  interfaces.ContainerDeletionChoosingPolicyTemplate (ContainerDeletionChoosingPolicyTemplate.java:chooseContainerForBlockDeletion(83)) - Chosen 0/5000 blocks from 0 candidate containers.
2023-03-23 08:06:29,878 [BlockDeletingService#2] INFO  interfaces.ContainerDeletionChoosingPolicyTemplate (ContainerDeletionChoosingPolicyTemplate.java:chooseContainerForBlockDeletion(83)) - Chosen 50/4950 blocks from 6 candidate containers.
2023-03-23 08:06:29,880 [BlockDeletingService#2] INFO  impl.FilePerBlockStrategy (FilePerBlockStrategy.java:deleteChunk(252)) - Deleted block file: /home/runner/work/ozone/ozone/hadoop-ozone/integration-test/target/test-dir/MiniOzoneClusterImpl-83429495-af89-4435-a907-dab059fcfd42/datanode-1/data-0/containers/hdds/83429495-af89-4435-a907-dab059fcfd42/current/containerDir0/1/chunks/111677748019200001.block
2023-03-23 08:06:29,880 [BlockDeletingService#9] INFO  impl.FilePerBlockStrategy (FilePerBlockStrategy.java:deleteChunk(252)) - Deleted block file: /home/runner/work/ozone/ozone/hadoop-ozone/integration-test/target/test-dir/MiniOzoneClusterImpl-83429495-af89-4435-a907-dab059fcfd42/datanode-1/data-0/containers/hdds/83429495-af89-4435-a907-dab059fcfd42/current/containerDir0/6/chunks/111677748019200006.block
2023-03-23 08:06:29,881 [BlockDeletingService#2] INFO  impl.FilePerBlockStrategy (FilePerBlockStrategy.java:deleteChunk(252)) - Deleted block file: /home/runner/work/ozone/ozone/hadoop-ozone/integration-test/target/test-dir/MiniOzoneClusterImpl-83429495-af89-4435-a907-dab059fcfd42/datanode-1/data-0/containers/hdds/83429495-af89-4435-a907-dab059fcfd42/current/containerDir0/5/chunks/111677748019200005.block
2023-03-23 08:06:29,882 [BlockDeletingService#2] INFO  impl.FilePerBlockStrategy (FilePerBlockStrategy.java:deleteChunk(252)) - Deleted block file: /home/runner/work/ozone/ozone/hadoop-ozone/integration-test/target/test-dir/MiniOzoneClusterImpl-83429495-af89-4435-a907-dab059fcfd42/datanode-1/data-0/containers/hdds/83429495-af89-4435-a907-dab059fcfd42/current/containerDir0/3/chunks/111677748019200003.block
2023-03-23 08:06:29,886 [BlockDeletingService#5] INFO  impl.FilePerBlockStrategy (FilePerBlockStrategy.java:deleteChunk(252)) - Deleted block file: /home/runner/work/ozone/ozone/hadoop-ozone/integration-test/target/test-dir/MiniOzoneClusterImpl-83429495-af89-4435-a907-dab059fcfd42/datanode-1/data-0/containers/hdds/83429495-af89-4435-a907-dab059fcfd42/current/containerDir0/2/chunks/111677748019200002.block
2023-03-23 08:06:29,887 [BlockDeletingService#9] INFO  impl.FilePerBlockStrategy (FilePerBlockStrategy.java:deleteChunk(252)) - Deleted block file: /home/runner/work/ozone/ozone/hadoop-ozone/integration-test/target/test-dir/MiniOzoneClusterImpl-83429495-af89-4435-a907-dab059fcfd42/datanode-1/data-0/containers/hdds/83429495-af89-4435-a907-dab059fcfd42/current/containerDir0/4/chunks/111677748019200004.block
2023-03-23 08:06:29,893 [BlockDeletingService#2] INFO  interfaces.ContainerDeletionChoosingPolicyTemplate (ContainerDeletionChoosingPolicyTemplate.java:chooseContainerForBlockDeletion(83)) - Chosen 0/5000 blocks from 0 candidate containers.
2023-03-23 08:06:29,929 [SCMBlockDeletingService#0] DEBUG block.SCMBlockDeletingService (SCMBlockDeletingService.java:call(136)) - Running DeletedBlockTransactionScanner
2023-03-23 08:06:29,972 [EventQueue-DeleteBlockStatusForDeletedBlockLogImpl] DEBUG block.DeletedBlockLogImpl (DeletedBlockLogImpl.java:isTransactionFailed(314)) - Got block deletion ACK from datanode, TXIDs=1, success=true
2023-03-23 08:06:29,972 [EventQueue-DeleteBlockStatusForDeletedBlockLogImpl] DEBUG block.DeletedBlockLogImpl (DeletedBlockLogImpl.java:commitTransactions(292)) - Datanode txId=1 containerId=#1 committed by dnId=9852ed25-ff4d-4e5e-8bb3-2709f3d2ddbb
2023-03-23 08:06:29,972 [EventQueue-DeleteBlockStatusForDeletedBlockLogImpl] DEBUG block.DeletedBlockLogImpl (DeletedBlockLogImpl.java:isTransactionFailed(314)) - Got block deletion ACK from datanode, TXIDs=2, success=true
2023-03-23 08:06:29,972 [EventQueue-DeleteBlockStatusForDeletedBlockLogImpl] DEBUG block.DeletedBlockLogImpl (DeletedBlockLogImpl.java:commitTransactions(292)) - Datanode txId=2 containerId=#2 committed by dnId=9852ed25-ff4d-4e5e-8bb3-2709f3d2ddbb
2023-03-23 08:06:29,972 [EventQueue-DeleteBlockStatusForDeletedBlockLogImpl] DEBUG block.DeletedBlockLogImpl (DeletedBlockLogImpl.java:isTransactionFailed(314)) - Got block deletion ACK from datanode, TXIDs=3, success=true
2023-03-23 08:06:29,972 [EventQueue-DeleteBlockStatusForDeletedBlockLogImpl] DEBUG block.DeletedBlockLogImpl (DeletedBlockLogImpl.java:commitTransactions(292)) - Datanode txId=3 containerId=#3 committed by dnId=9852ed25-ff4d-4e5e-8bb3-2709f3d2ddbb
2023-03-23 08:06:29,972 [EventQueue-DeleteBlockStatusForDeletedBlockLogImpl] DEBUG block.DeletedBlockLogImpl (DeletedBlockLogImpl.java:isTransactionFailed(314)) - Got block deletion ACK from datanode, TXIDs=4, success=true
2023-03-23 08:06:29,972 [EventQueue-DeleteBlockStatusForDeletedBlockLogImpl] DEBUG block.DeletedBlockLogImpl (DeletedBlockLogImpl.java:commitTransactions(292)) - Datanode txId=4 containerId=#4 committed by dnId=9852ed25-ff4d-4e5e-8bb3-2709f3d2ddbb
2023-03-23 08:06:29,972 [EventQueue-DeleteBlockStatusForDeletedBlockLogImpl] DEBUG block.DeletedBlockLogImpl (DeletedBlockLogImpl.java:isTransactionFailed(314)) - Got block deletion ACK from datanode, TXIDs=5, success=true
2023-03-23 08:06:29,972 [EventQueue-DeleteBlockStatusForDeletedBlockLogImpl] DEBUG block.DeletedBlockLogImpl (DeletedBlockLogImpl.java:commitTransactions(292)) - Datanode txId=5 containerId=#5 committed by dnId=9852ed25-ff4d-4e5e-8bb3-2709f3d2ddbb
2023-03-23 08:06:29,972 [EventQueue-DeleteBlockStatusForDeletedBlockLogImpl] DEBUG block.DeletedBlockLogImpl (DeletedBlockLogImpl.java:isTransactionFailed(314)) - Got block deletion ACK from datanode, TXIDs=6, success=true
2023-03-23 08:06:29,972 [EventQueue-DeleteBlockStatusForDeletedBlockLogImpl] DEBUG block.DeletedBlockLogImpl (DeletedBlockLogImpl.java:commitTransactions(292)) - Datanode txId=6 containerId=#6 committed by dnId=9852ed25-ff4d-4e5e-8bb3-2709f3d2ddbb
2023-03-23 08:06:29,972 [EventQueue-DeleteBlockStatusForDeletedBlockLogImpl] DEBUG block.DeletedBlockLogImpl (DeletedBlockLogImpl.java:isTransactionFailed(314)) - Got block deletion ACK from datanode, TXIDs=1, success=true
2023-03-23 08:06:29,973 [EventQueue-DeleteBlockStatusForDeletedBlockLogImpl] DEBUG block.DeletedBlockLogImpl (DeletedBlockLogImpl.java:commitTransactions(292)) - Datanode txId=1 containerId=#1 committed by dnId=9852ed25-ff4d-4e5e-8bb3-2709f3d2ddbb
2023-03-23 08:06:29,973 [EventQueue-DeleteBlockStatusForDeletedBlockLogImpl] DEBUG block.DeletedBlockLogImpl (DeletedBlockLogImpl.java:isTransactionFailed(314)) - Got block deletion ACK from datanode, TXIDs=2, success=true
2023-03-23 08:06:29,973 [EventQueue-DeleteBlockStatusForDeletedBlockLogImpl] DEBUG block.DeletedBlockLogImpl (DeletedBlockLogImpl.java:commitTransactions(292)) - Datanode txId=2 containerId=#2 committed by dnId=9852ed25-ff4d-4e5e-8bb3-2709f3d2ddbb
2023-03-23 08:06:29,973 [EventQueue-DeleteBlockStatusForDeletedBlockLogImpl] DEBUG block.DeletedBlockLogImpl (DeletedBlockLogImpl.java:isTransactionFailed(314)) - Got block deletion ACK from datanode, TXIDs=3, success=true
2023-03-23 08:06:29,973 [EventQueue-DeleteBlockStatusForDeletedBlockLogImpl] DEBUG block.DeletedBlockLogImpl (DeletedBlockLogImpl.java:commitTransactions(292)) - Datanode txId=3 containerId=#3 committed by dnId=9852ed25-ff4d-4e5e-8bb3-2709f3d2ddbb
2023-03-23 08:06:29,973 [EventQueue-DeleteBlockStatusForDeletedBlockLogImpl] DEBUG block.DeletedBlockLogImpl (DeletedBlockLogImpl.java:isTransactionFailed(314)) - Got block deletion ACK from datanode, TXIDs=4, success=true
2023-03-23 08:06:29,973 [EventQueue-DeleteBlockStatusForDeletedBlockLogImpl] DEBUG block.DeletedBlockLogImpl (DeletedBlockLogImpl.java:commitTransactions(292)) - Datanode txId=4 containerId=#4 committed by dnId=9852ed25-ff4d-4e5e-8bb3-2709f3d2ddbb
2023-03-23 08:06:29,973 [EventQueue-DeleteBlockStatusForDeletedBlockLogImpl] DEBUG block.DeletedBlockLogImpl (DeletedBlockLogImpl.java:isTransactionFailed(314)) - Got block deletion ACK from datanode, TXIDs=5, success=true
2023-03-23 08:06:29,973 [EventQueue-DeleteBlockStatusForDeletedBlockLogImpl] DEBUG block.DeletedBlockLogImpl (DeletedBlockLogImpl.java:commitTransactions(292)) - Datanode txId=5 containerId=#5 committed by dnId=9852ed25-ff4d-4e5e-8bb3-2709f3d2ddbb
2023-03-23 08:06:29,973 [EventQueue-DeleteBlockStatusForDeletedBlockLogImpl] DEBUG block.DeletedBlockLogImpl (DeletedBlockLogImpl.java:isTransactionFailed(314)) - Got block deletion ACK from datanode, TXIDs=6, success=true
2023-03-23 08:06:29,973 [EventQueue-DeleteBlockStatusForDeletedBlockLogImpl] DEBUG block.DeletedBlockLogImpl (DeletedBlockLogImpl.java:commitTransactions(292)) - Datanode txId=6 containerId=#6 committed by dnId=9852ed25-ff4d-4e5e-8bb3-2709f3d2ddbb
2023-03-23 08:06:29,973 [EventQueue-DeleteBlockStatusForDeletedBlockLogImpl] DEBUG block.DeletedBlockLogImpl (DeletedBlockLogImpl.java:isTransactionFailed(314)) - Got block deletion ACK from datanode, TXIDs=1, success=true
2023-03-23 08:06:29,973 [EventQueue-DeleteBlockStatusForDeletedBlockLogImpl] DEBUG block.DeletedBlockLogImpl (DeletedBlockLogImpl.java:commitTransactions(292)) - Datanode txId=1 containerId=#1 committed by dnId=9852ed25-ff4d-4e5e-8bb3-2709f3d2ddbb
2023-03-23 08:06:30,055 [BlockDeletingService#2] INFO  interfaces.ContainerDeletionChoosingPolicyTemplate (ContainerDeletionChoosingPolicyTemplate.java:chooseContainerForBlockDeletion(83)) - Chosen 0/5000 blocks from 0 candidate containers.
2023-03-23 08:06:30,055 [EventQueue-DeleteBlockStatusForDeletedBlockLogImpl] DEBUG block.DeletedBlockLogImpl (DeletedBlockLogImpl.java:isTransactionFailed(314)) - Got block deletion ACK from datanode, TXIDs=2, success=true
2023-03-23 08:06:30,056 [EventQueue-DeleteBlockStatusForDeletedBlockLogImpl] DEBUG block.DeletedBlockLogImpl (DeletedBlockLogImpl.java:commitTransactions(292)) - Datanode txId=2 containerId=#2 committed by dnId=9852ed25-ff4d-4e5e-8bb3-2709f3d2ddbb
2023-03-23 08:06:30,056 [EventQueue-DeleteBlockStatusForDeletedBlockLogImpl] DEBUG block.DeletedBlockLogImpl (DeletedBlockLogImpl.java:isTransactionFailed(314)) - Got block deletion ACK from datanode, TXIDs=3, success=true
2023-03-23 08:06:30,056 [EventQueue-DeleteBlockStatusForDeletedBlockLogImpl] DEBUG block.DeletedBlockLogImpl (DeletedBlockLogImpl.java:commitTransactions(292)) - Datanode txId=3 containerId=#3 committed by dnId=9852ed25-ff4d-4e5e-8bb3-2709f3d2ddbb
2023-03-23 08:06:30,056 [EventQueue-DeleteBlockStatusForDeletedBlockLogImpl] DEBUG block.DeletedBlockLogImpl (DeletedBlockLogImpl.java:isTransactionFailed(314)) - Got block deletion ACK from datanode, TXIDs=4, success=true
2023-03-23 08:06:30,056 [EventQueue-DeleteBlockStatusForDeletedBlockLogImpl] DEBUG block.DeletedBlockLogImpl (DeletedBlockLogImpl.java:commitTransactions(292)) - Datanode txId=4 containerId=#4 committed by dnId=9852ed25-ff4d-4e5e-8bb3-2709f3d2ddbb
2023-03-23 08:06:30,056 [EventQueue-DeleteBlockStatusForDeletedBlockLogImpl] DEBUG block.DeletedBlockLogImpl (DeletedBlockLogImpl.java:isTransactionFailed(314)) - Got block deletion ACK from datanode, TXIDs=5, success=true
2023-03-23 08:06:30,056 [EventQueue-DeleteBlockStatusForDeletedBlockLogImpl] DEBUG block.DeletedBlockLogImpl (DeletedBlockLogImpl.java:commitTransactions(292)) - Datanode txId=5 containerId=#5 committed by dnId=9852ed25-ff4d-4e5e-8bb3-2709f3d2ddbb
2023-03-23 08:06:30,056 [EventQueue-DeleteBlockStatusForDeletedBlockLogImpl] DEBUG block.DeletedBlockLogImpl (DeletedBlockLogImpl.java:isTransactionFailed(314)) - Got block deletion ACK from datanode, TXIDs=6, success=true
2023-03-23 08:06:30,056 [EventQueue-DeleteBlockStatusForDeletedBlockLogImpl] DEBUG block.DeletedBlockLogImpl (DeletedBlockLogImpl.java:commitTransactions(292)) - Datanode txId=6 containerId=#6 committed by dnId=9852ed25-ff4d-4e5e-8bb3-2709f3d2ddbb
2023-03-23 08:06:30,056 [EventQueue-DeleteBlockStatusForDeletedBlockLogImpl] DEBUG block.DeletedBlockLogImpl (DeletedBlockLogImpl.java:isTransactionFailed(314)) - Got block deletion ACK from datanode, TXIDs=1, success=true
2023-03-23 08:06:30,056 [EventQueue-DeleteBlockStatusForDeletedBlockLogImpl] DEBUG block.DeletedBlockLogImpl (DeletedBlockLogImpl.java:commitTransactions(292)) - Datanode txId=1 containerId=#1 committed by dnId=9852ed25-ff4d-4e5e-8bb3-2709f3d2ddbb
2023-03-23 08:06:30,056 [EventQueue-DeleteBlockStatusForDeletedBlockLogImpl] DEBUG block.DeletedBlockLogImpl (DeletedBlockLogImpl.java:isTransactionFailed(314)) - Got block deletion ACK from datanode, TXIDs=2, success=true
2023-03-23 08:06:30,056 [EventQueue-DeleteBlockStatusForDeletedBlockLogImpl] DEBUG block.DeletedBlockLogImpl (DeletedBlockLogImpl.java:commitTransactions(292)) - Datanode txId=2 containerId=#2 committed by dnId=9852ed25-ff4d-4e5e-8bb3-2709f3d2ddbb
2023-03-23 08:06:30,056 [EventQueue-DeleteBlockStatusForDeletedBlockLogImpl] DEBUG block.DeletedBlockLogImpl (DeletedBlockLogImpl.java:isTransactionFailed(314)) - Got block deletion ACK from datanode, TXIDs=3, success=true
2023-03-23 08:06:30,056 [EventQueue-DeleteBlockStatusForDeletedBlockLogImpl] DEBUG block.DeletedBlockLogImpl (DeletedBlockLogImpl.java:commitTransactions(292)) - Datanode txId=3 containerId=#3 committed by dnId=9852ed25-ff4d-4e5e-8bb3-2709f3d2ddbb
2023-03-23 08:06:30,056 [EventQueue-DeleteBlockStatusForDeletedBlockLogImpl] DEBUG block.DeletedBlockLogImpl (DeletedBlockLogImpl.java:isTransactionFailed(314)) - Got block deletion ACK from datanode, TXIDs=4, success=true
2023-03-23 08:06:30,056 [EventQueue-DeleteBlockStatusForDeletedBlockLogImpl] DEBUG block.DeletedBlockLogImpl (DeletedBlockLogImpl.java:commitTransactions(292)) - Datanode txId=4 containerId=#4 committed by dnId=9852ed25-ff4d-4e5e-8bb3-2709f3d2ddbb
2023-03-23 08:06:30,056 [EventQueue-DeleteBlockStatusForDeletedBlockLogImpl] DEBUG block.DeletedBlockLogImpl (DeletedBlockLogImpl.java:isTransactionFailed(314)) - Got block deletion ACK from datanode, TXIDs=5, success=true
2023-03-23 08:06:30,056 [EventQueue-DeleteBlockStatusForDeletedBlockLogImpl] DEBUG block.DeletedBlockLogImpl (DeletedBlockLogImpl.java:commitTransactions(292)) - Datanode txId=5 containerId=#5 committed by dnId=9852ed25-ff4d-4e5e-8bb3-2709f3d2ddbb
2023-03-23 08:06:30,056 [EventQueue-DeleteBlockStatusForDeletedBlockLogImpl] DEBUG block.DeletedBlockLogImpl (DeletedBlockLogImpl.java:isTransactionFailed(314)) - Got block deletion ACK from datanode, TXIDs=6, success=true
2023-03-23 08:06:30,056 [EventQueue-DeleteBlockStatusForDeletedBlockLogImpl] DEBUG block.DeletedBlockLogImpl (DeletedBlockLogImpl.java:commitTransactions(292)) - Datanode txId=6 containerId=#6 committed by dnId=9852ed25-ff4d-4e5e-8bb3-2709f3d2ddbb
2023-03-23 08:06:30,056 [EventQueue-DeleteBlockStatusForDeletedBlockLogImpl] DEBUG block.DeletedBlockLogImpl (DeletedBlockLogImpl.java:isTransactionFailed(314)) - Got block deletion ACK from datanode, TXIDs=1, success=true
2023-03-23 08:06:30,056 [EventQueue-DeleteBlockStatusForDeletedBlockLogImpl] DEBUG block.DeletedBlockLogImpl (DeletedBlockLogImpl.java:commitTransactions(292)) - Datanode txId=1 containerId=#1 committed by dnId=9852ed25-ff4d-4e5e-8bb3-2709f3d2ddbb
2023-03-23 08:06:30,056 [EventQueue-DeleteBlockStatusForDeletedBlockLogImpl] DEBUG block.DeletedBlockLogImpl (DeletedBlockLogImpl.java:isTransactionFailed(314)) - Got block deletion ACK from datanode, TXIDs=2, success=true
2023-03-23 08:06:30,056 [EventQueue-DeleteBlockStatusForDeletedBlockLogImpl] DEBUG block.DeletedBlockLogImpl (DeletedBlockLogImpl.java:commitTransactions(292)) - Datanode txId=2 containerId=#2 committed by dnId=9852ed25-ff4d-4e5e-8bb3-2709f3d2ddbb
2023-03-23 08:06:30,056 [EventQueue-DeleteBlockStatusForDeletedBlockLogImpl] DEBUG block.DeletedBlockLogImpl (DeletedBlockLogImpl.java:isTransactionFailed(314)) - Got block deletion ACK from datanode, TXIDs=1, success=true
2023-03-23 08:06:30,056 [EventQueue-DeleteBlockStatusForDeletedBlockLogImpl] DEBUG block.DeletedBlockLogImpl (DeletedBlockLogImpl.java:commitTransactions(292)) - Datanode txId=1 containerId=#1 committed by dnId=9852ed25-ff4d-4e5e-8bb3-2709f3d2ddbb
2023-03-23 08:06:30,055 [SCMBlockDeletingService#0] DEBUG block.SCMBlockDeletingService (SCMBlockDeletingService.java:call(136)) - Running DeletedBlockTransactionScanner
2023-03-23 08:06:30,056 [EventQueue-DeleteBlockStatusForDeletedBlockLogImpl] DEBUG block.DeletedBlockLogImpl (DeletedBlockLogImpl.java:isTransactionFailed(314)) - Got block deletion ACK from datanode, TXIDs=2, success=true
2023-03-23 08:06:30,065 [EventQueue-DeleteBlockStatusForDeletedBlockLogImpl] DEBUG block.DeletedBlockLogImpl (DeletedBlockLogImpl.java:commitTransactions(292)) - Datanode txId=2 containerId=#2 committed by dnId=9852ed25-ff4d-4e5e-8bb3-2709f3d2ddbb
2023-03-23 08:06:30,065 [EventQueue-DeleteBlockStatusForDeletedBlockLogImpl] DEBUG block.DeletedBlockLogImpl (DeletedBlockLogImpl.java:isTransactionFailed(314)) - Got block deletion ACK from datanode, TXIDs=3, success=true
2023-03-23 08:06:30,065 [EventQueue-DeleteBlockStatusForDeletedBlockLogImpl] DEBUG block.DeletedBlockLogImpl (DeletedBlockLogImpl.java:commitTransactions(292)) - Datanode txId=3 containerId=#3 committed by dnId=9852ed25-ff4d-4e5e-8bb3-2709f3d2ddbb
2023-03-23 08:06:30,065 [EventQueue-DeleteBlockStatusForDeletedBlockLogImpl] DEBUG block.DeletedBlockLogImpl (DeletedBlockLogImpl.java:isTransactionFailed(314)) - Got block deletion ACK from datanode, TXIDs=4, success=true
2023-03-23 08:06:30,065 [EventQueue-DeleteBlockStatusForDeletedBlockLogImpl] DEBUG block.DeletedBlockLogImpl (DeletedBlockLogImpl.java:commitTransactions(292)) - Datanode txId=4 containerId=#4 committed by dnId=9852ed25-ff4d-4e5e-8bb3-2709f3d2ddbb
2023-03-23 08:06:30,065 [Finalizer] WARN  managed.ManagedRocksObjectUtils (ManagedRocksObjectUtils.java:assertClosed(54)) - RocksIterator is not closed properly
2023-03-23 08:06:30,058 [BlockDeletingService#1] INFO  interfaces.ContainerDeletionChoosingPolicyTemplate (ContainerDeletionChoosingPolicyTemplate.java:chooseContainerForBlockDeletion(83)) - Chosen 0/5000 blocks from 0 candidate containers.
2023-03-23 08:06:30,065 [EventQueue-DeleteBlockStatusForDeletedBlockLogImpl] DEBUG block.DeletedBlockLogImpl (DeletedBlockLogImpl.java:isTransactionFailed(314)) - Got block deletion ACK from datanode, TXIDs=5, success=true
2023-03-23 08:06:30,066 [EventQueue-DeleteBlockStatusForDeletedBlockLogImpl] DEBUG block.DeletedBlockLogImpl (DeletedBlockLogImpl.java:commitTransactions(292)) - Datanode txId=5 containerId=#5 committed by dnId=9852ed25-ff4d-4e5e-8bb3-2709f3d2ddbb
2023-03-23 08:06:30,066 [EventQueue-DeleteBlockStatusForDeletedBlockLogImpl] DEBUG block.DeletedBlockLogImpl (DeletedBlockLogImpl.java:isTransactionFailed(314)) - Got block deletion ACK from datanode, TXIDs=6, success=true
2023-03-23 08:06:30,066 [EventQueue-DeleteBlockStatusForDeletedBlockLogImpl] DEBUG block.DeletedBlockLogImpl (DeletedBlockLogImpl.java:commitTransactions(292)) - Datanode txId=6 containerId=#6 committed by dnId=9852ed25-ff4d-4e5e-8bb3-2709f3d2ddbb
2023-03-23 08:06:30,066 [EventQueue-DeleteBlockStatusForDeletedBlockLogImpl] DEBUG block.DeletedBlockLogImpl (DeletedBlockLogImpl.java:isTransactionFailed(314)) - Got block deletion ACK from datanode, TXIDs=1, success=true
2023-03-23 08:06:30,066 [EventQueue-DeleteBlockStatusForDeletedBlockLogImpl] DEBUG block.DeletedBlockLogImpl (DeletedBlockLogImpl.java:commitTransactions(292)) - Datanode txId=1 containerId=#1 committed by dnId=9852ed25-ff4d-4e5e-8bb3-2709f3d2ddbb
2023-03-23 08:06:30,066 [EventQueue-DeleteBlockStatusForDeletedBlockLogImpl] DEBUG block.DeletedBlockLogImpl (DeletedBlockLogImpl.java:isTransactionFailed(314)) - Got block deletion ACK from datanode, TXIDs=2, success=true
2023-03-23 08:06:30,066 [EventQueue-DeleteBlockStatusForDeletedBlockLogImpl] DEBUG block.DeletedBlockLogImpl (DeletedBlockLogImpl.java:commitTransactions(292)) - Datanode txId=2 containerId=#2 committed by dnId=9852ed25-ff4d-4e5e-8bb3-2709f3d2ddbb
2023-03-23 08:06:30,066 [EventQueue-DeleteBlockStatusForDeletedBlockLogImpl] DEBUG block.DeletedBlockLogImpl (DeletedBlockLogImpl.java:isTransactionFailed(314)) - Got block deletion ACK from datanode, TXIDs=3, success=true
2023-03-23 08:06:30,066 [EventQueue-DeleteBlockStatusForDeletedBlockLogImpl] DEBUG block.DeletedBlockLogImpl (DeletedBlockLogImpl.java:commitTransactions(292)) - Datanode txId=3 containerId=#3 committed by dnId=9852ed25-ff4d-4e5e-8bb3-2709f3d2ddbb
2023-03-23 08:06:30,066 [EventQueue-DeleteBlockStatusForDeletedBlockLogImpl] DEBUG block.DeletedBlockLogImpl (DeletedBlockLogImpl.java:isTransactionFailed(314)) - Got block deletion ACK from datanode, TXIDs=4, success=true
2023-03-23 08:06:30,066 [EventQueue-DeleteBlockStatusForDeletedBlockLogImpl] DEBUG block.DeletedBlockLogImpl (DeletedBlockLogImpl.java:commitTransactions(292)) - Datanode txId=4 containerId=#4 committed by dnId=9852ed25-ff4d-4e5e-8bb3-2709f3d2ddbb
2023-03-23 08:06:30,066 [EventQueue-DeleteBlockStatusForDeletedBlockLogImpl] DEBUG block.DeletedBlockLogImpl (DeletedBlockLogImpl.java:isTransactionFailed(314)) - Got block deletion ACK from datanode, TXIDs=5, success=true
2023-03-23 08:06:30,066 [EventQueue-DeleteBlockStatusForDeletedBlockLogImpl] DEBUG block.DeletedBlockLogImpl (DeletedBlockLogImpl.java:commitTransactions(292)) - Datanode txId=5 containerId=#5 committed by dnId=9852ed25-ff4d-4e5e-8bb3-2709f3d2ddbb
2023-03-23 08:06:30,066 [EventQueue-DeleteBlockStatusForDeletedBlockLogImpl] DEBUG block.DeletedBlockLogImpl (DeletedBlockLogImpl.java:isTransactionFailed(314)) - Got block deletion ACK from datanode, TXIDs=6, success=true
2023-03-23 08:06:30,066 [EventQueue-DeleteBlockStatusForDeletedBlockLogImpl] DEBUG block.DeletedBlockLogImpl (DeletedBlockLogImpl.java:commitTransactions(292)) - Datanode txId=6 containerId=#6 committed by dnId=9852ed25-ff4d-4e5e-8bb3-2709f3d2ddbb
2023-03-23 08:06:30,066 [EventQueue-DeleteBlockStatusForDeletedBlockLogImpl] DEBUG block.DeletedBlockLogImpl (DeletedBlockLogImpl.java:isTransactionFailed(314)) - Got block deletion ACK from datanode, TXIDs=1, success=true
2023-03-23 08:06:30,066 [EventQueue-DeleteBlockStatusForDeletedBlockLogImpl] DEBUG block.DeletedBlockLogImpl (DeletedBlockLogImpl.java:commitTransactions(292)) - Datanode txId=1 containerId=#1 committed by dnId=9852ed25-ff4d-4e5e-8bb3-2709f3d2ddbb
2023-03-23 08:06:30,066 [EventQueue-DeleteBlockStatusForDeletedBlockLogImpl] DEBUG block.DeletedBlockLogImpl (DeletedBlockLogImpl.java:isTransactionFailed(314)) - Got block deletion ACK from datanode, TXIDs=2, success=true
2023-03-23 08:06:30,066 [EventQueue-DeleteBlockStatusForDeletedBlockLogImpl] DEBUG block.DeletedBlockLogImpl (DeletedBlockLogImpl.java:commitTransactions(292)) - Datanode txId=2 containerId=#2 committed by dnId=9852ed25-ff4d-4e5e-8bb3-2709f3d2ddbb
2023-03-23 08:06:30,066 [EventQueue-DeleteBlockStatusForDeletedBlockLogImpl] DEBUG block.DeletedBlockLogImpl (DeletedBlockLogImpl.java:isTransactionFailed(314)) - Got block deletion ACK from datanode, TXIDs=3, success=true
2023-03-23 08:06:30,066 [EventQueue-DeleteBlockStatusForDeletedBlockLogImpl] DEBUG block.DeletedBlockLogImpl (DeletedBlockLogImpl.java:commitTransactions(292)) - Datanode txId=3 containerId=#3 committed by dnId=9852ed25-ff4d-4e5e-8bb3-2709f3d2ddbb
2023-03-23 08:06:30,066 [EventQueue-DeleteBlockStatusForDeletedBlockLogImpl] DEBUG block.DeletedBlockLogImpl (DeletedBlockLogImpl.java:isTransactionFailed(314)) - Got block deletion ACK from datanode, TXIDs=4, success=true
2023-03-23 08:06:30,066 [EventQueue-DeleteBlockStatusForDeletedBlockLogImpl] DEBUG block.DeletedBlockLogImpl (DeletedBlockLogImpl.java:commitTransactions(292)) - Datanode txId=4 containerId=#4 committed by dnId=9852ed25-ff4d-4e5e-8bb3-2709f3d2ddbb
2023-03-23 08:06:30,066 [EventQueue-DeleteBlockStatusForDeletedBlockLogImpl] DEBUG block.DeletedBlockLogImpl (DeletedBlockLogImpl.java:isTransactionFailed(314)) - Got block deletion ACK from datanode, TXIDs=5, success=true
2023-03-23 08:06:30,066 [EventQueue-DeleteBlockStatusForDeletedBlockLogImpl] DEBUG block.DeletedBlockLogImpl (DeletedBlockLogImpl.java:commitTransactions(292)) - Datanode txId=5 containerId=#5 committed by dnId=9852ed25-ff4d-4e5e-8bb3-2709f3d2ddbb
2023-03-23 08:06:30,066 [EventQueue-DeleteBlockStatusForDeletedBlockLogImpl] DEBUG block.DeletedBlockLogImpl (DeletedBlockLogImpl.java:isTransactionFailed(314)) - Got block deletion ACK from datanode, TXIDs=6, success=true
2023-03-23 08:06:30,067 [EventQueue-DeleteBlockStatusForDeletedBlockLogImpl] DEBUG block.DeletedBlockLogImpl (DeletedBlockLogImpl.java:commitTransactions(292)) - Datanode txId=6 containerId=#6 committed by dnId=9852ed25-ff4d-4e5e-8bb3-2709f3d2ddbb
2023-03-23 08:06:30,067 [EventQueue-DeleteBlockStatusForDeletedBlockLogImpl] DEBUG block.DeletedBlockLogImpl (DeletedBlockLogImpl.java:isTransactionFailed(314)) - Got block deletion ACK from datanode, TXIDs=1, success=true
2023-03-23 08:06:30,073 [EventQueue-DeleteBlockStatusForDeletedBlockLogImpl] DEBUG block.DeletedBlockLogImpl (DeletedBlockLogImpl.java:commitTransactions(292)) - Datanode txId=1 containerId=#1 committed by dnId=9852ed25-ff4d-4e5e-8bb3-2709f3d2ddbb
2023-03-23 08:06:30,073 [EventQueue-DeleteBlockStatusForDeletedBlockLogImpl] DEBUG block.DeletedBlockLogImpl (DeletedBlockLogImpl.java:isTransactionFailed(314)) - Got block deletion ACK from datanode, TXIDs=2, success=true
2023-03-23 08:06:30,073 [EventQueue-DeleteBlockStatusForDeletedBlockLogImpl] DEBUG block.DeletedBlockLogImpl (DeletedBlockLogImpl.java:commitTransactions(292)) - Datanode txId=2 containerId=#2 committed by dnId=9852ed25-ff4d-4e5e-8bb3-2709f3d2ddbb
2023-03-23 08:06:30,073 [EventQueue-DeleteBlockStatusForDeletedBlockLogImpl] DEBUG block.DeletedBlockLogImpl (DeletedBlockLogImpl.java:isTransactionFailed(314)) - Got block deletion ACK from datanode, TXIDs=3, success=true
2023-03-23 08:06:30,073 [EventQueue-DeleteBlockStatusForDeletedBlockLogImpl] DEBUG block.DeletedBlockLogImpl (DeletedBlockLogImpl.java:commitTransactions(292)) - Datanode txId=3 containerId=#3 committed by dnId=9852ed25-ff4d-4e5e-8bb3-2709f3d2ddbb
2023-03-23 08:06:30,073 [EventQueue-DeleteBlockStatusForDeletedBlockLogImpl] DEBUG block.DeletedBlockLogImpl (DeletedBlockLogImpl.java:isTransactionFailed(314)) - Got block deletion ACK from datanode, TXIDs=4, success=true
2023-03-23 08:06:30,074 [EventQueue-DeleteBlockStatusForDeletedBlockLogImpl] DEBUG block.DeletedBlockLogImpl (DeletedBlockLogImpl.java:commitTransactions(292)) - Datanode txId=4 containerId=#4 committed by dnId=9852ed25-ff4d-4e5e-8bb3-2709f3d2ddbb
2023-03-23 08:06:30,074 [EventQueue-DeleteBlockStatusForDeletedBlockLogImpl] DEBUG block.DeletedBlockLogImpl (DeletedBlockLogImpl.java:isTransactionFailed(314)) - Got block deletion ACK from datanode, TXIDs=5, success=true
2023-03-23 08:06:30,074 [EventQueue-DeleteBlockStatusForDeletedBlockLogImpl] DEBUG block.DeletedBlockLogImpl (DeletedBlockLogImpl.java:commitTransactions(292)) - Datanode txId=5 containerId=#5 committed by dnId=9852ed25-ff4d-4e5e-8bb3-2709f3d2ddbb
2023-03-23 08:06:30,074 [EventQueue-DeleteBlockStatusForDeletedBlockLogImpl] DEBUG block.DeletedBlockLogImpl (DeletedBlockLogImpl.java:isTransactionFailed(314)) - Got block deletion ACK from datanode, TXIDs=6, success=true
2023-03-23 08:06:30,074 [EventQueue-DeleteBlockStatusForDeletedBlockLogImpl] DEBUG block.DeletedBlockLogImpl (DeletedBlockLogImpl.java:commitTransactions(292)) - Datanode txId=6 containerId=#6 committed by dnId=9852ed25-ff4d-4e5e-8bb3-2709f3d2ddbb
2023-03-23 08:06:30,082 [BlockDeletingService#1] INFO  interfaces.ContainerDeletionChoosingPolicyTemplate (ContainerDeletionChoosingPolicyTemplate.java:chooseContainerForBlockDeletion(83)) - Chosen 44/4956 blocks from 6 candidate containers.
2023-03-23 08:06:30,083 [BlockDeletingService#1] INFO  background.BlockDeletingService (BlockDeletingService.java:deleteViaTransactionStore(483)) - No transaction found in container 1 with pending delete block count 8
2023-03-23 08:06:30,083 [BlockDeletingService#1] INFO  background.BlockDeletingService (BlockDeletingService.java:deleteViaTransactionStore(483)) - No transaction found in container 6 with pending delete block count 7
2023-03-23 08:06:30,083 [BlockDeletingService#1] INFO  background.BlockDeletingService (BlockDeletingService.java:deleteViaTransactionStore(483)) - No transaction found in container 5 with pending delete block count 7
2023-03-23 08:06:30,083 [BlockDeletingService#1] INFO  background.BlockDeletingService (BlockDeletingService.java:deleteViaTransactionStore(483)) - No transaction found in container 4 with pending delete block count 7
2023-03-23 08:06:30,083 [BlockDeletingService#1] INFO  background.BlockDeletingService (BlockDeletingService.java:deleteViaTransactionStore(483)) - No transaction found in container 3 with pending delete block count 7
2023-03-23 08:06:30,083 [BlockDeletingService#1] INFO  background.BlockDeletingService (BlockDeletingService.java:deleteViaTransactionStore(483)) - No transaction found in container 2 with pending delete block count 8
2023-03-23 08:06:30,155 [SCMBlockDeletingService#0] DEBUG block.SCMBlockDeletingService (SCMBlockDeletingService.java:call(136)) - Running DeletedBlockTransactionScanner
2023-03-23 08:06:30,155 [BlockDeletingService#2] INFO  interfaces.ContainerDeletionChoosingPolicyTemplate (ContainerDeletionChoosingPolicyTemplate.java:chooseContainerForBlockDeletion(83)) - Chosen 0/5000 blocks from 0 candidate containers.
2023-03-23 08:06:30,155 [SCMBlockDeletingService#0] DEBUG block.SCMBlockDeletingService (DatanodeDeletedBlockTransactions.java:addTransactionToDN(50)) - Transaction added: 2b202a02-6273-4262-ac40-cc676055620c <- TX(1)
2023-03-23 08:06:30,156 [SCMBlockDeletingService#0] DEBUG block.SCMBlockDeletingService (DatanodeDeletedBlockTransactions.java:addTransactionToDN(50)) - Transaction added: 2b202a02-6273-4262-ac40-cc676055620c <- TX(2)
2023-03-23 08:06:30,156 [SCMBlockDeletingService#0] DEBUG block.SCMBlockDeletingService (DatanodeDeletedBlockTransactions.java:addTransactionToDN(50)) - Transaction added: 2b202a02-6273-4262-ac40-cc676055620c <- TX(3)
2023-03-23 08:06:30,156 [SCMBlockDeletingService#0] DEBUG block.SCMBlockDeletingService (DatanodeDeletedBlockTransactions.java:addTransactionToDN(50)) - Transaction added: 2b202a02-6273-4262-ac40-cc676055620c <- TX(4)
2023-03-23 08:06:30,156 [SCMBlockDeletingService#0] DEBUG block.SCMBlockDeletingService (DatanodeDeletedBlockTransactions.java:addTransactionToDN(50)) - Transaction added: 2b202a02-6273-4262-ac40-cc676055620c <- TX(5)
2023-03-23 08:06:30,156 [SCMBlockDeletingService#0] DEBUG block.SCMBlockDeletingService (DatanodeDeletedBlockTransactions.java:addTransactionToDN(50)) - Transaction added: 2b202a02-6273-4262-ac40-cc676055620c <- TX(6)
2023-03-23 08:06:30,156 [SCMBlockDeletingService#0] DEBUG block.SCMBlockDeletingService (SCMBlockDeletingService.java:call(171)) - Added delete block command for datanode 2b202a02-6273-4262-ac40-cc676055620c in the queue, number of delete block transactions: 6
2023-03-23 08:06:30,156 [SCMBlockDeletingService#0] INFO  block.SCMBlockDeletingService (SCMBlockDeletingService.java:call(180)) - Totally added 6 blocks to be deleted for 1 datanodes, task elapsed time: 1ms
2023-03-23 08:06:30,166 [BlockDeletingService#1] INFO  interfaces.ContainerDeletionChoosingPolicyTemplate (ContainerDeletionChoosingPolicyTemplate.java:chooseContainerForBlockDeletion(83)) - Chosen 0/5000 blocks from 0 candidate containers.
2023-03-23 08:06:30,183 [BlockDeletingService#1] INFO  interfaces.ContainerDeletionChoosingPolicyTemplate (ContainerDeletionChoosingPolicyTemplate.java:chooseContainerForBlockDeletion(83)) - Chosen 0/5000 blocks from 0 candidate containers.
2023-03-23 08:06:30,214 [org.apache.hadoop.ozone.container.common.statemachine.commandhandler.DeleteBlocksCommandHandler$DeleteCmdWorker@275715e0] INFO  commandhandler.DeleteBlocksCommandHandler (DeleteBlocksCommandHandler.java:processCmd(272)) - Start to delete container blocks, TXIDs=[1(0),2(0)], numOfContainers=2, numOfBlocks=2
2023-03-23 08:06:30,215 [org.apache.hadoop.ozone.container.common.statemachine.commandhandler.DeleteBlocksCommandHandler$DeleteCmdWorker@275715e0] INFO  commandhandler.DeleteBlocksCommandHandler (DeleteBlocksCommandHandler.java:processCmd(272)) - Start to delete container blocks, TXIDs=[1(1),2(1),3(0),4(0),5(0),6(0)], numOfContainers=6, numOfBlocks=6
2023-03-23 08:06:30,221 [DeleteBlocksCommandHandlerThread-2] INFO  commandhandler.DeleteBlocksCommandHandler (DeleteBlocksCommandHandler.java:logDeleteTransaction(489)) - Delete blocks for containerId: 1 is either received out of order or retried, 1 <= 1
2023-03-23 08:06:30,221 [DeleteBlocksCommandHandlerThread-3] INFO  commandhandler.DeleteBlocksCommandHandler (DeleteBlocksCommandHandler.java:logDeleteTransaction(489)) - Delete blocks for containerId: 2 is either received out of order or retried, 2 <= 2
2023-03-23 08:06:30,223 [org.apache.hadoop.ozone.container.common.statemachine.commandhandler.DeleteBlocksCommandHandler$DeleteCmdWorker@275715e0] INFO  commandhandler.DeleteBlocksCommandHandler (DeleteBlocksCommandHandler.java:processCmd(272)) - Start to delete container blocks, TXIDs=[1(2),2(2),3(1),4(1),5(1),6(1)], numOfContainers=6, numOfBlocks=6
2023-03-23 08:06:30,223 [DeleteBlocksCommandHandlerThread-1] INFO  commandhandler.DeleteBlocksCommandHandler (DeleteBlocksCommandHandler.java:logDeleteTransaction(489)) - Delete blocks for containerId: 2 is either received out of order or retried, 2 <= 2
2023-03-23 08:06:30,223 [DeleteBlocksCommandHandlerThread-1] INFO  commandhandler.DeleteBlocksCommandHandler (DeleteBlocksCommandHandler.java:logDeleteTransaction(489)) - Delete blocks for containerId: 3 is either received out of order or retried, 3 <= 3
2023-03-23 08:06:30,223 [DeleteBlocksCommandHandlerThread-1] INFO  commandhandler.DeleteBlocksCommandHandler (DeleteBlocksCommandHandler.java:logDeleteTransaction(489)) - Delete blocks for containerId: 4 is either received out of order or retried, 4 <= 4
2023-03-23 08:06:30,223 [DeleteBlocksCommandHandlerThread-3] INFO  commandhandler.DeleteBlocksCommandHandler (DeleteBlocksCommandHandler.java:logDeleteTransaction(489)) - Delete blocks for containerId: 1 is either received out of order or retried, 1 <= 1
2023-03-23 08:06:30,223 [DeleteBlocksCommandHandlerThread-3] INFO  commandhandler.DeleteBlocksCommandHandler (DeleteBlocksCommandHandler.java:logDeleteTransaction(489)) - Delete blocks for containerId: 6 is either received out of order or retried, 6 <= 6
2023-03-23 08:06:30,224 [DeleteBlocksCommandHandlerThread-1] INFO  commandhandler.DeleteBlocksCommandHandler (DeleteBlocksCommandHandler.java:logDeleteTransaction(489)) - Delete blocks for containerId: 5 is either received out of order or retried, 5 <= 5
2023-03-23 08:06:30,224 [org.apache.hadoop.ozone.container.common.statemachine.commandhandler.DeleteBlocksCommandHandler$DeleteCmdWorker@275715e0] INFO  commandhandler.DeleteBlocksCommandHandler (DeleteBlocksCommandHandler.java:processCmd(272)) - Start to delete container blocks, TXIDs=[1(3),2(3),3(2),4(2),5(2),6(2)], numOfContainers=6, numOfBlocks=6
2023-03-23 08:06:30,224 [DeleteBlocksCommandHandlerThread-4] INFO  commandhandler.DeleteBlocksCommandHandler (DeleteBlocksCommandHandler.java:logDeleteTransaction(489)) - Delete blocks for containerId: 1 is either received out of order or retried, 1 <= 1
2023-03-23 08:06:30,224 [DeleteBlocksCommandHandlerThread-0] INFO  commandhandler.DeleteBlocksCommandHandler (DeleteBlocksCommandHandler.java:logDeleteTransaction(489)) - Delete blocks for containerId: 2 is either received out of order or retried, 2 <= 2
2023-03-23 08:06:30,227 [DeleteBlocksCommandHandlerThread-2] INFO  commandhandler.DeleteBlocksCommandHandler (DeleteBlocksCommandHandler.java:logDeleteTransaction(489)) - Delete blocks for containerId: 3 is either received out of order or retried, 3 <= 3
2023-03-23 08:06:30,227 [DeleteBlocksCommandHandlerThread-1] INFO  commandhandler.DeleteBlocksCommandHandler (DeleteBlocksCommandHandler.java:logDeleteTransaction(489)) - Delete blocks for containerId: 5 is either received out of order or retried, 5 <= 5
2023-03-23 08:06:30,228 [DeleteBlocksCommandHandlerThread-1] INFO  commandhandler.DeleteBlocksCommandHandler (DeleteBlocksCommandHandler.java:logDeleteTransaction(489)) - Delete blocks for containerId: 6 is either received out of order or retried, 6 <= 6
2023-03-23 08:06:30,227 [DeleteBlocksCommandHandlerThread-3] INFO  commandhandler.DeleteBlocksCommandHandler (DeleteBlocksCommandHandler.java:logDeleteTransaction(489)) - Delete blocks for containerId: 4 is either received out of order or retried, 4 <= 4
2023-03-23 08:06:30,230 [org.apache.hadoop.ozone.container.common.statemachine.commandhandler.DeleteBlocksCommandHandler$DeleteCmdWorker@275715e0] INFO  commandhandler.DeleteBlocksCommandHandler (DeleteBlocksCommandHandler.java:processCmd(272)) - Start to delete container blocks, TXIDs=[1(4),2(4),3(3),4(3),5(3),6(3)], numOfContainers=6, numOfBlocks=6
2023-03-23 08:06:30,230 [DeleteBlocksCommandHandlerThread-1] INFO  commandhandler.DeleteBlocksCommandHandler (DeleteBlocksCommandHandler.java:logDeleteTransaction(489)) - Delete blocks for containerId: 1 is either received out of order or retried, 1 <= 1
2023-03-23 08:06:30,230 [DeleteBlocksCommandHandlerThread-1] INFO  commandhandler.DeleteBlocksCommandHandler (DeleteBlocksCommandHandler.java:logDeleteTransaction(489)) - Delete blocks for containerId: 2 is either received out of order or retried, 2 <= 2
2023-03-23 08:06:30,230 [DeleteBlocksCommandHandlerThread-1] INFO  commandhandler.DeleteBlocksCommandHandler (DeleteBlocksCommandHandler.java:logDeleteTransaction(489)) - Delete blocks for containerId: 3 is either received out of order or retried, 3 <= 3
2023-03-23 08:06:30,230 [DeleteBlocksCommandHandlerThread-1] INFO  commandhandler.DeleteBlocksCommandHandler (DeleteBlocksCommandHandler.java:logDeleteTransaction(489)) - Delete blocks for containerId: 4 is either received out of order or retried, 4 <= 4
2023-03-23 08:06:30,231 [DeleteBlocksCommandHandlerThread-1] INFO  commandhandler.DeleteBlocksCommandHandler (DeleteBlocksCommandHandler.java:logDeleteTransaction(489)) - Delete blocks for containerId: 6 is either received out of order or retried, 6 <= 6
2023-03-23 08:06:30,231 [DeleteBlocksCommandHandlerThread-3] INFO  commandhandler.DeleteBlocksCommandHandler (DeleteBlocksCommandHandler.java:logDeleteTransaction(489)) - Delete blocks for containerId: 5 is either received out of order or retried, 5 <= 5
2023-03-23 08:06:30,231 [org.apache.hadoop.ozone.container.common.statemachine.commandhandler.DeleteBlocksCommandHandler$DeleteCmdWorker@275715e0] INFO  commandhandler.DeleteBlocksCommandHandler (DeleteBlocksCommandHandler.java:processCmd(272)) - Start to delete container blocks, TXIDs=[1(5),2(5),3(4),4(4),5(4),6(4)], numOfContainers=6, numOfBlocks=6
2023-03-23 08:06:30,231 [DeleteBlocksCommandHandlerThread-4] INFO  commandhandler.DeleteBlocksCommandHandler (DeleteBlocksCommandHandler.java:logDeleteTransaction(489)) - Delete blocks for containerId: 1 is either received out of order or retried, 1 <= 1
2023-03-23 08:06:30,231 [DeleteBlocksCommandHandlerThread-2] INFO  commandhandler.DeleteBlocksCommandHandler (DeleteBlocksCommandHandler.java:logDeleteTransaction(489)) - Delete blocks for containerId: 2 is either received out of order or retried, 2 <= 2
2023-03-23 08:06:30,231 [DeleteBlocksCommandHandlerThread-0] INFO  commandhandler.DeleteBlocksCommandHandler (DeleteBlocksCommandHandler.java:logDeleteTransaction(489)) - Delete blocks for containerId: 3 is either received out of order or retried, 3 <= 3
2023-03-23 08:06:30,231 [DeleteBlocksCommandHandlerThread-2] INFO  commandhandler.DeleteBlocksCommandHandler (DeleteBlocksCommandHandler.java:logDeleteTransaction(489)) - Delete blocks for containerId: 4 is either received out of order or retried, 4 <= 4
2023-03-23 08:06:30,231 [DeleteBlocksCommandHandlerThread-0] INFO  commandhandler.DeleteBlocksCommandHandler (DeleteBlocksCommandHandler.java:logDeleteTransaction(489)) - Delete blocks for containerId: 5 is either received out of order or retried, 5 <= 5
2023-03-23 08:06:30,231 [DeleteBlocksCommandHandlerThread-2] INFO  commandhandler.DeleteBlocksCommandHandler (DeleteBlocksCommandHandler.java:logDeleteTransaction(489)) - Delete blocks for containerId: 6 is either received out of order or retried, 6 <= 6
2023-03-23 08:06:30,232 [org.apache.hadoop.ozone.container.common.statemachine.commandhandler.DeleteBlocksCommandHandler$DeleteCmdWorker@275715e0] INFO  commandhandler.DeleteBlocksCommandHandler (DeleteBlocksCommandHandler.java:processCmd(272)) - Start to delete container blocks, TXIDs=[1(6),2(6),3(5),4(5),5(5),6(5)], numOfContainers=6, numOfBlocks=6
2023-03-23 08:06:30,232 [DeleteBlocksCommandHandlerThread-1] INFO  commandhandler.DeleteBlocksCommandHandler (DeleteBlocksCommandHandler.java:logDeleteTransaction(489)) - Delete blocks for containerId: 1 is either received out of order or retried, 1 <= 1
2023-03-23 08:06:30,232 [DeleteBlocksCommandHandlerThread-3] INFO  commandhandler.DeleteBlocksCommandHandler (DeleteBlocksCommandHandler.java:logDeleteTransaction(489)) - Delete blocks for containerId: 2 is either received out of order or retried, 2 <= 2
2023-03-23 08:06:30,233 [DeleteBlocksCommandHandlerThread-0] INFO  commandhandler.DeleteBlocksCommandHandler (DeleteBlocksCommandHandler.java:logDeleteTransaction(489)) - Delete blocks for containerId: 4 is either received out of order or retried, 4 <= 4
2023-03-23 08:06:30,233 [DeleteBlocksCommandHandlerThread-2] INFO  commandhandler.DeleteBlocksCommandHandler (DeleteBlocksCommandHandler.java:logDeleteTransaction(489)) - Delete blocks for containerId: 5 is either received out of order or retried, 5 <= 5
2023-03-23 08:06:30,233 [DeleteBlocksCommandHandlerThread-4] INFO  commandhandler.DeleteBlocksCommandHandler (DeleteBlocksCommandHandler.java:logDeleteTransaction(489)) - Delete blocks for containerId: 3 is either received out of order or retried, 3 <= 3
2023-03-23 08:06:30,234 [DeleteBlocksCommandHandlerThread-1] INFO  commandhandler.DeleteBlocksCommandHandler (DeleteBlocksCommandHandler.java:logDeleteTransaction(489)) - Delete blocks for containerId: 6 is either received out of order or retried, 6 <= 6
2023-03-23 08:06:30,255 [SCMBlockDeletingService#0] DEBUG block.SCMBlockDeletingService (SCMBlockDeletingService.java:call(136)) - Running DeletedBlockTransactionScanner
2023-03-23 08:06:30,258 [BlockDeletingService#2] INFO  interfaces.ContainerDeletionChoosingPolicyTemplate (ContainerDeletionChoosingPolicyTemplate.java:chooseContainerForBlockDeletion(83)) - Chosen 38/4962 blocks from 6 candidate containers.
2023-03-23 08:06:30,260 [BlockDeletingService#2] INFO  impl.FilePerBlockStrategy (FilePerBlockStrategy.java:deleteChunk(252)) - Deleted block file: /home/runner/work/ozone/ozone/hadoop-ozone/integration-test/target/test-dir/MiniOzoneClusterImpl-83429495-af89-4435-a907-dab059fcfd42/datanode-2/data-0/containers/hdds/83429495-af89-4435-a907-dab059fcfd42/current/containerDir0/1/chunks/111677748019200001.block
2023-03-23 08:06:30,260 [BlockDeletingService#4] INFO  impl.FilePerBlockStrategy (FilePerBlockStrategy.java:deleteChunk(252)) - Deleted block file: /home/runner/work/ozone/ozone/hadoop-ozone/integration-test/target/test-dir/MiniOzoneClusterImpl-83429495-af89-4435-a907-dab059fcfd42/datanode-2/data-0/containers/hdds/83429495-af89-4435-a907-dab059fcfd42/current/containerDir0/6/chunks/111677748019200006.block
2023-03-23 08:06:30,261 [BlockDeletingService#2] INFO  impl.FilePerBlockStrategy (FilePerBlockStrategy.java:deleteChunk(252)) - Deleted block file: /home/runner/work/ozone/ozone/hadoop-ozone/integration-test/target/test-dir/MiniOzoneClusterImpl-83429495-af89-4435-a907-dab059fcfd42/datanode-2/data-0/containers/hdds/83429495-af89-4435-a907-dab059fcfd42/current/containerDir0/5/chunks/111677748019200005.block
2023-03-23 08:06:30,261 [BlockDeletingService#4] INFO  impl.FilePerBlockStrategy (FilePerBlockStrategy.java:deleteChunk(252)) - Deleted block file: /home/runner/work/ozone/ozone/hadoop-ozone/integration-test/target/test-dir/MiniOzoneClusterImpl-83429495-af89-4435-a907-dab059fcfd42/datanode-2/data-0/containers/hdds/83429495-af89-4435-a907-dab059fcfd42/current/containerDir0/4/chunks/111677748019200004.block
2023-03-23 08:06:30,265 [BlockDeletingService#2] INFO  impl.FilePerBlockStrategy (FilePerBlockStrategy.java:deleteChunk(252)) - Deleted block file: /home/runner/work/ozone/ozone/hadoop-ozone/integration-test/target/test-dir/MiniOzoneClusterImpl-83429495-af89-4435-a907-dab059fcfd42/datanode-2/data-0/containers/hdds/83429495-af89-4435-a907-dab059fcfd42/current/containerDir0/3/chunks/111677748019200003.block
2023-03-23 08:06:30,264 [BlockDeletingService#9] INFO  impl.FilePerBlockStrategy (FilePerBlockStrategy.java:deleteChunk(252)) - Deleted block file: /home/runner/work/ozone/ozone/hadoop-ozone/integration-test/target/test-dir/MiniOzoneClusterImpl-83429495-af89-4435-a907-dab059fcfd42/datanode-2/data-0/containers/hdds/83429495-af89-4435-a907-dab059fcfd42/current/containerDir0/2/chunks/111677748019200002.block
2023-03-23 08:06:30,266 [BlockDeletingService#1] INFO  interfaces.ContainerDeletionChoosingPolicyTemplate (ContainerDeletionChoosingPolicyTemplate.java:chooseContainerForBlockDeletion(83)) - Chosen 0/5000 blocks from 0 candidate containers.
2023-03-23 08:06:30,283 [BlockDeletingService#1] INFO  interfaces.ContainerDeletionChoosingPolicyTemplate (ContainerDeletionChoosingPolicyTemplate.java:chooseContainerForBlockDeletion(83)) - Chosen 0/5000 blocks from 0 candidate containers.
2023-03-23 08:06:30,355 [SCMBlockDeletingService#0] DEBUG block.SCMBlockDeletingService (SCMBlockDeletingService.java:call(136)) - Running DeletedBlockTransactionScanner
2023-03-23 08:06:30,356 [SCMBlockDeletingService#0] DEBUG block.SCMBlockDeletingService (DatanodeDeletedBlockTransactions.java:addTransactionToDN(50)) - Transaction added: 2b202a02-6273-4262-ac40-cc676055620c <- TX(1)
2023-03-23 08:06:30,356 [SCMBlockDeletingService#0] DEBUG block.SCMBlockDeletingService (DatanodeDeletedBlockTransactions.java:addTransactionToDN(50)) - Transaction added: 2b202a02-6273-4262-ac40-cc676055620c <- TX(2)
2023-03-23 08:06:30,356 [SCMBlockDeletingService#0] DEBUG block.SCMBlockDeletingService (DatanodeDeletedBlockTransactions.java:addTransactionToDN(50)) - Transaction added: 2b202a02-6273-4262-ac40-cc676055620c <- TX(3)
2023-03-23 08:06:30,356 [SCMBlockDeletingService#0] DEBUG block.SCMBlockDeletingService (DatanodeDeletedBlockTransactions.java:addTransactionToDN(50)) - Transaction added: 2b202a02-6273-4262-ac40-cc676055620c <- TX(4)
2023-03-23 08:06:30,356 [SCMBlockDeletingService#0] DEBUG block.SCMBlockDeletingService (DatanodeDeletedBlockTransactions.java:addTransactionToDN(50)) - Transaction added: 2b202a02-6273-4262-ac40-cc676055620c <- TX(5)
2023-03-23 08:06:30,356 [SCMBlockDeletingService#0] DEBUG block.SCMBlockDeletingService (DatanodeDeletedBlockTransactions.java:addTransactionToDN(50)) - Transaction added: 2b202a02-6273-4262-ac40-cc676055620c <- TX(6)
2023-03-23 08:06:30,356 [SCMBlockDeletingService#0] DEBUG block.SCMBlockDeletingService (SCMBlockDeletingService.java:call(171)) - Added delete block command for datanode 2b202a02-6273-4262-ac40-cc676055620c in the queue, number of delete block transactions: 6
2023-03-23 08:06:30,356 [SCMBlockDeletingService#0] INFO  block.SCMBlockDeletingService (SCMBlockDeletingService.java:call(180)) - Totally added 6 blocks to be deleted for 1 datanodes, task elapsed time: 1ms
2023-03-23 08:06:30,362 [BlockDeletingService#5] INFO  interfaces.ContainerDeletionChoosingPolicyTemplate (ContainerDeletionChoosingPolicyTemplate.java:chooseContainerForBlockDeletion(83)) - Chosen 32/4968 blocks from 6 candidate containers.
2023-03-23 08:06:30,362 [BlockDeletingService#0] INFO  background.BlockDeletingService (BlockDeletingService.java:deleteViaTransactionStore(483)) - No transaction found in container 6 with pending delete block count 5
2023-03-23 08:06:30,363 [BlockDeletingService#8] INFO  background.BlockDeletingService (BlockDeletingService.java:deleteViaTransactionStore(483)) - No transaction found in container 5 with pending delete block count 5
2023-03-23 08:06:30,363 [BlockDeletingService#0] INFO  background.BlockDeletingService (BlockDeletingService.java:deleteViaTransactionStore(483)) - No transaction found in container 4 with pending delete block count 5
2023-03-23 08:06:30,363 [BlockDeletingService#8] INFO  background.BlockDeletingService (BlockDeletingService.java:deleteViaTransactionStore(483)) - No transaction found in container 3 with pending delete block count 5
2023-03-23 08:06:30,363 [BlockDeletingService#0] INFO  background.BlockDeletingService (BlockDeletingService.java:deleteViaTransactionStore(483)) - No transaction found in container 2 with pending delete block count 6
2023-03-23 08:06:30,362 [BlockDeletingService#5] INFO  background.BlockDeletingService (BlockDeletingService.java:deleteViaTransactionStore(483)) - No transaction found in container 1 with pending delete block count 6
2023-03-23 08:06:30,366 [BlockDeletingService#1] INFO  interfaces.ContainerDeletionChoosingPolicyTemplate (ContainerDeletionChoosingPolicyTemplate.java:chooseContainerForBlockDeletion(83)) - Chosen 0/5000 blocks from 0 candidate containers.
2023-03-23 08:06:30,383 [BlockDeletingService#1] INFO  interfaces.ContainerDeletionChoosingPolicyTemplate (ContainerDeletionChoosingPolicyTemplate.java:chooseContainerForBlockDeletion(83)) - Chosen 0/5000 blocks from 0 candidate containers.
2023-03-23 08:06:30,455 [SCMBlockDeletingService#0] DEBUG block.SCMBlockDeletingService (SCMBlockDeletingService.java:call(136)) - Running DeletedBlockTransactionScanner
2023-03-23 08:06:30,459 [EventQueue-DeleteBlockStatusForDeletedBlockLogImpl] DEBUG block.DeletedBlockLogImpl (DeletedBlockLogImpl.java:isTransactionFailed(314)) - Got block deletion ACK from datanode, TXIDs=1, success=true
2023-03-23 08:06:30,459 [EventQueue-DeleteBlockStatusForDeletedBlockLogImpl] DEBUG block.DeletedBlockLogImpl (DeletedBlockLogImpl.java:commitTransactions(286)) - Purging txId=1 from block deletion log
2023-03-23 08:06:30,459 [EventQueue-DeleteBlockStatusForDeletedBlockLogImpl] DEBUG block.DeletedBlockLogImpl (DeletedBlockLogImpl.java:commitTransactions(292)) - Datanode txId=1 containerId=#1 committed by dnId=2b202a02-6273-4262-ac40-cc676055620c
2023-03-23 08:06:30,459 [EventQueue-DeleteBlockStatusForDeletedBlockLogImpl] DEBUG block.DeletedBlockLogImpl (DeletedBlockLogImpl.java:isTransactionFailed(314)) - Got block deletion ACK from datanode, TXIDs=2, success=true
2023-03-23 08:06:30,459 [EventQueue-DeleteBlockStatusForDeletedBlockLogImpl] DEBUG block.DeletedBlockLogImpl (DeletedBlockLogImpl.java:commitTransactions(286)) - Purging txId=2 from block deletion log
2023-03-23 08:06:30,459 [EventQueue-DeleteBlockStatusForDeletedBlockLogImpl] DEBUG block.DeletedBlockLogImpl (DeletedBlockLogImpl.java:commitTransactions(292)) - Datanode txId=2 containerId=#2 committed by dnId=2b202a02-6273-4262-ac40-cc676055620c
2023-03-23 08:06:30,459 [EventQueue-DeleteBlockStatusForDeletedBlockLogImpl] DEBUG block.DeletedBlockLogImpl (DeletedBlockLogImpl.java:isTransactionFailed(314)) - Got block deletion ACK from datanode, TXIDs=3, success=true
2023-03-23 08:06:30,459 [EventQueue-DeleteBlockStatusForDeletedBlockLogImpl] DEBUG block.DeletedBlockLogImpl (DeletedBlockLogImpl.java:commitTransactions(286)) - Purging txId=3 from block deletion log
2023-03-23 08:06:30,459 [EventQueue-DeleteBlockStatusForDeletedBlockLogImpl] DEBUG block.DeletedBlockLogImpl (DeletedBlockLogImpl.java:commitTransactions(292)) - Datanode txId=3 containerId=#3 committed by dnId=2b202a02-6273-4262-ac40-cc676055620c
2023-03-23 08:06:30,459 [EventQueue-DeleteBlockStatusForDeletedBlockLogImpl] DEBUG block.DeletedBlockLogImpl (DeletedBlockLogImpl.java:isTransactionFailed(314)) - Got block deletion ACK from datanode, TXIDs=4, success=true
2023-03-23 08:06:30,459 [EventQueue-DeleteBlockStatusForDeletedBlockLogImpl] DEBUG block.DeletedBlockLogImpl (DeletedBlockLogImpl.java:commitTransactions(286)) - Purging txId=4 from block deletion log
2023-03-23 08:06:30,459 [EventQueue-DeleteBlockStatusForDeletedBlockLogImpl] DEBUG block.DeletedBlockLogImpl (DeletedBlockLogImpl.java:commitTransactions(292)) - Datanode txId=4 containerId=#4 committed by dnId=2b202a02-6273-4262-ac40-cc676055620c
2023-03-23 08:06:30,460 [EventQueue-DeleteBlockStatusForDeletedBlockLogImpl] DEBUG block.DeletedBlockLogImpl (DeletedBlockLogImpl.java:isTransactionFailed(314)) - Got block deletion ACK from datanode, TXIDs=5, success=true
2023-03-23 08:06:30,460 [EventQueue-DeleteBlockStatusForDeletedBlockLogImpl] DEBUG block.DeletedBlockLogImpl (DeletedBlockLogImpl.java:commitTransactions(286)) - Purging txId=5 from block deletion log
2023-03-23 08:06:30,460 [EventQueue-DeleteBlockStatusForDeletedBlockLogImpl] DEBUG block.DeletedBlockLogImpl (DeletedBlockLogImpl.java:commitTransactions(292)) - Datanode txId=5 containerId=#5 committed by dnId=2b202a02-6273-4262-ac40-cc676055620c
2023-03-23 08:06:30,460 [EventQueue-DeleteBlockStatusForDeletedBlockLogImpl] DEBUG block.DeletedBlockLogImpl (DeletedBlockLogImpl.java:isTransactionFailed(314)) - Got block deletion ACK from datanode, TXIDs=6, success=true
2023-03-23 08:06:30,460 [EventQueue-DeleteBlockStatusForDeletedBlockLogImpl] DEBUG block.DeletedBlockLogImpl (DeletedBlockLogImpl.java:commitTransactions(286)) - Purging txId=6 from block deletion log
2023-03-23 08:06:30,460 [EventQueue-DeleteBlockStatusForDeletedBlockLogImpl] DEBUG block.DeletedBlockLogImpl (DeletedBlockLogImpl.java:commitTransactions(292)) - Datanode txId=6 containerId=#6 committed by dnId=2b202a02-6273-4262-ac40-cc676055620c
2023-03-23 08:06:30,460 [EventQueue-DeleteBlockStatusForDeletedBlockLogImpl] DEBUG block.DeletedBlockLogImpl (DeletedBlockLogImpl.java:isTransactionFailed(314)) - Got block deletion ACK from datanode, TXIDs=1, success=true
2023-03-23 08:06:30,460 [EventQueue-DeleteBlockStatusForDeletedBlockLogImpl] DEBUG block.DeletedBlockLogImpl (DeletedBlockLogImpl.java:commitTransactions(260)) - Transaction txId=1 commit by dnId=2b202a02-6273-4262-ac40-cc676055620c for containerID=#1 failed. Corresponding entry not found.
2023-03-23 08:06:30,460 [EventQueue-DeleteBlockStatusForDeletedBlockLogImpl] DEBUG block.DeletedBlockLogImpl (DeletedBlockLogImpl.java:isTransactionFailed(314)) - Got block deletion ACK from datanode, TXIDs=2, success=true
2023-03-23 08:06:30,460 [EventQueue-DeleteBlockStatusForDeletedBlockLogImpl] DEBUG block.DeletedBlockLogImpl (DeletedBlockLogImpl.java:commitTransactions(260)) - Transaction txId=2 commit by dnId=2b202a02-6273-4262-ac40-cc676055620c for containerID=#2 failed. Corresponding entry not found.
2023-03-23 08:06:30,460 [EventQueue-DeleteBlockStatusForDeletedBlockLogImpl] DEBUG block.DeletedBlockLogImpl (DeletedBlockLogImpl.java:isTransactionFailed(314)) - Got block deletion ACK from datanode, TXIDs=1, success=true
2023-03-23 08:06:30,460 [EventQueue-DeleteBlockStatusForDeletedBlockLogImpl] DEBUG block.DeletedBlockLogImpl (DeletedBlockLogImpl.java:commitTransactions(260)) - Transaction txId=1 commit by dnId=2b202a02-6273-4262-ac40-cc676055620c for containerID=#1 failed. Corresponding entry not found.
2023-03-23 08:06:30,460 [EventQueue-DeleteBlockStatusForDeletedBlockLogImpl] DEBUG block.DeletedBlockLogImpl (DeletedBlockLogImpl.java:isTransactionFailed(314)) - Got block deletion ACK from datanode, TXIDs=2, success=true
2023-03-23 08:06:30,460 [EventQueue-DeleteBlockStatusForDeletedBlockLogImpl] DEBUG block.DeletedBlockLogImpl (DeletedBlockLogImpl.java:commitTransactions(260)) - Transaction txId=2 commit by dnId=2b202a02-6273-4262-ac40-cc676055620c for containerID=#2 failed. Corresponding entry not found.
2023-03-23 08:06:30,460 [EventQueue-DeleteBlockStatusForDeletedBlockLogImpl] DEBUG block.DeletedBlockLogImpl (DeletedBlockLogImpl.java:isTransactionFailed(314)) - Got block deletion ACK from datanode, TXIDs=3, success=true
2023-03-23 08:06:30,460 [EventQueue-DeleteBlockStatusForDeletedBlockLogImpl] DEBUG block.DeletedBlockLogImpl (DeletedBlockLogImpl.java:commitTransactions(260)) - Transaction txId=3 commit by dnId=2b202a02-6273-4262-ac40-cc676055620c for containerID=#3 failed. Corresponding entry not found.
2023-03-23 08:06:30,460 [EventQueue-DeleteBlockStatusForDeletedBlockLogImpl] DEBUG block.DeletedBlockLogImpl (DeletedBlockLogImpl.java:isTransactionFailed(314)) - Got block deletion ACK from datanode, TXIDs=4, success=true
2023-03-23 08:06:30,460 [EventQueue-DeleteBlockStatusForDeletedBlockLogImpl] DEBUG block.DeletedBlockLogImpl (DeletedBlockLogImpl.java:commitTransactions(260)) - Transaction txId=4 commit by dnId=2b202a02-6273-4262-ac40-cc676055620c for containerID=#4 failed. Corresponding entry not found.
2023-03-23 08:06:30,460 [EventQueue-DeleteBlockStatusForDeletedBlockLogImpl] DEBUG block.DeletedBlockLogImpl (DeletedBlockLogImpl.java:isTransactionFailed(314)) - Got block deletion ACK from datanode, TXIDs=5, success=true
2023-03-23 08:06:30,460 [EventQueue-DeleteBlockStatusForDeletedBlockLogImpl] DEBUG block.DeletedBlockLogImpl (DeletedBlockLogImpl.java:commitTransactions(260)) - Transaction txId=5 commit by dnId=2b202a02-6273-4262-ac40-cc676055620c for containerID=#5 failed. Corresponding entry not found.
2023-03-23 08:06:30,460 [EventQueue-DeleteBlockStatusForDeletedBlockLogImpl] DEBUG block.DeletedBlockLogImpl (DeletedBlockLogImpl.java:isTransactionFailed(314)) - Got block deletion ACK from datanode, TXIDs=6, success=true
2023-03-23 08:06:30,460 [EventQueue-DeleteBlockStatusForDeletedBlockLogImpl] DEBUG block.DeletedBlockLogImpl (DeletedBlockLogImpl.java:commitTransactions(260)) - Transaction txId=6 commit by dnId=2b202a02-6273-4262-ac40-cc676055620c for containerID=#6 failed. Corresponding entry not found.
2023-03-23 08:06:30,460 [EventQueue-DeleteBlockStatusForDeletedBlockLogImpl] DEBUG block.DeletedBlockLogImpl (DeletedBlockLogImpl.java:isTransactionFailed(314)) - Got block deletion ACK from datanode, TXIDs=1, success=true
2023-03-23 08:06:30,460 [EventQueue-DeleteBlockStatusForDeletedBlockLogImpl] DEBUG block.DeletedBlockLogImpl (DeletedBlockLogImpl.java:commitTransactions(260)) - Transaction txId=1 commit by dnId=2b202a02-6273-4262-ac40-cc676055620c for containerID=#1 failed. Corresponding entry not found.
2023-03-23 08:06:30,460 [EventQueue-DeleteBlockStatusForDeletedBlockLogImpl] DEBUG block.DeletedBlockLogImpl (DeletedBlockLogImpl.java:isTransactionFailed(314)) - Got block deletion ACK from datanode, TXIDs=2, success=true
2023-03-23 08:06:30,460 [EventQueue-DeleteBlockStatusForDeletedBlockLogImpl] DEBUG block.DeletedBlockLogImpl (DeletedBlockLogImpl.java:commitTransactions(260)) - Transaction txId=2 commit by dnId=2b202a02-6273-4262-ac40-cc676055620c for containerID=#2 failed. Corresponding entry not found.
2023-03-23 08:06:30,460 [EventQueue-DeleteBlockStatusForDeletedBlockLogImpl] DEBUG block.DeletedBlockLogImpl (DeletedBlockLogImpl.java:isTransactionFailed(314)) - Got block deletion ACK from datanode, TXIDs=3, success=true
2023-03-23 08:06:30,461 [EventQueue-DeleteBlockStatusForDeletedBlockLogImpl] DEBUG block.DeletedBlockLogImpl (DeletedBlockLogImpl.java:commitTransactions(260)) - Transaction txId=3 commit by dnId=2b202a02-6273-4262-ac40-cc676055620c for containerID=#3 failed. Corresponding entry not found.
2023-03-23 08:06:30,461 [EventQueue-DeleteBlockStatusForDeletedBlockLogImpl] DEBUG block.DeletedBlockLogImpl (DeletedBlockLogImpl.java:isTransactionFailed(314)) - Got block deletion ACK from datanode, TXIDs=4, success=true
2023-03-23 08:06:30,461 [EventQueue-DeleteBlockStatusForDeletedBlockLogImpl] DEBUG block.DeletedBlockLogImpl (DeletedBlockLogImpl.java:commitTransactions(260)) - Transaction txId=4 commit by dnId=2b202a02-6273-4262-ac40-cc676055620c for containerID=#4 failed. Corresponding entry not found.
2023-03-23 08:06:30,461 [EventQueue-DeleteBlockStatusForDeletedBlockLogImpl] DEBUG block.DeletedBlockLogImpl (DeletedBlockLogImpl.java:isTransactionFailed(314)) - Got block deletion ACK from datanode, TXIDs=5, success=true
2023-03-23 08:06:30,461 [EventQueue-DeleteBlockStatusForDeletedBlockLogImpl] DEBUG block.DeletedBlockLogImpl (DeletedBlockLogImpl.java:commitTransactions(260)) - Transaction txId=5 commit by dnId=2b202a02-6273-4262-ac40-cc676055620c for containerID=#5 failed. Corresponding entry not found.
2023-03-23 08:06:30,461 [EventQueue-DeleteBlockStatusForDeletedBlockLogImpl] DEBUG block.DeletedBlockLogImpl (DeletedBlockLogImpl.java:isTransactionFailed(314)) - Got block deletion ACK from datanode, TXIDs=6, success=true
2023-03-23 08:06:30,461 [EventQueue-DeleteBlockStatusForDeletedBlockLogImpl] DEBUG block.DeletedBlockLogImpl (DeletedBlockLogImpl.java:commitTransactions(260)) - Transaction txId=6 commit by dnId=2b202a02-6273-4262-ac40-cc676055620c for containerID=#6 failed. Corresponding entry not found.
2023-03-23 08:06:30,461 [EventQueue-DeleteBlockStatusForDeletedBlockLogImpl] DEBUG block.DeletedBlockLogImpl (DeletedBlockLogImpl.java:isTransactionFailed(314)) - Got block deletion ACK from datanode, TXIDs=1, success=true
2023-03-23 08:06:30,461 [EventQueue-DeleteBlockStatusForDeletedBlockLogImpl] DEBUG block.DeletedBlockLogImpl (DeletedBlockLogImpl.java:commitTransactions(260)) - Transaction txId=1 commit by dnId=2b202a02-6273-4262-ac40-cc676055620c for containerID=#1 failed. Corresponding entry not found.
2023-03-23 08:06:30,461 [EventQueue-DeleteBlockStatusForDeletedBlockLogImpl] DEBUG block.DeletedBlockLogImpl (DeletedBlockLogImpl.java:isTransactionFailed(314)) - Got block deletion ACK from datanode, TXIDs=2, success=true
2023-03-23 08:06:30,461 [EventQueue-DeleteBlockStatusForDeletedBlockLogImpl] DEBUG block.DeletedBlockLogImpl (DeletedBlockLogImpl.java:commitTransactions(260)) - Transaction txId=2 commit by dnId=2b202a02-6273-4262-ac40-cc676055620c for containerID=#2 failed. Corresponding entry not found.
2023-03-23 08:06:30,461 [EventQueue-DeleteBlockStatusForDeletedBlockLogImpl] DEBUG block.DeletedBlockLogImpl (DeletedBlockLogImpl.java:isTransactionFailed(314)) - Got block deletion ACK from datanode, TXIDs=3, success=true
2023-03-23 08:06:30,461 [EventQueue-DeleteBlockStatusForDeletedBlockLogImpl] DEBUG block.DeletedBlockLogImpl (DeletedBlockLogImpl.java:commitTransactions(260)) - Transaction txId=3 commit by dnId=2b202a02-6273-4262-ac40-cc676055620c for containerID=#3 failed. Corresponding entry not found.
2023-03-23 08:06:30,461 [EventQueue-DeleteBlockStatusForDeletedBlockLogImpl] DEBUG block.DeletedBlockLogImpl (DeletedBlockLogImpl.java:isTransactionFailed(314)) - Got block deletion ACK from datanode, TXIDs=4, success=true
2023-03-23 08:06:30,461 [EventQueue-DeleteBlockStatusForDeletedBlockLogImpl] DEBUG block.DeletedBlockLogImpl (DeletedBlockLogImpl.java:commitTransactions(260)) - Transaction txId=4 commit by dnId=2b202a02-6273-4262-ac40-cc676055620c for containerID=#4 failed. Corresponding entry not found.
2023-03-23 08:06:30,461 [EventQueue-DeleteBlockStatusForDeletedBlockLogImpl] DEBUG block.DeletedBlockLogImpl (DeletedBlockLogImpl.java:isTransactionFailed(314)) - Got block deletion ACK from datanode, TXIDs=5, success=true
2023-03-23 08:06:30,461 [EventQueue-DeleteBlockStatusForDeletedBlockLogImpl] DEBUG block.DeletedBlockLogImpl (DeletedBlockLogImpl.java:commitTransactions(260)) - Transaction txId=5 commit by dnId=2b202a02-6273-4262-ac40-cc676055620c for containerID=#5 failed. Corresponding entry not found.
2023-03-23 08:06:30,461 [EventQueue-DeleteBlockStatusForDeletedBlockLogImpl] DEBUG block.DeletedBlockLogImpl (DeletedBlockLogImpl.java:isTransactionFailed(314)) - Got block deletion ACK from datanode, TXIDs=6, success=true
2023-03-23 08:06:30,461 [EventQueue-DeleteBlockStatusForDeletedBlockLogImpl] DEBUG block.DeletedBlockLogImpl (DeletedBlockLogImpl.java:commitTransactions(260)) - Transaction txId=6 commit by dnId=2b202a02-6273-4262-ac40-cc676055620c for containerID=#6 failed. Corresponding entry not found.
2023-03-23 08:06:30,461 [EventQueue-DeleteBlockStatusForDeletedBlockLogImpl] DEBUG block.DeletedBlockLogImpl (DeletedBlockLogImpl.java:isTransactionFailed(314)) - Got block deletion ACK from datanode, TXIDs=1, success=true
2023-03-23 08:06:30,461 [EventQueue-DeleteBlockStatusForDeletedBlockLogImpl] DEBUG block.DeletedBlockLogImpl (DeletedBlockLogImpl.java:commitTransactions(260)) - Transaction txId=1 commit by dnId=2b202a02-6273-4262-ac40-cc676055620c for containerID=#1 failed. Corresponding entry not found.
2023-03-23 08:06:30,461 [EventQueue-DeleteBlockStatusForDeletedBlockLogImpl] DEBUG block.DeletedBlockLogImpl (DeletedBlockLogImpl.java:isTransactionFailed(314)) - Got block deletion ACK from datanode, TXIDs=2, success=true
2023-03-23 08:06:30,461 [EventQueue-DeleteBlockStatusForDeletedBlockLogImpl] DEBUG block.DeletedBlockLogImpl (DeletedBlockLogImpl.java:commitTransactions(260)) - Transaction txId=2 commit by dnId=2b202a02-6273-4262-ac40-cc676055620c for containerID=#2 failed. Corresponding entry not found.
2023-03-23 08:06:30,461 [EventQueue-DeleteBlockStatusForDeletedBlockLogImpl] DEBUG block.DeletedBlockLogImpl (DeletedBlockLogImpl.java:isTransactionFailed(314)) - Got block deletion ACK from datanode, TXIDs=3, success=true
2023-03-23 08:06:30,461 [EventQueue-DeleteBlockStatusForDeletedBlockLogImpl] DEBUG block.DeletedBlockLogImpl (DeletedBlockLogImpl.java:commitTransactions(260)) - Transaction txId=3 commit by dnId=2b202a02-6273-4262-ac40-cc676055620c for containerID=#3 failed. Corresponding entry not found.
2023-03-23 08:06:30,462 [EventQueue-DeleteBlockStatusForDeletedBlockLogImpl] DEBUG block.DeletedBlockLogImpl (DeletedBlockLogImpl.java:isTransactionFailed(314)) - Got block deletion ACK from datanode, TXIDs=4, success=true
2023-03-23 08:06:30,462 [EventQueue-DeleteBlockStatusForDeletedBlockLogImpl] DEBUG block.DeletedBlockLogImpl (DeletedBlockLogImpl.java:commitTransactions(260)) - Transaction txId=4 commit by dnId=2b202a02-6273-4262-ac40-cc676055620c for containerID=#4 failed. Corresponding entry not found.
2023-03-23 08:06:30,462 [EventQueue-DeleteBlockStatusForDeletedBlockLogImpl] DEBUG block.DeletedBlockLogImpl (DeletedBlockLogImpl.java:isTransactionFailed(314)) - Got block deletion ACK from datanode, TXIDs=5, success=true
2023-03-23 08:06:30,462 [EventQueue-DeleteBlockStatusForDeletedBlockLogImpl] DEBUG block.DeletedBlockLogImpl (DeletedBlockLogImpl.java:commitTransactions(260)) - Transaction txId=5 commit by dnId=2b202a02-6273-4262-ac40-cc676055620c for containerID=#5 failed. Corresponding entry not found.
2023-03-23 08:06:30,464 [BlockDeletingService#8] INFO  interfaces.ContainerDeletionChoosingPolicyTemplate (ContainerDeletionChoosingPolicyTemplate.java:chooseContainerForBlockDeletion(83)) - Chosen 0/5000 blocks from 0 candidate containers.
2023-03-23 08:06:30,464 [EventQueue-DeleteBlockStatusForDeletedBlockLogImpl] DEBUG block.DeletedBlockLogImpl (DeletedBlockLogImpl.java:isTransactionFailed(314)) - Got block deletion ACK from datanode, TXIDs=6, success=true
2023-03-23 08:06:30,464 [EventQueue-DeleteBlockStatusForDeletedBlockLogImpl] DEBUG block.DeletedBlockLogImpl (DeletedBlockLogImpl.java:commitTransactions(260)) - Transaction txId=6 commit by dnId=2b202a02-6273-4262-ac40-cc676055620c for containerID=#6 failed. Corresponding entry not found.
2023-03-23 08:06:30,464 [EventQueue-DeleteBlockStatusForDeletedBlockLogImpl] DEBUG block.DeletedBlockLogImpl (DeletedBlockLogImpl.java:isTransactionFailed(314)) - Got block deletion ACK from datanode, TXIDs=1, success=true
2023-03-23 08:06:30,465 [EventQueue-DeleteBlockStatusForDeletedBlockLogImpl] DEBUG block.DeletedBlockLogImpl (DeletedBlockLogImpl.java:commitTransactions(260)) - Transaction txId=1 commit by dnId=2b202a02-6273-4262-ac40-cc676055620c for containerID=#1 failed. Corresponding entry not found.
2023-03-23 08:06:30,465 [EventQueue-DeleteBlockStatusForDeletedBlockLogImpl] DEBUG block.DeletedBlockLogImpl (DeletedBlockLogImpl.java:isTransactionFailed(314)) - Got block deletion ACK from datanode, TXIDs=2, success=true
2023-03-23 08:06:30,465 [EventQueue-DeleteBlockStatusForDeletedBlockLogImpl] DEBUG block.DeletedBlockLogImpl (DeletedBlockLogImpl.java:commitTransactions(260)) - Transaction txId=2 commit by dnId=2b202a02-6273-4262-ac40-cc676055620c for containerID=#2 failed. Corresponding entry not found.
2023-03-23 08:06:30,465 [EventQueue-DeleteBlockStatusForDeletedBlockLogImpl] DEBUG block.DeletedBlockLogImpl (DeletedBlockLogImpl.java:isTransactionFailed(314)) - Got block deletion ACK from datanode, TXIDs=3, success=true
2023-03-23 08:06:30,465 [EventQueue-DeleteBlockStatusForDeletedBlockLogImpl] DEBUG block.DeletedBlockLogImpl (DeletedBlockLogImpl.java:commitTransactions(260)) - Transaction txId=3 commit by dnId=2b202a02-6273-4262-ac40-cc676055620c for containerID=#3 failed. Corresponding entry not found.
2023-03-23 08:06:30,465 [EventQueue-DeleteBlockStatusForDeletedBlockLogImpl] DEBUG block.DeletedBlockLogImpl (DeletedBlockLogImpl.java:isTransactionFailed(314)) - Got block deletion ACK from datanode, TXIDs=4, success=true
2023-03-23 08:06:30,465 [EventQueue-DeleteBlockStatusForDeletedBlockLogImpl] DEBUG block.DeletedBlockLogImpl (DeletedBlockLogImpl.java:commitTransactions(260)) - Transaction txId=4 commit by dnId=2b202a02-6273-4262-ac40-cc676055620c for containerID=#4 failed. Corresponding entry not found.
2023-03-23 08:06:30,465 [EventQueue-DeleteBlockStatusForDeletedBlockLogImpl] DEBUG block.DeletedBlockLogImpl (DeletedBlockLogImpl.java:isTransactionFailed(314)) - Got block deletion ACK from datanode, TXIDs=5, success=true
2023-03-23 08:06:30,465 [EventQueue-DeleteBlockStatusForDeletedBlockLogImpl] DEBUG block.DeletedBlockLogImpl (DeletedBlockLogImpl.java:commitTransactions(260)) - Transaction txId=5 commit by dnId=2b202a02-6273-4262-ac40-cc676055620c for containerID=#5 failed. Corresponding entry not found.
2023-03-23 08:06:30,465 [EventQueue-DeleteBlockStatusForDeletedBlockLogImpl] DEBUG block.DeletedBlockLogImpl (DeletedBlockLogImpl.java:isTransactionFailed(314)) - Got block deletion ACK from datanode, TXIDs=6, success=true
2023-03-23 08:06:30,465 [EventQueue-DeleteBlockStatusForDeletedBlockLogImpl] DEBUG block.DeletedBlockLogImpl (DeletedBlockLogImpl.java:commitTransactions(260)) - Transaction txId=6 commit by dnId=2b202a02-6273-4262-ac40-cc676055620c for containerID=#6 failed. Corresponding entry not found.
2023-03-23 08:06:30,466 [BlockDeletingService#1] INFO  interfaces.ContainerDeletionChoosingPolicyTemplate (ContainerDeletionChoosingPolicyTemplate.java:chooseContainerForBlockDeletion(83)) - Chosen 0/5000 blocks from 0 candidate containers.
2023-03-23 08:06:30,483 [BlockDeletingService#1] INFO  interfaces.ContainerDeletionChoosingPolicyTemplate (ContainerDeletionChoosingPolicyTemplate.java:chooseContainerForBlockDeletion(83)) - Chosen 0/5000 blocks from 0 candidate containers.
2023-03-23 08:06:30,555 [SCMBlockDeletingService#0] DEBUG block.SCMBlockDeletingService (SCMBlockDeletingService.java:call(136)) - Running DeletedBlockTransactionScanner
2023-03-23 08:06:30,564 [BlockDeletingService#8] INFO  interfaces.ContainerDeletionChoosingPolicyTemplate (ContainerDeletionChoosingPolicyTemplate.java:chooseContainerForBlockDeletion(83)) - Chosen 0/5000 blocks from 0 candidate containers.
2023-03-23 08:06:30,566 [BlockDeletingService#1] INFO  interfaces.ContainerDeletionChoosingPolicyTemplate (ContainerDeletionChoosingPolicyTemplate.java:chooseContainerForBlockDeletion(83)) - Chosen 0/5000 blocks from 0 candidate containers.
2023-03-23 08:06:30,583 [BlockDeletingService#1] INFO  interfaces.ContainerDeletionChoosingPolicyTemplate (ContainerDeletionChoosingPolicyTemplate.java:chooseContainerForBlockDeletion(83)) - Chosen 0/5000 blocks from 0 candidate containers.
2023-03-23 08:06:30,655 [SCMBlockDeletingService#0] DEBUG block.SCMBlockDeletingService (SCMBlockDeletingService.java:call(136)) - Running DeletedBlockTransactionScanner
2023-03-23 08:06:30,665 [BlockDeletingService#8] INFO  interfaces.ContainerDeletionChoosingPolicyTemplate (ContainerDeletionChoosingPolicyTemplate.java:chooseContainerForBlockDeletion(83)) - Chosen 0/5000 blocks from 0 candidate containers.
2023-03-23 08:06:30,667 [BlockDeletingService#1] INFO  interfaces.ContainerDeletionChoosingPolicyTemplate (ContainerDeletionChoosingPolicyTemplate.java:chooseContainerForBlockDeletion(83)) - Chosen 0/5000 blocks from 0 candidate containers.
2023-03-23 08:06:30,684 [BlockDeletingService#1] INFO  interfaces.ContainerDeletionChoosingPolicyTemplate (ContainerDeletionChoosingPolicyTemplate.java:chooseContainerForBlockDeletion(83)) - Chosen 0/5000 blocks from 0 candidate containers.
2023-03-23 08:06:30,756 [SCMBlockDeletingService#0] DEBUG block.SCMBlockDeletingService (SCMBlockDeletingService.java:call(136)) - Running DeletedBlockTransactionScanner
2023-03-23 08:06:30,765 [BlockDeletingService#8] INFO  interfaces.ContainerDeletionChoosingPolicyTemplate (ContainerDeletionChoosingPolicyTemplate.java:chooseContainerForBlockDeletion(83)) - Chosen 0/5000 blocks from 0 candidate containers.
2023-03-23 08:06:30,767 [BlockDeletingService#1] INFO  interfaces.ContainerDeletionChoosingPolicyTemplate (ContainerDeletionChoosingPolicyTemplate.java:chooseContainerForBlockDeletion(83)) - Chosen 0/5000 blocks from 0 candidate containers.
2023-03-23 08:06:30,784 [BlockDeletingService#1] INFO  interfaces.ContainerDeletionChoosingPolicyTemplate (ContainerDeletionChoosingPolicyTemplate.java:chooseContainerForBlockDeletion(83)) - Chosen 0/5000 blocks from 0 candidate containers.
2023-03-23 08:06:30,850 [Listener at 127.0.0.1/46681] INFO  ozoneimpl.OzoneContainer (OzoneContainer.java:stop(423)) - Attempting to stop container services.
2023-03-23 08:06:30,852 [Listener at 127.0.0.1/46681] INFO  server.RaftServer (RaftServerProxy.java:lambda$close$6(409)) - 0838c789-5be6-4b53-844e-73c82c080a18: close
2023-03-23 08:06:30,852 [Listener at 127.0.0.1/46681] INFO  server.GrpcService (GrpcService.java:closeImpl(271)) - 0838c789-5be6-4b53-844e-73c82c080a18: shutdown server GrpcServerProtocolService now
2023-03-23 08:06:30,852 [0838c789-5be6-4b53-844e-73c82c080a18-impl-thread1] INFO  server.RaftServer$Division (RaftServerImpl.java:lambda$close$4(458)) - 0838c789-5be6-4b53-844e-73c82c080a18@group-FC8DF440C2CC: shutdown
2023-03-23 08:06:30,853 [0838c789-5be6-4b53-844e-73c82c080a18-impl-thread1] INFO  util.JmxRegister (JmxRegister.java:unregister(73)) - Successfully un-registered JMX Bean with object name Ratis:service=RaftServer,group=group-FC8DF440C2CC,id=0838c789-5be6-4b53-844e-73c82c080a18
2023-03-23 08:06:30,853 [0838c789-5be6-4b53-844e-73c82c080a18-impl-thread1] INFO  impl.RoleInfo (RoleInfo.java:shutdownLeaderState(93)) - 0838c789-5be6-4b53-844e-73c82c080a18: shutdown 0838c789-5be6-4b53-844e-73c82c080a18@group-FC8DF440C2CC-LeaderStateImpl
2023-03-23 08:06:30,854 [0838c789-5be6-4b53-844e-73c82c080a18-impl-thread1] INFO  impl.PendingRequests (PendingRequests.java:sendNotLeaderResponses(282)) - 0838c789-5be6-4b53-844e-73c82c080a18@group-FC8DF440C2CC-PendingRequests: sendNotLeaderResponses
2023-03-23 08:06:30,854 [0838c789-5be6-4b53-844e-73c82c080a18@group-FC8DF440C2CC->9852ed25-ff4d-4e5e-8bb3-2709f3d2ddbb-GrpcLogAppender-LogAppenderDaemon] WARN  server.GrpcLogAppender (GrpcLogAppender.java:mayWait(200)) - 0838c789-5be6-4b53-844e-73c82c080a18@group-FC8DF440C2CC->9852ed25-ff4d-4e5e-8bb3-2709f3d2ddbb-GrpcLogAppender: Wait interrupted by java.lang.InterruptedException
2023-03-23 08:06:30,855 [grpc-default-executor-0] INFO  server.GrpcServerProtocolService (GrpcServerProtocolService.java:onCompleted(143)) - 9852ed25-ff4d-4e5e-8bb3-2709f3d2ddbb: Completed APPEND_ENTRIES, lastRequest: 0838c789-5be6-4b53-844e-73c82c080a18->9852ed25-ff4d-4e5e-8bb3-2709f3d2ddbb#308-t1,previous=(t:1, i:117),leaderCommit=117,initializing? true,entries: size=1, first=(t:1, i:118), METADATAENTRY(c:117)
2023-03-23 08:06:30,855 [0838c789-5be6-4b53-844e-73c82c080a18@group-FC8DF440C2CC->2b202a02-6273-4262-ac40-cc676055620c-GrpcLogAppender-LogAppenderDaemon] WARN  server.GrpcLogAppender (GrpcLogAppender.java:mayWait(200)) - 0838c789-5be6-4b53-844e-73c82c080a18@group-FC8DF440C2CC->2b202a02-6273-4262-ac40-cc676055620c-GrpcLogAppender: Wait interrupted by java.lang.InterruptedException
2023-03-23 08:06:30,856 [grpc-default-executor-4] INFO  server.GrpcServerProtocolService (GrpcServerProtocolService.java:onCompleted(143)) - 9852ed25-ff4d-4e5e-8bb3-2709f3d2ddbb: Completed APPEND_ENTRIES, lastRequest: null
2023-03-23 08:06:30,856 [grpc-default-executor-4] INFO  server.GrpcLogAppender (GrpcLogAppender.java:onCompleted(415)) - 0838c789-5be6-4b53-844e-73c82c080a18@group-FC8DF440C2CC->9852ed25-ff4d-4e5e-8bb3-2709f3d2ddbb-AppendLogResponseHandler: follower responses appendEntries COMPLETED
2023-03-23 08:06:30,856 [grpc-default-executor-4] INFO  leader.FollowerInfo (FollowerInfoImpl.java:lambda$new$0(48)) - 0838c789-5be6-4b53-844e-73c82c080a18@group-FC8DF440C2CC->9852ed25-ff4d-4e5e-8bb3-2709f3d2ddbb: nextIndex: updateUnconditionally 119 -> 118
2023-03-23 08:06:30,857 [grpc-default-executor-5] INFO  server.GrpcServerProtocolService (GrpcServerProtocolService.java:onCompleted(143)) - 2b202a02-6273-4262-ac40-cc676055620c: Completed APPEND_ENTRIES, lastRequest: null
2023-03-23 08:06:30,857 [grpc-default-executor-0] INFO  server.GrpcServerProtocolService (GrpcServerProtocolService.java:onCompleted(143)) - 2b202a02-6273-4262-ac40-cc676055620c: Completed APPEND_ENTRIES, lastRequest: 0838c789-5be6-4b53-844e-73c82c080a18->2b202a02-6273-4262-ac40-cc676055620c#575-t1,previous=(t:1, i:117),leaderCommit=117,initializing? true,entries: size=1, first=(t:1, i:118), METADATAENTRY(c:117)
2023-03-23 08:06:30,857 [SCMBlockDeletingService#0] DEBUG block.SCMBlockDeletingService (SCMBlockDeletingService.java:call(136)) - Running DeletedBlockTransactionScanner
2023-03-23 08:06:30,858 [grpc-default-executor-3] INFO  server.GrpcLogAppender (GrpcLogAppender.java:onCompleted(415)) - 0838c789-5be6-4b53-844e-73c82c080a18@group-FC8DF440C2CC->2b202a02-6273-4262-ac40-cc676055620c-AppendLogResponseHandler: follower responses appendEntries COMPLETED
2023-03-23 08:06:30,858 [grpc-default-executor-3] INFO  leader.FollowerInfo (FollowerInfoImpl.java:lambda$new$0(48)) - 0838c789-5be6-4b53-844e-73c82c080a18@group-FC8DF440C2CC->2b202a02-6273-4262-ac40-cc676055620c: nextIndex: updateUnconditionally 119 -> 118
2023-03-23 08:06:30,860 [grpc-default-executor-2] INFO  server.GrpcLogAppender (GrpcLogAppender.java:onCompleted(415)) - 0838c789-5be6-4b53-844e-73c82c080a18@group-FC8DF440C2CC->9852ed25-ff4d-4e5e-8bb3-2709f3d2ddbb-AppendLogResponseHandler: follower responses appendEntries COMPLETED
2023-03-23 08:06:30,860 [grpc-default-executor-2] INFO  leader.FollowerInfo (FollowerInfoImpl.java:lambda$new$0(48)) - 0838c789-5be6-4b53-844e-73c82c080a18@group-FC8DF440C2CC->9852ed25-ff4d-4e5e-8bb3-2709f3d2ddbb: nextIndex: updateUnconditionally 118 -> 117
2023-03-23 08:06:30,860 [grpc-default-executor-5] INFO  server.GrpcLogAppender (GrpcLogAppender.java:onCompleted(415)) - 0838c789-5be6-4b53-844e-73c82c080a18@group-FC8DF440C2CC->2b202a02-6273-4262-ac40-cc676055620c-AppendLogResponseHandler: follower responses appendEntries COMPLETED
2023-03-23 08:06:30,860 [grpc-default-executor-5] INFO  leader.FollowerInfo (FollowerInfoImpl.java:lambda$new$0(48)) - 0838c789-5be6-4b53-844e-73c82c080a18@group-FC8DF440C2CC->2b202a02-6273-4262-ac40-cc676055620c: nextIndex: updateUnconditionally 118 -> 117
2023-03-23 08:06:30,866 [0838c789-5be6-4b53-844e-73c82c080a18-impl-thread1] INFO  impl.StateMachineUpdater (StateMachineUpdater.java:stopAndJoin(153)) - 0838c789-5be6-4b53-844e-73c82c080a18@group-FC8DF440C2CC-StateMachineUpdater: set stopIndex = 118
2023-03-23 08:06:30,867 [BlockDeletingService#1] INFO  interfaces.ContainerDeletionChoosingPolicyTemplate (ContainerDeletionChoosingPolicyTemplate.java:chooseContainerForBlockDeletion(83)) - Chosen 0/5000 blocks from 0 candidate containers.
2023-03-23 08:06:30,867 [BlockDeletingService#8] INFO  interfaces.ContainerDeletionChoosingPolicyTemplate (ContainerDeletionChoosingPolicyTemplate.java:chooseContainerForBlockDeletion(83)) - Chosen 0/5000 blocks from 0 candidate containers.
2023-03-23 08:06:30,868 [0838c789-5be6-4b53-844e-73c82c080a18@group-FC8DF440C2CC-StateMachineUpdater] INFO  ratis.ContainerStateMachine (ContainerStateMachine.java:takeSnapshot(330)) - group-FC8DF440C2CC: Taking a snapshot at:(t:1, i:118) file /home/runner/work/ozone/ozone/hadoop-ozone/integration-test/target/test-dir/MiniOzoneClusterImpl-83429495-af89-4435-a907-dab059fcfd42/datanode-0/data/ratis/60f4dc05-4e25-430c-932c-fc8df440c2cc/sm/snapshot.1_118
2023-03-23 08:06:30,869 [Listener at 127.0.0.1/46681] INFO  server.GrpcServerProtocolClient (GrpcServerProtocolClient.java:close(101)) - 9852ed25-ff4d-4e5e-8bb3-2709f3d2ddbb Close channels
2023-03-23 08:06:30,871 [grpc-default-executor-5] WARN  server.GrpcClientProtocolService (LogUtils.java:warn(122)) - 1-UnorderedRequestStreamObserver1: onError: org.apache.ratis.thirdparty.io.grpc.StatusRuntimeException: CANCELLED: client cancelled
2023-03-23 08:06:30,870 [0838c789-5be6-4b53-844e-73c82c080a18@group-FC8DF440C2CC-StateMachineUpdater] INFO  ratis.ContainerStateMachine (ContainerStateMachine.java:takeSnapshot(341)) - group-FC8DF440C2CC: Finished taking a snapshot at:(t:1, i:118) file:/home/runner/work/ozone/ozone/hadoop-ozone/integration-test/target/test-dir/MiniOzoneClusterImpl-83429495-af89-4435-a907-dab059fcfd42/datanode-0/data/ratis/60f4dc05-4e25-430c-932c-fc8df440c2cc/sm/snapshot.1_118 took: 2 ms
2023-03-23 08:06:30,872 [0838c789-5be6-4b53-844e-73c82c080a18@group-FC8DF440C2CC-StateMachineUpdater] INFO  impl.StateMachineUpdater (StateMachineUpdater.java:takeSnapshot(287)) - 0838c789-5be6-4b53-844e-73c82c080a18@group-FC8DF440C2CC-StateMachineUpdater: Took a snapshot at index 118
2023-03-23 08:06:30,872 [0838c789-5be6-4b53-844e-73c82c080a18@group-FC8DF440C2CC-StateMachineUpdater] INFO  impl.StateMachineUpdater (StateMachineUpdater.java:lambda$new$0(92)) - 0838c789-5be6-4b53-844e-73c82c080a18@group-FC8DF440C2CC-StateMachineUpdater: snapshotIndex: updateIncreasingly -1 -> 118
2023-03-23 08:06:30,874 [0838c789-5be6-4b53-844e-73c82c080a18-impl-thread1] INFO  server.RaftServer$Division (ServerState.java:close(466)) - 0838c789-5be6-4b53-844e-73c82c080a18@group-FC8DF440C2CC: closes. applyIndex: 118
2023-03-23 08:06:30,874 [0838c789-5be6-4b53-844e-73c82c080a18@group-FC8DF440C2CC-SegmentedRaftLogWorker] INFO  segmented.SegmentedRaftLogWorker (SegmentedRaftLogWorker.java:run(347)) - 0838c789-5be6-4b53-844e-73c82c080a18@group-FC8DF440C2CC-SegmentedRaftLogWorker was interrupted, exiting. There are 0 tasks remaining in the queue.
2023-03-23 08:06:30,876 [0838c789-5be6-4b53-844e-73c82c080a18-impl-thread1] INFO  segmented.SegmentedRaftLogWorker (SegmentedRaftLogWorker.java:close(257)) - 0838c789-5be6-4b53-844e-73c82c080a18@group-FC8DF440C2CC-SegmentedRaftLogWorker close()
2023-03-23 08:06:30,877 [Listener at 127.0.0.1/46681] INFO  server.GrpcServerProtocolClient (GrpcServerProtocolClient.java:close(101)) - 2b202a02-6273-4262-ac40-cc676055620c Close channels
2023-03-23 08:06:30,879 [Listener at 127.0.0.1/46681] INFO  server.GrpcService (GrpcService.java:closeImpl(280)) - 0838c789-5be6-4b53-844e-73c82c080a18: shutdown server GrpcServerProtocolService successfully
2023-03-23 08:06:30,880 [0838c789-5be6-4b53-844e-73c82c080a18-NettyServerStreamRpc-bossGroup--thread1] INFO  logging.LoggingHandler (AbstractInternalLogger.java:log(148)) - [id: 0x6432fd3e, L:/0:0:0:0:0:0:0:0:40921] CLOSE
2023-03-23 08:06:30,880 [0838c789-5be6-4b53-844e-73c82c080a18-NettyServerStreamRpc-bossGroup--thread1] INFO  logging.LoggingHandler (AbstractInternalLogger.java:log(148)) - [id: 0x6432fd3e, L:/0:0:0:0:0:0:0:0:40921] INACTIVE
2023-03-23 08:06:30,880 [0838c789-5be6-4b53-844e-73c82c080a18-NettyServerStreamRpc-bossGroup--thread1] INFO  logging.LoggingHandler (AbstractInternalLogger.java:log(148)) - [id: 0x6432fd3e, L:/0:0:0:0:0:0:0:0:40921] UNREGISTERED
2023-03-23 08:06:30,884 [BlockDeletingService#1] INFO  interfaces.ContainerDeletionChoosingPolicyTemplate (ContainerDeletionChoosingPolicyTemplate.java:chooseContainerForBlockDeletion(83)) - Chosen 0/5000 blocks from 0 candidate containers.
2023-03-23 08:06:30,900 [JvmPauseMonitor9] INFO  util.JvmPauseMonitor (JvmPauseMonitor.java:run(111)) - JvmPauseMonitor-0838c789-5be6-4b53-844e-73c82c080a18: Stopped
2023-03-23 08:06:30,957 [SCMBlockDeletingService#0] DEBUG block.SCMBlockDeletingService (SCMBlockDeletingService.java:call(136)) - Running DeletedBlockTransactionScanner
2023-03-23 08:06:30,967 [BlockDeletingService#1] INFO  interfaces.ContainerDeletionChoosingPolicyTemplate (ContainerDeletionChoosingPolicyTemplate.java:chooseContainerForBlockDeletion(83)) - Chosen 0/5000 blocks from 0 candidate containers.
2023-03-23 08:06:30,967 [BlockDeletingService#8] INFO  interfaces.ContainerDeletionChoosingPolicyTemplate (ContainerDeletionChoosingPolicyTemplate.java:chooseContainerForBlockDeletion(83)) - Chosen 0/5000 blocks from 0 candidate containers.
2023-03-23 08:06:30,984 [BlockDeletingService#1] INFO  interfaces.ContainerDeletionChoosingPolicyTemplate (ContainerDeletionChoosingPolicyTemplate.java:chooseContainerForBlockDeletion(83)) - Chosen 0/5000 blocks from 0 candidate containers.
2023-03-23 08:06:31,057 [SCMBlockDeletingService#0] DEBUG block.SCMBlockDeletingService (SCMBlockDeletingService.java:call(136)) - Running DeletedBlockTransactionScanner
2023-03-23 08:06:31,067 [BlockDeletingService#1] INFO  interfaces.ContainerDeletionChoosingPolicyTemplate (ContainerDeletionChoosingPolicyTemplate.java:chooseContainerForBlockDeletion(83)) - Chosen 0/5000 blocks from 0 candidate containers.
2023-03-23 08:06:31,068 [BlockDeletingService#8] INFO  interfaces.ContainerDeletionChoosingPolicyTemplate (ContainerDeletionChoosingPolicyTemplate.java:chooseContainerForBlockDeletion(83)) - Chosen 0/5000 blocks from 0 candidate containers.
2023-03-23 08:06:31,085 [BlockDeletingService#1] INFO  interfaces.ContainerDeletionChoosingPolicyTemplate (ContainerDeletionChoosingPolicyTemplate.java:chooseContainerForBlockDeletion(83)) - Chosen 0/5000 blocks from 0 candidate containers.
2023-03-23 08:06:31,157 [SCMBlockDeletingService#0] DEBUG block.SCMBlockDeletingService (SCMBlockDeletingService.java:call(136)) - Running DeletedBlockTransactionScanner
2023-03-23 08:06:31,168 [BlockDeletingService#1] INFO  interfaces.ContainerDeletionChoosingPolicyTemplate (ContainerDeletionChoosingPolicyTemplate.java:chooseContainerForBlockDeletion(83)) - Chosen 0/5000 blocks from 0 candidate containers.
2023-03-23 08:06:31,168 [BlockDeletingService#8] INFO  interfaces.ContainerDeletionChoosingPolicyTemplate (ContainerDeletionChoosingPolicyTemplate.java:chooseContainerForBlockDeletion(83)) - Chosen 0/5000 blocks from 0 candidate containers.
2023-03-23 08:06:31,185 [BlockDeletingService#1] INFO  interfaces.ContainerDeletionChoosingPolicyTemplate (ContainerDeletionChoosingPolicyTemplate.java:chooseContainerForBlockDeletion(83)) - Chosen 0/5000 blocks from 0 candidate containers.
2023-03-23 08:06:31,257 [SCMBlockDeletingService#0] DEBUG block.SCMBlockDeletingService (SCMBlockDeletingService.java:call(136)) - Running DeletedBlockTransactionScanner
2023-03-23 08:06:31,268 [BlockDeletingService#1] INFO  interfaces.ContainerDeletionChoosingPolicyTemplate (ContainerDeletionChoosingPolicyTemplate.java:chooseContainerForBlockDeletion(83)) - Chosen 0/5000 blocks from 0 candidate containers.
2023-03-23 08:06:31,268 [BlockDeletingService#8] INFO  interfaces.ContainerDeletionChoosingPolicyTemplate (ContainerDeletionChoosingPolicyTemplate.java:chooseContainerForBlockDeletion(83)) - Chosen 0/5000 blocks from 0 candidate containers.
2023-03-23 08:06:31,285 [BlockDeletingService#1] INFO  interfaces.ContainerDeletionChoosingPolicyTemplate (ContainerDeletionChoosingPolicyTemplate.java:chooseContainerForBlockDeletion(83)) - Chosen 0/5000 blocks from 0 candidate containers.
2023-03-23 08:06:31,357 [SCMBlockDeletingService#0] DEBUG block.SCMBlockDeletingService (SCMBlockDeletingService.java:call(136)) - Running DeletedBlockTransactionScanner
2023-03-23 08:06:31,368 [BlockDeletingService#1] INFO  interfaces.ContainerDeletionChoosingPolicyTemplate (ContainerDeletionChoosingPolicyTemplate.java:chooseContainerForBlockDeletion(83)) - Chosen 0/5000 blocks from 0 candidate containers.
2023-03-23 08:06:31,368 [BlockDeletingService#8] INFO  interfaces.ContainerDeletionChoosingPolicyTemplate (ContainerDeletionChoosingPolicyTemplate.java:chooseContainerForBlockDeletion(83)) - Chosen 0/5000 blocks from 0 candidate containers.
2023-03-23 08:06:31,386 [BlockDeletingService#1] INFO  interfaces.ContainerDeletionChoosingPolicyTemplate (ContainerDeletionChoosingPolicyTemplate.java:chooseContainerForBlockDeletion(83)) - Chosen 0/5000 blocks from 0 candidate containers.
2023-03-23 08:06:31,390 [org.apache.hadoop.ozone.container.common.statemachine.commandhandler.DeleteBlocksCommandHandler$DeleteCmdWorker@2295f60b] INFO  commandhandler.DeleteBlocksCommandHandler (DeleteBlocksCommandHandler.java:processCmd(272)) - Start to delete container blocks, TXIDs=[1(6),2(6),3(5),4(5),5(5),6(5)], numOfContainers=6, numOfBlocks=6
2023-03-23 08:06:31,391 [DeleteBlocksCommandHandlerThread-3] INFO  commandhandler.DeleteBlocksCommandHandler (DeleteBlocksCommandHandler.java:logDeleteTransaction(489)) - Delete blocks for containerId: 1 is either received out of order or retried, 1 <= 1
2023-03-23 08:06:31,391 [DeleteBlocksCommandHandlerThread-4] INFO  commandhandler.DeleteBlocksCommandHandler (DeleteBlocksCommandHandler.java:logDeleteTransaction(489)) - Delete blocks for containerId: 3 is either received out of order or retried, 3 <= 3
2023-03-23 08:06:31,391 [DeleteBlocksCommandHandlerThread-3] INFO  commandhandler.DeleteBlocksCommandHandler (DeleteBlocksCommandHandler.java:logDeleteTransaction(489)) - Delete blocks for containerId: 4 is either received out of order or retried, 4 <= 4
2023-03-23 08:06:31,391 [DeleteBlocksCommandHandlerThread-0] INFO  commandhandler.DeleteBlocksCommandHandler (DeleteBlocksCommandHandler.java:logDeleteTransaction(489)) - Delete blocks for containerId: 5 is either received out of order or retried, 5 <= 5
2023-03-23 08:06:31,391 [DeleteBlocksCommandHandlerThread-2] INFO  commandhandler.DeleteBlocksCommandHandler (DeleteBlocksCommandHandler.java:logDeleteTransaction(489)) - Delete blocks for containerId: 2 is either received out of order or retried, 2 <= 2
2023-03-23 08:06:31,391 [DeleteBlocksCommandHandlerThread-1] INFO  commandhandler.DeleteBlocksCommandHandler (DeleteBlocksCommandHandler.java:logDeleteTransaction(489)) - Delete blocks for containerId: 6 is either received out of order or retried, 6 <= 6
2023-03-23 08:06:31,391 [org.apache.hadoop.ozone.container.common.statemachine.commandhandler.DeleteBlocksCommandHandler$DeleteCmdWorker@2295f60b] INFO  commandhandler.DeleteBlocksCommandHandler (DeleteBlocksCommandHandler.java:processCmd(272)) - Start to delete container blocks, TXIDs=[1(7),2(7),3(6),4(6),5(6),6(6)], numOfContainers=6, numOfBlocks=6
commandhandler.DeleteBlocksCommandHandler (DeleteBlocksCommandHandler.java:logDeleteTransaction(489)) - Delete blocks for containerId: 1 is either received out of order or retried, 1 <= 1
2023-03-23 08:06:31,391 [DeleteBlocksCommandHandlerThread-2] INFO  commandhandler.DeleteBlocksCommandHandler (DeleteBlocksCommandHandler.java:logDeleteTransaction(489)) - Delete blocks for containerId: 3 is either received out of order or retried, 3 <= 3
2023-03-23 08:06:31,392 [DeleteBlocksCommandHandlerThread-3] INFO  commandhandler.DeleteBlocksCommandHandler (DeleteBlocksCommandHandler.java:logDeleteTransaction(489)) - Delete blocks for containerId: 4 is either received out of order or retried, 4 <= 4
2023-03-23 08:06:31,392 [DeleteBlocksCommandHandlerThread-2] INFO  commandhandler.DeleteBlocksCommandHandler (DeleteBlocksCommandHandler.java:logDeleteTransaction(489)) - Delete blocks for containerId: 5 is either received out of order or retried, 5 <= 5
2023-03-23 08:06:31,392 [DeleteBlocksCommandHandlerThread-3] INFO  commandhandler.DeleteBlocksCommandHandler (DeleteBlocksCommandHandler.java:logDeleteTransaction(489)) - Delete blocks for containerId: 6 is either received out of order or retried, 6 <= 6
2023-03-23 08:06:31,391 [DeleteBlocksCommandHandlerThread-0] INFO  commandhandler.DeleteBlocksCommandHandler (DeleteBlocksCommandHandler.java:logDeleteTransaction(489)) - Delete blocks for containerId: 2 is either received out of order or retried, 2 <= 2
2023-03-23 08:06:31,392 [org.apache.hadoop.ozone.container.common.statemachine.commandhandler.DeleteBlocksCommandHandler$DeleteCmdWorker@2295f60b] INFO  commandhandler.DeleteBlocksCommandHandler (DeleteBlocksCommandHandler.java:processCmd(272)) - Start to delete container blocks, TXIDs=[1(8),2(8),3(7),4(7),5(7),6(7)], numOfContainers=6, numOfBlocks=6
2023-03-23 08:06:31,392 [DeleteBlocksCommandHandlerThread-2] INFO  commandhandler.DeleteBlocksCommandHandler (DeleteBlocksCommandHandler.java:logDeleteTransaction(489)) - Delete blocks for containerId: 1 is either received out of order or retried, 1 <= 1
2023-03-23 08:06:31,392 [DeleteBlocksCommandHandlerThread-2] INFO  commandhandler.DeleteBlocksCommandHandler (DeleteBlocksCommandHandler.java:logDeleteTransaction(489)) - Delete blocks for containerId: 2 is either received out of order or retried, 2 <= 2
2023-03-23 08:06:31,392 [DeleteBlocksCommandHandlerThread-2] INFO  commandhandler.DeleteBlocksCommandHandler (DeleteBlocksCommandHandler.java:logDeleteTransaction(489)) - Delete blocks for containerId: 3 is either received out of order or retried, 3 <= 3
2023-03-23 08:06:31,392 [DeleteBlocksCommandHandlerThread-2] INFO  commandhandler.DeleteBlocksCommandHandler (DeleteBlocksCommandHandler.java:logDeleteTransaction(489)) - Delete blocks for containerId: 4 is either received out of order or retried, 4 <= 4
2023-03-23 08:06:31,392 [DeleteBlocksCommandHandlerThread-2] INFO  commandhandler.DeleteBlocksCommandHandler (DeleteBlocksCommandHandler.java:logDeleteTransaction(489)) - Delete blocks for containerId: 5 is either received out of order or retried, 5 <= 5
2023-03-23 08:06:31,393 [DeleteBlocksCommandHandlerThread-2] INFO  commandhandler.DeleteBlocksCommandHandler (DeleteBlocksCommandHandler.java:logDeleteTransaction(489)) - Delete blocks for containerId: 6 is either received out of order or retried, 6 <= 6
2023-03-23 08:06:31,457 [SCMBlockDeletingService#0] DEBUG block.SCMBlockDeletingService (SCMBlockDeletingService.java:call(136)) - Running DeletedBlockTransactionScanner
2023-03-23 08:06:31,469 [BlockDeletingService#8] INFO  interfaces.ContainerDeletionChoosingPolicyTemplate (ContainerDeletionChoosingPolicyTemplate.java:chooseContainerForBlockDeletion(83)) - Chosen 0/5000 blocks from 0 candidate containers.
2023-03-23 08:06:31,471 [BlockDeletingService#1] INFO  interfaces.ContainerDeletionChoosingPolicyTemplate (ContainerDeletionChoosingPolicyTemplate.java:chooseContainerForBlockDeletion(83)) - Chosen 18/4982 blocks from 6 candidate containers.
2023-03-23 08:06:31,471 [BlockDeletingService#1] WARN  keyvalue.KeyValueHandler (KeyValueHandler.java:deleteUnreferenced(1211)) - Missing delete block(Container = 1, Block = 111677748019200001
2023-03-23 08:06:31,471 [BlockDeletingService#2] WARN  keyvalue.KeyValueHandler (KeyValueHandler.java:deleteUnreferenced(1211)) - Missing delete block(Container = 5, Block = 111677748019200005
2023-03-23 08:06:31,471 [BlockDeletingService#1] WARN  keyvalue.KeyValueHandler (KeyValueHandler.java:deleteUnreferenced(1211)) - Missing delete block(Container = 4, Block = 111677748019200004
2023-03-23 08:06:31,472 [BlockDeletingService#2] WARN  keyvalue.KeyValueHandler (KeyValueHandler.java:deleteUnreferenced(1211)) - Missing delete block(Container = 3, Block = 111677748019200003
2023-03-23 08:06:31,472 [BlockDeletingService#1] WARN  keyvalue.KeyValueHandler (KeyValueHandler.java:deleteUnreferenced(1211)) - Missing delete block(Container = 2, Block = 111677748019200002
2023-03-23 08:06:31,471 [BlockDeletingService#5] WARN  keyvalue.KeyValueHandler (KeyValueHandler.java:deleteUnreferenced(1211)) - Missing delete block(Container = 6, Block = 111677748019200006
2023-03-23 08:06:31,486 [BlockDeletingService#1] INFO  interfaces.ContainerDeletionChoosingPolicyTemplate (ContainerDeletionChoosingPolicyTemplate.java:chooseContainerForBlockDeletion(83)) - Chosen 0/5000 blocks from 0 candidate containers.
2023-03-23 08:06:31,558 [SCMBlockDeletingService#0] DEBUG block.SCMBlockDeletingService (SCMBlockDeletingService.java:call(136)) - Running DeletedBlockTransactionScanner
2023-03-23 08:06:31,569 [BlockDeletingService#8] INFO  interfaces.ContainerDeletionChoosingPolicyTemplate (ContainerDeletionChoosingPolicyTemplate.java:chooseContainerForBlockDeletion(83)) - Chosen 0/5000 blocks from 0 candidate containers.
2023-03-23 08:06:31,573 [BlockDeletingService#2] INFO  interfaces.ContainerDeletionChoosingPolicyTemplate (ContainerDeletionChoosingPolicyTemplate.java:chooseContainerForBlockDeletion(83)) - Chosen 12/4988 blocks from 6 candidate containers.
2023-03-23 08:06:31,574 [BlockDeletingService#2] INFO  background.BlockDeletingService (BlockDeletingService.java:deleteViaTransactionStore(483)) - No transaction found in container 1 with pending delete block count 2
2023-03-23 08:06:31,574 [BlockDeletingService#2] INFO  background.BlockDeletingService (BlockDeletingService.java:deleteViaTransactionStore(483)) - No transaction found in container 6 with pending delete block count 2
2023-03-23 08:06:31,574 [BlockDeletingService#2] INFO  background.BlockDeletingService (BlockDeletingService.java:deleteViaTransactionStore(483)) - No transaction found in container 5 with pending delete block count 2
2023-03-23 08:06:31,574 [BlockDeletingService#2] INFO  background.BlockDeletingService (BlockDeletingService.java:deleteViaTransactionStore(483)) - No transaction found in container 4 with pending delete block count 2
2023-03-23 08:06:31,574 [BlockDeletingService#2] INFO  background.BlockDeletingService (BlockDeletingService.java:deleteViaTransactionStore(483)) - No transaction found in container 3 with pending delete block count 2
2023-03-23 08:06:31,574 [BlockDeletingService#2] INFO  background.BlockDeletingService (BlockDeletingService.java:deleteViaTransactionStore(483)) - No transaction found in container 2 with pending delete block count 2
2023-03-23 08:06:31,586 [BlockDeletingService#1] INFO  interfaces.ContainerDeletionChoosingPolicyTemplate (ContainerDeletionChoosingPolicyTemplate.java:chooseContainerForBlockDeletion(83)) - Chosen 0/5000 blocks from 0 candidate containers.
2023-03-23 08:06:31,658 [SCMBlockDeletingService#0] DEBUG block.SCMBlockDeletingService (SCMBlockDeletingService.java:call(136)) - Running DeletedBlockTransactionScanner
2023-03-23 08:06:31,669 [BlockDeletingService#8] INFO  interfaces.ContainerDeletionChoosingPolicyTemplate (ContainerDeletionChoosingPolicyTemplate.java:chooseContainerForBlockDeletion(83)) - Chosen 0/5000 blocks from 0 candidate containers.
2023-03-23 08:06:31,674 [BlockDeletingService#2] INFO  interfaces.ContainerDeletionChoosingPolicyTemplate (ContainerDeletionChoosingPolicyTemplate.java:chooseContainerForBlockDeletion(83)) - Chosen 0/5000 blocks from 0 candidate containers.
2023-03-23 08:06:31,686 [BlockDeletingService#1] INFO  interfaces.ContainerDeletionChoosingPolicyTemplate (ContainerDeletionChoosingPolicyTemplate.java:chooseContainerForBlockDeletion(83)) - Chosen 0/5000 blocks from 0 candidate containers.
2023-03-23 08:06:31,758 [SCMBlockDeletingService#0] DEBUG block.SCMBlockDeletingService (SCMBlockDeletingService.java:call(136)) - Running DeletedBlockTransactionScanner
2023-03-23 08:06:31,769 [BlockDeletingService#8] INFO  interfaces.ContainerDeletionChoosingPolicyTemplate (ContainerDeletionChoosingPolicyTemplate.java:chooseContainerForBlockDeletion(83)) - Chosen 0/5000 blocks from 0 candidate containers.
2023-03-23 08:06:31,774 [BlockDeletingService#2] INFO  interfaces.ContainerDeletionChoosingPolicyTemplate (ContainerDeletionChoosingPolicyTemplate.java:chooseContainerForBlockDeletion(83)) - Chosen 0/5000 blocks from 0 candidate containers.
2023-03-23 08:06:31,787 [BlockDeletingService#1] INFO  interfaces.ContainerDeletionChoosingPolicyTemplate (ContainerDeletionChoosingPolicyTemplate.java:chooseContainerForBlockDeletion(83)) - Chosen 0/5000 blocks from 0 candidate containers.
2023-03-23 08:06:31,803 [org.apache.hadoop.ozone.container.common.statemachine.commandhandler.DeleteBlocksCommandHandler$DeleteCmdWorker@55064b55] INFO  commandhandler.DeleteBlocksCommandHandler (DeleteBlocksCommandHandler.java:processCmd(272)) - Start to delete container blocks, TXIDs=[1(9),2(9),3(8),4(8),5(8),6(8)], numOfContainers=6, numOfBlocks=6
2023-03-23 08:06:31,804 [DeleteBlocksCommandHandlerThread-4] INFO  commandhandler.DeleteBlocksCommandHandler (DeleteBlocksCommandHandler.java:logDeleteTransaction(489)) - Delete blocks for containerId: 2 is either received out of order or retried, 2 <= 2
2023-03-23 08:06:31,804 [DeleteBlocksCommandHandlerThread-3] INFO  commandhandler.DeleteBlocksCommandHandler (DeleteBlocksCommandHandler.java:logDeleteTransaction(489)) - Delete blocks for containerId: 1 is either received out of order or retried, 1 <= 1
2023-03-23 08:06:31,804 [DeleteBlocksCommandHandlerThread-4] INFO  commandhandler.DeleteBlocksCommandHandler (DeleteBlocksCommandHandler.java:logDeleteTransaction(489)) - Delete blocks for containerId: 3 is either received out of order or retried, 3 <= 3
2023-03-23 08:06:31,804 [DeleteBlocksCommandHandlerThread-3] INFO  commandhandler.DeleteBlocksCommandHandler (DeleteBlocksCommandHandler.java:logDeleteTransaction(489)) - Delete blocks for containerId: 4 is either received out of order or retried, 4 <= 4
2023-03-23 08:06:31,804 [DeleteBlocksCommandHandlerThread-4] INFO  commandhandler.DeleteBlocksCommandHandler (DeleteBlocksCommandHandler.java:logDeleteTransaction(489)) - Delete blocks for containerId: 5 is either received out of order or retried, 5 <= 5
2023-03-23 08:06:31,804 [DeleteBlocksCommandHandlerThread-3] INFO  commandhandler.DeleteBlocksCommandHandler (DeleteBlocksCommandHandler.java:logDeleteTransaction(489)) - Delete blocks for containerId: 6 is either received out of order or retried, 6 <= 6
2023-03-23 08:06:31,804 [org.apache.hadoop.ozone.container.common.statemachine.commandhandler.DeleteBlocksCommandHandler$DeleteCmdWorker@55064b55] INFO  commandhandler.DeleteBlocksCommandHandler (DeleteBlocksCommandHandler.java:processCmd(272)) - Start to delete container blocks, TXIDs=[1(10),2(10),3(9),4(9),5(9),6(9)], numOfContainers=6, numOfBlocks=6
2023-03-23 08:06:31,804 [DeleteBlocksCommandHandlerThread-4] INFO  commandhandler.DeleteBlocksCommandHandler (DeleteBlocksCommandHandler.java:logDeleteTransaction(489)) - Delete blocks for containerId: 1 is either received out of order or retried, 1 <= 1
2023-03-23 08:06:31,805 [DeleteBlocksCommandHandlerThread-4] INFO  commandhandler.DeleteBlocksCommandHandler (DeleteBlocksCommandHandler.java:logDeleteTransaction(489)) - Delete blocks for containerId: 2 is either received out of order or retried, 2 <= 2
2023-03-23 08:06:31,805 [DeleteBlocksCommandHandlerThread-4] INFO  commandhandler.DeleteBlocksCommandHandler (DeleteBlocksCommandHandler.java:logDeleteTransaction(489)) - Delete blocks for containerId: 3 is either received out of order or retried, 3 <= 3
2023-03-23 08:06:31,805 [DeleteBlocksCommandHandlerThread-4] INFO  commandhandler.DeleteBlocksCommandHandler (DeleteBlocksCommandHandler.java:logDeleteTransaction(489)) - Delete blocks for containerId: 4 is either received out of order or retried, 4 <= 4
2023-03-23 08:06:31,805 [DeleteBlocksCommandHandlerThread-4] INFO  commandhandler.DeleteBlocksCommandHandler (DeleteBlocksCommandHandler.java:logDeleteTransaction(489)) - Delete blocks for containerId: 5 is either received out of order or retried, 5 <= 5
2023-03-23 08:06:31,805 [DeleteBlocksCommandHandlerThread-4] INFO  commandhandler.DeleteBlocksCommandHandler (DeleteBlocksCommandHandler.java:logDeleteTransaction(489)) - Delete blocks for containerId: 6 is either received out of order or retried, 6 <= 6
2023-03-23 08:06:31,858 [SCMBlockDeletingService#0] DEBUG block.SCMBlockDeletingService (SCMBlockDeletingService.java:call(136)) - Running DeletedBlockTransactionScanner
2023-03-23 08:06:31,870 [BlockDeletingService#8] INFO  interfaces.ContainerDeletionChoosingPolicyTemplate (ContainerDeletionChoosingPolicyTemplate.java:chooseContainerForBlockDeletion(83)) - Chosen 0/5000 blocks from 0 candidate containers.
2023-03-23 08:06:31,874 [BlockDeletingService#2] INFO  interfaces.ContainerDeletionChoosingPolicyTemplate (ContainerDeletionChoosingPolicyTemplate.java:chooseContainerForBlockDeletion(83)) - Chosen 0/5000 blocks from 0 candidate containers.
2023-03-23 08:06:31,891 [BlockDeletingService#1] INFO  interfaces.ContainerDeletionChoosingPolicyTemplate (ContainerDeletionChoosingPolicyTemplate.java:chooseContainerForBlockDeletion(83)) - Chosen 12/4988 blocks from 6 candidate containers.
2023-03-23 08:06:31,892 [BlockDeletingService#0] WARN  keyvalue.KeyValueHandler (KeyValueHandler.java:deleteUnreferenced(1211)) - Missing delete block(Container = 6, Block = 111677748019200006
2023-03-23 08:06:31,892 [BlockDeletingService#2] WARN  keyvalue.KeyValueHandler (KeyValueHandler.java:deleteUnreferenced(1211)) - Missing delete block(Container = 5, Block = 111677748019200005
2023-03-23 08:06:31,892 [BlockDeletingService#0] WARN  keyvalue.KeyValueHandler (KeyValueHandler.java:deleteUnreferenced(1211)) - Missing delete block(Container = 4, Block = 111677748019200004
2023-03-23 08:06:31,892 [BlockDeletingService#2] WARN  keyvalue.KeyValueHandler (KeyValueHandler.java:deleteUnreferenced(1211)) - Missing delete block(Container = 3, Block = 111677748019200003
2023-03-23 08:06:31,892 [BlockDeletingService#1] WARN  keyvalue.KeyValueHandler (KeyValueHandler.java:deleteUnreferenced(1211)) - Missing delete block(Container = 1, Block = 111677748019200001
2023-03-23 08:06:31,893 [BlockDeletingService#0] WARN  keyvalue.KeyValueHandler (KeyValueHandler.java:deleteUnreferenced(1211)) - Missing delete block(Container = 2, Block = 111677748019200002
2023-03-23 08:06:31,958 [SCMBlockDeletingService#0] DEBUG block.SCMBlockDeletingService (SCMBlockDeletingService.java:call(136)) - Running DeletedBlockTransactionScanner
2023-03-23 08:06:31,970 [BlockDeletingService#8] INFO  interfaces.ContainerDeletionChoosingPolicyTemplate (ContainerDeletionChoosingPolicyTemplate.java:chooseContainerForBlockDeletion(83)) - Chosen 0/5000 blocks from 0 candidate containers.
2023-03-23 08:06:31,973 [EventQueue-DeleteBlockStatusForDeletedBlockLogImpl] DEBUG block.DeletedBlockLogImpl (DeletedBlockLogImpl.java:isTransactionFailed(314)) - Got block deletion ACK from datanode, TXIDs=1, success=true
2023-03-23 08:06:31,973 [EventQueue-DeleteBlockStatusForDeletedBlockLogImpl] DEBUG block.DeletedBlockLogImpl (DeletedBlockLogImpl.java:commitTransactions(260)) - Transaction txId=1 commit by dnId=9852ed25-ff4d-4e5e-8bb3-2709f3d2ddbb for containerID=#1 failed. Corresponding entry not found.
2023-03-23 08:06:31,973 [EventQueue-DeleteBlockStatusForDeletedBlockLogImpl] DEBUG block.DeletedBlockLogImpl (DeletedBlockLogImpl.java:isTransactionFailed(314)) - Got block deletion ACK from datanode, TXIDs=2, success=true
2023-03-23 08:06:31,973 [EventQueue-DeleteBlockStatusForDeletedBlockLogImpl] DEBUG block.DeletedBlockLogImpl (DeletedBlockLogImpl.java:commitTransactions(260)) - Transaction txId=2 commit by dnId=9852ed25-ff4d-4e5e-8bb3-2709f3d2ddbb for containerID=#2 failed. Corresponding entry not found.
2023-03-23 08:06:31,973 [EventQueue-DeleteBlockStatusForDeletedBlockLogImpl] DEBUG block.DeletedBlockLogImpl (DeletedBlockLogImpl.java:isTransactionFailed(314)) - Got block deletion ACK from datanode, TXIDs=3, success=true
2023-03-23 08:06:31,973 [EventQueue-DeleteBlockStatusForDeletedBlockLogImpl] DEBUG block.DeletedBlockLogImpl (DeletedBlockLogImpl.java:commitTransactions(260)) - Transaction txId=3 commit by dnId=9852ed25-ff4d-4e5e-8bb3-2709f3d2ddbb for containerID=#3 failed. Corresponding entry not found.
2023-03-23 08:06:31,973 [EventQueue-DeleteBlockStatusForDeletedBlockLogImpl] DEBUG block.DeletedBlockLogImpl (DeletedBlockLogImpl.java:isTransactionFailed(314)) - Got block deletion ACK from datanode, TXIDs=4, success=true
2023-03-23 08:06:31,973 [EventQueue-DeleteBlockStatusForDeletedBlockLogImpl] DEBUG block.DeletedBlockLogImpl (DeletedBlockLogImpl.java:commitTransactions(260)) - Transaction txId=4 commit by dnId=9852ed25-ff4d-4e5e-8bb3-2709f3d2ddbb for containerID=#4 failed. Corresponding entry not found.
2023-03-23 08:06:31,973 [EventQueue-DeleteBlockStatusForDeletedBlockLogImpl] DEBUG block.DeletedBlockLogImpl (DeletedBlockLogImpl.java:isTransactionFailed(314)) - Got block deletion ACK from datanode, TXIDs=5, success=true
2023-03-23 08:06:31,974 [EventQueue-DeleteBlockStatusForDeletedBlockLogImpl] DEBUG block.DeletedBlockLogImpl (DeletedBlockLogImpl.java:commitTransactions(260)) - Transaction txId=5 commit by dnId=9852ed25-ff4d-4e5e-8bb3-2709f3d2ddbb for containerID=#5 failed. Corresponding entry not found.
2023-03-23 08:06:31,974 [EventQueue-DeleteBlockStatusForDeletedBlockLogImpl] DEBUG block.DeletedBlockLogImpl (DeletedBlockLogImpl.java:isTransactionFailed(314)) - Got block deletion ACK from datanode, TXIDs=6, success=true
2023-03-23 08:06:31,974 [EventQueue-DeleteBlockStatusForDeletedBlockLogImpl] DEBUG block.DeletedBlockLogImpl (DeletedBlockLogImpl.java:commitTransactions(260)) - Transaction txId=6 commit by dnId=9852ed25-ff4d-4e5e-8bb3-2709f3d2ddbb for containerID=#6 failed. Corresponding entry not found.
2023-03-23 08:06:31,974 [EventQueue-DeleteBlockStatusForDeletedBlockLogImpl] DEBUG block.DeletedBlockLogImpl (DeletedBlockLogImpl.java:isTransactionFailed(314)) - Got block deletion ACK from datanode, TXIDs=1, success=true
2023-03-23 08:06:31,974 [EventQueue-DeleteBlockStatusForDeletedBlockLogImpl] DEBUG block.DeletedBlockLogImpl (DeletedBlockLogImpl.java:commitTransactions(260)) - Transaction txId=1 commit by dnId=9852ed25-ff4d-4e5e-8bb3-2709f3d2ddbb for containerID=#1 failed. Corresponding entry not found.
2023-03-23 08:06:31,974 [EventQueue-DeleteBlockStatusForDeletedBlockLogImpl] DEBUG block.DeletedBlockLogImpl (DeletedBlockLogImpl.java:isTransactionFailed(314)) - Got block deletion ACK from datanode, TXIDs=2, success=true
2023-03-23 08:06:31,974 [EventQueue-DeleteBlockStatusForDeletedBlockLogImpl] DEBUG block.DeletedBlockLogImpl (DeletedBlockLogImpl.java:commitTransactions(260)) - Transaction txId=2 commit by dnId=9852ed25-ff4d-4e5e-8bb3-2709f3d2ddbb for containerID=#2 failed. Corresponding entry not found.
2023-03-23 08:06:31,974 [EventQueue-DeleteBlockStatusForDeletedBlockLogImpl] DEBUG block.DeletedBlockLogImpl (DeletedBlockLogImpl.java:isTransactionFailed(314)) - Got block deletion ACK from datanode, TXIDs=3, success=true
2023-03-23 08:06:31,974 [EventQueue-DeleteBlockStatusForDeletedBlockLogImpl] DEBUG block.DeletedBlockLogImpl (DeletedBlockLogImpl.java:commitTransactions(260)) - Transaction txId=3 commit by dnId=9852ed25-ff4d-4e5e-8bb3-2709f3d2ddbb for containerID=#3 failed. Corresponding entry not found.
2023-03-23 08:06:31,974 [EventQueue-DeleteBlockStatusForDeletedBlockLogImpl] DEBUG block.DeletedBlockLogImpl (DeletedBlockLogImpl.java:isTransactionFailed(314)) - Got block deletion ACK from datanode, TXIDs=4, success=true
2023-03-23 08:06:31,974 [EventQueue-DeleteBlockStatusForDeletedBlockLogImpl] DEBUG block.DeletedBlockLogImpl (DeletedBlockLogImpl.java:commitTransactions(260)) - Transaction txId=4 commit by dnId=9852ed25-ff4d-4e5e-8bb3-2709f3d2ddbb for containerID=#4 failed. Corresponding entry not found.
2023-03-23 08:06:31,974 [EventQueue-DeleteBlockStatusForDeletedBlockLogImpl] DEBUG block.DeletedBlockLogImpl (DeletedBlockLogImpl.java:isTransactionFailed(314)) - Got block deletion ACK from datanode, TXIDs=5, success=true
2023-03-23 08:06:31,974 [EventQueue-DeleteBlockStatusForDeletedBlockLogImpl] DEBUG block.DeletedBlockLogImpl (DeletedBlockLogImpl.java:commitTransactions(260)) - Transaction txId=5 commit by dnId=9852ed25-ff4d-4e5e-8bb3-2709f3d2ddbb for containerID=#5 failed. Corresponding entry not found.
2023-03-23 08:06:31,974 [EventQueue-DeleteBlockStatusForDeletedBlockLogImpl] DEBUG block.DeletedBlockLogImpl (DeletedBlockLogImpl.java:isTransactionFailed(314)) - Got block deletion ACK from datanode, TXIDs=6, success=true
2023-03-23 08:06:31,974 [EventQueue-DeleteBlockStatusForDeletedBlockLogImpl] DEBUG block.DeletedBlockLogImpl (DeletedBlockLogImpl.java:commitTransactions(260)) - Transaction txId=6 commit by dnId=9852ed25-ff4d-4e5e-8bb3-2709f3d2ddbb for containerID=#6 failed. Corresponding entry not found.
2023-03-23 08:06:31,975 [BlockDeletingService#2] INFO  interfaces.ContainerDeletionChoosingPolicyTemplate (ContainerDeletionChoosingPolicyTemplate.java:chooseContainerForBlockDeletion(83)) - Chosen 0/5000 blocks from 0 candidate containers.
2023-03-23 08:06:31,994 [BlockDeletingService#9] INFO  interfaces.ContainerDeletionChoosingPolicyTemplate (ContainerDeletionChoosingPolicyTemplate.java:chooseContainerForBlockDeletion(83)) - Chosen 6/4994 blocks from 6 candidate containers.
2023-03-23 08:06:31,994 [BlockDeletingService#3] INFO  background.BlockDeletingService (BlockDeletingService.java:deleteViaTransactionStore(483)) - No transaction found in container 6 with pending delete block count 1
2023-03-23 08:06:31,994 [BlockDeletingService#7] INFO  background.BlockDeletingService (BlockDeletingService.java:deleteViaTransactionStore(483)) - No transaction found in container 5 with pending delete block count 1
2023-03-23 08:06:31,994 [BlockDeletingService#3] INFO  background.BlockDeletingService (BlockDeletingService.java:deleteViaTransactionStore(483)) - No transaction found in container 4 with pending delete block count 1
2023-03-23 08:06:31,994 [BlockDeletingService#7] INFO  background.BlockDeletingService (BlockDeletingService.java:deleteViaTransactionStore(483)) - No transaction found in container 3 with pending delete block count 1
2023-03-23 08:06:31,994 [BlockDeletingService#9] INFO  background.BlockDeletingService (BlockDeletingService.java:deleteViaTransactionStore(483)) - No transaction found in container 1 with pending delete block count 1
2023-03-23 08:06:31,994 [BlockDeletingService#3] INFO  background.BlockDeletingService (BlockDeletingService.java:deleteViaTransactionStore(483)) - No transaction found in container 2 with pending delete block count 1
2023-03-23 08:06:32,058 [SCMBlockDeletingService#0] DEBUG block.SCMBlockDeletingService (SCMBlockDeletingService.java:call(136)) - Running DeletedBlockTransactionScanner
2023-03-23 08:06:32,070 [BlockDeletingService#8] INFO  interfaces.ContainerDeletionChoosingPolicyTemplate (ContainerDeletionChoosingPolicyTemplate.java:chooseContainerForBlockDeletion(83)) - Chosen 0/5000 blocks from 0 candidate containers.
2023-03-23 08:06:32,075 [BlockDeletingService#2] INFO  interfaces.ContainerDeletionChoosingPolicyTemplate (ContainerDeletionChoosingPolicyTemplate.java:chooseContainerForBlockDeletion(83)) - Chosen 0/5000 blocks from 0 candidate containers.
2023-03-23 08:06:32,094 [BlockDeletingService#7] INFO  interfaces.ContainerDeletionChoosingPolicyTemplate (ContainerDeletionChoosingPolicyTemplate.java:chooseContainerForBlockDeletion(83)) - Chosen 0/5000 blocks from 0 candidate containers.
2023-03-23 08:06:32,158 [SCMBlockDeletingService#0] DEBUG block.SCMBlockDeletingService (SCMBlockDeletingService.java:call(136)) - Running DeletedBlockTransactionScanner
2023-03-23 08:06:32,170 [BlockDeletingService#8] INFO  interfaces.ContainerDeletionChoosingPolicyTemplate (ContainerDeletionChoosingPolicyTemplate.java:chooseContainerForBlockDeletion(83)) - Chosen 0/5000 blocks from 0 candidate containers.
2023-03-23 08:06:32,175 [BlockDeletingService#2] INFO  interfaces.ContainerDeletionChoosingPolicyTemplate (ContainerDeletionChoosingPolicyTemplate.java:chooseContainerForBlockDeletion(83)) - Chosen 0/5000 blocks from 0 candidate containers.
2023-03-23 08:06:32,194 [BlockDeletingService#7] INFO  interfaces.ContainerDeletionChoosingPolicyTemplate (ContainerDeletionChoosingPolicyTemplate.java:chooseContainerForBlockDeletion(83)) - Chosen 0/5000 blocks from 0 candidate containers.
2023-03-23 08:06:32,234 [org.apache.hadoop.ozone.container.common.statemachine.commandhandler.DeleteBlocksCommandHandler$DeleteCmdWorker@275715e0] INFO  commandhandler.DeleteBlocksCommandHandler (DeleteBlocksCommandHandler.java:processCmd(272)) - Start to delete container blocks, TXIDs=[1(7),2(7),3(6),4(6),5(6),6(6)], numOfContainers=6, numOfBlocks=6
2023-03-23 08:06:32,234 [DeleteBlocksCommandHandlerThread-1] INFO  commandhandler.DeleteBlocksCommandHandler (DeleteBlocksCommandHandler.java:logDeleteTransaction(489)) - Delete blocks for containerId: 1 is either received out of order or retried, 1 <= 1
2023-03-23 08:06:32,234 [DeleteBlocksCommandHandlerThread-0] INFO  commandhandler.DeleteBlocksCommandHandler (DeleteBlocksCommandHandler.java:logDeleteTransaction(489)) - Delete blocks for containerId: 3 is either received out of order or retried, 3 <= 3
2023-03-23 08:06:32,235 [DeleteBlocksCommandHandlerThread-3] INFO  commandhandler.DeleteBlocksCommandHandler (DeleteBlocksCommandHandler.java:logDeleteTransaction(489)) - Delete blocks for containerId: 4 is either received out of order or retried, 4 <= 4
2023-03-23 08:06:32,235 [DeleteBlocksCommandHandlerThread-1] INFO  commandhandler.DeleteBlocksCommandHandler (DeleteBlocksCommandHandler.java:logDeleteTransaction(489)) - Delete blocks for containerId: 5 is either received out of order or retried, 5 <= 5
2023-03-23 08:06:32,235 [DeleteBlocksCommandHandlerThread-4] INFO  commandhandler.DeleteBlocksCommandHandler (DeleteBlocksCommandHandler.java:logDeleteTransaction(489)) - Delete blocks for containerId: 6 is either received out of order or retried, 6 <= 6
2023-03-23 08:06:32,234 [DeleteBlocksCommandHandlerThread-2] INFO  commandhandler.DeleteBlocksCommandHandler (DeleteBlocksCommandHandler.java:logDeleteTransaction(489)) - Delete blocks for containerId: 2 is either received out of order or retried, 2 <= 2
2023-03-23 08:06:32,235 [org.apache.hadoop.ozone.container.common.statemachine.commandhandler.DeleteBlocksCommandHandler$DeleteCmdWorker@275715e0] INFO  commandhandler.DeleteBlocksCommandHandler (DeleteBlocksCommandHandler.java:processCmd(272)) - Start to delete container blocks, TXIDs=[1(8),2(8),3(7),4(7),5(7),6(7)], numOfContainers=6, numOfBlocks=6
2023-03-23 08:06:32,235 [DeleteBlocksCommandHandlerThread-3] INFO  commandhandler.DeleteBlocksCommandHandler (DeleteBlocksCommandHandler.java:logDeleteTransaction(489)) - Delete blocks for containerId: 1 is either received out of order or retried, 1 <= 1
2023-03-23 08:06:32,235 [DeleteBlocksCommandHandlerThread-1] INFO  commandhandler.DeleteBlocksCommandHandler (DeleteBlocksCommandHandler.java:logDeleteTransaction(489)) - Delete blocks for containerId: 3 is either received out of order or retried, 3 <= 3
2023-03-23 08:06:32,235 [DeleteBlocksCommandHandlerThread-3] INFO  commandhandler.DeleteBlocksCommandHandler (DeleteBlocksCommandHandler.java:logDeleteTransaction(489)) - Delete blocks for containerId: 4 is either received out of order or retried, 4 <= 4
2023-03-23 08:06:32,235 [DeleteBlocksCommandHandlerThread-1] INFO  commandhandler.DeleteBlocksCommandHandler (DeleteBlocksCommandHandler.java:logDeleteTransaction(489)) - Delete blocks for containerId: 5 is either received out of order or retried, 5 <= 5
2023-03-23 08:06:32,235 [DeleteBlocksCommandHandlerThread-3] INFO  commandhandler.DeleteBlocksCommandHandler (DeleteBlocksCommandHandler.java:logDeleteTransaction(489)) - Delete blocks for containerId: 6 is either received out of order or retried, 6 <= 6
2023-03-23 08:06:32,235 [DeleteBlocksCommandHandlerThread-0] INFO  commandhandler.DeleteBlocksCommandHandler (DeleteBlocksCommandHandler.java:logDeleteTransaction(489)) - Delete blocks for containerId: 2 is either received out of order or retried, 2 <= 2
2023-03-23 08:06:32,236 [org.apache.hadoop.ozone.container.common.statemachine.commandhandler.DeleteBlocksCommandHandler$DeleteCmdWorker@275715e0] INFO  commandhandler.DeleteBlocksCommandHandler (DeleteBlocksCommandHandler.java:processCmd(272)) - Start to delete container blocks, TXIDs=[1(9),2(9),3(8),4(8),5(8),6(8)], numOfContainers=6, numOfBlocks=6
2023-03-23 08:06:32,236 [DeleteBlocksCommandHandlerThread-2 [] DeleteBlocksCommandHandlerThread-1] INFOINFO  commandhandler.DeleteBlocksCommandHandler (  commandhandler.DeleteBlocksCommandHandler (DeleteBlocksCommandHandler.java:logDeleteTransaction(489)) - Delete blocks for containerId: 1 is either received out of order or retried, 1 <= 1
2023-03-23 08:06:32,236 [DeleteBlocksCommandHandlerThread-2] INFO  commandhandler.DeleteBlocksCommandHandler (DeleteBlocksCommandHandler.java:logDeleteTransaction(489)) - Delete blocks for containerId: 2 is either received out of order or retried, 2 <= 2
2023-03-23 08:06:32,2362023-03-23 08:06:32,236 [DeleteBlocksCommandHandlerThread-1] INFO  commandhandler.DeleteBlocksCommandHandler (DeleteBlocksCommandHandler.java:logDeleteTransaction(489)) - Delete blocks for containerId: 3 is either received out of order or retried, 3 <= 3
2023-03-23 08:06:32,236 [DeleteBlocksCommandHandlerThread-2] INFO  commandhandler.DeleteBlocksCommandHandler (DeleteBlocksCommandHandler.java:logDeleteTransaction(489)) - Delete blocks for containerId: 4 is either received out of order or retried, 4 <= 4
2023-03-23 08:06:32,236 [DeleteBlocksCommandHandlerThread-1] INFO  commandhandler.DeleteBlocksCommandHandler (DeleteBlocksCommandHandler.java:logDeleteTransaction(489)) - Delete blocks for containerId: 5 is either received out of order or retried, 5 <= 5
2023-03-23 08:06:32,236 [DeleteBlocksCommandHandlerThread-2] INFO  commandhandler.DeleteBlocksCommandHandler (DeleteBlocksCommandHandler.java:logDeleteTransaction(489)) - Delete blocks for containerId: 6 is either received out of order or retried, 6 <= 6
2023-03-23 08:06:32,236 [org.apache.hadoop.ozone.container.common.statemachine.commandhandler.DeleteBlocksCommandHandler$DeleteCmdWorker@275715e0] INFO  commandhandler.DeleteBlocksCommandHandler (DeleteBlocksCommandHandler.java:processCmd(272)) - Start to delete container blocks, TXIDs=[1(10),2(10),3(9),4(9),5(9),6(9)], numOfContainers=6, numOfBlocks=6
2023-03-23 08:06:32,236 [DeleteBlocksCommandHandlerThread-1] INFO  commandhandler.DeleteBlocksCommandHandler (DeleteBlocksCommandHandler.java:logDeleteTransaction(489)) - Delete blocks for containerId: 1 is either received out of order or retried, 1 <= 1
2023-03-23 08:06:32,236 [DeleteBlocksCommandHandlerThread-1] INFO  commandhandler.DeleteBlocksCommandHandler (DeleteBlocksCommandHandler.java:logDeleteTransaction(489)) - Delete blocks for containerId: 2 is either received out of order or retried, 2 <= 2
2023-03-23 08:06:32,237 [DeleteBlocksCommandHandlerThread-1] INFO  commandhandler.DeleteBlocksCommandHandler (DeleteBlocksCommandHandler.java:logDeleteTransaction(489)) - Delete blocks for containerId: 3 is either received out of order or retried, 3 <= 3
2023-03-23 08:06:32,237 [DeleteBlocksCommandHandlerThread-1] INFO  commandhandler.DeleteBlocksCommandHandler (DeleteBlocksCommandHandler.java:logDeleteTransaction(489)) - Delete blocks for containerId: 4 is either received out of order or retried, 4 <= 4
2023-03-23 08:06:32,237 [DeleteBlocksCommandHandlerThread-1] INFO  commandhandler.DeleteBlocksCommandHandler (DeleteBlocksCommandHandler.java:logDeleteTransaction(489)) - Delete blocks for containerId: 5 is either received out of order or retried, 5 <= 5
2023-03-23 08:06:32,237 [DeleteBlocksCommandHandlerThread-1] INFO  commandhandler.DeleteBlocksCommandHandler (DeleteBlocksCommandHandler.java:logDeleteTransaction(489)) - Delete blocks for containerId: 6 is either received out of order or retried, 6 <= 6
2023-03-23 08:06:32,237 [org.apache.hadoop.ozone.container.common.statemachine.commandhandler.DeleteBlocksCommandHandler$DeleteCmdWorker@275715e0] INFO  commandhandler.DeleteBlocksCommandHandler (DeleteBlocksCommandHandler.java:processCmd(272)) - Start to delete container blocks, TXIDs=[1(11),2(11),3(10),4(10),5(10),6(10)], numOfContainers=6, numOfBlocks=6
2023-03-23 08:06:32,237 [DeleteBlocksCommandHandlerThread-2] INFO  commandhandler.DeleteBlocksCommandHandler (DeleteBlocksCommandHandler.java:logDeleteTransaction(489)) - Delete blocks for containerId: 1 is either received out of order or retried, 1 <= 1
2023-03-23 08:06:32,237 [DeleteBlocksCommandHandlerThread-0] INFO  commandhandler.DeleteBlocksCommandHandler (DeleteBlocksCommandHandler.java:logDeleteTransaction(489)) - Delete blocks for containerId: 3 is either received out of order or retried, 3 <= 3
2023-03-23 08:06:32,237 [DeleteBlocksCommandHandlerThread-2] INFO  commandhandler.DeleteBlocksCommandHandler (DeleteBlocksCommandHandler.java:logDeleteTransaction(489)) - Delete blocks for containerId: 4 is either received out of order or retried, 4 <= 4
2023-03-23 08:06:32,237 [DeleteBlocksCommandHandlerThread-0] INFO  commandhandler.DeleteBlocksCommandHandler (DeleteBlocksCommandHandler.java:logDeleteTransaction(489)) - Delete blocks for containerId: 5 is either received out of order or retried, 5 <= 5
2023-03-23 08:06:32,237 [DeleteBlocksCommandHandlerThread-2] INFO  commandhandler.DeleteBlocksCommandHandler (DeleteBlocksCommandHandler.java:logDeleteTransaction(489)) - Delete blocks for containerId: 6 is either received out of order or retried, 6 <= 6
2023-03-23 08:06:32,237 [DeleteBlocksCommandHandlerThread-3] INFO  commandhandler.DeleteBlocksCommandHandler (DeleteBlocksCommandHandler.java:logDeleteTransaction(489)) - Delete blocks for containerId: 2 is either received out of order or retried, 2 <= 2
2023-03-23 08:06:32,238 [org.apache.hadoop.ozone.container.common.statemachine.commandhandler.DeleteBlocksCommandHandler$DeleteCmdWorker@275715e0] INFO  commandhandler.DeleteBlocksCommandHandler (DeleteBlocksCommandHandler.java:processCmd(272)) - Start to delete container blocks, TXIDs=[1(12),2(12),3(11),4(11),5(11),6(11)], numOfContainers=6, numOfBlocks=6
2023-03-23 08:06:32,238 [DeleteBlocksCommandHandlerThread-0] INFO  commandhandler.DeleteBlocksCommandHandler (DeleteBlocksCommandHandler.java:logDeleteTransaction(489)) - Delete blocks for containerId: 1 is either received out of order or retried, 1 <= 1
2023-03-23 08:06:32,238 [DeleteBlocksCommandHandlerThread-0] INFO  commandhandler.DeleteBlocksCommandHandler (DeleteBlocksCommandHandler.java:logDeleteTransaction(489)) - Delete blocks for containerId: 2 is either received out of order or retried, 2 <= 2
2023-03-23 08:06:32,238 [DeleteBlocksCommandHandlerThread-0] INFO  commandhandler.DeleteBlocksCommandHandler (DeleteBlocksCommandHandler.java:logDeleteTransaction(489)) - Delete blocks for containerId: 3 is either received out of order or retried, 3 <= 3
2023-03-23 08:06:32,238 [DeleteBlocksCommandHandlerThread-0] INFO  commandhandler.DeleteBlocksCommandHandler (DeleteBlocksCommandHandler.java:logDeleteTransaction(489)) - Delete blocks for containerId: 4 is either received out of order or retried, 4 <= 4
2023-03-23 08:06:32,238 [DeleteBlocksCommandHandlerThread-0] INFO  commandhandler.DeleteBlocksCommandHandler (DeleteBlocksCommandHandler.java:logDeleteTransaction(489)) - Delete blocks for containerId: 5 is either received out of order or retried, 5 <= 5
2023-03-23 08:06:32,238 [DeleteBlocksCommandHandlerThread-0] INFO  commandhandler.DeleteBlocksCommandHandler (DeleteBlocksCommandHandler.java:logDeleteTransaction(489)) - Delete blocks for containerId: 6 is either received out of order or retried, 6 <= 6
2023-03-23 08:06:32,258 [SCMBlockDeletingService#0] DEBUG block.SCMBlockDeletingService (SCMBlockDeletingService.java:call(136)) - Running DeletedBlockTransactionScanner
2023-03-23 08:06:32,273 [BlockDeletingService#8] INFO  interfaces.ContainerDeletionChoosingPolicyTemplate (ContainerDeletionChoosingPolicyTemplate.java:chooseContainerForBlockDeletion(83)) - Chosen 36/4964 blocks from 6 candidate containers.
2023-03-23 08:06:32,273 [BlockDeletingService#8] WARN  keyvalue.KeyValueHandler (KeyValueHandler.java:deleteUnreferenced(1211)) - Missing delete block(Container = 1, Block = 111677748019200001
2023-03-23 08:06:32,273 [BlockDeletingService#4] WARN  keyvalue.KeyValueHandler (KeyValueHandler.java:deleteUnreferenced(1211)) - Missing delete block(Container = 5, Block = 111677748019200005
2023-03-23 08:06:32,274 [BlockDeletingService#1] WARN  keyvalue.KeyValueHandler (KeyValueHandler.java:deleteUnreferenced(1211)) - Missing delete block(Container = 3, Block = 111677748019200003
2023-03-23 08:06:32,274 [BlockDeletingService#4] WARN  keyvalue.KeyValueHandler (KeyValueHandler.java:deleteUnreferenced(1211)) - Missing delete block(Container = 2, Block = 111677748019200002
2023-03-23 08:06:32,274 [BlockDeletingService#8] WARN  keyvalue.KeyValueHandler (KeyValueHandler.java:deleteUnreferenced(1211)) - Missing delete block(Container = 4, Block = 111677748019200004
2023-03-23 08:06:32,273 [BlockDeletingService#9] WARN  keyvalue.KeyValueHandler (KeyValueHandler.java:deleteUnreferenced(1211)) - Missing delete block(Container = 6, Block = 111677748019200006
2023-03-23 08:06:32,275 [BlockDeletingService#2] INFO  interfaces.ContainerDeletionChoosingPolicyTemplate (ContainerDeletionChoosingPolicyTemplate.java:chooseContainerForBlockDeletion(83)) - Chosen 0/5000 blocks from 0 candidate containers.
2023-03-23 08:06:32,294 [BlockDeletingService#7] INFO  interfaces.ContainerDeletionChoosingPolicyTemplate (ContainerDeletionChoosingPolicyTemplate.java:chooseContainerForBlockDeletion(83)) - Chosen 0/5000 blocks from 0 candidate containers.
2023-03-23 08:06:32,358 [SCMBlockDeletingService#0] DEBUG block.SCMBlockDeletingService (SCMBlockDeletingService.java:call(136)) - Running DeletedBlockTransactionScanner
2023-03-23 08:06:32,375 [BlockDeletingService#1] INFO  interfaces.ContainerDeletionChoosingPolicyTemplate (ContainerDeletionChoosingPolicyTemplate.java:chooseContainerForBlockDeletion(83)) - Chosen 30/4970 blocks from 6 candidate containers.
2023-03-23 08:06:32,375 [BlockDeletingService#0] INFO  background.BlockDeletingService (BlockDeletingService.java:deleteViaTransactionStore(483)) - No transaction found in container 6 with pending delete block count 5
2023-03-23 08:06:32,375 [BlockDeletingService#5] INFO  background.BlockDeletingService (BlockDeletingService.java:deleteViaTransactionStore(483)) - No transaction found in container 5 with pending delete block count 5
2023-03-23 08:06:32,376 [BlockDeletingService#0] INFO  background.BlockDeletingService (BlockDeletingService.java:deleteViaTransactionStore(483)) - No transaction found in container 4 with pending delete block count 5
2023-03-23 08:06:32,376 [BlockDeletingService#5] INFO  background.BlockDeletingService (BlockDeletingService.java:deleteViaTransactionStore(483)) - No transaction found in container 3 with pending delete block count 5
2023-03-23 08:06:32,376 [BlockDeletingService#2] INFO  interfaces.ContainerDeletionChoosingPolicyTemplate (ContainerDeletionChoosingPolicyTemplate.java:chooseContainerForBlockDeletion(83)) - Chosen 0/5000 blocks from 0 candidate containers.
2023-03-23 08:06:32,375 [BlockDeletingService#1] INFO  background.BlockDeletingService (BlockDeletingService.java:deleteViaTransactionStore(483)) - No transaction found in container 1 with pending delete block count 5
2023-03-23 08:06:32,376 [BlockDeletingService#0] INFO  background.BlockDeletingService (BlockDeletingService.java:deleteViaTransactionStore(483)) - No transaction found in container 2 with pending delete block count 5
2023-03-23 08:06:32,395 [BlockDeletingService#7] INFO  interfaces.ContainerDeletionChoosingPolicyTemplate (ContainerDeletionChoosingPolicyTemplate.java:chooseContainerForBlockDeletion(83)) - Chosen 0/5000 blocks from 0 candidate containers.
2023-03-23 08:06:32,458 [SCMBlockDeletingService#0] DEBUG block.SCMBlockDeletingService (SCMBlockDeletingService.java:call(136)) - Running DeletedBlockTransactionScanner
2023-03-23 08:06:32,462 [EventQueue-DeleteBlockStatusForDeletedBlockLogImpl] DEBUG block.DeletedBlockLogImpl (DeletedBlockLogImpl.java:isTransactionFailed(314)) - Got block deletion ACK from datanode, TXIDs=1, success=true
2023-03-23 08:06:32,462 [EventQueue-DeleteBlockStatusForDeletedBlockLogImpl] DEBUG block.DeletedBlockLogImpl (DeletedBlockLogImpl.java:commitTransactions(260)) - Transaction txId=1 commit by dnId=2b202a02-6273-4262-ac40-cc676055620c for containerID=#1 failed. Corresponding entry not found.
2023-03-23 08:06:32,462 [EventQueue-DeleteBlockStatusForDeletedBlockLogImpl] DEBUG block.DeletedBlockLogImpl (DeletedBlockLogImpl.java:isTransactionFailed(314)) - Got block deletion ACK from datanode, TXIDs=2, success=true
2023-03-23 08:06:32,462 [EventQueue-DeleteBlockStatusForDeletedBlockLogImpl] DEBUG block.DeletedBlockLogImpl (DeletedBlockLogImpl.java:commitTransactions(260)) - Transaction txId=2 commit by dnId=2b202a02-6273-4262-ac40-cc676055620c for containerID=#2 failed. Corresponding entry not found.
2023-03-23 08:06:32,462 [EventQueue-DeleteBlockStatusForDeletedBlockLogImpl] DEBUG block.DeletedBlockLogImpl (DeletedBlockLogImpl.java:isTransactionFailed(314)) - Got block deletion ACK from datanode, TXIDs=3, success=true
2023-03-23 08:06:32,462 [EventQueue-DeleteBlockStatusForDeletedBlockLogImpl] DEBUG block.DeletedBlockLogImpl (DeletedBlockLogImpl.java:commitTransactions(260)) - Transaction txId=3 commit by dnId=2b202a02-6273-4262-ac40-cc676055620c for containerID=#3 failed. Corresponding entry not found.
2023-03-23 08:06:32,462 [EventQueue-DeleteBlockStatusForDeletedBlockLogImpl] DEBUG block.DeletedBlockLogImpl (DeletedBlockLogImpl.java:isTransactionFailed(314)) - Got block deletion ACK from datanode, TXIDs=4, success=true
2023-03-23 08:06:32,462 [EventQueue-DeleteBlockStatusForDeletedBlockLogImpl] DEBUG block.DeletedBlockLogImpl (DeletedBlockLogImpl.java:commitTransactions(260)) - Transaction txId=4 commit by dnId=2b202a02-6273-4262-ac40-cc676055620c for containerID=#4 failed. Corresponding entry not found.
2023-03-23 08:06:32,462 [EventQueue-DeleteBlockStatusForDeletedBlockLogImpl] DEBUG block.DeletedBlockLogImpl (DeletedBlockLogImpl.java:isTransactionFailed(314)) - Got block deletion ACK from datanode, TXIDs=5, success=true
2023-03-23 08:06:32,462 [EventQueue-DeleteBlockStatusForDeletedBlockLogImpl] DEBUG block.DeletedBlockLogImpl (DeletedBlockLogImpl.java:commitTransactions(260)) - Transaction txId=5 commit by dnId=2b202a02-6273-4262-ac40-cc676055620c for containerID=#5 failed. Corresponding entry not found.
2023-03-23 08:06:32,462 [EventQueue-DeleteBlockStatusForDeletedBlockLogImpl] DEBUG block.DeletedBlockLogImpl (DeletedBlockLogImpl.java:isTransactionFailed(314)) - Got block deletion ACK from datanode, TXIDs=6, success=true
2023-03-23 08:06:32,462 [EventQueue-DeleteBlockStatusForDeletedBlockLogImpl] DEBUG block.DeletedBlockLogImpl (DeletedBlockLogImpl.java:commitTransactions(260)) - Transaction txId=6 commit by dnId=2b202a02-6273-4262-ac40-cc676055620c for containerID=#6 failed. Corresponding entry not found.
2023-03-23 08:06:32,462 [EventQueue-DeleteBlockStatusForDeletedBlockLogImpl] DEBUG block.DeletedBlockLogImpl (DeletedBlockLogImpl.java:isTransactionFailed(314)) - Got block deletion ACK from datanode, TXIDs=1, success=true
2023-03-23 08:06:32,462 [EventQueue-DeleteBlockStatusForDeletedBlockLogImpl] DEBUG block.DeletedBlockLogImpl (DeletedBlockLogImpl.java:commitTransactions(260)) - Transaction txId=1 commit by dnId=2b202a02-6273-4262-ac40-cc676055620c for containerID=#1 failed. Corresponding entry not found.
2023-03-23 08:06:32,462 [EventQueue-DeleteBlockStatusForDeletedBlockLogImpl] DEBUG block.DeletedBlockLogImpl (DeletedBlockLogImpl.java:isTransactionFailed(314)) - Got block deletion ACK from datanode, TXIDs=2, success=true
2023-03-23 08:06:32,462 [EventQueue-DeleteBlockStatusForDeletedBlockLogImpl] DEBUG block.DeletedBlockLogImpl (DeletedBlockLogImpl.java:commitTransactions(260)) - Transaction txId=2 commit by dnId=2b202a02-6273-4262-ac40-cc676055620c for containerID=#2 failed. Corresponding entry not found.
2023-03-23 08:06:32,462 [EventQueue-DeleteBlockStatusForDeletedBlockLogImpl] DEBUG block.DeletedBlockLogImpl (DeletedBlockLogImpl.java:isTransactionFailed(314)) - Got block deletion ACK from datanode, TXIDs=3, success=true
2023-03-23 08:06:32,462 [EventQueue-DeleteBlockStatusForDeletedBlockLogImpl] DEBUG block.DeletedBlockLogImpl (DeletedBlockLogImpl.java:commitTransactions(260)) - Transaction txId=3 commit by dnId=2b202a02-6273-4262-ac40-cc676055620c for containerID=#3 failed. Corresponding entry not found.
2023-03-23 08:06:32,462 [EventQueue-DeleteBlockStatusForDeletedBlockLogImpl] DEBUG block.DeletedBlockLogImpl (DeletedBlockLogImpl.java:isTransactionFailed(314)) - Got block deletion ACK from datanode, TXIDs=4, success=true
2023-03-23 08:06:32,462 [EventQueue-DeleteBlockStatusForDeletedBlockLogImpl] DEBUG block.DeletedBlockLogImpl (DeletedBlockLogImpl.java:commitTransactions(260)) - Transaction txId=4 commit by dnId=2b202a02-6273-4262-ac40-cc676055620c for containerID=#4 failed. Corresponding entry not found.
2023-03-23 08:06:32,462 [EventQueue-DeleteBlockStatusForDeletedBlockLogImpl] DEBUG block.DeletedBlockLogImpl (DeletedBlockLogImpl.java:isTransactionFailed(314)) - Got block deletion ACK from datanode, TXIDs=5, success=true
2023-03-23 08:06:32,462 [EventQueue-DeleteBlockStatusForDeletedBlockLogImpl] DEBUG block.DeletedBlockLogImpl (DeletedBlockLogImpl.java:commitTransactions(260)) - Transaction txId=5 commit by dnId=2b202a02-6273-4262-ac40-cc676055620c for containerID=#5 failed. Corresponding entry not found.
2023-03-23 08:06:32,462 [EventQueue-DeleteBlockStatusForDeletedBlockLogImpl] DEBUG block.DeletedBlockLogImpl (DeletedBlockLogImpl.java:isTransactionFailed(314)) - Got block deletion ACK from datanode, TXIDs=6, success=true
2023-03-23 08:06:32,463 [EventQueue-DeleteBlockStatusForDeletedBlockLogImpl] DEBUG block.DeletedBlockLogImpl (DeletedBlockLogImpl.java:commitTransactions(260)) - Transaction txId=6 commit by dnId=2b202a02-6273-4262-ac40-cc676055620c for containerID=#6 failed. Corresponding entry not found.
2023-03-23 08:06:32,463 [EventQueue-DeleteBlockStatusForDeletedBlockLogImpl] DEBUG block.DeletedBlockLogImpl (DeletedBlockLogImpl.java:isTransactionFailed(314)) - Got block deletion ACK from datanode, TXIDs=1, success=true
2023-03-23 08:06:32,463 [EventQueue-DeleteBlockStatusForDeletedBlockLogImpl] DEBUG block.DeletedBlockLogImpl (DeletedBlockLogImpl.java:commitTransactions(260)) - Transaction txId=1 commit by dnId=2b202a02-6273-4262-ac40-cc676055620c for containerID=#1 failed. Corresponding entry not found.
2023-03-23 08:06:32,463 [EventQueue-DeleteBlockStatusForDeletedBlockLogImpl] DEBUG block.DeletedBlockLogImpl (DeletedBlockLogImpl.java:isTransactionFailed(314)) - Got block deletion ACK from datanode, TXIDs=2, success=true
2023-03-23 08:06:32,463 [EventQueue-DeleteBlockStatusForDeletedBlockLogImpl] DEBUG block.DeletedBlockLogImpl (DeletedBlockLogImpl.java:commitTransactions(260)) - Transaction txId=2 commit by dnId=2b202a02-6273-4262-ac40-cc676055620c for containerID=#2 failed. Corresponding entry not found.
2023-03-23 08:06:32,463 [EventQueue-DeleteBlockStatusForDeletedBlockLogImpl] DEBUG block.DeletedBlockLogImpl (DeletedBlockLogImpl.java:isTransactionFailed(314)) - Got block deletion ACK from datanode, TXIDs=3, success=true
2023-03-23 08:06:32,463 [EventQueue-DeleteBlockStatusForDeletedBlockLogImpl] DEBUG block.DeletedBlockLogImpl (DeletedBlockLogImpl.java:commitTransactions(260)) - Transaction txId=3 commit by dnId=2b202a02-6273-4262-ac40-cc676055620c for containerID=#3 failed. Corresponding entry not found.
2023-03-23 08:06:32,463 [EventQueue-DeleteBlockStatusForDeletedBlockLogImpl] DEBUG block.DeletedBlockLogImpl (DeletedBlockLogImpl.java:isTransactionFailed(314)) - Got block deletion ACK from datanode, TXIDs=4, success=true
2023-03-23 08:06:32,463 [EventQueue-DeleteBlockStatusForDeletedBlockLogImpl] DEBUG block.DeletedBlockLogImpl (DeletedBlockLogImpl.java:commitTransactions(260)) - Transaction txId=4 commit by dnId=2b202a02-6273-4262-ac40-cc676055620c for containerID=#4 failed. Corresponding entry not found.
2023-03-23 08:06:32,463 [EventQueue-DeleteBlockStatusForDeletedBlockLogImpl] DEBUG block.DeletedBlockLogImpl (DeletedBlockLogImpl.java:isTransactionFailed(314)) - Got block deletion ACK from datanode, TXIDs=5, success=true
2023-03-23 08:06:32,463 [EventQueue-DeleteBlockStatusForDeletedBlockLogImpl] DEBUG block.DeletedBlockLogImpl (DeletedBlockLogImpl.java:commitTransactions(260)) - Transaction txId=5 commit by dnId=2b202a02-6273-4262-ac40-cc676055620c for containerID=#5 failed. Corresponding entry not found.
2023-03-23 08:06:32,463 [EventQueue-DeleteBlockStatusForDeletedBlockLogImpl] DEBUG block.DeletedBlockLogImpl (DeletedBlockLogImpl.java:isTransactionFailed(314)) - Got block deletion ACK from datanode, TXIDs=6, success=true
2023-03-23 08:06:32,463 [EventQueue-DeleteBlockStatusForDeletedBlockLogImpl] DEBUG block.DeletedBlockLogImpl (DeletedBlockLogImpl.java:commitTransactions(260)) - Transaction txId=6 commit by dnId=2b202a02-6273-4262-ac40-cc676055620c for containerID=#6 failed. Corresponding entry not found.
2023-03-23 08:06:32,463 [EventQueue-DeleteBlockStatusForDeletedBlockLogImpl] DEBUG block.DeletedBlockLogImpl (DeletedBlockLogImpl.java:isTransactionFailed(314)) - Got block deletion ACK from datanode, TXIDs=1, success=true
2023-03-23 08:06:32,463 [EventQueue-DeleteBlockStatusForDeletedBlockLogImpl] DEBUG block.DeletedBlockLogImpl (DeletedBlockLogImpl.java:commitTransactions(260)) - Transaction txId=1 commit by dnId=2b202a02-6273-4262-ac40-cc676055620c for containerID=#1 failed. Corresponding entry not found.
2023-03-23 08:06:32,463 [EventQueue-DeleteBlockStatusForDeletedBlockLogImpl] DEBUG block.DeletedBlockLogImpl (DeletedBlockLogImpl.java:isTransactionFailed(314)) - Got block deletion ACK from datanode, TXIDs=2, success=true
2023-03-23 08:06:32,463 [EventQueue-DeleteBlockStatusForDeletedBlockLogImpl] DEBUG block.DeletedBlockLogImpl (DeletedBlockLogImpl.java:commitTransactions(260)) - Transaction txId=2 commit by dnId=2b202a02-6273-4262-ac40-cc676055620c for containerID=#2 failed. Corresponding entry not found.
2023-03-23 08:06:32,463 [EventQueue-DeleteBlockStatusForDeletedBlockLogImpl] DEBUG block.DeletedBlockLogImpl (DeletedBlockLogImpl.java:isTransactionFailed(314)) - Got block deletion ACK from datanode, TXIDs=3, success=true
2023-03-23 08:06:32,463 [EventQueue-DeleteBlockStatusForDeletedBlockLogImpl] DEBUG block.DeletedBlockLogImpl (DeletedBlockLogImpl.java:commitTransactions(260)) - Transaction txId=3 commit by dnId=2b202a02-6273-4262-ac40-cc676055620c for containerID=#3 failed. Corresponding entry not found.
2023-03-23 08:06:32,463 [EventQueue-DeleteBlockStatusForDeletedBlockLogImpl] DEBUG block.DeletedBlockLogImpl (DeletedBlockLogImpl.java:isTransactionFailed(314)) - Got block deletion ACK from datanode, TXIDs=4, success=true
2023-03-23 08:06:32,463 [EventQueue-DeleteBlockStatusForDeletedBlockLogImpl] DEBUG block.DeletedBlockLogImpl (DeletedBlockLogImpl.java:commitTransactions(260)) - Transaction txId=4 commit by dnId=2b202a02-6273-4262-ac40-cc676055620c for containerID=#4 failed. Corresponding entry not found.
2023-03-23 08:06:32,463 [EventQueue-DeleteBlockStatusForDeletedBlockLogImpl] DEBUG block.DeletedBlockLogImpl (DeletedBlockLogImpl.java:isTransactionFailed(314)) - Got block deletion ACK from datanode, TXIDs=5, success=true
2023-03-23 08:06:32,463 [EventQueue-DeleteBlockStatusForDeletedBlockLogImpl] DEBUG block.DeletedBlockLogImpl (DeletedBlockLogImpl.java:commitTransactions(260)) - Transaction txId=5 commit by dnId=2b202a02-6273-4262-ac40-cc676055620c for containerID=#5 failed. Corresponding entry not found.
2023-03-23 08:06:32,463 [EventQueue-DeleteBlockStatusForDeletedBlockLogImpl] DEBUG block.DeletedBlockLogImpl (DeletedBlockLogImpl.java:isTransactionFailed(314)) - Got block deletion ACK from datanode, TXIDs=6, success=true
2023-03-23 08:06:32,463 [EventQueue-DeleteBlockStatusForDeletedBlockLogImpl] DEBUG block.DeletedBlockLogImpl (DeletedBlockLogImpl.java:commitTransactions(260)) - Transaction txId=6 commit by dnId=2b202a02-6273-4262-ac40-cc676055620c for containerID=#6 failed. Corresponding entry not found.
2023-03-23 08:06:32,463 [EventQueue-DeleteBlockStatusForDeletedBlockLogImpl] DEBUG block.DeletedBlockLogImpl (DeletedBlockLogImpl.java:isTransactionFailed(314)) - Got block deletion ACK from datanode, TXIDs=1, success=true
2023-03-23 08:06:32,463 [EventQueue-DeleteBlockStatusForDeletedBlockLogImpl] DEBUG block.DeletedBlockLogImpl (DeletedBlockLogImpl.java:commitTransactions(260)) - Transaction txId=1 commit by dnId=2b202a02-6273-4262-ac40-cc676055620c for containerID=#1 failed. Corresponding entry not found.
2023-03-23 08:06:32,463 [EventQueue-DeleteBlockStatusForDeletedBlockLogImpl] DEBUG block.DeletedBlockLogImpl (DeletedBlockLogImpl.java:isTransactionFailed(314)) - Got block deletion ACK from datanode, TXIDs=2, success=true
2023-03-23 08:06:32,463 [EventQueue-DeleteBlockStatusForDeletedBlockLogImpl] DEBUG block.DeletedBlockLogImpl (DeletedBlockLogImpl.java:commitTransactions(260)) - Transaction txId=2 commit by dnId=2b202a02-6273-4262-ac40-cc676055620c for containerID=#2 failed. Corresponding entry not found.
2023-03-23 08:06:32,463 [EventQueue-DeleteBlockStatusForDeletedBlockLogImpl] DEBUG block.DeletedBlockLogImpl (DeletedBlockLogImpl.java:isTransactionFailed(314)) - Got block deletion ACK from datanode, TXIDs=3, success=true
2023-03-23 08:06:32,463 [EventQueue-DeleteBlockStatusForDeletedBlockLogImpl] DEBUG block.DeletedBlockLogImpl (DeletedBlockLogImpl.java:commitTransactions(260)) - Transaction txId=3 commit by dnId=2b202a02-6273-4262-ac40-cc676055620c for containerID=#3 failed. Corresponding entry not found.
2023-03-23 08:06:32,463 [EventQueue-DeleteBlockStatusForDeletedBlockLogImpl] DEBUG block.DeletedBlockLogImpl (DeletedBlockLogImpl.java:isTransactionFailed(314)) - Got block deletion ACK from datanode, TXIDs=4, success=true
2023-03-23 08:06:32,463 [EventQueue-DeleteBlockStatusForDeletedBlockLogImpl] DEBUG block.DeletedBlockLogImpl (DeletedBlockLogImpl.java:commitTransactions(260)) - Transaction txId=4 commit by dnId=2b202a02-6273-4262-ac40-cc676055620c for containerID=#4 failed. Corresponding entry not found.
2023-03-23 08:06:32,463 [EventQueue-DeleteBlockStatusForDeletedBlockLogImpl] DEBUG block.DeletedBlockLogImpl (DeletedBlockLogImpl.java:isTransactionFailed(314)) - Got block deletion ACK from datanode, TXIDs=5, success=true
2023-03-23 08:06:32,463 [EventQueue-DeleteBlockStatusForDeletedBlockLogImpl] DEBUG block.DeletedBlockLogImpl (DeletedBlockLogImpl.java:commitTransactions(260)) - Transaction txId=5 commit by dnId=2b202a02-6273-4262-ac40-cc676055620c for containerID=#5 failed. Corresponding entry not found.
2023-03-23 08:06:32,463 [EventQueue-DeleteBlockStatusForDeletedBlockLogImpl] DEBUG block.DeletedBlockLogImpl (DeletedBlockLogImpl.java:isTransactionFailed(314)) - Got block deletion ACK from datanode, TXIDs=6, success=true
2023-03-23 08:06:32,464 [EventQueue-DeleteBlockStatusForDeletedBlockLogImpl] DEBUG block.DeletedBlockLogImpl (DeletedBlockLogImpl.java:commitTransactions(260)) - Transaction txId=6 commit by dnId=2b202a02-6273-4262-ac40-cc676055620c for containerID=#6 failed. Corresponding entry not found.
2023-03-23 08:06:32,464 [EventQueue-DeleteBlockStatusForDeletedBlockLogImpl] DEBUG block.DeletedBlockLogImpl (DeletedBlockLogImpl.java:isTransactionFailed(314)) - Got block deletion ACK from datanode, TXIDs=1, success=true
2023-03-23 08:06:32,464 [EventQueue-DeleteBlockStatusForDeletedBlockLogImpl] DEBUG block.DeletedBlockLogImpl (DeletedBlockLogImpl.java:commitTransactions(260)) - Transaction txId=1 commit by dnId=2b202a02-6273-4262-ac40-cc676055620c for containerID=#1 failed. Corresponding entry not found.
2023-03-23 08:06:32,464 [EventQueue-DeleteBlockStatusForDeletedBlockLogImpl] DEBUG block.DeletedBlockLogImpl (DeletedBlockLogImpl.java:isTransactionFailed(314)) - Got block deletion ACK from datanode, TXIDs=2, success=true
2023-03-23 08:06:32,464 [EventQueue-DeleteBlockStatusForDeletedBlockLogImpl] DEBUG block.DeletedBlockLogImpl (DeletedBlockLogImpl.java:commitTransactions(260)) - Transaction txId=2 commit by dnId=2b202a02-6273-4262-ac40-cc676055620c for containerID=#2 failed. Corresponding entry not found.
2023-03-23 08:06:32,464 [EventQueue-DeleteBlockStatusForDeletedBlockLogImpl] DEBUG block.DeletedBlockLogImpl (DeletedBlockLogImpl.java:isTransactionFailed(314)) - Got block deletion ACK from datanode, TXIDs=3, success=true
2023-03-23 08:06:32,464 [EventQueue-DeleteBlockStatusForDeletedBlockLogImpl] DEBUG block.DeletedBlockLogImpl (DeletedBlockLogImpl.java:commitTransactions(260)) - Transaction txId=3 commit by dnId=2b202a02-6273-4262-ac40-cc676055620c for containerID=#3 failed. Corresponding entry not found.
2023-03-23 08:06:32,464 [EventQueue-DeleteBlockStatusForDeletedBlockLogImpl] DEBUG block.DeletedBlockLogImpl (DeletedBlockLogImpl.java:isTransactionFailed(314)) - Got block deletion ACK from datanode, TXIDs=4, success=true
2023-03-23 08:06:32,464 [EventQueue-DeleteBlockStatusForDeletedBlockLogImpl] DEBUG block.DeletedBlockLogImpl (DeletedBlockLogImpl.java:commitTransactions(260)) - Transaction txId=4 commit by dnId=2b202a02-6273-4262-ac40-cc676055620c for containerID=#4 failed. Corresponding entry not found.
2023-03-23 08:06:32,464 [EventQueue-DeleteBlockStatusForDeletedBlockLogImpl] DEBUG block.DeletedBlockLogImpl (DeletedBlockLogImpl.java:isTransactionFailed(314)) - Got block deletion ACK from datanode, TXIDs=5, success=true
2023-03-23 08:06:32,464 [EventQueue-DeleteBlockStatusForDeletedBlockLogImpl] DEBUG block.DeletedBlockLogImpl (DeletedBlockLogImpl.java:commitTransactions(260)) - Transaction txId=5 commit by dnId=2b202a02-6273-4262-ac40-cc676055620c for containerID=#5 failed. Corresponding entry not found.
2023-03-23 08:06:32,464 [EventQueue-DeleteBlockStatusForDeletedBlockLogImpl] DEBUG block.DeletedBlockLogImpl (DeletedBlockLogImpl.java:isTransactionFailed(314)) - Got block deletion ACK from datanode, TXIDs=6, success=true
2023-03-23 08:06:32,464 [EventQueue-DeleteBlockStatusForDeletedBlockLogImpl] DEBUG block.DeletedBlockLogImpl (DeletedBlockLogImpl.java:commitTransactions(260)) - Transaction txId=6 commit by dnId=2b202a02-6273-4262-ac40-cc676055620c for containerID=#6 failed. Corresponding entry not found.
2023-03-23 08:06:32,475 [BlockDeletingService#6] INFO  interfaces.ContainerDeletionChoosingPolicyTemplate (ContainerDeletionChoosingPolicyTemplate.java:chooseContainerForBlockDeletion(83)) - Chosen 0/5000 blocks from 0 candidate containers.
2023-03-23 08:06:32,476 [BlockDeletingService#2] INFO  interfaces.ContainerDeletionChoosingPolicyTemplate (ContainerDeletionChoosingPolicyTemplate.java:chooseContainerForBlockDeletion(83)) - Chosen 0/5000 blocks from 0 candidate containers.
2023-03-23 08:06:32,495 [BlockDeletingService#7] INFO  interfaces.ContainerDeletionChoosingPolicyTemplate (ContainerDeletionChoosingPolicyTemplate.java:chooseContainerForBlockDeletion(83)) - Chosen 0/5000 blocks from 0 candidate containers.
2023-03-23 08:06:32,558 [SCMBlockDeletingService#0] DEBUG block.SCMBlockDeletingService (SCMBlockDeletingService.java:call(136)) - Running DeletedBlockTransactionScanner
2023-03-23 08:06:32,575 [BlockDeletingService#6] INFO  interfaces.ContainerDeletionChoosingPolicyTemplate (ContainerDeletionChoosingPolicyTemplate.java:chooseContainerForBlockDeletion(83)) - Chosen 0/5000 blocks from 0 candidate containers.
2023-03-23 08:06:32,576 [BlockDeletingService#2] INFO  interfaces.ContainerDeletionChoosingPolicyTemplate (ContainerDeletionChoosingPolicyTemplate.java:chooseContainerForBlockDeletion(83)) - Chosen 0/5000 blocks from 0 candidate containers.
2023-03-23 08:06:32,595 [BlockDeletingService#7] INFO  interfaces.ContainerDeletionChoosingPolicyTemplate (ContainerDeletionChoosingPolicyTemplate.java:chooseContainerForBlockDeletion(83)) - Chosen 0/5000 blocks from 0 candidate containers.
2023-03-23 08:06:32,658 [SCMBlockDeletingService#0] DEBUG block.SCMBlockDeletingService (SCMBlockDeletingService.java:call(136)) - Running DeletedBlockTransactionScanner
2023-03-23 08:06:32,676 [BlockDeletingService#6] INFO  interfaces.ContainerDeletionChoosingPolicyTemplate (ContainerDeletionChoosingPolicyTemplate.java:chooseContainerForBlockDeletion(83)) - Chosen 0/5000 blocks from 0 candidate containers.
2023-03-23 08:06:32,676 [BlockDeletingService#2] INFO  interfaces.ContainerDeletionChoosingPolicyTemplate (ContainerDeletionChoosingPolicyTemplate.java:chooseContainerForBlockDeletion(83)) - Chosen 0/5000 blocks from 0 candidate containers.
2023-03-23 08:06:32,695 [BlockDeletingService#7] INFO  interfaces.ContainerDeletionChoosingPolicyTemplate (ContainerDeletionChoosingPolicyTemplate.java:chooseContainerForBlockDeletion(83)) - Chosen 0/5000 blocks from 0 candidate containers.
2023-03-23 08:06:32,758 [SCMBlockDeletingService#0] DEBUG block.SCMBlockDeletingService (SCMBlockDeletingService.java:call(136)) - Running DeletedBlockTransactionScanner
2023-03-23 08:06:32,776 [BlockDeletingService#6] INFO  interfaces.ContainerDeletionChoosingPolicyTemplate (ContainerDeletionChoosingPolicyTemplate.java:chooseContainerForBlockDeletion(83)) - Chosen 0/5000 blocks from 0 candidate containers.
2023-03-23 08:06:32,777 [BlockDeletingService#2] INFO  interfaces.ContainerDeletionChoosingPolicyTemplate (ContainerDeletionChoosingPolicyTemplate.java:chooseContainerForBlockDeletion(83)) - Chosen 0/5000 blocks from 0 candidate containers.
2023-03-23 08:06:32,796 [BlockDeletingService#7] INFO  interfaces.ContainerDeletionChoosingPolicyTemplate (ContainerDeletionChoosingPolicyTemplate.java:chooseContainerForBlockDeletion(83)) - Chosen 0/5000 blocks from 0 candidate containers.
2023-03-23 08:06:32,858 [SCMBlockDeletingService#0] DEBUG block.SCMBlockDeletingService (SCMBlockDeletingService.java:call(136)) - Running DeletedBlockTransactionScanner
2023-03-23 08:06:32,876 [BlockDeletingService#6] INFO  interfaces.ContainerDeletionChoosingPolicyTemplate (ContainerDeletionChoosingPolicyTemplate.java:chooseContainerForBlockDeletion(83)) - Chosen 0/5000 blocks from 0 candidate containers.
2023-03-23 08:06:32,877 [BlockDeletingService#2] INFO  interfaces.ContainerDeletionChoosingPolicyTemplate (ContainerDeletionChoosingPolicyTemplate.java:chooseContainerForBlockDeletion(83)) - Chosen 0/5000 blocks from 0 candidate containers.
2023-03-23 08:06:32,896 [BlockDeletingService#7] INFO  interfaces.ContainerDeletionChoosingPolicyTemplate (ContainerDeletionChoosingPolicyTemplate.java:chooseContainerForBlockDeletion(83)) - Chosen 0/5000 blocks from 0 candidate containers.
2023-03-23 08:06:32,911 [Listener at 127.0.0.1/46681] INFO  volume.HddsVolume (HddsVolume.java:closeDbStore(437)) - SchemaV3 db is stopped at /home/runner/work/ozone/ozone/hadoop-ozone/integration-test/target/test-dir/MiniOzoneClusterImpl-83429495-af89-4435-a907-dab059fcfd42/datanode-0/data-0/containers/hdds/83429495-af89-4435-a907-dab059fcfd42/DS-318da820-e515-4182-b7c6-2eb5aeffd6df/container.db for volume DS-318da820-e515-4182-b7c6-2eb5aeffd6df
2023-03-23 08:06:32,912 [Listener at 127.0.0.1/46681] INFO  utils.BackgroundService (BackgroundService.java:shutdown(141)) - Shutting down service BlockDeletingService
2023-03-23 08:06:32,913 [Listener at 127.0.0.1/46681] INFO  utils.BackgroundService (BackgroundService.java:shutdown(141)) - Shutting down service StaleRecoveringContainerScrubbingService
2023-03-23 08:06:32,916 [Listener at 127.0.0.1/46681] INFO  statemachine.DatanodeStateMachine (DatanodeStateMachine.java:stopDaemon(601)) - Ozone container server stopped.
2023-03-23 08:06:32,926 [Listener at 127.0.0.1/46681] INFO  handler.ContextHandler (ContextHandler.java:doStop(1159)) - Stopped o.e.j.w.WebAppContext@68c889dd{hddsDatanode,/,null,STOPPED}{jar:file:/home/runner/.m2/repository/org/apache/ozone/hdds-container-service/1.4.0-SNAPSHOT/hdds-container-service-1.4.0-SNAPSHOT.jar!/webapps/hddsDatanode}
2023-03-23 08:06:32,927 [Listener at 127.0.0.1/46681] INFO  server.AbstractConnector (AbstractConnector.java:doStop(383)) - Stopped ServerConnector@30c631c7{HTTP/1.1, (http/1.1)}{0.0.0.0:0}
2023-03-23 08:06:32,927 [Listener at 127.0.0.1/46681] INFO  server.session (HouseKeeper.java:stopScavenging(149)) - node0 Stopped scavenging
2023-03-23 08:06:32,927 [Listener at 127.0.0.1/46681] INFO  handler.ContextHandler (ContextHandler.java:doStop(1159)) - Stopped o.e.j.s.ServletContextHandler@33a1950d{static,/static,jar:file:/home/runner/.m2/repository/org/apache/ozone/hdds-container-service/1.4.0-SNAPSHOT/hdds-container-service-1.4.0-SNAPSHOT.jar!/webapps/static,STOPPED}
2023-03-23 08:06:32,928 [Listener at 127.0.0.1/46681] INFO  handler.ContextHandler (ContextHandler.java:doStop(1159)) - Stopped o.e.j.s.ServletContextHandler@33d09547{logs,/logs,file:///home/runner/work/ozone/ozone/hadoop-ozone/integration-test/target/log,STOPPED}
2023-03-23 08:06:32,930 [Listener at 127.0.0.1/46681] INFO  ozone.MiniOzoneClusterImpl (MiniOzoneClusterImpl.java:lambda$waitForHddsDatanodeToStop$3(388)) - Waiting on datanode to be marked stale.
2023-03-23 08:06:32,958 [SCMBlockDeletingService#0] DEBUG block.SCMBlockDeletingService (SCMBlockDeletingService.java:call(136)) - Running DeletedBlockTransactionScanner
2023-03-23 08:06:32,976 [BlockDeletingService#6] INFO  interfaces.ContainerDeletionChoosingPolicyTemplate (ContainerDeletionChoosingPolicyTemplate.java:chooseContainerForBlockDeletion(83)) - Chosen 0/5000 blocks from 0 candidate containers.
2023-03-23 08:06:32,996 [BlockDeletingService#7] INFO  interfaces.ContainerDeletionChoosingPolicyTemplate (ContainerDeletionChoosingPolicyTemplate.java:chooseContainerForBlockDeletion(83)) - Chosen 0/5000 blocks from 0 candidate containers.
2023-03-23 08:06:33,059 [SCMBlockDeletingService#0] DEBUG block.SCMBlockDeletingService (SCMBlockDeletingService.java:call(136)) - Running DeletedBlockTransactionScanner
2023-03-23 08:06:33,077 [BlockDeletingService#6] INFO  interfaces.ContainerDeletionChoosingPolicyTemplate (ContainerDeletionChoosingPolicyTemplate.java:chooseContainerForBlockDeletion(83)) - Chosen 0/5000 blocks from 0 candidate containers.
2023-03-23 08:06:33,100 [BlockDeletingService#7] INFO  interfaces.ContainerDeletionChoosingPolicyTemplate (ContainerDeletionChoosingPolicyTemplate.java:chooseContainerForBlockDeletion(83)) - Chosen 0/5000 blocks from 0 candidate containers.
2023-03-23 08:06:33,159 [SCMBlockDeletingService#0] DEBUG block.SCMBlockDeletingService (SCMBlockDeletingService.java:call(136)) - Running DeletedBlockTransactionScanner
2023-03-23 08:06:33,177 [BlockDeletingService#6] INFO  interfaces.ContainerDeletionChoosingPolicyTemplate (ContainerDeletionChoosingPolicyTemplate.java:chooseContainerForBlockDeletion(83)) - Chosen 0/5000 blocks from 0 candidate containers.
2023-03-23 08:06:33,200 [BlockDeletingService#7] INFO  interfaces.ContainerDeletionChoosingPolicyTemplate (ContainerDeletionChoosingPolicyTemplate.java:chooseContainerForBlockDeletion(83)) - Chosen 0/5000 blocks from 0 candidate containers.
2023-03-23 08:06:33,259 [SCMBlockDeletingService#0] DEBUG block.SCMBlockDeletingService (SCMBlockDeletingService.java:call(136)) - Running DeletedBlockTransactionScanner
2023-03-23 08:06:33,277 [BlockDeletingService#6] INFO  interfaces.ContainerDeletionChoosingPolicyTemplate (ContainerDeletionChoosingPolicyTemplate.java:chooseContainerForBlockDeletion(83)) - Chosen 0/5000 blocks from 0 candidate containers.
2023-03-23 08:06:33,300 [BlockDeletingService#7] INFO  interfaces.ContainerDeletionChoosingPolicyTemplate (ContainerDeletionChoosingPolicyTemplate.java:chooseContainerForBlockDeletion(83)) - Chosen 0/5000 blocks from 0 candidate containers.
2023-03-23 08:06:33,359 [SCMBlockDeletingService#0] DEBUG block.SCMBlockDeletingService (SCMBlockDeletingService.java:call(136)) - Running DeletedBlockTransactionScanner
2023-03-23 08:06:33,377 [BlockDeletingService#6] INFO  interfaces.ContainerDeletionChoosingPolicyTemplate (ContainerDeletionChoosingPolicyTemplate.java:chooseContainerForBlockDeletion(83)) - Chosen 0/5000 blocks from 0 candidate containers.
2023-03-23 08:06:33,400 [BlockDeletingService#7] INFO  interfaces.ContainerDeletionChoosingPolicyTemplate (ContainerDeletionChoosingPolicyTemplate.java:chooseContainerForBlockDeletion(83)) - Chosen 0/5000 blocks from 0 candidate containers.
2023-03-23 08:06:33,459 [SCMBlockDeletingService#0] DEBUG block.SCMBlockDeletingService (SCMBlockDeletingService.java:call(136)) - Running DeletedBlockTransactionScanner
2023-03-23 08:06:33,478 [BlockDeletingService#6] INFO  interfaces.ContainerDeletionChoosingPolicyTemplate (ContainerDeletionChoosingPolicyTemplate.java:chooseContainerForBlockDeletion(83)) - Chosen 0/5000 blocks from 0 candidate containers.
2023-03-23 08:06:33,501 [BlockDeletingService#7] INFO  interfaces.ContainerDeletionChoosingPolicyTemplate (ContainerDeletionChoosingPolicyTemplate.java:chooseContainerForBlockDeletion(83)) - Chosen 0/5000 blocks from 0 candidate containers.
2023-03-23 08:06:33,559 [SCMBlockDeletingService#0] DEBUG block.SCMBlockDeletingService (SCMBlockDeletingService.java:call(136)) - Running DeletedBlockTransactionScanner
2023-03-23 08:06:33,578 [BlockDeletingService#6] INFO  interfaces.ContainerDeletionChoosingPolicyTemplate (ContainerDeletionChoosingPolicyTemplate.java:chooseContainerForBlockDeletion(83)) - Chosen 0/5000 blocks from 0 candidate containers.
2023-03-23 08:06:33,601 [BlockDeletingService#7] INFO  interfaces.ContainerDeletionChoosingPolicyTemplate (ContainerDeletionChoosingPolicyTemplate.java:chooseContainerForBlockDeletion(83)) - Chosen 0/5000 blocks from 0 candidate containers.
2023-03-23 08:06:33,659 [SCMBlockDeletingService#0] DEBUG block.SCMBlockDeletingService (SCMBlockDeletingService.java:call(136)) - Running DeletedBlockTransactionScanner
2023-03-23 08:06:33,678 [BlockDeletingService#6] INFO  interfaces.ContainerDeletionChoosingPolicyTemplate (ContainerDeletionChoosingPolicyTemplate.java:chooseContainerForBlockDeletion(83)) - Chosen 0/5000 blocks from 0 candidate containers.
2023-03-23 08:06:33,701 [BlockDeletingService#7] INFO  interfaces.ContainerDeletionChoosingPolicyTemplate (ContainerDeletionChoosingPolicyTemplate.java:chooseContainerForBlockDeletion(83)) - Chosen 0/5000 blocks from 0 candidate containers.
2023-03-23 08:06:33,759 [SCMBlockDeletingService#0] DEBUG block.SCMBlockDeletingService (SCMBlockDeletingService.java:call(136)) - Running DeletedBlockTransactionScanner
2023-03-23 08:06:33,760 [EventQueue-StaleNodeForStaleNodeHandler] INFO  node.StaleNodeHandler (StaleNodeHandler.java:onMessage(59)) - Datanode 0838c789-5be6-4b53-844e-73c82c080a18(fv-az105-497.wy5h1aom0jgehahef1oyr10hrc.bx.internal.cloudapp.net/10.1.0.214) moved to stale state. Finalizing its pipelines [PipelineID=60f4dc05-4e25-430c-932c-fc8df440c2cc]
2023-03-23 08:06:33,761 [EventQueue-StaleNodeForStaleNodeHandler] INFO  pipeline.PipelineManagerImpl (PipelineManagerImpl.java:closePipeline(442)) - Pipeline Pipeline[ Id: 60f4dc05-4e25-430c-932c-fc8df440c2cc, Nodes: 2b202a02-6273-4262-ac40-cc676055620c(fv-az105-497.wy5h1aom0jgehahef1oyr10hrc.bx.internal.cloudapp.net/10.1.0.214)0838c789-5be6-4b53-844e-73c82c080a18(fv-az105-497.wy5h1aom0jgehahef1oyr10hrc.bx.internal.cloudapp.net/10.1.0.214)9852ed25-ff4d-4e5e-8bb3-2709f3d2ddbb(fv-az105-497.wy5h1aom0jgehahef1oyr10hrc.bx.internal.cloudapp.net/10.1.0.214), ReplicationConfig: RATIS/THREE, State:OPEN, leaderId:0838c789-5be6-4b53-844e-73c82c080a18, CreationTimestamp2023-03-23T08:06:12.477Z[Etc/UTC]] moved to CLOSED state
2023-03-23 08:06:33,778 [BlockDeletingService#6] INFO  interfaces.ContainerDeletionChoosingPolicyTemplate (ContainerDeletionChoosingPolicyTemplate.java:chooseContainerForBlockDeletion(83)) - Chosen 0/5000 blocks from 0 candidate containers.
2023-03-23 08:06:33,802 [BlockDeletingService#7] INFO  interfaces.ContainerDeletionChoosingPolicyTemplate (ContainerDeletionChoosingPolicyTemplate.java:chooseContainerForBlockDeletion(83)) - Chosen 0/5000 blocks from 0 candidate containers.
2023-03-23 08:06:33,859 [SCMBlockDeletingService#0] DEBUG block.SCMBlockDeletingService (SCMBlockDeletingService.java:call(136)) - Running DeletedBlockTransactionScanner
2023-03-23 08:06:33,879 [BlockDeletingService#6] INFO  interfaces.ContainerDeletionChoosingPolicyTemplate (ContainerDeletionChoosingPolicyTemplate.java:chooseContainerForBlockDeletion(83)) - Chosen 0/5000 blocks from 0 candidate containers.
2023-03-23 08:06:33,903 [BlockDeletingService#7] INFO  interfaces.ContainerDeletionChoosingPolicyTemplate (ContainerDeletionChoosingPolicyTemplate.java:chooseContainerForBlockDeletion(83)) - Chosen 0/5000 blocks from 0 candidate containers.
2023-03-23 08:06:33,932 [Listener at 127.0.0.1/46681] INFO  impl.MetricsSystemImpl (MetricsSystemImpl.java:init(158)) - HddsDatanode metrics system started (again)
2023-03-23 08:06:33,959 [SCMBlockDeletingService#0] DEBUG block.SCMBlockDeletingService (SCMBlockDeletingService.java:call(136)) - Running DeletedBlockTransactionScanner
2023-03-23 08:06:33,979 [BlockDeletingService#6] INFO  interfaces.ContainerDeletionChoosingPolicyTemplate (ContainerDeletionChoosingPolicyTemplate.java:chooseContainerForBlockDeletion(83)) - Chosen 0/5000 blocks from 0 candidate containers.
2023-03-23 08:06:33,986 [Listener at 127.0.0.1/46681] INFO  ozone.HddsDatanodeService (HddsDatanodeService.java:start(249)) - HddsDatanodeService host:fv-az105-497.wy5h1aom0jgehahef1oyr10hrc.bx.internal.cloudapp.net ip:10.1.0.214
2023-03-23 08:06:34,003 [BlockDeletingService#7] INFO  interfaces.ContainerDeletionChoosingPolicyTemplate (ContainerDeletionChoosingPolicyTemplate.java:chooseContainerForBlockDeletion(83)) - Chosen 0/5000 blocks from 0 candidate containers.
2023-03-23 08:06:34,018 [Listener at 127.0.0.1/46681] INFO  upgrade.AbstractLayoutVersionManager (AbstractLayoutVersionManager.java:init(83)) - Initializing Layout version manager with metadata layout = DATANODE_SCHEMA_V3 (version = 4), software layout = DATANODE_SCHEMA_V3 (version = 4)
2023-03-23 08:06:34,059 [SCMBlockDeletingService#0] DEBUG block.SCMBlockDeletingService (SCMBlockDeletingService.java:call(136)) - Running DeletedBlockTransactionScanner
2023-03-23 08:06:34,078 [Listener at 127.0.0.1/46681] INFO  reflections.Reflections (Reflections.java:scan(232)) - Reflections took 58 ms to scan 7 urls, producing 155 keys and 368 values 
2023-03-23 08:06:34,079 [BlockDeletingService#6] INFO  interfaces.ContainerDeletionChoosingPolicyTemplate (ContainerDeletionChoosingPolicyTemplate.java:chooseContainerForBlockDeletion(83)) - Chosen 0/5000 blocks from 0 candidate containers.
2023-03-23 08:06:34,080 [Listener at 127.0.0.1/46681] INFO  statemachine.DatanodeStateMachine (DatanodeStateMachine.java:getEndPointTaskThreadPoolSize(260)) - Datanode State Machine Task Thread Pool size 2
2023-03-23 08:06:34,085 [Listener at 127.0.0.1/46681] INFO  volume.HddsVolume (HddsVolume.java:<init>(130)) - Creating HddsVolume: /home/runner/work/ozone/ozone/hadoop-ozone/integration-test/target/test-dir/MiniOzoneClusterImpl-83429495-af89-4435-a907-dab059fcfd42/datanode-0/data-0/containers/hdds of storage type : DISK capacity : 9223372036854775807
2023-03-23 08:06:34,086 [Listener at 127.0.0.1/46681] INFO  volume.MutableVolumeSet (MutableVolumeSet.java:initializeVolumeSet(175)) - Added Volume : /home/runner/work/ozone/ozone/hadoop-ozone/integration-test/target/test-dir/MiniOzoneClusterImpl-83429495-af89-4435-a907-dab059fcfd42/datanode-0/data-0/containers/hdds to VolumeSet
2023-03-23 08:06:34,086 [Listener at 127.0.0.1/46681] INFO  volume.ThrottledAsyncChecker (ThrottledAsyncChecker.java:schedule(141)) - Scheduling a check for /home/runner/work/ozone/ozone/hadoop-ozone/integration-test/target/test-dir/MiniOzoneClusterImpl-83429495-af89-4435-a907-dab059fcfd42/datanode-0/data-0/containers/hdds
2023-03-23 08:06:34,087 [Listener at 127.0.0.1/46681] INFO  volume.StorageVolumeChecker (StorageVolumeChecker.java:checkAllVolumes(202)) - Scheduled health check for volume /home/runner/work/ozone/ozone/hadoop-ozone/integration-test/target/test-dir/MiniOzoneClusterImpl-83429495-af89-4435-a907-dab059fcfd42/datanode-0/data-0/containers/hdds
2023-03-23 08:06:34,104 [BlockDeletingService#7] INFO  interfaces.ContainerDeletionChoosingPolicyTemplate (ContainerDeletionChoosingPolicyTemplate.java:chooseContainerForBlockDeletion(83)) - Chosen 0/5000 blocks from 0 candidate containers.
2023-03-23 08:06:34,104 [Listener at 127.0.0.1/46681] INFO  volume.MutableVolumeSet (MutableVolumeSet.java:initializeVolumeSet(175)) - Added Volume : /home/runner/work/ozone/ozone/hadoop-ozone/integration-test/target/test-dir/MiniOzoneClusterImpl-83429495-af89-4435-a907-dab059fcfd42/datanode-0/data/ratis to VolumeSet
2023-03-23 08:06:34,104 [Listener at 127.0.0.1/46681] INFO  volume.ThrottledAsyncChecker (ThrottledAsyncChecker.java:schedule(141)) - Scheduling a check for /home/runner/work/ozone/ozone/hadoop-ozone/integration-test/target/test-dir/MiniOzoneClusterImpl-83429495-af89-4435-a907-dab059fcfd42/datanode-0/data/ratis
2023-03-23 08:06:34,105 [Listener at 127.0.0.1/46681] INFO  volume.StorageVolumeChecker (StorageVolumeChecker.java:checkAllVolumes(202)) - Scheduled health check for volume /home/runner/work/ozone/ozone/hadoop-ozone/integration-test/target/test-dir/MiniOzoneClusterImpl-83429495-af89-4435-a907-dab059fcfd42/datanode-0/data/ratis
2023-03-23 08:06:34,142 [Listener at 127.0.0.1/46681] INFO  utils.DatanodeStoreCache (DatanodeStoreCache.java:addDB(58)) - Added db /home/runner/work/ozone/ozone/hadoop-ozone/integration-test/target/test-dir/MiniOzoneClusterImpl-83429495-af89-4435-a907-dab059fcfd42/datanode-0/data-0/containers/hdds/83429495-af89-4435-a907-dab059fcfd42/DS-318da820-e515-4182-b7c6-2eb5aeffd6df/container.db to cache
2023-03-23 08:06:34,143 [Listener at 127.0.0.1/46681] INFO  volume.HddsVolume (HddsVolume.java:loadDbStore(303)) - SchemaV3 db is loaded at /home/runner/work/ozone/ozone/hadoop-ozone/integration-test/target/test-dir/MiniOzoneClusterImpl-83429495-af89-4435-a907-dab059fcfd42/datanode-0/data-0/containers/hdds/83429495-af89-4435-a907-dab059fcfd42/DS-318da820-e515-4182-b7c6-2eb5aeffd6df/container.db for volume DS-318da820-e515-4182-b7c6-2eb5aeffd6df
2023-03-23 08:06:34,148 [Thread-1202] INFO  ozoneimpl.ContainerReader (ContainerReader.java:readVolume(145)) - Start to verify containers on volume /home/runner/work/ozone/ozone/hadoop-ozone/integration-test/target/test-dir/MiniOzoneClusterImpl-83429495-af89-4435-a907-dab059fcfd42/datanode-0/data-0/containers/hdds
2023-03-23 08:06:34,160 [SCMBlockDeletingService#0] DEBUG block.SCMBlockDeletingService (SCMBlockDeletingService.java:call(136)) - Running DeletedBlockTransactionScanner
2023-03-23 08:06:34,173 [Thread-1202] INFO  ozoneimpl.ContainerReader (ContainerReader.java:readVolume(175)) - Finish verifying containers on volume /home/runner/work/ozone/ozone/hadoop-ozone/integration-test/target/test-dir/MiniOzoneClusterImpl-83429495-af89-4435-a907-dab059fcfd42/datanode-0/data-0/containers/hdds
2023-03-23 08:06:34,173 [Listener at 127.0.0.1/46681] INFO  ozoneimpl.OzoneContainer (OzoneContainer.java:buildContainerSet(307)) - Build ContainerSet costs 0s
2023-03-23 08:06:34,176 [Listener at 127.0.0.1/46681] INFO  server.RaftServer (ConfUtils.java:logGet(46)) - raft.rpc.type = GRPC (default)
2023-03-23 08:06:34,176 [Listener at 127.0.0.1/46681] INFO  grpc.GrpcConfigKeys (ConfUtils.java:logFallback(53)) - raft.grpc.admin.host = null (fallback to raft.grpc.server.host)
2023-03-23 08:06:34,177 [Listener at 127.0.0.1/46681] INFO  grpc.GrpcConfigKeys (ConfUtils.java:logGet(46)) - raft.grpc.admin.port = 41851 (custom)
2023-03-23 08:06:34,177 [Listener at 127.0.0.1/46681] INFO  grpc.GrpcConfigKeys (ConfUtils.java:logFallback(53)) - raft.grpc.client.host = null (fallback to raft.grpc.server.host)
2023-03-23 08:06:34,177 [Listener at 127.0.0.1/46681] INFO  grpc.GrpcConfigKeys (ConfUtils.java:logGet(46)) - raft.grpc.client.port = 41851 (custom)
2023-03-23 08:06:34,177 [Listener at 127.0.0.1/46681] INFO  grpc.GrpcConfigKeys (ConfUtils.java:logGet(46)) - raft.grpc.server.host = null (default)
2023-03-23 08:06:34,178 [Listener at 127.0.0.1/46681] INFO  grpc.GrpcConfigKeys (ConfUtils.java:logGet(46)) - raft.grpc.server.port = 41851 (custom)
2023-03-23 08:06:34,178 [Listener at 127.0.0.1/46681] INFO  server.GrpcService (ConfUtils.java:logGet(46)) - raft.grpc.message.size.max = 32MB (=33554432) (custom)
2023-03-23 08:06:34,178 [Listener at 127.0.0.1/46681] INFO  server.RaftServerConfigKeys (ConfUtils.java:logGet(46)) - raft.server.log.appender.buffer.byte-limit = 33554432 (custom)
2023-03-23 08:06:34,178 [Listener at 127.0.0.1/46681] INFO  server.GrpcService (ConfUtils.java:logGet(46)) - raft.grpc.flow.control.window = 5MB (=5242880) (custom)
2023-03-23 08:06:34,179 [Listener at 127.0.0.1/46681] INFO  server.RaftServerConfigKeys (ConfUtils.java:logGet(46)) - raft.server.rpc.request.timeout = 60s (custom)
2023-03-23 08:06:34,179 [Listener at 127.0.0.1/46681] INFO  grpc.GrpcConfigKeys (ConfUtils.java:logGet(46)) - raft.grpc.server.heartbeat.channel = true (default)
2023-03-23 08:06:34,179 [Listener at 127.0.0.1/46681] INFO  grpc.GrpcConfigKeys (ConfUtils.java:logGet(46)) - raft.grpc.server.async.request.thread.pool.cached = true (default)
2023-03-23 08:06:34,179 [Listener at 127.0.0.1/46681] INFO  grpc.GrpcConfigKeys (ConfUtils.java:logGet(46)) - raft.grpc.server.async.request.thread.pool.size = 32 (default)
2023-03-23 08:06:34,179 [BlockDeletingService#6] INFO  interfaces.ContainerDeletionChoosingPolicyTemplate (ContainerDeletionChoosingPolicyTemplate.java:chooseContainerForBlockDeletion(83)) - Chosen 0/5000 blocks from 0 candidate containers.
2023-03-23 08:06:34,183 [Listener at 127.0.0.1/46681] INFO  impl.DataStreamServerImpl (ConfUtils.java:logGet(46)) - raft.datastream.type = NETTY (custom)
2023-03-23 08:06:34,183 [Listener at 127.0.0.1/46681] INFO  server.RaftServerConfigKeys (ConfUtils.java:logGet(46)) - raft.server.data-stream.async.request.thread.pool.cached = false (default)
2023-03-23 08:06:34,184 [Listener at 127.0.0.1/46681] INFO  server.RaftServerConfigKeys (ConfUtils.java:logGet(46)) - raft.server.data-stream.async.request.thread.pool.size = 20 (custom)
2023-03-23 08:06:34,185 [Listener at 127.0.0.1/46681] INFO  server.RaftServerConfigKeys (ConfUtils.java:logGet(46)) - raft.server.data-stream.async.write.thread.pool.size = 16 (default)
2023-03-23 08:06:34,185 [Listener at 127.0.0.1/46681] INFO  server.RaftServerConfigKeys (ConfUtils.java:logGet(46)) - raft.server.data-stream.client.pool.size = 10 (default)
2023-03-23 08:06:34,185 [Listener at 127.0.0.1/46681] INFO  netty.NettyConfigKeys$DataStream (ConfUtils.java:logGet(46)) - raft.netty.dataStream.server.use-epoll = false (default)
2023-03-23 08:06:34,186 [Listener at 127.0.0.1/46681] INFO  netty.NettyConfigKeys$DataStream (ConfUtils.java:logGet(46)) - raft.netty.dataStream.server.boss-group.size = 0 (default)
2023-03-23 08:06:34,187 [Listener at 127.0.0.1/46681] INFO  netty.NettyConfigKeys$DataStream (ConfUtils.java:logGet(46)) - raft.netty.dataStream.server.worker-group.size = 0 (default)
2023-03-23 08:06:34,188 [Listener at 127.0.0.1/46681] INFO  netty.NettyConfigKeys$DataStream (ConfUtils.java:logGet(46)) - raft.netty.dataStream.server.tls.conf = null (default)
2023-03-23 08:06:34,189 [Listener at 127.0.0.1/46681] INFO  netty.NettyConfigKeys$DataStream (ConfUtils.java:logGet(46)) - raft.netty.dataStream.host = null (default)
2023-03-23 08:06:34,189 [Listener at 127.0.0.1/46681] INFO  netty.NettyConfigKeys$DataStream (ConfUtils.java:logGet(46)) - raft.netty.dataStream.port = 0 (default)
2023-03-23 08:06:34,190 [Listener at 127.0.0.1/46681] INFO  server.RaftServerConfigKeys (ConfUtils.java:logGet(46)) - raft.server.threadpool.proxy.cached = true (default)
2023-03-23 08:06:34,190 [Listener at 127.0.0.1/46681] INFO  server.RaftServerConfigKeys (ConfUtils.java:logGet(46)) - raft.server.threadpool.proxy.size = 0 (default)
2023-03-23 08:06:34,190 [Listener at 127.0.0.1/46681] INFO  server.RaftServerConfigKeys (ConfUtils.java:logGet(46)) - raft.server.rpc.slowness.timeout = 300s (custom)
2023-03-23 08:06:34,191 [Listener at 127.0.0.1/46681] INFO  server.RaftServerConfigKeys (ConfUtils.java:logGet(46)) - raft.server.leaderelection.leader.step-down.wait-time = 10s (default)
2023-03-23 08:06:34,191 [Listener at 127.0.0.1/46681] INFO  server.RaftServerConfigKeys (ConfUtils.java:logGet(46)) - raft.server.storage.dir = [/home/runner/work/ozone/ozone/hadoop-ozone/integration-test/target/test-dir/MiniOzoneClusterImpl-83429495-af89-4435-a907-dab059fcfd42/datanode-0/data/ratis] (custom)
2023-03-23 08:06:34,196 [0838c789-5be6-4b53-844e-73c82c080a18-NettyServerStreamRpc-bossGroup--thread1] INFO  logging.LoggingHandler (AbstractInternalLogger.java:log(148)) - [id: 0x7c0f1aa7] REGISTERED
2023-03-23 08:06:34,196 [0838c789-5be6-4b53-844e-73c82c080a18-NettyServerStreamRpc-bossGroup--thread1] INFO  logging.LoggingHandler (AbstractInternalLogger.java:log(148)) - [id: 0x7c0f1aa7] BIND: 0.0.0.0/0.0.0.0:0
2023-03-23 08:06:34,196 [0838c789-5be6-4b53-844e-73c82c080a18-NettyServerStreamRpc-bossGroup--thread1] INFO  logging.LoggingHandler (AbstractInternalLogger.java:log(148)) - [id: 0x7c0f1aa7, L:/0:0:0:0:0:0:0:0:42705] ACTIVE
2023-03-23 08:06:34,196 [0838c789-5be6-4b53-844e-73c82c080a18-impl-thread1] INFO  server.RaftServer (RaftServerProxy.java:initGroupDir(251)) - 0838c789-5be6-4b53-844e-73c82c080a18: found a subdirectory /home/runner/work/ozone/ozone/hadoop-ozone/integration-test/target/test-dir/MiniOzoneClusterImpl-83429495-af89-4435-a907-dab059fcfd42/datanode-0/data/ratis/60f4dc05-4e25-430c-932c-fc8df440c2cc
2023-03-23 08:06:34,197 [0838c789-5be6-4b53-844e-73c82c080a18-impl-thread1] INFO  server.RaftServer (RaftServerProxy.java:addNew(96)) - 0838c789-5be6-4b53-844e-73c82c080a18: addNew group-FC8DF440C2CC:[] returns group-FC8DF440C2CC:java.util.concurrent.CompletableFuture@13fe81b5[Not completed]
2023-03-23 08:06:34,199 [Listener at 127.0.0.1/46681] INFO  server.XceiverServerGrpc (XceiverServerGrpc.java:<init>(132)) - GrpcServer channel type EpollServerSocketChannel
2023-03-23 08:06:34,202 [pool-454-thread-1] INFO  server.RaftServer$Division (RaftServerImpl.java:<init>(195)) - 0838c789-5be6-4b53-844e-73c82c080a18: new RaftServerImpl for group-FC8DF440C2CC:[] with ContainerStateMachine:uninitialized
2023-03-23 08:06:34,202 [pool-454-thread-1] INFO  server.RaftServerConfigKeys (ConfUtils.java:logGet(46)) - raft.server.rpc.timeout.min = 5s (custom)
2023-03-23 08:06:34,202 [pool-454-thread-1] INFO  server.RaftServerConfigKeys (ConfUtils.java:logGet(46)) - raft.server.rpc.timeout.max = 5200ms (custom)
2023-03-23 08:06:34,202 [pool-454-thread-1] INFO  server.RaftServerConfigKeys (ConfUtils.java:logGet(46)) - raft.server.rpc.sleep.time = 25ms (default)
2023-03-23 08:06:34,202 [pool-454-thread-1] INFO  server.RaftServerConfigKeys (ConfUtils.java:logGet(46)) - raft.server.rpc.slowness.timeout = 300s (custom)
2023-03-23 08:06:34,202 [pool-454-thread-1] INFO  server.RaftServerConfigKeys (ConfUtils.java:logGet(46)) - raft.server.leaderelection.leader.step-down.wait-time = 10s (default)
2023-03-23 08:06:34,202 [pool-454-thread-1] INFO  server.RaftServerConfigKeys (ConfUtils.java:logGet(46)) - raft.server.sleep.deviation.threshold = 300ms (default)
2023-03-23 08:06:34,202 [pool-454-thread-1] INFO  server.RaftServer$Division (ServerState.java:<init>(118)) - 0838c789-5be6-4b53-844e-73c82c080a18@group-FC8DF440C2CC: ConfigurationManager, init=-1: peers:[]|listeners:[], old=null, confs=<EMPTY_MAP>
2023-03-23 08:06:34,202 [pool-454-thread-1] INFO  server.RaftServerConfigKeys (ConfUtils.java:logGet(46)) - raft.server.storage.dir = [/home/runner/work/ozone/ozone/hadoop-ozone/integration-test/target/test-dir/MiniOzoneClusterImpl-83429495-af89-4435-a907-dab059fcfd42/datanode-0/data/ratis] (custom)
2023-03-23 08:06:34,202 [pool-454-thread-1] INFO  server.RaftServerConfigKeys (ConfUtils.java:logGet(46)) - raft.server.log.corruption.policy = EXCEPTION (default)
2023-03-23 08:06:34,202 [pool-454-thread-1] INFO  server.RaftServerConfigKeys (ConfUtils.java:logGet(46)) - raft.server.storage.free-space.min = 0MB (=0) (default)
2023-03-23 08:06:34,203 [pool-454-thread-1] INFO  server.RaftServerConfigKeys (ConfUtils.java:logGet(46)) - raft.server.notification.no-leader.timeout = 300s (custom)
2023-03-23 08:06:34,203 [pool-454-thread-1] INFO  server.RaftServerConfigKeys (ConfUtils.java:logGet(46)) - raft.server.retrycache.expirytime = 600000ms (custom)
2023-03-23 08:06:34,203 [pool-454-thread-1] INFO  server.RaftServerConfigKeys (ConfUtils.java:logGet(46)) - raft.server.retrycache.statistics.expirytime = 100μs (default)
2023-03-23 08:06:34,204 [pool-454-thread-1] INFO  server.RaftServerConfigKeys (ConfUtils.java:logGet(46)) - raft.server.log.appender.install.snapshot.enabled = false (custom)
2023-03-23 08:06:34,204 [pool-454-thread-1] INFO  server.RaftServerConfigKeys (ConfUtils.java:logGet(46)) - raft.server.threadpool.server.cached = true (default)
2023-03-23 08:06:34,204 [pool-454-thread-1] INFO  server.RaftServerConfigKeys (ConfUtils.java:logGet(46)) - raft.server.threadpool.server.size = 0 (default)
2023-03-23 08:06:34,204 [pool-454-thread-1] INFO  server.RaftServerConfigKeys (ConfUtils.java:logGet(46)) - raft.server.threadpool.client.cached = true (default)
2023-03-23 08:06:34,204 [pool-454-thread-1] INFO  server.RaftServerConfigKeys (ConfUtils.java:logGet(46)) - raft.server.threadpool.client.size = 0 (default)
2023-03-23 08:06:34,204 [BlockDeletingService#7] INFO  interfaces.ContainerDeletionChoosingPolicyTemplate (ContainerDeletionChoosingPolicyTemplate.java:chooseContainerForBlockDeletion(83)) - Chosen 0/5000 blocks from 0 candidate containers.
2023-03-23 08:06:34,206 [Listener at 127.0.0.1/46681] INFO  http.BaseHttpServer (BaseHttpServer.java:newHttpServer2BuilderForOzone(224)) - Starting Web-server for hddsDatanode at: http://0.0.0.0:45193
2023-03-23 08:06:34,206 [Listener at 127.0.0.1/46681] INFO  http.BaseHttpServer (BaseHttpServer.java:<init>(111)) - Hadoop Security Enabled: false Ozone Security Enabled: false Ozone HTTP Security Enabled: false 
2023-03-23 08:06:34,208 [Listener at 127.0.0.1/46681] WARN  server.AuthenticationFilter (AuthenticationFilter.java:constructSecretProvider(240)) - Unable to initialize FileSignerSecretProvider, falling back to use random secrets. Reason: Could not read signature secret file: /home/runner/hadoop-http-auth-signature-secret
2023-03-23 08:06:34,209 [Listener at 127.0.0.1/46681] WARN  http.HttpRequestLog (HttpRequestLog.java:getRequestLog(103)) - Jetty request log can only be enabled using Log4j
2023-03-23 08:06:34,210 [Listener at 127.0.0.1/46681] INFO  http.HttpServer2 (HttpServer2.java:addGlobalFilter(1031)) - Added global filter 'safety' (class=org.apache.hadoop.hdds.server.http.HttpServer2$QuotingInputFilter)
2023-03-23 08:06:34,214 [Listener at 127.0.0.1/46681] INFO  http.HttpServer2 (HttpServer2.java:addFilter(1007)) - Added filter static_user_filter (class=org.apache.hadoop.http.lib.StaticUserWebFilter$StaticUserFilter) to context hddsDatanode
2023-03-23 08:06:34,215 [Listener at 127.0.0.1/46681] INFO  http.HttpServer2 (HttpServer2.java:addFilter(1015)) - Added filter static_user_filter (class=org.apache.hadoop.http.lib.StaticUserWebFilter$StaticUserFilter) to context logs
2023-03-23 08:06:34,215 [Listener at 127.0.0.1/46681] INFO  http.HttpServer2 (HttpServer2.java:addFilter(1015)) - Added filter static_user_filter (class=org.apache.hadoop.http.lib.StaticUserWebFilter$StaticUserFilter) to context static
2023-03-23 08:06:34,216 [Listener at 127.0.0.1/46681] INFO  http.BaseHttpServer (BaseHttpServer.java:<init>(190)) - HTTP server of hddsDatanode uses base directory /home/runner/work/ozone/ozone/hadoop-ozone/integration-test/target/test-dir/MiniOzoneClusterImpl-83429495-af89-4435-a907-dab059fcfd42/datanode-0/meta/webserver
2023-03-23 08:06:34,217 [Listener at 127.0.0.1/46681] INFO  http.HttpServer2 (HttpServer2.java:bindListener(1250)) - Jetty bound to port 45193
2023-03-23 08:06:34,217 [Listener at 127.0.0.1/46681] INFO  server.Server (Server.java:doStart(375)) - jetty-9.4.49.v20220914; built: 2022-09-14T01:07:36.601Z; git: 4231a3b2e4cb8548a412a789936d640a97b1aa0a; jvm 1.8.0_362-b09
2023-03-23 08:06:34,221 [Listener at 127.0.0.1/46681] INFO  server.session (DefaultSessionIdManager.java:doStart(334)) - DefaultSessionIdManager workerName=node0
2023-03-23 08:06:34,222 [Listener at 127.0.0.1/46681] INFO  server.session (DefaultSessionIdManager.java:doStart(339)) - No SessionScavenger set, using defaults
2023-03-23 08:06:34,222 [Listener at 127.0.0.1/46681] INFO  server.session (HouseKeeper.java:startScavenging(132)) - node0 Scavenging every 660000ms
2023-03-23 08:06:34,224 [Listener at 127.0.0.1/46681] INFO  handler.ContextHandler (ContextHandler.java:doStart(921)) - Started o.e.j.s.ServletContextHandler@95360b1{logs,/logs,file:///home/runner/work/ozone/ozone/hadoop-ozone/integration-test/target/log,AVAILABLE}
2023-03-23 08:06:34,224 [Listener at 127.0.0.1/46681] INFO  handler.ContextHandler (ContextHandler.java:doStart(921)) - Started o.e.j.s.ServletContextHandler@cd7120c{static,/static,jar:file:/home/runner/.m2/repository/org/apache/ozone/hdds-container-service/1.4.0-SNAPSHOT/hdds-container-service-1.4.0-SNAPSHOT.jar!/webapps/static,AVAILABLE}
2023-03-23 08:06:34,260 [SCMBlockDeletingService#0] DEBUG block.SCMBlockDeletingService (SCMBlockDeletingService.java:call(136)) - Running DeletedBlockTransactionScanner
2023-03-23 08:06:34,280 [BlockDeletingService#6] INFO  interfaces.ContainerDeletionChoosingPolicyTemplate (ContainerDeletionChoosingPolicyTemplate.java:chooseContainerForBlockDeletion(83)) - Chosen 0/5000 blocks from 0 candidate containers.
2023-03-23 08:06:34,304 [BlockDeletingService#7] INFO  interfaces.ContainerDeletionChoosingPolicyTemplate (ContainerDeletionChoosingPolicyTemplate.java:chooseContainerForBlockDeletion(83)) - Chosen 0/5000 blocks from 0 candidate containers.
2023-03-23 08:06:34,360 [SCMBlockDeletingService#0] DEBUG block.SCMBlockDeletingService (SCMBlockDeletingService.java:call(136)) - Running DeletedBlockTransactionScanner
2023-03-23 08:06:34,380 [BlockDeletingService#6] INFO  interfaces.ContainerDeletionChoosingPolicyTemplate (ContainerDeletionChoosingPolicyTemplate.java:chooseContainerForBlockDeletion(83)) - Chosen 0/5000 blocks from 0 candidate containers.
2023-03-23 08:06:34,404 [BlockDeletingService#7] INFO  interfaces.ContainerDeletionChoosingPolicyTemplate (ContainerDeletionChoosingPolicyTemplate.java:chooseContainerForBlockDeletion(83)) - Chosen 0/5000 blocks from 0 candidate containers.
2023-03-23 08:06:34,446 [Listener at 127.0.0.1/46681] INFO  handler.ContextHandler (ContextHandler.java:doStart(921)) - Started o.e.j.w.WebAppContext@8e0ef56{hddsDatanode,/,file:///home/runner/work/ozone/ozone/hadoop-ozone/integration-test/target/test-dir/MiniOzoneClusterImpl-83429495-af89-4435-a907-dab059fcfd42/datanode-0/meta/webserver/jetty-0_0_0_0-45193-hdds-container-service-1_4_0-SNAPSHOT_jar-_-any-3917256693607920340/webapp/,AVAILABLE}{jar:file:/home/runner/.m2/repository/org/apache/ozone/hdds-container-service/1.4.0-SNAPSHOT/hdds-container-service-1.4.0-SNAPSHOT.jar!/webapps/hddsDatanode}
2023-03-23 08:06:34,449 [Listener at 127.0.0.1/46681] INFO  server.AbstractConnector (AbstractConnector.java:doStart(333)) - Started ServerConnector@1a64dd2e{HTTP/1.1, (http/1.1)}{0.0.0.0:45193}
2023-03-23 08:06:34,450 [Listener at 127.0.0.1/46681] INFO  server.Server (Server.java:doStart(415)) - Started @94163ms
2023-03-23 08:06:34,450 [Listener at 127.0.0.1/46681] WARN  impl.MetricsSystemImpl (MetricsSystemImpl.java:register(279)) - Sink prometheus already exists!
2023-03-23 08:06:34,451 [Listener at 127.0.0.1/46681] INFO  http.BaseHttpServer (BaseHttpServer.java:updateConnectorAddress(344)) - HTTP server of hddsDatanode listening at http://0.0.0.0:45193
2023-03-23 08:06:34,451 [Datanode State Machine Daemon Thread] INFO  statemachine.DatanodeStateMachine (DatanodeStateMachine.java:lambda$startDaemon$0(517)) - Ozone container server started.
2023-03-23 08:06:34,453 [Listener at 127.0.0.1/46681] INFO  ozone.MiniOzoneClusterImpl (MiniOzoneClusterImpl.java:lambda$waitForClusterToBeReady$0(222)) - Waiting for nodes to be ready. Got 2 of 3 DN Heartbeats.
2023-03-23 08:06:34,453 [Listener at 127.0.0.1/46681] INFO  ozone.MiniOzoneClusterImpl (MiniOzoneClusterImpl.java:lambda$waitForClusterToBeReady$0(225)) - Cluster exits safe mode
2023-03-23 08:06:34,454 [Listener at 127.0.0.1/46681] INFO  ozone.MiniOzoneClusterImpl (MiniOzoneClusterImpl.java:lambda$waitForClusterToBeReady$0(227)) - SCM became leader
2023-03-23 08:06:34,454 [org.apache.hadoop.util.JvmPauseMonitor$Monitor@ce0da2] INFO  util.JvmPauseMonitor (JvmPauseMonitor.java:run(188)) - Starting JVM pause monitor
2023-03-23 08:06:34,456 [Datanode State Machine Task Thread - 0] INFO  datanode.InitDatanodeState (InitDatanodeState.java:persistContainerDatanodeDetails(138)) - DatanodeDetails is persisted to /home/runner/work/ozone/ozone/hadoop-ozone/integration-test/target/test-dir/MiniOzoneClusterImpl-83429495-af89-4435-a907-dab059fcfd42/datanode-0/meta/datanode.id
2023-03-23 08:06:34,460 [SCMBlockDeletingService#0] DEBUG block.SCMBlockDeletingService (SCMBlockDeletingService.java:call(136)) - Running DeletedBlockTransactionScanner
2023-03-23 08:06:34,480 [BlockDeletingService#6] INFO  interfaces.ContainerDeletionChoosingPolicyTemplate (ContainerDeletionChoosingPolicyTemplate.java:chooseContainerForBlockDeletion(83)) - Chosen 0/5000 blocks from 0 candidate containers.
2023-03-23 08:06:34,505 [BlockDeletingService#7] INFO  interfaces.ContainerDeletionChoosingPolicyTemplate (ContainerDeletionChoosingPolicyTemplate.java:chooseContainerForBlockDeletion(83)) - Chosen 0/5000 blocks from 0 candidate containers.
2023-03-23 08:06:34,560 [SCMBlockDeletingService#0] DEBUG block.SCMBlockDeletingService (SCMBlockDeletingService.java:call(136)) - Running DeletedBlockTransactionScanner
2023-03-23 08:06:34,581 [BlockDeletingService#6] INFO  interfaces.ContainerDeletionChoosingPolicyTemplate (ContainerDeletionChoosingPolicyTemplate.java:chooseContainerForBlockDeletion(83)) - Chosen 0/5000 blocks from 0 candidate containers.
2023-03-23 08:06:34,605 [BlockDeletingService#7] INFO  interfaces.ContainerDeletionChoosingPolicyTemplate (ContainerDeletionChoosingPolicyTemplate.java:chooseContainerForBlockDeletion(83)) - Chosen 0/5000 blocks from 0 candidate containers.
2023-03-23 08:06:34,660 [SCMBlockDeletingService#0] DEBUG block.SCMBlockDeletingService (SCMBlockDeletingService.java:call(136)) - Running DeletedBlockTransactionScanner
2023-03-23 08:06:34,681 [BlockDeletingService#6] INFO  interfaces.ContainerDeletionChoosingPolicyTemplate (ContainerDeletionChoosingPolicyTemplate.java:chooseContainerForBlockDeletion(83)) - Chosen 0/5000 blocks from 0 candidate containers.
2023-03-23 08:06:34,705 [BlockDeletingService#7] INFO  interfaces.ContainerDeletionChoosingPolicyTemplate (ContainerDeletionChoosingPolicyTemplate.java:chooseContainerForBlockDeletion(83)) - Chosen 0/5000 blocks from 0 candidate containers.
2023-03-23 08:06:34,760 [SCMBlockDeletingService#0] DEBUG block.SCMBlockDeletingService (SCMBlockDeletingService.java:call(136)) - Running DeletedBlockTransactionScanner
2023-03-23 08:06:34,781 [BlockDeletingService#6] INFO  interfaces.ContainerDeletionChoosingPolicyTemplate (ContainerDeletionChoosingPolicyTemplate.java:chooseContainerForBlockDeletion(83)) - Chosen 0/5000 blocks from 0 candidate containers.
2023-03-23 08:06:34,805 [BlockDeletingService#7] INFO  interfaces.ContainerDeletionChoosingPolicyTemplate (ContainerDeletionChoosingPolicyTemplate.java:chooseContainerForBlockDeletion(83)) - Chosen 0/5000 blocks from 0 candidate containers.
2023-03-23 08:06:34,861 [SCMBlockDeletingService#0] DEBUG block.SCMBlockDeletingService (SCMBlockDeletingService.java:call(136)) - Running DeletedBlockTransactionScanner
2023-03-23 08:06:34,881 [BlockDeletingService#6] INFO  interfaces.ContainerDeletionChoosingPolicyTemplate (ContainerDeletionChoosingPolicyTemplate.java:chooseContainerForBlockDeletion(83)) - Chosen 0/5000 blocks from 0 candidate containers.
2023-03-23 08:06:34,906 [BlockDeletingService#7] INFO  interfaces.ContainerDeletionChoosingPolicyTemplate (ContainerDeletionChoosingPolicyTemplate.java:chooseContainerForBlockDeletion(83)) - Chosen 0/5000 blocks from 0 candidate containers.
2023-03-23 08:06:34,961 [SCMBlockDeletingService#0] DEBUG block.SCMBlockDeletingService (SCMBlockDeletingService.java:call(136)) - Running DeletedBlockTransactionScanner
2023-03-23 08:06:34,982 [BlockDeletingService#6] INFO  interfaces.ContainerDeletionChoosingPolicyTemplate (ContainerDeletionChoosingPolicyTemplate.java:chooseContainerForBlockDeletion(83)) - Chosen 0/5000 blocks from 0 candidate containers.
2023-03-23 08:06:35,006 [BlockDeletingService#7] INFO  interfaces.ContainerDeletionChoosingPolicyTemplate (ContainerDeletionChoosingPolicyTemplate.java:chooseContainerForBlockDeletion(83)) - Chosen 0/5000 blocks from 0 candidate containers.
2023-03-23 08:06:35,061 [SCMBlockDeletingService#0] DEBUG block.SCMBlockDeletingService (SCMBlockDeletingService.java:call(136)) - Running DeletedBlockTransactionScanner
2023-03-23 08:06:35,082 [BlockDeletingService#6] INFO  interfaces.ContainerDeletionChoosingPolicyTemplate (ContainerDeletionChoosingPolicyTemplate.java:chooseContainerForBlockDeletion(83)) - Chosen 0/5000 blocks from 0 candidate containers.
2023-03-23 08:06:35,106 [BlockDeletingService#7] INFO  interfaces.ContainerDeletionChoosingPolicyTemplate (ContainerDeletionChoosingPolicyTemplate.java:chooseContainerForBlockDeletion(83)) - Chosen 0/5000 blocks from 0 candidate containers.
2023-03-23 08:06:35,161 [SCMBlockDeletingService#0] DEBUG block.SCMBlockDeletingService (SCMBlockDeletingService.java:call(136)) - Running DeletedBlockTransactionScanner
2023-03-23 08:06:35,182 [BlockDeletingService#6] INFO  interfaces.ContainerDeletionChoosingPolicyTemplate (ContainerDeletionChoosingPolicyTemplate.java:chooseContainerForBlockDeletion(83)) - Chosen 0/5000 blocks from 0 candidate containers.
2023-03-23 08:06:35,207 [BlockDeletingService#7] INFO  interfaces.ContainerDeletionChoosingPolicyTemplate (ContainerDeletionChoosingPolicyTemplate.java:chooseContainerForBlockDeletion(83)) - Chosen 0/5000 blocks from 0 candidate containers.
2023-03-23 08:06:35,261 [SCMBlockDeletingService#0] DEBUG block.SCMBlockDeletingService (SCMBlockDeletingService.java:call(136)) - Running DeletedBlockTransactionScanner
2023-03-23 08:06:35,282 [BlockDeletingService#6] INFO  interfaces.ContainerDeletionChoosingPolicyTemplate (ContainerDeletionChoosingPolicyTemplate.java:chooseContainerForBlockDeletion(83)) - Chosen 0/5000 blocks from 0 candidate containers.
2023-03-23 08:06:35,307 [BlockDeletingService#7] INFO  interfaces.ContainerDeletionChoosingPolicyTemplate (ContainerDeletionChoosingPolicyTemplate.java:chooseContainerForBlockDeletion(83)) - Chosen 0/5000 blocks from 0 candidate containers.
2023-03-23 08:06:35,361 [SCMBlockDeletingService#0] DEBUG block.SCMBlockDeletingService (SCMBlockDeletingService.java:call(136)) - Running DeletedBlockTransactionScanner
2023-03-23 08:06:35,383 [BlockDeletingService#6] INFO  interfaces.ContainerDeletionChoosingPolicyTemplate (ContainerDeletionChoosingPolicyTemplate.java:chooseContainerForBlockDeletion(83)) - Chosen 0/5000 blocks from 0 candidate containers.
2023-03-23 08:06:35,407 [BlockDeletingService#7] INFO  interfaces.ContainerDeletionChoosingPolicyTemplate (ContainerDeletionChoosingPolicyTemplate.java:chooseContainerForBlockDeletion(83)) - Chosen 0/5000 blocks from 0 candidate containers.
2023-03-23 08:06:35,454 [Listener at 127.0.0.1/46681] INFO  ozone.MiniOzoneClusterImpl (MiniOzoneClusterImpl.java:lambda$waitForClusterToBeReady$0(222)) - Waiting for nodes to be ready. Got 2 of 3 DN Heartbeats.
2023-03-23 08:06:35,454 [Listener at 127.0.0.1/46681] INFO  ozone.MiniOzoneClusterImpl (MiniOzoneClusterImpl.java:lambda$waitForClusterToBeReady$0(225)) - Cluster exits safe mode
2023-03-23 08:06:35,454 [Listener at 127.0.0.1/46681] INFO  ozone.MiniOzoneClusterImpl (MiniOzoneClusterImpl.java:lambda$waitForClusterToBeReady$0(227)) - SCM became leader
2023-03-23 08:06:35,461 [SCMBlockDeletingService#0] DEBUG block.SCMBlockDeletingService (SCMBlockDeletingService.java:call(136)) - Running DeletedBlockTransactionScanner
2023-03-23 08:06:35,483 [BlockDeletingService#6] INFO  interfaces.ContainerDeletionChoosingPolicyTemplate (ContainerDeletionChoosingPolicyTemplate.java:chooseContainerForBlockDeletion(83)) - Chosen 0/5000 blocks from 0 candidate containers.
2023-03-23 08:06:35,508 [BlockDeletingService#7] INFO  interfaces.ContainerDeletionChoosingPolicyTemplate (ContainerDeletionChoosingPolicyTemplate.java:chooseContainerForBlockDeletion(83)) - Chosen 0/5000 blocks from 0 candidate containers.
2023-03-23 08:06:35,561 [SCMBlockDeletingService#0] DEBUG block.SCMBlockDeletingService (SCMBlockDeletingService.java:call(136)) - Running DeletedBlockTransactionScanner
2023-03-23 08:06:35,583 [BlockDeletingService#6] INFO  interfaces.ContainerDeletionChoosingPolicyTemplate (ContainerDeletionChoosingPolicyTemplate.java:chooseContainerForBlockDeletion(83)) - Chosen 0/5000 blocks from 0 candidate containers.
2023-03-23 08:06:35,608 [BlockDeletingService#7] INFO  interfaces.ContainerDeletionChoosingPolicyTemplate (ContainerDeletionChoosingPolicyTemplate.java:chooseContainerForBlockDeletion(83)) - Chosen 0/5000 blocks from 0 candidate containers.
2023-03-23 08:06:35,661 [SCMBlockDeletingService#0] DEBUG block.SCMBlockDeletingService (SCMBlockDeletingService.java:call(136)) - Running DeletedBlockTransactionScanner
2023-03-23 08:06:35,683 [BlockDeletingService#6] INFO  interfaces.ContainerDeletionChoosingPolicyTemplate (ContainerDeletionChoosingPolicyTemplate.java:chooseContainerForBlockDeletion(83)) - Chosen 0/5000 blocks from 0 candidate containers.
2023-03-23 08:06:35,708 [BlockDeletingService#7] INFO  interfaces.ContainerDeletionChoosingPolicyTemplate (ContainerDeletionChoosingPolicyTemplate.java:chooseContainerForBlockDeletion(83)) - Chosen 0/5000 blocks from 0 candidate containers.
2023-03-23 08:06:35,762 [SCMBlockDeletingService#0] DEBUG block.SCMBlockDeletingService (SCMBlockDeletingService.java:call(136)) - Running DeletedBlockTransactionScanner
2023-03-23 08:06:35,783 [BlockDeletingService#6] INFO  interfaces.ContainerDeletionChoosingPolicyTemplate (ContainerDeletionChoosingPolicyTemplate.java:chooseContainerForBlockDeletion(83)) - Chosen 0/5000 blocks from 0 candidate containers.
2023-03-23 08:06:35,808 [BlockDeletingService#7] INFO  interfaces.ContainerDeletionChoosingPolicyTemplate (ContainerDeletionChoosingPolicyTemplate.java:chooseContainerForBlockDeletion(83)) - Chosen 0/5000 blocks from 0 candidate containers.
2023-03-23 08:06:35,862 [SCMBlockDeletingService#0] DEBUG block.SCMBlockDeletingService (SCMBlockDeletingService.java:call(136)) - Running DeletedBlockTransactionScanner
2023-03-23 08:06:35,884 [BlockDeletingService#6] INFO  interfaces.ContainerDeletionChoosingPolicyTemplate (ContainerDeletionChoosingPolicyTemplate.java:chooseContainerForBlockDeletion(83)) - Chosen 0/5000 blocks from 0 candidate containers.
2023-03-23 08:06:35,909 [BlockDeletingService#7] INFO  interfaces.ContainerDeletionChoosingPolicyTemplate (ContainerDeletionChoosingPolicyTemplate.java:chooseContainerForBlockDeletion(83)) - Chosen 0/5000 blocks from 0 candidate containers.
2023-03-23 08:06:35,962 [SCMBlockDeletingService#0] DEBUG block.SCMBlockDeletingService (SCMBlockDeletingService.java:call(136)) - Running DeletedBlockTransactionScanner
2023-03-23 08:06:35,984 [BlockDeletingService#6] INFO  interfaces.ContainerDeletionChoosingPolicyTemplate (ContainerDeletionChoosingPolicyTemplate.java:chooseContainerForBlockDeletion(83)) - Chosen 0/5000 blocks from 0 candidate containers.
2023-03-23 08:06:36,009 [BlockDeletingService#7] INFO  interfaces.ContainerDeletionChoosingPolicyTemplate (ContainerDeletionChoosingPolicyTemplate.java:chooseContainerForBlockDeletion(83)) - Chosen 0/5000 blocks from 0 candidate containers.
2023-03-23 08:06:36,062 [SCMBlockDeletingService#0] DEBUG block.SCMBlockDeletingService (SCMBlockDeletingService.java:call(136)) - Running DeletedBlockTransactionScanner
2023-03-23 08:06:36,084 [BlockDeletingService#6] INFO  interfaces.ContainerDeletionChoosingPolicyTemplate (ContainerDeletionChoosingPolicyTemplate.java:chooseContainerForBlockDeletion(83)) - Chosen 0/5000 blocks from 0 candidate containers.
2023-03-23 08:06:36,109 [BlockDeletingService#7] INFO  interfaces.ContainerDeletionChoosingPolicyTemplate (ContainerDeletionChoosingPolicyTemplate.java:chooseContainerForBlockDeletion(83)) - Chosen 0/5000 blocks from 0 candidate containers.
2023-03-23 08:06:36,162 [SCMBlockDeletingService#0] DEBUG block.SCMBlockDeletingService (SCMBlockDeletingService.java:call(136)) - Running DeletedBlockTransactionScanner
2023-03-23 08:06:36,185 [BlockDeletingService#6] INFO  interfaces.ContainerDeletionChoosingPolicyTemplate (ContainerDeletionChoosingPolicyTemplate.java:chooseContainerForBlockDeletion(83)) - Chosen 0/5000 blocks from 0 candidate containers.
2023-03-23 08:06:36,209 [BlockDeletingService#7] INFO  interfaces.ContainerDeletionChoosingPolicyTemplate (ContainerDeletionChoosingPolicyTemplate.java:chooseContainerForBlockDeletion(83)) - Chosen 0/5000 blocks from 0 candidate containers.
2023-03-23 08:06:36,262 [SCMBlockDeletingService#0] DEBUG block.SCMBlockDeletingService (SCMBlockDeletingService.java:call(136)) - Running DeletedBlockTransactionScanner
2023-03-23 08:06:36,285 [BlockDeletingService#6] INFO  interfaces.ContainerDeletionChoosingPolicyTemplate (ContainerDeletionChoosingPolicyTemplate.java:chooseContainerForBlockDeletion(83)) - Chosen 0/5000 blocks from 0 candidate containers.
2023-03-23 08:06:36,310 [BlockDeletingService#7] INFO  interfaces.ContainerDeletionChoosingPolicyTemplate (ContainerDeletionChoosingPolicyTemplate.java:chooseContainerForBlockDeletion(83)) - Chosen 0/5000 blocks from 0 candidate containers.
2023-03-23 08:06:36,362 [SCMBlockDeletingService#0] DEBUG block.SCMBlockDeletingService (SCMBlockDeletingService.java:call(136)) - Running DeletedBlockTransactionScanner
2023-03-23 08:06:36,385 [BlockDeletingService#6] INFO  interfaces.ContainerDeletionChoosingPolicyTemplate (ContainerDeletionChoosingPolicyTemplate.java:chooseContainerForBlockDeletion(83)) - Chosen 0/5000 blocks from 0 candidate containers.
2023-03-23 08:06:36,410 [BlockDeletingService#7] INFO  interfaces.ContainerDeletionChoosingPolicyTemplate (ContainerDeletionChoosingPolicyTemplate.java:chooseContainerForBlockDeletion(83)) - Chosen 0/5000 blocks from 0 candidate containers.
2023-03-23 08:06:36,455 [Listener at 127.0.0.1/46681] INFO  ozone.MiniOzoneClusterImpl (MiniOzoneClusterImpl.java:lambda$waitForClusterToBeReady$0(222)) - Waiting for nodes to be ready. Got 2 of 3 DN Heartbeats.
2023-03-23 08:06:36,455 [Listener at 127.0.0.1/46681] INFO  ozone.MiniOzoneClusterImpl (MiniOzoneClusterImpl.java:lambda$waitForClusterToBeReady$0(225)) - Cluster exits safe mode
2023-03-23 08:06:36,455 [Listener at 127.0.0.1/46681] INFO  ozone.MiniOzoneClusterImpl (MiniOzoneClusterImpl.java:lambda$waitForClusterToBeReady$0(227)) - SCM became leader
2023-03-23 08:06:36,457 [EndpointStateMachine task thread for /0.0.0.0:45541 - 0 ] INFO  ozoneimpl.OzoneContainer (OzoneContainer.java:start(401)) - Attempting to start container services.
2023-03-23 08:06:36,458 [EndpointStateMachine task thread for /0.0.0.0:45541 - 0 ] INFO  ozoneimpl.OzoneContainer (OzoneContainer.java:startContainerScrub(318)) - Scheduled background container scanners and the on-demand container scanner have been disabled.
2023-03-23 08:06:36,461 [EndpointStateMachine task thread for /0.0.0.0:45541 - 0 ] INFO  replication.ReplicationServer (ReplicationServer.java:start(109)) - ReplicationServer is started using port 45775
2023-03-23 08:06:36,462 [SCMBlockDeletingService#0] DEBUG block.SCMBlockDeletingService (SCMBlockDeletingService.java:call(136)) - Running DeletedBlockTransactionScanner
2023-03-23 08:06:36,463 [EndpointStateMachine task thread for /0.0.0.0:45541 - 0 ] INFO  ratis.XceiverServerRatis (XceiverServerRatis.java:start(518)) - Starting XceiverServerRatis 0838c789-5be6-4b53-844e-73c82c080a18
2023-03-23 08:06:36,466 [0838c789-5be6-4b53-844e-73c82c080a18-impl-thread1] INFO  storage.RaftStorageDirectory (RaftStorageDirectoryImpl.java:tryLock(231)) - Lock on /home/runner/work/ozone/ozone/hadoop-ozone/integration-test/target/test-dir/MiniOzoneClusterImpl-83429495-af89-4435-a907-dab059fcfd42/datanode-0/data/ratis/60f4dc05-4e25-430c-932c-fc8df440c2cc/in_use.lock acquired by nodename 6812@fv-az105-497
2023-03-23 08:06:36,467 [0838c789-5be6-4b53-844e-73c82c080a18-impl-thread1] INFO  storage.RaftStorage (RaftStorageImpl.java:analyzeAndRecoverStorage(117)) - Read RaftStorageMetadata{term=1, votedFor=0838c789-5be6-4b53-844e-73c82c080a18} from /home/runner/work/ozone/ozone/hadoop-ozone/integration-test/target/test-dir/MiniOzoneClusterImpl-83429495-af89-4435-a907-dab059fcfd42/datanode-0/data/ratis/60f4dc05-4e25-430c-932c-fc8df440c2cc/current/raft-meta
2023-03-23 08:06:36,470 [0838c789-5be6-4b53-844e-73c82c080a18-impl-thread1] INFO  server.RaftServer$Division (ServerState.java:setRaftConf(430)) - 0838c789-5be6-4b53-844e-73c82c080a18@group-FC8DF440C2CC: set configuration 0: peers:[9852ed25-ff4d-4e5e-8bb3-2709f3d2ddbb|rpc:10.1.0.214:42709|dataStream:10.1.0.214:41309|priority:0|startupRole:FOLLOWER, 2b202a02-6273-4262-ac40-cc676055620c|rpc:10.1.0.214:46245|dataStream:10.1.0.214:42641|priority:0|startupRole:FOLLOWER, 0838c789-5be6-4b53-844e-73c82c080a18|rpc:10.1.0.214:41851|dataStream:10.1.0.214:40921|priority:1|startupRole:FOLLOWER]|listeners:[], old=null
2023-03-23 08:06:36,472 [0838c789-5be6-4b53-844e-73c82c080a18-impl-thread1] INFO  ratis.ContainerStateMachine (ContainerStateMachine.java:loadSnapshot(271)) - group-FC8DF440C2CC: Setting the last applied index to (t:1, i:118)
2023-03-23 08:06:36,475 [0838c789-5be6-4b53-844e-73c82c080a18-impl-thread1] INFO  server.RaftServerConfigKeys (ConfUtils.java:logGet(46)) - raft.server.log.use.memory = false (default)
2023-03-23 08:06:36,475 [0838c789-5be6-4b53-844e-73c82c080a18-impl-thread1] INFO  server.RaftServerConfigKeys (ConfUtils.java:logGet(46)) - raft.server.log.purge.gap = 1000000 (custom)
2023-03-23 08:06:36,475 [0838c789-5be6-4b53-844e-73c82c080a18-impl-thread1] INFO  server.RaftServerConfigKeys (ConfUtils.java:logGet(46)) - raft.server.log.appender.buffer.byte-limit = 33554432 (custom)
2023-03-23 08:06:36,475 [0838c789-5be6-4b53-844e-73c82c080a18-impl-thread1] INFO  server.RaftServerConfigKeys (ConfUtils.java:logGet(46)) - raft.server.log.statemachine.data.read.timeout = 1000ms (default)
2023-03-23 08:06:36,475 [0838c789-5be6-4b53-844e-73c82c080a18-impl-thread1] INFO  server.RaftServerConfigKeys (ConfUtils.java:logGet(46)) - raft.server.log.purge.preservation.log.num = 0 (default)
2023-03-23 08:06:36,475 [0838c789-5be6-4b53-844e-73c82c080a18-impl-thread1] INFO  server.RaftServerConfigKeys (ConfUtils.java:logGet(46)) - raft.server.log.segment.size.max = 1048576 (custom)
2023-03-23 08:06:36,478 [0838c789-5be6-4b53-844e-73c82c080a18-impl-thread1] INFO  server.RaftServerConfigKeys (ConfUtils.java:logGet(46)) - raft.server.log.segment.cache.num.max = 2 (custom)
2023-03-23 08:06:36,478 [0838c789-5be6-4b53-844e-73c82c080a18-impl-thread1] INFO  server.RaftServerConfigKeys (ConfUtils.java:logGet(46)) - raft.server.log.segment.cache.size.max = 200MB (=209715200) (default)
2023-03-23 08:06:36,478 [0838c789-5be6-4b53-844e-73c82c080a18-impl-thread1] INFO  segmented.SegmentedRaftLogWorker (SegmentedRaftLogWorker.java:<init>(189)) - new 0838c789-5be6-4b53-844e-73c82c080a18@group-FC8DF440C2CC-SegmentedRaftLogWorker for RaftStorageImpl:Storage Directory /home/runner/work/ozone/ozone/hadoop-ozone/integration-test/target/test-dir/MiniOzoneClusterImpl-83429495-af89-4435-a907-dab059fcfd42/datanode-0/data/ratis/60f4dc05-4e25-430c-932c-fc8df440c2cc
2023-03-23 08:06:36,478 [0838c789-5be6-4b53-844e-73c82c080a18-impl-thread1] INFO  server.RaftServerConfigKeys (ConfUtils.java:logGet(46)) - raft.server.log.queue.byte-limit = 4294967296 (custom)
2023-03-23 08:06:36,478 [0838c789-5be6-4b53-844e-73c82c080a18-impl-thread1] INFO  server.RaftServerConfigKeys (ConfUtils.java:logGet(46)) - raft.server.log.queue.element-limit = 1024 (custom)
2023-03-23 08:06:36,478 [0838c789-5be6-4b53-844e-73c82c080a18-impl-thread1] INFO  server.RaftServerConfigKeys (ConfUtils.java:logGet(46)) - raft.server.log.segment.size.max = 1048576 (custom)
2023-03-23 08:06:36,478 [0838c789-5be6-4b53-844e-73c82c080a18-impl-thread1] INFO  server.RaftServerConfigKeys (ConfUtils.java:logGet(46)) - raft.server.log.preallocated.size = 16384 (custom)
2023-03-23 08:06:36,478 [0838c789-5be6-4b53-844e-73c82c080a18-impl-thread1] INFO  server.RaftServerConfigKeys (ConfUtils.java:logGet(46)) - raft.server.log.force.sync.num = 128 (default)
2023-03-23 08:06:36,478 [0838c789-5be6-4b53-844e-73c82c080a18-impl-thread1] INFO  server.RaftServerConfigKeys (ConfUtils.java:logGet(46)) - raft.server.log.statemachine.data.sync = true (default)
2023-03-23 08:06:36,478 [0838c789-5be6-4b53-844e-73c82c080a18-impl-thread1] INFO  server.RaftServerConfigKeys (ConfUtils.java:logGet(46)) - raft.server.log.statemachine.data.sync.timeout = 10s (default)
2023-03-23 08:06:36,478 [0838c789-5be6-4b53-844e-73c82c080a18-impl-thread1] INFO  server.RaftServerConfigKeys (ConfUtils.java:logGet(46)) - raft.server.log.statemachine.data.sync.timeout.retry = -1 (default)
2023-03-23 08:06:36,479 [0838c789-5be6-4b53-844e-73c82c080a18-impl-thread1] INFO  server.RaftServerConfigKeys (ConfUtils.java:logGet(46)) - raft.server.log.write.buffer.size = 1048576 (custom)
2023-03-23 08:06:36,479 [0838c789-5be6-4b53-844e-73c82c080a18-impl-thread1] INFO  server.RaftServerConfigKeys (ConfUtils.java:logGet(46)) - raft.server.log.appender.buffer.byte-limit = 33554432 (custom)
2023-03-23 08:06:36,484 [0838c789-5be6-4b53-844e-73c82c080a18-impl-thread1] INFO  server.RaftServerConfigKeys (ConfUtils.java:logGet(46)) - raft.server.log.unsafe-flush.enabled = false (default)
2023-03-23 08:06:36,484 [0838c789-5be6-4b53-844e-73c82c080a18-impl-thread1] INFO  server.RaftServerConfigKeys (ConfUtils.java:logGet(46)) - raft.server.log.async-flush.enabled = false (default)
2023-03-23 08:06:36,484 [0838c789-5be6-4b53-844e-73c82c080a18-impl-thread1] INFO  server.RaftServerConfigKeys (ConfUtils.java:logGet(46)) - raft.server.log.statemachine.data.caching.enabled = true (custom)
2023-03-23 08:06:36,485 [BlockDeletingService#6] INFO  interfaces.ContainerDeletionChoosingPolicyTemplate (ContainerDeletionChoosingPolicyTemplate.java:chooseContainerForBlockDeletion(83)) - Chosen 0/5000 blocks from 0 candidate containers.
2023-03-23 08:06:36,491 [0838c789-5be6-4b53-844e-73c82c080a18-impl-thread1] INFO  server.RaftServer$Division (ServerState.java:setRaftConf(430)) - 0838c789-5be6-4b53-844e-73c82c080a18@group-FC8DF440C2CC: set configuration 0: peers:[9852ed25-ff4d-4e5e-8bb3-2709f3d2ddbb|rpc:10.1.0.214:42709|dataStream:10.1.0.214:41309|priority:0|startupRole:FOLLOWER, 2b202a02-6273-4262-ac40-cc676055620c|rpc:10.1.0.214:46245|dataStream:10.1.0.214:42641|priority:0|startupRole:FOLLOWER, 0838c789-5be6-4b53-844e-73c82c080a18|rpc:10.1.0.214:41851|dataStream:10.1.0.214:40921|priority:1|startupRole:FOLLOWER]|listeners:[], old=null
2023-03-23 08:06:36,496 [0838c789-5be6-4b53-844e-73c82c080a18-impl-thread1] INFO  segmented.LogSegment (LogSegment.java:loadSegment(173)) - Successfully read 119 entries from segment file /home/runner/work/ozone/ozone/hadoop-ozone/integration-test/target/test-dir/MiniOzoneClusterImpl-83429495-af89-4435-a907-dab059fcfd42/datanode-0/data/ratis/60f4dc05-4e25-430c-932c-fc8df440c2cc/current/log_inprogress_0
2023-03-23 08:06:36,496 [0838c789-5be6-4b53-844e-73c82c080a18-impl-thread1] INFO  segmented.SegmentedRaftLogWorker (SegmentedRaftLogWorker.java:lambda$new$0(135)) - 0838c789-5be6-4b53-844e-73c82c080a18@group-FC8DF440C2CC-SegmentedRaftLogWorker: flushIndex: setUnconditionally 0 -> 118
2023-03-23 08:06:36,496 [0838c789-5be6-4b53-844e-73c82c080a18-impl-thread1] INFO  segmented.SegmentedRaftLogWorker (SegmentedRaftLogWorker.java:lambda$new$0(135)) - 0838c789-5be6-4b53-844e-73c82c080a18@group-FC8DF440C2CC-SegmentedRaftLogWorker: safeCacheEvictIndex: setUnconditionally 0 -> -1
2023-03-23 08:06:36,496 [0838c789-5be6-4b53-844e-73c82c080a18-impl-thread1] INFO  raftlog.RaftLog (RaftLogBase.java:lambda$new$0(53)) - 0838c789-5be6-4b53-844e-73c82c080a18@group-FC8DF440C2CC-SegmentedRaftLog: commitIndex: updateToMax old=118, new=117, updated? false
2023-03-23 08:06:36,496 [0838c789-5be6-4b53-844e-73c82c080a18-impl-thread1] INFO  server.RaftServer$Division (RaftServerImpl.java:start(334)) - 0838c789-5be6-4b53-844e-73c82c080a18@group-FC8DF440C2CC: start as a follower, conf=0: peers:[9852ed25-ff4d-4e5e-8bb3-2709f3d2ddbb|rpc:10.1.0.214:42709|dataStream:10.1.0.214:41309|priority:0|startupRole:FOLLOWER, 2b202a02-6273-4262-ac40-cc676055620c|rpc:10.1.0.214:46245|dataStream:10.1.0.214:42641|priority:0|startupRole:FOLLOWER, 0838c789-5be6-4b53-844e-73c82c080a18|rpc:10.1.0.214:41851|dataStream:10.1.0.214:40921|priority:1|startupRole:FOLLOWER]|listeners:[], old=null
2023-03-23 08:06:36,496 [0838c789-5be6-4b53-844e-73c82c080a18-impl-thread1] INFO  server.RaftServer$Division (RaftServerImpl.java:setRole(321)) - 0838c789-5be6-4b53-844e-73c82c080a18@group-FC8DF440C2CC: changes role from      null to FOLLOWER at term 1 for startAsFollower
2023-03-23 08:06:36,497 [0838c789-5be6-4b53-844e-73c82c080a18-impl-thread1] INFO  impl.RoleInfo (RoleInfo.java:updateAndGet(139)) - 0838c789-5be6-4b53-844e-73c82c080a18: start 0838c789-5be6-4b53-844e-73c82c080a18@group-FC8DF440C2CC-FollowerState
2023-03-23 08:06:36,503 [0838c789-5be6-4b53-844e-73c82c080a18-impl-thread1] INFO  util.JmxRegister (JmxRegister.java:tryRegister(44)) - Successfully registered JMX Bean with object name Ratis:service=RaftServer,group=group-FC8DF440C2CC,id=0838c789-5be6-4b53-844e-73c82c080a18
2023-03-23 08:06:36,503 [0838c789-5be6-4b53-844e-73c82c080a18@group-FC8DF440C2CC-FollowerState] INFO  server.RaftServerConfigKeys (ConfUtils.java:logFallback(53)) - raft.server.rpc.first-election.timeout.min = 5s (fallback to raft.server.rpc.timeout.min)
2023-03-23 08:06:36,504 [0838c789-5be6-4b53-844e-73c82c080a18-impl-thread1] INFO  server.RaftServerConfigKeys (ConfUtils.java:logGet(46)) - raft.server.snapshot.auto.trigger.enabled = true (custom)
2023-03-23 08:06:36,504 [0838c789-5be6-4b53-844e-73c82c080a18-impl-thread1] INFO  server.RaftServerConfigKeys (ConfUtils.java:logGet(46)) - raft.server.snapshot.auto.trigger.threshold = 10000 (custom)
2023-03-23 08:06:36,504 [0838c789-5be6-4b53-844e-73c82c080a18-impl-thread1] INFO  server.RaftServerConfigKeys (ConfUtils.java:logGet(46)) - raft.server.snapshot.retention.file.num = 5 (custom)
2023-03-23 08:06:36,504 [0838c789-5be6-4b53-844e-73c82c080a18-impl-thread1] INFO  server.RaftServerConfigKeys (ConfUtils.java:logGet(46)) - raft.server.log.purge.upto.snapshot.index = false (default)
2023-03-23 08:06:36,505 [0838c789-5be6-4b53-844e-73c82c080a18@group-FC8DF440C2CC-FollowerState] INFO  server.RaftServerConfigKeys (ConfUtils.java:logFallback(53)) - raft.server.rpc.first-election.timeout.max = 5200ms (fallback to raft.server.rpc.timeout.max)
2023-03-23 08:06:36,505 [EndpointStateMachine task thread for /0.0.0.0:45541 - 0 ] INFO  server.RaftServer (RaftServerProxy.java:startImpl(393)) - 0838c789-5be6-4b53-844e-73c82c080a18: start RPC server
2023-03-23 08:06:36,508 [EndpointStateMachine task thread for /0.0.0.0:45541 - 0 ] INFO  server.GrpcService (GrpcService.java:startImpl(262)) - 0838c789-5be6-4b53-844e-73c82c080a18: GrpcService started, listening on 41851
2023-03-23 08:06:36,509 [EndpointStateMachine task thread for /0.0.0.0:45541 - 0 ] INFO  ratis.XceiverServerRatis (XceiverServerRatis.java:getRealPort(544)) - XceiverServerRatis 0838c789-5be6-4b53-844e-73c82c080a18 is started using port 41851 for RATIS
2023-03-23 08:06:36,509 [EndpointStateMachine task thread for /0.0.0.0:45541 - 0 ] INFO  ratis.XceiverServerRatis (XceiverServerRatis.java:getRealPort(544)) - XceiverServerRatis 0838c789-5be6-4b53-844e-73c82c080a18 is started using port 41851 for RATIS_ADMIN
2023-03-23 08:06:36,509 [EndpointStateMachine task thread for /0.0.0.0:45541 - 0 ] INFO  ratis.XceiverServerRatis (XceiverServerRatis.java:getRealPort(544)) - XceiverServerRatis 0838c789-5be6-4b53-844e-73c82c080a18 is started using port 41851 for RATIS_SERVER
2023-03-23 08:06:36,509 [EndpointStateMachine task thread for /0.0.0.0:45541 - 0 ] INFO  ratis.XceiverServerRatis (XceiverServerRatis.java:getRealPort(544)) - XceiverServerRatis 0838c789-5be6-4b53-844e-73c82c080a18 is started using port 42705 for RATIS_DATASTREAM
2023-03-23 08:06:36,509 [JvmPauseMonitor12] INFO  util.JvmPauseMonitor (JvmPauseMonitor.java:run(105)) - JvmPauseMonitor-0838c789-5be6-4b53-844e-73c82c080a18: Started
2023-03-23 08:06:36,510 [BlockDeletingService#7] INFO  interfaces.ContainerDeletionChoosingPolicyTemplate (ContainerDeletionChoosingPolicyTemplate.java:chooseContainerForBlockDeletion(83)) - Chosen 0/5000 blocks from 0 candidate containers.
2023-03-23 08:06:36,514 [BlockDeletingService#0] INFO  interfaces.ContainerDeletionChoosingPolicyTemplate (ContainerDeletionChoosingPolicyTemplate.java:chooseContainerForBlockDeletion(83)) - Chosen 0/5000 blocks from 0 candidate containers.
2023-03-23 08:06:36,562 [SCMBlockDeletingService#0] DEBUG block.SCMBlockDeletingService (SCMBlockDeletingService.java:call(136)) - Running DeletedBlockTransactionScanner
2023-03-23 08:06:36,587 [BlockDeletingService#6] INFO  interfaces.ContainerDeletionChoosingPolicyTemplate (ContainerDeletionChoosingPolicyTemplate.java:chooseContainerForBlockDeletion(83)) - Chosen 0/5000 blocks from 0 candidate containers.
2023-03-23 08:06:36,610 [BlockDeletingService#7] INFO  interfaces.ContainerDeletionChoosingPolicyTemplate (ContainerDeletionChoosingPolicyTemplate.java:chooseContainerForBlockDeletion(83)) - Chosen 0/5000 blocks from 0 candidate containers.
2023-03-23 08:06:36,615 [BlockDeletingService#0] INFO  interfaces.ContainerDeletionChoosingPolicyTemplate (ContainerDeletionChoosingPolicyTemplate.java:chooseContainerForBlockDeletion(83)) - Chosen 0/5000 blocks from 0 candidate containers.
2023-03-23 08:06:36,662 [SCMBlockDeletingService#0] DEBUG block.SCMBlockDeletingService (SCMBlockDeletingService.java:call(136)) - Running DeletedBlockTransactionScanner
2023-03-23 08:06:36,687 [BlockDeletingService#6] INFO  interfaces.ContainerDeletionChoosingPolicyTemplate (ContainerDeletionChoosingPolicyTemplate.java:chooseContainerForBlockDeletion(83)) - Chosen 0/5000 blocks from 0 candidate containers.
2023-03-23 08:06:36,711 [BlockDeletingService#7] INFO  interfaces.ContainerDeletionChoosingPolicyTemplate (ContainerDeletionChoosingPolicyTemplate.java:chooseContainerForBlockDeletion(83)) - Chosen 0/5000 blocks from 0 candidate containers.
2023-03-23 08:06:36,716 [BlockDeletingService#1] INFO  interfaces.ContainerDeletionChoosingPolicyTemplate (ContainerDeletionChoosingPolicyTemplate.java:chooseContainerForBlockDeletion(83)) - Chosen 0/5000 blocks from 0 candidate containers.
2023-03-23 08:06:36,762 [SCMBlockDeletingService#0] DEBUG block.SCMBlockDeletingService (SCMBlockDeletingService.java:call(136)) - Running DeletedBlockTransactionScanner
2023-03-23 08:06:36,787 [BlockDeletingService#6] INFO  interfaces.ContainerDeletionChoosingPolicyTemplate (ContainerDeletionChoosingPolicyTemplate.java:chooseContainerForBlockDeletion(83)) - Chosen 0/5000 blocks from 0 candidate containers.
2023-03-23 08:06:36,811 [BlockDeletingService#7] INFO  interfaces.ContainerDeletionChoosingPolicyTemplate (ContainerDeletionChoosingPolicyTemplate.java:chooseContainerForBlockDeletion(83)) - Chosen 0/5000 blocks from 0 candidate containers.
2023-03-23 08:06:36,816 [BlockDeletingService#0] INFO  interfaces.ContainerDeletionChoosingPolicyTemplate (ContainerDeletionChoosingPolicyTemplate.java:chooseContainerForBlockDeletion(83)) - Chosen 0/5000 blocks from 0 candidate containers.
2023-03-23 08:06:36,863 [SCMBlockDeletingService#0] DEBUG block.SCMBlockDeletingService (SCMBlockDeletingService.java:call(136)) - Running DeletedBlockTransactionScanner
2023-03-23 08:06:36,887 [BlockDeletingService#6] INFO  interfaces.ContainerDeletionChoosingPolicyTemplate (ContainerDeletionChoosingPolicyTemplate.java:chooseContainerForBlockDeletion(83)) - Chosen 0/5000 blocks from 0 candidate containers.
2023-03-23 08:06:36,912 [BlockDeletingService#7] INFO  interfaces.ContainerDeletionChoosingPolicyTemplate (ContainerDeletionChoosingPolicyTemplate.java:chooseContainerForBlockDeletion(83)) - Chosen 0/5000 blocks from 0 candidate containers.
2023-03-23 08:06:36,917 [BlockDeletingService#2] INFO  interfaces.ContainerDeletionChoosingPolicyTemplate (ContainerDeletionChoosingPolicyTemplate.java:chooseContainerForBlockDeletion(83)) - Chosen 0/5000 blocks from 0 candidate containers.
2023-03-23 08:06:36,963 [SCMBlockDeletingService#0] DEBUG block.SCMBlockDeletingService (SCMBlockDeletingService.java:call(136)) - Running DeletedBlockTransactionScanner
2023-03-23 08:06:36,988 [BlockDeletingService#6] INFO  interfaces.ContainerDeletionChoosingPolicyTemplate (ContainerDeletionChoosingPolicyTemplate.java:chooseContainerForBlockDeletion(83)) - Chosen 0/5000 blocks from 0 candidate containers.
2023-03-23 08:06:37,012 [BlockDeletingService#7] INFO  interfaces.ContainerDeletionChoosingPolicyTemplate (ContainerDeletionChoosingPolicyTemplate.java:chooseContainerForBlockDeletion(83)) - Chosen 0/5000 blocks from 0 candidate containers.
2023-03-23 08:06:37,017 [BlockDeletingService#1] INFO  interfaces.ContainerDeletionChoosingPolicyTemplate (ContainerDeletionChoosingPolicyTemplate.java:chooseContainerForBlockDeletion(83)) - Chosen 0/5000 blocks from 0 candidate containers.
2023-03-23 08:06:37,063 [SCMBlockDeletingService#0] DEBUG block.SCMBlockDeletingService (SCMBlockDeletingService.java:call(136)) - Running DeletedBlockTransactionScanner
2023-03-23 08:06:37,088 [BlockDeletingService#6] INFO  interfaces.ContainerDeletionChoosingPolicyTemplate (ContainerDeletionChoosingPolicyTemplate.java:chooseContainerForBlockDeletion(83)) - Chosen 0/5000 blocks from 0 candidate containers.
2023-03-23 08:06:37,112 [BlockDeletingService#7] INFO  interfaces.ContainerDeletionChoosingPolicyTemplate (ContainerDeletionChoosingPolicyTemplate.java:chooseContainerForBlockDeletion(83)) - Chosen 0/5000 blocks from 0 candidate containers.
2023-03-23 08:06:37,117 [BlockDeletingService#3] INFO  interfaces.ContainerDeletionChoosingPolicyTemplate (ContainerDeletionChoosingPolicyTemplate.java:chooseContainerForBlockDeletion(83)) - Chosen 0/5000 blocks from 0 candidate containers.
2023-03-23 08:06:37,163 [SCMBlockDeletingService#0] DEBUG block.SCMBlockDeletingService (SCMBlockDeletingService.java:call(136)) - Running DeletedBlockTransactionScanner
2023-03-23 08:06:37,188 [BlockDeletingService#6] INFO  interfaces.ContainerDeletionChoosingPolicyTemplate (ContainerDeletionChoosingPolicyTemplate.java:chooseContainerForBlockDeletion(83)) - Chosen 0/5000 blocks from 0 candidate containers.
2023-03-23 08:06:37,212 [BlockDeletingService#7] INFO  interfaces.ContainerDeletionChoosingPolicyTemplate (ContainerDeletionChoosingPolicyTemplate.java:chooseContainerForBlockDeletion(83)) - Chosen 0/5000 blocks from 0 candidate containers.
2023-03-23 08:06:37,217 [BlockDeletingService#0] INFO  interfaces.ContainerDeletionChoosingPolicyTemplate (ContainerDeletionChoosingPolicyTemplate.java:chooseContainerForBlockDeletion(83)) - Chosen 0/5000 blocks from 0 candidate containers.
2023-03-23 08:06:37,263 [SCMBlockDeletingService#0] DEBUG block.SCMBlockDeletingService (SCMBlockDeletingService.java:call(136)) - Running DeletedBlockTransactionScanner
2023-03-23 08:06:37,288 [BlockDeletingService#6] INFO  interfaces.ContainerDeletionChoosingPolicyTemplate (ContainerDeletionChoosingPolicyTemplate.java:chooseContainerForBlockDeletion(83)) - Chosen 0/5000 blocks from 0 candidate containers.
2023-03-23 08:06:37,312 [BlockDeletingService#7] INFO  interfaces.ContainerDeletionChoosingPolicyTemplate (ContainerDeletionChoosingPolicyTemplate.java:chooseContainerForBlockDeletion(83)) - Chosen 0/5000 blocks from 0 candidate containers.
2023-03-23 08:06:37,317 [BlockDeletingService#4] INFO  interfaces.ContainerDeletionChoosingPolicyTemplate (ContainerDeletionChoosingPolicyTemplate.java:chooseContainerForBlockDeletion(83)) - Chosen 0/5000 blocks from 0 candidate containers.
2023-03-23 08:06:37,363 [SCMBlockDeletingService#0] DEBUG block.SCMBlockDeletingService (SCMBlockDeletingService.java:call(136)) - Running DeletedBlockTransactionScanner
2023-03-23 08:06:37,389 [BlockDeletingService#6] INFO  interfaces.ContainerDeletionChoosingPolicyTemplate (ContainerDeletionChoosingPolicyTemplate.java:chooseContainerForBlockDeletion(83)) - Chosen 0/5000 blocks from 0 candidate containers.
2023-03-23 08:06:37,413 [BlockDeletingService#7] INFO  interfaces.ContainerDeletionChoosingPolicyTemplate (ContainerDeletionChoosingPolicyTemplate.java:chooseContainerForBlockDeletion(83)) - Chosen 0/5000 blocks from 0 candidate containers.
2023-03-23 08:06:37,417 [BlockDeletingService#2] INFO  interfaces.ContainerDeletionChoosingPolicyTemplate (ContainerDeletionChoosingPolicyTemplate.java:chooseContainerForBlockDeletion(83)) - Chosen 0/5000 blocks from 0 candidate containers.
2023-03-23 08:06:37,455 [Listener at 127.0.0.1/46681] INFO  ozone.MiniOzoneClusterImpl (MiniOzoneClusterImpl.java:lambda$waitForClusterToBeReady$0(222)) - Waiting for nodes to be ready. Got 2 of 3 DN Heartbeats.
2023-03-23 08:06:37,456 [Listener at 127.0.0.1/46681] INFO  ozone.MiniOzoneClusterImpl (MiniOzoneClusterImpl.java:lambda$waitForClusterToBeReady$0(225)) - Cluster exits safe mode
2023-03-23 08:06:37,456 [Listener at 127.0.0.1/46681] INFO  ozone.MiniOzoneClusterImpl (MiniOzoneClusterImpl.java:lambda$waitForClusterToBeReady$0(227)) - SCM became leader
2023-03-23 08:06:37,463 [SCMBlockDeletingService#0] DEBUG block.SCMBlockDeletingService (SCMBlockDeletingService.java:call(136)) - Running DeletedBlockTransactionScanner
2023-03-23 08:06:37,489 [BlockDeletingService#6] INFO  interfaces.ContainerDeletionChoosingPolicyTemplate (ContainerDeletionChoosingPolicyTemplate.java:chooseContainerForBlockDeletion(83)) - Chosen 0/5000 blocks from 0 candidate containers.
2023-03-23 08:06:37,514 [BlockDeletingService#7] INFO  interfaces.ContainerDeletionChoosingPolicyTemplate (ContainerDeletionChoosingPolicyTemplate.java:chooseContainerForBlockDeletion(83)) - Chosen 0/5000 blocks from 0 candidate containers.
2023-03-23 08:06:37,518 [BlockDeletingService#2] INFO  interfaces.ContainerDeletionChoosingPolicyTemplate (ContainerDeletionChoosingPolicyTemplate.java:chooseContainerForBlockDeletion(83)) - Chosen 0/5000 blocks from 0 candidate containers.
2023-03-23 08:06:37,563 [SCMBlockDeletingService#0] DEBUG block.SCMBlockDeletingService (SCMBlockDeletingService.java:call(136)) - Running DeletedBlockTransactionScanner
2023-03-23 08:06:37,589 [BlockDeletingService#6] INFO  interfaces.ContainerDeletionChoosingPolicyTemplate (ContainerDeletionChoosingPolicyTemplate.java:chooseContainerForBlockDeletion(83)) - Chosen 0/5000 blocks from 0 candidate containers.
2023-03-23 08:06:37,614 [BlockDeletingService#7] INFO  interfaces.ContainerDeletionChoosingPolicyTemplate (ContainerDeletionChoosingPolicyTemplate.java:chooseContainerForBlockDeletion(83)) - Chosen 0/5000 blocks from 0 candidate containers.
2023-03-23 08:06:37,618 [BlockDeletingService#2] INFO  interfaces.ContainerDeletionChoosingPolicyTemplate (ContainerDeletionChoosingPolicyTemplate.java:chooseContainerForBlockDeletion(83)) - Chosen 0/5000 blocks from 0 candidate containers.
2023-03-23 08:06:37,663 [SCMBlockDeletingService#0] DEBUG block.SCMBlockDeletingService (SCMBlockDeletingService.java:call(136)) - Running DeletedBlockTransactionScanner
2023-03-23 08:06:37,689 [BlockDeletingService#6] INFO  interfaces.ContainerDeletionChoosingPolicyTemplate (ContainerDeletionChoosingPolicyTemplate.java:chooseContainerForBlockDeletion(83)) - Chosen 0/5000 blocks from 0 candidate containers.
2023-03-23 08:06:37,714 [BlockDeletingService#7] INFO  interfaces.ContainerDeletionChoosingPolicyTemplate (ContainerDeletionChoosingPolicyTemplate.java:chooseContainerForBlockDeletion(83)) - Chosen 0/5000 blocks from 0 candidate containers.
2023-03-23 08:06:37,718 [BlockDeletingService#2] INFO  interfaces.ContainerDeletionChoosingPolicyTemplate (ContainerDeletionChoosingPolicyTemplate.java:chooseContainerForBlockDeletion(83)) - Chosen 0/5000 blocks from 0 candidate containers.
2023-03-23 08:06:37,763 [SCMBlockDeletingService#0] DEBUG block.SCMBlockDeletingService (SCMBlockDeletingService.java:call(136)) - Running DeletedBlockTransactionScanner
2023-03-23 08:06:37,790 [BlockDeletingService#6] INFO  interfaces.ContainerDeletionChoosingPolicyTemplate (ContainerDeletionChoosingPolicyTemplate.java:chooseContainerForBlockDeletion(83)) - Chosen 0/5000 blocks from 0 candidate containers.
2023-03-23 08:06:37,815 [BlockDeletingService#7] INFO  interfaces.ContainerDeletionChoosingPolicyTemplate (ContainerDeletionChoosingPolicyTemplate.java:chooseContainerForBlockDeletion(83)) - Chosen 0/5000 blocks from 0 candidate containers.
2023-03-23 08:06:37,818 [BlockDeletingService#2] INFO  interfaces.ContainerDeletionChoosingPolicyTemplate (ContainerDeletionChoosingPolicyTemplate.java:chooseContainerForBlockDeletion(83)) - Chosen 0/5000 blocks from 0 candidate containers.
2023-03-23 08:06:37,864 [SCMBlockDeletingService#0] DEBUG block.SCMBlockDeletingService (SCMBlockDeletingService.java:call(136)) - Running DeletedBlockTransactionScanner
2023-03-23 08:06:37,890 [BlockDeletingService#6] INFO  interfaces.ContainerDeletionChoosingPolicyTemplate (ContainerDeletionChoosingPolicyTemplate.java:chooseContainerForBlockDeletion(83)) - Chosen 0/5000 blocks from 0 candidate containers.
2023-03-23 08:06:37,915 [BlockDeletingService#7] INFO  interfaces.ContainerDeletionChoosingPolicyTemplate (ContainerDeletionChoosingPolicyTemplate.java:chooseContainerForBlockDeletion(83)) - Chosen 0/5000 blocks from 0 candidate containers.
2023-03-23 08:06:37,918 [BlockDeletingService#2] INFO  interfaces.ContainerDeletionChoosingPolicyTemplate (ContainerDeletionChoosingPolicyTemplate.java:chooseContainerForBlockDeletion(83)) - Chosen 0/5000 blocks from 0 candidate containers.
2023-03-23 08:06:37,964 [SCMBlockDeletingService#0] DEBUG block.SCMBlockDeletingService (SCMBlockDeletingService.java:call(136)) - Running DeletedBlockTransactionScanner
2023-03-23 08:06:37,990 [BlockDeletingService#6] INFO  interfaces.ContainerDeletionChoosingPolicyTemplate (ContainerDeletionChoosingPolicyTemplate.java:chooseContainerForBlockDeletion(83)) - Chosen 0/5000 blocks from 0 candidate containers.
2023-03-23 08:06:38,015 [BlockDeletingService#7] INFO  interfaces.ContainerDeletionChoosingPolicyTemplate (ContainerDeletionChoosingPolicyTemplate.java:chooseContainerForBlockDeletion(83)) - Chosen 0/5000 blocks from 0 candidate containers.
2023-03-23 08:06:38,018 [BlockDeletingService#2] INFO  interfaces.ContainerDeletionChoosingPolicyTemplate (ContainerDeletionChoosingPolicyTemplate.java:chooseContainerForBlockDeletion(83)) - Chosen 0/5000 blocks from 0 candidate containers.
2023-03-23 08:06:38,064 [SCMBlockDeletingService#0] DEBUG block.SCMBlockDeletingService (SCMBlockDeletingService.java:call(136)) - Running DeletedBlockTransactionScanner
2023-03-23 08:06:38,090 [BlockDeletingService#6] INFO  interfaces.ContainerDeletionChoosingPolicyTemplate (ContainerDeletionChoosingPolicyTemplate.java:chooseContainerForBlockDeletion(83)) - Chosen 0/5000 blocks from 0 candidate containers.
2023-03-23 08:06:38,115 [BlockDeletingService#7] INFO  interfaces.ContainerDeletionChoosingPolicyTemplate (ContainerDeletionChoosingPolicyTemplate.java:chooseContainerForBlockDeletion(83)) - Chosen 0/5000 blocks from 0 candidate containers.
2023-03-23 08:06:38,119 [BlockDeletingService#2] INFO  interfaces.ContainerDeletionChoosingPolicyTemplate (ContainerDeletionChoosingPolicyTemplate.java:chooseContainerForBlockDeletion(83)) - Chosen 0/5000 blocks from 0 candidate containers.
2023-03-23 08:06:38,164 [SCMBlockDeletingService#0] DEBUG block.SCMBlockDeletingService (SCMBlockDeletingService.java:call(136)) - Running DeletedBlockTransactionScanner
2023-03-23 08:06:38,191 [BlockDeletingService#6] INFO  interfaces.ContainerDeletionChoosingPolicyTemplate (ContainerDeletionChoosingPolicyTemplate.java:chooseContainerForBlockDeletion(83)) - Chosen 0/5000 blocks from 0 candidate containers.
2023-03-23 08:06:38,216 [BlockDeletingService#7] INFO  interfaces.ContainerDeletionChoosingPolicyTemplate (ContainerDeletionChoosingPolicyTemplate.java:chooseContainerForBlockDeletion(83)) - Chosen 0/5000 blocks from 0 candidate containers.
2023-03-23 08:06:38,219 [BlockDeletingService#2] INFO  interfaces.ContainerDeletionChoosingPolicyTemplate (ContainerDeletionChoosingPolicyTemplate.java:chooseContainerForBlockDeletion(83)) - Chosen 0/5000 blocks from 0 candidate containers.
2023-03-23 08:06:38,264 [SCMBlockDeletingService#0] DEBUG block.SCMBlockDeletingService (SCMBlockDeletingService.java:call(136)) - Running DeletedBlockTransactionScanner
2023-03-23 08:06:38,291 [BlockDeletingService#6] INFO  interfaces.ContainerDeletionChoosingPolicyTemplate (ContainerDeletionChoosingPolicyTemplate.java:chooseContainerForBlockDeletion(83)) - Chosen 0/5000 blocks from 0 candidate containers.
2023-03-23 08:06:38,316 [BlockDeletingService#7] INFO  interfaces.ContainerDeletionChoosingPolicyTemplate (ContainerDeletionChoosingPolicyTemplate.java:chooseContainerForBlockDeletion(83)) - Chosen 0/5000 blocks from 0 candidate containers.
2023-03-23 08:06:38,319 [BlockDeletingService#2] INFO  interfaces.ContainerDeletionChoosingPolicyTemplate (ContainerDeletionChoosingPolicyTemplate.java:chooseContainerForBlockDeletion(83)) - Chosen 0/5000 blocks from 0 candidate containers.
2023-03-23 08:06:38,364 [SCMBlockDeletingService#0] DEBUG block.SCMBlockDeletingService (SCMBlockDeletingService.java:call(136)) - Running DeletedBlockTransactionScanner
2023-03-23 08:06:38,391 [BlockDeletingService#6] INFO  interfaces.ContainerDeletionChoosingPolicyTemplate (ContainerDeletionChoosingPolicyTemplate.java:chooseContainerForBlockDeletion(83)) - Chosen 0/5000 blocks from 0 candidate containers.
2023-03-23 08:06:38,416 [BlockDeletingService#7] INFO  interfaces.ContainerDeletionChoosingPolicyTemplate (ContainerDeletionChoosingPolicyTemplate.java:chooseContainerForBlockDeletion(83)) - Chosen 0/5000 blocks from 0 candidate containers.
2023-03-23 08:06:38,419 [BlockDeletingService#2] INFO  interfaces.ContainerDeletionChoosingPolicyTemplate (ContainerDeletionChoosingPolicyTemplate.java:chooseContainerForBlockDeletion(83)) - Chosen 0/5000 blocks from 0 candidate containers.
2023-03-23 08:06:38,456 [Listener at 127.0.0.1/46681] INFO  ozone.MiniOzoneClusterImpl (MiniOzoneClusterImpl.java:lambda$waitForClusterToBeReady$0(222)) - Waiting for nodes to be ready. Got 2 of 3 DN Heartbeats.
2023-03-23 08:06:38,457 [Listener at 127.0.0.1/46681] INFO  ozone.MiniOzoneClusterImpl (MiniOzoneClusterImpl.java:lambda$waitForClusterToBeReady$0(225)) - Cluster exits safe mode
2023-03-23 08:06:38,457 [Listener at 127.0.0.1/46681] INFO  ozone.MiniOzoneClusterImpl (MiniOzoneClusterImpl.java:lambda$waitForClusterToBeReady$0(227)) - SCM became leader
2023-03-23 08:06:38,464 [SCMBlockDeletingService#0] DEBUG block.SCMBlockDeletingService (SCMBlockDeletingService.java:call(136)) - Running DeletedBlockTransactionScanner
2023-03-23 08:06:38,491 [BlockDeletingService#6] INFO  interfaces.ContainerDeletionChoosingPolicyTemplate (ContainerDeletionChoosingPolicyTemplate.java:chooseContainerForBlockDeletion(83)) - Chosen 0/5000 blocks from 0 candidate containers.
2023-03-23 08:06:38,516 [BlockDeletingService#7] INFO  interfaces.ContainerDeletionChoosingPolicyTemplate (ContainerDeletionChoosingPolicyTemplate.java:chooseContainerForBlockDeletion(83)) - Chosen 0/5000 blocks from 0 candidate containers.
2023-03-23 08:06:38,519 [BlockDeletingService#2] INFO  interfaces.ContainerDeletionChoosingPolicyTemplate (ContainerDeletionChoosingPolicyTemplate.java:chooseContainerForBlockDeletion(83)) - Chosen 0/5000 blocks from 0 candidate containers.
2023-03-23 08:06:38,564 [SCMBlockDeletingService#0] DEBUG block.SCMBlockDeletingService (SCMBlockDeletingService.java:call(136)) - Running DeletedBlockTransactionScanner
2023-03-23 08:06:38,592 [BlockDeletingService#6] INFO  interfaces.ContainerDeletionChoosingPolicyTemplate (ContainerDeletionChoosingPolicyTemplate.java:chooseContainerForBlockDeletion(83)) - Chosen 0/5000 blocks from 0 candidate containers.
2023-03-23 08:06:38,617 [BlockDeletingService#7] INFO  interfaces.ContainerDeletionChoosingPolicyTemplate (ContainerDeletionChoosingPolicyTemplate.java:chooseContainerForBlockDeletion(83)) - Chosen 0/5000 blocks from 0 candidate containers.
2023-03-23 08:06:38,620 [BlockDeletingService#2] INFO  interfaces.ContainerDeletionChoosingPolicyTemplate (ContainerDeletionChoosingPolicyTemplate.java:chooseContainerForBlockDeletion(83)) - Chosen 0/5000 blocks from 0 candidate containers.
2023-03-23 08:06:38,664 [SCMBlockDeletingService#0] DEBUG block.SCMBlockDeletingService (SCMBlockDeletingService.java:call(136)) - Running DeletedBlockTransactionScanner
2023-03-23 08:06:38,692 [BlockDeletingService#6] INFO  interfaces.ContainerDeletionChoosingPolicyTemplate (ContainerDeletionChoosingPolicyTemplate.java:chooseContainerForBlockDeletion(83)) - Chosen 0/5000 blocks from 0 candidate containers.
2023-03-23 08:06:38,717 [BlockDeletingService#7] INFO  interfaces.ContainerDeletionChoosingPolicyTemplate (ContainerDeletionChoosingPolicyTemplate.java:chooseContainerForBlockDeletion(83)) - Chosen 0/5000 blocks from 0 candidate containers.
2023-03-23 08:06:38,720 [BlockDeletingService#2] INFO  interfaces.ContainerDeletionChoosingPolicyTemplate (ContainerDeletionChoosingPolicyTemplate.java:chooseContainerForBlockDeletion(83)) - Chosen 0/5000 blocks from 0 candidate containers.
2023-03-23 08:06:38,764 [SCMBlockDeletingService#0] DEBUG block.SCMBlockDeletingService (SCMBlockDeletingService.java:call(136)) - Running DeletedBlockTransactionScanner
2023-03-23 08:06:38,792 [BlockDeletingService#6] INFO  interfaces.ContainerDeletionChoosingPolicyTemplate (ContainerDeletionChoosingPolicyTemplate.java:chooseContainerForBlockDeletion(83)) - Chosen 0/5000 blocks from 0 candidate containers.
2023-03-23 08:06:38,817 [BlockDeletingService#7] INFO  interfaces.ContainerDeletionChoosingPolicyTemplate (ContainerDeletionChoosingPolicyTemplate.java:chooseContainerForBlockDeletion(83)) - Chosen 0/5000 blocks from 0 candidate containers.
2023-03-23 08:06:38,820 [BlockDeletingService#2] INFO  interfaces.ContainerDeletionChoosingPolicyTemplate (ContainerDeletionChoosingPolicyTemplate.java:chooseContainerForBlockDeletion(83)) - Chosen 0/5000 blocks from 0 candidate containers.
2023-03-23 08:06:38,864 [SCMBlockDeletingService#0] DEBUG block.SCMBlockDeletingService (SCMBlockDeletingService.java:call(136)) - Running DeletedBlockTransactionScanner
2023-03-23 08:06:38,892 [BlockDeletingService#6] INFO  interfaces.ContainerDeletionChoosingPolicyTemplate (ContainerDeletionChoosingPolicyTemplate.java:chooseContainerForBlockDeletion(83)) - Chosen 0/5000 blocks from 0 candidate containers.
2023-03-23 08:06:38,917 [BlockDeletingService#7] INFO  interfaces.ContainerDeletionChoosingPolicyTemplate (ContainerDeletionChoosingPolicyTemplate.java:chooseContainerForBlockDeletion(83)) - Chosen 0/5000 blocks from 0 candidate containers.
2023-03-23 08:06:38,920 [BlockDeletingService#2] INFO  interfaces.ContainerDeletionChoosingPolicyTemplate (ContainerDeletionChoosingPolicyTemplate.java:chooseContainerForBlockDeletion(83)) - Chosen 0/5000 blocks from 0 candidate containers.
2023-03-23 08:06:38,964 [SCMBlockDeletingService#0] DEBUG block.SCMBlockDeletingService (SCMBlockDeletingService.java:call(136)) - Running DeletedBlockTransactionScanner
2023-03-23 08:06:38,992 [BlockDeletingService#6] INFO  interfaces.ContainerDeletionChoosingPolicyTemplate (ContainerDeletionChoosingPolicyTemplate.java:chooseContainerForBlockDeletion(83)) - Chosen 0/5000 blocks from 0 candidate containers.
2023-03-23 08:06:39,018 [BlockDeletingService#7] INFO  interfaces.ContainerDeletionChoosingPolicyTemplate (ContainerDeletionChoosingPolicyTemplate.java:chooseContainerForBlockDeletion(83)) - Chosen 0/5000 blocks from 0 candidate containers.
2023-03-23 08:06:39,020 [BlockDeletingService#2] INFO  interfaces.ContainerDeletionChoosingPolicyTemplate (ContainerDeletionChoosingPolicyTemplate.java:chooseContainerForBlockDeletion(83)) - Chosen 0/5000 blocks from 0 candidate containers.
2023-03-23 08:06:39,064 [SCMBlockDeletingService#0] DEBUG block.SCMBlockDeletingService (SCMBlockDeletingService.java:call(136)) - Running DeletedBlockTransactionScanner
2023-03-23 08:06:39,093 [BlockDeletingService#6] INFO  interfaces.ContainerDeletionChoosingPolicyTemplate (ContainerDeletionChoosingPolicyTemplate.java:chooseContainerForBlockDeletion(83)) - Chosen 0/5000 blocks from 0 candidate containers.
2023-03-23 08:06:39,118 [BlockDeletingService#7] INFO  interfaces.ContainerDeletionChoosingPolicyTemplate (ContainerDeletionChoosingPolicyTemplate.java:chooseContainerForBlockDeletion(83)) - Chosen 0/5000 blocks from 0 candidate containers.
2023-03-23 08:06:39,120 [BlockDeletingService#2] INFO  interfaces.ContainerDeletionChoosingPolicyTemplate (ContainerDeletionChoosingPolicyTemplate.java:chooseContainerForBlockDeletion(83)) - Chosen 0/5000 blocks from 0 candidate containers.
2023-03-23 08:06:39,165 [SCMBlockDeletingService#0] DEBUG block.SCMBlockDeletingService (SCMBlockDeletingService.java:call(136)) - Running DeletedBlockTransactionScanner
2023-03-23 08:06:39,193 [BlockDeletingService#6] INFO  interfaces.ContainerDeletionChoosingPolicyTemplate (ContainerDeletionChoosingPolicyTemplate.java:chooseContainerForBlockDeletion(83)) - Chosen 0/5000 blocks from 0 candidate containers.
2023-03-23 08:06:39,218 [BlockDeletingService#7] INFO  interfaces.ContainerDeletionChoosingPolicyTemplate (ContainerDeletionChoosingPolicyTemplate.java:chooseContainerForBlockDeletion(83)) - Chosen 0/5000 blocks from 0 candidate containers.
2023-03-23 08:06:39,221 [BlockDeletingService#2] INFO  interfaces.ContainerDeletionChoosingPolicyTemplate (ContainerDeletionChoosingPolicyTemplate.java:chooseContainerForBlockDeletion(83)) - Chosen 0/5000 blocks from 0 candidate containers.
2023-03-23 08:06:39,265 [SCMBlockDeletingService#0] DEBUG block.SCMBlockDeletingService (SCMBlockDeletingService.java:call(136)) - Running DeletedBlockTransactionScanner
2023-03-23 08:06:39,293 [BlockDeletingService#6] INFO  interfaces.ContainerDeletionChoosingPolicyTemplate (ContainerDeletionChoosingPolicyTemplate.java:chooseContainerForBlockDeletion(83)) - Chosen 0/5000 blocks from 0 candidate containers.
2023-03-23 08:06:39,318 [BlockDeletingService#7] INFO  interfaces.ContainerDeletionChoosingPolicyTemplate (ContainerDeletionChoosingPolicyTemplate.java:chooseContainerForBlockDeletion(83)) - Chosen 0/5000 blocks from 0 candidate containers.
2023-03-23 08:06:39,321 [BlockDeletingService#2] INFO  interfaces.ContainerDeletionChoosingPolicyTemplate (ContainerDeletionChoosingPolicyTemplate.java:chooseContainerForBlockDeletion(83)) - Chosen 0/5000 blocks from 0 candidate containers.
2023-03-23 08:06:39,365 [SCMBlockDeletingService#0] DEBUG block.SCMBlockDeletingService (SCMBlockDeletingService.java:call(136)) - Running DeletedBlockTransactionScanner
2023-03-23 08:06:39,394 [BlockDeletingService#6] INFO  interfaces.ContainerDeletionChoosingPolicyTemplate (ContainerDeletionChoosingPolicyTemplate.java:chooseContainerForBlockDeletion(83)) - Chosen 0/5000 blocks from 0 candidate containers.
2023-03-23 08:06:39,418 [BlockDeletingService#7] INFO  interfaces.ContainerDeletionChoosingPolicyTemplate (ContainerDeletionChoosingPolicyTemplate.java:chooseContainerForBlockDeletion(83)) - Chosen 0/5000 blocks from 0 candidate containers.
2023-03-23 08:06:39,421 [BlockDeletingService#2] INFO  interfaces.ContainerDeletionChoosingPolicyTemplate (ContainerDeletionChoosingPolicyTemplate.java:chooseContainerForBlockDeletion(83)) - Chosen 0/5000 blocks from 0 candidate containers.
2023-03-23 08:06:39,457 [Listener at 127.0.0.1/46681] INFO  ozone.MiniOzoneClusterImpl (MiniOzoneClusterImpl.java:lambda$waitForClusterToBeReady$0(222)) - Waiting for nodes to be ready. Got 2 of 3 DN Heartbeats.
2023-03-23 08:06:39,457 [Listener at 127.0.0.1/46681] INFO  ozone.MiniOzoneClusterImpl (MiniOzoneClusterImpl.java:lambda$waitForClusterToBeReady$0(225)) - Cluster exits safe mode
2023-03-23 08:06:39,458 [Listener at 127.0.0.1/46681] INFO  ozone.MiniOzoneClusterImpl (MiniOzoneClusterImpl.java:lambda$waitForClusterToBeReady$0(227)) - SCM became leader
2023-03-23 08:06:39,465 [SCMBlockDeletingService#0] DEBUG block.SCMBlockDeletingService (SCMBlockDeletingService.java:call(136)) - Running DeletedBlockTransactionScanner
2023-03-23 08:06:39,494 [BlockDeletingService#6] INFO  interfaces.ContainerDeletionChoosingPolicyTemplate (ContainerDeletionChoosingPolicyTemplate.java:chooseContainerForBlockDeletion(83)) - Chosen 0/5000 blocks from 0 candidate containers.
2023-03-23 08:06:39,519 [BlockDeletingService#7] INFO  interfaces.ContainerDeletionChoosingPolicyTemplate (ContainerDeletionChoosingPolicyTemplate.java:chooseContainerForBlockDeletion(83)) - Chosen 0/5000 blocks from 0 candidate containers.
2023-03-23 08:06:39,521 [BlockDeletingService#2] INFO  interfaces.ContainerDeletionChoosingPolicyTemplate (ContainerDeletionChoosingPolicyTemplate.java:chooseContainerForBlockDeletion(83)) - Chosen 0/5000 blocks from 0 candidate containers.
2023-03-23 08:06:39,565 [SCMBlockDeletingService#0] DEBUG block.SCMBlockDeletingService (SCMBlockDeletingService.java:call(136)) - Running DeletedBlockTransactionScanner
2023-03-23 08:06:39,594 [BlockDeletingService#6] INFO  interfaces.ContainerDeletionChoosingPolicyTemplate (ContainerDeletionChoosingPolicyTemplate.java:chooseContainerForBlockDeletion(83)) - Chosen 0/5000 blocks from 0 candidate containers.
2023-03-23 08:06:39,619 [BlockDeletingService#7] INFO  interfaces.ContainerDeletionChoosingPolicyTemplate (ContainerDeletionChoosingPolicyTemplate.java:chooseContainerForBlockDeletion(83)) - Chosen 0/5000 blocks from 0 candidate containers.
2023-03-23 08:06:39,621 [BlockDeletingService#2] INFO  interfaces.ContainerDeletionChoosingPolicyTemplate (ContainerDeletionChoosingPolicyTemplate.java:chooseContainerForBlockDeletion(83)) - Chosen 0/5000 blocks from 0 candidate containers.
2023-03-23 08:06:39,665 [SCMBlockDeletingService#0] DEBUG block.SCMBlockDeletingService (SCMBlockDeletingService.java:call(136)) - Running DeletedBlockTransactionScanner
2023-03-23 08:06:39,694 [BlockDeletingService#6] INFO  interfaces.ContainerDeletionChoosingPolicyTemplate (ContainerDeletionChoosingPolicyTemplate.java:chooseContainerForBlockDeletion(83)) - Chosen 0/5000 blocks from 0 candidate containers.
2023-03-23 08:06:39,720 [BlockDeletingService#7] INFO  interfaces.ContainerDeletionChoosingPolicyTemplate (ContainerDeletionChoosingPolicyTemplate.java:chooseContainerForBlockDeletion(83)) - Chosen 0/5000 blocks from 0 candidate containers.
2023-03-23 08:06:39,721 [BlockDeletingService#2] INFO  interfaces.ContainerDeletionChoosingPolicyTemplate (ContainerDeletionChoosingPolicyTemplate.java:chooseContainerForBlockDeletion(83)) - Chosen 0/5000 blocks from 0 candidate containers.
2023-03-23 08:06:39,765 [SCMBlockDeletingService#0] DEBUG block.SCMBlockDeletingService (SCMBlockDeletingService.java:call(136)) - Running DeletedBlockTransactionScanner
2023-03-23 08:06:39,795 [BlockDeletingService#6] INFO  interfaces.ContainerDeletionChoosingPolicyTemplate (ContainerDeletionChoosingPolicyTemplate.java:chooseContainerForBlockDeletion(83)) - Chosen 0/5000 blocks from 0 candidate containers.
2023-03-23 08:06:39,820 [BlockDeletingService#7] INFO  interfaces.ContainerDeletionChoosingPolicyTemplate (ContainerDeletionChoosingPolicyTemplate.java:chooseContainerForBlockDeletion(83)) - Chosen 0/5000 blocks from 0 candidate containers.
2023-03-23 08:06:39,821 [BlockDeletingService#2] INFO  interfaces.ContainerDeletionChoosingPolicyTemplate (ContainerDeletionChoosingPolicyTemplate.java:chooseContainerForBlockDeletion(83)) - Chosen 0/5000 blocks from 0 candidate containers.
2023-03-23 08:06:39,865 [SCMBlockDeletingService#0] DEBUG block.SCMBlockDeletingService (SCMBlockDeletingService.java:call(136)) - Running DeletedBlockTransactionScanner
2023-03-23 08:06:39,895 [BlockDeletingService#6] INFO  interfaces.ContainerDeletionChoosingPolicyTemplate (ContainerDeletionChoosingPolicyTemplate.java:chooseContainerForBlockDeletion(83)) - Chosen 0/5000 blocks from 0 candidate containers.
2023-03-23 08:06:39,920 [BlockDeletingService#7] INFO  interfaces.ContainerDeletionChoosingPolicyTemplate (ContainerDeletionChoosingPolicyTemplate.java:chooseContainerForBlockDeletion(83)) - Chosen 0/5000 blocks from 0 candidate containers.
2023-03-23 08:06:39,922 [BlockDeletingService#2] INFO  interfaces.ContainerDeletionChoosingPolicyTemplate (ContainerDeletionChoosingPolicyTemplate.java:chooseContainerForBlockDeletion(83)) - Chosen 0/5000 blocks from 0 candidate containers.
2023-03-23 08:06:39,965 [SCMBlockDeletingService#0] DEBUG block.SCMBlockDeletingService (SCMBlockDeletingService.java:call(136)) - Running DeletedBlockTransactionScanner
2023-03-23 08:06:39,995 [BlockDeletingService#6] INFO  interfaces.ContainerDeletionChoosingPolicyTemplate (ContainerDeletionChoosingPolicyTemplate.java:chooseContainerForBlockDeletion(83)) - Chosen 0/5000 blocks from 0 candidate containers.
2023-03-23 08:06:40,021 [BlockDeletingService#7] INFO  interfaces.ContainerDeletionChoosingPolicyTemplate (ContainerDeletionChoosingPolicyTemplate.java:chooseContainerForBlockDeletion(83)) - Chosen 0/5000 blocks from 0 candidate containers.
2023-03-23 08:06:40,022 [BlockDeletingService#2] INFO  interfaces.ContainerDeletionChoosingPolicyTemplate (ContainerDeletionChoosingPolicyTemplate.java:chooseContainerForBlockDeletion(83)) - Chosen 0/5000 blocks from 0 candidate containers.
2023-03-23 08:06:40,066 [SCMBlockDeletingService#0] DEBUG block.SCMBlockDeletingService (SCMBlockDeletingService.java:call(136)) - Running DeletedBlockTransactionScanner
2023-03-23 08:06:40,095 [BlockDeletingService#6] INFO  interfaces.ContainerDeletionChoosingPolicyTemplate (ContainerDeletionChoosingPolicyTemplate.java:chooseContainerForBlockDeletion(83)) - Chosen 0/5000 blocks from 0 candidate containers.
2023-03-23 08:06:40,121 [BlockDeletingService#7] INFO  interfaces.ContainerDeletionChoosingPolicyTemplate (ContainerDeletionChoosingPolicyTemplate.java:chooseContainerForBlockDeletion(83)) - Chosen 0/5000 blocks from 0 candidate containers.
2023-03-23 08:06:40,122 [BlockDeletingService#2] INFO  interfaces.ContainerDeletionChoosingPolicyTemplate (ContainerDeletionChoosingPolicyTemplate.java:chooseContainerForBlockDeletion(83)) - Chosen 0/5000 blocks from 0 candidate containers.
2023-03-23 08:06:40,166 [SCMBlockDeletingService#0] DEBUG block.SCMBlockDeletingService (SCMBlockDeletingService.java:call(136)) - Running DeletedBlockTransactionScanner
2023-03-23 08:06:40,191 [9852ed25-ff4d-4e5e-8bb3-2709f3d2ddbb@group-FC8DF440C2CC-FollowerState] INFO  impl.FollowerState (FollowerState.java:run(143)) - 9852ed25-ff4d-4e5e-8bb3-2709f3d2ddbb@group-FC8DF440C2CC-FollowerState: change to CANDIDATE, lastRpcElapsedTime:9716841231ns, electionTimeout:5025ms
2023-03-23 08:06:40,192 [9852ed25-ff4d-4e5e-8bb3-2709f3d2ddbb@group-FC8DF440C2CC-FollowerState] INFO  impl.RoleInfo (RoleInfo.java:shutdownFollowerState(110)) - 9852ed25-ff4d-4e5e-8bb3-2709f3d2ddbb: shutdown 9852ed25-ff4d-4e5e-8bb3-2709f3d2ddbb@group-FC8DF440C2CC-FollowerState
2023-03-23 08:06:40,192 [9852ed25-ff4d-4e5e-8bb3-2709f3d2ddbb@group-FC8DF440C2CC-FollowerState] INFO  server.RaftServer$Division (RaftServerImpl.java:setRole(321)) - 9852ed25-ff4d-4e5e-8bb3-2709f3d2ddbb@group-FC8DF440C2CC: changes role from  FOLLOWER to CANDIDATE at term 1 for changeToCandidate
2023-03-23 08:06:40,192 [9852ed25-ff4d-4e5e-8bb3-2709f3d2ddbb@group-FC8DF440C2CC-FollowerState] INFO  server.RaftServerConfigKeys (ConfUtils.java:logGet(46)) - raft.server.leaderelection.pre-vote = true (default)
2023-03-23 08:06:40,192 [9852ed25-ff4d-4e5e-8bb3-2709f3d2ddbb@group-FC8DF440C2CC-FollowerState] INFO  impl.RoleInfo (RoleInfo.java:updateAndGet(139)) - 9852ed25-ff4d-4e5e-8bb3-2709f3d2ddbb: start 9852ed25-ff4d-4e5e-8bb3-2709f3d2ddbb@group-FC8DF440C2CC-LeaderElection8
2023-03-23 08:06:40,195 [9852ed25-ff4d-4e5e-8bb3-2709f3d2ddbb@group-FC8DF440C2CC-LeaderElection8] INFO  server.RaftServer$Division (ServerState.java:setLeader(313)) - 9852ed25-ff4d-4e5e-8bb3-2709f3d2ddbb@group-FC8DF440C2CC: change Leader from 0838c789-5be6-4b53-844e-73c82c080a18 to null at term 1 for PRE_VOTE
2023-03-23 08:06:40,195 [9852ed25-ff4d-4e5e-8bb3-2709f3d2ddbb@group-FC8DF440C2CC-LeaderElection8] INFO  impl.LeaderElection (LeaderElection.java:askForVotes(312)) - 9852ed25-ff4d-4e5e-8bb3-2709f3d2ddbb@group-FC8DF440C2CC-LeaderElection8 PRE_VOTE round 0: submit vote requests at term 1 for 0: peers:[9852ed25-ff4d-4e5e-8bb3-2709f3d2ddbb|rpc:10.1.0.214:42709|dataStream:10.1.0.214:41309|priority:0|startupRole:FOLLOWER, 2b202a02-6273-4262-ac40-cc676055620c|rpc:10.1.0.214:46245|dataStream:10.1.0.214:42641|priority:0|startupRole:FOLLOWER, 0838c789-5be6-4b53-844e-73c82c080a18|rpc:10.1.0.214:41851|dataStream:10.1.0.214:40921|priority:1|startupRole:FOLLOWER]|listeners:[], old=null
2023-03-23 08:06:40,195 [9852ed25-ff4d-4e5e-8bb3-2709f3d2ddbb@group-FC8DF440C2CC-LeaderElection8-1] INFO  server.GrpcServerProtocolClient (GrpcServerProtocolClient.java:<init>(63)) - Build channel for 2b202a02-6273-4262-ac40-cc676055620c
2023-03-23 08:06:40,196 [BlockDeletingService#6] INFO  interfaces.ContainerDeletionChoosingPolicyTemplate (ContainerDeletionChoosingPolicyTemplate.java:chooseContainerForBlockDeletion(83)) - Chosen 0/5000 blocks from 0 candidate containers.
2023-03-23 08:06:40,199 [9852ed25-ff4d-4e5e-8bb3-2709f3d2ddbb@group-FC8DF440C2CC-LeaderElection8-2] INFO  server.GrpcServerProtocolClient (GrpcServerProtocolClient.java:<init>(63)) - Build channel for 0838c789-5be6-4b53-844e-73c82c080a18
2023-03-23 08:06:40,210 [grpc-default-executor-0] INFO  server.RaftServer$Division (RaftServerImpl.java:requestVote(1218)) - 2b202a02-6273-4262-ac40-cc676055620c@group-FC8DF440C2CC: receive requestVote(PRE_VOTE, 9852ed25-ff4d-4e5e-8bb3-2709f3d2ddbb, group-FC8DF440C2CC, 1, (t:1, i:118))
2023-03-23 08:06:40,211 [grpc-default-executor-0] INFO  impl.VoteContext (VoteContext.java:log(49)) - 2b202a02-6273-4262-ac40-cc676055620c@group-FC8DF440C2CC-FOLLOWER: accept PRE_VOTE from 9852ed25-ff4d-4e5e-8bb3-2709f3d2ddbb: our priority 0 <= candidate's priority 0
2023-03-23 08:06:40,211 [grpc-default-executor-0] INFO  server.RaftServer$Division (RaftServerImpl.java:requestVote(1251)) - 2b202a02-6273-4262-ac40-cc676055620c@group-FC8DF440C2CC replies to PRE_VOTE vote request: 9852ed25-ff4d-4e5e-8bb3-2709f3d2ddbb<-2b202a02-6273-4262-ac40-cc676055620c#0:OK-t1. Peer's state: 2b202a02-6273-4262-ac40-cc676055620c@group-FC8DF440C2CC:t1, leader=0838c789-5be6-4b53-844e-73c82c080a18, voted=0838c789-5be6-4b53-844e-73c82c080a18, raftlog=Memoized:2b202a02-6273-4262-ac40-cc676055620c@group-FC8DF440C2CC-SegmentedRaftLog:OPENED:c118, conf=0: peers:[9852ed25-ff4d-4e5e-8bb3-2709f3d2ddbb|rpc:10.1.0.214:42709|dataStream:10.1.0.214:41309|priority:0|startupRole:FOLLOWER, 2b202a02-6273-4262-ac40-cc676055620c|rpc:10.1.0.214:46245|dataStream:10.1.0.214:42641|priority:0|startupRole:FOLLOWER, 0838c789-5be6-4b53-844e-73c82c080a18|rpc:10.1.0.214:41851|dataStream:10.1.0.214:40921|priority:1|startupRole:FOLLOWER]|listeners:[], old=null
2023-03-23 08:06:40,220 [grpc-default-executor-0] INFO  server.RaftServer$Division (RaftServerImpl.java:requestVote(1218)) - 0838c789-5be6-4b53-844e-73c82c080a18@group-FC8DF440C2CC: receive requestVote(PRE_VOTE, 9852ed25-ff4d-4e5e-8bb3-2709f3d2ddbb, group-FC8DF440C2CC, 1, (t:1, i:118))
2023-03-23 08:06:40,220 [grpc-default-executor-0] INFO  impl.VoteContext (VoteContext.java:log(49)) - 0838c789-5be6-4b53-844e-73c82c080a18@group-FC8DF440C2CC-FOLLOWER: reject PRE_VOTE from 9852ed25-ff4d-4e5e-8bb3-2709f3d2ddbb: our priority 1 > candidate's priority 0
2023-03-23 08:06:40,221 [grpc-default-executor-0] INFO  server.RaftServer$Division (RaftServerImpl.java:requestVote(1251)) - 0838c789-5be6-4b53-844e-73c82c080a18@group-FC8DF440C2CC replies to PRE_VOTE vote request: 9852ed25-ff4d-4e5e-8bb3-2709f3d2ddbb<-0838c789-5be6-4b53-844e-73c82c080a18#0:FAIL-t1. Peer's state: 0838c789-5be6-4b53-844e-73c82c080a18@group-FC8DF440C2CC:t1, leader=null, voted=0838c789-5be6-4b53-844e-73c82c080a18, raftlog=Memoized:0838c789-5be6-4b53-844e-73c82c080a18@group-FC8DF440C2CC-SegmentedRaftLog:OPENED:c118, conf=0: peers:[9852ed25-ff4d-4e5e-8bb3-2709f3d2ddbb|rpc:10.1.0.214:42709|dataStream:10.1.0.214:41309|priority:0|startupRole:FOLLOWER, 2b202a02-6273-4262-ac40-cc676055620c|rpc:10.1.0.214:46245|dataStream:10.1.0.214:42641|priority:0|startupRole:FOLLOWER, 0838c789-5be6-4b53-844e-73c82c080a18|rpc:10.1.0.214:41851|dataStream:10.1.0.214:40921|priority:1|startupRole:FOLLOWER]|listeners:[], old=null
2023-03-23 08:06:40,221 [BlockDeletingService#7] INFO  interfaces.ContainerDeletionChoosingPolicyTemplate (ContainerDeletionChoosingPolicyTemplate.java:chooseContainerForBlockDeletion(83)) - Chosen 0/5000 blocks from 0 candidate containers.
2023-03-23 08:06:40,223 [BlockDeletingService#2] INFO  interfaces.ContainerDeletionChoosingPolicyTemplate (ContainerDeletionChoosingPolicyTemplate.java:chooseContainerForBlockDeletion(83)) - Chosen 0/5000 blocks from 0 candidate containers.
2023-03-23 08:06:40,223 [9852ed25-ff4d-4e5e-8bb3-2709f3d2ddbb@group-FC8DF440C2CC-LeaderElection8] INFO  impl.LeaderElection (LeaderElection.java:logAndReturn(90)) - 9852ed25-ff4d-4e5e-8bb3-2709f3d2ddbb@group-FC8DF440C2CC-LeaderElection8: PRE_VOTE REJECTED received 2 response(s) and 0 exception(s):
2023-03-23 08:06:40,224 [9852ed25-ff4d-4e5e-8bb3-2709f3d2ddbb@group-FC8DF440C2CC-LeaderElection8] INFO  impl.LeaderElection (LeaderElection.java:logAndReturn(94)) -   Response 0: 9852ed25-ff4d-4e5e-8bb3-2709f3d2ddbb<-2b202a02-6273-4262-ac40-cc676055620c#0:OK-t1
2023-03-23 08:06:40,224 [9852ed25-ff4d-4e5e-8bb3-2709f3d2ddbb@group-FC8DF440C2CC-LeaderElection8] INFO  impl.LeaderElection (LeaderElection.java:logAndReturn(94)) -   Response 1: 9852ed25-ff4d-4e5e-8bb3-2709f3d2ddbb<-0838c789-5be6-4b53-844e-73c82c080a18#0:FAIL-t1
2023-03-23 08:06:40,224 [9852ed25-ff4d-4e5e-8bb3-2709f3d2ddbb@group-FC8DF440C2CC-LeaderElection8] INFO  impl.LeaderElection (LeaderElection.java:askForVotes(314)) - 9852ed25-ff4d-4e5e-8bb3-2709f3d2ddbb@group-FC8DF440C2CC-LeaderElection8 PRE_VOTE round 0: result REJECTED
2023-03-23 08:06:40,224 [9852ed25-ff4d-4e5e-8bb3-2709f3d2ddbb@group-FC8DF440C2CC-LeaderElection8] INFO  server.RaftServer$Division (RaftServerImpl.java:setRole(321)) - 9852ed25-ff4d-4e5e-8bb3-2709f3d2ddbb@group-FC8DF440C2CC: changes role from CANDIDATE to FOLLOWER at term 1 for REJECTED
2023-03-23 08:06:40,224 [9852ed25-ff4d-4e5e-8bb3-2709f3d2ddbb@group-FC8DF440C2CC-LeaderElection8] INFO  impl.RoleInfo (RoleInfo.java:shutdownLeaderElection(130)) - 9852ed25-ff4d-4e5e-8bb3-2709f3d2ddbb: shutdown 9852ed25-ff4d-4e5e-8bb3-2709f3d2ddbb@group-FC8DF440C2CC-LeaderElection8
2023-03-23 08:06:40,224 [9852ed25-ff4d-4e5e-8bb3-2709f3d2ddbb@group-FC8DF440C2CC-LeaderElection8] INFO  impl.RoleInfo (RoleInfo.java:updateAndGet(139)) - 9852ed25-ff4d-4e5e-8bb3-2709f3d2ddbb: start 9852ed25-ff4d-4e5e-8bb3-2709f3d2ddbb@group-FC8DF440C2CC-FollowerState
2023-03-23 08:06:40,266 [SCMBlockDeletingService#0] DEBUG block.SCMBlockDeletingService (SCMBlockDeletingService.java:call(136)) - Running DeletedBlockTransactionScanner
2023-03-23 08:06:40,301 [BlockDeletingService#6] INFO  interfaces.ContainerDeletionChoosingPolicyTemplate (ContainerDeletionChoosingPolicyTemplate.java:chooseContainerForBlockDeletion(83)) - Chosen 0/5000 blocks from 0 candidate containers.
2023-03-23 08:06:40,322 [BlockDeletingService#7] INFO  interfaces.ContainerDeletionChoosingPolicyTemplate (ContainerDeletionChoosingPolicyTemplate.java:chooseContainerForBlockDeletion(83)) - Chosen 0/5000 blocks from 0 candidate containers.
2023-03-23 08:06:40,324 [BlockDeletingService#2] INFO  interfaces.ContainerDeletionChoosingPolicyTemplate (ContainerDeletionChoosingPolicyTemplate.java:chooseContainerForBlockDeletion(83)) - Chosen 0/5000 blocks from 0 candidate containers.
2023-03-23 08:06:40,366 [SCMBlockDeletingService#0] DEBUG block.SCMBlockDeletingService (SCMBlockDeletingService.java:call(136)) - Running DeletedBlockTransactionScanner
2023-03-23 08:06:40,401 [BlockDeletingService#6] INFO  interfaces.ContainerDeletionChoosingPolicyTemplate (ContainerDeletionChoosingPolicyTemplate.java:chooseContainerForBlockDeletion(83)) - Chosen 0/5000 blocks from 0 candidate containers.
2023-03-23 08:06:40,423 [BlockDeletingService#7] INFO  interfaces.ContainerDeletionChoosingPolicyTemplate (ContainerDeletionChoosingPolicyTemplate.java:chooseContainerForBlockDeletion(83)) - Chosen 0/5000 blocks from 0 candidate containers.
2023-03-23 08:06:40,424 [BlockDeletingService#2] INFO  interfaces.ContainerDeletionChoosingPolicyTemplate (ContainerDeletionChoosingPolicyTemplate.java:chooseContainerForBlockDeletion(83)) - Chosen 0/5000 blocks from 0 candidate containers.
2023-03-23 08:06:40,458 [Listener at 127.0.0.1/46681] INFO  ozone.MiniOzoneClusterImpl (MiniOzoneClusterImpl.java:lambda$waitForClusterToBeReady$0(222)) - Waiting for nodes to be ready. Got 2 of 3 DN Heartbeats.
2023-03-23 08:06:40,458 [Listener at 127.0.0.1/46681] INFO  ozone.MiniOzoneClusterImpl (MiniOzoneClusterImpl.java:lambda$waitForClusterToBeReady$0(225)) - Cluster exits safe mode
2023-03-23 08:06:40,458 [Listener at 127.0.0.1/46681] INFO  ozone.MiniOzoneClusterImpl (MiniOzoneClusterImpl.java:lambda$waitForClusterToBeReady$0(227)) - SCM became leader
2023-03-23 08:06:40,466 [SCMBlockDeletingService#0] DEBUG block.SCMBlockDeletingService (SCMBlockDeletingService.java:call(136)) - Running DeletedBlockTransactionScanner
2023-03-23 08:06:40,501 [BlockDeletingService#6] INFO  interfaces.ContainerDeletionChoosingPolicyTemplate (ContainerDeletionChoosingPolicyTemplate.java:chooseContainerForBlockDeletion(83)) - Chosen 0/5000 blocks from 0 candidate containers.
2023-03-23 08:06:40,523 [BlockDeletingService#7] INFO  interfaces.ContainerDeletionChoosingPolicyTemplate (ContainerDeletionChoosingPolicyTemplate.java:chooseContainerForBlockDeletion(83)) - Chosen 0/5000 blocks from 0 candidate containers.
2023-03-23 08:06:40,524 [BlockDeletingService#2] INFO  interfaces.ContainerDeletionChoosingPolicyTemplate (ContainerDeletionChoosingPolicyTemplate.java:chooseContainerForBlockDeletion(83)) - Chosen 0/5000 blocks from 0 candidate containers.
2023-03-23 08:06:40,566 [SCMBlockDeletingService#0] DEBUG block.SCMBlockDeletingService (SCMBlockDeletingService.java:call(136)) - Running DeletedBlockTransactionScanner
2023-03-23 08:06:40,568 [EventQueue-HealthyReadonlyNodeForHealthyReadOnlyNodeHandler] INFO  node.HealthyReadOnlyNodeHandler (HealthyReadOnlyNodeHandler.java:onMessage(56)) - Datanode 0838c789-5be6-4b53-844e-73c82c080a18(fv-az105-497.wy5h1aom0jgehahef1oyr10hrc.bx.internal.cloudapp.net/10.1.0.214) moved to HEALTHY READONLY state.
2023-03-23 08:06:40,568 [EventQueue-HealthyReadonlyNodeForHealthyReadOnlyNodeHandler] INFO  node.HealthyReadOnlyNodeHandler (HealthyReadOnlyNodeHandler.java:onMessage(88)) - Sending close command for pipeline PipelineID=60f4dc05-4e25-430c-932c-fc8df440c2cc in state CLOSED which uses HEALTHY_READONLY datanode 0838c789-5be6-4b53-844e-73c82c080a18. This will send close commands for its containers.
2023-03-23 08:06:40,601 [BlockDeletingService#6] INFO  interfaces.ContainerDeletionChoosingPolicyTemplate (ContainerDeletionChoosingPolicyTemplate.java:chooseContainerForBlockDeletion(83)) - Chosen 0/5000 blocks from 0 candidate containers.
2023-03-23 08:06:40,623 [BlockDeletingService#7] INFO  interfaces.ContainerDeletionChoosingPolicyTemplate (ContainerDeletionChoosingPolicyTemplate.java:chooseContainerForBlockDeletion(83)) - Chosen 0/5000 blocks from 0 candidate containers.
2023-03-23 08:06:40,624 [BlockDeletingService#2] INFO  interfaces.ContainerDeletionChoosingPolicyTemplate (ContainerDeletionChoosingPolicyTemplate.java:chooseContainerForBlockDeletion(83)) - Chosen 0/5000 blocks from 0 candidate containers.
2023-03-23 08:06:40,666 [SCMBlockDeletingService#0] DEBUG block.SCMBlockDeletingService (SCMBlockDeletingService.java:call(136)) - Running DeletedBlockTransactionScanner
2023-03-23 08:06:40,668 [EventQueue-HealthyReadonlyToHealthyNodeForReadOnlyHealthyToHealthyNodeHandler] INFO  node.ReadOnlyHealthyToHealthyNodeHandler (ReadOnlyHealthyToHealthyNodeHandler.java:onMessage(51)) - Datanode 0838c789-5be6-4b53-844e-73c82c080a18(fv-az105-497.wy5h1aom0jgehahef1oyr10hrc.bx.internal.cloudapp.net/10.1.0.214) moved to HEALTHY state.
2023-03-23 08:06:40,668 [EventQueue-HealthyReadonlyToHealthyNodeForReadOnlyHealthyToHealthyNodeHandler] INFO  pipeline.BackgroundPipelineCreator (BackgroundPipelineCreator.java:notifyEventTriggered(276)) - trigger a one-shot run on RatisPipelineUtilsThread.
2023-03-23 08:06:40,669 [RatisPipelineUtilsThread - 0] INFO  pipeline.RatisPipelineProvider (RatisPipelineProvider.java:lambda$create$0(206)) - Sending CreatePipelineCommand for pipeline:PipelineID=cc7e45dc-4708-4202-abb8-4bd3e808ca20 to datanode:9852ed25-ff4d-4e5e-8bb3-2709f3d2ddbb
2023-03-23 08:06:40,669 [RatisPipelineUtilsThread - 0] INFO  pipeline.RatisPipelineProvider (RatisPipelineProvider.java:lambda$create$0(206)) - Sending CreatePipelineCommand for pipeline:PipelineID=cc7e45dc-4708-4202-abb8-4bd3e808ca20 to datanode:2b202a02-6273-4262-ac40-cc676055620c
2023-03-23 08:06:40,669 [RatisPipelineUtilsThread - 0] INFO  pipeline.RatisPipelineProvider (RatisPipelineProvider.java:lambda$create$0(206)) - Sending CreatePipelineCommand for pipeline:PipelineID=cc7e45dc-4708-4202-abb8-4bd3e808ca20 to datanode:0838c789-5be6-4b53-844e-73c82c080a18
2023-03-23 08:06:40,670 [RatisPipelineUtilsThread - 0] INFO  pipeline.PipelineStateManagerImpl (PipelineStateManagerImpl.java:addPipeline(103)) - Created pipeline Pipeline[ Id: cc7e45dc-4708-4202-abb8-4bd3e808ca20, Nodes: 9852ed25-ff4d-4e5e-8bb3-2709f3d2ddbb(fv-az105-497.wy5h1aom0jgehahef1oyr10hrc.bx.internal.cloudapp.net/10.1.0.214)2b202a02-6273-4262-ac40-cc676055620c(fv-az105-497.wy5h1aom0jgehahef1oyr10hrc.bx.internal.cloudapp.net/10.1.0.214)0838c789-5be6-4b53-844e-73c82c080a18(fv-az105-497.wy5h1aom0jgehahef1oyr10hrc.bx.internal.cloudapp.net/10.1.0.214), ReplicationConfig: RATIS/THREE, State:ALLOCATED, leaderId:, CreationTimestamp2023-03-23T08:06:40.669Z[Etc/UTC]].
2023-03-23 08:06:40,670 [RatisPipelineUtilsThread - 0] WARN  pipeline.PipelinePlacementPolicy (PipelinePlacementPolicy.java:filterViableNodes(160)) - Pipeline creation failed due to no sufficient healthy datanodes. Required 3. Found 0. Excluded 3.
2023-03-23 08:06:40,702 [BlockDeletingService#6] INFO  interfaces.ContainerDeletionChoosingPolicyTemplate (ContainerDeletionChoosingPolicyTemplate.java:chooseContainerForBlockDeletion(83)) - Chosen 0/5000 blocks from 0 candidate containers.
2023-03-23 08:06:40,723 [BlockDeletingService#7] INFO  interfaces.ContainerDeletionChoosingPolicyTemplate (ContainerDeletionChoosingPolicyTemplate.java:chooseContainerForBlockDeletion(83)) - Chosen 0/5000 blocks from 0 candidate containers.
2023-03-23 08:06:40,724 [BlockDeletingService#2] INFO  interfaces.ContainerDeletionChoosingPolicyTemplate (ContainerDeletionChoosingPolicyTemplate.java:chooseContainerForBlockDeletion(83)) - Chosen 0/5000 blocks from 0 candidate containers.
2023-03-23 08:06:40,766 [SCMBlockDeletingService#0] DEBUG block.SCMBlockDeletingService (SCMBlockDeletingService.java:call(136)) - Running DeletedBlockTransactionScanner
2023-03-23 08:06:40,803 [BlockDeletingService#6] INFO  interfaces.ContainerDeletionChoosingPolicyTemplate (ContainerDeletionChoosingPolicyTemplate.java:chooseContainerForBlockDeletion(83)) - Chosen 0/5000 blocks from 0 candidate containers.
2023-03-23 08:06:40,824 [BlockDeletingService#7] INFO  interfaces.ContainerDeletionChoosingPolicyTemplate (ContainerDeletionChoosingPolicyTemplate.java:chooseContainerForBlockDeletion(83)) - Chosen 0/5000 blocks from 0 candidate containers.
2023-03-23 08:06:40,824 [BlockDeletingService#2] INFO  interfaces.ContainerDeletionChoosingPolicyTemplate (ContainerDeletionChoosingPolicyTemplate.java:chooseContainerForBlockDeletion(83)) - Chosen 0/5000 blocks from 0 candidate containers.
2023-03-23 08:06:40,866 [SCMBlockDeletingService#0] DEBUG block.SCMBlockDeletingService (SCMBlockDeletingService.java:call(136)) - Running DeletedBlockTransactionScanner
2023-03-23 08:06:40,903 [BlockDeletingService#6] INFO  interfaces.ContainerDeletionChoosingPolicyTemplate (ContainerDeletionChoosingPolicyTemplate.java:chooseContainerForBlockDeletion(83)) - Chosen 0/5000 blocks from 0 candidate containers.
2023-03-23 08:06:40,924 [BlockDeletingService#7] INFO  interfaces.ContainerDeletionChoosingPolicyTemplate (ContainerDeletionChoosingPolicyTemplate.java:chooseContainerForBlockDeletion(83)) - Chosen 0/5000 blocks from 0 candidate containers.
2023-03-23 08:06:40,925 [BlockDeletingService#2] INFO  interfaces.ContainerDeletionChoosingPolicyTemplate (ContainerDeletionChoosingPolicyTemplate.java:chooseContainerForBlockDeletion(83)) - Chosen 0/5000 blocks from 0 candidate containers.
2023-03-23 08:06:40,966 [SCMBlockDeletingService#0] DEBUG block.SCMBlockDeletingService (SCMBlockDeletingService.java:call(136)) - Running DeletedBlockTransactionScanner
2023-03-23 08:06:40,977 [Command processor thread] INFO  server.RaftServer (RaftServerProxy.java:addNew(96)) - 9852ed25-ff4d-4e5e-8bb3-2709f3d2ddbb: addNew group-4BD3E808CA20:[9852ed25-ff4d-4e5e-8bb3-2709f3d2ddbb|rpc:10.1.0.214:42709|dataStream:10.1.0.214:41309|priority:0|startupRole:FOLLOWER, 2b202a02-6273-4262-ac40-cc676055620c|rpc:10.1.0.214:46245|dataStream:10.1.0.214:42641|priority:0|startupRole:FOLLOWER, 0838c789-5be6-4b53-844e-73c82c080a18|rpc:10.1.0.214:41851|dataStream:10.1.0.214:40921|priority:1|startupRole:FOLLOWER] returns group-4BD3E808CA20:java.util.concurrent.CompletableFuture@5f6847b8[Not completed]
2023-03-23 08:06:40,978 [pool-385-thread-1] INFO  server.RaftServer$Division (RaftServerImpl.java:<init>(195)) - 9852ed25-ff4d-4e5e-8bb3-2709f3d2ddbb: new RaftServerImpl for group-4BD3E808CA20:[9852ed25-ff4d-4e5e-8bb3-2709f3d2ddbb|rpc:10.1.0.214:42709|dataStream:10.1.0.214:41309|priority:0|startupRole:FOLLOWER, 2b202a02-6273-4262-ac40-cc676055620c|rpc:10.1.0.214:46245|dataStream:10.1.0.214:42641|priority:0|startupRole:FOLLOWER, 0838c789-5be6-4b53-844e-73c82c080a18|rpc:10.1.0.214:41851|dataStream:10.1.0.214:40921|priority:1|startupRole:FOLLOWER] with ContainerStateMachine:uninitialized
2023-03-23 08:06:40,979 [pool-385-thread-1] INFO  server.RaftServerConfigKeys (ConfUtils.java:logGet(46)) - raft.server.rpc.timeout.min = 5s (custom)
2023-03-23 08:06:40,979 [pool-385-thread-1] INFO  server.RaftServerConfigKeys (ConfUtils.java:logGet(46)) - raft.server.rpc.timeout.max = 5200ms (custom)
2023-03-23 08:06:40,979 [pool-385-thread-1] INFO  server.RaftServerConfigKeys (ConfUtils.java:logGet(46)) - raft.server.rpc.sleep.time = 25ms (default)
2023-03-23 08:06:40,979 [pool-385-thread-1] INFO  server.RaftServerConfigKeys (ConfUtils.java:logGet(46)) - raft.server.rpc.slowness.timeout = 300s (custom)
2023-03-23 08:06:40,979 [pool-385-thread-1] INFO  server.RaftServerConfigKeys (ConfUtils.java:logGet(46)) - raft.server.leaderelection.leader.step-down.wait-time = 10s (default)
2023-03-23 08:06:40,979 [pool-385-thread-1] INFO  server.RaftServerConfigKeys (ConfUtils.java:logGet(46)) - raft.server.sleep.deviation.threshold = 300ms (default)
2023-03-23 08:06:40,979 [pool-385-thread-1] INFO  server.RaftServer$Division (ServerState.java:<init>(118)) - 9852ed25-ff4d-4e5e-8bb3-2709f3d2ddbb@group-4BD3E808CA20: ConfigurationManager, init=-1: peers:[9852ed25-ff4d-4e5e-8bb3-2709f3d2ddbb|rpc:10.1.0.214:42709|dataStream:10.1.0.214:41309|priority:0|startupRole:FOLLOWER, 2b202a02-6273-4262-ac40-cc676055620c|rpc:10.1.0.214:46245|dataStream:10.1.0.214:42641|priority:0|startupRole:FOLLOWER, 0838c789-5be6-4b53-844e-73c82c080a18|rpc:10.1.0.214:41851|dataStream:10.1.0.214:40921|priority:1|startupRole:FOLLOWER]|listeners:[], old=null, confs=<EMPTY_MAP>
2023-03-23 08:06:40,979 [pool-385-thread-1] INFO  server.RaftServerConfigKeys (ConfUtils.java:logGet(46)) - raft.server.storage.dir = [/home/runner/work/ozone/ozone/hadoop-ozone/integration-test/target/test-dir/MiniOzoneClusterImpl-83429495-af89-4435-a907-dab059fcfd42/datanode-1/data/ratis] (custom)
2023-03-23 08:06:40,979 [pool-385-thread-1] INFO  server.RaftServerConfigKeys (ConfUtils.java:logGet(46)) - raft.server.log.corruption.policy = EXCEPTION (default)
2023-03-23 08:06:40,979 [pool-385-thread-1] INFO  server.RaftServerConfigKeys (ConfUtils.java:logGet(46)) - raft.server.storage.free-space.min = 0MB (=0) (default)
2023-03-23 08:06:40,979 [pool-385-thread-1] INFO  server.RaftServerConfigKeys (ConfUtils.java:logGet(46)) - raft.server.notification.no-leader.timeout = 300s (custom)
2023-03-23 08:06:40,979 [pool-385-thread-1] INFO  server.RaftServerConfigKeys (ConfUtils.java:logGet(46)) - raft.server.retrycache.expirytime = 600000ms (custom)
2023-03-23 08:06:40,979 [pool-385-thread-1] INFO  server.RaftServerConfigKeys (ConfUtils.java:logGet(46)) - raft.server.retrycache.statistics.expirytime = 100μs (default)
2023-03-23 08:06:40,980 [pool-385-thread-1] INFO  server.RaftServerConfigKeys (ConfUtils.java:logGet(46)) - raft.server.log.appender.install.snapshot.enabled = false (custom)
2023-03-23 08:06:40,980 [pool-385-thread-1] INFO  server.RaftServerConfigKeys (ConfUtils.java:logGet(46)) - raft.server.threadpool.server.cached = true (default)
2023-03-23 08:06:40,980 [pool-385-thread-1] INFO  server.RaftServerConfigKeys (ConfUtils.java:logGet(46)) - raft.server.threadpool.server.size = 0 (default)
2023-03-23 08:06:40,980 [pool-385-thread-1] INFO  server.RaftServerConfigKeys (ConfUtils.java:logGet(46)) - raft.server.threadpool.client.cached = true (default)
2023-03-23 08:06:40,980 [pool-385-thread-1] INFO  server.RaftServerConfigKeys (ConfUtils.java:logGet(46)) - raft.server.threadpool.client.size = 0 (default)
2023-03-23 08:06:40,981 [pool-385-thread-1] INFO  storage.RaftStorageDirectory (RaftStorageDirectoryImpl.java:analyzeStorage(137)) - The storage directory /home/runner/work/ozone/ozone/hadoop-ozone/integration-test/target/test-dir/MiniOzoneClusterImpl-83429495-af89-4435-a907-dab059fcfd42/datanode-1/data/ratis/cc7e45dc-4708-4202-abb8-4bd3e808ca20 does not exist. Creating ...
2023-03-23 08:06:40,984 [pool-385-thread-1] INFO  storage.RaftStorageDirectory (RaftStorageDirectoryImpl.java:tryLock(231)) - Lock on /home/runner/work/ozone/ozone/hadoop-ozone/integration-test/target/test-dir/MiniOzoneClusterImpl-83429495-af89-4435-a907-dab059fcfd42/datanode-1/data/ratis/cc7e45dc-4708-4202-abb8-4bd3e808ca20/in_use.lock acquired by nodename 6812@fv-az105-497
2023-03-23 08:06:40,985 [pool-385-thread-1] INFO  storage.RaftStorage (RaftStorageImpl.java:format(96)) - Storage directory /home/runner/work/ozone/ozone/hadoop-ozone/integration-test/target/test-dir/MiniOzoneClusterImpl-83429495-af89-4435-a907-dab059fcfd42/datanode-1/data/ratis/cc7e45dc-4708-4202-abb8-4bd3e808ca20 has been successfully formatted.
2023-03-23 08:06:40,985 [pool-385-thread-1] INFO  ratis.ContainerStateMachine (ContainerStateMachine.java:loadSnapshot(262)) - group-4BD3E808CA20: The snapshot info is null. Setting the last applied indexto:(t:0, i:~)
2023-03-23 08:06:40,986 [pool-385-thread-1] INFO  server.RaftServerConfigKeys (ConfUtils.java:logGet(46)) - raft.server.log.use.memory = false (default)
2023-03-23 08:06:40,986 [pool-385-thread-1] INFO  server.RaftServerConfigKeys (ConfUtils.java:logGet(46)) - raft.server.log.purge.gap = 1000000 (custom)
2023-03-23 08:06:40,986 [pool-385-thread-1] INFO  server.RaftServerConfigKeys (ConfUtils.java:logGet(46)) - raft.server.log.appender.buffer.byte-limit = 33554432 (custom)
2023-03-23 08:06:40,986 [pool-385-thread-1] INFO  server.RaftServerConfigKeys (ConfUtils.java:logGet(46)) - raft.server.log.statemachine.data.read.timeout = 1000ms (default)
2023-03-23 08:06:40,986 [pool-385-thread-1] INFO  server.RaftServerConfigKeys (ConfUtils.java:logGet(46)) - raft.server.log.purge.preservation.log.num = 0 (default)
2023-03-23 08:06:40,986 [pool-385-thread-1] INFO  server.RaftServerConfigKeys (ConfUtils.java:logGet(46)) - raft.server.log.segment.size.max = 1048576 (custom)
2023-03-23 08:06:40,987 [pool-385-thread-1] INFO  server.RaftServerConfigKeys (ConfUtils.java:logGet(46)) - raft.server.log.segment.cache.num.max = 2 (custom)
2023-03-23 08:06:40,987 [pool-385-thread-1] INFO  server.RaftServerConfigKeys (ConfUtils.java:logGet(46)) - raft.server.log.segment.cache.size.max = 200MB (=209715200) (default)
2023-03-23 08:06:40,987 [pool-385-thread-1] INFO  segmented.SegmentedRaftLogWorker (SegmentedRaftLogWorker.java:<init>(189)) - new 9852ed25-ff4d-4e5e-8bb3-2709f3d2ddbb@group-4BD3E808CA20-SegmentedRaftLogWorker for RaftStorageImpl:Storage Directory /home/runner/work/ozone/ozone/hadoop-ozone/integration-test/target/test-dir/MiniOzoneClusterImpl-83429495-af89-4435-a907-dab059fcfd42/datanode-1/data/ratis/cc7e45dc-4708-4202-abb8-4bd3e808ca20
2023-03-23 08:06:40,987 [pool-385-thread-1] INFO  server.RaftServerConfigKeys (ConfUtils.java:logGet(46)) - raft.server.log.queue.byte-limit = 4294967296 (custom)
2023-03-23 08:06:40,987 [pool-385-thread-1] INFO  server.RaftServerConfigKeys (ConfUtils.java:logGet(46)) - raft.server.log.queue.element-limit = 1024 (custom)
2023-03-23 08:06:40,987 [pool-385-thread-1] INFO  server.RaftServerConfigKeys (ConfUtils.java:logGet(46)) - raft.server.log.segment.size.max = 1048576 (custom)
2023-03-23 08:06:40,987 [pool-385-thread-1] INFO  server.RaftServerConfigKeys (ConfUtils.java:logGet(46)) - raft.server.log.preallocated.size = 16384 (custom)
2023-03-23 08:06:40,987 [pool-385-thread-1] INFO  server.RaftServerConfigKeys (ConfUtils.java:logGet(46)) - raft.server.log.force.sync.num = 128 (default)
2023-03-23 08:06:40,987 [pool-385-thread-1] INFO  server.RaftServerConfigKeys (ConfUtils.java:logGet(46)) - raft.server.log.statemachine.data.sync = true (default)
2023-03-23 08:06:40,987 [pool-385-thread-1] INFO  server.RaftServerConfigKeys (ConfUtils.java:logGet(46)) - raft.server.log.statemachine.data.sync.timeout = 10s (default)
2023-03-23 08:06:40,987 [pool-385-thread-1] INFO  server.RaftServerConfigKeys (ConfUtils.java:logGet(46)) - raft.server.log.statemachine.data.sync.timeout.retry = -1 (default)
2023-03-23 08:06:40,988 [pool-385-thread-1] INFO  server.RaftServerConfigKeys (ConfUtils.java:logGet(46)) - raft.server.log.write.buffer.size = 1048576 (custom)
2023-03-23 08:06:40,988 [pool-385-thread-1] INFO  server.RaftServerConfigKeys (ConfUtils.java:logGet(46)) - raft.server.log.appender.buffer.byte-limit = 33554432 (custom)
2023-03-23 08:06:40,993 [pool-385-thread-1] INFO  server.RaftServerConfigKeys (ConfUtils.java:logGet(46)) - raft.server.log.unsafe-flush.enabled = false (default)
2023-03-23 08:06:40,993 [pool-385-thread-1] INFO  server.RaftServerConfigKeys (ConfUtils.java:logGet(46)) - raft.server.log.async-flush.enabled = false (default)
2023-03-23 08:06:40,993 [pool-385-thread-1] INFO  server.RaftServerConfigKeys (ConfUtils.java:logGet(46)) - raft.server.log.statemachine.data.caching.enabled = true (custom)
2023-03-23 08:06:40,993 [pool-385-thread-1] INFO  segmented.SegmentedRaftLogWorker (SegmentedRaftLogWorker.java:lambda$new$0(135)) - 9852ed25-ff4d-4e5e-8bb3-2709f3d2ddbb@group-4BD3E808CA20-SegmentedRaftLogWorker: flushIndex: setUnconditionally 0 -> -1
2023-03-23 08:06:40,993 [pool-385-thread-1] INFO  segmented.SegmentedRaftLogWorker (SegmentedRaftLogWorker.java:lambda$new$0(135)) - 9852ed25-ff4d-4e5e-8bb3-2709f3d2ddbb@group-4BD3E808CA20-SegmentedRaftLogWorker: safeCacheEvictIndex: setUnconditionally 0 -> -1
2023-03-23 08:06:40,994 [pool-385-thread-1] INFO  server.RaftServer$Division (RaftServerImpl.java:start(334)) - 9852ed25-ff4d-4e5e-8bb3-2709f3d2ddbb@group-4BD3E808CA20: start as a follower, conf=-1: peers:[9852ed25-ff4d-4e5e-8bb3-2709f3d2ddbb|rpc:10.1.0.214:42709|dataStream:10.1.0.214:41309|priority:0|startupRole:FOLLOWER, 2b202a02-6273-4262-ac40-cc676055620c|rpc:10.1.0.214:46245|dataStream:10.1.0.214:42641|priority:0|startupRole:FOLLOWER, 0838c789-5be6-4b53-844e-73c82c080a18|rpc:10.1.0.214:41851|dataStream:10.1.0.214:40921|priority:1|startupRole:FOLLOWER]|listeners:[], old=null
2023-03-23 08:06:40,994 [pool-385-thread-1] INFO  server.RaftServer$Division (RaftServerImpl.java:setRole(321)) - 9852ed25-ff4d-4e5e-8bb3-2709f3d2ddbb@group-4BD3E808CA20: changes role from      null to FOLLOWER at term 0 for startAsFollower
2023-03-23 08:06:40,994 [pool-385-thread-1] INFO  impl.RoleInfo (RoleInfo.java:updateAndGet(139)) - 9852ed25-ff4d-4e5e-8bb3-2709f3d2ddbb: start 9852ed25-ff4d-4e5e-8bb3-2709f3d2ddbb@group-4BD3E808CA20-FollowerState
2023-03-23 08:06:40,994 [pool-385-thread-1] INFO  util.JmxRegister (JmxRegister.java:tryRegister(44)) - Successfully registered JMX Bean with object name Ratis:service=RaftServer,group=group-4BD3E808CA20,id=9852ed25-ff4d-4e5e-8bb3-2709f3d2ddbb
2023-03-23 08:06:40,994 [pool-385-thread-1] INFO  server.RaftServerConfigKeys (ConfUtils.java:logGet(46)) - raft.server.snapshot.auto.trigger.enabled = true (custom)
2023-03-23 08:06:40,994 [9852ed25-ff4d-4e5e-8bb3-2709f3d2ddbb@group-4BD3E808CA20-FollowerState] INFO  server.RaftServerConfigKeys (ConfUtils.java:logFallback(53)) - raft.server.rpc.first-election.timeout.min = 5s (fallback to raft.server.rpc.timeout.min)
2023-03-23 08:06:40,994 [pool-385-thread-1] INFO  server.RaftServerConfigKeys (ConfUtils.java:logGet(46)) - raft.server.snapshot.auto.trigger.threshold = 10000 (custom)
2023-03-23 08:06:40,995 [9852ed25-ff4d-4e5e-8bb3-2709f3d2ddbb@group-4BD3E808CA20-FollowerState] INFO  server.RaftServerConfigKeys (ConfUtils.java:logFallback(53)) - raft.server.rpc.first-election.timeout.max = 5200ms (fallback to raft.server.rpc.timeout.max)
2023-03-23 08:06:40,995 [pool-385-thread-1] INFO  server.RaftServerConfigKeys (ConfUtils.java:logGet(46)) - raft.server.snapshot.retention.file.num = 5 (custom)
2023-03-23 08:06:40,996 [pool-385-thread-1] INFO  server.RaftServerConfigKeys (ConfUtils.java:logGet(46)) - raft.server.log.purge.upto.snapshot.index = false (default)
2023-03-23 08:06:40,996 [Command processor thread] INFO  ratis.XceiverServerRatis (XceiverServerRatis.java:addGroup(807)) - Created group PipelineID=cc7e45dc-4708-4202-abb8-4bd3e808ca20
2023-03-23 08:06:41,003 [BlockDeletingService#6] INFO  interfaces.ContainerDeletionChoosingPolicyTemplate (ContainerDeletionChoosingPolicyTemplate.java:chooseContainerForBlockDeletion(83)) - Chosen 0/5000 blocks from 0 candidate containers.
2023-03-23 08:06:41,009 [grpc-default-executor-0] INFO  server.RaftServer (RaftServerProxy.java:addNew(96)) - 2b202a02-6273-4262-ac40-cc676055620c: addNew group-4BD3E808CA20:[9852ed25-ff4d-4e5e-8bb3-2709f3d2ddbb|rpc:10.1.0.214:42709|dataStream:10.1.0.214:41309|priority:0|startupRole:FOLLOWER, 2b202a02-6273-4262-ac40-cc676055620c|rpc:10.1.0.214:46245|dataStream:10.1.0.214:42641|priority:0|startupRole:FOLLOWER, 0838c789-5be6-4b53-844e-73c82c080a18|rpc:10.1.0.214:41851|dataStream:10.1.0.214:40921|priority:1|startupRole:FOLLOWER] returns group-4BD3E808CA20:java.util.concurrent.CompletableFuture@3fca7719[Not completed]
2023-03-23 08:06:41,010 [pool-407-thread-1] INFO  server.RaftServer$Division (RaftServerImpl.java:<init>(195)) - 2b202a02-6273-4262-ac40-cc676055620c: new RaftServerImpl for group-4BD3E808CA20:[9852ed25-ff4d-4e5e-8bb3-2709f3d2ddbb|rpc:10.1.0.214:42709|dataStream:10.1.0.214:41309|priority:0|startupRole:FOLLOWER, 2b202a02-6273-4262-ac40-cc676055620c|rpc:10.1.0.214:46245|dataStream:10.1.0.214:42641|priority:0|startupRole:FOLLOWER, 0838c789-5be6-4b53-844e-73c82c080a18|rpc:10.1.0.214:41851|dataStream:10.1.0.214:40921|priority:1|startupRole:FOLLOWER] with ContainerStateMachine:uninitialized
2023-03-23 08:06:41,010 [pool-407-thread-1] INFO  server.RaftServerConfigKeys (ConfUtils.java:logGet(46)) - raft.server.rpc.timeout.min = 5s (custom)
2023-03-23 08:06:41,010 [pool-407-thread-1] INFO  server.RaftServerConfigKeys (ConfUtils.java:logGet(46)) - raft.server.rpc.timeout.max = 5200ms (custom)
2023-03-23 08:06:41,010 [pool-407-thread-1] INFO  server.RaftServerConfigKeys (ConfUtils.java:logGet(46)) - raft.server.rpc.sleep.time = 25ms (default)
2023-03-23 08:06:41,010 [pool-407-thread-1] INFO  server.RaftServerConfigKeys (ConfUtils.java:logGet(46)) - raft.server.rpc.slowness.timeout = 300s (custom)
2023-03-23 08:06:41,010 [pool-407-thread-1] INFO  server.RaftServerConfigKeys (ConfUtils.java:logGet(46)) - raft.server.leaderelection.leader.step-down.wait-time = 10s (default)
2023-03-23 08:06:41,010 [pool-407-thread-1] INFO  server.RaftServerConfigKeys (ConfUtils.java:logGet(46)) - raft.server.sleep.deviation.threshold = 300ms (default)
2023-03-23 08:06:41,010 [pool-407-thread-1] INFO  server.RaftServer$Division (ServerState.java:<init>(118)) - 2b202a02-6273-4262-ac40-cc676055620c@group-4BD3E808CA20: ConfigurationManager, init=-1: peers:[9852ed25-ff4d-4e5e-8bb3-2709f3d2ddbb|rpc:10.1.0.214:42709|dataStream:10.1.0.214:41309|priority:0|startupRole:FOLLOWER, 2b202a02-6273-4262-ac40-cc676055620c|rpc:10.1.0.214:46245|dataStream:10.1.0.214:42641|priority:0|startupRole:FOLLOWER, 0838c789-5be6-4b53-844e-73c82c080a18|rpc:10.1.0.214:41851|dataStream:10.1.0.214:40921|priority:1|startupRole:FOLLOWER]|listeners:[], old=null, confs=<EMPTY_MAP>
2023-03-23 08:06:41,010 [pool-407-thread-1] INFO  server.RaftServerConfigKeys (ConfUtils.java:logGet(46)) - raft.server.storage.dir = [/home/runner/work/ozone/ozone/hadoop-ozone/integration-test/target/test-dir/MiniOzoneClusterImpl-83429495-af89-4435-a907-dab059fcfd42/datanode-2/data/ratis] (custom)
2023-03-23 08:06:41,010 [pool-407-thread-1] INFO  server.RaftServerConfigKeys (ConfUtils.java:logGet(46)) - raft.server.log.corruption.policy = EXCEPTION (default)
2023-03-23 08:06:41,010 [pool-407-thread-1] INFO  server.RaftServerConfigKeys (ConfUtils.java:logGet(46)) - raft.server.storage.free-space.min = 0MB (=0) (default)
2023-03-23 08:06:41,011 [pool-407-thread-1] INFO  server.RaftServerConfigKeys (ConfUtils.java:logGet(46)) - raft.server.notification.no-leader.timeout = 300s (custom)
2023-03-23 08:06:41,011 [pool-407-thread-1] INFO  server.RaftServerConfigKeys (ConfUtils.java:logGet(46)) - raft.server.retrycache.expirytime = 600000ms (custom)
2023-03-23 08:06:41,011 [pool-407-thread-1] INFO  server.RaftServerConfigKeys (ConfUtils.java:logGet(46)) - raft.server.retrycache.statistics.expirytime = 100μs (default)
2023-03-23 08:06:41,011 [pool-407-thread-1] INFO  server.RaftServerConfigKeys (ConfUtils.java:logGet(46)) - raft.server.log.appender.install.snapshot.enabled = false (custom)
2023-03-23 08:06:41,011 [pool-407-thread-1] INFO  server.RaftServerConfigKeys (ConfUtils.java:logGet(46)) - raft.server.threadpool.server.cached = true (default)
2023-03-23 08:06:41,011 [pool-407-thread-1] INFO  server.RaftServerConfigKeys (ConfUtils.java:logGet(46)) - raft.server.threadpool.server.size = 0 (default)
2023-03-23 08:06:41,011 [pool-407-thread-1] INFO  server.RaftServerConfigKeys (ConfUtils.java:logGet(46)) - raft.server.threadpool.client.cached = true (default)
2023-03-23 08:06:41,011 [pool-407-thread-1] INFO  server.RaftServerConfigKeys (ConfUtils.java:logGet(46)) - raft.server.threadpool.client.size = 0 (default)
2023-03-23 08:06:41,012 [pool-407-thread-1] INFO  storage.RaftStorageDirectory (RaftStorageDirectoryImpl.java:analyzeStorage(137)) - The storage directory /home/runner/work/ozone/ozone/hadoop-ozone/integration-test/target/test-dir/MiniOzoneClusterImpl-83429495-af89-4435-a907-dab059fcfd42/datanode-2/data/ratis/cc7e45dc-4708-4202-abb8-4bd3e808ca20 does not exist. Creating ...
2023-03-23 08:06:41,014 [pool-407-thread-1] INFO  storage.RaftStorageDirectory (RaftStorageDirectoryImpl.java:tryLock(231)) - Lock on /home/runner/work/ozone/ozone/hadoop-ozone/integration-test/target/test-dir/MiniOzoneClusterImpl-83429495-af89-4435-a907-dab059fcfd42/datanode-2/data/ratis/cc7e45dc-4708-4202-abb8-4bd3e808ca20/in_use.lock acquired by nodename 6812@fv-az105-497
2023-03-23 08:06:41,016 [pool-407-thread-1] INFO  storage.RaftStorage (RaftStorageImpl.java:format(96)) - Storage directory /home/runner/work/ozone/ozone/hadoop-ozone/integration-test/target/test-dir/MiniOzoneClusterImpl-83429495-af89-4435-a907-dab059fcfd42/datanode-2/data/ratis/cc7e45dc-4708-4202-abb8-4bd3e808ca20 has been successfully formatted.
2023-03-23 08:06:41,016 [pool-407-thread-1] INFO  ratis.ContainerStateMachine (ContainerStateMachine.java:loadSnapshot(262)) - group-4BD3E808CA20: The snapshot info is null. Setting the last applied indexto:(t:0, i:~)
2023-03-23 08:06:41,016 [pool-407-thread-1] INFO  server.RaftServerConfigKeys (ConfUtils.java:logGet(46)) - raft.server.log.use.memory = false (default)
2023-03-23 08:06:41,016 [pool-407-thread-1] INFO  server.RaftServerConfigKeys (ConfUtils.java:logGet(46)) - raft.server.log.purge.gap = 1000000 (custom)
2023-03-23 08:06:41,017 [pool-407-thread-1] INFO  server.RaftServerConfigKeys (ConfUtils.java:logGet(46)) - raft.server.log.appender.buffer.byte-limit = 33554432 (custom)
2023-03-23 08:06:41,017 [pool-407-thread-1] INFO  server.RaftServerConfigKeys (ConfUtils.java:logGet(46)) - raft.server.log.statemachine.data.read.timeout = 1000ms (default)
2023-03-23 08:06:41,017 [pool-407-thread-1] INFO  server.RaftServerConfigKeys (ConfUtils.java:logGet(46)) - raft.server.log.purge.preservation.log.num = 0 (default)
2023-03-23 08:06:41,017 [pool-407-thread-1] INFO  server.RaftServerConfigKeys (ConfUtils.java:logGet(46)) - raft.server.log.segment.size.max = 1048576 (custom)
2023-03-23 08:06:41,017 [pool-407-thread-1] INFO  server.RaftServerConfigKeys (ConfUtils.java:logGet(46)) - raft.server.log.segment.cache.num.max = 2 (custom)
2023-03-23 08:06:41,017 [pool-407-thread-1] INFO  server.RaftServerConfigKeys (ConfUtils.java:logGet(46)) - raft.server.log.segment.cache.size.max = 200MB (=209715200) (default)
2023-03-23 08:06:41,017 [pool-407-thread-1] INFO  segmented.SegmentedRaftLogWorker (SegmentedRaftLogWorker.java:<init>(189)) - new 2b202a02-6273-4262-ac40-cc676055620c@group-4BD3E808CA20-SegmentedRaftLogWorker for RaftStorageImpl:Storage Directory /home/runner/work/ozone/ozone/hadoop-ozone/integration-test/target/test-dir/MiniOzoneClusterImpl-83429495-af89-4435-a907-dab059fcfd42/datanode-2/data/ratis/cc7e45dc-4708-4202-abb8-4bd3e808ca20
2023-03-23 08:06:41,017 [pool-407-thread-1] INFO  server.RaftServerConfigKeys (ConfUtils.java:logGet(46)) - raft.server.log.queue.byte-limit = 4294967296 (custom)
2023-03-23 08:06:41,018 [pool-407-thread-1] INFO  server.RaftServerConfigKeys (ConfUtils.java:logGet(46)) - raft.server.log.queue.element-limit = 1024 (custom)
2023-03-23 08:06:41,018 [pool-407-thread-1] INFO  server.RaftServerConfigKeys (ConfUtils.java:logGet(46)) - raft.server.log.segment.size.max = 1048576 (custom)
2023-03-23 08:06:41,018 [pool-407-thread-1] INFO  server.RaftServerConfigKeys (ConfUtils.java:logGet(46)) - raft.server.log.preallocated.size = 16384 (custom)
2023-03-23 08:06:41,018 [pool-407-thread-1] INFO  server.RaftServerConfigKeys (ConfUtils.java:logGet(46)) - raft.server.log.force.sync.num = 128 (default)
2023-03-23 08:06:41,018 [pool-407-thread-1] INFO  server.RaftServerConfigKeys (ConfUtils.java:logGet(46)) - raft.server.log.statemachine.data.sync = true (default)
2023-03-23 08:06:41,018 [pool-407-thread-1] INFO  server.RaftServerConfigKeys (ConfUtils.java:logGet(46)) - raft.server.log.statemachine.data.sync.timeout = 10s (default)
2023-03-23 08:06:41,018 [pool-407-thread-1] INFO  server.RaftServerConfigKeys (ConfUtils.java:logGet(46)) - raft.server.log.statemachine.data.sync.timeout.retry = -1 (default)
2023-03-23 08:06:41,022 [pool-407-thread-1] INFO  server.RaftServerConfigKeys (ConfUtils.java:logGet(46)) - raft.server.log.write.buffer.size = 1048576 (custom)
2023-03-23 08:06:41,022 [pool-407-thread-1] INFO  server.RaftServerConfigKeys (ConfUtils.java:logGet(46)) - raft.server.log.appender.buffer.byte-limit = 33554432 (custom)
2023-03-23 08:06:41,024 [BlockDeletingService#7] INFO  interfaces.ContainerDeletionChoosingPolicyTemplate (ContainerDeletionChoosingPolicyTemplate.java:chooseContainerForBlockDeletion(83)) - Chosen 0/5000 blocks from 0 candidate containers.
2023-03-23 08:06:41,030 [BlockDeletingService#2] INFO  interfaces.ContainerDeletionChoosingPolicyTemplate (ContainerDeletionChoosingPolicyTemplate.java:chooseContainerForBlockDeletion(83)) - Chosen 0/5000 blocks from 0 candidate containers.
2023-03-23 08:06:41,030 [pool-407-thread-1] INFO  server.RaftServerConfigKeys (ConfUtils.java:logGet(46)) - raft.server.log.unsafe-flush.enabled = false (default)
2023-03-23 08:06:41,030 [pool-407-thread-1] INFO  server.RaftServerConfigKeys (ConfUtils.java:logGet(46)) - raft.server.log.async-flush.enabled = false (default)
2023-03-23 08:06:41,030 [pool-407-thread-1] INFO  server.RaftServerConfigKeys (ConfUtils.java:logGet(46)) - raft.server.log.statemachine.data.caching.enabled = true (custom)
2023-03-23 08:06:41,030 [pool-407-thread-1] INFO  segmented.SegmentedRaftLogWorker (SegmentedRaftLogWorker.java:lambda$new$0(135)) - 2b202a02-6273-4262-ac40-cc676055620c@group-4BD3E808CA20-SegmentedRaftLogWorker: flushIndex: setUnconditionally 0 -> -1
2023-03-23 08:06:41,030 [pool-407-thread-1] INFO  segmented.SegmentedRaftLogWorker (SegmentedRaftLogWorker.java:lambda$new$0(135)) - 2b202a02-6273-4262-ac40-cc676055620c@group-4BD3E808CA20-SegmentedRaftLogWorker: safeCacheEvictIndex: setUnconditionally 0 -> -1
2023-03-23 08:06:41,031 [pool-407-thread-1] INFO  server.RaftServer$Division (RaftServerImpl.java:start(334)) - 2b202a02-6273-4262-ac40-cc676055620c@group-4BD3E808CA20: start as a follower, conf=-1: peers:[9852ed25-ff4d-4e5e-8bb3-2709f3d2ddbb|rpc:10.1.0.214:42709|dataStream:10.1.0.214:41309|priority:0|startupRole:FOLLOWER, 2b202a02-6273-4262-ac40-cc676055620c|rpc:10.1.0.214:46245|dataStream:10.1.0.214:42641|priority:0|startupRole:FOLLOWER, 0838c789-5be6-4b53-844e-73c82c080a18|rpc:10.1.0.214:41851|dataStream:10.1.0.214:40921|priority:1|startupRole:FOLLOWER]|listeners:[], old=null
2023-03-23 08:06:41,031 [pool-407-thread-1] INFO  server.RaftServer$Division (RaftServerImpl.java:setRole(321)) - 2b202a02-6273-4262-ac40-cc676055620c@group-4BD3E808CA20: changes role from      null to FOLLOWER at term 0 for startAsFollower
2023-03-23 08:06:41,031 [pool-407-thread-1] INFO  impl.RoleInfo (RoleInfo.java:updateAndGet(139)) - 2b202a02-6273-4262-ac40-cc676055620c: start 2b202a02-6273-4262-ac40-cc676055620c@group-4BD3E808CA20-FollowerState
2023-03-23 08:06:41,031 [pool-407-thread-1] INFO  util.JmxRegister (JmxRegister.java:tryRegister(44)) - Successfully registered JMX Bean with object name Ratis:service=RaftServer,group=group-4BD3E808CA20,id=2b202a02-6273-4262-ac40-cc676055620c
2023-03-23 08:06:41,031 [pool-407-thread-1] INFO  server.RaftServerConfigKeys (ConfUtils.java:logGet(46)) - raft.server.snapshot.auto.trigger.enabled = true (custom)
2023-03-23 08:06:41,031 [pool-407-thread-1] INFO  server.RaftServerConfigKeys (ConfUtils.java:logGet(46)) - raft.server.snapshot.auto.trigger.threshold = 10000 (custom)
2023-03-23 08:06:41,031 [pool-407-thread-1] INFO  server.RaftServerConfigKeys (ConfUtils.java:logGet(46)) - raft.server.snapshot.retention.file.num = 5 (custom)
2023-03-23 08:06:41,031 [pool-407-thread-1] INFO  server.RaftServerConfigKeys (ConfUtils.java:logGet(46)) - raft.server.log.purge.upto.snapshot.index = false (default)
2023-03-23 08:06:41,032 [2b202a02-6273-4262-ac40-cc676055620c@group-4BD3E808CA20-FollowerState] INFO  server.RaftServerConfigKeys (ConfUtils.java:logFallback(53)) - raft.server.rpc.first-election.timeout.min = 5s (fallback to raft.server.rpc.timeout.min)
2023-03-23 08:06:41,038 [2b202a02-6273-4262-ac40-cc676055620c@group-4BD3E808CA20-FollowerState] INFO  server.RaftServerConfigKeys (ConfUtils.java:logFallback(53)) - raft.server.rpc.first-election.timeout.max = 5200ms (fallback to raft.server.rpc.timeout.max)
2023-03-23 08:06:41,055 [grpc-default-executor-0] INFO  server.RaftServer (RaftServerProxy.java:addNew(96)) - 0838c789-5be6-4b53-844e-73c82c080a18: addNew group-4BD3E808CA20:[9852ed25-ff4d-4e5e-8bb3-2709f3d2ddbb|rpc:10.1.0.214:42709|dataStream:10.1.0.214:41309|priority:0|startupRole:FOLLOWER, 2b202a02-6273-4262-ac40-cc676055620c|rpc:10.1.0.214:46245|dataStream:10.1.0.214:42641|priority:0|startupRole:FOLLOWER, 0838c789-5be6-4b53-844e-73c82c080a18|rpc:10.1.0.214:41851|dataStream:10.1.0.214:40921|priority:1|startupRole:FOLLOWER] returns group-4BD3E808CA20:java.util.concurrent.CompletableFuture@56c470bd[Not completed]
2023-03-23 08:06:41,056 [pool-454-thread-1] INFO  server.RaftServer$Division (RaftServerImpl.java:<init>(195)) - 0838c789-5be6-4b53-844e-73c82c080a18: new RaftServerImpl for group-4BD3E808CA20:[9852ed25-ff4d-4e5e-8bb3-2709f3d2ddbb|rpc:10.1.0.214:42709|dataStream:10.1.0.214:41309|priority:0|startupRole:FOLLOWER, 2b202a02-6273-4262-ac40-cc676055620c|rpc:10.1.0.214:46245|dataStream:10.1.0.214:42641|priority:0|startupRole:FOLLOWER, 0838c789-5be6-4b53-844e-73c82c080a18|rpc:10.1.0.214:41851|dataStream:10.1.0.214:40921|priority:1|startupRole:FOLLOWER] with ContainerStateMachine:uninitialized
2023-03-23 08:06:41,056 [pool-454-thread-1] INFO  server.RaftServerConfigKeys (ConfUtils.java:logGet(46)) - raft.server.rpc.timeout.min = 5s (custom)
2023-03-23 08:06:41,056 [pool-454-thread-1] INFO  server.RaftServerConfigKeys (ConfUtils.java:logGet(46)) - raft.server.rpc.timeout.max = 5200ms (custom)
2023-03-23 08:06:41,056 [pool-454-thread-1] INFO  server.RaftServerConfigKeys (ConfUtils.java:logGet(46)) - raft.server.rpc.sleep.time = 25ms (default)
2023-03-23 08:06:41,056 [pool-454-thread-1] INFO  server.RaftServerConfigKeys (ConfUtils.java:logGet(46)) - raft.server.rpc.slowness.timeout = 300s (custom)
2023-03-23 08:06:41,057 [pool-454-thread-1] INFO  server.RaftServerConfigKeys (ConfUtils.java:logGet(46)) - raft.server.leaderelection.leader.step-down.wait-time = 10s (default)
2023-03-23 08:06:41,057 [pool-454-thread-1] INFO  server.RaftServerConfigKeys (ConfUtils.java:logGet(46)) - raft.server.sleep.deviation.threshold = 300ms (default)
2023-03-23 08:06:41,057 [pool-454-thread-1] INFO  server.RaftServer$Division (ServerState.java:<init>(118)) - 0838c789-5be6-4b53-844e-73c82c080a18@group-4BD3E808CA20: ConfigurationManager, init=-1: peers:[9852ed25-ff4d-4e5e-8bb3-2709f3d2ddbb|rpc:10.1.0.214:42709|dataStream:10.1.0.214:41309|priority:0|startupRole:FOLLOWER, 2b202a02-6273-4262-ac40-cc676055620c|rpc:10.1.0.214:46245|dataStream:10.1.0.214:42641|priority:0|startupRole:FOLLOWER, 0838c789-5be6-4b53-844e-73c82c080a18|rpc:10.1.0.214:41851|dataStream:10.1.0.214:40921|priority:1|startupRole:FOLLOWER]|listeners:[], old=null, confs=<EMPTY_MAP>
2023-03-23 08:06:41,057 [pool-454-thread-1] INFO  server.RaftServerConfigKeys (ConfUtils.java:logGet(46)) - raft.server.storage.dir = [/home/runner/work/ozone/ozone/hadoop-ozone/integration-test/target/test-dir/MiniOzoneClusterImpl-83429495-af89-4435-a907-dab059fcfd42/datanode-0/data/ratis] (custom)
2023-03-23 08:06:41,057 [pool-454-thread-1] INFO  server.RaftServerConfigKeys (ConfUtils.java:logGet(46)) - raft.server.log.corruption.policy = EXCEPTION (default)
2023-03-23 08:06:41,057 [pool-454-thread-1] INFO  server.RaftServerConfigKeys (ConfUtils.java:logGet(46)) - raft.server.storage.free-space.min = 0MB (=0) (default)
2023-03-23 08:06:41,058 [pool-454-thread-1] INFO  server.RaftServerConfigKeys (ConfUtils.java:logGet(46)) - raft.server.notification.no-leader.timeout = 300s (custom)
2023-03-23 08:06:41,058 [pool-454-thread-1] INFO  server.RaftServerConfigKeys (ConfUtils.java:logGet(46)) - raft.server.retrycache.expirytime = 600000ms (custom)
2023-03-23 08:06:41,058 [pool-454-thread-1] INFO  server.RaftServerConfigKeys (ConfUtils.java:logGet(46)) - raft.server.retrycache.statistics.expirytime = 100μs (default)
2023-03-23 08:06:41,058 [pool-454-thread-1] INFO  server.RaftServerConfigKeys (ConfUtils.java:logGet(46)) - raft.server.log.appender.install.snapshot.enabled = false (custom)
2023-03-23 08:06:41,058 [pool-454-thread-1] INFO  server.RaftServerConfigKeys (ConfUtils.java:logGet(46)) - raft.server.threadpool.server.cached = true (default)
2023-03-23 08:06:41,058 [pool-454-thread-1] INFO  server.RaftServerConfigKeys (ConfUtils.java:logGet(46)) - raft.server.threadpool.server.size = 0 (default)
2023-03-23 08:06:41,058 [pool-454-thread-1] INFO  server.RaftServerConfigKeys (ConfUtils.java:logGet(46)) - raft.server.threadpool.client.cached = true (default)
2023-03-23 08:06:41,059 [pool-454-thread-1] INFO  server.RaftServerConfigKeys (ConfUtils.java:logGet(46)) - raft.server.threadpool.client.size = 0 (default)
2023-03-23 08:06:41,059 [pool-454-thread-1] INFO  storage.RaftStorageDirectory (RaftStorageDirectoryImpl.java:analyzeStorage(137)) - The storage directory /home/runner/work/ozone/ozone/hadoop-ozone/integration-test/target/test-dir/MiniOzoneClusterImpl-83429495-af89-4435-a907-dab059fcfd42/datanode-0/data/ratis/cc7e45dc-4708-4202-abb8-4bd3e808ca20 does not exist. Creating ...
2023-03-23 08:06:41,060 [pool-454-thread-1] INFO  storage.RaftStorageDirectory (RaftStorageDirectoryImpl.java:tryLock(231)) - Lock on /home/runner/work/ozone/ozone/hadoop-ozone/integration-test/target/test-dir/MiniOzoneClusterImpl-83429495-af89-4435-a907-dab059fcfd42/datanode-0/data/ratis/cc7e45dc-4708-4202-abb8-4bd3e808ca20/in_use.lock acquired by nodename 6812@fv-az105-497
2023-03-23 08:06:41,062 [pool-454-thread-1] INFO  storage.RaftStorage (RaftStorageImpl.java:format(96)) - Storage directory /home/runner/work/ozone/ozone/hadoop-ozone/integration-test/target/test-dir/MiniOzoneClusterImpl-83429495-af89-4435-a907-dab059fcfd42/datanode-0/data/ratis/cc7e45dc-4708-4202-abb8-4bd3e808ca20 has been successfully formatted.
2023-03-23 08:06:41,062 [pool-454-thread-1] INFO  ratis.ContainerStateMachine (ContainerStateMachine.java:loadSnapshot(262)) - group-4BD3E808CA20: The snapshot info is null. Setting the last applied indexto:(t:0, i:~)
2023-03-23 08:06:41,062 [pool-454-thread-1] INFO  server.RaftServerConfigKeys (ConfUtils.java:logGet(46)) - raft.server.log.use.memory = false (default)
2023-03-23 08:06:41,065 [pool-454-thread-1] INFO  server.RaftServerConfigKeys (ConfUtils.java:logGet(46)) - raft.server.log.purge.gap = 1000000 (custom)
2023-03-23 08:06:41,065 [pool-454-thread-1] INFO  server.RaftServerConfigKeys (ConfUtils.java:logGet(46)) - raft.server.log.appender.buffer.byte-limit = 33554432 (custom)
2023-03-23 08:06:41,065 [pool-454-thread-1] INFO  server.RaftServerConfigKeys (ConfUtils.java:logGet(46)) - raft.server.log.statemachine.data.read.timeout = 1000ms (default)
2023-03-23 08:06:41,065 [pool-454-thread-1] INFO  server.RaftServerConfigKeys (ConfUtils.java:logGet(46)) - raft.server.log.purge.preservation.log.num = 0 (default)
2023-03-23 08:06:41,065 [pool-454-thread-1] INFO  server.RaftServerConfigKeys (ConfUtils.java:logGet(46)) - raft.server.log.segment.size.max = 1048576 (custom)
2023-03-23 08:06:41,065 [pool-454-thread-1] INFO  server.RaftServerConfigKeys (ConfUtils.java:logGet(46)) - raft.server.log.segment.cache.num.max = 2 (custom)
2023-03-23 08:06:41,065 [pool-454-thread-1] INFO  server.RaftServerConfigKeys (ConfUtils.java:logGet(46)) - raft.server.log.segment.cache.size.max = 200MB (=209715200) (default)
2023-03-23 08:06:41,065 [pool-454-thread-1] INFO  segmented.SegmentedRaftLogWorker (SegmentedRaftLogWorker.java:<init>(189)) - new 0838c789-5be6-4b53-844e-73c82c080a18@group-4BD3E808CA20-SegmentedRaftLogWorker for RaftStorageImpl:Storage Directory /home/runner/work/ozone/ozone/hadoop-ozone/integration-test/target/test-dir/MiniOzoneClusterImpl-83429495-af89-4435-a907-dab059fcfd42/datanode-0/data/ratis/cc7e45dc-4708-4202-abb8-4bd3e808ca20
2023-03-23 08:06:41,066 [pool-454-thread-1] INFO  server.RaftServerConfigKeys (ConfUtils.java:logGet(46)) - raft.server.log.queue.byte-limit = 4294967296 (custom)
2023-03-23 08:06:41,066 [pool-454-thread-1] INFO  server.RaftServerConfigKeys (ConfUtils.java:logGet(46)) - raft.server.log.queue.element-limit = 1024 (custom)
2023-03-23 08:06:41,066 [pool-454-thread-1] INFO  server.RaftServerConfigKeys (ConfUtils.java:logGet(46)) - raft.server.log.segment.size.max = 1048576 (custom)
2023-03-23 08:06:41,066 [pool-454-thread-1] INFO  server.RaftServerConfigKeys (ConfUtils.java:logGet(46)) - raft.server.log.preallocated.size = 16384 (custom)
2023-03-23 08:06:41,066 [pool-454-thread-1] INFO  server.RaftServerConfigKeys (ConfUtils.java:logGet(46)) - raft.server.log.force.sync.num = 128 (default)
2023-03-23 08:06:41,066 [pool-454-thread-1] INFO  server.RaftServerConfigKeys (ConfUtils.java:logGet(46)) - raft.server.log.statemachine.data.sync = true (default)
2023-03-23 08:06:41,066 [pool-454-thread-1] INFO  server.RaftServerConfigKeys (ConfUtils.java:logGet(46)) - raft.server.log.statemachine.data.sync.timeout = 10s (default)
2023-03-23 08:06:41,066 [pool-454-thread-1] INFO  server.RaftServerConfigKeys (ConfUtils.java:logGet(46)) - raft.server.log.statemachine.data.sync.timeout.retry = -1 (default)
2023-03-23 08:06:41,066 [pool-454-thread-1] INFO  server.RaftServerConfigKeys (ConfUtils.java:logGet(46)) - raft.server.log.write.buffer.size = 1048576 (custom)
2023-03-23 08:06:41,067 [pool-454-thread-1] INFO  server.RaftServerConfigKeys (ConfUtils.java:logGet(46)) - raft.server.log.appender.buffer.byte-limit = 33554432 (custom)
2023-03-23 08:06:41,068 [SCMBlockDeletingService#0] DEBUG block.SCMBlockDeletingService (SCMBlockDeletingService.java:call(136)) - Running DeletedBlockTransactionScanner
2023-03-23 08:06:41,073 [pool-454-thread-1] INFO  server.RaftServerConfigKeys (ConfUtils.java:logGet(46)) - raft.server.log.unsafe-flush.enabled = false (default)
2023-03-23 08:06:41,075 [pool-454-thread-1] INFO  server.RaftServerConfigKeys (ConfUtils.java:logGet(46)) - raft.server.log.async-flush.enabled = false (default)
2023-03-23 08:06:41,075 [pool-454-thread-1] INFO  server.RaftServerConfigKeys (ConfUtils.java:logGet(46)) - raft.server.log.statemachine.data.caching.enabled = true (custom)
2023-03-23 08:06:41,075 [pool-454-thread-1] INFO  segmented.SegmentedRaftLogWorker (SegmentedRaftLogWorker.java:lambda$new$0(135)) - 0838c789-5be6-4b53-844e-73c82c080a18@group-4BD3E808CA20-SegmentedRaftLogWorker: flushIndex: setUnconditionally 0 -> -1
2023-03-23 08:06:41,075 [pool-454-thread-1] INFO  segmented.SegmentedRaftLogWorker (SegmentedRaftLogWorker.java:lambda$new$0(135)) - 0838c789-5be6-4b53-844e-73c82c080a18@group-4BD3E808CA20-SegmentedRaftLogWorker: safeCacheEvictIndex: setUnconditionally 0 -> -1
2023-03-23 08:06:41,076 [pool-454-thread-1] INFO  server.RaftServer$Division (RaftServerImpl.java:start(334)) - 0838c789-5be6-4b53-844e-73c82c080a18@group-4BD3E808CA20: start as a follower, conf=-1: peers:[9852ed25-ff4d-4e5e-8bb3-2709f3d2ddbb|rpc:10.1.0.214:42709|dataStream:10.1.0.214:41309|priority:0|startupRole:FOLLOWER, 2b202a02-6273-4262-ac40-cc676055620c|rpc:10.1.0.214:46245|dataStream:10.1.0.214:42641|priority:0|startupRole:FOLLOWER, 0838c789-5be6-4b53-844e-73c82c080a18|rpc:10.1.0.214:41851|dataStream:10.1.0.214:40921|priority:1|startupRole:FOLLOWER]|listeners:[], old=null
2023-03-23 08:06:41,076 [pool-454-thread-1] INFO  server.RaftServer$Division (RaftServerImpl.java:setRole(321)) - 0838c789-5be6-4b53-844e-73c82c080a18@group-4BD3E808CA20: changes role from      null to FOLLOWER at term 0 for startAsFollower
2023-03-23 08:06:41,076 [pool-454-thread-1] INFO  impl.RoleInfo (RoleInfo.java:updateAndGet(139)) - 0838c789-5be6-4b53-844e-73c82c080a18: start 0838c789-5be6-4b53-844e-73c82c080a18@group-4BD3E808CA20-FollowerState
2023-03-23 08:06:41,077 [pool-454-thread-1] INFO  util.JmxRegister (JmxRegister.java:tryRegister(44)) - Successfully registered JMX Bean with object name Ratis:service=RaftServer,group=group-4BD3E808CA20,id=0838c789-5be6-4b53-844e-73c82c080a18
2023-03-23 08:06:41,077 [0838c789-5be6-4b53-844e-73c82c080a18@group-4BD3E808CA20-FollowerState] INFO  server.RaftServerConfigKeys (ConfUtils.java:logFallback(53)) - raft.server.rpc.first-election.timeout.min = 5s (fallback to raft.server.rpc.timeout.min)
2023-03-23 08:06:41,078 [0838c789-5be6-4b53-844e-73c82c080a18@group-4BD3E808CA20-FollowerState] INFO  server.RaftServerConfigKeys (ConfUtils.java:logFallback(53)) - raft.server.rpc.first-election.timeout.max = 5200ms (fallback to raft.server.rpc.timeout.max)
2023-03-23 08:06:41,077 [pool-454-thread-1] INFO  server.RaftServerConfigKeys (ConfUtils.java:logGet(46)) - raft.server.snapshot.auto.trigger.enabled = true (custom)
2023-03-23 08:06:41,079 [pool-454-thread-1] INFO  server.RaftServerConfigKeys (ConfUtils.java:logGet(46)) - raft.server.snapshot.auto.trigger.threshold = 10000 (custom)
2023-03-23 08:06:41,079 [pool-454-thread-1] INFO  server.RaftServerConfigKeys (ConfUtils.java:logGet(46)) - raft.server.snapshot.retention.file.num = 5 (custom)
2023-03-23 08:06:41,079 [pool-454-thread-1] INFO  server.RaftServerConfigKeys (ConfUtils.java:logGet(46)) - raft.server.log.purge.upto.snapshot.index = false (default)
2023-03-23 08:06:41,085 [Command processor thread] INFO  commandhandler.CreatePipelineCommandHandler (CreatePipelineCommandHandler.java:handle(113)) - Created Pipeline RATIS THREE PipelineID=cc7e45dc-4708-4202-abb8-4bd3e808ca20.
2023-03-23 08:06:41,104 [BlockDeletingService#6] INFO  interfaces.ContainerDeletionChoosingPolicyTemplate (ContainerDeletionChoosingPolicyTemplate.java:chooseContainerForBlockDeletion(83)) - Chosen 0/5000 blocks from 0 candidate containers.
2023-03-23 08:06:41,130 [BlockDeletingService#7] INFO  interfaces.ContainerDeletionChoosingPolicyTemplate (ContainerDeletionChoosingPolicyTemplate.java:chooseContainerForBlockDeletion(83)) - Chosen 0/5000 blocks from 0 candidate containers.
2023-03-23 08:06:41,130 [BlockDeletingService#2] INFO  interfaces.ContainerDeletionChoosingPolicyTemplate (ContainerDeletionChoosingPolicyTemplate.java:chooseContainerForBlockDeletion(83)) - Chosen 0/5000 blocks from 0 candidate containers.
2023-03-23 08:06:41,168 [SCMBlockDeletingService#0] DEBUG block.SCMBlockDeletingService (SCMBlockDeletingService.java:call(136)) - Running DeletedBlockTransactionScanner
2023-03-23 08:06:41,204 [BlockDeletingService#6] INFO  interfaces.ContainerDeletionChoosingPolicyTemplate (ContainerDeletionChoosingPolicyTemplate.java:chooseContainerForBlockDeletion(83)) - Chosen 0/5000 blocks from 0 candidate containers.
2023-03-23 08:06:41,230 [BlockDeletingService#7] INFO  interfaces.ContainerDeletionChoosingPolicyTemplate (ContainerDeletionChoosingPolicyTemplate.java:chooseContainerForBlockDeletion(83)) - Chosen 0/5000 blocks from 0 candidate containers.
2023-03-23 08:06:41,230 [BlockDeletingService#2] INFO  interfaces.ContainerDeletionChoosingPolicyTemplate (ContainerDeletionChoosingPolicyTemplate.java:chooseContainerForBlockDeletion(83)) - Chosen 0/5000 blocks from 0 candidate containers.
2023-03-23 08:06:41,268 [SCMBlockDeletingService#0] DEBUG block.SCMBlockDeletingService (SCMBlockDeletingService.java:call(136)) - Running DeletedBlockTransactionScanner
2023-03-23 08:06:41,304 [BlockDeletingService#6] INFO  interfaces.ContainerDeletionChoosingPolicyTemplate (ContainerDeletionChoosingPolicyTemplate.java:chooseContainerForBlockDeletion(83)) - Chosen 0/5000 blocks from 0 candidate containers.
2023-03-23 08:06:41,330 [BlockDeletingService#7] INFO  interfaces.ContainerDeletionChoosingPolicyTemplate (ContainerDeletionChoosingPolicyTemplate.java:chooseContainerForBlockDeletion(83)) - Chosen 0/5000 blocks from 0 candidate containers.
2023-03-23 08:06:41,330 [BlockDeletingService#2] INFO  interfaces.ContainerDeletionChoosingPolicyTemplate (ContainerDeletionChoosingPolicyTemplate.java:chooseContainerForBlockDeletion(83)) - Chosen 0/5000 blocks from 0 candidate containers.
2023-03-23 08:06:41,368 [SCMBlockDeletingService#0] DEBUG block.SCMBlockDeletingService (SCMBlockDeletingService.java:call(136)) - Running DeletedBlockTransactionScanner
2023-03-23 08:06:41,404 [BlockDeletingService#6] INFO  interfaces.ContainerDeletionChoosingPolicyTemplate (ContainerDeletionChoosingPolicyTemplate.java:chooseContainerForBlockDeletion(83)) - Chosen 0/5000 blocks from 0 candidate containers.
2023-03-23 08:06:41,431 [BlockDeletingService#2] INFO  interfaces.ContainerDeletionChoosingPolicyTemplate (ContainerDeletionChoosingPolicyTemplate.java:chooseContainerForBlockDeletion(83)) - Chosen 0/5000 blocks from 0 candidate containers.
2023-03-23 08:06:41,431 [BlockDeletingService#7] INFO  interfaces.ContainerDeletionChoosingPolicyTemplate (ContainerDeletionChoosingPolicyTemplate.java:chooseContainerForBlockDeletion(83)) - Chosen 0/5000 blocks from 0 candidate containers.
2023-03-23 08:06:41,459 [Listener at 127.0.0.1/46681] INFO  ozone.MiniOzoneClusterImpl (MiniOzoneClusterImpl.java:lambda$waitForClusterToBeReady$0(222)) - Nodes are ready. Got 3 of 3 DN Heartbeats.
2023-03-23 08:06:41,459 [Listener at 127.0.0.1/46681] INFO  ozone.MiniOzoneClusterImpl (MiniOzoneClusterImpl.java:lambda$waitForClusterToBeReady$0(225)) - Cluster exits safe mode
2023-03-23 08:06:41,459 [Listener at 127.0.0.1/46681] INFO  ozone.MiniOzoneClusterImpl (MiniOzoneClusterImpl.java:lambda$waitForClusterToBeReady$0(227)) - SCM became leader
2023-03-23 08:06:41,460 [Listener at 127.0.0.1/46681] INFO  commandhandler.TestBlockDeletion (TestBlockDeletion.java:testBlockDeletion(293)) - numBlockDeletionTransactionCreated = 6	numBlockDeletionTransactionCompleted = 6	numBlockDeletionCommandSent = 33	numBlockDeletionCommandSuccess = 30	numBlockDeletionCommandFailure = 0	numBlockDeletionTransactionSent = 186	numBlockDeletionTransactionSuccess = 168	numBlockDeletionTransactionFailure = 0
2023-03-23 08:06:41,468 [SCMBlockDeletingService#0] DEBUG block.SCMBlockDeletingService (SCMBlockDeletingService.java:call(136)) - Running DeletedBlockTransactionScanner
2023-03-23 08:06:41,472 [Listener at 127.0.0.1/46681] INFO  ozone.MiniOzoneClusterImpl (MiniOzoneClusterImpl.java:shutdown(455)) - Shutting down the Mini Ozone Cluster
2023-03-23 08:06:41,472 [Listener at 127.0.0.1/46681] INFO  ozone.MiniOzoneClusterImpl (MiniOzoneClusterImpl.java:stop(471)) - Stopping the Mini Ozone Cluster
2023-03-23 08:06:41,472 [Listener at 127.0.0.1/46681] INFO  ozone.MiniOzoneClusterImpl (MiniOzoneClusterImpl.java:stopOM(553)) - Stopping the OzoneManager
2023-03-23 08:06:41,472 [Listener at 127.0.0.1/46681] INFO  om.OzoneManager (OzoneManager.java:stop(2155)) - om1[localhost:0]: Stopping Ozone Manager
2023-03-23 08:06:41,473 [Listener at 127.0.0.1/46681] INFO  ipc.Server (Server.java:stop(3428)) - Stopping server on 46681
2023-03-23 08:06:41,485 [IPC Server Responder] INFO  ipc.Server (Server.java:run(1517)) - Stopping IPC Server Responder
2023-03-23 08:06:41,485 [IPC Server listener on 0] INFO  ipc.Server (Server.java:run(1384)) - Stopping IPC Server listener on 0
2023-03-23 08:06:41,485 [Listener at 127.0.0.1/46681] INFO  server.RaftServer (RaftServerProxy.java:lambda$close$6(409)) - om1: close
2023-03-23 08:06:41,486 [Listener at 127.0.0.1/46681] INFO  server.GrpcService (GrpcService.java:closeImpl(271)) - om1: shutdown server GrpcServerProtocolService now
2023-03-23 08:06:41,486 [om1-impl-thread1] INFO  server.RaftServer$Division (RaftServerImpl.java:lambda$close$4(458)) - om1@group-C5BA1605619E: shutdown
2023-03-23 08:06:41,486 [om1-impl-thread1] INFO  util.JmxRegister (JmxRegister.java:unregister(73)) - Successfully un-registered JMX Bean with object name Ratis:service=RaftServer,group=group-C5BA1605619E,id=om1
2023-03-23 08:06:41,486 [om1-impl-thread1] INFO  impl.RoleInfo (RoleInfo.java:shutdownLeaderState(93)) - om1: shutdown om1@group-C5BA1605619E-LeaderStateImpl
2023-03-23 08:06:41,486 [om1-impl-thread1] INFO  impl.PendingRequests (PendingRequests.java:sendNotLeaderResponses(282)) - om1@group-C5BA1605619E-PendingRequests: sendNotLeaderResponses
2023-03-23 08:06:41,487 [om1-impl-thread1] INFO  impl.StateMachineUpdater (StateMachineUpdater.java:stopAndJoin(153)) - om1@group-C5BA1605619E-StateMachineUpdater: set stopIndex = 22
2023-03-23 08:06:41,487 [om1@group-C5BA1605619E-StateMachineUpdater] INFO  ratis.OzoneManagerStateMachine (OzoneManagerStateMachine.java:takeSnapshot(445)) - Current Snapshot Index (t:1, i:22)
2023-03-23 08:06:41,488 [Listener at 127.0.0.1/46681] INFO  server.GrpcService (GrpcService.java:closeImpl(280)) - om1: shutdown server GrpcServerProtocolService successfully
2023-03-23 08:06:41,505 [BlockDeletingService#6] INFO  interfaces.ContainerDeletionChoosingPolicyTemplate (ContainerDeletionChoosingPolicyTemplate.java:chooseContainerForBlockDeletion(83)) - Chosen 0/5000 blocks from 0 candidate containers.
2023-03-23 08:06:41,513 [om1@group-C5BA1605619E-StateMachineUpdater] INFO  impl.StateMachineUpdater (StateMachineUpdater.java:takeSnapshot(287)) - om1@group-C5BA1605619E-StateMachineUpdater: Took a snapshot at index 22
2023-03-23 08:06:41,513 [om1@group-C5BA1605619E-StateMachineUpdater] INFO  impl.StateMachineUpdater (StateMachineUpdater.java:lambda$new$0(92)) - om1@group-C5BA1605619E-StateMachineUpdater: snapshotIndex: updateIncreasingly -1 -> 22
2023-03-23 08:06:41,513 [om1@group-C5BA1605619E-StateMachineUpdater] INFO  ratis.OzoneManagerStateMachine (OzoneManagerStateMachine.java:close(499)) - StateMachine has shutdown. Shutdown OzoneManager if not already shutdown.
2023-03-23 08:06:41,513 [om1@group-C5BA1605619E-StateMachineUpdater] INFO  ratis.OzoneManagerDoubleBuffer (OzoneManagerDoubleBuffer.java:stopDaemon(540)) - Stopping OMDoubleBuffer flush thread
2023-03-23 08:06:41,514 [OMDoubleBufferFlushThread] INFO  ratis.OzoneManagerDoubleBuffer (OzoneManagerDoubleBuffer.java:canFlush(625)) - OMDoubleBuffer flush thread OMDoubleBufferFlushThread is interrupted and will exit.
2023-03-23 08:06:41,515 [om1-impl-thread1] INFO  server.RaftServer$Division (ServerState.java:close(466)) - om1@group-C5BA1605619E: closes. applyIndex: 22
2023-03-23 08:06:41,515 [om1@group-C5BA1605619E-SegmentedRaftLogWorker] INFO  segmented.SegmentedRaftLogWorker (SegmentedRaftLogWorker.java:run(347)) - om1@group-C5BA1605619E-SegmentedRaftLogWorker was interrupted, exiting. There are 0 tasks remaining in the queue.
2023-03-23 08:06:41,516 [om1-impl-thread1] INFO  segmented.SegmentedRaftLogWorker (SegmentedRaftLogWorker.java:close(257)) - om1@group-C5BA1605619E-SegmentedRaftLogWorker close()
2023-03-23 08:06:41,517 [JvmPauseMonitor8] INFO  util.JvmPauseMonitor (JvmPauseMonitor.java:run(111)) - JvmPauseMonitor-om1: Stopped
2023-03-23 08:06:41,517 [Listener at 127.0.0.1/46681] INFO  ratis.OzoneManagerStateMachine (OzoneManagerStateMachine.java:close(499)) - StateMachine has shutdown. Shutdown OzoneManager if not already shutdown.
2023-03-23 08:06:41,518 [Listener at 127.0.0.1/46681] INFO  ratis.OzoneManagerDoubleBuffer (OzoneManagerDoubleBuffer.java:stopDaemon(549)) - OMDoubleBuffer flush thread is not running.
2023-03-23 08:06:41,518 [Listener at 127.0.0.1/46681] INFO  utils.BackgroundService (BackgroundService.java:shutdown(141)) - Shutting down service KeyDeletingService
2023-03-23 08:06:41,518 [Listener at 127.0.0.1/46681] INFO  utils.BackgroundService (BackgroundService.java:shutdown(141)) - Shutting down service DirectoryDeletingService
2023-03-23 08:06:41,519 [Listener at 127.0.0.1/46681] INFO  utils.BackgroundService (BackgroundService.java:shutdown(141)) - Shutting down service OpenKeyCleanupService
2023-03-23 08:06:41,519 [Listener at 127.0.0.1/46681] INFO  utils.BackgroundService (BackgroundService.java:shutdown(141)) - Shutting down service SstFilteringService
2023-03-23 08:06:41,519 [Listener at 127.0.0.1/46681] INFO  utils.BackgroundService (BackgroundService.java:shutdown(141)) - Shutting down service SnapshotDeletingService
2023-03-23 08:06:41,520 [Listener at 127.0.0.1/46681] INFO  handler.ContextHandler (ContextHandler.java:doStop(1159)) - Stopped o.e.j.w.WebAppContext@53b5ad78{ozoneManager,/,null,STOPPED}{file:/home/runner/work/ozone/ozone/hadoop-ozone/integration-test/target/test-classes/webapps/ozoneManager}
2023-03-23 08:06:41,521 [Listener at 127.0.0.1/46681] INFO  server.AbstractConnector (AbstractConnector.java:doStop(383)) - Stopped ServerConnector@6c77afa7{HTTP/1.1, (http/1.1)}{0.0.0.0:0}
2023-03-23 08:06:41,521 [Listener at 127.0.0.1/46681] INFO  server.session (HouseKeeper.java:stopScavenging(149)) - node0 Stopped scavenging
2023-03-23 08:06:41,521 [Listener at 127.0.0.1/46681] INFO  handler.ContextHandler (ContextHandler.java:doStop(1159)) - Stopped o.e.j.s.ServletContextHandler@1a4c65af{static,/static,file:///home/runner/work/ozone/ozone/hadoop-ozone/integration-test/target/test-classes/webapps/static,STOPPED}
2023-03-23 08:06:41,521 [Listener at 127.0.0.1/46681] INFO  handler.ContextHandler (ContextHandler.java:doStop(1159)) - Stopped o.e.j.s.ServletContextHandler@3e32daad{logs,/logs,file:///home/runner/work/ozone/ozone/hadoop-ozone/integration-test/target/log,STOPPED}
2023-03-23 08:06:41,527 [Listener at 127.0.0.1/46681] INFO  ozone.MiniOzoneClusterImpl (MiniOzoneClusterImpl.java:stopDatanodes(530)) - Stopping the HddsDatanodes
2023-03-23 08:06:41,531 [ForkJoinPool.commonPool-worker-1] INFO  ozoneimpl.OzoneContainer (OzoneContainer.java:stop(423)) - Attempting to stop container services.
2023-03-23 08:06:41,531 [BlockDeletingService#7] INFO  interfaces.ContainerDeletionChoosingPolicyTemplate (ContainerDeletionChoosingPolicyTemplate.java:chooseContainerForBlockDeletion(83)) - Chosen 0/5000 blocks from 0 candidate containers.
2023-03-23 08:06:41,531 [BlockDeletingService#2] INFO  interfaces.ContainerDeletionChoosingPolicyTemplate (ContainerDeletionChoosingPolicyTemplate.java:chooseContainerForBlockDeletion(83)) - Chosen 0/5000 blocks from 0 candidate containers.
2023-03-23 08:06:41,531 [ForkJoinPool.commonPool-worker-1] INFO  server.RaftServer (RaftServerProxy.java:lambda$close$6(409)) - 0838c789-5be6-4b53-844e-73c82c080a18: close
2023-03-23 08:06:41,532 [0838c789-5be6-4b53-844e-73c82c080a18-impl-thread1] INFO  server.RaftServer$Division (RaftServerImpl.java:lambda$close$4(458)) - 0838c789-5be6-4b53-844e-73c82c080a18@group-FC8DF440C2CC: shutdown
2023-03-23 08:06:41,532 [0838c789-5be6-4b53-844e-73c82c080a18-impl-thread1] INFO  util.JmxRegister (JmxRegister.java:unregister(73)) - Successfully un-registered JMX Bean with object name Ratis:service=RaftServer,group=group-FC8DF440C2CC,id=0838c789-5be6-4b53-844e-73c82c080a18
2023-03-23 08:06:41,532 [0838c789-5be6-4b53-844e-73c82c080a18-impl-thread1] INFO  impl.RoleInfo (RoleInfo.java:shutdownFollowerState(110)) - 0838c789-5be6-4b53-844e-73c82c080a18: shutdown 0838c789-5be6-4b53-844e-73c82c080a18@group-FC8DF440C2CC-FollowerState
2023-03-23 08:06:41,532 [ForkJoinPool.commonPool-worker-1] INFO  server.GrpcService (GrpcService.java:closeImpl(271)) - 0838c789-5be6-4b53-844e-73c82c080a18: shutdown server GrpcServerProtocolService now
2023-03-23 08:06:41,532 [0838c789-5be6-4b53-844e-73c82c080a18-impl-thread1] INFO  impl.StateMachineUpdater (StateMachineUpdater.java:stopAndJoin(153)) - 0838c789-5be6-4b53-844e-73c82c080a18@group-FC8DF440C2CC-StateMachineUpdater: set stopIndex = 118
2023-03-23 08:06:41,532 [0838c789-5be6-4b53-844e-73c82c080a18@group-FC8DF440C2CC-FollowerState] INFO  impl.FollowerState (FollowerState.java:run(152)) - 0838c789-5be6-4b53-844e-73c82c080a18@group-FC8DF440C2CC-FollowerState was interrupted
2023-03-23 08:06:41,532 [0838c789-5be6-4b53-844e-73c82c080a18-impl-thread1] INFO  server.RaftServer$Division (ServerState.java:close(466)) - 0838c789-5be6-4b53-844e-73c82c080a18@group-FC8DF440C2CC: closes. applyIndex: 118
2023-03-23 08:06:41,532 [0838c789-5be6-4b53-844e-73c82c080a18@group-FC8DF440C2CC-SegmentedRaftLogWorker] INFO  segmented.SegmentedRaftLogWorker (SegmentedRaftLogWorker.java:run(347)) - 0838c789-5be6-4b53-844e-73c82c080a18@group-FC8DF440C2CC-SegmentedRaftLogWorker was interrupted, exiting. There are 0 tasks remaining in the queue.
2023-03-23 08:06:41,533 [0838c789-5be6-4b53-844e-73c82c080a18-impl-thread1] INFO  segmented.SegmentedRaftLogWorker (SegmentedRaftLogWorker.java:close(257)) - 0838c789-5be6-4b53-844e-73c82c080a18@group-FC8DF440C2CC-SegmentedRaftLogWorker close()
2023-03-23 08:06:41,533 [ForkJoinPool.commonPool-worker-1] INFO  server.GrpcService (GrpcService.java:closeImpl(280)) - 0838c789-5be6-4b53-844e-73c82c080a18: shutdown server GrpcServerProtocolService successfully
2023-03-23 08:06:41,533 [0838c789-5be6-4b53-844e-73c82c080a18-NettyServerStreamRpc-bossGroup--thread1] INFO  logging.LoggingHandler (AbstractInternalLogger.java:log(148)) - [id: 0x7c0f1aa7, L:/0:0:0:0:0:0:0:0:42705] CLOSE
2023-03-23 08:06:41,534 [0838c789-5be6-4b53-844e-73c82c080a18-NettyServerStreamRpc-bossGroup--thread1] INFO  logging.LoggingHandler (AbstractInternalLogger.java:log(148)) - [id: 0x7c0f1aa7, L:/0:0:0:0:0:0:0:0:42705] INACTIVE
2023-03-23 08:06:41,534 [0838c789-5be6-4b53-844e-73c82c080a18-NettyServerStreamRpc-bossGroup--thread1] INFO  logging.LoggingHandler (AbstractInternalLogger.java:log(148)) - [id: 0x7c0f1aa7, L:/0:0:0:0:0:0:0:0:42705] UNREGISTERED
2023-03-23 08:06:41,534 [0838c789-5be6-4b53-844e-73c82c080a18-impl-thread2] INFO  server.RaftServer$Division (RaftServerImpl.java:lambda$close$4(458)) - 0838c789-5be6-4b53-844e-73c82c080a18@group-4BD3E808CA20: shutdown
2023-03-23 08:06:41,534 [0838c789-5be6-4b53-844e-73c82c080a18-impl-thread2] INFO  util.JmxRegister (JmxRegister.java:unregister(73)) - Successfully un-registered JMX Bean with object name Ratis:service=RaftServer,group=group-4BD3E808CA20,id=0838c789-5be6-4b53-844e-73c82c080a18
2023-03-23 08:06:41,534 [0838c789-5be6-4b53-844e-73c82c080a18-impl-thread2] INFO  impl.RoleInfo (RoleInfo.java:shutdownFollowerState(110)) - 0838c789-5be6-4b53-844e-73c82c080a18: shutdown 0838c789-5be6-4b53-844e-73c82c080a18@group-4BD3E808CA20-FollowerState
2023-03-23 08:06:41,535 [0838c789-5be6-4b53-844e-73c82c080a18@group-4BD3E808CA20-FollowerState] INFO  impl.FollowerState (FollowerState.java:run(152)) - 0838c789-5be6-4b53-844e-73c82c080a18@group-4BD3E808CA20-FollowerState was interrupted
2023-03-23 08:06:41,536 [0838c789-5be6-4b53-844e-73c82c080a18-impl-thread2] INFO  impl.StateMachineUpdater (StateMachineUpdater.java:stopAndJoin(153)) - 0838c789-5be6-4b53-844e-73c82c080a18@group-4BD3E808CA20-StateMachineUpdater: set stopIndex = -1
2023-03-23 08:06:41,538 [0838c789-5be6-4b53-844e-73c82c080a18-impl-thread2] INFO  server.RaftServer$Division (ServerState.java:close(466)) - 0838c789-5be6-4b53-844e-73c82c080a18@group-4BD3E808CA20: closes. applyIndex: -1
2023-03-23 08:06:41,538 [0838c789-5be6-4b53-844e-73c82c080a18@group-4BD3E808CA20-SegmentedRaftLogWorker] INFO  segmented.SegmentedRaftLogWorker (SegmentedRaftLogWorker.java:run(347)) - 0838c789-5be6-4b53-844e-73c82c080a18@group-4BD3E808CA20-SegmentedRaftLogWorker was interrupted, exiting. There are 0 tasks remaining in the queue.
2023-03-23 08:06:41,539 [0838c789-5be6-4b53-844e-73c82c080a18-impl-thread2] INFO  segmented.SegmentedRaftLogWorker (SegmentedRaftLogWorker.java:close(257)) - 0838c789-5be6-4b53-844e-73c82c080a18@group-4BD3E808CA20-SegmentedRaftLogWorker close()
2023-03-23 08:06:41,540 [Listener at 127.0.0.1/46681] INFO  ozoneimpl.OzoneContainer (OzoneContainer.java:stop(423)) - Attempting to stop container services.
2023-03-23 08:06:41,540 [Listener at 127.0.0.1/46681] INFO  server.RaftServer (RaftServerProxy.java:lambda$close$6(409)) - 9852ed25-ff4d-4e5e-8bb3-2709f3d2ddbb: close
2023-03-23 08:06:41,541 [9852ed25-ff4d-4e5e-8bb3-2709f3d2ddbb-impl-thread1] INFO  server.RaftServer$Division (RaftServerImpl.java:lambda$close$4(458)) - 9852ed25-ff4d-4e5e-8bb3-2709f3d2ddbb@group-FC8DF440C2CC: shutdown
2023-03-23 08:06:41,541 [Listener at 127.0.0.1/46681] INFO  server.GrpcService (GrpcService.java:closeImpl(271)) - 9852ed25-ff4d-4e5e-8bb3-2709f3d2ddbb: shutdown server GrpcServerProtocolService now
2023-03-23 08:06:41,541 [9852ed25-ff4d-4e5e-8bb3-2709f3d2ddbb-impl-thread1] INFO  util.JmxRegister (JmxRegister.java:unregister(73)) - Successfully un-registered JMX Bean with object name Ratis:service=RaftServer,group=group-FC8DF440C2CC,id=9852ed25-ff4d-4e5e-8bb3-2709f3d2ddbb
2023-03-23 08:06:41,541 [9852ed25-ff4d-4e5e-8bb3-2709f3d2ddbb-impl-thread1] INFO  impl.RoleInfo (RoleInfo.java:shutdownFollowerState(110)) - 9852ed25-ff4d-4e5e-8bb3-2709f3d2ddbb: shutdown 9852ed25-ff4d-4e5e-8bb3-2709f3d2ddbb@group-FC8DF440C2CC-FollowerState
2023-03-23 08:06:41,541 [9852ed25-ff4d-4e5e-8bb3-2709f3d2ddbb-impl-thread1] INFO  impl.StateMachineUpdater (StateMachineUpdater.java:stopAndJoin(153)) - 9852ed25-ff4d-4e5e-8bb3-2709f3d2ddbb@group-FC8DF440C2CC-StateMachineUpdater: set stopIndex = 118
2023-03-23 08:06:41,541 [9852ed25-ff4d-4e5e-8bb3-2709f3d2ddbb-impl-thread2] INFO  server.RaftServer$Division (RaftServerImpl.java:lambda$close$4(458)) - 9852ed25-ff4d-4e5e-8bb3-2709f3d2ddbb@group-4BD3E808CA20: shutdown
2023-03-23 08:06:41,541 [9852ed25-ff4d-4e5e-8bb3-2709f3d2ddbb-impl-thread2] INFO  util.JmxRegister (JmxRegister.java:unregister(73)) - Successfully un-registered JMX Bean with object name Ratis:service=RaftServer,group=group-4BD3E808CA20,id=9852ed25-ff4d-4e5e-8bb3-2709f3d2ddbb
2023-03-23 08:06:41,541 [9852ed25-ff4d-4e5e-8bb3-2709f3d2ddbb-impl-thread2] INFO  impl.RoleInfo (RoleInfo.java:shutdownFollowerState(110)) - 9852ed25-ff4d-4e5e-8bb3-2709f3d2ddbb: shutdown 9852ed25-ff4d-4e5e-8bb3-2709f3d2ddbb@group-4BD3E808CA20-FollowerState
2023-03-23 08:06:41,542 [9852ed25-ff4d-4e5e-8bb3-2709f3d2ddbb@group-FC8DF440C2CC-StateMachineUpdater] INFO  ratis.ContainerStateMachine (ContainerStateMachine.java:takeSnapshot(330)) - group-FC8DF440C2CC: Taking a snapshot at:(t:1, i:118) file /home/runner/work/ozone/ozone/hadoop-ozone/integration-test/target/test-dir/MiniOzoneClusterImpl-83429495-af89-4435-a907-dab059fcfd42/datanode-1/data/ratis/60f4dc05-4e25-430c-932c-fc8df440c2cc/sm/snapshot.1_118
2023-03-23 08:06:41,542 [9852ed25-ff4d-4e5e-8bb3-2709f3d2ddbb-impl-thread2] INFO  impl.StateMachineUpdater (StateMachineUpdater.java:stopAndJoin(153)) - 9852ed25-ff4d-4e5e-8bb3-2709f3d2ddbb@group-4BD3E808CA20-StateMachineUpdater: set stopIndex = -1
2023-03-23 08:06:41,542 [9852ed25-ff4d-4e5e-8bb3-2709f3d2ddbb@group-4BD3E808CA20-FollowerState] INFO  impl.FollowerState (FollowerState.java:run(152)) - 9852ed25-ff4d-4e5e-8bb3-2709f3d2ddbb@group-4BD3E808CA20-FollowerState was interrupted
2023-03-23 08:06:41,542 [9852ed25-ff4d-4e5e-8bb3-2709f3d2ddbb@group-FC8DF440C2CC-FollowerState] INFO  impl.FollowerState (FollowerState.java:run(152)) - 9852ed25-ff4d-4e5e-8bb3-2709f3d2ddbb@group-FC8DF440C2CC-FollowerState was interrupted
2023-03-23 08:06:41,543 [9852ed25-ff4d-4e5e-8bb3-2709f3d2ddbb@group-FC8DF440C2CC-StateMachineUpdater] INFO  ratis.ContainerStateMachine (ContainerStateMachine.java:takeSnapshot(341)) - group-FC8DF440C2CC: Finished taking a snapshot at:(t:1, i:118) file:/home/runner/work/ozone/ozone/hadoop-ozone/integration-test/target/test-dir/MiniOzoneClusterImpl-83429495-af89-4435-a907-dab059fcfd42/datanode-1/data/ratis/60f4dc05-4e25-430c-932c-fc8df440c2cc/sm/snapshot.1_118 took: 2 ms
2023-03-23 08:06:41,544 [9852ed25-ff4d-4e5e-8bb3-2709f3d2ddbb@group-FC8DF440C2CC-StateMachineUpdater] INFO  impl.StateMachineUpdater (StateMachineUpdater.java:takeSnapshot(287)) - 9852ed25-ff4d-4e5e-8bb3-2709f3d2ddbb@group-FC8DF440C2CC-StateMachineUpdater: Took a snapshot at index 118
2023-03-23 08:06:41,544 [9852ed25-ff4d-4e5e-8bb3-2709f3d2ddbb@group-FC8DF440C2CC-StateMachineUpdater] INFO  impl.StateMachineUpdater (StateMachineUpdater.java:lambda$new$0(92)) - 9852ed25-ff4d-4e5e-8bb3-2709f3d2ddbb@group-FC8DF440C2CC-StateMachineUpdater: snapshotIndex: updateIncreasingly -1 -> 118
2023-03-23 08:06:41,548 [Listener at 127.0.0.1/46681] INFO  server.GrpcServerProtocolClient (GrpcServerProtocolClient.java:close(101)) - 2b202a02-6273-4262-ac40-cc676055620c Close channels
2023-03-23 08:06:41,551 [9852ed25-ff4d-4e5e-8bb3-2709f3d2ddbb-impl-thread2] INFO  server.RaftServer$Division (ServerState.java:close(466)) - 9852ed25-ff4d-4e5e-8bb3-2709f3d2ddbb@group-4BD3E808CA20: closes. applyIndex: -1
2023-03-23 08:06:41,551 [9852ed25-ff4d-4e5e-8bb3-2709f3d2ddbb-impl-thread1] INFO  server.RaftServer$Division (ServerState.java:close(466)) - 9852ed25-ff4d-4e5e-8bb3-2709f3d2ddbb@group-FC8DF440C2CC: closes. applyIndex: 118
2023-03-23 08:06:41,551 [9852ed25-ff4d-4e5e-8bb3-2709f3d2ddbb@group-4BD3E808CA20-SegmentedRaftLogWorker] INFO  segmented.SegmentedRaftLogWorker (SegmentedRaftLogWorker.java:run(347)) - 9852ed25-ff4d-4e5e-8bb3-2709f3d2ddbb@group-4BD3E808CA20-SegmentedRaftLogWorker was interrupted, exiting. There are 0 tasks remaining in the queue.
2023-03-23 08:06:41,551 [9852ed25-ff4d-4e5e-8bb3-2709f3d2ddbb@group-FC8DF440C2CC-SegmentedRaftLogWorker] INFO  segmented.SegmentedRaftLogWorker (SegmentedRaftLogWorker.java:run(347)) - 9852ed25-ff4d-4e5e-8bb3-2709f3d2ddbb@group-FC8DF440C2CC-SegmentedRaftLogWorker was interrupted, exiting. There are 0 tasks remaining in the queue.
2023-03-23 08:06:41,551 [9852ed25-ff4d-4e5e-8bb3-2709f3d2ddbb-impl-thread2] INFO  segmented.SegmentedRaftLogWorker (SegmentedRaftLogWorker.java:close(257)) - 9852ed25-ff4d-4e5e-8bb3-2709f3d2ddbb@group-4BD3E808CA20-SegmentedRaftLogWorker close()
2023-03-23 08:06:41,552 [Listener at 127.0.0.1/46681] INFO  server.GrpcServerProtocolClient (GrpcServerProtocolClient.java:close(101)) - 0838c789-5be6-4b53-844e-73c82c080a18 Close channels
2023-03-23 08:06:41,553 [Listener at 127.0.0.1/46681] INFO  server.GrpcService (GrpcService.java:closeImpl(280)) - 9852ed25-ff4d-4e5e-8bb3-2709f3d2ddbb: shutdown server GrpcServerProtocolService successfully
2023-03-23 08:06:41,553 [JvmPauseMonitor12] INFO  util.JvmPauseMonitor (JvmPauseMonitor.java:run(111)) - JvmPauseMonitor-0838c789-5be6-4b53-844e-73c82c080a18: Stopped
2023-03-23 08:06:41,554 [9852ed25-ff4d-4e5e-8bb3-2709f3d2ddbb-NettyServerStreamRpc-bossGroup--thread1] INFO  logging.LoggingHandler (AbstractInternalLogger.java:log(148)) - [id: 0x72de5b91, L:/0:0:0:0:0:0:0:0:41309] CLOSE
2023-03-23 08:06:41,554 [9852ed25-ff4d-4e5e-8bb3-2709f3d2ddbb-NettyServerStreamRpc-bossGroup--thread1] INFO  logging.LoggingHandler (AbstractInternalLogger.java:log(148)) - [id: 0x72de5b91, L:/0:0:0:0:0:0:0:0:41309] INACTIVE
2023-03-23 08:06:41,554 [9852ed25-ff4d-4e5e-8bb3-2709f3d2ddbb-NettyServerStreamRpc-bossGroup--thread1] INFO  logging.LoggingHandler (AbstractInternalLogger.java:log(148)) - [id: 0x72de5b91, L:/0:0:0:0:0:0:0:0:41309] UNREGISTERED
2023-03-23 08:06:41,552 [9852ed25-ff4d-4e5e-8bb3-2709f3d2ddbb-impl-thread1] INFO  segmented.SegmentedRaftLogWorker (SegmentedRaftLogWorker.java:close(257)) - 9852ed25-ff4d-4e5e-8bb3-2709f3d2ddbb@group-FC8DF440C2CC-SegmentedRaftLogWorker close()
2023-03-23 08:06:41,570 [SCMBlockDeletingService#0] DEBUG block.SCMBlockDeletingService (SCMBlockDeletingService.java:call(136)) - Running DeletedBlockTransactionScanner
2023-03-23 08:06:41,570 [JvmPauseMonitor10] INFO  util.JvmPauseMonitor (JvmPauseMonitor.java:run(111)) - JvmPauseMonitor-9852ed25-ff4d-4e5e-8bb3-2709f3d2ddbb: Stopped
2023-03-23 08:06:41,605 [BlockDeletingService#6] INFO  interfaces.ContainerDeletionChoosingPolicyTemplate (ContainerDeletionChoosingPolicyTemplate.java:chooseContainerForBlockDeletion(83)) - Chosen 0/5000 blocks from 0 candidate containers.
2023-03-23 08:06:41,631 [BlockDeletingService#7] INFO  interfaces.ContainerDeletionChoosingPolicyTemplate (ContainerDeletionChoosingPolicyTemplate.java:chooseContainerForBlockDeletion(83)) - Chosen 0/5000 blocks from 0 candidate containers.
2023-03-23 08:06:41,631 [BlockDeletingService#2] INFO  interfaces.ContainerDeletionChoosingPolicyTemplate (ContainerDeletionChoosingPolicyTemplate.java:chooseContainerForBlockDeletion(83)) - Chosen 0/5000 blocks from 0 candidate containers.
2023-03-23 08:06:41,670 [SCMBlockDeletingService#0] DEBUG block.SCMBlockDeletingService (SCMBlockDeletingService.java:call(136)) - Running DeletedBlockTransactionScanner
2023-03-23 08:06:41,705 [BlockDeletingService#6] INFO  interfaces.ContainerDeletionChoosingPolicyTemplate (ContainerDeletionChoosingPolicyTemplate.java:chooseContainerForBlockDeletion(83)) - Chosen 0/5000 blocks from 0 candidate containers.
2023-03-23 08:06:41,731 [BlockDeletingService#7] INFO  interfaces.ContainerDeletionChoosingPolicyTemplate (ContainerDeletionChoosingPolicyTemplate.java:chooseContainerForBlockDeletion(83)) - Chosen 0/5000 blocks from 0 candidate containers.
2023-03-23 08:06:41,732 [BlockDeletingService#2] INFO  interfaces.ContainerDeletionChoosingPolicyTemplate (ContainerDeletionChoosingPolicyTemplate.java:chooseContainerForBlockDeletion(83)) - Chosen 0/5000 blocks from 0 candidate containers.
2023-03-23 08:06:41,770 [SCMBlockDeletingService#0] DEBUG block.SCMBlockDeletingService (SCMBlockDeletingService.java:call(136)) - Running DeletedBlockTransactionScanner
2023-03-23 08:06:41,805 [BlockDeletingService#6] INFO  interfaces.ContainerDeletionChoosingPolicyTemplate (ContainerDeletionChoosingPolicyTemplate.java:chooseContainerForBlockDeletion(83)) - Chosen 0/5000 blocks from 0 candidate containers.
2023-03-23 08:06:41,832 [BlockDeletingService#7] INFO  interfaces.ContainerDeletionChoosingPolicyTemplate (ContainerDeletionChoosingPolicyTemplate.java:chooseContainerForBlockDeletion(83)) - Chosen 0/5000 blocks from 0 candidate containers.
2023-03-23 08:06:41,832 [BlockDeletingService#2] INFO  interfaces.ContainerDeletionChoosingPolicyTemplate (ContainerDeletionChoosingPolicyTemplate.java:chooseContainerForBlockDeletion(83)) - Chosen 0/5000 blocks from 0 candidate containers.
2023-03-23 08:06:41,870 [SCMBlockDeletingService#0] DEBUG block.SCMBlockDeletingService (SCMBlockDeletingService.java:call(136)) - Running DeletedBlockTransactionScanner
2023-03-23 08:06:41,906 [BlockDeletingService#6] INFO  interfaces.ContainerDeletionChoosingPolicyTemplate (ContainerDeletionChoosingPolicyTemplate.java:chooseContainerForBlockDeletion(83)) - Chosen 0/5000 blocks from 0 candidate containers.
2023-03-23 08:06:41,932 [BlockDeletingService#7] INFO  interfaces.ContainerDeletionChoosingPolicyTemplate (ContainerDeletionChoosingPolicyTemplate.java:chooseContainerForBlockDeletion(83)) - Chosen 0/5000 blocks from 0 candidate containers.
2023-03-23 08:06:41,932 [BlockDeletingService#2] INFO  interfaces.ContainerDeletionChoosingPolicyTemplate (ContainerDeletionChoosingPolicyTemplate.java:chooseContainerForBlockDeletion(83)) - Chosen 0/5000 blocks from 0 candidate containers.
2023-03-23 08:06:41,970 [SCMBlockDeletingService#0] DEBUG block.SCMBlockDeletingService (SCMBlockDeletingService.java:call(136)) - Running DeletedBlockTransactionScanner
2023-03-23 08:06:42,006 [BlockDeletingService#6] INFO  interfaces.ContainerDeletionChoosingPolicyTemplate (ContainerDeletionChoosingPolicyTemplate.java:chooseContainerForBlockDeletion(83)) - Chosen 0/5000 blocks from 0 candidate containers.
2023-03-23 08:06:42,032 [BlockDeletingService#7] INFO  interfaces.ContainerDeletionChoosingPolicyTemplate (ContainerDeletionChoosingPolicyTemplate.java:chooseContainerForBlockDeletion(83)) - Chosen 0/5000 blocks from 0 candidate containers.
2023-03-23 08:06:42,032 [BlockDeletingService#2] INFO  interfaces.ContainerDeletionChoosingPolicyTemplate (ContainerDeletionChoosingPolicyTemplate.java:chooseContainerForBlockDeletion(83)) - Chosen 0/5000 blocks from 0 candidate containers.
2023-03-23 08:06:42,070 [SCMBlockDeletingService#0] DEBUG block.SCMBlockDeletingService (SCMBlockDeletingService.java:call(136)) - Running DeletedBlockTransactionScanner
2023-03-23 08:06:42,106 [BlockDeletingService#6] INFO  interfaces.ContainerDeletionChoosingPolicyTemplate (ContainerDeletionChoosingPolicyTemplate.java:chooseContainerForBlockDeletion(83)) - Chosen 0/5000 blocks from 0 candidate containers.
2023-03-23 08:06:42,133 [BlockDeletingService#7] INFO  interfaces.ContainerDeletionChoosingPolicyTemplate (ContainerDeletionChoosingPolicyTemplate.java:chooseContainerForBlockDeletion(83)) - Chosen 0/5000 blocks from 0 candidate containers.
2023-03-23 08:06:42,133 [BlockDeletingService#2] INFO  interfaces.ContainerDeletionChoosingPolicyTemplate (ContainerDeletionChoosingPolicyTemplate.java:chooseContainerForBlockDeletion(83)) - Chosen 0/5000 blocks from 0 candidate containers.
2023-03-23 08:06:42,170 [SCMBlockDeletingService#0] DEBUG block.SCMBlockDeletingService (SCMBlockDeletingService.java:call(136)) - Running DeletedBlockTransactionScanner
2023-03-23 08:06:42,207 [BlockDeletingService#6] INFO  interfaces.ContainerDeletionChoosingPolicyTemplate (ContainerDeletionChoosingPolicyTemplate.java:chooseContainerForBlockDeletion(83)) - Chosen 0/5000 blocks from 0 candidate containers.
2023-03-23 08:06:42,233 [BlockDeletingService#2] INFO  interfaces.ContainerDeletionChoosingPolicyTemplate (ContainerDeletionChoosingPolicyTemplate.java:chooseContainerForBlockDeletion(83)) - Chosen 0/5000 blocks from 0 candidate containers.
2023-03-23 08:06:42,233 [BlockDeletingService#7] INFO  interfaces.ContainerDeletionChoosingPolicyTemplate (ContainerDeletionChoosingPolicyTemplate.java:chooseContainerForBlockDeletion(83)) - Chosen 0/5000 blocks from 0 candidate containers.
2023-03-23 08:06:42,270 [SCMBlockDeletingService#0] DEBUG block.SCMBlockDeletingService (SCMBlockDeletingService.java:call(136)) - Running DeletedBlockTransactionScanner
2023-03-23 08:06:42,307 [BlockDeletingService#6] INFO  interfaces.ContainerDeletionChoosingPolicyTemplate (ContainerDeletionChoosingPolicyTemplate.java:chooseContainerForBlockDeletion(83)) - Chosen 0/5000 blocks from 0 candidate containers.
2023-03-23 08:06:42,334 [BlockDeletingService#2] INFO  interfaces.ContainerDeletionChoosingPolicyTemplate (ContainerDeletionChoosingPolicyTemplate.java:chooseContainerForBlockDeletion(83)) - Chosen 0/5000 blocks from 0 candidate containers.
2023-03-23 08:06:42,334 [BlockDeletingService#7] INFO  interfaces.ContainerDeletionChoosingPolicyTemplate (ContainerDeletionChoosingPolicyTemplate.java:chooseContainerForBlockDeletion(83)) - Chosen 0/5000 blocks from 0 candidate containers.
2023-03-23 08:06:42,370 [SCMBlockDeletingService#0] DEBUG block.SCMBlockDeletingService (SCMBlockDeletingService.java:call(136)) - Running DeletedBlockTransactionScanner
2023-03-23 08:06:42,407 [BlockDeletingService#6] INFO  interfaces.ContainerDeletionChoosingPolicyTemplate (ContainerDeletionChoosingPolicyTemplate.java:chooseContainerForBlockDeletion(83)) - Chosen 0/5000 blocks from 0 candidate containers.
2023-03-23 08:06:42,434 [BlockDeletingService#2] INFO  interfaces.ContainerDeletionChoosingPolicyTemplate (ContainerDeletionChoosingPolicyTemplate.java:chooseContainerForBlockDeletion(83)) - Chosen 0/5000 blocks from 0 candidate containers.
2023-03-23 08:06:42,434 [BlockDeletingService#7] INFO  interfaces.ContainerDeletionChoosingPolicyTemplate (ContainerDeletionChoosingPolicyTemplate.java:chooseContainerForBlockDeletion(83)) - Chosen 0/5000 blocks from 0 candidate containers.
2023-03-23 08:06:42,471 [SCMBlockDeletingService#0] DEBUG block.SCMBlockDeletingService (SCMBlockDeletingService.java:call(136)) - Running DeletedBlockTransactionScanner
2023-03-23 08:06:42,507 [BlockDeletingService#6] INFO  interfaces.ContainerDeletionChoosingPolicyTemplate (ContainerDeletionChoosingPolicyTemplate.java:chooseContainerForBlockDeletion(83)) - Chosen 0/5000 blocks from 0 candidate containers.
2023-03-23 08:06:42,534 [BlockDeletingService#2] INFO  interfaces.ContainerDeletionChoosingPolicyTemplate (ContainerDeletionChoosingPolicyTemplate.java:chooseContainerForBlockDeletion(83)) - Chosen 0/5000 blocks from 0 candidate containers.
2023-03-23 08:06:42,535 [BlockDeletingService#7] INFO  interfaces.ContainerDeletionChoosingPolicyTemplate (ContainerDeletionChoosingPolicyTemplate.java:chooseContainerForBlockDeletion(83)) - Chosen 0/5000 blocks from 0 candidate containers.
2023-03-23 08:06:42,571 [SCMBlockDeletingService#0] DEBUG block.SCMBlockDeletingService (SCMBlockDeletingService.java:call(136)) - Running DeletedBlockTransactionScanner
2023-03-23 08:06:42,608 [BlockDeletingService#6] INFO  interfaces.ContainerDeletionChoosingPolicyTemplate (ContainerDeletionChoosingPolicyTemplate.java:chooseContainerForBlockDeletion(83)) - Chosen 0/5000 blocks from 0 candidate containers.
2023-03-23 08:06:42,635 [BlockDeletingService#2] INFO  interfaces.ContainerDeletionChoosingPolicyTemplate (ContainerDeletionChoosingPolicyTemplate.java:chooseContainerForBlockDeletion(83)) - Chosen 0/5000 blocks from 0 candidate containers.
2023-03-23 08:06:42,635 [BlockDeletingService#7] INFO  interfaces.ContainerDeletionChoosingPolicyTemplate (ContainerDeletionChoosingPolicyTemplate.java:chooseContainerForBlockDeletion(83)) - Chosen 0/5000 blocks from 0 candidate containers.
2023-03-23 08:06:42,671 [SCMBlockDeletingService#0] DEBUG block.SCMBlockDeletingService (SCMBlockDeletingService.java:call(136)) - Running DeletedBlockTransactionScanner
2023-03-23 08:06:42,708 [BlockDeletingService#6] INFO  interfaces.ContainerDeletionChoosingPolicyTemplate (ContainerDeletionChoosingPolicyTemplate.java:chooseContainerForBlockDeletion(83)) - Chosen 0/5000 blocks from 0 candidate containers.
2023-03-23 08:06:42,735 [BlockDeletingService#2] INFO  interfaces.ContainerDeletionChoosingPolicyTemplate (ContainerDeletionChoosingPolicyTemplate.java:chooseContainerForBlockDeletion(83)) - Chosen 0/5000 blocks from 0 candidate containers.
2023-03-23 08:06:42,735 [BlockDeletingService#7] INFO  interfaces.ContainerDeletionChoosingPolicyTemplate (ContainerDeletionChoosingPolicyTemplate.java:chooseContainerForBlockDeletion(83)) - Chosen 0/5000 blocks from 0 candidate containers.
2023-03-23 08:06:42,771 [SCMBlockDeletingService#0] DEBUG block.SCMBlockDeletingService (SCMBlockDeletingService.java:call(136)) - Running DeletedBlockTransactionScanner
2023-03-23 08:06:42,808 [BlockDeletingService#6] INFO  interfaces.ContainerDeletionChoosingPolicyTemplate (ContainerDeletionChoosingPolicyTemplate.java:chooseContainerForBlockDeletion(83)) - Chosen 0/5000 blocks from 0 candidate containers.
2023-03-23 08:06:42,835 [BlockDeletingService#2] INFO  interfaces.ContainerDeletionChoosingPolicyTemplate (ContainerDeletionChoosingPolicyTemplate.java:chooseContainerForBlockDeletion(83)) - Chosen 0/5000 blocks from 0 candidate containers.
2023-03-23 08:06:42,835 [BlockDeletingService#7] INFO  interfaces.ContainerDeletionChoosingPolicyTemplate (ContainerDeletionChoosingPolicyTemplate.java:chooseContainerForBlockDeletion(83)) - Chosen 0/5000 blocks from 0 candidate containers.
2023-03-23 08:06:42,871 [SCMBlockDeletingService#0] DEBUG block.SCMBlockDeletingService (SCMBlockDeletingService.java:call(136)) - Running DeletedBlockTransactionScanner
2023-03-23 08:06:42,908 [BlockDeletingService#6] INFO  interfaces.ContainerDeletionChoosingPolicyTemplate (ContainerDeletionChoosingPolicyTemplate.java:chooseContainerForBlockDeletion(83)) - Chosen 0/5000 blocks from 0 candidate containers.
2023-03-23 08:06:42,935 [BlockDeletingService#2] INFO  interfaces.ContainerDeletionChoosingPolicyTemplate (ContainerDeletionChoosingPolicyTemplate.java:chooseContainerForBlockDeletion(83)) - Chosen 0/5000 blocks from 0 candidate containers.
2023-03-23 08:06:42,936 [BlockDeletingService#7] INFO  interfaces.ContainerDeletionChoosingPolicyTemplate (ContainerDeletionChoosingPolicyTemplate.java:chooseContainerForBlockDeletion(83)) - Chosen 0/5000 blocks from 0 candidate containers.
2023-03-23 08:06:42,971 [SCMBlockDeletingService#0] DEBUG block.SCMBlockDeletingService (SCMBlockDeletingService.java:call(136)) - Running DeletedBlockTransactionScanner
2023-03-23 08:06:43,009 [BlockDeletingService#6] INFO  interfaces.ContainerDeletionChoosingPolicyTemplate (ContainerDeletionChoosingPolicyTemplate.java:chooseContainerForBlockDeletion(83)) - Chosen 0/5000 blocks from 0 candidate containers.
2023-03-23 08:06:43,036 [BlockDeletingService#2] INFO  interfaces.ContainerDeletionChoosingPolicyTemplate (ContainerDeletionChoosingPolicyTemplate.java:chooseContainerForBlockDeletion(83)) - Chosen 0/5000 blocks from 0 candidate containers.
2023-03-23 08:06:43,036 [BlockDeletingService#7] INFO  interfaces.ContainerDeletionChoosingPolicyTemplate (ContainerDeletionChoosingPolicyTemplate.java:chooseContainerForBlockDeletion(83)) - Chosen 0/5000 blocks from 0 candidate containers.
2023-03-23 08:06:43,071 [SCMBlockDeletingService#0] DEBUG block.SCMBlockDeletingService (SCMBlockDeletingService.java:call(136)) - Running DeletedBlockTransactionScanner
2023-03-23 08:06:43,109 [BlockDeletingService#6] INFO  interfaces.ContainerDeletionChoosingPolicyTemplate (ContainerDeletionChoosingPolicyTemplate.java:chooseContainerForBlockDeletion(83)) - Chosen 0/5000 blocks from 0 candidate containers.
2023-03-23 08:06:43,136 [BlockDeletingService#2] INFO  interfaces.ContainerDeletionChoosingPolicyTemplate (ContainerDeletionChoosingPolicyTemplate.java:chooseContainerForBlockDeletion(83)) - Chosen 0/5000 blocks from 0 candidate containers.
2023-03-23 08:06:43,136 [BlockDeletingService#7] INFO  interfaces.ContainerDeletionChoosingPolicyTemplate (ContainerDeletionChoosingPolicyTemplate.java:chooseContainerForBlockDeletion(83)) - Chosen 0/5000 blocks from 0 candidate containers.
2023-03-23 08:06:43,171 [SCMBlockDeletingService#0] DEBUG block.SCMBlockDeletingService (SCMBlockDeletingService.java:call(136)) - Running DeletedBlockTransactionScanner
2023-03-23 08:06:43,209 [BlockDeletingService#6] INFO  interfaces.ContainerDeletionChoosingPolicyTemplate (ContainerDeletionChoosingPolicyTemplate.java:chooseContainerForBlockDeletion(83)) - Chosen 0/5000 blocks from 0 candidate containers.
2023-03-23 08:06:43,236 [BlockDeletingService#2] INFO  interfaces.ContainerDeletionChoosingPolicyTemplate (ContainerDeletionChoosingPolicyTemplate.java:chooseContainerForBlockDeletion(83)) - Chosen 0/5000 blocks from 0 candidate containers.
2023-03-23 08:06:43,236 [BlockDeletingService#7] INFO  interfaces.ContainerDeletionChoosingPolicyTemplate (ContainerDeletionChoosingPolicyTemplate.java:chooseContainerForBlockDeletion(83)) - Chosen 0/5000 blocks from 0 candidate containers.
2023-03-23 08:06:43,271 [SCMBlockDeletingService#0] DEBUG block.SCMBlockDeletingService (SCMBlockDeletingService.java:call(136)) - Running DeletedBlockTransactionScanner
2023-03-23 08:06:43,310 [BlockDeletingService#6] INFO  interfaces.ContainerDeletionChoosingPolicyTemplate (ContainerDeletionChoosingPolicyTemplate.java:chooseContainerForBlockDeletion(83)) - Chosen 0/5000 blocks from 0 candidate containers.
2023-03-23 08:06:43,336 [BlockDeletingService#2] INFO  interfaces.ContainerDeletionChoosingPolicyTemplate (ContainerDeletionChoosingPolicyTemplate.java:chooseContainerForBlockDeletion(83)) - Chosen 0/5000 blocks from 0 candidate containers.
2023-03-23 08:06:43,336 [BlockDeletingService#7] INFO  interfaces.ContainerDeletionChoosingPolicyTemplate (ContainerDeletionChoosingPolicyTemplate.java:chooseContainerForBlockDeletion(83)) - Chosen 0/5000 blocks from 0 candidate containers.
2023-03-23 08:06:43,371 [SCMBlockDeletingService#0] DEBUG block.SCMBlockDeletingService (SCMBlockDeletingService.java:call(136)) - Running DeletedBlockTransactionScanner
2023-03-23 08:06:43,410 [BlockDeletingService#6] INFO  interfaces.ContainerDeletionChoosingPolicyTemplate (ContainerDeletionChoosingPolicyTemplate.java:chooseContainerForBlockDeletion(83)) - Chosen 0/5000 blocks from 0 candidate containers.
2023-03-23 08:06:43,436 [BlockDeletingService#2] INFO  interfaces.ContainerDeletionChoosingPolicyTemplate (ContainerDeletionChoosingPolicyTemplate.java:chooseContainerForBlockDeletion(83)) - Chosen 0/5000 blocks from 0 candidate containers.
2023-03-23 08:06:43,437 [BlockDeletingService#7] INFO  interfaces.ContainerDeletionChoosingPolicyTemplate (ContainerDeletionChoosingPolicyTemplate.java:chooseContainerForBlockDeletion(83)) - Chosen 0/5000 blocks from 0 candidate containers.
2023-03-23 08:06:43,471 [SCMBlockDeletingService#0] DEBUG block.SCMBlockDeletingService (SCMBlockDeletingService.java:call(136)) - Running DeletedBlockTransactionScanner
2023-03-23 08:06:43,510 [BlockDeletingService#6] INFO  interfaces.ContainerDeletionChoosingPolicyTemplate (ContainerDeletionChoosingPolicyTemplate.java:chooseContainerForBlockDeletion(83)) - Chosen 0/5000 blocks from 0 candidate containers.
2023-03-23 08:06:43,537 [BlockDeletingService#2] INFO  interfaces.ContainerDeletionChoosingPolicyTemplate (ContainerDeletionChoosingPolicyTemplate.java:chooseContainerForBlockDeletion(83)) - Chosen 0/5000 blocks from 0 candidate containers.
2023-03-23 08:06:43,537 [BlockDeletingService#7] INFO  interfaces.ContainerDeletionChoosingPolicyTemplate (ContainerDeletionChoosingPolicyTemplate.java:chooseContainerForBlockDeletion(83)) - Chosen 0/5000 blocks from 0 candidate containers.
2023-03-23 08:06:43,561 [ForkJoinPool.commonPool-worker-1] INFO  volume.HddsVolume (HddsVolume.java:closeDbStore(437)) - SchemaV3 db is stopped at /home/runner/work/ozone/ozone/hadoop-ozone/integration-test/target/test-dir/MiniOzoneClusterImpl-83429495-af89-4435-a907-dab059fcfd42/datanode-0/data-0/containers/hdds/83429495-af89-4435-a907-dab059fcfd42/DS-318da820-e515-4182-b7c6-2eb5aeffd6df/container.db for volume DS-318da820-e515-4182-b7c6-2eb5aeffd6df
2023-03-23 08:06:43,562 [ForkJoinPool.commonPool-worker-1] INFO  utils.BackgroundService (BackgroundService.java:shutdown(141)) - Shutting down service BlockDeletingService
2023-03-23 08:06:43,562 [ForkJoinPool.commonPool-worker-1] INFO  utils.BackgroundService (BackgroundService.java:shutdown(141)) - Shutting down service StaleRecoveringContainerScrubbingService
2023-03-23 08:06:43,572 [ForkJoinPool.commonPool-worker-1] INFO  statemachine.DatanodeStateMachine (DatanodeStateMachine.java:stopDaemon(601)) - Ozone container server stopped.
2023-03-23 08:06:43,572 [SCMBlockDeletingService#0] DEBUG block.SCMBlockDeletingService (SCMBlockDeletingService.java:call(136)) - Running DeletedBlockTransactionScanner
2023-03-23 08:06:43,578 [Listener at 127.0.0.1/46681] INFO  volume.HddsVolume (HddsVolume.java:closeDbStore(437)) - SchemaV3 db is stopped at /home/runner/work/ozone/ozone/hadoop-ozone/integration-test/target/test-dir/MiniOzoneClusterImpl-83429495-af89-4435-a907-dab059fcfd42/datanode-1/data-0/containers/hdds/83429495-af89-4435-a907-dab059fcfd42/DS-561e549f-e261-492c-a3b4-92be40a5b223/container.db for volume DS-561e549f-e261-492c-a3b4-92be40a5b223
2023-03-23 08:06:43,578 [Listener at 127.0.0.1/46681] INFO  utils.BackgroundService (BackgroundService.java:shutdown(141)) - Shutting down service BlockDeletingService
2023-03-23 08:06:43,581 [Listener at 127.0.0.1/46681] INFO  utils.BackgroundService (BackgroundService.java:shutdown(141)) - Shutting down service StaleRecoveringContainerScrubbingService
2023-03-23 08:06:43,587 [Listener at 127.0.0.1/46681] INFO  statemachine.DatanodeStateMachine (DatanodeStateMachine.java:stopDaemon(601)) - Ozone container server stopped.
2023-03-23 08:06:43,591 [ForkJoinPool.commonPool-worker-1] INFO  handler.ContextHandler (ContextHandler.java:doStop(1159)) - Stopped o.e.j.w.WebAppContext@8e0ef56{hddsDatanode,/,null,STOPPED}{jar:file:/home/runner/.m2/repository/org/apache/ozone/hdds-container-service/1.4.0-SNAPSHOT/hdds-container-service-1.4.0-SNAPSHOT.jar!/webapps/hddsDatanode}
2023-03-23 08:06:43,592 [ForkJoinPool.commonPool-worker-1] INFO  server.AbstractConnector (AbstractConnector.java:doStop(383)) - Stopped ServerConnector@1a64dd2e{HTTP/1.1, (http/1.1)}{0.0.0.0:45193}
2023-03-23 08:06:43,592 [ForkJoinPool.commonPool-worker-1] INFO  server.session (HouseKeeper.java:stopScavenging(149)) - node0 Stopped scavenging
2023-03-23 08:06:43,592 [ForkJoinPool.commonPool-worker-1] INFO  handler.ContextHandler (ContextHandler.java:doStop(1159)) - Stopped o.e.j.s.ServletContextHandler@cd7120c{static,/static,jar:file:/home/runner/.m2/repository/org/apache/ozone/hdds-container-service/1.4.0-SNAPSHOT/hdds-container-service-1.4.0-SNAPSHOT.jar!/webapps/static,STOPPED}
2023-03-23 08:06:43,593 [ForkJoinPool.commonPool-worker-1] INFO  handler.ContextHandler (ContextHandler.java:doStop(1159)) - Stopped o.e.j.s.ServletContextHandler@95360b1{logs,/logs,file:///home/runner/work/ozone/ozone/hadoop-ozone/integration-test/target/log,STOPPED}
2023-03-23 08:06:43,597 [ForkJoinPool.commonPool-worker-1] INFO  ozoneimpl.OzoneContainer (OzoneContainer.java:stop(423)) - Attempting to stop container services.
2023-03-23 08:06:43,598 [ForkJoinPool.commonPool-worker-1] INFO  server.RaftServer (RaftServerProxy.java:lambda$close$6(409)) - 2b202a02-6273-4262-ac40-cc676055620c: close
2023-03-23 08:06:43,598 [2b202a02-6273-4262-ac40-cc676055620c-impl-thread1] INFO  server.RaftServer$Division (RaftServerImpl.java:lambda$close$4(458)) - 2b202a02-6273-4262-ac40-cc676055620c@group-FC8DF440C2CC: shutdown
2023-03-23 08:06:43,598 [2b202a02-6273-4262-ac40-cc676055620c-impl-thread1] INFO  util.JmxRegister (JmxRegister.java:unregister(73)) - Successfully un-registered JMX Bean with object name Ratis:service=RaftServer,group=group-FC8DF440C2CC,id=2b202a02-6273-4262-ac40-cc676055620c
2023-03-23 08:06:43,598 [2b202a02-6273-4262-ac40-cc676055620c-impl-thread1] INFO  impl.RoleInfo (RoleInfo.java:shutdownFollowerState(110)) - 2b202a02-6273-4262-ac40-cc676055620c: shutdown 2b202a02-6273-4262-ac40-cc676055620c@group-FC8DF440C2CC-FollowerState
2023-03-23 08:06:43,598 [2b202a02-6273-4262-ac40-cc676055620c-impl-thread1] INFO  impl.StateMachineUpdater (StateMachineUpdater.java:stopAndJoin(153)) - 2b202a02-6273-4262-ac40-cc676055620c@group-FC8DF440C2CC-StateMachineUpdater: set stopIndex = 118
2023-03-23 08:06:43,598 [2b202a02-6273-4262-ac40-cc676055620c@group-FC8DF440C2CC-FollowerState] INFO  impl.FollowerState (FollowerState.java:run(152)) - 2b202a02-6273-4262-ac40-cc676055620c@group-FC8DF440C2CC-FollowerState was interrupted
2023-03-23 08:06:43,598 [ForkJoinPool.commonPool-worker-1] INFO  server.GrpcService (GrpcService.java:closeImpl(271)) - 2b202a02-6273-4262-ac40-cc676055620c: shutdown server GrpcServerProtocolService now
2023-03-23 08:06:43,598 [2b202a02-6273-4262-ac40-cc676055620c@group-FC8DF440C2CC-StateMachineUpdater] INFO  ratis.ContainerStateMachine (ContainerStateMachine.java:takeSnapshot(330)) - group-FC8DF440C2CC: Taking a snapshot at:(t:1, i:118) file /home/runner/work/ozone/ozone/hadoop-ozone/integration-test/target/test-dir/MiniOzoneClusterImpl-83429495-af89-4435-a907-dab059fcfd42/datanode-2/data/ratis/60f4dc05-4e25-430c-932c-fc8df440c2cc/sm/snapshot.1_118
2023-03-23 08:06:43,599 [2b202a02-6273-4262-ac40-cc676055620c-impl-thread2] INFO  server.RaftServer$Division (RaftServerImpl.java:lambda$close$4(458)) - 2b202a02-6273-4262-ac40-cc676055620c@group-4BD3E808CA20: shutdown
2023-03-23 08:06:43,599 [2b202a02-6273-4262-ac40-cc676055620c-impl-thread2] INFO  util.JmxRegister (JmxRegister.java:unregister(73)) - Successfully un-registered JMX Bean with object name Ratis:service=RaftServer,group=group-4BD3E808CA20,id=2b202a02-6273-4262-ac40-cc676055620c
2023-03-23 08:06:43,599 [2b202a02-6273-4262-ac40-cc676055620c-impl-thread2] INFO  impl.RoleInfo (RoleInfo.java:shutdownFollowerState(110)) - 2b202a02-6273-4262-ac40-cc676055620c: shutdown 2b202a02-6273-4262-ac40-cc676055620c@group-4BD3E808CA20-FollowerState
2023-03-23 08:06:43,600 [ForkJoinPool.commonPool-worker-1] INFO  server.GrpcService (GrpcService.java:closeImpl(280)) - 2b202a02-6273-4262-ac40-cc676055620c: shutdown server GrpcServerProtocolService successfully
2023-03-23 08:06:43,600 [2b202a02-6273-4262-ac40-cc676055620c@group-4BD3E808CA20-FollowerState] INFO  impl.FollowerState (FollowerState.java:run(152)) - 2b202a02-6273-4262-ac40-cc676055620c@group-4BD3E808CA20-FollowerState was interrupted
2023-03-23 08:06:43,600 [2b202a02-6273-4262-ac40-cc676055620c-impl-thread2] INFO  impl.StateMachineUpdater (StateMachineUpdater.java:stopAndJoin(153)) - 2b202a02-6273-4262-ac40-cc676055620c@group-4BD3E808CA20-StateMachineUpdater: set stopIndex = -1
2023-03-23 08:06:43,600 [2b202a02-6273-4262-ac40-cc676055620c-impl-thread2] INFO  server.RaftServer$Division (ServerState.java:close(466)) - 2b202a02-6273-4262-ac40-cc676055620c@group-4BD3E808CA20: closes. applyIndex: -1
2023-03-23 08:06:43,600 [2b202a02-6273-4262-ac40-cc676055620c@group-4BD3E808CA20-SegmentedRaftLogWorker] INFO  segmented.SegmentedRaftLogWorker (SegmentedRaftLogWorker.java:run(347)) - 2b202a02-6273-4262-ac40-cc676055620c@group-4BD3E808CA20-SegmentedRaftLogWorker was interrupted, exiting. There are 0 tasks remaining in the queue.
2023-03-23 08:06:43,601 [2b202a02-6273-4262-ac40-cc676055620c-NettyServerStreamRpc-bossGroup--thread1] INFO  logging.LoggingHandler (AbstractInternalLogger.java:log(148)) - [id: 0x5e3c214d, L:/0:0:0:0:0:0:0:0:42641] CLOSE
2023-03-23 08:06:43,601 [2b202a02-6273-4262-ac40-cc676055620c-NettyServerStreamRpc-bossGroup--thread1] INFO  logging.LoggingHandler (AbstractInternalLogger.java:log(148)) - [id: 0x5e3c214d, L:/0:0:0:0:0:0:0:0:42641] INACTIVE
2023-03-23 08:06:43,601 [2b202a02-6273-4262-ac40-cc676055620c-NettyServerStreamRpc-bossGroup--thread1] INFO  logging.LoggingHandler (AbstractInternalLogger.java:log(148)) - [id: 0x5e3c214d, L:/0:0:0:0:0:0:0:0:42641] UNREGISTERED
2023-03-23 08:06:43,601 [2b202a02-6273-4262-ac40-cc676055620c@group-FC8DF440C2CC-StateMachineUpdater] INFO  ratis.ContainerStateMachine (ContainerStateMachine.java:takeSnapshot(341)) - group-FC8DF440C2CC: Finished taking a snapshot at:(t:1, i:118) file:/home/runner/work/ozone/ozone/hadoop-ozone/integration-test/target/test-dir/MiniOzoneClusterImpl-83429495-af89-4435-a907-dab059fcfd42/datanode-2/data/ratis/60f4dc05-4e25-430c-932c-fc8df440c2cc/sm/snapshot.1_118 took: 2 ms
2023-03-23 08:06:43,601 [2b202a02-6273-4262-ac40-cc676055620c@group-FC8DF440C2CC-StateMachineUpdater] INFO  impl.StateMachineUpdater (StateMachineUpdater.java:takeSnapshot(287)) - 2b202a02-6273-4262-ac40-cc676055620c@group-FC8DF440C2CC-StateMachineUpdater: Took a snapshot at index 118
2023-03-23 08:06:43,601 [2b202a02-6273-4262-ac40-cc676055620c@group-FC8DF440C2CC-StateMachineUpdater] INFO  impl.StateMachineUpdater (StateMachineUpdater.java:lambda$new$0(92)) - 2b202a02-6273-4262-ac40-cc676055620c@group-FC8DF440C2CC-StateMachineUpdater: snapshotIndex: updateIncreasingly -1 -> 118
2023-03-23 08:06:43,602 [2b202a02-6273-4262-ac40-cc676055620c-impl-thread1] INFO  server.RaftServer$Division (ServerState.java:close(466)) - 2b202a02-6273-4262-ac40-cc676055620c@group-FC8DF440C2CC: closes. applyIndex: 118
2023-03-23 08:06:43,603 [2b202a02-6273-4262-ac40-cc676055620c@group-FC8DF440C2CC-SegmentedRaftLogWorker] INFO  segmented.SegmentedRaftLogWorker (SegmentedRaftLogWorker.java:run(347)) - 2b202a02-6273-4262-ac40-cc676055620c@group-FC8DF440C2CC-SegmentedRaftLogWorker was interrupted, exiting. There are 0 tasks remaining in the queue.
2023-03-23 08:06:43,603 [2b202a02-6273-4262-ac40-cc676055620c-impl-thread2] INFO  segmented.SegmentedRaftLogWorker (SegmentedRaftLogWorker.java:close(257)) - 2b202a02-6273-4262-ac40-cc676055620c@group-4BD3E808CA20-SegmentedRaftLogWorker close()
2023-03-23 08:06:43,604 [2b202a02-6273-4262-ac40-cc676055620c-impl-thread1] INFO  segmented.SegmentedRaftLogWorker (SegmentedRaftLogWorker.java:close(257)) - 2b202a02-6273-4262-ac40-cc676055620c@group-FC8DF440C2CC-SegmentedRaftLogWorker close()
2023-03-23 08:06:43,612 [Listener at 127.0.0.1/46681] INFO  handler.ContextHandler (ContextHandler.java:doStop(1159)) - Stopped o.e.j.w.WebAppContext@743d075c{hddsDatanode,/,null,STOPPED}{jar:file:/home/runner/.m2/repository/org/apache/ozone/hdds-container-service/1.4.0-SNAPSHOT/hdds-container-service-1.4.0-SNAPSHOT.jar!/webapps/hddsDatanode}
2023-03-23 08:06:43,612 [BlockDeletingService#6] INFO  interfaces.ContainerDeletionChoosingPolicyTemplate (ContainerDeletionChoosingPolicyTemplate.java:chooseContainerForBlockDeletion(83)) - Chosen 0/5000 blocks from 0 candidate containers.
2023-03-23 08:06:43,614 [JvmPauseMonitor11] INFO  util.JvmPauseMonitor (JvmPauseMonitor.java:run(111)) - JvmPauseMonitor-2b202a02-6273-4262-ac40-cc676055620c: Stopped
2023-03-23 08:06:43,617 [Listener at 127.0.0.1/46681] INFO  server.AbstractConnector (AbstractConnector.java:doStop(383)) - Stopped ServerConnector@134d4122{HTTP/1.1, (http/1.1)}{0.0.0.0:0}
2023-03-23 08:06:43,617 [Listener at 127.0.0.1/46681] INFO  server.session (HouseKeeper.java:stopScavenging(149)) - node0 Stopped scavenging
2023-03-23 08:06:43,618 [Listener at 127.0.0.1/46681] INFO  handler.ContextHandler (ContextHandler.java:doStop(1159)) - Stopped o.e.j.s.ServletContextHandler@269607a4{static,/static,jar:file:/home/runner/.m2/repository/org/apache/ozone/hdds-container-service/1.4.0-SNAPSHOT/hdds-container-service-1.4.0-SNAPSHOT.jar!/webapps/static,STOPPED}
2023-03-23 08:06:43,618 [Listener at 127.0.0.1/46681] INFO  handler.ContextHandler (ContextHandler.java:doStop(1159)) - Stopped o.e.j.s.ServletContextHandler@1750016{logs,/logs,file:///home/runner/work/ozone/ozone/hadoop-ozone/integration-test/target/log,STOPPED}
2023-03-23 08:06:43,672 [SCMBlockDeletingService#0] DEBUG block.SCMBlockDeletingService (SCMBlockDeletingService.java:call(136)) - Running DeletedBlockTransactionScanner
2023-03-23 08:06:43,713 [BlockDeletingService#6] INFO  interfaces.ContainerDeletionChoosingPolicyTemplate (ContainerDeletionChoosingPolicyTemplate.java:chooseContainerForBlockDeletion(83)) - Chosen 0/5000 blocks from 0 candidate containers.
2023-03-23 08:06:43,772 [SCMBlockDeletingService#0] DEBUG block.SCMBlockDeletingService (SCMBlockDeletingService.java:call(136)) - Running DeletedBlockTransactionScanner
2023-03-23 08:06:43,813 [BlockDeletingService#6] INFO  interfaces.ContainerDeletionChoosingPolicyTemplate (ContainerDeletionChoosingPolicyTemplate.java:chooseContainerForBlockDeletion(83)) - Chosen 0/5000 blocks from 0 candidate containers.
2023-03-23 08:06:43,872 [SCMBlockDeletingService#0] DEBUG block.SCMBlockDeletingService (SCMBlockDeletingService.java:call(136)) - Running DeletedBlockTransactionScanner
2023-03-23 08:06:43,913 [BlockDeletingService#6] INFO  interfaces.ContainerDeletionChoosingPolicyTemplate (ContainerDeletionChoosingPolicyTemplate.java:chooseContainerForBlockDeletion(83)) - Chosen 0/5000 blocks from 0 candidate containers.
2023-03-23 08:06:43,972 [SCMBlockDeletingService#0] DEBUG block.SCMBlockDeletingService (SCMBlockDeletingService.java:call(136)) - Running DeletedBlockTransactionScanner
2023-03-23 08:06:44,013 [BlockDeletingService#6] INFO  interfaces.ContainerDeletionChoosingPolicyTemplate (ContainerDeletionChoosingPolicyTemplate.java:chooseContainerForBlockDeletion(83)) - Chosen 0/5000 blocks from 0 candidate containers.
2023-03-23 08:06:44,073 [SCMBlockDeletingService#0] DEBUG block.SCMBlockDeletingService (SCMBlockDeletingService.java:call(136)) - Running DeletedBlockTransactionScanner
2023-03-23 08:06:44,114 [BlockDeletingService#6] INFO  interfaces.ContainerDeletionChoosingPolicyTemplate (ContainerDeletionChoosingPolicyTemplate.java:chooseContainerForBlockDeletion(83)) - Chosen 0/5000 blocks from 0 candidate containers.
2023-03-23 08:06:44,173 [SCMBlockDeletingService#0] DEBUG block.SCMBlockDeletingService (SCMBlockDeletingService.java:call(136)) - Running DeletedBlockTransactionScanner
2023-03-23 08:06:44,214 [BlockDeletingService#6] INFO  interfaces.ContainerDeletionChoosingPolicyTemplate (ContainerDeletionChoosingPolicyTemplate.java:chooseContainerForBlockDeletion(83)) - Chosen 0/5000 blocks from 0 candidate containers.
2023-03-23 08:06:44,273 [SCMBlockDeletingService#0] DEBUG block.SCMBlockDeletingService (SCMBlockDeletingService.java:call(136)) - Running DeletedBlockTransactionScanner
2023-03-23 08:06:44,314 [BlockDeletingService#6] INFO  interfaces.ContainerDeletionChoosingPolicyTemplate (ContainerDeletionChoosingPolicyTemplate.java:chooseContainerForBlockDeletion(83)) - Chosen 0/5000 blocks from 0 candidate containers.
2023-03-23 08:06:44,373 [SCMBlockDeletingService#0] DEBUG block.SCMBlockDeletingService (SCMBlockDeletingService.java:call(136)) - Running DeletedBlockTransactionScanner
2023-03-23 08:06:44,415 [BlockDeletingService#6] INFO  interfaces.ContainerDeletionChoosingPolicyTemplate (ContainerDeletionChoosingPolicyTemplate.java:chooseContainerForBlockDeletion(83)) - Chosen 0/5000 blocks from 0 candidate containers.
2023-03-23 08:06:44,473 [SCMBlockDeletingService#0] DEBUG block.SCMBlockDeletingService (SCMBlockDeletingService.java:call(136)) - Running DeletedBlockTransactionScanner
2023-03-23 08:06:44,477 [EventQueue-StaleNodeForStaleNodeHandler] INFO  node.StaleNodeHandler (StaleNodeHandler.java:onMessage(59)) - Datanode 0838c789-5be6-4b53-844e-73c82c080a18(fv-az105-497.wy5h1aom0jgehahef1oyr10hrc.bx.internal.cloudapp.net/10.1.0.214) moved to stale state. Finalizing its pipelines [PipelineID=60f4dc05-4e25-430c-932c-fc8df440c2cc, PipelineID=cc7e45dc-4708-4202-abb8-4bd3e808ca20]
2023-03-23 08:06:44,478 [EventQueue-StaleNodeForStaleNodeHandler] INFO  pipeline.PipelineManagerImpl (PipelineManagerImpl.java:closePipeline(442)) - Pipeline Pipeline[ Id: cc7e45dc-4708-4202-abb8-4bd3e808ca20, Nodes: 9852ed25-ff4d-4e5e-8bb3-2709f3d2ddbb(fv-az105-497.wy5h1aom0jgehahef1oyr10hrc.bx.internal.cloudapp.net/10.1.0.214)2b202a02-6273-4262-ac40-cc676055620c(fv-az105-497.wy5h1aom0jgehahef1oyr10hrc.bx.internal.cloudapp.net/10.1.0.214)0838c789-5be6-4b53-844e-73c82c080a18(fv-az105-497.wy5h1aom0jgehahef1oyr10hrc.bx.internal.cloudapp.net/10.1.0.214), ReplicationConfig: RATIS/THREE, State:ALLOCATED, leaderId:, CreationTimestamp2023-03-23T08:06:40.669Z[Etc/UTC]] moved to CLOSED state
2023-03-23 08:06:44,478 [EventQueue-StaleNodeForStaleNodeHandler] INFO  node.StaleNodeHandler (StaleNodeHandler.java:onMessage(59)) - Datanode 9852ed25-ff4d-4e5e-8bb3-2709f3d2ddbb(fv-az105-497.wy5h1aom0jgehahef1oyr10hrc.bx.internal.cloudapp.net/10.1.0.214) moved to stale state. Finalizing its pipelines [PipelineID=60f4dc05-4e25-430c-932c-fc8df440c2cc, PipelineID=cc7e45dc-4708-4202-abb8-4bd3e808ca20]
2023-03-23 08:06:44,515 [BlockDeletingService#6] INFO  interfaces.ContainerDeletionChoosingPolicyTemplate (ContainerDeletionChoosingPolicyTemplate.java:chooseContainerForBlockDeletion(83)) - Chosen 0/5000 blocks from 0 candidate containers.
2023-03-23 08:06:44,573 [SCMBlockDeletingService#0] DEBUG block.SCMBlockDeletingService (SCMBlockDeletingService.java:call(136)) - Running DeletedBlockTransactionScanner
2023-03-23 08:06:44,616 [BlockDeletingService#6] INFO  interfaces.ContainerDeletionChoosingPolicyTemplate (ContainerDeletionChoosingPolicyTemplate.java:chooseContainerForBlockDeletion(83)) - Chosen 0/5000 blocks from 0 candidate containers.
2023-03-23 08:06:44,673 [SCMBlockDeletingService#0] DEBUG block.SCMBlockDeletingService (SCMBlockDeletingService.java:call(136)) - Running DeletedBlockTransactionScanner
2023-03-23 08:06:44,716 [BlockDeletingService#6] INFO  interfaces.ContainerDeletionChoosingPolicyTemplate (ContainerDeletionChoosingPolicyTemplate.java:chooseContainerForBlockDeletion(83)) - Chosen 0/5000 blocks from 0 candidate containers.
2023-03-23 08:06:44,773 [SCMBlockDeletingService#0] DEBUG block.SCMBlockDeletingService (SCMBlockDeletingService.java:call(136)) - Running DeletedBlockTransactionScanner
2023-03-23 08:06:44,817 [BlockDeletingService#6] INFO  interfaces.ContainerDeletionChoosingPolicyTemplate (ContainerDeletionChoosingPolicyTemplate.java:chooseContainerForBlockDeletion(83)) - Chosen 0/5000 blocks from 0 candidate containers.
2023-03-23 08:06:44,873 [SCMBlockDeletingService#0] DEBUG block.SCMBlockDeletingService (SCMBlockDeletingService.java:call(136)) - Running DeletedBlockTransactionScanner
2023-03-23 08:06:44,917 [BlockDeletingService#6] INFO  interfaces.ContainerDeletionChoosingPolicyTemplate (ContainerDeletionChoosingPolicyTemplate.java:chooseContainerForBlockDeletion(83)) - Chosen 0/5000 blocks from 0 candidate containers.
2023-03-23 08:06:44,973 [SCMBlockDeletingService#0] DEBUG block.SCMBlockDeletingService (SCMBlockDeletingService.java:call(136)) - Running DeletedBlockTransactionScanner
2023-03-23 08:06:45,017 [BlockDeletingService#6] INFO  interfaces.ContainerDeletionChoosingPolicyTemplate (ContainerDeletionChoosingPolicyTemplate.java:chooseContainerForBlockDeletion(83)) - Chosen 0/5000 blocks from 0 candidate containers.
2023-03-23 08:06:45,073 [SCMBlockDeletingService#0] DEBUG block.SCMBlockDeletingService (SCMBlockDeletingService.java:call(136)) - Running DeletedBlockTransactionScanner
2023-03-23 08:06:45,118 [BlockDeletingService#6] INFO  interfaces.ContainerDeletionChoosingPolicyTemplate (ContainerDeletionChoosingPolicyTemplate.java:chooseContainerForBlockDeletion(83)) - Chosen 0/5000 blocks from 0 candidate containers.
2023-03-23 08:06:45,174 [SCMBlockDeletingService#0] DEBUG block.SCMBlockDeletingService (SCMBlockDeletingService.java:call(136)) - Running DeletedBlockTransactionScanner
2023-03-23 08:06:45,218 [BlockDeletingService#6] INFO  interfaces.ContainerDeletionChoosingPolicyTemplate (ContainerDeletionChoosingPolicyTemplate.java:chooseContainerForBlockDeletion(83)) - Chosen 0/5000 blocks from 0 candidate containers.
2023-03-23 08:06:45,274 [SCMBlockDeletingService#0] DEBUG block.SCMBlockDeletingService (SCMBlockDeletingService.java:call(136)) - Running DeletedBlockTransactionScanner
2023-03-23 08:06:45,318 [BlockDeletingService#6] INFO  interfaces.ContainerDeletionChoosingPolicyTemplate (ContainerDeletionChoosingPolicyTemplate.java:chooseContainerForBlockDeletion(83)) - Chosen 0/5000 blocks from 0 candidate containers.
2023-03-23 08:06:45,374 [SCMBlockDeletingService#0] DEBUG block.SCMBlockDeletingService (SCMBlockDeletingService.java:call(136)) - Running DeletedBlockTransactionScanner
2023-03-23 08:06:45,419 [BlockDeletingService#6] INFO  interfaces.ContainerDeletionChoosingPolicyTemplate (ContainerDeletionChoosingPolicyTemplate.java:chooseContainerForBlockDeletion(83)) - Chosen 0/5000 blocks from 0 candidate containers.
2023-03-23 08:06:45,474 [SCMBlockDeletingService#0] DEBUG block.SCMBlockDeletingService (SCMBlockDeletingService.java:call(136)) - Running DeletedBlockTransactionScanner
2023-03-23 08:06:45,519 [BlockDeletingService#6] INFO  interfaces.ContainerDeletionChoosingPolicyTemplate (ContainerDeletionChoosingPolicyTemplate.java:chooseContainerForBlockDeletion(83)) - Chosen 0/5000 blocks from 0 candidate containers.
2023-03-23 08:06:45,574 [SCMBlockDeletingService#0] DEBUG block.SCMBlockDeletingService (SCMBlockDeletingService.java:call(136)) - Running DeletedBlockTransactionScanner
2023-03-23 08:06:45,620 [BlockDeletingService#6] INFO  interfaces.ContainerDeletionChoosingPolicyTemplate (ContainerDeletionChoosingPolicyTemplate.java:chooseContainerForBlockDeletion(83)) - Chosen 0/5000 blocks from 0 candidate containers.
2023-03-23 08:06:45,620 [ForkJoinPool.commonPool-worker-1] INFO  volume.HddsVolume (HddsVolume.java:closeDbStore(437)) - SchemaV3 db is stopped at /home/runner/work/ozone/ozone/hadoop-ozone/integration-test/target/test-dir/MiniOzoneClusterImpl-83429495-af89-4435-a907-dab059fcfd42/datanode-2/data-0/containers/hdds/83429495-af89-4435-a907-dab059fcfd42/DS-553702c9-4f06-46c9-8470-ce89581417ac/container.db for volume DS-553702c9-4f06-46c9-8470-ce89581417ac
2023-03-23 08:06:45,621 [ForkJoinPool.commonPool-worker-1] INFO  utils.BackgroundService (BackgroundService.java:shutdown(141)) - Shutting down service BlockDeletingService
2023-03-23 08:06:45,622 [ForkJoinPool.commonPool-worker-1] INFO  utils.BackgroundService (BackgroundService.java:shutdown(141)) - Shutting down service StaleRecoveringContainerScrubbingService
2023-03-23 08:06:45,624 [ForkJoinPool.commonPool-worker-1] INFO  statemachine.DatanodeStateMachine (DatanodeStateMachine.java:stopDaemon(601)) - Ozone container server stopped.
2023-03-23 08:06:45,637 [ForkJoinPool.commonPool-worker-1] INFO  handler.ContextHandler (ContextHandler.java:doStop(1159)) - Stopped o.e.j.w.WebAppContext@34feaae{hddsDatanode,/,null,STOPPED}{jar:file:/home/runner/.m2/repository/org/apache/ozone/hdds-container-service/1.4.0-SNAPSHOT/hdds-container-service-1.4.0-SNAPSHOT.jar!/webapps/hddsDatanode}
2023-03-23 08:06:45,637 [ForkJoinPool.commonPool-worker-1] INFO  server.AbstractConnector (AbstractConnector.java:doStop(383)) - Stopped ServerConnector@5ab4791d{HTTP/1.1, (http/1.1)}{0.0.0.0:0}
2023-03-23 08:06:45,638 [ForkJoinPool.commonPool-worker-1] INFO  server.session (HouseKeeper.java:stopScavenging(149)) - node0 Stopped scavenging
2023-03-23 08:06:45,638 [ForkJoinPool.commonPool-worker-1] INFO  handler.ContextHandler (ContextHandler.java:doStop(1159)) - Stopped o.e.j.s.ServletContextHandler@b3da187{static,/static,jar:file:/home/runner/.m2/repository/org/apache/ozone/hdds-container-service/1.4.0-SNAPSHOT/hdds-container-service-1.4.0-SNAPSHOT.jar!/webapps/static,STOPPED}
2023-03-23 08:06:45,639 [ForkJoinPool.commonPool-worker-1] INFO  handler.ContextHandler (ContextHandler.java:doStop(1159)) - Stopped o.e.j.s.ServletContextHandler@1dab882e{logs,/logs,file:///home/runner/work/ozone/ozone/hadoop-ozone/integration-test/target/log,STOPPED}
2023-03-23 08:06:45,640 [Listener at 127.0.0.1/46681] INFO  ozone.MiniOzoneClusterImpl (MiniOzoneClusterImpl.java:stopSCM(545)) - Stopping the StorageContainerManager
2023-03-23 08:06:45,641 [Listener at 127.0.0.1/46681] INFO  server.StorageContainerManager (StorageContainerManager.java:stop(1538)) - Container Balancer is not running.
2023-03-23 08:06:45,641 [Listener at 127.0.0.1/46681] INFO  server.StorageContainerManager (StorageContainerManager.java:stop(1545)) - Stopping Replication Manager Service.
2023-03-23 08:06:45,641 [Listener at 127.0.0.1/46681] INFO  replication.ReplicationManager (ReplicationManager.java:stop(310)) - Stopping Replication Monitor Thread.
2023-03-23 08:06:45,641 [Listener at 127.0.0.1/46681] INFO  server.StorageContainerManager (StorageContainerManager.java:stop(1552)) - Stopping the Datanode Admin Monitor.
2023-03-23 08:06:45,641 [ReplicationMonitor] INFO  replication.ReplicationManager (ReplicationManager.java:run(893)) - Replication Monitor Thread is stopped
2023-03-23 08:06:45,642 [Listener at 127.0.0.1/46681] INFO  server.StorageContainerManager (StorageContainerManager.java:stop(1559)) - Stopping datanode service RPC server
2023-03-23 08:06:45,642 [Listener at 127.0.0.1/46681] INFO  server.SCMDatanodeProtocolServer (SCMDatanodeProtocolServer.java:stop(424)) - Stopping the RPC server for DataNodes
2023-03-23 08:06:45,642 [Listener at 127.0.0.1/46681] INFO  ipc.Server (Server.java:stop(3428)) - Stopping server on 45541
2023-03-23 08:06:45,642 [Over Replicated Processor] WARN  replication.UnhealthyReplicationProcessor (UnhealthyReplicationProcessor.java:run(146)) - Over Replicated Processor interrupted. Exiting...
2023-03-23 08:06:45,641 [Under Replicated Processor] WARN  replication.UnhealthyReplicationProcessor (UnhealthyReplicationProcessor.java:run(146)) - Under Replicated Processor interrupted. Exiting...
2023-03-23 08:06:45,644 [IPC Server Responder] INFO  ipc.Server (Server.java:run(1517)) - Stopping IPC Server Responder
2023-03-23 08:06:45,645 [IPC Server listener on 0] INFO  ipc.Server (Server.java:run(1384)) - Stopping IPC Server listener on 0
2023-03-23 08:06:45,674 [SCMBlockDeletingService#0] DEBUG block.SCMBlockDeletingService (SCMBlockDeletingService.java:call(136)) - Running DeletedBlockTransactionScanner
2023-03-23 08:06:45,679 [SCM Heartbeat Processing Thread - 0] WARN  node.NodeStateManager (NodeStateManager.java:scheduleNextHealthCheck(870)) - Current Thread is interrupted, shutting down HB processing thread for Node Manager.
2023-03-23 08:06:45,679 [Listener at 127.0.0.1/46681] INFO  server.StorageContainerManager (StorageContainerManager.java:stop(1567)) - Stopping block service RPC server
2023-03-23 08:06:45,679 [Listener at 127.0.0.1/46681] INFO  server.SCMBlockProtocolServer (SCMBlockProtocolServer.java:stop(161)) - Stopping the RPC server for Block Protocol
2023-03-23 08:06:45,680 [Listener at 127.0.0.1/46681] INFO  ipc.Server (Server.java:stop(3428)) - Stopping server on 40905
2023-03-23 08:06:45,682 [IPC Server listener on 0] INFO  ipc.Server (Server.java:run(1384)) - Stopping IPC Server listener on 0
2023-03-23 08:06:45,682 [Listener at 127.0.0.1/46681] INFO  server.StorageContainerManager (StorageContainerManager.java:stop(1574)) - Stopping the StorageContainerLocationProtocol RPC server
2023-03-23 08:06:45,683 [IPC Server Responder] INFO  ipc.Server (Server.java:run(1517)) - Stopping IPC Server Responder
2023-03-23 08:06:45,683 [Listener at 127.0.0.1/46681] INFO  server.SCMClientProtocolServer (SCMClientProtocolServer.java:stop(203)) - Stopping the RPC server for Client Protocol
2023-03-23 08:06:45,684 [Listener at 127.0.0.1/46681] INFO  ipc.Server (Server.java:stop(3428)) - Stopping server on 39359
2023-03-23 08:06:45,685 [IPC Server listener on 0] INFO  ipc.Server (Server.java:run(1384)) - Stopping IPC Server listener on 0
2023-03-23 08:06:45,686 [IPC Server Responder] INFO  ipc.Server (Server.java:run(1517)) - Stopping IPC Server Responder
2023-03-23 08:06:45,686 [Listener at 127.0.0.1/46681] INFO  server.StorageContainerManager (StorageContainerManager.java:stop(1581)) - Stopping Storage Container Manager HTTP server.
2023-03-23 08:06:45,687 [Listener at 127.0.0.1/46681] INFO  handler.ContextHandler (ContextHandler.java:doStop(1159)) - Stopped o.e.j.w.WebAppContext@7f468a5c{scm,/,null,STOPPED}{file:/home/runner/work/ozone/ozone/hadoop-ozone/integration-test/target/test-classes/webapps/scm}
2023-03-23 08:06:45,688 [Listener at 127.0.0.1/46681] INFO  server.AbstractConnector (AbstractConnector.java:doStop(383)) - Stopped ServerConnector@17e28a30{HTTP/1.1, (http/1.1)}{0.0.0.0:0}
2023-03-23 08:06:45,688 [Listener at 127.0.0.1/46681] INFO  server.session (HouseKeeper.java:stopScavenging(149)) - node0 Stopped scavenging
2023-03-23 08:06:45,688 [Listener at 127.0.0.1/46681] INFO  handler.ContextHandler (ContextHandler.java:doStop(1159)) - Stopped o.e.j.s.ServletContextHandler@5e12d5d0{static,/static,file:///home/runner/work/ozone/ozone/hadoop-ozone/integration-test/target/test-classes/webapps/static,STOPPED}
2023-03-23 08:06:45,689 [Listener at 127.0.0.1/46681] INFO  handler.ContextHandler (ContextHandler.java:doStop(1159)) - Stopped o.e.j.s.ServletContextHandler@5ba8a528{logs,/logs,file:///home/runner/work/ozone/ozone/hadoop-ozone/integration-test/target/log,STOPPED}
2023-03-23 08:06:45,689 [Listener at 127.0.0.1/46681] INFO  server.StorageContainerManager (StorageContainerManager.java:stop(1589)) - Stopping SCM LayoutVersionManager Service.
2023-03-23 08:06:45,690 [Listener at 127.0.0.1/46681] INFO  server.StorageContainerManager (StorageContainerManager.java:stop(1597)) - Stopping Block Manager Service.
2023-03-23 08:06:45,690 [Listener at 127.0.0.1/46681] INFO  utils.BackgroundService (BackgroundService.java:shutdown(141)) - Shutting down service SCMBlockDeletingService
2023-03-23 08:06:45,690 [Listener at 127.0.0.1/46681] INFO  utils.BackgroundService (BackgroundService.java:shutdown(141)) - Shutting down service SCMBlockDeletingService
2023-03-23 08:06:45,690 [Listener at 127.0.0.1/46681] INFO  server.StorageContainerManager (StorageContainerManager.java:stop(1619)) - Stopping SCM Event Queue.
2023-03-23 08:06:45,693 [Listener at 127.0.0.1/46681] INFO  server.StorageContainerManager (StorageContainerManager.java:stop(1630)) - Stopping SCM HA services.
2023-03-23 08:06:45,693 [Listener at 127.0.0.1/46681] INFO  pipeline.BackgroundPipelineCreator (BackgroundPipelineCreator.java:stop(149)) - Stopping RatisPipelineUtilsThread.
2023-03-23 08:06:45,694 [RatisPipelineUtilsThread - 0] WARN  pipeline.BackgroundPipelineCreator (BackgroundPipelineCreator.java:run(180)) - RatisPipelineUtilsThread is interrupted.
2023-03-23 08:06:45,694 [Listener at 127.0.0.1/46681] INFO  BackgroundPipelineScrubber (BackgroundSCMService.java:stop(131)) - Stopping BackgroundPipelineScrubber Service.
2023-03-23 08:06:45,694 [BackgroundPipelineScrubberThread] WARN  BackgroundPipelineScrubber (BackgroundSCMService.java:run(115)) - BackgroundPipelineScrubber is interrupted, exit
2023-03-23 08:06:45,694 [Listener at 127.0.0.1/46681] INFO  impl.MetricsSystemImpl (MetricsSystemImpl.java:stop(210)) - Stopping HddsDatanode metrics system...
2023-03-23 08:06:45,696 [prometheus] INFO  impl.MetricsSinkAdapter (MetricsSinkAdapter.java:publishMetricsFromQueue(141)) - prometheus thread interrupted.
2023-03-23 08:06:45,696 [Listener at 127.0.0.1/46681] INFO  impl.MetricsSystemImpl (MetricsSystemImpl.java:stop(216)) - HddsDatanode metrics system stopped.
2023-03-23 08:06:45,696 [Listener at 127.0.0.1/46681] WARN  pipeline.BackgroundPipelineCreator (BackgroundPipelineCreator.java:stop(145)) - RatisPipelineUtilsThread is not running, just ignore.
2023-03-23 08:06:45,697 [Listener at 127.0.0.1/46681] INFO  BackgroundPipelineScrubber (BackgroundSCMService.java:stop(126)) - BackgroundPipelineScrubber Service is not running, skip stop.
2023-03-23 08:06:45,697 [Listener at 127.0.0.1/46681] INFO  ExpiredContainerReplicaOpScrubber (BackgroundSCMService.java:stop(131)) - Stopping ExpiredContainerReplicaOpScrubber Service.
2023-03-23 08:06:45,697 [Listener at 127.0.0.1/46681] INFO  utils.BackgroundService (BackgroundService.java:shutdown(141)) - Shutting down service SCMBlockDeletingService
2023-03-23 08:06:45,697 [Listener at 127.0.0.1/46681] INFO  replication.ReplicationManager (ReplicationManager.java:stop(320)) - Replication Monitor Thread is not running.
2023-03-23 08:06:45,698 [Listener at 127.0.0.1/46681] WARN  balancer.ContainerBalancer (ContainerBalancer.java:stop(322)) - Cannot stop Container Balancer because it's not running or stopping
2023-03-23 08:06:45,698 [Listener at 127.0.0.1/46681] INFO  server.StorageContainerManager (StorageContainerManager.java:stop(1648)) - Stopping SCM MetadataStore.
2023-03-23 08:06:45,697 [ExpiredContainerReplicaOpScrubberThread] WARN  ExpiredContainerReplicaOpScrubber (BackgroundSCMService.java:run(115)) - ExpiredContainerReplicaOpScrubber is interrupted, exit
]]></system-out>
  </testcase>
  <testcase name="testBlockDeletion(ReplicationConfig)[2]" classname="org.apache.hadoop.ozone.container.common.statemachine.commandhandler.TestBlockDeletion" time="40.321">
    <system-out><![CDATA[2023-03-23 08:06:45,745 [Listener at 127.0.0.1/46681] WARN  server.ServerUtils (ServerUtils.java:getScmDbDir(148)) - ozone.scm.db.dirs is not configured. We recommend adding this setting. Falling back to ozone.metadata.dirs instead.
2023-03-23 08:06:45,749 [Listener at 127.0.0.1/46681] WARN  server.ServerUtils (ServerUtils.java:getScmDbDir(148)) - ozone.scm.db.dirs is not configured. We recommend adding this setting. Falling back to ozone.metadata.dirs instead.
2023-03-23 08:06:45,749 [Listener at 127.0.0.1/46681] INFO  ha.SCMHANodeDetails (SCMHANodeDetails.java:loadSCMHAConfig(209)) - ServiceID for StorageContainerManager is null
2023-03-23 08:06:45,749 [Listener at 127.0.0.1/46681] INFO  ha.SCMHANodeDetails (SCMHANodeDetails.java:loadSCMHAConfig(214)) - ozone.scm.default.service.id is not defined, falling back to ozone.scm.service.ids to find serviceID for StorageContainerManager if it is HA enabled cluster
2023-03-23 08:06:45,750 [Listener at 127.0.0.1/46681] WARN  utils.HAUtils (HAUtils.java:getMetaDir(342)) - ozone.scm.db.dirs is not configured. We recommend adding this setting. Falling back to ozone.metadata.dirs instead.
2023-03-23 08:06:45,750 [Listener at 127.0.0.1/46681] WARN  db.DBStoreBuilder (DBStoreBuilder.java:applyDBDefinition(172)) - ozone.scm.db.dirs is not configured. We recommend adding this setting. Falling back to ozone.metadata.dirs instead.
2023-03-23 08:06:45,871 [Listener at 127.0.0.1/46681] INFO  net.NodeSchemaLoader (NodeSchemaLoader.java:loadSchemaFromFile(129)) - Loading schema from [jar:file:/home/runner/.m2/repository/org/apache/ozone/hdds-common/1.4.0-SNAPSHOT/hdds-common-1.4.0-SNAPSHOT.jar!/network-topology-default.xml]
2023-03-23 08:06:45,871 [Listener at 127.0.0.1/46681] INFO  net.NodeSchemaLoader (NodeSchemaLoader.java:loadSchema(176)) - Loading network topology layer schema file
2023-03-23 08:06:45,874 [Listener at 127.0.0.1/46681] INFO  upgrade.AbstractLayoutVersionManager (AbstractLayoutVersionManager.java:init(83)) - Initializing Layout version manager with metadata layout = DATANODE_SCHEMA_V3 (version = 4), software layout = DATANODE_SCHEMA_V3 (version = 4)
2023-03-23 08:06:45,931 [Listener at 127.0.0.1/46681] INFO  reflections.Reflections (Reflections.java:scan(232)) - Reflections took 56 ms to scan 7 urls, producing 155 keys and 368 values 
2023-03-23 08:06:45,939 [Listener at 127.0.0.1/46681] INFO  ha.SequenceIdGenerator (SequenceIdGenerator.java:upgradeToSequenceId(349)) - upgrade localId to 111677748019200000
2023-03-23 08:06:45,940 [Listener at 127.0.0.1/46681] INFO  ha.SequenceIdGenerator (SequenceIdGenerator.java:upgradeToSequenceId(359)) - upgrade delTxnId to 0
2023-03-23 08:06:45,940 [Listener at 127.0.0.1/46681] INFO  ha.SequenceIdGenerator (SequenceIdGenerator.java:upgradeToSequenceId(376)) - upgrade containerId to 0
2023-03-23 08:06:45,940 [Listener at 127.0.0.1/46681] INFO  ha.SequenceIdGenerator (SequenceIdGenerator.java:<init>(220)) - Init the HA SequenceIdGenerator.
2023-03-23 08:06:45,942 [Listener at 127.0.0.1/46681] INFO  node.SCMNodeManager (SCMNodeManager.java:<init>(156)) - Entering startup safe mode.
2023-03-23 08:06:45,942 [Listener at 127.0.0.1/46681] INFO  algorithms.ContainerPlacementPolicyFactory (ContainerPlacementPolicyFactory.java:getPolicyInternal(86)) - Create container placement policy of type org.apache.hadoop.hdds.scm.container.placement.algorithms.SCMContainerPlacementRandom
2023-03-23 08:06:45,942 [Listener at 127.0.0.1/46681] INFO  algorithms.ContainerPlacementPolicyFactory (ContainerPlacementPolicyFactory.java:getPolicyInternal(86)) - Create container placement policy of type org.apache.hadoop.hdds.scm.container.placement.algorithms.SCMContainerPlacementRackScatter
2023-03-23 08:06:45,943 [Listener at 127.0.0.1/46681] INFO  pipeline.PipelineStateManagerImpl (PipelineStateManagerImpl.java:initialize(78)) - No pipeline exists in current db
2023-03-23 08:06:45,943 [Listener at 127.0.0.1/46681] INFO  algorithms.LeaderChoosePolicyFactory (LeaderChoosePolicyFactory.java:getPolicy(57)) - Create leader choose policy of type org.apache.hadoop.hdds.scm.pipeline.leader.choose.algorithms.MinLeaderCountChoosePolicy
2023-03-23 08:06:45,943 [Listener at 127.0.0.1/46681] INFO  algorithms.ContainerPlacementPolicyFactory (ContainerPlacementPolicyFactory.java:getPolicyInternal(86)) - Create container placement policy of type org.apache.hadoop.hdds.scm.container.placement.algorithms.SCMContainerPlacementRackScatter
2023-03-23 08:06:45,943 [Listener at 127.0.0.1/46681] INFO  ha.SCMServiceManager (SCMServiceManager.java:register(42)) - Registering service BackgroundPipelineCreator.
2023-03-23 08:06:45,944 [Listener at 127.0.0.1/46681] INFO  pipeline.BackgroundPipelineCreator (BackgroundPipelineCreator.java:start(124)) - Starting RatisPipelineUtilsThread.
2023-03-23 08:06:45,944 [Listener at 127.0.0.1/46681] INFO  BackgroundPipelineScrubber (BackgroundSCMService.java:start(68)) - Starting BackgroundPipelineScrubber Service.
2023-03-23 08:06:45,944 [Listener at 127.0.0.1/46681] INFO  ha.SCMServiceManager (SCMServiceManager.java:register(42)) - Registering service BackgroundPipelineScrubber.
2023-03-23 08:06:45,945 [Listener at 127.0.0.1/46681] INFO  ExpiredContainerReplicaOpScrubber (BackgroundSCMService.java:start(68)) - Starting ExpiredContainerReplicaOpScrubber Service.
2023-03-23 08:06:45,945 [Listener at 127.0.0.1/46681] INFO  ha.SCMServiceManager (SCMServiceManager.java:register(42)) - Registering service ExpiredContainerReplicaOpScrubber.
2023-03-23 08:06:45,947 [Listener at 127.0.0.1/46681] INFO  algorithms.PipelineChoosePolicyFactory (PipelineChoosePolicyFactory.java:createPipelineChoosePolicyFromClass(73)) - Create pipeline choose policy of type org.apache.hadoop.hdds.scm.pipeline.choose.algorithms.RandomPipelineChoosePolicy
2023-03-23 08:06:45,948 [Listener at 127.0.0.1/46681] INFO  ha.SCMServiceManager (SCMServiceManager.java:register(42)) - Registering service SCMBlockDeletingService.
2023-03-23 08:06:45,948 [Listener at 127.0.0.1/46681] INFO  replication.ReplicationManager (ReplicationManager.java:start(277)) - Starting Replication Monitor Thread.
2023-03-23 08:06:45,949 [Listener at 127.0.0.1/46681] INFO  ha.SCMServiceManager (SCMServiceManager.java:register(42)) - Registering service ReplicationManager.
2023-03-23 08:06:45,950 [ReplicationMonitor] INFO  replication.ReplicationManager (ReplicationManager.java:processAll(352)) - Replication Manager is not ready to run until 3000ms after safemode exit
2023-03-23 08:06:45,950 [Listener at 127.0.0.1/46681] INFO  safemode.ContainerSafeModeRule (ContainerSafeModeRule.java:<init>(89)) - containers with one replica threshold count 0
2023-03-23 08:06:45,951 [Listener at 127.0.0.1/46681] INFO  safemode.HealthyPipelineSafeModeRule (HealthyPipelineSafeModeRule.java:initializeRule(169)) - Total pipeline count is 0, healthy pipeline threshold count is 1
2023-03-23 08:06:45,952 [Listener at 127.0.0.1/46681] INFO  safemode.OneReplicaPipelineSafeModeRule (OneReplicaPipelineSafeModeRule.java:initializeRule(180)) - Total pipeline count is 0, pipeline's with at least one datanode reported threshold count is 0
2023-03-23 08:06:45,952 [Listener at 127.0.0.1/46681] INFO  server.StorageContainerManager (StorageContainerManager.java:<init>(396)) - SCM start with adminUsers: [runner]
2023-03-23 08:06:45,953 [Listener at 127.0.0.1/46681] INFO  ipc.CallQueueManager (CallQueueManager.java:<init>(90)) - Using callQueue: class java.util.concurrent.LinkedBlockingQueue, queueCapacity: 2000, scheduler: class org.apache.hadoop.ipc.DefaultRpcScheduler, ipcBackoff: false.
2023-03-23 08:06:45,953 [Socket Reader #1 for port 0] INFO  ipc.Server (Server.java:run(1273)) - Starting Socket Reader #1 for port 0
2023-03-23 08:06:45,954 [Listener at 0.0.0.0/42431] INFO  ipc.CallQueueManager (CallQueueManager.java:<init>(90)) - Using callQueue: class java.util.concurrent.LinkedBlockingQueue, queueCapacity: 2000, scheduler: class org.apache.hadoop.ipc.DefaultRpcScheduler, ipcBackoff: false.
2023-03-23 08:06:45,955 [Socket Reader #1 for port 0] INFO  ipc.Server (Server.java:run(1273)) - Starting Socket Reader #1 for port 0
2023-03-23 08:06:45,956 [Listener at 0.0.0.0/35431] INFO  ipc.CallQueueManager (CallQueueManager.java:<init>(90)) - Using callQueue: class java.util.concurrent.LinkedBlockingQueue, queueCapacity: 2000, scheduler: class org.apache.hadoop.ipc.DefaultRpcScheduler, ipcBackoff: false.
2023-03-23 08:06:45,957 [Socket Reader #1 for port 0] INFO  ipc.Server (Server.java:run(1273)) - Starting Socket Reader #1 for port 0
2023-03-23 08:06:45,966 [Listener at 0.0.0.0/32953] INFO  ha.SCMServiceManager (SCMServiceManager.java:register(42)) - Registering service ContainerBalancer.
2023-03-23 08:06:45,966 [Listener at 0.0.0.0/32953] INFO  server.StorageContainerManager (StorageContainerManager.java:<init>(413)) - 
Container Balancer status:
Key                            Value
Running                        true
Container Balancer Configuration values:
Key                                                Value
Threshold                                          10
Max Datanodes to Involve per Iteration(percent)    20
Max Size to Move per Iteration                     500GB
Max Size Entering Target per Iteration             26GB
Max Size Leaving Source per Iteration              26GB

2023-03-23 08:06:45,966 [Listener at 0.0.0.0/32953] INFO  ha.SCMContext (SCMContext.java:updateSafeModeStatus(228)) - Update SafeModeStatus from SafeModeStatus{safeModeStatus=true, preCheckPassed=false} to SafeModeStatus{safeModeStatus=true, preCheckPassed=false}.
2023-03-23 08:06:45,966 [Listener at 0.0.0.0/32953] INFO  server.StorageContainerManager (StorageContainerManager.java:start(1443)) - StorageContainerLocationProtocol RPC server is listening at /0.0.0.0:32953
2023-03-23 08:06:45,968 [Listener at 0.0.0.0/32953] WARN  impl.MetricsConfig (MetricsConfig.java:loadFirst(136)) - Cannot locate configuration: tried hadoop-metrics2-storagecontainermanager.properties,hadoop-metrics2.properties
2023-03-23 08:06:45,969 [Listener at 0.0.0.0/32953] INFO  impl.MetricsSystemImpl (MetricsSystemImpl.java:startTimer(378)) - Scheduled Metric snapshot period at 10 second(s).
2023-03-23 08:06:45,969 [Listener at 0.0.0.0/32953] INFO  impl.MetricsSystemImpl (MetricsSystemImpl.java:start(191)) - StorageContainerManager metrics system started
2023-03-23 08:06:45,980 [Listener at 0.0.0.0/32953] INFO  impl.MetricsSinkAdapter (MetricsSinkAdapter.java:start(204)) - Sink prometheus started
2023-03-23 08:06:45,980 [Listener at 0.0.0.0/32953] INFO  impl.MetricsSystemImpl (MetricsSystemImpl.java:registerSink(305)) - Registered sink prometheus
2023-03-23 08:06:45,994 [Listener at 0.0.0.0/32953] INFO  server.SCMClientProtocolServer (SCMClientProtocolServer.java:start(194)) - RPC server for Client  is listening at /0.0.0.0:32953
2023-03-23 08:06:45,994 [IPC Server Responder] INFO  ipc.Server (Server.java:run(1512)) - IPC Server Responder: starting
2023-03-23 08:06:46,002 [Listener at 0.0.0.0/32953] INFO  server.StorageContainerManager (StorageContainerManager.java:start(1457)) - ScmBlockLocationProtocol RPC server is listening at /0.0.0.0:35431
2023-03-23 08:06:46,006 [Listener at 0.0.0.0/32953] INFO  server.SCMBlockProtocolServer (SCMBlockProtocolServer.java:start(152)) - RPC server for Block Protocol is listening at /0.0.0.0:35431
2023-03-23 08:06:45,998 [IPC Server listener on 0] INFO  ipc.Server (Server.java:run(1352)) - IPC Server listener on 0: starting
2023-03-23 08:06:46,007 [IPC Server Responder] INFO  ipc.Server (Server.java:run(1512)) - IPC Server Responder: starting
2023-03-23 08:06:46,007 [IPC Server listener on 0] INFO  ipc.Server (Server.java:run(1352)) - IPC Server listener on 0: starting
2023-03-23 08:06:46,009 [Listener at 0.0.0.0/32953] INFO  server.SCMDatanodeProtocolServer (SCMDatanodeProtocolServer.java:start(193)) - ScmDatanodeProtocol RPC server for DataNodes is listening at /0.0.0.0:42431
2023-03-23 08:06:46,009 [IPC Server Responder] INFO  ipc.Server (Server.java:run(1512)) - IPC Server Responder: starting
2023-03-23 08:06:46,009 [IPC Server listener on 0] INFO  ipc.Server (Server.java:run(1352)) - IPC Server listener on 0: starting
2023-03-23 08:06:46,017 [Listener at 0.0.0.0/32953] INFO  http.BaseHttpServer (BaseHttpServer.java:newHttpServer2BuilderForOzone(224)) - Starting Web-server for scm at: http://0.0.0.0:0
2023-03-23 08:06:46,017 [Listener at 0.0.0.0/32953] INFO  http.BaseHttpServer (BaseHttpServer.java:<init>(111)) - Hadoop Security Enabled: false Ozone Security Enabled: false Ozone HTTP Security Enabled: false 
2023-03-23 08:06:46,019 [Listener at 0.0.0.0/32953] WARN  server.AuthenticationFilter (AuthenticationFilter.java:constructSecretProvider(240)) - Unable to initialize FileSignerSecretProvider, falling back to use random secrets. Reason: Could not read signature secret file: /home/runner/hadoop-http-auth-signature-secret
2023-03-23 08:06:46,019 [org.apache.hadoop.util.JvmPauseMonitor$Monitor@7ede0b7d] INFO  util.JvmPauseMonitor (JvmPauseMonitor.java:run(188)) - Starting JVM pause monitor
2023-03-23 08:06:46,020 [Listener at 0.0.0.0/32953] WARN  http.HttpRequestLog (HttpRequestLog.java:getRequestLog(103)) - Jetty request log can only be enabled using Log4j
2023-03-23 08:06:46,021 [Listener at 0.0.0.0/32953] INFO  http.HttpServer2 (HttpServer2.java:addGlobalFilter(1031)) - Added global filter 'safety' (class=org.apache.hadoop.hdds.server.http.HttpServer2$QuotingInputFilter)
2023-03-23 08:06:46,022 [Listener at 0.0.0.0/32953] INFO  http.HttpServer2 (HttpServer2.java:addFilter(1007)) - Added filter static_user_filter (class=org.apache.hadoop.http.lib.StaticUserWebFilter$StaticUserFilter) to context scm
2023-03-23 08:06:46,022 [Listener at 0.0.0.0/32953] INFO  http.HttpServer2 (HttpServer2.java:addFilter(1015)) - Added filter static_user_filter (class=org.apache.hadoop.http.lib.StaticUserWebFilter$StaticUserFilter) to context static
2023-03-23 08:06:46,022 [Listener at 0.0.0.0/32953] INFO  http.HttpServer2 (HttpServer2.java:addFilter(1015)) - Added filter static_user_filter (class=org.apache.hadoop.http.lib.StaticUserWebFilter$StaticUserFilter) to context logs
2023-03-23 08:06:46,023 [Listener at 0.0.0.0/32953] INFO  http.BaseHttpServer (BaseHttpServer.java:<init>(190)) - HTTP server of scm uses base directory /home/runner/work/ozone/ozone/hadoop-ozone/integration-test/target/test-dir/MiniOzoneClusterImpl-31e8183b-455c-41dd-a5db-82de5ef729db/ozone-meta/webserver
2023-03-23 08:06:46,023 [Listener at 0.0.0.0/32953] INFO  http.HttpServer2 (HttpServer2.java:bindListener(1250)) - Jetty bound to port 37223
2023-03-23 08:06:46,023 [Listener at 0.0.0.0/32953] INFO  server.Server (Server.java:doStart(375)) - jetty-9.4.49.v20220914; built: 2022-09-14T01:07:36.601Z; git: 4231a3b2e4cb8548a412a789936d640a97b1aa0a; jvm 1.8.0_362-b09
2023-03-23 08:06:46,032 [Listener at 0.0.0.0/32953] INFO  server.session (DefaultSessionIdManager.java:doStart(334)) - DefaultSessionIdManager workerName=node0
2023-03-23 08:06:46,033 [Listener at 0.0.0.0/32953] INFO  server.session (DefaultSessionIdManager.java:doStart(339)) - No SessionScavenger set, using defaults
2023-03-23 08:06:46,033 [Listener at 0.0.0.0/32953] INFO  server.session (HouseKeeper.java:startScavenging(132)) - node0 Scavenging every 600000ms
2023-03-23 08:06:46,034 [Listener at 0.0.0.0/32953] INFO  handler.ContextHandler (ContextHandler.java:doStart(921)) - Started o.e.j.s.ServletContextHandler@63b72d5{logs,/logs,file:///home/runner/work/ozone/ozone/hadoop-ozone/integration-test/target/log,AVAILABLE}
2023-03-23 08:06:46,035 [Listener at 0.0.0.0/32953] INFO  handler.ContextHandler (ContextHandler.java:doStart(921)) - Started o.e.j.s.ServletContextHandler@3df53090{static,/static,file:///home/runner/work/ozone/ozone/hadoop-ozone/integration-test/target/test-classes/webapps/static,AVAILABLE}
2023-03-23 08:06:46,039 [Listener at 0.0.0.0/32953] INFO  handler.ContextHandler (ContextHandler.java:doStart(921)) - Started o.e.j.w.WebAppContext@629fd6f8{scm,/,file:///home/runner/work/ozone/ozone/hadoop-ozone/integration-test/target/test-classes/webapps/scm/,AVAILABLE}{file:/home/runner/work/ozone/ozone/hadoop-ozone/integration-test/target/test-classes/webapps/scm}
2023-03-23 08:06:46,041 [Listener at 0.0.0.0/32953] INFO  server.AbstractConnector (AbstractConnector.java:doStart(333)) - Started ServerConnector@57d211ba{HTTP/1.1, (http/1.1)}{0.0.0.0:37223}
2023-03-23 08:06:46,041 [Listener at 0.0.0.0/32953] INFO  server.Server (Server.java:doStart(415)) - Started @105754ms
2023-03-23 08:06:46,041 [Listener at 0.0.0.0/32953] WARN  impl.MetricsSystemImpl (MetricsSystemImpl.java:register(279)) - Sink prometheus already exists!
2023-03-23 08:06:46,042 [Listener at 0.0.0.0/32953] INFO  http.BaseHttpServer (BaseHttpServer.java:updateConnectorAddress(344)) - HTTP server of scm listening at http://0.0.0.0:37223
2023-03-23 08:06:46,042 [Listener at 0.0.0.0/32953] WARN  server.ServerUtils (ServerUtils.java:getDBPath(225)) - ozone.om.db.dirs is not configured. We recommend adding this setting. Falling back to ozone.metadata.dirs instead.
2023-03-23 08:06:46,046 [Listener at 0.0.0.0/32953] INFO  ha.OMHANodeDetails (OMHANodeDetails.java:loadOMHAConfig(115)) - ozone.om.internal.service.id is not defined, falling back to ozone.om.service.ids to find serviceID for OzoneManager if it is HA enabled cluster
2023-03-23 08:06:46,048 [Listener at 0.0.0.0/32953] INFO  ha.OMHANodeDetails (OMHANodeDetails.java:loadOMHAConfig(226)) - Configuration does not have ozone.om.address set. Falling back to the default OM address /127.0.0.1:0
2023-03-23 08:06:46,048 [Listener at 0.0.0.0/32953] INFO  ha.OMHANodeDetails (OMHANodeDetails.java:getOMNodeDetailsForNonHA(254)) - OM Service ID is not set. Setting it to the default ID: omServiceIdDefault
2023-03-23 08:06:46,048 [Listener at 0.0.0.0/32953] INFO  ha.OMHANodeDetails (OMHANodeDetails.java:getOMNodeDetailsForNonHA(261)) - OM Node ID is not set. Setting it to the default ID: om1
2023-03-23 08:06:46,048 [Listener at 0.0.0.0/32953] WARN  server.ServerUtils (ServerUtils.java:getDBPath(225)) - ozone.om.db.dirs is not configured. We recommend adding this setting. Falling back to ozone.metadata.dirs instead.
2023-03-23 08:06:46,050 [Listener at 0.0.0.0/32953] INFO  upgrade.AbstractLayoutVersionManager (AbstractLayoutVersionManager.java:init(83)) - Initializing Layout version manager with metadata layout = MULTITENANCY_SCHEMA (version = 3), software layout = MULTITENANCY_SCHEMA (version = 3)
2023-03-23 08:06:46,144 [Listener at 0.0.0.0/32953] INFO  reflections.Reflections (Reflections.java:scan(232)) - Reflections took 93 ms to scan 2 urls, producing 167 keys and 466 values [using 2 cores]
2023-03-23 08:06:46,145 [Listener at 0.0.0.0/32953] INFO  upgrade.OMLayoutVersionManager (OMLayoutVersionManager.java:lambda$0(115)) - Skipping Upgrade Action MockOmUpgradeAction since it has been finalized.
2023-03-23 08:06:46,145 [Listener at 0.0.0.0/32953] WARN  server.ServerUtils (ServerUtils.java:getDBPath(225)) - ozone.om.db.dirs is not configured. We recommend adding this setting. Falling back to ozone.metadata.dirs instead.
2023-03-23 08:06:46,147 [Listener at 0.0.0.0/32953] INFO  proxy.SCMBlockLocationFailoverProxyProvider (SCMBlockLocationFailoverProxyProvider.java:<init>(114)) - Created block location fail-over proxy with 1 nodes: [nodeId=scmNodeId,nodeAddress=/0.0.0.0:35431]
2023-03-23 08:06:46,149 [Listener at 0.0.0.0/32953] INFO  proxy.SCMBlockLocationFailoverProxyProvider (SCMBlockLocationFailoverProxyProvider.java:<init>(114)) - Created block location fail-over proxy with 1 nodes: [nodeId=scmNodeId,nodeAddress=/0.0.0.0:35431]
2023-03-23 08:06:46,165 [Listener at 0.0.0.0/32953] INFO  om.OzoneManager (OzoneManager.java:<init>(619)) - OM start with adminUsers: [runner]
2023-03-23 08:06:46,166 [Listener at 0.0.0.0/32953] WARN  server.ServerUtils (ServerUtils.java:getDBPath(225)) - ozone.om.db.dirs is not configured. We recommend adding this setting. Falling back to ozone.metadata.dirs instead.
2023-03-23 08:06:46,167 [Listener at 0.0.0.0/32953] INFO  codec.OmKeyInfoCodec (OmKeyInfoCodec.java:<init>(49)) - OmKeyInfoCodec ignorePipeline = true
2023-03-23 08:06:46,167 [Listener at 0.0.0.0/32953] INFO  codec.RepeatedOmKeyInfoCodec (RepeatedOmKeyInfoCodec.java:<init>(41)) - RepeatedOmKeyInfoCodec ignorePipeline = true
2023-03-23 08:06:46,398 [Listener at 0.0.0.0/32953] INFO  om.OzoneManager (OzoneManager.java:instantiateServices(749)) - S3 Multi-Tenancy is disabled
2023-03-23 08:06:46,398 [Listener at 0.0.0.0/32953] WARN  server.ServerUtils (ServerUtils.java:getDBPath(225)) - ozone.om.snapshot.diff.db.dir is not configured. We recommend adding this setting. Falling back to ozone.metadata.dirs instead.
2023-03-23 08:06:46,419 [Listener at 0.0.0.0/32953] INFO  om.OzoneManager (OzoneManager.java:addS3GVolumeToDB(4221)) - Created Volume s3v With Owner runner required for S3Gateway operations.
2023-03-23 08:06:46,419 [Listener at 0.0.0.0/32953] WARN  server.ServerUtils (ServerUtils.java:getDefaultRatisDirectory(237)) - Storage directory for Ratis is not configured. It is a good idea to map this to an SSD disk. Falling back to ozone.metadata.dirs
2023-03-23 08:06:46,420 [Listener at 0.0.0.0/32953] WARN  utils.OzoneManagerRatisUtils (OzoneManagerRatisUtils.java:getOMRatisSnapshotDirectory(442)) - ozone.om.ratis.snapshot.dir is not configured. Falling back to ozone.metadata.dirs config
2023-03-23 08:06:46,420 [Listener at 0.0.0.0/32953] WARN  server.ServerUtils (ServerUtils.java:getDefaultRatisDirectory(237)) - Storage directory for Ratis is not configured. It is a good idea to map this to an SSD disk. Falling back to ozone.metadata.dirs
2023-03-23 08:06:46,422 [Listener at 0.0.0.0/32953] INFO  ratis.OzoneManagerRatisServer (OzoneManagerRatisServer.java:<init>(164)) - Instantiating OM Ratis server with groupID: omServiceIdDefault and peers: localhost:9872
2023-03-23 08:06:46,422 [Listener at 0.0.0.0/32953] INFO  ratis.OzoneManagerStateMachine (OzoneManagerStateMachine.java:loadSnapshotInfoFromDB(636)) - LastAppliedIndex is set from TransactionInfo from OM DB as (t:0, i:~)
2023-03-23 08:06:46,423 [Listener at 0.0.0.0/32953] INFO  server.RaftServer (ConfUtils.java:logGet(46)) - raft.rpc.type = GRPC (default)
2023-03-23 08:06:46,423 [Listener at 0.0.0.0/32953] INFO  grpc.GrpcConfigKeys (ConfUtils.java:logFallback(53)) - raft.grpc.admin.host = null (fallback to raft.grpc.server.host)
2023-03-23 08:06:46,423 [Listener at 0.0.0.0/32953] INFO  grpc.GrpcConfigKeys (ConfUtils.java:logFallback(53)) - raft.grpc.admin.port = 9872 (fallback to raft.grpc.server.port)
2023-03-23 08:06:46,423 [Listener at 0.0.0.0/32953] INFO  grpc.GrpcConfigKeys (ConfUtils.java:logFallback(53)) - raft.grpc.client.host = null (fallback to raft.grpc.server.host)
2023-03-23 08:06:46,423 [Listener at 0.0.0.0/32953] INFO  grpc.GrpcConfigKeys (ConfUtils.java:logFallback(53)) - raft.grpc.client.port = 9872 (fallback to raft.grpc.server.port)
2023-03-23 08:06:46,424 [Listener at 0.0.0.0/32953] INFO  grpc.GrpcConfigKeys (ConfUtils.java:logGet(46)) - raft.grpc.server.host = null (default)
2023-03-23 08:06:46,424 [Listener at 0.0.0.0/32953] INFO  grpc.GrpcConfigKeys (ConfUtils.java:logGet(46)) - raft.grpc.server.port = 9872 (custom)
2023-03-23 08:06:46,424 [Listener at 0.0.0.0/32953] INFO  server.GrpcService (ConfUtils.java:logGet(46)) - raft.grpc.message.size.max = 33554432 (custom)
2023-03-23 08:06:46,424 [Listener at 0.0.0.0/32953] INFO  server.RaftServerConfigKeys (ConfUtils.java:logGet(46)) - raft.server.log.appender.buffer.byte-limit = 33554432 (custom)
2023-03-23 08:06:46,424 [Listener at 0.0.0.0/32953] INFO  server.GrpcService (ConfUtils.java:logGet(46)) - raft.grpc.flow.control.window = 1MB (=1048576) (default)
2023-03-23 08:06:46,425 [Listener at 0.0.0.0/32953] INFO  server.RaftServerConfigKeys (ConfUtils.java:logGet(46)) - raft.server.rpc.request.timeout = 3000ms (default)
2023-03-23 08:06:46,425 [Listener at 0.0.0.0/32953] INFO  grpc.GrpcConfigKeys (ConfUtils.java:logGet(46)) - raft.grpc.server.heartbeat.channel = true (default)
2023-03-23 08:06:46,425 [Listener at 0.0.0.0/32953] INFO  grpc.GrpcConfigKeys (ConfUtils.java:logGet(46)) - raft.grpc.server.async.request.thread.pool.cached = true (default)
2023-03-23 08:06:46,425 [Listener at 0.0.0.0/32953] INFO  grpc.GrpcConfigKeys (ConfUtils.java:logGet(46)) - raft.grpc.server.async.request.thread.pool.size = 32 (default)
2023-03-23 08:06:46,427 [Listener at 0.0.0.0/32953] INFO  impl.DataStreamServerImpl (ConfUtils.java:logGet(46)) - raft.datastream.type = DISABLED (default)
2023-03-23 08:06:46,427 [Listener at 0.0.0.0/32953] INFO  server.RaftServerConfigKeys (ConfUtils.java:logGet(46)) - raft.server.threadpool.proxy.cached = true (default)
2023-03-23 08:06:46,427 [Listener at 0.0.0.0/32953] INFO  server.RaftServerConfigKeys (ConfUtils.java:logGet(46)) - raft.server.threadpool.proxy.size = 0 (default)
2023-03-23 08:06:46,427 [Listener at 0.0.0.0/32953] INFO  server.RaftServerConfigKeys (ConfUtils.java:logGet(46)) - raft.server.rpc.slowness.timeout = 120s (custom)
2023-03-23 08:06:46,427 [Listener at 0.0.0.0/32953] INFO  server.RaftServerConfigKeys (ConfUtils.java:logGet(46)) - raft.server.leaderelection.leader.step-down.wait-time = 10s (default)
2023-03-23 08:06:46,428 [Listener at 0.0.0.0/32953] INFO  server.RaftServerConfigKeys (ConfUtils.java:logGet(46)) - raft.server.storage.dir = [/home/runner/work/ozone/ozone/hadoop-ozone/integration-test/target/test-dir/MiniOzoneClusterImpl-31e8183b-455c-41dd-a5db-82de5ef729db/ozone-meta/ratis] (custom)
2023-03-23 08:06:46,435 [Listener at 0.0.0.0/32953] INFO  server.RaftServer (RaftServerProxy.java:addNew(96)) - om1: addNew group-C5BA1605619E:[om1|rpc:localhost:9872|priority:0|startupRole:FOLLOWER] returns group-C5BA1605619E:java.util.concurrent.CompletableFuture@14e8e0c9[Not completed]
2023-03-23 08:06:46,435 [pool-523-thread-1] INFO  server.RaftServer$Division (RaftServerImpl.java:<init>(195)) - om1: new RaftServerImpl for group-C5BA1605619E:[om1|rpc:localhost:9872|priority:0|startupRole:FOLLOWER] with OzoneManagerStateMachine:uninitialized
2023-03-23 08:06:46,435 [Listener at 0.0.0.0/32953] INFO  om.OzoneManager (OzoneManager.java:initializeRatisServer(2096)) - OzoneManager Ratis server initialized at port 9872
2023-03-23 08:06:46,435 [pool-523-thread-1] INFO  server.RaftServerConfigKeys (ConfUtils.java:logGet(46)) - raft.server.rpc.timeout.min = 1s (custom)
2023-03-23 08:06:46,435 [pool-523-thread-1] INFO  server.RaftServerConfigKeys (ConfUtils.java:logGet(46)) - raft.server.rpc.timeout.max = 1200ms (custom)
2023-03-23 08:06:46,435 [Listener at 0.0.0.0/32953] INFO  om.OzoneManager (OzoneManager.java:getRpcServer(1132)) - Creating RPC Server
2023-03-23 08:06:46,436 [pool-523-thread-1] INFO  server.RaftServerConfigKeys (ConfUtils.java:logGet(46)) - raft.server.rpc.sleep.time = 25ms (default)
2023-03-23 08:06:46,436 [pool-523-thread-1] INFO  server.RaftServerConfigKeys (ConfUtils.java:logGet(46)) - raft.server.rpc.slowness.timeout = 120s (custom)
2023-03-23 08:06:46,436 [pool-523-thread-1] INFO  server.RaftServerConfigKeys (ConfUtils.java:logGet(46)) - raft.server.leaderelection.leader.step-down.wait-time = 10s (default)
2023-03-23 08:06:46,436 [pool-523-thread-1] INFO  server.RaftServerConfigKeys (ConfUtils.java:logGet(46)) - raft.server.sleep.deviation.threshold = 300ms (default)
2023-03-23 08:06:46,436 [pool-523-thread-1] INFO  server.RaftServer$Division (ServerState.java:<init>(118)) - om1@group-C5BA1605619E: ConfigurationManager, init=-1: peers:[om1|rpc:localhost:9872|priority:0|startupRole:FOLLOWER]|listeners:[], old=null, confs=<EMPTY_MAP>
2023-03-23 08:06:46,436 [pool-523-thread-1] INFO  server.RaftServerConfigKeys (ConfUtils.java:logGet(46)) - raft.server.storage.dir = [/home/runner/work/ozone/ozone/hadoop-ozone/integration-test/target/test-dir/MiniOzoneClusterImpl-31e8183b-455c-41dd-a5db-82de5ef729db/ozone-meta/ratis] (custom)
2023-03-23 08:06:46,438 [pool-523-thread-1] INFO  server.RaftServerConfigKeys (ConfUtils.java:logGet(46)) - raft.server.log.corruption.policy = EXCEPTION (default)
2023-03-23 08:06:46,438 [pool-523-thread-1] INFO  server.RaftServerConfigKeys (ConfUtils.java:logGet(46)) - raft.server.storage.free-space.min = 0MB (=0) (default)
2023-03-23 08:06:46,439 [pool-523-thread-1] INFO  server.RaftServerConfigKeys (ConfUtils.java:logGet(46)) - raft.server.notification.no-leader.timeout = 120s (custom)
2023-03-23 08:06:46,440 [pool-523-thread-1] INFO  server.RaftServerConfigKeys (ConfUtils.java:logGet(46)) - raft.server.retrycache.expirytime = 300s (custom)
2023-03-23 08:06:46,440 [pool-523-thread-1] INFO  server.RaftServerConfigKeys (ConfUtils.java:logGet(46)) - raft.server.retrycache.statistics.expirytime = 100μs (default)
2023-03-23 08:06:46,441 [pool-523-thread-1] INFO  server.RaftServerConfigKeys (ConfUtils.java:logGet(46)) - raft.server.log.appender.install.snapshot.enabled = false (custom)
2023-03-23 08:06:46,441 [pool-523-thread-1] INFO  server.RaftServerConfigKeys (ConfUtils.java:logGet(46)) - raft.server.threadpool.server.cached = true (default)
2023-03-23 08:06:46,441 [pool-523-thread-1] INFO  server.RaftServerConfigKeys (ConfUtils.java:logGet(46)) - raft.server.threadpool.server.size = 0 (default)
2023-03-23 08:06:46,441 [pool-523-thread-1] INFO  server.RaftServerConfigKeys (ConfUtils.java:logGet(46)) - raft.server.threadpool.client.cached = true (default)
2023-03-23 08:06:46,441 [pool-523-thread-1] INFO  server.RaftServerConfigKeys (ConfUtils.java:logGet(46)) - raft.server.threadpool.client.size = 0 (default)
2023-03-23 08:06:46,909 [Listener at 0.0.0.0/32953] INFO  reflections.Reflections (Reflections.java:scan(232)) - Reflections took 471 ms to scan 19 urls, producing 68 keys and 4968 values [using 2 cores]
2023-03-23 08:06:46,912 [Listener at 0.0.0.0/32953] INFO  ipc.CallQueueManager (CallQueueManager.java:<init>(90)) - Using callQueue: class java.util.concurrent.LinkedBlockingQueue, queueCapacity: 2000, scheduler: class org.apache.hadoop.ipc.DefaultRpcScheduler, ipcBackoff: false.
2023-03-23 08:06:46,913 [Socket Reader #1 for port 0] INFO  ipc.Server (Server.java:run(1273)) - Starting Socket Reader #1 for port 0
2023-03-23 08:06:46,940 [Listener at 127.0.0.1/35553] INFO  impl.MetricsSystemImpl (MetricsSystemImpl.java:init(158)) - OzoneManager metrics system started (again)
2023-03-23 08:06:46,957 [Listener at 127.0.0.1/35553] INFO  om.OzoneManager (OzoneManager.java:start(1553)) - OzoneManager RPC server is listening at localhost/127.0.0.1:35553
2023-03-23 08:06:46,957 [Listener at 127.0.0.1/35553] INFO  ratis.OzoneManagerRatisServer (OzoneManagerRatisServer.java:start(559)) - Starting OzoneManagerRatisServer om1 at port 9872
2023-03-23 08:06:46,958 [om1-impl-thread1] INFO  storage.RaftStorageDirectory (RaftStorageDirectoryImpl.java:analyzeStorage(137)) - The storage directory /home/runner/work/ozone/ozone/hadoop-ozone/integration-test/target/test-dir/MiniOzoneClusterImpl-31e8183b-455c-41dd-a5db-82de5ef729db/ozone-meta/ratis/bf265839-605b-3f16-9796-c5ba1605619e does not exist. Creating ...
2023-03-23 08:06:46,959 [om1-impl-thread1] INFO  storage.RaftStorageDirectory (RaftStorageDirectoryImpl.java:tryLock(231)) - Lock on /home/runner/work/ozone/ozone/hadoop-ozone/integration-test/target/test-dir/MiniOzoneClusterImpl-31e8183b-455c-41dd-a5db-82de5ef729db/ozone-meta/ratis/bf265839-605b-3f16-9796-c5ba1605619e/in_use.lock acquired by nodename 6812@fv-az105-497
2023-03-23 08:06:46,961 [om1-impl-thread1] INFO  storage.RaftStorage (RaftStorageImpl.java:format(96)) - Storage directory /home/runner/work/ozone/ozone/hadoop-ozone/integration-test/target/test-dir/MiniOzoneClusterImpl-31e8183b-455c-41dd-a5db-82de5ef729db/ozone-meta/ratis/bf265839-605b-3f16-9796-c5ba1605619e has been successfully formatted.
2023-03-23 08:06:46,961 [om1-impl-thread1] INFO  server.RaftServerConfigKeys (ConfUtils.java:logGet(46)) - raft.server.log.use.memory = false (default)
2023-03-23 08:06:46,961 [om1-impl-thread1] INFO  server.RaftServerConfigKeys (ConfUtils.java:logGet(46)) - raft.server.log.purge.gap = 1000000 (custom)
2023-03-23 08:06:46,962 [om1-impl-thread1] INFO  server.RaftServerConfigKeys (ConfUtils.java:logGet(46)) - raft.server.log.appender.buffer.byte-limit = 33554432 (custom)
2023-03-23 08:06:46,962 [om1-impl-thread1] INFO  server.RaftServerConfigKeys (ConfUtils.java:logGet(46)) - raft.server.log.statemachine.data.read.timeout = 1000ms (default)
2023-03-23 08:06:46,962 [om1-impl-thread1] INFO  server.RaftServerConfigKeys (ConfUtils.java:logGet(46)) - raft.server.log.purge.preservation.log.num = 0 (default)
2023-03-23 08:06:46,962 [om1-impl-thread1] INFO  server.RaftServerConfigKeys (ConfUtils.java:logGet(46)) - raft.server.log.segment.size.max = 4194304 (custom)
2023-03-23 08:06:46,962 [om1-impl-thread1] INFO  server.RaftServerConfigKeys (ConfUtils.java:logGet(46)) - raft.server.log.segment.cache.num.max = 2 (custom)
2023-03-23 08:06:46,962 [om1-impl-thread1] INFO  server.RaftServerConfigKeys (ConfUtils.java:logGet(46)) - raft.server.log.segment.cache.size.max = 200MB (=209715200) (default)
2023-03-23 08:06:46,962 [om1-impl-thread1] INFO  segmented.SegmentedRaftLogWorker (SegmentedRaftLogWorker.java:<init>(189)) - new om1@group-C5BA1605619E-SegmentedRaftLogWorker for RaftStorageImpl:Storage Directory /home/runner/work/ozone/ozone/hadoop-ozone/integration-test/target/test-dir/MiniOzoneClusterImpl-31e8183b-455c-41dd-a5db-82de5ef729db/ozone-meta/ratis/bf265839-605b-3f16-9796-c5ba1605619e
2023-03-23 08:06:46,962 [om1-impl-thread1] INFO  server.RaftServerConfigKeys (ConfUtils.java:logGet(46)) - raft.server.log.queue.byte-limit = 64MB (=67108864) (default)
2023-03-23 08:06:46,962 [om1-impl-thread1] INFO  server.RaftServerConfigKeys (ConfUtils.java:logGet(46)) - raft.server.log.queue.element-limit = 4096 (default)
2023-03-23 08:06:46,962 [om1-impl-thread1] INFO  server.RaftServerConfigKeys (ConfUtils.java:logGet(46)) - raft.server.log.segment.size.max = 4194304 (custom)
2023-03-23 08:06:46,962 [om1-impl-thread1] INFO  server.RaftServerConfigKeys (ConfUtils.java:logGet(46)) - raft.server.log.preallocated.size = 4194304 (custom)
2023-03-23 08:06:46,962 [om1-impl-thread1] INFO  server.RaftServerConfigKeys (ConfUtils.java:logGet(46)) - raft.server.log.force.sync.num = 128 (default)
2023-03-23 08:06:46,962 [om1-impl-thread1] INFO  server.RaftServerConfigKeys (ConfUtils.java:logGet(46)) - raft.server.log.statemachine.data.sync = true (default)
2023-03-23 08:06:46,962 [om1-impl-thread1] INFO  server.RaftServerConfigKeys (ConfUtils.java:logGet(46)) - raft.server.log.statemachine.data.sync.timeout = 10s (default)
2023-03-23 08:06:46,962 [om1-impl-thread1] INFO  server.RaftServerConfigKeys (ConfUtils.java:logGet(46)) - raft.server.log.statemachine.data.sync.timeout.retry = -1 (default)
2023-03-23 08:06:46,963 [om1-impl-thread1] INFO  server.RaftServerConfigKeys (ConfUtils.java:logGet(46)) - raft.server.log.write.buffer.size = 64KB (=65536) (default)
2023-03-23 08:06:46,963 [om1-impl-thread1] INFO  server.RaftServerConfigKeys (ConfUtils.java:logGet(46)) - raft.server.log.appender.buffer.byte-limit = 33554432 (custom)
2023-03-23 08:06:46,973 [om1-impl-thread1] INFO  server.RaftServerConfigKeys (ConfUtils.java:logGet(46)) - raft.server.log.unsafe-flush.enabled = false (default)
2023-03-23 08:06:46,973 [om1-impl-thread1] INFO  server.RaftServerConfigKeys (ConfUtils.java:logGet(46)) - raft.server.log.async-flush.enabled = false (default)
2023-03-23 08:06:46,973 [om1-impl-thread1] INFO  server.RaftServerConfigKeys (ConfUtils.java:logGet(46)) - raft.server.log.statemachine.data.caching.enabled = false (default)
2023-03-23 08:06:46,974 [om1-impl-thread1] INFO  segmented.SegmentedRaftLogWorker (SegmentedRaftLogWorker.java:lambda$new$0(135)) - om1@group-C5BA1605619E-SegmentedRaftLogWorker: flushIndex: setUnconditionally 0 -> -1
2023-03-23 08:06:46,974 [om1-impl-thread1] INFO  segmented.SegmentedRaftLogWorker (SegmentedRaftLogWorker.java:lambda$new$0(135)) - om1@group-C5BA1605619E-SegmentedRaftLogWorker: safeCacheEvictIndex: setUnconditionally 0 -> -1
2023-03-23 08:06:46,975 [om1-impl-thread1] INFO  server.RaftServer$Division (RaftServerImpl.java:start(334)) - om1@group-C5BA1605619E: start as a follower, conf=-1: peers:[om1|rpc:localhost:9872|priority:0|startupRole:FOLLOWER]|listeners:[], old=null
2023-03-23 08:06:46,975 [om1-impl-thread1] INFO  server.RaftServer$Division (RaftServerImpl.java:setRole(321)) - om1@group-C5BA1605619E: changes role from      null to FOLLOWER at term 0 for startAsFollower
2023-03-23 08:06:46,975 [om1-impl-thread1] INFO  impl.RoleInfo (RoleInfo.java:updateAndGet(139)) - om1: start om1@group-C5BA1605619E-FollowerState
2023-03-23 08:06:46,980 [om1-impl-thread1] INFO  util.JmxRegister (JmxRegister.java:tryRegister(44)) - Successfully registered JMX Bean with object name Ratis:service=RaftServer,group=group-C5BA1605619E,id=om1
2023-03-23 08:06:46,980 [om1-impl-thread1] INFO  server.RaftServerConfigKeys (ConfUtils.java:logGet(46)) - raft.server.snapshot.auto.trigger.enabled = true (custom)
2023-03-23 08:06:46,980 [om1-impl-thread1] INFO  server.RaftServerConfigKeys (ConfUtils.java:logGet(46)) - raft.server.snapshot.auto.trigger.threshold = 400000 (default)
2023-03-23 08:06:46,980 [om1-impl-thread1] INFO  server.RaftServerConfigKeys (ConfUtils.java:logGet(46)) - raft.server.snapshot.retention.file.num = -1 (default)
2023-03-23 08:06:46,981 [om1-impl-thread1] INFO  server.RaftServerConfigKeys (ConfUtils.java:logGet(46)) - raft.server.log.purge.upto.snapshot.index = true (custom)
2023-03-23 08:06:46,981 [om1@group-C5BA1605619E-FollowerState] INFO  server.RaftServerConfigKeys (ConfUtils.java:logFallback(53)) - raft.server.rpc.first-election.timeout.min = 1s (fallback to raft.server.rpc.timeout.min)
2023-03-23 08:06:46,981 [Listener at 127.0.0.1/35553] INFO  server.RaftServer (RaftServerProxy.java:startImpl(393)) - om1: start RPC server
2023-03-23 08:06:46,982 [om1@group-C5BA1605619E-FollowerState] INFO  server.RaftServerConfigKeys (ConfUtils.java:logFallback(53)) - raft.server.rpc.first-election.timeout.max = 1200ms (fallback to raft.server.rpc.timeout.max)
2023-03-23 08:06:46,984 [Listener at 127.0.0.1/35553] INFO  server.GrpcService (GrpcService.java:startImpl(262)) - om1: GrpcService started, listening on 9872
2023-03-23 08:06:46,984 [Listener at 127.0.0.1/35553] INFO  om.OzoneManager (OzoneManager.java:start(1569)) - Version File has different layout version (3) than OM DB (null). That is expected if this OM has never been finalized to a newer layout version.
2023-03-23 08:06:46,984 [JvmPauseMonitor13] INFO  util.JvmPauseMonitor (JvmPauseMonitor.java:run(105)) - JvmPauseMonitor-om1: Started
2023-03-23 08:06:46,990 [Listener at 127.0.0.1/35553] INFO  http.BaseHttpServer (BaseHttpServer.java:newHttpServer2BuilderForOzone(224)) - Starting Web-server for ozoneManager at: http://0.0.0.0:0
2023-03-23 08:06:46,990 [Listener at 127.0.0.1/35553] INFO  http.BaseHttpServer (BaseHttpServer.java:<init>(111)) - Hadoop Security Enabled: false Ozone Security Enabled: false Ozone HTTP Security Enabled: false 
2023-03-23 08:06:46,992 [Listener at 127.0.0.1/35553] WARN  server.AuthenticationFilter (AuthenticationFilter.java:constructSecretProvider(240)) - Unable to initialize FileSignerSecretProvider, falling back to use random secrets. Reason: Could not read signature secret file: /home/runner/hadoop-http-auth-signature-secret
2023-03-23 08:06:46,993 [Listener at 127.0.0.1/35553] WARN  http.HttpRequestLog (HttpRequestLog.java:getRequestLog(103)) - Jetty request log can only be enabled using Log4j
2023-03-23 08:06:46,994 [Listener at 127.0.0.1/35553] INFO  http.HttpServer2 (HttpServer2.java:addGlobalFilter(1031)) - Added global filter 'safety' (class=org.apache.hadoop.hdds.server.http.HttpServer2$QuotingInputFilter)
2023-03-23 08:06:46,995 [Listener at 127.0.0.1/35553] INFO  http.HttpServer2 (HttpServer2.java:addFilter(1007)) - Added filter static_user_filter (class=org.apache.hadoop.http.lib.StaticUserWebFilter$StaticUserFilter) to context ozoneManager
2023-03-23 08:06:46,995 [Listener at 127.0.0.1/35553] INFO  http.HttpServer2 (HttpServer2.java:addFilter(1015)) - Added filter static_user_filter (class=org.apache.hadoop.http.lib.StaticUserWebFilter$StaticUserFilter) to context logs
2023-03-23 08:06:46,996 [Listener at 127.0.0.1/35553] INFO  http.HttpServer2 (HttpServer2.java:addFilter(1015)) - Added filter static_user_filter (class=org.apache.hadoop.http.lib.StaticUserWebFilter$StaticUserFilter) to context static
2023-03-23 08:06:46,998 [Listener at 127.0.0.1/35553] INFO  http.BaseHttpServer (BaseHttpServer.java:<init>(190)) - HTTP server of ozoneManager uses base directory /home/runner/work/ozone/ozone/hadoop-ozone/integration-test/target/test-dir/MiniOzoneClusterImpl-31e8183b-455c-41dd-a5db-82de5ef729db/ozone-meta/webserver
2023-03-23 08:06:46,998 [Listener at 127.0.0.1/35553] INFO  http.HttpServer2 (HttpServer2.java:bindListener(1250)) - Jetty bound to port 43179
2023-03-23 08:06:46,999 [Listener at 127.0.0.1/35553] INFO  server.Server (Server.java:doStart(375)) - jetty-9.4.49.v20220914; built: 2022-09-14T01:07:36.601Z; git: 4231a3b2e4cb8548a412a789936d640a97b1aa0a; jvm 1.8.0_362-b09
2023-03-23 08:06:47,004 [Listener at 127.0.0.1/35553] INFO  server.session (DefaultSessionIdManager.java:doStart(334)) - DefaultSessionIdManager workerName=node0
2023-03-23 08:06:47,005 [Listener at 127.0.0.1/35553] INFO  server.session (DefaultSessionIdManager.java:doStart(339)) - No SessionScavenger set, using defaults
2023-03-23 08:06:47,005 [Listener at 127.0.0.1/35553] INFO  server.session (HouseKeeper.java:startScavenging(132)) - node0 Scavenging every 600000ms
2023-03-23 08:06:47,006 [Listener at 127.0.0.1/35553] INFO  handler.ContextHandler (ContextHandler.java:doStart(921)) - Started o.e.j.s.ServletContextHandler@59a9fe18{logs,/logs,file:///home/runner/work/ozone/ozone/hadoop-ozone/integration-test/target/log,AVAILABLE}
2023-03-23 08:06:47,007 [Listener at 127.0.0.1/35553] INFO  handler.ContextHandler (ContextHandler.java:doStart(921)) - Started o.e.j.s.ServletContextHandler@6678a63c{static,/static,file:///home/runner/work/ozone/ozone/hadoop-ozone/integration-test/target/test-classes/webapps/static,AVAILABLE}
2023-03-23 08:06:47,010 [Listener at 127.0.0.1/35553] INFO  handler.ContextHandler (ContextHandler.java:doStart(921)) - Started o.e.j.w.WebAppContext@683fe5a5{ozoneManager,/,file:///home/runner/work/ozone/ozone/hadoop-ozone/integration-test/target/test-classes/webapps/ozoneManager/,AVAILABLE}{file:/home/runner/work/ozone/ozone/hadoop-ozone/integration-test/target/test-classes/webapps/ozoneManager}
2023-03-23 08:06:47,020 [Listener at 127.0.0.1/35553] INFO  server.AbstractConnector (AbstractConnector.java:doStart(333)) - Started ServerConnector@8a51c4e{HTTP/1.1, (http/1.1)}{0.0.0.0:43179}
2023-03-23 08:06:47,020 [Listener at 127.0.0.1/35553] INFO  server.Server (Server.java:doStart(415)) - Started @106733ms
2023-03-23 08:06:47,020 [Listener at 127.0.0.1/35553] WARN  impl.MetricsSystemImpl (MetricsSystemImpl.java:register(279)) - Sink prometheus already exists!
2023-03-23 08:06:47,022 [Listener at 127.0.0.1/35553] INFO  http.BaseHttpServer (BaseHttpServer.java:updateConnectorAddress(344)) - HTTP server of ozoneManager listening at http://0.0.0.0:43179
2023-03-23 08:06:47,027 [IPC Server Responder] INFO  ipc.Server (Server.java:run(1512)) - IPC Server Responder: starting
2023-03-23 08:06:47,032 [IPC Server listener on 0] INFO  ipc.Server (Server.java:run(1352)) - IPC Server listener on 0: starting
2023-03-23 08:06:47,035 [Listener at 127.0.0.1/35553] INFO  om.OzoneManager (OzoneManager.java:startTrashEmptier(2040)) - Trash Interval set to 0. Files deleted won't move to trash
2023-03-23 08:06:47,041 [org.apache.hadoop.util.JvmPauseMonitor$Monitor@57fc4c30] INFO  util.JvmPauseMonitor (JvmPauseMonitor.java:run(188)) - Starting JVM pause monitor
2023-03-23 08:06:47,053 [Listener at 127.0.0.1/35553] WARN  impl.MetricRegistriesImpl (MetricRegistriesImpl.java:addReporterRegistration(111)) - New reporters are added after registries were created. Some metrics will be missing from the reporter. Please add reporter before adding any new registry.
2023-03-23 08:06:47,053 [Listener at 127.0.0.1/35553] WARN  impl.MetricRegistriesImpl (MetricRegistriesImpl.java:addReporterRegistration(111)) - New reporters are added after registries were created. Some metrics will be missing from the reporter. Please add reporter before adding any new registry.
2023-03-23 08:06:47,055 [Listener at 127.0.0.1/35553] INFO  impl.MetricsSystemImpl (MetricsSystemImpl.java:init(158)) - HddsDatanode metrics system started (again)
2023-03-23 08:06:47,070 [Listener at 127.0.0.1/35553] INFO  ozone.HddsDatanodeService (HddsDatanodeService.java:start(249)) - HddsDatanodeService host:fv-az105-497.wy5h1aom0jgehahef1oyr10hrc.bx.internal.cloudapp.net ip:10.1.0.214
2023-03-23 08:06:47,097 [Listener at 127.0.0.1/35553] INFO  upgrade.AbstractLayoutVersionManager (AbstractLayoutVersionManager.java:init(83)) - Initializing Layout version manager with metadata layout = DATANODE_SCHEMA_V3 (version = 4), software layout = DATANODE_SCHEMA_V3 (version = 4)
2023-03-23 08:06:47,250 [Finalizer] WARN  managed.ManagedRocksObjectUtils (ManagedRocksObjectUtils.java:assertClosed(54)) - RocksIterator is not closed properly
2023-03-23 08:06:47,253 [Finalizer] WARN  managed.ManagedRocksObjectUtils (ManagedRocksObjectUtils.java:assertClosed(54)) - RocksIterator is not closed properly
2023-03-23 08:06:47,253 [Finalizer] WARN  managed.ManagedRocksObjectUtils (ManagedRocksObjectUtils.java:assertClosed(54)) - ManagedColumnFamilyOptions is not closed properly
2023-03-23 08:06:47,254 [Listener at 127.0.0.1/35553] INFO  reflections.Reflections (Reflections.java:scan(232)) - Reflections took 155 ms to scan 7 urls, producing 155 keys and 368 values 
2023-03-23 08:06:47,257 [Listener at 127.0.0.1/35553] INFO  statemachine.DatanodeStateMachine (DatanodeStateMachine.java:getEndPointTaskThreadPoolSize(260)) - Datanode State Machine Task Thread Pool size 2
2023-03-23 08:06:47,258 [Listener at 127.0.0.1/35553] INFO  volume.HddsVolume (HddsVolume.java:<init>(130)) - Creating HddsVolume: /home/runner/work/ozone/ozone/hadoop-ozone/integration-test/target/test-dir/MiniOzoneClusterImpl-31e8183b-455c-41dd-a5db-82de5ef729db/datanode-0/data-0/containers/hdds of storage type : DISK capacity : 9223372036854775807
2023-03-23 08:06:47,259 [Listener at 127.0.0.1/35553] INFO  volume.MutableVolumeSet (MutableVolumeSet.java:initializeVolumeSet(175)) - Added Volume : /home/runner/work/ozone/ozone/hadoop-ozone/integration-test/target/test-dir/MiniOzoneClusterImpl-31e8183b-455c-41dd-a5db-82de5ef729db/datanode-0/data-0/containers/hdds to VolumeSet
2023-03-23 08:06:47,259 [Listener at 127.0.0.1/35553] INFO  volume.ThrottledAsyncChecker (ThrottledAsyncChecker.java:schedule(141)) - Scheduling a check for /home/runner/work/ozone/ozone/hadoop-ozone/integration-test/target/test-dir/MiniOzoneClusterImpl-31e8183b-455c-41dd-a5db-82de5ef729db/datanode-0/data-0/containers/hdds
2023-03-23 08:06:47,261 [Listener at 127.0.0.1/35553] INFO  volume.StorageVolumeChecker (StorageVolumeChecker.java:checkAllVolumes(202)) - Scheduled health check for volume /home/runner/work/ozone/ozone/hadoop-ozone/integration-test/target/test-dir/MiniOzoneClusterImpl-31e8183b-455c-41dd-a5db-82de5ef729db/datanode-0/data-0/containers/hdds
2023-03-23 08:06:47,274 [Listener at 127.0.0.1/35553] INFO  volume.MutableVolumeSet (MutableVolumeSet.java:initializeVolumeSet(175)) - Added Volume : /home/runner/work/ozone/ozone/hadoop-ozone/integration-test/target/test-dir/MiniOzoneClusterImpl-31e8183b-455c-41dd-a5db-82de5ef729db/datanode-0/data/ratis to VolumeSet
2023-03-23 08:06:47,274 [Listener at 127.0.0.1/35553] INFO  volume.ThrottledAsyncChecker (ThrottledAsyncChecker.java:schedule(141)) - Scheduling a check for /home/runner/work/ozone/ozone/hadoop-ozone/integration-test/target/test-dir/MiniOzoneClusterImpl-31e8183b-455c-41dd-a5db-82de5ef729db/datanode-0/data/ratis
2023-03-23 08:06:47,274 [Listener at 127.0.0.1/35553] INFO  volume.StorageVolumeChecker (StorageVolumeChecker.java:checkAllVolumes(202)) - Scheduled health check for volume /home/runner/work/ozone/ozone/hadoop-ozone/integration-test/target/test-dir/MiniOzoneClusterImpl-31e8183b-455c-41dd-a5db-82de5ef729db/datanode-0/data/ratis
2023-03-23 08:06:47,286 [Thread-1483] INFO  ozoneimpl.ContainerReader (ContainerReader.java:readVolume(175)) - Finish verifying containers on volume /home/runner/work/ozone/ozone/hadoop-ozone/integration-test/target/test-dir/MiniOzoneClusterImpl-31e8183b-455c-41dd-a5db-82de5ef729db/datanode-0/data-0/containers/hdds
2023-03-23 08:06:47,286 [Listener at 127.0.0.1/35553] INFO  ozoneimpl.OzoneContainer (OzoneContainer.java:buildContainerSet(307)) - Build ContainerSet costs 0s
2023-03-23 08:06:47,288 [Listener at 127.0.0.1/35553] INFO  server.RaftServer (ConfUtils.java:logGet(46)) - raft.rpc.type = GRPC (default)
2023-03-23 08:06:47,288 [Listener at 127.0.0.1/35553] INFO  grpc.GrpcConfigKeys (ConfUtils.java:logFallback(53)) - raft.grpc.admin.host = null (fallback to raft.grpc.server.host)
2023-03-23 08:06:47,288 [Listener at 127.0.0.1/35553] INFO  grpc.GrpcConfigKeys (ConfUtils.java:logGet(46)) - raft.grpc.admin.port = 0 (custom)
2023-03-23 08:06:47,288 [Listener at 127.0.0.1/35553] INFO  grpc.GrpcConfigKeys (ConfUtils.java:logFallback(53)) - raft.grpc.client.host = null (fallback to raft.grpc.server.host)
2023-03-23 08:06:47,289 [Listener at 127.0.0.1/35553] INFO  grpc.GrpcConfigKeys (ConfUtils.java:logGet(46)) - raft.grpc.client.port = 0 (custom)
2023-03-23 08:06:47,289 [Listener at 127.0.0.1/35553] INFO  grpc.GrpcConfigKeys (ConfUtils.java:logGet(46)) - raft.grpc.server.host = null (default)
2023-03-23 08:06:47,289 [Listener at 127.0.0.1/35553] INFO  grpc.GrpcConfigKeys (ConfUtils.java:logGet(46)) - raft.grpc.server.port = 0 (default)
2023-03-23 08:06:47,289 [Listener at 127.0.0.1/35553] INFO  server.GrpcService (ConfUtils.java:logGet(46)) - raft.grpc.message.size.max = 32MB (=33554432) (custom)
2023-03-23 08:06:47,289 [Listener at 127.0.0.1/35553] INFO  server.RaftServerConfigKeys (ConfUtils.java:logGet(46)) - raft.server.log.appender.buffer.byte-limit = 33554432 (custom)
2023-03-23 08:06:47,290 [Listener at 127.0.0.1/35553] INFO  server.GrpcService (ConfUtils.java:logGet(46)) - raft.grpc.flow.control.window = 5MB (=5242880) (custom)
2023-03-23 08:06:47,290 [Listener at 127.0.0.1/35553] INFO  server.RaftServerConfigKeys (ConfUtils.java:logGet(46)) - raft.server.rpc.request.timeout = 60s (custom)
2023-03-23 08:06:47,292 [Listener at 127.0.0.1/35553] INFO  grpc.GrpcConfigKeys (ConfUtils.java:logGet(46)) - raft.grpc.server.heartbeat.channel = true (default)
2023-03-23 08:06:47,293 [Listener at 127.0.0.1/35553] INFO  grpc.GrpcConfigKeys (ConfUtils.java:logGet(46)) - raft.grpc.server.async.request.thread.pool.cached = true (default)
2023-03-23 08:06:47,293 [Listener at 127.0.0.1/35553] INFO  grpc.GrpcConfigKeys (ConfUtils.java:logGet(46)) - raft.grpc.server.async.request.thread.pool.size = 32 (default)
2023-03-23 08:06:47,297 [Listener at 127.0.0.1/35553] INFO  impl.DataStreamServerImpl (ConfUtils.java:logGet(46)) - raft.datastream.type = NETTY (custom)
2023-03-23 08:06:47,297 [Listener at 127.0.0.1/35553] INFO  server.RaftServerConfigKeys (ConfUtils.java:logGet(46)) - raft.server.data-stream.async.request.thread.pool.cached = false (default)
2023-03-23 08:06:47,297 [Listener at 127.0.0.1/35553] INFO  server.RaftServerConfigKeys (ConfUtils.java:logGet(46)) - raft.server.data-stream.async.request.thread.pool.size = 20 (custom)
2023-03-23 08:06:47,298 [Listener at 127.0.0.1/35553] INFO  server.RaftServerConfigKeys (ConfUtils.java:logGet(46)) - raft.server.data-stream.async.write.thread.pool.size = 16 (default)
2023-03-23 08:06:47,298 [Listener at 127.0.0.1/35553] INFO  server.RaftServerConfigKeys (ConfUtils.java:logGet(46)) - raft.server.data-stream.client.pool.size = 10 (default)
2023-03-23 08:06:47,298 [Listener at 127.0.0.1/35553] INFO  netty.NettyConfigKeys$DataStream (ConfUtils.java:logGet(46)) - raft.netty.dataStream.server.use-epoll = false (default)
2023-03-23 08:06:47,298 [Listener at 127.0.0.1/35553] INFO  netty.NettyConfigKeys$DataStream (ConfUtils.java:logGet(46)) - raft.netty.dataStream.server.boss-group.size = 0 (default)
2023-03-23 08:06:47,299 [Listener at 127.0.0.1/35553] INFO  netty.NettyConfigKeys$DataStream (ConfUtils.java:logGet(46)) - raft.netty.dataStream.server.worker-group.size = 0 (default)
2023-03-23 08:06:47,300 [Listener at 127.0.0.1/35553] INFO  netty.NettyConfigKeys$DataStream (ConfUtils.java:logGet(46)) - raft.netty.dataStream.server.tls.conf = null (default)
2023-03-23 08:06:47,301 [Listener at 127.0.0.1/35553] INFO  netty.NettyConfigKeys$DataStream (ConfUtils.java:logGet(46)) - raft.netty.dataStream.host = null (default)
2023-03-23 08:06:47,301 [Listener at 127.0.0.1/35553] INFO  netty.NettyConfigKeys$DataStream (ConfUtils.java:logGet(46)) - raft.netty.dataStream.port = 0 (default)
2023-03-23 08:06:47,301 [Listener at 127.0.0.1/35553] INFO  server.RaftServerConfigKeys (ConfUtils.java:logGet(46)) - raft.server.threadpool.proxy.cached = true (default)
2023-03-23 08:06:47,302 [Listener at 127.0.0.1/35553] INFO  server.RaftServerConfigKeys (ConfUtils.java:logGet(46)) - raft.server.threadpool.proxy.size = 0 (default)
2023-03-23 08:06:47,302 [Listener at 127.0.0.1/35553] INFO  server.RaftServerConfigKeys (ConfUtils.java:logGet(46)) - raft.server.rpc.slowness.timeout = 300s (custom)
2023-03-23 08:06:47,302 [Listener at 127.0.0.1/35553] INFO  server.RaftServerConfigKeys (ConfUtils.java:logGet(46)) - raft.server.leaderelection.leader.step-down.wait-time = 10s (default)
2023-03-23 08:06:47,302 [Listener at 127.0.0.1/35553] INFO  server.RaftServerConfigKeys (ConfUtils.java:logGet(46)) - raft.server.storage.dir = [/home/runner/work/ozone/ozone/hadoop-ozone/integration-test/target/test-dir/MiniOzoneClusterImpl-31e8183b-455c-41dd-a5db-82de5ef729db/datanode-0/data/ratis] (custom)
2023-03-23 08:06:47,309 [266f5cc7-0c64-4a72-9a4b-104b6d67fb98-NettyServerStreamRpc-bossGroup--thread1] INFO  logging.LoggingHandler (AbstractInternalLogger.java:log(148)) - [id: 0x709b7f00] REGISTERED
2023-03-23 08:06:47,310 [Listener at 127.0.0.1/35553] INFO  server.XceiverServerGrpc (XceiverServerGrpc.java:<init>(132)) - GrpcServer channel type EpollServerSocketChannel
2023-03-23 08:06:47,310 [266f5cc7-0c64-4a72-9a4b-104b6d67fb98-NettyServerStreamRpc-bossGroup--thread1] INFO  logging.LoggingHandler (AbstractInternalLogger.java:log(148)) - [id: 0x709b7f00] BIND: 0.0.0.0/0.0.0.0:0
2023-03-23 08:06:47,312 [266f5cc7-0c64-4a72-9a4b-104b6d67fb98-NettyServerStreamRpc-bossGroup--thread1] INFO  logging.LoggingHandler (AbstractInternalLogger.java:log(148)) - [id: 0x709b7f00, L:/0:0:0:0:0:0:0:0:46055] ACTIVE
2023-03-23 08:06:47,314 [Listener at 127.0.0.1/35553] INFO  http.BaseHttpServer (BaseHttpServer.java:newHttpServer2BuilderForOzone(224)) - Starting Web-server for hddsDatanode at: http://0.0.0.0:0
2023-03-23 08:06:47,314 [Listener at 127.0.0.1/35553] INFO  http.BaseHttpServer (BaseHttpServer.java:<init>(111)) - Hadoop Security Enabled: false Ozone Security Enabled: false Ozone HTTP Security Enabled: false 
2023-03-23 08:06:47,315 [Listener at 127.0.0.1/35553] WARN  server.AuthenticationFilter (AuthenticationFilter.java:constructSecretProvider(240)) - Unable to initialize FileSignerSecretProvider, falling back to use random secrets. Reason: Could not read signature secret file: /home/runner/hadoop-http-auth-signature-secret
2023-03-23 08:06:47,316 [Listener at 127.0.0.1/35553] WARN  http.HttpRequestLog (HttpRequestLog.java:getRequestLog(103)) - Jetty request log can only be enabled using Log4j
2023-03-23 08:06:47,318 [Listener at 127.0.0.1/35553] INFO  http.HttpServer2 (HttpServer2.java:addGlobalFilter(1031)) - Added global filter 'safety' (class=org.apache.hadoop.hdds.server.http.HttpServer2$QuotingInputFilter)
2023-03-23 08:06:47,318 [Listener at 127.0.0.1/35553] INFO  http.HttpServer2 (HttpServer2.java:addFilter(1007)) - Added filter static_user_filter (class=org.apache.hadoop.http.lib.StaticUserWebFilter$StaticUserFilter) to context hddsDatanode
2023-03-23 08:06:47,319 [Listener at 127.0.0.1/35553] INFO  http.HttpServer2 (HttpServer2.java:addFilter(1015)) - Added filter static_user_filter (class=org.apache.hadoop.http.lib.StaticUserWebFilter$StaticUserFilter) to context logs
2023-03-23 08:06:47,319 [Listener at 127.0.0.1/35553] INFO  http.HttpServer2 (HttpServer2.java:addFilter(1015)) - Added filter static_user_filter (class=org.apache.hadoop.http.lib.StaticUserWebFilter$StaticUserFilter) to context static
2023-03-23 08:06:47,321 [Listener at 127.0.0.1/35553] INFO  http.BaseHttpServer (BaseHttpServer.java:<init>(190)) - HTTP server of hddsDatanode uses base directory /home/runner/work/ozone/ozone/hadoop-ozone/integration-test/target/test-dir/MiniOzoneClusterImpl-31e8183b-455c-41dd-a5db-82de5ef729db/datanode-0/meta/webserver
2023-03-23 08:06:47,321 [Listener at 127.0.0.1/35553] INFO  http.HttpServer2 (HttpServer2.java:bindListener(1250)) - Jetty bound to port 38005
2023-03-23 08:06:47,321 [Listener at 127.0.0.1/35553] INFO  server.Server (Server.java:doStart(375)) - jetty-9.4.49.v20220914; built: 2022-09-14T01:07:36.601Z; git: 4231a3b2e4cb8548a412a789936d640a97b1aa0a; jvm 1.8.0_362-b09
2023-03-23 08:06:47,323 [Listener at 127.0.0.1/35553] INFO  server.session (DefaultSessionIdManager.java:doStart(334)) - DefaultSessionIdManager workerName=node0
2023-03-23 08:06:47,323 [Listener at 127.0.0.1/35553] INFO  server.session (DefaultSessionIdManager.java:doStart(339)) - No SessionScavenger set, using defaults
2023-03-23 08:06:47,324 [Listener at 127.0.0.1/35553] INFO  server.session (HouseKeeper.java:startScavenging(132)) - node0 Scavenging every 660000ms
2023-03-23 08:06:47,324 [Listener at 127.0.0.1/35553] INFO  handler.ContextHandler (ContextHandler.java:doStart(921)) - Started o.e.j.s.ServletContextHandler@7e7d5db8{logs,/logs,file:///home/runner/work/ozone/ozone/hadoop-ozone/integration-test/target/log,AVAILABLE}
2023-03-23 08:06:47,325 [Listener at 127.0.0.1/35553] INFO  handler.ContextHandler (ContextHandler.java:doStart(921)) - Started o.e.j.s.ServletContextHandler@110bdf82{static,/static,jar:file:/home/runner/.m2/repository/org/apache/ozone/hdds-container-service/1.4.0-SNAPSHOT/hdds-container-service-1.4.0-SNAPSHOT.jar!/webapps/static,AVAILABLE}
2023-03-23 08:06:47,550 [Listener at 127.0.0.1/35553] INFO  handler.ContextHandler (ContextHandler.java:doStart(921)) - Started o.e.j.w.WebAppContext@7481c0ac{hddsDatanode,/,file:///home/runner/work/ozone/ozone/hadoop-ozone/integration-test/target/test-dir/MiniOzoneClusterImpl-31e8183b-455c-41dd-a5db-82de5ef729db/datanode-0/meta/webserver/jetty-0_0_0_0-38005-hdds-container-service-1_4_0-SNAPSHOT_jar-_-any-4533298162112846577/webapp/,AVAILABLE}{jar:file:/home/runner/.m2/repository/org/apache/ozone/hdds-container-service/1.4.0-SNAPSHOT/hdds-container-service-1.4.0-SNAPSHOT.jar!/webapps/hddsDatanode}
2023-03-23 08:06:47,552 [Listener at 127.0.0.1/35553] INFO  server.AbstractConnector (AbstractConnector.java:doStart(333)) - Started ServerConnector@452a1c2f{HTTP/1.1, (http/1.1)}{0.0.0.0:38005}
2023-03-23 08:06:47,552 [Listener at 127.0.0.1/35553] INFO  server.Server (Server.java:doStart(415)) - Started @107266ms
2023-03-23 08:06:47,552 [Listener at 127.0.0.1/35553] WARN  impl.MetricsSystemImpl (MetricsSystemImpl.java:register(279)) - Sink prometheus already exists!
2023-03-23 08:06:47,553 [Listener at 127.0.0.1/35553] INFO  http.BaseHttpServer (BaseHttpServer.java:updateConnectorAddress(344)) - HTTP server of hddsDatanode listening at http://0.0.0.0:38005
2023-03-23 08:06:47,554 [Datanode State Machine Daemon Thread] INFO  statemachine.DatanodeStateMachine (DatanodeStateMachine.java:lambda$startDaemon$0(517)) - Ozone container server started.
2023-03-23 08:06:47,558 [Listener at 127.0.0.1/35553] WARN  impl.MetricRegistriesImpl (MetricRegistriesImpl.java:addReporterRegistration(111)) - New reporters are added after registries were created. Some metrics will be missing from the reporter. Please add reporter before adding any new registry.
2023-03-23 08:06:47,559 [Listener at 127.0.0.1/35553] WARN  impl.MetricRegistriesImpl (MetricRegistriesImpl.java:addReporterRegistration(111)) - New reporters are added after registries were created. Some metrics will be missing from the reporter. Please add reporter before adding any new registry.
2023-03-23 08:06:47,559 [Listener at 127.0.0.1/35553] INFO  impl.MetricsSystemImpl (MetricsSystemImpl.java:init(158)) - HddsDatanode metrics system started (again)
2023-03-23 08:06:47,569 [org.apache.hadoop.util.JvmPauseMonitor$Monitor@53b60367] INFO  util.JvmPauseMonitor (JvmPauseMonitor.java:run(188)) - Starting JVM pause monitor
2023-03-23 08:06:47,571 [Listener at 127.0.0.1/35553] INFO  ozone.HddsDatanodeService (HddsDatanodeService.java:start(249)) - HddsDatanodeService host:fv-az105-497.wy5h1aom0jgehahef1oyr10hrc.bx.internal.cloudapp.net ip:10.1.0.214
2023-03-23 08:06:47,574 [Datanode State Machine Task Thread - 0] INFO  datanode.InitDatanodeState (InitDatanodeState.java:persistContainerDatanodeDetails(138)) - DatanodeDetails is persisted to /home/runner/work/ozone/ozone/hadoop-ozone/integration-test/target/test-dir/MiniOzoneClusterImpl-31e8183b-455c-41dd-a5db-82de5ef729db/datanode-0/meta/datanode.id
2023-03-23 08:06:47,594 [Listener at 127.0.0.1/35553] INFO  upgrade.AbstractLayoutVersionManager (AbstractLayoutVersionManager.java:init(83)) - Initializing Layout version manager with metadata layout = DATANODE_SCHEMA_V3 (version = 4), software layout = DATANODE_SCHEMA_V3 (version = 4)
2023-03-23 08:06:47,647 [Listener at 127.0.0.1/35553] INFO  reflections.Reflections (Reflections.java:scan(232)) - Reflections took 51 ms to scan 7 urls, producing 155 keys and 368 values 
2023-03-23 08:06:47,653 [Listener at 127.0.0.1/35553] INFO  statemachine.DatanodeStateMachine (DatanodeStateMachine.java:getEndPointTaskThreadPoolSize(260)) - Datanode State Machine Task Thread Pool size 2
2023-03-23 08:06:47,655 [Listener at 127.0.0.1/35553] INFO  volume.HddsVolume (HddsVolume.java:<init>(130)) - Creating HddsVolume: /home/runner/work/ozone/ozone/hadoop-ozone/integration-test/target/test-dir/MiniOzoneClusterImpl-31e8183b-455c-41dd-a5db-82de5ef729db/datanode-1/data-0/containers/hdds of storage type : DISK capacity : 9223372036854775807
2023-03-23 08:06:47,656 [Listener at 127.0.0.1/35553] INFO  volume.MutableVolumeSet (MutableVolumeSet.java:initializeVolumeSet(175)) - Added Volume : /home/runner/work/ozone/ozone/hadoop-ozone/integration-test/target/test-dir/MiniOzoneClusterImpl-31e8183b-455c-41dd-a5db-82de5ef729db/datanode-1/data-0/containers/hdds to VolumeSet
2023-03-23 08:06:47,656 [Listener at 127.0.0.1/35553] INFO  volume.ThrottledAsyncChecker (ThrottledAsyncChecker.java:schedule(141)) - Scheduling a check for /home/runner/work/ozone/ozone/hadoop-ozone/integration-test/target/test-dir/MiniOzoneClusterImpl-31e8183b-455c-41dd-a5db-82de5ef729db/datanode-1/data-0/containers/hdds
2023-03-23 08:06:47,657 [Listener at 127.0.0.1/35553] INFO  volume.StorageVolumeChecker (StorageVolumeChecker.java:checkAllVolumes(202)) - Scheduled health check for volume /home/runner/work/ozone/ozone/hadoop-ozone/integration-test/target/test-dir/MiniOzoneClusterImpl-31e8183b-455c-41dd-a5db-82de5ef729db/datanode-1/data-0/containers/hdds
2023-03-23 08:06:47,669 [Listener at 127.0.0.1/35553] INFO  volume.MutableVolumeSet (MutableVolumeSet.java:initializeVolumeSet(175)) - Added Volume : /home/runner/work/ozone/ozone/hadoop-ozone/integration-test/target/test-dir/MiniOzoneClusterImpl-31e8183b-455c-41dd-a5db-82de5ef729db/datanode-1/data/ratis to VolumeSet
2023-03-23 08:06:47,669 [Listener at 127.0.0.1/35553] INFO  volume.ThrottledAsyncChecker (ThrottledAsyncChecker.java:schedule(141)) - Scheduling a check for /home/runner/work/ozone/ozone/hadoop-ozone/integration-test/target/test-dir/MiniOzoneClusterImpl-31e8183b-455c-41dd-a5db-82de5ef729db/datanode-1/data/ratis
2023-03-23 08:06:47,670 [Listener at 127.0.0.1/35553] INFO  volume.StorageVolumeChecker (StorageVolumeChecker.java:checkAllVolumes(202)) - Scheduled health check for volume /home/runner/work/ozone/ozone/hadoop-ozone/integration-test/target/test-dir/MiniOzoneClusterImpl-31e8183b-455c-41dd-a5db-82de5ef729db/datanode-1/data/ratis
2023-03-23 08:06:47,684 [Thread-1497] INFO  ozoneimpl.ContainerReader (ContainerReader.java:readVolume(175)) - Finish verifying containers on volume /home/runner/work/ozone/ozone/hadoop-ozone/integration-test/target/test-dir/MiniOzoneClusterImpl-31e8183b-455c-41dd-a5db-82de5ef729db/datanode-1/data-0/containers/hdds
2023-03-23 08:06:47,684 [Listener at 127.0.0.1/35553] INFO  ozoneimpl.OzoneContainer (OzoneContainer.java:buildContainerSet(307)) - Build ContainerSet costs 0s
2023-03-23 08:06:47,693 [Listener at 127.0.0.1/35553] INFO  server.RaftServer (ConfUtils.java:logGet(46)) - raft.rpc.type = GRPC (default)
2023-03-23 08:06:47,693 [Listener at 127.0.0.1/35553] INFO  grpc.GrpcConfigKeys (ConfUtils.java:logFallback(53)) - raft.grpc.admin.host = null (fallback to raft.grpc.server.host)
2023-03-23 08:06:47,694 [Listener at 127.0.0.1/35553] INFO  grpc.GrpcConfigKeys (ConfUtils.java:logGet(46)) - raft.grpc.admin.port = 0 (custom)
2023-03-23 08:06:47,694 [Listener at 127.0.0.1/35553] INFO  grpc.GrpcConfigKeys (ConfUtils.java:logFallback(53)) - raft.grpc.client.host = null (fallback to raft.grpc.server.host)
2023-03-23 08:06:47,694 [Listener at 127.0.0.1/35553] INFO  grpc.GrpcConfigKeys (ConfUtils.java:logGet(46)) - raft.grpc.client.port = 0 (custom)
2023-03-23 08:06:47,695 [Listener at 127.0.0.1/35553] INFO  grpc.GrpcConfigKeys (ConfUtils.java:logGet(46)) - raft.grpc.server.host = null (default)
2023-03-23 08:06:47,695 [Listener at 127.0.0.1/35553] INFO  grpc.GrpcConfigKeys (ConfUtils.java:logGet(46)) - raft.grpc.server.port = 0 (default)
2023-03-23 08:06:47,696 [Listener at 127.0.0.1/35553] INFO  server.GrpcService (ConfUtils.java:logGet(46)) - raft.grpc.message.size.max = 32MB (=33554432) (custom)
2023-03-23 08:06:47,696 [Listener at 127.0.0.1/35553] INFO  server.RaftServerConfigKeys (ConfUtils.java:logGet(46)) - raft.server.log.appender.buffer.byte-limit = 33554432 (custom)
2023-03-23 08:06:47,696 [Listener at 127.0.0.1/35553] INFO  server.GrpcService (ConfUtils.java:logGet(46)) - raft.grpc.flow.control.window = 5MB (=5242880) (custom)
2023-03-23 08:06:47,696 [Listener at 127.0.0.1/35553] INFO  server.RaftServerConfigKeys (ConfUtils.java:logGet(46)) - raft.server.rpc.request.timeout = 60s (custom)
2023-03-23 08:06:47,696 [Listener at 127.0.0.1/35553] INFO  grpc.GrpcConfigKeys (ConfUtils.java:logGet(46)) - raft.grpc.server.heartbeat.channel = true (default)
2023-03-23 08:06:47,697 [Listener at 127.0.0.1/35553] INFO  grpc.GrpcConfigKeys (ConfUtils.java:logGet(46)) - raft.grpc.server.async.request.thread.pool.cached = true (default)
2023-03-23 08:06:47,697 [Listener at 127.0.0.1/35553] INFO  grpc.GrpcConfigKeys (ConfUtils.java:logGet(46)) - raft.grpc.server.async.request.thread.pool.size = 32 (default)
2023-03-23 08:06:47,698 [Listener at 127.0.0.1/35553] INFO  impl.DataStreamServerImpl (ConfUtils.java:logGet(46)) - raft.datastream.type = NETTY (custom)
2023-03-23 08:06:47,699 [Listener at 127.0.0.1/35553] INFO  server.RaftServerConfigKeys (ConfUtils.java:logGet(46)) - raft.server.data-stream.async.request.thread.pool.cached = false (default)
2023-03-23 08:06:47,699 [Listener at 127.0.0.1/35553] INFO  server.RaftServerConfigKeys (ConfUtils.java:logGet(46)) - raft.server.data-stream.async.request.thread.pool.size = 20 (custom)
2023-03-23 08:06:47,699 [Listener at 127.0.0.1/35553] INFO  server.RaftServerConfigKeys (ConfUtils.java:logGet(46)) - raft.server.data-stream.async.write.thread.pool.size = 16 (default)
2023-03-23 08:06:47,699 [Listener at 127.0.0.1/35553] INFO  server.RaftServerConfigKeys (ConfUtils.java:logGet(46)) - raft.server.data-stream.client.pool.size = 10 (default)
2023-03-23 08:06:47,700 [Listener at 127.0.0.1/35553] INFO  netty.NettyConfigKeys$DataStream (ConfUtils.java:logGet(46)) - raft.netty.dataStream.server.use-epoll = false (default)
2023-03-23 08:06:47,700 [Listener at 127.0.0.1/35553] INFO  netty.NettyConfigKeys$DataStream (ConfUtils.java:logGet(46)) - raft.netty.dataStream.server.boss-group.size = 0 (default)
2023-03-23 08:06:47,700 [Listener at 127.0.0.1/35553] INFO  netty.NettyConfigKeys$DataStream (ConfUtils.java:logGet(46)) - raft.netty.dataStream.server.worker-group.size = 0 (default)
2023-03-23 08:06:47,701 [Listener at 127.0.0.1/35553] INFO  netty.NettyConfigKeys$DataStream (ConfUtils.java:logGet(46)) - raft.netty.dataStream.server.tls.conf = null (default)
2023-03-23 08:06:47,701 [Listener at 127.0.0.1/35553] INFO  netty.NettyConfigKeys$DataStream (ConfUtils.java:logGet(46)) - raft.netty.dataStream.host = null (default)
2023-03-23 08:06:47,702 [Listener at 127.0.0.1/35553] INFO  netty.NettyConfigKeys$DataStream (ConfUtils.java:logGet(46)) - raft.netty.dataStream.port = 0 (default)
2023-03-23 08:06:47,702 [Listener at 127.0.0.1/35553] INFO  server.RaftServerConfigKeys (ConfUtils.java:logGet(46)) - raft.server.threadpool.proxy.cached = true (default)
2023-03-23 08:06:47,702 [Listener at 127.0.0.1/35553] INFO  server.RaftServerConfigKeys (ConfUtils.java:logGet(46)) - raft.server.threadpool.proxy.size = 0 (default)
2023-03-23 08:06:47,703 [Listener at 127.0.0.1/35553] INFO  server.RaftServerConfigKeys (ConfUtils.java:logGet(46)) - raft.server.rpc.slowness.timeout = 300s (custom)
2023-03-23 08:06:47,703 [Listener at 127.0.0.1/35553] INFO  server.RaftServerConfigKeys (ConfUtils.java:logGet(46)) - raft.server.leaderelection.leader.step-down.wait-time = 10s (default)
2023-03-23 08:06:47,703 [Listener at 127.0.0.1/35553] INFO  server.RaftServerConfigKeys (ConfUtils.java:logGet(46)) - raft.server.storage.dir = [/home/runner/work/ozone/ozone/hadoop-ozone/integration-test/target/test-dir/MiniOzoneClusterImpl-31e8183b-455c-41dd-a5db-82de5ef729db/datanode-1/data/ratis] (custom)
2023-03-23 08:06:47,707 [6f5e3e4a-08bd-4bbb-984f-08bcbe860d90-NettyServerStreamRpc-bossGroup--thread1] INFO  logging.LoggingHandler (AbstractInternalLogger.java:log(148)) - [id: 0x05dffb1a] REGISTERED
2023-03-23 08:06:47,707 [6f5e3e4a-08bd-4bbb-984f-08bcbe860d90-NettyServerStreamRpc-bossGroup--thread1] INFO  logging.LoggingHandler (AbstractInternalLogger.java:log(148)) - [id: 0x05dffb1a] BIND: 0.0.0.0/0.0.0.0:0
2023-03-23 08:06:47,707 [6f5e3e4a-08bd-4bbb-984f-08bcbe860d90-NettyServerStreamRpc-bossGroup--thread1] INFO  logging.LoggingHandler (AbstractInternalLogger.java:log(148)) - [id: 0x05dffb1a, L:/0:0:0:0:0:0:0:0:40863] ACTIVE
2023-03-23 08:06:47,708 [Listener at 127.0.0.1/35553] INFO  server.XceiverServerGrpc (XceiverServerGrpc.java:<init>(132)) - GrpcServer channel type EpollServerSocketChannel
2023-03-23 08:06:47,711 [Listener at 127.0.0.1/35553] INFO  http.BaseHttpServer (BaseHttpServer.java:newHttpServer2BuilderForOzone(224)) - Starting Web-server for hddsDatanode at: http://0.0.0.0:0
2023-03-23 08:06:47,712 [Listener at 127.0.0.1/35553] INFO  http.BaseHttpServer (BaseHttpServer.java:<init>(111)) - Hadoop Security Enabled: false Ozone Security Enabled: false Ozone HTTP Security Enabled: false 
2023-03-23 08:06:47,714 [Listener at 127.0.0.1/35553] WARN  server.AuthenticationFilter (AuthenticationFilter.java:constructSecretProvider(240)) - Unable to initialize FileSignerSecretProvider, falling back to use random secrets. Reason: Could not read signature secret file: /home/runner/hadoop-http-auth-signature-secret
2023-03-23 08:06:47,715 [Listener at 127.0.0.1/35553] WARN  http.HttpRequestLog (HttpRequestLog.java:getRequestLog(103)) - Jetty request log can only be enabled using Log4j
2023-03-23 08:06:47,716 [Listener at 127.0.0.1/35553] INFO  http.HttpServer2 (HttpServer2.java:addGlobalFilter(1031)) - Added global filter 'safety' (class=org.apache.hadoop.hdds.server.http.HttpServer2$QuotingInputFilter)
2023-03-23 08:06:47,716 [Listener at 127.0.0.1/35553] INFO  http.HttpServer2 (HttpServer2.java:addFilter(1007)) - Added filter static_user_filter (class=org.apache.hadoop.http.lib.StaticUserWebFilter$StaticUserFilter) to context hddsDatanode
2023-03-23 08:06:47,717 [Listener at 127.0.0.1/35553] INFO  http.HttpServer2 (HttpServer2.java:addFilter(1015)) - Added filter static_user_filter (class=org.apache.hadoop.http.lib.StaticUserWebFilter$StaticUserFilter) to context static
2023-03-23 08:06:47,717 [Listener at 127.0.0.1/35553] INFO  http.HttpServer2 (HttpServer2.java:addFilter(1015)) - Added filter static_user_filter (class=org.apache.hadoop.http.lib.StaticUserWebFilter$StaticUserFilter) to context logs
2023-03-23 08:06:47,717 [Listener at 127.0.0.1/35553] INFO  http.BaseHttpServer (BaseHttpServer.java:<init>(190)) - HTTP server of hddsDatanode uses base directory /home/runner/work/ozone/ozone/hadoop-ozone/integration-test/target/test-dir/MiniOzoneClusterImpl-31e8183b-455c-41dd-a5db-82de5ef729db/datanode-1/meta/webserver
2023-03-23 08:06:47,718 [Listener at 127.0.0.1/35553] INFO  http.HttpServer2 (HttpServer2.java:bindListener(1250)) - Jetty bound to port 34953
2023-03-23 08:06:47,718 [Listener at 127.0.0.1/35553] INFO  server.Server (Server.java:doStart(375)) - jetty-9.4.49.v20220914; built: 2022-09-14T01:07:36.601Z; git: 4231a3b2e4cb8548a412a789936d640a97b1aa0a; jvm 1.8.0_362-b09
2023-03-23 08:06:47,728 [Listener at 127.0.0.1/35553] INFO  server.session (DefaultSessionIdManager.java:doStart(334)) - DefaultSessionIdManager workerName=node0
2023-03-23 08:06:47,729 [Listener at 127.0.0.1/35553] INFO  server.session (DefaultSessionIdManager.java:doStart(339)) - No SessionScavenger set, using defaults
2023-03-23 08:06:47,730 [Listener at 127.0.0.1/35553] INFO  server.session (HouseKeeper.java:startScavenging(132)) - node0 Scavenging every 600000ms
2023-03-23 08:06:47,732 [Listener at 127.0.0.1/35553] INFO  handler.ContextHandler (ContextHandler.java:doStart(921)) - Started o.e.j.s.ServletContextHandler@16e27e19{logs,/logs,file:///home/runner/work/ozone/ozone/hadoop-ozone/integration-test/target/log,AVAILABLE}
2023-03-23 08:06:47,732 [Listener at 127.0.0.1/35553] INFO  handler.ContextHandler (ContextHandler.java:doStart(921)) - Started o.e.j.s.ServletContextHandler@223574d1{static,/static,jar:file:/home/runner/.m2/repository/org/apache/ozone/hdds-container-service/1.4.0-SNAPSHOT/hdds-container-service-1.4.0-SNAPSHOT.jar!/webapps/static,AVAILABLE}
2023-03-23 08:06:47,958 [Listener at 127.0.0.1/35553] INFO  handler.ContextHandler (ContextHandler.java:doStart(921)) - Started o.e.j.w.WebAppContext@2879752c{hddsDatanode,/,file:///home/runner/work/ozone/ozone/hadoop-ozone/integration-test/target/test-dir/MiniOzoneClusterImpl-31e8183b-455c-41dd-a5db-82de5ef729db/datanode-1/meta/webserver/jetty-0_0_0_0-34953-hdds-container-service-1_4_0-SNAPSHOT_jar-_-any-1334571217067053953/webapp/,AVAILABLE}{jar:file:/home/runner/.m2/repository/org/apache/ozone/hdds-container-service/1.4.0-SNAPSHOT/hdds-container-service-1.4.0-SNAPSHOT.jar!/webapps/hddsDatanode}
2023-03-23 08:06:47,961 [Listener at 127.0.0.1/35553] INFO  server.AbstractConnector (AbstractConnector.java:doStart(333)) - Started ServerConnector@3b2162ab{HTTP/1.1, (http/1.1)}{0.0.0.0:34953}
2023-03-23 08:06:47,962 [Listener at 127.0.0.1/35553] INFO  server.Server (Server.java:doStart(415)) - Started @107675ms
2023-03-23 08:06:47,962 [Listener at 127.0.0.1/35553] WARN  impl.MetricsSystemImpl (MetricsSystemImpl.java:register(279)) - Sink prometheus already exists!
2023-03-23 08:06:47,963 [Listener at 127.0.0.1/35553] INFO  http.BaseHttpServer (BaseHttpServer.java:updateConnectorAddress(344)) - HTTP server of hddsDatanode listening at http://0.0.0.0:34953
2023-03-23 08:06:47,966 [Listener at 127.0.0.1/35553] WARN  impl.MetricRegistriesImpl (MetricRegistriesImpl.java:addReporterRegistration(111)) - New reporters are added after registries were created. Some metrics will be missing from the reporter. Please add reporter before adding any new registry.
2023-03-23 08:06:47,966 [Listener at 127.0.0.1/35553] WARN  impl.MetricRegistriesImpl (MetricRegistriesImpl.java:addReporterRegistration(111)) - New reporters are added after registries were created. Some metrics will be missing from the reporter. Please add reporter before adding any new registry.
2023-03-23 08:06:47,966 [Listener at 127.0.0.1/35553] INFO  impl.MetricsSystemImpl (MetricsSystemImpl.java:init(158)) - HddsDatanode metrics system started (again)
2023-03-23 08:06:47,966 [Datanode State Machine Daemon Thread] INFO  statemachine.DatanodeStateMachine (DatanodeStateMachine.java:lambda$startDaemon$0(517)) - Ozone container server started.
2023-03-23 08:06:47,979 [org.apache.hadoop.util.JvmPauseMonitor$Monitor@3b584dfb] INFO  util.JvmPauseMonitor (JvmPauseMonitor.java:run(188)) - Starting JVM pause monitor
2023-03-23 08:06:47,980 [Datanode State Machine Task Thread - 0] INFO  datanode.InitDatanodeState (InitDatanodeState.java:persistContainerDatanodeDetails(138)) - DatanodeDetails is persisted to /home/runner/work/ozone/ozone/hadoop-ozone/integration-test/target/test-dir/MiniOzoneClusterImpl-31e8183b-455c-41dd-a5db-82de5ef729db/datanode-1/meta/datanode.id
2023-03-23 08:06:47,980 [Listener at 127.0.0.1/35553] INFO  ozone.HddsDatanodeService (HddsDatanodeService.java:start(249)) - HddsDatanodeService host:fv-az105-497.wy5h1aom0jgehahef1oyr10hrc.bx.internal.cloudapp.net ip:10.1.0.214
2023-03-23 08:06:48,003 [Listener at 127.0.0.1/35553] INFO  upgrade.AbstractLayoutVersionManager (AbstractLayoutVersionManager.java:init(83)) - Initializing Layout version manager with metadata layout = DATANODE_SCHEMA_V3 (version = 4), software layout = DATANODE_SCHEMA_V3 (version = 4)
2023-03-23 08:06:48,013 [om1@group-C5BA1605619E-FollowerState] INFO  impl.FollowerState (FollowerState.java:run(143)) - om1@group-C5BA1605619E-FollowerState: change to CANDIDATE, lastRpcElapsedTime:1037998299ns, electionTimeout:1031ms
2023-03-23 08:06:48,013 [om1@group-C5BA1605619E-FollowerState] INFO  impl.RoleInfo (RoleInfo.java:shutdownFollowerState(110)) - om1: shutdown om1@group-C5BA1605619E-FollowerState
2023-03-23 08:06:48,013 [om1@group-C5BA1605619E-FollowerState] INFO  server.RaftServer$Division (RaftServerImpl.java:setRole(321)) - om1@group-C5BA1605619E: changes role from  FOLLOWER to CANDIDATE at term 0 for changeToCandidate
2023-03-23 08:06:48,013 [om1@group-C5BA1605619E-FollowerState] INFO  server.RaftServerConfigKeys (ConfUtils.java:logGet(46)) - raft.server.leaderelection.pre-vote = true (default)
2023-03-23 08:06:48,013 [om1@group-C5BA1605619E-FollowerState] INFO  impl.RoleInfo (RoleInfo.java:updateAndGet(139)) - om1: start om1@group-C5BA1605619E-LeaderElection9
2023-03-23 08:06:48,020 [om1@group-C5BA1605619E-LeaderElection9] INFO  impl.LeaderElection (LeaderElection.java:askForVotes(312)) - om1@group-C5BA1605619E-LeaderElection9 PRE_VOTE round 0: submit vote requests at term 0 for -1: peers:[om1|rpc:localhost:9872|priority:0|startupRole:FOLLOWER]|listeners:[], old=null
2023-03-23 08:06:48,020 [om1@group-C5BA1605619E-LeaderElection9] INFO  impl.LeaderElection (LeaderElection.java:askForVotes(314)) - om1@group-C5BA1605619E-LeaderElection9 PRE_VOTE round 0: result PASSED (term=0)
2023-03-23 08:06:48,022 [om1@group-C5BA1605619E-LeaderElection9] INFO  impl.LeaderElection (LeaderElection.java:askForVotes(312)) - om1@group-C5BA1605619E-LeaderElection9 ELECTION round 0: submit vote requests at term 1 for -1: peers:[om1|rpc:localhost:9872|priority:0|startupRole:FOLLOWER]|listeners:[], old=null
2023-03-23 08:06:48,022 [om1@group-C5BA1605619E-LeaderElection9] INFO  impl.LeaderElection (LeaderElection.java:askForVotes(314)) - om1@group-C5BA1605619E-LeaderElection9 ELECTION round 0: result PASSED (term=1)
2023-03-23 08:06:48,022 [om1@group-C5BA1605619E-LeaderElection9] INFO  impl.RoleInfo (RoleInfo.java:shutdownLeaderElection(130)) - om1: shutdown om1@group-C5BA1605619E-LeaderElection9
2023-03-23 08:06:48,022 [om1@group-C5BA1605619E-LeaderElection9] INFO  server.RaftServer$Division (RaftServerImpl.java:setRole(321)) - om1@group-C5BA1605619E: changes role from CANDIDATE to LEADER at term 1 for changeToLeader
2023-03-23 08:06:48,022 [om1@group-C5BA1605619E-LeaderElection9] INFO  server.RaftServer$Division (ServerState.java:setLeader(313)) - om1@group-C5BA1605619E: change Leader from null to om1 at term 1 for becomeLeader, leader elected after 1584ms
2023-03-23 08:06:48,022 [om1@group-C5BA1605619E-LeaderElection9] INFO  server.RaftServerConfigKeys (ConfUtils.java:logGet(46)) - raft.server.staging.catchup.gap = 1000 (default)
2023-03-23 08:06:48,023 [om1@group-C5BA1605619E-LeaderElection9] INFO  server.RaftServerConfigKeys (ConfUtils.java:logGet(46)) - raft.server.write.element-limit = 4096 (default)
2023-03-23 08:06:48,023 [om1@group-C5BA1605619E-LeaderElection9] INFO  server.RaftServerConfigKeys (ConfUtils.java:logGet(46)) - raft.server.write.byte-limit = 64MB (=67108864) (default)
2023-03-23 08:06:48,023 [om1@group-C5BA1605619E-LeaderElection9] INFO  server.RaftServerConfigKeys (ConfUtils.java:logGet(46)) - raft.server.watch.timeout = 10s (default)
2023-03-23 08:06:48,023 [om1@group-C5BA1605619E-LeaderElection9] INFO  server.RaftServerConfigKeys (ConfUtils.java:logGet(46)) - raft.server.watch.timeout.denomination = 1s (default)
2023-03-23 08:06:48,023 [om1@group-C5BA1605619E-LeaderElection9] INFO  server.RaftServerConfigKeys (ConfUtils.java:logGet(46)) - raft.server.watch.element-limit = 65536 (default)
2023-03-23 08:06:48,023 [om1@group-C5BA1605619E-LeaderElection9] INFO  server.RaftServerConfigKeys (ConfUtils.java:logGet(46)) - raft.server.write.element-limit = 4096 (default)
2023-03-23 08:06:48,023 [om1@group-C5BA1605619E-LeaderElection9] INFO  server.RaftServerConfigKeys (ConfUtils.java:logGet(46)) - raft.server.write.follower.gap.ratio.max = -1.0 (default)
2023-03-23 08:06:48,023 [om1@group-C5BA1605619E-LeaderElection9] INFO  impl.RoleInfo (RoleInfo.java:updateAndGet(139)) - om1: start om1@group-C5BA1605619E-LeaderStateImpl
2023-03-23 08:06:48,024 [om1@group-C5BA1605619E-LeaderElection9] INFO  segmented.SegmentedRaftLogWorker (SegmentedRaftLogWorker.java:startLogSegment(452)) - om1@group-C5BA1605619E-SegmentedRaftLogWorker: Starting segment from index:0
2023-03-23 08:06:48,034 [om1@group-C5BA1605619E-LeaderElection9] INFO  server.RaftServer$Division (ServerState.java:setRaftConf(430)) - om1@group-C5BA1605619E: set configuration 0: peers:[om1|rpc:localhost:9872|admin:|client:|dataStream:|priority:0|startupRole:FOLLOWER]|listeners:[], old=null
2023-03-23 08:06:48,036 [om1@group-C5BA1605619E-SegmentedRaftLogWorker] INFO  segmented.SegmentedRaftLogWorker (SegmentedRaftLogWorker.java:execute(656)) - om1@group-C5BA1605619E-SegmentedRaftLogWorker: created new log segment /home/runner/work/ozone/ozone/hadoop-ozone/integration-test/target/test-dir/MiniOzoneClusterImpl-31e8183b-455c-41dd-a5db-82de5ef729db/ozone-meta/ratis/bf265839-605b-3f16-9796-c5ba1605619e/current/log_inprogress_0
2023-03-23 08:06:48,037 [om1@group-C5BA1605619E-StateMachineUpdater] INFO  ratis.OzoneManagerStateMachine (OzoneManagerStateMachine.java:notifyConfigurationChanged(192)) - Received Configuration change notification from Ratis. New Peer list:
[id: "om1"
address: "localhost:9872"
startupRole: FOLLOWER
]
2023-03-23 08:06:48,075 [Listener at 127.0.0.1/35553] INFO  reflections.Reflections (Reflections.java:scan(232)) - Reflections took 70 ms to scan 7 urls, producing 155 keys and 368 values 
2023-03-23 08:06:48,078 [Listener at 127.0.0.1/35553] INFO  statemachine.DatanodeStateMachine (DatanodeStateMachine.java:getEndPointTaskThreadPoolSize(260)) - Datanode State Machine Task Thread Pool size 2
2023-03-23 08:06:48,080 [Listener at 127.0.0.1/35553] INFO  volume.HddsVolume (HddsVolume.java:<init>(130)) - Creating HddsVolume: /home/runner/work/ozone/ozone/hadoop-ozone/integration-test/target/test-dir/MiniOzoneClusterImpl-31e8183b-455c-41dd-a5db-82de5ef729db/datanode-2/data-0/containers/hdds of storage type : DISK capacity : 9223372036854775807
2023-03-23 08:06:48,081 [Listener at 127.0.0.1/35553] INFO  volume.MutableVolumeSet (MutableVolumeSet.java:initializeVolumeSet(175)) - Added Volume : /home/runner/work/ozone/ozone/hadoop-ozone/integration-test/target/test-dir/MiniOzoneClusterImpl-31e8183b-455c-41dd-a5db-82de5ef729db/datanode-2/data-0/containers/hdds to VolumeSet
2023-03-23 08:06:48,082 [Listener at 127.0.0.1/35553] INFO  volume.ThrottledAsyncChecker (ThrottledAsyncChecker.java:schedule(141)) - Scheduling a check for /home/runner/work/ozone/ozone/hadoop-ozone/integration-test/target/test-dir/MiniOzoneClusterImpl-31e8183b-455c-41dd-a5db-82de5ef729db/datanode-2/data-0/containers/hdds
2023-03-23 08:06:48,082 [Listener at 127.0.0.1/35553] INFO  volume.StorageVolumeChecker (StorageVolumeChecker.java:checkAllVolumes(202)) - Scheduled health check for volume /home/runner/work/ozone/ozone/hadoop-ozone/integration-test/target/test-dir/MiniOzoneClusterImpl-31e8183b-455c-41dd-a5db-82de5ef729db/datanode-2/data-0/containers/hdds
2023-03-23 08:06:48,096 [Listener at 127.0.0.1/35553] INFO  volume.MutableVolumeSet (MutableVolumeSet.java:initializeVolumeSet(175)) - Added Volume : /home/runner/work/ozone/ozone/hadoop-ozone/integration-test/target/test-dir/MiniOzoneClusterImpl-31e8183b-455c-41dd-a5db-82de5ef729db/datanode-2/data/ratis to VolumeSet
2023-03-23 08:06:48,096 [Listener at 127.0.0.1/35553] INFO  volume.ThrottledAsyncChecker (ThrottledAsyncChecker.java:schedule(141)) - Scheduling a check for /home/runner/work/ozone/ozone/hadoop-ozone/integration-test/target/test-dir/MiniOzoneClusterImpl-31e8183b-455c-41dd-a5db-82de5ef729db/datanode-2/data/ratis
2023-03-23 08:06:48,097 [Listener at 127.0.0.1/35553] INFO  volume.StorageVolumeChecker (StorageVolumeChecker.java:checkAllVolumes(202)) - Scheduled health check for volume /home/runner/work/ozone/ozone/hadoop-ozone/integration-test/target/test-dir/MiniOzoneClusterImpl-31e8183b-455c-41dd-a5db-82de5ef729db/datanode-2/data/ratis
2023-03-23 08:06:48,114 [Thread-1513] INFO  ozoneimpl.ContainerReader (ContainerReader.java:readVolume(175)) - Finish verifying containers on volume /home/runner/work/ozone/ozone/hadoop-ozone/integration-test/target/test-dir/MiniOzoneClusterImpl-31e8183b-455c-41dd-a5db-82de5ef729db/datanode-2/data-0/containers/hdds
2023-03-23 08:06:48,114 [Listener at 127.0.0.1/35553] INFO  ozoneimpl.OzoneContainer (OzoneContainer.java:buildContainerSet(307)) - Build ContainerSet costs 0s
2023-03-23 08:06:48,117 [Listener at 127.0.0.1/35553] INFO  server.RaftServer (ConfUtils.java:logGet(46)) - raft.rpc.type = GRPC (default)
2023-03-23 08:06:48,117 [Listener at 127.0.0.1/35553] INFO  grpc.GrpcConfigKeys (ConfUtils.java:logFallback(53)) - raft.grpc.admin.host = null (fallback to raft.grpc.server.host)
2023-03-23 08:06:48,117 [Listener at 127.0.0.1/35553] INFO  grpc.GrpcConfigKeys (ConfUtils.java:logGet(46)) - raft.grpc.admin.port = 0 (custom)
2023-03-23 08:06:48,118 [Listener at 127.0.0.1/35553] INFO  grpc.GrpcConfigKeys (ConfUtils.java:logFallback(53)) - raft.grpc.client.host = null (fallback to raft.grpc.server.host)
2023-03-23 08:06:48,118 [Listener at 127.0.0.1/35553] INFO  grpc.GrpcConfigKeys (ConfUtils.java:logGet(46)) - raft.grpc.client.port = 0 (custom)
2023-03-23 08:06:48,118 [Listener at 127.0.0.1/35553] INFO  grpc.GrpcConfigKeys (ConfUtils.java:logGet(46)) - raft.grpc.server.host = null (default)
2023-03-23 08:06:48,119 [Listener at 127.0.0.1/35553] INFO  grpc.GrpcConfigKeys (ConfUtils.java:logGet(46)) - raft.grpc.server.port = 0 (default)
2023-03-23 08:06:48,119 [Listener at 127.0.0.1/35553] INFO  server.GrpcService (ConfUtils.java:logGet(46)) - raft.grpc.message.size.max = 32MB (=33554432) (custom)
2023-03-23 08:06:48,119 [Listener at 127.0.0.1/35553] INFO  server.RaftServerConfigKeys (ConfUtils.java:logGet(46)) - raft.server.log.appender.buffer.byte-limit = 33554432 (custom)
2023-03-23 08:06:48,119 [Listener at 127.0.0.1/35553] INFO  server.GrpcService (ConfUtils.java:logGet(46)) - raft.grpc.flow.control.window = 5MB (=5242880) (custom)
2023-03-23 08:06:48,120 [Listener at 127.0.0.1/35553] INFO  server.RaftServerConfigKeys (ConfUtils.java:logGet(46)) - raft.server.rpc.request.timeout = 60s (custom)
2023-03-23 08:06:48,120 [Listener at 127.0.0.1/35553] INFO  grpc.GrpcConfigKeys (ConfUtils.java:logGet(46)) - raft.grpc.server.heartbeat.channel = true (default)
2023-03-23 08:06:48,120 [Listener at 127.0.0.1/35553] INFO  grpc.GrpcConfigKeys (ConfUtils.java:logGet(46)) - raft.grpc.server.async.request.thread.pool.cached = true (default)
2023-03-23 08:06:48,120 [Listener at 127.0.0.1/35553] INFO  grpc.GrpcConfigKeys (ConfUtils.java:logGet(46)) - raft.grpc.server.async.request.thread.pool.size = 32 (default)
2023-03-23 08:06:48,122 [Listener at 127.0.0.1/35553] INFO  impl.DataStreamServerImpl (ConfUtils.java:logGet(46)) - raft.datastream.type = NETTY (custom)
2023-03-23 08:06:48,122 [Listener at 127.0.0.1/35553] INFO  server.RaftServerConfigKeys (ConfUtils.java:logGet(46)) - raft.server.data-stream.async.request.thread.pool.cached = false (default)
2023-03-23 08:06:48,123 [Listener at 127.0.0.1/35553] INFO  server.RaftServerConfigKeys (ConfUtils.java:logGet(46)) - raft.server.data-stream.async.request.thread.pool.size = 20 (custom)
2023-03-23 08:06:48,123 [Listener at 127.0.0.1/35553] INFO  server.RaftServerConfigKeys (ConfUtils.java:logGet(46)) - raft.server.data-stream.async.write.thread.pool.size = 16 (default)
2023-03-23 08:06:48,123 [Listener at 127.0.0.1/35553] INFO  server.RaftServerConfigKeys (ConfUtils.java:logGet(46)) - raft.server.data-stream.client.pool.size = 10 (default)
2023-03-23 08:06:48,123 [Listener at 127.0.0.1/35553] INFO  netty.NettyConfigKeys$DataStream (ConfUtils.java:logGet(46)) - raft.netty.dataStream.server.use-epoll = false (default)
2023-03-23 08:06:48,123 [Listener at 127.0.0.1/35553] INFO  netty.NettyConfigKeys$DataStream (ConfUtils.java:logGet(46)) - raft.netty.dataStream.server.boss-group.size = 0 (default)
2023-03-23 08:06:48,124 [Listener at 127.0.0.1/35553] INFO  netty.NettyConfigKeys$DataStream (ConfUtils.java:logGet(46)) - raft.netty.dataStream.server.worker-group.size = 0 (default)
2023-03-23 08:06:48,125 [Listener at 127.0.0.1/35553] INFO  netty.NettyConfigKeys$DataStream (ConfUtils.java:logGet(46)) - raft.netty.dataStream.server.tls.conf = null (default)
2023-03-23 08:06:48,125 [Listener at 127.0.0.1/35553] INFO  netty.NettyConfigKeys$DataStream (ConfUtils.java:logGet(46)) - raft.netty.dataStream.host = null (default)
2023-03-23 08:06:48,125 [Listener at 127.0.0.1/35553] INFO  netty.NettyConfigKeys$DataStream (ConfUtils.java:logGet(46)) - raft.netty.dataStream.port = 0 (default)
2023-03-23 08:06:48,126 [Listener at 127.0.0.1/35553] INFO  server.RaftServerConfigKeys (ConfUtils.java:logGet(46)) - raft.server.threadpool.proxy.cached = true (default)
2023-03-23 08:06:48,126 [Listener at 127.0.0.1/35553] INFO  server.RaftServerConfigKeys (ConfUtils.java:logGet(46)) - raft.server.threadpool.proxy.size = 0 (default)
2023-03-23 08:06:48,126 [Listener at 127.0.0.1/35553] INFO  server.RaftServerConfigKeys (ConfUtils.java:logGet(46)) - raft.server.rpc.slowness.timeout = 300s (custom)
2023-03-23 08:06:48,126 [Listener at 127.0.0.1/35553] INFO  server.RaftServerConfigKeys (ConfUtils.java:logGet(46)) - raft.server.leaderelection.leader.step-down.wait-time = 10s (default)
2023-03-23 08:06:48,127 [Listener at 127.0.0.1/35553] INFO  server.RaftServerConfigKeys (ConfUtils.java:logGet(46)) - raft.server.storage.dir = [/home/runner/work/ozone/ozone/hadoop-ozone/integration-test/target/test-dir/MiniOzoneClusterImpl-31e8183b-455c-41dd-a5db-82de5ef729db/datanode-2/data/ratis] (custom)
2023-03-23 08:06:48,136 [9c0bd176-fc91-437f-a400-955ac6fa2da9-NettyServerStreamRpc-bossGroup--thread1] INFO  logging.LoggingHandler (AbstractInternalLogger.java:log(148)) - [id: 0xd191bc87] REGISTERED
2023-03-23 08:06:48,136 [9c0bd176-fc91-437f-a400-955ac6fa2da9-NettyServerStreamRpc-bossGroup--thread1] INFO  logging.LoggingHandler (AbstractInternalLogger.java:log(148)) - [id: 0xd191bc87] BIND: 0.0.0.0/0.0.0.0:0
2023-03-23 08:06:48,136 [9c0bd176-fc91-437f-a400-955ac6fa2da9-NettyServerStreamRpc-bossGroup--thread1] INFO  logging.LoggingHandler (AbstractInternalLogger.java:log(148)) - [id: 0xd191bc87, L:/0:0:0:0:0:0:0:0:34391] ACTIVE
2023-03-23 08:06:48,138 [Listener at 127.0.0.1/35553] INFO  server.XceiverServerGrpc (XceiverServerGrpc.java:<init>(132)) - GrpcServer channel type EpollServerSocketChannel
2023-03-23 08:06:48,143 [Listener at 127.0.0.1/35553] INFO  http.BaseHttpServer (BaseHttpServer.java:newHttpServer2BuilderForOzone(224)) - Starting Web-server for hddsDatanode at: http://0.0.0.0:0
2023-03-23 08:06:48,143 [Listener at 127.0.0.1/35553] INFO  http.BaseHttpServer (BaseHttpServer.java:<init>(111)) - Hadoop Security Enabled: false Ozone Security Enabled: false Ozone HTTP Security Enabled: false 
2023-03-23 08:06:48,145 [Listener at 127.0.0.1/35553] WARN  server.AuthenticationFilter (AuthenticationFilter.java:constructSecretProvider(240)) - Unable to initialize FileSignerSecretProvider, falling back to use random secrets. Reason: Could not read signature secret file: /home/runner/hadoop-http-auth-signature-secret
2023-03-23 08:06:48,145 [Listener at 127.0.0.1/35553] WARN  http.HttpRequestLog (HttpRequestLog.java:getRequestLog(103)) - Jetty request log can only be enabled using Log4j
2023-03-23 08:06:48,147 [Listener at 127.0.0.1/35553] INFO  http.HttpServer2 (HttpServer2.java:addGlobalFilter(1031)) - Added global filter 'safety' (class=org.apache.hadoop.hdds.server.http.HttpServer2$QuotingInputFilter)
2023-03-23 08:06:48,147 [Listener at 127.0.0.1/35553] INFO  http.HttpServer2 (HttpServer2.java:addFilter(1007)) - Added filter static_user_filter (class=org.apache.hadoop.http.lib.StaticUserWebFilter$StaticUserFilter) to context hddsDatanode
2023-03-23 08:06:48,148 [Listener at 127.0.0.1/35553] INFO  http.HttpServer2 (HttpServer2.java:addFilter(1015)) - Added filter static_user_filter (class=org.apache.hadoop.http.lib.StaticUserWebFilter$StaticUserFilter) to context static
2023-03-23 08:06:48,148 [Listener at 127.0.0.1/35553] INFO  http.HttpServer2 (HttpServer2.java:addFilter(1015)) - Added filter static_user_filter (class=org.apache.hadoop.http.lib.StaticUserWebFilter$StaticUserFilter) to context logs
2023-03-23 08:06:48,149 [Listener at 127.0.0.1/35553] INFO  http.BaseHttpServer (BaseHttpServer.java:<init>(190)) - HTTP server of hddsDatanode uses base directory /home/runner/work/ozone/ozone/hadoop-ozone/integration-test/target/test-dir/MiniOzoneClusterImpl-31e8183b-455c-41dd-a5db-82de5ef729db/datanode-2/meta/webserver
2023-03-23 08:06:48,152 [Listener at 127.0.0.1/35553] INFO  http.HttpServer2 (HttpServer2.java:bindListener(1250)) - Jetty bound to port 39697
2023-03-23 08:06:48,152 [Listener at 127.0.0.1/35553] INFO  server.Server (Server.java:doStart(375)) - jetty-9.4.49.v20220914; built: 2022-09-14T01:07:36.601Z; git: 4231a3b2e4cb8548a412a789936d640a97b1aa0a; jvm 1.8.0_362-b09
2023-03-23 08:06:48,153 [Listener at 127.0.0.1/35553] INFO  server.session (DefaultSessionIdManager.java:doStart(334)) - DefaultSessionIdManager workerName=node0
2023-03-23 08:06:48,153 [Listener at 127.0.0.1/35553] INFO  server.session (DefaultSessionIdManager.java:doStart(339)) - No SessionScavenger set, using defaults
2023-03-23 08:06:48,154 [Listener at 127.0.0.1/35553] INFO  server.session (HouseKeeper.java:startScavenging(132)) - node0 Scavenging every 660000ms
2023-03-23 08:06:48,154 [Listener at 127.0.0.1/35553] INFO  handler.ContextHandler (ContextHandler.java:doStart(921)) - Started o.e.j.s.ServletContextHandler@5f430a5e{logs,/logs,file:///home/runner/work/ozone/ozone/hadoop-ozone/integration-test/target/log,AVAILABLE}
2023-03-23 08:06:48,155 [Listener at 127.0.0.1/35553] INFO  handler.ContextHandler (ContextHandler.java:doStart(921)) - Started o.e.j.s.ServletContextHandler@16dcf5fe{static,/static,jar:file:/home/runner/.m2/repository/org/apache/ozone/hdds-container-service/1.4.0-SNAPSHOT/hdds-container-service-1.4.0-SNAPSHOT.jar!/webapps/static,AVAILABLE}
2023-03-23 08:06:48,380 [Listener at 127.0.0.1/35553] INFO  handler.ContextHandler (ContextHandler.java:doStart(921)) - Started o.e.j.w.WebAppContext@10365f1c{hddsDatanode,/,file:///home/runner/work/ozone/ozone/hadoop-ozone/integration-test/target/test-dir/MiniOzoneClusterImpl-31e8183b-455c-41dd-a5db-82de5ef729db/datanode-2/meta/webserver/jetty-0_0_0_0-39697-hdds-container-service-1_4_0-SNAPSHOT_jar-_-any-7516200244988392468/webapp/,AVAILABLE}{jar:file:/home/runner/.m2/repository/org/apache/ozone/hdds-container-service/1.4.0-SNAPSHOT/hdds-container-service-1.4.0-SNAPSHOT.jar!/webapps/hddsDatanode}
2023-03-23 08:06:48,382 [Listener at 127.0.0.1/35553] INFO  server.AbstractConnector (AbstractConnector.java:doStart(333)) - Started ServerConnector@75241e97{HTTP/1.1, (http/1.1)}{0.0.0.0:39697}
2023-03-23 08:06:48,383 [Listener at 127.0.0.1/35553] INFO  server.Server (Server.java:doStart(415)) - Started @108096ms
2023-03-23 08:06:48,383 [Listener at 127.0.0.1/35553] WARN  impl.MetricsSystemImpl (MetricsSystemImpl.java:register(279)) - Sink prometheus already exists!
2023-03-23 08:06:48,384 [Listener at 127.0.0.1/35553] INFO  http.BaseHttpServer (BaseHttpServer.java:updateConnectorAddress(344)) - HTTP server of hddsDatanode listening at http://0.0.0.0:39697
2023-03-23 08:06:48,386 [Listener at 127.0.0.1/35553] INFO  ozone.MiniOzoneClusterImpl (MiniOzoneClusterImpl.java:lambda$waitForClusterToBeReady$0(222)) - Waiting for nodes to be ready. Got 0 of 3 DN Heartbeats.
2023-03-23 08:06:48,386 [Listener at 127.0.0.1/35553] INFO  ozone.MiniOzoneClusterImpl (MiniOzoneClusterImpl.java:lambda$waitForClusterToBeReady$0(225)) - Waiting for cluster to exit safe mode
2023-03-23 08:06:48,386 [Listener at 127.0.0.1/35553] INFO  ozone.MiniOzoneClusterImpl (MiniOzoneClusterImpl.java:lambda$waitForClusterToBeReady$0(227)) - SCM became leader
2023-03-23 08:06:48,386 [Datanode State Machine Daemon Thread] INFO  statemachine.DatanodeStateMachine (DatanodeStateMachine.java:lambda$startDaemon$0(517)) - Ozone container server started.
2023-03-23 08:06:48,394 [org.apache.hadoop.util.JvmPauseMonitor$Monitor@23ebc4fe] INFO  util.JvmPauseMonitor (JvmPauseMonitor.java:run(188)) - Starting JVM pause monitor
2023-03-23 08:06:48,395 [Datanode State Machine Task Thread - 0] INFO  datanode.InitDatanodeState (InitDatanodeState.java:persistContainerDatanodeDetails(138)) - DatanodeDetails is persisted to /home/runner/work/ozone/ozone/hadoop-ozone/integration-test/target/test-dir/MiniOzoneClusterImpl-31e8183b-455c-41dd-a5db-82de5ef729db/datanode-2/meta/datanode.id
2023-03-23 08:06:49,386 [Listener at 127.0.0.1/35553] INFO  ozone.MiniOzoneClusterImpl (MiniOzoneClusterImpl.java:lambda$waitForClusterToBeReady$0(222)) - Waiting for nodes to be ready. Got 0 of 3 DN Heartbeats.
2023-03-23 08:06:49,387 [Listener at 127.0.0.1/35553] INFO  ozone.MiniOzoneClusterImpl (MiniOzoneClusterImpl.java:lambda$waitForClusterToBeReady$0(225)) - Waiting for cluster to exit safe mode
2023-03-23 08:06:49,387 [Listener at 127.0.0.1/35553] INFO  ozone.MiniOzoneClusterImpl (MiniOzoneClusterImpl.java:lambda$waitForClusterToBeReady$0(227)) - SCM became leader
2023-03-23 08:06:49,612 [EndpointStateMachine task thread for /0.0.0.0:42431 - 0 ] INFO  utils.DatanodeStoreCache (DatanodeStoreCache.java:addDB(58)) - Added db /home/runner/work/ozone/ozone/hadoop-ozone/integration-test/target/test-dir/MiniOzoneClusterImpl-31e8183b-455c-41dd-a5db-82de5ef729db/datanode-0/data-0/containers/hdds/31e8183b-455c-41dd-a5db-82de5ef729db/DS-dccabf01-44a2-4fde-9f8e-96c4361691c6/container.db to cache
2023-03-23 08:06:49,612 [EndpointStateMachine task thread for /0.0.0.0:42431 - 0 ] INFO  volume.HddsVolume (HddsVolume.java:createDbStore(350)) - SchemaV3 db is created and loaded at /home/runner/work/ozone/ozone/hadoop-ozone/integration-test/target/test-dir/MiniOzoneClusterImpl-31e8183b-455c-41dd-a5db-82de5ef729db/datanode-0/data-0/containers/hdds/31e8183b-455c-41dd-a5db-82de5ef729db/DS-dccabf01-44a2-4fde-9f8e-96c4361691c6/container.db for volume DS-dccabf01-44a2-4fde-9f8e-96c4361691c6
2023-03-23 08:06:49,613 [EndpointStateMachine task thread for /0.0.0.0:42431 - 0 ] INFO  ozoneimpl.OzoneContainer (OzoneContainer.java:start(401)) - Attempting to start container services.
2023-03-23 08:06:49,613 [EndpointStateMachine task thread for /0.0.0.0:42431 - 0 ] INFO  ozoneimpl.OzoneContainer (OzoneContainer.java:startContainerScrub(318)) - Scheduled background container scanners and the on-demand container scanner have been disabled.
2023-03-23 08:06:49,616 [EndpointStateMachine task thread for /0.0.0.0:42431 - 0 ] INFO  replication.ReplicationServer (ReplicationServer.java:start(109)) - ReplicationServer is started using port 44669
2023-03-23 08:06:49,616 [EndpointStateMachine task thread for /0.0.0.0:42431 - 0 ] INFO  ratis.XceiverServerRatis (XceiverServerRatis.java:start(518)) - Starting XceiverServerRatis 266f5cc7-0c64-4a72-9a4b-104b6d67fb98
2023-03-23 08:06:49,617 [EndpointStateMachine task thread for /0.0.0.0:42431 - 0 ] INFO  server.RaftServer (RaftServerProxy.java:startImpl(393)) - 266f5cc7-0c64-4a72-9a4b-104b6d67fb98: start RPC server
2023-03-23 08:06:49,618 [EndpointStateMachine task thread for /0.0.0.0:42431 - 0 ] INFO  server.GrpcService (GrpcService.java:startImpl(262)) - 266f5cc7-0c64-4a72-9a4b-104b6d67fb98: GrpcService started, listening on 41491
2023-03-23 08:06:49,618 [EndpointStateMachine task thread for /0.0.0.0:42431 - 0 ] INFO  ratis.XceiverServerRatis (XceiverServerRatis.java:getRealPort(544)) - XceiverServerRatis 266f5cc7-0c64-4a72-9a4b-104b6d67fb98 is started using port 41491 for RATIS
2023-03-23 08:06:49,618 [EndpointStateMachine task thread for /0.0.0.0:42431 - 0 ] INFO  ratis.XceiverServerRatis (XceiverServerRatis.java:getRealPort(544)) - XceiverServerRatis 266f5cc7-0c64-4a72-9a4b-104b6d67fb98 is started using port 41491 for RATIS_ADMIN
2023-03-23 08:06:49,618 [JvmPauseMonitor14] INFO  util.JvmPauseMonitor (JvmPauseMonitor.java:run(105)) - JvmPauseMonitor-266f5cc7-0c64-4a72-9a4b-104b6d67fb98: Started
2023-03-23 08:06:49,618 [EndpointStateMachine task thread for /0.0.0.0:42431 - 0 ] INFO  ratis.XceiverServerRatis (XceiverServerRatis.java:getRealPort(544)) - XceiverServerRatis 266f5cc7-0c64-4a72-9a4b-104b6d67fb98 is started using port 41491 for RATIS_SERVER
2023-03-23 08:06:49,619 [EndpointStateMachine task thread for /0.0.0.0:42431 - 0 ] INFO  ratis.XceiverServerRatis (XceiverServerRatis.java:getRealPort(544)) - XceiverServerRatis 266f5cc7-0c64-4a72-9a4b-104b6d67fb98 is started using port 46055 for RATIS_DATASTREAM
2023-03-23 08:06:49,621 [EndpointStateMachine task thread for /0.0.0.0:42431 - 0 ] INFO  server.XceiverServerGrpc (XceiverServerGrpc.java:start(180)) - XceiverServerGrpc 266f5cc7-0c64-4a72-9a4b-104b6d67fb98 is started using port 43159
2023-03-23 08:06:49,621 [BlockDeletingService#0] INFO  interfaces.ContainerDeletionChoosingPolicyTemplate (ContainerDeletionChoosingPolicyTemplate.java:chooseContainerForBlockDeletion(83)) - Chosen 0/5000 blocks from 0 candidate containers.
2023-03-23 08:06:49,721 [BlockDeletingService#0] INFO  interfaces.ContainerDeletionChoosingPolicyTemplate (ContainerDeletionChoosingPolicyTemplate.java:chooseContainerForBlockDeletion(83)) - Chosen 0/5000 blocks from 0 candidate containers.
2023-03-23 08:06:49,822 [BlockDeletingService#1] INFO  interfaces.ContainerDeletionChoosingPolicyTemplate (ContainerDeletionChoosingPolicyTemplate.java:chooseContainerForBlockDeletion(83)) - Chosen 0/5000 blocks from 0 candidate containers.
2023-03-23 08:06:49,923 [BlockDeletingService#0] INFO  interfaces.ContainerDeletionChoosingPolicyTemplate (ContainerDeletionChoosingPolicyTemplate.java:chooseContainerForBlockDeletion(83)) - Chosen 0/5000 blocks from 0 candidate containers.
2023-03-23 08:06:50,021 [EndpointStateMachine task thread for /0.0.0.0:42431 - 0 ] INFO  utils.DatanodeStoreCache (DatanodeStoreCache.java:addDB(58)) - Added db /home/runner/work/ozone/ozone/hadoop-ozone/integration-test/target/test-dir/MiniOzoneClusterImpl-31e8183b-455c-41dd-a5db-82de5ef729db/datanode-1/data-0/containers/hdds/31e8183b-455c-41dd-a5db-82de5ef729db/DS-99b65f90-6bf1-4954-ab4e-6277a70feae1/container.db to cache
2023-03-23 08:06:50,023 [BlockDeletingService#2] INFO  interfaces.ContainerDeletionChoosingPolicyTemplate (ContainerDeletionChoosingPolicyTemplate.java:chooseContainerForBlockDeletion(83)) - Chosen 0/5000 blocks from 0 candidate containers.
2023-03-23 08:06:50,024 [EndpointStateMachine task thread for /0.0.0.0:42431 - 0 ] INFO  volume.HddsVolume (HddsVolume.java:createDbStore(350)) - SchemaV3 db is created and loaded at /home/runner/work/ozone/ozone/hadoop-ozone/integration-test/target/test-dir/MiniOzoneClusterImpl-31e8183b-455c-41dd-a5db-82de5ef729db/datanode-1/data-0/containers/hdds/31e8183b-455c-41dd-a5db-82de5ef729db/DS-99b65f90-6bf1-4954-ab4e-6277a70feae1/container.db for volume DS-99b65f90-6bf1-4954-ab4e-6277a70feae1
2023-03-23 08:06:50,024 [EndpointStateMachine task thread for /0.0.0.0:42431 - 0 ] INFO  ozoneimpl.OzoneContainer (OzoneContainer.java:start(401)) - Attempting to start container services.
2023-03-23 08:06:50,024 [EndpointStateMachine task thread for /0.0.0.0:42431 - 0 ] INFO  ozoneimpl.OzoneContainer (OzoneContainer.java:startContainerScrub(318)) - Scheduled background container scanners and the on-demand container scanner have been disabled.
2023-03-23 08:06:50,028 [EndpointStateMachine task thread for /0.0.0.0:42431 - 0 ] INFO  replication.ReplicationServer (ReplicationServer.java:start(109)) - ReplicationServer is started using port 45145
2023-03-23 08:06:50,029 [EndpointStateMachine task thread for /0.0.0.0:42431 - 0 ] INFO  ratis.XceiverServerRatis (XceiverServerRatis.java:start(518)) - Starting XceiverServerRatis 6f5e3e4a-08bd-4bbb-984f-08bcbe860d90
2023-03-23 08:06:50,030 [EndpointStateMachine task thread for /0.0.0.0:42431 - 0 ] INFO  server.RaftServer (RaftServerProxy.java:startImpl(393)) - 6f5e3e4a-08bd-4bbb-984f-08bcbe860d90: start RPC server
2023-03-23 08:06:50,032 [EndpointStateMachine task thread for /0.0.0.0:42431 - 0 ] INFO  server.GrpcService (GrpcService.java:startImpl(262)) - 6f5e3e4a-08bd-4bbb-984f-08bcbe860d90: GrpcService started, listening on 39789
2023-03-23 08:06:50,033 [EndpointStateMachine task thread for /0.0.0.0:42431 - 0 ] INFO  ratis.XceiverServerRatis (XceiverServerRatis.java:getRealPort(544)) - XceiverServerRatis 6f5e3e4a-08bd-4bbb-984f-08bcbe860d90 is started using port 39789 for RATIS
2023-03-23 08:06:50,033 [EndpointStateMachine task thread for /0.0.0.0:42431 - 0 ] INFO  ratis.XceiverServerRatis (XceiverServerRatis.java:getRealPort(544)) - XceiverServerRatis 6f5e3e4a-08bd-4bbb-984f-08bcbe860d90 is started using port 39789 for RATIS_ADMIN
2023-03-23 08:06:50,033 [EndpointStateMachine task thread for /0.0.0.0:42431 - 0 ] INFO  ratis.XceiverServerRatis (XceiverServerRatis.java:getRealPort(544)) - XceiverServerRatis 6f5e3e4a-08bd-4bbb-984f-08bcbe860d90 is started using port 39789 for RATIS_SERVER
2023-03-23 08:06:50,033 [EndpointStateMachine task thread for /0.0.0.0:42431 - 0 ] INFO  ratis.XceiverServerRatis (XceiverServerRatis.java:getRealPort(544)) - XceiverServerRatis 6f5e3e4a-08bd-4bbb-984f-08bcbe860d90 is started using port 40863 for RATIS_DATASTREAM
2023-03-23 08:06:50,033 [JvmPauseMonitor15] INFO  util.JvmPauseMonitor (JvmPauseMonitor.java:run(105)) - JvmPauseMonitor-6f5e3e4a-08bd-4bbb-984f-08bcbe860d90: Started
2023-03-23 08:06:50,051 [EndpointStateMachine task thread for /0.0.0.0:42431 - 0 ] INFO  server.XceiverServerGrpc (XceiverServerGrpc.java:start(180)) - XceiverServerGrpc 6f5e3e4a-08bd-4bbb-984f-08bcbe860d90 is started using port 40129
2023-03-23 08:06:50,058 [BlockDeletingService#0] INFO  interfaces.ContainerDeletionChoosingPolicyTemplate (ContainerDeletionChoosingPolicyTemplate.java:chooseContainerForBlockDeletion(83)) - Chosen 0/5000 blocks from 0 candidate containers.
2023-03-23 08:06:50,124 [BlockDeletingService#1] INFO  interfaces.ContainerDeletionChoosingPolicyTemplate (ContainerDeletionChoosingPolicyTemplate.java:chooseContainerForBlockDeletion(83)) - Chosen 0/5000 blocks from 0 candidate containers.
2023-03-23 08:06:50,158 [BlockDeletingService#0] INFO  interfaces.ContainerDeletionChoosingPolicyTemplate (ContainerDeletionChoosingPolicyTemplate.java:chooseContainerForBlockDeletion(83)) - Chosen 0/5000 blocks from 0 candidate containers.
2023-03-23 08:06:50,224 [BlockDeletingService#3] INFO  interfaces.ContainerDeletionChoosingPolicyTemplate (ContainerDeletionChoosingPolicyTemplate.java:chooseContainerForBlockDeletion(83)) - Chosen 0/5000 blocks from 0 candidate containers.
2023-03-23 08:06:50,260 [BlockDeletingService#1] INFO  interfaces.ContainerDeletionChoosingPolicyTemplate (ContainerDeletionChoosingPolicyTemplate.java:chooseContainerForBlockDeletion(83)) - Chosen 0/5000 blocks from 0 candidate containers.
2023-03-23 08:06:50,325 [BlockDeletingService#0] INFO  interfaces.ContainerDeletionChoosingPolicyTemplate (ContainerDeletionChoosingPolicyTemplate.java:chooseContainerForBlockDeletion(83)) - Chosen 0/5000 blocks from 0 candidate containers.
2023-03-23 08:06:50,360 [BlockDeletingService#0] INFO  interfaces.ContainerDeletionChoosingPolicyTemplate (ContainerDeletionChoosingPolicyTemplate.java:chooseContainerForBlockDeletion(83)) - Chosen 0/5000 blocks from 0 candidate containers.
2023-03-23 08:06:50,387 [Listener at 127.0.0.1/35553] INFO  ozone.MiniOzoneClusterImpl (MiniOzoneClusterImpl.java:lambda$waitForClusterToBeReady$0(222)) - Waiting for nodes to be ready. Got 0 of 3 DN Heartbeats.
2023-03-23 08:06:50,387 [Listener at 127.0.0.1/35553] INFO  ozone.MiniOzoneClusterImpl (MiniOzoneClusterImpl.java:lambda$waitForClusterToBeReady$0(225)) - Waiting for cluster to exit safe mode
2023-03-23 08:06:50,388 [Listener at 127.0.0.1/35553] INFO  ozone.MiniOzoneClusterImpl (MiniOzoneClusterImpl.java:lambda$waitForClusterToBeReady$0(227)) - SCM became leader
2023-03-23 08:06:50,425 [BlockDeletingService#4] INFO  interfaces.ContainerDeletionChoosingPolicyTemplate (ContainerDeletionChoosingPolicyTemplate.java:chooseContainerForBlockDeletion(83)) - Chosen 0/5000 blocks from 0 candidate containers.
2023-03-23 08:06:50,437 [EndpointStateMachine task thread for /0.0.0.0:42431 - 0 ] INFO  utils.DatanodeStoreCache (DatanodeStoreCache.java:addDB(58)) - Added db /home/runner/work/ozone/ozone/hadoop-ozone/integration-test/target/test-dir/MiniOzoneClusterImpl-31e8183b-455c-41dd-a5db-82de5ef729db/datanode-2/data-0/containers/hdds/31e8183b-455c-41dd-a5db-82de5ef729db/DS-d4bd86bc-736e-4d65-b473-2b336263faf6/container.db to cache
2023-03-23 08:06:50,438 [EndpointStateMachine task thread for /0.0.0.0:42431 - 0 ] INFO  volume.HddsVolume (HddsVolume.java:createDbStore(350)) - SchemaV3 db is created and loaded at /home/runner/work/ozone/ozone/hadoop-ozone/integration-test/target/test-dir/MiniOzoneClusterImpl-31e8183b-455c-41dd-a5db-82de5ef729db/datanode-2/data-0/containers/hdds/31e8183b-455c-41dd-a5db-82de5ef729db/DS-d4bd86bc-736e-4d65-b473-2b336263faf6/container.db for volume DS-d4bd86bc-736e-4d65-b473-2b336263faf6
2023-03-23 08:06:50,439 [EndpointStateMachine task thread for /0.0.0.0:42431 - 0 ] INFO  ozoneimpl.OzoneContainer (OzoneContainer.java:start(401)) - Attempting to start container services.
2023-03-23 08:06:50,439 [EndpointStateMachine task thread for /0.0.0.0:42431 - 0 ] INFO  ozoneimpl.OzoneContainer (OzoneContainer.java:startContainerScrub(318)) - Scheduled background container scanners and the on-demand container scanner have been disabled.
2023-03-23 08:06:50,442 [EndpointStateMachine task thread for /0.0.0.0:42431 - 0 ] INFO  replication.ReplicationServer (ReplicationServer.java:start(109)) - ReplicationServer is started using port 44175
2023-03-23 08:06:50,442 [EndpointStateMachine task thread for /0.0.0.0:42431 - 0 ] INFO  ratis.XceiverServerRatis (XceiverServerRatis.java:start(518)) - Starting XceiverServerRatis 9c0bd176-fc91-437f-a400-955ac6fa2da9
2023-03-23 08:06:50,450 [EndpointStateMachine task thread for /0.0.0.0:42431 - 0 ] INFO  server.RaftServer (RaftServerProxy.java:startImpl(393)) - 9c0bd176-fc91-437f-a400-955ac6fa2da9: start RPC server
2023-03-23 08:06:50,455 [EndpointStateMachine task thread for /0.0.0.0:42431 - 0 ] INFO  server.GrpcService (GrpcService.java:startImpl(262)) - 9c0bd176-fc91-437f-a400-955ac6fa2da9: GrpcService started, listening on 41819
2023-03-23 08:06:50,456 [EndpointStateMachine task thread for /0.0.0.0:42431 - 0 ] INFO  ratis.XceiverServerRatis (XceiverServerRatis.java:getRealPort(544)) - XceiverServerRatis 9c0bd176-fc91-437f-a400-955ac6fa2da9 is started using port 41819 for RATIS
2023-03-23 08:06:50,456 [EndpointStateMachine task thread for /0.0.0.0:42431 - 0 ] INFO  ratis.XceiverServerRatis (XceiverServerRatis.java:getRealPort(544)) - XceiverServerRatis 9c0bd176-fc91-437f-a400-955ac6fa2da9 is started using port 41819 for RATIS_ADMIN
2023-03-23 08:06:50,456 [JvmPauseMonitor16] INFO  util.JvmPauseMonitor (JvmPauseMonitor.java:run(105)) - JvmPauseMonitor-9c0bd176-fc91-437f-a400-955ac6fa2da9: Started
2023-03-23 08:06:50,456 [EndpointStateMachine task thread for /0.0.0.0:42431 - 0 ] INFO  ratis.XceiverServerRatis (XceiverServerRatis.java:getRealPort(544)) - XceiverServerRatis 9c0bd176-fc91-437f-a400-955ac6fa2da9 is started using port 41819 for RATIS_SERVER
2023-03-23 08:06:50,456 [EndpointStateMachine task thread for /0.0.0.0:42431 - 0 ] INFO  ratis.XceiverServerRatis (XceiverServerRatis.java:getRealPort(544)) - XceiverServerRatis 9c0bd176-fc91-437f-a400-955ac6fa2da9 is started using port 34391 for RATIS_DATASTREAM
2023-03-23 08:06:50,458 [EndpointStateMachine task thread for /0.0.0.0:42431 - 0 ] INFO  server.XceiverServerGrpc (XceiverServerGrpc.java:start(180)) - XceiverServerGrpc 9c0bd176-fc91-437f-a400-955ac6fa2da9 is started using port 41627
2023-03-23 08:06:50,458 [BlockDeletingService#0] INFO  interfaces.ContainerDeletionChoosingPolicyTemplate (ContainerDeletionChoosingPolicyTemplate.java:chooseContainerForBlockDeletion(83)) - Chosen 0/5000 blocks from 0 candidate containers.
2023-03-23 08:06:50,460 [BlockDeletingService#2] INFO  interfaces.ContainerDeletionChoosingPolicyTemplate (ContainerDeletionChoosingPolicyTemplate.java:chooseContainerForBlockDeletion(83)) - Chosen 0/5000 blocks from 0 candidate containers.
2023-03-23 08:06:50,526 [BlockDeletingService#2] INFO  interfaces.ContainerDeletionChoosingPolicyTemplate (ContainerDeletionChoosingPolicyTemplate.java:chooseContainerForBlockDeletion(83)) - Chosen 0/5000 blocks from 0 candidate containers.
2023-03-23 08:06:50,559 [BlockDeletingService#0] INFO  interfaces.ContainerDeletionChoosingPolicyTemplate (ContainerDeletionChoosingPolicyTemplate.java:chooseContainerForBlockDeletion(83)) - Chosen 0/5000 blocks from 0 candidate containers.
2023-03-23 08:06:50,561 [BlockDeletingService#1] INFO  interfaces.ContainerDeletionChoosingPolicyTemplate (ContainerDeletionChoosingPolicyTemplate.java:chooseContainerForBlockDeletion(83)) - Chosen 0/5000 blocks from 0 candidate containers.
2023-03-23 08:06:50,626 [BlockDeletingService#2] INFO  interfaces.ContainerDeletionChoosingPolicyTemplate (ContainerDeletionChoosingPolicyTemplate.java:chooseContainerForBlockDeletion(83)) - Chosen 0/5000 blocks from 0 candidate containers.
2023-03-23 08:06:50,660 [BlockDeletingService#1] INFO  interfaces.ContainerDeletionChoosingPolicyTemplate (ContainerDeletionChoosingPolicyTemplate.java:chooseContainerForBlockDeletion(83)) - Chosen 0/5000 blocks from 0 candidate containers.
2023-03-23 08:06:50,661 [BlockDeletingService#3] INFO  interfaces.ContainerDeletionChoosingPolicyTemplate (ContainerDeletionChoosingPolicyTemplate.java:chooseContainerForBlockDeletion(83)) - Chosen 0/5000 blocks from 0 candidate containers.
2023-03-23 08:06:50,726 [BlockDeletingService#2] INFO  interfaces.ContainerDeletionChoosingPolicyTemplate (ContainerDeletionChoosingPolicyTemplate.java:chooseContainerForBlockDeletion(83)) - Chosen 0/5000 blocks from 0 candidate containers.
2023-03-23 08:06:50,760 [BlockDeletingService#0] INFO  interfaces.ContainerDeletionChoosingPolicyTemplate (ContainerDeletionChoosingPolicyTemplate.java:chooseContainerForBlockDeletion(83)) - Chosen 0/5000 blocks from 0 candidate containers.
2023-03-23 08:06:50,762 [BlockDeletingService#0] INFO  interfaces.ContainerDeletionChoosingPolicyTemplate (ContainerDeletionChoosingPolicyTemplate.java:chooseContainerForBlockDeletion(83)) - Chosen 0/5000 blocks from 0 candidate containers.
2023-03-23 08:06:50,826 [BlockDeletingService#2] INFO  interfaces.ContainerDeletionChoosingPolicyTemplate (ContainerDeletionChoosingPolicyTemplate.java:chooseContainerForBlockDeletion(83)) - Chosen 0/5000 blocks from 0 candidate containers.
2023-03-23 08:06:50,861 [BlockDeletingService#2] INFO  interfaces.ContainerDeletionChoosingPolicyTemplate (ContainerDeletionChoosingPolicyTemplate.java:chooseContainerForBlockDeletion(83)) - Chosen 0/5000 blocks from 0 candidate containers.
2023-03-23 08:06:50,862 [BlockDeletingService#4] INFO  interfaces.ContainerDeletionChoosingPolicyTemplate (ContainerDeletionChoosingPolicyTemplate.java:chooseContainerForBlockDeletion(83)) - Chosen 0/5000 blocks from 0 candidate containers.
2023-03-23 08:06:50,927 [BlockDeletingService#2] INFO  interfaces.ContainerDeletionChoosingPolicyTemplate (ContainerDeletionChoosingPolicyTemplate.java:chooseContainerForBlockDeletion(83)) - Chosen 0/5000 blocks from 0 candidate containers.
2023-03-23 08:06:50,961 [BlockDeletingService#1] INFO  interfaces.ContainerDeletionChoosingPolicyTemplate (ContainerDeletionChoosingPolicyTemplate.java:chooseContainerForBlockDeletion(83)) - Chosen 0/5000 blocks from 0 candidate containers.
2023-03-23 08:06:50,962 [BlockDeletingService#2] INFO  interfaces.ContainerDeletionChoosingPolicyTemplate (ContainerDeletionChoosingPolicyTemplate.java:chooseContainerForBlockDeletion(83)) - Chosen 0/5000 blocks from 0 candidate containers.
2023-03-23 08:06:51,027 [BlockDeletingService#2] INFO  interfaces.ContainerDeletionChoosingPolicyTemplate (ContainerDeletionChoosingPolicyTemplate.java:chooseContainerForBlockDeletion(83)) - Chosen 0/5000 blocks from 0 candidate containers.
2023-03-23 08:06:51,061 [BlockDeletingService#3] INFO  interfaces.ContainerDeletionChoosingPolicyTemplate (ContainerDeletionChoosingPolicyTemplate.java:chooseContainerForBlockDeletion(83)) - Chosen 0/5000 blocks from 0 candidate containers.
2023-03-23 08:06:51,062 [BlockDeletingService#2] INFO  interfaces.ContainerDeletionChoosingPolicyTemplate (ContainerDeletionChoosingPolicyTemplate.java:chooseContainerForBlockDeletion(83)) - Chosen 0/5000 blocks from 0 candidate containers.
2023-03-23 08:06:51,127 [BlockDeletingService#2] INFO  interfaces.ContainerDeletionChoosingPolicyTemplate (ContainerDeletionChoosingPolicyTemplate.java:chooseContainerForBlockDeletion(83)) - Chosen 0/5000 blocks from 0 candidate containers.
2023-03-23 08:06:51,161 [BlockDeletingService#0] INFO  interfaces.ContainerDeletionChoosingPolicyTemplate (ContainerDeletionChoosingPolicyTemplate.java:chooseContainerForBlockDeletion(83)) - Chosen 0/5000 blocks from 0 candidate containers.
2023-03-23 08:06:51,162 [BlockDeletingService#2] INFO  interfaces.ContainerDeletionChoosingPolicyTemplate (ContainerDeletionChoosingPolicyTemplate.java:chooseContainerForBlockDeletion(83)) - Chosen 0/5000 blocks from 0 candidate containers.
2023-03-23 08:06:51,228 [BlockDeletingService#2] INFO  interfaces.ContainerDeletionChoosingPolicyTemplate (ContainerDeletionChoosingPolicyTemplate.java:chooseContainerForBlockDeletion(83)) - Chosen 0/5000 blocks from 0 candidate containers.
2023-03-23 08:06:51,262 [BlockDeletingService#4] INFO  interfaces.ContainerDeletionChoosingPolicyTemplate (ContainerDeletionChoosingPolicyTemplate.java:chooseContainerForBlockDeletion(83)) - Chosen 0/5000 blocks from 0 candidate containers.
2023-03-23 08:06:51,262 [BlockDeletingService#2] INFO  interfaces.ContainerDeletionChoosingPolicyTemplate (ContainerDeletionChoosingPolicyTemplate.java:chooseContainerForBlockDeletion(83)) - Chosen 0/5000 blocks from 0 candidate containers.
2023-03-23 08:06:51,328 [BlockDeletingService#2] INFO  interfaces.ContainerDeletionChoosingPolicyTemplate (ContainerDeletionChoosingPolicyTemplate.java:chooseContainerForBlockDeletion(83)) - Chosen 0/5000 blocks from 0 candidate containers.
2023-03-23 08:06:51,362 [BlockDeletingService#2] INFO  interfaces.ContainerDeletionChoosingPolicyTemplate (ContainerDeletionChoosingPolicyTemplate.java:chooseContainerForBlockDeletion(83)) - Chosen 0/5000 blocks from 0 candidate containers.
2023-03-23 08:06:51,363 [BlockDeletingService#2] INFO  interfaces.ContainerDeletionChoosingPolicyTemplate (ContainerDeletionChoosingPolicyTemplate.java:chooseContainerForBlockDeletion(83)) - Chosen 0/5000 blocks from 0 candidate containers.
2023-03-23 08:06:51,388 [Listener at 127.0.0.1/35553] INFO  ozone.MiniOzoneClusterImpl (MiniOzoneClusterImpl.java:lambda$waitForClusterToBeReady$0(222)) - Waiting for nodes to be ready. Got 0 of 3 DN Heartbeats.
2023-03-23 08:06:51,388 [Listener at 127.0.0.1/35553] INFO  ozone.MiniOzoneClusterImpl (MiniOzoneClusterImpl.java:lambda$waitForClusterToBeReady$0(225)) - Waiting for cluster to exit safe mode
2023-03-23 08:06:51,388 [Listener at 127.0.0.1/35553] INFO  ozone.MiniOzoneClusterImpl (MiniOzoneClusterImpl.java:lambda$waitForClusterToBeReady$0(227)) - SCM became leader
2023-03-23 08:06:51,428 [BlockDeletingService#2] INFO  interfaces.ContainerDeletionChoosingPolicyTemplate (ContainerDeletionChoosingPolicyTemplate.java:chooseContainerForBlockDeletion(83)) - Chosen 0/5000 blocks from 0 candidate containers.
2023-03-23 08:06:51,462 [BlockDeletingService#2] INFO  interfaces.ContainerDeletionChoosingPolicyTemplate (ContainerDeletionChoosingPolicyTemplate.java:chooseContainerForBlockDeletion(83)) - Chosen 0/5000 blocks from 0 candidate containers.
2023-03-23 08:06:51,463 [BlockDeletingService#2] INFO  interfaces.ContainerDeletionChoosingPolicyTemplate (ContainerDeletionChoosingPolicyTemplate.java:chooseContainerForBlockDeletion(83)) - Chosen 0/5000 blocks from 0 candidate containers.
2023-03-23 08:06:51,528 [BlockDeletingService#2] INFO  interfaces.ContainerDeletionChoosingPolicyTemplate (ContainerDeletionChoosingPolicyTemplate.java:chooseContainerForBlockDeletion(83)) - Chosen 0/5000 blocks from 0 candidate containers.
2023-03-23 08:06:51,562 [BlockDeletingService#2] INFO  interfaces.ContainerDeletionChoosingPolicyTemplate (ContainerDeletionChoosingPolicyTemplate.java:chooseContainerForBlockDeletion(83)) - Chosen 0/5000 blocks from 0 candidate containers.
2023-03-23 08:06:51,563 [BlockDeletingService#2] INFO  interfaces.ContainerDeletionChoosingPolicyTemplate (ContainerDeletionChoosingPolicyTemplate.java:chooseContainerForBlockDeletion(83)) - Chosen 0/5000 blocks from 0 candidate containers.
2023-03-23 08:06:51,572 [IPC Server handler 1 on default port 42431] INFO  net.NetworkTopologyImpl (NetworkTopologyImpl.java:add(112)) - Added a new node: /default-rack/266f5cc7-0c64-4a72-9a4b-104b6d67fb98
2023-03-23 08:06:51,572 [IPC Server handler 1 on default port 42431] INFO  node.SCMNodeManager (SCMNodeManager.java:register(404)) - Registered Data node : 266f5cc7-0c64-4a72-9a4b-104b6d67fb98{ip: 10.1.0.214, host: fv-az105-497.wy5h1aom0jgehahef1oyr10hrc.bx.internal.cloudapp.net, ports: [REPLICATION=44669, RATIS=41491, RATIS_ADMIN=41491, RATIS_SERVER=41491, RATIS_DATASTREAM=46055, STANDALONE=43159], networkLocation: /default-rack, certSerialId: null, persistedOpState: null, persistedOpStateExpiryEpochSec: 0}
2023-03-23 08:06:51,576 [EventQueue-NodeRegistrationContainerReportForDataNodeSafeModeRule] INFO  safemode.SCMSafeModeManager (DataNodeSafeModeRule.java:process(71)) - SCM in safe mode. 1 DataNodes registered, 3 required.
2023-03-23 08:06:51,577 [EventQueue-PipelineReportForOneReplicaPipelineSafeModeRule] INFO  safemode.SCMSafeModeManager (SCMSafeModeManager.java:validateSafeModeExitRules(200)) - AtleastOneDatanodeReportedRule rule is successfully validated
2023-03-23 08:06:51,578 [EventQueue-NewNodeForNewNodeHandler] INFO  pipeline.BackgroundPipelineCreator (BackgroundPipelineCreator.java:notifyEventTriggered(276)) - trigger a one-shot run on RatisPipelineUtilsThread.
2023-03-23 08:06:51,578 [EventQueue-NodeRegistrationContainerReportForContainerSafeModeRule] INFO  safemode.SCMSafeModeManager (SCMSafeModeManager.java:validateSafeModeExitRules(200)) - ContainerSafeModeRule rule is successfully validated
2023-03-23 08:06:51,629 [BlockDeletingService#2] INFO  interfaces.ContainerDeletionChoosingPolicyTemplate (ContainerDeletionChoosingPolicyTemplate.java:chooseContainerForBlockDeletion(83)) - Chosen 0/5000 blocks from 0 candidate containers.
2023-03-23 08:06:51,662 [BlockDeletingService#2] INFO  interfaces.ContainerDeletionChoosingPolicyTemplate (ContainerDeletionChoosingPolicyTemplate.java:chooseContainerForBlockDeletion(83)) - Chosen 0/5000 blocks from 0 candidate containers.
2023-03-23 08:06:51,663 [BlockDeletingService#2] INFO  interfaces.ContainerDeletionChoosingPolicyTemplate (ContainerDeletionChoosingPolicyTemplate.java:chooseContainerForBlockDeletion(83)) - Chosen 0/5000 blocks from 0 candidate containers.
2023-03-23 08:06:51,729 [BlockDeletingService#2] INFO  interfaces.ContainerDeletionChoosingPolicyTemplate (ContainerDeletionChoosingPolicyTemplate.java:chooseContainerForBlockDeletion(83)) - Chosen 0/5000 blocks from 0 candidate containers.
2023-03-23 08:06:51,763 [BlockDeletingService#2] INFO  interfaces.ContainerDeletionChoosingPolicyTemplate (ContainerDeletionChoosingPolicyTemplate.java:chooseContainerForBlockDeletion(83)) - Chosen 0/5000 blocks from 0 candidate containers.
2023-03-23 08:06:51,763 [BlockDeletingService#2] INFO  interfaces.ContainerDeletionChoosingPolicyTemplate (ContainerDeletionChoosingPolicyTemplate.java:chooseContainerForBlockDeletion(83)) - Chosen 0/5000 blocks from 0 candidate containers.
2023-03-23 08:06:51,829 [BlockDeletingService#2] INFO  interfaces.ContainerDeletionChoosingPolicyTemplate (ContainerDeletionChoosingPolicyTemplate.java:chooseContainerForBlockDeletion(83)) - Chosen 0/5000 blocks from 0 candidate containers.
2023-03-23 08:06:51,863 [BlockDeletingService#2] INFO  interfaces.ContainerDeletionChoosingPolicyTemplate (ContainerDeletionChoosingPolicyTemplate.java:chooseContainerForBlockDeletion(83)) - Chosen 0/5000 blocks from 0 candidate containers.
2023-03-23 08:06:51,863 [BlockDeletingService#2] INFO  interfaces.ContainerDeletionChoosingPolicyTemplate (ContainerDeletionChoosingPolicyTemplate.java:chooseContainerForBlockDeletion(83)) - Chosen 0/5000 blocks from 0 candidate containers.
2023-03-23 08:06:51,929 [BlockDeletingService#2] INFO  interfaces.ContainerDeletionChoosingPolicyTemplate (ContainerDeletionChoosingPolicyTemplate.java:chooseContainerForBlockDeletion(83)) - Chosen 0/5000 blocks from 0 candidate containers.
2023-03-23 08:06:51,963 [BlockDeletingService#2] INFO  interfaces.ContainerDeletionChoosingPolicyTemplate (ContainerDeletionChoosingPolicyTemplate.java:chooseContainerForBlockDeletion(83)) - Chosen 0/5000 blocks from 0 candidate containers.
2023-03-23 08:06:51,964 [BlockDeletingService#2] INFO  interfaces.ContainerDeletionChoosingPolicyTemplate (ContainerDeletionChoosingPolicyTemplate.java:chooseContainerForBlockDeletion(83)) - Chosen 0/5000 blocks from 0 candidate containers.
2023-03-23 08:06:51,981 [IPC Server handler 2 on default port 42431] INFO  net.NetworkTopologyImpl (NetworkTopologyImpl.java:add(112)) - Added a new node: /default-rack/6f5e3e4a-08bd-4bbb-984f-08bcbe860d90
2023-03-23 08:06:51,981 [IPC Server handler 2 on default port 42431] INFO  node.SCMNodeManager (SCMNodeManager.java:register(404)) - Registered Data node : 6f5e3e4a-08bd-4bbb-984f-08bcbe860d90{ip: 10.1.0.214, host: fv-az105-497.wy5h1aom0jgehahef1oyr10hrc.bx.internal.cloudapp.net, ports: [REPLICATION=45145, RATIS=39789, RATIS_ADMIN=39789, RATIS_SERVER=39789, RATIS_DATASTREAM=40863, STANDALONE=40129], networkLocation: /default-rack, certSerialId: null, persistedOpState: null, persistedOpStateExpiryEpochSec: 0}
2023-03-23 08:06:51,983 [EventQueue-NodeRegistrationContainerReportForDataNodeSafeModeRule] INFO  safemode.SCMSafeModeManager (DataNodeSafeModeRule.java:process(71)) - SCM in safe mode. 2 DataNodes registered, 3 required.
2023-03-23 08:06:51,983 [EventQueue-NewNodeForNewNodeHandler] INFO  pipeline.BackgroundPipelineCreator (BackgroundPipelineCreator.java:notifyEventTriggered(276)) - trigger a one-shot run on RatisPipelineUtilsThread.
2023-03-23 08:06:52,030 [BlockDeletingService#2] INFO  interfaces.ContainerDeletionChoosingPolicyTemplate (ContainerDeletionChoosingPolicyTemplate.java:chooseContainerForBlockDeletion(83)) - Chosen 0/5000 blocks from 0 candidate containers.
2023-03-23 08:06:52,064 [BlockDeletingService#2] INFO  interfaces.ContainerDeletionChoosingPolicyTemplate (ContainerDeletionChoosingPolicyTemplate.java:chooseContainerForBlockDeletion(83)) - Chosen 0/5000 blocks from 0 candidate containers.
2023-03-23 08:06:52,064 [BlockDeletingService#2] INFO  interfaces.ContainerDeletionChoosingPolicyTemplate (ContainerDeletionChoosingPolicyTemplate.java:chooseContainerForBlockDeletion(83)) - Chosen 0/5000 blocks from 0 candidate containers.
2023-03-23 08:06:52,130 [BlockDeletingService#2] INFO  interfaces.ContainerDeletionChoosingPolicyTemplate (ContainerDeletionChoosingPolicyTemplate.java:chooseContainerForBlockDeletion(83)) - Chosen 0/5000 blocks from 0 candidate containers.
2023-03-23 08:06:52,164 [BlockDeletingService#2] INFO  interfaces.ContainerDeletionChoosingPolicyTemplate (ContainerDeletionChoosingPolicyTemplate.java:chooseContainerForBlockDeletion(83)) - Chosen 0/5000 blocks from 0 candidate containers.
2023-03-23 08:06:52,164 [BlockDeletingService#2] INFO  interfaces.ContainerDeletionChoosingPolicyTemplate (ContainerDeletionChoosingPolicyTemplate.java:chooseContainerForBlockDeletion(83)) - Chosen 0/5000 blocks from 0 candidate containers.
2023-03-23 08:06:52,230 [BlockDeletingService#2] INFO  interfaces.ContainerDeletionChoosingPolicyTemplate (ContainerDeletionChoosingPolicyTemplate.java:chooseContainerForBlockDeletion(83)) - Chosen 0/5000 blocks from 0 candidate containers.
2023-03-23 08:06:52,264 [BlockDeletingService#2] INFO  interfaces.ContainerDeletionChoosingPolicyTemplate (ContainerDeletionChoosingPolicyTemplate.java:chooseContainerForBlockDeletion(83)) - Chosen 0/5000 blocks from 0 candidate containers.
2023-03-23 08:06:52,264 [BlockDeletingService#2] INFO  interfaces.ContainerDeletionChoosingPolicyTemplate (ContainerDeletionChoosingPolicyTemplate.java:chooseContainerForBlockDeletion(83)) - Chosen 0/5000 blocks from 0 candidate containers.
2023-03-23 08:06:52,330 [BlockDeletingService#2] INFO  interfaces.ContainerDeletionChoosingPolicyTemplate (ContainerDeletionChoosingPolicyTemplate.java:chooseContainerForBlockDeletion(83)) - Chosen 0/5000 blocks from 0 candidate containers.
2023-03-23 08:06:52,364 [BlockDeletingService#2] INFO  interfaces.ContainerDeletionChoosingPolicyTemplate (ContainerDeletionChoosingPolicyTemplate.java:chooseContainerForBlockDeletion(83)) - Chosen 0/5000 blocks from 0 candidate containers.
2023-03-23 08:06:52,364 [BlockDeletingService#2] INFO  interfaces.ContainerDeletionChoosingPolicyTemplate (ContainerDeletionChoosingPolicyTemplate.java:chooseContainerForBlockDeletion(83)) - Chosen 0/5000 blocks from 0 candidate containers.
2023-03-23 08:06:52,389 [Listener at 127.0.0.1/35553] INFO  ozone.MiniOzoneClusterImpl (MiniOzoneClusterImpl.java:lambda$waitForClusterToBeReady$0(222)) - Waiting for nodes to be ready. Got 2 of 3 DN Heartbeats.
2023-03-23 08:06:52,389 [Listener at 127.0.0.1/35553] INFO  ozone.MiniOzoneClusterImpl (MiniOzoneClusterImpl.java:lambda$waitForClusterToBeReady$0(225)) - Waiting for cluster to exit safe mode
2023-03-23 08:06:52,389 [Listener at 127.0.0.1/35553] INFO  ozone.MiniOzoneClusterImpl (MiniOzoneClusterImpl.java:lambda$waitForClusterToBeReady$0(227)) - SCM became leader
2023-03-23 08:06:52,396 [IPC Server handler 0 on default port 42431] INFO  net.NetworkTopologyImpl (NetworkTopologyImpl.java:add(112)) - Added a new node: /default-rack/9c0bd176-fc91-437f-a400-955ac6fa2da9
2023-03-23 08:06:52,396 [IPC Server handler 0 on default port 42431] INFO  node.SCMNodeManager (SCMNodeManager.java:register(404)) - Registered Data node : 9c0bd176-fc91-437f-a400-955ac6fa2da9{ip: 10.1.0.214, host: fv-az105-497.wy5h1aom0jgehahef1oyr10hrc.bx.internal.cloudapp.net, ports: [REPLICATION=44175, RATIS=41819, RATIS_ADMIN=41819, RATIS_SERVER=41819, RATIS_DATASTREAM=34391, STANDALONE=41627], networkLocation: /default-rack, certSerialId: null, persistedOpState: null, persistedOpStateExpiryEpochSec: 0}
2023-03-23 08:06:52,397 [EventQueue-NewNodeForNewNodeHandler] INFO  pipeline.BackgroundPipelineCreator (BackgroundPipelineCreator.java:notifyEventTriggered(276)) - trigger a one-shot run on RatisPipelineUtilsThread.
2023-03-23 08:06:52,397 [EventQueue-NodeRegistrationContainerReportForDataNodeSafeModeRule] INFO  safemode.SCMSafeModeManager (DataNodeSafeModeRule.java:process(71)) - SCM in safe mode. 3 DataNodes registered, 3 required.
2023-03-23 08:06:52,397 [EventQueue-NodeRegistrationContainerReportForDataNodeSafeModeRule] INFO  safemode.SCMSafeModeManager (SCMSafeModeManager.java:validateSafeModeExitRules(200)) - DataNodeSafeModeRule rule is successfully validated
2023-03-23 08:06:52,397 [EventQueue-NodeRegistrationContainerReportForDataNodeSafeModeRule] INFO  safemode.SCMSafeModeManager (SCMSafeModeManager.java:completePreCheck(229)) - All SCM safe mode pre check rules have passed
2023-03-23 08:06:52,397 [EventQueue-NodeRegistrationContainerReportForDataNodeSafeModeRule] INFO  ha.SCMContext (SCMContext.java:updateSafeModeStatus(228)) - Update SafeModeStatus from SafeModeStatus{safeModeStatus=true, preCheckPassed=false} to SafeModeStatus{safeModeStatus=true, preCheckPassed=true}.
2023-03-23 08:06:52,398 [EventQueue-NodeRegistrationContainerReportForDataNodeSafeModeRule] INFO  pipeline.BackgroundPipelineCreator (BackgroundPipelineCreator.java:notifyEventTriggered(276)) - trigger a one-shot run on RatisPipelineUtilsThread.
2023-03-23 08:06:52,398 [RatisPipelineUtilsThread - 0] INFO  pipeline.RatisPipelineProvider (RatisPipelineProvider.java:lambda$create$0(206)) - Sending CreatePipelineCommand for pipeline:PipelineID=67437f06-9c9b-4aec-aa9f-fa29d6d30d5d to datanode:6f5e3e4a-08bd-4bbb-984f-08bcbe860d90
2023-03-23 08:06:52,400 [RatisPipelineUtilsThread - 0] INFO  pipeline.RatisPipelineProvider (RatisPipelineProvider.java:lambda$create$0(206)) - Sending CreatePipelineCommand for pipeline:PipelineID=67437f06-9c9b-4aec-aa9f-fa29d6d30d5d to datanode:266f5cc7-0c64-4a72-9a4b-104b6d67fb98
2023-03-23 08:06:52,400 [RatisPipelineUtilsThread - 0] INFO  pipeline.RatisPipelineProvider (RatisPipelineProvider.java:lambda$create$0(206)) - Sending CreatePipelineCommand for pipeline:PipelineID=67437f06-9c9b-4aec-aa9f-fa29d6d30d5d to datanode:9c0bd176-fc91-437f-a400-955ac6fa2da9
2023-03-23 08:06:52,400 [RatisPipelineUtilsThread - 0] INFO  pipeline.PipelineStateManagerImpl (PipelineStateManagerImpl.java:addPipeline(103)) - Created pipeline Pipeline[ Id: 67437f06-9c9b-4aec-aa9f-fa29d6d30d5d, Nodes: 6f5e3e4a-08bd-4bbb-984f-08bcbe860d90(fv-az105-497.wy5h1aom0jgehahef1oyr10hrc.bx.internal.cloudapp.net/10.1.0.214)266f5cc7-0c64-4a72-9a4b-104b6d67fb98(fv-az105-497.wy5h1aom0jgehahef1oyr10hrc.bx.internal.cloudapp.net/10.1.0.214)9c0bd176-fc91-437f-a400-955ac6fa2da9(fv-az105-497.wy5h1aom0jgehahef1oyr10hrc.bx.internal.cloudapp.net/10.1.0.214), ReplicationConfig: RATIS/THREE, State:ALLOCATED, leaderId:, CreationTimestamp2023-03-23T08:06:52.398Z[Etc/UTC]].
2023-03-23 08:06:52,401 [RatisPipelineUtilsThread - 0] WARN  pipeline.PipelinePlacementPolicy (PipelinePlacementPolicy.java:filterViableNodes(160)) - Pipeline creation failed due to no sufficient healthy datanodes. Required 3. Found 0. Excluded 3.
2023-03-23 08:06:52,431 [BlockDeletingService#2] INFO  interfaces.ContainerDeletionChoosingPolicyTemplate (ContainerDeletionChoosingPolicyTemplate.java:chooseContainerForBlockDeletion(83)) - Chosen 0/5000 blocks from 0 candidate containers.
2023-03-23 08:06:52,464 [BlockDeletingService#2] INFO  interfaces.ContainerDeletionChoosingPolicyTemplate (ContainerDeletionChoosingPolicyTemplate.java:chooseContainerForBlockDeletion(83)) - Chosen 0/5000 blocks from 0 candidate containers.
2023-03-23 08:06:52,465 [BlockDeletingService#2] INFO  interfaces.ContainerDeletionChoosingPolicyTemplate (ContainerDeletionChoosingPolicyTemplate.java:chooseContainerForBlockDeletion(83)) - Chosen 0/5000 blocks from 0 candidate containers.
2023-03-23 08:06:52,532 [BlockDeletingService#2] INFO  interfaces.ContainerDeletionChoosingPolicyTemplate (ContainerDeletionChoosingPolicyTemplate.java:chooseContainerForBlockDeletion(83)) - Chosen 0/5000 blocks from 0 candidate containers.
2023-03-23 08:06:52,565 [BlockDeletingService#2] INFO  interfaces.ContainerDeletionChoosingPolicyTemplate (ContainerDeletionChoosingPolicyTemplate.java:chooseContainerForBlockDeletion(83)) - Chosen 0/5000 blocks from 0 candidate containers.
2023-03-23 08:06:52,565 [BlockDeletingService#2] INFO  interfaces.ContainerDeletionChoosingPolicyTemplate (ContainerDeletionChoosingPolicyTemplate.java:chooseContainerForBlockDeletion(83)) - Chosen 0/5000 blocks from 0 candidate containers.
2023-03-23 08:06:52,632 [BlockDeletingService#2] INFO  interfaces.ContainerDeletionChoosingPolicyTemplate (ContainerDeletionChoosingPolicyTemplate.java:chooseContainerForBlockDeletion(83)) - Chosen 0/5000 blocks from 0 candidate containers.
2023-03-23 08:06:52,665 [BlockDeletingService#2] INFO  interfaces.ContainerDeletionChoosingPolicyTemplate (ContainerDeletionChoosingPolicyTemplate.java:chooseContainerForBlockDeletion(83)) - Chosen 0/5000 blocks from 0 candidate containers.
2023-03-23 08:06:52,665 [BlockDeletingService#2] INFO  interfaces.ContainerDeletionChoosingPolicyTemplate (ContainerDeletionChoosingPolicyTemplate.java:chooseContainerForBlockDeletion(83)) - Chosen 0/5000 blocks from 0 candidate containers.
2023-03-23 08:06:52,733 [BlockDeletingService#2] INFO  interfaces.ContainerDeletionChoosingPolicyTemplate (ContainerDeletionChoosingPolicyTemplate.java:chooseContainerForBlockDeletion(83)) - Chosen 0/5000 blocks from 0 candidate containers.
2023-03-23 08:06:52,765 [BlockDeletingService#2] INFO  interfaces.ContainerDeletionChoosingPolicyTemplate (ContainerDeletionChoosingPolicyTemplate.java:chooseContainerForBlockDeletion(83)) - Chosen 0/5000 blocks from 0 candidate containers.
2023-03-23 08:06:52,765 [BlockDeletingService#2] INFO  interfaces.ContainerDeletionChoosingPolicyTemplate (ContainerDeletionChoosingPolicyTemplate.java:chooseContainerForBlockDeletion(83)) - Chosen 0/5000 blocks from 0 candidate containers.
2023-03-23 08:06:52,833 [BlockDeletingService#2] INFO  interfaces.ContainerDeletionChoosingPolicyTemplate (ContainerDeletionChoosingPolicyTemplate.java:chooseContainerForBlockDeletion(83)) - Chosen 0/5000 blocks from 0 candidate containers.
2023-03-23 08:06:52,865 [BlockDeletingService#2] INFO  interfaces.ContainerDeletionChoosingPolicyTemplate (ContainerDeletionChoosingPolicyTemplate.java:chooseContainerForBlockDeletion(83)) - Chosen 0/5000 blocks from 0 candidate containers.
2023-03-23 08:06:52,866 [BlockDeletingService#2] INFO  interfaces.ContainerDeletionChoosingPolicyTemplate (ContainerDeletionChoosingPolicyTemplate.java:chooseContainerForBlockDeletion(83)) - Chosen 0/5000 blocks from 0 candidate containers.
2023-03-23 08:06:52,933 [BlockDeletingService#2] INFO  interfaces.ContainerDeletionChoosingPolicyTemplate (ContainerDeletionChoosingPolicyTemplate.java:chooseContainerForBlockDeletion(83)) - Chosen 0/5000 blocks from 0 candidate containers.
2023-03-23 08:06:52,966 [BlockDeletingService#2] INFO  interfaces.ContainerDeletionChoosingPolicyTemplate (ContainerDeletionChoosingPolicyTemplate.java:chooseContainerForBlockDeletion(83)) - Chosen 0/5000 blocks from 0 candidate containers.
2023-03-23 08:06:52,966 [BlockDeletingService#2] INFO  interfaces.ContainerDeletionChoosingPolicyTemplate (ContainerDeletionChoosingPolicyTemplate.java:chooseContainerForBlockDeletion(83)) - Chosen 0/5000 blocks from 0 candidate containers.
2023-03-23 08:06:53,034 [BlockDeletingService#2] INFO  interfaces.ContainerDeletionChoosingPolicyTemplate (ContainerDeletionChoosingPolicyTemplate.java:chooseContainerForBlockDeletion(83)) - Chosen 0/5000 blocks from 0 candidate containers.
2023-03-23 08:06:53,067 [BlockDeletingService#2] INFO  interfaces.ContainerDeletionChoosingPolicyTemplate (ContainerDeletionChoosingPolicyTemplate.java:chooseContainerForBlockDeletion(83)) - Chosen 0/5000 blocks from 0 candidate containers.
2023-03-23 08:06:53,067 [BlockDeletingService#2] INFO  interfaces.ContainerDeletionChoosingPolicyTemplate (ContainerDeletionChoosingPolicyTemplate.java:chooseContainerForBlockDeletion(83)) - Chosen 0/5000 blocks from 0 candidate containers.
2023-03-23 08:06:53,134 [BlockDeletingService#2] INFO  interfaces.ContainerDeletionChoosingPolicyTemplate (ContainerDeletionChoosingPolicyTemplate.java:chooseContainerForBlockDeletion(83)) - Chosen 0/5000 blocks from 0 candidate containers.
2023-03-23 08:06:53,167 [BlockDeletingService#2] INFO  interfaces.ContainerDeletionChoosingPolicyTemplate (ContainerDeletionChoosingPolicyTemplate.java:chooseContainerForBlockDeletion(83)) - Chosen 0/5000 blocks from 0 candidate containers.
2023-03-23 08:06:53,167 [BlockDeletingService#2] INFO  interfaces.ContainerDeletionChoosingPolicyTemplate (ContainerDeletionChoosingPolicyTemplate.java:chooseContainerForBlockDeletion(83)) - Chosen 0/5000 blocks from 0 candidate containers.
2023-03-23 08:06:53,234 [BlockDeletingService#2] INFO  interfaces.ContainerDeletionChoosingPolicyTemplate (ContainerDeletionChoosingPolicyTemplate.java:chooseContainerForBlockDeletion(83)) - Chosen 0/5000 blocks from 0 candidate containers.
2023-03-23 08:06:53,267 [BlockDeletingService#2] INFO  interfaces.ContainerDeletionChoosingPolicyTemplate (ContainerDeletionChoosingPolicyTemplate.java:chooseContainerForBlockDeletion(83)) - Chosen 0/5000 blocks from 0 candidate containers.
2023-03-23 08:06:53,267 [BlockDeletingService#2] INFO  interfaces.ContainerDeletionChoosingPolicyTemplate (ContainerDeletionChoosingPolicyTemplate.java:chooseContainerForBlockDeletion(83)) - Chosen 0/5000 blocks from 0 candidate containers.
2023-03-23 08:06:53,334 [BlockDeletingService#2] INFO  interfaces.ContainerDeletionChoosingPolicyTemplate (ContainerDeletionChoosingPolicyTemplate.java:chooseContainerForBlockDeletion(83)) - Chosen 0/5000 blocks from 0 candidate containers.
2023-03-23 08:06:53,367 [BlockDeletingService#2] INFO  interfaces.ContainerDeletionChoosingPolicyTemplate (ContainerDeletionChoosingPolicyTemplate.java:chooseContainerForBlockDeletion(83)) - Chosen 0/5000 blocks from 0 candidate containers.
2023-03-23 08:06:53,367 [BlockDeletingService#2] INFO  interfaces.ContainerDeletionChoosingPolicyTemplate (ContainerDeletionChoosingPolicyTemplate.java:chooseContainerForBlockDeletion(83)) - Chosen 0/5000 blocks from 0 candidate containers.
2023-03-23 08:06:53,389 [Listener at 127.0.0.1/35553] INFO  ozone.MiniOzoneClusterImpl (MiniOzoneClusterImpl.java:lambda$waitForClusterToBeReady$0(222)) - Nodes are ready. Got 3 of 3 DN Heartbeats.
2023-03-23 08:06:53,390 [Listener at 127.0.0.1/35553] INFO  ozone.MiniOzoneClusterImpl (MiniOzoneClusterImpl.java:lambda$waitForClusterToBeReady$0(225)) - Waiting for cluster to exit safe mode
2023-03-23 08:06:53,390 [Listener at 127.0.0.1/35553] INFO  ozone.MiniOzoneClusterImpl (MiniOzoneClusterImpl.java:lambda$waitForClusterToBeReady$0(227)) - SCM became leader
2023-03-23 08:06:53,435 [BlockDeletingService#2] INFO  interfaces.ContainerDeletionChoosingPolicyTemplate (ContainerDeletionChoosingPolicyTemplate.java:chooseContainerForBlockDeletion(83)) - Chosen 0/5000 blocks from 0 candidate containers.
2023-03-23 08:06:53,468 [BlockDeletingService#2] INFO  interfaces.ContainerDeletionChoosingPolicyTemplate (ContainerDeletionChoosingPolicyTemplate.java:chooseContainerForBlockDeletion(83)) - Chosen 0/5000 blocks from 0 candidate containers.
2023-03-23 08:06:53,468 [BlockDeletingService#2] INFO  interfaces.ContainerDeletionChoosingPolicyTemplate (ContainerDeletionChoosingPolicyTemplate.java:chooseContainerForBlockDeletion(83)) - Chosen 0/5000 blocks from 0 candidate containers.
2023-03-23 08:06:53,535 [BlockDeletingService#2] INFO  interfaces.ContainerDeletionChoosingPolicyTemplate (ContainerDeletionChoosingPolicyTemplate.java:chooseContainerForBlockDeletion(83)) - Chosen 0/5000 blocks from 0 candidate containers.
2023-03-23 08:06:53,568 [BlockDeletingService#2] INFO  interfaces.ContainerDeletionChoosingPolicyTemplate (ContainerDeletionChoosingPolicyTemplate.java:chooseContainerForBlockDeletion(83)) - Chosen 0/5000 blocks from 0 candidate containers.
2023-03-23 08:06:53,568 [BlockDeletingService#2] INFO  interfaces.ContainerDeletionChoosingPolicyTemplate (ContainerDeletionChoosingPolicyTemplate.java:chooseContainerForBlockDeletion(83)) - Chosen 0/5000 blocks from 0 candidate containers.
2023-03-23 08:06:53,635 [BlockDeletingService#2] INFO  interfaces.ContainerDeletionChoosingPolicyTemplate (ContainerDeletionChoosingPolicyTemplate.java:chooseContainerForBlockDeletion(83)) - Chosen 0/5000 blocks from 0 candidate containers.
2023-03-23 08:06:53,668 [BlockDeletingService#2] INFO  interfaces.ContainerDeletionChoosingPolicyTemplate (ContainerDeletionChoosingPolicyTemplate.java:chooseContainerForBlockDeletion(83)) - Chosen 0/5000 blocks from 0 candidate containers.
2023-03-23 08:06:53,669 [BlockDeletingService#2] INFO  interfaces.ContainerDeletionChoosingPolicyTemplate (ContainerDeletionChoosingPolicyTemplate.java:chooseContainerForBlockDeletion(83)) - Chosen 0/5000 blocks from 0 candidate containers.
2023-03-23 08:06:53,735 [BlockDeletingService#2] INFO  interfaces.ContainerDeletionChoosingPolicyTemplate (ContainerDeletionChoosingPolicyTemplate.java:chooseContainerForBlockDeletion(83)) - Chosen 0/5000 blocks from 0 candidate containers.
2023-03-23 08:06:53,768 [BlockDeletingService#2] INFO  interfaces.ContainerDeletionChoosingPolicyTemplate (ContainerDeletionChoosingPolicyTemplate.java:chooseContainerForBlockDeletion(83)) - Chosen 0/5000 blocks from 0 candidate containers.
2023-03-23 08:06:53,770 [BlockDeletingService#2] INFO  interfaces.ContainerDeletionChoosingPolicyTemplate (ContainerDeletionChoosingPolicyTemplate.java:chooseContainerForBlockDeletion(83)) - Chosen 0/5000 blocks from 0 candidate containers.
2023-03-23 08:06:53,836 [BlockDeletingService#2] INFO  interfaces.ContainerDeletionChoosingPolicyTemplate (ContainerDeletionChoosingPolicyTemplate.java:chooseContainerForBlockDeletion(83)) - Chosen 0/5000 blocks from 0 candidate containers.
2023-03-23 08:06:53,869 [BlockDeletingService#2] INFO  interfaces.ContainerDeletionChoosingPolicyTemplate (ContainerDeletionChoosingPolicyTemplate.java:chooseContainerForBlockDeletion(83)) - Chosen 0/5000 blocks from 0 candidate containers.
2023-03-23 08:06:53,870 [BlockDeletingService#2] INFO  interfaces.ContainerDeletionChoosingPolicyTemplate (ContainerDeletionChoosingPolicyTemplate.java:chooseContainerForBlockDeletion(83)) - Chosen 0/5000 blocks from 0 candidate containers.
2023-03-23 08:06:53,936 [BlockDeletingService#2] INFO  interfaces.ContainerDeletionChoosingPolicyTemplate (ContainerDeletionChoosingPolicyTemplate.java:chooseContainerForBlockDeletion(83)) - Chosen 0/5000 blocks from 0 candidate containers.
2023-03-23 08:06:53,969 [BlockDeletingService#2] INFO  interfaces.ContainerDeletionChoosingPolicyTemplate (ContainerDeletionChoosingPolicyTemplate.java:chooseContainerForBlockDeletion(83)) - Chosen 0/5000 blocks from 0 candidate containers.
2023-03-23 08:06:53,970 [BlockDeletingService#2] INFO  interfaces.ContainerDeletionChoosingPolicyTemplate (ContainerDeletionChoosingPolicyTemplate.java:chooseContainerForBlockDeletion(83)) - Chosen 0/5000 blocks from 0 candidate containers.
2023-03-23 08:06:54,036 [BlockDeletingService#2] INFO  interfaces.ContainerDeletionChoosingPolicyTemplate (ContainerDeletionChoosingPolicyTemplate.java:chooseContainerForBlockDeletion(83)) - Chosen 0/5000 blocks from 0 candidate containers.
2023-03-23 08:06:54,069 [BlockDeletingService#2] INFO  interfaces.ContainerDeletionChoosingPolicyTemplate (ContainerDeletionChoosingPolicyTemplate.java:chooseContainerForBlockDeletion(83)) - Chosen 0/5000 blocks from 0 candidate containers.
2023-03-23 08:06:54,070 [BlockDeletingService#2] INFO  interfaces.ContainerDeletionChoosingPolicyTemplate (ContainerDeletionChoosingPolicyTemplate.java:chooseContainerForBlockDeletion(83)) - Chosen 0/5000 blocks from 0 candidate containers.
2023-03-23 08:06:54,137 [BlockDeletingService#2] INFO  interfaces.ContainerDeletionChoosingPolicyTemplate (ContainerDeletionChoosingPolicyTemplate.java:chooseContainerForBlockDeletion(83)) - Chosen 0/5000 blocks from 0 candidate containers.
2023-03-23 08:06:54,169 [BlockDeletingService#2] INFO  interfaces.ContainerDeletionChoosingPolicyTemplate (ContainerDeletionChoosingPolicyTemplate.java:chooseContainerForBlockDeletion(83)) - Chosen 0/5000 blocks from 0 candidate containers.
2023-03-23 08:06:54,171 [BlockDeletingService#2] INFO  interfaces.ContainerDeletionChoosingPolicyTemplate (ContainerDeletionChoosingPolicyTemplate.java:chooseContainerForBlockDeletion(83)) - Chosen 0/5000 blocks from 0 candidate containers.
2023-03-23 08:06:54,237 [BlockDeletingService#2] INFO  interfaces.ContainerDeletionChoosingPolicyTemplate (ContainerDeletionChoosingPolicyTemplate.java:chooseContainerForBlockDeletion(83)) - Chosen 0/5000 blocks from 0 candidate containers.
2023-03-23 08:06:54,270 [BlockDeletingService#2] INFO  interfaces.ContainerDeletionChoosingPolicyTemplate (ContainerDeletionChoosingPolicyTemplate.java:chooseContainerForBlockDeletion(83)) - Chosen 0/5000 blocks from 0 candidate containers.
2023-03-23 08:06:54,271 [BlockDeletingService#2] INFO  interfaces.ContainerDeletionChoosingPolicyTemplate (ContainerDeletionChoosingPolicyTemplate.java:chooseContainerForBlockDeletion(83)) - Chosen 0/5000 blocks from 0 candidate containers.
2023-03-23 08:06:54,337 [BlockDeletingService#2] INFO  interfaces.ContainerDeletionChoosingPolicyTemplate (ContainerDeletionChoosingPolicyTemplate.java:chooseContainerForBlockDeletion(83)) - Chosen 0/5000 blocks from 0 candidate containers.
2023-03-23 08:06:54,370 [BlockDeletingService#2] INFO  interfaces.ContainerDeletionChoosingPolicyTemplate (ContainerDeletionChoosingPolicyTemplate.java:chooseContainerForBlockDeletion(83)) - Chosen 0/5000 blocks from 0 candidate containers.
2023-03-23 08:06:54,371 [BlockDeletingService#2] INFO  interfaces.ContainerDeletionChoosingPolicyTemplate (ContainerDeletionChoosingPolicyTemplate.java:chooseContainerForBlockDeletion(83)) - Chosen 0/5000 blocks from 0 candidate containers.
2023-03-23 08:06:54,390 [Listener at 127.0.0.1/35553] INFO  ozone.MiniOzoneClusterImpl (MiniOzoneClusterImpl.java:lambda$waitForClusterToBeReady$0(222)) - Nodes are ready. Got 3 of 3 DN Heartbeats.
2023-03-23 08:06:54,391 [Listener at 127.0.0.1/35553] INFO  ozone.MiniOzoneClusterImpl (MiniOzoneClusterImpl.java:lambda$waitForClusterToBeReady$0(225)) - Waiting for cluster to exit safe mode
2023-03-23 08:06:54,391 [Listener at 127.0.0.1/35553] INFO  ozone.MiniOzoneClusterImpl (MiniOzoneClusterImpl.java:lambda$waitForClusterToBeReady$0(227)) - SCM became leader
2023-03-23 08:06:54,437 [BlockDeletingService#2] INFO  interfaces.ContainerDeletionChoosingPolicyTemplate (ContainerDeletionChoosingPolicyTemplate.java:chooseContainerForBlockDeletion(83)) - Chosen 0/5000 blocks from 0 candidate containers.
2023-03-23 08:06:54,470 [BlockDeletingService#2] INFO  interfaces.ContainerDeletionChoosingPolicyTemplate (ContainerDeletionChoosingPolicyTemplate.java:chooseContainerForBlockDeletion(83)) - Chosen 0/5000 blocks from 0 candidate containers.
2023-03-23 08:06:54,471 [BlockDeletingService#2] INFO  interfaces.ContainerDeletionChoosingPolicyTemplate (ContainerDeletionChoosingPolicyTemplate.java:chooseContainerForBlockDeletion(83)) - Chosen 0/5000 blocks from 0 candidate containers.
2023-03-23 08:06:54,538 [BlockDeletingService#2] INFO  interfaces.ContainerDeletionChoosingPolicyTemplate (ContainerDeletionChoosingPolicyTemplate.java:chooseContainerForBlockDeletion(83)) - Chosen 0/5000 blocks from 0 candidate containers.
2023-03-23 08:06:54,570 [BlockDeletingService#2] INFO  interfaces.ContainerDeletionChoosingPolicyTemplate (ContainerDeletionChoosingPolicyTemplate.java:chooseContainerForBlockDeletion(83)) - Chosen 0/5000 blocks from 0 candidate containers.
2023-03-23 08:06:54,571 [BlockDeletingService#2] INFO  interfaces.ContainerDeletionChoosingPolicyTemplate (ContainerDeletionChoosingPolicyTemplate.java:chooseContainerForBlockDeletion(83)) - Chosen 0/5000 blocks from 0 candidate containers.
2023-03-23 08:06:54,572 [Command processor thread] INFO  server.RaftServer (RaftServerProxy.java:addNew(96)) - 266f5cc7-0c64-4a72-9a4b-104b6d67fb98: addNew group-FA29D6D30D5D:[266f5cc7-0c64-4a72-9a4b-104b6d67fb98|rpc:10.1.0.214:41491|dataStream:10.1.0.214:46055|priority:1|startupRole:FOLLOWER, 6f5e3e4a-08bd-4bbb-984f-08bcbe860d90|rpc:10.1.0.214:39789|dataStream:10.1.0.214:40863|priority:0|startupRole:FOLLOWER, 9c0bd176-fc91-437f-a400-955ac6fa2da9|rpc:10.1.0.214:41819|dataStream:10.1.0.214:34391|priority:0|startupRole:FOLLOWER] returns group-FA29D6D30D5D:java.util.concurrent.CompletableFuture@68e3e1ed[Not completed]
2023-03-23 08:06:54,573 [pool-538-thread-1] INFO  server.RaftServer$Division (RaftServerImpl.java:<init>(195)) - 266f5cc7-0c64-4a72-9a4b-104b6d67fb98: new RaftServerImpl for group-FA29D6D30D5D:[266f5cc7-0c64-4a72-9a4b-104b6d67fb98|rpc:10.1.0.214:41491|dataStream:10.1.0.214:46055|priority:1|startupRole:FOLLOWER, 6f5e3e4a-08bd-4bbb-984f-08bcbe860d90|rpc:10.1.0.214:39789|dataStream:10.1.0.214:40863|priority:0|startupRole:FOLLOWER, 9c0bd176-fc91-437f-a400-955ac6fa2da9|rpc:10.1.0.214:41819|dataStream:10.1.0.214:34391|priority:0|startupRole:FOLLOWER] with ContainerStateMachine:uninitialized
2023-03-23 08:06:54,574 [pool-538-thread-1] INFO  server.RaftServerConfigKeys (ConfUtils.java:logGet(46)) - raft.server.rpc.timeout.min = 5s (custom)
2023-03-23 08:06:54,574 [pool-538-thread-1] INFO  server.RaftServerConfigKeys (ConfUtils.java:logGet(46)) - raft.server.rpc.timeout.max = 5200ms (custom)
2023-03-23 08:06:54,574 [pool-538-thread-1] INFO  server.RaftServerConfigKeys (ConfUtils.java:logGet(46)) - raft.server.rpc.sleep.time = 25ms (default)
2023-03-23 08:06:54,574 [pool-538-thread-1] INFO  server.RaftServerConfigKeys (ConfUtils.java:logGet(46)) - raft.server.rpc.slowness.timeout = 300s (custom)
2023-03-23 08:06:54,574 [pool-538-thread-1] INFO  server.RaftServerConfigKeys (ConfUtils.java:logGet(46)) - raft.server.leaderelection.leader.step-down.wait-time = 10s (default)
2023-03-23 08:06:54,574 [pool-538-thread-1] INFO  server.RaftServerConfigKeys (ConfUtils.java:logGet(46)) - raft.server.sleep.deviation.threshold = 300ms (default)
2023-03-23 08:06:54,574 [pool-538-thread-1] INFO  server.RaftServer$Division (ServerState.java:<init>(118)) - 266f5cc7-0c64-4a72-9a4b-104b6d67fb98@group-FA29D6D30D5D: ConfigurationManager, init=-1: peers:[266f5cc7-0c64-4a72-9a4b-104b6d67fb98|rpc:10.1.0.214:41491|dataStream:10.1.0.214:46055|priority:1|startupRole:FOLLOWER, 6f5e3e4a-08bd-4bbb-984f-08bcbe860d90|rpc:10.1.0.214:39789|dataStream:10.1.0.214:40863|priority:0|startupRole:FOLLOWER, 9c0bd176-fc91-437f-a400-955ac6fa2da9|rpc:10.1.0.214:41819|dataStream:10.1.0.214:34391|priority:0|startupRole:FOLLOWER]|listeners:[], old=null, confs=<EMPTY_MAP>
2023-03-23 08:06:54,574 [pool-538-thread-1] INFO  server.RaftServerConfigKeys (ConfUtils.java:logGet(46)) - raft.server.storage.dir = [/home/runner/work/ozone/ozone/hadoop-ozone/integration-test/target/test-dir/MiniOzoneClusterImpl-31e8183b-455c-41dd-a5db-82de5ef729db/datanode-0/data/ratis] (custom)
2023-03-23 08:06:54,574 [pool-538-thread-1] INFO  server.RaftServerConfigKeys (ConfUtils.java:logGet(46)) - raft.server.log.corruption.policy = EXCEPTION (default)
2023-03-23 08:06:54,574 [pool-538-thread-1] INFO  server.RaftServerConfigKeys (ConfUtils.java:logGet(46)) - raft.server.storage.free-space.min = 0MB (=0) (default)
2023-03-23 08:06:54,574 [pool-538-thread-1] INFO  server.RaftServerConfigKeys (ConfUtils.java:logGet(46)) - raft.server.notification.no-leader.timeout = 300s (custom)
2023-03-23 08:06:54,574 [pool-538-thread-1] INFO  server.RaftServerConfigKeys (ConfUtils.java:logGet(46)) - raft.server.retrycache.expirytime = 600000ms (custom)
2023-03-23 08:06:54,574 [pool-538-thread-1] INFO  server.RaftServerConfigKeys (ConfUtils.java:logGet(46)) - raft.server.retrycache.statistics.expirytime = 100μs (default)
2023-03-23 08:06:54,575 [pool-538-thread-1] INFO  server.RaftServerConfigKeys (ConfUtils.java:logGet(46)) - raft.server.log.appender.install.snapshot.enabled = false (custom)
2023-03-23 08:06:54,575 [pool-538-thread-1] INFO  server.RaftServerConfigKeys (ConfUtils.java:logGet(46)) - raft.server.threadpool.server.cached = true (default)
2023-03-23 08:06:54,575 [pool-538-thread-1] INFO  server.RaftServerConfigKeys (ConfUtils.java:logGet(46)) - raft.server.threadpool.server.size = 0 (default)
2023-03-23 08:06:54,575 [pool-538-thread-1] INFO  server.RaftServerConfigKeys (ConfUtils.java:logGet(46)) - raft.server.threadpool.client.cached = true (default)
2023-03-23 08:06:54,575 [pool-538-thread-1] INFO  server.RaftServerConfigKeys (ConfUtils.java:logGet(46)) - raft.server.threadpool.client.size = 0 (default)
2023-03-23 08:06:54,575 [pool-538-thread-1] INFO  storage.RaftStorageDirectory (RaftStorageDirectoryImpl.java:analyzeStorage(137)) - The storage directory /home/runner/work/ozone/ozone/hadoop-ozone/integration-test/target/test-dir/MiniOzoneClusterImpl-31e8183b-455c-41dd-a5db-82de5ef729db/datanode-0/data/ratis/67437f06-9c9b-4aec-aa9f-fa29d6d30d5d does not exist. Creating ...
2023-03-23 08:06:54,577 [pool-538-thread-1] INFO  storage.RaftStorageDirectory (RaftStorageDirectoryImpl.java:tryLock(231)) - Lock on /home/runner/work/ozone/ozone/hadoop-ozone/integration-test/target/test-dir/MiniOzoneClusterImpl-31e8183b-455c-41dd-a5db-82de5ef729db/datanode-0/data/ratis/67437f06-9c9b-4aec-aa9f-fa29d6d30d5d/in_use.lock acquired by nodename 6812@fv-az105-497
2023-03-23 08:06:54,578 [pool-538-thread-1] INFO  storage.RaftStorage (RaftStorageImpl.java:format(96)) - Storage directory /home/runner/work/ozone/ozone/hadoop-ozone/integration-test/target/test-dir/MiniOzoneClusterImpl-31e8183b-455c-41dd-a5db-82de5ef729db/datanode-0/data/ratis/67437f06-9c9b-4aec-aa9f-fa29d6d30d5d has been successfully formatted.
2023-03-23 08:06:54,579 [pool-538-thread-1] INFO  ratis.ContainerStateMachine (ContainerStateMachine.java:loadSnapshot(262)) - group-FA29D6D30D5D: The snapshot info is null. Setting the last applied indexto:(t:0, i:~)
2023-03-23 08:06:54,579 [pool-538-thread-1] INFO  server.RaftServerConfigKeys (ConfUtils.java:logGet(46)) - raft.server.log.use.memory = false (default)
2023-03-23 08:06:54,579 [pool-538-thread-1] INFO  server.RaftServerConfigKeys (ConfUtils.java:logGet(46)) - raft.server.log.purge.gap = 1000000 (custom)
2023-03-23 08:06:54,579 [pool-538-thread-1] INFO  server.RaftServerConfigKeys (ConfUtils.java:logGet(46)) - raft.server.log.appender.buffer.byte-limit = 33554432 (custom)
2023-03-23 08:06:54,579 [pool-538-thread-1] INFO  server.RaftServerConfigKeys (ConfUtils.java:logGet(46)) - raft.server.log.statemachine.data.read.timeout = 1000ms (default)
2023-03-23 08:06:54,579 [pool-538-thread-1] INFO  server.RaftServerConfigKeys (ConfUtils.java:logGet(46)) - raft.server.log.purge.preservation.log.num = 0 (default)
2023-03-23 08:06:54,580 [pool-538-thread-1] INFO  server.RaftServerConfigKeys (ConfUtils.java:logGet(46)) - raft.server.log.segment.size.max = 1048576 (custom)
2023-03-23 08:06:54,580 [pool-538-thread-1] INFO  server.RaftServerConfigKeys (ConfUtils.java:logGet(46)) - raft.server.log.segment.cache.num.max = 2 (custom)
2023-03-23 08:06:54,580 [pool-538-thread-1] INFO  server.RaftServerConfigKeys (ConfUtils.java:logGet(46)) - raft.server.log.segment.cache.size.max = 200MB (=209715200) (default)
2023-03-23 08:06:54,580 [pool-538-thread-1] INFO  segmented.SegmentedRaftLogWorker (SegmentedRaftLogWorker.java:<init>(189)) - new 266f5cc7-0c64-4a72-9a4b-104b6d67fb98@group-FA29D6D30D5D-SegmentedRaftLogWorker for RaftStorageImpl:Storage Directory /home/runner/work/ozone/ozone/hadoop-ozone/integration-test/target/test-dir/MiniOzoneClusterImpl-31e8183b-455c-41dd-a5db-82de5ef729db/datanode-0/data/ratis/67437f06-9c9b-4aec-aa9f-fa29d6d30d5d
2023-03-23 08:06:54,580 [pool-538-thread-1] INFO  server.RaftServerConfigKeys (ConfUtils.java:logGet(46)) - raft.server.log.queue.byte-limit = 4294967296 (custom)
2023-03-23 08:06:54,580 [pool-538-thread-1] INFO  server.RaftServerConfigKeys (ConfUtils.java:logGet(46)) - raft.server.log.queue.element-limit = 1024 (custom)
2023-03-23 08:06:54,580 [pool-538-thread-1] INFO  server.RaftServerConfigKeys (ConfUtils.java:logGet(46)) - raft.server.log.segment.size.max = 1048576 (custom)
2023-03-23 08:06:54,580 [pool-538-thread-1] INFO  server.RaftServerConfigKeys (ConfUtils.java:logGet(46)) - raft.server.log.preallocated.size = 16384 (custom)
2023-03-23 08:06:54,581 [pool-538-thread-1] INFO  server.RaftServerConfigKeys (ConfUtils.java:logGet(46)) - raft.server.log.force.sync.num = 128 (default)
2023-03-23 08:06:54,581 [pool-538-thread-1] INFO  server.RaftServerConfigKeys (ConfUtils.java:logGet(46)) - raft.server.log.statemachine.data.sync = true (default)
2023-03-23 08:06:54,581 [pool-538-thread-1] INFO  server.RaftServerConfigKeys (ConfUtils.java:logGet(46)) - raft.server.log.statemachine.data.sync.timeout = 10s (default)
2023-03-23 08:06:54,581 [pool-538-thread-1] INFO  server.RaftServerConfigKeys (ConfUtils.java:logGet(46)) - raft.server.log.statemachine.data.sync.timeout.retry = -1 (default)
2023-03-23 08:06:54,581 [pool-538-thread-1] INFO  server.RaftServerConfigKeys (ConfUtils.java:logGet(46)) - raft.server.log.write.buffer.size = 1048576 (custom)
2023-03-23 08:06:54,581 [pool-538-thread-1] INFO  server.RaftServerConfigKeys (ConfUtils.java:logGet(46)) - raft.server.log.appender.buffer.byte-limit = 33554432 (custom)
2023-03-23 08:06:54,587 [pool-538-thread-1] INFO  server.RaftServerConfigKeys (ConfUtils.java:logGet(46)) - raft.server.log.unsafe-flush.enabled = false (default)
2023-03-23 08:06:54,587 [pool-538-thread-1] INFO  server.RaftServerConfigKeys (ConfUtils.java:logGet(46)) - raft.server.log.async-flush.enabled = false (default)
2023-03-23 08:06:54,587 [pool-538-thread-1] INFO  server.RaftServerConfigKeys (ConfUtils.java:logGet(46)) - raft.server.log.statemachine.data.caching.enabled = true (custom)
2023-03-23 08:06:54,587 [pool-538-thread-1] INFO  segmented.SegmentedRaftLogWorker (SegmentedRaftLogWorker.java:lambda$new$0(135)) - 266f5cc7-0c64-4a72-9a4b-104b6d67fb98@group-FA29D6D30D5D-SegmentedRaftLogWorker: flushIndex: setUnconditionally 0 -> -1
2023-03-23 08:06:54,587 [pool-538-thread-1] INFO  segmented.SegmentedRaftLogWorker (SegmentedRaftLogWorker.java:lambda$new$0(135)) - 266f5cc7-0c64-4a72-9a4b-104b6d67fb98@group-FA29D6D30D5D-SegmentedRaftLogWorker: safeCacheEvictIndex: setUnconditionally 0 -> -1
2023-03-23 08:06:54,587 [pool-538-thread-1] INFO  server.RaftServer$Division (RaftServerImpl.java:start(334)) - 266f5cc7-0c64-4a72-9a4b-104b6d67fb98@group-FA29D6D30D5D: start as a follower, conf=-1: peers:[266f5cc7-0c64-4a72-9a4b-104b6d67fb98|rpc:10.1.0.214:41491|dataStream:10.1.0.214:46055|priority:1|startupRole:FOLLOWER, 6f5e3e4a-08bd-4bbb-984f-08bcbe860d90|rpc:10.1.0.214:39789|dataStream:10.1.0.214:40863|priority:0|startupRole:FOLLOWER, 9c0bd176-fc91-437f-a400-955ac6fa2da9|rpc:10.1.0.214:41819|dataStream:10.1.0.214:34391|priority:0|startupRole:FOLLOWER]|listeners:[], old=null
2023-03-23 08:06:54,588 [pool-538-thread-1] INFO  server.RaftServer$Division (RaftServerImpl.java:setRole(321)) - 266f5cc7-0c64-4a72-9a4b-104b6d67fb98@group-FA29D6D30D5D: changes role from      null to FOLLOWER at term 0 for startAsFollower
2023-03-23 08:06:54,588 [pool-538-thread-1] INFO  impl.RoleInfo (RoleInfo.java:updateAndGet(139)) - 266f5cc7-0c64-4a72-9a4b-104b6d67fb98: start 266f5cc7-0c64-4a72-9a4b-104b6d67fb98@group-FA29D6D30D5D-FollowerState
2023-03-23 08:06:54,588 [pool-538-thread-1] INFO  util.JmxRegister (JmxRegister.java:tryRegister(44)) - Successfully registered JMX Bean with object name Ratis:service=RaftServer,group=group-FA29D6D30D5D,id=266f5cc7-0c64-4a72-9a4b-104b6d67fb98
2023-03-23 08:06:54,588 [pool-538-thread-1] INFO  server.RaftServerConfigKeys (ConfUtils.java:logGet(46)) - raft.server.snapshot.auto.trigger.enabled = true (custom)
2023-03-23 08:06:54,588 [pool-538-thread-1] INFO  server.RaftServerConfigKeys (ConfUtils.java:logGet(46)) - raft.server.snapshot.auto.trigger.threshold = 10000 (custom)
2023-03-23 08:06:54,588 [pool-538-thread-1] INFO  server.RaftServerConfigKeys (ConfUtils.java:logGet(46)) - raft.server.snapshot.retention.file.num = 5 (custom)
2023-03-23 08:06:54,588 [pool-538-thread-1] INFO  server.RaftServerConfigKeys (ConfUtils.java:logGet(46)) - raft.server.log.purge.upto.snapshot.index = false (default)
2023-03-23 08:06:54,589 [266f5cc7-0c64-4a72-9a4b-104b6d67fb98@group-FA29D6D30D5D-FollowerState] INFO  server.RaftServerConfigKeys (ConfUtils.java:logFallback(53)) - raft.server.rpc.first-election.timeout.min = 5s (fallback to raft.server.rpc.timeout.min)
2023-03-23 08:06:54,601 [Command processor thread] INFO  ratis.XceiverServerRatis (XceiverServerRatis.java:addGroup(807)) - Created group PipelineID=67437f06-9c9b-4aec-aa9f-fa29d6d30d5d
2023-03-23 08:06:54,607 [266f5cc7-0c64-4a72-9a4b-104b6d67fb98@group-FA29D6D30D5D-FollowerState] INFO  server.RaftServerConfigKeys (ConfUtils.java:logFallback(53)) - raft.server.rpc.first-election.timeout.max = 5200ms (fallback to raft.server.rpc.timeout.max)
2023-03-23 08:06:54,625 [grpc-default-executor-0] INFO  server.RaftServer (RaftServerProxy.java:addNew(96)) - 6f5e3e4a-08bd-4bbb-984f-08bcbe860d90: addNew group-FA29D6D30D5D:[266f5cc7-0c64-4a72-9a4b-104b6d67fb98|rpc:10.1.0.214:41491|dataStream:10.1.0.214:46055|priority:1|startupRole:FOLLOWER, 6f5e3e4a-08bd-4bbb-984f-08bcbe860d90|rpc:10.1.0.214:39789|dataStream:10.1.0.214:40863|priority:0|startupRole:FOLLOWER, 9c0bd176-fc91-437f-a400-955ac6fa2da9|rpc:10.1.0.214:41819|dataStream:10.1.0.214:34391|priority:0|startupRole:FOLLOWER] returns group-FA29D6D30D5D:java.util.concurrent.CompletableFuture@3f33687e[Not completed]
2023-03-23 08:06:54,627 [pool-560-thread-1] INFO  server.RaftServer$Division (RaftServerImpl.java:<init>(195)) - 6f5e3e4a-08bd-4bbb-984f-08bcbe860d90: new RaftServerImpl for group-FA29D6D30D5D:[266f5cc7-0c64-4a72-9a4b-104b6d67fb98|rpc:10.1.0.214:41491|dataStream:10.1.0.214:46055|priority:1|startupRole:FOLLOWER, 6f5e3e4a-08bd-4bbb-984f-08bcbe860d90|rpc:10.1.0.214:39789|dataStream:10.1.0.214:40863|priority:0|startupRole:FOLLOWER, 9c0bd176-fc91-437f-a400-955ac6fa2da9|rpc:10.1.0.214:41819|dataStream:10.1.0.214:34391|priority:0|startupRole:FOLLOWER] with ContainerStateMachine:uninitialized
2023-03-23 08:06:54,627 [pool-560-thread-1] INFO  server.RaftServerConfigKeys (ConfUtils.java:logGet(46)) - raft.server.rpc.timeout.min = 5s (custom)
2023-03-23 08:06:54,627 [pool-560-thread-1] INFO  server.RaftServerConfigKeys (ConfUtils.java:logGet(46)) - raft.server.rpc.timeout.max = 5200ms (custom)
2023-03-23 08:06:54,627 [pool-560-thread-1] INFO  server.RaftServerConfigKeys (ConfUtils.java:logGet(46)) - raft.server.rpc.sleep.time = 25ms (default)
2023-03-23 08:06:54,627 [pool-560-thread-1] INFO  server.RaftServerConfigKeys (ConfUtils.java:logGet(46)) - raft.server.rpc.slowness.timeout = 300s (custom)
2023-03-23 08:06:54,627 [pool-560-thread-1] INFO  server.RaftServerConfigKeys (ConfUtils.java:logGet(46)) - raft.server.leaderelection.leader.step-down.wait-time = 10s (default)
2023-03-23 08:06:54,627 [pool-560-thread-1] INFO  server.RaftServerConfigKeys (ConfUtils.java:logGet(46)) - raft.server.sleep.deviation.threshold = 300ms (default)
2023-03-23 08:06:54,627 [pool-560-thread-1] INFO  server.RaftServer$Division (ServerState.java:<init>(118)) - 6f5e3e4a-08bd-4bbb-984f-08bcbe860d90@group-FA29D6D30D5D: ConfigurationManager, init=-1: peers:[266f5cc7-0c64-4a72-9a4b-104b6d67fb98|rpc:10.1.0.214:41491|dataStream:10.1.0.214:46055|priority:1|startupRole:FOLLOWER, 6f5e3e4a-08bd-4bbb-984f-08bcbe860d90|rpc:10.1.0.214:39789|dataStream:10.1.0.214:40863|priority:0|startupRole:FOLLOWER, 9c0bd176-fc91-437f-a400-955ac6fa2da9|rpc:10.1.0.214:41819|dataStream:10.1.0.214:34391|priority:0|startupRole:FOLLOWER]|listeners:[], old=null, confs=<EMPTY_MAP>
2023-03-23 08:06:54,627 [pool-560-thread-1] INFO  server.RaftServerConfigKeys (ConfUtils.java:logGet(46)) - raft.server.storage.dir = [/home/runner/work/ozone/ozone/hadoop-ozone/integration-test/target/test-dir/MiniOzoneClusterImpl-31e8183b-455c-41dd-a5db-82de5ef729db/datanode-1/data/ratis] (custom)
2023-03-23 08:06:54,627 [pool-560-thread-1] INFO  server.RaftServerConfigKeys (ConfUtils.java:logGet(46)) - raft.server.log.corruption.policy = EXCEPTION (default)
2023-03-23 08:06:54,627 [pool-560-thread-1] INFO  server.RaftServerConfigKeys (ConfUtils.java:logGet(46)) - raft.server.storage.free-space.min = 0MB (=0) (default)
2023-03-23 08:06:54,627 [pool-560-thread-1] INFO  server.RaftServerConfigKeys (ConfUtils.java:logGet(46)) - raft.server.notification.no-leader.timeout = 300s (custom)
2023-03-23 08:06:54,628 [pool-560-thread-1] INFO  server.RaftServerConfigKeys (ConfUtils.java:logGet(46)) - raft.server.retrycache.expirytime = 600000ms (custom)
2023-03-23 08:06:54,628 [pool-560-thread-1] INFO  server.RaftServerConfigKeys (ConfUtils.java:logGet(46)) - raft.server.retrycache.statistics.expirytime = 100μs (default)
2023-03-23 08:06:54,628 [pool-560-thread-1] INFO  server.RaftServerConfigKeys (ConfUtils.java:logGet(46)) - raft.server.log.appender.install.snapshot.enabled = false (custom)
2023-03-23 08:06:54,628 [pool-560-thread-1] INFO  server.RaftServerConfigKeys (ConfUtils.java:logGet(46)) - raft.server.threadpool.server.cached = true (default)
2023-03-23 08:06:54,628 [pool-560-thread-1] INFO  server.RaftServerConfigKeys (ConfUtils.java:logGet(46)) - raft.server.threadpool.server.size = 0 (default)
2023-03-23 08:06:54,628 [pool-560-thread-1] INFO  server.RaftServerConfigKeys (ConfUtils.java:logGet(46)) - raft.server.threadpool.client.cached = true (default)
2023-03-23 08:06:54,628 [pool-560-thread-1] INFO  server.RaftServerConfigKeys (ConfUtils.java:logGet(46)) - raft.server.threadpool.client.size = 0 (default)
2023-03-23 08:06:54,629 [pool-560-thread-1] INFO  storage.RaftStorageDirectory (RaftStorageDirectoryImpl.java:analyzeStorage(137)) - The storage directory /home/runner/work/ozone/ozone/hadoop-ozone/integration-test/target/test-dir/MiniOzoneClusterImpl-31e8183b-455c-41dd-a5db-82de5ef729db/datanode-1/data/ratis/67437f06-9c9b-4aec-aa9f-fa29d6d30d5d does not exist. Creating ...
2023-03-23 08:06:54,630 [pool-560-thread-1] INFO  storage.RaftStorageDirectory (RaftStorageDirectoryImpl.java:tryLock(231)) - Lock on /home/runner/work/ozone/ozone/hadoop-ozone/integration-test/target/test-dir/MiniOzoneClusterImpl-31e8183b-455c-41dd-a5db-82de5ef729db/datanode-1/data/ratis/67437f06-9c9b-4aec-aa9f-fa29d6d30d5d/in_use.lock acquired by nodename 6812@fv-az105-497
2023-03-23 08:06:54,631 [pool-560-thread-1] INFO  storage.RaftStorage (RaftStorageImpl.java:format(96)) - Storage directory /home/runner/work/ozone/ozone/hadoop-ozone/integration-test/target/test-dir/MiniOzoneClusterImpl-31e8183b-455c-41dd-a5db-82de5ef729db/datanode-1/data/ratis/67437f06-9c9b-4aec-aa9f-fa29d6d30d5d has been successfully formatted.
2023-03-23 08:06:54,632 [pool-560-thread-1] INFO  ratis.ContainerStateMachine (ContainerStateMachine.java:loadSnapshot(262)) - group-FA29D6D30D5D: The snapshot info is null. Setting the last applied indexto:(t:0, i:~)
2023-03-23 08:06:54,632 [pool-560-thread-1] INFO  server.RaftServerConfigKeys (ConfUtils.java:logGet(46)) - raft.server.log.use.memory = false (default)
2023-03-23 08:06:54,632 [pool-560-thread-1] INFO  server.RaftServerConfigKeys (ConfUtils.java:logGet(46)) - raft.server.log.purge.gap = 1000000 (custom)
2023-03-23 08:06:54,632 [pool-560-thread-1] INFO  server.RaftServerConfigKeys (ConfUtils.java:logGet(46)) - raft.server.log.appender.buffer.byte-limit = 33554432 (custom)
2023-03-23 08:06:54,633 [pool-560-thread-1] INFO  server.RaftServerConfigKeys (ConfUtils.java:logGet(46)) - raft.server.log.statemachine.data.read.timeout = 1000ms (default)
2023-03-23 08:06:54,633 [pool-560-thread-1] INFO  server.RaftServerConfigKeys (ConfUtils.java:logGet(46)) - raft.server.log.purge.preservation.log.num = 0 (default)
2023-03-23 08:06:54,633 [pool-560-thread-1] INFO  server.RaftServerConfigKeys (ConfUtils.java:logGet(46)) - raft.server.log.segment.size.max = 1048576 (custom)
2023-03-23 08:06:54,634 [pool-560-thread-1] INFO  server.RaftServerConfigKeys (ConfUtils.java:logGet(46)) - raft.server.log.segment.cache.num.max = 2 (custom)
2023-03-23 08:06:54,634 [pool-560-thread-1] INFO  server.RaftServerConfigKeys (ConfUtils.java:logGet(46)) - raft.server.log.segment.cache.size.max = 200MB (=209715200) (default)
2023-03-23 08:06:54,634 [pool-560-thread-1] INFO  segmented.SegmentedRaftLogWorker (SegmentedRaftLogWorker.java:<init>(189)) - new 6f5e3e4a-08bd-4bbb-984f-08bcbe860d90@group-FA29D6D30D5D-SegmentedRaftLogWorker for RaftStorageImpl:Storage Directory /home/runner/work/ozone/ozone/hadoop-ozone/integration-test/target/test-dir/MiniOzoneClusterImpl-31e8183b-455c-41dd-a5db-82de5ef729db/datanode-1/data/ratis/67437f06-9c9b-4aec-aa9f-fa29d6d30d5d
2023-03-23 08:06:54,634 [pool-560-thread-1] INFO  server.RaftServerConfigKeys (ConfUtils.java:logGet(46)) - raft.server.log.queue.byte-limit = 4294967296 (custom)
2023-03-23 08:06:54,634 [pool-560-thread-1] INFO  server.RaftServerConfigKeys (ConfUtils.java:logGet(46)) - raft.server.log.queue.element-limit = 1024 (custom)
2023-03-23 08:06:54,634 [pool-560-thread-1] INFO  server.RaftServerConfigKeys (ConfUtils.java:logGet(46)) - raft.server.log.segment.size.max = 1048576 (custom)
2023-03-23 08:06:54,634 [pool-560-thread-1] INFO  server.RaftServerConfigKeys (ConfUtils.java:logGet(46)) - raft.server.log.preallocated.size = 16384 (custom)
2023-03-23 08:06:54,634 [pool-560-thread-1] INFO  server.RaftServerConfigKeys (ConfUtils.java:logGet(46)) - raft.server.log.force.sync.num = 128 (default)
2023-03-23 08:06:54,634 [pool-560-thread-1] INFO  server.RaftServerConfigKeys (ConfUtils.java:logGet(46)) - raft.server.log.statemachine.data.sync = true (default)
2023-03-23 08:06:54,634 [pool-560-thread-1] INFO  server.RaftServerConfigKeys (ConfUtils.java:logGet(46)) - raft.server.log.statemachine.data.sync.timeout = 10s (default)
2023-03-23 08:06:54,634 [pool-560-thread-1] INFO  server.RaftServerConfigKeys (ConfUtils.java:logGet(46)) - raft.server.log.statemachine.data.sync.timeout.retry = -1 (default)
2023-03-23 08:06:54,635 [pool-560-thread-1] INFO  server.RaftServerConfigKeys (ConfUtils.java:logGet(46)) - raft.server.log.write.buffer.size = 1048576 (custom)
2023-03-23 08:06:54,636 [pool-560-thread-1] INFO  server.RaftServerConfigKeys (ConfUtils.java:logGet(46)) - raft.server.log.appender.buffer.byte-limit = 33554432 (custom)
2023-03-23 08:06:54,638 [BlockDeletingService#2] INFO  interfaces.ContainerDeletionChoosingPolicyTemplate (ContainerDeletionChoosingPolicyTemplate.java:chooseContainerForBlockDeletion(83)) - Chosen 0/5000 blocks from 0 candidate containers.
2023-03-23 08:06:54,642 [pool-560-thread-1] INFO  server.RaftServerConfigKeys (ConfUtils.java:logGet(46)) - raft.server.log.unsafe-flush.enabled = false (default)
2023-03-23 08:06:54,643 [pool-560-thread-1] INFO  server.RaftServerConfigKeys (ConfUtils.java:logGet(46)) - raft.server.log.async-flush.enabled = false (default)
2023-03-23 08:06:54,643 [pool-560-thread-1] INFO  server.RaftServerConfigKeys (ConfUtils.java:logGet(46)) - raft.server.log.statemachine.data.caching.enabled = true (custom)
2023-03-23 08:06:54,643 [pool-560-thread-1] INFO  segmented.SegmentedRaftLogWorker (SegmentedRaftLogWorker.java:lambda$new$0(135)) - 6f5e3e4a-08bd-4bbb-984f-08bcbe860d90@group-FA29D6D30D5D-SegmentedRaftLogWorker: flushIndex: setUnconditionally 0 -> -1
2023-03-23 08:06:54,643 [pool-560-thread-1] INFO  segmented.SegmentedRaftLogWorker (SegmentedRaftLogWorker.java:lambda$new$0(135)) - 6f5e3e4a-08bd-4bbb-984f-08bcbe860d90@group-FA29D6D30D5D-SegmentedRaftLogWorker: safeCacheEvictIndex: setUnconditionally 0 -> -1
2023-03-23 08:06:54,643 [pool-560-thread-1] INFO  server.RaftServer$Division (RaftServerImpl.java:start(334)) - 6f5e3e4a-08bd-4bbb-984f-08bcbe860d90@group-FA29D6D30D5D: start as a follower, conf=-1: peers:[266f5cc7-0c64-4a72-9a4b-104b6d67fb98|rpc:10.1.0.214:41491|dataStream:10.1.0.214:46055|priority:1|startupRole:FOLLOWER, 6f5e3e4a-08bd-4bbb-984f-08bcbe860d90|rpc:10.1.0.214:39789|dataStream:10.1.0.214:40863|priority:0|startupRole:FOLLOWER, 9c0bd176-fc91-437f-a400-955ac6fa2da9|rpc:10.1.0.214:41819|dataStream:10.1.0.214:34391|priority:0|startupRole:FOLLOWER]|listeners:[], old=null
2023-03-23 08:06:54,643 [pool-560-thread-1] INFO  server.RaftServer$Division (RaftServerImpl.java:setRole(321)) - 6f5e3e4a-08bd-4bbb-984f-08bcbe860d90@group-FA29D6D30D5D: changes role from      null to FOLLOWER at term 0 for startAsFollower
2023-03-23 08:06:54,643 [pool-560-thread-1] INFO  impl.RoleInfo (RoleInfo.java:updateAndGet(139)) - 6f5e3e4a-08bd-4bbb-984f-08bcbe860d90: start 6f5e3e4a-08bd-4bbb-984f-08bcbe860d90@group-FA29D6D30D5D-FollowerState
2023-03-23 08:06:54,646 [pool-560-thread-1] INFO  util.JmxRegister (JmxRegister.java:tryRegister(44)) - Successfully registered JMX Bean with object name Ratis:service=RaftServer,group=group-FA29D6D30D5D,id=6f5e3e4a-08bd-4bbb-984f-08bcbe860d90
2023-03-23 08:06:54,646 [pool-560-thread-1] INFO  server.RaftServerConfigKeys (ConfUtils.java:logGet(46)) - raft.server.snapshot.auto.trigger.enabled = true (custom)
2023-03-23 08:06:54,646 [pool-560-thread-1] INFO  server.RaftServerConfigKeys (ConfUtils.java:logGet(46)) - raft.server.snapshot.auto.trigger.threshold = 10000 (custom)
2023-03-23 08:06:54,646 [pool-560-thread-1] INFO  server.RaftServerConfigKeys (ConfUtils.java:logGet(46)) - raft.server.snapshot.retention.file.num = 5 (custom)
2023-03-23 08:06:54,646 [pool-560-thread-1] INFO  server.RaftServerConfigKeys (ConfUtils.java:logGet(46)) - raft.server.log.purge.upto.snapshot.index = false (default)
2023-03-23 08:06:54,646 [6f5e3e4a-08bd-4bbb-984f-08bcbe860d90@group-FA29D6D30D5D-FollowerState] INFO  server.RaftServerConfigKeys (ConfUtils.java:logFallback(53)) - raft.server.rpc.first-election.timeout.min = 5s (fallback to raft.server.rpc.timeout.min)
2023-03-23 08:06:54,650 [6f5e3e4a-08bd-4bbb-984f-08bcbe860d90@group-FA29D6D30D5D-FollowerState] INFO  server.RaftServerConfigKeys (ConfUtils.java:logFallback(53)) - raft.server.rpc.first-election.timeout.max = 5200ms (fallback to raft.server.rpc.timeout.max)
2023-03-23 08:06:54,670 [grpc-default-executor-0] INFO  server.RaftServer (RaftServerProxy.java:addNew(96)) - 9c0bd176-fc91-437f-a400-955ac6fa2da9: addNew group-FA29D6D30D5D:[266f5cc7-0c64-4a72-9a4b-104b6d67fb98|rpc:10.1.0.214:41491|dataStream:10.1.0.214:46055|priority:1|startupRole:FOLLOWER, 6f5e3e4a-08bd-4bbb-984f-08bcbe860d90|rpc:10.1.0.214:39789|dataStream:10.1.0.214:40863|priority:0|startupRole:FOLLOWER, 9c0bd176-fc91-437f-a400-955ac6fa2da9|rpc:10.1.0.214:41819|dataStream:10.1.0.214:34391|priority:0|startupRole:FOLLOWER] returns group-FA29D6D30D5D:java.util.concurrent.CompletableFuture@18ec6d2b[Not completed]
2023-03-23 08:06:54,671 [BlockDeletingService#2] INFO  interfaces.ContainerDeletionChoosingPolicyTemplate (ContainerDeletionChoosingPolicyTemplate.java:chooseContainerForBlockDeletion(83)) - Chosen 0/5000 blocks from 0 candidate containers.
2023-03-23 08:06:54,671 [pool-582-thread-1] INFO  server.RaftServer$Division (RaftServerImpl.java:<init>(195)) - 9c0bd176-fc91-437f-a400-955ac6fa2da9: new RaftServerImpl for group-FA29D6D30D5D:[266f5cc7-0c64-4a72-9a4b-104b6d67fb98|rpc:10.1.0.214:41491|dataStream:10.1.0.214:46055|priority:1|startupRole:FOLLOWER, 6f5e3e4a-08bd-4bbb-984f-08bcbe860d90|rpc:10.1.0.214:39789|dataStream:10.1.0.214:40863|priority:0|startupRole:FOLLOWER, 9c0bd176-fc91-437f-a400-955ac6fa2da9|rpc:10.1.0.214:41819|dataStream:10.1.0.214:34391|priority:0|startupRole:FOLLOWER] with ContainerStateMachine:uninitialized
2023-03-23 08:06:54,671 [pool-582-thread-1] INFO  server.RaftServerConfigKeys (ConfUtils.java:logGet(46)) - raft.server.rpc.timeout.min = 5s (custom)
2023-03-23 08:06:54,671 [pool-582-thread-1] INFO  server.RaftServerConfigKeys (ConfUtils.java:logGet(46)) - raft.server.rpc.timeout.max = 5200ms (custom)
2023-03-23 08:06:54,671 [pool-582-thread-1] INFO  server.RaftServerConfigKeys (ConfUtils.java:logGet(46)) - raft.server.rpc.sleep.time = 25ms (default)
2023-03-23 08:06:54,672 [pool-582-thread-1] INFO  server.RaftServerConfigKeys (ConfUtils.java:logGet(46)) - raft.server.rpc.slowness.timeout = 300s (custom)
2023-03-23 08:06:54,672 [pool-582-thread-1] INFO  server.RaftServerConfigKeys (ConfUtils.java:logGet(46)) - raft.server.leaderelection.leader.step-down.wait-time = 10s (default)
2023-03-23 08:06:54,672 [pool-582-thread-1] INFO  server.RaftServerConfigKeys (ConfUtils.java:logGet(46)) - raft.server.sleep.deviation.threshold = 300ms (default)
2023-03-23 08:06:54,672 [BlockDeletingService#2] INFO  interfaces.ContainerDeletionChoosingPolicyTemplate (ContainerDeletionChoosingPolicyTemplate.java:chooseContainerForBlockDeletion(83)) - Chosen 0/5000 blocks from 0 candidate containers.
2023-03-23 08:06:54,676 [pool-582-thread-1] INFO  server.RaftServer$Division (ServerState.java:<init>(118)) - 9c0bd176-fc91-437f-a400-955ac6fa2da9@group-FA29D6D30D5D: ConfigurationManager, init=-1: peers:[266f5cc7-0c64-4a72-9a4b-104b6d67fb98|rpc:10.1.0.214:41491|dataStream:10.1.0.214:46055|priority:1|startupRole:FOLLOWER, 6f5e3e4a-08bd-4bbb-984f-08bcbe860d90|rpc:10.1.0.214:39789|dataStream:10.1.0.214:40863|priority:0|startupRole:FOLLOWER, 9c0bd176-fc91-437f-a400-955ac6fa2da9|rpc:10.1.0.214:41819|dataStream:10.1.0.214:34391|priority:0|startupRole:FOLLOWER]|listeners:[], old=null, confs=<EMPTY_MAP>
2023-03-23 08:06:54,677 [pool-582-thread-1] INFO  server.RaftServerConfigKeys (ConfUtils.java:logGet(46)) - raft.server.storage.dir = [/home/runner/work/ozone/ozone/hadoop-ozone/integration-test/target/test-dir/MiniOzoneClusterImpl-31e8183b-455c-41dd-a5db-82de5ef729db/datanode-2/data/ratis] (custom)
2023-03-23 08:06:54,677 [pool-582-thread-1] INFO  server.RaftServerConfigKeys (ConfUtils.java:logGet(46)) - raft.server.log.corruption.policy = EXCEPTION (default)
2023-03-23 08:06:54,677 [pool-582-thread-1] INFO  server.RaftServerConfigKeys (ConfUtils.java:logGet(46)) - raft.server.storage.free-space.min = 0MB (=0) (default)
2023-03-23 08:06:54,677 [pool-582-thread-1] INFO  server.RaftServerConfigKeys (ConfUtils.java:logGet(46)) - raft.server.notification.no-leader.timeout = 300s (custom)
2023-03-23 08:06:54,677 [pool-582-thread-1] INFO  server.RaftServerConfigKeys (ConfUtils.java:logGet(46)) - raft.server.retrycache.expirytime = 600000ms (custom)
2023-03-23 08:06:54,677 [pool-582-thread-1] INFO  server.RaftServerConfigKeys (ConfUtils.java:logGet(46)) - raft.server.retrycache.statistics.expirytime = 100μs (default)
2023-03-23 08:06:54,678 [pool-582-thread-1] INFO  server.RaftServerConfigKeys (ConfUtils.java:logGet(46)) - raft.server.log.appender.install.snapshot.enabled = false (custom)
2023-03-23 08:06:54,678 [pool-582-thread-1] INFO  server.RaftServerConfigKeys (ConfUtils.java:logGet(46)) - raft.server.threadpool.server.cached = true (default)
2023-03-23 08:06:54,678 [pool-582-thread-1] INFO  server.RaftServerConfigKeys (ConfUtils.java:logGet(46)) - raft.server.threadpool.server.size = 0 (default)
2023-03-23 08:06:54,679 [pool-582-thread-1] INFO  server.RaftServerConfigKeys (ConfUtils.java:logGet(46)) - raft.server.threadpool.client.cached = true (default)
2023-03-23 08:06:54,679 [pool-582-thread-1] INFO  server.RaftServerConfigKeys (ConfUtils.java:logGet(46)) - raft.server.threadpool.client.size = 0 (default)
2023-03-23 08:06:54,680 [pool-582-thread-1] INFO  storage.RaftStorageDirectory (RaftStorageDirectoryImpl.java:analyzeStorage(137)) - The storage directory /home/runner/work/ozone/ozone/hadoop-ozone/integration-test/target/test-dir/MiniOzoneClusterImpl-31e8183b-455c-41dd-a5db-82de5ef729db/datanode-2/data/ratis/67437f06-9c9b-4aec-aa9f-fa29d6d30d5d does not exist. Creating ...
2023-03-23 08:06:54,681 [pool-582-thread-1] INFO  storage.RaftStorageDirectory (RaftStorageDirectoryImpl.java:tryLock(231)) - Lock on /home/runner/work/ozone/ozone/hadoop-ozone/integration-test/target/test-dir/MiniOzoneClusterImpl-31e8183b-455c-41dd-a5db-82de5ef729db/datanode-2/data/ratis/67437f06-9c9b-4aec-aa9f-fa29d6d30d5d/in_use.lock acquired by nodename 6812@fv-az105-497
2023-03-23 08:06:54,683 [pool-582-thread-1] INFO  storage.RaftStorage (RaftStorageImpl.java:format(96)) - Storage directory /home/runner/work/ozone/ozone/hadoop-ozone/integration-test/target/test-dir/MiniOzoneClusterImpl-31e8183b-455c-41dd-a5db-82de5ef729db/datanode-2/data/ratis/67437f06-9c9b-4aec-aa9f-fa29d6d30d5d has been successfully formatted.
2023-03-23 08:06:54,683 [pool-582-thread-1] INFO  ratis.ContainerStateMachine (ContainerStateMachine.java:loadSnapshot(262)) - group-FA29D6D30D5D: The snapshot info is null. Setting the last applied indexto:(t:0, i:~)
2023-03-23 08:06:54,683 [pool-582-thread-1] INFO  server.RaftServerConfigKeys (ConfUtils.java:logGet(46)) - raft.server.log.use.memory = false (default)
2023-03-23 08:06:54,683 [pool-582-thread-1] INFO  server.RaftServerConfigKeys (ConfUtils.java:logGet(46)) - raft.server.log.purge.gap = 1000000 (custom)
2023-03-23 08:06:54,683 [pool-582-thread-1] INFO  server.RaftServerConfigKeys (ConfUtils.java:logGet(46)) - raft.server.log.appender.buffer.byte-limit = 33554432 (custom)
2023-03-23 08:06:54,685 [pool-582-thread-1] INFO  server.RaftServerConfigKeys (ConfUtils.java:logGet(46)) - raft.server.log.statemachine.data.read.timeout = 1000ms (default)
2023-03-23 08:06:54,686 [pool-582-thread-1] INFO  server.RaftServerConfigKeys (ConfUtils.java:logGet(46)) - raft.server.log.purge.preservation.log.num = 0 (default)
2023-03-23 08:06:54,686 [pool-582-thread-1] INFO  server.RaftServerConfigKeys (ConfUtils.java:logGet(46)) - raft.server.log.segment.size.max = 1048576 (custom)
2023-03-23 08:06:54,686 [pool-582-thread-1] INFO  server.RaftServerConfigKeys (ConfUtils.java:logGet(46)) - raft.server.log.segment.cache.num.max = 2 (custom)
2023-03-23 08:06:54,686 [pool-582-thread-1] INFO  server.RaftServerConfigKeys (ConfUtils.java:logGet(46)) - raft.server.log.segment.cache.size.max = 200MB (=209715200) (default)
2023-03-23 08:06:54,686 [pool-582-thread-1] INFO  segmented.SegmentedRaftLogWorker (SegmentedRaftLogWorker.java:<init>(189)) - new 9c0bd176-fc91-437f-a400-955ac6fa2da9@group-FA29D6D30D5D-SegmentedRaftLogWorker for RaftStorageImpl:Storage Directory /home/runner/work/ozone/ozone/hadoop-ozone/integration-test/target/test-dir/MiniOzoneClusterImpl-31e8183b-455c-41dd-a5db-82de5ef729db/datanode-2/data/ratis/67437f06-9c9b-4aec-aa9f-fa29d6d30d5d
2023-03-23 08:06:54,686 [pool-582-thread-1] INFO  server.RaftServerConfigKeys (ConfUtils.java:logGet(46)) - raft.server.log.queue.byte-limit = 4294967296 (custom)
2023-03-23 08:06:54,686 [pool-582-thread-1] INFO  server.RaftServerConfigKeys (ConfUtils.java:logGet(46)) - raft.server.log.queue.element-limit = 1024 (custom)
2023-03-23 08:06:54,686 [pool-582-thread-1] INFO  server.RaftServerConfigKeys (ConfUtils.java:logGet(46)) - raft.server.log.segment.size.max = 1048576 (custom)
2023-03-23 08:06:54,686 [pool-582-thread-1] INFO  server.RaftServerConfigKeys (ConfUtils.java:logGet(46)) - raft.server.log.preallocated.size = 16384 (custom)
2023-03-23 08:06:54,686 [pool-582-thread-1] INFO  server.RaftServerConfigKeys (ConfUtils.java:logGet(46)) - raft.server.log.force.sync.num = 128 (default)
2023-03-23 08:06:54,686 [pool-582-thread-1] INFO  server.RaftServerConfigKeys (ConfUtils.java:logGet(46)) - raft.server.log.statemachine.data.sync = true (default)
2023-03-23 08:06:54,687 [pool-582-thread-1] INFO  server.RaftServerConfigKeys (ConfUtils.java:logGet(46)) - raft.server.log.statemachine.data.sync.timeout = 10s (default)
2023-03-23 08:06:54,687 [pool-582-thread-1] INFO  server.RaftServerConfigKeys (ConfUtils.java:logGet(46)) - raft.server.log.statemachine.data.sync.timeout.retry = -1 (default)
2023-03-23 08:06:54,687 [pool-582-thread-1] INFO  server.RaftServerConfigKeys (ConfUtils.java:logGet(46)) - raft.server.log.write.buffer.size = 1048576 (custom)
2023-03-23 08:06:54,687 [pool-582-thread-1] INFO  server.RaftServerConfigKeys (ConfUtils.java:logGet(46)) - raft.server.log.appender.buffer.byte-limit = 33554432 (custom)
2023-03-23 08:06:54,692 [pool-582-thread-1] INFO  server.RaftServerConfigKeys (ConfUtils.java:logGet(46)) - raft.server.log.unsafe-flush.enabled = false (default)
2023-03-23 08:06:54,693 [pool-582-thread-1] INFO  server.RaftServerConfigKeys (ConfUtils.java:logGet(46)) - raft.server.log.async-flush.enabled = false (default)
2023-03-23 08:06:54,693 [pool-582-thread-1] INFO  server.RaftServerConfigKeys (ConfUtils.java:logGet(46)) - raft.server.log.statemachine.data.caching.enabled = true (custom)
2023-03-23 08:06:54,693 [pool-582-thread-1] INFO  segmented.SegmentedRaftLogWorker (SegmentedRaftLogWorker.java:lambda$new$0(135)) - 9c0bd176-fc91-437f-a400-955ac6fa2da9@group-FA29D6D30D5D-SegmentedRaftLogWorker: flushIndex: setUnconditionally 0 -> -1
2023-03-23 08:06:54,693 [pool-582-thread-1] INFO  segmented.SegmentedRaftLogWorker (SegmentedRaftLogWorker.java:lambda$new$0(135)) - 9c0bd176-fc91-437f-a400-955ac6fa2da9@group-FA29D6D30D5D-SegmentedRaftLogWorker: safeCacheEvictIndex: setUnconditionally 0 -> -1
2023-03-23 08:06:54,693 [pool-582-thread-1] INFO  server.RaftServer$Division (RaftServerImpl.java:start(334)) - 9c0bd176-fc91-437f-a400-955ac6fa2da9@group-FA29D6D30D5D: start as a follower, conf=-1: peers:[266f5cc7-0c64-4a72-9a4b-104b6d67fb98|rpc:10.1.0.214:41491|dataStream:10.1.0.214:46055|priority:1|startupRole:FOLLOWER, 6f5e3e4a-08bd-4bbb-984f-08bcbe860d90|rpc:10.1.0.214:39789|dataStream:10.1.0.214:40863|priority:0|startupRole:FOLLOWER, 9c0bd176-fc91-437f-a400-955ac6fa2da9|rpc:10.1.0.214:41819|dataStream:10.1.0.214:34391|priority:0|startupRole:FOLLOWER]|listeners:[], old=null
2023-03-23 08:06:54,693 [pool-582-thread-1] INFO  server.RaftServer$Division (RaftServerImpl.java:setRole(321)) - 9c0bd176-fc91-437f-a400-955ac6fa2da9@group-FA29D6D30D5D: changes role from      null to FOLLOWER at term 0 for startAsFollower
2023-03-23 08:06:54,694 [pool-582-thread-1] INFO  impl.RoleInfo (RoleInfo.java:updateAndGet(139)) - 9c0bd176-fc91-437f-a400-955ac6fa2da9: start 9c0bd176-fc91-437f-a400-955ac6fa2da9@group-FA29D6D30D5D-FollowerState
2023-03-23 08:06:54,699 [pool-582-thread-1] INFO  util.JmxRegister (JmxRegister.java:tryRegister(44)) - Successfully registered JMX Bean with object name Ratis:service=RaftServer,group=group-FA29D6D30D5D,id=9c0bd176-fc91-437f-a400-955ac6fa2da9
2023-03-23 08:06:54,700 [pool-582-thread-1] INFO  server.RaftServerConfigKeys (ConfUtils.java:logGet(46)) - raft.server.snapshot.auto.trigger.enabled = true (custom)
2023-03-23 08:06:54,700 [pool-582-thread-1] INFO  server.RaftServerConfigKeys (ConfUtils.java:logGet(46)) - raft.server.snapshot.auto.trigger.threshold = 10000 (custom)
2023-03-23 08:06:54,700 [pool-582-thread-1] INFO  server.RaftServerConfigKeys (ConfUtils.java:logGet(46)) - raft.server.snapshot.retention.file.num = 5 (custom)
2023-03-23 08:06:54,700 [pool-582-thread-1] INFO  server.RaftServerConfigKeys (ConfUtils.java:logGet(46)) - raft.server.log.purge.upto.snapshot.index = false (default)
2023-03-23 08:06:54,701 [9c0bd176-fc91-437f-a400-955ac6fa2da9@group-FA29D6D30D5D-FollowerState] INFO  server.RaftServerConfigKeys (ConfUtils.java:logFallback(53)) - raft.server.rpc.first-election.timeout.min = 5s (fallback to raft.server.rpc.timeout.min)
2023-03-23 08:06:54,701 [9c0bd176-fc91-437f-a400-955ac6fa2da9@group-FA29D6D30D5D-FollowerState] INFO  server.RaftServerConfigKeys (ConfUtils.java:logFallback(53)) - raft.server.rpc.first-election.timeout.max = 5200ms (fallback to raft.server.rpc.timeout.max)
2023-03-23 08:06:54,706 [Command processor thread] INFO  commandhandler.CreatePipelineCommandHandler (CreatePipelineCommandHandler.java:handle(113)) - Created Pipeline RATIS THREE PipelineID=67437f06-9c9b-4aec-aa9f-fa29d6d30d5d.
2023-03-23 08:06:54,743 [BlockDeletingService#2] INFO  interfaces.ContainerDeletionChoosingPolicyTemplate (ContainerDeletionChoosingPolicyTemplate.java:chooseContainerForBlockDeletion(83)) - Chosen 0/5000 blocks from 0 candidate containers.
2023-03-23 08:06:54,771 [BlockDeletingService#2] INFO  interfaces.ContainerDeletionChoosingPolicyTemplate (ContainerDeletionChoosingPolicyTemplate.java:chooseContainerForBlockDeletion(83)) - Chosen 0/5000 blocks from 0 candidate containers.
2023-03-23 08:06:54,775 [BlockDeletingService#2] INFO  interfaces.ContainerDeletionChoosingPolicyTemplate (ContainerDeletionChoosingPolicyTemplate.java:chooseContainerForBlockDeletion(83)) - Chosen 0/5000 blocks from 0 candidate containers.
2023-03-23 08:06:54,843 [BlockDeletingService#2] INFO  interfaces.ContainerDeletionChoosingPolicyTemplate (ContainerDeletionChoosingPolicyTemplate.java:chooseContainerForBlockDeletion(83)) - Chosen 0/5000 blocks from 0 candidate containers.
2023-03-23 08:06:54,871 [BlockDeletingService#2] INFO  interfaces.ContainerDeletionChoosingPolicyTemplate (ContainerDeletionChoosingPolicyTemplate.java:chooseContainerForBlockDeletion(83)) - Chosen 0/5000 blocks from 0 candidate containers.
2023-03-23 08:06:54,875 [BlockDeletingService#2] INFO  interfaces.ContainerDeletionChoosingPolicyTemplate (ContainerDeletionChoosingPolicyTemplate.java:chooseContainerForBlockDeletion(83)) - Chosen 0/5000 blocks from 0 candidate containers.
2023-03-23 08:06:54,943 [BlockDeletingService#2] INFO  interfaces.ContainerDeletionChoosingPolicyTemplate (ContainerDeletionChoosingPolicyTemplate.java:chooseContainerForBlockDeletion(83)) - Chosen 0/5000 blocks from 0 candidate containers.
2023-03-23 08:06:54,971 [BlockDeletingService#2] INFO  interfaces.ContainerDeletionChoosingPolicyTemplate (ContainerDeletionChoosingPolicyTemplate.java:chooseContainerForBlockDeletion(83)) - Chosen 0/5000 blocks from 0 candidate containers.
2023-03-23 08:06:54,975 [BlockDeletingService#2] INFO  interfaces.ContainerDeletionChoosingPolicyTemplate (ContainerDeletionChoosingPolicyTemplate.java:chooseContainerForBlockDeletion(83)) - Chosen 0/5000 blocks from 0 candidate containers.
2023-03-23 08:06:55,044 [BlockDeletingService#2] INFO  interfaces.ContainerDeletionChoosingPolicyTemplate (ContainerDeletionChoosingPolicyTemplate.java:chooseContainerForBlockDeletion(83)) - Chosen 0/5000 blocks from 0 candidate containers.
2023-03-23 08:06:55,071 [BlockDeletingService#2] INFO  interfaces.ContainerDeletionChoosingPolicyTemplate (ContainerDeletionChoosingPolicyTemplate.java:chooseContainerForBlockDeletion(83)) - Chosen 0/5000 blocks from 0 candidate containers.
2023-03-23 08:06:55,076 [BlockDeletingService#2] INFO  interfaces.ContainerDeletionChoosingPolicyTemplate (ContainerDeletionChoosingPolicyTemplate.java:chooseContainerForBlockDeletion(83)) - Chosen 0/5000 blocks from 0 candidate containers.
2023-03-23 08:06:55,144 [BlockDeletingService#2] INFO  interfaces.ContainerDeletionChoosingPolicyTemplate (ContainerDeletionChoosingPolicyTemplate.java:chooseContainerForBlockDeletion(83)) - Chosen 0/5000 blocks from 0 candidate containers.
2023-03-23 08:06:55,172 [BlockDeletingService#2] INFO  interfaces.ContainerDeletionChoosingPolicyTemplate (ContainerDeletionChoosingPolicyTemplate.java:chooseContainerForBlockDeletion(83)) - Chosen 0/5000 blocks from 0 candidate containers.
2023-03-23 08:06:55,176 [BlockDeletingService#2] INFO  interfaces.ContainerDeletionChoosingPolicyTemplate (ContainerDeletionChoosingPolicyTemplate.java:chooseContainerForBlockDeletion(83)) - Chosen 0/5000 blocks from 0 candidate containers.
2023-03-23 08:06:55,244 [BlockDeletingService#2] INFO  interfaces.ContainerDeletionChoosingPolicyTemplate (ContainerDeletionChoosingPolicyTemplate.java:chooseContainerForBlockDeletion(83)) - Chosen 0/5000 blocks from 0 candidate containers.
2023-03-23 08:06:55,272 [BlockDeletingService#2] INFO  interfaces.ContainerDeletionChoosingPolicyTemplate (ContainerDeletionChoosingPolicyTemplate.java:chooseContainerForBlockDeletion(83)) - Chosen 0/5000 blocks from 0 candidate containers.
2023-03-23 08:06:55,276 [BlockDeletingService#2] INFO  interfaces.ContainerDeletionChoosingPolicyTemplate (ContainerDeletionChoosingPolicyTemplate.java:chooseContainerForBlockDeletion(83)) - Chosen 0/5000 blocks from 0 candidate containers.
2023-03-23 08:06:55,345 [BlockDeletingService#2] INFO  interfaces.ContainerDeletionChoosingPolicyTemplate (ContainerDeletionChoosingPolicyTemplate.java:chooseContainerForBlockDeletion(83)) - Chosen 0/5000 blocks from 0 candidate containers.
2023-03-23 08:06:55,372 [BlockDeletingService#2] INFO  interfaces.ContainerDeletionChoosingPolicyTemplate (ContainerDeletionChoosingPolicyTemplate.java:chooseContainerForBlockDeletion(83)) - Chosen 0/5000 blocks from 0 candidate containers.
2023-03-23 08:06:55,377 [BlockDeletingService#2] INFO  interfaces.ContainerDeletionChoosingPolicyTemplate (ContainerDeletionChoosingPolicyTemplate.java:chooseContainerForBlockDeletion(83)) - Chosen 0/5000 blocks from 0 candidate containers.
2023-03-23 08:06:55,391 [Listener at 127.0.0.1/35553] INFO  ozone.MiniOzoneClusterImpl (MiniOzoneClusterImpl.java:lambda$waitForClusterToBeReady$0(222)) - Nodes are ready. Got 3 of 3 DN Heartbeats.
2023-03-23 08:06:55,391 [Listener at 127.0.0.1/35553] INFO  ozone.MiniOzoneClusterImpl (MiniOzoneClusterImpl.java:lambda$waitForClusterToBeReady$0(225)) - Waiting for cluster to exit safe mode
2023-03-23 08:06:55,392 [Listener at 127.0.0.1/35553] INFO  ozone.MiniOzoneClusterImpl (MiniOzoneClusterImpl.java:lambda$waitForClusterToBeReady$0(227)) - SCM became leader
2023-03-23 08:06:55,445 [BlockDeletingService#2] INFO  interfaces.ContainerDeletionChoosingPolicyTemplate (ContainerDeletionChoosingPolicyTemplate.java:chooseContainerForBlockDeletion(83)) - Chosen 0/5000 blocks from 0 candidate containers.
2023-03-23 08:06:55,472 [BlockDeletingService#2] INFO  interfaces.ContainerDeletionChoosingPolicyTemplate (ContainerDeletionChoosingPolicyTemplate.java:chooseContainerForBlockDeletion(83)) - Chosen 0/5000 blocks from 0 candidate containers.
2023-03-23 08:06:55,477 [BlockDeletingService#2] INFO  interfaces.ContainerDeletionChoosingPolicyTemplate (ContainerDeletionChoosingPolicyTemplate.java:chooseContainerForBlockDeletion(83)) - Chosen 0/5000 blocks from 0 candidate containers.
2023-03-23 08:06:55,545 [BlockDeletingService#2] INFO  interfaces.ContainerDeletionChoosingPolicyTemplate (ContainerDeletionChoosingPolicyTemplate.java:chooseContainerForBlockDeletion(83)) - Chosen 0/5000 blocks from 0 candidate containers.
2023-03-23 08:06:55,573 [BlockDeletingService#2] INFO  interfaces.ContainerDeletionChoosingPolicyTemplate (ContainerDeletionChoosingPolicyTemplate.java:chooseContainerForBlockDeletion(83)) - Chosen 0/5000 blocks from 0 candidate containers.
2023-03-23 08:06:55,577 [BlockDeletingService#2] INFO  interfaces.ContainerDeletionChoosingPolicyTemplate (ContainerDeletionChoosingPolicyTemplate.java:chooseContainerForBlockDeletion(83)) - Chosen 0/5000 blocks from 0 candidate containers.
2023-03-23 08:06:55,645 [BlockDeletingService#2] INFO  interfaces.ContainerDeletionChoosingPolicyTemplate (ContainerDeletionChoosingPolicyTemplate.java:chooseContainerForBlockDeletion(83)) - Chosen 0/5000 blocks from 0 candidate containers.
2023-03-23 08:06:55,673 [BlockDeletingService#2] INFO  interfaces.ContainerDeletionChoosingPolicyTemplate (ContainerDeletionChoosingPolicyTemplate.java:chooseContainerForBlockDeletion(83)) - Chosen 0/5000 blocks from 0 candidate containers.
2023-03-23 08:06:55,677 [BlockDeletingService#2] INFO  interfaces.ContainerDeletionChoosingPolicyTemplate (ContainerDeletionChoosingPolicyTemplate.java:chooseContainerForBlockDeletion(83)) - Chosen 0/5000 blocks from 0 candidate containers.
2023-03-23 08:06:55,746 [BlockDeletingService#2] INFO  interfaces.ContainerDeletionChoosingPolicyTemplate (ContainerDeletionChoosingPolicyTemplate.java:chooseContainerForBlockDeletion(83)) - Chosen 0/5000 blocks from 0 candidate containers.
2023-03-23 08:06:55,773 [BlockDeletingService#2] INFO  interfaces.ContainerDeletionChoosingPolicyTemplate (ContainerDeletionChoosingPolicyTemplate.java:chooseContainerForBlockDeletion(83)) - Chosen 0/5000 blocks from 0 candidate containers.
2023-03-23 08:06:55,777 [BlockDeletingService#2] INFO  interfaces.ContainerDeletionChoosingPolicyTemplate (ContainerDeletionChoosingPolicyTemplate.java:chooseContainerForBlockDeletion(83)) - Chosen 0/5000 blocks from 0 candidate containers.
2023-03-23 08:06:55,846 [BlockDeletingService#2] INFO  interfaces.ContainerDeletionChoosingPolicyTemplate (ContainerDeletionChoosingPolicyTemplate.java:chooseContainerForBlockDeletion(83)) - Chosen 0/5000 blocks from 0 candidate containers.
2023-03-23 08:06:55,873 [BlockDeletingService#2] INFO  interfaces.ContainerDeletionChoosingPolicyTemplate (ContainerDeletionChoosingPolicyTemplate.java:chooseContainerForBlockDeletion(83)) - Chosen 0/5000 blocks from 0 candidate containers.
2023-03-23 08:06:55,877 [BlockDeletingService#2] INFO  interfaces.ContainerDeletionChoosingPolicyTemplate (ContainerDeletionChoosingPolicyTemplate.java:chooseContainerForBlockDeletion(83)) - Chosen 0/5000 blocks from 0 candidate containers.
2023-03-23 08:06:55,946 [BlockDeletingService#2] INFO  interfaces.ContainerDeletionChoosingPolicyTemplate (ContainerDeletionChoosingPolicyTemplate.java:chooseContainerForBlockDeletion(83)) - Chosen 0/5000 blocks from 0 candidate containers.
2023-03-23 08:06:55,975 [BlockDeletingService#2] INFO  interfaces.ContainerDeletionChoosingPolicyTemplate (ContainerDeletionChoosingPolicyTemplate.java:chooseContainerForBlockDeletion(83)) - Chosen 0/5000 blocks from 0 candidate containers.
2023-03-23 08:06:55,983 [BlockDeletingService#2] INFO  interfaces.ContainerDeletionChoosingPolicyTemplate (ContainerDeletionChoosingPolicyTemplate.java:chooseContainerForBlockDeletion(83)) - Chosen 0/5000 blocks from 0 candidate containers.
2023-03-23 08:06:56,046 [BlockDeletingService#2] INFO  interfaces.ContainerDeletionChoosingPolicyTemplate (ContainerDeletionChoosingPolicyTemplate.java:chooseContainerForBlockDeletion(83)) - Chosen 0/5000 blocks from 0 candidate containers.
2023-03-23 08:06:56,075 [BlockDeletingService#2] INFO  interfaces.ContainerDeletionChoosingPolicyTemplate (ContainerDeletionChoosingPolicyTemplate.java:chooseContainerForBlockDeletion(83)) - Chosen 0/5000 blocks from 0 candidate containers.
2023-03-23 08:06:56,084 [BlockDeletingService#2] INFO  interfaces.ContainerDeletionChoosingPolicyTemplate (ContainerDeletionChoosingPolicyTemplate.java:chooseContainerForBlockDeletion(83)) - Chosen 0/5000 blocks from 0 candidate containers.
2023-03-23 08:06:56,147 [BlockDeletingService#2] INFO  interfaces.ContainerDeletionChoosingPolicyTemplate (ContainerDeletionChoosingPolicyTemplate.java:chooseContainerForBlockDeletion(83)) - Chosen 0/5000 blocks from 0 candidate containers.
2023-03-23 08:06:56,175 [BlockDeletingService#2] INFO  interfaces.ContainerDeletionChoosingPolicyTemplate (ContainerDeletionChoosingPolicyTemplate.java:chooseContainerForBlockDeletion(83)) - Chosen 0/5000 blocks from 0 candidate containers.
2023-03-23 08:06:56,184 [BlockDeletingService#2] INFO  interfaces.ContainerDeletionChoosingPolicyTemplate (ContainerDeletionChoosingPolicyTemplate.java:chooseContainerForBlockDeletion(83)) - Chosen 0/5000 blocks from 0 candidate containers.
2023-03-23 08:06:56,247 [BlockDeletingService#2] INFO  interfaces.ContainerDeletionChoosingPolicyTemplate (ContainerDeletionChoosingPolicyTemplate.java:chooseContainerForBlockDeletion(83)) - Chosen 0/5000 blocks from 0 candidate containers.
2023-03-23 08:06:56,275 [BlockDeletingService#2] INFO  interfaces.ContainerDeletionChoosingPolicyTemplate (ContainerDeletionChoosingPolicyTemplate.java:chooseContainerForBlockDeletion(83)) - Chosen 0/5000 blocks from 0 candidate containers.
2023-03-23 08:06:56,284 [BlockDeletingService#2] INFO  interfaces.ContainerDeletionChoosingPolicyTemplate (ContainerDeletionChoosingPolicyTemplate.java:chooseContainerForBlockDeletion(83)) - Chosen 0/5000 blocks from 0 candidate containers.
2023-03-23 08:06:56,347 [BlockDeletingService#2] INFO  interfaces.ContainerDeletionChoosingPolicyTemplate (ContainerDeletionChoosingPolicyTemplate.java:chooseContainerForBlockDeletion(83)) - Chosen 0/5000 blocks from 0 candidate containers.
2023-03-23 08:06:56,376 [BlockDeletingService#2] INFO  interfaces.ContainerDeletionChoosingPolicyTemplate (ContainerDeletionChoosingPolicyTemplate.java:chooseContainerForBlockDeletion(83)) - Chosen 0/5000 blocks from 0 candidate containers.
2023-03-23 08:06:56,384 [BlockDeletingService#2] INFO  interfaces.ContainerDeletionChoosingPolicyTemplate (ContainerDeletionChoosingPolicyTemplate.java:chooseContainerForBlockDeletion(83)) - Chosen 0/5000 blocks from 0 candidate containers.
2023-03-23 08:06:56,392 [Listener at 127.0.0.1/35553] INFO  ozone.MiniOzoneClusterImpl (MiniOzoneClusterImpl.java:lambda$waitForClusterToBeReady$0(222)) - Nodes are ready. Got 3 of 3 DN Heartbeats.
2023-03-23 08:06:56,392 [Listener at 127.0.0.1/35553] INFO  ozone.MiniOzoneClusterImpl (MiniOzoneClusterImpl.java:lambda$waitForClusterToBeReady$0(225)) - Waiting for cluster to exit safe mode
2023-03-23 08:06:56,392 [Listener at 127.0.0.1/35553] INFO  ozone.MiniOzoneClusterImpl (MiniOzoneClusterImpl.java:lambda$waitForClusterToBeReady$0(227)) - SCM became leader
2023-03-23 08:06:56,448 [BlockDeletingService#2] INFO  interfaces.ContainerDeletionChoosingPolicyTemplate (ContainerDeletionChoosingPolicyTemplate.java:chooseContainerForBlockDeletion(83)) - Chosen 0/5000 blocks from 0 candidate containers.
2023-03-23 08:06:56,476 [BlockDeletingService#2] INFO  interfaces.ContainerDeletionChoosingPolicyTemplate (ContainerDeletionChoosingPolicyTemplate.java:chooseContainerForBlockDeletion(83)) - Chosen 0/5000 blocks from 0 candidate containers.
2023-03-23 08:06:56,485 [BlockDeletingService#2] INFO  interfaces.ContainerDeletionChoosingPolicyTemplate (ContainerDeletionChoosingPolicyTemplate.java:chooseContainerForBlockDeletion(83)) - Chosen 0/5000 blocks from 0 candidate containers.
2023-03-23 08:06:56,548 [BlockDeletingService#2] INFO  interfaces.ContainerDeletionChoosingPolicyTemplate (ContainerDeletionChoosingPolicyTemplate.java:chooseContainerForBlockDeletion(83)) - Chosen 0/5000 blocks from 0 candidate containers.
2023-03-23 08:06:56,576 [BlockDeletingService#2] INFO  interfaces.ContainerDeletionChoosingPolicyTemplate (ContainerDeletionChoosingPolicyTemplate.java:chooseContainerForBlockDeletion(83)) - Chosen 0/5000 blocks from 0 candidate containers.
2023-03-23 08:06:56,585 [BlockDeletingService#2] INFO  interfaces.ContainerDeletionChoosingPolicyTemplate (ContainerDeletionChoosingPolicyTemplate.java:chooseContainerForBlockDeletion(83)) - Chosen 0/5000 blocks from 0 candidate containers.
2023-03-23 08:06:56,648 [BlockDeletingService#2] INFO  interfaces.ContainerDeletionChoosingPolicyTemplate (ContainerDeletionChoosingPolicyTemplate.java:chooseContainerForBlockDeletion(83)) - Chosen 0/5000 blocks from 0 candidate containers.
2023-03-23 08:06:56,676 [BlockDeletingService#2] INFO  interfaces.ContainerDeletionChoosingPolicyTemplate (ContainerDeletionChoosingPolicyTemplate.java:chooseContainerForBlockDeletion(83)) - Chosen 0/5000 blocks from 0 candidate containers.
2023-03-23 08:06:56,685 [BlockDeletingService#2] INFO  interfaces.ContainerDeletionChoosingPolicyTemplate (ContainerDeletionChoosingPolicyTemplate.java:chooseContainerForBlockDeletion(83)) - Chosen 0/5000 blocks from 0 candidate containers.
2023-03-23 08:06:56,748 [BlockDeletingService#2] INFO  interfaces.ContainerDeletionChoosingPolicyTemplate (ContainerDeletionChoosingPolicyTemplate.java:chooseContainerForBlockDeletion(83)) - Chosen 0/5000 blocks from 0 candidate containers.
2023-03-23 08:06:56,776 [BlockDeletingService#2] INFO  interfaces.ContainerDeletionChoosingPolicyTemplate (ContainerDeletionChoosingPolicyTemplate.java:chooseContainerForBlockDeletion(83)) - Chosen 0/5000 blocks from 0 candidate containers.
2023-03-23 08:06:56,785 [BlockDeletingService#2] INFO  interfaces.ContainerDeletionChoosingPolicyTemplate (ContainerDeletionChoosingPolicyTemplate.java:chooseContainerForBlockDeletion(83)) - Chosen 0/5000 blocks from 0 candidate containers.
2023-03-23 08:06:56,849 [BlockDeletingService#2] INFO  interfaces.ContainerDeletionChoosingPolicyTemplate (ContainerDeletionChoosingPolicyTemplate.java:chooseContainerForBlockDeletion(83)) - Chosen 0/5000 blocks from 0 candidate containers.
2023-03-23 08:06:56,877 [BlockDeletingService#2] INFO  interfaces.ContainerDeletionChoosingPolicyTemplate (ContainerDeletionChoosingPolicyTemplate.java:chooseContainerForBlockDeletion(83)) - Chosen 0/5000 blocks from 0 candidate containers.
2023-03-23 08:06:56,885 [BlockDeletingService#2] INFO  interfaces.ContainerDeletionChoosingPolicyTemplate (ContainerDeletionChoosingPolicyTemplate.java:chooseContainerForBlockDeletion(83)) - Chosen 0/5000 blocks from 0 candidate containers.
2023-03-23 08:06:56,949 [BlockDeletingService#2] INFO  interfaces.ContainerDeletionChoosingPolicyTemplate (ContainerDeletionChoosingPolicyTemplate.java:chooseContainerForBlockDeletion(83)) - Chosen 0/5000 blocks from 0 candidate containers.
2023-03-23 08:06:56,977 [BlockDeletingService#2] INFO  interfaces.ContainerDeletionChoosingPolicyTemplate (ContainerDeletionChoosingPolicyTemplate.java:chooseContainerForBlockDeletion(83)) - Chosen 0/5000 blocks from 0 candidate containers.
2023-03-23 08:06:56,986 [BlockDeletingService#2] INFO  interfaces.ContainerDeletionChoosingPolicyTemplate (ContainerDeletionChoosingPolicyTemplate.java:chooseContainerForBlockDeletion(83)) - Chosen 0/5000 blocks from 0 candidate containers.
2023-03-23 08:06:57,049 [BlockDeletingService#2] INFO  interfaces.ContainerDeletionChoosingPolicyTemplate (ContainerDeletionChoosingPolicyTemplate.java:chooseContainerForBlockDeletion(83)) - Chosen 0/5000 blocks from 0 candidate containers.
2023-03-23 08:06:57,077 [BlockDeletingService#2] INFO  interfaces.ContainerDeletionChoosingPolicyTemplate (ContainerDeletionChoosingPolicyTemplate.java:chooseContainerForBlockDeletion(83)) - Chosen 0/5000 blocks from 0 candidate containers.
2023-03-23 08:06:57,086 [BlockDeletingService#2] INFO  interfaces.ContainerDeletionChoosingPolicyTemplate (ContainerDeletionChoosingPolicyTemplate.java:chooseContainerForBlockDeletion(83)) - Chosen 0/5000 blocks from 0 candidate containers.
2023-03-23 08:06:57,149 [BlockDeletingService#2] INFO  interfaces.ContainerDeletionChoosingPolicyTemplate (ContainerDeletionChoosingPolicyTemplate.java:chooseContainerForBlockDeletion(83)) - Chosen 0/5000 blocks from 0 candidate containers.
2023-03-23 08:06:57,177 [BlockDeletingService#2] INFO  interfaces.ContainerDeletionChoosingPolicyTemplate (ContainerDeletionChoosingPolicyTemplate.java:chooseContainerForBlockDeletion(83)) - Chosen 0/5000 blocks from 0 candidate containers.
2023-03-23 08:06:57,186 [BlockDeletingService#2] INFO  interfaces.ContainerDeletionChoosingPolicyTemplate (ContainerDeletionChoosingPolicyTemplate.java:chooseContainerForBlockDeletion(83)) - Chosen 0/5000 blocks from 0 candidate containers.
2023-03-23 08:06:57,249 [BlockDeletingService#2] INFO  interfaces.ContainerDeletionChoosingPolicyTemplate (ContainerDeletionChoosingPolicyTemplate.java:chooseContainerForBlockDeletion(83)) - Chosen 0/5000 blocks from 0 candidate containers.
2023-03-23 08:06:57,277 [BlockDeletingService#2] INFO  interfaces.ContainerDeletionChoosingPolicyTemplate (ContainerDeletionChoosingPolicyTemplate.java:chooseContainerForBlockDeletion(83)) - Chosen 0/5000 blocks from 0 candidate containers.
2023-03-23 08:06:57,286 [BlockDeletingService#2] INFO  interfaces.ContainerDeletionChoosingPolicyTemplate (ContainerDeletionChoosingPolicyTemplate.java:chooseContainerForBlockDeletion(83)) - Chosen 0/5000 blocks from 0 candidate containers.
2023-03-23 08:06:57,350 [BlockDeletingService#2] INFO  interfaces.ContainerDeletionChoosingPolicyTemplate (ContainerDeletionChoosingPolicyTemplate.java:chooseContainerForBlockDeletion(83)) - Chosen 0/5000 blocks from 0 candidate containers.
2023-03-23 08:06:57,378 [BlockDeletingService#2] INFO  interfaces.ContainerDeletionChoosingPolicyTemplate (ContainerDeletionChoosingPolicyTemplate.java:chooseContainerForBlockDeletion(83)) - Chosen 0/5000 blocks from 0 candidate containers.
2023-03-23 08:06:57,386 [BlockDeletingService#2] INFO  interfaces.ContainerDeletionChoosingPolicyTemplate (ContainerDeletionChoosingPolicyTemplate.java:chooseContainerForBlockDeletion(83)) - Chosen 0/5000 blocks from 0 candidate containers.
2023-03-23 08:06:57,393 [Listener at 127.0.0.1/35553] INFO  ozone.MiniOzoneClusterImpl (MiniOzoneClusterImpl.java:lambda$waitForClusterToBeReady$0(222)) - Nodes are ready. Got 3 of 3 DN Heartbeats.
2023-03-23 08:06:57,393 [Listener at 127.0.0.1/35553] INFO  ozone.MiniOzoneClusterImpl (MiniOzoneClusterImpl.java:lambda$waitForClusterToBeReady$0(225)) - Waiting for cluster to exit safe mode
2023-03-23 08:06:57,393 [Listener at 127.0.0.1/35553] INFO  ozone.MiniOzoneClusterImpl (MiniOzoneClusterImpl.java:lambda$waitForClusterToBeReady$0(227)) - SCM became leader
2023-03-23 08:06:57,450 [BlockDeletingService#2] INFO  interfaces.ContainerDeletionChoosingPolicyTemplate (ContainerDeletionChoosingPolicyTemplate.java:chooseContainerForBlockDeletion(83)) - Chosen 0/5000 blocks from 0 candidate containers.
2023-03-23 08:06:57,478 [BlockDeletingService#2] INFO  interfaces.ContainerDeletionChoosingPolicyTemplate (ContainerDeletionChoosingPolicyTemplate.java:chooseContainerForBlockDeletion(83)) - Chosen 0/5000 blocks from 0 candidate containers.
2023-03-23 08:06:57,487 [BlockDeletingService#2] INFO  interfaces.ContainerDeletionChoosingPolicyTemplate (ContainerDeletionChoosingPolicyTemplate.java:chooseContainerForBlockDeletion(83)) - Chosen 0/5000 blocks from 0 candidate containers.
2023-03-23 08:06:57,550 [BlockDeletingService#2] INFO  interfaces.ContainerDeletionChoosingPolicyTemplate (ContainerDeletionChoosingPolicyTemplate.java:chooseContainerForBlockDeletion(83)) - Chosen 0/5000 blocks from 0 candidate containers.
2023-03-23 08:06:57,578 [BlockDeletingService#2] INFO  interfaces.ContainerDeletionChoosingPolicyTemplate (ContainerDeletionChoosingPolicyTemplate.java:chooseContainerForBlockDeletion(83)) - Chosen 0/5000 blocks from 0 candidate containers.
2023-03-23 08:06:57,587 [BlockDeletingService#2] INFO  interfaces.ContainerDeletionChoosingPolicyTemplate (ContainerDeletionChoosingPolicyTemplate.java:chooseContainerForBlockDeletion(83)) - Chosen 0/5000 blocks from 0 candidate containers.
2023-03-23 08:06:57,650 [BlockDeletingService#2] INFO  interfaces.ContainerDeletionChoosingPolicyTemplate (ContainerDeletionChoosingPolicyTemplate.java:chooseContainerForBlockDeletion(83)) - Chosen 0/5000 blocks from 0 candidate containers.
2023-03-23 08:06:57,678 [BlockDeletingService#2] INFO  interfaces.ContainerDeletionChoosingPolicyTemplate (ContainerDeletionChoosingPolicyTemplate.java:chooseContainerForBlockDeletion(83)) - Chosen 0/5000 blocks from 0 candidate containers.
2023-03-23 08:06:57,687 [BlockDeletingService#2] INFO  interfaces.ContainerDeletionChoosingPolicyTemplate (ContainerDeletionChoosingPolicyTemplate.java:chooseContainerForBlockDeletion(83)) - Chosen 0/5000 blocks from 0 candidate containers.
2023-03-23 08:06:57,751 [BlockDeletingService#2] INFO  interfaces.ContainerDeletionChoosingPolicyTemplate (ContainerDeletionChoosingPolicyTemplate.java:chooseContainerForBlockDeletion(83)) - Chosen 0/5000 blocks from 0 candidate containers.
2023-03-23 08:06:57,779 [BlockDeletingService#2] INFO  interfaces.ContainerDeletionChoosingPolicyTemplate (ContainerDeletionChoosingPolicyTemplate.java:chooseContainerForBlockDeletion(83)) - Chosen 0/5000 blocks from 0 candidate containers.
2023-03-23 08:06:57,787 [BlockDeletingService#2] INFO  interfaces.ContainerDeletionChoosingPolicyTemplate (ContainerDeletionChoosingPolicyTemplate.java:chooseContainerForBlockDeletion(83)) - Chosen 0/5000 blocks from 0 candidate containers.
2023-03-23 08:06:57,851 [BlockDeletingService#2] INFO  interfaces.ContainerDeletionChoosingPolicyTemplate (ContainerDeletionChoosingPolicyTemplate.java:chooseContainerForBlockDeletion(83)) - Chosen 0/5000 blocks from 0 candidate containers.
2023-03-23 08:06:57,879 [BlockDeletingService#2] INFO  interfaces.ContainerDeletionChoosingPolicyTemplate (ContainerDeletionChoosingPolicyTemplate.java:chooseContainerForBlockDeletion(83)) - Chosen 0/5000 blocks from 0 candidate containers.
2023-03-23 08:06:57,887 [BlockDeletingService#2] INFO  interfaces.ContainerDeletionChoosingPolicyTemplate (ContainerDeletionChoosingPolicyTemplate.java:chooseContainerForBlockDeletion(83)) - Chosen 0/5000 blocks from 0 candidate containers.
2023-03-23 08:06:57,951 [BlockDeletingService#2] INFO  interfaces.ContainerDeletionChoosingPolicyTemplate (ContainerDeletionChoosingPolicyTemplate.java:chooseContainerForBlockDeletion(83)) - Chosen 0/5000 blocks from 0 candidate containers.
2023-03-23 08:06:57,979 [BlockDeletingService#2] INFO  interfaces.ContainerDeletionChoosingPolicyTemplate (ContainerDeletionChoosingPolicyTemplate.java:chooseContainerForBlockDeletion(83)) - Chosen 0/5000 blocks from 0 candidate containers.
2023-03-23 08:06:57,988 [BlockDeletingService#2] INFO  interfaces.ContainerDeletionChoosingPolicyTemplate (ContainerDeletionChoosingPolicyTemplate.java:chooseContainerForBlockDeletion(83)) - Chosen 0/5000 blocks from 0 candidate containers.
2023-03-23 08:06:58,051 [BlockDeletingService#2] INFO  interfaces.ContainerDeletionChoosingPolicyTemplate (ContainerDeletionChoosingPolicyTemplate.java:chooseContainerForBlockDeletion(83)) - Chosen 0/5000 blocks from 0 candidate containers.
2023-03-23 08:06:58,079 [BlockDeletingService#2] INFO  interfaces.ContainerDeletionChoosingPolicyTemplate (ContainerDeletionChoosingPolicyTemplate.java:chooseContainerForBlockDeletion(83)) - Chosen 0/5000 blocks from 0 candidate containers.
2023-03-23 08:06:58,088 [BlockDeletingService#2] INFO  interfaces.ContainerDeletionChoosingPolicyTemplate (ContainerDeletionChoosingPolicyTemplate.java:chooseContainerForBlockDeletion(83)) - Chosen 0/5000 blocks from 0 candidate containers.
2023-03-23 08:06:58,152 [BlockDeletingService#2] INFO  interfaces.ContainerDeletionChoosingPolicyTemplate (ContainerDeletionChoosingPolicyTemplate.java:chooseContainerForBlockDeletion(83)) - Chosen 0/5000 blocks from 0 candidate containers.
2023-03-23 08:06:58,179 [BlockDeletingService#2] INFO  interfaces.ContainerDeletionChoosingPolicyTemplate (ContainerDeletionChoosingPolicyTemplate.java:chooseContainerForBlockDeletion(83)) - Chosen 0/5000 blocks from 0 candidate containers.
2023-03-23 08:06:58,188 [BlockDeletingService#2] INFO  interfaces.ContainerDeletionChoosingPolicyTemplate (ContainerDeletionChoosingPolicyTemplate.java:chooseContainerForBlockDeletion(83)) - Chosen 0/5000 blocks from 0 candidate containers.
2023-03-23 08:06:58,252 [BlockDeletingService#2] INFO  interfaces.ContainerDeletionChoosingPolicyTemplate (ContainerDeletionChoosingPolicyTemplate.java:chooseContainerForBlockDeletion(83)) - Chosen 0/5000 blocks from 0 candidate containers.
2023-03-23 08:06:58,280 [BlockDeletingService#2] INFO  interfaces.ContainerDeletionChoosingPolicyTemplate (ContainerDeletionChoosingPolicyTemplate.java:chooseContainerForBlockDeletion(83)) - Chosen 0/5000 blocks from 0 candidate containers.
2023-03-23 08:06:58,288 [BlockDeletingService#2] INFO  interfaces.ContainerDeletionChoosingPolicyTemplate (ContainerDeletionChoosingPolicyTemplate.java:chooseContainerForBlockDeletion(83)) - Chosen 0/5000 blocks from 0 candidate containers.
2023-03-23 08:06:58,352 [BlockDeletingService#2] INFO  interfaces.ContainerDeletionChoosingPolicyTemplate (ContainerDeletionChoosingPolicyTemplate.java:chooseContainerForBlockDeletion(83)) - Chosen 0/5000 blocks from 0 candidate containers.
2023-03-23 08:06:58,380 [BlockDeletingService#2] INFO  interfaces.ContainerDeletionChoosingPolicyTemplate (ContainerDeletionChoosingPolicyTemplate.java:chooseContainerForBlockDeletion(83)) - Chosen 0/5000 blocks from 0 candidate containers.
2023-03-23 08:06:58,388 [BlockDeletingService#2] INFO  interfaces.ContainerDeletionChoosingPolicyTemplate (ContainerDeletionChoosingPolicyTemplate.java:chooseContainerForBlockDeletion(83)) - Chosen 0/5000 blocks from 0 candidate containers.
2023-03-23 08:06:58,393 [Listener at 127.0.0.1/35553] INFO  ozone.MiniOzoneClusterImpl (MiniOzoneClusterImpl.java:lambda$waitForClusterToBeReady$0(222)) - Nodes are ready. Got 3 of 3 DN Heartbeats.
2023-03-23 08:06:58,394 [Listener at 127.0.0.1/35553] INFO  ozone.MiniOzoneClusterImpl (MiniOzoneClusterImpl.java:lambda$waitForClusterToBeReady$0(225)) - Waiting for cluster to exit safe mode
2023-03-23 08:06:58,394 [Listener at 127.0.0.1/35553] INFO  ozone.MiniOzoneClusterImpl (MiniOzoneClusterImpl.java:lambda$waitForClusterToBeReady$0(227)) - SCM became leader
2023-03-23 08:06:58,453 [BlockDeletingService#2] INFO  interfaces.ContainerDeletionChoosingPolicyTemplate (ContainerDeletionChoosingPolicyTemplate.java:chooseContainerForBlockDeletion(83)) - Chosen 0/5000 blocks from 0 candidate containers.
2023-03-23 08:06:58,480 [BlockDeletingService#2] INFO  interfaces.ContainerDeletionChoosingPolicyTemplate (ContainerDeletionChoosingPolicyTemplate.java:chooseContainerForBlockDeletion(83)) - Chosen 0/5000 blocks from 0 candidate containers.
2023-03-23 08:06:58,489 [BlockDeletingService#2] INFO  interfaces.ContainerDeletionChoosingPolicyTemplate (ContainerDeletionChoosingPolicyTemplate.java:chooseContainerForBlockDeletion(83)) - Chosen 0/5000 blocks from 0 candidate containers.
2023-03-23 08:06:58,553 [BlockDeletingService#2] INFO  interfaces.ContainerDeletionChoosingPolicyTemplate (ContainerDeletionChoosingPolicyTemplate.java:chooseContainerForBlockDeletion(83)) - Chosen 0/5000 blocks from 0 candidate containers.
2023-03-23 08:06:58,580 [BlockDeletingService#2] INFO  interfaces.ContainerDeletionChoosingPolicyTemplate (ContainerDeletionChoosingPolicyTemplate.java:chooseContainerForBlockDeletion(83)) - Chosen 0/5000 blocks from 0 candidate containers.
2023-03-23 08:06:58,589 [BlockDeletingService#2] INFO  interfaces.ContainerDeletionChoosingPolicyTemplate (ContainerDeletionChoosingPolicyTemplate.java:chooseContainerForBlockDeletion(83)) - Chosen 0/5000 blocks from 0 candidate containers.
2023-03-23 08:06:58,653 [BlockDeletingService#2] INFO  interfaces.ContainerDeletionChoosingPolicyTemplate (ContainerDeletionChoosingPolicyTemplate.java:chooseContainerForBlockDeletion(83)) - Chosen 0/5000 blocks from 0 candidate containers.
2023-03-23 08:06:58,681 [BlockDeletingService#2] INFO  interfaces.ContainerDeletionChoosingPolicyTemplate (ContainerDeletionChoosingPolicyTemplate.java:chooseContainerForBlockDeletion(83)) - Chosen 0/5000 blocks from 0 candidate containers.
2023-03-23 08:06:58,689 [BlockDeletingService#2] INFO  interfaces.ContainerDeletionChoosingPolicyTemplate (ContainerDeletionChoosingPolicyTemplate.java:chooseContainerForBlockDeletion(83)) - Chosen 0/5000 blocks from 0 candidate containers.
2023-03-23 08:06:58,753 [BlockDeletingService#2] INFO  interfaces.ContainerDeletionChoosingPolicyTemplate (ContainerDeletionChoosingPolicyTemplate.java:chooseContainerForBlockDeletion(83)) - Chosen 0/5000 blocks from 0 candidate containers.
2023-03-23 08:06:58,781 [BlockDeletingService#2] INFO  interfaces.ContainerDeletionChoosingPolicyTemplate (ContainerDeletionChoosingPolicyTemplate.java:chooseContainerForBlockDeletion(83)) - Chosen 0/5000 blocks from 0 candidate containers.
2023-03-23 08:06:58,789 [BlockDeletingService#2] INFO  interfaces.ContainerDeletionChoosingPolicyTemplate (ContainerDeletionChoosingPolicyTemplate.java:chooseContainerForBlockDeletion(83)) - Chosen 0/5000 blocks from 0 candidate containers.
2023-03-23 08:06:58,854 [BlockDeletingService#2] INFO  interfaces.ContainerDeletionChoosingPolicyTemplate (ContainerDeletionChoosingPolicyTemplate.java:chooseContainerForBlockDeletion(83)) - Chosen 0/5000 blocks from 0 candidate containers.
2023-03-23 08:06:58,881 [BlockDeletingService#2] INFO  interfaces.ContainerDeletionChoosingPolicyTemplate (ContainerDeletionChoosingPolicyTemplate.java:chooseContainerForBlockDeletion(83)) - Chosen 0/5000 blocks from 0 candidate containers.
2023-03-23 08:06:58,889 [BlockDeletingService#2] INFO  interfaces.ContainerDeletionChoosingPolicyTemplate (ContainerDeletionChoosingPolicyTemplate.java:chooseContainerForBlockDeletion(83)) - Chosen 0/5000 blocks from 0 candidate containers.
2023-03-23 08:06:58,954 [BlockDeletingService#2] INFO  interfaces.ContainerDeletionChoosingPolicyTemplate (ContainerDeletionChoosingPolicyTemplate.java:chooseContainerForBlockDeletion(83)) - Chosen 0/5000 blocks from 0 candidate containers.
2023-03-23 08:06:58,982 [BlockDeletingService#2] INFO  interfaces.ContainerDeletionChoosingPolicyTemplate (ContainerDeletionChoosingPolicyTemplate.java:chooseContainerForBlockDeletion(83)) - Chosen 0/5000 blocks from 0 candidate containers.
2023-03-23 08:06:58,990 [BlockDeletingService#2] INFO  interfaces.ContainerDeletionChoosingPolicyTemplate (ContainerDeletionChoosingPolicyTemplate.java:chooseContainerForBlockDeletion(83)) - Chosen 0/5000 blocks from 0 candidate containers.
2023-03-23 08:06:59,054 [BlockDeletingService#2] INFO  interfaces.ContainerDeletionChoosingPolicyTemplate (ContainerDeletionChoosingPolicyTemplate.java:chooseContainerForBlockDeletion(83)) - Chosen 0/5000 blocks from 0 candidate containers.
2023-03-23 08:06:59,082 [BlockDeletingService#2] INFO  interfaces.ContainerDeletionChoosingPolicyTemplate (ContainerDeletionChoosingPolicyTemplate.java:chooseContainerForBlockDeletion(83)) - Chosen 0/5000 blocks from 0 candidate containers.
2023-03-23 08:06:59,090 [BlockDeletingService#2] INFO  interfaces.ContainerDeletionChoosingPolicyTemplate (ContainerDeletionChoosingPolicyTemplate.java:chooseContainerForBlockDeletion(83)) - Chosen 0/5000 blocks from 0 candidate containers.
2023-03-23 08:06:59,155 [BlockDeletingService#2] INFO  interfaces.ContainerDeletionChoosingPolicyTemplate (ContainerDeletionChoosingPolicyTemplate.java:chooseContainerForBlockDeletion(83)) - Chosen 0/5000 blocks from 0 candidate containers.
2023-03-23 08:06:59,182 [BlockDeletingService#2] INFO  interfaces.ContainerDeletionChoosingPolicyTemplate (ContainerDeletionChoosingPolicyTemplate.java:chooseContainerForBlockDeletion(83)) - Chosen 0/5000 blocks from 0 candidate containers.
2023-03-23 08:06:59,190 [BlockDeletingService#2] INFO  interfaces.ContainerDeletionChoosingPolicyTemplate (ContainerDeletionChoosingPolicyTemplate.java:chooseContainerForBlockDeletion(83)) - Chosen 0/5000 blocks from 0 candidate containers.
2023-03-23 08:06:59,255 [BlockDeletingService#2] INFO  interfaces.ContainerDeletionChoosingPolicyTemplate (ContainerDeletionChoosingPolicyTemplate.java:chooseContainerForBlockDeletion(83)) - Chosen 0/5000 blocks from 0 candidate containers.
2023-03-23 08:06:59,282 [BlockDeletingService#2] INFO  interfaces.ContainerDeletionChoosingPolicyTemplate (ContainerDeletionChoosingPolicyTemplate.java:chooseContainerForBlockDeletion(83)) - Chosen 0/5000 blocks from 0 candidate containers.
2023-03-23 08:06:59,290 [BlockDeletingService#2] INFO  interfaces.ContainerDeletionChoosingPolicyTemplate (ContainerDeletionChoosingPolicyTemplate.java:chooseContainerForBlockDeletion(83)) - Chosen 0/5000 blocks from 0 candidate containers.
2023-03-23 08:06:59,355 [BlockDeletingService#2] INFO  interfaces.ContainerDeletionChoosingPolicyTemplate (ContainerDeletionChoosingPolicyTemplate.java:chooseContainerForBlockDeletion(83)) - Chosen 0/5000 blocks from 0 candidate containers.
2023-03-23 08:06:59,383 [BlockDeletingService#2] INFO  interfaces.ContainerDeletionChoosingPolicyTemplate (ContainerDeletionChoosingPolicyTemplate.java:chooseContainerForBlockDeletion(83)) - Chosen 0/5000 blocks from 0 candidate containers.
2023-03-23 08:06:59,390 [BlockDeletingService#2] INFO  interfaces.ContainerDeletionChoosingPolicyTemplate (ContainerDeletionChoosingPolicyTemplate.java:chooseContainerForBlockDeletion(83)) - Chosen 0/5000 blocks from 0 candidate containers.
2023-03-23 08:06:59,394 [Listener at 127.0.0.1/35553] INFO  ozone.MiniOzoneClusterImpl (MiniOzoneClusterImpl.java:lambda$waitForClusterToBeReady$0(222)) - Nodes are ready. Got 3 of 3 DN Heartbeats.
2023-03-23 08:06:59,395 [Listener at 127.0.0.1/35553] INFO  ozone.MiniOzoneClusterImpl (MiniOzoneClusterImpl.java:lambda$waitForClusterToBeReady$0(225)) - Waiting for cluster to exit safe mode
2023-03-23 08:06:59,395 [Listener at 127.0.0.1/35553] INFO  ozone.MiniOzoneClusterImpl (MiniOzoneClusterImpl.java:lambda$waitForClusterToBeReady$0(227)) - SCM became leader
2023-03-23 08:06:59,455 [BlockDeletingService#2] INFO  interfaces.ContainerDeletionChoosingPolicyTemplate (ContainerDeletionChoosingPolicyTemplate.java:chooseContainerForBlockDeletion(83)) - Chosen 0/5000 blocks from 0 candidate containers.
2023-03-23 08:06:59,483 [BlockDeletingService#2] INFO  interfaces.ContainerDeletionChoosingPolicyTemplate (ContainerDeletionChoosingPolicyTemplate.java:chooseContainerForBlockDeletion(83)) - Chosen 0/5000 blocks from 0 candidate containers.
2023-03-23 08:06:59,491 [BlockDeletingService#2] INFO  interfaces.ContainerDeletionChoosingPolicyTemplate (ContainerDeletionChoosingPolicyTemplate.java:chooseContainerForBlockDeletion(83)) - Chosen 0/5000 blocks from 0 candidate containers.
2023-03-23 08:06:59,556 [BlockDeletingService#2] INFO  interfaces.ContainerDeletionChoosingPolicyTemplate (ContainerDeletionChoosingPolicyTemplate.java:chooseContainerForBlockDeletion(83)) - Chosen 0/5000 blocks from 0 candidate containers.
2023-03-23 08:06:59,583 [BlockDeletingService#2] INFO  interfaces.ContainerDeletionChoosingPolicyTemplate (ContainerDeletionChoosingPolicyTemplate.java:chooseContainerForBlockDeletion(83)) - Chosen 0/5000 blocks from 0 candidate containers.
2023-03-23 08:06:59,591 [BlockDeletingService#2] INFO  interfaces.ContainerDeletionChoosingPolicyTemplate (ContainerDeletionChoosingPolicyTemplate.java:chooseContainerForBlockDeletion(83)) - Chosen 0/5000 blocks from 0 candidate containers.
2023-03-23 08:06:59,656 [BlockDeletingService#2] INFO  interfaces.ContainerDeletionChoosingPolicyTemplate (ContainerDeletionChoosingPolicyTemplate.java:chooseContainerForBlockDeletion(83)) - Chosen 0/5000 blocks from 0 candidate containers.
2023-03-23 08:06:59,683 [BlockDeletingService#2] INFO  interfaces.ContainerDeletionChoosingPolicyTemplate (ContainerDeletionChoosingPolicyTemplate.java:chooseContainerForBlockDeletion(83)) - Chosen 0/5000 blocks from 0 candidate containers.
2023-03-23 08:06:59,691 [BlockDeletingService#2] INFO  interfaces.ContainerDeletionChoosingPolicyTemplate (ContainerDeletionChoosingPolicyTemplate.java:chooseContainerForBlockDeletion(83)) - Chosen 0/5000 blocks from 0 candidate containers.
2023-03-23 08:06:59,756 [BlockDeletingService#2] INFO  interfaces.ContainerDeletionChoosingPolicyTemplate (ContainerDeletionChoosingPolicyTemplate.java:chooseContainerForBlockDeletion(83)) - Chosen 0/5000 blocks from 0 candidate containers.
2023-03-23 08:06:59,783 [BlockDeletingService#2] INFO  interfaces.ContainerDeletionChoosingPolicyTemplate (ContainerDeletionChoosingPolicyTemplate.java:chooseContainerForBlockDeletion(83)) - Chosen 0/5000 blocks from 0 candidate containers.
2023-03-23 08:06:59,791 [BlockDeletingService#2] INFO  interfaces.ContainerDeletionChoosingPolicyTemplate (ContainerDeletionChoosingPolicyTemplate.java:chooseContainerForBlockDeletion(83)) - Chosen 0/5000 blocks from 0 candidate containers.
2023-03-23 08:06:59,796 [6f5e3e4a-08bd-4bbb-984f-08bcbe860d90@group-FA29D6D30D5D-FollowerState] INFO  impl.FollowerState (FollowerState.java:run(143)) - 6f5e3e4a-08bd-4bbb-984f-08bcbe860d90@group-FA29D6D30D5D-FollowerState: change to CANDIDATE, lastRpcElapsedTime:5152417709ns, electionTimeout:5146ms
2023-03-23 08:06:59,796 [6f5e3e4a-08bd-4bbb-984f-08bcbe860d90@group-FA29D6D30D5D-FollowerState] INFO  impl.RoleInfo (RoleInfo.java:shutdownFollowerState(110)) - 6f5e3e4a-08bd-4bbb-984f-08bcbe860d90: shutdown 6f5e3e4a-08bd-4bbb-984f-08bcbe860d90@group-FA29D6D30D5D-FollowerState
2023-03-23 08:06:59,796 [6f5e3e4a-08bd-4bbb-984f-08bcbe860d90@group-FA29D6D30D5D-FollowerState] INFO  server.RaftServer$Division (RaftServerImpl.java:setRole(321)) - 6f5e3e4a-08bd-4bbb-984f-08bcbe860d90@group-FA29D6D30D5D: changes role from  FOLLOWER to CANDIDATE at term 0 for changeToCandidate
2023-03-23 08:06:59,796 [6f5e3e4a-08bd-4bbb-984f-08bcbe860d90@group-FA29D6D30D5D-FollowerState] INFO  server.RaftServerConfigKeys (ConfUtils.java:logGet(46)) - raft.server.leaderelection.pre-vote = true (default)
2023-03-23 08:06:59,796 [6f5e3e4a-08bd-4bbb-984f-08bcbe860d90@group-FA29D6D30D5D-FollowerState] INFO  impl.RoleInfo (RoleInfo.java:updateAndGet(139)) - 6f5e3e4a-08bd-4bbb-984f-08bcbe860d90: start 6f5e3e4a-08bd-4bbb-984f-08bcbe860d90@group-FA29D6D30D5D-LeaderElection10
2023-03-23 08:06:59,799 [6f5e3e4a-08bd-4bbb-984f-08bcbe860d90@group-FA29D6D30D5D-LeaderElection10] INFO  impl.LeaderElection (LeaderElection.java:askForVotes(312)) - 6f5e3e4a-08bd-4bbb-984f-08bcbe860d90@group-FA29D6D30D5D-LeaderElection10 PRE_VOTE round 0: submit vote requests at term 0 for -1: peers:[266f5cc7-0c64-4a72-9a4b-104b6d67fb98|rpc:10.1.0.214:41491|dataStream:10.1.0.214:46055|priority:1|startupRole:FOLLOWER, 6f5e3e4a-08bd-4bbb-984f-08bcbe860d90|rpc:10.1.0.214:39789|dataStream:10.1.0.214:40863|priority:0|startupRole:FOLLOWER, 9c0bd176-fc91-437f-a400-955ac6fa2da9|rpc:10.1.0.214:41819|dataStream:10.1.0.214:34391|priority:0|startupRole:FOLLOWER]|listeners:[], old=null
2023-03-23 08:06:59,799 [6f5e3e4a-08bd-4bbb-984f-08bcbe860d90@group-FA29D6D30D5D-LeaderElection10] INFO  server.RaftServerConfigKeys (ConfUtils.java:logFallback(53)) - raft.server.rpc.first-election.timeout.min = 5s (fallback to raft.server.rpc.timeout.min)
2023-03-23 08:06:59,799 [6f5e3e4a-08bd-4bbb-984f-08bcbe860d90@group-FA29D6D30D5D-LeaderElection10-1] INFO  server.GrpcServerProtocolClient (GrpcServerProtocolClient.java:<init>(63)) - Build channel for 266f5cc7-0c64-4a72-9a4b-104b6d67fb98
2023-03-23 08:06:59,800 [6f5e3e4a-08bd-4bbb-984f-08bcbe860d90@group-FA29D6D30D5D-LeaderElection10-2] INFO  server.GrpcServerProtocolClient (GrpcServerProtocolClient.java:<init>(63)) - Build channel for 9c0bd176-fc91-437f-a400-955ac6fa2da9
2023-03-23 08:06:59,799 [6f5e3e4a-08bd-4bbb-984f-08bcbe860d90@group-FA29D6D30D5D-LeaderElection10] INFO  server.RaftServerConfigKeys (ConfUtils.java:logFallback(53)) - raft.server.rpc.first-election.timeout.max = 5200ms (fallback to raft.server.rpc.timeout.max)
2023-03-23 08:06:59,803 [266f5cc7-0c64-4a72-9a4b-104b6d67fb98@group-FA29D6D30D5D-FollowerState] INFO  impl.FollowerState (FollowerState.java:run(143)) - 266f5cc7-0c64-4a72-9a4b-104b6d67fb98@group-FA29D6D30D5D-FollowerState: change to CANDIDATE, lastRpcElapsedTime:5215555476ns, electionTimeout:5196ms
2023-03-23 08:06:59,803 [266f5cc7-0c64-4a72-9a4b-104b6d67fb98@group-FA29D6D30D5D-FollowerState] INFO  impl.RoleInfo (RoleInfo.java:shutdownFollowerState(110)) - 266f5cc7-0c64-4a72-9a4b-104b6d67fb98: shutdown 266f5cc7-0c64-4a72-9a4b-104b6d67fb98@group-FA29D6D30D5D-FollowerState
2023-03-23 08:06:59,803 [266f5cc7-0c64-4a72-9a4b-104b6d67fb98@group-FA29D6D30D5D-FollowerState] INFO  server.RaftServer$Division (RaftServerImpl.java:setRole(321)) - 266f5cc7-0c64-4a72-9a4b-104b6d67fb98@group-FA29D6D30D5D: changes role from  FOLLOWER to CANDIDATE at term 0 for changeToCandidate
2023-03-23 08:06:59,803 [266f5cc7-0c64-4a72-9a4b-104b6d67fb98@group-FA29D6D30D5D-FollowerState] INFO  server.RaftServerConfigKeys (ConfUtils.java:logGet(46)) - raft.server.leaderelection.pre-vote = true (default)
2023-03-23 08:06:59,803 [266f5cc7-0c64-4a72-9a4b-104b6d67fb98@group-FA29D6D30D5D-FollowerState] INFO  impl.RoleInfo (RoleInfo.java:updateAndGet(139)) - 266f5cc7-0c64-4a72-9a4b-104b6d67fb98: start 266f5cc7-0c64-4a72-9a4b-104b6d67fb98@group-FA29D6D30D5D-LeaderElection11
2023-03-23 08:06:59,814 [266f5cc7-0c64-4a72-9a4b-104b6d67fb98@group-FA29D6D30D5D-LeaderElection11] INFO  impl.LeaderElection (LeaderElection.java:askForVotes(312)) - 266f5cc7-0c64-4a72-9a4b-104b6d67fb98@group-FA29D6D30D5D-LeaderElection11 PRE_VOTE round 0: submit vote requests at term 0 for -1: peers:[266f5cc7-0c64-4a72-9a4b-104b6d67fb98|rpc:10.1.0.214:41491|dataStream:10.1.0.214:46055|priority:1|startupRole:FOLLOWER, 6f5e3e4a-08bd-4bbb-984f-08bcbe860d90|rpc:10.1.0.214:39789|dataStream:10.1.0.214:40863|priority:0|startupRole:FOLLOWER, 9c0bd176-fc91-437f-a400-955ac6fa2da9|rpc:10.1.0.214:41819|dataStream:10.1.0.214:34391|priority:0|startupRole:FOLLOWER]|listeners:[], old=null
2023-03-23 08:06:59,814 [266f5cc7-0c64-4a72-9a4b-104b6d67fb98@group-FA29D6D30D5D-LeaderElection11-1] INFO  server.GrpcServerProtocolClient (GrpcServerProtocolClient.java:<init>(63)) - Build channel for 6f5e3e4a-08bd-4bbb-984f-08bcbe860d90
2023-03-23 08:06:59,816 [266f5cc7-0c64-4a72-9a4b-104b6d67fb98@group-FA29D6D30D5D-LeaderElection11] INFO  server.RaftServerConfigKeys (ConfUtils.java:logFallback(53)) - raft.server.rpc.first-election.timeout.min = 5s (fallback to raft.server.rpc.timeout.min)
2023-03-23 08:06:59,822 [266f5cc7-0c64-4a72-9a4b-104b6d67fb98@group-FA29D6D30D5D-LeaderElection11] INFO  server.RaftServerConfigKeys (ConfUtils.java:logFallback(53)) - raft.server.rpc.first-election.timeout.max = 5200ms (fallback to raft.server.rpc.timeout.max)
2023-03-23 08:06:59,823 [266f5cc7-0c64-4a72-9a4b-104b6d67fb98@group-FA29D6D30D5D-LeaderElection11-2] INFO  server.GrpcServerProtocolClient (GrpcServerProtocolClient.java:<init>(63)) - Build channel for 9c0bd176-fc91-437f-a400-955ac6fa2da9
2023-03-23 08:06:59,833 [9c0bd176-fc91-437f-a400-955ac6fa2da9@group-FA29D6D30D5D-FollowerState] INFO  impl.FollowerState (FollowerState.java:run(143)) - 9c0bd176-fc91-437f-a400-955ac6fa2da9@group-FA29D6D30D5D-FollowerState: change to CANDIDATE, lastRpcElapsedTime:5139485751ns, electionTimeout:5131ms
2023-03-23 08:06:59,833 [9c0bd176-fc91-437f-a400-955ac6fa2da9@group-FA29D6D30D5D-FollowerState] INFO  impl.RoleInfo (RoleInfo.java:shutdownFollowerState(110)) - 9c0bd176-fc91-437f-a400-955ac6fa2da9: shutdown 9c0bd176-fc91-437f-a400-955ac6fa2da9@group-FA29D6D30D5D-FollowerState
2023-03-23 08:06:59,833 [9c0bd176-fc91-437f-a400-955ac6fa2da9@group-FA29D6D30D5D-FollowerState] INFO  server.RaftServer$Division (RaftServerImpl.java:setRole(321)) - 9c0bd176-fc91-437f-a400-955ac6fa2da9@group-FA29D6D30D5D: changes role from  FOLLOWER to CANDIDATE at term 0 for changeToCandidate
2023-03-23 08:06:59,834 [9c0bd176-fc91-437f-a400-955ac6fa2da9@group-FA29D6D30D5D-FollowerState] INFO  server.RaftServerConfigKeys (ConfUtils.java:logGet(46)) - raft.server.leaderelection.pre-vote = true (default)
2023-03-23 08:06:59,834 [9c0bd176-fc91-437f-a400-955ac6fa2da9@group-FA29D6D30D5D-FollowerState] INFO  impl.RoleInfo (RoleInfo.java:updateAndGet(139)) - 9c0bd176-fc91-437f-a400-955ac6fa2da9: start 9c0bd176-fc91-437f-a400-955ac6fa2da9@group-FA29D6D30D5D-LeaderElection12
2023-03-23 08:06:59,842 [grpc-default-executor-0] INFO  server.RaftServer$Division (RaftServerImpl.java:requestVote(1218)) - 266f5cc7-0c64-4a72-9a4b-104b6d67fb98@group-FA29D6D30D5D: receive requestVote(PRE_VOTE, 6f5e3e4a-08bd-4bbb-984f-08bcbe860d90, group-FA29D6D30D5D, 0, (t:0, i:0))
2023-03-23 08:06:59,842 [grpc-default-executor-0] INFO  impl.VoteContext (VoteContext.java:log(49)) - 266f5cc7-0c64-4a72-9a4b-104b6d67fb98@group-FA29D6D30D5D-CANDIDATE: reject PRE_VOTE from 6f5e3e4a-08bd-4bbb-984f-08bcbe860d90: our priority 1 > candidate's priority 0
2023-03-23 08:06:59,842 [grpc-default-executor-0] INFO  server.RaftServer$Division (RaftServerImpl.java:requestVote(1251)) - 266f5cc7-0c64-4a72-9a4b-104b6d67fb98@group-FA29D6D30D5D replies to PRE_VOTE vote request: 6f5e3e4a-08bd-4bbb-984f-08bcbe860d90<-266f5cc7-0c64-4a72-9a4b-104b6d67fb98#0:FAIL-t0. Peer's state: 266f5cc7-0c64-4a72-9a4b-104b6d67fb98@group-FA29D6D30D5D:t0, leader=null, voted=, raftlog=Memoized:266f5cc7-0c64-4a72-9a4b-104b6d67fb98@group-FA29D6D30D5D-SegmentedRaftLog:OPENED:c-1, conf=-1: peers:[266f5cc7-0c64-4a72-9a4b-104b6d67fb98|rpc:10.1.0.214:41491|dataStream:10.1.0.214:46055|priority:1|startupRole:FOLLOWER, 6f5e3e4a-08bd-4bbb-984f-08bcbe860d90|rpc:10.1.0.214:39789|dataStream:10.1.0.214:40863|priority:0|startupRole:FOLLOWER, 9c0bd176-fc91-437f-a400-955ac6fa2da9|rpc:10.1.0.214:41819|dataStream:10.1.0.214:34391|priority:0|startupRole:FOLLOWER]|listeners:[], old=null
2023-03-23 08:06:59,849 [grpc-default-executor-1] INFO  server.RaftServer$Division (RaftServerImpl.java:requestVote(1218)) - 6f5e3e4a-08bd-4bbb-984f-08bcbe860d90@group-FA29D6D30D5D: receive requestVote(PRE_VOTE, 266f5cc7-0c64-4a72-9a4b-104b6d67fb98, group-FA29D6D30D5D, 0, (t:0, i:0))
2023-03-23 08:06:59,851 [grpc-default-executor-1] INFO  impl.VoteContext (VoteContext.java:log(49)) - 6f5e3e4a-08bd-4bbb-984f-08bcbe860d90@group-FA29D6D30D5D-CANDIDATE: accept PRE_VOTE from 266f5cc7-0c64-4a72-9a4b-104b6d67fb98: our priority 0 <= candidate's priority 1
2023-03-23 08:06:59,851 [grpc-default-executor-1] INFO  server.RaftServer$Division (RaftServerImpl.java:requestVote(1251)) - 6f5e3e4a-08bd-4bbb-984f-08bcbe860d90@group-FA29D6D30D5D replies to PRE_VOTE vote request: 266f5cc7-0c64-4a72-9a4b-104b6d67fb98<-6f5e3e4a-08bd-4bbb-984f-08bcbe860d90#0:OK-t0. Peer's state: 6f5e3e4a-08bd-4bbb-984f-08bcbe860d90@group-FA29D6D30D5D:t0, leader=null, voted=, raftlog=Memoized:6f5e3e4a-08bd-4bbb-984f-08bcbe860d90@group-FA29D6D30D5D-SegmentedRaftLog:OPENED:c-1, conf=-1: peers:[266f5cc7-0c64-4a72-9a4b-104b6d67fb98|rpc:10.1.0.214:41491|dataStream:10.1.0.214:46055|priority:1|startupRole:FOLLOWER, 6f5e3e4a-08bd-4bbb-984f-08bcbe860d90|rpc:10.1.0.214:39789|dataStream:10.1.0.214:40863|priority:0|startupRole:FOLLOWER, 9c0bd176-fc91-437f-a400-955ac6fa2da9|rpc:10.1.0.214:41819|dataStream:10.1.0.214:34391|priority:0|startupRole:FOLLOWER]|listeners:[], old=null
2023-03-23 08:06:59,851 [6f5e3e4a-08bd-4bbb-984f-08bcbe860d90@group-FA29D6D30D5D-LeaderElection10] INFO  impl.LeaderElection (LeaderElection.java:logAndReturn(90)) - 6f5e3e4a-08bd-4bbb-984f-08bcbe860d90@group-FA29D6D30D5D-LeaderElection10: PRE_VOTE REJECTED received 1 response(s) and 0 exception(s):
2023-03-23 08:06:59,853 [6f5e3e4a-08bd-4bbb-984f-08bcbe860d90@group-FA29D6D30D5D-LeaderElection10] INFO  impl.LeaderElection (LeaderElection.java:logAndReturn(94)) -   Response 0: 6f5e3e4a-08bd-4bbb-984f-08bcbe860d90<-266f5cc7-0c64-4a72-9a4b-104b6d67fb98#0:FAIL-t0
2023-03-23 08:06:59,853 [6f5e3e4a-08bd-4bbb-984f-08bcbe860d90@group-FA29D6D30D5D-LeaderElection10] INFO  impl.LeaderElection (LeaderElection.java:askForVotes(314)) - 6f5e3e4a-08bd-4bbb-984f-08bcbe860d90@group-FA29D6D30D5D-LeaderElection10 PRE_VOTE round 0: result REJECTED
2023-03-23 08:06:59,853 [6f5e3e4a-08bd-4bbb-984f-08bcbe860d90@group-FA29D6D30D5D-LeaderElection10] INFO  server.RaftServer$Division (RaftServerImpl.java:setRole(321)) - 6f5e3e4a-08bd-4bbb-984f-08bcbe860d90@group-FA29D6D30D5D: changes role from CANDIDATE to FOLLOWER at term 0 for REJECTED
2023-03-23 08:06:59,853 [6f5e3e4a-08bd-4bbb-984f-08bcbe860d90@group-FA29D6D30D5D-LeaderElection10] INFO  impl.RoleInfo (RoleInfo.java:shutdownLeaderElection(130)) - 6f5e3e4a-08bd-4bbb-984f-08bcbe860d90: shutdown 6f5e3e4a-08bd-4bbb-984f-08bcbe860d90@group-FA29D6D30D5D-LeaderElection10
2023-03-23 08:06:59,853 [6f5e3e4a-08bd-4bbb-984f-08bcbe860d90@group-FA29D6D30D5D-LeaderElection10] INFO  impl.RoleInfo (RoleInfo.java:updateAndGet(139)) - 6f5e3e4a-08bd-4bbb-984f-08bcbe860d90: start 6f5e3e4a-08bd-4bbb-984f-08bcbe860d90@group-FA29D6D30D5D-FollowerState
2023-03-23 08:06:59,853 [9c0bd176-fc91-437f-a400-955ac6fa2da9@group-FA29D6D30D5D-LeaderElection12] INFO  impl.LeaderElection (LeaderElection.java:askForVotes(312)) - 9c0bd176-fc91-437f-a400-955ac6fa2da9@group-FA29D6D30D5D-LeaderElection12 PRE_VOTE round 0: submit vote requests at term 0 for -1: peers:[266f5cc7-0c64-4a72-9a4b-104b6d67fb98|rpc:10.1.0.214:41491|dataStream:10.1.0.214:46055|priority:1|startupRole:FOLLOWER, 6f5e3e4a-08bd-4bbb-984f-08bcbe860d90|rpc:10.1.0.214:39789|dataStream:10.1.0.214:40863|priority:0|startupRole:FOLLOWER, 9c0bd176-fc91-437f-a400-955ac6fa2da9|rpc:10.1.0.214:41819|dataStream:10.1.0.214:34391|priority:0|startupRole:FOLLOWER]|listeners:[], old=null
2023-03-23 08:06:59,858 [BlockDeletingService#2] INFO  interfaces.ContainerDeletionChoosingPolicyTemplate (ContainerDeletionChoosingPolicyTemplate.java:chooseContainerForBlockDeletion(83)) - Chosen 0/5000 blocks from 0 candidate containers.
2023-03-23 08:06:59,859 [9c0bd176-fc91-437f-a400-955ac6fa2da9@group-FA29D6D30D5D-LeaderElection12-1] INFO  server.GrpcServerProtocolClient (GrpcServerProtocolClient.java:<init>(63)) - Build channel for 266f5cc7-0c64-4a72-9a4b-104b6d67fb98
2023-03-23 08:06:59,853 [grpc-default-executor-0] INFO  server.RaftServer$Division (RaftServerImpl.java:requestVote(1218)) - 9c0bd176-fc91-437f-a400-955ac6fa2da9@group-FA29D6D30D5D: receive requestVote(PRE_VOTE, 6f5e3e4a-08bd-4bbb-984f-08bcbe860d90, group-FA29D6D30D5D, 0, (t:0, i:0))
2023-03-23 08:06:59,863 [grpc-default-executor-0] INFO  impl.VoteContext (VoteContext.java:log(49)) - 9c0bd176-fc91-437f-a400-955ac6fa2da9@group-FA29D6D30D5D-CANDIDATE: accept PRE_VOTE from 6f5e3e4a-08bd-4bbb-984f-08bcbe860d90: our priority 0 <= candidate's priority 0
2023-03-23 08:06:59,863 [grpc-default-executor-0] INFO  server.RaftServer$Division (RaftServerImpl.java:requestVote(1251)) - 9c0bd176-fc91-437f-a400-955ac6fa2da9@group-FA29D6D30D5D replies to PRE_VOTE vote request: 6f5e3e4a-08bd-4bbb-984f-08bcbe860d90<-9c0bd176-fc91-437f-a400-955ac6fa2da9#0:OK-t0. Peer's state: 9c0bd176-fc91-437f-a400-955ac6fa2da9@group-FA29D6D30D5D:t0, leader=null, voted=, raftlog=Memoized:9c0bd176-fc91-437f-a400-955ac6fa2da9@group-FA29D6D30D5D-SegmentedRaftLog:OPENED:c-1, conf=-1: peers:[266f5cc7-0c64-4a72-9a4b-104b6d67fb98|rpc:10.1.0.214:41491|dataStream:10.1.0.214:46055|priority:1|startupRole:FOLLOWER, 6f5e3e4a-08bd-4bbb-984f-08bcbe860d90|rpc:10.1.0.214:39789|dataStream:10.1.0.214:40863|priority:0|startupRole:FOLLOWER, 9c0bd176-fc91-437f-a400-955ac6fa2da9|rpc:10.1.0.214:41819|dataStream:10.1.0.214:34391|priority:0|startupRole:FOLLOWER]|listeners:[], old=null
2023-03-23 08:06:59,858 [6f5e3e4a-08bd-4bbb-984f-08bcbe860d90@group-FA29D6D30D5D-FollowerState] INFO  server.RaftServerConfigKeys (ConfUtils.java:logFallback(53)) - raft.server.rpc.first-election.timeout.min = 5s (fallback to raft.server.rpc.timeout.min)
2023-03-23 08:06:59,872 [6f5e3e4a-08bd-4bbb-984f-08bcbe860d90@group-FA29D6D30D5D-FollowerState] INFO  server.RaftServerConfigKeys (ConfUtils.java:logFallback(53)) - raft.server.rpc.first-election.timeout.max = 5200ms (fallback to raft.server.rpc.timeout.max)
2023-03-23 08:06:59,867 [266f5cc7-0c64-4a72-9a4b-104b6d67fb98@group-FA29D6D30D5D-LeaderElection11] INFO  impl.LeaderElection (LeaderElection.java:logAndReturn(90)) - 266f5cc7-0c64-4a72-9a4b-104b6d67fb98@group-FA29D6D30D5D-LeaderElection11: PRE_VOTE PASSED received 1 response(s) and 0 exception(s):
2023-03-23 08:06:59,874 [266f5cc7-0c64-4a72-9a4b-104b6d67fb98@group-FA29D6D30D5D-LeaderElection11] INFO  impl.LeaderElection (LeaderElection.java:logAndReturn(94)) -   Response 0: 266f5cc7-0c64-4a72-9a4b-104b6d67fb98<-6f5e3e4a-08bd-4bbb-984f-08bcbe860d90#0:OK-t0
2023-03-23 08:06:59,874 [266f5cc7-0c64-4a72-9a4b-104b6d67fb98@group-FA29D6D30D5D-LeaderElection11] INFO  impl.LeaderElection (LeaderElection.java:askForVotes(314)) - 266f5cc7-0c64-4a72-9a4b-104b6d67fb98@group-FA29D6D30D5D-LeaderElection11 PRE_VOTE round 0: result PASSED
2023-03-23 08:06:59,867 [9c0bd176-fc91-437f-a400-955ac6fa2da9@group-FA29D6D30D5D-LeaderElection12-2] INFO  server.GrpcServerProtocolClient (GrpcServerProtocolClient.java:<init>(63)) - Build channel for 6f5e3e4a-08bd-4bbb-984f-08bcbe860d90
2023-03-23 08:06:59,862 [9c0bd176-fc91-437f-a400-955ac6fa2da9@group-FA29D6D30D5D-LeaderElection12] INFO  server.RaftServerConfigKeys (ConfUtils.java:logFallback(53)) - raft.server.rpc.first-election.timeout.min = 5s (fallback to raft.server.rpc.timeout.min)
2023-03-23 08:06:59,874 [9c0bd176-fc91-437f-a400-955ac6fa2da9@group-FA29D6D30D5D-LeaderElection12] INFO  server.RaftServerConfigKeys (ConfUtils.java:logFallback(53)) - raft.server.rpc.first-election.timeout.max = 5200ms (fallback to raft.server.rpc.timeout.max)
2023-03-23 08:06:59,876 [266f5cc7-0c64-4a72-9a4b-104b6d67fb98@group-FA29D6D30D5D-LeaderElection11] INFO  impl.LeaderElection (LeaderElection.java:askForVotes(312)) - 266f5cc7-0c64-4a72-9a4b-104b6d67fb98@group-FA29D6D30D5D-LeaderElection11 ELECTION round 0: submit vote requests at term 1 for -1: peers:[266f5cc7-0c64-4a72-9a4b-104b6d67fb98|rpc:10.1.0.214:41491|dataStream:10.1.0.214:46055|priority:1|startupRole:FOLLOWER, 6f5e3e4a-08bd-4bbb-984f-08bcbe860d90|rpc:10.1.0.214:39789|dataStream:10.1.0.214:40863|priority:0|startupRole:FOLLOWER, 9c0bd176-fc91-437f-a400-955ac6fa2da9|rpc:10.1.0.214:41819|dataStream:10.1.0.214:34391|priority:0|startupRole:FOLLOWER]|listeners:[], old=null
2023-03-23 08:06:59,878 [266f5cc7-0c64-4a72-9a4b-104b6d67fb98@group-FA29D6D30D5D-LeaderElection11] INFO  server.RaftServerConfigKeys (ConfUtils.java:logFallback(53)) - raft.server.rpc.first-election.timeout.min = 5s (fallback to raft.server.rpc.timeout.min)
2023-03-23 08:06:59,878 [266f5cc7-0c64-4a72-9a4b-104b6d67fb98@group-FA29D6D30D5D-LeaderElection11] INFO  server.RaftServerConfigKeys (ConfUtils.java:logFallback(53)) - raft.server.rpc.first-election.timeout.max = 5200ms (fallback to raft.server.rpc.timeout.max)
2023-03-23 08:06:59,884 [grpc-default-executor-0] INFO  server.RaftServer$Division (RaftServerImpl.java:requestVote(1218)) - 9c0bd176-fc91-437f-a400-955ac6fa2da9@group-FA29D6D30D5D: receive requestVote(PRE_VOTE, 266f5cc7-0c64-4a72-9a4b-104b6d67fb98, group-FA29D6D30D5D, 0, (t:0, i:0))
2023-03-23 08:06:59,890 [grpc-default-executor-0] INFO  impl.VoteContext (VoteContext.java:log(49)) - 9c0bd176-fc91-437f-a400-955ac6fa2da9@group-FA29D6D30D5D-CANDIDATE: accept PRE_VOTE from 266f5cc7-0c64-4a72-9a4b-104b6d67fb98: our priority 0 <= candidate's priority 1
2023-03-23 08:06:59,890 [grpc-default-executor-0] INFO  server.RaftServer$Division (RaftServerImpl.java:requestVote(1251)) - 9c0bd176-fc91-437f-a400-955ac6fa2da9@group-FA29D6D30D5D replies to PRE_VOTE vote request: 266f5cc7-0c64-4a72-9a4b-104b6d67fb98<-9c0bd176-fc91-437f-a400-955ac6fa2da9#0:OK-t0. Peer's state: 9c0bd176-fc91-437f-a400-955ac6fa2da9@group-FA29D6D30D5D:t0, leader=null, voted=, raftlog=Memoized:9c0bd176-fc91-437f-a400-955ac6fa2da9@group-FA29D6D30D5D-SegmentedRaftLog:OPENED:c-1, conf=-1: peers:[266f5cc7-0c64-4a72-9a4b-104b6d67fb98|rpc:10.1.0.214:41491|dataStream:10.1.0.214:46055|priority:1|startupRole:FOLLOWER, 6f5e3e4a-08bd-4bbb-984f-08bcbe860d90|rpc:10.1.0.214:39789|dataStream:10.1.0.214:40863|priority:0|startupRole:FOLLOWER, 9c0bd176-fc91-437f-a400-955ac6fa2da9|rpc:10.1.0.214:41819|dataStream:10.1.0.214:34391|priority:0|startupRole:FOLLOWER]|listeners:[], old=null
2023-03-23 08:06:59,886 [BlockDeletingService#2] INFO  interfaces.ContainerDeletionChoosingPolicyTemplate (ContainerDeletionChoosingPolicyTemplate.java:chooseContainerForBlockDeletion(83)) - Chosen 0/5000 blocks from 0 candidate containers.
2023-03-23 08:06:59,892 [BlockDeletingService#2] INFO  interfaces.ContainerDeletionChoosingPolicyTemplate (ContainerDeletionChoosingPolicyTemplate.java:chooseContainerForBlockDeletion(83)) - Chosen 0/5000 blocks from 0 candidate containers.
2023-03-23 08:06:59,895 [grpc-default-executor-0] INFO  server.RaftServer$Division (RaftServerImpl.java:requestVote(1218)) - 9c0bd176-fc91-437f-a400-955ac6fa2da9@group-FA29D6D30D5D: receive requestVote(ELECTION, 266f5cc7-0c64-4a72-9a4b-104b6d67fb98, group-FA29D6D30D5D, 1, (t:0, i:0))
2023-03-23 08:06:59,896 [grpc-default-executor-0] INFO  impl.VoteContext (VoteContext.java:log(49)) - 9c0bd176-fc91-437f-a400-955ac6fa2da9@group-FA29D6D30D5D-CANDIDATE: accept ELECTION from 266f5cc7-0c64-4a72-9a4b-104b6d67fb98: our priority 0 <= candidate's priority 1
2023-03-23 08:06:59,896 [grpc-default-executor-0] INFO  server.RaftServer$Division (RaftServerImpl.java:setRole(321)) - 9c0bd176-fc91-437f-a400-955ac6fa2da9@group-FA29D6D30D5D: changes role from CANDIDATE to FOLLOWER at term 1 for candidate:266f5cc7-0c64-4a72-9a4b-104b6d67fb98
2023-03-23 08:06:59,896 [grpc-default-executor-0] INFO  impl.RoleInfo (RoleInfo.java:shutdownLeaderElection(130)) - 9c0bd176-fc91-437f-a400-955ac6fa2da9: shutdown 9c0bd176-fc91-437f-a400-955ac6fa2da9@group-FA29D6D30D5D-LeaderElection12
2023-03-23 08:06:59,896 [grpc-default-executor-0] INFO  impl.RoleInfo (RoleInfo.java:updateAndGet(139)) - 9c0bd176-fc91-437f-a400-955ac6fa2da9: start 9c0bd176-fc91-437f-a400-955ac6fa2da9@group-FA29D6D30D5D-FollowerState
2023-03-23 08:06:59,898 [9c0bd176-fc91-437f-a400-955ac6fa2da9@group-FA29D6D30D5D-FollowerState] INFO  server.RaftServerConfigKeys (ConfUtils.java:logFallback(53)) - raft.server.rpc.first-election.timeout.min = 5s (fallback to raft.server.rpc.timeout.min)
2023-03-23 08:06:59,898 [9c0bd176-fc91-437f-a400-955ac6fa2da9@group-FA29D6D30D5D-FollowerState] INFO  server.RaftServerConfigKeys (ConfUtils.java:logFallback(53)) - raft.server.rpc.first-election.timeout.max = 5200ms (fallback to raft.server.rpc.timeout.max)
2023-03-23 08:06:59,901 [grpc-default-executor-0] INFO  server.RaftServer$Division (RaftServerImpl.java:requestVote(1251)) - 9c0bd176-fc91-437f-a400-955ac6fa2da9@group-FA29D6D30D5D replies to ELECTION vote request: 266f5cc7-0c64-4a72-9a4b-104b6d67fb98<-9c0bd176-fc91-437f-a400-955ac6fa2da9#0:OK-t1. Peer's state: 9c0bd176-fc91-437f-a400-955ac6fa2da9@group-FA29D6D30D5D:t1, leader=null, voted=266f5cc7-0c64-4a72-9a4b-104b6d67fb98, raftlog=Memoized:9c0bd176-fc91-437f-a400-955ac6fa2da9@group-FA29D6D30D5D-SegmentedRaftLog:OPENED:c-1, conf=-1: peers:[266f5cc7-0c64-4a72-9a4b-104b6d67fb98|rpc:10.1.0.214:41491|dataStream:10.1.0.214:46055|priority:1|startupRole:FOLLOWER, 6f5e3e4a-08bd-4bbb-984f-08bcbe860d90|rpc:10.1.0.214:39789|dataStream:10.1.0.214:40863|priority:0|startupRole:FOLLOWER, 9c0bd176-fc91-437f-a400-955ac6fa2da9|rpc:10.1.0.214:41819|dataStream:10.1.0.214:34391|priority:0|startupRole:FOLLOWER]|listeners:[], old=null
2023-03-23 08:06:59,910 [grpc-default-executor-1] INFO  server.RaftServer$Division (RaftServerImpl.java:requestVote(1218)) - 6f5e3e4a-08bd-4bbb-984f-08bcbe860d90@group-FA29D6D30D5D: receive requestVote(ELECTION, 266f5cc7-0c64-4a72-9a4b-104b6d67fb98, group-FA29D6D30D5D, 1, (t:0, i:0))
2023-03-23 08:06:59,910 [grpc-default-executor-1] INFO  impl.VoteContext (VoteContext.java:log(49)) - 6f5e3e4a-08bd-4bbb-984f-08bcbe860d90@group-FA29D6D30D5D-FOLLOWER: accept ELECTION from 266f5cc7-0c64-4a72-9a4b-104b6d67fb98: our priority 0 <= candidate's priority 1
2023-03-23 08:06:59,910 [grpc-default-executor-1] INFO  server.RaftServer$Division (RaftServerImpl.java:setRole(321)) - 6f5e3e4a-08bd-4bbb-984f-08bcbe860d90@group-FA29D6D30D5D: changes role from  FOLLOWER to FOLLOWER at term 1 for candidate:266f5cc7-0c64-4a72-9a4b-104b6d67fb98
2023-03-23 08:06:59,910 [grpc-default-executor-1] INFO  impl.RoleInfo (RoleInfo.java:shutdownFollowerState(110)) - 6f5e3e4a-08bd-4bbb-984f-08bcbe860d90: shutdown 6f5e3e4a-08bd-4bbb-984f-08bcbe860d90@group-FA29D6D30D5D-FollowerState
2023-03-23 08:06:59,911 [grpc-default-executor-1] INFO  impl.RoleInfo (RoleInfo.java:updateAndGet(139)) - 6f5e3e4a-08bd-4bbb-984f-08bcbe860d90: start 6f5e3e4a-08bd-4bbb-984f-08bcbe860d90@group-FA29D6D30D5D-FollowerState
2023-03-23 08:06:59,911 [6f5e3e4a-08bd-4bbb-984f-08bcbe860d90@group-FA29D6D30D5D-FollowerState] INFO  impl.FollowerState (FollowerState.java:run(152)) - 6f5e3e4a-08bd-4bbb-984f-08bcbe860d90@group-FA29D6D30D5D-FollowerState was interrupted
2023-03-23 08:06:59,916 [grpc-default-executor-0] INFO  server.RaftServer$Division (RaftServerImpl.java:requestVote(1218)) - 6f5e3e4a-08bd-4bbb-984f-08bcbe860d90@group-FA29D6D30D5D: receive requestVote(PRE_VOTE, 9c0bd176-fc91-437f-a400-955ac6fa2da9, group-FA29D6D30D5D, 0, (t:0, i:0))
2023-03-23 08:06:59,916 [6f5e3e4a-08bd-4bbb-984f-08bcbe860d90@group-FA29D6D30D5D-FollowerState] INFO  server.RaftServerConfigKeys (ConfUtils.java:logFallback(53)) - raft.server.rpc.first-election.timeout.min = 5s (fallback to raft.server.rpc.timeout.min)
2023-03-23 08:06:59,916 [grpc-default-executor-1] INFO  server.RaftServer$Division (RaftServerImpl.java:requestVote(1251)) - 6f5e3e4a-08bd-4bbb-984f-08bcbe860d90@group-FA29D6D30D5D replies to ELECTION vote request: 266f5cc7-0c64-4a72-9a4b-104b6d67fb98<-6f5e3e4a-08bd-4bbb-984f-08bcbe860d90#0:OK-t1. Peer's state: 6f5e3e4a-08bd-4bbb-984f-08bcbe860d90@group-FA29D6D30D5D:t1, leader=null, voted=266f5cc7-0c64-4a72-9a4b-104b6d67fb98, raftlog=Memoized:6f5e3e4a-08bd-4bbb-984f-08bcbe860d90@group-FA29D6D30D5D-SegmentedRaftLog:OPENED:c-1, conf=-1: peers:[266f5cc7-0c64-4a72-9a4b-104b6d67fb98|rpc:10.1.0.214:41491|dataStream:10.1.0.214:46055|priority:1|startupRole:FOLLOWER, 6f5e3e4a-08bd-4bbb-984f-08bcbe860d90|rpc:10.1.0.214:39789|dataStream:10.1.0.214:40863|priority:0|startupRole:FOLLOWER, 9c0bd176-fc91-437f-a400-955ac6fa2da9|rpc:10.1.0.214:41819|dataStream:10.1.0.214:34391|priority:0|startupRole:FOLLOWER]|listeners:[], old=null
2023-03-23 08:06:59,917 [266f5cc7-0c64-4a72-9a4b-104b6d67fb98@group-FA29D6D30D5D-LeaderElection11] INFO  impl.LeaderElection (LeaderElection.java:logAndReturn(90)) - 266f5cc7-0c64-4a72-9a4b-104b6d67fb98@group-FA29D6D30D5D-LeaderElection11: ELECTION PASSED received 1 response(s) and 0 exception(s):
2023-03-23 08:06:59,917 [266f5cc7-0c64-4a72-9a4b-104b6d67fb98@group-FA29D6D30D5D-LeaderElection11] INFO  impl.LeaderElection (LeaderElection.java:logAndReturn(94)) -   Response 0: 266f5cc7-0c64-4a72-9a4b-104b6d67fb98<-6f5e3e4a-08bd-4bbb-984f-08bcbe860d90#0:OK-t1
2023-03-23 08:06:59,917 [266f5cc7-0c64-4a72-9a4b-104b6d67fb98@group-FA29D6D30D5D-LeaderElection11] INFO  impl.LeaderElection (LeaderElection.java:askForVotes(314)) - 266f5cc7-0c64-4a72-9a4b-104b6d67fb98@group-FA29D6D30D5D-LeaderElection11 ELECTION round 0: result PASSED
2023-03-23 08:06:59,917 [266f5cc7-0c64-4a72-9a4b-104b6d67fb98@group-FA29D6D30D5D-LeaderElection11] INFO  impl.RoleInfo (RoleInfo.java:shutdownLeaderElection(130)) - 266f5cc7-0c64-4a72-9a4b-104b6d67fb98: shutdown 266f5cc7-0c64-4a72-9a4b-104b6d67fb98@group-FA29D6D30D5D-LeaderElection11
2023-03-23 08:06:59,917 [266f5cc7-0c64-4a72-9a4b-104b6d67fb98@group-FA29D6D30D5D-LeaderElection11] INFO  server.RaftServer$Division (RaftServerImpl.java:setRole(321)) - 266f5cc7-0c64-4a72-9a4b-104b6d67fb98@group-FA29D6D30D5D: changes role from CANDIDATE to LEADER at term 1 for changeToLeader
2023-03-23 08:06:59,917 [266f5cc7-0c64-4a72-9a4b-104b6d67fb98@group-FA29D6D30D5D-LeaderElection11] INFO  ratis.XceiverServerRatis (XceiverServerRatis.java:handleLeaderChangedNotification(905)) - Leader change notification received for group: group-FA29D6D30D5D with new leaderId: 266f5cc7-0c64-4a72-9a4b-104b6d67fb98
2023-03-23 08:06:59,917 [266f5cc7-0c64-4a72-9a4b-104b6d67fb98@group-FA29D6D30D5D-LeaderElection11] INFO  server.RaftServer$Division (ServerState.java:setLeader(313)) - 266f5cc7-0c64-4a72-9a4b-104b6d67fb98@group-FA29D6D30D5D: change Leader from null to 266f5cc7-0c64-4a72-9a4b-104b6d67fb98 at term 1 for becomeLeader, leader elected after 5342ms
2023-03-23 08:06:59,917 [266f5cc7-0c64-4a72-9a4b-104b6d67fb98@group-FA29D6D30D5D-LeaderElection11] INFO  server.RaftServerConfigKeys (ConfUtils.java:logGet(46)) - raft.server.staging.catchup.gap = 1000 (default)
2023-03-23 08:06:59,918 [266f5cc7-0c64-4a72-9a4b-104b6d67fb98@group-FA29D6D30D5D-LeaderElection11] INFO  server.RaftServerConfigKeys (ConfUtils.java:logGet(46)) - raft.server.write.element-limit = 1024 (custom)
2023-03-23 08:06:59,918 [266f5cc7-0c64-4a72-9a4b-104b6d67fb98@group-FA29D6D30D5D-LeaderElection11] INFO  server.RaftServerConfigKeys (ConfUtils.java:logGet(46)) - raft.server.write.byte-limit = 1024 M (=1073741824) (custom)
2023-03-23 08:06:59,918 [266f5cc7-0c64-4a72-9a4b-104b6d67fb98@group-FA29D6D30D5D-LeaderElection11] INFO  server.RaftServerConfigKeys (ConfUtils.java:logGet(46)) - raft.server.watch.timeout = 180s (custom)
2023-03-23 08:06:59,918 [266f5cc7-0c64-4a72-9a4b-104b6d67fb98@group-FA29D6D30D5D-LeaderElection11] INFO  server.RaftServerConfigKeys (ConfUtils.java:logGet(46)) - raft.server.watch.timeout.denomination = 1s (default)
2023-03-23 08:06:59,918 [266f5cc7-0c64-4a72-9a4b-104b6d67fb98@group-FA29D6D30D5D-LeaderElection11] INFO  server.RaftServerConfigKeys (ConfUtils.java:logGet(46)) - raft.server.watch.element-limit = 65536 (default)
2023-03-23 08:06:59,918 [266f5cc7-0c64-4a72-9a4b-104b6d67fb98@group-FA29D6D30D5D-LeaderElection11] INFO  server.RaftServerConfigKeys (ConfUtils.java:logGet(46)) - raft.server.write.element-limit = 1024 (custom)
2023-03-23 08:06:59,918 [266f5cc7-0c64-4a72-9a4b-104b6d67fb98@group-FA29D6D30D5D-LeaderElection11] INFO  server.RaftServerConfigKeys (ConfUtils.java:logGet(46)) - raft.server.write.follower.gap.ratio.max = -1.0 (default)
2023-03-23 08:06:59,918 [266f5cc7-0c64-4a72-9a4b-104b6d67fb98@group-FA29D6D30D5D-LeaderElection11] INFO  server.RaftServerConfigKeys (ConfUtils.java:logGet(46)) - raft.server.log.appender.snapshot.chunk.size.max = 16MB (=16777216) (default)
2023-03-23 08:06:59,918 [266f5cc7-0c64-4a72-9a4b-104b6d67fb98@group-FA29D6D30D5D-LeaderElection11] INFO  server.RaftServerConfigKeys (ConfUtils.java:logGet(46)) - raft.server.log.appender.buffer.byte-limit = 33554432 (custom)
2023-03-23 08:06:59,918 [266f5cc7-0c64-4a72-9a4b-104b6d67fb98@group-FA29D6D30D5D-LeaderElection11] INFO  server.RaftServerConfigKeys (ConfUtils.java:logGet(46)) - raft.server.log.appender.buffer.element-limit = 1 (custom)
2023-03-23 08:06:59,919 [266f5cc7-0c64-4a72-9a4b-104b6d67fb98@group-FA29D6D30D5D-LeaderElection11] INFO  grpc.GrpcConfigKeys (ConfUtils.java:logGet(46)) - raft.grpc.server.leader.outstanding.appends.max = 128 (default)
2023-03-23 08:06:59,919 [266f5cc7-0c64-4a72-9a4b-104b6d67fb98@group-FA29D6D30D5D-LeaderElection11] INFO  server.RaftServerConfigKeys (ConfUtils.java:logGet(46)) - raft.server.rpc.request.timeout = 60s (custom)
2023-03-23 08:06:59,919 [266f5cc7-0c64-4a72-9a4b-104b6d67fb98@group-FA29D6D30D5D-LeaderElection11] INFO  server.RaftServerConfigKeys (ConfUtils.java:logGet(46)) - raft.server.log.appender.install.snapshot.enabled = false (custom)
2023-03-23 08:06:59,919 [266f5cc7-0c64-4a72-9a4b-104b6d67fb98@group-FA29D6D30D5D-LeaderElection11] INFO  grpc.GrpcConfigKeys (ConfUtils.java:logGet(46)) - raft.grpc.server.heartbeat.channel = true (default)
2023-03-23 08:06:59,919 [266f5cc7-0c64-4a72-9a4b-104b6d67fb98@group-FA29D6D30D5D-LeaderElection11] INFO  server.RaftServerConfigKeys (ConfUtils.java:logGet(46)) - raft.server.log.appender.wait-time.min = 10ms (default)
2023-03-23 08:06:59,919 [266f5cc7-0c64-4a72-9a4b-104b6d67fb98@group-FA29D6D30D5D-LeaderElection11] INFO  server.RaftServerConfigKeys (ConfUtils.java:logGet(46)) - raft.server.log.appender.snapshot.chunk.size.max = 16MB (=16777216) (default)
2023-03-23 08:06:59,919 [266f5cc7-0c64-4a72-9a4b-104b6d67fb98@group-FA29D6D30D5D-LeaderElection11] INFO  server.RaftServerConfigKeys (ConfUtils.java:logGet(46)) - raft.server.log.appender.buffer.byte-limit = 33554432 (custom)
2023-03-23 08:06:59,919 [266f5cc7-0c64-4a72-9a4b-104b6d67fb98@group-FA29D6D30D5D-LeaderElection11] INFO  server.RaftServerConfigKeys (ConfUtils.java:logGet(46)) - raft.server.log.appender.buffer.element-limit = 1 (custom)
2023-03-23 08:06:59,919 [266f5cc7-0c64-4a72-9a4b-104b6d67fb98@group-FA29D6D30D5D-LeaderElection11] INFO  grpc.GrpcConfigKeys (ConfUtils.java:logGet(46)) - raft.grpc.server.leader.outstanding.appends.max = 128 (default)
2023-03-23 08:06:59,919 [266f5cc7-0c64-4a72-9a4b-104b6d67fb98@group-FA29D6D30D5D-LeaderElection11] INFO  server.RaftServerConfigKeys (ConfUtils.java:logGet(46)) - raft.server.rpc.request.timeout = 60s (custom)
2023-03-23 08:06:59,919 [266f5cc7-0c64-4a72-9a4b-104b6d67fb98@group-FA29D6D30D5D-LeaderElection11] INFO  server.RaftServerConfigKeys (ConfUtils.java:logGet(46)) - raft.server.log.appender.install.snapshot.enabled = false (custom)
2023-03-23 08:06:59,919 [266f5cc7-0c64-4a72-9a4b-104b6d67fb98@group-FA29D6D30D5D-LeaderElection11] INFO  grpc.GrpcConfigKeys (ConfUtils.java:logGet(46)) - raft.grpc.server.heartbeat.channel = true (default)
2023-03-23 08:06:59,920 [266f5cc7-0c64-4a72-9a4b-104b6d67fb98@group-FA29D6D30D5D-LeaderElection11] INFO  server.RaftServerConfigKeys (ConfUtils.java:logGet(46)) - raft.server.log.appender.wait-time.min = 10ms (default)
2023-03-23 08:06:59,920 [266f5cc7-0c64-4a72-9a4b-104b6d67fb98@group-FA29D6D30D5D-LeaderElection11] INFO  impl.RoleInfo (RoleInfo.java:updateAndGet(139)) - 266f5cc7-0c64-4a72-9a4b-104b6d67fb98: start 266f5cc7-0c64-4a72-9a4b-104b6d67fb98@group-FA29D6D30D5D-LeaderStateImpl
2023-03-23 08:06:59,920 [266f5cc7-0c64-4a72-9a4b-104b6d67fb98@group-FA29D6D30D5D-LeaderElection11] INFO  segmented.SegmentedRaftLogWorker (SegmentedRaftLogWorker.java:startLogSegment(452)) - 266f5cc7-0c64-4a72-9a4b-104b6d67fb98@group-FA29D6D30D5D-SegmentedRaftLogWorker: Starting segment from index:0
2023-03-23 08:06:59,920 [grpc-default-executor-0] INFO  impl.VoteContext (VoteContext.java:log(49)) - 6f5e3e4a-08bd-4bbb-984f-08bcbe860d90@group-FA29D6D30D5D-FOLLOWER: accept PRE_VOTE from 9c0bd176-fc91-437f-a400-955ac6fa2da9: our priority 0 <= candidate's priority 0
2023-03-23 08:06:59,922 [grpc-default-executor-0] INFO  server.RaftServer$Division (RaftServerImpl.java:requestVote(1251)) - 6f5e3e4a-08bd-4bbb-984f-08bcbe860d90@group-FA29D6D30D5D replies to PRE_VOTE vote request: 9c0bd176-fc91-437f-a400-955ac6fa2da9<-6f5e3e4a-08bd-4bbb-984f-08bcbe860d90#0:OK-t1. Peer's state: 6f5e3e4a-08bd-4bbb-984f-08bcbe860d90@group-FA29D6D30D5D:t1, leader=null, voted=266f5cc7-0c64-4a72-9a4b-104b6d67fb98, raftlog=Memoized:6f5e3e4a-08bd-4bbb-984f-08bcbe860d90@group-FA29D6D30D5D-SegmentedRaftLog:OPENED:c-1, conf=-1: peers:[266f5cc7-0c64-4a72-9a4b-104b6d67fb98|rpc:10.1.0.214:41491|dataStream:10.1.0.214:46055|priority:1|startupRole:FOLLOWER, 6f5e3e4a-08bd-4bbb-984f-08bcbe860d90|rpc:10.1.0.214:39789|dataStream:10.1.0.214:40863|priority:0|startupRole:FOLLOWER, 9c0bd176-fc91-437f-a400-955ac6fa2da9|rpc:10.1.0.214:41819|dataStream:10.1.0.214:34391|priority:0|startupRole:FOLLOWER]|listeners:[], old=null
2023-03-23 08:06:59,916 [grpc-default-executor-2] INFO  server.RaftServer$Division (RaftServerImpl.java:requestVote(1218)) - 266f5cc7-0c64-4a72-9a4b-104b6d67fb98@group-FA29D6D30D5D: receive requestVote(PRE_VOTE, 9c0bd176-fc91-437f-a400-955ac6fa2da9, group-FA29D6D30D5D, 0, (t:0, i:0))
2023-03-23 08:06:59,920 [6f5e3e4a-08bd-4bbb-984f-08bcbe860d90@group-FA29D6D30D5D-FollowerState] INFO  server.RaftServerConfigKeys (ConfUtils.java:logFallback(53)) - raft.server.rpc.first-election.timeout.max = 5200ms (fallback to raft.server.rpc.timeout.max)
2023-03-23 08:06:59,924 [EventQueue-PipelineReportForPipelineReportHandler] INFO  pipeline.PipelineManagerImpl (PipelineManagerImpl.java:openPipeline(367)) - Pipeline Pipeline[ Id: 67437f06-9c9b-4aec-aa9f-fa29d6d30d5d, Nodes: 6f5e3e4a-08bd-4bbb-984f-08bcbe860d90(fv-az105-497.wy5h1aom0jgehahef1oyr10hrc.bx.internal.cloudapp.net/10.1.0.214)266f5cc7-0c64-4a72-9a4b-104b6d67fb98(fv-az105-497.wy5h1aom0jgehahef1oyr10hrc.bx.internal.cloudapp.net/10.1.0.214)9c0bd176-fc91-437f-a400-955ac6fa2da9(fv-az105-497.wy5h1aom0jgehahef1oyr10hrc.bx.internal.cloudapp.net/10.1.0.214), ReplicationConfig: RATIS/THREE, State:ALLOCATED, leaderId:266f5cc7-0c64-4a72-9a4b-104b6d67fb98, CreationTimestamp2023-03-23T08:06:52.398Z[Etc/UTC]] moved to OPEN state
2023-03-23 08:06:59,931 [266f5cc7-0c64-4a72-9a4b-104b6d67fb98@group-FA29D6D30D5D-LeaderElection11] INFO  server.RaftServer$Division (ServerState.java:setRaftConf(430)) - 266f5cc7-0c64-4a72-9a4b-104b6d67fb98@group-FA29D6D30D5D: set configuration 0: peers:[266f5cc7-0c64-4a72-9a4b-104b6d67fb98|rpc:10.1.0.214:41491|dataStream:10.1.0.214:46055|priority:1|startupRole:FOLLOWER, 6f5e3e4a-08bd-4bbb-984f-08bcbe860d90|rpc:10.1.0.214:39789|dataStream:10.1.0.214:40863|priority:0|startupRole:FOLLOWER, 9c0bd176-fc91-437f-a400-955ac6fa2da9|rpc:10.1.0.214:41819|dataStream:10.1.0.214:34391|priority:0|startupRole:FOLLOWER]|listeners:[], old=null
2023-03-23 08:06:59,931 [9c0bd176-fc91-437f-a400-955ac6fa2da9@group-FA29D6D30D5D-LeaderElection12] INFO  impl.LeaderElection (LeaderElection.java:logAndReturn(90)) - 9c0bd176-fc91-437f-a400-955ac6fa2da9@group-FA29D6D30D5D-LeaderElection12: PRE_VOTE DISCOVERED_A_NEW_TERM (term=1) received 1 response(s) and 0 exception(s):
2023-03-23 08:06:59,933 [9c0bd176-fc91-437f-a400-955ac6fa2da9@group-FA29D6D30D5D-LeaderElection12] INFO  impl.LeaderElection (LeaderElection.java:logAndReturn(94)) -   Response 0: 9c0bd176-fc91-437f-a400-955ac6fa2da9<-6f5e3e4a-08bd-4bbb-984f-08bcbe860d90#0:OK-t1
2023-03-23 08:06:59,933 [9c0bd176-fc91-437f-a400-955ac6fa2da9@group-FA29D6D30D5D-LeaderElection12] INFO  impl.LeaderElection (LeaderElection.java:askForVotes(314)) - 9c0bd176-fc91-437f-a400-955ac6fa2da9@group-FA29D6D30D5D-LeaderElection12 PRE_VOTE round 0: result DISCOVERED_A_NEW_TERM (term=1)
2023-03-23 08:06:59,932 [266f5cc7-0c64-4a72-9a4b-104b6d67fb98@group-FA29D6D30D5D-SegmentedRaftLogWorker] INFO  segmented.SegmentedRaftLogWorker (SegmentedRaftLogWorker.java:execute(656)) - 266f5cc7-0c64-4a72-9a4b-104b6d67fb98@group-FA29D6D30D5D-SegmentedRaftLogWorker: created new log segment /home/runner/work/ozone/ozone/hadoop-ozone/integration-test/target/test-dir/MiniOzoneClusterImpl-31e8183b-455c-41dd-a5db-82de5ef729db/datanode-0/data/ratis/67437f06-9c9b-4aec-aa9f-fa29d6d30d5d/current/log_inprogress_0
2023-03-23 08:06:59,932 [grpc-default-executor-2] INFO  impl.VoteContext (VoteContext.java:log(49)) - 266f5cc7-0c64-4a72-9a4b-104b6d67fb98@group-FA29D6D30D5D-LEADER: reject PRE_VOTE from 9c0bd176-fc91-437f-a400-955ac6fa2da9: this server is the leader and still has leadership
2023-03-23 08:06:59,951 [grpc-default-executor-2] INFO  server.RaftServer$Division (RaftServerImpl.java:requestVote(1251)) - 266f5cc7-0c64-4a72-9a4b-104b6d67fb98@group-FA29D6D30D5D replies to PRE_VOTE vote request: 9c0bd176-fc91-437f-a400-955ac6fa2da9<-266f5cc7-0c64-4a72-9a4b-104b6d67fb98#0:FAIL-t1. Peer's state: 266f5cc7-0c64-4a72-9a4b-104b6d67fb98@group-FA29D6D30D5D:t1, leader=266f5cc7-0c64-4a72-9a4b-104b6d67fb98, voted=266f5cc7-0c64-4a72-9a4b-104b6d67fb98, raftlog=Memoized:266f5cc7-0c64-4a72-9a4b-104b6d67fb98@group-FA29D6D30D5D-SegmentedRaftLog:OPENED:c-1, conf=0: peers:[266f5cc7-0c64-4a72-9a4b-104b6d67fb98|rpc:10.1.0.214:41491|dataStream:10.1.0.214:46055|priority:1|startupRole:FOLLOWER, 6f5e3e4a-08bd-4bbb-984f-08bcbe860d90|rpc:10.1.0.214:39789|dataStream:10.1.0.214:40863|priority:0|startupRole:FOLLOWER, 9c0bd176-fc91-437f-a400-955ac6fa2da9|rpc:10.1.0.214:41819|dataStream:10.1.0.214:34391|priority:0|startupRole:FOLLOWER]|listeners:[], old=null
2023-03-23 08:06:59,950 [6f5e3e4a-08bd-4bbb-984f-08bcbe860d90-server-thread2] INFO  ratis.XceiverServerRatis (XceiverServerRatis.java:handleLeaderChangedNotification(905)) - Leader change notification received for group: group-FA29D6D30D5D with new leaderId: 266f5cc7-0c64-4a72-9a4b-104b6d67fb98
2023-03-23 08:06:59,950 [EventQueue-OpenPipelineForHealthyPipelineSafeModeRule] INFO  safemode.SCMSafeModeManager (HealthyPipelineSafeModeRule.java:process(137)) - SCM in safe mode. Healthy pipelines reported count is 1, required healthy pipeline reported count is 1
2023-03-23 08:06:59,959 [EventQueue-OpenPipelineForHealthyPipelineSafeModeRule] INFO  safemode.SCMSafeModeManager (SCMSafeModeManager.java:validateSafeModeExitRules(200)) - HealthyPipelineSafeModeRule rule is successfully validated
2023-03-23 08:06:59,959 [EventQueue-OpenPipelineForHealthyPipelineSafeModeRule] INFO  safemode.SCMSafeModeManager (SCMSafeModeManager.java:validateSafeModeExitRules(215)) - ScmSafeModeManager, all rules are successfully validated
2023-03-23 08:06:59,959 [EventQueue-OpenPipelineForHealthyPipelineSafeModeRule] INFO  safemode.SCMSafeModeManager (SCMSafeModeManager.java:exitSafeMode(244)) - SCM exiting safe mode.
2023-03-23 08:06:59,959 [EventQueue-OpenPipelineForHealthyPipelineSafeModeRule] INFO  ha.SCMContext (SCMContext.java:updateSafeModeStatus(228)) - Update SafeModeStatus from SafeModeStatus{safeModeStatus=true, preCheckPassed=true} to SafeModeStatus{safeModeStatus=false, preCheckPassed=true}.
2023-03-23 08:06:59,959 [EventQueue-OpenPipelineForHealthyPipelineSafeModeRule] INFO  pipeline.BackgroundPipelineCreator (BackgroundPipelineCreator.java:notifyStatusChanged(254)) - Service BackgroundPipelineCreator transitions to RUNNING.
2023-03-23 08:06:59,959 [EventQueue-OpenPipelineForHealthyPipelineSafeModeRule] INFO  BackgroundPipelineScrubber (BackgroundSCMService.java:notifyStatusChanged(82)) - Service BackgroundPipelineScrubber transitions to RUNNING.
2023-03-23 08:06:59,959 [EventQueue-OpenPipelineForHealthyPipelineSafeModeRule] INFO  ExpiredContainerReplicaOpScrubber (BackgroundSCMService.java:notifyStatusChanged(82)) - Service ExpiredContainerReplicaOpScrubber transitions to RUNNING.
2023-03-23 08:06:59,959 [EventQueue-OpenPipelineForHealthyPipelineSafeModeRule] INFO  replication.ReplicationManager (ReplicationManager.java:notifyStatusChanged(1265)) - Service ReplicationManager transitions to RUNNING.
2023-03-23 08:06:59,959 [BlockDeletingService#2] INFO  interfaces.ContainerDeletionChoosingPolicyTemplate (ContainerDeletionChoosingPolicyTemplate.java:chooseContainerForBlockDeletion(83)) - Chosen 0/5000 blocks from 0 candidate containers.
2023-03-23 08:06:59,959 [SCMBlockDeletingService#0] DEBUG block.SCMBlockDeletingService (SCMBlockDeletingService.java:call(136)) - Running DeletedBlockTransactionScanner
2023-03-23 08:06:59,959 [EventQueue-OpenPipelineForHealthyPipelineSafeModeRule] WARN  balancer.ContainerBalancer (ContainerBalancer.java:shouldRun(131)) - Could not find persisted configuration for ContainerBalancer when checking if ContainerBalancer should run. ContainerBalancer should not run now.
2023-03-23 08:06:59,960 [6f5e3e4a-08bd-4bbb-984f-08bcbe860d90-server-thread2] INFO  server.RaftServer$Division (ServerState.java:setLeader(313)) - 6f5e3e4a-08bd-4bbb-984f-08bcbe860d90@group-FA29D6D30D5D: change Leader from null to 266f5cc7-0c64-4a72-9a4b-104b6d67fb98 at term 1 for appendEntries, leader elected after 5322ms
2023-03-23 08:06:59,970 [6f5e3e4a-08bd-4bbb-984f-08bcbe860d90-server-thread1] INFO  server.RaftServer$Division (ServerState.java:setRaftConf(430)) - 6f5e3e4a-08bd-4bbb-984f-08bcbe860d90@group-FA29D6D30D5D: set configuration 0: peers:[266f5cc7-0c64-4a72-9a4b-104b6d67fb98|rpc:10.1.0.214:41491|dataStream:10.1.0.214:46055|priority:1|startupRole:FOLLOWER, 6f5e3e4a-08bd-4bbb-984f-08bcbe860d90|rpc:10.1.0.214:39789|dataStream:10.1.0.214:40863|priority:0|startupRole:FOLLOWER, 9c0bd176-fc91-437f-a400-955ac6fa2da9|rpc:10.1.0.214:41819|dataStream:10.1.0.214:34391|priority:0|startupRole:FOLLOWER]|listeners:[], old=null
2023-03-23 08:06:59,971 [6f5e3e4a-08bd-4bbb-984f-08bcbe860d90-server-thread1] INFO  segmented.SegmentedRaftLogWorker (SegmentedRaftLogWorker.java:startLogSegment(452)) - 6f5e3e4a-08bd-4bbb-984f-08bcbe860d90@group-FA29D6D30D5D-SegmentedRaftLogWorker: Starting segment from index:0
2023-03-23 08:06:59,974 [6f5e3e4a-08bd-4bbb-984f-08bcbe860d90@group-FA29D6D30D5D-SegmentedRaftLogWorker] INFO  segmented.SegmentedRaftLogWorker (SegmentedRaftLogWorker.java:execute(656)) - 6f5e3e4a-08bd-4bbb-984f-08bcbe860d90@group-FA29D6D30D5D-SegmentedRaftLogWorker: created new log segment /home/runner/work/ozone/ozone/hadoop-ozone/integration-test/target/test-dir/MiniOzoneClusterImpl-31e8183b-455c-41dd-a5db-82de5ef729db/datanode-1/data/ratis/67437f06-9c9b-4aec-aa9f-fa29d6d30d5d/current/log_inprogress_0
2023-03-23 08:06:59,978 [9c0bd176-fc91-437f-a400-955ac6fa2da9-server-thread2] INFO  ratis.XceiverServerRatis (XceiverServerRatis.java:handleLeaderChangedNotification(905)) - Leader change notification received for group: group-FA29D6D30D5D with new leaderId: 266f5cc7-0c64-4a72-9a4b-104b6d67fb98
2023-03-23 08:06:59,982 [9c0bd176-fc91-437f-a400-955ac6fa2da9-server-thread2] INFO  server.RaftServer$Division (ServerState.java:setLeader(313)) - 9c0bd176-fc91-437f-a400-955ac6fa2da9@group-FA29D6D30D5D: change Leader from null to 266f5cc7-0c64-4a72-9a4b-104b6d67fb98 at term 1 for appendEntries, leader elected after 5300ms
2023-03-23 08:06:59,983 [9c0bd176-fc91-437f-a400-955ac6fa2da9-server-thread1] INFO  server.RaftServer$Division (ServerState.java:setRaftConf(430)) - 9c0bd176-fc91-437f-a400-955ac6fa2da9@group-FA29D6D30D5D: set configuration 0: peers:[266f5cc7-0c64-4a72-9a4b-104b6d67fb98|rpc:10.1.0.214:41491|dataStream:10.1.0.214:46055|priority:1|startupRole:FOLLOWER, 6f5e3e4a-08bd-4bbb-984f-08bcbe860d90|rpc:10.1.0.214:39789|dataStream:10.1.0.214:40863|priority:0|startupRole:FOLLOWER, 9c0bd176-fc91-437f-a400-955ac6fa2da9|rpc:10.1.0.214:41819|dataStream:10.1.0.214:34391|priority:0|startupRole:FOLLOWER]|listeners:[], old=null
2023-03-23 08:06:59,985 [9c0bd176-fc91-437f-a400-955ac6fa2da9-server-thread1] INFO  segmented.SegmentedRaftLogWorker (SegmentedRaftLogWorker.java:startLogSegment(452)) - 9c0bd176-fc91-437f-a400-955ac6fa2da9@group-FA29D6D30D5D-SegmentedRaftLogWorker: Starting segment from index:0
2023-03-23 08:06:59,987 [9c0bd176-fc91-437f-a400-955ac6fa2da9@group-FA29D6D30D5D-SegmentedRaftLogWorker] INFO  segmented.SegmentedRaftLogWorker (SegmentedRaftLogWorker.java:execute(656)) - 9c0bd176-fc91-437f-a400-955ac6fa2da9@group-FA29D6D30D5D-SegmentedRaftLogWorker: created new log segment /home/runner/work/ozone/ozone/hadoop-ozone/integration-test/target/test-dir/MiniOzoneClusterImpl-31e8183b-455c-41dd-a5db-82de5ef729db/datanode-2/data/ratis/67437f06-9c9b-4aec-aa9f-fa29d6d30d5d/current/log_inprogress_0
2023-03-23 08:06:59,991 [BlockDeletingService#2] INFO  interfaces.ContainerDeletionChoosingPolicyTemplate (ContainerDeletionChoosingPolicyTemplate.java:chooseContainerForBlockDeletion(83)) - Chosen 0/5000 blocks from 0 candidate containers.
2023-03-23 08:06:59,993 [BlockDeletingService#2] INFO  interfaces.ContainerDeletionChoosingPolicyTemplate (ContainerDeletionChoosingPolicyTemplate.java:chooseContainerForBlockDeletion(83)) - Chosen 0/5000 blocks from 0 candidate containers.
2023-03-23 08:07:00,059 [BlockDeletingService#2] INFO  interfaces.ContainerDeletionChoosingPolicyTemplate (ContainerDeletionChoosingPolicyTemplate.java:chooseContainerForBlockDeletion(83)) - Chosen 0/5000 blocks from 0 candidate containers.
2023-03-23 08:07:00,059 [SCMBlockDeletingService#0] DEBUG block.SCMBlockDeletingService (SCMBlockDeletingService.java:call(136)) - Running DeletedBlockTransactionScanner
2023-03-23 08:07:00,091 [BlockDeletingService#2] INFO  interfaces.ContainerDeletionChoosingPolicyTemplate (ContainerDeletionChoosingPolicyTemplate.java:chooseContainerForBlockDeletion(83)) - Chosen 0/5000 blocks from 0 candidate containers.
2023-03-23 08:07:00,093 [BlockDeletingService#2] INFO  interfaces.ContainerDeletionChoosingPolicyTemplate (ContainerDeletionChoosingPolicyTemplate.java:chooseContainerForBlockDeletion(83)) - Chosen 0/5000 blocks from 0 candidate containers.
2023-03-23 08:07:00,159 [BlockDeletingService#2] INFO  interfaces.ContainerDeletionChoosingPolicyTemplate (ContainerDeletionChoosingPolicyTemplate.java:chooseContainerForBlockDeletion(83)) - Chosen 0/5000 blocks from 0 candidate containers.
2023-03-23 08:07:00,160 [SCMBlockDeletingService#0] DEBUG block.SCMBlockDeletingService (SCMBlockDeletingService.java:call(136)) - Running DeletedBlockTransactionScanner
2023-03-23 08:07:00,191 [BlockDeletingService#2] INFO  interfaces.ContainerDeletionChoosingPolicyTemplate (ContainerDeletionChoosingPolicyTemplate.java:chooseContainerForBlockDeletion(83)) - Chosen 0/5000 blocks from 0 candidate containers.
2023-03-23 08:07:00,193 [BlockDeletingService#2] INFO  interfaces.ContainerDeletionChoosingPolicyTemplate (ContainerDeletionChoosingPolicyTemplate.java:chooseContainerForBlockDeletion(83)) - Chosen 0/5000 blocks from 0 candidate containers.
2023-03-23 08:07:00,260 [SCMBlockDeletingService#0] DEBUG block.SCMBlockDeletingService (SCMBlockDeletingService.java:call(136)) - Running DeletedBlockTransactionScanner
2023-03-23 08:07:00,260 [BlockDeletingService#2] INFO  interfaces.ContainerDeletionChoosingPolicyTemplate (ContainerDeletionChoosingPolicyTemplate.java:chooseContainerForBlockDeletion(83)) - Chosen 0/5000 blocks from 0 candidate containers.
2023-03-23 08:07:00,291 [BlockDeletingService#2] INFO  interfaces.ContainerDeletionChoosingPolicyTemplate (ContainerDeletionChoosingPolicyTemplate.java:chooseContainerForBlockDeletion(83)) - Chosen 0/5000 blocks from 0 candidate containers.
2023-03-23 08:07:00,293 [BlockDeletingService#2] INFO  interfaces.ContainerDeletionChoosingPolicyTemplate (ContainerDeletionChoosingPolicyTemplate.java:chooseContainerForBlockDeletion(83)) - Chosen 0/5000 blocks from 0 candidate containers.
2023-03-23 08:07:00,360 [SCMBlockDeletingService#0] DEBUG block.SCMBlockDeletingService (SCMBlockDeletingService.java:call(136)) - Running DeletedBlockTransactionScanner
2023-03-23 08:07:00,360 [BlockDeletingService#2] INFO  interfaces.ContainerDeletionChoosingPolicyTemplate (ContainerDeletionChoosingPolicyTemplate.java:chooseContainerForBlockDeletion(83)) - Chosen 0/5000 blocks from 0 candidate containers.
2023-03-23 08:07:00,391 [BlockDeletingService#2] INFO  interfaces.ContainerDeletionChoosingPolicyTemplate (ContainerDeletionChoosingPolicyTemplate.java:chooseContainerForBlockDeletion(83)) - Chosen 0/5000 blocks from 0 candidate containers.
2023-03-23 08:07:00,393 [BlockDeletingService#2] INFO  interfaces.ContainerDeletionChoosingPolicyTemplate (ContainerDeletionChoosingPolicyTemplate.java:chooseContainerForBlockDeletion(83)) - Chosen 0/5000 blocks from 0 candidate containers.
2023-03-23 08:07:00,395 [Listener at 127.0.0.1/35553] INFO  ozone.MiniOzoneClusterImpl (MiniOzoneClusterImpl.java:lambda$waitForClusterToBeReady$0(222)) - Nodes are ready. Got 3 of 3 DN Heartbeats.
2023-03-23 08:07:00,395 [Listener at 127.0.0.1/35553] INFO  ozone.MiniOzoneClusterImpl (MiniOzoneClusterImpl.java:lambda$waitForClusterToBeReady$0(225)) - Cluster exits safe mode
2023-03-23 08:07:00,396 [Listener at 127.0.0.1/35553] INFO  ozone.MiniOzoneClusterImpl (MiniOzoneClusterImpl.java:lambda$waitForClusterToBeReady$0(227)) - SCM became leader
2023-03-23 08:07:00,460 [SCMBlockDeletingService#0] DEBUG block.SCMBlockDeletingService (SCMBlockDeletingService.java:call(136)) - Running DeletedBlockTransactionScanner
2023-03-23 08:07:00,460 [BlockDeletingService#2] INFO  interfaces.ContainerDeletionChoosingPolicyTemplate (ContainerDeletionChoosingPolicyTemplate.java:chooseContainerForBlockDeletion(83)) - Chosen 0/5000 blocks from 0 candidate containers.
2023-03-23 08:07:00,492 [BlockDeletingService#2] INFO  interfaces.ContainerDeletionChoosingPolicyTemplate (ContainerDeletionChoosingPolicyTemplate.java:chooseContainerForBlockDeletion(83)) - Chosen 0/5000 blocks from 0 candidate containers.
2023-03-23 08:07:00,494 [BlockDeletingService#2] INFO  interfaces.ContainerDeletionChoosingPolicyTemplate (ContainerDeletionChoosingPolicyTemplate.java:chooseContainerForBlockDeletion(83)) - Chosen 0/5000 blocks from 0 candidate containers.
2023-03-23 08:07:00,560 [SCMBlockDeletingService#0] DEBUG block.SCMBlockDeletingService (SCMBlockDeletingService.java:call(136)) - Running DeletedBlockTransactionScanner
2023-03-23 08:07:00,560 [BlockDeletingService#2] INFO  interfaces.ContainerDeletionChoosingPolicyTemplate (ContainerDeletionChoosingPolicyTemplate.java:chooseContainerForBlockDeletion(83)) - Chosen 0/5000 blocks from 0 candidate containers.
2023-03-23 08:07:00,592 [BlockDeletingService#2] INFO  interfaces.ContainerDeletionChoosingPolicyTemplate (ContainerDeletionChoosingPolicyTemplate.java:chooseContainerForBlockDeletion(83)) - Chosen 0/5000 blocks from 0 candidate containers.
2023-03-23 08:07:00,594 [BlockDeletingService#2] INFO  interfaces.ContainerDeletionChoosingPolicyTemplate (ContainerDeletionChoosingPolicyTemplate.java:chooseContainerForBlockDeletion(83)) - Chosen 0/5000 blocks from 0 candidate containers.
2023-03-23 08:07:00,610 [Listener at 127.0.0.1/35553] INFO  rpc.RpcClient (RpcClient.java:createVolume(476)) - Creating Volume: 071a2ac6-92df-4541-8886-d770ca8bd3b2, with runner as owner and space quota set to -1 bytes, counts quota set to -1
2023-03-23 08:07:00,617 [OM StateMachine ApplyTransaction Thread - 0] INFO  volume.OMVolumeCreateRequest (OMVolumeCreateRequest.java:validateAndUpdateCache(195)) - created volume:071a2ac6-92df-4541-8886-d770ca8bd3b2 for user:runner
2023-03-23 08:07:00,622 [Listener at 127.0.0.1/35553] INFO  rpc.RpcClient (RpcClient.java:createBucket(698)) - Creating Bucket: 071a2ac6-92df-4541-8886-d770ca8bd3b2/99a26547-1564-4e65-9549-f96f7326dc7d, with server-side default bucket layout, runner as owner, Versioning false, Storage Type set to DISK and Encryption set to false, Replication Type set to server-side default replication type, Namespace Quota set to -1, Space Quota set to -1 
2023-03-23 08:07:00,626 [OM StateMachine ApplyTransaction Thread - 0] INFO  bucket.OMBucketCreateRequest (OMBucketCreateRequest.java:validateAndUpdateCache(263)) - created bucket: 99a26547-1564-4e65-9549-f96f7326dc7d of layout FILE_SYSTEM_OPTIMIZED in volume: 071a2ac6-92df-4541-8886-d770ca8bd3b2
2023-03-23 08:07:00,660 [IPC Server handler 1 on default port 35431] INFO  pipeline.PipelineStateManagerImpl (PipelineStateManagerImpl.java:addPipeline(103)) - Created pipeline Pipeline[ Id: bb3355e6-25f8-468f-aa83-f3d5d2d5721f, Nodes: 9c0bd176-fc91-437f-a400-955ac6fa2da9(fv-az105-497.wy5h1aom0jgehahef1oyr10hrc.bx.internal.cloudapp.net/10.1.0.214)6f5e3e4a-08bd-4bbb-984f-08bcbe860d90(fv-az105-497.wy5h1aom0jgehahef1oyr10hrc.bx.internal.cloudapp.net/10.1.0.214)266f5cc7-0c64-4a72-9a4b-104b6d67fb98(fv-az105-497.wy5h1aom0jgehahef1oyr10hrc.bx.internal.cloudapp.net/10.1.0.214), ReplicationConfig: EC{rs-2-1-262144}, State:ALLOCATED, leaderId:, CreationTimestamp2023-03-23T08:07:00.656Z[Etc/UTC]].
2023-03-23 08:07:00,660 [SCMBlockDeletingService#0] DEBUG block.SCMBlockDeletingService (SCMBlockDeletingService.java:call(136)) - Running DeletedBlockTransactionScanner
2023-03-23 08:07:00,661 [BlockDeletingService#2] INFO  interfaces.ContainerDeletionChoosingPolicyTemplate (ContainerDeletionChoosingPolicyTemplate.java:chooseContainerForBlockDeletion(83)) - Chosen 0/5000 blocks from 0 candidate containers.
2023-03-23 08:07:00,662 [IPC Server handler 1 on default port 35431] INFO  ha.SequenceIdGenerator (SequenceIdGenerator.java:getNextId(128)) - Allocate a batch for containerId, change lastId from 0 to 1000.
2023-03-23 08:07:00,663 [IPC Server handler 1 on default port 35431] INFO  pipeline.PipelineManagerImpl (PipelineManagerImpl.java:openPipeline(367)) - Pipeline Pipeline[ Id: bb3355e6-25f8-468f-aa83-f3d5d2d5721f, Nodes: 9c0bd176-fc91-437f-a400-955ac6fa2da9(fv-az105-497.wy5h1aom0jgehahef1oyr10hrc.bx.internal.cloudapp.net/10.1.0.214)6f5e3e4a-08bd-4bbb-984f-08bcbe860d90(fv-az105-497.wy5h1aom0jgehahef1oyr10hrc.bx.internal.cloudapp.net/10.1.0.214)266f5cc7-0c64-4a72-9a4b-104b6d67fb98(fv-az105-497.wy5h1aom0jgehahef1oyr10hrc.bx.internal.cloudapp.net/10.1.0.214), ReplicationConfig: EC{rs-2-1-262144}, State:ALLOCATED, leaderId:, CreationTimestamp2023-03-23T08:07:00.656Z[Etc/UTC]] moved to OPEN state
2023-03-23 08:07:00,663 [IPC Server handler 1 on default port 35431] WARN  ha.SequenceIdGenerator (SequenceIdGenerator.java:allocateBatch(237)) - Failed to allocate a batch for localId, expected lastId is 0, actual lastId is 111677748019200000.
2023-03-23 08:07:00,663 [IPC Server handler 1 on default port 35431] INFO  ha.SequenceIdGenerator (SequenceIdGenerator.java:getNextId(128)) - Allocate a batch for localId, change lastId from 111677748019200000 to 111677748019201000.
2023-03-23 08:07:00,692 [BlockDeletingService#2] INFO  interfaces.ContainerDeletionChoosingPolicyTemplate (ContainerDeletionChoosingPolicyTemplate.java:chooseContainerForBlockDeletion(83)) - Chosen 0/5000 blocks from 0 candidate containers.
2023-03-23 08:07:00,695 [BlockDeletingService#2] INFO  interfaces.ContainerDeletionChoosingPolicyTemplate (ContainerDeletionChoosingPolicyTemplate.java:chooseContainerForBlockDeletion(83)) - Chosen 0/5000 blocks from 0 candidate containers.
2023-03-23 08:07:00,730 [Listener at 127.0.0.1/35553] WARN  erasurecode.ErasureCodeNative (ErasureCodeNative.java:<clinit>(55)) - ISA-L support is not available in your platform... using builtin-java codec where applicable
2023-03-23 08:07:00,760 [SCMBlockDeletingService#0] DEBUG block.SCMBlockDeletingService (SCMBlockDeletingService.java:call(136)) - Running DeletedBlockTransactionScanner
2023-03-23 08:07:00,762 [BlockDeletingService#2] INFO  interfaces.ContainerDeletionChoosingPolicyTemplate (ContainerDeletionChoosingPolicyTemplate.java:chooseContainerForBlockDeletion(83)) - Chosen 0/5000 blocks from 0 candidate containers.
2023-03-23 08:07:00,795 [BlockDeletingService#2] INFO  interfaces.ContainerDeletionChoosingPolicyTemplate (ContainerDeletionChoosingPolicyTemplate.java:chooseContainerForBlockDeletion(83)) - Chosen 0/5000 blocks from 0 candidate containers.
2023-03-23 08:07:00,795 [BlockDeletingService#2] INFO  interfaces.ContainerDeletionChoosingPolicyTemplate (ContainerDeletionChoosingPolicyTemplate.java:chooseContainerForBlockDeletion(83)) - Chosen 0/5000 blocks from 0 candidate containers.
2023-03-23 08:07:00,860 [SCMBlockDeletingService#0] DEBUG block.SCMBlockDeletingService (SCMBlockDeletingService.java:call(136)) - Running DeletedBlockTransactionScanner
2023-03-23 08:07:00,862 [BlockDeletingService#2] INFO  interfaces.ContainerDeletionChoosingPolicyTemplate (ContainerDeletionChoosingPolicyTemplate.java:chooseContainerForBlockDeletion(83)) - Chosen 0/5000 blocks from 0 candidate containers.
2023-03-23 08:07:00,904 [BlockDeletingService#2] INFO  interfaces.ContainerDeletionChoosingPolicyTemplate (ContainerDeletionChoosingPolicyTemplate.java:chooseContainerForBlockDeletion(83)) - Chosen 0/5000 blocks from 0 candidate containers.
2023-03-23 08:07:00,906 [BlockDeletingService#2] INFO  interfaces.ContainerDeletionChoosingPolicyTemplate (ContainerDeletionChoosingPolicyTemplate.java:chooseContainerForBlockDeletion(83)) - Chosen 0/5000 blocks from 0 candidate containers.
2023-03-23 08:07:00,960 [SCMBlockDeletingService#0] DEBUG block.SCMBlockDeletingService (SCMBlockDeletingService.java:call(136)) - Running DeletedBlockTransactionScanner
2023-03-23 08:07:00,963 [BlockDeletingService#2] INFO  interfaces.ContainerDeletionChoosingPolicyTemplate (ContainerDeletionChoosingPolicyTemplate.java:chooseContainerForBlockDeletion(83)) - Chosen 0/5000 blocks from 0 candidate containers.
2023-03-23 08:07:01,004 [BlockDeletingService#2] INFO  interfaces.ContainerDeletionChoosingPolicyTemplate (ContainerDeletionChoosingPolicyTemplate.java:chooseContainerForBlockDeletion(83)) - Chosen 0/5000 blocks from 0 candidate containers.
2023-03-23 08:07:01,006 [BlockDeletingService#2] INFO  interfaces.ContainerDeletionChoosingPolicyTemplate (ContainerDeletionChoosingPolicyTemplate.java:chooseContainerForBlockDeletion(83)) - Chosen 0/5000 blocks from 0 candidate containers.
2023-03-23 08:07:01,063 [BlockDeletingService#2] INFO  interfaces.ContainerDeletionChoosingPolicyTemplate (ContainerDeletionChoosingPolicyTemplate.java:chooseContainerForBlockDeletion(83)) - Chosen 0/5000 blocks from 0 candidate containers.
2023-03-23 08:07:01,065 [SCMBlockDeletingService#0] DEBUG block.SCMBlockDeletingService (SCMBlockDeletingService.java:call(136)) - Running DeletedBlockTransactionScanner
2023-03-23 08:07:01,104 [BlockDeletingService#2] INFO  interfaces.ContainerDeletionChoosingPolicyTemplate (ContainerDeletionChoosingPolicyTemplate.java:chooseContainerForBlockDeletion(83)) - Chosen 0/5000 blocks from 0 candidate containers.
2023-03-23 08:07:01,106 [BlockDeletingService#2] INFO  interfaces.ContainerDeletionChoosingPolicyTemplate (ContainerDeletionChoosingPolicyTemplate.java:chooseContainerForBlockDeletion(83)) - Chosen 0/5000 blocks from 0 candidate containers.
2023-03-23 08:07:01,164 [BlockDeletingService#2] INFO  interfaces.ContainerDeletionChoosingPolicyTemplate (ContainerDeletionChoosingPolicyTemplate.java:chooseContainerForBlockDeletion(83)) - Chosen 0/5000 blocks from 0 candidate containers.
2023-03-23 08:07:01,173 [SCMBlockDeletingService#0] DEBUG block.SCMBlockDeletingService (SCMBlockDeletingService.java:call(136)) - Running DeletedBlockTransactionScanner
2023-03-23 08:07:01,204 [BlockDeletingService#2] INFO  interfaces.ContainerDeletionChoosingPolicyTemplate (ContainerDeletionChoosingPolicyTemplate.java:chooseContainerForBlockDeletion(83)) - Chosen 0/5000 blocks from 0 candidate containers.
2023-03-23 08:07:01,206 [BlockDeletingService#2] INFO  interfaces.ContainerDeletionChoosingPolicyTemplate (ContainerDeletionChoosingPolicyTemplate.java:chooseContainerForBlockDeletion(83)) - Chosen 0/5000 blocks from 0 candidate containers.
2023-03-23 08:07:01,270 [BlockDeletingService#2] INFO  interfaces.ContainerDeletionChoosingPolicyTemplate (ContainerDeletionChoosingPolicyTemplate.java:chooseContainerForBlockDeletion(83)) - Chosen 0/5000 blocks from 0 candidate containers.
2023-03-23 08:07:01,274 [SCMBlockDeletingService#0] DEBUG block.SCMBlockDeletingService (SCMBlockDeletingService.java:call(136)) - Running DeletedBlockTransactionScanner
2023-03-23 08:07:01,306 [BlockDeletingService#2] INFO  interfaces.ContainerDeletionChoosingPolicyTemplate (ContainerDeletionChoosingPolicyTemplate.java:chooseContainerForBlockDeletion(83)) - Chosen 0/5000 blocks from 0 candidate containers.
2023-03-23 08:07:01,306 [BlockDeletingService#2] INFO  interfaces.ContainerDeletionChoosingPolicyTemplate (ContainerDeletionChoosingPolicyTemplate.java:chooseContainerForBlockDeletion(83)) - Chosen 0/5000 blocks from 0 candidate containers.
2023-03-23 08:07:01,370 [BlockDeletingService#2] INFO  interfaces.ContainerDeletionChoosingPolicyTemplate (ContainerDeletionChoosingPolicyTemplate.java:chooseContainerForBlockDeletion(83)) - Chosen 0/5000 blocks from 0 candidate containers.
2023-03-23 08:07:01,374 [SCMBlockDeletingService#0] DEBUG block.SCMBlockDeletingService (SCMBlockDeletingService.java:call(136)) - Running DeletedBlockTransactionScanner
2023-03-23 08:07:01,406 [BlockDeletingService#2] INFO  interfaces.ContainerDeletionChoosingPolicyTemplate (ContainerDeletionChoosingPolicyTemplate.java:chooseContainerForBlockDeletion(83)) - Chosen 0/5000 blocks from 0 candidate containers.
2023-03-23 08:07:01,407 [BlockDeletingService#2] INFO  interfaces.ContainerDeletionChoosingPolicyTemplate (ContainerDeletionChoosingPolicyTemplate.java:chooseContainerForBlockDeletion(83)) - Chosen 0/5000 blocks from 0 candidate containers.
2023-03-23 08:07:01,483 [SCMBlockDeletingService#0] DEBUG block.SCMBlockDeletingService (SCMBlockDeletingService.java:call(136)) - Running DeletedBlockTransactionScanner
2023-03-23 08:07:01,484 [BlockDeletingService#2] INFO  interfaces.ContainerDeletionChoosingPolicyTemplate (ContainerDeletionChoosingPolicyTemplate.java:chooseContainerForBlockDeletion(83)) - Chosen 0/5000 blocks from 0 candidate containers.
2023-03-23 08:07:01,499 [IPC Server handler 1 on default port 35431] INFO  pipeline.PipelineStateManagerImpl (PipelineStateManagerImpl.java:addPipeline(103)) - Created pipeline Pipeline[ Id: 1b652e0c-c4ad-42b2-85bf-b943015debc0, Nodes: 9c0bd176-fc91-437f-a400-955ac6fa2da9(fv-az105-497.wy5h1aom0jgehahef1oyr10hrc.bx.internal.cloudapp.net/10.1.0.214)6f5e3e4a-08bd-4bbb-984f-08bcbe860d90(fv-az105-497.wy5h1aom0jgehahef1oyr10hrc.bx.internal.cloudapp.net/10.1.0.214)266f5cc7-0c64-4a72-9a4b-104b6d67fb98(fv-az105-497.wy5h1aom0jgehahef1oyr10hrc.bx.internal.cloudapp.net/10.1.0.214), ReplicationConfig: EC{rs-2-1-262144}, State:ALLOCATED, leaderId:, CreationTimestamp2023-03-23T08:07:01.498Z[Etc/UTC]].
2023-03-23 08:07:01,499 [IPC Server handler 1 on default port 35431] INFO  pipeline.PipelineManagerImpl (PipelineManagerImpl.java:openPipeline(367)) - Pipeline Pipeline[ Id: 1b652e0c-c4ad-42b2-85bf-b943015debc0, Nodes: 9c0bd176-fc91-437f-a400-955ac6fa2da9(fv-az105-497.wy5h1aom0jgehahef1oyr10hrc.bx.internal.cloudapp.net/10.1.0.214)6f5e3e4a-08bd-4bbb-984f-08bcbe860d90(fv-az105-497.wy5h1aom0jgehahef1oyr10hrc.bx.internal.cloudapp.net/10.1.0.214)266f5cc7-0c64-4a72-9a4b-104b6d67fb98(fv-az105-497.wy5h1aom0jgehahef1oyr10hrc.bx.internal.cloudapp.net/10.1.0.214), ReplicationConfig: EC{rs-2-1-262144}, State:ALLOCATED, leaderId:, CreationTimestamp2023-03-23T08:07:01.498Z[Etc/UTC]] moved to OPEN state
2023-03-23 08:07:01,506 [BlockDeletingService#2] INFO  interfaces.ContainerDeletionChoosingPolicyTemplate (ContainerDeletionChoosingPolicyTemplate.java:chooseContainerForBlockDeletion(83)) - Chosen 0/5000 blocks from 0 candidate containers.
2023-03-23 08:07:01,509 [BlockDeletingService#2] INFO  interfaces.ContainerDeletionChoosingPolicyTemplate (ContainerDeletionChoosingPolicyTemplate.java:chooseContainerForBlockDeletion(83)) - Chosen 0/5000 blocks from 0 candidate containers.
2023-03-23 08:07:01,583 [SCMBlockDeletingService#0] DEBUG block.SCMBlockDeletingService (SCMBlockDeletingService.java:call(136)) - Running DeletedBlockTransactionScanner
2023-03-23 08:07:01,584 [BlockDeletingService#2] INFO  interfaces.ContainerDeletionChoosingPolicyTemplate (ContainerDeletionChoosingPolicyTemplate.java:chooseContainerForBlockDeletion(83)) - Chosen 0/5000 blocks from 0 candidate containers.
2023-03-23 08:07:01,607 [BlockDeletingService#2] INFO  interfaces.ContainerDeletionChoosingPolicyTemplate (ContainerDeletionChoosingPolicyTemplate.java:chooseContainerForBlockDeletion(83)) - Chosen 0/5000 blocks from 0 candidate containers.
2023-03-23 08:07:01,610 [BlockDeletingService#2] INFO  interfaces.ContainerDeletionChoosingPolicyTemplate (ContainerDeletionChoosingPolicyTemplate.java:chooseContainerForBlockDeletion(83)) - Chosen 0/5000 blocks from 0 candidate containers.
2023-03-23 08:07:01,684 [SCMBlockDeletingService#0] DEBUG block.SCMBlockDeletingService (SCMBlockDeletingService.java:call(136)) - Running DeletedBlockTransactionScanner
2023-03-23 08:07:01,684 [BlockDeletingService#2] INFO  interfaces.ContainerDeletionChoosingPolicyTemplate (ContainerDeletionChoosingPolicyTemplate.java:chooseContainerForBlockDeletion(83)) - Chosen 0/5000 blocks from 0 candidate containers.
2023-03-23 08:07:01,707 [BlockDeletingService#2] INFO  interfaces.ContainerDeletionChoosingPolicyTemplate (ContainerDeletionChoosingPolicyTemplate.java:chooseContainerForBlockDeletion(83)) - Chosen 0/5000 blocks from 0 candidate containers.
2023-03-23 08:07:01,710 [BlockDeletingService#2] INFO  interfaces.ContainerDeletionChoosingPolicyTemplate (ContainerDeletionChoosingPolicyTemplate.java:chooseContainerForBlockDeletion(83)) - Chosen 0/5000 blocks from 0 candidate containers.
2023-03-23 08:07:01,784 [SCMBlockDeletingService#0] DEBUG block.SCMBlockDeletingService (SCMBlockDeletingService.java:call(136)) - Running DeletedBlockTransactionScanner
2023-03-23 08:07:01,784 [BlockDeletingService#2] INFO  interfaces.ContainerDeletionChoosingPolicyTemplate (ContainerDeletionChoosingPolicyTemplate.java:chooseContainerForBlockDeletion(83)) - Chosen 0/5000 blocks from 0 candidate containers.
2023-03-23 08:07:01,807 [BlockDeletingService#2] INFO  interfaces.ContainerDeletionChoosingPolicyTemplate (ContainerDeletionChoosingPolicyTemplate.java:chooseContainerForBlockDeletion(83)) - Chosen 0/5000 blocks from 0 candidate containers.
2023-03-23 08:07:01,811 [BlockDeletingService#2] INFO  interfaces.ContainerDeletionChoosingPolicyTemplate (ContainerDeletionChoosingPolicyTemplate.java:chooseContainerForBlockDeletion(83)) - Chosen 0/5000 blocks from 0 candidate containers.
2023-03-23 08:07:01,850 [IPC Server handler 4 on default port 35431] INFO  pipeline.PipelineStateManagerImpl (PipelineStateManagerImpl.java:addPipeline(103)) - Created pipeline Pipeline[ Id: 04a1a77b-e0eb-4857-a55d-c378bfa986ca, Nodes: 6f5e3e4a-08bd-4bbb-984f-08bcbe860d90(fv-az105-497.wy5h1aom0jgehahef1oyr10hrc.bx.internal.cloudapp.net/10.1.0.214)9c0bd176-fc91-437f-a400-955ac6fa2da9(fv-az105-497.wy5h1aom0jgehahef1oyr10hrc.bx.internal.cloudapp.net/10.1.0.214)266f5cc7-0c64-4a72-9a4b-104b6d67fb98(fv-az105-497.wy5h1aom0jgehahef1oyr10hrc.bx.internal.cloudapp.net/10.1.0.214), ReplicationConfig: EC{rs-2-1-262144}, State:ALLOCATED, leaderId:, CreationTimestamp2023-03-23T08:07:01.849Z[Etc/UTC]].
2023-03-23 08:07:01,850 [IPC Server handler 4 on default port 35431] INFO  pipeline.PipelineManagerImpl (PipelineManagerImpl.java:openPipeline(367)) - Pipeline Pipeline[ Id: 04a1a77b-e0eb-4857-a55d-c378bfa986ca, Nodes: 6f5e3e4a-08bd-4bbb-984f-08bcbe860d90(fv-az105-497.wy5h1aom0jgehahef1oyr10hrc.bx.internal.cloudapp.net/10.1.0.214)9c0bd176-fc91-437f-a400-955ac6fa2da9(fv-az105-497.wy5h1aom0jgehahef1oyr10hrc.bx.internal.cloudapp.net/10.1.0.214)266f5cc7-0c64-4a72-9a4b-104b6d67fb98(fv-az105-497.wy5h1aom0jgehahef1oyr10hrc.bx.internal.cloudapp.net/10.1.0.214), ReplicationConfig: EC{rs-2-1-262144}, State:ALLOCATED, leaderId:, CreationTimestamp2023-03-23T08:07:01.849Z[Etc/UTC]] moved to OPEN state
2023-03-23 08:07:01,884 [SCMBlockDeletingService#0] DEBUG block.SCMBlockDeletingService (SCMBlockDeletingService.java:call(136)) - Running DeletedBlockTransactionScanner
2023-03-23 08:07:01,885 [BlockDeletingService#2] INFO  interfaces.ContainerDeletionChoosingPolicyTemplate (ContainerDeletionChoosingPolicyTemplate.java:chooseContainerForBlockDeletion(83)) - Chosen 0/5000 blocks from 0 candidate containers.
2023-03-23 08:07:01,907 [BlockDeletingService#2] INFO  interfaces.ContainerDeletionChoosingPolicyTemplate (ContainerDeletionChoosingPolicyTemplate.java:chooseContainerForBlockDeletion(83)) - Chosen 0/5000 blocks from 0 candidate containers.
2023-03-23 08:07:01,911 [BlockDeletingService#2] INFO  interfaces.ContainerDeletionChoosingPolicyTemplate (ContainerDeletionChoosingPolicyTemplate.java:chooseContainerForBlockDeletion(83)) - Chosen 0/5000 blocks from 0 candidate containers.
2023-03-23 08:07:01,984 [SCMBlockDeletingService#0] DEBUG block.SCMBlockDeletingService (SCMBlockDeletingService.java:call(136)) - Running DeletedBlockTransactionScanner
2023-03-23 08:07:01,985 [BlockDeletingService#2] INFO  interfaces.ContainerDeletionChoosingPolicyTemplate (ContainerDeletionChoosingPolicyTemplate.java:chooseContainerForBlockDeletion(83)) - Chosen 0/5000 blocks from 0 candidate containers.
2023-03-23 08:07:02,011 [BlockDeletingService#2] INFO  interfaces.ContainerDeletionChoosingPolicyTemplate (ContainerDeletionChoosingPolicyTemplate.java:chooseContainerForBlockDeletion(83)) - Chosen 0/5000 blocks from 0 candidate containers.
2023-03-23 08:07:02,011 [BlockDeletingService#2] INFO  interfaces.ContainerDeletionChoosingPolicyTemplate (ContainerDeletionChoosingPolicyTemplate.java:chooseContainerForBlockDeletion(83)) - Chosen 0/5000 blocks from 0 candidate containers.
2023-03-23 08:07:02,084 [SCMBlockDeletingService#0] DEBUG block.SCMBlockDeletingService (SCMBlockDeletingService.java:call(136)) - Running DeletedBlockTransactionScanner
2023-03-23 08:07:02,085 [BlockDeletingService#2] INFO  interfaces.ContainerDeletionChoosingPolicyTemplate (ContainerDeletionChoosingPolicyTemplate.java:chooseContainerForBlockDeletion(83)) - Chosen 0/5000 blocks from 0 candidate containers.
2023-03-23 08:07:02,116 [BlockDeletingService#2] INFO  interfaces.ContainerDeletionChoosingPolicyTemplate (ContainerDeletionChoosingPolicyTemplate.java:chooseContainerForBlockDeletion(83)) - Chosen 0/5000 blocks from 0 candidate containers.
2023-03-23 08:07:02,116 [BlockDeletingService#2] INFO  interfaces.ContainerDeletionChoosingPolicyTemplate (ContainerDeletionChoosingPolicyTemplate.java:chooseContainerForBlockDeletion(83)) - Chosen 0/5000 blocks from 0 candidate containers.
2023-03-23 08:07:02,184 [SCMBlockDeletingService#0] DEBUG block.SCMBlockDeletingService (SCMBlockDeletingService.java:call(136)) - Running DeletedBlockTransactionScanner
2023-03-23 08:07:02,186 [BlockDeletingService#2] INFO  interfaces.ContainerDeletionChoosingPolicyTemplate (ContainerDeletionChoosingPolicyTemplate.java:chooseContainerForBlockDeletion(83)) - Chosen 0/5000 blocks from 0 candidate containers.
2023-03-23 08:07:02,187 [IPC Server handler 0 on default port 35431] INFO  ha.SequenceIdGenerator (SequenceIdGenerator.java:getNextId(128)) - Allocate a batch for delTxnId, change lastId from 0 to 1000.
2023-03-23 08:07:02,192 [KeyDeletingService#0] INFO  service.KeyDeletingService (KeyDeletingService.java:call(188)) - Number of keys deleted: 1, elapsed time: 8ms
2023-03-23 08:07:02,216 [BlockDeletingService#2] INFO  interfaces.ContainerDeletionChoosingPolicyTemplate (ContainerDeletionChoosingPolicyTemplate.java:chooseContainerForBlockDeletion(83)) - Chosen 0/5000 blocks from 0 candidate containers.
2023-03-23 08:07:02,216 [BlockDeletingService#2] INFO  interfaces.ContainerDeletionChoosingPolicyTemplate (ContainerDeletionChoosingPolicyTemplate.java:chooseContainerForBlockDeletion(83)) - Chosen 0/5000 blocks from 0 candidate containers.
2023-03-23 08:07:02,285 [SCMBlockDeletingService#0] DEBUG block.SCMBlockDeletingService (SCMBlockDeletingService.java:call(136)) - Running DeletedBlockTransactionScanner
2023-03-23 08:07:02,286 [BlockDeletingService#2] INFO  interfaces.ContainerDeletionChoosingPolicyTemplate (ContainerDeletionChoosingPolicyTemplate.java:chooseContainerForBlockDeletion(83)) - Chosen 0/5000 blocks from 0 candidate containers.
2023-03-23 08:07:02,316 [BlockDeletingService#2] INFO  interfaces.ContainerDeletionChoosingPolicyTemplate (ContainerDeletionChoosingPolicyTemplate.java:chooseContainerForBlockDeletion(83)) - Chosen 0/5000 blocks from 0 candidate containers.
2023-03-23 08:07:02,316 [BlockDeletingService#2] INFO  interfaces.ContainerDeletionChoosingPolicyTemplate (ContainerDeletionChoosingPolicyTemplate.java:chooseContainerForBlockDeletion(83)) - Chosen 0/5000 blocks from 0 candidate containers.
2023-03-23 08:07:02,385 [SCMBlockDeletingService#0] DEBUG block.SCMBlockDeletingService (SCMBlockDeletingService.java:call(136)) - Running DeletedBlockTransactionScanner
2023-03-23 08:07:02,386 [BlockDeletingService#2] INFO  interfaces.ContainerDeletionChoosingPolicyTemplate (ContainerDeletionChoosingPolicyTemplate.java:chooseContainerForBlockDeletion(83)) - Chosen 0/5000 blocks from 0 candidate containers.
2023-03-23 08:07:02,416 [BlockDeletingService#2] INFO  interfaces.ContainerDeletionChoosingPolicyTemplate (ContainerDeletionChoosingPolicyTemplate.java:chooseContainerForBlockDeletion(83)) - Chosen 0/5000 blocks from 0 candidate containers.
2023-03-23 08:07:02,417 [BlockDeletingService#2] INFO  interfaces.ContainerDeletionChoosingPolicyTemplate (ContainerDeletionChoosingPolicyTemplate.java:chooseContainerForBlockDeletion(83)) - Chosen 0/5000 blocks from 0 candidate containers.
2023-03-23 08:07:02,485 [SCMBlockDeletingService#0] DEBUG block.SCMBlockDeletingService (SCMBlockDeletingService.java:call(136)) - Running DeletedBlockTransactionScanner
2023-03-23 08:07:02,486 [BlockDeletingService#2] INFO  interfaces.ContainerDeletionChoosingPolicyTemplate (ContainerDeletionChoosingPolicyTemplate.java:chooseContainerForBlockDeletion(83)) - Chosen 0/5000 blocks from 0 candidate containers.
2023-03-23 08:07:02,517 [BlockDeletingService#2] INFO  interfaces.ContainerDeletionChoosingPolicyTemplate (ContainerDeletionChoosingPolicyTemplate.java:chooseContainerForBlockDeletion(83)) - Chosen 0/5000 blocks from 0 candidate containers.
2023-03-23 08:07:02,517 [BlockDeletingService#2] INFO  interfaces.ContainerDeletionChoosingPolicyTemplate (ContainerDeletionChoosingPolicyTemplate.java:chooseContainerForBlockDeletion(83)) - Chosen 0/5000 blocks from 0 candidate containers.
2023-03-23 08:07:02,585 [SCMBlockDeletingService#0] DEBUG block.SCMBlockDeletingService (SCMBlockDeletingService.java:call(136)) - Running DeletedBlockTransactionScanner
2023-03-23 08:07:02,586 [BlockDeletingService#2] INFO  interfaces.ContainerDeletionChoosingPolicyTemplate (ContainerDeletionChoosingPolicyTemplate.java:chooseContainerForBlockDeletion(83)) - Chosen 0/5000 blocks from 0 candidate containers.
2023-03-23 08:07:02,617 [BlockDeletingService#2] INFO  interfaces.ContainerDeletionChoosingPolicyTemplate (ContainerDeletionChoosingPolicyTemplate.java:chooseContainerForBlockDeletion(83)) - Chosen 0/5000 blocks from 0 candidate containers.
2023-03-23 08:07:02,617 [BlockDeletingService#2] INFO  interfaces.ContainerDeletionChoosingPolicyTemplate (ContainerDeletionChoosingPolicyTemplate.java:chooseContainerForBlockDeletion(83)) - Chosen 0/5000 blocks from 0 candidate containers.
2023-03-23 08:07:02,685 [SCMBlockDeletingService#0] DEBUG block.SCMBlockDeletingService (SCMBlockDeletingService.java:call(136)) - Running DeletedBlockTransactionScanner
2023-03-23 08:07:02,687 [BlockDeletingService#2] INFO  interfaces.ContainerDeletionChoosingPolicyTemplate (ContainerDeletionChoosingPolicyTemplate.java:chooseContainerForBlockDeletion(83)) - Chosen 0/5000 blocks from 0 candidate containers.
2023-03-23 08:07:02,717 [BlockDeletingService#2] INFO  interfaces.ContainerDeletionChoosingPolicyTemplate (ContainerDeletionChoosingPolicyTemplate.java:chooseContainerForBlockDeletion(83)) - Chosen 0/5000 blocks from 0 candidate containers.
2023-03-23 08:07:02,717 [BlockDeletingService#2] INFO  interfaces.ContainerDeletionChoosingPolicyTemplate (ContainerDeletionChoosingPolicyTemplate.java:chooseContainerForBlockDeletion(83)) - Chosen 0/5000 blocks from 0 candidate containers.
2023-03-23 08:07:02,785 [SCMBlockDeletingService#0] DEBUG block.SCMBlockDeletingService (SCMBlockDeletingService.java:call(136)) - Running DeletedBlockTransactionScanner
2023-03-23 08:07:02,787 [BlockDeletingService#2] INFO  interfaces.ContainerDeletionChoosingPolicyTemplate (ContainerDeletionChoosingPolicyTemplate.java:chooseContainerForBlockDeletion(83)) - Chosen 0/5000 blocks from 0 candidate containers.
2023-03-23 08:07:02,817 [BlockDeletingService#2] INFO  interfaces.ContainerDeletionChoosingPolicyTemplate (ContainerDeletionChoosingPolicyTemplate.java:chooseContainerForBlockDeletion(83)) - Chosen 0/5000 blocks from 0 candidate containers.
2023-03-23 08:07:02,818 [BlockDeletingService#2] INFO  interfaces.ContainerDeletionChoosingPolicyTemplate (ContainerDeletionChoosingPolicyTemplate.java:chooseContainerForBlockDeletion(83)) - Chosen 0/5000 blocks from 0 candidate containers.
2023-03-23 08:07:02,885 [SCMBlockDeletingService#0] DEBUG block.SCMBlockDeletingService (SCMBlockDeletingService.java:call(136)) - Running DeletedBlockTransactionScanner
2023-03-23 08:07:02,887 [BlockDeletingService#2] INFO  interfaces.ContainerDeletionChoosingPolicyTemplate (ContainerDeletionChoosingPolicyTemplate.java:chooseContainerForBlockDeletion(83)) - Chosen 0/5000 blocks from 0 candidate containers.
2023-03-23 08:07:02,918 [BlockDeletingService#2] INFO  interfaces.ContainerDeletionChoosingPolicyTemplate (ContainerDeletionChoosingPolicyTemplate.java:chooseContainerForBlockDeletion(83)) - Chosen 0/5000 blocks from 0 candidate containers.
2023-03-23 08:07:02,918 [BlockDeletingService#2] INFO  interfaces.ContainerDeletionChoosingPolicyTemplate (ContainerDeletionChoosingPolicyTemplate.java:chooseContainerForBlockDeletion(83)) - Chosen 0/5000 blocks from 0 candidate containers.
2023-03-23 08:07:02,985 [SCMBlockDeletingService#0] DEBUG block.SCMBlockDeletingService (SCMBlockDeletingService.java:call(136)) - Running DeletedBlockTransactionScanner
2023-03-23 08:07:02,987 [BlockDeletingService#2] INFO  interfaces.ContainerDeletionChoosingPolicyTemplate (ContainerDeletionChoosingPolicyTemplate.java:chooseContainerForBlockDeletion(83)) - Chosen 0/5000 blocks from 0 candidate containers.
2023-03-23 08:07:03,018 [BlockDeletingService#2] INFO  interfaces.ContainerDeletionChoosingPolicyTemplate (ContainerDeletionChoosingPolicyTemplate.java:chooseContainerForBlockDeletion(83)) - Chosen 0/5000 blocks from 0 candidate containers.
2023-03-23 08:07:03,018 [BlockDeletingService#2] INFO  interfaces.ContainerDeletionChoosingPolicyTemplate (ContainerDeletionChoosingPolicyTemplate.java:chooseContainerForBlockDeletion(83)) - Chosen 0/5000 blocks from 0 candidate containers.
2023-03-23 08:07:03,085 [SCMBlockDeletingService#0] DEBUG block.SCMBlockDeletingService (SCMBlockDeletingService.java:call(136)) - Running DeletedBlockTransactionScanner
2023-03-23 08:07:03,087 [BlockDeletingService#2] INFO  interfaces.ContainerDeletionChoosingPolicyTemplate (ContainerDeletionChoosingPolicyTemplate.java:chooseContainerForBlockDeletion(83)) - Chosen 0/5000 blocks from 0 candidate containers.
2023-03-23 08:07:03,118 [BlockDeletingService#2] INFO  interfaces.ContainerDeletionChoosingPolicyTemplate (ContainerDeletionChoosingPolicyTemplate.java:chooseContainerForBlockDeletion(83)) - Chosen 0/5000 blocks from 0 candidate containers.
2023-03-23 08:07:03,118 [BlockDeletingService#2] INFO  interfaces.ContainerDeletionChoosingPolicyTemplate (ContainerDeletionChoosingPolicyTemplate.java:chooseContainerForBlockDeletion(83)) - Chosen 0/5000 blocks from 0 candidate containers.
2023-03-23 08:07:03,185 [SCMBlockDeletingService#0] DEBUG block.SCMBlockDeletingService (SCMBlockDeletingService.java:call(136)) - Running DeletedBlockTransactionScanner
2023-03-23 08:07:03,188 [BlockDeletingService#2] INFO  interfaces.ContainerDeletionChoosingPolicyTemplate (ContainerDeletionChoosingPolicyTemplate.java:chooseContainerForBlockDeletion(83)) - Chosen 0/5000 blocks from 0 candidate containers.
2023-03-23 08:07:03,218 [BlockDeletingService#2] INFO  interfaces.ContainerDeletionChoosingPolicyTemplate (ContainerDeletionChoosingPolicyTemplate.java:chooseContainerForBlockDeletion(83)) - Chosen 0/5000 blocks from 0 candidate containers.
2023-03-23 08:07:03,219 [BlockDeletingService#2] INFO  interfaces.ContainerDeletionChoosingPolicyTemplate (ContainerDeletionChoosingPolicyTemplate.java:chooseContainerForBlockDeletion(83)) - Chosen 0/5000 blocks from 0 candidate containers.
2023-03-23 08:07:03,285 [SCMBlockDeletingService#0] DEBUG block.SCMBlockDeletingService (SCMBlockDeletingService.java:call(136)) - Running DeletedBlockTransactionScanner
2023-03-23 08:07:03,288 [BlockDeletingService#2] INFO  interfaces.ContainerDeletionChoosingPolicyTemplate (ContainerDeletionChoosingPolicyTemplate.java:chooseContainerForBlockDeletion(83)) - Chosen 0/5000 blocks from 0 candidate containers.
2023-03-23 08:07:03,319 [BlockDeletingService#2] INFO  interfaces.ContainerDeletionChoosingPolicyTemplate (ContainerDeletionChoosingPolicyTemplate.java:chooseContainerForBlockDeletion(83)) - Chosen 0/5000 blocks from 0 candidate containers.
2023-03-23 08:07:03,319 [BlockDeletingService#2] INFO  interfaces.ContainerDeletionChoosingPolicyTemplate (ContainerDeletionChoosingPolicyTemplate.java:chooseContainerForBlockDeletion(83)) - Chosen 0/5000 blocks from 0 candidate containers.
2023-03-23 08:07:03,386 [SCMBlockDeletingService#0] DEBUG block.SCMBlockDeletingService (SCMBlockDeletingService.java:call(136)) - Running DeletedBlockTransactionScanner
2023-03-23 08:07:03,388 [BlockDeletingService#2] INFO  interfaces.ContainerDeletionChoosingPolicyTemplate (ContainerDeletionChoosingPolicyTemplate.java:chooseContainerForBlockDeletion(83)) - Chosen 0/5000 blocks from 0 candidate containers.
2023-03-23 08:07:03,419 [BlockDeletingService#2] INFO  interfaces.ContainerDeletionChoosingPolicyTemplate (ContainerDeletionChoosingPolicyTemplate.java:chooseContainerForBlockDeletion(83)) - Chosen 0/5000 blocks from 0 candidate containers.
2023-03-23 08:07:03,419 [BlockDeletingService#2] INFO  interfaces.ContainerDeletionChoosingPolicyTemplate (ContainerDeletionChoosingPolicyTemplate.java:chooseContainerForBlockDeletion(83)) - Chosen 0/5000 blocks from 0 candidate containers.
2023-03-23 08:07:03,486 [SCMBlockDeletingService#0] DEBUG block.SCMBlockDeletingService (SCMBlockDeletingService.java:call(136)) - Running DeletedBlockTransactionScanner
2023-03-23 08:07:03,489 [BlockDeletingService#2] INFO  interfaces.ContainerDeletionChoosingPolicyTemplate (ContainerDeletionChoosingPolicyTemplate.java:chooseContainerForBlockDeletion(83)) - Chosen 0/5000 blocks from 0 candidate containers.
2023-03-23 08:07:03,519 [BlockDeletingService#2] INFO  interfaces.ContainerDeletionChoosingPolicyTemplate (ContainerDeletionChoosingPolicyTemplate.java:chooseContainerForBlockDeletion(83)) - Chosen 0/5000 blocks from 0 candidate containers.
2023-03-23 08:07:03,519 [BlockDeletingService#2] INFO  interfaces.ContainerDeletionChoosingPolicyTemplate (ContainerDeletionChoosingPolicyTemplate.java:chooseContainerForBlockDeletion(83)) - Chosen 0/5000 blocks from 0 candidate containers.
2023-03-23 08:07:03,586 [SCMBlockDeletingService#0] DEBUG block.SCMBlockDeletingService (SCMBlockDeletingService.java:call(136)) - Running DeletedBlockTransactionScanner
2023-03-23 08:07:03,589 [BlockDeletingService#2] INFO  interfaces.ContainerDeletionChoosingPolicyTemplate (ContainerDeletionChoosingPolicyTemplate.java:chooseContainerForBlockDeletion(83)) - Chosen 0/5000 blocks from 0 candidate containers.
2023-03-23 08:07:03,619 [BlockDeletingService#2] INFO  interfaces.ContainerDeletionChoosingPolicyTemplate (ContainerDeletionChoosingPolicyTemplate.java:chooseContainerForBlockDeletion(83)) - Chosen 0/5000 blocks from 0 candidate containers.
2023-03-23 08:07:03,620 [BlockDeletingService#2] INFO  interfaces.ContainerDeletionChoosingPolicyTemplate (ContainerDeletionChoosingPolicyTemplate.java:chooseContainerForBlockDeletion(83)) - Chosen 0/5000 blocks from 0 candidate containers.
2023-03-23 08:07:03,686 [SCMBlockDeletingService#0] DEBUG block.SCMBlockDeletingService (SCMBlockDeletingService.java:call(136)) - Running DeletedBlockTransactionScanner
2023-03-23 08:07:03,689 [BlockDeletingService#2] INFO  interfaces.ContainerDeletionChoosingPolicyTemplate (ContainerDeletionChoosingPolicyTemplate.java:chooseContainerForBlockDeletion(83)) - Chosen 0/5000 blocks from 0 candidate containers.
2023-03-23 08:07:03,720 [BlockDeletingService#2] INFO  interfaces.ContainerDeletionChoosingPolicyTemplate (ContainerDeletionChoosingPolicyTemplate.java:chooseContainerForBlockDeletion(83)) - Chosen 0/5000 blocks from 0 candidate containers.
2023-03-23 08:07:03,720 [BlockDeletingService#2] INFO  interfaces.ContainerDeletionChoosingPolicyTemplate (ContainerDeletionChoosingPolicyTemplate.java:chooseContainerForBlockDeletion(83)) - Chosen 0/5000 blocks from 0 candidate containers.
2023-03-23 08:07:03,786 [SCMBlockDeletingService#0] DEBUG block.SCMBlockDeletingService (SCMBlockDeletingService.java:call(136)) - Running DeletedBlockTransactionScanner
2023-03-23 08:07:03,789 [BlockDeletingService#2] INFO  interfaces.ContainerDeletionChoosingPolicyTemplate (ContainerDeletionChoosingPolicyTemplate.java:chooseContainerForBlockDeletion(83)) - Chosen 0/5000 blocks from 0 candidate containers.
2023-03-23 08:07:03,820 [BlockDeletingService#2] INFO  interfaces.ContainerDeletionChoosingPolicyTemplate (ContainerDeletionChoosingPolicyTemplate.java:chooseContainerForBlockDeletion(83)) - Chosen 0/5000 blocks from 0 candidate containers.
2023-03-23 08:07:03,820 [BlockDeletingService#2] INFO  interfaces.ContainerDeletionChoosingPolicyTemplate (ContainerDeletionChoosingPolicyTemplate.java:chooseContainerForBlockDeletion(83)) - Chosen 0/5000 blocks from 0 candidate containers.
2023-03-23 08:07:03,886 [SCMBlockDeletingService#0] DEBUG block.SCMBlockDeletingService (SCMBlockDeletingService.java:call(136)) - Running DeletedBlockTransactionScanner
2023-03-23 08:07:03,889 [BlockDeletingService#2] INFO  interfaces.ContainerDeletionChoosingPolicyTemplate (ContainerDeletionChoosingPolicyTemplate.java:chooseContainerForBlockDeletion(83)) - Chosen 0/5000 blocks from 0 candidate containers.
2023-03-23 08:07:03,920 [BlockDeletingService#2] INFO  interfaces.ContainerDeletionChoosingPolicyTemplate (ContainerDeletionChoosingPolicyTemplate.java:chooseContainerForBlockDeletion(83)) - Chosen 0/5000 blocks from 0 candidate containers.
2023-03-23 08:07:03,921 [BlockDeletingService#2] INFO  interfaces.ContainerDeletionChoosingPolicyTemplate (ContainerDeletionChoosingPolicyTemplate.java:chooseContainerForBlockDeletion(83)) - Chosen 0/5000 blocks from 0 candidate containers.
2023-03-23 08:07:03,986 [SCMBlockDeletingService#0] DEBUG block.SCMBlockDeletingService (SCMBlockDeletingService.java:call(136)) - Running DeletedBlockTransactionScanner
2023-03-23 08:07:03,990 [BlockDeletingService#2] INFO  interfaces.ContainerDeletionChoosingPolicyTemplate (ContainerDeletionChoosingPolicyTemplate.java:chooseContainerForBlockDeletion(83)) - Chosen 0/5000 blocks from 0 candidate containers.
2023-03-23 08:07:04,021 [BlockDeletingService#2] INFO  interfaces.ContainerDeletionChoosingPolicyTemplate (ContainerDeletionChoosingPolicyTemplate.java:chooseContainerForBlockDeletion(83)) - Chosen 0/5000 blocks from 0 candidate containers.
2023-03-23 08:07:04,021 [BlockDeletingService#2] INFO  interfaces.ContainerDeletionChoosingPolicyTemplate (ContainerDeletionChoosingPolicyTemplate.java:chooseContainerForBlockDeletion(83)) - Chosen 0/5000 blocks from 0 candidate containers.
2023-03-23 08:07:04,086 [SCMBlockDeletingService#0] DEBUG block.SCMBlockDeletingService (SCMBlockDeletingService.java:call(136)) - Running DeletedBlockTransactionScanner
2023-03-23 08:07:04,090 [BlockDeletingService#2] INFO  interfaces.ContainerDeletionChoosingPolicyTemplate (ContainerDeletionChoosingPolicyTemplate.java:chooseContainerForBlockDeletion(83)) - Chosen 0/5000 blocks from 0 candidate containers.
2023-03-23 08:07:04,121 [BlockDeletingService#2] INFO  interfaces.ContainerDeletionChoosingPolicyTemplate (ContainerDeletionChoosingPolicyTemplate.java:chooseContainerForBlockDeletion(83)) - Chosen 0/5000 blocks from 0 candidate containers.
2023-03-23 08:07:04,121 [BlockDeletingService#2] INFO  interfaces.ContainerDeletionChoosingPolicyTemplate (ContainerDeletionChoosingPolicyTemplate.java:chooseContainerForBlockDeletion(83)) - Chosen 0/5000 blocks from 0 candidate containers.
2023-03-23 08:07:04,186 [SCMBlockDeletingService#0] DEBUG block.SCMBlockDeletingService (SCMBlockDeletingService.java:call(136)) - Running DeletedBlockTransactionScanner
2023-03-23 08:07:04,190 [BlockDeletingService#2] INFO  interfaces.ContainerDeletionChoosingPolicyTemplate (ContainerDeletionChoosingPolicyTemplate.java:chooseContainerForBlockDeletion(83)) - Chosen 0/5000 blocks from 0 candidate containers.
2023-03-23 08:07:04,221 [BlockDeletingService#2] INFO  interfaces.ContainerDeletionChoosingPolicyTemplate (ContainerDeletionChoosingPolicyTemplate.java:chooseContainerForBlockDeletion(83)) - Chosen 0/5000 blocks from 0 candidate containers.
2023-03-23 08:07:04,221 [BlockDeletingService#2] INFO  interfaces.ContainerDeletionChoosingPolicyTemplate (ContainerDeletionChoosingPolicyTemplate.java:chooseContainerForBlockDeletion(83)) - Chosen 0/5000 blocks from 0 candidate containers.
2023-03-23 08:07:04,286 [SCMBlockDeletingService#0] DEBUG block.SCMBlockDeletingService (SCMBlockDeletingService.java:call(136)) - Running DeletedBlockTransactionScanner
2023-03-23 08:07:04,290 [BlockDeletingService#2] INFO  interfaces.ContainerDeletionChoosingPolicyTemplate (ContainerDeletionChoosingPolicyTemplate.java:chooseContainerForBlockDeletion(83)) - Chosen 0/5000 blocks from 0 candidate containers.
2023-03-23 08:07:04,322 [BlockDeletingService#2] INFO  interfaces.ContainerDeletionChoosingPolicyTemplate (ContainerDeletionChoosingPolicyTemplate.java:chooseContainerForBlockDeletion(83)) - Chosen 0/5000 blocks from 0 candidate containers.
2023-03-23 08:07:04,322 [BlockDeletingService#2] INFO  interfaces.ContainerDeletionChoosingPolicyTemplate (ContainerDeletionChoosingPolicyTemplate.java:chooseContainerForBlockDeletion(83)) - Chosen 0/5000 blocks from 0 candidate containers.
2023-03-23 08:07:04,386 [SCMBlockDeletingService#0] DEBUG block.SCMBlockDeletingService (SCMBlockDeletingService.java:call(136)) - Running DeletedBlockTransactionScanner
2023-03-23 08:07:04,390 [BlockDeletingService#2] INFO  interfaces.ContainerDeletionChoosingPolicyTemplate (ContainerDeletionChoosingPolicyTemplate.java:chooseContainerForBlockDeletion(83)) - Chosen 0/5000 blocks from 0 candidate containers.
2023-03-23 08:07:04,422 [BlockDeletingService#2] INFO  interfaces.ContainerDeletionChoosingPolicyTemplate (ContainerDeletionChoosingPolicyTemplate.java:chooseContainerForBlockDeletion(83)) - Chosen 0/5000 blocks from 0 candidate containers.
2023-03-23 08:07:04,422 [BlockDeletingService#2] INFO  interfaces.ContainerDeletionChoosingPolicyTemplate (ContainerDeletionChoosingPolicyTemplate.java:chooseContainerForBlockDeletion(83)) - Chosen 0/5000 blocks from 0 candidate containers.
2023-03-23 08:07:04,486 [SCMBlockDeletingService#0] DEBUG block.SCMBlockDeletingService (SCMBlockDeletingService.java:call(136)) - Running DeletedBlockTransactionScanner
2023-03-23 08:07:04,491 [BlockDeletingService#2] INFO  interfaces.ContainerDeletionChoosingPolicyTemplate (ContainerDeletionChoosingPolicyTemplate.java:chooseContainerForBlockDeletion(83)) - Chosen 0/5000 blocks from 0 candidate containers.
2023-03-23 08:07:04,522 [BlockDeletingService#2] INFO  interfaces.ContainerDeletionChoosingPolicyTemplate (ContainerDeletionChoosingPolicyTemplate.java:chooseContainerForBlockDeletion(83)) - Chosen 0/5000 blocks from 0 candidate containers.
2023-03-23 08:07:04,523 [BlockDeletingService#2] INFO  interfaces.ContainerDeletionChoosingPolicyTemplate (ContainerDeletionChoosingPolicyTemplate.java:chooseContainerForBlockDeletion(83)) - Chosen 0/5000 blocks from 0 candidate containers.
2023-03-23 08:07:04,586 [SCMBlockDeletingService#0] DEBUG block.SCMBlockDeletingService (SCMBlockDeletingService.java:call(136)) - Running DeletedBlockTransactionScanner
2023-03-23 08:07:04,591 [BlockDeletingService#2] INFO  interfaces.ContainerDeletionChoosingPolicyTemplate (ContainerDeletionChoosingPolicyTemplate.java:chooseContainerForBlockDeletion(83)) - Chosen 0/5000 blocks from 0 candidate containers.
2023-03-23 08:07:04,623 [BlockDeletingService#2] INFO  interfaces.ContainerDeletionChoosingPolicyTemplate (ContainerDeletionChoosingPolicyTemplate.java:chooseContainerForBlockDeletion(83)) - Chosen 0/5000 blocks from 0 candidate containers.
2023-03-23 08:07:04,623 [BlockDeletingService#2] INFO  interfaces.ContainerDeletionChoosingPolicyTemplate (ContainerDeletionChoosingPolicyTemplate.java:chooseContainerForBlockDeletion(83)) - Chosen 0/5000 blocks from 0 candidate containers.
2023-03-23 08:07:04,686 [SCMBlockDeletingService#0] DEBUG block.SCMBlockDeletingService (SCMBlockDeletingService.java:call(136)) - Running DeletedBlockTransactionScanner
2023-03-23 08:07:04,691 [BlockDeletingService#2] INFO  interfaces.ContainerDeletionChoosingPolicyTemplate (ContainerDeletionChoosingPolicyTemplate.java:chooseContainerForBlockDeletion(83)) - Chosen 0/5000 blocks from 0 candidate containers.
2023-03-23 08:07:04,723 [BlockDeletingService#2] INFO  interfaces.ContainerDeletionChoosingPolicyTemplate (ContainerDeletionChoosingPolicyTemplate.java:chooseContainerForBlockDeletion(83)) - Chosen 0/5000 blocks from 0 candidate containers.
2023-03-23 08:07:04,723 [BlockDeletingService#2] INFO  interfaces.ContainerDeletionChoosingPolicyTemplate (ContainerDeletionChoosingPolicyTemplate.java:chooseContainerForBlockDeletion(83)) - Chosen 0/5000 blocks from 0 candidate containers.
2023-03-23 08:07:04,787 [SCMBlockDeletingService#0] DEBUG block.SCMBlockDeletingService (SCMBlockDeletingService.java:call(136)) - Running DeletedBlockTransactionScanner
2023-03-23 08:07:04,791 [BlockDeletingService#2] INFO  interfaces.ContainerDeletionChoosingPolicyTemplate (ContainerDeletionChoosingPolicyTemplate.java:chooseContainerForBlockDeletion(83)) - Chosen 0/5000 blocks from 0 candidate containers.
2023-03-23 08:07:04,823 [BlockDeletingService#2] INFO  interfaces.ContainerDeletionChoosingPolicyTemplate (ContainerDeletionChoosingPolicyTemplate.java:chooseContainerForBlockDeletion(83)) - Chosen 0/5000 blocks from 0 candidate containers.
2023-03-23 08:07:04,823 [BlockDeletingService#2] INFO  interfaces.ContainerDeletionChoosingPolicyTemplate (ContainerDeletionChoosingPolicyTemplate.java:chooseContainerForBlockDeletion(83)) - Chosen 0/5000 blocks from 0 candidate containers.
2023-03-23 08:07:04,887 [SCMBlockDeletingService#0] DEBUG block.SCMBlockDeletingService (SCMBlockDeletingService.java:call(136)) - Running DeletedBlockTransactionScanner
2023-03-23 08:07:04,892 [BlockDeletingService#2] INFO  interfaces.ContainerDeletionChoosingPolicyTemplate (ContainerDeletionChoosingPolicyTemplate.java:chooseContainerForBlockDeletion(83)) - Chosen 0/5000 blocks from 0 candidate containers.
2023-03-23 08:07:04,923 [BlockDeletingService#2] INFO  interfaces.ContainerDeletionChoosingPolicyTemplate (ContainerDeletionChoosingPolicyTemplate.java:chooseContainerForBlockDeletion(83)) - Chosen 0/5000 blocks from 0 candidate containers.
2023-03-23 08:07:04,923 [BlockDeletingService#2] INFO  interfaces.ContainerDeletionChoosingPolicyTemplate (ContainerDeletionChoosingPolicyTemplate.java:chooseContainerForBlockDeletion(83)) - Chosen 0/5000 blocks from 0 candidate containers.
2023-03-23 08:07:04,987 [SCMBlockDeletingService#0] DEBUG block.SCMBlockDeletingService (SCMBlockDeletingService.java:call(136)) - Running DeletedBlockTransactionScanner
2023-03-23 08:07:04,992 [BlockDeletingService#2] INFO  interfaces.ContainerDeletionChoosingPolicyTemplate (ContainerDeletionChoosingPolicyTemplate.java:chooseContainerForBlockDeletion(83)) - Chosen 0/5000 blocks from 0 candidate containers.
2023-03-23 08:07:05,024 [BlockDeletingService#2] INFO  interfaces.ContainerDeletionChoosingPolicyTemplate (ContainerDeletionChoosingPolicyTemplate.java:chooseContainerForBlockDeletion(83)) - Chosen 0/5000 blocks from 0 candidate containers.
2023-03-23 08:07:05,024 [BlockDeletingService#2] INFO  interfaces.ContainerDeletionChoosingPolicyTemplate (ContainerDeletionChoosingPolicyTemplate.java:chooseContainerForBlockDeletion(83)) - Chosen 0/5000 blocks from 0 candidate containers.
2023-03-23 08:07:05,088 [SCMBlockDeletingService#0] DEBUG block.SCMBlockDeletingService (SCMBlockDeletingService.java:call(136)) - Running DeletedBlockTransactionScanner
2023-03-23 08:07:05,092 [BlockDeletingService#2] INFO  interfaces.ContainerDeletionChoosingPolicyTemplate (ContainerDeletionChoosingPolicyTemplate.java:chooseContainerForBlockDeletion(83)) - Chosen 0/5000 blocks from 0 candidate containers.
2023-03-23 08:07:05,124 [BlockDeletingService#2] INFO  interfaces.ContainerDeletionChoosingPolicyTemplate (ContainerDeletionChoosingPolicyTemplate.java:chooseContainerForBlockDeletion(83)) - Chosen 0/5000 blocks from 0 candidate containers.
2023-03-23 08:07:05,124 [BlockDeletingService#2] INFO  interfaces.ContainerDeletionChoosingPolicyTemplate (ContainerDeletionChoosingPolicyTemplate.java:chooseContainerForBlockDeletion(83)) - Chosen 0/5000 blocks from 0 candidate containers.
2023-03-23 08:07:05,188 [SCMBlockDeletingService#0] DEBUG block.SCMBlockDeletingService (SCMBlockDeletingService.java:call(136)) - Running DeletedBlockTransactionScanner
2023-03-23 08:07:05,192 [BlockDeletingService#2] INFO  interfaces.ContainerDeletionChoosingPolicyTemplate (ContainerDeletionChoosingPolicyTemplate.java:chooseContainerForBlockDeletion(83)) - Chosen 0/5000 blocks from 0 candidate containers.
2023-03-23 08:07:05,224 [BlockDeletingService#2] INFO  interfaces.ContainerDeletionChoosingPolicyTemplate (ContainerDeletionChoosingPolicyTemplate.java:chooseContainerForBlockDeletion(83)) - Chosen 0/5000 blocks from 0 candidate containers.
2023-03-23 08:07:05,224 [BlockDeletingService#2] INFO  interfaces.ContainerDeletionChoosingPolicyTemplate (ContainerDeletionChoosingPolicyTemplate.java:chooseContainerForBlockDeletion(83)) - Chosen 0/5000 blocks from 0 candidate containers.
2023-03-23 08:07:05,288 [SCMBlockDeletingService#0] DEBUG block.SCMBlockDeletingService (SCMBlockDeletingService.java:call(136)) - Running DeletedBlockTransactionScanner
2023-03-23 08:07:05,292 [BlockDeletingService#2] INFO  interfaces.ContainerDeletionChoosingPolicyTemplate (ContainerDeletionChoosingPolicyTemplate.java:chooseContainerForBlockDeletion(83)) - Chosen 0/5000 blocks from 0 candidate containers.
2023-03-23 08:07:05,324 [BlockDeletingService#2] INFO  interfaces.ContainerDeletionChoosingPolicyTemplate (ContainerDeletionChoosingPolicyTemplate.java:chooseContainerForBlockDeletion(83)) - Chosen 0/5000 blocks from 0 candidate containers.
2023-03-23 08:07:05,325 [BlockDeletingService#2] INFO  interfaces.ContainerDeletionChoosingPolicyTemplate (ContainerDeletionChoosingPolicyTemplate.java:chooseContainerForBlockDeletion(83)) - Chosen 0/5000 blocks from 0 candidate containers.
2023-03-23 08:07:05,388 [SCMBlockDeletingService#0] DEBUG block.SCMBlockDeletingService (SCMBlockDeletingService.java:call(136)) - Running DeletedBlockTransactionScanner
2023-03-23 08:07:05,393 [BlockDeletingService#2] INFO  interfaces.ContainerDeletionChoosingPolicyTemplate (ContainerDeletionChoosingPolicyTemplate.java:chooseContainerForBlockDeletion(83)) - Chosen 0/5000 blocks from 0 candidate containers.
2023-03-23 08:07:05,425 [BlockDeletingService#2] INFO  interfaces.ContainerDeletionChoosingPolicyTemplate (ContainerDeletionChoosingPolicyTemplate.java:chooseContainerForBlockDeletion(83)) - Chosen 0/5000 blocks from 0 candidate containers.
2023-03-23 08:07:05,425 [BlockDeletingService#2] INFO  interfaces.ContainerDeletionChoosingPolicyTemplate (ContainerDeletionChoosingPolicyTemplate.java:chooseContainerForBlockDeletion(83)) - Chosen 0/5000 blocks from 0 candidate containers.
2023-03-23 08:07:05,488 [SCMBlockDeletingService#0] DEBUG block.SCMBlockDeletingService (SCMBlockDeletingService.java:call(136)) - Running DeletedBlockTransactionScanner
2023-03-23 08:07:05,493 [BlockDeletingService#2] INFO  interfaces.ContainerDeletionChoosingPolicyTemplate (ContainerDeletionChoosingPolicyTemplate.java:chooseContainerForBlockDeletion(83)) - Chosen 0/5000 blocks from 0 candidate containers.
2023-03-23 08:07:05,525 [BlockDeletingService#2] INFO  interfaces.ContainerDeletionChoosingPolicyTemplate (ContainerDeletionChoosingPolicyTemplate.java:chooseContainerForBlockDeletion(83)) - Chosen 0/5000 blocks from 0 candidate containers.
2023-03-23 08:07:05,525 [BlockDeletingService#2] INFO  interfaces.ContainerDeletionChoosingPolicyTemplate (ContainerDeletionChoosingPolicyTemplate.java:chooseContainerForBlockDeletion(83)) - Chosen 0/5000 blocks from 0 candidate containers.
2023-03-23 08:07:05,588 [SCMBlockDeletingService#0] DEBUG block.SCMBlockDeletingService (SCMBlockDeletingService.java:call(136)) - Running DeletedBlockTransactionScanner
2023-03-23 08:07:05,593 [BlockDeletingService#2] INFO  interfaces.ContainerDeletionChoosingPolicyTemplate (ContainerDeletionChoosingPolicyTemplate.java:chooseContainerForBlockDeletion(83)) - Chosen 0/5000 blocks from 0 candidate containers.
2023-03-23 08:07:05,625 [BlockDeletingService#2] INFO  interfaces.ContainerDeletionChoosingPolicyTemplate (ContainerDeletionChoosingPolicyTemplate.java:chooseContainerForBlockDeletion(83)) - Chosen 0/5000 blocks from 0 candidate containers.
2023-03-23 08:07:05,625 [BlockDeletingService#2] INFO  interfaces.ContainerDeletionChoosingPolicyTemplate (ContainerDeletionChoosingPolicyTemplate.java:chooseContainerForBlockDeletion(83)) - Chosen 0/5000 blocks from 0 candidate containers.
2023-03-23 08:07:05,688 [SCMBlockDeletingService#0] DEBUG block.SCMBlockDeletingService (SCMBlockDeletingService.java:call(136)) - Running DeletedBlockTransactionScanner
2023-03-23 08:07:05,693 [BlockDeletingService#2] INFO  interfaces.ContainerDeletionChoosingPolicyTemplate (ContainerDeletionChoosingPolicyTemplate.java:chooseContainerForBlockDeletion(83)) - Chosen 0/5000 blocks from 0 candidate containers.
2023-03-23 08:07:05,725 [BlockDeletingService#2] INFO  interfaces.ContainerDeletionChoosingPolicyTemplate (ContainerDeletionChoosingPolicyTemplate.java:chooseContainerForBlockDeletion(83)) - Chosen 0/5000 blocks from 0 candidate containers.
2023-03-23 08:07:05,725 [BlockDeletingService#2] INFO  interfaces.ContainerDeletionChoosingPolicyTemplate (ContainerDeletionChoosingPolicyTemplate.java:chooseContainerForBlockDeletion(83)) - Chosen 0/5000 blocks from 0 candidate containers.
2023-03-23 08:07:05,788 [SCMBlockDeletingService#0] DEBUG block.SCMBlockDeletingService (SCMBlockDeletingService.java:call(136)) - Running DeletedBlockTransactionScanner
2023-03-23 08:07:05,793 [BlockDeletingService#2] INFO  interfaces.ContainerDeletionChoosingPolicyTemplate (ContainerDeletionChoosingPolicyTemplate.java:chooseContainerForBlockDeletion(83)) - Chosen 0/5000 blocks from 0 candidate containers.
2023-03-23 08:07:05,825 [BlockDeletingService#2] INFO  interfaces.ContainerDeletionChoosingPolicyTemplate (ContainerDeletionChoosingPolicyTemplate.java:chooseContainerForBlockDeletion(83)) - Chosen 0/5000 blocks from 0 candidate containers.
2023-03-23 08:07:05,826 [BlockDeletingService#2] INFO  interfaces.ContainerDeletionChoosingPolicyTemplate (ContainerDeletionChoosingPolicyTemplate.java:chooseContainerForBlockDeletion(83)) - Chosen 0/5000 blocks from 0 candidate containers.
2023-03-23 08:07:05,888 [SCMBlockDeletingService#0] DEBUG block.SCMBlockDeletingService (SCMBlockDeletingService.java:call(136)) - Running DeletedBlockTransactionScanner
2023-03-23 08:07:05,894 [BlockDeletingService#2] INFO  interfaces.ContainerDeletionChoosingPolicyTemplate (ContainerDeletionChoosingPolicyTemplate.java:chooseContainerForBlockDeletion(83)) - Chosen 0/5000 blocks from 0 candidate containers.
2023-03-23 08:07:05,926 [BlockDeletingService#2] INFO  interfaces.ContainerDeletionChoosingPolicyTemplate (ContainerDeletionChoosingPolicyTemplate.java:chooseContainerForBlockDeletion(83)) - Chosen 0/5000 blocks from 0 candidate containers.
2023-03-23 08:07:05,926 [BlockDeletingService#2] INFO  interfaces.ContainerDeletionChoosingPolicyTemplate (ContainerDeletionChoosingPolicyTemplate.java:chooseContainerForBlockDeletion(83)) - Chosen 0/5000 blocks from 0 candidate containers.
2023-03-23 08:07:05,988 [SCMBlockDeletingService#0] DEBUG block.SCMBlockDeletingService (SCMBlockDeletingService.java:call(136)) - Running DeletedBlockTransactionScanner
2023-03-23 08:07:05,994 [BlockDeletingService#2] INFO  interfaces.ContainerDeletionChoosingPolicyTemplate (ContainerDeletionChoosingPolicyTemplate.java:chooseContainerForBlockDeletion(83)) - Chosen 0/5000 blocks from 0 candidate containers.
2023-03-23 08:07:06,026 [BlockDeletingService#2] INFO  interfaces.ContainerDeletionChoosingPolicyTemplate (ContainerDeletionChoosingPolicyTemplate.java:chooseContainerForBlockDeletion(83)) - Chosen 0/5000 blocks from 0 candidate containers.
2023-03-23 08:07:06,026 [BlockDeletingService#2] INFO  interfaces.ContainerDeletionChoosingPolicyTemplate (ContainerDeletionChoosingPolicyTemplate.java:chooseContainerForBlockDeletion(83)) - Chosen 0/5000 blocks from 0 candidate containers.
2023-03-23 08:07:06,089 [SCMBlockDeletingService#0] DEBUG block.SCMBlockDeletingService (SCMBlockDeletingService.java:call(136)) - Running DeletedBlockTransactionScanner
2023-03-23 08:07:06,094 [BlockDeletingService#2] INFO  interfaces.ContainerDeletionChoosingPolicyTemplate (ContainerDeletionChoosingPolicyTemplate.java:chooseContainerForBlockDeletion(83)) - Chosen 0/5000 blocks from 0 candidate containers.
2023-03-23 08:07:06,126 [BlockDeletingService#2] INFO  interfaces.ContainerDeletionChoosingPolicyTemplate (ContainerDeletionChoosingPolicyTemplate.java:chooseContainerForBlockDeletion(83)) - Chosen 0/5000 blocks from 0 candidate containers.
2023-03-23 08:07:06,126 [BlockDeletingService#2] INFO  interfaces.ContainerDeletionChoosingPolicyTemplate (ContainerDeletionChoosingPolicyTemplate.java:chooseContainerForBlockDeletion(83)) - Chosen 0/5000 blocks from 0 candidate containers.
2023-03-23 08:07:06,189 [SCMBlockDeletingService#0] DEBUG block.SCMBlockDeletingService (SCMBlockDeletingService.java:call(136)) - Running DeletedBlockTransactionScanner
2023-03-23 08:07:06,194 [BlockDeletingService#2] INFO  interfaces.ContainerDeletionChoosingPolicyTemplate (ContainerDeletionChoosingPolicyTemplate.java:chooseContainerForBlockDeletion(83)) - Chosen 0/5000 blocks from 0 candidate containers.
2023-03-23 08:07:06,227 [BlockDeletingService#2] INFO  interfaces.ContainerDeletionChoosingPolicyTemplate (ContainerDeletionChoosingPolicyTemplate.java:chooseContainerForBlockDeletion(83)) - Chosen 0/5000 blocks from 0 candidate containers.
2023-03-23 08:07:06,227 [BlockDeletingService#2] INFO  interfaces.ContainerDeletionChoosingPolicyTemplate (ContainerDeletionChoosingPolicyTemplate.java:chooseContainerForBlockDeletion(83)) - Chosen 0/5000 blocks from 0 candidate containers.
2023-03-23 08:07:06,289 [SCMBlockDeletingService#0] DEBUG block.SCMBlockDeletingService (SCMBlockDeletingService.java:call(136)) - Running DeletedBlockTransactionScanner
2023-03-23 08:07:06,294 [BlockDeletingService#2] INFO  interfaces.ContainerDeletionChoosingPolicyTemplate (ContainerDeletionChoosingPolicyTemplate.java:chooseContainerForBlockDeletion(83)) - Chosen 0/5000 blocks from 0 candidate containers.
2023-03-23 08:07:06,327 [BlockDeletingService#2] INFO  interfaces.ContainerDeletionChoosingPolicyTemplate (ContainerDeletionChoosingPolicyTemplate.java:chooseContainerForBlockDeletion(83)) - Chosen 0/5000 blocks from 0 candidate containers.
2023-03-23 08:07:06,328 [BlockDeletingService#2] INFO  interfaces.ContainerDeletionChoosingPolicyTemplate (ContainerDeletionChoosingPolicyTemplate.java:chooseContainerForBlockDeletion(83)) - Chosen 0/5000 blocks from 0 candidate containers.
2023-03-23 08:07:06,389 [SCMBlockDeletingService#0] DEBUG block.SCMBlockDeletingService (SCMBlockDeletingService.java:call(136)) - Running DeletedBlockTransactionScanner
2023-03-23 08:07:06,395 [BlockDeletingService#2] INFO  interfaces.ContainerDeletionChoosingPolicyTemplate (ContainerDeletionChoosingPolicyTemplate.java:chooseContainerForBlockDeletion(83)) - Chosen 0/5000 blocks from 0 candidate containers.
2023-03-23 08:07:06,427 [BlockDeletingService#2] INFO  interfaces.ContainerDeletionChoosingPolicyTemplate (ContainerDeletionChoosingPolicyTemplate.java:chooseContainerForBlockDeletion(83)) - Chosen 0/5000 blocks from 0 candidate containers.
2023-03-23 08:07:06,428 [BlockDeletingService#2] INFO  interfaces.ContainerDeletionChoosingPolicyTemplate (ContainerDeletionChoosingPolicyTemplate.java:chooseContainerForBlockDeletion(83)) - Chosen 0/5000 blocks from 0 candidate containers.
2023-03-23 08:07:06,489 [SCMBlockDeletingService#0] DEBUG block.SCMBlockDeletingService (SCMBlockDeletingService.java:call(136)) - Running DeletedBlockTransactionScanner
2023-03-23 08:07:06,495 [BlockDeletingService#2] INFO  interfaces.ContainerDeletionChoosingPolicyTemplate (ContainerDeletionChoosingPolicyTemplate.java:chooseContainerForBlockDeletion(83)) - Chosen 0/5000 blocks from 0 candidate containers.
2023-03-23 08:07:06,527 [BlockDeletingService#2] INFO  interfaces.ContainerDeletionChoosingPolicyTemplate (ContainerDeletionChoosingPolicyTemplate.java:chooseContainerForBlockDeletion(83)) - Chosen 0/5000 blocks from 0 candidate containers.
2023-03-23 08:07:06,528 [BlockDeletingService#2] INFO  interfaces.ContainerDeletionChoosingPolicyTemplate (ContainerDeletionChoosingPolicyTemplate.java:chooseContainerForBlockDeletion(83)) - Chosen 0/5000 blocks from 0 candidate containers.
2023-03-23 08:07:06,589 [SCMBlockDeletingService#0] DEBUG block.SCMBlockDeletingService (SCMBlockDeletingService.java:call(136)) - Running DeletedBlockTransactionScanner
2023-03-23 08:07:06,595 [BlockDeletingService#2] INFO  interfaces.ContainerDeletionChoosingPolicyTemplate (ContainerDeletionChoosingPolicyTemplate.java:chooseContainerForBlockDeletion(83)) - Chosen 0/5000 blocks from 0 candidate containers.
2023-03-23 08:07:06,627 [BlockDeletingService#2] INFO  interfaces.ContainerDeletionChoosingPolicyTemplate (ContainerDeletionChoosingPolicyTemplate.java:chooseContainerForBlockDeletion(83)) - Chosen 0/5000 blocks from 0 candidate containers.
2023-03-23 08:07:06,628 [BlockDeletingService#2] INFO  interfaces.ContainerDeletionChoosingPolicyTemplate (ContainerDeletionChoosingPolicyTemplate.java:chooseContainerForBlockDeletion(83)) - Chosen 0/5000 blocks from 0 candidate containers.
2023-03-23 08:07:06,689 [SCMBlockDeletingService#0] DEBUG block.SCMBlockDeletingService (SCMBlockDeletingService.java:call(136)) - Running DeletedBlockTransactionScanner
2023-03-23 08:07:06,696 [BlockDeletingService#2] INFO  interfaces.ContainerDeletionChoosingPolicyTemplate (ContainerDeletionChoosingPolicyTemplate.java:chooseContainerForBlockDeletion(83)) - Chosen 0/5000 blocks from 0 candidate containers.
2023-03-23 08:07:06,728 [BlockDeletingService#2] INFO  interfaces.ContainerDeletionChoosingPolicyTemplate (ContainerDeletionChoosingPolicyTemplate.java:chooseContainerForBlockDeletion(83)) - Chosen 0/5000 blocks from 0 candidate containers.
2023-03-23 08:07:06,728 [BlockDeletingService#2] INFO  interfaces.ContainerDeletionChoosingPolicyTemplate (ContainerDeletionChoosingPolicyTemplate.java:chooseContainerForBlockDeletion(83)) - Chosen 0/5000 blocks from 0 candidate containers.
2023-03-23 08:07:06,789 [SCMBlockDeletingService#0] DEBUG block.SCMBlockDeletingService (SCMBlockDeletingService.java:call(136)) - Running DeletedBlockTransactionScanner
2023-03-23 08:07:06,796 [BlockDeletingService#2] INFO  interfaces.ContainerDeletionChoosingPolicyTemplate (ContainerDeletionChoosingPolicyTemplate.java:chooseContainerForBlockDeletion(83)) - Chosen 0/5000 blocks from 0 candidate containers.
2023-03-23 08:07:06,828 [BlockDeletingService#2] INFO  interfaces.ContainerDeletionChoosingPolicyTemplate (ContainerDeletionChoosingPolicyTemplate.java:chooseContainerForBlockDeletion(83)) - Chosen 0/5000 blocks from 0 candidate containers.
2023-03-23 08:07:06,828 [BlockDeletingService#2] INFO  interfaces.ContainerDeletionChoosingPolicyTemplate (ContainerDeletionChoosingPolicyTemplate.java:chooseContainerForBlockDeletion(83)) - Chosen 0/5000 blocks from 0 candidate containers.
2023-03-23 08:07:06,889 [SCMBlockDeletingService#0] DEBUG block.SCMBlockDeletingService (SCMBlockDeletingService.java:call(136)) - Running DeletedBlockTransactionScanner
2023-03-23 08:07:06,896 [BlockDeletingService#2] INFO  interfaces.ContainerDeletionChoosingPolicyTemplate (ContainerDeletionChoosingPolicyTemplate.java:chooseContainerForBlockDeletion(83)) - Chosen 0/5000 blocks from 0 candidate containers.
2023-03-23 08:07:06,928 [BlockDeletingService#2] INFO  interfaces.ContainerDeletionChoosingPolicyTemplate (ContainerDeletionChoosingPolicyTemplate.java:chooseContainerForBlockDeletion(83)) - Chosen 0/5000 blocks from 0 candidate containers.
2023-03-23 08:07:06,928 [BlockDeletingService#2] INFO  interfaces.ContainerDeletionChoosingPolicyTemplate (ContainerDeletionChoosingPolicyTemplate.java:chooseContainerForBlockDeletion(83)) - Chosen 0/5000 blocks from 0 candidate containers.
2023-03-23 08:07:06,989 [SCMBlockDeletingService#0] DEBUG block.SCMBlockDeletingService (SCMBlockDeletingService.java:call(136)) - Running DeletedBlockTransactionScanner
2023-03-23 08:07:06,996 [BlockDeletingService#2] INFO  interfaces.ContainerDeletionChoosingPolicyTemplate (ContainerDeletionChoosingPolicyTemplate.java:chooseContainerForBlockDeletion(83)) - Chosen 0/5000 blocks from 0 candidate containers.
2023-03-23 08:07:07,028 [BlockDeletingService#2] INFO  interfaces.ContainerDeletionChoosingPolicyTemplate (ContainerDeletionChoosingPolicyTemplate.java:chooseContainerForBlockDeletion(83)) - Chosen 0/5000 blocks from 0 candidate containers.
2023-03-23 08:07:07,029 [BlockDeletingService#2] INFO  interfaces.ContainerDeletionChoosingPolicyTemplate (ContainerDeletionChoosingPolicyTemplate.java:chooseContainerForBlockDeletion(83)) - Chosen 0/5000 blocks from 0 candidate containers.
2023-03-23 08:07:07,090 [SCMBlockDeletingService#0] DEBUG block.SCMBlockDeletingService (SCMBlockDeletingService.java:call(136)) - Running DeletedBlockTransactionScanner
2023-03-23 08:07:07,096 [BlockDeletingService#2] INFO  interfaces.ContainerDeletionChoosingPolicyTemplate (ContainerDeletionChoosingPolicyTemplate.java:chooseContainerForBlockDeletion(83)) - Chosen 0/5000 blocks from 0 candidate containers.
2023-03-23 08:07:07,129 [BlockDeletingService#2] INFO  interfaces.ContainerDeletionChoosingPolicyTemplate (ContainerDeletionChoosingPolicyTemplate.java:chooseContainerForBlockDeletion(83)) - Chosen 0/5000 blocks from 0 candidate containers.
2023-03-23 08:07:07,129 [BlockDeletingService#2] INFO  interfaces.ContainerDeletionChoosingPolicyTemplate (ContainerDeletionChoosingPolicyTemplate.java:chooseContainerForBlockDeletion(83)) - Chosen 0/5000 blocks from 0 candidate containers.
2023-03-23 08:07:07,136 [EventQueue-CloseContainerForCloseContainerEventHandler] INFO  container.CloseContainerEventHandler (CloseContainerEventHandler.java:onMessage(78)) - Close container Event triggered for container : #1, current state: OPEN
2023-03-23 08:07:07,136 [EventQueue-CloseContainerForCloseContainerEventHandler] INFO  container.CloseContainerEventHandler (CloseContainerEventHandler.java:onMessage(78)) - Close container Event triggered for container : #2, current state: OPEN
2023-03-23 08:07:07,137 [EventQueue-CloseContainerForCloseContainerEventHandler] INFO  container.CloseContainerEventHandler (CloseContainerEventHandler.java:onMessage(78)) - Close container Event triggered for container : #3, current state: OPEN
2023-03-23 08:07:07,190 [SCMBlockDeletingService#0] DEBUG block.SCMBlockDeletingService (SCMBlockDeletingService.java:call(136)) - Running DeletedBlockTransactionScanner
2023-03-23 08:07:07,197 [BlockDeletingService#2] INFO  interfaces.ContainerDeletionChoosingPolicyTemplate (ContainerDeletionChoosingPolicyTemplate.java:chooseContainerForBlockDeletion(83)) - Chosen 0/5000 blocks from 0 candidate containers.
2023-03-23 08:07:07,229 [BlockDeletingService#2] INFO  interfaces.ContainerDeletionChoosingPolicyTemplate (ContainerDeletionChoosingPolicyTemplate.java:chooseContainerForBlockDeletion(83)) - Chosen 0/5000 blocks from 0 candidate containers.
2023-03-23 08:07:07,229 [BlockDeletingService#2] INFO  interfaces.ContainerDeletionChoosingPolicyTemplate (ContainerDeletionChoosingPolicyTemplate.java:chooseContainerForBlockDeletion(83)) - Chosen 0/5000 blocks from 0 candidate containers.
2023-03-23 08:07:07,290 [SCMBlockDeletingService#0] DEBUG block.SCMBlockDeletingService (SCMBlockDeletingService.java:call(136)) - Running DeletedBlockTransactionScanner
2023-03-23 08:07:07,297 [BlockDeletingService#2] INFO  interfaces.ContainerDeletionChoosingPolicyTemplate (ContainerDeletionChoosingPolicyTemplate.java:chooseContainerForBlockDeletion(83)) - Chosen 0/5000 blocks from 0 candidate containers.
2023-03-23 08:07:07,329 [BlockDeletingService#2] INFO  interfaces.ContainerDeletionChoosingPolicyTemplate (ContainerDeletionChoosingPolicyTemplate.java:chooseContainerForBlockDeletion(83)) - Chosen 0/5000 blocks from 0 candidate containers.
2023-03-23 08:07:07,329 [BlockDeletingService#2] INFO  interfaces.ContainerDeletionChoosingPolicyTemplate (ContainerDeletionChoosingPolicyTemplate.java:chooseContainerForBlockDeletion(83)) - Chosen 0/5000 blocks from 0 candidate containers.
2023-03-23 08:07:07,390 [SCMBlockDeletingService#0] DEBUG block.SCMBlockDeletingService (SCMBlockDeletingService.java:call(136)) - Running DeletedBlockTransactionScanner
2023-03-23 08:07:07,397 [BlockDeletingService#2] INFO  interfaces.ContainerDeletionChoosingPolicyTemplate (ContainerDeletionChoosingPolicyTemplate.java:chooseContainerForBlockDeletion(83)) - Chosen 0/5000 blocks from 0 candidate containers.
2023-03-23 08:07:07,429 [BlockDeletingService#2] INFO  interfaces.ContainerDeletionChoosingPolicyTemplate (ContainerDeletionChoosingPolicyTemplate.java:chooseContainerForBlockDeletion(83)) - Chosen 0/5000 blocks from 0 candidate containers.
2023-03-23 08:07:07,429 [BlockDeletingService#2] INFO  interfaces.ContainerDeletionChoosingPolicyTemplate (ContainerDeletionChoosingPolicyTemplate.java:chooseContainerForBlockDeletion(83)) - Chosen 0/5000 blocks from 0 candidate containers.
2023-03-23 08:07:07,490 [SCMBlockDeletingService#0] DEBUG block.SCMBlockDeletingService (SCMBlockDeletingService.java:call(136)) - Running DeletedBlockTransactionScanner
2023-03-23 08:07:07,497 [BlockDeletingService#2] INFO  interfaces.ContainerDeletionChoosingPolicyTemplate (ContainerDeletionChoosingPolicyTemplate.java:chooseContainerForBlockDeletion(83)) - Chosen 0/5000 blocks from 0 candidate containers.
2023-03-23 08:07:07,502 [Command processor thread] INFO  keyvalue.KeyValueContainer (KeyValueContainer.java:flushAndSyncDB(446)) - Container 1 is synced with bcsId 0.
2023-03-23 08:07:07,502 [Command processor thread] INFO  keyvalue.KeyValueContainer (KeyValueContainer.java:flushAndSyncDB(446)) - Container 1 is synced with bcsId 0.
2023-03-23 08:07:07,504 [Command processor thread] INFO  keyvalue.KeyValueContainer (KeyValueContainer.java:close(361)) - Container 1 is closed with bcsId 0.
2023-03-23 08:07:07,505 [FixedThreadPoolWithAffinityExecutor-0-0] INFO  container.IncrementalContainerReportHandler (AbstractContainerReportHandler.java:updateContainerState(292)) - Moving container #1 to CLOSED state, datanode 266f5cc7-0c64-4a72-9a4b-104b6d67fb98(fv-az105-497.wy5h1aom0jgehahef1oyr10hrc.bx.internal.cloudapp.net/10.1.0.214) reported CLOSED replica.
2023-03-23 08:07:07,507 [Command processor thread] INFO  keyvalue.KeyValueContainer (KeyValueContainer.java:flushAndSyncDB(446)) - Container 2 is synced with bcsId 0.
2023-03-23 08:07:07,508 [Command processor thread] INFO  keyvalue.KeyValueContainer (KeyValueContainer.java:flushAndSyncDB(446)) - Container 2 is synced with bcsId 0.
2023-03-23 08:07:07,510 [Command processor thread] INFO  keyvalue.KeyValueContainer (KeyValueContainer.java:close(361)) - Container 2 is closed with bcsId 0.
2023-03-23 08:07:07,511 [FixedThreadPoolWithAffinityExecutor-0-0] INFO  container.IncrementalContainerReportHandler (AbstractContainerReportHandler.java:updateContainerState(292)) - Moving container #2 to CLOSED state, datanode 266f5cc7-0c64-4a72-9a4b-104b6d67fb98(fv-az105-497.wy5h1aom0jgehahef1oyr10hrc.bx.internal.cloudapp.net/10.1.0.214) reported CLOSED replica.
2023-03-23 08:07:07,512 [Command processor thread] INFO  keyvalue.KeyValueContainer (KeyValueContainer.java:flushAndSyncDB(446)) - Container 3 is synced with bcsId 0.
2023-03-23 08:07:07,512 [Command processor thread] INFO  keyvalue.KeyValueContainer (KeyValueContainer.java:flushAndSyncDB(446)) - Container 3 is synced with bcsId 0.
2023-03-23 08:07:07,515 [Command processor thread] INFO  keyvalue.KeyValueContainer (KeyValueContainer.java:close(361)) - Container 3 is closed with bcsId 0.
2023-03-23 08:07:07,515 [FixedThreadPoolWithAffinityExecutor-0-0] INFO  container.IncrementalContainerReportHandler (AbstractContainerReportHandler.java:updateContainerState(292)) - Moving container #3 to CLOSED state, datanode 266f5cc7-0c64-4a72-9a4b-104b6d67fb98(fv-az105-497.wy5h1aom0jgehahef1oyr10hrc.bx.internal.cloudapp.net/10.1.0.214) reported CLOSED replica.
2023-03-23 08:07:07,529 [BlockDeletingService#2] INFO  interfaces.ContainerDeletionChoosingPolicyTemplate (ContainerDeletionChoosingPolicyTemplate.java:chooseContainerForBlockDeletion(83)) - Chosen 0/5000 blocks from 0 candidate containers.
2023-03-23 08:07:07,530 [BlockDeletingService#2] INFO  interfaces.ContainerDeletionChoosingPolicyTemplate (ContainerDeletionChoosingPolicyTemplate.java:chooseContainerForBlockDeletion(83)) - Chosen 0/5000 blocks from 0 candidate containers.
2023-03-23 08:07:07,590 [SCMBlockDeletingService#0] DEBUG block.SCMBlockDeletingService (SCMBlockDeletingService.java:call(136)) - Running DeletedBlockTransactionScanner
2023-03-23 08:07:07,590 [SCMBlockDeletingService#0] DEBUG block.SCMBlockDeletingService (DatanodeDeletedBlockTransactions.java:addTransactionToDN(50)) - Transaction added: 9c0bd176-fc91-437f-a400-955ac6fa2da9 <- TX(1)
2023-03-23 08:07:07,590 [SCMBlockDeletingService#0] DEBUG block.SCMBlockDeletingService (DatanodeDeletedBlockTransactions.java:addTransactionToDN(50)) - Transaction added: 266f5cc7-0c64-4a72-9a4b-104b6d67fb98 <- TX(1)
2023-03-23 08:07:07,590 [SCMBlockDeletingService#0] DEBUG block.SCMBlockDeletingService (DatanodeDeletedBlockTransactions.java:addTransactionToDN(50)) - Transaction added: 6f5e3e4a-08bd-4bbb-984f-08bcbe860d90 <- TX(1)
2023-03-23 08:07:07,591 [SCMBlockDeletingService#0] DEBUG block.SCMBlockDeletingService (DatanodeDeletedBlockTransactions.java:addTransactionToDN(50)) - Transaction added: 6f5e3e4a-08bd-4bbb-984f-08bcbe860d90 <- TX(2)
2023-03-23 08:07:07,591 [SCMBlockDeletingService#0] DEBUG block.SCMBlockDeletingService (DatanodeDeletedBlockTransactions.java:addTransactionToDN(50)) - Transaction added: 9c0bd176-fc91-437f-a400-955ac6fa2da9 <- TX(2)
2023-03-23 08:07:07,591 [SCMBlockDeletingService#0] DEBUG block.SCMBlockDeletingService (DatanodeDeletedBlockTransactions.java:addTransactionToDN(50)) - Transaction added: 266f5cc7-0c64-4a72-9a4b-104b6d67fb98 <- TX(2)
2023-03-23 08:07:07,591 [SCMBlockDeletingService#0] DEBUG block.SCMBlockDeletingService (DatanodeDeletedBlockTransactions.java:addTransactionToDN(50)) - Transaction added: 9c0bd176-fc91-437f-a400-955ac6fa2da9 <- TX(3)
2023-03-23 08:07:07,591 [SCMBlockDeletingService#0] DEBUG block.SCMBlockDeletingService (DatanodeDeletedBlockTransactions.java:addTransactionToDN(50)) - Transaction added: 266f5cc7-0c64-4a72-9a4b-104b6d67fb98 <- TX(3)
2023-03-23 08:07:07,591 [SCMBlockDeletingService#0] DEBUG block.SCMBlockDeletingService (DatanodeDeletedBlockTransactions.java:addTransactionToDN(50)) - Transaction added: 6f5e3e4a-08bd-4bbb-984f-08bcbe860d90 <- TX(3)
2023-03-23 08:07:07,591 [SCMBlockDeletingService#0] DEBUG block.SCMBlockDeletingService (SCMBlockDeletingService.java:call(171)) - Added delete block command for datanode 266f5cc7-0c64-4a72-9a4b-104b6d67fb98 in the queue, number of delete block transactions: 3
2023-03-23 08:07:07,591 [SCMBlockDeletingService#0] DEBUG block.SCMBlockDeletingService (SCMBlockDeletingService.java:call(171)) - Added delete block command for datanode 6f5e3e4a-08bd-4bbb-984f-08bcbe860d90 in the queue, number of delete block transactions: 3
2023-03-23 08:07:07,591 [SCMBlockDeletingService#0] DEBUG block.SCMBlockDeletingService (SCMBlockDeletingService.java:call(171)) - Added delete block command for datanode 9c0bd176-fc91-437f-a400-955ac6fa2da9 in the queue, number of delete block transactions: 3
2023-03-23 08:07:07,591 [SCMBlockDeletingService#0] INFO  block.SCMBlockDeletingService (SCMBlockDeletingService.java:call(180)) - Totally added 9 blocks to be deleted for 3 datanodes, task elapsed time: 1ms
2023-03-23 08:07:07,597 [BlockDeletingService#2] INFO  interfaces.ContainerDeletionChoosingPolicyTemplate (ContainerDeletionChoosingPolicyTemplate.java:chooseContainerForBlockDeletion(83)) - Chosen 0/5000 blocks from 0 candidate containers.
2023-03-23 08:07:07,630 [BlockDeletingService#2] INFO  interfaces.ContainerDeletionChoosingPolicyTemplate (ContainerDeletionChoosingPolicyTemplate.java:chooseContainerForBlockDeletion(83)) - Chosen 0/5000 blocks from 0 candidate containers.
2023-03-23 08:07:07,630 [BlockDeletingService#2] INFO  interfaces.ContainerDeletionChoosingPolicyTemplate (ContainerDeletionChoosingPolicyTemplate.java:chooseContainerForBlockDeletion(83)) - Chosen 0/5000 blocks from 0 candidate containers.
2023-03-23 08:07:07,684 [Command processor thread] INFO  keyvalue.KeyValueContainer (KeyValueContainer.java:flushAndSyncDB(446)) - Container 1 is synced with bcsId 0.
2023-03-23 08:07:07,684 [Command processor thread] INFO  keyvalue.KeyValueContainer (KeyValueContainer.java:flushAndSyncDB(446)) - Container 1 is synced with bcsId 0.
2023-03-23 08:07:07,687 [Command processor thread] INFO  keyvalue.KeyValueContainer (KeyValueContainer.java:close(361)) - Container 1 is closed with bcsId 0.
2023-03-23 08:07:07,689 [Command processor thread] INFO  keyvalue.KeyValueContainer (KeyValueContainer.java:flushAndSyncDB(446)) - Container 2 is synced with bcsId 0.
2023-03-23 08:07:07,689 [Command processor thread] INFO  keyvalue.KeyValueContainer (KeyValueContainer.java:flushAndSyncDB(446)) - Container 2 is synced with bcsId 0.
2023-03-23 08:07:07,690 [SCMBlockDeletingService#0] DEBUG block.SCMBlockDeletingService (SCMBlockDeletingService.java:call(136)) - Running DeletedBlockTransactionScanner
2023-03-23 08:07:07,690 [SCMBlockDeletingService#0] DEBUG block.SCMBlockDeletingService (DatanodeDeletedBlockTransactions.java:addTransactionToDN(50)) - Transaction added: 9c0bd176-fc91-437f-a400-955ac6fa2da9 <- TX(1)
2023-03-23 08:07:07,690 [SCMBlockDeletingService#0] DEBUG block.SCMBlockDeletingService (DatanodeDeletedBlockTransactions.java:addTransactionToDN(50)) - Transaction added: 6f5e3e4a-08bd-4bbb-984f-08bcbe860d90 <- TX(1)
2023-03-23 08:07:07,691 [SCMBlockDeletingService#0] DEBUG block.SCMBlockDeletingService (DatanodeDeletedBlockTransactions.java:addTransactionToDN(50)) - Transaction added: 6f5e3e4a-08bd-4bbb-984f-08bcbe860d90 <- TX(2)
2023-03-23 08:07:07,691 [SCMBlockDeletingService#0] DEBUG block.SCMBlockDeletingService (DatanodeDeletedBlockTransactions.java:addTransactionToDN(50)) - Transaction added: 9c0bd176-fc91-437f-a400-955ac6fa2da9 <- TX(2)
2023-03-23 08:07:07,691 [SCMBlockDeletingService#0] DEBUG block.SCMBlockDeletingService (DatanodeDeletedBlockTransactions.java:addTransactionToDN(50)) - Transaction added: 9c0bd176-fc91-437f-a400-955ac6fa2da9 <- TX(3)
2023-03-23 08:07:07,691 [SCMBlockDeletingService#0] DEBUG block.SCMBlockDeletingService (DatanodeDeletedBlockTransactions.java:addTransactionToDN(50)) - Transaction added: 6f5e3e4a-08bd-4bbb-984f-08bcbe860d90 <- TX(3)
2023-03-23 08:07:07,691 [SCMBlockDeletingService#0] DEBUG block.SCMBlockDeletingService (SCMBlockDeletingService.java:call(171)) - Added delete block command for datanode 6f5e3e4a-08bd-4bbb-984f-08bcbe860d90 in the queue, number of delete block transactions: 3
2023-03-23 08:07:07,691 [SCMBlockDeletingService#0] DEBUG block.SCMBlockDeletingService (SCMBlockDeletingService.java:call(171)) - Added delete block command for datanode 9c0bd176-fc91-437f-a400-955ac6fa2da9 in the queue, number of delete block transactions: 3
2023-03-23 08:07:07,691 [SCMBlockDeletingService#0] INFO  block.SCMBlockDeletingService (SCMBlockDeletingService.java:call(180)) - Totally added 6 blocks to be deleted for 2 datanodes, task elapsed time: 1ms
2023-03-23 08:07:07,692 [Command processor thread] INFO  keyvalue.KeyValueContainer (KeyValueContainer.java:close(361)) - Container 2 is closed with bcsId 0.
2023-03-23 08:07:07,695 [Command processor thread] INFO  keyvalue.KeyValueContainer (KeyValueContainer.java:flushAndSyncDB(446)) - Container 3 is synced with bcsId 0.
2023-03-23 08:07:07,695 [Command processor thread] INFO  keyvalue.KeyValueContainer (KeyValueContainer.java:flushAndSyncDB(446)) - Container 3 is synced with bcsId 0.
2023-03-23 08:07:07,697 [Command processor thread] INFO  keyvalue.KeyValueContainer (KeyValueContainer.java:close(361)) - Container 3 is closed with bcsId 0.
2023-03-23 08:07:07,698 [BlockDeletingService#2] INFO  interfaces.ContainerDeletionChoosingPolicyTemplate (ContainerDeletionChoosingPolicyTemplate.java:chooseContainerForBlockDeletion(83)) - Chosen 0/5000 blocks from 0 candidate containers.
2023-03-23 08:07:07,712 [org.apache.hadoop.ozone.container.common.statemachine.commandhandler.DeleteBlocksCommandHandler$DeleteCmdWorker@2cefe68] INFO  commandhandler.DeleteBlocksCommandHandler (DeleteBlocksCommandHandler.java:processCmd(272)) - Start to delete container blocks, TXIDs=[1(0),2(0),3(0)], numOfContainers=3, numOfBlocks=3
2023-03-23 08:07:07,714 [org.apache.hadoop.ozone.container.common.statemachine.commandhandler.DeleteBlocksCommandHandler$DeleteCmdWorker@2cefe68] INFO  commandhandler.DeleteBlocksCommandHandler (DeleteBlocksCommandHandler.java:processCmd(272)) - Start to delete container blocks, TXIDs=[1(1),2(1),3(1)], numOfContainers=3, numOfBlocks=3
2023-03-23 08:07:07,718 [DeleteBlocksCommandHandlerThread-3] INFO  commandhandler.DeleteBlocksCommandHandler (DeleteBlocksCommandHandler.java:logDeleteTransaction(489)) - Delete blocks for containerId: 1 is either received out of order or retried, 1 <= 1
2023-03-23 08:07:07,721 [DeleteBlocksCommandHandlerThread-0] INFO  commandhandler.DeleteBlocksCommandHandler (DeleteBlocksCommandHandler.java:logDeleteTransaction(489)) - Delete blocks for containerId: 3 is either received out of order or retried, 3 <= 3
2023-03-23 08:07:07,722 [DeleteBlocksCommandHandlerThread-4] INFO  commandhandler.DeleteBlocksCommandHandler (DeleteBlocksCommandHandler.java:logDeleteTransaction(489)) - Delete blocks for containerId: 2 is either received out of order or retried, 2 <= 2
2023-03-23 08:07:07,730 [BlockDeletingService#2] INFO  interfaces.ContainerDeletionChoosingPolicyTemplate (ContainerDeletionChoosingPolicyTemplate.java:chooseContainerForBlockDeletion(83)) - Chosen 6/4994 blocks from 3 candidate containers.
2023-03-23 08:07:07,730 [BlockDeletingService#2] INFO  interfaces.ContainerDeletionChoosingPolicyTemplate (ContainerDeletionChoosingPolicyTemplate.java:chooseContainerForBlockDeletion(83)) - Chosen 0/5000 blocks from 0 candidate containers.
2023-03-23 08:07:07,731 [BlockDeletingService#0] INFO  impl.FilePerBlockStrategy (FilePerBlockStrategy.java:deleteChunk(252)) - Deleted block file: /home/runner/work/ozone/ozone/hadoop-ozone/integration-test/target/test-dir/MiniOzoneClusterImpl-31e8183b-455c-41dd-a5db-82de5ef729db/datanode-1/data-0/containers/hdds/31e8183b-455c-41dd-a5db-82de5ef729db/current/containerDir0/3/chunks/111677748019200003.block
2023-03-23 08:07:07,731 [BlockDeletingService#2] INFO  impl.FilePerBlockStrategy (FilePerBlockStrategy.java:deleteChunk(252)) - Deleted block file: /home/runner/work/ozone/ozone/hadoop-ozone/integration-test/target/test-dir/MiniOzoneClusterImpl-31e8183b-455c-41dd-a5db-82de5ef729db/datanode-1/data-0/containers/hdds/31e8183b-455c-41dd-a5db-82de5ef729db/current/containerDir0/1/chunks/111677748019200001.block
2023-03-23 08:07:07,732 [BlockDeletingService#0] INFO  impl.FilePerBlockStrategy (FilePerBlockStrategy.java:deleteChunk(252)) - Deleted block file: /home/runner/work/ozone/ozone/hadoop-ozone/integration-test/target/test-dir/MiniOzoneClusterImpl-31e8183b-455c-41dd-a5db-82de5ef729db/datanode-1/data-0/containers/hdds/31e8183b-455c-41dd-a5db-82de5ef729db/current/containerDir0/2/chunks/111677748019200002.block
2023-03-23 08:07:07,790 [SCMBlockDeletingService#0] DEBUG block.SCMBlockDeletingService (SCMBlockDeletingService.java:call(136)) - Running DeletedBlockTransactionScanner
2023-03-23 08:07:07,790 [SCMBlockDeletingService#0] DEBUG block.SCMBlockDeletingService (DatanodeDeletedBlockTransactions.java:addTransactionToDN(50)) - Transaction added: 266f5cc7-0c64-4a72-9a4b-104b6d67fb98 <- TX(1)
2023-03-23 08:07:07,791 [SCMBlockDeletingService#0] DEBUG block.SCMBlockDeletingService (DatanodeDeletedBlockTransactions.java:addTransactionToDN(50)) - Transaction added: 6f5e3e4a-08bd-4bbb-984f-08bcbe860d90 <- TX(1)
2023-03-23 08:07:07,791 [SCMBlockDeletingService#0] DEBUG block.SCMBlockDeletingService (DatanodeDeletedBlockTransactions.java:addTransactionToDN(50)) - Transaction added: 6f5e3e4a-08bd-4bbb-984f-08bcbe860d90 <- TX(2)
2023-03-23 08:07:07,791 [SCMBlockDeletingService#0] DEBUG block.SCMBlockDeletingService (DatanodeDeletedBlockTransactions.java:addTransactionToDN(50)) - Transaction added: 266f5cc7-0c64-4a72-9a4b-104b6d67fb98 <- TX(2)
2023-03-23 08:07:07,791 [SCMBlockDeletingService#0] DEBUG block.SCMBlockDeletingService (DatanodeDeletedBlockTransactions.java:addTransactionToDN(50)) - Transaction added: 266f5cc7-0c64-4a72-9a4b-104b6d67fb98 <- TX(3)
2023-03-23 08:07:07,791 [SCMBlockDeletingService#0] DEBUG block.SCMBlockDeletingService (DatanodeDeletedBlockTransactions.java:addTransactionToDN(50)) - Transaction added: 6f5e3e4a-08bd-4bbb-984f-08bcbe860d90 <- TX(3)
2023-03-23 08:07:07,791 [SCMBlockDeletingService#0] DEBUG block.SCMBlockDeletingService (SCMBlockDeletingService.java:call(171)) - Added delete block command for datanode 266f5cc7-0c64-4a72-9a4b-104b6d67fb98 in the queue, number of delete block transactions: 3
2023-03-23 08:07:07,791 [SCMBlockDeletingService#0] DEBUG block.SCMBlockDeletingService (SCMBlockDeletingService.java:call(171)) - Added delete block command for datanode 6f5e3e4a-08bd-4bbb-984f-08bcbe860d90 in the queue, number of delete block transactions: 3
2023-03-23 08:07:07,791 [SCMBlockDeletingService#0] INFO  block.SCMBlockDeletingService (SCMBlockDeletingService.java:call(180)) - Totally added 6 blocks to be deleted for 2 datanodes, task elapsed time: 1ms
2023-03-23 08:07:07,798 [BlockDeletingService#2] INFO  interfaces.ContainerDeletionChoosingPolicyTemplate (ContainerDeletionChoosingPolicyTemplate.java:chooseContainerForBlockDeletion(83)) - Chosen 0/5000 blocks from 0 candidate containers.
2023-03-23 08:07:07,830 [BlockDeletingService#2] INFO  interfaces.ContainerDeletionChoosingPolicyTemplate (ContainerDeletionChoosingPolicyTemplate.java:chooseContainerForBlockDeletion(83)) - Chosen 3/4997 blocks from 3 candidate containers.
2023-03-23 08:07:07,831 [BlockDeletingService#2] INFO  background.BlockDeletingService (BlockDeletingService.java:deleteViaTransactionStore(483)) - No transaction found in container 1 with pending delete block count 1
2023-03-23 08:07:07,831 [BlockDeletingService#5] INFO  background.BlockDeletingService (BlockDeletingService.java:deleteViaTransactionStore(483)) - No transaction found in container 3 with pending delete block count 1
2023-03-23 08:07:07,831 [BlockDeletingService#2] INFO  background.BlockDeletingService (BlockDeletingService.java:deleteViaTransactionStore(483)) - No transaction found in container 2 with pending delete block count 1
2023-03-23 08:07:07,831 [BlockDeletingService#2] INFO  interfaces.ContainerDeletionChoosingPolicyTemplate (ContainerDeletionChoosingPolicyTemplate.java:chooseContainerForBlockDeletion(83)) - Chosen 0/5000 blocks from 0 candidate containers.
2023-03-23 08:07:07,890 [SCMBlockDeletingService#0] DEBUG block.SCMBlockDeletingService (SCMBlockDeletingService.java:call(136)) - Running DeletedBlockTransactionScanner
2023-03-23 08:07:07,891 [SCMBlockDeletingService#0] DEBUG block.SCMBlockDeletingService (DatanodeDeletedBlockTransactions.java:addTransactionToDN(50)) - Transaction added: 9c0bd176-fc91-437f-a400-955ac6fa2da9 <- TX(1)
2023-03-23 08:07:07,891 [SCMBlockDeletingService#0] DEBUG block.SCMBlockDeletingService (DatanodeDeletedBlockTransactions.java:addTransactionToDN(50)) - Transaction added: 9c0bd176-fc91-437f-a400-955ac6fa2da9 <- TX(2)
2023-03-23 08:07:07,891 [SCMBlockDeletingService#0] DEBUG block.SCMBlockDeletingService (DatanodeDeletedBlockTransactions.java:addTransactionToDN(50)) - Transaction added: 9c0bd176-fc91-437f-a400-955ac6fa2da9 <- TX(3)
2023-03-23 08:07:07,891 [SCMBlockDeletingService#0] DEBUG block.SCMBlockDeletingService (SCMBlockDeletingService.java:call(171)) - Added delete block command for datanode 9c0bd176-fc91-437f-a400-955ac6fa2da9 in the queue, number of delete block transactions: 3
2023-03-23 08:07:07,891 [SCMBlockDeletingService#0] INFO  block.SCMBlockDeletingService (SCMBlockDeletingService.java:call(180)) - Totally added 3 blocks to be deleted for 1 datanodes, task elapsed time: 0ms
2023-03-23 08:07:07,898 [BlockDeletingService#2] INFO  interfaces.ContainerDeletionChoosingPolicyTemplate (ContainerDeletionChoosingPolicyTemplate.java:chooseContainerForBlockDeletion(83)) - Chosen 0/5000 blocks from 0 candidate containers.
2023-03-23 08:07:07,918 [EventQueue-DeleteBlockStatusForDeletedBlockLogImpl] DEBUG block.DeletedBlockLogImpl (DeletedBlockLogImpl.java:isTransactionFailed(314)) - Got block deletion ACK from datanode, TXIDs=1, success=true
2023-03-23 08:07:07,918 [EventQueue-DeleteBlockStatusForDeletedBlockLogImpl] DEBUG block.DeletedBlockLogImpl (DeletedBlockLogImpl.java:commitTransactions(292)) - Datanode txId=1 containerId=#1 committed by dnId=6f5e3e4a-08bd-4bbb-984f-08bcbe860d90
2023-03-23 08:07:07,918 [EventQueue-DeleteBlockStatusForDeletedBlockLogImpl] DEBUG block.DeletedBlockLogImpl (DeletedBlockLogImpl.java:isTransactionFailed(314)) - Got block deletion ACK from datanode, TXIDs=2, success=true
2023-03-23 08:07:07,918 [EventQueue-DeleteBlockStatusForDeletedBlockLogImpl] DEBUG block.DeletedBlockLogImpl (DeletedBlockLogImpl.java:commitTransactions(292)) - Datanode txId=2 containerId=#2 committed by dnId=6f5e3e4a-08bd-4bbb-984f-08bcbe860d90
2023-03-23 08:07:07,918 [EventQueue-DeleteBlockStatusForDeletedBlockLogImpl] DEBUG block.DeletedBlockLogImpl (DeletedBlockLogImpl.java:isTransactionFailed(314)) - Got block deletion ACK from datanode, TXIDs=3, success=true
2023-03-23 08:07:07,918 [EventQueue-DeleteBlockStatusForDeletedBlockLogImpl] DEBUG block.DeletedBlockLogImpl (DeletedBlockLogImpl.java:commitTransactions(292)) - Datanode txId=3 containerId=#3 committed by dnId=6f5e3e4a-08bd-4bbb-984f-08bcbe860d90
2023-03-23 08:07:07,918 [EventQueue-DeleteBlockStatusForDeletedBlockLogImpl] DEBUG block.DeletedBlockLogImpl (DeletedBlockLogImpl.java:isTransactionFailed(314)) - Got block deletion ACK from datanode, TXIDs=1, success=true
2023-03-23 08:07:07,918 [EventQueue-DeleteBlockStatusForDeletedBlockLogImpl] DEBUG block.DeletedBlockLogImpl (DeletedBlockLogImpl.java:commitTransactions(292)) - Datanode txId=1 containerId=#1 committed by dnId=6f5e3e4a-08bd-4bbb-984f-08bcbe860d90
2023-03-23 08:07:07,918 [EventQueue-DeleteBlockStatusForDeletedBlockLogImpl] DEBUG block.DeletedBlockLogImpl (DeletedBlockLogImpl.java:isTransactionFailed(314)) - Got block deletion ACK from datanode, TXIDs=2, success=true
2023-03-23 08:07:07,918 [EventQueue-DeleteBlockStatusForDeletedBlockLogImpl] DEBUG block.DeletedBlockLogImpl (DeletedBlockLogImpl.java:commitTransactions(292)) - Datanode txId=2 containerId=#2 committed by dnId=6f5e3e4a-08bd-4bbb-984f-08bcbe860d90
2023-03-23 08:07:07,918 [EventQueue-DeleteBlockStatusForDeletedBlockLogImpl] DEBUG block.DeletedBlockLogImpl (DeletedBlockLogImpl.java:isTransactionFailed(314)) - Got block deletion ACK from datanode, TXIDs=3, success=true
2023-03-23 08:07:07,918 [EventQueue-DeleteBlockStatusForDeletedBlockLogImpl] DEBUG block.DeletedBlockLogImpl (DeletedBlockLogImpl.java:commitTransactions(292)) - Datanode txId=3 containerId=#3 committed by dnId=6f5e3e4a-08bd-4bbb-984f-08bcbe860d90
2023-03-23 08:07:07,930 [BlockDeletingService#5] INFO  interfaces.ContainerDeletionChoosingPolicyTemplate (ContainerDeletionChoosingPolicyTemplate.java:chooseContainerForBlockDeletion(83)) - Chosen 0/5000 blocks from 0 candidate containers.
2023-03-23 08:07:07,931 [BlockDeletingService#2] INFO  interfaces.ContainerDeletionChoosingPolicyTemplate (ContainerDeletionChoosingPolicyTemplate.java:chooseContainerForBlockDeletion(83)) - Chosen 0/5000 blocks from 0 candidate containers.
2023-03-23 08:07:07,990 [SCMBlockDeletingService#0] DEBUG block.SCMBlockDeletingService (SCMBlockDeletingService.java:call(136)) - Running DeletedBlockTransactionScanner
2023-03-23 08:07:07,991 [SCMBlockDeletingService#0] DEBUG block.SCMBlockDeletingService (DatanodeDeletedBlockTransactions.java:addTransactionToDN(50)) - Transaction added: 266f5cc7-0c64-4a72-9a4b-104b6d67fb98 <- TX(1)
2023-03-23 08:07:07,991 [SCMBlockDeletingService#0] DEBUG block.SCMBlockDeletingService (DatanodeDeletedBlockTransactions.java:addTransactionToDN(50)) - Transaction added: 266f5cc7-0c64-4a72-9a4b-104b6d67fb98 <- TX(2)
2023-03-23 08:07:07,991 [SCMBlockDeletingService#0] DEBUG block.SCMBlockDeletingService (DatanodeDeletedBlockTransactions.java:addTransactionToDN(50)) - Transaction added: 266f5cc7-0c64-4a72-9a4b-104b6d67fb98 <- TX(3)
2023-03-23 08:07:07,991 [SCMBlockDeletingService#0] DEBUG block.SCMBlockDeletingService (SCMBlockDeletingService.java:call(171)) - Added delete block command for datanode 266f5cc7-0c64-4a72-9a4b-104b6d67fb98 in the queue, number of delete block transactions: 3
2023-03-23 08:07:07,991 [SCMBlockDeletingService#0] INFO  block.SCMBlockDeletingService (SCMBlockDeletingService.java:call(180)) - Totally added 3 blocks to be deleted for 1 datanodes, task elapsed time: 0ms
2023-03-23 08:07:07,998 [BlockDeletingService#2] INFO  interfaces.ContainerDeletionChoosingPolicyTemplate (ContainerDeletionChoosingPolicyTemplate.java:chooseContainerForBlockDeletion(83)) - Chosen 0/5000 blocks from 0 candidate containers.
2023-03-23 08:07:08,031 [BlockDeletingService#5] INFO  interfaces.ContainerDeletionChoosingPolicyTemplate (ContainerDeletionChoosingPolicyTemplate.java:chooseContainerForBlockDeletion(83)) - Chosen 0/5000 blocks from 0 candidate containers.
2023-03-23 08:07:08,031 [BlockDeletingService#2] INFO  interfaces.ContainerDeletionChoosingPolicyTemplate (ContainerDeletionChoosingPolicyTemplate.java:chooseContainerForBlockDeletion(83)) - Chosen 0/5000 blocks from 0 candidate containers.
2023-03-23 08:07:08,088 [Command processor thread] INFO  keyvalue.KeyValueContainer (KeyValueContainer.java:flushAndSyncDB(446)) - Container 1 is synced with bcsId 0.
2023-03-23 08:07:08,088 [Command processor thread] INFO  keyvalue.KeyValueContainer (KeyValueContainer.java:flushAndSyncDB(446)) - Container 1 is synced with bcsId 0.
2023-03-23 08:07:08,091 [SCMBlockDeletingService#0] DEBUG block.SCMBlockDeletingService (SCMBlockDeletingService.java:call(136)) - Running DeletedBlockTransactionScanner
2023-03-23 08:07:08,092 [SCMBlockDeletingService#0] DEBUG block.SCMBlockDeletingService (DatanodeDeletedBlockTransactions.java:addTransactionToDN(50)) - Transaction added: 9c0bd176-fc91-437f-a400-955ac6fa2da9 <- TX(1)
2023-03-23 08:07:08,092 [SCMBlockDeletingService#0] DEBUG block.SCMBlockDeletingService (DatanodeDeletedBlockTransactions.java:addTransactionToDN(50)) - Transaction added: 9c0bd176-fc91-437f-a400-955ac6fa2da9 <- TX(2)
2023-03-23 08:07:08,092 [SCMBlockDeletingService#0] DEBUG block.SCMBlockDeletingService (DatanodeDeletedBlockTransactions.java:addTransactionToDN(50)) - Transaction added: 9c0bd176-fc91-437f-a400-955ac6fa2da9 <- TX(3)
2023-03-23 08:07:08,092 [SCMBlockDeletingService#0] DEBUG block.SCMBlockDeletingService (SCMBlockDeletingService.java:call(171)) - Added delete block command for datanode 9c0bd176-fc91-437f-a400-955ac6fa2da9 in the queue, number of delete block transactions: 3
2023-03-23 08:07:08,092 [SCMBlockDeletingService#0] INFO  block.SCMBlockDeletingService (SCMBlockDeletingService.java:call(180)) - Totally added 3 blocks to be deleted for 1 datanodes, task elapsed time: 0ms
2023-03-23 08:07:08,093 [Command processor thread] INFO  keyvalue.KeyValueContainer (KeyValueContainer.java:close(361)) - Container 1 is closed with bcsId 0.
2023-03-23 08:07:08,096 [Command processor thread] INFO  keyvalue.KeyValueContainer (KeyValueContainer.java:flushAndSyncDB(446)) - Container 2 is synced with bcsId 0.
2023-03-23 08:07:08,096 [Command processor thread] INFO  keyvalue.KeyValueContainer (KeyValueContainer.java:flushAndSyncDB(446)) - Container 2 is synced with bcsId 0.
2023-03-23 08:07:08,098 [Command processor thread] INFO  keyvalue.KeyValueContainer (KeyValueContainer.java:close(361)) - Container 2 is closed with bcsId 0.
2023-03-23 08:07:08,099 [BlockDeletingService#2] INFO  interfaces.ContainerDeletionChoosingPolicyTemplate (ContainerDeletionChoosingPolicyTemplate.java:chooseContainerForBlockDeletion(83)) - Chosen 0/5000 blocks from 0 candidate containers.
2023-03-23 08:07:08,101 [Command processor thread] INFO  keyvalue.KeyValueContainer (KeyValueContainer.java:flushAndSyncDB(446)) - Container 3 is synced with bcsId 0.
2023-03-23 08:07:08,101 [Command processor thread] INFO  keyvalue.KeyValueContainer (KeyValueContainer.java:flushAndSyncDB(446)) - Container 3 is synced with bcsId 0.
2023-03-23 08:07:08,104 [Command processor thread] INFO  keyvalue.KeyValueContainer (KeyValueContainer.java:close(361)) - Container 3 is closed with bcsId 0.
2023-03-23 08:07:08,131 [BlockDeletingService#5] INFO  interfaces.ContainerDeletionChoosingPolicyTemplate (ContainerDeletionChoosingPolicyTemplate.java:chooseContainerForBlockDeletion(83)) - Chosen 0/5000 blocks from 0 candidate containers.
2023-03-23 08:07:08,132 [BlockDeletingService#2] INFO  interfaces.ContainerDeletionChoosingPolicyTemplate (ContainerDeletionChoosingPolicyTemplate.java:chooseContainerForBlockDeletion(83)) - Chosen 0/5000 blocks from 0 candidate containers.
2023-03-23 08:07:08,149 [org.apache.hadoop.ozone.container.common.statemachine.commandhandler.DeleteBlocksCommandHandler$DeleteCmdWorker@57979fd9] INFO  commandhandler.DeleteBlocksCommandHandler (DeleteBlocksCommandHandler.java:processCmd(272)) - Start to delete container blocks, TXIDs=[1(0),2(0),3(0)], numOfContainers=3, numOfBlocks=3
2023-03-23 08:07:08,150 [org.apache.hadoop.ozone.container.common.statemachine.commandhandler.DeleteBlocksCommandHandler$DeleteCmdWorker@57979fd9] INFO  commandhandler.DeleteBlocksCommandHandler (DeleteBlocksCommandHandler.java:processCmd(272)) - Start to delete container blocks, TXIDs=[1(1),2(1),3(1)], numOfContainers=3, numOfBlocks=3
2023-03-23 08:07:08,154 [DeleteBlocksCommandHandlerThread-3] INFO  commandhandler.DeleteBlocksCommandHandler (DeleteBlocksCommandHandler.java:logDeleteTransaction(489)) - Delete blocks for containerId: 1 is either received out of order or retried, 1 <= 1
2023-03-23 08:07:08,161 [DeleteBlocksCommandHandlerThread-0] INFO  commandhandler.DeleteBlocksCommandHandler (DeleteBlocksCommandHandler.java:logDeleteTransaction(489)) - Delete blocks for containerId: 3 is either received out of order or retried, 3 <= 3
2023-03-23 08:07:08,161 [DeleteBlocksCommandHandlerThread-4] INFO  commandhandler.DeleteBlocksCommandHandler (DeleteBlocksCommandHandler.java:logDeleteTransaction(489)) - Delete blocks for containerId: 2 is either received out of order or retried, 2 <= 2
2023-03-23 08:07:08,161 [org.apache.hadoop.ozone.container.common.statemachine.commandhandler.DeleteBlocksCommandHandler$DeleteCmdWorker@57979fd9] INFO  commandhandler.DeleteBlocksCommandHandler (DeleteBlocksCommandHandler.java:processCmd(272)) - Start to delete container blocks, TXIDs=[1(3),2(3),3(3)], numOfContainers=3, numOfBlocks=3
2023-03-23 08:07:08,161 [DeleteBlocksCommandHandlerThread-1] INFO  commandhandler.DeleteBlocksCommandHandler (DeleteBlocksCommandHandler.java:logDeleteTransaction(489)) - Delete blocks for containerId: 1 is either received out of order or retried, 1 <= 1
2023-03-23 08:07:08,161 [DeleteBlocksCommandHandlerThread-1] INFO  commandhandler.DeleteBlocksCommandHandler (DeleteBlocksCommandHandler.java:logDeleteTransaction(489)) - Delete blocks for containerId: 2 is either received out of order or retried, 2 <= 2
2023-03-23 08:07:08,162 [DeleteBlocksCommandHandlerThread-1] INFO  commandhandler.DeleteBlocksCommandHandler (DeleteBlocksCommandHandler.java:logDeleteTransaction(489)) - Delete blocks for containerId: 3 is either received out of order or retried, 3 <= 3
2023-03-23 08:07:08,162 [org.apache.hadoop.ozone.container.common.statemachine.commandhandler.DeleteBlocksCommandHandler$DeleteCmdWorker@57979fd9] INFO  commandhandler.DeleteBlocksCommandHandler (DeleteBlocksCommandHandler.java:processCmd(272)) - Start to delete container blocks, TXIDs=[1(5),2(5),3(5)], numOfContainers=3, numOfBlocks=3
2023-03-23 08:07:08,162 [DeleteBlocksCommandHandlerThread-1] INFO  commandhandler.DeleteBlocksCommandHandler (DeleteBlocksCommandHandler.java:logDeleteTransaction(489)) - Delete blocks for containerId: 1 is either received out of order or retried, 1 <= 1
2023-03-23 08:07:08,162 [DeleteBlocksCommandHandlerThread-1] INFO  commandhandler.DeleteBlocksCommandHandler (DeleteBlocksCommandHandler.java:logDeleteTransaction(489)) - Delete blocks for containerId: 2 is either received out of order or retried, 2 <= 2
2023-03-23 08:07:08,162 [DeleteBlocksCommandHandlerThread-1] INFO  commandhandler.DeleteBlocksCommandHandler (DeleteBlocksCommandHandler.java:logDeleteTransaction(489)) - Delete blocks for containerId: 3 is either received out of order or retried, 3 <= 3
2023-03-23 08:07:08,191 [SCMBlockDeletingService#0] DEBUG block.SCMBlockDeletingService (SCMBlockDeletingService.java:call(136)) - Running DeletedBlockTransactionScanner
2023-03-23 08:07:08,192 [SCMBlockDeletingService#0] DEBUG block.SCMBlockDeletingService (DatanodeDeletedBlockTransactions.java:addTransactionToDN(50)) - Transaction added: 9c0bd176-fc91-437f-a400-955ac6fa2da9 <- TX(1)
2023-03-23 08:07:08,192 [SCMBlockDeletingService#0] DEBUG block.SCMBlockDeletingService (DatanodeDeletedBlockTransactions.java:addTransactionToDN(50)) - Transaction added: 266f5cc7-0c64-4a72-9a4b-104b6d67fb98 <- TX(1)
2023-03-23 08:07:08,192 [SCMBlockDeletingService#0] DEBUG block.SCMBlockDeletingService (DatanodeDeletedBlockTransactions.java:addTransactionToDN(50)) - Transaction added: 9c0bd176-fc91-437f-a400-955ac6fa2da9 <- TX(2)
2023-03-23 08:07:08,192 [SCMBlockDeletingService#0] DEBUG block.SCMBlockDeletingService (DatanodeDeletedBlockTransactions.java:addTransactionToDN(50)) - Transaction added: 266f5cc7-0c64-4a72-9a4b-104b6d67fb98 <- TX(2)
2023-03-23 08:07:08,192 [SCMBlockDeletingService#0] DEBUG block.SCMBlockDeletingService (DatanodeDeletedBlockTransactions.java:addTransactionToDN(50)) - Transaction added: 9c0bd176-fc91-437f-a400-955ac6fa2da9 <- TX(3)
2023-03-23 08:07:08,192 [SCMBlockDeletingService#0] DEBUG block.SCMBlockDeletingService (DatanodeDeletedBlockTransactions.java:addTransactionToDN(50)) - Transaction added: 266f5cc7-0c64-4a72-9a4b-104b6d67fb98 <- TX(3)
2023-03-23 08:07:08,192 [SCMBlockDeletingService#0] DEBUG block.SCMBlockDeletingService (SCMBlockDeletingService.java:call(171)) - Added delete block command for datanode 266f5cc7-0c64-4a72-9a4b-104b6d67fb98 in the queue, number of delete block transactions: 3
2023-03-23 08:07:08,192 [SCMBlockDeletingService#0] DEBUG block.SCMBlockDeletingService (SCMBlockDeletingService.java:call(171)) - Added delete block command for datanode 9c0bd176-fc91-437f-a400-955ac6fa2da9 in the queue, number of delete block transactions: 3
2023-03-23 08:07:08,192 [SCMBlockDeletingService#0] INFO  block.SCMBlockDeletingService (SCMBlockDeletingService.java:call(180)) - Totally added 6 blocks to be deleted for 2 datanodes, task elapsed time: 0ms
2023-03-23 08:07:08,199 [BlockDeletingService#2] INFO  interfaces.ContainerDeletionChoosingPolicyTemplate (ContainerDeletionChoosingPolicyTemplate.java:chooseContainerForBlockDeletion(83)) - Chosen 0/5000 blocks from 0 candidate containers.
2023-03-23 08:07:08,231 [BlockDeletingService#5] INFO  interfaces.ContainerDeletionChoosingPolicyTemplate (ContainerDeletionChoosingPolicyTemplate.java:chooseContainerForBlockDeletion(83)) - Chosen 0/5000 blocks from 0 candidate containers.
2023-03-23 08:07:08,232 [BlockDeletingService#2] INFO  interfaces.ContainerDeletionChoosingPolicyTemplate (ContainerDeletionChoosingPolicyTemplate.java:chooseContainerForBlockDeletion(83)) - Chosen 12/4988 blocks from 3 candidate containers.
2023-03-23 08:07:08,233 [BlockDeletingService#8] INFO  impl.FilePerBlockStrategy (FilePerBlockStrategy.java:deleteChunk(252)) - Deleted block file: /home/runner/work/ozone/ozone/hadoop-ozone/integration-test/target/test-dir/MiniOzoneClusterImpl-31e8183b-455c-41dd-a5db-82de5ef729db/datanode-2/data-0/containers/hdds/31e8183b-455c-41dd-a5db-82de5ef729db/current/containerDir0/3/chunks/111677748019200003.block
2023-03-23 08:07:08,233 [BlockDeletingService#2] INFO  impl.FilePerBlockStrategy (FilePerBlockStrategy.java:deleteChunk(252)) - Deleted block file: /home/runner/work/ozone/ozone/hadoop-ozone/integration-test/target/test-dir/MiniOzoneClusterImpl-31e8183b-455c-41dd-a5db-82de5ef729db/datanode-2/data-0/containers/hdds/31e8183b-455c-41dd-a5db-82de5ef729db/current/containerDir0/1/chunks/111677748019200001.block
2023-03-23 08:07:08,234 [BlockDeletingService#8] INFO  impl.FilePerBlockStrategy (FilePerBlockStrategy.java:deleteChunk(252)) - Deleted block file: /home/runner/work/ozone/ozone/hadoop-ozone/integration-test/target/test-dir/MiniOzoneClusterImpl-31e8183b-455c-41dd-a5db-82de5ef729db/datanode-2/data-0/containers/hdds/31e8183b-455c-41dd-a5db-82de5ef729db/current/containerDir0/2/chunks/111677748019200002.block
2023-03-23 08:07:08,292 [SCMBlockDeletingService#0] DEBUG block.SCMBlockDeletingService (SCMBlockDeletingService.java:call(136)) - Running DeletedBlockTransactionScanner
2023-03-23 08:07:08,299 [BlockDeletingService#2] INFO  interfaces.ContainerDeletionChoosingPolicyTemplate (ContainerDeletionChoosingPolicyTemplate.java:chooseContainerForBlockDeletion(83)) - Chosen 0/5000 blocks from 0 candidate containers.
2023-03-23 08:07:08,306 [EventQueue-DeleteBlockStatusForDeletedBlockLogImpl] DEBUG block.DeletedBlockLogImpl (DeletedBlockLogImpl.java:isTransactionFailed(314)) - Got block deletion ACK from datanode, TXIDs=1, success=true
2023-03-23 08:07:08,306 [EventQueue-DeleteBlockStatusForDeletedBlockLogImpl] DEBUG block.DeletedBlockLogImpl (DeletedBlockLogImpl.java:commitTransactions(292)) - Datanode txId=1 containerId=#1 committed by dnId=9c0bd176-fc91-437f-a400-955ac6fa2da9
2023-03-23 08:07:08,306 [EventQueue-DeleteBlockStatusForDeletedBlockLogImpl] DEBUG block.DeletedBlockLogImpl (DeletedBlockLogImpl.java:isTransactionFailed(314)) - Got block deletion ACK from datanode, TXIDs=2, success=true
2023-03-23 08:07:08,306 [EventQueue-DeleteBlockStatusForDeletedBlockLogImpl] DEBUG block.DeletedBlockLogImpl (DeletedBlockLogImpl.java:commitTransactions(292)) - Datanode txId=2 containerId=#2 committed by dnId=9c0bd176-fc91-437f-a400-955ac6fa2da9
2023-03-23 08:07:08,306 [EventQueue-DeleteBlockStatusForDeletedBlockLogImpl] DEBUG block.DeletedBlockLogImpl (DeletedBlockLogImpl.java:isTransactionFailed(314)) - Got block deletion ACK from datanode, TXIDs=3, success=true
2023-03-23 08:07:08,306 [EventQueue-DeleteBlockStatusForDeletedBlockLogImpl] DEBUG block.DeletedBlockLogImpl (DeletedBlockLogImpl.java:commitTransactions(292)) - Datanode txId=3 containerId=#3 committed by dnId=9c0bd176-fc91-437f-a400-955ac6fa2da9
2023-03-23 08:07:08,306 [EventQueue-DeleteBlockStatusForDeletedBlockLogImpl] DEBUG block.DeletedBlockLogImpl (DeletedBlockLogImpl.java:isTransactionFailed(314)) - Got block deletion ACK from datanode, TXIDs=1, success=true
2023-03-23 08:07:08,306 [EventQueue-DeleteBlockStatusForDeletedBlockLogImpl] DEBUG block.DeletedBlockLogImpl (DeletedBlockLogImpl.java:commitTransactions(292)) - Datanode txId=1 containerId=#1 committed by dnId=9c0bd176-fc91-437f-a400-955ac6fa2da9
2023-03-23 08:07:08,306 [EventQueue-DeleteBlockStatusForDeletedBlockLogImpl] DEBUG block.DeletedBlockLogImpl (DeletedBlockLogImpl.java:isTransactionFailed(314)) - Got block deletion ACK from datanode, TXIDs=2, success=true
2023-03-23 08:07:08,306 [EventQueue-DeleteBlockStatusForDeletedBlockLogImpl] DEBUG block.DeletedBlockLogImpl (DeletedBlockLogImpl.java:commitTransactions(292)) - Datanode txId=2 containerId=#2 committed by dnId=9c0bd176-fc91-437f-a400-955ac6fa2da9
2023-03-23 08:07:08,306 [EventQueue-DeleteBlockStatusForDeletedBlockLogImpl] DEBUG block.DeletedBlockLogImpl (DeletedBlockLogImpl.java:isTransactionFailed(314)) - Got block deletion ACK from datanode, TXIDs=3, success=true
2023-03-23 08:07:08,306 [EventQueue-DeleteBlockStatusForDeletedBlockLogImpl] DEBUG block.DeletedBlockLogImpl (DeletedBlockLogImpl.java:commitTransactions(292)) - Datanode txId=3 containerId=#3 committed by dnId=9c0bd176-fc91-437f-a400-955ac6fa2da9
2023-03-23 08:07:08,306 [EventQueue-DeleteBlockStatusForDeletedBlockLogImpl] DEBUG block.DeletedBlockLogImpl (DeletedBlockLogImpl.java:isTransactionFailed(314)) - Got block deletion ACK from datanode, TXIDs=1, success=true
2023-03-23 08:07:08,307 [EventQueue-DeleteBlockStatusForDeletedBlockLogImpl] DEBUG block.DeletedBlockLogImpl (DeletedBlockLogImpl.java:commitTransactions(292)) - Datanode txId=1 containerId=#1 committed by dnId=9c0bd176-fc91-437f-a400-955ac6fa2da9
2023-03-23 08:07:08,307 [EventQueue-DeleteBlockStatusForDeletedBlockLogImpl] DEBUG block.DeletedBlockLogImpl (DeletedBlockLogImpl.java:isTransactionFailed(314)) - Got block deletion ACK from datanode, TXIDs=2, success=true
2023-03-23 08:07:08,307 [EventQueue-DeleteBlockStatusForDeletedBlockLogImpl] DEBUG block.DeletedBlockLogImpl (DeletedBlockLogImpl.java:commitTransactions(292)) - Datanode txId=2 containerId=#2 committed by dnId=9c0bd176-fc91-437f-a400-955ac6fa2da9
2023-03-23 08:07:08,307 [EventQueue-DeleteBlockStatusForDeletedBlockLogImpl] DEBUG block.DeletedBlockLogImpl (DeletedBlockLogImpl.java:isTransactionFailed(314)) - Got block deletion ACK from datanode, TXIDs=3, success=true
2023-03-23 08:07:08,307 [EventQueue-DeleteBlockStatusForDeletedBlockLogImpl] DEBUG block.DeletedBlockLogImpl (DeletedBlockLogImpl.java:commitTransactions(292)) - Datanode txId=3 containerId=#3 committed by dnId=9c0bd176-fc91-437f-a400-955ac6fa2da9
2023-03-23 08:07:08,307 [EventQueue-DeleteBlockStatusForDeletedBlockLogImpl] DEBUG block.DeletedBlockLogImpl (DeletedBlockLogImpl.java:isTransactionFailed(314)) - Got block deletion ACK from datanode, TXIDs=1, success=true
2023-03-23 08:07:08,307 [EventQueue-DeleteBlockStatusForDeletedBlockLogImpl] DEBUG block.DeletedBlockLogImpl (DeletedBlockLogImpl.java:commitTransactions(292)) - Datanode txId=1 containerId=#1 committed by dnId=9c0bd176-fc91-437f-a400-955ac6fa2da9
2023-03-23 08:07:08,307 [EventQueue-DeleteBlockStatusForDeletedBlockLogImpl] DEBUG block.DeletedBlockLogImpl (DeletedBlockLogImpl.java:isTransactionFailed(314)) - Got block deletion ACK from datanode, TXIDs=2, success=true
2023-03-23 08:07:08,307 [EventQueue-DeleteBlockStatusForDeletedBlockLogImpl] DEBUG block.DeletedBlockLogImpl (DeletedBlockLogImpl.java:commitTransactions(292)) - Datanode txId=2 containerId=#2 committed by dnId=9c0bd176-fc91-437f-a400-955ac6fa2da9
2023-03-23 08:07:08,307 [EventQueue-DeleteBlockStatusForDeletedBlockLogImpl] DEBUG block.DeletedBlockLogImpl (DeletedBlockLogImpl.java:isTransactionFailed(314)) - Got block deletion ACK from datanode, TXIDs=3, success=true
2023-03-23 08:07:08,307 [EventQueue-DeleteBlockStatusForDeletedBlockLogImpl] DEBUG block.DeletedBlockLogImpl (DeletedBlockLogImpl.java:commitTransactions(292)) - Datanode txId=3 containerId=#3 committed by dnId=9c0bd176-fc91-437f-a400-955ac6fa2da9
2023-03-23 08:07:08,331 [BlockDeletingService#5] INFO  interfaces.ContainerDeletionChoosingPolicyTemplate (ContainerDeletionChoosingPolicyTemplate.java:chooseContainerForBlockDeletion(83)) - Chosen 0/5000 blocks from 0 candidate containers.
2023-03-23 08:07:08,332 [BlockDeletingService#2] INFO  interfaces.ContainerDeletionChoosingPolicyTemplate (ContainerDeletionChoosingPolicyTemplate.java:chooseContainerForBlockDeletion(83)) - Chosen 9/4991 blocks from 3 candidate containers.
2023-03-23 08:07:08,332 [BlockDeletingService#2] INFO  background.BlockDeletingService (BlockDeletingService.java:deleteViaTransactionStore(483)) - No transaction found in container 1 with pending delete block count 3
2023-03-23 08:07:08,332 [BlockDeletingService#1] INFO  background.BlockDeletingService (BlockDeletingService.java:deleteViaTransactionStore(483)) - No transaction found in container 3 with pending delete block count 3
2023-03-23 08:07:08,333 [BlockDeletingService#2] INFO  background.BlockDeletingService (BlockDeletingService.java:deleteViaTransactionStore(483)) - No transaction found in container 2 with pending delete block count 3
2023-03-23 08:07:08,392 [SCMBlockDeletingService#0] DEBUG block.SCMBlockDeletingService (SCMBlockDeletingService.java:call(136)) - Running DeletedBlockTransactionScanner
2023-03-23 08:07:08,392 [SCMBlockDeletingService#0] DEBUG block.SCMBlockDeletingService (DatanodeDeletedBlockTransactions.java:addTransactionToDN(50)) - Transaction added: 266f5cc7-0c64-4a72-9a4b-104b6d67fb98 <- TX(1)
2023-03-23 08:07:08,392 [SCMBlockDeletingService#0] DEBUG block.SCMBlockDeletingService (DatanodeDeletedBlockTransactions.java:addTransactionToDN(50)) - Transaction added: 266f5cc7-0c64-4a72-9a4b-104b6d67fb98 <- TX(2)
2023-03-23 08:07:08,392 [SCMBlockDeletingService#0] DEBUG block.SCMBlockDeletingService (DatanodeDeletedBlockTransactions.java:addTransactionToDN(50)) - Transaction added: 266f5cc7-0c64-4a72-9a4b-104b6d67fb98 <- TX(3)
2023-03-23 08:07:08,392 [SCMBlockDeletingService#0] DEBUG block.SCMBlockDeletingService (SCMBlockDeletingService.java:call(171)) - Added delete block command for datanode 266f5cc7-0c64-4a72-9a4b-104b6d67fb98 in the queue, number of delete block transactions: 3
2023-03-23 08:07:08,392 [SCMBlockDeletingService#0] INFO  block.SCMBlockDeletingService (SCMBlockDeletingService.java:call(180)) - Totally added 3 blocks to be deleted for 1 datanodes, task elapsed time: 1ms
2023-03-23 08:07:08,399 [BlockDeletingService#2] INFO  interfaces.ContainerDeletionChoosingPolicyTemplate (ContainerDeletionChoosingPolicyTemplate.java:chooseContainerForBlockDeletion(83)) - Chosen 0/5000 blocks from 0 candidate containers.
2023-03-23 08:07:08,432 [BlockDeletingService#5] INFO  interfaces.ContainerDeletionChoosingPolicyTemplate (ContainerDeletionChoosingPolicyTemplate.java:chooseContainerForBlockDeletion(83)) - Chosen 0/5000 blocks from 0 candidate containers.
2023-03-23 08:07:08,432 [BlockDeletingService#1] INFO  interfaces.ContainerDeletionChoosingPolicyTemplate (ContainerDeletionChoosingPolicyTemplate.java:chooseContainerForBlockDeletion(83)) - Chosen 0/5000 blocks from 0 candidate containers.
2023-03-23 08:07:08,492 [SCMBlockDeletingService#0] DEBUG block.SCMBlockDeletingService (SCMBlockDeletingService.java:call(136)) - Running DeletedBlockTransactionScanner
2023-03-23 08:07:08,499 [BlockDeletingService#2] INFO  interfaces.ContainerDeletionChoosingPolicyTemplate (ContainerDeletionChoosingPolicyTemplate.java:chooseContainerForBlockDeletion(83)) - Chosen 0/5000 blocks from 0 candidate containers.
2023-03-23 08:07:08,532 [BlockDeletingService#5] INFO  interfaces.ContainerDeletionChoosingPolicyTemplate (ContainerDeletionChoosingPolicyTemplate.java:chooseContainerForBlockDeletion(83)) - Chosen 0/5000 blocks from 0 candidate containers.
2023-03-23 08:07:08,532 [BlockDeletingService#1] INFO  interfaces.ContainerDeletionChoosingPolicyTemplate (ContainerDeletionChoosingPolicyTemplate.java:chooseContainerForBlockDeletion(83)) - Chosen 0/5000 blocks from 0 candidate containers.
2023-03-23 08:07:08,592 [SCMBlockDeletingService#0] DEBUG block.SCMBlockDeletingService (SCMBlockDeletingService.java:call(136)) - Running DeletedBlockTransactionScanner
2023-03-23 08:07:08,592 [SCMBlockDeletingService#0] DEBUG block.SCMBlockDeletingService (DatanodeDeletedBlockTransactions.java:addTransactionToDN(50)) - Transaction added: 266f5cc7-0c64-4a72-9a4b-104b6d67fb98 <- TX(1)
2023-03-23 08:07:08,592 [SCMBlockDeletingService#0] DEBUG block.SCMBlockDeletingService (DatanodeDeletedBlockTransactions.java:addTransactionToDN(50)) - Transaction added: 266f5cc7-0c64-4a72-9a4b-104b6d67fb98 <- TX(2)
2023-03-23 08:07:08,592 [SCMBlockDeletingService#0] DEBUG block.SCMBlockDeletingService (DatanodeDeletedBlockTransactions.java:addTransactionToDN(50)) - Transaction added: 266f5cc7-0c64-4a72-9a4b-104b6d67fb98 <- TX(3)
2023-03-23 08:07:08,593 [SCMBlockDeletingService#0] DEBUG block.SCMBlockDeletingService (SCMBlockDeletingService.java:call(171)) - Added delete block command for datanode 266f5cc7-0c64-4a72-9a4b-104b6d67fb98 in the queue, number of delete block transactions: 3
2023-03-23 08:07:08,593 [SCMBlockDeletingService#0] INFO  block.SCMBlockDeletingService (SCMBlockDeletingService.java:call(180)) - Totally added 3 blocks to be deleted for 1 datanodes, task elapsed time: 1ms
2023-03-23 08:07:08,600 [BlockDeletingService#2] INFO  interfaces.ContainerDeletionChoosingPolicyTemplate (ContainerDeletionChoosingPolicyTemplate.java:chooseContainerForBlockDeletion(83)) - Chosen 0/5000 blocks from 0 candidate containers.
2023-03-23 08:07:08,632 [BlockDeletingService#5] INFO  interfaces.ContainerDeletionChoosingPolicyTemplate (ContainerDeletionChoosingPolicyTemplate.java:chooseContainerForBlockDeletion(83)) - Chosen 0/5000 blocks from 0 candidate containers.
2023-03-23 08:07:08,633 [BlockDeletingService#1] INFO  interfaces.ContainerDeletionChoosingPolicyTemplate (ContainerDeletionChoosingPolicyTemplate.java:chooseContainerForBlockDeletion(83)) - Chosen 0/5000 blocks from 0 candidate containers.
2023-03-23 08:07:08,692 [SCMBlockDeletingService#0] DEBUG block.SCMBlockDeletingService (SCMBlockDeletingService.java:call(136)) - Running DeletedBlockTransactionScanner
2023-03-23 08:07:08,700 [BlockDeletingService#2] INFO  interfaces.ContainerDeletionChoosingPolicyTemplate (ContainerDeletionChoosingPolicyTemplate.java:chooseContainerForBlockDeletion(83)) - Chosen 0/5000 blocks from 0 candidate containers.
2023-03-23 08:07:08,733 [BlockDeletingService#1] INFO  interfaces.ContainerDeletionChoosingPolicyTemplate (ContainerDeletionChoosingPolicyTemplate.java:chooseContainerForBlockDeletion(83)) - Chosen 0/5000 blocks from 0 candidate containers.
2023-03-23 08:07:08,733 [BlockDeletingService#5] INFO  interfaces.ContainerDeletionChoosingPolicyTemplate (ContainerDeletionChoosingPolicyTemplate.java:chooseContainerForBlockDeletion(83)) - Chosen 0/5000 blocks from 0 candidate containers.
2023-03-23 08:07:08,792 [SCMBlockDeletingService#0] DEBUG block.SCMBlockDeletingService (SCMBlockDeletingService.java:call(136)) - Running DeletedBlockTransactionScanner
2023-03-23 08:07:08,792 [SCMBlockDeletingService#0] DEBUG block.SCMBlockDeletingService (DatanodeDeletedBlockTransactions.java:addTransactionToDN(50)) - Transaction added: 266f5cc7-0c64-4a72-9a4b-104b6d67fb98 <- TX(1)
2023-03-23 08:07:08,792 [SCMBlockDeletingService#0] DEBUG block.SCMBlockDeletingService (DatanodeDeletedBlockTransactions.java:addTransactionToDN(50)) - Transaction added: 266f5cc7-0c64-4a72-9a4b-104b6d67fb98 <- TX(2)
2023-03-23 08:07:08,792 [SCMBlockDeletingService#0] DEBUG block.SCMBlockDeletingService (DatanodeDeletedBlockTransactions.java:addTransactionToDN(50)) - Transaction added: 266f5cc7-0c64-4a72-9a4b-104b6d67fb98 <- TX(3)
2023-03-23 08:07:08,792 [SCMBlockDeletingService#0] DEBUG block.SCMBlockDeletingService (SCMBlockDeletingService.java:call(171)) - Added delete block command for datanode 266f5cc7-0c64-4a72-9a4b-104b6d67fb98 in the queue, number of delete block transactions: 3
2023-03-23 08:07:08,792 [SCMBlockDeletingService#0] INFO  block.SCMBlockDeletingService (SCMBlockDeletingService.java:call(180)) - Totally added 3 blocks to be deleted for 1 datanodes, task elapsed time: 1ms
2023-03-23 08:07:08,800 [BlockDeletingService#2] INFO  interfaces.ContainerDeletionChoosingPolicyTemplate (ContainerDeletionChoosingPolicyTemplate.java:chooseContainerForBlockDeletion(83)) - Chosen 0/5000 blocks from 0 candidate containers.
2023-03-23 08:07:08,833 [BlockDeletingService#1] INFO  interfaces.ContainerDeletionChoosingPolicyTemplate (ContainerDeletionChoosingPolicyTemplate.java:chooseContainerForBlockDeletion(83)) - Chosen 0/5000 blocks from 0 candidate containers.
2023-03-23 08:07:08,833 [BlockDeletingService#5] INFO  interfaces.ContainerDeletionChoosingPolicyTemplate (ContainerDeletionChoosingPolicyTemplate.java:chooseContainerForBlockDeletion(83)) - Chosen 0/5000 blocks from 0 candidate containers.
2023-03-23 08:07:08,892 [SCMBlockDeletingService#0] DEBUG block.SCMBlockDeletingService (SCMBlockDeletingService.java:call(136)) - Running DeletedBlockTransactionScanner
2023-03-23 08:07:08,900 [BlockDeletingService#2] INFO  interfaces.ContainerDeletionChoosingPolicyTemplate (ContainerDeletionChoosingPolicyTemplate.java:chooseContainerForBlockDeletion(83)) - Chosen 0/5000 blocks from 0 candidate containers.
2023-03-23 08:07:08,933 [BlockDeletingService#1] INFO  interfaces.ContainerDeletionChoosingPolicyTemplate (ContainerDeletionChoosingPolicyTemplate.java:chooseContainerForBlockDeletion(83)) - Chosen 0/5000 blocks from 0 candidate containers.
2023-03-23 08:07:08,933 [BlockDeletingService#5] INFO  interfaces.ContainerDeletionChoosingPolicyTemplate (ContainerDeletionChoosingPolicyTemplate.java:chooseContainerForBlockDeletion(83)) - Chosen 0/5000 blocks from 0 candidate containers.
2023-03-23 08:07:08,992 [SCMBlockDeletingService#0] DEBUG block.SCMBlockDeletingService (SCMBlockDeletingService.java:call(136)) - Running DeletedBlockTransactionScanner
2023-03-23 08:07:08,992 [SCMBlockDeletingService#0] DEBUG block.SCMBlockDeletingService (DatanodeDeletedBlockTransactions.java:addTransactionToDN(50)) - Transaction added: 266f5cc7-0c64-4a72-9a4b-104b6d67fb98 <- TX(1)
2023-03-23 08:07:08,993 [SCMBlockDeletingService#0] DEBUG block.SCMBlockDeletingService (DatanodeDeletedBlockTransactions.java:addTransactionToDN(50)) - Transaction added: 266f5cc7-0c64-4a72-9a4b-104b6d67fb98 <- TX(2)
2023-03-23 08:07:08,993 [SCMBlockDeletingService#0] DEBUG block.SCMBlockDeletingService (DatanodeDeletedBlockTransactions.java:addTransactionToDN(50)) - Transaction added: 266f5cc7-0c64-4a72-9a4b-104b6d67fb98 <- TX(3)
2023-03-23 08:07:08,993 [SCMBlockDeletingService#0] DEBUG block.SCMBlockDeletingService (SCMBlockDeletingService.java:call(171)) - Added delete block command for datanode 266f5cc7-0c64-4a72-9a4b-104b6d67fb98 in the queue, number of delete block transactions: 3
2023-03-23 08:07:08,993 [SCMBlockDeletingService#0] INFO  block.SCMBlockDeletingService (SCMBlockDeletingService.java:call(180)) - Totally added 3 blocks to be deleted for 1 datanodes, task elapsed time: 1ms
2023-03-23 08:07:09,000 [BlockDeletingService#2] INFO  interfaces.ContainerDeletionChoosingPolicyTemplate (ContainerDeletionChoosingPolicyTemplate.java:chooseContainerForBlockDeletion(83)) - Chosen 0/5000 blocks from 0 candidate containers.
2023-03-23 08:07:09,033 [BlockDeletingService#1] INFO  interfaces.ContainerDeletionChoosingPolicyTemplate (ContainerDeletionChoosingPolicyTemplate.java:chooseContainerForBlockDeletion(83)) - Chosen 0/5000 blocks from 0 candidate containers.
2023-03-23 08:07:09,034 [BlockDeletingService#5] INFO  interfaces.ContainerDeletionChoosingPolicyTemplate (ContainerDeletionChoosingPolicyTemplate.java:chooseContainerForBlockDeletion(83)) - Chosen 0/5000 blocks from 0 candidate containers.
2023-03-23 08:07:09,092 [SCMBlockDeletingService#0] DEBUG block.SCMBlockDeletingService (SCMBlockDeletingService.java:call(136)) - Running DeletedBlockTransactionScanner
2023-03-23 08:07:09,101 [BlockDeletingService#2] INFO  interfaces.ContainerDeletionChoosingPolicyTemplate (ContainerDeletionChoosingPolicyTemplate.java:chooseContainerForBlockDeletion(83)) - Chosen 0/5000 blocks from 0 candidate containers.
2023-03-23 08:07:09,134 [BlockDeletingService#1] INFO  interfaces.ContainerDeletionChoosingPolicyTemplate (ContainerDeletionChoosingPolicyTemplate.java:chooseContainerForBlockDeletion(83)) - Chosen 0/5000 blocks from 0 candidate containers.
2023-03-23 08:07:09,134 [BlockDeletingService#5] INFO  interfaces.ContainerDeletionChoosingPolicyTemplate (ContainerDeletionChoosingPolicyTemplate.java:chooseContainerForBlockDeletion(83)) - Chosen 0/5000 blocks from 0 candidate containers.
2023-03-23 08:07:09,136 [Listener at 127.0.0.1/35553] WARN  commandhandler.TestBlockDeletion (TestBlockDeletion.java:lambda$testBlockDeletion$4(260)) - Verify blocks deletion failed
org.opentest4j.AssertionFailedError: expected: <null> but was: <[blockId=conID: 1 locID: 111677748019200001 bcsId: 0, size=4194304]>
	at org.junit.jupiter.api.AssertionUtils.fail(AssertionUtils.java:55)
	at org.junit.jupiter.api.AssertNull.failNotNull(AssertNull.java:54)
	at org.junit.jupiter.api.AssertNull.assertNull(AssertNull.java:38)
	at org.junit.jupiter.api.AssertNull.assertNull(AssertNull.java:33)
	at org.junit.jupiter.api.Assertions.assertNull(Assertions.java:275)
	at org.apache.hadoop.ozone.container.common.statemachine.commandhandler.TestBlockDeletion.lambda$verifyBlocksDeleted$17(TestBlockDeletion.java:478)
	at org.apache.hadoop.ozone.OzoneTestUtils.performOperationOnKeyContainers(OzoneTestUtils.java:140)
	at org.apache.hadoop.ozone.container.common.statemachine.commandhandler.TestBlockDeletion.verifyBlocksDeleted(TestBlockDeletion.java:468)
	at org.apache.hadoop.ozone.container.common.statemachine.commandhandler.TestBlockDeletion.lambda$testBlockDeletion$4(TestBlockDeletion.java:257)
	at org.apache.ozone.test.GenericTestUtils.waitFor(GenericTestUtils.java:221)
	at org.apache.hadoop.ozone.container.common.statemachine.commandhandler.TestBlockDeletion.testBlockDeletion(TestBlockDeletion.java:255)
	at sun.reflect.NativeMethodAccessorImpl.invoke0(Native Method)
	at sun.reflect.NativeMethodAccessorImpl.invoke(NativeMethodAccessorImpl.java:62)
	at sun.reflect.DelegatingMethodAccessorImpl.invoke(DelegatingMethodAccessorImpl.java:43)
	at java.lang.reflect.Method.invoke(Method.java:498)
	at org.junit.platform.commons.util.ReflectionUtils.invokeMethod(ReflectionUtils.java:725)
	at org.junit.jupiter.engine.execution.MethodInvocation.proceed(MethodInvocation.java:60)
	at org.junit.jupiter.engine.execution.InvocationInterceptorChain$ValidatingInvocation.proceed(InvocationInterceptorChain.java:131)
	at org.junit.jupiter.engine.extension.TimeoutExtension.intercept(TimeoutExtension.java:149)
	at org.junit.jupiter.engine.extension.TimeoutExtension.interceptTestableMethod(TimeoutExtension.java:140)
	at org.junit.jupiter.engine.extension.TimeoutExtension.interceptTestTemplateMethod(TimeoutExtension.java:92)
	at org.junit.jupiter.engine.execution.ExecutableInvoker$ReflectiveInterceptorCall.lambda$ofVoidMethod$0(ExecutableInvoker.java:115)
	at org.junit.jupiter.engine.execution.ExecutableInvoker.lambda$invoke$0(ExecutableInvoker.java:105)
	at org.junit.jupiter.engine.execution.InvocationInterceptorChain$InterceptedInvocation.proceed(InvocationInterceptorChain.java:106)
	at org.junit.jupiter.engine.execution.InvocationInterceptorChain.proceed(InvocationInterceptorChain.java:64)
	at org.junit.jupiter.engine.execution.InvocationInterceptorChain.chainAndInvoke(InvocationInterceptorChain.java:45)
	at org.junit.jupiter.engine.execution.InvocationInterceptorChain.invoke(InvocationInterceptorChain.java:37)
	at org.junit.jupiter.engine.execution.ExecutableInvoker.invoke(ExecutableInvoker.java:104)
	at org.junit.jupiter.engine.execution.ExecutableInvoker.invoke(ExecutableInvoker.java:98)
	at org.junit.jupiter.engine.descriptor.TestMethodTestDescriptor.lambda$invokeTestMethod$7(TestMethodTestDescriptor.java:214)
	at org.junit.platform.engine.support.hierarchical.ThrowableCollector.execute(ThrowableCollector.java:73)
	at org.junit.jupiter.engine.descriptor.TestMethodTestDescriptor.invokeTestMethod(TestMethodTestDescriptor.java:210)
	at org.junit.jupiter.engine.descriptor.TestMethodTestDescriptor.execute(TestMethodTestDescriptor.java:135)
	at org.junit.jupiter.engine.descriptor.TestMethodTestDescriptor.execute(TestMethodTestDescriptor.java:66)
	at org.junit.platform.engine.support.hierarchical.NodeTestTask.lambda$executeRecursively$6(NodeTestTask.java:151)
	at org.junit.platform.engine.support.hierarchical.ThrowableCollector.execute(ThrowableCollector.java:73)
	at org.junit.platform.engine.support.hierarchical.NodeTestTask.lambda$executeRecursively$8(NodeTestTask.java:141)
	at org.junit.platform.engine.support.hierarchical.Node.around(Node.java:137)
	at org.junit.platform.engine.support.hierarchical.NodeTestTask.lambda$executeRecursively$9(NodeTestTask.java:139)
	at org.junit.platform.engine.support.hierarchical.ThrowableCollector.execute(ThrowableCollector.java:73)
	at org.junit.platform.engine.support.hierarchical.NodeTestTask.executeRecursively(NodeTestTask.java:138)
	at org.junit.platform.engine.support.hierarchical.NodeTestTask.execute(NodeTestTask.java:95)
	at org.junit.platform.engine.support.hierarchical.SameThreadHierarchicalTestExecutorService.submit(SameThreadHierarchicalTestExecutorService.java:35)
	at org.junit.platform.engine.support.hierarchical.NodeTestTask$DefaultDynamicTestExecutor.execute(NodeTestTask.java:226)
	at org.junit.platform.engine.support.hierarchical.NodeTestTask$DefaultDynamicTestExecutor.execute(NodeTestTask.java:204)
	at org.junit.jupiter.engine.descriptor.TestTemplateTestDescriptor.execute(TestTemplateTestDescriptor.java:139)
	at org.junit.jupiter.engine.descriptor.TestTemplateTestDescriptor.lambda$execute$2(TestTemplateTestDescriptor.java:107)
	at java.util.stream.ForEachOps$ForEachOp$OfRef.accept(ForEachOps.java:183)
	at java.util.stream.ReferencePipeline$3$1.accept(ReferencePipeline.java:193)
	at java.util.stream.ReferencePipeline$2$1.accept(ReferencePipeline.java:175)
	at java.util.stream.ReferencePipeline$3$1.accept(ReferencePipeline.java:193)
	at java.util.stream.ForEachOps$ForEachOp$OfRef.accept(ForEachOps.java:183)
	at java.util.stream.ReferencePipeline$3$1.accept(ReferencePipeline.java:193)
	at java.util.stream.ReferencePipeline$3$1.accept(ReferencePipeline.java:193)
	at java.util.stream.ReferencePipeline$3$1.accept(ReferencePipeline.java:193)
	at java.util.stream.ForEachOps$ForEachOp$OfRef.accept(ForEachOps.java:183)
	at java.util.stream.ReferencePipeline$3$1.accept(ReferencePipeline.java:193)
	at java.util.Spliterators$ArraySpliterator.forEachRemaining(Spliterators.java:948)
	at java.util.stream.ReferencePipeline$Head.forEach(ReferencePipeline.java:647)
	at java.util.stream.ReferencePipeline$7$1.accept(ReferencePipeline.java:272)
	at java.util.stream.ReferencePipeline$3$1.accept(ReferencePipeline.java:193)
	at java.util.stream.ReferencePipeline$3$1.accept(ReferencePipeline.java:193)
	at java.util.Spliterators$ArraySpliterator.forEachRemaining(Spliterators.java:948)
	at java.util.stream.AbstractPipeline.copyInto(AbstractPipeline.java:482)
	at java.util.stream.AbstractPipeline.wrapAndCopyInto(AbstractPipeline.java:472)
	at java.util.stream.ForEachOps$ForEachOp.evaluateSequential(ForEachOps.java:150)
	at java.util.stream.ForEachOps$ForEachOp$OfRef.evaluateSequential(ForEachOps.java:173)
	at java.util.stream.AbstractPipeline.evaluate(AbstractPipeline.java:234)
	at java.util.stream.ReferencePipeline.forEach(ReferencePipeline.java:485)
	at java.util.stream.ReferencePipeline$7$1.accept(ReferencePipeline.java:272)
	at java.util.stream.ReferencePipeline$3$1.accept(ReferencePipeline.java:193)
	at java.util.stream.ReferencePipeline$3$1.accept(ReferencePipeline.java:193)
	at java.util.stream.ReferencePipeline$3$1.accept(ReferencePipeline.java:193)
	at java.util.ArrayList$ArrayListSpliterator.forEachRemaining(ArrayList.java:1384)
	at java.util.stream.AbstractPipeline.copyInto(AbstractPipeline.java:482)
	at java.util.stream.AbstractPipeline.wrapAndCopyInto(AbstractPipeline.java:472)
	at java.util.stream.ForEachOps$ForEachOp.evaluateSequential(ForEachOps.java:150)
	at java.util.stream.ForEachOps$ForEachOp$OfRef.evaluateSequential(ForEachOps.java:173)
	at java.util.stream.AbstractPipeline.evaluate(AbstractPipeline.java:234)
	at java.util.stream.ReferencePipeline.forEach(ReferencePipeline.java:485)
	at java.util.stream.ReferencePipeline$7$1.accept(ReferencePipeline.java:272)
	at java.util.ArrayList$ArrayListSpliterator.forEachRemaining(ArrayList.java:1384)
	at java.util.stream.AbstractPipeline.copyInto(AbstractPipeline.java:482)
	at java.util.stream.AbstractPipeline.wrapAndCopyInto(AbstractPipeline.java:472)
	at java.util.stream.ForEachOps$ForEachOp.evaluateSequential(ForEachOps.java:150)
	at java.util.stream.ForEachOps$ForEachOp$OfRef.evaluateSequential(ForEachOps.java:173)
	at java.util.stream.AbstractPipeline.evaluate(AbstractPipeline.java:234)
	at java.util.stream.ReferencePipeline.forEach(ReferencePipeline.java:485)
	at org.junit.jupiter.engine.descriptor.TestTemplateTestDescriptor.execute(TestTemplateTestDescriptor.java:107)
	at org.junit.jupiter.engine.descriptor.TestTemplateTestDescriptor.execute(TestTemplateTestDescriptor.java:42)
	at org.junit.platform.engine.support.hierarchical.NodeTestTask.lambda$executeRecursively$6(NodeTestTask.java:151)
	at org.junit.platform.engine.support.hierarchical.ThrowableCollector.execute(ThrowableCollector.java:73)
	at org.junit.platform.engine.support.hierarchical.NodeTestTask.lambda$executeRecursively$8(NodeTestTask.java:141)
	at org.junit.platform.engine.support.hierarchical.Node.around(Node.java:137)
	at org.junit.platform.engine.support.hierarchical.NodeTestTask.lambda$executeRecursively$9(NodeTestTask.java:139)
	at org.junit.platform.engine.support.hierarchical.ThrowableCollector.execute(ThrowableCollector.java:73)
	at org.junit.platform.engine.support.hierarchical.NodeTestTask.executeRecursively(NodeTestTask.java:138)
	at org.junit.platform.engine.support.hierarchical.NodeTestTask.execute(NodeTestTask.java:95)
	at java.util.ArrayList.forEach(ArrayList.java:1259)
	at org.junit.platform.engine.support.hierarchical.SameThreadHierarchicalTestExecutorService.invokeAll(SameThreadHierarchicalTestExecutorService.java:41)
	at org.junit.platform.engine.support.hierarchical.NodeTestTask.lambda$executeRecursively$6(NodeTestTask.java:155)
	at org.junit.platform.engine.support.hierarchical.ThrowableCollector.execute(ThrowableCollector.java:73)
	at org.junit.platform.engine.support.hierarchical.NodeTestTask.lambda$executeRecursively$8(NodeTestTask.java:141)
	at org.junit.platform.engine.support.hierarchical.Node.around(Node.java:137)
	at org.junit.platform.engine.support.hierarchical.NodeTestTask.lambda$executeRecursively$9(NodeTestTask.java:139)
	at org.junit.platform.engine.support.hierarchical.ThrowableCollector.execute(ThrowableCollector.java:73)
	at org.junit.platform.engine.support.hierarchical.NodeTestTask.executeRecursively(NodeTestTask.java:138)
	at org.junit.platform.engine.support.hierarchical.NodeTestTask.execute(NodeTestTask.java:95)
	at java.util.ArrayList.forEach(ArrayList.java:1259)
	at org.junit.platform.engine.support.hierarchical.SameThreadHierarchicalTestExecutorService.invokeAll(SameThreadHierarchicalTestExecutorService.java:41)
	at org.junit.platform.engine.support.hierarchical.NodeTestTask.lambda$executeRecursively$6(NodeTestTask.java:155)
	at org.junit.platform.engine.support.hierarchical.ThrowableCollector.execute(ThrowableCollector.java:73)
	at org.junit.platform.engine.support.hierarchical.NodeTestTask.lambda$executeRecursively$8(NodeTestTask.java:141)
	at org.junit.platform.engine.support.hierarchical.Node.around(Node.java:137)
	at org.junit.platform.engine.support.hierarchical.NodeTestTask.lambda$executeRecursively$9(NodeTestTask.java:139)
	at org.junit.platform.engine.support.hierarchical.ThrowableCollector.execute(ThrowableCollector.java:73)
	at org.junit.platform.engine.support.hierarchical.NodeTestTask.executeRecursively(NodeTestTask.java:138)
	at org.junit.platform.engine.support.hierarchical.NodeTestTask.execute(NodeTestTask.java:95)
	at org.junit.platform.engine.support.hierarchical.SameThreadHierarchicalTestExecutorService.submit(SameThreadHierarchicalTestExecutorService.java:35)
	at org.junit.platform.engine.support.hierarchical.HierarchicalTestExecutor.execute(HierarchicalTestExecutor.java:57)
	at org.junit.platform.engine.support.hierarchical.HierarchicalTestEngine.execute(HierarchicalTestEngine.java:54)
	at org.junit.platform.launcher.core.EngineExecutionOrchestrator.execute(EngineExecutionOrchestrator.java:107)
	at org.junit.platform.launcher.core.EngineExecutionOrchestrator.execute(EngineExecutionOrchestrator.java:88)
	at org.junit.platform.launcher.core.EngineExecutionOrchestrator.lambda$execute$0(EngineExecutionOrchestrator.java:54)
	at org.junit.platform.launcher.core.EngineExecutionOrchestrator.withInterceptedStreams(EngineExecutionOrchestrator.java:67)
	at org.junit.platform.launcher.core.EngineExecutionOrchestrator.execute(EngineExecutionOrchestrator.java:52)
	at org.junit.platform.launcher.core.DefaultLauncher.execute(DefaultLauncher.java:114)
	at org.junit.platform.launcher.core.DefaultLauncher.execute(DefaultLauncher.java:86)
	at org.junit.platform.launcher.core.DefaultLauncherSession$DelegatingLauncher.execute(DefaultLauncherSession.java:86)
	at org.junit.platform.launcher.core.SessionPerRequestLauncher.execute(SessionPerRequestLauncher.java:53)
	at org.apache.maven.surefire.junitplatform.JUnitPlatformProvider.execute(JUnitPlatformProvider.java:188)
	at org.apache.maven.surefire.junitplatform.JUnitPlatformProvider.invokeAllTests(JUnitPlatformProvider.java:154)
	at org.apache.maven.surefire.junitplatform.JUnitPlatformProvider.invoke(JUnitPlatformProvider.java:124)
	at org.apache.maven.surefire.booter.ForkedBooter.runSuitesInProcess(ForkedBooter.java:428)
	at org.apache.maven.surefire.booter.ForkedBooter.execute(ForkedBooter.java:162)
	at org.apache.maven.surefire.booter.ForkedBooter.run(ForkedBooter.java:562)
	at org.apache.maven.surefire.booter.ForkedBooter.main(ForkedBooter.java:548)
2023-03-23 08:07:09,192 [SCMBlockDeletingService#0] DEBUG block.SCMBlockDeletingService (SCMBlockDeletingService.java:call(136)) - Running DeletedBlockTransactionScanner
2023-03-23 08:07:09,193 [SCMBlockDeletingService#0] DEBUG block.SCMBlockDeletingService (DatanodeDeletedBlockTransactions.java:addTransactionToDN(50)) - Transaction added: 266f5cc7-0c64-4a72-9a4b-104b6d67fb98 <- TX(1)
2023-03-23 08:07:09,193 [SCMBlockDeletingService#0] DEBUG block.SCMBlockDeletingService (DatanodeDeletedBlockTransactions.java:addTransactionToDN(50)) - Transaction added: 266f5cc7-0c64-4a72-9a4b-104b6d67fb98 <- TX(2)
2023-03-23 08:07:09,193 [SCMBlockDeletingService#0] DEBUG block.SCMBlockDeletingService (DatanodeDeletedBlockTransactions.java:addTransactionToDN(50)) - Transaction added: 266f5cc7-0c64-4a72-9a4b-104b6d67fb98 <- TX(3)
2023-03-23 08:07:09,193 [SCMBlockDeletingService#0] DEBUG block.SCMBlockDeletingService (SCMBlockDeletingService.java:call(171)) - Added delete block command for datanode 266f5cc7-0c64-4a72-9a4b-104b6d67fb98 in the queue, number of delete block transactions: 3
2023-03-23 08:07:09,193 [SCMBlockDeletingService#0] INFO  block.SCMBlockDeletingService (SCMBlockDeletingService.java:call(180)) - Totally added 3 blocks to be deleted for 1 datanodes, task elapsed time: 0ms
2023-03-23 08:07:09,201 [BlockDeletingService#2] INFO  interfaces.ContainerDeletionChoosingPolicyTemplate (ContainerDeletionChoosingPolicyTemplate.java:chooseContainerForBlockDeletion(83)) - Chosen 0/5000 blocks from 0 candidate containers.
2023-03-23 08:07:09,234 [BlockDeletingService#1] INFO  interfaces.ContainerDeletionChoosingPolicyTemplate (ContainerDeletionChoosingPolicyTemplate.java:chooseContainerForBlockDeletion(83)) - Chosen 0/5000 blocks from 0 candidate containers.
2023-03-23 08:07:09,234 [BlockDeletingService#5] INFO  interfaces.ContainerDeletionChoosingPolicyTemplate (ContainerDeletionChoosingPolicyTemplate.java:chooseContainerForBlockDeletion(83)) - Chosen 0/5000 blocks from 0 candidate containers.
2023-03-23 08:07:09,292 [SCMBlockDeletingService#0] DEBUG block.SCMBlockDeletingService (SCMBlockDeletingService.java:call(136)) - Running DeletedBlockTransactionScanner
2023-03-23 08:07:09,301 [BlockDeletingService#2] INFO  interfaces.ContainerDeletionChoosingPolicyTemplate (ContainerDeletionChoosingPolicyTemplate.java:chooseContainerForBlockDeletion(83)) - Chosen 0/5000 blocks from 0 candidate containers.
2023-03-23 08:07:09,319 [org.apache.hadoop.ozone.container.common.statemachine.commandhandler.DeleteBlocksCommandHandler$DeleteCmdWorker@153cffb8] INFO  commandhandler.DeleteBlocksCommandHandler (DeleteBlocksCommandHandler.java:processCmd(272)) - Start to delete container blocks, TXIDs=[1(0),2(0),3(0)], numOfContainers=3, numOfBlocks=3
2023-03-23 08:07:09,320 [org.apache.hadoop.ozone.container.common.statemachine.commandhandler.DeleteBlocksCommandHandler$DeleteCmdWorker@153cffb8] INFO  commandhandler.DeleteBlocksCommandHandler (DeleteBlocksCommandHandler.java:processCmd(272)) - Start to delete container blocks, TXIDs=[1(2),2(2),3(2)], numOfContainers=3, numOfBlocks=3
2023-03-23 08:07:09,321 [DeleteBlocksCommandHandlerThread-3] INFO  commandhandler.DeleteBlocksCommandHandler (DeleteBlocksCommandHandler.java:logDeleteTransaction(489)) - Delete blocks for containerId: 1 is either received out of order or retried, 1 <= 1
2023-03-23 08:07:09,321 [DeleteBlocksCommandHandlerThread-0] INFO  commandhandler.DeleteBlocksCommandHandler (DeleteBlocksCommandHandler.java:logDeleteTransaction(489)) - Delete blocks for containerId: 3 is either received out of order or retried, 3 <= 3
2023-03-23 08:07:09,321 [DeleteBlocksCommandHandlerThread-4] INFO  commandhandler.DeleteBlocksCommandHandler (DeleteBlocksCommandHandler.java:logDeleteTransaction(489)) - Delete blocks for containerId: 2 is either received out of order or retried, 2 <= 2
2023-03-23 08:07:09,321 [org.apache.hadoop.ozone.container.common.statemachine.commandhandler.DeleteBlocksCommandHandler$DeleteCmdWorker@153cffb8] INFO  commandhandler.DeleteBlocksCommandHandler (DeleteBlocksCommandHandler.java:processCmd(272)) - Start to delete container blocks, TXIDs=[1(4),2(4),3(4)], numOfContainers=3, numOfBlocks=3
2023-03-23 08:07:09,322 [DeleteBlocksCommandHandlerThread-1] INFO  commandhandler.DeleteBlocksCommandHandler (DeleteBlocksCommandHandler.java:logDeleteTransaction(489)) - Delete blocks for containerId: 1 is either received out of order or retried, 1 <= 1
2023-03-23 08:07:09,322 [DeleteBlocksCommandHandlerThread-4] INFO  commandhandler.DeleteBlocksCommandHandler (DeleteBlocksCommandHandler.java:logDeleteTransaction(489)) - Delete blocks for containerId: 2 is either received out of order or retried, 2 <= 2
2023-03-23 08:07:09,322 [DeleteBlocksCommandHandlerThread-1] INFO  commandhandler.DeleteBlocksCommandHandler (DeleteBlocksCommandHandler.java:logDeleteTransaction(489)) - Delete blocks for containerId: 3 is either received out of order or retried, 3 <= 3
2023-03-23 08:07:09,323 [org.apache.hadoop.ozone.container.common.statemachine.commandhandler.DeleteBlocksCommandHandler$DeleteCmdWorker@153cffb8] INFO  commandhandler.DeleteBlocksCommandHandler (DeleteBlocksCommandHandler.java:processCmd(272)) - Start to delete container blocks, TXIDs=[1(6),2(6),3(6)], numOfContainers=3, numOfBlocks=3
2023-03-23 08:07:09,323 [DeleteBlocksCommandHandlerThread-0] INFO  commandhandler.DeleteBlocksCommandHandler (DeleteBlocksCommandHandler.java:logDeleteTransaction(489)) - Delete blocks for containerId: 1 is either received out of order or retried, 1 <= 1
2023-03-23 08:07:09,324 [DeleteBlocksCommandHandlerThread-2] INFO  commandhandler.DeleteBlocksCommandHandler (DeleteBlocksCommandHandler.java:logDeleteTransaction(489)) - Delete blocks for containerId: 2 is either received out of order or retried, 2 <= 2
2023-03-23 08:07:09,324 [DeleteBlocksCommandHandlerThread-0] INFO  commandhandler.DeleteBlocksCommandHandler (DeleteBlocksCommandHandler.java:logDeleteTransaction(489)) - Delete blocks for containerId: 3 is either received out of order or retried, 3 <= 3
2023-03-23 08:07:09,324 [org.apache.hadoop.ozone.container.common.statemachine.commandhandler.DeleteBlocksCommandHandler$DeleteCmdWorker@153cffb8] INFO  commandhandler.DeleteBlocksCommandHandler (DeleteBlocksCommandHandler.java:processCmd(272)) - Start to delete container blocks, TXIDs=[1(7),2(7),3(7)], numOfContainers=3, numOfBlocks=3
2023-03-23 08:07:09,324 [DeleteBlocksCommandHandlerThread-1] INFO  commandhandler.DeleteBlocksCommandHandler (DeleteBlocksCommandHandler.java:logDeleteTransaction(489)) - Delete blocks for containerId: 1 is either received out of order or retried, 1 <= 1
2023-03-23 08:07:09,324 [DeleteBlocksCommandHandlerThread-1] INFO  commandhandler.DeleteBlocksCommandHandler (DeleteBlocksCommandHandler.java:logDeleteTransaction(489)) - Delete blocks for containerId: 2 is either received out of order or retried, 2 <= 2
2023-03-23 08:07:09,324 [DeleteBlocksCommandHandlerThread-1] INFO  commandhandler.DeleteBlocksCommandHandler (DeleteBlocksCommandHandler.java:logDeleteTransaction(489)) - Delete blocks for containerId: 3 is either received out of order or retried, 3 <= 3
2023-03-23 08:07:09,334 [BlockDeletingService#1] INFO  interfaces.ContainerDeletionChoosingPolicyTemplate (ContainerDeletionChoosingPolicyTemplate.java:chooseContainerForBlockDeletion(83)) - Chosen 0/5000 blocks from 0 candidate containers.
2023-03-23 08:07:09,334 [BlockDeletingService#5] INFO  interfaces.ContainerDeletionChoosingPolicyTemplate (ContainerDeletionChoosingPolicyTemplate.java:chooseContainerForBlockDeletion(83)) - Chosen 0/5000 blocks from 0 candidate containers.
2023-03-23 08:07:09,392 [SCMBlockDeletingService#0] DEBUG block.SCMBlockDeletingService (SCMBlockDeletingService.java:call(136)) - Running DeletedBlockTransactionScanner
2023-03-23 08:07:09,393 [SCMBlockDeletingService#0] DEBUG block.SCMBlockDeletingService (DatanodeDeletedBlockTransactions.java:addTransactionToDN(50)) - Transaction added: 266f5cc7-0c64-4a72-9a4b-104b6d67fb98 <- TX(1)
2023-03-23 08:07:09,393 [SCMBlockDeletingService#0] DEBUG block.SCMBlockDeletingService (DatanodeDeletedBlockTransactions.java:addTransactionToDN(50)) - Transaction added: 266f5cc7-0c64-4a72-9a4b-104b6d67fb98 <- TX(2)
2023-03-23 08:07:09,393 [SCMBlockDeletingService#0] DEBUG block.SCMBlockDeletingService (DatanodeDeletedBlockTransactions.java:addTransactionToDN(50)) - Transaction added: 266f5cc7-0c64-4a72-9a4b-104b6d67fb98 <- TX(3)
2023-03-23 08:07:09,393 [SCMBlockDeletingService#0] DEBUG block.SCMBlockDeletingService (SCMBlockDeletingService.java:call(171)) - Added delete block command for datanode 266f5cc7-0c64-4a72-9a4b-104b6d67fb98 in the queue, number of delete block transactions: 3
2023-03-23 08:07:09,393 [SCMBlockDeletingService#0] INFO  block.SCMBlockDeletingService (SCMBlockDeletingService.java:call(180)) - Totally added 3 blocks to be deleted for 1 datanodes, task elapsed time: 0ms
2023-03-23 08:07:09,401 [BlockDeletingService#2] INFO  interfaces.ContainerDeletionChoosingPolicyTemplate (ContainerDeletionChoosingPolicyTemplate.java:chooseContainerForBlockDeletion(83)) - Chosen 15/4985 blocks from 3 candidate containers.
2023-03-23 08:07:09,403 [BlockDeletingService#2] INFO  impl.FilePerBlockStrategy (FilePerBlockStrategy.java:deleteChunk(252)) - Deleted block file: /home/runner/work/ozone/ozone/hadoop-ozone/integration-test/target/test-dir/MiniOzoneClusterImpl-31e8183b-455c-41dd-a5db-82de5ef729db/datanode-0/data-0/containers/hdds/31e8183b-455c-41dd-a5db-82de5ef729db/current/containerDir0/1/chunks/111677748019200001.block
2023-03-23 08:07:09,404 [BlockDeletingService#9] INFO  impl.FilePerBlockStrategy (FilePerBlockStrategy.java:deleteChunk(252)) - Deleted block file: /home/runner/work/ozone/ozone/hadoop-ozone/integration-test/target/test-dir/MiniOzoneClusterImpl-31e8183b-455c-41dd-a5db-82de5ef729db/datanode-0/data-0/containers/hdds/31e8183b-455c-41dd-a5db-82de5ef729db/current/containerDir0/3/chunks/111677748019200003.block
2023-03-23 08:07:09,404 [BlockDeletingService#2] INFO  impl.FilePerBlockStrategy (FilePerBlockStrategy.java:deleteChunk(252)) - Deleted block file: /home/runner/work/ozone/ozone/hadoop-ozone/integration-test/target/test-dir/MiniOzoneClusterImpl-31e8183b-455c-41dd-a5db-82de5ef729db/datanode-0/data-0/containers/hdds/31e8183b-455c-41dd-a5db-82de5ef729db/current/containerDir0/2/chunks/111677748019200002.block
2023-03-23 08:07:09,434 [BlockDeletingService#1] INFO  interfaces.ContainerDeletionChoosingPolicyTemplate (ContainerDeletionChoosingPolicyTemplate.java:chooseContainerForBlockDeletion(83)) - Chosen 0/5000 blocks from 0 candidate containers.
2023-03-23 08:07:09,434 [BlockDeletingService#5] INFO  interfaces.ContainerDeletionChoosingPolicyTemplate (ContainerDeletionChoosingPolicyTemplate.java:chooseContainerForBlockDeletion(83)) - Chosen 0/5000 blocks from 0 candidate containers.
2023-03-23 08:07:09,492 [SCMBlockDeletingService#0] DEBUG block.SCMBlockDeletingService (SCMBlockDeletingService.java:call(136)) - Running DeletedBlockTransactionScanner
2023-03-23 08:07:09,502 [BlockDeletingService#9] INFO  interfaces.ContainerDeletionChoosingPolicyTemplate (ContainerDeletionChoosingPolicyTemplate.java:chooseContainerForBlockDeletion(83)) - Chosen 12/4988 blocks from 3 candidate containers.
2023-03-23 08:07:09,502 [BlockDeletingService#3] INFO  background.BlockDeletingService (BlockDeletingService.java:deleteViaTransactionStore(483)) - No transaction found in container 3 with pending delete block count 4
2023-03-23 08:07:09,502 [BlockDeletingService#9] INFO  background.BlockDeletingService (BlockDeletingService.java:deleteViaTransactionStore(483)) - No transaction found in container 1 with pending delete block count 4
2023-03-23 08:07:09,502 [BlockDeletingService#7] INFO  background.BlockDeletingService (BlockDeletingService.java:deleteViaTransactionStore(483)) - No transaction found in container 2 with pending delete block count 4
2023-03-23 08:07:09,517 [EventQueue-DeleteBlockStatusForDeletedBlockLogImpl] DEBUG block.DeletedBlockLogImpl (DeletedBlockLogImpl.java:isTransactionFailed(314)) - Got block deletion ACK from datanode, TXIDs=1, success=true
2023-03-23 08:07:09,517 [EventQueue-DeleteBlockStatusForDeletedBlockLogImpl] DEBUG block.DeletedBlockLogImpl (DeletedBlockLogImpl.java:commitTransactions(286)) - Purging txId=1 from block deletion log
2023-03-23 08:07:09,517 [EventQueue-DeleteBlockStatusForDeletedBlockLogImpl] DEBUG block.DeletedBlockLogImpl (DeletedBlockLogImpl.java:commitTransactions(292)) - Datanode txId=1 containerId=#1 committed by dnId=266f5cc7-0c64-4a72-9a4b-104b6d67fb98
2023-03-23 08:07:09,517 [EventQueue-DeleteBlockStatusForDeletedBlockLogImpl] DEBUG block.DeletedBlockLogImpl (DeletedBlockLogImpl.java:isTransactionFailed(314)) - Got block deletion ACK from datanode, TXIDs=2, success=true
2023-03-23 08:07:09,517 [EventQueue-DeleteBlockStatusForDeletedBlockLogImpl] DEBUG block.DeletedBlockLogImpl (DeletedBlockLogImpl.java:commitTransactions(286)) - Purging txId=2 from block deletion log
2023-03-23 08:07:09,517 [EventQueue-DeleteBlockStatusForDeletedBlockLogImpl] DEBUG block.DeletedBlockLogImpl (DeletedBlockLogImpl.java:commitTransactions(292)) - Datanode txId=2 containerId=#2 committed by dnId=266f5cc7-0c64-4a72-9a4b-104b6d67fb98
2023-03-23 08:07:09,517 [EventQueue-DeleteBlockStatusForDeletedBlockLogImpl] DEBUG block.DeletedBlockLogImpl (DeletedBlockLogImpl.java:isTransactionFailed(314)) - Got block deletion ACK from datanode, TXIDs=3, success=true
2023-03-23 08:07:09,517 [EventQueue-DeleteBlockStatusForDeletedBlockLogImpl] DEBUG block.DeletedBlockLogImpl (DeletedBlockLogImpl.java:commitTransactions(286)) - Purging txId=3 from block deletion log
2023-03-23 08:07:09,517 [EventQueue-DeleteBlockStatusForDeletedBlockLogImpl] DEBUG block.DeletedBlockLogImpl (DeletedBlockLogImpl.java:commitTransactions(292)) - Datanode txId=3 containerId=#3 committed by dnId=266f5cc7-0c64-4a72-9a4b-104b6d67fb98
2023-03-23 08:07:09,517 [EventQueue-DeleteBlockStatusForDeletedBlockLogImpl] DEBUG block.DeletedBlockLogImpl (DeletedBlockLogImpl.java:isTransactionFailed(314)) - Got block deletion ACK from datanode, TXIDs=1, success=true
2023-03-23 08:07:09,517 [EventQueue-DeleteBlockStatusForDeletedBlockLogImpl] DEBUG block.DeletedBlockLogImpl (DeletedBlockLogImpl.java:commitTransactions(260)) - Transaction txId=1 commit by dnId=266f5cc7-0c64-4a72-9a4b-104b6d67fb98 for containerID=#1 failed. Corresponding entry not found.
2023-03-23 08:07:09,517 [EventQueue-DeleteBlockStatusForDeletedBlockLogImpl] DEBUG block.DeletedBlockLogImpl (DeletedBlockLogImpl.java:isTransactionFailed(314)) - Got block deletion ACK from datanode, TXIDs=2, success=true
2023-03-23 08:07:09,517 [EventQueue-DeleteBlockStatusForDeletedBlockLogImpl] DEBUG block.DeletedBlockLogImpl (DeletedBlockLogImpl.java:commitTransactions(260)) - Transaction txId=2 commit by dnId=266f5cc7-0c64-4a72-9a4b-104b6d67fb98 for containerID=#2 failed. Corresponding entry not found.
2023-03-23 08:07:09,517 [EventQueue-DeleteBlockStatusForDeletedBlockLogImpl] DEBUG block.DeletedBlockLogImpl (DeletedBlockLogImpl.java:isTransactionFailed(314)) - Got block deletion ACK from datanode, TXIDs=3, success=true
2023-03-23 08:07:09,517 [EventQueue-DeleteBlockStatusForDeletedBlockLogImpl] DEBUG block.DeletedBlockLogImpl (DeletedBlockLogImpl.java:commitTransactions(260)) - Transaction txId=3 commit by dnId=266f5cc7-0c64-4a72-9a4b-104b6d67fb98 for containerID=#3 failed. Corresponding entry not found.
2023-03-23 08:07:09,517 [EventQueue-DeleteBlockStatusForDeletedBlockLogImpl] DEBUG block.DeletedBlockLogImpl (DeletedBlockLogImpl.java:isTransactionFailed(314)) - Got block deletion ACK from datanode, TXIDs=1, success=true
2023-03-23 08:07:09,518 [EventQueue-DeleteBlockStatusForDeletedBlockLogImpl] DEBUG block.DeletedBlockLogImpl (DeletedBlockLogImpl.java:commitTransactions(260)) - Transaction txId=1 commit by dnId=266f5cc7-0c64-4a72-9a4b-104b6d67fb98 for containerID=#1 failed. Corresponding entry not found.
2023-03-23 08:07:09,518 [EventQueue-DeleteBlockStatusForDeletedBlockLogImpl] DEBUG block.DeletedBlockLogImpl (DeletedBlockLogImpl.java:isTransactionFailed(314)) - Got block deletion ACK from datanode, TXIDs=2, success=true
2023-03-23 08:07:09,518 [EventQueue-DeleteBlockStatusForDeletedBlockLogImpl] DEBUG block.DeletedBlockLogImpl (DeletedBlockLogImpl.java:commitTransactions(260)) - Transaction txId=2 commit by dnId=266f5cc7-0c64-4a72-9a4b-104b6d67fb98 for containerID=#2 failed. Corresponding entry not found.
2023-03-23 08:07:09,518 [EventQueue-DeleteBlockStatusForDeletedBlockLogImpl] DEBUG block.DeletedBlockLogImpl (DeletedBlockLogImpl.java:isTransactionFailed(314)) - Got block deletion ACK from datanode, TXIDs=3, success=true
2023-03-23 08:07:09,518 [EventQueue-DeleteBlockStatusForDeletedBlockLogImpl] DEBUG block.DeletedBlockLogImpl (DeletedBlockLogImpl.java:commitTransactions(260)) - Transaction txId=3 commit by dnId=266f5cc7-0c64-4a72-9a4b-104b6d67fb98 for containerID=#3 failed. Corresponding entry not found.
2023-03-23 08:07:09,518 [EventQueue-DeleteBlockStatusForDeletedBlockLogImpl] DEBUG block.DeletedBlockLogImpl (DeletedBlockLogImpl.java:isTransactionFailed(314)) - Got block deletion ACK from datanode, TXIDs=1, success=true
2023-03-23 08:07:09,518 [EventQueue-DeleteBlockStatusForDeletedBlockLogImpl] DEBUG block.DeletedBlockLogImpl (DeletedBlockLogImpl.java:commitTransactions(260)) - Transaction txId=1 commit by dnId=266f5cc7-0c64-4a72-9a4b-104b6d67fb98 for containerID=#1 failed. Corresponding entry not found.
2023-03-23 08:07:09,518 [EventQueue-DeleteBlockStatusForDeletedBlockLogImpl] DEBUG block.DeletedBlockLogImpl (DeletedBlockLogImpl.java:isTransactionFailed(314)) - Got block deletion ACK from datanode, TXIDs=2, success=true
2023-03-23 08:07:09,518 [EventQueue-DeleteBlockStatusForDeletedBlockLogImpl] DEBUG block.DeletedBlockLogImpl (DeletedBlockLogImpl.java:commitTransactions(260)) - Transaction txId=2 commit by dnId=266f5cc7-0c64-4a72-9a4b-104b6d67fb98 for containerID=#2 failed. Corresponding entry not found.
2023-03-23 08:07:09,518 [EventQueue-DeleteBlockStatusForDeletedBlockLogImpl] DEBUG block.DeletedBlockLogImpl (DeletedBlockLogImpl.java:isTransactionFailed(314)) - Got block deletion ACK from datanode, TXIDs=3, success=true
2023-03-23 08:07:09,518 [EventQueue-DeleteBlockStatusForDeletedBlockLogImpl] DEBUG block.DeletedBlockLogImpl (DeletedBlockLogImpl.java:commitTransactions(260)) - Transaction txId=3 commit by dnId=266f5cc7-0c64-4a72-9a4b-104b6d67fb98 for containerID=#3 failed. Corresponding entry not found.
2023-03-23 08:07:09,518 [EventQueue-DeleteBlockStatusForDeletedBlockLogImpl] DEBUG block.DeletedBlockLogImpl (DeletedBlockLogImpl.java:isTransactionFailed(314)) - Got block deletion ACK from datanode, TXIDs=1, success=true
2023-03-23 08:07:09,518 [EventQueue-DeleteBlockStatusForDeletedBlockLogImpl] DEBUG block.DeletedBlockLogImpl (DeletedBlockLogImpl.java:commitTransactions(260)) - Transaction txId=1 commit by dnId=266f5cc7-0c64-4a72-9a4b-104b6d67fb98 for containerID=#1 failed. Corresponding entry not found.
2023-03-23 08:07:09,518 [EventQueue-DeleteBlockStatusForDeletedBlockLogImpl] DEBUG block.DeletedBlockLogImpl (DeletedBlockLogImpl.java:isTransactionFailed(314)) - Got block deletion ACK from datanode, TXIDs=2, success=true
2023-03-23 08:07:09,518 [EventQueue-DeleteBlockStatusForDeletedBlockLogImpl] DEBUG block.DeletedBlockLogImpl (DeletedBlockLogImpl.java:commitTransactions(260)) - Transaction txId=2 commit by dnId=266f5cc7-0c64-4a72-9a4b-104b6d67fb98 for containerID=#2 failed. Corresponding entry not found.
2023-03-23 08:07:09,518 [EventQueue-DeleteBlockStatusForDeletedBlockLogImpl] DEBUG block.DeletedBlockLogImpl (DeletedBlockLogImpl.java:isTransactionFailed(314)) - Got block deletion ACK from datanode, TXIDs=3, success=true
2023-03-23 08:07:09,518 [EventQueue-DeleteBlockStatusForDeletedBlockLogImpl] DEBUG block.DeletedBlockLogImpl (DeletedBlockLogImpl.java:commitTransactions(260)) - Transaction txId=3 commit by dnId=266f5cc7-0c64-4a72-9a4b-104b6d67fb98 for containerID=#3 failed. Corresponding entry not found.
2023-03-23 08:07:09,534 [BlockDeletingService#1] INFO  interfaces.ContainerDeletionChoosingPolicyTemplate (ContainerDeletionChoosingPolicyTemplate.java:chooseContainerForBlockDeletion(83)) - Chosen 0/5000 blocks from 0 candidate containers.
2023-03-23 08:07:09,535 [BlockDeletingService#5] INFO  interfaces.ContainerDeletionChoosingPolicyTemplate (ContainerDeletionChoosingPolicyTemplate.java:chooseContainerForBlockDeletion(83)) - Chosen 0/5000 blocks from 0 candidate containers.
2023-03-23 08:07:09,593 [SCMBlockDeletingService#0] DEBUG block.SCMBlockDeletingService (SCMBlockDeletingService.java:call(136)) - Running DeletedBlockTransactionScanner
2023-03-23 08:07:09,602 [BlockDeletingService#3] INFO  interfaces.ContainerDeletionChoosingPolicyTemplate (ContainerDeletionChoosingPolicyTemplate.java:chooseContainerForBlockDeletion(83)) - Chosen 0/5000 blocks from 0 candidate containers.
2023-03-23 08:07:09,635 [BlockDeletingService#1] INFO  interfaces.ContainerDeletionChoosingPolicyTemplate (ContainerDeletionChoosingPolicyTemplate.java:chooseContainerForBlockDeletion(83)) - Chosen 0/5000 blocks from 0 candidate containers.
2023-03-23 08:07:09,635 [BlockDeletingService#5] INFO  interfaces.ContainerDeletionChoosingPolicyTemplate (ContainerDeletionChoosingPolicyTemplate.java:chooseContainerForBlockDeletion(83)) - Chosen 0/5000 blocks from 0 candidate containers.
2023-03-23 08:07:09,693 [SCMBlockDeletingService#0] DEBUG block.SCMBlockDeletingService (SCMBlockDeletingService.java:call(136)) - Running DeletedBlockTransactionScanner
2023-03-23 08:07:09,702 [BlockDeletingService#3] INFO  interfaces.ContainerDeletionChoosingPolicyTemplate (ContainerDeletionChoosingPolicyTemplate.java:chooseContainerForBlockDeletion(83)) - Chosen 0/5000 blocks from 0 candidate containers.
2023-03-23 08:07:09,722 [org.apache.hadoop.ozone.container.common.statemachine.commandhandler.DeleteBlocksCommandHandler$DeleteCmdWorker@2cefe68] INFO  commandhandler.DeleteBlocksCommandHandler (DeleteBlocksCommandHandler.java:processCmd(272)) - Start to delete container blocks, TXIDs=[1(2),2(2),3(2)], numOfContainers=3, numOfBlocks=3
2023-03-23 08:07:09,722 [DeleteBlocksCommandHandlerThread-1] INFO  commandhandler.DeleteBlocksCommandHandler (DeleteBlocksCommandHandler.java:logDeleteTransaction(489)) - Delete blocks for containerId: 1 is either received out of order or retried, 1 <= 1
2023-03-23 08:07:09,722 [DeleteBlocksCommandHandlerThread-3] INFO  commandhandler.DeleteBlocksCommandHandler (DeleteBlocksCommandHandler.java:logDeleteTransaction(489)) - Delete blocks for containerId: 3 is either received out of order or retried, 3 <= 3
2023-03-23 08:07:09,722 [DeleteBlocksCommandHandlerThread-2] INFO  commandhandler.DeleteBlocksCommandHandler (DeleteBlocksCommandHandler.java:logDeleteTransaction(489)) - Delete blocks for containerId: 2 is either received out of order or retried, 2 <= 2
2023-03-23 08:07:09,735 [BlockDeletingService#1] INFO  interfaces.ContainerDeletionChoosingPolicyTemplate (ContainerDeletionChoosingPolicyTemplate.java:chooseContainerForBlockDeletion(83)) - Chosen 0/5000 blocks from 0 candidate containers.
2023-03-23 08:07:09,735 [BlockDeletingService#5] INFO  interfaces.ContainerDeletionChoosingPolicyTemplate (ContainerDeletionChoosingPolicyTemplate.java:chooseContainerForBlockDeletion(83)) - Chosen 3/4997 blocks from 3 candidate containers.
2023-03-23 08:07:09,735 [BlockDeletingService#5] WARN  keyvalue.KeyValueHandler (KeyValueHandler.java:deleteUnreferenced(1211)) - Missing delete block(Container = 1, Block = 111677748019200001
2023-03-23 08:07:09,735 [BlockDeletingService#7] WARN  keyvalue.KeyValueHandler (KeyValueHandler.java:deleteUnreferenced(1211)) - Missing delete block(Container = 3, Block = 111677748019200003
2023-03-23 08:07:09,736 [BlockDeletingService#5] WARN  keyvalue.KeyValueHandler (KeyValueHandler.java:deleteUnreferenced(1211)) - Missing delete block(Container = 2, Block = 111677748019200002
2023-03-23 08:07:09,794 [SCMBlockDeletingService#0] DEBUG block.SCMBlockDeletingService (SCMBlockDeletingService.java:call(136)) - Running DeletedBlockTransactionScanner
2023-03-23 08:07:09,802 [BlockDeletingService#3] INFO  interfaces.ContainerDeletionChoosingPolicyTemplate (ContainerDeletionChoosingPolicyTemplate.java:chooseContainerForBlockDeletion(83)) - Chosen 0/5000 blocks from 0 candidate containers.
2023-03-23 08:07:09,835 [BlockDeletingService#1] INFO  interfaces.ContainerDeletionChoosingPolicyTemplate (ContainerDeletionChoosingPolicyTemplate.java:chooseContainerForBlockDeletion(83)) - Chosen 0/5000 blocks from 0 candidate containers.
2023-03-23 08:07:09,835 [BlockDeletingService#7] INFO  interfaces.ContainerDeletionChoosingPolicyTemplate (ContainerDeletionChoosingPolicyTemplate.java:chooseContainerForBlockDeletion(83)) - Chosen 0/5000 blocks from 0 candidate containers.
2023-03-23 08:07:09,894 [SCMBlockDeletingService#0] DEBUG block.SCMBlockDeletingService (SCMBlockDeletingService.java:call(136)) - Running DeletedBlockTransactionScanner
2023-03-23 08:07:09,900 [EventQueue-DeleteBlockStatusForDeletedBlockLogImpl] DEBUG block.DeletedBlockLogImpl (DeletedBlockLogImpl.java:isTransactionFailed(314)) - Got block deletion ACK from datanode, TXIDs=1, success=true
2023-03-23 08:07:09,900 [EventQueue-DeleteBlockStatusForDeletedBlockLogImpl] DEBUG block.DeletedBlockLogImpl (DeletedBlockLogImpl.java:commitTransactions(260)) - Transaction txId=1 commit by dnId=6f5e3e4a-08bd-4bbb-984f-08bcbe860d90 for containerID=#1 failed. Corresponding entry not found.
2023-03-23 08:07:09,900 [EventQueue-DeleteBlockStatusForDeletedBlockLogImpl] DEBUG block.DeletedBlockLogImpl (DeletedBlockLogImpl.java:isTransactionFailed(314)) - Got block deletion ACK from datanode, TXIDs=2, success=true
2023-03-23 08:07:09,900 [EventQueue-DeleteBlockStatusForDeletedBlockLogImpl] DEBUG block.DeletedBlockLogImpl (DeletedBlockLogImpl.java:commitTransactions(260)) - Transaction txId=2 commit by dnId=6f5e3e4a-08bd-4bbb-984f-08bcbe860d90 for containerID=#2 failed. Corresponding entry not found.
2023-03-23 08:07:09,900 [EventQueue-DeleteBlockStatusForDeletedBlockLogImpl] DEBUG block.DeletedBlockLogImpl (DeletedBlockLogImpl.java:isTransactionFailed(314)) - Got block deletion ACK from datanode, TXIDs=3, success=true
2023-03-23 08:07:09,900 [EventQueue-DeleteBlockStatusForDeletedBlockLogImpl] DEBUG block.DeletedBlockLogImpl (DeletedBlockLogImpl.java:commitTransactions(260)) - Transaction txId=3 commit by dnId=6f5e3e4a-08bd-4bbb-984f-08bcbe860d90 for containerID=#3 failed. Corresponding entry not found.
2023-03-23 08:07:09,903 [BlockDeletingService#3] INFO  interfaces.ContainerDeletionChoosingPolicyTemplate (ContainerDeletionChoosingPolicyTemplate.java:chooseContainerForBlockDeletion(83)) - Chosen 0/5000 blocks from 0 candidate containers.
2023-03-23 08:07:09,936 [BlockDeletingService#1] INFO  interfaces.ContainerDeletionChoosingPolicyTemplate (ContainerDeletionChoosingPolicyTemplate.java:chooseContainerForBlockDeletion(83)) - Chosen 0/5000 blocks from 0 candidate containers.
2023-03-23 08:07:09,936 [BlockDeletingService#7] INFO  interfaces.ContainerDeletionChoosingPolicyTemplate (ContainerDeletionChoosingPolicyTemplate.java:chooseContainerForBlockDeletion(83)) - Chosen 0/5000 blocks from 0 candidate containers.
2023-03-23 08:07:09,994 [SCMBlockDeletingService#0] DEBUG block.SCMBlockDeletingService (SCMBlockDeletingService.java:call(136)) - Running DeletedBlockTransactionScanner
2023-03-23 08:07:10,003 [BlockDeletingService#3] INFO  interfaces.ContainerDeletionChoosingPolicyTemplate (ContainerDeletionChoosingPolicyTemplate.java:chooseContainerForBlockDeletion(83)) - Chosen 0/5000 blocks from 0 candidate containers.
2023-03-23 08:07:10,036 [BlockDeletingService#1] INFO  interfaces.ContainerDeletionChoosingPolicyTemplate (ContainerDeletionChoosingPolicyTemplate.java:chooseContainerForBlockDeletion(83)) - Chosen 0/5000 blocks from 0 candidate containers.
2023-03-23 08:07:10,036 [BlockDeletingService#7] INFO  interfaces.ContainerDeletionChoosingPolicyTemplate (ContainerDeletionChoosingPolicyTemplate.java:chooseContainerForBlockDeletion(83)) - Chosen 0/5000 blocks from 0 candidate containers.
2023-03-23 08:07:10,094 [SCMBlockDeletingService#0] DEBUG block.SCMBlockDeletingService (SCMBlockDeletingService.java:call(136)) - Running DeletedBlockTransactionScanner
2023-03-23 08:07:10,103 [BlockDeletingService#3] INFO  interfaces.ContainerDeletionChoosingPolicyTemplate (ContainerDeletionChoosingPolicyTemplate.java:chooseContainerForBlockDeletion(83)) - Chosen 0/5000 blocks from 0 candidate containers.
2023-03-23 08:07:10,136 [BlockDeletingService#1] INFO  interfaces.ContainerDeletionChoosingPolicyTemplate (ContainerDeletionChoosingPolicyTemplate.java:chooseContainerForBlockDeletion(83)) - Chosen 0/5000 blocks from 0 candidate containers.
2023-03-23 08:07:10,136 [BlockDeletingService#7] INFO  interfaces.ContainerDeletionChoosingPolicyTemplate (ContainerDeletionChoosingPolicyTemplate.java:chooseContainerForBlockDeletion(83)) - Chosen 0/5000 blocks from 0 candidate containers.
2023-03-23 08:07:10,162 [org.apache.hadoop.ozone.container.common.statemachine.commandhandler.DeleteBlocksCommandHandler$DeleteCmdWorker@57979fd9] INFO  commandhandler.DeleteBlocksCommandHandler (DeleteBlocksCommandHandler.java:processCmd(272)) - Start to delete container blocks, TXIDs=[1(6),2(6),3(6)], numOfContainers=3, numOfBlocks=3
2023-03-23 08:07:10,163 [DeleteBlocksCommandHandlerThread-1] INFO  commandhandler.DeleteBlocksCommandHandler (DeleteBlocksCommandHandler.java:logDeleteTransaction(489)) - Delete blocks for containerId: 1 is either received out of order or retried, 1 <= 1
2023-03-23 08:07:10,163 [DeleteBlocksCommandHandlerThread-3] INFO  commandhandler.DeleteBlocksCommandHandler (DeleteBlocksCommandHandler.java:logDeleteTransaction(489)) - Delete blocks for containerId: 3 is either received out of order or retried, 3 <= 3
2023-03-23 08:07:10,163 [DeleteBlocksCommandHandlerThread-2] INFO  commandhandler.DeleteBlocksCommandHandler (DeleteBlocksCommandHandler.java:logDeleteTransaction(489)) - Delete blocks for containerId: 2 is either received out of order or retried, 2 <= 2
2023-03-23 08:07:10,194 [SCMBlockDeletingService#0] DEBUG block.SCMBlockDeletingService (SCMBlockDeletingService.java:call(136)) - Running DeletedBlockTransactionScanner
2023-03-23 08:07:10,203 [BlockDeletingService#3] INFO  interfaces.ContainerDeletionChoosingPolicyTemplate (ContainerDeletionChoosingPolicyTemplate.java:chooseContainerForBlockDeletion(83)) - Chosen 0/5000 blocks from 0 candidate containers.
2023-03-23 08:07:10,236 [BlockDeletingService#1] INFO  interfaces.ContainerDeletionChoosingPolicyTemplate (ContainerDeletionChoosingPolicyTemplate.java:chooseContainerForBlockDeletion(83)) - Chosen 3/4997 blocks from 3 candidate containers.
2023-03-23 08:07:10,236 [BlockDeletingService#7] INFO  interfaces.ContainerDeletionChoosingPolicyTemplate (ContainerDeletionChoosingPolicyTemplate.java:chooseContainerForBlockDeletion(83)) - Chosen 0/5000 blocks from 0 candidate containers.
2023-03-23 08:07:10,237 [BlockDeletingService#1] WARN  keyvalue.KeyValueHandler (KeyValueHandler.java:deleteUnreferenced(1211)) - Missing delete block(Container = 1, Block = 111677748019200001
2023-03-23 08:07:10,237 [BlockDeletingService#1] WARN  keyvalue.KeyValueHandler (KeyValueHandler.java:deleteUnreferenced(1211)) - Missing delete block(Container = 2, Block = 111677748019200002
2023-03-23 08:07:10,237 [BlockDeletingService#0] WARN  keyvalue.KeyValueHandler (KeyValueHandler.java:deleteUnreferenced(1211)) - Missing delete block(Container = 3, Block = 111677748019200003
2023-03-23 08:07:10,294 [SCMBlockDeletingService#0] DEBUG block.SCMBlockDeletingService (SCMBlockDeletingService.java:call(136)) - Running DeletedBlockTransactionScanner
2023-03-23 08:07:10,303 [BlockDeletingService#3] INFO  interfaces.ContainerDeletionChoosingPolicyTemplate (ContainerDeletionChoosingPolicyTemplate.java:chooseContainerForBlockDeletion(83)) - Chosen 0/5000 blocks from 0 candidate containers.
2023-03-23 08:07:10,306 [EventQueue-DeleteBlockStatusForDeletedBlockLogImpl] DEBUG block.DeletedBlockLogImpl (DeletedBlockLogImpl.java:isTransactionFailed(314)) - Got block deletion ACK from datanode, TXIDs=1, success=true
2023-03-23 08:07:10,306 [EventQueue-DeleteBlockStatusForDeletedBlockLogImpl] DEBUG block.DeletedBlockLogImpl (DeletedBlockLogImpl.java:commitTransactions(260)) - Transaction txId=1 commit by dnId=9c0bd176-fc91-437f-a400-955ac6fa2da9 for containerID=#1 failed. Corresponding entry not found.
2023-03-23 08:07:10,306 [EventQueue-DeleteBlockStatusForDeletedBlockLogImpl] DEBUG block.DeletedBlockLogImpl (DeletedBlockLogImpl.java:isTransactionFailed(314)) - Got block deletion ACK from datanode, TXIDs=2, success=true
2023-03-23 08:07:10,306 [EventQueue-DeleteBlockStatusForDeletedBlockLogImpl] DEBUG block.DeletedBlockLogImpl (DeletedBlockLogImpl.java:commitTransactions(260)) - Transaction txId=2 commit by dnId=9c0bd176-fc91-437f-a400-955ac6fa2da9 for containerID=#2 failed. Corresponding entry not found.
2023-03-23 08:07:10,306 [EventQueue-DeleteBlockStatusForDeletedBlockLogImpl] DEBUG block.DeletedBlockLogImpl (DeletedBlockLogImpl.java:isTransactionFailed(314)) - Got block deletion ACK from datanode, TXIDs=3, success=true
2023-03-23 08:07:10,306 [EventQueue-DeleteBlockStatusForDeletedBlockLogImpl] DEBUG block.DeletedBlockLogImpl (DeletedBlockLogImpl.java:commitTransactions(260)) - Transaction txId=3 commit by dnId=9c0bd176-fc91-437f-a400-955ac6fa2da9 for containerID=#3 failed. Corresponding entry not found.
2023-03-23 08:07:10,337 [BlockDeletingService#8] INFO  interfaces.ContainerDeletionChoosingPolicyTemplate (ContainerDeletionChoosingPolicyTemplate.java:chooseContainerForBlockDeletion(83)) - Chosen 0/5000 blocks from 0 candidate containers.
2023-03-23 08:07:10,337 [BlockDeletingService#7] INFO  interfaces.ContainerDeletionChoosingPolicyTemplate (ContainerDeletionChoosingPolicyTemplate.java:chooseContainerForBlockDeletion(83)) - Chosen 0/5000 blocks from 0 candidate containers.
2023-03-23 08:07:10,394 [SCMBlockDeletingService#0] DEBUG block.SCMBlockDeletingService (SCMBlockDeletingService.java:call(136)) - Running DeletedBlockTransactionScanner
2023-03-23 08:07:10,404 [BlockDeletingService#3] INFO  interfaces.ContainerDeletionChoosingPolicyTemplate (ContainerDeletionChoosingPolicyTemplate.java:chooseContainerForBlockDeletion(83)) - Chosen 0/5000 blocks from 0 candidate containers.
2023-03-23 08:07:10,437 [BlockDeletingService#8] INFO  interfaces.ContainerDeletionChoosingPolicyTemplate (ContainerDeletionChoosingPolicyTemplate.java:chooseContainerForBlockDeletion(83)) - Chosen 0/5000 blocks from 0 candidate containers.
2023-03-23 08:07:10,437 [BlockDeletingService#7] INFO  interfaces.ContainerDeletionChoosingPolicyTemplate (ContainerDeletionChoosingPolicyTemplate.java:chooseContainerForBlockDeletion(83)) - Chosen 0/5000 blocks from 0 candidate containers.
2023-03-23 08:07:10,494 [SCMBlockDeletingService#0] DEBUG block.SCMBlockDeletingService (SCMBlockDeletingService.java:call(136)) - Running DeletedBlockTransactionScanner
2023-03-23 08:07:10,504 [BlockDeletingService#3] INFO  interfaces.ContainerDeletionChoosingPolicyTemplate (ContainerDeletionChoosingPolicyTemplate.java:chooseContainerForBlockDeletion(83)) - Chosen 0/5000 blocks from 0 candidate containers.
2023-03-23 08:07:10,537 [BlockDeletingService#8] INFO  interfaces.ContainerDeletionChoosingPolicyTemplate (ContainerDeletionChoosingPolicyTemplate.java:chooseContainerForBlockDeletion(83)) - Chosen 0/5000 blocks from 0 candidate containers.
2023-03-23 08:07:10,537 [BlockDeletingService#7] INFO  interfaces.ContainerDeletionChoosingPolicyTemplate (ContainerDeletionChoosingPolicyTemplate.java:chooseContainerForBlockDeletion(83)) - Chosen 0/5000 blocks from 0 candidate containers.
2023-03-23 08:07:10,594 [SCMBlockDeletingService#0] DEBUG block.SCMBlockDeletingService (SCMBlockDeletingService.java:call(136)) - Running DeletedBlockTransactionScanner
2023-03-23 08:07:10,604 [BlockDeletingService#3] INFO  interfaces.ContainerDeletionChoosingPolicyTemplate (ContainerDeletionChoosingPolicyTemplate.java:chooseContainerForBlockDeletion(83)) - Chosen 0/5000 blocks from 0 candidate containers.
2023-03-23 08:07:10,637 [BlockDeletingService#8] INFO  interfaces.ContainerDeletionChoosingPolicyTemplate (ContainerDeletionChoosingPolicyTemplate.java:chooseContainerForBlockDeletion(83)) - Chosen 0/5000 blocks from 0 candidate containers.
2023-03-23 08:07:10,637 [BlockDeletingService#7] INFO  interfaces.ContainerDeletionChoosingPolicyTemplate (ContainerDeletionChoosingPolicyTemplate.java:chooseContainerForBlockDeletion(83)) - Chosen 0/5000 blocks from 0 candidate containers.
2023-03-23 08:07:10,694 [SCMBlockDeletingService#0] DEBUG block.SCMBlockDeletingService (SCMBlockDeletingService.java:call(136)) - Running DeletedBlockTransactionScanner
2023-03-23 08:07:10,704 [BlockDeletingService#3] INFO  interfaces.ContainerDeletionChoosingPolicyTemplate (ContainerDeletionChoosingPolicyTemplate.java:chooseContainerForBlockDeletion(83)) - Chosen 0/5000 blocks from 0 candidate containers.
2023-03-23 08:07:10,738 [BlockDeletingService#7] INFO  interfaces.ContainerDeletionChoosingPolicyTemplate (ContainerDeletionChoosingPolicyTemplate.java:chooseContainerForBlockDeletion(83)) - Chosen 0/5000 blocks from 0 candidate containers.
2023-03-23 08:07:10,738 [BlockDeletingService#8] INFO  interfaces.ContainerDeletionChoosingPolicyTemplate (ContainerDeletionChoosingPolicyTemplate.java:chooseContainerForBlockDeletion(83)) - Chosen 0/5000 blocks from 0 candidate containers.
2023-03-23 08:07:10,794 [SCMBlockDeletingService#0] DEBUG block.SCMBlockDeletingService (SCMBlockDeletingService.java:call(136)) - Running DeletedBlockTransactionScanner
2023-03-23 08:07:10,804 [BlockDeletingService#3] INFO  interfaces.ContainerDeletionChoosingPolicyTemplate (ContainerDeletionChoosingPolicyTemplate.java:chooseContainerForBlockDeletion(83)) - Chosen 0/5000 blocks from 0 candidate containers.
2023-03-23 08:07:10,838 [BlockDeletingService#7] INFO  interfaces.ContainerDeletionChoosingPolicyTemplate (ContainerDeletionChoosingPolicyTemplate.java:chooseContainerForBlockDeletion(83)) - Chosen 0/5000 blocks from 0 candidate containers.
2023-03-23 08:07:10,839 [BlockDeletingService#8] INFO  interfaces.ContainerDeletionChoosingPolicyTemplate (ContainerDeletionChoosingPolicyTemplate.java:chooseContainerForBlockDeletion(83)) - Chosen 0/5000 blocks from 0 candidate containers.
2023-03-23 08:07:10,894 [SCMBlockDeletingService#0] DEBUG block.SCMBlockDeletingService (SCMBlockDeletingService.java:call(136)) - Running DeletedBlockTransactionScanner
2023-03-23 08:07:10,905 [BlockDeletingService#3] INFO  interfaces.ContainerDeletionChoosingPolicyTemplate (ContainerDeletionChoosingPolicyTemplate.java:chooseContainerForBlockDeletion(83)) - Chosen 0/5000 blocks from 0 candidate containers.
2023-03-23 08:07:10,938 [BlockDeletingService#7] INFO  interfaces.ContainerDeletionChoosingPolicyTemplate (ContainerDeletionChoosingPolicyTemplate.java:chooseContainerForBlockDeletion(83)) - Chosen 0/5000 blocks from 0 candidate containers.
2023-03-23 08:07:10,939 [BlockDeletingService#8] INFO  interfaces.ContainerDeletionChoosingPolicyTemplate (ContainerDeletionChoosingPolicyTemplate.java:chooseContainerForBlockDeletion(83)) - Chosen 0/5000 blocks from 0 candidate containers.
2023-03-23 08:07:10,994 [SCMBlockDeletingService#0] DEBUG block.SCMBlockDeletingService (SCMBlockDeletingService.java:call(136)) - Running DeletedBlockTransactionScanner
2023-03-23 08:07:11,005 [BlockDeletingService#3] INFO  interfaces.ContainerDeletionChoosingPolicyTemplate (ContainerDeletionChoosingPolicyTemplate.java:chooseContainerForBlockDeletion(83)) - Chosen 0/5000 blocks from 0 candidate containers.
2023-03-23 08:07:11,038 [BlockDeletingService#7] INFO  interfaces.ContainerDeletionChoosingPolicyTemplate (ContainerDeletionChoosingPolicyTemplate.java:chooseContainerForBlockDeletion(83)) - Chosen 0/5000 blocks from 0 candidate containers.
2023-03-23 08:07:11,039 [BlockDeletingService#8] INFO  interfaces.ContainerDeletionChoosingPolicyTemplate (ContainerDeletionChoosingPolicyTemplate.java:chooseContainerForBlockDeletion(83)) - Chosen 0/5000 blocks from 0 candidate containers.
2023-03-23 08:07:11,094 [SCMBlockDeletingService#0] DEBUG block.SCMBlockDeletingService (SCMBlockDeletingService.java:call(136)) - Running DeletedBlockTransactionScanner
2023-03-23 08:07:11,105 [BlockDeletingService#3] INFO  interfaces.ContainerDeletionChoosingPolicyTemplate (ContainerDeletionChoosingPolicyTemplate.java:chooseContainerForBlockDeletion(83)) - Chosen 0/5000 blocks from 0 candidate containers.
2023-03-23 08:07:11,139 [BlockDeletingService#7] INFO  interfaces.ContainerDeletionChoosingPolicyTemplate (ContainerDeletionChoosingPolicyTemplate.java:chooseContainerForBlockDeletion(83)) - Chosen 0/5000 blocks from 0 candidate containers.
2023-03-23 08:07:11,139 [BlockDeletingService#8] INFO  interfaces.ContainerDeletionChoosingPolicyTemplate (ContainerDeletionChoosingPolicyTemplate.java:chooseContainerForBlockDeletion(83)) - Chosen 0/5000 blocks from 0 candidate containers.
2023-03-23 08:07:11,141 [Listener at 127.0.0.1/35553] INFO  ozoneimpl.OzoneContainer (OzoneContainer.java:stop(423)) - Attempting to stop container services.
2023-03-23 08:07:11,142 [Listener at 127.0.0.1/35553] INFO  server.RaftServer (RaftServerProxy.java:lambda$close$6(409)) - 266f5cc7-0c64-4a72-9a4b-104b6d67fb98: close
2023-03-23 08:07:11,143 [Listener at 127.0.0.1/35553] INFO  server.GrpcService (GrpcService.java:closeImpl(271)) - 266f5cc7-0c64-4a72-9a4b-104b6d67fb98: shutdown server GrpcServerProtocolService now
2023-03-23 08:07:11,150 [Listener at 127.0.0.1/35553] INFO  server.GrpcServerProtocolClient (GrpcServerProtocolClient.java:close(101)) - 6f5e3e4a-08bd-4bbb-984f-08bcbe860d90 Close channels
2023-03-23 08:07:11,150 [266f5cc7-0c64-4a72-9a4b-104b6d67fb98-impl-thread1] INFO  server.RaftServer$Division (RaftServerImpl.java:lambda$close$4(458)) - 266f5cc7-0c64-4a72-9a4b-104b6d67fb98@group-FA29D6D30D5D: shutdown
2023-03-23 08:07:11,151 [266f5cc7-0c64-4a72-9a4b-104b6d67fb98-impl-thread1] INFO  util.JmxRegister (JmxRegister.java:unregister(73)) - Successfully un-registered JMX Bean with object name Ratis:service=RaftServer,group=group-FA29D6D30D5D,id=266f5cc7-0c64-4a72-9a4b-104b6d67fb98
2023-03-23 08:07:11,151 [266f5cc7-0c64-4a72-9a4b-104b6d67fb98-impl-thread1] INFO  impl.RoleInfo (RoleInfo.java:shutdownLeaderState(93)) - 266f5cc7-0c64-4a72-9a4b-104b6d67fb98: shutdown 266f5cc7-0c64-4a72-9a4b-104b6d67fb98@group-FA29D6D30D5D-LeaderStateImpl
2023-03-23 08:07:11,151 [266f5cc7-0c64-4a72-9a4b-104b6d67fb98-impl-thread1] INFO  impl.PendingRequests (PendingRequests.java:sendNotLeaderResponses(282)) - 266f5cc7-0c64-4a72-9a4b-104b6d67fb98@group-FA29D6D30D5D-PendingRequests: sendNotLeaderResponses
2023-03-23 08:07:11,151 [266f5cc7-0c64-4a72-9a4b-104b6d67fb98@group-FA29D6D30D5D->9c0bd176-fc91-437f-a400-955ac6fa2da9-GrpcLogAppender-LogAppenderDaemon] WARN  server.GrpcLogAppender (GrpcLogAppender.java:mayWait(200)) - 266f5cc7-0c64-4a72-9a4b-104b6d67fb98@group-FA29D6D30D5D->9c0bd176-fc91-437f-a400-955ac6fa2da9-GrpcLogAppender: Wait interrupted by java.lang.InterruptedException
2023-03-23 08:07:11,151 [266f5cc7-0c64-4a72-9a4b-104b6d67fb98@group-FA29D6D30D5D->6f5e3e4a-08bd-4bbb-984f-08bcbe860d90-GrpcLogAppender-LogAppenderDaemon] WARN  server.GrpcLogAppender (GrpcLogAppender.java:mayWait(200)) - 266f5cc7-0c64-4a72-9a4b-104b6d67fb98@group-FA29D6D30D5D->6f5e3e4a-08bd-4bbb-984f-08bcbe860d90-GrpcLogAppender: Wait interrupted by java.lang.InterruptedException
2023-03-23 08:07:11,151 [266f5cc7-0c64-4a72-9a4b-104b6d67fb98-impl-thread1] INFO  impl.StateMachineUpdater (StateMachineUpdater.java:stopAndJoin(153)) - 266f5cc7-0c64-4a72-9a4b-104b6d67fb98@group-FA29D6D30D5D-StateMachineUpdater: set stopIndex = 0
2023-03-23 08:07:11,158 [266f5cc7-0c64-4a72-9a4b-104b6d67fb98@group-FA29D6D30D5D-StateMachineUpdater] INFO  ratis.ContainerStateMachine (ContainerStateMachine.java:takeSnapshot(330)) - group-FA29D6D30D5D: Taking a snapshot at:(t:1, i:0) file /home/runner/work/ozone/ozone/hadoop-ozone/integration-test/target/test-dir/MiniOzoneClusterImpl-31e8183b-455c-41dd-a5db-82de5ef729db/datanode-0/data/ratis/67437f06-9c9b-4aec-aa9f-fa29d6d30d5d/sm/snapshot.1_0
2023-03-23 08:07:11,158 [grpc-default-executor-3] INFO  server.GrpcServerProtocolService (GrpcServerProtocolService.java:onCompleted(143)) - 6f5e3e4a-08bd-4bbb-984f-08bcbe860d90: Completed APPEND_ENTRIES, lastRequest: null
2023-03-23 08:07:11,159 [grpc-default-executor-0] INFO  server.GrpcServerProtocolService (GrpcServerProtocolService.java:onCompleted(143)) - 9c0bd176-fc91-437f-a400-955ac6fa2da9: Completed APPEND_ENTRIES, lastRequest: null
2023-03-23 08:07:11,159 [grpc-default-executor-4] INFO  server.GrpcServerProtocolService (GrpcServerProtocolService.java:onCompleted(143)) - 6f5e3e4a-08bd-4bbb-984f-08bcbe860d90: Completed APPEND_ENTRIES, lastRequest: 266f5cc7-0c64-4a72-9a4b-104b6d67fb98->6f5e3e4a-08bd-4bbb-984f-08bcbe860d90#1-t1,previous=(t:0, i:0),leaderCommit=-1,initializing? true,entries: size=1, first=(t:1, i:0), CONFIGURATIONENTRY(current:id: "266f5cc7-0c64-4a72-9a4b-104b6d67fb98"
address: "10.1.0.214:41491"
priority: 1
dataStreamAddress: "10.1.0.214:46055"
clientAddress: "10.1.0.214:41491"
adminAddress: "10.1.0.214:41491"
startupRole: FOLLOWER
,id: "6f5e3e4a-08bd-4bbb-984f-08bcbe860d90"
address: "10.1.0.214:39789"
dataStreamAddress: "10.1.0.214:40863"
clientAddress: "10.1.0.214:39789"
adminAddress: "10.1.0.214:39789"
startupRole: FOLLOWER
,id: "9c0bd176-fc91-437f-a400-955ac6fa2da9"
address: "10.1.0.214:41819"
dataStreamAddress: "10.1.0.214:34391"
clientAddress: "10.1.0.214:41819"
adminAddress: "10.1.0.214:41819"
startupRole: FOLLOWER
, old:)
2023-03-23 08:07:11,161 [grpc-default-executor-1] INFO  server.GrpcServerProtocolService (GrpcServerProtocolService.java:onCompleted(143)) - 9c0bd176-fc91-437f-a400-955ac6fa2da9: Completed APPEND_ENTRIES, lastRequest: 266f5cc7-0c64-4a72-9a4b-104b6d67fb98->9c0bd176-fc91-437f-a400-955ac6fa2da9#1-t1,previous=(t:0, i:0),leaderCommit=0,initializing? true,entries: size=1, first=(t:1, i:0), CONFIGURATIONENTRY(current:id: "266f5cc7-0c64-4a72-9a4b-104b6d67fb98"
address: "10.1.0.214:41491"
priority: 1
dataStreamAddress: "10.1.0.214:46055"
clientAddress: "10.1.0.214:41491"
adminAddress: "10.1.0.214:41491"
startupRole: FOLLOWER
,id: "6f5e3e4a-08bd-4bbb-984f-08bcbe860d90"
address: "10.1.0.214:39789"
dataStreamAddress: "10.1.0.214:40863"
clientAddress: "10.1.0.214:39789"
adminAddress: "10.1.0.214:39789"
startupRole: FOLLOWER
,id: "9c0bd176-fc91-437f-a400-955ac6fa2da9"
address: "10.1.0.214:41819"
dataStreamAddress: "10.1.0.214:34391"
clientAddress: "10.1.0.214:41819"
adminAddress: "10.1.0.214:41819"
startupRole: FOLLOWER
, old:)
2023-03-23 08:07:11,161 [grpc-default-executor-2] INFO  server.GrpcLogAppender (GrpcLogAppender.java:onCompleted(415)) - 266f5cc7-0c64-4a72-9a4b-104b6d67fb98@group-FA29D6D30D5D->9c0bd176-fc91-437f-a400-955ac6fa2da9-AppendLogResponseHandler: follower responses appendEntries COMPLETED
2023-03-23 08:07:11,161 [grpc-default-executor-2] INFO  leader.FollowerInfo (FollowerInfoImpl.java:lambda$new$0(48)) - 266f5cc7-0c64-4a72-9a4b-104b6d67fb98@group-FA29D6D30D5D->9c0bd176-fc91-437f-a400-955ac6fa2da9: nextIndex: updateUnconditionally 1 -> 0
2023-03-23 08:07:11,162 [266f5cc7-0c64-4a72-9a4b-104b6d67fb98@group-FA29D6D30D5D-StateMachineUpdater] INFO  ratis.ContainerStateMachine (ContainerStateMachine.java:takeSnapshot(341)) - group-FA29D6D30D5D: Finished taking a snapshot at:(t:1, i:0) file:/home/runner/work/ozone/ozone/hadoop-ozone/integration-test/target/test-dir/MiniOzoneClusterImpl-31e8183b-455c-41dd-a5db-82de5ef729db/datanode-0/data/ratis/67437f06-9c9b-4aec-aa9f-fa29d6d30d5d/sm/snapshot.1_0 took: 4 ms
2023-03-23 08:07:11,162 [266f5cc7-0c64-4a72-9a4b-104b6d67fb98@group-FA29D6D30D5D-StateMachineUpdater] INFO  impl.StateMachineUpdater (StateMachineUpdater.java:takeSnapshot(287)) - 266f5cc7-0c64-4a72-9a4b-104b6d67fb98@group-FA29D6D30D5D-StateMachineUpdater: Took a snapshot at index 0
2023-03-23 08:07:11,162 [266f5cc7-0c64-4a72-9a4b-104b6d67fb98@group-FA29D6D30D5D-StateMachineUpdater] INFO  impl.StateMachineUpdater (StateMachineUpdater.java:lambda$new$0(92)) - 266f5cc7-0c64-4a72-9a4b-104b6d67fb98@group-FA29D6D30D5D-StateMachineUpdater: snapshotIndex: updateIncreasingly -1 -> 0
2023-03-23 08:07:11,162 [266f5cc7-0c64-4a72-9a4b-104b6d67fb98-impl-thread1] INFO  server.RaftServer$Division (ServerState.java:close(466)) - 266f5cc7-0c64-4a72-9a4b-104b6d67fb98@group-FA29D6D30D5D: closes. applyIndex: 0
2023-03-23 08:07:11,162 [266f5cc7-0c64-4a72-9a4b-104b6d67fb98@group-FA29D6D30D5D-SegmentedRaftLogWorker] INFO  segmented.SegmentedRaftLogWorker (SegmentedRaftLogWorker.java:run(347)) - 266f5cc7-0c64-4a72-9a4b-104b6d67fb98@group-FA29D6D30D5D-SegmentedRaftLogWorker was interrupted, exiting. There are 0 tasks remaining in the queue.
2023-03-23 08:07:11,163 [grpc-default-executor-0] INFO  server.GrpcLogAppender (GrpcLogAppender.java:onCompleted(415)) - 266f5cc7-0c64-4a72-9a4b-104b6d67fb98@group-FA29D6D30D5D->9c0bd176-fc91-437f-a400-955ac6fa2da9-AppendLogResponseHandler: follower responses appendEntries COMPLETED
2023-03-23 08:07:11,163 [grpc-default-executor-0] INFO  leader.FollowerInfo (FollowerInfoImpl.java:lambda$new$0(48)) - 266f5cc7-0c64-4a72-9a4b-104b6d67fb98@group-FA29D6D30D5D->9c0bd176-fc91-437f-a400-955ac6fa2da9: nextIndex: updateUnconditionally 0 -> 0
2023-03-23 08:07:11,163 [grpc-default-executor-5] INFO  server.GrpcLogAppender (GrpcLogAppender.java:onCompleted(415)) - 266f5cc7-0c64-4a72-9a4b-104b6d67fb98@group-FA29D6D30D5D->6f5e3e4a-08bd-4bbb-984f-08bcbe860d90-AppendLogResponseHandler: follower responses appendEntries COMPLETED
2023-03-23 08:07:11,163 [grpc-default-executor-5] WARN  server.GrpcLogAppender (GrpcLogAppender.java:resetClient(137)) - 266f5cc7-0c64-4a72-9a4b-104b6d67fb98@group-FA29D6D30D5D->6f5e3e4a-08bd-4bbb-984f-08bcbe860d90-GrpcLogAppender: Failed to getClient for 6f5e3e4a-08bd-4bbb-984f-08bcbe860d90
org.apache.ratis.protocol.exceptions.AlreadyClosedException: 266f5cc7-0c64-4a72-9a4b-104b6d67fb98 is already CLOSED
	at org.apache.ratis.util.PeerProxyMap$PeerAndProxy.getProxy(PeerProxyMap.java:61)
	at org.apache.ratis.util.PeerProxyMap.getProxy(PeerProxyMap.java:115)
	at org.apache.ratis.grpc.server.GrpcLogAppender.getClient(GrpcLogAppender.java:116)
	at org.apache.ratis.grpc.server.GrpcLogAppender.resetClient(GrpcLogAppender.java:121)
	at org.apache.ratis.grpc.server.GrpcLogAppender.access$500(GrpcLogAppender.java:58)
	at org.apache.ratis.grpc.server.GrpcLogAppender$AppendLogResponseHandler.onCompleted(GrpcLogAppender.java:416)
	at org.apache.ratis.thirdparty.io.grpc.stub.ClientCalls$StreamObserverToCallListenerAdapter.onClose(ClientCalls.java:485)
	at org.apache.ratis.thirdparty.io.grpc.internal.ClientCallImpl.closeObserver(ClientCallImpl.java:562)
	at org.apache.ratis.thirdparty.io.grpc.internal.ClientCallImpl.access$300(ClientCallImpl.java:70)
	at org.apache.ratis.thirdparty.io.grpc.internal.ClientCallImpl$ClientStreamListenerImpl$1StreamClosed.runInternal(ClientCallImpl.java:743)
	at org.apache.ratis.thirdparty.io.grpc.internal.ClientCallImpl$ClientStreamListenerImpl$1StreamClosed.runInContext(ClientCallImpl.java:722)
	at org.apache.ratis.thirdparty.io.grpc.internal.ContextRunnable.run(ContextRunnable.java:37)
	at org.apache.ratis.thirdparty.io.grpc.internal.SerializingExecutor.run(SerializingExecutor.java:133)
	at java.util.concurrent.ThreadPoolExecutor.runWorker(ThreadPoolExecutor.java:1149)
	at java.util.concurrent.ThreadPoolExecutor$Worker.run(ThreadPoolExecutor.java:624)
	at java.lang.Thread.run(Thread.java:750)
2023-03-23 08:07:11,169 [266f5cc7-0c64-4a72-9a4b-104b6d67fb98-impl-thread1] INFO  segmented.SegmentedRaftLogWorker (SegmentedRaftLogWorker.java:close(257)) - 266f5cc7-0c64-4a72-9a4b-104b6d67fb98@group-FA29D6D30D5D-SegmentedRaftLogWorker close()
2023-03-23 08:07:11,171 [grpc-default-executor-6] INFO  server.GrpcLogAppender (GrpcLogAppender.java:onCompleted(415)) - 266f5cc7-0c64-4a72-9a4b-104b6d67fb98@group-FA29D6D30D5D->6f5e3e4a-08bd-4bbb-984f-08bcbe860d90-AppendLogResponseHandler: follower responses appendEntries COMPLETED
2023-03-23 08:07:11,171 [grpc-default-executor-6] WARN  server.GrpcLogAppender (GrpcLogAppender.java:resetClient(137)) - 266f5cc7-0c64-4a72-9a4b-104b6d67fb98@group-FA29D6D30D5D->6f5e3e4a-08bd-4bbb-984f-08bcbe860d90-GrpcLogAppender: Failed to getClient for 6f5e3e4a-08bd-4bbb-984f-08bcbe860d90
org.apache.ratis.protocol.exceptions.AlreadyClosedException: 266f5cc7-0c64-4a72-9a4b-104b6d67fb98 is already CLOSED
	at org.apache.ratis.util.PeerProxyMap$PeerAndProxy.getProxy(PeerProxyMap.java:61)
	at org.apache.ratis.util.PeerProxyMap.getProxy(PeerProxyMap.java:115)
	at org.apache.ratis.grpc.server.GrpcLogAppender.getClient(GrpcLogAppender.java:116)
	at org.apache.ratis.grpc.server.GrpcLogAppender.resetClient(GrpcLogAppender.java:121)
	at org.apache.ratis.grpc.server.GrpcLogAppender.access$500(GrpcLogAppender.java:58)
	at org.apache.ratis.grpc.server.GrpcLogAppender$AppendLogResponseHandler.onCompleted(GrpcLogAppender.java:416)
	at org.apache.ratis.thirdparty.io.grpc.stub.ClientCalls$StreamObserverToCallListenerAdapter.onClose(ClientCalls.java:485)
	at org.apache.ratis.thirdparty.io.grpc.internal.ClientCallImpl.closeObserver(ClientCallImpl.java:562)
	at org.apache.ratis.thirdparty.io.grpc.internal.ClientCallImpl.access$300(ClientCallImpl.java:70)
	at org.apache.ratis.thirdparty.io.grpc.internal.ClientCallImpl$ClientStreamListenerImpl$1StreamClosed.runInternal(ClientCallImpl.java:743)
	at org.apache.ratis.thirdparty.io.grpc.internal.ClientCallImpl$ClientStreamListenerImpl$1StreamClosed.runInContext(ClientCallImpl.java:722)
	at org.apache.ratis.thirdparty.io.grpc.internal.ContextRunnable.run(ContextRunnable.java:37)
	at org.apache.ratis.thirdparty.io.grpc.internal.SerializingExecutor.run(SerializingExecutor.java:133)
	at java.util.concurrent.ThreadPoolExecutor.runWorker(ThreadPoolExecutor.java:1149)
	at java.util.concurrent.ThreadPoolExecutor$Worker.run(ThreadPoolExecutor.java:624)
	at java.lang.Thread.run(Thread.java:750)
2023-03-23 08:07:11,174 [Listener at 127.0.0.1/35553] INFO  server.GrpcServerProtocolClient (GrpcServerProtocolClient.java:close(101)) - 9c0bd176-fc91-437f-a400-955ac6fa2da9 Close channels
2023-03-23 08:07:11,177 [Listener at 127.0.0.1/35553] INFO  server.GrpcService (GrpcService.java:closeImpl(280)) - 266f5cc7-0c64-4a72-9a4b-104b6d67fb98: shutdown server GrpcServerProtocolService successfully
2023-03-23 08:07:11,178 [266f5cc7-0c64-4a72-9a4b-104b6d67fb98-NettyServerStreamRpc-bossGroup--thread1] INFO  logging.LoggingHandler (AbstractInternalLogger.java:log(148)) - [id: 0x709b7f00, L:/0:0:0:0:0:0:0:0:46055] CLOSE
2023-03-23 08:07:11,178 [266f5cc7-0c64-4a72-9a4b-104b6d67fb98-NettyServerStreamRpc-bossGroup--thread1] INFO  logging.LoggingHandler (AbstractInternalLogger.java:log(148)) - [id: 0x709b7f00, L:/0:0:0:0:0:0:0:0:46055] INACTIVE
2023-03-23 08:07:11,178 [266f5cc7-0c64-4a72-9a4b-104b6d67fb98-NettyServerStreamRpc-bossGroup--thread1] INFO  logging.LoggingHandler (AbstractInternalLogger.java:log(148)) - [id: 0x709b7f00, L:/0:0:0:0:0:0:0:0:46055] UNREGISTERED
2023-03-23 08:07:11,195 [SCMBlockDeletingService#0] DEBUG block.SCMBlockDeletingService (SCMBlockDeletingService.java:call(136)) - Running DeletedBlockTransactionScanner
2023-03-23 08:07:11,196 [JvmPauseMonitor14] INFO  util.JvmPauseMonitor (JvmPauseMonitor.java:run(111)) - JvmPauseMonitor-266f5cc7-0c64-4a72-9a4b-104b6d67fb98: Stopped
2023-03-23 08:07:11,205 [BlockDeletingService#3] INFO  interfaces.ContainerDeletionChoosingPolicyTemplate (ContainerDeletionChoosingPolicyTemplate.java:chooseContainerForBlockDeletion(83)) - Chosen 0/5000 blocks from 0 candidate containers.
2023-03-23 08:07:11,240 [BlockDeletingService#7] INFO  interfaces.ContainerDeletionChoosingPolicyTemplate (ContainerDeletionChoosingPolicyTemplate.java:chooseContainerForBlockDeletion(83)) - Chosen 0/5000 blocks from 0 candidate containers.
2023-03-23 08:07:11,240 [BlockDeletingService#8] INFO  interfaces.ContainerDeletionChoosingPolicyTemplate (ContainerDeletionChoosingPolicyTemplate.java:chooseContainerForBlockDeletion(83)) - Chosen 0/5000 blocks from 0 candidate containers.
2023-03-23 08:07:11,295 [SCMBlockDeletingService#0] DEBUG block.SCMBlockDeletingService (SCMBlockDeletingService.java:call(136)) - Running DeletedBlockTransactionScanner
2023-03-23 08:07:11,306 [BlockDeletingService#3] INFO  interfaces.ContainerDeletionChoosingPolicyTemplate (ContainerDeletionChoosingPolicyTemplate.java:chooseContainerForBlockDeletion(83)) - Chosen 0/5000 blocks from 0 candidate containers.
2023-03-23 08:07:11,330 [org.apache.hadoop.ozone.container.common.statemachine.commandhandler.DeleteBlocksCommandHandler$DeleteCmdWorker@153cffb8] INFO  commandhandler.DeleteBlocksCommandHandler (DeleteBlocksCommandHandler.java:processCmd(272)) - Start to delete container blocks, TXIDs=[1(8),2(8),3(8)], numOfContainers=3, numOfBlocks=3
2023-03-23 08:07:11,330 [DeleteBlocksCommandHandlerThread-1] INFO  commandhandler.DeleteBlocksCommandHandler (DeleteBlocksCommandHandler.java:logDeleteTransaction(489)) - Delete blocks for containerId: 2 is either received out of order or retried, 2 <= 2
2023-03-23 08:07:11,330 [DeleteBlocksCommandHandlerThread-0] INFO  commandhandler.DeleteBlocksCommandHandler (DeleteBlocksCommandHandler.java:logDeleteTransaction(489)) - Delete blocks for containerId: 1 is either received out of order or retried, 1 <= 1
2023-03-23 08:07:11,330 [DeleteBlocksCommandHandlerThread-1] INFO  commandhandler.DeleteBlocksCommandHandler (DeleteBlocksCommandHandler.java:logDeleteTransaction(489)) - Delete blocks for containerId: 3 is either received out of order or retried, 3 <= 3
2023-03-23 08:07:11,330 [org.apache.hadoop.ozone.container.common.statemachine.commandhandler.DeleteBlocksCommandHandler$DeleteCmdWorker@153cffb8] INFO  commandhandler.DeleteBlocksCommandHandler (DeleteBlocksCommandHandler.java:processCmd(272)) - Start to delete container blocks, TXIDs=[1(9),2(9),3(9)], numOfContainers=3, numOfBlocks=3
2023-03-23 08:07:11,330 [DeleteBlocksCommandHandlerThread-3] INFO  commandhandler.DeleteBlocksCommandHandler (DeleteBlocksCommandHandler.java:logDeleteTransaction(489)) - Delete blocks for containerId: 1 is either received out of order or retried, 1 <= 1
2023-03-23 08:07:11,331 [DeleteBlocksCommandHandlerThread-3] INFO  commandhandler.DeleteBlocksCommandHandler (DeleteBlocksCommandHandler.java:logDeleteTransaction(489)) - Delete blocks for containerId: 2 is either received out of order or retried, 2 <= 2
2023-03-23 08:07:11,331 [DeleteBlocksCommandHandlerThread-3] INFO  commandhandler.DeleteBlocksCommandHandler (DeleteBlocksCommandHandler.java:logDeleteTransaction(489)) - Delete blocks for containerId: 3 is either received out of order or retried, 3 <= 3
2023-03-23 08:07:11,331 [org.apache.hadoop.ozone.container.common.statemachine.commandhandler.DeleteBlocksCommandHandler$DeleteCmdWorker@153cffb8] INFO  commandhandler.DeleteBlocksCommandHandler (DeleteBlocksCommandHandler.java:processCmd(272)) - Start to delete container blocks, TXIDs=[1(10),2(10),3(10)], numOfContainers=3, numOfBlocks=3
2023-03-23 08:07:11,331 [DeleteBlocksCommandHandlerThread-1] INFO  commandhandler.DeleteBlocksCommandHandler (DeleteBlocksCommandHandler.java:logDeleteTransaction(489)) - Delete blocks for containerId: 1 is either received out of order or retried, 1 <= 1
2023-03-23 08:07:11,331 [DeleteBlocksCommandHandlerThread-1] INFO  commandhandler.DeleteBlocksCommandHandler (DeleteBlocksCommandHandler.java:logDeleteTransaction(489)) - Delete blocks for containerId: 2 is either received out of order or retried, 2 <= 2
2023-03-23 08:07:11,331 [DeleteBlocksCommandHandlerThread-1] INFO  commandhandler.DeleteBlocksCommandHandler (DeleteBlocksCommandHandler.java:logDeleteTransaction(489)) - Delete blocks for containerId: 3 is either received out of order or retried, 3 <= 3
2023-03-23 08:07:11,331 [org.apache.hadoop.ozone.container.common.statemachine.commandhandler.DeleteBlocksCommandHandler$DeleteCmdWorker@153cffb8] INFO  commandhandler.DeleteBlocksCommandHandler (DeleteBlocksCommandHandler.java:processCmd(272)) - Start to delete container blocks, TXIDs=[1(11),2(11),3(11)], numOfContainers=3, numOfBlocks=3
2023-03-23 08:07:11,331 [DeleteBlocksCommandHandlerThread-4] INFO  commandhandler.DeleteBlocksCommandHandler (DeleteBlocksCommandHandler.java:logDeleteTransaction(489)) - Delete blocks for containerId: 1 is either received out of order or retried, 1 <= 1
2023-03-23 08:07:11,331 [DeleteBlocksCommandHandlerThread-4] INFO  commandhandler.DeleteBlocksCommandHandler (DeleteBlocksCommandHandler.java:logDeleteTransaction(489)) - Delete blocks for containerId: 2 is either received out of order or retried, 2 <= 2
2023-03-23 08:07:11,331 [DeleteBlocksCommandHandlerThread-4] INFO  commandhandler.DeleteBlocksCommandHandler (DeleteBlocksCommandHandler.java:logDeleteTransaction(489)) - Delete blocks for containerId: 3 is either received out of order or retried, 3 <= 3
2023-03-23 08:07:11,332 [org.apache.hadoop.ozone.container.common.statemachine.commandhandler.DeleteBlocksCommandHandler$DeleteCmdWorker@153cffb8] INFO  commandhandler.DeleteBlocksCommandHandler (DeleteBlocksCommandHandler.java:processCmd(272)) - Start to delete container blocks, TXIDs=[1(12),2(12),3(12)], numOfContainers=3, numOfBlocks=3
2023-03-23 08:07:11,332 [DeleteBlocksCommandHandlerThread-1] INFO  commandhandler.DeleteBlocksCommandHandler (DeleteBlocksCommandHandler.java:logDeleteTransaction(489)) - Delete blocks for containerId: 1 is either received out of order or retried, 1 <= 1
2023-03-23 08:07:11,332 [DeleteBlocksCommandHandlerThread-1] INFO  commandhandler.DeleteBlocksCommandHandler (DeleteBlocksCommandHandler.java:logDeleteTransaction(489)) - Delete blocks for containerId: 2 is either received out of order or retried, 2 <= 2
2023-03-23 08:07:11,332 [DeleteBlocksCommandHandlerThread-1] INFO  commandhandler.DeleteBlocksCommandHandler (DeleteBlocksCommandHandler.java:logDeleteTransaction(489)) - Delete blocks for containerId: 3 is either received out of order or retried, 3 <= 3
2023-03-23 08:07:11,340 [BlockDeletingService#7] INFO  interfaces.ContainerDeletionChoosingPolicyTemplate (ContainerDeletionChoosingPolicyTemplate.java:chooseContainerForBlockDeletion(83)) - Chosen 0/5000 blocks from 0 candidate containers.
2023-03-23 08:07:11,340 [BlockDeletingService#8] INFO  interfaces.ContainerDeletionChoosingPolicyTemplate (ContainerDeletionChoosingPolicyTemplate.java:chooseContainerForBlockDeletion(83)) - Chosen 0/5000 blocks from 0 candidate containers.
2023-03-23 08:07:11,395 [SCMBlockDeletingService#0] DEBUG block.SCMBlockDeletingService (SCMBlockDeletingService.java:call(136)) - Running DeletedBlockTransactionScanner
2023-03-23 08:07:11,406 [BlockDeletingService#3] INFO  interfaces.ContainerDeletionChoosingPolicyTemplate (ContainerDeletionChoosingPolicyTemplate.java:chooseContainerForBlockDeletion(83)) - Chosen 15/4985 blocks from 3 candidate containers.
2023-03-23 08:07:11,407 [BlockDeletingService#4] WARN  keyvalue.KeyValueHandler (KeyValueHandler.java:deleteUnreferenced(1211)) - Missing delete block(Container = 3, Block = 111677748019200003
2023-03-23 08:07:11,407 [BlockDeletingService#3] WARN  keyvalue.KeyValueHandler (KeyValueHandler.java:deleteUnreferenced(1211)) - Missing delete block(Container = 1, Block = 111677748019200001
2023-03-23 08:07:11,407 [BlockDeletingService#4] WARN  keyvalue.KeyValueHandler (KeyValueHandler.java:deleteUnreferenced(1211)) - Missing delete block(Container = 2, Block = 111677748019200002
2023-03-23 08:07:11,440 [BlockDeletingService#7] INFO  interfaces.ContainerDeletionChoosingPolicyTemplate (ContainerDeletionChoosingPolicyTemplate.java:chooseContainerForBlockDeletion(83)) - Chosen 0/5000 blocks from 0 candidate containers.
2023-03-23 08:07:11,440 [BlockDeletingService#8] INFO  interfaces.ContainerDeletionChoosingPolicyTemplate (ContainerDeletionChoosingPolicyTemplate.java:chooseContainerForBlockDeletion(83)) - Chosen 0/5000 blocks from 0 candidate containers.
2023-03-23 08:07:11,495 [SCMBlockDeletingService#0] DEBUG block.SCMBlockDeletingService (SCMBlockDeletingService.java:call(136)) - Running DeletedBlockTransactionScanner
2023-03-23 08:07:11,507 [BlockDeletingService#3] INFO  interfaces.ContainerDeletionChoosingPolicyTemplate (ContainerDeletionChoosingPolicyTemplate.java:chooseContainerForBlockDeletion(83)) - Chosen 12/4988 blocks from 3 candidate containers.
2023-03-23 08:07:11,507 [BlockDeletingService#3] INFO  background.BlockDeletingService (BlockDeletingService.java:deleteViaTransactionStore(483)) - No transaction found in container 1 with pending delete block count 4
2023-03-23 08:07:11,507 [BlockDeletingService#0] INFO  background.BlockDeletingService (BlockDeletingService.java:deleteViaTransactionStore(483)) - No transaction found in container 2 with pending delete block count 4
2023-03-23 08:07:11,507 [BlockDeletingService#2] INFO  background.BlockDeletingService (BlockDeletingService.java:deleteViaTransactionStore(483)) - No transaction found in container 3 with pending delete block count 4
2023-03-23 08:07:11,540 [BlockDeletingService#7] INFO  interfaces.ContainerDeletionChoosingPolicyTemplate (ContainerDeletionChoosingPolicyTemplate.java:chooseContainerForBlockDeletion(83)) - Chosen 0/5000 blocks from 0 candidate containers.
2023-03-23 08:07:11,540 [BlockDeletingService#8] INFO  interfaces.ContainerDeletionChoosingPolicyTemplate (ContainerDeletionChoosingPolicyTemplate.java:chooseContainerForBlockDeletion(83)) - Chosen 0/5000 blocks from 0 candidate containers.
2023-03-23 08:07:11,595 [SCMBlockDeletingService#0] DEBUG block.SCMBlockDeletingService (SCMBlockDeletingService.java:call(136)) - Running DeletedBlockTransactionScanner
2023-03-23 08:07:11,607 [BlockDeletingService#3] INFO  interfaces.ContainerDeletionChoosingPolicyTemplate (ContainerDeletionChoosingPolicyTemplate.java:chooseContainerForBlockDeletion(83)) - Chosen 0/5000 blocks from 0 candidate containers.
2023-03-23 08:07:11,640 [BlockDeletingService#7] INFO  interfaces.ContainerDeletionChoosingPolicyTemplate (ContainerDeletionChoosingPolicyTemplate.java:chooseContainerForBlockDeletion(83)) - Chosen 0/5000 blocks from 0 candidate containers.
2023-03-23 08:07:11,641 [BlockDeletingService#8] INFO  interfaces.ContainerDeletionChoosingPolicyTemplate (ContainerDeletionChoosingPolicyTemplate.java:chooseContainerForBlockDeletion(83)) - Chosen 0/5000 blocks from 0 candidate containers.
2023-03-23 08:07:11,695 [SCMBlockDeletingService#0] DEBUG block.SCMBlockDeletingService (SCMBlockDeletingService.java:call(136)) - Running DeletedBlockTransactionScanner
2023-03-23 08:07:11,707 [BlockDeletingService#3] INFO  interfaces.ContainerDeletionChoosingPolicyTemplate (ContainerDeletionChoosingPolicyTemplate.java:chooseContainerForBlockDeletion(83)) - Chosen 0/5000 blocks from 0 candidate containers.
2023-03-23 08:07:11,741 [BlockDeletingService#7] INFO  interfaces.ContainerDeletionChoosingPolicyTemplate (ContainerDeletionChoosingPolicyTemplate.java:chooseContainerForBlockDeletion(83)) - Chosen 0/5000 blocks from 0 candidate containers.
2023-03-23 08:07:11,741 [BlockDeletingService#8] INFO  interfaces.ContainerDeletionChoosingPolicyTemplate (ContainerDeletionChoosingPolicyTemplate.java:chooseContainerForBlockDeletion(83)) - Chosen 0/5000 blocks from 0 candidate containers.
2023-03-23 08:07:11,795 [SCMBlockDeletingService#0] DEBUG block.SCMBlockDeletingService (SCMBlockDeletingService.java:call(136)) - Running DeletedBlockTransactionScanner
2023-03-23 08:07:11,807 [BlockDeletingService#3] INFO  interfaces.ContainerDeletionChoosingPolicyTemplate (ContainerDeletionChoosingPolicyTemplate.java:chooseContainerForBlockDeletion(83)) - Chosen 0/5000 blocks from 0 candidate containers.
2023-03-23 08:07:11,841 [BlockDeletingService#7] INFO  interfaces.ContainerDeletionChoosingPolicyTemplate (ContainerDeletionChoosingPolicyTemplate.java:chooseContainerForBlockDeletion(83)) - Chosen 0/5000 blocks from 0 candidate containers.
2023-03-23 08:07:11,841 [BlockDeletingService#8] INFO  interfaces.ContainerDeletionChoosingPolicyTemplate (ContainerDeletionChoosingPolicyTemplate.java:chooseContainerForBlockDeletion(83)) - Chosen 0/5000 blocks from 0 candidate containers.
2023-03-23 08:07:11,895 [SCMBlockDeletingService#0] DEBUG block.SCMBlockDeletingService (SCMBlockDeletingService.java:call(136)) - Running DeletedBlockTransactionScanner
2023-03-23 08:07:11,907 [BlockDeletingService#3] INFO  interfaces.ContainerDeletionChoosingPolicyTemplate (ContainerDeletionChoosingPolicyTemplate.java:chooseContainerForBlockDeletion(83)) - Chosen 0/5000 blocks from 0 candidate containers.
2023-03-23 08:07:11,941 [BlockDeletingService#7] INFO  interfaces.ContainerDeletionChoosingPolicyTemplate (ContainerDeletionChoosingPolicyTemplate.java:chooseContainerForBlockDeletion(83)) - Chosen 0/5000 blocks from 0 candidate containers.
2023-03-23 08:07:11,941 [BlockDeletingService#8] INFO  interfaces.ContainerDeletionChoosingPolicyTemplate (ContainerDeletionChoosingPolicyTemplate.java:chooseContainerForBlockDeletion(83)) - Chosen 0/5000 blocks from 0 candidate containers.
2023-03-23 08:07:11,995 [SCMBlockDeletingService#0] DEBUG block.SCMBlockDeletingService (SCMBlockDeletingService.java:call(136)) - Running DeletedBlockTransactionScanner
2023-03-23 08:07:12,008 [BlockDeletingService#3] INFO  interfaces.ContainerDeletionChoosingPolicyTemplate (ContainerDeletionChoosingPolicyTemplate.java:chooseContainerForBlockDeletion(83)) - Chosen 0/5000 blocks from 0 candidate containers.
2023-03-23 08:07:12,041 [BlockDeletingService#7] INFO  interfaces.ContainerDeletionChoosingPolicyTemplate (ContainerDeletionChoosingPolicyTemplate.java:chooseContainerForBlockDeletion(83)) - Chosen 0/5000 blocks from 0 candidate containers.
2023-03-23 08:07:12,041 [BlockDeletingService#8] INFO  interfaces.ContainerDeletionChoosingPolicyTemplate (ContainerDeletionChoosingPolicyTemplate.java:chooseContainerForBlockDeletion(83)) - Chosen 0/5000 blocks from 0 candidate containers.
2023-03-23 08:07:12,095 [SCMBlockDeletingService#0] DEBUG block.SCMBlockDeletingService (SCMBlockDeletingService.java:call(136)) - Running DeletedBlockTransactionScanner
2023-03-23 08:07:12,108 [BlockDeletingService#3] INFO  interfaces.ContainerDeletionChoosingPolicyTemplate (ContainerDeletionChoosingPolicyTemplate.java:chooseContainerForBlockDeletion(83)) - Chosen 0/5000 blocks from 0 candidate containers.
2023-03-23 08:07:12,142 [BlockDeletingService#7] INFO  interfaces.ContainerDeletionChoosingPolicyTemplate (ContainerDeletionChoosingPolicyTemplate.java:chooseContainerForBlockDeletion(83)) - Chosen 0/5000 blocks from 0 candidate containers.
2023-03-23 08:07:12,142 [BlockDeletingService#8] INFO  interfaces.ContainerDeletionChoosingPolicyTemplate (ContainerDeletionChoosingPolicyTemplate.java:chooseContainerForBlockDeletion(83)) - Chosen 0/5000 blocks from 0 candidate containers.
2023-03-23 08:07:12,195 [SCMBlockDeletingService#0] DEBUG block.SCMBlockDeletingService (SCMBlockDeletingService.java:call(136)) - Running DeletedBlockTransactionScanner
2023-03-23 08:07:12,208 [BlockDeletingService#3] INFO  interfaces.ContainerDeletionChoosingPolicyTemplate (ContainerDeletionChoosingPolicyTemplate.java:chooseContainerForBlockDeletion(83)) - Chosen 0/5000 blocks from 0 candidate containers.
2023-03-23 08:07:12,242 [BlockDeletingService#7] INFO  interfaces.ContainerDeletionChoosingPolicyTemplate (ContainerDeletionChoosingPolicyTemplate.java:chooseContainerForBlockDeletion(83)) - Chosen 0/5000 blocks from 0 candidate containers.
2023-03-23 08:07:12,242 [BlockDeletingService#8] INFO  interfaces.ContainerDeletionChoosingPolicyTemplate (ContainerDeletionChoosingPolicyTemplate.java:chooseContainerForBlockDeletion(83)) - Chosen 0/5000 blocks from 0 candidate containers.
2023-03-23 08:07:12,295 [SCMBlockDeletingService#0] DEBUG block.SCMBlockDeletingService (SCMBlockDeletingService.java:call(136)) - Running DeletedBlockTransactionScanner
2023-03-23 08:07:12,308 [BlockDeletingService#3] INFO  interfaces.ContainerDeletionChoosingPolicyTemplate (ContainerDeletionChoosingPolicyTemplate.java:chooseContainerForBlockDeletion(83)) - Chosen 0/5000 blocks from 0 candidate containers.
2023-03-23 08:07:12,342 [BlockDeletingService#7] INFO  interfaces.ContainerDeletionChoosingPolicyTemplate (ContainerDeletionChoosingPolicyTemplate.java:chooseContainerForBlockDeletion(83)) - Chosen 0/5000 blocks from 0 candidate containers.
2023-03-23 08:07:12,342 [BlockDeletingService#8] INFO  interfaces.ContainerDeletionChoosingPolicyTemplate (ContainerDeletionChoosingPolicyTemplate.java:chooseContainerForBlockDeletion(83)) - Chosen 0/5000 blocks from 0 candidate containers.
2023-03-23 08:07:12,396 [SCMBlockDeletingService#0] DEBUG block.SCMBlockDeletingService (SCMBlockDeletingService.java:call(136)) - Running DeletedBlockTransactionScanner
2023-03-23 08:07:12,409 [BlockDeletingService#3] INFO  interfaces.ContainerDeletionChoosingPolicyTemplate (ContainerDeletionChoosingPolicyTemplate.java:chooseContainerForBlockDeletion(83)) - Chosen 0/5000 blocks from 0 candidate containers.
2023-03-23 08:07:12,442 [BlockDeletingService#7] INFO  interfaces.ContainerDeletionChoosingPolicyTemplate (ContainerDeletionChoosingPolicyTemplate.java:chooseContainerForBlockDeletion(83)) - Chosen 0/5000 blocks from 0 candidate containers.
2023-03-23 08:07:12,442 [BlockDeletingService#8] INFO  interfaces.ContainerDeletionChoosingPolicyTemplate (ContainerDeletionChoosingPolicyTemplate.java:chooseContainerForBlockDeletion(83)) - Chosen 0/5000 blocks from 0 candidate containers.
2023-03-23 08:07:12,496 [SCMBlockDeletingService#0] DEBUG block.SCMBlockDeletingService (SCMBlockDeletingService.java:call(136)) - Running DeletedBlockTransactionScanner
2023-03-23 08:07:12,509 [BlockDeletingService#3] INFO  interfaces.ContainerDeletionChoosingPolicyTemplate (ContainerDeletionChoosingPolicyTemplate.java:chooseContainerForBlockDeletion(83)) - Chosen 0/5000 blocks from 0 candidate containers.
2023-03-23 08:07:12,542 [BlockDeletingService#7] INFO  interfaces.ContainerDeletionChoosingPolicyTemplate (ContainerDeletionChoosingPolicyTemplate.java:chooseContainerForBlockDeletion(83)) - Chosen 0/5000 blocks from 0 candidate containers.
2023-03-23 08:07:12,543 [BlockDeletingService#8] INFO  interfaces.ContainerDeletionChoosingPolicyTemplate (ContainerDeletionChoosingPolicyTemplate.java:chooseContainerForBlockDeletion(83)) - Chosen 0/5000 blocks from 0 candidate containers.
2023-03-23 08:07:12,596 [SCMBlockDeletingService#0] DEBUG block.SCMBlockDeletingService (SCMBlockDeletingService.java:call(136)) - Running DeletedBlockTransactionScanner
2023-03-23 08:07:12,609 [BlockDeletingService#3] INFO  interfaces.ContainerDeletionChoosingPolicyTemplate (ContainerDeletionChoosingPolicyTemplate.java:chooseContainerForBlockDeletion(83)) - Chosen 0/5000 blocks from 0 candidate containers.
2023-03-23 08:07:12,643 [BlockDeletingService#7] INFO  interfaces.ContainerDeletionChoosingPolicyTemplate (ContainerDeletionChoosingPolicyTemplate.java:chooseContainerForBlockDeletion(83)) - Chosen 0/5000 blocks from 0 candidate containers.
2023-03-23 08:07:12,643 [BlockDeletingService#8] INFO  interfaces.ContainerDeletionChoosingPolicyTemplate (ContainerDeletionChoosingPolicyTemplate.java:chooseContainerForBlockDeletion(83)) - Chosen 0/5000 blocks from 0 candidate containers.
2023-03-23 08:07:12,696 [SCMBlockDeletingService#0] DEBUG block.SCMBlockDeletingService (SCMBlockDeletingService.java:call(136)) - Running DeletedBlockTransactionScanner
2023-03-23 08:07:12,709 [BlockDeletingService#3] INFO  interfaces.ContainerDeletionChoosingPolicyTemplate (ContainerDeletionChoosingPolicyTemplate.java:chooseContainerForBlockDeletion(83)) - Chosen 0/5000 blocks from 0 candidate containers.
2023-03-23 08:07:12,743 [BlockDeletingService#7] INFO  interfaces.ContainerDeletionChoosingPolicyTemplate (ContainerDeletionChoosingPolicyTemplate.java:chooseContainerForBlockDeletion(83)) - Chosen 0/5000 blocks from 0 candidate containers.
2023-03-23 08:07:12,743 [BlockDeletingService#8] INFO  interfaces.ContainerDeletionChoosingPolicyTemplate (ContainerDeletionChoosingPolicyTemplate.java:chooseContainerForBlockDeletion(83)) - Chosen 0/5000 blocks from 0 candidate containers.
2023-03-23 08:07:12,796 [SCMBlockDeletingService#0] DEBUG block.SCMBlockDeletingService (SCMBlockDeletingService.java:call(136)) - Running DeletedBlockTransactionScanner
2023-03-23 08:07:12,809 [BlockDeletingService#3] INFO  interfaces.ContainerDeletionChoosingPolicyTemplate (ContainerDeletionChoosingPolicyTemplate.java:chooseContainerForBlockDeletion(83)) - Chosen 0/5000 blocks from 0 candidate containers.
2023-03-23 08:07:12,843 [BlockDeletingService#7] INFO  interfaces.ContainerDeletionChoosingPolicyTemplate (ContainerDeletionChoosingPolicyTemplate.java:chooseContainerForBlockDeletion(83)) - Chosen 0/5000 blocks from 0 candidate containers.
2023-03-23 08:07:12,843 [BlockDeletingService#8] INFO  interfaces.ContainerDeletionChoosingPolicyTemplate (ContainerDeletionChoosingPolicyTemplate.java:chooseContainerForBlockDeletion(83)) - Chosen 0/5000 blocks from 0 candidate containers.
2023-03-23 08:07:12,896 [SCMBlockDeletingService#0] DEBUG block.SCMBlockDeletingService (SCMBlockDeletingService.java:call(136)) - Running DeletedBlockTransactionScanner
2023-03-23 08:07:12,910 [BlockDeletingService#3] INFO  interfaces.ContainerDeletionChoosingPolicyTemplate (ContainerDeletionChoosingPolicyTemplate.java:chooseContainerForBlockDeletion(83)) - Chosen 0/5000 blocks from 0 candidate containers.
2023-03-23 08:07:12,944 [BlockDeletingService#7] INFO  interfaces.ContainerDeletionChoosingPolicyTemplate (ContainerDeletionChoosingPolicyTemplate.java:chooseContainerForBlockDeletion(83)) - Chosen 0/5000 blocks from 0 candidate containers.
2023-03-23 08:07:12,944 [BlockDeletingService#8] INFO  interfaces.ContainerDeletionChoosingPolicyTemplate (ContainerDeletionChoosingPolicyTemplate.java:chooseContainerForBlockDeletion(83)) - Chosen 0/5000 blocks from 0 candidate containers.
2023-03-23 08:07:12,996 [SCMBlockDeletingService#0] DEBUG block.SCMBlockDeletingService (SCMBlockDeletingService.java:call(136)) - Running DeletedBlockTransactionScanner
2023-03-23 08:07:13,010 [BlockDeletingService#3] INFO  interfaces.ContainerDeletionChoosingPolicyTemplate (ContainerDeletionChoosingPolicyTemplate.java:chooseContainerForBlockDeletion(83)) - Chosen 0/5000 blocks from 0 candidate containers.
2023-03-23 08:07:13,044 [BlockDeletingService#7] INFO  interfaces.ContainerDeletionChoosingPolicyTemplate (ContainerDeletionChoosingPolicyTemplate.java:chooseContainerForBlockDeletion(83)) - Chosen 0/5000 blocks from 0 candidate containers.
2023-03-23 08:07:13,044 [BlockDeletingService#8] INFO  interfaces.ContainerDeletionChoosingPolicyTemplate (ContainerDeletionChoosingPolicyTemplate.java:chooseContainerForBlockDeletion(83)) - Chosen 0/5000 blocks from 0 candidate containers.
2023-03-23 08:07:13,096 [SCMBlockDeletingService#0] DEBUG block.SCMBlockDeletingService (SCMBlockDeletingService.java:call(136)) - Running DeletedBlockTransactionScanner
2023-03-23 08:07:13,110 [BlockDeletingService#3] INFO  interfaces.ContainerDeletionChoosingPolicyTemplate (ContainerDeletionChoosingPolicyTemplate.java:chooseContainerForBlockDeletion(83)) - Chosen 0/5000 blocks from 0 candidate containers.
2023-03-23 08:07:13,144 [BlockDeletingService#7] INFO  interfaces.ContainerDeletionChoosingPolicyTemplate (ContainerDeletionChoosingPolicyTemplate.java:chooseContainerForBlockDeletion(83)) - Chosen 0/5000 blocks from 0 candidate containers.
2023-03-23 08:07:13,144 [BlockDeletingService#8] INFO  interfaces.ContainerDeletionChoosingPolicyTemplate (ContainerDeletionChoosingPolicyTemplate.java:chooseContainerForBlockDeletion(83)) - Chosen 0/5000 blocks from 0 candidate containers.
2023-03-23 08:07:13,197 [SCMBlockDeletingService#0] DEBUG block.SCMBlockDeletingService (SCMBlockDeletingService.java:call(136)) - Running DeletedBlockTransactionScanner
2023-03-23 08:07:13,206 [Listener at 127.0.0.1/35553] INFO  volume.HddsVolume (HddsVolume.java:closeDbStore(437)) - SchemaV3 db is stopped at /home/runner/work/ozone/ozone/hadoop-ozone/integration-test/target/test-dir/MiniOzoneClusterImpl-31e8183b-455c-41dd-a5db-82de5ef729db/datanode-0/data-0/containers/hdds/31e8183b-455c-41dd-a5db-82de5ef729db/DS-dccabf01-44a2-4fde-9f8e-96c4361691c6/container.db for volume DS-dccabf01-44a2-4fde-9f8e-96c4361691c6
2023-03-23 08:07:13,207 [Listener at 127.0.0.1/35553] INFO  utils.BackgroundService (BackgroundService.java:shutdown(141)) - Shutting down service BlockDeletingService
2023-03-23 08:07:13,208 [Listener at 127.0.0.1/35553] INFO  utils.BackgroundService (BackgroundService.java:shutdown(141)) - Shutting down service StaleRecoveringContainerScrubbingService
2023-03-23 08:07:13,211 [Listener at 127.0.0.1/35553] INFO  statemachine.DatanodeStateMachine (DatanodeStateMachine.java:stopDaemon(601)) - Ozone container server stopped.
2023-03-23 08:07:13,221 [Listener at 127.0.0.1/35553] INFO  handler.ContextHandler (ContextHandler.java:doStop(1159)) - Stopped o.e.j.w.WebAppContext@7481c0ac{hddsDatanode,/,null,STOPPED}{jar:file:/home/runner/.m2/repository/org/apache/ozone/hdds-container-service/1.4.0-SNAPSHOT/hdds-container-service-1.4.0-SNAPSHOT.jar!/webapps/hddsDatanode}
2023-03-23 08:07:13,221 [Listener at 127.0.0.1/35553] INFO  server.AbstractConnector (AbstractConnector.java:doStop(383)) - Stopped ServerConnector@452a1c2f{HTTP/1.1, (http/1.1)}{0.0.0.0:0}
2023-03-23 08:07:13,222 [Listener at 127.0.0.1/35553] INFO  server.session (HouseKeeper.java:stopScavenging(149)) - node0 Stopped scavenging
2023-03-23 08:07:13,222 [Listener at 127.0.0.1/35553] INFO  handler.ContextHandler (ContextHandler.java:doStop(1159)) - Stopped o.e.j.s.ServletContextHandler@110bdf82{static,/static,jar:file:/home/runner/.m2/repository/org/apache/ozone/hdds-container-service/1.4.0-SNAPSHOT/hdds-container-service-1.4.0-SNAPSHOT.jar!/webapps/static,STOPPED}
2023-03-23 08:07:13,222 [Listener at 127.0.0.1/35553] INFO  handler.ContextHandler (ContextHandler.java:doStop(1159)) - Stopped o.e.j.s.ServletContextHandler@7e7d5db8{logs,/logs,file:///home/runner/work/ozone/ozone/hadoop-ozone/integration-test/target/log,STOPPED}
2023-03-23 08:07:13,224 [Listener at 127.0.0.1/35553] INFO  ozone.MiniOzoneClusterImpl (MiniOzoneClusterImpl.java:lambda$waitForHddsDatanodeToStop$3(388)) - Waiting on datanode to be marked stale.
2023-03-23 08:07:13,244 [BlockDeletingService#7] INFO  interfaces.ContainerDeletionChoosingPolicyTemplate (ContainerDeletionChoosingPolicyTemplate.java:chooseContainerForBlockDeletion(83)) - Chosen 0/5000 blocks from 0 candidate containers.
2023-03-23 08:07:13,244 [BlockDeletingService#8] INFO  interfaces.ContainerDeletionChoosingPolicyTemplate (ContainerDeletionChoosingPolicyTemplate.java:chooseContainerForBlockDeletion(83)) - Chosen 0/5000 blocks from 0 candidate containers.
2023-03-23 08:07:13,297 [SCMBlockDeletingService#0] DEBUG block.SCMBlockDeletingService (SCMBlockDeletingService.java:call(136)) - Running DeletedBlockTransactionScanner
2023-03-23 08:07:13,344 [BlockDeletingService#7] INFO  interfaces.ContainerDeletionChoosingPolicyTemplate (ContainerDeletionChoosingPolicyTemplate.java:chooseContainerForBlockDeletion(83)) - Chosen 0/5000 blocks from 0 candidate containers.
2023-03-23 08:07:13,345 [BlockDeletingService#8] INFO  interfaces.ContainerDeletionChoosingPolicyTemplate (ContainerDeletionChoosingPolicyTemplate.java:chooseContainerForBlockDeletion(83)) - Chosen 0/5000 blocks from 0 candidate containers.
2023-03-23 08:07:13,397 [SCMBlockDeletingService#0] DEBUG block.SCMBlockDeletingService (SCMBlockDeletingService.java:call(136)) - Running DeletedBlockTransactionScanner
2023-03-23 08:07:13,445 [BlockDeletingService#7] INFO  interfaces.ContainerDeletionChoosingPolicyTemplate (ContainerDeletionChoosingPolicyTemplate.java:chooseContainerForBlockDeletion(83)) - Chosen 0/5000 blocks from 0 candidate containers.
2023-03-23 08:07:13,445 [BlockDeletingService#8] INFO  interfaces.ContainerDeletionChoosingPolicyTemplate (ContainerDeletionChoosingPolicyTemplate.java:chooseContainerForBlockDeletion(83)) - Chosen 0/5000 blocks from 0 candidate containers.
2023-03-23 08:07:13,497 [SCMBlockDeletingService#0] DEBUG block.SCMBlockDeletingService (SCMBlockDeletingService.java:call(136)) - Running DeletedBlockTransactionScanner
2023-03-23 08:07:13,545 [BlockDeletingService#7] INFO  interfaces.ContainerDeletionChoosingPolicyTemplate (ContainerDeletionChoosingPolicyTemplate.java:chooseContainerForBlockDeletion(83)) - Chosen 0/5000 blocks from 0 candidate containers.
2023-03-23 08:07:13,545 [BlockDeletingService#8] INFO  interfaces.ContainerDeletionChoosingPolicyTemplate (ContainerDeletionChoosingPolicyTemplate.java:chooseContainerForBlockDeletion(83)) - Chosen 0/5000 blocks from 0 candidate containers.
2023-03-23 08:07:13,599 [SCMBlockDeletingService#0] DEBUG block.SCMBlockDeletingService (SCMBlockDeletingService.java:call(136)) - Running DeletedBlockTransactionScanner
2023-03-23 08:07:13,645 [BlockDeletingService#7] INFO  interfaces.ContainerDeletionChoosingPolicyTemplate (ContainerDeletionChoosingPolicyTemplate.java:chooseContainerForBlockDeletion(83)) - Chosen 0/5000 blocks from 0 candidate containers.
2023-03-23 08:07:13,645 [BlockDeletingService#8] INFO  interfaces.ContainerDeletionChoosingPolicyTemplate (ContainerDeletionChoosingPolicyTemplate.java:chooseContainerForBlockDeletion(83)) - Chosen 0/5000 blocks from 0 candidate containers.
2023-03-23 08:07:13,699 [SCMBlockDeletingService#0] DEBUG block.SCMBlockDeletingService (SCMBlockDeletingService.java:call(136)) - Running DeletedBlockTransactionScanner
2023-03-23 08:07:13,745 [BlockDeletingService#7] INFO  interfaces.ContainerDeletionChoosingPolicyTemplate (ContainerDeletionChoosingPolicyTemplate.java:chooseContainerForBlockDeletion(83)) - Chosen 0/5000 blocks from 0 candidate containers.
2023-03-23 08:07:13,746 [BlockDeletingService#8] INFO  interfaces.ContainerDeletionChoosingPolicyTemplate (ContainerDeletionChoosingPolicyTemplate.java:chooseContainerForBlockDeletion(83)) - Chosen 0/5000 blocks from 0 candidate containers.
2023-03-23 08:07:13,799 [SCMBlockDeletingService#0] DEBUG block.SCMBlockDeletingService (SCMBlockDeletingService.java:call(136)) - Running DeletedBlockTransactionScanner
2023-03-23 08:07:13,846 [BlockDeletingService#7] INFO  interfaces.ContainerDeletionChoosingPolicyTemplate (ContainerDeletionChoosingPolicyTemplate.java:chooseContainerForBlockDeletion(83)) - Chosen 0/5000 blocks from 0 candidate containers.
2023-03-23 08:07:13,846 [BlockDeletingService#8] INFO  interfaces.ContainerDeletionChoosingPolicyTemplate (ContainerDeletionChoosingPolicyTemplate.java:chooseContainerForBlockDeletion(83)) - Chosen 0/5000 blocks from 0 candidate containers.
2023-03-23 08:07:13,899 [SCMBlockDeletingService#0] DEBUG block.SCMBlockDeletingService (SCMBlockDeletingService.java:call(136)) - Running DeletedBlockTransactionScanner
2023-03-23 08:07:13,946 [BlockDeletingService#7] INFO  interfaces.ContainerDeletionChoosingPolicyTemplate (ContainerDeletionChoosingPolicyTemplate.java:chooseContainerForBlockDeletion(83)) - Chosen 0/5000 blocks from 0 candidate containers.
2023-03-23 08:07:13,946 [BlockDeletingService#8] INFO  interfaces.ContainerDeletionChoosingPolicyTemplate (ContainerDeletionChoosingPolicyTemplate.java:chooseContainerForBlockDeletion(83)) - Chosen 0/5000 blocks from 0 candidate containers.
2023-03-23 08:07:13,999 [SCMBlockDeletingService#0] DEBUG block.SCMBlockDeletingService (SCMBlockDeletingService.java:call(136)) - Running DeletedBlockTransactionScanner
2023-03-23 08:07:14,046 [BlockDeletingService#7] INFO  interfaces.ContainerDeletionChoosingPolicyTemplate (ContainerDeletionChoosingPolicyTemplate.java:chooseContainerForBlockDeletion(83)) - Chosen 0/5000 blocks from 0 candidate containers.
2023-03-23 08:07:14,046 [BlockDeletingService#8] INFO  interfaces.ContainerDeletionChoosingPolicyTemplate (ContainerDeletionChoosingPolicyTemplate.java:chooseContainerForBlockDeletion(83)) - Chosen 0/5000 blocks from 0 candidate containers.
2023-03-23 08:07:14,100 [SCMBlockDeletingService#0] DEBUG block.SCMBlockDeletingService (SCMBlockDeletingService.java:call(136)) - Running DeletedBlockTransactionScanner
2023-03-23 08:07:14,146 [BlockDeletingService#7] INFO  interfaces.ContainerDeletionChoosingPolicyTemplate (ContainerDeletionChoosingPolicyTemplate.java:chooseContainerForBlockDeletion(83)) - Chosen 0/5000 blocks from 0 candidate containers.
2023-03-23 08:07:14,147 [BlockDeletingService#8] INFO  interfaces.ContainerDeletionChoosingPolicyTemplate (ContainerDeletionChoosingPolicyTemplate.java:chooseContainerForBlockDeletion(83)) - Chosen 0/5000 blocks from 0 candidate containers.
2023-03-23 08:07:14,200 [SCMBlockDeletingService#0] DEBUG block.SCMBlockDeletingService (SCMBlockDeletingService.java:call(136)) - Running DeletedBlockTransactionScanner
2023-03-23 08:07:14,205 [EventQueue-StaleNodeForStaleNodeHandler] INFO  node.StaleNodeHandler (StaleNodeHandler.java:onMessage(59)) - Datanode 266f5cc7-0c64-4a72-9a4b-104b6d67fb98(fv-az105-497.wy5h1aom0jgehahef1oyr10hrc.bx.internal.cloudapp.net/10.1.0.214) moved to stale state. Finalizing its pipelines [PipelineID=04a1a77b-e0eb-4857-a55d-c378bfa986ca, PipelineID=1b652e0c-c4ad-42b2-85bf-b943015debc0, PipelineID=67437f06-9c9b-4aec-aa9f-fa29d6d30d5d, PipelineID=bb3355e6-25f8-468f-aa83-f3d5d2d5721f]
2023-03-23 08:07:14,205 [EventQueue-StaleNodeForStaleNodeHandler] INFO  pipeline.PipelineManagerImpl (PipelineManagerImpl.java:closePipeline(442)) - Pipeline Pipeline[ Id: 04a1a77b-e0eb-4857-a55d-c378bfa986ca, Nodes: 6f5e3e4a-08bd-4bbb-984f-08bcbe860d90(fv-az105-497.wy5h1aom0jgehahef1oyr10hrc.bx.internal.cloudapp.net/10.1.0.214)9c0bd176-fc91-437f-a400-955ac6fa2da9(fv-az105-497.wy5h1aom0jgehahef1oyr10hrc.bx.internal.cloudapp.net/10.1.0.214)266f5cc7-0c64-4a72-9a4b-104b6d67fb98(fv-az105-497.wy5h1aom0jgehahef1oyr10hrc.bx.internal.cloudapp.net/10.1.0.214), ReplicationConfig: EC{rs-2-1-262144}, State:OPEN, leaderId:, CreationTimestamp2023-03-23T08:07:01.849Z[Etc/UTC]] moved to CLOSED state
2023-03-23 08:07:14,206 [EventQueue-StaleNodeForStaleNodeHandler] INFO  pipeline.PipelineManagerImpl (PipelineManagerImpl.java:closePipeline(442)) - Pipeline Pipeline[ Id: 1b652e0c-c4ad-42b2-85bf-b943015debc0, Nodes: 9c0bd176-fc91-437f-a400-955ac6fa2da9(fv-az105-497.wy5h1aom0jgehahef1oyr10hrc.bx.internal.cloudapp.net/10.1.0.214)6f5e3e4a-08bd-4bbb-984f-08bcbe860d90(fv-az105-497.wy5h1aom0jgehahef1oyr10hrc.bx.internal.cloudapp.net/10.1.0.214)266f5cc7-0c64-4a72-9a4b-104b6d67fb98(fv-az105-497.wy5h1aom0jgehahef1oyr10hrc.bx.internal.cloudapp.net/10.1.0.214), ReplicationConfig: EC{rs-2-1-262144}, State:OPEN, leaderId:, CreationTimestamp2023-03-23T08:07:01.498Z[Etc/UTC]] moved to CLOSED state
2023-03-23 08:07:14,206 [EventQueue-StaleNodeForStaleNodeHandler] INFO  pipeline.PipelineManagerImpl (PipelineManagerImpl.java:closePipeline(442)) - Pipeline Pipeline[ Id: 67437f06-9c9b-4aec-aa9f-fa29d6d30d5d, Nodes: 6f5e3e4a-08bd-4bbb-984f-08bcbe860d90(fv-az105-497.wy5h1aom0jgehahef1oyr10hrc.bx.internal.cloudapp.net/10.1.0.214)266f5cc7-0c64-4a72-9a4b-104b6d67fb98(fv-az105-497.wy5h1aom0jgehahef1oyr10hrc.bx.internal.cloudapp.net/10.1.0.214)9c0bd176-fc91-437f-a400-955ac6fa2da9(fv-az105-497.wy5h1aom0jgehahef1oyr10hrc.bx.internal.cloudapp.net/10.1.0.214), ReplicationConfig: RATIS/THREE, State:OPEN, leaderId:266f5cc7-0c64-4a72-9a4b-104b6d67fb98, CreationTimestamp2023-03-23T08:06:52.398Z[Etc/UTC]] moved to CLOSED state
2023-03-23 08:07:14,206 [EventQueue-StaleNodeForStaleNodeHandler] INFO  pipeline.PipelineManagerImpl (PipelineManagerImpl.java:closePipeline(442)) - Pipeline Pipeline[ Id: bb3355e6-25f8-468f-aa83-f3d5d2d5721f, Nodes: 9c0bd176-fc91-437f-a400-955ac6fa2da9(fv-az105-497.wy5h1aom0jgehahef1oyr10hrc.bx.internal.cloudapp.net/10.1.0.214)6f5e3e4a-08bd-4bbb-984f-08bcbe860d90(fv-az105-497.wy5h1aom0jgehahef1oyr10hrc.bx.internal.cloudapp.net/10.1.0.214)266f5cc7-0c64-4a72-9a4b-104b6d67fb98(fv-az105-497.wy5h1aom0jgehahef1oyr10hrc.bx.internal.cloudapp.net/10.1.0.214), ReplicationConfig: EC{rs-2-1-262144}, State:OPEN, leaderId:, CreationTimestamp2023-03-23T08:07:00.656Z[Etc/UTC]] moved to CLOSED state
2023-03-23 08:07:14,226 [Listener at 127.0.0.1/35553] INFO  impl.MetricsSystemImpl (MetricsSystemImpl.java:init(158)) - HddsDatanode metrics system started (again)
2023-03-23 08:07:14,242 [Listener at 127.0.0.1/35553] INFO  ozone.HddsDatanodeService (HddsDatanodeService.java:start(249)) - HddsDatanodeService host:fv-az105-497.wy5h1aom0jgehahef1oyr10hrc.bx.internal.cloudapp.net ip:10.1.0.214
2023-03-23 08:07:14,247 [BlockDeletingService#7] INFO  interfaces.ContainerDeletionChoosingPolicyTemplate (ContainerDeletionChoosingPolicyTemplate.java:chooseContainerForBlockDeletion(83)) - Chosen 0/5000 blocks from 0 candidate containers.
2023-03-23 08:07:14,247 [BlockDeletingService#8] INFO  interfaces.ContainerDeletionChoosingPolicyTemplate (ContainerDeletionChoosingPolicyTemplate.java:chooseContainerForBlockDeletion(83)) - Chosen 0/5000 blocks from 0 candidate containers.
2023-03-23 08:07:14,262 [Listener at 127.0.0.1/35553] INFO  upgrade.AbstractLayoutVersionManager (AbstractLayoutVersionManager.java:init(83)) - Initializing Layout version manager with metadata layout = DATANODE_SCHEMA_V3 (version = 4), software layout = DATANODE_SCHEMA_V3 (version = 4)
2023-03-23 08:07:14,300 [SCMBlockDeletingService#0] DEBUG block.SCMBlockDeletingService (SCMBlockDeletingService.java:call(136)) - Running DeletedBlockTransactionScanner
2023-03-23 08:07:14,320 [Listener at 127.0.0.1/35553] INFO  reflections.Reflections (Reflections.java:scan(232)) - Reflections took 56 ms to scan 7 urls, producing 155 keys and 368 values 
2023-03-23 08:07:14,322 [Listener at 127.0.0.1/35553] INFO  statemachine.DatanodeStateMachine (DatanodeStateMachine.java:getEndPointTaskThreadPoolSize(260)) - Datanode State Machine Task Thread Pool size 2
2023-03-23 08:07:14,326 [Listener at 127.0.0.1/35553] INFO  volume.HddsVolume (HddsVolume.java:<init>(130)) - Creating HddsVolume: /home/runner/work/ozone/ozone/hadoop-ozone/integration-test/target/test-dir/MiniOzoneClusterImpl-31e8183b-455c-41dd-a5db-82de5ef729db/datanode-0/data-0/containers/hdds of storage type : DISK capacity : 9223372036854775807
2023-03-23 08:07:14,327 [Listener at 127.0.0.1/35553] INFO  volume.MutableVolumeSet (MutableVolumeSet.java:initializeVolumeSet(175)) - Added Volume : /home/runner/work/ozone/ozone/hadoop-ozone/integration-test/target/test-dir/MiniOzoneClusterImpl-31e8183b-455c-41dd-a5db-82de5ef729db/datanode-0/data-0/containers/hdds to VolumeSet
2023-03-23 08:07:14,327 [Listener at 127.0.0.1/35553] INFO  volume.ThrottledAsyncChecker (ThrottledAsyncChecker.java:schedule(141)) - Scheduling a check for /home/runner/work/ozone/ozone/hadoop-ozone/integration-test/target/test-dir/MiniOzoneClusterImpl-31e8183b-455c-41dd-a5db-82de5ef729db/datanode-0/data-0/containers/hdds
2023-03-23 08:07:14,332 [Listener at 127.0.0.1/35553] INFO  volume.StorageVolumeChecker (StorageVolumeChecker.java:checkAllVolumes(202)) - Scheduled health check for volume /home/runner/work/ozone/ozone/hadoop-ozone/integration-test/target/test-dir/MiniOzoneClusterImpl-31e8183b-455c-41dd-a5db-82de5ef729db/datanode-0/data-0/containers/hdds
2023-03-23 08:07:14,345 [Listener at 127.0.0.1/35553] INFO  volume.MutableVolumeSet (MutableVolumeSet.java:initializeVolumeSet(175)) - Added Volume : /home/runner/work/ozone/ozone/hadoop-ozone/integration-test/target/test-dir/MiniOzoneClusterImpl-31e8183b-455c-41dd-a5db-82de5ef729db/datanode-0/data/ratis to VolumeSet
2023-03-23 08:07:14,346 [Listener at 127.0.0.1/35553] INFO  volume.ThrottledAsyncChecker (ThrottledAsyncChecker.java:schedule(141)) - Scheduling a check for /home/runner/work/ozone/ozone/hadoop-ozone/integration-test/target/test-dir/MiniOzoneClusterImpl-31e8183b-455c-41dd-a5db-82de5ef729db/datanode-0/data/ratis
2023-03-23 08:07:14,346 [Listener at 127.0.0.1/35553] INFO  volume.StorageVolumeChecker (StorageVolumeChecker.java:checkAllVolumes(202)) - Scheduled health check for volume /home/runner/work/ozone/ozone/hadoop-ozone/integration-test/target/test-dir/MiniOzoneClusterImpl-31e8183b-455c-41dd-a5db-82de5ef729db/datanode-0/data/ratis
2023-03-23 08:07:14,347 [BlockDeletingService#7] INFO  interfaces.ContainerDeletionChoosingPolicyTemplate (ContainerDeletionChoosingPolicyTemplate.java:chooseContainerForBlockDeletion(83)) - Chosen 0/5000 blocks from 0 candidate containers.
2023-03-23 08:07:14,347 [BlockDeletingService#8] INFO  interfaces.ContainerDeletionChoosingPolicyTemplate (ContainerDeletionChoosingPolicyTemplate.java:chooseContainerForBlockDeletion(83)) - Chosen 0/5000 blocks from 0 candidate containers.
2023-03-23 08:07:14,378 [Listener at 127.0.0.1/35553] INFO  utils.DatanodeStoreCache (DatanodeStoreCache.java:addDB(58)) - Added db /home/runner/work/ozone/ozone/hadoop-ozone/integration-test/target/test-dir/MiniOzoneClusterImpl-31e8183b-455c-41dd-a5db-82de5ef729db/datanode-0/data-0/containers/hdds/31e8183b-455c-41dd-a5db-82de5ef729db/DS-dccabf01-44a2-4fde-9f8e-96c4361691c6/container.db to cache
2023-03-23 08:07:14,379 [Listener at 127.0.0.1/35553] INFO  volume.HddsVolume (HddsVolume.java:loadDbStore(303)) - SchemaV3 db is loaded at /home/runner/work/ozone/ozone/hadoop-ozone/integration-test/target/test-dir/MiniOzoneClusterImpl-31e8183b-455c-41dd-a5db-82de5ef729db/datanode-0/data-0/containers/hdds/31e8183b-455c-41dd-a5db-82de5ef729db/DS-dccabf01-44a2-4fde-9f8e-96c4361691c6/container.db for volume DS-dccabf01-44a2-4fde-9f8e-96c4361691c6
2023-03-23 08:07:14,385 [Thread-1621] INFO  ozoneimpl.ContainerReader (ContainerReader.java:readVolume(145)) - Start to verify containers on volume /home/runner/work/ozone/ozone/hadoop-ozone/integration-test/target/test-dir/MiniOzoneClusterImpl-31e8183b-455c-41dd-a5db-82de5ef729db/datanode-0/data-0/containers/hdds
2023-03-23 08:07:14,390 [Thread-1621] INFO  ozoneimpl.ContainerReader (ContainerReader.java:readVolume(175)) - Finish verifying containers on volume /home/runner/work/ozone/ozone/hadoop-ozone/integration-test/target/test-dir/MiniOzoneClusterImpl-31e8183b-455c-41dd-a5db-82de5ef729db/datanode-0/data-0/containers/hdds
2023-03-23 08:07:14,391 [Listener at 127.0.0.1/35553] INFO  ozoneimpl.OzoneContainer (OzoneContainer.java:buildContainerSet(307)) - Build ContainerSet costs 0s
2023-03-23 08:07:14,393 [Listener at 127.0.0.1/35553] INFO  server.RaftServer (ConfUtils.java:logGet(46)) - raft.rpc.type = GRPC (default)
2023-03-23 08:07:14,393 [Listener at 127.0.0.1/35553] INFO  grpc.GrpcConfigKeys (ConfUtils.java:logFallback(53)) - raft.grpc.admin.host = null (fallback to raft.grpc.server.host)
2023-03-23 08:07:14,394 [Listener at 127.0.0.1/35553] INFO  grpc.GrpcConfigKeys (ConfUtils.java:logGet(46)) - raft.grpc.admin.port = 41491 (custom)
2023-03-23 08:07:14,394 [Listener at 127.0.0.1/35553] INFO  grpc.GrpcConfigKeys (ConfUtils.java:logFallback(53)) - raft.grpc.client.host = null (fallback to raft.grpc.server.host)
2023-03-23 08:07:14,394 [Listener at 127.0.0.1/35553] INFO  grpc.GrpcConfigKeys (ConfUtils.java:logGet(46)) - raft.grpc.client.port = 41491 (custom)
2023-03-23 08:07:14,394 [Listener at 127.0.0.1/35553] INFO  grpc.GrpcConfigKeys (ConfUtils.java:logGet(46)) - raft.grpc.server.host = null (default)
2023-03-23 08:07:14,394 [Listener at 127.0.0.1/35553] INFO  grpc.GrpcConfigKeys (ConfUtils.java:logGet(46)) - raft.grpc.server.port = 41491 (custom)
2023-03-23 08:07:14,395 [Listener at 127.0.0.1/35553] INFO  server.GrpcService (ConfUtils.java:logGet(46)) - raft.grpc.message.size.max = 32MB (=33554432) (custom)
2023-03-23 08:07:14,395 [Listener at 127.0.0.1/35553] INFO  server.RaftServerConfigKeys (ConfUtils.java:logGet(46)) - raft.server.log.appender.buffer.byte-limit = 33554432 (custom)
2023-03-23 08:07:14,395 [Listener at 127.0.0.1/35553] INFO  server.GrpcService (ConfUtils.java:logGet(46)) - raft.grpc.flow.control.window = 5MB (=5242880) (custom)
2023-03-23 08:07:14,395 [Listener at 127.0.0.1/35553] INFO  server.RaftServerConfigKeys (ConfUtils.java:logGet(46)) - raft.server.rpc.request.timeout = 60s (custom)
2023-03-23 08:07:14,395 [Listener at 127.0.0.1/35553] INFO  grpc.GrpcConfigKeys (ConfUtils.java:logGet(46)) - raft.grpc.server.heartbeat.channel = true (default)
2023-03-23 08:07:14,396 [Listener at 127.0.0.1/35553] INFO  grpc.GrpcConfigKeys (ConfUtils.java:logGet(46)) - raft.grpc.server.async.request.thread.pool.cached = true (default)
2023-03-23 08:07:14,396 [Listener at 127.0.0.1/35553] INFO  grpc.GrpcConfigKeys (ConfUtils.java:logGet(46)) - raft.grpc.server.async.request.thread.pool.size = 32 (default)
2023-03-23 08:07:14,397 [Listener at 127.0.0.1/35553] INFO  impl.DataStreamServerImpl (ConfUtils.java:logGet(46)) - raft.datastream.type = NETTY (custom)
2023-03-23 08:07:14,398 [Listener at 127.0.0.1/35553] INFO  server.RaftServerConfigKeys (ConfUtils.java:logGet(46)) - raft.server.data-stream.async.request.thread.pool.cached = false (default)
2023-03-23 08:07:14,398 [Listener at 127.0.0.1/35553] INFO  server.RaftServerConfigKeys (ConfUtils.java:logGet(46)) - raft.server.data-stream.async.request.thread.pool.size = 20 (custom)
2023-03-23 08:07:14,398 [Listener at 127.0.0.1/35553] INFO  server.RaftServerConfigKeys (ConfUtils.java:logGet(46)) - raft.server.data-stream.async.write.thread.pool.size = 16 (default)
2023-03-23 08:07:14,399 [Listener at 127.0.0.1/35553] INFO  server.RaftServerConfigKeys (ConfUtils.java:logGet(46)) - raft.server.data-stream.client.pool.size = 10 (default)
2023-03-23 08:07:14,399 [Listener at 127.0.0.1/35553] INFO  netty.NettyConfigKeys$DataStream (ConfUtils.java:logGet(46)) - raft.netty.dataStream.server.use-epoll = false (default)
2023-03-23 08:07:14,399 [Listener at 127.0.0.1/35553] INFO  netty.NettyConfigKeys$DataStream (ConfUtils.java:logGet(46)) - raft.netty.dataStream.server.boss-group.size = 0 (default)
2023-03-23 08:07:14,399 [Listener at 127.0.0.1/35553] INFO  netty.NettyConfigKeys$DataStream (ConfUtils.java:logGet(46)) - raft.netty.dataStream.server.worker-group.size = 0 (default)
2023-03-23 08:07:14,400 [SCMBlockDeletingService#0] DEBUG block.SCMBlockDeletingService (SCMBlockDeletingService.java:call(136)) - Running DeletedBlockTransactionScanner
2023-03-23 08:07:14,400 [Listener at 127.0.0.1/35553] INFO  netty.NettyConfigKeys$DataStream (ConfUtils.java:logGet(46)) - raft.netty.dataStream.server.tls.conf = null (default)
2023-03-23 08:07:14,400 [Listener at 127.0.0.1/35553] INFO  netty.NettyConfigKeys$DataStream (ConfUtils.java:logGet(46)) - raft.netty.dataStream.host = null (default)
2023-03-23 08:07:14,400 [Listener at 127.0.0.1/35553] INFO  netty.NettyConfigKeys$DataStream (ConfUtils.java:logGet(46)) - raft.netty.dataStream.port = 0 (default)
2023-03-23 08:07:14,401 [Listener at 127.0.0.1/35553] INFO  server.RaftServerConfigKeys (ConfUtils.java:logGet(46)) - raft.server.threadpool.proxy.cached = true (default)
2023-03-23 08:07:14,401 [Listener at 127.0.0.1/35553] INFO  server.RaftServerConfigKeys (ConfUtils.java:logGet(46)) - raft.server.threadpool.proxy.size = 0 (default)
2023-03-23 08:07:14,401 [Listener at 127.0.0.1/35553] INFO  server.RaftServerConfigKeys (ConfUtils.java:logGet(46)) - raft.server.rpc.slowness.timeout = 300s (custom)
2023-03-23 08:07:14,401 [Listener at 127.0.0.1/35553] INFO  server.RaftServerConfigKeys (ConfUtils.java:logGet(46)) - raft.server.leaderelection.leader.step-down.wait-time = 10s (default)
2023-03-23 08:07:14,402 [Listener at 127.0.0.1/35553] INFO  server.RaftServerConfigKeys (ConfUtils.java:logGet(46)) - raft.server.storage.dir = [/home/runner/work/ozone/ozone/hadoop-ozone/integration-test/target/test-dir/MiniOzoneClusterImpl-31e8183b-455c-41dd-a5db-82de5ef729db/datanode-0/data/ratis] (custom)
2023-03-23 08:07:14,403 [266f5cc7-0c64-4a72-9a4b-104b6d67fb98-impl-thread1] INFO  server.RaftServer (RaftServerProxy.java:initGroupDir(251)) - 266f5cc7-0c64-4a72-9a4b-104b6d67fb98: found a subdirectory /home/runner/work/ozone/ozone/hadoop-ozone/integration-test/target/test-dir/MiniOzoneClusterImpl-31e8183b-455c-41dd-a5db-82de5ef729db/datanode-0/data/ratis/67437f06-9c9b-4aec-aa9f-fa29d6d30d5d
2023-03-23 08:07:14,403 [266f5cc7-0c64-4a72-9a4b-104b6d67fb98-NettyServerStreamRpc-bossGroup--thread1] INFO  logging.LoggingHandler (AbstractInternalLogger.java:log(148)) - [id: 0x6e4248b3] REGISTERED
2023-03-23 08:07:14,404 [266f5cc7-0c64-4a72-9a4b-104b6d67fb98-NettyServerStreamRpc-bossGroup--thread1] INFO  logging.LoggingHandler (AbstractInternalLogger.java:log(148)) - [id: 0x6e4248b3] BIND: 0.0.0.0/0.0.0.0:0
2023-03-23 08:07:14,404 [266f5cc7-0c64-4a72-9a4b-104b6d67fb98-NettyServerStreamRpc-bossGroup--thread1] INFO  logging.LoggingHandler (AbstractInternalLogger.java:log(148)) - [id: 0x6e4248b3, L:/0:0:0:0:0:0:0:0:37071] ACTIVE
2023-03-23 08:07:14,404 [266f5cc7-0c64-4a72-9a4b-104b6d67fb98-impl-thread1] INFO  server.RaftServer (RaftServerProxy.java:addNew(96)) - 266f5cc7-0c64-4a72-9a4b-104b6d67fb98: addNew group-FA29D6D30D5D:[] returns group-FA29D6D30D5D:java.util.concurrent.CompletableFuture@164b75de[Not completed]
2023-03-23 08:07:14,407 [Listener at 127.0.0.1/35553] INFO  server.XceiverServerGrpc (XceiverServerGrpc.java:<init>(132)) - GrpcServer channel type EpollServerSocketChannel
2023-03-23 08:07:14,410 [pool-633-thread-1] INFO  server.RaftServer$Division (RaftServerImpl.java:<init>(195)) - 266f5cc7-0c64-4a72-9a4b-104b6d67fb98: new RaftServerImpl for group-FA29D6D30D5D:[] with ContainerStateMachine:uninitialized
2023-03-23 08:07:14,410 [pool-633-thread-1] INFO  server.RaftServerConfigKeys (ConfUtils.java:logGet(46)) - raft.server.rpc.timeout.min = 5s (custom)
2023-03-23 08:07:14,410 [pool-633-thread-1] INFO  server.RaftServerConfigKeys (ConfUtils.java:logGet(46)) - raft.server.rpc.timeout.max = 5200ms (custom)
2023-03-23 08:07:14,410 [pool-633-thread-1] INFO  server.RaftServerConfigKeys (ConfUtils.java:logGet(46)) - raft.server.rpc.sleep.time = 25ms (default)
2023-03-23 08:07:14,410 [pool-633-thread-1] INFO  server.RaftServerConfigKeys (ConfUtils.java:logGet(46)) - raft.server.rpc.slowness.timeout = 300s (custom)
2023-03-23 08:07:14,410 [pool-633-thread-1] INFO  server.RaftServerConfigKeys (ConfUtils.java:logGet(46)) - raft.server.leaderelection.leader.step-down.wait-time = 10s (default)
2023-03-23 08:07:14,411 [pool-633-thread-1] INFO  server.RaftServerConfigKeys (ConfUtils.java:logGet(46)) - raft.server.sleep.deviation.threshold = 300ms (default)
2023-03-23 08:07:14,411 [pool-633-thread-1] INFO  server.RaftServer$Division (ServerState.java:<init>(118)) - 266f5cc7-0c64-4a72-9a4b-104b6d67fb98@group-FA29D6D30D5D: ConfigurationManager, init=-1: peers:[]|listeners:[], old=null, confs=<EMPTY_MAP>
2023-03-23 08:07:14,411 [pool-633-thread-1] INFO  server.RaftServerConfigKeys (ConfUtils.java:logGet(46)) - raft.server.storage.dir = [/home/runner/work/ozone/ozone/hadoop-ozone/integration-test/target/test-dir/MiniOzoneClusterImpl-31e8183b-455c-41dd-a5db-82de5ef729db/datanode-0/data/ratis] (custom)
2023-03-23 08:07:14,411 [pool-633-thread-1] INFO  server.RaftServerConfigKeys (ConfUtils.java:logGet(46)) - raft.server.log.corruption.policy = EXCEPTION (default)
2023-03-23 08:07:14,411 [pool-633-thread-1] INFO  server.RaftServerConfigKeys (ConfUtils.java:logGet(46)) - raft.server.storage.free-space.min = 0MB (=0) (default)
2023-03-23 08:07:14,411 [pool-633-thread-1] INFO  server.RaftServerConfigKeys (ConfUtils.java:logGet(46)) - raft.server.notification.no-leader.timeout = 300s (custom)
2023-03-23 08:07:14,411 [pool-633-thread-1] INFO  server.RaftServerConfigKeys (ConfUtils.java:logGet(46)) - raft.server.retrycache.expirytime = 600000ms (custom)
2023-03-23 08:07:14,411 [pool-633-thread-1] INFO  server.RaftServerConfigKeys (ConfUtils.java:logGet(46)) - raft.server.retrycache.statistics.expirytime = 100μs (default)
2023-03-23 08:07:14,412 [pool-633-thread-1] INFO  server.RaftServerConfigKeys (ConfUtils.java:logGet(46)) - raft.server.log.appender.install.snapshot.enabled = false (custom)
2023-03-23 08:07:14,412 [pool-633-thread-1] INFO  server.RaftServerConfigKeys (ConfUtils.java:logGet(46)) - raft.server.threadpool.server.cached = true (default)
2023-03-23 08:07:14,412 [pool-633-thread-1] INFO  server.RaftServerConfigKeys (ConfUtils.java:logGet(46)) - raft.server.threadpool.server.size = 0 (default)
2023-03-23 08:07:14,412 [pool-633-thread-1] INFO  server.RaftServerConfigKeys (ConfUtils.java:logGet(46)) - raft.server.threadpool.client.cached = true (default)
2023-03-23 08:07:14,412 [pool-633-thread-1] INFO  server.RaftServerConfigKeys (ConfUtils.java:logGet(46)) - raft.server.threadpool.client.size = 0 (default)
2023-03-23 08:07:14,413 [Listener at 127.0.0.1/35553] INFO  http.BaseHttpServer (BaseHttpServer.java:newHttpServer2BuilderForOzone(224)) - Starting Web-server for hddsDatanode at: http://0.0.0.0:38005
2023-03-23 08:07:14,413 [Listener at 127.0.0.1/35553] INFO  http.BaseHttpServer (BaseHttpServer.java:<init>(111)) - Hadoop Security Enabled: false Ozone Security Enabled: false Ozone HTTP Security Enabled: false 
2023-03-23 08:07:14,415 [Listener at 127.0.0.1/35553] WARN  server.AuthenticationFilter (AuthenticationFilter.java:constructSecretProvider(240)) - Unable to initialize FileSignerSecretProvider, falling back to use random secrets. Reason: Could not read signature secret file: /home/runner/hadoop-http-auth-signature-secret
2023-03-23 08:07:14,416 [Listener at 127.0.0.1/35553] WARN  http.HttpRequestLog (HttpRequestLog.java:getRequestLog(103)) - Jetty request log can only be enabled using Log4j
2023-03-23 08:07:14,417 [Listener at 127.0.0.1/35553] INFO  http.HttpServer2 (HttpServer2.java:addGlobalFilter(1031)) - Added global filter 'safety' (class=org.apache.hadoop.hdds.server.http.HttpServer2$QuotingInputFilter)
2023-03-23 08:07:14,418 [Listener at 127.0.0.1/35553] INFO  http.HttpServer2 (HttpServer2.java:addFilter(1007)) - Added filter static_user_filter (class=org.apache.hadoop.http.lib.StaticUserWebFilter$StaticUserFilter) to context hddsDatanode
2023-03-23 08:07:14,418 [Listener at 127.0.0.1/35553] INFO  http.HttpServer2 (HttpServer2.java:addFilter(1015)) - Added filter static_user_filter (class=org.apache.hadoop.http.lib.StaticUserWebFilter$StaticUserFilter) to context logs
2023-03-23 08:07:14,418 [Listener at 127.0.0.1/35553] INFO  http.HttpServer2 (HttpServer2.java:addFilter(1015)) - Added filter static_user_filter (class=org.apache.hadoop.http.lib.StaticUserWebFilter$StaticUserFilter) to context static
2023-03-23 08:07:14,419 [Listener at 127.0.0.1/35553] INFO  http.BaseHttpServer (BaseHttpServer.java:<init>(190)) - HTTP server of hddsDatanode uses base directory /home/runner/work/ozone/ozone/hadoop-ozone/integration-test/target/test-dir/MiniOzoneClusterImpl-31e8183b-455c-41dd-a5db-82de5ef729db/datanode-0/meta/webserver
2023-03-23 08:07:14,419 [Listener at 127.0.0.1/35553] INFO  http.HttpServer2 (HttpServer2.java:bindListener(1250)) - Jetty bound to port 38005
2023-03-23 08:07:14,419 [Listener at 127.0.0.1/35553] INFO  server.Server (Server.java:doStart(375)) - jetty-9.4.49.v20220914; built: 2022-09-14T01:07:36.601Z; git: 4231a3b2e4cb8548a412a789936d640a97b1aa0a; jvm 1.8.0_362-b09
2023-03-23 08:07:14,423 [Listener at 127.0.0.1/35553] INFO  server.session (DefaultSessionIdManager.java:doStart(334)) - DefaultSessionIdManager workerName=node0
2023-03-23 08:07:14,423 [Listener at 127.0.0.1/35553] INFO  server.session (DefaultSessionIdManager.java:doStart(339)) - No SessionScavenger set, using defaults
2023-03-23 08:07:14,424 [Listener at 127.0.0.1/35553] INFO  server.session (HouseKeeper.java:startScavenging(132)) - node0 Scavenging every 660000ms
2023-03-23 08:07:14,425 [Listener at 127.0.0.1/35553] INFO  handler.ContextHandler (ContextHandler.java:doStart(921)) - Started o.e.j.s.ServletContextHandler@bb31486{logs,/logs,file:///home/runner/work/ozone/ozone/hadoop-ozone/integration-test/target/log,AVAILABLE}
2023-03-23 08:07:14,426 [Listener at 127.0.0.1/35553] INFO  handler.ContextHandler (ContextHandler.java:doStart(921)) - Started o.e.j.s.ServletContextHandler@3d5af086{static,/static,jar:file:/home/runner/.m2/repository/org/apache/ozone/hdds-container-service/1.4.0-SNAPSHOT/hdds-container-service-1.4.0-SNAPSHOT.jar!/webapps/static,AVAILABLE}
2023-03-23 08:07:14,447 [BlockDeletingService#7] INFO  interfaces.ContainerDeletionChoosingPolicyTemplate (ContainerDeletionChoosingPolicyTemplate.java:chooseContainerForBlockDeletion(83)) - Chosen 0/5000 blocks from 0 candidate containers.
2023-03-23 08:07:14,448 [BlockDeletingService#8] INFO  interfaces.ContainerDeletionChoosingPolicyTemplate (ContainerDeletionChoosingPolicyTemplate.java:chooseContainerForBlockDeletion(83)) - Chosen 0/5000 blocks from 0 candidate containers.
2023-03-23 08:07:14,500 [SCMBlockDeletingService#0] DEBUG block.SCMBlockDeletingService (SCMBlockDeletingService.java:call(136)) - Running DeletedBlockTransactionScanner
2023-03-23 08:07:14,548 [BlockDeletingService#8] INFO  interfaces.ContainerDeletionChoosingPolicyTemplate (ContainerDeletionChoosingPolicyTemplate.java:chooseContainerForBlockDeletion(83)) - Chosen 0/5000 blocks from 0 candidate containers.
2023-03-23 08:07:14,548 [BlockDeletingService#7] INFO  interfaces.ContainerDeletionChoosingPolicyTemplate (ContainerDeletionChoosingPolicyTemplate.java:chooseContainerForBlockDeletion(83)) - Chosen 0/5000 blocks from 0 candidate containers.
2023-03-23 08:07:14,600 [SCMBlockDeletingService#0] DEBUG block.SCMBlockDeletingService (SCMBlockDeletingService.java:call(136)) - Running DeletedBlockTransactionScanner
2023-03-23 08:07:14,648 [BlockDeletingService#8] INFO  interfaces.ContainerDeletionChoosingPolicyTemplate (ContainerDeletionChoosingPolicyTemplate.java:chooseContainerForBlockDeletion(83)) - Chosen 0/5000 blocks from 0 candidate containers.
2023-03-23 08:07:14,648 [BlockDeletingService#7] INFO  interfaces.ContainerDeletionChoosingPolicyTemplate (ContainerDeletionChoosingPolicyTemplate.java:chooseContainerForBlockDeletion(83)) - Chosen 0/5000 blocks from 0 candidate containers.
2023-03-23 08:07:14,655 [Listener at 127.0.0.1/35553] INFO  handler.ContextHandler (ContextHandler.java:doStart(921)) - Started o.e.j.w.WebAppContext@2bbdcb8f{hddsDatanode,/,file:///home/runner/work/ozone/ozone/hadoop-ozone/integration-test/target/test-dir/MiniOzoneClusterImpl-31e8183b-455c-41dd-a5db-82de5ef729db/datanode-0/meta/webserver/jetty-0_0_0_0-38005-hdds-container-service-1_4_0-SNAPSHOT_jar-_-any-6721615652078996412/webapp/,AVAILABLE}{jar:file:/home/runner/.m2/repository/org/apache/ozone/hdds-container-service/1.4.0-SNAPSHOT/hdds-container-service-1.4.0-SNAPSHOT.jar!/webapps/hddsDatanode}
2023-03-23 08:07:14,657 [Listener at 127.0.0.1/35553] INFO  server.AbstractConnector (AbstractConnector.java:doStart(333)) - Started ServerConnector@92f5f61{HTTP/1.1, (http/1.1)}{0.0.0.0:38005}
2023-03-23 08:07:14,657 [Listener at 127.0.0.1/35553] INFO  server.Server (Server.java:doStart(415)) - Started @134371ms
2023-03-23 08:07:14,657 [Listener at 127.0.0.1/35553] WARN  impl.MetricsSystemImpl (MetricsSystemImpl.java:register(279)) - Sink prometheus already exists!
2023-03-23 08:07:14,658 [Listener at 127.0.0.1/35553] INFO  http.BaseHttpServer (BaseHttpServer.java:updateConnectorAddress(344)) - HTTP server of hddsDatanode listening at http://0.0.0.0:38005
2023-03-23 08:07:14,659 [Datanode State Machine Daemon Thread] INFO  statemachine.DatanodeStateMachine (DatanodeStateMachine.java:lambda$startDaemon$0(517)) - Ozone container server started.
2023-03-23 08:07:14,661 [Listener at 127.0.0.1/35553] INFO  ozone.MiniOzoneClusterImpl (MiniOzoneClusterImpl.java:lambda$waitForClusterToBeReady$0(222)) - Waiting for nodes to be ready. Got 2 of 3 DN Heartbeats.
2023-03-23 08:07:14,661 [Listener at 127.0.0.1/35553] INFO  ozone.MiniOzoneClusterImpl (MiniOzoneClusterImpl.java:lambda$waitForClusterToBeReady$0(225)) - Cluster exits safe mode
2023-03-23 08:07:14,661 [Listener at 127.0.0.1/35553] INFO  ozone.MiniOzoneClusterImpl (MiniOzoneClusterImpl.java:lambda$waitForClusterToBeReady$0(227)) - SCM became leader
2023-03-23 08:07:14,665 [org.apache.hadoop.util.JvmPauseMonitor$Monitor@7001117] INFO  util.JvmPauseMonitor (JvmPauseMonitor.java:run(188)) - Starting JVM pause monitor
2023-03-23 08:07:14,667 [Datanode State Machine Task Thread - 0] INFO  datanode.InitDatanodeState (InitDatanodeState.java:persistContainerDatanodeDetails(138)) - DatanodeDetails is persisted to /home/runner/work/ozone/ozone/hadoop-ozone/integration-test/target/test-dir/MiniOzoneClusterImpl-31e8183b-455c-41dd-a5db-82de5ef729db/datanode-0/meta/datanode.id
2023-03-23 08:07:14,700 [SCMBlockDeletingService#0] DEBUG block.SCMBlockDeletingService (SCMBlockDeletingService.java:call(136)) - Running DeletedBlockTransactionScanner
2023-03-23 08:07:14,748 [BlockDeletingService#8] INFO  interfaces.ContainerDeletionChoosingPolicyTemplate (ContainerDeletionChoosingPolicyTemplate.java:chooseContainerForBlockDeletion(83)) - Chosen 0/5000 blocks from 0 candidate containers.
2023-03-23 08:07:14,749 [BlockDeletingService#7] INFO  interfaces.ContainerDeletionChoosingPolicyTemplate (ContainerDeletionChoosingPolicyTemplate.java:chooseContainerForBlockDeletion(83)) - Chosen 0/5000 blocks from 0 candidate containers.
2023-03-23 08:07:14,800 [SCMBlockDeletingService#0] DEBUG block.SCMBlockDeletingService (SCMBlockDeletingService.java:call(136)) - Running DeletedBlockTransactionScanner
2023-03-23 08:07:14,852 [BlockDeletingService#8] INFO  interfaces.ContainerDeletionChoosingPolicyTemplate (ContainerDeletionChoosingPolicyTemplate.java:chooseContainerForBlockDeletion(83)) - Chosen 0/5000 blocks from 0 candidate containers.
2023-03-23 08:07:14,852 [BlockDeletingService#7] INFO  interfaces.ContainerDeletionChoosingPolicyTemplate (ContainerDeletionChoosingPolicyTemplate.java:chooseContainerForBlockDeletion(83)) - Chosen 0/5000 blocks from 0 candidate containers.
2023-03-23 08:07:14,900 [SCMBlockDeletingService#0] DEBUG block.SCMBlockDeletingService (SCMBlockDeletingService.java:call(136)) - Running DeletedBlockTransactionScanner
2023-03-23 08:07:14,953 [BlockDeletingService#8] INFO  interfaces.ContainerDeletionChoosingPolicyTemplate (ContainerDeletionChoosingPolicyTemplate.java:chooseContainerForBlockDeletion(83)) - Chosen 0/5000 blocks from 0 candidate containers.
2023-03-23 08:07:14,953 [BlockDeletingService#7] INFO  interfaces.ContainerDeletionChoosingPolicyTemplate (ContainerDeletionChoosingPolicyTemplate.java:chooseContainerForBlockDeletion(83)) - Chosen 0/5000 blocks from 0 candidate containers.
2023-03-23 08:07:15,000 [SCMBlockDeletingService#0] DEBUG block.SCMBlockDeletingService (SCMBlockDeletingService.java:call(136)) - Running DeletedBlockTransactionScanner
2023-03-23 08:07:15,053 [BlockDeletingService#8] INFO  interfaces.ContainerDeletionChoosingPolicyTemplate (ContainerDeletionChoosingPolicyTemplate.java:chooseContainerForBlockDeletion(83)) - Chosen 0/5000 blocks from 0 candidate containers.
2023-03-23 08:07:15,053 [BlockDeletingService#7] INFO  interfaces.ContainerDeletionChoosingPolicyTemplate (ContainerDeletionChoosingPolicyTemplate.java:chooseContainerForBlockDeletion(83)) - Chosen 0/5000 blocks from 0 candidate containers.
2023-03-23 08:07:15,073 [6f5e3e4a-08bd-4bbb-984f-08bcbe860d90@group-FA29D6D30D5D-FollowerState] INFO  impl.FollowerState (FollowerState.java:run(143)) - 6f5e3e4a-08bd-4bbb-984f-08bcbe860d90@group-FA29D6D30D5D-FollowerState: change to CANDIDATE, lastRpcElapsedTime:5072739927ns, electionTimeout:5050ms
2023-03-23 08:07:15,073 [6f5e3e4a-08bd-4bbb-984f-08bcbe860d90@group-FA29D6D30D5D-FollowerState] INFO  impl.RoleInfo (RoleInfo.java:shutdownFollowerState(110)) - 6f5e3e4a-08bd-4bbb-984f-08bcbe860d90: shutdown 6f5e3e4a-08bd-4bbb-984f-08bcbe860d90@group-FA29D6D30D5D-FollowerState
2023-03-23 08:07:15,073 [6f5e3e4a-08bd-4bbb-984f-08bcbe860d90@group-FA29D6D30D5D-FollowerState] INFO  server.RaftServer$Division (RaftServerImpl.java:setRole(321)) - 6f5e3e4a-08bd-4bbb-984f-08bcbe860d90@group-FA29D6D30D5D: changes role from  FOLLOWER to CANDIDATE at term 1 for changeToCandidate
2023-03-23 08:07:15,073 [6f5e3e4a-08bd-4bbb-984f-08bcbe860d90@group-FA29D6D30D5D-FollowerState] INFO  server.RaftServerConfigKeys (ConfUtils.java:logGet(46)) - raft.server.leaderelection.pre-vote = true (default)
2023-03-23 08:07:15,073 [6f5e3e4a-08bd-4bbb-984f-08bcbe860d90@group-FA29D6D30D5D-FollowerState] INFO  impl.RoleInfo (RoleInfo.java:updateAndGet(139)) - 6f5e3e4a-08bd-4bbb-984f-08bcbe860d90: start 6f5e3e4a-08bd-4bbb-984f-08bcbe860d90@group-FA29D6D30D5D-LeaderElection13
2023-03-23 08:07:15,079 [6f5e3e4a-08bd-4bbb-984f-08bcbe860d90@group-FA29D6D30D5D-LeaderElection13] INFO  server.RaftServer$Division (ServerState.java:setLeader(313)) - 6f5e3e4a-08bd-4bbb-984f-08bcbe860d90@group-FA29D6D30D5D: change Leader from 266f5cc7-0c64-4a72-9a4b-104b6d67fb98 to null at term 1 for PRE_VOTE
2023-03-23 08:07:15,079 [6f5e3e4a-08bd-4bbb-984f-08bcbe860d90@group-FA29D6D30D5D-LeaderElection13] INFO  impl.LeaderElection (LeaderElection.java:askForVotes(312)) - 6f5e3e4a-08bd-4bbb-984f-08bcbe860d90@group-FA29D6D30D5D-LeaderElection13 PRE_VOTE round 0: submit vote requests at term 1 for 0: peers:[266f5cc7-0c64-4a72-9a4b-104b6d67fb98|rpc:10.1.0.214:41491|dataStream:10.1.0.214:46055|priority:1|startupRole:FOLLOWER, 6f5e3e4a-08bd-4bbb-984f-08bcbe860d90|rpc:10.1.0.214:39789|dataStream:10.1.0.214:40863|priority:0|startupRole:FOLLOWER, 9c0bd176-fc91-437f-a400-955ac6fa2da9|rpc:10.1.0.214:41819|dataStream:10.1.0.214:34391|priority:0|startupRole:FOLLOWER]|listeners:[], old=null
2023-03-23 08:07:15,085 [grpc-default-executor-6] INFO  server.RaftServer$Division (RaftServerImpl.java:requestVote(1218)) - 9c0bd176-fc91-437f-a400-955ac6fa2da9@group-FA29D6D30D5D: receive requestVote(PRE_VOTE, 6f5e3e4a-08bd-4bbb-984f-08bcbe860d90, group-FA29D6D30D5D, 1, (t:1, i:0))
2023-03-23 08:07:15,086 [grpc-default-executor-6] INFO  impl.VoteContext (VoteContext.java:log(49)) - 9c0bd176-fc91-437f-a400-955ac6fa2da9@group-FA29D6D30D5D-FOLLOWER: accept PRE_VOTE from 6f5e3e4a-08bd-4bbb-984f-08bcbe860d90: our priority 0 <= candidate's priority 0
2023-03-23 08:07:15,086 [grpc-default-executor-6] INFO  server.RaftServer$Division (RaftServerImpl.java:requestVote(1251)) - 9c0bd176-fc91-437f-a400-955ac6fa2da9@group-FA29D6D30D5D replies to PRE_VOTE vote request: 6f5e3e4a-08bd-4bbb-984f-08bcbe860d90<-9c0bd176-fc91-437f-a400-955ac6fa2da9#0:OK-t1. Peer's state: 9c0bd176-fc91-437f-a400-955ac6fa2da9@group-FA29D6D30D5D:t1, leader=266f5cc7-0c64-4a72-9a4b-104b6d67fb98, voted=266f5cc7-0c64-4a72-9a4b-104b6d67fb98, raftlog=Memoized:9c0bd176-fc91-437f-a400-955ac6fa2da9@group-FA29D6D30D5D-SegmentedRaftLog:OPENED:c0, conf=0: peers:[266f5cc7-0c64-4a72-9a4b-104b6d67fb98|rpc:10.1.0.214:41491|dataStream:10.1.0.214:46055|priority:1|startupRole:FOLLOWER, 6f5e3e4a-08bd-4bbb-984f-08bcbe860d90|rpc:10.1.0.214:39789|dataStream:10.1.0.214:40863|priority:0|startupRole:FOLLOWER, 9c0bd176-fc91-437f-a400-955ac6fa2da9|rpc:10.1.0.214:41819|dataStream:10.1.0.214:34391|priority:0|startupRole:FOLLOWER]|listeners:[], old=null
2023-03-23 08:07:15,091 [6f5e3e4a-08bd-4bbb-984f-08bcbe860d90@group-FA29D6D30D5D-LeaderElection13] INFO  impl.LeaderElection (LogUtils.java:infoOrTrace(137)) - 6f5e3e4a-08bd-4bbb-984f-08bcbe860d90@group-FA29D6D30D5D-LeaderElection13 got exception when requesting votes: java.util.concurrent.ExecutionException: org.apache.ratis.thirdparty.io.grpc.StatusRuntimeException: UNAVAILABLE: io exception
2023-03-23 08:07:15,091 [6f5e3e4a-08bd-4bbb-984f-08bcbe860d90@group-FA29D6D30D5D-LeaderElection13] INFO  impl.LeaderElection (LeaderElection.java:logAndReturn(90)) - 6f5e3e4a-08bd-4bbb-984f-08bcbe860d90@group-FA29D6D30D5D-LeaderElection13: PRE_VOTE PASSED received 1 response(s) and 1 exception(s):
2023-03-23 08:07:15,091 [6f5e3e4a-08bd-4bbb-984f-08bcbe860d90@group-FA29D6D30D5D-LeaderElection13] INFO  impl.LeaderElection (LeaderElection.java:logAndReturn(94)) -   Response 0: 6f5e3e4a-08bd-4bbb-984f-08bcbe860d90<-9c0bd176-fc91-437f-a400-955ac6fa2da9#0:OK-t1
2023-03-23 08:07:15,091 [6f5e3e4a-08bd-4bbb-984f-08bcbe860d90@group-FA29D6D30D5D-LeaderElection13] INFO  impl.LeaderElection (LogUtils.java:infoOrTrace(137)) -   Exception 1: java.util.concurrent.ExecutionException: org.apache.ratis.thirdparty.io.grpc.StatusRuntimeException: UNAVAILABLE: io exception
2023-03-23 08:07:15,091 [6f5e3e4a-08bd-4bbb-984f-08bcbe860d90@group-FA29D6D30D5D-LeaderElection13] INFO  impl.LeaderElection (LeaderElection.java:askForVotes(314)) - 6f5e3e4a-08bd-4bbb-984f-08bcbe860d90@group-FA29D6D30D5D-LeaderElection13 PRE_VOTE round 0: result PASSED
2023-03-23 08:07:15,095 [6f5e3e4a-08bd-4bbb-984f-08bcbe860d90@group-FA29D6D30D5D-LeaderElection13] INFO  impl.LeaderElection (LeaderElection.java:askForVotes(312)) - 6f5e3e4a-08bd-4bbb-984f-08bcbe860d90@group-FA29D6D30D5D-LeaderElection13 ELECTION round 0: submit vote requests at term 2 for 0: peers:[266f5cc7-0c64-4a72-9a4b-104b6d67fb98|rpc:10.1.0.214:41491|dataStream:10.1.0.214:46055|priority:1|startupRole:FOLLOWER, 6f5e3e4a-08bd-4bbb-984f-08bcbe860d90|rpc:10.1.0.214:39789|dataStream:10.1.0.214:40863|priority:0|startupRole:FOLLOWER, 9c0bd176-fc91-437f-a400-955ac6fa2da9|rpc:10.1.0.214:41819|dataStream:10.1.0.214:34391|priority:0|startupRole:FOLLOWER]|listeners:[], old=null
2023-03-23 08:07:15,100 [SCMBlockDeletingService#0] DEBUG block.SCMBlockDeletingService (SCMBlockDeletingService.java:call(136)) - Running DeletedBlockTransactionScanner
2023-03-23 08:07:15,101 [6f5e3e4a-08bd-4bbb-984f-08bcbe860d90@group-FA29D6D30D5D-LeaderElection13] INFO  impl.LeaderElection (LogUtils.java:infoOrTrace(137)) - 6f5e3e4a-08bd-4bbb-984f-08bcbe860d90@group-FA29D6D30D5D-LeaderElection13 got exception when requesting votes: java.util.concurrent.ExecutionException: org.apache.ratis.thirdparty.io.grpc.StatusRuntimeException: UNAVAILABLE: io exception
2023-03-23 08:07:15,103 [grpc-default-executor-6] INFO  server.RaftServer$Division (RaftServerImpl.java:requestVote(1218)) - 9c0bd176-fc91-437f-a400-955ac6fa2da9@group-FA29D6D30D5D: receive requestVote(ELECTION, 6f5e3e4a-08bd-4bbb-984f-08bcbe860d90, group-FA29D6D30D5D, 2, (t:1, i:0))
2023-03-23 08:07:15,103 [grpc-default-executor-6] INFO  impl.VoteContext (VoteContext.java:log(49)) - 9c0bd176-fc91-437f-a400-955ac6fa2da9@group-FA29D6D30D5D-FOLLOWER: accept ELECTION from 6f5e3e4a-08bd-4bbb-984f-08bcbe860d90: our priority 0 <= candidate's priority 0
2023-03-23 08:07:15,103 [grpc-default-executor-6] INFO  server.RaftServer$Division (ServerState.java:setLeader(313)) - 9c0bd176-fc91-437f-a400-955ac6fa2da9@group-FA29D6D30D5D: change Leader from 266f5cc7-0c64-4a72-9a4b-104b6d67fb98 to null at term 2 for updateCurrentTerm
2023-03-23 08:07:15,103 [grpc-default-executor-6] INFO  server.RaftServer$Division (RaftServerImpl.java:setRole(321)) - 9c0bd176-fc91-437f-a400-955ac6fa2da9@group-FA29D6D30D5D: changes role from  FOLLOWER to FOLLOWER at term 2 for candidate:6f5e3e4a-08bd-4bbb-984f-08bcbe860d90
2023-03-23 08:07:15,103 [grpc-default-executor-6] INFO  impl.RoleInfo (RoleInfo.java:shutdownFollowerState(110)) - 9c0bd176-fc91-437f-a400-955ac6fa2da9: shutdown 9c0bd176-fc91-437f-a400-955ac6fa2da9@group-FA29D6D30D5D-FollowerState
2023-03-23 08:07:15,103 [grpc-default-executor-6] INFO  impl.RoleInfo (RoleInfo.java:updateAndGet(139)) - 9c0bd176-fc91-437f-a400-955ac6fa2da9: start 9c0bd176-fc91-437f-a400-955ac6fa2da9@group-FA29D6D30D5D-FollowerState
2023-03-23 08:07:15,103 [9c0bd176-fc91-437f-a400-955ac6fa2da9@group-FA29D6D30D5D-FollowerState] INFO  impl.FollowerState (FollowerState.java:run(152)) - 9c0bd176-fc91-437f-a400-955ac6fa2da9@group-FA29D6D30D5D-FollowerState was interrupted
2023-03-23 08:07:15,106 [grpc-default-executor-6] INFO  server.RaftServer$Division (RaftServerImpl.java:requestVote(1251)) - 9c0bd176-fc91-437f-a400-955ac6fa2da9@group-FA29D6D30D5D replies to ELECTION vote request: 6f5e3e4a-08bd-4bbb-984f-08bcbe860d90<-9c0bd176-fc91-437f-a400-955ac6fa2da9#0:OK-t2. Peer's state: 9c0bd176-fc91-437f-a400-955ac6fa2da9@group-FA29D6D30D5D:t2, leader=null, voted=6f5e3e4a-08bd-4bbb-984f-08bcbe860d90, raftlog=Memoized:9c0bd176-fc91-437f-a400-955ac6fa2da9@group-FA29D6D30D5D-SegmentedRaftLog:OPENED:c0, conf=0: peers:[266f5cc7-0c64-4a72-9a4b-104b6d67fb98|rpc:10.1.0.214:41491|dataStream:10.1.0.214:46055|priority:1|startupRole:FOLLOWER, 6f5e3e4a-08bd-4bbb-984f-08bcbe860d90|rpc:10.1.0.214:39789|dataStream:10.1.0.214:40863|priority:0|startupRole:FOLLOWER, 9c0bd176-fc91-437f-a400-955ac6fa2da9|rpc:10.1.0.214:41819|dataStream:10.1.0.214:34391|priority:0|startupRole:FOLLOWER]|listeners:[], old=null
2023-03-23 08:07:15,107 [6f5e3e4a-08bd-4bbb-984f-08bcbe860d90@group-FA29D6D30D5D-LeaderElection13] INFO  impl.LeaderElection (LeaderElection.java:logAndReturn(90)) - 6f5e3e4a-08bd-4bbb-984f-08bcbe860d90@group-FA29D6D30D5D-LeaderElection13: ELECTION PASSED received 1 response(s) and 1 exception(s):
2023-03-23 08:07:15,107 [6f5e3e4a-08bd-4bbb-984f-08bcbe860d90@group-FA29D6D30D5D-LeaderElection13] INFO  impl.LeaderElection (LeaderElection.java:logAndReturn(94)) -   Response 0: 6f5e3e4a-08bd-4bbb-984f-08bcbe860d90<-9c0bd176-fc91-437f-a400-955ac6fa2da9#0:OK-t2
2023-03-23 08:07:15,107 [6f5e3e4a-08bd-4bbb-984f-08bcbe860d90@group-FA29D6D30D5D-LeaderElection13] INFO  impl.LeaderElection (LogUtils.java:infoOrTrace(137)) -   Exception 1: java.util.concurrent.ExecutionException: org.apache.ratis.thirdparty.io.grpc.StatusRuntimeException: UNAVAILABLE: io exception
2023-03-23 08:07:15,107 [6f5e3e4a-08bd-4bbb-984f-08bcbe860d90@group-FA29D6D30D5D-LeaderElection13] INFO  impl.LeaderElection (LeaderElection.java:askForVotes(314)) - 6f5e3e4a-08bd-4bbb-984f-08bcbe860d90@group-FA29D6D30D5D-LeaderElection13 ELECTION round 0: result PASSED
2023-03-23 08:07:15,107 [6f5e3e4a-08bd-4bbb-984f-08bcbe860d90@group-FA29D6D30D5D-LeaderElection13] INFO  impl.RoleInfo (RoleInfo.java:shutdownLeaderElection(130)) - 6f5e3e4a-08bd-4bbb-984f-08bcbe860d90: shutdown 6f5e3e4a-08bd-4bbb-984f-08bcbe860d90@group-FA29D6D30D5D-LeaderElection13
2023-03-23 08:07:15,107 [6f5e3e4a-08bd-4bbb-984f-08bcbe860d90@group-FA29D6D30D5D-LeaderElection13] INFO  server.RaftServer$Division (RaftServerImpl.java:setRole(321)) - 6f5e3e4a-08bd-4bbb-984f-08bcbe860d90@group-FA29D6D30D5D: changes role from CANDIDATE to LEADER at term 2 for changeToLeader
2023-03-23 08:07:15,107 [6f5e3e4a-08bd-4bbb-984f-08bcbe860d90@group-FA29D6D30D5D-LeaderElection13] INFO  ratis.XceiverServerRatis (XceiverServerRatis.java:handleLeaderChangedNotification(905)) - Leader change notification received for group: group-FA29D6D30D5D with new leaderId: 6f5e3e4a-08bd-4bbb-984f-08bcbe860d90
2023-03-23 08:07:15,107 [6f5e3e4a-08bd-4bbb-984f-08bcbe860d90@group-FA29D6D30D5D-LeaderElection13] INFO  server.RaftServer$Division (ServerState.java:setLeader(313)) - 6f5e3e4a-08bd-4bbb-984f-08bcbe860d90@group-FA29D6D30D5D: change Leader from null to 6f5e3e4a-08bd-4bbb-984f-08bcbe860d90 at term 2 for becomeLeader, leader elected after 28ms
2023-03-23 08:07:15,107 [6f5e3e4a-08bd-4bbb-984f-08bcbe860d90@group-FA29D6D30D5D-LeaderElection13] INFO  server.RaftServerConfigKeys (ConfUtils.java:logGet(46)) - raft.server.staging.catchup.gap = 1000 (default)
2023-03-23 08:07:15,107 [6f5e3e4a-08bd-4bbb-984f-08bcbe860d90@group-FA29D6D30D5D-LeaderElection13] INFO  server.RaftServerConfigKeys (ConfUtils.java:logGet(46)) - raft.server.write.element-limit = 1024 (custom)
2023-03-23 08:07:15,107 [6f5e3e4a-08bd-4bbb-984f-08bcbe860d90@group-FA29D6D30D5D-LeaderElection13] INFO  server.RaftServerConfigKeys (ConfUtils.java:logGet(46)) - raft.server.write.byte-limit = 1024 M (=1073741824) (custom)
2023-03-23 08:07:15,108 [6f5e3e4a-08bd-4bbb-984f-08bcbe860d90@group-FA29D6D30D5D-LeaderElection13] INFO  server.RaftServerConfigKeys (ConfUtils.java:logGet(46)) - raft.server.watch.timeout = 180s (custom)
2023-03-23 08:07:15,108 [6f5e3e4a-08bd-4bbb-984f-08bcbe860d90@group-FA29D6D30D5D-LeaderElection13] INFO  server.RaftServerConfigKeys (ConfUtils.java:logGet(46)) - raft.server.watch.timeout.denomination = 1s (default)
2023-03-23 08:07:15,108 [6f5e3e4a-08bd-4bbb-984f-08bcbe860d90@group-FA29D6D30D5D-LeaderElection13] INFO  server.RaftServerConfigKeys (ConfUtils.java:logGet(46)) - raft.server.watch.element-limit = 65536 (default)
2023-03-23 08:07:15,108 [6f5e3e4a-08bd-4bbb-984f-08bcbe860d90@group-FA29D6D30D5D-LeaderElection13] INFO  server.RaftServerConfigKeys (ConfUtils.java:logGet(46)) - raft.server.write.element-limit = 1024 (custom)
2023-03-23 08:07:15,108 [6f5e3e4a-08bd-4bbb-984f-08bcbe860d90@group-FA29D6D30D5D-LeaderElection13] INFO  server.RaftServerConfigKeys (ConfUtils.java:logGet(46)) - raft.server.write.follower.gap.ratio.max = -1.0 (default)
2023-03-23 08:07:15,108 [6f5e3e4a-08bd-4bbb-984f-08bcbe860d90@group-FA29D6D30D5D-LeaderElection13] INFO  server.RaftServerConfigKeys (ConfUtils.java:logGet(46)) - raft.server.log.appender.snapshot.chunk.size.max = 16MB (=16777216) (default)
2023-03-23 08:07:15,108 [6f5e3e4a-08bd-4bbb-984f-08bcbe860d90@group-FA29D6D30D5D-LeaderElection13] INFO  server.RaftServerConfigKeys (ConfUtils.java:logGet(46)) - raft.server.log.appender.buffer.byte-limit = 33554432 (custom)
2023-03-23 08:07:15,108 [6f5e3e4a-08bd-4bbb-984f-08bcbe860d90@group-FA29D6D30D5D-LeaderElection13] INFO  server.RaftServerConfigKeys (ConfUtils.java:logGet(46)) - raft.server.log.appender.buffer.element-limit = 1 (custom)
2023-03-23 08:07:15,108 [6f5e3e4a-08bd-4bbb-984f-08bcbe860d90@group-FA29D6D30D5D-LeaderElection13] INFO  grpc.GrpcConfigKeys (ConfUtils.java:logGet(46)) - raft.grpc.server.leader.outstanding.appends.max = 128 (default)
2023-03-23 08:07:15,108 [6f5e3e4a-08bd-4bbb-984f-08bcbe860d90@group-FA29D6D30D5D-LeaderElection13] INFO  server.RaftServerConfigKeys (ConfUtils.java:logGet(46)) - raft.server.rpc.request.timeout = 60s (custom)
2023-03-23 08:07:15,108 [6f5e3e4a-08bd-4bbb-984f-08bcbe860d90@group-FA29D6D30D5D-LeaderElection13] INFO  server.RaftServerConfigKeys (ConfUtils.java:logGet(46)) - raft.server.log.appender.install.snapshot.enabled = false (custom)
2023-03-23 08:07:15,108 [6f5e3e4a-08bd-4bbb-984f-08bcbe860d90@group-FA29D6D30D5D-LeaderElection13] INFO  grpc.GrpcConfigKeys (ConfUtils.java:logGet(46)) - raft.grpc.server.heartbeat.channel = true (default)
2023-03-23 08:07:15,109 [6f5e3e4a-08bd-4bbb-984f-08bcbe860d90@group-FA29D6D30D5D-LeaderElection13] INFO  server.RaftServerConfigKeys (ConfUtils.java:logGet(46)) - raft.server.log.appender.wait-time.min = 10ms (default)
2023-03-23 08:07:15,109 [6f5e3e4a-08bd-4bbb-984f-08bcbe860d90@group-FA29D6D30D5D-LeaderElection13] INFO  server.RaftServerConfigKeys (ConfUtils.java:logGet(46)) - raft.server.log.appender.snapshot.chunk.size.max = 16MB (=16777216) (default)
2023-03-23 08:07:15,109 [6f5e3e4a-08bd-4bbb-984f-08bcbe860d90@group-FA29D6D30D5D-LeaderElection13] INFO  server.RaftServerConfigKeys (ConfUtils.java:logGet(46)) - raft.server.log.appender.buffer.byte-limit = 33554432 (custom)
2023-03-23 08:07:15,109 [6f5e3e4a-08bd-4bbb-984f-08bcbe860d90@group-FA29D6D30D5D-LeaderElection13] INFO  server.RaftServerConfigKeys (ConfUtils.java:logGet(46)) - raft.server.log.appender.buffer.element-limit = 1 (custom)
2023-03-23 08:07:15,109 [6f5e3e4a-08bd-4bbb-984f-08bcbe860d90@group-FA29D6D30D5D-LeaderElection13] INFO  grpc.GrpcConfigKeys (ConfUtils.java:logGet(46)) - raft.grpc.server.leader.outstanding.appends.max = 128 (default)
2023-03-23 08:07:15,109 [6f5e3e4a-08bd-4bbb-984f-08bcbe860d90@group-FA29D6D30D5D-LeaderElection13] INFO  server.RaftServerConfigKeys (ConfUtils.java:logGet(46)) - raft.server.rpc.request.timeout = 60s (custom)
2023-03-23 08:07:15,109 [6f5e3e4a-08bd-4bbb-984f-08bcbe860d90@group-FA29D6D30D5D-LeaderElection13] INFO  server.RaftServerConfigKeys (ConfUtils.java:logGet(46)) - raft.server.log.appender.install.snapshot.enabled = false (custom)
2023-03-23 08:07:15,109 [6f5e3e4a-08bd-4bbb-984f-08bcbe860d90@group-FA29D6D30D5D-LeaderElection13] INFO  grpc.GrpcConfigKeys (ConfUtils.java:logGet(46)) - raft.grpc.server.heartbeat.channel = true (default)
2023-03-23 08:07:15,111 [6f5e3e4a-08bd-4bbb-984f-08bcbe860d90@group-FA29D6D30D5D-LeaderElection13] INFO  server.RaftServerConfigKeys (ConfUtils.java:logGet(46)) - raft.server.log.appender.wait-time.min = 10ms (default)
2023-03-23 08:07:15,111 [6f5e3e4a-08bd-4bbb-984f-08bcbe860d90@group-FA29D6D30D5D-LeaderElection13] INFO  impl.RoleInfo (RoleInfo.java:updateAndGet(139)) - 6f5e3e4a-08bd-4bbb-984f-08bcbe860d90: start 6f5e3e4a-08bd-4bbb-984f-08bcbe860d90@group-FA29D6D30D5D-LeaderStateImpl
2023-03-23 08:07:15,112 [6f5e3e4a-08bd-4bbb-984f-08bcbe860d90@group-FA29D6D30D5D-LeaderElection13] INFO  segmented.SegmentedRaftLogWorker (SegmentedRaftLogWorker.java:rollLogSegment(457)) - 6f5e3e4a-08bd-4bbb-984f-08bcbe860d90@group-FA29D6D30D5D-SegmentedRaftLogWorker: Rolling segment log-0_0 to index:0
2023-03-23 08:07:15,113 [6f5e3e4a-08bd-4bbb-984f-08bcbe860d90@group-FA29D6D30D5D-SegmentedRaftLogWorker] INFO  segmented.SegmentedRaftLogWorker (SegmentedRaftLogWorker.java:execute(613)) - 6f5e3e4a-08bd-4bbb-984f-08bcbe860d90@group-FA29D6D30D5D-SegmentedRaftLogWorker: Rolled log segment from /home/runner/work/ozone/ozone/hadoop-ozone/integration-test/target/test-dir/MiniOzoneClusterImpl-31e8183b-455c-41dd-a5db-82de5ef729db/datanode-1/data/ratis/67437f06-9c9b-4aec-aa9f-fa29d6d30d5d/current/log_inprogress_0 to /home/runner/work/ozone/ozone/hadoop-ozone/integration-test/target/test-dir/MiniOzoneClusterImpl-31e8183b-455c-41dd-a5db-82de5ef729db/datanode-1/data/ratis/67437f06-9c9b-4aec-aa9f-fa29d6d30d5d/current/log_0-0
2023-03-23 08:07:15,115 [6f5e3e4a-08bd-4bbb-984f-08bcbe860d90@group-FA29D6D30D5D-SegmentedRaftLogWorker] INFO  segmented.SegmentedRaftLogWorker (SegmentedRaftLogWorker.java:execute(656)) - 6f5e3e4a-08bd-4bbb-984f-08bcbe860d90@group-FA29D6D30D5D-SegmentedRaftLogWorker: created new log segment /home/runner/work/ozone/ozone/hadoop-ozone/integration-test/target/test-dir/MiniOzoneClusterImpl-31e8183b-455c-41dd-a5db-82de5ef729db/datanode-1/data/ratis/67437f06-9c9b-4aec-aa9f-fa29d6d30d5d/current/log_inprogress_1
2023-03-23 08:07:15,117 [grpc-default-executor-6] WARN  server.GrpcLogAppender (LogUtils.java:warn(122)) - 6f5e3e4a-08bd-4bbb-984f-08bcbe860d90@group-FA29D6D30D5D->266f5cc7-0c64-4a72-9a4b-104b6d67fb98-AppendLogResponseHandler: Failed appendEntries: org.apache.ratis.thirdparty.io.grpc.StatusRuntimeException: UNAVAILABLE: io exception
2023-03-23 08:07:15,118 [6f5e3e4a-08bd-4bbb-984f-08bcbe860d90@group-FA29D6D30D5D-LeaderElection13] INFO  server.RaftServer$Division (ServerState.java:setRaftConf(430)) - 6f5e3e4a-08bd-4bbb-984f-08bcbe860d90@group-FA29D6D30D5D: set configuration 1: peers:[266f5cc7-0c64-4a72-9a4b-104b6d67fb98|rpc:10.1.0.214:41491|dataStream:10.1.0.214:46055|priority:1|startupRole:FOLLOWER, 6f5e3e4a-08bd-4bbb-984f-08bcbe860d90|rpc:10.1.0.214:39789|dataStream:10.1.0.214:40863|priority:0|startupRole:FOLLOWER, 9c0bd176-fc91-437f-a400-955ac6fa2da9|rpc:10.1.0.214:41819|dataStream:10.1.0.214:34391|priority:0|startupRole:FOLLOWER]|listeners:[], old=null
2023-03-23 08:07:15,127 [grpc-default-executor-5] WARN  server.GrpcLogAppender (LogUtils.java:warn(122)) - 6f5e3e4a-08bd-4bbb-984f-08bcbe860d90@group-FA29D6D30D5D->266f5cc7-0c64-4a72-9a4b-104b6d67fb98-AppendLogResponseHandler: Failed appendEntries: org.apache.ratis.thirdparty.io.grpc.StatusRuntimeException: UNAVAILABLE: io exception
2023-03-23 08:07:15,129 [grpc-default-executor-6] WARN  server.GrpcLogAppender (GrpcLogAppender.java:resetClient(131)) - 6f5e3e4a-08bd-4bbb-984f-08bcbe860d90@group-FA29D6D30D5D->266f5cc7-0c64-4a72-9a4b-104b6d67fb98-GrpcLogAppender: Leader has not got in touch with Follower 6f5e3e4a-08bd-4bbb-984f-08bcbe860d90@group-FA29D6D30D5D->266f5cc7-0c64-4a72-9a4b-104b6d67fb98(c-1,m0,n1, attendVote=true, lastRpcSendTime=0, lastRpcResponseTime=5221) yet, just keep nextIndex unchanged and retry.
2023-03-23 08:07:15,130 [grpc-default-executor-5] WARN  server.GrpcLogAppender (GrpcLogAppender.java:resetClient(131)) - 6f5e3e4a-08bd-4bbb-984f-08bcbe860d90@group-FA29D6D30D5D->266f5cc7-0c64-4a72-9a4b-104b6d67fb98-GrpcLogAppender: Leader has not got in touch with Follower 6f5e3e4a-08bd-4bbb-984f-08bcbe860d90@group-FA29D6D30D5D->266f5cc7-0c64-4a72-9a4b-104b6d67fb98(c-1,m0,n1, attendVote=true, lastRpcSendTime=1, lastRpcResponseTime=5222) yet, just keep nextIndex unchanged and retry.
2023-03-23 08:07:15,138 [9c0bd176-fc91-437f-a400-955ac6fa2da9-server-thread3] INFO  ratis.XceiverServerRatis (XceiverServerRatis.java:handleLeaderChangedNotification(905)) - Leader change notification received for group: group-FA29D6D30D5D with new leaderId: 6f5e3e4a-08bd-4bbb-984f-08bcbe860d90
2023-03-23 08:07:15,138 [9c0bd176-fc91-437f-a400-955ac6fa2da9-server-thread3] INFO  server.RaftServer$Division (ServerState.java:setLeader(313)) - 9c0bd176-fc91-437f-a400-955ac6fa2da9@group-FA29D6D30D5D: change Leader from null to 6f5e3e4a-08bd-4bbb-984f-08bcbe860d90 at term 2 for appendEntries, leader elected after 35ms
2023-03-23 08:07:15,140 [grpc-default-executor-6] WARN  server.GrpcLogAppender (LogUtils.java:warn(122)) - 6f5e3e4a-08bd-4bbb-984f-08bcbe860d90@group-FA29D6D30D5D->266f5cc7-0c64-4a72-9a4b-104b6d67fb98-AppendLogResponseHandler: Failed appendEntries: org.apache.ratis.thirdparty.io.grpc.StatusRuntimeException: UNAVAILABLE: io exception
2023-03-23 08:07:15,140 [grpc-default-executor-0] WARN  server.GrpcLogAppender (LogUtils.java:warn(122)) - 6f5e3e4a-08bd-4bbb-984f-08bcbe860d90@group-FA29D6D30D5D->266f5cc7-0c64-4a72-9a4b-104b6d67fb98-AppendLogResponseHandler: Failed appendEntries: org.apache.ratis.thirdparty.io.grpc.StatusRuntimeException: UNAVAILABLE: io exception
2023-03-23 08:07:15,140 [grpc-default-executor-6] WARN  server.GrpcLogAppender (GrpcLogAppender.java:resetClient(131)) - 6f5e3e4a-08bd-4bbb-984f-08bcbe860d90@group-FA29D6D30D5D->266f5cc7-0c64-4a72-9a4b-104b6d67fb98-GrpcLogAppender: Leader has not got in touch with Follower 6f5e3e4a-08bd-4bbb-984f-08bcbe860d90@group-FA29D6D30D5D->266f5cc7-0c64-4a72-9a4b-104b6d67fb98(c-1,m0,n2, attendVote=true, lastRpcSendTime=0, lastRpcResponseTime=5232) yet, just keep nextIndex unchanged and retry.
2023-03-23 08:07:15,140 [grpc-default-executor-0] WARN  server.GrpcLogAppender (GrpcLogAppender.java:resetClient(131)) - 6f5e3e4a-08bd-4bbb-984f-08bcbe860d90@group-FA29D6D30D5D->266f5cc7-0c64-4a72-9a4b-104b6d67fb98-GrpcLogAppender: Leader has not got in touch with Follower 6f5e3e4a-08bd-4bbb-984f-08bcbe860d90@group-FA29D6D30D5D->266f5cc7-0c64-4a72-9a4b-104b6d67fb98(c-1,m0,n2, attendVote=true, lastRpcSendTime=0, lastRpcResponseTime=5232) yet, just keep nextIndex unchanged and retry.
2023-03-23 08:07:15,144 [9c0bd176-fc91-437f-a400-955ac6fa2da9-server-thread1] INFO  server.RaftServer$Division (ServerState.java:setRaftConf(430)) - 9c0bd176-fc91-437f-a400-955ac6fa2da9@group-FA29D6D30D5D: set configuration 1: peers:[266f5cc7-0c64-4a72-9a4b-104b6d67fb98|rpc:10.1.0.214:41491|dataStream:10.1.0.214:46055|priority:1|startupRole:FOLLOWER, 6f5e3e4a-08bd-4bbb-984f-08bcbe860d90|rpc:10.1.0.214:39789|dataStream:10.1.0.214:40863|priority:0|startupRole:FOLLOWER, 9c0bd176-fc91-437f-a400-955ac6fa2da9|rpc:10.1.0.214:41819|dataStream:10.1.0.214:34391|priority:0|startupRole:FOLLOWER]|listeners:[], old=null
2023-03-23 08:07:15,145 [9c0bd176-fc91-437f-a400-955ac6fa2da9-server-thread1] INFO  segmented.SegmentedRaftLogWorker (SegmentedRaftLogWorker.java:rollLogSegment(457)) - 9c0bd176-fc91-437f-a400-955ac6fa2da9@group-FA29D6D30D5D-SegmentedRaftLogWorker: Rolling segment log-0_0 to index:0
2023-03-23 08:07:15,145 [9c0bd176-fc91-437f-a400-955ac6fa2da9@group-FA29D6D30D5D-SegmentedRaftLogWorker] INFO  segmented.SegmentedRaftLogWorker (SegmentedRaftLogWorker.java:execute(613)) - 9c0bd176-fc91-437f-a400-955ac6fa2da9@group-FA29D6D30D5D-SegmentedRaftLogWorker: Rolled log segment from /home/runner/work/ozone/ozone/hadoop-ozone/integration-test/target/test-dir/MiniOzoneClusterImpl-31e8183b-455c-41dd-a5db-82de5ef729db/datanode-2/data/ratis/67437f06-9c9b-4aec-aa9f-fa29d6d30d5d/current/log_inprogress_0 to /home/runner/work/ozone/ozone/hadoop-ozone/integration-test/target/test-dir/MiniOzoneClusterImpl-31e8183b-455c-41dd-a5db-82de5ef729db/datanode-2/data/ratis/67437f06-9c9b-4aec-aa9f-fa29d6d30d5d/current/log_0-0
2023-03-23 08:07:15,146 [9c0bd176-fc91-437f-a400-955ac6fa2da9@group-FA29D6D30D5D-SegmentedRaftLogWorker] INFO  segmented.SegmentedRaftLogWorker (SegmentedRaftLogWorker.java:execute(656)) - 9c0bd176-fc91-437f-a400-955ac6fa2da9@group-FA29D6D30D5D-SegmentedRaftLogWorker: created new log segment /home/runner/work/ozone/ozone/hadoop-ozone/integration-test/target/test-dir/MiniOzoneClusterImpl-31e8183b-455c-41dd-a5db-82de5ef729db/datanode-2/data/ratis/67437f06-9c9b-4aec-aa9f-fa29d6d30d5d/current/log_inprogress_1
2023-03-23 08:07:15,148 [grpc-default-executor-0] WARN  server.GrpcLogAppender (LogUtils.java:warn(122)) - 6f5e3e4a-08bd-4bbb-984f-08bcbe860d90@group-FA29D6D30D5D->266f5cc7-0c64-4a72-9a4b-104b6d67fb98-AppendLogResponseHandler: Failed appendEntries: org.apache.ratis.thirdparty.io.grpc.StatusRuntimeException: UNAVAILABLE: io exception
2023-03-23 08:07:15,148 [grpc-default-executor-5] WARN  server.GrpcLogAppender (LogUtils.java:warn(122)) - 6f5e3e4a-08bd-4bbb-984f-08bcbe860d90@group-FA29D6D30D5D->266f5cc7-0c64-4a72-9a4b-104b6d67fb98-AppendLogResponseHandler: Failed appendEntries: org.apache.ratis.thirdparty.io.grpc.StatusRuntimeException: UNAVAILABLE: io exception
2023-03-23 08:07:15,149 [grpc-default-executor-0] WARN  server.GrpcLogAppender (GrpcLogAppender.java:resetClient(131)) - 6f5e3e4a-08bd-4bbb-984f-08bcbe860d90@group-FA29D6D30D5D->266f5cc7-0c64-4a72-9a4b-104b6d67fb98-GrpcLogAppender: Leader has not got in touch with Follower 6f5e3e4a-08bd-4bbb-984f-08bcbe860d90@group-FA29D6D30D5D->266f5cc7-0c64-4a72-9a4b-104b6d67fb98(c-1,m0,n3, attendVote=true, lastRpcSendTime=0, lastRpcResponseTime=5240) yet, just keep nextIndex unchanged and retry.
2023-03-23 08:07:15,149 [grpc-default-executor-5] WARN  server.GrpcLogAppender (GrpcLogAppender.java:resetClient(131)) - 6f5e3e4a-08bd-4bbb-984f-08bcbe860d90@group-FA29D6D30D5D->266f5cc7-0c64-4a72-9a4b-104b6d67fb98-GrpcLogAppender: Leader has not got in touch with Follower 6f5e3e4a-08bd-4bbb-984f-08bcbe860d90@group-FA29D6D30D5D->266f5cc7-0c64-4a72-9a4b-104b6d67fb98(c-1,m0,n3, attendVote=true, lastRpcSendTime=0, lastRpcResponseTime=5240) yet, just keep nextIndex unchanged and retry.
2023-03-23 08:07:15,153 [BlockDeletingService#8] INFO  interfaces.ContainerDeletionChoosingPolicyTemplate (ContainerDeletionChoosingPolicyTemplate.java:chooseContainerForBlockDeletion(83)) - Chosen 0/5000 blocks from 0 candidate containers.
2023-03-23 08:07:15,153 [BlockDeletingService#7] INFO  interfaces.ContainerDeletionChoosingPolicyTemplate (ContainerDeletionChoosingPolicyTemplate.java:chooseContainerForBlockDeletion(83)) - Chosen 0/5000 blocks from 0 candidate containers.
2023-03-23 08:07:15,200 [SCMBlockDeletingService#0] DEBUG block.SCMBlockDeletingService (SCMBlockDeletingService.java:call(136)) - Running DeletedBlockTransactionScanner
2023-03-23 08:07:15,253 [BlockDeletingService#8] INFO  interfaces.ContainerDeletionChoosingPolicyTemplate (ContainerDeletionChoosingPolicyTemplate.java:chooseContainerForBlockDeletion(83)) - Chosen 0/5000 blocks from 0 candidate containers.
2023-03-23 08:07:15,253 [BlockDeletingService#7] INFO  interfaces.ContainerDeletionChoosingPolicyTemplate (ContainerDeletionChoosingPolicyTemplate.java:chooseContainerForBlockDeletion(83)) - Chosen 0/5000 blocks from 0 candidate containers.
2023-03-23 08:07:15,300 [SCMBlockDeletingService#0] DEBUG block.SCMBlockDeletingService (SCMBlockDeletingService.java:call(136)) - Running DeletedBlockTransactionScanner
2023-03-23 08:07:15,354 [BlockDeletingService#8] INFO  interfaces.ContainerDeletionChoosingPolicyTemplate (ContainerDeletionChoosingPolicyTemplate.java:chooseContainerForBlockDeletion(83)) - Chosen 0/5000 blocks from 0 candidate containers.
2023-03-23 08:07:15,354 [BlockDeletingService#7] INFO  interfaces.ContainerDeletionChoosingPolicyTemplate (ContainerDeletionChoosingPolicyTemplate.java:chooseContainerForBlockDeletion(83)) - Chosen 0/5000 blocks from 0 candidate containers.
2023-03-23 08:07:15,400 [SCMBlockDeletingService#0] DEBUG block.SCMBlockDeletingService (SCMBlockDeletingService.java:call(136)) - Running DeletedBlockTransactionScanner
2023-03-23 08:07:15,454 [BlockDeletingService#8] INFO  interfaces.ContainerDeletionChoosingPolicyTemplate (ContainerDeletionChoosingPolicyTemplate.java:chooseContainerForBlockDeletion(83)) - Chosen 0/5000 blocks from 0 candidate containers.
2023-03-23 08:07:15,454 [BlockDeletingService#7] INFO  interfaces.ContainerDeletionChoosingPolicyTemplate (ContainerDeletionChoosingPolicyTemplate.java:chooseContainerForBlockDeletion(83)) - Chosen 0/5000 blocks from 0 candidate containers.
2023-03-23 08:07:15,501 [SCMBlockDeletingService#0] DEBUG block.SCMBlockDeletingService (SCMBlockDeletingService.java:call(136)) - Running DeletedBlockTransactionScanner
2023-03-23 08:07:15,644 [SCMBlockDeletingService#0] DEBUG block.SCMBlockDeletingService (SCMBlockDeletingService.java:call(136)) - Running DeletedBlockTransactionScanner
2023-03-23 08:07:15,647 [BlockDeletingService#7] INFO  interfaces.ContainerDeletionChoosingPolicyTemplate (ContainerDeletionChoosingPolicyTemplate.java:chooseContainerForBlockDeletion(83)) - Chosen 0/5000 blocks from 0 candidate containers.
2023-03-23 08:07:15,647 [BlockDeletingService#8] INFO  interfaces.ContainerDeletionChoosingPolicyTemplate (ContainerDeletionChoosingPolicyTemplate.java:chooseContainerForBlockDeletion(83)) - Chosen 0/5000 blocks from 0 candidate containers.
2023-03-23 08:07:15,651 [JvmPauseMonitor15] WARN  util.JvmPauseMonitor (JvmPauseMonitor.java:detectPause(126)) - JvmPauseMonitor-6f5e3e4a-08bd-4bbb-984f-08bcbe860d90: Detected pause in JVM or host machine (eg GC): pause of approximately 112013231ns.
GC pool 'PS Scavenge' had collection(s): count=1 time=104ms
2023-03-23 08:07:15,662 [Listener at 127.0.0.1/35553] INFO  ozone.MiniOzoneClusterImpl (MiniOzoneClusterImpl.java:lambda$waitForClusterToBeReady$0(222)) - Waiting for nodes to be ready. Got 2 of 3 DN Heartbeats.
2023-03-23 08:07:15,662 [Listener at 127.0.0.1/35553] INFO  ozone.MiniOzoneClusterImpl (MiniOzoneClusterImpl.java:lambda$waitForClusterToBeReady$0(225)) - Cluster exits safe mode
2023-03-23 08:07:15,662 [Listener at 127.0.0.1/35553] INFO  ozone.MiniOzoneClusterImpl (MiniOzoneClusterImpl.java:lambda$waitForClusterToBeReady$0(227)) - SCM became leader
2023-03-23 08:07:15,744 [SCMBlockDeletingService#0] DEBUG block.SCMBlockDeletingService (SCMBlockDeletingService.java:call(136)) - Running DeletedBlockTransactionScanner
2023-03-23 08:07:15,747 [BlockDeletingService#7] INFO  interfaces.ContainerDeletionChoosingPolicyTemplate (ContainerDeletionChoosingPolicyTemplate.java:chooseContainerForBlockDeletion(83)) - Chosen 0/5000 blocks from 0 candidate containers.
2023-03-23 08:07:15,747 [BlockDeletingService#8] INFO  interfaces.ContainerDeletionChoosingPolicyTemplate (ContainerDeletionChoosingPolicyTemplate.java:chooseContainerForBlockDeletion(83)) - Chosen 0/5000 blocks from 0 candidate containers.
2023-03-23 08:07:15,844 [SCMBlockDeletingService#0] DEBUG block.SCMBlockDeletingService (SCMBlockDeletingService.java:call(136)) - Running DeletedBlockTransactionScanner
2023-03-23 08:07:15,847 [BlockDeletingService#7] INFO  interfaces.ContainerDeletionChoosingPolicyTemplate (ContainerDeletionChoosingPolicyTemplate.java:chooseContainerForBlockDeletion(83)) - Chosen 0/5000 blocks from 0 candidate containers.
2023-03-23 08:07:15,847 [BlockDeletingService#8] INFO  interfaces.ContainerDeletionChoosingPolicyTemplate (ContainerDeletionChoosingPolicyTemplate.java:chooseContainerForBlockDeletion(83)) - Chosen 0/5000 blocks from 0 candidate containers.
2023-03-23 08:07:15,945 [SCMBlockDeletingService#0] DEBUG block.SCMBlockDeletingService (SCMBlockDeletingService.java:call(136)) - Running DeletedBlockTransactionScanner
2023-03-23 08:07:15,948 [BlockDeletingService#7] INFO  interfaces.ContainerDeletionChoosingPolicyTemplate (ContainerDeletionChoosingPolicyTemplate.java:chooseContainerForBlockDeletion(83)) - Chosen 0/5000 blocks from 0 candidate containers.
2023-03-23 08:07:15,948 [BlockDeletingService#8] INFO  interfaces.ContainerDeletionChoosingPolicyTemplate (ContainerDeletionChoosingPolicyTemplate.java:chooseContainerForBlockDeletion(83)) - Chosen 0/5000 blocks from 0 candidate containers.
2023-03-23 08:07:16,045 [SCMBlockDeletingService#0] DEBUG block.SCMBlockDeletingService (SCMBlockDeletingService.java:call(136)) - Running DeletedBlockTransactionScanner
2023-03-23 08:07:16,048 [BlockDeletingService#7] INFO  interfaces.ContainerDeletionChoosingPolicyTemplate (ContainerDeletionChoosingPolicyTemplate.java:chooseContainerForBlockDeletion(83)) - Chosen 0/5000 blocks from 0 candidate containers.
2023-03-23 08:07:16,048 [BlockDeletingService#8] INFO  interfaces.ContainerDeletionChoosingPolicyTemplate (ContainerDeletionChoosingPolicyTemplate.java:chooseContainerForBlockDeletion(83)) - Chosen 0/5000 blocks from 0 candidate containers.
2023-03-23 08:07:16,145 [SCMBlockDeletingService#0] DEBUG block.SCMBlockDeletingService (SCMBlockDeletingService.java:call(136)) - Running DeletedBlockTransactionScanner
2023-03-23 08:07:16,148 [BlockDeletingService#7] INFO  interfaces.ContainerDeletionChoosingPolicyTemplate (ContainerDeletionChoosingPolicyTemplate.java:chooseContainerForBlockDeletion(83)) - Chosen 0/5000 blocks from 0 candidate containers.
2023-03-23 08:07:16,148 [BlockDeletingService#8] INFO  interfaces.ContainerDeletionChoosingPolicyTemplate (ContainerDeletionChoosingPolicyTemplate.java:chooseContainerForBlockDeletion(83)) - Chosen 0/5000 blocks from 0 candidate containers.
2023-03-23 08:07:16,245 [SCMBlockDeletingService#0] DEBUG block.SCMBlockDeletingService (SCMBlockDeletingService.java:call(136)) - Running DeletedBlockTransactionScanner
2023-03-23 08:07:16,248 [BlockDeletingService#7] INFO  interfaces.ContainerDeletionChoosingPolicyTemplate (ContainerDeletionChoosingPolicyTemplate.java:chooseContainerForBlockDeletion(83)) - Chosen 0/5000 blocks from 0 candidate containers.
2023-03-23 08:07:16,248 [BlockDeletingService#8] INFO  interfaces.ContainerDeletionChoosingPolicyTemplate (ContainerDeletionChoosingPolicyTemplate.java:chooseContainerForBlockDeletion(83)) - Chosen 0/5000 blocks from 0 candidate containers.
2023-03-23 08:07:16,345 [SCMBlockDeletingService#0] DEBUG block.SCMBlockDeletingService (SCMBlockDeletingService.java:call(136)) - Running DeletedBlockTransactionScanner
2023-03-23 08:07:16,348 [BlockDeletingService#7] INFO  interfaces.ContainerDeletionChoosingPolicyTemplate (ContainerDeletionChoosingPolicyTemplate.java:chooseContainerForBlockDeletion(83)) - Chosen 0/5000 blocks from 0 candidate containers.
2023-03-23 08:07:16,349 [BlockDeletingService#8] INFO  interfaces.ContainerDeletionChoosingPolicyTemplate (ContainerDeletionChoosingPolicyTemplate.java:chooseContainerForBlockDeletion(83)) - Chosen 0/5000 blocks from 0 candidate containers.
2023-03-23 08:07:16,380 [grpc-default-executor-5] WARN  server.GrpcLogAppender (LogUtils.java:warn(122)) - 6f5e3e4a-08bd-4bbb-984f-08bcbe860d90@group-FA29D6D30D5D->266f5cc7-0c64-4a72-9a4b-104b6d67fb98-AppendLogResponseHandler: Failed appendEntries: org.apache.ratis.thirdparty.io.grpc.StatusRuntimeException: UNAVAILABLE: io exception
2023-03-23 08:07:16,380 [grpc-default-executor-0] WARN  server.GrpcLogAppender (LogUtils.java:warn(122)) - 6f5e3e4a-08bd-4bbb-984f-08bcbe860d90@group-FA29D6D30D5D->266f5cc7-0c64-4a72-9a4b-104b6d67fb98-AppendLogResponseHandler: Failed appendEntries: org.apache.ratis.thirdparty.io.grpc.StatusRuntimeException: UNAVAILABLE: io exception
2023-03-23 08:07:16,381 [grpc-default-executor-5] WARN  server.GrpcLogAppender (GrpcLogAppender.java:resetClient(131)) - 6f5e3e4a-08bd-4bbb-984f-08bcbe860d90@group-FA29D6D30D5D->266f5cc7-0c64-4a72-9a4b-104b6d67fb98-GrpcLogAppender: Leader has not got in touch with Follower 6f5e3e4a-08bd-4bbb-984f-08bcbe860d90@group-FA29D6D30D5D->266f5cc7-0c64-4a72-9a4b-104b6d67fb98(c-1,m0,n3, attendVote=true, lastRpcSendTime=0, lastRpcResponseTime=6472) yet, just keep nextIndex unchanged and retry.
2023-03-23 08:07:16,381 [grpc-default-executor-0] WARN  server.GrpcLogAppender (GrpcLogAppender.java:resetClient(131)) - 6f5e3e4a-08bd-4bbb-984f-08bcbe860d90@group-FA29D6D30D5D->266f5cc7-0c64-4a72-9a4b-104b6d67fb98-GrpcLogAppender: Leader has not got in touch with Follower 6f5e3e4a-08bd-4bbb-984f-08bcbe860d90@group-FA29D6D30D5D->266f5cc7-0c64-4a72-9a4b-104b6d67fb98(c-1,m0,n3, attendVote=true, lastRpcSendTime=0, lastRpcResponseTime=6472) yet, just keep nextIndex unchanged and retry.
2023-03-23 08:07:16,445 [SCMBlockDeletingService#0] DEBUG block.SCMBlockDeletingService (SCMBlockDeletingService.java:call(136)) - Running DeletedBlockTransactionScanner
2023-03-23 08:07:16,449 [BlockDeletingService#7] INFO  interfaces.ContainerDeletionChoosingPolicyTemplate (ContainerDeletionChoosingPolicyTemplate.java:chooseContainerForBlockDeletion(83)) - Chosen 0/5000 blocks from 0 candidate containers.
2023-03-23 08:07:16,449 [BlockDeletingService#8] INFO  interfaces.ContainerDeletionChoosingPolicyTemplate (ContainerDeletionChoosingPolicyTemplate.java:chooseContainerForBlockDeletion(83)) - Chosen 0/5000 blocks from 0 candidate containers.
2023-03-23 08:07:16,545 [SCMBlockDeletingService#0] DEBUG block.SCMBlockDeletingService (SCMBlockDeletingService.java:call(136)) - Running DeletedBlockTransactionScanner
2023-03-23 08:07:16,549 [BlockDeletingService#7] INFO  interfaces.ContainerDeletionChoosingPolicyTemplate (ContainerDeletionChoosingPolicyTemplate.java:chooseContainerForBlockDeletion(83)) - Chosen 0/5000 blocks from 0 candidate containers.
2023-03-23 08:07:16,549 [BlockDeletingService#8] INFO  interfaces.ContainerDeletionChoosingPolicyTemplate (ContainerDeletionChoosingPolicyTemplate.java:chooseContainerForBlockDeletion(83)) - Chosen 0/5000 blocks from 0 candidate containers.
2023-03-23 08:07:16,645 [SCMBlockDeletingService#0] DEBUG block.SCMBlockDeletingService (SCMBlockDeletingService.java:call(136)) - Running DeletedBlockTransactionScanner
2023-03-23 08:07:16,649 [BlockDeletingService#7] INFO  interfaces.ContainerDeletionChoosingPolicyTemplate (ContainerDeletionChoosingPolicyTemplate.java:chooseContainerForBlockDeletion(83)) - Chosen 0/5000 blocks from 0 candidate containers.
2023-03-23 08:07:16,649 [BlockDeletingService#8] INFO  interfaces.ContainerDeletionChoosingPolicyTemplate (ContainerDeletionChoosingPolicyTemplate.java:chooseContainerForBlockDeletion(83)) - Chosen 0/5000 blocks from 0 candidate containers.
2023-03-23 08:07:16,662 [Listener at 127.0.0.1/35553] INFO  ozone.MiniOzoneClusterImpl (MiniOzoneClusterImpl.java:lambda$waitForClusterToBeReady$0(222)) - Waiting for nodes to be ready. Got 2 of 3 DN Heartbeats.
2023-03-23 08:07:16,663 [Listener at 127.0.0.1/35553] INFO  ozone.MiniOzoneClusterImpl (MiniOzoneClusterImpl.java:lambda$waitForClusterToBeReady$0(225)) - Cluster exits safe mode
2023-03-23 08:07:16,663 [Listener at 127.0.0.1/35553] INFO  ozone.MiniOzoneClusterImpl (MiniOzoneClusterImpl.java:lambda$waitForClusterToBeReady$0(227)) - SCM became leader
2023-03-23 08:07:16,667 [EndpointStateMachine task thread for /0.0.0.0:42431 - 0 ] INFO  ozoneimpl.OzoneContainer (OzoneContainer.java:start(401)) - Attempting to start container services.
2023-03-23 08:07:16,667 [EndpointStateMachine task thread for /0.0.0.0:42431 - 0 ] INFO  ozoneimpl.OzoneContainer (OzoneContainer.java:startContainerScrub(318)) - Scheduled background container scanners and the on-demand container scanner have been disabled.
2023-03-23 08:07:16,673 [EndpointStateMachine task thread for /0.0.0.0:42431 - 0 ] INFO  replication.ReplicationServer (ReplicationServer.java:start(109)) - ReplicationServer is started using port 44669
2023-03-23 08:07:16,673 [EndpointStateMachine task thread for /0.0.0.0:42431 - 0 ] INFO  ratis.XceiverServerRatis (XceiverServerRatis.java:start(518)) - Starting XceiverServerRatis 266f5cc7-0c64-4a72-9a4b-104b6d67fb98
2023-03-23 08:07:16,690 [266f5cc7-0c64-4a72-9a4b-104b6d67fb98-impl-thread1] INFO  storage.RaftStorageDirectory (RaftStorageDirectoryImpl.java:tryLock(231)) - Lock on /home/runner/work/ozone/ozone/hadoop-ozone/integration-test/target/test-dir/MiniOzoneClusterImpl-31e8183b-455c-41dd-a5db-82de5ef729db/datanode-0/data/ratis/67437f06-9c9b-4aec-aa9f-fa29d6d30d5d/in_use.lock acquired by nodename 6812@fv-az105-497
2023-03-23 08:07:16,691 [266f5cc7-0c64-4a72-9a4b-104b6d67fb98-impl-thread1] INFO  storage.RaftStorage (RaftStorageImpl.java:analyzeAndRecoverStorage(117)) - Read RaftStorageMetadata{term=1, votedFor=266f5cc7-0c64-4a72-9a4b-104b6d67fb98} from /home/runner/work/ozone/ozone/hadoop-ozone/integration-test/target/test-dir/MiniOzoneClusterImpl-31e8183b-455c-41dd-a5db-82de5ef729db/datanode-0/data/ratis/67437f06-9c9b-4aec-aa9f-fa29d6d30d5d/current/raft-meta
2023-03-23 08:07:16,692 [266f5cc7-0c64-4a72-9a4b-104b6d67fb98-impl-thread1] INFO  server.RaftServer$Division (ServerState.java:setRaftConf(430)) - 266f5cc7-0c64-4a72-9a4b-104b6d67fb98@group-FA29D6D30D5D: set configuration 0: peers:[266f5cc7-0c64-4a72-9a4b-104b6d67fb98|rpc:10.1.0.214:41491|dataStream:10.1.0.214:46055|priority:1|startupRole:FOLLOWER, 6f5e3e4a-08bd-4bbb-984f-08bcbe860d90|rpc:10.1.0.214:39789|dataStream:10.1.0.214:40863|priority:0|startupRole:FOLLOWER, 9c0bd176-fc91-437f-a400-955ac6fa2da9|rpc:10.1.0.214:41819|dataStream:10.1.0.214:34391|priority:0|startupRole:FOLLOWER]|listeners:[], old=null
2023-03-23 08:07:16,692 [266f5cc7-0c64-4a72-9a4b-104b6d67fb98-impl-thread1] INFO  ratis.ContainerStateMachine (ContainerStateMachine.java:loadSnapshot(271)) - group-FA29D6D30D5D: Setting the last applied index to (t:1, i:0)
2023-03-23 08:07:16,692 [266f5cc7-0c64-4a72-9a4b-104b6d67fb98-impl-thread1] INFO  server.RaftServerConfigKeys (ConfUtils.java:logGet(46)) - raft.server.log.use.memory = false (default)
2023-03-23 08:07:16,692 [266f5cc7-0c64-4a72-9a4b-104b6d67fb98-impl-thread1] INFO  server.RaftServerConfigKeys (ConfUtils.java:logGet(46)) - raft.server.log.purge.gap = 1000000 (custom)
2023-03-23 08:07:16,692 [266f5cc7-0c64-4a72-9a4b-104b6d67fb98-impl-thread1] INFO  server.RaftServerConfigKeys (ConfUtils.java:logGet(46)) - raft.server.log.appender.buffer.byte-limit = 33554432 (custom)
2023-03-23 08:07:16,692 [266f5cc7-0c64-4a72-9a4b-104b6d67fb98-impl-thread1] INFO  server.RaftServerConfigKeys (ConfUtils.java:logGet(46)) - raft.server.log.statemachine.data.read.timeout = 1000ms (default)
2023-03-23 08:07:16,692 [266f5cc7-0c64-4a72-9a4b-104b6d67fb98-impl-thread1] INFO  server.RaftServerConfigKeys (ConfUtils.java:logGet(46)) - raft.server.log.purge.preservation.log.num = 0 (default)
2023-03-23 08:07:16,692 [266f5cc7-0c64-4a72-9a4b-104b6d67fb98-impl-thread1] INFO  server.RaftServerConfigKeys (ConfUtils.java:logGet(46)) - raft.server.log.segment.size.max = 1048576 (custom)
2023-03-23 08:07:16,693 [266f5cc7-0c64-4a72-9a4b-104b6d67fb98-impl-thread1] INFO  server.RaftServerConfigKeys (ConfUtils.java:logGet(46)) - raft.server.log.segment.cache.num.max = 2 (custom)
2023-03-23 08:07:16,693 [266f5cc7-0c64-4a72-9a4b-104b6d67fb98-impl-thread1] INFO  server.RaftServerConfigKeys (ConfUtils.java:logGet(46)) - raft.server.log.segment.cache.size.max = 200MB (=209715200) (default)
2023-03-23 08:07:16,693 [266f5cc7-0c64-4a72-9a4b-104b6d67fb98-impl-thread1] INFO  segmented.SegmentedRaftLogWorker (SegmentedRaftLogWorker.java:<init>(189)) - new 266f5cc7-0c64-4a72-9a4b-104b6d67fb98@group-FA29D6D30D5D-SegmentedRaftLogWorker for RaftStorageImpl:Storage Directory /home/runner/work/ozone/ozone/hadoop-ozone/integration-test/target/test-dir/MiniOzoneClusterImpl-31e8183b-455c-41dd-a5db-82de5ef729db/datanode-0/data/ratis/67437f06-9c9b-4aec-aa9f-fa29d6d30d5d
2023-03-23 08:07:16,693 [266f5cc7-0c64-4a72-9a4b-104b6d67fb98-impl-thread1] INFO  server.RaftServerConfigKeys (ConfUtils.java:logGet(46)) - raft.server.log.queue.byte-limit = 4294967296 (custom)
2023-03-23 08:07:16,693 [266f5cc7-0c64-4a72-9a4b-104b6d67fb98-impl-thread1] INFO  server.RaftServerConfigKeys (ConfUtils.java:logGet(46)) - raft.server.log.queue.element-limit = 1024 (custom)
2023-03-23 08:07:16,693 [266f5cc7-0c64-4a72-9a4b-104b6d67fb98-impl-thread1] INFO  server.RaftServerConfigKeys (ConfUtils.java:logGet(46)) - raft.server.log.segment.size.max = 1048576 (custom)
2023-03-23 08:07:16,693 [266f5cc7-0c64-4a72-9a4b-104b6d67fb98-impl-thread1] INFO  server.RaftServerConfigKeys (ConfUtils.java:logGet(46)) - raft.server.log.preallocated.size = 16384 (custom)
2023-03-23 08:07:16,693 [266f5cc7-0c64-4a72-9a4b-104b6d67fb98-impl-thread1] INFO  server.RaftServerConfigKeys (ConfUtils.java:logGet(46)) - raft.server.log.force.sync.num = 128 (default)
2023-03-23 08:07:16,693 [266f5cc7-0c64-4a72-9a4b-104b6d67fb98-impl-thread1] INFO  server.RaftServerConfigKeys (ConfUtils.java:logGet(46)) - raft.server.log.statemachine.data.sync = true (default)
2023-03-23 08:07:16,693 [266f5cc7-0c64-4a72-9a4b-104b6d67fb98-impl-thread1] INFO  server.RaftServerConfigKeys (ConfUtils.java:logGet(46)) - raft.server.log.statemachine.data.sync.timeout = 10s (default)
2023-03-23 08:07:16,693 [266f5cc7-0c64-4a72-9a4b-104b6d67fb98-impl-thread1] INFO  server.RaftServerConfigKeys (ConfUtils.java:logGet(46)) - raft.server.log.statemachine.data.sync.timeout.retry = -1 (default)
2023-03-23 08:07:16,694 [266f5cc7-0c64-4a72-9a4b-104b6d67fb98-impl-thread1] INFO  server.RaftServerConfigKeys (ConfUtils.java:logGet(46)) - raft.server.log.write.buffer.size = 1048576 (custom)
2023-03-23 08:07:16,694 [266f5cc7-0c64-4a72-9a4b-104b6d67fb98-impl-thread1] INFO  server.RaftServerConfigKeys (ConfUtils.java:logGet(46)) - raft.server.log.appender.buffer.byte-limit = 33554432 (custom)
2023-03-23 08:07:16,703 [266f5cc7-0c64-4a72-9a4b-104b6d67fb98-impl-thread1] INFO  server.RaftServerConfigKeys (ConfUtils.java:logGet(46)) - raft.server.log.unsafe-flush.enabled = false (default)
2023-03-23 08:07:16,703 [266f5cc7-0c64-4a72-9a4b-104b6d67fb98-impl-thread1] INFO  server.RaftServerConfigKeys (ConfUtils.java:logGet(46)) - raft.server.log.async-flush.enabled = false (default)
2023-03-23 08:07:16,703 [266f5cc7-0c64-4a72-9a4b-104b6d67fb98-impl-thread1] INFO  server.RaftServerConfigKeys (ConfUtils.java:logGet(46)) - raft.server.log.statemachine.data.caching.enabled = true (custom)
2023-03-23 08:07:16,706 [266f5cc7-0c64-4a72-9a4b-104b6d67fb98-impl-thread1] INFO  server.RaftServer$Division (ServerState.java:setRaftConf(430)) - 266f5cc7-0c64-4a72-9a4b-104b6d67fb98@group-FA29D6D30D5D: set configuration 0: peers:[266f5cc7-0c64-4a72-9a4b-104b6d67fb98|rpc:10.1.0.214:41491|dataStream:10.1.0.214:46055|priority:1|startupRole:FOLLOWER, 6f5e3e4a-08bd-4bbb-984f-08bcbe860d90|rpc:10.1.0.214:39789|dataStream:10.1.0.214:40863|priority:0|startupRole:FOLLOWER, 9c0bd176-fc91-437f-a400-955ac6fa2da9|rpc:10.1.0.214:41819|dataStream:10.1.0.214:34391|priority:0|startupRole:FOLLOWER]|listeners:[], old=null
2023-03-23 08:07:16,706 [266f5cc7-0c64-4a72-9a4b-104b6d67fb98-impl-thread1] INFO  segmented.LogSegment (LogSegment.java:loadSegment(173)) - Successfully read 1 entries from segment file /home/runner/work/ozone/ozone/hadoop-ozone/integration-test/target/test-dir/MiniOzoneClusterImpl-31e8183b-455c-41dd-a5db-82de5ef729db/datanode-0/data/ratis/67437f06-9c9b-4aec-aa9f-fa29d6d30d5d/current/log_inprogress_0
2023-03-23 08:07:16,706 [266f5cc7-0c64-4a72-9a4b-104b6d67fb98-impl-thread1] INFO  segmented.SegmentedRaftLogWorker (SegmentedRaftLogWorker.java:lambda$new$0(135)) - 266f5cc7-0c64-4a72-9a4b-104b6d67fb98@group-FA29D6D30D5D-SegmentedRaftLogWorker: flushIndex: setUnconditionally 0 -> 0
2023-03-23 08:07:16,706 [266f5cc7-0c64-4a72-9a4b-104b6d67fb98-impl-thread1] INFO  segmented.SegmentedRaftLogWorker (SegmentedRaftLogWorker.java:lambda$new$0(135)) - 266f5cc7-0c64-4a72-9a4b-104b6d67fb98@group-FA29D6D30D5D-SegmentedRaftLogWorker: safeCacheEvictIndex: setUnconditionally 0 -> -1
2023-03-23 08:07:16,706 [266f5cc7-0c64-4a72-9a4b-104b6d67fb98-impl-thread1] INFO  server.RaftServer$Division (RaftServerImpl.java:start(334)) - 266f5cc7-0c64-4a72-9a4b-104b6d67fb98@group-FA29D6D30D5D: start as a follower, conf=0: peers:[266f5cc7-0c64-4a72-9a4b-104b6d67fb98|rpc:10.1.0.214:41491|dataStream:10.1.0.214:46055|priority:1|startupRole:FOLLOWER, 6f5e3e4a-08bd-4bbb-984f-08bcbe860d90|rpc:10.1.0.214:39789|dataStream:10.1.0.214:40863|priority:0|startupRole:FOLLOWER, 9c0bd176-fc91-437f-a400-955ac6fa2da9|rpc:10.1.0.214:41819|dataStream:10.1.0.214:34391|priority:0|startupRole:FOLLOWER]|listeners:[], old=null
2023-03-23 08:07:16,707 [266f5cc7-0c64-4a72-9a4b-104b6d67fb98-impl-thread1] INFO  server.RaftServer$Division (RaftServerImpl.java:setRole(321)) - 266f5cc7-0c64-4a72-9a4b-104b6d67fb98@group-FA29D6D30D5D: changes role from      null to FOLLOWER at term 1 for startAsFollower
2023-03-23 08:07:16,707 [266f5cc7-0c64-4a72-9a4b-104b6d67fb98-impl-thread1] INFO  impl.RoleInfo (RoleInfo.java:updateAndGet(139)) - 266f5cc7-0c64-4a72-9a4b-104b6d67fb98: start 266f5cc7-0c64-4a72-9a4b-104b6d67fb98@group-FA29D6D30D5D-FollowerState
2023-03-23 08:07:16,711 [266f5cc7-0c64-4a72-9a4b-104b6d67fb98-impl-thread1] INFO  util.JmxRegister (JmxRegister.java:tryRegister(44)) - Successfully registered JMX Bean with object name Ratis:service=RaftServer,group=group-FA29D6D30D5D,id=266f5cc7-0c64-4a72-9a4b-104b6d67fb98
2023-03-23 08:07:16,712 [266f5cc7-0c64-4a72-9a4b-104b6d67fb98-impl-thread1] INFO  server.RaftServerConfigKeys (ConfUtils.java:logGet(46)) - raft.server.snapshot.auto.trigger.enabled = true (custom)
2023-03-23 08:07:16,712 [266f5cc7-0c64-4a72-9a4b-104b6d67fb98-impl-thread1] INFO  server.RaftServerConfigKeys (ConfUtils.java:logGet(46)) - raft.server.snapshot.auto.trigger.threshold = 10000 (custom)
2023-03-23 08:07:16,712 [266f5cc7-0c64-4a72-9a4b-104b6d67fb98-impl-thread1] INFO  server.RaftServerConfigKeys (ConfUtils.java:logGet(46)) - raft.server.snapshot.retention.file.num = 5 (custom)
2023-03-23 08:07:16,712 [266f5cc7-0c64-4a72-9a4b-104b6d67fb98-impl-thread1] INFO  server.RaftServerConfigKeys (ConfUtils.java:logGet(46)) - raft.server.log.purge.upto.snapshot.index = false (default)
2023-03-23 08:07:16,713 [266f5cc7-0c64-4a72-9a4b-104b6d67fb98@group-FA29D6D30D5D-FollowerState] INFO  server.RaftServerConfigKeys (ConfUtils.java:logFallback(53)) - raft.server.rpc.first-election.timeout.min = 5s (fallback to raft.server.rpc.timeout.min)
2023-03-23 08:07:16,713 [266f5cc7-0c64-4a72-9a4b-104b6d67fb98@group-FA29D6D30D5D-FollowerState] INFO  server.RaftServerConfigKeys (ConfUtils.java:logFallback(53)) - raft.server.rpc.first-election.timeout.max = 5200ms (fallback to raft.server.rpc.timeout.max)
2023-03-23 08:07:16,713 [EndpointStateMachine task thread for /0.0.0.0:42431 - 0 ] INFO  server.RaftServer (RaftServerProxy.java:startImpl(393)) - 266f5cc7-0c64-4a72-9a4b-104b6d67fb98: start RPC server
2023-03-23 08:07:16,716 [EndpointStateMachine task thread for /0.0.0.0:42431 - 0 ] INFO  server.GrpcService (GrpcService.java:startImpl(262)) - 266f5cc7-0c64-4a72-9a4b-104b6d67fb98: GrpcService started, listening on 41491
2023-03-23 08:07:16,716 [EndpointStateMachine task thread for /0.0.0.0:42431 - 0 ] INFO  ratis.XceiverServerRatis (XceiverServerRatis.java:getRealPort(544)) - XceiverServerRatis 266f5cc7-0c64-4a72-9a4b-104b6d67fb98 is started using port 41491 for RATIS
2023-03-23 08:07:16,716 [JvmPauseMonitor17] INFO  util.JvmPauseMonitor (JvmPauseMonitor.java:run(105)) - JvmPauseMonitor-266f5cc7-0c64-4a72-9a4b-104b6d67fb98: Started
2023-03-23 08:07:16,716 [EndpointStateMachine task thread for /0.0.0.0:42431 - 0 ] INFO  ratis.XceiverServerRatis (XceiverServerRatis.java:getRealPort(544)) - XceiverServerRatis 266f5cc7-0c64-4a72-9a4b-104b6d67fb98 is started using port 41491 for RATIS_ADMIN
2023-03-23 08:07:16,717 [EndpointStateMachine task thread for /0.0.0.0:42431 - 0 ] INFO  ratis.XceiverServerRatis (XceiverServerRatis.java:getRealPort(544)) - XceiverServerRatis 266f5cc7-0c64-4a72-9a4b-104b6d67fb98 is started using port 41491 for RATIS_SERVER
2023-03-23 08:07:16,717 [EndpointStateMachine task thread for /0.0.0.0:42431 - 0 ] INFO  ratis.XceiverServerRatis (XceiverServerRatis.java:getRealPort(544)) - XceiverServerRatis 266f5cc7-0c64-4a72-9a4b-104b6d67fb98 is started using port 37071 for RATIS_DATASTREAM
2023-03-23 08:07:16,724 [BlockDeletingService#0] INFO  interfaces.ContainerDeletionChoosingPolicyTemplate (ContainerDeletionChoosingPolicyTemplate.java:chooseContainerForBlockDeletion(83)) - Chosen 0/5000 blocks from 0 candidate containers.
2023-03-23 08:07:16,745 [SCMBlockDeletingService#0] DEBUG block.SCMBlockDeletingService (SCMBlockDeletingService.java:call(136)) - Running DeletedBlockTransactionScanner
2023-03-23 08:07:16,749 [BlockDeletingService#7] INFO  interfaces.ContainerDeletionChoosingPolicyTemplate (ContainerDeletionChoosingPolicyTemplate.java:chooseContainerForBlockDeletion(83)) - Chosen 0/5000 blocks from 0 candidate containers.
2023-03-23 08:07:16,749 [BlockDeletingService#8] INFO  interfaces.ContainerDeletionChoosingPolicyTemplate (ContainerDeletionChoosingPolicyTemplate.java:chooseContainerForBlockDeletion(83)) - Chosen 0/5000 blocks from 0 candidate containers.
2023-03-23 08:07:16,824 [BlockDeletingService#0] INFO  interfaces.ContainerDeletionChoosingPolicyTemplate (ContainerDeletionChoosingPolicyTemplate.java:chooseContainerForBlockDeletion(83)) - Chosen 0/5000 blocks from 0 candidate containers.
2023-03-23 08:07:16,845 [SCMBlockDeletingService#0] DEBUG block.SCMBlockDeletingService (SCMBlockDeletingService.java:call(136)) - Running DeletedBlockTransactionScanner
2023-03-23 08:07:16,849 [BlockDeletingService#7] INFO  interfaces.ContainerDeletionChoosingPolicyTemplate (ContainerDeletionChoosingPolicyTemplate.java:chooseContainerForBlockDeletion(83)) - Chosen 0/5000 blocks from 0 candidate containers.
2023-03-23 08:07:16,850 [BlockDeletingService#8] INFO  interfaces.ContainerDeletionChoosingPolicyTemplate (ContainerDeletionChoosingPolicyTemplate.java:chooseContainerForBlockDeletion(83)) - Chosen 0/5000 blocks from 0 candidate containers.
2023-03-23 08:07:16,926 [BlockDeletingService#1] INFO  interfaces.ContainerDeletionChoosingPolicyTemplate (ContainerDeletionChoosingPolicyTemplate.java:chooseContainerForBlockDeletion(83)) - Chosen 0/5000 blocks from 0 candidate containers.
2023-03-23 08:07:16,945 [SCMBlockDeletingService#0] DEBUG block.SCMBlockDeletingService (SCMBlockDeletingService.java:call(136)) - Running DeletedBlockTransactionScanner
2023-03-23 08:07:16,950 [BlockDeletingService#7] INFO  interfaces.ContainerDeletionChoosingPolicyTemplate (ContainerDeletionChoosingPolicyTemplate.java:chooseContainerForBlockDeletion(83)) - Chosen 0/5000 blocks from 0 candidate containers.
2023-03-23 08:07:16,950 [BlockDeletingService#8] INFO  interfaces.ContainerDeletionChoosingPolicyTemplate (ContainerDeletionChoosingPolicyTemplate.java:chooseContainerForBlockDeletion(83)) - Chosen 0/5000 blocks from 0 candidate containers.
2023-03-23 08:07:17,026 [BlockDeletingService#0] INFO  interfaces.ContainerDeletionChoosingPolicyTemplate (ContainerDeletionChoosingPolicyTemplate.java:chooseContainerForBlockDeletion(83)) - Chosen 0/5000 blocks from 0 candidate containers.
2023-03-23 08:07:17,045 [SCMBlockDeletingService#0] DEBUG block.SCMBlockDeletingService (SCMBlockDeletingService.java:call(136)) - Running DeletedBlockTransactionScanner
2023-03-23 08:07:17,050 [BlockDeletingService#7] INFO  interfaces.ContainerDeletionChoosingPolicyTemplate (ContainerDeletionChoosingPolicyTemplate.java:chooseContainerForBlockDeletion(83)) - Chosen 0/5000 blocks from 0 candidate containers.
2023-03-23 08:07:17,050 [BlockDeletingService#8] INFO  interfaces.ContainerDeletionChoosingPolicyTemplate (ContainerDeletionChoosingPolicyTemplate.java:chooseContainerForBlockDeletion(83)) - Chosen 0/5000 blocks from 0 candidate containers.
2023-03-23 08:07:17,126 [BlockDeletingService#2] INFO  interfaces.ContainerDeletionChoosingPolicyTemplate (ContainerDeletionChoosingPolicyTemplate.java:chooseContainerForBlockDeletion(83)) - Chosen 0/5000 blocks from 0 candidate containers.
2023-03-23 08:07:17,146 [SCMBlockDeletingService#0] DEBUG block.SCMBlockDeletingService (SCMBlockDeletingService.java:call(136)) - Running DeletedBlockTransactionScanner
2023-03-23 08:07:17,150 [BlockDeletingService#7] INFO  interfaces.ContainerDeletionChoosingPolicyTemplate (ContainerDeletionChoosingPolicyTemplate.java:chooseContainerForBlockDeletion(83)) - Chosen 0/5000 blocks from 0 candidate containers.
2023-03-23 08:07:17,150 [BlockDeletingService#8] INFO  interfaces.ContainerDeletionChoosingPolicyTemplate (ContainerDeletionChoosingPolicyTemplate.java:chooseContainerForBlockDeletion(83)) - Chosen 0/5000 blocks from 0 candidate containers.
2023-03-23 08:07:17,226 [BlockDeletingService#1] INFO  interfaces.ContainerDeletionChoosingPolicyTemplate (ContainerDeletionChoosingPolicyTemplate.java:chooseContainerForBlockDeletion(83)) - Chosen 0/5000 blocks from 0 candidate containers.
2023-03-23 08:07:17,246 [SCMBlockDeletingService#0] DEBUG block.SCMBlockDeletingService (SCMBlockDeletingService.java:call(136)) - Running DeletedBlockTransactionScanner
2023-03-23 08:07:17,250 [BlockDeletingService#7] INFO  interfaces.ContainerDeletionChoosingPolicyTemplate (ContainerDeletionChoosingPolicyTemplate.java:chooseContainerForBlockDeletion(83)) - Chosen 0/5000 blocks from 0 candidate containers.
2023-03-23 08:07:17,250 [BlockDeletingService#8] INFO  interfaces.ContainerDeletionChoosingPolicyTemplate (ContainerDeletionChoosingPolicyTemplate.java:chooseContainerForBlockDeletion(83)) - Chosen 0/5000 blocks from 0 candidate containers.
2023-03-23 08:07:17,327 [BlockDeletingService#3] INFO  interfaces.ContainerDeletionChoosingPolicyTemplate (ContainerDeletionChoosingPolicyTemplate.java:chooseContainerForBlockDeletion(83)) - Chosen 0/5000 blocks from 0 candidate containers.
2023-03-23 08:07:17,346 [SCMBlockDeletingService#0] DEBUG block.SCMBlockDeletingService (SCMBlockDeletingService.java:call(136)) - Running DeletedBlockTransactionScanner
2023-03-23 08:07:17,350 [BlockDeletingService#7] INFO  interfaces.ContainerDeletionChoosingPolicyTemplate (ContainerDeletionChoosingPolicyTemplate.java:chooseContainerForBlockDeletion(83)) - Chosen 0/5000 blocks from 0 candidate containers.
2023-03-23 08:07:17,351 [BlockDeletingService#8] INFO  interfaces.ContainerDeletionChoosingPolicyTemplate (ContainerDeletionChoosingPolicyTemplate.java:chooseContainerForBlockDeletion(83)) - Chosen 0/5000 blocks from 0 candidate containers.
2023-03-23 08:07:17,427 [BlockDeletingService#0] INFO  interfaces.ContainerDeletionChoosingPolicyTemplate (ContainerDeletionChoosingPolicyTemplate.java:chooseContainerForBlockDeletion(83)) - Chosen 0/5000 blocks from 0 candidate containers.
2023-03-23 08:07:17,446 [SCMBlockDeletingService#0] DEBUG block.SCMBlockDeletingService (SCMBlockDeletingService.java:call(136)) - Running DeletedBlockTransactionScanner
2023-03-23 08:07:17,451 [BlockDeletingService#7] INFO  interfaces.ContainerDeletionChoosingPolicyTemplate (ContainerDeletionChoosingPolicyTemplate.java:chooseContainerForBlockDeletion(83)) - Chosen 0/5000 blocks from 0 candidate containers.
2023-03-23 08:07:17,451 [BlockDeletingService#8] INFO  interfaces.ContainerDeletionChoosingPolicyTemplate (ContainerDeletionChoosingPolicyTemplate.java:chooseContainerForBlockDeletion(83)) - Chosen 0/5000 blocks from 0 candidate containers.
2023-03-23 08:07:17,527 [BlockDeletingService#4] INFO  interfaces.ContainerDeletionChoosingPolicyTemplate (ContainerDeletionChoosingPolicyTemplate.java:chooseContainerForBlockDeletion(83)) - Chosen 0/5000 blocks from 0 candidate containers.
2023-03-23 08:07:17,546 [SCMBlockDeletingService#0] DEBUG block.SCMBlockDeletingService (SCMBlockDeletingService.java:call(136)) - Running DeletedBlockTransactionScanner
2023-03-23 08:07:17,551 [BlockDeletingService#7] INFO  interfaces.ContainerDeletionChoosingPolicyTemplate (ContainerDeletionChoosingPolicyTemplate.java:chooseContainerForBlockDeletion(83)) - Chosen 0/5000 blocks from 0 candidate containers.
2023-03-23 08:07:17,551 [BlockDeletingService#8] INFO  interfaces.ContainerDeletionChoosingPolicyTemplate (ContainerDeletionChoosingPolicyTemplate.java:chooseContainerForBlockDeletion(83)) - Chosen 0/5000 blocks from 0 candidate containers.
2023-03-23 08:07:17,628 [BlockDeletingService#2] INFO  interfaces.ContainerDeletionChoosingPolicyTemplate (ContainerDeletionChoosingPolicyTemplate.java:chooseContainerForBlockDeletion(83)) - Chosen 0/5000 blocks from 0 candidate containers.
2023-03-23 08:07:17,635 [266f5cc7-0c64-4a72-9a4b-104b6d67fb98-server-thread1] INFO  ratis.XceiverServerRatis (XceiverServerRatis.java:handleLeaderChangedNotification(905)) - Leader change notification received for group: group-FA29D6D30D5D with new leaderId: 6f5e3e4a-08bd-4bbb-984f-08bcbe860d90
2023-03-23 08:07:17,636 [266f5cc7-0c64-4a72-9a4b-104b6d67fb98-server-thread1] INFO  server.RaftServer$Division (ServerState.java:setLeader(313)) - 266f5cc7-0c64-4a72-9a4b-104b6d67fb98@group-FA29D6D30D5D: change Leader from null to 6f5e3e4a-08bd-4bbb-984f-08bcbe860d90 at term 2 for appendEntries, leader elected after 3224ms
2023-03-23 08:07:17,636 [266f5cc7-0c64-4a72-9a4b-104b6d67fb98-server-thread1] INFO  server.RaftServer$Division (RaftServerImpl.java:checkInconsistentAppendEntries(1508)) - 266f5cc7-0c64-4a72-9a4b-104b6d67fb98@group-FA29D6D30D5D: Failed appendEntries as previous log entry ((t:2, i:2)) is not found
2023-03-23 08:07:17,636 [266f5cc7-0c64-4a72-9a4b-104b6d67fb98-server-thread1] INFO  server.RaftServer$Division (RaftServerImpl.java:checkInconsistentAppendEntries(1478)) - 266f5cc7-0c64-4a72-9a4b-104b6d67fb98@group-FA29D6D30D5D: inconsistency entries. Reply:6f5e3e4a-08bd-4bbb-984f-08bcbe860d90<-266f5cc7-0c64-4a72-9a4b-104b6d67fb98#2282109:FAIL-t1,INCONSISTENCY,nextIndex=1,followerCommit=0,matchIndex=-1
2023-03-23 08:07:17,637 [grpc-default-executor-5] INFO  leader.FollowerInfo (FollowerInfoImpl.java:lambda$new$0(48)) - 6f5e3e4a-08bd-4bbb-984f-08bcbe860d90@group-FA29D6D30D5D->266f5cc7-0c64-4a72-9a4b-104b6d67fb98: nextIndex: updateUnconditionally 3 -> 1
2023-03-23 08:07:17,638 [266f5cc7-0c64-4a72-9a4b-104b6d67fb98-server-thread1] INFO  server.RaftServer$Division (ServerState.java:setRaftConf(430)) - 266f5cc7-0c64-4a72-9a4b-104b6d67fb98@group-FA29D6D30D5D: set configuration 1: peers:[266f5cc7-0c64-4a72-9a4b-104b6d67fb98|rpc:10.1.0.214:41491|dataStream:10.1.0.214:46055|priority:1|startupRole:FOLLOWER, 6f5e3e4a-08bd-4bbb-984f-08bcbe860d90|rpc:10.1.0.214:39789|dataStream:10.1.0.214:40863|priority:0|startupRole:FOLLOWER, 9c0bd176-fc91-437f-a400-955ac6fa2da9|rpc:10.1.0.214:41819|dataStream:10.1.0.214:34391|priority:0|startupRole:FOLLOWER]|listeners:[], old=null
2023-03-23 08:07:17,639 [266f5cc7-0c64-4a72-9a4b-104b6d67fb98-server-thread1] INFO  segmented.SegmentedRaftLogWorker (SegmentedRaftLogWorker.java:rollLogSegment(457)) - 266f5cc7-0c64-4a72-9a4b-104b6d67fb98@group-FA29D6D30D5D-SegmentedRaftLogWorker: Rolling segment log-0_0 to index:0
2023-03-23 08:07:17,641 [266f5cc7-0c64-4a72-9a4b-104b6d67fb98@group-FA29D6D30D5D-SegmentedRaftLogWorker] INFO  segmented.SegmentedRaftLogWorker (SegmentedRaftLogWorker.java:execute(613)) - 266f5cc7-0c64-4a72-9a4b-104b6d67fb98@group-FA29D6D30D5D-SegmentedRaftLogWorker: Rolled log segment from /home/runner/work/ozone/ozone/hadoop-ozone/integration-test/target/test-dir/MiniOzoneClusterImpl-31e8183b-455c-41dd-a5db-82de5ef729db/datanode-0/data/ratis/67437f06-9c9b-4aec-aa9f-fa29d6d30d5d/current/log_inprogress_0 to /home/runner/work/ozone/ozone/hadoop-ozone/integration-test/target/test-dir/MiniOzoneClusterImpl-31e8183b-455c-41dd-a5db-82de5ef729db/datanode-0/data/ratis/67437f06-9c9b-4aec-aa9f-fa29d6d30d5d/current/log_0-0
2023-03-23 08:07:17,642 [266f5cc7-0c64-4a72-9a4b-104b6d67fb98@group-FA29D6D30D5D-SegmentedRaftLogWorker] INFO  segmented.SegmentedRaftLogWorker (SegmentedRaftLogWorker.java:execute(656)) - 266f5cc7-0c64-4a72-9a4b-104b6d67fb98@group-FA29D6D30D5D-SegmentedRaftLogWorker: created new log segment /home/runner/work/ozone/ozone/hadoop-ozone/integration-test/target/test-dir/MiniOzoneClusterImpl-31e8183b-455c-41dd-a5db-82de5ef729db/datanode-0/data/ratis/67437f06-9c9b-4aec-aa9f-fa29d6d30d5d/current/log_inprogress_1
2023-03-23 08:07:17,646 [SCMBlockDeletingService#0] DEBUG block.SCMBlockDeletingService (SCMBlockDeletingService.java:call(136)) - Running DeletedBlockTransactionScanner
2023-03-23 08:07:17,651 [BlockDeletingService#7] INFO  interfaces.ContainerDeletionChoosingPolicyTemplate (ContainerDeletionChoosingPolicyTemplate.java:chooseContainerForBlockDeletion(83)) - Chosen 0/5000 blocks from 0 candidate containers.
2023-03-23 08:07:17,651 [BlockDeletingService#8] INFO  interfaces.ContainerDeletionChoosingPolicyTemplate (ContainerDeletionChoosingPolicyTemplate.java:chooseContainerForBlockDeletion(83)) - Chosen 0/5000 blocks from 0 candidate containers.
2023-03-23 08:07:17,663 [Listener at 127.0.0.1/35553] INFO  ozone.MiniOzoneClusterImpl (MiniOzoneClusterImpl.java:lambda$waitForClusterToBeReady$0(222)) - Waiting for nodes to be ready. Got 2 of 3 DN Heartbeats.
2023-03-23 08:07:17,663 [Listener at 127.0.0.1/35553] INFO  ozone.MiniOzoneClusterImpl (MiniOzoneClusterImpl.java:lambda$waitForClusterToBeReady$0(225)) - Cluster exits safe mode
2023-03-23 08:07:17,664 [Listener at 127.0.0.1/35553] INFO  ozone.MiniOzoneClusterImpl (MiniOzoneClusterImpl.java:lambda$waitForClusterToBeReady$0(227)) - SCM became leader
2023-03-23 08:07:17,728 [BlockDeletingService#2] INFO  interfaces.ContainerDeletionChoosingPolicyTemplate (ContainerDeletionChoosingPolicyTemplate.java:chooseContainerForBlockDeletion(83)) - Chosen 0/5000 blocks from 0 candidate containers.
2023-03-23 08:07:17,746 [SCMBlockDeletingService#0] DEBUG block.SCMBlockDeletingService (SCMBlockDeletingService.java:call(136)) - Running DeletedBlockTransactionScanner
2023-03-23 08:07:17,751 [BlockDeletingService#7] INFO  interfaces.ContainerDeletionChoosingPolicyTemplate (ContainerDeletionChoosingPolicyTemplate.java:chooseContainerForBlockDeletion(83)) - Chosen 0/5000 blocks from 0 candidate containers.
2023-03-23 08:07:17,751 [BlockDeletingService#8] INFO  interfaces.ContainerDeletionChoosingPolicyTemplate (ContainerDeletionChoosingPolicyTemplate.java:chooseContainerForBlockDeletion(83)) - Chosen 0/5000 blocks from 0 candidate containers.
2023-03-23 08:07:17,828 [BlockDeletingService#2] INFO  interfaces.ContainerDeletionChoosingPolicyTemplate (ContainerDeletionChoosingPolicyTemplate.java:chooseContainerForBlockDeletion(83)) - Chosen 0/5000 blocks from 0 candidate containers.
2023-03-23 08:07:17,846 [SCMBlockDeletingService#0] DEBUG block.SCMBlockDeletingService (SCMBlockDeletingService.java:call(136)) - Running DeletedBlockTransactionScanner
2023-03-23 08:07:17,851 [BlockDeletingService#7] INFO  interfaces.ContainerDeletionChoosingPolicyTemplate (ContainerDeletionChoosingPolicyTemplate.java:chooseContainerForBlockDeletion(83)) - Chosen 0/5000 blocks from 0 candidate containers.
2023-03-23 08:07:17,852 [BlockDeletingService#8] INFO  interfaces.ContainerDeletionChoosingPolicyTemplate (ContainerDeletionChoosingPolicyTemplate.java:chooseContainerForBlockDeletion(83)) - Chosen 0/5000 blocks from 0 candidate containers.
2023-03-23 08:07:17,928 [BlockDeletingService#2] INFO  interfaces.ContainerDeletionChoosingPolicyTemplate (ContainerDeletionChoosingPolicyTemplate.java:chooseContainerForBlockDeletion(83)) - Chosen 0/5000 blocks from 0 candidate containers.
2023-03-23 08:07:17,946 [SCMBlockDeletingService#0] DEBUG block.SCMBlockDeletingService (SCMBlockDeletingService.java:call(136)) - Running DeletedBlockTransactionScanner
2023-03-23 08:07:17,952 [BlockDeletingService#7] INFO  interfaces.ContainerDeletionChoosingPolicyTemplate (ContainerDeletionChoosingPolicyTemplate.java:chooseContainerForBlockDeletion(83)) - Chosen 0/5000 blocks from 0 candidate containers.
2023-03-23 08:07:17,952 [BlockDeletingService#8] INFO  interfaces.ContainerDeletionChoosingPolicyTemplate (ContainerDeletionChoosingPolicyTemplate.java:chooseContainerForBlockDeletion(83)) - Chosen 0/5000 blocks from 0 candidate containers.
2023-03-23 08:07:18,028 [BlockDeletingService#2] INFO  interfaces.ContainerDeletionChoosingPolicyTemplate (ContainerDeletionChoosingPolicyTemplate.java:chooseContainerForBlockDeletion(83)) - Chosen 0/5000 blocks from 0 candidate containers.
2023-03-23 08:07:18,046 [SCMBlockDeletingService#0] DEBUG block.SCMBlockDeletingService (SCMBlockDeletingService.java:call(136)) - Running DeletedBlockTransactionScanner
2023-03-23 08:07:18,052 [BlockDeletingService#7] INFO  interfaces.ContainerDeletionChoosingPolicyTemplate (ContainerDeletionChoosingPolicyTemplate.java:chooseContainerForBlockDeletion(83)) - Chosen 0/5000 blocks from 0 candidate containers.
2023-03-23 08:07:18,052 [BlockDeletingService#8] INFO  interfaces.ContainerDeletionChoosingPolicyTemplate (ContainerDeletionChoosingPolicyTemplate.java:chooseContainerForBlockDeletion(83)) - Chosen 0/5000 blocks from 0 candidate containers.
2023-03-23 08:07:18,129 [BlockDeletingService#2] INFO  interfaces.ContainerDeletionChoosingPolicyTemplate (ContainerDeletionChoosingPolicyTemplate.java:chooseContainerForBlockDeletion(83)) - Chosen 0/5000 blocks from 0 candidate containers.
2023-03-23 08:07:18,146 [SCMBlockDeletingService#0] DEBUG block.SCMBlockDeletingService (SCMBlockDeletingService.java:call(136)) - Running DeletedBlockTransactionScanner
2023-03-23 08:07:18,152 [BlockDeletingService#7] INFO  interfaces.ContainerDeletionChoosingPolicyTemplate (ContainerDeletionChoosingPolicyTemplate.java:chooseContainerForBlockDeletion(83)) - Chosen 0/5000 blocks from 0 candidate containers.
2023-03-23 08:07:18,152 [BlockDeletingService#8] INFO  interfaces.ContainerDeletionChoosingPolicyTemplate (ContainerDeletionChoosingPolicyTemplate.java:chooseContainerForBlockDeletion(83)) - Chosen 0/5000 blocks from 0 candidate containers.
2023-03-23 08:07:18,229 [BlockDeletingService#2] INFO  interfaces.ContainerDeletionChoosingPolicyTemplate (ContainerDeletionChoosingPolicyTemplate.java:chooseContainerForBlockDeletion(83)) - Chosen 0/5000 blocks from 0 candidate containers.
2023-03-23 08:07:18,246 [SCMBlockDeletingService#0] DEBUG block.SCMBlockDeletingService (SCMBlockDeletingService.java:call(136)) - Running DeletedBlockTransactionScanner
2023-03-23 08:07:18,252 [BlockDeletingService#7] INFO  interfaces.ContainerDeletionChoosingPolicyTemplate (ContainerDeletionChoosingPolicyTemplate.java:chooseContainerForBlockDeletion(83)) - Chosen 0/5000 blocks from 0 candidate containers.
2023-03-23 08:07:18,252 [BlockDeletingService#8] INFO  interfaces.ContainerDeletionChoosingPolicyTemplate (ContainerDeletionChoosingPolicyTemplate.java:chooseContainerForBlockDeletion(83)) - Chosen 0/5000 blocks from 0 candidate containers.
2023-03-23 08:07:18,329 [BlockDeletingService#2] INFO  interfaces.ContainerDeletionChoosingPolicyTemplate (ContainerDeletionChoosingPolicyTemplate.java:chooseContainerForBlockDeletion(83)) - Chosen 0/5000 blocks from 0 candidate containers.
2023-03-23 08:07:18,346 [SCMBlockDeletingService#0] DEBUG block.SCMBlockDeletingService (SCMBlockDeletingService.java:call(136)) - Running DeletedBlockTransactionScanner
2023-03-23 08:07:18,352 [BlockDeletingService#7] INFO  interfaces.ContainerDeletionChoosingPolicyTemplate (ContainerDeletionChoosingPolicyTemplate.java:chooseContainerForBlockDeletion(83)) - Chosen 0/5000 blocks from 0 candidate containers.
2023-03-23 08:07:18,353 [BlockDeletingService#8] INFO  interfaces.ContainerDeletionChoosingPolicyTemplate (ContainerDeletionChoosingPolicyTemplate.java:chooseContainerForBlockDeletion(83)) - Chosen 0/5000 blocks from 0 candidate containers.
2023-03-23 08:07:18,429 [BlockDeletingService#2] INFO  interfaces.ContainerDeletionChoosingPolicyTemplate (ContainerDeletionChoosingPolicyTemplate.java:chooseContainerForBlockDeletion(83)) - Chosen 0/5000 blocks from 0 candidate containers.
2023-03-23 08:07:18,447 [SCMBlockDeletingService#0] DEBUG block.SCMBlockDeletingService (SCMBlockDeletingService.java:call(136)) - Running DeletedBlockTransactionScanner
2023-03-23 08:07:18,453 [BlockDeletingService#7] INFO  interfaces.ContainerDeletionChoosingPolicyTemplate (ContainerDeletionChoosingPolicyTemplate.java:chooseContainerForBlockDeletion(83)) - Chosen 0/5000 blocks from 0 candidate containers.
2023-03-23 08:07:18,453 [BlockDeletingService#8] INFO  interfaces.ContainerDeletionChoosingPolicyTemplate (ContainerDeletionChoosingPolicyTemplate.java:chooseContainerForBlockDeletion(83)) - Chosen 0/5000 blocks from 0 candidate containers.
2023-03-23 08:07:18,530 [BlockDeletingService#2] INFO  interfaces.ContainerDeletionChoosingPolicyTemplate (ContainerDeletionChoosingPolicyTemplate.java:chooseContainerForBlockDeletion(83)) - Chosen 0/5000 blocks from 0 candidate containers.
2023-03-23 08:07:18,547 [SCMBlockDeletingService#0] DEBUG block.SCMBlockDeletingService (SCMBlockDeletingService.java:call(136)) - Running DeletedBlockTransactionScanner
2023-03-23 08:07:18,553 [BlockDeletingService#7] INFO  interfaces.ContainerDeletionChoosingPolicyTemplate (ContainerDeletionChoosingPolicyTemplate.java:chooseContainerForBlockDeletion(83)) - Chosen 0/5000 blocks from 0 candidate containers.
2023-03-23 08:07:18,553 [BlockDeletingService#8] INFO  interfaces.ContainerDeletionChoosingPolicyTemplate (ContainerDeletionChoosingPolicyTemplate.java:chooseContainerForBlockDeletion(83)) - Chosen 0/5000 blocks from 0 candidate containers.
2023-03-23 08:07:18,630 [BlockDeletingService#2] INFO  interfaces.ContainerDeletionChoosingPolicyTemplate (ContainerDeletionChoosingPolicyTemplate.java:chooseContainerForBlockDeletion(83)) - Chosen 0/5000 blocks from 0 candidate containers.
2023-03-23 08:07:18,647 [SCMBlockDeletingService#0] DEBUG block.SCMBlockDeletingService (SCMBlockDeletingService.java:call(136)) - Running DeletedBlockTransactionScanner
2023-03-23 08:07:18,653 [BlockDeletingService#7] INFO  interfaces.ContainerDeletionChoosingPolicyTemplate (ContainerDeletionChoosingPolicyTemplate.java:chooseContainerForBlockDeletion(83)) - Chosen 0/5000 blocks from 0 candidate containers.
2023-03-23 08:07:18,654 [BlockDeletingService#8] INFO  interfaces.ContainerDeletionChoosingPolicyTemplate (ContainerDeletionChoosingPolicyTemplate.java:chooseContainerForBlockDeletion(83)) - Chosen 0/5000 blocks from 0 candidate containers.
2023-03-23 08:07:18,664 [Listener at 127.0.0.1/35553] INFO  ozone.MiniOzoneClusterImpl (MiniOzoneClusterImpl.java:lambda$waitForClusterToBeReady$0(222)) - Waiting for nodes to be ready. Got 2 of 3 DN Heartbeats.
2023-03-23 08:07:18,664 [Listener at 127.0.0.1/35553] INFO  ozone.MiniOzoneClusterImpl (MiniOzoneClusterImpl.java:lambda$waitForClusterToBeReady$0(225)) - Cluster exits safe mode
2023-03-23 08:07:18,665 [Listener at 127.0.0.1/35553] INFO  ozone.MiniOzoneClusterImpl (MiniOzoneClusterImpl.java:lambda$waitForClusterToBeReady$0(227)) - SCM became leader
2023-03-23 08:07:18,730 [BlockDeletingService#2] INFO  interfaces.ContainerDeletionChoosingPolicyTemplate (ContainerDeletionChoosingPolicyTemplate.java:chooseContainerForBlockDeletion(83)) - Chosen 0/5000 blocks from 0 candidate containers.
2023-03-23 08:07:18,747 [SCMBlockDeletingService#0] DEBUG block.SCMBlockDeletingService (SCMBlockDeletingService.java:call(136)) - Running DeletedBlockTransactionScanner
2023-03-23 08:07:18,753 [BlockDeletingService#7] INFO  interfaces.ContainerDeletionChoosingPolicyTemplate (ContainerDeletionChoosingPolicyTemplate.java:chooseContainerForBlockDeletion(83)) - Chosen 0/5000 blocks from 0 candidate containers.
2023-03-23 08:07:18,754 [BlockDeletingService#8] INFO  interfaces.ContainerDeletionChoosingPolicyTemplate (ContainerDeletionChoosingPolicyTemplate.java:chooseContainerForBlockDeletion(83)) - Chosen 0/5000 blocks from 0 candidate containers.
2023-03-23 08:07:18,830 [BlockDeletingService#2] INFO  interfaces.ContainerDeletionChoosingPolicyTemplate (ContainerDeletionChoosingPolicyTemplate.java:chooseContainerForBlockDeletion(83)) - Chosen 0/5000 blocks from 0 candidate containers.
2023-03-23 08:07:18,847 [SCMBlockDeletingService#0] DEBUG block.SCMBlockDeletingService (SCMBlockDeletingService.java:call(136)) - Running DeletedBlockTransactionScanner
2023-03-23 08:07:18,854 [BlockDeletingService#7] INFO  interfaces.ContainerDeletionChoosingPolicyTemplate (ContainerDeletionChoosingPolicyTemplate.java:chooseContainerForBlockDeletion(83)) - Chosen 0/5000 blocks from 0 candidate containers.
2023-03-23 08:07:18,854 [BlockDeletingService#8] INFO  interfaces.ContainerDeletionChoosingPolicyTemplate (ContainerDeletionChoosingPolicyTemplate.java:chooseContainerForBlockDeletion(83)) - Chosen 0/5000 blocks from 0 candidate containers.
2023-03-23 08:07:18,931 [BlockDeletingService#2] INFO  interfaces.ContainerDeletionChoosingPolicyTemplate (ContainerDeletionChoosingPolicyTemplate.java:chooseContainerForBlockDeletion(83)) - Chosen 0/5000 blocks from 0 candidate containers.
2023-03-23 08:07:18,947 [SCMBlockDeletingService#0] DEBUG block.SCMBlockDeletingService (SCMBlockDeletingService.java:call(136)) - Running DeletedBlockTransactionScanner
2023-03-23 08:07:18,954 [BlockDeletingService#7] INFO  interfaces.ContainerDeletionChoosingPolicyTemplate (ContainerDeletionChoosingPolicyTemplate.java:chooseContainerForBlockDeletion(83)) - Chosen 0/5000 blocks from 0 candidate containers.
2023-03-23 08:07:18,954 [BlockDeletingService#8] INFO  interfaces.ContainerDeletionChoosingPolicyTemplate (ContainerDeletionChoosingPolicyTemplate.java:chooseContainerForBlockDeletion(83)) - Chosen 0/5000 blocks from 0 candidate containers.
2023-03-23 08:07:19,031 [BlockDeletingService#2] INFO  interfaces.ContainerDeletionChoosingPolicyTemplate (ContainerDeletionChoosingPolicyTemplate.java:chooseContainerForBlockDeletion(83)) - Chosen 0/5000 blocks from 0 candidate containers.
2023-03-23 08:07:19,047 [SCMBlockDeletingService#0] DEBUG block.SCMBlockDeletingService (SCMBlockDeletingService.java:call(136)) - Running DeletedBlockTransactionScanner
2023-03-23 08:07:19,054 [BlockDeletingService#7] INFO  interfaces.ContainerDeletionChoosingPolicyTemplate (ContainerDeletionChoosingPolicyTemplate.java:chooseContainerForBlockDeletion(83)) - Chosen 0/5000 blocks from 0 candidate containers.
2023-03-23 08:07:19,054 [BlockDeletingService#8] INFO  interfaces.ContainerDeletionChoosingPolicyTemplate (ContainerDeletionChoosingPolicyTemplate.java:chooseContainerForBlockDeletion(83)) - Chosen 0/5000 blocks from 0 candidate containers.
2023-03-23 08:07:19,131 [BlockDeletingService#2] INFO  interfaces.ContainerDeletionChoosingPolicyTemplate (ContainerDeletionChoosingPolicyTemplate.java:chooseContainerForBlockDeletion(83)) - Chosen 0/5000 blocks from 0 candidate containers.
2023-03-23 08:07:19,147 [SCMBlockDeletingService#0] DEBUG block.SCMBlockDeletingService (SCMBlockDeletingService.java:call(136)) - Running DeletedBlockTransactionScanner
2023-03-23 08:07:19,154 [BlockDeletingService#7] INFO  interfaces.ContainerDeletionChoosingPolicyTemplate (ContainerDeletionChoosingPolicyTemplate.java:chooseContainerForBlockDeletion(83)) - Chosen 0/5000 blocks from 0 candidate containers.
2023-03-23 08:07:19,154 [BlockDeletingService#8] INFO  interfaces.ContainerDeletionChoosingPolicyTemplate (ContainerDeletionChoosingPolicyTemplate.java:chooseContainerForBlockDeletion(83)) - Chosen 0/5000 blocks from 0 candidate containers.
2023-03-23 08:07:19,231 [BlockDeletingService#2] INFO  interfaces.ContainerDeletionChoosingPolicyTemplate (ContainerDeletionChoosingPolicyTemplate.java:chooseContainerForBlockDeletion(83)) - Chosen 0/5000 blocks from 0 candidate containers.
2023-03-23 08:07:19,247 [SCMBlockDeletingService#0] DEBUG block.SCMBlockDeletingService (SCMBlockDeletingService.java:call(136)) - Running DeletedBlockTransactionScanner
2023-03-23 08:07:19,254 [BlockDeletingService#7] INFO  interfaces.ContainerDeletionChoosingPolicyTemplate (ContainerDeletionChoosingPolicyTemplate.java:chooseContainerForBlockDeletion(83)) - Chosen 0/5000 blocks from 0 candidate containers.
2023-03-23 08:07:19,255 [BlockDeletingService#8] INFO  interfaces.ContainerDeletionChoosingPolicyTemplate (ContainerDeletionChoosingPolicyTemplate.java:chooseContainerForBlockDeletion(83)) - Chosen 0/5000 blocks from 0 candidate containers.
2023-03-23 08:07:19,332 [BlockDeletingService#2] INFO  interfaces.ContainerDeletionChoosingPolicyTemplate (ContainerDeletionChoosingPolicyTemplate.java:chooseContainerForBlockDeletion(83)) - Chosen 0/5000 blocks from 0 candidate containers.
2023-03-23 08:07:19,347 [SCMBlockDeletingService#0] DEBUG block.SCMBlockDeletingService (SCMBlockDeletingService.java:call(136)) - Running DeletedBlockTransactionScanner
2023-03-23 08:07:19,355 [BlockDeletingService#7] INFO  interfaces.ContainerDeletionChoosingPolicyTemplate (ContainerDeletionChoosingPolicyTemplate.java:chooseContainerForBlockDeletion(83)) - Chosen 0/5000 blocks from 0 candidate containers.
2023-03-23 08:07:19,355 [BlockDeletingService#8] INFO  interfaces.ContainerDeletionChoosingPolicyTemplate (ContainerDeletionChoosingPolicyTemplate.java:chooseContainerForBlockDeletion(83)) - Chosen 0/5000 blocks from 0 candidate containers.
2023-03-23 08:07:19,432 [BlockDeletingService#2] INFO  interfaces.ContainerDeletionChoosingPolicyTemplate (ContainerDeletionChoosingPolicyTemplate.java:chooseContainerForBlockDeletion(83)) - Chosen 0/5000 blocks from 0 candidate containers.
2023-03-23 08:07:19,447 [SCMBlockDeletingService#0] DEBUG block.SCMBlockDeletingService (SCMBlockDeletingService.java:call(136)) - Running DeletedBlockTransactionScanner
2023-03-23 08:07:19,455 [BlockDeletingService#7] INFO  interfaces.ContainerDeletionChoosingPolicyTemplate (ContainerDeletionChoosingPolicyTemplate.java:chooseContainerForBlockDeletion(83)) - Chosen 0/5000 blocks from 0 candidate containers.
2023-03-23 08:07:19,455 [BlockDeletingService#8] INFO  interfaces.ContainerDeletionChoosingPolicyTemplate (ContainerDeletionChoosingPolicyTemplate.java:chooseContainerForBlockDeletion(83)) - Chosen 0/5000 blocks from 0 candidate containers.
2023-03-23 08:07:19,532 [BlockDeletingService#2] INFO  interfaces.ContainerDeletionChoosingPolicyTemplate (ContainerDeletionChoosingPolicyTemplate.java:chooseContainerForBlockDeletion(83)) - Chosen 0/5000 blocks from 0 candidate containers.
2023-03-23 08:07:19,547 [SCMBlockDeletingService#0] DEBUG block.SCMBlockDeletingService (SCMBlockDeletingService.java:call(136)) - Running DeletedBlockTransactionScanner
2023-03-23 08:07:19,555 [BlockDeletingService#7] INFO  interfaces.ContainerDeletionChoosingPolicyTemplate (ContainerDeletionChoosingPolicyTemplate.java:chooseContainerForBlockDeletion(83)) - Chosen 0/5000 blocks from 0 candidate containers.
2023-03-23 08:07:19,555 [BlockDeletingService#8] INFO  interfaces.ContainerDeletionChoosingPolicyTemplate (ContainerDeletionChoosingPolicyTemplate.java:chooseContainerForBlockDeletion(83)) - Chosen 0/5000 blocks from 0 candidate containers.
2023-03-23 08:07:19,632 [BlockDeletingService#2] INFO  interfaces.ContainerDeletionChoosingPolicyTemplate (ContainerDeletionChoosingPolicyTemplate.java:chooseContainerForBlockDeletion(83)) - Chosen 0/5000 blocks from 0 candidate containers.
2023-03-23 08:07:19,647 [SCMBlockDeletingService#0] DEBUG block.SCMBlockDeletingService (SCMBlockDeletingService.java:call(136)) - Running DeletedBlockTransactionScanner
2023-03-23 08:07:19,655 [BlockDeletingService#7] INFO  interfaces.ContainerDeletionChoosingPolicyTemplate (ContainerDeletionChoosingPolicyTemplate.java:chooseContainerForBlockDeletion(83)) - Chosen 0/5000 blocks from 0 candidate containers.
2023-03-23 08:07:19,655 [BlockDeletingService#8] INFO  interfaces.ContainerDeletionChoosingPolicyTemplate (ContainerDeletionChoosingPolicyTemplate.java:chooseContainerForBlockDeletion(83)) - Chosen 0/5000 blocks from 0 candidate containers.
2023-03-23 08:07:19,665 [Listener at 127.0.0.1/35553] INFO  ozone.MiniOzoneClusterImpl (MiniOzoneClusterImpl.java:lambda$waitForClusterToBeReady$0(222)) - Waiting for nodes to be ready. Got 2 of 3 DN Heartbeats.
2023-03-23 08:07:19,665 [Listener at 127.0.0.1/35553] INFO  ozone.MiniOzoneClusterImpl (MiniOzoneClusterImpl.java:lambda$waitForClusterToBeReady$0(225)) - Cluster exits safe mode
2023-03-23 08:07:19,665 [Listener at 127.0.0.1/35553] INFO  ozone.MiniOzoneClusterImpl (MiniOzoneClusterImpl.java:lambda$waitForClusterToBeReady$0(227)) - SCM became leader
2023-03-23 08:07:19,733 [BlockDeletingService#2] INFO  interfaces.ContainerDeletionChoosingPolicyTemplate (ContainerDeletionChoosingPolicyTemplate.java:chooseContainerForBlockDeletion(83)) - Chosen 0/5000 blocks from 0 candidate containers.
2023-03-23 08:07:19,748 [SCMBlockDeletingService#0] DEBUG block.SCMBlockDeletingService (SCMBlockDeletingService.java:call(136)) - Running DeletedBlockTransactionScanner
2023-03-23 08:07:19,755 [BlockDeletingService#7] INFO  interfaces.ContainerDeletionChoosingPolicyTemplate (ContainerDeletionChoosingPolicyTemplate.java:chooseContainerForBlockDeletion(83)) - Chosen 0/5000 blocks from 0 candidate containers.
2023-03-23 08:07:19,755 [BlockDeletingService#8] INFO  interfaces.ContainerDeletionChoosingPolicyTemplate (ContainerDeletionChoosingPolicyTemplate.java:chooseContainerForBlockDeletion(83)) - Chosen 0/5000 blocks from 0 candidate containers.
2023-03-23 08:07:19,833 [BlockDeletingService#2] INFO  interfaces.ContainerDeletionChoosingPolicyTemplate (ContainerDeletionChoosingPolicyTemplate.java:chooseContainerForBlockDeletion(83)) - Chosen 0/5000 blocks from 0 candidate containers.
2023-03-23 08:07:19,848 [SCMBlockDeletingService#0] DEBUG block.SCMBlockDeletingService (SCMBlockDeletingService.java:call(136)) - Running DeletedBlockTransactionScanner
2023-03-23 08:07:19,855 [BlockDeletingService#7] INFO  interfaces.ContainerDeletionChoosingPolicyTemplate (ContainerDeletionChoosingPolicyTemplate.java:chooseContainerForBlockDeletion(83)) - Chosen 0/5000 blocks from 0 candidate containers.
2023-03-23 08:07:19,856 [BlockDeletingService#8] INFO  interfaces.ContainerDeletionChoosingPolicyTemplate (ContainerDeletionChoosingPolicyTemplate.java:chooseContainerForBlockDeletion(83)) - Chosen 0/5000 blocks from 0 candidate containers.
2023-03-23 08:07:19,933 [BlockDeletingService#2] INFO  interfaces.ContainerDeletionChoosingPolicyTemplate (ContainerDeletionChoosingPolicyTemplate.java:chooseContainerForBlockDeletion(83)) - Chosen 0/5000 blocks from 0 candidate containers.
2023-03-23 08:07:19,948 [SCMBlockDeletingService#0] DEBUG block.SCMBlockDeletingService (SCMBlockDeletingService.java:call(136)) - Running DeletedBlockTransactionScanner
2023-03-23 08:07:19,956 [BlockDeletingService#7] INFO  interfaces.ContainerDeletionChoosingPolicyTemplate (ContainerDeletionChoosingPolicyTemplate.java:chooseContainerForBlockDeletion(83)) - Chosen 0/5000 blocks from 0 candidate containers.
2023-03-23 08:07:19,956 [BlockDeletingService#8] INFO  interfaces.ContainerDeletionChoosingPolicyTemplate (ContainerDeletionChoosingPolicyTemplate.java:chooseContainerForBlockDeletion(83)) - Chosen 0/5000 blocks from 0 candidate containers.
2023-03-23 08:07:20,033 [BlockDeletingService#2] INFO  interfaces.ContainerDeletionChoosingPolicyTemplate (ContainerDeletionChoosingPolicyTemplate.java:chooseContainerForBlockDeletion(83)) - Chosen 0/5000 blocks from 0 candidate containers.
2023-03-23 08:07:20,048 [SCMBlockDeletingService#0] DEBUG block.SCMBlockDeletingService (SCMBlockDeletingService.java:call(136)) - Running DeletedBlockTransactionScanner
2023-03-23 08:07:20,056 [BlockDeletingService#7] INFO  interfaces.ContainerDeletionChoosingPolicyTemplate (ContainerDeletionChoosingPolicyTemplate.java:chooseContainerForBlockDeletion(83)) - Chosen 0/5000 blocks from 0 candidate containers.
2023-03-23 08:07:20,056 [BlockDeletingService#8] INFO  interfaces.ContainerDeletionChoosingPolicyTemplate (ContainerDeletionChoosingPolicyTemplate.java:chooseContainerForBlockDeletion(83)) - Chosen 0/5000 blocks from 0 candidate containers.
2023-03-23 08:07:20,134 [BlockDeletingService#2] INFO  interfaces.ContainerDeletionChoosingPolicyTemplate (ContainerDeletionChoosingPolicyTemplate.java:chooseContainerForBlockDeletion(83)) - Chosen 0/5000 blocks from 0 candidate containers.
2023-03-23 08:07:20,148 [SCMBlockDeletingService#0] DEBUG block.SCMBlockDeletingService (SCMBlockDeletingService.java:call(136)) - Running DeletedBlockTransactionScanner
2023-03-23 08:07:20,156 [BlockDeletingService#7] INFO  interfaces.ContainerDeletionChoosingPolicyTemplate (ContainerDeletionChoosingPolicyTemplate.java:chooseContainerForBlockDeletion(83)) - Chosen 0/5000 blocks from 0 candidate containers.
2023-03-23 08:07:20,156 [BlockDeletingService#8] INFO  interfaces.ContainerDeletionChoosingPolicyTemplate (ContainerDeletionChoosingPolicyTemplate.java:chooseContainerForBlockDeletion(83)) - Chosen 0/5000 blocks from 0 candidate containers.
2023-03-23 08:07:20,234 [BlockDeletingService#2] INFO  interfaces.ContainerDeletionChoosingPolicyTemplate (ContainerDeletionChoosingPolicyTemplate.java:chooseContainerForBlockDeletion(83)) - Chosen 0/5000 blocks from 0 candidate containers.
2023-03-23 08:07:20,248 [SCMBlockDeletingService#0] DEBUG block.SCMBlockDeletingService (SCMBlockDeletingService.java:call(136)) - Running DeletedBlockTransactionScanner
2023-03-23 08:07:20,256 [BlockDeletingService#7] INFO  interfaces.ContainerDeletionChoosingPolicyTemplate (ContainerDeletionChoosingPolicyTemplate.java:chooseContainerForBlockDeletion(83)) - Chosen 0/5000 blocks from 0 candidate containers.
2023-03-23 08:07:20,256 [BlockDeletingService#8] INFO  interfaces.ContainerDeletionChoosingPolicyTemplate (ContainerDeletionChoosingPolicyTemplate.java:chooseContainerForBlockDeletion(83)) - Chosen 0/5000 blocks from 0 candidate containers.
2023-03-23 08:07:20,334 [BlockDeletingService#2] INFO  interfaces.ContainerDeletionChoosingPolicyTemplate (ContainerDeletionChoosingPolicyTemplate.java:chooseContainerForBlockDeletion(83)) - Chosen 0/5000 blocks from 0 candidate containers.
2023-03-23 08:07:20,349 [SCMBlockDeletingService#0] DEBUG block.SCMBlockDeletingService (SCMBlockDeletingService.java:call(136)) - Running DeletedBlockTransactionScanner
2023-03-23 08:07:20,356 [BlockDeletingService#7] INFO  interfaces.ContainerDeletionChoosingPolicyTemplate (ContainerDeletionChoosingPolicyTemplate.java:chooseContainerForBlockDeletion(83)) - Chosen 0/5000 blocks from 0 candidate containers.
2023-03-23 08:07:20,357 [BlockDeletingService#8] INFO  interfaces.ContainerDeletionChoosingPolicyTemplate (ContainerDeletionChoosingPolicyTemplate.java:chooseContainerForBlockDeletion(83)) - Chosen 0/5000 blocks from 0 candidate containers.
2023-03-23 08:07:20,435 [BlockDeletingService#2] INFO  interfaces.ContainerDeletionChoosingPolicyTemplate (ContainerDeletionChoosingPolicyTemplate.java:chooseContainerForBlockDeletion(83)) - Chosen 0/5000 blocks from 0 candidate containers.
2023-03-23 08:07:20,449 [SCMBlockDeletingService#0] DEBUG block.SCMBlockDeletingService (SCMBlockDeletingService.java:call(136)) - Running DeletedBlockTransactionScanner
2023-03-23 08:07:20,457 [BlockDeletingService#7] INFO  interfaces.ContainerDeletionChoosingPolicyTemplate (ContainerDeletionChoosingPolicyTemplate.java:chooseContainerForBlockDeletion(83)) - Chosen 0/5000 blocks from 0 candidate containers.
2023-03-23 08:07:20,457 [BlockDeletingService#8] INFO  interfaces.ContainerDeletionChoosingPolicyTemplate (ContainerDeletionChoosingPolicyTemplate.java:chooseContainerForBlockDeletion(83)) - Chosen 0/5000 blocks from 0 candidate containers.
2023-03-23 08:07:20,535 [BlockDeletingService#2] INFO  interfaces.ContainerDeletionChoosingPolicyTemplate (ContainerDeletionChoosingPolicyTemplate.java:chooseContainerForBlockDeletion(83)) - Chosen 0/5000 blocks from 0 candidate containers.
2023-03-23 08:07:20,549 [SCMBlockDeletingService#0] DEBUG block.SCMBlockDeletingService (SCMBlockDeletingService.java:call(136)) - Running DeletedBlockTransactionScanner
2023-03-23 08:07:20,557 [BlockDeletingService#7] INFO  interfaces.ContainerDeletionChoosingPolicyTemplate (ContainerDeletionChoosingPolicyTemplate.java:chooseContainerForBlockDeletion(83)) - Chosen 0/5000 blocks from 0 candidate containers.
2023-03-23 08:07:20,557 [BlockDeletingService#8] INFO  interfaces.ContainerDeletionChoosingPolicyTemplate (ContainerDeletionChoosingPolicyTemplate.java:chooseContainerForBlockDeletion(83)) - Chosen 0/5000 blocks from 0 candidate containers.
2023-03-23 08:07:20,636 [BlockDeletingService#2] INFO  interfaces.ContainerDeletionChoosingPolicyTemplate (ContainerDeletionChoosingPolicyTemplate.java:chooseContainerForBlockDeletion(83)) - Chosen 0/5000 blocks from 0 candidate containers.
2023-03-23 08:07:20,649 [SCMBlockDeletingService#0] DEBUG block.SCMBlockDeletingService (SCMBlockDeletingService.java:call(136)) - Running DeletedBlockTransactionScanner
2023-03-23 08:07:20,657 [BlockDeletingService#7] INFO  interfaces.ContainerDeletionChoosingPolicyTemplate (ContainerDeletionChoosingPolicyTemplate.java:chooseContainerForBlockDeletion(83)) - Chosen 0/5000 blocks from 0 candidate containers.
2023-03-23 08:07:20,657 [BlockDeletingService#8] INFO  interfaces.ContainerDeletionChoosingPolicyTemplate (ContainerDeletionChoosingPolicyTemplate.java:chooseContainerForBlockDeletion(83)) - Chosen 0/5000 blocks from 0 candidate containers.
2023-03-23 08:07:20,666 [Listener at 127.0.0.1/35553] INFO  ozone.MiniOzoneClusterImpl (MiniOzoneClusterImpl.java:lambda$waitForClusterToBeReady$0(222)) - Waiting for nodes to be ready. Got 2 of 3 DN Heartbeats.
2023-03-23 08:07:20,666 [Listener at 127.0.0.1/35553] INFO  ozone.MiniOzoneClusterImpl (MiniOzoneClusterImpl.java:lambda$waitForClusterToBeReady$0(225)) - Cluster exits safe mode
2023-03-23 08:07:20,666 [Listener at 127.0.0.1/35553] INFO  ozone.MiniOzoneClusterImpl (MiniOzoneClusterImpl.java:lambda$waitForClusterToBeReady$0(227)) - SCM became leader
2023-03-23 08:07:20,736 [BlockDeletingService#2] INFO  interfaces.ContainerDeletionChoosingPolicyTemplate (ContainerDeletionChoosingPolicyTemplate.java:chooseContainerForBlockDeletion(83)) - Chosen 0/5000 blocks from 0 candidate containers.
2023-03-23 08:07:20,749 [SCMBlockDeletingService#0] DEBUG block.SCMBlockDeletingService (SCMBlockDeletingService.java:call(136)) - Running DeletedBlockTransactionScanner
2023-03-23 08:07:20,750 [EventQueue-HealthyReadonlyNodeForHealthyReadOnlyNodeHandler] INFO  node.HealthyReadOnlyNodeHandler (HealthyReadOnlyNodeHandler.java:onMessage(56)) - Datanode 266f5cc7-0c64-4a72-9a4b-104b6d67fb98(fv-az105-497.wy5h1aom0jgehahef1oyr10hrc.bx.internal.cloudapp.net/10.1.0.214) moved to HEALTHY READONLY state.
2023-03-23 08:07:20,751 [EventQueue-HealthyReadonlyNodeForHealthyReadOnlyNodeHandler] INFO  node.HealthyReadOnlyNodeHandler (HealthyReadOnlyNodeHandler.java:onMessage(88)) - Sending close command for pipeline PipelineID=04a1a77b-e0eb-4857-a55d-c378bfa986ca in state CLOSED which uses HEALTHY_READONLY datanode 266f5cc7-0c64-4a72-9a4b-104b6d67fb98. This will send close commands for its containers.
2023-03-23 08:07:20,751 [EventQueue-HealthyReadonlyNodeForHealthyReadOnlyNodeHandler] INFO  node.HealthyReadOnlyNodeHandler (HealthyReadOnlyNodeHandler.java:onMessage(88)) - Sending close command for pipeline PipelineID=1b652e0c-c4ad-42b2-85bf-b943015debc0 in state CLOSED which uses HEALTHY_READONLY datanode 266f5cc7-0c64-4a72-9a4b-104b6d67fb98. This will send close commands for its containers.
2023-03-23 08:07:20,751 [EventQueue-HealthyReadonlyNodeForHealthyReadOnlyNodeHandler] INFO  node.HealthyReadOnlyNodeHandler (HealthyReadOnlyNodeHandler.java:onMessage(88)) - Sending close command for pipeline PipelineID=67437f06-9c9b-4aec-aa9f-fa29d6d30d5d in state CLOSED which uses HEALTHY_READONLY datanode 266f5cc7-0c64-4a72-9a4b-104b6d67fb98. This will send close commands for its containers.
2023-03-23 08:07:20,751 [EventQueue-HealthyReadonlyNodeForHealthyReadOnlyNodeHandler] INFO  node.HealthyReadOnlyNodeHandler (HealthyReadOnlyNodeHandler.java:onMessage(88)) - Sending close command for pipeline PipelineID=bb3355e6-25f8-468f-aa83-f3d5d2d5721f in state CLOSED which uses HEALTHY_READONLY datanode 266f5cc7-0c64-4a72-9a4b-104b6d67fb98. This will send close commands for its containers.
2023-03-23 08:07:20,757 [BlockDeletingService#7] INFO  interfaces.ContainerDeletionChoosingPolicyTemplate (ContainerDeletionChoosingPolicyTemplate.java:chooseContainerForBlockDeletion(83)) - Chosen 0/5000 blocks from 0 candidate containers.
2023-03-23 08:07:20,757 [BlockDeletingService#8] INFO  interfaces.ContainerDeletionChoosingPolicyTemplate (ContainerDeletionChoosingPolicyTemplate.java:chooseContainerForBlockDeletion(83)) - Chosen 0/5000 blocks from 0 candidate containers.
2023-03-23 08:07:20,836 [BlockDeletingService#2] INFO  interfaces.ContainerDeletionChoosingPolicyTemplate (ContainerDeletionChoosingPolicyTemplate.java:chooseContainerForBlockDeletion(83)) - Chosen 0/5000 blocks from 0 candidate containers.
2023-03-23 08:07:20,849 [SCMBlockDeletingService#0] DEBUG block.SCMBlockDeletingService (SCMBlockDeletingService.java:call(136)) - Running DeletedBlockTransactionScanner
2023-03-23 08:07:20,851 [EventQueue-HealthyReadonlyToHealthyNodeForReadOnlyHealthyToHealthyNodeHandler] INFO  node.ReadOnlyHealthyToHealthyNodeHandler (ReadOnlyHealthyToHealthyNodeHandler.java:onMessage(51)) - Datanode 266f5cc7-0c64-4a72-9a4b-104b6d67fb98(fv-az105-497.wy5h1aom0jgehahef1oyr10hrc.bx.internal.cloudapp.net/10.1.0.214) moved to HEALTHY state.
2023-03-23 08:07:20,851 [EventQueue-HealthyReadonlyToHealthyNodeForReadOnlyHealthyToHealthyNodeHandler] INFO  pipeline.BackgroundPipelineCreator (BackgroundPipelineCreator.java:notifyEventTriggered(276)) - trigger a one-shot run on RatisPipelineUtilsThread.
2023-03-23 08:07:20,852 [RatisPipelineUtilsThread - 0] INFO  pipeline.RatisPipelineProvider (RatisPipelineProvider.java:lambda$create$0(206)) - Sending CreatePipelineCommand for pipeline:PipelineID=6eee4ff1-84ef-4dfd-8419-0bcfa4854be3 to datanode:266f5cc7-0c64-4a72-9a4b-104b6d67fb98
2023-03-23 08:07:20,852 [RatisPipelineUtilsThread - 0] INFO  pipeline.RatisPipelineProvider (RatisPipelineProvider.java:lambda$create$0(206)) - Sending CreatePipelineCommand for pipeline:PipelineID=6eee4ff1-84ef-4dfd-8419-0bcfa4854be3 to datanode:6f5e3e4a-08bd-4bbb-984f-08bcbe860d90
2023-03-23 08:07:20,852 [RatisPipelineUtilsThread - 0] INFO  pipeline.RatisPipelineProvider (RatisPipelineProvider.java:lambda$create$0(206)) - Sending CreatePipelineCommand for pipeline:PipelineID=6eee4ff1-84ef-4dfd-8419-0bcfa4854be3 to datanode:9c0bd176-fc91-437f-a400-955ac6fa2da9
2023-03-23 08:07:20,852 [RatisPipelineUtilsThread - 0] INFO  pipeline.PipelineStateManagerImpl (PipelineStateManagerImpl.java:addPipeline(103)) - Created pipeline Pipeline[ Id: 6eee4ff1-84ef-4dfd-8419-0bcfa4854be3, Nodes: 266f5cc7-0c64-4a72-9a4b-104b6d67fb98(fv-az105-497.wy5h1aom0jgehahef1oyr10hrc.bx.internal.cloudapp.net/10.1.0.214)6f5e3e4a-08bd-4bbb-984f-08bcbe860d90(fv-az105-497.wy5h1aom0jgehahef1oyr10hrc.bx.internal.cloudapp.net/10.1.0.214)9c0bd176-fc91-437f-a400-955ac6fa2da9(fv-az105-497.wy5h1aom0jgehahef1oyr10hrc.bx.internal.cloudapp.net/10.1.0.214), ReplicationConfig: RATIS/THREE, State:ALLOCATED, leaderId:, CreationTimestamp2023-03-23T08:07:20.852Z[Etc/UTC]].
2023-03-23 08:07:20,853 [RatisPipelineUtilsThread - 0] WARN  pipeline.PipelinePlacementPolicy (PipelinePlacementPolicy.java:filterViableNodes(160)) - Pipeline creation failed due to no sufficient healthy datanodes. Required 3. Found 0. Excluded 3.
2023-03-23 08:07:20,858 [BlockDeletingService#7] INFO  interfaces.ContainerDeletionChoosingPolicyTemplate (ContainerDeletionChoosingPolicyTemplate.java:chooseContainerForBlockDeletion(83)) - Chosen 0/5000 blocks from 0 candidate containers.
2023-03-23 08:07:20,858 [BlockDeletingService#8] INFO  interfaces.ContainerDeletionChoosingPolicyTemplate (ContainerDeletionChoosingPolicyTemplate.java:chooseContainerForBlockDeletion(83)) - Chosen 0/5000 blocks from 0 candidate containers.
2023-03-23 08:07:20,936 [BlockDeletingService#2] INFO  interfaces.ContainerDeletionChoosingPolicyTemplate (ContainerDeletionChoosingPolicyTemplate.java:chooseContainerForBlockDeletion(83)) - Chosen 0/5000 blocks from 0 candidate containers.
2023-03-23 08:07:20,949 [SCMBlockDeletingService#0] DEBUG block.SCMBlockDeletingService (SCMBlockDeletingService.java:call(136)) - Running DeletedBlockTransactionScanner
2023-03-23 08:07:20,958 [BlockDeletingService#7] INFO  interfaces.ContainerDeletionChoosingPolicyTemplate (ContainerDeletionChoosingPolicyTemplate.java:chooseContainerForBlockDeletion(83)) - Chosen 0/5000 blocks from 0 candidate containers.
2023-03-23 08:07:20,958 [BlockDeletingService#8] INFO  interfaces.ContainerDeletionChoosingPolicyTemplate (ContainerDeletionChoosingPolicyTemplate.java:chooseContainerForBlockDeletion(83)) - Chosen 0/5000 blocks from 0 candidate containers.
2023-03-23 08:07:21,037 [BlockDeletingService#2] INFO  interfaces.ContainerDeletionChoosingPolicyTemplate (ContainerDeletionChoosingPolicyTemplate.java:chooseContainerForBlockDeletion(83)) - Chosen 0/5000 blocks from 0 candidate containers.
2023-03-23 08:07:21,049 [SCMBlockDeletingService#0] DEBUG block.SCMBlockDeletingService (SCMBlockDeletingService.java:call(136)) - Running DeletedBlockTransactionScanner
2023-03-23 08:07:21,058 [BlockDeletingService#7] INFO  interfaces.ContainerDeletionChoosingPolicyTemplate (ContainerDeletionChoosingPolicyTemplate.java:chooseContainerForBlockDeletion(83)) - Chosen 0/5000 blocks from 0 candidate containers.
2023-03-23 08:07:21,058 [BlockDeletingService#8] INFO  interfaces.ContainerDeletionChoosingPolicyTemplate (ContainerDeletionChoosingPolicyTemplate.java:chooseContainerForBlockDeletion(83)) - Chosen 0/5000 blocks from 0 candidate containers.
2023-03-23 08:07:21,115 [Command processor thread] INFO  server.RaftServer (RaftServerProxy.java:addNew(96)) - 6f5e3e4a-08bd-4bbb-984f-08bcbe860d90: addNew group-0BCFA4854BE3:[266f5cc7-0c64-4a72-9a4b-104b6d67fb98|rpc:10.1.0.214:41491|dataStream:10.1.0.214:46055|priority:1|startupRole:FOLLOWER, 6f5e3e4a-08bd-4bbb-984f-08bcbe860d90|rpc:10.1.0.214:39789|dataStream:10.1.0.214:40863|priority:0|startupRole:FOLLOWER, 9c0bd176-fc91-437f-a400-955ac6fa2da9|rpc:10.1.0.214:41819|dataStream:10.1.0.214:34391|priority:0|startupRole:FOLLOWER] returns group-0BCFA4854BE3:java.util.concurrent.CompletableFuture@4b7c2c0a[Not completed]
2023-03-23 08:07:21,116 [pool-560-thread-1] INFO  server.RaftServer$Division (RaftServerImpl.java:<init>(195)) - 6f5e3e4a-08bd-4bbb-984f-08bcbe860d90: new RaftServerImpl for group-0BCFA4854BE3:[266f5cc7-0c64-4a72-9a4b-104b6d67fb98|rpc:10.1.0.214:41491|dataStream:10.1.0.214:46055|priority:1|startupRole:FOLLOWER, 6f5e3e4a-08bd-4bbb-984f-08bcbe860d90|rpc:10.1.0.214:39789|dataStream:10.1.0.214:40863|priority:0|startupRole:FOLLOWER, 9c0bd176-fc91-437f-a400-955ac6fa2da9|rpc:10.1.0.214:41819|dataStream:10.1.0.214:34391|priority:0|startupRole:FOLLOWER] with ContainerStateMachine:uninitialized
2023-03-23 08:07:21,116 [pool-560-thread-1] INFO  server.RaftServerConfigKeys (ConfUtils.java:logGet(46)) - raft.server.rpc.timeout.min = 5s (custom)
2023-03-23 08:07:21,116 [pool-560-thread-1] INFO  server.RaftServerConfigKeys (ConfUtils.java:logGet(46)) - raft.server.rpc.timeout.max = 5200ms (custom)
2023-03-23 08:07:21,117 [pool-560-thread-1] INFO  server.RaftServerConfigKeys (ConfUtils.java:logGet(46)) - raft.server.rpc.sleep.time = 25ms (default)
2023-03-23 08:07:21,117 [pool-560-thread-1] INFO  server.RaftServerConfigKeys (ConfUtils.java:logGet(46)) - raft.server.rpc.slowness.timeout = 300s (custom)
2023-03-23 08:07:21,117 [pool-560-thread-1] INFO  server.RaftServerConfigKeys (ConfUtils.java:logGet(46)) - raft.server.leaderelection.leader.step-down.wait-time = 10s (default)
2023-03-23 08:07:21,117 [pool-560-thread-1] INFO  server.RaftServerConfigKeys (ConfUtils.java:logGet(46)) - raft.server.sleep.deviation.threshold = 300ms (default)
2023-03-23 08:07:21,117 [pool-560-thread-1] INFO  server.RaftServer$Division (ServerState.java:<init>(118)) - 6f5e3e4a-08bd-4bbb-984f-08bcbe860d90@group-0BCFA4854BE3: ConfigurationManager, init=-1: peers:[266f5cc7-0c64-4a72-9a4b-104b6d67fb98|rpc:10.1.0.214:41491|dataStream:10.1.0.214:46055|priority:1|startupRole:FOLLOWER, 6f5e3e4a-08bd-4bbb-984f-08bcbe860d90|rpc:10.1.0.214:39789|dataStream:10.1.0.214:40863|priority:0|startupRole:FOLLOWER, 9c0bd176-fc91-437f-a400-955ac6fa2da9|rpc:10.1.0.214:41819|dataStream:10.1.0.214:34391|priority:0|startupRole:FOLLOWER]|listeners:[], old=null, confs=<EMPTY_MAP>
2023-03-23 08:07:21,117 [pool-560-thread-1] INFO  server.RaftServerConfigKeys (ConfUtils.java:logGet(46)) - raft.server.storage.dir = [/home/runner/work/ozone/ozone/hadoop-ozone/integration-test/target/test-dir/MiniOzoneClusterImpl-31e8183b-455c-41dd-a5db-82de5ef729db/datanode-1/data/ratis] (custom)
2023-03-23 08:07:21,117 [pool-560-thread-1] INFO  server.RaftServerConfigKeys (ConfUtils.java:logGet(46)) - raft.server.log.corruption.policy = EXCEPTION (default)
2023-03-23 08:07:21,117 [pool-560-thread-1] INFO  server.RaftServerConfigKeys (ConfUtils.java:logGet(46)) - raft.server.storage.free-space.min = 0MB (=0) (default)
2023-03-23 08:07:21,117 [pool-560-thread-1] INFO  server.RaftServerConfigKeys (ConfUtils.java:logGet(46)) - raft.server.notification.no-leader.timeout = 300s (custom)
2023-03-23 08:07:21,117 [pool-560-thread-1] INFO  server.RaftServerConfigKeys (ConfUtils.java:logGet(46)) - raft.server.retrycache.expirytime = 600000ms (custom)
2023-03-23 08:07:21,118 [pool-560-thread-1] INFO  server.RaftServerConfigKeys (ConfUtils.java:logGet(46)) - raft.server.retrycache.statistics.expirytime = 100μs (default)
2023-03-23 08:07:21,120 [pool-560-thread-1] INFO  server.RaftServerConfigKeys (ConfUtils.java:logGet(46)) - raft.server.log.appender.install.snapshot.enabled = false (custom)
2023-03-23 08:07:21,120 [pool-560-thread-1] INFO  server.RaftServerConfigKeys (ConfUtils.java:logGet(46)) - raft.server.threadpool.server.cached = true (default)
2023-03-23 08:07:21,120 [pool-560-thread-1] INFO  server.RaftServerConfigKeys (ConfUtils.java:logGet(46)) - raft.server.threadpool.server.size = 0 (default)
2023-03-23 08:07:21,120 [pool-560-thread-1] INFO  server.RaftServerConfigKeys (ConfUtils.java:logGet(46)) - raft.server.threadpool.client.cached = true (default)
2023-03-23 08:07:21,120 [pool-560-thread-1] INFO  server.RaftServerConfigKeys (ConfUtils.java:logGet(46)) - raft.server.threadpool.client.size = 0 (default)
2023-03-23 08:07:21,120 [pool-560-thread-1] INFO  storage.RaftStorageDirectory (RaftStorageDirectoryImpl.java:analyzeStorage(137)) - The storage directory /home/runner/work/ozone/ozone/hadoop-ozone/integration-test/target/test-dir/MiniOzoneClusterImpl-31e8183b-455c-41dd-a5db-82de5ef729db/datanode-1/data/ratis/6eee4ff1-84ef-4dfd-8419-0bcfa4854be3 does not exist. Creating ...
2023-03-23 08:07:21,123 [pool-560-thread-1] INFO  storage.RaftStorageDirectory (RaftStorageDirectoryImpl.java:tryLock(231)) - Lock on /home/runner/work/ozone/ozone/hadoop-ozone/integration-test/target/test-dir/MiniOzoneClusterImpl-31e8183b-455c-41dd-a5db-82de5ef729db/datanode-1/data/ratis/6eee4ff1-84ef-4dfd-8419-0bcfa4854be3/in_use.lock acquired by nodename 6812@fv-az105-497
2023-03-23 08:07:21,124 [pool-560-thread-1] INFO  storage.RaftStorage (RaftStorageImpl.java:format(96)) - Storage directory /home/runner/work/ozone/ozone/hadoop-ozone/integration-test/target/test-dir/MiniOzoneClusterImpl-31e8183b-455c-41dd-a5db-82de5ef729db/datanode-1/data/ratis/6eee4ff1-84ef-4dfd-8419-0bcfa4854be3 has been successfully formatted.
2023-03-23 08:07:21,125 [pool-560-thread-1] INFO  ratis.ContainerStateMachine (ContainerStateMachine.java:loadSnapshot(262)) - group-0BCFA4854BE3: The snapshot info is null. Setting the last applied indexto:(t:0, i:~)
2023-03-23 08:07:21,125 [pool-560-thread-1] INFO  server.RaftServerConfigKeys (ConfUtils.java:logGet(46)) - raft.server.log.use.memory = false (default)
2023-03-23 08:07:21,125 [pool-560-thread-1] INFO  server.RaftServerConfigKeys (ConfUtils.java:logGet(46)) - raft.server.log.purge.gap = 1000000 (custom)
2023-03-23 08:07:21,125 [pool-560-thread-1] INFO  server.RaftServerConfigKeys (ConfUtils.java:logGet(46)) - raft.server.log.appender.buffer.byte-limit = 33554432 (custom)
2023-03-23 08:07:21,125 [pool-560-thread-1] INFO  server.RaftServerConfigKeys (ConfUtils.java:logGet(46)) - raft.server.log.statemachine.data.read.timeout = 1000ms (default)
2023-03-23 08:07:21,125 [pool-560-thread-1] INFO  server.RaftServerConfigKeys (ConfUtils.java:logGet(46)) - raft.server.log.purge.preservation.log.num = 0 (default)
2023-03-23 08:07:21,126 [pool-560-thread-1] INFO  server.RaftServerConfigKeys (ConfUtils.java:logGet(46)) - raft.server.log.segment.size.max = 1048576 (custom)
2023-03-23 08:07:21,126 [pool-560-thread-1] INFO  server.RaftServerConfigKeys (ConfUtils.java:logGet(46)) - raft.server.log.segment.cache.num.max = 2 (custom)
2023-03-23 08:07:21,126 [pool-560-thread-1] INFO  server.RaftServerConfigKeys (ConfUtils.java:logGet(46)) - raft.server.log.segment.cache.size.max = 200MB (=209715200) (default)
2023-03-23 08:07:21,126 [pool-560-thread-1] INFO  segmented.SegmentedRaftLogWorker (SegmentedRaftLogWorker.java:<init>(189)) - new 6f5e3e4a-08bd-4bbb-984f-08bcbe860d90@group-0BCFA4854BE3-SegmentedRaftLogWorker for RaftStorageImpl:Storage Directory /home/runner/work/ozone/ozone/hadoop-ozone/integration-test/target/test-dir/MiniOzoneClusterImpl-31e8183b-455c-41dd-a5db-82de5ef729db/datanode-1/data/ratis/6eee4ff1-84ef-4dfd-8419-0bcfa4854be3
2023-03-23 08:07:21,126 [pool-560-thread-1] INFO  server.RaftServerConfigKeys (ConfUtils.java:logGet(46)) - raft.server.log.queue.byte-limit = 4294967296 (custom)
2023-03-23 08:07:21,126 [pool-560-thread-1] INFO  server.RaftServerConfigKeys (ConfUtils.java:logGet(46)) - raft.server.log.queue.element-limit = 1024 (custom)
2023-03-23 08:07:21,126 [pool-560-thread-1] INFO  server.RaftServerConfigKeys (ConfUtils.java:logGet(46)) - raft.server.log.segment.size.max = 1048576 (custom)
2023-03-23 08:07:21,126 [pool-560-thread-1] INFO  server.RaftServerConfigKeys (ConfUtils.java:logGet(46)) - raft.server.log.preallocated.size = 16384 (custom)
2023-03-23 08:07:21,126 [pool-560-thread-1] INFO  server.RaftServerConfigKeys (ConfUtils.java:logGet(46)) - raft.server.log.force.sync.num = 128 (default)
2023-03-23 08:07:21,126 [pool-560-thread-1] INFO  server.RaftServerConfigKeys (ConfUtils.java:logGet(46)) - raft.server.log.statemachine.data.sync = true (default)
2023-03-23 08:07:21,126 [pool-560-thread-1] INFO  server.RaftServerConfigKeys (ConfUtils.java:logGet(46)) - raft.server.log.statemachine.data.sync.timeout = 10s (default)
2023-03-23 08:07:21,126 [pool-560-thread-1] INFO  server.RaftServerConfigKeys (ConfUtils.java:logGet(46)) - raft.server.log.statemachine.data.sync.timeout.retry = -1 (default)
2023-03-23 08:07:21,127 [pool-560-thread-1] INFO  server.RaftServerConfigKeys (ConfUtils.java:logGet(46)) - raft.server.log.write.buffer.size = 1048576 (custom)
2023-03-23 08:07:21,127 [pool-560-thread-1] INFO  server.RaftServerConfigKeys (ConfUtils.java:logGet(46)) - raft.server.log.appender.buffer.byte-limit = 33554432 (custom)
2023-03-23 08:07:21,132 [pool-560-thread-1] INFO  server.RaftServerConfigKeys (ConfUtils.java:logGet(46)) - raft.server.log.unsafe-flush.enabled = false (default)
2023-03-23 08:07:21,133 [pool-560-thread-1] INFO  server.RaftServerConfigKeys (ConfUtils.java:logGet(46)) - raft.server.log.async-flush.enabled = false (default)
2023-03-23 08:07:21,133 [pool-560-thread-1] INFO  server.RaftServerConfigKeys (ConfUtils.java:logGet(46)) - raft.server.log.statemachine.data.caching.enabled = true (custom)
2023-03-23 08:07:21,133 [pool-560-thread-1] INFO  segmented.SegmentedRaftLogWorker (SegmentedRaftLogWorker.java:lambda$new$0(135)) - 6f5e3e4a-08bd-4bbb-984f-08bcbe860d90@group-0BCFA4854BE3-SegmentedRaftLogWorker: flushIndex: setUnconditionally 0 -> -1
2023-03-23 08:07:21,133 [pool-560-thread-1] INFO  segmented.SegmentedRaftLogWorker (SegmentedRaftLogWorker.java:lambda$new$0(135)) - 6f5e3e4a-08bd-4bbb-984f-08bcbe860d90@group-0BCFA4854BE3-SegmentedRaftLogWorker: safeCacheEvictIndex: setUnconditionally 0 -> -1
2023-03-23 08:07:21,133 [pool-560-thread-1] INFO  server.RaftServer$Division (RaftServerImpl.java:start(334)) - 6f5e3e4a-08bd-4bbb-984f-08bcbe860d90@group-0BCFA4854BE3: start as a follower, conf=-1: peers:[266f5cc7-0c64-4a72-9a4b-104b6d67fb98|rpc:10.1.0.214:41491|dataStream:10.1.0.214:46055|priority:1|startupRole:FOLLOWER, 6f5e3e4a-08bd-4bbb-984f-08bcbe860d90|rpc:10.1.0.214:39789|dataStream:10.1.0.214:40863|priority:0|startupRole:FOLLOWER, 9c0bd176-fc91-437f-a400-955ac6fa2da9|rpc:10.1.0.214:41819|dataStream:10.1.0.214:34391|priority:0|startupRole:FOLLOWER]|listeners:[], old=null
2023-03-23 08:07:21,133 [pool-560-thread-1] INFO  server.RaftServer$Division (RaftServerImpl.java:setRole(321)) - 6f5e3e4a-08bd-4bbb-984f-08bcbe860d90@group-0BCFA4854BE3: changes role from      null to FOLLOWER at term 0 for startAsFollower
2023-03-23 08:07:21,133 [pool-560-thread-1] INFO  impl.RoleInfo (RoleInfo.java:updateAndGet(139)) - 6f5e3e4a-08bd-4bbb-984f-08bcbe860d90: start 6f5e3e4a-08bd-4bbb-984f-08bcbe860d90@group-0BCFA4854BE3-FollowerState
2023-03-23 08:07:21,134 [pool-560-thread-1] INFO  util.JmxRegister (JmxRegister.java:tryRegister(44)) - Successfully registered JMX Bean with object name Ratis:service=RaftServer,group=group-0BCFA4854BE3,id=6f5e3e4a-08bd-4bbb-984f-08bcbe860d90
2023-03-23 08:07:21,134 [pool-560-thread-1] INFO  server.RaftServerConfigKeys (ConfUtils.java:logGet(46)) - raft.server.snapshot.auto.trigger.enabled = true (custom)
2023-03-23 08:07:21,134 [pool-560-thread-1] INFO  server.RaftServerConfigKeys (ConfUtils.java:logGet(46)) - raft.server.snapshot.auto.trigger.threshold = 10000 (custom)
2023-03-23 08:07:21,134 [pool-560-thread-1] INFO  server.RaftServerConfigKeys (ConfUtils.java:logGet(46)) - raft.server.snapshot.retention.file.num = 5 (custom)
2023-03-23 08:07:21,134 [pool-560-thread-1] INFO  server.RaftServerConfigKeys (ConfUtils.java:logGet(46)) - raft.server.log.purge.upto.snapshot.index = false (default)
2023-03-23 08:07:21,134 [6f5e3e4a-08bd-4bbb-984f-08bcbe860d90@group-0BCFA4854BE3-FollowerState] INFO  server.RaftServerConfigKeys (ConfUtils.java:logFallback(53)) - raft.server.rpc.first-election.timeout.min = 5s (fallback to raft.server.rpc.timeout.min)
2023-03-23 08:07:21,135 [6f5e3e4a-08bd-4bbb-984f-08bcbe860d90@group-0BCFA4854BE3-FollowerState] INFO  server.RaftServerConfigKeys (ConfUtils.java:logFallback(53)) - raft.server.rpc.first-election.timeout.max = 5200ms (fallback to raft.server.rpc.timeout.max)
2023-03-23 08:07:21,135 [Command processor thread] INFO  ratis.XceiverServerRatis (XceiverServerRatis.java:addGroup(807)) - Created group PipelineID=6eee4ff1-84ef-4dfd-8419-0bcfa4854be3
2023-03-23 08:07:21,137 [BlockDeletingService#2] INFO  interfaces.ContainerDeletionChoosingPolicyTemplate (ContainerDeletionChoosingPolicyTemplate.java:chooseContainerForBlockDeletion(83)) - Chosen 0/5000 blocks from 0 candidate containers.
2023-03-23 08:07:21,147 [grpc-default-executor-5] INFO  server.RaftServer (RaftServerProxy.java:addNew(96)) - 266f5cc7-0c64-4a72-9a4b-104b6d67fb98: addNew group-0BCFA4854BE3:[266f5cc7-0c64-4a72-9a4b-104b6d67fb98|rpc:10.1.0.214:41491|dataStream:10.1.0.214:46055|priority:1|startupRole:FOLLOWER, 6f5e3e4a-08bd-4bbb-984f-08bcbe860d90|rpc:10.1.0.214:39789|dataStream:10.1.0.214:40863|priority:0|startupRole:FOLLOWER, 9c0bd176-fc91-437f-a400-955ac6fa2da9|rpc:10.1.0.214:41819|dataStream:10.1.0.214:34391|priority:0|startupRole:FOLLOWER] returns group-0BCFA4854BE3:java.util.concurrent.CompletableFuture@712f7947[Not completed]
2023-03-23 08:07:21,148 [pool-633-thread-1] INFO  server.RaftServer$Division (RaftServerImpl.java:<init>(195)) - 266f5cc7-0c64-4a72-9a4b-104b6d67fb98: new RaftServerImpl for group-0BCFA4854BE3:[266f5cc7-0c64-4a72-9a4b-104b6d67fb98|rpc:10.1.0.214:41491|dataStream:10.1.0.214:46055|priority:1|startupRole:FOLLOWER, 6f5e3e4a-08bd-4bbb-984f-08bcbe860d90|rpc:10.1.0.214:39789|dataStream:10.1.0.214:40863|priority:0|startupRole:FOLLOWER, 9c0bd176-fc91-437f-a400-955ac6fa2da9|rpc:10.1.0.214:41819|dataStream:10.1.0.214:34391|priority:0|startupRole:FOLLOWER] with ContainerStateMachine:uninitialized
2023-03-23 08:07:21,148 [pool-633-thread-1] INFO  server.RaftServerConfigKeys (ConfUtils.java:logGet(46)) - raft.server.rpc.timeout.min = 5s (custom)
2023-03-23 08:07:21,148 [pool-633-thread-1] INFO  server.RaftServerConfigKeys (ConfUtils.java:logGet(46)) - raft.server.rpc.timeout.max = 5200ms (custom)
2023-03-23 08:07:21,148 [pool-633-thread-1] INFO  server.RaftServerConfigKeys (ConfUtils.java:logGet(46)) - raft.server.rpc.sleep.time = 25ms (default)
2023-03-23 08:07:21,148 [pool-633-thread-1] INFO  server.RaftServerConfigKeys (ConfUtils.java:logGet(46)) - raft.server.rpc.slowness.timeout = 300s (custom)
2023-03-23 08:07:21,148 [pool-633-thread-1] INFO  server.RaftServerConfigKeys (ConfUtils.java:logGet(46)) - raft.server.leaderelection.leader.step-down.wait-time = 10s (default)
2023-03-23 08:07:21,148 [pool-633-thread-1] INFO  server.RaftServerConfigKeys (ConfUtils.java:logGet(46)) - raft.server.sleep.deviation.threshold = 300ms (default)
2023-03-23 08:07:21,149 [pool-633-thread-1] INFO  server.RaftServer$Division (ServerState.java:<init>(118)) - 266f5cc7-0c64-4a72-9a4b-104b6d67fb98@group-0BCFA4854BE3: ConfigurationManager, init=-1: peers:[266f5cc7-0c64-4a72-9a4b-104b6d67fb98|rpc:10.1.0.214:41491|dataStream:10.1.0.214:46055|priority:1|startupRole:FOLLOWER, 6f5e3e4a-08bd-4bbb-984f-08bcbe860d90|rpc:10.1.0.214:39789|dataStream:10.1.0.214:40863|priority:0|startupRole:FOLLOWER, 9c0bd176-fc91-437f-a400-955ac6fa2da9|rpc:10.1.0.214:41819|dataStream:10.1.0.214:34391|priority:0|startupRole:FOLLOWER]|listeners:[], old=null, confs=<EMPTY_MAP>
2023-03-23 08:07:21,149 [pool-633-thread-1] INFO  server.RaftServerConfigKeys (ConfUtils.java:logGet(46)) - raft.server.storage.dir = [/home/runner/work/ozone/ozone/hadoop-ozone/integration-test/target/test-dir/MiniOzoneClusterImpl-31e8183b-455c-41dd-a5db-82de5ef729db/datanode-0/data/ratis] (custom)
2023-03-23 08:07:21,149 [pool-633-thread-1] INFO  server.RaftServerConfigKeys (ConfUtils.java:logGet(46)) - raft.server.log.corruption.policy = EXCEPTION (default)
2023-03-23 08:07:21,149 [pool-633-thread-1] INFO  server.RaftServerConfigKeys (ConfUtils.java:logGet(46)) - raft.server.storage.free-space.min = 0MB (=0) (default)
2023-03-23 08:07:21,149 [pool-633-thread-1] INFO  server.RaftServerConfigKeys (ConfUtils.java:logGet(46)) - raft.server.notification.no-leader.timeout = 300s (custom)
2023-03-23 08:07:21,149 [pool-633-thread-1] INFO  server.RaftServerConfigKeys (ConfUtils.java:logGet(46)) - raft.server.retrycache.expirytime = 600000ms (custom)
2023-03-23 08:07:21,149 [pool-633-thread-1] INFO  server.RaftServerConfigKeys (ConfUtils.java:logGet(46)) - raft.server.retrycache.statistics.expirytime = 100μs (default)
2023-03-23 08:07:21,150 [pool-633-thread-1] INFO  server.RaftServerConfigKeys (ConfUtils.java:logGet(46)) - raft.server.log.appender.install.snapshot.enabled = false (custom)
2023-03-23 08:07:21,150 [pool-633-thread-1] INFO  server.RaftServerConfigKeys (ConfUtils.java:logGet(46)) - raft.server.threadpool.server.cached = true (default)
2023-03-23 08:07:21,150 [pool-633-thread-1] INFO  server.RaftServerConfigKeys (ConfUtils.java:logGet(46)) - raft.server.threadpool.server.size = 0 (default)
2023-03-23 08:07:21,150 [pool-633-thread-1] INFO  server.RaftServerConfigKeys (ConfUtils.java:logGet(46)) - raft.server.threadpool.client.cached = true (default)
2023-03-23 08:07:21,150 [pool-633-thread-1] INFO  server.RaftServerConfigKeys (ConfUtils.java:logGet(46)) - raft.server.threadpool.client.size = 0 (default)
2023-03-23 08:07:21,150 [pool-633-thread-1] INFO  storage.RaftStorageDirectory (RaftStorageDirectoryImpl.java:analyzeStorage(137)) - The storage directory /home/runner/work/ozone/ozone/hadoop-ozone/integration-test/target/test-dir/MiniOzoneClusterImpl-31e8183b-455c-41dd-a5db-82de5ef729db/datanode-0/data/ratis/6eee4ff1-84ef-4dfd-8419-0bcfa4854be3 does not exist. Creating ...
2023-03-23 08:07:21,151 [SCMBlockDeletingService#0] DEBUG block.SCMBlockDeletingService (SCMBlockDeletingService.java:call(136)) - Running DeletedBlockTransactionScanner
2023-03-23 08:07:21,151 [pool-633-thread-1] INFO  storage.RaftStorageDirectory (RaftStorageDirectoryImpl.java:tryLock(231)) - Lock on /home/runner/work/ozone/ozone/hadoop-ozone/integration-test/target/test-dir/MiniOzoneClusterImpl-31e8183b-455c-41dd-a5db-82de5ef729db/datanode-0/data/ratis/6eee4ff1-84ef-4dfd-8419-0bcfa4854be3/in_use.lock acquired by nodename 6812@fv-az105-497
2023-03-23 08:07:21,153 [pool-633-thread-1] INFO  storage.RaftStorage (RaftStorageImpl.java:format(96)) - Storage directory /home/runner/work/ozone/ozone/hadoop-ozone/integration-test/target/test-dir/MiniOzoneClusterImpl-31e8183b-455c-41dd-a5db-82de5ef729db/datanode-0/data/ratis/6eee4ff1-84ef-4dfd-8419-0bcfa4854be3 has been successfully formatted.
2023-03-23 08:07:21,154 [pool-633-thread-1] INFO  ratis.ContainerStateMachine (ContainerStateMachine.java:loadSnapshot(262)) - group-0BCFA4854BE3: The snapshot info is null. Setting the last applied indexto:(t:0, i:~)
2023-03-23 08:07:21,154 [pool-633-thread-1] INFO  server.RaftServerConfigKeys (ConfUtils.java:logGet(46)) - raft.server.log.use.memory = false (default)
2023-03-23 08:07:21,154 [pool-633-thread-1] INFO  server.RaftServerConfigKeys (ConfUtils.java:logGet(46)) - raft.server.log.purge.gap = 1000000 (custom)
2023-03-23 08:07:21,154 [pool-633-thread-1] INFO  server.RaftServerConfigKeys (ConfUtils.java:logGet(46)) - raft.server.log.appender.buffer.byte-limit = 33554432 (custom)
2023-03-23 08:07:21,154 [pool-633-thread-1] INFO  server.RaftServerConfigKeys (ConfUtils.java:logGet(46)) - raft.server.log.statemachine.data.read.timeout = 1000ms (default)
2023-03-23 08:07:21,154 [pool-633-thread-1] INFO  server.RaftServerConfigKeys (ConfUtils.java:logGet(46)) - raft.server.log.purge.preservation.log.num = 0 (default)
2023-03-23 08:07:21,154 [pool-633-thread-1] INFO  server.RaftServerConfigKeys (ConfUtils.java:logGet(46)) - raft.server.log.segment.size.max = 1048576 (custom)
2023-03-23 08:07:21,155 [pool-633-thread-1] INFO  server.RaftServerConfigKeys (ConfUtils.java:logGet(46)) - raft.server.log.segment.cache.num.max = 2 (custom)
2023-03-23 08:07:21,155 [pool-633-thread-1] INFO  server.RaftServerConfigKeys (ConfUtils.java:logGet(46)) - raft.server.log.segment.cache.size.max = 200MB (=209715200) (default)
2023-03-23 08:07:21,155 [pool-633-thread-1] INFO  segmented.SegmentedRaftLogWorker (SegmentedRaftLogWorker.java:<init>(189)) - new 266f5cc7-0c64-4a72-9a4b-104b6d67fb98@group-0BCFA4854BE3-SegmentedRaftLogWorker for RaftStorageImpl:Storage Directory /home/runner/work/ozone/ozone/hadoop-ozone/integration-test/target/test-dir/MiniOzoneClusterImpl-31e8183b-455c-41dd-a5db-82de5ef729db/datanode-0/data/ratis/6eee4ff1-84ef-4dfd-8419-0bcfa4854be3
2023-03-23 08:07:21,155 [pool-633-thread-1] INFO  server.RaftServerConfigKeys (ConfUtils.java:logGet(46)) - raft.server.log.queue.byte-limit = 4294967296 (custom)
2023-03-23 08:07:21,155 [pool-633-thread-1] INFO  server.RaftServerConfigKeys (ConfUtils.java:logGet(46)) - raft.server.log.queue.element-limit = 1024 (custom)
2023-03-23 08:07:21,155 [pool-633-thread-1] INFO  server.RaftServerConfigKeys (ConfUtils.java:logGet(46)) - raft.server.log.segment.size.max = 1048576 (custom)
2023-03-23 08:07:21,155 [pool-633-thread-1] INFO  server.RaftServerConfigKeys (ConfUtils.java:logGet(46)) - raft.server.log.preallocated.size = 16384 (custom)
2023-03-23 08:07:21,155 [pool-633-thread-1] INFO  server.RaftServerConfigKeys (ConfUtils.java:logGet(46)) - raft.server.log.force.sync.num = 128 (default)
2023-03-23 08:07:21,155 [pool-633-thread-1] INFO  server.RaftServerConfigKeys (ConfUtils.java:logGet(46)) - raft.server.log.statemachine.data.sync = true (default)
2023-03-23 08:07:21,155 [pool-633-thread-1] INFO  server.RaftServerConfigKeys (ConfUtils.java:logGet(46)) - raft.server.log.statemachine.data.sync.timeout = 10s (default)
2023-03-23 08:07:21,155 [pool-633-thread-1] INFO  server.RaftServerConfigKeys (ConfUtils.java:logGet(46)) - raft.server.log.statemachine.data.sync.timeout.retry = -1 (default)
2023-03-23 08:07:21,156 [pool-633-thread-1] INFO  server.RaftServerConfigKeys (ConfUtils.java:logGet(46)) - raft.server.log.write.buffer.size = 1048576 (custom)
2023-03-23 08:07:21,156 [pool-633-thread-1] INFO  server.RaftServerConfigKeys (ConfUtils.java:logGet(46)) - raft.server.log.appender.buffer.byte-limit = 33554432 (custom)
2023-03-23 08:07:21,158 [BlockDeletingService#7] INFO  interfaces.ContainerDeletionChoosingPolicyTemplate (ContainerDeletionChoosingPolicyTemplate.java:chooseContainerForBlockDeletion(83)) - Chosen 0/5000 blocks from 0 candidate containers.
2023-03-23 08:07:21,158 [BlockDeletingService#8] INFO  interfaces.ContainerDeletionChoosingPolicyTemplate (ContainerDeletionChoosingPolicyTemplate.java:chooseContainerForBlockDeletion(83)) - Chosen 0/5000 blocks from 0 candidate containers.
2023-03-23 08:07:21,161 [pool-633-thread-1] INFO  server.RaftServerConfigKeys (ConfUtils.java:logGet(46)) - raft.server.log.unsafe-flush.enabled = false (default)
2023-03-23 08:07:21,161 [pool-633-thread-1] INFO  server.RaftServerConfigKeys (ConfUtils.java:logGet(46)) - raft.server.log.async-flush.enabled = false (default)
2023-03-23 08:07:21,161 [pool-633-thread-1] INFO  server.RaftServerConfigKeys (ConfUtils.java:logGet(46)) - raft.server.log.statemachine.data.caching.enabled = true (custom)
2023-03-23 08:07:21,162 [pool-633-thread-1] INFO  segmented.SegmentedRaftLogWorker (SegmentedRaftLogWorker.java:lambda$new$0(135)) - 266f5cc7-0c64-4a72-9a4b-104b6d67fb98@group-0BCFA4854BE3-SegmentedRaftLogWorker: flushIndex: setUnconditionally 0 -> -1
2023-03-23 08:07:21,162 [pool-633-thread-1] INFO  segmented.SegmentedRaftLogWorker (SegmentedRaftLogWorker.java:lambda$new$0(135)) - 266f5cc7-0c64-4a72-9a4b-104b6d67fb98@group-0BCFA4854BE3-SegmentedRaftLogWorker: safeCacheEvictIndex: setUnconditionally 0 -> -1
2023-03-23 08:07:21,162 [pool-633-thread-1] INFO  server.RaftServer$Division (RaftServerImpl.java:start(334)) - 266f5cc7-0c64-4a72-9a4b-104b6d67fb98@group-0BCFA4854BE3: start as a follower, conf=-1: peers:[266f5cc7-0c64-4a72-9a4b-104b6d67fb98|rpc:10.1.0.214:41491|dataStream:10.1.0.214:46055|priority:1|startupRole:FOLLOWER, 6f5e3e4a-08bd-4bbb-984f-08bcbe860d90|rpc:10.1.0.214:39789|dataStream:10.1.0.214:40863|priority:0|startupRole:FOLLOWER, 9c0bd176-fc91-437f-a400-955ac6fa2da9|rpc:10.1.0.214:41819|dataStream:10.1.0.214:34391|priority:0|startupRole:FOLLOWER]|listeners:[], old=null
2023-03-23 08:07:21,162 [pool-633-thread-1] INFO  server.RaftServer$Division (RaftServerImpl.java:setRole(321)) - 266f5cc7-0c64-4a72-9a4b-104b6d67fb98@group-0BCFA4854BE3: changes role from      null to FOLLOWER at term 0 for startAsFollower
2023-03-23 08:07:21,162 [pool-633-thread-1] INFO  impl.RoleInfo (RoleInfo.java:updateAndGet(139)) - 266f5cc7-0c64-4a72-9a4b-104b6d67fb98: start 266f5cc7-0c64-4a72-9a4b-104b6d67fb98@group-0BCFA4854BE3-FollowerState
2023-03-23 08:07:21,169 [pool-633-thread-1] INFO  util.JmxRegister (JmxRegister.java:tryRegister(44)) - Successfully registered JMX Bean with object name Ratis:service=RaftServer,group=group-0BCFA4854BE3,id=266f5cc7-0c64-4a72-9a4b-104b6d67fb98
2023-03-23 08:07:21,169 [pool-633-thread-1] INFO  server.RaftServerConfigKeys (ConfUtils.java:logGet(46)) - raft.server.snapshot.auto.trigger.enabled = true (custom)
2023-03-23 08:07:21,169 [pool-633-thread-1] INFO  server.RaftServerConfigKeys (ConfUtils.java:logGet(46)) - raft.server.snapshot.auto.trigger.threshold = 10000 (custom)
2023-03-23 08:07:21,169 [pool-633-thread-1] INFO  server.RaftServerConfigKeys (ConfUtils.java:logGet(46)) - raft.server.snapshot.retention.file.num = 5 (custom)
2023-03-23 08:07:21,169 [pool-633-thread-1] INFO  server.RaftServerConfigKeys (ConfUtils.java:logGet(46)) - raft.server.log.purge.upto.snapshot.index = false (default)
2023-03-23 08:07:21,169 [266f5cc7-0c64-4a72-9a4b-104b6d67fb98@group-0BCFA4854BE3-FollowerState] INFO  server.RaftServerConfigKeys (ConfUtils.java:logFallback(53)) - raft.server.rpc.first-election.timeout.min = 5s (fallback to raft.server.rpc.timeout.min)
2023-03-23 08:07:21,169 [266f5cc7-0c64-4a72-9a4b-104b6d67fb98@group-0BCFA4854BE3-FollowerState] INFO  server.RaftServerConfigKeys (ConfUtils.java:logFallback(53)) - raft.server.rpc.first-election.timeout.max = 5200ms (fallback to raft.server.rpc.timeout.max)
2023-03-23 08:07:21,194 [grpc-default-executor-5] INFO  server.RaftServer (RaftServerProxy.java:addNew(96)) - 9c0bd176-fc91-437f-a400-955ac6fa2da9: addNew group-0BCFA4854BE3:[266f5cc7-0c64-4a72-9a4b-104b6d67fb98|rpc:10.1.0.214:41491|dataStream:10.1.0.214:46055|priority:1|startupRole:FOLLOWER, 6f5e3e4a-08bd-4bbb-984f-08bcbe860d90|rpc:10.1.0.214:39789|dataStream:10.1.0.214:40863|priority:0|startupRole:FOLLOWER, 9c0bd176-fc91-437f-a400-955ac6fa2da9|rpc:10.1.0.214:41819|dataStream:10.1.0.214:34391|priority:0|startupRole:FOLLOWER] returns group-0BCFA4854BE3:java.util.concurrent.CompletableFuture@4f533800[Not completed]
2023-03-23 08:07:21,195 [pool-582-thread-1] INFO  server.RaftServer$Division (RaftServerImpl.java:<init>(195)) - 9c0bd176-fc91-437f-a400-955ac6fa2da9: new RaftServerImpl for group-0BCFA4854BE3:[266f5cc7-0c64-4a72-9a4b-104b6d67fb98|rpc:10.1.0.214:41491|dataStream:10.1.0.214:46055|priority:1|startupRole:FOLLOWER, 6f5e3e4a-08bd-4bbb-984f-08bcbe860d90|rpc:10.1.0.214:39789|dataStream:10.1.0.214:40863|priority:0|startupRole:FOLLOWER, 9c0bd176-fc91-437f-a400-955ac6fa2da9|rpc:10.1.0.214:41819|dataStream:10.1.0.214:34391|priority:0|startupRole:FOLLOWER] with ContainerStateMachine:uninitialized
2023-03-23 08:07:21,195 [pool-582-thread-1] INFO  server.RaftServerConfigKeys (ConfUtils.java:logGet(46)) - raft.server.rpc.timeout.min = 5s (custom)
2023-03-23 08:07:21,195 [pool-582-thread-1] INFO  server.RaftServerConfigKeys (ConfUtils.java:logGet(46)) - raft.server.rpc.timeout.max = 5200ms (custom)
2023-03-23 08:07:21,195 [pool-582-thread-1] INFO  server.RaftServerConfigKeys (ConfUtils.java:logGet(46)) - raft.server.rpc.sleep.time = 25ms (default)
2023-03-23 08:07:21,195 [pool-582-thread-1] INFO  server.RaftServerConfigKeys (ConfUtils.java:logGet(46)) - raft.server.rpc.slowness.timeout = 300s (custom)
2023-03-23 08:07:21,195 [pool-582-thread-1] INFO  server.RaftServerConfigKeys (ConfUtils.java:logGet(46)) - raft.server.leaderelection.leader.step-down.wait-time = 10s (default)
2023-03-23 08:07:21,195 [pool-582-thread-1] INFO  server.RaftServerConfigKeys (ConfUtils.java:logGet(46)) - raft.server.sleep.deviation.threshold = 300ms (default)
2023-03-23 08:07:21,195 [pool-582-thread-1] INFO  server.RaftServer$Division (ServerState.java:<init>(118)) - 9c0bd176-fc91-437f-a400-955ac6fa2da9@group-0BCFA4854BE3: ConfigurationManager, init=-1: peers:[266f5cc7-0c64-4a72-9a4b-104b6d67fb98|rpc:10.1.0.214:41491|dataStream:10.1.0.214:46055|priority:1|startupRole:FOLLOWER, 6f5e3e4a-08bd-4bbb-984f-08bcbe860d90|rpc:10.1.0.214:39789|dataStream:10.1.0.214:40863|priority:0|startupRole:FOLLOWER, 9c0bd176-fc91-437f-a400-955ac6fa2da9|rpc:10.1.0.214:41819|dataStream:10.1.0.214:34391|priority:0|startupRole:FOLLOWER]|listeners:[], old=null, confs=<EMPTY_MAP>
2023-03-23 08:07:21,195 [pool-582-thread-1] INFO  server.RaftServerConfigKeys (ConfUtils.java:logGet(46)) - raft.server.storage.dir = [/home/runner/work/ozone/ozone/hadoop-ozone/integration-test/target/test-dir/MiniOzoneClusterImpl-31e8183b-455c-41dd-a5db-82de5ef729db/datanode-2/data/ratis] (custom)
2023-03-23 08:07:21,196 [pool-582-thread-1] INFO  server.RaftServerConfigKeys (ConfUtils.java:logGet(46)) - raft.server.log.corruption.policy = EXCEPTION (default)
2023-03-23 08:07:21,196 [pool-582-thread-1] INFO  server.RaftServerConfigKeys (ConfUtils.java:logGet(46)) - raft.server.storage.free-space.min = 0MB (=0) (default)
2023-03-23 08:07:21,196 [pool-582-thread-1] INFO  server.RaftServerConfigKeys (ConfUtils.java:logGet(46)) - raft.server.notification.no-leader.timeout = 300s (custom)
2023-03-23 08:07:21,196 [pool-582-thread-1] INFO  server.RaftServerConfigKeys (ConfUtils.java:logGet(46)) - raft.server.retrycache.expirytime = 600000ms (custom)
2023-03-23 08:07:21,196 [pool-582-thread-1] INFO  server.RaftServerConfigKeys (ConfUtils.java:logGet(46)) - raft.server.retrycache.statistics.expirytime = 100μs (default)
2023-03-23 08:07:21,196 [pool-582-thread-1] INFO  server.RaftServerConfigKeys (ConfUtils.java:logGet(46)) - raft.server.log.appender.install.snapshot.enabled = false (custom)
2023-03-23 08:07:21,196 [pool-582-thread-1] INFO  server.RaftServerConfigKeys (ConfUtils.java:logGet(46)) - raft.server.threadpool.server.cached = true (default)
2023-03-23 08:07:21,196 [pool-582-thread-1] INFO  server.RaftServerConfigKeys (ConfUtils.java:logGet(46)) - raft.server.threadpool.server.size = 0 (default)
2023-03-23 08:07:21,197 [pool-582-thread-1] INFO  server.RaftServerConfigKeys (ConfUtils.java:logGet(46)) - raft.server.threadpool.client.cached = true (default)
2023-03-23 08:07:21,197 [pool-582-thread-1] INFO  server.RaftServerConfigKeys (ConfUtils.java:logGet(46)) - raft.server.threadpool.client.size = 0 (default)
2023-03-23 08:07:21,197 [pool-582-thread-1] INFO  storage.RaftStorageDirectory (RaftStorageDirectoryImpl.java:analyzeStorage(137)) - The storage directory /home/runner/work/ozone/ozone/hadoop-ozone/integration-test/target/test-dir/MiniOzoneClusterImpl-31e8183b-455c-41dd-a5db-82de5ef729db/datanode-2/data/ratis/6eee4ff1-84ef-4dfd-8419-0bcfa4854be3 does not exist. Creating ...
2023-03-23 08:07:21,198 [pool-582-thread-1] INFO  storage.RaftStorageDirectory (RaftStorageDirectoryImpl.java:tryLock(231)) - Lock on /home/runner/work/ozone/ozone/hadoop-ozone/integration-test/target/test-dir/MiniOzoneClusterImpl-31e8183b-455c-41dd-a5db-82de5ef729db/datanode-2/data/ratis/6eee4ff1-84ef-4dfd-8419-0bcfa4854be3/in_use.lock acquired by nodename 6812@fv-az105-497
2023-03-23 08:07:21,200 [pool-582-thread-1] INFO  storage.RaftStorage (RaftStorageImpl.java:format(96)) - Storage directory /home/runner/work/ozone/ozone/hadoop-ozone/integration-test/target/test-dir/MiniOzoneClusterImpl-31e8183b-455c-41dd-a5db-82de5ef729db/datanode-2/data/ratis/6eee4ff1-84ef-4dfd-8419-0bcfa4854be3 has been successfully formatted.
2023-03-23 08:07:21,200 [pool-582-thread-1] INFO  ratis.ContainerStateMachine (ContainerStateMachine.java:loadSnapshot(262)) - group-0BCFA4854BE3: The snapshot info is null. Setting the last applied indexto:(t:0, i:~)
2023-03-23 08:07:21,200 [pool-582-thread-1] INFO  server.RaftServerConfigKeys (ConfUtils.java:logGet(46)) - raft.server.log.use.memory = false (default)
2023-03-23 08:07:21,201 [pool-582-thread-1] INFO  server.RaftServerConfigKeys (ConfUtils.java:logGet(46)) - raft.server.log.purge.gap = 1000000 (custom)
2023-03-23 08:07:21,201 [pool-582-thread-1] INFO  server.RaftServerConfigKeys (ConfUtils.java:logGet(46)) - raft.server.log.appender.buffer.byte-limit = 33554432 (custom)
2023-03-23 08:07:21,201 [pool-582-thread-1] INFO  server.RaftServerConfigKeys (ConfUtils.java:logGet(46)) - raft.server.log.statemachine.data.read.timeout = 1000ms (default)
2023-03-23 08:07:21,201 [pool-582-thread-1] INFO  server.RaftServerConfigKeys (ConfUtils.java:logGet(46)) - raft.server.log.purge.preservation.log.num = 0 (default)
2023-03-23 08:07:21,201 [pool-582-thread-1] INFO  server.RaftServerConfigKeys (ConfUtils.java:logGet(46)) - raft.server.log.segment.size.max = 1048576 (custom)
2023-03-23 08:07:21,201 [pool-582-thread-1] INFO  server.RaftServerConfigKeys (ConfUtils.java:logGet(46)) - raft.server.log.segment.cache.num.max = 2 (custom)
2023-03-23 08:07:21,201 [pool-582-thread-1] INFO  server.RaftServerConfigKeys (ConfUtils.java:logGet(46)) - raft.server.log.segment.cache.size.max = 200MB (=209715200) (default)
2023-03-23 08:07:21,201 [pool-582-thread-1] INFO  segmented.SegmentedRaftLogWorker (SegmentedRaftLogWorker.java:<init>(189)) - new 9c0bd176-fc91-437f-a400-955ac6fa2da9@group-0BCFA4854BE3-SegmentedRaftLogWorker for RaftStorageImpl:Storage Directory /home/runner/work/ozone/ozone/hadoop-ozone/integration-test/target/test-dir/MiniOzoneClusterImpl-31e8183b-455c-41dd-a5db-82de5ef729db/datanode-2/data/ratis/6eee4ff1-84ef-4dfd-8419-0bcfa4854be3
2023-03-23 08:07:21,201 [pool-582-thread-1] INFO  server.RaftServerConfigKeys (ConfUtils.java:logGet(46)) - raft.server.log.queue.byte-limit = 4294967296 (custom)
2023-03-23 08:07:21,201 [pool-582-thread-1] INFO  server.RaftServerConfigKeys (ConfUtils.java:logGet(46)) - raft.server.log.queue.element-limit = 1024 (custom)
2023-03-23 08:07:21,201 [pool-582-thread-1] INFO  server.RaftServerConfigKeys (ConfUtils.java:logGet(46)) - raft.server.log.segment.size.max = 1048576 (custom)
2023-03-23 08:07:21,201 [pool-582-thread-1] INFO  server.RaftServerConfigKeys (ConfUtils.java:logGet(46)) - raft.server.log.preallocated.size = 16384 (custom)
2023-03-23 08:07:21,202 [pool-582-thread-1] INFO  server.RaftServerConfigKeys (ConfUtils.java:logGet(46)) - raft.server.log.force.sync.num = 128 (default)
2023-03-23 08:07:21,202 [pool-582-thread-1] INFO  server.RaftServerConfigKeys (ConfUtils.java:logGet(46)) - raft.server.log.statemachine.data.sync = true (default)
2023-03-23 08:07:21,202 [pool-582-thread-1] INFO  server.RaftServerConfigKeys (ConfUtils.java:logGet(46)) - raft.server.log.statemachine.data.sync.timeout = 10s (default)
2023-03-23 08:07:21,202 [pool-582-thread-1] INFO  server.RaftServerConfigKeys (ConfUtils.java:logGet(46)) - raft.server.log.statemachine.data.sync.timeout.retry = -1 (default)
2023-03-23 08:07:21,203 [pool-582-thread-1] INFO  server.RaftServerConfigKeys (ConfUtils.java:logGet(46)) - raft.server.log.write.buffer.size = 1048576 (custom)
2023-03-23 08:07:21,203 [pool-582-thread-1] INFO  server.RaftServerConfigKeys (ConfUtils.java:logGet(46)) - raft.server.log.appender.buffer.byte-limit = 33554432 (custom)
2023-03-23 08:07:21,208 [pool-582-thread-1] INFO  server.RaftServerConfigKeys (ConfUtils.java:logGet(46)) - raft.server.log.unsafe-flush.enabled = false (default)
2023-03-23 08:07:21,208 [pool-582-thread-1] INFO  server.RaftServerConfigKeys (ConfUtils.java:logGet(46)) - raft.server.log.async-flush.enabled = false (default)
2023-03-23 08:07:21,208 [pool-582-thread-1] INFO  server.RaftServerConfigKeys (ConfUtils.java:logGet(46)) - raft.server.log.statemachine.data.caching.enabled = true (custom)
2023-03-23 08:07:21,208 [pool-582-thread-1] INFO  segmented.SegmentedRaftLogWorker (SegmentedRaftLogWorker.java:lambda$new$0(135)) - 9c0bd176-fc91-437f-a400-955ac6fa2da9@group-0BCFA4854BE3-SegmentedRaftLogWorker: flushIndex: setUnconditionally 0 -> -1
2023-03-23 08:07:21,208 [pool-582-thread-1] INFO  segmented.SegmentedRaftLogWorker (SegmentedRaftLogWorker.java:lambda$new$0(135)) - 9c0bd176-fc91-437f-a400-955ac6fa2da9@group-0BCFA4854BE3-SegmentedRaftLogWorker: safeCacheEvictIndex: setUnconditionally 0 -> -1
2023-03-23 08:07:21,209 [pool-582-thread-1] INFO  server.RaftServer$Division (RaftServerImpl.java:start(334)) - 9c0bd176-fc91-437f-a400-955ac6fa2da9@group-0BCFA4854BE3: start as a follower, conf=-1: peers:[266f5cc7-0c64-4a72-9a4b-104b6d67fb98|rpc:10.1.0.214:41491|dataStream:10.1.0.214:46055|priority:1|startupRole:FOLLOWER, 6f5e3e4a-08bd-4bbb-984f-08bcbe860d90|rpc:10.1.0.214:39789|dataStream:10.1.0.214:40863|priority:0|startupRole:FOLLOWER, 9c0bd176-fc91-437f-a400-955ac6fa2da9|rpc:10.1.0.214:41819|dataStream:10.1.0.214:34391|priority:0|startupRole:FOLLOWER]|listeners:[], old=null
2023-03-23 08:07:21,209 [pool-582-thread-1] INFO  server.RaftServer$Division (RaftServerImpl.java:setRole(321)) - 9c0bd176-fc91-437f-a400-955ac6fa2da9@group-0BCFA4854BE3: changes role from      null to FOLLOWER at term 0 for startAsFollower
2023-03-23 08:07:21,209 [pool-582-thread-1] INFO  impl.RoleInfo (RoleInfo.java:updateAndGet(139)) - 9c0bd176-fc91-437f-a400-955ac6fa2da9: start 9c0bd176-fc91-437f-a400-955ac6fa2da9@group-0BCFA4854BE3-FollowerState
2023-03-23 08:07:21,209 [pool-582-thread-1] INFO  util.JmxRegister (JmxRegister.java:tryRegister(44)) - Successfully registered JMX Bean with object name Ratis:service=RaftServer,group=group-0BCFA4854BE3,id=9c0bd176-fc91-437f-a400-955ac6fa2da9
2023-03-23 08:07:21,209 [pool-582-thread-1] INFO  server.RaftServerConfigKeys (ConfUtils.java:logGet(46)) - raft.server.snapshot.auto.trigger.enabled = true (custom)
2023-03-23 08:07:21,209 [pool-582-thread-1] INFO  server.RaftServerConfigKeys (ConfUtils.java:logGet(46)) - raft.server.snapshot.auto.trigger.threshold = 10000 (custom)
2023-03-23 08:07:21,209 [pool-582-thread-1] INFO  server.RaftServerConfigKeys (ConfUtils.java:logGet(46)) - raft.server.snapshot.retention.file.num = 5 (custom)
2023-03-23 08:07:21,209 [pool-582-thread-1] INFO  server.RaftServerConfigKeys (ConfUtils.java:logGet(46)) - raft.server.log.purge.upto.snapshot.index = false (default)
2023-03-23 08:07:21,210 [9c0bd176-fc91-437f-a400-955ac6fa2da9@group-0BCFA4854BE3-FollowerState] INFO  server.RaftServerConfigKeys (ConfUtils.java:logFallback(53)) - raft.server.rpc.first-election.timeout.min = 5s (fallback to raft.server.rpc.timeout.min)
2023-03-23 08:07:21,210 [9c0bd176-fc91-437f-a400-955ac6fa2da9@group-0BCFA4854BE3-FollowerState] INFO  server.RaftServerConfigKeys (ConfUtils.java:logFallback(53)) - raft.server.rpc.first-election.timeout.max = 5200ms (fallback to raft.server.rpc.timeout.max)
2023-03-23 08:07:21,214 [Command processor thread] INFO  commandhandler.CreatePipelineCommandHandler (CreatePipelineCommandHandler.java:handle(113)) - Created Pipeline RATIS THREE PipelineID=6eee4ff1-84ef-4dfd-8419-0bcfa4854be3.
2023-03-23 08:07:21,238 [BlockDeletingService#2] INFO  interfaces.ContainerDeletionChoosingPolicyTemplate (ContainerDeletionChoosingPolicyTemplate.java:chooseContainerForBlockDeletion(83)) - Chosen 0/5000 blocks from 0 candidate containers.
2023-03-23 08:07:21,251 [SCMBlockDeletingService#0] DEBUG block.SCMBlockDeletingService (SCMBlockDeletingService.java:call(136)) - Running DeletedBlockTransactionScanner
2023-03-23 08:07:21,258 [BlockDeletingService#7] INFO  interfaces.ContainerDeletionChoosingPolicyTemplate (ContainerDeletionChoosingPolicyTemplate.java:chooseContainerForBlockDeletion(83)) - Chosen 0/5000 blocks from 0 candidate containers.
2023-03-23 08:07:21,258 [BlockDeletingService#8] INFO  interfaces.ContainerDeletionChoosingPolicyTemplate (ContainerDeletionChoosingPolicyTemplate.java:chooseContainerForBlockDeletion(83)) - Chosen 0/5000 blocks from 0 candidate containers.
2023-03-23 08:07:21,338 [BlockDeletingService#2] INFO  interfaces.ContainerDeletionChoosingPolicyTemplate (ContainerDeletionChoosingPolicyTemplate.java:chooseContainerForBlockDeletion(83)) - Chosen 0/5000 blocks from 0 candidate containers.
2023-03-23 08:07:21,351 [SCMBlockDeletingService#0] DEBUG block.SCMBlockDeletingService (SCMBlockDeletingService.java:call(136)) - Running DeletedBlockTransactionScanner
2023-03-23 08:07:21,358 [BlockDeletingService#7] INFO  interfaces.ContainerDeletionChoosingPolicyTemplate (ContainerDeletionChoosingPolicyTemplate.java:chooseContainerForBlockDeletion(83)) - Chosen 0/5000 blocks from 0 candidate containers.
2023-03-23 08:07:21,359 [BlockDeletingService#8] INFO  interfaces.ContainerDeletionChoosingPolicyTemplate (ContainerDeletionChoosingPolicyTemplate.java:chooseContainerForBlockDeletion(83)) - Chosen 0/5000 blocks from 0 candidate containers.
2023-03-23 08:07:21,438 [BlockDeletingService#2] INFO  interfaces.ContainerDeletionChoosingPolicyTemplate (ContainerDeletionChoosingPolicyTemplate.java:chooseContainerForBlockDeletion(83)) - Chosen 0/5000 blocks from 0 candidate containers.
2023-03-23 08:07:21,451 [SCMBlockDeletingService#0] DEBUG block.SCMBlockDeletingService (SCMBlockDeletingService.java:call(136)) - Running DeletedBlockTransactionScanner
2023-03-23 08:07:21,459 [BlockDeletingService#7] INFO  interfaces.ContainerDeletionChoosingPolicyTemplate (ContainerDeletionChoosingPolicyTemplate.java:chooseContainerForBlockDeletion(83)) - Chosen 0/5000 blocks from 0 candidate containers.
2023-03-23 08:07:21,459 [BlockDeletingService#8] INFO  interfaces.ContainerDeletionChoosingPolicyTemplate (ContainerDeletionChoosingPolicyTemplate.java:chooseContainerForBlockDeletion(83)) - Chosen 0/5000 blocks from 0 candidate containers.
2023-03-23 08:07:21,538 [BlockDeletingService#2] INFO  interfaces.ContainerDeletionChoosingPolicyTemplate (ContainerDeletionChoosingPolicyTemplate.java:chooseContainerForBlockDeletion(83)) - Chosen 0/5000 blocks from 0 candidate containers.
2023-03-23 08:07:21,551 [SCMBlockDeletingService#0] DEBUG block.SCMBlockDeletingService (SCMBlockDeletingService.java:call(136)) - Running DeletedBlockTransactionScanner
2023-03-23 08:07:21,559 [BlockDeletingService#7] INFO  interfaces.ContainerDeletionChoosingPolicyTemplate (ContainerDeletionChoosingPolicyTemplate.java:chooseContainerForBlockDeletion(83)) - Chosen 0/5000 blocks from 0 candidate containers.
2023-03-23 08:07:21,559 [BlockDeletingService#8] INFO  interfaces.ContainerDeletionChoosingPolicyTemplate (ContainerDeletionChoosingPolicyTemplate.java:chooseContainerForBlockDeletion(83)) - Chosen 0/5000 blocks from 0 candidate containers.
2023-03-23 08:07:21,639 [BlockDeletingService#2] INFO  interfaces.ContainerDeletionChoosingPolicyTemplate (ContainerDeletionChoosingPolicyTemplate.java:chooseContainerForBlockDeletion(83)) - Chosen 0/5000 blocks from 0 candidate containers.
2023-03-23 08:07:21,651 [SCMBlockDeletingService#0] DEBUG block.SCMBlockDeletingService (SCMBlockDeletingService.java:call(136)) - Running DeletedBlockTransactionScanner
2023-03-23 08:07:21,659 [BlockDeletingService#7] INFO  interfaces.ContainerDeletionChoosingPolicyTemplate (ContainerDeletionChoosingPolicyTemplate.java:chooseContainerForBlockDeletion(83)) - Chosen 0/5000 blocks from 0 candidate containers.
2023-03-23 08:07:21,659 [BlockDeletingService#8] INFO  interfaces.ContainerDeletionChoosingPolicyTemplate (ContainerDeletionChoosingPolicyTemplate.java:chooseContainerForBlockDeletion(83)) - Chosen 0/5000 blocks from 0 candidate containers.
2023-03-23 08:07:21,666 [Listener at 127.0.0.1/35553] INFO  ozone.MiniOzoneClusterImpl (MiniOzoneClusterImpl.java:lambda$waitForClusterToBeReady$0(222)) - Nodes are ready. Got 3 of 3 DN Heartbeats.
2023-03-23 08:07:21,667 [Listener at 127.0.0.1/35553] INFO  ozone.MiniOzoneClusterImpl (MiniOzoneClusterImpl.java:lambda$waitForClusterToBeReady$0(225)) - Cluster exits safe mode
2023-03-23 08:07:21,667 [Listener at 127.0.0.1/35553] INFO  ozone.MiniOzoneClusterImpl (MiniOzoneClusterImpl.java:lambda$waitForClusterToBeReady$0(227)) - SCM became leader
2023-03-23 08:07:21,667 [Listener at 127.0.0.1/35553] INFO  commandhandler.TestBlockDeletion (TestBlockDeletion.java:testBlockDeletion(293)) - numBlockDeletionTransactionCreated = 3	numBlockDeletionTransactionCompleted = 3	numBlockDeletionCommandSent = 18	numBlockDeletionCommandSuccess = 13	numBlockDeletionCommandFailure = 0	numBlockDeletionTransactionSent = 54	numBlockDeletionTransactionSuccess = 39	numBlockDeletionTransactionFailure = 0
2023-03-23 08:07:21,692 [Listener at 127.0.0.1/35553] INFO  ozone.MiniOzoneClusterImpl (MiniOzoneClusterImpl.java:shutdown(455)) - Shutting down the Mini Ozone Cluster
2023-03-23 08:07:21,692 [Listener at 127.0.0.1/35553] INFO  ozone.MiniOzoneClusterImpl (MiniOzoneClusterImpl.java:stop(471)) - Stopping the Mini Ozone Cluster
2023-03-23 08:07:21,693 [Listener at 127.0.0.1/35553] INFO  ozone.MiniOzoneClusterImpl (MiniOzoneClusterImpl.java:stopOM(553)) - Stopping the OzoneManager
2023-03-23 08:07:21,693 [Listener at 127.0.0.1/35553] INFO  om.OzoneManager (OzoneManager.java:stop(2155)) - om1[localhost:0]: Stopping Ozone Manager
2023-03-23 08:07:21,693 [Listener at 127.0.0.1/35553] INFO  ipc.Server (Server.java:stop(3428)) - Stopping server on 35553
2023-03-23 08:07:21,700 [IPC Server Responder] INFO  ipc.Server (Server.java:run(1517)) - Stopping IPC Server Responder
2023-03-23 08:07:21,700 [IPC Server listener on 0] INFO  ipc.Server (Server.java:run(1384)) - Stopping IPC Server listener on 0
2023-03-23 08:07:21,701 [Listener at 127.0.0.1/35553] INFO  server.RaftServer (RaftServerProxy.java:lambda$close$6(409)) - om1: close
2023-03-23 08:07:21,701 [Listener at 127.0.0.1/35553] INFO  server.GrpcService (GrpcService.java:closeImpl(271)) - om1: shutdown server GrpcServerProtocolService now
2023-03-23 08:07:21,702 [Listener at 127.0.0.1/35553] INFO  server.GrpcService (GrpcService.java:closeImpl(280)) - om1: shutdown server GrpcServerProtocolService successfully
2023-03-23 08:07:21,703 [om1-impl-thread1] INFO  server.RaftServer$Division (RaftServerImpl.java:lambda$close$4(458)) - om1@group-C5BA1605619E: shutdown
2023-03-23 08:07:21,703 [om1-impl-thread1] INFO  util.JmxRegister (JmxRegister.java:unregister(73)) - Successfully un-registered JMX Bean with object name Ratis:service=RaftServer,group=group-C5BA1605619E,id=om1
2023-03-23 08:07:21,703 [om1-impl-thread1] INFO  impl.RoleInfo (RoleInfo.java:shutdownLeaderState(93)) - om1: shutdown om1@group-C5BA1605619E-LeaderStateImpl
2023-03-23 08:07:21,703 [om1-impl-thread1] INFO  impl.PendingRequests (PendingRequests.java:sendNotLeaderResponses(282)) - om1@group-C5BA1605619E-PendingRequests: sendNotLeaderResponses
2023-03-23 08:07:21,714 [om1-impl-thread1] INFO  impl.StateMachineUpdater (StateMachineUpdater.java:stopAndJoin(153)) - om1@group-C5BA1605619E-StateMachineUpdater: set stopIndex = 16
2023-03-23 08:07:21,714 [om1@group-C5BA1605619E-StateMachineUpdater] INFO  ratis.OzoneManagerStateMachine (OzoneManagerStateMachine.java:takeSnapshot(445)) - Current Snapshot Index (t:1, i:16)
2023-03-23 08:07:21,739 [om1@group-C5BA1605619E-StateMachineUpdater] INFO  impl.StateMachineUpdater (StateMachineUpdater.java:takeSnapshot(287)) - om1@group-C5BA1605619E-StateMachineUpdater: Took a snapshot at index 16
2023-03-23 08:07:21,739 [BlockDeletingService#2] INFO  interfaces.ContainerDeletionChoosingPolicyTemplate (ContainerDeletionChoosingPolicyTemplate.java:chooseContainerForBlockDeletion(83)) - Chosen 0/5000 blocks from 0 candidate containers.
2023-03-23 08:07:21,739 [om1@group-C5BA1605619E-StateMachineUpdater] INFO  impl.StateMachineUpdater (StateMachineUpdater.java:lambda$new$0(92)) - om1@group-C5BA1605619E-StateMachineUpdater: snapshotIndex: updateIncreasingly -1 -> 16
2023-03-23 08:07:21,739 [om1@group-C5BA1605619E-StateMachineUpdater] INFO  ratis.OzoneManagerStateMachine (OzoneManagerStateMachine.java:close(499)) - StateMachine has shutdown. Shutdown OzoneManager if not already shutdown.
2023-03-23 08:07:21,739 [om1@group-C5BA1605619E-StateMachineUpdater] INFO  ratis.OzoneManagerDoubleBuffer (OzoneManagerDoubleBuffer.java:stopDaemon(540)) - Stopping OMDoubleBuffer flush thread
2023-03-23 08:07:21,740 [OMDoubleBufferFlushThread] INFO  ratis.OzoneManagerDoubleBuffer (OzoneManagerDoubleBuffer.java:canFlush(625)) - OMDoubleBuffer flush thread OMDoubleBufferFlushThread is interrupted and will exit.
2023-03-23 08:07:21,741 [om1-impl-thread1] INFO  server.RaftServer$Division (ServerState.java:close(466)) - om1@group-C5BA1605619E: closes. applyIndex: 16
2023-03-23 08:07:21,741 [om1@group-C5BA1605619E-SegmentedRaftLogWorker] INFO  segmented.SegmentedRaftLogWorker (SegmentedRaftLogWorker.java:run(347)) - om1@group-C5BA1605619E-SegmentedRaftLogWorker was interrupted, exiting. There are 0 tasks remaining in the queue.
2023-03-23 08:07:21,752 [om1-impl-thread1] INFO  segmented.SegmentedRaftLogWorker (SegmentedRaftLogWorker.java:close(257)) - om1@group-C5BA1605619E-SegmentedRaftLogWorker close()
2023-03-23 08:07:21,752 [SCMBlockDeletingService#0] DEBUG block.SCMBlockDeletingService (SCMBlockDeletingService.java:call(136)) - Running DeletedBlockTransactionScanner
2023-03-23 08:07:21,752 [JvmPauseMonitor13] INFO  util.JvmPauseMonitor (JvmPauseMonitor.java:run(111)) - JvmPauseMonitor-om1: Stopped
2023-03-23 08:07:21,752 [Listener at 127.0.0.1/35553] INFO  ratis.OzoneManagerStateMachine (OzoneManagerStateMachine.java:close(499)) - StateMachine has shutdown. Shutdown OzoneManager if not already shutdown.
2023-03-23 08:07:21,753 [Listener at 127.0.0.1/35553] INFO  ratis.OzoneManagerDoubleBuffer (OzoneManagerDoubleBuffer.java:stopDaemon(549)) - OMDoubleBuffer flush thread is not running.
2023-03-23 08:07:21,755 [KeyDeletingService#0] WARN  utils.BackgroundService (BackgroundService.java:lambda$run$0(126)) - Background task execution failed
java.lang.NullPointerException
	at org.apache.hadoop.ozone.om.OzoneManager.isLeaderReady(OzoneManager.java:3921)
	at org.apache.hadoop.ozone.om.service.KeyDeletingService.shouldRun(KeyDeletingService.java:134)
	at org.apache.hadoop.ozone.om.service.KeyDeletingService.access$0(KeyDeletingService.java:129)
	at org.apache.hadoop.ozone.om.service.KeyDeletingService$KeyDeletingTask.call(KeyDeletingService.java:162)
	at org.apache.hadoop.hdds.utils.BackgroundService$PeriodicalTask.lambda$run$0(BackgroundService.java:121)
	at java.util.concurrent.CompletableFuture$AsyncRun.run(CompletableFuture.java:1640)
	at java.util.concurrent.Executors$RunnableAdapter.call(Executors.java:511)
	at java.util.concurrent.FutureTask.run(FutureTask.java:266)
	at java.util.concurrent.ScheduledThreadPoolExecutor$ScheduledFutureTask.access$201(ScheduledThreadPoolExecutor.java:180)
	at java.util.concurrent.ScheduledThreadPoolExecutor$ScheduledFutureTask.run(ScheduledThreadPoolExecutor.java:293)
	at java.util.concurrent.ThreadPoolExecutor.runWorker(ThreadPoolExecutor.java:1149)
	at java.util.concurrent.ThreadPoolExecutor$Worker.run(ThreadPoolExecutor.java:624)
	at java.lang.Thread.run(Thread.java:750)
2023-03-23 08:07:21,756 [Listener at 127.0.0.1/35553] INFO  utils.BackgroundService (BackgroundService.java:shutdown(141)) - Shutting down service KeyDeletingService
2023-03-23 08:07:21,757 [Listener at 127.0.0.1/35553] INFO  utils.BackgroundService (BackgroundService.java:shutdown(141)) - Shutting down service DirectoryDeletingService
2023-03-23 08:07:21,758 [Listener at 127.0.0.1/35553] INFO  utils.BackgroundService (BackgroundService.java:shutdown(141)) - Shutting down service OpenKeyCleanupService
2023-03-23 08:07:21,758 [Listener at 127.0.0.1/35553] INFO  utils.BackgroundService (BackgroundService.java:shutdown(141)) - Shutting down service SstFilteringService
2023-03-23 08:07:21,759 [Listener at 127.0.0.1/35553] INFO  utils.BackgroundService (BackgroundService.java:shutdown(141)) - Shutting down service SnapshotDeletingService
2023-03-23 08:07:21,759 [BlockDeletingService#7] INFO  interfaces.ContainerDeletionChoosingPolicyTemplate (ContainerDeletionChoosingPolicyTemplate.java:chooseContainerForBlockDeletion(83)) - Chosen 0/5000 blocks from 0 candidate containers.
2023-03-23 08:07:21,759 [BlockDeletingService#8] INFO  interfaces.ContainerDeletionChoosingPolicyTemplate (ContainerDeletionChoosingPolicyTemplate.java:chooseContainerForBlockDeletion(83)) - Chosen 0/5000 blocks from 0 candidate containers.
2023-03-23 08:07:21,761 [Listener at 127.0.0.1/35553] INFO  handler.ContextHandler (ContextHandler.java:doStop(1159)) - Stopped o.e.j.w.WebAppContext@683fe5a5{ozoneManager,/,null,STOPPED}{file:/home/runner/work/ozone/ozone/hadoop-ozone/integration-test/target/test-classes/webapps/ozoneManager}
2023-03-23 08:07:21,762 [Listener at 127.0.0.1/35553] INFO  server.AbstractConnector (AbstractConnector.java:doStop(383)) - Stopped ServerConnector@8a51c4e{HTTP/1.1, (http/1.1)}{0.0.0.0:0}
2023-03-23 08:07:21,763 [Listener at 127.0.0.1/35553] INFO  server.session (HouseKeeper.java:stopScavenging(149)) - node0 Stopped scavenging
2023-03-23 08:07:21,763 [Listener at 127.0.0.1/35553] INFO  handler.ContextHandler (ContextHandler.java:doStop(1159)) - Stopped o.e.j.s.ServletContextHandler@6678a63c{static,/static,file:///home/runner/work/ozone/ozone/hadoop-ozone/integration-test/target/test-classes/webapps/static,STOPPED}
2023-03-23 08:07:21,763 [Listener at 127.0.0.1/35553] INFO  handler.ContextHandler (ContextHandler.java:doStop(1159)) - Stopped o.e.j.s.ServletContextHandler@59a9fe18{logs,/logs,file:///home/runner/work/ozone/ozone/hadoop-ozone/integration-test/target/log,STOPPED}
2023-03-23 08:07:21,773 [Listener at 127.0.0.1/35553] INFO  ozone.MiniOzoneClusterImpl (MiniOzoneClusterImpl.java:stopDatanodes(530)) - Stopping the HddsDatanodes
2023-03-23 08:07:21,777 [ForkJoinPool.commonPool-worker-1] INFO  ozoneimpl.OzoneContainer (OzoneContainer.java:stop(423)) - Attempting to stop container services.
2023-03-23 08:07:21,777 [ForkJoinPool.commonPool-worker-1] INFO  server.RaftServer (RaftServerProxy.java:lambda$close$6(409)) - 266f5cc7-0c64-4a72-9a4b-104b6d67fb98: close
2023-03-23 08:07:21,777 [266f5cc7-0c64-4a72-9a4b-104b6d67fb98-impl-thread1] INFO  server.RaftServer$Division (RaftServerImpl.java:lambda$close$4(458)) - 266f5cc7-0c64-4a72-9a4b-104b6d67fb98@group-FA29D6D30D5D: shutdown
2023-03-23 08:07:21,778 [266f5cc7-0c64-4a72-9a4b-104b6d67fb98-impl-thread1] INFO  util.JmxRegister (JmxRegister.java:unregister(73)) - Successfully un-registered JMX Bean with object name Ratis:service=RaftServer,group=group-FA29D6D30D5D,id=266f5cc7-0c64-4a72-9a4b-104b6d67fb98
2023-03-23 08:07:21,778 [266f5cc7-0c64-4a72-9a4b-104b6d67fb98-impl-thread1] INFO  impl.RoleInfo (RoleInfo.java:shutdownFollowerState(110)) - 266f5cc7-0c64-4a72-9a4b-104b6d67fb98: shutdown 266f5cc7-0c64-4a72-9a4b-104b6d67fb98@group-FA29D6D30D5D-FollowerState
2023-03-23 08:07:21,781 [ForkJoinPool.commonPool-worker-1] INFO  server.GrpcService (GrpcService.java:closeImpl(271)) - 266f5cc7-0c64-4a72-9a4b-104b6d67fb98: shutdown server GrpcServerProtocolService now
2023-03-23 08:07:21,788 [266f5cc7-0c64-4a72-9a4b-104b6d67fb98-impl-thread1] INFO  impl.StateMachineUpdater (StateMachineUpdater.java:stopAndJoin(153)) - 266f5cc7-0c64-4a72-9a4b-104b6d67fb98@group-FA29D6D30D5D-StateMachineUpdater: set stopIndex = 2
2023-03-23 08:07:21,788 [266f5cc7-0c64-4a72-9a4b-104b6d67fb98@group-FA29D6D30D5D-FollowerState] INFO  impl.FollowerState (FollowerState.java:run(152)) - 266f5cc7-0c64-4a72-9a4b-104b6d67fb98@group-FA29D6D30D5D-FollowerState was interrupted
2023-03-23 08:07:21,788 [266f5cc7-0c64-4a72-9a4b-104b6d67fb98@group-FA29D6D30D5D-StateMachineUpdater] INFO  ratis.ContainerStateMachine (ContainerStateMachine.java:takeSnapshot(330)) - group-FA29D6D30D5D: Taking a snapshot at:(t:2, i:2) file /home/runner/work/ozone/ozone/hadoop-ozone/integration-test/target/test-dir/MiniOzoneClusterImpl-31e8183b-455c-41dd-a5db-82de5ef729db/datanode-0/data/ratis/67437f06-9c9b-4aec-aa9f-fa29d6d30d5d/sm/snapshot.2_2
2023-03-23 08:07:21,789 [266f5cc7-0c64-4a72-9a4b-104b6d67fb98-impl-thread2] INFO  server.RaftServer$Division (RaftServerImpl.java:lambda$close$4(458)) - 266f5cc7-0c64-4a72-9a4b-104b6d67fb98@group-0BCFA4854BE3: shutdown
2023-03-23 08:07:21,789 [Listener at 127.0.0.1/35553] INFO  ozoneimpl.OzoneContainer (OzoneContainer.java:stop(423)) - Attempting to stop container services.
2023-03-23 08:07:21,789 [266f5cc7-0c64-4a72-9a4b-104b6d67fb98@group-FA29D6D30D5D-StateMachineUpdater] INFO  ratis.ContainerStateMachine (ContainerStateMachine.java:takeSnapshot(341)) - group-FA29D6D30D5D: Finished taking a snapshot at:(t:2, i:2) file:/home/runner/work/ozone/ozone/hadoop-ozone/integration-test/target/test-dir/MiniOzoneClusterImpl-31e8183b-455c-41dd-a5db-82de5ef729db/datanode-0/data/ratis/67437f06-9c9b-4aec-aa9f-fa29d6d30d5d/sm/snapshot.2_2 took: 2 ms
2023-03-23 08:07:21,791 [266f5cc7-0c64-4a72-9a4b-104b6d67fb98@group-FA29D6D30D5D-StateMachineUpdater] INFO  impl.StateMachineUpdater (StateMachineUpdater.java:takeSnapshot(287)) - 266f5cc7-0c64-4a72-9a4b-104b6d67fb98@group-FA29D6D30D5D-StateMachineUpdater: Took a snapshot at index 2
2023-03-23 08:07:21,791 [266f5cc7-0c64-4a72-9a4b-104b6d67fb98@group-FA29D6D30D5D-StateMachineUpdater] INFO  impl.StateMachineUpdater (StateMachineUpdater.java:lambda$new$0(92)) - 266f5cc7-0c64-4a72-9a4b-104b6d67fb98@group-FA29D6D30D5D-StateMachineUpdater: snapshotIndex: updateIncreasingly 0 -> 2
2023-03-23 08:07:21,793 [266f5cc7-0c64-4a72-9a4b-104b6d67fb98-impl-thread1] INFO  server.RaftServer$Division (ServerState.java:close(466)) - 266f5cc7-0c64-4a72-9a4b-104b6d67fb98@group-FA29D6D30D5D: closes. applyIndex: 2
2023-03-23 08:07:21,793 [266f5cc7-0c64-4a72-9a4b-104b6d67fb98@group-FA29D6D30D5D-SegmentedRaftLogWorker] INFO  segmented.SegmentedRaftLogWorker (SegmentedRaftLogWorker.java:run(347)) - 266f5cc7-0c64-4a72-9a4b-104b6d67fb98@group-FA29D6D30D5D-SegmentedRaftLogWorker was interrupted, exiting. There are 0 tasks remaining in the queue.
2023-03-23 08:07:21,794 [266f5cc7-0c64-4a72-9a4b-104b6d67fb98-impl-thread2] INFO  util.JmxRegister (JmxRegister.java:unregister(73)) - Successfully un-registered JMX Bean with object name Ratis:service=RaftServer,group=group-0BCFA4854BE3,id=266f5cc7-0c64-4a72-9a4b-104b6d67fb98
2023-03-23 08:07:21,794 [266f5cc7-0c64-4a72-9a4b-104b6d67fb98-impl-thread2] INFO  impl.RoleInfo (RoleInfo.java:shutdownFollowerState(110)) - 266f5cc7-0c64-4a72-9a4b-104b6d67fb98: shutdown 266f5cc7-0c64-4a72-9a4b-104b6d67fb98@group-0BCFA4854BE3-FollowerState
2023-03-23 08:07:21,794 [266f5cc7-0c64-4a72-9a4b-104b6d67fb98@group-0BCFA4854BE3-FollowerState] INFO  impl.FollowerState (FollowerState.java:run(152)) - 266f5cc7-0c64-4a72-9a4b-104b6d67fb98@group-0BCFA4854BE3-FollowerState was interrupted
2023-03-23 08:07:21,794 [266f5cc7-0c64-4a72-9a4b-104b6d67fb98-impl-thread2] INFO  impl.StateMachineUpdater (StateMachineUpdater.java:stopAndJoin(153)) - 266f5cc7-0c64-4a72-9a4b-104b6d67fb98@group-0BCFA4854BE3-StateMachineUpdater: set stopIndex = -1
2023-03-23 08:07:21,800 [266f5cc7-0c64-4a72-9a4b-104b6d67fb98-impl-thread1] INFO  segmented.SegmentedRaftLogWorker (SegmentedRaftLogWorker.java:close(257)) - 266f5cc7-0c64-4a72-9a4b-104b6d67fb98@group-FA29D6D30D5D-SegmentedRaftLogWorker close()
2023-03-23 08:07:21,801 [grpc-default-executor-6] WARN  server.GrpcServerProtocolService (LogUtils.java:warn(122)) - 266f5cc7-0c64-4a72-9a4b-104b6d67fb98: installSnapshot onError, lastRequest: 6f5e3e4a-08bd-4bbb-984f-08bcbe860d90->266f5cc7-0c64-4a72-9a4b-104b6d67fb98#2282111-t2,previous=(t:2, i:1),leaderCommit=2,initializing? true,entries: size=1, first=(t:2, i:2), METADATAENTRY(c:1): org.apache.ratis.thirdparty.io.grpc.StatusRuntimeException: CANCELLED: client cancelled
2023-03-23 08:07:21,801 [grpc-default-executor-3] WARN  server.GrpcServerProtocolService (LogUtils.java:warn(122)) - 266f5cc7-0c64-4a72-9a4b-104b6d67fb98: installSnapshot onError, lastRequest: null: org.apache.ratis.thirdparty.io.grpc.StatusRuntimeException: CANCELLED: client cancelled
2023-03-23 08:07:21,801 [ForkJoinPool.commonPool-worker-1] INFO  server.GrpcService (GrpcService.java:closeImpl(280)) - 266f5cc7-0c64-4a72-9a4b-104b6d67fb98: shutdown server GrpcServerProtocolService successfully
2023-03-23 08:07:21,802 [266f5cc7-0c64-4a72-9a4b-104b6d67fb98-NettyServerStreamRpc-bossGroup--thread1] INFO  logging.LoggingHandler (AbstractInternalLogger.java:log(148)) - [id: 0x6e4248b3, L:/0:0:0:0:0:0:0:0:37071] CLOSE
2023-03-23 08:07:21,802 [266f5cc7-0c64-4a72-9a4b-104b6d67fb98-NettyServerStreamRpc-bossGroup--thread1] INFO  logging.LoggingHandler (AbstractInternalLogger.java:log(148)) - [id: 0x6e4248b3, L:/0:0:0:0:0:0:0:0:37071] INACTIVE
2023-03-23 08:07:21,802 [266f5cc7-0c64-4a72-9a4b-104b6d67fb98-NettyServerStreamRpc-bossGroup--thread1] INFO  logging.LoggingHandler (AbstractInternalLogger.java:log(148)) - [id: 0x6e4248b3, L:/0:0:0:0:0:0:0:0:37071] UNREGISTERED
2023-03-23 08:07:21,803 [grpc-default-executor-0] WARN  server.GrpcLogAppender (LogUtils.java:warn(122)) - 6f5e3e4a-08bd-4bbb-984f-08bcbe860d90@group-FA29D6D30D5D->266f5cc7-0c64-4a72-9a4b-104b6d67fb98-AppendLogResponseHandler: Failed appendEntries: org.apache.ratis.thirdparty.io.grpc.StatusRuntimeException: CANCELLED: RST_STREAM closed stream. HTTP/2 error code: CANCEL
2023-03-23 08:07:21,803 [grpc-default-executor-0] INFO  leader.FollowerInfo (FollowerInfoImpl.java:lambda$new$0(48)) - 6f5e3e4a-08bd-4bbb-984f-08bcbe860d90@group-FA29D6D30D5D->266f5cc7-0c64-4a72-9a4b-104b6d67fb98: nextIndex: updateUnconditionally 3 -> 2
2023-03-23 08:07:21,804 [grpc-default-executor-3] WARN  server.GrpcLogAppender (LogUtils.java:warn(122)) - 6f5e3e4a-08bd-4bbb-984f-08bcbe860d90@group-FA29D6D30D5D->266f5cc7-0c64-4a72-9a4b-104b6d67fb98-AppendLogResponseHandler: Failed appendEntries: org.apache.ratis.thirdparty.io.grpc.StatusRuntimeException: CANCELLED: RST_STREAM closed stream. HTTP/2 error code: CANCEL
2023-03-23 08:07:21,804 [grpc-default-executor-3] INFO  leader.FollowerInfo (FollowerInfoImpl.java:lambda$new$0(48)) - 6f5e3e4a-08bd-4bbb-984f-08bcbe860d90@group-FA29D6D30D5D->266f5cc7-0c64-4a72-9a4b-104b6d67fb98: nextIndex: updateUnconditionally 2 -> 1
2023-03-23 08:07:21,804 [266f5cc7-0c64-4a72-9a4b-104b6d67fb98-impl-thread2] INFO  server.RaftServer$Division (ServerState.java:close(466)) - 266f5cc7-0c64-4a72-9a4b-104b6d67fb98@group-0BCFA4854BE3: closes. applyIndex: -1
2023-03-23 08:07:21,814 [266f5cc7-0c64-4a72-9a4b-104b6d67fb98@group-0BCFA4854BE3-SegmentedRaftLogWorker] INFO  segmented.SegmentedRaftLogWorker (SegmentedRaftLogWorker.java:run(347)) - 266f5cc7-0c64-4a72-9a4b-104b6d67fb98@group-0BCFA4854BE3-SegmentedRaftLogWorker was interrupted, exiting. There are 0 tasks remaining in the queue.
2023-03-23 08:07:21,814 [266f5cc7-0c64-4a72-9a4b-104b6d67fb98-impl-thread2] INFO  segmented.SegmentedRaftLogWorker (SegmentedRaftLogWorker.java:close(257)) - 266f5cc7-0c64-4a72-9a4b-104b6d67fb98@group-0BCFA4854BE3-SegmentedRaftLogWorker close()
2023-03-23 08:07:21,826 [grpc-default-executor-3] WARN  server.GrpcLogAppender (LogUtils.java:warn(122)) - 6f5e3e4a-08bd-4bbb-984f-08bcbe860d90@group-FA29D6D30D5D->266f5cc7-0c64-4a72-9a4b-104b6d67fb98-AppendLogResponseHandler: Failed appendEntries: org.apache.ratis.thirdparty.io.grpc.StatusRuntimeException: UNAVAILABLE: io exception
2023-03-23 08:07:21,826 [grpc-default-executor-6] WARN  server.GrpcLogAppender (LogUtils.java:warn(122)) - 6f5e3e4a-08bd-4bbb-984f-08bcbe860d90@group-FA29D6D30D5D->266f5cc7-0c64-4a72-9a4b-104b6d67fb98-AppendLogResponseHandler: Failed appendEntries: org.apache.ratis.thirdparty.io.grpc.StatusRuntimeException: UNAVAILABLE: io exception
2023-03-23 08:07:21,816 [Listener at 127.0.0.1/35553] INFO  server.RaftServer (RaftServerProxy.java:lambda$close$6(409)) - 6f5e3e4a-08bd-4bbb-984f-08bcbe860d90: close
2023-03-23 08:07:21,831 [6f5e3e4a-08bd-4bbb-984f-08bcbe860d90-impl-thread1] INFO  server.RaftServer$Division (RaftServerImpl.java:lambda$close$4(458)) - 6f5e3e4a-08bd-4bbb-984f-08bcbe860d90@group-FA29D6D30D5D: shutdown
2023-03-23 08:07:21,831 [6f5e3e4a-08bd-4bbb-984f-08bcbe860d90-impl-thread1] INFO  util.JmxRegister (JmxRegister.java:unregister(73)) - Successfully un-registered JMX Bean with object name Ratis:service=RaftServer,group=group-FA29D6D30D5D,id=6f5e3e4a-08bd-4bbb-984f-08bcbe860d90
2023-03-23 08:07:21,831 [6f5e3e4a-08bd-4bbb-984f-08bcbe860d90-impl-thread1] INFO  impl.RoleInfo (RoleInfo.java:shutdownLeaderState(93)) - 6f5e3e4a-08bd-4bbb-984f-08bcbe860d90: shutdown 6f5e3e4a-08bd-4bbb-984f-08bcbe860d90@group-FA29D6D30D5D-LeaderStateImpl
2023-03-23 08:07:21,830 [JvmPauseMonitor17] INFO  util.JvmPauseMonitor (JvmPauseMonitor.java:run(111)) - JvmPauseMonitor-266f5cc7-0c64-4a72-9a4b-104b6d67fb98: Stopped
2023-03-23 08:07:21,831 [Listener at 127.0.0.1/35553] INFO  server.GrpcService (GrpcService.java:closeImpl(271)) - 6f5e3e4a-08bd-4bbb-984f-08bcbe860d90: shutdown server GrpcServerProtocolService now
2023-03-23 08:07:21,831 [6f5e3e4a-08bd-4bbb-984f-08bcbe860d90-impl-thread2] INFO  server.RaftServer$Division (RaftServerImpl.java:lambda$close$4(458)) - 6f5e3e4a-08bd-4bbb-984f-08bcbe860d90@group-0BCFA4854BE3: shutdown
2023-03-23 08:07:21,831 [6f5e3e4a-08bd-4bbb-984f-08bcbe860d90-impl-thread2] INFO  util.JmxRegister (JmxRegister.java:unregister(73)) - Successfully un-registered JMX Bean with object name Ratis:service=RaftServer,group=group-0BCFA4854BE3,id=6f5e3e4a-08bd-4bbb-984f-08bcbe860d90
2023-03-23 08:07:21,831 [6f5e3e4a-08bd-4bbb-984f-08bcbe860d90-impl-thread2] INFO  impl.RoleInfo (RoleInfo.java:shutdownFollowerState(110)) - 6f5e3e4a-08bd-4bbb-984f-08bcbe860d90: shutdown 6f5e3e4a-08bd-4bbb-984f-08bcbe860d90@group-0BCFA4854BE3-FollowerState
2023-03-23 08:07:21,831 [6f5e3e4a-08bd-4bbb-984f-08bcbe860d90@group-0BCFA4854BE3-FollowerState] INFO  impl.FollowerState (FollowerState.java:run(152)) - 6f5e3e4a-08bd-4bbb-984f-08bcbe860d90@group-0BCFA4854BE3-FollowerState was interrupted
2023-03-23 08:07:21,832 [grpc-default-executor-3] INFO  leader.FollowerInfo (FollowerInfoImpl.java:lambda$new$0(48)) - 6f5e3e4a-08bd-4bbb-984f-08bcbe860d90@group-FA29D6D30D5D->266f5cc7-0c64-4a72-9a4b-104b6d67fb98: nextIndex: updateUnconditionally 2 -> 1
2023-03-23 08:07:21,833 [6f5e3e4a-08bd-4bbb-984f-08bcbe860d90-impl-thread1] INFO  impl.PendingRequests (PendingRequests.java:sendNotLeaderResponses(282)) - 6f5e3e4a-08bd-4bbb-984f-08bcbe860d90@group-FA29D6D30D5D-PendingRequests: sendNotLeaderResponses
2023-03-23 08:07:21,833 [6f5e3e4a-08bd-4bbb-984f-08bcbe860d90@group-FA29D6D30D5D->9c0bd176-fc91-437f-a400-955ac6fa2da9-GrpcLogAppender-LogAppenderDaemon] WARN  server.GrpcLogAppender (GrpcLogAppender.java:mayWait(200)) - 6f5e3e4a-08bd-4bbb-984f-08bcbe860d90@group-FA29D6D30D5D->9c0bd176-fc91-437f-a400-955ac6fa2da9-GrpcLogAppender: Wait interrupted by java.lang.InterruptedException
2023-03-23 08:07:21,833 [6f5e3e4a-08bd-4bbb-984f-08bcbe860d90@group-FA29D6D30D5D->266f5cc7-0c64-4a72-9a4b-104b6d67fb98-GrpcLogAppender-LogAppenderDaemon] WARN  server.GrpcLogAppender (GrpcLogAppender.java:mayWait(200)) - 6f5e3e4a-08bd-4bbb-984f-08bcbe860d90@group-FA29D6D30D5D->266f5cc7-0c64-4a72-9a4b-104b6d67fb98-GrpcLogAppender: Wait interrupted by java.lang.InterruptedException
2023-03-23 08:07:21,833 [grpc-default-executor-6] INFO  leader.FollowerInfo (FollowerInfoImpl.java:lambda$new$0(48)) - 6f5e3e4a-08bd-4bbb-984f-08bcbe860d90@group-FA29D6D30D5D->266f5cc7-0c64-4a72-9a4b-104b6d67fb98: nextIndex: updateUnconditionally 1 -> 0
2023-03-23 08:07:21,837 [6f5e3e4a-08bd-4bbb-984f-08bcbe860d90-impl-thread2] INFO  impl.StateMachineUpdater (StateMachineUpdater.java:stopAndJoin(153)) - 6f5e3e4a-08bd-4bbb-984f-08bcbe860d90@group-0BCFA4854BE3-StateMachineUpdater: set stopIndex = -1
2023-03-23 08:07:21,840 [6f5e3e4a-08bd-4bbb-984f-08bcbe860d90-impl-thread1] INFO  impl.StateMachineUpdater (StateMachineUpdater.java:stopAndJoin(153)) - 6f5e3e4a-08bd-4bbb-984f-08bcbe860d90@group-FA29D6D30D5D-StateMachineUpdater: set stopIndex = 2
2023-03-23 08:07:21,840 [BlockDeletingService#2] INFO  interfaces.ContainerDeletionChoosingPolicyTemplate (ContainerDeletionChoosingPolicyTemplate.java:chooseContainerForBlockDeletion(83)) - Chosen 0/5000 blocks from 0 candidate containers.
2023-03-23 08:07:21,838 [grpc-default-executor-6] INFO  server.GrpcServerProtocolService (GrpcServerProtocolService.java:onCompleted(143)) - 9c0bd176-fc91-437f-a400-955ac6fa2da9: Completed APPEND_ENTRIES, lastRequest: 6f5e3e4a-08bd-4bbb-984f-08bcbe860d90->9c0bd176-fc91-437f-a400-955ac6fa2da9#2-t2,previous=(t:2, i:1),leaderCommit=1,initializing? true,entries: size=1, first=(t:2, i:2), METADATAENTRY(c:1)
2023-03-23 08:07:21,841 [grpc-default-executor-3] INFO  server.GrpcServerProtocolService (GrpcServerProtocolService.java:onCompleted(143)) - 9c0bd176-fc91-437f-a400-955ac6fa2da9: Completed APPEND_ENTRIES, lastRequest: null
2023-03-23 08:07:21,837 [Listener at 127.0.0.1/35553] INFO  server.GrpcServerProtocolClient (GrpcServerProtocolClient.java:close(101)) - 266f5cc7-0c64-4a72-9a4b-104b6d67fb98 Close channels
2023-03-23 08:07:21,841 [6f5e3e4a-08bd-4bbb-984f-08bcbe860d90-impl-thread2] INFO  server.RaftServer$Division (ServerState.java:close(466)) - 6f5e3e4a-08bd-4bbb-984f-08bcbe860d90@group-0BCFA4854BE3: closes. applyIndex: -1
2023-03-23 08:07:21,841 [grpc-default-executor-0] INFO  server.GrpcLogAppender (GrpcLogAppender.java:onCompleted(415)) - 6f5e3e4a-08bd-4bbb-984f-08bcbe860d90@group-FA29D6D30D5D->9c0bd176-fc91-437f-a400-955ac6fa2da9-AppendLogResponseHandler: follower responses appendEntries COMPLETED
2023-03-23 08:07:21,841 [6f5e3e4a-08bd-4bbb-984f-08bcbe860d90@group-0BCFA4854BE3-SegmentedRaftLogWorker] INFO  segmented.SegmentedRaftLogWorker (SegmentedRaftLogWorker.java:run(347)) - 6f5e3e4a-08bd-4bbb-984f-08bcbe860d90@group-0BCFA4854BE3-SegmentedRaftLogWorker was interrupted, exiting. There are 0 tasks remaining in the queue.
2023-03-23 08:07:21,841 [grpc-default-executor-5] INFO  server.GrpcLogAppender (GrpcLogAppender.java:onCompleted(415)) - 6f5e3e4a-08bd-4bbb-984f-08bcbe860d90@group-FA29D6D30D5D->9c0bd176-fc91-437f-a400-955ac6fa2da9-AppendLogResponseHandler: follower responses appendEntries COMPLETED
2023-03-23 08:07:21,841 [6f5e3e4a-08bd-4bbb-984f-08bcbe860d90@group-FA29D6D30D5D-StateMachineUpdater] INFO  ratis.ContainerStateMachine (ContainerStateMachine.java:takeSnapshot(330)) - group-FA29D6D30D5D: Taking a snapshot at:(t:2, i:2) file /home/runner/work/ozone/ozone/hadoop-ozone/integration-test/target/test-dir/MiniOzoneClusterImpl-31e8183b-455c-41dd-a5db-82de5ef729db/datanode-1/data/ratis/67437f06-9c9b-4aec-aa9f-fa29d6d30d5d/sm/snapshot.2_2
2023-03-23 08:07:21,843 [Listener at 127.0.0.1/35553] INFO  server.GrpcServerProtocolClient (GrpcServerProtocolClient.java:close(101)) - 9c0bd176-fc91-437f-a400-955ac6fa2da9 Close channels
2023-03-23 08:07:21,842 [6f5e3e4a-08bd-4bbb-984f-08bcbe860d90-impl-thread2] INFO  segmented.SegmentedRaftLogWorker (SegmentedRaftLogWorker.java:close(257)) - 6f5e3e4a-08bd-4bbb-984f-08bcbe860d90@group-0BCFA4854BE3-SegmentedRaftLogWorker close()
2023-03-23 08:07:21,841 [grpc-default-executor-0] INFO  leader.FollowerInfo (FollowerInfoImpl.java:lambda$new$0(48)) - 6f5e3e4a-08bd-4bbb-984f-08bcbe860d90@group-FA29D6D30D5D->9c0bd176-fc91-437f-a400-955ac6fa2da9: nextIndex: updateUnconditionally 3 -> 2
2023-03-23 08:07:21,845 [grpc-default-executor-5] WARN  server.GrpcLogAppender (GrpcLogAppender.java:resetClient(137)) - 6f5e3e4a-08bd-4bbb-984f-08bcbe860d90@group-FA29D6D30D5D->9c0bd176-fc91-437f-a400-955ac6fa2da9-GrpcLogAppender: Failed to getClient for 9c0bd176-fc91-437f-a400-955ac6fa2da9
org.apache.ratis.protocol.exceptions.AlreadyClosedException: 6f5e3e4a-08bd-4bbb-984f-08bcbe860d90 is already CLOSED
	at org.apache.ratis.util.PeerProxyMap$PeerAndProxy.getProxy(PeerProxyMap.java:61)
	at org.apache.ratis.util.PeerProxyMap.getProxy(PeerProxyMap.java:115)
	at org.apache.ratis.grpc.server.GrpcLogAppender.getClient(GrpcLogAppender.java:116)
	at org.apache.ratis.grpc.server.GrpcLogAppender.resetClient(GrpcLogAppender.java:121)
	at org.apache.ratis.grpc.server.GrpcLogAppender.access$500(GrpcLogAppender.java:58)
	at org.apache.ratis.grpc.server.GrpcLogAppender$AppendLogResponseHandler.onCompleted(GrpcLogAppender.java:416)
	at org.apache.ratis.thirdparty.io.grpc.stub.ClientCalls$StreamObserverToCallListenerAdapter.onClose(ClientCalls.java:485)
	at org.apache.ratis.thirdparty.io.grpc.internal.ClientCallImpl.closeObserver(ClientCallImpl.java:562)
	at org.apache.ratis.thirdparty.io.grpc.internal.ClientCallImpl.access$300(ClientCallImpl.java:70)
	at org.apache.ratis.thirdparty.io.grpc.internal.ClientCallImpl$ClientStreamListenerImpl$1StreamClosed.runInternal(ClientCallImpl.java:743)
	at org.apache.ratis.thirdparty.io.grpc.internal.ClientCallImpl$ClientStreamListenerImpl$1StreamClosed.runInContext(ClientCallImpl.java:722)
	at org.apache.ratis.thirdparty.io.grpc.internal.ContextRunnable.run(ContextRunnable.java:37)
	at org.apache.ratis.thirdparty.io.grpc.internal.SerializingExecutor.run(SerializingExecutor.java:133)
	at java.util.concurrent.ThreadPoolExecutor.runWorker(ThreadPoolExecutor.java:1149)
	at java.util.concurrent.ThreadPoolExecutor$Worker.run(ThreadPoolExecutor.java:624)
	at java.lang.Thread.run(Thread.java:750)
2023-03-23 08:07:21,846 [Listener at 127.0.0.1/35553] INFO  server.GrpcService (GrpcService.java:closeImpl(280)) - 6f5e3e4a-08bd-4bbb-984f-08bcbe860d90: shutdown server GrpcServerProtocolService successfully
2023-03-23 08:07:21,846 [6f5e3e4a-08bd-4bbb-984f-08bcbe860d90@group-FA29D6D30D5D-StateMachineUpdater] INFO  ratis.ContainerStateMachine (ContainerStateMachine.java:takeSnapshot(341)) - group-FA29D6D30D5D: Finished taking a snapshot at:(t:2, i:2) file:/home/runner/work/ozone/ozone/hadoop-ozone/integration-test/target/test-dir/MiniOzoneClusterImpl-31e8183b-455c-41dd-a5db-82de5ef729db/datanode-1/data/ratis/67437f06-9c9b-4aec-aa9f-fa29d6d30d5d/sm/snapshot.2_2 took: 5 ms
2023-03-23 08:07:21,846 [6f5e3e4a-08bd-4bbb-984f-08bcbe860d90@group-FA29D6D30D5D-StateMachineUpdater] INFO  impl.StateMachineUpdater (StateMachineUpdater.java:takeSnapshot(287)) - 6f5e3e4a-08bd-4bbb-984f-08bcbe860d90@group-FA29D6D30D5D-StateMachineUpdater: Took a snapshot at index 2
2023-03-23 08:07:21,846 [6f5e3e4a-08bd-4bbb-984f-08bcbe860d90@group-FA29D6D30D5D-StateMachineUpdater] INFO  impl.StateMachineUpdater (StateMachineUpdater.java:lambda$new$0(92)) - 6f5e3e4a-08bd-4bbb-984f-08bcbe860d90@group-FA29D6D30D5D-StateMachineUpdater: snapshotIndex: updateIncreasingly -1 -> 2
2023-03-23 08:07:21,847 [6f5e3e4a-08bd-4bbb-984f-08bcbe860d90-impl-thread1] INFO  server.RaftServer$Division (ServerState.java:close(466)) - 6f5e3e4a-08bd-4bbb-984f-08bcbe860d90@group-FA29D6D30D5D: closes. applyIndex: 2
2023-03-23 08:07:21,847 [6f5e3e4a-08bd-4bbb-984f-08bcbe860d90-NettyServerStreamRpc-bossGroup--thread1] INFO  logging.LoggingHandler (AbstractInternalLogger.java:log(148)) - [id: 0x05dffb1a, L:/0:0:0:0:0:0:0:0:40863] CLOSE
2023-03-23 08:07:21,847 [6f5e3e4a-08bd-4bbb-984f-08bcbe860d90@group-FA29D6D30D5D-SegmentedRaftLogWorker] INFO  segmented.SegmentedRaftLogWorker (SegmentedRaftLogWorker.java:run(347)) - 6f5e3e4a-08bd-4bbb-984f-08bcbe860d90@group-FA29D6D30D5D-SegmentedRaftLogWorker was interrupted, exiting. There are 0 tasks remaining in the queue.
2023-03-23 08:07:21,847 [6f5e3e4a-08bd-4bbb-984f-08bcbe860d90-NettyServerStreamRpc-bossGroup--thread1] INFO  logging.LoggingHandler (AbstractInternalLogger.java:log(148)) - [id: 0x05dffb1a, L:/0:0:0:0:0:0:0:0:40863] INACTIVE
2023-03-23 08:07:21,847 [6f5e3e4a-08bd-4bbb-984f-08bcbe860d90-NettyServerStreamRpc-bossGroup--thread1] INFO  logging.LoggingHandler (AbstractInternalLogger.java:log(148)) - [id: 0x05dffb1a, L:/0:0:0:0:0:0:0:0:40863] UNREGISTERED
2023-03-23 08:07:21,852 [SCMBlockDeletingService#0] DEBUG block.SCMBlockDeletingService (SCMBlockDeletingService.java:call(136)) - Running DeletedBlockTransactionScanner
2023-03-23 08:07:21,864 [BlockDeletingService#8] INFO  interfaces.ContainerDeletionChoosingPolicyTemplate (ContainerDeletionChoosingPolicyTemplate.java:chooseContainerForBlockDeletion(83)) - Chosen 0/5000 blocks from 0 candidate containers.
2023-03-23 08:07:21,864 [BlockDeletingService#7] INFO  interfaces.ContainerDeletionChoosingPolicyTemplate (ContainerDeletionChoosingPolicyTemplate.java:chooseContainerForBlockDeletion(83)) - Chosen 0/5000 blocks from 0 candidate containers.
2023-03-23 08:07:21,864 [6f5e3e4a-08bd-4bbb-984f-08bcbe860d90-impl-thread1] INFO  segmented.SegmentedRaftLogWorker (SegmentedRaftLogWorker.java:close(257)) - 6f5e3e4a-08bd-4bbb-984f-08bcbe860d90@group-FA29D6D30D5D-SegmentedRaftLogWorker close()
2023-03-23 08:07:21,866 [JvmPauseMonitor15] INFO  util.JvmPauseMonitor (JvmPauseMonitor.java:run(111)) - JvmPauseMonitor-6f5e3e4a-08bd-4bbb-984f-08bcbe860d90: Stopped
2023-03-23 08:07:21,941 [BlockDeletingService#2] INFO  interfaces.ContainerDeletionChoosingPolicyTemplate (ContainerDeletionChoosingPolicyTemplate.java:chooseContainerForBlockDeletion(83)) - Chosen 0/5000 blocks from 0 candidate containers.
2023-03-23 08:07:21,952 [SCMBlockDeletingService#0] DEBUG block.SCMBlockDeletingService (SCMBlockDeletingService.java:call(136)) - Running DeletedBlockTransactionScanner
2023-03-23 08:07:21,964 [BlockDeletingService#8] INFO  interfaces.ContainerDeletionChoosingPolicyTemplate (ContainerDeletionChoosingPolicyTemplate.java:chooseContainerForBlockDeletion(83)) - Chosen 0/5000 blocks from 0 candidate containers.
2023-03-23 08:07:21,964 [BlockDeletingService#7] INFO  interfaces.ContainerDeletionChoosingPolicyTemplate (ContainerDeletionChoosingPolicyTemplate.java:chooseContainerForBlockDeletion(83)) - Chosen 0/5000 blocks from 0 candidate containers.
2023-03-23 08:07:22,041 [BlockDeletingService#2] INFO  interfaces.ContainerDeletionChoosingPolicyTemplate (ContainerDeletionChoosingPolicyTemplate.java:chooseContainerForBlockDeletion(83)) - Chosen 0/5000 blocks from 0 candidate containers.
2023-03-23 08:07:22,052 [SCMBlockDeletingService#0] DEBUG block.SCMBlockDeletingService (SCMBlockDeletingService.java:call(136)) - Running DeletedBlockTransactionScanner
2023-03-23 08:07:22,064 [BlockDeletingService#8] INFO  interfaces.ContainerDeletionChoosingPolicyTemplate (ContainerDeletionChoosingPolicyTemplate.java:chooseContainerForBlockDeletion(83)) - Chosen 0/5000 blocks from 0 candidate containers.
2023-03-23 08:07:22,064 [BlockDeletingService#7] INFO  interfaces.ContainerDeletionChoosingPolicyTemplate (ContainerDeletionChoosingPolicyTemplate.java:chooseContainerForBlockDeletion(83)) - Chosen 0/5000 blocks from 0 candidate containers.
2023-03-23 08:07:22,141 [BlockDeletingService#2] INFO  interfaces.ContainerDeletionChoosingPolicyTemplate (ContainerDeletionChoosingPolicyTemplate.java:chooseContainerForBlockDeletion(83)) - Chosen 0/5000 blocks from 0 candidate containers.
2023-03-23 08:07:22,152 [SCMBlockDeletingService#0] DEBUG block.SCMBlockDeletingService (SCMBlockDeletingService.java:call(136)) - Running DeletedBlockTransactionScanner
2023-03-23 08:07:22,164 [BlockDeletingService#8] INFO  interfaces.ContainerDeletionChoosingPolicyTemplate (ContainerDeletionChoosingPolicyTemplate.java:chooseContainerForBlockDeletion(83)) - Chosen 0/5000 blocks from 0 candidate containers.
2023-03-23 08:07:22,164 [BlockDeletingService#7] INFO  interfaces.ContainerDeletionChoosingPolicyTemplate (ContainerDeletionChoosingPolicyTemplate.java:chooseContainerForBlockDeletion(83)) - Chosen 0/5000 blocks from 0 candidate containers.
2023-03-23 08:07:22,242 [BlockDeletingService#2] INFO  interfaces.ContainerDeletionChoosingPolicyTemplate (ContainerDeletionChoosingPolicyTemplate.java:chooseContainerForBlockDeletion(83)) - Chosen 0/5000 blocks from 0 candidate containers.
2023-03-23 08:07:22,252 [SCMBlockDeletingService#0] DEBUG block.SCMBlockDeletingService (SCMBlockDeletingService.java:call(136)) - Running DeletedBlockTransactionScanner
2023-03-23 08:07:22,265 [BlockDeletingService#8] INFO  interfaces.ContainerDeletionChoosingPolicyTemplate (ContainerDeletionChoosingPolicyTemplate.java:chooseContainerForBlockDeletion(83)) - Chosen 0/5000 blocks from 0 candidate containers.
2023-03-23 08:07:22,265 [BlockDeletingService#7] INFO  interfaces.ContainerDeletionChoosingPolicyTemplate (ContainerDeletionChoosingPolicyTemplate.java:chooseContainerForBlockDeletion(83)) - Chosen 0/5000 blocks from 0 candidate containers.
2023-03-23 08:07:22,342 [BlockDeletingService#2] INFO  interfaces.ContainerDeletionChoosingPolicyTemplate (ContainerDeletionChoosingPolicyTemplate.java:chooseContainerForBlockDeletion(83)) - Chosen 0/5000 blocks from 0 candidate containers.
2023-03-23 08:07:22,352 [SCMBlockDeletingService#0] DEBUG block.SCMBlockDeletingService (SCMBlockDeletingService.java:call(136)) - Running DeletedBlockTransactionScanner
2023-03-23 08:07:22,365 [BlockDeletingService#8] INFO  interfaces.ContainerDeletionChoosingPolicyTemplate (ContainerDeletionChoosingPolicyTemplate.java:chooseContainerForBlockDeletion(83)) - Chosen 0/5000 blocks from 0 candidate containers.
2023-03-23 08:07:22,365 [BlockDeletingService#7] INFO  interfaces.ContainerDeletionChoosingPolicyTemplate (ContainerDeletionChoosingPolicyTemplate.java:chooseContainerForBlockDeletion(83)) - Chosen 0/5000 blocks from 0 candidate containers.
2023-03-23 08:07:22,442 [BlockDeletingService#2] INFO  interfaces.ContainerDeletionChoosingPolicyTemplate (ContainerDeletionChoosingPolicyTemplate.java:chooseContainerForBlockDeletion(83)) - Chosen 0/5000 blocks from 0 candidate containers.
2023-03-23 08:07:22,452 [SCMBlockDeletingService#0] DEBUG block.SCMBlockDeletingService (SCMBlockDeletingService.java:call(136)) - Running DeletedBlockTransactionScanner
2023-03-23 08:07:22,465 [BlockDeletingService#7] INFO  interfaces.ContainerDeletionChoosingPolicyTemplate (ContainerDeletionChoosingPolicyTemplate.java:chooseContainerForBlockDeletion(83)) - Chosen 0/5000 blocks from 0 candidate containers.
2023-03-23 08:07:22,465 [BlockDeletingService#8] INFO  interfaces.ContainerDeletionChoosingPolicyTemplate (ContainerDeletionChoosingPolicyTemplate.java:chooseContainerForBlockDeletion(83)) - Chosen 0/5000 blocks from 0 candidate containers.
2023-03-23 08:07:22,542 [BlockDeletingService#2] INFO  interfaces.ContainerDeletionChoosingPolicyTemplate (ContainerDeletionChoosingPolicyTemplate.java:chooseContainerForBlockDeletion(83)) - Chosen 0/5000 blocks from 0 candidate containers.
2023-03-23 08:07:22,552 [SCMBlockDeletingService#0] DEBUG block.SCMBlockDeletingService (SCMBlockDeletingService.java:call(136)) - Running DeletedBlockTransactionScanner
2023-03-23 08:07:22,566 [BlockDeletingService#8] INFO  interfaces.ContainerDeletionChoosingPolicyTemplate (ContainerDeletionChoosingPolicyTemplate.java:chooseContainerForBlockDeletion(83)) - Chosen 0/5000 blocks from 0 candidate containers.
2023-03-23 08:07:22,566 [BlockDeletingService#7] INFO  interfaces.ContainerDeletionChoosingPolicyTemplate (ContainerDeletionChoosingPolicyTemplate.java:chooseContainerForBlockDeletion(83)) - Chosen 0/5000 blocks from 0 candidate containers.
2023-03-23 08:07:22,643 [BlockDeletingService#2] INFO  interfaces.ContainerDeletionChoosingPolicyTemplate (ContainerDeletionChoosingPolicyTemplate.java:chooseContainerForBlockDeletion(83)) - Chosen 0/5000 blocks from 0 candidate containers.
2023-03-23 08:07:22,652 [SCMBlockDeletingService#0] DEBUG block.SCMBlockDeletingService (SCMBlockDeletingService.java:call(136)) - Running DeletedBlockTransactionScanner
2023-03-23 08:07:22,666 [BlockDeletingService#8] INFO  interfaces.ContainerDeletionChoosingPolicyTemplate (ContainerDeletionChoosingPolicyTemplate.java:chooseContainerForBlockDeletion(83)) - Chosen 0/5000 blocks from 0 candidate containers.
2023-03-23 08:07:22,666 [BlockDeletingService#7] INFO  interfaces.ContainerDeletionChoosingPolicyTemplate (ContainerDeletionChoosingPolicyTemplate.java:chooseContainerForBlockDeletion(83)) - Chosen 0/5000 blocks from 0 candidate containers.
2023-03-23 08:07:22,743 [BlockDeletingService#2] INFO  interfaces.ContainerDeletionChoosingPolicyTemplate (ContainerDeletionChoosingPolicyTemplate.java:chooseContainerForBlockDeletion(83)) - Chosen 0/5000 blocks from 0 candidate containers.
2023-03-23 08:07:22,752 [SCMBlockDeletingService#0] DEBUG block.SCMBlockDeletingService (SCMBlockDeletingService.java:call(136)) - Running DeletedBlockTransactionScanner
2023-03-23 08:07:22,766 [BlockDeletingService#8] INFO  interfaces.ContainerDeletionChoosingPolicyTemplate (ContainerDeletionChoosingPolicyTemplate.java:chooseContainerForBlockDeletion(83)) - Chosen 0/5000 blocks from 0 candidate containers.
2023-03-23 08:07:22,766 [BlockDeletingService#7] INFO  interfaces.ContainerDeletionChoosingPolicyTemplate (ContainerDeletionChoosingPolicyTemplate.java:chooseContainerForBlockDeletion(83)) - Chosen 0/5000 blocks from 0 candidate containers.
2023-03-23 08:07:22,843 [BlockDeletingService#2] INFO  interfaces.ContainerDeletionChoosingPolicyTemplate (ContainerDeletionChoosingPolicyTemplate.java:chooseContainerForBlockDeletion(83)) - Chosen 0/5000 blocks from 0 candidate containers.
2023-03-23 08:07:22,853 [SCMBlockDeletingService#0] DEBUG block.SCMBlockDeletingService (SCMBlockDeletingService.java:call(136)) - Running DeletedBlockTransactionScanner
2023-03-23 08:07:22,866 [BlockDeletingService#8] INFO  interfaces.ContainerDeletionChoosingPolicyTemplate (ContainerDeletionChoosingPolicyTemplate.java:chooseContainerForBlockDeletion(83)) - Chosen 0/5000 blocks from 0 candidate containers.
2023-03-23 08:07:22,866 [BlockDeletingService#7] INFO  interfaces.ContainerDeletionChoosingPolicyTemplate (ContainerDeletionChoosingPolicyTemplate.java:chooseContainerForBlockDeletion(83)) - Chosen 0/5000 blocks from 0 candidate containers.
2023-03-23 08:07:22,943 [BlockDeletingService#2] INFO  interfaces.ContainerDeletionChoosingPolicyTemplate (ContainerDeletionChoosingPolicyTemplate.java:chooseContainerForBlockDeletion(83)) - Chosen 0/5000 blocks from 0 candidate containers.
2023-03-23 08:07:22,953 [SCMBlockDeletingService#0] DEBUG block.SCMBlockDeletingService (SCMBlockDeletingService.java:call(136)) - Running DeletedBlockTransactionScanner
2023-03-23 08:07:22,967 [BlockDeletingService#8] INFO  interfaces.ContainerDeletionChoosingPolicyTemplate (ContainerDeletionChoosingPolicyTemplate.java:chooseContainerForBlockDeletion(83)) - Chosen 0/5000 blocks from 0 candidate containers.
2023-03-23 08:07:22,967 [BlockDeletingService#7] INFO  interfaces.ContainerDeletionChoosingPolicyTemplate (ContainerDeletionChoosingPolicyTemplate.java:chooseContainerForBlockDeletion(83)) - Chosen 0/5000 blocks from 0 candidate containers.
2023-03-23 08:07:23,044 [BlockDeletingService#2] INFO  interfaces.ContainerDeletionChoosingPolicyTemplate (ContainerDeletionChoosingPolicyTemplate.java:chooseContainerForBlockDeletion(83)) - Chosen 0/5000 blocks from 0 candidate containers.
2023-03-23 08:07:23,053 [SCMBlockDeletingService#0] DEBUG block.SCMBlockDeletingService (SCMBlockDeletingService.java:call(136)) - Running DeletedBlockTransactionScanner
2023-03-23 08:07:23,067 [BlockDeletingService#8] INFO  interfaces.ContainerDeletionChoosingPolicyTemplate (ContainerDeletionChoosingPolicyTemplate.java:chooseContainerForBlockDeletion(83)) - Chosen 0/5000 blocks from 0 candidate containers.
2023-03-23 08:07:23,067 [BlockDeletingService#7] INFO  interfaces.ContainerDeletionChoosingPolicyTemplate (ContainerDeletionChoosingPolicyTemplate.java:chooseContainerForBlockDeletion(83)) - Chosen 0/5000 blocks from 0 candidate containers.
2023-03-23 08:07:23,144 [BlockDeletingService#2] INFO  interfaces.ContainerDeletionChoosingPolicyTemplate (ContainerDeletionChoosingPolicyTemplate.java:chooseContainerForBlockDeletion(83)) - Chosen 0/5000 blocks from 0 candidate containers.
2023-03-23 08:07:23,153 [SCMBlockDeletingService#0] DEBUG block.SCMBlockDeletingService (SCMBlockDeletingService.java:call(136)) - Running DeletedBlockTransactionScanner
2023-03-23 08:07:23,167 [BlockDeletingService#8] INFO  interfaces.ContainerDeletionChoosingPolicyTemplate (ContainerDeletionChoosingPolicyTemplate.java:chooseContainerForBlockDeletion(83)) - Chosen 0/5000 blocks from 0 candidate containers.
2023-03-23 08:07:23,167 [BlockDeletingService#7] INFO  interfaces.ContainerDeletionChoosingPolicyTemplate (ContainerDeletionChoosingPolicyTemplate.java:chooseContainerForBlockDeletion(83)) - Chosen 0/5000 blocks from 0 candidate containers.
2023-03-23 08:07:23,244 [BlockDeletingService#2] INFO  interfaces.ContainerDeletionChoosingPolicyTemplate (ContainerDeletionChoosingPolicyTemplate.java:chooseContainerForBlockDeletion(83)) - Chosen 0/5000 blocks from 0 candidate containers.
2023-03-23 08:07:23,253 [SCMBlockDeletingService#0] DEBUG block.SCMBlockDeletingService (SCMBlockDeletingService.java:call(136)) - Running DeletedBlockTransactionScanner
2023-03-23 08:07:23,267 [BlockDeletingService#8] INFO  interfaces.ContainerDeletionChoosingPolicyTemplate (ContainerDeletionChoosingPolicyTemplate.java:chooseContainerForBlockDeletion(83)) - Chosen 0/5000 blocks from 0 candidate containers.
2023-03-23 08:07:23,267 [BlockDeletingService#7] INFO  interfaces.ContainerDeletionChoosingPolicyTemplate (ContainerDeletionChoosingPolicyTemplate.java:chooseContainerForBlockDeletion(83)) - Chosen 0/5000 blocks from 0 candidate containers.
2023-03-23 08:07:23,344 [BlockDeletingService#2] INFO  interfaces.ContainerDeletionChoosingPolicyTemplate (ContainerDeletionChoosingPolicyTemplate.java:chooseContainerForBlockDeletion(83)) - Chosen 0/5000 blocks from 0 candidate containers.
2023-03-23 08:07:23,353 [SCMBlockDeletingService#0] DEBUG block.SCMBlockDeletingService (SCMBlockDeletingService.java:call(136)) - Running DeletedBlockTransactionScanner
2023-03-23 08:07:23,367 [BlockDeletingService#8] INFO  interfaces.ContainerDeletionChoosingPolicyTemplate (ContainerDeletionChoosingPolicyTemplate.java:chooseContainerForBlockDeletion(83)) - Chosen 0/5000 blocks from 0 candidate containers.
2023-03-23 08:07:23,367 [BlockDeletingService#7] INFO  interfaces.ContainerDeletionChoosingPolicyTemplate (ContainerDeletionChoosingPolicyTemplate.java:chooseContainerForBlockDeletion(83)) - Chosen 0/5000 blocks from 0 candidate containers.
2023-03-23 08:07:23,445 [BlockDeletingService#2] INFO  interfaces.ContainerDeletionChoosingPolicyTemplate (ContainerDeletionChoosingPolicyTemplate.java:chooseContainerForBlockDeletion(83)) - Chosen 0/5000 blocks from 0 candidate containers.
2023-03-23 08:07:23,453 [SCMBlockDeletingService#0] DEBUG block.SCMBlockDeletingService (SCMBlockDeletingService.java:call(136)) - Running DeletedBlockTransactionScanner
2023-03-23 08:07:23,468 [BlockDeletingService#8] INFO  interfaces.ContainerDeletionChoosingPolicyTemplate (ContainerDeletionChoosingPolicyTemplate.java:chooseContainerForBlockDeletion(83)) - Chosen 0/5000 blocks from 0 candidate containers.
2023-03-23 08:07:23,468 [BlockDeletingService#7] INFO  interfaces.ContainerDeletionChoosingPolicyTemplate (ContainerDeletionChoosingPolicyTemplate.java:chooseContainerForBlockDeletion(83)) - Chosen 0/5000 blocks from 0 candidate containers.
2023-03-23 08:07:23,545 [BlockDeletingService#2] INFO  interfaces.ContainerDeletionChoosingPolicyTemplate (ContainerDeletionChoosingPolicyTemplate.java:chooseContainerForBlockDeletion(83)) - Chosen 0/5000 blocks from 0 candidate containers.
2023-03-23 08:07:23,553 [SCMBlockDeletingService#0] DEBUG block.SCMBlockDeletingService (SCMBlockDeletingService.java:call(136)) - Running DeletedBlockTransactionScanner
2023-03-23 08:07:23,568 [BlockDeletingService#8] INFO  interfaces.ContainerDeletionChoosingPolicyTemplate (ContainerDeletionChoosingPolicyTemplate.java:chooseContainerForBlockDeletion(83)) - Chosen 0/5000 blocks from 0 candidate containers.
2023-03-23 08:07:23,568 [BlockDeletingService#7] INFO  interfaces.ContainerDeletionChoosingPolicyTemplate (ContainerDeletionChoosingPolicyTemplate.java:chooseContainerForBlockDeletion(83)) - Chosen 0/5000 blocks from 0 candidate containers.
2023-03-23 08:07:23,645 [BlockDeletingService#2] INFO  interfaces.ContainerDeletionChoosingPolicyTemplate (ContainerDeletionChoosingPolicyTemplate.java:chooseContainerForBlockDeletion(83)) - Chosen 0/5000 blocks from 0 candidate containers.
2023-03-23 08:07:23,653 [SCMBlockDeletingService#0] DEBUG block.SCMBlockDeletingService (SCMBlockDeletingService.java:call(136)) - Running DeletedBlockTransactionScanner
2023-03-23 08:07:23,668 [BlockDeletingService#8] INFO  interfaces.ContainerDeletionChoosingPolicyTemplate (ContainerDeletionChoosingPolicyTemplate.java:chooseContainerForBlockDeletion(83)) - Chosen 0/5000 blocks from 0 candidate containers.
2023-03-23 08:07:23,668 [BlockDeletingService#7] INFO  interfaces.ContainerDeletionChoosingPolicyTemplate (ContainerDeletionChoosingPolicyTemplate.java:chooseContainerForBlockDeletion(83)) - Chosen 0/5000 blocks from 0 candidate containers.
2023-03-23 08:07:23,746 [BlockDeletingService#2] INFO  interfaces.ContainerDeletionChoosingPolicyTemplate (ContainerDeletionChoosingPolicyTemplate.java:chooseContainerForBlockDeletion(83)) - Chosen 0/5000 blocks from 0 candidate containers.
2023-03-23 08:07:23,753 [SCMBlockDeletingService#0] DEBUG block.SCMBlockDeletingService (SCMBlockDeletingService.java:call(136)) - Running DeletedBlockTransactionScanner
2023-03-23 08:07:23,768 [BlockDeletingService#8] INFO  interfaces.ContainerDeletionChoosingPolicyTemplate (ContainerDeletionChoosingPolicyTemplate.java:chooseContainerForBlockDeletion(83)) - Chosen 0/5000 blocks from 0 candidate containers.
2023-03-23 08:07:23,768 [BlockDeletingService#7] INFO  interfaces.ContainerDeletionChoosingPolicyTemplate (ContainerDeletionChoosingPolicyTemplate.java:chooseContainerForBlockDeletion(83)) - Chosen 0/5000 blocks from 0 candidate containers.
2023-03-23 08:07:23,841 [ForkJoinPool.commonPool-worker-1] INFO  volume.HddsVolume (HddsVolume.java:closeDbStore(437)) - SchemaV3 db is stopped at /home/runner/work/ozone/ozone/hadoop-ozone/integration-test/target/test-dir/MiniOzoneClusterImpl-31e8183b-455c-41dd-a5db-82de5ef729db/datanode-0/data-0/containers/hdds/31e8183b-455c-41dd-a5db-82de5ef729db/DS-dccabf01-44a2-4fde-9f8e-96c4361691c6/container.db for volume DS-dccabf01-44a2-4fde-9f8e-96c4361691c6
2023-03-23 08:07:23,842 [ForkJoinPool.commonPool-worker-1] INFO  utils.BackgroundService (BackgroundService.java:shutdown(141)) - Shutting down service BlockDeletingService
2023-03-23 08:07:23,843 [ForkJoinPool.commonPool-worker-1] INFO  utils.BackgroundService (BackgroundService.java:shutdown(141)) - Shutting down service StaleRecoveringContainerScrubbingService
2023-03-23 08:07:23,845 [ForkJoinPool.commonPool-worker-1] INFO  statemachine.DatanodeStateMachine (DatanodeStateMachine.java:stopDaemon(601)) - Ozone container server stopped.
2023-03-23 08:07:23,853 [SCMBlockDeletingService#0] DEBUG block.SCMBlockDeletingService (SCMBlockDeletingService.java:call(136)) - Running DeletedBlockTransactionScanner
2023-03-23 08:07:23,856 [ForkJoinPool.commonPool-worker-1] INFO  handler.ContextHandler (ContextHandler.java:doStop(1159)) - Stopped o.e.j.w.WebAppContext@2bbdcb8f{hddsDatanode,/,null,STOPPED}{jar:file:/home/runner/.m2/repository/org/apache/ozone/hdds-container-service/1.4.0-SNAPSHOT/hdds-container-service-1.4.0-SNAPSHOT.jar!/webapps/hddsDatanode}
2023-03-23 08:07:23,857 [ForkJoinPool.commonPool-worker-1] INFO  server.AbstractConnector (AbstractConnector.java:doStop(383)) - Stopped ServerConnector@92f5f61{HTTP/1.1, (http/1.1)}{0.0.0.0:38005}
2023-03-23 08:07:23,857 [ForkJoinPool.commonPool-worker-1] INFO  server.session (HouseKeeper.java:stopScavenging(149)) - node0 Stopped scavenging
2023-03-23 08:07:23,858 [ForkJoinPool.commonPool-worker-1] INFO  handler.ContextHandler (ContextHandler.java:doStop(1159)) - Stopped o.e.j.s.ServletContextHandler@3d5af086{static,/static,jar:file:/home/runner/.m2/repository/org/apache/ozone/hdds-container-service/1.4.0-SNAPSHOT/hdds-container-service-1.4.0-SNAPSHOT.jar!/webapps/static,STOPPED}
2023-03-23 08:07:23,858 [ForkJoinPool.commonPool-worker-1] INFO  handler.ContextHandler (ContextHandler.java:doStop(1159)) - Stopped o.e.j.s.ServletContextHandler@bb31486{logs,/logs,file:///home/runner/work/ozone/ozone/hadoop-ozone/integration-test/target/log,STOPPED}
2023-03-23 08:07:23,862 [ForkJoinPool.commonPool-worker-1] INFO  ozoneimpl.OzoneContainer (OzoneContainer.java:stop(423)) - Attempting to stop container services.
2023-03-23 08:07:23,863 [ForkJoinPool.commonPool-worker-1] INFO  server.RaftServer (RaftServerProxy.java:lambda$close$6(409)) - 9c0bd176-fc91-437f-a400-955ac6fa2da9: close
2023-03-23 08:07:23,863 [9c0bd176-fc91-437f-a400-955ac6fa2da9-impl-thread1] INFO  server.RaftServer$Division (RaftServerImpl.java:lambda$close$4(458)) - 9c0bd176-fc91-437f-a400-955ac6fa2da9@group-FA29D6D30D5D: shutdown
2023-03-23 08:07:23,863 [ForkJoinPool.commonPool-worker-1] INFO  server.GrpcService (GrpcService.java:closeImpl(271)) - 9c0bd176-fc91-437f-a400-955ac6fa2da9: shutdown server GrpcServerProtocolService now
2023-03-23 08:07:23,863 [9c0bd176-fc91-437f-a400-955ac6fa2da9-impl-thread1] INFO  util.JmxRegister (JmxRegister.java:unregister(73)) - Successfully un-registered JMX Bean with object name Ratis:service=RaftServer,group=group-FA29D6D30D5D,id=9c0bd176-fc91-437f-a400-955ac6fa2da9
2023-03-23 08:07:23,863 [9c0bd176-fc91-437f-a400-955ac6fa2da9-impl-thread1] INFO  impl.RoleInfo (RoleInfo.java:shutdownFollowerState(110)) - 9c0bd176-fc91-437f-a400-955ac6fa2da9: shutdown 9c0bd176-fc91-437f-a400-955ac6fa2da9@group-FA29D6D30D5D-FollowerState
2023-03-23 08:07:23,863 [9c0bd176-fc91-437f-a400-955ac6fa2da9-impl-thread1] INFO  impl.StateMachineUpdater (StateMachineUpdater.java:stopAndJoin(153)) - 9c0bd176-fc91-437f-a400-955ac6fa2da9@group-FA29D6D30D5D-StateMachineUpdater: set stopIndex = 2
2023-03-23 08:07:23,863 [9c0bd176-fc91-437f-a400-955ac6fa2da9@group-FA29D6D30D5D-StateMachineUpdater] INFO  ratis.ContainerStateMachine (ContainerStateMachine.java:takeSnapshot(330)) - group-FA29D6D30D5D: Taking a snapshot at:(t:2, i:2) file /home/runner/work/ozone/ozone/hadoop-ozone/integration-test/target/test-dir/MiniOzoneClusterImpl-31e8183b-455c-41dd-a5db-82de5ef729db/datanode-2/data/ratis/67437f06-9c9b-4aec-aa9f-fa29d6d30d5d/sm/snapshot.2_2
2023-03-23 08:07:23,863 [9c0bd176-fc91-437f-a400-955ac6fa2da9@group-FA29D6D30D5D-FollowerState] INFO  impl.FollowerState (FollowerState.java:run(152)) - 9c0bd176-fc91-437f-a400-955ac6fa2da9@group-FA29D6D30D5D-FollowerState was interrupted
2023-03-23 08:07:23,867 [ForkJoinPool.commonPool-worker-1] INFO  server.GrpcServerProtocolClient (GrpcServerProtocolClient.java:close(101)) - 266f5cc7-0c64-4a72-9a4b-104b6d67fb98 Close channels
2023-03-23 08:07:23,868 [BlockDeletingService#8] INFO  interfaces.ContainerDeletionChoosingPolicyTemplate (ContainerDeletionChoosingPolicyTemplate.java:chooseContainerForBlockDeletion(83)) - Chosen 0/5000 blocks from 0 candidate containers.
2023-03-23 08:07:23,869 [BlockDeletingService#7] INFO  interfaces.ContainerDeletionChoosingPolicyTemplate (ContainerDeletionChoosingPolicyTemplate.java:chooseContainerForBlockDeletion(83)) - Chosen 0/5000 blocks from 0 candidate containers.
2023-03-23 08:07:23,870 [9c0bd176-fc91-437f-a400-955ac6fa2da9@group-FA29D6D30D5D-StateMachineUpdater] INFO  ratis.ContainerStateMachine (ContainerStateMachine.java:takeSnapshot(341)) - group-FA29D6D30D5D: Finished taking a snapshot at:(t:2, i:2) file:/home/runner/work/ozone/ozone/hadoop-ozone/integration-test/target/test-dir/MiniOzoneClusterImpl-31e8183b-455c-41dd-a5db-82de5ef729db/datanode-2/data/ratis/67437f06-9c9b-4aec-aa9f-fa29d6d30d5d/sm/snapshot.2_2 took: 7 ms
2023-03-23 08:07:23,872 [ForkJoinPool.commonPool-worker-1] INFO  server.GrpcServerProtocolClient (GrpcServerProtocolClient.java:close(101)) - 6f5e3e4a-08bd-4bbb-984f-08bcbe860d90 Close channels
2023-03-23 08:07:23,874 [9c0bd176-fc91-437f-a400-955ac6fa2da9@group-FA29D6D30D5D-StateMachineUpdater] INFO  impl.StateMachineUpdater (StateMachineUpdater.java:takeSnapshot(287)) - 9c0bd176-fc91-437f-a400-955ac6fa2da9@group-FA29D6D30D5D-StateMachineUpdater: Took a snapshot at index 2
2023-03-23 08:07:23,875 [9c0bd176-fc91-437f-a400-955ac6fa2da9@group-FA29D6D30D5D-StateMachineUpdater] INFO  impl.StateMachineUpdater (StateMachineUpdater.java:lambda$new$0(92)) - 9c0bd176-fc91-437f-a400-955ac6fa2da9@group-FA29D6D30D5D-StateMachineUpdater: snapshotIndex: updateIncreasingly -1 -> 2
2023-03-23 08:07:23,875 [ForkJoinPool.commonPool-worker-1] INFO  server.GrpcService (GrpcService.java:closeImpl(280)) - 9c0bd176-fc91-437f-a400-955ac6fa2da9: shutdown server GrpcServerProtocolService successfully
2023-03-23 08:07:23,875 [9c0bd176-fc91-437f-a400-955ac6fa2da9-impl-thread1] INFO  server.RaftServer$Division (ServerState.java:close(466)) - 9c0bd176-fc91-437f-a400-955ac6fa2da9@group-FA29D6D30D5D: closes. applyIndex: 2
2023-03-23 08:07:23,875 [9c0bd176-fc91-437f-a400-955ac6fa2da9-NettyServerStreamRpc-bossGroup--thread1] INFO  logging.LoggingHandler (AbstractInternalLogger.java:log(148)) - [id: 0xd191bc87, L:/0:0:0:0:0:0:0:0:34391] CLOSE
2023-03-23 08:07:23,875 [9c0bd176-fc91-437f-a400-955ac6fa2da9-NettyServerStreamRpc-bossGroup--thread1] INFO  logging.LoggingHandler (AbstractInternalLogger.java:log(148)) - [id: 0xd191bc87, L:/0:0:0:0:0:0:0:0:34391] INACTIVE
2023-03-23 08:07:23,875 [9c0bd176-fc91-437f-a400-955ac6fa2da9-NettyServerStreamRpc-bossGroup--thread1] INFO  logging.LoggingHandler (AbstractInternalLogger.java:log(148)) - [id: 0xd191bc87, L:/0:0:0:0:0:0:0:0:34391] UNREGISTERED
2023-03-23 08:07:23,867 [9c0bd176-fc91-437f-a400-955ac6fa2da9-impl-thread2] INFO  server.RaftServer$Division (RaftServerImpl.java:lambda$close$4(458)) - 9c0bd176-fc91-437f-a400-955ac6fa2da9@group-0BCFA4854BE3: shutdown
2023-03-23 08:07:23,876 [9c0bd176-fc91-437f-a400-955ac6fa2da9-impl-thread2] INFO  util.JmxRegister (JmxRegister.java:unregister(73)) - Successfully un-registered JMX Bean with object name Ratis:service=RaftServer,group=group-0BCFA4854BE3,id=9c0bd176-fc91-437f-a400-955ac6fa2da9
2023-03-23 08:07:23,876 [9c0bd176-fc91-437f-a400-955ac6fa2da9-impl-thread2] INFO  impl.RoleInfo (RoleInfo.java:shutdownFollowerState(110)) - 9c0bd176-fc91-437f-a400-955ac6fa2da9: shutdown 9c0bd176-fc91-437f-a400-955ac6fa2da9@group-0BCFA4854BE3-FollowerState
2023-03-23 08:07:23,882 [9c0bd176-fc91-437f-a400-955ac6fa2da9@group-FA29D6D30D5D-SegmentedRaftLogWorker] INFO  segmented.SegmentedRaftLogWorker (SegmentedRaftLogWorker.java:run(347)) - 9c0bd176-fc91-437f-a400-955ac6fa2da9@group-FA29D6D30D5D-SegmentedRaftLogWorker was interrupted, exiting. There are 0 tasks remaining in the queue.
2023-03-23 08:07:23,883 [Listener at 127.0.0.1/35553] INFO  volume.HddsVolume (HddsVolume.java:closeDbStore(437)) - SchemaV3 db is stopped at /home/runner/work/ozone/ozone/hadoop-ozone/integration-test/target/test-dir/MiniOzoneClusterImpl-31e8183b-455c-41dd-a5db-82de5ef729db/datanode-1/data-0/containers/hdds/31e8183b-455c-41dd-a5db-82de5ef729db/DS-99b65f90-6bf1-4954-ab4e-6277a70feae1/container.db for volume DS-99b65f90-6bf1-4954-ab4e-6277a70feae1
2023-03-23 08:07:23,886 [Listener at 127.0.0.1/35553] INFO  utils.BackgroundService (BackgroundService.java:shutdown(141)) - Shutting down service BlockDeletingService
2023-03-23 08:07:23,885 [9c0bd176-fc91-437f-a400-955ac6fa2da9-impl-thread2] INFO  impl.StateMachineUpdater (StateMachineUpdater.java:stopAndJoin(153)) - 9c0bd176-fc91-437f-a400-955ac6fa2da9@group-0BCFA4854BE3-StateMachineUpdater: set stopIndex = -1
2023-03-23 08:07:23,888 [9c0bd176-fc91-437f-a400-955ac6fa2da9-impl-thread1] INFO  segmented.SegmentedRaftLogWorker (SegmentedRaftLogWorker.java:close(257)) - 9c0bd176-fc91-437f-a400-955ac6fa2da9@group-FA29D6D30D5D-SegmentedRaftLogWorker close()
2023-03-23 08:07:23,890 [9c0bd176-fc91-437f-a400-955ac6fa2da9@group-0BCFA4854BE3-FollowerState] INFO  impl.FollowerState (FollowerState.java:run(152)) - 9c0bd176-fc91-437f-a400-955ac6fa2da9@group-0BCFA4854BE3-FollowerState was interrupted
2023-03-23 08:07:23,892 [Listener at 127.0.0.1/35553] INFO  utils.BackgroundService (BackgroundService.java:shutdown(141)) - Shutting down service StaleRecoveringContainerScrubbingService
2023-03-23 08:07:23,893 [9c0bd176-fc91-437f-a400-955ac6fa2da9-impl-thread2] INFO  server.RaftServer$Division (ServerState.java:close(466)) - 9c0bd176-fc91-437f-a400-955ac6fa2da9@group-0BCFA4854BE3: closes. applyIndex: -1
2023-03-23 08:07:23,894 [9c0bd176-fc91-437f-a400-955ac6fa2da9@group-0BCFA4854BE3-SegmentedRaftLogWorker] INFO  segmented.SegmentedRaftLogWorker (SegmentedRaftLogWorker.java:run(347)) - 9c0bd176-fc91-437f-a400-955ac6fa2da9@group-0BCFA4854BE3-SegmentedRaftLogWorker was interrupted, exiting. There are 0 tasks remaining in the queue.
2023-03-23 08:07:23,894 [9c0bd176-fc91-437f-a400-955ac6fa2da9-impl-thread2] INFO  segmented.SegmentedRaftLogWorker (SegmentedRaftLogWorker.java:close(257)) - 9c0bd176-fc91-437f-a400-955ac6fa2da9@group-0BCFA4854BE3-SegmentedRaftLogWorker close()
2023-03-23 08:07:23,898 [JvmPauseMonitor16] INFO  util.JvmPauseMonitor (JvmPauseMonitor.java:run(111)) - JvmPauseMonitor-9c0bd176-fc91-437f-a400-955ac6fa2da9: Stopped
2023-03-23 08:07:23,901 [Listener at 127.0.0.1/35553] INFO  statemachine.DatanodeStateMachine (DatanodeStateMachine.java:stopDaemon(601)) - Ozone container server stopped.
2023-03-23 08:07:23,914 [Listener at 127.0.0.1/35553] INFO  handler.ContextHandler (ContextHandler.java:doStop(1159)) - Stopped o.e.j.w.WebAppContext@2879752c{hddsDatanode,/,null,STOPPED}{jar:file:/home/runner/.m2/repository/org/apache/ozone/hdds-container-service/1.4.0-SNAPSHOT/hdds-container-service-1.4.0-SNAPSHOT.jar!/webapps/hddsDatanode}
2023-03-23 08:07:23,914 [Listener at 127.0.0.1/35553] INFO  server.AbstractConnector (AbstractConnector.java:doStop(383)) - Stopped ServerConnector@3b2162ab{HTTP/1.1, (http/1.1)}{0.0.0.0:0}
2023-03-23 08:07:23,914 [Listener at 127.0.0.1/35553] INFO  server.session (HouseKeeper.java:stopScavenging(149)) - node0 Stopped scavenging
2023-03-23 08:07:23,915 [Listener at 127.0.0.1/35553] INFO  handler.ContextHandler (ContextHandler.java:doStop(1159)) - Stopped o.e.j.s.ServletContextHandler@223574d1{static,/static,jar:file:/home/runner/.m2/repository/org/apache/ozone/hdds-container-service/1.4.0-SNAPSHOT/hdds-container-service-1.4.0-SNAPSHOT.jar!/webapps/static,STOPPED}
2023-03-23 08:07:23,915 [Listener at 127.0.0.1/35553] INFO  handler.ContextHandler (ContextHandler.java:doStop(1159)) - Stopped o.e.j.s.ServletContextHandler@16e27e19{logs,/logs,file:///home/runner/work/ozone/ozone/hadoop-ozone/integration-test/target/log,STOPPED}
2023-03-23 08:07:23,953 [SCMBlockDeletingService#0] DEBUG block.SCMBlockDeletingService (SCMBlockDeletingService.java:call(136)) - Running DeletedBlockTransactionScanner
2023-03-23 08:07:23,969 [BlockDeletingService#8] INFO  interfaces.ContainerDeletionChoosingPolicyTemplate (ContainerDeletionChoosingPolicyTemplate.java:chooseContainerForBlockDeletion(83)) - Chosen 0/5000 blocks from 0 candidate containers.
2023-03-23 08:07:24,054 [SCMBlockDeletingService#0] DEBUG block.SCMBlockDeletingService (SCMBlockDeletingService.java:call(136)) - Running DeletedBlockTransactionScanner
2023-03-23 08:07:24,069 [BlockDeletingService#8] INFO  interfaces.ContainerDeletionChoosingPolicyTemplate (ContainerDeletionChoosingPolicyTemplate.java:chooseContainerForBlockDeletion(83)) - Chosen 0/5000 blocks from 0 candidate containers.
2023-03-23 08:07:24,154 [SCMBlockDeletingService#0] DEBUG block.SCMBlockDeletingService (SCMBlockDeletingService.java:call(136)) - Running DeletedBlockTransactionScanner
2023-03-23 08:07:24,169 [BlockDeletingService#8] INFO  interfaces.ContainerDeletionChoosingPolicyTemplate (ContainerDeletionChoosingPolicyTemplate.java:chooseContainerForBlockDeletion(83)) - Chosen 0/5000 blocks from 0 candidate containers.
2023-03-23 08:07:24,254 [SCMBlockDeletingService#0] DEBUG block.SCMBlockDeletingService (SCMBlockDeletingService.java:call(136)) - Running DeletedBlockTransactionScanner
2023-03-23 08:07:24,269 [BlockDeletingService#8] INFO  interfaces.ContainerDeletionChoosingPolicyTemplate (ContainerDeletionChoosingPolicyTemplate.java:chooseContainerForBlockDeletion(83)) - Chosen 0/5000 blocks from 0 candidate containers.
2023-03-23 08:07:24,354 [SCMBlockDeletingService#0] DEBUG block.SCMBlockDeletingService (SCMBlockDeletingService.java:call(136)) - Running DeletedBlockTransactionScanner
2023-03-23 08:07:24,370 [BlockDeletingService#8] INFO  interfaces.ContainerDeletionChoosingPolicyTemplate (ContainerDeletionChoosingPolicyTemplate.java:chooseContainerForBlockDeletion(83)) - Chosen 0/5000 blocks from 0 candidate containers.
2023-03-23 08:07:24,454 [SCMBlockDeletingService#0] DEBUG block.SCMBlockDeletingService (SCMBlockDeletingService.java:call(136)) - Running DeletedBlockTransactionScanner
2023-03-23 08:07:24,470 [BlockDeletingService#8] INFO  interfaces.ContainerDeletionChoosingPolicyTemplate (ContainerDeletionChoosingPolicyTemplate.java:chooseContainerForBlockDeletion(83)) - Chosen 0/5000 blocks from 0 candidate containers.
2023-03-23 08:07:24,554 [SCMBlockDeletingService#0] DEBUG block.SCMBlockDeletingService (SCMBlockDeletingService.java:call(136)) - Running DeletedBlockTransactionScanner
2023-03-23 08:07:24,570 [BlockDeletingService#8] INFO  interfaces.ContainerDeletionChoosingPolicyTemplate (ContainerDeletionChoosingPolicyTemplate.java:chooseContainerForBlockDeletion(83)) - Chosen 0/5000 blocks from 0 candidate containers.
2023-03-23 08:07:24,654 [SCMBlockDeletingService#0] DEBUG block.SCMBlockDeletingService (SCMBlockDeletingService.java:call(136)) - Running DeletedBlockTransactionScanner
2023-03-23 08:07:24,670 [BlockDeletingService#8] INFO  interfaces.ContainerDeletionChoosingPolicyTemplate (ContainerDeletionChoosingPolicyTemplate.java:chooseContainerForBlockDeletion(83)) - Chosen 0/5000 blocks from 0 candidate containers.
2023-03-23 08:07:24,754 [SCMBlockDeletingService#0] DEBUG block.SCMBlockDeletingService (SCMBlockDeletingService.java:call(136)) - Running DeletedBlockTransactionScanner
2023-03-23 08:07:24,759 [EventQueue-StaleNodeForStaleNodeHandler] INFO  node.StaleNodeHandler (StaleNodeHandler.java:onMessage(59)) - Datanode 266f5cc7-0c64-4a72-9a4b-104b6d67fb98(fv-az105-497.wy5h1aom0jgehahef1oyr10hrc.bx.internal.cloudapp.net/10.1.0.214) moved to stale state. Finalizing its pipelines [PipelineID=04a1a77b-e0eb-4857-a55d-c378bfa986ca, PipelineID=1b652e0c-c4ad-42b2-85bf-b943015debc0, PipelineID=67437f06-9c9b-4aec-aa9f-fa29d6d30d5d, PipelineID=6eee4ff1-84ef-4dfd-8419-0bcfa4854be3, PipelineID=bb3355e6-25f8-468f-aa83-f3d5d2d5721f]
2023-03-23 08:07:24,760 [EventQueue-StaleNodeForStaleNodeHandler] INFO  pipeline.PipelineManagerImpl (PipelineManagerImpl.java:closePipeline(442)) - Pipeline Pipeline[ Id: 6eee4ff1-84ef-4dfd-8419-0bcfa4854be3, Nodes: 266f5cc7-0c64-4a72-9a4b-104b6d67fb98(fv-az105-497.wy5h1aom0jgehahef1oyr10hrc.bx.internal.cloudapp.net/10.1.0.214)6f5e3e4a-08bd-4bbb-984f-08bcbe860d90(fv-az105-497.wy5h1aom0jgehahef1oyr10hrc.bx.internal.cloudapp.net/10.1.0.214)9c0bd176-fc91-437f-a400-955ac6fa2da9(fv-az105-497.wy5h1aom0jgehahef1oyr10hrc.bx.internal.cloudapp.net/10.1.0.214), ReplicationConfig: RATIS/THREE, State:ALLOCATED, leaderId:, CreationTimestamp2023-03-23T08:07:20.852Z[Etc/UTC]] moved to CLOSED state
2023-03-23 08:07:24,761 [EventQueue-StaleNodeForStaleNodeHandler] INFO  node.StaleNodeHandler (StaleNodeHandler.java:onMessage(59)) - Datanode 6f5e3e4a-08bd-4bbb-984f-08bcbe860d90(fv-az105-497.wy5h1aom0jgehahef1oyr10hrc.bx.internal.cloudapp.net/10.1.0.214) moved to stale state. Finalizing its pipelines [PipelineID=04a1a77b-e0eb-4857-a55d-c378bfa986ca, PipelineID=1b652e0c-c4ad-42b2-85bf-b943015debc0, PipelineID=67437f06-9c9b-4aec-aa9f-fa29d6d30d5d, PipelineID=6eee4ff1-84ef-4dfd-8419-0bcfa4854be3, PipelineID=bb3355e6-25f8-468f-aa83-f3d5d2d5721f]
2023-03-23 08:07:24,771 [BlockDeletingService#8] INFO  interfaces.ContainerDeletionChoosingPolicyTemplate (ContainerDeletionChoosingPolicyTemplate.java:chooseContainerForBlockDeletion(83)) - Chosen 0/5000 blocks from 0 candidate containers.
2023-03-23 08:07:24,854 [SCMBlockDeletingService#0] DEBUG block.SCMBlockDeletingService (SCMBlockDeletingService.java:call(136)) - Running DeletedBlockTransactionScanner
2023-03-23 08:07:24,871 [BlockDeletingService#8] INFO  interfaces.ContainerDeletionChoosingPolicyTemplate (ContainerDeletionChoosingPolicyTemplate.java:chooseContainerForBlockDeletion(83)) - Chosen 0/5000 blocks from 0 candidate containers.
2023-03-23 08:07:24,954 [SCMBlockDeletingService#0] DEBUG block.SCMBlockDeletingService (SCMBlockDeletingService.java:call(136)) - Running DeletedBlockTransactionScanner
2023-03-23 08:07:24,971 [BlockDeletingService#8] INFO  interfaces.ContainerDeletionChoosingPolicyTemplate (ContainerDeletionChoosingPolicyTemplate.java:chooseContainerForBlockDeletion(83)) - Chosen 0/5000 blocks from 0 candidate containers.
2023-03-23 08:07:25,054 [SCMBlockDeletingService#0] DEBUG block.SCMBlockDeletingService (SCMBlockDeletingService.java:call(136)) - Running DeletedBlockTransactionScanner
2023-03-23 08:07:25,071 [BlockDeletingService#8] INFO  interfaces.ContainerDeletionChoosingPolicyTemplate (ContainerDeletionChoosingPolicyTemplate.java:chooseContainerForBlockDeletion(83)) - Chosen 0/5000 blocks from 0 candidate containers.
2023-03-23 08:07:25,154 [SCMBlockDeletingService#0] DEBUG block.SCMBlockDeletingService (SCMBlockDeletingService.java:call(136)) - Running DeletedBlockTransactionScanner
2023-03-23 08:07:25,172 [BlockDeletingService#8] INFO  interfaces.ContainerDeletionChoosingPolicyTemplate (ContainerDeletionChoosingPolicyTemplate.java:chooseContainerForBlockDeletion(83)) - Chosen 0/5000 blocks from 0 candidate containers.
2023-03-23 08:07:25,255 [SCMBlockDeletingService#0] DEBUG block.SCMBlockDeletingService (SCMBlockDeletingService.java:call(136)) - Running DeletedBlockTransactionScanner
2023-03-23 08:07:25,272 [BlockDeletingService#8] INFO  interfaces.ContainerDeletionChoosingPolicyTemplate (ContainerDeletionChoosingPolicyTemplate.java:chooseContainerForBlockDeletion(83)) - Chosen 0/5000 blocks from 0 candidate containers.
2023-03-23 08:07:25,355 [SCMBlockDeletingService#0] DEBUG block.SCMBlockDeletingService (SCMBlockDeletingService.java:call(136)) - Running DeletedBlockTransactionScanner
2023-03-23 08:07:25,372 [BlockDeletingService#8] INFO  interfaces.ContainerDeletionChoosingPolicyTemplate (ContainerDeletionChoosingPolicyTemplate.java:chooseContainerForBlockDeletion(83)) - Chosen 0/5000 blocks from 0 candidate containers.
2023-03-23 08:07:25,455 [SCMBlockDeletingService#0] DEBUG block.SCMBlockDeletingService (SCMBlockDeletingService.java:call(136)) - Running DeletedBlockTransactionScanner
2023-03-23 08:07:25,472 [BlockDeletingService#8] INFO  interfaces.ContainerDeletionChoosingPolicyTemplate (ContainerDeletionChoosingPolicyTemplate.java:chooseContainerForBlockDeletion(83)) - Chosen 0/5000 blocks from 0 candidate containers.
2023-03-23 08:07:25,555 [SCMBlockDeletingService#0] DEBUG block.SCMBlockDeletingService (SCMBlockDeletingService.java:call(136)) - Running DeletedBlockTransactionScanner
2023-03-23 08:07:25,573 [BlockDeletingService#8] INFO  interfaces.ContainerDeletionChoosingPolicyTemplate (ContainerDeletionChoosingPolicyTemplate.java:chooseContainerForBlockDeletion(83)) - Chosen 0/5000 blocks from 0 candidate containers.
2023-03-23 08:07:25,655 [SCMBlockDeletingService#0] DEBUG block.SCMBlockDeletingService (SCMBlockDeletingService.java:call(136)) - Running DeletedBlockTransactionScanner
2023-03-23 08:07:25,673 [BlockDeletingService#8] INFO  interfaces.ContainerDeletionChoosingPolicyTemplate (ContainerDeletionChoosingPolicyTemplate.java:chooseContainerForBlockDeletion(83)) - Chosen 0/5000 blocks from 0 candidate containers.
2023-03-23 08:07:25,755 [SCMBlockDeletingService#0] DEBUG block.SCMBlockDeletingService (SCMBlockDeletingService.java:call(136)) - Running DeletedBlockTransactionScanner
2023-03-23 08:07:25,773 [BlockDeletingService#8] INFO  interfaces.ContainerDeletionChoosingPolicyTemplate (ContainerDeletionChoosingPolicyTemplate.java:chooseContainerForBlockDeletion(83)) - Chosen 0/5000 blocks from 0 candidate containers.
2023-03-23 08:07:25,855 [SCMBlockDeletingService#0] DEBUG block.SCMBlockDeletingService (SCMBlockDeletingService.java:call(136)) - Running DeletedBlockTransactionScanner
2023-03-23 08:07:25,873 [BlockDeletingService#8] INFO  interfaces.ContainerDeletionChoosingPolicyTemplate (ContainerDeletionChoosingPolicyTemplate.java:chooseContainerForBlockDeletion(83)) - Chosen 0/5000 blocks from 0 candidate containers.
2023-03-23 08:07:25,914 [ForkJoinPool.commonPool-worker-1] INFO  volume.HddsVolume (HddsVolume.java:closeDbStore(437)) - SchemaV3 db is stopped at /home/runner/work/ozone/ozone/hadoop-ozone/integration-test/target/test-dir/MiniOzoneClusterImpl-31e8183b-455c-41dd-a5db-82de5ef729db/datanode-2/data-0/containers/hdds/31e8183b-455c-41dd-a5db-82de5ef729db/DS-d4bd86bc-736e-4d65-b473-2b336263faf6/container.db for volume DS-d4bd86bc-736e-4d65-b473-2b336263faf6
2023-03-23 08:07:25,914 [ForkJoinPool.commonPool-worker-1] INFO  utils.BackgroundService (BackgroundService.java:shutdown(141)) - Shutting down service BlockDeletingService
2023-03-23 08:07:25,915 [ForkJoinPool.commonPool-worker-1] INFO  utils.BackgroundService (BackgroundService.java:shutdown(141)) - Shutting down service StaleRecoveringContainerScrubbingService
2023-03-23 08:07:25,917 [ForkJoinPool.commonPool-worker-1] INFO  statemachine.DatanodeStateMachine (DatanodeStateMachine.java:stopDaemon(601)) - Ozone container server stopped.
2023-03-23 08:07:25,930 [ForkJoinPool.commonPool-worker-1] INFO  handler.ContextHandler (ContextHandler.java:doStop(1159)) - Stopped o.e.j.w.WebAppContext@10365f1c{hddsDatanode,/,null,STOPPED}{jar:file:/home/runner/.m2/repository/org/apache/ozone/hdds-container-service/1.4.0-SNAPSHOT/hdds-container-service-1.4.0-SNAPSHOT.jar!/webapps/hddsDatanode}
2023-03-23 08:07:25,931 [ForkJoinPool.commonPool-worker-1] INFO  server.AbstractConnector (AbstractConnector.java:doStop(383)) - Stopped ServerConnector@75241e97{HTTP/1.1, (http/1.1)}{0.0.0.0:0}
2023-03-23 08:07:25,931 [ForkJoinPool.commonPool-worker-1] INFO  server.session (HouseKeeper.java:stopScavenging(149)) - node0 Stopped scavenging
2023-03-23 08:07:25,933 [ForkJoinPool.commonPool-worker-1] INFO  handler.ContextHandler (ContextHandler.java:doStop(1159)) - Stopped o.e.j.s.ServletContextHandler@16dcf5fe{static,/static,jar:file:/home/runner/.m2/repository/org/apache/ozone/hdds-container-service/1.4.0-SNAPSHOT/hdds-container-service-1.4.0-SNAPSHOT.jar!/webapps/static,STOPPED}
2023-03-23 08:07:25,933 [ForkJoinPool.commonPool-worker-1] INFO  handler.ContextHandler (ContextHandler.java:doStop(1159)) - Stopped o.e.j.s.ServletContextHandler@5f430a5e{logs,/logs,file:///home/runner/work/ozone/ozone/hadoop-ozone/integration-test/target/log,STOPPED}
2023-03-23 08:07:25,935 [Listener at 127.0.0.1/35553] INFO  ozone.MiniOzoneClusterImpl (MiniOzoneClusterImpl.java:stopSCM(545)) - Stopping the StorageContainerManager
2023-03-23 08:07:25,935 [Listener at 127.0.0.1/35553] INFO  server.StorageContainerManager (StorageContainerManager.java:stop(1538)) - Container Balancer is not running.
2023-03-23 08:07:25,935 [Listener at 127.0.0.1/35553] INFO  server.StorageContainerManager (StorageContainerManager.java:stop(1545)) - Stopping Replication Manager Service.
2023-03-23 08:07:25,936 [Listener at 127.0.0.1/35553] INFO  replication.ReplicationManager (ReplicationManager.java:stop(310)) - Stopping Replication Monitor Thread.
2023-03-23 08:07:25,936 [Listener at 127.0.0.1/35553] INFO  server.StorageContainerManager (StorageContainerManager.java:stop(1552)) - Stopping the Datanode Admin Monitor.
2023-03-23 08:07:25,936 [Under Replicated Processor] WARN  replication.UnhealthyReplicationProcessor (UnhealthyReplicationProcessor.java:run(146)) - Under Replicated Processor interrupted. Exiting...
2023-03-23 08:07:25,936 [Over Replicated Processor] WARN  replication.UnhealthyReplicationProcessor (UnhealthyReplicationProcessor.java:run(146)) - Over Replicated Processor interrupted. Exiting...
2023-03-23 08:07:25,936 [ReplicationMonitor] INFO  replication.ReplicationManager (ReplicationManager.java:run(893)) - Replication Monitor Thread is stopped
2023-03-23 08:07:25,936 [Listener at 127.0.0.1/35553] INFO  server.StorageContainerManager (StorageContainerManager.java:stop(1559)) - Stopping datanode service RPC server
2023-03-23 08:07:25,937 [Listener at 127.0.0.1/35553] INFO  server.SCMDatanodeProtocolServer (SCMDatanodeProtocolServer.java:stop(424)) - Stopping the RPC server for DataNodes
2023-03-23 08:07:25,937 [Listener at 127.0.0.1/35553] INFO  ipc.Server (Server.java:stop(3428)) - Stopping server on 42431
2023-03-23 08:07:25,945 [IPC Server Responder] INFO  ipc.Server (Server.java:run(1517)) - Stopping IPC Server Responder
2023-03-23 08:07:25,945 [IPC Server listener on 0] INFO  ipc.Server (Server.java:run(1384)) - Stopping IPC Server listener on 0
2023-03-23 08:07:25,955 [SCMBlockDeletingService#0] DEBUG block.SCMBlockDeletingService (SCMBlockDeletingService.java:call(136)) - Running DeletedBlockTransactionScanner
2023-03-23 08:07:25,961 [SCM Heartbeat Processing Thread - 0] WARN  node.NodeStateManager (NodeStateManager.java:scheduleNextHealthCheck(870)) - Current Thread is interrupted, shutting down HB processing thread for Node Manager.
2023-03-23 08:07:25,961 [Listener at 127.0.0.1/35553] INFO  server.StorageContainerManager (StorageContainerManager.java:stop(1567)) - Stopping block service RPC server
2023-03-23 08:07:25,961 [Listener at 127.0.0.1/35553] INFO  server.SCMBlockProtocolServer (SCMBlockProtocolServer.java:stop(161)) - Stopping the RPC server for Block Protocol
2023-03-23 08:07:25,961 [Listener at 127.0.0.1/35553] INFO  ipc.Server (Server.java:stop(3428)) - Stopping server on 35431
2023-03-23 08:07:25,963 [IPC Server listener on 0] INFO  ipc.Server (Server.java:run(1384)) - Stopping IPC Server listener on 0
2023-03-23 08:07:25,963 [Listener at 127.0.0.1/35553] INFO  server.StorageContainerManager (StorageContainerManager.java:stop(1574)) - Stopping the StorageContainerLocationProtocol RPC server
2023-03-23 08:07:25,963 [Listener at 127.0.0.1/35553] INFO  server.SCMClientProtocolServer (SCMClientProtocolServer.java:stop(203)) - Stopping the RPC server for Client Protocol
2023-03-23 08:07:25,964 [Listener at 127.0.0.1/35553] INFO  ipc.Server (Server.java:stop(3428)) - Stopping server on 32953
2023-03-23 08:07:25,964 [IPC Server Responder] INFO  ipc.Server (Server.java:run(1517)) - Stopping IPC Server Responder
2023-03-23 08:07:25,966 [IPC Server Responder] INFO  ipc.Server (Server.java:run(1517)) - Stopping IPC Server Responder
2023-03-23 08:07:25,966 [IPC Server listener on 0] INFO  ipc.Server (Server.java:run(1384)) - Stopping IPC Server listener on 0
2023-03-23 08:07:25,966 [Listener at 127.0.0.1/35553] INFO  server.StorageContainerManager (StorageContainerManager.java:stop(1581)) - Stopping Storage Container Manager HTTP server.
2023-03-23 08:07:25,967 [Listener at 127.0.0.1/35553] INFO  handler.ContextHandler (ContextHandler.java:doStop(1159)) - Stopped o.e.j.w.WebAppContext@629fd6f8{scm,/,null,STOPPED}{file:/home/runner/work/ozone/ozone/hadoop-ozone/integration-test/target/test-classes/webapps/scm}
2023-03-23 08:07:25,968 [Listener at 127.0.0.1/35553] INFO  server.AbstractConnector (AbstractConnector.java:doStop(383)) - Stopped ServerConnector@57d211ba{HTTP/1.1, (http/1.1)}{0.0.0.0:0}
2023-03-23 08:07:25,968 [Listener at 127.0.0.1/35553] INFO  server.session (HouseKeeper.java:stopScavenging(149)) - node0 Stopped scavenging
2023-03-23 08:07:25,968 [Listener at 127.0.0.1/35553] INFO  handler.ContextHandler (ContextHandler.java:doStop(1159)) - Stopped o.e.j.s.ServletContextHandler@3df53090{static,/static,file:///home/runner/work/ozone/ozone/hadoop-ozone/integration-test/target/test-classes/webapps/static,STOPPED}
2023-03-23 08:07:25,969 [Listener at 127.0.0.1/35553] INFO  handler.ContextHandler (ContextHandler.java:doStop(1159)) - Stopped o.e.j.s.ServletContextHandler@63b72d5{logs,/logs,file:///home/runner/work/ozone/ozone/hadoop-ozone/integration-test/target/log,STOPPED}
2023-03-23 08:07:25,972 [Listener at 127.0.0.1/35553] INFO  server.StorageContainerManager (StorageContainerManager.java:stop(1589)) - Stopping SCM LayoutVersionManager Service.
2023-03-23 08:07:25,972 [Listener at 127.0.0.1/35553] INFO  server.StorageContainerManager (StorageContainerManager.java:stop(1597)) - Stopping Block Manager Service.
2023-03-23 08:07:25,973 [Listener at 127.0.0.1/35553] INFO  utils.BackgroundService (BackgroundService.java:shutdown(141)) - Shutting down service SCMBlockDeletingService
2023-03-23 08:07:25,973 [Listener at 127.0.0.1/35553] INFO  utils.BackgroundService (BackgroundService.java:shutdown(141)) - Shutting down service SCMBlockDeletingService
2023-03-23 08:07:25,983 [Listener at 127.0.0.1/35553] INFO  server.StorageContainerManager (StorageContainerManager.java:stop(1619)) - Stopping SCM Event Queue.
2023-03-23 08:07:25,985 [Listener at 127.0.0.1/35553] INFO  server.StorageContainerManager (StorageContainerManager.java:stop(1630)) - Stopping SCM HA services.
2023-03-23 08:07:25,985 [Listener at 127.0.0.1/35553] INFO  pipeline.BackgroundPipelineCreator (BackgroundPipelineCreator.java:stop(149)) - Stopping RatisPipelineUtilsThread.
2023-03-23 08:07:25,985 [RatisPipelineUtilsThread - 0] WARN  pipeline.BackgroundPipelineCreator (BackgroundPipelineCreator.java:run(180)) - RatisPipelineUtilsThread is interrupted.
2023-03-23 08:07:25,986 [Listener at 127.0.0.1/35553] INFO  BackgroundPipelineScrubber (BackgroundSCMService.java:stop(131)) - Stopping BackgroundPipelineScrubber Service.
2023-03-23 08:07:25,987 [Listener at 127.0.0.1/35553] INFO  impl.MetricsSystemImpl (MetricsSystemImpl.java:stop(210)) - Stopping HddsDatanode metrics system...
2023-03-23 08:07:25,987 [BackgroundPipelineScrubberThread] WARN  BackgroundPipelineScrubber (BackgroundSCMService.java:run(115)) - BackgroundPipelineScrubber is interrupted, exit
2023-03-23 08:07:26,020 [Listener at 127.0.0.1/35553] INFO  impl.MetricsSystemImpl (MetricsSystemImpl.java:stop(216)) - HddsDatanode metrics system stopped.
2023-03-23 08:07:26,020 [Listener at 127.0.0.1/35553] WARN  pipeline.BackgroundPipelineCreator (BackgroundPipelineCreator.java:stop(145)) - RatisPipelineUtilsThread is not running, just ignore.
2023-03-23 08:07:26,020 [Listener at 127.0.0.1/35553] INFO  BackgroundPipelineScrubber (BackgroundSCMService.java:stop(126)) - BackgroundPipelineScrubber Service is not running, skip stop.
2023-03-23 08:07:26,021 [Listener at 127.0.0.1/35553] INFO  ExpiredContainerReplicaOpScrubber (BackgroundSCMService.java:stop(131)) - Stopping ExpiredContainerReplicaOpScrubber Service.
2023-03-23 08:07:26,021 [Listener at 127.0.0.1/35553] INFO  utils.BackgroundService (BackgroundService.java:shutdown(141)) - Shutting down service SCMBlockDeletingService
2023-03-23 08:07:26,021 [Listener at 127.0.0.1/35553] INFO  replication.ReplicationManager (ReplicationManager.java:stop(320)) - Replication Monitor Thread is not running.
2023-03-23 08:07:26,021 [Listener at 127.0.0.1/35553] WARN  balancer.ContainerBalancer (ContainerBalancer.java:stop(322)) - Cannot stop Container Balancer because it's not running or stopping
2023-03-23 08:07:26,021 [ExpiredContainerReplicaOpScrubberThread] WARN  ExpiredContainerReplicaOpScrubber (BackgroundSCMService.java:run(115)) - ExpiredContainerReplicaOpScrubber is interrupted, exit
2023-03-23 08:07:26,021 [Listener at 127.0.0.1/35553] INFO  server.StorageContainerManager (StorageContainerManager.java:stop(1648)) - Stopping SCM MetadataStore.
]]></system-out>
  </testcase>
</testsuite>