<?xml version="1.0" encoding="UTF-8"?>
<testsuite xmlns:xsi="http://www.w3.org/2001/XMLSchema-instance" xsi:noNamespaceSchemaLocation="https://maven.apache.org/surefire/maven-surefire-plugin/xsd/surefire-test-report-3.0.xsd" version="3.0" name="org.apache.hadoop.ozone.client.rpc.TestSecureOzoneRpcClient" time="91.875" tests="122" errors="0" skipped="1" failures="1">
  <properties>
    <property name="awt.toolkit" value="sun.awt.X11.XToolkit"/>
    <property name="file.encoding.pkg" value="sun.io"/>
    <property name="java.specification.version" value="1.8"/>
    <property name="sun.cpu.isalist" value=""/>
    <property name="sun.jnu.encoding" value="UTF-8"/>
    <property name="java.class.path" value="/home/runner/work/ozone/ozone/hadoop-ozone/integration-test/target/test-classes:/home/runner/work/ozone/ozone/hadoop-ozone/integration-test/target/classes:/home/runner/.m2/repository/org/apache/ozone/ozone-common/1.4.0-SNAPSHOT/ozone-common-1.4.0-SNAPSHOT.jar:/home/runner/.m2/repository/io/grpc/grpc-netty/1.51.1/grpc-netty-1.51.1.jar:/home/runner/.m2/repository/io/grpc/grpc-core/1.51.1/grpc-core-1.51.1.jar:/home/runner/.m2/repository/com/google/android/annotations/4.1.1.4/annotations-4.1.1.4.jar:/home/runner/.m2/repository/org/codehaus/mojo/animal-sniffer-annotations/1.21/animal-sniffer-annotations-1.21.jar:/home/runner/.m2/repository/com/google/errorprone/error_prone_annotations/2.2.0/error_prone_annotations-2.2.0.jar:/home/runner/.m2/repository/io/perfmark/perfmark-api/0.25.0/perfmark-api-0.25.0.jar:/home/runner/.m2/repository/io/netty/netty-codec-http2/4.1.86.Final/netty-codec-http2-4.1.86.Final.jar:/home/runner/.m2/repository/io/netty/netty-common/4.1.86.Final/netty-common-4.1.86.Final.jar:/home/runner/.m2/repository/io/netty/netty-buffer/4.1.86.Final/netty-buffer-4.1.86.Final.jar:/home/runner/.m2/repository/io/netty/netty-codec-http/4.1.86.Final/netty-codec-http-4.1.86.Final.jar:/home/runner/.m2/repository/io/netty/netty-handler-proxy/4.1.86.Final/netty-handler-proxy-4.1.86.Final.jar:/home/runner/.m2/repository/io/netty/netty-codec-socks/4.1.86.Final/netty-codec-socks-4.1.86.Final.jar:/home/runner/.m2/repository/io/netty/netty-tcnative-boringssl-static/2.0.54.Final/netty-tcnative-boringssl-static-2.0.54.Final.jar:/home/runner/.m2/repository/io/netty/netty-tcnative-classes/2.0.54.Final/netty-tcnative-classes-2.0.54.Final.jar:/home/runner/.m2/repository/io/netty/netty-tcnative-boringssl-static/2.0.54.Final/netty-tcnative-boringssl-static-2.0.54.Final-linux-x86_64.jar:/home/runner/.m2/repository/io/netty/netty-tcnative-boringssl-static/2.0.54.Final/netty-tcnative-boringssl-static-2.0.54.Final-linux-aarch_64.jar:/home/runner/.m2/repository/io/netty/netty-tcnative-boringssl-static/2.0.54.Final/netty-tcnative-boringssl-static-2.0.54.Final-osx-x86_64.jar:/home/runner/.m2/repository/io/netty/netty-tcnative-boringssl-static/2.0.54.Final/netty-tcnative-boringssl-static-2.0.54.Final-osx-aarch_64.jar:/home/runner/.m2/repository/io/netty/netty-tcnative-boringssl-static/2.0.54.Final/netty-tcnative-boringssl-static-2.0.54.Final-windows-x86_64.jar:/home/runner/.m2/repository/org/apache/commons/commons-compress/1.21/commons-compress-1.21.jar:/home/runner/.m2/repository/org/apache/ozone/hdds-common/1.4.0-SNAPSHOT/hdds-common-1.4.0-SNAPSHOT.jar:/home/runner/.m2/repository/org/apache/ozone/hdds-client/1.4.0-SNAPSHOT/hdds-client-1.4.0-SNAPSHOT.jar:/home/runner/.m2/repository/org/apache/ozone/ozone-interface-client/1.4.0-SNAPSHOT/ozone-interface-client-1.4.0-SNAPSHOT.jar:/home/runner/.m2/repository/org/apache/hadoop/hadoop-hdfs-client/3.3.5/hadoop-hdfs-client-3.3.5.jar:/home/runner/.m2/repository/com/squareup/okhttp3/okhttp/4.9.3/okhttp-4.9.3.jar:/home/runner/.m2/repository/com/squareup/okio/okio/2.8.0/okio-2.8.0.jar:/home/runner/.m2/repository/org/jetbrains/kotlin/kotlin-stdlib-common/1.6.21/kotlin-stdlib-common-1.6.21.jar:/home/runner/.m2/repository/org/apache/ozone/hdds-test-utils/1.4.0-SNAPSHOT/hdds-test-utils-1.4.0-SNAPSHOT.jar:/home/runner/.m2/repository/com/google/guava/guava/31.1-jre/guava-31.1-jre.jar:/home/runner/.m2/repository/com/google/guava/failureaccess/1.0.1/failureaccess-1.0.1.jar:/home/runner/.m2/repository/com/google/guava/listenablefuture/9999.0-empty-to-avoid-conflict-with-guava/listenablefuture-9999.0-empty-to-avoid-conflict-with-guava.jar:/home/runner/.m2/repository/com/google/code/findbugs/jsr305/3.0.0/jsr305-3.0.0.jar:/home/runner/.m2/repository/org/checkerframework/checker-qual/3.12.0/checker-qual-3.12.0.jar:/home/runner/.m2/repository/com/google/j2objc/j2objc-annotations/1.3/j2objc-annotations-1.3.jar:/home/runner/.m2/repository/commons-io/commons-io/2.11.0/commons-io-2.11.0.jar:/home/runner/.m2/repository/commons-logging/commons-logging/1.2/commons-logging-1.2.jar:/home/runner/.m2/repository/ch/qos/reload4j/reload4j/1.2.22/reload4j-1.2.22.jar:/home/runner/.m2/repository/org/slf4j/slf4j-api/1.7.36/slf4j-api-1.7.36.jar:/home/runner/.m2/repository/org/apache/ozone/hdds-server-scm/1.4.0-SNAPSHOT/hdds-server-scm-1.4.0-SNAPSHOT.jar:/home/runner/.m2/repository/org/apache/ozone/hdds-container-service/1.4.0-SNAPSHOT/hdds-container-service-1.4.0-SNAPSHOT.jar:/home/runner/.m2/repository/org/apache/ozone/hdds-hadoop-dependency-server/1.4.0-SNAPSHOT/hdds-hadoop-dependency-server-1.4.0-SNAPSHOT.jar:/home/runner/.m2/repository/org/apache/hadoop/hadoop-hdfs/3.3.5/hadoop-hdfs-3.3.5.jar:/home/runner/.m2/repository/commons-daemon/commons-daemon/1.0.13/commons-daemon-1.0.13.jar:/home/runner/.m2/repository/org/apache/ozone/hdds-server-framework/1.4.0-SNAPSHOT/hdds-server-framework-1.4.0-SNAPSHOT.jar:/home/runner/.m2/repository/io/dropwizard/metrics/metrics-core/3.2.4/metrics-core-3.2.4.jar:/home/runner/.m2/repository/org/apache/commons/commons-text/1.4/commons-text-1.4.jar:/home/runner/.m2/repository/org/bouncycastle/bcprov-jdk15on/1.67/bcprov-jdk15on-1.67.jar:/home/runner/.m2/repository/com/google/protobuf/protobuf-java/2.5.0/protobuf-java-2.5.0.jar:/home/runner/.m2/repository/org/apache/ozone/hdds-server-framework/1.4.0-SNAPSHOT/hdds-server-framework-1.4.0-SNAPSHOT-tests.jar:/home/runner/.m2/repository/org/apache/ozone/hdds-interface-server/1.4.0-SNAPSHOT/hdds-interface-server-1.4.0-SNAPSHOT.jar:/home/runner/.m2/repository/org/apache/ozone/hdds-interface-admin/1.4.0-SNAPSHOT/hdds-interface-admin-1.4.0-SNAPSHOT.jar:/home/runner/.m2/repository/org/apache/ozone/hdds-managed-rocksdb/1.4.0-SNAPSHOT/hdds-managed-rocksdb-1.4.0-SNAPSHOT.jar:/home/runner/.m2/repository/org/rocksdb/rocksdbjni/7.7.3/rocksdbjni-7.7.3.jar:/home/runner/.m2/repository/org/slf4j/slf4j-reload4j/1.7.36/slf4j-reload4j-1.7.36.jar:/home/runner/.m2/repository/org/apache/commons/commons-configuration2/2.1.1/commons-configuration2-2.1.1.jar:/home/runner/.m2/repository/org/apache/logging/log4j/log4j-core/2.17.1/log4j-core-2.17.1.jar:/home/runner/.m2/repository/com/lmax/disruptor/3.4.2/disruptor-3.4.2.jar:/home/runner/.m2/repository/org/eclipse/jetty/jetty-util/9.4.51.v20230217/jetty-util-9.4.51.v20230217.jar:/home/runner/.m2/repository/org/eclipse/jetty/jetty-server/9.4.51.v20230217/jetty-server-9.4.51.v20230217.jar:/home/runner/.m2/repository/org/eclipse/jetty/jetty-http/9.4.51.v20230217/jetty-http-9.4.51.v20230217.jar:/home/runner/.m2/repository/org/eclipse/jetty/jetty-io/9.4.51.v20230217/jetty-io-9.4.51.v20230217.jar:/home/runner/.m2/repository/org/eclipse/jetty/jetty-servlet/9.4.51.v20230217/jetty-servlet-9.4.51.v20230217.jar:/home/runner/.m2/repository/org/eclipse/jetty/jetty-security/9.4.51.v20230217/jetty-security-9.4.51.v20230217.jar:/home/runner/.m2/repository/org/eclipse/jetty/jetty-util-ajax/9.4.51.v20230217/jetty-util-ajax-9.4.51.v20230217.jar:/home/runner/.m2/repository/org/eclipse/jetty/jetty-webapp/9.4.51.v20230217/jetty-webapp-9.4.51.v20230217.jar:/home/runner/.m2/repository/org/eclipse/jetty/jetty-xml/9.4.51.v20230217/jetty-xml-9.4.51.v20230217.jar:/home/runner/.m2/repository/org/apache/ratis/ratis-server/2.5.1/ratis-server-2.5.1.jar:/home/runner/.m2/repository/org/apache/ratis/ratis-thirdparty-misc/1.0.4/ratis-thirdparty-misc-1.0.4.jar:/home/runner/.m2/repository/org/apache/ratis/ratis-proto/2.5.1/ratis-proto-2.5.1.jar:/home/runner/.m2/repository/org/apache/ratis/ratis-common/2.5.1/ratis-common-2.5.1.jar:/home/runner/.m2/repository/org/apache/ratis/ratis-client/2.5.1/ratis-client-2.5.1.jar:/home/runner/.m2/repository/org/apache/ratis/ratis-server-api/2.5.1/ratis-server-api-2.5.1.jar:/home/runner/.m2/repository/org/apache/ratis/ratis-metrics/2.5.1/ratis-metrics-2.5.1.jar:/home/runner/.m2/repository/io/prometheus/simpleclient_dropwizard/0.7.0/simpleclient_dropwizard-0.7.0.jar:/home/runner/.m2/repository/io/prometheus/simpleclient/0.7.0/simpleclient-0.7.0.jar:/home/runner/.m2/repository/io/prometheus/simpleclient_common/0.7.0/simpleclient_common-0.7.0.jar:/home/runner/.m2/repository/com/fasterxml/jackson/datatype/jackson-datatype-jsr310/2.13.4/jackson-datatype-jsr310-2.13.4.jar:/home/runner/.m2/repository/com/fasterxml/jackson/core/jackson-core/2.13.4/jackson-core-2.13.4.jar:/home/runner/.m2/repository/com/github/spotbugs/spotbugs-annotations/3.1.12/spotbugs-annotations-3.1.12.jar:/home/runner/.m2/repository/org/apache/ozone/rocksdb-checkpoint-differ/1.4.0-SNAPSHOT/rocksdb-checkpoint-differ-1.4.0-SNAPSHOT.jar:/home/runner/.m2/repository/org/awaitility/awaitility/4.2.0/awaitility-4.2.0.jar:/home/runner/.m2/repository/org/hamcrest/hamcrest/2.1/hamcrest-2.1.jar:/home/runner/.m2/repository/org/apache/ozone/ozone-manager/1.4.0-SNAPSHOT/ozone-manager-1.4.0-SNAPSHOT.jar:/home/runner/.m2/repository/org/aspectj/aspectjrt/1.9.7/aspectjrt-1.9.7.jar:/home/runner/.m2/repository/org/aspectj/aspectjweaver/1.9.7/aspectjweaver-1.9.7.jar:/home/runner/.m2/repository/org/apache/ozone/hdds-interface-client/1.4.0-SNAPSHOT/hdds-interface-client-1.4.0-SNAPSHOT.jar:/home/runner/.m2/repository/org/apache/hadoop/thirdparty/hadoop-shaded-protobuf_3_7/1.1.1/hadoop-shaded-protobuf_3_7-1.1.1.jar:/home/runner/.m2/repository/org/apache/ozone/ozone-interface-storage/1.4.0-SNAPSHOT/ozone-interface-storage-1.4.0-SNAPSHOT.jar:/home/runner/.m2/repository/org/reflections/reflections/0.9.11/reflections-0.9.11.jar:/home/runner/.m2/repository/com/sun/jersey/jersey-client/1.19/jersey-client-1.19.jar:/home/runner/.m2/repository/org/codehaus/jackson/jackson-core-asl/1.9.13/jackson-core-asl-1.9.13.jar:/home/runner/.m2/repository/org/codehaus/jackson/jackson-mapper-asl/1.9.13/jackson-mapper-asl-1.9.13.jar:/home/runner/.m2/repository/org/codehaus/jackson/jackson-jaxrs/1.9.13/jackson-jaxrs-1.9.13.jar:/home/runner/.m2/repository/org/apache/ranger/ranger-intg/2.3.0/ranger-intg-2.3.0.jar:/home/runner/.m2/repository/org/apache/ranger/ranger-plugins-common/2.3.0/ranger-plugins-common-2.3.0.jar:/home/runner/.m2/repository/commons-lang/commons-lang/2.6/commons-lang-2.6.jar:/home/runner/.m2/repository/org/apache/ranger/ranger-plugins-cred/2.3.0/ranger-plugins-cred-2.3.0.jar:/home/runner/.m2/repository/org/apache/ranger/ranger-plugins-audit/2.3.0/ranger-plugins-audit-2.3.0.jar:/home/runner/.m2/repository/org/eclipse/jetty/jetty-client/9.4.51.v20230217/jetty-client-9.4.51.v20230217.jar:/home/runner/.m2/repository/org/apache/httpcomponents/httpmime/4.5.6/httpmime-4.5.6.jar:/home/runner/.m2/repository/org/apache/httpcomponents/httpcore-nio/4.4.13/httpcore-nio-4.4.13.jar:/home/runner/.m2/repository/org/apache/httpcomponents/httpasyncclient/4.1.3/httpasyncclient-4.1.3.jar:/home/runner/.m2/repository/com/carrotsearch/hppc/0.8.0/hppc-0.8.0.jar:/home/runner/.m2/repository/org/apache/orc/orc-core/1.5.8/orc-core-1.5.8.jar:/home/runner/.m2/repository/net/java/dev/jna/jna/5.2.0/jna-5.2.0.jar:/home/runner/.m2/repository/net/java/dev/jna/jna-platform/5.2.0/jna-platform-5.2.0.jar:/home/runner/.m2/repository/com/kstruct/gethostname4j/0.0.2/gethostname4j-0.0.2.jar:/home/runner/.m2/repository/org/apache/ranger/ranger-plugin-classloader/2.3.0/ranger-plugin-classloader-2.3.0.jar:/home/runner/.m2/repository/org/apache/ozone/hdds-rocks-native/1.4.0-SNAPSHOT/hdds-rocks-native-1.4.0-SNAPSHOT.jar:/home/runner/.m2/repository/org/apache/hadoop/hadoop-minikdc/3.3.5/hadoop-minikdc-3.3.5.jar:/home/runner/.m2/repository/org/apache/kerby/kerb-simplekdc/1.0.1/kerb-simplekdc-1.0.1.jar:/home/runner/.m2/repository/org/apache/kerby/kerb-client/1.0.1/kerb-client-1.0.1.jar:/home/runner/.m2/repository/org/apache/kerby/kerby-config/1.0.1/kerby-config-1.0.1.jar:/home/runner/.m2/repository/org/apache/kerby/kerb-common/1.0.1/kerb-common-1.0.1.jar:/home/runner/.m2/repository/org/apache/kerby/kerb-crypto/1.0.1/kerb-crypto-1.0.1.jar:/home/runner/.m2/repository/org/apache/kerby/kerb-util/1.0.1/kerb-util-1.0.1.jar:/home/runner/.m2/repository/org/apache/kerby/token-provider/1.0.1/token-provider-1.0.1.jar:/home/runner/.m2/repository/org/apache/kerby/kerb-admin/1.0.1/kerb-admin-1.0.1.jar:/home/runner/.m2/repository/org/apache/kerby/kerb-server/1.0.1/kerb-server-1.0.1.jar:/home/runner/.m2/repository/org/apache/kerby/kerb-identity/1.0.1/kerb-identity-1.0.1.jar:/home/runner/.m2/repository/org/apache/kerby/kerby-xdr/1.0.1/kerby-xdr-1.0.1.jar:/home/runner/.m2/repository/org/apache/ozone/ozone-s3gateway/1.4.0-SNAPSHOT/ozone-s3gateway-1.4.0-SNAPSHOT.jar:/home/runner/.m2/repository/org/javassist/javassist/3.21.0-GA/javassist-3.21.0-GA.jar:/home/runner/.m2/repository/org/jboss/weld/servlet/weld-servlet-shaded/3.1.9.Final/weld-servlet-shaded-3.1.9.Final.jar:/home/runner/.m2/repository/org/glassfish/jersey/containers/jersey-container-servlet-core/2.34/jersey-container-servlet-core-2.34.jar:/home/runner/.m2/repository/org/glassfish/hk2/external/jakarta.inject/2.6.1/jakarta.inject-2.6.1.jar:/home/runner/.m2/repository/org/glassfish/jersey/core/jersey-common/2.34/jersey-common-2.34.jar:/home/runner/.m2/repository/jakarta/ws/rs/jakarta.ws.rs-api/2.1.6/jakarta.ws.rs-api-2.1.6.jar:/home/runner/.m2/repository/org/glassfish/jersey/ext/cdi/jersey-cdi1x/2.34/jersey-cdi1x-2.34.jar:/home/runner/.m2/repository/org/glassfish/jersey/inject/jersey-hk2/2.34/jersey-hk2-2.34.jar:/home/runner/.m2/repository/org/glassfish/hk2/hk2-locator/2.6.1/hk2-locator-2.6.1.jar:/home/runner/.m2/repository/org/glassfish/jersey/media/jersey-media-jaxb/2.34/jersey-media-jaxb-2.34.jar:/home/runner/.m2/repository/org/glassfish/hk2/osgi-resource-locator/1.0.3/osgi-resource-locator-1.0.3.jar:/home/runner/.m2/repository/org/glassfish/hk2/hk2-api/2.5.0/hk2-api-2.5.0.jar:/home/runner/.m2/repository/org/glassfish/hk2/hk2-utils/2.5.0/hk2-utils-2.5.0.jar:/home/runner/.m2/repository/org/glassfish/hk2/external/aopalliance-repackaged/2.5.0/aopalliance-repackaged-2.5.0.jar:/home/runner/.m2/repository/com/fasterxml/jackson/dataformat/jackson-dataformat-xml/2.13.4/jackson-dataformat-xml-2.13.4.jar:/home/runner/.m2/repository/org/codehaus/woodstox/stax2-api/4.2.1/stax2-api-4.2.1.jar:/home/runner/.m2/repository/com/fasterxml/woodstox/woodstox-core/5.4.0/woodstox-core-5.4.0.jar:/home/runner/.m2/repository/com/fasterxml/jackson/module/jackson-module-jaxb-annotations/2.13.4/jackson-module-jaxb-annotations-2.13.4.jar:/home/runner/.m2/repository/jakarta/xml/bind/jakarta.xml.bind-api/2.3.3/jakarta.xml.bind-api-2.3.3.jar:/home/runner/.m2/repository/jakarta/activation/jakarta.activation-api/1.2.2/jakarta.activation-api-1.2.2.jar:/home/runner/.m2/repository/javax/enterprise/cdi-api/2.0/cdi-api-2.0.jar:/home/runner/.m2/repository/javax/el/javax.el-api/3.0.0/javax.el-api-3.0.0.jar:/home/runner/.m2/repository/javax/interceptor/javax.interceptor-api/1.2/javax.interceptor-api-1.2.jar:/home/runner/.m2/repository/javax/inject/javax.inject/1/javax.inject-1.jar:/home/runner/.m2/repository/javax/xml/bind/jaxb-api/2.3.0/jaxb-api-2.3.0.jar:/home/runner/.m2/repository/org/glassfish/jaxb/jaxb-runtime/2.3.0.1/jaxb-runtime-2.3.0.1.jar:/home/runner/.m2/repository/org/glassfish/jaxb/jaxb-core/2.3.0.1/jaxb-core-2.3.0.1.jar:/home/runner/.m2/repository/org/glassfish/jaxb/txw2/2.3.0.1/txw2-2.3.0.1.jar:/home/runner/.m2/repository/com/sun/istack/istack-commons-runtime/3.0.5/istack-commons-runtime-3.0.5.jar:/home/runner/.m2/repository/org/jvnet/staxex/stax-ex/1.7.8/stax-ex-1.7.8.jar:/home/runner/.m2/repository/com/sun/xml/fastinfoset/FastInfoset/1.2.13/FastInfoset-1.2.13.jar:/home/runner/.m2/repository/javax/activation/activation/1.1.1/activation-1.1.1.jar:/home/runner/.m2/repository/io/grpc/grpc-protobuf/1.51.1/grpc-protobuf-1.51.1.jar:/home/runner/.m2/repository/com/google/api/grpc/proto-google-common-protos/2.9.0/proto-google-common-protos-2.9.0.jar:/home/runner/.m2/repository/io/grpc/grpc-protobuf-lite/1.51.1/grpc-protobuf-lite-1.51.1.jar:/home/runner/.m2/repository/io/grpc/grpc-stub/1.51.1/grpc-stub-1.51.1.jar:/home/runner/.m2/repository/io/netty/netty-transport/4.1.86.Final/netty-transport-4.1.86.Final.jar:/home/runner/.m2/repository/io/netty/netty-resolver/4.1.86.Final/netty-resolver-4.1.86.Final.jar:/home/runner/.m2/repository/org/apache/ozone/ozone-csi/1.4.0-SNAPSHOT/ozone-csi-1.4.0-SNAPSHOT.jar:/home/runner/.m2/repository/com/google/protobuf/protobuf-java-util/3.19.6/protobuf-java-util-3.19.6.jar:/home/runner/.m2/repository/com/google/code/gson/gson/2.9.0/gson-2.9.0.jar:/home/runner/.m2/repository/org/apache/ozone/hdds-config/1.4.0-SNAPSHOT/hdds-config-1.4.0-SNAPSHOT.jar:/home/runner/.m2/repository/io/netty/netty-transport-native-epoll/4.1.86.Final/netty-transport-native-epoll-4.1.86.Final-linux-x86_64.jar:/home/runner/.m2/repository/io/netty/netty-transport-classes-epoll/4.1.86.Final/netty-transport-classes-epoll-4.1.86.Final.jar:/home/runner/.m2/repository/io/netty/netty-transport-native-unix-common/4.1.86.Final/netty-transport-native-unix-common-4.1.86.Final.jar:/home/runner/.m2/repository/org/apache/ozone/ozone-recon/1.4.0-SNAPSHOT/ozone-recon-1.4.0-SNAPSHOT.jar:/home/runner/.m2/repository/org/apache/ozone/ozone-reconcodegen/1.4.0-SNAPSHOT/ozone-reconcodegen-1.4.0-SNAPSHOT.jar:/home/runner/.m2/repository/com/google/inject/guice/5.1.0/guice-5.1.0.jar:/home/runner/.m2/repository/aopalliance/aopalliance/1.0/aopalliance-1.0.jar:/home/runner/.m2/repository/com/google/inject/extensions/guice-assistedinject/5.1.0/guice-assistedinject-5.1.0.jar:/home/runner/.m2/repository/com/google/inject/extensions/guice-servlet/5.1.0/guice-servlet-5.1.0.jar:/home/runner/.m2/repository/org/glassfish/jersey/containers/jersey-container-servlet/2.34/jersey-container-servlet-2.34.jar:/home/runner/.m2/repository/org/glassfish/hk2/guice-bridge/2.5.0/guice-bridge-2.5.0.jar:/home/runner/.m2/repository/org/glassfish/jersey/core/jersey-server/2.34/jersey-server-2.34.jar:/home/runner/.m2/repository/org/glassfish/jersey/core/jersey-client/2.34/jersey-client-2.34.jar:/home/runner/.m2/repository/jakarta/annotation/jakarta.annotation-api/1.3.5/jakarta.annotation-api-1.3.5.jar:/home/runner/.m2/repository/jakarta/validation/jakarta.validation-api/2.0.2/jakarta.validation-api-2.0.2.jar:/home/runner/.m2/repository/org/glassfish/jersey/media/jersey-media-json-jackson/2.34/jersey-media-json-jackson-2.34.jar:/home/runner/.m2/repository/org/glassfish/jersey/ext/jersey-entity-filtering/2.34/jersey-entity-filtering-2.34.jar:/home/runner/.m2/repository/org/jooq/jooq/3.11.10/jooq-3.11.10.jar:/home/runner/.m2/repository/org/jooq/jooq-meta/3.11.10/jooq-meta-3.11.10.jar:/home/runner/.m2/repository/org/jooq/jooq-codegen/3.11.10/jooq-codegen-3.11.10.jar:/home/runner/.m2/repository/com/jolbox/bonecp/0.8.0.RELEASE/bonecp-0.8.0.RELEASE.jar:/home/runner/.m2/repository/org/apache/derby/derby/10.14.2.0/derby-10.14.2.0.jar:/home/runner/.m2/repository/org/xerial/sqlite-jdbc/3.41.2.2/sqlite-jdbc-3.41.2.2.jar:/home/runner/.m2/repository/org/springframework/spring-jdbc/5.3.27/spring-jdbc-5.3.27.jar:/home/runner/.m2/repository/org/springframework/spring-beans/5.3.27/spring-beans-5.3.27.jar:/home/runner/.m2/repository/org/springframework/spring-core/5.3.27/spring-core-5.3.27.jar:/home/runner/.m2/repository/org/springframework/spring-tx/5.3.27/spring-tx-5.3.27.jar:/home/runner/.m2/repository/org/apache/ozone/ozone-client/1.4.0-SNAPSHOT/ozone-client-1.4.0-SNAPSHOT.jar:/home/runner/.m2/repository/org/apache/ozone/hdds-erasurecode/1.4.0-SNAPSHOT/hdds-erasurecode-1.4.0-SNAPSHOT.jar:/home/runner/.m2/repository/org/apache/ozone/ozone-filesystem/1.4.0-SNAPSHOT/ozone-filesystem-1.4.0-SNAPSHOT.jar:/home/runner/.m2/repository/org/apache/ozone/ozone-filesystem-common/1.4.0-SNAPSHOT/ozone-filesystem-common-1.4.0-SNAPSHOT.jar:/home/runner/.m2/repository/org/apache/ozone/ozone-tools/1.4.0-SNAPSHOT/ozone-tools-1.4.0-SNAPSHOT.jar:/home/runner/.m2/repository/com/amazonaws/aws-java-sdk-core/1.12.261/aws-java-sdk-core-1.12.261.jar:/home/runner/.m2/repository/org/apache/httpcomponents/httpclient/4.5.13/httpclient-4.5.13.jar:/home/runner/.m2/repository/org/apache/httpcomponents/httpcore/4.4.13/httpcore-4.4.13.jar:/home/runner/.m2/repository/software/amazon/ion/ion-java/1.0.2/ion-java-1.0.2.jar:/home/runner/.m2/repository/com/fasterxml/jackson/dataformat/jackson-dataformat-cbor/2.13.4/jackson-dataformat-cbor-2.13.4.jar:/home/runner/.m2/repository/joda-time/joda-time/2.10.6/joda-time-2.10.6.jar:/home/runner/.m2/repository/com/amazonaws/aws-java-sdk-s3/1.12.261/aws-java-sdk-s3-1.12.261.jar:/home/runner/.m2/repository/com/amazonaws/aws-java-sdk-kms/1.12.261/aws-java-sdk-kms-1.12.261.jar:/home/runner/.m2/repository/com/amazonaws/jmespath-java/1.12.261/jmespath-java-1.12.261.jar:/home/runner/.m2/repository/org/kohsuke/metainf-services/metainf-services/1.8/metainf-services-1.8.jar:/home/runner/.m2/repository/org/apache/ozone/hdds-tools/1.4.0-SNAPSHOT/hdds-tools-1.4.0-SNAPSHOT.jar:/home/runner/.m2/repository/org/apache/ratis/ratis-tools/2.5.1/ratis-tools-2.5.1.jar:/home/runner/.m2/repository/commons-cli/commons-cli/1.2/commons-cli-1.2.jar:/home/runner/.m2/repository/org/apache/commons/commons-lang3/3.7/commons-lang3-3.7.jar:/home/runner/.m2/repository/org/apache/ozone/ozone-manager/1.4.0-SNAPSHOT/ozone-manager-1.4.0-SNAPSHOT-tests.jar:/home/runner/.m2/repository/org/apache/ozone/hdds-common/1.4.0-SNAPSHOT/hdds-common-1.4.0-SNAPSHOT-tests.jar:/home/runner/.m2/repository/org/apache/ozone/hdds-hadoop-dependency-client/1.4.0-SNAPSHOT/hdds-hadoop-dependency-client-1.4.0-SNAPSHOT.jar:/home/runner/.m2/repository/info/picocli/picocli/4.6.1/picocli-4.6.1.jar:/home/runner/.m2/repository/com/fasterxml/jackson/core/jackson-annotations/2.13.4/jackson-annotations-2.13.4.jar:/home/runner/.m2/repository/org/apache/ozone/hdds-annotation-processing/1.4.0-SNAPSHOT/hdds-annotation-processing-1.4.0-SNAPSHOT.jar:/home/runner/.m2/repository/javax/annotation/javax.annotation-api/1.2/javax.annotation-api-1.2.jar:/home/runner/.m2/repository/org/apache/ratis/ratis-netty/2.5.1/ratis-netty-2.5.1.jar:/home/runner/.m2/repository/org/apache/ratis/ratis-grpc/2.5.1/ratis-grpc-2.5.1.jar:/home/runner/.m2/repository/org/apache/logging/log4j/log4j-api/2.17.1/log4j-api-2.17.1.jar:/home/runner/.m2/repository/org/apache/commons/commons-pool2/2.6.0/commons-pool2-2.6.0.jar:/home/runner/.m2/repository/org/bouncycastle/bcpkix-jdk15on/1.67/bcpkix-jdk15on-1.67.jar:/home/runner/.m2/repository/commons-validator/commons-validator/1.6/commons-validator-1.6.jar:/home/runner/.m2/repository/commons-beanutils/commons-beanutils/1.9.4/commons-beanutils-1.9.4.jar:/home/runner/.m2/repository/commons-digester/commons-digester/1.8.1/commons-digester-1.8.1.jar:/home/runner/.m2/repository/commons-collections/commons-collections/3.2.2/commons-collections-3.2.2.jar:/home/runner/.m2/repository/io/jaegertracing/jaeger-client/1.6.0/jaeger-client-1.6.0.jar:/home/runner/.m2/repository/io/jaegertracing/jaeger-thrift/1.6.0/jaeger-thrift-1.6.0.jar:/home/runner/.m2/repository/org/apache/thrift/libthrift/0.14.1/libthrift-0.14.1.jar:/home/runner/.m2/repository/io/jaegertracing/jaeger-core/1.6.0/jaeger-core-1.6.0.jar:/home/runner/.m2/repository/io/jaegertracing/jaeger-tracerresolver/1.6.0/jaeger-tracerresolver-1.6.0.jar:/home/runner/.m2/repository/io/opentracing/contrib/opentracing-tracerresolver/0.1.8/opentracing-tracerresolver-0.1.8.jar:/home/runner/.m2/repository/org/jetbrains/kotlin/kotlin-stdlib/1.6.21/kotlin-stdlib-1.6.21.jar:/home/runner/.m2/repository/org/jetbrains/annotations/13.0/annotations-13.0.jar:/home/runner/.m2/repository/io/opentracing/opentracing-util/0.33.0/opentracing-util-0.33.0.jar:/home/runner/.m2/repository/io/opentracing/opentracing-api/0.33.0/opentracing-api-0.33.0.jar:/home/runner/.m2/repository/io/opentracing/opentracing-noop/0.33.0/opentracing-noop-0.33.0.jar:/home/runner/.m2/repository/org/yaml/snakeyaml/2.0/snakeyaml-2.0.jar:/home/runner/.m2/repository/io/grpc/grpc-api/1.51.1/grpc-api-1.51.1.jar:/home/runner/.m2/repository/io/grpc/grpc-context/1.51.1/grpc-context-1.51.1.jar:/home/runner/.m2/repository/junit/junit/4.13.1/junit-4.13.1.jar:/home/runner/.m2/repository/org/hamcrest/hamcrest-core/1.3/hamcrest-core-1.3.jar:/home/runner/.m2/repository/org/junit/jupiter/junit-jupiter-api/5.8.2/junit-jupiter-api-5.8.2.jar:/home/runner/.m2/repository/org/opentest4j/opentest4j/1.2.0/opentest4j-1.2.0.jar:/home/runner/.m2/repository/org/junit/platform/junit-platform-commons/1.8.2/junit-platform-commons-1.8.2.jar:/home/runner/.m2/repository/org/apiguardian/apiguardian-api/1.1.2/apiguardian-api-1.1.2.jar:/home/runner/.m2/repository/org/junit/jupiter/junit-jupiter-params/5.8.2/junit-jupiter-params-5.8.2.jar:/home/runner/.m2/repository/org/junit/jupiter/junit-jupiter-migrationsupport/5.8.2/junit-jupiter-migrationsupport-5.8.2.jar:/home/runner/.m2/repository/org/junit/jupiter/junit-jupiter-engine/5.8.2/junit-jupiter-engine-5.8.2.jar:/home/runner/.m2/repository/org/junit/platform/junit-platform-engine/1.8.2/junit-platform-engine-1.8.2.jar:/home/runner/.m2/repository/org/junit/vintage/junit-vintage-engine/5.8.2/junit-vintage-engine-5.8.2.jar:/home/runner/.m2/repository/org/junit/platform/junit-platform-launcher/1.8.2/junit-platform-launcher-1.8.2.jar:/home/runner/.m2/repository/org/mockito/mockito-core/2.28.2/mockito-core-2.28.2.jar:/home/runner/.m2/repository/net/bytebuddy/byte-buddy/1.9.10/byte-buddy-1.9.10.jar:/home/runner/.m2/repository/net/bytebuddy/byte-buddy-agent/1.9.10/byte-buddy-agent-1.9.10.jar:/home/runner/.m2/repository/org/objenesis/objenesis/1.0/objenesis-1.0.jar:/home/runner/.m2/repository/org/apache/hadoop/hadoop-kms/3.3.5/hadoop-kms-3.3.5.jar:/home/runner/.m2/repository/org/apache/hadoop/hadoop-auth/3.3.5/hadoop-auth-3.3.5.jar:/home/runner/.m2/repository/com/nimbusds/nimbus-jose-jwt/9.8.1/nimbus-jose-jwt-9.8.1.jar:/home/runner/.m2/repository/com/github/stephenc/jcip/jcip-annotations/1.0-1/jcip-annotations-1.0-1.jar:/home/runner/.m2/repository/net/minidev/json-smart/2.4.7/json-smart-2.4.7.jar:/home/runner/.m2/repository/net/minidev/accessors-smart/2.4.7/accessors-smart-2.4.7.jar:/home/runner/.m2/repository/org/ow2/asm/asm/5.0.4/asm-5.0.4.jar:/home/runner/.m2/repository/org/apache/zookeeper/zookeeper/3.5.6/zookeeper-3.5.6.jar:/home/runner/.m2/repository/org/apache/zookeeper/zookeeper-jute/3.5.6/zookeeper-jute-3.5.6.jar:/home/runner/.m2/repository/org/apache/yetus/audience-annotations/0.5.0/audience-annotations-0.5.0.jar:/home/runner/.m2/repository/org/apache/curator/curator-framework/4.2.0/curator-framework-4.2.0.jar:/home/runner/.m2/repository/org/apache/hadoop/thirdparty/hadoop-shaded-guava/1.1.1/hadoop-shaded-guava-1.1.1.jar:/home/runner/.m2/repository/com/sun/jersey/jersey-core/1.19/jersey-core-1.19.jar:/home/runner/.m2/repository/javax/ws/rs/jsr311-api/1.1.1/jsr311-api-1.1.1.jar:/home/runner/.m2/repository/com/sun/jersey/jersey-server/1.19/jersey-server-1.19.jar:/home/runner/.m2/repository/javax/servlet/javax.servlet-api/3.1.0/javax.servlet-api-3.1.0.jar:/home/runner/.m2/repository/org/apache/hadoop/hadoop-common/3.3.5/hadoop-common-3.3.5.jar:/home/runner/.m2/repository/org/apache/commons/commons-math3/3.1.1/commons-math3-3.1.1.jar:/home/runner/.m2/repository/commons-net/commons-net/3.9.0/commons-net-3.9.0.jar:/home/runner/.m2/repository/com/sun/jersey/jersey-servlet/1.19/jersey-servlet-1.19.jar:/home/runner/.m2/repository/com/github/pjfanning/jersey-json/1.20/jersey-json-1.20.jar:/home/runner/.m2/repository/org/codehaus/jettison/jettison/1.1/jettison-1.1.jar:/home/runner/.m2/repository/com/sun/xml/bind/jaxb-impl/2.2.3-1/jaxb-impl-2.2.3-1.jar:/home/runner/.m2/repository/com/google/re2j/re2j/1.1/re2j-1.1.jar:/home/runner/.m2/repository/com/jcraft/jsch/0.1.54/jsch-0.1.54.jar:/home/runner/.m2/repository/org/apache/curator/curator-client/4.2.0/curator-client-4.2.0.jar:/home/runner/.m2/repository/org/apache/curator/curator-recipes/4.2.0/curator-recipes-4.2.0.jar:/home/runner/.m2/repository/org/apache/kerby/kerb-core/1.0.1/kerb-core-1.0.1.jar:/home/runner/.m2/repository/org/apache/kerby/kerby-pkix/1.0.1/kerby-pkix-1.0.1.jar:/home/runner/.m2/repository/org/apache/kerby/kerby-asn1/1.0.1/kerby-asn1-1.0.1.jar:/home/runner/.m2/repository/org/apache/kerby/kerby-util/1.0.1/kerby-util-1.0.1.jar:/home/runner/.m2/repository/dnsjava/dnsjava/2.1.7/dnsjava-2.1.7.jar:/home/runner/.m2/repository/org/xerial/snappy/snappy-java/1.1.8.2/snappy-java-1.1.8.2.jar:/home/runner/.m2/repository/com/fasterxml/jackson/core/jackson-databind/2.13.4.2/jackson-databind-2.13.4.2.jar:/home/runner/.m2/repository/org/apache/hadoop/hadoop-kms/3.3.5/hadoop-kms-3.3.5-tests.jar:/home/runner/.m2/repository/org/apache/ozone/hdds-server-scm/1.4.0-SNAPSHOT/hdds-server-scm-1.4.0-SNAPSHOT-tests.jar:/home/runner/.m2/repository/org/apache/ozone/hdds-container-service/1.4.0-SNAPSHOT/hdds-container-service-1.4.0-SNAPSHOT-tests.jar:/home/runner/.m2/repository/com/github/luben/zstd-jni/1.5.2-5/zstd-jni-1.5.2-5.jar:/home/runner/.m2/repository/commons-codec/commons-codec/1.15/commons-codec-1.15.jar:/home/runner/.m2/repository/io/netty/netty-codec/4.1.86.Final/netty-codec-4.1.86.Final.jar:/home/runner/.m2/repository/io/netty/netty-handler/4.1.86.Final/netty-handler-4.1.86.Final.jar:/home/runner/.m2/repository/org/apache/ozone/hdds-hadoop-dependency-test/1.4.0-SNAPSHOT/hdds-hadoop-dependency-test-1.4.0-SNAPSHOT.jar:/home/runner/.m2/repository/org/apache/hadoop/hadoop-common/3.3.5/hadoop-common-3.3.5-tests.jar:/home/runner/.m2/repository/org/apache/hadoop/hadoop-hdfs/3.3.5/hadoop-hdfs-3.3.5-tests.jar:/home/runner/.m2/repository/org/assertj/assertj-core/3.12.2/assertj-core-3.12.2.jar:/home/runner/.m2/repository/org/apache/hadoop/hadoop-distcp/3.3.5/hadoop-distcp-3.3.5.jar:/home/runner/.m2/repository/org/apache/hadoop/hadoop-mapreduce-client-jobclient/3.3.5/hadoop-mapreduce-client-jobclient-3.3.5.jar:/home/runner/.m2/repository/org/apache/hadoop/hadoop-mapreduce-client-common/3.3.5/hadoop-mapreduce-client-common-3.3.5.jar:/home/runner/.m2/repository/org/apache/hadoop/hadoop-yarn-common/3.3.5/hadoop-yarn-common-3.3.5.jar:/home/runner/.m2/repository/org/apache/hadoop/hadoop-yarn-api/3.3.5/hadoop-yarn-api-3.3.5.jar:/home/runner/.m2/repository/com/sun/jersey/contribs/jersey-guice/1.19/jersey-guice-1.19.jar:/home/runner/.m2/repository/com/fasterxml/jackson/jaxrs/jackson-jaxrs-json-provider/2.13.4/jackson-jaxrs-json-provider-2.13.4.jar:/home/runner/.m2/repository/com/fasterxml/jackson/jaxrs/jackson-jaxrs-base/2.13.4/jackson-jaxrs-base-2.13.4.jar:/home/runner/.m2/repository/org/apache/hadoop/hadoop-yarn-client/3.3.5/hadoop-yarn-client-3.3.5.jar:/home/runner/.m2/repository/org/eclipse/jetty/websocket/websocket-client/9.4.48.v20220622/websocket-client-9.4.48.v20220622.jar:/home/runner/.m2/repository/org/eclipse/jetty/websocket/websocket-common/9.4.48.v20220622/websocket-common-9.4.48.v20220622.jar:/home/runner/.m2/repository/org/eclipse/jetty/websocket/websocket-api/9.4.48.v20220622/websocket-api-9.4.48.v20220622.jar:/home/runner/.m2/repository/org/jline/jline/3.9.0/jline-3.9.0.jar:/home/runner/.m2/repository/org/apache/hadoop/hadoop-mapreduce-client-core/3.3.5/hadoop-mapreduce-client-core-3.3.5.jar:/home/runner/.m2/repository/org/apache/avro/avro/1.7.7/avro-1.7.7.jar:/home/runner/.m2/repository/com/thoughtworks/paranamer/paranamer/2.3/paranamer-2.3.jar:/home/runner/.m2/repository/org/apache/hadoop/hadoop-annotations/3.3.5/hadoop-annotations-3.3.5.jar:/usr/lib/jvm/temurin-8-jdk-amd64/jre/../lib/tools.jar:/home/runner/.m2/repository/io/netty/netty/3.10.6.Final/netty-3.10.6.Final.jar:/home/runner/.m2/repository/org/apache/hadoop/hadoop-distcp/3.3.5/hadoop-distcp-3.3.5-tests.jar:/home/runner/.m2/repository/org/slf4j/jul-to-slf4j/1.7.36/jul-to-slf4j-1.7.36.jar:"/>
    <property name="java.vm.vendor" value="Temurin"/>
    <property name="sun.arch.data.model" value="64"/>
    <property name="test.build.dir" value="/home/runner/work/ozone/ozone/hadoop-ozone/integration-test/target/test-dir"/>
    <property name="test.cache.data" value=""/>
    <property name="java.vendor.url" value="https://adoptium.net/"/>
    <property name="user.timezone" value="Etc/UTC"/>
    <property name="java.vm.specification.version" value="1.8"/>
    <property name="os.name" value="Linux"/>
    <property name="test.build.data" value="/home/runner/work/ozone/ozone/hadoop-ozone/integration-test/target/test-dir"/>
    <property name="sun.java.launcher" value="SUN_STANDARD"/>
    <property name="sun.boot.library.path" value="/usr/lib/jvm/temurin-8-jdk-amd64/jre/lib/amd64"/>
    <property name="sun.java.command" value="/home/runner/work/ozone/ozone/hadoop-ozone/integration-test/target/surefire/surefirebooter5108895480770082980.jar /home/runner/work/ozone/ozone/hadoop-ozone/integration-test/target/surefire 2023-06-02T04-37-19_042-jvmRun1 surefire6408867147446687270tmp surefire_317019204308648946826tmp"/>
    <property name="surefire.test.class.path" value="/home/runner/work/ozone/ozone/hadoop-ozone/integration-test/target/test-classes:/home/runner/work/ozone/ozone/hadoop-ozone/integration-test/target/classes:/home/runner/.m2/repository/org/apache/ozone/ozone-common/1.4.0-SNAPSHOT/ozone-common-1.4.0-SNAPSHOT.jar:/home/runner/.m2/repository/io/grpc/grpc-netty/1.51.1/grpc-netty-1.51.1.jar:/home/runner/.m2/repository/io/grpc/grpc-core/1.51.1/grpc-core-1.51.1.jar:/home/runner/.m2/repository/com/google/android/annotations/4.1.1.4/annotations-4.1.1.4.jar:/home/runner/.m2/repository/org/codehaus/mojo/animal-sniffer-annotations/1.21/animal-sniffer-annotations-1.21.jar:/home/runner/.m2/repository/com/google/errorprone/error_prone_annotations/2.2.0/error_prone_annotations-2.2.0.jar:/home/runner/.m2/repository/io/perfmark/perfmark-api/0.25.0/perfmark-api-0.25.0.jar:/home/runner/.m2/repository/io/netty/netty-codec-http2/4.1.86.Final/netty-codec-http2-4.1.86.Final.jar:/home/runner/.m2/repository/io/netty/netty-common/4.1.86.Final/netty-common-4.1.86.Final.jar:/home/runner/.m2/repository/io/netty/netty-buffer/4.1.86.Final/netty-buffer-4.1.86.Final.jar:/home/runner/.m2/repository/io/netty/netty-codec-http/4.1.86.Final/netty-codec-http-4.1.86.Final.jar:/home/runner/.m2/repository/io/netty/netty-handler-proxy/4.1.86.Final/netty-handler-proxy-4.1.86.Final.jar:/home/runner/.m2/repository/io/netty/netty-codec-socks/4.1.86.Final/netty-codec-socks-4.1.86.Final.jar:/home/runner/.m2/repository/io/netty/netty-tcnative-boringssl-static/2.0.54.Final/netty-tcnative-boringssl-static-2.0.54.Final.jar:/home/runner/.m2/repository/io/netty/netty-tcnative-classes/2.0.54.Final/netty-tcnative-classes-2.0.54.Final.jar:/home/runner/.m2/repository/io/netty/netty-tcnative-boringssl-static/2.0.54.Final/netty-tcnative-boringssl-static-2.0.54.Final-linux-x86_64.jar:/home/runner/.m2/repository/io/netty/netty-tcnative-boringssl-static/2.0.54.Final/netty-tcnative-boringssl-static-2.0.54.Final-linux-aarch_64.jar:/home/runner/.m2/repository/io/netty/netty-tcnative-boringssl-static/2.0.54.Final/netty-tcnative-boringssl-static-2.0.54.Final-osx-x86_64.jar:/home/runner/.m2/repository/io/netty/netty-tcnative-boringssl-static/2.0.54.Final/netty-tcnative-boringssl-static-2.0.54.Final-osx-aarch_64.jar:/home/runner/.m2/repository/io/netty/netty-tcnative-boringssl-static/2.0.54.Final/netty-tcnative-boringssl-static-2.0.54.Final-windows-x86_64.jar:/home/runner/.m2/repository/org/apache/commons/commons-compress/1.21/commons-compress-1.21.jar:/home/runner/.m2/repository/org/apache/ozone/hdds-common/1.4.0-SNAPSHOT/hdds-common-1.4.0-SNAPSHOT.jar:/home/runner/.m2/repository/org/apache/ozone/hdds-client/1.4.0-SNAPSHOT/hdds-client-1.4.0-SNAPSHOT.jar:/home/runner/.m2/repository/org/apache/ozone/ozone-interface-client/1.4.0-SNAPSHOT/ozone-interface-client-1.4.0-SNAPSHOT.jar:/home/runner/.m2/repository/org/apache/hadoop/hadoop-hdfs-client/3.3.5/hadoop-hdfs-client-3.3.5.jar:/home/runner/.m2/repository/com/squareup/okhttp3/okhttp/4.9.3/okhttp-4.9.3.jar:/home/runner/.m2/repository/com/squareup/okio/okio/2.8.0/okio-2.8.0.jar:/home/runner/.m2/repository/org/jetbrains/kotlin/kotlin-stdlib-common/1.6.21/kotlin-stdlib-common-1.6.21.jar:/home/runner/.m2/repository/org/apache/ozone/hdds-test-utils/1.4.0-SNAPSHOT/hdds-test-utils-1.4.0-SNAPSHOT.jar:/home/runner/.m2/repository/com/google/guava/guava/31.1-jre/guava-31.1-jre.jar:/home/runner/.m2/repository/com/google/guava/failureaccess/1.0.1/failureaccess-1.0.1.jar:/home/runner/.m2/repository/com/google/guava/listenablefuture/9999.0-empty-to-avoid-conflict-with-guava/listenablefuture-9999.0-empty-to-avoid-conflict-with-guava.jar:/home/runner/.m2/repository/com/google/code/findbugs/jsr305/3.0.0/jsr305-3.0.0.jar:/home/runner/.m2/repository/org/checkerframework/checker-qual/3.12.0/checker-qual-3.12.0.jar:/home/runner/.m2/repository/com/google/j2objc/j2objc-annotations/1.3/j2objc-annotations-1.3.jar:/home/runner/.m2/repository/commons-io/commons-io/2.11.0/commons-io-2.11.0.jar:/home/runner/.m2/repository/commons-logging/commons-logging/1.2/commons-logging-1.2.jar:/home/runner/.m2/repository/ch/qos/reload4j/reload4j/1.2.22/reload4j-1.2.22.jar:/home/runner/.m2/repository/org/slf4j/slf4j-api/1.7.36/slf4j-api-1.7.36.jar:/home/runner/.m2/repository/org/apache/ozone/hdds-server-scm/1.4.0-SNAPSHOT/hdds-server-scm-1.4.0-SNAPSHOT.jar:/home/runner/.m2/repository/org/apache/ozone/hdds-container-service/1.4.0-SNAPSHOT/hdds-container-service-1.4.0-SNAPSHOT.jar:/home/runner/.m2/repository/org/apache/ozone/hdds-hadoop-dependency-server/1.4.0-SNAPSHOT/hdds-hadoop-dependency-server-1.4.0-SNAPSHOT.jar:/home/runner/.m2/repository/org/apache/hadoop/hadoop-hdfs/3.3.5/hadoop-hdfs-3.3.5.jar:/home/runner/.m2/repository/commons-daemon/commons-daemon/1.0.13/commons-daemon-1.0.13.jar:/home/runner/.m2/repository/org/apache/ozone/hdds-server-framework/1.4.0-SNAPSHOT/hdds-server-framework-1.4.0-SNAPSHOT.jar:/home/runner/.m2/repository/io/dropwizard/metrics/metrics-core/3.2.4/metrics-core-3.2.4.jar:/home/runner/.m2/repository/org/apache/commons/commons-text/1.4/commons-text-1.4.jar:/home/runner/.m2/repository/org/bouncycastle/bcprov-jdk15on/1.67/bcprov-jdk15on-1.67.jar:/home/runner/.m2/repository/com/google/protobuf/protobuf-java/2.5.0/protobuf-java-2.5.0.jar:/home/runner/.m2/repository/org/apache/ozone/hdds-server-framework/1.4.0-SNAPSHOT/hdds-server-framework-1.4.0-SNAPSHOT-tests.jar:/home/runner/.m2/repository/org/apache/ozone/hdds-interface-server/1.4.0-SNAPSHOT/hdds-interface-server-1.4.0-SNAPSHOT.jar:/home/runner/.m2/repository/org/apache/ozone/hdds-interface-admin/1.4.0-SNAPSHOT/hdds-interface-admin-1.4.0-SNAPSHOT.jar:/home/runner/.m2/repository/org/apache/ozone/hdds-managed-rocksdb/1.4.0-SNAPSHOT/hdds-managed-rocksdb-1.4.0-SNAPSHOT.jar:/home/runner/.m2/repository/org/rocksdb/rocksdbjni/7.7.3/rocksdbjni-7.7.3.jar:/home/runner/.m2/repository/org/slf4j/slf4j-reload4j/1.7.36/slf4j-reload4j-1.7.36.jar:/home/runner/.m2/repository/org/apache/commons/commons-configuration2/2.1.1/commons-configuration2-2.1.1.jar:/home/runner/.m2/repository/org/apache/logging/log4j/log4j-core/2.17.1/log4j-core-2.17.1.jar:/home/runner/.m2/repository/com/lmax/disruptor/3.4.2/disruptor-3.4.2.jar:/home/runner/.m2/repository/org/eclipse/jetty/jetty-util/9.4.51.v20230217/jetty-util-9.4.51.v20230217.jar:/home/runner/.m2/repository/org/eclipse/jetty/jetty-server/9.4.51.v20230217/jetty-server-9.4.51.v20230217.jar:/home/runner/.m2/repository/org/eclipse/jetty/jetty-http/9.4.51.v20230217/jetty-http-9.4.51.v20230217.jar:/home/runner/.m2/repository/org/eclipse/jetty/jetty-io/9.4.51.v20230217/jetty-io-9.4.51.v20230217.jar:/home/runner/.m2/repository/org/eclipse/jetty/jetty-servlet/9.4.51.v20230217/jetty-servlet-9.4.51.v20230217.jar:/home/runner/.m2/repository/org/eclipse/jetty/jetty-security/9.4.51.v20230217/jetty-security-9.4.51.v20230217.jar:/home/runner/.m2/repository/org/eclipse/jetty/jetty-util-ajax/9.4.51.v20230217/jetty-util-ajax-9.4.51.v20230217.jar:/home/runner/.m2/repository/org/eclipse/jetty/jetty-webapp/9.4.51.v20230217/jetty-webapp-9.4.51.v20230217.jar:/home/runner/.m2/repository/org/eclipse/jetty/jetty-xml/9.4.51.v20230217/jetty-xml-9.4.51.v20230217.jar:/home/runner/.m2/repository/org/apache/ratis/ratis-server/2.5.1/ratis-server-2.5.1.jar:/home/runner/.m2/repository/org/apache/ratis/ratis-thirdparty-misc/1.0.4/ratis-thirdparty-misc-1.0.4.jar:/home/runner/.m2/repository/org/apache/ratis/ratis-proto/2.5.1/ratis-proto-2.5.1.jar:/home/runner/.m2/repository/org/apache/ratis/ratis-common/2.5.1/ratis-common-2.5.1.jar:/home/runner/.m2/repository/org/apache/ratis/ratis-client/2.5.1/ratis-client-2.5.1.jar:/home/runner/.m2/repository/org/apache/ratis/ratis-server-api/2.5.1/ratis-server-api-2.5.1.jar:/home/runner/.m2/repository/org/apache/ratis/ratis-metrics/2.5.1/ratis-metrics-2.5.1.jar:/home/runner/.m2/repository/io/prometheus/simpleclient_dropwizard/0.7.0/simpleclient_dropwizard-0.7.0.jar:/home/runner/.m2/repository/io/prometheus/simpleclient/0.7.0/simpleclient-0.7.0.jar:/home/runner/.m2/repository/io/prometheus/simpleclient_common/0.7.0/simpleclient_common-0.7.0.jar:/home/runner/.m2/repository/com/fasterxml/jackson/datatype/jackson-datatype-jsr310/2.13.4/jackson-datatype-jsr310-2.13.4.jar:/home/runner/.m2/repository/com/fasterxml/jackson/core/jackson-core/2.13.4/jackson-core-2.13.4.jar:/home/runner/.m2/repository/com/github/spotbugs/spotbugs-annotations/3.1.12/spotbugs-annotations-3.1.12.jar:/home/runner/.m2/repository/org/apache/ozone/rocksdb-checkpoint-differ/1.4.0-SNAPSHOT/rocksdb-checkpoint-differ-1.4.0-SNAPSHOT.jar:/home/runner/.m2/repository/org/awaitility/awaitility/4.2.0/awaitility-4.2.0.jar:/home/runner/.m2/repository/org/hamcrest/hamcrest/2.1/hamcrest-2.1.jar:/home/runner/.m2/repository/org/apache/ozone/ozone-manager/1.4.0-SNAPSHOT/ozone-manager-1.4.0-SNAPSHOT.jar:/home/runner/.m2/repository/org/aspectj/aspectjrt/1.9.7/aspectjrt-1.9.7.jar:/home/runner/.m2/repository/org/aspectj/aspectjweaver/1.9.7/aspectjweaver-1.9.7.jar:/home/runner/.m2/repository/org/apache/ozone/hdds-interface-client/1.4.0-SNAPSHOT/hdds-interface-client-1.4.0-SNAPSHOT.jar:/home/runner/.m2/repository/org/apache/hadoop/thirdparty/hadoop-shaded-protobuf_3_7/1.1.1/hadoop-shaded-protobuf_3_7-1.1.1.jar:/home/runner/.m2/repository/org/apache/ozone/ozone-interface-storage/1.4.0-SNAPSHOT/ozone-interface-storage-1.4.0-SNAPSHOT.jar:/home/runner/.m2/repository/org/reflections/reflections/0.9.11/reflections-0.9.11.jar:/home/runner/.m2/repository/com/sun/jersey/jersey-client/1.19/jersey-client-1.19.jar:/home/runner/.m2/repository/org/codehaus/jackson/jackson-core-asl/1.9.13/jackson-core-asl-1.9.13.jar:/home/runner/.m2/repository/org/codehaus/jackson/jackson-mapper-asl/1.9.13/jackson-mapper-asl-1.9.13.jar:/home/runner/.m2/repository/org/codehaus/jackson/jackson-jaxrs/1.9.13/jackson-jaxrs-1.9.13.jar:/home/runner/.m2/repository/org/apache/ranger/ranger-intg/2.3.0/ranger-intg-2.3.0.jar:/home/runner/.m2/repository/org/apache/ranger/ranger-plugins-common/2.3.0/ranger-plugins-common-2.3.0.jar:/home/runner/.m2/repository/commons-lang/commons-lang/2.6/commons-lang-2.6.jar:/home/runner/.m2/repository/org/apache/ranger/ranger-plugins-cred/2.3.0/ranger-plugins-cred-2.3.0.jar:/home/runner/.m2/repository/org/apache/ranger/ranger-plugins-audit/2.3.0/ranger-plugins-audit-2.3.0.jar:/home/runner/.m2/repository/org/eclipse/jetty/jetty-client/9.4.51.v20230217/jetty-client-9.4.51.v20230217.jar:/home/runner/.m2/repository/org/apache/httpcomponents/httpmime/4.5.6/httpmime-4.5.6.jar:/home/runner/.m2/repository/org/apache/httpcomponents/httpcore-nio/4.4.13/httpcore-nio-4.4.13.jar:/home/runner/.m2/repository/org/apache/httpcomponents/httpasyncclient/4.1.3/httpasyncclient-4.1.3.jar:/home/runner/.m2/repository/com/carrotsearch/hppc/0.8.0/hppc-0.8.0.jar:/home/runner/.m2/repository/org/apache/orc/orc-core/1.5.8/orc-core-1.5.8.jar:/home/runner/.m2/repository/net/java/dev/jna/jna/5.2.0/jna-5.2.0.jar:/home/runner/.m2/repository/net/java/dev/jna/jna-platform/5.2.0/jna-platform-5.2.0.jar:/home/runner/.m2/repository/com/kstruct/gethostname4j/0.0.2/gethostname4j-0.0.2.jar:/home/runner/.m2/repository/org/apache/ranger/ranger-plugin-classloader/2.3.0/ranger-plugin-classloader-2.3.0.jar:/home/runner/.m2/repository/org/apache/ozone/hdds-rocks-native/1.4.0-SNAPSHOT/hdds-rocks-native-1.4.0-SNAPSHOT.jar:/home/runner/.m2/repository/org/apache/hadoop/hadoop-minikdc/3.3.5/hadoop-minikdc-3.3.5.jar:/home/runner/.m2/repository/org/apache/kerby/kerb-simplekdc/1.0.1/kerb-simplekdc-1.0.1.jar:/home/runner/.m2/repository/org/apache/kerby/kerb-client/1.0.1/kerb-client-1.0.1.jar:/home/runner/.m2/repository/org/apache/kerby/kerby-config/1.0.1/kerby-config-1.0.1.jar:/home/runner/.m2/repository/org/apache/kerby/kerb-common/1.0.1/kerb-common-1.0.1.jar:/home/runner/.m2/repository/org/apache/kerby/kerb-crypto/1.0.1/kerb-crypto-1.0.1.jar:/home/runner/.m2/repository/org/apache/kerby/kerb-util/1.0.1/kerb-util-1.0.1.jar:/home/runner/.m2/repository/org/apache/kerby/token-provider/1.0.1/token-provider-1.0.1.jar:/home/runner/.m2/repository/org/apache/kerby/kerb-admin/1.0.1/kerb-admin-1.0.1.jar:/home/runner/.m2/repository/org/apache/kerby/kerb-server/1.0.1/kerb-server-1.0.1.jar:/home/runner/.m2/repository/org/apache/kerby/kerb-identity/1.0.1/kerb-identity-1.0.1.jar:/home/runner/.m2/repository/org/apache/kerby/kerby-xdr/1.0.1/kerby-xdr-1.0.1.jar:/home/runner/.m2/repository/org/apache/ozone/ozone-s3gateway/1.4.0-SNAPSHOT/ozone-s3gateway-1.4.0-SNAPSHOT.jar:/home/runner/.m2/repository/org/javassist/javassist/3.21.0-GA/javassist-3.21.0-GA.jar:/home/runner/.m2/repository/org/jboss/weld/servlet/weld-servlet-shaded/3.1.9.Final/weld-servlet-shaded-3.1.9.Final.jar:/home/runner/.m2/repository/org/glassfish/jersey/containers/jersey-container-servlet-core/2.34/jersey-container-servlet-core-2.34.jar:/home/runner/.m2/repository/org/glassfish/hk2/external/jakarta.inject/2.6.1/jakarta.inject-2.6.1.jar:/home/runner/.m2/repository/org/glassfish/jersey/core/jersey-common/2.34/jersey-common-2.34.jar:/home/runner/.m2/repository/jakarta/ws/rs/jakarta.ws.rs-api/2.1.6/jakarta.ws.rs-api-2.1.6.jar:/home/runner/.m2/repository/org/glassfish/jersey/ext/cdi/jersey-cdi1x/2.34/jersey-cdi1x-2.34.jar:/home/runner/.m2/repository/org/glassfish/jersey/inject/jersey-hk2/2.34/jersey-hk2-2.34.jar:/home/runner/.m2/repository/org/glassfish/hk2/hk2-locator/2.6.1/hk2-locator-2.6.1.jar:/home/runner/.m2/repository/org/glassfish/jersey/media/jersey-media-jaxb/2.34/jersey-media-jaxb-2.34.jar:/home/runner/.m2/repository/org/glassfish/hk2/osgi-resource-locator/1.0.3/osgi-resource-locator-1.0.3.jar:/home/runner/.m2/repository/org/glassfish/hk2/hk2-api/2.5.0/hk2-api-2.5.0.jar:/home/runner/.m2/repository/org/glassfish/hk2/hk2-utils/2.5.0/hk2-utils-2.5.0.jar:/home/runner/.m2/repository/org/glassfish/hk2/external/aopalliance-repackaged/2.5.0/aopalliance-repackaged-2.5.0.jar:/home/runner/.m2/repository/com/fasterxml/jackson/dataformat/jackson-dataformat-xml/2.13.4/jackson-dataformat-xml-2.13.4.jar:/home/runner/.m2/repository/org/codehaus/woodstox/stax2-api/4.2.1/stax2-api-4.2.1.jar:/home/runner/.m2/repository/com/fasterxml/woodstox/woodstox-core/5.4.0/woodstox-core-5.4.0.jar:/home/runner/.m2/repository/com/fasterxml/jackson/module/jackson-module-jaxb-annotations/2.13.4/jackson-module-jaxb-annotations-2.13.4.jar:/home/runner/.m2/repository/jakarta/xml/bind/jakarta.xml.bind-api/2.3.3/jakarta.xml.bind-api-2.3.3.jar:/home/runner/.m2/repository/jakarta/activation/jakarta.activation-api/1.2.2/jakarta.activation-api-1.2.2.jar:/home/runner/.m2/repository/javax/enterprise/cdi-api/2.0/cdi-api-2.0.jar:/home/runner/.m2/repository/javax/el/javax.el-api/3.0.0/javax.el-api-3.0.0.jar:/home/runner/.m2/repository/javax/interceptor/javax.interceptor-api/1.2/javax.interceptor-api-1.2.jar:/home/runner/.m2/repository/javax/inject/javax.inject/1/javax.inject-1.jar:/home/runner/.m2/repository/javax/xml/bind/jaxb-api/2.3.0/jaxb-api-2.3.0.jar:/home/runner/.m2/repository/org/glassfish/jaxb/jaxb-runtime/2.3.0.1/jaxb-runtime-2.3.0.1.jar:/home/runner/.m2/repository/org/glassfish/jaxb/jaxb-core/2.3.0.1/jaxb-core-2.3.0.1.jar:/home/runner/.m2/repository/org/glassfish/jaxb/txw2/2.3.0.1/txw2-2.3.0.1.jar:/home/runner/.m2/repository/com/sun/istack/istack-commons-runtime/3.0.5/istack-commons-runtime-3.0.5.jar:/home/runner/.m2/repository/org/jvnet/staxex/stax-ex/1.7.8/stax-ex-1.7.8.jar:/home/runner/.m2/repository/com/sun/xml/fastinfoset/FastInfoset/1.2.13/FastInfoset-1.2.13.jar:/home/runner/.m2/repository/javax/activation/activation/1.1.1/activation-1.1.1.jar:/home/runner/.m2/repository/io/grpc/grpc-protobuf/1.51.1/grpc-protobuf-1.51.1.jar:/home/runner/.m2/repository/com/google/api/grpc/proto-google-common-protos/2.9.0/proto-google-common-protos-2.9.0.jar:/home/runner/.m2/repository/io/grpc/grpc-protobuf-lite/1.51.1/grpc-protobuf-lite-1.51.1.jar:/home/runner/.m2/repository/io/grpc/grpc-stub/1.51.1/grpc-stub-1.51.1.jar:/home/runner/.m2/repository/io/netty/netty-transport/4.1.86.Final/netty-transport-4.1.86.Final.jar:/home/runner/.m2/repository/io/netty/netty-resolver/4.1.86.Final/netty-resolver-4.1.86.Final.jar:/home/runner/.m2/repository/org/apache/ozone/ozone-csi/1.4.0-SNAPSHOT/ozone-csi-1.4.0-SNAPSHOT.jar:/home/runner/.m2/repository/com/google/protobuf/protobuf-java-util/3.19.6/protobuf-java-util-3.19.6.jar:/home/runner/.m2/repository/com/google/code/gson/gson/2.9.0/gson-2.9.0.jar:/home/runner/.m2/repository/org/apache/ozone/hdds-config/1.4.0-SNAPSHOT/hdds-config-1.4.0-SNAPSHOT.jar:/home/runner/.m2/repository/io/netty/netty-transport-native-epoll/4.1.86.Final/netty-transport-native-epoll-4.1.86.Final-linux-x86_64.jar:/home/runner/.m2/repository/io/netty/netty-transport-classes-epoll/4.1.86.Final/netty-transport-classes-epoll-4.1.86.Final.jar:/home/runner/.m2/repository/io/netty/netty-transport-native-unix-common/4.1.86.Final/netty-transport-native-unix-common-4.1.86.Final.jar:/home/runner/.m2/repository/org/apache/ozone/ozone-recon/1.4.0-SNAPSHOT/ozone-recon-1.4.0-SNAPSHOT.jar:/home/runner/.m2/repository/org/apache/ozone/ozone-reconcodegen/1.4.0-SNAPSHOT/ozone-reconcodegen-1.4.0-SNAPSHOT.jar:/home/runner/.m2/repository/com/google/inject/guice/5.1.0/guice-5.1.0.jar:/home/runner/.m2/repository/aopalliance/aopalliance/1.0/aopalliance-1.0.jar:/home/runner/.m2/repository/com/google/inject/extensions/guice-assistedinject/5.1.0/guice-assistedinject-5.1.0.jar:/home/runner/.m2/repository/com/google/inject/extensions/guice-servlet/5.1.0/guice-servlet-5.1.0.jar:/home/runner/.m2/repository/org/glassfish/jersey/containers/jersey-container-servlet/2.34/jersey-container-servlet-2.34.jar:/home/runner/.m2/repository/org/glassfish/hk2/guice-bridge/2.5.0/guice-bridge-2.5.0.jar:/home/runner/.m2/repository/org/glassfish/jersey/core/jersey-server/2.34/jersey-server-2.34.jar:/home/runner/.m2/repository/org/glassfish/jersey/core/jersey-client/2.34/jersey-client-2.34.jar:/home/runner/.m2/repository/jakarta/annotation/jakarta.annotation-api/1.3.5/jakarta.annotation-api-1.3.5.jar:/home/runner/.m2/repository/jakarta/validation/jakarta.validation-api/2.0.2/jakarta.validation-api-2.0.2.jar:/home/runner/.m2/repository/org/glassfish/jersey/media/jersey-media-json-jackson/2.34/jersey-media-json-jackson-2.34.jar:/home/runner/.m2/repository/org/glassfish/jersey/ext/jersey-entity-filtering/2.34/jersey-entity-filtering-2.34.jar:/home/runner/.m2/repository/org/jooq/jooq/3.11.10/jooq-3.11.10.jar:/home/runner/.m2/repository/org/jooq/jooq-meta/3.11.10/jooq-meta-3.11.10.jar:/home/runner/.m2/repository/org/jooq/jooq-codegen/3.11.10/jooq-codegen-3.11.10.jar:/home/runner/.m2/repository/com/jolbox/bonecp/0.8.0.RELEASE/bonecp-0.8.0.RELEASE.jar:/home/runner/.m2/repository/org/apache/derby/derby/10.14.2.0/derby-10.14.2.0.jar:/home/runner/.m2/repository/org/xerial/sqlite-jdbc/3.41.2.2/sqlite-jdbc-3.41.2.2.jar:/home/runner/.m2/repository/org/springframework/spring-jdbc/5.3.27/spring-jdbc-5.3.27.jar:/home/runner/.m2/repository/org/springframework/spring-beans/5.3.27/spring-beans-5.3.27.jar:/home/runner/.m2/repository/org/springframework/spring-core/5.3.27/spring-core-5.3.27.jar:/home/runner/.m2/repository/org/springframework/spring-tx/5.3.27/spring-tx-5.3.27.jar:/home/runner/.m2/repository/org/apache/ozone/ozone-client/1.4.0-SNAPSHOT/ozone-client-1.4.0-SNAPSHOT.jar:/home/runner/.m2/repository/org/apache/ozone/hdds-erasurecode/1.4.0-SNAPSHOT/hdds-erasurecode-1.4.0-SNAPSHOT.jar:/home/runner/.m2/repository/org/apache/ozone/ozone-filesystem/1.4.0-SNAPSHOT/ozone-filesystem-1.4.0-SNAPSHOT.jar:/home/runner/.m2/repository/org/apache/ozone/ozone-filesystem-common/1.4.0-SNAPSHOT/ozone-filesystem-common-1.4.0-SNAPSHOT.jar:/home/runner/.m2/repository/org/apache/ozone/ozone-tools/1.4.0-SNAPSHOT/ozone-tools-1.4.0-SNAPSHOT.jar:/home/runner/.m2/repository/com/amazonaws/aws-java-sdk-core/1.12.261/aws-java-sdk-core-1.12.261.jar:/home/runner/.m2/repository/org/apache/httpcomponents/httpclient/4.5.13/httpclient-4.5.13.jar:/home/runner/.m2/repository/org/apache/httpcomponents/httpcore/4.4.13/httpcore-4.4.13.jar:/home/runner/.m2/repository/software/amazon/ion/ion-java/1.0.2/ion-java-1.0.2.jar:/home/runner/.m2/repository/com/fasterxml/jackson/dataformat/jackson-dataformat-cbor/2.13.4/jackson-dataformat-cbor-2.13.4.jar:/home/runner/.m2/repository/joda-time/joda-time/2.10.6/joda-time-2.10.6.jar:/home/runner/.m2/repository/com/amazonaws/aws-java-sdk-s3/1.12.261/aws-java-sdk-s3-1.12.261.jar:/home/runner/.m2/repository/com/amazonaws/aws-java-sdk-kms/1.12.261/aws-java-sdk-kms-1.12.261.jar:/home/runner/.m2/repository/com/amazonaws/jmespath-java/1.12.261/jmespath-java-1.12.261.jar:/home/runner/.m2/repository/org/kohsuke/metainf-services/metainf-services/1.8/metainf-services-1.8.jar:/home/runner/.m2/repository/org/apache/ozone/hdds-tools/1.4.0-SNAPSHOT/hdds-tools-1.4.0-SNAPSHOT.jar:/home/runner/.m2/repository/org/apache/ratis/ratis-tools/2.5.1/ratis-tools-2.5.1.jar:/home/runner/.m2/repository/commons-cli/commons-cli/1.2/commons-cli-1.2.jar:/home/runner/.m2/repository/org/apache/commons/commons-lang3/3.7/commons-lang3-3.7.jar:/home/runner/.m2/repository/org/apache/ozone/ozone-manager/1.4.0-SNAPSHOT/ozone-manager-1.4.0-SNAPSHOT-tests.jar:/home/runner/.m2/repository/org/apache/ozone/hdds-common/1.4.0-SNAPSHOT/hdds-common-1.4.0-SNAPSHOT-tests.jar:/home/runner/.m2/repository/org/apache/ozone/hdds-hadoop-dependency-client/1.4.0-SNAPSHOT/hdds-hadoop-dependency-client-1.4.0-SNAPSHOT.jar:/home/runner/.m2/repository/info/picocli/picocli/4.6.1/picocli-4.6.1.jar:/home/runner/.m2/repository/com/fasterxml/jackson/core/jackson-annotations/2.13.4/jackson-annotations-2.13.4.jar:/home/runner/.m2/repository/org/apache/ozone/hdds-annotation-processing/1.4.0-SNAPSHOT/hdds-annotation-processing-1.4.0-SNAPSHOT.jar:/home/runner/.m2/repository/javax/annotation/javax.annotation-api/1.2/javax.annotation-api-1.2.jar:/home/runner/.m2/repository/org/apache/ratis/ratis-netty/2.5.1/ratis-netty-2.5.1.jar:/home/runner/.m2/repository/org/apache/ratis/ratis-grpc/2.5.1/ratis-grpc-2.5.1.jar:/home/runner/.m2/repository/org/apache/logging/log4j/log4j-api/2.17.1/log4j-api-2.17.1.jar:/home/runner/.m2/repository/org/apache/commons/commons-pool2/2.6.0/commons-pool2-2.6.0.jar:/home/runner/.m2/repository/org/bouncycastle/bcpkix-jdk15on/1.67/bcpkix-jdk15on-1.67.jar:/home/runner/.m2/repository/commons-validator/commons-validator/1.6/commons-validator-1.6.jar:/home/runner/.m2/repository/commons-beanutils/commons-beanutils/1.9.4/commons-beanutils-1.9.4.jar:/home/runner/.m2/repository/commons-digester/commons-digester/1.8.1/commons-digester-1.8.1.jar:/home/runner/.m2/repository/commons-collections/commons-collections/3.2.2/commons-collections-3.2.2.jar:/home/runner/.m2/repository/io/jaegertracing/jaeger-client/1.6.0/jaeger-client-1.6.0.jar:/home/runner/.m2/repository/io/jaegertracing/jaeger-thrift/1.6.0/jaeger-thrift-1.6.0.jar:/home/runner/.m2/repository/org/apache/thrift/libthrift/0.14.1/libthrift-0.14.1.jar:/home/runner/.m2/repository/io/jaegertracing/jaeger-core/1.6.0/jaeger-core-1.6.0.jar:/home/runner/.m2/repository/io/jaegertracing/jaeger-tracerresolver/1.6.0/jaeger-tracerresolver-1.6.0.jar:/home/runner/.m2/repository/io/opentracing/contrib/opentracing-tracerresolver/0.1.8/opentracing-tracerresolver-0.1.8.jar:/home/runner/.m2/repository/org/jetbrains/kotlin/kotlin-stdlib/1.6.21/kotlin-stdlib-1.6.21.jar:/home/runner/.m2/repository/org/jetbrains/annotations/13.0/annotations-13.0.jar:/home/runner/.m2/repository/io/opentracing/opentracing-util/0.33.0/opentracing-util-0.33.0.jar:/home/runner/.m2/repository/io/opentracing/opentracing-api/0.33.0/opentracing-api-0.33.0.jar:/home/runner/.m2/repository/io/opentracing/opentracing-noop/0.33.0/opentracing-noop-0.33.0.jar:/home/runner/.m2/repository/org/yaml/snakeyaml/2.0/snakeyaml-2.0.jar:/home/runner/.m2/repository/io/grpc/grpc-api/1.51.1/grpc-api-1.51.1.jar:/home/runner/.m2/repository/io/grpc/grpc-context/1.51.1/grpc-context-1.51.1.jar:/home/runner/.m2/repository/junit/junit/4.13.1/junit-4.13.1.jar:/home/runner/.m2/repository/org/hamcrest/hamcrest-core/1.3/hamcrest-core-1.3.jar:/home/runner/.m2/repository/org/junit/jupiter/junit-jupiter-api/5.8.2/junit-jupiter-api-5.8.2.jar:/home/runner/.m2/repository/org/opentest4j/opentest4j/1.2.0/opentest4j-1.2.0.jar:/home/runner/.m2/repository/org/junit/platform/junit-platform-commons/1.8.2/junit-platform-commons-1.8.2.jar:/home/runner/.m2/repository/org/apiguardian/apiguardian-api/1.1.2/apiguardian-api-1.1.2.jar:/home/runner/.m2/repository/org/junit/jupiter/junit-jupiter-params/5.8.2/junit-jupiter-params-5.8.2.jar:/home/runner/.m2/repository/org/junit/jupiter/junit-jupiter-migrationsupport/5.8.2/junit-jupiter-migrationsupport-5.8.2.jar:/home/runner/.m2/repository/org/junit/jupiter/junit-jupiter-engine/5.8.2/junit-jupiter-engine-5.8.2.jar:/home/runner/.m2/repository/org/junit/platform/junit-platform-engine/1.8.2/junit-platform-engine-1.8.2.jar:/home/runner/.m2/repository/org/junit/vintage/junit-vintage-engine/5.8.2/junit-vintage-engine-5.8.2.jar:/home/runner/.m2/repository/org/junit/platform/junit-platform-launcher/1.8.2/junit-platform-launcher-1.8.2.jar:/home/runner/.m2/repository/org/mockito/mockito-core/2.28.2/mockito-core-2.28.2.jar:/home/runner/.m2/repository/net/bytebuddy/byte-buddy/1.9.10/byte-buddy-1.9.10.jar:/home/runner/.m2/repository/net/bytebuddy/byte-buddy-agent/1.9.10/byte-buddy-agent-1.9.10.jar:/home/runner/.m2/repository/org/objenesis/objenesis/1.0/objenesis-1.0.jar:/home/runner/.m2/repository/org/apache/hadoop/hadoop-kms/3.3.5/hadoop-kms-3.3.5.jar:/home/runner/.m2/repository/org/apache/hadoop/hadoop-auth/3.3.5/hadoop-auth-3.3.5.jar:/home/runner/.m2/repository/com/nimbusds/nimbus-jose-jwt/9.8.1/nimbus-jose-jwt-9.8.1.jar:/home/runner/.m2/repository/com/github/stephenc/jcip/jcip-annotations/1.0-1/jcip-annotations-1.0-1.jar:/home/runner/.m2/repository/net/minidev/json-smart/2.4.7/json-smart-2.4.7.jar:/home/runner/.m2/repository/net/minidev/accessors-smart/2.4.7/accessors-smart-2.4.7.jar:/home/runner/.m2/repository/org/ow2/asm/asm/5.0.4/asm-5.0.4.jar:/home/runner/.m2/repository/org/apache/zookeeper/zookeeper/3.5.6/zookeeper-3.5.6.jar:/home/runner/.m2/repository/org/apache/zookeeper/zookeeper-jute/3.5.6/zookeeper-jute-3.5.6.jar:/home/runner/.m2/repository/org/apache/yetus/audience-annotations/0.5.0/audience-annotations-0.5.0.jar:/home/runner/.m2/repository/org/apache/curator/curator-framework/4.2.0/curator-framework-4.2.0.jar:/home/runner/.m2/repository/org/apache/hadoop/thirdparty/hadoop-shaded-guava/1.1.1/hadoop-shaded-guava-1.1.1.jar:/home/runner/.m2/repository/com/sun/jersey/jersey-core/1.19/jersey-core-1.19.jar:/home/runner/.m2/repository/javax/ws/rs/jsr311-api/1.1.1/jsr311-api-1.1.1.jar:/home/runner/.m2/repository/com/sun/jersey/jersey-server/1.19/jersey-server-1.19.jar:/home/runner/.m2/repository/javax/servlet/javax.servlet-api/3.1.0/javax.servlet-api-3.1.0.jar:/home/runner/.m2/repository/org/apache/hadoop/hadoop-common/3.3.5/hadoop-common-3.3.5.jar:/home/runner/.m2/repository/org/apache/commons/commons-math3/3.1.1/commons-math3-3.1.1.jar:/home/runner/.m2/repository/commons-net/commons-net/3.9.0/commons-net-3.9.0.jar:/home/runner/.m2/repository/com/sun/jersey/jersey-servlet/1.19/jersey-servlet-1.19.jar:/home/runner/.m2/repository/com/github/pjfanning/jersey-json/1.20/jersey-json-1.20.jar:/home/runner/.m2/repository/org/codehaus/jettison/jettison/1.1/jettison-1.1.jar:/home/runner/.m2/repository/com/sun/xml/bind/jaxb-impl/2.2.3-1/jaxb-impl-2.2.3-1.jar:/home/runner/.m2/repository/com/google/re2j/re2j/1.1/re2j-1.1.jar:/home/runner/.m2/repository/com/jcraft/jsch/0.1.54/jsch-0.1.54.jar:/home/runner/.m2/repository/org/apache/curator/curator-client/4.2.0/curator-client-4.2.0.jar:/home/runner/.m2/repository/org/apache/curator/curator-recipes/4.2.0/curator-recipes-4.2.0.jar:/home/runner/.m2/repository/org/apache/kerby/kerb-core/1.0.1/kerb-core-1.0.1.jar:/home/runner/.m2/repository/org/apache/kerby/kerby-pkix/1.0.1/kerby-pkix-1.0.1.jar:/home/runner/.m2/repository/org/apache/kerby/kerby-asn1/1.0.1/kerby-asn1-1.0.1.jar:/home/runner/.m2/repository/org/apache/kerby/kerby-util/1.0.1/kerby-util-1.0.1.jar:/home/runner/.m2/repository/dnsjava/dnsjava/2.1.7/dnsjava-2.1.7.jar:/home/runner/.m2/repository/org/xerial/snappy/snappy-java/1.1.8.2/snappy-java-1.1.8.2.jar:/home/runner/.m2/repository/com/fasterxml/jackson/core/jackson-databind/2.13.4.2/jackson-databind-2.13.4.2.jar:/home/runner/.m2/repository/org/apache/hadoop/hadoop-kms/3.3.5/hadoop-kms-3.3.5-tests.jar:/home/runner/.m2/repository/org/apache/ozone/hdds-server-scm/1.4.0-SNAPSHOT/hdds-server-scm-1.4.0-SNAPSHOT-tests.jar:/home/runner/.m2/repository/org/apache/ozone/hdds-container-service/1.4.0-SNAPSHOT/hdds-container-service-1.4.0-SNAPSHOT-tests.jar:/home/runner/.m2/repository/com/github/luben/zstd-jni/1.5.2-5/zstd-jni-1.5.2-5.jar:/home/runner/.m2/repository/commons-codec/commons-codec/1.15/commons-codec-1.15.jar:/home/runner/.m2/repository/io/netty/netty-codec/4.1.86.Final/netty-codec-4.1.86.Final.jar:/home/runner/.m2/repository/io/netty/netty-handler/4.1.86.Final/netty-handler-4.1.86.Final.jar:/home/runner/.m2/repository/org/apache/ozone/hdds-hadoop-dependency-test/1.4.0-SNAPSHOT/hdds-hadoop-dependency-test-1.4.0-SNAPSHOT.jar:/home/runner/.m2/repository/org/apache/hadoop/hadoop-common/3.3.5/hadoop-common-3.3.5-tests.jar:/home/runner/.m2/repository/org/apache/hadoop/hadoop-hdfs/3.3.5/hadoop-hdfs-3.3.5-tests.jar:/home/runner/.m2/repository/org/assertj/assertj-core/3.12.2/assertj-core-3.12.2.jar:/home/runner/.m2/repository/org/apache/hadoop/hadoop-distcp/3.3.5/hadoop-distcp-3.3.5.jar:/home/runner/.m2/repository/org/apache/hadoop/hadoop-mapreduce-client-jobclient/3.3.5/hadoop-mapreduce-client-jobclient-3.3.5.jar:/home/runner/.m2/repository/org/apache/hadoop/hadoop-mapreduce-client-common/3.3.5/hadoop-mapreduce-client-common-3.3.5.jar:/home/runner/.m2/repository/org/apache/hadoop/hadoop-yarn-common/3.3.5/hadoop-yarn-common-3.3.5.jar:/home/runner/.m2/repository/org/apache/hadoop/hadoop-yarn-api/3.3.5/hadoop-yarn-api-3.3.5.jar:/home/runner/.m2/repository/com/sun/jersey/contribs/jersey-guice/1.19/jersey-guice-1.19.jar:/home/runner/.m2/repository/com/fasterxml/jackson/jaxrs/jackson-jaxrs-json-provider/2.13.4/jackson-jaxrs-json-provider-2.13.4.jar:/home/runner/.m2/repository/com/fasterxml/jackson/jaxrs/jackson-jaxrs-base/2.13.4/jackson-jaxrs-base-2.13.4.jar:/home/runner/.m2/repository/org/apache/hadoop/hadoop-yarn-client/3.3.5/hadoop-yarn-client-3.3.5.jar:/home/runner/.m2/repository/org/eclipse/jetty/websocket/websocket-client/9.4.48.v20220622/websocket-client-9.4.48.v20220622.jar:/home/runner/.m2/repository/org/eclipse/jetty/websocket/websocket-common/9.4.48.v20220622/websocket-common-9.4.48.v20220622.jar:/home/runner/.m2/repository/org/eclipse/jetty/websocket/websocket-api/9.4.48.v20220622/websocket-api-9.4.48.v20220622.jar:/home/runner/.m2/repository/org/jline/jline/3.9.0/jline-3.9.0.jar:/home/runner/.m2/repository/org/apache/hadoop/hadoop-mapreduce-client-core/3.3.5/hadoop-mapreduce-client-core-3.3.5.jar:/home/runner/.m2/repository/org/apache/avro/avro/1.7.7/avro-1.7.7.jar:/home/runner/.m2/repository/com/thoughtworks/paranamer/paranamer/2.3/paranamer-2.3.jar:/home/runner/.m2/repository/org/apache/hadoop/hadoop-annotations/3.3.5/hadoop-annotations-3.3.5.jar:/usr/lib/jvm/temurin-8-jdk-amd64/jre/../lib/tools.jar:/home/runner/.m2/repository/io/netty/netty/3.10.6.Final/netty-3.10.6.Final.jar:/home/runner/.m2/repository/org/apache/hadoop/hadoop-distcp/3.3.5/hadoop-distcp-3.3.5-tests.jar:/home/runner/.m2/repository/org/slf4j/jul-to-slf4j/1.7.36/jul-to-slf4j-1.7.36.jar:"/>
    <property name="sun.cpu.endian" value="little"/>
    <property name="user.home" value="/home/runner"/>
    <property name="user.language" value="en"/>
    <property name="java.specification.vendor" value="Oracle Corporation"/>
    <property name="java.home" value="/usr/lib/jvm/temurin-8-jdk-amd64/jre"/>
    <property name="java.security.krb5.conf" value="/home/runner/work/ozone/ozone/hadoop-ozone/integration-test/target/test-classes/krb5.conf"/>
    <property name="basedir" value="/home/runner/work/ozone/ozone/hadoop-ozone/integration-test"/>
    <property name="file.separator" value="/"/>
    <property name="line.separator" value="&#10;"/>
    <property name="java.vm.specification.vendor" value="Oracle Corporation"/>
    <property name="java.specification.name" value="Java Platform API Specification"/>
    <property name="java.awt.graphicsenv" value="sun.awt.X11GraphicsEnvironment"/>
    <property name="skip.installnpx" value="true"/>
    <property name="surefire.real.class.path" value="/home/runner/work/ozone/ozone/hadoop-ozone/integration-test/target/surefire/surefirebooter5108895480770082980.jar:/home/runner/.m2/repository/org/jacoco/org.jacoco.agent/0.8.5/org.jacoco.agent-0.8.5-runtime.jar"/>
    <property name="hadoop.log.dir" value="/home/runner/work/ozone/ozone/hadoop-ozone/integration-test/target/log"/>
    <property name="sun.boot.class.path" value="/usr/lib/jvm/temurin-8-jdk-amd64/jre/lib/resources.jar:/usr/lib/jvm/temurin-8-jdk-amd64/jre/lib/rt.jar:/usr/lib/jvm/temurin-8-jdk-amd64/jre/lib/sunrsasign.jar:/usr/lib/jvm/temurin-8-jdk-amd64/jre/lib/jsse.jar:/usr/lib/jvm/temurin-8-jdk-amd64/jre/lib/jce.jar:/usr/lib/jvm/temurin-8-jdk-amd64/jre/lib/charsets.jar:/usr/lib/jvm/temurin-8-jdk-amd64/jre/lib/jfr.jar:/usr/lib/jvm/temurin-8-jdk-amd64/jre/classes"/>
    <property name="sun.management.compiler" value="HotSpot 64-Bit Tiered Compilers"/>
    <property name="skip.npx" value="true"/>
    <property name="java.runtime.version" value="1.8.0_372-b07"/>
    <property name="java.net.preferIPv4Stack" value="true"/>
    <property name="user.name" value="runner"/>
    <property name="path.separator" value=":"/>
    <property name="java.security.egd" value="file:///dev/urandom"/>
    <property name="os.version" value="5.15.0-1038-azure"/>
    <property name="java.endorsed.dirs" value="/usr/lib/jvm/temurin-8-jdk-amd64/jre/lib/endorsed"/>
    <property name="java.runtime.name" value="OpenJDK Runtime Environment"/>
    <property name="file.encoding" value="UTF-8"/>
    <property name="java.vm.name" value="OpenJDK 64-Bit Server VM"/>
    <property name="test.build.webapps" value=""/>
    <property name="localRepository" value="/home/runner/.m2/repository"/>
    <property name="jetty.git.hash" value="b45c405e4544384de066f814ed42ae3dceacdd49"/>
    <property name="java.vendor.url.bug" value="https://github.com/adoptium/adoptium-support/issues"/>
    <property name="java.io.tmpdir" value="/tmp"/>
    <property name="require.test.libhadoop" value=""/>
    <property name="java.version" value="1.8.0_372"/>
    <property name="user.dir" value="/home/runner/work/ozone/ozone/hadoop-ozone/integration-test"/>
    <property name="os.arch" value="amd64"/>
    <property name="java.vm.specification.name" value="Java Virtual Machine Specification"/>
    <property name="test.build.classes" value="/home/runner/work/ozone/ozone/hadoop-ozone/integration-test/target/test-classes"/>
    <property name="java.awt.printerjob" value="sun.print.PSPrinterJob"/>
    <property name="sun.os.patch.level" value="unknown"/>
    <property name="org.apache.ratis.thirdparty.io.netty.allocator.useCacheForAllThreads" value="false"/>
    <property name="hadoop.tmp.dir" value="/home/runner/work/ozone/ozone/hadoop-ozone/integration-test/target/tmp"/>
    <property name="java.library.path" value="/usr/java/packages/lib/amd64:/usr/lib64:/lib64:/lib:/usr/lib"/>
    <property name="java.vm.info" value="mixed mode"/>
    <property name="java.vendor" value="Temurin"/>
    <property name="java.vm.version" value="25.372-b07"/>
    <property name="java.specification.maintenance.version" value="4"/>
    <property name="java.ext.dirs" value="/usr/lib/jvm/temurin-8-jdk-amd64/jre/lib/ext:/usr/java/packages/lib/ext"/>
    <property name="sun.io.unicode.encoding" value="UnicodeLittle"/>
    <property name="java.class.version" value="52.0"/>
  </properties>
  <testcase name="bucketUsedBytesOverWrite(BucketLayout)[1]" classname="org.apache.hadoop.ozone.client.rpc.TestSecureOzoneRpcClient" time="11.786">
    <system-out><![CDATA[2023-06-02 05:15:11,679 [main] INFO  audit.AuditLogger (AuditLogger.java:refreshDebugCmdSet(126)) - Refresh DebugCmdSet for OMAudit to [].
2023-06-02 05:15:13,552 [main] INFO  utils.SelfSignedCertificate (SelfSignedCertificate.java:generateCertificate(153)) - Certificate 1 is issued by CN=rootCA@localhost,OU=scm1,O=cluster1 to CN=rootCA@localhost,OU=scm1,O=cluster1, valid from Fri Jun 02 05:15:13 UTC 2023 to Mon Jul 10 05:15:13 UTC 2028
2023-06-02 05:15:13,734 [main] WARN  server.ServerUtils (ServerUtils.java:getScmDbDir(155)) - ozone.scm.db.dirs is not configured. We recommend adding this setting. Falling back to ozone.metadata.dirs instead.
2023-06-02 05:15:13,975 [main] INFO  reflections.Reflections (Reflections.java:scan(232)) - Reflections took 196 ms to scan 7 urls, producing 157 keys and 369 values 
2023-06-02 05:15:14,118 [main] WARN  server.ServerUtils (ServerUtils.java:getScmDbDir(155)) - ozone.scm.db.dirs is not configured. We recommend adding this setting. Falling back to ozone.metadata.dirs instead.
2023-06-02 05:15:14,122 [main] INFO  ha.SCMHANodeDetails (SCMHANodeDetails.java:loadSCMHAConfig(209)) - ServiceID for StorageContainerManager is null
2023-06-02 05:15:14,134 [main] WARN  ha.SCMHANodeDetails (SCMHANodeDetails.java:validateSCMHAConfig(182)) - Invalid config ozone.scm.ratis.enable. The config was not specified, but the default value true conflicts with the expected config value false. Falling back to the expected value. Current State of SCM: SCM is running in Non-HA without Ratis Ratis SCM -> Non Ratis SCM or Non HA SCM -> HA SCM is not supported
2023-06-02 05:15:14,135 [main] INFO  ha.SCMHANodeDetails (SCMHANodeDetails.java:loadSCMHAConfig(214)) - ozone.scm.default.service.id is not defined, falling back to ozone.scm.service.ids to find serviceID for StorageContainerManager if it is HA enabled cluster
2023-06-02 05:15:14,397 [main] WARN  utils.HAUtils (HAUtils.java:getMetaDir(350)) - ozone.scm.db.dirs is not configured. We recommend adding this setting. Falling back to ozone.metadata.dirs instead.
2023-06-02 05:15:14,559 [main] WARN  db.DBStoreBuilder (DBStoreBuilder.java:applyDBDefinition(165)) - ozone.scm.db.dirs is not configured. We recommend adding this setting. Falling back to ozone.metadata.dirs instead.
2023-06-02 05:15:14,908 [main] INFO  net.NodeSchemaLoader (NodeSchemaLoader.java:loadSchemaFromFile(129)) - Loading schema from [jar:file:/home/runner/.m2/repository/org/apache/ozone/hdds-common/1.4.0-SNAPSHOT/hdds-common-1.4.0-SNAPSHOT.jar!/network-topology-default.xml]
2023-06-02 05:15:14,910 [main] INFO  net.NodeSchemaLoader (NodeSchemaLoader.java:loadSchema(176)) - Loading network topology layer schema file
2023-06-02 05:15:14,971 [main] INFO  metrics.MetricRegistries (MetricRegistriesLoader.java:load(64)) - Loaded MetricRegistries class org.apache.ratis.metrics.impl.MetricRegistriesImpl
2023-06-02 05:15:14,988 [main] INFO  upgrade.AbstractLayoutVersionManager (AbstractLayoutVersionManager.java:init(83)) - Initializing Layout version manager with metadata layout = HADOOP_PRC_PORTS_IN_DATANODEDETAILS (version = 7), software layout = HADOOP_PRC_PORTS_IN_DATANODEDETAILS (version = 7)
2023-06-02 05:15:15,158 [main] INFO  ha.SequenceIdGenerator (SequenceIdGenerator.java:upgradeToSequenceId(349)) - upgrade localId to 111677748019200000
2023-06-02 05:15:15,163 [main] INFO  ha.SequenceIdGenerator (SequenceIdGenerator.java:upgradeToSequenceId(359)) - upgrade delTxnId to 0
2023-06-02 05:15:15,169 [main] INFO  ha.SequenceIdGenerator (SequenceIdGenerator.java:upgradeToSequenceId(376)) - upgrade containerId to 0
2023-06-02 05:15:15,172 [main] INFO  ha.SequenceIdGenerator (SequenceIdGenerator.java:<init>(220)) - Init the HA SequenceIdGenerator.
2023-06-02 05:15:15,240 [main] WARN  server.ServerUtils (ServerUtils.java:sanitizeUserArgs(80)) - ozone.scm.stale.node.interval value = 300000 is larger than max = 100000 based on the key value of ozone.scm.heartbeat.thread.interval, reset to the max value 100000.
2023-06-02 05:15:15,240 [main] WARN  server.ServerUtils (ServerUtils.java:sanitizeUserArgs(80)) - ozone.scm.stale.node.interval value = 300000 is larger than max = 100000 based on the key value of ozone.scm.heartbeat.thread.interval, reset to the max value 100000.
2023-06-02 05:15:15,247 [main] INFO  node.SCMNodeManager (SCMNodeManager.java:<init>(159)) - Entering startup safe mode.
2023-06-02 05:15:15,272 [main] INFO  algorithms.ContainerPlacementPolicyFactory (ContainerPlacementPolicyFactory.java:getPolicyInternal(86)) - Create container placement policy of type org.apache.hadoop.hdds.scm.container.placement.algorithms.SCMContainerPlacementRackAware
2023-06-02 05:15:15,277 [main] INFO  algorithms.ContainerPlacementPolicyFactory (ContainerPlacementPolicyFactory.java:getPolicyInternal(86)) - Create container placement policy of type org.apache.hadoop.hdds.scm.container.placement.algorithms.SCMContainerPlacementRackScatter
2023-06-02 05:15:15,287 [main] INFO  pipeline.PipelineStateManagerImpl (PipelineStateManagerImpl.java:initialize(78)) - No pipeline exists in current db
2023-06-02 05:15:15,304 [main] INFO  algorithms.LeaderChoosePolicyFactory (LeaderChoosePolicyFactory.java:getPolicy(57)) - Create leader choose policy of type org.apache.hadoop.hdds.scm.pipeline.leader.choose.algorithms.MinLeaderCountChoosePolicy
2023-06-02 05:15:15,304 [main] INFO  algorithms.ContainerPlacementPolicyFactory (ContainerPlacementPolicyFactory.java:getPolicyInternal(86)) - Create container placement policy of type org.apache.hadoop.hdds.scm.container.placement.algorithms.SCMContainerPlacementRackScatter
2023-06-02 05:15:15,316 [main] INFO  ha.SCMServiceManager (SCMServiceManager.java:register(42)) - Registering service BackgroundPipelineCreator.
2023-06-02 05:15:15,316 [main] INFO  pipeline.BackgroundPipelineCreator (BackgroundPipelineCreator.java:start(124)) - Starting RatisPipelineUtilsThread.
2023-06-02 05:15:15,320 [main] INFO  BackgroundPipelineScrubber (BackgroundSCMService.java:start(68)) - Starting BackgroundPipelineScrubber Service.
2023-06-02 05:15:15,321 [main] INFO  ha.SCMServiceManager (SCMServiceManager.java:register(42)) - Registering service BackgroundPipelineScrubber.
2023-06-02 05:15:15,329 [main] INFO  ExpiredContainerReplicaOpScrubber (BackgroundSCMService.java:start(68)) - Starting ExpiredContainerReplicaOpScrubber Service.
2023-06-02 05:15:15,329 [main] INFO  ha.SCMServiceManager (SCMServiceManager.java:register(42)) - Registering service ExpiredContainerReplicaOpScrubber.
2023-06-02 05:15:15,374 [main] INFO  algorithms.PipelineChoosePolicyFactory (PipelineChoosePolicyFactory.java:createPipelineChoosePolicyFromClass(73)) - Create pipeline choose policy of type org.apache.hadoop.hdds.scm.pipeline.choose.algorithms.RandomPipelineChoosePolicy
2023-06-02 05:15:15,395 [main] INFO  ha.SCMServiceManager (SCMServiceManager.java:register(42)) - Registering service SCMBlockDeletingService.
2023-06-02 05:15:15,476 [main] INFO  replication.ReplicationManager (ReplicationManager.java:start(299)) - Starting Replication Monitor Thread.
2023-06-02 05:15:15,485 [main] INFO  ha.SCMServiceManager (SCMServiceManager.java:register(42)) - Registering service ReplicationManager.
2023-06-02 05:15:15,488 [ReplicationMonitor] INFO  replication.ReplicationManager (ReplicationManager.java:processAll(374)) - Replication Manager is not ready to run until 3000ms after safemode exit
2023-06-02 05:15:15,499 [main] INFO  safemode.ContainerSafeModeRule (ContainerSafeModeRule.java:<init>(89)) - containers with one replica threshold count 0
2023-06-02 05:15:15,504 [main] INFO  safemode.HealthyPipelineSafeModeRule (HealthyPipelineSafeModeRule.java:initializeRule(169)) - Total pipeline count is 0, healthy pipeline threshold count is 1
2023-06-02 05:15:15,506 [main] INFO  safemode.OneReplicaPipelineSafeModeRule (OneReplicaPipelineSafeModeRule.java:initializeRule(180)) - Total pipeline count is 0, pipeline's with at least one datanode reported threshold count is 0
2023-06-02 05:15:15,558 [main] INFO  server.StorageContainerManager (StorageContainerManager.java:<init>(403)) - SCM start with adminUsers: [runner]
2023-06-02 05:15:15,591 [main] INFO  audit.AuditLogger (AuditLogger.java:refreshDebugCmdSet(126)) - Refresh DebugCmdSet for SCMAudit to [].
2023-06-02 05:15:15,630 [main] INFO  ipc.CallQueueManager (CallQueueManager.java:<init>(90)) - Using callQueue: class java.util.concurrent.LinkedBlockingQueue, queueCapacity: 2000, scheduler: class org.apache.hadoop.ipc.DefaultRpcScheduler, ipcBackoff: false.
2023-06-02 05:15:15,676 [Socket Reader #1 for port 15002] INFO  ipc.Server (Server.java:run(1319)) - Starting Socket Reader #1 for port 15002
2023-06-02 05:15:15,720 [Listener at 0.0.0.0/15002] INFO  hdds.HddsUtils (HddsUtils.java:preserveThreadName(843)) - Restoring thread name: main
2023-06-02 05:15:15,750 [main] INFO  audit.AuditLogger (AuditLogger.java:refreshDebugCmdSet(126)) - Refresh DebugCmdSet for SCMAudit to [].
2023-06-02 05:15:15,756 [main] INFO  ipc.CallQueueManager (CallQueueManager.java:<init>(90)) - Using callQueue: class java.util.concurrent.LinkedBlockingQueue, queueCapacity: 2000, scheduler: class org.apache.hadoop.ipc.DefaultRpcScheduler, ipcBackoff: false.
2023-06-02 05:15:15,757 [Socket Reader #1 for port 15001] INFO  ipc.Server (Server.java:run(1319)) - Starting Socket Reader #1 for port 15001
2023-06-02 05:15:15,761 [Listener at 0.0.0.0/15001] INFO  hdds.HddsUtils (HddsUtils.java:preserveThreadName(843)) - Restoring thread name: main
2023-06-02 05:15:15,805 [main] INFO  audit.AuditLogger (AuditLogger.java:refreshDebugCmdSet(126)) - Refresh DebugCmdSet for SCMAudit to [].
2023-06-02 05:15:15,818 [main] INFO  ipc.CallQueueManager (CallQueueManager.java:<init>(90)) - Using callQueue: class java.util.concurrent.LinkedBlockingQueue, queueCapacity: 2000, scheduler: class org.apache.hadoop.ipc.DefaultRpcScheduler, ipcBackoff: false.
2023-06-02 05:15:15,822 [Socket Reader #1 for port 15000] INFO  ipc.Server (Server.java:run(1319)) - Starting Socket Reader #1 for port 15000
2023-06-02 05:15:15,824 [Listener at 0.0.0.0/15000] INFO  hdds.HddsUtils (HddsUtils.java:preserveThreadName(843)) - Restoring thread name: main
2023-06-02 05:15:15,896 [main] INFO  ha.SCMServiceManager (SCMServiceManager.java:register(42)) - Registering service ContainerBalancer.
2023-06-02 05:15:15,896 [main] INFO  server.StorageContainerManager (StorageContainerManager.java:<init>(415)) - 
Container Balancer status:
Key                            Value
Running                        false
Container Balancer Configuration values:
Key                                                Value
Threshold                                          10
Max Datanodes to Involve per Iteration(percent)    20
Max Size to Move per Iteration                     500GB
Max Size Entering Target per Iteration             26GB
Max Size Leaving Source per Iteration              26GB

2023-06-02 05:15:15,897 [main] INFO  ha.SCMContext (SCMContext.java:updateSafeModeStatus(228)) - Update SafeModeStatus from SafeModeStatus{safeModeStatus=true, preCheckPassed=false} to SafeModeStatus{safeModeStatus=true, preCheckPassed=false}.
2023-06-02 05:15:15,907 [main] INFO  server.StorageContainerManager (StorageContainerManager.java:start(1472)) - StorageContainerLocationProtocol RPC server is listening at /0.0.0.0:15000
2023-06-02 05:15:15,993 [main] WARN  impl.MetricsConfig (MetricsConfig.java:loadFirst(136)) - Cannot locate configuration: tried hadoop-metrics2-storagecontainermanager.properties,hadoop-metrics2.properties
2023-06-02 05:15:16,007 [main] INFO  impl.MetricsSystemImpl (MetricsSystemImpl.java:startTimer(378)) - Scheduled Metric snapshot period at 10 second(s).
2023-06-02 05:15:16,007 [main] INFO  impl.MetricsSystemImpl (MetricsSystemImpl.java:start(191)) - StorageContainerManager metrics system started
2023-06-02 05:15:16,074 [main] INFO  server.SCMClientProtocolServer (SCMClientProtocolServer.java:start(199)) - RPC server for Client  is listening at /0.0.0.0:15000
2023-06-02 05:15:16,075 [IPC Server Responder] INFO  ipc.Server (Server.java:run(1558)) - IPC Server Responder: starting
2023-06-02 05:15:16,084 [main] INFO  server.StorageContainerManager (StorageContainerManager.java:start(1486)) - ScmBlockLocationProtocol RPC server is listening at /0.0.0.0:15001
2023-06-02 05:15:16,098 [main] INFO  server.SCMBlockProtocolServer (SCMBlockProtocolServer.java:start(152)) - RPC server for Block Protocol is listening at /0.0.0.0:15001
2023-06-02 05:15:16,079 [IPC Server listener on 15000] INFO  ipc.Server (Server.java:run(1398)) - IPC Server listener on 15000: starting
2023-06-02 05:15:16,100 [IPC Server Responder] INFO  ipc.Server (Server.java:run(1558)) - IPC Server Responder: starting
2023-06-02 05:15:16,104 [IPC Server listener on 15001] INFO  ipc.Server (Server.java:run(1398)) - IPC Server listener on 15001: starting
2023-06-02 05:15:16,108 [main] INFO  server.SCMDatanodeProtocolServer (SCMDatanodeProtocolServer.java:start(193)) - ScmDatanodeProtocol RPC server for DataNodes is listening at /0.0.0.0:15002
2023-06-02 05:15:16,109 [IPC Server Responder] INFO  ipc.Server (Server.java:run(1558)) - IPC Server Responder: starting
2023-06-02 05:15:16,109 [IPC Server listener on 15002] INFO  ipc.Server (Server.java:run(1398)) - IPC Server listener on 15002: starting
2023-06-02 05:15:16,140 [org.apache.hadoop.util.JvmPauseMonitor$Monitor@2c6b36d7] INFO  util.JvmPauseMonitor (JvmPauseMonitor.java:run(188)) - Starting JVM pause monitor
2023-06-02 05:15:16,150 [main] INFO  http.BaseHttpServer (BaseHttpServer.java:newHttpServer2BuilderForOzone(224)) - Starting Web-server for scm at: http://0.0.0.0:15003
2023-06-02 05:15:16,150 [main] INFO  http.BaseHttpServer (BaseHttpServer.java:<init>(111)) - Hadoop Security Enabled: false Ozone Security Enabled: false Ozone HTTP Security Enabled: false 
2023-06-02 05:15:16,178 [main] INFO  util.log (Log.java:initialized(170)) - Logging initialized @7011ms to org.eclipse.jetty.util.log.Slf4jLog
2023-06-02 05:15:16,313 [main] WARN  server.AuthenticationFilter (AuthenticationFilter.java:constructSecretProvider(240)) - Unable to initialize FileSignerSecretProvider, falling back to use random secrets. Reason: Could not read signature secret file: /home/runner/hadoop-http-auth-signature-secret
2023-06-02 05:15:16,321 [main] INFO  http.HttpRequestLog (HttpRequestLog.java:getRequestLog(86)) - Http request log for http.requests.scm is not defined
2023-06-02 05:15:16,331 [main] INFO  http.HttpServer2 (HttpServer2.java:addGlobalFilter(1031)) - Added global filter 'safety' (class=org.apache.hadoop.hdds.server.http.HttpServer2$QuotingInputFilter)
2023-06-02 05:15:16,335 [main] INFO  http.HttpServer2 (HttpServer2.java:addFilter(1007)) - Added filter static_user_filter (class=org.apache.hadoop.http.lib.StaticUserWebFilter$StaticUserFilter) to context scm
2023-06-02 05:15:16,335 [main] INFO  http.HttpServer2 (HttpServer2.java:addFilter(1015)) - Added filter static_user_filter (class=org.apache.hadoop.http.lib.StaticUserWebFilter$StaticUserFilter) to context static
2023-06-02 05:15:16,335 [main] INFO  http.HttpServer2 (HttpServer2.java:addFilter(1015)) - Added filter static_user_filter (class=org.apache.hadoop.http.lib.StaticUserWebFilter$StaticUserFilter) to context logs
2023-06-02 05:15:16,402 [main] INFO  http.BaseHttpServer (BaseHttpServer.java:<init>(190)) - HTTP server of scm uses base directory /home/runner/work/ozone/ozone/hadoop-ozone/integration-test/target/test-dir/MiniOzoneClusterImpl-4e6c5432-da36-405d-b7f1-05871ead9573/ozone-meta/webserver
2023-06-02 05:15:16,404 [main] INFO  http.HttpServer2 (HttpServer2.java:bindListener(1250)) - Jetty bound to port 15003
2023-06-02 05:15:16,406 [main] INFO  server.Server (Server.java:doStart(375)) - jetty-9.4.51.v20230217; built: 2023-02-17T08:19:37.309Z; git: b45c405e4544384de066f814ed42ae3dceacdd49; jvm 1.8.0_372-b07
2023-06-02 05:15:16,449 [main] INFO  server.session (DefaultSessionIdManager.java:doStart(334)) - DefaultSessionIdManager workerName=node0
2023-06-02 05:15:16,450 [main] INFO  server.session (DefaultSessionIdManager.java:doStart(339)) - No SessionScavenger set, using defaults
2023-06-02 05:15:16,452 [main] INFO  server.session (HouseKeeper.java:startScavenging(132)) - node0 Scavenging every 600000ms
2023-06-02 05:15:16,474 [main] INFO  handler.ContextHandler (ContextHandler.java:doStart(921)) - Started o.e.j.s.ServletContextHandler@61236349{logs,/logs,file:///home/runner/work/ozone/ozone/hadoop-ozone/integration-test/target/log,AVAILABLE}
2023-06-02 05:15:16,476 [main] INFO  handler.ContextHandler (ContextHandler.java:doStart(921)) - Started o.e.j.s.ServletContextHandler@86e7c7a{static,/static,file:///home/runner/work/ozone/ozone/hadoop-ozone/integration-test/target/test-classes/webapps/static,AVAILABLE}
2023-06-02 05:15:16,535 [main] INFO  handler.ContextHandler (ContextHandler.java:doStart(921)) - Started o.e.j.w.WebAppContext@1dd1093c{scm,/,file:///home/runner/work/ozone/ozone/hadoop-ozone/integration-test/target/test-classes/webapps/scm/,AVAILABLE}{file:/home/runner/work/ozone/ozone/hadoop-ozone/integration-test/target/test-classes/webapps/scm}
2023-06-02 05:15:16,552 [main] INFO  server.AbstractConnector (AbstractConnector.java:doStart(333)) - Started ServerConnector@76a5a831{HTTP/1.1, (http/1.1)}{0.0.0.0:15003}
2023-06-02 05:15:16,552 [main] INFO  server.Server (Server.java:doStart(415)) - Started @7385ms
2023-06-02 05:15:16,560 [main] INFO  impl.MetricsSinkAdapter (MetricsSinkAdapter.java:start(204)) - Sink prometheus started
2023-06-02 05:15:16,561 [main] INFO  impl.MetricsSystemImpl (MetricsSystemImpl.java:registerSink(305)) - Registered sink prometheus
2023-06-02 05:15:16,562 [main] INFO  http.BaseHttpServer (BaseHttpServer.java:updateConnectorAddress(344)) - HTTP server of scm listening at http://0.0.0.0:15003
2023-06-02 05:15:16,566 [main] WARN  server.ServerUtils (ServerUtils.java:getDBPath(311)) - ozone.om.db.dirs is not configured. We recommend adding this setting. Falling back to ozone.metadata.dirs instead.
2023-06-02 05:15:16,582 [main] INFO  ha.OMHANodeDetails (OMHANodeDetails.java:loadOMHAConfig(115)) - ozone.om.internal.service.id is not defined, falling back to ozone.om.service.ids to find serviceID for OzoneManager if it is HA enabled cluster
2023-06-02 05:15:16,586 [main] INFO  ha.OMHANodeDetails (OMHANodeDetails.java:loadOMHAConfig(226)) - Configuration does not have ozone.om.address set. Falling back to the default OM address /127.0.0.1:15004
2023-06-02 05:15:16,587 [main] INFO  ha.OMHANodeDetails (OMHANodeDetails.java:getOMNodeDetailsForNonHA(254)) - OM Service ID is not set. Setting it to the default ID: omServiceIdDefault
2023-06-02 05:15:16,587 [main] INFO  ha.OMHANodeDetails (OMHANodeDetails.java:getOMNodeDetailsForNonHA(261)) - OM Node ID is not set. Setting it to the default ID: om1
2023-06-02 05:15:16,597 [main] WARN  server.ServerUtils (ServerUtils.java:getDBPath(311)) - ozone.om.db.dirs is not configured. We recommend adding this setting. Falling back to ozone.metadata.dirs instead.
2023-06-02 05:15:16,600 [main] INFO  upgrade.AbstractLayoutVersionManager (AbstractLayoutVersionManager.java:init(83)) - Initializing Layout version manager with metadata layout = FILESYSTEM_SNAPSHOT (version = 5), software layout = FILESYSTEM_SNAPSHOT (version = 5)
2023-06-02 05:15:16,714 [main] INFO  reflections.Reflections (Reflections.java:scan(232)) - Reflections took 110 ms to scan 2 urls, producing 177 keys and 491 values [using 2 cores]
2023-06-02 05:15:16,720 [main] INFO  upgrade.OMLayoutVersionManager (OMLayoutVersionManager.java:lambda$0(115)) - Skipping Upgrade Action MockOmUpgradeAction since it has been finalized.
2023-06-02 05:15:16,722 [main] WARN  server.ServerUtils (ServerUtils.java:getDBPath(311)) - ozone.om.db.dirs is not configured. We recommend adding this setting. Falling back to ozone.metadata.dirs instead.
2023-06-02 05:15:16,907 [main] INFO  proxy.SCMBlockLocationFailoverProxyProvider (SCMBlockLocationFailoverProxyProvider.java:<init>(114)) - Created block location fail-over proxy with 1 nodes: [nodeId=scmNodeId,nodeAddress=/0.0.0.0:15001]
2023-06-02 05:15:17,005 [main] INFO  om.OzoneManager (OzoneManager.java:<init>(646)) - OM start with adminUsers: [runner]
2023-06-02 05:15:17,020 [main] WARN  server.ServerUtils (ServerUtils.java:getDBPath(311)) - ozone.om.db.dirs is not configured. We recommend adding this setting. Falling back to ozone.metadata.dirs instead.
2023-06-02 05:15:17,052 [main] INFO  helpers.OmKeyInfo (OmKeyInfo.java:getCodec(71)) - OmKeyInfo.getCodec ignorePipeline = true
2023-06-02 05:15:17,439 [main] INFO  om.OzoneManager (OzoneManager.java:instantiateServices(778)) - S3 Multi-Tenancy is disabled
2023-06-02 05:15:17,453 [main] INFO  security.OzoneSecretStore (OzoneSecretStore.java:loadState(69)) - Loaded 0 tokens
2023-06-02 05:15:17,453 [main] INFO  security.OzoneDelegationTokenSecretManager (OzoneDelegationTokenSecretManager.java:loadTokenSecretState(530)) - Loading token state into token manager.
2023-06-02 05:15:17,482 [main] INFO  om.OmSnapshotManager (OmSnapshotManager.java:<init>(170)) - Ozone filesystem snapshot feature is enabled.
2023-06-02 05:15:17,492 [main] WARN  server.ServerUtils (ServerUtils.java:getDBPath(311)) - ozone.om.snapshot.diff.db.dir is not configured. We recommend adding this setting. Falling back to ozone.metadata.dirs instead.
2023-06-02 05:15:17,538 [main] INFO  utils.NativeLibraryLoader (NativeLibraryLoader.java:loadLibrary(103)) - Loading Library: ozone_rocksdb_tools
2023-06-02 05:15:17,625 [main] INFO  om.OzoneManager (OzoneManager.java:addS3GVolumeToDB(4318)) - Created Volume s3v With Owner runner required for S3Gateway operations.
2023-06-02 05:15:17,704 [main] WARN  server.ServerUtils (ServerUtils.java:getDefaultRatisDirectory(323)) - Storage directory for Ratis is not configured. It is a good idea to map this to an SSD disk. Falling back to ozone.metadata.dirs
2023-06-02 05:15:17,705 [main] WARN  utils.OzoneManagerRatisUtils (OzoneManagerRatisUtils.java:getOMRatisSnapshotDirectory(461)) - ozone.om.ratis.snapshot.dir is not configured. Falling back to ozone.metadata.dirs config
2023-06-02 05:15:17,726 [main] WARN  server.ServerUtils (ServerUtils.java:getDefaultRatisDirectory(323)) - Storage directory for Ratis is not configured. It is a good idea to map this to an SSD disk. Falling back to ozone.metadata.dirs
2023-06-02 05:15:17,759 [main] INFO  ratis.OzoneManagerRatisServer (OzoneManagerRatisServer.java:<init>(163)) - Instantiating OM Ratis server with groupID: omServiceIdDefault and peers: localhost:15007
2023-06-02 05:15:17,770 [main] INFO  ratis.OzoneManagerStateMachine (OzoneManagerStateMachine.java:loadSnapshotInfoFromDB(670)) - LastAppliedIndex is set from TransactionInfo from OM DB as (t:0, i:~)
2023-06-02 05:15:17,840 [main] INFO  server.RaftServer (ConfUtils.java:logGet(46)) - raft.rpc.type = GRPC (default)
2023-06-02 05:15:17,851 [main] INFO  grpc.GrpcConfigKeys (ConfUtils.java:logFallback(53)) - raft.grpc.admin.host = null (fallback to raft.grpc.server.host)
2023-06-02 05:15:17,853 [main] INFO  grpc.GrpcConfigKeys (ConfUtils.java:logFallback(53)) - raft.grpc.admin.port = 15007 (fallback to raft.grpc.server.port)
2023-06-02 05:15:17,853 [main] INFO  grpc.GrpcConfigKeys (ConfUtils.java:logFallback(53)) - raft.grpc.client.host = null (fallback to raft.grpc.server.host)
2023-06-02 05:15:17,854 [main] INFO  grpc.GrpcConfigKeys (ConfUtils.java:logFallback(53)) - raft.grpc.client.port = 15007 (fallback to raft.grpc.server.port)
2023-06-02 05:15:17,854 [main] INFO  grpc.GrpcConfigKeys (ConfUtils.java:logGet(46)) - raft.grpc.server.host = null (default)
2023-06-02 05:15:17,855 [main] INFO  grpc.GrpcConfigKeys (ConfUtils.java:logGet(46)) - raft.grpc.server.port = 15007 (custom)
2023-06-02 05:15:17,855 [main] INFO  server.GrpcService (ConfUtils.java:logGet(46)) - raft.grpc.message.size.max = 33554432 (custom)
2023-06-02 05:15:17,857 [main] INFO  server.RaftServerConfigKeys (ConfUtils.java:logGet(46)) - raft.server.log.appender.buffer.byte-limit = 33554432 (custom)
2023-06-02 05:15:17,858 [main] INFO  server.GrpcService (ConfUtils.java:logGet(46)) - raft.grpc.flow.control.window = 1MB (=1048576) (default)
2023-06-02 05:15:17,858 [main] INFO  server.RaftServerConfigKeys (ConfUtils.java:logGet(46)) - raft.server.rpc.request.timeout = 3000ms (default)
2023-06-02 05:15:17,873 [main] INFO  grpc.GrpcConfigKeys (ConfUtils.java:logGet(46)) - raft.grpc.server.heartbeat.channel = true (default)
2023-06-02 05:15:17,876 [main] INFO  grpc.GrpcConfigKeys (ConfUtils.java:logGet(46)) - raft.grpc.server.async.request.thread.pool.cached = true (default)
2023-06-02 05:15:17,877 [main] INFO  grpc.GrpcConfigKeys (ConfUtils.java:logGet(46)) - raft.grpc.server.async.request.thread.pool.size = 32 (default)
2023-06-02 05:15:18,135 [main] INFO  impl.DataStreamServerImpl (ConfUtils.java:logGet(46)) - raft.datastream.type = DISABLED (default)
2023-06-02 05:15:18,139 [main] INFO  server.RaftServerConfigKeys (ConfUtils.java:logGet(46)) - raft.server.threadpool.proxy.cached = true (default)
2023-06-02 05:15:18,139 [main] INFO  server.RaftServerConfigKeys (ConfUtils.java:logGet(46)) - raft.server.threadpool.proxy.size = 0 (default)
2023-06-02 05:15:18,139 [main] INFO  server.RaftServerConfigKeys (ConfUtils.java:logGet(46)) - raft.server.rpc.slowness.timeout = 120s (custom)
2023-06-02 05:15:18,140 [main] INFO  server.RaftServerConfigKeys (ConfUtils.java:logGet(46)) - raft.server.leaderelection.leader.step-down.wait-time = 10s (default)
2023-06-02 05:15:18,143 [main] INFO  server.RaftServerConfigKeys (ConfUtils.java:logGet(46)) - raft.server.storage.dir = [/home/runner/work/ozone/ozone/hadoop-ozone/integration-test/target/test-dir/MiniOzoneClusterImpl-4e6c5432-da36-405d-b7f1-05871ead9573/ozone-meta/ratis] (custom)
2023-06-02 05:15:18,154 [main] INFO  server.RaftServer (RaftServerProxy.java:addNew(98)) - om1: addNew group-C5BA1605619E:[om1|rpc:localhost:15007|priority:0|startupRole:FOLLOWER] returns group-C5BA1605619E:java.util.concurrent.CompletableFuture@2f6b2b06[Not completed]
2023-06-02 05:15:18,154 [main] INFO  om.OzoneManager (OzoneManager.java:initializeRatisServer(2143)) - OzoneManager Ratis server initialized at port 15007
2023-06-02 05:15:18,158 [main] INFO  om.OzoneManager (OzoneManager.java:getRpcServer(1189)) - Creating RPC Server
2023-06-02 05:15:18,202 [om1-groupManagement] INFO  server.RaftServer$Division (RaftServerImpl.java:<init>(198)) - om1: new RaftServerImpl for group-C5BA1605619E:[om1|rpc:localhost:15007|priority:0|startupRole:FOLLOWER] with OzoneManagerStateMachine:uninitialized
2023-06-02 05:15:18,204 [om1-groupManagement] INFO  server.RaftServerConfigKeys (ConfUtils.java:logGet(46)) - raft.server.rpc.timeout.min = 1s (custom)
2023-06-02 05:15:18,205 [om1-groupManagement] INFO  server.RaftServerConfigKeys (ConfUtils.java:logGet(46)) - raft.server.rpc.timeout.max = 1200ms (custom)
2023-06-02 05:15:18,205 [om1-groupManagement] INFO  server.RaftServerConfigKeys (ConfUtils.java:logGet(46)) - raft.server.rpc.sleep.time = 25ms (default)
2023-06-02 05:15:18,205 [om1-groupManagement] INFO  server.RaftServerConfigKeys (ConfUtils.java:logGet(46)) - raft.server.rpc.slowness.timeout = 120s (custom)
2023-06-02 05:15:18,205 [om1-groupManagement] INFO  server.RaftServerConfigKeys (ConfUtils.java:logGet(46)) - raft.server.leaderelection.leader.step-down.wait-time = 10s (default)
2023-06-02 05:15:18,205 [om1-groupManagement] INFO  server.RaftServerConfigKeys (ConfUtils.java:logGet(46)) - raft.server.sleep.deviation.threshold = 300ms (default)
2023-06-02 05:15:18,213 [om1-groupManagement] INFO  server.RaftServer$Division (ServerState.java:<init>(120)) - om1@group-C5BA1605619E: ConfigurationManager, init=-1: peers:[om1|rpc:localhost:15007|priority:0|startupRole:FOLLOWER]|listeners:[], old=null, confs=<EMPTY_MAP>
2023-06-02 05:15:18,213 [om1-groupManagement] INFO  server.RaftServerConfigKeys (ConfUtils.java:logGet(46)) - raft.server.storage.dir = [/home/runner/work/ozone/ozone/hadoop-ozone/integration-test/target/test-dir/MiniOzoneClusterImpl-4e6c5432-da36-405d-b7f1-05871ead9573/ozone-meta/ratis] (custom)
2023-06-02 05:15:18,470 [om1-groupManagement] INFO  server.RaftServerConfigKeys (ConfUtils.java:logGet(46)) - raft.server.log.corruption.policy = EXCEPTION (default)
2023-06-02 05:15:18,471 [om1-groupManagement] INFO  server.RaftServerConfigKeys (ConfUtils.java:logGet(46)) - raft.server.storage.free-space.min = 0MB (=0) (default)
2023-06-02 05:15:18,483 [om1-groupManagement] INFO  server.RaftServerConfigKeys (ConfUtils.java:logGet(46)) - raft.server.notification.no-leader.timeout = 120s (custom)
2023-06-02 05:15:18,487 [om1-groupManagement] INFO  server.RaftServerConfigKeys (ConfUtils.java:logGet(46)) - raft.server.read.timeout = 10s (default)
2023-06-02 05:15:18,492 [om1-groupManagement] INFO  server.RaftServerConfigKeys (ConfUtils.java:logGet(46)) - raft.server.retrycache.expirytime = 300s (custom)
2023-06-02 05:15:18,492 [om1-groupManagement] INFO  server.RaftServerConfigKeys (ConfUtils.java:logGet(46)) - raft.server.retrycache.statistics.expirytime = 100μs (default)
2023-06-02 05:15:18,591 [om1-groupManagement] INFO  server.RaftServerConfigKeys (ConfUtils.java:logGet(46)) - raft.server.read.option = DEFAULT (default)
2023-06-02 05:15:18,676 [om1-groupManagement] INFO  server.RaftServerConfigKeys (ConfUtils.java:logGet(46)) - raft.server.rpc.request.timeout = 3000ms (default)
2023-06-02 05:15:18,682 [om1-groupManagement] INFO  server.RaftServerConfigKeys (ConfUtils.java:logGet(46)) - raft.server.log.appender.install.snapshot.enabled = false (custom)
2023-06-02 05:15:18,684 [om1-groupManagement] INFO  server.RaftServerConfigKeys (ConfUtils.java:logGet(46)) - raft.server.threadpool.server.cached = true (default)
2023-06-02 05:15:18,685 [om1-groupManagement] INFO  server.RaftServerConfigKeys (ConfUtils.java:logGet(46)) - raft.server.threadpool.server.size = 0 (default)
2023-06-02 05:15:18,686 [om1-groupManagement] INFO  server.RaftServerConfigKeys (ConfUtils.java:logGet(46)) - raft.server.threadpool.client.cached = true (default)
2023-06-02 05:15:18,686 [om1-groupManagement] INFO  server.RaftServerConfigKeys (ConfUtils.java:logGet(46)) - raft.server.threadpool.client.size = 0 (default)
2023-06-02 05:15:19,473 [main] INFO  reflections.Reflections (Reflections.java:scan(232)) - Reflections took 991 ms to scan 19 urls, producing 69 keys and 5276 values [using 2 cores]
2023-06-02 05:15:19,674 [main] INFO  ipc.CallQueueManager (CallQueueManager.java:<init>(90)) - Using callQueue: class java.util.concurrent.LinkedBlockingQueue, queueCapacity: 2000, scheduler: class org.apache.hadoop.ipc.DefaultRpcScheduler, ipcBackoff: false.
2023-06-02 05:15:19,683 [Socket Reader #1 for port 15004] INFO  ipc.Server (Server.java:run(1319)) - Starting Socket Reader #1 for port 15004
2023-06-02 05:15:19,698 [Listener at 127.0.0.1/15004] INFO  hdds.HddsUtils (HddsUtils.java:preserveThreadName(843)) - Restoring thread name: main
2023-06-02 05:15:19,729 [main] INFO  impl.MetricsSystemImpl (MetricsSystemImpl.java:init(158)) - OzoneManager metrics system started (again)
2023-06-02 05:15:19,743 [main] INFO  om.OzoneManager (OzoneManager.java:start(1611)) - OzoneManager RPC server is listening at localhost/127.0.0.1:15004
2023-06-02 05:15:19,744 [main] INFO  ratis.OzoneManagerRatisServer (OzoneManagerRatisServer.java:start(558)) - Starting OzoneManagerRatisServer om1 at port 15007
2023-06-02 05:15:19,747 [om1-impl-thread1] INFO  storage.RaftStorageDirectory (RaftStorageDirectoryImpl.java:analyzeStorage(137)) - The storage directory /home/runner/work/ozone/ozone/hadoop-ozone/integration-test/target/test-dir/MiniOzoneClusterImpl-4e6c5432-da36-405d-b7f1-05871ead9573/ozone-meta/ratis/bf265839-605b-3f16-9796-c5ba1605619e does not exist. Creating ...
2023-06-02 05:15:19,752 [om1-impl-thread1] INFO  storage.RaftStorageDirectory (RaftStorageDirectoryImpl.java:tryLock(231)) - Lock on /home/runner/work/ozone/ozone/hadoop-ozone/integration-test/target/test-dir/MiniOzoneClusterImpl-4e6c5432-da36-405d-b7f1-05871ead9573/ozone-meta/ratis/bf265839-605b-3f16-9796-c5ba1605619e/in_use.lock acquired by nodename 65026@fv-az628-647
2023-06-02 05:15:19,759 [om1-impl-thread1] INFO  storage.RaftStorage (RaftStorageImpl.java:format(96)) - Storage directory /home/runner/work/ozone/ozone/hadoop-ozone/integration-test/target/test-dir/MiniOzoneClusterImpl-4e6c5432-da36-405d-b7f1-05871ead9573/ozone-meta/ratis/bf265839-605b-3f16-9796-c5ba1605619e has been successfully formatted.
2023-06-02 05:15:19,762 [om1-impl-thread1] INFO  server.RaftServerConfigKeys (ConfUtils.java:logGet(46)) - raft.server.log.use.memory = false (default)
2023-06-02 05:15:19,771 [om1-impl-thread1] INFO  server.RaftServerConfigKeys (ConfUtils.java:logGet(46)) - raft.server.log.purge.gap = 1000000 (custom)
2023-06-02 05:15:19,772 [om1-impl-thread1] INFO  server.RaftServerConfigKeys (ConfUtils.java:logGet(46)) - raft.server.log.appender.buffer.byte-limit = 33554432 (custom)
2023-06-02 05:15:19,773 [om1-impl-thread1] INFO  server.RaftServerConfigKeys (ConfUtils.java:logGet(46)) - raft.server.log.statemachine.data.read.timeout = 1000ms (default)
2023-06-02 05:15:19,774 [om1-impl-thread1] INFO  server.RaftServerConfigKeys (ConfUtils.java:logGet(46)) - raft.server.log.purge.preservation.log.num = 0 (default)
2023-06-02 05:15:19,777 [om1-impl-thread1] INFO  server.RaftServerConfigKeys (ConfUtils.java:logGet(46)) - raft.server.log.segment.size.max = 4194304 (custom)
2023-06-02 05:15:19,784 [om1-impl-thread1] INFO  server.RaftServerConfigKeys (ConfUtils.java:logGet(46)) - raft.server.log.segment.cache.num.max = 2 (custom)
2023-06-02 05:15:19,784 [om1-impl-thread1] INFO  server.RaftServerConfigKeys (ConfUtils.java:logGet(46)) - raft.server.log.segment.cache.size.max = 200MB (=209715200) (default)
2023-06-02 05:15:19,784 [om1-impl-thread1] INFO  server.RaftServerConfigKeys (ConfUtils.java:logGet(46)) - raft.server.log.appender.buffer.byte-limit = 33554432 (custom)
2023-06-02 05:15:19,791 [om1-impl-thread1] INFO  segmented.SegmentedRaftLogWorker (SegmentedRaftLogWorker.java:<init>(188)) - new om1@group-C5BA1605619E-SegmentedRaftLogWorker for RaftStorageImpl:Storage Directory /home/runner/work/ozone/ozone/hadoop-ozone/integration-test/target/test-dir/MiniOzoneClusterImpl-4e6c5432-da36-405d-b7f1-05871ead9573/ozone-meta/ratis/bf265839-605b-3f16-9796-c5ba1605619e
2023-06-02 05:15:19,791 [om1-impl-thread1] INFO  server.RaftServerConfigKeys (ConfUtils.java:logGet(46)) - raft.server.log.queue.byte-limit = 64MB (=67108864) (default)
2023-06-02 05:15:19,792 [om1-impl-thread1] INFO  server.RaftServerConfigKeys (ConfUtils.java:logGet(46)) - raft.server.log.queue.element-limit = 4096 (default)
2023-06-02 05:15:19,793 [om1-impl-thread1] INFO  server.RaftServerConfigKeys (ConfUtils.java:logGet(46)) - raft.server.log.segment.size.max = 4194304 (custom)
2023-06-02 05:15:19,793 [om1-impl-thread1] INFO  server.RaftServerConfigKeys (ConfUtils.java:logGet(46)) - raft.server.log.preallocated.size = 4194304 (custom)
2023-06-02 05:15:19,794 [om1-impl-thread1] INFO  server.RaftServerConfigKeys (ConfUtils.java:logGet(46)) - raft.server.log.force.sync.num = 128 (default)
2023-06-02 05:15:19,795 [om1-impl-thread1] INFO  server.RaftServerConfigKeys (ConfUtils.java:logGet(46)) - raft.server.log.statemachine.data.sync = true (default)
2023-06-02 05:15:19,795 [om1-impl-thread1] INFO  server.RaftServerConfigKeys (ConfUtils.java:logGet(46)) - raft.server.log.statemachine.data.sync.timeout = 10s (default)
2023-06-02 05:15:19,795 [om1-impl-thread1] INFO  server.RaftServerConfigKeys (ConfUtils.java:logGet(46)) - raft.server.log.statemachine.data.sync.timeout.retry = -1 (default)
2023-06-02 05:15:19,807 [om1-impl-thread1] INFO  server.RaftServerConfigKeys (ConfUtils.java:logGet(46)) - raft.server.log.write.buffer.size = 64KB (=65536) (default)
2023-06-02 05:15:19,807 [om1-impl-thread1] INFO  server.RaftServerConfigKeys (ConfUtils.java:logGet(46)) - raft.server.log.appender.buffer.byte-limit = 33554432 (custom)
2023-06-02 05:15:19,814 [om1-impl-thread1] INFO  server.RaftServerConfigKeys (ConfUtils.java:logGet(46)) - raft.server.log.unsafe-flush.enabled = false (default)
2023-06-02 05:15:19,815 [om1-impl-thread1] INFO  server.RaftServerConfigKeys (ConfUtils.java:logGet(46)) - raft.server.log.async-flush.enabled = false (default)
2023-06-02 05:15:19,815 [om1-impl-thread1] INFO  server.RaftServerConfigKeys (ConfUtils.java:logGet(46)) - raft.server.log.statemachine.data.caching.enabled = false (default)
2023-06-02 05:15:19,823 [om1-impl-thread1] INFO  segmented.SegmentedRaftLogWorker (SegmentedRaftLogWorker.java:lambda$new$0(135)) - om1@group-C5BA1605619E-SegmentedRaftLogWorker: flushIndex: setUnconditionally 0 -> -1
2023-06-02 05:15:19,823 [om1-impl-thread1] INFO  segmented.SegmentedRaftLogWorker (SegmentedRaftLogWorker.java:lambda$new$0(135)) - om1@group-C5BA1605619E-SegmentedRaftLogWorker: safeCacheEvictIndex: setUnconditionally 0 -> -1
2023-06-02 05:15:19,827 [om1-impl-thread1] INFO  server.RaftServer$Division (RaftServerImpl.java:start(342)) - om1@group-C5BA1605619E: start as a follower, conf=-1: peers:[om1|rpc:localhost:15007|priority:0|startupRole:FOLLOWER]|listeners:[], old=null
2023-06-02 05:15:19,831 [om1-impl-thread1] INFO  server.RaftServer$Division (RaftServerImpl.java:setRole(329)) - om1@group-C5BA1605619E: changes role from      null to FOLLOWER at term 0 for startAsFollower
2023-06-02 05:15:19,833 [om1-impl-thread1] INFO  impl.RoleInfo (RoleInfo.java:updateAndGet(139)) - om1: start om1@group-C5BA1605619E-FollowerState
2023-06-02 05:15:19,839 [om1-impl-thread1] INFO  util.JmxRegister (JmxRegister.java:tryRegister(44)) - Successfully registered JMX Bean with object name Ratis:service=RaftServer,group=group-C5BA1605619E,id=om1
2023-06-02 05:15:19,841 [om1-impl-thread1] INFO  server.RaftServerConfigKeys (ConfUtils.java:logGet(46)) - raft.server.snapshot.auto.trigger.enabled = true (custom)
2023-06-02 05:15:19,841 [om1-impl-thread1] INFO  server.RaftServerConfigKeys (ConfUtils.java:logGet(46)) - raft.server.snapshot.auto.trigger.threshold = 400000 (default)
2023-06-02 05:15:19,842 [om1-impl-thread1] INFO  server.RaftServerConfigKeys (ConfUtils.java:logGet(46)) - raft.server.snapshot.retention.file.num = -1 (default)
2023-06-02 05:15:19,843 [om1-impl-thread1] INFO  server.RaftServerConfigKeys (ConfUtils.java:logGet(46)) - raft.server.log.purge.upto.snapshot.index = true (custom)
2023-06-02 05:15:19,846 [om1@group-C5BA1605619E-FollowerState] INFO  server.RaftServerConfigKeys (ConfUtils.java:logFallback(53)) - raft.server.rpc.first-election.timeout.min = 1s (fallback to raft.server.rpc.timeout.min)
2023-06-02 05:15:19,846 [om1@group-C5BA1605619E-FollowerState] INFO  server.RaftServerConfigKeys (ConfUtils.java:logFallback(53)) - raft.server.rpc.first-election.timeout.max = 1200ms (fallback to raft.server.rpc.timeout.max)
2023-06-02 05:15:19,847 [main] INFO  server.RaftServer (RaftServerProxy.java:startImpl(400)) - om1: start RPC server
2023-06-02 05:15:19,908 [main] INFO  server.GrpcService (GrpcService.java:startImpl(302)) - om1: GrpcService started, listening on 15007
2023-06-02 05:15:19,911 [main] INFO  om.OzoneManager (OzoneManager.java:start(1627)) - Version File has different layout version (5) than OM DB (null). That is expected if this OM has never been finalized to a newer layout version.
2023-06-02 05:15:19,915 [JvmPauseMonitor0] INFO  util.JvmPauseMonitor (JvmPauseMonitor.java:run(103)) - JvmPauseMonitor-om1: Started
2023-06-02 05:15:19,953 [main] INFO  http.BaseHttpServer (BaseHttpServer.java:newHttpServer2BuilderForOzone(224)) - Starting Web-server for ozoneManager at: http://0.0.0.0:15005
2023-06-02 05:15:19,953 [main] INFO  http.BaseHttpServer (BaseHttpServer.java:<init>(111)) - Hadoop Security Enabled: false Ozone Security Enabled: false Ozone HTTP Security Enabled: false 
2023-06-02 05:15:19,955 [main] WARN  server.AuthenticationFilter (AuthenticationFilter.java:constructSecretProvider(240)) - Unable to initialize FileSignerSecretProvider, falling back to use random secrets. Reason: Could not read signature secret file: /home/runner/hadoop-http-auth-signature-secret
2023-06-02 05:15:19,960 [main] INFO  http.HttpRequestLog (HttpRequestLog.java:getRequestLog(86)) - Http request log for http.requests.ozoneManager is not defined
2023-06-02 05:15:19,963 [main] INFO  http.HttpServer2 (HttpServer2.java:addGlobalFilter(1031)) - Added global filter 'safety' (class=org.apache.hadoop.hdds.server.http.HttpServer2$QuotingInputFilter)
2023-06-02 05:15:19,964 [main] INFO  http.HttpServer2 (HttpServer2.java:addFilter(1007)) - Added filter static_user_filter (class=org.apache.hadoop.http.lib.StaticUserWebFilter$StaticUserFilter) to context ozoneManager
2023-06-02 05:15:19,964 [main] INFO  http.HttpServer2 (HttpServer2.java:addFilter(1015)) - Added filter static_user_filter (class=org.apache.hadoop.http.lib.StaticUserWebFilter$StaticUserFilter) to context static
2023-06-02 05:15:19,965 [main] INFO  http.HttpServer2 (HttpServer2.java:addFilter(1015)) - Added filter static_user_filter (class=org.apache.hadoop.http.lib.StaticUserWebFilter$StaticUserFilter) to context logs
2023-06-02 05:15:19,970 [main] INFO  http.BaseHttpServer (BaseHttpServer.java:<init>(190)) - HTTP server of ozoneManager uses base directory /home/runner/work/ozone/ozone/hadoop-ozone/integration-test/target/test-dir/MiniOzoneClusterImpl-4e6c5432-da36-405d-b7f1-05871ead9573/ozone-meta/webserver
2023-06-02 05:15:19,978 [main] INFO  http.HttpServer2 (HttpServer2.java:bindListener(1250)) - Jetty bound to port 15005
2023-06-02 05:15:19,979 [main] INFO  server.Server (Server.java:doStart(375)) - jetty-9.4.51.v20230217; built: 2023-02-17T08:19:37.309Z; git: b45c405e4544384de066f814ed42ae3dceacdd49; jvm 1.8.0_372-b07
2023-06-02 05:15:19,983 [main] INFO  server.session (DefaultSessionIdManager.java:doStart(334)) - DefaultSessionIdManager workerName=node0
2023-06-02 05:15:19,983 [main] INFO  server.session (DefaultSessionIdManager.java:doStart(339)) - No SessionScavenger set, using defaults
2023-06-02 05:15:19,984 [main] INFO  server.session (HouseKeeper.java:startScavenging(132)) - node0 Scavenging every 660000ms
2023-06-02 05:15:19,985 [main] INFO  handler.ContextHandler (ContextHandler.java:doStart(921)) - Started o.e.j.s.ServletContextHandler@61fa65c7{logs,/logs,file:///home/runner/work/ozone/ozone/hadoop-ozone/integration-test/target/log,AVAILABLE}
2023-06-02 05:15:19,985 [main] INFO  handler.ContextHandler (ContextHandler.java:doStart(921)) - Started o.e.j.s.ServletContextHandler@1d1e0f6e{static,/static,file:///home/runner/work/ozone/ozone/hadoop-ozone/integration-test/target/test-classes/webapps/static,AVAILABLE}
2023-06-02 05:15:19,990 [main] INFO  handler.ContextHandler (ContextHandler.java:doStart(921)) - Started o.e.j.w.WebAppContext@1eb1e607{ozoneManager,/,file:///home/runner/work/ozone/ozone/hadoop-ozone/integration-test/target/test-classes/webapps/ozoneManager/,AVAILABLE}{file:/home/runner/work/ozone/ozone/hadoop-ozone/integration-test/target/test-classes/webapps/ozoneManager}
2023-06-02 05:15:19,992 [main] INFO  server.AbstractConnector (AbstractConnector.java:doStart(333)) - Started ServerConnector@27d02a85{HTTP/1.1, (http/1.1)}{0.0.0.0:15005}
2023-06-02 05:15:19,992 [main] INFO  server.Server (Server.java:doStart(415)) - Started @10825ms
2023-06-02 05:15:19,992 [main] WARN  impl.MetricsSystemImpl (MetricsSystemImpl.java:register(279)) - Sink prometheus already exists!
2023-06-02 05:15:19,993 [main] INFO  http.BaseHttpServer (BaseHttpServer.java:updateConnectorAddress(344)) - HTTP server of ozoneManager listening at http://0.0.0.0:15005
2023-06-02 05:15:19,994 [IPC Server Responder] INFO  ipc.Server (Server.java:run(1558)) - IPC Server Responder: starting
2023-06-02 05:15:19,994 [IPC Server listener on 15004] INFO  ipc.Server (Server.java:run(1398)) - IPC Server listener on 15004: starting
2023-06-02 05:15:20,008 [main] INFO  om.OzoneManager (OzoneManager.java:startTrashEmptier(2087)) - Trash Interval set to 0. Files deleted won't move to trash
2023-06-02 05:15:20,025 [org.apache.hadoop.util.JvmPauseMonitor$Monitor@3f8b759e] INFO  util.JvmPauseMonitor (JvmPauseMonitor.java:run(188)) - Starting JVM pause monitor
2023-06-02 05:15:20,217 [main] WARN  impl.MetricRegistriesImpl (MetricRegistriesImpl.java:addReporterRegistration(111)) - New reporters are added after registries were created. Some metrics will be missing from the reporter. Please add reporter before adding any new registry.
2023-06-02 05:15:20,218 [main] WARN  impl.MetricRegistriesImpl (MetricRegistriesImpl.java:addReporterRegistration(111)) - New reporters are added after registries were created. Some metrics will be missing from the reporter. Please add reporter before adding any new registry.
2023-06-02 05:15:20,218 [main] INFO  impl.MetricsSystemImpl (MetricsSystemImpl.java:init(158)) - HddsDatanode metrics system started (again)
2023-06-02 05:15:20,253 [main] INFO  ozone.HddsDatanodeService (HddsDatanodeService.java:start(261)) - HddsDatanodeService host:fv-az628-647 ip:10.1.74.1
2023-06-02 05:15:20,307 [main] INFO  upgrade.AbstractLayoutVersionManager (AbstractLayoutVersionManager.java:init(83)) - Initializing Layout version manager with metadata layout = HADOOP_PRC_PORTS_IN_DATANODEDETAILS (version = 7), software layout = HADOOP_PRC_PORTS_IN_DATANODEDETAILS (version = 7)
2023-06-02 05:15:20,312 [main] INFO  statemachine.DatanodeStateMachine (DatanodeStateMachine.java:getEndPointTaskThreadPoolSize(275)) - Datanode State Machine Task Thread Pool size 2
2023-06-02 05:15:20,487 [main] INFO  volume.HddsVolume (HddsVolume.java:<init>(130)) - Creating HddsVolume: /home/runner/work/ozone/ozone/hadoop-ozone/integration-test/target/test-dir/MiniOzoneClusterImpl-4e6c5432-da36-405d-b7f1-05871ead9573/datanode-0/data-0/containers/hdds of storage type : DISK capacity : 9223372036854775807
2023-06-02 05:15:20,491 [main] INFO  volume.MutableVolumeSet (MutableVolumeSet.java:initializeVolumeSet(175)) - Added Volume : /home/runner/work/ozone/ozone/hadoop-ozone/integration-test/target/test-dir/MiniOzoneClusterImpl-4e6c5432-da36-405d-b7f1-05871ead9573/datanode-0/data-0/containers/hdds to VolumeSet
2023-06-02 05:15:20,492 [main] INFO  volume.ThrottledAsyncChecker (ThrottledAsyncChecker.java:schedule(141)) - Scheduling a check for /home/runner/work/ozone/ozone/hadoop-ozone/integration-test/target/test-dir/MiniOzoneClusterImpl-4e6c5432-da36-405d-b7f1-05871ead9573/datanode-0/data-0/containers/hdds
2023-06-02 05:15:20,517 [main] INFO  volume.StorageVolumeChecker (StorageVolumeChecker.java:checkAllVolumes(202)) - Scheduled health check for volume /home/runner/work/ozone/ozone/hadoop-ozone/integration-test/target/test-dir/MiniOzoneClusterImpl-4e6c5432-da36-405d-b7f1-05871ead9573/datanode-0/data-0/containers/hdds
2023-06-02 05:15:20,541 [main] INFO  volume.MutableVolumeSet (MutableVolumeSet.java:initializeVolumeSet(175)) - Added Volume : /home/runner/work/ozone/ozone/hadoop-ozone/integration-test/target/test-dir/MiniOzoneClusterImpl-4e6c5432-da36-405d-b7f1-05871ead9573/datanode-0/data/ratis to VolumeSet
2023-06-02 05:15:20,541 [main] INFO  volume.ThrottledAsyncChecker (ThrottledAsyncChecker.java:schedule(141)) - Scheduling a check for /home/runner/work/ozone/ozone/hadoop-ozone/integration-test/target/test-dir/MiniOzoneClusterImpl-4e6c5432-da36-405d-b7f1-05871ead9573/datanode-0/data/ratis
2023-06-02 05:15:20,542 [main] INFO  volume.StorageVolumeChecker (StorageVolumeChecker.java:checkAllVolumes(202)) - Scheduled health check for volume /home/runner/work/ozone/ozone/hadoop-ozone/integration-test/target/test-dir/MiniOzoneClusterImpl-4e6c5432-da36-405d-b7f1-05871ead9573/datanode-0/data/ratis
2023-06-02 05:15:20,572 [Thread-140] INFO  ozoneimpl.ContainerReader (ContainerReader.java:readVolume(175)) - Finish verifying containers on volume /home/runner/work/ozone/ozone/hadoop-ozone/integration-test/target/test-dir/MiniOzoneClusterImpl-4e6c5432-da36-405d-b7f1-05871ead9573/datanode-0/data-0/containers/hdds
2023-06-02 05:15:20,573 [main] INFO  ozoneimpl.OzoneContainer (OzoneContainer.java:buildContainerSet(303)) - Build ContainerSet costs 0s
2023-06-02 05:15:20,634 [main] INFO  audit.AuditLogger (AuditLogger.java:refreshDebugCmdSet(126)) - Refresh DebugCmdSet for DNAudit to [].
2023-06-02 05:15:20,678 [main] INFO  server.RaftServer (ConfUtils.java:logGet(46)) - raft.rpc.type = GRPC (default)
2023-06-02 05:15:20,686 [main] INFO  grpc.GrpcConfigKeys (ConfUtils.java:logFallback(53)) - raft.grpc.admin.host = null (fallback to raft.grpc.server.host)
2023-06-02 05:15:20,686 [main] INFO  grpc.GrpcConfigKeys (ConfUtils.java:logGet(46)) - raft.grpc.admin.port = 15013 (custom)
2023-06-02 05:15:20,686 [main] INFO  grpc.GrpcConfigKeys (ConfUtils.java:logFallback(53)) - raft.grpc.client.host = null (fallback to raft.grpc.server.host)
2023-06-02 05:15:20,686 [main] INFO  grpc.GrpcConfigKeys (ConfUtils.java:logGet(46)) - raft.grpc.client.port = 15012 (custom)
2023-06-02 05:15:20,687 [main] INFO  grpc.GrpcConfigKeys (ConfUtils.java:logGet(46)) - raft.grpc.server.host = null (default)
2023-06-02 05:15:20,687 [main] INFO  grpc.GrpcConfigKeys (ConfUtils.java:logGet(46)) - raft.grpc.server.port = 15014 (custom)
2023-06-02 05:15:20,687 [main] INFO  server.GrpcService (ConfUtils.java:logGet(46)) - raft.grpc.message.size.max = 32MB (=33554432) (custom)
2023-06-02 05:15:20,687 [main] INFO  server.RaftServerConfigKeys (ConfUtils.java:logGet(46)) - raft.server.log.appender.buffer.byte-limit = 33554432 (custom)
2023-06-02 05:15:20,688 [main] INFO  server.GrpcService (ConfUtils.java:logGet(46)) - raft.grpc.flow.control.window = 5MB (=5242880) (custom)
2023-06-02 05:15:20,688 [main] INFO  server.RaftServerConfigKeys (ConfUtils.java:logGet(46)) - raft.server.rpc.request.timeout = 60s (custom)
2023-06-02 05:15:20,688 [main] INFO  grpc.GrpcConfigKeys (ConfUtils.java:logGet(46)) - raft.grpc.server.heartbeat.channel = true (default)
2023-06-02 05:15:20,688 [main] INFO  grpc.GrpcConfigKeys (ConfUtils.java:logGet(46)) - raft.grpc.server.async.request.thread.pool.cached = true (default)
2023-06-02 05:15:20,688 [main] INFO  grpc.GrpcConfigKeys (ConfUtils.java:logGet(46)) - raft.grpc.server.async.request.thread.pool.size = 32 (default)
2023-06-02 05:15:20,691 [main] INFO  impl.DataStreamServerImpl (ConfUtils.java:logGet(46)) - raft.datastream.type = NETTY (custom)
2023-06-02 05:15:20,705 [main] INFO  server.RaftServerConfigKeys (ConfUtils.java:logGet(46)) - raft.server.data-stream.async.request.thread.pool.cached = false (default)
2023-06-02 05:15:20,705 [main] INFO  server.RaftServerConfigKeys (ConfUtils.java:logGet(46)) - raft.server.data-stream.async.request.thread.pool.size = 20 (custom)
2023-06-02 05:15:20,706 [main] INFO  server.RaftServerConfigKeys (ConfUtils.java:logGet(46)) - raft.server.data-stream.async.write.thread.pool.size = 16 (default)
2023-06-02 05:15:20,708 [main] INFO  server.RaftServerConfigKeys (ConfUtils.java:logGet(46)) - raft.server.data-stream.client.pool.size = 10 (default)
2023-06-02 05:15:20,711 [main] INFO  netty.NettyConfigKeys$DataStream (ConfUtils.java:logGet(46)) - raft.netty.dataStream.server.use-epoll = false (default)
2023-06-02 05:15:20,711 [main] INFO  netty.NettyConfigKeys$DataStream (ConfUtils.java:logGet(46)) - raft.netty.dataStream.server.boss-group.size = 0 (default)
2023-06-02 05:15:20,720 [main] INFO  netty.NettyConfigKeys$DataStream (ConfUtils.java:logGet(46)) - raft.netty.dataStream.server.worker-group.size = 0 (default)
2023-06-02 05:15:20,722 [main] INFO  netty.NettyConfigKeys$DataStream (ConfUtils.java:logGet(46)) - raft.netty.dataStream.server.tls.conf = null (default)
2023-06-02 05:15:20,723 [main] INFO  netty.NettyConfigKeys$DataStream (ConfUtils.java:logGet(46)) - raft.netty.dataStream.host = null (default)
2023-06-02 05:15:20,723 [main] INFO  netty.NettyConfigKeys$DataStream (ConfUtils.java:logGet(46)) - raft.netty.dataStream.port = 15015 (custom)
2023-06-02 05:15:20,734 [main] INFO  server.RaftServerConfigKeys (ConfUtils.java:logGet(46)) - raft.server.threadpool.proxy.cached = true (default)
2023-06-02 05:15:20,734 [main] INFO  server.RaftServerConfigKeys (ConfUtils.java:logGet(46)) - raft.server.threadpool.proxy.size = 0 (default)
2023-06-02 05:15:20,734 [main] INFO  server.RaftServerConfigKeys (ConfUtils.java:logGet(46)) - raft.server.rpc.slowness.timeout = 300s (custom)
2023-06-02 05:15:20,734 [main] INFO  server.RaftServerConfigKeys (ConfUtils.java:logGet(46)) - raft.server.leaderelection.leader.step-down.wait-time = 10s (default)
2023-06-02 05:15:20,735 [main] INFO  server.RaftServerConfigKeys (ConfUtils.java:logGet(46)) - raft.server.storage.dir = [/home/runner/work/ozone/ozone/hadoop-ozone/integration-test/target/test-dir/MiniOzoneClusterImpl-4e6c5432-da36-405d-b7f1-05871ead9573/datanode-0/data/ratis] (custom)
2023-06-02 05:15:20,770 [f102c20d-579f-44a7-9197-f839bb943261-NettyServerStreamRpc-bossGroup--thread1] INFO  logging.LoggingHandler (AbstractInternalLogger.java:log(148)) - [id: 0x87aacce9] REGISTERED
2023-06-02 05:15:20,770 [f102c20d-579f-44a7-9197-f839bb943261-NettyServerStreamRpc-bossGroup--thread1] INFO  logging.LoggingHandler (AbstractInternalLogger.java:log(148)) - [id: 0x87aacce9] BIND: 0.0.0.0/0.0.0.0:15015
2023-06-02 05:15:20,771 [f102c20d-579f-44a7-9197-f839bb943261-NettyServerStreamRpc-bossGroup--thread1] INFO  logging.LoggingHandler (AbstractInternalLogger.java:log(148)) - [id: 0x87aacce9, L:/0:0:0:0:0:0:0:0:15015] ACTIVE
2023-06-02 05:15:20,777 [main] INFO  server.XceiverServerGrpc (XceiverServerGrpc.java:<init>(132)) - GrpcServer channel type EpollServerSocketChannel
2023-06-02 05:15:20,819 [main] INFO  replication.ReplicationSupervisor (ReplicationSupervisor.java:nodeStateUpdated(296)) - Node state updated to IN_SERVICE, scaling executor pool size to 10
2023-06-02 05:15:20,873 [main] INFO  token.OzoneBlockTokenSecretManager (OzoneSecretManager.java:updateCurrentKey(175)) - Updating current master key for generating tokens. Cert id 3622618384929
2023-06-02 05:15:20,907 [main] INFO  http.BaseHttpServer (BaseHttpServer.java:newHttpServer2BuilderForOzone(224)) - Starting Web-server for hddsDatanode at: http://0.0.0.0:15009
2023-06-02 05:15:20,907 [main] INFO  http.BaseHttpServer (BaseHttpServer.java:<init>(111)) - Hadoop Security Enabled: false Ozone Security Enabled: false Ozone HTTP Security Enabled: false 
2023-06-02 05:15:20,909 [main] WARN  server.AuthenticationFilter (AuthenticationFilter.java:constructSecretProvider(240)) - Unable to initialize FileSignerSecretProvider, falling back to use random secrets. Reason: Could not read signature secret file: /home/runner/hadoop-http-auth-signature-secret
2023-06-02 05:15:20,914 [om1@group-C5BA1605619E-FollowerState] INFO  impl.FollowerState (FollowerState.java:run(143)) - om1@group-C5BA1605619E-FollowerState: change to CANDIDATE, lastRpcElapsedTime:1080991937ns, electionTimeout:1067ms
2023-06-02 05:15:20,915 [om1@group-C5BA1605619E-FollowerState] INFO  impl.RoleInfo (RoleInfo.java:shutdownFollowerState(110)) - om1: shutdown om1@group-C5BA1605619E-FollowerState
2023-06-02 05:15:20,916 [om1@group-C5BA1605619E-FollowerState] INFO  server.RaftServer$Division (RaftServerImpl.java:setRole(329)) - om1@group-C5BA1605619E: changes role from  FOLLOWER to CANDIDATE at term 0 for changeToCandidate
2023-06-02 05:15:20,919 [om1@group-C5BA1605619E-FollowerState] INFO  server.RaftServerConfigKeys (ConfUtils.java:logGet(46)) - raft.server.leaderelection.pre-vote = true (default)
2023-06-02 05:15:20,919 [om1@group-C5BA1605619E-FollowerState] INFO  impl.RoleInfo (RoleInfo.java:updateAndGet(139)) - om1: start om1@group-C5BA1605619E-LeaderElection1
2023-06-02 05:15:20,922 [main] INFO  http.HttpRequestLog (HttpRequestLog.java:getRequestLog(86)) - Http request log for http.requests.hddsDatanode is not defined
2023-06-02 05:15:20,924 [main] INFO  http.HttpServer2 (HttpServer2.java:addGlobalFilter(1031)) - Added global filter 'safety' (class=org.apache.hadoop.hdds.server.http.HttpServer2$QuotingInputFilter)
2023-06-02 05:15:20,925 [main] INFO  http.HttpServer2 (HttpServer2.java:addFilter(1007)) - Added filter static_user_filter (class=org.apache.hadoop.http.lib.StaticUserWebFilter$StaticUserFilter) to context hddsDatanode
2023-06-02 05:15:20,926 [main] INFO  http.HttpServer2 (HttpServer2.java:addFilter(1015)) - Added filter static_user_filter (class=org.apache.hadoop.http.lib.StaticUserWebFilter$StaticUserFilter) to context static
2023-06-02 05:15:20,926 [main] INFO  http.HttpServer2 (HttpServer2.java:addFilter(1015)) - Added filter static_user_filter (class=org.apache.hadoop.http.lib.StaticUserWebFilter$StaticUserFilter) to context logs
2023-06-02 05:15:20,928 [main] INFO  http.BaseHttpServer (BaseHttpServer.java:<init>(190)) - HTTP server of hddsDatanode uses base directory /home/runner/work/ozone/ozone/hadoop-ozone/integration-test/target/test-dir/MiniOzoneClusterImpl-4e6c5432-da36-405d-b7f1-05871ead9573/datanode-0/meta/webserver
2023-06-02 05:15:20,928 [main] INFO  http.HttpServer2 (HttpServer2.java:bindListener(1250)) - Jetty bound to port 15009
2023-06-02 05:15:20,930 [main] INFO  server.Server (Server.java:doStart(375)) - jetty-9.4.51.v20230217; built: 2023-02-17T08:19:37.309Z; git: b45c405e4544384de066f814ed42ae3dceacdd49; jvm 1.8.0_372-b07
2023-06-02 05:15:20,930 [om1@group-C5BA1605619E-LeaderElection1] INFO  impl.LeaderElection (LeaderElection.java:askForVotes(321)) - om1@group-C5BA1605619E-LeaderElection1 PRE_VOTE round 0: submit vote requests at term 0 for -1: peers:[om1|rpc:localhost:15007|priority:0|startupRole:FOLLOWER]|listeners:[], old=null
2023-06-02 05:15:20,931 [om1@group-C5BA1605619E-LeaderElection1] INFO  impl.LeaderElection (LeaderElection.java:askForVotes(323)) - om1@group-C5BA1605619E-LeaderElection1 PRE_VOTE round 0: result PASSED (term=0)
2023-06-02 05:15:20,933 [om1@group-C5BA1605619E-LeaderElection1] INFO  impl.LeaderElection (LeaderElection.java:askForVotes(321)) - om1@group-C5BA1605619E-LeaderElection1 ELECTION round 0: submit vote requests at term 1 for -1: peers:[om1|rpc:localhost:15007|priority:0|startupRole:FOLLOWER]|listeners:[], old=null
2023-06-02 05:15:20,934 [om1@group-C5BA1605619E-LeaderElection1] INFO  impl.LeaderElection (LeaderElection.java:askForVotes(323)) - om1@group-C5BA1605619E-LeaderElection1 ELECTION round 0: result PASSED (term=1)
2023-06-02 05:15:20,934 [om1@group-C5BA1605619E-LeaderElection1] INFO  impl.RoleInfo (RoleInfo.java:shutdownLeaderElection(130)) - om1: shutdown om1@group-C5BA1605619E-LeaderElection1
2023-06-02 05:15:20,934 [om1@group-C5BA1605619E-LeaderElection1] INFO  server.RaftServer$Division (RaftServerImpl.java:setRole(329)) - om1@group-C5BA1605619E: changes role from CANDIDATE to LEADER at term 1 for changeToLeader
2023-06-02 05:15:20,937 [om1@group-C5BA1605619E-LeaderElection1] INFO  server.RaftServer$Division (ServerState.java:setLeader(317)) - om1@group-C5BA1605619E: change Leader from null to om1 at term 1 for becomeLeader, leader elected after 2451ms
2023-06-02 05:15:20,945 [om1@group-C5BA1605619E-LeaderElection1] INFO  server.RaftServerConfigKeys (ConfUtils.java:logGet(46)) - raft.server.staging.catchup.gap = 1000 (default)
2023-06-02 05:15:20,953 [main] INFO  server.session (DefaultSessionIdManager.java:doStart(334)) - DefaultSessionIdManager workerName=node0
2023-06-02 05:15:20,953 [main] INFO  server.session (DefaultSessionIdManager.java:doStart(339)) - No SessionScavenger set, using defaults
2023-06-02 05:15:20,954 [main] INFO  server.session (HouseKeeper.java:startScavenging(132)) - node0 Scavenging every 660000ms
2023-06-02 05:15:20,957 [om1@group-C5BA1605619E-LeaderElection1] INFO  server.RaftServerConfigKeys (ConfUtils.java:logGet(46)) - raft.server.write.element-limit = 4096 (default)
2023-06-02 05:15:20,958 [main] INFO  handler.ContextHandler (ContextHandler.java:doStart(921)) - Started o.e.j.s.ServletContextHandler@728a9b59{logs,/logs,file:///home/runner/work/ozone/ozone/hadoop-ozone/integration-test/target/log,AVAILABLE}
2023-06-02 05:15:20,958 [main] INFO  handler.ContextHandler (ContextHandler.java:doStart(921)) - Started o.e.j.s.ServletContextHandler@7b1473a6{static,/static,jar:file:/home/runner/.m2/repository/org/apache/ozone/hdds-container-service/1.4.0-SNAPSHOT/hdds-container-service-1.4.0-SNAPSHOT.jar!/webapps/static,AVAILABLE}
2023-06-02 05:15:20,964 [om1@group-C5BA1605619E-LeaderElection1] INFO  server.RaftServerConfigKeys (ConfUtils.java:logGet(46)) - raft.server.write.byte-limit = 64MB (=67108864) (default)
2023-06-02 05:15:20,971 [om1@group-C5BA1605619E-LeaderElection1] INFO  server.RaftServerConfigKeys (ConfUtils.java:logGet(46)) - raft.server.watch.timeout = 10s (default)
2023-06-02 05:15:20,971 [om1@group-C5BA1605619E-LeaderElection1] INFO  server.RaftServerConfigKeys (ConfUtils.java:logGet(46)) - raft.server.watch.timeout.denomination = 1s (default)
2023-06-02 05:15:20,973 [om1@group-C5BA1605619E-LeaderElection1] INFO  server.RaftServerConfigKeys (ConfUtils.java:logGet(46)) - raft.server.watch.element-limit = 65536 (default)
2023-06-02 05:15:20,985 [om1@group-C5BA1605619E-LeaderElection1] INFO  server.RaftServerConfigKeys (ConfUtils.java:logGet(46)) - raft.server.write.element-limit = 4096 (default)
2023-06-02 05:15:20,991 [om1@group-C5BA1605619E-LeaderElection1] INFO  server.RaftServerConfigKeys (ConfUtils.java:logGet(46)) - raft.server.write.follower.gap.ratio.max = -1.0 (default)
2023-06-02 05:15:20,995 [om1@group-C5BA1605619E-LeaderElection1] INFO  impl.RoleInfo (RoleInfo.java:updateAndGet(139)) - om1: start om1@group-C5BA1605619E-LeaderStateImpl
2023-06-02 05:15:21,053 [om1@group-C5BA1605619E-LeaderElection1] INFO  segmented.SegmentedRaftLogWorker (SegmentedRaftLogWorker.java:startLogSegment(447)) - om1@group-C5BA1605619E-SegmentedRaftLogWorker: Starting segment from index:0
2023-06-02 05:15:21,132 [om1@group-C5BA1605619E-LeaderElection1] INFO  server.RaftServer$Division (ServerState.java:setRaftConf(434)) - om1@group-C5BA1605619E: set configuration 0: peers:[om1|rpc:localhost:15007|admin:|client:|dataStream:|priority:0|startupRole:FOLLOWER]|listeners:[], old=null
2023-06-02 05:15:21,230 [om1@group-C5BA1605619E-SegmentedRaftLogWorker] INFO  segmented.SegmentedRaftLogWorker (SegmentedRaftLogWorker.java:execute(651)) - om1@group-C5BA1605619E-SegmentedRaftLogWorker: created new log segment /home/runner/work/ozone/ozone/hadoop-ozone/integration-test/target/test-dir/MiniOzoneClusterImpl-4e6c5432-da36-405d-b7f1-05871ead9573/ozone-meta/ratis/bf265839-605b-3f16-9796-c5ba1605619e/current/log_inprogress_0
2023-06-02 05:15:21,365 [main] INFO  handler.ContextHandler (ContextHandler.java:doStart(921)) - Started o.e.j.w.WebAppContext@70a0499d{hddsDatanode,/,file:///home/runner/work/ozone/ozone/hadoop-ozone/integration-test/target/test-dir/MiniOzoneClusterImpl-4e6c5432-da36-405d-b7f1-05871ead9573/datanode-0/meta/webserver/jetty-0_0_0_0-15009-hdds-container-service-1_4_0-SNAPSHOT_jar-_-any-5581983909411374822/webapp/,AVAILABLE}{jar:file:/home/runner/.m2/repository/org/apache/ozone/hdds-container-service/1.4.0-SNAPSHOT/hdds-container-service-1.4.0-SNAPSHOT.jar!/webapps/hddsDatanode}
2023-06-02 05:15:21,374 [main] INFO  server.AbstractConnector (AbstractConnector.java:doStart(333)) - Started ServerConnector@2d8d3b6f{HTTP/1.1, (http/1.1)}{0.0.0.0:15009}
2023-06-02 05:15:21,374 [main] INFO  server.Server (Server.java:doStart(415)) - Started @12207ms
2023-06-02 05:15:21,374 [main] WARN  impl.MetricsSystemImpl (MetricsSystemImpl.java:register(279)) - Sink prometheus already exists!
2023-06-02 05:15:21,390 [main] INFO  http.BaseHttpServer (BaseHttpServer.java:updateConnectorAddress(344)) - HTTP server of hddsDatanode listening at http://0.0.0.0:15009
2023-06-02 05:15:21,394 [main] INFO  ipc.CallQueueManager (CallQueueManager.java:<init>(90)) - Using callQueue: class java.util.concurrent.LinkedBlockingQueue, queueCapacity: 100, scheduler: class org.apache.hadoop.ipc.DefaultRpcScheduler, ipcBackoff: false.
2023-06-02 05:15:21,401 [Socket Reader #1 for port 15010] INFO  ipc.Server (Server.java:run(1319)) - Starting Socket Reader #1 for port 15010
2023-06-02 05:15:21,413 [Listener at 0.0.0.0/15010] INFO  hdds.HddsUtils (HddsUtils.java:preserveThreadName(843)) - Restoring thread name: main
2023-06-02 05:15:21,414 [main] INFO  ozone.HddsDatanodeService (HddsDatanodeService.java:start(331)) - Datanode start with admins: [runner]
2023-06-02 05:15:21,414 [main] INFO  ozone.HddsDatanodeClientProtocolServer (HddsDatanodeClientProtocolServer.java:start(83)) - RPC server for Client /0.0.0.0:15010
2023-06-02 05:15:21,416 [IPC Server Responder] INFO  ipc.Server (Server.java:run(1558)) - IPC Server Responder: starting
2023-06-02 05:15:21,417 [IPC Server listener on 15010] INFO  ipc.Server (Server.java:run(1398)) - IPC Server listener on 15010: starting
2023-06-02 05:15:21,418 [main] WARN  impl.MetricRegistriesImpl (MetricRegistriesImpl.java:addReporterRegistration(111)) - New reporters are added after registries were created. Some metrics will be missing from the reporter. Please add reporter before adding any new registry.
2023-06-02 05:15:21,419 [main] WARN  impl.MetricRegistriesImpl (MetricRegistriesImpl.java:addReporterRegistration(111)) - New reporters are added after registries were created. Some metrics will be missing from the reporter. Please add reporter before adding any new registry.
2023-06-02 05:15:21,419 [main] INFO  impl.MetricsSystemImpl (MetricsSystemImpl.java:init(158)) - HddsDatanode metrics system started (again)
2023-06-02 05:15:21,416 [om1@group-C5BA1605619E-StateMachineUpdater] INFO  ratis.OzoneManagerStateMachine (OzoneManagerStateMachine.java:notifyConfigurationChanged(201)) - Received Configuration change notification from Ratis. New Peer list:
[id: "om1"
address: "localhost:15007"
startupRole: FOLLOWER
]
2023-06-02 05:15:21,430 [Datanode State Machine Daemon Thread] INFO  statemachine.DatanodeStateMachine (DatanodeStateMachine.java:lambda$startDaemon$0(537)) - Ozone container server started.
2023-06-02 05:15:21,453 [main] INFO  ozone.HddsDatanodeService (HddsDatanodeService.java:start(261)) - HddsDatanodeService host:fv-az628-647 ip:10.1.74.1
2023-06-02 05:15:21,466 [org.apache.hadoop.util.JvmPauseMonitor$Monitor@32d07da9] INFO  util.JvmPauseMonitor (JvmPauseMonitor.java:run(188)) - Starting JVM pause monitor
2023-06-02 05:15:21,483 [main] INFO  upgrade.AbstractLayoutVersionManager (AbstractLayoutVersionManager.java:init(83)) - Initializing Layout version manager with metadata layout = HADOOP_PRC_PORTS_IN_DATANODEDETAILS (version = 7), software layout = HADOOP_PRC_PORTS_IN_DATANODEDETAILS (version = 7)
2023-06-02 05:15:21,485 [main] INFO  statemachine.DatanodeStateMachine (DatanodeStateMachine.java:getEndPointTaskThreadPoolSize(275)) - Datanode State Machine Task Thread Pool size 2
2023-06-02 05:15:21,493 [main] INFO  volume.HddsVolume (HddsVolume.java:<init>(130)) - Creating HddsVolume: /home/runner/work/ozone/ozone/hadoop-ozone/integration-test/target/test-dir/MiniOzoneClusterImpl-4e6c5432-da36-405d-b7f1-05871ead9573/datanode-1/data-0/containers/hdds of storage type : DISK capacity : 9223372036854775807
2023-06-02 05:15:21,493 [main] INFO  volume.MutableVolumeSet (MutableVolumeSet.java:initializeVolumeSet(175)) - Added Volume : /home/runner/work/ozone/ozone/hadoop-ozone/integration-test/target/test-dir/MiniOzoneClusterImpl-4e6c5432-da36-405d-b7f1-05871ead9573/datanode-1/data-0/containers/hdds to VolumeSet
2023-06-02 05:15:21,494 [main] INFO  volume.ThrottledAsyncChecker (ThrottledAsyncChecker.java:schedule(141)) - Scheduling a check for /home/runner/work/ozone/ozone/hadoop-ozone/integration-test/target/test-dir/MiniOzoneClusterImpl-4e6c5432-da36-405d-b7f1-05871ead9573/datanode-1/data-0/containers/hdds
2023-06-02 05:15:21,511 [main] INFO  volume.StorageVolumeChecker (StorageVolumeChecker.java:checkAllVolumes(202)) - Scheduled health check for volume /home/runner/work/ozone/ozone/hadoop-ozone/integration-test/target/test-dir/MiniOzoneClusterImpl-4e6c5432-da36-405d-b7f1-05871ead9573/datanode-1/data-0/containers/hdds
2023-06-02 05:15:21,536 [main] INFO  volume.MutableVolumeSet (MutableVolumeSet.java:initializeVolumeSet(175)) - Added Volume : /home/runner/work/ozone/ozone/hadoop-ozone/integration-test/target/test-dir/MiniOzoneClusterImpl-4e6c5432-da36-405d-b7f1-05871ead9573/datanode-1/data/ratis to VolumeSet
2023-06-02 05:15:21,536 [main] INFO  volume.ThrottledAsyncChecker (ThrottledAsyncChecker.java:schedule(141)) - Scheduling a check for /home/runner/work/ozone/ozone/hadoop-ozone/integration-test/target/test-dir/MiniOzoneClusterImpl-4e6c5432-da36-405d-b7f1-05871ead9573/datanode-1/data/ratis
2023-06-02 05:15:21,538 [main] INFO  volume.StorageVolumeChecker (StorageVolumeChecker.java:checkAllVolumes(202)) - Scheduled health check for volume /home/runner/work/ozone/ozone/hadoop-ozone/integration-test/target/test-dir/MiniOzoneClusterImpl-4e6c5432-da36-405d-b7f1-05871ead9573/datanode-1/data/ratis
2023-06-02 05:15:21,572 [Thread-160] INFO  ozoneimpl.ContainerReader (ContainerReader.java:readVolume(175)) - Finish verifying containers on volume /home/runner/work/ozone/ozone/hadoop-ozone/integration-test/target/test-dir/MiniOzoneClusterImpl-4e6c5432-da36-405d-b7f1-05871ead9573/datanode-1/data-0/containers/hdds
2023-06-02 05:15:21,575 [main] INFO  ozoneimpl.OzoneContainer (OzoneContainer.java:buildContainerSet(303)) - Build ContainerSet costs 0s
2023-06-02 05:15:21,579 [main] INFO  server.RaftServer (ConfUtils.java:logGet(46)) - raft.rpc.type = GRPC (default)
2023-06-02 05:15:21,579 [main] INFO  grpc.GrpcConfigKeys (ConfUtils.java:logFallback(53)) - raft.grpc.admin.host = null (fallback to raft.grpc.server.host)
2023-06-02 05:15:21,579 [main] INFO  grpc.GrpcConfigKeys (ConfUtils.java:logGet(46)) - raft.grpc.admin.port = 15022 (custom)
2023-06-02 05:15:21,580 [main] INFO  grpc.GrpcConfigKeys (ConfUtils.java:logFallback(53)) - raft.grpc.client.host = null (fallback to raft.grpc.server.host)
2023-06-02 05:15:21,580 [main] INFO  grpc.GrpcConfigKeys (ConfUtils.java:logGet(46)) - raft.grpc.client.port = 15021 (custom)
2023-06-02 05:15:21,580 [main] INFO  grpc.GrpcConfigKeys (ConfUtils.java:logGet(46)) - raft.grpc.server.host = null (default)
2023-06-02 05:15:21,580 [main] INFO  grpc.GrpcConfigKeys (ConfUtils.java:logGet(46)) - raft.grpc.server.port = 15023 (custom)
2023-06-02 05:15:21,581 [main] INFO  server.GrpcService (ConfUtils.java:logGet(46)) - raft.grpc.message.size.max = 32MB (=33554432) (custom)
2023-06-02 05:15:21,581 [main] INFO  server.RaftServerConfigKeys (ConfUtils.java:logGet(46)) - raft.server.log.appender.buffer.byte-limit = 33554432 (custom)
2023-06-02 05:15:21,581 [main] INFO  server.GrpcService (ConfUtils.java:logGet(46)) - raft.grpc.flow.control.window = 5MB (=5242880) (custom)
2023-06-02 05:15:21,581 [main] INFO  server.RaftServerConfigKeys (ConfUtils.java:logGet(46)) - raft.server.rpc.request.timeout = 60s (custom)
2023-06-02 05:15:21,582 [main] INFO  grpc.GrpcConfigKeys (ConfUtils.java:logGet(46)) - raft.grpc.server.heartbeat.channel = true (default)
2023-06-02 05:15:21,583 [main] INFO  grpc.GrpcConfigKeys (ConfUtils.java:logGet(46)) - raft.grpc.server.async.request.thread.pool.cached = true (default)
2023-06-02 05:15:21,583 [main] INFO  grpc.GrpcConfigKeys (ConfUtils.java:logGet(46)) - raft.grpc.server.async.request.thread.pool.size = 32 (default)
2023-06-02 05:15:21,589 [main] INFO  impl.DataStreamServerImpl (ConfUtils.java:logGet(46)) - raft.datastream.type = NETTY (custom)
2023-06-02 05:15:21,591 [main] INFO  server.RaftServerConfigKeys (ConfUtils.java:logGet(46)) - raft.server.data-stream.async.request.thread.pool.cached = false (default)
2023-06-02 05:15:21,591 [main] INFO  server.RaftServerConfigKeys (ConfUtils.java:logGet(46)) - raft.server.data-stream.async.request.thread.pool.size = 20 (custom)
2023-06-02 05:15:21,591 [main] INFO  server.RaftServerConfigKeys (ConfUtils.java:logGet(46)) - raft.server.data-stream.async.write.thread.pool.size = 16 (default)
2023-06-02 05:15:21,592 [main] INFO  server.RaftServerConfigKeys (ConfUtils.java:logGet(46)) - raft.server.data-stream.client.pool.size = 10 (default)
2023-06-02 05:15:21,593 [main] INFO  netty.NettyConfigKeys$DataStream (ConfUtils.java:logGet(46)) - raft.netty.dataStream.server.use-epoll = false (default)
2023-06-02 05:15:21,593 [main] INFO  netty.NettyConfigKeys$DataStream (ConfUtils.java:logGet(46)) - raft.netty.dataStream.server.boss-group.size = 0 (default)
2023-06-02 05:15:21,593 [main] INFO  netty.NettyConfigKeys$DataStream (ConfUtils.java:logGet(46)) - raft.netty.dataStream.server.worker-group.size = 0 (default)
2023-06-02 05:15:21,595 [main] INFO  netty.NettyConfigKeys$DataStream (ConfUtils.java:logGet(46)) - raft.netty.dataStream.server.tls.conf = null (default)
2023-06-02 05:15:21,595 [main] INFO  netty.NettyConfigKeys$DataStream (ConfUtils.java:logGet(46)) - raft.netty.dataStream.host = null (default)
2023-06-02 05:15:21,596 [main] INFO  netty.NettyConfigKeys$DataStream (ConfUtils.java:logGet(46)) - raft.netty.dataStream.port = 15024 (custom)
2023-06-02 05:15:21,606 [main] INFO  server.RaftServerConfigKeys (ConfUtils.java:logGet(46)) - raft.server.threadpool.proxy.cached = true (default)
2023-06-02 05:15:21,606 [main] INFO  server.RaftServerConfigKeys (ConfUtils.java:logGet(46)) - raft.server.threadpool.proxy.size = 0 (default)
2023-06-02 05:15:21,606 [main] INFO  server.RaftServerConfigKeys (ConfUtils.java:logGet(46)) - raft.server.rpc.slowness.timeout = 300s (custom)
2023-06-02 05:15:21,606 [main] INFO  server.RaftServerConfigKeys (ConfUtils.java:logGet(46)) - raft.server.leaderelection.leader.step-down.wait-time = 10s (default)
2023-06-02 05:15:21,607 [main] INFO  server.RaftServerConfigKeys (ConfUtils.java:logGet(46)) - raft.server.storage.dir = [/home/runner/work/ozone/ozone/hadoop-ozone/integration-test/target/test-dir/MiniOzoneClusterImpl-4e6c5432-da36-405d-b7f1-05871ead9573/datanode-1/data/ratis] (custom)
2023-06-02 05:15:21,618 [21bba47c-9d70-4b1d-8693-1fcc7960d534-NettyServerStreamRpc-bossGroup--thread1] INFO  logging.LoggingHandler (AbstractInternalLogger.java:log(148)) - [id: 0xe5a8aa5b] REGISTERED
2023-06-02 05:15:21,619 [21bba47c-9d70-4b1d-8693-1fcc7960d534-NettyServerStreamRpc-bossGroup--thread1] INFO  logging.LoggingHandler (AbstractInternalLogger.java:log(148)) - [id: 0xe5a8aa5b] BIND: 0.0.0.0/0.0.0.0:15024
2023-06-02 05:15:21,619 [21bba47c-9d70-4b1d-8693-1fcc7960d534-NettyServerStreamRpc-bossGroup--thread1] INFO  logging.LoggingHandler (AbstractInternalLogger.java:log(148)) - [id: 0xe5a8aa5b, L:/0:0:0:0:0:0:0:0:15024] ACTIVE
2023-06-02 05:15:21,620 [main] INFO  server.XceiverServerGrpc (XceiverServerGrpc.java:<init>(132)) - GrpcServer channel type EpollServerSocketChannel
2023-06-02 05:15:21,623 [main] INFO  replication.ReplicationSupervisor (ReplicationSupervisor.java:nodeStateUpdated(296)) - Node state updated to IN_SERVICE, scaling executor pool size to 10
2023-06-02 05:15:21,624 [main] INFO  token.OzoneBlockTokenSecretManager (OzoneSecretManager.java:updateCurrentKey(175)) - Updating current master key for generating tokens. Cert id 3622618384929
2023-06-02 05:15:21,632 [main] INFO  http.BaseHttpServer (BaseHttpServer.java:newHttpServer2BuilderForOzone(224)) - Starting Web-server for hddsDatanode at: http://0.0.0.0:15018
2023-06-02 05:15:21,632 [main] INFO  http.BaseHttpServer (BaseHttpServer.java:<init>(111)) - Hadoop Security Enabled: false Ozone Security Enabled: false Ozone HTTP Security Enabled: false 
2023-06-02 05:15:21,634 [main] WARN  server.AuthenticationFilter (AuthenticationFilter.java:constructSecretProvider(240)) - Unable to initialize FileSignerSecretProvider, falling back to use random secrets. Reason: Could not read signature secret file: /home/runner/hadoop-http-auth-signature-secret
2023-06-02 05:15:21,642 [main] INFO  http.HttpRequestLog (HttpRequestLog.java:getRequestLog(86)) - Http request log for http.requests.hddsDatanode is not defined
2023-06-02 05:15:21,644 [main] INFO  http.HttpServer2 (HttpServer2.java:addGlobalFilter(1031)) - Added global filter 'safety' (class=org.apache.hadoop.hdds.server.http.HttpServer2$QuotingInputFilter)
2023-06-02 05:15:21,645 [main] INFO  http.HttpServer2 (HttpServer2.java:addFilter(1007)) - Added filter static_user_filter (class=org.apache.hadoop.http.lib.StaticUserWebFilter$StaticUserFilter) to context hddsDatanode
2023-06-02 05:15:21,645 [main] INFO  http.HttpServer2 (HttpServer2.java:addFilter(1015)) - Added filter static_user_filter (class=org.apache.hadoop.http.lib.StaticUserWebFilter$StaticUserFilter) to context static
2023-06-02 05:15:21,645 [main] INFO  http.HttpServer2 (HttpServer2.java:addFilter(1015)) - Added filter static_user_filter (class=org.apache.hadoop.http.lib.StaticUserWebFilter$StaticUserFilter) to context logs
2023-06-02 05:15:21,646 [main] INFO  http.BaseHttpServer (BaseHttpServer.java:<init>(190)) - HTTP server of hddsDatanode uses base directory /home/runner/work/ozone/ozone/hadoop-ozone/integration-test/target/test-dir/MiniOzoneClusterImpl-4e6c5432-da36-405d-b7f1-05871ead9573/datanode-1/meta/webserver
2023-06-02 05:15:21,646 [main] INFO  http.HttpServer2 (HttpServer2.java:bindListener(1250)) - Jetty bound to port 15018
2023-06-02 05:15:21,647 [main] INFO  server.Server (Server.java:doStart(375)) - jetty-9.4.51.v20230217; built: 2023-02-17T08:19:37.309Z; git: b45c405e4544384de066f814ed42ae3dceacdd49; jvm 1.8.0_372-b07
2023-06-02 05:15:21,659 [Datanode State Machine Task Thread - 0] INFO  datanode.InitDatanodeState (InitDatanodeState.java:persistContainerDatanodeDetails(138)) - DatanodeDetails is persisted to /home/runner/work/ozone/ozone/hadoop-ozone/integration-test/target/test-dir/MiniOzoneClusterImpl-4e6c5432-da36-405d-b7f1-05871ead9573/datanode-0/meta/datanode.id
2023-06-02 05:15:21,662 [main] INFO  server.session (DefaultSessionIdManager.java:doStart(334)) - DefaultSessionIdManager workerName=node0
2023-06-02 05:15:21,663 [main] INFO  server.session (DefaultSessionIdManager.java:doStart(339)) - No SessionScavenger set, using defaults
2023-06-02 05:15:21,663 [main] INFO  server.session (HouseKeeper.java:startScavenging(132)) - node0 Scavenging every 600000ms
2023-06-02 05:15:21,664 [main] INFO  handler.ContextHandler (ContextHandler.java:doStart(921)) - Started o.e.j.s.ServletContextHandler@24cca986{logs,/logs,file:///home/runner/work/ozone/ozone/hadoop-ozone/integration-test/target/log,AVAILABLE}
2023-06-02 05:15:21,664 [main] INFO  handler.ContextHandler (ContextHandler.java:doStart(921)) - Started o.e.j.s.ServletContextHandler@4c5b133e{static,/static,jar:file:/home/runner/.m2/repository/org/apache/ozone/hdds-container-service/1.4.0-SNAPSHOT/hdds-container-service-1.4.0-SNAPSHOT.jar!/webapps/static,AVAILABLE}
2023-06-02 05:15:21,922 [main] INFO  handler.ContextHandler (ContextHandler.java:doStart(921)) - Started o.e.j.w.WebAppContext@4812cc88{hddsDatanode,/,file:///home/runner/work/ozone/ozone/hadoop-ozone/integration-test/target/test-dir/MiniOzoneClusterImpl-4e6c5432-da36-405d-b7f1-05871ead9573/datanode-1/meta/webserver/jetty-0_0_0_0-15018-hdds-container-service-1_4_0-SNAPSHOT_jar-_-any-7785862640980757630/webapp/,AVAILABLE}{jar:file:/home/runner/.m2/repository/org/apache/ozone/hdds-container-service/1.4.0-SNAPSHOT/hdds-container-service-1.4.0-SNAPSHOT.jar!/webapps/hddsDatanode}
2023-06-02 05:15:21,923 [main] INFO  server.AbstractConnector (AbstractConnector.java:doStart(333)) - Started ServerConnector@1a276380{HTTP/1.1, (http/1.1)}{0.0.0.0:15018}
2023-06-02 05:15:21,924 [main] INFO  server.Server (Server.java:doStart(415)) - Started @12757ms
2023-06-02 05:15:21,924 [main] WARN  impl.MetricsSystemImpl (MetricsSystemImpl.java:register(279)) - Sink prometheus already exists!
2023-06-02 05:15:21,925 [main] INFO  http.BaseHttpServer (BaseHttpServer.java:updateConnectorAddress(344)) - HTTP server of hddsDatanode listening at http://0.0.0.0:15018
2023-06-02 05:15:21,925 [main] INFO  ipc.CallQueueManager (CallQueueManager.java:<init>(90)) - Using callQueue: class java.util.concurrent.LinkedBlockingQueue, queueCapacity: 100, scheduler: class org.apache.hadoop.ipc.DefaultRpcScheduler, ipcBackoff: false.
2023-06-02 05:15:21,936 [Socket Reader #1 for port 15019] INFO  ipc.Server (Server.java:run(1319)) - Starting Socket Reader #1 for port 15019
2023-06-02 05:15:21,944 [Listener at 0.0.0.0/15019] INFO  hdds.HddsUtils (HddsUtils.java:preserveThreadName(843)) - Restoring thread name: main
2023-06-02 05:15:21,944 [main] INFO  ozone.HddsDatanodeService (HddsDatanodeService.java:start(331)) - Datanode start with admins: [runner]
2023-06-02 05:15:21,945 [main] INFO  ozone.HddsDatanodeClientProtocolServer (HddsDatanodeClientProtocolServer.java:start(83)) - RPC server for Client /0.0.0.0:15019
2023-06-02 05:15:21,945 [IPC Server Responder] INFO  ipc.Server (Server.java:run(1558)) - IPC Server Responder: starting
2023-06-02 05:15:21,945 [Datanode State Machine Daemon Thread] INFO  statemachine.DatanodeStateMachine (DatanodeStateMachine.java:lambda$startDaemon$0(537)) - Ozone container server started.
2023-06-02 05:15:21,946 [main] WARN  impl.MetricRegistriesImpl (MetricRegistriesImpl.java:addReporterRegistration(111)) - New reporters are added after registries were created. Some metrics will be missing from the reporter. Please add reporter before adding any new registry.
2023-06-02 05:15:21,946 [main] WARN  impl.MetricRegistriesImpl (MetricRegistriesImpl.java:addReporterRegistration(111)) - New reporters are added after registries were created. Some metrics will be missing from the reporter. Please add reporter before adding any new registry.
2023-06-02 05:15:21,946 [main] INFO  impl.MetricsSystemImpl (MetricsSystemImpl.java:init(158)) - HddsDatanode metrics system started (again)
2023-06-02 05:15:21,953 [IPC Server listener on 15019] INFO  ipc.Server (Server.java:run(1398)) - IPC Server listener on 15019: starting
2023-06-02 05:15:21,959 [org.apache.hadoop.util.JvmPauseMonitor$Monitor@1aea77c] INFO  util.JvmPauseMonitor (JvmPauseMonitor.java:run(188)) - Starting JVM pause monitor
2023-06-02 05:15:21,971 [Datanode State Machine Task Thread - 0] INFO  datanode.InitDatanodeState (InitDatanodeState.java:persistContainerDatanodeDetails(138)) - DatanodeDetails is persisted to /home/runner/work/ozone/ozone/hadoop-ozone/integration-test/target/test-dir/MiniOzoneClusterImpl-4e6c5432-da36-405d-b7f1-05871ead9573/datanode-1/meta/datanode.id
2023-06-02 05:15:21,977 [main] INFO  ozone.HddsDatanodeService (HddsDatanodeService.java:start(261)) - HddsDatanodeService host:fv-az628-647 ip:10.1.74.1
2023-06-02 05:15:22,005 [main] INFO  upgrade.AbstractLayoutVersionManager (AbstractLayoutVersionManager.java:init(83)) - Initializing Layout version manager with metadata layout = HADOOP_PRC_PORTS_IN_DATANODEDETAILS (version = 7), software layout = HADOOP_PRC_PORTS_IN_DATANODEDETAILS (version = 7)
2023-06-02 05:15:22,006 [main] INFO  statemachine.DatanodeStateMachine (DatanodeStateMachine.java:getEndPointTaskThreadPoolSize(275)) - Datanode State Machine Task Thread Pool size 2
2023-06-02 05:15:22,011 [main] INFO  volume.HddsVolume (HddsVolume.java:<init>(130)) - Creating HddsVolume: /home/runner/work/ozone/ozone/hadoop-ozone/integration-test/target/test-dir/MiniOzoneClusterImpl-4e6c5432-da36-405d-b7f1-05871ead9573/datanode-2/data-0/containers/hdds of storage type : DISK capacity : 9223372036854775807
2023-06-02 05:15:22,011 [main] INFO  volume.MutableVolumeSet (MutableVolumeSet.java:initializeVolumeSet(175)) - Added Volume : /home/runner/work/ozone/ozone/hadoop-ozone/integration-test/target/test-dir/MiniOzoneClusterImpl-4e6c5432-da36-405d-b7f1-05871ead9573/datanode-2/data-0/containers/hdds to VolumeSet
2023-06-02 05:15:22,011 [main] INFO  volume.ThrottledAsyncChecker (ThrottledAsyncChecker.java:schedule(141)) - Scheduling a check for /home/runner/work/ozone/ozone/hadoop-ozone/integration-test/target/test-dir/MiniOzoneClusterImpl-4e6c5432-da36-405d-b7f1-05871ead9573/datanode-2/data-0/containers/hdds
2023-06-02 05:15:22,012 [main] INFO  volume.StorageVolumeChecker (StorageVolumeChecker.java:checkAllVolumes(202)) - Scheduled health check for volume /home/runner/work/ozone/ozone/hadoop-ozone/integration-test/target/test-dir/MiniOzoneClusterImpl-4e6c5432-da36-405d-b7f1-05871ead9573/datanode-2/data-0/containers/hdds
2023-06-02 05:15:22,026 [main] INFO  volume.MutableVolumeSet (MutableVolumeSet.java:initializeVolumeSet(175)) - Added Volume : /home/runner/work/ozone/ozone/hadoop-ozone/integration-test/target/test-dir/MiniOzoneClusterImpl-4e6c5432-da36-405d-b7f1-05871ead9573/datanode-2/data/ratis to VolumeSet
2023-06-02 05:15:22,026 [main] INFO  volume.ThrottledAsyncChecker (ThrottledAsyncChecker.java:schedule(141)) - Scheduling a check for /home/runner/work/ozone/ozone/hadoop-ozone/integration-test/target/test-dir/MiniOzoneClusterImpl-4e6c5432-da36-405d-b7f1-05871ead9573/datanode-2/data/ratis
2023-06-02 05:15:22,027 [main] INFO  volume.StorageVolumeChecker (StorageVolumeChecker.java:checkAllVolumes(202)) - Scheduled health check for volume /home/runner/work/ozone/ozone/hadoop-ozone/integration-test/target/test-dir/MiniOzoneClusterImpl-4e6c5432-da36-405d-b7f1-05871ead9573/datanode-2/data/ratis
2023-06-02 05:15:22,039 [Thread-178] INFO  ozoneimpl.ContainerReader (ContainerReader.java:readVolume(175)) - Finish verifying containers on volume /home/runner/work/ozone/ozone/hadoop-ozone/integration-test/target/test-dir/MiniOzoneClusterImpl-4e6c5432-da36-405d-b7f1-05871ead9573/datanode-2/data-0/containers/hdds
2023-06-02 05:15:22,039 [main] INFO  ozoneimpl.OzoneContainer (OzoneContainer.java:buildContainerSet(303)) - Build ContainerSet costs 0s
2023-06-02 05:15:22,043 [main] INFO  server.RaftServer (ConfUtils.java:logGet(46)) - raft.rpc.type = GRPC (default)
2023-06-02 05:15:22,043 [main] INFO  grpc.GrpcConfigKeys (ConfUtils.java:logFallback(53)) - raft.grpc.admin.host = null (fallback to raft.grpc.server.host)
2023-06-02 05:15:22,043 [main] INFO  grpc.GrpcConfigKeys (ConfUtils.java:logGet(46)) - raft.grpc.admin.port = 15031 (custom)
2023-06-02 05:15:22,043 [main] INFO  grpc.GrpcConfigKeys (ConfUtils.java:logFallback(53)) - raft.grpc.client.host = null (fallback to raft.grpc.server.host)
2023-06-02 05:15:22,043 [main] INFO  grpc.GrpcConfigKeys (ConfUtils.java:logGet(46)) - raft.grpc.client.port = 15030 (custom)
2023-06-02 05:15:22,043 [main] INFO  grpc.GrpcConfigKeys (ConfUtils.java:logGet(46)) - raft.grpc.server.host = null (default)
2023-06-02 05:15:22,044 [main] INFO  grpc.GrpcConfigKeys (ConfUtils.java:logGet(46)) - raft.grpc.server.port = 15032 (custom)
2023-06-02 05:15:22,044 [main] INFO  server.GrpcService (ConfUtils.java:logGet(46)) - raft.grpc.message.size.max = 32MB (=33554432) (custom)
2023-06-02 05:15:22,044 [main] INFO  server.RaftServerConfigKeys (ConfUtils.java:logGet(46)) - raft.server.log.appender.buffer.byte-limit = 33554432 (custom)
2023-06-02 05:15:22,044 [main] INFO  server.GrpcService (ConfUtils.java:logGet(46)) - raft.grpc.flow.control.window = 5MB (=5242880) (custom)
2023-06-02 05:15:22,045 [main] INFO  server.RaftServerConfigKeys (ConfUtils.java:logGet(46)) - raft.server.rpc.request.timeout = 60s (custom)
2023-06-02 05:15:22,045 [main] INFO  grpc.GrpcConfigKeys (ConfUtils.java:logGet(46)) - raft.grpc.server.heartbeat.channel = true (default)
2023-06-02 05:15:22,045 [main] INFO  grpc.GrpcConfigKeys (ConfUtils.java:logGet(46)) - raft.grpc.server.async.request.thread.pool.cached = true (default)
2023-06-02 05:15:22,045 [main] INFO  grpc.GrpcConfigKeys (ConfUtils.java:logGet(46)) - raft.grpc.server.async.request.thread.pool.size = 32 (default)
2023-06-02 05:15:22,049 [main] INFO  impl.DataStreamServerImpl (ConfUtils.java:logGet(46)) - raft.datastream.type = NETTY (custom)
2023-06-02 05:15:22,050 [main] INFO  server.RaftServerConfigKeys (ConfUtils.java:logGet(46)) - raft.server.data-stream.async.request.thread.pool.cached = false (default)
2023-06-02 05:15:22,050 [main] INFO  server.RaftServerConfigKeys (ConfUtils.java:logGet(46)) - raft.server.data-stream.async.request.thread.pool.size = 20 (custom)
2023-06-02 05:15:22,050 [main] INFO  server.RaftServerConfigKeys (ConfUtils.java:logGet(46)) - raft.server.data-stream.async.write.thread.pool.size = 16 (default)
2023-06-02 05:15:22,051 [main] INFO  server.RaftServerConfigKeys (ConfUtils.java:logGet(46)) - raft.server.data-stream.client.pool.size = 10 (default)
2023-06-02 05:15:22,051 [main] INFO  netty.NettyConfigKeys$DataStream (ConfUtils.java:logGet(46)) - raft.netty.dataStream.server.use-epoll = false (default)
2023-06-02 05:15:22,051 [main] INFO  netty.NettyConfigKeys$DataStream (ConfUtils.java:logGet(46)) - raft.netty.dataStream.server.boss-group.size = 0 (default)
2023-06-02 05:15:22,052 [main] INFO  netty.NettyConfigKeys$DataStream (ConfUtils.java:logGet(46)) - raft.netty.dataStream.server.worker-group.size = 0 (default)
2023-06-02 05:15:22,052 [main] INFO  netty.NettyConfigKeys$DataStream (ConfUtils.java:logGet(46)) - raft.netty.dataStream.server.tls.conf = null (default)
2023-06-02 05:15:22,052 [main] INFO  netty.NettyConfigKeys$DataStream (ConfUtils.java:logGet(46)) - raft.netty.dataStream.host = null (default)
2023-06-02 05:15:22,053 [main] INFO  netty.NettyConfigKeys$DataStream (ConfUtils.java:logGet(46)) - raft.netty.dataStream.port = 15033 (custom)
2023-06-02 05:15:22,053 [main] INFO  server.RaftServerConfigKeys (ConfUtils.java:logGet(46)) - raft.server.threadpool.proxy.cached = true (default)
2023-06-02 05:15:22,053 [main] INFO  server.RaftServerConfigKeys (ConfUtils.java:logGet(46)) - raft.server.threadpool.proxy.size = 0 (default)
2023-06-02 05:15:22,054 [main] INFO  server.RaftServerConfigKeys (ConfUtils.java:logGet(46)) - raft.server.rpc.slowness.timeout = 300s (custom)
2023-06-02 05:15:22,054 [main] INFO  server.RaftServerConfigKeys (ConfUtils.java:logGet(46)) - raft.server.leaderelection.leader.step-down.wait-time = 10s (default)
2023-06-02 05:15:22,054 [main] INFO  server.RaftServerConfigKeys (ConfUtils.java:logGet(46)) - raft.server.storage.dir = [/home/runner/work/ozone/ozone/hadoop-ozone/integration-test/target/test-dir/MiniOzoneClusterImpl-4e6c5432-da36-405d-b7f1-05871ead9573/datanode-2/data/ratis] (custom)
2023-06-02 05:15:22,058 [main] INFO  server.XceiverServerGrpc (XceiverServerGrpc.java:<init>(132)) - GrpcServer channel type EpollServerSocketChannel
2023-06-02 05:15:22,061 [f140acff-7aed-42b1-955f-393a22e760fa-NettyServerStreamRpc-bossGroup--thread1] INFO  logging.LoggingHandler (AbstractInternalLogger.java:log(148)) - [id: 0xc94441da] REGISTERED
2023-06-02 05:15:22,062 [f140acff-7aed-42b1-955f-393a22e760fa-NettyServerStreamRpc-bossGroup--thread1] INFO  logging.LoggingHandler (AbstractInternalLogger.java:log(148)) - [id: 0xc94441da] BIND: 0.0.0.0/0.0.0.0:15033
2023-06-02 05:15:22,062 [f140acff-7aed-42b1-955f-393a22e760fa-NettyServerStreamRpc-bossGroup--thread1] INFO  logging.LoggingHandler (AbstractInternalLogger.java:log(148)) - [id: 0xc94441da, L:/0:0:0:0:0:0:0:0:15033] ACTIVE
2023-06-02 05:15:22,062 [main] INFO  replication.ReplicationSupervisor (ReplicationSupervisor.java:nodeStateUpdated(296)) - Node state updated to IN_SERVICE, scaling executor pool size to 10
2023-06-02 05:15:22,064 [main] INFO  token.OzoneBlockTokenSecretManager (OzoneSecretManager.java:updateCurrentKey(175)) - Updating current master key for generating tokens. Cert id 3622618384929
2023-06-02 05:15:22,067 [main] INFO  http.BaseHttpServer (BaseHttpServer.java:newHttpServer2BuilderForOzone(224)) - Starting Web-server for hddsDatanode at: http://0.0.0.0:15027
2023-06-02 05:15:22,067 [main] INFO  http.BaseHttpServer (BaseHttpServer.java:<init>(111)) - Hadoop Security Enabled: false Ozone Security Enabled: false Ozone HTTP Security Enabled: false 
2023-06-02 05:15:22,068 [main] WARN  server.AuthenticationFilter (AuthenticationFilter.java:constructSecretProvider(240)) - Unable to initialize FileSignerSecretProvider, falling back to use random secrets. Reason: Could not read signature secret file: /home/runner/hadoop-http-auth-signature-secret
2023-06-02 05:15:22,070 [main] INFO  http.HttpRequestLog (HttpRequestLog.java:getRequestLog(86)) - Http request log for http.requests.hddsDatanode is not defined
2023-06-02 05:15:22,072 [main] INFO  http.HttpServer2 (HttpServer2.java:addGlobalFilter(1031)) - Added global filter 'safety' (class=org.apache.hadoop.hdds.server.http.HttpServer2$QuotingInputFilter)
2023-06-02 05:15:22,073 [main] INFO  http.HttpServer2 (HttpServer2.java:addFilter(1007)) - Added filter static_user_filter (class=org.apache.hadoop.http.lib.StaticUserWebFilter$StaticUserFilter) to context hddsDatanode
2023-06-02 05:15:22,073 [main] INFO  http.HttpServer2 (HttpServer2.java:addFilter(1015)) - Added filter static_user_filter (class=org.apache.hadoop.http.lib.StaticUserWebFilter$StaticUserFilter) to context logs
2023-06-02 05:15:22,073 [main] INFO  http.HttpServer2 (HttpServer2.java:addFilter(1015)) - Added filter static_user_filter (class=org.apache.hadoop.http.lib.StaticUserWebFilter$StaticUserFilter) to context static
2023-06-02 05:15:22,074 [main] INFO  http.BaseHttpServer (BaseHttpServer.java:<init>(190)) - HTTP server of hddsDatanode uses base directory /home/runner/work/ozone/ozone/hadoop-ozone/integration-test/target/test-dir/MiniOzoneClusterImpl-4e6c5432-da36-405d-b7f1-05871ead9573/datanode-2/meta/webserver
2023-06-02 05:15:22,075 [main] INFO  http.HttpServer2 (HttpServer2.java:bindListener(1250)) - Jetty bound to port 15027
2023-06-02 05:15:22,075 [main] INFO  server.Server (Server.java:doStart(375)) - jetty-9.4.51.v20230217; built: 2023-02-17T08:19:37.309Z; git: b45c405e4544384de066f814ed42ae3dceacdd49; jvm 1.8.0_372-b07
2023-06-02 05:15:22,087 [main] INFO  server.session (DefaultSessionIdManager.java:doStart(334)) - DefaultSessionIdManager workerName=node0
2023-06-02 05:15:22,088 [main] INFO  server.session (DefaultSessionIdManager.java:doStart(339)) - No SessionScavenger set, using defaults
2023-06-02 05:15:22,088 [main] INFO  server.session (HouseKeeper.java:startScavenging(132)) - node0 Scavenging every 660000ms
2023-06-02 05:15:22,089 [main] INFO  handler.ContextHandler (ContextHandler.java:doStart(921)) - Started o.e.j.s.ServletContextHandler@54f0372a{logs,/logs,file:///home/runner/work/ozone/ozone/hadoop-ozone/integration-test/target/log,AVAILABLE}
2023-06-02 05:15:22,089 [main] INFO  handler.ContextHandler (ContextHandler.java:doStart(921)) - Started o.e.j.s.ServletContextHandler@60496385{static,/static,jar:file:/home/runner/.m2/repository/org/apache/ozone/hdds-container-service/1.4.0-SNAPSHOT/hdds-container-service-1.4.0-SNAPSHOT.jar!/webapps/static,AVAILABLE}
2023-06-02 05:15:22,330 [main] INFO  handler.ContextHandler (ContextHandler.java:doStart(921)) - Started o.e.j.w.WebAppContext@2afaf658{hddsDatanode,/,file:///home/runner/work/ozone/ozone/hadoop-ozone/integration-test/target/test-dir/MiniOzoneClusterImpl-4e6c5432-da36-405d-b7f1-05871ead9573/datanode-2/meta/webserver/jetty-0_0_0_0-15027-hdds-container-service-1_4_0-SNAPSHOT_jar-_-any-6250316822720087028/webapp/,AVAILABLE}{jar:file:/home/runner/.m2/repository/org/apache/ozone/hdds-container-service/1.4.0-SNAPSHOT/hdds-container-service-1.4.0-SNAPSHOT.jar!/webapps/hddsDatanode}
2023-06-02 05:15:22,332 [main] INFO  server.AbstractConnector (AbstractConnector.java:doStart(333)) - Started ServerConnector@753a5ef4{HTTP/1.1, (http/1.1)}{0.0.0.0:15027}
2023-06-02 05:15:22,332 [main] INFO  server.Server (Server.java:doStart(415)) - Started @13166ms
2023-06-02 05:15:22,333 [main] WARN  impl.MetricsSystemImpl (MetricsSystemImpl.java:register(279)) - Sink prometheus already exists!
2023-06-02 05:15:22,333 [main] INFO  http.BaseHttpServer (BaseHttpServer.java:updateConnectorAddress(344)) - HTTP server of hddsDatanode listening at http://0.0.0.0:15027
2023-06-02 05:15:22,334 [main] INFO  ipc.CallQueueManager (CallQueueManager.java:<init>(90)) - Using callQueue: class java.util.concurrent.LinkedBlockingQueue, queueCapacity: 100, scheduler: class org.apache.hadoop.ipc.DefaultRpcScheduler, ipcBackoff: false.
2023-06-02 05:15:22,337 [Socket Reader #1 for port 15028] INFO  ipc.Server (Server.java:run(1319)) - Starting Socket Reader #1 for port 15028
2023-06-02 05:15:22,341 [Listener at 0.0.0.0/15028] INFO  hdds.HddsUtils (HddsUtils.java:preserveThreadName(843)) - Restoring thread name: main
2023-06-02 05:15:22,342 [main] INFO  ozone.HddsDatanodeService (HddsDatanodeService.java:start(331)) - Datanode start with admins: [runner]
2023-06-02 05:15:22,342 [main] INFO  ozone.HddsDatanodeClientProtocolServer (HddsDatanodeClientProtocolServer.java:start(83)) - RPC server for Client /0.0.0.0:15028
2023-06-02 05:15:22,346 [IPC Server Responder] INFO  ipc.Server (Server.java:run(1558)) - IPC Server Responder: starting
2023-06-02 05:15:22,346 [IPC Server listener on 15028] INFO  ipc.Server (Server.java:run(1398)) - IPC Server listener on 15028: starting
2023-06-02 05:15:22,348 [Datanode State Machine Daemon Thread] INFO  statemachine.DatanodeStateMachine (DatanodeStateMachine.java:lambda$startDaemon$0(537)) - Ozone container server started.
2023-06-02 05:15:22,349 [main] WARN  impl.MetricRegistriesImpl (MetricRegistriesImpl.java:addReporterRegistration(111)) - New reporters are added after registries were created. Some metrics will be missing from the reporter. Please add reporter before adding any new registry.
2023-06-02 05:15:22,349 [main] WARN  impl.MetricRegistriesImpl (MetricRegistriesImpl.java:addReporterRegistration(111)) - New reporters are added after registries were created. Some metrics will be missing from the reporter. Please add reporter before adding any new registry.
2023-06-02 05:15:22,349 [main] INFO  impl.MetricsSystemImpl (MetricsSystemImpl.java:init(158)) - HddsDatanode metrics system started (again)
2023-06-02 05:15:22,363 [org.apache.hadoop.util.JvmPauseMonitor$Monitor@35ebf800] INFO  util.JvmPauseMonitor (JvmPauseMonitor.java:run(188)) - Starting JVM pause monitor
2023-06-02 05:15:22,366 [main] INFO  ozone.HddsDatanodeService (HddsDatanodeService.java:start(261)) - HddsDatanodeService host:fv-az628-647 ip:10.1.74.1
2023-06-02 05:15:22,379 [Datanode State Machine Task Thread - 0] INFO  datanode.InitDatanodeState (InitDatanodeState.java:persistContainerDatanodeDetails(138)) - DatanodeDetails is persisted to /home/runner/work/ozone/ozone/hadoop-ozone/integration-test/target/test-dir/MiniOzoneClusterImpl-4e6c5432-da36-405d-b7f1-05871ead9573/datanode-2/meta/datanode.id
2023-06-02 05:15:22,396 [main] INFO  upgrade.AbstractLayoutVersionManager (AbstractLayoutVersionManager.java:init(83)) - Initializing Layout version manager with metadata layout = HADOOP_PRC_PORTS_IN_DATANODEDETAILS (version = 7), software layout = HADOOP_PRC_PORTS_IN_DATANODEDETAILS (version = 7)
2023-06-02 05:15:22,397 [main] INFO  statemachine.DatanodeStateMachine (DatanodeStateMachine.java:getEndPointTaskThreadPoolSize(275)) - Datanode State Machine Task Thread Pool size 2
2023-06-02 05:15:22,400 [main] INFO  volume.HddsVolume (HddsVolume.java:<init>(130)) - Creating HddsVolume: /home/runner/work/ozone/ozone/hadoop-ozone/integration-test/target/test-dir/MiniOzoneClusterImpl-4e6c5432-da36-405d-b7f1-05871ead9573/datanode-3/data-0/containers/hdds of storage type : DISK capacity : 9223372036854775807
2023-06-02 05:15:22,400 [main] INFO  volume.MutableVolumeSet (MutableVolumeSet.java:initializeVolumeSet(175)) - Added Volume : /home/runner/work/ozone/ozone/hadoop-ozone/integration-test/target/test-dir/MiniOzoneClusterImpl-4e6c5432-da36-405d-b7f1-05871ead9573/datanode-3/data-0/containers/hdds to VolumeSet
2023-06-02 05:15:22,401 [main] INFO  volume.ThrottledAsyncChecker (ThrottledAsyncChecker.java:schedule(141)) - Scheduling a check for /home/runner/work/ozone/ozone/hadoop-ozone/integration-test/target/test-dir/MiniOzoneClusterImpl-4e6c5432-da36-405d-b7f1-05871ead9573/datanode-3/data-0/containers/hdds
2023-06-02 05:15:22,402 [main] INFO  volume.StorageVolumeChecker (StorageVolumeChecker.java:checkAllVolumes(202)) - Scheduled health check for volume /home/runner/work/ozone/ozone/hadoop-ozone/integration-test/target/test-dir/MiniOzoneClusterImpl-4e6c5432-da36-405d-b7f1-05871ead9573/datanode-3/data-0/containers/hdds
2023-06-02 05:15:22,415 [main] INFO  volume.MutableVolumeSet (MutableVolumeSet.java:initializeVolumeSet(175)) - Added Volume : /home/runner/work/ozone/ozone/hadoop-ozone/integration-test/target/test-dir/MiniOzoneClusterImpl-4e6c5432-da36-405d-b7f1-05871ead9573/datanode-3/data/ratis to VolumeSet
2023-06-02 05:15:22,415 [main] INFO  volume.ThrottledAsyncChecker (ThrottledAsyncChecker.java:schedule(141)) - Scheduling a check for /home/runner/work/ozone/ozone/hadoop-ozone/integration-test/target/test-dir/MiniOzoneClusterImpl-4e6c5432-da36-405d-b7f1-05871ead9573/datanode-3/data/ratis
2023-06-02 05:15:22,416 [main] INFO  volume.StorageVolumeChecker (StorageVolumeChecker.java:checkAllVolumes(202)) - Scheduled health check for volume /home/runner/work/ozone/ozone/hadoop-ozone/integration-test/target/test-dir/MiniOzoneClusterImpl-4e6c5432-da36-405d-b7f1-05871ead9573/datanode-3/data/ratis
2023-06-02 05:15:22,429 [Thread-196] INFO  ozoneimpl.ContainerReader (ContainerReader.java:readVolume(175)) - Finish verifying containers on volume /home/runner/work/ozone/ozone/hadoop-ozone/integration-test/target/test-dir/MiniOzoneClusterImpl-4e6c5432-da36-405d-b7f1-05871ead9573/datanode-3/data-0/containers/hdds
2023-06-02 05:15:22,429 [main] INFO  ozoneimpl.OzoneContainer (OzoneContainer.java:buildContainerSet(303)) - Build ContainerSet costs 0s
2023-06-02 05:15:22,433 [main] INFO  server.RaftServer (ConfUtils.java:logGet(46)) - raft.rpc.type = GRPC (default)
2023-06-02 05:15:22,434 [main] INFO  grpc.GrpcConfigKeys (ConfUtils.java:logFallback(53)) - raft.grpc.admin.host = null (fallback to raft.grpc.server.host)
2023-06-02 05:15:22,434 [main] INFO  grpc.GrpcConfigKeys (ConfUtils.java:logGet(46)) - raft.grpc.admin.port = 15040 (custom)
2023-06-02 05:15:22,434 [main] INFO  grpc.GrpcConfigKeys (ConfUtils.java:logFallback(53)) - raft.grpc.client.host = null (fallback to raft.grpc.server.host)
2023-06-02 05:15:22,434 [main] INFO  grpc.GrpcConfigKeys (ConfUtils.java:logGet(46)) - raft.grpc.client.port = 15039 (custom)
2023-06-02 05:15:22,434 [main] INFO  grpc.GrpcConfigKeys (ConfUtils.java:logGet(46)) - raft.grpc.server.host = null (default)
2023-06-02 05:15:22,435 [main] INFO  grpc.GrpcConfigKeys (ConfUtils.java:logGet(46)) - raft.grpc.server.port = 15041 (custom)
2023-06-02 05:15:22,435 [main] INFO  server.GrpcService (ConfUtils.java:logGet(46)) - raft.grpc.message.size.max = 32MB (=33554432) (custom)
2023-06-02 05:15:22,435 [main] INFO  server.RaftServerConfigKeys (ConfUtils.java:logGet(46)) - raft.server.log.appender.buffer.byte-limit = 33554432 (custom)
2023-06-02 05:15:22,435 [main] INFO  server.GrpcService (ConfUtils.java:logGet(46)) - raft.grpc.flow.control.window = 5MB (=5242880) (custom)
2023-06-02 05:15:22,435 [main] INFO  server.RaftServerConfigKeys (ConfUtils.java:logGet(46)) - raft.server.rpc.request.timeout = 60s (custom)
2023-06-02 05:15:22,436 [main] INFO  grpc.GrpcConfigKeys (ConfUtils.java:logGet(46)) - raft.grpc.server.heartbeat.channel = true (default)
2023-06-02 05:15:22,436 [main] INFO  grpc.GrpcConfigKeys (ConfUtils.java:logGet(46)) - raft.grpc.server.async.request.thread.pool.cached = true (default)
2023-06-02 05:15:22,436 [main] INFO  grpc.GrpcConfigKeys (ConfUtils.java:logGet(46)) - raft.grpc.server.async.request.thread.pool.size = 32 (default)
2023-06-02 05:15:22,439 [main] INFO  impl.DataStreamServerImpl (ConfUtils.java:logGet(46)) - raft.datastream.type = NETTY (custom)
2023-06-02 05:15:22,440 [main] INFO  server.RaftServerConfigKeys (ConfUtils.java:logGet(46)) - raft.server.data-stream.async.request.thread.pool.cached = false (default)
2023-06-02 05:15:22,440 [main] INFO  server.RaftServerConfigKeys (ConfUtils.java:logGet(46)) - raft.server.data-stream.async.request.thread.pool.size = 20 (custom)
2023-06-02 05:15:22,440 [main] INFO  server.RaftServerConfigKeys (ConfUtils.java:logGet(46)) - raft.server.data-stream.async.write.thread.pool.size = 16 (default)
2023-06-02 05:15:22,440 [main] INFO  server.RaftServerConfigKeys (ConfUtils.java:logGet(46)) - raft.server.data-stream.client.pool.size = 10 (default)
2023-06-02 05:15:22,440 [main] INFO  netty.NettyConfigKeys$DataStream (ConfUtils.java:logGet(46)) - raft.netty.dataStream.server.use-epoll = false (default)
2023-06-02 05:15:22,441 [main] INFO  netty.NettyConfigKeys$DataStream (ConfUtils.java:logGet(46)) - raft.netty.dataStream.server.boss-group.size = 0 (default)
2023-06-02 05:15:22,441 [main] INFO  netty.NettyConfigKeys$DataStream (ConfUtils.java:logGet(46)) - raft.netty.dataStream.server.worker-group.size = 0 (default)
2023-06-02 05:15:22,442 [main] INFO  netty.NettyConfigKeys$DataStream (ConfUtils.java:logGet(46)) - raft.netty.dataStream.server.tls.conf = null (default)
2023-06-02 05:15:22,442 [main] INFO  netty.NettyConfigKeys$DataStream (ConfUtils.java:logGet(46)) - raft.netty.dataStream.host = null (default)
2023-06-02 05:15:22,442 [main] INFO  netty.NettyConfigKeys$DataStream (ConfUtils.java:logGet(46)) - raft.netty.dataStream.port = 15042 (custom)
2023-06-02 05:15:22,443 [main] INFO  server.RaftServerConfigKeys (ConfUtils.java:logGet(46)) - raft.server.threadpool.proxy.cached = true (default)
2023-06-02 05:15:22,443 [main] INFO  server.RaftServerConfigKeys (ConfUtils.java:logGet(46)) - raft.server.threadpool.proxy.size = 0 (default)
2023-06-02 05:15:22,443 [main] INFO  server.RaftServerConfigKeys (ConfUtils.java:logGet(46)) - raft.server.rpc.slowness.timeout = 300s (custom)
2023-06-02 05:15:22,443 [main] INFO  server.RaftServerConfigKeys (ConfUtils.java:logGet(46)) - raft.server.leaderelection.leader.step-down.wait-time = 10s (default)
2023-06-02 05:15:22,444 [main] INFO  server.RaftServerConfigKeys (ConfUtils.java:logGet(46)) - raft.server.storage.dir = [/home/runner/work/ozone/ozone/hadoop-ozone/integration-test/target/test-dir/MiniOzoneClusterImpl-4e6c5432-da36-405d-b7f1-05871ead9573/datanode-3/data/ratis] (custom)
2023-06-02 05:15:22,452 [main] INFO  server.XceiverServerGrpc (XceiverServerGrpc.java:<init>(132)) - GrpcServer channel type EpollServerSocketChannel
2023-06-02 05:15:22,455 [main] INFO  replication.ReplicationSupervisor (ReplicationSupervisor.java:nodeStateUpdated(296)) - Node state updated to IN_SERVICE, scaling executor pool size to 10
2023-06-02 05:15:22,456 [main] INFO  token.OzoneBlockTokenSecretManager (OzoneSecretManager.java:updateCurrentKey(175)) - Updating current master key for generating tokens. Cert id 3622618384929
2023-06-02 05:15:22,457 [45087365-1608-4817-8e49-1b233997f081-NettyServerStreamRpc-bossGroup--thread1] INFO  logging.LoggingHandler (AbstractInternalLogger.java:log(148)) - [id: 0x1b8faaca] REGISTERED
2023-06-02 05:15:22,457 [45087365-1608-4817-8e49-1b233997f081-NettyServerStreamRpc-bossGroup--thread1] INFO  logging.LoggingHandler (AbstractInternalLogger.java:log(148)) - [id: 0x1b8faaca] BIND: 0.0.0.0/0.0.0.0:15042
2023-06-02 05:15:22,457 [45087365-1608-4817-8e49-1b233997f081-NettyServerStreamRpc-bossGroup--thread1] INFO  logging.LoggingHandler (AbstractInternalLogger.java:log(148)) - [id: 0x1b8faaca, L:/0:0:0:0:0:0:0:0:15042] ACTIVE
2023-06-02 05:15:22,461 [main] INFO  http.BaseHttpServer (BaseHttpServer.java:newHttpServer2BuilderForOzone(224)) - Starting Web-server for hddsDatanode at: http://0.0.0.0:15036
2023-06-02 05:15:22,462 [main] INFO  http.BaseHttpServer (BaseHttpServer.java:<init>(111)) - Hadoop Security Enabled: false Ozone Security Enabled: false Ozone HTTP Security Enabled: false 
2023-06-02 05:15:22,466 [main] WARN  server.AuthenticationFilter (AuthenticationFilter.java:constructSecretProvider(240)) - Unable to initialize FileSignerSecretProvider, falling back to use random secrets. Reason: Could not read signature secret file: /home/runner/hadoop-http-auth-signature-secret
2023-06-02 05:15:22,467 [main] INFO  http.HttpRequestLog (HttpRequestLog.java:getRequestLog(86)) - Http request log for http.requests.hddsDatanode is not defined
2023-06-02 05:15:22,468 [main] INFO  http.HttpServer2 (HttpServer2.java:addGlobalFilter(1031)) - Added global filter 'safety' (class=org.apache.hadoop.hdds.server.http.HttpServer2$QuotingInputFilter)
2023-06-02 05:15:22,469 [main] INFO  http.HttpServer2 (HttpServer2.java:addFilter(1007)) - Added filter static_user_filter (class=org.apache.hadoop.http.lib.StaticUserWebFilter$StaticUserFilter) to context hddsDatanode
2023-06-02 05:15:22,469 [main] INFO  http.HttpServer2 (HttpServer2.java:addFilter(1015)) - Added filter static_user_filter (class=org.apache.hadoop.http.lib.StaticUserWebFilter$StaticUserFilter) to context logs
2023-06-02 05:15:22,469 [main] INFO  http.HttpServer2 (HttpServer2.java:addFilter(1015)) - Added filter static_user_filter (class=org.apache.hadoop.http.lib.StaticUserWebFilter$StaticUserFilter) to context static
2023-06-02 05:15:22,472 [main] INFO  http.BaseHttpServer (BaseHttpServer.java:<init>(190)) - HTTP server of hddsDatanode uses base directory /home/runner/work/ozone/ozone/hadoop-ozone/integration-test/target/test-dir/MiniOzoneClusterImpl-4e6c5432-da36-405d-b7f1-05871ead9573/datanode-3/meta/webserver
2023-06-02 05:15:22,472 [main] INFO  http.HttpServer2 (HttpServer2.java:bindListener(1250)) - Jetty bound to port 15036
2023-06-02 05:15:22,472 [main] INFO  server.Server (Server.java:doStart(375)) - jetty-9.4.51.v20230217; built: 2023-02-17T08:19:37.309Z; git: b45c405e4544384de066f814ed42ae3dceacdd49; jvm 1.8.0_372-b07
2023-06-02 05:15:22,479 [main] INFO  server.session (DefaultSessionIdManager.java:doStart(334)) - DefaultSessionIdManager workerName=node0
2023-06-02 05:15:22,479 [main] INFO  server.session (DefaultSessionIdManager.java:doStart(339)) - No SessionScavenger set, using defaults
2023-06-02 05:15:22,479 [main] INFO  server.session (HouseKeeper.java:startScavenging(132)) - node0 Scavenging every 600000ms
2023-06-02 05:15:22,481 [main] INFO  handler.ContextHandler (ContextHandler.java:doStart(921)) - Started o.e.j.s.ServletContextHandler@7a028aa3{logs,/logs,file:///home/runner/work/ozone/ozone/hadoop-ozone/integration-test/target/log,AVAILABLE}
2023-06-02 05:15:22,481 [main] INFO  handler.ContextHandler (ContextHandler.java:doStart(921)) - Started o.e.j.s.ServletContextHandler@25e62a12{static,/static,jar:file:/home/runner/.m2/repository/org/apache/ozone/hdds-container-service/1.4.0-SNAPSHOT/hdds-container-service-1.4.0-SNAPSHOT.jar!/webapps/static,AVAILABLE}
2023-06-02 05:15:22,724 [main] INFO  handler.ContextHandler (ContextHandler.java:doStart(921)) - Started o.e.j.w.WebAppContext@58b58735{hddsDatanode,/,file:///home/runner/work/ozone/ozone/hadoop-ozone/integration-test/target/test-dir/MiniOzoneClusterImpl-4e6c5432-da36-405d-b7f1-05871ead9573/datanode-3/meta/webserver/jetty-0_0_0_0-15036-hdds-container-service-1_4_0-SNAPSHOT_jar-_-any-9112538664520581050/webapp/,AVAILABLE}{jar:file:/home/runner/.m2/repository/org/apache/ozone/hdds-container-service/1.4.0-SNAPSHOT/hdds-container-service-1.4.0-SNAPSHOT.jar!/webapps/hddsDatanode}
2023-06-02 05:15:22,726 [main] INFO  server.AbstractConnector (AbstractConnector.java:doStart(333)) - Started ServerConnector@10d99dfa{HTTP/1.1, (http/1.1)}{0.0.0.0:15036}
2023-06-02 05:15:22,726 [main] INFO  server.Server (Server.java:doStart(415)) - Started @13559ms
2023-06-02 05:15:22,726 [main] WARN  impl.MetricsSystemImpl (MetricsSystemImpl.java:register(279)) - Sink prometheus already exists!
2023-06-02 05:15:22,727 [main] INFO  http.BaseHttpServer (BaseHttpServer.java:updateConnectorAddress(344)) - HTTP server of hddsDatanode listening at http://0.0.0.0:15036
2023-06-02 05:15:22,727 [main] INFO  ipc.CallQueueManager (CallQueueManager.java:<init>(90)) - Using callQueue: class java.util.concurrent.LinkedBlockingQueue, queueCapacity: 100, scheduler: class org.apache.hadoop.ipc.DefaultRpcScheduler, ipcBackoff: false.
2023-06-02 05:15:22,729 [Socket Reader #1 for port 15037] INFO  ipc.Server (Server.java:run(1319)) - Starting Socket Reader #1 for port 15037
2023-06-02 05:15:22,743 [Listener at 0.0.0.0/15037] INFO  hdds.HddsUtils (HddsUtils.java:preserveThreadName(843)) - Restoring thread name: main
2023-06-02 05:15:22,743 [main] INFO  ozone.HddsDatanodeService (HddsDatanodeService.java:start(331)) - Datanode start with admins: [runner]
2023-06-02 05:15:22,743 [main] INFO  ozone.HddsDatanodeClientProtocolServer (HddsDatanodeClientProtocolServer.java:start(83)) - RPC server for Client /0.0.0.0:15037
2023-06-02 05:15:22,744 [IPC Server Responder] INFO  ipc.Server (Server.java:run(1558)) - IPC Server Responder: starting
2023-06-02 05:15:22,747 [Datanode State Machine Daemon Thread] INFO  statemachine.DatanodeStateMachine (DatanodeStateMachine.java:lambda$startDaemon$0(537)) - Ozone container server started.
2023-06-02 05:15:22,747 [IPC Server listener on 15037] INFO  ipc.Server (Server.java:run(1398)) - IPC Server listener on 15037: starting
2023-06-02 05:15:22,747 [main] WARN  impl.MetricRegistriesImpl (MetricRegistriesImpl.java:addReporterRegistration(111)) - New reporters are added after registries were created. Some metrics will be missing from the reporter. Please add reporter before adding any new registry.
2023-06-02 05:15:22,748 [main] WARN  impl.MetricRegistriesImpl (MetricRegistriesImpl.java:addReporterRegistration(111)) - New reporters are added after registries were created. Some metrics will be missing from the reporter. Please add reporter before adding any new registry.
2023-06-02 05:15:22,748 [main] INFO  impl.MetricsSystemImpl (MetricsSystemImpl.java:init(158)) - HddsDatanode metrics system started (again)
2023-06-02 05:15:22,755 [org.apache.hadoop.util.JvmPauseMonitor$Monitor@5cc659ca] INFO  util.JvmPauseMonitor (JvmPauseMonitor.java:run(188)) - Starting JVM pause monitor
2023-06-02 05:15:22,766 [Datanode State Machine Task Thread - 0] INFO  datanode.InitDatanodeState (InitDatanodeState.java:persistContainerDatanodeDetails(138)) - DatanodeDetails is persisted to /home/runner/work/ozone/ozone/hadoop-ozone/integration-test/target/test-dir/MiniOzoneClusterImpl-4e6c5432-da36-405d-b7f1-05871ead9573/datanode-3/meta/datanode.id
2023-06-02 05:15:22,772 [main] INFO  ozone.HddsDatanodeService (HddsDatanodeService.java:start(261)) - HddsDatanodeService host:fv-az628-647 ip:10.1.74.1
2023-06-02 05:15:22,799 [main] INFO  upgrade.AbstractLayoutVersionManager (AbstractLayoutVersionManager.java:init(83)) - Initializing Layout version manager with metadata layout = HADOOP_PRC_PORTS_IN_DATANODEDETAILS (version = 7), software layout = HADOOP_PRC_PORTS_IN_DATANODEDETAILS (version = 7)
2023-06-02 05:15:22,802 [main] INFO  statemachine.DatanodeStateMachine (DatanodeStateMachine.java:getEndPointTaskThreadPoolSize(275)) - Datanode State Machine Task Thread Pool size 2
2023-06-02 05:15:22,810 [main] INFO  volume.HddsVolume (HddsVolume.java:<init>(130)) - Creating HddsVolume: /home/runner/work/ozone/ozone/hadoop-ozone/integration-test/target/test-dir/MiniOzoneClusterImpl-4e6c5432-da36-405d-b7f1-05871ead9573/datanode-4/data-0/containers/hdds of storage type : DISK capacity : 9223372036854775807
2023-06-02 05:15:22,810 [main] INFO  volume.MutableVolumeSet (MutableVolumeSet.java:initializeVolumeSet(175)) - Added Volume : /home/runner/work/ozone/ozone/hadoop-ozone/integration-test/target/test-dir/MiniOzoneClusterImpl-4e6c5432-da36-405d-b7f1-05871ead9573/datanode-4/data-0/containers/hdds to VolumeSet
2023-06-02 05:15:22,810 [main] INFO  volume.ThrottledAsyncChecker (ThrottledAsyncChecker.java:schedule(141)) - Scheduling a check for /home/runner/work/ozone/ozone/hadoop-ozone/integration-test/target/test-dir/MiniOzoneClusterImpl-4e6c5432-da36-405d-b7f1-05871ead9573/datanode-4/data-0/containers/hdds
2023-06-02 05:15:22,811 [main] INFO  volume.StorageVolumeChecker (StorageVolumeChecker.java:checkAllVolumes(202)) - Scheduled health check for volume /home/runner/work/ozone/ozone/hadoop-ozone/integration-test/target/test-dir/MiniOzoneClusterImpl-4e6c5432-da36-405d-b7f1-05871ead9573/datanode-4/data-0/containers/hdds
2023-06-02 05:15:22,823 [main] INFO  volume.MutableVolumeSet (MutableVolumeSet.java:initializeVolumeSet(175)) - Added Volume : /home/runner/work/ozone/ozone/hadoop-ozone/integration-test/target/test-dir/MiniOzoneClusterImpl-4e6c5432-da36-405d-b7f1-05871ead9573/datanode-4/data/ratis to VolumeSet
2023-06-02 05:15:22,824 [main] INFO  volume.ThrottledAsyncChecker (ThrottledAsyncChecker.java:schedule(141)) - Scheduling a check for /home/runner/work/ozone/ozone/hadoop-ozone/integration-test/target/test-dir/MiniOzoneClusterImpl-4e6c5432-da36-405d-b7f1-05871ead9573/datanode-4/data/ratis
2023-06-02 05:15:22,824 [main] INFO  volume.StorageVolumeChecker (StorageVolumeChecker.java:checkAllVolumes(202)) - Scheduled health check for volume /home/runner/work/ozone/ozone/hadoop-ozone/integration-test/target/test-dir/MiniOzoneClusterImpl-4e6c5432-da36-405d-b7f1-05871ead9573/datanode-4/data/ratis
2023-06-02 05:15:22,841 [Thread-214] INFO  ozoneimpl.ContainerReader (ContainerReader.java:readVolume(175)) - Finish verifying containers on volume /home/runner/work/ozone/ozone/hadoop-ozone/integration-test/target/test-dir/MiniOzoneClusterImpl-4e6c5432-da36-405d-b7f1-05871ead9573/datanode-4/data-0/containers/hdds
2023-06-02 05:15:22,842 [main] INFO  ozoneimpl.OzoneContainer (OzoneContainer.java:buildContainerSet(303)) - Build ContainerSet costs 0s
2023-06-02 05:15:22,847 [main] INFO  server.RaftServer (ConfUtils.java:logGet(46)) - raft.rpc.type = GRPC (default)
2023-06-02 05:15:22,847 [main] INFO  grpc.GrpcConfigKeys (ConfUtils.java:logFallback(53)) - raft.grpc.admin.host = null (fallback to raft.grpc.server.host)
2023-06-02 05:15:22,848 [main] INFO  grpc.GrpcConfigKeys (ConfUtils.java:logGet(46)) - raft.grpc.admin.port = 15049 (custom)
2023-06-02 05:15:22,848 [main] INFO  grpc.GrpcConfigKeys (ConfUtils.java:logFallback(53)) - raft.grpc.client.host = null (fallback to raft.grpc.server.host)
2023-06-02 05:15:22,848 [main] INFO  grpc.GrpcConfigKeys (ConfUtils.java:logGet(46)) - raft.grpc.client.port = 15048 (custom)
2023-06-02 05:15:22,848 [main] INFO  grpc.GrpcConfigKeys (ConfUtils.java:logGet(46)) - raft.grpc.server.host = null (default)
2023-06-02 05:15:22,848 [main] INFO  grpc.GrpcConfigKeys (ConfUtils.java:logGet(46)) - raft.grpc.server.port = 15050 (custom)
2023-06-02 05:15:22,849 [main] INFO  server.GrpcService (ConfUtils.java:logGet(46)) - raft.grpc.message.size.max = 32MB (=33554432) (custom)
2023-06-02 05:15:22,849 [main] INFO  server.RaftServerConfigKeys (ConfUtils.java:logGet(46)) - raft.server.log.appender.buffer.byte-limit = 33554432 (custom)
2023-06-02 05:15:22,849 [main] INFO  server.GrpcService (ConfUtils.java:logGet(46)) - raft.grpc.flow.control.window = 5MB (=5242880) (custom)
2023-06-02 05:15:22,850 [main] INFO  server.RaftServerConfigKeys (ConfUtils.java:logGet(46)) - raft.server.rpc.request.timeout = 60s (custom)
2023-06-02 05:15:22,850 [main] INFO  grpc.GrpcConfigKeys (ConfUtils.java:logGet(46)) - raft.grpc.server.heartbeat.channel = true (default)
2023-06-02 05:15:22,850 [main] INFO  grpc.GrpcConfigKeys (ConfUtils.java:logGet(46)) - raft.grpc.server.async.request.thread.pool.cached = true (default)
2023-06-02 05:15:22,850 [main] INFO  grpc.GrpcConfigKeys (ConfUtils.java:logGet(46)) - raft.grpc.server.async.request.thread.pool.size = 32 (default)
2023-06-02 05:15:22,857 [main] INFO  impl.DataStreamServerImpl (ConfUtils.java:logGet(46)) - raft.datastream.type = NETTY (custom)
2023-06-02 05:15:22,857 [main] INFO  server.RaftServerConfigKeys (ConfUtils.java:logGet(46)) - raft.server.data-stream.async.request.thread.pool.cached = false (default)
2023-06-02 05:15:22,857 [main] INFO  server.RaftServerConfigKeys (ConfUtils.java:logGet(46)) - raft.server.data-stream.async.request.thread.pool.size = 20 (custom)
2023-06-02 05:15:22,858 [main] INFO  server.RaftServerConfigKeys (ConfUtils.java:logGet(46)) - raft.server.data-stream.async.write.thread.pool.size = 16 (default)
2023-06-02 05:15:22,858 [main] INFO  server.RaftServerConfigKeys (ConfUtils.java:logGet(46)) - raft.server.data-stream.client.pool.size = 10 (default)
2023-06-02 05:15:22,861 [main] INFO  netty.NettyConfigKeys$DataStream (ConfUtils.java:logGet(46)) - raft.netty.dataStream.server.use-epoll = false (default)
2023-06-02 05:15:22,861 [main] INFO  netty.NettyConfigKeys$DataStream (ConfUtils.java:logGet(46)) - raft.netty.dataStream.server.boss-group.size = 0 (default)
2023-06-02 05:15:22,861 [main] INFO  netty.NettyConfigKeys$DataStream (ConfUtils.java:logGet(46)) - raft.netty.dataStream.server.worker-group.size = 0 (default)
2023-06-02 05:15:22,863 [main] INFO  netty.NettyConfigKeys$DataStream (ConfUtils.java:logGet(46)) - raft.netty.dataStream.server.tls.conf = null (default)
2023-06-02 05:15:22,863 [main] INFO  netty.NettyConfigKeys$DataStream (ConfUtils.java:logGet(46)) - raft.netty.dataStream.host = null (default)
2023-06-02 05:15:22,863 [main] INFO  netty.NettyConfigKeys$DataStream (ConfUtils.java:logGet(46)) - raft.netty.dataStream.port = 15051 (custom)
2023-06-02 05:15:22,864 [main] INFO  server.RaftServerConfigKeys (ConfUtils.java:logGet(46)) - raft.server.threadpool.proxy.cached = true (default)
2023-06-02 05:15:22,864 [main] INFO  server.RaftServerConfigKeys (ConfUtils.java:logGet(46)) - raft.server.threadpool.proxy.size = 0 (default)
2023-06-02 05:15:22,865 [main] INFO  server.RaftServerConfigKeys (ConfUtils.java:logGet(46)) - raft.server.rpc.slowness.timeout = 300s (custom)
2023-06-02 05:15:22,865 [main] INFO  server.RaftServerConfigKeys (ConfUtils.java:logGet(46)) - raft.server.leaderelection.leader.step-down.wait-time = 10s (default)
2023-06-02 05:15:22,865 [main] INFO  server.RaftServerConfigKeys (ConfUtils.java:logGet(46)) - raft.server.storage.dir = [/home/runner/work/ozone/ozone/hadoop-ozone/integration-test/target/test-dir/MiniOzoneClusterImpl-4e6c5432-da36-405d-b7f1-05871ead9573/datanode-4/data/ratis] (custom)
2023-06-02 05:15:22,869 [bf3b8f25-dffd-4d70-aae5-69cf4c3dc4d1-NettyServerStreamRpc-bossGroup--thread1] INFO  logging.LoggingHandler (AbstractInternalLogger.java:log(148)) - [id: 0x0a41ab55] REGISTERED
2023-06-02 05:15:22,871 [main] INFO  server.XceiverServerGrpc (XceiverServerGrpc.java:<init>(132)) - GrpcServer channel type EpollServerSocketChannel
2023-06-02 05:15:22,871 [bf3b8f25-dffd-4d70-aae5-69cf4c3dc4d1-NettyServerStreamRpc-bossGroup--thread1] INFO  logging.LoggingHandler (AbstractInternalLogger.java:log(148)) - [id: 0x0a41ab55] BIND: 0.0.0.0/0.0.0.0:15051
2023-06-02 05:15:22,871 [bf3b8f25-dffd-4d70-aae5-69cf4c3dc4d1-NettyServerStreamRpc-bossGroup--thread1] INFO  logging.LoggingHandler (AbstractInternalLogger.java:log(148)) - [id: 0x0a41ab55, L:/0:0:0:0:0:0:0:0:15051] ACTIVE
2023-06-02 05:15:22,874 [main] INFO  replication.ReplicationSupervisor (ReplicationSupervisor.java:nodeStateUpdated(296)) - Node state updated to IN_SERVICE, scaling executor pool size to 10
2023-06-02 05:15:22,875 [main] INFO  token.OzoneBlockTokenSecretManager (OzoneSecretManager.java:updateCurrentKey(175)) - Updating current master key for generating tokens. Cert id 3622618384929
2023-06-02 05:15:22,879 [main] INFO  http.BaseHttpServer (BaseHttpServer.java:newHttpServer2BuilderForOzone(224)) - Starting Web-server for hddsDatanode at: http://0.0.0.0:15045
2023-06-02 05:15:22,879 [main] INFO  http.BaseHttpServer (BaseHttpServer.java:<init>(111)) - Hadoop Security Enabled: false Ozone Security Enabled: false Ozone HTTP Security Enabled: false 
2023-06-02 05:15:22,881 [main] WARN  server.AuthenticationFilter (AuthenticationFilter.java:constructSecretProvider(240)) - Unable to initialize FileSignerSecretProvider, falling back to use random secrets. Reason: Could not read signature secret file: /home/runner/hadoop-http-auth-signature-secret
2023-06-02 05:15:22,882 [main] INFO  http.HttpRequestLog (HttpRequestLog.java:getRequestLog(86)) - Http request log for http.requests.hddsDatanode is not defined
2023-06-02 05:15:22,884 [main] INFO  http.HttpServer2 (HttpServer2.java:addGlobalFilter(1031)) - Added global filter 'safety' (class=org.apache.hadoop.hdds.server.http.HttpServer2$QuotingInputFilter)
2023-06-02 05:15:22,885 [main] INFO  http.HttpServer2 (HttpServer2.java:addFilter(1007)) - Added filter static_user_filter (class=org.apache.hadoop.http.lib.StaticUserWebFilter$StaticUserFilter) to context hddsDatanode
2023-06-02 05:15:22,886 [main] INFO  http.HttpServer2 (HttpServer2.java:addFilter(1015)) - Added filter static_user_filter (class=org.apache.hadoop.http.lib.StaticUserWebFilter$StaticUserFilter) to context logs
2023-06-02 05:15:22,886 [main] INFO  http.HttpServer2 (HttpServer2.java:addFilter(1015)) - Added filter static_user_filter (class=org.apache.hadoop.http.lib.StaticUserWebFilter$StaticUserFilter) to context static
2023-06-02 05:15:22,889 [main] INFO  http.BaseHttpServer (BaseHttpServer.java:<init>(190)) - HTTP server of hddsDatanode uses base directory /home/runner/work/ozone/ozone/hadoop-ozone/integration-test/target/test-dir/MiniOzoneClusterImpl-4e6c5432-da36-405d-b7f1-05871ead9573/datanode-4/meta/webserver
2023-06-02 05:15:22,890 [main] INFO  http.HttpServer2 (HttpServer2.java:bindListener(1250)) - Jetty bound to port 15045
2023-06-02 05:15:22,890 [main] INFO  server.Server (Server.java:doStart(375)) - jetty-9.4.51.v20230217; built: 2023-02-17T08:19:37.309Z; git: b45c405e4544384de066f814ed42ae3dceacdd49; jvm 1.8.0_372-b07
2023-06-02 05:15:22,891 [main] INFO  server.session (DefaultSessionIdManager.java:doStart(334)) - DefaultSessionIdManager workerName=node0
2023-06-02 05:15:22,892 [main] INFO  server.session (DefaultSessionIdManager.java:doStart(339)) - No SessionScavenger set, using defaults
2023-06-02 05:15:22,892 [main] INFO  server.session (HouseKeeper.java:startScavenging(132)) - node0 Scavenging every 660000ms
2023-06-02 05:15:22,893 [main] INFO  handler.ContextHandler (ContextHandler.java:doStart(921)) - Started o.e.j.s.ServletContextHandler@103a0cf8{logs,/logs,file:///home/runner/work/ozone/ozone/hadoop-ozone/integration-test/target/log,AVAILABLE}
2023-06-02 05:15:22,893 [main] INFO  handler.ContextHandler (ContextHandler.java:doStart(921)) - Started o.e.j.s.ServletContextHandler@e7a966e{static,/static,jar:file:/home/runner/.m2/repository/org/apache/ozone/hdds-container-service/1.4.0-SNAPSHOT/hdds-container-service-1.4.0-SNAPSHOT.jar!/webapps/static,AVAILABLE}
2023-06-02 05:15:23,130 [main] INFO  handler.ContextHandler (ContextHandler.java:doStart(921)) - Started o.e.j.w.WebAppContext@3ced033{hddsDatanode,/,file:///home/runner/work/ozone/ozone/hadoop-ozone/integration-test/target/test-dir/MiniOzoneClusterImpl-4e6c5432-da36-405d-b7f1-05871ead9573/datanode-4/meta/webserver/jetty-0_0_0_0-15045-hdds-container-service-1_4_0-SNAPSHOT_jar-_-any-6626192480536133629/webapp/,AVAILABLE}{jar:file:/home/runner/.m2/repository/org/apache/ozone/hdds-container-service/1.4.0-SNAPSHOT/hdds-container-service-1.4.0-SNAPSHOT.jar!/webapps/hddsDatanode}
2023-06-02 05:15:23,132 [main] INFO  server.AbstractConnector (AbstractConnector.java:doStart(333)) - Started ServerConnector@76cc7d7c{HTTP/1.1, (http/1.1)}{0.0.0.0:15045}
2023-06-02 05:15:23,132 [main] INFO  server.Server (Server.java:doStart(415)) - Started @13965ms
2023-06-02 05:15:23,132 [main] WARN  impl.MetricsSystemImpl (MetricsSystemImpl.java:register(279)) - Sink prometheus already exists!
2023-06-02 05:15:23,133 [main] INFO  http.BaseHttpServer (BaseHttpServer.java:updateConnectorAddress(344)) - HTTP server of hddsDatanode listening at http://0.0.0.0:15045
2023-06-02 05:15:23,134 [main] INFO  ipc.CallQueueManager (CallQueueManager.java:<init>(90)) - Using callQueue: class java.util.concurrent.LinkedBlockingQueue, queueCapacity: 100, scheduler: class org.apache.hadoop.ipc.DefaultRpcScheduler, ipcBackoff: false.
2023-06-02 05:15:23,134 [Socket Reader #1 for port 15046] INFO  ipc.Server (Server.java:run(1319)) - Starting Socket Reader #1 for port 15046
2023-06-02 05:15:23,143 [Listener at 0.0.0.0/15046] INFO  hdds.HddsUtils (HddsUtils.java:preserveThreadName(843)) - Restoring thread name: main
2023-06-02 05:15:23,143 [main] INFO  ozone.HddsDatanodeService (HddsDatanodeService.java:start(331)) - Datanode start with admins: [runner]
2023-06-02 05:15:23,144 [main] INFO  ozone.HddsDatanodeClientProtocolServer (HddsDatanodeClientProtocolServer.java:start(83)) - RPC server for Client /0.0.0.0:15046
2023-06-02 05:15:23,144 [IPC Server Responder] INFO  ipc.Server (Server.java:run(1558)) - IPC Server Responder: starting
2023-06-02 05:15:23,145 [IPC Server listener on 15046] INFO  ipc.Server (Server.java:run(1398)) - IPC Server listener on 15046: starting
2023-06-02 05:15:23,151 [main] WARN  impl.MetricRegistriesImpl (MetricRegistriesImpl.java:addReporterRegistration(111)) - New reporters are added after registries were created. Some metrics will be missing from the reporter. Please add reporter before adding any new registry.
2023-06-02 05:15:23,151 [main] WARN  impl.MetricRegistriesImpl (MetricRegistriesImpl.java:addReporterRegistration(111)) - New reporters are added after registries were created. Some metrics will be missing from the reporter. Please add reporter before adding any new registry.
2023-06-02 05:15:23,151 [Datanode State Machine Daemon Thread] INFO  statemachine.DatanodeStateMachine (DatanodeStateMachine.java:lambda$startDaemon$0(537)) - Ozone container server started.
2023-06-02 05:15:23,151 [main] INFO  impl.MetricsSystemImpl (MetricsSystemImpl.java:init(158)) - HddsDatanode metrics system started (again)
2023-06-02 05:15:23,171 [org.apache.hadoop.util.JvmPauseMonitor$Monitor@40a4c078] INFO  util.JvmPauseMonitor (JvmPauseMonitor.java:run(188)) - Starting JVM pause monitor
2023-06-02 05:15:23,176 [main] INFO  ozone.HddsDatanodeService (HddsDatanodeService.java:start(261)) - HddsDatanodeService host:fv-az628-647 ip:10.1.74.1
2023-06-02 05:15:23,177 [Datanode State Machine Task Thread - 0] INFO  datanode.InitDatanodeState (InitDatanodeState.java:persistContainerDatanodeDetails(138)) - DatanodeDetails is persisted to /home/runner/work/ozone/ozone/hadoop-ozone/integration-test/target/test-dir/MiniOzoneClusterImpl-4e6c5432-da36-405d-b7f1-05871ead9573/datanode-4/meta/datanode.id
2023-06-02 05:15:23,210 [main] INFO  upgrade.AbstractLayoutVersionManager (AbstractLayoutVersionManager.java:init(83)) - Initializing Layout version manager with metadata layout = HADOOP_PRC_PORTS_IN_DATANODEDETAILS (version = 7), software layout = HADOOP_PRC_PORTS_IN_DATANODEDETAILS (version = 7)
2023-06-02 05:15:23,211 [main] INFO  statemachine.DatanodeStateMachine (DatanodeStateMachine.java:getEndPointTaskThreadPoolSize(275)) - Datanode State Machine Task Thread Pool size 2
2023-06-02 05:15:23,214 [main] INFO  volume.HddsVolume (HddsVolume.java:<init>(130)) - Creating HddsVolume: /home/runner/work/ozone/ozone/hadoop-ozone/integration-test/target/test-dir/MiniOzoneClusterImpl-4e6c5432-da36-405d-b7f1-05871ead9573/datanode-5/data-0/containers/hdds of storage type : DISK capacity : 9223372036854775807
2023-06-02 05:15:23,214 [main] INFO  volume.MutableVolumeSet (MutableVolumeSet.java:initializeVolumeSet(175)) - Added Volume : /home/runner/work/ozone/ozone/hadoop-ozone/integration-test/target/test-dir/MiniOzoneClusterImpl-4e6c5432-da36-405d-b7f1-05871ead9573/datanode-5/data-0/containers/hdds to VolumeSet
2023-06-02 05:15:23,214 [main] INFO  volume.ThrottledAsyncChecker (ThrottledAsyncChecker.java:schedule(141)) - Scheduling a check for /home/runner/work/ozone/ozone/hadoop-ozone/integration-test/target/test-dir/MiniOzoneClusterImpl-4e6c5432-da36-405d-b7f1-05871ead9573/datanode-5/data-0/containers/hdds
2023-06-02 05:15:23,215 [main] INFO  volume.StorageVolumeChecker (StorageVolumeChecker.java:checkAllVolumes(202)) - Scheduled health check for volume /home/runner/work/ozone/ozone/hadoop-ozone/integration-test/target/test-dir/MiniOzoneClusterImpl-4e6c5432-da36-405d-b7f1-05871ead9573/datanode-5/data-0/containers/hdds
2023-06-02 05:15:23,228 [main] INFO  volume.MutableVolumeSet (MutableVolumeSet.java:initializeVolumeSet(175)) - Added Volume : /home/runner/work/ozone/ozone/hadoop-ozone/integration-test/target/test-dir/MiniOzoneClusterImpl-4e6c5432-da36-405d-b7f1-05871ead9573/datanode-5/data/ratis to VolumeSet
2023-06-02 05:15:23,228 [main] INFO  volume.ThrottledAsyncChecker (ThrottledAsyncChecker.java:schedule(141)) - Scheduling a check for /home/runner/work/ozone/ozone/hadoop-ozone/integration-test/target/test-dir/MiniOzoneClusterImpl-4e6c5432-da36-405d-b7f1-05871ead9573/datanode-5/data/ratis
2023-06-02 05:15:23,229 [main] INFO  volume.StorageVolumeChecker (StorageVolumeChecker.java:checkAllVolumes(202)) - Scheduled health check for volume /home/runner/work/ozone/ozone/hadoop-ozone/integration-test/target/test-dir/MiniOzoneClusterImpl-4e6c5432-da36-405d-b7f1-05871ead9573/datanode-5/data/ratis
2023-06-02 05:15:23,248 [Thread-232] INFO  ozoneimpl.ContainerReader (ContainerReader.java:readVolume(175)) - Finish verifying containers on volume /home/runner/work/ozone/ozone/hadoop-ozone/integration-test/target/test-dir/MiniOzoneClusterImpl-4e6c5432-da36-405d-b7f1-05871ead9573/datanode-5/data-0/containers/hdds
2023-06-02 05:15:23,248 [main] INFO  ozoneimpl.OzoneContainer (OzoneContainer.java:buildContainerSet(303)) - Build ContainerSet costs 0s
2023-06-02 05:15:23,254 [main] INFO  server.RaftServer (ConfUtils.java:logGet(46)) - raft.rpc.type = GRPC (default)
2023-06-02 05:15:23,254 [main] INFO  grpc.GrpcConfigKeys (ConfUtils.java:logFallback(53)) - raft.grpc.admin.host = null (fallback to raft.grpc.server.host)
2023-06-02 05:15:23,254 [main] INFO  grpc.GrpcConfigKeys (ConfUtils.java:logGet(46)) - raft.grpc.admin.port = 15058 (custom)
2023-06-02 05:15:23,254 [main] INFO  grpc.GrpcConfigKeys (ConfUtils.java:logFallback(53)) - raft.grpc.client.host = null (fallback to raft.grpc.server.host)
2023-06-02 05:15:23,255 [main] INFO  grpc.GrpcConfigKeys (ConfUtils.java:logGet(46)) - raft.grpc.client.port = 15057 (custom)
2023-06-02 05:15:23,255 [main] INFO  grpc.GrpcConfigKeys (ConfUtils.java:logGet(46)) - raft.grpc.server.host = null (default)
2023-06-02 05:15:23,255 [main] INFO  grpc.GrpcConfigKeys (ConfUtils.java:logGet(46)) - raft.grpc.server.port = 15059 (custom)
2023-06-02 05:15:23,255 [main] INFO  server.GrpcService (ConfUtils.java:logGet(46)) - raft.grpc.message.size.max = 32MB (=33554432) (custom)
2023-06-02 05:15:23,255 [main] INFO  server.RaftServerConfigKeys (ConfUtils.java:logGet(46)) - raft.server.log.appender.buffer.byte-limit = 33554432 (custom)
2023-06-02 05:15:23,256 [main] INFO  server.GrpcService (ConfUtils.java:logGet(46)) - raft.grpc.flow.control.window = 5MB (=5242880) (custom)
2023-06-02 05:15:23,256 [main] INFO  server.RaftServerConfigKeys (ConfUtils.java:logGet(46)) - raft.server.rpc.request.timeout = 60s (custom)
2023-06-02 05:15:23,256 [main] INFO  grpc.GrpcConfigKeys (ConfUtils.java:logGet(46)) - raft.grpc.server.heartbeat.channel = true (default)
2023-06-02 05:15:23,256 [main] INFO  grpc.GrpcConfigKeys (ConfUtils.java:logGet(46)) - raft.grpc.server.async.request.thread.pool.cached = true (default)
2023-06-02 05:15:23,260 [main] INFO  grpc.GrpcConfigKeys (ConfUtils.java:logGet(46)) - raft.grpc.server.async.request.thread.pool.size = 32 (default)
2023-06-02 05:15:23,262 [main] INFO  impl.DataStreamServerImpl (ConfUtils.java:logGet(46)) - raft.datastream.type = NETTY (custom)
2023-06-02 05:15:23,263 [main] INFO  server.RaftServerConfigKeys (ConfUtils.java:logGet(46)) - raft.server.data-stream.async.request.thread.pool.cached = false (default)
2023-06-02 05:15:23,263 [main] INFO  server.RaftServerConfigKeys (ConfUtils.java:logGet(46)) - raft.server.data-stream.async.request.thread.pool.size = 20 (custom)
2023-06-02 05:15:23,263 [main] INFO  server.RaftServerConfigKeys (ConfUtils.java:logGet(46)) - raft.server.data-stream.async.write.thread.pool.size = 16 (default)
2023-06-02 05:15:23,264 [main] INFO  server.RaftServerConfigKeys (ConfUtils.java:logGet(46)) - raft.server.data-stream.client.pool.size = 10 (default)
2023-06-02 05:15:23,264 [main] INFO  netty.NettyConfigKeys$DataStream (ConfUtils.java:logGet(46)) - raft.netty.dataStream.server.use-epoll = false (default)
2023-06-02 05:15:23,264 [main] INFO  netty.NettyConfigKeys$DataStream (ConfUtils.java:logGet(46)) - raft.netty.dataStream.server.boss-group.size = 0 (default)
2023-06-02 05:15:23,265 [main] INFO  netty.NettyConfigKeys$DataStream (ConfUtils.java:logGet(46)) - raft.netty.dataStream.server.worker-group.size = 0 (default)
2023-06-02 05:15:23,265 [main] INFO  netty.NettyConfigKeys$DataStream (ConfUtils.java:logGet(46)) - raft.netty.dataStream.server.tls.conf = null (default)
2023-06-02 05:15:23,265 [main] INFO  netty.NettyConfigKeys$DataStream (ConfUtils.java:logGet(46)) - raft.netty.dataStream.host = null (default)
2023-06-02 05:15:23,265 [main] INFO  netty.NettyConfigKeys$DataStream (ConfUtils.java:logGet(46)) - raft.netty.dataStream.port = 15060 (custom)
2023-06-02 05:15:23,266 [main] INFO  server.RaftServerConfigKeys (ConfUtils.java:logGet(46)) - raft.server.threadpool.proxy.cached = true (default)
2023-06-02 05:15:23,267 [main] INFO  server.RaftServerConfigKeys (ConfUtils.java:logGet(46)) - raft.server.threadpool.proxy.size = 0 (default)
2023-06-02 05:15:23,267 [main] INFO  server.RaftServerConfigKeys (ConfUtils.java:logGet(46)) - raft.server.rpc.slowness.timeout = 300s (custom)
2023-06-02 05:15:23,267 [main] INFO  server.RaftServerConfigKeys (ConfUtils.java:logGet(46)) - raft.server.leaderelection.leader.step-down.wait-time = 10s (default)
2023-06-02 05:15:23,270 [main] INFO  server.RaftServerConfigKeys (ConfUtils.java:logGet(46)) - raft.server.storage.dir = [/home/runner/work/ozone/ozone/hadoop-ozone/integration-test/target/test-dir/MiniOzoneClusterImpl-4e6c5432-da36-405d-b7f1-05871ead9573/datanode-5/data/ratis] (custom)
2023-06-02 05:15:23,270 [57515d40-5a2b-4760-820a-8e251d1bbde2-NettyServerStreamRpc-bossGroup--thread1] INFO  logging.LoggingHandler (AbstractInternalLogger.java:log(148)) - [id: 0xd2ffc894] REGISTERED
2023-06-02 05:15:23,270 [57515d40-5a2b-4760-820a-8e251d1bbde2-NettyServerStreamRpc-bossGroup--thread1] INFO  logging.LoggingHandler (AbstractInternalLogger.java:log(148)) - [id: 0xd2ffc894] BIND: 0.0.0.0/0.0.0.0:15060
2023-06-02 05:15:23,271 [57515d40-5a2b-4760-820a-8e251d1bbde2-NettyServerStreamRpc-bossGroup--thread1] INFO  logging.LoggingHandler (AbstractInternalLogger.java:log(148)) - [id: 0xd2ffc894, L:/0:0:0:0:0:0:0:0:15060] ACTIVE
2023-06-02 05:15:23,272 [main] INFO  server.XceiverServerGrpc (XceiverServerGrpc.java:<init>(132)) - GrpcServer channel type EpollServerSocketChannel
2023-06-02 05:15:23,274 [main] INFO  replication.ReplicationSupervisor (ReplicationSupervisor.java:nodeStateUpdated(296)) - Node state updated to IN_SERVICE, scaling executor pool size to 10
2023-06-02 05:15:23,275 [main] INFO  token.OzoneBlockTokenSecretManager (OzoneSecretManager.java:updateCurrentKey(175)) - Updating current master key for generating tokens. Cert id 3622618384929
2023-06-02 05:15:23,277 [main] INFO  http.BaseHttpServer (BaseHttpServer.java:newHttpServer2BuilderForOzone(224)) - Starting Web-server for hddsDatanode at: http://0.0.0.0:15054
2023-06-02 05:15:23,277 [main] INFO  http.BaseHttpServer (BaseHttpServer.java:<init>(111)) - Hadoop Security Enabled: false Ozone Security Enabled: false Ozone HTTP Security Enabled: false 
2023-06-02 05:15:23,285 [main] WARN  server.AuthenticationFilter (AuthenticationFilter.java:constructSecretProvider(240)) - Unable to initialize FileSignerSecretProvider, falling back to use random secrets. Reason: Could not read signature secret file: /home/runner/hadoop-http-auth-signature-secret
2023-06-02 05:15:23,286 [main] INFO  http.HttpRequestLog (HttpRequestLog.java:getRequestLog(86)) - Http request log for http.requests.hddsDatanode is not defined
2023-06-02 05:15:23,288 [main] INFO  http.HttpServer2 (HttpServer2.java:addGlobalFilter(1031)) - Added global filter 'safety' (class=org.apache.hadoop.hdds.server.http.HttpServer2$QuotingInputFilter)
2023-06-02 05:15:23,289 [main] INFO  http.HttpServer2 (HttpServer2.java:addFilter(1007)) - Added filter static_user_filter (class=org.apache.hadoop.http.lib.StaticUserWebFilter$StaticUserFilter) to context hddsDatanode
2023-06-02 05:15:23,289 [main] INFO  http.HttpServer2 (HttpServer2.java:addFilter(1015)) - Added filter static_user_filter (class=org.apache.hadoop.http.lib.StaticUserWebFilter$StaticUserFilter) to context logs
2023-06-02 05:15:23,289 [main] INFO  http.HttpServer2 (HttpServer2.java:addFilter(1015)) - Added filter static_user_filter (class=org.apache.hadoop.http.lib.StaticUserWebFilter$StaticUserFilter) to context static
2023-06-02 05:15:23,290 [main] INFO  http.BaseHttpServer (BaseHttpServer.java:<init>(190)) - HTTP server of hddsDatanode uses base directory /home/runner/work/ozone/ozone/hadoop-ozone/integration-test/target/test-dir/MiniOzoneClusterImpl-4e6c5432-da36-405d-b7f1-05871ead9573/datanode-5/meta/webserver
2023-06-02 05:15:23,290 [main] INFO  http.HttpServer2 (HttpServer2.java:bindListener(1250)) - Jetty bound to port 15054
2023-06-02 05:15:23,290 [main] INFO  server.Server (Server.java:doStart(375)) - jetty-9.4.51.v20230217; built: 2023-02-17T08:19:37.309Z; git: b45c405e4544384de066f814ed42ae3dceacdd49; jvm 1.8.0_372-b07
2023-06-02 05:15:23,297 [main] INFO  server.session (DefaultSessionIdManager.java:doStart(334)) - DefaultSessionIdManager workerName=node0
2023-06-02 05:15:23,297 [main] INFO  server.session (DefaultSessionIdManager.java:doStart(339)) - No SessionScavenger set, using defaults
2023-06-02 05:15:23,298 [main] INFO  server.session (HouseKeeper.java:startScavenging(132)) - node0 Scavenging every 660000ms
2023-06-02 05:15:23,300 [main] INFO  handler.ContextHandler (ContextHandler.java:doStart(921)) - Started o.e.j.s.ServletContextHandler@12a0dc5a{logs,/logs,file:///home/runner/work/ozone/ozone/hadoop-ozone/integration-test/target/log,AVAILABLE}
2023-06-02 05:15:23,301 [main] INFO  handler.ContextHandler (ContextHandler.java:doStart(921)) - Started o.e.j.s.ServletContextHandler@1c586da4{static,/static,jar:file:/home/runner/.m2/repository/org/apache/ozone/hdds-container-service/1.4.0-SNAPSHOT/hdds-container-service-1.4.0-SNAPSHOT.jar!/webapps/static,AVAILABLE}
2023-06-02 05:15:23,549 [main] INFO  handler.ContextHandler (ContextHandler.java:doStart(921)) - Started o.e.j.w.WebAppContext@65dec1f6{hddsDatanode,/,file:///home/runner/work/ozone/ozone/hadoop-ozone/integration-test/target/test-dir/MiniOzoneClusterImpl-4e6c5432-da36-405d-b7f1-05871ead9573/datanode-5/meta/webserver/jetty-0_0_0_0-15054-hdds-container-service-1_4_0-SNAPSHOT_jar-_-any-3738526209757150453/webapp/,AVAILABLE}{jar:file:/home/runner/.m2/repository/org/apache/ozone/hdds-container-service/1.4.0-SNAPSHOT/hdds-container-service-1.4.0-SNAPSHOT.jar!/webapps/hddsDatanode}
2023-06-02 05:15:23,561 [main] INFO  server.AbstractConnector (AbstractConnector.java:doStart(333)) - Started ServerConnector@1cf01723{HTTP/1.1, (http/1.1)}{0.0.0.0:15054}
2023-06-02 05:15:23,562 [main] INFO  server.Server (Server.java:doStart(415)) - Started @14395ms
2023-06-02 05:15:23,562 [main] WARN  impl.MetricsSystemImpl (MetricsSystemImpl.java:register(279)) - Sink prometheus already exists!
2023-06-02 05:15:23,563 [main] INFO  http.BaseHttpServer (BaseHttpServer.java:updateConnectorAddress(344)) - HTTP server of hddsDatanode listening at http://0.0.0.0:15054
2023-06-02 05:15:23,563 [main] INFO  ipc.CallQueueManager (CallQueueManager.java:<init>(90)) - Using callQueue: class java.util.concurrent.LinkedBlockingQueue, queueCapacity: 100, scheduler: class org.apache.hadoop.ipc.DefaultRpcScheduler, ipcBackoff: false.
2023-06-02 05:15:23,564 [Socket Reader #1 for port 15055] INFO  ipc.Server (Server.java:run(1319)) - Starting Socket Reader #1 for port 15055
2023-06-02 05:15:23,566 [Listener at 0.0.0.0/15055] INFO  hdds.HddsUtils (HddsUtils.java:preserveThreadName(843)) - Restoring thread name: main
2023-06-02 05:15:23,576 [main] INFO  ozone.HddsDatanodeService (HddsDatanodeService.java:start(331)) - Datanode start with admins: [runner]
2023-06-02 05:15:23,576 [main] INFO  ozone.HddsDatanodeClientProtocolServer (HddsDatanodeClientProtocolServer.java:start(83)) - RPC server for Client /0.0.0.0:15055
2023-06-02 05:15:23,583 [IPC Server Responder] INFO  ipc.Server (Server.java:run(1558)) - IPC Server Responder: starting
2023-06-02 05:15:23,583 [IPC Server listener on 15055] INFO  ipc.Server (Server.java:run(1398)) - IPC Server listener on 15055: starting
2023-06-02 05:15:23,586 [main] WARN  impl.MetricRegistriesImpl (MetricRegistriesImpl.java:addReporterRegistration(111)) - New reporters are added after registries were created. Some metrics will be missing from the reporter. Please add reporter before adding any new registry.
2023-06-02 05:15:23,586 [main] WARN  impl.MetricRegistriesImpl (MetricRegistriesImpl.java:addReporterRegistration(111)) - New reporters are added after registries were created. Some metrics will be missing from the reporter. Please add reporter before adding any new registry.
2023-06-02 05:15:23,586 [main] INFO  impl.MetricsSystemImpl (MetricsSystemImpl.java:init(158)) - HddsDatanode metrics system started (again)
2023-06-02 05:15:23,592 [Datanode State Machine Daemon Thread] INFO  statemachine.DatanodeStateMachine (DatanodeStateMachine.java:lambda$startDaemon$0(537)) - Ozone container server started.
2023-06-02 05:15:23,611 [main] INFO  ozone.HddsDatanodeService (HddsDatanodeService.java:start(261)) - HddsDatanodeService host:fv-az628-647 ip:10.1.74.1
2023-06-02 05:15:23,619 [org.apache.hadoop.util.JvmPauseMonitor$Monitor@133512a9] INFO  util.JvmPauseMonitor (JvmPauseMonitor.java:run(188)) - Starting JVM pause monitor
2023-06-02 05:15:23,629 [Datanode State Machine Task Thread - 0] INFO  datanode.InitDatanodeState (InitDatanodeState.java:persistContainerDatanodeDetails(138)) - DatanodeDetails is persisted to /home/runner/work/ozone/ozone/hadoop-ozone/integration-test/target/test-dir/MiniOzoneClusterImpl-4e6c5432-da36-405d-b7f1-05871ead9573/datanode-5/meta/datanode.id
2023-06-02 05:15:23,656 [main] INFO  upgrade.AbstractLayoutVersionManager (AbstractLayoutVersionManager.java:init(83)) - Initializing Layout version manager with metadata layout = HADOOP_PRC_PORTS_IN_DATANODEDETAILS (version = 7), software layout = HADOOP_PRC_PORTS_IN_DATANODEDETAILS (version = 7)
2023-06-02 05:15:23,658 [main] INFO  statemachine.DatanodeStateMachine (DatanodeStateMachine.java:getEndPointTaskThreadPoolSize(275)) - Datanode State Machine Task Thread Pool size 2
2023-06-02 05:15:23,684 [main] INFO  volume.HddsVolume (HddsVolume.java:<init>(130)) - Creating HddsVolume: /home/runner/work/ozone/ozone/hadoop-ozone/integration-test/target/test-dir/MiniOzoneClusterImpl-4e6c5432-da36-405d-b7f1-05871ead9573/datanode-6/data-0/containers/hdds of storage type : DISK capacity : 9223372036854775807
2023-06-02 05:15:23,684 [main] INFO  volume.MutableVolumeSet (MutableVolumeSet.java:initializeVolumeSet(175)) - Added Volume : /home/runner/work/ozone/ozone/hadoop-ozone/integration-test/target/test-dir/MiniOzoneClusterImpl-4e6c5432-da36-405d-b7f1-05871ead9573/datanode-6/data-0/containers/hdds to VolumeSet
2023-06-02 05:15:23,686 [main] INFO  volume.ThrottledAsyncChecker (ThrottledAsyncChecker.java:schedule(141)) - Scheduling a check for /home/runner/work/ozone/ozone/hadoop-ozone/integration-test/target/test-dir/MiniOzoneClusterImpl-4e6c5432-da36-405d-b7f1-05871ead9573/datanode-6/data-0/containers/hdds
2023-06-02 05:15:23,694 [main] INFO  volume.StorageVolumeChecker (StorageVolumeChecker.java:checkAllVolumes(202)) - Scheduled health check for volume /home/runner/work/ozone/ozone/hadoop-ozone/integration-test/target/test-dir/MiniOzoneClusterImpl-4e6c5432-da36-405d-b7f1-05871ead9573/datanode-6/data-0/containers/hdds
2023-06-02 05:15:23,719 [main] INFO  volume.MutableVolumeSet (MutableVolumeSet.java:initializeVolumeSet(175)) - Added Volume : /home/runner/work/ozone/ozone/hadoop-ozone/integration-test/target/test-dir/MiniOzoneClusterImpl-4e6c5432-da36-405d-b7f1-05871ead9573/datanode-6/data/ratis to VolumeSet
2023-06-02 05:15:23,720 [main] INFO  volume.ThrottledAsyncChecker (ThrottledAsyncChecker.java:schedule(141)) - Scheduling a check for /home/runner/work/ozone/ozone/hadoop-ozone/integration-test/target/test-dir/MiniOzoneClusterImpl-4e6c5432-da36-405d-b7f1-05871ead9573/datanode-6/data/ratis
2023-06-02 05:15:23,721 [main] INFO  volume.StorageVolumeChecker (StorageVolumeChecker.java:checkAllVolumes(202)) - Scheduled health check for volume /home/runner/work/ozone/ozone/hadoop-ozone/integration-test/target/test-dir/MiniOzoneClusterImpl-4e6c5432-da36-405d-b7f1-05871ead9573/datanode-6/data/ratis
2023-06-02 05:15:23,739 [Thread-251] INFO  ozoneimpl.ContainerReader (ContainerReader.java:readVolume(175)) - Finish verifying containers on volume /home/runner/work/ozone/ozone/hadoop-ozone/integration-test/target/test-dir/MiniOzoneClusterImpl-4e6c5432-da36-405d-b7f1-05871ead9573/datanode-6/data-0/containers/hdds
2023-06-02 05:15:23,739 [main] INFO  ozoneimpl.OzoneContainer (OzoneContainer.java:buildContainerSet(303)) - Build ContainerSet costs 0s
2023-06-02 05:15:23,742 [main] INFO  server.RaftServer (ConfUtils.java:logGet(46)) - raft.rpc.type = GRPC (default)
2023-06-02 05:15:23,743 [main] INFO  grpc.GrpcConfigKeys (ConfUtils.java:logFallback(53)) - raft.grpc.admin.host = null (fallback to raft.grpc.server.host)
2023-06-02 05:15:23,743 [main] INFO  grpc.GrpcConfigKeys (ConfUtils.java:logGet(46)) - raft.grpc.admin.port = 15067 (custom)
2023-06-02 05:15:23,743 [main] INFO  grpc.GrpcConfigKeys (ConfUtils.java:logFallback(53)) - raft.grpc.client.host = null (fallback to raft.grpc.server.host)
2023-06-02 05:15:23,743 [main] INFO  grpc.GrpcConfigKeys (ConfUtils.java:logGet(46)) - raft.grpc.client.port = 15066 (custom)
2023-06-02 05:15:23,743 [main] INFO  grpc.GrpcConfigKeys (ConfUtils.java:logGet(46)) - raft.grpc.server.host = null (default)
2023-06-02 05:15:23,744 [main] INFO  grpc.GrpcConfigKeys (ConfUtils.java:logGet(46)) - raft.grpc.server.port = 15068 (custom)
2023-06-02 05:15:23,744 [main] INFO  server.GrpcService (ConfUtils.java:logGet(46)) - raft.grpc.message.size.max = 32MB (=33554432) (custom)
2023-06-02 05:15:23,744 [main] INFO  server.RaftServerConfigKeys (ConfUtils.java:logGet(46)) - raft.server.log.appender.buffer.byte-limit = 33554432 (custom)
2023-06-02 05:15:23,744 [main] INFO  server.GrpcService (ConfUtils.java:logGet(46)) - raft.grpc.flow.control.window = 5MB (=5242880) (custom)
2023-06-02 05:15:23,744 [main] INFO  server.RaftServerConfigKeys (ConfUtils.java:logGet(46)) - raft.server.rpc.request.timeout = 60s (custom)
2023-06-02 05:15:23,745 [main] INFO  grpc.GrpcConfigKeys (ConfUtils.java:logGet(46)) - raft.grpc.server.heartbeat.channel = true (default)
2023-06-02 05:15:23,745 [main] INFO  grpc.GrpcConfigKeys (ConfUtils.java:logGet(46)) - raft.grpc.server.async.request.thread.pool.cached = true (default)
2023-06-02 05:15:23,745 [main] INFO  grpc.GrpcConfigKeys (ConfUtils.java:logGet(46)) - raft.grpc.server.async.request.thread.pool.size = 32 (default)
2023-06-02 05:15:23,748 [main] INFO  impl.DataStreamServerImpl (ConfUtils.java:logGet(46)) - raft.datastream.type = NETTY (custom)
2023-06-02 05:15:23,749 [main] INFO  server.RaftServerConfigKeys (ConfUtils.java:logGet(46)) - raft.server.data-stream.async.request.thread.pool.cached = false (default)
2023-06-02 05:15:23,749 [main] INFO  server.RaftServerConfigKeys (ConfUtils.java:logGet(46)) - raft.server.data-stream.async.request.thread.pool.size = 20 (custom)
2023-06-02 05:15:23,749 [main] INFO  server.RaftServerConfigKeys (ConfUtils.java:logGet(46)) - raft.server.data-stream.async.write.thread.pool.size = 16 (default)
2023-06-02 05:15:23,749 [main] INFO  server.RaftServerConfigKeys (ConfUtils.java:logGet(46)) - raft.server.data-stream.client.pool.size = 10 (default)
2023-06-02 05:15:23,750 [main] INFO  netty.NettyConfigKeys$DataStream (ConfUtils.java:logGet(46)) - raft.netty.dataStream.server.use-epoll = false (default)
2023-06-02 05:15:23,750 [main] INFO  netty.NettyConfigKeys$DataStream (ConfUtils.java:logGet(46)) - raft.netty.dataStream.server.boss-group.size = 0 (default)
2023-06-02 05:15:23,750 [main] INFO  netty.NettyConfigKeys$DataStream (ConfUtils.java:logGet(46)) - raft.netty.dataStream.server.worker-group.size = 0 (default)
2023-06-02 05:15:23,751 [main] INFO  netty.NettyConfigKeys$DataStream (ConfUtils.java:logGet(46)) - raft.netty.dataStream.server.tls.conf = null (default)
2023-06-02 05:15:23,751 [main] INFO  netty.NettyConfigKeys$DataStream (ConfUtils.java:logGet(46)) - raft.netty.dataStream.host = null (default)
2023-06-02 05:15:23,751 [main] INFO  netty.NettyConfigKeys$DataStream (ConfUtils.java:logGet(46)) - raft.netty.dataStream.port = 15069 (custom)
2023-06-02 05:15:23,752 [main] INFO  server.RaftServerConfigKeys (ConfUtils.java:logGet(46)) - raft.server.threadpool.proxy.cached = true (default)
2023-06-02 05:15:23,752 [main] INFO  server.RaftServerConfigKeys (ConfUtils.java:logGet(46)) - raft.server.threadpool.proxy.size = 0 (default)
2023-06-02 05:15:23,752 [main] INFO  server.RaftServerConfigKeys (ConfUtils.java:logGet(46)) - raft.server.rpc.slowness.timeout = 300s (custom)
2023-06-02 05:15:23,753 [main] INFO  server.RaftServerConfigKeys (ConfUtils.java:logGet(46)) - raft.server.leaderelection.leader.step-down.wait-time = 10s (default)
2023-06-02 05:15:23,753 [main] INFO  server.RaftServerConfigKeys (ConfUtils.java:logGet(46)) - raft.server.storage.dir = [/home/runner/work/ozone/ozone/hadoop-ozone/integration-test/target/test-dir/MiniOzoneClusterImpl-4e6c5432-da36-405d-b7f1-05871ead9573/datanode-6/data/ratis] (custom)
2023-06-02 05:15:23,756 [87f06f2d-f73a-4ca4-bc8e-5aedfa582ec7-NettyServerStreamRpc-bossGroup--thread1] INFO  logging.LoggingHandler (AbstractInternalLogger.java:log(148)) - [id: 0x7d1f0a35] REGISTERED
2023-06-02 05:15:23,756 [87f06f2d-f73a-4ca4-bc8e-5aedfa582ec7-NettyServerStreamRpc-bossGroup--thread1] INFO  logging.LoggingHandler (AbstractInternalLogger.java:log(148)) - [id: 0x7d1f0a35] BIND: 0.0.0.0/0.0.0.0:15069
2023-06-02 05:15:23,757 [87f06f2d-f73a-4ca4-bc8e-5aedfa582ec7-NettyServerStreamRpc-bossGroup--thread1] INFO  logging.LoggingHandler (AbstractInternalLogger.java:log(148)) - [id: 0x7d1f0a35, L:/0:0:0:0:0:0:0:0:15069] ACTIVE
2023-06-02 05:15:23,758 [main] INFO  server.XceiverServerGrpc (XceiverServerGrpc.java:<init>(132)) - GrpcServer channel type EpollServerSocketChannel
2023-06-02 05:15:23,763 [main] INFO  replication.ReplicationSupervisor (ReplicationSupervisor.java:nodeStateUpdated(296)) - Node state updated to IN_SERVICE, scaling executor pool size to 10
2023-06-02 05:15:23,766 [main] INFO  token.OzoneBlockTokenSecretManager (OzoneSecretManager.java:updateCurrentKey(175)) - Updating current master key for generating tokens. Cert id 3622618384929
2023-06-02 05:15:23,773 [main] INFO  http.BaseHttpServer (BaseHttpServer.java:newHttpServer2BuilderForOzone(224)) - Starting Web-server for hddsDatanode at: http://0.0.0.0:15063
2023-06-02 05:15:23,773 [main] INFO  http.BaseHttpServer (BaseHttpServer.java:<init>(111)) - Hadoop Security Enabled: false Ozone Security Enabled: false Ozone HTTP Security Enabled: false 
2023-06-02 05:15:23,775 [main] WARN  server.AuthenticationFilter (AuthenticationFilter.java:constructSecretProvider(240)) - Unable to initialize FileSignerSecretProvider, falling back to use random secrets. Reason: Could not read signature secret file: /home/runner/hadoop-http-auth-signature-secret
2023-06-02 05:15:23,776 [main] INFO  http.HttpRequestLog (HttpRequestLog.java:getRequestLog(86)) - Http request log for http.requests.hddsDatanode is not defined
2023-06-02 05:15:23,781 [main] INFO  http.HttpServer2 (HttpServer2.java:addGlobalFilter(1031)) - Added global filter 'safety' (class=org.apache.hadoop.hdds.server.http.HttpServer2$QuotingInputFilter)
2023-06-02 05:15:23,784 [main] INFO  http.HttpServer2 (HttpServer2.java:addFilter(1007)) - Added filter static_user_filter (class=org.apache.hadoop.http.lib.StaticUserWebFilter$StaticUserFilter) to context hddsDatanode
2023-06-02 05:15:23,784 [main] INFO  http.HttpServer2 (HttpServer2.java:addFilter(1015)) - Added filter static_user_filter (class=org.apache.hadoop.http.lib.StaticUserWebFilter$StaticUserFilter) to context logs
2023-06-02 05:15:23,784 [main] INFO  http.HttpServer2 (HttpServer2.java:addFilter(1015)) - Added filter static_user_filter (class=org.apache.hadoop.http.lib.StaticUserWebFilter$StaticUserFilter) to context static
2023-06-02 05:15:23,786 [main] INFO  http.BaseHttpServer (BaseHttpServer.java:<init>(190)) - HTTP server of hddsDatanode uses base directory /home/runner/work/ozone/ozone/hadoop-ozone/integration-test/target/test-dir/MiniOzoneClusterImpl-4e6c5432-da36-405d-b7f1-05871ead9573/datanode-6/meta/webserver
2023-06-02 05:15:23,786 [main] INFO  http.HttpServer2 (HttpServer2.java:bindListener(1250)) - Jetty bound to port 15063
2023-06-02 05:15:23,788 [main] INFO  server.Server (Server.java:doStart(375)) - jetty-9.4.51.v20230217; built: 2023-02-17T08:19:37.309Z; git: b45c405e4544384de066f814ed42ae3dceacdd49; jvm 1.8.0_372-b07
2023-06-02 05:15:23,795 [main] INFO  server.session (DefaultSessionIdManager.java:doStart(334)) - DefaultSessionIdManager workerName=node0
2023-06-02 05:15:23,795 [main] INFO  server.session (DefaultSessionIdManager.java:doStart(339)) - No SessionScavenger set, using defaults
2023-06-02 05:15:23,796 [main] INFO  server.session (HouseKeeper.java:startScavenging(132)) - node0 Scavenging every 660000ms
2023-06-02 05:15:23,797 [main] INFO  handler.ContextHandler (ContextHandler.java:doStart(921)) - Started o.e.j.s.ServletContextHandler@285c185e{logs,/logs,file:///home/runner/work/ozone/ozone/hadoop-ozone/integration-test/target/log,AVAILABLE}
2023-06-02 05:15:23,797 [main] INFO  handler.ContextHandler (ContextHandler.java:doStart(921)) - Started o.e.j.s.ServletContextHandler@23afde4a{static,/static,jar:file:/home/runner/.m2/repository/org/apache/ozone/hdds-container-service/1.4.0-SNAPSHOT/hdds-container-service-1.4.0-SNAPSHOT.jar!/webapps/static,AVAILABLE}
2023-06-02 05:15:23,881 [EndpointStateMachine task thread for /0.0.0.0:15002 - 0 ] INFO  utils.DatanodeStoreCache (DatanodeStoreCache.java:addDB(66)) - Added db /home/runner/work/ozone/ozone/hadoop-ozone/integration-test/target/test-dir/MiniOzoneClusterImpl-4e6c5432-da36-405d-b7f1-05871ead9573/datanode-0/data-0/containers/hdds/4e6c5432-da36-405d-b7f1-05871ead9573/DS-34f11da3-3293-49e5-918b-9025ecca2710/container.db to cache
2023-06-02 05:15:23,881 [EndpointStateMachine task thread for /0.0.0.0:15002 - 0 ] INFO  volume.HddsVolume (HddsVolume.java:createDbStore(350)) - SchemaV3 db is created and loaded at /home/runner/work/ozone/ozone/hadoop-ozone/integration-test/target/test-dir/MiniOzoneClusterImpl-4e6c5432-da36-405d-b7f1-05871ead9573/datanode-0/data-0/containers/hdds/4e6c5432-da36-405d-b7f1-05871ead9573/DS-34f11da3-3293-49e5-918b-9025ecca2710/container.db for volume DS-34f11da3-3293-49e5-918b-9025ecca2710
2023-06-02 05:15:23,885 [EndpointStateMachine task thread for /0.0.0.0:15002 - 0 ] INFO  ozoneimpl.OzoneContainer (OzoneContainer.java:start(398)) - Attempting to start container services.
2023-06-02 05:15:23,892 [EndpointStateMachine task thread for /0.0.0.0:15002 - 0 ] INFO  ozoneimpl.OzoneContainer (OzoneContainer.java:startContainerScrub(314)) - Scheduled background container scanners and the on-demand container scanner have been disabled.
2023-06-02 05:15:23,896 [EndpointStateMachine task thread for /0.0.0.0:15002 - 0 ] INFO  replication.ReplicationServer (ReplicationServer.java:start(128)) - ReplicationServer is started using port 15016
2023-06-02 05:15:23,896 [EndpointStateMachine task thread for /0.0.0.0:15002 - 0 ] INFO  ratis.XceiverServerRatis (XceiverServerRatis.java:start(517)) - Starting XceiverServerRatis f102c20d-579f-44a7-9197-f839bb943261
2023-06-02 05:15:23,905 [EndpointStateMachine task thread for /0.0.0.0:15002 - 0 ] INFO  server.RaftServer (RaftServerProxy.java:startImpl(400)) - f102c20d-579f-44a7-9197-f839bb943261: start RPC server
2023-06-02 05:15:23,914 [EndpointStateMachine task thread for /0.0.0.0:15002 - 0 ] INFO  server.GrpcService (GrpcService.java:startImpl(302)) - f102c20d-579f-44a7-9197-f839bb943261: GrpcService started, listening on 15012
2023-06-02 05:15:23,919 [EndpointStateMachine task thread for /0.0.0.0:15002 - 0 ] INFO  server.GrpcService (GrpcService.java:startImpl(302)) - f102c20d-579f-44a7-9197-f839bb943261: GrpcService started, listening on 15014
2023-06-02 05:15:23,921 [EndpointStateMachine task thread for /0.0.0.0:15002 - 0 ] INFO  server.GrpcService (GrpcService.java:startImpl(302)) - f102c20d-579f-44a7-9197-f839bb943261: GrpcService started, listening on 15013
2023-06-02 05:15:23,926 [EndpointStateMachine task thread for /0.0.0.0:15002 - 0 ] INFO  ratis.XceiverServerRatis (XceiverServerRatis.java:getRealPort(543)) - XceiverServerRatis f102c20d-579f-44a7-9197-f839bb943261 is started using port 15012 for RATIS
2023-06-02 05:15:23,926 [EndpointStateMachine task thread for /0.0.0.0:15002 - 0 ] INFO  ratis.XceiverServerRatis (XceiverServerRatis.java:getRealPort(543)) - XceiverServerRatis f102c20d-579f-44a7-9197-f839bb943261 is started using port 15013 for RATIS_ADMIN
2023-06-02 05:15:23,926 [EndpointStateMachine task thread for /0.0.0.0:15002 - 0 ] INFO  ratis.XceiverServerRatis (XceiverServerRatis.java:getRealPort(543)) - XceiverServerRatis f102c20d-579f-44a7-9197-f839bb943261 is started using port 15014 for RATIS_SERVER
2023-06-02 05:15:23,926 [EndpointStateMachine task thread for /0.0.0.0:15002 - 0 ] INFO  ratis.XceiverServerRatis (XceiverServerRatis.java:getRealPort(543)) - XceiverServerRatis f102c20d-579f-44a7-9197-f839bb943261 is started using port 15015 for RATIS_DATASTREAM
2023-06-02 05:15:23,927 [JvmPauseMonitor1] INFO  util.JvmPauseMonitor (JvmPauseMonitor.java:run(103)) - JvmPauseMonitor-f102c20d-579f-44a7-9197-f839bb943261: Started
2023-06-02 05:15:23,949 [BlockDeletingService#0] INFO  interfaces.ContainerDeletionChoosingPolicyTemplate (ContainerDeletionChoosingPolicyTemplate.java:chooseContainerForBlockDeletion(83)) - Chosen 0/5000 blocks from 0 candidate containers.
2023-06-02 05:15:24,029 [EndpointStateMachine task thread for /0.0.0.0:15002 - 0 ] INFO  utils.DatanodeStoreCache (DatanodeStoreCache.java:addDB(66)) - Added db /home/runner/work/ozone/ozone/hadoop-ozone/integration-test/target/test-dir/MiniOzoneClusterImpl-4e6c5432-da36-405d-b7f1-05871ead9573/datanode-1/data-0/containers/hdds/4e6c5432-da36-405d-b7f1-05871ead9573/DS-c9989c35-3453-4b54-bc64-abf3035ef7ee/container.db to cache
2023-06-02 05:15:24,031 [EndpointStateMachine task thread for /0.0.0.0:15002 - 0 ] INFO  volume.HddsVolume (HddsVolume.java:createDbStore(350)) - SchemaV3 db is created and loaded at /home/runner/work/ozone/ozone/hadoop-ozone/integration-test/target/test-dir/MiniOzoneClusterImpl-4e6c5432-da36-405d-b7f1-05871ead9573/datanode-1/data-0/containers/hdds/4e6c5432-da36-405d-b7f1-05871ead9573/DS-c9989c35-3453-4b54-bc64-abf3035ef7ee/container.db for volume DS-c9989c35-3453-4b54-bc64-abf3035ef7ee
2023-06-02 05:15:24,032 [EndpointStateMachine task thread for /0.0.0.0:15002 - 0 ] INFO  ozoneimpl.OzoneContainer (OzoneContainer.java:start(398)) - Attempting to start container services.
2023-06-02 05:15:24,033 [EndpointStateMachine task thread for /0.0.0.0:15002 - 0 ] INFO  ozoneimpl.OzoneContainer (OzoneContainer.java:startContainerScrub(314)) - Scheduled background container scanners and the on-demand container scanner have been disabled.
2023-06-02 05:15:24,035 [EndpointStateMachine task thread for /0.0.0.0:15002 - 0 ] INFO  replication.ReplicationServer (ReplicationServer.java:start(128)) - ReplicationServer is started using port 15025
2023-06-02 05:15:24,035 [EndpointStateMachine task thread for /0.0.0.0:15002 - 0 ] INFO  ratis.XceiverServerRatis (XceiverServerRatis.java:start(517)) - Starting XceiverServerRatis 21bba47c-9d70-4b1d-8693-1fcc7960d534
2023-06-02 05:15:24,044 [EndpointStateMachine task thread for /0.0.0.0:15002 - 0 ] INFO  server.RaftServer (RaftServerProxy.java:startImpl(400)) - 21bba47c-9d70-4b1d-8693-1fcc7960d534: start RPC server
2023-06-02 05:15:24,048 [EndpointStateMachine task thread for /0.0.0.0:15002 - 0 ] INFO  server.GrpcService (GrpcService.java:startImpl(302)) - 21bba47c-9d70-4b1d-8693-1fcc7960d534: GrpcService started, listening on 15021
2023-06-02 05:15:24,050 [EndpointStateMachine task thread for /0.0.0.0:15002 - 0 ] INFO  server.GrpcService (GrpcService.java:startImpl(302)) - 21bba47c-9d70-4b1d-8693-1fcc7960d534: GrpcService started, listening on 15023
2023-06-02 05:15:24,056 [EndpointStateMachine task thread for /0.0.0.0:15002 - 0 ] INFO  server.GrpcService (GrpcService.java:startImpl(302)) - 21bba47c-9d70-4b1d-8693-1fcc7960d534: GrpcService started, listening on 15022
2023-06-02 05:15:24,057 [EndpointStateMachine task thread for /0.0.0.0:15002 - 0 ] INFO  ratis.XceiverServerRatis (XceiverServerRatis.java:getRealPort(543)) - XceiverServerRatis 21bba47c-9d70-4b1d-8693-1fcc7960d534 is started using port 15021 for RATIS
2023-06-02 05:15:24,058 [EndpointStateMachine task thread for /0.0.0.0:15002 - 0 ] INFO  ratis.XceiverServerRatis (XceiverServerRatis.java:getRealPort(543)) - XceiverServerRatis 21bba47c-9d70-4b1d-8693-1fcc7960d534 is started using port 15022 for RATIS_ADMIN
2023-06-02 05:15:24,058 [EndpointStateMachine task thread for /0.0.0.0:15002 - 0 ] INFO  ratis.XceiverServerRatis (XceiverServerRatis.java:getRealPort(543)) - XceiverServerRatis 21bba47c-9d70-4b1d-8693-1fcc7960d534 is started using port 15023 for RATIS_SERVER
2023-06-02 05:15:24,058 [EndpointStateMachine task thread for /0.0.0.0:15002 - 0 ] INFO  ratis.XceiverServerRatis (XceiverServerRatis.java:getRealPort(543)) - XceiverServerRatis 21bba47c-9d70-4b1d-8693-1fcc7960d534 is started using port 15024 for RATIS_DATASTREAM
2023-06-02 05:15:24,058 [JvmPauseMonitor2] INFO  util.JvmPauseMonitor (JvmPauseMonitor.java:run(103)) - JvmPauseMonitor-21bba47c-9d70-4b1d-8693-1fcc7960d534: Started
2023-06-02 05:15:24,075 [BlockDeletingService#0] INFO  interfaces.ContainerDeletionChoosingPolicyTemplate (ContainerDeletionChoosingPolicyTemplate.java:chooseContainerForBlockDeletion(83)) - Chosen 0/5000 blocks from 0 candidate containers.
2023-06-02 05:15:24,116 [main] INFO  handler.ContextHandler (ContextHandler.java:doStart(921)) - Started o.e.j.w.WebAppContext@47ead689{hddsDatanode,/,file:///home/runner/work/ozone/ozone/hadoop-ozone/integration-test/target/test-dir/MiniOzoneClusterImpl-4e6c5432-da36-405d-b7f1-05871ead9573/datanode-6/meta/webserver/jetty-0_0_0_0-15063-hdds-container-service-1_4_0-SNAPSHOT_jar-_-any-5978027096474501750/webapp/,AVAILABLE}{jar:file:/home/runner/.m2/repository/org/apache/ozone/hdds-container-service/1.4.0-SNAPSHOT/hdds-container-service-1.4.0-SNAPSHOT.jar!/webapps/hddsDatanode}
2023-06-02 05:15:24,118 [main] INFO  server.AbstractConnector (AbstractConnector.java:doStart(333)) - Started ServerConnector@1bd61926{HTTP/1.1, (http/1.1)}{0.0.0.0:15063}
2023-06-02 05:15:24,119 [main] INFO  server.Server (Server.java:doStart(415)) - Started @14952ms
2023-06-02 05:15:24,119 [main] WARN  impl.MetricsSystemImpl (MetricsSystemImpl.java:register(279)) - Sink prometheus already exists!
2023-06-02 05:15:24,120 [main] INFO  http.BaseHttpServer (BaseHttpServer.java:updateConnectorAddress(344)) - HTTP server of hddsDatanode listening at http://0.0.0.0:15063
2023-06-02 05:15:24,124 [main] INFO  ipc.CallQueueManager (CallQueueManager.java:<init>(90)) - Using callQueue: class java.util.concurrent.LinkedBlockingQueue, queueCapacity: 100, scheduler: class org.apache.hadoop.ipc.DefaultRpcScheduler, ipcBackoff: false.
2023-06-02 05:15:24,125 [Socket Reader #1 for port 15064] INFO  ipc.Server (Server.java:run(1319)) - Starting Socket Reader #1 for port 15064
2023-06-02 05:15:24,130 [Listener at 0.0.0.0/15064] INFO  hdds.HddsUtils (HddsUtils.java:preserveThreadName(843)) - Restoring thread name: main
2023-06-02 05:15:24,132 [main] INFO  ozone.HddsDatanodeService (HddsDatanodeService.java:start(331)) - Datanode start with admins: [runner]
2023-06-02 05:15:24,132 [main] INFO  ozone.HddsDatanodeClientProtocolServer (HddsDatanodeClientProtocolServer.java:start(83)) - RPC server for Client /0.0.0.0:15064
2023-06-02 05:15:24,132 [IPC Server Responder] INFO  ipc.Server (Server.java:run(1558)) - IPC Server Responder: starting
2023-06-02 05:15:24,133 [IPC Server listener on 15064] INFO  ipc.Server (Server.java:run(1398)) - IPC Server listener on 15064: starting
2023-06-02 05:15:24,141 [main] WARN  impl.MetricRegistriesImpl (MetricRegistriesImpl.java:addReporterRegistration(111)) - New reporters are added after registries were created. Some metrics will be missing from the reporter. Please add reporter before adding any new registry.
2023-06-02 05:15:24,141 [main] WARN  impl.MetricRegistriesImpl (MetricRegistriesImpl.java:addReporterRegistration(111)) - New reporters are added after registries were created. Some metrics will be missing from the reporter. Please add reporter before adding any new registry.
2023-06-02 05:15:24,141 [main] INFO  impl.MetricsSystemImpl (MetricsSystemImpl.java:init(158)) - HddsDatanode metrics system started (again)
2023-06-02 05:15:24,147 [Datanode State Machine Daemon Thread] INFO  statemachine.DatanodeStateMachine (DatanodeStateMachine.java:lambda$startDaemon$0(537)) - Ozone container server started.
2023-06-02 05:15:24,158 [main] INFO  ozone.HddsDatanodeService (HddsDatanodeService.java:start(261)) - HddsDatanodeService host:fv-az628-647 ip:10.1.74.1
2023-06-02 05:15:24,159 [org.apache.hadoop.util.JvmPauseMonitor$Monitor@838da1a] INFO  util.JvmPauseMonitor (JvmPauseMonitor.java:run(188)) - Starting JVM pause monitor
2023-06-02 05:15:24,168 [Datanode State Machine Task Thread - 0] INFO  datanode.InitDatanodeState (InitDatanodeState.java:persistContainerDatanodeDetails(138)) - DatanodeDetails is persisted to /home/runner/work/ozone/ozone/hadoop-ozone/integration-test/target/test-dir/MiniOzoneClusterImpl-4e6c5432-da36-405d-b7f1-05871ead9573/datanode-6/meta/datanode.id
2023-06-02 05:15:24,200 [main] INFO  upgrade.AbstractLayoutVersionManager (AbstractLayoutVersionManager.java:init(83)) - Initializing Layout version manager with metadata layout = HADOOP_PRC_PORTS_IN_DATANODEDETAILS (version = 7), software layout = HADOOP_PRC_PORTS_IN_DATANODEDETAILS (version = 7)
2023-06-02 05:15:24,201 [main] INFO  statemachine.DatanodeStateMachine (DatanodeStateMachine.java:getEndPointTaskThreadPoolSize(275)) - Datanode State Machine Task Thread Pool size 2
2023-06-02 05:15:24,204 [main] INFO  volume.HddsVolume (HddsVolume.java:<init>(130)) - Creating HddsVolume: /home/runner/work/ozone/ozone/hadoop-ozone/integration-test/target/test-dir/MiniOzoneClusterImpl-4e6c5432-da36-405d-b7f1-05871ead9573/datanode-7/data-0/containers/hdds of storage type : DISK capacity : 9223372036854775807
2023-06-02 05:15:24,204 [main] INFO  volume.MutableVolumeSet (MutableVolumeSet.java:initializeVolumeSet(175)) - Added Volume : /home/runner/work/ozone/ozone/hadoop-ozone/integration-test/target/test-dir/MiniOzoneClusterImpl-4e6c5432-da36-405d-b7f1-05871ead9573/datanode-7/data-0/containers/hdds to VolumeSet
2023-06-02 05:15:24,205 [main] INFO  volume.ThrottledAsyncChecker (ThrottledAsyncChecker.java:schedule(141)) - Scheduling a check for /home/runner/work/ozone/ozone/hadoop-ozone/integration-test/target/test-dir/MiniOzoneClusterImpl-4e6c5432-da36-405d-b7f1-05871ead9573/datanode-7/data-0/containers/hdds
2023-06-02 05:15:24,206 [main] INFO  volume.StorageVolumeChecker (StorageVolumeChecker.java:checkAllVolumes(202)) - Scheduled health check for volume /home/runner/work/ozone/ozone/hadoop-ozone/integration-test/target/test-dir/MiniOzoneClusterImpl-4e6c5432-da36-405d-b7f1-05871ead9573/datanode-7/data-0/containers/hdds
2023-06-02 05:15:24,224 [main] INFO  volume.MutableVolumeSet (MutableVolumeSet.java:initializeVolumeSet(175)) - Added Volume : /home/runner/work/ozone/ozone/hadoop-ozone/integration-test/target/test-dir/MiniOzoneClusterImpl-4e6c5432-da36-405d-b7f1-05871ead9573/datanode-7/data/ratis to VolumeSet
2023-06-02 05:15:24,224 [main] INFO  volume.ThrottledAsyncChecker (ThrottledAsyncChecker.java:schedule(141)) - Scheduling a check for /home/runner/work/ozone/ozone/hadoop-ozone/integration-test/target/test-dir/MiniOzoneClusterImpl-4e6c5432-da36-405d-b7f1-05871ead9573/datanode-7/data/ratis
2023-06-02 05:15:24,224 [main] INFO  volume.StorageVolumeChecker (StorageVolumeChecker.java:checkAllVolumes(202)) - Scheduled health check for volume /home/runner/work/ozone/ozone/hadoop-ozone/integration-test/target/test-dir/MiniOzoneClusterImpl-4e6c5432-da36-405d-b7f1-05871ead9573/datanode-7/data/ratis
2023-06-02 05:15:24,242 [Thread-279] INFO  ozoneimpl.ContainerReader (ContainerReader.java:readVolume(175)) - Finish verifying containers on volume /home/runner/work/ozone/ozone/hadoop-ozone/integration-test/target/test-dir/MiniOzoneClusterImpl-4e6c5432-da36-405d-b7f1-05871ead9573/datanode-7/data-0/containers/hdds
2023-06-02 05:15:24,242 [main] INFO  ozoneimpl.OzoneContainer (OzoneContainer.java:buildContainerSet(303)) - Build ContainerSet costs 0s
2023-06-02 05:15:24,253 [main] INFO  server.RaftServer (ConfUtils.java:logGet(46)) - raft.rpc.type = GRPC (default)
2023-06-02 05:15:24,253 [main] INFO  grpc.GrpcConfigKeys (ConfUtils.java:logFallback(53)) - raft.grpc.admin.host = null (fallback to raft.grpc.server.host)
2023-06-02 05:15:24,253 [main] INFO  grpc.GrpcConfigKeys (ConfUtils.java:logGet(46)) - raft.grpc.admin.port = 15076 (custom)
2023-06-02 05:15:24,253 [main] INFO  grpc.GrpcConfigKeys (ConfUtils.java:logFallback(53)) - raft.grpc.client.host = null (fallback to raft.grpc.server.host)
2023-06-02 05:15:24,253 [main] INFO  grpc.GrpcConfigKeys (ConfUtils.java:logGet(46)) - raft.grpc.client.port = 15075 (custom)
2023-06-02 05:15:24,254 [main] INFO  grpc.GrpcConfigKeys (ConfUtils.java:logGet(46)) - raft.grpc.server.host = null (default)
2023-06-02 05:15:24,254 [main] INFO  grpc.GrpcConfigKeys (ConfUtils.java:logGet(46)) - raft.grpc.server.port = 15077 (custom)
2023-06-02 05:15:24,254 [main] INFO  server.GrpcService (ConfUtils.java:logGet(46)) - raft.grpc.message.size.max = 32MB (=33554432) (custom)
2023-06-02 05:15:24,255 [main] INFO  server.RaftServerConfigKeys (ConfUtils.java:logGet(46)) - raft.server.log.appender.buffer.byte-limit = 33554432 (custom)
2023-06-02 05:15:24,255 [main] INFO  server.GrpcService (ConfUtils.java:logGet(46)) - raft.grpc.flow.control.window = 5MB (=5242880) (custom)
2023-06-02 05:15:24,255 [main] INFO  server.RaftServerConfigKeys (ConfUtils.java:logGet(46)) - raft.server.rpc.request.timeout = 60s (custom)
2023-06-02 05:15:24,255 [main] INFO  grpc.GrpcConfigKeys (ConfUtils.java:logGet(46)) - raft.grpc.server.heartbeat.channel = true (default)
2023-06-02 05:15:24,255 [main] INFO  grpc.GrpcConfigKeys (ConfUtils.java:logGet(46)) - raft.grpc.server.async.request.thread.pool.cached = true (default)
2023-06-02 05:15:24,256 [main] INFO  grpc.GrpcConfigKeys (ConfUtils.java:logGet(46)) - raft.grpc.server.async.request.thread.pool.size = 32 (default)
2023-06-02 05:15:24,261 [main] INFO  impl.DataStreamServerImpl (ConfUtils.java:logGet(46)) - raft.datastream.type = NETTY (custom)
2023-06-02 05:15:24,265 [main] INFO  server.RaftServerConfigKeys (ConfUtils.java:logGet(46)) - raft.server.data-stream.async.request.thread.pool.cached = false (default)
2023-06-02 05:15:24,266 [main] INFO  server.RaftServerConfigKeys (ConfUtils.java:logGet(46)) - raft.server.data-stream.async.request.thread.pool.size = 20 (custom)
2023-06-02 05:15:24,266 [main] INFO  server.RaftServerConfigKeys (ConfUtils.java:logGet(46)) - raft.server.data-stream.async.write.thread.pool.size = 16 (default)
2023-06-02 05:15:24,266 [main] INFO  server.RaftServerConfigKeys (ConfUtils.java:logGet(46)) - raft.server.data-stream.client.pool.size = 10 (default)
2023-06-02 05:15:24,266 [main] INFO  netty.NettyConfigKeys$DataStream (ConfUtils.java:logGet(46)) - raft.netty.dataStream.server.use-epoll = false (default)
2023-06-02 05:15:24,266 [main] INFO  netty.NettyConfigKeys$DataStream (ConfUtils.java:logGet(46)) - raft.netty.dataStream.server.boss-group.size = 0 (default)
2023-06-02 05:15:24,268 [main] INFO  netty.NettyConfigKeys$DataStream (ConfUtils.java:logGet(46)) - raft.netty.dataStream.server.worker-group.size = 0 (default)
2023-06-02 05:15:24,268 [main] INFO  netty.NettyConfigKeys$DataStream (ConfUtils.java:logGet(46)) - raft.netty.dataStream.server.tls.conf = null (default)
2023-06-02 05:15:24,268 [main] INFO  netty.NettyConfigKeys$DataStream (ConfUtils.java:logGet(46)) - raft.netty.dataStream.host = null (default)
2023-06-02 05:15:24,269 [main] INFO  netty.NettyConfigKeys$DataStream (ConfUtils.java:logGet(46)) - raft.netty.dataStream.port = 15078 (custom)
2023-06-02 05:15:24,269 [main] INFO  server.RaftServerConfigKeys (ConfUtils.java:logGet(46)) - raft.server.threadpool.proxy.cached = true (default)
2023-06-02 05:15:24,269 [main] INFO  server.RaftServerConfigKeys (ConfUtils.java:logGet(46)) - raft.server.threadpool.proxy.size = 0 (default)
2023-06-02 05:15:24,271 [638bdbe3-f7a3-4715-ad07-0d6e98de3b67-NettyServerStreamRpc-bossGroup--thread1] INFO  logging.LoggingHandler (AbstractInternalLogger.java:log(148)) - [id: 0xc5fb7c8f] REGISTERED
2023-06-02 05:15:24,272 [638bdbe3-f7a3-4715-ad07-0d6e98de3b67-NettyServerStreamRpc-bossGroup--thread1] INFO  logging.LoggingHandler (AbstractInternalLogger.java:log(148)) - [id: 0xc5fb7c8f] BIND: 0.0.0.0/0.0.0.0:15078
2023-06-02 05:15:24,272 [638bdbe3-f7a3-4715-ad07-0d6e98de3b67-NettyServerStreamRpc-bossGroup--thread1] INFO  logging.LoggingHandler (AbstractInternalLogger.java:log(148)) - [id: 0xc5fb7c8f, L:/0:0:0:0:0:0:0:0:15078] ACTIVE
2023-06-02 05:15:24,272 [main] INFO  server.RaftServerConfigKeys (ConfUtils.java:logGet(46)) - raft.server.rpc.slowness.timeout = 300s (custom)
2023-06-02 05:15:24,272 [main] INFO  server.RaftServerConfigKeys (ConfUtils.java:logGet(46)) - raft.server.leaderelection.leader.step-down.wait-time = 10s (default)
2023-06-02 05:15:24,273 [main] INFO  server.RaftServerConfigKeys (ConfUtils.java:logGet(46)) - raft.server.storage.dir = [/home/runner/work/ozone/ozone/hadoop-ozone/integration-test/target/test-dir/MiniOzoneClusterImpl-4e6c5432-da36-405d-b7f1-05871ead9573/datanode-7/data/ratis] (custom)
2023-06-02 05:15:24,278 [main] INFO  server.XceiverServerGrpc (XceiverServerGrpc.java:<init>(132)) - GrpcServer channel type EpollServerSocketChannel
2023-06-02 05:15:24,282 [main] INFO  replication.ReplicationSupervisor (ReplicationSupervisor.java:nodeStateUpdated(296)) - Node state updated to IN_SERVICE, scaling executor pool size to 10
2023-06-02 05:15:24,284 [main] INFO  token.OzoneBlockTokenSecretManager (OzoneSecretManager.java:updateCurrentKey(175)) - Updating current master key for generating tokens. Cert id 3622618384929
2023-06-02 05:15:24,286 [main] INFO  http.BaseHttpServer (BaseHttpServer.java:newHttpServer2BuilderForOzone(224)) - Starting Web-server for hddsDatanode at: http://0.0.0.0:15072
2023-06-02 05:15:24,286 [main] INFO  http.BaseHttpServer (BaseHttpServer.java:<init>(111)) - Hadoop Security Enabled: false Ozone Security Enabled: false Ozone HTTP Security Enabled: false 
2023-06-02 05:15:24,287 [main] WARN  server.AuthenticationFilter (AuthenticationFilter.java:constructSecretProvider(240)) - Unable to initialize FileSignerSecretProvider, falling back to use random secrets. Reason: Could not read signature secret file: /home/runner/hadoop-http-auth-signature-secret
2023-06-02 05:15:24,288 [main] INFO  http.HttpRequestLog (HttpRequestLog.java:getRequestLog(86)) - Http request log for http.requests.hddsDatanode is not defined
2023-06-02 05:15:24,289 [main] INFO  http.HttpServer2 (HttpServer2.java:addGlobalFilter(1031)) - Added global filter 'safety' (class=org.apache.hadoop.hdds.server.http.HttpServer2$QuotingInputFilter)
2023-06-02 05:15:24,290 [main] INFO  http.HttpServer2 (HttpServer2.java:addFilter(1007)) - Added filter static_user_filter (class=org.apache.hadoop.http.lib.StaticUserWebFilter$StaticUserFilter) to context hddsDatanode
2023-06-02 05:15:24,290 [main] INFO  http.HttpServer2 (HttpServer2.java:addFilter(1015)) - Added filter static_user_filter (class=org.apache.hadoop.http.lib.StaticUserWebFilter$StaticUserFilter) to context static
2023-06-02 05:15:24,291 [main] INFO  http.HttpServer2 (HttpServer2.java:addFilter(1015)) - Added filter static_user_filter (class=org.apache.hadoop.http.lib.StaticUserWebFilter$StaticUserFilter) to context logs
2023-06-02 05:15:24,291 [main] INFO  http.BaseHttpServer (BaseHttpServer.java:<init>(190)) - HTTP server of hddsDatanode uses base directory /home/runner/work/ozone/ozone/hadoop-ozone/integration-test/target/test-dir/MiniOzoneClusterImpl-4e6c5432-da36-405d-b7f1-05871ead9573/datanode-7/meta/webserver
2023-06-02 05:15:24,292 [main] INFO  http.HttpServer2 (HttpServer2.java:bindListener(1250)) - Jetty bound to port 15072
2023-06-02 05:15:24,292 [main] INFO  server.Server (Server.java:doStart(375)) - jetty-9.4.51.v20230217; built: 2023-02-17T08:19:37.309Z; git: b45c405e4544384de066f814ed42ae3dceacdd49; jvm 1.8.0_372-b07
2023-06-02 05:15:24,293 [main] INFO  server.session (DefaultSessionIdManager.java:doStart(334)) - DefaultSessionIdManager workerName=node0
2023-06-02 05:15:24,294 [main] INFO  server.session (DefaultSessionIdManager.java:doStart(339)) - No SessionScavenger set, using defaults
2023-06-02 05:15:24,294 [main] INFO  server.session (HouseKeeper.java:startScavenging(132)) - node0 Scavenging every 660000ms
2023-06-02 05:15:24,297 [main] INFO  handler.ContextHandler (ContextHandler.java:doStart(921)) - Started o.e.j.s.ServletContextHandler@77f6aa88{logs,/logs,file:///home/runner/work/ozone/ozone/hadoop-ozone/integration-test/target/log,AVAILABLE}
2023-06-02 05:15:24,297 [main] INFO  handler.ContextHandler (ContextHandler.java:doStart(921)) - Started o.e.j.s.ServletContextHandler@1128f52c{static,/static,jar:file:/home/runner/.m2/repository/org/apache/ozone/hdds-container-service/1.4.0-SNAPSHOT/hdds-container-service-1.4.0-SNAPSHOT.jar!/webapps/static,AVAILABLE}
2023-06-02 05:15:24,616 [EndpointStateMachine task thread for /0.0.0.0:15002 - 0 ] INFO  utils.DatanodeStoreCache (DatanodeStoreCache.java:addDB(66)) - Added db /home/runner/work/ozone/ozone/hadoop-ozone/integration-test/target/test-dir/MiniOzoneClusterImpl-4e6c5432-da36-405d-b7f1-05871ead9573/datanode-2/data-0/containers/hdds/4e6c5432-da36-405d-b7f1-05871ead9573/DS-6ddc6fe6-ee9b-4dbb-a213-e9882e8bfc4c/container.db to cache
2023-06-02 05:15:24,616 [EndpointStateMachine task thread for /0.0.0.0:15002 - 0 ] INFO  volume.HddsVolume (HddsVolume.java:createDbStore(350)) - SchemaV3 db is created and loaded at /home/runner/work/ozone/ozone/hadoop-ozone/integration-test/target/test-dir/MiniOzoneClusterImpl-4e6c5432-da36-405d-b7f1-05871ead9573/datanode-2/data-0/containers/hdds/4e6c5432-da36-405d-b7f1-05871ead9573/DS-6ddc6fe6-ee9b-4dbb-a213-e9882e8bfc4c/container.db for volume DS-6ddc6fe6-ee9b-4dbb-a213-e9882e8bfc4c
2023-06-02 05:15:24,618 [JvmPauseMonitor1] WARN  util.JvmPauseMonitor (JvmPauseMonitor.java:detectPause(124)) - JvmPauseMonitor-f102c20d-579f-44a7-9197-f839bb943261: Detected pause in JVM or host machine approximately 0.186s with 0.192s GC time.
GC pool 'PS MarkSweep' had collection(s): count=1 time=159ms
GC pool 'PS Scavenge' had collection(s): count=1 time=33ms
2023-06-02 05:15:24,622 [EndpointStateMachine task thread for /0.0.0.0:15002 - 0 ] INFO  ozoneimpl.OzoneContainer (OzoneContainer.java:start(398)) - Attempting to start container services.
2023-06-02 05:15:24,622 [EndpointStateMachine task thread for /0.0.0.0:15002 - 0 ] INFO  ozoneimpl.OzoneContainer (OzoneContainer.java:startContainerScrub(314)) - Scheduled background container scanners and the on-demand container scanner have been disabled.
2023-06-02 05:15:24,635 [EndpointStateMachine task thread for /0.0.0.0:15002 - 0 ] INFO  replication.ReplicationServer (ReplicationServer.java:start(128)) - ReplicationServer is started using port 15034
2023-06-02 05:15:24,635 [EndpointStateMachine task thread for /0.0.0.0:15002 - 0 ] INFO  ratis.XceiverServerRatis (XceiverServerRatis.java:start(517)) - Starting XceiverServerRatis f140acff-7aed-42b1-955f-393a22e760fa
2023-06-02 05:15:24,651 [EndpointStateMachine task thread for /0.0.0.0:15002 - 0 ] INFO  server.RaftServer (RaftServerProxy.java:startImpl(400)) - f140acff-7aed-42b1-955f-393a22e760fa: start RPC server
2023-06-02 05:15:24,654 [EndpointStateMachine task thread for /0.0.0.0:15002 - 0 ] INFO  server.GrpcService (GrpcService.java:startImpl(302)) - f140acff-7aed-42b1-955f-393a22e760fa: GrpcService started, listening on 15030
2023-06-02 05:15:24,656 [EndpointStateMachine task thread for /0.0.0.0:15002 - 0 ] INFO  server.GrpcService (GrpcService.java:startImpl(302)) - f140acff-7aed-42b1-955f-393a22e760fa: GrpcService started, listening on 15032
2023-06-02 05:15:24,659 [EndpointStateMachine task thread for /0.0.0.0:15002 - 0 ] INFO  server.GrpcService (GrpcService.java:startImpl(302)) - f140acff-7aed-42b1-955f-393a22e760fa: GrpcService started, listening on 15031
2023-06-02 05:15:24,662 [EndpointStateMachine task thread for /0.0.0.0:15002 - 0 ] INFO  ratis.XceiverServerRatis (XceiverServerRatis.java:getRealPort(543)) - XceiverServerRatis f140acff-7aed-42b1-955f-393a22e760fa is started using port 15030 for RATIS
2023-06-02 05:15:24,662 [EndpointStateMachine task thread for /0.0.0.0:15002 - 0 ] INFO  ratis.XceiverServerRatis (XceiverServerRatis.java:getRealPort(543)) - XceiverServerRatis f140acff-7aed-42b1-955f-393a22e760fa is started using port 15031 for RATIS_ADMIN
2023-06-02 05:15:24,663 [EndpointStateMachine task thread for /0.0.0.0:15002 - 0 ] INFO  ratis.XceiverServerRatis (XceiverServerRatis.java:getRealPort(543)) - XceiverServerRatis f140acff-7aed-42b1-955f-393a22e760fa is started using port 15032 for RATIS_SERVER
2023-06-02 05:15:24,663 [EndpointStateMachine task thread for /0.0.0.0:15002 - 0 ] INFO  ratis.XceiverServerRatis (XceiverServerRatis.java:getRealPort(543)) - XceiverServerRatis f140acff-7aed-42b1-955f-393a22e760fa is started using port 15033 for RATIS_DATASTREAM
2023-06-02 05:15:24,663 [JvmPauseMonitor3] INFO  util.JvmPauseMonitor (JvmPauseMonitor.java:run(103)) - JvmPauseMonitor-f140acff-7aed-42b1-955f-393a22e760fa: Started
2023-06-02 05:15:24,678 [BlockDeletingService#0] INFO  interfaces.ContainerDeletionChoosingPolicyTemplate (ContainerDeletionChoosingPolicyTemplate.java:chooseContainerForBlockDeletion(83)) - Chosen 0/5000 blocks from 0 candidate containers.
2023-06-02 05:15:24,815 [EndpointStateMachine task thread for /0.0.0.0:15002 - 0 ] INFO  utils.DatanodeStoreCache (DatanodeStoreCache.java:addDB(66)) - Added db /home/runner/work/ozone/ozone/hadoop-ozone/integration-test/target/test-dir/MiniOzoneClusterImpl-4e6c5432-da36-405d-b7f1-05871ead9573/datanode-3/data-0/containers/hdds/4e6c5432-da36-405d-b7f1-05871ead9573/DS-6d20db16-693b-4287-b8a7-6488cc9c6d18/container.db to cache
2023-06-02 05:15:24,815 [EndpointStateMachine task thread for /0.0.0.0:15002 - 0 ] INFO  volume.HddsVolume (HddsVolume.java:createDbStore(350)) - SchemaV3 db is created and loaded at /home/runner/work/ozone/ozone/hadoop-ozone/integration-test/target/test-dir/MiniOzoneClusterImpl-4e6c5432-da36-405d-b7f1-05871ead9573/datanode-3/data-0/containers/hdds/4e6c5432-da36-405d-b7f1-05871ead9573/DS-6d20db16-693b-4287-b8a7-6488cc9c6d18/container.db for volume DS-6d20db16-693b-4287-b8a7-6488cc9c6d18
2023-06-02 05:15:24,816 [main] INFO  handler.ContextHandler (ContextHandler.java:doStart(921)) - Started o.e.j.w.WebAppContext@442c429e{hddsDatanode,/,file:///home/runner/work/ozone/ozone/hadoop-ozone/integration-test/target/test-dir/MiniOzoneClusterImpl-4e6c5432-da36-405d-b7f1-05871ead9573/datanode-7/meta/webserver/jetty-0_0_0_0-15072-hdds-container-service-1_4_0-SNAPSHOT_jar-_-any-142829930105263187/webapp/,AVAILABLE}{jar:file:/home/runner/.m2/repository/org/apache/ozone/hdds-container-service/1.4.0-SNAPSHOT/hdds-container-service-1.4.0-SNAPSHOT.jar!/webapps/hddsDatanode}
2023-06-02 05:15:24,818 [main] INFO  server.AbstractConnector (AbstractConnector.java:doStart(333)) - Started ServerConnector@490f4b47{HTTP/1.1, (http/1.1)}{0.0.0.0:15072}
2023-06-02 05:15:24,819 [EndpointStateMachine task thread for /0.0.0.0:15002 - 0 ] INFO  ozoneimpl.OzoneContainer (OzoneContainer.java:start(398)) - Attempting to start container services.
2023-06-02 05:15:24,821 [main] INFO  server.Server (Server.java:doStart(415)) - Started @15651ms
2023-06-02 05:15:24,821 [main] WARN  impl.MetricsSystemImpl (MetricsSystemImpl.java:register(279)) - Sink prometheus already exists!
2023-06-02 05:15:24,821 [EndpointStateMachine task thread for /0.0.0.0:15002 - 0 ] INFO  ozoneimpl.OzoneContainer (OzoneContainer.java:startContainerScrub(314)) - Scheduled background container scanners and the on-demand container scanner have been disabled.
2023-06-02 05:15:24,822 [main] INFO  http.BaseHttpServer (BaseHttpServer.java:updateConnectorAddress(344)) - HTTP server of hddsDatanode listening at http://0.0.0.0:15072
2023-06-02 05:15:24,830 [main] INFO  ipc.CallQueueManager (CallQueueManager.java:<init>(90)) - Using callQueue: class java.util.concurrent.LinkedBlockingQueue, queueCapacity: 100, scheduler: class org.apache.hadoop.ipc.DefaultRpcScheduler, ipcBackoff: false.
2023-06-02 05:15:24,832 [EndpointStateMachine task thread for /0.0.0.0:15002 - 0 ] INFO  replication.ReplicationServer (ReplicationServer.java:start(128)) - ReplicationServer is started using port 15043
2023-06-02 05:15:24,832 [EndpointStateMachine task thread for /0.0.0.0:15002 - 0 ] INFO  ratis.XceiverServerRatis (XceiverServerRatis.java:start(517)) - Starting XceiverServerRatis 45087365-1608-4817-8e49-1b233997f081
2023-06-02 05:15:24,834 [Socket Reader #1 for port 15073] INFO  ipc.Server (Server.java:run(1319)) - Starting Socket Reader #1 for port 15073
2023-06-02 05:15:24,846 [Listener at 0.0.0.0/15073] INFO  hdds.HddsUtils (HddsUtils.java:preserveThreadName(843)) - Restoring thread name: main
2023-06-02 05:15:24,847 [main] INFO  ozone.HddsDatanodeService (HddsDatanodeService.java:start(331)) - Datanode start with admins: [runner]
2023-06-02 05:15:24,847 [main] INFO  ozone.HddsDatanodeClientProtocolServer (HddsDatanodeClientProtocolServer.java:start(83)) - RPC server for Client /0.0.0.0:15073
2023-06-02 05:15:24,848 [IPC Server Responder] INFO  ipc.Server (Server.java:run(1558)) - IPC Server Responder: starting
2023-06-02 05:15:24,848 [IPC Server listener on 15073] INFO  ipc.Server (Server.java:run(1398)) - IPC Server listener on 15073: starting
2023-06-02 05:15:24,848 [Datanode State Machine Daemon Thread] INFO  statemachine.DatanodeStateMachine (DatanodeStateMachine.java:lambda$startDaemon$0(537)) - Ozone container server started.
2023-06-02 05:15:24,849 [main] WARN  impl.MetricRegistriesImpl (MetricRegistriesImpl.java:addReporterRegistration(111)) - New reporters are added after registries were created. Some metrics will be missing from the reporter. Please add reporter before adding any new registry.
2023-06-02 05:15:24,849 [main] WARN  impl.MetricRegistriesImpl (MetricRegistriesImpl.java:addReporterRegistration(111)) - New reporters are added after registries were created. Some metrics will be missing from the reporter. Please add reporter before adding any new registry.
2023-06-02 05:15:24,849 [main] INFO  impl.MetricsSystemImpl (MetricsSystemImpl.java:init(158)) - HddsDatanode metrics system started (again)
2023-06-02 05:15:24,872 [main] INFO  ozone.HddsDatanodeService (HddsDatanodeService.java:start(261)) - HddsDatanodeService host:fv-az628-647 ip:10.1.74.1
2023-06-02 05:15:24,874 [EndpointStateMachine task thread for /0.0.0.0:15002 - 0 ] INFO  server.RaftServer (RaftServerProxy.java:startImpl(400)) - 45087365-1608-4817-8e49-1b233997f081: start RPC server
2023-06-02 05:15:24,885 [org.apache.hadoop.util.JvmPauseMonitor$Monitor@75175d45] INFO  util.JvmPauseMonitor (JvmPauseMonitor.java:run(188)) - Starting JVM pause monitor
2023-06-02 05:15:24,890 [EndpointStateMachine task thread for /0.0.0.0:15002 - 0 ] INFO  server.GrpcService (GrpcService.java:startImpl(302)) - 45087365-1608-4817-8e49-1b233997f081: GrpcService started, listening on 15039
2023-06-02 05:15:24,894 [EndpointStateMachine task thread for /0.0.0.0:15002 - 0 ] INFO  server.GrpcService (GrpcService.java:startImpl(302)) - 45087365-1608-4817-8e49-1b233997f081: GrpcService started, listening on 15041
2023-06-02 05:15:24,899 [EndpointStateMachine task thread for /0.0.0.0:15002 - 0 ] INFO  server.GrpcService (GrpcService.java:startImpl(302)) - 45087365-1608-4817-8e49-1b233997f081: GrpcService started, listening on 15040
2023-06-02 05:15:24,899 [EndpointStateMachine task thread for /0.0.0.0:15002 - 0 ] INFO  ratis.XceiverServerRatis (XceiverServerRatis.java:getRealPort(543)) - XceiverServerRatis 45087365-1608-4817-8e49-1b233997f081 is started using port 15039 for RATIS
2023-06-02 05:15:24,899 [EndpointStateMachine task thread for /0.0.0.0:15002 - 0 ] INFO  ratis.XceiverServerRatis (XceiverServerRatis.java:getRealPort(543)) - XceiverServerRatis 45087365-1608-4817-8e49-1b233997f081 is started using port 15040 for RATIS_ADMIN
2023-06-02 05:15:24,900 [EndpointStateMachine task thread for /0.0.0.0:15002 - 0 ] INFO  ratis.XceiverServerRatis (XceiverServerRatis.java:getRealPort(543)) - XceiverServerRatis 45087365-1608-4817-8e49-1b233997f081 is started using port 15041 for RATIS_SERVER
2023-06-02 05:15:24,900 [EndpointStateMachine task thread for /0.0.0.0:15002 - 0 ] INFO  ratis.XceiverServerRatis (XceiverServerRatis.java:getRealPort(543)) - XceiverServerRatis 45087365-1608-4817-8e49-1b233997f081 is started using port 15042 for RATIS_DATASTREAM
2023-06-02 05:15:24,904 [Datanode State Machine Task Thread - 0] INFO  datanode.InitDatanodeState (InitDatanodeState.java:persistContainerDatanodeDetails(138)) - DatanodeDetails is persisted to /home/runner/work/ozone/ozone/hadoop-ozone/integration-test/target/test-dir/MiniOzoneClusterImpl-4e6c5432-da36-405d-b7f1-05871ead9573/datanode-7/meta/datanode.id
2023-06-02 05:15:24,906 [JvmPauseMonitor4] INFO  util.JvmPauseMonitor (JvmPauseMonitor.java:run(103)) - JvmPauseMonitor-45087365-1608-4817-8e49-1b233997f081: Started
2023-06-02 05:15:24,918 [main] INFO  upgrade.AbstractLayoutVersionManager (AbstractLayoutVersionManager.java:init(83)) - Initializing Layout version manager with metadata layout = HADOOP_PRC_PORTS_IN_DATANODEDETAILS (version = 7), software layout = HADOOP_PRC_PORTS_IN_DATANODEDETAILS (version = 7)
2023-06-02 05:15:24,919 [main] INFO  statemachine.DatanodeStateMachine (DatanodeStateMachine.java:getEndPointTaskThreadPoolSize(275)) - Datanode State Machine Task Thread Pool size 2
2023-06-02 05:15:24,921 [main] INFO  volume.HddsVolume (HddsVolume.java:<init>(130)) - Creating HddsVolume: /home/runner/work/ozone/ozone/hadoop-ozone/integration-test/target/test-dir/MiniOzoneClusterImpl-4e6c5432-da36-405d-b7f1-05871ead9573/datanode-8/data-0/containers/hdds of storage type : DISK capacity : 9223372036854775807
2023-06-02 05:15:24,921 [main] INFO  volume.MutableVolumeSet (MutableVolumeSet.java:initializeVolumeSet(175)) - Added Volume : /home/runner/work/ozone/ozone/hadoop-ozone/integration-test/target/test-dir/MiniOzoneClusterImpl-4e6c5432-da36-405d-b7f1-05871ead9573/datanode-8/data-0/containers/hdds to VolumeSet
2023-06-02 05:15:24,922 [main] INFO  volume.ThrottledAsyncChecker (ThrottledAsyncChecker.java:schedule(141)) - Scheduling a check for /home/runner/work/ozone/ozone/hadoop-ozone/integration-test/target/test-dir/MiniOzoneClusterImpl-4e6c5432-da36-405d-b7f1-05871ead9573/datanode-8/data-0/containers/hdds
2023-06-02 05:15:24,925 [main] INFO  volume.StorageVolumeChecker (StorageVolumeChecker.java:checkAllVolumes(202)) - Scheduled health check for volume /home/runner/work/ozone/ozone/hadoop-ozone/integration-test/target/test-dir/MiniOzoneClusterImpl-4e6c5432-da36-405d-b7f1-05871ead9573/datanode-8/data-0/containers/hdds
2023-06-02 05:15:24,925 [BlockDeletingService#0] INFO  interfaces.ContainerDeletionChoosingPolicyTemplate (ContainerDeletionChoosingPolicyTemplate.java:chooseContainerForBlockDeletion(83)) - Chosen 0/5000 blocks from 0 candidate containers.
2023-06-02 05:15:24,943 [main] INFO  volume.MutableVolumeSet (MutableVolumeSet.java:initializeVolumeSet(175)) - Added Volume : /home/runner/work/ozone/ozone/hadoop-ozone/integration-test/target/test-dir/MiniOzoneClusterImpl-4e6c5432-da36-405d-b7f1-05871ead9573/datanode-8/data/ratis to VolumeSet
2023-06-02 05:15:24,943 [main] INFO  volume.ThrottledAsyncChecker (ThrottledAsyncChecker.java:schedule(141)) - Scheduling a check for /home/runner/work/ozone/ozone/hadoop-ozone/integration-test/target/test-dir/MiniOzoneClusterImpl-4e6c5432-da36-405d-b7f1-05871ead9573/datanode-8/data/ratis
2023-06-02 05:15:24,945 [main] INFO  volume.StorageVolumeChecker (StorageVolumeChecker.java:checkAllVolumes(202)) - Scheduled health check for volume /home/runner/work/ozone/ozone/hadoop-ozone/integration-test/target/test-dir/MiniOzoneClusterImpl-4e6c5432-da36-405d-b7f1-05871ead9573/datanode-8/data/ratis
2023-06-02 05:15:24,958 [Thread-307] INFO  ozoneimpl.ContainerReader (ContainerReader.java:readVolume(175)) - Finish verifying containers on volume /home/runner/work/ozone/ozone/hadoop-ozone/integration-test/target/test-dir/MiniOzoneClusterImpl-4e6c5432-da36-405d-b7f1-05871ead9573/datanode-8/data-0/containers/hdds
2023-06-02 05:15:24,959 [main] INFO  ozoneimpl.OzoneContainer (OzoneContainer.java:buildContainerSet(303)) - Build ContainerSet costs 0s
2023-06-02 05:15:24,964 [main] INFO  server.RaftServer (ConfUtils.java:logGet(46)) - raft.rpc.type = GRPC (default)
2023-06-02 05:15:24,965 [main] INFO  grpc.GrpcConfigKeys (ConfUtils.java:logFallback(53)) - raft.grpc.admin.host = null (fallback to raft.grpc.server.host)
2023-06-02 05:15:24,965 [main] INFO  grpc.GrpcConfigKeys (ConfUtils.java:logGet(46)) - raft.grpc.admin.port = 15085 (custom)
2023-06-02 05:15:24,966 [main] INFO  grpc.GrpcConfigKeys (ConfUtils.java:logFallback(53)) - raft.grpc.client.host = null (fallback to raft.grpc.server.host)
2023-06-02 05:15:24,966 [main] INFO  grpc.GrpcConfigKeys (ConfUtils.java:logGet(46)) - raft.grpc.client.port = 15084 (custom)
2023-06-02 05:15:24,966 [main] INFO  grpc.GrpcConfigKeys (ConfUtils.java:logGet(46)) - raft.grpc.server.host = null (default)
2023-06-02 05:15:24,966 [main] INFO  grpc.GrpcConfigKeys (ConfUtils.java:logGet(46)) - raft.grpc.server.port = 15086 (custom)
2023-06-02 05:15:24,967 [main] INFO  server.GrpcService (ConfUtils.java:logGet(46)) - raft.grpc.message.size.max = 32MB (=33554432) (custom)
2023-06-02 05:15:24,967 [main] INFO  server.RaftServerConfigKeys (ConfUtils.java:logGet(46)) - raft.server.log.appender.buffer.byte-limit = 33554432 (custom)
2023-06-02 05:15:24,967 [main] INFO  server.GrpcService (ConfUtils.java:logGet(46)) - raft.grpc.flow.control.window = 5MB (=5242880) (custom)
2023-06-02 05:15:24,967 [main] INFO  server.RaftServerConfigKeys (ConfUtils.java:logGet(46)) - raft.server.rpc.request.timeout = 60s (custom)
2023-06-02 05:15:24,967 [main] INFO  grpc.GrpcConfigKeys (ConfUtils.java:logGet(46)) - raft.grpc.server.heartbeat.channel = true (default)
2023-06-02 05:15:24,968 [main] INFO  grpc.GrpcConfigKeys (ConfUtils.java:logGet(46)) - raft.grpc.server.async.request.thread.pool.cached = true (default)
2023-06-02 05:15:24,968 [main] INFO  grpc.GrpcConfigKeys (ConfUtils.java:logGet(46)) - raft.grpc.server.async.request.thread.pool.size = 32 (default)
2023-06-02 05:15:24,972 [main] INFO  impl.DataStreamServerImpl (ConfUtils.java:logGet(46)) - raft.datastream.type = NETTY (custom)
2023-06-02 05:15:24,973 [main] INFO  server.RaftServerConfigKeys (ConfUtils.java:logGet(46)) - raft.server.data-stream.async.request.thread.pool.cached = false (default)
2023-06-02 05:15:24,973 [main] INFO  server.RaftServerConfigKeys (ConfUtils.java:logGet(46)) - raft.server.data-stream.async.request.thread.pool.size = 20 (custom)
2023-06-02 05:15:24,973 [main] INFO  server.RaftServerConfigKeys (ConfUtils.java:logGet(46)) - raft.server.data-stream.async.write.thread.pool.size = 16 (default)
2023-06-02 05:15:24,974 [main] INFO  server.RaftServerConfigKeys (ConfUtils.java:logGet(46)) - raft.server.data-stream.client.pool.size = 10 (default)
2023-06-02 05:15:24,974 [main] INFO  netty.NettyConfigKeys$DataStream (ConfUtils.java:logGet(46)) - raft.netty.dataStream.server.use-epoll = false (default)
2023-06-02 05:15:24,974 [main] INFO  netty.NettyConfigKeys$DataStream (ConfUtils.java:logGet(46)) - raft.netty.dataStream.server.boss-group.size = 0 (default)
2023-06-02 05:15:24,975 [main] INFO  netty.NettyConfigKeys$DataStream (ConfUtils.java:logGet(46)) - raft.netty.dataStream.server.worker-group.size = 0 (default)
2023-06-02 05:15:24,975 [main] INFO  netty.NettyConfigKeys$DataStream (ConfUtils.java:logGet(46)) - raft.netty.dataStream.server.tls.conf = null (default)
2023-06-02 05:15:24,980 [main] INFO  netty.NettyConfigKeys$DataStream (ConfUtils.java:logGet(46)) - raft.netty.dataStream.host = null (default)
2023-06-02 05:15:24,980 [main] INFO  netty.NettyConfigKeys$DataStream (ConfUtils.java:logGet(46)) - raft.netty.dataStream.port = 15087 (custom)
2023-06-02 05:15:24,981 [main] INFO  server.RaftServerConfigKeys (ConfUtils.java:logGet(46)) - raft.server.threadpool.proxy.cached = true (default)
2023-06-02 05:15:24,981 [main] INFO  server.RaftServerConfigKeys (ConfUtils.java:logGet(46)) - raft.server.threadpool.proxy.size = 0 (default)
2023-06-02 05:15:24,982 [main] INFO  server.RaftServerConfigKeys (ConfUtils.java:logGet(46)) - raft.server.rpc.slowness.timeout = 300s (custom)
2023-06-02 05:15:24,982 [main] INFO  server.RaftServerConfigKeys (ConfUtils.java:logGet(46)) - raft.server.leaderelection.leader.step-down.wait-time = 10s (default)
2023-06-02 05:15:24,982 [main] INFO  server.RaftServerConfigKeys (ConfUtils.java:logGet(46)) - raft.server.storage.dir = [/home/runner/work/ozone/ozone/hadoop-ozone/integration-test/target/test-dir/MiniOzoneClusterImpl-4e6c5432-da36-405d-b7f1-05871ead9573/datanode-8/data/ratis] (custom)
2023-06-02 05:15:24,987 [70b3c7ea-e7eb-4f75-8ddc-1173fec1a2ac-NettyServerStreamRpc-bossGroup--thread1] INFO  logging.LoggingHandler (AbstractInternalLogger.java:log(148)) - [id: 0x9833bed7] REGISTERED
2023-06-02 05:15:24,987 [70b3c7ea-e7eb-4f75-8ddc-1173fec1a2ac-NettyServerStreamRpc-bossGroup--thread1] INFO  logging.LoggingHandler (AbstractInternalLogger.java:log(148)) - [id: 0x9833bed7] BIND: 0.0.0.0/0.0.0.0:15087
2023-06-02 05:15:24,990 [main] INFO  server.XceiverServerGrpc (XceiverServerGrpc.java:<init>(132)) - GrpcServer channel type EpollServerSocketChannel
2023-06-02 05:15:24,991 [70b3c7ea-e7eb-4f75-8ddc-1173fec1a2ac-NettyServerStreamRpc-bossGroup--thread1] INFO  logging.LoggingHandler (AbstractInternalLogger.java:log(148)) - [id: 0x9833bed7, L:/0:0:0:0:0:0:0:0:15087] ACTIVE
2023-06-02 05:15:24,994 [main] INFO  replication.ReplicationSupervisor (ReplicationSupervisor.java:nodeStateUpdated(296)) - Node state updated to IN_SERVICE, scaling executor pool size to 10
2023-06-02 05:15:24,995 [main] INFO  token.OzoneBlockTokenSecretManager (OzoneSecretManager.java:updateCurrentKey(175)) - Updating current master key for generating tokens. Cert id 3622618384929
2023-06-02 05:15:24,998 [main] INFO  http.BaseHttpServer (BaseHttpServer.java:newHttpServer2BuilderForOzone(224)) - Starting Web-server for hddsDatanode at: http://0.0.0.0:15081
2023-06-02 05:15:24,998 [main] INFO  http.BaseHttpServer (BaseHttpServer.java:<init>(111)) - Hadoop Security Enabled: false Ozone Security Enabled: false Ozone HTTP Security Enabled: false 
2023-06-02 05:15:25,000 [main] WARN  server.AuthenticationFilter (AuthenticationFilter.java:constructSecretProvider(240)) - Unable to initialize FileSignerSecretProvider, falling back to use random secrets. Reason: Could not read signature secret file: /home/runner/hadoop-http-auth-signature-secret
2023-06-02 05:15:25,002 [main] INFO  http.HttpRequestLog (HttpRequestLog.java:getRequestLog(86)) - Http request log for http.requests.hddsDatanode is not defined
2023-06-02 05:15:25,003 [main] INFO  http.HttpServer2 (HttpServer2.java:addGlobalFilter(1031)) - Added global filter 'safety' (class=org.apache.hadoop.hdds.server.http.HttpServer2$QuotingInputFilter)
2023-06-02 05:15:25,007 [main] INFO  http.HttpServer2 (HttpServer2.java:addFilter(1007)) - Added filter static_user_filter (class=org.apache.hadoop.http.lib.StaticUserWebFilter$StaticUserFilter) to context hddsDatanode
2023-06-02 05:15:25,007 [main] INFO  http.HttpServer2 (HttpServer2.java:addFilter(1015)) - Added filter static_user_filter (class=org.apache.hadoop.http.lib.StaticUserWebFilter$StaticUserFilter) to context static
2023-06-02 05:15:25,007 [main] INFO  http.HttpServer2 (HttpServer2.java:addFilter(1015)) - Added filter static_user_filter (class=org.apache.hadoop.http.lib.StaticUserWebFilter$StaticUserFilter) to context logs
2023-06-02 05:15:25,008 [main] INFO  http.BaseHttpServer (BaseHttpServer.java:<init>(190)) - HTTP server of hddsDatanode uses base directory /home/runner/work/ozone/ozone/hadoop-ozone/integration-test/target/test-dir/MiniOzoneClusterImpl-4e6c5432-da36-405d-b7f1-05871ead9573/datanode-8/meta/webserver
2023-06-02 05:15:25,009 [main] INFO  http.HttpServer2 (HttpServer2.java:bindListener(1250)) - Jetty bound to port 15081
2023-06-02 05:15:25,010 [main] INFO  server.Server (Server.java:doStart(375)) - jetty-9.4.51.v20230217; built: 2023-02-17T08:19:37.309Z; git: b45c405e4544384de066f814ed42ae3dceacdd49; jvm 1.8.0_372-b07
2023-06-02 05:15:25,015 [main] INFO  server.session (DefaultSessionIdManager.java:doStart(334)) - DefaultSessionIdManager workerName=node0
2023-06-02 05:15:25,015 [main] INFO  server.session (DefaultSessionIdManager.java:doStart(339)) - No SessionScavenger set, using defaults
2023-06-02 05:15:25,015 [main] INFO  server.session (HouseKeeper.java:startScavenging(132)) - node0 Scavenging every 600000ms
2023-06-02 05:15:25,016 [main] INFO  handler.ContextHandler (ContextHandler.java:doStart(921)) - Started o.e.j.s.ServletContextHandler@2f3ffea8{logs,/logs,file:///home/runner/work/ozone/ozone/hadoop-ozone/integration-test/target/log,AVAILABLE}
2023-06-02 05:15:25,017 [main] INFO  handler.ContextHandler (ContextHandler.java:doStart(921)) - Started o.e.j.s.ServletContextHandler@54789e3e{static,/static,jar:file:/home/runner/.m2/repository/org/apache/ozone/hdds-container-service/1.4.0-SNAPSHOT/hdds-container-service-1.4.0-SNAPSHOT.jar!/webapps/static,AVAILABLE}
2023-06-02 05:15:25,228 [EndpointStateMachine task thread for /0.0.0.0:15002 - 0 ] INFO  utils.DatanodeStoreCache (DatanodeStoreCache.java:addDB(66)) - Added db /home/runner/work/ozone/ozone/hadoop-ozone/integration-test/target/test-dir/MiniOzoneClusterImpl-4e6c5432-da36-405d-b7f1-05871ead9573/datanode-4/data-0/containers/hdds/4e6c5432-da36-405d-b7f1-05871ead9573/DS-7113f2ec-a146-4079-ad20-94b14da2e84d/container.db to cache
2023-06-02 05:15:25,228 [EndpointStateMachine task thread for /0.0.0.0:15002 - 0 ] INFO  volume.HddsVolume (HddsVolume.java:createDbStore(350)) - SchemaV3 db is created and loaded at /home/runner/work/ozone/ozone/hadoop-ozone/integration-test/target/test-dir/MiniOzoneClusterImpl-4e6c5432-da36-405d-b7f1-05871ead9573/datanode-4/data-0/containers/hdds/4e6c5432-da36-405d-b7f1-05871ead9573/DS-7113f2ec-a146-4079-ad20-94b14da2e84d/container.db for volume DS-7113f2ec-a146-4079-ad20-94b14da2e84d
2023-06-02 05:15:25,228 [EndpointStateMachine task thread for /0.0.0.0:15002 - 0 ] INFO  ozoneimpl.OzoneContainer (OzoneContainer.java:start(398)) - Attempting to start container services.
2023-06-02 05:15:25,229 [EndpointStateMachine task thread for /0.0.0.0:15002 - 0 ] INFO  ozoneimpl.OzoneContainer (OzoneContainer.java:startContainerScrub(314)) - Scheduled background container scanners and the on-demand container scanner have been disabled.
2023-06-02 05:15:25,231 [EndpointStateMachine task thread for /0.0.0.0:15002 - 0 ] INFO  replication.ReplicationServer (ReplicationServer.java:start(128)) - ReplicationServer is started using port 15052
2023-06-02 05:15:25,233 [EndpointStateMachine task thread for /0.0.0.0:15002 - 0 ] INFO  ratis.XceiverServerRatis (XceiverServerRatis.java:start(517)) - Starting XceiverServerRatis bf3b8f25-dffd-4d70-aae5-69cf4c3dc4d1
2023-06-02 05:15:25,239 [EndpointStateMachine task thread for /0.0.0.0:15002 - 0 ] INFO  server.RaftServer (RaftServerProxy.java:startImpl(400)) - bf3b8f25-dffd-4d70-aae5-69cf4c3dc4d1: start RPC server
2023-06-02 05:15:25,242 [EndpointStateMachine task thread for /0.0.0.0:15002 - 0 ] INFO  server.GrpcService (GrpcService.java:startImpl(302)) - bf3b8f25-dffd-4d70-aae5-69cf4c3dc4d1: GrpcService started, listening on 15048
2023-06-02 05:15:25,243 [EndpointStateMachine task thread for /0.0.0.0:15002 - 0 ] INFO  server.GrpcService (GrpcService.java:startImpl(302)) - bf3b8f25-dffd-4d70-aae5-69cf4c3dc4d1: GrpcService started, listening on 15050
2023-06-02 05:15:25,247 [EndpointStateMachine task thread for /0.0.0.0:15002 - 0 ] INFO  server.GrpcService (GrpcService.java:startImpl(302)) - bf3b8f25-dffd-4d70-aae5-69cf4c3dc4d1: GrpcService started, listening on 15049
2023-06-02 05:15:25,257 [EndpointStateMachine task thread for /0.0.0.0:15002 - 0 ] INFO  ratis.XceiverServerRatis (XceiverServerRatis.java:getRealPort(543)) - XceiverServerRatis bf3b8f25-dffd-4d70-aae5-69cf4c3dc4d1 is started using port 15048 for RATIS
2023-06-02 05:15:25,257 [EndpointStateMachine task thread for /0.0.0.0:15002 - 0 ] INFO  ratis.XceiverServerRatis (XceiverServerRatis.java:getRealPort(543)) - XceiverServerRatis bf3b8f25-dffd-4d70-aae5-69cf4c3dc4d1 is started using port 15049 for RATIS_ADMIN
2023-06-02 05:15:25,257 [EndpointStateMachine task thread for /0.0.0.0:15002 - 0 ] INFO  ratis.XceiverServerRatis (XceiverServerRatis.java:getRealPort(543)) - XceiverServerRatis bf3b8f25-dffd-4d70-aae5-69cf4c3dc4d1 is started using port 15050 for RATIS_SERVER
2023-06-02 05:15:25,257 [EndpointStateMachine task thread for /0.0.0.0:15002 - 0 ] INFO  ratis.XceiverServerRatis (XceiverServerRatis.java:getRealPort(543)) - XceiverServerRatis bf3b8f25-dffd-4d70-aae5-69cf4c3dc4d1 is started using port 15051 for RATIS_DATASTREAM
2023-06-02 05:15:25,257 [JvmPauseMonitor5] INFO  util.JvmPauseMonitor (JvmPauseMonitor.java:run(103)) - JvmPauseMonitor-bf3b8f25-dffd-4d70-aae5-69cf4c3dc4d1: Started
2023-06-02 05:15:25,276 [BlockDeletingService#0] INFO  interfaces.ContainerDeletionChoosingPolicyTemplate (ContainerDeletionChoosingPolicyTemplate.java:chooseContainerForBlockDeletion(83)) - Chosen 0/5000 blocks from 0 candidate containers.
2023-06-02 05:15:25,283 [main] INFO  handler.ContextHandler (ContextHandler.java:doStart(921)) - Started o.e.j.w.WebAppContext@5ff6744a{hddsDatanode,/,file:///home/runner/work/ozone/ozone/hadoop-ozone/integration-test/target/test-dir/MiniOzoneClusterImpl-4e6c5432-da36-405d-b7f1-05871ead9573/datanode-8/meta/webserver/jetty-0_0_0_0-15081-hdds-container-service-1_4_0-SNAPSHOT_jar-_-any-3857614347409031394/webapp/,AVAILABLE}{jar:file:/home/runner/.m2/repository/org/apache/ozone/hdds-container-service/1.4.0-SNAPSHOT/hdds-container-service-1.4.0-SNAPSHOT.jar!/webapps/hddsDatanode}
2023-06-02 05:15:25,292 [main] INFO  server.AbstractConnector (AbstractConnector.java:doStart(333)) - Started ServerConnector@1fa6f90f{HTTP/1.1, (http/1.1)}{0.0.0.0:15081}
2023-06-02 05:15:25,292 [main] INFO  server.Server (Server.java:doStart(415)) - Started @16126ms
2023-06-02 05:15:25,293 [main] WARN  impl.MetricsSystemImpl (MetricsSystemImpl.java:register(279)) - Sink prometheus already exists!
2023-06-02 05:15:25,293 [main] INFO  http.BaseHttpServer (BaseHttpServer.java:updateConnectorAddress(344)) - HTTP server of hddsDatanode listening at http://0.0.0.0:15081
2023-06-02 05:15:25,294 [main] INFO  ipc.CallQueueManager (CallQueueManager.java:<init>(90)) - Using callQueue: class java.util.concurrent.LinkedBlockingQueue, queueCapacity: 100, scheduler: class org.apache.hadoop.ipc.DefaultRpcScheduler, ipcBackoff: false.
2023-06-02 05:15:25,295 [Socket Reader #1 for port 15082] INFO  ipc.Server (Server.java:run(1319)) - Starting Socket Reader #1 for port 15082
2023-06-02 05:15:25,297 [Listener at 0.0.0.0/15082] INFO  hdds.HddsUtils (HddsUtils.java:preserveThreadName(843)) - Restoring thread name: main
2023-06-02 05:15:25,299 [main] INFO  ozone.HddsDatanodeService (HddsDatanodeService.java:start(331)) - Datanode start with admins: [runner]
2023-06-02 05:15:25,299 [main] INFO  ozone.HddsDatanodeClientProtocolServer (HddsDatanodeClientProtocolServer.java:start(83)) - RPC server for Client /0.0.0.0:15082
2023-06-02 05:15:25,299 [IPC Server Responder] INFO  ipc.Server (Server.java:run(1558)) - IPC Server Responder: starting
2023-06-02 05:15:25,302 [Datanode State Machine Daemon Thread] INFO  statemachine.DatanodeStateMachine (DatanodeStateMachine.java:lambda$startDaemon$0(537)) - Ozone container server started.
2023-06-02 05:15:25,303 [main] WARN  impl.MetricRegistriesImpl (MetricRegistriesImpl.java:addReporterRegistration(111)) - New reporters are added after registries were created. Some metrics will be missing from the reporter. Please add reporter before adding any new registry.
2023-06-02 05:15:25,303 [main] WARN  impl.MetricRegistriesImpl (MetricRegistriesImpl.java:addReporterRegistration(111)) - New reporters are added after registries were created. Some metrics will be missing from the reporter. Please add reporter before adding any new registry.
2023-06-02 05:15:25,303 [main] INFO  impl.MetricsSystemImpl (MetricsSystemImpl.java:init(158)) - HddsDatanode metrics system started (again)
2023-06-02 05:15:25,307 [IPC Server listener on 15082] INFO  ipc.Server (Server.java:run(1398)) - IPC Server listener on 15082: starting
2023-06-02 05:15:25,317 [main] INFO  ozone.HddsDatanodeService (HddsDatanodeService.java:start(261)) - HddsDatanodeService host:fv-az628-647 ip:10.1.74.1
2023-06-02 05:15:25,324 [org.apache.hadoop.util.JvmPauseMonitor$Monitor@2d96e504] INFO  util.JvmPauseMonitor (JvmPauseMonitor.java:run(188)) - Starting JVM pause monitor
2023-06-02 05:15:25,337 [Datanode State Machine Task Thread - 0] INFO  datanode.InitDatanodeState (InitDatanodeState.java:persistContainerDatanodeDetails(138)) - DatanodeDetails is persisted to /home/runner/work/ozone/ozone/hadoop-ozone/integration-test/target/test-dir/MiniOzoneClusterImpl-4e6c5432-da36-405d-b7f1-05871ead9573/datanode-8/meta/datanode.id
2023-06-02 05:15:25,348 [main] INFO  upgrade.AbstractLayoutVersionManager (AbstractLayoutVersionManager.java:init(83)) - Initializing Layout version manager with metadata layout = HADOOP_PRC_PORTS_IN_DATANODEDETAILS (version = 7), software layout = HADOOP_PRC_PORTS_IN_DATANODEDETAILS (version = 7)
2023-06-02 05:15:25,349 [main] INFO  statemachine.DatanodeStateMachine (DatanodeStateMachine.java:getEndPointTaskThreadPoolSize(275)) - Datanode State Machine Task Thread Pool size 2
2023-06-02 05:15:25,355 [main] INFO  volume.HddsVolume (HddsVolume.java:<init>(130)) - Creating HddsVolume: /home/runner/work/ozone/ozone/hadoop-ozone/integration-test/target/test-dir/MiniOzoneClusterImpl-4e6c5432-da36-405d-b7f1-05871ead9573/datanode-9/data-0/containers/hdds of storage type : DISK capacity : 9223372036854775807
2023-06-02 05:15:25,355 [main] INFO  volume.MutableVolumeSet (MutableVolumeSet.java:initializeVolumeSet(175)) - Added Volume : /home/runner/work/ozone/ozone/hadoop-ozone/integration-test/target/test-dir/MiniOzoneClusterImpl-4e6c5432-da36-405d-b7f1-05871ead9573/datanode-9/data-0/containers/hdds to VolumeSet
2023-06-02 05:15:25,355 [main] INFO  volume.ThrottledAsyncChecker (ThrottledAsyncChecker.java:schedule(141)) - Scheduling a check for /home/runner/work/ozone/ozone/hadoop-ozone/integration-test/target/test-dir/MiniOzoneClusterImpl-4e6c5432-da36-405d-b7f1-05871ead9573/datanode-9/data-0/containers/hdds
2023-06-02 05:15:25,357 [main] INFO  volume.StorageVolumeChecker (StorageVolumeChecker.java:checkAllVolumes(202)) - Scheduled health check for volume /home/runner/work/ozone/ozone/hadoop-ozone/integration-test/target/test-dir/MiniOzoneClusterImpl-4e6c5432-da36-405d-b7f1-05871ead9573/datanode-9/data-0/containers/hdds
2023-06-02 05:15:25,370 [main] INFO  volume.MutableVolumeSet (MutableVolumeSet.java:initializeVolumeSet(175)) - Added Volume : /home/runner/work/ozone/ozone/hadoop-ozone/integration-test/target/test-dir/MiniOzoneClusterImpl-4e6c5432-da36-405d-b7f1-05871ead9573/datanode-9/data/ratis to VolumeSet
2023-06-02 05:15:25,370 [main] INFO  volume.ThrottledAsyncChecker (ThrottledAsyncChecker.java:schedule(141)) - Scheduling a check for /home/runner/work/ozone/ozone/hadoop-ozone/integration-test/target/test-dir/MiniOzoneClusterImpl-4e6c5432-da36-405d-b7f1-05871ead9573/datanode-9/data/ratis
2023-06-02 05:15:25,370 [main] INFO  volume.StorageVolumeChecker (StorageVolumeChecker.java:checkAllVolumes(202)) - Scheduled health check for volume /home/runner/work/ozone/ozone/hadoop-ozone/integration-test/target/test-dir/MiniOzoneClusterImpl-4e6c5432-da36-405d-b7f1-05871ead9573/datanode-9/data/ratis
2023-06-02 05:15:25,383 [Thread-330] INFO  ozoneimpl.ContainerReader (ContainerReader.java:readVolume(175)) - Finish verifying containers on volume /home/runner/work/ozone/ozone/hadoop-ozone/integration-test/target/test-dir/MiniOzoneClusterImpl-4e6c5432-da36-405d-b7f1-05871ead9573/datanode-9/data-0/containers/hdds
2023-06-02 05:15:25,383 [main] INFO  ozoneimpl.OzoneContainer (OzoneContainer.java:buildContainerSet(303)) - Build ContainerSet costs 0s
2023-06-02 05:15:25,386 [main] INFO  server.RaftServer (ConfUtils.java:logGet(46)) - raft.rpc.type = GRPC (default)
2023-06-02 05:15:25,386 [main] INFO  grpc.GrpcConfigKeys (ConfUtils.java:logFallback(53)) - raft.grpc.admin.host = null (fallback to raft.grpc.server.host)
2023-06-02 05:15:25,387 [main] INFO  grpc.GrpcConfigKeys (ConfUtils.java:logGet(46)) - raft.grpc.admin.port = 15094 (custom)
2023-06-02 05:15:25,387 [main] INFO  grpc.GrpcConfigKeys (ConfUtils.java:logFallback(53)) - raft.grpc.client.host = null (fallback to raft.grpc.server.host)
2023-06-02 05:15:25,387 [main] INFO  grpc.GrpcConfigKeys (ConfUtils.java:logGet(46)) - raft.grpc.client.port = 15093 (custom)
2023-06-02 05:15:25,387 [main] INFO  grpc.GrpcConfigKeys (ConfUtils.java:logGet(46)) - raft.grpc.server.host = null (default)
2023-06-02 05:15:25,387 [main] INFO  grpc.GrpcConfigKeys (ConfUtils.java:logGet(46)) - raft.grpc.server.port = 15095 (custom)
2023-06-02 05:15:25,387 [main] INFO  server.GrpcService (ConfUtils.java:logGet(46)) - raft.grpc.message.size.max = 32MB (=33554432) (custom)
2023-06-02 05:15:25,388 [main] INFO  server.RaftServerConfigKeys (ConfUtils.java:logGet(46)) - raft.server.log.appender.buffer.byte-limit = 33554432 (custom)
2023-06-02 05:15:25,388 [main] INFO  server.GrpcService (ConfUtils.java:logGet(46)) - raft.grpc.flow.control.window = 5MB (=5242880) (custom)
2023-06-02 05:15:25,388 [main] INFO  server.RaftServerConfigKeys (ConfUtils.java:logGet(46)) - raft.server.rpc.request.timeout = 60s (custom)
2023-06-02 05:15:25,388 [main] INFO  grpc.GrpcConfigKeys (ConfUtils.java:logGet(46)) - raft.grpc.server.heartbeat.channel = true (default)
2023-06-02 05:15:25,388 [main] INFO  grpc.GrpcConfigKeys (ConfUtils.java:logGet(46)) - raft.grpc.server.async.request.thread.pool.cached = true (default)
2023-06-02 05:15:25,389 [main] INFO  grpc.GrpcConfigKeys (ConfUtils.java:logGet(46)) - raft.grpc.server.async.request.thread.pool.size = 32 (default)
2023-06-02 05:15:25,394 [main] INFO  impl.DataStreamServerImpl (ConfUtils.java:logGet(46)) - raft.datastream.type = NETTY (custom)
2023-06-02 05:15:25,395 [main] INFO  server.RaftServerConfigKeys (ConfUtils.java:logGet(46)) - raft.server.data-stream.async.request.thread.pool.cached = false (default)
2023-06-02 05:15:25,395 [main] INFO  server.RaftServerConfigKeys (ConfUtils.java:logGet(46)) - raft.server.data-stream.async.request.thread.pool.size = 20 (custom)
2023-06-02 05:15:25,395 [main] INFO  server.RaftServerConfigKeys (ConfUtils.java:logGet(46)) - raft.server.data-stream.async.write.thread.pool.size = 16 (default)
2023-06-02 05:15:25,395 [main] INFO  server.RaftServerConfigKeys (ConfUtils.java:logGet(46)) - raft.server.data-stream.client.pool.size = 10 (default)
2023-06-02 05:15:25,396 [main] INFO  netty.NettyConfigKeys$DataStream (ConfUtils.java:logGet(46)) - raft.netty.dataStream.server.use-epoll = false (default)
2023-06-02 05:15:25,396 [main] INFO  netty.NettyConfigKeys$DataStream (ConfUtils.java:logGet(46)) - raft.netty.dataStream.server.boss-group.size = 0 (default)
2023-06-02 05:15:25,410 [main] INFO  netty.NettyConfigKeys$DataStream (ConfUtils.java:logGet(46)) - raft.netty.dataStream.server.worker-group.size = 0 (default)
2023-06-02 05:15:25,411 [main] INFO  netty.NettyConfigKeys$DataStream (ConfUtils.java:logGet(46)) - raft.netty.dataStream.server.tls.conf = null (default)
2023-06-02 05:15:25,411 [main] INFO  netty.NettyConfigKeys$DataStream (ConfUtils.java:logGet(46)) - raft.netty.dataStream.host = null (default)
2023-06-02 05:15:25,411 [main] INFO  netty.NettyConfigKeys$DataStream (ConfUtils.java:logGet(46)) - raft.netty.dataStream.port = 15096 (custom)
2023-06-02 05:15:25,412 [main] INFO  server.RaftServerConfigKeys (ConfUtils.java:logGet(46)) - raft.server.threadpool.proxy.cached = true (default)
2023-06-02 05:15:25,412 [main] INFO  server.RaftServerConfigKeys (ConfUtils.java:logGet(46)) - raft.server.threadpool.proxy.size = 0 (default)
2023-06-02 05:15:25,414 [main] INFO  server.RaftServerConfigKeys (ConfUtils.java:logGet(46)) - raft.server.rpc.slowness.timeout = 300s (custom)
2023-06-02 05:15:25,414 [main] INFO  server.RaftServerConfigKeys (ConfUtils.java:logGet(46)) - raft.server.leaderelection.leader.step-down.wait-time = 10s (default)
2023-06-02 05:15:25,415 [main] INFO  server.RaftServerConfigKeys (ConfUtils.java:logGet(46)) - raft.server.storage.dir = [/home/runner/work/ozone/ozone/hadoop-ozone/integration-test/target/test-dir/MiniOzoneClusterImpl-4e6c5432-da36-405d-b7f1-05871ead9573/datanode-9/data/ratis] (custom)
2023-06-02 05:15:25,416 [dd6dae7b-c4a9-4a16-a5ce-973fa036779e-NettyServerStreamRpc-bossGroup--thread1] INFO  logging.LoggingHandler (AbstractInternalLogger.java:log(148)) - [id: 0x38b332f0] REGISTERED
2023-06-02 05:15:25,416 [dd6dae7b-c4a9-4a16-a5ce-973fa036779e-NettyServerStreamRpc-bossGroup--thread1] INFO  logging.LoggingHandler (AbstractInternalLogger.java:log(148)) - [id: 0x38b332f0] BIND: 0.0.0.0/0.0.0.0:15096
2023-06-02 05:15:25,416 [dd6dae7b-c4a9-4a16-a5ce-973fa036779e-NettyServerStreamRpc-bossGroup--thread1] INFO  logging.LoggingHandler (AbstractInternalLogger.java:log(148)) - [id: 0x38b332f0, L:/0:0:0:0:0:0:0:0:15096] ACTIVE
2023-06-02 05:15:25,419 [main] INFO  server.XceiverServerGrpc (XceiverServerGrpc.java:<init>(132)) - GrpcServer channel type EpollServerSocketChannel
2023-06-02 05:15:25,421 [main] INFO  replication.ReplicationSupervisor (ReplicationSupervisor.java:nodeStateUpdated(296)) - Node state updated to IN_SERVICE, scaling executor pool size to 10
2023-06-02 05:15:25,422 [main] INFO  token.OzoneBlockTokenSecretManager (OzoneSecretManager.java:updateCurrentKey(175)) - Updating current master key for generating tokens. Cert id 3622618384929
2023-06-02 05:15:25,423 [main] INFO  http.BaseHttpServer (BaseHttpServer.java:newHttpServer2BuilderForOzone(224)) - Starting Web-server for hddsDatanode at: http://0.0.0.0:15090
2023-06-02 05:15:25,424 [main] INFO  http.BaseHttpServer (BaseHttpServer.java:<init>(111)) - Hadoop Security Enabled: false Ozone Security Enabled: false Ozone HTTP Security Enabled: false 
2023-06-02 05:15:25,425 [main] WARN  server.AuthenticationFilter (AuthenticationFilter.java:constructSecretProvider(240)) - Unable to initialize FileSignerSecretProvider, falling back to use random secrets. Reason: Could not read signature secret file: /home/runner/hadoop-http-auth-signature-secret
2023-06-02 05:15:25,426 [main] INFO  http.HttpRequestLog (HttpRequestLog.java:getRequestLog(86)) - Http request log for http.requests.hddsDatanode is not defined
2023-06-02 05:15:25,428 [main] INFO  http.HttpServer2 (HttpServer2.java:addGlobalFilter(1031)) - Added global filter 'safety' (class=org.apache.hadoop.hdds.server.http.HttpServer2$QuotingInputFilter)
2023-06-02 05:15:25,428 [main] INFO  http.HttpServer2 (HttpServer2.java:addFilter(1007)) - Added filter static_user_filter (class=org.apache.hadoop.http.lib.StaticUserWebFilter$StaticUserFilter) to context hddsDatanode
2023-06-02 05:15:25,429 [main] INFO  http.HttpServer2 (HttpServer2.java:addFilter(1015)) - Added filter static_user_filter (class=org.apache.hadoop.http.lib.StaticUserWebFilter$StaticUserFilter) to context logs
2023-06-02 05:15:25,429 [main] INFO  http.HttpServer2 (HttpServer2.java:addFilter(1015)) - Added filter static_user_filter (class=org.apache.hadoop.http.lib.StaticUserWebFilter$StaticUserFilter) to context static
2023-06-02 05:15:25,430 [main] INFO  http.BaseHttpServer (BaseHttpServer.java:<init>(190)) - HTTP server of hddsDatanode uses base directory /home/runner/work/ozone/ozone/hadoop-ozone/integration-test/target/test-dir/MiniOzoneClusterImpl-4e6c5432-da36-405d-b7f1-05871ead9573/datanode-9/meta/webserver
2023-06-02 05:15:25,430 [main] INFO  http.HttpServer2 (HttpServer2.java:bindListener(1250)) - Jetty bound to port 15090
2023-06-02 05:15:25,430 [main] INFO  server.Server (Server.java:doStart(375)) - jetty-9.4.51.v20230217; built: 2023-02-17T08:19:37.309Z; git: b45c405e4544384de066f814ed42ae3dceacdd49; jvm 1.8.0_372-b07
2023-06-02 05:15:25,432 [main] INFO  server.session (DefaultSessionIdManager.java:doStart(334)) - DefaultSessionIdManager workerName=node0
2023-06-02 05:15:25,432 [main] INFO  server.session (DefaultSessionIdManager.java:doStart(339)) - No SessionScavenger set, using defaults
2023-06-02 05:15:25,432 [main] INFO  server.session (HouseKeeper.java:startScavenging(132)) - node0 Scavenging every 660000ms
2023-06-02 05:15:25,434 [main] INFO  handler.ContextHandler (ContextHandler.java:doStart(921)) - Started o.e.j.s.ServletContextHandler@760a21dd{logs,/logs,file:///home/runner/work/ozone/ozone/hadoop-ozone/integration-test/target/log,AVAILABLE}
2023-06-02 05:15:25,435 [main] INFO  handler.ContextHandler (ContextHandler.java:doStart(921)) - Started o.e.j.s.ServletContextHandler@c20a22f{static,/static,jar:file:/home/runner/.m2/repository/org/apache/ozone/hdds-container-service/1.4.0-SNAPSHOT/hdds-container-service-1.4.0-SNAPSHOT.jar!/webapps/static,AVAILABLE}
2023-06-02 05:15:25,515 [IPC Server handler 0 on default port 15002] INFO  net.NetworkTopologyImpl (NetworkTopologyImpl.java:add(112)) - Added a new node: /default-rack/f102c20d-579f-44a7-9197-f839bb943261
2023-06-02 05:15:25,522 [IPC Server handler 0 on default port 15002] INFO  node.SCMNodeManager (SCMNodeManager.java:register(407)) - Registered Data node : f102c20d-579f-44a7-9197-f839bb943261{ip: 10.1.74.1, host: fv-az628-647, ports: [HTTP=15009, CLIENT_RPC=15010, REPLICATION=15016, RATIS=15012, RATIS_ADMIN=15013, RATIS_SERVER=15014, RATIS_DATASTREAM=15015, STANDALONE=15011], networkLocation: /default-rack, certSerialId: null, persistedOpState: null, persistedOpStateExpiryEpochSec: 0}
2023-06-02 05:15:25,535 [EventQueue-NodeRegistrationContainerReportForDataNodeSafeModeRule] INFO  safemode.SCMSafeModeManager (DataNodeSafeModeRule.java:process(71)) - SCM in safe mode. 1 DataNodes registered, 3 required.
2023-06-02 05:15:25,540 [EventQueue-NewNodeForNewNodeHandler] INFO  pipeline.BackgroundPipelineCreator (BackgroundPipelineCreator.java:notifyEventTriggered(276)) - trigger a one-shot run on RatisPipelineUtilsThread.
2023-06-02 05:15:25,536 [EventQueue-NodeRegistrationContainerReportForContainerSafeModeRule] INFO  safemode.SCMSafeModeManager (SCMSafeModeManager.java:validateSafeModeExitRules(200)) - ContainerSafeModeRule rule is successfully validated
2023-06-02 05:15:25,552 [EventQueue-PipelineReportForOneReplicaPipelineSafeModeRule] INFO  safemode.SCMSafeModeManager (SCMSafeModeManager.java:validateSafeModeExitRules(200)) - AtleastOneDatanodeReportedRule rule is successfully validated
2023-06-02 05:15:25,555 [RatisPipelineUtilsThread - 0] INFO  pipeline.RatisPipelineProvider (RatisPipelineProvider.java:lambda$create$0(206)) - Sending CreatePipelineCommand for pipeline:PipelineID=630498d7-0128-4162-866f-0a3f48428075 to datanode:f102c20d-579f-44a7-9197-f839bb943261
2023-06-02 05:15:25,578 [RatisPipelineUtilsThread - 0] INFO  pipeline.PipelineStateManagerImpl (PipelineStateManagerImpl.java:addPipeline(103)) - Created pipeline Pipeline[ Id: 630498d7-0128-4162-866f-0a3f48428075, Nodes: f102c20d-579f-44a7-9197-f839bb943261(fv-az628-647/10.1.74.1), ReplicationConfig: RATIS/ONE, State:ALLOCATED, leaderId:, CreationTimestamp2023-06-02T05:15:25.553Z[Etc/UTC]].
2023-06-02 05:15:25,676 [EndpointStateMachine task thread for /0.0.0.0:15002 - 0 ] INFO  utils.DatanodeStoreCache (DatanodeStoreCache.java:addDB(66)) - Added db /home/runner/work/ozone/ozone/hadoop-ozone/integration-test/target/test-dir/MiniOzoneClusterImpl-4e6c5432-da36-405d-b7f1-05871ead9573/datanode-5/data-0/containers/hdds/4e6c5432-da36-405d-b7f1-05871ead9573/DS-d1157158-6c5d-48f8-86eb-faed3d314810/container.db to cache
2023-06-02 05:15:25,677 [EndpointStateMachine task thread for /0.0.0.0:15002 - 0 ] INFO  volume.HddsVolume (HddsVolume.java:createDbStore(350)) - SchemaV3 db is created and loaded at /home/runner/work/ozone/ozone/hadoop-ozone/integration-test/target/test-dir/MiniOzoneClusterImpl-4e6c5432-da36-405d-b7f1-05871ead9573/datanode-5/data-0/containers/hdds/4e6c5432-da36-405d-b7f1-05871ead9573/DS-d1157158-6c5d-48f8-86eb-faed3d314810/container.db for volume DS-d1157158-6c5d-48f8-86eb-faed3d314810
2023-06-02 05:15:25,679 [EndpointStateMachine task thread for /0.0.0.0:15002 - 0 ] INFO  ozoneimpl.OzoneContainer (OzoneContainer.java:start(398)) - Attempting to start container services.
2023-06-02 05:15:25,679 [EndpointStateMachine task thread for /0.0.0.0:15002 - 0 ] INFO  ozoneimpl.OzoneContainer (OzoneContainer.java:startContainerScrub(314)) - Scheduled background container scanners and the on-demand container scanner have been disabled.
2023-06-02 05:15:25,682 [EndpointStateMachine task thread for /0.0.0.0:15002 - 0 ] INFO  replication.ReplicationServer (ReplicationServer.java:start(128)) - ReplicationServer is started using port 15061
2023-06-02 05:15:25,682 [EndpointStateMachine task thread for /0.0.0.0:15002 - 0 ] INFO  ratis.XceiverServerRatis (XceiverServerRatis.java:start(517)) - Starting XceiverServerRatis 57515d40-5a2b-4760-820a-8e251d1bbde2
2023-06-02 05:15:25,689 [EndpointStateMachine task thread for /0.0.0.0:15002 - 0 ] INFO  server.RaftServer (RaftServerProxy.java:startImpl(400)) - 57515d40-5a2b-4760-820a-8e251d1bbde2: start RPC server
2023-06-02 05:15:25,694 [EndpointStateMachine task thread for /0.0.0.0:15002 - 0 ] INFO  server.GrpcService (GrpcService.java:startImpl(302)) - 57515d40-5a2b-4760-820a-8e251d1bbde2: GrpcService started, listening on 15057
2023-06-02 05:15:25,695 [EndpointStateMachine task thread for /0.0.0.0:15002 - 0 ] INFO  server.GrpcService (GrpcService.java:startImpl(302)) - 57515d40-5a2b-4760-820a-8e251d1bbde2: GrpcService started, listening on 15059
2023-06-02 05:15:25,696 [EndpointStateMachine task thread for /0.0.0.0:15002 - 0 ] INFO  server.GrpcService (GrpcService.java:startImpl(302)) - 57515d40-5a2b-4760-820a-8e251d1bbde2: GrpcService started, listening on 15058
2023-06-02 05:15:25,696 [EndpointStateMachine task thread for /0.0.0.0:15002 - 0 ] INFO  ratis.XceiverServerRatis (XceiverServerRatis.java:getRealPort(543)) - XceiverServerRatis 57515d40-5a2b-4760-820a-8e251d1bbde2 is started using port 15057 for RATIS
2023-06-02 05:15:25,696 [EndpointStateMachine task thread for /0.0.0.0:15002 - 0 ] INFO  ratis.XceiverServerRatis (XceiverServerRatis.java:getRealPort(543)) - XceiverServerRatis 57515d40-5a2b-4760-820a-8e251d1bbde2 is started using port 15058 for RATIS_ADMIN
2023-06-02 05:15:25,696 [EndpointStateMachine task thread for /0.0.0.0:15002 - 0 ] INFO  ratis.XceiverServerRatis (XceiverServerRatis.java:getRealPort(543)) - XceiverServerRatis 57515d40-5a2b-4760-820a-8e251d1bbde2 is started using port 15059 for RATIS_SERVER
2023-06-02 05:15:25,696 [EndpointStateMachine task thread for /0.0.0.0:15002 - 0 ] INFO  ratis.XceiverServerRatis (XceiverServerRatis.java:getRealPort(543)) - XceiverServerRatis 57515d40-5a2b-4760-820a-8e251d1bbde2 is started using port 15060 for RATIS_DATASTREAM
2023-06-02 05:15:25,697 [JvmPauseMonitor6] INFO  util.JvmPauseMonitor (JvmPauseMonitor.java:run(103)) - JvmPauseMonitor-57515d40-5a2b-4760-820a-8e251d1bbde2: Started
2023-06-02 05:15:25,700 [BlockDeletingService#0] INFO  interfaces.ContainerDeletionChoosingPolicyTemplate (ContainerDeletionChoosingPolicyTemplate.java:chooseContainerForBlockDeletion(83)) - Chosen 0/5000 blocks from 0 candidate containers.
2023-06-02 05:15:25,753 [main] INFO  handler.ContextHandler (ContextHandler.java:doStart(921)) - Started o.e.j.w.WebAppContext@8ba9a69{hddsDatanode,/,file:///home/runner/work/ozone/ozone/hadoop-ozone/integration-test/target/test-dir/MiniOzoneClusterImpl-4e6c5432-da36-405d-b7f1-05871ead9573/datanode-9/meta/webserver/jetty-0_0_0_0-15090-hdds-container-service-1_4_0-SNAPSHOT_jar-_-any-2531110940137643701/webapp/,AVAILABLE}{jar:file:/home/runner/.m2/repository/org/apache/ozone/hdds-container-service/1.4.0-SNAPSHOT/hdds-container-service-1.4.0-SNAPSHOT.jar!/webapps/hddsDatanode}
2023-06-02 05:15:25,755 [main] INFO  server.AbstractConnector (AbstractConnector.java:doStart(333)) - Started ServerConnector@1cdc470b{HTTP/1.1, (http/1.1)}{0.0.0.0:15090}
2023-06-02 05:15:25,755 [main] INFO  server.Server (Server.java:doStart(415)) - Started @16588ms
2023-06-02 05:15:25,755 [main] WARN  impl.MetricsSystemImpl (MetricsSystemImpl.java:register(279)) - Sink prometheus already exists!
2023-06-02 05:15:25,756 [main] INFO  http.BaseHttpServer (BaseHttpServer.java:updateConnectorAddress(344)) - HTTP server of hddsDatanode listening at http://0.0.0.0:15090
2023-06-02 05:15:25,756 [main] INFO  ipc.CallQueueManager (CallQueueManager.java:<init>(90)) - Using callQueue: class java.util.concurrent.LinkedBlockingQueue, queueCapacity: 100, scheduler: class org.apache.hadoop.ipc.DefaultRpcScheduler, ipcBackoff: false.
2023-06-02 05:15:25,757 [Socket Reader #1 for port 15091] INFO  ipc.Server (Server.java:run(1319)) - Starting Socket Reader #1 for port 15091
2023-06-02 05:15:25,762 [Listener at 0.0.0.0/15091] INFO  hdds.HddsUtils (HddsUtils.java:preserveThreadName(843)) - Restoring thread name: main
2023-06-02 05:15:25,762 [main] INFO  ozone.HddsDatanodeService (HddsDatanodeService.java:start(331)) - Datanode start with admins: [runner]
2023-06-02 05:15:25,762 [main] INFO  ozone.HddsDatanodeClientProtocolServer (HddsDatanodeClientProtocolServer.java:start(83)) - RPC server for Client /0.0.0.0:15091
2023-06-02 05:15:25,762 [IPC Server Responder] INFO  ipc.Server (Server.java:run(1558)) - IPC Server Responder: starting
2023-06-02 05:15:25,763 [IPC Server listener on 15091] INFO  ipc.Server (Server.java:run(1398)) - IPC Server listener on 15091: starting
2023-06-02 05:15:25,763 [main] WARN  impl.MetricRegistriesImpl (MetricRegistriesImpl.java:addReporterRegistration(111)) - New reporters are added after registries were created. Some metrics will be missing from the reporter. Please add reporter before adding any new registry.
2023-06-02 05:15:25,763 [main] WARN  impl.MetricRegistriesImpl (MetricRegistriesImpl.java:addReporterRegistration(111)) - New reporters are added after registries were created. Some metrics will be missing from the reporter. Please add reporter before adding any new registry.
2023-06-02 05:15:25,763 [main] INFO  impl.MetricsSystemImpl (MetricsSystemImpl.java:init(158)) - HddsDatanode metrics system started (again)
2023-06-02 05:15:25,769 [Datanode State Machine Daemon Thread] INFO  statemachine.DatanodeStateMachine (DatanodeStateMachine.java:lambda$startDaemon$0(537)) - Ozone container server started.
2023-06-02 05:15:25,781 [main] INFO  ozone.HddsDatanodeService (HddsDatanodeService.java:start(261)) - HddsDatanodeService host:fv-az628-647 ip:10.1.74.1
2023-06-02 05:15:25,793 [org.apache.hadoop.util.JvmPauseMonitor$Monitor@4b3515f8] INFO  util.JvmPauseMonitor (JvmPauseMonitor.java:run(188)) - Starting JVM pause monitor
2023-06-02 05:15:25,797 [Datanode State Machine Task Thread - 0] INFO  datanode.InitDatanodeState (InitDatanodeState.java:persistContainerDatanodeDetails(138)) - DatanodeDetails is persisted to /home/runner/work/ozone/ozone/hadoop-ozone/integration-test/target/test-dir/MiniOzoneClusterImpl-4e6c5432-da36-405d-b7f1-05871ead9573/datanode-9/meta/datanode.id
2023-06-02 05:15:25,813 [main] INFO  upgrade.AbstractLayoutVersionManager (AbstractLayoutVersionManager.java:init(83)) - Initializing Layout version manager with metadata layout = HADOOP_PRC_PORTS_IN_DATANODEDETAILS (version = 7), software layout = HADOOP_PRC_PORTS_IN_DATANODEDETAILS (version = 7)
2023-06-02 05:15:25,814 [main] INFO  statemachine.DatanodeStateMachine (DatanodeStateMachine.java:getEndPointTaskThreadPoolSize(275)) - Datanode State Machine Task Thread Pool size 2
2023-06-02 05:15:25,822 [main] INFO  volume.HddsVolume (HddsVolume.java:<init>(130)) - Creating HddsVolume: /home/runner/work/ozone/ozone/hadoop-ozone/integration-test/target/test-dir/MiniOzoneClusterImpl-4e6c5432-da36-405d-b7f1-05871ead9573/datanode-10/data-0/containers/hdds of storage type : DISK capacity : 9223372036854775807
2023-06-02 05:15:25,822 [main] INFO  volume.MutableVolumeSet (MutableVolumeSet.java:initializeVolumeSet(175)) - Added Volume : /home/runner/work/ozone/ozone/hadoop-ozone/integration-test/target/test-dir/MiniOzoneClusterImpl-4e6c5432-da36-405d-b7f1-05871ead9573/datanode-10/data-0/containers/hdds to VolumeSet
2023-06-02 05:15:25,822 [main] INFO  volume.ThrottledAsyncChecker (ThrottledAsyncChecker.java:schedule(141)) - Scheduling a check for /home/runner/work/ozone/ozone/hadoop-ozone/integration-test/target/test-dir/MiniOzoneClusterImpl-4e6c5432-da36-405d-b7f1-05871ead9573/datanode-10/data-0/containers/hdds
2023-06-02 05:15:25,824 [main] INFO  volume.StorageVolumeChecker (StorageVolumeChecker.java:checkAllVolumes(202)) - Scheduled health check for volume /home/runner/work/ozone/ozone/hadoop-ozone/integration-test/target/test-dir/MiniOzoneClusterImpl-4e6c5432-da36-405d-b7f1-05871ead9573/datanode-10/data-0/containers/hdds
2023-06-02 05:15:25,839 [main] INFO  volume.MutableVolumeSet (MutableVolumeSet.java:initializeVolumeSet(175)) - Added Volume : /home/runner/work/ozone/ozone/hadoop-ozone/integration-test/target/test-dir/MiniOzoneClusterImpl-4e6c5432-da36-405d-b7f1-05871ead9573/datanode-10/data/ratis to VolumeSet
2023-06-02 05:15:25,839 [main] INFO  volume.ThrottledAsyncChecker (ThrottledAsyncChecker.java:schedule(141)) - Scheduling a check for /home/runner/work/ozone/ozone/hadoop-ozone/integration-test/target/test-dir/MiniOzoneClusterImpl-4e6c5432-da36-405d-b7f1-05871ead9573/datanode-10/data/ratis
2023-06-02 05:15:25,839 [main] INFO  volume.StorageVolumeChecker (StorageVolumeChecker.java:checkAllVolumes(202)) - Scheduled health check for volume /home/runner/work/ozone/ozone/hadoop-ozone/integration-test/target/test-dir/MiniOzoneClusterImpl-4e6c5432-da36-405d-b7f1-05871ead9573/datanode-10/data/ratis
2023-06-02 05:15:25,855 [Thread-359] INFO  ozoneimpl.ContainerReader (ContainerReader.java:readVolume(175)) - Finish verifying containers on volume /home/runner/work/ozone/ozone/hadoop-ozone/integration-test/target/test-dir/MiniOzoneClusterImpl-4e6c5432-da36-405d-b7f1-05871ead9573/datanode-10/data-0/containers/hdds
2023-06-02 05:15:25,855 [main] INFO  ozoneimpl.OzoneContainer (OzoneContainer.java:buildContainerSet(303)) - Build ContainerSet costs 0s
2023-06-02 05:15:25,859 [main] INFO  server.RaftServer (ConfUtils.java:logGet(46)) - raft.rpc.type = GRPC (default)
2023-06-02 05:15:25,859 [main] INFO  grpc.GrpcConfigKeys (ConfUtils.java:logFallback(53)) - raft.grpc.admin.host = null (fallback to raft.grpc.server.host)
2023-06-02 05:15:25,859 [main] INFO  grpc.GrpcConfigKeys (ConfUtils.java:logGet(46)) - raft.grpc.admin.port = 15103 (custom)
2023-06-02 05:15:25,859 [main] INFO  grpc.GrpcConfigKeys (ConfUtils.java:logFallback(53)) - raft.grpc.client.host = null (fallback to raft.grpc.server.host)
2023-06-02 05:15:25,860 [main] INFO  grpc.GrpcConfigKeys (ConfUtils.java:logGet(46)) - raft.grpc.client.port = 15102 (custom)
2023-06-02 05:15:25,860 [main] INFO  grpc.GrpcConfigKeys (ConfUtils.java:logGet(46)) - raft.grpc.server.host = null (default)
2023-06-02 05:15:25,860 [main] INFO  grpc.GrpcConfigKeys (ConfUtils.java:logGet(46)) - raft.grpc.server.port = 15104 (custom)
2023-06-02 05:15:25,860 [main] INFO  server.GrpcService (ConfUtils.java:logGet(46)) - raft.grpc.message.size.max = 32MB (=33554432) (custom)
2023-06-02 05:15:25,860 [main] INFO  server.RaftServerConfigKeys (ConfUtils.java:logGet(46)) - raft.server.log.appender.buffer.byte-limit = 33554432 (custom)
2023-06-02 05:15:25,861 [main] INFO  server.GrpcService (ConfUtils.java:logGet(46)) - raft.grpc.flow.control.window = 5MB (=5242880) (custom)
2023-06-02 05:15:25,861 [main] INFO  server.RaftServerConfigKeys (ConfUtils.java:logGet(46)) - raft.server.rpc.request.timeout = 60s (custom)
2023-06-02 05:15:25,861 [main] INFO  grpc.GrpcConfigKeys (ConfUtils.java:logGet(46)) - raft.grpc.server.heartbeat.channel = true (default)
2023-06-02 05:15:25,861 [main] INFO  grpc.GrpcConfigKeys (ConfUtils.java:logGet(46)) - raft.grpc.server.async.request.thread.pool.cached = true (default)
2023-06-02 05:15:25,864 [main] INFO  grpc.GrpcConfigKeys (ConfUtils.java:logGet(46)) - raft.grpc.server.async.request.thread.pool.size = 32 (default)
2023-06-02 05:15:25,868 [main] INFO  impl.DataStreamServerImpl (ConfUtils.java:logGet(46)) - raft.datastream.type = NETTY (custom)
2023-06-02 05:15:25,870 [main] INFO  server.RaftServerConfigKeys (ConfUtils.java:logGet(46)) - raft.server.data-stream.async.request.thread.pool.cached = false (default)
2023-06-02 05:15:25,870 [main] INFO  server.RaftServerConfigKeys (ConfUtils.java:logGet(46)) - raft.server.data-stream.async.request.thread.pool.size = 20 (custom)
2023-06-02 05:15:25,870 [main] INFO  server.RaftServerConfigKeys (ConfUtils.java:logGet(46)) - raft.server.data-stream.async.write.thread.pool.size = 16 (default)
2023-06-02 05:15:25,870 [main] INFO  server.RaftServerConfigKeys (ConfUtils.java:logGet(46)) - raft.server.data-stream.client.pool.size = 10 (default)
2023-06-02 05:15:25,870 [main] INFO  netty.NettyConfigKeys$DataStream (ConfUtils.java:logGet(46)) - raft.netty.dataStream.server.use-epoll = false (default)
2023-06-02 05:15:25,871 [main] INFO  netty.NettyConfigKeys$DataStream (ConfUtils.java:logGet(46)) - raft.netty.dataStream.server.boss-group.size = 0 (default)
2023-06-02 05:15:25,871 [main] INFO  netty.NettyConfigKeys$DataStream (ConfUtils.java:logGet(46)) - raft.netty.dataStream.server.worker-group.size = 0 (default)
2023-06-02 05:15:25,872 [main] INFO  netty.NettyConfigKeys$DataStream (ConfUtils.java:logGet(46)) - raft.netty.dataStream.server.tls.conf = null (default)
2023-06-02 05:15:25,872 [main] INFO  netty.NettyConfigKeys$DataStream (ConfUtils.java:logGet(46)) - raft.netty.dataStream.host = null (default)
2023-06-02 05:15:25,872 [main] INFO  netty.NettyConfigKeys$DataStream (ConfUtils.java:logGet(46)) - raft.netty.dataStream.port = 15105 (custom)
2023-06-02 05:15:25,873 [main] INFO  server.RaftServerConfigKeys (ConfUtils.java:logGet(46)) - raft.server.threadpool.proxy.cached = true (default)
2023-06-02 05:15:25,873 [main] INFO  server.RaftServerConfigKeys (ConfUtils.java:logGet(46)) - raft.server.threadpool.proxy.size = 0 (default)
2023-06-02 05:15:25,875 [f6a83548-c013-4f74-9c0e-0b5a922fe81f-NettyServerStreamRpc-bossGroup--thread1] INFO  logging.LoggingHandler (AbstractInternalLogger.java:log(148)) - [id: 0x038ee940] REGISTERED
2023-06-02 05:15:25,875 [main] INFO  server.RaftServerConfigKeys (ConfUtils.java:logGet(46)) - raft.server.rpc.slowness.timeout = 300s (custom)
2023-06-02 05:15:25,875 [f6a83548-c013-4f74-9c0e-0b5a922fe81f-NettyServerStreamRpc-bossGroup--thread1] INFO  logging.LoggingHandler (AbstractInternalLogger.java:log(148)) - [id: 0x038ee940] BIND: 0.0.0.0/0.0.0.0:15105
2023-06-02 05:15:25,878 [f6a83548-c013-4f74-9c0e-0b5a922fe81f-NettyServerStreamRpc-bossGroup--thread1] INFO  logging.LoggingHandler (AbstractInternalLogger.java:log(148)) - [id: 0x038ee940, L:/0:0:0:0:0:0:0:0:15105] ACTIVE
2023-06-02 05:15:25,875 [main] INFO  server.RaftServerConfigKeys (ConfUtils.java:logGet(46)) - raft.server.leaderelection.leader.step-down.wait-time = 10s (default)
2023-06-02 05:15:25,878 [main] INFO  server.RaftServerConfigKeys (ConfUtils.java:logGet(46)) - raft.server.storage.dir = [/home/runner/work/ozone/ozone/hadoop-ozone/integration-test/target/test-dir/MiniOzoneClusterImpl-4e6c5432-da36-405d-b7f1-05871ead9573/datanode-10/data/ratis] (custom)
2023-06-02 05:15:25,881 [main] INFO  server.XceiverServerGrpc (XceiverServerGrpc.java:<init>(132)) - GrpcServer channel type EpollServerSocketChannel
2023-06-02 05:15:25,883 [main] INFO  replication.ReplicationSupervisor (ReplicationSupervisor.java:nodeStateUpdated(296)) - Node state updated to IN_SERVICE, scaling executor pool size to 10
2023-06-02 05:15:25,884 [main] INFO  token.OzoneBlockTokenSecretManager (OzoneSecretManager.java:updateCurrentKey(175)) - Updating current master key for generating tokens. Cert id 3622618384929
2023-06-02 05:15:25,886 [main] INFO  http.BaseHttpServer (BaseHttpServer.java:newHttpServer2BuilderForOzone(224)) - Starting Web-server for hddsDatanode at: http://0.0.0.0:15099
2023-06-02 05:15:25,886 [main] INFO  http.BaseHttpServer (BaseHttpServer.java:<init>(111)) - Hadoop Security Enabled: false Ozone Security Enabled: false Ozone HTTP Security Enabled: false 
2023-06-02 05:15:25,888 [main] WARN  server.AuthenticationFilter (AuthenticationFilter.java:constructSecretProvider(240)) - Unable to initialize FileSignerSecretProvider, falling back to use random secrets. Reason: Could not read signature secret file: /home/runner/hadoop-http-auth-signature-secret
2023-06-02 05:15:25,889 [main] INFO  http.HttpRequestLog (HttpRequestLog.java:getRequestLog(86)) - Http request log for http.requests.hddsDatanode is not defined
2023-06-02 05:15:25,890 [main] INFO  http.HttpServer2 (HttpServer2.java:addGlobalFilter(1031)) - Added global filter 'safety' (class=org.apache.hadoop.hdds.server.http.HttpServer2$QuotingInputFilter)
2023-06-02 05:15:25,891 [main] INFO  http.HttpServer2 (HttpServer2.java:addFilter(1007)) - Added filter static_user_filter (class=org.apache.hadoop.http.lib.StaticUserWebFilter$StaticUserFilter) to context hddsDatanode
2023-06-02 05:15:25,891 [main] INFO  http.HttpServer2 (HttpServer2.java:addFilter(1015)) - Added filter static_user_filter (class=org.apache.hadoop.http.lib.StaticUserWebFilter$StaticUserFilter) to context static
2023-06-02 05:15:25,891 [main] INFO  http.HttpServer2 (HttpServer2.java:addFilter(1015)) - Added filter static_user_filter (class=org.apache.hadoop.http.lib.StaticUserWebFilter$StaticUserFilter) to context logs
2023-06-02 05:15:25,892 [main] INFO  http.BaseHttpServer (BaseHttpServer.java:<init>(190)) - HTTP server of hddsDatanode uses base directory /home/runner/work/ozone/ozone/hadoop-ozone/integration-test/target/test-dir/MiniOzoneClusterImpl-4e6c5432-da36-405d-b7f1-05871ead9573/datanode-10/meta/webserver
2023-06-02 05:15:25,892 [main] INFO  http.HttpServer2 (HttpServer2.java:bindListener(1250)) - Jetty bound to port 15099
2023-06-02 05:15:25,892 [main] INFO  server.Server (Server.java:doStart(375)) - jetty-9.4.51.v20230217; built: 2023-02-17T08:19:37.309Z; git: b45c405e4544384de066f814ed42ae3dceacdd49; jvm 1.8.0_372-b07
2023-06-02 05:15:25,894 [main] INFO  server.session (DefaultSessionIdManager.java:doStart(334)) - DefaultSessionIdManager workerName=node0
2023-06-02 05:15:25,894 [main] INFO  server.session (DefaultSessionIdManager.java:doStart(339)) - No SessionScavenger set, using defaults
2023-06-02 05:15:25,894 [main] INFO  server.session (HouseKeeper.java:startScavenging(132)) - node0 Scavenging every 660000ms
2023-06-02 05:15:25,895 [main] INFO  handler.ContextHandler (ContextHandler.java:doStart(921)) - Started o.e.j.s.ServletContextHandler@8d25ab9{logs,/logs,file:///home/runner/work/ozone/ozone/hadoop-ozone/integration-test/target/log,AVAILABLE}
2023-06-02 05:15:25,896 [main] INFO  handler.ContextHandler (ContextHandler.java:doStart(921)) - Started o.e.j.s.ServletContextHandler@76bc765d{static,/static,jar:file:/home/runner/.m2/repository/org/apache/ozone/hdds-container-service/1.4.0-SNAPSHOT/hdds-container-service-1.4.0-SNAPSHOT.jar!/webapps/static,AVAILABLE}
2023-06-02 05:15:25,963 [IPC Server handler 2 on default port 15002] INFO  net.NetworkTopologyImpl (NetworkTopologyImpl.java:add(112)) - Added a new node: /default-rack/21bba47c-9d70-4b1d-8693-1fcc7960d534
2023-06-02 05:15:25,964 [IPC Server handler 2 on default port 15002] INFO  node.SCMNodeManager (SCMNodeManager.java:register(407)) - Registered Data node : 21bba47c-9d70-4b1d-8693-1fcc7960d534{ip: 10.1.74.1, host: fv-az628-647, ports: [HTTP=15018, CLIENT_RPC=15019, REPLICATION=15025, RATIS=15021, RATIS_ADMIN=15022, RATIS_SERVER=15023, RATIS_DATASTREAM=15024, STANDALONE=15020], networkLocation: /default-rack, certSerialId: null, persistedOpState: null, persistedOpStateExpiryEpochSec: 0}
2023-06-02 05:15:25,966 [EventQueue-NewNodeForNewNodeHandler] INFO  pipeline.BackgroundPipelineCreator (BackgroundPipelineCreator.java:notifyEventTriggered(276)) - trigger a one-shot run on RatisPipelineUtilsThread.
2023-06-02 05:15:25,967 [RatisPipelineUtilsThread - 0] INFO  pipeline.RatisPipelineProvider (RatisPipelineProvider.java:lambda$create$0(206)) - Sending CreatePipelineCommand for pipeline:PipelineID=94a03fed-81c2-41e4-b34c-9dda56843d8d to datanode:21bba47c-9d70-4b1d-8693-1fcc7960d534
2023-06-02 05:15:25,968 [RatisPipelineUtilsThread - 0] INFO  pipeline.PipelineStateManagerImpl (PipelineStateManagerImpl.java:addPipeline(103)) - Created pipeline Pipeline[ Id: 94a03fed-81c2-41e4-b34c-9dda56843d8d, Nodes: 21bba47c-9d70-4b1d-8693-1fcc7960d534(fv-az628-647/10.1.74.1), ReplicationConfig: RATIS/ONE, State:ALLOCATED, leaderId:, CreationTimestamp2023-06-02T05:15:25.967Z[Etc/UTC]].
2023-06-02 05:15:25,969 [EventQueue-NodeRegistrationContainerReportForDataNodeSafeModeRule] INFO  safemode.SCMSafeModeManager (DataNodeSafeModeRule.java:process(71)) - SCM in safe mode. 2 DataNodes registered, 3 required.
2023-06-02 05:15:26,246 [EndpointStateMachine task thread for /0.0.0.0:15002 - 0 ] INFO  utils.DatanodeStoreCache (DatanodeStoreCache.java:addDB(66)) - Added db /home/runner/work/ozone/ozone/hadoop-ozone/integration-test/target/test-dir/MiniOzoneClusterImpl-4e6c5432-da36-405d-b7f1-05871ead9573/datanode-6/data-0/containers/hdds/4e6c5432-da36-405d-b7f1-05871ead9573/DS-46daf475-ba49-48e1-9a2d-4036d2c470f2/container.db to cache
2023-06-02 05:15:26,246 [EndpointStateMachine task thread for /0.0.0.0:15002 - 0 ] INFO  volume.HddsVolume (HddsVolume.java:createDbStore(350)) - SchemaV3 db is created and loaded at /home/runner/work/ozone/ozone/hadoop-ozone/integration-test/target/test-dir/MiniOzoneClusterImpl-4e6c5432-da36-405d-b7f1-05871ead9573/datanode-6/data-0/containers/hdds/4e6c5432-da36-405d-b7f1-05871ead9573/DS-46daf475-ba49-48e1-9a2d-4036d2c470f2/container.db for volume DS-46daf475-ba49-48e1-9a2d-4036d2c470f2
2023-06-02 05:15:26,247 [EndpointStateMachine task thread for /0.0.0.0:15002 - 0 ] INFO  ozoneimpl.OzoneContainer (OzoneContainer.java:start(398)) - Attempting to start container services.
2023-06-02 05:15:26,248 [EndpointStateMachine task thread for /0.0.0.0:15002 - 0 ] INFO  ozoneimpl.OzoneContainer (OzoneContainer.java:startContainerScrub(314)) - Scheduled background container scanners and the on-demand container scanner have been disabled.
2023-06-02 05:15:26,251 [EndpointStateMachine task thread for /0.0.0.0:15002 - 0 ] INFO  replication.ReplicationServer (ReplicationServer.java:start(128)) - ReplicationServer is started using port 15070
2023-06-02 05:15:26,252 [EndpointStateMachine task thread for /0.0.0.0:15002 - 0 ] INFO  ratis.XceiverServerRatis (XceiverServerRatis.java:start(517)) - Starting XceiverServerRatis 87f06f2d-f73a-4ca4-bc8e-5aedfa582ec7
2023-06-02 05:15:26,269 [EndpointStateMachine task thread for /0.0.0.0:15002 - 0 ] INFO  server.RaftServer (RaftServerProxy.java:startImpl(400)) - 87f06f2d-f73a-4ca4-bc8e-5aedfa582ec7: start RPC server
2023-06-02 05:15:26,278 [EndpointStateMachine task thread for /0.0.0.0:15002 - 0 ] INFO  server.GrpcService (GrpcService.java:startImpl(302)) - 87f06f2d-f73a-4ca4-bc8e-5aedfa582ec7: GrpcService started, listening on 15066
2023-06-02 05:15:26,282 [EndpointStateMachine task thread for /0.0.0.0:15002 - 0 ] INFO  server.GrpcService (GrpcService.java:startImpl(302)) - 87f06f2d-f73a-4ca4-bc8e-5aedfa582ec7: GrpcService started, listening on 15068
2023-06-02 05:15:26,283 [EndpointStateMachine task thread for /0.0.0.0:15002 - 0 ] INFO  server.GrpcService (GrpcService.java:startImpl(302)) - 87f06f2d-f73a-4ca4-bc8e-5aedfa582ec7: GrpcService started, listening on 15067
2023-06-02 05:15:26,283 [EndpointStateMachine task thread for /0.0.0.0:15002 - 0 ] INFO  ratis.XceiverServerRatis (XceiverServerRatis.java:getRealPort(543)) - XceiverServerRatis 87f06f2d-f73a-4ca4-bc8e-5aedfa582ec7 is started using port 15066 for RATIS
2023-06-02 05:15:26,283 [JvmPauseMonitor7] INFO  util.JvmPauseMonitor (JvmPauseMonitor.java:run(103)) - JvmPauseMonitor-87f06f2d-f73a-4ca4-bc8e-5aedfa582ec7: Started
2023-06-02 05:15:26,283 [EndpointStateMachine task thread for /0.0.0.0:15002 - 0 ] INFO  ratis.XceiverServerRatis (XceiverServerRatis.java:getRealPort(543)) - XceiverServerRatis 87f06f2d-f73a-4ca4-bc8e-5aedfa582ec7 is started using port 15067 for RATIS_ADMIN
2023-06-02 05:15:26,283 [EndpointStateMachine task thread for /0.0.0.0:15002 - 0 ] INFO  ratis.XceiverServerRatis (XceiverServerRatis.java:getRealPort(543)) - XceiverServerRatis 87f06f2d-f73a-4ca4-bc8e-5aedfa582ec7 is started using port 15068 for RATIS_SERVER
2023-06-02 05:15:26,283 [EndpointStateMachine task thread for /0.0.0.0:15002 - 0 ] INFO  ratis.XceiverServerRatis (XceiverServerRatis.java:getRealPort(543)) - XceiverServerRatis 87f06f2d-f73a-4ca4-bc8e-5aedfa582ec7 is started using port 15069 for RATIS_DATASTREAM
2023-06-02 05:15:26,292 [BlockDeletingService#0] INFO  interfaces.ContainerDeletionChoosingPolicyTemplate (ContainerDeletionChoosingPolicyTemplate.java:chooseContainerForBlockDeletion(83)) - Chosen 0/5000 blocks from 0 candidate containers.
2023-06-02 05:15:26,314 [main] INFO  handler.ContextHandler (ContextHandler.java:doStart(921)) - Started o.e.j.w.WebAppContext@e1cc4e5{hddsDatanode,/,file:///home/runner/work/ozone/ozone/hadoop-ozone/integration-test/target/test-dir/MiniOzoneClusterImpl-4e6c5432-da36-405d-b7f1-05871ead9573/datanode-10/meta/webserver/jetty-0_0_0_0-15099-hdds-container-service-1_4_0-SNAPSHOT_jar-_-any-2628513134031717293/webapp/,AVAILABLE}{jar:file:/home/runner/.m2/repository/org/apache/ozone/hdds-container-service/1.4.0-SNAPSHOT/hdds-container-service-1.4.0-SNAPSHOT.jar!/webapps/hddsDatanode}
2023-06-02 05:15:26,316 [main] INFO  server.AbstractConnector (AbstractConnector.java:doStart(333)) - Started ServerConnector@203a51cf{HTTP/1.1, (http/1.1)}{0.0.0.0:15099}
2023-06-02 05:15:26,316 [main] INFO  server.Server (Server.java:doStart(415)) - Started @17149ms
2023-06-02 05:15:26,316 [main] WARN  impl.MetricsSystemImpl (MetricsSystemImpl.java:register(279)) - Sink prometheus already exists!
2023-06-02 05:15:26,320 [main] INFO  http.BaseHttpServer (BaseHttpServer.java:updateConnectorAddress(344)) - HTTP server of hddsDatanode listening at http://0.0.0.0:15099
2023-06-02 05:15:26,321 [main] INFO  ipc.CallQueueManager (CallQueueManager.java:<init>(90)) - Using callQueue: class java.util.concurrent.LinkedBlockingQueue, queueCapacity: 100, scheduler: class org.apache.hadoop.ipc.DefaultRpcScheduler, ipcBackoff: false.
2023-06-02 05:15:26,340 [Listener at 0.0.0.0/15100] INFO  hdds.HddsUtils (HddsUtils.java:preserveThreadName(843)) - Restoring thread name: main
2023-06-02 05:15:26,340 [main] INFO  ozone.HddsDatanodeService (HddsDatanodeService.java:start(331)) - Datanode start with admins: [runner]
2023-06-02 05:15:26,340 [main] INFO  ozone.HddsDatanodeClientProtocolServer (HddsDatanodeClientProtocolServer.java:start(83)) - RPC server for Client /0.0.0.0:15100
2023-06-02 05:15:26,341 [IPC Server Responder] INFO  ipc.Server (Server.java:run(1558)) - IPC Server Responder: starting
2023-06-02 05:15:26,341 [main] WARN  impl.MetricRegistriesImpl (MetricRegistriesImpl.java:addReporterRegistration(111)) - New reporters are added after registries were created. Some metrics will be missing from the reporter. Please add reporter before adding any new registry.
2023-06-02 05:15:26,341 [IPC Server listener on 15100] INFO  ipc.Server (Server.java:run(1398)) - IPC Server listener on 15100: starting
2023-06-02 05:15:26,348 [Datanode State Machine Daemon Thread] INFO  statemachine.DatanodeStateMachine (DatanodeStateMachine.java:lambda$startDaemon$0(537)) - Ozone container server started.
2023-06-02 05:15:26,348 [main] WARN  impl.MetricRegistriesImpl (MetricRegistriesImpl.java:addReporterRegistration(111)) - New reporters are added after registries were created. Some metrics will be missing from the reporter. Please add reporter before adding any new registry.
2023-06-02 05:15:26,358 [main] INFO  impl.MetricsSystemImpl (MetricsSystemImpl.java:init(158)) - HddsDatanode metrics system started (again)
2023-06-02 05:15:26,343 [Socket Reader #1 for port 15100] INFO  ipc.Server (Server.java:run(1319)) - Starting Socket Reader #1 for port 15100
2023-06-02 05:15:26,372 [org.apache.hadoop.util.JvmPauseMonitor$Monitor@3001d964] INFO  util.JvmPauseMonitor (JvmPauseMonitor.java:run(188)) - Starting JVM pause monitor
2023-06-02 05:15:26,382 [IPC Server handler 1 on default port 15002] INFO  net.NetworkTopologyImpl (NetworkTopologyImpl.java:add(112)) - Added a new node: /default-rack/f140acff-7aed-42b1-955f-393a22e760fa
2023-06-02 05:15:26,382 [IPC Server handler 1 on default port 15002] INFO  node.SCMNodeManager (SCMNodeManager.java:register(407)) - Registered Data node : f140acff-7aed-42b1-955f-393a22e760fa{ip: 10.1.74.1, host: fv-az628-647, ports: [HTTP=15027, CLIENT_RPC=15028, REPLICATION=15034, RATIS=15030, RATIS_ADMIN=15031, RATIS_SERVER=15032, RATIS_DATASTREAM=15033, STANDALONE=15029], networkLocation: /default-rack, certSerialId: null, persistedOpState: null, persistedOpStateExpiryEpochSec: 0}
2023-06-02 05:15:26,382 [EventQueue-NewNodeForNewNodeHandler] INFO  pipeline.BackgroundPipelineCreator (BackgroundPipelineCreator.java:notifyEventTriggered(276)) - trigger a one-shot run on RatisPipelineUtilsThread.
2023-06-02 05:15:26,383 [RatisPipelineUtilsThread - 0] INFO  pipeline.RatisPipelineProvider (RatisPipelineProvider.java:lambda$create$0(206)) - Sending CreatePipelineCommand for pipeline:PipelineID=35bb2462-c4b7-477a-94e3-48d23dec67b1 to datanode:f140acff-7aed-42b1-955f-393a22e760fa
2023-06-02 05:15:26,386 [RatisPipelineUtilsThread - 0] INFO  pipeline.PipelineStateManagerImpl (PipelineStateManagerImpl.java:addPipeline(103)) - Created pipeline Pipeline[ Id: 35bb2462-c4b7-477a-94e3-48d23dec67b1, Nodes: f140acff-7aed-42b1-955f-393a22e760fa(fv-az628-647/10.1.74.1), ReplicationConfig: RATIS/ONE, State:ALLOCATED, leaderId:, CreationTimestamp2023-06-02T05:15:26.383Z[Etc/UTC]].
2023-06-02 05:15:26,392 [EventQueue-NodeRegistrationContainerReportForDataNodeSafeModeRule] INFO  safemode.SCMSafeModeManager (DataNodeSafeModeRule.java:process(71)) - SCM in safe mode. 3 DataNodes registered, 3 required.
2023-06-02 05:15:26,392 [EventQueue-NodeRegistrationContainerReportForDataNodeSafeModeRule] INFO  safemode.SCMSafeModeManager (SCMSafeModeManager.java:validateSafeModeExitRules(200)) - DataNodeSafeModeRule rule is successfully validated
2023-06-02 05:15:26,392 [EventQueue-NodeRegistrationContainerReportForDataNodeSafeModeRule] INFO  safemode.SCMSafeModeManager (SCMSafeModeManager.java:completePreCheck(229)) - All SCM safe mode pre check rules have passed
2023-06-02 05:15:26,392 [EventQueue-NodeRegistrationContainerReportForDataNodeSafeModeRule] INFO  ha.SCMContext (SCMContext.java:updateSafeModeStatus(228)) - Update SafeModeStatus from SafeModeStatus{safeModeStatus=true, preCheckPassed=false} to SafeModeStatus{safeModeStatus=true, preCheckPassed=true}.
2023-06-02 05:15:26,393 [EventQueue-NodeRegistrationContainerReportForDataNodeSafeModeRule] INFO  pipeline.BackgroundPipelineCreator (BackgroundPipelineCreator.java:notifyEventTriggered(276)) - trigger a one-shot run on RatisPipelineUtilsThread.
2023-06-02 05:15:26,404 [RatisPipelineUtilsThread - 0] INFO  pipeline.RatisPipelineProvider (RatisPipelineProvider.java:lambda$create$0(206)) - Sending CreatePipelineCommand for pipeline:PipelineID=b3981fcf-ddff-4145-a6d7-e8bf24b615d5 to datanode:f140acff-7aed-42b1-955f-393a22e760fa
2023-06-02 05:15:26,404 [RatisPipelineUtilsThread - 0] INFO  pipeline.RatisPipelineProvider (RatisPipelineProvider.java:lambda$create$0(206)) - Sending CreatePipelineCommand for pipeline:PipelineID=b3981fcf-ddff-4145-a6d7-e8bf24b615d5 to datanode:f102c20d-579f-44a7-9197-f839bb943261
2023-06-02 05:15:26,404 [RatisPipelineUtilsThread - 0] INFO  pipeline.RatisPipelineProvider (RatisPipelineProvider.java:lambda$create$0(206)) - Sending CreatePipelineCommand for pipeline:PipelineID=b3981fcf-ddff-4145-a6d7-e8bf24b615d5 to datanode:21bba47c-9d70-4b1d-8693-1fcc7960d534
2023-06-02 05:15:26,405 [Datanode State Machine Task Thread - 0] INFO  datanode.InitDatanodeState (InitDatanodeState.java:persistContainerDatanodeDetails(138)) - DatanodeDetails is persisted to /home/runner/work/ozone/ozone/hadoop-ozone/integration-test/target/test-dir/MiniOzoneClusterImpl-4e6c5432-da36-405d-b7f1-05871ead9573/datanode-10/meta/datanode.id
2023-06-02 05:15:26,406 [RatisPipelineUtilsThread - 0] INFO  pipeline.PipelineStateManagerImpl (PipelineStateManagerImpl.java:addPipeline(103)) - Created pipeline Pipeline[ Id: b3981fcf-ddff-4145-a6d7-e8bf24b615d5, Nodes: f140acff-7aed-42b1-955f-393a22e760fa(fv-az628-647/10.1.74.1)f102c20d-579f-44a7-9197-f839bb943261(fv-az628-647/10.1.74.1)21bba47c-9d70-4b1d-8693-1fcc7960d534(fv-az628-647/10.1.74.1), ReplicationConfig: RATIS/THREE, State:ALLOCATED, leaderId:, CreationTimestamp2023-06-02T05:15:26.404Z[Etc/UTC]].
2023-06-02 05:15:26,416 [main] INFO  ozone.HddsDatanodeService (HddsDatanodeService.java:start(261)) - HddsDatanodeService host:fv-az628-647 ip:10.1.74.1
2023-06-02 05:15:26,421 [RatisPipelineUtilsThread - 0] INFO  pipeline.RatisPipelineProvider (RatisPipelineProvider.java:lambda$create$0(206)) - Sending CreatePipelineCommand for pipeline:PipelineID=fe6d5e3d-8cf4-48d0-a6b4-a3fcdcc912b4 to datanode:f102c20d-579f-44a7-9197-f839bb943261
2023-06-02 05:15:26,423 [RatisPipelineUtilsThread - 0] INFO  pipeline.RatisPipelineProvider (RatisPipelineProvider.java:lambda$create$0(206)) - Sending CreatePipelineCommand for pipeline:PipelineID=fe6d5e3d-8cf4-48d0-a6b4-a3fcdcc912b4 to datanode:f140acff-7aed-42b1-955f-393a22e760fa
2023-06-02 05:15:26,424 [RatisPipelineUtilsThread - 0] INFO  pipeline.RatisPipelineProvider (RatisPipelineProvider.java:lambda$create$0(206)) - Sending CreatePipelineCommand for pipeline:PipelineID=fe6d5e3d-8cf4-48d0-a6b4-a3fcdcc912b4 to datanode:21bba47c-9d70-4b1d-8693-1fcc7960d534
2023-06-02 05:15:26,431 [RatisPipelineUtilsThread - 0] INFO  pipeline.PipelineStateManagerImpl (PipelineStateManagerImpl.java:addPipeline(103)) - Created pipeline Pipeline[ Id: fe6d5e3d-8cf4-48d0-a6b4-a3fcdcc912b4, Nodes: f102c20d-579f-44a7-9197-f839bb943261(fv-az628-647/10.1.74.1)f140acff-7aed-42b1-955f-393a22e760fa(fv-az628-647/10.1.74.1)21bba47c-9d70-4b1d-8693-1fcc7960d534(fv-az628-647/10.1.74.1), ReplicationConfig: RATIS/THREE, State:ALLOCATED, leaderId:, CreationTimestamp2023-06-02T05:15:26.421Z[Etc/UTC]].
2023-06-02 05:15:26,432 [RatisPipelineUtilsThread - 0] INFO  pipeline.PipelineManagerImpl (PipelineManagerImpl.java:recordMetricsForPipeline(826)) - Pipeline: PipelineID=fe6d5e3d-8cf4-48d0-a6b4-a3fcdcc912b4 contains same datanodes as previous pipelines: PipelineID=b3981fcf-ddff-4145-a6d7-e8bf24b615d5 nodeIds: f102c20d-579f-44a7-9197-f839bb943261, f140acff-7aed-42b1-955f-393a22e760fa, 21bba47c-9d70-4b1d-8693-1fcc7960d534
2023-06-02 05:15:26,432 [RatisPipelineUtilsThread - 0] WARN  pipeline.PipelinePlacementPolicy (PipelinePlacementPolicy.java:filterViableNodes(160)) - Pipeline creation failed due to no sufficient healthy datanodes. Required 3. Found 0. Excluded 3.
2023-06-02 05:15:26,445 [main] INFO  upgrade.AbstractLayoutVersionManager (AbstractLayoutVersionManager.java:init(83)) - Initializing Layout version manager with metadata layout = HADOOP_PRC_PORTS_IN_DATANODEDETAILS (version = 7), software layout = HADOOP_PRC_PORTS_IN_DATANODEDETAILS (version = 7)
2023-06-02 05:15:26,446 [main] INFO  statemachine.DatanodeStateMachine (DatanodeStateMachine.java:getEndPointTaskThreadPoolSize(275)) - Datanode State Machine Task Thread Pool size 2
2023-06-02 05:15:26,448 [main] INFO  volume.HddsVolume (HddsVolume.java:<init>(130)) - Creating HddsVolume: /home/runner/work/ozone/ozone/hadoop-ozone/integration-test/target/test-dir/MiniOzoneClusterImpl-4e6c5432-da36-405d-b7f1-05871ead9573/datanode-11/data-0/containers/hdds of storage type : DISK capacity : 9223372036854775807
2023-06-02 05:15:26,448 [main] INFO  volume.MutableVolumeSet (MutableVolumeSet.java:initializeVolumeSet(175)) - Added Volume : /home/runner/work/ozone/ozone/hadoop-ozone/integration-test/target/test-dir/MiniOzoneClusterImpl-4e6c5432-da36-405d-b7f1-05871ead9573/datanode-11/data-0/containers/hdds to VolumeSet
2023-06-02 05:15:26,448 [main] INFO  volume.ThrottledAsyncChecker (ThrottledAsyncChecker.java:schedule(141)) - Scheduling a check for /home/runner/work/ozone/ozone/hadoop-ozone/integration-test/target/test-dir/MiniOzoneClusterImpl-4e6c5432-da36-405d-b7f1-05871ead9573/datanode-11/data-0/containers/hdds
2023-06-02 05:15:26,449 [main] INFO  volume.StorageVolumeChecker (StorageVolumeChecker.java:checkAllVolumes(202)) - Scheduled health check for volume /home/runner/work/ozone/ozone/hadoop-ozone/integration-test/target/test-dir/MiniOzoneClusterImpl-4e6c5432-da36-405d-b7f1-05871ead9573/datanode-11/data-0/containers/hdds
2023-06-02 05:15:26,461 [main] INFO  volume.MutableVolumeSet (MutableVolumeSet.java:initializeVolumeSet(175)) - Added Volume : /home/runner/work/ozone/ozone/hadoop-ozone/integration-test/target/test-dir/MiniOzoneClusterImpl-4e6c5432-da36-405d-b7f1-05871ead9573/datanode-11/data/ratis to VolumeSet
2023-06-02 05:15:26,462 [main] INFO  volume.ThrottledAsyncChecker (ThrottledAsyncChecker.java:schedule(141)) - Scheduling a check for /home/runner/work/ozone/ozone/hadoop-ozone/integration-test/target/test-dir/MiniOzoneClusterImpl-4e6c5432-da36-405d-b7f1-05871ead9573/datanode-11/data/ratis
2023-06-02 05:15:26,463 [main] INFO  volume.StorageVolumeChecker (StorageVolumeChecker.java:checkAllVolumes(202)) - Scheduled health check for volume /home/runner/work/ozone/ozone/hadoop-ozone/integration-test/target/test-dir/MiniOzoneClusterImpl-4e6c5432-da36-405d-b7f1-05871ead9573/datanode-11/data/ratis
2023-06-02 05:15:26,475 [Thread-382] INFO  ozoneimpl.ContainerReader (ContainerReader.java:readVolume(175)) - Finish verifying containers on volume /home/runner/work/ozone/ozone/hadoop-ozone/integration-test/target/test-dir/MiniOzoneClusterImpl-4e6c5432-da36-405d-b7f1-05871ead9573/datanode-11/data-0/containers/hdds
2023-06-02 05:15:26,475 [main] INFO  ozoneimpl.OzoneContainer (OzoneContainer.java:buildContainerSet(303)) - Build ContainerSet costs 0s
2023-06-02 05:15:26,478 [main] INFO  server.RaftServer (ConfUtils.java:logGet(46)) - raft.rpc.type = GRPC (default)
2023-06-02 05:15:26,478 [main] INFO  grpc.GrpcConfigKeys (ConfUtils.java:logFallback(53)) - raft.grpc.admin.host = null (fallback to raft.grpc.server.host)
2023-06-02 05:15:26,479 [main] INFO  grpc.GrpcConfigKeys (ConfUtils.java:logGet(46)) - raft.grpc.admin.port = 15112 (custom)
2023-06-02 05:15:26,479 [main] INFO  grpc.GrpcConfigKeys (ConfUtils.java:logFallback(53)) - raft.grpc.client.host = null (fallback to raft.grpc.server.host)
2023-06-02 05:15:26,479 [main] INFO  grpc.GrpcConfigKeys (ConfUtils.java:logGet(46)) - raft.grpc.client.port = 15111 (custom)
2023-06-02 05:15:26,479 [main] INFO  grpc.GrpcConfigKeys (ConfUtils.java:logGet(46)) - raft.grpc.server.host = null (default)
2023-06-02 05:15:26,479 [main] INFO  grpc.GrpcConfigKeys (ConfUtils.java:logGet(46)) - raft.grpc.server.port = 15113 (custom)
2023-06-02 05:15:26,479 [main] INFO  server.GrpcService (ConfUtils.java:logGet(46)) - raft.grpc.message.size.max = 32MB (=33554432) (custom)
2023-06-02 05:15:26,480 [main] INFO  server.RaftServerConfigKeys (ConfUtils.java:logGet(46)) - raft.server.log.appender.buffer.byte-limit = 33554432 (custom)
2023-06-02 05:15:26,480 [main] INFO  server.GrpcService (ConfUtils.java:logGet(46)) - raft.grpc.flow.control.window = 5MB (=5242880) (custom)
2023-06-02 05:15:26,480 [main] INFO  server.RaftServerConfigKeys (ConfUtils.java:logGet(46)) - raft.server.rpc.request.timeout = 60s (custom)
2023-06-02 05:15:26,480 [main] INFO  grpc.GrpcConfigKeys (ConfUtils.java:logGet(46)) - raft.grpc.server.heartbeat.channel = true (default)
2023-06-02 05:15:26,480 [main] INFO  grpc.GrpcConfigKeys (ConfUtils.java:logGet(46)) - raft.grpc.server.async.request.thread.pool.cached = true (default)
2023-06-02 05:15:26,481 [main] INFO  grpc.GrpcConfigKeys (ConfUtils.java:logGet(46)) - raft.grpc.server.async.request.thread.pool.size = 32 (default)
2023-06-02 05:15:26,483 [main] INFO  impl.DataStreamServerImpl (ConfUtils.java:logGet(46)) - raft.datastream.type = NETTY (custom)
2023-06-02 05:15:26,484 [main] INFO  server.RaftServerConfigKeys (ConfUtils.java:logGet(46)) - raft.server.data-stream.async.request.thread.pool.cached = false (default)
2023-06-02 05:15:26,484 [main] INFO  server.RaftServerConfigKeys (ConfUtils.java:logGet(46)) - raft.server.data-stream.async.request.thread.pool.size = 20 (custom)
2023-06-02 05:15:26,484 [main] INFO  server.RaftServerConfigKeys (ConfUtils.java:logGet(46)) - raft.server.data-stream.async.write.thread.pool.size = 16 (default)
2023-06-02 05:15:26,484 [main] INFO  server.RaftServerConfigKeys (ConfUtils.java:logGet(46)) - raft.server.data-stream.client.pool.size = 10 (default)
2023-06-02 05:15:26,485 [main] INFO  netty.NettyConfigKeys$DataStream (ConfUtils.java:logGet(46)) - raft.netty.dataStream.server.use-epoll = false (default)
2023-06-02 05:15:26,485 [main] INFO  netty.NettyConfigKeys$DataStream (ConfUtils.java:logGet(46)) - raft.netty.dataStream.server.boss-group.size = 0 (default)
2023-06-02 05:15:26,485 [main] INFO  netty.NettyConfigKeys$DataStream (ConfUtils.java:logGet(46)) - raft.netty.dataStream.server.worker-group.size = 0 (default)
2023-06-02 05:15:26,486 [main] INFO  netty.NettyConfigKeys$DataStream (ConfUtils.java:logGet(46)) - raft.netty.dataStream.server.tls.conf = null (default)
2023-06-02 05:15:26,486 [main] INFO  netty.NettyConfigKeys$DataStream (ConfUtils.java:logGet(46)) - raft.netty.dataStream.host = null (default)
2023-06-02 05:15:26,486 [main] INFO  netty.NettyConfigKeys$DataStream (ConfUtils.java:logGet(46)) - raft.netty.dataStream.port = 15114 (custom)
2023-06-02 05:15:26,487 [main] INFO  server.RaftServerConfigKeys (ConfUtils.java:logGet(46)) - raft.server.threadpool.proxy.cached = true (default)
2023-06-02 05:15:26,487 [main] INFO  server.RaftServerConfigKeys (ConfUtils.java:logGet(46)) - raft.server.threadpool.proxy.size = 0 (default)
2023-06-02 05:15:26,487 [main] INFO  server.RaftServerConfigKeys (ConfUtils.java:logGet(46)) - raft.server.rpc.slowness.timeout = 300s (custom)
2023-06-02 05:15:26,487 [main] INFO  server.RaftServerConfigKeys (ConfUtils.java:logGet(46)) - raft.server.leaderelection.leader.step-down.wait-time = 10s (default)
2023-06-02 05:15:26,488 [main] INFO  server.RaftServerConfigKeys (ConfUtils.java:logGet(46)) - raft.server.storage.dir = [/home/runner/work/ozone/ozone/hadoop-ozone/integration-test/target/test-dir/MiniOzoneClusterImpl-4e6c5432-da36-405d-b7f1-05871ead9573/datanode-11/data/ratis] (custom)
2023-06-02 05:15:26,495 [af4b945e-05c9-4c95-92ea-ec296ba0645f-NettyServerStreamRpc-bossGroup--thread1] INFO  logging.LoggingHandler (AbstractInternalLogger.java:log(148)) - [id: 0x3c42f348] REGISTERED
2023-06-02 05:15:26,496 [af4b945e-05c9-4c95-92ea-ec296ba0645f-NettyServerStreamRpc-bossGroup--thread1] INFO  logging.LoggingHandler (AbstractInternalLogger.java:log(148)) - [id: 0x3c42f348] BIND: 0.0.0.0/0.0.0.0:15114
2023-06-02 05:15:26,496 [af4b945e-05c9-4c95-92ea-ec296ba0645f-NettyServerStreamRpc-bossGroup--thread1] INFO  logging.LoggingHandler (AbstractInternalLogger.java:log(148)) - [id: 0x3c42f348, L:/0:0:0:0:0:0:0:0:15114] ACTIVE
2023-06-02 05:15:26,498 [main] INFO  server.XceiverServerGrpc (XceiverServerGrpc.java:<init>(132)) - GrpcServer channel type EpollServerSocketChannel
2023-06-02 05:15:26,500 [main] INFO  replication.ReplicationSupervisor (ReplicationSupervisor.java:nodeStateUpdated(296)) - Node state updated to IN_SERVICE, scaling executor pool size to 10
2023-06-02 05:15:26,501 [main] INFO  token.OzoneBlockTokenSecretManager (OzoneSecretManager.java:updateCurrentKey(175)) - Updating current master key for generating tokens. Cert id 3622618384929
2023-06-02 05:15:26,503 [main] INFO  http.BaseHttpServer (BaseHttpServer.java:newHttpServer2BuilderForOzone(224)) - Starting Web-server for hddsDatanode at: http://0.0.0.0:15108
2023-06-02 05:15:26,503 [main] INFO  http.BaseHttpServer (BaseHttpServer.java:<init>(111)) - Hadoop Security Enabled: false Ozone Security Enabled: false Ozone HTTP Security Enabled: false 
2023-06-02 05:15:26,505 [main] WARN  server.AuthenticationFilter (AuthenticationFilter.java:constructSecretProvider(240)) - Unable to initialize FileSignerSecretProvider, falling back to use random secrets. Reason: Could not read signature secret file: /home/runner/hadoop-http-auth-signature-secret
2023-06-02 05:15:26,510 [main] INFO  http.HttpRequestLog (HttpRequestLog.java:getRequestLog(86)) - Http request log for http.requests.hddsDatanode is not defined
2023-06-02 05:15:26,511 [main] INFO  http.HttpServer2 (HttpServer2.java:addGlobalFilter(1031)) - Added global filter 'safety' (class=org.apache.hadoop.hdds.server.http.HttpServer2$QuotingInputFilter)
2023-06-02 05:15:26,512 [main] INFO  http.HttpServer2 (HttpServer2.java:addFilter(1007)) - Added filter static_user_filter (class=org.apache.hadoop.http.lib.StaticUserWebFilter$StaticUserFilter) to context hddsDatanode
2023-06-02 05:15:26,512 [main] INFO  http.HttpServer2 (HttpServer2.java:addFilter(1015)) - Added filter static_user_filter (class=org.apache.hadoop.http.lib.StaticUserWebFilter$StaticUserFilter) to context static
2023-06-02 05:15:26,512 [main] INFO  http.HttpServer2 (HttpServer2.java:addFilter(1015)) - Added filter static_user_filter (class=org.apache.hadoop.http.lib.StaticUserWebFilter$StaticUserFilter) to context logs
2023-06-02 05:15:26,513 [main] INFO  http.BaseHttpServer (BaseHttpServer.java:<init>(190)) - HTTP server of hddsDatanode uses base directory /home/runner/work/ozone/ozone/hadoop-ozone/integration-test/target/test-dir/MiniOzoneClusterImpl-4e6c5432-da36-405d-b7f1-05871ead9573/datanode-11/meta/webserver
2023-06-02 05:15:26,513 [main] INFO  http.HttpServer2 (HttpServer2.java:bindListener(1250)) - Jetty bound to port 15108
2023-06-02 05:15:26,513 [main] INFO  server.Server (Server.java:doStart(375)) - jetty-9.4.51.v20230217; built: 2023-02-17T08:19:37.309Z; git: b45c405e4544384de066f814ed42ae3dceacdd49; jvm 1.8.0_372-b07
2023-06-02 05:15:26,516 [main] INFO  server.session (DefaultSessionIdManager.java:doStart(334)) - DefaultSessionIdManager workerName=node0
2023-06-02 05:15:26,516 [main] INFO  server.session (DefaultSessionIdManager.java:doStart(339)) - No SessionScavenger set, using defaults
2023-06-02 05:15:26,516 [main] INFO  server.session (HouseKeeper.java:startScavenging(132)) - node0 Scavenging every 660000ms
2023-06-02 05:15:26,517 [main] INFO  handler.ContextHandler (ContextHandler.java:doStart(921)) - Started o.e.j.s.ServletContextHandler@15e2a1d9{logs,/logs,file:///home/runner/work/ozone/ozone/hadoop-ozone/integration-test/target/log,AVAILABLE}
2023-06-02 05:15:26,518 [main] INFO  handler.ContextHandler (ContextHandler.java:doStart(921)) - Started o.e.j.s.ServletContextHandler@73ebe37f{static,/static,jar:file:/home/runner/.m2/repository/org/apache/ozone/hdds-container-service/1.4.0-SNAPSHOT/hdds-container-service-1.4.0-SNAPSHOT.jar!/webapps/static,AVAILABLE}
2023-06-02 05:15:26,748 [main] INFO  handler.ContextHandler (ContextHandler.java:doStart(921)) - Started o.e.j.w.WebAppContext@c74aaf2{hddsDatanode,/,file:///home/runner/work/ozone/ozone/hadoop-ozone/integration-test/target/test-dir/MiniOzoneClusterImpl-4e6c5432-da36-405d-b7f1-05871ead9573/datanode-11/meta/webserver/jetty-0_0_0_0-15108-hdds-container-service-1_4_0-SNAPSHOT_jar-_-any-152487174354471475/webapp/,AVAILABLE}{jar:file:/home/runner/.m2/repository/org/apache/ozone/hdds-container-service/1.4.0-SNAPSHOT/hdds-container-service-1.4.0-SNAPSHOT.jar!/webapps/hddsDatanode}
2023-06-02 05:15:26,751 [main] INFO  server.AbstractConnector (AbstractConnector.java:doStart(333)) - Started ServerConnector@1a2f12a7{HTTP/1.1, (http/1.1)}{0.0.0.0:15108}
2023-06-02 05:15:26,751 [main] INFO  server.Server (Server.java:doStart(415)) - Started @17584ms
2023-06-02 05:15:26,751 [main] WARN  impl.MetricsSystemImpl (MetricsSystemImpl.java:register(279)) - Sink prometheus already exists!
2023-06-02 05:15:26,752 [main] INFO  http.BaseHttpServer (BaseHttpServer.java:updateConnectorAddress(344)) - HTTP server of hddsDatanode listening at http://0.0.0.0:15108
2023-06-02 05:15:26,753 [main] INFO  ipc.CallQueueManager (CallQueueManager.java:<init>(90)) - Using callQueue: class java.util.concurrent.LinkedBlockingQueue, queueCapacity: 100, scheduler: class org.apache.hadoop.ipc.DefaultRpcScheduler, ipcBackoff: false.
2023-06-02 05:15:26,754 [Socket Reader #1 for port 15109] INFO  ipc.Server (Server.java:run(1319)) - Starting Socket Reader #1 for port 15109
2023-06-02 05:15:26,761 [Listener at 0.0.0.0/15109] INFO  hdds.HddsUtils (HddsUtils.java:preserveThreadName(843)) - Restoring thread name: main
2023-06-02 05:15:26,762 [main] INFO  ozone.HddsDatanodeService (HddsDatanodeService.java:start(331)) - Datanode start with admins: [runner]
2023-06-02 05:15:26,762 [main] INFO  ozone.HddsDatanodeClientProtocolServer (HddsDatanodeClientProtocolServer.java:start(83)) - RPC server for Client /0.0.0.0:15109
2023-06-02 05:15:26,762 [IPC Server Responder] INFO  ipc.Server (Server.java:run(1558)) - IPC Server Responder: starting
2023-06-02 05:15:26,763 [IPC Server listener on 15109] INFO  ipc.Server (Server.java:run(1398)) - IPC Server listener on 15109: starting
2023-06-02 05:15:26,763 [main] WARN  impl.MetricRegistriesImpl (MetricRegistriesImpl.java:addReporterRegistration(111)) - New reporters are added after registries were created. Some metrics will be missing from the reporter. Please add reporter before adding any new registry.
2023-06-02 05:15:26,763 [main] WARN  impl.MetricRegistriesImpl (MetricRegistriesImpl.java:addReporterRegistration(111)) - New reporters are added after registries were created. Some metrics will be missing from the reporter. Please add reporter before adding any new registry.
2023-06-02 05:15:26,763 [main] INFO  impl.MetricsSystemImpl (MetricsSystemImpl.java:init(158)) - HddsDatanode metrics system started (again)
2023-06-02 05:15:26,773 [IPC Server handler 2 on default port 15002] INFO  net.NetworkTopologyImpl (NetworkTopologyImpl.java:add(112)) - Added a new node: /default-rack/45087365-1608-4817-8e49-1b233997f081
2023-06-02 05:15:26,773 [IPC Server handler 2 on default port 15002] INFO  node.SCMNodeManager (SCMNodeManager.java:register(407)) - Registered Data node : 45087365-1608-4817-8e49-1b233997f081{ip: 10.1.74.1, host: fv-az628-647, ports: [HTTP=15036, CLIENT_RPC=15037, REPLICATION=15043, RATIS=15039, RATIS_ADMIN=15040, RATIS_SERVER=15041, RATIS_DATASTREAM=15042, STANDALONE=15038], networkLocation: /default-rack, certSerialId: null, persistedOpState: null, persistedOpStateExpiryEpochSec: 0}
2023-06-02 05:15:26,775 [Datanode State Machine Daemon Thread] INFO  statemachine.DatanodeStateMachine (DatanodeStateMachine.java:lambda$startDaemon$0(537)) - Ozone container server started.
2023-06-02 05:15:26,775 [EventQueue-NewNodeForNewNodeHandler] INFO  pipeline.BackgroundPipelineCreator (BackgroundPipelineCreator.java:notifyEventTriggered(276)) - trigger a one-shot run on RatisPipelineUtilsThread.
2023-06-02 05:15:26,776 [RatisPipelineUtilsThread - 0] INFO  pipeline.RatisPipelineProvider (RatisPipelineProvider.java:lambda$create$0(206)) - Sending CreatePipelineCommand for pipeline:PipelineID=db9a95f3-a53e-4a98-8e4a-61d112a2075d to datanode:45087365-1608-4817-8e49-1b233997f081
2023-06-02 05:15:26,777 [RatisPipelineUtilsThread - 0] INFO  pipeline.PipelineStateManagerImpl (PipelineStateManagerImpl.java:addPipeline(103)) - Created pipeline Pipeline[ Id: db9a95f3-a53e-4a98-8e4a-61d112a2075d, Nodes: 45087365-1608-4817-8e49-1b233997f081(fv-az628-647/10.1.74.1), ReplicationConfig: RATIS/ONE, State:ALLOCATED, leaderId:, CreationTimestamp2023-06-02T05:15:26.776Z[Etc/UTC]].
2023-06-02 05:15:26,779 [RatisPipelineUtilsThread - 0] WARN  pipeline.PipelinePlacementPolicy (PipelinePlacementPolicy.java:filterViableNodes(160)) - Pipeline creation failed due to no sufficient healthy datanodes. Required 3. Found 1. Excluded 3.
2023-06-02 05:15:26,786 [org.apache.hadoop.util.JvmPauseMonitor$Monitor@44131646] INFO  util.JvmPauseMonitor (JvmPauseMonitor.java:run(188)) - Starting JVM pause monitor
2023-06-02 05:15:26,800 [main] INFO  ozone.HddsDatanodeService (HddsDatanodeService.java:start(261)) - HddsDatanodeService host:fv-az628-647 ip:10.1.74.1
2023-06-02 05:15:26,802 [Datanode State Machine Task Thread - 0] INFO  datanode.InitDatanodeState (InitDatanodeState.java:persistContainerDatanodeDetails(138)) - DatanodeDetails is persisted to /home/runner/work/ozone/ozone/hadoop-ozone/integration-test/target/test-dir/MiniOzoneClusterImpl-4e6c5432-da36-405d-b7f1-05871ead9573/datanode-11/meta/datanode.id
2023-06-02 05:15:26,835 [main] INFO  upgrade.AbstractLayoutVersionManager (AbstractLayoutVersionManager.java:init(83)) - Initializing Layout version manager with metadata layout = HADOOP_PRC_PORTS_IN_DATANODEDETAILS (version = 7), software layout = HADOOP_PRC_PORTS_IN_DATANODEDETAILS (version = 7)
2023-06-02 05:15:26,836 [main] INFO  statemachine.DatanodeStateMachine (DatanodeStateMachine.java:getEndPointTaskThreadPoolSize(275)) - Datanode State Machine Task Thread Pool size 2
2023-06-02 05:15:26,838 [main] INFO  volume.HddsVolume (HddsVolume.java:<init>(130)) - Creating HddsVolume: /home/runner/work/ozone/ozone/hadoop-ozone/integration-test/target/test-dir/MiniOzoneClusterImpl-4e6c5432-da36-405d-b7f1-05871ead9573/datanode-12/data-0/containers/hdds of storage type : DISK capacity : 9223372036854775807
2023-06-02 05:15:26,838 [main] INFO  volume.MutableVolumeSet (MutableVolumeSet.java:initializeVolumeSet(175)) - Added Volume : /home/runner/work/ozone/ozone/hadoop-ozone/integration-test/target/test-dir/MiniOzoneClusterImpl-4e6c5432-da36-405d-b7f1-05871ead9573/datanode-12/data-0/containers/hdds to VolumeSet
2023-06-02 05:15:26,839 [main] INFO  volume.ThrottledAsyncChecker (ThrottledAsyncChecker.java:schedule(141)) - Scheduling a check for /home/runner/work/ozone/ozone/hadoop-ozone/integration-test/target/test-dir/MiniOzoneClusterImpl-4e6c5432-da36-405d-b7f1-05871ead9573/datanode-12/data-0/containers/hdds
2023-06-02 05:15:26,844 [main] INFO  volume.StorageVolumeChecker (StorageVolumeChecker.java:checkAllVolumes(202)) - Scheduled health check for volume /home/runner/work/ozone/ozone/hadoop-ozone/integration-test/target/test-dir/MiniOzoneClusterImpl-4e6c5432-da36-405d-b7f1-05871ead9573/datanode-12/data-0/containers/hdds
2023-06-02 05:15:26,858 [main] INFO  volume.MutableVolumeSet (MutableVolumeSet.java:initializeVolumeSet(175)) - Added Volume : /home/runner/work/ozone/ozone/hadoop-ozone/integration-test/target/test-dir/MiniOzoneClusterImpl-4e6c5432-da36-405d-b7f1-05871ead9573/datanode-12/data/ratis to VolumeSet
2023-06-02 05:15:26,858 [main] INFO  volume.ThrottledAsyncChecker (ThrottledAsyncChecker.java:schedule(141)) - Scheduling a check for /home/runner/work/ozone/ozone/hadoop-ozone/integration-test/target/test-dir/MiniOzoneClusterImpl-4e6c5432-da36-405d-b7f1-05871ead9573/datanode-12/data/ratis
2023-06-02 05:15:26,858 [main] INFO  volume.StorageVolumeChecker (StorageVolumeChecker.java:checkAllVolumes(202)) - Scheduled health check for volume /home/runner/work/ozone/ozone/hadoop-ozone/integration-test/target/test-dir/MiniOzoneClusterImpl-4e6c5432-da36-405d-b7f1-05871ead9573/datanode-12/data/ratis
2023-06-02 05:15:26,871 [Thread-400] INFO  ozoneimpl.ContainerReader (ContainerReader.java:readVolume(175)) - Finish verifying containers on volume /home/runner/work/ozone/ozone/hadoop-ozone/integration-test/target/test-dir/MiniOzoneClusterImpl-4e6c5432-da36-405d-b7f1-05871ead9573/datanode-12/data-0/containers/hdds
2023-06-02 05:15:26,871 [main] INFO  ozoneimpl.OzoneContainer (OzoneContainer.java:buildContainerSet(303)) - Build ContainerSet costs 0s
2023-06-02 05:15:26,874 [main] INFO  server.RaftServer (ConfUtils.java:logGet(46)) - raft.rpc.type = GRPC (default)
2023-06-02 05:15:26,874 [main] INFO  grpc.GrpcConfigKeys (ConfUtils.java:logFallback(53)) - raft.grpc.admin.host = null (fallback to raft.grpc.server.host)
2023-06-02 05:15:26,874 [main] INFO  grpc.GrpcConfigKeys (ConfUtils.java:logGet(46)) - raft.grpc.admin.port = 15121 (custom)
2023-06-02 05:15:26,874 [main] INFO  grpc.GrpcConfigKeys (ConfUtils.java:logFallback(53)) - raft.grpc.client.host = null (fallback to raft.grpc.server.host)
2023-06-02 05:15:26,875 [main] INFO  grpc.GrpcConfigKeys (ConfUtils.java:logGet(46)) - raft.grpc.client.port = 15120 (custom)
2023-06-02 05:15:26,875 [main] INFO  grpc.GrpcConfigKeys (ConfUtils.java:logGet(46)) - raft.grpc.server.host = null (default)
2023-06-02 05:15:26,875 [main] INFO  grpc.GrpcConfigKeys (ConfUtils.java:logGet(46)) - raft.grpc.server.port = 15122 (custom)
2023-06-02 05:15:26,875 [main] INFO  server.GrpcService (ConfUtils.java:logGet(46)) - raft.grpc.message.size.max = 32MB (=33554432) (custom)
2023-06-02 05:15:26,875 [main] INFO  server.RaftServerConfigKeys (ConfUtils.java:logGet(46)) - raft.server.log.appender.buffer.byte-limit = 33554432 (custom)
2023-06-02 05:15:26,875 [main] INFO  server.GrpcService (ConfUtils.java:logGet(46)) - raft.grpc.flow.control.window = 5MB (=5242880) (custom)
2023-06-02 05:15:26,876 [main] INFO  server.RaftServerConfigKeys (ConfUtils.java:logGet(46)) - raft.server.rpc.request.timeout = 60s (custom)
2023-06-02 05:15:26,876 [main] INFO  grpc.GrpcConfigKeys (ConfUtils.java:logGet(46)) - raft.grpc.server.heartbeat.channel = true (default)
2023-06-02 05:15:26,876 [main] INFO  grpc.GrpcConfigKeys (ConfUtils.java:logGet(46)) - raft.grpc.server.async.request.thread.pool.cached = true (default)
2023-06-02 05:15:26,876 [main] INFO  grpc.GrpcConfigKeys (ConfUtils.java:logGet(46)) - raft.grpc.server.async.request.thread.pool.size = 32 (default)
2023-06-02 05:15:26,880 [main] INFO  impl.DataStreamServerImpl (ConfUtils.java:logGet(46)) - raft.datastream.type = NETTY (custom)
2023-06-02 05:15:26,880 [main] INFO  server.RaftServerConfigKeys (ConfUtils.java:logGet(46)) - raft.server.data-stream.async.request.thread.pool.cached = false (default)
2023-06-02 05:15:26,881 [main] INFO  server.RaftServerConfigKeys (ConfUtils.java:logGet(46)) - raft.server.data-stream.async.request.thread.pool.size = 20 (custom)
2023-06-02 05:15:26,881 [main] INFO  server.RaftServerConfigKeys (ConfUtils.java:logGet(46)) - raft.server.data-stream.async.write.thread.pool.size = 16 (default)
2023-06-02 05:15:26,881 [main] INFO  server.RaftServerConfigKeys (ConfUtils.java:logGet(46)) - raft.server.data-stream.client.pool.size = 10 (default)
2023-06-02 05:15:26,881 [main] INFO  netty.NettyConfigKeys$DataStream (ConfUtils.java:logGet(46)) - raft.netty.dataStream.server.use-epoll = false (default)
2023-06-02 05:15:26,881 [main] INFO  netty.NettyConfigKeys$DataStream (ConfUtils.java:logGet(46)) - raft.netty.dataStream.server.boss-group.size = 0 (default)
2023-06-02 05:15:26,882 [main] INFO  netty.NettyConfigKeys$DataStream (ConfUtils.java:logGet(46)) - raft.netty.dataStream.server.worker-group.size = 0 (default)
2023-06-02 05:15:26,883 [main] INFO  netty.NettyConfigKeys$DataStream (ConfUtils.java:logGet(46)) - raft.netty.dataStream.server.tls.conf = null (default)
2023-06-02 05:15:26,883 [main] INFO  netty.NettyConfigKeys$DataStream (ConfUtils.java:logGet(46)) - raft.netty.dataStream.host = null (default)
2023-06-02 05:15:26,883 [main] INFO  netty.NettyConfigKeys$DataStream (ConfUtils.java:logGet(46)) - raft.netty.dataStream.port = 15123 (custom)
2023-06-02 05:15:26,883 [main] INFO  server.RaftServerConfigKeys (ConfUtils.java:logGet(46)) - raft.server.threadpool.proxy.cached = true (default)
2023-06-02 05:15:26,884 [main] INFO  server.RaftServerConfigKeys (ConfUtils.java:logGet(46)) - raft.server.threadpool.proxy.size = 0 (default)
2023-06-02 05:15:26,884 [main] INFO  server.RaftServerConfigKeys (ConfUtils.java:logGet(46)) - raft.server.rpc.slowness.timeout = 300s (custom)
2023-06-02 05:15:26,884 [main] INFO  server.RaftServerConfigKeys (ConfUtils.java:logGet(46)) - raft.server.leaderelection.leader.step-down.wait-time = 10s (default)
2023-06-02 05:15:26,884 [main] INFO  server.RaftServerConfigKeys (ConfUtils.java:logGet(46)) - raft.server.storage.dir = [/home/runner/work/ozone/ozone/hadoop-ozone/integration-test/target/test-dir/MiniOzoneClusterImpl-4e6c5432-da36-405d-b7f1-05871ead9573/datanode-12/data/ratis] (custom)
2023-06-02 05:15:26,894 [02d5e712-89f3-441d-ae82-935a5ddb56eb-NettyServerStreamRpc-bossGroup--thread1] INFO  logging.LoggingHandler (AbstractInternalLogger.java:log(148)) - [id: 0x9e4472a6] REGISTERED
2023-06-02 05:15:26,894 [02d5e712-89f3-441d-ae82-935a5ddb56eb-NettyServerStreamRpc-bossGroup--thread1] INFO  logging.LoggingHandler (AbstractInternalLogger.java:log(148)) - [id: 0x9e4472a6] BIND: 0.0.0.0/0.0.0.0:15123
2023-06-02 05:15:26,895 [02d5e712-89f3-441d-ae82-935a5ddb56eb-NettyServerStreamRpc-bossGroup--thread1] INFO  logging.LoggingHandler (AbstractInternalLogger.java:log(148)) - [id: 0x9e4472a6, L:/0:0:0:0:0:0:0:0:15123] ACTIVE
2023-06-02 05:15:26,897 [main] INFO  server.XceiverServerGrpc (XceiverServerGrpc.java:<init>(132)) - GrpcServer channel type EpollServerSocketChannel
2023-06-02 05:15:26,899 [main] INFO  replication.ReplicationSupervisor (ReplicationSupervisor.java:nodeStateUpdated(296)) - Node state updated to IN_SERVICE, scaling executor pool size to 10
2023-06-02 05:15:26,900 [main] INFO  token.OzoneBlockTokenSecretManager (OzoneSecretManager.java:updateCurrentKey(175)) - Updating current master key for generating tokens. Cert id 3622618384929
2023-06-02 05:15:26,901 [main] INFO  http.BaseHttpServer (BaseHttpServer.java:newHttpServer2BuilderForOzone(224)) - Starting Web-server for hddsDatanode at: http://0.0.0.0:15117
2023-06-02 05:15:26,901 [main] INFO  http.BaseHttpServer (BaseHttpServer.java:<init>(111)) - Hadoop Security Enabled: false Ozone Security Enabled: false Ozone HTTP Security Enabled: false 
2023-06-02 05:15:26,903 [main] WARN  server.AuthenticationFilter (AuthenticationFilter.java:constructSecretProvider(240)) - Unable to initialize FileSignerSecretProvider, falling back to use random secrets. Reason: Could not read signature secret file: /home/runner/hadoop-http-auth-signature-secret
2023-06-02 05:15:26,907 [main] INFO  http.HttpRequestLog (HttpRequestLog.java:getRequestLog(86)) - Http request log for http.requests.hddsDatanode is not defined
2023-06-02 05:15:26,908 [main] INFO  http.HttpServer2 (HttpServer2.java:addGlobalFilter(1031)) - Added global filter 'safety' (class=org.apache.hadoop.hdds.server.http.HttpServer2$QuotingInputFilter)
2023-06-02 05:15:26,909 [main] INFO  http.HttpServer2 (HttpServer2.java:addFilter(1007)) - Added filter static_user_filter (class=org.apache.hadoop.http.lib.StaticUserWebFilter$StaticUserFilter) to context hddsDatanode
2023-06-02 05:15:26,909 [main] INFO  http.HttpServer2 (HttpServer2.java:addFilter(1015)) - Added filter static_user_filter (class=org.apache.hadoop.http.lib.StaticUserWebFilter$StaticUserFilter) to context logs
2023-06-02 05:15:26,911 [main] INFO  http.HttpServer2 (HttpServer2.java:addFilter(1015)) - Added filter static_user_filter (class=org.apache.hadoop.http.lib.StaticUserWebFilter$StaticUserFilter) to context static
2023-06-02 05:15:26,913 [main] INFO  http.BaseHttpServer (BaseHttpServer.java:<init>(190)) - HTTP server of hddsDatanode uses base directory /home/runner/work/ozone/ozone/hadoop-ozone/integration-test/target/test-dir/MiniOzoneClusterImpl-4e6c5432-da36-405d-b7f1-05871ead9573/datanode-12/meta/webserver
2023-06-02 05:15:26,914 [main] INFO  http.HttpServer2 (HttpServer2.java:bindListener(1250)) - Jetty bound to port 15117
2023-06-02 05:15:26,914 [main] INFO  server.Server (Server.java:doStart(375)) - jetty-9.4.51.v20230217; built: 2023-02-17T08:19:37.309Z; git: b45c405e4544384de066f814ed42ae3dceacdd49; jvm 1.8.0_372-b07
2023-06-02 05:15:26,922 [main] INFO  server.session (DefaultSessionIdManager.java:doStart(334)) - DefaultSessionIdManager workerName=node0
2023-06-02 05:15:26,923 [main] INFO  server.session (DefaultSessionIdManager.java:doStart(339)) - No SessionScavenger set, using defaults
2023-06-02 05:15:26,923 [main] INFO  server.session (HouseKeeper.java:startScavenging(132)) - node0 Scavenging every 600000ms
2023-06-02 05:15:26,924 [main] INFO  handler.ContextHandler (ContextHandler.java:doStart(921)) - Started o.e.j.s.ServletContextHandler@647e955d{logs,/logs,file:///home/runner/work/ozone/ozone/hadoop-ozone/integration-test/target/log,AVAILABLE}
2023-06-02 05:15:26,925 [main] INFO  handler.ContextHandler (ContextHandler.java:doStart(921)) - Started o.e.j.s.ServletContextHandler@10de4140{static,/static,jar:file:/home/runner/.m2/repository/org/apache/ozone/hdds-container-service/1.4.0-SNAPSHOT/hdds-container-service-1.4.0-SNAPSHOT.jar!/webapps/static,AVAILABLE}
2023-06-02 05:15:26,951 [EndpointStateMachine task thread for /0.0.0.0:15002 - 0 ] INFO  utils.DatanodeStoreCache (DatanodeStoreCache.java:addDB(66)) - Added db /home/runner/work/ozone/ozone/hadoop-ozone/integration-test/target/test-dir/MiniOzoneClusterImpl-4e6c5432-da36-405d-b7f1-05871ead9573/datanode-7/data-0/containers/hdds/4e6c5432-da36-405d-b7f1-05871ead9573/DS-67a609fe-cbfa-427f-ba75-643d0089f1de/container.db to cache
2023-06-02 05:15:26,952 [EndpointStateMachine task thread for /0.0.0.0:15002 - 0 ] INFO  volume.HddsVolume (HddsVolume.java:createDbStore(350)) - SchemaV3 db is created and loaded at /home/runner/work/ozone/ozone/hadoop-ozone/integration-test/target/test-dir/MiniOzoneClusterImpl-4e6c5432-da36-405d-b7f1-05871ead9573/datanode-7/data-0/containers/hdds/4e6c5432-da36-405d-b7f1-05871ead9573/DS-67a609fe-cbfa-427f-ba75-643d0089f1de/container.db for volume DS-67a609fe-cbfa-427f-ba75-643d0089f1de
2023-06-02 05:15:26,952 [EndpointStateMachine task thread for /0.0.0.0:15002 - 0 ] INFO  ozoneimpl.OzoneContainer (OzoneContainer.java:start(398)) - Attempting to start container services.
2023-06-02 05:15:26,952 [EndpointStateMachine task thread for /0.0.0.0:15002 - 0 ] INFO  ozoneimpl.OzoneContainer (OzoneContainer.java:startContainerScrub(314)) - Scheduled background container scanners and the on-demand container scanner have been disabled.
2023-06-02 05:15:26,955 [EndpointStateMachine task thread for /0.0.0.0:15002 - 0 ] INFO  replication.ReplicationServer (ReplicationServer.java:start(128)) - ReplicationServer is started using port 15079
2023-06-02 05:15:26,955 [EndpointStateMachine task thread for /0.0.0.0:15002 - 0 ] INFO  ratis.XceiverServerRatis (XceiverServerRatis.java:start(517)) - Starting XceiverServerRatis 638bdbe3-f7a3-4715-ad07-0d6e98de3b67
2023-06-02 05:15:26,961 [EndpointStateMachine task thread for /0.0.0.0:15002 - 0 ] INFO  server.RaftServer (RaftServerProxy.java:startImpl(400)) - 638bdbe3-f7a3-4715-ad07-0d6e98de3b67: start RPC server
2023-06-02 05:15:26,962 [EndpointStateMachine task thread for /0.0.0.0:15002 - 0 ] INFO  server.GrpcService (GrpcService.java:startImpl(302)) - 638bdbe3-f7a3-4715-ad07-0d6e98de3b67: GrpcService started, listening on 15075
2023-06-02 05:15:26,963 [EndpointStateMachine task thread for /0.0.0.0:15002 - 0 ] INFO  server.GrpcService (GrpcService.java:startImpl(302)) - 638bdbe3-f7a3-4715-ad07-0d6e98de3b67: GrpcService started, listening on 15077
2023-06-02 05:15:26,967 [EndpointStateMachine task thread for /0.0.0.0:15002 - 0 ] INFO  server.GrpcService (GrpcService.java:startImpl(302)) - 638bdbe3-f7a3-4715-ad07-0d6e98de3b67: GrpcService started, listening on 15076
2023-06-02 05:15:26,969 [EndpointStateMachine task thread for /0.0.0.0:15002 - 0 ] INFO  ratis.XceiverServerRatis (XceiverServerRatis.java:getRealPort(543)) - XceiverServerRatis 638bdbe3-f7a3-4715-ad07-0d6e98de3b67 is started using port 15075 for RATIS
2023-06-02 05:15:26,969 [EndpointStateMachine task thread for /0.0.0.0:15002 - 0 ] INFO  ratis.XceiverServerRatis (XceiverServerRatis.java:getRealPort(543)) - XceiverServerRatis 638bdbe3-f7a3-4715-ad07-0d6e98de3b67 is started using port 15076 for RATIS_ADMIN
2023-06-02 05:15:26,970 [EndpointStateMachine task thread for /0.0.0.0:15002 - 0 ] INFO  ratis.XceiverServerRatis (XceiverServerRatis.java:getRealPort(543)) - XceiverServerRatis 638bdbe3-f7a3-4715-ad07-0d6e98de3b67 is started using port 15077 for RATIS_SERVER
2023-06-02 05:15:26,970 [EndpointStateMachine task thread for /0.0.0.0:15002 - 0 ] INFO  ratis.XceiverServerRatis (XceiverServerRatis.java:getRealPort(543)) - XceiverServerRatis 638bdbe3-f7a3-4715-ad07-0d6e98de3b67 is started using port 15078 for RATIS_DATASTREAM
2023-06-02 05:15:26,970 [JvmPauseMonitor8] INFO  util.JvmPauseMonitor (JvmPauseMonitor.java:run(103)) - JvmPauseMonitor-638bdbe3-f7a3-4715-ad07-0d6e98de3b67: Started
2023-06-02 05:15:26,976 [BlockDeletingService#0] INFO  interfaces.ContainerDeletionChoosingPolicyTemplate (ContainerDeletionChoosingPolicyTemplate.java:chooseContainerForBlockDeletion(83)) - Chosen 0/5000 blocks from 0 candidate containers.
2023-06-02 05:15:27,175 [IPC Server handler 9 on default port 15002] INFO  net.NetworkTopologyImpl (NetworkTopologyImpl.java:add(112)) - Added a new node: /default-rack/bf3b8f25-dffd-4d70-aae5-69cf4c3dc4d1
2023-06-02 05:15:27,175 [IPC Server handler 9 on default port 15002] INFO  node.SCMNodeManager (SCMNodeManager.java:register(407)) - Registered Data node : bf3b8f25-dffd-4d70-aae5-69cf4c3dc4d1{ip: 10.1.74.1, host: fv-az628-647, ports: [HTTP=15045, CLIENT_RPC=15046, REPLICATION=15052, RATIS=15048, RATIS_ADMIN=15049, RATIS_SERVER=15050, RATIS_DATASTREAM=15051, STANDALONE=15047], networkLocation: /default-rack, certSerialId: null, persistedOpState: null, persistedOpStateExpiryEpochSec: 0}
2023-06-02 05:15:27,176 [EventQueue-NewNodeForNewNodeHandler] INFO  pipeline.BackgroundPipelineCreator (BackgroundPipelineCreator.java:notifyEventTriggered(276)) - trigger a one-shot run on RatisPipelineUtilsThread.
2023-06-02 05:15:27,176 [RatisPipelineUtilsThread - 0] INFO  pipeline.RatisPipelineProvider (RatisPipelineProvider.java:lambda$create$0(206)) - Sending CreatePipelineCommand for pipeline:PipelineID=8a8521d7-629c-41da-a6fb-2b54be9755f4 to datanode:bf3b8f25-dffd-4d70-aae5-69cf4c3dc4d1
2023-06-02 05:15:27,177 [RatisPipelineUtilsThread - 0] INFO  pipeline.PipelineStateManagerImpl (PipelineStateManagerImpl.java:addPipeline(103)) - Created pipeline Pipeline[ Id: 8a8521d7-629c-41da-a6fb-2b54be9755f4, Nodes: bf3b8f25-dffd-4d70-aae5-69cf4c3dc4d1(fv-az628-647/10.1.74.1), ReplicationConfig: RATIS/ONE, State:ALLOCATED, leaderId:, CreationTimestamp2023-06-02T05:15:27.176Z[Etc/UTC]].
2023-06-02 05:15:27,178 [RatisPipelineUtilsThread - 0] WARN  pipeline.PipelinePlacementPolicy (PipelinePlacementPolicy.java:filterViableNodes(160)) - Pipeline creation failed due to no sufficient healthy datanodes. Required 3. Found 2. Excluded 3.
2023-06-02 05:15:27,179 [main] INFO  handler.ContextHandler (ContextHandler.java:doStart(921)) - Started o.e.j.w.WebAppContext@26dacb9a{hddsDatanode,/,file:///home/runner/work/ozone/ozone/hadoop-ozone/integration-test/target/test-dir/MiniOzoneClusterImpl-4e6c5432-da36-405d-b7f1-05871ead9573/datanode-12/meta/webserver/jetty-0_0_0_0-15117-hdds-container-service-1_4_0-SNAPSHOT_jar-_-any-160179367206470337/webapp/,AVAILABLE}{jar:file:/home/runner/.m2/repository/org/apache/ozone/hdds-container-service/1.4.0-SNAPSHOT/hdds-container-service-1.4.0-SNAPSHOT.jar!/webapps/hddsDatanode}
2023-06-02 05:15:27,181 [main] INFO  server.AbstractConnector (AbstractConnector.java:doStart(333)) - Started ServerConnector@5ba41f44{HTTP/1.1, (http/1.1)}{0.0.0.0:15117}
2023-06-02 05:15:27,181 [main] INFO  server.Server (Server.java:doStart(415)) - Started @18014ms
2023-06-02 05:15:27,181 [main] WARN  impl.MetricsSystemImpl (MetricsSystemImpl.java:register(279)) - Sink prometheus already exists!
2023-06-02 05:15:27,182 [main] INFO  http.BaseHttpServer (BaseHttpServer.java:updateConnectorAddress(344)) - HTTP server of hddsDatanode listening at http://0.0.0.0:15117
2023-06-02 05:15:27,183 [main] INFO  ipc.CallQueueManager (CallQueueManager.java:<init>(90)) - Using callQueue: class java.util.concurrent.LinkedBlockingQueue, queueCapacity: 100, scheduler: class org.apache.hadoop.ipc.DefaultRpcScheduler, ipcBackoff: false.
2023-06-02 05:15:27,183 [Socket Reader #1 for port 15118] INFO  ipc.Server (Server.java:run(1319)) - Starting Socket Reader #1 for port 15118
2023-06-02 05:15:27,185 [Listener at 0.0.0.0/15118] INFO  hdds.HddsUtils (HddsUtils.java:preserveThreadName(843)) - Restoring thread name: main
2023-06-02 05:15:27,190 [main] INFO  ozone.HddsDatanodeService (HddsDatanodeService.java:start(331)) - Datanode start with admins: [runner]
2023-06-02 05:15:27,191 [main] INFO  ozone.HddsDatanodeClientProtocolServer (HddsDatanodeClientProtocolServer.java:start(83)) - RPC server for Client /0.0.0.0:15118
2023-06-02 05:15:27,191 [IPC Server Responder] INFO  ipc.Server (Server.java:run(1558)) - IPC Server Responder: starting
2023-06-02 05:15:27,191 [IPC Server listener on 15118] INFO  ipc.Server (Server.java:run(1398)) - IPC Server listener on 15118: starting
2023-06-02 05:15:27,193 [Datanode State Machine Daemon Thread] INFO  statemachine.DatanodeStateMachine (DatanodeStateMachine.java:lambda$startDaemon$0(537)) - Ozone container server started.
2023-06-02 05:15:27,193 [main] WARN  impl.MetricRegistriesImpl (MetricRegistriesImpl.java:addReporterRegistration(111)) - New reporters are added after registries were created. Some metrics will be missing from the reporter. Please add reporter before adding any new registry.
2023-06-02 05:15:27,193 [main] WARN  impl.MetricRegistriesImpl (MetricRegistriesImpl.java:addReporterRegistration(111)) - New reporters are added after registries were created. Some metrics will be missing from the reporter. Please add reporter before adding any new registry.
2023-06-02 05:15:27,193 [main] INFO  impl.MetricsSystemImpl (MetricsSystemImpl.java:init(158)) - HddsDatanode metrics system started (again)
2023-06-02 05:15:27,214 [org.apache.hadoop.util.JvmPauseMonitor$Monitor@1d17a80d] INFO  util.JvmPauseMonitor (JvmPauseMonitor.java:run(188)) - Starting JVM pause monitor
2023-06-02 05:15:27,219 [Datanode State Machine Task Thread - 0] INFO  datanode.InitDatanodeState (InitDatanodeState.java:persistContainerDatanodeDetails(138)) - DatanodeDetails is persisted to /home/runner/work/ozone/ozone/hadoop-ozone/integration-test/target/test-dir/MiniOzoneClusterImpl-4e6c5432-da36-405d-b7f1-05871ead9573/datanode-12/meta/datanode.id
2023-06-02 05:15:27,224 [main] INFO  ozone.HddsDatanodeService (HddsDatanodeService.java:start(261)) - HddsDatanodeService host:fv-az628-647 ip:10.1.74.1
2023-06-02 05:15:27,251 [main] INFO  upgrade.AbstractLayoutVersionManager (AbstractLayoutVersionManager.java:init(83)) - Initializing Layout version manager with metadata layout = HADOOP_PRC_PORTS_IN_DATANODEDETAILS (version = 7), software layout = HADOOP_PRC_PORTS_IN_DATANODEDETAILS (version = 7)
2023-06-02 05:15:27,252 [main] INFO  statemachine.DatanodeStateMachine (DatanodeStateMachine.java:getEndPointTaskThreadPoolSize(275)) - Datanode State Machine Task Thread Pool size 2
2023-06-02 05:15:27,254 [main] INFO  volume.HddsVolume (HddsVolume.java:<init>(130)) - Creating HddsVolume: /home/runner/work/ozone/ozone/hadoop-ozone/integration-test/target/test-dir/MiniOzoneClusterImpl-4e6c5432-da36-405d-b7f1-05871ead9573/datanode-13/data-0/containers/hdds of storage type : DISK capacity : 9223372036854775807
2023-06-02 05:15:27,254 [main] INFO  volume.MutableVolumeSet (MutableVolumeSet.java:initializeVolumeSet(175)) - Added Volume : /home/runner/work/ozone/ozone/hadoop-ozone/integration-test/target/test-dir/MiniOzoneClusterImpl-4e6c5432-da36-405d-b7f1-05871ead9573/datanode-13/data-0/containers/hdds to VolumeSet
2023-06-02 05:15:27,254 [main] INFO  volume.ThrottledAsyncChecker (ThrottledAsyncChecker.java:schedule(141)) - Scheduling a check for /home/runner/work/ozone/ozone/hadoop-ozone/integration-test/target/test-dir/MiniOzoneClusterImpl-4e6c5432-da36-405d-b7f1-05871ead9573/datanode-13/data-0/containers/hdds
2023-06-02 05:15:27,255 [main] INFO  volume.StorageVolumeChecker (StorageVolumeChecker.java:checkAllVolumes(202)) - Scheduled health check for volume /home/runner/work/ozone/ozone/hadoop-ozone/integration-test/target/test-dir/MiniOzoneClusterImpl-4e6c5432-da36-405d-b7f1-05871ead9573/datanode-13/data-0/containers/hdds
2023-06-02 05:15:27,267 [main] INFO  volume.MutableVolumeSet (MutableVolumeSet.java:initializeVolumeSet(175)) - Added Volume : /home/runner/work/ozone/ozone/hadoop-ozone/integration-test/target/test-dir/MiniOzoneClusterImpl-4e6c5432-da36-405d-b7f1-05871ead9573/datanode-13/data/ratis to VolumeSet
2023-06-02 05:15:27,267 [main] INFO  volume.ThrottledAsyncChecker (ThrottledAsyncChecker.java:schedule(141)) - Scheduling a check for /home/runner/work/ozone/ozone/hadoop-ozone/integration-test/target/test-dir/MiniOzoneClusterImpl-4e6c5432-da36-405d-b7f1-05871ead9573/datanode-13/data/ratis
2023-06-02 05:15:27,268 [main] INFO  volume.StorageVolumeChecker (StorageVolumeChecker.java:checkAllVolumes(202)) - Scheduled health check for volume /home/runner/work/ozone/ozone/hadoop-ozone/integration-test/target/test-dir/MiniOzoneClusterImpl-4e6c5432-da36-405d-b7f1-05871ead9573/datanode-13/data/ratis
2023-06-02 05:15:27,279 [Thread-423] INFO  ozoneimpl.ContainerReader (ContainerReader.java:readVolume(175)) - Finish verifying containers on volume /home/runner/work/ozone/ozone/hadoop-ozone/integration-test/target/test-dir/MiniOzoneClusterImpl-4e6c5432-da36-405d-b7f1-05871ead9573/datanode-13/data-0/containers/hdds
2023-06-02 05:15:27,279 [main] INFO  ozoneimpl.OzoneContainer (OzoneContainer.java:buildContainerSet(303)) - Build ContainerSet costs 0s
2023-06-02 05:15:27,282 [main] INFO  server.RaftServer (ConfUtils.java:logGet(46)) - raft.rpc.type = GRPC (default)
2023-06-02 05:15:27,282 [main] INFO  grpc.GrpcConfigKeys (ConfUtils.java:logFallback(53)) - raft.grpc.admin.host = null (fallback to raft.grpc.server.host)
2023-06-02 05:15:27,282 [main] INFO  grpc.GrpcConfigKeys (ConfUtils.java:logGet(46)) - raft.grpc.admin.port = 15130 (custom)
2023-06-02 05:15:27,283 [main] INFO  grpc.GrpcConfigKeys (ConfUtils.java:logFallback(53)) - raft.grpc.client.host = null (fallback to raft.grpc.server.host)
2023-06-02 05:15:27,283 [main] INFO  grpc.GrpcConfigKeys (ConfUtils.java:logGet(46)) - raft.grpc.client.port = 15129 (custom)
2023-06-02 05:15:27,283 [main] INFO  grpc.GrpcConfigKeys (ConfUtils.java:logGet(46)) - raft.grpc.server.host = null (default)
2023-06-02 05:15:27,283 [main] INFO  grpc.GrpcConfigKeys (ConfUtils.java:logGet(46)) - raft.grpc.server.port = 15131 (custom)
2023-06-02 05:15:27,283 [main] INFO  server.GrpcService (ConfUtils.java:logGet(46)) - raft.grpc.message.size.max = 32MB (=33554432) (custom)
2023-06-02 05:15:27,284 [main] INFO  server.RaftServerConfigKeys (ConfUtils.java:logGet(46)) - raft.server.log.appender.buffer.byte-limit = 33554432 (custom)
2023-06-02 05:15:27,284 [main] INFO  server.GrpcService (ConfUtils.java:logGet(46)) - raft.grpc.flow.control.window = 5MB (=5242880) (custom)
2023-06-02 05:15:27,284 [main] INFO  server.RaftServerConfigKeys (ConfUtils.java:logGet(46)) - raft.server.rpc.request.timeout = 60s (custom)
2023-06-02 05:15:27,284 [main] INFO  grpc.GrpcConfigKeys (ConfUtils.java:logGet(46)) - raft.grpc.server.heartbeat.channel = true (default)
2023-06-02 05:15:27,284 [main] INFO  grpc.GrpcConfigKeys (ConfUtils.java:logGet(46)) - raft.grpc.server.async.request.thread.pool.cached = true (default)
2023-06-02 05:15:27,285 [main] INFO  grpc.GrpcConfigKeys (ConfUtils.java:logGet(46)) - raft.grpc.server.async.request.thread.pool.size = 32 (default)
2023-06-02 05:15:27,287 [main] INFO  impl.DataStreamServerImpl (ConfUtils.java:logGet(46)) - raft.datastream.type = NETTY (custom)
2023-06-02 05:15:27,288 [main] INFO  server.RaftServerConfigKeys (ConfUtils.java:logGet(46)) - raft.server.data-stream.async.request.thread.pool.cached = false (default)
2023-06-02 05:15:27,288 [main] INFO  server.RaftServerConfigKeys (ConfUtils.java:logGet(46)) - raft.server.data-stream.async.request.thread.pool.size = 20 (custom)
2023-06-02 05:15:27,288 [main] INFO  server.RaftServerConfigKeys (ConfUtils.java:logGet(46)) - raft.server.data-stream.async.write.thread.pool.size = 16 (default)
2023-06-02 05:15:27,289 [main] INFO  server.RaftServerConfigKeys (ConfUtils.java:logGet(46)) - raft.server.data-stream.client.pool.size = 10 (default)
2023-06-02 05:15:27,289 [main] INFO  netty.NettyConfigKeys$DataStream (ConfUtils.java:logGet(46)) - raft.netty.dataStream.server.use-epoll = false (default)
2023-06-02 05:15:27,289 [main] INFO  netty.NettyConfigKeys$DataStream (ConfUtils.java:logGet(46)) - raft.netty.dataStream.server.boss-group.size = 0 (default)
2023-06-02 05:15:27,289 [main] INFO  netty.NettyConfigKeys$DataStream (ConfUtils.java:logGet(46)) - raft.netty.dataStream.server.worker-group.size = 0 (default)
2023-06-02 05:15:27,290 [main] INFO  netty.NettyConfigKeys$DataStream (ConfUtils.java:logGet(46)) - raft.netty.dataStream.server.tls.conf = null (default)
2023-06-02 05:15:27,290 [main] INFO  netty.NettyConfigKeys$DataStream (ConfUtils.java:logGet(46)) - raft.netty.dataStream.host = null (default)
2023-06-02 05:15:27,290 [main] INFO  netty.NettyConfigKeys$DataStream (ConfUtils.java:logGet(46)) - raft.netty.dataStream.port = 15132 (custom)
2023-06-02 05:15:27,291 [main] INFO  server.RaftServerConfigKeys (ConfUtils.java:logGet(46)) - raft.server.threadpool.proxy.cached = true (default)
2023-06-02 05:15:27,291 [main] INFO  server.RaftServerConfigKeys (ConfUtils.java:logGet(46)) - raft.server.threadpool.proxy.size = 0 (default)
2023-06-02 05:15:27,291 [main] INFO  server.RaftServerConfigKeys (ConfUtils.java:logGet(46)) - raft.server.rpc.slowness.timeout = 300s (custom)
2023-06-02 05:15:27,292 [main] INFO  server.RaftServerConfigKeys (ConfUtils.java:logGet(46)) - raft.server.leaderelection.leader.step-down.wait-time = 10s (default)
2023-06-02 05:15:27,292 [main] INFO  server.RaftServerConfigKeys (ConfUtils.java:logGet(46)) - raft.server.storage.dir = [/home/runner/work/ozone/ozone/hadoop-ozone/integration-test/target/test-dir/MiniOzoneClusterImpl-4e6c5432-da36-405d-b7f1-05871ead9573/datanode-13/data/ratis] (custom)
2023-06-02 05:15:27,296 [974c4613-d60a-49f9-a8d7-7eb2aff460ff-NettyServerStreamRpc-bossGroup--thread1] INFO  logging.LoggingHandler (AbstractInternalLogger.java:log(148)) - [id: 0x0c36080f] REGISTERED
2023-06-02 05:15:27,296 [974c4613-d60a-49f9-a8d7-7eb2aff460ff-NettyServerStreamRpc-bossGroup--thread1] INFO  logging.LoggingHandler (AbstractInternalLogger.java:log(148)) - [id: 0x0c36080f] BIND: 0.0.0.0/0.0.0.0:15132
2023-06-02 05:15:27,296 [974c4613-d60a-49f9-a8d7-7eb2aff460ff-NettyServerStreamRpc-bossGroup--thread1] INFO  logging.LoggingHandler (AbstractInternalLogger.java:log(148)) - [id: 0x0c36080f, L:/0:0:0:0:0:0:0:0:15132] ACTIVE
2023-06-02 05:15:27,298 [main] INFO  server.XceiverServerGrpc (XceiverServerGrpc.java:<init>(132)) - GrpcServer channel type EpollServerSocketChannel
2023-06-02 05:15:27,300 [main] INFO  replication.ReplicationSupervisor (ReplicationSupervisor.java:nodeStateUpdated(296)) - Node state updated to IN_SERVICE, scaling executor pool size to 10
2023-06-02 05:15:27,301 [main] INFO  token.OzoneBlockTokenSecretManager (OzoneSecretManager.java:updateCurrentKey(175)) - Updating current master key for generating tokens. Cert id 3622618384929
2023-06-02 05:15:27,303 [main] INFO  http.BaseHttpServer (BaseHttpServer.java:newHttpServer2BuilderForOzone(224)) - Starting Web-server for hddsDatanode at: http://0.0.0.0:15126
2023-06-02 05:15:27,303 [main] INFO  http.BaseHttpServer (BaseHttpServer.java:<init>(111)) - Hadoop Security Enabled: false Ozone Security Enabled: false Ozone HTTP Security Enabled: false 
2023-06-02 05:15:27,304 [main] WARN  server.AuthenticationFilter (AuthenticationFilter.java:constructSecretProvider(240)) - Unable to initialize FileSignerSecretProvider, falling back to use random secrets. Reason: Could not read signature secret file: /home/runner/hadoop-http-auth-signature-secret
2023-06-02 05:15:27,305 [main] INFO  http.HttpRequestLog (HttpRequestLog.java:getRequestLog(86)) - Http request log for http.requests.hddsDatanode is not defined
2023-06-02 05:15:27,306 [main] INFO  http.HttpServer2 (HttpServer2.java:addGlobalFilter(1031)) - Added global filter 'safety' (class=org.apache.hadoop.hdds.server.http.HttpServer2$QuotingInputFilter)
2023-06-02 05:15:27,307 [main] INFO  http.HttpServer2 (HttpServer2.java:addFilter(1007)) - Added filter static_user_filter (class=org.apache.hadoop.http.lib.StaticUserWebFilter$StaticUserFilter) to context hddsDatanode
2023-06-02 05:15:27,308 [main] INFO  http.HttpServer2 (HttpServer2.java:addFilter(1015)) - Added filter static_user_filter (class=org.apache.hadoop.http.lib.StaticUserWebFilter$StaticUserFilter) to context static
2023-06-02 05:15:27,308 [main] INFO  http.HttpServer2 (HttpServer2.java:addFilter(1015)) - Added filter static_user_filter (class=org.apache.hadoop.http.lib.StaticUserWebFilter$StaticUserFilter) to context logs
2023-06-02 05:15:27,309 [main] INFO  http.BaseHttpServer (BaseHttpServer.java:<init>(190)) - HTTP server of hddsDatanode uses base directory /home/runner/work/ozone/ozone/hadoop-ozone/integration-test/target/test-dir/MiniOzoneClusterImpl-4e6c5432-da36-405d-b7f1-05871ead9573/datanode-13/meta/webserver
2023-06-02 05:15:27,309 [main] INFO  http.HttpServer2 (HttpServer2.java:bindListener(1250)) - Jetty bound to port 15126
2023-06-02 05:15:27,309 [main] INFO  server.Server (Server.java:doStart(375)) - jetty-9.4.51.v20230217; built: 2023-02-17T08:19:37.309Z; git: b45c405e4544384de066f814ed42ae3dceacdd49; jvm 1.8.0_372-b07
2023-06-02 05:15:27,314 [main] INFO  server.session (DefaultSessionIdManager.java:doStart(334)) - DefaultSessionIdManager workerName=node0
2023-06-02 05:15:27,314 [main] INFO  server.session (DefaultSessionIdManager.java:doStart(339)) - No SessionScavenger set, using defaults
2023-06-02 05:15:27,315 [main] INFO  server.session (HouseKeeper.java:startScavenging(132)) - node0 Scavenging every 660000ms
2023-06-02 05:15:27,316 [main] INFO  handler.ContextHandler (ContextHandler.java:doStart(921)) - Started o.e.j.s.ServletContextHandler@4dc96071{logs,/logs,file:///home/runner/work/ozone/ozone/hadoop-ozone/integration-test/target/log,AVAILABLE}
2023-06-02 05:15:27,316 [main] INFO  handler.ContextHandler (ContextHandler.java:doStart(921)) - Started o.e.j.s.ServletContextHandler@2e7a53f9{static,/static,jar:file:/home/runner/.m2/repository/org/apache/ozone/hdds-container-service/1.4.0-SNAPSHOT/hdds-container-service-1.4.0-SNAPSHOT.jar!/webapps/static,AVAILABLE}
2023-06-02 05:15:27,373 [EndpointStateMachine task thread for /0.0.0.0:15002 - 0 ] INFO  utils.DatanodeStoreCache (DatanodeStoreCache.java:addDB(66)) - Added db /home/runner/work/ozone/ozone/hadoop-ozone/integration-test/target/test-dir/MiniOzoneClusterImpl-4e6c5432-da36-405d-b7f1-05871ead9573/datanode-8/data-0/containers/hdds/4e6c5432-da36-405d-b7f1-05871ead9573/DS-804f5594-208a-4611-b75c-1349f7a9ff0d/container.db to cache
2023-06-02 05:15:27,373 [EndpointStateMachine task thread for /0.0.0.0:15002 - 0 ] INFO  volume.HddsVolume (HddsVolume.java:createDbStore(350)) - SchemaV3 db is created and loaded at /home/runner/work/ozone/ozone/hadoop-ozone/integration-test/target/test-dir/MiniOzoneClusterImpl-4e6c5432-da36-405d-b7f1-05871ead9573/datanode-8/data-0/containers/hdds/4e6c5432-da36-405d-b7f1-05871ead9573/DS-804f5594-208a-4611-b75c-1349f7a9ff0d/container.db for volume DS-804f5594-208a-4611-b75c-1349f7a9ff0d
2023-06-02 05:15:27,374 [EndpointStateMachine task thread for /0.0.0.0:15002 - 0 ] INFO  ozoneimpl.OzoneContainer (OzoneContainer.java:start(398)) - Attempting to start container services.
2023-06-02 05:15:27,374 [EndpointStateMachine task thread for /0.0.0.0:15002 - 0 ] INFO  ozoneimpl.OzoneContainer (OzoneContainer.java:startContainerScrub(314)) - Scheduled background container scanners and the on-demand container scanner have been disabled.
2023-06-02 05:15:27,375 [EndpointStateMachine task thread for /0.0.0.0:15002 - 0 ] INFO  replication.ReplicationServer (ReplicationServer.java:start(128)) - ReplicationServer is started using port 15088
2023-06-02 05:15:27,375 [EndpointStateMachine task thread for /0.0.0.0:15002 - 0 ] INFO  ratis.XceiverServerRatis (XceiverServerRatis.java:start(517)) - Starting XceiverServerRatis 70b3c7ea-e7eb-4f75-8ddc-1173fec1a2ac
2023-06-02 05:15:27,381 [EndpointStateMachine task thread for /0.0.0.0:15002 - 0 ] INFO  server.RaftServer (RaftServerProxy.java:startImpl(400)) - 70b3c7ea-e7eb-4f75-8ddc-1173fec1a2ac: start RPC server
2023-06-02 05:15:27,384 [EndpointStateMachine task thread for /0.0.0.0:15002 - 0 ] INFO  server.GrpcService (GrpcService.java:startImpl(302)) - 70b3c7ea-e7eb-4f75-8ddc-1173fec1a2ac: GrpcService started, listening on 15084
2023-06-02 05:15:27,384 [EndpointStateMachine task thread for /0.0.0.0:15002 - 0 ] INFO  server.GrpcService (GrpcService.java:startImpl(302)) - 70b3c7ea-e7eb-4f75-8ddc-1173fec1a2ac: GrpcService started, listening on 15086
2023-06-02 05:15:27,390 [EndpointStateMachine task thread for /0.0.0.0:15002 - 0 ] INFO  server.GrpcService (GrpcService.java:startImpl(302)) - 70b3c7ea-e7eb-4f75-8ddc-1173fec1a2ac: GrpcService started, listening on 15085
2023-06-02 05:15:27,391 [EndpointStateMachine task thread for /0.0.0.0:15002 - 0 ] INFO  ratis.XceiverServerRatis (XceiverServerRatis.java:getRealPort(543)) - XceiverServerRatis 70b3c7ea-e7eb-4f75-8ddc-1173fec1a2ac is started using port 15084 for RATIS
2023-06-02 05:15:27,391 [EndpointStateMachine task thread for /0.0.0.0:15002 - 0 ] INFO  ratis.XceiverServerRatis (XceiverServerRatis.java:getRealPort(543)) - XceiverServerRatis 70b3c7ea-e7eb-4f75-8ddc-1173fec1a2ac is started using port 15085 for RATIS_ADMIN
2023-06-02 05:15:27,391 [EndpointStateMachine task thread for /0.0.0.0:15002 - 0 ] INFO  ratis.XceiverServerRatis (XceiverServerRatis.java:getRealPort(543)) - XceiverServerRatis 70b3c7ea-e7eb-4f75-8ddc-1173fec1a2ac is started using port 15086 for RATIS_SERVER
2023-06-02 05:15:27,391 [EndpointStateMachine task thread for /0.0.0.0:15002 - 0 ] INFO  ratis.XceiverServerRatis (XceiverServerRatis.java:getRealPort(543)) - XceiverServerRatis 70b3c7ea-e7eb-4f75-8ddc-1173fec1a2ac is started using port 15087 for RATIS_DATASTREAM
2023-06-02 05:15:27,393 [BlockDeletingService#0] INFO  interfaces.ContainerDeletionChoosingPolicyTemplate (ContainerDeletionChoosingPolicyTemplate.java:chooseContainerForBlockDeletion(83)) - Chosen 0/5000 blocks from 0 candidate containers.
2023-06-02 05:15:27,396 [JvmPauseMonitor9] INFO  util.JvmPauseMonitor (JvmPauseMonitor.java:run(103)) - JvmPauseMonitor-70b3c7ea-e7eb-4f75-8ddc-1173fec1a2ac: Started
2023-06-02 05:15:27,608 [main] INFO  handler.ContextHandler (ContextHandler.java:doStart(921)) - Started o.e.j.w.WebAppContext@4cea19ad{hddsDatanode,/,file:///home/runner/work/ozone/ozone/hadoop-ozone/integration-test/target/test-dir/MiniOzoneClusterImpl-4e6c5432-da36-405d-b7f1-05871ead9573/datanode-13/meta/webserver/jetty-0_0_0_0-15126-hdds-container-service-1_4_0-SNAPSHOT_jar-_-any-5161789000960337625/webapp/,AVAILABLE}{jar:file:/home/runner/.m2/repository/org/apache/ozone/hdds-container-service/1.4.0-SNAPSHOT/hdds-container-service-1.4.0-SNAPSHOT.jar!/webapps/hddsDatanode}
2023-06-02 05:15:27,612 [main] INFO  server.AbstractConnector (AbstractConnector.java:doStart(333)) - Started ServerConnector@69e91dc1{HTTP/1.1, (http/1.1)}{0.0.0.0:15126}
2023-06-02 05:15:27,613 [main] INFO  server.Server (Server.java:doStart(415)) - Started @18446ms
2023-06-02 05:15:27,613 [main] WARN  impl.MetricsSystemImpl (MetricsSystemImpl.java:register(279)) - Sink prometheus already exists!
2023-06-02 05:15:27,614 [main] INFO  http.BaseHttpServer (BaseHttpServer.java:updateConnectorAddress(344)) - HTTP server of hddsDatanode listening at http://0.0.0.0:15126
2023-06-02 05:15:27,615 [main] INFO  ipc.CallQueueManager (CallQueueManager.java:<init>(90)) - Using callQueue: class java.util.concurrent.LinkedBlockingQueue, queueCapacity: 100, scheduler: class org.apache.hadoop.ipc.DefaultRpcScheduler, ipcBackoff: false.
2023-06-02 05:15:27,619 [Socket Reader #1 for port 15127] INFO  ipc.Server (Server.java:run(1319)) - Starting Socket Reader #1 for port 15127
2023-06-02 05:15:27,631 [Listener at 0.0.0.0/15127] INFO  hdds.HddsUtils (HddsUtils.java:preserveThreadName(843)) - Restoring thread name: main
2023-06-02 05:15:27,636 [main] INFO  ozone.HddsDatanodeService (HddsDatanodeService.java:start(331)) - Datanode start with admins: [runner]
2023-06-02 05:15:27,637 [main] INFO  ozone.HddsDatanodeClientProtocolServer (HddsDatanodeClientProtocolServer.java:start(83)) - RPC server for Client /0.0.0.0:15127
2023-06-02 05:15:27,637 [IPC Server handler 3 on default port 15002] INFO  net.NetworkTopologyImpl (NetworkTopologyImpl.java:add(112)) - Added a new node: /default-rack/57515d40-5a2b-4760-820a-8e251d1bbde2
2023-06-02 05:15:27,637 [IPC Server handler 3 on default port 15002] INFO  node.SCMNodeManager (SCMNodeManager.java:register(407)) - Registered Data node : 57515d40-5a2b-4760-820a-8e251d1bbde2{ip: 10.1.74.1, host: fv-az628-647, ports: [HTTP=15054, CLIENT_RPC=15055, REPLICATION=15061, RATIS=15057, RATIS_ADMIN=15058, RATIS_SERVER=15059, RATIS_DATASTREAM=15060, STANDALONE=15056], networkLocation: /default-rack, certSerialId: null, persistedOpState: null, persistedOpStateExpiryEpochSec: 0}
2023-06-02 05:15:27,638 [EventQueue-NewNodeForNewNodeHandler] INFO  pipeline.BackgroundPipelineCreator (BackgroundPipelineCreator.java:notifyEventTriggered(276)) - trigger a one-shot run on RatisPipelineUtilsThread.
2023-06-02 05:15:27,640 [RatisPipelineUtilsThread - 0] INFO  pipeline.RatisPipelineProvider (RatisPipelineProvider.java:lambda$create$0(206)) - Sending CreatePipelineCommand for pipeline:PipelineID=1d0cf13e-78d1-4dd3-9b9c-e08682256bc1 to datanode:57515d40-5a2b-4760-820a-8e251d1bbde2
2023-06-02 05:15:27,641 [RatisPipelineUtilsThread - 0] INFO  pipeline.PipelineStateManagerImpl (PipelineStateManagerImpl.java:addPipeline(103)) - Created pipeline Pipeline[ Id: 1d0cf13e-78d1-4dd3-9b9c-e08682256bc1, Nodes: 57515d40-5a2b-4760-820a-8e251d1bbde2(fv-az628-647/10.1.74.1), ReplicationConfig: RATIS/ONE, State:ALLOCATED, leaderId:, CreationTimestamp2023-06-02T05:15:27.640Z[Etc/UTC]].
2023-06-02 05:15:27,642 [RatisPipelineUtilsThread - 0] INFO  pipeline.RatisPipelineProvider (RatisPipelineProvider.java:lambda$create$0(206)) - Sending CreatePipelineCommand for pipeline:PipelineID=b54f538c-23aa-47e5-a8e7-881d66bc670e to datanode:bf3b8f25-dffd-4d70-aae5-69cf4c3dc4d1
2023-06-02 05:15:27,642 [RatisPipelineUtilsThread - 0] INFO  pipeline.RatisPipelineProvider (RatisPipelineProvider.java:lambda$create$0(206)) - Sending CreatePipelineCommand for pipeline:PipelineID=b54f538c-23aa-47e5-a8e7-881d66bc670e to datanode:45087365-1608-4817-8e49-1b233997f081
2023-06-02 05:15:27,642 [RatisPipelineUtilsThread - 0] INFO  pipeline.RatisPipelineProvider (RatisPipelineProvider.java:lambda$create$0(206)) - Sending CreatePipelineCommand for pipeline:PipelineID=b54f538c-23aa-47e5-a8e7-881d66bc670e to datanode:57515d40-5a2b-4760-820a-8e251d1bbde2
2023-06-02 05:15:27,643 [IPC Server listener on 15127] INFO  ipc.Server (Server.java:run(1398)) - IPC Server listener on 15127: starting
2023-06-02 05:15:27,643 [RatisPipelineUtilsThread - 0] INFO  pipeline.PipelineStateManagerImpl (PipelineStateManagerImpl.java:addPipeline(103)) - Created pipeline Pipeline[ Id: b54f538c-23aa-47e5-a8e7-881d66bc670e, Nodes: bf3b8f25-dffd-4d70-aae5-69cf4c3dc4d1(fv-az628-647/10.1.74.1)45087365-1608-4817-8e49-1b233997f081(fv-az628-647/10.1.74.1)57515d40-5a2b-4760-820a-8e251d1bbde2(fv-az628-647/10.1.74.1), ReplicationConfig: RATIS/THREE, State:ALLOCATED, leaderId:, CreationTimestamp2023-06-02T05:15:27.642Z[Etc/UTC]].
2023-06-02 05:15:27,644 [RatisPipelineUtilsThread - 0] INFO  pipeline.RatisPipelineProvider (RatisPipelineProvider.java:lambda$create$0(206)) - Sending CreatePipelineCommand for pipeline:PipelineID=baee233c-8c04-4a61-87ea-7a464bc2d816 to datanode:57515d40-5a2b-4760-820a-8e251d1bbde2
2023-06-02 05:15:27,645 [RatisPipelineUtilsThread - 0] INFO  pipeline.RatisPipelineProvider (RatisPipelineProvider.java:lambda$create$0(206)) - Sending CreatePipelineCommand for pipeline:PipelineID=baee233c-8c04-4a61-87ea-7a464bc2d816 to datanode:bf3b8f25-dffd-4d70-aae5-69cf4c3dc4d1
2023-06-02 05:15:27,645 [RatisPipelineUtilsThread - 0] INFO  pipeline.RatisPipelineProvider (RatisPipelineProvider.java:lambda$create$0(206)) - Sending CreatePipelineCommand for pipeline:PipelineID=baee233c-8c04-4a61-87ea-7a464bc2d816 to datanode:45087365-1608-4817-8e49-1b233997f081
2023-06-02 05:15:27,647 [RatisPipelineUtilsThread - 0] INFO  pipeline.PipelineStateManagerImpl (PipelineStateManagerImpl.java:addPipeline(103)) - Created pipeline Pipeline[ Id: baee233c-8c04-4a61-87ea-7a464bc2d816, Nodes: 57515d40-5a2b-4760-820a-8e251d1bbde2(fv-az628-647/10.1.74.1)bf3b8f25-dffd-4d70-aae5-69cf4c3dc4d1(fv-az628-647/10.1.74.1)45087365-1608-4817-8e49-1b233997f081(fv-az628-647/10.1.74.1), ReplicationConfig: RATIS/THREE, State:ALLOCATED, leaderId:, CreationTimestamp2023-06-02T05:15:27.644Z[Etc/UTC]].
2023-06-02 05:15:27,648 [RatisPipelineUtilsThread - 0] INFO  pipeline.PipelineManagerImpl (PipelineManagerImpl.java:recordMetricsForPipeline(826)) - Pipeline: PipelineID=baee233c-8c04-4a61-87ea-7a464bc2d816 contains same datanodes as previous pipelines: PipelineID=b54f538c-23aa-47e5-a8e7-881d66bc670e nodeIds: 57515d40-5a2b-4760-820a-8e251d1bbde2, bf3b8f25-dffd-4d70-aae5-69cf4c3dc4d1, 45087365-1608-4817-8e49-1b233997f081
2023-06-02 05:15:27,648 [IPC Server Responder] INFO  ipc.Server (Server.java:run(1558)) - IPC Server Responder: starting
2023-06-02 05:15:27,668 [main] INFO  token.OzoneBlockTokenSecretManager (OzoneSecretManager.java:updateCurrentKey(175)) - Updating current master key for generating tokens. Cert id 3622618384929
2023-06-02 05:15:27,669 [main] INFO  om.OzoneManager (OzoneManager.java:startSecretManager(1096)) - Starting OM block token secret manager
2023-06-02 05:15:27,669 [main] INFO  token.OzoneBlockTokenSecretManager (OzoneSecretManager.java:updateCurrentKey(175)) - Updating current master key for generating tokens. Cert id 3622618384929
2023-06-02 05:15:27,669 [main] INFO  om.OzoneManager (OzoneManager.java:startSecretManager(1107)) - Starting OM delegation token secret manager
2023-06-02 05:15:27,669 [main] INFO  security.OzoneDelegationTokenSecretManager (OzoneSecretManager.java:updateCurrentKey(175)) - Updating current master key for generating tokens. Cert id 3622618384929
2023-06-02 05:15:27,668 [Datanode State Machine Daemon Thread] INFO  statemachine.DatanodeStateMachine (DatanodeStateMachine.java:lambda$startDaemon$0(537)) - Ozone container server started.
2023-06-02 05:15:27,649 [RatisPipelineUtilsThread - 0] WARN  pipeline.PipelinePlacementPolicy (PipelinePlacementPolicy.java:filterViableNodes(160)) - Pipeline creation failed due to no sufficient healthy datanodes. Required 3. Found 0. Excluded 6.
2023-06-02 05:15:27,678 [main] INFO  ozone.MiniOzoneClusterImpl (MiniOzoneClusterImpl.java:lambda$waitForClusterToBeReady$0(222)) - Waiting for nodes to be ready. Got 6 of 14 DN Heartbeats.
2023-06-02 05:15:27,678 [main] INFO  ozone.MiniOzoneClusterImpl (MiniOzoneClusterImpl.java:lambda$waitForClusterToBeReady$0(225)) - Waiting for cluster to exit safe mode
2023-06-02 05:15:27,678 [main] INFO  ozone.MiniOzoneClusterImpl (MiniOzoneClusterImpl.java:lambda$waitForClusterToBeReady$0(227)) - SCM became leader
2023-06-02 05:15:27,680 [Thread[Thread-445,5,main]] INFO  security.OzoneDelegationTokenSecretManager (OzoneDelegationTokenSecretManager.java:run(636)) - Starting expired delegation token remover thread, tokenRemoverScanInterval=60 min(s)
2023-06-02 05:15:27,699 [org.apache.hadoop.util.JvmPauseMonitor$Monitor@1cd47ec7] INFO  util.JvmPauseMonitor (JvmPauseMonitor.java:run(188)) - Starting JVM pause monitor
2023-06-02 05:15:27,703 [Datanode State Machine Task Thread - 0] INFO  datanode.InitDatanodeState (InitDatanodeState.java:persistContainerDatanodeDetails(138)) - DatanodeDetails is persisted to /home/runner/work/ozone/ozone/hadoop-ozone/integration-test/target/test-dir/MiniOzoneClusterImpl-4e6c5432-da36-405d-b7f1-05871ead9573/datanode-13/meta/datanode.id
2023-06-02 05:15:27,840 [EndpointStateMachine task thread for /0.0.0.0:15002 - 0 ] INFO  utils.DatanodeStoreCache (DatanodeStoreCache.java:addDB(66)) - Added db /home/runner/work/ozone/ozone/hadoop-ozone/integration-test/target/test-dir/MiniOzoneClusterImpl-4e6c5432-da36-405d-b7f1-05871ead9573/datanode-9/data-0/containers/hdds/4e6c5432-da36-405d-b7f1-05871ead9573/DS-404774d2-8a66-49b7-9f33-37eee984fde7/container.db to cache
2023-06-02 05:15:27,840 [EndpointStateMachine task thread for /0.0.0.0:15002 - 0 ] INFO  volume.HddsVolume (HddsVolume.java:createDbStore(350)) - SchemaV3 db is created and loaded at /home/runner/work/ozone/ozone/hadoop-ozone/integration-test/target/test-dir/MiniOzoneClusterImpl-4e6c5432-da36-405d-b7f1-05871ead9573/datanode-9/data-0/containers/hdds/4e6c5432-da36-405d-b7f1-05871ead9573/DS-404774d2-8a66-49b7-9f33-37eee984fde7/container.db for volume DS-404774d2-8a66-49b7-9f33-37eee984fde7
2023-06-02 05:15:27,840 [EndpointStateMachine task thread for /0.0.0.0:15002 - 0 ] INFO  ozoneimpl.OzoneContainer (OzoneContainer.java:start(398)) - Attempting to start container services.
2023-06-02 05:15:27,841 [EndpointStateMachine task thread for /0.0.0.0:15002 - 0 ] INFO  ozoneimpl.OzoneContainer (OzoneContainer.java:startContainerScrub(314)) - Scheduled background container scanners and the on-demand container scanner have been disabled.
2023-06-02 05:15:27,842 [EndpointStateMachine task thread for /0.0.0.0:15002 - 0 ] INFO  replication.ReplicationServer (ReplicationServer.java:start(128)) - ReplicationServer is started using port 15097
2023-06-02 05:15:27,843 [EndpointStateMachine task thread for /0.0.0.0:15002 - 0 ] INFO  ratis.XceiverServerRatis (XceiverServerRatis.java:start(517)) - Starting XceiverServerRatis dd6dae7b-c4a9-4a16-a5ce-973fa036779e
2023-06-02 05:15:27,848 [EndpointStateMachine task thread for /0.0.0.0:15002 - 0 ] INFO  server.RaftServer (RaftServerProxy.java:startImpl(400)) - dd6dae7b-c4a9-4a16-a5ce-973fa036779e: start RPC server
2023-06-02 05:15:27,849 [EndpointStateMachine task thread for /0.0.0.0:15002 - 0 ] INFO  server.GrpcService (GrpcService.java:startImpl(302)) - dd6dae7b-c4a9-4a16-a5ce-973fa036779e: GrpcService started, listening on 15093
2023-06-02 05:15:27,849 [EndpointStateMachine task thread for /0.0.0.0:15002 - 0 ] INFO  server.GrpcService (GrpcService.java:startImpl(302)) - dd6dae7b-c4a9-4a16-a5ce-973fa036779e: GrpcService started, listening on 15095
2023-06-02 05:15:27,851 [EndpointStateMachine task thread for /0.0.0.0:15002 - 0 ] INFO  server.GrpcService (GrpcService.java:startImpl(302)) - dd6dae7b-c4a9-4a16-a5ce-973fa036779e: GrpcService started, listening on 15094
2023-06-02 05:15:27,853 [EndpointStateMachine task thread for /0.0.0.0:15002 - 0 ] INFO  ratis.XceiverServerRatis (XceiverServerRatis.java:getRealPort(543)) - XceiverServerRatis dd6dae7b-c4a9-4a16-a5ce-973fa036779e is started using port 15093 for RATIS
2023-06-02 05:15:27,853 [EndpointStateMachine task thread for /0.0.0.0:15002 - 0 ] INFO  ratis.XceiverServerRatis (XceiverServerRatis.java:getRealPort(543)) - XceiverServerRatis dd6dae7b-c4a9-4a16-a5ce-973fa036779e is started using port 15094 for RATIS_ADMIN
2023-06-02 05:15:27,854 [EndpointStateMachine task thread for /0.0.0.0:15002 - 0 ] INFO  ratis.XceiverServerRatis (XceiverServerRatis.java:getRealPort(543)) - XceiverServerRatis dd6dae7b-c4a9-4a16-a5ce-973fa036779e is started using port 15095 for RATIS_SERVER
2023-06-02 05:15:27,854 [EndpointStateMachine task thread for /0.0.0.0:15002 - 0 ] INFO  ratis.XceiverServerRatis (XceiverServerRatis.java:getRealPort(543)) - XceiverServerRatis dd6dae7b-c4a9-4a16-a5ce-973fa036779e is started using port 15096 for RATIS_DATASTREAM
2023-06-02 05:15:27,856 [JvmPauseMonitor10] INFO  util.JvmPauseMonitor (JvmPauseMonitor.java:run(103)) - JvmPauseMonitor-dd6dae7b-c4a9-4a16-a5ce-973fa036779e: Started
2023-06-02 05:15:27,859 [BlockDeletingService#0] INFO  interfaces.ContainerDeletionChoosingPolicyTemplate (ContainerDeletionChoosingPolicyTemplate.java:chooseContainerForBlockDeletion(83)) - Chosen 0/5000 blocks from 0 candidate containers.
2023-06-02 05:15:28,162 [IPC Server handler 9 on default port 15002] INFO  net.NetworkTopologyImpl (NetworkTopologyImpl.java:add(112)) - Added a new node: /default-rack/87f06f2d-f73a-4ca4-bc8e-5aedfa582ec7
2023-06-02 05:15:28,162 [IPC Server handler 9 on default port 15002] INFO  node.SCMNodeManager (SCMNodeManager.java:register(407)) - Registered Data node : 87f06f2d-f73a-4ca4-bc8e-5aedfa582ec7{ip: 10.1.74.1, host: fv-az628-647, ports: [HTTP=15063, CLIENT_RPC=15064, REPLICATION=15070, RATIS=15066, RATIS_ADMIN=15067, RATIS_SERVER=15068, RATIS_DATASTREAM=15069, STANDALONE=15065], networkLocation: /default-rack, certSerialId: null, persistedOpState: null, persistedOpStateExpiryEpochSec: 0}
2023-06-02 05:15:28,163 [EventQueue-NewNodeForNewNodeHandler] INFO  pipeline.BackgroundPipelineCreator (BackgroundPipelineCreator.java:notifyEventTriggered(276)) - trigger a one-shot run on RatisPipelineUtilsThread.
2023-06-02 05:15:28,163 [RatisPipelineUtilsThread - 0] INFO  pipeline.RatisPipelineProvider (RatisPipelineProvider.java:lambda$create$0(206)) - Sending CreatePipelineCommand for pipeline:PipelineID=6b73d772-bd45-4f94-9ab0-7100b8120193 to datanode:87f06f2d-f73a-4ca4-bc8e-5aedfa582ec7
2023-06-02 05:15:28,164 [RatisPipelineUtilsThread - 0] INFO  pipeline.PipelineStateManagerImpl (PipelineStateManagerImpl.java:addPipeline(103)) - Created pipeline Pipeline[ Id: 6b73d772-bd45-4f94-9ab0-7100b8120193, Nodes: 87f06f2d-f73a-4ca4-bc8e-5aedfa582ec7(fv-az628-647/10.1.74.1), ReplicationConfig: RATIS/ONE, State:ALLOCATED, leaderId:, CreationTimestamp2023-06-02T05:15:28.163Z[Etc/UTC]].
2023-06-02 05:15:28,165 [RatisPipelineUtilsThread - 0] WARN  pipeline.PipelinePlacementPolicy (PipelinePlacementPolicy.java:filterViableNodes(160)) - Pipeline creation failed due to no sufficient healthy datanodes. Required 3. Found 1. Excluded 6.
2023-06-02 05:15:28,430 [EndpointStateMachine task thread for /0.0.0.0:15002 - 0 ] INFO  utils.DatanodeStoreCache (DatanodeStoreCache.java:addDB(66)) - Added db /home/runner/work/ozone/ozone/hadoop-ozone/integration-test/target/test-dir/MiniOzoneClusterImpl-4e6c5432-da36-405d-b7f1-05871ead9573/datanode-10/data-0/containers/hdds/4e6c5432-da36-405d-b7f1-05871ead9573/DS-8380786b-f10c-47f2-be17-d466b6466503/container.db to cache
2023-06-02 05:15:28,430 [EndpointStateMachine task thread for /0.0.0.0:15002 - 0 ] INFO  volume.HddsVolume (HddsVolume.java:createDbStore(350)) - SchemaV3 db is created and loaded at /home/runner/work/ozone/ozone/hadoop-ozone/integration-test/target/test-dir/MiniOzoneClusterImpl-4e6c5432-da36-405d-b7f1-05871ead9573/datanode-10/data-0/containers/hdds/4e6c5432-da36-405d-b7f1-05871ead9573/DS-8380786b-f10c-47f2-be17-d466b6466503/container.db for volume DS-8380786b-f10c-47f2-be17-d466b6466503
2023-06-02 05:15:28,430 [EndpointStateMachine task thread for /0.0.0.0:15002 - 0 ] INFO  ozoneimpl.OzoneContainer (OzoneContainer.java:start(398)) - Attempting to start container services.
2023-06-02 05:15:28,430 [EndpointStateMachine task thread for /0.0.0.0:15002 - 0 ] INFO  ozoneimpl.OzoneContainer (OzoneContainer.java:startContainerScrub(314)) - Scheduled background container scanners and the on-demand container scanner have been disabled.
2023-06-02 05:15:28,431 [EndpointStateMachine task thread for /0.0.0.0:15002 - 0 ] INFO  replication.ReplicationServer (ReplicationServer.java:start(128)) - ReplicationServer is started using port 15106
2023-06-02 05:15:28,431 [EndpointStateMachine task thread for /0.0.0.0:15002 - 0 ] INFO  ratis.XceiverServerRatis (XceiverServerRatis.java:start(517)) - Starting XceiverServerRatis f6a83548-c013-4f74-9c0e-0b5a922fe81f
2023-06-02 05:15:28,432 [EndpointStateMachine task thread for /0.0.0.0:15002 - 0 ] INFO  server.RaftServer (RaftServerProxy.java:startImpl(400)) - f6a83548-c013-4f74-9c0e-0b5a922fe81f: start RPC server
2023-06-02 05:15:28,433 [EndpointStateMachine task thread for /0.0.0.0:15002 - 0 ] INFO  server.GrpcService (GrpcService.java:startImpl(302)) - f6a83548-c013-4f74-9c0e-0b5a922fe81f: GrpcService started, listening on 15102
2023-06-02 05:15:28,433 [EndpointStateMachine task thread for /0.0.0.0:15002 - 0 ] INFO  server.GrpcService (GrpcService.java:startImpl(302)) - f6a83548-c013-4f74-9c0e-0b5a922fe81f: GrpcService started, listening on 15104
2023-06-02 05:15:28,433 [EndpointStateMachine task thread for /0.0.0.0:15002 - 0 ] INFO  server.GrpcService (GrpcService.java:startImpl(302)) - f6a83548-c013-4f74-9c0e-0b5a922fe81f: GrpcService started, listening on 15103
2023-06-02 05:15:28,434 [EndpointStateMachine task thread for /0.0.0.0:15002 - 0 ] INFO  ratis.XceiverServerRatis (XceiverServerRatis.java:getRealPort(543)) - XceiverServerRatis f6a83548-c013-4f74-9c0e-0b5a922fe81f is started using port 15102 for RATIS
2023-06-02 05:15:28,434 [EndpointStateMachine task thread for /0.0.0.0:15002 - 0 ] INFO  ratis.XceiverServerRatis (XceiverServerRatis.java:getRealPort(543)) - XceiverServerRatis f6a83548-c013-4f74-9c0e-0b5a922fe81f is started using port 15103 for RATIS_ADMIN
2023-06-02 05:15:28,434 [EndpointStateMachine task thread for /0.0.0.0:15002 - 0 ] INFO  ratis.XceiverServerRatis (XceiverServerRatis.java:getRealPort(543)) - XceiverServerRatis f6a83548-c013-4f74-9c0e-0b5a922fe81f is started using port 15104 for RATIS_SERVER
2023-06-02 05:15:28,434 [JvmPauseMonitor11] INFO  util.JvmPauseMonitor (JvmPauseMonitor.java:run(103)) - JvmPauseMonitor-f6a83548-c013-4f74-9c0e-0b5a922fe81f: Started
2023-06-02 05:15:28,434 [EndpointStateMachine task thread for /0.0.0.0:15002 - 0 ] INFO  ratis.XceiverServerRatis (XceiverServerRatis.java:getRealPort(543)) - XceiverServerRatis f6a83548-c013-4f74-9c0e-0b5a922fe81f is started using port 15105 for RATIS_DATASTREAM
2023-06-02 05:15:28,436 [BlockDeletingService#0] INFO  interfaces.ContainerDeletionChoosingPolicyTemplate (ContainerDeletionChoosingPolicyTemplate.java:chooseContainerForBlockDeletion(83)) - Chosen 0/5000 blocks from 0 candidate containers.
2023-06-02 05:15:28,504 [PipelineCommandHandlerThread-0] INFO  server.RaftServer (RaftServerProxy.java:addNew(98)) - f102c20d-579f-44a7-9197-f839bb943261: addNew group-0A3F48428075:[f102c20d-579f-44a7-9197-f839bb943261|rpc:10.1.74.1:15014|admin:10.1.74.1:15013|client:10.1.74.1:15012|dataStream:10.1.74.1:15015|priority:1|startupRole:FOLLOWER] returns group-0A3F48428075:java.util.concurrent.CompletableFuture@27e28986[Not completed]
2023-06-02 05:15:28,516 [f102c20d-579f-44a7-9197-f839bb943261-groupManagement] INFO  server.RaftServer$Division (RaftServerImpl.java:<init>(198)) - f102c20d-579f-44a7-9197-f839bb943261: new RaftServerImpl for group-0A3F48428075:[f102c20d-579f-44a7-9197-f839bb943261|rpc:10.1.74.1:15014|admin:10.1.74.1:15013|client:10.1.74.1:15012|dataStream:10.1.74.1:15015|priority:1|startupRole:FOLLOWER] with ContainerStateMachine:uninitialized
2023-06-02 05:15:28,516 [f102c20d-579f-44a7-9197-f839bb943261-groupManagement] INFO  server.RaftServerConfigKeys (ConfUtils.java:logGet(46)) - raft.server.rpc.timeout.min = 5s (custom)
2023-06-02 05:15:28,516 [f102c20d-579f-44a7-9197-f839bb943261-groupManagement] INFO  server.RaftServerConfigKeys (ConfUtils.java:logGet(46)) - raft.server.rpc.timeout.max = 5200ms (custom)
2023-06-02 05:15:28,519 [f102c20d-579f-44a7-9197-f839bb943261-groupManagement] INFO  server.RaftServerConfigKeys (ConfUtils.java:logGet(46)) - raft.server.rpc.sleep.time = 25ms (default)
2023-06-02 05:15:28,519 [f102c20d-579f-44a7-9197-f839bb943261-groupManagement] INFO  server.RaftServerConfigKeys (ConfUtils.java:logGet(46)) - raft.server.rpc.slowness.timeout = 300s (custom)
2023-06-02 05:15:28,519 [f102c20d-579f-44a7-9197-f839bb943261-groupManagement] INFO  server.RaftServerConfigKeys (ConfUtils.java:logGet(46)) - raft.server.leaderelection.leader.step-down.wait-time = 10s (default)
2023-06-02 05:15:28,519 [f102c20d-579f-44a7-9197-f839bb943261-groupManagement] INFO  server.RaftServerConfigKeys (ConfUtils.java:logGet(46)) - raft.server.sleep.deviation.threshold = 300ms (default)
2023-06-02 05:15:28,519 [f102c20d-579f-44a7-9197-f839bb943261-groupManagement] INFO  server.RaftServer$Division (ServerState.java:<init>(120)) - f102c20d-579f-44a7-9197-f839bb943261@group-0A3F48428075: ConfigurationManager, init=-1: peers:[f102c20d-579f-44a7-9197-f839bb943261|rpc:10.1.74.1:15014|admin:10.1.74.1:15013|client:10.1.74.1:15012|dataStream:10.1.74.1:15015|priority:1|startupRole:FOLLOWER]|listeners:[], old=null, confs=<EMPTY_MAP>
2023-06-02 05:15:28,519 [f102c20d-579f-44a7-9197-f839bb943261-groupManagement] INFO  server.RaftServerConfigKeys (ConfUtils.java:logGet(46)) - raft.server.storage.dir = [/home/runner/work/ozone/ozone/hadoop-ozone/integration-test/target/test-dir/MiniOzoneClusterImpl-4e6c5432-da36-405d-b7f1-05871ead9573/datanode-0/data/ratis] (custom)
2023-06-02 05:15:28,519 [f102c20d-579f-44a7-9197-f839bb943261-groupManagement] INFO  server.RaftServerConfigKeys (ConfUtils.java:logGet(46)) - raft.server.log.corruption.policy = EXCEPTION (default)
2023-06-02 05:15:28,519 [f102c20d-579f-44a7-9197-f839bb943261-groupManagement] INFO  server.RaftServerConfigKeys (ConfUtils.java:logGet(46)) - raft.server.storage.free-space.min = 0MB (=0) (default)
2023-06-02 05:15:28,520 [f102c20d-579f-44a7-9197-f839bb943261-groupManagement] INFO  server.RaftServerConfigKeys (ConfUtils.java:logGet(46)) - raft.server.notification.no-leader.timeout = 300s (custom)
2023-06-02 05:15:28,520 [f102c20d-579f-44a7-9197-f839bb943261-groupManagement] INFO  server.RaftServerConfigKeys (ConfUtils.java:logGet(46)) - raft.server.read.timeout = 10s (default)
2023-06-02 05:15:28,520 [f102c20d-579f-44a7-9197-f839bb943261-groupManagement] INFO  server.RaftServerConfigKeys (ConfUtils.java:logGet(46)) - raft.server.retrycache.expirytime = 600000ms (custom)
2023-06-02 05:15:28,520 [f102c20d-579f-44a7-9197-f839bb943261-groupManagement] INFO  server.RaftServerConfigKeys (ConfUtils.java:logGet(46)) - raft.server.retrycache.statistics.expirytime = 100μs (default)
2023-06-02 05:15:28,520 [f102c20d-579f-44a7-9197-f839bb943261-groupManagement] INFO  server.RaftServerConfigKeys (ConfUtils.java:logGet(46)) - raft.server.read.option = DEFAULT (default)
2023-06-02 05:15:28,526 [f102c20d-579f-44a7-9197-f839bb943261-groupManagement] INFO  server.RaftServerConfigKeys (ConfUtils.java:logGet(46)) - raft.server.rpc.request.timeout = 60s (custom)
2023-06-02 05:15:28,526 [f102c20d-579f-44a7-9197-f839bb943261-groupManagement] INFO  server.RaftServerConfigKeys (ConfUtils.java:logGet(46)) - raft.server.log.appender.install.snapshot.enabled = false (custom)
2023-06-02 05:15:28,526 [f102c20d-579f-44a7-9197-f839bb943261-groupManagement] INFO  server.RaftServerConfigKeys (ConfUtils.java:logGet(46)) - raft.server.threadpool.server.cached = true (default)
2023-06-02 05:15:28,526 [f102c20d-579f-44a7-9197-f839bb943261-groupManagement] INFO  server.RaftServerConfigKeys (ConfUtils.java:logGet(46)) - raft.server.threadpool.server.size = 0 (default)
2023-06-02 05:15:28,526 [f102c20d-579f-44a7-9197-f839bb943261-groupManagement] INFO  server.RaftServerConfigKeys (ConfUtils.java:logGet(46)) - raft.server.threadpool.client.cached = true (default)
2023-06-02 05:15:28,526 [f102c20d-579f-44a7-9197-f839bb943261-groupManagement] INFO  server.RaftServerConfigKeys (ConfUtils.java:logGet(46)) - raft.server.threadpool.client.size = 0 (default)
2023-06-02 05:15:28,526 [f102c20d-579f-44a7-9197-f839bb943261-groupManagement] INFO  storage.RaftStorageDirectory (RaftStorageDirectoryImpl.java:analyzeStorage(137)) - The storage directory /home/runner/work/ozone/ozone/hadoop-ozone/integration-test/target/test-dir/MiniOzoneClusterImpl-4e6c5432-da36-405d-b7f1-05871ead9573/datanode-0/data/ratis/630498d7-0128-4162-866f-0a3f48428075 does not exist. Creating ...
2023-06-02 05:15:28,528 [f102c20d-579f-44a7-9197-f839bb943261-groupManagement] INFO  storage.RaftStorageDirectory (RaftStorageDirectoryImpl.java:tryLock(231)) - Lock on /home/runner/work/ozone/ozone/hadoop-ozone/integration-test/target/test-dir/MiniOzoneClusterImpl-4e6c5432-da36-405d-b7f1-05871ead9573/datanode-0/data/ratis/630498d7-0128-4162-866f-0a3f48428075/in_use.lock acquired by nodename 65026@fv-az628-647
2023-06-02 05:15:28,530 [f102c20d-579f-44a7-9197-f839bb943261-groupManagement] INFO  storage.RaftStorage (RaftStorageImpl.java:format(96)) - Storage directory /home/runner/work/ozone/ozone/hadoop-ozone/integration-test/target/test-dir/MiniOzoneClusterImpl-4e6c5432-da36-405d-b7f1-05871ead9573/datanode-0/data/ratis/630498d7-0128-4162-866f-0a3f48428075 has been successfully formatted.
2023-06-02 05:15:28,549 [f102c20d-579f-44a7-9197-f839bb943261-groupManagement] INFO  ratis.ContainerStateMachine (ContainerStateMachine.java:loadSnapshot(262)) - group-0A3F48428075: The snapshot info is null. Setting the last applied indexto:(t:0, i:~)
2023-06-02 05:15:28,550 [f102c20d-579f-44a7-9197-f839bb943261-groupManagement] INFO  server.RaftServerConfigKeys (ConfUtils.java:logGet(46)) - raft.server.log.use.memory = false (default)
2023-06-02 05:15:28,550 [f102c20d-579f-44a7-9197-f839bb943261-groupManagement] INFO  server.RaftServerConfigKeys (ConfUtils.java:logGet(46)) - raft.server.log.purge.gap = 1000000 (custom)
2023-06-02 05:15:28,550 [f102c20d-579f-44a7-9197-f839bb943261-groupManagement] INFO  server.RaftServerConfigKeys (ConfUtils.java:logGet(46)) - raft.server.log.appender.buffer.byte-limit = 33554432 (custom)
2023-06-02 05:15:28,550 [f102c20d-579f-44a7-9197-f839bb943261-groupManagement] INFO  server.RaftServerConfigKeys (ConfUtils.java:logGet(46)) - raft.server.log.statemachine.data.read.timeout = 1000ms (default)
2023-06-02 05:15:28,550 [f102c20d-579f-44a7-9197-f839bb943261-groupManagement] INFO  server.RaftServerConfigKeys (ConfUtils.java:logGet(46)) - raft.server.log.purge.preservation.log.num = 0 (default)
2023-06-02 05:15:28,550 [f102c20d-579f-44a7-9197-f839bb943261-groupManagement] INFO  server.RaftServerConfigKeys (ConfUtils.java:logGet(46)) - raft.server.log.segment.size.max = 1048576 (custom)
2023-06-02 05:15:28,552 [f102c20d-579f-44a7-9197-f839bb943261-groupManagement] INFO  server.RaftServerConfigKeys (ConfUtils.java:logGet(46)) - raft.server.log.segment.cache.num.max = 2 (custom)
2023-06-02 05:15:28,552 [f102c20d-579f-44a7-9197-f839bb943261-groupManagement] INFO  server.RaftServerConfigKeys (ConfUtils.java:logGet(46)) - raft.server.log.segment.cache.size.max = 200MB (=209715200) (default)
2023-06-02 05:15:28,552 [f102c20d-579f-44a7-9197-f839bb943261-groupManagement] INFO  server.RaftServerConfigKeys (ConfUtils.java:logGet(46)) - raft.server.log.appender.buffer.byte-limit = 33554432 (custom)
2023-06-02 05:15:28,552 [f102c20d-579f-44a7-9197-f839bb943261-groupManagement] INFO  segmented.SegmentedRaftLogWorker (SegmentedRaftLogWorker.java:<init>(188)) - new f102c20d-579f-44a7-9197-f839bb943261@group-0A3F48428075-SegmentedRaftLogWorker for RaftStorageImpl:Storage Directory /home/runner/work/ozone/ozone/hadoop-ozone/integration-test/target/test-dir/MiniOzoneClusterImpl-4e6c5432-da36-405d-b7f1-05871ead9573/datanode-0/data/ratis/630498d7-0128-4162-866f-0a3f48428075
2023-06-02 05:15:28,552 [f102c20d-579f-44a7-9197-f839bb943261-groupManagement] INFO  server.RaftServerConfigKeys (ConfUtils.java:logGet(46)) - raft.server.log.queue.byte-limit = 4294967296 (custom)
2023-06-02 05:15:28,552 [f102c20d-579f-44a7-9197-f839bb943261-groupManagement] INFO  server.RaftServerConfigKeys (ConfUtils.java:logGet(46)) - raft.server.log.queue.element-limit = 1024 (custom)
2023-06-02 05:15:28,552 [f102c20d-579f-44a7-9197-f839bb943261-groupManagement] INFO  server.RaftServerConfigKeys (ConfUtils.java:logGet(46)) - raft.server.log.segment.size.max = 1048576 (custom)
2023-06-02 05:15:28,552 [f102c20d-579f-44a7-9197-f839bb943261-groupManagement] INFO  server.RaftServerConfigKeys (ConfUtils.java:logGet(46)) - raft.server.log.preallocated.size = 16384 (custom)
2023-06-02 05:15:28,553 [f102c20d-579f-44a7-9197-f839bb943261-groupManagement] INFO  server.RaftServerConfigKeys (ConfUtils.java:logGet(46)) - raft.server.log.force.sync.num = 128 (default)
2023-06-02 05:15:28,553 [f102c20d-579f-44a7-9197-f839bb943261-groupManagement] INFO  server.RaftServerConfigKeys (ConfUtils.java:logGet(46)) - raft.server.log.statemachine.data.sync = true (default)
2023-06-02 05:15:28,553 [f102c20d-579f-44a7-9197-f839bb943261-groupManagement] INFO  server.RaftServerConfigKeys (ConfUtils.java:logGet(46)) - raft.server.log.statemachine.data.sync.timeout = 10s (default)
2023-06-02 05:15:28,553 [f102c20d-579f-44a7-9197-f839bb943261-groupManagement] INFO  server.RaftServerConfigKeys (ConfUtils.java:logGet(46)) - raft.server.log.statemachine.data.sync.timeout.retry = -1 (default)
2023-06-02 05:15:28,563 [EventQueue-PipelineReportForPipelineReportHandler] INFO  pipeline.PipelineManagerImpl (PipelineManagerImpl.java:openPipeline(367)) - Pipeline Pipeline[ Id: 630498d7-0128-4162-866f-0a3f48428075, Nodes: f102c20d-579f-44a7-9197-f839bb943261(fv-az628-647/10.1.74.1), ReplicationConfig: RATIS/ONE, State:ALLOCATED, leaderId:f102c20d-579f-44a7-9197-f839bb943261, CreationTimestamp2023-06-02T05:15:25.553Z[Etc/UTC]] moved to OPEN state
2023-06-02 05:15:28,568 [f102c20d-579f-44a7-9197-f839bb943261-groupManagement] INFO  server.RaftServerConfigKeys (ConfUtils.java:logGet(46)) - raft.server.log.write.buffer.size = 1048576 (custom)
2023-06-02 05:15:28,569 [f102c20d-579f-44a7-9197-f839bb943261-groupManagement] INFO  server.RaftServerConfigKeys (ConfUtils.java:logGet(46)) - raft.server.log.appender.buffer.byte-limit = 33554432 (custom)
2023-06-02 05:15:28,576 [f102c20d-579f-44a7-9197-f839bb943261-groupManagement] INFO  server.RaftServerConfigKeys (ConfUtils.java:logGet(46)) - raft.server.log.unsafe-flush.enabled = false (default)
2023-06-02 05:15:28,576 [f102c20d-579f-44a7-9197-f839bb943261-groupManagement] INFO  server.RaftServerConfigKeys (ConfUtils.java:logGet(46)) - raft.server.log.async-flush.enabled = false (default)
2023-06-02 05:15:28,576 [f102c20d-579f-44a7-9197-f839bb943261-groupManagement] INFO  server.RaftServerConfigKeys (ConfUtils.java:logGet(46)) - raft.server.log.statemachine.data.caching.enabled = true (custom)
2023-06-02 05:15:28,577 [f102c20d-579f-44a7-9197-f839bb943261-groupManagement] INFO  segmented.SegmentedRaftLogWorker (SegmentedRaftLogWorker.java:lambda$new$0(135)) - f102c20d-579f-44a7-9197-f839bb943261@group-0A3F48428075-SegmentedRaftLogWorker: flushIndex: setUnconditionally 0 -> -1
2023-06-02 05:15:28,577 [f102c20d-579f-44a7-9197-f839bb943261-groupManagement] INFO  segmented.SegmentedRaftLogWorker (SegmentedRaftLogWorker.java:lambda$new$0(135)) - f102c20d-579f-44a7-9197-f839bb943261@group-0A3F48428075-SegmentedRaftLogWorker: safeCacheEvictIndex: setUnconditionally 0 -> -1
2023-06-02 05:15:28,577 [EventQueue-OpenPipelineForHealthyPipelineSafeModeRule] INFO  safemode.SCMSafeModeManager (HealthyPipelineSafeModeRule.java:process(137)) - SCM in safe mode. Healthy pipelines reported count is 0, required healthy pipeline reported count is 1
2023-06-02 05:15:28,577 [f102c20d-579f-44a7-9197-f839bb943261-groupManagement] INFO  server.RaftServer$Division (RaftServerImpl.java:start(342)) - f102c20d-579f-44a7-9197-f839bb943261@group-0A3F48428075: start as a follower, conf=-1: peers:[f102c20d-579f-44a7-9197-f839bb943261|rpc:10.1.74.1:15014|admin:10.1.74.1:15013|client:10.1.74.1:15012|dataStream:10.1.74.1:15015|priority:1|startupRole:FOLLOWER]|listeners:[], old=null
2023-06-02 05:15:28,577 [f102c20d-579f-44a7-9197-f839bb943261-groupManagement] INFO  server.RaftServer$Division (RaftServerImpl.java:setRole(329)) - f102c20d-579f-44a7-9197-f839bb943261@group-0A3F48428075: changes role from      null to FOLLOWER at term 0 for startAsFollower
2023-06-02 05:15:28,577 [f102c20d-579f-44a7-9197-f839bb943261-groupManagement] INFO  impl.RoleInfo (RoleInfo.java:updateAndGet(139)) - f102c20d-579f-44a7-9197-f839bb943261: start f102c20d-579f-44a7-9197-f839bb943261@group-0A3F48428075-FollowerState
2023-06-02 05:15:28,578 [f102c20d-579f-44a7-9197-f839bb943261-groupManagement] INFO  util.JmxRegister (JmxRegister.java:tryRegister(44)) - Successfully registered JMX Bean with object name Ratis:service=RaftServer,group=group-0A3F48428075,id=f102c20d-579f-44a7-9197-f839bb943261
2023-06-02 05:15:28,578 [f102c20d-579f-44a7-9197-f839bb943261-groupManagement] INFO  server.RaftServerConfigKeys (ConfUtils.java:logGet(46)) - raft.server.snapshot.auto.trigger.enabled = true (custom)
2023-06-02 05:15:28,578 [f102c20d-579f-44a7-9197-f839bb943261-groupManagement] INFO  server.RaftServerConfigKeys (ConfUtils.java:logGet(46)) - raft.server.snapshot.auto.trigger.threshold = 10000 (custom)
2023-06-02 05:15:28,578 [f102c20d-579f-44a7-9197-f839bb943261-groupManagement] INFO  server.RaftServerConfigKeys (ConfUtils.java:logGet(46)) - raft.server.snapshot.retention.file.num = 5 (custom)
2023-06-02 05:15:28,578 [f102c20d-579f-44a7-9197-f839bb943261-groupManagement] INFO  server.RaftServerConfigKeys (ConfUtils.java:logGet(46)) - raft.server.log.purge.upto.snapshot.index = false (default)
2023-06-02 05:15:28,580 [f102c20d-579f-44a7-9197-f839bb943261@group-0A3F48428075-FollowerState] INFO  server.RaftServerConfigKeys (ConfUtils.java:logFallback(53)) - raft.server.rpc.first-election.timeout.min = 5s (fallback to raft.server.rpc.timeout.min)
2023-06-02 05:15:28,580 [f102c20d-579f-44a7-9197-f839bb943261@group-0A3F48428075-FollowerState] INFO  server.RaftServerConfigKeys (ConfUtils.java:logFallback(53)) - raft.server.rpc.first-election.timeout.max = 5200ms (fallback to raft.server.rpc.timeout.max)
2023-06-02 05:15:28,587 [PipelineCommandHandlerThread-0] INFO  ratis.XceiverServerRatis (XceiverServerRatis.java:addGroup(804)) - Created group PipelineID=630498d7-0128-4162-866f-0a3f48428075
2023-06-02 05:15:28,587 [PipelineCommandHandlerThread-0] INFO  commandhandler.CreatePipelineCommandHandler (CreatePipelineCommandHandler.java:lambda$handle$2(124)) - Created Pipeline RATIS ONE PipelineID=630498d7-0128-4162-866f-0a3f48428075.
2023-06-02 05:15:28,588 [PipelineCommandHandlerThread-0] INFO  server.RaftServer (RaftServerProxy.java:addNew(98)) - f102c20d-579f-44a7-9197-f839bb943261: addNew group-E8BF24B615D5:[f140acff-7aed-42b1-955f-393a22e760fa|rpc:10.1.74.1:15032|admin:10.1.74.1:15031|client:10.1.74.1:15030|dataStream:10.1.74.1:15033|priority:0|startupRole:FOLLOWER, 21bba47c-9d70-4b1d-8693-1fcc7960d534|rpc:10.1.74.1:15023|admin:10.1.74.1:15022|client:10.1.74.1:15021|dataStream:10.1.74.1:15024|priority:1|startupRole:FOLLOWER, f102c20d-579f-44a7-9197-f839bb943261|rpc:10.1.74.1:15014|admin:10.1.74.1:15013|client:10.1.74.1:15012|dataStream:10.1.74.1:15015|priority:0|startupRole:FOLLOWER] returns group-E8BF24B615D5:java.util.concurrent.CompletableFuture@37c21c97[Not completed]
2023-06-02 05:15:28,589 [f102c20d-579f-44a7-9197-f839bb943261-groupManagement] INFO  server.RaftServer$Division (RaftServerImpl.java:<init>(198)) - f102c20d-579f-44a7-9197-f839bb943261: new RaftServerImpl for group-E8BF24B615D5:[f140acff-7aed-42b1-955f-393a22e760fa|rpc:10.1.74.1:15032|admin:10.1.74.1:15031|client:10.1.74.1:15030|dataStream:10.1.74.1:15033|priority:0|startupRole:FOLLOWER, 21bba47c-9d70-4b1d-8693-1fcc7960d534|rpc:10.1.74.1:15023|admin:10.1.74.1:15022|client:10.1.74.1:15021|dataStream:10.1.74.1:15024|priority:1|startupRole:FOLLOWER, f102c20d-579f-44a7-9197-f839bb943261|rpc:10.1.74.1:15014|admin:10.1.74.1:15013|client:10.1.74.1:15012|dataStream:10.1.74.1:15015|priority:0|startupRole:FOLLOWER] with ContainerStateMachine:uninitialized
2023-06-02 05:15:28,589 [f102c20d-579f-44a7-9197-f839bb943261-groupManagement] INFO  server.RaftServerConfigKeys (ConfUtils.java:logGet(46)) - raft.server.rpc.timeout.min = 5s (custom)
2023-06-02 05:15:28,589 [f102c20d-579f-44a7-9197-f839bb943261-groupManagement] INFO  server.RaftServerConfigKeys (ConfUtils.java:logGet(46)) - raft.server.rpc.timeout.max = 5200ms (custom)
2023-06-02 05:15:28,589 [f102c20d-579f-44a7-9197-f839bb943261-groupManagement] INFO  server.RaftServerConfigKeys (ConfUtils.java:logGet(46)) - raft.server.rpc.sleep.time = 25ms (default)
2023-06-02 05:15:28,589 [f102c20d-579f-44a7-9197-f839bb943261-groupManagement] INFO  server.RaftServerConfigKeys (ConfUtils.java:logGet(46)) - raft.server.rpc.slowness.timeout = 300s (custom)
2023-06-02 05:15:28,590 [f102c20d-579f-44a7-9197-f839bb943261-groupManagement] INFO  server.RaftServerConfigKeys (ConfUtils.java:logGet(46)) - raft.server.leaderelection.leader.step-down.wait-time = 10s (default)
2023-06-02 05:15:28,590 [f102c20d-579f-44a7-9197-f839bb943261-groupManagement] INFO  server.RaftServerConfigKeys (ConfUtils.java:logGet(46)) - raft.server.sleep.deviation.threshold = 300ms (default)
2023-06-02 05:15:28,590 [f102c20d-579f-44a7-9197-f839bb943261-groupManagement] INFO  server.RaftServer$Division (ServerState.java:<init>(120)) - f102c20d-579f-44a7-9197-f839bb943261@group-E8BF24B615D5: ConfigurationManager, init=-1: peers:[f140acff-7aed-42b1-955f-393a22e760fa|rpc:10.1.74.1:15032|admin:10.1.74.1:15031|client:10.1.74.1:15030|dataStream:10.1.74.1:15033|priority:0|startupRole:FOLLOWER, 21bba47c-9d70-4b1d-8693-1fcc7960d534|rpc:10.1.74.1:15023|admin:10.1.74.1:15022|client:10.1.74.1:15021|dataStream:10.1.74.1:15024|priority:1|startupRole:FOLLOWER, f102c20d-579f-44a7-9197-f839bb943261|rpc:10.1.74.1:15014|admin:10.1.74.1:15013|client:10.1.74.1:15012|dataStream:10.1.74.1:15015|priority:0|startupRole:FOLLOWER]|listeners:[], old=null, confs=<EMPTY_MAP>
2023-06-02 05:15:28,590 [f102c20d-579f-44a7-9197-f839bb943261-groupManagement] INFO  server.RaftServerConfigKeys (ConfUtils.java:logGet(46)) - raft.server.storage.dir = [/home/runner/work/ozone/ozone/hadoop-ozone/integration-test/target/test-dir/MiniOzoneClusterImpl-4e6c5432-da36-405d-b7f1-05871ead9573/datanode-0/data/ratis] (custom)
2023-06-02 05:15:28,590 [f102c20d-579f-44a7-9197-f839bb943261-groupManagement] INFO  server.RaftServerConfigKeys (ConfUtils.java:logGet(46)) - raft.server.log.corruption.policy = EXCEPTION (default)
2023-06-02 05:15:28,590 [f102c20d-579f-44a7-9197-f839bb943261-groupManagement] INFO  server.RaftServerConfigKeys (ConfUtils.java:logGet(46)) - raft.server.storage.free-space.min = 0MB (=0) (default)
2023-06-02 05:15:28,590 [f102c20d-579f-44a7-9197-f839bb943261-groupManagement] INFO  server.RaftServerConfigKeys (ConfUtils.java:logGet(46)) - raft.server.notification.no-leader.timeout = 300s (custom)
2023-06-02 05:15:28,590 [f102c20d-579f-44a7-9197-f839bb943261-groupManagement] INFO  server.RaftServerConfigKeys (ConfUtils.java:logGet(46)) - raft.server.read.timeout = 10s (default)
2023-06-02 05:15:28,590 [f102c20d-579f-44a7-9197-f839bb943261-groupManagement] INFO  server.RaftServerConfigKeys (ConfUtils.java:logGet(46)) - raft.server.retrycache.expirytime = 600000ms (custom)
2023-06-02 05:15:28,590 [f102c20d-579f-44a7-9197-f839bb943261-groupManagement] INFO  server.RaftServerConfigKeys (ConfUtils.java:logGet(46)) - raft.server.retrycache.statistics.expirytime = 100μs (default)
2023-06-02 05:15:28,591 [f102c20d-579f-44a7-9197-f839bb943261-groupManagement] INFO  server.RaftServerConfigKeys (ConfUtils.java:logGet(46)) - raft.server.read.option = DEFAULT (default)
2023-06-02 05:15:28,594 [f102c20d-579f-44a7-9197-f839bb943261-groupManagement] INFO  server.RaftServerConfigKeys (ConfUtils.java:logGet(46)) - raft.server.rpc.request.timeout = 60s (custom)
2023-06-02 05:15:28,595 [f102c20d-579f-44a7-9197-f839bb943261-groupManagement] INFO  server.RaftServerConfigKeys (ConfUtils.java:logGet(46)) - raft.server.log.appender.install.snapshot.enabled = false (custom)
2023-06-02 05:15:28,595 [f102c20d-579f-44a7-9197-f839bb943261-groupManagement] INFO  server.RaftServerConfigKeys (ConfUtils.java:logGet(46)) - raft.server.threadpool.server.cached = true (default)
2023-06-02 05:15:28,595 [f102c20d-579f-44a7-9197-f839bb943261-groupManagement] INFO  server.RaftServerConfigKeys (ConfUtils.java:logGet(46)) - raft.server.threadpool.server.size = 0 (default)
2023-06-02 05:15:28,595 [f102c20d-579f-44a7-9197-f839bb943261-groupManagement] INFO  server.RaftServerConfigKeys (ConfUtils.java:logGet(46)) - raft.server.threadpool.client.cached = true (default)
2023-06-02 05:15:28,595 [f102c20d-579f-44a7-9197-f839bb943261-groupManagement] INFO  server.RaftServerConfigKeys (ConfUtils.java:logGet(46)) - raft.server.threadpool.client.size = 0 (default)
2023-06-02 05:15:28,595 [f102c20d-579f-44a7-9197-f839bb943261-groupManagement] INFO  storage.RaftStorageDirectory (RaftStorageDirectoryImpl.java:analyzeStorage(137)) - The storage directory /home/runner/work/ozone/ozone/hadoop-ozone/integration-test/target/test-dir/MiniOzoneClusterImpl-4e6c5432-da36-405d-b7f1-05871ead9573/datanode-0/data/ratis/b3981fcf-ddff-4145-a6d7-e8bf24b615d5 does not exist. Creating ...
2023-06-02 05:15:28,597 [f102c20d-579f-44a7-9197-f839bb943261-groupManagement] INFO  storage.RaftStorageDirectory (RaftStorageDirectoryImpl.java:tryLock(231)) - Lock on /home/runner/work/ozone/ozone/hadoop-ozone/integration-test/target/test-dir/MiniOzoneClusterImpl-4e6c5432-da36-405d-b7f1-05871ead9573/datanode-0/data/ratis/b3981fcf-ddff-4145-a6d7-e8bf24b615d5/in_use.lock acquired by nodename 65026@fv-az628-647
2023-06-02 05:15:28,598 [f102c20d-579f-44a7-9197-f839bb943261-groupManagement] INFO  storage.RaftStorage (RaftStorageImpl.java:format(96)) - Storage directory /home/runner/work/ozone/ozone/hadoop-ozone/integration-test/target/test-dir/MiniOzoneClusterImpl-4e6c5432-da36-405d-b7f1-05871ead9573/datanode-0/data/ratis/b3981fcf-ddff-4145-a6d7-e8bf24b615d5 has been successfully formatted.
2023-06-02 05:15:28,599 [f102c20d-579f-44a7-9197-f839bb943261-groupManagement] INFO  ratis.ContainerStateMachine (ContainerStateMachine.java:loadSnapshot(262)) - group-E8BF24B615D5: The snapshot info is null. Setting the last applied indexto:(t:0, i:~)
2023-06-02 05:15:28,599 [f102c20d-579f-44a7-9197-f839bb943261-groupManagement] INFO  server.RaftServerConfigKeys (ConfUtils.java:logGet(46)) - raft.server.log.use.memory = false (default)
2023-06-02 05:15:28,599 [f102c20d-579f-44a7-9197-f839bb943261-groupManagement] INFO  server.RaftServerConfigKeys (ConfUtils.java:logGet(46)) - raft.server.log.purge.gap = 1000000 (custom)
2023-06-02 05:15:28,599 [f102c20d-579f-44a7-9197-f839bb943261-groupManagement] INFO  server.RaftServerConfigKeys (ConfUtils.java:logGet(46)) - raft.server.log.appender.buffer.byte-limit = 33554432 (custom)
2023-06-02 05:15:28,599 [f102c20d-579f-44a7-9197-f839bb943261-groupManagement] INFO  server.RaftServerConfigKeys (ConfUtils.java:logGet(46)) - raft.server.log.statemachine.data.read.timeout = 1000ms (default)
2023-06-02 05:15:28,599 [f102c20d-579f-44a7-9197-f839bb943261-groupManagement] INFO  server.RaftServerConfigKeys (ConfUtils.java:logGet(46)) - raft.server.log.purge.preservation.log.num = 0 (default)
2023-06-02 05:15:28,602 [EventQueue-OpenPipelineForHealthyPipelineSafeModeRule] INFO  safemode.SCMSafeModeManager (HealthyPipelineSafeModeRule.java:process(137)) - SCM in safe mode. Healthy pipelines reported count is 0, required healthy pipeline reported count is 1
2023-06-02 05:15:28,607 [f102c20d-579f-44a7-9197-f839bb943261-groupManagement] INFO  server.RaftServerConfigKeys (ConfUtils.java:logGet(46)) - raft.server.log.segment.size.max = 1048576 (custom)
2023-06-02 05:15:28,611 [f102c20d-579f-44a7-9197-f839bb943261-groupManagement] INFO  server.RaftServerConfigKeys (ConfUtils.java:logGet(46)) - raft.server.log.segment.cache.num.max = 2 (custom)
2023-06-02 05:15:28,611 [f102c20d-579f-44a7-9197-f839bb943261-groupManagement] INFO  server.RaftServerConfigKeys (ConfUtils.java:logGet(46)) - raft.server.log.segment.cache.size.max = 200MB (=209715200) (default)
2023-06-02 05:15:28,611 [f102c20d-579f-44a7-9197-f839bb943261-groupManagement] INFO  server.RaftServerConfigKeys (ConfUtils.java:logGet(46)) - raft.server.log.appender.buffer.byte-limit = 33554432 (custom)
2023-06-02 05:15:28,612 [f102c20d-579f-44a7-9197-f839bb943261-groupManagement] INFO  segmented.SegmentedRaftLogWorker (SegmentedRaftLogWorker.java:<init>(188)) - new f102c20d-579f-44a7-9197-f839bb943261@group-E8BF24B615D5-SegmentedRaftLogWorker for RaftStorageImpl:Storage Directory /home/runner/work/ozone/ozone/hadoop-ozone/integration-test/target/test-dir/MiniOzoneClusterImpl-4e6c5432-da36-405d-b7f1-05871ead9573/datanode-0/data/ratis/b3981fcf-ddff-4145-a6d7-e8bf24b615d5
2023-06-02 05:15:28,612 [f102c20d-579f-44a7-9197-f839bb943261-groupManagement] INFO  server.RaftServerConfigKeys (ConfUtils.java:logGet(46)) - raft.server.log.queue.byte-limit = 4294967296 (custom)
2023-06-02 05:15:28,612 [f102c20d-579f-44a7-9197-f839bb943261-groupManagement] INFO  server.RaftServerConfigKeys (ConfUtils.java:logGet(46)) - raft.server.log.queue.element-limit = 1024 (custom)
2023-06-02 05:15:28,613 [f102c20d-579f-44a7-9197-f839bb943261-groupManagement] INFO  server.RaftServerConfigKeys (ConfUtils.java:logGet(46)) - raft.server.log.segment.size.max = 1048576 (custom)
2023-06-02 05:15:28,613 [f102c20d-579f-44a7-9197-f839bb943261-groupManagement] INFO  server.RaftServerConfigKeys (ConfUtils.java:logGet(46)) - raft.server.log.preallocated.size = 16384 (custom)
2023-06-02 05:15:28,613 [f102c20d-579f-44a7-9197-f839bb943261-groupManagement] INFO  server.RaftServerConfigKeys (ConfUtils.java:logGet(46)) - raft.server.log.force.sync.num = 128 (default)
2023-06-02 05:15:28,613 [f102c20d-579f-44a7-9197-f839bb943261-groupManagement] INFO  server.RaftServerConfigKeys (ConfUtils.java:logGet(46)) - raft.server.log.statemachine.data.sync = true (default)
2023-06-02 05:15:28,614 [f102c20d-579f-44a7-9197-f839bb943261-groupManagement] INFO  server.RaftServerConfigKeys (ConfUtils.java:logGet(46)) - raft.server.log.statemachine.data.sync.timeout = 10s (default)
2023-06-02 05:15:28,614 [f102c20d-579f-44a7-9197-f839bb943261-groupManagement] INFO  server.RaftServerConfigKeys (ConfUtils.java:logGet(46)) - raft.server.log.statemachine.data.sync.timeout.retry = -1 (default)
2023-06-02 05:15:28,624 [f102c20d-579f-44a7-9197-f839bb943261-groupManagement] INFO  server.RaftServerConfigKeys (ConfUtils.java:logGet(46)) - raft.server.log.write.buffer.size = 1048576 (custom)
2023-06-02 05:15:28,626 [f102c20d-579f-44a7-9197-f839bb943261-groupManagement] INFO  server.RaftServerConfigKeys (ConfUtils.java:logGet(46)) - raft.server.log.appender.buffer.byte-limit = 33554432 (custom)
2023-06-02 05:15:28,638 [f102c20d-579f-44a7-9197-f839bb943261-groupManagement] INFO  server.RaftServerConfigKeys (ConfUtils.java:logGet(46)) - raft.server.log.unsafe-flush.enabled = false (default)
2023-06-02 05:15:28,638 [f102c20d-579f-44a7-9197-f839bb943261-groupManagement] INFO  server.RaftServerConfigKeys (ConfUtils.java:logGet(46)) - raft.server.log.async-flush.enabled = false (default)
2023-06-02 05:15:28,638 [f102c20d-579f-44a7-9197-f839bb943261-groupManagement] INFO  server.RaftServerConfigKeys (ConfUtils.java:logGet(46)) - raft.server.log.statemachine.data.caching.enabled = true (custom)
2023-06-02 05:15:28,639 [f102c20d-579f-44a7-9197-f839bb943261-groupManagement] INFO  segmented.SegmentedRaftLogWorker (SegmentedRaftLogWorker.java:lambda$new$0(135)) - f102c20d-579f-44a7-9197-f839bb943261@group-E8BF24B615D5-SegmentedRaftLogWorker: flushIndex: setUnconditionally 0 -> -1
2023-06-02 05:15:28,639 [f102c20d-579f-44a7-9197-f839bb943261-groupManagement] INFO  segmented.SegmentedRaftLogWorker (SegmentedRaftLogWorker.java:lambda$new$0(135)) - f102c20d-579f-44a7-9197-f839bb943261@group-E8BF24B615D5-SegmentedRaftLogWorker: safeCacheEvictIndex: setUnconditionally 0 -> -1
2023-06-02 05:15:28,639 [f102c20d-579f-44a7-9197-f839bb943261-groupManagement] INFO  server.RaftServer$Division (RaftServerImpl.java:start(342)) - f102c20d-579f-44a7-9197-f839bb943261@group-E8BF24B615D5: start as a follower, conf=-1: peers:[f140acff-7aed-42b1-955f-393a22e760fa|rpc:10.1.74.1:15032|admin:10.1.74.1:15031|client:10.1.74.1:15030|dataStream:10.1.74.1:15033|priority:0|startupRole:FOLLOWER, 21bba47c-9d70-4b1d-8693-1fcc7960d534|rpc:10.1.74.1:15023|admin:10.1.74.1:15022|client:10.1.74.1:15021|dataStream:10.1.74.1:15024|priority:1|startupRole:FOLLOWER, f102c20d-579f-44a7-9197-f839bb943261|rpc:10.1.74.1:15014|admin:10.1.74.1:15013|client:10.1.74.1:15012|dataStream:10.1.74.1:15015|priority:0|startupRole:FOLLOWER]|listeners:[], old=null
2023-06-02 05:15:28,639 [f102c20d-579f-44a7-9197-f839bb943261-groupManagement] INFO  server.RaftServer$Division (RaftServerImpl.java:setRole(329)) - f102c20d-579f-44a7-9197-f839bb943261@group-E8BF24B615D5: changes role from      null to FOLLOWER at term 0 for startAsFollower
2023-06-02 05:15:28,639 [f102c20d-579f-44a7-9197-f839bb943261-groupManagement] INFO  impl.RoleInfo (RoleInfo.java:updateAndGet(139)) - f102c20d-579f-44a7-9197-f839bb943261: start f102c20d-579f-44a7-9197-f839bb943261@group-E8BF24B615D5-FollowerState
2023-06-02 05:15:28,641 [f102c20d-579f-44a7-9197-f839bb943261-groupManagement] INFO  util.JmxRegister (JmxRegister.java:tryRegister(44)) - Successfully registered JMX Bean with object name Ratis:service=RaftServer,group=group-E8BF24B615D5,id=f102c20d-579f-44a7-9197-f839bb943261
2023-06-02 05:15:28,641 [f102c20d-579f-44a7-9197-f839bb943261-groupManagement] INFO  server.RaftServerConfigKeys (ConfUtils.java:logGet(46)) - raft.server.snapshot.auto.trigger.enabled = true (custom)
2023-06-02 05:15:28,641 [f102c20d-579f-44a7-9197-f839bb943261-groupManagement] INFO  server.RaftServerConfigKeys (ConfUtils.java:logGet(46)) - raft.server.snapshot.auto.trigger.threshold = 10000 (custom)
2023-06-02 05:15:28,641 [f102c20d-579f-44a7-9197-f839bb943261-groupManagement] INFO  server.RaftServerConfigKeys (ConfUtils.java:logGet(46)) - raft.server.snapshot.retention.file.num = 5 (custom)
2023-06-02 05:15:28,642 [f102c20d-579f-44a7-9197-f839bb943261-groupManagement] INFO  server.RaftServerConfigKeys (ConfUtils.java:logGet(46)) - raft.server.log.purge.upto.snapshot.index = false (default)
2023-06-02 05:15:28,644 [f102c20d-579f-44a7-9197-f839bb943261@group-E8BF24B615D5-FollowerState] INFO  server.RaftServerConfigKeys (ConfUtils.java:logFallback(53)) - raft.server.rpc.first-election.timeout.min = 5s (fallback to raft.server.rpc.timeout.min)
2023-06-02 05:15:28,649 [f102c20d-579f-44a7-9197-f839bb943261@group-E8BF24B615D5-FollowerState] INFO  server.RaftServerConfigKeys (ConfUtils.java:logFallback(53)) - raft.server.rpc.first-election.timeout.max = 5200ms (fallback to raft.server.rpc.timeout.max)
2023-06-02 05:15:28,649 [PipelineCommandHandlerThread-0] INFO  ratis.XceiverServerRatis (XceiverServerRatis.java:addGroup(804)) - Created group PipelineID=b3981fcf-ddff-4145-a6d7-e8bf24b615d5
2023-06-02 05:15:28,678 [main] INFO  ozone.MiniOzoneClusterImpl (MiniOzoneClusterImpl.java:lambda$waitForClusterToBeReady$0(222)) - Waiting for nodes to be ready. Got 7 of 14 DN Heartbeats.
2023-06-02 05:15:28,679 [main] INFO  ozone.MiniOzoneClusterImpl (MiniOzoneClusterImpl.java:lambda$waitForClusterToBeReady$0(225)) - Waiting for cluster to exit safe mode
2023-06-02 05:15:28,679 [main] INFO  ozone.MiniOzoneClusterImpl (MiniOzoneClusterImpl.java:lambda$waitForClusterToBeReady$0(227)) - SCM became leader
2023-06-02 05:15:28,843 [EndpointStateMachine task thread for /0.0.0.0:15002 - 0 ] INFO  utils.DatanodeStoreCache (DatanodeStoreCache.java:addDB(66)) - Added db /home/runner/work/ozone/ozone/hadoop-ozone/integration-test/target/test-dir/MiniOzoneClusterImpl-4e6c5432-da36-405d-b7f1-05871ead9573/datanode-11/data-0/containers/hdds/4e6c5432-da36-405d-b7f1-05871ead9573/DS-85249eb1-541d-4062-b31f-b580a631f7f0/container.db to cache
2023-06-02 05:15:28,844 [EndpointStateMachine task thread for /0.0.0.0:15002 - 0 ] INFO  volume.HddsVolume (HddsVolume.java:createDbStore(350)) - SchemaV3 db is created and loaded at /home/runner/work/ozone/ozone/hadoop-ozone/integration-test/target/test-dir/MiniOzoneClusterImpl-4e6c5432-da36-405d-b7f1-05871ead9573/datanode-11/data-0/containers/hdds/4e6c5432-da36-405d-b7f1-05871ead9573/DS-85249eb1-541d-4062-b31f-b580a631f7f0/container.db for volume DS-85249eb1-541d-4062-b31f-b580a631f7f0
2023-06-02 05:15:28,844 [EndpointStateMachine task thread for /0.0.0.0:15002 - 0 ] INFO  ozoneimpl.OzoneContainer (OzoneContainer.java:start(398)) - Attempting to start container services.
2023-06-02 05:15:28,844 [EndpointStateMachine task thread for /0.0.0.0:15002 - 0 ] INFO  ozoneimpl.OzoneContainer (OzoneContainer.java:startContainerScrub(314)) - Scheduled background container scanners and the on-demand container scanner have been disabled.
2023-06-02 05:15:28,847 [EndpointStateMachine task thread for /0.0.0.0:15002 - 0 ] INFO  replication.ReplicationServer (ReplicationServer.java:start(128)) - ReplicationServer is started using port 15115
2023-06-02 05:15:28,848 [EndpointStateMachine task thread for /0.0.0.0:15002 - 0 ] INFO  ratis.XceiverServerRatis (XceiverServerRatis.java:start(517)) - Starting XceiverServerRatis af4b945e-05c9-4c95-92ea-ec296ba0645f
2023-06-02 05:15:28,855 [EndpointStateMachine task thread for /0.0.0.0:15002 - 0 ] INFO  server.RaftServer (RaftServerProxy.java:startImpl(400)) - af4b945e-05c9-4c95-92ea-ec296ba0645f: start RPC server
2023-06-02 05:15:28,856 [EndpointStateMachine task thread for /0.0.0.0:15002 - 0 ] INFO  server.GrpcService (GrpcService.java:startImpl(302)) - af4b945e-05c9-4c95-92ea-ec296ba0645f: GrpcService started, listening on 15111
2023-06-02 05:15:28,856 [EndpointStateMachine task thread for /0.0.0.0:15002 - 0 ] INFO  server.GrpcService (GrpcService.java:startImpl(302)) - af4b945e-05c9-4c95-92ea-ec296ba0645f: GrpcService started, listening on 15113
2023-06-02 05:15:28,857 [EndpointStateMachine task thread for /0.0.0.0:15002 - 0 ] INFO  server.GrpcService (GrpcService.java:startImpl(302)) - af4b945e-05c9-4c95-92ea-ec296ba0645f: GrpcService started, listening on 15112
2023-06-02 05:15:28,865 [EndpointStateMachine task thread for /0.0.0.0:15002 - 0 ] INFO  ratis.XceiverServerRatis (XceiverServerRatis.java:getRealPort(543)) - XceiverServerRatis af4b945e-05c9-4c95-92ea-ec296ba0645f is started using port 15111 for RATIS
2023-06-02 05:15:28,865 [EndpointStateMachine task thread for /0.0.0.0:15002 - 0 ] INFO  ratis.XceiverServerRatis (XceiverServerRatis.java:getRealPort(543)) - XceiverServerRatis af4b945e-05c9-4c95-92ea-ec296ba0645f is started using port 15112 for RATIS_ADMIN
2023-06-02 05:15:28,866 [EndpointStateMachine task thread for /0.0.0.0:15002 - 0 ] INFO  ratis.XceiverServerRatis (XceiverServerRatis.java:getRealPort(543)) - XceiverServerRatis af4b945e-05c9-4c95-92ea-ec296ba0645f is started using port 15113 for RATIS_SERVER
2023-06-02 05:15:28,866 [EndpointStateMachine task thread for /0.0.0.0:15002 - 0 ] INFO  ratis.XceiverServerRatis (XceiverServerRatis.java:getRealPort(543)) - XceiverServerRatis af4b945e-05c9-4c95-92ea-ec296ba0645f is started using port 15114 for RATIS_DATASTREAM
2023-06-02 05:15:28,866 [JvmPauseMonitor12] INFO  util.JvmPauseMonitor (JvmPauseMonitor.java:run(103)) - JvmPauseMonitor-af4b945e-05c9-4c95-92ea-ec296ba0645f: Started
2023-06-02 05:15:28,876 [BlockDeletingService#0] INFO  interfaces.ContainerDeletionChoosingPolicyTemplate (ContainerDeletionChoosingPolicyTemplate.java:chooseContainerForBlockDeletion(83)) - Chosen 0/5000 blocks from 0 candidate containers.
2023-06-02 05:15:28,946 [IPC Server handler 7 on default port 15002] INFO  net.NetworkTopologyImpl (NetworkTopologyImpl.java:add(112)) - Added a new node: /default-rack/638bdbe3-f7a3-4715-ad07-0d6e98de3b67
2023-06-02 05:15:28,946 [IPC Server handler 7 on default port 15002] INFO  node.SCMNodeManager (SCMNodeManager.java:register(407)) - Registered Data node : 638bdbe3-f7a3-4715-ad07-0d6e98de3b67{ip: 10.1.74.1, host: fv-az628-647, ports: [HTTP=15072, CLIENT_RPC=15073, REPLICATION=15079, RATIS=15075, RATIS_ADMIN=15076, RATIS_SERVER=15077, RATIS_DATASTREAM=15078, STANDALONE=15074], networkLocation: /default-rack, certSerialId: null, persistedOpState: null, persistedOpStateExpiryEpochSec: 0}
2023-06-02 05:15:28,946 [EventQueue-NewNodeForNewNodeHandler] INFO  pipeline.BackgroundPipelineCreator (BackgroundPipelineCreator.java:notifyEventTriggered(276)) - trigger a one-shot run on RatisPipelineUtilsThread.
2023-06-02 05:15:28,947 [RatisPipelineUtilsThread - 0] INFO  pipeline.RatisPipelineProvider (RatisPipelineProvider.java:lambda$create$0(206)) - Sending CreatePipelineCommand for pipeline:PipelineID=cec3c559-fa66-43e9-918c-c8f3bc738863 to datanode:638bdbe3-f7a3-4715-ad07-0d6e98de3b67
2023-06-02 05:15:28,947 [RatisPipelineUtilsThread - 0] INFO  pipeline.PipelineStateManagerImpl (PipelineStateManagerImpl.java:addPipeline(103)) - Created pipeline Pipeline[ Id: cec3c559-fa66-43e9-918c-c8f3bc738863, Nodes: 638bdbe3-f7a3-4715-ad07-0d6e98de3b67(fv-az628-647/10.1.74.1), ReplicationConfig: RATIS/ONE, State:ALLOCATED, leaderId:, CreationTimestamp2023-06-02T05:15:28.947Z[Etc/UTC]].
2023-06-02 05:15:28,949 [RatisPipelineUtilsThread - 0] WARN  pipeline.PipelinePlacementPolicy (PipelinePlacementPolicy.java:filterViableNodes(160)) - Pipeline creation failed due to no sufficient healthy datanodes. Required 3. Found 2. Excluded 6.
2023-06-02 05:15:28,979 [PipelineCommandHandlerThread-0] INFO  server.RaftServer (RaftServerProxy.java:addNew(98)) - 21bba47c-9d70-4b1d-8693-1fcc7960d534: addNew group-9DDA56843D8D:[21bba47c-9d70-4b1d-8693-1fcc7960d534|rpc:10.1.74.1:15023|admin:10.1.74.1:15022|client:10.1.74.1:15021|dataStream:10.1.74.1:15024|priority:1|startupRole:FOLLOWER] returns group-9DDA56843D8D:java.util.concurrent.CompletableFuture@4e3f1ba5[Not completed]
2023-06-02 05:15:28,983 [21bba47c-9d70-4b1d-8693-1fcc7960d534-groupManagement] INFO  server.RaftServer$Division (RaftServerImpl.java:<init>(198)) - 21bba47c-9d70-4b1d-8693-1fcc7960d534: new RaftServerImpl for group-9DDA56843D8D:[21bba47c-9d70-4b1d-8693-1fcc7960d534|rpc:10.1.74.1:15023|admin:10.1.74.1:15022|client:10.1.74.1:15021|dataStream:10.1.74.1:15024|priority:1|startupRole:FOLLOWER] with ContainerStateMachine:uninitialized
2023-06-02 05:15:28,983 [21bba47c-9d70-4b1d-8693-1fcc7960d534-groupManagement] INFO  server.RaftServerConfigKeys (ConfUtils.java:logGet(46)) - raft.server.rpc.timeout.min = 5s (custom)
2023-06-02 05:15:28,983 [21bba47c-9d70-4b1d-8693-1fcc7960d534-groupManagement] INFO  server.RaftServerConfigKeys (ConfUtils.java:logGet(46)) - raft.server.rpc.timeout.max = 5200ms (custom)
2023-06-02 05:15:28,983 [21bba47c-9d70-4b1d-8693-1fcc7960d534-groupManagement] INFO  server.RaftServerConfigKeys (ConfUtils.java:logGet(46)) - raft.server.rpc.sleep.time = 25ms (default)
2023-06-02 05:15:28,983 [21bba47c-9d70-4b1d-8693-1fcc7960d534-groupManagement] INFO  server.RaftServerConfigKeys (ConfUtils.java:logGet(46)) - raft.server.rpc.slowness.timeout = 300s (custom)
2023-06-02 05:15:28,983 [21bba47c-9d70-4b1d-8693-1fcc7960d534-groupManagement] INFO  server.RaftServerConfigKeys (ConfUtils.java:logGet(46)) - raft.server.leaderelection.leader.step-down.wait-time = 10s (default)
2023-06-02 05:15:28,984 [21bba47c-9d70-4b1d-8693-1fcc7960d534-groupManagement] INFO  server.RaftServerConfigKeys (ConfUtils.java:logGet(46)) - raft.server.sleep.deviation.threshold = 300ms (default)
2023-06-02 05:15:28,984 [21bba47c-9d70-4b1d-8693-1fcc7960d534-groupManagement] INFO  server.RaftServer$Division (ServerState.java:<init>(120)) - 21bba47c-9d70-4b1d-8693-1fcc7960d534@group-9DDA56843D8D: ConfigurationManager, init=-1: peers:[21bba47c-9d70-4b1d-8693-1fcc7960d534|rpc:10.1.74.1:15023|admin:10.1.74.1:15022|client:10.1.74.1:15021|dataStream:10.1.74.1:15024|priority:1|startupRole:FOLLOWER]|listeners:[], old=null, confs=<EMPTY_MAP>
2023-06-02 05:15:28,985 [21bba47c-9d70-4b1d-8693-1fcc7960d534-groupManagement] INFO  server.RaftServerConfigKeys (ConfUtils.java:logGet(46)) - raft.server.storage.dir = [/home/runner/work/ozone/ozone/hadoop-ozone/integration-test/target/test-dir/MiniOzoneClusterImpl-4e6c5432-da36-405d-b7f1-05871ead9573/datanode-1/data/ratis] (custom)
2023-06-02 05:15:28,985 [21bba47c-9d70-4b1d-8693-1fcc7960d534-groupManagement] INFO  server.RaftServerConfigKeys (ConfUtils.java:logGet(46)) - raft.server.log.corruption.policy = EXCEPTION (default)
2023-06-02 05:15:28,985 [21bba47c-9d70-4b1d-8693-1fcc7960d534-groupManagement] INFO  server.RaftServerConfigKeys (ConfUtils.java:logGet(46)) - raft.server.storage.free-space.min = 0MB (=0) (default)
2023-06-02 05:15:28,985 [21bba47c-9d70-4b1d-8693-1fcc7960d534-groupManagement] INFO  server.RaftServerConfigKeys (ConfUtils.java:logGet(46)) - raft.server.notification.no-leader.timeout = 300s (custom)
2023-06-02 05:15:28,985 [21bba47c-9d70-4b1d-8693-1fcc7960d534-groupManagement] INFO  server.RaftServerConfigKeys (ConfUtils.java:logGet(46)) - raft.server.read.timeout = 10s (default)
2023-06-02 05:15:28,985 [21bba47c-9d70-4b1d-8693-1fcc7960d534-groupManagement] INFO  server.RaftServerConfigKeys (ConfUtils.java:logGet(46)) - raft.server.retrycache.expirytime = 600000ms (custom)
2023-06-02 05:15:28,985 [21bba47c-9d70-4b1d-8693-1fcc7960d534-groupManagement] INFO  server.RaftServerConfigKeys (ConfUtils.java:logGet(46)) - raft.server.retrycache.statistics.expirytime = 100μs (default)
2023-06-02 05:15:28,985 [21bba47c-9d70-4b1d-8693-1fcc7960d534-groupManagement] INFO  server.RaftServerConfigKeys (ConfUtils.java:logGet(46)) - raft.server.read.option = DEFAULT (default)
2023-06-02 05:15:28,997 [21bba47c-9d70-4b1d-8693-1fcc7960d534-groupManagement] INFO  server.RaftServerConfigKeys (ConfUtils.java:logGet(46)) - raft.server.rpc.request.timeout = 60s (custom)
2023-06-02 05:15:28,998 [21bba47c-9d70-4b1d-8693-1fcc7960d534-groupManagement] INFO  server.RaftServerConfigKeys (ConfUtils.java:logGet(46)) - raft.server.log.appender.install.snapshot.enabled = false (custom)
2023-06-02 05:15:28,998 [21bba47c-9d70-4b1d-8693-1fcc7960d534-groupManagement] INFO  server.RaftServerConfigKeys (ConfUtils.java:logGet(46)) - raft.server.threadpool.server.cached = true (default)
2023-06-02 05:15:28,998 [21bba47c-9d70-4b1d-8693-1fcc7960d534-groupManagement] INFO  server.RaftServerConfigKeys (ConfUtils.java:logGet(46)) - raft.server.threadpool.server.size = 0 (default)
2023-06-02 05:15:28,999 [21bba47c-9d70-4b1d-8693-1fcc7960d534-groupManagement] INFO  server.RaftServerConfigKeys (ConfUtils.java:logGet(46)) - raft.server.threadpool.client.cached = true (default)
2023-06-02 05:15:28,999 [21bba47c-9d70-4b1d-8693-1fcc7960d534-groupManagement] INFO  server.RaftServerConfigKeys (ConfUtils.java:logGet(46)) - raft.server.threadpool.client.size = 0 (default)
2023-06-02 05:15:28,999 [21bba47c-9d70-4b1d-8693-1fcc7960d534-groupManagement] INFO  storage.RaftStorageDirectory (RaftStorageDirectoryImpl.java:analyzeStorage(137)) - The storage directory /home/runner/work/ozone/ozone/hadoop-ozone/integration-test/target/test-dir/MiniOzoneClusterImpl-4e6c5432-da36-405d-b7f1-05871ead9573/datanode-1/data/ratis/94a03fed-81c2-41e4-b34c-9dda56843d8d does not exist. Creating ...
2023-06-02 05:15:29,004 [21bba47c-9d70-4b1d-8693-1fcc7960d534-groupManagement] INFO  storage.RaftStorageDirectory (RaftStorageDirectoryImpl.java:tryLock(231)) - Lock on /home/runner/work/ozone/ozone/hadoop-ozone/integration-test/target/test-dir/MiniOzoneClusterImpl-4e6c5432-da36-405d-b7f1-05871ead9573/datanode-1/data/ratis/94a03fed-81c2-41e4-b34c-9dda56843d8d/in_use.lock acquired by nodename 65026@fv-az628-647
2023-06-02 05:15:29,006 [21bba47c-9d70-4b1d-8693-1fcc7960d534-groupManagement] INFO  storage.RaftStorage (RaftStorageImpl.java:format(96)) - Storage directory /home/runner/work/ozone/ozone/hadoop-ozone/integration-test/target/test-dir/MiniOzoneClusterImpl-4e6c5432-da36-405d-b7f1-05871ead9573/datanode-1/data/ratis/94a03fed-81c2-41e4-b34c-9dda56843d8d has been successfully formatted.
2023-06-02 05:15:29,009 [21bba47c-9d70-4b1d-8693-1fcc7960d534-groupManagement] INFO  ratis.ContainerStateMachine (ContainerStateMachine.java:loadSnapshot(262)) - group-9DDA56843D8D: The snapshot info is null. Setting the last applied indexto:(t:0, i:~)
2023-06-02 05:15:29,010 [21bba47c-9d70-4b1d-8693-1fcc7960d534-groupManagement] INFO  server.RaftServerConfigKeys (ConfUtils.java:logGet(46)) - raft.server.log.use.memory = false (default)
2023-06-02 05:15:29,010 [21bba47c-9d70-4b1d-8693-1fcc7960d534-groupManagement] INFO  server.RaftServerConfigKeys (ConfUtils.java:logGet(46)) - raft.server.log.purge.gap = 1000000 (custom)
2023-06-02 05:15:29,011 [21bba47c-9d70-4b1d-8693-1fcc7960d534-groupManagement] INFO  server.RaftServerConfigKeys (ConfUtils.java:logGet(46)) - raft.server.log.appender.buffer.byte-limit = 33554432 (custom)
2023-06-02 05:15:29,011 [21bba47c-9d70-4b1d-8693-1fcc7960d534-groupManagement] INFO  server.RaftServerConfigKeys (ConfUtils.java:logGet(46)) - raft.server.log.statemachine.data.read.timeout = 1000ms (default)
2023-06-02 05:15:29,011 [21bba47c-9d70-4b1d-8693-1fcc7960d534-groupManagement] INFO  server.RaftServerConfigKeys (ConfUtils.java:logGet(46)) - raft.server.log.purge.preservation.log.num = 0 (default)
2023-06-02 05:15:29,011 [21bba47c-9d70-4b1d-8693-1fcc7960d534-groupManagement] INFO  server.RaftServerConfigKeys (ConfUtils.java:logGet(46)) - raft.server.log.segment.size.max = 1048576 (custom)
2023-06-02 05:15:29,012 [21bba47c-9d70-4b1d-8693-1fcc7960d534-groupManagement] INFO  server.RaftServerConfigKeys (ConfUtils.java:logGet(46)) - raft.server.log.segment.cache.num.max = 2 (custom)
2023-06-02 05:15:29,012 [21bba47c-9d70-4b1d-8693-1fcc7960d534-groupManagement] INFO  server.RaftServerConfigKeys (ConfUtils.java:logGet(46)) - raft.server.log.segment.cache.size.max = 200MB (=209715200) (default)
2023-06-02 05:15:29,012 [21bba47c-9d70-4b1d-8693-1fcc7960d534-groupManagement] INFO  server.RaftServerConfigKeys (ConfUtils.java:logGet(46)) - raft.server.log.appender.buffer.byte-limit = 33554432 (custom)
2023-06-02 05:15:29,012 [21bba47c-9d70-4b1d-8693-1fcc7960d534-groupManagement] INFO  segmented.SegmentedRaftLogWorker (SegmentedRaftLogWorker.java:<init>(188)) - new 21bba47c-9d70-4b1d-8693-1fcc7960d534@group-9DDA56843D8D-SegmentedRaftLogWorker for RaftStorageImpl:Storage Directory /home/runner/work/ozone/ozone/hadoop-ozone/integration-test/target/test-dir/MiniOzoneClusterImpl-4e6c5432-da36-405d-b7f1-05871ead9573/datanode-1/data/ratis/94a03fed-81c2-41e4-b34c-9dda56843d8d
2023-06-02 05:15:29,012 [21bba47c-9d70-4b1d-8693-1fcc7960d534-groupManagement] INFO  server.RaftServerConfigKeys (ConfUtils.java:logGet(46)) - raft.server.log.queue.byte-limit = 4294967296 (custom)
2023-06-02 05:15:29,012 [21bba47c-9d70-4b1d-8693-1fcc7960d534-groupManagement] INFO  server.RaftServerConfigKeys (ConfUtils.java:logGet(46)) - raft.server.log.queue.element-limit = 1024 (custom)
2023-06-02 05:15:29,013 [21bba47c-9d70-4b1d-8693-1fcc7960d534-groupManagement] INFO  server.RaftServerConfigKeys (ConfUtils.java:logGet(46)) - raft.server.log.segment.size.max = 1048576 (custom)
2023-06-02 05:15:29,013 [21bba47c-9d70-4b1d-8693-1fcc7960d534-groupManagement] INFO  server.RaftServerConfigKeys (ConfUtils.java:logGet(46)) - raft.server.log.preallocated.size = 16384 (custom)
2023-06-02 05:15:29,013 [21bba47c-9d70-4b1d-8693-1fcc7960d534-groupManagement] INFO  server.RaftServerConfigKeys (ConfUtils.java:logGet(46)) - raft.server.log.force.sync.num = 128 (default)
2023-06-02 05:15:29,013 [21bba47c-9d70-4b1d-8693-1fcc7960d534-groupManagement] INFO  server.RaftServerConfigKeys (ConfUtils.java:logGet(46)) - raft.server.log.statemachine.data.sync = true (default)
2023-06-02 05:15:29,013 [21bba47c-9d70-4b1d-8693-1fcc7960d534-groupManagement] INFO  server.RaftServerConfigKeys (ConfUtils.java:logGet(46)) - raft.server.log.statemachine.data.sync.timeout = 10s (default)
2023-06-02 05:15:29,013 [21bba47c-9d70-4b1d-8693-1fcc7960d534-groupManagement] INFO  server.RaftServerConfigKeys (ConfUtils.java:logGet(46)) - raft.server.log.statemachine.data.sync.timeout.retry = -1 (default)
2023-06-02 05:15:29,016 [EventQueue-PipelineReportForPipelineReportHandler] INFO  pipeline.PipelineManagerImpl (PipelineManagerImpl.java:openPipeline(367)) - Pipeline Pipeline[ Id: 94a03fed-81c2-41e4-b34c-9dda56843d8d, Nodes: 21bba47c-9d70-4b1d-8693-1fcc7960d534(fv-az628-647/10.1.74.1), ReplicationConfig: RATIS/ONE, State:ALLOCATED, leaderId:21bba47c-9d70-4b1d-8693-1fcc7960d534, CreationTimestamp2023-06-02T05:15:25.967Z[Etc/UTC]] moved to OPEN state
2023-06-02 05:15:29,017 [EventQueue-OpenPipelineForHealthyPipelineSafeModeRule] INFO  safemode.SCMSafeModeManager (HealthyPipelineSafeModeRule.java:process(137)) - SCM in safe mode. Healthy pipelines reported count is 0, required healthy pipeline reported count is 1
2023-06-02 05:15:29,018 [21bba47c-9d70-4b1d-8693-1fcc7960d534-groupManagement] INFO  server.RaftServerConfigKeys (ConfUtils.java:logGet(46)) - raft.server.log.write.buffer.size = 1048576 (custom)
2023-06-02 05:15:29,018 [21bba47c-9d70-4b1d-8693-1fcc7960d534-groupManagement] INFO  server.RaftServerConfigKeys (ConfUtils.java:logGet(46)) - raft.server.log.appender.buffer.byte-limit = 33554432 (custom)
2023-06-02 05:15:29,026 [21bba47c-9d70-4b1d-8693-1fcc7960d534-groupManagement] INFO  server.RaftServerConfigKeys (ConfUtils.java:logGet(46)) - raft.server.log.unsafe-flush.enabled = false (default)
2023-06-02 05:15:29,026 [21bba47c-9d70-4b1d-8693-1fcc7960d534-groupManagement] INFO  server.RaftServerConfigKeys (ConfUtils.java:logGet(46)) - raft.server.log.async-flush.enabled = false (default)
2023-06-02 05:15:29,026 [21bba47c-9d70-4b1d-8693-1fcc7960d534-groupManagement] INFO  server.RaftServerConfigKeys (ConfUtils.java:logGet(46)) - raft.server.log.statemachine.data.caching.enabled = true (custom)
2023-06-02 05:15:29,026 [21bba47c-9d70-4b1d-8693-1fcc7960d534-groupManagement] INFO  segmented.SegmentedRaftLogWorker (SegmentedRaftLogWorker.java:lambda$new$0(135)) - 21bba47c-9d70-4b1d-8693-1fcc7960d534@group-9DDA56843D8D-SegmentedRaftLogWorker: flushIndex: setUnconditionally 0 -> -1
2023-06-02 05:15:29,026 [21bba47c-9d70-4b1d-8693-1fcc7960d534-groupManagement] INFO  segmented.SegmentedRaftLogWorker (SegmentedRaftLogWorker.java:lambda$new$0(135)) - 21bba47c-9d70-4b1d-8693-1fcc7960d534@group-9DDA56843D8D-SegmentedRaftLogWorker: safeCacheEvictIndex: setUnconditionally 0 -> -1
2023-06-02 05:15:29,027 [21bba47c-9d70-4b1d-8693-1fcc7960d534-groupManagement] INFO  server.RaftServer$Division (RaftServerImpl.java:start(342)) - 21bba47c-9d70-4b1d-8693-1fcc7960d534@group-9DDA56843D8D: start as a follower, conf=-1: peers:[21bba47c-9d70-4b1d-8693-1fcc7960d534|rpc:10.1.74.1:15023|admin:10.1.74.1:15022|client:10.1.74.1:15021|dataStream:10.1.74.1:15024|priority:1|startupRole:FOLLOWER]|listeners:[], old=null
2023-06-02 05:15:29,027 [21bba47c-9d70-4b1d-8693-1fcc7960d534-groupManagement] INFO  server.RaftServer$Division (RaftServerImpl.java:setRole(329)) - 21bba47c-9d70-4b1d-8693-1fcc7960d534@group-9DDA56843D8D: changes role from      null to FOLLOWER at term 0 for startAsFollower
2023-06-02 05:15:29,027 [21bba47c-9d70-4b1d-8693-1fcc7960d534-groupManagement] INFO  impl.RoleInfo (RoleInfo.java:updateAndGet(139)) - 21bba47c-9d70-4b1d-8693-1fcc7960d534: start 21bba47c-9d70-4b1d-8693-1fcc7960d534@group-9DDA56843D8D-FollowerState
2023-06-02 05:15:29,027 [21bba47c-9d70-4b1d-8693-1fcc7960d534-groupManagement] INFO  util.JmxRegister (JmxRegister.java:tryRegister(44)) - Successfully registered JMX Bean with object name Ratis:service=RaftServer,group=group-9DDA56843D8D,id=21bba47c-9d70-4b1d-8693-1fcc7960d534
2023-06-02 05:15:29,035 [21bba47c-9d70-4b1d-8693-1fcc7960d534-groupManagement] INFO  server.RaftServerConfigKeys (ConfUtils.java:logGet(46)) - raft.server.snapshot.auto.trigger.enabled = true (custom)
2023-06-02 05:15:29,035 [21bba47c-9d70-4b1d-8693-1fcc7960d534-groupManagement] INFO  server.RaftServerConfigKeys (ConfUtils.java:logGet(46)) - raft.server.snapshot.auto.trigger.threshold = 10000 (custom)
2023-06-02 05:15:29,035 [21bba47c-9d70-4b1d-8693-1fcc7960d534-groupManagement] INFO  server.RaftServerConfigKeys (ConfUtils.java:logGet(46)) - raft.server.snapshot.retention.file.num = 5 (custom)
2023-06-02 05:15:29,035 [21bba47c-9d70-4b1d-8693-1fcc7960d534-groupManagement] INFO  server.RaftServerConfigKeys (ConfUtils.java:logGet(46)) - raft.server.log.purge.upto.snapshot.index = false (default)
2023-06-02 05:15:29,050 [21bba47c-9d70-4b1d-8693-1fcc7960d534@group-9DDA56843D8D-FollowerState] INFO  server.RaftServerConfigKeys (ConfUtils.java:logFallback(53)) - raft.server.rpc.first-election.timeout.min = 5s (fallback to raft.server.rpc.timeout.min)
2023-06-02 05:15:29,050 [21bba47c-9d70-4b1d-8693-1fcc7960d534@group-9DDA56843D8D-FollowerState] INFO  server.RaftServerConfigKeys (ConfUtils.java:logFallback(53)) - raft.server.rpc.first-election.timeout.max = 5200ms (fallback to raft.server.rpc.timeout.max)
2023-06-02 05:15:29,050 [PipelineCommandHandlerThread-0] INFO  ratis.XceiverServerRatis (XceiverServerRatis.java:addGroup(804)) - Created group PipelineID=94a03fed-81c2-41e4-b34c-9dda56843d8d
2023-06-02 05:15:29,050 [PipelineCommandHandlerThread-0] INFO  commandhandler.CreatePipelineCommandHandler (CreatePipelineCommandHandler.java:lambda$handle$2(124)) - Created Pipeline RATIS ONE PipelineID=94a03fed-81c2-41e4-b34c-9dda56843d8d.
2023-06-02 05:15:29,051 [PipelineCommandHandlerThread-0] INFO  server.RaftServer (RaftServerProxy.java:addNew(98)) - 21bba47c-9d70-4b1d-8693-1fcc7960d534: addNew group-E8BF24B615D5:[f140acff-7aed-42b1-955f-393a22e760fa|rpc:10.1.74.1:15032|admin:10.1.74.1:15031|client:10.1.74.1:15030|dataStream:10.1.74.1:15033|priority:0|startupRole:FOLLOWER, 21bba47c-9d70-4b1d-8693-1fcc7960d534|rpc:10.1.74.1:15023|admin:10.1.74.1:15022|client:10.1.74.1:15021|dataStream:10.1.74.1:15024|priority:1|startupRole:FOLLOWER, f102c20d-579f-44a7-9197-f839bb943261|rpc:10.1.74.1:15014|admin:10.1.74.1:15013|client:10.1.74.1:15012|dataStream:10.1.74.1:15015|priority:0|startupRole:FOLLOWER] returns group-E8BF24B615D5:java.util.concurrent.CompletableFuture@4a0086ba[Not completed]
2023-06-02 05:15:29,054 [21bba47c-9d70-4b1d-8693-1fcc7960d534-groupManagement] INFO  server.RaftServer$Division (RaftServerImpl.java:<init>(198)) - 21bba47c-9d70-4b1d-8693-1fcc7960d534: new RaftServerImpl for group-E8BF24B615D5:[f140acff-7aed-42b1-955f-393a22e760fa|rpc:10.1.74.1:15032|admin:10.1.74.1:15031|client:10.1.74.1:15030|dataStream:10.1.74.1:15033|priority:0|startupRole:FOLLOWER, 21bba47c-9d70-4b1d-8693-1fcc7960d534|rpc:10.1.74.1:15023|admin:10.1.74.1:15022|client:10.1.74.1:15021|dataStream:10.1.74.1:15024|priority:1|startupRole:FOLLOWER, f102c20d-579f-44a7-9197-f839bb943261|rpc:10.1.74.1:15014|admin:10.1.74.1:15013|client:10.1.74.1:15012|dataStream:10.1.74.1:15015|priority:0|startupRole:FOLLOWER] with ContainerStateMachine:uninitialized
2023-06-02 05:15:29,054 [21bba47c-9d70-4b1d-8693-1fcc7960d534-groupManagement] INFO  server.RaftServerConfigKeys (ConfUtils.java:logGet(46)) - raft.server.rpc.timeout.min = 5s (custom)
2023-06-02 05:15:29,054 [21bba47c-9d70-4b1d-8693-1fcc7960d534-groupManagement] INFO  server.RaftServerConfigKeys (ConfUtils.java:logGet(46)) - raft.server.rpc.timeout.max = 5200ms (custom)
2023-06-02 05:15:29,054 [21bba47c-9d70-4b1d-8693-1fcc7960d534-groupManagement] INFO  server.RaftServerConfigKeys (ConfUtils.java:logGet(46)) - raft.server.rpc.sleep.time = 25ms (default)
2023-06-02 05:15:29,054 [21bba47c-9d70-4b1d-8693-1fcc7960d534-groupManagement] INFO  server.RaftServerConfigKeys (ConfUtils.java:logGet(46)) - raft.server.rpc.slowness.timeout = 300s (custom)
2023-06-02 05:15:29,054 [21bba47c-9d70-4b1d-8693-1fcc7960d534-groupManagement] INFO  server.RaftServerConfigKeys (ConfUtils.java:logGet(46)) - raft.server.leaderelection.leader.step-down.wait-time = 10s (default)
2023-06-02 05:15:29,054 [21bba47c-9d70-4b1d-8693-1fcc7960d534-groupManagement] INFO  server.RaftServerConfigKeys (ConfUtils.java:logGet(46)) - raft.server.sleep.deviation.threshold = 300ms (default)
2023-06-02 05:15:29,054 [21bba47c-9d70-4b1d-8693-1fcc7960d534-groupManagement] INFO  server.RaftServer$Division (ServerState.java:<init>(120)) - 21bba47c-9d70-4b1d-8693-1fcc7960d534@group-E8BF24B615D5: ConfigurationManager, init=-1: peers:[f140acff-7aed-42b1-955f-393a22e760fa|rpc:10.1.74.1:15032|admin:10.1.74.1:15031|client:10.1.74.1:15030|dataStream:10.1.74.1:15033|priority:0|startupRole:FOLLOWER, 21bba47c-9d70-4b1d-8693-1fcc7960d534|rpc:10.1.74.1:15023|admin:10.1.74.1:15022|client:10.1.74.1:15021|dataStream:10.1.74.1:15024|priority:1|startupRole:FOLLOWER, f102c20d-579f-44a7-9197-f839bb943261|rpc:10.1.74.1:15014|admin:10.1.74.1:15013|client:10.1.74.1:15012|dataStream:10.1.74.1:15015|priority:0|startupRole:FOLLOWER]|listeners:[], old=null, confs=<EMPTY_MAP>
2023-06-02 05:15:29,055 [21bba47c-9d70-4b1d-8693-1fcc7960d534-groupManagement] INFO  server.RaftServerConfigKeys (ConfUtils.java:logGet(46)) - raft.server.storage.dir = [/home/runner/work/ozone/ozone/hadoop-ozone/integration-test/target/test-dir/MiniOzoneClusterImpl-4e6c5432-da36-405d-b7f1-05871ead9573/datanode-1/data/ratis] (custom)
2023-06-02 05:15:29,055 [21bba47c-9d70-4b1d-8693-1fcc7960d534-groupManagement] INFO  server.RaftServerConfigKeys (ConfUtils.java:logGet(46)) - raft.server.log.corruption.policy = EXCEPTION (default)
2023-06-02 05:15:29,055 [21bba47c-9d70-4b1d-8693-1fcc7960d534-groupManagement] INFO  server.RaftServerConfigKeys (ConfUtils.java:logGet(46)) - raft.server.storage.free-space.min = 0MB (=0) (default)
2023-06-02 05:15:29,055 [21bba47c-9d70-4b1d-8693-1fcc7960d534-groupManagement] INFO  server.RaftServerConfigKeys (ConfUtils.java:logGet(46)) - raft.server.notification.no-leader.timeout = 300s (custom)
2023-06-02 05:15:29,055 [21bba47c-9d70-4b1d-8693-1fcc7960d534-groupManagement] INFO  server.RaftServerConfigKeys (ConfUtils.java:logGet(46)) - raft.server.read.timeout = 10s (default)
2023-06-02 05:15:29,055 [21bba47c-9d70-4b1d-8693-1fcc7960d534-groupManagement] INFO  server.RaftServerConfigKeys (ConfUtils.java:logGet(46)) - raft.server.retrycache.expirytime = 600000ms (custom)
2023-06-02 05:15:29,055 [21bba47c-9d70-4b1d-8693-1fcc7960d534-groupManagement] INFO  server.RaftServerConfigKeys (ConfUtils.java:logGet(46)) - raft.server.retrycache.statistics.expirytime = 100μs (default)
2023-06-02 05:15:29,055 [21bba47c-9d70-4b1d-8693-1fcc7960d534-groupManagement] INFO  server.RaftServerConfigKeys (ConfUtils.java:logGet(46)) - raft.server.read.option = DEFAULT (default)
2023-06-02 05:15:29,058 [21bba47c-9d70-4b1d-8693-1fcc7960d534-groupManagement] INFO  server.RaftServerConfigKeys (ConfUtils.java:logGet(46)) - raft.server.rpc.request.timeout = 60s (custom)
2023-06-02 05:15:29,058 [21bba47c-9d70-4b1d-8693-1fcc7960d534-groupManagement] INFO  server.RaftServerConfigKeys (ConfUtils.java:logGet(46)) - raft.server.log.appender.install.snapshot.enabled = false (custom)
2023-06-02 05:15:29,060 [21bba47c-9d70-4b1d-8693-1fcc7960d534-groupManagement] INFO  server.RaftServerConfigKeys (ConfUtils.java:logGet(46)) - raft.server.threadpool.server.cached = true (default)
2023-06-02 05:15:29,060 [21bba47c-9d70-4b1d-8693-1fcc7960d534-groupManagement] INFO  server.RaftServerConfigKeys (ConfUtils.java:logGet(46)) - raft.server.threadpool.server.size = 0 (default)
2023-06-02 05:15:29,060 [21bba47c-9d70-4b1d-8693-1fcc7960d534-groupManagement] INFO  server.RaftServerConfigKeys (ConfUtils.java:logGet(46)) - raft.server.threadpool.client.cached = true (default)
2023-06-02 05:15:29,060 [21bba47c-9d70-4b1d-8693-1fcc7960d534-groupManagement] INFO  server.RaftServerConfigKeys (ConfUtils.java:logGet(46)) - raft.server.threadpool.client.size = 0 (default)
2023-06-02 05:15:29,060 [21bba47c-9d70-4b1d-8693-1fcc7960d534-groupManagement] INFO  storage.RaftStorageDirectory (RaftStorageDirectoryImpl.java:analyzeStorage(137)) - The storage directory /home/runner/work/ozone/ozone/hadoop-ozone/integration-test/target/test-dir/MiniOzoneClusterImpl-4e6c5432-da36-405d-b7f1-05871ead9573/datanode-1/data/ratis/b3981fcf-ddff-4145-a6d7-e8bf24b615d5 does not exist. Creating ...
2023-06-02 05:15:29,062 [21bba47c-9d70-4b1d-8693-1fcc7960d534-groupManagement] INFO  storage.RaftStorageDirectory (RaftStorageDirectoryImpl.java:tryLock(231)) - Lock on /home/runner/work/ozone/ozone/hadoop-ozone/integration-test/target/test-dir/MiniOzoneClusterImpl-4e6c5432-da36-405d-b7f1-05871ead9573/datanode-1/data/ratis/b3981fcf-ddff-4145-a6d7-e8bf24b615d5/in_use.lock acquired by nodename 65026@fv-az628-647
2023-06-02 05:15:29,064 [21bba47c-9d70-4b1d-8693-1fcc7960d534-groupManagement] INFO  storage.RaftStorage (RaftStorageImpl.java:format(96)) - Storage directory /home/runner/work/ozone/ozone/hadoop-ozone/integration-test/target/test-dir/MiniOzoneClusterImpl-4e6c5432-da36-405d-b7f1-05871ead9573/datanode-1/data/ratis/b3981fcf-ddff-4145-a6d7-e8bf24b615d5 has been successfully formatted.
2023-06-02 05:15:29,065 [21bba47c-9d70-4b1d-8693-1fcc7960d534-groupManagement] INFO  ratis.ContainerStateMachine (ContainerStateMachine.java:loadSnapshot(262)) - group-E8BF24B615D5: The snapshot info is null. Setting the last applied indexto:(t:0, i:~)
2023-06-02 05:15:29,065 [21bba47c-9d70-4b1d-8693-1fcc7960d534-groupManagement] INFO  server.RaftServerConfigKeys (ConfUtils.java:logGet(46)) - raft.server.log.use.memory = false (default)
2023-06-02 05:15:29,065 [21bba47c-9d70-4b1d-8693-1fcc7960d534-groupManagement] INFO  server.RaftServerConfigKeys (ConfUtils.java:logGet(46)) - raft.server.log.purge.gap = 1000000 (custom)
2023-06-02 05:15:29,065 [21bba47c-9d70-4b1d-8693-1fcc7960d534-groupManagement] INFO  server.RaftServerConfigKeys (ConfUtils.java:logGet(46)) - raft.server.log.appender.buffer.byte-limit = 33554432 (custom)
2023-06-02 05:15:29,066 [21bba47c-9d70-4b1d-8693-1fcc7960d534-groupManagement] INFO  server.RaftServerConfigKeys (ConfUtils.java:logGet(46)) - raft.server.log.statemachine.data.read.timeout = 1000ms (default)
2023-06-02 05:15:29,066 [21bba47c-9d70-4b1d-8693-1fcc7960d534-groupManagement] INFO  server.RaftServerConfigKeys (ConfUtils.java:logGet(46)) - raft.server.log.purge.preservation.log.num = 0 (default)
2023-06-02 05:15:29,069 [EventQueue-OpenPipelineForHealthyPipelineSafeModeRule] INFO  safemode.SCMSafeModeManager (HealthyPipelineSafeModeRule.java:process(137)) - SCM in safe mode. Healthy pipelines reported count is 0, required healthy pipeline reported count is 1
2023-06-02 05:15:29,072 [21bba47c-9d70-4b1d-8693-1fcc7960d534-groupManagement] INFO  server.RaftServerConfigKeys (ConfUtils.java:logGet(46)) - raft.server.log.segment.size.max = 1048576 (custom)
2023-06-02 05:15:29,073 [21bba47c-9d70-4b1d-8693-1fcc7960d534-groupManagement] INFO  server.RaftServerConfigKeys (ConfUtils.java:logGet(46)) - raft.server.log.segment.cache.num.max = 2 (custom)
2023-06-02 05:15:29,075 [21bba47c-9d70-4b1d-8693-1fcc7960d534-groupManagement] INFO  server.RaftServerConfigKeys (ConfUtils.java:logGet(46)) - raft.server.log.segment.cache.size.max = 200MB (=209715200) (default)
2023-06-02 05:15:29,075 [21bba47c-9d70-4b1d-8693-1fcc7960d534-groupManagement] INFO  server.RaftServerConfigKeys (ConfUtils.java:logGet(46)) - raft.server.log.appender.buffer.byte-limit = 33554432 (custom)
2023-06-02 05:15:29,075 [21bba47c-9d70-4b1d-8693-1fcc7960d534-groupManagement] INFO  segmented.SegmentedRaftLogWorker (SegmentedRaftLogWorker.java:<init>(188)) - new 21bba47c-9d70-4b1d-8693-1fcc7960d534@group-E8BF24B615D5-SegmentedRaftLogWorker for RaftStorageImpl:Storage Directory /home/runner/work/ozone/ozone/hadoop-ozone/integration-test/target/test-dir/MiniOzoneClusterImpl-4e6c5432-da36-405d-b7f1-05871ead9573/datanode-1/data/ratis/b3981fcf-ddff-4145-a6d7-e8bf24b615d5
2023-06-02 05:15:29,075 [21bba47c-9d70-4b1d-8693-1fcc7960d534-groupManagement] INFO  server.RaftServerConfigKeys (ConfUtils.java:logGet(46)) - raft.server.log.queue.byte-limit = 4294967296 (custom)
2023-06-02 05:15:29,076 [21bba47c-9d70-4b1d-8693-1fcc7960d534-groupManagement] INFO  server.RaftServerConfigKeys (ConfUtils.java:logGet(46)) - raft.server.log.queue.element-limit = 1024 (custom)
2023-06-02 05:15:29,076 [21bba47c-9d70-4b1d-8693-1fcc7960d534-groupManagement] INFO  server.RaftServerConfigKeys (ConfUtils.java:logGet(46)) - raft.server.log.segment.size.max = 1048576 (custom)
2023-06-02 05:15:29,076 [21bba47c-9d70-4b1d-8693-1fcc7960d534-groupManagement] INFO  server.RaftServerConfigKeys (ConfUtils.java:logGet(46)) - raft.server.log.preallocated.size = 16384 (custom)
2023-06-02 05:15:29,076 [21bba47c-9d70-4b1d-8693-1fcc7960d534-groupManagement] INFO  server.RaftServerConfigKeys (ConfUtils.java:logGet(46)) - raft.server.log.force.sync.num = 128 (default)
2023-06-02 05:15:29,076 [21bba47c-9d70-4b1d-8693-1fcc7960d534-groupManagement] INFO  server.RaftServerConfigKeys (ConfUtils.java:logGet(46)) - raft.server.log.statemachine.data.sync = true (default)
2023-06-02 05:15:29,076 [21bba47c-9d70-4b1d-8693-1fcc7960d534-groupManagement] INFO  server.RaftServerConfigKeys (ConfUtils.java:logGet(46)) - raft.server.log.statemachine.data.sync.timeout = 10s (default)
2023-06-02 05:15:29,076 [21bba47c-9d70-4b1d-8693-1fcc7960d534-groupManagement] INFO  server.RaftServerConfigKeys (ConfUtils.java:logGet(46)) - raft.server.log.statemachine.data.sync.timeout.retry = -1 (default)
2023-06-02 05:15:29,082 [21bba47c-9d70-4b1d-8693-1fcc7960d534-groupManagement] INFO  server.RaftServerConfigKeys (ConfUtils.java:logGet(46)) - raft.server.log.write.buffer.size = 1048576 (custom)
2023-06-02 05:15:29,082 [21bba47c-9d70-4b1d-8693-1fcc7960d534-groupManagement] INFO  server.RaftServerConfigKeys (ConfUtils.java:logGet(46)) - raft.server.log.appender.buffer.byte-limit = 33554432 (custom)
2023-06-02 05:15:29,097 [21bba47c-9d70-4b1d-8693-1fcc7960d534-groupManagement] INFO  server.RaftServerConfigKeys (ConfUtils.java:logGet(46)) - raft.server.log.unsafe-flush.enabled = false (default)
2023-06-02 05:15:29,097 [21bba47c-9d70-4b1d-8693-1fcc7960d534-groupManagement] INFO  server.RaftServerConfigKeys (ConfUtils.java:logGet(46)) - raft.server.log.async-flush.enabled = false (default)
2023-06-02 05:15:29,097 [21bba47c-9d70-4b1d-8693-1fcc7960d534-groupManagement] INFO  server.RaftServerConfigKeys (ConfUtils.java:logGet(46)) - raft.server.log.statemachine.data.caching.enabled = true (custom)
2023-06-02 05:15:29,098 [21bba47c-9d70-4b1d-8693-1fcc7960d534-groupManagement] INFO  segmented.SegmentedRaftLogWorker (SegmentedRaftLogWorker.java:lambda$new$0(135)) - 21bba47c-9d70-4b1d-8693-1fcc7960d534@group-E8BF24B615D5-SegmentedRaftLogWorker: flushIndex: setUnconditionally 0 -> -1
2023-06-02 05:15:29,098 [21bba47c-9d70-4b1d-8693-1fcc7960d534-groupManagement] INFO  segmented.SegmentedRaftLogWorker (SegmentedRaftLogWorker.java:lambda$new$0(135)) - 21bba47c-9d70-4b1d-8693-1fcc7960d534@group-E8BF24B615D5-SegmentedRaftLogWorker: safeCacheEvictIndex: setUnconditionally 0 -> -1
2023-06-02 05:15:29,103 [21bba47c-9d70-4b1d-8693-1fcc7960d534-groupManagement] INFO  server.RaftServer$Division (RaftServerImpl.java:start(342)) - 21bba47c-9d70-4b1d-8693-1fcc7960d534@group-E8BF24B615D5: start as a follower, conf=-1: peers:[f140acff-7aed-42b1-955f-393a22e760fa|rpc:10.1.74.1:15032|admin:10.1.74.1:15031|client:10.1.74.1:15030|dataStream:10.1.74.1:15033|priority:0|startupRole:FOLLOWER, 21bba47c-9d70-4b1d-8693-1fcc7960d534|rpc:10.1.74.1:15023|admin:10.1.74.1:15022|client:10.1.74.1:15021|dataStream:10.1.74.1:15024|priority:1|startupRole:FOLLOWER, f102c20d-579f-44a7-9197-f839bb943261|rpc:10.1.74.1:15014|admin:10.1.74.1:15013|client:10.1.74.1:15012|dataStream:10.1.74.1:15015|priority:0|startupRole:FOLLOWER]|listeners:[], old=null
2023-06-02 05:15:29,103 [21bba47c-9d70-4b1d-8693-1fcc7960d534-groupManagement] INFO  server.RaftServer$Division (RaftServerImpl.java:setRole(329)) - 21bba47c-9d70-4b1d-8693-1fcc7960d534@group-E8BF24B615D5: changes role from      null to FOLLOWER at term 0 for startAsFollower
2023-06-02 05:15:29,103 [21bba47c-9d70-4b1d-8693-1fcc7960d534-groupManagement] INFO  impl.RoleInfo (RoleInfo.java:updateAndGet(139)) - 21bba47c-9d70-4b1d-8693-1fcc7960d534: start 21bba47c-9d70-4b1d-8693-1fcc7960d534@group-E8BF24B615D5-FollowerState
2023-06-02 05:15:29,106 [21bba47c-9d70-4b1d-8693-1fcc7960d534-groupManagement] INFO  util.JmxRegister (JmxRegister.java:tryRegister(44)) - Successfully registered JMX Bean with object name Ratis:service=RaftServer,group=group-E8BF24B615D5,id=21bba47c-9d70-4b1d-8693-1fcc7960d534
2023-06-02 05:15:29,107 [21bba47c-9d70-4b1d-8693-1fcc7960d534-groupManagement] INFO  server.RaftServerConfigKeys (ConfUtils.java:logGet(46)) - raft.server.snapshot.auto.trigger.enabled = true (custom)
2023-06-02 05:15:29,107 [21bba47c-9d70-4b1d-8693-1fcc7960d534-groupManagement] INFO  server.RaftServerConfigKeys (ConfUtils.java:logGet(46)) - raft.server.snapshot.auto.trigger.threshold = 10000 (custom)
2023-06-02 05:15:29,107 [21bba47c-9d70-4b1d-8693-1fcc7960d534-groupManagement] INFO  server.RaftServerConfigKeys (ConfUtils.java:logGet(46)) - raft.server.snapshot.retention.file.num = 5 (custom)
2023-06-02 05:15:29,107 [21bba47c-9d70-4b1d-8693-1fcc7960d534-groupManagement] INFO  server.RaftServerConfigKeys (ConfUtils.java:logGet(46)) - raft.server.log.purge.upto.snapshot.index = false (default)
2023-06-02 05:15:29,110 [21bba47c-9d70-4b1d-8693-1fcc7960d534@group-E8BF24B615D5-FollowerState] INFO  server.RaftServerConfigKeys (ConfUtils.java:logFallback(53)) - raft.server.rpc.first-election.timeout.min = 5s (fallback to raft.server.rpc.timeout.min)
2023-06-02 05:15:29,115 [21bba47c-9d70-4b1d-8693-1fcc7960d534@group-E8BF24B615D5-FollowerState] INFO  server.RaftServerConfigKeys (ConfUtils.java:logFallback(53)) - raft.server.rpc.first-election.timeout.max = 5200ms (fallback to raft.server.rpc.timeout.max)
2023-06-02 05:15:29,115 [PipelineCommandHandlerThread-0] INFO  ratis.XceiverServerRatis (XceiverServerRatis.java:addGroup(804)) - Created group PipelineID=b3981fcf-ddff-4145-a6d7-e8bf24b615d5
2023-06-02 05:15:29,265 [EndpointStateMachine task thread for /0.0.0.0:15002 - 0 ] INFO  utils.DatanodeStoreCache (DatanodeStoreCache.java:addDB(66)) - Added db /home/runner/work/ozone/ozone/hadoop-ozone/integration-test/target/test-dir/MiniOzoneClusterImpl-4e6c5432-da36-405d-b7f1-05871ead9573/datanode-12/data-0/containers/hdds/4e6c5432-da36-405d-b7f1-05871ead9573/DS-3a47bd94-6e31-49f3-9b94-7d3853955cfa/container.db to cache
2023-06-02 05:15:29,265 [EndpointStateMachine task thread for /0.0.0.0:15002 - 0 ] INFO  volume.HddsVolume (HddsVolume.java:createDbStore(350)) - SchemaV3 db is created and loaded at /home/runner/work/ozone/ozone/hadoop-ozone/integration-test/target/test-dir/MiniOzoneClusterImpl-4e6c5432-da36-405d-b7f1-05871ead9573/datanode-12/data-0/containers/hdds/4e6c5432-da36-405d-b7f1-05871ead9573/DS-3a47bd94-6e31-49f3-9b94-7d3853955cfa/container.db for volume DS-3a47bd94-6e31-49f3-9b94-7d3853955cfa
2023-06-02 05:15:29,266 [EndpointStateMachine task thread for /0.0.0.0:15002 - 0 ] INFO  ozoneimpl.OzoneContainer (OzoneContainer.java:start(398)) - Attempting to start container services.
2023-06-02 05:15:29,266 [EndpointStateMachine task thread for /0.0.0.0:15002 - 0 ] INFO  ozoneimpl.OzoneContainer (OzoneContainer.java:startContainerScrub(314)) - Scheduled background container scanners and the on-demand container scanner have been disabled.
2023-06-02 05:15:29,268 [EndpointStateMachine task thread for /0.0.0.0:15002 - 0 ] INFO  replication.ReplicationServer (ReplicationServer.java:start(128)) - ReplicationServer is started using port 15124
2023-06-02 05:15:29,268 [EndpointStateMachine task thread for /0.0.0.0:15002 - 0 ] INFO  ratis.XceiverServerRatis (XceiverServerRatis.java:start(517)) - Starting XceiverServerRatis 02d5e712-89f3-441d-ae82-935a5ddb56eb
2023-06-02 05:15:29,269 [EndpointStateMachine task thread for /0.0.0.0:15002 - 0 ] INFO  server.RaftServer (RaftServerProxy.java:startImpl(400)) - 02d5e712-89f3-441d-ae82-935a5ddb56eb: start RPC server
2023-06-02 05:15:29,270 [EndpointStateMachine task thread for /0.0.0.0:15002 - 0 ] INFO  server.GrpcService (GrpcService.java:startImpl(302)) - 02d5e712-89f3-441d-ae82-935a5ddb56eb: GrpcService started, listening on 15120
2023-06-02 05:15:29,271 [EndpointStateMachine task thread for /0.0.0.0:15002 - 0 ] INFO  server.GrpcService (GrpcService.java:startImpl(302)) - 02d5e712-89f3-441d-ae82-935a5ddb56eb: GrpcService started, listening on 15122
2023-06-02 05:15:29,272 [EndpointStateMachine task thread for /0.0.0.0:15002 - 0 ] INFO  server.GrpcService (GrpcService.java:startImpl(302)) - 02d5e712-89f3-441d-ae82-935a5ddb56eb: GrpcService started, listening on 15121
2023-06-02 05:15:29,272 [EndpointStateMachine task thread for /0.0.0.0:15002 - 0 ] INFO  ratis.XceiverServerRatis (XceiverServerRatis.java:getRealPort(543)) - XceiverServerRatis 02d5e712-89f3-441d-ae82-935a5ddb56eb is started using port 15120 for RATIS
2023-06-02 05:15:29,272 [EndpointStateMachine task thread for /0.0.0.0:15002 - 0 ] INFO  ratis.XceiverServerRatis (XceiverServerRatis.java:getRealPort(543)) - XceiverServerRatis 02d5e712-89f3-441d-ae82-935a5ddb56eb is started using port 15121 for RATIS_ADMIN
2023-06-02 05:15:29,272 [EndpointStateMachine task thread for /0.0.0.0:15002 - 0 ] INFO  ratis.XceiverServerRatis (XceiverServerRatis.java:getRealPort(543)) - XceiverServerRatis 02d5e712-89f3-441d-ae82-935a5ddb56eb is started using port 15122 for RATIS_SERVER
2023-06-02 05:15:29,272 [EndpointStateMachine task thread for /0.0.0.0:15002 - 0 ] INFO  ratis.XceiverServerRatis (XceiverServerRatis.java:getRealPort(543)) - XceiverServerRatis 02d5e712-89f3-441d-ae82-935a5ddb56eb is started using port 15123 for RATIS_DATASTREAM
2023-06-02 05:15:29,278 [JvmPauseMonitor13] INFO  util.JvmPauseMonitor (JvmPauseMonitor.java:run(103)) - JvmPauseMonitor-02d5e712-89f3-441d-ae82-935a5ddb56eb: Started
2023-06-02 05:15:29,287 [BlockDeletingService#0] INFO  interfaces.ContainerDeletionChoosingPolicyTemplate (ContainerDeletionChoosingPolicyTemplate.java:chooseContainerForBlockDeletion(83)) - Chosen 0/5000 blocks from 0 candidate containers.
2023-06-02 05:15:29,327 [grpc-default-executor-1] INFO  server.RaftServer (RaftServerProxy.java:addNew(98)) - f140acff-7aed-42b1-955f-393a22e760fa: addNew group-E8BF24B615D5:[f140acff-7aed-42b1-955f-393a22e760fa|rpc:10.1.74.1:15032|admin:10.1.74.1:15031|client:10.1.74.1:15030|dataStream:10.1.74.1:15033|priority:0|startupRole:FOLLOWER, 21bba47c-9d70-4b1d-8693-1fcc7960d534|rpc:10.1.74.1:15023|admin:10.1.74.1:15022|client:10.1.74.1:15021|dataStream:10.1.74.1:15024|priority:1|startupRole:FOLLOWER, f102c20d-579f-44a7-9197-f839bb943261|rpc:10.1.74.1:15014|admin:10.1.74.1:15013|client:10.1.74.1:15012|dataStream:10.1.74.1:15015|priority:0|startupRole:FOLLOWER] returns group-E8BF24B615D5:java.util.concurrent.CompletableFuture@7fa2ac70[Not completed]
2023-06-02 05:15:29,330 [f140acff-7aed-42b1-955f-393a22e760fa-groupManagement] INFO  server.RaftServer$Division (RaftServerImpl.java:<init>(198)) - f140acff-7aed-42b1-955f-393a22e760fa: new RaftServerImpl for group-E8BF24B615D5:[f140acff-7aed-42b1-955f-393a22e760fa|rpc:10.1.74.1:15032|admin:10.1.74.1:15031|client:10.1.74.1:15030|dataStream:10.1.74.1:15033|priority:0|startupRole:FOLLOWER, 21bba47c-9d70-4b1d-8693-1fcc7960d534|rpc:10.1.74.1:15023|admin:10.1.74.1:15022|client:10.1.74.1:15021|dataStream:10.1.74.1:15024|priority:1|startupRole:FOLLOWER, f102c20d-579f-44a7-9197-f839bb943261|rpc:10.1.74.1:15014|admin:10.1.74.1:15013|client:10.1.74.1:15012|dataStream:10.1.74.1:15015|priority:0|startupRole:FOLLOWER] with ContainerStateMachine:uninitialized
2023-06-02 05:15:29,330 [f140acff-7aed-42b1-955f-393a22e760fa-groupManagement] INFO  server.RaftServerConfigKeys (ConfUtils.java:logGet(46)) - raft.server.rpc.timeout.min = 5s (custom)
2023-06-02 05:15:29,330 [f140acff-7aed-42b1-955f-393a22e760fa-groupManagement] INFO  server.RaftServerConfigKeys (ConfUtils.java:logGet(46)) - raft.server.rpc.timeout.max = 5200ms (custom)
2023-06-02 05:15:29,331 [f140acff-7aed-42b1-955f-393a22e760fa-groupManagement] INFO  server.RaftServerConfigKeys (ConfUtils.java:logGet(46)) - raft.server.rpc.sleep.time = 25ms (default)
2023-06-02 05:15:29,331 [f140acff-7aed-42b1-955f-393a22e760fa-groupManagement] INFO  server.RaftServerConfigKeys (ConfUtils.java:logGet(46)) - raft.server.rpc.slowness.timeout = 300s (custom)
2023-06-02 05:15:29,331 [f140acff-7aed-42b1-955f-393a22e760fa-groupManagement] INFO  server.RaftServerConfigKeys (ConfUtils.java:logGet(46)) - raft.server.leaderelection.leader.step-down.wait-time = 10s (default)
2023-06-02 05:15:29,331 [f140acff-7aed-42b1-955f-393a22e760fa-groupManagement] INFO  server.RaftServerConfigKeys (ConfUtils.java:logGet(46)) - raft.server.sleep.deviation.threshold = 300ms (default)
2023-06-02 05:15:29,331 [f140acff-7aed-42b1-955f-393a22e760fa-groupManagement] INFO  server.RaftServer$Division (ServerState.java:<init>(120)) - f140acff-7aed-42b1-955f-393a22e760fa@group-E8BF24B615D5: ConfigurationManager, init=-1: peers:[f140acff-7aed-42b1-955f-393a22e760fa|rpc:10.1.74.1:15032|admin:10.1.74.1:15031|client:10.1.74.1:15030|dataStream:10.1.74.1:15033|priority:0|startupRole:FOLLOWER, 21bba47c-9d70-4b1d-8693-1fcc7960d534|rpc:10.1.74.1:15023|admin:10.1.74.1:15022|client:10.1.74.1:15021|dataStream:10.1.74.1:15024|priority:1|startupRole:FOLLOWER, f102c20d-579f-44a7-9197-f839bb943261|rpc:10.1.74.1:15014|admin:10.1.74.1:15013|client:10.1.74.1:15012|dataStream:10.1.74.1:15015|priority:0|startupRole:FOLLOWER]|listeners:[], old=null, confs=<EMPTY_MAP>
2023-06-02 05:15:29,331 [f140acff-7aed-42b1-955f-393a22e760fa-groupManagement] INFO  server.RaftServerConfigKeys (ConfUtils.java:logGet(46)) - raft.server.storage.dir = [/home/runner/work/ozone/ozone/hadoop-ozone/integration-test/target/test-dir/MiniOzoneClusterImpl-4e6c5432-da36-405d-b7f1-05871ead9573/datanode-2/data/ratis] (custom)
2023-06-02 05:15:29,333 [IPC Server handler 3 on default port 15002] INFO  net.NetworkTopologyImpl (NetworkTopologyImpl.java:add(112)) - Added a new node: /default-rack/70b3c7ea-e7eb-4f75-8ddc-1173fec1a2ac
2023-06-02 05:15:29,334 [IPC Server handler 3 on default port 15002] INFO  node.SCMNodeManager (SCMNodeManager.java:register(407)) - Registered Data node : 70b3c7ea-e7eb-4f75-8ddc-1173fec1a2ac{ip: 10.1.74.1, host: fv-az628-647, ports: [HTTP=15081, CLIENT_RPC=15082, REPLICATION=15088, RATIS=15084, RATIS_ADMIN=15085, RATIS_SERVER=15086, RATIS_DATASTREAM=15087, STANDALONE=15083], networkLocation: /default-rack, certSerialId: null, persistedOpState: null, persistedOpStateExpiryEpochSec: 0}
2023-06-02 05:15:29,335 [EventQueue-NewNodeForNewNodeHandler] INFO  pipeline.BackgroundPipelineCreator (BackgroundPipelineCreator.java:notifyEventTriggered(276)) - trigger a one-shot run on RatisPipelineUtilsThread.
2023-06-02 05:15:29,335 [RatisPipelineUtilsThread - 0] INFO  pipeline.RatisPipelineProvider (RatisPipelineProvider.java:lambda$create$0(206)) - Sending CreatePipelineCommand for pipeline:PipelineID=bd9a6e9f-39fc-43d1-b222-556f943fb96c to datanode:70b3c7ea-e7eb-4f75-8ddc-1173fec1a2ac
2023-06-02 05:15:29,336 [RatisPipelineUtilsThread - 0] INFO  pipeline.PipelineStateManagerImpl (PipelineStateManagerImpl.java:addPipeline(103)) - Created pipeline Pipeline[ Id: bd9a6e9f-39fc-43d1-b222-556f943fb96c, Nodes: 70b3c7ea-e7eb-4f75-8ddc-1173fec1a2ac(fv-az628-647/10.1.74.1), ReplicationConfig: RATIS/ONE, State:ALLOCATED, leaderId:, CreationTimestamp2023-06-02T05:15:29.335Z[Etc/UTC]].
2023-06-02 05:15:29,337 [RatisPipelineUtilsThread - 0] INFO  pipeline.RatisPipelineProvider (RatisPipelineProvider.java:lambda$create$0(206)) - Sending CreatePipelineCommand for pipeline:PipelineID=1befd94a-0f8f-46e8-9cfb-5d33fe8063a9 to datanode:87f06f2d-f73a-4ca4-bc8e-5aedfa582ec7
2023-06-02 05:15:29,337 [RatisPipelineUtilsThread - 0] INFO  pipeline.RatisPipelineProvider (RatisPipelineProvider.java:lambda$create$0(206)) - Sending CreatePipelineCommand for pipeline:PipelineID=1befd94a-0f8f-46e8-9cfb-5d33fe8063a9 to datanode:70b3c7ea-e7eb-4f75-8ddc-1173fec1a2ac
2023-06-02 05:15:29,337 [RatisPipelineUtilsThread - 0] INFO  pipeline.RatisPipelineProvider (RatisPipelineProvider.java:lambda$create$0(206)) - Sending CreatePipelineCommand for pipeline:PipelineID=1befd94a-0f8f-46e8-9cfb-5d33fe8063a9 to datanode:638bdbe3-f7a3-4715-ad07-0d6e98de3b67
2023-06-02 05:15:29,338 [RatisPipelineUtilsThread - 0] INFO  pipeline.PipelineStateManagerImpl (PipelineStateManagerImpl.java:addPipeline(103)) - Created pipeline Pipeline[ Id: 1befd94a-0f8f-46e8-9cfb-5d33fe8063a9, Nodes: 87f06f2d-f73a-4ca4-bc8e-5aedfa582ec7(fv-az628-647/10.1.74.1)70b3c7ea-e7eb-4f75-8ddc-1173fec1a2ac(fv-az628-647/10.1.74.1)638bdbe3-f7a3-4715-ad07-0d6e98de3b67(fv-az628-647/10.1.74.1), ReplicationConfig: RATIS/THREE, State:ALLOCATED, leaderId:, CreationTimestamp2023-06-02T05:15:29.337Z[Etc/UTC]].
2023-06-02 05:15:29,339 [f140acff-7aed-42b1-955f-393a22e760fa-groupManagement] INFO  server.RaftServerConfigKeys (ConfUtils.java:logGet(46)) - raft.server.log.corruption.policy = EXCEPTION (default)
2023-06-02 05:15:29,339 [f140acff-7aed-42b1-955f-393a22e760fa-groupManagement] INFO  server.RaftServerConfigKeys (ConfUtils.java:logGet(46)) - raft.server.storage.free-space.min = 0MB (=0) (default)
2023-06-02 05:15:29,339 [f140acff-7aed-42b1-955f-393a22e760fa-groupManagement] INFO  server.RaftServerConfigKeys (ConfUtils.java:logGet(46)) - raft.server.notification.no-leader.timeout = 300s (custom)
2023-06-02 05:15:29,339 [f140acff-7aed-42b1-955f-393a22e760fa-groupManagement] INFO  server.RaftServerConfigKeys (ConfUtils.java:logGet(46)) - raft.server.read.timeout = 10s (default)
2023-06-02 05:15:29,339 [f140acff-7aed-42b1-955f-393a22e760fa-groupManagement] INFO  server.RaftServerConfigKeys (ConfUtils.java:logGet(46)) - raft.server.retrycache.expirytime = 600000ms (custom)
2023-06-02 05:15:29,339 [f140acff-7aed-42b1-955f-393a22e760fa-groupManagement] INFO  server.RaftServerConfigKeys (ConfUtils.java:logGet(46)) - raft.server.retrycache.statistics.expirytime = 100μs (default)
2023-06-02 05:15:29,340 [f140acff-7aed-42b1-955f-393a22e760fa-groupManagement] INFO  server.RaftServerConfigKeys (ConfUtils.java:logGet(46)) - raft.server.read.option = DEFAULT (default)
2023-06-02 05:15:29,344 [RatisPipelineUtilsThread - 0] INFO  pipeline.RatisPipelineProvider (RatisPipelineProvider.java:lambda$create$0(206)) - Sending CreatePipelineCommand for pipeline:PipelineID=19897db9-73df-4686-9b87-b501b03e598f to datanode:638bdbe3-f7a3-4715-ad07-0d6e98de3b67
2023-06-02 05:15:29,345 [RatisPipelineUtilsThread - 0] INFO  pipeline.RatisPipelineProvider (RatisPipelineProvider.java:lambda$create$0(206)) - Sending CreatePipelineCommand for pipeline:PipelineID=19897db9-73df-4686-9b87-b501b03e598f to datanode:70b3c7ea-e7eb-4f75-8ddc-1173fec1a2ac
2023-06-02 05:15:29,345 [RatisPipelineUtilsThread - 0] INFO  pipeline.RatisPipelineProvider (RatisPipelineProvider.java:lambda$create$0(206)) - Sending CreatePipelineCommand for pipeline:PipelineID=19897db9-73df-4686-9b87-b501b03e598f to datanode:87f06f2d-f73a-4ca4-bc8e-5aedfa582ec7
2023-06-02 05:15:29,345 [f140acff-7aed-42b1-955f-393a22e760fa-groupManagement] INFO  server.RaftServerConfigKeys (ConfUtils.java:logGet(46)) - raft.server.rpc.request.timeout = 60s (custom)
2023-06-02 05:15:29,345 [f140acff-7aed-42b1-955f-393a22e760fa-groupManagement] INFO  server.RaftServerConfigKeys (ConfUtils.java:logGet(46)) - raft.server.log.appender.install.snapshot.enabled = false (custom)
2023-06-02 05:15:29,345 [f140acff-7aed-42b1-955f-393a22e760fa-groupManagement] INFO  server.RaftServerConfigKeys (ConfUtils.java:logGet(46)) - raft.server.threadpool.server.cached = true (default)
2023-06-02 05:15:29,346 [f140acff-7aed-42b1-955f-393a22e760fa-groupManagement] INFO  server.RaftServerConfigKeys (ConfUtils.java:logGet(46)) - raft.server.threadpool.server.size = 0 (default)
2023-06-02 05:15:29,346 [f140acff-7aed-42b1-955f-393a22e760fa-groupManagement] INFO  server.RaftServerConfigKeys (ConfUtils.java:logGet(46)) - raft.server.threadpool.client.cached = true (default)
2023-06-02 05:15:29,346 [f140acff-7aed-42b1-955f-393a22e760fa-groupManagement] INFO  server.RaftServerConfigKeys (ConfUtils.java:logGet(46)) - raft.server.threadpool.client.size = 0 (default)
2023-06-02 05:15:29,346 [RatisPipelineUtilsThread - 0] INFO  pipeline.PipelineStateManagerImpl (PipelineStateManagerImpl.java:addPipeline(103)) - Created pipeline Pipeline[ Id: 19897db9-73df-4686-9b87-b501b03e598f, Nodes: 638bdbe3-f7a3-4715-ad07-0d6e98de3b67(fv-az628-647/10.1.74.1)70b3c7ea-e7eb-4f75-8ddc-1173fec1a2ac(fv-az628-647/10.1.74.1)87f06f2d-f73a-4ca4-bc8e-5aedfa582ec7(fv-az628-647/10.1.74.1), ReplicationConfig: RATIS/THREE, State:ALLOCATED, leaderId:, CreationTimestamp2023-06-02T05:15:29.344Z[Etc/UTC]].
2023-06-02 05:15:29,346 [RatisPipelineUtilsThread - 0] INFO  pipeline.PipelineManagerImpl (PipelineManagerImpl.java:recordMetricsForPipeline(826)) - Pipeline: PipelineID=19897db9-73df-4686-9b87-b501b03e598f contains same datanodes as previous pipelines: PipelineID=1befd94a-0f8f-46e8-9cfb-5d33fe8063a9 nodeIds: 638bdbe3-f7a3-4715-ad07-0d6e98de3b67, 70b3c7ea-e7eb-4f75-8ddc-1173fec1a2ac, 87f06f2d-f73a-4ca4-bc8e-5aedfa582ec7
2023-06-02 05:15:29,347 [RatisPipelineUtilsThread - 0] WARN  pipeline.PipelinePlacementPolicy (PipelinePlacementPolicy.java:filterViableNodes(160)) - Pipeline creation failed due to no sufficient healthy datanodes. Required 3. Found 0. Excluded 9.
2023-06-02 05:15:29,346 [f140acff-7aed-42b1-955f-393a22e760fa-groupManagement] INFO  storage.RaftStorageDirectory (RaftStorageDirectoryImpl.java:analyzeStorage(137)) - The storage directory /home/runner/work/ozone/ozone/hadoop-ozone/integration-test/target/test-dir/MiniOzoneClusterImpl-4e6c5432-da36-405d-b7f1-05871ead9573/datanode-2/data/ratis/b3981fcf-ddff-4145-a6d7-e8bf24b615d5 does not exist. Creating ...
2023-06-02 05:15:29,352 [f140acff-7aed-42b1-955f-393a22e760fa-groupManagement] INFO  storage.RaftStorageDirectory (RaftStorageDirectoryImpl.java:tryLock(231)) - Lock on /home/runner/work/ozone/ozone/hadoop-ozone/integration-test/target/test-dir/MiniOzoneClusterImpl-4e6c5432-da36-405d-b7f1-05871ead9573/datanode-2/data/ratis/b3981fcf-ddff-4145-a6d7-e8bf24b615d5/in_use.lock acquired by nodename 65026@fv-az628-647
2023-06-02 05:15:29,353 [f140acff-7aed-42b1-955f-393a22e760fa-groupManagement] INFO  storage.RaftStorage (RaftStorageImpl.java:format(96)) - Storage directory /home/runner/work/ozone/ozone/hadoop-ozone/integration-test/target/test-dir/MiniOzoneClusterImpl-4e6c5432-da36-405d-b7f1-05871ead9573/datanode-2/data/ratis/b3981fcf-ddff-4145-a6d7-e8bf24b615d5 has been successfully formatted.
2023-06-02 05:15:29,358 [f140acff-7aed-42b1-955f-393a22e760fa-groupManagement] INFO  ratis.ContainerStateMachine (ContainerStateMachine.java:loadSnapshot(262)) - group-E8BF24B615D5: The snapshot info is null. Setting the last applied indexto:(t:0, i:~)
2023-06-02 05:15:29,358 [f140acff-7aed-42b1-955f-393a22e760fa-groupManagement] INFO  server.RaftServerConfigKeys (ConfUtils.java:logGet(46)) - raft.server.log.use.memory = false (default)
2023-06-02 05:15:29,358 [f140acff-7aed-42b1-955f-393a22e760fa-groupManagement] INFO  server.RaftServerConfigKeys (ConfUtils.java:logGet(46)) - raft.server.log.purge.gap = 1000000 (custom)
2023-06-02 05:15:29,363 [f140acff-7aed-42b1-955f-393a22e760fa-groupManagement] INFO  server.RaftServerConfigKeys (ConfUtils.java:logGet(46)) - raft.server.log.appender.buffer.byte-limit = 33554432 (custom)
2023-06-02 05:15:29,363 [f140acff-7aed-42b1-955f-393a22e760fa-groupManagement] INFO  server.RaftServerConfigKeys (ConfUtils.java:logGet(46)) - raft.server.log.statemachine.data.read.timeout = 1000ms (default)
2023-06-02 05:15:29,364 [f140acff-7aed-42b1-955f-393a22e760fa-groupManagement] INFO  server.RaftServerConfigKeys (ConfUtils.java:logGet(46)) - raft.server.log.purge.preservation.log.num = 0 (default)
2023-06-02 05:15:29,364 [f140acff-7aed-42b1-955f-393a22e760fa-groupManagement] INFO  server.RaftServerConfigKeys (ConfUtils.java:logGet(46)) - raft.server.log.segment.size.max = 1048576 (custom)
2023-06-02 05:15:29,365 [f140acff-7aed-42b1-955f-393a22e760fa-groupManagement] INFO  server.RaftServerConfigKeys (ConfUtils.java:logGet(46)) - raft.server.log.segment.cache.num.max = 2 (custom)
2023-06-02 05:15:29,365 [f140acff-7aed-42b1-955f-393a22e760fa-groupManagement] INFO  server.RaftServerConfigKeys (ConfUtils.java:logGet(46)) - raft.server.log.segment.cache.size.max = 200MB (=209715200) (default)
2023-06-02 05:15:29,365 [f140acff-7aed-42b1-955f-393a22e760fa-groupManagement] INFO  server.RaftServerConfigKeys (ConfUtils.java:logGet(46)) - raft.server.log.appender.buffer.byte-limit = 33554432 (custom)
2023-06-02 05:15:29,365 [f140acff-7aed-42b1-955f-393a22e760fa-groupManagement] INFO  segmented.SegmentedRaftLogWorker (SegmentedRaftLogWorker.java:<init>(188)) - new f140acff-7aed-42b1-955f-393a22e760fa@group-E8BF24B615D5-SegmentedRaftLogWorker for RaftStorageImpl:Storage Directory /home/runner/work/ozone/ozone/hadoop-ozone/integration-test/target/test-dir/MiniOzoneClusterImpl-4e6c5432-da36-405d-b7f1-05871ead9573/datanode-2/data/ratis/b3981fcf-ddff-4145-a6d7-e8bf24b615d5
2023-06-02 05:15:29,365 [f140acff-7aed-42b1-955f-393a22e760fa-groupManagement] INFO  server.RaftServerConfigKeys (ConfUtils.java:logGet(46)) - raft.server.log.queue.byte-limit = 4294967296 (custom)
2023-06-02 05:15:29,365 [f140acff-7aed-42b1-955f-393a22e760fa-groupManagement] INFO  server.RaftServerConfigKeys (ConfUtils.java:logGet(46)) - raft.server.log.queue.element-limit = 1024 (custom)
2023-06-02 05:15:29,365 [f140acff-7aed-42b1-955f-393a22e760fa-groupManagement] INFO  server.RaftServerConfigKeys (ConfUtils.java:logGet(46)) - raft.server.log.segment.size.max = 1048576 (custom)
2023-06-02 05:15:29,365 [f140acff-7aed-42b1-955f-393a22e760fa-groupManagement] INFO  server.RaftServerConfigKeys (ConfUtils.java:logGet(46)) - raft.server.log.preallocated.size = 16384 (custom)
2023-06-02 05:15:29,365 [f140acff-7aed-42b1-955f-393a22e760fa-groupManagement] INFO  server.RaftServerConfigKeys (ConfUtils.java:logGet(46)) - raft.server.log.force.sync.num = 128 (default)
2023-06-02 05:15:29,365 [f140acff-7aed-42b1-955f-393a22e760fa-groupManagement] INFO  server.RaftServerConfigKeys (ConfUtils.java:logGet(46)) - raft.server.log.statemachine.data.sync = true (default)
2023-06-02 05:15:29,366 [f140acff-7aed-42b1-955f-393a22e760fa-groupManagement] INFO  server.RaftServerConfigKeys (ConfUtils.java:logGet(46)) - raft.server.log.statemachine.data.sync.timeout = 10s (default)
2023-06-02 05:15:29,366 [f140acff-7aed-42b1-955f-393a22e760fa-groupManagement] INFO  server.RaftServerConfigKeys (ConfUtils.java:logGet(46)) - raft.server.log.statemachine.data.sync.timeout.retry = -1 (default)
2023-06-02 05:15:29,377 [PipelineCommandHandlerThread-0] INFO  server.RaftServer (RaftServerProxy.java:addNew(98)) - f140acff-7aed-42b1-955f-393a22e760fa: addNew group-48D23DEC67B1:[f140acff-7aed-42b1-955f-393a22e760fa|rpc:10.1.74.1:15032|admin:10.1.74.1:15031|client:10.1.74.1:15030|dataStream:10.1.74.1:15033|priority:1|startupRole:FOLLOWER] returns group-48D23DEC67B1:java.util.concurrent.CompletableFuture@5efdf399[Not completed]
2023-06-02 05:15:29,382 [f140acff-7aed-42b1-955f-393a22e760fa-groupManagement] INFO  server.RaftServerConfigKeys (ConfUtils.java:logGet(46)) - raft.server.log.write.buffer.size = 1048576 (custom)
2023-06-02 05:15:29,384 [f140acff-7aed-42b1-955f-393a22e760fa-groupManagement] INFO  server.RaftServerConfigKeys (ConfUtils.java:logGet(46)) - raft.server.log.appender.buffer.byte-limit = 33554432 (custom)
2023-06-02 05:15:29,391 [f140acff-7aed-42b1-955f-393a22e760fa-groupManagement] INFO  server.RaftServerConfigKeys (ConfUtils.java:logGet(46)) - raft.server.log.unsafe-flush.enabled = false (default)
2023-06-02 05:15:29,391 [f140acff-7aed-42b1-955f-393a22e760fa-groupManagement] INFO  server.RaftServerConfigKeys (ConfUtils.java:logGet(46)) - raft.server.log.async-flush.enabled = false (default)
2023-06-02 05:15:29,391 [f140acff-7aed-42b1-955f-393a22e760fa-groupManagement] INFO  server.RaftServerConfigKeys (ConfUtils.java:logGet(46)) - raft.server.log.statemachine.data.caching.enabled = true (custom)
2023-06-02 05:15:29,391 [f140acff-7aed-42b1-955f-393a22e760fa-groupManagement] INFO  segmented.SegmentedRaftLogWorker (SegmentedRaftLogWorker.java:lambda$new$0(135)) - f140acff-7aed-42b1-955f-393a22e760fa@group-E8BF24B615D5-SegmentedRaftLogWorker: flushIndex: setUnconditionally 0 -> -1
2023-06-02 05:15:29,392 [f140acff-7aed-42b1-955f-393a22e760fa-groupManagement] INFO  segmented.SegmentedRaftLogWorker (SegmentedRaftLogWorker.java:lambda$new$0(135)) - f140acff-7aed-42b1-955f-393a22e760fa@group-E8BF24B615D5-SegmentedRaftLogWorker: safeCacheEvictIndex: setUnconditionally 0 -> -1
2023-06-02 05:15:29,392 [f140acff-7aed-42b1-955f-393a22e760fa-groupManagement] INFO  server.RaftServer$Division (RaftServerImpl.java:start(342)) - f140acff-7aed-42b1-955f-393a22e760fa@group-E8BF24B615D5: start as a follower, conf=-1: peers:[f140acff-7aed-42b1-955f-393a22e760fa|rpc:10.1.74.1:15032|admin:10.1.74.1:15031|client:10.1.74.1:15030|dataStream:10.1.74.1:15033|priority:0|startupRole:FOLLOWER, 21bba47c-9d70-4b1d-8693-1fcc7960d534|rpc:10.1.74.1:15023|admin:10.1.74.1:15022|client:10.1.74.1:15021|dataStream:10.1.74.1:15024|priority:1|startupRole:FOLLOWER, f102c20d-579f-44a7-9197-f839bb943261|rpc:10.1.74.1:15014|admin:10.1.74.1:15013|client:10.1.74.1:15012|dataStream:10.1.74.1:15015|priority:0|startupRole:FOLLOWER]|listeners:[], old=null
2023-06-02 05:15:29,392 [f140acff-7aed-42b1-955f-393a22e760fa-groupManagement] INFO  server.RaftServer$Division (RaftServerImpl.java:setRole(329)) - f140acff-7aed-42b1-955f-393a22e760fa@group-E8BF24B615D5: changes role from      null to FOLLOWER at term 0 for startAsFollower
2023-06-02 05:15:29,392 [f140acff-7aed-42b1-955f-393a22e760fa-groupManagement] INFO  impl.RoleInfo (RoleInfo.java:updateAndGet(139)) - f140acff-7aed-42b1-955f-393a22e760fa: start f140acff-7aed-42b1-955f-393a22e760fa@group-E8BF24B615D5-FollowerState
2023-06-02 05:15:29,393 [f140acff-7aed-42b1-955f-393a22e760fa-groupManagement] INFO  util.JmxRegister (JmxRegister.java:tryRegister(44)) - Successfully registered JMX Bean with object name Ratis:service=RaftServer,group=group-E8BF24B615D5,id=f140acff-7aed-42b1-955f-393a22e760fa
2023-06-02 05:15:29,393 [f140acff-7aed-42b1-955f-393a22e760fa-groupManagement] INFO  server.RaftServerConfigKeys (ConfUtils.java:logGet(46)) - raft.server.snapshot.auto.trigger.enabled = true (custom)
2023-06-02 05:15:29,393 [f140acff-7aed-42b1-955f-393a22e760fa-groupManagement] INFO  server.RaftServerConfigKeys (ConfUtils.java:logGet(46)) - raft.server.snapshot.auto.trigger.threshold = 10000 (custom)
2023-06-02 05:15:29,393 [f140acff-7aed-42b1-955f-393a22e760fa-groupManagement] INFO  server.RaftServerConfigKeys (ConfUtils.java:logGet(46)) - raft.server.snapshot.retention.file.num = 5 (custom)
2023-06-02 05:15:29,393 [f140acff-7aed-42b1-955f-393a22e760fa-groupManagement] INFO  server.RaftServerConfigKeys (ConfUtils.java:logGet(46)) - raft.server.log.purge.upto.snapshot.index = false (default)
2023-06-02 05:15:29,394 [f140acff-7aed-42b1-955f-393a22e760fa@group-E8BF24B615D5-FollowerState] INFO  server.RaftServerConfigKeys (ConfUtils.java:logFallback(53)) - raft.server.rpc.first-election.timeout.min = 5s (fallback to raft.server.rpc.timeout.min)
2023-06-02 05:15:29,400 [f140acff-7aed-42b1-955f-393a22e760fa@group-E8BF24B615D5-FollowerState] INFO  server.RaftServerConfigKeys (ConfUtils.java:logFallback(53)) - raft.server.rpc.first-election.timeout.max = 5200ms (fallback to raft.server.rpc.timeout.max)
2023-06-02 05:15:29,398 [f140acff-7aed-42b1-955f-393a22e760fa-groupManagement] INFO  server.RaftServer$Division (RaftServerImpl.java:<init>(198)) - f140acff-7aed-42b1-955f-393a22e760fa: new RaftServerImpl for group-48D23DEC67B1:[f140acff-7aed-42b1-955f-393a22e760fa|rpc:10.1.74.1:15032|admin:10.1.74.1:15031|client:10.1.74.1:15030|dataStream:10.1.74.1:15033|priority:1|startupRole:FOLLOWER] with ContainerStateMachine:uninitialized
2023-06-02 05:15:29,400 [f140acff-7aed-42b1-955f-393a22e760fa-groupManagement] INFO  server.RaftServerConfigKeys (ConfUtils.java:logGet(46)) - raft.server.rpc.timeout.min = 5s (custom)
2023-06-02 05:15:29,400 [f140acff-7aed-42b1-955f-393a22e760fa-groupManagement] INFO  server.RaftServerConfigKeys (ConfUtils.java:logGet(46)) - raft.server.rpc.timeout.max = 5200ms (custom)
2023-06-02 05:15:29,400 [f140acff-7aed-42b1-955f-393a22e760fa-groupManagement] INFO  server.RaftServerConfigKeys (ConfUtils.java:logGet(46)) - raft.server.rpc.sleep.time = 25ms (default)
2023-06-02 05:15:29,400 [f140acff-7aed-42b1-955f-393a22e760fa-groupManagement] INFO  server.RaftServerConfigKeys (ConfUtils.java:logGet(46)) - raft.server.rpc.slowness.timeout = 300s (custom)
2023-06-02 05:15:29,401 [f140acff-7aed-42b1-955f-393a22e760fa-groupManagement] INFO  server.RaftServerConfigKeys (ConfUtils.java:logGet(46)) - raft.server.leaderelection.leader.step-down.wait-time = 10s (default)
2023-06-02 05:15:29,401 [f140acff-7aed-42b1-955f-393a22e760fa-groupManagement] INFO  server.RaftServerConfigKeys (ConfUtils.java:logGet(46)) - raft.server.sleep.deviation.threshold = 300ms (default)
2023-06-02 05:15:29,401 [f140acff-7aed-42b1-955f-393a22e760fa-groupManagement] INFO  server.RaftServer$Division (ServerState.java:<init>(120)) - f140acff-7aed-42b1-955f-393a22e760fa@group-48D23DEC67B1: ConfigurationManager, init=-1: peers:[f140acff-7aed-42b1-955f-393a22e760fa|rpc:10.1.74.1:15032|admin:10.1.74.1:15031|client:10.1.74.1:15030|dataStream:10.1.74.1:15033|priority:1|startupRole:FOLLOWER]|listeners:[], old=null, confs=<EMPTY_MAP>
2023-06-02 05:15:29,404 [f140acff-7aed-42b1-955f-393a22e760fa-groupManagement] INFO  server.RaftServerConfigKeys (ConfUtils.java:logGet(46)) - raft.server.storage.dir = [/home/runner/work/ozone/ozone/hadoop-ozone/integration-test/target/test-dir/MiniOzoneClusterImpl-4e6c5432-da36-405d-b7f1-05871ead9573/datanode-2/data/ratis] (custom)
2023-06-02 05:15:29,405 [f140acff-7aed-42b1-955f-393a22e760fa-groupManagement] INFO  server.RaftServerConfigKeys (ConfUtils.java:logGet(46)) - raft.server.log.corruption.policy = EXCEPTION (default)
2023-06-02 05:15:29,405 [f140acff-7aed-42b1-955f-393a22e760fa-groupManagement] INFO  server.RaftServerConfigKeys (ConfUtils.java:logGet(46)) - raft.server.storage.free-space.min = 0MB (=0) (default)
2023-06-02 05:15:29,405 [f140acff-7aed-42b1-955f-393a22e760fa-groupManagement] INFO  server.RaftServerConfigKeys (ConfUtils.java:logGet(46)) - raft.server.notification.no-leader.timeout = 300s (custom)
2023-06-02 05:15:29,405 [f140acff-7aed-42b1-955f-393a22e760fa-groupManagement] INFO  server.RaftServerConfigKeys (ConfUtils.java:logGet(46)) - raft.server.read.timeout = 10s (default)
2023-06-02 05:15:29,405 [f140acff-7aed-42b1-955f-393a22e760fa-groupManagement] INFO  server.RaftServerConfigKeys (ConfUtils.java:logGet(46)) - raft.server.retrycache.expirytime = 600000ms (custom)
2023-06-02 05:15:29,405 [f140acff-7aed-42b1-955f-393a22e760fa-groupManagement] INFO  server.RaftServerConfigKeys (ConfUtils.java:logGet(46)) - raft.server.retrycache.statistics.expirytime = 100μs (default)
2023-06-02 05:15:29,405 [f140acff-7aed-42b1-955f-393a22e760fa-groupManagement] INFO  server.RaftServerConfigKeys (ConfUtils.java:logGet(46)) - raft.server.read.option = DEFAULT (default)
2023-06-02 05:15:29,407 [f140acff-7aed-42b1-955f-393a22e760fa-groupManagement] INFO  server.RaftServerConfigKeys (ConfUtils.java:logGet(46)) - raft.server.rpc.request.timeout = 60s (custom)
2023-06-02 05:15:29,407 [f140acff-7aed-42b1-955f-393a22e760fa-groupManagement] INFO  server.RaftServerConfigKeys (ConfUtils.java:logGet(46)) - raft.server.log.appender.install.snapshot.enabled = false (custom)
2023-06-02 05:15:29,407 [f140acff-7aed-42b1-955f-393a22e760fa-groupManagement] INFO  server.RaftServerConfigKeys (ConfUtils.java:logGet(46)) - raft.server.threadpool.server.cached = true (default)
2023-06-02 05:15:29,407 [f140acff-7aed-42b1-955f-393a22e760fa-groupManagement] INFO  server.RaftServerConfigKeys (ConfUtils.java:logGet(46)) - raft.server.threadpool.server.size = 0 (default)
2023-06-02 05:15:29,407 [f140acff-7aed-42b1-955f-393a22e760fa-groupManagement] INFO  server.RaftServerConfigKeys (ConfUtils.java:logGet(46)) - raft.server.threadpool.client.cached = true (default)
2023-06-02 05:15:29,407 [f140acff-7aed-42b1-955f-393a22e760fa-groupManagement] INFO  server.RaftServerConfigKeys (ConfUtils.java:logGet(46)) - raft.server.threadpool.client.size = 0 (default)
2023-06-02 05:15:29,408 [f140acff-7aed-42b1-955f-393a22e760fa-groupManagement] INFO  storage.RaftStorageDirectory (RaftStorageDirectoryImpl.java:analyzeStorage(137)) - The storage directory /home/runner/work/ozone/ozone/hadoop-ozone/integration-test/target/test-dir/MiniOzoneClusterImpl-4e6c5432-da36-405d-b7f1-05871ead9573/datanode-2/data/ratis/35bb2462-c4b7-477a-94e3-48d23dec67b1 does not exist. Creating ...
2023-06-02 05:15:29,414 [f140acff-7aed-42b1-955f-393a22e760fa-groupManagement] INFO  storage.RaftStorageDirectory (RaftStorageDirectoryImpl.java:tryLock(231)) - Lock on /home/runner/work/ozone/ozone/hadoop-ozone/integration-test/target/test-dir/MiniOzoneClusterImpl-4e6c5432-da36-405d-b7f1-05871ead9573/datanode-2/data/ratis/35bb2462-c4b7-477a-94e3-48d23dec67b1/in_use.lock acquired by nodename 65026@fv-az628-647
2023-06-02 05:15:29,419 [f140acff-7aed-42b1-955f-393a22e760fa-groupManagement] INFO  storage.RaftStorage (RaftStorageImpl.java:format(96)) - Storage directory /home/runner/work/ozone/ozone/hadoop-ozone/integration-test/target/test-dir/MiniOzoneClusterImpl-4e6c5432-da36-405d-b7f1-05871ead9573/datanode-2/data/ratis/35bb2462-c4b7-477a-94e3-48d23dec67b1 has been successfully formatted.
2023-06-02 05:15:29,420 [f140acff-7aed-42b1-955f-393a22e760fa-groupManagement] INFO  ratis.ContainerStateMachine (ContainerStateMachine.java:loadSnapshot(262)) - group-48D23DEC67B1: The snapshot info is null. Setting the last applied indexto:(t:0, i:~)
2023-06-02 05:15:29,420 [f140acff-7aed-42b1-955f-393a22e760fa-groupManagement] INFO  server.RaftServerConfigKeys (ConfUtils.java:logGet(46)) - raft.server.log.use.memory = false (default)
2023-06-02 05:15:29,420 [f140acff-7aed-42b1-955f-393a22e760fa-groupManagement] INFO  server.RaftServerConfigKeys (ConfUtils.java:logGet(46)) - raft.server.log.purge.gap = 1000000 (custom)
2023-06-02 05:15:29,420 [f140acff-7aed-42b1-955f-393a22e760fa-groupManagement] INFO  server.RaftServerConfigKeys (ConfUtils.java:logGet(46)) - raft.server.log.appender.buffer.byte-limit = 33554432 (custom)
2023-06-02 05:15:29,420 [f140acff-7aed-42b1-955f-393a22e760fa-groupManagement] INFO  server.RaftServerConfigKeys (ConfUtils.java:logGet(46)) - raft.server.log.statemachine.data.read.timeout = 1000ms (default)
2023-06-02 05:15:29,420 [f140acff-7aed-42b1-955f-393a22e760fa-groupManagement] INFO  server.RaftServerConfigKeys (ConfUtils.java:logGet(46)) - raft.server.log.purge.preservation.log.num = 0 (default)
2023-06-02 05:15:29,421 [f140acff-7aed-42b1-955f-393a22e760fa-groupManagement] INFO  server.RaftServerConfigKeys (ConfUtils.java:logGet(46)) - raft.server.log.segment.size.max = 1048576 (custom)
2023-06-02 05:15:29,430 [EventQueue-PipelineReportForPipelineReportHandler] INFO  pipeline.PipelineManagerImpl (PipelineManagerImpl.java:openPipeline(367)) - Pipeline Pipeline[ Id: 35bb2462-c4b7-477a-94e3-48d23dec67b1, Nodes: f140acff-7aed-42b1-955f-393a22e760fa(fv-az628-647/10.1.74.1), ReplicationConfig: RATIS/ONE, State:ALLOCATED, leaderId:f140acff-7aed-42b1-955f-393a22e760fa, CreationTimestamp2023-06-02T05:15:26.383Z[Etc/UTC]] moved to OPEN state
2023-06-02 05:15:29,431 [f140acff-7aed-42b1-955f-393a22e760fa-groupManagement] INFO  server.RaftServerConfigKeys (ConfUtils.java:logGet(46)) - raft.server.log.segment.cache.num.max = 2 (custom)
2023-06-02 05:15:29,431 [f140acff-7aed-42b1-955f-393a22e760fa-groupManagement] INFO  server.RaftServerConfigKeys (ConfUtils.java:logGet(46)) - raft.server.log.segment.cache.size.max = 200MB (=209715200) (default)
2023-06-02 05:15:29,431 [f140acff-7aed-42b1-955f-393a22e760fa-groupManagement] INFO  server.RaftServerConfigKeys (ConfUtils.java:logGet(46)) - raft.server.log.appender.buffer.byte-limit = 33554432 (custom)
2023-06-02 05:15:29,431 [f140acff-7aed-42b1-955f-393a22e760fa-groupManagement] INFO  segmented.SegmentedRaftLogWorker (SegmentedRaftLogWorker.java:<init>(188)) - new f140acff-7aed-42b1-955f-393a22e760fa@group-48D23DEC67B1-SegmentedRaftLogWorker for RaftStorageImpl:Storage Directory /home/runner/work/ozone/ozone/hadoop-ozone/integration-test/target/test-dir/MiniOzoneClusterImpl-4e6c5432-da36-405d-b7f1-05871ead9573/datanode-2/data/ratis/35bb2462-c4b7-477a-94e3-48d23dec67b1
2023-06-02 05:15:29,431 [f140acff-7aed-42b1-955f-393a22e760fa-groupManagement] INFO  server.RaftServerConfigKeys (ConfUtils.java:logGet(46)) - raft.server.log.queue.byte-limit = 4294967296 (custom)
2023-06-02 05:15:29,431 [f140acff-7aed-42b1-955f-393a22e760fa-groupManagement] INFO  server.RaftServerConfigKeys (ConfUtils.java:logGet(46)) - raft.server.log.queue.element-limit = 1024 (custom)
2023-06-02 05:15:29,432 [f140acff-7aed-42b1-955f-393a22e760fa-groupManagement] INFO  server.RaftServerConfigKeys (ConfUtils.java:logGet(46)) - raft.server.log.segment.size.max = 1048576 (custom)
2023-06-02 05:15:29,432 [f140acff-7aed-42b1-955f-393a22e760fa-groupManagement] INFO  server.RaftServerConfigKeys (ConfUtils.java:logGet(46)) - raft.server.log.preallocated.size = 16384 (custom)
2023-06-02 05:15:29,432 [f140acff-7aed-42b1-955f-393a22e760fa-groupManagement] INFO  server.RaftServerConfigKeys (ConfUtils.java:logGet(46)) - raft.server.log.force.sync.num = 128 (default)
2023-06-02 05:15:29,432 [f140acff-7aed-42b1-955f-393a22e760fa-groupManagement] INFO  server.RaftServerConfigKeys (ConfUtils.java:logGet(46)) - raft.server.log.statemachine.data.sync = true (default)
2023-06-02 05:15:29,432 [f140acff-7aed-42b1-955f-393a22e760fa-groupManagement] INFO  server.RaftServerConfigKeys (ConfUtils.java:logGet(46)) - raft.server.log.statemachine.data.sync.timeout = 10s (default)
2023-06-02 05:15:29,432 [f140acff-7aed-42b1-955f-393a22e760fa-groupManagement] INFO  server.RaftServerConfigKeys (ConfUtils.java:logGet(46)) - raft.server.log.statemachine.data.sync.timeout.retry = -1 (default)
2023-06-02 05:15:29,431 [EventQueue-OpenPipelineForHealthyPipelineSafeModeRule] INFO  safemode.SCMSafeModeManager (HealthyPipelineSafeModeRule.java:process(137)) - SCM in safe mode. Healthy pipelines reported count is 0, required healthy pipeline reported count is 1
2023-06-02 05:15:29,447 [f140acff-7aed-42b1-955f-393a22e760fa-groupManagement] INFO  server.RaftServerConfigKeys (ConfUtils.java:logGet(46)) - raft.server.log.write.buffer.size = 1048576 (custom)
2023-06-02 05:15:29,450 [f140acff-7aed-42b1-955f-393a22e760fa-groupManagement] INFO  server.RaftServerConfigKeys (ConfUtils.java:logGet(46)) - raft.server.log.appender.buffer.byte-limit = 33554432 (custom)
2023-06-02 05:15:29,462 [f140acff-7aed-42b1-955f-393a22e760fa-groupManagement] INFO  server.RaftServerConfigKeys (ConfUtils.java:logGet(46)) - raft.server.log.unsafe-flush.enabled = false (default)
2023-06-02 05:15:29,462 [f140acff-7aed-42b1-955f-393a22e760fa-groupManagement] INFO  server.RaftServerConfigKeys (ConfUtils.java:logGet(46)) - raft.server.log.async-flush.enabled = false (default)
2023-06-02 05:15:29,462 [f140acff-7aed-42b1-955f-393a22e760fa-groupManagement] INFO  server.RaftServerConfigKeys (ConfUtils.java:logGet(46)) - raft.server.log.statemachine.data.caching.enabled = true (custom)
2023-06-02 05:15:29,462 [f140acff-7aed-42b1-955f-393a22e760fa-groupManagement] INFO  segmented.SegmentedRaftLogWorker (SegmentedRaftLogWorker.java:lambda$new$0(135)) - f140acff-7aed-42b1-955f-393a22e760fa@group-48D23DEC67B1-SegmentedRaftLogWorker: flushIndex: setUnconditionally 0 -> -1
2023-06-02 05:15:29,462 [f140acff-7aed-42b1-955f-393a22e760fa-groupManagement] INFO  segmented.SegmentedRaftLogWorker (SegmentedRaftLogWorker.java:lambda$new$0(135)) - f140acff-7aed-42b1-955f-393a22e760fa@group-48D23DEC67B1-SegmentedRaftLogWorker: safeCacheEvictIndex: setUnconditionally 0 -> -1
2023-06-02 05:15:29,463 [f140acff-7aed-42b1-955f-393a22e760fa-groupManagement] INFO  server.RaftServer$Division (RaftServerImpl.java:start(342)) - f140acff-7aed-42b1-955f-393a22e760fa@group-48D23DEC67B1: start as a follower, conf=-1: peers:[f140acff-7aed-42b1-955f-393a22e760fa|rpc:10.1.74.1:15032|admin:10.1.74.1:15031|client:10.1.74.1:15030|dataStream:10.1.74.1:15033|priority:1|startupRole:FOLLOWER]|listeners:[], old=null
2023-06-02 05:15:29,463 [f140acff-7aed-42b1-955f-393a22e760fa-groupManagement] INFO  server.RaftServer$Division (RaftServerImpl.java:setRole(329)) - f140acff-7aed-42b1-955f-393a22e760fa@group-48D23DEC67B1: changes role from      null to FOLLOWER at term 0 for startAsFollower
2023-06-02 05:15:29,463 [f140acff-7aed-42b1-955f-393a22e760fa-groupManagement] INFO  impl.RoleInfo (RoleInfo.java:updateAndGet(139)) - f140acff-7aed-42b1-955f-393a22e760fa: start f140acff-7aed-42b1-955f-393a22e760fa@group-48D23DEC67B1-FollowerState
2023-06-02 05:15:29,463 [f140acff-7aed-42b1-955f-393a22e760fa@group-48D23DEC67B1-FollowerState] INFO  server.RaftServerConfigKeys (ConfUtils.java:logFallback(53)) - raft.server.rpc.first-election.timeout.min = 5s (fallback to raft.server.rpc.timeout.min)
2023-06-02 05:15:29,463 [f140acff-7aed-42b1-955f-393a22e760fa@group-48D23DEC67B1-FollowerState] INFO  server.RaftServerConfigKeys (ConfUtils.java:logFallback(53)) - raft.server.rpc.first-election.timeout.max = 5200ms (fallback to raft.server.rpc.timeout.max)
2023-06-02 05:15:29,466 [f140acff-7aed-42b1-955f-393a22e760fa-groupManagement] INFO  util.JmxRegister (JmxRegister.java:tryRegister(44)) - Successfully registered JMX Bean with object name Ratis:service=RaftServer,group=group-48D23DEC67B1,id=f140acff-7aed-42b1-955f-393a22e760fa
2023-06-02 05:15:29,466 [f140acff-7aed-42b1-955f-393a22e760fa-groupManagement] INFO  server.RaftServerConfigKeys (ConfUtils.java:logGet(46)) - raft.server.snapshot.auto.trigger.enabled = true (custom)
2023-06-02 05:15:29,466 [f140acff-7aed-42b1-955f-393a22e760fa-groupManagement] INFO  server.RaftServerConfigKeys (ConfUtils.java:logGet(46)) - raft.server.snapshot.auto.trigger.threshold = 10000 (custom)
2023-06-02 05:15:29,466 [f140acff-7aed-42b1-955f-393a22e760fa-groupManagement] INFO  server.RaftServerConfigKeys (ConfUtils.java:logGet(46)) - raft.server.snapshot.retention.file.num = 5 (custom)
2023-06-02 05:15:29,466 [f140acff-7aed-42b1-955f-393a22e760fa-groupManagement] INFO  server.RaftServerConfigKeys (ConfUtils.java:logGet(46)) - raft.server.log.purge.upto.snapshot.index = false (default)
2023-06-02 05:15:29,472 [PipelineCommandHandlerThread-0] INFO  ratis.XceiverServerRatis (XceiverServerRatis.java:addGroup(804)) - Created group PipelineID=35bb2462-c4b7-477a-94e3-48d23dec67b1
2023-06-02 05:15:29,472 [PipelineCommandHandlerThread-0] INFO  commandhandler.CreatePipelineCommandHandler (CreatePipelineCommandHandler.java:lambda$handle$2(124)) - Created Pipeline RATIS ONE PipelineID=35bb2462-c4b7-477a-94e3-48d23dec67b1.
2023-06-02 05:15:29,473 [PipelineCommandHandlerThread-0] INFO  server.RaftServer (RaftServerProxy.java:addNew(98)) - f140acff-7aed-42b1-955f-393a22e760fa: addNew group-A3FCDCC912B4:[f140acff-7aed-42b1-955f-393a22e760fa|rpc:10.1.74.1:15032|admin:10.1.74.1:15031|client:10.1.74.1:15030|dataStream:10.1.74.1:15033|priority:1|startupRole:FOLLOWER, 21bba47c-9d70-4b1d-8693-1fcc7960d534|rpc:10.1.74.1:15023|admin:10.1.74.1:15022|client:10.1.74.1:15021|dataStream:10.1.74.1:15024|priority:0|startupRole:FOLLOWER, f102c20d-579f-44a7-9197-f839bb943261|rpc:10.1.74.1:15014|admin:10.1.74.1:15013|client:10.1.74.1:15012|dataStream:10.1.74.1:15015|priority:0|startupRole:FOLLOWER] returns group-A3FCDCC912B4:java.util.concurrent.CompletableFuture@503a1636[Not completed]
2023-06-02 05:15:29,474 [f140acff-7aed-42b1-955f-393a22e760fa-groupManagement] INFO  server.RaftServer$Division (RaftServerImpl.java:<init>(198)) - f140acff-7aed-42b1-955f-393a22e760fa: new RaftServerImpl for group-A3FCDCC912B4:[f140acff-7aed-42b1-955f-393a22e760fa|rpc:10.1.74.1:15032|admin:10.1.74.1:15031|client:10.1.74.1:15030|dataStream:10.1.74.1:15033|priority:1|startupRole:FOLLOWER, 21bba47c-9d70-4b1d-8693-1fcc7960d534|rpc:10.1.74.1:15023|admin:10.1.74.1:15022|client:10.1.74.1:15021|dataStream:10.1.74.1:15024|priority:0|startupRole:FOLLOWER, f102c20d-579f-44a7-9197-f839bb943261|rpc:10.1.74.1:15014|admin:10.1.74.1:15013|client:10.1.74.1:15012|dataStream:10.1.74.1:15015|priority:0|startupRole:FOLLOWER] with ContainerStateMachine:uninitialized
2023-06-02 05:15:29,474 [f140acff-7aed-42b1-955f-393a22e760fa-groupManagement] INFO  server.RaftServerConfigKeys (ConfUtils.java:logGet(46)) - raft.server.rpc.timeout.min = 5s (custom)
2023-06-02 05:15:29,474 [f140acff-7aed-42b1-955f-393a22e760fa-groupManagement] INFO  server.RaftServerConfigKeys (ConfUtils.java:logGet(46)) - raft.server.rpc.timeout.max = 5200ms (custom)
2023-06-02 05:15:29,474 [f140acff-7aed-42b1-955f-393a22e760fa-groupManagement] INFO  server.RaftServerConfigKeys (ConfUtils.java:logGet(46)) - raft.server.rpc.sleep.time = 25ms (default)
2023-06-02 05:15:29,474 [f140acff-7aed-42b1-955f-393a22e760fa-groupManagement] INFO  server.RaftServerConfigKeys (ConfUtils.java:logGet(46)) - raft.server.rpc.slowness.timeout = 300s (custom)
2023-06-02 05:15:29,474 [f140acff-7aed-42b1-955f-393a22e760fa-groupManagement] INFO  server.RaftServerConfigKeys (ConfUtils.java:logGet(46)) - raft.server.leaderelection.leader.step-down.wait-time = 10s (default)
2023-06-02 05:15:29,474 [f140acff-7aed-42b1-955f-393a22e760fa-groupManagement] INFO  server.RaftServerConfigKeys (ConfUtils.java:logGet(46)) - raft.server.sleep.deviation.threshold = 300ms (default)
2023-06-02 05:15:29,474 [f140acff-7aed-42b1-955f-393a22e760fa-groupManagement] INFO  server.RaftServer$Division (ServerState.java:<init>(120)) - f140acff-7aed-42b1-955f-393a22e760fa@group-A3FCDCC912B4: ConfigurationManager, init=-1: peers:[f140acff-7aed-42b1-955f-393a22e760fa|rpc:10.1.74.1:15032|admin:10.1.74.1:15031|client:10.1.74.1:15030|dataStream:10.1.74.1:15033|priority:1|startupRole:FOLLOWER, 21bba47c-9d70-4b1d-8693-1fcc7960d534|rpc:10.1.74.1:15023|admin:10.1.74.1:15022|client:10.1.74.1:15021|dataStream:10.1.74.1:15024|priority:0|startupRole:FOLLOWER, f102c20d-579f-44a7-9197-f839bb943261|rpc:10.1.74.1:15014|admin:10.1.74.1:15013|client:10.1.74.1:15012|dataStream:10.1.74.1:15015|priority:0|startupRole:FOLLOWER]|listeners:[], old=null, confs=<EMPTY_MAP>
2023-06-02 05:15:29,475 [f140acff-7aed-42b1-955f-393a22e760fa-groupManagement] INFO  server.RaftServerConfigKeys (ConfUtils.java:logGet(46)) - raft.server.storage.dir = [/home/runner/work/ozone/ozone/hadoop-ozone/integration-test/target/test-dir/MiniOzoneClusterImpl-4e6c5432-da36-405d-b7f1-05871ead9573/datanode-2/data/ratis] (custom)
2023-06-02 05:15:29,475 [f140acff-7aed-42b1-955f-393a22e760fa-groupManagement] INFO  server.RaftServerConfigKeys (ConfUtils.java:logGet(46)) - raft.server.log.corruption.policy = EXCEPTION (default)
2023-06-02 05:15:29,475 [f140acff-7aed-42b1-955f-393a22e760fa-groupManagement] INFO  server.RaftServerConfigKeys (ConfUtils.java:logGet(46)) - raft.server.storage.free-space.min = 0MB (=0) (default)
2023-06-02 05:15:29,475 [f140acff-7aed-42b1-955f-393a22e760fa-groupManagement] INFO  server.RaftServerConfigKeys (ConfUtils.java:logGet(46)) - raft.server.notification.no-leader.timeout = 300s (custom)
2023-06-02 05:15:29,475 [f140acff-7aed-42b1-955f-393a22e760fa-groupManagement] INFO  server.RaftServerConfigKeys (ConfUtils.java:logGet(46)) - raft.server.read.timeout = 10s (default)
2023-06-02 05:15:29,475 [f140acff-7aed-42b1-955f-393a22e760fa-groupManagement] INFO  server.RaftServerConfigKeys (ConfUtils.java:logGet(46)) - raft.server.retrycache.expirytime = 600000ms (custom)
2023-06-02 05:15:29,475 [f140acff-7aed-42b1-955f-393a22e760fa-groupManagement] INFO  server.RaftServerConfigKeys (ConfUtils.java:logGet(46)) - raft.server.retrycache.statistics.expirytime = 100μs (default)
2023-06-02 05:15:29,475 [f140acff-7aed-42b1-955f-393a22e760fa-groupManagement] INFO  server.RaftServerConfigKeys (ConfUtils.java:logGet(46)) - raft.server.read.option = DEFAULT (default)
2023-06-02 05:15:29,480 [f140acff-7aed-42b1-955f-393a22e760fa-groupManagement] INFO  server.RaftServerConfigKeys (ConfUtils.java:logGet(46)) - raft.server.rpc.request.timeout = 60s (custom)
2023-06-02 05:15:29,480 [f140acff-7aed-42b1-955f-393a22e760fa-groupManagement] INFO  server.RaftServerConfigKeys (ConfUtils.java:logGet(46)) - raft.server.log.appender.install.snapshot.enabled = false (custom)
2023-06-02 05:15:29,480 [f140acff-7aed-42b1-955f-393a22e760fa-groupManagement] INFO  server.RaftServerConfigKeys (ConfUtils.java:logGet(46)) - raft.server.threadpool.server.cached = true (default)
2023-06-02 05:15:29,480 [f140acff-7aed-42b1-955f-393a22e760fa-groupManagement] INFO  server.RaftServerConfigKeys (ConfUtils.java:logGet(46)) - raft.server.threadpool.server.size = 0 (default)
2023-06-02 05:15:29,480 [f140acff-7aed-42b1-955f-393a22e760fa-groupManagement] INFO  server.RaftServerConfigKeys (ConfUtils.java:logGet(46)) - raft.server.threadpool.client.cached = true (default)
2023-06-02 05:15:29,480 [f140acff-7aed-42b1-955f-393a22e760fa-groupManagement] INFO  server.RaftServerConfigKeys (ConfUtils.java:logGet(46)) - raft.server.threadpool.client.size = 0 (default)
2023-06-02 05:15:29,480 [f140acff-7aed-42b1-955f-393a22e760fa-groupManagement] INFO  storage.RaftStorageDirectory (RaftStorageDirectoryImpl.java:analyzeStorage(137)) - The storage directory /home/runner/work/ozone/ozone/hadoop-ozone/integration-test/target/test-dir/MiniOzoneClusterImpl-4e6c5432-da36-405d-b7f1-05871ead9573/datanode-2/data/ratis/fe6d5e3d-8cf4-48d0-a6b4-a3fcdcc912b4 does not exist. Creating ...
2023-06-02 05:15:29,482 [f140acff-7aed-42b1-955f-393a22e760fa-groupManagement] INFO  storage.RaftStorageDirectory (RaftStorageDirectoryImpl.java:tryLock(231)) - Lock on /home/runner/work/ozone/ozone/hadoop-ozone/integration-test/target/test-dir/MiniOzoneClusterImpl-4e6c5432-da36-405d-b7f1-05871ead9573/datanode-2/data/ratis/fe6d5e3d-8cf4-48d0-a6b4-a3fcdcc912b4/in_use.lock acquired by nodename 65026@fv-az628-647
2023-06-02 05:15:29,485 [f140acff-7aed-42b1-955f-393a22e760fa-groupManagement] INFO  storage.RaftStorage (RaftStorageImpl.java:format(96)) - Storage directory /home/runner/work/ozone/ozone/hadoop-ozone/integration-test/target/test-dir/MiniOzoneClusterImpl-4e6c5432-da36-405d-b7f1-05871ead9573/datanode-2/data/ratis/fe6d5e3d-8cf4-48d0-a6b4-a3fcdcc912b4 has been successfully formatted.
2023-06-02 05:15:29,489 [f140acff-7aed-42b1-955f-393a22e760fa-groupManagement] INFO  ratis.ContainerStateMachine (ContainerStateMachine.java:loadSnapshot(262)) - group-A3FCDCC912B4: The snapshot info is null. Setting the last applied indexto:(t:0, i:~)
2023-06-02 05:15:29,489 [f140acff-7aed-42b1-955f-393a22e760fa-groupManagement] INFO  server.RaftServerConfigKeys (ConfUtils.java:logGet(46)) - raft.server.log.use.memory = false (default)
2023-06-02 05:15:29,491 [f140acff-7aed-42b1-955f-393a22e760fa-groupManagement] INFO  server.RaftServerConfigKeys (ConfUtils.java:logGet(46)) - raft.server.log.purge.gap = 1000000 (custom)
2023-06-02 05:15:29,491 [f140acff-7aed-42b1-955f-393a22e760fa-groupManagement] INFO  server.RaftServerConfigKeys (ConfUtils.java:logGet(46)) - raft.server.log.appender.buffer.byte-limit = 33554432 (custom)
2023-06-02 05:15:29,491 [f140acff-7aed-42b1-955f-393a22e760fa-groupManagement] INFO  server.RaftServerConfigKeys (ConfUtils.java:logGet(46)) - raft.server.log.statemachine.data.read.timeout = 1000ms (default)
2023-06-02 05:15:29,491 [f140acff-7aed-42b1-955f-393a22e760fa-groupManagement] INFO  server.RaftServerConfigKeys (ConfUtils.java:logGet(46)) - raft.server.log.purge.preservation.log.num = 0 (default)
2023-06-02 05:15:29,492 [f140acff-7aed-42b1-955f-393a22e760fa-groupManagement] INFO  server.RaftServerConfigKeys (ConfUtils.java:logGet(46)) - raft.server.log.segment.size.max = 1048576 (custom)
2023-06-02 05:15:29,493 [f140acff-7aed-42b1-955f-393a22e760fa-groupManagement] INFO  server.RaftServerConfigKeys (ConfUtils.java:logGet(46)) - raft.server.log.segment.cache.num.max = 2 (custom)
2023-06-02 05:15:29,493 [f140acff-7aed-42b1-955f-393a22e760fa-groupManagement] INFO  server.RaftServerConfigKeys (ConfUtils.java:logGet(46)) - raft.server.log.segment.cache.size.max = 200MB (=209715200) (default)
2023-06-02 05:15:29,493 [f140acff-7aed-42b1-955f-393a22e760fa-groupManagement] INFO  server.RaftServerConfigKeys (ConfUtils.java:logGet(46)) - raft.server.log.appender.buffer.byte-limit = 33554432 (custom)
2023-06-02 05:15:29,493 [f140acff-7aed-42b1-955f-393a22e760fa-groupManagement] INFO  segmented.SegmentedRaftLogWorker (SegmentedRaftLogWorker.java:<init>(188)) - new f140acff-7aed-42b1-955f-393a22e760fa@group-A3FCDCC912B4-SegmentedRaftLogWorker for RaftStorageImpl:Storage Directory /home/runner/work/ozone/ozone/hadoop-ozone/integration-test/target/test-dir/MiniOzoneClusterImpl-4e6c5432-da36-405d-b7f1-05871ead9573/datanode-2/data/ratis/fe6d5e3d-8cf4-48d0-a6b4-a3fcdcc912b4
2023-06-02 05:15:29,493 [f140acff-7aed-42b1-955f-393a22e760fa-groupManagement] INFO  server.RaftServerConfigKeys (ConfUtils.java:logGet(46)) - raft.server.log.queue.byte-limit = 4294967296 (custom)
2023-06-02 05:15:29,493 [f140acff-7aed-42b1-955f-393a22e760fa-groupManagement] INFO  server.RaftServerConfigKeys (ConfUtils.java:logGet(46)) - raft.server.log.queue.element-limit = 1024 (custom)
2023-06-02 05:15:29,493 [f140acff-7aed-42b1-955f-393a22e760fa-groupManagement] INFO  server.RaftServerConfigKeys (ConfUtils.java:logGet(46)) - raft.server.log.segment.size.max = 1048576 (custom)
2023-06-02 05:15:29,493 [f140acff-7aed-42b1-955f-393a22e760fa-groupManagement] INFO  server.RaftServerConfigKeys (ConfUtils.java:logGet(46)) - raft.server.log.preallocated.size = 16384 (custom)
2023-06-02 05:15:29,493 [f140acff-7aed-42b1-955f-393a22e760fa-groupManagement] INFO  server.RaftServerConfigKeys (ConfUtils.java:logGet(46)) - raft.server.log.force.sync.num = 128 (default)
2023-06-02 05:15:29,493 [f140acff-7aed-42b1-955f-393a22e760fa-groupManagement] INFO  server.RaftServerConfigKeys (ConfUtils.java:logGet(46)) - raft.server.log.statemachine.data.sync = true (default)
2023-06-02 05:15:29,493 [f140acff-7aed-42b1-955f-393a22e760fa-groupManagement] INFO  server.RaftServerConfigKeys (ConfUtils.java:logGet(46)) - raft.server.log.statemachine.data.sync.timeout = 10s (default)
2023-06-02 05:15:29,494 [f140acff-7aed-42b1-955f-393a22e760fa-groupManagement] INFO  server.RaftServerConfigKeys (ConfUtils.java:logGet(46)) - raft.server.log.statemachine.data.sync.timeout.retry = -1 (default)
2023-06-02 05:15:29,497 [EventQueue-OpenPipelineForHealthyPipelineSafeModeRule] INFO  safemode.SCMSafeModeManager (HealthyPipelineSafeModeRule.java:process(137)) - SCM in safe mode. Healthy pipelines reported count is 0, required healthy pipeline reported count is 1
2023-06-02 05:15:29,518 [f140acff-7aed-42b1-955f-393a22e760fa-groupManagement] INFO  server.RaftServerConfigKeys (ConfUtils.java:logGet(46)) - raft.server.log.write.buffer.size = 1048576 (custom)
2023-06-02 05:15:29,521 [f140acff-7aed-42b1-955f-393a22e760fa-groupManagement] INFO  server.RaftServerConfigKeys (ConfUtils.java:logGet(46)) - raft.server.log.appender.buffer.byte-limit = 33554432 (custom)
2023-06-02 05:15:29,539 [f140acff-7aed-42b1-955f-393a22e760fa-groupManagement] INFO  server.RaftServerConfigKeys (ConfUtils.java:logGet(46)) - raft.server.log.unsafe-flush.enabled = false (default)
2023-06-02 05:15:29,539 [f140acff-7aed-42b1-955f-393a22e760fa-groupManagement] INFO  server.RaftServerConfigKeys (ConfUtils.java:logGet(46)) - raft.server.log.async-flush.enabled = false (default)
2023-06-02 05:15:29,539 [f140acff-7aed-42b1-955f-393a22e760fa-groupManagement] INFO  server.RaftServerConfigKeys (ConfUtils.java:logGet(46)) - raft.server.log.statemachine.data.caching.enabled = true (custom)
2023-06-02 05:15:29,540 [f140acff-7aed-42b1-955f-393a22e760fa-groupManagement] INFO  segmented.SegmentedRaftLogWorker (SegmentedRaftLogWorker.java:lambda$new$0(135)) - f140acff-7aed-42b1-955f-393a22e760fa@group-A3FCDCC912B4-SegmentedRaftLogWorker: flushIndex: setUnconditionally 0 -> -1
2023-06-02 05:15:29,540 [f140acff-7aed-42b1-955f-393a22e760fa-groupManagement] INFO  segmented.SegmentedRaftLogWorker (SegmentedRaftLogWorker.java:lambda$new$0(135)) - f140acff-7aed-42b1-955f-393a22e760fa@group-A3FCDCC912B4-SegmentedRaftLogWorker: safeCacheEvictIndex: setUnconditionally 0 -> -1
2023-06-02 05:15:29,540 [f140acff-7aed-42b1-955f-393a22e760fa-groupManagement] INFO  server.RaftServer$Division (RaftServerImpl.java:start(342)) - f140acff-7aed-42b1-955f-393a22e760fa@group-A3FCDCC912B4: start as a follower, conf=-1: peers:[f140acff-7aed-42b1-955f-393a22e760fa|rpc:10.1.74.1:15032|admin:10.1.74.1:15031|client:10.1.74.1:15030|dataStream:10.1.74.1:15033|priority:1|startupRole:FOLLOWER, 21bba47c-9d70-4b1d-8693-1fcc7960d534|rpc:10.1.74.1:15023|admin:10.1.74.1:15022|client:10.1.74.1:15021|dataStream:10.1.74.1:15024|priority:0|startupRole:FOLLOWER, f102c20d-579f-44a7-9197-f839bb943261|rpc:10.1.74.1:15014|admin:10.1.74.1:15013|client:10.1.74.1:15012|dataStream:10.1.74.1:15015|priority:0|startupRole:FOLLOWER]|listeners:[], old=null
2023-06-02 05:15:29,540 [f140acff-7aed-42b1-955f-393a22e760fa-groupManagement] INFO  server.RaftServer$Division (RaftServerImpl.java:setRole(329)) - f140acff-7aed-42b1-955f-393a22e760fa@group-A3FCDCC912B4: changes role from      null to FOLLOWER at term 0 for startAsFollower
2023-06-02 05:15:29,540 [f140acff-7aed-42b1-955f-393a22e760fa-groupManagement] INFO  impl.RoleInfo (RoleInfo.java:updateAndGet(139)) - f140acff-7aed-42b1-955f-393a22e760fa: start f140acff-7aed-42b1-955f-393a22e760fa@group-A3FCDCC912B4-FollowerState
2023-06-02 05:15:29,545 [f140acff-7aed-42b1-955f-393a22e760fa-groupManagement] INFO  util.JmxRegister (JmxRegister.java:tryRegister(44)) - Successfully registered JMX Bean with object name Ratis:service=RaftServer,group=group-A3FCDCC912B4,id=f140acff-7aed-42b1-955f-393a22e760fa
2023-06-02 05:15:29,545 [f140acff-7aed-42b1-955f-393a22e760fa-groupManagement] INFO  server.RaftServerConfigKeys (ConfUtils.java:logGet(46)) - raft.server.snapshot.auto.trigger.enabled = true (custom)
2023-06-02 05:15:29,545 [f140acff-7aed-42b1-955f-393a22e760fa-groupManagement] INFO  server.RaftServerConfigKeys (ConfUtils.java:logGet(46)) - raft.server.snapshot.auto.trigger.threshold = 10000 (custom)
2023-06-02 05:15:29,548 [f140acff-7aed-42b1-955f-393a22e760fa-groupManagement] INFO  server.RaftServerConfigKeys (ConfUtils.java:logGet(46)) - raft.server.snapshot.retention.file.num = 5 (custom)
2023-06-02 05:15:29,549 [f140acff-7aed-42b1-955f-393a22e760fa-groupManagement] INFO  server.RaftServerConfigKeys (ConfUtils.java:logGet(46)) - raft.server.log.purge.upto.snapshot.index = false (default)
2023-06-02 05:15:29,549 [f140acff-7aed-42b1-955f-393a22e760fa@group-A3FCDCC912B4-FollowerState] INFO  server.RaftServerConfigKeys (ConfUtils.java:logFallback(53)) - raft.server.rpc.first-election.timeout.min = 5s (fallback to raft.server.rpc.timeout.min)
2023-06-02 05:15:29,550 [PipelineCommandHandlerThread-0] INFO  ratis.XceiverServerRatis (XceiverServerRatis.java:addGroup(804)) - Created group PipelineID=fe6d5e3d-8cf4-48d0-a6b4-a3fcdcc912b4
2023-06-02 05:15:29,556 [f140acff-7aed-42b1-955f-393a22e760fa@group-A3FCDCC912B4-FollowerState] INFO  server.RaftServerConfigKeys (ConfUtils.java:logFallback(53)) - raft.server.rpc.first-election.timeout.max = 5200ms (fallback to raft.server.rpc.timeout.max)
2023-06-02 05:15:29,591 [PipelineCommandHandlerThread-0] INFO  commandhandler.CreatePipelineCommandHandler (CreatePipelineCommandHandler.java:lambda$handle$2(124)) - Created Pipeline RATIS THREE PipelineID=b3981fcf-ddff-4145-a6d7-e8bf24b615d5.
2023-06-02 05:15:29,591 [PipelineCommandHandlerThread-0] INFO  server.RaftServer (RaftServerProxy.java:addNew(98)) - f102c20d-579f-44a7-9197-f839bb943261: addNew group-A3FCDCC912B4:[f140acff-7aed-42b1-955f-393a22e760fa|rpc:10.1.74.1:15032|admin:10.1.74.1:15031|client:10.1.74.1:15030|dataStream:10.1.74.1:15033|priority:1|startupRole:FOLLOWER, 21bba47c-9d70-4b1d-8693-1fcc7960d534|rpc:10.1.74.1:15023|admin:10.1.74.1:15022|client:10.1.74.1:15021|dataStream:10.1.74.1:15024|priority:0|startupRole:FOLLOWER, f102c20d-579f-44a7-9197-f839bb943261|rpc:10.1.74.1:15014|admin:10.1.74.1:15013|client:10.1.74.1:15012|dataStream:10.1.74.1:15015|priority:0|startupRole:FOLLOWER] returns group-A3FCDCC912B4:java.util.concurrent.CompletableFuture@40d48841[Not completed]
2023-06-02 05:15:29,592 [f102c20d-579f-44a7-9197-f839bb943261-groupManagement] INFO  server.RaftServer$Division (RaftServerImpl.java:<init>(198)) - f102c20d-579f-44a7-9197-f839bb943261: new RaftServerImpl for group-A3FCDCC912B4:[f140acff-7aed-42b1-955f-393a22e760fa|rpc:10.1.74.1:15032|admin:10.1.74.1:15031|client:10.1.74.1:15030|dataStream:10.1.74.1:15033|priority:1|startupRole:FOLLOWER, 21bba47c-9d70-4b1d-8693-1fcc7960d534|rpc:10.1.74.1:15023|admin:10.1.74.1:15022|client:10.1.74.1:15021|dataStream:10.1.74.1:15024|priority:0|startupRole:FOLLOWER, f102c20d-579f-44a7-9197-f839bb943261|rpc:10.1.74.1:15014|admin:10.1.74.1:15013|client:10.1.74.1:15012|dataStream:10.1.74.1:15015|priority:0|startupRole:FOLLOWER] with ContainerStateMachine:uninitialized
2023-06-02 05:15:29,592 [f102c20d-579f-44a7-9197-f839bb943261-groupManagement] INFO  server.RaftServerConfigKeys (ConfUtils.java:logGet(46)) - raft.server.rpc.timeout.min = 5s (custom)
2023-06-02 05:15:29,592 [f102c20d-579f-44a7-9197-f839bb943261-groupManagement] INFO  server.RaftServerConfigKeys (ConfUtils.java:logGet(46)) - raft.server.rpc.timeout.max = 5200ms (custom)
2023-06-02 05:15:29,592 [f102c20d-579f-44a7-9197-f839bb943261-groupManagement] INFO  server.RaftServerConfigKeys (ConfUtils.java:logGet(46)) - raft.server.rpc.sleep.time = 25ms (default)
2023-06-02 05:15:29,592 [f102c20d-579f-44a7-9197-f839bb943261-groupManagement] INFO  server.RaftServerConfigKeys (ConfUtils.java:logGet(46)) - raft.server.rpc.slowness.timeout = 300s (custom)
2023-06-02 05:15:29,592 [f102c20d-579f-44a7-9197-f839bb943261-groupManagement] INFO  server.RaftServerConfigKeys (ConfUtils.java:logGet(46)) - raft.server.leaderelection.leader.step-down.wait-time = 10s (default)
2023-06-02 05:15:29,592 [f102c20d-579f-44a7-9197-f839bb943261-groupManagement] INFO  server.RaftServerConfigKeys (ConfUtils.java:logGet(46)) - raft.server.sleep.deviation.threshold = 300ms (default)
2023-06-02 05:15:29,593 [f102c20d-579f-44a7-9197-f839bb943261-groupManagement] INFO  server.RaftServer$Division (ServerState.java:<init>(120)) - f102c20d-579f-44a7-9197-f839bb943261@group-A3FCDCC912B4: ConfigurationManager, init=-1: peers:[f140acff-7aed-42b1-955f-393a22e760fa|rpc:10.1.74.1:15032|admin:10.1.74.1:15031|client:10.1.74.1:15030|dataStream:10.1.74.1:15033|priority:1|startupRole:FOLLOWER, 21bba47c-9d70-4b1d-8693-1fcc7960d534|rpc:10.1.74.1:15023|admin:10.1.74.1:15022|client:10.1.74.1:15021|dataStream:10.1.74.1:15024|priority:0|startupRole:FOLLOWER, f102c20d-579f-44a7-9197-f839bb943261|rpc:10.1.74.1:15014|admin:10.1.74.1:15013|client:10.1.74.1:15012|dataStream:10.1.74.1:15015|priority:0|startupRole:FOLLOWER]|listeners:[], old=null, confs=<EMPTY_MAP>
2023-06-02 05:15:29,593 [f102c20d-579f-44a7-9197-f839bb943261-groupManagement] INFO  server.RaftServerConfigKeys (ConfUtils.java:logGet(46)) - raft.server.storage.dir = [/home/runner/work/ozone/ozone/hadoop-ozone/integration-test/target/test-dir/MiniOzoneClusterImpl-4e6c5432-da36-405d-b7f1-05871ead9573/datanode-0/data/ratis] (custom)
2023-06-02 05:15:29,593 [f102c20d-579f-44a7-9197-f839bb943261-groupManagement] INFO  server.RaftServerConfigKeys (ConfUtils.java:logGet(46)) - raft.server.log.corruption.policy = EXCEPTION (default)
2023-06-02 05:15:29,593 [f102c20d-579f-44a7-9197-f839bb943261-groupManagement] INFO  server.RaftServerConfigKeys (ConfUtils.java:logGet(46)) - raft.server.storage.free-space.min = 0MB (=0) (default)
2023-06-02 05:15:29,593 [f102c20d-579f-44a7-9197-f839bb943261-groupManagement] INFO  server.RaftServerConfigKeys (ConfUtils.java:logGet(46)) - raft.server.notification.no-leader.timeout = 300s (custom)
2023-06-02 05:15:29,593 [f102c20d-579f-44a7-9197-f839bb943261-groupManagement] INFO  server.RaftServerConfigKeys (ConfUtils.java:logGet(46)) - raft.server.read.timeout = 10s (default)
2023-06-02 05:15:29,593 [f102c20d-579f-44a7-9197-f839bb943261-groupManagement] INFO  server.RaftServerConfigKeys (ConfUtils.java:logGet(46)) - raft.server.retrycache.expirytime = 600000ms (custom)
2023-06-02 05:15:29,593 [f102c20d-579f-44a7-9197-f839bb943261-groupManagement] INFO  server.RaftServerConfigKeys (ConfUtils.java:logGet(46)) - raft.server.retrycache.statistics.expirytime = 100μs (default)
2023-06-02 05:15:29,593 [f102c20d-579f-44a7-9197-f839bb943261-groupManagement] INFO  server.RaftServerConfigKeys (ConfUtils.java:logGet(46)) - raft.server.read.option = DEFAULT (default)
2023-06-02 05:15:29,605 [f102c20d-579f-44a7-9197-f839bb943261-groupManagement] INFO  server.RaftServerConfigKeys (ConfUtils.java:logGet(46)) - raft.server.rpc.request.timeout = 60s (custom)
2023-06-02 05:15:29,605 [f102c20d-579f-44a7-9197-f839bb943261-groupManagement] INFO  server.RaftServerConfigKeys (ConfUtils.java:logGet(46)) - raft.server.log.appender.install.snapshot.enabled = false (custom)
2023-06-02 05:15:29,605 [f102c20d-579f-44a7-9197-f839bb943261-groupManagement] INFO  server.RaftServerConfigKeys (ConfUtils.java:logGet(46)) - raft.server.threadpool.server.cached = true (default)
2023-06-02 05:15:29,605 [f102c20d-579f-44a7-9197-f839bb943261-groupManagement] INFO  server.RaftServerConfigKeys (ConfUtils.java:logGet(46)) - raft.server.threadpool.server.size = 0 (default)
2023-06-02 05:15:29,605 [f102c20d-579f-44a7-9197-f839bb943261-groupManagement] INFO  server.RaftServerConfigKeys (ConfUtils.java:logGet(46)) - raft.server.threadpool.client.cached = true (default)
2023-06-02 05:15:29,605 [f102c20d-579f-44a7-9197-f839bb943261-groupManagement] INFO  server.RaftServerConfigKeys (ConfUtils.java:logGet(46)) - raft.server.threadpool.client.size = 0 (default)
2023-06-02 05:15:29,606 [f102c20d-579f-44a7-9197-f839bb943261-groupManagement] INFO  storage.RaftStorageDirectory (RaftStorageDirectoryImpl.java:analyzeStorage(137)) - The storage directory /home/runner/work/ozone/ozone/hadoop-ozone/integration-test/target/test-dir/MiniOzoneClusterImpl-4e6c5432-da36-405d-b7f1-05871ead9573/datanode-0/data/ratis/fe6d5e3d-8cf4-48d0-a6b4-a3fcdcc912b4 does not exist. Creating ...
2023-06-02 05:15:29,610 [f102c20d-579f-44a7-9197-f839bb943261-groupManagement] INFO  storage.RaftStorageDirectory (RaftStorageDirectoryImpl.java:tryLock(231)) - Lock on /home/runner/work/ozone/ozone/hadoop-ozone/integration-test/target/test-dir/MiniOzoneClusterImpl-4e6c5432-da36-405d-b7f1-05871ead9573/datanode-0/data/ratis/fe6d5e3d-8cf4-48d0-a6b4-a3fcdcc912b4/in_use.lock acquired by nodename 65026@fv-az628-647
2023-06-02 05:15:29,618 [f102c20d-579f-44a7-9197-f839bb943261-groupManagement] INFO  storage.RaftStorage (RaftStorageImpl.java:format(96)) - Storage directory /home/runner/work/ozone/ozone/hadoop-ozone/integration-test/target/test-dir/MiniOzoneClusterImpl-4e6c5432-da36-405d-b7f1-05871ead9573/datanode-0/data/ratis/fe6d5e3d-8cf4-48d0-a6b4-a3fcdcc912b4 has been successfully formatted.
2023-06-02 05:15:29,618 [f102c20d-579f-44a7-9197-f839bb943261-groupManagement] INFO  ratis.ContainerStateMachine (ContainerStateMachine.java:loadSnapshot(262)) - group-A3FCDCC912B4: The snapshot info is null. Setting the last applied indexto:(t:0, i:~)
2023-06-02 05:15:29,618 [f102c20d-579f-44a7-9197-f839bb943261-groupManagement] INFO  server.RaftServerConfigKeys (ConfUtils.java:logGet(46)) - raft.server.log.use.memory = false (default)
2023-06-02 05:15:29,618 [f102c20d-579f-44a7-9197-f839bb943261-groupManagement] INFO  server.RaftServerConfigKeys (ConfUtils.java:logGet(46)) - raft.server.log.purge.gap = 1000000 (custom)
2023-06-02 05:15:29,618 [f102c20d-579f-44a7-9197-f839bb943261-groupManagement] INFO  server.RaftServerConfigKeys (ConfUtils.java:logGet(46)) - raft.server.log.appender.buffer.byte-limit = 33554432 (custom)
2023-06-02 05:15:29,619 [f102c20d-579f-44a7-9197-f839bb943261-groupManagement] INFO  server.RaftServerConfigKeys (ConfUtils.java:logGet(46)) - raft.server.log.statemachine.data.read.timeout = 1000ms (default)
2023-06-02 05:15:29,619 [f102c20d-579f-44a7-9197-f839bb943261-groupManagement] INFO  server.RaftServerConfigKeys (ConfUtils.java:logGet(46)) - raft.server.log.purge.preservation.log.num = 0 (default)
2023-06-02 05:15:29,619 [f102c20d-579f-44a7-9197-f839bb943261-groupManagement] INFO  server.RaftServerConfigKeys (ConfUtils.java:logGet(46)) - raft.server.log.segment.size.max = 1048576 (custom)
2023-06-02 05:15:29,620 [f102c20d-579f-44a7-9197-f839bb943261-groupManagement] INFO  server.RaftServerConfigKeys (ConfUtils.java:logGet(46)) - raft.server.log.segment.cache.num.max = 2 (custom)
2023-06-02 05:15:29,620 [f102c20d-579f-44a7-9197-f839bb943261-groupManagement] INFO  server.RaftServerConfigKeys (ConfUtils.java:logGet(46)) - raft.server.log.segment.cache.size.max = 200MB (=209715200) (default)
2023-06-02 05:15:29,620 [f102c20d-579f-44a7-9197-f839bb943261-groupManagement] INFO  server.RaftServerConfigKeys (ConfUtils.java:logGet(46)) - raft.server.log.appender.buffer.byte-limit = 33554432 (custom)
2023-06-02 05:15:29,620 [f102c20d-579f-44a7-9197-f839bb943261-groupManagement] INFO  segmented.SegmentedRaftLogWorker (SegmentedRaftLogWorker.java:<init>(188)) - new f102c20d-579f-44a7-9197-f839bb943261@group-A3FCDCC912B4-SegmentedRaftLogWorker for RaftStorageImpl:Storage Directory /home/runner/work/ozone/ozone/hadoop-ozone/integration-test/target/test-dir/MiniOzoneClusterImpl-4e6c5432-da36-405d-b7f1-05871ead9573/datanode-0/data/ratis/fe6d5e3d-8cf4-48d0-a6b4-a3fcdcc912b4
2023-06-02 05:15:29,620 [f102c20d-579f-44a7-9197-f839bb943261-groupManagement] INFO  server.RaftServerConfigKeys (ConfUtils.java:logGet(46)) - raft.server.log.queue.byte-limit = 4294967296 (custom)
2023-06-02 05:15:29,620 [f102c20d-579f-44a7-9197-f839bb943261-groupManagement] INFO  server.RaftServerConfigKeys (ConfUtils.java:logGet(46)) - raft.server.log.queue.element-limit = 1024 (custom)
2023-06-02 05:15:29,620 [f102c20d-579f-44a7-9197-f839bb943261-groupManagement] INFO  server.RaftServerConfigKeys (ConfUtils.java:logGet(46)) - raft.server.log.segment.size.max = 1048576 (custom)
2023-06-02 05:15:29,620 [f102c20d-579f-44a7-9197-f839bb943261-groupManagement] INFO  server.RaftServerConfigKeys (ConfUtils.java:logGet(46)) - raft.server.log.preallocated.size = 16384 (custom)
2023-06-02 05:15:29,620 [f102c20d-579f-44a7-9197-f839bb943261-groupManagement] INFO  server.RaftServerConfigKeys (ConfUtils.java:logGet(46)) - raft.server.log.force.sync.num = 128 (default)
2023-06-02 05:15:29,620 [f102c20d-579f-44a7-9197-f839bb943261-groupManagement] INFO  server.RaftServerConfigKeys (ConfUtils.java:logGet(46)) - raft.server.log.statemachine.data.sync = true (default)
2023-06-02 05:15:29,620 [f102c20d-579f-44a7-9197-f839bb943261-groupManagement] INFO  server.RaftServerConfigKeys (ConfUtils.java:logGet(46)) - raft.server.log.statemachine.data.sync.timeout = 10s (default)
2023-06-02 05:15:29,621 [f102c20d-579f-44a7-9197-f839bb943261-groupManagement] INFO  server.RaftServerConfigKeys (ConfUtils.java:logGet(46)) - raft.server.log.statemachine.data.sync.timeout.retry = -1 (default)
2023-06-02 05:15:29,622 [f102c20d-579f-44a7-9197-f839bb943261-groupManagement] INFO  server.RaftServerConfigKeys (ConfUtils.java:logGet(46)) - raft.server.log.write.buffer.size = 1048576 (custom)
2023-06-02 05:15:29,623 [f102c20d-579f-44a7-9197-f839bb943261-groupManagement] INFO  server.RaftServerConfigKeys (ConfUtils.java:logGet(46)) - raft.server.log.appender.buffer.byte-limit = 33554432 (custom)
2023-06-02 05:15:29,631 [f102c20d-579f-44a7-9197-f839bb943261-groupManagement] INFO  server.RaftServerConfigKeys (ConfUtils.java:logGet(46)) - raft.server.log.unsafe-flush.enabled = false (default)
2023-06-02 05:15:29,632 [f102c20d-579f-44a7-9197-f839bb943261-groupManagement] INFO  server.RaftServerConfigKeys (ConfUtils.java:logGet(46)) - raft.server.log.async-flush.enabled = false (default)
2023-06-02 05:15:29,632 [f102c20d-579f-44a7-9197-f839bb943261-groupManagement] INFO  server.RaftServerConfigKeys (ConfUtils.java:logGet(46)) - raft.server.log.statemachine.data.caching.enabled = true (custom)
2023-06-02 05:15:29,632 [f102c20d-579f-44a7-9197-f839bb943261-groupManagement] INFO  segmented.SegmentedRaftLogWorker (SegmentedRaftLogWorker.java:lambda$new$0(135)) - f102c20d-579f-44a7-9197-f839bb943261@group-A3FCDCC912B4-SegmentedRaftLogWorker: flushIndex: setUnconditionally 0 -> -1
2023-06-02 05:15:29,632 [f102c20d-579f-44a7-9197-f839bb943261-groupManagement] INFO  segmented.SegmentedRaftLogWorker (SegmentedRaftLogWorker.java:lambda$new$0(135)) - f102c20d-579f-44a7-9197-f839bb943261@group-A3FCDCC912B4-SegmentedRaftLogWorker: safeCacheEvictIndex: setUnconditionally 0 -> -1
2023-06-02 05:15:29,632 [f102c20d-579f-44a7-9197-f839bb943261-groupManagement] INFO  server.RaftServer$Division (RaftServerImpl.java:start(342)) - f102c20d-579f-44a7-9197-f839bb943261@group-A3FCDCC912B4: start as a follower, conf=-1: peers:[f140acff-7aed-42b1-955f-393a22e760fa|rpc:10.1.74.1:15032|admin:10.1.74.1:15031|client:10.1.74.1:15030|dataStream:10.1.74.1:15033|priority:1|startupRole:FOLLOWER, 21bba47c-9d70-4b1d-8693-1fcc7960d534|rpc:10.1.74.1:15023|admin:10.1.74.1:15022|client:10.1.74.1:15021|dataStream:10.1.74.1:15024|priority:0|startupRole:FOLLOWER, f102c20d-579f-44a7-9197-f839bb943261|rpc:10.1.74.1:15014|admin:10.1.74.1:15013|client:10.1.74.1:15012|dataStream:10.1.74.1:15015|priority:0|startupRole:FOLLOWER]|listeners:[], old=null
2023-06-02 05:15:29,632 [f102c20d-579f-44a7-9197-f839bb943261-groupManagement] INFO  server.RaftServer$Division (RaftServerImpl.java:setRole(329)) - f102c20d-579f-44a7-9197-f839bb943261@group-A3FCDCC912B4: changes role from      null to FOLLOWER at term 0 for startAsFollower
2023-06-02 05:15:29,632 [f102c20d-579f-44a7-9197-f839bb943261-groupManagement] INFO  impl.RoleInfo (RoleInfo.java:updateAndGet(139)) - f102c20d-579f-44a7-9197-f839bb943261: start f102c20d-579f-44a7-9197-f839bb943261@group-A3FCDCC912B4-FollowerState
2023-06-02 05:15:29,633 [f102c20d-579f-44a7-9197-f839bb943261-groupManagement] INFO  util.JmxRegister (JmxRegister.java:tryRegister(44)) - Successfully registered JMX Bean with object name Ratis:service=RaftServer,group=group-A3FCDCC912B4,id=f102c20d-579f-44a7-9197-f839bb943261
2023-06-02 05:15:29,633 [f102c20d-579f-44a7-9197-f839bb943261-groupManagement] INFO  server.RaftServerConfigKeys (ConfUtils.java:logGet(46)) - raft.server.snapshot.auto.trigger.enabled = true (custom)
2023-06-02 05:15:29,633 [f102c20d-579f-44a7-9197-f839bb943261-groupManagement] INFO  server.RaftServerConfigKeys (ConfUtils.java:logGet(46)) - raft.server.snapshot.auto.trigger.threshold = 10000 (custom)
2023-06-02 05:15:29,633 [f102c20d-579f-44a7-9197-f839bb943261-groupManagement] INFO  server.RaftServerConfigKeys (ConfUtils.java:logGet(46)) - raft.server.snapshot.retention.file.num = 5 (custom)
2023-06-02 05:15:29,633 [f102c20d-579f-44a7-9197-f839bb943261-groupManagement] INFO  server.RaftServerConfigKeys (ConfUtils.java:logGet(46)) - raft.server.log.purge.upto.snapshot.index = false (default)
2023-06-02 05:15:29,636 [PipelineCommandHandlerThread-0] INFO  ratis.XceiverServerRatis (XceiverServerRatis.java:addGroup(804)) - Created group PipelineID=fe6d5e3d-8cf4-48d0-a6b4-a3fcdcc912b4
2023-06-02 05:15:29,637 [EventQueue-OpenPipelineForHealthyPipelineSafeModeRule] INFO  safemode.SCMSafeModeManager (HealthyPipelineSafeModeRule.java:process(137)) - SCM in safe mode. Healthy pipelines reported count is 0, required healthy pipeline reported count is 1
2023-06-02 05:15:29,636 [PipelineCommandHandlerThread-0] INFO  commandhandler.CreatePipelineCommandHandler (CreatePipelineCommandHandler.java:lambda$handle$2(124)) - Created Pipeline RATIS THREE PipelineID=b3981fcf-ddff-4145-a6d7-e8bf24b615d5.
2023-06-02 05:15:29,646 [PipelineCommandHandlerThread-0] INFO  server.RaftServer (RaftServerProxy.java:addNew(98)) - 21bba47c-9d70-4b1d-8693-1fcc7960d534: addNew group-A3FCDCC912B4:[f140acff-7aed-42b1-955f-393a22e760fa|rpc:10.1.74.1:15032|admin:10.1.74.1:15031|client:10.1.74.1:15030|dataStream:10.1.74.1:15033|priority:1|startupRole:FOLLOWER, 21bba47c-9d70-4b1d-8693-1fcc7960d534|rpc:10.1.74.1:15023|admin:10.1.74.1:15022|client:10.1.74.1:15021|dataStream:10.1.74.1:15024|priority:0|startupRole:FOLLOWER, f102c20d-579f-44a7-9197-f839bb943261|rpc:10.1.74.1:15014|admin:10.1.74.1:15013|client:10.1.74.1:15012|dataStream:10.1.74.1:15015|priority:0|startupRole:FOLLOWER] returns group-A3FCDCC912B4:java.util.concurrent.CompletableFuture@5c9769b4[Not completed]
2023-06-02 05:15:29,647 [21bba47c-9d70-4b1d-8693-1fcc7960d534-groupManagement] INFO  server.RaftServer$Division (RaftServerImpl.java:<init>(198)) - 21bba47c-9d70-4b1d-8693-1fcc7960d534: new RaftServerImpl for group-A3FCDCC912B4:[f140acff-7aed-42b1-955f-393a22e760fa|rpc:10.1.74.1:15032|admin:10.1.74.1:15031|client:10.1.74.1:15030|dataStream:10.1.74.1:15033|priority:1|startupRole:FOLLOWER, 21bba47c-9d70-4b1d-8693-1fcc7960d534|rpc:10.1.74.1:15023|admin:10.1.74.1:15022|client:10.1.74.1:15021|dataStream:10.1.74.1:15024|priority:0|startupRole:FOLLOWER, f102c20d-579f-44a7-9197-f839bb943261|rpc:10.1.74.1:15014|admin:10.1.74.1:15013|client:10.1.74.1:15012|dataStream:10.1.74.1:15015|priority:0|startupRole:FOLLOWER] with ContainerStateMachine:uninitialized
2023-06-02 05:15:29,647 [21bba47c-9d70-4b1d-8693-1fcc7960d534-groupManagement] INFO  server.RaftServerConfigKeys (ConfUtils.java:logGet(46)) - raft.server.rpc.timeout.min = 5s (custom)
2023-06-02 05:15:29,647 [21bba47c-9d70-4b1d-8693-1fcc7960d534-groupManagement] INFO  server.RaftServerConfigKeys (ConfUtils.java:logGet(46)) - raft.server.rpc.timeout.max = 5200ms (custom)
2023-06-02 05:15:29,647 [21bba47c-9d70-4b1d-8693-1fcc7960d534-groupManagement] INFO  server.RaftServerConfigKeys (ConfUtils.java:logGet(46)) - raft.server.rpc.sleep.time = 25ms (default)
2023-06-02 05:15:29,647 [21bba47c-9d70-4b1d-8693-1fcc7960d534-groupManagement] INFO  server.RaftServerConfigKeys (ConfUtils.java:logGet(46)) - raft.server.rpc.slowness.timeout = 300s (custom)
2023-06-02 05:15:29,647 [21bba47c-9d70-4b1d-8693-1fcc7960d534-groupManagement] INFO  server.RaftServerConfigKeys (ConfUtils.java:logGet(46)) - raft.server.leaderelection.leader.step-down.wait-time = 10s (default)
2023-06-02 05:15:29,647 [21bba47c-9d70-4b1d-8693-1fcc7960d534-groupManagement] INFO  server.RaftServerConfigKeys (ConfUtils.java:logGet(46)) - raft.server.sleep.deviation.threshold = 300ms (default)
2023-06-02 05:15:29,647 [21bba47c-9d70-4b1d-8693-1fcc7960d534-groupManagement] INFO  server.RaftServer$Division (ServerState.java:<init>(120)) - 21bba47c-9d70-4b1d-8693-1fcc7960d534@group-A3FCDCC912B4: ConfigurationManager, init=-1: peers:[f140acff-7aed-42b1-955f-393a22e760fa|rpc:10.1.74.1:15032|admin:10.1.74.1:15031|client:10.1.74.1:15030|dataStream:10.1.74.1:15033|priority:1|startupRole:FOLLOWER, 21bba47c-9d70-4b1d-8693-1fcc7960d534|rpc:10.1.74.1:15023|admin:10.1.74.1:15022|client:10.1.74.1:15021|dataStream:10.1.74.1:15024|priority:0|startupRole:FOLLOWER, f102c20d-579f-44a7-9197-f839bb943261|rpc:10.1.74.1:15014|admin:10.1.74.1:15013|client:10.1.74.1:15012|dataStream:10.1.74.1:15015|priority:0|startupRole:FOLLOWER]|listeners:[], old=null, confs=<EMPTY_MAP>
2023-06-02 05:15:29,647 [21bba47c-9d70-4b1d-8693-1fcc7960d534-groupManagement] INFO  server.RaftServerConfigKeys (ConfUtils.java:logGet(46)) - raft.server.storage.dir = [/home/runner/work/ozone/ozone/hadoop-ozone/integration-test/target/test-dir/MiniOzoneClusterImpl-4e6c5432-da36-405d-b7f1-05871ead9573/datanode-1/data/ratis] (custom)
2023-06-02 05:15:29,648 [21bba47c-9d70-4b1d-8693-1fcc7960d534-groupManagement] INFO  server.RaftServerConfigKeys (ConfUtils.java:logGet(46)) - raft.server.log.corruption.policy = EXCEPTION (default)
2023-06-02 05:15:29,648 [21bba47c-9d70-4b1d-8693-1fcc7960d534-groupManagement] INFO  server.RaftServerConfigKeys (ConfUtils.java:logGet(46)) - raft.server.storage.free-space.min = 0MB (=0) (default)
2023-06-02 05:15:29,648 [21bba47c-9d70-4b1d-8693-1fcc7960d534-groupManagement] INFO  server.RaftServerConfigKeys (ConfUtils.java:logGet(46)) - raft.server.notification.no-leader.timeout = 300s (custom)
2023-06-02 05:15:29,648 [21bba47c-9d70-4b1d-8693-1fcc7960d534-groupManagement] INFO  server.RaftServerConfigKeys (ConfUtils.java:logGet(46)) - raft.server.read.timeout = 10s (default)
2023-06-02 05:15:29,648 [21bba47c-9d70-4b1d-8693-1fcc7960d534-groupManagement] INFO  server.RaftServerConfigKeys (ConfUtils.java:logGet(46)) - raft.server.retrycache.expirytime = 600000ms (custom)
2023-06-02 05:15:29,648 [21bba47c-9d70-4b1d-8693-1fcc7960d534-groupManagement] INFO  server.RaftServerConfigKeys (ConfUtils.java:logGet(46)) - raft.server.retrycache.statistics.expirytime = 100μs (default)
2023-06-02 05:15:29,648 [21bba47c-9d70-4b1d-8693-1fcc7960d534-groupManagement] INFO  server.RaftServerConfigKeys (ConfUtils.java:logGet(46)) - raft.server.read.option = DEFAULT (default)
2023-06-02 05:15:29,652 [21bba47c-9d70-4b1d-8693-1fcc7960d534-groupManagement] INFO  server.RaftServerConfigKeys (ConfUtils.java:logGet(46)) - raft.server.rpc.request.timeout = 60s (custom)
2023-06-02 05:15:29,652 [21bba47c-9d70-4b1d-8693-1fcc7960d534-groupManagement] INFO  server.RaftServerConfigKeys (ConfUtils.java:logGet(46)) - raft.server.log.appender.install.snapshot.enabled = false (custom)
2023-06-02 05:15:29,652 [21bba47c-9d70-4b1d-8693-1fcc7960d534-groupManagement] INFO  server.RaftServerConfigKeys (ConfUtils.java:logGet(46)) - raft.server.threadpool.server.cached = true (default)
2023-06-02 05:15:29,652 [21bba47c-9d70-4b1d-8693-1fcc7960d534-groupManagement] INFO  server.RaftServerConfigKeys (ConfUtils.java:logGet(46)) - raft.server.threadpool.server.size = 0 (default)
2023-06-02 05:15:29,652 [21bba47c-9d70-4b1d-8693-1fcc7960d534-groupManagement] INFO  server.RaftServerConfigKeys (ConfUtils.java:logGet(46)) - raft.server.threadpool.client.cached = true (default)
2023-06-02 05:15:29,652 [21bba47c-9d70-4b1d-8693-1fcc7960d534-groupManagement] INFO  server.RaftServerConfigKeys (ConfUtils.java:logGet(46)) - raft.server.threadpool.client.size = 0 (default)
2023-06-02 05:15:29,661 [f102c20d-579f-44a7-9197-f839bb943261@group-A3FCDCC912B4-FollowerState] INFO  server.RaftServerConfigKeys (ConfUtils.java:logFallback(53)) - raft.server.rpc.first-election.timeout.min = 5s (fallback to raft.server.rpc.timeout.min)
2023-06-02 05:15:29,666 [21bba47c-9d70-4b1d-8693-1fcc7960d534-groupManagement] INFO  storage.RaftStorageDirectory (RaftStorageDirectoryImpl.java:analyzeStorage(137)) - The storage directory /home/runner/work/ozone/ozone/hadoop-ozone/integration-test/target/test-dir/MiniOzoneClusterImpl-4e6c5432-da36-405d-b7f1-05871ead9573/datanode-1/data/ratis/fe6d5e3d-8cf4-48d0-a6b4-a3fcdcc912b4 does not exist. Creating ...
2023-06-02 05:15:29,672 [f102c20d-579f-44a7-9197-f839bb943261@group-A3FCDCC912B4-FollowerState] INFO  server.RaftServerConfigKeys (ConfUtils.java:logFallback(53)) - raft.server.rpc.first-election.timeout.max = 5200ms (fallback to raft.server.rpc.timeout.max)
2023-06-02 05:15:29,674 [21bba47c-9d70-4b1d-8693-1fcc7960d534-groupManagement] INFO  storage.RaftStorageDirectory (RaftStorageDirectoryImpl.java:tryLock(231)) - Lock on /home/runner/work/ozone/ozone/hadoop-ozone/integration-test/target/test-dir/MiniOzoneClusterImpl-4e6c5432-da36-405d-b7f1-05871ead9573/datanode-1/data/ratis/fe6d5e3d-8cf4-48d0-a6b4-a3fcdcc912b4/in_use.lock acquired by nodename 65026@fv-az628-647
2023-06-02 05:15:29,677 [21bba47c-9d70-4b1d-8693-1fcc7960d534-groupManagement] INFO  storage.RaftStorage (RaftStorageImpl.java:format(96)) - Storage directory /home/runner/work/ozone/ozone/hadoop-ozone/integration-test/target/test-dir/MiniOzoneClusterImpl-4e6c5432-da36-405d-b7f1-05871ead9573/datanode-1/data/ratis/fe6d5e3d-8cf4-48d0-a6b4-a3fcdcc912b4 has been successfully formatted.
2023-06-02 05:15:29,677 [21bba47c-9d70-4b1d-8693-1fcc7960d534-groupManagement] INFO  ratis.ContainerStateMachine (ContainerStateMachine.java:loadSnapshot(262)) - group-A3FCDCC912B4: The snapshot info is null. Setting the last applied indexto:(t:0, i:~)
2023-06-02 05:15:29,678 [21bba47c-9d70-4b1d-8693-1fcc7960d534-groupManagement] INFO  server.RaftServerConfigKeys (ConfUtils.java:logGet(46)) - raft.server.log.use.memory = false (default)
2023-06-02 05:15:29,678 [21bba47c-9d70-4b1d-8693-1fcc7960d534-groupManagement] INFO  server.RaftServerConfigKeys (ConfUtils.java:logGet(46)) - raft.server.log.purge.gap = 1000000 (custom)
2023-06-02 05:15:29,678 [21bba47c-9d70-4b1d-8693-1fcc7960d534-groupManagement] INFO  server.RaftServerConfigKeys (ConfUtils.java:logGet(46)) - raft.server.log.appender.buffer.byte-limit = 33554432 (custom)
2023-06-02 05:15:29,678 [21bba47c-9d70-4b1d-8693-1fcc7960d534-groupManagement] INFO  server.RaftServerConfigKeys (ConfUtils.java:logGet(46)) - raft.server.log.statemachine.data.read.timeout = 1000ms (default)
2023-06-02 05:15:29,678 [21bba47c-9d70-4b1d-8693-1fcc7960d534-groupManagement] INFO  server.RaftServerConfigKeys (ConfUtils.java:logGet(46)) - raft.server.log.purge.preservation.log.num = 0 (default)
2023-06-02 05:15:29,678 [21bba47c-9d70-4b1d-8693-1fcc7960d534-groupManagement] INFO  server.RaftServerConfigKeys (ConfUtils.java:logGet(46)) - raft.server.log.segment.size.max = 1048576 (custom)
2023-06-02 05:15:29,679 [21bba47c-9d70-4b1d-8693-1fcc7960d534-groupManagement] INFO  server.RaftServerConfigKeys (ConfUtils.java:logGet(46)) - raft.server.log.segment.cache.num.max = 2 (custom)
2023-06-02 05:15:29,679 [main] INFO  ozone.MiniOzoneClusterImpl (MiniOzoneClusterImpl.java:lambda$waitForClusterToBeReady$0(222)) - Waiting for nodes to be ready. Got 9 of 14 DN Heartbeats.
2023-06-02 05:15:29,679 [main] INFO  ozone.MiniOzoneClusterImpl (MiniOzoneClusterImpl.java:lambda$waitForClusterToBeReady$0(225)) - Waiting for cluster to exit safe mode
2023-06-02 05:15:29,680 [main] INFO  ozone.MiniOzoneClusterImpl (MiniOzoneClusterImpl.java:lambda$waitForClusterToBeReady$0(227)) - SCM became leader
2023-06-02 05:15:29,679 [21bba47c-9d70-4b1d-8693-1fcc7960d534-groupManagement] INFO  server.RaftServerConfigKeys (ConfUtils.java:logGet(46)) - raft.server.log.segment.cache.size.max = 200MB (=209715200) (default)
2023-06-02 05:15:29,680 [21bba47c-9d70-4b1d-8693-1fcc7960d534-groupManagement] INFO  server.RaftServerConfigKeys (ConfUtils.java:logGet(46)) - raft.server.log.appender.buffer.byte-limit = 33554432 (custom)
2023-06-02 05:15:29,680 [21bba47c-9d70-4b1d-8693-1fcc7960d534-groupManagement] INFO  segmented.SegmentedRaftLogWorker (SegmentedRaftLogWorker.java:<init>(188)) - new 21bba47c-9d70-4b1d-8693-1fcc7960d534@group-A3FCDCC912B4-SegmentedRaftLogWorker for RaftStorageImpl:Storage Directory /home/runner/work/ozone/ozone/hadoop-ozone/integration-test/target/test-dir/MiniOzoneClusterImpl-4e6c5432-da36-405d-b7f1-05871ead9573/datanode-1/data/ratis/fe6d5e3d-8cf4-48d0-a6b4-a3fcdcc912b4
2023-06-02 05:15:29,680 [21bba47c-9d70-4b1d-8693-1fcc7960d534-groupManagement] INFO  server.RaftServerConfigKeys (ConfUtils.java:logGet(46)) - raft.server.log.queue.byte-limit = 4294967296 (custom)
2023-06-02 05:15:29,680 [21bba47c-9d70-4b1d-8693-1fcc7960d534-groupManagement] INFO  server.RaftServerConfigKeys (ConfUtils.java:logGet(46)) - raft.server.log.queue.element-limit = 1024 (custom)
2023-06-02 05:15:29,680 [21bba47c-9d70-4b1d-8693-1fcc7960d534-groupManagement] INFO  server.RaftServerConfigKeys (ConfUtils.java:logGet(46)) - raft.server.log.segment.size.max = 1048576 (custom)
2023-06-02 05:15:29,680 [21bba47c-9d70-4b1d-8693-1fcc7960d534-groupManagement] INFO  server.RaftServerConfigKeys (ConfUtils.java:logGet(46)) - raft.server.log.preallocated.size = 16384 (custom)
2023-06-02 05:15:29,680 [21bba47c-9d70-4b1d-8693-1fcc7960d534-groupManagement] INFO  server.RaftServerConfigKeys (ConfUtils.java:logGet(46)) - raft.server.log.force.sync.num = 128 (default)
2023-06-02 05:15:29,680 [21bba47c-9d70-4b1d-8693-1fcc7960d534-groupManagement] INFO  server.RaftServerConfigKeys (ConfUtils.java:logGet(46)) - raft.server.log.statemachine.data.sync = true (default)
2023-06-02 05:15:29,681 [21bba47c-9d70-4b1d-8693-1fcc7960d534-groupManagement] INFO  server.RaftServerConfigKeys (ConfUtils.java:logGet(46)) - raft.server.log.statemachine.data.sync.timeout = 10s (default)
2023-06-02 05:15:29,694 [21bba47c-9d70-4b1d-8693-1fcc7960d534-groupManagement] INFO  server.RaftServerConfigKeys (ConfUtils.java:logGet(46)) - raft.server.log.statemachine.data.sync.timeout.retry = -1 (default)
2023-06-02 05:15:29,697 [21bba47c-9d70-4b1d-8693-1fcc7960d534-groupManagement] INFO  server.RaftServerConfigKeys (ConfUtils.java:logGet(46)) - raft.server.log.write.buffer.size = 1048576 (custom)
2023-06-02 05:15:29,689 [EventQueue-OpenPipelineForHealthyPipelineSafeModeRule] INFO  safemode.SCMSafeModeManager (HealthyPipelineSafeModeRule.java:process(137)) - SCM in safe mode. Healthy pipelines reported count is 0, required healthy pipeline reported count is 1
2023-06-02 05:15:29,701 [21bba47c-9d70-4b1d-8693-1fcc7960d534-groupManagement] INFO  server.RaftServerConfigKeys (ConfUtils.java:logGet(46)) - raft.server.log.appender.buffer.byte-limit = 33554432 (custom)
2023-06-02 05:15:29,718 [21bba47c-9d70-4b1d-8693-1fcc7960d534-groupManagement] INFO  server.RaftServerConfigKeys (ConfUtils.java:logGet(46)) - raft.server.log.unsafe-flush.enabled = false (default)
2023-06-02 05:15:29,721 [21bba47c-9d70-4b1d-8693-1fcc7960d534-groupManagement] INFO  server.RaftServerConfigKeys (ConfUtils.java:logGet(46)) - raft.server.log.async-flush.enabled = false (default)
2023-06-02 05:15:29,722 [21bba47c-9d70-4b1d-8693-1fcc7960d534-groupManagement] INFO  server.RaftServerConfigKeys (ConfUtils.java:logGet(46)) - raft.server.log.statemachine.data.caching.enabled = true (custom)
2023-06-02 05:15:29,722 [21bba47c-9d70-4b1d-8693-1fcc7960d534-groupManagement] INFO  segmented.SegmentedRaftLogWorker (SegmentedRaftLogWorker.java:lambda$new$0(135)) - 21bba47c-9d70-4b1d-8693-1fcc7960d534@group-A3FCDCC912B4-SegmentedRaftLogWorker: flushIndex: setUnconditionally 0 -> -1
2023-06-02 05:15:29,722 [21bba47c-9d70-4b1d-8693-1fcc7960d534-groupManagement] INFO  segmented.SegmentedRaftLogWorker (SegmentedRaftLogWorker.java:lambda$new$0(135)) - 21bba47c-9d70-4b1d-8693-1fcc7960d534@group-A3FCDCC912B4-SegmentedRaftLogWorker: safeCacheEvictIndex: setUnconditionally 0 -> -1
2023-06-02 05:15:29,722 [21bba47c-9d70-4b1d-8693-1fcc7960d534-groupManagement] INFO  server.RaftServer$Division (RaftServerImpl.java:start(342)) - 21bba47c-9d70-4b1d-8693-1fcc7960d534@group-A3FCDCC912B4: start as a follower, conf=-1: peers:[f140acff-7aed-42b1-955f-393a22e760fa|rpc:10.1.74.1:15032|admin:10.1.74.1:15031|client:10.1.74.1:15030|dataStream:10.1.74.1:15033|priority:1|startupRole:FOLLOWER, 21bba47c-9d70-4b1d-8693-1fcc7960d534|rpc:10.1.74.1:15023|admin:10.1.74.1:15022|client:10.1.74.1:15021|dataStream:10.1.74.1:15024|priority:0|startupRole:FOLLOWER, f102c20d-579f-44a7-9197-f839bb943261|rpc:10.1.74.1:15014|admin:10.1.74.1:15013|client:10.1.74.1:15012|dataStream:10.1.74.1:15015|priority:0|startupRole:FOLLOWER]|listeners:[], old=null
2023-06-02 05:15:29,722 [21bba47c-9d70-4b1d-8693-1fcc7960d534-groupManagement] INFO  server.RaftServer$Division (RaftServerImpl.java:setRole(329)) - 21bba47c-9d70-4b1d-8693-1fcc7960d534@group-A3FCDCC912B4: changes role from      null to FOLLOWER at term 0 for startAsFollower
2023-06-02 05:15:29,722 [21bba47c-9d70-4b1d-8693-1fcc7960d534-groupManagement] INFO  impl.RoleInfo (RoleInfo.java:updateAndGet(139)) - 21bba47c-9d70-4b1d-8693-1fcc7960d534: start 21bba47c-9d70-4b1d-8693-1fcc7960d534@group-A3FCDCC912B4-FollowerState
2023-06-02 05:15:29,724 [21bba47c-9d70-4b1d-8693-1fcc7960d534-groupManagement] INFO  util.JmxRegister (JmxRegister.java:tryRegister(44)) - Successfully registered JMX Bean with object name Ratis:service=RaftServer,group=group-A3FCDCC912B4,id=21bba47c-9d70-4b1d-8693-1fcc7960d534
2023-06-02 05:15:29,724 [21bba47c-9d70-4b1d-8693-1fcc7960d534-groupManagement] INFO  server.RaftServerConfigKeys (ConfUtils.java:logGet(46)) - raft.server.snapshot.auto.trigger.enabled = true (custom)
2023-06-02 05:15:29,724 [21bba47c-9d70-4b1d-8693-1fcc7960d534-groupManagement] INFO  server.RaftServerConfigKeys (ConfUtils.java:logGet(46)) - raft.server.snapshot.auto.trigger.threshold = 10000 (custom)
2023-06-02 05:15:29,724 [21bba47c-9d70-4b1d-8693-1fcc7960d534-groupManagement] INFO  server.RaftServerConfigKeys (ConfUtils.java:logGet(46)) - raft.server.snapshot.retention.file.num = 5 (custom)
2023-06-02 05:15:29,724 [21bba47c-9d70-4b1d-8693-1fcc7960d534-groupManagement] INFO  server.RaftServerConfigKeys (ConfUtils.java:logGet(46)) - raft.server.log.purge.upto.snapshot.index = false (default)
2023-06-02 05:15:29,725 [21bba47c-9d70-4b1d-8693-1fcc7960d534@group-A3FCDCC912B4-FollowerState] INFO  server.RaftServerConfigKeys (ConfUtils.java:logFallback(53)) - raft.server.rpc.first-election.timeout.min = 5s (fallback to raft.server.rpc.timeout.min)
2023-06-02 05:15:29,732 [21bba47c-9d70-4b1d-8693-1fcc7960d534@group-A3FCDCC912B4-FollowerState] INFO  server.RaftServerConfigKeys (ConfUtils.java:logFallback(53)) - raft.server.rpc.first-election.timeout.max = 5200ms (fallback to raft.server.rpc.timeout.max)
2023-06-02 05:15:29,726 [PipelineCommandHandlerThread-0] INFO  ratis.XceiverServerRatis (XceiverServerRatis.java:addGroup(804)) - Created group PipelineID=fe6d5e3d-8cf4-48d0-a6b4-a3fcdcc912b4
2023-06-02 05:15:29,786 [PipelineCommandHandlerThread-0] INFO  server.RaftServer (RaftServerProxy.java:addNew(98)) - 45087365-1608-4817-8e49-1b233997f081: addNew group-61D112A2075D:[45087365-1608-4817-8e49-1b233997f081|rpc:10.1.74.1:15041|admin:10.1.74.1:15040|client:10.1.74.1:15039|dataStream:10.1.74.1:15042|priority:1|startupRole:FOLLOWER] returns group-61D112A2075D:java.util.concurrent.CompletableFuture@20ac8153[Not completed]
2023-06-02 05:15:29,792 [EndpointStateMachine task thread for /0.0.0.0:15002 - 0 ] INFO  utils.DatanodeStoreCache (DatanodeStoreCache.java:addDB(66)) - Added db /home/runner/work/ozone/ozone/hadoop-ozone/integration-test/target/test-dir/MiniOzoneClusterImpl-4e6c5432-da36-405d-b7f1-05871ead9573/datanode-13/data-0/containers/hdds/4e6c5432-da36-405d-b7f1-05871ead9573/DS-33d173b7-8683-430a-a3af-1026dcccd999/container.db to cache
2023-06-02 05:15:29,792 [EndpointStateMachine task thread for /0.0.0.0:15002 - 0 ] INFO  volume.HddsVolume (HddsVolume.java:createDbStore(350)) - SchemaV3 db is created and loaded at /home/runner/work/ozone/ozone/hadoop-ozone/integration-test/target/test-dir/MiniOzoneClusterImpl-4e6c5432-da36-405d-b7f1-05871ead9573/datanode-13/data-0/containers/hdds/4e6c5432-da36-405d-b7f1-05871ead9573/DS-33d173b7-8683-430a-a3af-1026dcccd999/container.db for volume DS-33d173b7-8683-430a-a3af-1026dcccd999
2023-06-02 05:15:29,796 [IPC Server handler 14 on default port 15002] INFO  net.NetworkTopologyImpl (NetworkTopologyImpl.java:add(112)) - Added a new node: /default-rack/dd6dae7b-c4a9-4a16-a5ce-973fa036779e
2023-06-02 05:15:29,796 [IPC Server handler 14 on default port 15002] INFO  node.SCMNodeManager (SCMNodeManager.java:register(407)) - Registered Data node : dd6dae7b-c4a9-4a16-a5ce-973fa036779e{ip: 10.1.74.1, host: fv-az628-647, ports: [HTTP=15090, CLIENT_RPC=15091, REPLICATION=15097, RATIS=15093, RATIS_ADMIN=15094, RATIS_SERVER=15095, RATIS_DATASTREAM=15096, STANDALONE=15092], networkLocation: /default-rack, certSerialId: null, persistedOpState: null, persistedOpStateExpiryEpochSec: 0}
2023-06-02 05:15:29,797 [45087365-1608-4817-8e49-1b233997f081-groupManagement] INFO  server.RaftServer$Division (RaftServerImpl.java:<init>(198)) - 45087365-1608-4817-8e49-1b233997f081: new RaftServerImpl for group-61D112A2075D:[45087365-1608-4817-8e49-1b233997f081|rpc:10.1.74.1:15041|admin:10.1.74.1:15040|client:10.1.74.1:15039|dataStream:10.1.74.1:15042|priority:1|startupRole:FOLLOWER] with ContainerStateMachine:uninitialized
2023-06-02 05:15:29,797 [EventQueue-NewNodeForNewNodeHandler] INFO  pipeline.BackgroundPipelineCreator (BackgroundPipelineCreator.java:notifyEventTriggered(276)) - trigger a one-shot run on RatisPipelineUtilsThread.
2023-06-02 05:15:29,798 [RatisPipelineUtilsThread - 0] INFO  pipeline.RatisPipelineProvider (RatisPipelineProvider.java:lambda$create$0(206)) - Sending CreatePipelineCommand for pipeline:PipelineID=acbeca6a-30dc-49f9-bb51-d763314addb8 to datanode:dd6dae7b-c4a9-4a16-a5ce-973fa036779e
2023-06-02 05:15:29,799 [RatisPipelineUtilsThread - 0] INFO  pipeline.PipelineStateManagerImpl (PipelineStateManagerImpl.java:addPipeline(103)) - Created pipeline Pipeline[ Id: acbeca6a-30dc-49f9-bb51-d763314addb8, Nodes: dd6dae7b-c4a9-4a16-a5ce-973fa036779e(fv-az628-647/10.1.74.1), ReplicationConfig: RATIS/ONE, State:ALLOCATED, leaderId:, CreationTimestamp2023-06-02T05:15:29.798Z[Etc/UTC]].
2023-06-02 05:15:29,800 [RatisPipelineUtilsThread - 0] WARN  pipeline.PipelinePlacementPolicy (PipelinePlacementPolicy.java:filterViableNodes(160)) - Pipeline creation failed due to no sufficient healthy datanodes. Required 3. Found 1. Excluded 9.
2023-06-02 05:15:29,797 [EndpointStateMachine task thread for /0.0.0.0:15002 - 0 ] INFO  ozoneimpl.OzoneContainer (OzoneContainer.java:start(398)) - Attempting to start container services.
2023-06-02 05:15:29,799 [45087365-1608-4817-8e49-1b233997f081-groupManagement] INFO  server.RaftServerConfigKeys (ConfUtils.java:logGet(46)) - raft.server.rpc.timeout.min = 5s (custom)
2023-06-02 05:15:29,801 [45087365-1608-4817-8e49-1b233997f081-groupManagement] INFO  server.RaftServerConfigKeys (ConfUtils.java:logGet(46)) - raft.server.rpc.timeout.max = 5200ms (custom)
2023-06-02 05:15:29,801 [45087365-1608-4817-8e49-1b233997f081-groupManagement] INFO  server.RaftServerConfigKeys (ConfUtils.java:logGet(46)) - raft.server.rpc.sleep.time = 25ms (default)
2023-06-02 05:15:29,801 [45087365-1608-4817-8e49-1b233997f081-groupManagement] INFO  server.RaftServerConfigKeys (ConfUtils.java:logGet(46)) - raft.server.rpc.slowness.timeout = 300s (custom)
2023-06-02 05:15:29,802 [45087365-1608-4817-8e49-1b233997f081-groupManagement] INFO  server.RaftServerConfigKeys (ConfUtils.java:logGet(46)) - raft.server.leaderelection.leader.step-down.wait-time = 10s (default)
2023-06-02 05:15:29,802 [45087365-1608-4817-8e49-1b233997f081-groupManagement] INFO  server.RaftServerConfigKeys (ConfUtils.java:logGet(46)) - raft.server.sleep.deviation.threshold = 300ms (default)
2023-06-02 05:15:29,802 [45087365-1608-4817-8e49-1b233997f081-groupManagement] INFO  server.RaftServer$Division (ServerState.java:<init>(120)) - 45087365-1608-4817-8e49-1b233997f081@group-61D112A2075D: ConfigurationManager, init=-1: peers:[45087365-1608-4817-8e49-1b233997f081|rpc:10.1.74.1:15041|admin:10.1.74.1:15040|client:10.1.74.1:15039|dataStream:10.1.74.1:15042|priority:1|startupRole:FOLLOWER]|listeners:[], old=null, confs=<EMPTY_MAP>
2023-06-02 05:15:29,802 [45087365-1608-4817-8e49-1b233997f081-groupManagement] INFO  server.RaftServerConfigKeys (ConfUtils.java:logGet(46)) - raft.server.storage.dir = [/home/runner/work/ozone/ozone/hadoop-ozone/integration-test/target/test-dir/MiniOzoneClusterImpl-4e6c5432-da36-405d-b7f1-05871ead9573/datanode-3/data/ratis] (custom)
2023-06-02 05:15:29,802 [45087365-1608-4817-8e49-1b233997f081-groupManagement] INFO  server.RaftServerConfigKeys (ConfUtils.java:logGet(46)) - raft.server.log.corruption.policy = EXCEPTION (default)
2023-06-02 05:15:29,801 [EndpointStateMachine task thread for /0.0.0.0:15002 - 0 ] INFO  ozoneimpl.OzoneContainer (OzoneContainer.java:startContainerScrub(314)) - Scheduled background container scanners and the on-demand container scanner have been disabled.
2023-06-02 05:15:29,802 [45087365-1608-4817-8e49-1b233997f081-groupManagement] INFO  server.RaftServerConfigKeys (ConfUtils.java:logGet(46)) - raft.server.storage.free-space.min = 0MB (=0) (default)
2023-06-02 05:15:29,803 [EndpointStateMachine task thread for /0.0.0.0:15002 - 0 ] INFO  replication.ReplicationServer (ReplicationServer.java:start(128)) - ReplicationServer is started using port 15133
2023-06-02 05:15:29,803 [45087365-1608-4817-8e49-1b233997f081-groupManagement] INFO  server.RaftServerConfigKeys (ConfUtils.java:logGet(46)) - raft.server.notification.no-leader.timeout = 300s (custom)
2023-06-02 05:15:29,803 [EndpointStateMachine task thread for /0.0.0.0:15002 - 0 ] INFO  ratis.XceiverServerRatis (XceiverServerRatis.java:start(517)) - Starting XceiverServerRatis 974c4613-d60a-49f9-a8d7-7eb2aff460ff
2023-06-02 05:15:29,803 [45087365-1608-4817-8e49-1b233997f081-groupManagement] INFO  server.RaftServerConfigKeys (ConfUtils.java:logGet(46)) - raft.server.read.timeout = 10s (default)
2023-06-02 05:15:29,803 [45087365-1608-4817-8e49-1b233997f081-groupManagement] INFO  server.RaftServerConfigKeys (ConfUtils.java:logGet(46)) - raft.server.retrycache.expirytime = 600000ms (custom)
2023-06-02 05:15:29,803 [45087365-1608-4817-8e49-1b233997f081-groupManagement] INFO  server.RaftServerConfigKeys (ConfUtils.java:logGet(46)) - raft.server.retrycache.statistics.expirytime = 100μs (default)
2023-06-02 05:15:29,803 [45087365-1608-4817-8e49-1b233997f081-groupManagement] INFO  server.RaftServerConfigKeys (ConfUtils.java:logGet(46)) - raft.server.read.option = DEFAULT (default)
2023-06-02 05:15:29,809 [45087365-1608-4817-8e49-1b233997f081-groupManagement] INFO  server.RaftServerConfigKeys (ConfUtils.java:logGet(46)) - raft.server.rpc.request.timeout = 60s (custom)
2023-06-02 05:15:29,809 [45087365-1608-4817-8e49-1b233997f081-groupManagement] INFO  server.RaftServerConfigKeys (ConfUtils.java:logGet(46)) - raft.server.log.appender.install.snapshot.enabled = false (custom)
2023-06-02 05:15:29,809 [45087365-1608-4817-8e49-1b233997f081-groupManagement] INFO  server.RaftServerConfigKeys (ConfUtils.java:logGet(46)) - raft.server.threadpool.server.cached = true (default)
2023-06-02 05:15:29,810 [45087365-1608-4817-8e49-1b233997f081-groupManagement] INFO  server.RaftServerConfigKeys (ConfUtils.java:logGet(46)) - raft.server.threadpool.server.size = 0 (default)
2023-06-02 05:15:29,810 [45087365-1608-4817-8e49-1b233997f081-groupManagement] INFO  server.RaftServerConfigKeys (ConfUtils.java:logGet(46)) - raft.server.threadpool.client.cached = true (default)
2023-06-02 05:15:29,810 [45087365-1608-4817-8e49-1b233997f081-groupManagement] INFO  server.RaftServerConfigKeys (ConfUtils.java:logGet(46)) - raft.server.threadpool.client.size = 0 (default)
2023-06-02 05:15:29,810 [45087365-1608-4817-8e49-1b233997f081-groupManagement] INFO  storage.RaftStorageDirectory (RaftStorageDirectoryImpl.java:analyzeStorage(137)) - The storage directory /home/runner/work/ozone/ozone/hadoop-ozone/integration-test/target/test-dir/MiniOzoneClusterImpl-4e6c5432-da36-405d-b7f1-05871ead9573/datanode-3/data/ratis/db9a95f3-a53e-4a98-8e4a-61d112a2075d does not exist. Creating ...
2023-06-02 05:15:29,811 [45087365-1608-4817-8e49-1b233997f081-groupManagement] INFO  storage.RaftStorageDirectory (RaftStorageDirectoryImpl.java:tryLock(231)) - Lock on /home/runner/work/ozone/ozone/hadoop-ozone/integration-test/target/test-dir/MiniOzoneClusterImpl-4e6c5432-da36-405d-b7f1-05871ead9573/datanode-3/data/ratis/db9a95f3-a53e-4a98-8e4a-61d112a2075d/in_use.lock acquired by nodename 65026@fv-az628-647
2023-06-02 05:15:29,812 [EndpointStateMachine task thread for /0.0.0.0:15002 - 0 ] INFO  server.RaftServer (RaftServerProxy.java:startImpl(400)) - 974c4613-d60a-49f9-a8d7-7eb2aff460ff: start RPC server
2023-06-02 05:15:29,819 [45087365-1608-4817-8e49-1b233997f081-groupManagement] INFO  storage.RaftStorage (RaftStorageImpl.java:format(96)) - Storage directory /home/runner/work/ozone/ozone/hadoop-ozone/integration-test/target/test-dir/MiniOzoneClusterImpl-4e6c5432-da36-405d-b7f1-05871ead9573/datanode-3/data/ratis/db9a95f3-a53e-4a98-8e4a-61d112a2075d has been successfully formatted.
2023-06-02 05:15:29,821 [EndpointStateMachine task thread for /0.0.0.0:15002 - 0 ] INFO  server.GrpcService (GrpcService.java:startImpl(302)) - 974c4613-d60a-49f9-a8d7-7eb2aff460ff: GrpcService started, listening on 15129
2023-06-02 05:15:29,822 [EndpointStateMachine task thread for /0.0.0.0:15002 - 0 ] INFO  server.GrpcService (GrpcService.java:startImpl(302)) - 974c4613-d60a-49f9-a8d7-7eb2aff460ff: GrpcService started, listening on 15131
2023-06-02 05:15:29,822 [EndpointStateMachine task thread for /0.0.0.0:15002 - 0 ] INFO  server.GrpcService (GrpcService.java:startImpl(302)) - 974c4613-d60a-49f9-a8d7-7eb2aff460ff: GrpcService started, listening on 15130
2023-06-02 05:15:29,826 [EndpointStateMachine task thread for /0.0.0.0:15002 - 0 ] INFO  ratis.XceiverServerRatis (XceiverServerRatis.java:getRealPort(543)) - XceiverServerRatis 974c4613-d60a-49f9-a8d7-7eb2aff460ff is started using port 15129 for RATIS
2023-06-02 05:15:29,832 [EndpointStateMachine task thread for /0.0.0.0:15002 - 0 ] INFO  ratis.XceiverServerRatis (XceiverServerRatis.java:getRealPort(543)) - XceiverServerRatis 974c4613-d60a-49f9-a8d7-7eb2aff460ff is started using port 15130 for RATIS_ADMIN
2023-06-02 05:15:29,834 [EndpointStateMachine task thread for /0.0.0.0:15002 - 0 ] INFO  ratis.XceiverServerRatis (XceiverServerRatis.java:getRealPort(543)) - XceiverServerRatis 974c4613-d60a-49f9-a8d7-7eb2aff460ff is started using port 15131 for RATIS_SERVER
2023-06-02 05:15:29,834 [EndpointStateMachine task thread for /0.0.0.0:15002 - 0 ] INFO  ratis.XceiverServerRatis (XceiverServerRatis.java:getRealPort(543)) - XceiverServerRatis 974c4613-d60a-49f9-a8d7-7eb2aff460ff is started using port 15132 for RATIS_DATASTREAM
2023-06-02 05:15:29,836 [45087365-1608-4817-8e49-1b233997f081-groupManagement] INFO  ratis.ContainerStateMachine (ContainerStateMachine.java:loadSnapshot(262)) - group-61D112A2075D: The snapshot info is null. Setting the last applied indexto:(t:0, i:~)
2023-06-02 05:15:29,836 [45087365-1608-4817-8e49-1b233997f081-groupManagement] INFO  server.RaftServerConfigKeys (ConfUtils.java:logGet(46)) - raft.server.log.use.memory = false (default)
2023-06-02 05:15:29,836 [45087365-1608-4817-8e49-1b233997f081-groupManagement] INFO  server.RaftServerConfigKeys (ConfUtils.java:logGet(46)) - raft.server.log.purge.gap = 1000000 (custom)
2023-06-02 05:15:29,836 [45087365-1608-4817-8e49-1b233997f081-groupManagement] INFO  server.RaftServerConfigKeys (ConfUtils.java:logGet(46)) - raft.server.log.appender.buffer.byte-limit = 33554432 (custom)
2023-06-02 05:15:29,836 [45087365-1608-4817-8e49-1b233997f081-groupManagement] INFO  server.RaftServerConfigKeys (ConfUtils.java:logGet(46)) - raft.server.log.statemachine.data.read.timeout = 1000ms (default)
2023-06-02 05:15:29,836 [45087365-1608-4817-8e49-1b233997f081-groupManagement] INFO  server.RaftServerConfigKeys (ConfUtils.java:logGet(46)) - raft.server.log.purge.preservation.log.num = 0 (default)
2023-06-02 05:15:29,837 [45087365-1608-4817-8e49-1b233997f081-groupManagement] INFO  server.RaftServerConfigKeys (ConfUtils.java:logGet(46)) - raft.server.log.segment.size.max = 1048576 (custom)
2023-06-02 05:15:29,838 [45087365-1608-4817-8e49-1b233997f081-groupManagement] INFO  server.RaftServerConfigKeys (ConfUtils.java:logGet(46)) - raft.server.log.segment.cache.num.max = 2 (custom)
2023-06-02 05:15:29,838 [45087365-1608-4817-8e49-1b233997f081-groupManagement] INFO  server.RaftServerConfigKeys (ConfUtils.java:logGet(46)) - raft.server.log.segment.cache.size.max = 200MB (=209715200) (default)
2023-06-02 05:15:29,838 [45087365-1608-4817-8e49-1b233997f081-groupManagement] INFO  server.RaftServerConfigKeys (ConfUtils.java:logGet(46)) - raft.server.log.appender.buffer.byte-limit = 33554432 (custom)
2023-06-02 05:15:29,838 [45087365-1608-4817-8e49-1b233997f081-groupManagement] INFO  segmented.SegmentedRaftLogWorker (SegmentedRaftLogWorker.java:<init>(188)) - new 45087365-1608-4817-8e49-1b233997f081@group-61D112A2075D-SegmentedRaftLogWorker for RaftStorageImpl:Storage Directory /home/runner/work/ozone/ozone/hadoop-ozone/integration-test/target/test-dir/MiniOzoneClusterImpl-4e6c5432-da36-405d-b7f1-05871ead9573/datanode-3/data/ratis/db9a95f3-a53e-4a98-8e4a-61d112a2075d
2023-06-02 05:15:29,838 [45087365-1608-4817-8e49-1b233997f081-groupManagement] INFO  server.RaftServerConfigKeys (ConfUtils.java:logGet(46)) - raft.server.log.queue.byte-limit = 4294967296 (custom)
2023-06-02 05:15:29,838 [45087365-1608-4817-8e49-1b233997f081-groupManagement] INFO  server.RaftServerConfigKeys (ConfUtils.java:logGet(46)) - raft.server.log.queue.element-limit = 1024 (custom)
2023-06-02 05:15:29,838 [45087365-1608-4817-8e49-1b233997f081-groupManagement] INFO  server.RaftServerConfigKeys (ConfUtils.java:logGet(46)) - raft.server.log.segment.size.max = 1048576 (custom)
2023-06-02 05:15:29,838 [45087365-1608-4817-8e49-1b233997f081-groupManagement] INFO  server.RaftServerConfigKeys (ConfUtils.java:logGet(46)) - raft.server.log.preallocated.size = 16384 (custom)
2023-06-02 05:15:29,838 [45087365-1608-4817-8e49-1b233997f081-groupManagement] INFO  server.RaftServerConfigKeys (ConfUtils.java:logGet(46)) - raft.server.log.force.sync.num = 128 (default)
2023-06-02 05:15:29,838 [45087365-1608-4817-8e49-1b233997f081-groupManagement] INFO  server.RaftServerConfigKeys (ConfUtils.java:logGet(46)) - raft.server.log.statemachine.data.sync = true (default)
2023-06-02 05:15:29,838 [45087365-1608-4817-8e49-1b233997f081-groupManagement] INFO  server.RaftServerConfigKeys (ConfUtils.java:logGet(46)) - raft.server.log.statemachine.data.sync.timeout = 10s (default)
2023-06-02 05:15:29,839 [45087365-1608-4817-8e49-1b233997f081-groupManagement] INFO  server.RaftServerConfigKeys (ConfUtils.java:logGet(46)) - raft.server.log.statemachine.data.sync.timeout.retry = -1 (default)
2023-06-02 05:15:29,840 [45087365-1608-4817-8e49-1b233997f081-groupManagement] INFO  server.RaftServerConfigKeys (ConfUtils.java:logGet(46)) - raft.server.log.write.buffer.size = 1048576 (custom)
2023-06-02 05:15:29,843 [45087365-1608-4817-8e49-1b233997f081-groupManagement] INFO  server.RaftServerConfigKeys (ConfUtils.java:logGet(46)) - raft.server.log.appender.buffer.byte-limit = 33554432 (custom)
2023-06-02 05:15:29,833 [JvmPauseMonitor14] INFO  util.JvmPauseMonitor (JvmPauseMonitor.java:run(103)) - JvmPauseMonitor-974c4613-d60a-49f9-a8d7-7eb2aff460ff: Started
2023-06-02 05:15:29,854 [EventQueue-PipelineReportForPipelineReportHandler] INFO  pipeline.PipelineManagerImpl (PipelineManagerImpl.java:openPipeline(367)) - Pipeline Pipeline[ Id: db9a95f3-a53e-4a98-8e4a-61d112a2075d, Nodes: 45087365-1608-4817-8e49-1b233997f081(fv-az628-647/10.1.74.1), ReplicationConfig: RATIS/ONE, State:ALLOCATED, leaderId:45087365-1608-4817-8e49-1b233997f081, CreationTimestamp2023-06-02T05:15:26.776Z[Etc/UTC]] moved to OPEN state
2023-06-02 05:15:29,855 [EventQueue-OpenPipelineForHealthyPipelineSafeModeRule] INFO  safemode.SCMSafeModeManager (HealthyPipelineSafeModeRule.java:process(137)) - SCM in safe mode. Healthy pipelines reported count is 0, required healthy pipeline reported count is 1
2023-06-02 05:15:29,859 [45087365-1608-4817-8e49-1b233997f081-groupManagement] INFO  server.RaftServerConfigKeys (ConfUtils.java:logGet(46)) - raft.server.log.unsafe-flush.enabled = false (default)
2023-06-02 05:15:29,859 [45087365-1608-4817-8e49-1b233997f081-groupManagement] INFO  server.RaftServerConfigKeys (ConfUtils.java:logGet(46)) - raft.server.log.async-flush.enabled = false (default)
2023-06-02 05:15:29,859 [45087365-1608-4817-8e49-1b233997f081-groupManagement] INFO  server.RaftServerConfigKeys (ConfUtils.java:logGet(46)) - raft.server.log.statemachine.data.caching.enabled = true (custom)
2023-06-02 05:15:29,861 [45087365-1608-4817-8e49-1b233997f081-groupManagement] INFO  segmented.SegmentedRaftLogWorker (SegmentedRaftLogWorker.java:lambda$new$0(135)) - 45087365-1608-4817-8e49-1b233997f081@group-61D112A2075D-SegmentedRaftLogWorker: flushIndex: setUnconditionally 0 -> -1
2023-06-02 05:15:29,861 [45087365-1608-4817-8e49-1b233997f081-groupManagement] INFO  segmented.SegmentedRaftLogWorker (SegmentedRaftLogWorker.java:lambda$new$0(135)) - 45087365-1608-4817-8e49-1b233997f081@group-61D112A2075D-SegmentedRaftLogWorker: safeCacheEvictIndex: setUnconditionally 0 -> -1
2023-06-02 05:15:29,861 [BlockDeletingService#0] INFO  interfaces.ContainerDeletionChoosingPolicyTemplate (ContainerDeletionChoosingPolicyTemplate.java:chooseContainerForBlockDeletion(83)) - Chosen 0/5000 blocks from 0 candidate containers.
2023-06-02 05:15:29,869 [45087365-1608-4817-8e49-1b233997f081-groupManagement] INFO  server.RaftServer$Division (RaftServerImpl.java:start(342)) - 45087365-1608-4817-8e49-1b233997f081@group-61D112A2075D: start as a follower, conf=-1: peers:[45087365-1608-4817-8e49-1b233997f081|rpc:10.1.74.1:15041|admin:10.1.74.1:15040|client:10.1.74.1:15039|dataStream:10.1.74.1:15042|priority:1|startupRole:FOLLOWER]|listeners:[], old=null
2023-06-02 05:15:29,869 [45087365-1608-4817-8e49-1b233997f081-groupManagement] INFO  server.RaftServer$Division (RaftServerImpl.java:setRole(329)) - 45087365-1608-4817-8e49-1b233997f081@group-61D112A2075D: changes role from      null to FOLLOWER at term 0 for startAsFollower
2023-06-02 05:15:29,869 [45087365-1608-4817-8e49-1b233997f081-groupManagement] INFO  impl.RoleInfo (RoleInfo.java:updateAndGet(139)) - 45087365-1608-4817-8e49-1b233997f081: start 45087365-1608-4817-8e49-1b233997f081@group-61D112A2075D-FollowerState
2023-06-02 05:15:29,869 [45087365-1608-4817-8e49-1b233997f081-groupManagement] INFO  util.JmxRegister (JmxRegister.java:tryRegister(44)) - Successfully registered JMX Bean with object name Ratis:service=RaftServer,group=group-61D112A2075D,id=45087365-1608-4817-8e49-1b233997f081
2023-06-02 05:15:29,870 [45087365-1608-4817-8e49-1b233997f081-groupManagement] INFO  server.RaftServerConfigKeys (ConfUtils.java:logGet(46)) - raft.server.snapshot.auto.trigger.enabled = true (custom)
2023-06-02 05:15:29,870 [45087365-1608-4817-8e49-1b233997f081-groupManagement] INFO  server.RaftServerConfigKeys (ConfUtils.java:logGet(46)) - raft.server.snapshot.auto.trigger.threshold = 10000 (custom)
2023-06-02 05:15:29,870 [45087365-1608-4817-8e49-1b233997f081-groupManagement] INFO  server.RaftServerConfigKeys (ConfUtils.java:logGet(46)) - raft.server.snapshot.retention.file.num = 5 (custom)
2023-06-02 05:15:29,870 [45087365-1608-4817-8e49-1b233997f081-groupManagement] INFO  server.RaftServerConfigKeys (ConfUtils.java:logGet(46)) - raft.server.log.purge.upto.snapshot.index = false (default)
2023-06-02 05:15:29,871 [PipelineCommandHandlerThread-0] INFO  ratis.XceiverServerRatis (XceiverServerRatis.java:addGroup(804)) - Created group PipelineID=db9a95f3-a53e-4a98-8e4a-61d112a2075d
2023-06-02 05:15:29,871 [PipelineCommandHandlerThread-0] INFO  commandhandler.CreatePipelineCommandHandler (CreatePipelineCommandHandler.java:lambda$handle$2(124)) - Created Pipeline RATIS ONE PipelineID=db9a95f3-a53e-4a98-8e4a-61d112a2075d.
2023-06-02 05:15:29,872 [PipelineCommandHandlerThread-0] INFO  server.RaftServer (RaftServerProxy.java:addNew(98)) - 45087365-1608-4817-8e49-1b233997f081: addNew group-881D66BC670E:[bf3b8f25-dffd-4d70-aae5-69cf4c3dc4d1|rpc:10.1.74.1:15050|admin:10.1.74.1:15049|client:10.1.74.1:15048|dataStream:10.1.74.1:15051|priority:1|startupRole:FOLLOWER, 45087365-1608-4817-8e49-1b233997f081|rpc:10.1.74.1:15041|admin:10.1.74.1:15040|client:10.1.74.1:15039|dataStream:10.1.74.1:15042|priority:0|startupRole:FOLLOWER, 57515d40-5a2b-4760-820a-8e251d1bbde2|rpc:10.1.74.1:15059|admin:10.1.74.1:15058|client:10.1.74.1:15057|dataStream:10.1.74.1:15060|priority:0|startupRole:FOLLOWER] returns group-881D66BC670E:java.util.concurrent.CompletableFuture@2493119e[Not completed]
2023-06-02 05:15:29,874 [45087365-1608-4817-8e49-1b233997f081@group-61D112A2075D-FollowerState] INFO  server.RaftServerConfigKeys (ConfUtils.java:logFallback(53)) - raft.server.rpc.first-election.timeout.min = 5s (fallback to raft.server.rpc.timeout.min)
2023-06-02 05:15:29,878 [PipelineCommandHandlerThread-0] INFO  commandhandler.CreatePipelineCommandHandler (CreatePipelineCommandHandler.java:lambda$handle$2(124)) - Created Pipeline RATIS THREE PipelineID=fe6d5e3d-8cf4-48d0-a6b4-a3fcdcc912b4.
2023-06-02 05:15:29,876 [45087365-1608-4817-8e49-1b233997f081-groupManagement] INFO  server.RaftServer$Division (RaftServerImpl.java:<init>(198)) - 45087365-1608-4817-8e49-1b233997f081: new RaftServerImpl for group-881D66BC670E:[bf3b8f25-dffd-4d70-aae5-69cf4c3dc4d1|rpc:10.1.74.1:15050|admin:10.1.74.1:15049|client:10.1.74.1:15048|dataStream:10.1.74.1:15051|priority:1|startupRole:FOLLOWER, 45087365-1608-4817-8e49-1b233997f081|rpc:10.1.74.1:15041|admin:10.1.74.1:15040|client:10.1.74.1:15039|dataStream:10.1.74.1:15042|priority:0|startupRole:FOLLOWER, 57515d40-5a2b-4760-820a-8e251d1bbde2|rpc:10.1.74.1:15059|admin:10.1.74.1:15058|client:10.1.74.1:15057|dataStream:10.1.74.1:15060|priority:0|startupRole:FOLLOWER] with ContainerStateMachine:uninitialized
2023-06-02 05:15:29,875 [PipelineCommandHandlerThread-0] INFO  commandhandler.CreatePipelineCommandHandler (CreatePipelineCommandHandler.java:lambda$handle$2(124)) - Created Pipeline RATIS THREE PipelineID=fe6d5e3d-8cf4-48d0-a6b4-a3fcdcc912b4.
2023-06-02 05:15:29,883 [45087365-1608-4817-8e49-1b233997f081-groupManagement] INFO  server.RaftServerConfigKeys (ConfUtils.java:logGet(46)) - raft.server.rpc.timeout.min = 5s (custom)
2023-06-02 05:15:29,885 [45087365-1608-4817-8e49-1b233997f081-groupManagement] INFO  server.RaftServerConfigKeys (ConfUtils.java:logGet(46)) - raft.server.rpc.timeout.max = 5200ms (custom)
2023-06-02 05:15:29,886 [45087365-1608-4817-8e49-1b233997f081-groupManagement] INFO  server.RaftServerConfigKeys (ConfUtils.java:logGet(46)) - raft.server.rpc.sleep.time = 25ms (default)
2023-06-02 05:15:29,886 [45087365-1608-4817-8e49-1b233997f081-groupManagement] INFO  server.RaftServerConfigKeys (ConfUtils.java:logGet(46)) - raft.server.rpc.slowness.timeout = 300s (custom)
2023-06-02 05:15:29,886 [45087365-1608-4817-8e49-1b233997f081-groupManagement] INFO  server.RaftServerConfigKeys (ConfUtils.java:logGet(46)) - raft.server.leaderelection.leader.step-down.wait-time = 10s (default)
2023-06-02 05:15:29,886 [45087365-1608-4817-8e49-1b233997f081-groupManagement] INFO  server.RaftServerConfigKeys (ConfUtils.java:logGet(46)) - raft.server.sleep.deviation.threshold = 300ms (default)
2023-06-02 05:15:29,886 [45087365-1608-4817-8e49-1b233997f081-groupManagement] INFO  server.RaftServer$Division (ServerState.java:<init>(120)) - 45087365-1608-4817-8e49-1b233997f081@group-881D66BC670E: ConfigurationManager, init=-1: peers:[bf3b8f25-dffd-4d70-aae5-69cf4c3dc4d1|rpc:10.1.74.1:15050|admin:10.1.74.1:15049|client:10.1.74.1:15048|dataStream:10.1.74.1:15051|priority:1|startupRole:FOLLOWER, 45087365-1608-4817-8e49-1b233997f081|rpc:10.1.74.1:15041|admin:10.1.74.1:15040|client:10.1.74.1:15039|dataStream:10.1.74.1:15042|priority:0|startupRole:FOLLOWER, 57515d40-5a2b-4760-820a-8e251d1bbde2|rpc:10.1.74.1:15059|admin:10.1.74.1:15058|client:10.1.74.1:15057|dataStream:10.1.74.1:15060|priority:0|startupRole:FOLLOWER]|listeners:[], old=null, confs=<EMPTY_MAP>
2023-06-02 05:15:29,888 [45087365-1608-4817-8e49-1b233997f081-groupManagement] INFO  server.RaftServerConfigKeys (ConfUtils.java:logGet(46)) - raft.server.storage.dir = [/home/runner/work/ozone/ozone/hadoop-ozone/integration-test/target/test-dir/MiniOzoneClusterImpl-4e6c5432-da36-405d-b7f1-05871ead9573/datanode-3/data/ratis] (custom)
2023-06-02 05:15:29,888 [45087365-1608-4817-8e49-1b233997f081-groupManagement] INFO  server.RaftServerConfigKeys (ConfUtils.java:logGet(46)) - raft.server.log.corruption.policy = EXCEPTION (default)
2023-06-02 05:15:29,888 [45087365-1608-4817-8e49-1b233997f081-groupManagement] INFO  server.RaftServerConfigKeys (ConfUtils.java:logGet(46)) - raft.server.storage.free-space.min = 0MB (=0) (default)
2023-06-02 05:15:29,888 [45087365-1608-4817-8e49-1b233997f081-groupManagement] INFO  server.RaftServerConfigKeys (ConfUtils.java:logGet(46)) - raft.server.notification.no-leader.timeout = 300s (custom)
2023-06-02 05:15:29,888 [45087365-1608-4817-8e49-1b233997f081-groupManagement] INFO  server.RaftServerConfigKeys (ConfUtils.java:logGet(46)) - raft.server.read.timeout = 10s (default)
2023-06-02 05:15:29,888 [45087365-1608-4817-8e49-1b233997f081-groupManagement] INFO  server.RaftServerConfigKeys (ConfUtils.java:logGet(46)) - raft.server.retrycache.expirytime = 600000ms (custom)
2023-06-02 05:15:29,888 [45087365-1608-4817-8e49-1b233997f081-groupManagement] INFO  server.RaftServerConfigKeys (ConfUtils.java:logGet(46)) - raft.server.retrycache.statistics.expirytime = 100μs (default)
2023-06-02 05:15:29,889 [45087365-1608-4817-8e49-1b233997f081-groupManagement] INFO  server.RaftServerConfigKeys (ConfUtils.java:logGet(46)) - raft.server.read.option = DEFAULT (default)
2023-06-02 05:15:29,891 [45087365-1608-4817-8e49-1b233997f081-groupManagement] INFO  server.RaftServerConfigKeys (ConfUtils.java:logGet(46)) - raft.server.rpc.request.timeout = 60s (custom)
2023-06-02 05:15:29,891 [45087365-1608-4817-8e49-1b233997f081-groupManagement] INFO  server.RaftServerConfigKeys (ConfUtils.java:logGet(46)) - raft.server.log.appender.install.snapshot.enabled = false (custom)
2023-06-02 05:15:29,891 [45087365-1608-4817-8e49-1b233997f081-groupManagement] INFO  server.RaftServerConfigKeys (ConfUtils.java:logGet(46)) - raft.server.threadpool.server.cached = true (default)
2023-06-02 05:15:29,891 [45087365-1608-4817-8e49-1b233997f081-groupManagement] INFO  server.RaftServerConfigKeys (ConfUtils.java:logGet(46)) - raft.server.threadpool.server.size = 0 (default)
2023-06-02 05:15:29,891 [45087365-1608-4817-8e49-1b233997f081-groupManagement] INFO  server.RaftServerConfigKeys (ConfUtils.java:logGet(46)) - raft.server.threadpool.client.cached = true (default)
2023-06-02 05:15:29,891 [45087365-1608-4817-8e49-1b233997f081-groupManagement] INFO  server.RaftServerConfigKeys (ConfUtils.java:logGet(46)) - raft.server.threadpool.client.size = 0 (default)
2023-06-02 05:15:29,892 [45087365-1608-4817-8e49-1b233997f081-groupManagement] INFO  storage.RaftStorageDirectory (RaftStorageDirectoryImpl.java:analyzeStorage(137)) - The storage directory /home/runner/work/ozone/ozone/hadoop-ozone/integration-test/target/test-dir/MiniOzoneClusterImpl-4e6c5432-da36-405d-b7f1-05871ead9573/datanode-3/data/ratis/b54f538c-23aa-47e5-a8e7-881d66bc670e does not exist. Creating ...
2023-06-02 05:15:29,893 [45087365-1608-4817-8e49-1b233997f081@group-61D112A2075D-FollowerState] INFO  server.RaftServerConfigKeys (ConfUtils.java:logFallback(53)) - raft.server.rpc.first-election.timeout.max = 5200ms (fallback to raft.server.rpc.timeout.max)
2023-06-02 05:15:29,897 [45087365-1608-4817-8e49-1b233997f081-groupManagement] INFO  storage.RaftStorageDirectory (RaftStorageDirectoryImpl.java:tryLock(231)) - Lock on /home/runner/work/ozone/ozone/hadoop-ozone/integration-test/target/test-dir/MiniOzoneClusterImpl-4e6c5432-da36-405d-b7f1-05871ead9573/datanode-3/data/ratis/b54f538c-23aa-47e5-a8e7-881d66bc670e/in_use.lock acquired by nodename 65026@fv-az628-647
2023-06-02 05:15:29,904 [45087365-1608-4817-8e49-1b233997f081-groupManagement] INFO  storage.RaftStorage (RaftStorageImpl.java:format(96)) - Storage directory /home/runner/work/ozone/ozone/hadoop-ozone/integration-test/target/test-dir/MiniOzoneClusterImpl-4e6c5432-da36-405d-b7f1-05871ead9573/datanode-3/data/ratis/b54f538c-23aa-47e5-a8e7-881d66bc670e has been successfully formatted.
2023-06-02 05:15:29,905 [45087365-1608-4817-8e49-1b233997f081-groupManagement] INFO  ratis.ContainerStateMachine (ContainerStateMachine.java:loadSnapshot(262)) - group-881D66BC670E: The snapshot info is null. Setting the last applied indexto:(t:0, i:~)
2023-06-02 05:15:29,905 [45087365-1608-4817-8e49-1b233997f081-groupManagement] INFO  server.RaftServerConfigKeys (ConfUtils.java:logGet(46)) - raft.server.log.use.memory = false (default)
2023-06-02 05:15:29,905 [45087365-1608-4817-8e49-1b233997f081-groupManagement] INFO  server.RaftServerConfigKeys (ConfUtils.java:logGet(46)) - raft.server.log.purge.gap = 1000000 (custom)
2023-06-02 05:15:29,907 [45087365-1608-4817-8e49-1b233997f081-groupManagement] INFO  server.RaftServerConfigKeys (ConfUtils.java:logGet(46)) - raft.server.log.appender.buffer.byte-limit = 33554432 (custom)
2023-06-02 05:15:29,908 [45087365-1608-4817-8e49-1b233997f081-groupManagement] INFO  server.RaftServerConfigKeys (ConfUtils.java:logGet(46)) - raft.server.log.statemachine.data.read.timeout = 1000ms (default)
2023-06-02 05:15:29,908 [45087365-1608-4817-8e49-1b233997f081-groupManagement] INFO  server.RaftServerConfigKeys (ConfUtils.java:logGet(46)) - raft.server.log.purge.preservation.log.num = 0 (default)
2023-06-02 05:15:29,908 [45087365-1608-4817-8e49-1b233997f081-groupManagement] INFO  server.RaftServerConfigKeys (ConfUtils.java:logGet(46)) - raft.server.log.segment.size.max = 1048576 (custom)
2023-06-02 05:15:29,909 [45087365-1608-4817-8e49-1b233997f081-groupManagement] INFO  server.RaftServerConfigKeys (ConfUtils.java:logGet(46)) - raft.server.log.segment.cache.num.max = 2 (custom)
2023-06-02 05:15:29,909 [45087365-1608-4817-8e49-1b233997f081-groupManagement] INFO  server.RaftServerConfigKeys (ConfUtils.java:logGet(46)) - raft.server.log.segment.cache.size.max = 200MB (=209715200) (default)
2023-06-02 05:15:29,909 [45087365-1608-4817-8e49-1b233997f081-groupManagement] INFO  server.RaftServerConfigKeys (ConfUtils.java:logGet(46)) - raft.server.log.appender.buffer.byte-limit = 33554432 (custom)
2023-06-02 05:15:29,909 [45087365-1608-4817-8e49-1b233997f081-groupManagement] INFO  segmented.SegmentedRaftLogWorker (SegmentedRaftLogWorker.java:<init>(188)) - new 45087365-1608-4817-8e49-1b233997f081@group-881D66BC670E-SegmentedRaftLogWorker for RaftStorageImpl:Storage Directory /home/runner/work/ozone/ozone/hadoop-ozone/integration-test/target/test-dir/MiniOzoneClusterImpl-4e6c5432-da36-405d-b7f1-05871ead9573/datanode-3/data/ratis/b54f538c-23aa-47e5-a8e7-881d66bc670e
2023-06-02 05:15:29,909 [45087365-1608-4817-8e49-1b233997f081-groupManagement] INFO  server.RaftServerConfigKeys (ConfUtils.java:logGet(46)) - raft.server.log.queue.byte-limit = 4294967296 (custom)
2023-06-02 05:15:29,909 [45087365-1608-4817-8e49-1b233997f081-groupManagement] INFO  server.RaftServerConfigKeys (ConfUtils.java:logGet(46)) - raft.server.log.queue.element-limit = 1024 (custom)
2023-06-02 05:15:29,909 [45087365-1608-4817-8e49-1b233997f081-groupManagement] INFO  server.RaftServerConfigKeys (ConfUtils.java:logGet(46)) - raft.server.log.segment.size.max = 1048576 (custom)
2023-06-02 05:15:29,909 [45087365-1608-4817-8e49-1b233997f081-groupManagement] INFO  server.RaftServerConfigKeys (ConfUtils.java:logGet(46)) - raft.server.log.preallocated.size = 16384 (custom)
2023-06-02 05:15:29,909 [45087365-1608-4817-8e49-1b233997f081-groupManagement] INFO  server.RaftServerConfigKeys (ConfUtils.java:logGet(46)) - raft.server.log.force.sync.num = 128 (default)
2023-06-02 05:15:29,909 [45087365-1608-4817-8e49-1b233997f081-groupManagement] INFO  server.RaftServerConfigKeys (ConfUtils.java:logGet(46)) - raft.server.log.statemachine.data.sync = true (default)
2023-06-02 05:15:29,909 [45087365-1608-4817-8e49-1b233997f081-groupManagement] INFO  server.RaftServerConfigKeys (ConfUtils.java:logGet(46)) - raft.server.log.statemachine.data.sync.timeout = 10s (default)
2023-06-02 05:15:29,910 [45087365-1608-4817-8e49-1b233997f081-groupManagement] INFO  server.RaftServerConfigKeys (ConfUtils.java:logGet(46)) - raft.server.log.statemachine.data.sync.timeout.retry = -1 (default)
2023-06-02 05:15:29,915 [EventQueue-OpenPipelineForHealthyPipelineSafeModeRule] INFO  safemode.SCMSafeModeManager (HealthyPipelineSafeModeRule.java:process(137)) - SCM in safe mode. Healthy pipelines reported count is 0, required healthy pipeline reported count is 1
2023-06-02 05:15:29,921 [45087365-1608-4817-8e49-1b233997f081-groupManagement] INFO  server.RaftServerConfigKeys (ConfUtils.java:logGet(46)) - raft.server.log.write.buffer.size = 1048576 (custom)
2023-06-02 05:15:29,921 [45087365-1608-4817-8e49-1b233997f081-groupManagement] INFO  server.RaftServerConfigKeys (ConfUtils.java:logGet(46)) - raft.server.log.appender.buffer.byte-limit = 33554432 (custom)
2023-06-02 05:15:29,929 [45087365-1608-4817-8e49-1b233997f081-groupManagement] INFO  server.RaftServerConfigKeys (ConfUtils.java:logGet(46)) - raft.server.log.unsafe-flush.enabled = false (default)
2023-06-02 05:15:29,929 [45087365-1608-4817-8e49-1b233997f081-groupManagement] INFO  server.RaftServerConfigKeys (ConfUtils.java:logGet(46)) - raft.server.log.async-flush.enabled = false (default)
2023-06-02 05:15:29,929 [45087365-1608-4817-8e49-1b233997f081-groupManagement] INFO  server.RaftServerConfigKeys (ConfUtils.java:logGet(46)) - raft.server.log.statemachine.data.caching.enabled = true (custom)
2023-06-02 05:15:29,930 [45087365-1608-4817-8e49-1b233997f081-groupManagement] INFO  segmented.SegmentedRaftLogWorker (SegmentedRaftLogWorker.java:lambda$new$0(135)) - 45087365-1608-4817-8e49-1b233997f081@group-881D66BC670E-SegmentedRaftLogWorker: flushIndex: setUnconditionally 0 -> -1
2023-06-02 05:15:29,930 [45087365-1608-4817-8e49-1b233997f081-groupManagement] INFO  segmented.SegmentedRaftLogWorker (SegmentedRaftLogWorker.java:lambda$new$0(135)) - 45087365-1608-4817-8e49-1b233997f081@group-881D66BC670E-SegmentedRaftLogWorker: safeCacheEvictIndex: setUnconditionally 0 -> -1
2023-06-02 05:15:29,931 [45087365-1608-4817-8e49-1b233997f081-groupManagement] INFO  server.RaftServer$Division (RaftServerImpl.java:start(342)) - 45087365-1608-4817-8e49-1b233997f081@group-881D66BC670E: start as a follower, conf=-1: peers:[bf3b8f25-dffd-4d70-aae5-69cf4c3dc4d1|rpc:10.1.74.1:15050|admin:10.1.74.1:15049|client:10.1.74.1:15048|dataStream:10.1.74.1:15051|priority:1|startupRole:FOLLOWER, 45087365-1608-4817-8e49-1b233997f081|rpc:10.1.74.1:15041|admin:10.1.74.1:15040|client:10.1.74.1:15039|dataStream:10.1.74.1:15042|priority:0|startupRole:FOLLOWER, 57515d40-5a2b-4760-820a-8e251d1bbde2|rpc:10.1.74.1:15059|admin:10.1.74.1:15058|client:10.1.74.1:15057|dataStream:10.1.74.1:15060|priority:0|startupRole:FOLLOWER]|listeners:[], old=null
2023-06-02 05:15:29,931 [45087365-1608-4817-8e49-1b233997f081-groupManagement] INFO  server.RaftServer$Division (RaftServerImpl.java:setRole(329)) - 45087365-1608-4817-8e49-1b233997f081@group-881D66BC670E: changes role from      null to FOLLOWER at term 0 for startAsFollower
2023-06-02 05:15:29,931 [45087365-1608-4817-8e49-1b233997f081-groupManagement] INFO  impl.RoleInfo (RoleInfo.java:updateAndGet(139)) - 45087365-1608-4817-8e49-1b233997f081: start 45087365-1608-4817-8e49-1b233997f081@group-881D66BC670E-FollowerState
2023-06-02 05:15:29,937 [45087365-1608-4817-8e49-1b233997f081-groupManagement] INFO  util.JmxRegister (JmxRegister.java:tryRegister(44)) - Successfully registered JMX Bean with object name Ratis:service=RaftServer,group=group-881D66BC670E,id=45087365-1608-4817-8e49-1b233997f081
2023-06-02 05:15:29,938 [45087365-1608-4817-8e49-1b233997f081-groupManagement] INFO  server.RaftServerConfigKeys (ConfUtils.java:logGet(46)) - raft.server.snapshot.auto.trigger.enabled = true (custom)
2023-06-02 05:15:29,938 [45087365-1608-4817-8e49-1b233997f081-groupManagement] INFO  server.RaftServerConfigKeys (ConfUtils.java:logGet(46)) - raft.server.snapshot.auto.trigger.threshold = 10000 (custom)
2023-06-02 05:15:29,938 [45087365-1608-4817-8e49-1b233997f081-groupManagement] INFO  server.RaftServerConfigKeys (ConfUtils.java:logGet(46)) - raft.server.snapshot.retention.file.num = 5 (custom)
2023-06-02 05:15:29,938 [45087365-1608-4817-8e49-1b233997f081-groupManagement] INFO  server.RaftServerConfigKeys (ConfUtils.java:logGet(46)) - raft.server.log.purge.upto.snapshot.index = false (default)
2023-06-02 05:15:29,946 [PipelineCommandHandlerThread-0] INFO  ratis.XceiverServerRatis (XceiverServerRatis.java:addGroup(804)) - Created group PipelineID=b54f538c-23aa-47e5-a8e7-881d66bc670e
2023-06-02 05:15:29,959 [45087365-1608-4817-8e49-1b233997f081@group-881D66BC670E-FollowerState] INFO  server.RaftServerConfigKeys (ConfUtils.java:logFallback(53)) - raft.server.rpc.first-election.timeout.min = 5s (fallback to raft.server.rpc.timeout.min)
2023-06-02 05:15:29,959 [45087365-1608-4817-8e49-1b233997f081@group-881D66BC670E-FollowerState] INFO  server.RaftServerConfigKeys (ConfUtils.java:logFallback(53)) - raft.server.rpc.first-election.timeout.max = 5200ms (fallback to raft.server.rpc.timeout.max)
2023-06-02 05:15:29,962 [PipelineCommandHandlerThread-0] INFO  commandhandler.CreatePipelineCommandHandler (CreatePipelineCommandHandler.java:lambda$handle$2(124)) - Created Pipeline RATIS THREE PipelineID=fe6d5e3d-8cf4-48d0-a6b4-a3fcdcc912b4.
2023-06-02 05:15:29,969 [grpc-default-executor-0] INFO  server.RaftServer (RaftServerProxy.java:addNew(98)) - bf3b8f25-dffd-4d70-aae5-69cf4c3dc4d1: addNew group-881D66BC670E:[bf3b8f25-dffd-4d70-aae5-69cf4c3dc4d1|rpc:10.1.74.1:15050|admin:10.1.74.1:15049|client:10.1.74.1:15048|dataStream:10.1.74.1:15051|priority:1|startupRole:FOLLOWER, 45087365-1608-4817-8e49-1b233997f081|rpc:10.1.74.1:15041|admin:10.1.74.1:15040|client:10.1.74.1:15039|dataStream:10.1.74.1:15042|priority:0|startupRole:FOLLOWER, 57515d40-5a2b-4760-820a-8e251d1bbde2|rpc:10.1.74.1:15059|admin:10.1.74.1:15058|client:10.1.74.1:15057|dataStream:10.1.74.1:15060|priority:0|startupRole:FOLLOWER] returns group-881D66BC670E:java.util.concurrent.CompletableFuture@618ec5a0[Not completed]
2023-06-02 05:15:29,974 [bf3b8f25-dffd-4d70-aae5-69cf4c3dc4d1-groupManagement] INFO  server.RaftServer$Division (RaftServerImpl.java:<init>(198)) - bf3b8f25-dffd-4d70-aae5-69cf4c3dc4d1: new RaftServerImpl for group-881D66BC670E:[bf3b8f25-dffd-4d70-aae5-69cf4c3dc4d1|rpc:10.1.74.1:15050|admin:10.1.74.1:15049|client:10.1.74.1:15048|dataStream:10.1.74.1:15051|priority:1|startupRole:FOLLOWER, 45087365-1608-4817-8e49-1b233997f081|rpc:10.1.74.1:15041|admin:10.1.74.1:15040|client:10.1.74.1:15039|dataStream:10.1.74.1:15042|priority:0|startupRole:FOLLOWER, 57515d40-5a2b-4760-820a-8e251d1bbde2|rpc:10.1.74.1:15059|admin:10.1.74.1:15058|client:10.1.74.1:15057|dataStream:10.1.74.1:15060|priority:0|startupRole:FOLLOWER] with ContainerStateMachine:uninitialized
2023-06-02 05:15:29,974 [bf3b8f25-dffd-4d70-aae5-69cf4c3dc4d1-groupManagement] INFO  server.RaftServerConfigKeys (ConfUtils.java:logGet(46)) - raft.server.rpc.timeout.min = 5s (custom)
2023-06-02 05:15:29,974 [bf3b8f25-dffd-4d70-aae5-69cf4c3dc4d1-groupManagement] INFO  server.RaftServerConfigKeys (ConfUtils.java:logGet(46)) - raft.server.rpc.timeout.max = 5200ms (custom)
2023-06-02 05:15:29,974 [bf3b8f25-dffd-4d70-aae5-69cf4c3dc4d1-groupManagement] INFO  server.RaftServerConfigKeys (ConfUtils.java:logGet(46)) - raft.server.rpc.sleep.time = 25ms (default)
2023-06-02 05:15:29,974 [bf3b8f25-dffd-4d70-aae5-69cf4c3dc4d1-groupManagement] INFO  server.RaftServerConfigKeys (ConfUtils.java:logGet(46)) - raft.server.rpc.slowness.timeout = 300s (custom)
2023-06-02 05:15:29,974 [bf3b8f25-dffd-4d70-aae5-69cf4c3dc4d1-groupManagement] INFO  server.RaftServerConfigKeys (ConfUtils.java:logGet(46)) - raft.server.leaderelection.leader.step-down.wait-time = 10s (default)
2023-06-02 05:15:29,974 [bf3b8f25-dffd-4d70-aae5-69cf4c3dc4d1-groupManagement] INFO  server.RaftServerConfigKeys (ConfUtils.java:logGet(46)) - raft.server.sleep.deviation.threshold = 300ms (default)
2023-06-02 05:15:29,974 [bf3b8f25-dffd-4d70-aae5-69cf4c3dc4d1-groupManagement] INFO  server.RaftServer$Division (ServerState.java:<init>(120)) - bf3b8f25-dffd-4d70-aae5-69cf4c3dc4d1@group-881D66BC670E: ConfigurationManager, init=-1: peers:[bf3b8f25-dffd-4d70-aae5-69cf4c3dc4d1|rpc:10.1.74.1:15050|admin:10.1.74.1:15049|client:10.1.74.1:15048|dataStream:10.1.74.1:15051|priority:1|startupRole:FOLLOWER, 45087365-1608-4817-8e49-1b233997f081|rpc:10.1.74.1:15041|admin:10.1.74.1:15040|client:10.1.74.1:15039|dataStream:10.1.74.1:15042|priority:0|startupRole:FOLLOWER, 57515d40-5a2b-4760-820a-8e251d1bbde2|rpc:10.1.74.1:15059|admin:10.1.74.1:15058|client:10.1.74.1:15057|dataStream:10.1.74.1:15060|priority:0|startupRole:FOLLOWER]|listeners:[], old=null, confs=<EMPTY_MAP>
2023-06-02 05:15:29,975 [bf3b8f25-dffd-4d70-aae5-69cf4c3dc4d1-groupManagement] INFO  server.RaftServerConfigKeys (ConfUtils.java:logGet(46)) - raft.server.storage.dir = [/home/runner/work/ozone/ozone/hadoop-ozone/integration-test/target/test-dir/MiniOzoneClusterImpl-4e6c5432-da36-405d-b7f1-05871ead9573/datanode-4/data/ratis] (custom)
2023-06-02 05:15:29,975 [bf3b8f25-dffd-4d70-aae5-69cf4c3dc4d1-groupManagement] INFO  server.RaftServerConfigKeys (ConfUtils.java:logGet(46)) - raft.server.log.corruption.policy = EXCEPTION (default)
2023-06-02 05:15:29,976 [bf3b8f25-dffd-4d70-aae5-69cf4c3dc4d1-groupManagement] INFO  server.RaftServerConfigKeys (ConfUtils.java:logGet(46)) - raft.server.storage.free-space.min = 0MB (=0) (default)
2023-06-02 05:15:29,977 [bf3b8f25-dffd-4d70-aae5-69cf4c3dc4d1-groupManagement] INFO  server.RaftServerConfigKeys (ConfUtils.java:logGet(46)) - raft.server.notification.no-leader.timeout = 300s (custom)
2023-06-02 05:15:29,977 [bf3b8f25-dffd-4d70-aae5-69cf4c3dc4d1-groupManagement] INFO  server.RaftServerConfigKeys (ConfUtils.java:logGet(46)) - raft.server.read.timeout = 10s (default)
2023-06-02 05:15:29,977 [bf3b8f25-dffd-4d70-aae5-69cf4c3dc4d1-groupManagement] INFO  server.RaftServerConfigKeys (ConfUtils.java:logGet(46)) - raft.server.retrycache.expirytime = 600000ms (custom)
2023-06-02 05:15:29,977 [bf3b8f25-dffd-4d70-aae5-69cf4c3dc4d1-groupManagement] INFO  server.RaftServerConfigKeys (ConfUtils.java:logGet(46)) - raft.server.retrycache.statistics.expirytime = 100μs (default)
2023-06-02 05:15:29,977 [bf3b8f25-dffd-4d70-aae5-69cf4c3dc4d1-groupManagement] INFO  server.RaftServerConfigKeys (ConfUtils.java:logGet(46)) - raft.server.read.option = DEFAULT (default)
2023-06-02 05:15:29,982 [bf3b8f25-dffd-4d70-aae5-69cf4c3dc4d1-groupManagement] INFO  server.RaftServerConfigKeys (ConfUtils.java:logGet(46)) - raft.server.rpc.request.timeout = 60s (custom)
2023-06-02 05:15:29,983 [bf3b8f25-dffd-4d70-aae5-69cf4c3dc4d1-groupManagement] INFO  server.RaftServerConfigKeys (ConfUtils.java:logGet(46)) - raft.server.log.appender.install.snapshot.enabled = false (custom)
2023-06-02 05:15:29,983 [bf3b8f25-dffd-4d70-aae5-69cf4c3dc4d1-groupManagement] INFO  server.RaftServerConfigKeys (ConfUtils.java:logGet(46)) - raft.server.threadpool.server.cached = true (default)
2023-06-02 05:15:29,983 [bf3b8f25-dffd-4d70-aae5-69cf4c3dc4d1-groupManagement] INFO  server.RaftServerConfigKeys (ConfUtils.java:logGet(46)) - raft.server.threadpool.server.size = 0 (default)
2023-06-02 05:15:29,983 [bf3b8f25-dffd-4d70-aae5-69cf4c3dc4d1-groupManagement] INFO  server.RaftServerConfigKeys (ConfUtils.java:logGet(46)) - raft.server.threadpool.client.cached = true (default)
2023-06-02 05:15:29,983 [bf3b8f25-dffd-4d70-aae5-69cf4c3dc4d1-groupManagement] INFO  server.RaftServerConfigKeys (ConfUtils.java:logGet(46)) - raft.server.threadpool.client.size = 0 (default)
2023-06-02 05:15:29,983 [bf3b8f25-dffd-4d70-aae5-69cf4c3dc4d1-groupManagement] INFO  storage.RaftStorageDirectory (RaftStorageDirectoryImpl.java:analyzeStorage(137)) - The storage directory /home/runner/work/ozone/ozone/hadoop-ozone/integration-test/target/test-dir/MiniOzoneClusterImpl-4e6c5432-da36-405d-b7f1-05871ead9573/datanode-4/data/ratis/b54f538c-23aa-47e5-a8e7-881d66bc670e does not exist. Creating ...
2023-06-02 05:15:29,984 [bf3b8f25-dffd-4d70-aae5-69cf4c3dc4d1-groupManagement] INFO  storage.RaftStorageDirectory (RaftStorageDirectoryImpl.java:tryLock(231)) - Lock on /home/runner/work/ozone/ozone/hadoop-ozone/integration-test/target/test-dir/MiniOzoneClusterImpl-4e6c5432-da36-405d-b7f1-05871ead9573/datanode-4/data/ratis/b54f538c-23aa-47e5-a8e7-881d66bc670e/in_use.lock acquired by nodename 65026@fv-az628-647
2023-06-02 05:15:29,986 [bf3b8f25-dffd-4d70-aae5-69cf4c3dc4d1-groupManagement] INFO  storage.RaftStorage (RaftStorageImpl.java:format(96)) - Storage directory /home/runner/work/ozone/ozone/hadoop-ozone/integration-test/target/test-dir/MiniOzoneClusterImpl-4e6c5432-da36-405d-b7f1-05871ead9573/datanode-4/data/ratis/b54f538c-23aa-47e5-a8e7-881d66bc670e has been successfully formatted.
2023-06-02 05:15:29,988 [bf3b8f25-dffd-4d70-aae5-69cf4c3dc4d1-groupManagement] INFO  ratis.ContainerStateMachine (ContainerStateMachine.java:loadSnapshot(262)) - group-881D66BC670E: The snapshot info is null. Setting the last applied indexto:(t:0, i:~)
2023-06-02 05:15:29,988 [bf3b8f25-dffd-4d70-aae5-69cf4c3dc4d1-groupManagement] INFO  server.RaftServerConfigKeys (ConfUtils.java:logGet(46)) - raft.server.log.use.memory = false (default)
2023-06-02 05:15:29,989 [bf3b8f25-dffd-4d70-aae5-69cf4c3dc4d1-groupManagement] INFO  server.RaftServerConfigKeys (ConfUtils.java:logGet(46)) - raft.server.log.purge.gap = 1000000 (custom)
2023-06-02 05:15:29,989 [bf3b8f25-dffd-4d70-aae5-69cf4c3dc4d1-groupManagement] INFO  server.RaftServerConfigKeys (ConfUtils.java:logGet(46)) - raft.server.log.appender.buffer.byte-limit = 33554432 (custom)
2023-06-02 05:15:29,989 [bf3b8f25-dffd-4d70-aae5-69cf4c3dc4d1-groupManagement] INFO  server.RaftServerConfigKeys (ConfUtils.java:logGet(46)) - raft.server.log.statemachine.data.read.timeout = 1000ms (default)
2023-06-02 05:15:29,989 [bf3b8f25-dffd-4d70-aae5-69cf4c3dc4d1-groupManagement] INFO  server.RaftServerConfigKeys (ConfUtils.java:logGet(46)) - raft.server.log.purge.preservation.log.num = 0 (default)
2023-06-02 05:15:29,989 [bf3b8f25-dffd-4d70-aae5-69cf4c3dc4d1-groupManagement] INFO  server.RaftServerConfigKeys (ConfUtils.java:logGet(46)) - raft.server.log.segment.size.max = 1048576 (custom)
2023-06-02 05:15:29,990 [bf3b8f25-dffd-4d70-aae5-69cf4c3dc4d1-groupManagement] INFO  server.RaftServerConfigKeys (ConfUtils.java:logGet(46)) - raft.server.log.segment.cache.num.max = 2 (custom)
2023-06-02 05:15:29,990 [bf3b8f25-dffd-4d70-aae5-69cf4c3dc4d1-groupManagement] INFO  server.RaftServerConfigKeys (ConfUtils.java:logGet(46)) - raft.server.log.segment.cache.size.max = 200MB (=209715200) (default)
2023-06-02 05:15:29,991 [bf3b8f25-dffd-4d70-aae5-69cf4c3dc4d1-groupManagement] INFO  server.RaftServerConfigKeys (ConfUtils.java:logGet(46)) - raft.server.log.appender.buffer.byte-limit = 33554432 (custom)
2023-06-02 05:15:29,991 [bf3b8f25-dffd-4d70-aae5-69cf4c3dc4d1-groupManagement] INFO  segmented.SegmentedRaftLogWorker (SegmentedRaftLogWorker.java:<init>(188)) - new bf3b8f25-dffd-4d70-aae5-69cf4c3dc4d1@group-881D66BC670E-SegmentedRaftLogWorker for RaftStorageImpl:Storage Directory /home/runner/work/ozone/ozone/hadoop-ozone/integration-test/target/test-dir/MiniOzoneClusterImpl-4e6c5432-da36-405d-b7f1-05871ead9573/datanode-4/data/ratis/b54f538c-23aa-47e5-a8e7-881d66bc670e
2023-06-02 05:15:29,991 [bf3b8f25-dffd-4d70-aae5-69cf4c3dc4d1-groupManagement] INFO  server.RaftServerConfigKeys (ConfUtils.java:logGet(46)) - raft.server.log.queue.byte-limit = 4294967296 (custom)
2023-06-02 05:15:29,991 [bf3b8f25-dffd-4d70-aae5-69cf4c3dc4d1-groupManagement] INFO  server.RaftServerConfigKeys (ConfUtils.java:logGet(46)) - raft.server.log.queue.element-limit = 1024 (custom)
2023-06-02 05:15:29,991 [bf3b8f25-dffd-4d70-aae5-69cf4c3dc4d1-groupManagement] INFO  server.RaftServerConfigKeys (ConfUtils.java:logGet(46)) - raft.server.log.segment.size.max = 1048576 (custom)
2023-06-02 05:15:29,991 [bf3b8f25-dffd-4d70-aae5-69cf4c3dc4d1-groupManagement] INFO  server.RaftServerConfigKeys (ConfUtils.java:logGet(46)) - raft.server.log.preallocated.size = 16384 (custom)
2023-06-02 05:15:29,991 [bf3b8f25-dffd-4d70-aae5-69cf4c3dc4d1-groupManagement] INFO  server.RaftServerConfigKeys (ConfUtils.java:logGet(46)) - raft.server.log.force.sync.num = 128 (default)
2023-06-02 05:15:29,991 [bf3b8f25-dffd-4d70-aae5-69cf4c3dc4d1-groupManagement] INFO  server.RaftServerConfigKeys (ConfUtils.java:logGet(46)) - raft.server.log.statemachine.data.sync = true (default)
2023-06-02 05:15:29,991 [bf3b8f25-dffd-4d70-aae5-69cf4c3dc4d1-groupManagement] INFO  server.RaftServerConfigKeys (ConfUtils.java:logGet(46)) - raft.server.log.statemachine.data.sync.timeout = 10s (default)
2023-06-02 05:15:29,991 [bf3b8f25-dffd-4d70-aae5-69cf4c3dc4d1-groupManagement] INFO  server.RaftServerConfigKeys (ConfUtils.java:logGet(46)) - raft.server.log.statemachine.data.sync.timeout.retry = -1 (default)
2023-06-02 05:15:29,993 [bf3b8f25-dffd-4d70-aae5-69cf4c3dc4d1-groupManagement] INFO  server.RaftServerConfigKeys (ConfUtils.java:logGet(46)) - raft.server.log.write.buffer.size = 1048576 (custom)
2023-06-02 05:15:29,994 [bf3b8f25-dffd-4d70-aae5-69cf4c3dc4d1-groupManagement] INFO  server.RaftServerConfigKeys (ConfUtils.java:logGet(46)) - raft.server.log.appender.buffer.byte-limit = 33554432 (custom)
2023-06-02 05:15:30,001 [bf3b8f25-dffd-4d70-aae5-69cf4c3dc4d1-groupManagement] INFO  server.RaftServerConfigKeys (ConfUtils.java:logGet(46)) - raft.server.log.unsafe-flush.enabled = false (default)
2023-06-02 05:15:30,001 [bf3b8f25-dffd-4d70-aae5-69cf4c3dc4d1-groupManagement] INFO  server.RaftServerConfigKeys (ConfUtils.java:logGet(46)) - raft.server.log.async-flush.enabled = false (default)
2023-06-02 05:15:30,002 [bf3b8f25-dffd-4d70-aae5-69cf4c3dc4d1-groupManagement] INFO  server.RaftServerConfigKeys (ConfUtils.java:logGet(46)) - raft.server.log.statemachine.data.caching.enabled = true (custom)
2023-06-02 05:15:30,002 [bf3b8f25-dffd-4d70-aae5-69cf4c3dc4d1-groupManagement] INFO  segmented.SegmentedRaftLogWorker (SegmentedRaftLogWorker.java:lambda$new$0(135)) - bf3b8f25-dffd-4d70-aae5-69cf4c3dc4d1@group-881D66BC670E-SegmentedRaftLogWorker: flushIndex: setUnconditionally 0 -> -1
2023-06-02 05:15:30,002 [bf3b8f25-dffd-4d70-aae5-69cf4c3dc4d1-groupManagement] INFO  segmented.SegmentedRaftLogWorker (SegmentedRaftLogWorker.java:lambda$new$0(135)) - bf3b8f25-dffd-4d70-aae5-69cf4c3dc4d1@group-881D66BC670E-SegmentedRaftLogWorker: safeCacheEvictIndex: setUnconditionally 0 -> -1
2023-06-02 05:15:30,002 [bf3b8f25-dffd-4d70-aae5-69cf4c3dc4d1-groupManagement] INFO  server.RaftServer$Division (RaftServerImpl.java:start(342)) - bf3b8f25-dffd-4d70-aae5-69cf4c3dc4d1@group-881D66BC670E: start as a follower, conf=-1: peers:[bf3b8f25-dffd-4d70-aae5-69cf4c3dc4d1|rpc:10.1.74.1:15050|admin:10.1.74.1:15049|client:10.1.74.1:15048|dataStream:10.1.74.1:15051|priority:1|startupRole:FOLLOWER, 45087365-1608-4817-8e49-1b233997f081|rpc:10.1.74.1:15041|admin:10.1.74.1:15040|client:10.1.74.1:15039|dataStream:10.1.74.1:15042|priority:0|startupRole:FOLLOWER, 57515d40-5a2b-4760-820a-8e251d1bbde2|rpc:10.1.74.1:15059|admin:10.1.74.1:15058|client:10.1.74.1:15057|dataStream:10.1.74.1:15060|priority:0|startupRole:FOLLOWER]|listeners:[], old=null
2023-06-02 05:15:30,002 [bf3b8f25-dffd-4d70-aae5-69cf4c3dc4d1-groupManagement] INFO  server.RaftServer$Division (RaftServerImpl.java:setRole(329)) - bf3b8f25-dffd-4d70-aae5-69cf4c3dc4d1@group-881D66BC670E: changes role from      null to FOLLOWER at term 0 for startAsFollower
2023-06-02 05:15:30,002 [bf3b8f25-dffd-4d70-aae5-69cf4c3dc4d1-groupManagement] INFO  impl.RoleInfo (RoleInfo.java:updateAndGet(139)) - bf3b8f25-dffd-4d70-aae5-69cf4c3dc4d1: start bf3b8f25-dffd-4d70-aae5-69cf4c3dc4d1@group-881D66BC670E-FollowerState
2023-06-02 05:15:30,006 [bf3b8f25-dffd-4d70-aae5-69cf4c3dc4d1-groupManagement] INFO  util.JmxRegister (JmxRegister.java:tryRegister(44)) - Successfully registered JMX Bean with object name Ratis:service=RaftServer,group=group-881D66BC670E,id=bf3b8f25-dffd-4d70-aae5-69cf4c3dc4d1
2023-06-02 05:15:30,006 [bf3b8f25-dffd-4d70-aae5-69cf4c3dc4d1-groupManagement] INFO  server.RaftServerConfigKeys (ConfUtils.java:logGet(46)) - raft.server.snapshot.auto.trigger.enabled = true (custom)
2023-06-02 05:15:30,006 [bf3b8f25-dffd-4d70-aae5-69cf4c3dc4d1-groupManagement] INFO  server.RaftServerConfigKeys (ConfUtils.java:logGet(46)) - raft.server.snapshot.auto.trigger.threshold = 10000 (custom)
2023-06-02 05:15:30,006 [bf3b8f25-dffd-4d70-aae5-69cf4c3dc4d1-groupManagement] INFO  server.RaftServerConfigKeys (ConfUtils.java:logGet(46)) - raft.server.snapshot.retention.file.num = 5 (custom)
2023-06-02 05:15:30,006 [bf3b8f25-dffd-4d70-aae5-69cf4c3dc4d1-groupManagement] INFO  server.RaftServerConfigKeys (ConfUtils.java:logGet(46)) - raft.server.log.purge.upto.snapshot.index = false (default)
2023-06-02 05:15:30,007 [bf3b8f25-dffd-4d70-aae5-69cf4c3dc4d1@group-881D66BC670E-FollowerState] INFO  server.RaftServerConfigKeys (ConfUtils.java:logFallback(53)) - raft.server.rpc.first-election.timeout.min = 5s (fallback to raft.server.rpc.timeout.min)
2023-06-02 05:15:30,025 [bf3b8f25-dffd-4d70-aae5-69cf4c3dc4d1@group-881D66BC670E-FollowerState] INFO  server.RaftServerConfigKeys (ConfUtils.java:logFallback(53)) - raft.server.rpc.first-election.timeout.max = 5200ms (fallback to raft.server.rpc.timeout.max)
2023-06-02 05:15:30,068 [grpc-default-executor-0] INFO  server.RaftServer (RaftServerProxy.java:addNew(98)) - 57515d40-5a2b-4760-820a-8e251d1bbde2: addNew group-881D66BC670E:[bf3b8f25-dffd-4d70-aae5-69cf4c3dc4d1|rpc:10.1.74.1:15050|admin:10.1.74.1:15049|client:10.1.74.1:15048|dataStream:10.1.74.1:15051|priority:1|startupRole:FOLLOWER, 45087365-1608-4817-8e49-1b233997f081|rpc:10.1.74.1:15041|admin:10.1.74.1:15040|client:10.1.74.1:15039|dataStream:10.1.74.1:15042|priority:0|startupRole:FOLLOWER, 57515d40-5a2b-4760-820a-8e251d1bbde2|rpc:10.1.74.1:15059|admin:10.1.74.1:15058|client:10.1.74.1:15057|dataStream:10.1.74.1:15060|priority:0|startupRole:FOLLOWER] returns group-881D66BC670E:java.util.concurrent.CompletableFuture@7d76104f[Not completed]
2023-06-02 05:15:30,070 [57515d40-5a2b-4760-820a-8e251d1bbde2-groupManagement] INFO  server.RaftServer$Division (RaftServerImpl.java:<init>(198)) - 57515d40-5a2b-4760-820a-8e251d1bbde2: new RaftServerImpl for group-881D66BC670E:[bf3b8f25-dffd-4d70-aae5-69cf4c3dc4d1|rpc:10.1.74.1:15050|admin:10.1.74.1:15049|client:10.1.74.1:15048|dataStream:10.1.74.1:15051|priority:1|startupRole:FOLLOWER, 45087365-1608-4817-8e49-1b233997f081|rpc:10.1.74.1:15041|admin:10.1.74.1:15040|client:10.1.74.1:15039|dataStream:10.1.74.1:15042|priority:0|startupRole:FOLLOWER, 57515d40-5a2b-4760-820a-8e251d1bbde2|rpc:10.1.74.1:15059|admin:10.1.74.1:15058|client:10.1.74.1:15057|dataStream:10.1.74.1:15060|priority:0|startupRole:FOLLOWER] with ContainerStateMachine:uninitialized
2023-06-02 05:15:30,070 [57515d40-5a2b-4760-820a-8e251d1bbde2-groupManagement] INFO  server.RaftServerConfigKeys (ConfUtils.java:logGet(46)) - raft.server.rpc.timeout.min = 5s (custom)
2023-06-02 05:15:30,070 [57515d40-5a2b-4760-820a-8e251d1bbde2-groupManagement] INFO  server.RaftServerConfigKeys (ConfUtils.java:logGet(46)) - raft.server.rpc.timeout.max = 5200ms (custom)
2023-06-02 05:15:30,070 [57515d40-5a2b-4760-820a-8e251d1bbde2-groupManagement] INFO  server.RaftServerConfigKeys (ConfUtils.java:logGet(46)) - raft.server.rpc.sleep.time = 25ms (default)
2023-06-02 05:15:30,070 [57515d40-5a2b-4760-820a-8e251d1bbde2-groupManagement] INFO  server.RaftServerConfigKeys (ConfUtils.java:logGet(46)) - raft.server.rpc.slowness.timeout = 300s (custom)
2023-06-02 05:15:30,070 [57515d40-5a2b-4760-820a-8e251d1bbde2-groupManagement] INFO  server.RaftServerConfigKeys (ConfUtils.java:logGet(46)) - raft.server.leaderelection.leader.step-down.wait-time = 10s (default)
2023-06-02 05:15:30,070 [57515d40-5a2b-4760-820a-8e251d1bbde2-groupManagement] INFO  server.RaftServerConfigKeys (ConfUtils.java:logGet(46)) - raft.server.sleep.deviation.threshold = 300ms (default)
2023-06-02 05:15:30,070 [57515d40-5a2b-4760-820a-8e251d1bbde2-groupManagement] INFO  server.RaftServer$Division (ServerState.java:<init>(120)) - 57515d40-5a2b-4760-820a-8e251d1bbde2@group-881D66BC670E: ConfigurationManager, init=-1: peers:[bf3b8f25-dffd-4d70-aae5-69cf4c3dc4d1|rpc:10.1.74.1:15050|admin:10.1.74.1:15049|client:10.1.74.1:15048|dataStream:10.1.74.1:15051|priority:1|startupRole:FOLLOWER, 45087365-1608-4817-8e49-1b233997f081|rpc:10.1.74.1:15041|admin:10.1.74.1:15040|client:10.1.74.1:15039|dataStream:10.1.74.1:15042|priority:0|startupRole:FOLLOWER, 57515d40-5a2b-4760-820a-8e251d1bbde2|rpc:10.1.74.1:15059|admin:10.1.74.1:15058|client:10.1.74.1:15057|dataStream:10.1.74.1:15060|priority:0|startupRole:FOLLOWER]|listeners:[], old=null, confs=<EMPTY_MAP>
2023-06-02 05:15:30,071 [57515d40-5a2b-4760-820a-8e251d1bbde2-groupManagement] INFO  server.RaftServerConfigKeys (ConfUtils.java:logGet(46)) - raft.server.storage.dir = [/home/runner/work/ozone/ozone/hadoop-ozone/integration-test/target/test-dir/MiniOzoneClusterImpl-4e6c5432-da36-405d-b7f1-05871ead9573/datanode-5/data/ratis] (custom)
2023-06-02 05:15:30,071 [57515d40-5a2b-4760-820a-8e251d1bbde2-groupManagement] INFO  server.RaftServerConfigKeys (ConfUtils.java:logGet(46)) - raft.server.log.corruption.policy = EXCEPTION (default)
2023-06-02 05:15:30,071 [57515d40-5a2b-4760-820a-8e251d1bbde2-groupManagement] INFO  server.RaftServerConfigKeys (ConfUtils.java:logGet(46)) - raft.server.storage.free-space.min = 0MB (=0) (default)
2023-06-02 05:15:30,071 [57515d40-5a2b-4760-820a-8e251d1bbde2-groupManagement] INFO  server.RaftServerConfigKeys (ConfUtils.java:logGet(46)) - raft.server.notification.no-leader.timeout = 300s (custom)
2023-06-02 05:15:30,071 [57515d40-5a2b-4760-820a-8e251d1bbde2-groupManagement] INFO  server.RaftServerConfigKeys (ConfUtils.java:logGet(46)) - raft.server.read.timeout = 10s (default)
2023-06-02 05:15:30,071 [57515d40-5a2b-4760-820a-8e251d1bbde2-groupManagement] INFO  server.RaftServerConfigKeys (ConfUtils.java:logGet(46)) - raft.server.retrycache.expirytime = 600000ms (custom)
2023-06-02 05:15:30,071 [57515d40-5a2b-4760-820a-8e251d1bbde2-groupManagement] INFO  server.RaftServerConfigKeys (ConfUtils.java:logGet(46)) - raft.server.retrycache.statistics.expirytime = 100μs (default)
2023-06-02 05:15:30,072 [57515d40-5a2b-4760-820a-8e251d1bbde2-groupManagement] INFO  server.RaftServerConfigKeys (ConfUtils.java:logGet(46)) - raft.server.read.option = DEFAULT (default)
2023-06-02 05:15:30,074 [57515d40-5a2b-4760-820a-8e251d1bbde2-groupManagement] INFO  server.RaftServerConfigKeys (ConfUtils.java:logGet(46)) - raft.server.rpc.request.timeout = 60s (custom)
2023-06-02 05:15:30,074 [57515d40-5a2b-4760-820a-8e251d1bbde2-groupManagement] INFO  server.RaftServerConfigKeys (ConfUtils.java:logGet(46)) - raft.server.log.appender.install.snapshot.enabled = false (custom)
2023-06-02 05:15:30,074 [57515d40-5a2b-4760-820a-8e251d1bbde2-groupManagement] INFO  server.RaftServerConfigKeys (ConfUtils.java:logGet(46)) - raft.server.threadpool.server.cached = true (default)
2023-06-02 05:15:30,074 [57515d40-5a2b-4760-820a-8e251d1bbde2-groupManagement] INFO  server.RaftServerConfigKeys (ConfUtils.java:logGet(46)) - raft.server.threadpool.server.size = 0 (default)
2023-06-02 05:15:30,074 [57515d40-5a2b-4760-820a-8e251d1bbde2-groupManagement] INFO  server.RaftServerConfigKeys (ConfUtils.java:logGet(46)) - raft.server.threadpool.client.cached = true (default)
2023-06-02 05:15:30,074 [57515d40-5a2b-4760-820a-8e251d1bbde2-groupManagement] INFO  server.RaftServerConfigKeys (ConfUtils.java:logGet(46)) - raft.server.threadpool.client.size = 0 (default)
2023-06-02 05:15:30,074 [57515d40-5a2b-4760-820a-8e251d1bbde2-groupManagement] INFO  storage.RaftStorageDirectory (RaftStorageDirectoryImpl.java:analyzeStorage(137)) - The storage directory /home/runner/work/ozone/ozone/hadoop-ozone/integration-test/target/test-dir/MiniOzoneClusterImpl-4e6c5432-da36-405d-b7f1-05871ead9573/datanode-5/data/ratis/b54f538c-23aa-47e5-a8e7-881d66bc670e does not exist. Creating ...
2023-06-02 05:15:30,076 [57515d40-5a2b-4760-820a-8e251d1bbde2-groupManagement] INFO  storage.RaftStorageDirectory (RaftStorageDirectoryImpl.java:tryLock(231)) - Lock on /home/runner/work/ozone/ozone/hadoop-ozone/integration-test/target/test-dir/MiniOzoneClusterImpl-4e6c5432-da36-405d-b7f1-05871ead9573/datanode-5/data/ratis/b54f538c-23aa-47e5-a8e7-881d66bc670e/in_use.lock acquired by nodename 65026@fv-az628-647
2023-06-02 05:15:30,077 [57515d40-5a2b-4760-820a-8e251d1bbde2-groupManagement] INFO  storage.RaftStorage (RaftStorageImpl.java:format(96)) - Storage directory /home/runner/work/ozone/ozone/hadoop-ozone/integration-test/target/test-dir/MiniOzoneClusterImpl-4e6c5432-da36-405d-b7f1-05871ead9573/datanode-5/data/ratis/b54f538c-23aa-47e5-a8e7-881d66bc670e has been successfully formatted.
2023-06-02 05:15:30,079 [57515d40-5a2b-4760-820a-8e251d1bbde2-groupManagement] INFO  ratis.ContainerStateMachine (ContainerStateMachine.java:loadSnapshot(262)) - group-881D66BC670E: The snapshot info is null. Setting the last applied indexto:(t:0, i:~)
2023-06-02 05:15:30,079 [57515d40-5a2b-4760-820a-8e251d1bbde2-groupManagement] INFO  server.RaftServerConfigKeys (ConfUtils.java:logGet(46)) - raft.server.log.use.memory = false (default)
2023-06-02 05:15:30,079 [57515d40-5a2b-4760-820a-8e251d1bbde2-groupManagement] INFO  server.RaftServerConfigKeys (ConfUtils.java:logGet(46)) - raft.server.log.purge.gap = 1000000 (custom)
2023-06-02 05:15:30,081 [57515d40-5a2b-4760-820a-8e251d1bbde2-groupManagement] INFO  server.RaftServerConfigKeys (ConfUtils.java:logGet(46)) - raft.server.log.appender.buffer.byte-limit = 33554432 (custom)
2023-06-02 05:15:30,081 [57515d40-5a2b-4760-820a-8e251d1bbde2-groupManagement] INFO  server.RaftServerConfigKeys (ConfUtils.java:logGet(46)) - raft.server.log.statemachine.data.read.timeout = 1000ms (default)
2023-06-02 05:15:30,082 [57515d40-5a2b-4760-820a-8e251d1bbde2-groupManagement] INFO  server.RaftServerConfigKeys (ConfUtils.java:logGet(46)) - raft.server.log.purge.preservation.log.num = 0 (default)
2023-06-02 05:15:30,082 [57515d40-5a2b-4760-820a-8e251d1bbde2-groupManagement] INFO  server.RaftServerConfigKeys (ConfUtils.java:logGet(46)) - raft.server.log.segment.size.max = 1048576 (custom)
2023-06-02 05:15:30,085 [57515d40-5a2b-4760-820a-8e251d1bbde2-groupManagement] INFO  server.RaftServerConfigKeys (ConfUtils.java:logGet(46)) - raft.server.log.segment.cache.num.max = 2 (custom)
2023-06-02 05:15:30,085 [57515d40-5a2b-4760-820a-8e251d1bbde2-groupManagement] INFO  server.RaftServerConfigKeys (ConfUtils.java:logGet(46)) - raft.server.log.segment.cache.size.max = 200MB (=209715200) (default)
2023-06-02 05:15:30,085 [57515d40-5a2b-4760-820a-8e251d1bbde2-groupManagement] INFO  server.RaftServerConfigKeys (ConfUtils.java:logGet(46)) - raft.server.log.appender.buffer.byte-limit = 33554432 (custom)
2023-06-02 05:15:30,085 [57515d40-5a2b-4760-820a-8e251d1bbde2-groupManagement] INFO  segmented.SegmentedRaftLogWorker (SegmentedRaftLogWorker.java:<init>(188)) - new 57515d40-5a2b-4760-820a-8e251d1bbde2@group-881D66BC670E-SegmentedRaftLogWorker for RaftStorageImpl:Storage Directory /home/runner/work/ozone/ozone/hadoop-ozone/integration-test/target/test-dir/MiniOzoneClusterImpl-4e6c5432-da36-405d-b7f1-05871ead9573/datanode-5/data/ratis/b54f538c-23aa-47e5-a8e7-881d66bc670e
2023-06-02 05:15:30,085 [57515d40-5a2b-4760-820a-8e251d1bbde2-groupManagement] INFO  server.RaftServerConfigKeys (ConfUtils.java:logGet(46)) - raft.server.log.queue.byte-limit = 4294967296 (custom)
2023-06-02 05:15:30,085 [57515d40-5a2b-4760-820a-8e251d1bbde2-groupManagement] INFO  server.RaftServerConfigKeys (ConfUtils.java:logGet(46)) - raft.server.log.queue.element-limit = 1024 (custom)
2023-06-02 05:15:30,086 [57515d40-5a2b-4760-820a-8e251d1bbde2-groupManagement] INFO  server.RaftServerConfigKeys (ConfUtils.java:logGet(46)) - raft.server.log.segment.size.max = 1048576 (custom)
2023-06-02 05:15:30,086 [57515d40-5a2b-4760-820a-8e251d1bbde2-groupManagement] INFO  server.RaftServerConfigKeys (ConfUtils.java:logGet(46)) - raft.server.log.preallocated.size = 16384 (custom)
2023-06-02 05:15:30,086 [57515d40-5a2b-4760-820a-8e251d1bbde2-groupManagement] INFO  server.RaftServerConfigKeys (ConfUtils.java:logGet(46)) - raft.server.log.force.sync.num = 128 (default)
2023-06-02 05:15:30,086 [57515d40-5a2b-4760-820a-8e251d1bbde2-groupManagement] INFO  server.RaftServerConfigKeys (ConfUtils.java:logGet(46)) - raft.server.log.statemachine.data.sync = true (default)
2023-06-02 05:15:30,086 [57515d40-5a2b-4760-820a-8e251d1bbde2-groupManagement] INFO  server.RaftServerConfigKeys (ConfUtils.java:logGet(46)) - raft.server.log.statemachine.data.sync.timeout = 10s (default)
2023-06-02 05:15:30,086 [57515d40-5a2b-4760-820a-8e251d1bbde2-groupManagement] INFO  server.RaftServerConfigKeys (ConfUtils.java:logGet(46)) - raft.server.log.statemachine.data.sync.timeout.retry = -1 (default)
2023-06-02 05:15:30,088 [57515d40-5a2b-4760-820a-8e251d1bbde2-groupManagement] INFO  server.RaftServerConfigKeys (ConfUtils.java:logGet(46)) - raft.server.log.write.buffer.size = 1048576 (custom)
2023-06-02 05:15:30,089 [57515d40-5a2b-4760-820a-8e251d1bbde2-groupManagement] INFO  server.RaftServerConfigKeys (ConfUtils.java:logGet(46)) - raft.server.log.appender.buffer.byte-limit = 33554432 (custom)
2023-06-02 05:15:30,101 [57515d40-5a2b-4760-820a-8e251d1bbde2-groupManagement] INFO  server.RaftServerConfigKeys (ConfUtils.java:logGet(46)) - raft.server.log.unsafe-flush.enabled = false (default)
2023-06-02 05:15:30,101 [57515d40-5a2b-4760-820a-8e251d1bbde2-groupManagement] INFO  server.RaftServerConfigKeys (ConfUtils.java:logGet(46)) - raft.server.log.async-flush.enabled = false (default)
2023-06-02 05:15:30,102 [57515d40-5a2b-4760-820a-8e251d1bbde2-groupManagement] INFO  server.RaftServerConfigKeys (ConfUtils.java:logGet(46)) - raft.server.log.statemachine.data.caching.enabled = true (custom)
2023-06-02 05:15:30,102 [57515d40-5a2b-4760-820a-8e251d1bbde2-groupManagement] INFO  segmented.SegmentedRaftLogWorker (SegmentedRaftLogWorker.java:lambda$new$0(135)) - 57515d40-5a2b-4760-820a-8e251d1bbde2@group-881D66BC670E-SegmentedRaftLogWorker: flushIndex: setUnconditionally 0 -> -1
2023-06-02 05:15:30,102 [57515d40-5a2b-4760-820a-8e251d1bbde2-groupManagement] INFO  segmented.SegmentedRaftLogWorker (SegmentedRaftLogWorker.java:lambda$new$0(135)) - 57515d40-5a2b-4760-820a-8e251d1bbde2@group-881D66BC670E-SegmentedRaftLogWorker: safeCacheEvictIndex: setUnconditionally 0 -> -1
2023-06-02 05:15:30,102 [57515d40-5a2b-4760-820a-8e251d1bbde2-groupManagement] INFO  server.RaftServer$Division (RaftServerImpl.java:start(342)) - 57515d40-5a2b-4760-820a-8e251d1bbde2@group-881D66BC670E: start as a follower, conf=-1: peers:[bf3b8f25-dffd-4d70-aae5-69cf4c3dc4d1|rpc:10.1.74.1:15050|admin:10.1.74.1:15049|client:10.1.74.1:15048|dataStream:10.1.74.1:15051|priority:1|startupRole:FOLLOWER, 45087365-1608-4817-8e49-1b233997f081|rpc:10.1.74.1:15041|admin:10.1.74.1:15040|client:10.1.74.1:15039|dataStream:10.1.74.1:15042|priority:0|startupRole:FOLLOWER, 57515d40-5a2b-4760-820a-8e251d1bbde2|rpc:10.1.74.1:15059|admin:10.1.74.1:15058|client:10.1.74.1:15057|dataStream:10.1.74.1:15060|priority:0|startupRole:FOLLOWER]|listeners:[], old=null
2023-06-02 05:15:30,102 [57515d40-5a2b-4760-820a-8e251d1bbde2-groupManagement] INFO  server.RaftServer$Division (RaftServerImpl.java:setRole(329)) - 57515d40-5a2b-4760-820a-8e251d1bbde2@group-881D66BC670E: changes role from      null to FOLLOWER at term 0 for startAsFollower
2023-06-02 05:15:30,102 [57515d40-5a2b-4760-820a-8e251d1bbde2-groupManagement] INFO  impl.RoleInfo (RoleInfo.java:updateAndGet(139)) - 57515d40-5a2b-4760-820a-8e251d1bbde2: start 57515d40-5a2b-4760-820a-8e251d1bbde2@group-881D66BC670E-FollowerState
2023-06-02 05:15:30,103 [57515d40-5a2b-4760-820a-8e251d1bbde2-groupManagement] INFO  util.JmxRegister (JmxRegister.java:tryRegister(44)) - Successfully registered JMX Bean with object name Ratis:service=RaftServer,group=group-881D66BC670E,id=57515d40-5a2b-4760-820a-8e251d1bbde2
2023-06-02 05:15:30,103 [57515d40-5a2b-4760-820a-8e251d1bbde2-groupManagement] INFO  server.RaftServerConfigKeys (ConfUtils.java:logGet(46)) - raft.server.snapshot.auto.trigger.enabled = true (custom)
2023-06-02 05:15:30,103 [57515d40-5a2b-4760-820a-8e251d1bbde2-groupManagement] INFO  server.RaftServerConfigKeys (ConfUtils.java:logGet(46)) - raft.server.snapshot.auto.trigger.threshold = 10000 (custom)
2023-06-02 05:15:30,103 [57515d40-5a2b-4760-820a-8e251d1bbde2-groupManagement] INFO  server.RaftServerConfigKeys (ConfUtils.java:logGet(46)) - raft.server.snapshot.retention.file.num = 5 (custom)
2023-06-02 05:15:30,103 [57515d40-5a2b-4760-820a-8e251d1bbde2-groupManagement] INFO  server.RaftServerConfigKeys (ConfUtils.java:logGet(46)) - raft.server.log.purge.upto.snapshot.index = false (default)
2023-06-02 05:15:30,104 [57515d40-5a2b-4760-820a-8e251d1bbde2@group-881D66BC670E-FollowerState] INFO  server.RaftServerConfigKeys (ConfUtils.java:logFallback(53)) - raft.server.rpc.first-election.timeout.min = 5s (fallback to raft.server.rpc.timeout.min)
2023-06-02 05:15:30,111 [57515d40-5a2b-4760-820a-8e251d1bbde2@group-881D66BC670E-FollowerState] INFO  server.RaftServerConfigKeys (ConfUtils.java:logFallback(53)) - raft.server.rpc.first-election.timeout.max = 5200ms (fallback to raft.server.rpc.timeout.max)
2023-06-02 05:15:30,138 [PipelineCommandHandlerThread-0] INFO  commandhandler.CreatePipelineCommandHandler (CreatePipelineCommandHandler.java:lambda$handle$2(124)) - Created Pipeline RATIS THREE PipelineID=b54f538c-23aa-47e5-a8e7-881d66bc670e.
2023-06-02 05:15:30,138 [PipelineCommandHandlerThread-0] INFO  server.RaftServer (RaftServerProxy.java:addNew(98)) - 45087365-1608-4817-8e49-1b233997f081: addNew group-7A464BC2D816:[bf3b8f25-dffd-4d70-aae5-69cf4c3dc4d1|rpc:10.1.74.1:15050|admin:10.1.74.1:15049|client:10.1.74.1:15048|dataStream:10.1.74.1:15051|priority:0|startupRole:FOLLOWER, 45087365-1608-4817-8e49-1b233997f081|rpc:10.1.74.1:15041|admin:10.1.74.1:15040|client:10.1.74.1:15039|dataStream:10.1.74.1:15042|priority:0|startupRole:FOLLOWER, 57515d40-5a2b-4760-820a-8e251d1bbde2|rpc:10.1.74.1:15059|admin:10.1.74.1:15058|client:10.1.74.1:15057|dataStream:10.1.74.1:15060|priority:1|startupRole:FOLLOWER] returns group-7A464BC2D816:java.util.concurrent.CompletableFuture@7ca7cf54[Not completed]
2023-06-02 05:15:30,140 [45087365-1608-4817-8e49-1b233997f081-groupManagement] INFO  server.RaftServer$Division (RaftServerImpl.java:<init>(198)) - 45087365-1608-4817-8e49-1b233997f081: new RaftServerImpl for group-7A464BC2D816:[bf3b8f25-dffd-4d70-aae5-69cf4c3dc4d1|rpc:10.1.74.1:15050|admin:10.1.74.1:15049|client:10.1.74.1:15048|dataStream:10.1.74.1:15051|priority:0|startupRole:FOLLOWER, 45087365-1608-4817-8e49-1b233997f081|rpc:10.1.74.1:15041|admin:10.1.74.1:15040|client:10.1.74.1:15039|dataStream:10.1.74.1:15042|priority:0|startupRole:FOLLOWER, 57515d40-5a2b-4760-820a-8e251d1bbde2|rpc:10.1.74.1:15059|admin:10.1.74.1:15058|client:10.1.74.1:15057|dataStream:10.1.74.1:15060|priority:1|startupRole:FOLLOWER] with ContainerStateMachine:uninitialized
2023-06-02 05:15:30,140 [45087365-1608-4817-8e49-1b233997f081-groupManagement] INFO  server.RaftServerConfigKeys (ConfUtils.java:logGet(46)) - raft.server.rpc.timeout.min = 5s (custom)
2023-06-02 05:15:30,140 [45087365-1608-4817-8e49-1b233997f081-groupManagement] INFO  server.RaftServerConfigKeys (ConfUtils.java:logGet(46)) - raft.server.rpc.timeout.max = 5200ms (custom)
2023-06-02 05:15:30,140 [45087365-1608-4817-8e49-1b233997f081-groupManagement] INFO  server.RaftServerConfigKeys (ConfUtils.java:logGet(46)) - raft.server.rpc.sleep.time = 25ms (default)
2023-06-02 05:15:30,140 [45087365-1608-4817-8e49-1b233997f081-groupManagement] INFO  server.RaftServerConfigKeys (ConfUtils.java:logGet(46)) - raft.server.rpc.slowness.timeout = 300s (custom)
2023-06-02 05:15:30,140 [45087365-1608-4817-8e49-1b233997f081-groupManagement] INFO  server.RaftServerConfigKeys (ConfUtils.java:logGet(46)) - raft.server.leaderelection.leader.step-down.wait-time = 10s (default)
2023-06-02 05:15:30,141 [45087365-1608-4817-8e49-1b233997f081-groupManagement] INFO  server.RaftServerConfigKeys (ConfUtils.java:logGet(46)) - raft.server.sleep.deviation.threshold = 300ms (default)
2023-06-02 05:15:30,141 [45087365-1608-4817-8e49-1b233997f081-groupManagement] INFO  server.RaftServer$Division (ServerState.java:<init>(120)) - 45087365-1608-4817-8e49-1b233997f081@group-7A464BC2D816: ConfigurationManager, init=-1: peers:[bf3b8f25-dffd-4d70-aae5-69cf4c3dc4d1|rpc:10.1.74.1:15050|admin:10.1.74.1:15049|client:10.1.74.1:15048|dataStream:10.1.74.1:15051|priority:0|startupRole:FOLLOWER, 45087365-1608-4817-8e49-1b233997f081|rpc:10.1.74.1:15041|admin:10.1.74.1:15040|client:10.1.74.1:15039|dataStream:10.1.74.1:15042|priority:0|startupRole:FOLLOWER, 57515d40-5a2b-4760-820a-8e251d1bbde2|rpc:10.1.74.1:15059|admin:10.1.74.1:15058|client:10.1.74.1:15057|dataStream:10.1.74.1:15060|priority:1|startupRole:FOLLOWER]|listeners:[], old=null, confs=<EMPTY_MAP>
2023-06-02 05:15:30,141 [45087365-1608-4817-8e49-1b233997f081-groupManagement] INFO  server.RaftServerConfigKeys (ConfUtils.java:logGet(46)) - raft.server.storage.dir = [/home/runner/work/ozone/ozone/hadoop-ozone/integration-test/target/test-dir/MiniOzoneClusterImpl-4e6c5432-da36-405d-b7f1-05871ead9573/datanode-3/data/ratis] (custom)
2023-06-02 05:15:30,141 [45087365-1608-4817-8e49-1b233997f081-groupManagement] INFO  server.RaftServerConfigKeys (ConfUtils.java:logGet(46)) - raft.server.log.corruption.policy = EXCEPTION (default)
2023-06-02 05:15:30,141 [45087365-1608-4817-8e49-1b233997f081-groupManagement] INFO  server.RaftServerConfigKeys (ConfUtils.java:logGet(46)) - raft.server.storage.free-space.min = 0MB (=0) (default)
2023-06-02 05:15:30,141 [45087365-1608-4817-8e49-1b233997f081-groupManagement] INFO  server.RaftServerConfigKeys (ConfUtils.java:logGet(46)) - raft.server.notification.no-leader.timeout = 300s (custom)
2023-06-02 05:15:30,141 [45087365-1608-4817-8e49-1b233997f081-groupManagement] INFO  server.RaftServerConfigKeys (ConfUtils.java:logGet(46)) - raft.server.read.timeout = 10s (default)
2023-06-02 05:15:30,142 [45087365-1608-4817-8e49-1b233997f081-groupManagement] INFO  server.RaftServerConfigKeys (ConfUtils.java:logGet(46)) - raft.server.retrycache.expirytime = 600000ms (custom)
2023-06-02 05:15:30,142 [45087365-1608-4817-8e49-1b233997f081-groupManagement] INFO  server.RaftServerConfigKeys (ConfUtils.java:logGet(46)) - raft.server.retrycache.statistics.expirytime = 100μs (default)
2023-06-02 05:15:30,142 [45087365-1608-4817-8e49-1b233997f081-groupManagement] INFO  server.RaftServerConfigKeys (ConfUtils.java:logGet(46)) - raft.server.read.option = DEFAULT (default)
2023-06-02 05:15:30,144 [45087365-1608-4817-8e49-1b233997f081-groupManagement] INFO  server.RaftServerConfigKeys (ConfUtils.java:logGet(46)) - raft.server.rpc.request.timeout = 60s (custom)
2023-06-02 05:15:30,144 [45087365-1608-4817-8e49-1b233997f081-groupManagement] INFO  server.RaftServerConfigKeys (ConfUtils.java:logGet(46)) - raft.server.log.appender.install.snapshot.enabled = false (custom)
2023-06-02 05:15:30,144 [45087365-1608-4817-8e49-1b233997f081-groupManagement] INFO  server.RaftServerConfigKeys (ConfUtils.java:logGet(46)) - raft.server.threadpool.server.cached = true (default)
2023-06-02 05:15:30,144 [45087365-1608-4817-8e49-1b233997f081-groupManagement] INFO  server.RaftServerConfigKeys (ConfUtils.java:logGet(46)) - raft.server.threadpool.server.size = 0 (default)
2023-06-02 05:15:30,144 [45087365-1608-4817-8e49-1b233997f081-groupManagement] INFO  server.RaftServerConfigKeys (ConfUtils.java:logGet(46)) - raft.server.threadpool.client.cached = true (default)
2023-06-02 05:15:30,144 [45087365-1608-4817-8e49-1b233997f081-groupManagement] INFO  server.RaftServerConfigKeys (ConfUtils.java:logGet(46)) - raft.server.threadpool.client.size = 0 (default)
2023-06-02 05:15:30,144 [45087365-1608-4817-8e49-1b233997f081-groupManagement] INFO  storage.RaftStorageDirectory (RaftStorageDirectoryImpl.java:analyzeStorage(137)) - The storage directory /home/runner/work/ozone/ozone/hadoop-ozone/integration-test/target/test-dir/MiniOzoneClusterImpl-4e6c5432-da36-405d-b7f1-05871ead9573/datanode-3/data/ratis/baee233c-8c04-4a61-87ea-7a464bc2d816 does not exist. Creating ...
2023-06-02 05:15:30,146 [45087365-1608-4817-8e49-1b233997f081-groupManagement] INFO  storage.RaftStorageDirectory (RaftStorageDirectoryImpl.java:tryLock(231)) - Lock on /home/runner/work/ozone/ozone/hadoop-ozone/integration-test/target/test-dir/MiniOzoneClusterImpl-4e6c5432-da36-405d-b7f1-05871ead9573/datanode-3/data/ratis/baee233c-8c04-4a61-87ea-7a464bc2d816/in_use.lock acquired by nodename 65026@fv-az628-647
2023-06-02 05:15:30,148 [45087365-1608-4817-8e49-1b233997f081-groupManagement] INFO  storage.RaftStorage (RaftStorageImpl.java:format(96)) - Storage directory /home/runner/work/ozone/ozone/hadoop-ozone/integration-test/target/test-dir/MiniOzoneClusterImpl-4e6c5432-da36-405d-b7f1-05871ead9573/datanode-3/data/ratis/baee233c-8c04-4a61-87ea-7a464bc2d816 has been successfully formatted.
2023-06-02 05:15:30,151 [EventQueue-OpenPipelineForHealthyPipelineSafeModeRule] INFO  safemode.SCMSafeModeManager (HealthyPipelineSafeModeRule.java:process(137)) - SCM in safe mode. Healthy pipelines reported count is 0, required healthy pipeline reported count is 1
2023-06-02 05:15:30,151 [45087365-1608-4817-8e49-1b233997f081-groupManagement] INFO  ratis.ContainerStateMachine (ContainerStateMachine.java:loadSnapshot(262)) - group-7A464BC2D816: The snapshot info is null. Setting the last applied indexto:(t:0, i:~)
2023-06-02 05:15:30,154 [45087365-1608-4817-8e49-1b233997f081-groupManagement] INFO  server.RaftServerConfigKeys (ConfUtils.java:logGet(46)) - raft.server.log.use.memory = false (default)
2023-06-02 05:15:30,154 [45087365-1608-4817-8e49-1b233997f081-groupManagement] INFO  server.RaftServerConfigKeys (ConfUtils.java:logGet(46)) - raft.server.log.purge.gap = 1000000 (custom)
2023-06-02 05:15:30,154 [45087365-1608-4817-8e49-1b233997f081-groupManagement] INFO  server.RaftServerConfigKeys (ConfUtils.java:logGet(46)) - raft.server.log.appender.buffer.byte-limit = 33554432 (custom)
2023-06-02 05:15:30,154 [45087365-1608-4817-8e49-1b233997f081-groupManagement] INFO  server.RaftServerConfigKeys (ConfUtils.java:logGet(46)) - raft.server.log.statemachine.data.read.timeout = 1000ms (default)
2023-06-02 05:15:30,154 [45087365-1608-4817-8e49-1b233997f081-groupManagement] INFO  server.RaftServerConfigKeys (ConfUtils.java:logGet(46)) - raft.server.log.purge.preservation.log.num = 0 (default)
2023-06-02 05:15:30,154 [45087365-1608-4817-8e49-1b233997f081-groupManagement] INFO  server.RaftServerConfigKeys (ConfUtils.java:logGet(46)) - raft.server.log.segment.size.max = 1048576 (custom)
2023-06-02 05:15:30,155 [45087365-1608-4817-8e49-1b233997f081-groupManagement] INFO  server.RaftServerConfigKeys (ConfUtils.java:logGet(46)) - raft.server.log.segment.cache.num.max = 2 (custom)
2023-06-02 05:15:30,155 [45087365-1608-4817-8e49-1b233997f081-groupManagement] INFO  server.RaftServerConfigKeys (ConfUtils.java:logGet(46)) - raft.server.log.segment.cache.size.max = 200MB (=209715200) (default)
2023-06-02 05:15:30,156 [45087365-1608-4817-8e49-1b233997f081-groupManagement] INFO  server.RaftServerConfigKeys (ConfUtils.java:logGet(46)) - raft.server.log.appender.buffer.byte-limit = 33554432 (custom)
2023-06-02 05:15:30,156 [45087365-1608-4817-8e49-1b233997f081-groupManagement] INFO  segmented.SegmentedRaftLogWorker (SegmentedRaftLogWorker.java:<init>(188)) - new 45087365-1608-4817-8e49-1b233997f081@group-7A464BC2D816-SegmentedRaftLogWorker for RaftStorageImpl:Storage Directory /home/runner/work/ozone/ozone/hadoop-ozone/integration-test/target/test-dir/MiniOzoneClusterImpl-4e6c5432-da36-405d-b7f1-05871ead9573/datanode-3/data/ratis/baee233c-8c04-4a61-87ea-7a464bc2d816
2023-06-02 05:15:30,156 [45087365-1608-4817-8e49-1b233997f081-groupManagement] INFO  server.RaftServerConfigKeys (ConfUtils.java:logGet(46)) - raft.server.log.queue.byte-limit = 4294967296 (custom)
2023-06-02 05:15:30,156 [45087365-1608-4817-8e49-1b233997f081-groupManagement] INFO  server.RaftServerConfigKeys (ConfUtils.java:logGet(46)) - raft.server.log.queue.element-limit = 1024 (custom)
2023-06-02 05:15:30,156 [45087365-1608-4817-8e49-1b233997f081-groupManagement] INFO  server.RaftServerConfigKeys (ConfUtils.java:logGet(46)) - raft.server.log.segment.size.max = 1048576 (custom)
2023-06-02 05:15:30,156 [45087365-1608-4817-8e49-1b233997f081-groupManagement] INFO  server.RaftServerConfigKeys (ConfUtils.java:logGet(46)) - raft.server.log.preallocated.size = 16384 (custom)
2023-06-02 05:15:30,156 [45087365-1608-4817-8e49-1b233997f081-groupManagement] INFO  server.RaftServerConfigKeys (ConfUtils.java:logGet(46)) - raft.server.log.force.sync.num = 128 (default)
2023-06-02 05:15:30,156 [45087365-1608-4817-8e49-1b233997f081-groupManagement] INFO  server.RaftServerConfigKeys (ConfUtils.java:logGet(46)) - raft.server.log.statemachine.data.sync = true (default)
2023-06-02 05:15:30,156 [45087365-1608-4817-8e49-1b233997f081-groupManagement] INFO  server.RaftServerConfigKeys (ConfUtils.java:logGet(46)) - raft.server.log.statemachine.data.sync.timeout = 10s (default)
2023-06-02 05:15:30,156 [45087365-1608-4817-8e49-1b233997f081-groupManagement] INFO  server.RaftServerConfigKeys (ConfUtils.java:logGet(46)) - raft.server.log.statemachine.data.sync.timeout.retry = -1 (default)
2023-06-02 05:15:30,164 [45087365-1608-4817-8e49-1b233997f081-groupManagement] INFO  server.RaftServerConfigKeys (ConfUtils.java:logGet(46)) - raft.server.log.write.buffer.size = 1048576 (custom)
2023-06-02 05:15:30,165 [45087365-1608-4817-8e49-1b233997f081-groupManagement] INFO  server.RaftServerConfigKeys (ConfUtils.java:logGet(46)) - raft.server.log.appender.buffer.byte-limit = 33554432 (custom)
2023-06-02 05:15:30,178 [45087365-1608-4817-8e49-1b233997f081-groupManagement] INFO  server.RaftServerConfigKeys (ConfUtils.java:logGet(46)) - raft.server.log.unsafe-flush.enabled = false (default)
2023-06-02 05:15:30,181 [bf3b8f25-dffd-4d70-aae5-69cf4c3dc4d1-groupManagement] INFO  server.RaftServer$Division (RaftServerImpl.java:<init>(198)) - bf3b8f25-dffd-4d70-aae5-69cf4c3dc4d1: new RaftServerImpl for group-2B54BE9755F4:[bf3b8f25-dffd-4d70-aae5-69cf4c3dc4d1|rpc:10.1.74.1:15050|admin:10.1.74.1:15049|client:10.1.74.1:15048|dataStream:10.1.74.1:15051|priority:1|startupRole:FOLLOWER] with ContainerStateMachine:uninitialized
2023-06-02 05:15:30,182 [bf3b8f25-dffd-4d70-aae5-69cf4c3dc4d1-groupManagement] INFO  server.RaftServerConfigKeys (ConfUtils.java:logGet(46)) - raft.server.rpc.timeout.min = 5s (custom)
2023-06-02 05:15:30,182 [bf3b8f25-dffd-4d70-aae5-69cf4c3dc4d1-groupManagement] INFO  server.RaftServerConfigKeys (ConfUtils.java:logGet(46)) - raft.server.rpc.timeout.max = 5200ms (custom)
2023-06-02 05:15:30,182 [bf3b8f25-dffd-4d70-aae5-69cf4c3dc4d1-groupManagement] INFO  server.RaftServerConfigKeys (ConfUtils.java:logGet(46)) - raft.server.rpc.sleep.time = 25ms (default)
2023-06-02 05:15:30,182 [bf3b8f25-dffd-4d70-aae5-69cf4c3dc4d1-groupManagement] INFO  server.RaftServerConfigKeys (ConfUtils.java:logGet(46)) - raft.server.rpc.slowness.timeout = 300s (custom)
2023-06-02 05:15:30,182 [bf3b8f25-dffd-4d70-aae5-69cf4c3dc4d1-groupManagement] INFO  server.RaftServerConfigKeys (ConfUtils.java:logGet(46)) - raft.server.leaderelection.leader.step-down.wait-time = 10s (default)
2023-06-02 05:15:30,182 [bf3b8f25-dffd-4d70-aae5-69cf4c3dc4d1-groupManagement] INFO  server.RaftServerConfigKeys (ConfUtils.java:logGet(46)) - raft.server.sleep.deviation.threshold = 300ms (default)
2023-06-02 05:15:30,180 [PipelineCommandHandlerThread-0] INFO  server.RaftServer (RaftServerProxy.java:addNew(98)) - bf3b8f25-dffd-4d70-aae5-69cf4c3dc4d1: addNew group-2B54BE9755F4:[bf3b8f25-dffd-4d70-aae5-69cf4c3dc4d1|rpc:10.1.74.1:15050|admin:10.1.74.1:15049|client:10.1.74.1:15048|dataStream:10.1.74.1:15051|priority:1|startupRole:FOLLOWER] returns group-2B54BE9755F4:java.util.concurrent.CompletableFuture@4ea00670[Not completed]
2023-06-02 05:15:30,182 [45087365-1608-4817-8e49-1b233997f081-groupManagement] INFO  server.RaftServerConfigKeys (ConfUtils.java:logGet(46)) - raft.server.log.async-flush.enabled = false (default)
2023-06-02 05:15:30,182 [bf3b8f25-dffd-4d70-aae5-69cf4c3dc4d1-groupManagement] INFO  server.RaftServer$Division (ServerState.java:<init>(120)) - bf3b8f25-dffd-4d70-aae5-69cf4c3dc4d1@group-2B54BE9755F4: ConfigurationManager, init=-1: peers:[bf3b8f25-dffd-4d70-aae5-69cf4c3dc4d1|rpc:10.1.74.1:15050|admin:10.1.74.1:15049|client:10.1.74.1:15048|dataStream:10.1.74.1:15051|priority:1|startupRole:FOLLOWER]|listeners:[], old=null, confs=<EMPTY_MAP>
2023-06-02 05:15:30,183 [bf3b8f25-dffd-4d70-aae5-69cf4c3dc4d1-groupManagement] INFO  server.RaftServerConfigKeys (ConfUtils.java:logGet(46)) - raft.server.storage.dir = [/home/runner/work/ozone/ozone/hadoop-ozone/integration-test/target/test-dir/MiniOzoneClusterImpl-4e6c5432-da36-405d-b7f1-05871ead9573/datanode-4/data/ratis] (custom)
2023-06-02 05:15:30,183 [bf3b8f25-dffd-4d70-aae5-69cf4c3dc4d1-groupManagement] INFO  server.RaftServerConfigKeys (ConfUtils.java:logGet(46)) - raft.server.log.corruption.policy = EXCEPTION (default)
2023-06-02 05:15:30,183 [bf3b8f25-dffd-4d70-aae5-69cf4c3dc4d1-groupManagement] INFO  server.RaftServerConfigKeys (ConfUtils.java:logGet(46)) - raft.server.storage.free-space.min = 0MB (=0) (default)
2023-06-02 05:15:30,183 [45087365-1608-4817-8e49-1b233997f081-groupManagement] INFO  server.RaftServerConfigKeys (ConfUtils.java:logGet(46)) - raft.server.log.statemachine.data.caching.enabled = true (custom)
2023-06-02 05:15:30,184 [45087365-1608-4817-8e49-1b233997f081-groupManagement] INFO  segmented.SegmentedRaftLogWorker (SegmentedRaftLogWorker.java:lambda$new$0(135)) - 45087365-1608-4817-8e49-1b233997f081@group-7A464BC2D816-SegmentedRaftLogWorker: flushIndex: setUnconditionally 0 -> -1
2023-06-02 05:15:30,184 [45087365-1608-4817-8e49-1b233997f081-groupManagement] INFO  segmented.SegmentedRaftLogWorker (SegmentedRaftLogWorker.java:lambda$new$0(135)) - 45087365-1608-4817-8e49-1b233997f081@group-7A464BC2D816-SegmentedRaftLogWorker: safeCacheEvictIndex: setUnconditionally 0 -> -1
2023-06-02 05:15:30,184 [bf3b8f25-dffd-4d70-aae5-69cf4c3dc4d1-groupManagement] INFO  server.RaftServerConfigKeys (ConfUtils.java:logGet(46)) - raft.server.notification.no-leader.timeout = 300s (custom)
2023-06-02 05:15:30,184 [bf3b8f25-dffd-4d70-aae5-69cf4c3dc4d1-groupManagement] INFO  server.RaftServerConfigKeys (ConfUtils.java:logGet(46)) - raft.server.read.timeout = 10s (default)
2023-06-02 05:15:30,184 [45087365-1608-4817-8e49-1b233997f081-groupManagement] INFO  server.RaftServer$Division (RaftServerImpl.java:start(342)) - 45087365-1608-4817-8e49-1b233997f081@group-7A464BC2D816: start as a follower, conf=-1: peers:[bf3b8f25-dffd-4d70-aae5-69cf4c3dc4d1|rpc:10.1.74.1:15050|admin:10.1.74.1:15049|client:10.1.74.1:15048|dataStream:10.1.74.1:15051|priority:0|startupRole:FOLLOWER, 45087365-1608-4817-8e49-1b233997f081|rpc:10.1.74.1:15041|admin:10.1.74.1:15040|client:10.1.74.1:15039|dataStream:10.1.74.1:15042|priority:0|startupRole:FOLLOWER, 57515d40-5a2b-4760-820a-8e251d1bbde2|rpc:10.1.74.1:15059|admin:10.1.74.1:15058|client:10.1.74.1:15057|dataStream:10.1.74.1:15060|priority:1|startupRole:FOLLOWER]|listeners:[], old=null
2023-06-02 05:15:30,184 [45087365-1608-4817-8e49-1b233997f081-groupManagement] INFO  server.RaftServer$Division (RaftServerImpl.java:setRole(329)) - 45087365-1608-4817-8e49-1b233997f081@group-7A464BC2D816: changes role from      null to FOLLOWER at term 0 for startAsFollower
2023-06-02 05:15:30,184 [45087365-1608-4817-8e49-1b233997f081-groupManagement] INFO  impl.RoleInfo (RoleInfo.java:updateAndGet(139)) - 45087365-1608-4817-8e49-1b233997f081: start 45087365-1608-4817-8e49-1b233997f081@group-7A464BC2D816-FollowerState
2023-06-02 05:15:30,185 [45087365-1608-4817-8e49-1b233997f081@group-7A464BC2D816-FollowerState] INFO  server.RaftServerConfigKeys (ConfUtils.java:logFallback(53)) - raft.server.rpc.first-election.timeout.min = 5s (fallback to raft.server.rpc.timeout.min)
2023-06-02 05:15:30,190 [bf3b8f25-dffd-4d70-aae5-69cf4c3dc4d1-groupManagement] INFO  server.RaftServerConfigKeys (ConfUtils.java:logGet(46)) - raft.server.retrycache.expirytime = 600000ms (custom)
2023-06-02 05:15:30,190 [45087365-1608-4817-8e49-1b233997f081@group-7A464BC2D816-FollowerState] INFO  server.RaftServerConfigKeys (ConfUtils.java:logFallback(53)) - raft.server.rpc.first-election.timeout.max = 5200ms (fallback to raft.server.rpc.timeout.max)
2023-06-02 05:15:30,185 [45087365-1608-4817-8e49-1b233997f081-groupManagement] INFO  util.JmxRegister (JmxRegister.java:tryRegister(44)) - Successfully registered JMX Bean with object name Ratis:service=RaftServer,group=group-7A464BC2D816,id=45087365-1608-4817-8e49-1b233997f081
2023-06-02 05:15:30,190 [45087365-1608-4817-8e49-1b233997f081-groupManagement] INFO  server.RaftServerConfigKeys (ConfUtils.java:logGet(46)) - raft.server.snapshot.auto.trigger.enabled = true (custom)
2023-06-02 05:15:30,191 [45087365-1608-4817-8e49-1b233997f081-groupManagement] INFO  server.RaftServerConfigKeys (ConfUtils.java:logGet(46)) - raft.server.snapshot.auto.trigger.threshold = 10000 (custom)
2023-06-02 05:15:30,191 [45087365-1608-4817-8e49-1b233997f081-groupManagement] INFO  server.RaftServerConfigKeys (ConfUtils.java:logGet(46)) - raft.server.snapshot.retention.file.num = 5 (custom)
2023-06-02 05:15:30,191 [45087365-1608-4817-8e49-1b233997f081-groupManagement] INFO  server.RaftServerConfigKeys (ConfUtils.java:logGet(46)) - raft.server.log.purge.upto.snapshot.index = false (default)
2023-06-02 05:15:30,192 [PipelineCommandHandlerThread-0] INFO  ratis.XceiverServerRatis (XceiverServerRatis.java:addGroup(804)) - Created group PipelineID=baee233c-8c04-4a61-87ea-7a464bc2d816
2023-06-02 05:15:30,190 [bf3b8f25-dffd-4d70-aae5-69cf4c3dc4d1-groupManagement] INFO  server.RaftServerConfigKeys (ConfUtils.java:logGet(46)) - raft.server.retrycache.statistics.expirytime = 100μs (default)
2023-06-02 05:15:30,197 [bf3b8f25-dffd-4d70-aae5-69cf4c3dc4d1-groupManagement] INFO  server.RaftServerConfigKeys (ConfUtils.java:logGet(46)) - raft.server.read.option = DEFAULT (default)
2023-06-02 05:15:30,224 [bf3b8f25-dffd-4d70-aae5-69cf4c3dc4d1-groupManagement] INFO  server.RaftServerConfigKeys (ConfUtils.java:logGet(46)) - raft.server.rpc.request.timeout = 60s (custom)
2023-06-02 05:15:30,224 [bf3b8f25-dffd-4d70-aae5-69cf4c3dc4d1-groupManagement] INFO  server.RaftServerConfigKeys (ConfUtils.java:logGet(46)) - raft.server.log.appender.install.snapshot.enabled = false (custom)
2023-06-02 05:15:30,224 [bf3b8f25-dffd-4d70-aae5-69cf4c3dc4d1-groupManagement] INFO  server.RaftServerConfigKeys (ConfUtils.java:logGet(46)) - raft.server.threadpool.server.cached = true (default)
2023-06-02 05:15:30,224 [bf3b8f25-dffd-4d70-aae5-69cf4c3dc4d1-groupManagement] INFO  server.RaftServerConfigKeys (ConfUtils.java:logGet(46)) - raft.server.threadpool.server.size = 0 (default)
2023-06-02 05:15:30,224 [bf3b8f25-dffd-4d70-aae5-69cf4c3dc4d1-groupManagement] INFO  server.RaftServerConfigKeys (ConfUtils.java:logGet(46)) - raft.server.threadpool.client.cached = true (default)
2023-06-02 05:15:30,224 [bf3b8f25-dffd-4d70-aae5-69cf4c3dc4d1-groupManagement] INFO  server.RaftServerConfigKeys (ConfUtils.java:logGet(46)) - raft.server.threadpool.client.size = 0 (default)
2023-06-02 05:15:30,224 [bf3b8f25-dffd-4d70-aae5-69cf4c3dc4d1-groupManagement] INFO  storage.RaftStorageDirectory (RaftStorageDirectoryImpl.java:analyzeStorage(137)) - The storage directory /home/runner/work/ozone/ozone/hadoop-ozone/integration-test/target/test-dir/MiniOzoneClusterImpl-4e6c5432-da36-405d-b7f1-05871ead9573/datanode-4/data/ratis/8a8521d7-629c-41da-a6fb-2b54be9755f4 does not exist. Creating ...
2023-06-02 05:15:30,228 [bf3b8f25-dffd-4d70-aae5-69cf4c3dc4d1-groupManagement] INFO  storage.RaftStorageDirectory (RaftStorageDirectoryImpl.java:tryLock(231)) - Lock on /home/runner/work/ozone/ozone/hadoop-ozone/integration-test/target/test-dir/MiniOzoneClusterImpl-4e6c5432-da36-405d-b7f1-05871ead9573/datanode-4/data/ratis/8a8521d7-629c-41da-a6fb-2b54be9755f4/in_use.lock acquired by nodename 65026@fv-az628-647
2023-06-02 05:15:30,228 [grpc-default-executor-0] INFO  server.RaftServer (RaftServerProxy.java:addNew(98)) - 57515d40-5a2b-4760-820a-8e251d1bbde2: addNew group-7A464BC2D816:[bf3b8f25-dffd-4d70-aae5-69cf4c3dc4d1|rpc:10.1.74.1:15050|admin:10.1.74.1:15049|client:10.1.74.1:15048|dataStream:10.1.74.1:15051|priority:0|startupRole:FOLLOWER, 45087365-1608-4817-8e49-1b233997f081|rpc:10.1.74.1:15041|admin:10.1.74.1:15040|client:10.1.74.1:15039|dataStream:10.1.74.1:15042|priority:0|startupRole:FOLLOWER, 57515d40-5a2b-4760-820a-8e251d1bbde2|rpc:10.1.74.1:15059|admin:10.1.74.1:15058|client:10.1.74.1:15057|dataStream:10.1.74.1:15060|priority:1|startupRole:FOLLOWER] returns group-7A464BC2D816:java.util.concurrent.CompletableFuture@26ec0351[Not completed]
2023-06-02 05:15:30,230 [57515d40-5a2b-4760-820a-8e251d1bbde2-groupManagement] INFO  server.RaftServer$Division (RaftServerImpl.java:<init>(198)) - 57515d40-5a2b-4760-820a-8e251d1bbde2: new RaftServerImpl for group-7A464BC2D816:[bf3b8f25-dffd-4d70-aae5-69cf4c3dc4d1|rpc:10.1.74.1:15050|admin:10.1.74.1:15049|client:10.1.74.1:15048|dataStream:10.1.74.1:15051|priority:0|startupRole:FOLLOWER, 45087365-1608-4817-8e49-1b233997f081|rpc:10.1.74.1:15041|admin:10.1.74.1:15040|client:10.1.74.1:15039|dataStream:10.1.74.1:15042|priority:0|startupRole:FOLLOWER, 57515d40-5a2b-4760-820a-8e251d1bbde2|rpc:10.1.74.1:15059|admin:10.1.74.1:15058|client:10.1.74.1:15057|dataStream:10.1.74.1:15060|priority:1|startupRole:FOLLOWER] with ContainerStateMachine:uninitialized
2023-06-02 05:15:30,230 [57515d40-5a2b-4760-820a-8e251d1bbde2-groupManagement] INFO  server.RaftServerConfigKeys (ConfUtils.java:logGet(46)) - raft.server.rpc.timeout.min = 5s (custom)
2023-06-02 05:15:30,231 [57515d40-5a2b-4760-820a-8e251d1bbde2-groupManagement] INFO  server.RaftServerConfigKeys (ConfUtils.java:logGet(46)) - raft.server.rpc.timeout.max = 5200ms (custom)
2023-06-02 05:15:30,231 [57515d40-5a2b-4760-820a-8e251d1bbde2-groupManagement] INFO  server.RaftServerConfigKeys (ConfUtils.java:logGet(46)) - raft.server.rpc.sleep.time = 25ms (default)
2023-06-02 05:15:30,231 [57515d40-5a2b-4760-820a-8e251d1bbde2-groupManagement] INFO  server.RaftServerConfigKeys (ConfUtils.java:logGet(46)) - raft.server.rpc.slowness.timeout = 300s (custom)
2023-06-02 05:15:30,231 [57515d40-5a2b-4760-820a-8e251d1bbde2-groupManagement] INFO  server.RaftServerConfigKeys (ConfUtils.java:logGet(46)) - raft.server.leaderelection.leader.step-down.wait-time = 10s (default)
2023-06-02 05:15:30,231 [57515d40-5a2b-4760-820a-8e251d1bbde2-groupManagement] INFO  server.RaftServerConfigKeys (ConfUtils.java:logGet(46)) - raft.server.sleep.deviation.threshold = 300ms (default)
2023-06-02 05:15:30,231 [57515d40-5a2b-4760-820a-8e251d1bbde2-groupManagement] INFO  server.RaftServer$Division (ServerState.java:<init>(120)) - 57515d40-5a2b-4760-820a-8e251d1bbde2@group-7A464BC2D816: ConfigurationManager, init=-1: peers:[bf3b8f25-dffd-4d70-aae5-69cf4c3dc4d1|rpc:10.1.74.1:15050|admin:10.1.74.1:15049|client:10.1.74.1:15048|dataStream:10.1.74.1:15051|priority:0|startupRole:FOLLOWER, 45087365-1608-4817-8e49-1b233997f081|rpc:10.1.74.1:15041|admin:10.1.74.1:15040|client:10.1.74.1:15039|dataStream:10.1.74.1:15042|priority:0|startupRole:FOLLOWER, 57515d40-5a2b-4760-820a-8e251d1bbde2|rpc:10.1.74.1:15059|admin:10.1.74.1:15058|client:10.1.74.1:15057|dataStream:10.1.74.1:15060|priority:1|startupRole:FOLLOWER]|listeners:[], old=null, confs=<EMPTY_MAP>
2023-06-02 05:15:30,231 [57515d40-5a2b-4760-820a-8e251d1bbde2-groupManagement] INFO  server.RaftServerConfigKeys (ConfUtils.java:logGet(46)) - raft.server.storage.dir = [/home/runner/work/ozone/ozone/hadoop-ozone/integration-test/target/test-dir/MiniOzoneClusterImpl-4e6c5432-da36-405d-b7f1-05871ead9573/datanode-5/data/ratis] (custom)
2023-06-02 05:15:30,231 [57515d40-5a2b-4760-820a-8e251d1bbde2-groupManagement] INFO  server.RaftServerConfigKeys (ConfUtils.java:logGet(46)) - raft.server.log.corruption.policy = EXCEPTION (default)
2023-06-02 05:15:30,231 [57515d40-5a2b-4760-820a-8e251d1bbde2-groupManagement] INFO  server.RaftServerConfigKeys (ConfUtils.java:logGet(46)) - raft.server.storage.free-space.min = 0MB (=0) (default)
2023-06-02 05:15:30,232 [57515d40-5a2b-4760-820a-8e251d1bbde2-groupManagement] INFO  server.RaftServerConfigKeys (ConfUtils.java:logGet(46)) - raft.server.notification.no-leader.timeout = 300s (custom)
2023-06-02 05:15:30,232 [57515d40-5a2b-4760-820a-8e251d1bbde2-groupManagement] INFO  server.RaftServerConfigKeys (ConfUtils.java:logGet(46)) - raft.server.read.timeout = 10s (default)
2023-06-02 05:15:30,232 [57515d40-5a2b-4760-820a-8e251d1bbde2-groupManagement] INFO  server.RaftServerConfigKeys (ConfUtils.java:logGet(46)) - raft.server.retrycache.expirytime = 600000ms (custom)
2023-06-02 05:15:30,232 [57515d40-5a2b-4760-820a-8e251d1bbde2-groupManagement] INFO  server.RaftServerConfigKeys (ConfUtils.java:logGet(46)) - raft.server.retrycache.statistics.expirytime = 100μs (default)
2023-06-02 05:15:30,232 [57515d40-5a2b-4760-820a-8e251d1bbde2-groupManagement] INFO  server.RaftServerConfigKeys (ConfUtils.java:logGet(46)) - raft.server.read.option = DEFAULT (default)
2023-06-02 05:15:30,232 [bf3b8f25-dffd-4d70-aae5-69cf4c3dc4d1-groupManagement] INFO  storage.RaftStorage (RaftStorageImpl.java:format(96)) - Storage directory /home/runner/work/ozone/ozone/hadoop-ozone/integration-test/target/test-dir/MiniOzoneClusterImpl-4e6c5432-da36-405d-b7f1-05871ead9573/datanode-4/data/ratis/8a8521d7-629c-41da-a6fb-2b54be9755f4 has been successfully formatted.
2023-06-02 05:15:30,235 [bf3b8f25-dffd-4d70-aae5-69cf4c3dc4d1-groupManagement] INFO  ratis.ContainerStateMachine (ContainerStateMachine.java:loadSnapshot(262)) - group-2B54BE9755F4: The snapshot info is null. Setting the last applied indexto:(t:0, i:~)
2023-06-02 05:15:30,235 [bf3b8f25-dffd-4d70-aae5-69cf4c3dc4d1-groupManagement] INFO  server.RaftServerConfigKeys (ConfUtils.java:logGet(46)) - raft.server.log.use.memory = false (default)
2023-06-02 05:15:30,235 [bf3b8f25-dffd-4d70-aae5-69cf4c3dc4d1-groupManagement] INFO  server.RaftServerConfigKeys (ConfUtils.java:logGet(46)) - raft.server.log.purge.gap = 1000000 (custom)
2023-06-02 05:15:30,235 [bf3b8f25-dffd-4d70-aae5-69cf4c3dc4d1-groupManagement] INFO  server.RaftServerConfigKeys (ConfUtils.java:logGet(46)) - raft.server.log.appender.buffer.byte-limit = 33554432 (custom)
2023-06-02 05:15:30,235 [bf3b8f25-dffd-4d70-aae5-69cf4c3dc4d1-groupManagement] INFO  server.RaftServerConfigKeys (ConfUtils.java:logGet(46)) - raft.server.log.statemachine.data.read.timeout = 1000ms (default)
2023-06-02 05:15:30,235 [bf3b8f25-dffd-4d70-aae5-69cf4c3dc4d1-groupManagement] INFO  server.RaftServerConfigKeys (ConfUtils.java:logGet(46)) - raft.server.log.purge.preservation.log.num = 0 (default)
2023-06-02 05:15:30,236 [EventQueue-PipelineReportForPipelineReportHandler] INFO  pipeline.PipelineManagerImpl (PipelineManagerImpl.java:openPipeline(367)) - Pipeline Pipeline[ Id: 8a8521d7-629c-41da-a6fb-2b54be9755f4, Nodes: bf3b8f25-dffd-4d70-aae5-69cf4c3dc4d1(fv-az628-647/10.1.74.1), ReplicationConfig: RATIS/ONE, State:ALLOCATED, leaderId:bf3b8f25-dffd-4d70-aae5-69cf4c3dc4d1, CreationTimestamp2023-06-02T05:15:27.176Z[Etc/UTC]] moved to OPEN state
2023-06-02 05:15:30,236 [57515d40-5a2b-4760-820a-8e251d1bbde2-groupManagement] INFO  server.RaftServerConfigKeys (ConfUtils.java:logGet(46)) - raft.server.rpc.request.timeout = 60s (custom)
2023-06-02 05:15:30,237 [57515d40-5a2b-4760-820a-8e251d1bbde2-groupManagement] INFO  server.RaftServerConfigKeys (ConfUtils.java:logGet(46)) - raft.server.log.appender.install.snapshot.enabled = false (custom)
2023-06-02 05:15:30,237 [EventQueue-OpenPipelineForHealthyPipelineSafeModeRule] INFO  safemode.SCMSafeModeManager (HealthyPipelineSafeModeRule.java:process(137)) - SCM in safe mode. Healthy pipelines reported count is 0, required healthy pipeline reported count is 1
2023-06-02 05:15:30,237 [bf3b8f25-dffd-4d70-aae5-69cf4c3dc4d1-groupManagement] INFO  server.RaftServerConfigKeys (ConfUtils.java:logGet(46)) - raft.server.log.segment.size.max = 1048576 (custom)
2023-06-02 05:15:30,238 [bf3b8f25-dffd-4d70-aae5-69cf4c3dc4d1-groupManagement] INFO  server.RaftServerConfigKeys (ConfUtils.java:logGet(46)) - raft.server.log.segment.cache.num.max = 2 (custom)
2023-06-02 05:15:30,239 [bf3b8f25-dffd-4d70-aae5-69cf4c3dc4d1-groupManagement] INFO  server.RaftServerConfigKeys (ConfUtils.java:logGet(46)) - raft.server.log.segment.cache.size.max = 200MB (=209715200) (default)
2023-06-02 05:15:30,237 [57515d40-5a2b-4760-820a-8e251d1bbde2-groupManagement] INFO  server.RaftServerConfigKeys (ConfUtils.java:logGet(46)) - raft.server.threadpool.server.cached = true (default)
2023-06-02 05:15:30,239 [bf3b8f25-dffd-4d70-aae5-69cf4c3dc4d1-groupManagement] INFO  server.RaftServerConfigKeys (ConfUtils.java:logGet(46)) - raft.server.log.appender.buffer.byte-limit = 33554432 (custom)
2023-06-02 05:15:30,239 [57515d40-5a2b-4760-820a-8e251d1bbde2-groupManagement] INFO  server.RaftServerConfigKeys (ConfUtils.java:logGet(46)) - raft.server.threadpool.server.size = 0 (default)
2023-06-02 05:15:30,239 [bf3b8f25-dffd-4d70-aae5-69cf4c3dc4d1-groupManagement] INFO  segmented.SegmentedRaftLogWorker (SegmentedRaftLogWorker.java:<init>(188)) - new bf3b8f25-dffd-4d70-aae5-69cf4c3dc4d1@group-2B54BE9755F4-SegmentedRaftLogWorker for RaftStorageImpl:Storage Directory /home/runner/work/ozone/ozone/hadoop-ozone/integration-test/target/test-dir/MiniOzoneClusterImpl-4e6c5432-da36-405d-b7f1-05871ead9573/datanode-4/data/ratis/8a8521d7-629c-41da-a6fb-2b54be9755f4
2023-06-02 05:15:30,239 [57515d40-5a2b-4760-820a-8e251d1bbde2-groupManagement] INFO  server.RaftServerConfigKeys (ConfUtils.java:logGet(46)) - raft.server.threadpool.client.cached = true (default)
2023-06-02 05:15:30,239 [bf3b8f25-dffd-4d70-aae5-69cf4c3dc4d1-groupManagement] INFO  server.RaftServerConfigKeys (ConfUtils.java:logGet(46)) - raft.server.log.queue.byte-limit = 4294967296 (custom)
2023-06-02 05:15:30,239 [57515d40-5a2b-4760-820a-8e251d1bbde2-groupManagement] INFO  server.RaftServerConfigKeys (ConfUtils.java:logGet(46)) - raft.server.threadpool.client.size = 0 (default)
2023-06-02 05:15:30,240 [bf3b8f25-dffd-4d70-aae5-69cf4c3dc4d1-groupManagement] INFO  server.RaftServerConfigKeys (ConfUtils.java:logGet(46)) - raft.server.log.queue.element-limit = 1024 (custom)
2023-06-02 05:15:30,240 [bf3b8f25-dffd-4d70-aae5-69cf4c3dc4d1-groupManagement] INFO  server.RaftServerConfigKeys (ConfUtils.java:logGet(46)) - raft.server.log.segment.size.max = 1048576 (custom)
2023-06-02 05:15:30,240 [57515d40-5a2b-4760-820a-8e251d1bbde2-groupManagement] INFO  storage.RaftStorageDirectory (RaftStorageDirectoryImpl.java:analyzeStorage(137)) - The storage directory /home/runner/work/ozone/ozone/hadoop-ozone/integration-test/target/test-dir/MiniOzoneClusterImpl-4e6c5432-da36-405d-b7f1-05871ead9573/datanode-5/data/ratis/baee233c-8c04-4a61-87ea-7a464bc2d816 does not exist. Creating ...
2023-06-02 05:15:30,240 [bf3b8f25-dffd-4d70-aae5-69cf4c3dc4d1-groupManagement] INFO  server.RaftServerConfigKeys (ConfUtils.java:logGet(46)) - raft.server.log.preallocated.size = 16384 (custom)
2023-06-02 05:15:30,240 [bf3b8f25-dffd-4d70-aae5-69cf4c3dc4d1-groupManagement] INFO  server.RaftServerConfigKeys (ConfUtils.java:logGet(46)) - raft.server.log.force.sync.num = 128 (default)
2023-06-02 05:15:30,240 [bf3b8f25-dffd-4d70-aae5-69cf4c3dc4d1-groupManagement] INFO  server.RaftServerConfigKeys (ConfUtils.java:logGet(46)) - raft.server.log.statemachine.data.sync = true (default)
2023-06-02 05:15:30,240 [bf3b8f25-dffd-4d70-aae5-69cf4c3dc4d1-groupManagement] INFO  server.RaftServerConfigKeys (ConfUtils.java:logGet(46)) - raft.server.log.statemachine.data.sync.timeout = 10s (default)
2023-06-02 05:15:30,240 [bf3b8f25-dffd-4d70-aae5-69cf4c3dc4d1-groupManagement] INFO  server.RaftServerConfigKeys (ConfUtils.java:logGet(46)) - raft.server.log.statemachine.data.sync.timeout.retry = -1 (default)
2023-06-02 05:15:30,241 [57515d40-5a2b-4760-820a-8e251d1bbde2-groupManagement] INFO  storage.RaftStorageDirectory (RaftStorageDirectoryImpl.java:tryLock(231)) - Lock on /home/runner/work/ozone/ozone/hadoop-ozone/integration-test/target/test-dir/MiniOzoneClusterImpl-4e6c5432-da36-405d-b7f1-05871ead9573/datanode-5/data/ratis/baee233c-8c04-4a61-87ea-7a464bc2d816/in_use.lock acquired by nodename 65026@fv-az628-647
2023-06-02 05:15:30,243 [57515d40-5a2b-4760-820a-8e251d1bbde2-groupManagement] INFO  storage.RaftStorage (RaftStorageImpl.java:format(96)) - Storage directory /home/runner/work/ozone/ozone/hadoop-ozone/integration-test/target/test-dir/MiniOzoneClusterImpl-4e6c5432-da36-405d-b7f1-05871ead9573/datanode-5/data/ratis/baee233c-8c04-4a61-87ea-7a464bc2d816 has been successfully formatted.
2023-06-02 05:15:30,243 [57515d40-5a2b-4760-820a-8e251d1bbde2-groupManagement] INFO  ratis.ContainerStateMachine (ContainerStateMachine.java:loadSnapshot(262)) - group-7A464BC2D816: The snapshot info is null. Setting the last applied indexto:(t:0, i:~)
2023-06-02 05:15:30,246 [bf3b8f25-dffd-4d70-aae5-69cf4c3dc4d1-groupManagement] INFO  server.RaftServerConfigKeys (ConfUtils.java:logGet(46)) - raft.server.log.write.buffer.size = 1048576 (custom)
2023-06-02 05:15:30,246 [57515d40-5a2b-4760-820a-8e251d1bbde2-groupManagement] INFO  server.RaftServerConfigKeys (ConfUtils.java:logGet(46)) - raft.server.log.use.memory = false (default)
2023-06-02 05:15:30,250 [57515d40-5a2b-4760-820a-8e251d1bbde2-groupManagement] INFO  server.RaftServerConfigKeys (ConfUtils.java:logGet(46)) - raft.server.log.purge.gap = 1000000 (custom)
2023-06-02 05:15:30,250 [57515d40-5a2b-4760-820a-8e251d1bbde2-groupManagement] INFO  server.RaftServerConfigKeys (ConfUtils.java:logGet(46)) - raft.server.log.appender.buffer.byte-limit = 33554432 (custom)
2023-06-02 05:15:30,250 [57515d40-5a2b-4760-820a-8e251d1bbde2-groupManagement] INFO  server.RaftServerConfigKeys (ConfUtils.java:logGet(46)) - raft.server.log.statemachine.data.read.timeout = 1000ms (default)
2023-06-02 05:15:30,250 [57515d40-5a2b-4760-820a-8e251d1bbde2-groupManagement] INFO  server.RaftServerConfigKeys (ConfUtils.java:logGet(46)) - raft.server.log.purge.preservation.log.num = 0 (default)
2023-06-02 05:15:30,250 [57515d40-5a2b-4760-820a-8e251d1bbde2-groupManagement] INFO  server.RaftServerConfigKeys (ConfUtils.java:logGet(46)) - raft.server.log.segment.size.max = 1048576 (custom)
2023-06-02 05:15:30,251 [bf3b8f25-dffd-4d70-aae5-69cf4c3dc4d1-groupManagement] INFO  server.RaftServerConfigKeys (ConfUtils.java:logGet(46)) - raft.server.log.appender.buffer.byte-limit = 33554432 (custom)
2023-06-02 05:15:30,252 [57515d40-5a2b-4760-820a-8e251d1bbde2-groupManagement] INFO  server.RaftServerConfigKeys (ConfUtils.java:logGet(46)) - raft.server.log.segment.cache.num.max = 2 (custom)
2023-06-02 05:15:30,252 [57515d40-5a2b-4760-820a-8e251d1bbde2-groupManagement] INFO  server.RaftServerConfigKeys (ConfUtils.java:logGet(46)) - raft.server.log.segment.cache.size.max = 200MB (=209715200) (default)
2023-06-02 05:15:30,252 [57515d40-5a2b-4760-820a-8e251d1bbde2-groupManagement] INFO  server.RaftServerConfigKeys (ConfUtils.java:logGet(46)) - raft.server.log.appender.buffer.byte-limit = 33554432 (custom)
2023-06-02 05:15:30,253 [57515d40-5a2b-4760-820a-8e251d1bbde2-groupManagement] INFO  segmented.SegmentedRaftLogWorker (SegmentedRaftLogWorker.java:<init>(188)) - new 57515d40-5a2b-4760-820a-8e251d1bbde2@group-7A464BC2D816-SegmentedRaftLogWorker for RaftStorageImpl:Storage Directory /home/runner/work/ozone/ozone/hadoop-ozone/integration-test/target/test-dir/MiniOzoneClusterImpl-4e6c5432-da36-405d-b7f1-05871ead9573/datanode-5/data/ratis/baee233c-8c04-4a61-87ea-7a464bc2d816
2023-06-02 05:15:30,253 [57515d40-5a2b-4760-820a-8e251d1bbde2-groupManagement] INFO  server.RaftServerConfigKeys (ConfUtils.java:logGet(46)) - raft.server.log.queue.byte-limit = 4294967296 (custom)
2023-06-02 05:15:30,253 [57515d40-5a2b-4760-820a-8e251d1bbde2-groupManagement] INFO  server.RaftServerConfigKeys (ConfUtils.java:logGet(46)) - raft.server.log.queue.element-limit = 1024 (custom)
2023-06-02 05:15:30,253 [57515d40-5a2b-4760-820a-8e251d1bbde2-groupManagement] INFO  server.RaftServerConfigKeys (ConfUtils.java:logGet(46)) - raft.server.log.segment.size.max = 1048576 (custom)
2023-06-02 05:15:30,254 [57515d40-5a2b-4760-820a-8e251d1bbde2-groupManagement] INFO  server.RaftServerConfigKeys (ConfUtils.java:logGet(46)) - raft.server.log.preallocated.size = 16384 (custom)
2023-06-02 05:15:30,254 [57515d40-5a2b-4760-820a-8e251d1bbde2-groupManagement] INFO  server.RaftServerConfigKeys (ConfUtils.java:logGet(46)) - raft.server.log.force.sync.num = 128 (default)
2023-06-02 05:15:30,254 [57515d40-5a2b-4760-820a-8e251d1bbde2-groupManagement] INFO  server.RaftServerConfigKeys (ConfUtils.java:logGet(46)) - raft.server.log.statemachine.data.sync = true (default)
2023-06-02 05:15:30,254 [57515d40-5a2b-4760-820a-8e251d1bbde2-groupManagement] INFO  server.RaftServerConfigKeys (ConfUtils.java:logGet(46)) - raft.server.log.statemachine.data.sync.timeout = 10s (default)
2023-06-02 05:15:30,255 [57515d40-5a2b-4760-820a-8e251d1bbde2-groupManagement] INFO  server.RaftServerConfigKeys (ConfUtils.java:logGet(46)) - raft.server.log.statemachine.data.sync.timeout.retry = -1 (default)
2023-06-02 05:15:30,606 [JvmPauseMonitor8] WARN  util.JvmPauseMonitor (JvmPauseMonitor.java:detectPause(124)) - JvmPauseMonitor-638bdbe3-f7a3-4715-ad07-0d6e98de3b67: Detected pause in JVM or host machine approximately 0.134s with 0.338s GC time.
GC pool 'PS MarkSweep' had collection(s): count=1 time=338ms
2023-06-02 05:15:30,608 [57515d40-5a2b-4760-820a-8e251d1bbde2-groupManagement] INFO  server.RaftServerConfigKeys (ConfUtils.java:logGet(46)) - raft.server.log.write.buffer.size = 1048576 (custom)
2023-06-02 05:15:30,608 [57515d40-5a2b-4760-820a-8e251d1bbde2-groupManagement] INFO  server.RaftServerConfigKeys (ConfUtils.java:logGet(46)) - raft.server.log.appender.buffer.byte-limit = 33554432 (custom)
2023-06-02 05:15:30,619 [JvmPauseMonitor0] WARN  util.JvmPauseMonitor (JvmPauseMonitor.java:detectPause(124)) - JvmPauseMonitor-om1: Detected pause in JVM or host machine approximately 0.185s with 0.338s GC time.
GC pool 'PS MarkSweep' had collection(s): count=1 time=338ms
2023-06-02 05:15:30,620 [JvmPauseMonitor9] WARN  util.JvmPauseMonitor (JvmPauseMonitor.java:detectPause(124)) - JvmPauseMonitor-70b3c7ea-e7eb-4f75-8ddc-1173fec1a2ac: Detected pause in JVM or host machine approximately 0.190s with 0.338s GC time.
GC pool 'PS MarkSweep' had collection(s): count=1 time=338ms
2023-06-02 05:15:30,620 [JvmPauseMonitor4] WARN  util.JvmPauseMonitor (JvmPauseMonitor.java:detectPause(124)) - JvmPauseMonitor-45087365-1608-4817-8e49-1b233997f081: Detected pause in JVM or host machine approximately 0.201s with 0.338s GC time.
GC pool 'PS MarkSweep' had collection(s): count=1 time=338ms
2023-06-02 05:15:30,635 [JvmPauseMonitor10] WARN  util.JvmPauseMonitor (JvmPauseMonitor.java:detectPause(124)) - JvmPauseMonitor-dd6dae7b-c4a9-4a16-a5ce-973fa036779e: Detected pause in JVM or host machine approximately 0.277s with 0.338s GC time.
GC pool 'PS MarkSweep' had collection(s): count=1 time=338ms
2023-06-02 05:15:30,635 [JvmPauseMonitor14] WARN  util.JvmPauseMonitor (JvmPauseMonitor.java:detectPause(124)) - JvmPauseMonitor-974c4613-d60a-49f9-a8d7-7eb2aff460ff: Detected pause in JVM or host machine approximately 0.288s with 0.338s GC time.
GC pool 'PS MarkSweep' had collection(s): count=1 time=338ms
2023-06-02 05:15:30,635 [JvmPauseMonitor7] WARN  util.JvmPauseMonitor (JvmPauseMonitor.java:detectPause(124)) - JvmPauseMonitor-87f06f2d-f73a-4ca4-bc8e-5aedfa582ec7: Detected pause in JVM or host machine approximately 0.350s with 0.338s GC time.
GC pool 'PS MarkSweep' had collection(s): count=1 time=338ms
2023-06-02 05:15:30,635 [JvmPauseMonitor13] WARN  util.JvmPauseMonitor (JvmPauseMonitor.java:detectPause(124)) - JvmPauseMonitor-02d5e712-89f3-441d-ae82-935a5ddb56eb: Detected pause in JVM or host machine approximately 0.357s with 0.338s GC time.
GC pool 'PS MarkSweep' had collection(s): count=1 time=338ms
2023-06-02 05:15:30,635 [bf3b8f25-dffd-4d70-aae5-69cf4c3dc4d1-groupManagement] INFO  server.RaftServerConfigKeys (ConfUtils.java:logGet(46)) - raft.server.log.unsafe-flush.enabled = false (default)
2023-06-02 05:15:30,636 [JvmPauseMonitor5] WARN  util.JvmPauseMonitor (JvmPauseMonitor.java:detectPause(124)) - JvmPauseMonitor-bf3b8f25-dffd-4d70-aae5-69cf4c3dc4d1: Detected pause in JVM or host machine approximately 0.376s with 0.338s GC time.
GC pool 'PS MarkSweep' had collection(s): count=1 time=338ms
2023-06-02 05:15:30,636 [bf3b8f25-dffd-4d70-aae5-69cf4c3dc4d1-groupManagement] INFO  server.RaftServerConfigKeys (ConfUtils.java:logGet(46)) - raft.server.log.async-flush.enabled = false (default)
2023-06-02 05:15:30,636 [bf3b8f25-dffd-4d70-aae5-69cf4c3dc4d1-groupManagement] INFO  server.RaftServerConfigKeys (ConfUtils.java:logGet(46)) - raft.server.log.statemachine.data.caching.enabled = true (custom)
2023-06-02 05:15:30,636 [bf3b8f25-dffd-4d70-aae5-69cf4c3dc4d1-groupManagement] INFO  segmented.SegmentedRaftLogWorker (SegmentedRaftLogWorker.java:lambda$new$0(135)) - bf3b8f25-dffd-4d70-aae5-69cf4c3dc4d1@group-2B54BE9755F4-SegmentedRaftLogWorker: flushIndex: setUnconditionally 0 -> -1
2023-06-02 05:15:30,636 [bf3b8f25-dffd-4d70-aae5-69cf4c3dc4d1-groupManagement] INFO  segmented.SegmentedRaftLogWorker (SegmentedRaftLogWorker.java:lambda$new$0(135)) - bf3b8f25-dffd-4d70-aae5-69cf4c3dc4d1@group-2B54BE9755F4-SegmentedRaftLogWorker: safeCacheEvictIndex: setUnconditionally 0 -> -1
2023-06-02 05:15:30,637 [bf3b8f25-dffd-4d70-aae5-69cf4c3dc4d1-groupManagement] INFO  server.RaftServer$Division (RaftServerImpl.java:start(342)) - bf3b8f25-dffd-4d70-aae5-69cf4c3dc4d1@group-2B54BE9755F4: start as a follower, conf=-1: peers:[bf3b8f25-dffd-4d70-aae5-69cf4c3dc4d1|rpc:10.1.74.1:15050|admin:10.1.74.1:15049|client:10.1.74.1:15048|dataStream:10.1.74.1:15051|priority:1|startupRole:FOLLOWER]|listeners:[], old=null
2023-06-02 05:15:30,637 [bf3b8f25-dffd-4d70-aae5-69cf4c3dc4d1-groupManagement] INFO  server.RaftServer$Division (RaftServerImpl.java:setRole(329)) - bf3b8f25-dffd-4d70-aae5-69cf4c3dc4d1@group-2B54BE9755F4: changes role from      null to FOLLOWER at term 0 for startAsFollower
2023-06-02 05:15:30,637 [bf3b8f25-dffd-4d70-aae5-69cf4c3dc4d1-groupManagement] INFO  impl.RoleInfo (RoleInfo.java:updateAndGet(139)) - bf3b8f25-dffd-4d70-aae5-69cf4c3dc4d1: start bf3b8f25-dffd-4d70-aae5-69cf4c3dc4d1@group-2B54BE9755F4-FollowerState
2023-06-02 05:15:30,637 [bf3b8f25-dffd-4d70-aae5-69cf4c3dc4d1-groupManagement] INFO  util.JmxRegister (JmxRegister.java:tryRegister(44)) - Successfully registered JMX Bean with object name Ratis:service=RaftServer,group=group-2B54BE9755F4,id=bf3b8f25-dffd-4d70-aae5-69cf4c3dc4d1
2023-06-02 05:15:30,637 [bf3b8f25-dffd-4d70-aae5-69cf4c3dc4d1-groupManagement] INFO  server.RaftServerConfigKeys (ConfUtils.java:logGet(46)) - raft.server.snapshot.auto.trigger.enabled = true (custom)
2023-06-02 05:15:30,637 [bf3b8f25-dffd-4d70-aae5-69cf4c3dc4d1-groupManagement] INFO  server.RaftServerConfigKeys (ConfUtils.java:logGet(46)) - raft.server.snapshot.auto.trigger.threshold = 10000 (custom)
2023-06-02 05:15:30,637 [JvmPauseMonitor12] WARN  util.JvmPauseMonitor (JvmPauseMonitor.java:detectPause(124)) - JvmPauseMonitor-af4b945e-05c9-4c95-92ea-ec296ba0645f: Detected pause in JVM or host machine approximately 0.267s with 0.338s GC time.
GC pool 'PS MarkSweep' had collection(s): count=1 time=338ms
2023-06-02 05:15:30,638 [bf3b8f25-dffd-4d70-aae5-69cf4c3dc4d1@group-2B54BE9755F4-FollowerState] INFO  server.RaftServerConfigKeys (ConfUtils.java:logFallback(53)) - raft.server.rpc.first-election.timeout.min = 5s (fallback to raft.server.rpc.timeout.min)
2023-06-02 05:15:30,638 [bf3b8f25-dffd-4d70-aae5-69cf4c3dc4d1@group-2B54BE9755F4-FollowerState] INFO  server.RaftServerConfigKeys (ConfUtils.java:logFallback(53)) - raft.server.rpc.first-election.timeout.max = 5200ms (fallback to raft.server.rpc.timeout.max)
2023-06-02 05:15:30,637 [bf3b8f25-dffd-4d70-aae5-69cf4c3dc4d1-groupManagement] INFO  server.RaftServerConfigKeys (ConfUtils.java:logGet(46)) - raft.server.snapshot.retention.file.num = 5 (custom)
2023-06-02 05:15:30,638 [bf3b8f25-dffd-4d70-aae5-69cf4c3dc4d1-groupManagement] INFO  server.RaftServerConfigKeys (ConfUtils.java:logGet(46)) - raft.server.log.purge.upto.snapshot.index = false (default)
2023-06-02 05:15:30,640 [PipelineCommandHandlerThread-0] INFO  ratis.XceiverServerRatis (XceiverServerRatis.java:addGroup(804)) - Created group PipelineID=8a8521d7-629c-41da-a6fb-2b54be9755f4
2023-06-02 05:15:30,640 [PipelineCommandHandlerThread-0] INFO  commandhandler.CreatePipelineCommandHandler (CreatePipelineCommandHandler.java:lambda$handle$2(124)) - Created Pipeline RATIS ONE PipelineID=8a8521d7-629c-41da-a6fb-2b54be9755f4.
2023-06-02 05:15:30,641 [PipelineCommandHandlerThread-0] INFO  server.RaftServer (RaftServerProxy.java:addNew(98)) - bf3b8f25-dffd-4d70-aae5-69cf4c3dc4d1: addNew group-7A464BC2D816:[bf3b8f25-dffd-4d70-aae5-69cf4c3dc4d1|rpc:10.1.74.1:15050|admin:10.1.74.1:15049|client:10.1.74.1:15048|dataStream:10.1.74.1:15051|priority:0|startupRole:FOLLOWER, 45087365-1608-4817-8e49-1b233997f081|rpc:10.1.74.1:15041|admin:10.1.74.1:15040|client:10.1.74.1:15039|dataStream:10.1.74.1:15042|priority:0|startupRole:FOLLOWER, 57515d40-5a2b-4760-820a-8e251d1bbde2|rpc:10.1.74.1:15059|admin:10.1.74.1:15058|client:10.1.74.1:15057|dataStream:10.1.74.1:15060|priority:1|startupRole:FOLLOWER] returns group-7A464BC2D816:java.util.concurrent.CompletableFuture@4067e1d4[Not completed]
2023-06-02 05:15:30,642 [bf3b8f25-dffd-4d70-aae5-69cf4c3dc4d1-groupManagement] INFO  server.RaftServer$Division (RaftServerImpl.java:<init>(198)) - bf3b8f25-dffd-4d70-aae5-69cf4c3dc4d1: new RaftServerImpl for group-7A464BC2D816:[bf3b8f25-dffd-4d70-aae5-69cf4c3dc4d1|rpc:10.1.74.1:15050|admin:10.1.74.1:15049|client:10.1.74.1:15048|dataStream:10.1.74.1:15051|priority:0|startupRole:FOLLOWER, 45087365-1608-4817-8e49-1b233997f081|rpc:10.1.74.1:15041|admin:10.1.74.1:15040|client:10.1.74.1:15039|dataStream:10.1.74.1:15042|priority:0|startupRole:FOLLOWER, 57515d40-5a2b-4760-820a-8e251d1bbde2|rpc:10.1.74.1:15059|admin:10.1.74.1:15058|client:10.1.74.1:15057|dataStream:10.1.74.1:15060|priority:1|startupRole:FOLLOWER] with ContainerStateMachine:uninitialized
2023-06-02 05:15:30,642 [bf3b8f25-dffd-4d70-aae5-69cf4c3dc4d1-groupManagement] INFO  server.RaftServerConfigKeys (ConfUtils.java:logGet(46)) - raft.server.rpc.timeout.min = 5s (custom)
2023-06-02 05:15:30,642 [bf3b8f25-dffd-4d70-aae5-69cf4c3dc4d1-groupManagement] INFO  server.RaftServerConfigKeys (ConfUtils.java:logGet(46)) - raft.server.rpc.timeout.max = 5200ms (custom)
2023-06-02 05:15:30,642 [bf3b8f25-dffd-4d70-aae5-69cf4c3dc4d1-groupManagement] INFO  server.RaftServerConfigKeys (ConfUtils.java:logGet(46)) - raft.server.rpc.sleep.time = 25ms (default)
2023-06-02 05:15:30,642 [bf3b8f25-dffd-4d70-aae5-69cf4c3dc4d1-groupManagement] INFO  server.RaftServerConfigKeys (ConfUtils.java:logGet(46)) - raft.server.rpc.slowness.timeout = 300s (custom)
2023-06-02 05:15:30,642 [bf3b8f25-dffd-4d70-aae5-69cf4c3dc4d1-groupManagement] INFO  server.RaftServerConfigKeys (ConfUtils.java:logGet(46)) - raft.server.leaderelection.leader.step-down.wait-time = 10s (default)
2023-06-02 05:15:30,642 [bf3b8f25-dffd-4d70-aae5-69cf4c3dc4d1-groupManagement] INFO  server.RaftServerConfigKeys (ConfUtils.java:logGet(46)) - raft.server.sleep.deviation.threshold = 300ms (default)
2023-06-02 05:15:30,642 [bf3b8f25-dffd-4d70-aae5-69cf4c3dc4d1-groupManagement] INFO  server.RaftServer$Division (ServerState.java:<init>(120)) - bf3b8f25-dffd-4d70-aae5-69cf4c3dc4d1@group-7A464BC2D816: ConfigurationManager, init=-1: peers:[bf3b8f25-dffd-4d70-aae5-69cf4c3dc4d1|rpc:10.1.74.1:15050|admin:10.1.74.1:15049|client:10.1.74.1:15048|dataStream:10.1.74.1:15051|priority:0|startupRole:FOLLOWER, 45087365-1608-4817-8e49-1b233997f081|rpc:10.1.74.1:15041|admin:10.1.74.1:15040|client:10.1.74.1:15039|dataStream:10.1.74.1:15042|priority:0|startupRole:FOLLOWER, 57515d40-5a2b-4760-820a-8e251d1bbde2|rpc:10.1.74.1:15059|admin:10.1.74.1:15058|client:10.1.74.1:15057|dataStream:10.1.74.1:15060|priority:1|startupRole:FOLLOWER]|listeners:[], old=null, confs=<EMPTY_MAP>
2023-06-02 05:15:30,642 [bf3b8f25-dffd-4d70-aae5-69cf4c3dc4d1-groupManagement] INFO  server.RaftServerConfigKeys (ConfUtils.java:logGet(46)) - raft.server.storage.dir = [/home/runner/work/ozone/ozone/hadoop-ozone/integration-test/target/test-dir/MiniOzoneClusterImpl-4e6c5432-da36-405d-b7f1-05871ead9573/datanode-4/data/ratis] (custom)
2023-06-02 05:15:30,643 [bf3b8f25-dffd-4d70-aae5-69cf4c3dc4d1-groupManagement] INFO  server.RaftServerConfigKeys (ConfUtils.java:logGet(46)) - raft.server.log.corruption.policy = EXCEPTION (default)
2023-06-02 05:15:30,643 [bf3b8f25-dffd-4d70-aae5-69cf4c3dc4d1-groupManagement] INFO  server.RaftServerConfigKeys (ConfUtils.java:logGet(46)) - raft.server.storage.free-space.min = 0MB (=0) (default)
2023-06-02 05:15:30,643 [bf3b8f25-dffd-4d70-aae5-69cf4c3dc4d1-groupManagement] INFO  server.RaftServerConfigKeys (ConfUtils.java:logGet(46)) - raft.server.notification.no-leader.timeout = 300s (custom)
2023-06-02 05:15:30,643 [bf3b8f25-dffd-4d70-aae5-69cf4c3dc4d1-groupManagement] INFO  server.RaftServerConfigKeys (ConfUtils.java:logGet(46)) - raft.server.read.timeout = 10s (default)
2023-06-02 05:15:30,643 [bf3b8f25-dffd-4d70-aae5-69cf4c3dc4d1-groupManagement] INFO  server.RaftServerConfigKeys (ConfUtils.java:logGet(46)) - raft.server.retrycache.expirytime = 600000ms (custom)
2023-06-02 05:15:30,643 [bf3b8f25-dffd-4d70-aae5-69cf4c3dc4d1-groupManagement] INFO  server.RaftServerConfigKeys (ConfUtils.java:logGet(46)) - raft.server.retrycache.statistics.expirytime = 100μs (default)
2023-06-02 05:15:30,643 [bf3b8f25-dffd-4d70-aae5-69cf4c3dc4d1-groupManagement] INFO  server.RaftServerConfigKeys (ConfUtils.java:logGet(46)) - raft.server.read.option = DEFAULT (default)
2023-06-02 05:15:30,645 [bf3b8f25-dffd-4d70-aae5-69cf4c3dc4d1-groupManagement] INFO  server.RaftServerConfigKeys (ConfUtils.java:logGet(46)) - raft.server.rpc.request.timeout = 60s (custom)
2023-06-02 05:15:30,645 [bf3b8f25-dffd-4d70-aae5-69cf4c3dc4d1-groupManagement] INFO  server.RaftServerConfigKeys (ConfUtils.java:logGet(46)) - raft.server.log.appender.install.snapshot.enabled = false (custom)
2023-06-02 05:15:30,645 [bf3b8f25-dffd-4d70-aae5-69cf4c3dc4d1-groupManagement] INFO  server.RaftServerConfigKeys (ConfUtils.java:logGet(46)) - raft.server.threadpool.server.cached = true (default)
2023-06-02 05:15:30,645 [bf3b8f25-dffd-4d70-aae5-69cf4c3dc4d1-groupManagement] INFO  server.RaftServerConfigKeys (ConfUtils.java:logGet(46)) - raft.server.threadpool.server.size = 0 (default)
2023-06-02 05:15:30,645 [bf3b8f25-dffd-4d70-aae5-69cf4c3dc4d1-groupManagement] INFO  server.RaftServerConfigKeys (ConfUtils.java:logGet(46)) - raft.server.threadpool.client.cached = true (default)
2023-06-02 05:15:30,645 [bf3b8f25-dffd-4d70-aae5-69cf4c3dc4d1-groupManagement] INFO  server.RaftServerConfigKeys (ConfUtils.java:logGet(46)) - raft.server.threadpool.client.size = 0 (default)
2023-06-02 05:15:30,646 [bf3b8f25-dffd-4d70-aae5-69cf4c3dc4d1-groupManagement] INFO  storage.RaftStorageDirectory (RaftStorageDirectoryImpl.java:analyzeStorage(137)) - The storage directory /home/runner/work/ozone/ozone/hadoop-ozone/integration-test/target/test-dir/MiniOzoneClusterImpl-4e6c5432-da36-405d-b7f1-05871ead9573/datanode-4/data/ratis/baee233c-8c04-4a61-87ea-7a464bc2d816 does not exist. Creating ...
2023-06-02 05:15:30,646 [PipelineCommandHandlerThread-0] INFO  server.RaftServer (RaftServerProxy.java:addNew(98)) - 57515d40-5a2b-4760-820a-8e251d1bbde2: addNew group-E08682256BC1:[57515d40-5a2b-4760-820a-8e251d1bbde2|rpc:10.1.74.1:15059|admin:10.1.74.1:15058|client:10.1.74.1:15057|dataStream:10.1.74.1:15060|priority:1|startupRole:FOLLOWER] returns group-E08682256BC1:java.util.concurrent.CompletableFuture@2cd644a1[Not completed]
2023-06-02 05:15:30,647 [JvmPauseMonitor11] WARN  util.JvmPauseMonitor (JvmPauseMonitor.java:detectPause(124)) - JvmPauseMonitor-f6a83548-c013-4f74-9c0e-0b5a922fe81f: Detected pause in JVM or host machine approximately 0.182s with 0.338s GC time.
GC pool 'PS MarkSweep' had collection(s): count=1 time=338ms
2023-06-02 05:15:30,647 [57515d40-5a2b-4760-820a-8e251d1bbde2-groupManagement] INFO  server.RaftServerConfigKeys (ConfUtils.java:logGet(46)) - raft.server.log.unsafe-flush.enabled = false (default)
2023-06-02 05:15:30,647 [57515d40-5a2b-4760-820a-8e251d1bbde2-groupManagement] INFO  server.RaftServerConfigKeys (ConfUtils.java:logGet(46)) - raft.server.log.async-flush.enabled = false (default)
2023-06-02 05:15:30,647 [57515d40-5a2b-4760-820a-8e251d1bbde2-groupManagement] INFO  server.RaftServerConfigKeys (ConfUtils.java:logGet(46)) - raft.server.log.statemachine.data.caching.enabled = true (custom)
2023-06-02 05:15:30,647 [57515d40-5a2b-4760-820a-8e251d1bbde2-groupManagement] INFO  segmented.SegmentedRaftLogWorker (SegmentedRaftLogWorker.java:lambda$new$0(135)) - 57515d40-5a2b-4760-820a-8e251d1bbde2@group-7A464BC2D816-SegmentedRaftLogWorker: flushIndex: setUnconditionally 0 -> -1
2023-06-02 05:15:30,648 [57515d40-5a2b-4760-820a-8e251d1bbde2-groupManagement] INFO  segmented.SegmentedRaftLogWorker (SegmentedRaftLogWorker.java:lambda$new$0(135)) - 57515d40-5a2b-4760-820a-8e251d1bbde2@group-7A464BC2D816-SegmentedRaftLogWorker: safeCacheEvictIndex: setUnconditionally 0 -> -1
2023-06-02 05:15:30,648 [bf3b8f25-dffd-4d70-aae5-69cf4c3dc4d1-groupManagement] INFO  storage.RaftStorageDirectory (RaftStorageDirectoryImpl.java:tryLock(231)) - Lock on /home/runner/work/ozone/ozone/hadoop-ozone/integration-test/target/test-dir/MiniOzoneClusterImpl-4e6c5432-da36-405d-b7f1-05871ead9573/datanode-4/data/ratis/baee233c-8c04-4a61-87ea-7a464bc2d816/in_use.lock acquired by nodename 65026@fv-az628-647
2023-06-02 05:15:30,648 [57515d40-5a2b-4760-820a-8e251d1bbde2-groupManagement] INFO  server.RaftServer$Division (RaftServerImpl.java:start(342)) - 57515d40-5a2b-4760-820a-8e251d1bbde2@group-7A464BC2D816: start as a follower, conf=-1: peers:[bf3b8f25-dffd-4d70-aae5-69cf4c3dc4d1|rpc:10.1.74.1:15050|admin:10.1.74.1:15049|client:10.1.74.1:15048|dataStream:10.1.74.1:15051|priority:0|startupRole:FOLLOWER, 45087365-1608-4817-8e49-1b233997f081|rpc:10.1.74.1:15041|admin:10.1.74.1:15040|client:10.1.74.1:15039|dataStream:10.1.74.1:15042|priority:0|startupRole:FOLLOWER, 57515d40-5a2b-4760-820a-8e251d1bbde2|rpc:10.1.74.1:15059|admin:10.1.74.1:15058|client:10.1.74.1:15057|dataStream:10.1.74.1:15060|priority:1|startupRole:FOLLOWER]|listeners:[], old=null
2023-06-02 05:15:30,648 [57515d40-5a2b-4760-820a-8e251d1bbde2-groupManagement] INFO  server.RaftServer$Division (RaftServerImpl.java:setRole(329)) - 57515d40-5a2b-4760-820a-8e251d1bbde2@group-7A464BC2D816: changes role from      null to FOLLOWER at term 0 for startAsFollower
2023-06-02 05:15:30,648 [57515d40-5a2b-4760-820a-8e251d1bbde2-groupManagement] INFO  impl.RoleInfo (RoleInfo.java:updateAndGet(139)) - 57515d40-5a2b-4760-820a-8e251d1bbde2: start 57515d40-5a2b-4760-820a-8e251d1bbde2@group-7A464BC2D816-FollowerState
2023-06-02 05:15:30,650 [57515d40-5a2b-4760-820a-8e251d1bbde2-groupManagement] INFO  util.JmxRegister (JmxRegister.java:tryRegister(44)) - Successfully registered JMX Bean with object name Ratis:service=RaftServer,group=group-7A464BC2D816,id=57515d40-5a2b-4760-820a-8e251d1bbde2
2023-06-02 05:15:30,650 [57515d40-5a2b-4760-820a-8e251d1bbde2-groupManagement] INFO  server.RaftServerConfigKeys (ConfUtils.java:logGet(46)) - raft.server.snapshot.auto.trigger.enabled = true (custom)
2023-06-02 05:15:30,650 [57515d40-5a2b-4760-820a-8e251d1bbde2-groupManagement] INFO  server.RaftServerConfigKeys (ConfUtils.java:logGet(46)) - raft.server.snapshot.auto.trigger.threshold = 10000 (custom)
2023-06-02 05:15:30,650 [57515d40-5a2b-4760-820a-8e251d1bbde2-groupManagement] INFO  server.RaftServerConfigKeys (ConfUtils.java:logGet(46)) - raft.server.snapshot.retention.file.num = 5 (custom)
2023-06-02 05:15:30,650 [57515d40-5a2b-4760-820a-8e251d1bbde2-groupManagement] INFO  server.RaftServerConfigKeys (ConfUtils.java:logGet(46)) - raft.server.log.purge.upto.snapshot.index = false (default)
2023-06-02 05:15:30,651 [IPC Server handler 8 on default port 15002] INFO  net.NetworkTopologyImpl (NetworkTopologyImpl.java:add(112)) - Added a new node: /default-rack/f6a83548-c013-4f74-9c0e-0b5a922fe81f
2023-06-02 05:15:30,651 [bf3b8f25-dffd-4d70-aae5-69cf4c3dc4d1-groupManagement] INFO  storage.RaftStorage (RaftStorageImpl.java:format(96)) - Storage directory /home/runner/work/ozone/ozone/hadoop-ozone/integration-test/target/test-dir/MiniOzoneClusterImpl-4e6c5432-da36-405d-b7f1-05871ead9573/datanode-4/data/ratis/baee233c-8c04-4a61-87ea-7a464bc2d816 has been successfully formatted.
2023-06-02 05:15:30,651 [IPC Server handler 8 on default port 15002] INFO  node.SCMNodeManager (SCMNodeManager.java:register(407)) - Registered Data node : f6a83548-c013-4f74-9c0e-0b5a922fe81f{ip: 10.1.74.1, host: fv-az628-647, ports: [HTTP=15099, CLIENT_RPC=15100, REPLICATION=15106, RATIS=15102, RATIS_ADMIN=15103, RATIS_SERVER=15104, RATIS_DATASTREAM=15105, STANDALONE=15101], networkLocation: /default-rack, certSerialId: null, persistedOpState: null, persistedOpStateExpiryEpochSec: 0}
2023-06-02 05:15:30,652 [EventQueue-NewNodeForNewNodeHandler] INFO  pipeline.BackgroundPipelineCreator (BackgroundPipelineCreator.java:notifyEventTriggered(276)) - trigger a one-shot run on RatisPipelineUtilsThread.
2023-06-02 05:15:30,653 [RatisPipelineUtilsThread - 0] INFO  pipeline.RatisPipelineProvider (RatisPipelineProvider.java:lambda$create$0(206)) - Sending CreatePipelineCommand for pipeline:PipelineID=c00261f9-6365-4258-8761-eb390b666527 to datanode:f6a83548-c013-4f74-9c0e-0b5a922fe81f
2023-06-02 05:15:30,655 [RatisPipelineUtilsThread - 0] INFO  pipeline.PipelineStateManagerImpl (PipelineStateManagerImpl.java:addPipeline(103)) - Created pipeline Pipeline[ Id: c00261f9-6365-4258-8761-eb390b666527, Nodes: f6a83548-c013-4f74-9c0e-0b5a922fe81f(fv-az628-647/10.1.74.1), ReplicationConfig: RATIS/ONE, State:ALLOCATED, leaderId:, CreationTimestamp2023-06-02T05:15:30.653Z[Etc/UTC]].
2023-06-02 05:15:30,656 [RatisPipelineUtilsThread - 0] WARN  pipeline.PipelinePlacementPolicy (PipelinePlacementPolicy.java:filterViableNodes(160)) - Pipeline creation failed due to no sufficient healthy datanodes. Required 3. Found 2. Excluded 9.
2023-06-02 05:15:30,656 [57515d40-5a2b-4760-820a-8e251d1bbde2@group-7A464BC2D816-FollowerState] INFO  server.RaftServerConfigKeys (ConfUtils.java:logFallback(53)) - raft.server.rpc.first-election.timeout.min = 5s (fallback to raft.server.rpc.timeout.min)
2023-06-02 05:15:30,657 [57515d40-5a2b-4760-820a-8e251d1bbde2@group-7A464BC2D816-FollowerState] INFO  server.RaftServerConfigKeys (ConfUtils.java:logFallback(53)) - raft.server.rpc.first-election.timeout.max = 5200ms (fallback to raft.server.rpc.timeout.max)
2023-06-02 05:15:30,665 [57515d40-5a2b-4760-820a-8e251d1bbde2-groupManagement] INFO  server.RaftServer$Division (RaftServerImpl.java:<init>(198)) - 57515d40-5a2b-4760-820a-8e251d1bbde2: new RaftServerImpl for group-E08682256BC1:[57515d40-5a2b-4760-820a-8e251d1bbde2|rpc:10.1.74.1:15059|admin:10.1.74.1:15058|client:10.1.74.1:15057|dataStream:10.1.74.1:15060|priority:1|startupRole:FOLLOWER] with ContainerStateMachine:uninitialized
2023-06-02 05:15:30,665 [57515d40-5a2b-4760-820a-8e251d1bbde2-groupManagement] INFO  server.RaftServerConfigKeys (ConfUtils.java:logGet(46)) - raft.server.rpc.timeout.min = 5s (custom)
2023-06-02 05:15:30,665 [57515d40-5a2b-4760-820a-8e251d1bbde2-groupManagement] INFO  server.RaftServerConfigKeys (ConfUtils.java:logGet(46)) - raft.server.rpc.timeout.max = 5200ms (custom)
2023-06-02 05:15:30,665 [57515d40-5a2b-4760-820a-8e251d1bbde2-groupManagement] INFO  server.RaftServerConfigKeys (ConfUtils.java:logGet(46)) - raft.server.rpc.sleep.time = 25ms (default)
2023-06-02 05:15:30,665 [57515d40-5a2b-4760-820a-8e251d1bbde2-groupManagement] INFO  server.RaftServerConfigKeys (ConfUtils.java:logGet(46)) - raft.server.rpc.slowness.timeout = 300s (custom)
2023-06-02 05:15:30,665 [57515d40-5a2b-4760-820a-8e251d1bbde2-groupManagement] INFO  server.RaftServerConfigKeys (ConfUtils.java:logGet(46)) - raft.server.leaderelection.leader.step-down.wait-time = 10s (default)
2023-06-02 05:15:30,665 [57515d40-5a2b-4760-820a-8e251d1bbde2-groupManagement] INFO  server.RaftServerConfigKeys (ConfUtils.java:logGet(46)) - raft.server.sleep.deviation.threshold = 300ms (default)
2023-06-02 05:15:30,665 [57515d40-5a2b-4760-820a-8e251d1bbde2-groupManagement] INFO  server.RaftServer$Division (ServerState.java:<init>(120)) - 57515d40-5a2b-4760-820a-8e251d1bbde2@group-E08682256BC1: ConfigurationManager, init=-1: peers:[57515d40-5a2b-4760-820a-8e251d1bbde2|rpc:10.1.74.1:15059|admin:10.1.74.1:15058|client:10.1.74.1:15057|dataStream:10.1.74.1:15060|priority:1|startupRole:FOLLOWER]|listeners:[], old=null, confs=<EMPTY_MAP>
2023-06-02 05:15:30,665 [57515d40-5a2b-4760-820a-8e251d1bbde2-groupManagement] INFO  server.RaftServerConfigKeys (ConfUtils.java:logGet(46)) - raft.server.storage.dir = [/home/runner/work/ozone/ozone/hadoop-ozone/integration-test/target/test-dir/MiniOzoneClusterImpl-4e6c5432-da36-405d-b7f1-05871ead9573/datanode-5/data/ratis] (custom)
2023-06-02 05:15:30,665 [57515d40-5a2b-4760-820a-8e251d1bbde2-groupManagement] INFO  server.RaftServerConfigKeys (ConfUtils.java:logGet(46)) - raft.server.log.corruption.policy = EXCEPTION (default)
2023-06-02 05:15:30,666 [57515d40-5a2b-4760-820a-8e251d1bbde2-groupManagement] INFO  server.RaftServerConfigKeys (ConfUtils.java:logGet(46)) - raft.server.storage.free-space.min = 0MB (=0) (default)
2023-06-02 05:15:30,666 [57515d40-5a2b-4760-820a-8e251d1bbde2-groupManagement] INFO  server.RaftServerConfigKeys (ConfUtils.java:logGet(46)) - raft.server.notification.no-leader.timeout = 300s (custom)
2023-06-02 05:15:30,666 [57515d40-5a2b-4760-820a-8e251d1bbde2-groupManagement] INFO  server.RaftServerConfigKeys (ConfUtils.java:logGet(46)) - raft.server.read.timeout = 10s (default)
2023-06-02 05:15:30,666 [57515d40-5a2b-4760-820a-8e251d1bbde2-groupManagement] INFO  server.RaftServerConfigKeys (ConfUtils.java:logGet(46)) - raft.server.retrycache.expirytime = 600000ms (custom)
2023-06-02 05:15:30,666 [57515d40-5a2b-4760-820a-8e251d1bbde2-groupManagement] INFO  server.RaftServerConfigKeys (ConfUtils.java:logGet(46)) - raft.server.retrycache.statistics.expirytime = 100μs (default)
2023-06-02 05:15:30,666 [57515d40-5a2b-4760-820a-8e251d1bbde2-groupManagement] INFO  server.RaftServerConfigKeys (ConfUtils.java:logGet(46)) - raft.server.read.option = DEFAULT (default)
2023-06-02 05:15:30,668 [57515d40-5a2b-4760-820a-8e251d1bbde2-groupManagement] INFO  server.RaftServerConfigKeys (ConfUtils.java:logGet(46)) - raft.server.rpc.request.timeout = 60s (custom)
2023-06-02 05:15:30,668 [57515d40-5a2b-4760-820a-8e251d1bbde2-groupManagement] INFO  server.RaftServerConfigKeys (ConfUtils.java:logGet(46)) - raft.server.log.appender.install.snapshot.enabled = false (custom)
2023-06-02 05:15:30,668 [57515d40-5a2b-4760-820a-8e251d1bbde2-groupManagement] INFO  server.RaftServerConfigKeys (ConfUtils.java:logGet(46)) - raft.server.threadpool.server.cached = true (default)
2023-06-02 05:15:30,668 [57515d40-5a2b-4760-820a-8e251d1bbde2-groupManagement] INFO  server.RaftServerConfigKeys (ConfUtils.java:logGet(46)) - raft.server.threadpool.server.size = 0 (default)
2023-06-02 05:15:30,668 [57515d40-5a2b-4760-820a-8e251d1bbde2-groupManagement] INFO  server.RaftServerConfigKeys (ConfUtils.java:logGet(46)) - raft.server.threadpool.client.cached = true (default)
2023-06-02 05:15:30,668 [57515d40-5a2b-4760-820a-8e251d1bbde2-groupManagement] INFO  server.RaftServerConfigKeys (ConfUtils.java:logGet(46)) - raft.server.threadpool.client.size = 0 (default)
2023-06-02 05:15:30,668 [57515d40-5a2b-4760-820a-8e251d1bbde2-groupManagement] INFO  storage.RaftStorageDirectory (RaftStorageDirectoryImpl.java:analyzeStorage(137)) - The storage directory /home/runner/work/ozone/ozone/hadoop-ozone/integration-test/target/test-dir/MiniOzoneClusterImpl-4e6c5432-da36-405d-b7f1-05871ead9573/datanode-5/data/ratis/1d0cf13e-78d1-4dd3-9b9c-e08682256bc1 does not exist. Creating ...
2023-06-02 05:15:30,669 [bf3b8f25-dffd-4d70-aae5-69cf4c3dc4d1-groupManagement] INFO  ratis.ContainerStateMachine (ContainerStateMachine.java:loadSnapshot(262)) - group-7A464BC2D816: The snapshot info is null. Setting the last applied indexto:(t:0, i:~)
2023-06-02 05:15:30,669 [bf3b8f25-dffd-4d70-aae5-69cf4c3dc4d1-groupManagement] INFO  server.RaftServerConfigKeys (ConfUtils.java:logGet(46)) - raft.server.log.use.memory = false (default)
2023-06-02 05:15:30,669 [bf3b8f25-dffd-4d70-aae5-69cf4c3dc4d1-groupManagement] INFO  server.RaftServerConfigKeys (ConfUtils.java:logGet(46)) - raft.server.log.purge.gap = 1000000 (custom)
2023-06-02 05:15:30,669 [bf3b8f25-dffd-4d70-aae5-69cf4c3dc4d1-groupManagement] INFO  server.RaftServerConfigKeys (ConfUtils.java:logGet(46)) - raft.server.log.appender.buffer.byte-limit = 33554432 (custom)
2023-06-02 05:15:30,669 [bf3b8f25-dffd-4d70-aae5-69cf4c3dc4d1-groupManagement] INFO  server.RaftServerConfigKeys (ConfUtils.java:logGet(46)) - raft.server.log.statemachine.data.read.timeout = 1000ms (default)
2023-06-02 05:15:30,669 [bf3b8f25-dffd-4d70-aae5-69cf4c3dc4d1-groupManagement] INFO  server.RaftServerConfigKeys (ConfUtils.java:logGet(46)) - raft.server.log.purge.preservation.log.num = 0 (default)
2023-06-02 05:15:30,669 [bf3b8f25-dffd-4d70-aae5-69cf4c3dc4d1-groupManagement] INFO  server.RaftServerConfigKeys (ConfUtils.java:logGet(46)) - raft.server.log.segment.size.max = 1048576 (custom)
2023-06-02 05:15:30,670 [bf3b8f25-dffd-4d70-aae5-69cf4c3dc4d1-groupManagement] INFO  server.RaftServerConfigKeys (ConfUtils.java:logGet(46)) - raft.server.log.segment.cache.num.max = 2 (custom)
2023-06-02 05:15:30,670 [bf3b8f25-dffd-4d70-aae5-69cf4c3dc4d1-groupManagement] INFO  server.RaftServerConfigKeys (ConfUtils.java:logGet(46)) - raft.server.log.segment.cache.size.max = 200MB (=209715200) (default)
2023-06-02 05:15:30,670 [bf3b8f25-dffd-4d70-aae5-69cf4c3dc4d1-groupManagement] INFO  server.RaftServerConfigKeys (ConfUtils.java:logGet(46)) - raft.server.log.appender.buffer.byte-limit = 33554432 (custom)
2023-06-02 05:15:30,670 [bf3b8f25-dffd-4d70-aae5-69cf4c3dc4d1-groupManagement] INFO  segmented.SegmentedRaftLogWorker (SegmentedRaftLogWorker.java:<init>(188)) - new bf3b8f25-dffd-4d70-aae5-69cf4c3dc4d1@group-7A464BC2D816-SegmentedRaftLogWorker for RaftStorageImpl:Storage Directory /home/runner/work/ozone/ozone/hadoop-ozone/integration-test/target/test-dir/MiniOzoneClusterImpl-4e6c5432-da36-405d-b7f1-05871ead9573/datanode-4/data/ratis/baee233c-8c04-4a61-87ea-7a464bc2d816
2023-06-02 05:15:30,670 [bf3b8f25-dffd-4d70-aae5-69cf4c3dc4d1-groupManagement] INFO  server.RaftServerConfigKeys (ConfUtils.java:logGet(46)) - raft.server.log.queue.byte-limit = 4294967296 (custom)
2023-06-02 05:15:30,671 [bf3b8f25-dffd-4d70-aae5-69cf4c3dc4d1-groupManagement] INFO  server.RaftServerConfigKeys (ConfUtils.java:logGet(46)) - raft.server.log.queue.element-limit = 1024 (custom)
2023-06-02 05:15:30,671 [bf3b8f25-dffd-4d70-aae5-69cf4c3dc4d1-groupManagement] INFO  server.RaftServerConfigKeys (ConfUtils.java:logGet(46)) - raft.server.log.segment.size.max = 1048576 (custom)
2023-06-02 05:15:30,671 [bf3b8f25-dffd-4d70-aae5-69cf4c3dc4d1-groupManagement] INFO  server.RaftServerConfigKeys (ConfUtils.java:logGet(46)) - raft.server.log.preallocated.size = 16384 (custom)
2023-06-02 05:15:30,671 [bf3b8f25-dffd-4d70-aae5-69cf4c3dc4d1-groupManagement] INFO  server.RaftServerConfigKeys (ConfUtils.java:logGet(46)) - raft.server.log.force.sync.num = 128 (default)
2023-06-02 05:15:30,671 [bf3b8f25-dffd-4d70-aae5-69cf4c3dc4d1-groupManagement] INFO  server.RaftServerConfigKeys (ConfUtils.java:logGet(46)) - raft.server.log.statemachine.data.sync = true (default)
2023-06-02 05:15:30,671 [bf3b8f25-dffd-4d70-aae5-69cf4c3dc4d1-groupManagement] INFO  server.RaftServerConfigKeys (ConfUtils.java:logGet(46)) - raft.server.log.statemachine.data.sync.timeout = 10s (default)
2023-06-02 05:15:30,671 [bf3b8f25-dffd-4d70-aae5-69cf4c3dc4d1-groupManagement] INFO  server.RaftServerConfigKeys (ConfUtils.java:logGet(46)) - raft.server.log.statemachine.data.sync.timeout.retry = -1 (default)
2023-06-02 05:15:30,672 [bf3b8f25-dffd-4d70-aae5-69cf4c3dc4d1-groupManagement] INFO  server.RaftServerConfigKeys (ConfUtils.java:logGet(46)) - raft.server.log.write.buffer.size = 1048576 (custom)
2023-06-02 05:15:30,673 [bf3b8f25-dffd-4d70-aae5-69cf4c3dc4d1-groupManagement] INFO  server.RaftServerConfigKeys (ConfUtils.java:logGet(46)) - raft.server.log.appender.buffer.byte-limit = 33554432 (custom)
2023-06-02 05:15:30,674 [EventQueue-OpenPipelineForHealthyPipelineSafeModeRule] INFO  safemode.SCMSafeModeManager (HealthyPipelineSafeModeRule.java:process(137)) - SCM in safe mode. Healthy pipelines reported count is 0, required healthy pipeline reported count is 1
2023-06-02 05:15:30,677 [57515d40-5a2b-4760-820a-8e251d1bbde2-groupManagement] INFO  storage.RaftStorageDirectory (RaftStorageDirectoryImpl.java:tryLock(231)) - Lock on /home/runner/work/ozone/ozone/hadoop-ozone/integration-test/target/test-dir/MiniOzoneClusterImpl-4e6c5432-da36-405d-b7f1-05871ead9573/datanode-5/data/ratis/1d0cf13e-78d1-4dd3-9b9c-e08682256bc1/in_use.lock acquired by nodename 65026@fv-az628-647
2023-06-02 05:15:30,685 [main] INFO  ozone.MiniOzoneClusterImpl (MiniOzoneClusterImpl.java:lambda$waitForClusterToBeReady$0(222)) - Waiting for nodes to be ready. Got 11 of 14 DN Heartbeats.
2023-06-02 05:15:30,685 [main] INFO  ozone.MiniOzoneClusterImpl (MiniOzoneClusterImpl.java:lambda$waitForClusterToBeReady$0(225)) - Waiting for cluster to exit safe mode
2023-06-02 05:15:30,685 [main] INFO  ozone.MiniOzoneClusterImpl (MiniOzoneClusterImpl.java:lambda$waitForClusterToBeReady$0(227)) - SCM became leader
2023-06-02 05:15:30,685 [57515d40-5a2b-4760-820a-8e251d1bbde2-groupManagement] INFO  storage.RaftStorage (RaftStorageImpl.java:format(96)) - Storage directory /home/runner/work/ozone/ozone/hadoop-ozone/integration-test/target/test-dir/MiniOzoneClusterImpl-4e6c5432-da36-405d-b7f1-05871ead9573/datanode-5/data/ratis/1d0cf13e-78d1-4dd3-9b9c-e08682256bc1 has been successfully formatted.
2023-06-02 05:15:30,689 [bf3b8f25-dffd-4d70-aae5-69cf4c3dc4d1-groupManagement] INFO  server.RaftServerConfigKeys (ConfUtils.java:logGet(46)) - raft.server.log.unsafe-flush.enabled = false (default)
2023-06-02 05:15:30,689 [bf3b8f25-dffd-4d70-aae5-69cf4c3dc4d1-groupManagement] INFO  server.RaftServerConfigKeys (ConfUtils.java:logGet(46)) - raft.server.log.async-flush.enabled = false (default)
2023-06-02 05:15:30,689 [bf3b8f25-dffd-4d70-aae5-69cf4c3dc4d1-groupManagement] INFO  server.RaftServerConfigKeys (ConfUtils.java:logGet(46)) - raft.server.log.statemachine.data.caching.enabled = true (custom)
2023-06-02 05:15:30,689 [bf3b8f25-dffd-4d70-aae5-69cf4c3dc4d1-groupManagement] INFO  segmented.SegmentedRaftLogWorker (SegmentedRaftLogWorker.java:lambda$new$0(135)) - bf3b8f25-dffd-4d70-aae5-69cf4c3dc4d1@group-7A464BC2D816-SegmentedRaftLogWorker: flushIndex: setUnconditionally 0 -> -1
2023-06-02 05:15:30,690 [bf3b8f25-dffd-4d70-aae5-69cf4c3dc4d1-groupManagement] INFO  segmented.SegmentedRaftLogWorker (SegmentedRaftLogWorker.java:lambda$new$0(135)) - bf3b8f25-dffd-4d70-aae5-69cf4c3dc4d1@group-7A464BC2D816-SegmentedRaftLogWorker: safeCacheEvictIndex: setUnconditionally 0 -> -1
2023-06-02 05:15:30,692 [57515d40-5a2b-4760-820a-8e251d1bbde2-groupManagement] INFO  ratis.ContainerStateMachine (ContainerStateMachine.java:loadSnapshot(262)) - group-E08682256BC1: The snapshot info is null. Setting the last applied indexto:(t:0, i:~)
2023-06-02 05:15:30,692 [57515d40-5a2b-4760-820a-8e251d1bbde2-groupManagement] INFO  server.RaftServerConfigKeys (ConfUtils.java:logGet(46)) - raft.server.log.use.memory = false (default)
2023-06-02 05:15:30,692 [57515d40-5a2b-4760-820a-8e251d1bbde2-groupManagement] INFO  server.RaftServerConfigKeys (ConfUtils.java:logGet(46)) - raft.server.log.purge.gap = 1000000 (custom)
2023-06-02 05:15:30,692 [57515d40-5a2b-4760-820a-8e251d1bbde2-groupManagement] INFO  server.RaftServerConfigKeys (ConfUtils.java:logGet(46)) - raft.server.log.appender.buffer.byte-limit = 33554432 (custom)
2023-06-02 05:15:30,692 [57515d40-5a2b-4760-820a-8e251d1bbde2-groupManagement] INFO  server.RaftServerConfigKeys (ConfUtils.java:logGet(46)) - raft.server.log.statemachine.data.read.timeout = 1000ms (default)
2023-06-02 05:15:30,692 [57515d40-5a2b-4760-820a-8e251d1bbde2-groupManagement] INFO  server.RaftServerConfigKeys (ConfUtils.java:logGet(46)) - raft.server.log.purge.preservation.log.num = 0 (default)
2023-06-02 05:15:30,693 [57515d40-5a2b-4760-820a-8e251d1bbde2-groupManagement] INFO  server.RaftServerConfigKeys (ConfUtils.java:logGet(46)) - raft.server.log.segment.size.max = 1048576 (custom)
2023-06-02 05:15:30,693 [57515d40-5a2b-4760-820a-8e251d1bbde2-groupManagement] INFO  server.RaftServerConfigKeys (ConfUtils.java:logGet(46)) - raft.server.log.segment.cache.num.max = 2 (custom)
2023-06-02 05:15:30,693 [57515d40-5a2b-4760-820a-8e251d1bbde2-groupManagement] INFO  server.RaftServerConfigKeys (ConfUtils.java:logGet(46)) - raft.server.log.segment.cache.size.max = 200MB (=209715200) (default)
2023-06-02 05:15:30,696 [57515d40-5a2b-4760-820a-8e251d1bbde2-groupManagement] INFO  server.RaftServerConfigKeys (ConfUtils.java:logGet(46)) - raft.server.log.appender.buffer.byte-limit = 33554432 (custom)
2023-06-02 05:15:30,696 [57515d40-5a2b-4760-820a-8e251d1bbde2-groupManagement] INFO  segmented.SegmentedRaftLogWorker (SegmentedRaftLogWorker.java:<init>(188)) - new 57515d40-5a2b-4760-820a-8e251d1bbde2@group-E08682256BC1-SegmentedRaftLogWorker for RaftStorageImpl:Storage Directory /home/runner/work/ozone/ozone/hadoop-ozone/integration-test/target/test-dir/MiniOzoneClusterImpl-4e6c5432-da36-405d-b7f1-05871ead9573/datanode-5/data/ratis/1d0cf13e-78d1-4dd3-9b9c-e08682256bc1
2023-06-02 05:15:30,696 [57515d40-5a2b-4760-820a-8e251d1bbde2-groupManagement] INFO  server.RaftServerConfigKeys (ConfUtils.java:logGet(46)) - raft.server.log.queue.byte-limit = 4294967296 (custom)
2023-06-02 05:15:30,696 [57515d40-5a2b-4760-820a-8e251d1bbde2-groupManagement] INFO  server.RaftServerConfigKeys (ConfUtils.java:logGet(46)) - raft.server.log.queue.element-limit = 1024 (custom)
2023-06-02 05:15:30,696 [57515d40-5a2b-4760-820a-8e251d1bbde2-groupManagement] INFO  server.RaftServerConfigKeys (ConfUtils.java:logGet(46)) - raft.server.log.segment.size.max = 1048576 (custom)
2023-06-02 05:15:30,696 [57515d40-5a2b-4760-820a-8e251d1bbde2-groupManagement] INFO  server.RaftServerConfigKeys (ConfUtils.java:logGet(46)) - raft.server.log.preallocated.size = 16384 (custom)
2023-06-02 05:15:30,696 [57515d40-5a2b-4760-820a-8e251d1bbde2-groupManagement] INFO  server.RaftServerConfigKeys (ConfUtils.java:logGet(46)) - raft.server.log.force.sync.num = 128 (default)
2023-06-02 05:15:30,696 [57515d40-5a2b-4760-820a-8e251d1bbde2-groupManagement] INFO  server.RaftServerConfigKeys (ConfUtils.java:logGet(46)) - raft.server.log.statemachine.data.sync = true (default)
2023-06-02 05:15:30,696 [57515d40-5a2b-4760-820a-8e251d1bbde2-groupManagement] INFO  server.RaftServerConfigKeys (ConfUtils.java:logGet(46)) - raft.server.log.statemachine.data.sync.timeout = 10s (default)
2023-06-02 05:15:30,696 [57515d40-5a2b-4760-820a-8e251d1bbde2-groupManagement] INFO  server.RaftServerConfigKeys (ConfUtils.java:logGet(46)) - raft.server.log.statemachine.data.sync.timeout.retry = -1 (default)
2023-06-02 05:15:30,696 [bf3b8f25-dffd-4d70-aae5-69cf4c3dc4d1-groupManagement] INFO  server.RaftServer$Division (RaftServerImpl.java:start(342)) - bf3b8f25-dffd-4d70-aae5-69cf4c3dc4d1@group-7A464BC2D816: start as a follower, conf=-1: peers:[bf3b8f25-dffd-4d70-aae5-69cf4c3dc4d1|rpc:10.1.74.1:15050|admin:10.1.74.1:15049|client:10.1.74.1:15048|dataStream:10.1.74.1:15051|priority:0|startupRole:FOLLOWER, 45087365-1608-4817-8e49-1b233997f081|rpc:10.1.74.1:15041|admin:10.1.74.1:15040|client:10.1.74.1:15039|dataStream:10.1.74.1:15042|priority:0|startupRole:FOLLOWER, 57515d40-5a2b-4760-820a-8e251d1bbde2|rpc:10.1.74.1:15059|admin:10.1.74.1:15058|client:10.1.74.1:15057|dataStream:10.1.74.1:15060|priority:1|startupRole:FOLLOWER]|listeners:[], old=null
2023-06-02 05:15:30,697 [bf3b8f25-dffd-4d70-aae5-69cf4c3dc4d1-groupManagement] INFO  server.RaftServer$Division (RaftServerImpl.java:setRole(329)) - bf3b8f25-dffd-4d70-aae5-69cf4c3dc4d1@group-7A464BC2D816: changes role from      null to FOLLOWER at term 0 for startAsFollower
2023-06-02 05:15:30,697 [bf3b8f25-dffd-4d70-aae5-69cf4c3dc4d1-groupManagement] INFO  impl.RoleInfo (RoleInfo.java:updateAndGet(139)) - bf3b8f25-dffd-4d70-aae5-69cf4c3dc4d1: start bf3b8f25-dffd-4d70-aae5-69cf4c3dc4d1@group-7A464BC2D816-FollowerState
2023-06-02 05:15:30,698 [EventQueue-PipelineReportForPipelineReportHandler] INFO  pipeline.PipelineManagerImpl (PipelineManagerImpl.java:openPipeline(367)) - Pipeline Pipeline[ Id: 1d0cf13e-78d1-4dd3-9b9c-e08682256bc1, Nodes: 57515d40-5a2b-4760-820a-8e251d1bbde2(fv-az628-647/10.1.74.1), ReplicationConfig: RATIS/ONE, State:ALLOCATED, leaderId:57515d40-5a2b-4760-820a-8e251d1bbde2, CreationTimestamp2023-06-02T05:15:27.640Z[Etc/UTC]] moved to OPEN state
2023-06-02 05:15:30,698 [EventQueue-OpenPipelineForHealthyPipelineSafeModeRule] INFO  safemode.SCMSafeModeManager (HealthyPipelineSafeModeRule.java:process(137)) - SCM in safe mode. Healthy pipelines reported count is 0, required healthy pipeline reported count is 1
2023-06-02 05:15:30,700 [57515d40-5a2b-4760-820a-8e251d1bbde2-groupManagement] INFO  server.RaftServerConfigKeys (ConfUtils.java:logGet(46)) - raft.server.log.write.buffer.size = 1048576 (custom)
2023-06-02 05:15:30,701 [57515d40-5a2b-4760-820a-8e251d1bbde2-groupManagement] INFO  server.RaftServerConfigKeys (ConfUtils.java:logGet(46)) - raft.server.log.appender.buffer.byte-limit = 33554432 (custom)
2023-06-02 05:15:30,701 [bf3b8f25-dffd-4d70-aae5-69cf4c3dc4d1-groupManagement] INFO  util.JmxRegister (JmxRegister.java:tryRegister(44)) - Successfully registered JMX Bean with object name Ratis:service=RaftServer,group=group-7A464BC2D816,id=bf3b8f25-dffd-4d70-aae5-69cf4c3dc4d1
2023-06-02 05:15:30,701 [bf3b8f25-dffd-4d70-aae5-69cf4c3dc4d1-groupManagement] INFO  server.RaftServerConfigKeys (ConfUtils.java:logGet(46)) - raft.server.snapshot.auto.trigger.enabled = true (custom)
2023-06-02 05:15:30,701 [bf3b8f25-dffd-4d70-aae5-69cf4c3dc4d1-groupManagement] INFO  server.RaftServerConfigKeys (ConfUtils.java:logGet(46)) - raft.server.snapshot.auto.trigger.threshold = 10000 (custom)
2023-06-02 05:15:30,701 [bf3b8f25-dffd-4d70-aae5-69cf4c3dc4d1-groupManagement] INFO  server.RaftServerConfigKeys (ConfUtils.java:logGet(46)) - raft.server.snapshot.retention.file.num = 5 (custom)
2023-06-02 05:15:30,701 [bf3b8f25-dffd-4d70-aae5-69cf4c3dc4d1-groupManagement] INFO  server.RaftServerConfigKeys (ConfUtils.java:logGet(46)) - raft.server.log.purge.upto.snapshot.index = false (default)
2023-06-02 05:15:30,703 [bf3b8f25-dffd-4d70-aae5-69cf4c3dc4d1@group-7A464BC2D816-FollowerState] INFO  server.RaftServerConfigKeys (ConfUtils.java:logFallback(53)) - raft.server.rpc.first-election.timeout.min = 5s (fallback to raft.server.rpc.timeout.min)
2023-06-02 05:15:30,703 [bf3b8f25-dffd-4d70-aae5-69cf4c3dc4d1@group-7A464BC2D816-FollowerState] INFO  server.RaftServerConfigKeys (ConfUtils.java:logFallback(53)) - raft.server.rpc.first-election.timeout.max = 5200ms (fallback to raft.server.rpc.timeout.max)
2023-06-02 05:15:30,707 [57515d40-5a2b-4760-820a-8e251d1bbde2-groupManagement] INFO  server.RaftServerConfigKeys (ConfUtils.java:logGet(46)) - raft.server.log.unsafe-flush.enabled = false (default)
2023-06-02 05:15:30,708 [57515d40-5a2b-4760-820a-8e251d1bbde2-groupManagement] INFO  server.RaftServerConfigKeys (ConfUtils.java:logGet(46)) - raft.server.log.async-flush.enabled = false (default)
2023-06-02 05:15:30,708 [57515d40-5a2b-4760-820a-8e251d1bbde2-groupManagement] INFO  server.RaftServerConfigKeys (ConfUtils.java:logGet(46)) - raft.server.log.statemachine.data.caching.enabled = true (custom)
2023-06-02 05:15:30,719 [PipelineCommandHandlerThread-0] INFO  ratis.XceiverServerRatis (XceiverServerRatis.java:addGroup(804)) - Created group PipelineID=baee233c-8c04-4a61-87ea-7a464bc2d816
2023-06-02 05:15:30,731 [57515d40-5a2b-4760-820a-8e251d1bbde2-groupManagement] INFO  segmented.SegmentedRaftLogWorker (SegmentedRaftLogWorker.java:lambda$new$0(135)) - 57515d40-5a2b-4760-820a-8e251d1bbde2@group-E08682256BC1-SegmentedRaftLogWorker: flushIndex: setUnconditionally 0 -> -1
2023-06-02 05:15:30,731 [57515d40-5a2b-4760-820a-8e251d1bbde2-groupManagement] INFO  segmented.SegmentedRaftLogWorker (SegmentedRaftLogWorker.java:lambda$new$0(135)) - 57515d40-5a2b-4760-820a-8e251d1bbde2@group-E08682256BC1-SegmentedRaftLogWorker: safeCacheEvictIndex: setUnconditionally 0 -> -1
2023-06-02 05:15:30,743 [57515d40-5a2b-4760-820a-8e251d1bbde2-groupManagement] INFO  server.RaftServer$Division (RaftServerImpl.java:start(342)) - 57515d40-5a2b-4760-820a-8e251d1bbde2@group-E08682256BC1: start as a follower, conf=-1: peers:[57515d40-5a2b-4760-820a-8e251d1bbde2|rpc:10.1.74.1:15059|admin:10.1.74.1:15058|client:10.1.74.1:15057|dataStream:10.1.74.1:15060|priority:1|startupRole:FOLLOWER]|listeners:[], old=null
2023-06-02 05:15:30,743 [57515d40-5a2b-4760-820a-8e251d1bbde2-groupManagement] INFO  server.RaftServer$Division (RaftServerImpl.java:setRole(329)) - 57515d40-5a2b-4760-820a-8e251d1bbde2@group-E08682256BC1: changes role from      null to FOLLOWER at term 0 for startAsFollower
2023-06-02 05:15:30,743 [57515d40-5a2b-4760-820a-8e251d1bbde2-groupManagement] INFO  impl.RoleInfo (RoleInfo.java:updateAndGet(139)) - 57515d40-5a2b-4760-820a-8e251d1bbde2: start 57515d40-5a2b-4760-820a-8e251d1bbde2@group-E08682256BC1-FollowerState
2023-06-02 05:15:30,743 [57515d40-5a2b-4760-820a-8e251d1bbde2-groupManagement] INFO  util.JmxRegister (JmxRegister.java:tryRegister(44)) - Successfully registered JMX Bean with object name Ratis:service=RaftServer,group=group-E08682256BC1,id=57515d40-5a2b-4760-820a-8e251d1bbde2
2023-06-02 05:15:30,743 [57515d40-5a2b-4760-820a-8e251d1bbde2-groupManagement] INFO  server.RaftServerConfigKeys (ConfUtils.java:logGet(46)) - raft.server.snapshot.auto.trigger.enabled = true (custom)
2023-06-02 05:15:30,743 [57515d40-5a2b-4760-820a-8e251d1bbde2-groupManagement] INFO  server.RaftServerConfigKeys (ConfUtils.java:logGet(46)) - raft.server.snapshot.auto.trigger.threshold = 10000 (custom)
2023-06-02 05:15:30,744 [57515d40-5a2b-4760-820a-8e251d1bbde2-groupManagement] INFO  server.RaftServerConfigKeys (ConfUtils.java:logGet(46)) - raft.server.snapshot.retention.file.num = 5 (custom)
2023-06-02 05:15:30,744 [57515d40-5a2b-4760-820a-8e251d1bbde2-groupManagement] INFO  server.RaftServerConfigKeys (ConfUtils.java:logGet(46)) - raft.server.log.purge.upto.snapshot.index = false (default)
2023-06-02 05:15:30,744 [57515d40-5a2b-4760-820a-8e251d1bbde2@group-E08682256BC1-FollowerState] INFO  server.RaftServerConfigKeys (ConfUtils.java:logFallback(53)) - raft.server.rpc.first-election.timeout.min = 5s (fallback to raft.server.rpc.timeout.min)
2023-06-02 05:15:30,744 [57515d40-5a2b-4760-820a-8e251d1bbde2@group-E08682256BC1-FollowerState] INFO  server.RaftServerConfigKeys (ConfUtils.java:logFallback(53)) - raft.server.rpc.first-election.timeout.max = 5200ms (fallback to raft.server.rpc.timeout.max)
2023-06-02 05:15:30,754 [PipelineCommandHandlerThread-0] INFO  ratis.XceiverServerRatis (XceiverServerRatis.java:addGroup(804)) - Created group PipelineID=1d0cf13e-78d1-4dd3-9b9c-e08682256bc1
2023-06-02 05:15:30,754 [PipelineCommandHandlerThread-0] INFO  commandhandler.CreatePipelineCommandHandler (CreatePipelineCommandHandler.java:lambda$handle$2(124)) - Created Pipeline RATIS ONE PipelineID=1d0cf13e-78d1-4dd3-9b9c-e08682256bc1.
2023-06-02 05:15:30,794 [IPC Server handler 14 on default port 15002] INFO  net.NetworkTopologyImpl (NetworkTopologyImpl.java:add(112)) - Added a new node: /default-rack/af4b945e-05c9-4c95-92ea-ec296ba0645f
2023-06-02 05:15:30,794 [IPC Server handler 14 on default port 15002] INFO  node.SCMNodeManager (SCMNodeManager.java:register(407)) - Registered Data node : af4b945e-05c9-4c95-92ea-ec296ba0645f{ip: 10.1.74.1, host: fv-az628-647, ports: [HTTP=15108, CLIENT_RPC=15109, REPLICATION=15115, RATIS=15111, RATIS_ADMIN=15112, RATIS_SERVER=15113, RATIS_DATASTREAM=15114, STANDALONE=15110], networkLocation: /default-rack, certSerialId: null, persistedOpState: null, persistedOpStateExpiryEpochSec: 0}
2023-06-02 05:15:30,795 [EventQueue-NewNodeForNewNodeHandler] INFO  pipeline.BackgroundPipelineCreator (BackgroundPipelineCreator.java:notifyEventTriggered(276)) - trigger a one-shot run on RatisPipelineUtilsThread.
2023-06-02 05:15:30,796 [RatisPipelineUtilsThread - 0] INFO  pipeline.RatisPipelineProvider (RatisPipelineProvider.java:lambda$create$0(206)) - Sending CreatePipelineCommand for pipeline:PipelineID=f39aed60-4b07-4b6f-a8c3-05ec0d08dc3a to datanode:af4b945e-05c9-4c95-92ea-ec296ba0645f
2023-06-02 05:15:30,797 [RatisPipelineUtilsThread - 0] INFO  pipeline.PipelineStateManagerImpl (PipelineStateManagerImpl.java:addPipeline(103)) - Created pipeline Pipeline[ Id: f39aed60-4b07-4b6f-a8c3-05ec0d08dc3a, Nodes: af4b945e-05c9-4c95-92ea-ec296ba0645f(fv-az628-647/10.1.74.1), ReplicationConfig: RATIS/ONE, State:ALLOCATED, leaderId:, CreationTimestamp2023-06-02T05:15:30.796Z[Etc/UTC]].
2023-06-02 05:15:30,801 [RatisPipelineUtilsThread - 0] INFO  pipeline.RatisPipelineProvider (RatisPipelineProvider.java:lambda$create$0(206)) - Sending CreatePipelineCommand for pipeline:PipelineID=d0d23509-e827-4488-bfc7-ce229a59640d to datanode:f6a83548-c013-4f74-9c0e-0b5a922fe81f
2023-06-02 05:15:30,801 [RatisPipelineUtilsThread - 0] INFO  pipeline.RatisPipelineProvider (RatisPipelineProvider.java:lambda$create$0(206)) - Sending CreatePipelineCommand for pipeline:PipelineID=d0d23509-e827-4488-bfc7-ce229a59640d to datanode:af4b945e-05c9-4c95-92ea-ec296ba0645f
2023-06-02 05:15:30,801 [RatisPipelineUtilsThread - 0] INFO  pipeline.RatisPipelineProvider (RatisPipelineProvider.java:lambda$create$0(206)) - Sending CreatePipelineCommand for pipeline:PipelineID=d0d23509-e827-4488-bfc7-ce229a59640d to datanode:dd6dae7b-c4a9-4a16-a5ce-973fa036779e
2023-06-02 05:15:30,802 [RatisPipelineUtilsThread - 0] INFO  pipeline.PipelineStateManagerImpl (PipelineStateManagerImpl.java:addPipeline(103)) - Created pipeline Pipeline[ Id: d0d23509-e827-4488-bfc7-ce229a59640d, Nodes: f6a83548-c013-4f74-9c0e-0b5a922fe81f(fv-az628-647/10.1.74.1)af4b945e-05c9-4c95-92ea-ec296ba0645f(fv-az628-647/10.1.74.1)dd6dae7b-c4a9-4a16-a5ce-973fa036779e(fv-az628-647/10.1.74.1), ReplicationConfig: RATIS/THREE, State:ALLOCATED, leaderId:, CreationTimestamp2023-06-02T05:15:30.801Z[Etc/UTC]].
2023-06-02 05:15:30,803 [RatisPipelineUtilsThread - 0] INFO  pipeline.RatisPipelineProvider (RatisPipelineProvider.java:lambda$create$0(206)) - Sending CreatePipelineCommand for pipeline:PipelineID=bcbcaefd-8b01-44a7-a02c-15729f2e584f to datanode:f6a83548-c013-4f74-9c0e-0b5a922fe81f
2023-06-02 05:15:30,803 [RatisPipelineUtilsThread - 0] INFO  pipeline.RatisPipelineProvider (RatisPipelineProvider.java:lambda$create$0(206)) - Sending CreatePipelineCommand for pipeline:PipelineID=bcbcaefd-8b01-44a7-a02c-15729f2e584f to datanode:af4b945e-05c9-4c95-92ea-ec296ba0645f
2023-06-02 05:15:30,803 [RatisPipelineUtilsThread - 0] INFO  pipeline.RatisPipelineProvider (RatisPipelineProvider.java:lambda$create$0(206)) - Sending CreatePipelineCommand for pipeline:PipelineID=bcbcaefd-8b01-44a7-a02c-15729f2e584f to datanode:dd6dae7b-c4a9-4a16-a5ce-973fa036779e
2023-06-02 05:15:30,804 [RatisPipelineUtilsThread - 0] INFO  pipeline.PipelineStateManagerImpl (PipelineStateManagerImpl.java:addPipeline(103)) - Created pipeline Pipeline[ Id: bcbcaefd-8b01-44a7-a02c-15729f2e584f, Nodes: f6a83548-c013-4f74-9c0e-0b5a922fe81f(fv-az628-647/10.1.74.1)af4b945e-05c9-4c95-92ea-ec296ba0645f(fv-az628-647/10.1.74.1)dd6dae7b-c4a9-4a16-a5ce-973fa036779e(fv-az628-647/10.1.74.1), ReplicationConfig: RATIS/THREE, State:ALLOCATED, leaderId:, CreationTimestamp2023-06-02T05:15:30.803Z[Etc/UTC]].
2023-06-02 05:15:30,804 [RatisPipelineUtilsThread - 0] INFO  pipeline.PipelineManagerImpl (PipelineManagerImpl.java:recordMetricsForPipeline(826)) - Pipeline: PipelineID=bcbcaefd-8b01-44a7-a02c-15729f2e584f contains same datanodes as previous pipelines: PipelineID=d0d23509-e827-4488-bfc7-ce229a59640d nodeIds: f6a83548-c013-4f74-9c0e-0b5a922fe81f, af4b945e-05c9-4c95-92ea-ec296ba0645f, dd6dae7b-c4a9-4a16-a5ce-973fa036779e
2023-06-02 05:15:30,807 [RatisPipelineUtilsThread - 0] WARN  pipeline.PipelinePlacementPolicy (PipelinePlacementPolicy.java:filterViableNodes(160)) - Pipeline creation failed due to no sufficient healthy datanodes. Required 3. Found 0. Excluded 12.
2023-06-02 05:15:30,810 [PipelineCommandHandlerThread-0] INFO  commandhandler.CreatePipelineCommandHandler (CreatePipelineCommandHandler.java:lambda$handle$2(124)) - Created Pipeline RATIS THREE PipelineID=baee233c-8c04-4a61-87ea-7a464bc2d816.
2023-06-02 05:15:30,853 [PipelineCommandHandlerThread-0] INFO  commandhandler.CreatePipelineCommandHandler (CreatePipelineCommandHandler.java:lambda$handle$2(124)) - Created Pipeline RATIS THREE PipelineID=baee233c-8c04-4a61-87ea-7a464bc2d816.
2023-06-02 05:15:31,163 [PipelineCommandHandlerThread-0] INFO  server.RaftServer (RaftServerProxy.java:addNew(98)) - 87f06f2d-f73a-4ca4-bc8e-5aedfa582ec7: addNew group-7100B8120193:[87f06f2d-f73a-4ca4-bc8e-5aedfa582ec7|rpc:10.1.74.1:15068|admin:10.1.74.1:15067|client:10.1.74.1:15066|dataStream:10.1.74.1:15069|priority:1|startupRole:FOLLOWER] returns group-7100B8120193:java.util.concurrent.CompletableFuture@230c2559[Not completed]
2023-06-02 05:15:31,166 [87f06f2d-f73a-4ca4-bc8e-5aedfa582ec7-groupManagement] INFO  server.RaftServer$Division (RaftServerImpl.java:<init>(198)) - 87f06f2d-f73a-4ca4-bc8e-5aedfa582ec7: new RaftServerImpl for group-7100B8120193:[87f06f2d-f73a-4ca4-bc8e-5aedfa582ec7|rpc:10.1.74.1:15068|admin:10.1.74.1:15067|client:10.1.74.1:15066|dataStream:10.1.74.1:15069|priority:1|startupRole:FOLLOWER] with ContainerStateMachine:uninitialized
2023-06-02 05:15:31,166 [87f06f2d-f73a-4ca4-bc8e-5aedfa582ec7-groupManagement] INFO  server.RaftServerConfigKeys (ConfUtils.java:logGet(46)) - raft.server.rpc.timeout.min = 5s (custom)
2023-06-02 05:15:31,166 [87f06f2d-f73a-4ca4-bc8e-5aedfa582ec7-groupManagement] INFO  server.RaftServerConfigKeys (ConfUtils.java:logGet(46)) - raft.server.rpc.timeout.max = 5200ms (custom)
2023-06-02 05:15:31,166 [87f06f2d-f73a-4ca4-bc8e-5aedfa582ec7-groupManagement] INFO  server.RaftServerConfigKeys (ConfUtils.java:logGet(46)) - raft.server.rpc.sleep.time = 25ms (default)
2023-06-02 05:15:31,166 [87f06f2d-f73a-4ca4-bc8e-5aedfa582ec7-groupManagement] INFO  server.RaftServerConfigKeys (ConfUtils.java:logGet(46)) - raft.server.rpc.slowness.timeout = 300s (custom)
2023-06-02 05:15:31,166 [87f06f2d-f73a-4ca4-bc8e-5aedfa582ec7-groupManagement] INFO  server.RaftServerConfigKeys (ConfUtils.java:logGet(46)) - raft.server.leaderelection.leader.step-down.wait-time = 10s (default)
2023-06-02 05:15:31,166 [87f06f2d-f73a-4ca4-bc8e-5aedfa582ec7-groupManagement] INFO  server.RaftServerConfigKeys (ConfUtils.java:logGet(46)) - raft.server.sleep.deviation.threshold = 300ms (default)
2023-06-02 05:15:31,166 [87f06f2d-f73a-4ca4-bc8e-5aedfa582ec7-groupManagement] INFO  server.RaftServer$Division (ServerState.java:<init>(120)) - 87f06f2d-f73a-4ca4-bc8e-5aedfa582ec7@group-7100B8120193: ConfigurationManager, init=-1: peers:[87f06f2d-f73a-4ca4-bc8e-5aedfa582ec7|rpc:10.1.74.1:15068|admin:10.1.74.1:15067|client:10.1.74.1:15066|dataStream:10.1.74.1:15069|priority:1|startupRole:FOLLOWER]|listeners:[], old=null, confs=<EMPTY_MAP>
2023-06-02 05:15:31,167 [87f06f2d-f73a-4ca4-bc8e-5aedfa582ec7-groupManagement] INFO  server.RaftServerConfigKeys (ConfUtils.java:logGet(46)) - raft.server.storage.dir = [/home/runner/work/ozone/ozone/hadoop-ozone/integration-test/target/test-dir/MiniOzoneClusterImpl-4e6c5432-da36-405d-b7f1-05871ead9573/datanode-6/data/ratis] (custom)
2023-06-02 05:15:31,167 [87f06f2d-f73a-4ca4-bc8e-5aedfa582ec7-groupManagement] INFO  server.RaftServerConfigKeys (ConfUtils.java:logGet(46)) - raft.server.log.corruption.policy = EXCEPTION (default)
2023-06-02 05:15:31,167 [87f06f2d-f73a-4ca4-bc8e-5aedfa582ec7-groupManagement] INFO  server.RaftServerConfigKeys (ConfUtils.java:logGet(46)) - raft.server.storage.free-space.min = 0MB (=0) (default)
2023-06-02 05:15:31,168 [87f06f2d-f73a-4ca4-bc8e-5aedfa582ec7-groupManagement] INFO  server.RaftServerConfigKeys (ConfUtils.java:logGet(46)) - raft.server.notification.no-leader.timeout = 300s (custom)
2023-06-02 05:15:31,169 [87f06f2d-f73a-4ca4-bc8e-5aedfa582ec7-groupManagement] INFO  server.RaftServerConfigKeys (ConfUtils.java:logGet(46)) - raft.server.read.timeout = 10s (default)
2023-06-02 05:15:31,169 [87f06f2d-f73a-4ca4-bc8e-5aedfa582ec7-groupManagement] INFO  server.RaftServerConfigKeys (ConfUtils.java:logGet(46)) - raft.server.retrycache.expirytime = 600000ms (custom)
2023-06-02 05:15:31,169 [87f06f2d-f73a-4ca4-bc8e-5aedfa582ec7-groupManagement] INFO  server.RaftServerConfigKeys (ConfUtils.java:logGet(46)) - raft.server.retrycache.statistics.expirytime = 100μs (default)
2023-06-02 05:15:31,169 [87f06f2d-f73a-4ca4-bc8e-5aedfa582ec7-groupManagement] INFO  server.RaftServerConfigKeys (ConfUtils.java:logGet(46)) - raft.server.read.option = DEFAULT (default)
2023-06-02 05:15:31,582 [JvmPauseMonitor6] WARN  util.JvmPauseMonitor (JvmPauseMonitor.java:detectPause(124)) - JvmPauseMonitor-57515d40-5a2b-4760-820a-8e251d1bbde2: Detected pause in JVM or host machine approximately 0.382s with 0.407s GC time.
GC pool 'PS MarkSweep' had collection(s): count=1 time=269ms
GC pool 'PS Scavenge' had collection(s): count=1 time=138ms
2023-06-02 05:15:31,583 [JvmPauseMonitor3] WARN  util.JvmPauseMonitor (JvmPauseMonitor.java:detectPause(124)) - JvmPauseMonitor-f140acff-7aed-42b1-955f-393a22e760fa: Detected pause in JVM or host machine approximately 0.409s with 0.407s GC time.
GC pool 'PS MarkSweep' had collection(s): count=1 time=269ms
GC pool 'PS Scavenge' had collection(s): count=1 time=138ms
2023-06-02 05:15:31,584 [87f06f2d-f73a-4ca4-bc8e-5aedfa582ec7-groupManagement] INFO  server.RaftServerConfigKeys (ConfUtils.java:logGet(46)) - raft.server.rpc.request.timeout = 60s (custom)
2023-06-02 05:15:31,584 [87f06f2d-f73a-4ca4-bc8e-5aedfa582ec7-groupManagement] INFO  server.RaftServerConfigKeys (ConfUtils.java:logGet(46)) - raft.server.log.appender.install.snapshot.enabled = false (custom)
2023-06-02 05:15:31,585 [87f06f2d-f73a-4ca4-bc8e-5aedfa582ec7-groupManagement] INFO  server.RaftServerConfigKeys (ConfUtils.java:logGet(46)) - raft.server.threadpool.server.cached = true (default)
2023-06-02 05:15:31,585 [87f06f2d-f73a-4ca4-bc8e-5aedfa582ec7-groupManagement] INFO  server.RaftServerConfigKeys (ConfUtils.java:logGet(46)) - raft.server.threadpool.server.size = 0 (default)
2023-06-02 05:15:31,585 [87f06f2d-f73a-4ca4-bc8e-5aedfa582ec7-groupManagement] INFO  server.RaftServerConfigKeys (ConfUtils.java:logGet(46)) - raft.server.threadpool.client.cached = true (default)
2023-06-02 05:15:31,585 [87f06f2d-f73a-4ca4-bc8e-5aedfa582ec7-groupManagement] INFO  server.RaftServerConfigKeys (ConfUtils.java:logGet(46)) - raft.server.threadpool.client.size = 0 (default)
2023-06-02 05:15:31,585 [87f06f2d-f73a-4ca4-bc8e-5aedfa582ec7-groupManagement] INFO  storage.RaftStorageDirectory (RaftStorageDirectoryImpl.java:analyzeStorage(137)) - The storage directory /home/runner/work/ozone/ozone/hadoop-ozone/integration-test/target/test-dir/MiniOzoneClusterImpl-4e6c5432-da36-405d-b7f1-05871ead9573/datanode-6/data/ratis/6b73d772-bd45-4f94-9ab0-7100b8120193 does not exist. Creating ...
2023-06-02 05:15:31,586 [IPC Server handler 6 on default port 15002] INFO  net.NetworkTopologyImpl (NetworkTopologyImpl.java:add(112)) - Added a new node: /default-rack/02d5e712-89f3-441d-ae82-935a5ddb56eb
2023-06-02 05:15:31,587 [IPC Server handler 6 on default port 15002] INFO  node.SCMNodeManager (SCMNodeManager.java:register(407)) - Registered Data node : 02d5e712-89f3-441d-ae82-935a5ddb56eb{ip: 10.1.74.1, host: fv-az628-647, ports: [HTTP=15117, CLIENT_RPC=15118, REPLICATION=15124, RATIS=15120, RATIS_ADMIN=15121, RATIS_SERVER=15122, RATIS_DATASTREAM=15123, STANDALONE=15119], networkLocation: /default-rack, certSerialId: null, persistedOpState: null, persistedOpStateExpiryEpochSec: 0}
2023-06-02 05:15:31,587 [EventQueue-NewNodeForNewNodeHandler] INFO  pipeline.BackgroundPipelineCreator (BackgroundPipelineCreator.java:notifyEventTriggered(276)) - trigger a one-shot run on RatisPipelineUtilsThread.
2023-06-02 05:15:31,588 [RatisPipelineUtilsThread - 0] INFO  pipeline.RatisPipelineProvider (RatisPipelineProvider.java:lambda$create$0(206)) - Sending CreatePipelineCommand for pipeline:PipelineID=329a09f1-bb4e-4ac1-8f01-fd8888020dac to datanode:02d5e712-89f3-441d-ae82-935a5ddb56eb
2023-06-02 05:15:31,589 [RatisPipelineUtilsThread - 0] INFO  pipeline.PipelineStateManagerImpl (PipelineStateManagerImpl.java:addPipeline(103)) - Created pipeline Pipeline[ Id: 329a09f1-bb4e-4ac1-8f01-fd8888020dac, Nodes: 02d5e712-89f3-441d-ae82-935a5ddb56eb(fv-az628-647/10.1.74.1), ReplicationConfig: RATIS/ONE, State:ALLOCATED, leaderId:, CreationTimestamp2023-06-02T05:15:31.588Z[Etc/UTC]].
2023-06-02 05:15:31,590 [RatisPipelineUtilsThread - 0] WARN  pipeline.PipelinePlacementPolicy (PipelinePlacementPolicy.java:filterViableNodes(160)) - Pipeline creation failed due to no sufficient healthy datanodes. Required 3. Found 1. Excluded 12.
2023-06-02 05:15:31,593 [87f06f2d-f73a-4ca4-bc8e-5aedfa582ec7-groupManagement] INFO  storage.RaftStorageDirectory (RaftStorageDirectoryImpl.java:tryLock(231)) - Lock on /home/runner/work/ozone/ozone/hadoop-ozone/integration-test/target/test-dir/MiniOzoneClusterImpl-4e6c5432-da36-405d-b7f1-05871ead9573/datanode-6/data/ratis/6b73d772-bd45-4f94-9ab0-7100b8120193/in_use.lock acquired by nodename 65026@fv-az628-647
2023-06-02 05:15:31,595 [87f06f2d-f73a-4ca4-bc8e-5aedfa582ec7-groupManagement] INFO  storage.RaftStorage (RaftStorageImpl.java:format(96)) - Storage directory /home/runner/work/ozone/ozone/hadoop-ozone/integration-test/target/test-dir/MiniOzoneClusterImpl-4e6c5432-da36-405d-b7f1-05871ead9573/datanode-6/data/ratis/6b73d772-bd45-4f94-9ab0-7100b8120193 has been successfully formatted.
2023-06-02 05:15:31,599 [87f06f2d-f73a-4ca4-bc8e-5aedfa582ec7-groupManagement] INFO  ratis.ContainerStateMachine (ContainerStateMachine.java:loadSnapshot(262)) - group-7100B8120193: The snapshot info is null. Setting the last applied indexto:(t:0, i:~)
2023-06-02 05:15:31,599 [87f06f2d-f73a-4ca4-bc8e-5aedfa582ec7-groupManagement] INFO  server.RaftServerConfigKeys (ConfUtils.java:logGet(46)) - raft.server.log.use.memory = false (default)
2023-06-02 05:15:31,600 [87f06f2d-f73a-4ca4-bc8e-5aedfa582ec7-groupManagement] INFO  server.RaftServerConfigKeys (ConfUtils.java:logGet(46)) - raft.server.log.purge.gap = 1000000 (custom)
2023-06-02 05:15:31,600 [EventQueue-PipelineReportForPipelineReportHandler] INFO  pipeline.PipelineManagerImpl (PipelineManagerImpl.java:openPipeline(367)) - Pipeline Pipeline[ Id: 6b73d772-bd45-4f94-9ab0-7100b8120193, Nodes: 87f06f2d-f73a-4ca4-bc8e-5aedfa582ec7(fv-az628-647/10.1.74.1), ReplicationConfig: RATIS/ONE, State:ALLOCATED, leaderId:87f06f2d-f73a-4ca4-bc8e-5aedfa582ec7, CreationTimestamp2023-06-02T05:15:28.163Z[Etc/UTC]] moved to OPEN state
2023-06-02 05:15:31,601 [EventQueue-OpenPipelineForHealthyPipelineSafeModeRule] INFO  safemode.SCMSafeModeManager (HealthyPipelineSafeModeRule.java:process(137)) - SCM in safe mode. Healthy pipelines reported count is 0, required healthy pipeline reported count is 1
2023-06-02 05:15:31,601 [87f06f2d-f73a-4ca4-bc8e-5aedfa582ec7-groupManagement] INFO  server.RaftServerConfigKeys (ConfUtils.java:logGet(46)) - raft.server.log.appender.buffer.byte-limit = 33554432 (custom)
2023-06-02 05:15:31,601 [87f06f2d-f73a-4ca4-bc8e-5aedfa582ec7-groupManagement] INFO  server.RaftServerConfigKeys (ConfUtils.java:logGet(46)) - raft.server.log.statemachine.data.read.timeout = 1000ms (default)
2023-06-02 05:15:31,601 [87f06f2d-f73a-4ca4-bc8e-5aedfa582ec7-groupManagement] INFO  server.RaftServerConfigKeys (ConfUtils.java:logGet(46)) - raft.server.log.purge.preservation.log.num = 0 (default)
2023-06-02 05:15:31,601 [87f06f2d-f73a-4ca4-bc8e-5aedfa582ec7-groupManagement] INFO  server.RaftServerConfigKeys (ConfUtils.java:logGet(46)) - raft.server.log.segment.size.max = 1048576 (custom)
2023-06-02 05:15:31,602 [87f06f2d-f73a-4ca4-bc8e-5aedfa582ec7-groupManagement] INFO  server.RaftServerConfigKeys (ConfUtils.java:logGet(46)) - raft.server.log.segment.cache.num.max = 2 (custom)
2023-06-02 05:15:31,602 [87f06f2d-f73a-4ca4-bc8e-5aedfa582ec7-groupManagement] INFO  server.RaftServerConfigKeys (ConfUtils.java:logGet(46)) - raft.server.log.segment.cache.size.max = 200MB (=209715200) (default)
2023-06-02 05:15:31,602 [87f06f2d-f73a-4ca4-bc8e-5aedfa582ec7-groupManagement] INFO  server.RaftServerConfigKeys (ConfUtils.java:logGet(46)) - raft.server.log.appender.buffer.byte-limit = 33554432 (custom)
2023-06-02 05:15:31,602 [87f06f2d-f73a-4ca4-bc8e-5aedfa582ec7-groupManagement] INFO  segmented.SegmentedRaftLogWorker (SegmentedRaftLogWorker.java:<init>(188)) - new 87f06f2d-f73a-4ca4-bc8e-5aedfa582ec7@group-7100B8120193-SegmentedRaftLogWorker for RaftStorageImpl:Storage Directory /home/runner/work/ozone/ozone/hadoop-ozone/integration-test/target/test-dir/MiniOzoneClusterImpl-4e6c5432-da36-405d-b7f1-05871ead9573/datanode-6/data/ratis/6b73d772-bd45-4f94-9ab0-7100b8120193
2023-06-02 05:15:31,603 [87f06f2d-f73a-4ca4-bc8e-5aedfa582ec7-groupManagement] INFO  server.RaftServerConfigKeys (ConfUtils.java:logGet(46)) - raft.server.log.queue.byte-limit = 4294967296 (custom)
2023-06-02 05:15:31,603 [87f06f2d-f73a-4ca4-bc8e-5aedfa582ec7-groupManagement] INFO  server.RaftServerConfigKeys (ConfUtils.java:logGet(46)) - raft.server.log.queue.element-limit = 1024 (custom)
2023-06-02 05:15:31,603 [87f06f2d-f73a-4ca4-bc8e-5aedfa582ec7-groupManagement] INFO  server.RaftServerConfigKeys (ConfUtils.java:logGet(46)) - raft.server.log.segment.size.max = 1048576 (custom)
2023-06-02 05:15:31,603 [87f06f2d-f73a-4ca4-bc8e-5aedfa582ec7-groupManagement] INFO  server.RaftServerConfigKeys (ConfUtils.java:logGet(46)) - raft.server.log.preallocated.size = 16384 (custom)
2023-06-02 05:15:31,603 [87f06f2d-f73a-4ca4-bc8e-5aedfa582ec7-groupManagement] INFO  server.RaftServerConfigKeys (ConfUtils.java:logGet(46)) - raft.server.log.force.sync.num = 128 (default)
2023-06-02 05:15:31,603 [87f06f2d-f73a-4ca4-bc8e-5aedfa582ec7-groupManagement] INFO  server.RaftServerConfigKeys (ConfUtils.java:logGet(46)) - raft.server.log.statemachine.data.sync = true (default)
2023-06-02 05:15:31,603 [87f06f2d-f73a-4ca4-bc8e-5aedfa582ec7-groupManagement] INFO  server.RaftServerConfigKeys (ConfUtils.java:logGet(46)) - raft.server.log.statemachine.data.sync.timeout = 10s (default)
2023-06-02 05:15:31,603 [87f06f2d-f73a-4ca4-bc8e-5aedfa582ec7-groupManagement] INFO  server.RaftServerConfigKeys (ConfUtils.java:logGet(46)) - raft.server.log.statemachine.data.sync.timeout.retry = -1 (default)
2023-06-02 05:15:31,605 [87f06f2d-f73a-4ca4-bc8e-5aedfa582ec7-groupManagement] INFO  server.RaftServerConfigKeys (ConfUtils.java:logGet(46)) - raft.server.log.write.buffer.size = 1048576 (custom)
2023-06-02 05:15:31,605 [87f06f2d-f73a-4ca4-bc8e-5aedfa582ec7-groupManagement] INFO  server.RaftServerConfigKeys (ConfUtils.java:logGet(46)) - raft.server.log.appender.buffer.byte-limit = 33554432 (custom)
2023-06-02 05:15:31,612 [87f06f2d-f73a-4ca4-bc8e-5aedfa582ec7-groupManagement] INFO  server.RaftServerConfigKeys (ConfUtils.java:logGet(46)) - raft.server.log.unsafe-flush.enabled = false (default)
2023-06-02 05:15:31,613 [87f06f2d-f73a-4ca4-bc8e-5aedfa582ec7-groupManagement] INFO  server.RaftServerConfigKeys (ConfUtils.java:logGet(46)) - raft.server.log.async-flush.enabled = false (default)
2023-06-02 05:15:31,613 [87f06f2d-f73a-4ca4-bc8e-5aedfa582ec7-groupManagement] INFO  server.RaftServerConfigKeys (ConfUtils.java:logGet(46)) - raft.server.log.statemachine.data.caching.enabled = true (custom)
2023-06-02 05:15:31,613 [87f06f2d-f73a-4ca4-bc8e-5aedfa582ec7-groupManagement] INFO  segmented.SegmentedRaftLogWorker (SegmentedRaftLogWorker.java:lambda$new$0(135)) - 87f06f2d-f73a-4ca4-bc8e-5aedfa582ec7@group-7100B8120193-SegmentedRaftLogWorker: flushIndex: setUnconditionally 0 -> -1
2023-06-02 05:15:31,613 [87f06f2d-f73a-4ca4-bc8e-5aedfa582ec7-groupManagement] INFO  segmented.SegmentedRaftLogWorker (SegmentedRaftLogWorker.java:lambda$new$0(135)) - 87f06f2d-f73a-4ca4-bc8e-5aedfa582ec7@group-7100B8120193-SegmentedRaftLogWorker: safeCacheEvictIndex: setUnconditionally 0 -> -1
2023-06-02 05:15:31,613 [87f06f2d-f73a-4ca4-bc8e-5aedfa582ec7-groupManagement] INFO  server.RaftServer$Division (RaftServerImpl.java:start(342)) - 87f06f2d-f73a-4ca4-bc8e-5aedfa582ec7@group-7100B8120193: start as a follower, conf=-1: peers:[87f06f2d-f73a-4ca4-bc8e-5aedfa582ec7|rpc:10.1.74.1:15068|admin:10.1.74.1:15067|client:10.1.74.1:15066|dataStream:10.1.74.1:15069|priority:1|startupRole:FOLLOWER]|listeners:[], old=null
2023-06-02 05:15:31,614 [87f06f2d-f73a-4ca4-bc8e-5aedfa582ec7-groupManagement] INFO  server.RaftServer$Division (RaftServerImpl.java:setRole(329)) - 87f06f2d-f73a-4ca4-bc8e-5aedfa582ec7@group-7100B8120193: changes role from      null to FOLLOWER at term 0 for startAsFollower
2023-06-02 05:15:31,614 [87f06f2d-f73a-4ca4-bc8e-5aedfa582ec7-groupManagement] INFO  impl.RoleInfo (RoleInfo.java:updateAndGet(139)) - 87f06f2d-f73a-4ca4-bc8e-5aedfa582ec7: start 87f06f2d-f73a-4ca4-bc8e-5aedfa582ec7@group-7100B8120193-FollowerState
2023-06-02 05:15:31,626 [87f06f2d-f73a-4ca4-bc8e-5aedfa582ec7-groupManagement] INFO  util.JmxRegister (JmxRegister.java:tryRegister(44)) - Successfully registered JMX Bean with object name Ratis:service=RaftServer,group=group-7100B8120193,id=87f06f2d-f73a-4ca4-bc8e-5aedfa582ec7
2023-06-02 05:15:31,626 [87f06f2d-f73a-4ca4-bc8e-5aedfa582ec7-groupManagement] INFO  server.RaftServerConfigKeys (ConfUtils.java:logGet(46)) - raft.server.snapshot.auto.trigger.enabled = true (custom)
2023-06-02 05:15:31,626 [87f06f2d-f73a-4ca4-bc8e-5aedfa582ec7-groupManagement] INFO  server.RaftServerConfigKeys (ConfUtils.java:logGet(46)) - raft.server.snapshot.auto.trigger.threshold = 10000 (custom)
2023-06-02 05:15:31,626 [87f06f2d-f73a-4ca4-bc8e-5aedfa582ec7-groupManagement] INFO  server.RaftServerConfigKeys (ConfUtils.java:logGet(46)) - raft.server.snapshot.retention.file.num = 5 (custom)
2023-06-02 05:15:31,626 [87f06f2d-f73a-4ca4-bc8e-5aedfa582ec7@group-7100B8120193-FollowerState] INFO  server.RaftServerConfigKeys (ConfUtils.java:logFallback(53)) - raft.server.rpc.first-election.timeout.min = 5s (fallback to raft.server.rpc.timeout.min)
2023-06-02 05:15:31,626 [87f06f2d-f73a-4ca4-bc8e-5aedfa582ec7-groupManagement] INFO  server.RaftServerConfigKeys (ConfUtils.java:logGet(46)) - raft.server.log.purge.upto.snapshot.index = false (default)
2023-06-02 05:15:31,626 [87f06f2d-f73a-4ca4-bc8e-5aedfa582ec7@group-7100B8120193-FollowerState] INFO  server.RaftServerConfigKeys (ConfUtils.java:logFallback(53)) - raft.server.rpc.first-election.timeout.max = 5200ms (fallback to raft.server.rpc.timeout.max)
2023-06-02 05:15:31,632 [PipelineCommandHandlerThread-0] INFO  ratis.XceiverServerRatis (XceiverServerRatis.java:addGroup(804)) - Created group PipelineID=6b73d772-bd45-4f94-9ab0-7100b8120193
2023-06-02 05:15:31,632 [PipelineCommandHandlerThread-0] INFO  commandhandler.CreatePipelineCommandHandler (CreatePipelineCommandHandler.java:lambda$handle$2(124)) - Created Pipeline RATIS ONE PipelineID=6b73d772-bd45-4f94-9ab0-7100b8120193.
2023-06-02 05:15:31,632 [PipelineCommandHandlerThread-0] INFO  server.RaftServer (RaftServerProxy.java:addNew(98)) - 87f06f2d-f73a-4ca4-bc8e-5aedfa582ec7: addNew group-5D33FE8063A9:[638bdbe3-f7a3-4715-ad07-0d6e98de3b67|rpc:10.1.74.1:15077|admin:10.1.74.1:15076|client:10.1.74.1:15075|dataStream:10.1.74.1:15078|priority:0|startupRole:FOLLOWER, 87f06f2d-f73a-4ca4-bc8e-5aedfa582ec7|rpc:10.1.74.1:15068|admin:10.1.74.1:15067|client:10.1.74.1:15066|dataStream:10.1.74.1:15069|priority:0|startupRole:FOLLOWER, 70b3c7ea-e7eb-4f75-8ddc-1173fec1a2ac|rpc:10.1.74.1:15086|admin:10.1.74.1:15085|client:10.1.74.1:15084|dataStream:10.1.74.1:15087|priority:1|startupRole:FOLLOWER] returns group-5D33FE8063A9:java.util.concurrent.CompletableFuture@2733a5e0[Not completed]
2023-06-02 05:15:31,635 [87f06f2d-f73a-4ca4-bc8e-5aedfa582ec7-groupManagement] INFO  server.RaftServer$Division (RaftServerImpl.java:<init>(198)) - 87f06f2d-f73a-4ca4-bc8e-5aedfa582ec7: new RaftServerImpl for group-5D33FE8063A9:[638bdbe3-f7a3-4715-ad07-0d6e98de3b67|rpc:10.1.74.1:15077|admin:10.1.74.1:15076|client:10.1.74.1:15075|dataStream:10.1.74.1:15078|priority:0|startupRole:FOLLOWER, 87f06f2d-f73a-4ca4-bc8e-5aedfa582ec7|rpc:10.1.74.1:15068|admin:10.1.74.1:15067|client:10.1.74.1:15066|dataStream:10.1.74.1:15069|priority:0|startupRole:FOLLOWER, 70b3c7ea-e7eb-4f75-8ddc-1173fec1a2ac|rpc:10.1.74.1:15086|admin:10.1.74.1:15085|client:10.1.74.1:15084|dataStream:10.1.74.1:15087|priority:1|startupRole:FOLLOWER] with ContainerStateMachine:uninitialized
2023-06-02 05:15:31,635 [87f06f2d-f73a-4ca4-bc8e-5aedfa582ec7-groupManagement] INFO  server.RaftServerConfigKeys (ConfUtils.java:logGet(46)) - raft.server.rpc.timeout.min = 5s (custom)
2023-06-02 05:15:31,635 [87f06f2d-f73a-4ca4-bc8e-5aedfa582ec7-groupManagement] INFO  server.RaftServerConfigKeys (ConfUtils.java:logGet(46)) - raft.server.rpc.timeout.max = 5200ms (custom)
2023-06-02 05:15:31,635 [87f06f2d-f73a-4ca4-bc8e-5aedfa582ec7-groupManagement] INFO  server.RaftServerConfigKeys (ConfUtils.java:logGet(46)) - raft.server.rpc.sleep.time = 25ms (default)
2023-06-02 05:15:31,637 [87f06f2d-f73a-4ca4-bc8e-5aedfa582ec7-groupManagement] INFO  server.RaftServerConfigKeys (ConfUtils.java:logGet(46)) - raft.server.rpc.slowness.timeout = 300s (custom)
2023-06-02 05:15:31,637 [87f06f2d-f73a-4ca4-bc8e-5aedfa582ec7-groupManagement] INFO  server.RaftServerConfigKeys (ConfUtils.java:logGet(46)) - raft.server.leaderelection.leader.step-down.wait-time = 10s (default)
2023-06-02 05:15:31,637 [87f06f2d-f73a-4ca4-bc8e-5aedfa582ec7-groupManagement] INFO  server.RaftServerConfigKeys (ConfUtils.java:logGet(46)) - raft.server.sleep.deviation.threshold = 300ms (default)
2023-06-02 05:15:31,637 [87f06f2d-f73a-4ca4-bc8e-5aedfa582ec7-groupManagement] INFO  server.RaftServer$Division (ServerState.java:<init>(120)) - 87f06f2d-f73a-4ca4-bc8e-5aedfa582ec7@group-5D33FE8063A9: ConfigurationManager, init=-1: peers:[638bdbe3-f7a3-4715-ad07-0d6e98de3b67|rpc:10.1.74.1:15077|admin:10.1.74.1:15076|client:10.1.74.1:15075|dataStream:10.1.74.1:15078|priority:0|startupRole:FOLLOWER, 87f06f2d-f73a-4ca4-bc8e-5aedfa582ec7|rpc:10.1.74.1:15068|admin:10.1.74.1:15067|client:10.1.74.1:15066|dataStream:10.1.74.1:15069|priority:0|startupRole:FOLLOWER, 70b3c7ea-e7eb-4f75-8ddc-1173fec1a2ac|rpc:10.1.74.1:15086|admin:10.1.74.1:15085|client:10.1.74.1:15084|dataStream:10.1.74.1:15087|priority:1|startupRole:FOLLOWER]|listeners:[], old=null, confs=<EMPTY_MAP>
2023-06-02 05:15:31,637 [87f06f2d-f73a-4ca4-bc8e-5aedfa582ec7-groupManagement] INFO  server.RaftServerConfigKeys (ConfUtils.java:logGet(46)) - raft.server.storage.dir = [/home/runner/work/ozone/ozone/hadoop-ozone/integration-test/target/test-dir/MiniOzoneClusterImpl-4e6c5432-da36-405d-b7f1-05871ead9573/datanode-6/data/ratis] (custom)
2023-06-02 05:15:31,637 [87f06f2d-f73a-4ca4-bc8e-5aedfa582ec7-groupManagement] INFO  server.RaftServerConfigKeys (ConfUtils.java:logGet(46)) - raft.server.log.corruption.policy = EXCEPTION (default)
2023-06-02 05:15:31,637 [87f06f2d-f73a-4ca4-bc8e-5aedfa582ec7-groupManagement] INFO  server.RaftServerConfigKeys (ConfUtils.java:logGet(46)) - raft.server.storage.free-space.min = 0MB (=0) (default)
2023-06-02 05:15:31,637 [87f06f2d-f73a-4ca4-bc8e-5aedfa582ec7-groupManagement] INFO  server.RaftServerConfigKeys (ConfUtils.java:logGet(46)) - raft.server.notification.no-leader.timeout = 300s (custom)
2023-06-02 05:15:31,638 [87f06f2d-f73a-4ca4-bc8e-5aedfa582ec7-groupManagement] INFO  server.RaftServerConfigKeys (ConfUtils.java:logGet(46)) - raft.server.read.timeout = 10s (default)
2023-06-02 05:15:31,638 [87f06f2d-f73a-4ca4-bc8e-5aedfa582ec7-groupManagement] INFO  server.RaftServerConfigKeys (ConfUtils.java:logGet(46)) - raft.server.retrycache.expirytime = 600000ms (custom)
2023-06-02 05:15:31,638 [87f06f2d-f73a-4ca4-bc8e-5aedfa582ec7-groupManagement] INFO  server.RaftServerConfigKeys (ConfUtils.java:logGet(46)) - raft.server.retrycache.statistics.expirytime = 100μs (default)
2023-06-02 05:15:31,638 [87f06f2d-f73a-4ca4-bc8e-5aedfa582ec7-groupManagement] INFO  server.RaftServerConfigKeys (ConfUtils.java:logGet(46)) - raft.server.read.option = DEFAULT (default)
2023-06-02 05:15:31,640 [87f06f2d-f73a-4ca4-bc8e-5aedfa582ec7-groupManagement] INFO  server.RaftServerConfigKeys (ConfUtils.java:logGet(46)) - raft.server.rpc.request.timeout = 60s (custom)
2023-06-02 05:15:31,640 [87f06f2d-f73a-4ca4-bc8e-5aedfa582ec7-groupManagement] INFO  server.RaftServerConfigKeys (ConfUtils.java:logGet(46)) - raft.server.log.appender.install.snapshot.enabled = false (custom)
2023-06-02 05:15:31,640 [87f06f2d-f73a-4ca4-bc8e-5aedfa582ec7-groupManagement] INFO  server.RaftServerConfigKeys (ConfUtils.java:logGet(46)) - raft.server.threadpool.server.cached = true (default)
2023-06-02 05:15:31,640 [87f06f2d-f73a-4ca4-bc8e-5aedfa582ec7-groupManagement] INFO  server.RaftServerConfigKeys (ConfUtils.java:logGet(46)) - raft.server.threadpool.server.size = 0 (default)
2023-06-02 05:15:31,644 [87f06f2d-f73a-4ca4-bc8e-5aedfa582ec7-groupManagement] INFO  server.RaftServerConfigKeys (ConfUtils.java:logGet(46)) - raft.server.threadpool.client.cached = true (default)
2023-06-02 05:15:31,644 [87f06f2d-f73a-4ca4-bc8e-5aedfa582ec7-groupManagement] INFO  server.RaftServerConfigKeys (ConfUtils.java:logGet(46)) - raft.server.threadpool.client.size = 0 (default)
2023-06-02 05:15:31,644 [87f06f2d-f73a-4ca4-bc8e-5aedfa582ec7-groupManagement] INFO  storage.RaftStorageDirectory (RaftStorageDirectoryImpl.java:analyzeStorage(137)) - The storage directory /home/runner/work/ozone/ozone/hadoop-ozone/integration-test/target/test-dir/MiniOzoneClusterImpl-4e6c5432-da36-405d-b7f1-05871ead9573/datanode-6/data/ratis/1befd94a-0f8f-46e8-9cfb-5d33fe8063a9 does not exist. Creating ...
2023-06-02 05:15:31,646 [87f06f2d-f73a-4ca4-bc8e-5aedfa582ec7-groupManagement] INFO  storage.RaftStorageDirectory (RaftStorageDirectoryImpl.java:tryLock(231)) - Lock on /home/runner/work/ozone/ozone/hadoop-ozone/integration-test/target/test-dir/MiniOzoneClusterImpl-4e6c5432-da36-405d-b7f1-05871ead9573/datanode-6/data/ratis/1befd94a-0f8f-46e8-9cfb-5d33fe8063a9/in_use.lock acquired by nodename 65026@fv-az628-647
2023-06-02 05:15:31,647 [87f06f2d-f73a-4ca4-bc8e-5aedfa582ec7-groupManagement] INFO  storage.RaftStorage (RaftStorageImpl.java:format(96)) - Storage directory /home/runner/work/ozone/ozone/hadoop-ozone/integration-test/target/test-dir/MiniOzoneClusterImpl-4e6c5432-da36-405d-b7f1-05871ead9573/datanode-6/data/ratis/1befd94a-0f8f-46e8-9cfb-5d33fe8063a9 has been successfully formatted.
2023-06-02 05:15:31,650 [EventQueue-OpenPipelineForHealthyPipelineSafeModeRule] INFO  safemode.SCMSafeModeManager (HealthyPipelineSafeModeRule.java:process(137)) - SCM in safe mode. Healthy pipelines reported count is 0, required healthy pipeline reported count is 1
2023-06-02 05:15:31,650 [87f06f2d-f73a-4ca4-bc8e-5aedfa582ec7-groupManagement] INFO  ratis.ContainerStateMachine (ContainerStateMachine.java:loadSnapshot(262)) - group-5D33FE8063A9: The snapshot info is null. Setting the last applied indexto:(t:0, i:~)
2023-06-02 05:15:31,650 [87f06f2d-f73a-4ca4-bc8e-5aedfa582ec7-groupManagement] INFO  server.RaftServerConfigKeys (ConfUtils.java:logGet(46)) - raft.server.log.use.memory = false (default)
2023-06-02 05:15:31,651 [87f06f2d-f73a-4ca4-bc8e-5aedfa582ec7-groupManagement] INFO  server.RaftServerConfigKeys (ConfUtils.java:logGet(46)) - raft.server.log.purge.gap = 1000000 (custom)
2023-06-02 05:15:31,651 [87f06f2d-f73a-4ca4-bc8e-5aedfa582ec7-groupManagement] INFO  server.RaftServerConfigKeys (ConfUtils.java:logGet(46)) - raft.server.log.appender.buffer.byte-limit = 33554432 (custom)
2023-06-02 05:15:31,651 [87f06f2d-f73a-4ca4-bc8e-5aedfa582ec7-groupManagement] INFO  server.RaftServerConfigKeys (ConfUtils.java:logGet(46)) - raft.server.log.statemachine.data.read.timeout = 1000ms (default)
2023-06-02 05:15:31,651 [87f06f2d-f73a-4ca4-bc8e-5aedfa582ec7-groupManagement] INFO  server.RaftServerConfigKeys (ConfUtils.java:logGet(46)) - raft.server.log.purge.preservation.log.num = 0 (default)
2023-06-02 05:15:31,652 [87f06f2d-f73a-4ca4-bc8e-5aedfa582ec7-groupManagement] INFO  server.RaftServerConfigKeys (ConfUtils.java:logGet(46)) - raft.server.log.segment.size.max = 1048576 (custom)
2023-06-02 05:15:31,654 [87f06f2d-f73a-4ca4-bc8e-5aedfa582ec7-groupManagement] INFO  server.RaftServerConfigKeys (ConfUtils.java:logGet(46)) - raft.server.log.segment.cache.num.max = 2 (custom)
2023-06-02 05:15:31,654 [87f06f2d-f73a-4ca4-bc8e-5aedfa582ec7-groupManagement] INFO  server.RaftServerConfigKeys (ConfUtils.java:logGet(46)) - raft.server.log.segment.cache.size.max = 200MB (=209715200) (default)
2023-06-02 05:15:31,654 [87f06f2d-f73a-4ca4-bc8e-5aedfa582ec7-groupManagement] INFO  server.RaftServerConfigKeys (ConfUtils.java:logGet(46)) - raft.server.log.appender.buffer.byte-limit = 33554432 (custom)
2023-06-02 05:15:31,654 [87f06f2d-f73a-4ca4-bc8e-5aedfa582ec7-groupManagement] INFO  segmented.SegmentedRaftLogWorker (SegmentedRaftLogWorker.java:<init>(188)) - new 87f06f2d-f73a-4ca4-bc8e-5aedfa582ec7@group-5D33FE8063A9-SegmentedRaftLogWorker for RaftStorageImpl:Storage Directory /home/runner/work/ozone/ozone/hadoop-ozone/integration-test/target/test-dir/MiniOzoneClusterImpl-4e6c5432-da36-405d-b7f1-05871ead9573/datanode-6/data/ratis/1befd94a-0f8f-46e8-9cfb-5d33fe8063a9
2023-06-02 05:15:31,655 [87f06f2d-f73a-4ca4-bc8e-5aedfa582ec7-groupManagement] INFO  server.RaftServerConfigKeys (ConfUtils.java:logGet(46)) - raft.server.log.queue.byte-limit = 4294967296 (custom)
2023-06-02 05:15:31,655 [87f06f2d-f73a-4ca4-bc8e-5aedfa582ec7-groupManagement] INFO  server.RaftServerConfigKeys (ConfUtils.java:logGet(46)) - raft.server.log.queue.element-limit = 1024 (custom)
2023-06-02 05:15:31,655 [87f06f2d-f73a-4ca4-bc8e-5aedfa582ec7-groupManagement] INFO  server.RaftServerConfigKeys (ConfUtils.java:logGet(46)) - raft.server.log.segment.size.max = 1048576 (custom)
2023-06-02 05:15:31,655 [87f06f2d-f73a-4ca4-bc8e-5aedfa582ec7-groupManagement] INFO  server.RaftServerConfigKeys (ConfUtils.java:logGet(46)) - raft.server.log.preallocated.size = 16384 (custom)
2023-06-02 05:15:31,656 [87f06f2d-f73a-4ca4-bc8e-5aedfa582ec7-groupManagement] INFO  server.RaftServerConfigKeys (ConfUtils.java:logGet(46)) - raft.server.log.force.sync.num = 128 (default)
2023-06-02 05:15:31,656 [87f06f2d-f73a-4ca4-bc8e-5aedfa582ec7-groupManagement] INFO  server.RaftServerConfigKeys (ConfUtils.java:logGet(46)) - raft.server.log.statemachine.data.sync = true (default)
2023-06-02 05:15:31,656 [87f06f2d-f73a-4ca4-bc8e-5aedfa582ec7-groupManagement] INFO  server.RaftServerConfigKeys (ConfUtils.java:logGet(46)) - raft.server.log.statemachine.data.sync.timeout = 10s (default)
2023-06-02 05:15:31,656 [87f06f2d-f73a-4ca4-bc8e-5aedfa582ec7-groupManagement] INFO  server.RaftServerConfigKeys (ConfUtils.java:logGet(46)) - raft.server.log.statemachine.data.sync.timeout.retry = -1 (default)
2023-06-02 05:15:31,659 [87f06f2d-f73a-4ca4-bc8e-5aedfa582ec7-groupManagement] INFO  server.RaftServerConfigKeys (ConfUtils.java:logGet(46)) - raft.server.log.write.buffer.size = 1048576 (custom)
2023-06-02 05:15:31,660 [87f06f2d-f73a-4ca4-bc8e-5aedfa582ec7-groupManagement] INFO  server.RaftServerConfigKeys (ConfUtils.java:logGet(46)) - raft.server.log.appender.buffer.byte-limit = 33554432 (custom)
2023-06-02 05:15:31,666 [87f06f2d-f73a-4ca4-bc8e-5aedfa582ec7-groupManagement] INFO  server.RaftServerConfigKeys (ConfUtils.java:logGet(46)) - raft.server.log.unsafe-flush.enabled = false (default)
2023-06-02 05:15:31,666 [87f06f2d-f73a-4ca4-bc8e-5aedfa582ec7-groupManagement] INFO  server.RaftServerConfigKeys (ConfUtils.java:logGet(46)) - raft.server.log.async-flush.enabled = false (default)
2023-06-02 05:15:31,667 [87f06f2d-f73a-4ca4-bc8e-5aedfa582ec7-groupManagement] INFO  server.RaftServerConfigKeys (ConfUtils.java:logGet(46)) - raft.server.log.statemachine.data.caching.enabled = true (custom)
2023-06-02 05:15:31,667 [87f06f2d-f73a-4ca4-bc8e-5aedfa582ec7-groupManagement] INFO  segmented.SegmentedRaftLogWorker (SegmentedRaftLogWorker.java:lambda$new$0(135)) - 87f06f2d-f73a-4ca4-bc8e-5aedfa582ec7@group-5D33FE8063A9-SegmentedRaftLogWorker: flushIndex: setUnconditionally 0 -> -1
2023-06-02 05:15:31,667 [87f06f2d-f73a-4ca4-bc8e-5aedfa582ec7-groupManagement] INFO  segmented.SegmentedRaftLogWorker (SegmentedRaftLogWorker.java:lambda$new$0(135)) - 87f06f2d-f73a-4ca4-bc8e-5aedfa582ec7@group-5D33FE8063A9-SegmentedRaftLogWorker: safeCacheEvictIndex: setUnconditionally 0 -> -1
2023-06-02 05:15:31,667 [87f06f2d-f73a-4ca4-bc8e-5aedfa582ec7-groupManagement] INFO  server.RaftServer$Division (RaftServerImpl.java:start(342)) - 87f06f2d-f73a-4ca4-bc8e-5aedfa582ec7@group-5D33FE8063A9: start as a follower, conf=-1: peers:[638bdbe3-f7a3-4715-ad07-0d6e98de3b67|rpc:10.1.74.1:15077|admin:10.1.74.1:15076|client:10.1.74.1:15075|dataStream:10.1.74.1:15078|priority:0|startupRole:FOLLOWER, 87f06f2d-f73a-4ca4-bc8e-5aedfa582ec7|rpc:10.1.74.1:15068|admin:10.1.74.1:15067|client:10.1.74.1:15066|dataStream:10.1.74.1:15069|priority:0|startupRole:FOLLOWER, 70b3c7ea-e7eb-4f75-8ddc-1173fec1a2ac|rpc:10.1.74.1:15086|admin:10.1.74.1:15085|client:10.1.74.1:15084|dataStream:10.1.74.1:15087|priority:1|startupRole:FOLLOWER]|listeners:[], old=null
2023-06-02 05:15:31,667 [87f06f2d-f73a-4ca4-bc8e-5aedfa582ec7-groupManagement] INFO  server.RaftServer$Division (RaftServerImpl.java:setRole(329)) - 87f06f2d-f73a-4ca4-bc8e-5aedfa582ec7@group-5D33FE8063A9: changes role from      null to FOLLOWER at term 0 for startAsFollower
2023-06-02 05:15:31,668 [87f06f2d-f73a-4ca4-bc8e-5aedfa582ec7-groupManagement] INFO  impl.RoleInfo (RoleInfo.java:updateAndGet(139)) - 87f06f2d-f73a-4ca4-bc8e-5aedfa582ec7: start 87f06f2d-f73a-4ca4-bc8e-5aedfa582ec7@group-5D33FE8063A9-FollowerState
2023-06-02 05:15:31,670 [87f06f2d-f73a-4ca4-bc8e-5aedfa582ec7-groupManagement] INFO  util.JmxRegister (JmxRegister.java:tryRegister(44)) - Successfully registered JMX Bean with object name Ratis:service=RaftServer,group=group-5D33FE8063A9,id=87f06f2d-f73a-4ca4-bc8e-5aedfa582ec7
2023-06-02 05:15:31,671 [87f06f2d-f73a-4ca4-bc8e-5aedfa582ec7-groupManagement] INFO  server.RaftServerConfigKeys (ConfUtils.java:logGet(46)) - raft.server.snapshot.auto.trigger.enabled = true (custom)
2023-06-02 05:15:31,671 [87f06f2d-f73a-4ca4-bc8e-5aedfa582ec7-groupManagement] INFO  server.RaftServerConfigKeys (ConfUtils.java:logGet(46)) - raft.server.snapshot.auto.trigger.threshold = 10000 (custom)
2023-06-02 05:15:31,671 [87f06f2d-f73a-4ca4-bc8e-5aedfa582ec7-groupManagement] INFO  server.RaftServerConfigKeys (ConfUtils.java:logGet(46)) - raft.server.snapshot.retention.file.num = 5 (custom)
2023-06-02 05:15:31,671 [87f06f2d-f73a-4ca4-bc8e-5aedfa582ec7-groupManagement] INFO  server.RaftServerConfigKeys (ConfUtils.java:logGet(46)) - raft.server.log.purge.upto.snapshot.index = false (default)
2023-06-02 05:15:31,672 [87f06f2d-f73a-4ca4-bc8e-5aedfa582ec7@group-5D33FE8063A9-FollowerState] INFO  server.RaftServerConfigKeys (ConfUtils.java:logFallback(53)) - raft.server.rpc.first-election.timeout.min = 5s (fallback to raft.server.rpc.timeout.min)
2023-06-02 05:15:31,672 [87f06f2d-f73a-4ca4-bc8e-5aedfa582ec7@group-5D33FE8063A9-FollowerState] INFO  server.RaftServerConfigKeys (ConfUtils.java:logFallback(53)) - raft.server.rpc.first-election.timeout.max = 5200ms (fallback to raft.server.rpc.timeout.max)
2023-06-02 05:15:31,672 [PipelineCommandHandlerThread-0] INFO  ratis.XceiverServerRatis (XceiverServerRatis.java:addGroup(804)) - Created group PipelineID=1befd94a-0f8f-46e8-9cfb-5d33fe8063a9
2023-06-02 05:15:31,686 [main] INFO  ozone.MiniOzoneClusterImpl (MiniOzoneClusterImpl.java:lambda$waitForClusterToBeReady$0(222)) - Waiting for nodes to be ready. Got 13 of 14 DN Heartbeats.
2023-06-02 05:15:31,687 [main] INFO  ozone.MiniOzoneClusterImpl (MiniOzoneClusterImpl.java:lambda$waitForClusterToBeReady$0(225)) - Waiting for cluster to exit safe mode
2023-06-02 05:15:31,687 [main] INFO  ozone.MiniOzoneClusterImpl (MiniOzoneClusterImpl.java:lambda$waitForClusterToBeReady$0(227)) - SCM became leader
2023-06-02 05:15:31,698 [grpc-default-executor-1] INFO  server.RaftServer (RaftServerProxy.java:addNew(98)) - 70b3c7ea-e7eb-4f75-8ddc-1173fec1a2ac: addNew group-5D33FE8063A9:[638bdbe3-f7a3-4715-ad07-0d6e98de3b67|rpc:10.1.74.1:15077|admin:10.1.74.1:15076|client:10.1.74.1:15075|dataStream:10.1.74.1:15078|priority:0|startupRole:FOLLOWER, 87f06f2d-f73a-4ca4-bc8e-5aedfa582ec7|rpc:10.1.74.1:15068|admin:10.1.74.1:15067|client:10.1.74.1:15066|dataStream:10.1.74.1:15069|priority:0|startupRole:FOLLOWER, 70b3c7ea-e7eb-4f75-8ddc-1173fec1a2ac|rpc:10.1.74.1:15086|admin:10.1.74.1:15085|client:10.1.74.1:15084|dataStream:10.1.74.1:15087|priority:1|startupRole:FOLLOWER] returns group-5D33FE8063A9:java.util.concurrent.CompletableFuture@6f5cd7bf[Not completed]
2023-06-02 05:15:31,700 [70b3c7ea-e7eb-4f75-8ddc-1173fec1a2ac-groupManagement] INFO  server.RaftServer$Division (RaftServerImpl.java:<init>(198)) - 70b3c7ea-e7eb-4f75-8ddc-1173fec1a2ac: new RaftServerImpl for group-5D33FE8063A9:[638bdbe3-f7a3-4715-ad07-0d6e98de3b67|rpc:10.1.74.1:15077|admin:10.1.74.1:15076|client:10.1.74.1:15075|dataStream:10.1.74.1:15078|priority:0|startupRole:FOLLOWER, 87f06f2d-f73a-4ca4-bc8e-5aedfa582ec7|rpc:10.1.74.1:15068|admin:10.1.74.1:15067|client:10.1.74.1:15066|dataStream:10.1.74.1:15069|priority:0|startupRole:FOLLOWER, 70b3c7ea-e7eb-4f75-8ddc-1173fec1a2ac|rpc:10.1.74.1:15086|admin:10.1.74.1:15085|client:10.1.74.1:15084|dataStream:10.1.74.1:15087|priority:1|startupRole:FOLLOWER] with ContainerStateMachine:uninitialized
2023-06-02 05:15:31,700 [IPC Server handler 14 on default port 15002] INFO  net.NetworkTopologyImpl (NetworkTopologyImpl.java:add(112)) - Added a new node: /default-rack/974c4613-d60a-49f9-a8d7-7eb2aff460ff
2023-06-02 05:15:31,700 [70b3c7ea-e7eb-4f75-8ddc-1173fec1a2ac-groupManagement] INFO  server.RaftServerConfigKeys (ConfUtils.java:logGet(46)) - raft.server.rpc.timeout.min = 5s (custom)
2023-06-02 05:15:31,700 [IPC Server handler 14 on default port 15002] INFO  node.SCMNodeManager (SCMNodeManager.java:register(407)) - Registered Data node : 974c4613-d60a-49f9-a8d7-7eb2aff460ff{ip: 10.1.74.1, host: fv-az628-647, ports: [HTTP=15126, CLIENT_RPC=15127, REPLICATION=15133, RATIS=15129, RATIS_ADMIN=15130, RATIS_SERVER=15131, RATIS_DATASTREAM=15132, STANDALONE=15128], networkLocation: /default-rack, certSerialId: null, persistedOpState: null, persistedOpStateExpiryEpochSec: 0}
2023-06-02 05:15:31,700 [70b3c7ea-e7eb-4f75-8ddc-1173fec1a2ac-groupManagement] INFO  server.RaftServerConfigKeys (ConfUtils.java:logGet(46)) - raft.server.rpc.timeout.max = 5200ms (custom)
2023-06-02 05:15:31,700 [70b3c7ea-e7eb-4f75-8ddc-1173fec1a2ac-groupManagement] INFO  server.RaftServerConfigKeys (ConfUtils.java:logGet(46)) - raft.server.rpc.sleep.time = 25ms (default)
2023-06-02 05:15:31,700 [70b3c7ea-e7eb-4f75-8ddc-1173fec1a2ac-groupManagement] INFO  server.RaftServerConfigKeys (ConfUtils.java:logGet(46)) - raft.server.rpc.slowness.timeout = 300s (custom)
2023-06-02 05:15:31,700 [70b3c7ea-e7eb-4f75-8ddc-1173fec1a2ac-groupManagement] INFO  server.RaftServerConfigKeys (ConfUtils.java:logGet(46)) - raft.server.leaderelection.leader.step-down.wait-time = 10s (default)
2023-06-02 05:15:31,700 [70b3c7ea-e7eb-4f75-8ddc-1173fec1a2ac-groupManagement] INFO  server.RaftServerConfigKeys (ConfUtils.java:logGet(46)) - raft.server.sleep.deviation.threshold = 300ms (default)
2023-06-02 05:15:31,700 [70b3c7ea-e7eb-4f75-8ddc-1173fec1a2ac-groupManagement] INFO  server.RaftServer$Division (ServerState.java:<init>(120)) - 70b3c7ea-e7eb-4f75-8ddc-1173fec1a2ac@group-5D33FE8063A9: ConfigurationManager, init=-1: peers:[638bdbe3-f7a3-4715-ad07-0d6e98de3b67|rpc:10.1.74.1:15077|admin:10.1.74.1:15076|client:10.1.74.1:15075|dataStream:10.1.74.1:15078|priority:0|startupRole:FOLLOWER, 87f06f2d-f73a-4ca4-bc8e-5aedfa582ec7|rpc:10.1.74.1:15068|admin:10.1.74.1:15067|client:10.1.74.1:15066|dataStream:10.1.74.1:15069|priority:0|startupRole:FOLLOWER, 70b3c7ea-e7eb-4f75-8ddc-1173fec1a2ac|rpc:10.1.74.1:15086|admin:10.1.74.1:15085|client:10.1.74.1:15084|dataStream:10.1.74.1:15087|priority:1|startupRole:FOLLOWER]|listeners:[], old=null, confs=<EMPTY_MAP>
2023-06-02 05:15:31,701 [EventQueue-NewNodeForNewNodeHandler] INFO  pipeline.BackgroundPipelineCreator (BackgroundPipelineCreator.java:notifyEventTriggered(276)) - trigger a one-shot run on RatisPipelineUtilsThread.
2023-06-02 05:15:31,701 [70b3c7ea-e7eb-4f75-8ddc-1173fec1a2ac-groupManagement] INFO  server.RaftServerConfigKeys (ConfUtils.java:logGet(46)) - raft.server.storage.dir = [/home/runner/work/ozone/ozone/hadoop-ozone/integration-test/target/test-dir/MiniOzoneClusterImpl-4e6c5432-da36-405d-b7f1-05871ead9573/datanode-8/data/ratis] (custom)
2023-06-02 05:15:31,701 [RatisPipelineUtilsThread - 0] INFO  pipeline.RatisPipelineProvider (RatisPipelineProvider.java:lambda$create$0(206)) - Sending CreatePipelineCommand for pipeline:PipelineID=8a4103f5-a0b2-4df0-87cf-0d1ae4abfc49 to datanode:974c4613-d60a-49f9-a8d7-7eb2aff460ff
2023-06-02 05:15:31,702 [RatisPipelineUtilsThread - 0] INFO  pipeline.PipelineStateManagerImpl (PipelineStateManagerImpl.java:addPipeline(103)) - Created pipeline Pipeline[ Id: 8a4103f5-a0b2-4df0-87cf-0d1ae4abfc49, Nodes: 974c4613-d60a-49f9-a8d7-7eb2aff460ff(fv-az628-647/10.1.74.1), ReplicationConfig: RATIS/ONE, State:ALLOCATED, leaderId:, CreationTimestamp2023-06-02T05:15:31.701Z[Etc/UTC]].
2023-06-02 05:15:31,703 [RatisPipelineUtilsThread - 0] WARN  pipeline.PipelinePlacementPolicy (PipelinePlacementPolicy.java:filterViableNodes(160)) - Pipeline creation failed due to no sufficient healthy datanodes. Required 3. Found 2. Excluded 12.
2023-06-02 05:15:31,704 [70b3c7ea-e7eb-4f75-8ddc-1173fec1a2ac-groupManagement] INFO  server.RaftServerConfigKeys (ConfUtils.java:logGet(46)) - raft.server.log.corruption.policy = EXCEPTION (default)
2023-06-02 05:15:31,704 [70b3c7ea-e7eb-4f75-8ddc-1173fec1a2ac-groupManagement] INFO  server.RaftServerConfigKeys (ConfUtils.java:logGet(46)) - raft.server.storage.free-space.min = 0MB (=0) (default)
2023-06-02 05:15:31,704 [70b3c7ea-e7eb-4f75-8ddc-1173fec1a2ac-groupManagement] INFO  server.RaftServerConfigKeys (ConfUtils.java:logGet(46)) - raft.server.notification.no-leader.timeout = 300s (custom)
2023-06-02 05:15:31,704 [70b3c7ea-e7eb-4f75-8ddc-1173fec1a2ac-groupManagement] INFO  server.RaftServerConfigKeys (ConfUtils.java:logGet(46)) - raft.server.read.timeout = 10s (default)
2023-06-02 05:15:31,704 [70b3c7ea-e7eb-4f75-8ddc-1173fec1a2ac-groupManagement] INFO  server.RaftServerConfigKeys (ConfUtils.java:logGet(46)) - raft.server.retrycache.expirytime = 600000ms (custom)
2023-06-02 05:15:31,704 [70b3c7ea-e7eb-4f75-8ddc-1173fec1a2ac-groupManagement] INFO  server.RaftServerConfigKeys (ConfUtils.java:logGet(46)) - raft.server.retrycache.statistics.expirytime = 100μs (default)
2023-06-02 05:15:31,704 [70b3c7ea-e7eb-4f75-8ddc-1173fec1a2ac-groupManagement] INFO  server.RaftServerConfigKeys (ConfUtils.java:logGet(46)) - raft.server.read.option = DEFAULT (default)
2023-06-02 05:15:31,706 [70b3c7ea-e7eb-4f75-8ddc-1173fec1a2ac-groupManagement] INFO  server.RaftServerConfigKeys (ConfUtils.java:logGet(46)) - raft.server.rpc.request.timeout = 60s (custom)
2023-06-02 05:15:31,706 [70b3c7ea-e7eb-4f75-8ddc-1173fec1a2ac-groupManagement] INFO  server.RaftServerConfigKeys (ConfUtils.java:logGet(46)) - raft.server.log.appender.install.snapshot.enabled = false (custom)
2023-06-02 05:15:31,706 [70b3c7ea-e7eb-4f75-8ddc-1173fec1a2ac-groupManagement] INFO  server.RaftServerConfigKeys (ConfUtils.java:logGet(46)) - raft.server.threadpool.server.cached = true (default)
2023-06-02 05:15:31,706 [70b3c7ea-e7eb-4f75-8ddc-1173fec1a2ac-groupManagement] INFO  server.RaftServerConfigKeys (ConfUtils.java:logGet(46)) - raft.server.threadpool.server.size = 0 (default)
2023-06-02 05:15:31,706 [70b3c7ea-e7eb-4f75-8ddc-1173fec1a2ac-groupManagement] INFO  server.RaftServerConfigKeys (ConfUtils.java:logGet(46)) - raft.server.threadpool.client.cached = true (default)
2023-06-02 05:15:31,706 [70b3c7ea-e7eb-4f75-8ddc-1173fec1a2ac-groupManagement] INFO  server.RaftServerConfigKeys (ConfUtils.java:logGet(46)) - raft.server.threadpool.client.size = 0 (default)
2023-06-02 05:15:31,706 [70b3c7ea-e7eb-4f75-8ddc-1173fec1a2ac-groupManagement] INFO  storage.RaftStorageDirectory (RaftStorageDirectoryImpl.java:analyzeStorage(137)) - The storage directory /home/runner/work/ozone/ozone/hadoop-ozone/integration-test/target/test-dir/MiniOzoneClusterImpl-4e6c5432-da36-405d-b7f1-05871ead9573/datanode-8/data/ratis/1befd94a-0f8f-46e8-9cfb-5d33fe8063a9 does not exist. Creating ...
2023-06-02 05:15:31,710 [70b3c7ea-e7eb-4f75-8ddc-1173fec1a2ac-groupManagement] INFO  storage.RaftStorageDirectory (RaftStorageDirectoryImpl.java:tryLock(231)) - Lock on /home/runner/work/ozone/ozone/hadoop-ozone/integration-test/target/test-dir/MiniOzoneClusterImpl-4e6c5432-da36-405d-b7f1-05871ead9573/datanode-8/data/ratis/1befd94a-0f8f-46e8-9cfb-5d33fe8063a9/in_use.lock acquired by nodename 65026@fv-az628-647
2023-06-02 05:15:31,713 [70b3c7ea-e7eb-4f75-8ddc-1173fec1a2ac-groupManagement] INFO  storage.RaftStorage (RaftStorageImpl.java:format(96)) - Storage directory /home/runner/work/ozone/ozone/hadoop-ozone/integration-test/target/test-dir/MiniOzoneClusterImpl-4e6c5432-da36-405d-b7f1-05871ead9573/datanode-8/data/ratis/1befd94a-0f8f-46e8-9cfb-5d33fe8063a9 has been successfully formatted.
2023-06-02 05:15:31,714 [70b3c7ea-e7eb-4f75-8ddc-1173fec1a2ac-groupManagement] INFO  ratis.ContainerStateMachine (ContainerStateMachine.java:loadSnapshot(262)) - group-5D33FE8063A9: The snapshot info is null. Setting the last applied indexto:(t:0, i:~)
2023-06-02 05:15:31,714 [70b3c7ea-e7eb-4f75-8ddc-1173fec1a2ac-groupManagement] INFO  server.RaftServerConfigKeys (ConfUtils.java:logGet(46)) - raft.server.log.use.memory = false (default)
2023-06-02 05:15:31,715 [70b3c7ea-e7eb-4f75-8ddc-1173fec1a2ac-groupManagement] INFO  server.RaftServerConfigKeys (ConfUtils.java:logGet(46)) - raft.server.log.purge.gap = 1000000 (custom)
2023-06-02 05:15:31,715 [70b3c7ea-e7eb-4f75-8ddc-1173fec1a2ac-groupManagement] INFO  server.RaftServerConfigKeys (ConfUtils.java:logGet(46)) - raft.server.log.appender.buffer.byte-limit = 33554432 (custom)
2023-06-02 05:15:31,715 [70b3c7ea-e7eb-4f75-8ddc-1173fec1a2ac-groupManagement] INFO  server.RaftServerConfigKeys (ConfUtils.java:logGet(46)) - raft.server.log.statemachine.data.read.timeout = 1000ms (default)
2023-06-02 05:15:31,715 [70b3c7ea-e7eb-4f75-8ddc-1173fec1a2ac-groupManagement] INFO  server.RaftServerConfigKeys (ConfUtils.java:logGet(46)) - raft.server.log.purge.preservation.log.num = 0 (default)
2023-06-02 05:15:31,715 [70b3c7ea-e7eb-4f75-8ddc-1173fec1a2ac-groupManagement] INFO  server.RaftServerConfigKeys (ConfUtils.java:logGet(46)) - raft.server.log.segment.size.max = 1048576 (custom)
2023-06-02 05:15:31,716 [70b3c7ea-e7eb-4f75-8ddc-1173fec1a2ac-groupManagement] INFO  server.RaftServerConfigKeys (ConfUtils.java:logGet(46)) - raft.server.log.segment.cache.num.max = 2 (custom)
2023-06-02 05:15:31,716 [70b3c7ea-e7eb-4f75-8ddc-1173fec1a2ac-groupManagement] INFO  server.RaftServerConfigKeys (ConfUtils.java:logGet(46)) - raft.server.log.segment.cache.size.max = 200MB (=209715200) (default)
2023-06-02 05:15:31,716 [70b3c7ea-e7eb-4f75-8ddc-1173fec1a2ac-groupManagement] INFO  server.RaftServerConfigKeys (ConfUtils.java:logGet(46)) - raft.server.log.appender.buffer.byte-limit = 33554432 (custom)
2023-06-02 05:15:31,716 [70b3c7ea-e7eb-4f75-8ddc-1173fec1a2ac-groupManagement] INFO  segmented.SegmentedRaftLogWorker (SegmentedRaftLogWorker.java:<init>(188)) - new 70b3c7ea-e7eb-4f75-8ddc-1173fec1a2ac@group-5D33FE8063A9-SegmentedRaftLogWorker for RaftStorageImpl:Storage Directory /home/runner/work/ozone/ozone/hadoop-ozone/integration-test/target/test-dir/MiniOzoneClusterImpl-4e6c5432-da36-405d-b7f1-05871ead9573/datanode-8/data/ratis/1befd94a-0f8f-46e8-9cfb-5d33fe8063a9
2023-06-02 05:15:31,716 [70b3c7ea-e7eb-4f75-8ddc-1173fec1a2ac-groupManagement] INFO  server.RaftServerConfigKeys (ConfUtils.java:logGet(46)) - raft.server.log.queue.byte-limit = 4294967296 (custom)
2023-06-02 05:15:31,716 [70b3c7ea-e7eb-4f75-8ddc-1173fec1a2ac-groupManagement] INFO  server.RaftServerConfigKeys (ConfUtils.java:logGet(46)) - raft.server.log.queue.element-limit = 1024 (custom)
2023-06-02 05:15:31,716 [70b3c7ea-e7eb-4f75-8ddc-1173fec1a2ac-groupManagement] INFO  server.RaftServerConfigKeys (ConfUtils.java:logGet(46)) - raft.server.log.segment.size.max = 1048576 (custom)
2023-06-02 05:15:31,716 [70b3c7ea-e7eb-4f75-8ddc-1173fec1a2ac-groupManagement] INFO  server.RaftServerConfigKeys (ConfUtils.java:logGet(46)) - raft.server.log.preallocated.size = 16384 (custom)
2023-06-02 05:15:31,716 [70b3c7ea-e7eb-4f75-8ddc-1173fec1a2ac-groupManagement] INFO  server.RaftServerConfigKeys (ConfUtils.java:logGet(46)) - raft.server.log.force.sync.num = 128 (default)
2023-06-02 05:15:31,716 [70b3c7ea-e7eb-4f75-8ddc-1173fec1a2ac-groupManagement] INFO  server.RaftServerConfigKeys (ConfUtils.java:logGet(46)) - raft.server.log.statemachine.data.sync = true (default)
2023-06-02 05:15:31,716 [70b3c7ea-e7eb-4f75-8ddc-1173fec1a2ac-groupManagement] INFO  server.RaftServerConfigKeys (ConfUtils.java:logGet(46)) - raft.server.log.statemachine.data.sync.timeout = 10s (default)
2023-06-02 05:15:31,717 [70b3c7ea-e7eb-4f75-8ddc-1173fec1a2ac-groupManagement] INFO  server.RaftServerConfigKeys (ConfUtils.java:logGet(46)) - raft.server.log.statemachine.data.sync.timeout.retry = -1 (default)
2023-06-02 05:15:31,718 [70b3c7ea-e7eb-4f75-8ddc-1173fec1a2ac-groupManagement] INFO  server.RaftServerConfigKeys (ConfUtils.java:logGet(46)) - raft.server.log.write.buffer.size = 1048576 (custom)
2023-06-02 05:15:31,718 [70b3c7ea-e7eb-4f75-8ddc-1173fec1a2ac-groupManagement] INFO  server.RaftServerConfigKeys (ConfUtils.java:logGet(46)) - raft.server.log.appender.buffer.byte-limit = 33554432 (custom)
2023-06-02 05:15:31,725 [70b3c7ea-e7eb-4f75-8ddc-1173fec1a2ac-groupManagement] INFO  server.RaftServerConfigKeys (ConfUtils.java:logGet(46)) - raft.server.log.unsafe-flush.enabled = false (default)
2023-06-02 05:15:31,725 [70b3c7ea-e7eb-4f75-8ddc-1173fec1a2ac-groupManagement] INFO  server.RaftServerConfigKeys (ConfUtils.java:logGet(46)) - raft.server.log.async-flush.enabled = false (default)
2023-06-02 05:15:31,725 [70b3c7ea-e7eb-4f75-8ddc-1173fec1a2ac-groupManagement] INFO  server.RaftServerConfigKeys (ConfUtils.java:logGet(46)) - raft.server.log.statemachine.data.caching.enabled = true (custom)
2023-06-02 05:15:31,726 [70b3c7ea-e7eb-4f75-8ddc-1173fec1a2ac-groupManagement] INFO  segmented.SegmentedRaftLogWorker (SegmentedRaftLogWorker.java:lambda$new$0(135)) - 70b3c7ea-e7eb-4f75-8ddc-1173fec1a2ac@group-5D33FE8063A9-SegmentedRaftLogWorker: flushIndex: setUnconditionally 0 -> -1
2023-06-02 05:15:31,726 [70b3c7ea-e7eb-4f75-8ddc-1173fec1a2ac-groupManagement] INFO  segmented.SegmentedRaftLogWorker (SegmentedRaftLogWorker.java:lambda$new$0(135)) - 70b3c7ea-e7eb-4f75-8ddc-1173fec1a2ac@group-5D33FE8063A9-SegmentedRaftLogWorker: safeCacheEvictIndex: setUnconditionally 0 -> -1
2023-06-02 05:15:31,729 [70b3c7ea-e7eb-4f75-8ddc-1173fec1a2ac-groupManagement] INFO  server.RaftServer$Division (RaftServerImpl.java:start(342)) - 70b3c7ea-e7eb-4f75-8ddc-1173fec1a2ac@group-5D33FE8063A9: start as a follower, conf=-1: peers:[638bdbe3-f7a3-4715-ad07-0d6e98de3b67|rpc:10.1.74.1:15077|admin:10.1.74.1:15076|client:10.1.74.1:15075|dataStream:10.1.74.1:15078|priority:0|startupRole:FOLLOWER, 87f06f2d-f73a-4ca4-bc8e-5aedfa582ec7|rpc:10.1.74.1:15068|admin:10.1.74.1:15067|client:10.1.74.1:15066|dataStream:10.1.74.1:15069|priority:0|startupRole:FOLLOWER, 70b3c7ea-e7eb-4f75-8ddc-1173fec1a2ac|rpc:10.1.74.1:15086|admin:10.1.74.1:15085|client:10.1.74.1:15084|dataStream:10.1.74.1:15087|priority:1|startupRole:FOLLOWER]|listeners:[], old=null
2023-06-02 05:15:31,730 [70b3c7ea-e7eb-4f75-8ddc-1173fec1a2ac-groupManagement] INFO  server.RaftServer$Division (RaftServerImpl.java:setRole(329)) - 70b3c7ea-e7eb-4f75-8ddc-1173fec1a2ac@group-5D33FE8063A9: changes role from      null to FOLLOWER at term 0 for startAsFollower
2023-06-02 05:15:31,730 [70b3c7ea-e7eb-4f75-8ddc-1173fec1a2ac-groupManagement] INFO  impl.RoleInfo (RoleInfo.java:updateAndGet(139)) - 70b3c7ea-e7eb-4f75-8ddc-1173fec1a2ac: start 70b3c7ea-e7eb-4f75-8ddc-1173fec1a2ac@group-5D33FE8063A9-FollowerState
2023-06-02 05:15:31,732 [70b3c7ea-e7eb-4f75-8ddc-1173fec1a2ac-groupManagement] INFO  util.JmxRegister (JmxRegister.java:tryRegister(44)) - Successfully registered JMX Bean with object name Ratis:service=RaftServer,group=group-5D33FE8063A9,id=70b3c7ea-e7eb-4f75-8ddc-1173fec1a2ac
2023-06-02 05:15:31,732 [70b3c7ea-e7eb-4f75-8ddc-1173fec1a2ac-groupManagement] INFO  server.RaftServerConfigKeys (ConfUtils.java:logGet(46)) - raft.server.snapshot.auto.trigger.enabled = true (custom)
2023-06-02 05:15:31,732 [70b3c7ea-e7eb-4f75-8ddc-1173fec1a2ac-groupManagement] INFO  server.RaftServerConfigKeys (ConfUtils.java:logGet(46)) - raft.server.snapshot.auto.trigger.threshold = 10000 (custom)
2023-06-02 05:15:31,732 [70b3c7ea-e7eb-4f75-8ddc-1173fec1a2ac-groupManagement] INFO  server.RaftServerConfigKeys (ConfUtils.java:logGet(46)) - raft.server.snapshot.retention.file.num = 5 (custom)
2023-06-02 05:15:31,732 [70b3c7ea-e7eb-4f75-8ddc-1173fec1a2ac-groupManagement] INFO  server.RaftServerConfigKeys (ConfUtils.java:logGet(46)) - raft.server.log.purge.upto.snapshot.index = false (default)
2023-06-02 05:15:31,733 [70b3c7ea-e7eb-4f75-8ddc-1173fec1a2ac@group-5D33FE8063A9-FollowerState] INFO  server.RaftServerConfigKeys (ConfUtils.java:logFallback(53)) - raft.server.rpc.first-election.timeout.min = 5s (fallback to raft.server.rpc.timeout.min)
2023-06-02 05:15:31,734 [70b3c7ea-e7eb-4f75-8ddc-1173fec1a2ac@group-5D33FE8063A9-FollowerState] INFO  server.RaftServerConfigKeys (ConfUtils.java:logFallback(53)) - raft.server.rpc.first-election.timeout.max = 5200ms (fallback to raft.server.rpc.timeout.max)
2023-06-02 05:15:31,768 [grpc-default-executor-1] INFO  server.RaftServer (RaftServerProxy.java:addNew(98)) - 638bdbe3-f7a3-4715-ad07-0d6e98de3b67: addNew group-5D33FE8063A9:[638bdbe3-f7a3-4715-ad07-0d6e98de3b67|rpc:10.1.74.1:15077|admin:10.1.74.1:15076|client:10.1.74.1:15075|dataStream:10.1.74.1:15078|priority:0|startupRole:FOLLOWER, 87f06f2d-f73a-4ca4-bc8e-5aedfa582ec7|rpc:10.1.74.1:15068|admin:10.1.74.1:15067|client:10.1.74.1:15066|dataStream:10.1.74.1:15069|priority:0|startupRole:FOLLOWER, 70b3c7ea-e7eb-4f75-8ddc-1173fec1a2ac|rpc:10.1.74.1:15086|admin:10.1.74.1:15085|client:10.1.74.1:15084|dataStream:10.1.74.1:15087|priority:1|startupRole:FOLLOWER] returns group-5D33FE8063A9:java.util.concurrent.CompletableFuture@607f9ae2[Not completed]
2023-06-02 05:15:31,770 [638bdbe3-f7a3-4715-ad07-0d6e98de3b67-groupManagement] INFO  server.RaftServer$Division (RaftServerImpl.java:<init>(198)) - 638bdbe3-f7a3-4715-ad07-0d6e98de3b67: new RaftServerImpl for group-5D33FE8063A9:[638bdbe3-f7a3-4715-ad07-0d6e98de3b67|rpc:10.1.74.1:15077|admin:10.1.74.1:15076|client:10.1.74.1:15075|dataStream:10.1.74.1:15078|priority:0|startupRole:FOLLOWER, 87f06f2d-f73a-4ca4-bc8e-5aedfa582ec7|rpc:10.1.74.1:15068|admin:10.1.74.1:15067|client:10.1.74.1:15066|dataStream:10.1.74.1:15069|priority:0|startupRole:FOLLOWER, 70b3c7ea-e7eb-4f75-8ddc-1173fec1a2ac|rpc:10.1.74.1:15086|admin:10.1.74.1:15085|client:10.1.74.1:15084|dataStream:10.1.74.1:15087|priority:1|startupRole:FOLLOWER] with ContainerStateMachine:uninitialized
2023-06-02 05:15:31,770 [638bdbe3-f7a3-4715-ad07-0d6e98de3b67-groupManagement] INFO  server.RaftServerConfigKeys (ConfUtils.java:logGet(46)) - raft.server.rpc.timeout.min = 5s (custom)
2023-06-02 05:15:31,770 [638bdbe3-f7a3-4715-ad07-0d6e98de3b67-groupManagement] INFO  server.RaftServerConfigKeys (ConfUtils.java:logGet(46)) - raft.server.rpc.timeout.max = 5200ms (custom)
2023-06-02 05:15:31,770 [638bdbe3-f7a3-4715-ad07-0d6e98de3b67-groupManagement] INFO  server.RaftServerConfigKeys (ConfUtils.java:logGet(46)) - raft.server.rpc.sleep.time = 25ms (default)
2023-06-02 05:15:31,770 [638bdbe3-f7a3-4715-ad07-0d6e98de3b67-groupManagement] INFO  server.RaftServerConfigKeys (ConfUtils.java:logGet(46)) - raft.server.rpc.slowness.timeout = 300s (custom)
2023-06-02 05:15:31,770 [638bdbe3-f7a3-4715-ad07-0d6e98de3b67-groupManagement] INFO  server.RaftServerConfigKeys (ConfUtils.java:logGet(46)) - raft.server.leaderelection.leader.step-down.wait-time = 10s (default)
2023-06-02 05:15:31,770 [638bdbe3-f7a3-4715-ad07-0d6e98de3b67-groupManagement] INFO  server.RaftServerConfigKeys (ConfUtils.java:logGet(46)) - raft.server.sleep.deviation.threshold = 300ms (default)
2023-06-02 05:15:31,771 [638bdbe3-f7a3-4715-ad07-0d6e98de3b67-groupManagement] INFO  server.RaftServer$Division (ServerState.java:<init>(120)) - 638bdbe3-f7a3-4715-ad07-0d6e98de3b67@group-5D33FE8063A9: ConfigurationManager, init=-1: peers:[638bdbe3-f7a3-4715-ad07-0d6e98de3b67|rpc:10.1.74.1:15077|admin:10.1.74.1:15076|client:10.1.74.1:15075|dataStream:10.1.74.1:15078|priority:0|startupRole:FOLLOWER, 87f06f2d-f73a-4ca4-bc8e-5aedfa582ec7|rpc:10.1.74.1:15068|admin:10.1.74.1:15067|client:10.1.74.1:15066|dataStream:10.1.74.1:15069|priority:0|startupRole:FOLLOWER, 70b3c7ea-e7eb-4f75-8ddc-1173fec1a2ac|rpc:10.1.74.1:15086|admin:10.1.74.1:15085|client:10.1.74.1:15084|dataStream:10.1.74.1:15087|priority:1|startupRole:FOLLOWER]|listeners:[], old=null, confs=<EMPTY_MAP>
2023-06-02 05:15:31,771 [638bdbe3-f7a3-4715-ad07-0d6e98de3b67-groupManagement] INFO  server.RaftServerConfigKeys (ConfUtils.java:logGet(46)) - raft.server.storage.dir = [/home/runner/work/ozone/ozone/hadoop-ozone/integration-test/target/test-dir/MiniOzoneClusterImpl-4e6c5432-da36-405d-b7f1-05871ead9573/datanode-7/data/ratis] (custom)
2023-06-02 05:15:31,771 [638bdbe3-f7a3-4715-ad07-0d6e98de3b67-groupManagement] INFO  server.RaftServerConfigKeys (ConfUtils.java:logGet(46)) - raft.server.log.corruption.policy = EXCEPTION (default)
2023-06-02 05:15:31,771 [638bdbe3-f7a3-4715-ad07-0d6e98de3b67-groupManagement] INFO  server.RaftServerConfigKeys (ConfUtils.java:logGet(46)) - raft.server.storage.free-space.min = 0MB (=0) (default)
2023-06-02 05:15:31,771 [638bdbe3-f7a3-4715-ad07-0d6e98de3b67-groupManagement] INFO  server.RaftServerConfigKeys (ConfUtils.java:logGet(46)) - raft.server.notification.no-leader.timeout = 300s (custom)
2023-06-02 05:15:31,771 [638bdbe3-f7a3-4715-ad07-0d6e98de3b67-groupManagement] INFO  server.RaftServerConfigKeys (ConfUtils.java:logGet(46)) - raft.server.read.timeout = 10s (default)
2023-06-02 05:15:31,771 [638bdbe3-f7a3-4715-ad07-0d6e98de3b67-groupManagement] INFO  server.RaftServerConfigKeys (ConfUtils.java:logGet(46)) - raft.server.retrycache.expirytime = 600000ms (custom)
2023-06-02 05:15:31,771 [638bdbe3-f7a3-4715-ad07-0d6e98de3b67-groupManagement] INFO  server.RaftServerConfigKeys (ConfUtils.java:logGet(46)) - raft.server.retrycache.statistics.expirytime = 100μs (default)
2023-06-02 05:15:31,771 [638bdbe3-f7a3-4715-ad07-0d6e98de3b67-groupManagement] INFO  server.RaftServerConfigKeys (ConfUtils.java:logGet(46)) - raft.server.read.option = DEFAULT (default)
2023-06-02 05:15:31,774 [638bdbe3-f7a3-4715-ad07-0d6e98de3b67-groupManagement] INFO  server.RaftServerConfigKeys (ConfUtils.java:logGet(46)) - raft.server.rpc.request.timeout = 60s (custom)
2023-06-02 05:15:31,774 [638bdbe3-f7a3-4715-ad07-0d6e98de3b67-groupManagement] INFO  server.RaftServerConfigKeys (ConfUtils.java:logGet(46)) - raft.server.log.appender.install.snapshot.enabled = false (custom)
2023-06-02 05:15:31,774 [638bdbe3-f7a3-4715-ad07-0d6e98de3b67-groupManagement] INFO  server.RaftServerConfigKeys (ConfUtils.java:logGet(46)) - raft.server.threadpool.server.cached = true (default)
2023-06-02 05:15:31,774 [638bdbe3-f7a3-4715-ad07-0d6e98de3b67-groupManagement] INFO  server.RaftServerConfigKeys (ConfUtils.java:logGet(46)) - raft.server.threadpool.server.size = 0 (default)
2023-06-02 05:15:31,774 [638bdbe3-f7a3-4715-ad07-0d6e98de3b67-groupManagement] INFO  server.RaftServerConfigKeys (ConfUtils.java:logGet(46)) - raft.server.threadpool.client.cached = true (default)
2023-06-02 05:15:31,774 [638bdbe3-f7a3-4715-ad07-0d6e98de3b67-groupManagement] INFO  server.RaftServerConfigKeys (ConfUtils.java:logGet(46)) - raft.server.threadpool.client.size = 0 (default)
2023-06-02 05:15:31,775 [638bdbe3-f7a3-4715-ad07-0d6e98de3b67-groupManagement] INFO  storage.RaftStorageDirectory (RaftStorageDirectoryImpl.java:analyzeStorage(137)) - The storage directory /home/runner/work/ozone/ozone/hadoop-ozone/integration-test/target/test-dir/MiniOzoneClusterImpl-4e6c5432-da36-405d-b7f1-05871ead9573/datanode-7/data/ratis/1befd94a-0f8f-46e8-9cfb-5d33fe8063a9 does not exist. Creating ...
2023-06-02 05:15:31,776 [638bdbe3-f7a3-4715-ad07-0d6e98de3b67-groupManagement] INFO  storage.RaftStorageDirectory (RaftStorageDirectoryImpl.java:tryLock(231)) - Lock on /home/runner/work/ozone/ozone/hadoop-ozone/integration-test/target/test-dir/MiniOzoneClusterImpl-4e6c5432-da36-405d-b7f1-05871ead9573/datanode-7/data/ratis/1befd94a-0f8f-46e8-9cfb-5d33fe8063a9/in_use.lock acquired by nodename 65026@fv-az628-647
2023-06-02 05:15:31,778 [638bdbe3-f7a3-4715-ad07-0d6e98de3b67-groupManagement] INFO  storage.RaftStorage (RaftStorageImpl.java:format(96)) - Storage directory /home/runner/work/ozone/ozone/hadoop-ozone/integration-test/target/test-dir/MiniOzoneClusterImpl-4e6c5432-da36-405d-b7f1-05871ead9573/datanode-7/data/ratis/1befd94a-0f8f-46e8-9cfb-5d33fe8063a9 has been successfully formatted.
2023-06-02 05:15:31,782 [638bdbe3-f7a3-4715-ad07-0d6e98de3b67-groupManagement] INFO  ratis.ContainerStateMachine (ContainerStateMachine.java:loadSnapshot(262)) - group-5D33FE8063A9: The snapshot info is null. Setting the last applied indexto:(t:0, i:~)
2023-06-02 05:15:31,782 [638bdbe3-f7a3-4715-ad07-0d6e98de3b67-groupManagement] INFO  server.RaftServerConfigKeys (ConfUtils.java:logGet(46)) - raft.server.log.use.memory = false (default)
2023-06-02 05:15:31,782 [638bdbe3-f7a3-4715-ad07-0d6e98de3b67-groupManagement] INFO  server.RaftServerConfigKeys (ConfUtils.java:logGet(46)) - raft.server.log.purge.gap = 1000000 (custom)
2023-06-02 05:15:31,782 [638bdbe3-f7a3-4715-ad07-0d6e98de3b67-groupManagement] INFO  server.RaftServerConfigKeys (ConfUtils.java:logGet(46)) - raft.server.log.appender.buffer.byte-limit = 33554432 (custom)
2023-06-02 05:15:31,782 [638bdbe3-f7a3-4715-ad07-0d6e98de3b67-groupManagement] INFO  server.RaftServerConfigKeys (ConfUtils.java:logGet(46)) - raft.server.log.statemachine.data.read.timeout = 1000ms (default)
2023-06-02 05:15:31,782 [638bdbe3-f7a3-4715-ad07-0d6e98de3b67-groupManagement] INFO  server.RaftServerConfigKeys (ConfUtils.java:logGet(46)) - raft.server.log.purge.preservation.log.num = 0 (default)
2023-06-02 05:15:31,782 [638bdbe3-f7a3-4715-ad07-0d6e98de3b67-groupManagement] INFO  server.RaftServerConfigKeys (ConfUtils.java:logGet(46)) - raft.server.log.segment.size.max = 1048576 (custom)
2023-06-02 05:15:31,783 [638bdbe3-f7a3-4715-ad07-0d6e98de3b67-groupManagement] INFO  server.RaftServerConfigKeys (ConfUtils.java:logGet(46)) - raft.server.log.segment.cache.num.max = 2 (custom)
2023-06-02 05:15:31,783 [638bdbe3-f7a3-4715-ad07-0d6e98de3b67-groupManagement] INFO  server.RaftServerConfigKeys (ConfUtils.java:logGet(46)) - raft.server.log.segment.cache.size.max = 200MB (=209715200) (default)
2023-06-02 05:15:31,783 [638bdbe3-f7a3-4715-ad07-0d6e98de3b67-groupManagement] INFO  server.RaftServerConfigKeys (ConfUtils.java:logGet(46)) - raft.server.log.appender.buffer.byte-limit = 33554432 (custom)
2023-06-02 05:15:31,783 [638bdbe3-f7a3-4715-ad07-0d6e98de3b67-groupManagement] INFO  segmented.SegmentedRaftLogWorker (SegmentedRaftLogWorker.java:<init>(188)) - new 638bdbe3-f7a3-4715-ad07-0d6e98de3b67@group-5D33FE8063A9-SegmentedRaftLogWorker for RaftStorageImpl:Storage Directory /home/runner/work/ozone/ozone/hadoop-ozone/integration-test/target/test-dir/MiniOzoneClusterImpl-4e6c5432-da36-405d-b7f1-05871ead9573/datanode-7/data/ratis/1befd94a-0f8f-46e8-9cfb-5d33fe8063a9
2023-06-02 05:15:31,783 [638bdbe3-f7a3-4715-ad07-0d6e98de3b67-groupManagement] INFO  server.RaftServerConfigKeys (ConfUtils.java:logGet(46)) - raft.server.log.queue.byte-limit = 4294967296 (custom)
2023-06-02 05:15:31,783 [638bdbe3-f7a3-4715-ad07-0d6e98de3b67-groupManagement] INFO  server.RaftServerConfigKeys (ConfUtils.java:logGet(46)) - raft.server.log.queue.element-limit = 1024 (custom)
2023-06-02 05:15:31,783 [638bdbe3-f7a3-4715-ad07-0d6e98de3b67-groupManagement] INFO  server.RaftServerConfigKeys (ConfUtils.java:logGet(46)) - raft.server.log.segment.size.max = 1048576 (custom)
2023-06-02 05:15:31,784 [638bdbe3-f7a3-4715-ad07-0d6e98de3b67-groupManagement] INFO  server.RaftServerConfigKeys (ConfUtils.java:logGet(46)) - raft.server.log.preallocated.size = 16384 (custom)
2023-06-02 05:15:31,784 [638bdbe3-f7a3-4715-ad07-0d6e98de3b67-groupManagement] INFO  server.RaftServerConfigKeys (ConfUtils.java:logGet(46)) - raft.server.log.force.sync.num = 128 (default)
2023-06-02 05:15:31,785 [638bdbe3-f7a3-4715-ad07-0d6e98de3b67-groupManagement] INFO  server.RaftServerConfigKeys (ConfUtils.java:logGet(46)) - raft.server.log.statemachine.data.sync = true (default)
2023-06-02 05:15:31,785 [638bdbe3-f7a3-4715-ad07-0d6e98de3b67-groupManagement] INFO  server.RaftServerConfigKeys (ConfUtils.java:logGet(46)) - raft.server.log.statemachine.data.sync.timeout = 10s (default)
2023-06-02 05:15:31,785 [638bdbe3-f7a3-4715-ad07-0d6e98de3b67-groupManagement] INFO  server.RaftServerConfigKeys (ConfUtils.java:logGet(46)) - raft.server.log.statemachine.data.sync.timeout.retry = -1 (default)
2023-06-02 05:15:31,787 [638bdbe3-f7a3-4715-ad07-0d6e98de3b67-groupManagement] INFO  server.RaftServerConfigKeys (ConfUtils.java:logGet(46)) - raft.server.log.write.buffer.size = 1048576 (custom)
2023-06-02 05:15:31,799 [638bdbe3-f7a3-4715-ad07-0d6e98de3b67-groupManagement] INFO  server.RaftServerConfigKeys (ConfUtils.java:logGet(46)) - raft.server.log.appender.buffer.byte-limit = 33554432 (custom)
2023-06-02 05:15:31,808 [638bdbe3-f7a3-4715-ad07-0d6e98de3b67-groupManagement] INFO  server.RaftServerConfigKeys (ConfUtils.java:logGet(46)) - raft.server.log.unsafe-flush.enabled = false (default)
2023-06-02 05:15:31,808 [638bdbe3-f7a3-4715-ad07-0d6e98de3b67-groupManagement] INFO  server.RaftServerConfigKeys (ConfUtils.java:logGet(46)) - raft.server.log.async-flush.enabled = false (default)
2023-06-02 05:15:31,808 [638bdbe3-f7a3-4715-ad07-0d6e98de3b67-groupManagement] INFO  server.RaftServerConfigKeys (ConfUtils.java:logGet(46)) - raft.server.log.statemachine.data.caching.enabled = true (custom)
2023-06-02 05:15:31,809 [638bdbe3-f7a3-4715-ad07-0d6e98de3b67-groupManagement] INFO  segmented.SegmentedRaftLogWorker (SegmentedRaftLogWorker.java:lambda$new$0(135)) - 638bdbe3-f7a3-4715-ad07-0d6e98de3b67@group-5D33FE8063A9-SegmentedRaftLogWorker: flushIndex: setUnconditionally 0 -> -1
2023-06-02 05:15:31,809 [638bdbe3-f7a3-4715-ad07-0d6e98de3b67-groupManagement] INFO  segmented.SegmentedRaftLogWorker (SegmentedRaftLogWorker.java:lambda$new$0(135)) - 638bdbe3-f7a3-4715-ad07-0d6e98de3b67@group-5D33FE8063A9-SegmentedRaftLogWorker: safeCacheEvictIndex: setUnconditionally 0 -> -1
2023-06-02 05:15:31,809 [638bdbe3-f7a3-4715-ad07-0d6e98de3b67-groupManagement] INFO  server.RaftServer$Division (RaftServerImpl.java:start(342)) - 638bdbe3-f7a3-4715-ad07-0d6e98de3b67@group-5D33FE8063A9: start as a follower, conf=-1: peers:[638bdbe3-f7a3-4715-ad07-0d6e98de3b67|rpc:10.1.74.1:15077|admin:10.1.74.1:15076|client:10.1.74.1:15075|dataStream:10.1.74.1:15078|priority:0|startupRole:FOLLOWER, 87f06f2d-f73a-4ca4-bc8e-5aedfa582ec7|rpc:10.1.74.1:15068|admin:10.1.74.1:15067|client:10.1.74.1:15066|dataStream:10.1.74.1:15069|priority:0|startupRole:FOLLOWER, 70b3c7ea-e7eb-4f75-8ddc-1173fec1a2ac|rpc:10.1.74.1:15086|admin:10.1.74.1:15085|client:10.1.74.1:15084|dataStream:10.1.74.1:15087|priority:1|startupRole:FOLLOWER]|listeners:[], old=null
2023-06-02 05:15:31,809 [638bdbe3-f7a3-4715-ad07-0d6e98de3b67-groupManagement] INFO  server.RaftServer$Division (RaftServerImpl.java:setRole(329)) - 638bdbe3-f7a3-4715-ad07-0d6e98de3b67@group-5D33FE8063A9: changes role from      null to FOLLOWER at term 0 for startAsFollower
2023-06-02 05:15:31,809 [638bdbe3-f7a3-4715-ad07-0d6e98de3b67-groupManagement] INFO  impl.RoleInfo (RoleInfo.java:updateAndGet(139)) - 638bdbe3-f7a3-4715-ad07-0d6e98de3b67: start 638bdbe3-f7a3-4715-ad07-0d6e98de3b67@group-5D33FE8063A9-FollowerState
2023-06-02 05:15:31,812 [638bdbe3-f7a3-4715-ad07-0d6e98de3b67-groupManagement] INFO  util.JmxRegister (JmxRegister.java:tryRegister(44)) - Successfully registered JMX Bean with object name Ratis:service=RaftServer,group=group-5D33FE8063A9,id=638bdbe3-f7a3-4715-ad07-0d6e98de3b67
2023-06-02 05:15:31,813 [638bdbe3-f7a3-4715-ad07-0d6e98de3b67-groupManagement] INFO  server.RaftServerConfigKeys (ConfUtils.java:logGet(46)) - raft.server.snapshot.auto.trigger.enabled = true (custom)
2023-06-02 05:15:31,813 [638bdbe3-f7a3-4715-ad07-0d6e98de3b67-groupManagement] INFO  server.RaftServerConfigKeys (ConfUtils.java:logGet(46)) - raft.server.snapshot.auto.trigger.threshold = 10000 (custom)
2023-06-02 05:15:31,813 [638bdbe3-f7a3-4715-ad07-0d6e98de3b67-groupManagement] INFO  server.RaftServerConfigKeys (ConfUtils.java:logGet(46)) - raft.server.snapshot.retention.file.num = 5 (custom)
2023-06-02 05:15:31,813 [638bdbe3-f7a3-4715-ad07-0d6e98de3b67-groupManagement] INFO  server.RaftServerConfigKeys (ConfUtils.java:logGet(46)) - raft.server.log.purge.upto.snapshot.index = false (default)
2023-06-02 05:15:31,814 [638bdbe3-f7a3-4715-ad07-0d6e98de3b67@group-5D33FE8063A9-FollowerState] INFO  server.RaftServerConfigKeys (ConfUtils.java:logFallback(53)) - raft.server.rpc.first-election.timeout.min = 5s (fallback to raft.server.rpc.timeout.min)
2023-06-02 05:15:31,814 [638bdbe3-f7a3-4715-ad07-0d6e98de3b67@group-5D33FE8063A9-FollowerState] INFO  server.RaftServerConfigKeys (ConfUtils.java:logFallback(53)) - raft.server.rpc.first-election.timeout.max = 5200ms (fallback to raft.server.rpc.timeout.max)
2023-06-02 05:15:31,829 [PipelineCommandHandlerThread-0] INFO  commandhandler.CreatePipelineCommandHandler (CreatePipelineCommandHandler.java:lambda$handle$2(124)) - Created Pipeline RATIS THREE PipelineID=1befd94a-0f8f-46e8-9cfb-5d33fe8063a9.
2023-06-02 05:15:31,829 [PipelineCommandHandlerThread-0] INFO  server.RaftServer (RaftServerProxy.java:addNew(98)) - 87f06f2d-f73a-4ca4-bc8e-5aedfa582ec7: addNew group-B501B03E598F:[638bdbe3-f7a3-4715-ad07-0d6e98de3b67|rpc:10.1.74.1:15077|admin:10.1.74.1:15076|client:10.1.74.1:15075|dataStream:10.1.74.1:15078|priority:1|startupRole:FOLLOWER, 70b3c7ea-e7eb-4f75-8ddc-1173fec1a2ac|rpc:10.1.74.1:15086|admin:10.1.74.1:15085|client:10.1.74.1:15084|dataStream:10.1.74.1:15087|priority:0|startupRole:FOLLOWER, 87f06f2d-f73a-4ca4-bc8e-5aedfa582ec7|rpc:10.1.74.1:15068|admin:10.1.74.1:15067|client:10.1.74.1:15066|dataStream:10.1.74.1:15069|priority:0|startupRole:FOLLOWER] returns group-B501B03E598F:java.util.concurrent.CompletableFuture@62eb8cfe[Not completed]
2023-06-02 05:15:31,830 [87f06f2d-f73a-4ca4-bc8e-5aedfa582ec7-groupManagement] INFO  server.RaftServer$Division (RaftServerImpl.java:<init>(198)) - 87f06f2d-f73a-4ca4-bc8e-5aedfa582ec7: new RaftServerImpl for group-B501B03E598F:[638bdbe3-f7a3-4715-ad07-0d6e98de3b67|rpc:10.1.74.1:15077|admin:10.1.74.1:15076|client:10.1.74.1:15075|dataStream:10.1.74.1:15078|priority:1|startupRole:FOLLOWER, 70b3c7ea-e7eb-4f75-8ddc-1173fec1a2ac|rpc:10.1.74.1:15086|admin:10.1.74.1:15085|client:10.1.74.1:15084|dataStream:10.1.74.1:15087|priority:0|startupRole:FOLLOWER, 87f06f2d-f73a-4ca4-bc8e-5aedfa582ec7|rpc:10.1.74.1:15068|admin:10.1.74.1:15067|client:10.1.74.1:15066|dataStream:10.1.74.1:15069|priority:0|startupRole:FOLLOWER] with ContainerStateMachine:uninitialized
2023-06-02 05:15:31,831 [87f06f2d-f73a-4ca4-bc8e-5aedfa582ec7-groupManagement] INFO  server.RaftServerConfigKeys (ConfUtils.java:logGet(46)) - raft.server.rpc.timeout.min = 5s (custom)
2023-06-02 05:15:31,831 [87f06f2d-f73a-4ca4-bc8e-5aedfa582ec7-groupManagement] INFO  server.RaftServerConfigKeys (ConfUtils.java:logGet(46)) - raft.server.rpc.timeout.max = 5200ms (custom)
2023-06-02 05:15:31,831 [87f06f2d-f73a-4ca4-bc8e-5aedfa582ec7-groupManagement] INFO  server.RaftServerConfigKeys (ConfUtils.java:logGet(46)) - raft.server.rpc.sleep.time = 25ms (default)
2023-06-02 05:15:31,831 [87f06f2d-f73a-4ca4-bc8e-5aedfa582ec7-groupManagement] INFO  server.RaftServerConfigKeys (ConfUtils.java:logGet(46)) - raft.server.rpc.slowness.timeout = 300s (custom)
2023-06-02 05:15:31,831 [87f06f2d-f73a-4ca4-bc8e-5aedfa582ec7-groupManagement] INFO  server.RaftServerConfigKeys (ConfUtils.java:logGet(46)) - raft.server.leaderelection.leader.step-down.wait-time = 10s (default)
2023-06-02 05:15:31,831 [87f06f2d-f73a-4ca4-bc8e-5aedfa582ec7-groupManagement] INFO  server.RaftServerConfigKeys (ConfUtils.java:logGet(46)) - raft.server.sleep.deviation.threshold = 300ms (default)
2023-06-02 05:15:31,831 [87f06f2d-f73a-4ca4-bc8e-5aedfa582ec7-groupManagement] INFO  server.RaftServer$Division (ServerState.java:<init>(120)) - 87f06f2d-f73a-4ca4-bc8e-5aedfa582ec7@group-B501B03E598F: ConfigurationManager, init=-1: peers:[638bdbe3-f7a3-4715-ad07-0d6e98de3b67|rpc:10.1.74.1:15077|admin:10.1.74.1:15076|client:10.1.74.1:15075|dataStream:10.1.74.1:15078|priority:1|startupRole:FOLLOWER, 70b3c7ea-e7eb-4f75-8ddc-1173fec1a2ac|rpc:10.1.74.1:15086|admin:10.1.74.1:15085|client:10.1.74.1:15084|dataStream:10.1.74.1:15087|priority:0|startupRole:FOLLOWER, 87f06f2d-f73a-4ca4-bc8e-5aedfa582ec7|rpc:10.1.74.1:15068|admin:10.1.74.1:15067|client:10.1.74.1:15066|dataStream:10.1.74.1:15069|priority:0|startupRole:FOLLOWER]|listeners:[], old=null, confs=<EMPTY_MAP>
2023-06-02 05:15:31,831 [87f06f2d-f73a-4ca4-bc8e-5aedfa582ec7-groupManagement] INFO  server.RaftServerConfigKeys (ConfUtils.java:logGet(46)) - raft.server.storage.dir = [/home/runner/work/ozone/ozone/hadoop-ozone/integration-test/target/test-dir/MiniOzoneClusterImpl-4e6c5432-da36-405d-b7f1-05871ead9573/datanode-6/data/ratis] (custom)
2023-06-02 05:15:31,831 [87f06f2d-f73a-4ca4-bc8e-5aedfa582ec7-groupManagement] INFO  server.RaftServerConfigKeys (ConfUtils.java:logGet(46)) - raft.server.log.corruption.policy = EXCEPTION (default)
2023-06-02 05:15:31,832 [87f06f2d-f73a-4ca4-bc8e-5aedfa582ec7-groupManagement] INFO  server.RaftServerConfigKeys (ConfUtils.java:logGet(46)) - raft.server.storage.free-space.min = 0MB (=0) (default)
2023-06-02 05:15:31,832 [87f06f2d-f73a-4ca4-bc8e-5aedfa582ec7-groupManagement] INFO  server.RaftServerConfigKeys (ConfUtils.java:logGet(46)) - raft.server.notification.no-leader.timeout = 300s (custom)
2023-06-02 05:15:31,832 [87f06f2d-f73a-4ca4-bc8e-5aedfa582ec7-groupManagement] INFO  server.RaftServerConfigKeys (ConfUtils.java:logGet(46)) - raft.server.read.timeout = 10s (default)
2023-06-02 05:15:31,834 [87f06f2d-f73a-4ca4-bc8e-5aedfa582ec7-groupManagement] INFO  server.RaftServerConfigKeys (ConfUtils.java:logGet(46)) - raft.server.retrycache.expirytime = 600000ms (custom)
2023-06-02 05:15:31,834 [87f06f2d-f73a-4ca4-bc8e-5aedfa582ec7-groupManagement] INFO  server.RaftServerConfigKeys (ConfUtils.java:logGet(46)) - raft.server.retrycache.statistics.expirytime = 100μs (default)
2023-06-02 05:15:31,834 [87f06f2d-f73a-4ca4-bc8e-5aedfa582ec7-groupManagement] INFO  server.RaftServerConfigKeys (ConfUtils.java:logGet(46)) - raft.server.read.option = DEFAULT (default)
2023-06-02 05:15:31,835 [87f06f2d-f73a-4ca4-bc8e-5aedfa582ec7-groupManagement] INFO  server.RaftServerConfigKeys (ConfUtils.java:logGet(46)) - raft.server.rpc.request.timeout = 60s (custom)
2023-06-02 05:15:31,836 [87f06f2d-f73a-4ca4-bc8e-5aedfa582ec7-groupManagement] INFO  server.RaftServerConfigKeys (ConfUtils.java:logGet(46)) - raft.server.log.appender.install.snapshot.enabled = false (custom)
2023-06-02 05:15:31,836 [87f06f2d-f73a-4ca4-bc8e-5aedfa582ec7-groupManagement] INFO  server.RaftServerConfigKeys (ConfUtils.java:logGet(46)) - raft.server.threadpool.server.cached = true (default)
2023-06-02 05:15:31,836 [87f06f2d-f73a-4ca4-bc8e-5aedfa582ec7-groupManagement] INFO  server.RaftServerConfigKeys (ConfUtils.java:logGet(46)) - raft.server.threadpool.server.size = 0 (default)
2023-06-02 05:15:31,836 [87f06f2d-f73a-4ca4-bc8e-5aedfa582ec7-groupManagement] INFO  server.RaftServerConfigKeys (ConfUtils.java:logGet(46)) - raft.server.threadpool.client.cached = true (default)
2023-06-02 05:15:31,836 [87f06f2d-f73a-4ca4-bc8e-5aedfa582ec7-groupManagement] INFO  server.RaftServerConfigKeys (ConfUtils.java:logGet(46)) - raft.server.threadpool.client.size = 0 (default)
2023-06-02 05:15:31,836 [87f06f2d-f73a-4ca4-bc8e-5aedfa582ec7-groupManagement] INFO  storage.RaftStorageDirectory (RaftStorageDirectoryImpl.java:analyzeStorage(137)) - The storage directory /home/runner/work/ozone/ozone/hadoop-ozone/integration-test/target/test-dir/MiniOzoneClusterImpl-4e6c5432-da36-405d-b7f1-05871ead9573/datanode-6/data/ratis/19897db9-73df-4686-9b87-b501b03e598f does not exist. Creating ...
2023-06-02 05:15:31,838 [87f06f2d-f73a-4ca4-bc8e-5aedfa582ec7-groupManagement] INFO  storage.RaftStorageDirectory (RaftStorageDirectoryImpl.java:tryLock(231)) - Lock on /home/runner/work/ozone/ozone/hadoop-ozone/integration-test/target/test-dir/MiniOzoneClusterImpl-4e6c5432-da36-405d-b7f1-05871ead9573/datanode-6/data/ratis/19897db9-73df-4686-9b87-b501b03e598f/in_use.lock acquired by nodename 65026@fv-az628-647
2023-06-02 05:15:31,841 [87f06f2d-f73a-4ca4-bc8e-5aedfa582ec7-groupManagement] INFO  storage.RaftStorage (RaftStorageImpl.java:format(96)) - Storage directory /home/runner/work/ozone/ozone/hadoop-ozone/integration-test/target/test-dir/MiniOzoneClusterImpl-4e6c5432-da36-405d-b7f1-05871ead9573/datanode-6/data/ratis/19897db9-73df-4686-9b87-b501b03e598f has been successfully formatted.
2023-06-02 05:15:31,841 [87f06f2d-f73a-4ca4-bc8e-5aedfa582ec7-groupManagement] INFO  ratis.ContainerStateMachine (ContainerStateMachine.java:loadSnapshot(262)) - group-B501B03E598F: The snapshot info is null. Setting the last applied indexto:(t:0, i:~)
2023-06-02 05:15:31,842 [87f06f2d-f73a-4ca4-bc8e-5aedfa582ec7-groupManagement] INFO  server.RaftServerConfigKeys (ConfUtils.java:logGet(46)) - raft.server.log.use.memory = false (default)
2023-06-02 05:15:31,842 [87f06f2d-f73a-4ca4-bc8e-5aedfa582ec7-groupManagement] INFO  server.RaftServerConfigKeys (ConfUtils.java:logGet(46)) - raft.server.log.purge.gap = 1000000 (custom)
2023-06-02 05:15:31,842 [87f06f2d-f73a-4ca4-bc8e-5aedfa582ec7-groupManagement] INFO  server.RaftServerConfigKeys (ConfUtils.java:logGet(46)) - raft.server.log.appender.buffer.byte-limit = 33554432 (custom)
2023-06-02 05:15:31,842 [87f06f2d-f73a-4ca4-bc8e-5aedfa582ec7-groupManagement] INFO  server.RaftServerConfigKeys (ConfUtils.java:logGet(46)) - raft.server.log.statemachine.data.read.timeout = 1000ms (default)
2023-06-02 05:15:31,842 [87f06f2d-f73a-4ca4-bc8e-5aedfa582ec7-groupManagement] INFO  server.RaftServerConfigKeys (ConfUtils.java:logGet(46)) - raft.server.log.purge.preservation.log.num = 0 (default)
2023-06-02 05:15:31,842 [87f06f2d-f73a-4ca4-bc8e-5aedfa582ec7-groupManagement] INFO  server.RaftServerConfigKeys (ConfUtils.java:logGet(46)) - raft.server.log.segment.size.max = 1048576 (custom)
2023-06-02 05:15:31,843 [87f06f2d-f73a-4ca4-bc8e-5aedfa582ec7-groupManagement] INFO  server.RaftServerConfigKeys (ConfUtils.java:logGet(46)) - raft.server.log.segment.cache.num.max = 2 (custom)
2023-06-02 05:15:31,843 [87f06f2d-f73a-4ca4-bc8e-5aedfa582ec7-groupManagement] INFO  server.RaftServerConfigKeys (ConfUtils.java:logGet(46)) - raft.server.log.segment.cache.size.max = 200MB (=209715200) (default)
2023-06-02 05:15:31,843 [87f06f2d-f73a-4ca4-bc8e-5aedfa582ec7-groupManagement] INFO  server.RaftServerConfigKeys (ConfUtils.java:logGet(46)) - raft.server.log.appender.buffer.byte-limit = 33554432 (custom)
2023-06-02 05:15:31,843 [87f06f2d-f73a-4ca4-bc8e-5aedfa582ec7-groupManagement] INFO  segmented.SegmentedRaftLogWorker (SegmentedRaftLogWorker.java:<init>(188)) - new 87f06f2d-f73a-4ca4-bc8e-5aedfa582ec7@group-B501B03E598F-SegmentedRaftLogWorker for RaftStorageImpl:Storage Directory /home/runner/work/ozone/ozone/hadoop-ozone/integration-test/target/test-dir/MiniOzoneClusterImpl-4e6c5432-da36-405d-b7f1-05871ead9573/datanode-6/data/ratis/19897db9-73df-4686-9b87-b501b03e598f
2023-06-02 05:15:31,843 [87f06f2d-f73a-4ca4-bc8e-5aedfa582ec7-groupManagement] INFO  server.RaftServerConfigKeys (ConfUtils.java:logGet(46)) - raft.server.log.queue.byte-limit = 4294967296 (custom)
2023-06-02 05:15:31,843 [87f06f2d-f73a-4ca4-bc8e-5aedfa582ec7-groupManagement] INFO  server.RaftServerConfigKeys (ConfUtils.java:logGet(46)) - raft.server.log.queue.element-limit = 1024 (custom)
2023-06-02 05:15:31,843 [87f06f2d-f73a-4ca4-bc8e-5aedfa582ec7-groupManagement] INFO  server.RaftServerConfigKeys (ConfUtils.java:logGet(46)) - raft.server.log.segment.size.max = 1048576 (custom)
2023-06-02 05:15:31,843 [EventQueue-OpenPipelineForHealthyPipelineSafeModeRule] INFO  safemode.SCMSafeModeManager (HealthyPipelineSafeModeRule.java:process(137)) - SCM in safe mode. Healthy pipelines reported count is 0, required healthy pipeline reported count is 1
2023-06-02 05:15:31,843 [87f06f2d-f73a-4ca4-bc8e-5aedfa582ec7-groupManagement] INFO  server.RaftServerConfigKeys (ConfUtils.java:logGet(46)) - raft.server.log.preallocated.size = 16384 (custom)
2023-06-02 05:15:31,844 [87f06f2d-f73a-4ca4-bc8e-5aedfa582ec7-groupManagement] INFO  server.RaftServerConfigKeys (ConfUtils.java:logGet(46)) - raft.server.log.force.sync.num = 128 (default)
2023-06-02 05:15:31,844 [87f06f2d-f73a-4ca4-bc8e-5aedfa582ec7-groupManagement] INFO  server.RaftServerConfigKeys (ConfUtils.java:logGet(46)) - raft.server.log.statemachine.data.sync = true (default)
2023-06-02 05:15:31,844 [87f06f2d-f73a-4ca4-bc8e-5aedfa582ec7-groupManagement] INFO  server.RaftServerConfigKeys (ConfUtils.java:logGet(46)) - raft.server.log.statemachine.data.sync.timeout = 10s (default)
2023-06-02 05:15:31,844 [87f06f2d-f73a-4ca4-bc8e-5aedfa582ec7-groupManagement] INFO  server.RaftServerConfigKeys (ConfUtils.java:logGet(46)) - raft.server.log.statemachine.data.sync.timeout.retry = -1 (default)
2023-06-02 05:15:31,845 [87f06f2d-f73a-4ca4-bc8e-5aedfa582ec7-groupManagement] INFO  server.RaftServerConfigKeys (ConfUtils.java:logGet(46)) - raft.server.log.write.buffer.size = 1048576 (custom)
2023-06-02 05:15:31,845 [87f06f2d-f73a-4ca4-bc8e-5aedfa582ec7-groupManagement] INFO  server.RaftServerConfigKeys (ConfUtils.java:logGet(46)) - raft.server.log.appender.buffer.byte-limit = 33554432 (custom)
2023-06-02 05:15:31,853 [87f06f2d-f73a-4ca4-bc8e-5aedfa582ec7-groupManagement] INFO  server.RaftServerConfigKeys (ConfUtils.java:logGet(46)) - raft.server.log.unsafe-flush.enabled = false (default)
2023-06-02 05:15:31,853 [87f06f2d-f73a-4ca4-bc8e-5aedfa582ec7-groupManagement] INFO  server.RaftServerConfigKeys (ConfUtils.java:logGet(46)) - raft.server.log.async-flush.enabled = false (default)
2023-06-02 05:15:31,853 [87f06f2d-f73a-4ca4-bc8e-5aedfa582ec7-groupManagement] INFO  server.RaftServerConfigKeys (ConfUtils.java:logGet(46)) - raft.server.log.statemachine.data.caching.enabled = true (custom)
2023-06-02 05:15:31,853 [87f06f2d-f73a-4ca4-bc8e-5aedfa582ec7-groupManagement] INFO  segmented.SegmentedRaftLogWorker (SegmentedRaftLogWorker.java:lambda$new$0(135)) - 87f06f2d-f73a-4ca4-bc8e-5aedfa582ec7@group-B501B03E598F-SegmentedRaftLogWorker: flushIndex: setUnconditionally 0 -> -1
2023-06-02 05:15:31,853 [87f06f2d-f73a-4ca4-bc8e-5aedfa582ec7-groupManagement] INFO  segmented.SegmentedRaftLogWorker (SegmentedRaftLogWorker.java:lambda$new$0(135)) - 87f06f2d-f73a-4ca4-bc8e-5aedfa582ec7@group-B501B03E598F-SegmentedRaftLogWorker: safeCacheEvictIndex: setUnconditionally 0 -> -1
2023-06-02 05:15:31,853 [87f06f2d-f73a-4ca4-bc8e-5aedfa582ec7-groupManagement] INFO  server.RaftServer$Division (RaftServerImpl.java:start(342)) - 87f06f2d-f73a-4ca4-bc8e-5aedfa582ec7@group-B501B03E598F: start as a follower, conf=-1: peers:[638bdbe3-f7a3-4715-ad07-0d6e98de3b67|rpc:10.1.74.1:15077|admin:10.1.74.1:15076|client:10.1.74.1:15075|dataStream:10.1.74.1:15078|priority:1|startupRole:FOLLOWER, 70b3c7ea-e7eb-4f75-8ddc-1173fec1a2ac|rpc:10.1.74.1:15086|admin:10.1.74.1:15085|client:10.1.74.1:15084|dataStream:10.1.74.1:15087|priority:0|startupRole:FOLLOWER, 87f06f2d-f73a-4ca4-bc8e-5aedfa582ec7|rpc:10.1.74.1:15068|admin:10.1.74.1:15067|client:10.1.74.1:15066|dataStream:10.1.74.1:15069|priority:0|startupRole:FOLLOWER]|listeners:[], old=null
2023-06-02 05:15:31,854 [87f06f2d-f73a-4ca4-bc8e-5aedfa582ec7-groupManagement] INFO  server.RaftServer$Division (RaftServerImpl.java:setRole(329)) - 87f06f2d-f73a-4ca4-bc8e-5aedfa582ec7@group-B501B03E598F: changes role from      null to FOLLOWER at term 0 for startAsFollower
2023-06-02 05:15:31,854 [87f06f2d-f73a-4ca4-bc8e-5aedfa582ec7-groupManagement] INFO  impl.RoleInfo (RoleInfo.java:updateAndGet(139)) - 87f06f2d-f73a-4ca4-bc8e-5aedfa582ec7: start 87f06f2d-f73a-4ca4-bc8e-5aedfa582ec7@group-B501B03E598F-FollowerState
2023-06-02 05:15:31,854 [87f06f2d-f73a-4ca4-bc8e-5aedfa582ec7-groupManagement] INFO  util.JmxRegister (JmxRegister.java:tryRegister(44)) - Successfully registered JMX Bean with object name Ratis:service=RaftServer,group=group-B501B03E598F,id=87f06f2d-f73a-4ca4-bc8e-5aedfa582ec7
2023-06-02 05:15:31,854 [87f06f2d-f73a-4ca4-bc8e-5aedfa582ec7-groupManagement] INFO  server.RaftServerConfigKeys (ConfUtils.java:logGet(46)) - raft.server.snapshot.auto.trigger.enabled = true (custom)
2023-06-02 05:15:31,854 [87f06f2d-f73a-4ca4-bc8e-5aedfa582ec7-groupManagement] INFO  server.RaftServerConfigKeys (ConfUtils.java:logGet(46)) - raft.server.snapshot.auto.trigger.threshold = 10000 (custom)
2023-06-02 05:15:31,854 [87f06f2d-f73a-4ca4-bc8e-5aedfa582ec7-groupManagement] INFO  server.RaftServerConfigKeys (ConfUtils.java:logGet(46)) - raft.server.snapshot.retention.file.num = 5 (custom)
2023-06-02 05:15:31,854 [87f06f2d-f73a-4ca4-bc8e-5aedfa582ec7-groupManagement] INFO  server.RaftServerConfigKeys (ConfUtils.java:logGet(46)) - raft.server.log.purge.upto.snapshot.index = false (default)
2023-06-02 05:15:31,856 [87f06f2d-f73a-4ca4-bc8e-5aedfa582ec7@group-B501B03E598F-FollowerState] INFO  server.RaftServerConfigKeys (ConfUtils.java:logFallback(53)) - raft.server.rpc.first-election.timeout.min = 5s (fallback to raft.server.rpc.timeout.min)
2023-06-02 05:15:31,856 [87f06f2d-f73a-4ca4-bc8e-5aedfa582ec7@group-B501B03E598F-FollowerState] INFO  server.RaftServerConfigKeys (ConfUtils.java:logFallback(53)) - raft.server.rpc.first-election.timeout.max = 5200ms (fallback to raft.server.rpc.timeout.max)
2023-06-02 05:15:31,856 [PipelineCommandHandlerThread-0] INFO  ratis.XceiverServerRatis (XceiverServerRatis.java:addGroup(804)) - Created group PipelineID=19897db9-73df-4686-9b87-b501b03e598f
2023-06-02 05:15:31,873 [grpc-default-executor-1] INFO  server.RaftServer (RaftServerProxy.java:addNew(98)) - 638bdbe3-f7a3-4715-ad07-0d6e98de3b67: addNew group-B501B03E598F:[638bdbe3-f7a3-4715-ad07-0d6e98de3b67|rpc:10.1.74.1:15077|admin:10.1.74.1:15076|client:10.1.74.1:15075|dataStream:10.1.74.1:15078|priority:1|startupRole:FOLLOWER, 70b3c7ea-e7eb-4f75-8ddc-1173fec1a2ac|rpc:10.1.74.1:15086|admin:10.1.74.1:15085|client:10.1.74.1:15084|dataStream:10.1.74.1:15087|priority:0|startupRole:FOLLOWER, 87f06f2d-f73a-4ca4-bc8e-5aedfa582ec7|rpc:10.1.74.1:15068|admin:10.1.74.1:15067|client:10.1.74.1:15066|dataStream:10.1.74.1:15069|priority:0|startupRole:FOLLOWER] returns group-B501B03E598F:java.util.concurrent.CompletableFuture@22be34e2[Not completed]
2023-06-02 05:15:31,875 [638bdbe3-f7a3-4715-ad07-0d6e98de3b67-groupManagement] INFO  server.RaftServer$Division (RaftServerImpl.java:<init>(198)) - 638bdbe3-f7a3-4715-ad07-0d6e98de3b67: new RaftServerImpl for group-B501B03E598F:[638bdbe3-f7a3-4715-ad07-0d6e98de3b67|rpc:10.1.74.1:15077|admin:10.1.74.1:15076|client:10.1.74.1:15075|dataStream:10.1.74.1:15078|priority:1|startupRole:FOLLOWER, 70b3c7ea-e7eb-4f75-8ddc-1173fec1a2ac|rpc:10.1.74.1:15086|admin:10.1.74.1:15085|client:10.1.74.1:15084|dataStream:10.1.74.1:15087|priority:0|startupRole:FOLLOWER, 87f06f2d-f73a-4ca4-bc8e-5aedfa582ec7|rpc:10.1.74.1:15068|admin:10.1.74.1:15067|client:10.1.74.1:15066|dataStream:10.1.74.1:15069|priority:0|startupRole:FOLLOWER] with ContainerStateMachine:uninitialized
2023-06-02 05:15:31,875 [638bdbe3-f7a3-4715-ad07-0d6e98de3b67-groupManagement] INFO  server.RaftServerConfigKeys (ConfUtils.java:logGet(46)) - raft.server.rpc.timeout.min = 5s (custom)
2023-06-02 05:15:31,875 [638bdbe3-f7a3-4715-ad07-0d6e98de3b67-groupManagement] INFO  server.RaftServerConfigKeys (ConfUtils.java:logGet(46)) - raft.server.rpc.timeout.max = 5200ms (custom)
2023-06-02 05:15:31,875 [638bdbe3-f7a3-4715-ad07-0d6e98de3b67-groupManagement] INFO  server.RaftServerConfigKeys (ConfUtils.java:logGet(46)) - raft.server.rpc.sleep.time = 25ms (default)
2023-06-02 05:15:31,875 [638bdbe3-f7a3-4715-ad07-0d6e98de3b67-groupManagement] INFO  server.RaftServerConfigKeys (ConfUtils.java:logGet(46)) - raft.server.rpc.slowness.timeout = 300s (custom)
2023-06-02 05:15:31,875 [638bdbe3-f7a3-4715-ad07-0d6e98de3b67-groupManagement] INFO  server.RaftServerConfigKeys (ConfUtils.java:logGet(46)) - raft.server.leaderelection.leader.step-down.wait-time = 10s (default)
2023-06-02 05:15:31,875 [638bdbe3-f7a3-4715-ad07-0d6e98de3b67-groupManagement] INFO  server.RaftServerConfigKeys (ConfUtils.java:logGet(46)) - raft.server.sleep.deviation.threshold = 300ms (default)
2023-06-02 05:15:31,875 [638bdbe3-f7a3-4715-ad07-0d6e98de3b67-groupManagement] INFO  server.RaftServer$Division (ServerState.java:<init>(120)) - 638bdbe3-f7a3-4715-ad07-0d6e98de3b67@group-B501B03E598F: ConfigurationManager, init=-1: peers:[638bdbe3-f7a3-4715-ad07-0d6e98de3b67|rpc:10.1.74.1:15077|admin:10.1.74.1:15076|client:10.1.74.1:15075|dataStream:10.1.74.1:15078|priority:1|startupRole:FOLLOWER, 70b3c7ea-e7eb-4f75-8ddc-1173fec1a2ac|rpc:10.1.74.1:15086|admin:10.1.74.1:15085|client:10.1.74.1:15084|dataStream:10.1.74.1:15087|priority:0|startupRole:FOLLOWER, 87f06f2d-f73a-4ca4-bc8e-5aedfa582ec7|rpc:10.1.74.1:15068|admin:10.1.74.1:15067|client:10.1.74.1:15066|dataStream:10.1.74.1:15069|priority:0|startupRole:FOLLOWER]|listeners:[], old=null, confs=<EMPTY_MAP>
2023-06-02 05:15:31,875 [638bdbe3-f7a3-4715-ad07-0d6e98de3b67-groupManagement] INFO  server.RaftServerConfigKeys (ConfUtils.java:logGet(46)) - raft.server.storage.dir = [/home/runner/work/ozone/ozone/hadoop-ozone/integration-test/target/test-dir/MiniOzoneClusterImpl-4e6c5432-da36-405d-b7f1-05871ead9573/datanode-7/data/ratis] (custom)
2023-06-02 05:15:31,876 [638bdbe3-f7a3-4715-ad07-0d6e98de3b67-groupManagement] INFO  server.RaftServerConfigKeys (ConfUtils.java:logGet(46)) - raft.server.log.corruption.policy = EXCEPTION (default)
2023-06-02 05:15:31,876 [638bdbe3-f7a3-4715-ad07-0d6e98de3b67-groupManagement] INFO  server.RaftServerConfigKeys (ConfUtils.java:logGet(46)) - raft.server.storage.free-space.min = 0MB (=0) (default)
2023-06-02 05:15:31,876 [638bdbe3-f7a3-4715-ad07-0d6e98de3b67-groupManagement] INFO  server.RaftServerConfigKeys (ConfUtils.java:logGet(46)) - raft.server.notification.no-leader.timeout = 300s (custom)
2023-06-02 05:15:31,876 [638bdbe3-f7a3-4715-ad07-0d6e98de3b67-groupManagement] INFO  server.RaftServerConfigKeys (ConfUtils.java:logGet(46)) - raft.server.read.timeout = 10s (default)
2023-06-02 05:15:31,876 [638bdbe3-f7a3-4715-ad07-0d6e98de3b67-groupManagement] INFO  server.RaftServerConfigKeys (ConfUtils.java:logGet(46)) - raft.server.retrycache.expirytime = 600000ms (custom)
2023-06-02 05:15:31,876 [638bdbe3-f7a3-4715-ad07-0d6e98de3b67-groupManagement] INFO  server.RaftServerConfigKeys (ConfUtils.java:logGet(46)) - raft.server.retrycache.statistics.expirytime = 100μs (default)
2023-06-02 05:15:31,876 [638bdbe3-f7a3-4715-ad07-0d6e98de3b67-groupManagement] INFO  server.RaftServerConfigKeys (ConfUtils.java:logGet(46)) - raft.server.read.option = DEFAULT (default)
2023-06-02 05:15:31,877 [638bdbe3-f7a3-4715-ad07-0d6e98de3b67-groupManagement] INFO  server.RaftServerConfigKeys (ConfUtils.java:logGet(46)) - raft.server.rpc.request.timeout = 60s (custom)
2023-06-02 05:15:31,878 [638bdbe3-f7a3-4715-ad07-0d6e98de3b67-groupManagement] INFO  server.RaftServerConfigKeys (ConfUtils.java:logGet(46)) - raft.server.log.appender.install.snapshot.enabled = false (custom)
2023-06-02 05:15:31,878 [638bdbe3-f7a3-4715-ad07-0d6e98de3b67-groupManagement] INFO  server.RaftServerConfigKeys (ConfUtils.java:logGet(46)) - raft.server.threadpool.server.cached = true (default)
2023-06-02 05:15:31,878 [638bdbe3-f7a3-4715-ad07-0d6e98de3b67-groupManagement] INFO  server.RaftServerConfigKeys (ConfUtils.java:logGet(46)) - raft.server.threadpool.server.size = 0 (default)
2023-06-02 05:15:31,878 [638bdbe3-f7a3-4715-ad07-0d6e98de3b67-groupManagement] INFO  server.RaftServerConfigKeys (ConfUtils.java:logGet(46)) - raft.server.threadpool.client.cached = true (default)
2023-06-02 05:15:31,878 [638bdbe3-f7a3-4715-ad07-0d6e98de3b67-groupManagement] INFO  server.RaftServerConfigKeys (ConfUtils.java:logGet(46)) - raft.server.threadpool.client.size = 0 (default)
2023-06-02 05:15:31,878 [638bdbe3-f7a3-4715-ad07-0d6e98de3b67-groupManagement] INFO  storage.RaftStorageDirectory (RaftStorageDirectoryImpl.java:analyzeStorage(137)) - The storage directory /home/runner/work/ozone/ozone/hadoop-ozone/integration-test/target/test-dir/MiniOzoneClusterImpl-4e6c5432-da36-405d-b7f1-05871ead9573/datanode-7/data/ratis/19897db9-73df-4686-9b87-b501b03e598f does not exist. Creating ...
2023-06-02 05:15:31,880 [638bdbe3-f7a3-4715-ad07-0d6e98de3b67-groupManagement] INFO  storage.RaftStorageDirectory (RaftStorageDirectoryImpl.java:tryLock(231)) - Lock on /home/runner/work/ozone/ozone/hadoop-ozone/integration-test/target/test-dir/MiniOzoneClusterImpl-4e6c5432-da36-405d-b7f1-05871ead9573/datanode-7/data/ratis/19897db9-73df-4686-9b87-b501b03e598f/in_use.lock acquired by nodename 65026@fv-az628-647
2023-06-02 05:15:31,883 [638bdbe3-f7a3-4715-ad07-0d6e98de3b67-groupManagement] INFO  storage.RaftStorage (RaftStorageImpl.java:format(96)) - Storage directory /home/runner/work/ozone/ozone/hadoop-ozone/integration-test/target/test-dir/MiniOzoneClusterImpl-4e6c5432-da36-405d-b7f1-05871ead9573/datanode-7/data/ratis/19897db9-73df-4686-9b87-b501b03e598f has been successfully formatted.
2023-06-02 05:15:31,884 [638bdbe3-f7a3-4715-ad07-0d6e98de3b67-groupManagement] INFO  ratis.ContainerStateMachine (ContainerStateMachine.java:loadSnapshot(262)) - group-B501B03E598F: The snapshot info is null. Setting the last applied indexto:(t:0, i:~)
2023-06-02 05:15:31,885 [638bdbe3-f7a3-4715-ad07-0d6e98de3b67-groupManagement] INFO  server.RaftServerConfigKeys (ConfUtils.java:logGet(46)) - raft.server.log.use.memory = false (default)
2023-06-02 05:15:31,885 [638bdbe3-f7a3-4715-ad07-0d6e98de3b67-groupManagement] INFO  server.RaftServerConfigKeys (ConfUtils.java:logGet(46)) - raft.server.log.purge.gap = 1000000 (custom)
2023-06-02 05:15:31,885 [638bdbe3-f7a3-4715-ad07-0d6e98de3b67-groupManagement] INFO  server.RaftServerConfigKeys (ConfUtils.java:logGet(46)) - raft.server.log.appender.buffer.byte-limit = 33554432 (custom)
2023-06-02 05:15:31,885 [638bdbe3-f7a3-4715-ad07-0d6e98de3b67-groupManagement] INFO  server.RaftServerConfigKeys (ConfUtils.java:logGet(46)) - raft.server.log.statemachine.data.read.timeout = 1000ms (default)
2023-06-02 05:15:31,885 [638bdbe3-f7a3-4715-ad07-0d6e98de3b67-groupManagement] INFO  server.RaftServerConfigKeys (ConfUtils.java:logGet(46)) - raft.server.log.purge.preservation.log.num = 0 (default)
2023-06-02 05:15:31,885 [638bdbe3-f7a3-4715-ad07-0d6e98de3b67-groupManagement] INFO  server.RaftServerConfigKeys (ConfUtils.java:logGet(46)) - raft.server.log.segment.size.max = 1048576 (custom)
2023-06-02 05:15:31,886 [638bdbe3-f7a3-4715-ad07-0d6e98de3b67-groupManagement] INFO  server.RaftServerConfigKeys (ConfUtils.java:logGet(46)) - raft.server.log.segment.cache.num.max = 2 (custom)
2023-06-02 05:15:31,886 [638bdbe3-f7a3-4715-ad07-0d6e98de3b67-groupManagement] INFO  server.RaftServerConfigKeys (ConfUtils.java:logGet(46)) - raft.server.log.segment.cache.size.max = 200MB (=209715200) (default)
2023-06-02 05:15:31,886 [638bdbe3-f7a3-4715-ad07-0d6e98de3b67-groupManagement] INFO  server.RaftServerConfigKeys (ConfUtils.java:logGet(46)) - raft.server.log.appender.buffer.byte-limit = 33554432 (custom)
2023-06-02 05:15:31,886 [638bdbe3-f7a3-4715-ad07-0d6e98de3b67-groupManagement] INFO  segmented.SegmentedRaftLogWorker (SegmentedRaftLogWorker.java:<init>(188)) - new 638bdbe3-f7a3-4715-ad07-0d6e98de3b67@group-B501B03E598F-SegmentedRaftLogWorker for RaftStorageImpl:Storage Directory /home/runner/work/ozone/ozone/hadoop-ozone/integration-test/target/test-dir/MiniOzoneClusterImpl-4e6c5432-da36-405d-b7f1-05871ead9573/datanode-7/data/ratis/19897db9-73df-4686-9b87-b501b03e598f
2023-06-02 05:15:31,886 [638bdbe3-f7a3-4715-ad07-0d6e98de3b67-groupManagement] INFO  server.RaftServerConfigKeys (ConfUtils.java:logGet(46)) - raft.server.log.queue.byte-limit = 4294967296 (custom)
2023-06-02 05:15:31,886 [638bdbe3-f7a3-4715-ad07-0d6e98de3b67-groupManagement] INFO  server.RaftServerConfigKeys (ConfUtils.java:logGet(46)) - raft.server.log.queue.element-limit = 1024 (custom)
2023-06-02 05:15:31,886 [638bdbe3-f7a3-4715-ad07-0d6e98de3b67-groupManagement] INFO  server.RaftServerConfigKeys (ConfUtils.java:logGet(46)) - raft.server.log.segment.size.max = 1048576 (custom)
2023-06-02 05:15:31,886 [638bdbe3-f7a3-4715-ad07-0d6e98de3b67-groupManagement] INFO  server.RaftServerConfigKeys (ConfUtils.java:logGet(46)) - raft.server.log.preallocated.size = 16384 (custom)
2023-06-02 05:15:31,886 [638bdbe3-f7a3-4715-ad07-0d6e98de3b67-groupManagement] INFO  server.RaftServerConfigKeys (ConfUtils.java:logGet(46)) - raft.server.log.force.sync.num = 128 (default)
2023-06-02 05:15:31,886 [638bdbe3-f7a3-4715-ad07-0d6e98de3b67-groupManagement] INFO  server.RaftServerConfigKeys (ConfUtils.java:logGet(46)) - raft.server.log.statemachine.data.sync = true (default)
2023-06-02 05:15:31,887 [638bdbe3-f7a3-4715-ad07-0d6e98de3b67-groupManagement] INFO  server.RaftServerConfigKeys (ConfUtils.java:logGet(46)) - raft.server.log.statemachine.data.sync.timeout = 10s (default)
2023-06-02 05:15:31,887 [638bdbe3-f7a3-4715-ad07-0d6e98de3b67-groupManagement] INFO  server.RaftServerConfigKeys (ConfUtils.java:logGet(46)) - raft.server.log.statemachine.data.sync.timeout.retry = -1 (default)
2023-06-02 05:15:31,888 [638bdbe3-f7a3-4715-ad07-0d6e98de3b67-groupManagement] INFO  server.RaftServerConfigKeys (ConfUtils.java:logGet(46)) - raft.server.log.write.buffer.size = 1048576 (custom)
2023-06-02 05:15:31,890 [638bdbe3-f7a3-4715-ad07-0d6e98de3b67-groupManagement] INFO  server.RaftServerConfigKeys (ConfUtils.java:logGet(46)) - raft.server.log.appender.buffer.byte-limit = 33554432 (custom)
2023-06-02 05:15:31,899 [638bdbe3-f7a3-4715-ad07-0d6e98de3b67-groupManagement] INFO  server.RaftServerConfigKeys (ConfUtils.java:logGet(46)) - raft.server.log.unsafe-flush.enabled = false (default)
2023-06-02 05:15:31,899 [638bdbe3-f7a3-4715-ad07-0d6e98de3b67-groupManagement] INFO  server.RaftServerConfigKeys (ConfUtils.java:logGet(46)) - raft.server.log.async-flush.enabled = false (default)
2023-06-02 05:15:31,899 [638bdbe3-f7a3-4715-ad07-0d6e98de3b67-groupManagement] INFO  server.RaftServerConfigKeys (ConfUtils.java:logGet(46)) - raft.server.log.statemachine.data.caching.enabled = true (custom)
2023-06-02 05:15:31,899 [638bdbe3-f7a3-4715-ad07-0d6e98de3b67-groupManagement] INFO  segmented.SegmentedRaftLogWorker (SegmentedRaftLogWorker.java:lambda$new$0(135)) - 638bdbe3-f7a3-4715-ad07-0d6e98de3b67@group-B501B03E598F-SegmentedRaftLogWorker: flushIndex: setUnconditionally 0 -> -1
2023-06-02 05:15:31,899 [638bdbe3-f7a3-4715-ad07-0d6e98de3b67-groupManagement] INFO  segmented.SegmentedRaftLogWorker (SegmentedRaftLogWorker.java:lambda$new$0(135)) - 638bdbe3-f7a3-4715-ad07-0d6e98de3b67@group-B501B03E598F-SegmentedRaftLogWorker: safeCacheEvictIndex: setUnconditionally 0 -> -1
2023-06-02 05:15:31,900 [638bdbe3-f7a3-4715-ad07-0d6e98de3b67-groupManagement] INFO  server.RaftServer$Division (RaftServerImpl.java:start(342)) - 638bdbe3-f7a3-4715-ad07-0d6e98de3b67@group-B501B03E598F: start as a follower, conf=-1: peers:[638bdbe3-f7a3-4715-ad07-0d6e98de3b67|rpc:10.1.74.1:15077|admin:10.1.74.1:15076|client:10.1.74.1:15075|dataStream:10.1.74.1:15078|priority:1|startupRole:FOLLOWER, 70b3c7ea-e7eb-4f75-8ddc-1173fec1a2ac|rpc:10.1.74.1:15086|admin:10.1.74.1:15085|client:10.1.74.1:15084|dataStream:10.1.74.1:15087|priority:0|startupRole:FOLLOWER, 87f06f2d-f73a-4ca4-bc8e-5aedfa582ec7|rpc:10.1.74.1:15068|admin:10.1.74.1:15067|client:10.1.74.1:15066|dataStream:10.1.74.1:15069|priority:0|startupRole:FOLLOWER]|listeners:[], old=null
2023-06-02 05:15:31,900 [638bdbe3-f7a3-4715-ad07-0d6e98de3b67-groupManagement] INFO  server.RaftServer$Division (RaftServerImpl.java:setRole(329)) - 638bdbe3-f7a3-4715-ad07-0d6e98de3b67@group-B501B03E598F: changes role from      null to FOLLOWER at term 0 for startAsFollower
2023-06-02 05:15:31,900 [638bdbe3-f7a3-4715-ad07-0d6e98de3b67-groupManagement] INFO  impl.RoleInfo (RoleInfo.java:updateAndGet(139)) - 638bdbe3-f7a3-4715-ad07-0d6e98de3b67: start 638bdbe3-f7a3-4715-ad07-0d6e98de3b67@group-B501B03E598F-FollowerState
2023-06-02 05:15:31,901 [638bdbe3-f7a3-4715-ad07-0d6e98de3b67-groupManagement] INFO  util.JmxRegister (JmxRegister.java:tryRegister(44)) - Successfully registered JMX Bean with object name Ratis:service=RaftServer,group=group-B501B03E598F,id=638bdbe3-f7a3-4715-ad07-0d6e98de3b67
2023-06-02 05:15:31,901 [638bdbe3-f7a3-4715-ad07-0d6e98de3b67-groupManagement] INFO  server.RaftServerConfigKeys (ConfUtils.java:logGet(46)) - raft.server.snapshot.auto.trigger.enabled = true (custom)
2023-06-02 05:15:31,901 [638bdbe3-f7a3-4715-ad07-0d6e98de3b67-groupManagement] INFO  server.RaftServerConfigKeys (ConfUtils.java:logGet(46)) - raft.server.snapshot.auto.trigger.threshold = 10000 (custom)
2023-06-02 05:15:31,901 [638bdbe3-f7a3-4715-ad07-0d6e98de3b67-groupManagement] INFO  server.RaftServerConfigKeys (ConfUtils.java:logGet(46)) - raft.server.snapshot.retention.file.num = 5 (custom)
2023-06-02 05:15:31,901 [638bdbe3-f7a3-4715-ad07-0d6e98de3b67-groupManagement] INFO  server.RaftServerConfigKeys (ConfUtils.java:logGet(46)) - raft.server.log.purge.upto.snapshot.index = false (default)
2023-06-02 05:15:31,902 [638bdbe3-f7a3-4715-ad07-0d6e98de3b67@group-B501B03E598F-FollowerState] INFO  server.RaftServerConfigKeys (ConfUtils.java:logFallback(53)) - raft.server.rpc.first-election.timeout.min = 5s (fallback to raft.server.rpc.timeout.min)
2023-06-02 05:15:31,902 [638bdbe3-f7a3-4715-ad07-0d6e98de3b67@group-B501B03E598F-FollowerState] INFO  server.RaftServerConfigKeys (ConfUtils.java:logFallback(53)) - raft.server.rpc.first-election.timeout.max = 5200ms (fallback to raft.server.rpc.timeout.max)
2023-06-02 05:15:31,933 [638bdbe3-f7a3-4715-ad07-0d6e98de3b67-groupManagement] INFO  server.RaftServer$Division (RaftServerImpl.java:<init>(198)) - 638bdbe3-f7a3-4715-ad07-0d6e98de3b67: new RaftServerImpl for group-C8F3BC738863:[638bdbe3-f7a3-4715-ad07-0d6e98de3b67|rpc:10.1.74.1:15077|admin:10.1.74.1:15076|client:10.1.74.1:15075|dataStream:10.1.74.1:15078|priority:1|startupRole:FOLLOWER] with ContainerStateMachine:uninitialized
2023-06-02 05:15:31,933 [638bdbe3-f7a3-4715-ad07-0d6e98de3b67-groupManagement] INFO  server.RaftServerConfigKeys (ConfUtils.java:logGet(46)) - raft.server.rpc.timeout.min = 5s (custom)
2023-06-02 05:15:31,933 [638bdbe3-f7a3-4715-ad07-0d6e98de3b67-groupManagement] INFO  server.RaftServerConfigKeys (ConfUtils.java:logGet(46)) - raft.server.rpc.timeout.max = 5200ms (custom)
2023-06-02 05:15:31,933 [638bdbe3-f7a3-4715-ad07-0d6e98de3b67-groupManagement] INFO  server.RaftServerConfigKeys (ConfUtils.java:logGet(46)) - raft.server.rpc.sleep.time = 25ms (default)
2023-06-02 05:15:31,933 [638bdbe3-f7a3-4715-ad07-0d6e98de3b67-groupManagement] INFO  server.RaftServerConfigKeys (ConfUtils.java:logGet(46)) - raft.server.rpc.slowness.timeout = 300s (custom)
2023-06-02 05:15:31,934 [grpc-default-executor-1] INFO  server.RaftServer (RaftServerProxy.java:addNew(98)) - 70b3c7ea-e7eb-4f75-8ddc-1173fec1a2ac: addNew group-B501B03E598F:[638bdbe3-f7a3-4715-ad07-0d6e98de3b67|rpc:10.1.74.1:15077|admin:10.1.74.1:15076|client:10.1.74.1:15075|dataStream:10.1.74.1:15078|priority:1|startupRole:FOLLOWER, 70b3c7ea-e7eb-4f75-8ddc-1173fec1a2ac|rpc:10.1.74.1:15086|admin:10.1.74.1:15085|client:10.1.74.1:15084|dataStream:10.1.74.1:15087|priority:0|startupRole:FOLLOWER, 87f06f2d-f73a-4ca4-bc8e-5aedfa582ec7|rpc:10.1.74.1:15068|admin:10.1.74.1:15067|client:10.1.74.1:15066|dataStream:10.1.74.1:15069|priority:0|startupRole:FOLLOWER] returns group-B501B03E598F:java.util.concurrent.CompletableFuture@57b71e65[Not completed]
2023-06-02 05:15:31,934 [638bdbe3-f7a3-4715-ad07-0d6e98de3b67-groupManagement] INFO  server.RaftServerConfigKeys (ConfUtils.java:logGet(46)) - raft.server.leaderelection.leader.step-down.wait-time = 10s (default)
2023-06-02 05:15:31,934 [638bdbe3-f7a3-4715-ad07-0d6e98de3b67-groupManagement] INFO  server.RaftServerConfigKeys (ConfUtils.java:logGet(46)) - raft.server.sleep.deviation.threshold = 300ms (default)
2023-06-02 05:15:31,935 [638bdbe3-f7a3-4715-ad07-0d6e98de3b67-groupManagement] INFO  server.RaftServer$Division (ServerState.java:<init>(120)) - 638bdbe3-f7a3-4715-ad07-0d6e98de3b67@group-C8F3BC738863: ConfigurationManager, init=-1: peers:[638bdbe3-f7a3-4715-ad07-0d6e98de3b67|rpc:10.1.74.1:15077|admin:10.1.74.1:15076|client:10.1.74.1:15075|dataStream:10.1.74.1:15078|priority:1|startupRole:FOLLOWER]|listeners:[], old=null, confs=<EMPTY_MAP>
2023-06-02 05:15:31,935 [638bdbe3-f7a3-4715-ad07-0d6e98de3b67-groupManagement] INFO  server.RaftServerConfigKeys (ConfUtils.java:logGet(46)) - raft.server.storage.dir = [/home/runner/work/ozone/ozone/hadoop-ozone/integration-test/target/test-dir/MiniOzoneClusterImpl-4e6c5432-da36-405d-b7f1-05871ead9573/datanode-7/data/ratis] (custom)
2023-06-02 05:15:31,935 [638bdbe3-f7a3-4715-ad07-0d6e98de3b67-groupManagement] INFO  server.RaftServerConfigKeys (ConfUtils.java:logGet(46)) - raft.server.log.corruption.policy = EXCEPTION (default)
2023-06-02 05:15:31,935 [638bdbe3-f7a3-4715-ad07-0d6e98de3b67-groupManagement] INFO  server.RaftServerConfigKeys (ConfUtils.java:logGet(46)) - raft.server.storage.free-space.min = 0MB (=0) (default)
2023-06-02 05:15:31,935 [70b3c7ea-e7eb-4f75-8ddc-1173fec1a2ac-groupManagement] INFO  server.RaftServer$Division (RaftServerImpl.java:<init>(198)) - 70b3c7ea-e7eb-4f75-8ddc-1173fec1a2ac: new RaftServerImpl for group-B501B03E598F:[638bdbe3-f7a3-4715-ad07-0d6e98de3b67|rpc:10.1.74.1:15077|admin:10.1.74.1:15076|client:10.1.74.1:15075|dataStream:10.1.74.1:15078|priority:1|startupRole:FOLLOWER, 70b3c7ea-e7eb-4f75-8ddc-1173fec1a2ac|rpc:10.1.74.1:15086|admin:10.1.74.1:15085|client:10.1.74.1:15084|dataStream:10.1.74.1:15087|priority:0|startupRole:FOLLOWER, 87f06f2d-f73a-4ca4-bc8e-5aedfa582ec7|rpc:10.1.74.1:15068|admin:10.1.74.1:15067|client:10.1.74.1:15066|dataStream:10.1.74.1:15069|priority:0|startupRole:FOLLOWER] with ContainerStateMachine:uninitialized
2023-06-02 05:15:31,935 [638bdbe3-f7a3-4715-ad07-0d6e98de3b67-groupManagement] INFO  server.RaftServerConfigKeys (ConfUtils.java:logGet(46)) - raft.server.notification.no-leader.timeout = 300s (custom)
2023-06-02 05:15:31,935 [638bdbe3-f7a3-4715-ad07-0d6e98de3b67-groupManagement] INFO  server.RaftServerConfigKeys (ConfUtils.java:logGet(46)) - raft.server.read.timeout = 10s (default)
2023-06-02 05:15:31,935 [638bdbe3-f7a3-4715-ad07-0d6e98de3b67-groupManagement] INFO  server.RaftServerConfigKeys (ConfUtils.java:logGet(46)) - raft.server.retrycache.expirytime = 600000ms (custom)
2023-06-02 05:15:31,935 [638bdbe3-f7a3-4715-ad07-0d6e98de3b67-groupManagement] INFO  server.RaftServerConfigKeys (ConfUtils.java:logGet(46)) - raft.server.retrycache.statistics.expirytime = 100μs (default)
2023-06-02 05:15:31,936 [638bdbe3-f7a3-4715-ad07-0d6e98de3b67-groupManagement] INFO  server.RaftServerConfigKeys (ConfUtils.java:logGet(46)) - raft.server.read.option = DEFAULT (default)
2023-06-02 05:15:31,937 [638bdbe3-f7a3-4715-ad07-0d6e98de3b67-groupManagement] INFO  server.RaftServerConfigKeys (ConfUtils.java:logGet(46)) - raft.server.rpc.request.timeout = 60s (custom)
2023-06-02 05:15:31,937 [638bdbe3-f7a3-4715-ad07-0d6e98de3b67-groupManagement] INFO  server.RaftServerConfigKeys (ConfUtils.java:logGet(46)) - raft.server.log.appender.install.snapshot.enabled = false (custom)
2023-06-02 05:15:31,937 [638bdbe3-f7a3-4715-ad07-0d6e98de3b67-groupManagement] INFO  server.RaftServerConfigKeys (ConfUtils.java:logGet(46)) - raft.server.threadpool.server.cached = true (default)
2023-06-02 05:15:31,937 [638bdbe3-f7a3-4715-ad07-0d6e98de3b67-groupManagement] INFO  server.RaftServerConfigKeys (ConfUtils.java:logGet(46)) - raft.server.threadpool.server.size = 0 (default)
2023-06-02 05:15:31,937 [638bdbe3-f7a3-4715-ad07-0d6e98de3b67-groupManagement] INFO  server.RaftServerConfigKeys (ConfUtils.java:logGet(46)) - raft.server.threadpool.client.cached = true (default)
2023-06-02 05:15:31,937 [638bdbe3-f7a3-4715-ad07-0d6e98de3b67-groupManagement] INFO  server.RaftServerConfigKeys (ConfUtils.java:logGet(46)) - raft.server.threadpool.client.size = 0 (default)
2023-06-02 05:15:31,935 [70b3c7ea-e7eb-4f75-8ddc-1173fec1a2ac-groupManagement] INFO  server.RaftServerConfigKeys (ConfUtils.java:logGet(46)) - raft.server.rpc.timeout.min = 5s (custom)
2023-06-02 05:15:31,937 [70b3c7ea-e7eb-4f75-8ddc-1173fec1a2ac-groupManagement] INFO  server.RaftServerConfigKeys (ConfUtils.java:logGet(46)) - raft.server.rpc.timeout.max = 5200ms (custom)
2023-06-02 05:15:31,937 [70b3c7ea-e7eb-4f75-8ddc-1173fec1a2ac-groupManagement] INFO  server.RaftServerConfigKeys (ConfUtils.java:logGet(46)) - raft.server.rpc.sleep.time = 25ms (default)
2023-06-02 05:15:31,937 [70b3c7ea-e7eb-4f75-8ddc-1173fec1a2ac-groupManagement] INFO  server.RaftServerConfigKeys (ConfUtils.java:logGet(46)) - raft.server.rpc.slowness.timeout = 300s (custom)
2023-06-02 05:15:31,937 [70b3c7ea-e7eb-4f75-8ddc-1173fec1a2ac-groupManagement] INFO  server.RaftServerConfigKeys (ConfUtils.java:logGet(46)) - raft.server.leaderelection.leader.step-down.wait-time = 10s (default)
2023-06-02 05:15:31,938 [70b3c7ea-e7eb-4f75-8ddc-1173fec1a2ac-groupManagement] INFO  server.RaftServerConfigKeys (ConfUtils.java:logGet(46)) - raft.server.sleep.deviation.threshold = 300ms (default)
2023-06-02 05:15:31,938 [70b3c7ea-e7eb-4f75-8ddc-1173fec1a2ac-groupManagement] INFO  server.RaftServer$Division (ServerState.java:<init>(120)) - 70b3c7ea-e7eb-4f75-8ddc-1173fec1a2ac@group-B501B03E598F: ConfigurationManager, init=-1: peers:[638bdbe3-f7a3-4715-ad07-0d6e98de3b67|rpc:10.1.74.1:15077|admin:10.1.74.1:15076|client:10.1.74.1:15075|dataStream:10.1.74.1:15078|priority:1|startupRole:FOLLOWER, 70b3c7ea-e7eb-4f75-8ddc-1173fec1a2ac|rpc:10.1.74.1:15086|admin:10.1.74.1:15085|client:10.1.74.1:15084|dataStream:10.1.74.1:15087|priority:0|startupRole:FOLLOWER, 87f06f2d-f73a-4ca4-bc8e-5aedfa582ec7|rpc:10.1.74.1:15068|admin:10.1.74.1:15067|client:10.1.74.1:15066|dataStream:10.1.74.1:15069|priority:0|startupRole:FOLLOWER]|listeners:[], old=null, confs=<EMPTY_MAP>
2023-06-02 05:15:31,938 [70b3c7ea-e7eb-4f75-8ddc-1173fec1a2ac-groupManagement] INFO  server.RaftServerConfigKeys (ConfUtils.java:logGet(46)) - raft.server.storage.dir = [/home/runner/work/ozone/ozone/hadoop-ozone/integration-test/target/test-dir/MiniOzoneClusterImpl-4e6c5432-da36-405d-b7f1-05871ead9573/datanode-8/data/ratis] (custom)
2023-06-02 05:15:31,938 [70b3c7ea-e7eb-4f75-8ddc-1173fec1a2ac-groupManagement] INFO  server.RaftServerConfigKeys (ConfUtils.java:logGet(46)) - raft.server.log.corruption.policy = EXCEPTION (default)
2023-06-02 05:15:31,938 [70b3c7ea-e7eb-4f75-8ddc-1173fec1a2ac-groupManagement] INFO  server.RaftServerConfigKeys (ConfUtils.java:logGet(46)) - raft.server.storage.free-space.min = 0MB (=0) (default)
2023-06-02 05:15:31,938 [70b3c7ea-e7eb-4f75-8ddc-1173fec1a2ac-groupManagement] INFO  server.RaftServerConfigKeys (ConfUtils.java:logGet(46)) - raft.server.notification.no-leader.timeout = 300s (custom)
2023-06-02 05:15:31,938 [70b3c7ea-e7eb-4f75-8ddc-1173fec1a2ac-groupManagement] INFO  server.RaftServerConfigKeys (ConfUtils.java:logGet(46)) - raft.server.read.timeout = 10s (default)
2023-06-02 05:15:31,938 [70b3c7ea-e7eb-4f75-8ddc-1173fec1a2ac-groupManagement] INFO  server.RaftServerConfigKeys (ConfUtils.java:logGet(46)) - raft.server.retrycache.expirytime = 600000ms (custom)
2023-06-02 05:15:31,938 [70b3c7ea-e7eb-4f75-8ddc-1173fec1a2ac-groupManagement] INFO  server.RaftServerConfigKeys (ConfUtils.java:logGet(46)) - raft.server.retrycache.statistics.expirytime = 100μs (default)
2023-06-02 05:15:31,938 [70b3c7ea-e7eb-4f75-8ddc-1173fec1a2ac-groupManagement] INFO  server.RaftServerConfigKeys (ConfUtils.java:logGet(46)) - raft.server.read.option = DEFAULT (default)
2023-06-02 05:15:31,940 [70b3c7ea-e7eb-4f75-8ddc-1173fec1a2ac-groupManagement] INFO  server.RaftServerConfigKeys (ConfUtils.java:logGet(46)) - raft.server.rpc.request.timeout = 60s (custom)
2023-06-02 05:15:31,940 [70b3c7ea-e7eb-4f75-8ddc-1173fec1a2ac-groupManagement] INFO  server.RaftServerConfigKeys (ConfUtils.java:logGet(46)) - raft.server.log.appender.install.snapshot.enabled = false (custom)
2023-06-02 05:15:31,940 [70b3c7ea-e7eb-4f75-8ddc-1173fec1a2ac-groupManagement] INFO  server.RaftServerConfigKeys (ConfUtils.java:logGet(46)) - raft.server.threadpool.server.cached = true (default)
2023-06-02 05:15:31,940 [70b3c7ea-e7eb-4f75-8ddc-1173fec1a2ac-groupManagement] INFO  server.RaftServerConfigKeys (ConfUtils.java:logGet(46)) - raft.server.threadpool.server.size = 0 (default)
2023-06-02 05:15:31,940 [70b3c7ea-e7eb-4f75-8ddc-1173fec1a2ac-groupManagement] INFO  server.RaftServerConfigKeys (ConfUtils.java:logGet(46)) - raft.server.threadpool.client.cached = true (default)
2023-06-02 05:15:31,940 [70b3c7ea-e7eb-4f75-8ddc-1173fec1a2ac-groupManagement] INFO  server.RaftServerConfigKeys (ConfUtils.java:logGet(46)) - raft.server.threadpool.client.size = 0 (default)
2023-06-02 05:15:31,940 [PipelineCommandHandlerThread-0] INFO  server.RaftServer (RaftServerProxy.java:addNew(98)) - 638bdbe3-f7a3-4715-ad07-0d6e98de3b67: addNew group-C8F3BC738863:[638bdbe3-f7a3-4715-ad07-0d6e98de3b67|rpc:10.1.74.1:15077|admin:10.1.74.1:15076|client:10.1.74.1:15075|dataStream:10.1.74.1:15078|priority:1|startupRole:FOLLOWER] returns group-C8F3BC738863:java.util.concurrent.CompletableFuture@748c8324[Not completed]
2023-06-02 05:15:31,940 [638bdbe3-f7a3-4715-ad07-0d6e98de3b67-groupManagement] INFO  storage.RaftStorageDirectory (RaftStorageDirectoryImpl.java:analyzeStorage(137)) - The storage directory /home/runner/work/ozone/ozone/hadoop-ozone/integration-test/target/test-dir/MiniOzoneClusterImpl-4e6c5432-da36-405d-b7f1-05871ead9573/datanode-7/data/ratis/cec3c559-fa66-43e9-918c-c8f3bc738863 does not exist. Creating ...
2023-06-02 05:15:31,941 [70b3c7ea-e7eb-4f75-8ddc-1173fec1a2ac-groupManagement] INFO  storage.RaftStorageDirectory (RaftStorageDirectoryImpl.java:analyzeStorage(137)) - The storage directory /home/runner/work/ozone/ozone/hadoop-ozone/integration-test/target/test-dir/MiniOzoneClusterImpl-4e6c5432-da36-405d-b7f1-05871ead9573/datanode-8/data/ratis/19897db9-73df-4686-9b87-b501b03e598f does not exist. Creating ...
2023-06-02 05:15:31,942 [638bdbe3-f7a3-4715-ad07-0d6e98de3b67-groupManagement] INFO  storage.RaftStorageDirectory (RaftStorageDirectoryImpl.java:tryLock(231)) - Lock on /home/runner/work/ozone/ozone/hadoop-ozone/integration-test/target/test-dir/MiniOzoneClusterImpl-4e6c5432-da36-405d-b7f1-05871ead9573/datanode-7/data/ratis/cec3c559-fa66-43e9-918c-c8f3bc738863/in_use.lock acquired by nodename 65026@fv-az628-647
2023-06-02 05:15:31,942 [70b3c7ea-e7eb-4f75-8ddc-1173fec1a2ac-groupManagement] INFO  storage.RaftStorageDirectory (RaftStorageDirectoryImpl.java:tryLock(231)) - Lock on /home/runner/work/ozone/ozone/hadoop-ozone/integration-test/target/test-dir/MiniOzoneClusterImpl-4e6c5432-da36-405d-b7f1-05871ead9573/datanode-8/data/ratis/19897db9-73df-4686-9b87-b501b03e598f/in_use.lock acquired by nodename 65026@fv-az628-647
2023-06-02 05:15:31,944 [638bdbe3-f7a3-4715-ad07-0d6e98de3b67-groupManagement] INFO  storage.RaftStorage (RaftStorageImpl.java:format(96)) - Storage directory /home/runner/work/ozone/ozone/hadoop-ozone/integration-test/target/test-dir/MiniOzoneClusterImpl-4e6c5432-da36-405d-b7f1-05871ead9573/datanode-7/data/ratis/cec3c559-fa66-43e9-918c-c8f3bc738863 has been successfully formatted.
2023-06-02 05:15:31,944 [70b3c7ea-e7eb-4f75-8ddc-1173fec1a2ac-groupManagement] INFO  storage.RaftStorage (RaftStorageImpl.java:format(96)) - Storage directory /home/runner/work/ozone/ozone/hadoop-ozone/integration-test/target/test-dir/MiniOzoneClusterImpl-4e6c5432-da36-405d-b7f1-05871ead9573/datanode-8/data/ratis/19897db9-73df-4686-9b87-b501b03e598f has been successfully formatted.
2023-06-02 05:15:31,947 [EventQueue-PipelineReportForPipelineReportHandler] INFO  pipeline.PipelineManagerImpl (PipelineManagerImpl.java:openPipeline(367)) - Pipeline Pipeline[ Id: cec3c559-fa66-43e9-918c-c8f3bc738863, Nodes: 638bdbe3-f7a3-4715-ad07-0d6e98de3b67(fv-az628-647/10.1.74.1), ReplicationConfig: RATIS/ONE, State:ALLOCATED, leaderId:638bdbe3-f7a3-4715-ad07-0d6e98de3b67, CreationTimestamp2023-06-02T05:15:28.947Z[Etc/UTC]] moved to OPEN state
2023-06-02 05:15:31,947 [EventQueue-OpenPipelineForHealthyPipelineSafeModeRule] INFO  safemode.SCMSafeModeManager (HealthyPipelineSafeModeRule.java:process(137)) - SCM in safe mode. Healthy pipelines reported count is 0, required healthy pipeline reported count is 1
2023-06-02 05:15:31,948 [638bdbe3-f7a3-4715-ad07-0d6e98de3b67-groupManagement] INFO  ratis.ContainerStateMachine (ContainerStateMachine.java:loadSnapshot(262)) - group-C8F3BC738863: The snapshot info is null. Setting the last applied indexto:(t:0, i:~)
2023-06-02 05:15:31,948 [638bdbe3-f7a3-4715-ad07-0d6e98de3b67-groupManagement] INFO  server.RaftServerConfigKeys (ConfUtils.java:logGet(46)) - raft.server.log.use.memory = false (default)
2023-06-02 05:15:31,948 [638bdbe3-f7a3-4715-ad07-0d6e98de3b67-groupManagement] INFO  server.RaftServerConfigKeys (ConfUtils.java:logGet(46)) - raft.server.log.purge.gap = 1000000 (custom)
2023-06-02 05:15:31,948 [638bdbe3-f7a3-4715-ad07-0d6e98de3b67-groupManagement] INFO  server.RaftServerConfigKeys (ConfUtils.java:logGet(46)) - raft.server.log.appender.buffer.byte-limit = 33554432 (custom)
2023-06-02 05:15:31,949 [638bdbe3-f7a3-4715-ad07-0d6e98de3b67-groupManagement] INFO  server.RaftServerConfigKeys (ConfUtils.java:logGet(46)) - raft.server.log.statemachine.data.read.timeout = 1000ms (default)
2023-06-02 05:15:31,949 [638bdbe3-f7a3-4715-ad07-0d6e98de3b67-groupManagement] INFO  server.RaftServerConfigKeys (ConfUtils.java:logGet(46)) - raft.server.log.purge.preservation.log.num = 0 (default)
2023-06-02 05:15:31,949 [638bdbe3-f7a3-4715-ad07-0d6e98de3b67-groupManagement] INFO  server.RaftServerConfigKeys (ConfUtils.java:logGet(46)) - raft.server.log.segment.size.max = 1048576 (custom)
2023-06-02 05:15:31,949 [638bdbe3-f7a3-4715-ad07-0d6e98de3b67-groupManagement] INFO  server.RaftServerConfigKeys (ConfUtils.java:logGet(46)) - raft.server.log.segment.cache.num.max = 2 (custom)
2023-06-02 05:15:31,949 [638bdbe3-f7a3-4715-ad07-0d6e98de3b67-groupManagement] INFO  server.RaftServerConfigKeys (ConfUtils.java:logGet(46)) - raft.server.log.segment.cache.size.max = 200MB (=209715200) (default)
2023-06-02 05:15:31,950 [638bdbe3-f7a3-4715-ad07-0d6e98de3b67-groupManagement] INFO  server.RaftServerConfigKeys (ConfUtils.java:logGet(46)) - raft.server.log.appender.buffer.byte-limit = 33554432 (custom)
2023-06-02 05:15:31,950 [638bdbe3-f7a3-4715-ad07-0d6e98de3b67-groupManagement] INFO  segmented.SegmentedRaftLogWorker (SegmentedRaftLogWorker.java:<init>(188)) - new 638bdbe3-f7a3-4715-ad07-0d6e98de3b67@group-C8F3BC738863-SegmentedRaftLogWorker for RaftStorageImpl:Storage Directory /home/runner/work/ozone/ozone/hadoop-ozone/integration-test/target/test-dir/MiniOzoneClusterImpl-4e6c5432-da36-405d-b7f1-05871ead9573/datanode-7/data/ratis/cec3c559-fa66-43e9-918c-c8f3bc738863
2023-06-02 05:15:31,950 [638bdbe3-f7a3-4715-ad07-0d6e98de3b67-groupManagement] INFO  server.RaftServerConfigKeys (ConfUtils.java:logGet(46)) - raft.server.log.queue.byte-limit = 4294967296 (custom)
2023-06-02 05:15:31,950 [638bdbe3-f7a3-4715-ad07-0d6e98de3b67-groupManagement] INFO  server.RaftServerConfigKeys (ConfUtils.java:logGet(46)) - raft.server.log.queue.element-limit = 1024 (custom)
2023-06-02 05:15:31,950 [638bdbe3-f7a3-4715-ad07-0d6e98de3b67-groupManagement] INFO  server.RaftServerConfigKeys (ConfUtils.java:logGet(46)) - raft.server.log.segment.size.max = 1048576 (custom)
2023-06-02 05:15:31,950 [638bdbe3-f7a3-4715-ad07-0d6e98de3b67-groupManagement] INFO  server.RaftServerConfigKeys (ConfUtils.java:logGet(46)) - raft.server.log.preallocated.size = 16384 (custom)
2023-06-02 05:15:31,950 [638bdbe3-f7a3-4715-ad07-0d6e98de3b67-groupManagement] INFO  server.RaftServerConfigKeys (ConfUtils.java:logGet(46)) - raft.server.log.force.sync.num = 128 (default)
2023-06-02 05:15:31,950 [638bdbe3-f7a3-4715-ad07-0d6e98de3b67-groupManagement] INFO  server.RaftServerConfigKeys (ConfUtils.java:logGet(46)) - raft.server.log.statemachine.data.sync = true (default)
2023-06-02 05:15:31,950 [638bdbe3-f7a3-4715-ad07-0d6e98de3b67-groupManagement] INFO  server.RaftServerConfigKeys (ConfUtils.java:logGet(46)) - raft.server.log.statemachine.data.sync.timeout = 10s (default)
2023-06-02 05:15:31,950 [638bdbe3-f7a3-4715-ad07-0d6e98de3b67-groupManagement] INFO  server.RaftServerConfigKeys (ConfUtils.java:logGet(46)) - raft.server.log.statemachine.data.sync.timeout.retry = -1 (default)
2023-06-02 05:15:31,951 [638bdbe3-f7a3-4715-ad07-0d6e98de3b67-groupManagement] INFO  server.RaftServerConfigKeys (ConfUtils.java:logGet(46)) - raft.server.log.write.buffer.size = 1048576 (custom)
2023-06-02 05:15:31,952 [638bdbe3-f7a3-4715-ad07-0d6e98de3b67-groupManagement] INFO  server.RaftServerConfigKeys (ConfUtils.java:logGet(46)) - raft.server.log.appender.buffer.byte-limit = 33554432 (custom)
2023-06-02 05:15:31,957 [70b3c7ea-e7eb-4f75-8ddc-1173fec1a2ac-groupManagement] INFO  ratis.ContainerStateMachine (ContainerStateMachine.java:loadSnapshot(262)) - group-B501B03E598F: The snapshot info is null. Setting the last applied indexto:(t:0, i:~)
2023-06-02 05:15:31,957 [70b3c7ea-e7eb-4f75-8ddc-1173fec1a2ac-groupManagement] INFO  server.RaftServerConfigKeys (ConfUtils.java:logGet(46)) - raft.server.log.use.memory = false (default)
2023-06-02 05:15:31,957 [70b3c7ea-e7eb-4f75-8ddc-1173fec1a2ac-groupManagement] INFO  server.RaftServerConfigKeys (ConfUtils.java:logGet(46)) - raft.server.log.purge.gap = 1000000 (custom)
2023-06-02 05:15:31,957 [70b3c7ea-e7eb-4f75-8ddc-1173fec1a2ac-groupManagement] INFO  server.RaftServerConfigKeys (ConfUtils.java:logGet(46)) - raft.server.log.appender.buffer.byte-limit = 33554432 (custom)
2023-06-02 05:15:31,957 [70b3c7ea-e7eb-4f75-8ddc-1173fec1a2ac-groupManagement] INFO  server.RaftServerConfigKeys (ConfUtils.java:logGet(46)) - raft.server.log.statemachine.data.read.timeout = 1000ms (default)
2023-06-02 05:15:31,957 [70b3c7ea-e7eb-4f75-8ddc-1173fec1a2ac-groupManagement] INFO  server.RaftServerConfigKeys (ConfUtils.java:logGet(46)) - raft.server.log.purge.preservation.log.num = 0 (default)
2023-06-02 05:15:31,957 [70b3c7ea-e7eb-4f75-8ddc-1173fec1a2ac-groupManagement] INFO  server.RaftServerConfigKeys (ConfUtils.java:logGet(46)) - raft.server.log.segment.size.max = 1048576 (custom)
2023-06-02 05:15:31,958 [70b3c7ea-e7eb-4f75-8ddc-1173fec1a2ac-groupManagement] INFO  server.RaftServerConfigKeys (ConfUtils.java:logGet(46)) - raft.server.log.segment.cache.num.max = 2 (custom)
2023-06-02 05:15:31,958 [70b3c7ea-e7eb-4f75-8ddc-1173fec1a2ac-groupManagement] INFO  server.RaftServerConfigKeys (ConfUtils.java:logGet(46)) - raft.server.log.segment.cache.size.max = 200MB (=209715200) (default)
2023-06-02 05:15:31,958 [70b3c7ea-e7eb-4f75-8ddc-1173fec1a2ac-groupManagement] INFO  server.RaftServerConfigKeys (ConfUtils.java:logGet(46)) - raft.server.log.appender.buffer.byte-limit = 33554432 (custom)
2023-06-02 05:15:31,958 [70b3c7ea-e7eb-4f75-8ddc-1173fec1a2ac-groupManagement] INFO  segmented.SegmentedRaftLogWorker (SegmentedRaftLogWorker.java:<init>(188)) - new 70b3c7ea-e7eb-4f75-8ddc-1173fec1a2ac@group-B501B03E598F-SegmentedRaftLogWorker for RaftStorageImpl:Storage Directory /home/runner/work/ozone/ozone/hadoop-ozone/integration-test/target/test-dir/MiniOzoneClusterImpl-4e6c5432-da36-405d-b7f1-05871ead9573/datanode-8/data/ratis/19897db9-73df-4686-9b87-b501b03e598f
2023-06-02 05:15:31,958 [70b3c7ea-e7eb-4f75-8ddc-1173fec1a2ac-groupManagement] INFO  server.RaftServerConfigKeys (ConfUtils.java:logGet(46)) - raft.server.log.queue.byte-limit = 4294967296 (custom)
2023-06-02 05:15:31,958 [70b3c7ea-e7eb-4f75-8ddc-1173fec1a2ac-groupManagement] INFO  server.RaftServerConfigKeys (ConfUtils.java:logGet(46)) - raft.server.log.queue.element-limit = 1024 (custom)
2023-06-02 05:15:31,958 [70b3c7ea-e7eb-4f75-8ddc-1173fec1a2ac-groupManagement] INFO  server.RaftServerConfigKeys (ConfUtils.java:logGet(46)) - raft.server.log.segment.size.max = 1048576 (custom)
2023-06-02 05:15:31,958 [70b3c7ea-e7eb-4f75-8ddc-1173fec1a2ac-groupManagement] INFO  server.RaftServerConfigKeys (ConfUtils.java:logGet(46)) - raft.server.log.preallocated.size = 16384 (custom)
2023-06-02 05:15:31,958 [70b3c7ea-e7eb-4f75-8ddc-1173fec1a2ac-groupManagement] INFO  server.RaftServerConfigKeys (ConfUtils.java:logGet(46)) - raft.server.log.force.sync.num = 128 (default)
2023-06-02 05:15:31,958 [70b3c7ea-e7eb-4f75-8ddc-1173fec1a2ac-groupManagement] INFO  server.RaftServerConfigKeys (ConfUtils.java:logGet(46)) - raft.server.log.statemachine.data.sync = true (default)
2023-06-02 05:15:31,958 [70b3c7ea-e7eb-4f75-8ddc-1173fec1a2ac-groupManagement] INFO  server.RaftServerConfigKeys (ConfUtils.java:logGet(46)) - raft.server.log.statemachine.data.sync.timeout = 10s (default)
2023-06-02 05:15:31,959 [70b3c7ea-e7eb-4f75-8ddc-1173fec1a2ac-groupManagement] INFO  server.RaftServerConfigKeys (ConfUtils.java:logGet(46)) - raft.server.log.statemachine.data.sync.timeout.retry = -1 (default)
2023-06-02 05:15:31,960 [70b3c7ea-e7eb-4f75-8ddc-1173fec1a2ac-groupManagement] INFO  server.RaftServerConfigKeys (ConfUtils.java:logGet(46)) - raft.server.log.write.buffer.size = 1048576 (custom)
2023-06-02 05:15:31,961 [70b3c7ea-e7eb-4f75-8ddc-1173fec1a2ac-groupManagement] INFO  server.RaftServerConfigKeys (ConfUtils.java:logGet(46)) - raft.server.log.appender.buffer.byte-limit = 33554432 (custom)
2023-06-02 05:15:31,967 [70b3c7ea-e7eb-4f75-8ddc-1173fec1a2ac-groupManagement] INFO  server.RaftServerConfigKeys (ConfUtils.java:logGet(46)) - raft.server.log.unsafe-flush.enabled = false (default)
2023-06-02 05:15:31,967 [70b3c7ea-e7eb-4f75-8ddc-1173fec1a2ac-groupManagement] INFO  server.RaftServerConfigKeys (ConfUtils.java:logGet(46)) - raft.server.log.async-flush.enabled = false (default)
2023-06-02 05:15:31,967 [70b3c7ea-e7eb-4f75-8ddc-1173fec1a2ac-groupManagement] INFO  server.RaftServerConfigKeys (ConfUtils.java:logGet(46)) - raft.server.log.statemachine.data.caching.enabled = true (custom)
2023-06-02 05:15:31,968 [70b3c7ea-e7eb-4f75-8ddc-1173fec1a2ac-groupManagement] INFO  segmented.SegmentedRaftLogWorker (SegmentedRaftLogWorker.java:lambda$new$0(135)) - 70b3c7ea-e7eb-4f75-8ddc-1173fec1a2ac@group-B501B03E598F-SegmentedRaftLogWorker: flushIndex: setUnconditionally 0 -> -1
2023-06-02 05:15:31,968 [70b3c7ea-e7eb-4f75-8ddc-1173fec1a2ac-groupManagement] INFO  segmented.SegmentedRaftLogWorker (SegmentedRaftLogWorker.java:lambda$new$0(135)) - 70b3c7ea-e7eb-4f75-8ddc-1173fec1a2ac@group-B501B03E598F-SegmentedRaftLogWorker: safeCacheEvictIndex: setUnconditionally 0 -> -1
2023-06-02 05:15:31,973 [638bdbe3-f7a3-4715-ad07-0d6e98de3b67-groupManagement] INFO  server.RaftServerConfigKeys (ConfUtils.java:logGet(46)) - raft.server.log.unsafe-flush.enabled = false (default)
2023-06-02 05:15:31,973 [638bdbe3-f7a3-4715-ad07-0d6e98de3b67-groupManagement] INFO  server.RaftServerConfigKeys (ConfUtils.java:logGet(46)) - raft.server.log.async-flush.enabled = false (default)
2023-06-02 05:15:31,973 [638bdbe3-f7a3-4715-ad07-0d6e98de3b67-groupManagement] INFO  server.RaftServerConfigKeys (ConfUtils.java:logGet(46)) - raft.server.log.statemachine.data.caching.enabled = true (custom)
2023-06-02 05:15:31,973 [638bdbe3-f7a3-4715-ad07-0d6e98de3b67-groupManagement] INFO  segmented.SegmentedRaftLogWorker (SegmentedRaftLogWorker.java:lambda$new$0(135)) - 638bdbe3-f7a3-4715-ad07-0d6e98de3b67@group-C8F3BC738863-SegmentedRaftLogWorker: flushIndex: setUnconditionally 0 -> -1
2023-06-02 05:15:31,973 [638bdbe3-f7a3-4715-ad07-0d6e98de3b67-groupManagement] INFO  segmented.SegmentedRaftLogWorker (SegmentedRaftLogWorker.java:lambda$new$0(135)) - 638bdbe3-f7a3-4715-ad07-0d6e98de3b67@group-C8F3BC738863-SegmentedRaftLogWorker: safeCacheEvictIndex: setUnconditionally 0 -> -1
2023-06-02 05:15:31,973 [70b3c7ea-e7eb-4f75-8ddc-1173fec1a2ac-groupManagement] INFO  server.RaftServer$Division (RaftServerImpl.java:start(342)) - 70b3c7ea-e7eb-4f75-8ddc-1173fec1a2ac@group-B501B03E598F: start as a follower, conf=-1: peers:[638bdbe3-f7a3-4715-ad07-0d6e98de3b67|rpc:10.1.74.1:15077|admin:10.1.74.1:15076|client:10.1.74.1:15075|dataStream:10.1.74.1:15078|priority:1|startupRole:FOLLOWER, 70b3c7ea-e7eb-4f75-8ddc-1173fec1a2ac|rpc:10.1.74.1:15086|admin:10.1.74.1:15085|client:10.1.74.1:15084|dataStream:10.1.74.1:15087|priority:0|startupRole:FOLLOWER, 87f06f2d-f73a-4ca4-bc8e-5aedfa582ec7|rpc:10.1.74.1:15068|admin:10.1.74.1:15067|client:10.1.74.1:15066|dataStream:10.1.74.1:15069|priority:0|startupRole:FOLLOWER]|listeners:[], old=null
2023-06-02 05:15:31,974 [70b3c7ea-e7eb-4f75-8ddc-1173fec1a2ac-groupManagement] INFO  server.RaftServer$Division (RaftServerImpl.java:setRole(329)) - 70b3c7ea-e7eb-4f75-8ddc-1173fec1a2ac@group-B501B03E598F: changes role from      null to FOLLOWER at term 0 for startAsFollower
2023-06-02 05:15:31,974 [70b3c7ea-e7eb-4f75-8ddc-1173fec1a2ac-groupManagement] INFO  impl.RoleInfo (RoleInfo.java:updateAndGet(139)) - 70b3c7ea-e7eb-4f75-8ddc-1173fec1a2ac: start 70b3c7ea-e7eb-4f75-8ddc-1173fec1a2ac@group-B501B03E598F-FollowerState
2023-06-02 05:15:31,978 [70b3c7ea-e7eb-4f75-8ddc-1173fec1a2ac-groupManagement] INFO  util.JmxRegister (JmxRegister.java:tryRegister(44)) - Successfully registered JMX Bean with object name Ratis:service=RaftServer,group=group-B501B03E598F,id=70b3c7ea-e7eb-4f75-8ddc-1173fec1a2ac
2023-06-02 05:15:31,978 [70b3c7ea-e7eb-4f75-8ddc-1173fec1a2ac-groupManagement] INFO  server.RaftServerConfigKeys (ConfUtils.java:logGet(46)) - raft.server.snapshot.auto.trigger.enabled = true (custom)
2023-06-02 05:15:31,978 [70b3c7ea-e7eb-4f75-8ddc-1173fec1a2ac-groupManagement] INFO  server.RaftServerConfigKeys (ConfUtils.java:logGet(46)) - raft.server.snapshot.auto.trigger.threshold = 10000 (custom)
2023-06-02 05:15:31,978 [70b3c7ea-e7eb-4f75-8ddc-1173fec1a2ac-groupManagement] INFO  server.RaftServerConfigKeys (ConfUtils.java:logGet(46)) - raft.server.snapshot.retention.file.num = 5 (custom)
2023-06-02 05:15:31,978 [70b3c7ea-e7eb-4f75-8ddc-1173fec1a2ac-groupManagement] INFO  server.RaftServerConfigKeys (ConfUtils.java:logGet(46)) - raft.server.log.purge.upto.snapshot.index = false (default)
2023-06-02 05:15:31,979 [70b3c7ea-e7eb-4f75-8ddc-1173fec1a2ac@group-B501B03E598F-FollowerState] INFO  server.RaftServerConfigKeys (ConfUtils.java:logFallback(53)) - raft.server.rpc.first-election.timeout.min = 5s (fallback to raft.server.rpc.timeout.min)
2023-06-02 05:15:31,979 [70b3c7ea-e7eb-4f75-8ddc-1173fec1a2ac@group-B501B03E598F-FollowerState] INFO  server.RaftServerConfigKeys (ConfUtils.java:logFallback(53)) - raft.server.rpc.first-election.timeout.max = 5200ms (fallback to raft.server.rpc.timeout.max)
2023-06-02 05:15:31,980 [638bdbe3-f7a3-4715-ad07-0d6e98de3b67-groupManagement] INFO  server.RaftServer$Division (RaftServerImpl.java:start(342)) - 638bdbe3-f7a3-4715-ad07-0d6e98de3b67@group-C8F3BC738863: start as a follower, conf=-1: peers:[638bdbe3-f7a3-4715-ad07-0d6e98de3b67|rpc:10.1.74.1:15077|admin:10.1.74.1:15076|client:10.1.74.1:15075|dataStream:10.1.74.1:15078|priority:1|startupRole:FOLLOWER]|listeners:[], old=null
2023-06-02 05:15:31,980 [638bdbe3-f7a3-4715-ad07-0d6e98de3b67-groupManagement] INFO  server.RaftServer$Division (RaftServerImpl.java:setRole(329)) - 638bdbe3-f7a3-4715-ad07-0d6e98de3b67@group-C8F3BC738863: changes role from      null to FOLLOWER at term 0 for startAsFollower
2023-06-02 05:15:31,980 [638bdbe3-f7a3-4715-ad07-0d6e98de3b67-groupManagement] INFO  impl.RoleInfo (RoleInfo.java:updateAndGet(139)) - 638bdbe3-f7a3-4715-ad07-0d6e98de3b67: start 638bdbe3-f7a3-4715-ad07-0d6e98de3b67@group-C8F3BC738863-FollowerState
2023-06-02 05:15:31,980 [638bdbe3-f7a3-4715-ad07-0d6e98de3b67-groupManagement] INFO  util.JmxRegister (JmxRegister.java:tryRegister(44)) - Successfully registered JMX Bean with object name Ratis:service=RaftServer,group=group-C8F3BC738863,id=638bdbe3-f7a3-4715-ad07-0d6e98de3b67
2023-06-02 05:15:31,980 [638bdbe3-f7a3-4715-ad07-0d6e98de3b67-groupManagement] INFO  server.RaftServerConfigKeys (ConfUtils.java:logGet(46)) - raft.server.snapshot.auto.trigger.enabled = true (custom)
2023-06-02 05:15:31,980 [638bdbe3-f7a3-4715-ad07-0d6e98de3b67-groupManagement] INFO  server.RaftServerConfigKeys (ConfUtils.java:logGet(46)) - raft.server.snapshot.auto.trigger.threshold = 10000 (custom)
2023-06-02 05:15:31,980 [638bdbe3-f7a3-4715-ad07-0d6e98de3b67-groupManagement] INFO  server.RaftServerConfigKeys (ConfUtils.java:logGet(46)) - raft.server.snapshot.retention.file.num = 5 (custom)
2023-06-02 05:15:31,981 [638bdbe3-f7a3-4715-ad07-0d6e98de3b67-groupManagement] INFO  server.RaftServerConfigKeys (ConfUtils.java:logGet(46)) - raft.server.log.purge.upto.snapshot.index = false (default)
2023-06-02 05:15:31,982 [638bdbe3-f7a3-4715-ad07-0d6e98de3b67@group-C8F3BC738863-FollowerState] INFO  server.RaftServerConfigKeys (ConfUtils.java:logFallback(53)) - raft.server.rpc.first-election.timeout.min = 5s (fallback to raft.server.rpc.timeout.min)
2023-06-02 05:15:31,982 [638bdbe3-f7a3-4715-ad07-0d6e98de3b67@group-C8F3BC738863-FollowerState] INFO  server.RaftServerConfigKeys (ConfUtils.java:logFallback(53)) - raft.server.rpc.first-election.timeout.max = 5200ms (fallback to raft.server.rpc.timeout.max)
2023-06-02 05:15:31,982 [PipelineCommandHandlerThread-0] INFO  ratis.XceiverServerRatis (XceiverServerRatis.java:addGroup(804)) - Created group PipelineID=cec3c559-fa66-43e9-918c-c8f3bc738863
2023-06-02 05:15:31,982 [PipelineCommandHandlerThread-0] INFO  commandhandler.CreatePipelineCommandHandler (CreatePipelineCommandHandler.java:lambda$handle$2(124)) - Created Pipeline RATIS ONE PipelineID=cec3c559-fa66-43e9-918c-c8f3bc738863.
2023-06-02 05:15:31,999 [PipelineCommandHandlerThread-0] INFO  commandhandler.CreatePipelineCommandHandler (CreatePipelineCommandHandler.java:lambda$handle$2(124)) - Created Pipeline RATIS THREE PipelineID=19897db9-73df-4686-9b87-b501b03e598f.
2023-06-02 05:15:32,324 [PipelineCommandHandlerThread-0] INFO  server.RaftServer (RaftServerProxy.java:addNew(98)) - 70b3c7ea-e7eb-4f75-8ddc-1173fec1a2ac: addNew group-556F943FB96C:[70b3c7ea-e7eb-4f75-8ddc-1173fec1a2ac|rpc:10.1.74.1:15086|admin:10.1.74.1:15085|client:10.1.74.1:15084|dataStream:10.1.74.1:15087|priority:1|startupRole:FOLLOWER] returns group-556F943FB96C:java.util.concurrent.CompletableFuture@20e7fb0c[Not completed]
2023-06-02 05:15:32,325 [70b3c7ea-e7eb-4f75-8ddc-1173fec1a2ac-groupManagement] INFO  server.RaftServer$Division (RaftServerImpl.java:<init>(198)) - 70b3c7ea-e7eb-4f75-8ddc-1173fec1a2ac: new RaftServerImpl for group-556F943FB96C:[70b3c7ea-e7eb-4f75-8ddc-1173fec1a2ac|rpc:10.1.74.1:15086|admin:10.1.74.1:15085|client:10.1.74.1:15084|dataStream:10.1.74.1:15087|priority:1|startupRole:FOLLOWER] with ContainerStateMachine:uninitialized
2023-06-02 05:15:32,325 [70b3c7ea-e7eb-4f75-8ddc-1173fec1a2ac-groupManagement] INFO  server.RaftServerConfigKeys (ConfUtils.java:logGet(46)) - raft.server.rpc.timeout.min = 5s (custom)
2023-06-02 05:15:32,325 [70b3c7ea-e7eb-4f75-8ddc-1173fec1a2ac-groupManagement] INFO  server.RaftServerConfigKeys (ConfUtils.java:logGet(46)) - raft.server.rpc.timeout.max = 5200ms (custom)
2023-06-02 05:15:32,325 [70b3c7ea-e7eb-4f75-8ddc-1173fec1a2ac-groupManagement] INFO  server.RaftServerConfigKeys (ConfUtils.java:logGet(46)) - raft.server.rpc.sleep.time = 25ms (default)
2023-06-02 05:15:32,325 [70b3c7ea-e7eb-4f75-8ddc-1173fec1a2ac-groupManagement] INFO  server.RaftServerConfigKeys (ConfUtils.java:logGet(46)) - raft.server.rpc.slowness.timeout = 300s (custom)
2023-06-02 05:15:32,325 [70b3c7ea-e7eb-4f75-8ddc-1173fec1a2ac-groupManagement] INFO  server.RaftServerConfigKeys (ConfUtils.java:logGet(46)) - raft.server.leaderelection.leader.step-down.wait-time = 10s (default)
2023-06-02 05:15:32,325 [70b3c7ea-e7eb-4f75-8ddc-1173fec1a2ac-groupManagement] INFO  server.RaftServerConfigKeys (ConfUtils.java:logGet(46)) - raft.server.sleep.deviation.threshold = 300ms (default)
2023-06-02 05:15:32,326 [70b3c7ea-e7eb-4f75-8ddc-1173fec1a2ac-groupManagement] INFO  server.RaftServer$Division (ServerState.java:<init>(120)) - 70b3c7ea-e7eb-4f75-8ddc-1173fec1a2ac@group-556F943FB96C: ConfigurationManager, init=-1: peers:[70b3c7ea-e7eb-4f75-8ddc-1173fec1a2ac|rpc:10.1.74.1:15086|admin:10.1.74.1:15085|client:10.1.74.1:15084|dataStream:10.1.74.1:15087|priority:1|startupRole:FOLLOWER]|listeners:[], old=null, confs=<EMPTY_MAP>
2023-06-02 05:15:32,326 [70b3c7ea-e7eb-4f75-8ddc-1173fec1a2ac-groupManagement] INFO  server.RaftServerConfigKeys (ConfUtils.java:logGet(46)) - raft.server.storage.dir = [/home/runner/work/ozone/ozone/hadoop-ozone/integration-test/target/test-dir/MiniOzoneClusterImpl-4e6c5432-da36-405d-b7f1-05871ead9573/datanode-8/data/ratis] (custom)
2023-06-02 05:15:32,326 [70b3c7ea-e7eb-4f75-8ddc-1173fec1a2ac-groupManagement] INFO  server.RaftServerConfigKeys (ConfUtils.java:logGet(46)) - raft.server.log.corruption.policy = EXCEPTION (default)
2023-06-02 05:15:32,326 [70b3c7ea-e7eb-4f75-8ddc-1173fec1a2ac-groupManagement] INFO  server.RaftServerConfigKeys (ConfUtils.java:logGet(46)) - raft.server.storage.free-space.min = 0MB (=0) (default)
2023-06-02 05:15:32,326 [70b3c7ea-e7eb-4f75-8ddc-1173fec1a2ac-groupManagement] INFO  server.RaftServerConfigKeys (ConfUtils.java:logGet(46)) - raft.server.notification.no-leader.timeout = 300s (custom)
2023-06-02 05:15:32,326 [70b3c7ea-e7eb-4f75-8ddc-1173fec1a2ac-groupManagement] INFO  server.RaftServerConfigKeys (ConfUtils.java:logGet(46)) - raft.server.read.timeout = 10s (default)
2023-06-02 05:15:32,326 [70b3c7ea-e7eb-4f75-8ddc-1173fec1a2ac-groupManagement] INFO  server.RaftServerConfigKeys (ConfUtils.java:logGet(46)) - raft.server.retrycache.expirytime = 600000ms (custom)
2023-06-02 05:15:32,326 [70b3c7ea-e7eb-4f75-8ddc-1173fec1a2ac-groupManagement] INFO  server.RaftServerConfigKeys (ConfUtils.java:logGet(46)) - raft.server.retrycache.statistics.expirytime = 100μs (default)
2023-06-02 05:15:32,327 [70b3c7ea-e7eb-4f75-8ddc-1173fec1a2ac-groupManagement] INFO  server.RaftServerConfigKeys (ConfUtils.java:logGet(46)) - raft.server.read.option = DEFAULT (default)
2023-06-02 05:15:32,328 [70b3c7ea-e7eb-4f75-8ddc-1173fec1a2ac-groupManagement] INFO  server.RaftServerConfigKeys (ConfUtils.java:logGet(46)) - raft.server.rpc.request.timeout = 60s (custom)
2023-06-02 05:15:32,328 [70b3c7ea-e7eb-4f75-8ddc-1173fec1a2ac-groupManagement] INFO  server.RaftServerConfigKeys (ConfUtils.java:logGet(46)) - raft.server.log.appender.install.snapshot.enabled = false (custom)
2023-06-02 05:15:32,328 [70b3c7ea-e7eb-4f75-8ddc-1173fec1a2ac-groupManagement] INFO  server.RaftServerConfigKeys (ConfUtils.java:logGet(46)) - raft.server.threadpool.server.cached = true (default)
2023-06-02 05:15:32,328 [70b3c7ea-e7eb-4f75-8ddc-1173fec1a2ac-groupManagement] INFO  server.RaftServerConfigKeys (ConfUtils.java:logGet(46)) - raft.server.threadpool.server.size = 0 (default)
2023-06-02 05:15:32,328 [70b3c7ea-e7eb-4f75-8ddc-1173fec1a2ac-groupManagement] INFO  server.RaftServerConfigKeys (ConfUtils.java:logGet(46)) - raft.server.threadpool.client.cached = true (default)
2023-06-02 05:15:32,329 [70b3c7ea-e7eb-4f75-8ddc-1173fec1a2ac-groupManagement] INFO  server.RaftServerConfigKeys (ConfUtils.java:logGet(46)) - raft.server.threadpool.client.size = 0 (default)
2023-06-02 05:15:32,329 [70b3c7ea-e7eb-4f75-8ddc-1173fec1a2ac-groupManagement] INFO  storage.RaftStorageDirectory (RaftStorageDirectoryImpl.java:analyzeStorage(137)) - The storage directory /home/runner/work/ozone/ozone/hadoop-ozone/integration-test/target/test-dir/MiniOzoneClusterImpl-4e6c5432-da36-405d-b7f1-05871ead9573/datanode-8/data/ratis/bd9a6e9f-39fc-43d1-b222-556f943fb96c does not exist. Creating ...
2023-06-02 05:15:32,330 [70b3c7ea-e7eb-4f75-8ddc-1173fec1a2ac-groupManagement] INFO  storage.RaftStorageDirectory (RaftStorageDirectoryImpl.java:tryLock(231)) - Lock on /home/runner/work/ozone/ozone/hadoop-ozone/integration-test/target/test-dir/MiniOzoneClusterImpl-4e6c5432-da36-405d-b7f1-05871ead9573/datanode-8/data/ratis/bd9a6e9f-39fc-43d1-b222-556f943fb96c/in_use.lock acquired by nodename 65026@fv-az628-647
2023-06-02 05:15:32,332 [70b3c7ea-e7eb-4f75-8ddc-1173fec1a2ac-groupManagement] INFO  storage.RaftStorage (RaftStorageImpl.java:format(96)) - Storage directory /home/runner/work/ozone/ozone/hadoop-ozone/integration-test/target/test-dir/MiniOzoneClusterImpl-4e6c5432-da36-405d-b7f1-05871ead9573/datanode-8/data/ratis/bd9a6e9f-39fc-43d1-b222-556f943fb96c has been successfully formatted.
2023-06-02 05:15:32,335 [EventQueue-PipelineReportForPipelineReportHandler] INFO  pipeline.PipelineManagerImpl (PipelineManagerImpl.java:openPipeline(367)) - Pipeline Pipeline[ Id: bd9a6e9f-39fc-43d1-b222-556f943fb96c, Nodes: 70b3c7ea-e7eb-4f75-8ddc-1173fec1a2ac(fv-az628-647/10.1.74.1), ReplicationConfig: RATIS/ONE, State:ALLOCATED, leaderId:70b3c7ea-e7eb-4f75-8ddc-1173fec1a2ac, CreationTimestamp2023-06-02T05:15:29.335Z[Etc/UTC]] moved to OPEN state
2023-06-02 05:15:32,335 [EventQueue-OpenPipelineForHealthyPipelineSafeModeRule] INFO  safemode.SCMSafeModeManager (HealthyPipelineSafeModeRule.java:process(137)) - SCM in safe mode. Healthy pipelines reported count is 0, required healthy pipeline reported count is 1
2023-06-02 05:15:32,338 [70b3c7ea-e7eb-4f75-8ddc-1173fec1a2ac-groupManagement] INFO  ratis.ContainerStateMachine (ContainerStateMachine.java:loadSnapshot(262)) - group-556F943FB96C: The snapshot info is null. Setting the last applied indexto:(t:0, i:~)
2023-06-02 05:15:32,338 [70b3c7ea-e7eb-4f75-8ddc-1173fec1a2ac-groupManagement] INFO  server.RaftServerConfigKeys (ConfUtils.java:logGet(46)) - raft.server.log.use.memory = false (default)
2023-06-02 05:15:32,338 [70b3c7ea-e7eb-4f75-8ddc-1173fec1a2ac-groupManagement] INFO  server.RaftServerConfigKeys (ConfUtils.java:logGet(46)) - raft.server.log.purge.gap = 1000000 (custom)
2023-06-02 05:15:32,338 [70b3c7ea-e7eb-4f75-8ddc-1173fec1a2ac-groupManagement] INFO  server.RaftServerConfigKeys (ConfUtils.java:logGet(46)) - raft.server.log.appender.buffer.byte-limit = 33554432 (custom)
2023-06-02 05:15:32,338 [70b3c7ea-e7eb-4f75-8ddc-1173fec1a2ac-groupManagement] INFO  server.RaftServerConfigKeys (ConfUtils.java:logGet(46)) - raft.server.log.statemachine.data.read.timeout = 1000ms (default)
2023-06-02 05:15:32,338 [70b3c7ea-e7eb-4f75-8ddc-1173fec1a2ac-groupManagement] INFO  server.RaftServerConfigKeys (ConfUtils.java:logGet(46)) - raft.server.log.purge.preservation.log.num = 0 (default)
2023-06-02 05:15:32,339 [70b3c7ea-e7eb-4f75-8ddc-1173fec1a2ac-groupManagement] INFO  server.RaftServerConfigKeys (ConfUtils.java:logGet(46)) - raft.server.log.segment.size.max = 1048576 (custom)
2023-06-02 05:15:32,339 [70b3c7ea-e7eb-4f75-8ddc-1173fec1a2ac-groupManagement] INFO  server.RaftServerConfigKeys (ConfUtils.java:logGet(46)) - raft.server.log.segment.cache.num.max = 2 (custom)
2023-06-02 05:15:32,339 [70b3c7ea-e7eb-4f75-8ddc-1173fec1a2ac-groupManagement] INFO  server.RaftServerConfigKeys (ConfUtils.java:logGet(46)) - raft.server.log.segment.cache.size.max = 200MB (=209715200) (default)
2023-06-02 05:15:32,339 [70b3c7ea-e7eb-4f75-8ddc-1173fec1a2ac-groupManagement] INFO  server.RaftServerConfigKeys (ConfUtils.java:logGet(46)) - raft.server.log.appender.buffer.byte-limit = 33554432 (custom)
2023-06-02 05:15:32,339 [70b3c7ea-e7eb-4f75-8ddc-1173fec1a2ac-groupManagement] INFO  segmented.SegmentedRaftLogWorker (SegmentedRaftLogWorker.java:<init>(188)) - new 70b3c7ea-e7eb-4f75-8ddc-1173fec1a2ac@group-556F943FB96C-SegmentedRaftLogWorker for RaftStorageImpl:Storage Directory /home/runner/work/ozone/ozone/hadoop-ozone/integration-test/target/test-dir/MiniOzoneClusterImpl-4e6c5432-da36-405d-b7f1-05871ead9573/datanode-8/data/ratis/bd9a6e9f-39fc-43d1-b222-556f943fb96c
2023-06-02 05:15:32,340 [70b3c7ea-e7eb-4f75-8ddc-1173fec1a2ac-groupManagement] INFO  server.RaftServerConfigKeys (ConfUtils.java:logGet(46)) - raft.server.log.queue.byte-limit = 4294967296 (custom)
2023-06-02 05:15:32,340 [70b3c7ea-e7eb-4f75-8ddc-1173fec1a2ac-groupManagement] INFO  server.RaftServerConfigKeys (ConfUtils.java:logGet(46)) - raft.server.log.queue.element-limit = 1024 (custom)
2023-06-02 05:15:32,340 [70b3c7ea-e7eb-4f75-8ddc-1173fec1a2ac-groupManagement] INFO  server.RaftServerConfigKeys (ConfUtils.java:logGet(46)) - raft.server.log.segment.size.max = 1048576 (custom)
2023-06-02 05:15:32,340 [70b3c7ea-e7eb-4f75-8ddc-1173fec1a2ac-groupManagement] INFO  server.RaftServerConfigKeys (ConfUtils.java:logGet(46)) - raft.server.log.preallocated.size = 16384 (custom)
2023-06-02 05:15:32,340 [70b3c7ea-e7eb-4f75-8ddc-1173fec1a2ac-groupManagement] INFO  server.RaftServerConfigKeys (ConfUtils.java:logGet(46)) - raft.server.log.force.sync.num = 128 (default)
2023-06-02 05:15:32,341 [70b3c7ea-e7eb-4f75-8ddc-1173fec1a2ac-groupManagement] INFO  server.RaftServerConfigKeys (ConfUtils.java:logGet(46)) - raft.server.log.statemachine.data.sync = true (default)
2023-06-02 05:15:32,341 [70b3c7ea-e7eb-4f75-8ddc-1173fec1a2ac-groupManagement] INFO  server.RaftServerConfigKeys (ConfUtils.java:logGet(46)) - raft.server.log.statemachine.data.sync.timeout = 10s (default)
2023-06-02 05:15:32,341 [70b3c7ea-e7eb-4f75-8ddc-1173fec1a2ac-groupManagement] INFO  server.RaftServerConfigKeys (ConfUtils.java:logGet(46)) - raft.server.log.statemachine.data.sync.timeout.retry = -1 (default)
2023-06-02 05:15:32,342 [70b3c7ea-e7eb-4f75-8ddc-1173fec1a2ac-groupManagement] INFO  server.RaftServerConfigKeys (ConfUtils.java:logGet(46)) - raft.server.log.write.buffer.size = 1048576 (custom)
2023-06-02 05:15:32,343 [70b3c7ea-e7eb-4f75-8ddc-1173fec1a2ac-groupManagement] INFO  server.RaftServerConfigKeys (ConfUtils.java:logGet(46)) - raft.server.log.appender.buffer.byte-limit = 33554432 (custom)
2023-06-02 05:15:32,350 [70b3c7ea-e7eb-4f75-8ddc-1173fec1a2ac-groupManagement] INFO  server.RaftServerConfigKeys (ConfUtils.java:logGet(46)) - raft.server.log.unsafe-flush.enabled = false (default)
2023-06-02 05:15:32,350 [70b3c7ea-e7eb-4f75-8ddc-1173fec1a2ac-groupManagement] INFO  server.RaftServerConfigKeys (ConfUtils.java:logGet(46)) - raft.server.log.async-flush.enabled = false (default)
2023-06-02 05:15:32,350 [70b3c7ea-e7eb-4f75-8ddc-1173fec1a2ac-groupManagement] INFO  server.RaftServerConfigKeys (ConfUtils.java:logGet(46)) - raft.server.log.statemachine.data.caching.enabled = true (custom)
2023-06-02 05:15:32,350 [70b3c7ea-e7eb-4f75-8ddc-1173fec1a2ac-groupManagement] INFO  segmented.SegmentedRaftLogWorker (SegmentedRaftLogWorker.java:lambda$new$0(135)) - 70b3c7ea-e7eb-4f75-8ddc-1173fec1a2ac@group-556F943FB96C-SegmentedRaftLogWorker: flushIndex: setUnconditionally 0 -> -1
2023-06-02 05:15:32,350 [70b3c7ea-e7eb-4f75-8ddc-1173fec1a2ac-groupManagement] INFO  segmented.SegmentedRaftLogWorker (SegmentedRaftLogWorker.java:lambda$new$0(135)) - 70b3c7ea-e7eb-4f75-8ddc-1173fec1a2ac@group-556F943FB96C-SegmentedRaftLogWorker: safeCacheEvictIndex: setUnconditionally 0 -> -1
2023-06-02 05:15:32,351 [70b3c7ea-e7eb-4f75-8ddc-1173fec1a2ac-groupManagement] INFO  server.RaftServer$Division (RaftServerImpl.java:start(342)) - 70b3c7ea-e7eb-4f75-8ddc-1173fec1a2ac@group-556F943FB96C: start as a follower, conf=-1: peers:[70b3c7ea-e7eb-4f75-8ddc-1173fec1a2ac|rpc:10.1.74.1:15086|admin:10.1.74.1:15085|client:10.1.74.1:15084|dataStream:10.1.74.1:15087|priority:1|startupRole:FOLLOWER]|listeners:[], old=null
2023-06-02 05:15:32,351 [70b3c7ea-e7eb-4f75-8ddc-1173fec1a2ac-groupManagement] INFO  server.RaftServer$Division (RaftServerImpl.java:setRole(329)) - 70b3c7ea-e7eb-4f75-8ddc-1173fec1a2ac@group-556F943FB96C: changes role from      null to FOLLOWER at term 0 for startAsFollower
2023-06-02 05:15:32,351 [70b3c7ea-e7eb-4f75-8ddc-1173fec1a2ac-groupManagement] INFO  impl.RoleInfo (RoleInfo.java:updateAndGet(139)) - 70b3c7ea-e7eb-4f75-8ddc-1173fec1a2ac: start 70b3c7ea-e7eb-4f75-8ddc-1173fec1a2ac@group-556F943FB96C-FollowerState
2023-06-02 05:15:32,354 [70b3c7ea-e7eb-4f75-8ddc-1173fec1a2ac-groupManagement] INFO  util.JmxRegister (JmxRegister.java:tryRegister(44)) - Successfully registered JMX Bean with object name Ratis:service=RaftServer,group=group-556F943FB96C,id=70b3c7ea-e7eb-4f75-8ddc-1173fec1a2ac
2023-06-02 05:15:32,355 [70b3c7ea-e7eb-4f75-8ddc-1173fec1a2ac-groupManagement] INFO  server.RaftServerConfigKeys (ConfUtils.java:logGet(46)) - raft.server.snapshot.auto.trigger.enabled = true (custom)
2023-06-02 05:15:32,355 [70b3c7ea-e7eb-4f75-8ddc-1173fec1a2ac-groupManagement] INFO  server.RaftServerConfigKeys (ConfUtils.java:logGet(46)) - raft.server.snapshot.auto.trigger.threshold = 10000 (custom)
2023-06-02 05:15:32,355 [70b3c7ea-e7eb-4f75-8ddc-1173fec1a2ac-groupManagement] INFO  server.RaftServerConfigKeys (ConfUtils.java:logGet(46)) - raft.server.snapshot.retention.file.num = 5 (custom)
2023-06-02 05:15:32,355 [70b3c7ea-e7eb-4f75-8ddc-1173fec1a2ac-groupManagement] INFO  server.RaftServerConfigKeys (ConfUtils.java:logGet(46)) - raft.server.log.purge.upto.snapshot.index = false (default)
2023-06-02 05:15:32,356 [70b3c7ea-e7eb-4f75-8ddc-1173fec1a2ac@group-556F943FB96C-FollowerState] INFO  server.RaftServerConfigKeys (ConfUtils.java:logFallback(53)) - raft.server.rpc.first-election.timeout.min = 5s (fallback to raft.server.rpc.timeout.min)
2023-06-02 05:15:32,356 [70b3c7ea-e7eb-4f75-8ddc-1173fec1a2ac@group-556F943FB96C-FollowerState] INFO  server.RaftServerConfigKeys (ConfUtils.java:logFallback(53)) - raft.server.rpc.first-election.timeout.max = 5200ms (fallback to raft.server.rpc.timeout.max)
2023-06-02 05:15:32,356 [PipelineCommandHandlerThread-0] INFO  ratis.XceiverServerRatis (XceiverServerRatis.java:addGroup(804)) - Created group PipelineID=bd9a6e9f-39fc-43d1-b222-556f943fb96c
2023-06-02 05:15:32,356 [PipelineCommandHandlerThread-0] INFO  commandhandler.CreatePipelineCommandHandler (CreatePipelineCommandHandler.java:lambda$handle$2(124)) - Created Pipeline RATIS ONE PipelineID=bd9a6e9f-39fc-43d1-b222-556f943fb96c.
2023-06-02 05:15:32,687 [main] INFO  ozone.MiniOzoneClusterImpl (MiniOzoneClusterImpl.java:lambda$waitForClusterToBeReady$0(222)) - Nodes are ready. Got 14 of 14 DN Heartbeats.
2023-06-02 05:15:32,687 [main] INFO  ozone.MiniOzoneClusterImpl (MiniOzoneClusterImpl.java:lambda$waitForClusterToBeReady$0(225)) - Waiting for cluster to exit safe mode
2023-06-02 05:15:32,688 [main] INFO  ozone.MiniOzoneClusterImpl (MiniOzoneClusterImpl.java:lambda$waitForClusterToBeReady$0(227)) - SCM became leader
2023-06-02 05:15:32,806 [PipelineCommandHandlerThread-0] INFO  server.RaftServer (RaftServerProxy.java:addNew(98)) - dd6dae7b-c4a9-4a16-a5ce-973fa036779e: addNew group-D763314ADDB8:[dd6dae7b-c4a9-4a16-a5ce-973fa036779e|rpc:10.1.74.1:15095|admin:10.1.74.1:15094|client:10.1.74.1:15093|dataStream:10.1.74.1:15096|priority:1|startupRole:FOLLOWER] returns group-D763314ADDB8:java.util.concurrent.CompletableFuture@7ee079df[Not completed]
2023-06-02 05:15:32,807 [dd6dae7b-c4a9-4a16-a5ce-973fa036779e-groupManagement] INFO  server.RaftServer$Division (RaftServerImpl.java:<init>(198)) - dd6dae7b-c4a9-4a16-a5ce-973fa036779e: new RaftServerImpl for group-D763314ADDB8:[dd6dae7b-c4a9-4a16-a5ce-973fa036779e|rpc:10.1.74.1:15095|admin:10.1.74.1:15094|client:10.1.74.1:15093|dataStream:10.1.74.1:15096|priority:1|startupRole:FOLLOWER] with ContainerStateMachine:uninitialized
2023-06-02 05:15:32,807 [dd6dae7b-c4a9-4a16-a5ce-973fa036779e-groupManagement] INFO  server.RaftServerConfigKeys (ConfUtils.java:logGet(46)) - raft.server.rpc.timeout.min = 5s (custom)
2023-06-02 05:15:32,807 [dd6dae7b-c4a9-4a16-a5ce-973fa036779e-groupManagement] INFO  server.RaftServerConfigKeys (ConfUtils.java:logGet(46)) - raft.server.rpc.timeout.max = 5200ms (custom)
2023-06-02 05:15:32,807 [dd6dae7b-c4a9-4a16-a5ce-973fa036779e-groupManagement] INFO  server.RaftServerConfigKeys (ConfUtils.java:logGet(46)) - raft.server.rpc.sleep.time = 25ms (default)
2023-06-02 05:15:32,807 [dd6dae7b-c4a9-4a16-a5ce-973fa036779e-groupManagement] INFO  server.RaftServerConfigKeys (ConfUtils.java:logGet(46)) - raft.server.rpc.slowness.timeout = 300s (custom)
2023-06-02 05:15:32,807 [dd6dae7b-c4a9-4a16-a5ce-973fa036779e-groupManagement] INFO  server.RaftServerConfigKeys (ConfUtils.java:logGet(46)) - raft.server.leaderelection.leader.step-down.wait-time = 10s (default)
2023-06-02 05:15:32,807 [dd6dae7b-c4a9-4a16-a5ce-973fa036779e-groupManagement] INFO  server.RaftServerConfigKeys (ConfUtils.java:logGet(46)) - raft.server.sleep.deviation.threshold = 300ms (default)
2023-06-02 05:15:32,807 [dd6dae7b-c4a9-4a16-a5ce-973fa036779e-groupManagement] INFO  server.RaftServer$Division (ServerState.java:<init>(120)) - dd6dae7b-c4a9-4a16-a5ce-973fa036779e@group-D763314ADDB8: ConfigurationManager, init=-1: peers:[dd6dae7b-c4a9-4a16-a5ce-973fa036779e|rpc:10.1.74.1:15095|admin:10.1.74.1:15094|client:10.1.74.1:15093|dataStream:10.1.74.1:15096|priority:1|startupRole:FOLLOWER]|listeners:[], old=null, confs=<EMPTY_MAP>
2023-06-02 05:15:32,807 [dd6dae7b-c4a9-4a16-a5ce-973fa036779e-groupManagement] INFO  server.RaftServerConfigKeys (ConfUtils.java:logGet(46)) - raft.server.storage.dir = [/home/runner/work/ozone/ozone/hadoop-ozone/integration-test/target/test-dir/MiniOzoneClusterImpl-4e6c5432-da36-405d-b7f1-05871ead9573/datanode-9/data/ratis] (custom)
2023-06-02 05:15:32,808 [dd6dae7b-c4a9-4a16-a5ce-973fa036779e-groupManagement] INFO  server.RaftServerConfigKeys (ConfUtils.java:logGet(46)) - raft.server.log.corruption.policy = EXCEPTION (default)
2023-06-02 05:15:32,808 [dd6dae7b-c4a9-4a16-a5ce-973fa036779e-groupManagement] INFO  server.RaftServerConfigKeys (ConfUtils.java:logGet(46)) - raft.server.storage.free-space.min = 0MB (=0) (default)
2023-06-02 05:15:32,808 [dd6dae7b-c4a9-4a16-a5ce-973fa036779e-groupManagement] INFO  server.RaftServerConfigKeys (ConfUtils.java:logGet(46)) - raft.server.notification.no-leader.timeout = 300s (custom)
2023-06-02 05:15:32,808 [dd6dae7b-c4a9-4a16-a5ce-973fa036779e-groupManagement] INFO  server.RaftServerConfigKeys (ConfUtils.java:logGet(46)) - raft.server.read.timeout = 10s (default)
2023-06-02 05:15:32,808 [dd6dae7b-c4a9-4a16-a5ce-973fa036779e-groupManagement] INFO  server.RaftServerConfigKeys (ConfUtils.java:logGet(46)) - raft.server.retrycache.expirytime = 600000ms (custom)
2023-06-02 05:15:32,808 [dd6dae7b-c4a9-4a16-a5ce-973fa036779e-groupManagement] INFO  server.RaftServerConfigKeys (ConfUtils.java:logGet(46)) - raft.server.retrycache.statistics.expirytime = 100μs (default)
2023-06-02 05:15:32,808 [dd6dae7b-c4a9-4a16-a5ce-973fa036779e-groupManagement] INFO  server.RaftServerConfigKeys (ConfUtils.java:logGet(46)) - raft.server.read.option = DEFAULT (default)
2023-06-02 05:15:32,810 [dd6dae7b-c4a9-4a16-a5ce-973fa036779e-groupManagement] INFO  server.RaftServerConfigKeys (ConfUtils.java:logGet(46)) - raft.server.rpc.request.timeout = 60s (custom)
2023-06-02 05:15:32,810 [dd6dae7b-c4a9-4a16-a5ce-973fa036779e-groupManagement] INFO  server.RaftServerConfigKeys (ConfUtils.java:logGet(46)) - raft.server.log.appender.install.snapshot.enabled = false (custom)
2023-06-02 05:15:32,810 [dd6dae7b-c4a9-4a16-a5ce-973fa036779e-groupManagement] INFO  server.RaftServerConfigKeys (ConfUtils.java:logGet(46)) - raft.server.threadpool.server.cached = true (default)
2023-06-02 05:15:32,810 [dd6dae7b-c4a9-4a16-a5ce-973fa036779e-groupManagement] INFO  server.RaftServerConfigKeys (ConfUtils.java:logGet(46)) - raft.server.threadpool.server.size = 0 (default)
2023-06-02 05:15:32,810 [dd6dae7b-c4a9-4a16-a5ce-973fa036779e-groupManagement] INFO  server.RaftServerConfigKeys (ConfUtils.java:logGet(46)) - raft.server.threadpool.client.cached = true (default)
2023-06-02 05:15:32,810 [dd6dae7b-c4a9-4a16-a5ce-973fa036779e-groupManagement] INFO  server.RaftServerConfigKeys (ConfUtils.java:logGet(46)) - raft.server.threadpool.client.size = 0 (default)
2023-06-02 05:15:32,811 [dd6dae7b-c4a9-4a16-a5ce-973fa036779e-groupManagement] INFO  storage.RaftStorageDirectory (RaftStorageDirectoryImpl.java:analyzeStorage(137)) - The storage directory /home/runner/work/ozone/ozone/hadoop-ozone/integration-test/target/test-dir/MiniOzoneClusterImpl-4e6c5432-da36-405d-b7f1-05871ead9573/datanode-9/data/ratis/acbeca6a-30dc-49f9-bb51-d763314addb8 does not exist. Creating ...
2023-06-02 05:15:32,812 [dd6dae7b-c4a9-4a16-a5ce-973fa036779e-groupManagement] INFO  storage.RaftStorageDirectory (RaftStorageDirectoryImpl.java:tryLock(231)) - Lock on /home/runner/work/ozone/ozone/hadoop-ozone/integration-test/target/test-dir/MiniOzoneClusterImpl-4e6c5432-da36-405d-b7f1-05871ead9573/datanode-9/data/ratis/acbeca6a-30dc-49f9-bb51-d763314addb8/in_use.lock acquired by nodename 65026@fv-az628-647
2023-06-02 05:15:32,814 [dd6dae7b-c4a9-4a16-a5ce-973fa036779e-groupManagement] INFO  storage.RaftStorage (RaftStorageImpl.java:format(96)) - Storage directory /home/runner/work/ozone/ozone/hadoop-ozone/integration-test/target/test-dir/MiniOzoneClusterImpl-4e6c5432-da36-405d-b7f1-05871ead9573/datanode-9/data/ratis/acbeca6a-30dc-49f9-bb51-d763314addb8 has been successfully formatted.
2023-06-02 05:15:32,817 [dd6dae7b-c4a9-4a16-a5ce-973fa036779e-groupManagement] INFO  ratis.ContainerStateMachine (ContainerStateMachine.java:loadSnapshot(262)) - group-D763314ADDB8: The snapshot info is null. Setting the last applied indexto:(t:0, i:~)
2023-06-02 05:15:32,818 [dd6dae7b-c4a9-4a16-a5ce-973fa036779e-groupManagement] INFO  server.RaftServerConfigKeys (ConfUtils.java:logGet(46)) - raft.server.log.use.memory = false (default)
2023-06-02 05:15:32,818 [dd6dae7b-c4a9-4a16-a5ce-973fa036779e-groupManagement] INFO  server.RaftServerConfigKeys (ConfUtils.java:logGet(46)) - raft.server.log.purge.gap = 1000000 (custom)
2023-06-02 05:15:32,818 [dd6dae7b-c4a9-4a16-a5ce-973fa036779e-groupManagement] INFO  server.RaftServerConfigKeys (ConfUtils.java:logGet(46)) - raft.server.log.appender.buffer.byte-limit = 33554432 (custom)
2023-06-02 05:15:32,819 [dd6dae7b-c4a9-4a16-a5ce-973fa036779e-groupManagement] INFO  server.RaftServerConfigKeys (ConfUtils.java:logGet(46)) - raft.server.log.statemachine.data.read.timeout = 1000ms (default)
2023-06-02 05:15:32,819 [dd6dae7b-c4a9-4a16-a5ce-973fa036779e-groupManagement] INFO  server.RaftServerConfigKeys (ConfUtils.java:logGet(46)) - raft.server.log.purge.preservation.log.num = 0 (default)
2023-06-02 05:15:32,819 [dd6dae7b-c4a9-4a16-a5ce-973fa036779e-groupManagement] INFO  server.RaftServerConfigKeys (ConfUtils.java:logGet(46)) - raft.server.log.segment.size.max = 1048576 (custom)
2023-06-02 05:15:32,819 [dd6dae7b-c4a9-4a16-a5ce-973fa036779e-groupManagement] INFO  server.RaftServerConfigKeys (ConfUtils.java:logGet(46)) - raft.server.log.segment.cache.num.max = 2 (custom)
2023-06-02 05:15:32,819 [dd6dae7b-c4a9-4a16-a5ce-973fa036779e-groupManagement] INFO  server.RaftServerConfigKeys (ConfUtils.java:logGet(46)) - raft.server.log.segment.cache.size.max = 200MB (=209715200) (default)
2023-06-02 05:15:32,819 [dd6dae7b-c4a9-4a16-a5ce-973fa036779e-groupManagement] INFO  server.RaftServerConfigKeys (ConfUtils.java:logGet(46)) - raft.server.log.appender.buffer.byte-limit = 33554432 (custom)
2023-06-02 05:15:32,819 [dd6dae7b-c4a9-4a16-a5ce-973fa036779e-groupManagement] INFO  segmented.SegmentedRaftLogWorker (SegmentedRaftLogWorker.java:<init>(188)) - new dd6dae7b-c4a9-4a16-a5ce-973fa036779e@group-D763314ADDB8-SegmentedRaftLogWorker for RaftStorageImpl:Storage Directory /home/runner/work/ozone/ozone/hadoop-ozone/integration-test/target/test-dir/MiniOzoneClusterImpl-4e6c5432-da36-405d-b7f1-05871ead9573/datanode-9/data/ratis/acbeca6a-30dc-49f9-bb51-d763314addb8
2023-06-02 05:15:32,820 [dd6dae7b-c4a9-4a16-a5ce-973fa036779e-groupManagement] INFO  server.RaftServerConfigKeys (ConfUtils.java:logGet(46)) - raft.server.log.queue.byte-limit = 4294967296 (custom)
2023-06-02 05:15:32,820 [dd6dae7b-c4a9-4a16-a5ce-973fa036779e-groupManagement] INFO  server.RaftServerConfigKeys (ConfUtils.java:logGet(46)) - raft.server.log.queue.element-limit = 1024 (custom)
2023-06-02 05:15:32,818 [EventQueue-PipelineReportForPipelineReportHandler] INFO  pipeline.PipelineManagerImpl (PipelineManagerImpl.java:openPipeline(367)) - Pipeline Pipeline[ Id: acbeca6a-30dc-49f9-bb51-d763314addb8, Nodes: dd6dae7b-c4a9-4a16-a5ce-973fa036779e(fv-az628-647/10.1.74.1), ReplicationConfig: RATIS/ONE, State:ALLOCATED, leaderId:dd6dae7b-c4a9-4a16-a5ce-973fa036779e, CreationTimestamp2023-06-02T05:15:29.798Z[Etc/UTC]] moved to OPEN state
2023-06-02 05:15:32,820 [dd6dae7b-c4a9-4a16-a5ce-973fa036779e-groupManagement] INFO  server.RaftServerConfigKeys (ConfUtils.java:logGet(46)) - raft.server.log.segment.size.max = 1048576 (custom)
2023-06-02 05:15:32,820 [dd6dae7b-c4a9-4a16-a5ce-973fa036779e-groupManagement] INFO  server.RaftServerConfigKeys (ConfUtils.java:logGet(46)) - raft.server.log.preallocated.size = 16384 (custom)
2023-06-02 05:15:32,820 [dd6dae7b-c4a9-4a16-a5ce-973fa036779e-groupManagement] INFO  server.RaftServerConfigKeys (ConfUtils.java:logGet(46)) - raft.server.log.force.sync.num = 128 (default)
2023-06-02 05:15:32,820 [dd6dae7b-c4a9-4a16-a5ce-973fa036779e-groupManagement] INFO  server.RaftServerConfigKeys (ConfUtils.java:logGet(46)) - raft.server.log.statemachine.data.sync = true (default)
2023-06-02 05:15:32,820 [dd6dae7b-c4a9-4a16-a5ce-973fa036779e-groupManagement] INFO  server.RaftServerConfigKeys (ConfUtils.java:logGet(46)) - raft.server.log.statemachine.data.sync.timeout = 10s (default)
2023-06-02 05:15:32,820 [dd6dae7b-c4a9-4a16-a5ce-973fa036779e-groupManagement] INFO  server.RaftServerConfigKeys (ConfUtils.java:logGet(46)) - raft.server.log.statemachine.data.sync.timeout.retry = -1 (default)
2023-06-02 05:15:32,821 [EventQueue-OpenPipelineForHealthyPipelineSafeModeRule] INFO  safemode.SCMSafeModeManager (HealthyPipelineSafeModeRule.java:process(137)) - SCM in safe mode. Healthy pipelines reported count is 0, required healthy pipeline reported count is 1
2023-06-02 05:15:32,821 [dd6dae7b-c4a9-4a16-a5ce-973fa036779e-groupManagement] INFO  server.RaftServerConfigKeys (ConfUtils.java:logGet(46)) - raft.server.log.write.buffer.size = 1048576 (custom)
2023-06-02 05:15:32,822 [dd6dae7b-c4a9-4a16-a5ce-973fa036779e-groupManagement] INFO  server.RaftServerConfigKeys (ConfUtils.java:logGet(46)) - raft.server.log.appender.buffer.byte-limit = 33554432 (custom)
2023-06-02 05:15:32,828 [dd6dae7b-c4a9-4a16-a5ce-973fa036779e-groupManagement] INFO  server.RaftServerConfigKeys (ConfUtils.java:logGet(46)) - raft.server.log.unsafe-flush.enabled = false (default)
2023-06-02 05:15:32,829 [dd6dae7b-c4a9-4a16-a5ce-973fa036779e-groupManagement] INFO  server.RaftServerConfigKeys (ConfUtils.java:logGet(46)) - raft.server.log.async-flush.enabled = false (default)
2023-06-02 05:15:32,829 [dd6dae7b-c4a9-4a16-a5ce-973fa036779e-groupManagement] INFO  server.RaftServerConfigKeys (ConfUtils.java:logGet(46)) - raft.server.log.statemachine.data.caching.enabled = true (custom)
2023-06-02 05:15:32,829 [dd6dae7b-c4a9-4a16-a5ce-973fa036779e-groupManagement] INFO  segmented.SegmentedRaftLogWorker (SegmentedRaftLogWorker.java:lambda$new$0(135)) - dd6dae7b-c4a9-4a16-a5ce-973fa036779e@group-D763314ADDB8-SegmentedRaftLogWorker: flushIndex: setUnconditionally 0 -> -1
2023-06-02 05:15:32,829 [dd6dae7b-c4a9-4a16-a5ce-973fa036779e-groupManagement] INFO  segmented.SegmentedRaftLogWorker (SegmentedRaftLogWorker.java:lambda$new$0(135)) - dd6dae7b-c4a9-4a16-a5ce-973fa036779e@group-D763314ADDB8-SegmentedRaftLogWorker: safeCacheEvictIndex: setUnconditionally 0 -> -1
2023-06-02 05:15:32,829 [dd6dae7b-c4a9-4a16-a5ce-973fa036779e-groupManagement] INFO  server.RaftServer$Division (RaftServerImpl.java:start(342)) - dd6dae7b-c4a9-4a16-a5ce-973fa036779e@group-D763314ADDB8: start as a follower, conf=-1: peers:[dd6dae7b-c4a9-4a16-a5ce-973fa036779e|rpc:10.1.74.1:15095|admin:10.1.74.1:15094|client:10.1.74.1:15093|dataStream:10.1.74.1:15096|priority:1|startupRole:FOLLOWER]|listeners:[], old=null
2023-06-02 05:15:32,829 [dd6dae7b-c4a9-4a16-a5ce-973fa036779e-groupManagement] INFO  server.RaftServer$Division (RaftServerImpl.java:setRole(329)) - dd6dae7b-c4a9-4a16-a5ce-973fa036779e@group-D763314ADDB8: changes role from      null to FOLLOWER at term 0 for startAsFollower
2023-06-02 05:15:32,830 [dd6dae7b-c4a9-4a16-a5ce-973fa036779e-groupManagement] INFO  impl.RoleInfo (RoleInfo.java:updateAndGet(139)) - dd6dae7b-c4a9-4a16-a5ce-973fa036779e: start dd6dae7b-c4a9-4a16-a5ce-973fa036779e@group-D763314ADDB8-FollowerState
2023-06-02 05:15:32,834 [dd6dae7b-c4a9-4a16-a5ce-973fa036779e-groupManagement] INFO  util.JmxRegister (JmxRegister.java:tryRegister(44)) - Successfully registered JMX Bean with object name Ratis:service=RaftServer,group=group-D763314ADDB8,id=dd6dae7b-c4a9-4a16-a5ce-973fa036779e
2023-06-02 05:15:32,834 [dd6dae7b-c4a9-4a16-a5ce-973fa036779e-groupManagement] INFO  server.RaftServerConfigKeys (ConfUtils.java:logGet(46)) - raft.server.snapshot.auto.trigger.enabled = true (custom)
2023-06-02 05:15:32,834 [dd6dae7b-c4a9-4a16-a5ce-973fa036779e-groupManagement] INFO  server.RaftServerConfigKeys (ConfUtils.java:logGet(46)) - raft.server.snapshot.auto.trigger.threshold = 10000 (custom)
2023-06-02 05:15:32,834 [dd6dae7b-c4a9-4a16-a5ce-973fa036779e-groupManagement] INFO  server.RaftServerConfigKeys (ConfUtils.java:logGet(46)) - raft.server.snapshot.retention.file.num = 5 (custom)
2023-06-02 05:15:32,834 [dd6dae7b-c4a9-4a16-a5ce-973fa036779e-groupManagement] INFO  server.RaftServerConfigKeys (ConfUtils.java:logGet(46)) - raft.server.log.purge.upto.snapshot.index = false (default)
2023-06-02 05:15:32,835 [dd6dae7b-c4a9-4a16-a5ce-973fa036779e@group-D763314ADDB8-FollowerState] INFO  server.RaftServerConfigKeys (ConfUtils.java:logFallback(53)) - raft.server.rpc.first-election.timeout.min = 5s (fallback to raft.server.rpc.timeout.min)
2023-06-02 05:15:32,835 [dd6dae7b-c4a9-4a16-a5ce-973fa036779e@group-D763314ADDB8-FollowerState] INFO  server.RaftServerConfigKeys (ConfUtils.java:logFallback(53)) - raft.server.rpc.first-election.timeout.max = 5200ms (fallback to raft.server.rpc.timeout.max)
2023-06-02 05:15:32,835 [PipelineCommandHandlerThread-0] INFO  ratis.XceiverServerRatis (XceiverServerRatis.java:addGroup(804)) - Created group PipelineID=acbeca6a-30dc-49f9-bb51-d763314addb8
2023-06-02 05:15:32,836 [PipelineCommandHandlerThread-0] INFO  commandhandler.CreatePipelineCommandHandler (CreatePipelineCommandHandler.java:lambda$handle$2(124)) - Created Pipeline RATIS ONE PipelineID=acbeca6a-30dc-49f9-bb51-d763314addb8.
2023-06-02 05:15:32,836 [PipelineCommandHandlerThread-0] INFO  server.RaftServer (RaftServerProxy.java:addNew(98)) - dd6dae7b-c4a9-4a16-a5ce-973fa036779e: addNew group-CE229A59640D:[dd6dae7b-c4a9-4a16-a5ce-973fa036779e|rpc:10.1.74.1:15095|admin:10.1.74.1:15094|client:10.1.74.1:15093|dataStream:10.1.74.1:15096|priority:1|startupRole:FOLLOWER, af4b945e-05c9-4c95-92ea-ec296ba0645f|rpc:10.1.74.1:15113|admin:10.1.74.1:15112|client:10.1.74.1:15111|dataStream:10.1.74.1:15114|priority:0|startupRole:FOLLOWER, f6a83548-c013-4f74-9c0e-0b5a922fe81f|rpc:10.1.74.1:15104|admin:10.1.74.1:15103|client:10.1.74.1:15102|dataStream:10.1.74.1:15105|priority:0|startupRole:FOLLOWER] returns group-CE229A59640D:java.util.concurrent.CompletableFuture@7adff2db[Not completed]
2023-06-02 05:15:32,837 [dd6dae7b-c4a9-4a16-a5ce-973fa036779e-groupManagement] INFO  server.RaftServer$Division (RaftServerImpl.java:<init>(198)) - dd6dae7b-c4a9-4a16-a5ce-973fa036779e: new RaftServerImpl for group-CE229A59640D:[dd6dae7b-c4a9-4a16-a5ce-973fa036779e|rpc:10.1.74.1:15095|admin:10.1.74.1:15094|client:10.1.74.1:15093|dataStream:10.1.74.1:15096|priority:1|startupRole:FOLLOWER, af4b945e-05c9-4c95-92ea-ec296ba0645f|rpc:10.1.74.1:15113|admin:10.1.74.1:15112|client:10.1.74.1:15111|dataStream:10.1.74.1:15114|priority:0|startupRole:FOLLOWER, f6a83548-c013-4f74-9c0e-0b5a922fe81f|rpc:10.1.74.1:15104|admin:10.1.74.1:15103|client:10.1.74.1:15102|dataStream:10.1.74.1:15105|priority:0|startupRole:FOLLOWER] with ContainerStateMachine:uninitialized
2023-06-02 05:15:32,837 [dd6dae7b-c4a9-4a16-a5ce-973fa036779e-groupManagement] INFO  server.RaftServerConfigKeys (ConfUtils.java:logGet(46)) - raft.server.rpc.timeout.min = 5s (custom)
2023-06-02 05:15:32,838 [dd6dae7b-c4a9-4a16-a5ce-973fa036779e-groupManagement] INFO  server.RaftServerConfigKeys (ConfUtils.java:logGet(46)) - raft.server.rpc.timeout.max = 5200ms (custom)
2023-06-02 05:15:32,838 [dd6dae7b-c4a9-4a16-a5ce-973fa036779e-groupManagement] INFO  server.RaftServerConfigKeys (ConfUtils.java:logGet(46)) - raft.server.rpc.sleep.time = 25ms (default)
2023-06-02 05:15:32,838 [dd6dae7b-c4a9-4a16-a5ce-973fa036779e-groupManagement] INFO  server.RaftServerConfigKeys (ConfUtils.java:logGet(46)) - raft.server.rpc.slowness.timeout = 300s (custom)
2023-06-02 05:15:32,838 [dd6dae7b-c4a9-4a16-a5ce-973fa036779e-groupManagement] INFO  server.RaftServerConfigKeys (ConfUtils.java:logGet(46)) - raft.server.leaderelection.leader.step-down.wait-time = 10s (default)
2023-06-02 05:15:32,838 [dd6dae7b-c4a9-4a16-a5ce-973fa036779e-groupManagement] INFO  server.RaftServerConfigKeys (ConfUtils.java:logGet(46)) - raft.server.sleep.deviation.threshold = 300ms (default)
2023-06-02 05:15:32,838 [dd6dae7b-c4a9-4a16-a5ce-973fa036779e-groupManagement] INFO  server.RaftServer$Division (ServerState.java:<init>(120)) - dd6dae7b-c4a9-4a16-a5ce-973fa036779e@group-CE229A59640D: ConfigurationManager, init=-1: peers:[dd6dae7b-c4a9-4a16-a5ce-973fa036779e|rpc:10.1.74.1:15095|admin:10.1.74.1:15094|client:10.1.74.1:15093|dataStream:10.1.74.1:15096|priority:1|startupRole:FOLLOWER, af4b945e-05c9-4c95-92ea-ec296ba0645f|rpc:10.1.74.1:15113|admin:10.1.74.1:15112|client:10.1.74.1:15111|dataStream:10.1.74.1:15114|priority:0|startupRole:FOLLOWER, f6a83548-c013-4f74-9c0e-0b5a922fe81f|rpc:10.1.74.1:15104|admin:10.1.74.1:15103|client:10.1.74.1:15102|dataStream:10.1.74.1:15105|priority:0|startupRole:FOLLOWER]|listeners:[], old=null, confs=<EMPTY_MAP>
2023-06-02 05:15:32,838 [dd6dae7b-c4a9-4a16-a5ce-973fa036779e-groupManagement] INFO  server.RaftServerConfigKeys (ConfUtils.java:logGet(46)) - raft.server.storage.dir = [/home/runner/work/ozone/ozone/hadoop-ozone/integration-test/target/test-dir/MiniOzoneClusterImpl-4e6c5432-da36-405d-b7f1-05871ead9573/datanode-9/data/ratis] (custom)
2023-06-02 05:15:32,838 [dd6dae7b-c4a9-4a16-a5ce-973fa036779e-groupManagement] INFO  server.RaftServerConfigKeys (ConfUtils.java:logGet(46)) - raft.server.log.corruption.policy = EXCEPTION (default)
2023-06-02 05:15:32,839 [dd6dae7b-c4a9-4a16-a5ce-973fa036779e-groupManagement] INFO  server.RaftServerConfigKeys (ConfUtils.java:logGet(46)) - raft.server.storage.free-space.min = 0MB (=0) (default)
2023-06-02 05:15:32,839 [dd6dae7b-c4a9-4a16-a5ce-973fa036779e-groupManagement] INFO  server.RaftServerConfigKeys (ConfUtils.java:logGet(46)) - raft.server.notification.no-leader.timeout = 300s (custom)
2023-06-02 05:15:32,839 [dd6dae7b-c4a9-4a16-a5ce-973fa036779e-groupManagement] INFO  server.RaftServerConfigKeys (ConfUtils.java:logGet(46)) - raft.server.read.timeout = 10s (default)
2023-06-02 05:15:32,839 [dd6dae7b-c4a9-4a16-a5ce-973fa036779e-groupManagement] INFO  server.RaftServerConfigKeys (ConfUtils.java:logGet(46)) - raft.server.retrycache.expirytime = 600000ms (custom)
2023-06-02 05:15:32,839 [dd6dae7b-c4a9-4a16-a5ce-973fa036779e-groupManagement] INFO  server.RaftServerConfigKeys (ConfUtils.java:logGet(46)) - raft.server.retrycache.statistics.expirytime = 100μs (default)
2023-06-02 05:15:32,839 [dd6dae7b-c4a9-4a16-a5ce-973fa036779e-groupManagement] INFO  server.RaftServerConfigKeys (ConfUtils.java:logGet(46)) - raft.server.read.option = DEFAULT (default)
2023-06-02 05:15:32,841 [dd6dae7b-c4a9-4a16-a5ce-973fa036779e-groupManagement] INFO  server.RaftServerConfigKeys (ConfUtils.java:logGet(46)) - raft.server.rpc.request.timeout = 60s (custom)
2023-06-02 05:15:32,842 [dd6dae7b-c4a9-4a16-a5ce-973fa036779e-groupManagement] INFO  server.RaftServerConfigKeys (ConfUtils.java:logGet(46)) - raft.server.log.appender.install.snapshot.enabled = false (custom)
2023-06-02 05:15:32,842 [dd6dae7b-c4a9-4a16-a5ce-973fa036779e-groupManagement] INFO  server.RaftServerConfigKeys (ConfUtils.java:logGet(46)) - raft.server.threadpool.server.cached = true (default)
2023-06-02 05:15:32,842 [dd6dae7b-c4a9-4a16-a5ce-973fa036779e-groupManagement] INFO  server.RaftServerConfigKeys (ConfUtils.java:logGet(46)) - raft.server.threadpool.server.size = 0 (default)
2023-06-02 05:15:32,842 [dd6dae7b-c4a9-4a16-a5ce-973fa036779e-groupManagement] INFO  server.RaftServerConfigKeys (ConfUtils.java:logGet(46)) - raft.server.threadpool.client.cached = true (default)
2023-06-02 05:15:32,844 [dd6dae7b-c4a9-4a16-a5ce-973fa036779e-groupManagement] INFO  server.RaftServerConfigKeys (ConfUtils.java:logGet(46)) - raft.server.threadpool.client.size = 0 (default)
2023-06-02 05:15:32,844 [dd6dae7b-c4a9-4a16-a5ce-973fa036779e-groupManagement] INFO  storage.RaftStorageDirectory (RaftStorageDirectoryImpl.java:analyzeStorage(137)) - The storage directory /home/runner/work/ozone/ozone/hadoop-ozone/integration-test/target/test-dir/MiniOzoneClusterImpl-4e6c5432-da36-405d-b7f1-05871ead9573/datanode-9/data/ratis/d0d23509-e827-4488-bfc7-ce229a59640d does not exist. Creating ...
2023-06-02 05:15:32,845 [dd6dae7b-c4a9-4a16-a5ce-973fa036779e-groupManagement] INFO  storage.RaftStorageDirectory (RaftStorageDirectoryImpl.java:tryLock(231)) - Lock on /home/runner/work/ozone/ozone/hadoop-ozone/integration-test/target/test-dir/MiniOzoneClusterImpl-4e6c5432-da36-405d-b7f1-05871ead9573/datanode-9/data/ratis/d0d23509-e827-4488-bfc7-ce229a59640d/in_use.lock acquired by nodename 65026@fv-az628-647
2023-06-02 05:15:32,847 [dd6dae7b-c4a9-4a16-a5ce-973fa036779e-groupManagement] INFO  storage.RaftStorage (RaftStorageImpl.java:format(96)) - Storage directory /home/runner/work/ozone/ozone/hadoop-ozone/integration-test/target/test-dir/MiniOzoneClusterImpl-4e6c5432-da36-405d-b7f1-05871ead9573/datanode-9/data/ratis/d0d23509-e827-4488-bfc7-ce229a59640d has been successfully formatted.
2023-06-02 05:15:32,847 [dd6dae7b-c4a9-4a16-a5ce-973fa036779e-groupManagement] INFO  ratis.ContainerStateMachine (ContainerStateMachine.java:loadSnapshot(262)) - group-CE229A59640D: The snapshot info is null. Setting the last applied indexto:(t:0, i:~)
2023-06-02 05:15:32,847 [dd6dae7b-c4a9-4a16-a5ce-973fa036779e-groupManagement] INFO  server.RaftServerConfigKeys (ConfUtils.java:logGet(46)) - raft.server.log.use.memory = false (default)
2023-06-02 05:15:32,847 [dd6dae7b-c4a9-4a16-a5ce-973fa036779e-groupManagement] INFO  server.RaftServerConfigKeys (ConfUtils.java:logGet(46)) - raft.server.log.purge.gap = 1000000 (custom)
2023-06-02 05:15:32,847 [dd6dae7b-c4a9-4a16-a5ce-973fa036779e-groupManagement] INFO  server.RaftServerConfigKeys (ConfUtils.java:logGet(46)) - raft.server.log.appender.buffer.byte-limit = 33554432 (custom)
2023-06-02 05:15:32,848 [EventQueue-OpenPipelineForHealthyPipelineSafeModeRule] INFO  safemode.SCMSafeModeManager (HealthyPipelineSafeModeRule.java:process(137)) - SCM in safe mode. Healthy pipelines reported count is 0, required healthy pipeline reported count is 1
2023-06-02 05:15:32,849 [dd6dae7b-c4a9-4a16-a5ce-973fa036779e-groupManagement] INFO  server.RaftServerConfigKeys (ConfUtils.java:logGet(46)) - raft.server.log.statemachine.data.read.timeout = 1000ms (default)
2023-06-02 05:15:32,849 [dd6dae7b-c4a9-4a16-a5ce-973fa036779e-groupManagement] INFO  server.RaftServerConfigKeys (ConfUtils.java:logGet(46)) - raft.server.log.purge.preservation.log.num = 0 (default)
2023-06-02 05:15:32,849 [dd6dae7b-c4a9-4a16-a5ce-973fa036779e-groupManagement] INFO  server.RaftServerConfigKeys (ConfUtils.java:logGet(46)) - raft.server.log.segment.size.max = 1048576 (custom)
2023-06-02 05:15:32,849 [dd6dae7b-c4a9-4a16-a5ce-973fa036779e-groupManagement] INFO  server.RaftServerConfigKeys (ConfUtils.java:logGet(46)) - raft.server.log.segment.cache.num.max = 2 (custom)
2023-06-02 05:15:32,849 [dd6dae7b-c4a9-4a16-a5ce-973fa036779e-groupManagement] INFO  server.RaftServerConfigKeys (ConfUtils.java:logGet(46)) - raft.server.log.segment.cache.size.max = 200MB (=209715200) (default)
2023-06-02 05:15:32,850 [dd6dae7b-c4a9-4a16-a5ce-973fa036779e-groupManagement] INFO  server.RaftServerConfigKeys (ConfUtils.java:logGet(46)) - raft.server.log.appender.buffer.byte-limit = 33554432 (custom)
2023-06-02 05:15:32,850 [dd6dae7b-c4a9-4a16-a5ce-973fa036779e-groupManagement] INFO  segmented.SegmentedRaftLogWorker (SegmentedRaftLogWorker.java:<init>(188)) - new dd6dae7b-c4a9-4a16-a5ce-973fa036779e@group-CE229A59640D-SegmentedRaftLogWorker for RaftStorageImpl:Storage Directory /home/runner/work/ozone/ozone/hadoop-ozone/integration-test/target/test-dir/MiniOzoneClusterImpl-4e6c5432-da36-405d-b7f1-05871ead9573/datanode-9/data/ratis/d0d23509-e827-4488-bfc7-ce229a59640d
2023-06-02 05:15:32,850 [dd6dae7b-c4a9-4a16-a5ce-973fa036779e-groupManagement] INFO  server.RaftServerConfigKeys (ConfUtils.java:logGet(46)) - raft.server.log.queue.byte-limit = 4294967296 (custom)
2023-06-02 05:15:32,850 [dd6dae7b-c4a9-4a16-a5ce-973fa036779e-groupManagement] INFO  server.RaftServerConfigKeys (ConfUtils.java:logGet(46)) - raft.server.log.queue.element-limit = 1024 (custom)
2023-06-02 05:15:32,850 [dd6dae7b-c4a9-4a16-a5ce-973fa036779e-groupManagement] INFO  server.RaftServerConfigKeys (ConfUtils.java:logGet(46)) - raft.server.log.segment.size.max = 1048576 (custom)
2023-06-02 05:15:32,850 [dd6dae7b-c4a9-4a16-a5ce-973fa036779e-groupManagement] INFO  server.RaftServerConfigKeys (ConfUtils.java:logGet(46)) - raft.server.log.preallocated.size = 16384 (custom)
2023-06-02 05:15:32,850 [dd6dae7b-c4a9-4a16-a5ce-973fa036779e-groupManagement] INFO  server.RaftServerConfigKeys (ConfUtils.java:logGet(46)) - raft.server.log.force.sync.num = 128 (default)
2023-06-02 05:15:32,850 [dd6dae7b-c4a9-4a16-a5ce-973fa036779e-groupManagement] INFO  server.RaftServerConfigKeys (ConfUtils.java:logGet(46)) - raft.server.log.statemachine.data.sync = true (default)
2023-06-02 05:15:32,850 [dd6dae7b-c4a9-4a16-a5ce-973fa036779e-groupManagement] INFO  server.RaftServerConfigKeys (ConfUtils.java:logGet(46)) - raft.server.log.statemachine.data.sync.timeout = 10s (default)
2023-06-02 05:15:32,850 [dd6dae7b-c4a9-4a16-a5ce-973fa036779e-groupManagement] INFO  server.RaftServerConfigKeys (ConfUtils.java:logGet(46)) - raft.server.log.statemachine.data.sync.timeout.retry = -1 (default)
2023-06-02 05:15:32,851 [dd6dae7b-c4a9-4a16-a5ce-973fa036779e-groupManagement] INFO  server.RaftServerConfigKeys (ConfUtils.java:logGet(46)) - raft.server.log.write.buffer.size = 1048576 (custom)
2023-06-02 05:15:32,852 [dd6dae7b-c4a9-4a16-a5ce-973fa036779e-groupManagement] INFO  server.RaftServerConfigKeys (ConfUtils.java:logGet(46)) - raft.server.log.appender.buffer.byte-limit = 33554432 (custom)
2023-06-02 05:15:33,290 [JvmPauseMonitor11] WARN  util.JvmPauseMonitor (JvmPauseMonitor.java:detectPause(124)) - JvmPauseMonitor-f6a83548-c013-4f74-9c0e-0b5a922fe81f: Detected pause in JVM or host machine approximately 0.142s with 0.428s GC time.
GC pool 'PS MarkSweep' had collection(s): count=1 time=334ms
GC pool 'PS Scavenge' had collection(s): count=1 time=94ms
2023-06-02 05:15:33,290 [JvmPauseMonitor1] WARN  util.JvmPauseMonitor (JvmPauseMonitor.java:detectPause(124)) - JvmPauseMonitor-f102c20d-579f-44a7-9197-f839bb943261: Detected pause in JVM or host machine approximately 0.149s with 0.428s GC time.
GC pool 'PS MarkSweep' had collection(s): count=1 time=334ms
GC pool 'PS Scavenge' had collection(s): count=1 time=94ms
2023-06-02 05:15:33,290 [JvmPauseMonitor12] WARN  util.JvmPauseMonitor (JvmPauseMonitor.java:detectPause(124)) - JvmPauseMonitor-af4b945e-05c9-4c95-92ea-ec296ba0645f: Detected pause in JVM or host machine approximately 0.152s with 0.428s GC time.
GC pool 'PS MarkSweep' had collection(s): count=1 time=334ms
GC pool 'PS Scavenge' had collection(s): count=1 time=94ms
2023-06-02 05:15:33,291 [JvmPauseMonitor13] WARN  util.JvmPauseMonitor (JvmPauseMonitor.java:detectPause(124)) - JvmPauseMonitor-02d5e712-89f3-441d-ae82-935a5ddb56eb: Detected pause in JVM or host machine approximately 0.154s with 0.428s GC time.
GC pool 'PS MarkSweep' had collection(s): count=1 time=334ms
GC pool 'PS Scavenge' had collection(s): count=1 time=94ms
2023-06-02 05:15:33,291 [JvmPauseMonitor7] WARN  util.JvmPauseMonitor (JvmPauseMonitor.java:detectPause(124)) - JvmPauseMonitor-87f06f2d-f73a-4ca4-bc8e-5aedfa582ec7: Detected pause in JVM or host machine approximately 0.154s with 0.428s GC time.
GC pool 'PS MarkSweep' had collection(s): count=1 time=334ms
GC pool 'PS Scavenge' had collection(s): count=1 time=94ms
2023-06-02 05:15:33,292 [dd6dae7b-c4a9-4a16-a5ce-973fa036779e-groupManagement] INFO  server.RaftServerConfigKeys (ConfUtils.java:logGet(46)) - raft.server.log.unsafe-flush.enabled = false (default)
2023-06-02 05:15:33,293 [dd6dae7b-c4a9-4a16-a5ce-973fa036779e-groupManagement] INFO  server.RaftServerConfigKeys (ConfUtils.java:logGet(46)) - raft.server.log.async-flush.enabled = false (default)
2023-06-02 05:15:33,293 [dd6dae7b-c4a9-4a16-a5ce-973fa036779e-groupManagement] INFO  server.RaftServerConfigKeys (ConfUtils.java:logGet(46)) - raft.server.log.statemachine.data.caching.enabled = true (custom)
2023-06-02 05:15:33,293 [dd6dae7b-c4a9-4a16-a5ce-973fa036779e-groupManagement] INFO  segmented.SegmentedRaftLogWorker (SegmentedRaftLogWorker.java:lambda$new$0(135)) - dd6dae7b-c4a9-4a16-a5ce-973fa036779e@group-CE229A59640D-SegmentedRaftLogWorker: flushIndex: setUnconditionally 0 -> -1
2023-06-02 05:15:33,293 [dd6dae7b-c4a9-4a16-a5ce-973fa036779e-groupManagement] INFO  segmented.SegmentedRaftLogWorker (SegmentedRaftLogWorker.java:lambda$new$0(135)) - dd6dae7b-c4a9-4a16-a5ce-973fa036779e@group-CE229A59640D-SegmentedRaftLogWorker: safeCacheEvictIndex: setUnconditionally 0 -> -1
2023-06-02 05:15:33,294 [JvmPauseMonitor5] WARN  util.JvmPauseMonitor (JvmPauseMonitor.java:detectPause(124)) - JvmPauseMonitor-bf3b8f25-dffd-4d70-aae5-69cf4c3dc4d1: Detected pause in JVM or host machine approximately 0.157s with 0.428s GC time.
GC pool 'PS MarkSweep' had collection(s): count=1 time=334ms
GC pool 'PS Scavenge' had collection(s): count=1 time=94ms
2023-06-02 05:15:33,294 [JvmPauseMonitor14] WARN  util.JvmPauseMonitor (JvmPauseMonitor.java:detectPause(124)) - JvmPauseMonitor-974c4613-d60a-49f9-a8d7-7eb2aff460ff: Detected pause in JVM or host machine approximately 0.158s with 0.428s GC time.
GC pool 'PS MarkSweep' had collection(s): count=1 time=334ms
GC pool 'PS Scavenge' had collection(s): count=1 time=94ms
2023-06-02 05:15:33,294 [JvmPauseMonitor10] WARN  util.JvmPauseMonitor (JvmPauseMonitor.java:detectPause(124)) - JvmPauseMonitor-dd6dae7b-c4a9-4a16-a5ce-973fa036779e: Detected pause in JVM or host machine approximately 0.158s with 0.428s GC time.
GC pool 'PS MarkSweep' had collection(s): count=1 time=334ms
GC pool 'PS Scavenge' had collection(s): count=1 time=94ms
2023-06-02 05:15:33,294 [JvmPauseMonitor0] WARN  util.JvmPauseMonitor (JvmPauseMonitor.java:detectPause(124)) - JvmPauseMonitor-om1: Detected pause in JVM or host machine approximately 0.161s with 0.428s GC time.
GC pool 'PS MarkSweep' had collection(s): count=1 time=334ms
GC pool 'PS Scavenge' had collection(s): count=1 time=94ms
2023-06-02 05:15:33,294 [JvmPauseMonitor9] WARN  util.JvmPauseMonitor (JvmPauseMonitor.java:detectPause(124)) - JvmPauseMonitor-70b3c7ea-e7eb-4f75-8ddc-1173fec1a2ac: Detected pause in JVM or host machine approximately 0.161s with 0.428s GC time.
GC pool 'PS MarkSweep' had collection(s): count=1 time=334ms
GC pool 'PS Scavenge' had collection(s): count=1 time=94ms
2023-06-02 05:15:33,294 [dd6dae7b-c4a9-4a16-a5ce-973fa036779e-groupManagement] INFO  server.RaftServer$Division (RaftServerImpl.java:start(342)) - dd6dae7b-c4a9-4a16-a5ce-973fa036779e@group-CE229A59640D: start as a follower, conf=-1: peers:[dd6dae7b-c4a9-4a16-a5ce-973fa036779e|rpc:10.1.74.1:15095|admin:10.1.74.1:15094|client:10.1.74.1:15093|dataStream:10.1.74.1:15096|priority:1|startupRole:FOLLOWER, af4b945e-05c9-4c95-92ea-ec296ba0645f|rpc:10.1.74.1:15113|admin:10.1.74.1:15112|client:10.1.74.1:15111|dataStream:10.1.74.1:15114|priority:0|startupRole:FOLLOWER, f6a83548-c013-4f74-9c0e-0b5a922fe81f|rpc:10.1.74.1:15104|admin:10.1.74.1:15103|client:10.1.74.1:15102|dataStream:10.1.74.1:15105|priority:0|startupRole:FOLLOWER]|listeners:[], old=null
2023-06-02 05:15:33,294 [dd6dae7b-c4a9-4a16-a5ce-973fa036779e-groupManagement] INFO  server.RaftServer$Division (RaftServerImpl.java:setRole(329)) - dd6dae7b-c4a9-4a16-a5ce-973fa036779e@group-CE229A59640D: changes role from      null to FOLLOWER at term 0 for startAsFollower
2023-06-02 05:15:33,294 [JvmPauseMonitor2] WARN  util.JvmPauseMonitor (JvmPauseMonitor.java:detectPause(124)) - JvmPauseMonitor-21bba47c-9d70-4b1d-8693-1fcc7960d534: Detected pause in JVM or host machine approximately 0.168s with 0.428s GC time.
GC pool 'PS MarkSweep' had collection(s): count=1 time=334ms
GC pool 'PS Scavenge' had collection(s): count=1 time=94ms
2023-06-02 05:15:33,294 [dd6dae7b-c4a9-4a16-a5ce-973fa036779e-groupManagement] INFO  impl.RoleInfo (RoleInfo.java:updateAndGet(139)) - dd6dae7b-c4a9-4a16-a5ce-973fa036779e: start dd6dae7b-c4a9-4a16-a5ce-973fa036779e@group-CE229A59640D-FollowerState
2023-06-02 05:15:33,294 [JvmPauseMonitor4] WARN  util.JvmPauseMonitor (JvmPauseMonitor.java:detectPause(124)) - JvmPauseMonitor-45087365-1608-4817-8e49-1b233997f081: Detected pause in JVM or host machine approximately 0.168s with 0.428s GC time.
GC pool 'PS MarkSweep' had collection(s): count=1 time=334ms
GC pool 'PS Scavenge' had collection(s): count=1 time=94ms
2023-06-02 05:15:33,295 [dd6dae7b-c4a9-4a16-a5ce-973fa036779e-groupManagement] INFO  util.JmxRegister (JmxRegister.java:tryRegister(44)) - Successfully registered JMX Bean with object name Ratis:service=RaftServer,group=group-CE229A59640D,id=dd6dae7b-c4a9-4a16-a5ce-973fa036779e
2023-06-02 05:15:33,295 [dd6dae7b-c4a9-4a16-a5ce-973fa036779e-groupManagement] INFO  server.RaftServerConfigKeys (ConfUtils.java:logGet(46)) - raft.server.snapshot.auto.trigger.enabled = true (custom)
2023-06-02 05:15:33,295 [dd6dae7b-c4a9-4a16-a5ce-973fa036779e-groupManagement] INFO  server.RaftServerConfigKeys (ConfUtils.java:logGet(46)) - raft.server.snapshot.auto.trigger.threshold = 10000 (custom)
2023-06-02 05:15:33,295 [dd6dae7b-c4a9-4a16-a5ce-973fa036779e-groupManagement] INFO  server.RaftServerConfigKeys (ConfUtils.java:logGet(46)) - raft.server.snapshot.retention.file.num = 5 (custom)
2023-06-02 05:15:33,295 [dd6dae7b-c4a9-4a16-a5ce-973fa036779e-groupManagement] INFO  server.RaftServerConfigKeys (ConfUtils.java:logGet(46)) - raft.server.log.purge.upto.snapshot.index = false (default)
2023-06-02 05:15:33,295 [JvmPauseMonitor8] WARN  util.JvmPauseMonitor (JvmPauseMonitor.java:detectPause(124)) - JvmPauseMonitor-638bdbe3-f7a3-4715-ad07-0d6e98de3b67: Detected pause in JVM or host machine approximately 0.188s with 0.428s GC time.
GC pool 'PS MarkSweep' had collection(s): count=1 time=334ms
GC pool 'PS Scavenge' had collection(s): count=1 time=94ms
2023-06-02 05:15:33,296 [dd6dae7b-c4a9-4a16-a5ce-973fa036779e@group-CE229A59640D-FollowerState] INFO  server.RaftServerConfigKeys (ConfUtils.java:logFallback(53)) - raft.server.rpc.first-election.timeout.min = 5s (fallback to raft.server.rpc.timeout.min)
2023-06-02 05:15:33,296 [dd6dae7b-c4a9-4a16-a5ce-973fa036779e@group-CE229A59640D-FollowerState] INFO  server.RaftServerConfigKeys (ConfUtils.java:logFallback(53)) - raft.server.rpc.first-election.timeout.max = 5200ms (fallback to raft.server.rpc.timeout.max)
2023-06-02 05:15:33,296 [PipelineCommandHandlerThread-0] INFO  ratis.XceiverServerRatis (XceiverServerRatis.java:addGroup(804)) - Created group PipelineID=d0d23509-e827-4488-bfc7-ce229a59640d
2023-06-02 05:15:33,297 [JvmPauseMonitor6] WARN  util.JvmPauseMonitor (JvmPauseMonitor.java:detectPause(124)) - JvmPauseMonitor-57515d40-5a2b-4760-820a-8e251d1bbde2: Detected pause in JVM or host machine approximately 0.210s with 0.428s GC time.
GC pool 'PS MarkSweep' had collection(s): count=1 time=334ms
GC pool 'PS Scavenge' had collection(s): count=1 time=94ms
2023-06-02 05:15:33,297 [JvmPauseMonitor3] WARN  util.JvmPauseMonitor (JvmPauseMonitor.java:detectPause(124)) - JvmPauseMonitor-f140acff-7aed-42b1-955f-393a22e760fa: Detected pause in JVM or host machine approximately 0.213s with 0.428s GC time.
GC pool 'PS MarkSweep' had collection(s): count=1 time=334ms
GC pool 'PS Scavenge' had collection(s): count=1 time=94ms
2023-06-02 05:15:33,325 [grpc-default-executor-1] INFO  server.RaftServer (RaftServerProxy.java:addNew(98)) - f6a83548-c013-4f74-9c0e-0b5a922fe81f: addNew group-CE229A59640D:[dd6dae7b-c4a9-4a16-a5ce-973fa036779e|rpc:10.1.74.1:15095|admin:10.1.74.1:15094|client:10.1.74.1:15093|dataStream:10.1.74.1:15096|priority:1|startupRole:FOLLOWER, af4b945e-05c9-4c95-92ea-ec296ba0645f|rpc:10.1.74.1:15113|admin:10.1.74.1:15112|client:10.1.74.1:15111|dataStream:10.1.74.1:15114|priority:0|startupRole:FOLLOWER, f6a83548-c013-4f74-9c0e-0b5a922fe81f|rpc:10.1.74.1:15104|admin:10.1.74.1:15103|client:10.1.74.1:15102|dataStream:10.1.74.1:15105|priority:0|startupRole:FOLLOWER] returns group-CE229A59640D:java.util.concurrent.CompletableFuture@216a74ef[Not completed]
2023-06-02 05:15:33,329 [f6a83548-c013-4f74-9c0e-0b5a922fe81f-groupManagement] INFO  server.RaftServer$Division (RaftServerImpl.java:<init>(198)) - f6a83548-c013-4f74-9c0e-0b5a922fe81f: new RaftServerImpl for group-CE229A59640D:[dd6dae7b-c4a9-4a16-a5ce-973fa036779e|rpc:10.1.74.1:15095|admin:10.1.74.1:15094|client:10.1.74.1:15093|dataStream:10.1.74.1:15096|priority:1|startupRole:FOLLOWER, af4b945e-05c9-4c95-92ea-ec296ba0645f|rpc:10.1.74.1:15113|admin:10.1.74.1:15112|client:10.1.74.1:15111|dataStream:10.1.74.1:15114|priority:0|startupRole:FOLLOWER, f6a83548-c013-4f74-9c0e-0b5a922fe81f|rpc:10.1.74.1:15104|admin:10.1.74.1:15103|client:10.1.74.1:15102|dataStream:10.1.74.1:15105|priority:0|startupRole:FOLLOWER] with ContainerStateMachine:uninitialized
2023-06-02 05:15:33,330 [f6a83548-c013-4f74-9c0e-0b5a922fe81f-groupManagement] INFO  server.RaftServerConfigKeys (ConfUtils.java:logGet(46)) - raft.server.rpc.timeout.min = 5s (custom)
2023-06-02 05:15:33,330 [f6a83548-c013-4f74-9c0e-0b5a922fe81f-groupManagement] INFO  server.RaftServerConfigKeys (ConfUtils.java:logGet(46)) - raft.server.rpc.timeout.max = 5200ms (custom)
2023-06-02 05:15:33,330 [f6a83548-c013-4f74-9c0e-0b5a922fe81f-groupManagement] INFO  server.RaftServerConfigKeys (ConfUtils.java:logGet(46)) - raft.server.rpc.sleep.time = 25ms (default)
2023-06-02 05:15:33,330 [f6a83548-c013-4f74-9c0e-0b5a922fe81f-groupManagement] INFO  server.RaftServerConfigKeys (ConfUtils.java:logGet(46)) - raft.server.rpc.slowness.timeout = 300s (custom)
2023-06-02 05:15:33,330 [f6a83548-c013-4f74-9c0e-0b5a922fe81f-groupManagement] INFO  server.RaftServerConfigKeys (ConfUtils.java:logGet(46)) - raft.server.leaderelection.leader.step-down.wait-time = 10s (default)
2023-06-02 05:15:33,330 [f6a83548-c013-4f74-9c0e-0b5a922fe81f-groupManagement] INFO  server.RaftServerConfigKeys (ConfUtils.java:logGet(46)) - raft.server.sleep.deviation.threshold = 300ms (default)
2023-06-02 05:15:33,330 [f6a83548-c013-4f74-9c0e-0b5a922fe81f-groupManagement] INFO  server.RaftServer$Division (ServerState.java:<init>(120)) - f6a83548-c013-4f74-9c0e-0b5a922fe81f@group-CE229A59640D: ConfigurationManager, init=-1: peers:[dd6dae7b-c4a9-4a16-a5ce-973fa036779e|rpc:10.1.74.1:15095|admin:10.1.74.1:15094|client:10.1.74.1:15093|dataStream:10.1.74.1:15096|priority:1|startupRole:FOLLOWER, af4b945e-05c9-4c95-92ea-ec296ba0645f|rpc:10.1.74.1:15113|admin:10.1.74.1:15112|client:10.1.74.1:15111|dataStream:10.1.74.1:15114|priority:0|startupRole:FOLLOWER, f6a83548-c013-4f74-9c0e-0b5a922fe81f|rpc:10.1.74.1:15104|admin:10.1.74.1:15103|client:10.1.74.1:15102|dataStream:10.1.74.1:15105|priority:0|startupRole:FOLLOWER]|listeners:[], old=null, confs=<EMPTY_MAP>
2023-06-02 05:15:33,330 [f6a83548-c013-4f74-9c0e-0b5a922fe81f-groupManagement] INFO  server.RaftServerConfigKeys (ConfUtils.java:logGet(46)) - raft.server.storage.dir = [/home/runner/work/ozone/ozone/hadoop-ozone/integration-test/target/test-dir/MiniOzoneClusterImpl-4e6c5432-da36-405d-b7f1-05871ead9573/datanode-10/data/ratis] (custom)
2023-06-02 05:15:33,330 [f6a83548-c013-4f74-9c0e-0b5a922fe81f-groupManagement] INFO  server.RaftServerConfigKeys (ConfUtils.java:logGet(46)) - raft.server.log.corruption.policy = EXCEPTION (default)
2023-06-02 05:15:33,330 [f6a83548-c013-4f74-9c0e-0b5a922fe81f-groupManagement] INFO  server.RaftServerConfigKeys (ConfUtils.java:logGet(46)) - raft.server.storage.free-space.min = 0MB (=0) (default)
2023-06-02 05:15:33,331 [f6a83548-c013-4f74-9c0e-0b5a922fe81f-groupManagement] INFO  server.RaftServerConfigKeys (ConfUtils.java:logGet(46)) - raft.server.notification.no-leader.timeout = 300s (custom)
2023-06-02 05:15:33,331 [f6a83548-c013-4f74-9c0e-0b5a922fe81f-groupManagement] INFO  server.RaftServerConfigKeys (ConfUtils.java:logGet(46)) - raft.server.read.timeout = 10s (default)
2023-06-02 05:15:33,331 [f6a83548-c013-4f74-9c0e-0b5a922fe81f-groupManagement] INFO  server.RaftServerConfigKeys (ConfUtils.java:logGet(46)) - raft.server.retrycache.expirytime = 600000ms (custom)
2023-06-02 05:15:33,331 [f6a83548-c013-4f74-9c0e-0b5a922fe81f-groupManagement] INFO  server.RaftServerConfigKeys (ConfUtils.java:logGet(46)) - raft.server.retrycache.statistics.expirytime = 100μs (default)
2023-06-02 05:15:33,331 [f6a83548-c013-4f74-9c0e-0b5a922fe81f-groupManagement] INFO  server.RaftServerConfigKeys (ConfUtils.java:logGet(46)) - raft.server.read.option = DEFAULT (default)
2023-06-02 05:15:33,332 [f6a83548-c013-4f74-9c0e-0b5a922fe81f-groupManagement] INFO  server.RaftServerConfigKeys (ConfUtils.java:logGet(46)) - raft.server.rpc.request.timeout = 60s (custom)
2023-06-02 05:15:33,332 [f6a83548-c013-4f74-9c0e-0b5a922fe81f-groupManagement] INFO  server.RaftServerConfigKeys (ConfUtils.java:logGet(46)) - raft.server.log.appender.install.snapshot.enabled = false (custom)
2023-06-02 05:15:33,332 [f6a83548-c013-4f74-9c0e-0b5a922fe81f-groupManagement] INFO  server.RaftServerConfigKeys (ConfUtils.java:logGet(46)) - raft.server.threadpool.server.cached = true (default)
2023-06-02 05:15:33,332 [f6a83548-c013-4f74-9c0e-0b5a922fe81f-groupManagement] INFO  server.RaftServerConfigKeys (ConfUtils.java:logGet(46)) - raft.server.threadpool.server.size = 0 (default)
2023-06-02 05:15:33,332 [f6a83548-c013-4f74-9c0e-0b5a922fe81f-groupManagement] INFO  server.RaftServerConfigKeys (ConfUtils.java:logGet(46)) - raft.server.threadpool.client.cached = true (default)
2023-06-02 05:15:33,333 [f6a83548-c013-4f74-9c0e-0b5a922fe81f-groupManagement] INFO  server.RaftServerConfigKeys (ConfUtils.java:logGet(46)) - raft.server.threadpool.client.size = 0 (default)
2023-06-02 05:15:33,333 [f6a83548-c013-4f74-9c0e-0b5a922fe81f-groupManagement] INFO  storage.RaftStorageDirectory (RaftStorageDirectoryImpl.java:analyzeStorage(137)) - The storage directory /home/runner/work/ozone/ozone/hadoop-ozone/integration-test/target/test-dir/MiniOzoneClusterImpl-4e6c5432-da36-405d-b7f1-05871ead9573/datanode-10/data/ratis/d0d23509-e827-4488-bfc7-ce229a59640d does not exist. Creating ...
2023-06-02 05:15:33,335 [f6a83548-c013-4f74-9c0e-0b5a922fe81f-groupManagement] INFO  storage.RaftStorageDirectory (RaftStorageDirectoryImpl.java:tryLock(231)) - Lock on /home/runner/work/ozone/ozone/hadoop-ozone/integration-test/target/test-dir/MiniOzoneClusterImpl-4e6c5432-da36-405d-b7f1-05871ead9573/datanode-10/data/ratis/d0d23509-e827-4488-bfc7-ce229a59640d/in_use.lock acquired by nodename 65026@fv-az628-647
2023-06-02 05:15:33,337 [f6a83548-c013-4f74-9c0e-0b5a922fe81f-groupManagement] INFO  storage.RaftStorage (RaftStorageImpl.java:format(96)) - Storage directory /home/runner/work/ozone/ozone/hadoop-ozone/integration-test/target/test-dir/MiniOzoneClusterImpl-4e6c5432-da36-405d-b7f1-05871ead9573/datanode-10/data/ratis/d0d23509-e827-4488-bfc7-ce229a59640d has been successfully formatted.
2023-06-02 05:15:33,339 [f6a83548-c013-4f74-9c0e-0b5a922fe81f-groupManagement] INFO  ratis.ContainerStateMachine (ContainerStateMachine.java:loadSnapshot(262)) - group-CE229A59640D: The snapshot info is null. Setting the last applied indexto:(t:0, i:~)
2023-06-02 05:15:33,339 [f6a83548-c013-4f74-9c0e-0b5a922fe81f-groupManagement] INFO  server.RaftServerConfigKeys (ConfUtils.java:logGet(46)) - raft.server.log.use.memory = false (default)
2023-06-02 05:15:33,340 [f6a83548-c013-4f74-9c0e-0b5a922fe81f-groupManagement] INFO  server.RaftServerConfigKeys (ConfUtils.java:logGet(46)) - raft.server.log.purge.gap = 1000000 (custom)
2023-06-02 05:15:33,340 [f6a83548-c013-4f74-9c0e-0b5a922fe81f-groupManagement] INFO  server.RaftServerConfigKeys (ConfUtils.java:logGet(46)) - raft.server.log.appender.buffer.byte-limit = 33554432 (custom)
2023-06-02 05:15:33,340 [f6a83548-c013-4f74-9c0e-0b5a922fe81f-groupManagement] INFO  server.RaftServerConfigKeys (ConfUtils.java:logGet(46)) - raft.server.log.statemachine.data.read.timeout = 1000ms (default)
2023-06-02 05:15:33,340 [f6a83548-c013-4f74-9c0e-0b5a922fe81f-groupManagement] INFO  server.RaftServerConfigKeys (ConfUtils.java:logGet(46)) - raft.server.log.purge.preservation.log.num = 0 (default)
2023-06-02 05:15:33,343 [f6a83548-c013-4f74-9c0e-0b5a922fe81f-groupManagement] INFO  server.RaftServerConfigKeys (ConfUtils.java:logGet(46)) - raft.server.log.segment.size.max = 1048576 (custom)
2023-06-02 05:15:33,343 [f6a83548-c013-4f74-9c0e-0b5a922fe81f-groupManagement] INFO  server.RaftServerConfigKeys (ConfUtils.java:logGet(46)) - raft.server.log.segment.cache.num.max = 2 (custom)
2023-06-02 05:15:33,343 [f6a83548-c013-4f74-9c0e-0b5a922fe81f-groupManagement] INFO  server.RaftServerConfigKeys (ConfUtils.java:logGet(46)) - raft.server.log.segment.cache.size.max = 200MB (=209715200) (default)
2023-06-02 05:15:33,344 [f6a83548-c013-4f74-9c0e-0b5a922fe81f-groupManagement] INFO  server.RaftServerConfigKeys (ConfUtils.java:logGet(46)) - raft.server.log.appender.buffer.byte-limit = 33554432 (custom)
2023-06-02 05:15:33,344 [f6a83548-c013-4f74-9c0e-0b5a922fe81f-groupManagement] INFO  segmented.SegmentedRaftLogWorker (SegmentedRaftLogWorker.java:<init>(188)) - new f6a83548-c013-4f74-9c0e-0b5a922fe81f@group-CE229A59640D-SegmentedRaftLogWorker for RaftStorageImpl:Storage Directory /home/runner/work/ozone/ozone/hadoop-ozone/integration-test/target/test-dir/MiniOzoneClusterImpl-4e6c5432-da36-405d-b7f1-05871ead9573/datanode-10/data/ratis/d0d23509-e827-4488-bfc7-ce229a59640d
2023-06-02 05:15:33,344 [f6a83548-c013-4f74-9c0e-0b5a922fe81f-groupManagement] INFO  server.RaftServerConfigKeys (ConfUtils.java:logGet(46)) - raft.server.log.queue.byte-limit = 4294967296 (custom)
2023-06-02 05:15:33,344 [f6a83548-c013-4f74-9c0e-0b5a922fe81f-groupManagement] INFO  server.RaftServerConfigKeys (ConfUtils.java:logGet(46)) - raft.server.log.queue.element-limit = 1024 (custom)
2023-06-02 05:15:33,344 [f6a83548-c013-4f74-9c0e-0b5a922fe81f-groupManagement] INFO  server.RaftServerConfigKeys (ConfUtils.java:logGet(46)) - raft.server.log.segment.size.max = 1048576 (custom)
2023-06-02 05:15:33,345 [f6a83548-c013-4f74-9c0e-0b5a922fe81f-groupManagement] INFO  server.RaftServerConfigKeys (ConfUtils.java:logGet(46)) - raft.server.log.preallocated.size = 16384 (custom)
2023-06-02 05:15:33,345 [f6a83548-c013-4f74-9c0e-0b5a922fe81f-groupManagement] INFO  server.RaftServerConfigKeys (ConfUtils.java:logGet(46)) - raft.server.log.force.sync.num = 128 (default)
2023-06-02 05:15:33,345 [f6a83548-c013-4f74-9c0e-0b5a922fe81f-groupManagement] INFO  server.RaftServerConfigKeys (ConfUtils.java:logGet(46)) - raft.server.log.statemachine.data.sync = true (default)
2023-06-02 05:15:33,345 [f6a83548-c013-4f74-9c0e-0b5a922fe81f-groupManagement] INFO  server.RaftServerConfigKeys (ConfUtils.java:logGet(46)) - raft.server.log.statemachine.data.sync.timeout = 10s (default)
2023-06-02 05:15:33,345 [f6a83548-c013-4f74-9c0e-0b5a922fe81f-groupManagement] INFO  server.RaftServerConfigKeys (ConfUtils.java:logGet(46)) - raft.server.log.statemachine.data.sync.timeout.retry = -1 (default)
2023-06-02 05:15:33,347 [f6a83548-c013-4f74-9c0e-0b5a922fe81f-groupManagement] INFO  server.RaftServerConfigKeys (ConfUtils.java:logGet(46)) - raft.server.log.write.buffer.size = 1048576 (custom)
2023-06-02 05:15:33,347 [f6a83548-c013-4f74-9c0e-0b5a922fe81f-groupManagement] INFO  server.RaftServerConfigKeys (ConfUtils.java:logGet(46)) - raft.server.log.appender.buffer.byte-limit = 33554432 (custom)
2023-06-02 05:15:33,354 [f6a83548-c013-4f74-9c0e-0b5a922fe81f-groupManagement] INFO  server.RaftServerConfigKeys (ConfUtils.java:logGet(46)) - raft.server.log.unsafe-flush.enabled = false (default)
2023-06-02 05:15:33,354 [f6a83548-c013-4f74-9c0e-0b5a922fe81f-groupManagement] INFO  server.RaftServerConfigKeys (ConfUtils.java:logGet(46)) - raft.server.log.async-flush.enabled = false (default)
2023-06-02 05:15:33,354 [f6a83548-c013-4f74-9c0e-0b5a922fe81f-groupManagement] INFO  server.RaftServerConfigKeys (ConfUtils.java:logGet(46)) - raft.server.log.statemachine.data.caching.enabled = true (custom)
2023-06-02 05:15:33,354 [f6a83548-c013-4f74-9c0e-0b5a922fe81f-groupManagement] INFO  segmented.SegmentedRaftLogWorker (SegmentedRaftLogWorker.java:lambda$new$0(135)) - f6a83548-c013-4f74-9c0e-0b5a922fe81f@group-CE229A59640D-SegmentedRaftLogWorker: flushIndex: setUnconditionally 0 -> -1
2023-06-02 05:15:33,354 [f6a83548-c013-4f74-9c0e-0b5a922fe81f-groupManagement] INFO  segmented.SegmentedRaftLogWorker (SegmentedRaftLogWorker.java:lambda$new$0(135)) - f6a83548-c013-4f74-9c0e-0b5a922fe81f@group-CE229A59640D-SegmentedRaftLogWorker: safeCacheEvictIndex: setUnconditionally 0 -> -1
2023-06-02 05:15:33,355 [f6a83548-c013-4f74-9c0e-0b5a922fe81f-groupManagement] INFO  server.RaftServer$Division (RaftServerImpl.java:start(342)) - f6a83548-c013-4f74-9c0e-0b5a922fe81f@group-CE229A59640D: start as a follower, conf=-1: peers:[dd6dae7b-c4a9-4a16-a5ce-973fa036779e|rpc:10.1.74.1:15095|admin:10.1.74.1:15094|client:10.1.74.1:15093|dataStream:10.1.74.1:15096|priority:1|startupRole:FOLLOWER, af4b945e-05c9-4c95-92ea-ec296ba0645f|rpc:10.1.74.1:15113|admin:10.1.74.1:15112|client:10.1.74.1:15111|dataStream:10.1.74.1:15114|priority:0|startupRole:FOLLOWER, f6a83548-c013-4f74-9c0e-0b5a922fe81f|rpc:10.1.74.1:15104|admin:10.1.74.1:15103|client:10.1.74.1:15102|dataStream:10.1.74.1:15105|priority:0|startupRole:FOLLOWER]|listeners:[], old=null
2023-06-02 05:15:33,355 [f6a83548-c013-4f74-9c0e-0b5a922fe81f-groupManagement] INFO  server.RaftServer$Division (RaftServerImpl.java:setRole(329)) - f6a83548-c013-4f74-9c0e-0b5a922fe81f@group-CE229A59640D: changes role from      null to FOLLOWER at term 0 for startAsFollower
2023-06-02 05:15:33,355 [f6a83548-c013-4f74-9c0e-0b5a922fe81f-groupManagement] INFO  impl.RoleInfo (RoleInfo.java:updateAndGet(139)) - f6a83548-c013-4f74-9c0e-0b5a922fe81f: start f6a83548-c013-4f74-9c0e-0b5a922fe81f@group-CE229A59640D-FollowerState
2023-06-02 05:15:33,356 [f6a83548-c013-4f74-9c0e-0b5a922fe81f@group-CE229A59640D-FollowerState] INFO  server.RaftServerConfigKeys (ConfUtils.java:logFallback(53)) - raft.server.rpc.first-election.timeout.min = 5s (fallback to raft.server.rpc.timeout.min)
2023-06-02 05:15:33,356 [f6a83548-c013-4f74-9c0e-0b5a922fe81f-groupManagement] INFO  util.JmxRegister (JmxRegister.java:tryRegister(44)) - Successfully registered JMX Bean with object name Ratis:service=RaftServer,group=group-CE229A59640D,id=f6a83548-c013-4f74-9c0e-0b5a922fe81f
2023-06-02 05:15:33,356 [f6a83548-c013-4f74-9c0e-0b5a922fe81f@group-CE229A59640D-FollowerState] INFO  server.RaftServerConfigKeys (ConfUtils.java:logFallback(53)) - raft.server.rpc.first-election.timeout.max = 5200ms (fallback to raft.server.rpc.timeout.max)
2023-06-02 05:15:33,356 [f6a83548-c013-4f74-9c0e-0b5a922fe81f-groupManagement] INFO  server.RaftServerConfigKeys (ConfUtils.java:logGet(46)) - raft.server.snapshot.auto.trigger.enabled = true (custom)
2023-06-02 05:15:33,356 [f6a83548-c013-4f74-9c0e-0b5a922fe81f-groupManagement] INFO  server.RaftServerConfigKeys (ConfUtils.java:logGet(46)) - raft.server.snapshot.auto.trigger.threshold = 10000 (custom)
2023-06-02 05:15:33,356 [f6a83548-c013-4f74-9c0e-0b5a922fe81f-groupManagement] INFO  server.RaftServerConfigKeys (ConfUtils.java:logGet(46)) - raft.server.snapshot.retention.file.num = 5 (custom)
2023-06-02 05:15:33,357 [f6a83548-c013-4f74-9c0e-0b5a922fe81f-groupManagement] INFO  server.RaftServerConfigKeys (ConfUtils.java:logGet(46)) - raft.server.log.purge.upto.snapshot.index = false (default)
2023-06-02 05:15:33,389 [grpc-default-executor-1] INFO  server.RaftServer (RaftServerProxy.java:addNew(98)) - af4b945e-05c9-4c95-92ea-ec296ba0645f: addNew group-CE229A59640D:[dd6dae7b-c4a9-4a16-a5ce-973fa036779e|rpc:10.1.74.1:15095|admin:10.1.74.1:15094|client:10.1.74.1:15093|dataStream:10.1.74.1:15096|priority:1|startupRole:FOLLOWER, af4b945e-05c9-4c95-92ea-ec296ba0645f|rpc:10.1.74.1:15113|admin:10.1.74.1:15112|client:10.1.74.1:15111|dataStream:10.1.74.1:15114|priority:0|startupRole:FOLLOWER, f6a83548-c013-4f74-9c0e-0b5a922fe81f|rpc:10.1.74.1:15104|admin:10.1.74.1:15103|client:10.1.74.1:15102|dataStream:10.1.74.1:15105|priority:0|startupRole:FOLLOWER] returns group-CE229A59640D:java.util.concurrent.CompletableFuture@1a38dcd9[Not completed]
2023-06-02 05:15:33,394 [af4b945e-05c9-4c95-92ea-ec296ba0645f-groupManagement] INFO  server.RaftServer$Division (RaftServerImpl.java:<init>(198)) - af4b945e-05c9-4c95-92ea-ec296ba0645f: new RaftServerImpl for group-CE229A59640D:[dd6dae7b-c4a9-4a16-a5ce-973fa036779e|rpc:10.1.74.1:15095|admin:10.1.74.1:15094|client:10.1.74.1:15093|dataStream:10.1.74.1:15096|priority:1|startupRole:FOLLOWER, af4b945e-05c9-4c95-92ea-ec296ba0645f|rpc:10.1.74.1:15113|admin:10.1.74.1:15112|client:10.1.74.1:15111|dataStream:10.1.74.1:15114|priority:0|startupRole:FOLLOWER, f6a83548-c013-4f74-9c0e-0b5a922fe81f|rpc:10.1.74.1:15104|admin:10.1.74.1:15103|client:10.1.74.1:15102|dataStream:10.1.74.1:15105|priority:0|startupRole:FOLLOWER] with ContainerStateMachine:uninitialized
2023-06-02 05:15:33,394 [af4b945e-05c9-4c95-92ea-ec296ba0645f-groupManagement] INFO  server.RaftServerConfigKeys (ConfUtils.java:logGet(46)) - raft.server.rpc.timeout.min = 5s (custom)
2023-06-02 05:15:33,394 [af4b945e-05c9-4c95-92ea-ec296ba0645f-groupManagement] INFO  server.RaftServerConfigKeys (ConfUtils.java:logGet(46)) - raft.server.rpc.timeout.max = 5200ms (custom)
2023-06-02 05:15:33,394 [af4b945e-05c9-4c95-92ea-ec296ba0645f-groupManagement] INFO  server.RaftServerConfigKeys (ConfUtils.java:logGet(46)) - raft.server.rpc.sleep.time = 25ms (default)
2023-06-02 05:15:33,395 [af4b945e-05c9-4c95-92ea-ec296ba0645f-groupManagement] INFO  server.RaftServerConfigKeys (ConfUtils.java:logGet(46)) - raft.server.rpc.slowness.timeout = 300s (custom)
2023-06-02 05:15:33,395 [af4b945e-05c9-4c95-92ea-ec296ba0645f-groupManagement] INFO  server.RaftServerConfigKeys (ConfUtils.java:logGet(46)) - raft.server.leaderelection.leader.step-down.wait-time = 10s (default)
2023-06-02 05:15:33,395 [af4b945e-05c9-4c95-92ea-ec296ba0645f-groupManagement] INFO  server.RaftServerConfigKeys (ConfUtils.java:logGet(46)) - raft.server.sleep.deviation.threshold = 300ms (default)
2023-06-02 05:15:33,395 [af4b945e-05c9-4c95-92ea-ec296ba0645f-groupManagement] INFO  server.RaftServer$Division (ServerState.java:<init>(120)) - af4b945e-05c9-4c95-92ea-ec296ba0645f@group-CE229A59640D: ConfigurationManager, init=-1: peers:[dd6dae7b-c4a9-4a16-a5ce-973fa036779e|rpc:10.1.74.1:15095|admin:10.1.74.1:15094|client:10.1.74.1:15093|dataStream:10.1.74.1:15096|priority:1|startupRole:FOLLOWER, af4b945e-05c9-4c95-92ea-ec296ba0645f|rpc:10.1.74.1:15113|admin:10.1.74.1:15112|client:10.1.74.1:15111|dataStream:10.1.74.1:15114|priority:0|startupRole:FOLLOWER, f6a83548-c013-4f74-9c0e-0b5a922fe81f|rpc:10.1.74.1:15104|admin:10.1.74.1:15103|client:10.1.74.1:15102|dataStream:10.1.74.1:15105|priority:0|startupRole:FOLLOWER]|listeners:[], old=null, confs=<EMPTY_MAP>
2023-06-02 05:15:33,395 [af4b945e-05c9-4c95-92ea-ec296ba0645f-groupManagement] INFO  server.RaftServerConfigKeys (ConfUtils.java:logGet(46)) - raft.server.storage.dir = [/home/runner/work/ozone/ozone/hadoop-ozone/integration-test/target/test-dir/MiniOzoneClusterImpl-4e6c5432-da36-405d-b7f1-05871ead9573/datanode-11/data/ratis] (custom)
2023-06-02 05:15:33,395 [af4b945e-05c9-4c95-92ea-ec296ba0645f-groupManagement] INFO  server.RaftServerConfigKeys (ConfUtils.java:logGet(46)) - raft.server.log.corruption.policy = EXCEPTION (default)
2023-06-02 05:15:33,395 [af4b945e-05c9-4c95-92ea-ec296ba0645f-groupManagement] INFO  server.RaftServerConfigKeys (ConfUtils.java:logGet(46)) - raft.server.storage.free-space.min = 0MB (=0) (default)
2023-06-02 05:15:33,395 [af4b945e-05c9-4c95-92ea-ec296ba0645f-groupManagement] INFO  server.RaftServerConfigKeys (ConfUtils.java:logGet(46)) - raft.server.notification.no-leader.timeout = 300s (custom)
2023-06-02 05:15:33,396 [af4b945e-05c9-4c95-92ea-ec296ba0645f-groupManagement] INFO  server.RaftServerConfigKeys (ConfUtils.java:logGet(46)) - raft.server.read.timeout = 10s (default)
2023-06-02 05:15:33,396 [af4b945e-05c9-4c95-92ea-ec296ba0645f-groupManagement] INFO  server.RaftServerConfigKeys (ConfUtils.java:logGet(46)) - raft.server.retrycache.expirytime = 600000ms (custom)
2023-06-02 05:15:33,396 [af4b945e-05c9-4c95-92ea-ec296ba0645f-groupManagement] INFO  server.RaftServerConfigKeys (ConfUtils.java:logGet(46)) - raft.server.retrycache.statistics.expirytime = 100μs (default)
2023-06-02 05:15:33,396 [af4b945e-05c9-4c95-92ea-ec296ba0645f-groupManagement] INFO  server.RaftServerConfigKeys (ConfUtils.java:logGet(46)) - raft.server.read.option = DEFAULT (default)
2023-06-02 05:15:33,398 [af4b945e-05c9-4c95-92ea-ec296ba0645f-groupManagement] INFO  server.RaftServerConfigKeys (ConfUtils.java:logGet(46)) - raft.server.rpc.request.timeout = 60s (custom)
2023-06-02 05:15:33,398 [af4b945e-05c9-4c95-92ea-ec296ba0645f-groupManagement] INFO  server.RaftServerConfigKeys (ConfUtils.java:logGet(46)) - raft.server.log.appender.install.snapshot.enabled = false (custom)
2023-06-02 05:15:33,398 [af4b945e-05c9-4c95-92ea-ec296ba0645f-groupManagement] INFO  server.RaftServerConfigKeys (ConfUtils.java:logGet(46)) - raft.server.threadpool.server.cached = true (default)
2023-06-02 05:15:33,398 [af4b945e-05c9-4c95-92ea-ec296ba0645f-groupManagement] INFO  server.RaftServerConfigKeys (ConfUtils.java:logGet(46)) - raft.server.threadpool.server.size = 0 (default)
2023-06-02 05:15:33,398 [af4b945e-05c9-4c95-92ea-ec296ba0645f-groupManagement] INFO  server.RaftServerConfigKeys (ConfUtils.java:logGet(46)) - raft.server.threadpool.client.cached = true (default)
2023-06-02 05:15:33,398 [af4b945e-05c9-4c95-92ea-ec296ba0645f-groupManagement] INFO  server.RaftServerConfigKeys (ConfUtils.java:logGet(46)) - raft.server.threadpool.client.size = 0 (default)
2023-06-02 05:15:33,401 [af4b945e-05c9-4c95-92ea-ec296ba0645f-groupManagement] INFO  storage.RaftStorageDirectory (RaftStorageDirectoryImpl.java:analyzeStorage(137)) - The storage directory /home/runner/work/ozone/ozone/hadoop-ozone/integration-test/target/test-dir/MiniOzoneClusterImpl-4e6c5432-da36-405d-b7f1-05871ead9573/datanode-11/data/ratis/d0d23509-e827-4488-bfc7-ce229a59640d does not exist. Creating ...
2023-06-02 05:15:33,402 [af4b945e-05c9-4c95-92ea-ec296ba0645f-groupManagement] INFO  storage.RaftStorageDirectory (RaftStorageDirectoryImpl.java:tryLock(231)) - Lock on /home/runner/work/ozone/ozone/hadoop-ozone/integration-test/target/test-dir/MiniOzoneClusterImpl-4e6c5432-da36-405d-b7f1-05871ead9573/datanode-11/data/ratis/d0d23509-e827-4488-bfc7-ce229a59640d/in_use.lock acquired by nodename 65026@fv-az628-647
2023-06-02 05:15:33,404 [af4b945e-05c9-4c95-92ea-ec296ba0645f-groupManagement] INFO  storage.RaftStorage (RaftStorageImpl.java:format(96)) - Storage directory /home/runner/work/ozone/ozone/hadoop-ozone/integration-test/target/test-dir/MiniOzoneClusterImpl-4e6c5432-da36-405d-b7f1-05871ead9573/datanode-11/data/ratis/d0d23509-e827-4488-bfc7-ce229a59640d has been successfully formatted.
2023-06-02 05:15:33,407 [af4b945e-05c9-4c95-92ea-ec296ba0645f-groupManagement] INFO  ratis.ContainerStateMachine (ContainerStateMachine.java:loadSnapshot(262)) - group-CE229A59640D: The snapshot info is null. Setting the last applied indexto:(t:0, i:~)
2023-06-02 05:15:33,407 [af4b945e-05c9-4c95-92ea-ec296ba0645f-groupManagement] INFO  server.RaftServerConfigKeys (ConfUtils.java:logGet(46)) - raft.server.log.use.memory = false (default)
2023-06-02 05:15:33,407 [af4b945e-05c9-4c95-92ea-ec296ba0645f-groupManagement] INFO  server.RaftServerConfigKeys (ConfUtils.java:logGet(46)) - raft.server.log.purge.gap = 1000000 (custom)
2023-06-02 05:15:33,407 [af4b945e-05c9-4c95-92ea-ec296ba0645f-groupManagement] INFO  server.RaftServerConfigKeys (ConfUtils.java:logGet(46)) - raft.server.log.appender.buffer.byte-limit = 33554432 (custom)
2023-06-02 05:15:33,407 [af4b945e-05c9-4c95-92ea-ec296ba0645f-groupManagement] INFO  server.RaftServerConfigKeys (ConfUtils.java:logGet(46)) - raft.server.log.statemachine.data.read.timeout = 1000ms (default)
2023-06-02 05:15:33,408 [af4b945e-05c9-4c95-92ea-ec296ba0645f-groupManagement] INFO  server.RaftServerConfigKeys (ConfUtils.java:logGet(46)) - raft.server.log.purge.preservation.log.num = 0 (default)
2023-06-02 05:15:33,408 [af4b945e-05c9-4c95-92ea-ec296ba0645f-groupManagement] INFO  server.RaftServerConfigKeys (ConfUtils.java:logGet(46)) - raft.server.log.segment.size.max = 1048576 (custom)
2023-06-02 05:15:33,413 [af4b945e-05c9-4c95-92ea-ec296ba0645f-groupManagement] INFO  server.RaftServerConfigKeys (ConfUtils.java:logGet(46)) - raft.server.log.segment.cache.num.max = 2 (custom)
2023-06-02 05:15:33,413 [af4b945e-05c9-4c95-92ea-ec296ba0645f-groupManagement] INFO  server.RaftServerConfigKeys (ConfUtils.java:logGet(46)) - raft.server.log.segment.cache.size.max = 200MB (=209715200) (default)
2023-06-02 05:15:33,413 [af4b945e-05c9-4c95-92ea-ec296ba0645f-groupManagement] INFO  server.RaftServerConfigKeys (ConfUtils.java:logGet(46)) - raft.server.log.appender.buffer.byte-limit = 33554432 (custom)
2023-06-02 05:15:33,413 [af4b945e-05c9-4c95-92ea-ec296ba0645f-groupManagement] INFO  segmented.SegmentedRaftLogWorker (SegmentedRaftLogWorker.java:<init>(188)) - new af4b945e-05c9-4c95-92ea-ec296ba0645f@group-CE229A59640D-SegmentedRaftLogWorker for RaftStorageImpl:Storage Directory /home/runner/work/ozone/ozone/hadoop-ozone/integration-test/target/test-dir/MiniOzoneClusterImpl-4e6c5432-da36-405d-b7f1-05871ead9573/datanode-11/data/ratis/d0d23509-e827-4488-bfc7-ce229a59640d
2023-06-02 05:15:33,413 [af4b945e-05c9-4c95-92ea-ec296ba0645f-groupManagement] INFO  server.RaftServerConfigKeys (ConfUtils.java:logGet(46)) - raft.server.log.queue.byte-limit = 4294967296 (custom)
2023-06-02 05:15:33,413 [af4b945e-05c9-4c95-92ea-ec296ba0645f-groupManagement] INFO  server.RaftServerConfigKeys (ConfUtils.java:logGet(46)) - raft.server.log.queue.element-limit = 1024 (custom)
2023-06-02 05:15:33,414 [af4b945e-05c9-4c95-92ea-ec296ba0645f-groupManagement] INFO  server.RaftServerConfigKeys (ConfUtils.java:logGet(46)) - raft.server.log.segment.size.max = 1048576 (custom)
2023-06-02 05:15:33,414 [af4b945e-05c9-4c95-92ea-ec296ba0645f-groupManagement] INFO  server.RaftServerConfigKeys (ConfUtils.java:logGet(46)) - raft.server.log.preallocated.size = 16384 (custom)
2023-06-02 05:15:33,414 [af4b945e-05c9-4c95-92ea-ec296ba0645f-groupManagement] INFO  server.RaftServerConfigKeys (ConfUtils.java:logGet(46)) - raft.server.log.force.sync.num = 128 (default)
2023-06-02 05:15:33,414 [af4b945e-05c9-4c95-92ea-ec296ba0645f-groupManagement] INFO  server.RaftServerConfigKeys (ConfUtils.java:logGet(46)) - raft.server.log.statemachine.data.sync = true (default)
2023-06-02 05:15:33,414 [af4b945e-05c9-4c95-92ea-ec296ba0645f-groupManagement] INFO  server.RaftServerConfigKeys (ConfUtils.java:logGet(46)) - raft.server.log.statemachine.data.sync.timeout = 10s (default)
2023-06-02 05:15:33,414 [af4b945e-05c9-4c95-92ea-ec296ba0645f-groupManagement] INFO  server.RaftServerConfigKeys (ConfUtils.java:logGet(46)) - raft.server.log.statemachine.data.sync.timeout.retry = -1 (default)
2023-06-02 05:15:33,415 [af4b945e-05c9-4c95-92ea-ec296ba0645f-groupManagement] INFO  server.RaftServerConfigKeys (ConfUtils.java:logGet(46)) - raft.server.log.write.buffer.size = 1048576 (custom)
2023-06-02 05:15:33,416 [af4b945e-05c9-4c95-92ea-ec296ba0645f-groupManagement] INFO  server.RaftServerConfigKeys (ConfUtils.java:logGet(46)) - raft.server.log.appender.buffer.byte-limit = 33554432 (custom)
2023-06-02 05:15:33,423 [af4b945e-05c9-4c95-92ea-ec296ba0645f-groupManagement] INFO  server.RaftServerConfigKeys (ConfUtils.java:logGet(46)) - raft.server.log.unsafe-flush.enabled = false (default)
2023-06-02 05:15:33,423 [af4b945e-05c9-4c95-92ea-ec296ba0645f-groupManagement] INFO  server.RaftServerConfigKeys (ConfUtils.java:logGet(46)) - raft.server.log.async-flush.enabled = false (default)
2023-06-02 05:15:33,423 [af4b945e-05c9-4c95-92ea-ec296ba0645f-groupManagement] INFO  server.RaftServerConfigKeys (ConfUtils.java:logGet(46)) - raft.server.log.statemachine.data.caching.enabled = true (custom)
2023-06-02 05:15:33,424 [af4b945e-05c9-4c95-92ea-ec296ba0645f-groupManagement] INFO  segmented.SegmentedRaftLogWorker (SegmentedRaftLogWorker.java:lambda$new$0(135)) - af4b945e-05c9-4c95-92ea-ec296ba0645f@group-CE229A59640D-SegmentedRaftLogWorker: flushIndex: setUnconditionally 0 -> -1
2023-06-02 05:15:33,424 [af4b945e-05c9-4c95-92ea-ec296ba0645f-groupManagement] INFO  segmented.SegmentedRaftLogWorker (SegmentedRaftLogWorker.java:lambda$new$0(135)) - af4b945e-05c9-4c95-92ea-ec296ba0645f@group-CE229A59640D-SegmentedRaftLogWorker: safeCacheEvictIndex: setUnconditionally 0 -> -1
2023-06-02 05:15:33,424 [af4b945e-05c9-4c95-92ea-ec296ba0645f-groupManagement] INFO  server.RaftServer$Division (RaftServerImpl.java:start(342)) - af4b945e-05c9-4c95-92ea-ec296ba0645f@group-CE229A59640D: start as a follower, conf=-1: peers:[dd6dae7b-c4a9-4a16-a5ce-973fa036779e|rpc:10.1.74.1:15095|admin:10.1.74.1:15094|client:10.1.74.1:15093|dataStream:10.1.74.1:15096|priority:1|startupRole:FOLLOWER, af4b945e-05c9-4c95-92ea-ec296ba0645f|rpc:10.1.74.1:15113|admin:10.1.74.1:15112|client:10.1.74.1:15111|dataStream:10.1.74.1:15114|priority:0|startupRole:FOLLOWER, f6a83548-c013-4f74-9c0e-0b5a922fe81f|rpc:10.1.74.1:15104|admin:10.1.74.1:15103|client:10.1.74.1:15102|dataStream:10.1.74.1:15105|priority:0|startupRole:FOLLOWER]|listeners:[], old=null
2023-06-02 05:15:33,424 [af4b945e-05c9-4c95-92ea-ec296ba0645f-groupManagement] INFO  server.RaftServer$Division (RaftServerImpl.java:setRole(329)) - af4b945e-05c9-4c95-92ea-ec296ba0645f@group-CE229A59640D: changes role from      null to FOLLOWER at term 0 for startAsFollower
2023-06-02 05:15:33,425 [af4b945e-05c9-4c95-92ea-ec296ba0645f-groupManagement] INFO  impl.RoleInfo (RoleInfo.java:updateAndGet(139)) - af4b945e-05c9-4c95-92ea-ec296ba0645f: start af4b945e-05c9-4c95-92ea-ec296ba0645f@group-CE229A59640D-FollowerState
2023-06-02 05:15:33,425 [af4b945e-05c9-4c95-92ea-ec296ba0645f-groupManagement] INFO  util.JmxRegister (JmxRegister.java:tryRegister(44)) - Successfully registered JMX Bean with object name Ratis:service=RaftServer,group=group-CE229A59640D,id=af4b945e-05c9-4c95-92ea-ec296ba0645f
2023-06-02 05:15:33,425 [af4b945e-05c9-4c95-92ea-ec296ba0645f-groupManagement] INFO  server.RaftServerConfigKeys (ConfUtils.java:logGet(46)) - raft.server.snapshot.auto.trigger.enabled = true (custom)
2023-06-02 05:15:33,425 [af4b945e-05c9-4c95-92ea-ec296ba0645f-groupManagement] INFO  server.RaftServerConfigKeys (ConfUtils.java:logGet(46)) - raft.server.snapshot.auto.trigger.threshold = 10000 (custom)
2023-06-02 05:15:33,425 [af4b945e-05c9-4c95-92ea-ec296ba0645f-groupManagement] INFO  server.RaftServerConfigKeys (ConfUtils.java:logGet(46)) - raft.server.snapshot.retention.file.num = 5 (custom)
2023-06-02 05:15:33,425 [af4b945e-05c9-4c95-92ea-ec296ba0645f-groupManagement] INFO  server.RaftServerConfigKeys (ConfUtils.java:logGet(46)) - raft.server.log.purge.upto.snapshot.index = false (default)
2023-06-02 05:15:33,426 [af4b945e-05c9-4c95-92ea-ec296ba0645f@group-CE229A59640D-FollowerState] INFO  server.RaftServerConfigKeys (ConfUtils.java:logFallback(53)) - raft.server.rpc.first-election.timeout.min = 5s (fallback to raft.server.rpc.timeout.min)
2023-06-02 05:15:33,426 [af4b945e-05c9-4c95-92ea-ec296ba0645f@group-CE229A59640D-FollowerState] INFO  server.RaftServerConfigKeys (ConfUtils.java:logFallback(53)) - raft.server.rpc.first-election.timeout.max = 5200ms (fallback to raft.server.rpc.timeout.max)
2023-06-02 05:15:33,440 [PipelineCommandHandlerThread-0] INFO  commandhandler.CreatePipelineCommandHandler (CreatePipelineCommandHandler.java:lambda$handle$2(124)) - Created Pipeline RATIS THREE PipelineID=d0d23509-e827-4488-bfc7-ce229a59640d.
2023-06-02 05:15:33,441 [PipelineCommandHandlerThread-0] INFO  server.RaftServer (RaftServerProxy.java:addNew(98)) - dd6dae7b-c4a9-4a16-a5ce-973fa036779e: addNew group-15729F2E584F:[dd6dae7b-c4a9-4a16-a5ce-973fa036779e|rpc:10.1.74.1:15095|admin:10.1.74.1:15094|client:10.1.74.1:15093|dataStream:10.1.74.1:15096|priority:0|startupRole:FOLLOWER, af4b945e-05c9-4c95-92ea-ec296ba0645f|rpc:10.1.74.1:15113|admin:10.1.74.1:15112|client:10.1.74.1:15111|dataStream:10.1.74.1:15114|priority:0|startupRole:FOLLOWER, f6a83548-c013-4f74-9c0e-0b5a922fe81f|rpc:10.1.74.1:15104|admin:10.1.74.1:15103|client:10.1.74.1:15102|dataStream:10.1.74.1:15105|priority:1|startupRole:FOLLOWER] returns group-15729F2E584F:java.util.concurrent.CompletableFuture@5ce4d4c7[Not completed]
2023-06-02 05:15:33,442 [dd6dae7b-c4a9-4a16-a5ce-973fa036779e-groupManagement] INFO  server.RaftServer$Division (RaftServerImpl.java:<init>(198)) - dd6dae7b-c4a9-4a16-a5ce-973fa036779e: new RaftServerImpl for group-15729F2E584F:[dd6dae7b-c4a9-4a16-a5ce-973fa036779e|rpc:10.1.74.1:15095|admin:10.1.74.1:15094|client:10.1.74.1:15093|dataStream:10.1.74.1:15096|priority:0|startupRole:FOLLOWER, af4b945e-05c9-4c95-92ea-ec296ba0645f|rpc:10.1.74.1:15113|admin:10.1.74.1:15112|client:10.1.74.1:15111|dataStream:10.1.74.1:15114|priority:0|startupRole:FOLLOWER, f6a83548-c013-4f74-9c0e-0b5a922fe81f|rpc:10.1.74.1:15104|admin:10.1.74.1:15103|client:10.1.74.1:15102|dataStream:10.1.74.1:15105|priority:1|startupRole:FOLLOWER] with ContainerStateMachine:uninitialized
2023-06-02 05:15:33,443 [dd6dae7b-c4a9-4a16-a5ce-973fa036779e-groupManagement] INFO  server.RaftServerConfigKeys (ConfUtils.java:logGet(46)) - raft.server.rpc.timeout.min = 5s (custom)
2023-06-02 05:15:33,443 [dd6dae7b-c4a9-4a16-a5ce-973fa036779e-groupManagement] INFO  server.RaftServerConfigKeys (ConfUtils.java:logGet(46)) - raft.server.rpc.timeout.max = 5200ms (custom)
2023-06-02 05:15:33,443 [dd6dae7b-c4a9-4a16-a5ce-973fa036779e-groupManagement] INFO  server.RaftServerConfigKeys (ConfUtils.java:logGet(46)) - raft.server.rpc.sleep.time = 25ms (default)
2023-06-02 05:15:33,443 [dd6dae7b-c4a9-4a16-a5ce-973fa036779e-groupManagement] INFO  server.RaftServerConfigKeys (ConfUtils.java:logGet(46)) - raft.server.rpc.slowness.timeout = 300s (custom)
2023-06-02 05:15:33,443 [dd6dae7b-c4a9-4a16-a5ce-973fa036779e-groupManagement] INFO  server.RaftServerConfigKeys (ConfUtils.java:logGet(46)) - raft.server.leaderelection.leader.step-down.wait-time = 10s (default)
2023-06-02 05:15:33,443 [dd6dae7b-c4a9-4a16-a5ce-973fa036779e-groupManagement] INFO  server.RaftServerConfigKeys (ConfUtils.java:logGet(46)) - raft.server.sleep.deviation.threshold = 300ms (default)
2023-06-02 05:15:33,443 [dd6dae7b-c4a9-4a16-a5ce-973fa036779e-groupManagement] INFO  server.RaftServer$Division (ServerState.java:<init>(120)) - dd6dae7b-c4a9-4a16-a5ce-973fa036779e@group-15729F2E584F: ConfigurationManager, init=-1: peers:[dd6dae7b-c4a9-4a16-a5ce-973fa036779e|rpc:10.1.74.1:15095|admin:10.1.74.1:15094|client:10.1.74.1:15093|dataStream:10.1.74.1:15096|priority:0|startupRole:FOLLOWER, af4b945e-05c9-4c95-92ea-ec296ba0645f|rpc:10.1.74.1:15113|admin:10.1.74.1:15112|client:10.1.74.1:15111|dataStream:10.1.74.1:15114|priority:0|startupRole:FOLLOWER, f6a83548-c013-4f74-9c0e-0b5a922fe81f|rpc:10.1.74.1:15104|admin:10.1.74.1:15103|client:10.1.74.1:15102|dataStream:10.1.74.1:15105|priority:1|startupRole:FOLLOWER]|listeners:[], old=null, confs=<EMPTY_MAP>
2023-06-02 05:15:33,443 [dd6dae7b-c4a9-4a16-a5ce-973fa036779e-groupManagement] INFO  server.RaftServerConfigKeys (ConfUtils.java:logGet(46)) - raft.server.storage.dir = [/home/runner/work/ozone/ozone/hadoop-ozone/integration-test/target/test-dir/MiniOzoneClusterImpl-4e6c5432-da36-405d-b7f1-05871ead9573/datanode-9/data/ratis] (custom)
2023-06-02 05:15:33,443 [dd6dae7b-c4a9-4a16-a5ce-973fa036779e-groupManagement] INFO  server.RaftServerConfigKeys (ConfUtils.java:logGet(46)) - raft.server.log.corruption.policy = EXCEPTION (default)
2023-06-02 05:15:33,443 [dd6dae7b-c4a9-4a16-a5ce-973fa036779e-groupManagement] INFO  server.RaftServerConfigKeys (ConfUtils.java:logGet(46)) - raft.server.storage.free-space.min = 0MB (=0) (default)
2023-06-02 05:15:33,444 [dd6dae7b-c4a9-4a16-a5ce-973fa036779e-groupManagement] INFO  server.RaftServerConfigKeys (ConfUtils.java:logGet(46)) - raft.server.notification.no-leader.timeout = 300s (custom)
2023-06-02 05:15:33,444 [dd6dae7b-c4a9-4a16-a5ce-973fa036779e-groupManagement] INFO  server.RaftServerConfigKeys (ConfUtils.java:logGet(46)) - raft.server.read.timeout = 10s (default)
2023-06-02 05:15:33,444 [dd6dae7b-c4a9-4a16-a5ce-973fa036779e-groupManagement] INFO  server.RaftServerConfigKeys (ConfUtils.java:logGet(46)) - raft.server.retrycache.expirytime = 600000ms (custom)
2023-06-02 05:15:33,444 [dd6dae7b-c4a9-4a16-a5ce-973fa036779e-groupManagement] INFO  server.RaftServerConfigKeys (ConfUtils.java:logGet(46)) - raft.server.retrycache.statistics.expirytime = 100μs (default)
2023-06-02 05:15:33,444 [dd6dae7b-c4a9-4a16-a5ce-973fa036779e-groupManagement] INFO  server.RaftServerConfigKeys (ConfUtils.java:logGet(46)) - raft.server.read.option = DEFAULT (default)
2023-06-02 05:15:33,445 [dd6dae7b-c4a9-4a16-a5ce-973fa036779e-groupManagement] INFO  server.RaftServerConfigKeys (ConfUtils.java:logGet(46)) - raft.server.rpc.request.timeout = 60s (custom)
2023-06-02 05:15:33,445 [dd6dae7b-c4a9-4a16-a5ce-973fa036779e-groupManagement] INFO  server.RaftServerConfigKeys (ConfUtils.java:logGet(46)) - raft.server.log.appender.install.snapshot.enabled = false (custom)
2023-06-02 05:15:33,445 [dd6dae7b-c4a9-4a16-a5ce-973fa036779e-groupManagement] INFO  server.RaftServerConfigKeys (ConfUtils.java:logGet(46)) - raft.server.threadpool.server.cached = true (default)
2023-06-02 05:15:33,446 [dd6dae7b-c4a9-4a16-a5ce-973fa036779e-groupManagement] INFO  server.RaftServerConfigKeys (ConfUtils.java:logGet(46)) - raft.server.threadpool.server.size = 0 (default)
2023-06-02 05:15:33,446 [dd6dae7b-c4a9-4a16-a5ce-973fa036779e-groupManagement] INFO  server.RaftServerConfigKeys (ConfUtils.java:logGet(46)) - raft.server.threadpool.client.cached = true (default)
2023-06-02 05:15:33,447 [dd6dae7b-c4a9-4a16-a5ce-973fa036779e-groupManagement] INFO  server.RaftServerConfigKeys (ConfUtils.java:logGet(46)) - raft.server.threadpool.client.size = 0 (default)
2023-06-02 05:15:33,447 [dd6dae7b-c4a9-4a16-a5ce-973fa036779e-groupManagement] INFO  storage.RaftStorageDirectory (RaftStorageDirectoryImpl.java:analyzeStorage(137)) - The storage directory /home/runner/work/ozone/ozone/hadoop-ozone/integration-test/target/test-dir/MiniOzoneClusterImpl-4e6c5432-da36-405d-b7f1-05871ead9573/datanode-9/data/ratis/bcbcaefd-8b01-44a7-a02c-15729f2e584f does not exist. Creating ...
2023-06-02 05:15:33,449 [dd6dae7b-c4a9-4a16-a5ce-973fa036779e-groupManagement] INFO  storage.RaftStorageDirectory (RaftStorageDirectoryImpl.java:tryLock(231)) - Lock on /home/runner/work/ozone/ozone/hadoop-ozone/integration-test/target/test-dir/MiniOzoneClusterImpl-4e6c5432-da36-405d-b7f1-05871ead9573/datanode-9/data/ratis/bcbcaefd-8b01-44a7-a02c-15729f2e584f/in_use.lock acquired by nodename 65026@fv-az628-647
2023-06-02 05:15:33,451 [dd6dae7b-c4a9-4a16-a5ce-973fa036779e-groupManagement] INFO  storage.RaftStorage (RaftStorageImpl.java:format(96)) - Storage directory /home/runner/work/ozone/ozone/hadoop-ozone/integration-test/target/test-dir/MiniOzoneClusterImpl-4e6c5432-da36-405d-b7f1-05871ead9573/datanode-9/data/ratis/bcbcaefd-8b01-44a7-a02c-15729f2e584f has been successfully formatted.
2023-06-02 05:15:33,452 [dd6dae7b-c4a9-4a16-a5ce-973fa036779e-groupManagement] INFO  ratis.ContainerStateMachine (ContainerStateMachine.java:loadSnapshot(262)) - group-15729F2E584F: The snapshot info is null. Setting the last applied indexto:(t:0, i:~)
2023-06-02 05:15:33,452 [dd6dae7b-c4a9-4a16-a5ce-973fa036779e-groupManagement] INFO  server.RaftServerConfigKeys (ConfUtils.java:logGet(46)) - raft.server.log.use.memory = false (default)
2023-06-02 05:15:33,452 [dd6dae7b-c4a9-4a16-a5ce-973fa036779e-groupManagement] INFO  server.RaftServerConfigKeys (ConfUtils.java:logGet(46)) - raft.server.log.purge.gap = 1000000 (custom)
2023-06-02 05:15:33,454 [EventQueue-OpenPipelineForHealthyPipelineSafeModeRule] INFO  safemode.SCMSafeModeManager (HealthyPipelineSafeModeRule.java:process(137)) - SCM in safe mode. Healthy pipelines reported count is 0, required healthy pipeline reported count is 1
2023-06-02 05:15:33,456 [dd6dae7b-c4a9-4a16-a5ce-973fa036779e-groupManagement] INFO  server.RaftServerConfigKeys (ConfUtils.java:logGet(46)) - raft.server.log.appender.buffer.byte-limit = 33554432 (custom)
2023-06-02 05:15:33,456 [dd6dae7b-c4a9-4a16-a5ce-973fa036779e-groupManagement] INFO  server.RaftServerConfigKeys (ConfUtils.java:logGet(46)) - raft.server.log.statemachine.data.read.timeout = 1000ms (default)
2023-06-02 05:15:33,457 [dd6dae7b-c4a9-4a16-a5ce-973fa036779e-groupManagement] INFO  server.RaftServerConfigKeys (ConfUtils.java:logGet(46)) - raft.server.log.purge.preservation.log.num = 0 (default)
2023-06-02 05:15:33,457 [dd6dae7b-c4a9-4a16-a5ce-973fa036779e-groupManagement] INFO  server.RaftServerConfigKeys (ConfUtils.java:logGet(46)) - raft.server.log.segment.size.max = 1048576 (custom)
2023-06-02 05:15:33,457 [dd6dae7b-c4a9-4a16-a5ce-973fa036779e-groupManagement] INFO  server.RaftServerConfigKeys (ConfUtils.java:logGet(46)) - raft.server.log.segment.cache.num.max = 2 (custom)
2023-06-02 05:15:33,457 [dd6dae7b-c4a9-4a16-a5ce-973fa036779e-groupManagement] INFO  server.RaftServerConfigKeys (ConfUtils.java:logGet(46)) - raft.server.log.segment.cache.size.max = 200MB (=209715200) (default)
2023-06-02 05:15:33,457 [dd6dae7b-c4a9-4a16-a5ce-973fa036779e-groupManagement] INFO  server.RaftServerConfigKeys (ConfUtils.java:logGet(46)) - raft.server.log.appender.buffer.byte-limit = 33554432 (custom)
2023-06-02 05:15:33,458 [dd6dae7b-c4a9-4a16-a5ce-973fa036779e-groupManagement] INFO  segmented.SegmentedRaftLogWorker (SegmentedRaftLogWorker.java:<init>(188)) - new dd6dae7b-c4a9-4a16-a5ce-973fa036779e@group-15729F2E584F-SegmentedRaftLogWorker for RaftStorageImpl:Storage Directory /home/runner/work/ozone/ozone/hadoop-ozone/integration-test/target/test-dir/MiniOzoneClusterImpl-4e6c5432-da36-405d-b7f1-05871ead9573/datanode-9/data/ratis/bcbcaefd-8b01-44a7-a02c-15729f2e584f
2023-06-02 05:15:33,458 [dd6dae7b-c4a9-4a16-a5ce-973fa036779e-groupManagement] INFO  server.RaftServerConfigKeys (ConfUtils.java:logGet(46)) - raft.server.log.queue.byte-limit = 4294967296 (custom)
2023-06-02 05:15:33,458 [dd6dae7b-c4a9-4a16-a5ce-973fa036779e-groupManagement] INFO  server.RaftServerConfigKeys (ConfUtils.java:logGet(46)) - raft.server.log.queue.element-limit = 1024 (custom)
2023-06-02 05:15:33,458 [dd6dae7b-c4a9-4a16-a5ce-973fa036779e-groupManagement] INFO  server.RaftServerConfigKeys (ConfUtils.java:logGet(46)) - raft.server.log.segment.size.max = 1048576 (custom)
2023-06-02 05:15:33,458 [dd6dae7b-c4a9-4a16-a5ce-973fa036779e-groupManagement] INFO  server.RaftServerConfigKeys (ConfUtils.java:logGet(46)) - raft.server.log.preallocated.size = 16384 (custom)
2023-06-02 05:15:33,458 [dd6dae7b-c4a9-4a16-a5ce-973fa036779e-groupManagement] INFO  server.RaftServerConfigKeys (ConfUtils.java:logGet(46)) - raft.server.log.force.sync.num = 128 (default)
2023-06-02 05:15:33,458 [dd6dae7b-c4a9-4a16-a5ce-973fa036779e-groupManagement] INFO  server.RaftServerConfigKeys (ConfUtils.java:logGet(46)) - raft.server.log.statemachine.data.sync = true (default)
2023-06-02 05:15:33,458 [dd6dae7b-c4a9-4a16-a5ce-973fa036779e-groupManagement] INFO  server.RaftServerConfigKeys (ConfUtils.java:logGet(46)) - raft.server.log.statemachine.data.sync.timeout = 10s (default)
2023-06-02 05:15:33,458 [dd6dae7b-c4a9-4a16-a5ce-973fa036779e-groupManagement] INFO  server.RaftServerConfigKeys (ConfUtils.java:logGet(46)) - raft.server.log.statemachine.data.sync.timeout.retry = -1 (default)
2023-06-02 05:15:33,460 [dd6dae7b-c4a9-4a16-a5ce-973fa036779e-groupManagement] INFO  server.RaftServerConfigKeys (ConfUtils.java:logGet(46)) - raft.server.log.write.buffer.size = 1048576 (custom)
2023-06-02 05:15:33,461 [dd6dae7b-c4a9-4a16-a5ce-973fa036779e-groupManagement] INFO  server.RaftServerConfigKeys (ConfUtils.java:logGet(46)) - raft.server.log.appender.buffer.byte-limit = 33554432 (custom)
2023-06-02 05:15:33,468 [dd6dae7b-c4a9-4a16-a5ce-973fa036779e-groupManagement] INFO  server.RaftServerConfigKeys (ConfUtils.java:logGet(46)) - raft.server.log.unsafe-flush.enabled = false (default)
2023-06-02 05:15:33,469 [dd6dae7b-c4a9-4a16-a5ce-973fa036779e-groupManagement] INFO  server.RaftServerConfigKeys (ConfUtils.java:logGet(46)) - raft.server.log.async-flush.enabled = false (default)
2023-06-02 05:15:33,469 [dd6dae7b-c4a9-4a16-a5ce-973fa036779e-groupManagement] INFO  server.RaftServerConfigKeys (ConfUtils.java:logGet(46)) - raft.server.log.statemachine.data.caching.enabled = true (custom)
2023-06-02 05:15:33,469 [dd6dae7b-c4a9-4a16-a5ce-973fa036779e-groupManagement] INFO  segmented.SegmentedRaftLogWorker (SegmentedRaftLogWorker.java:lambda$new$0(135)) - dd6dae7b-c4a9-4a16-a5ce-973fa036779e@group-15729F2E584F-SegmentedRaftLogWorker: flushIndex: setUnconditionally 0 -> -1
2023-06-02 05:15:33,469 [dd6dae7b-c4a9-4a16-a5ce-973fa036779e-groupManagement] INFO  segmented.SegmentedRaftLogWorker (SegmentedRaftLogWorker.java:lambda$new$0(135)) - dd6dae7b-c4a9-4a16-a5ce-973fa036779e@group-15729F2E584F-SegmentedRaftLogWorker: safeCacheEvictIndex: setUnconditionally 0 -> -1
2023-06-02 05:15:33,470 [dd6dae7b-c4a9-4a16-a5ce-973fa036779e-groupManagement] INFO  server.RaftServer$Division (RaftServerImpl.java:start(342)) - dd6dae7b-c4a9-4a16-a5ce-973fa036779e@group-15729F2E584F: start as a follower, conf=-1: peers:[dd6dae7b-c4a9-4a16-a5ce-973fa036779e|rpc:10.1.74.1:15095|admin:10.1.74.1:15094|client:10.1.74.1:15093|dataStream:10.1.74.1:15096|priority:0|startupRole:FOLLOWER, af4b945e-05c9-4c95-92ea-ec296ba0645f|rpc:10.1.74.1:15113|admin:10.1.74.1:15112|client:10.1.74.1:15111|dataStream:10.1.74.1:15114|priority:0|startupRole:FOLLOWER, f6a83548-c013-4f74-9c0e-0b5a922fe81f|rpc:10.1.74.1:15104|admin:10.1.74.1:15103|client:10.1.74.1:15102|dataStream:10.1.74.1:15105|priority:1|startupRole:FOLLOWER]|listeners:[], old=null
2023-06-02 05:15:33,470 [dd6dae7b-c4a9-4a16-a5ce-973fa036779e-groupManagement] INFO  server.RaftServer$Division (RaftServerImpl.java:setRole(329)) - dd6dae7b-c4a9-4a16-a5ce-973fa036779e@group-15729F2E584F: changes role from      null to FOLLOWER at term 0 for startAsFollower
2023-06-02 05:15:33,470 [dd6dae7b-c4a9-4a16-a5ce-973fa036779e-groupManagement] INFO  impl.RoleInfo (RoleInfo.java:updateAndGet(139)) - dd6dae7b-c4a9-4a16-a5ce-973fa036779e: start dd6dae7b-c4a9-4a16-a5ce-973fa036779e@group-15729F2E584F-FollowerState
2023-06-02 05:15:33,470 [dd6dae7b-c4a9-4a16-a5ce-973fa036779e-groupManagement] INFO  util.JmxRegister (JmxRegister.java:tryRegister(44)) - Successfully registered JMX Bean with object name Ratis:service=RaftServer,group=group-15729F2E584F,id=dd6dae7b-c4a9-4a16-a5ce-973fa036779e
2023-06-02 05:15:33,470 [dd6dae7b-c4a9-4a16-a5ce-973fa036779e-groupManagement] INFO  server.RaftServerConfigKeys (ConfUtils.java:logGet(46)) - raft.server.snapshot.auto.trigger.enabled = true (custom)
2023-06-02 05:15:33,470 [dd6dae7b-c4a9-4a16-a5ce-973fa036779e-groupManagement] INFO  server.RaftServerConfigKeys (ConfUtils.java:logGet(46)) - raft.server.snapshot.auto.trigger.threshold = 10000 (custom)
2023-06-02 05:15:33,471 [dd6dae7b-c4a9-4a16-a5ce-973fa036779e-groupManagement] INFO  server.RaftServerConfigKeys (ConfUtils.java:logGet(46)) - raft.server.snapshot.retention.file.num = 5 (custom)
2023-06-02 05:15:33,471 [dd6dae7b-c4a9-4a16-a5ce-973fa036779e-groupManagement] INFO  server.RaftServerConfigKeys (ConfUtils.java:logGet(46)) - raft.server.log.purge.upto.snapshot.index = false (default)
2023-06-02 05:15:33,471 [dd6dae7b-c4a9-4a16-a5ce-973fa036779e@group-15729F2E584F-FollowerState] INFO  server.RaftServerConfigKeys (ConfUtils.java:logFallback(53)) - raft.server.rpc.first-election.timeout.min = 5s (fallback to raft.server.rpc.timeout.min)
2023-06-02 05:15:33,472 [dd6dae7b-c4a9-4a16-a5ce-973fa036779e@group-15729F2E584F-FollowerState] INFO  server.RaftServerConfigKeys (ConfUtils.java:logFallback(53)) - raft.server.rpc.first-election.timeout.max = 5200ms (fallback to raft.server.rpc.timeout.max)
2023-06-02 05:15:33,472 [PipelineCommandHandlerThread-0] INFO  ratis.XceiverServerRatis (XceiverServerRatis.java:addGroup(804)) - Created group PipelineID=bcbcaefd-8b01-44a7-a02c-15729f2e584f
2023-06-02 05:15:33,490 [grpc-default-executor-1] INFO  server.RaftServer (RaftServerProxy.java:addNew(98)) - f6a83548-c013-4f74-9c0e-0b5a922fe81f: addNew group-15729F2E584F:[dd6dae7b-c4a9-4a16-a5ce-973fa036779e|rpc:10.1.74.1:15095|admin:10.1.74.1:15094|client:10.1.74.1:15093|dataStream:10.1.74.1:15096|priority:0|startupRole:FOLLOWER, af4b945e-05c9-4c95-92ea-ec296ba0645f|rpc:10.1.74.1:15113|admin:10.1.74.1:15112|client:10.1.74.1:15111|dataStream:10.1.74.1:15114|priority:0|startupRole:FOLLOWER, f6a83548-c013-4f74-9c0e-0b5a922fe81f|rpc:10.1.74.1:15104|admin:10.1.74.1:15103|client:10.1.74.1:15102|dataStream:10.1.74.1:15105|priority:1|startupRole:FOLLOWER] returns group-15729F2E584F:java.util.concurrent.CompletableFuture@1a26f2d7[Not completed]
2023-06-02 05:15:33,491 [f6a83548-c013-4f74-9c0e-0b5a922fe81f-groupManagement] INFO  server.RaftServer$Division (RaftServerImpl.java:<init>(198)) - f6a83548-c013-4f74-9c0e-0b5a922fe81f: new RaftServerImpl for group-15729F2E584F:[dd6dae7b-c4a9-4a16-a5ce-973fa036779e|rpc:10.1.74.1:15095|admin:10.1.74.1:15094|client:10.1.74.1:15093|dataStream:10.1.74.1:15096|priority:0|startupRole:FOLLOWER, af4b945e-05c9-4c95-92ea-ec296ba0645f|rpc:10.1.74.1:15113|admin:10.1.74.1:15112|client:10.1.74.1:15111|dataStream:10.1.74.1:15114|priority:0|startupRole:FOLLOWER, f6a83548-c013-4f74-9c0e-0b5a922fe81f|rpc:10.1.74.1:15104|admin:10.1.74.1:15103|client:10.1.74.1:15102|dataStream:10.1.74.1:15105|priority:1|startupRole:FOLLOWER] with ContainerStateMachine:uninitialized
2023-06-02 05:15:33,492 [f6a83548-c013-4f74-9c0e-0b5a922fe81f-groupManagement] INFO  server.RaftServerConfigKeys (ConfUtils.java:logGet(46)) - raft.server.rpc.timeout.min = 5s (custom)
2023-06-02 05:15:33,492 [f6a83548-c013-4f74-9c0e-0b5a922fe81f-groupManagement] INFO  server.RaftServerConfigKeys (ConfUtils.java:logGet(46)) - raft.server.rpc.timeout.max = 5200ms (custom)
2023-06-02 05:15:33,492 [f6a83548-c013-4f74-9c0e-0b5a922fe81f-groupManagement] INFO  server.RaftServerConfigKeys (ConfUtils.java:logGet(46)) - raft.server.rpc.sleep.time = 25ms (default)
2023-06-02 05:15:33,492 [f6a83548-c013-4f74-9c0e-0b5a922fe81f-groupManagement] INFO  server.RaftServerConfigKeys (ConfUtils.java:logGet(46)) - raft.server.rpc.slowness.timeout = 300s (custom)
2023-06-02 05:15:33,492 [f6a83548-c013-4f74-9c0e-0b5a922fe81f-groupManagement] INFO  server.RaftServerConfigKeys (ConfUtils.java:logGet(46)) - raft.server.leaderelection.leader.step-down.wait-time = 10s (default)
2023-06-02 05:15:33,492 [f6a83548-c013-4f74-9c0e-0b5a922fe81f-groupManagement] INFO  server.RaftServerConfigKeys (ConfUtils.java:logGet(46)) - raft.server.sleep.deviation.threshold = 300ms (default)
2023-06-02 05:15:33,492 [f6a83548-c013-4f74-9c0e-0b5a922fe81f-groupManagement] INFO  server.RaftServer$Division (ServerState.java:<init>(120)) - f6a83548-c013-4f74-9c0e-0b5a922fe81f@group-15729F2E584F: ConfigurationManager, init=-1: peers:[dd6dae7b-c4a9-4a16-a5ce-973fa036779e|rpc:10.1.74.1:15095|admin:10.1.74.1:15094|client:10.1.74.1:15093|dataStream:10.1.74.1:15096|priority:0|startupRole:FOLLOWER, af4b945e-05c9-4c95-92ea-ec296ba0645f|rpc:10.1.74.1:15113|admin:10.1.74.1:15112|client:10.1.74.1:15111|dataStream:10.1.74.1:15114|priority:0|startupRole:FOLLOWER, f6a83548-c013-4f74-9c0e-0b5a922fe81f|rpc:10.1.74.1:15104|admin:10.1.74.1:15103|client:10.1.74.1:15102|dataStream:10.1.74.1:15105|priority:1|startupRole:FOLLOWER]|listeners:[], old=null, confs=<EMPTY_MAP>
2023-06-02 05:15:33,492 [f6a83548-c013-4f74-9c0e-0b5a922fe81f-groupManagement] INFO  server.RaftServerConfigKeys (ConfUtils.java:logGet(46)) - raft.server.storage.dir = [/home/runner/work/ozone/ozone/hadoop-ozone/integration-test/target/test-dir/MiniOzoneClusterImpl-4e6c5432-da36-405d-b7f1-05871ead9573/datanode-10/data/ratis] (custom)
2023-06-02 05:15:33,492 [f6a83548-c013-4f74-9c0e-0b5a922fe81f-groupManagement] INFO  server.RaftServerConfigKeys (ConfUtils.java:logGet(46)) - raft.server.log.corruption.policy = EXCEPTION (default)
2023-06-02 05:15:33,492 [f6a83548-c013-4f74-9c0e-0b5a922fe81f-groupManagement] INFO  server.RaftServerConfigKeys (ConfUtils.java:logGet(46)) - raft.server.storage.free-space.min = 0MB (=0) (default)
2023-06-02 05:15:33,493 [f6a83548-c013-4f74-9c0e-0b5a922fe81f-groupManagement] INFO  server.RaftServerConfigKeys (ConfUtils.java:logGet(46)) - raft.server.notification.no-leader.timeout = 300s (custom)
2023-06-02 05:15:33,493 [f6a83548-c013-4f74-9c0e-0b5a922fe81f-groupManagement] INFO  server.RaftServerConfigKeys (ConfUtils.java:logGet(46)) - raft.server.read.timeout = 10s (default)
2023-06-02 05:15:33,493 [f6a83548-c013-4f74-9c0e-0b5a922fe81f-groupManagement] INFO  server.RaftServerConfigKeys (ConfUtils.java:logGet(46)) - raft.server.retrycache.expirytime = 600000ms (custom)
2023-06-02 05:15:33,493 [f6a83548-c013-4f74-9c0e-0b5a922fe81f-groupManagement] INFO  server.RaftServerConfigKeys (ConfUtils.java:logGet(46)) - raft.server.retrycache.statistics.expirytime = 100μs (default)
2023-06-02 05:15:33,493 [f6a83548-c013-4f74-9c0e-0b5a922fe81f-groupManagement] INFO  server.RaftServerConfigKeys (ConfUtils.java:logGet(46)) - raft.server.read.option = DEFAULT (default)
2023-06-02 05:15:33,494 [f6a83548-c013-4f74-9c0e-0b5a922fe81f-groupManagement] INFO  server.RaftServerConfigKeys (ConfUtils.java:logGet(46)) - raft.server.rpc.request.timeout = 60s (custom)
2023-06-02 05:15:33,494 [f6a83548-c013-4f74-9c0e-0b5a922fe81f-groupManagement] INFO  server.RaftServerConfigKeys (ConfUtils.java:logGet(46)) - raft.server.log.appender.install.snapshot.enabled = false (custom)
2023-06-02 05:15:33,494 [f6a83548-c013-4f74-9c0e-0b5a922fe81f-groupManagement] INFO  server.RaftServerConfigKeys (ConfUtils.java:logGet(46)) - raft.server.threadpool.server.cached = true (default)
2023-06-02 05:15:33,495 [f6a83548-c013-4f74-9c0e-0b5a922fe81f-groupManagement] INFO  server.RaftServerConfigKeys (ConfUtils.java:logGet(46)) - raft.server.threadpool.server.size = 0 (default)
2023-06-02 05:15:33,495 [f6a83548-c013-4f74-9c0e-0b5a922fe81f-groupManagement] INFO  server.RaftServerConfigKeys (ConfUtils.java:logGet(46)) - raft.server.threadpool.client.cached = true (default)
2023-06-02 05:15:33,495 [f6a83548-c013-4f74-9c0e-0b5a922fe81f-groupManagement] INFO  server.RaftServerConfigKeys (ConfUtils.java:logGet(46)) - raft.server.threadpool.client.size = 0 (default)
2023-06-02 05:15:33,496 [f6a83548-c013-4f74-9c0e-0b5a922fe81f-groupManagement] INFO  storage.RaftStorageDirectory (RaftStorageDirectoryImpl.java:analyzeStorage(137)) - The storage directory /home/runner/work/ozone/ozone/hadoop-ozone/integration-test/target/test-dir/MiniOzoneClusterImpl-4e6c5432-da36-405d-b7f1-05871ead9573/datanode-10/data/ratis/bcbcaefd-8b01-44a7-a02c-15729f2e584f does not exist. Creating ...
2023-06-02 05:15:33,497 [f6a83548-c013-4f74-9c0e-0b5a922fe81f-groupManagement] INFO  storage.RaftStorageDirectory (RaftStorageDirectoryImpl.java:tryLock(231)) - Lock on /home/runner/work/ozone/ozone/hadoop-ozone/integration-test/target/test-dir/MiniOzoneClusterImpl-4e6c5432-da36-405d-b7f1-05871ead9573/datanode-10/data/ratis/bcbcaefd-8b01-44a7-a02c-15729f2e584f/in_use.lock acquired by nodename 65026@fv-az628-647
2023-06-02 05:15:33,499 [f6a83548-c013-4f74-9c0e-0b5a922fe81f-groupManagement] INFO  storage.RaftStorage (RaftStorageImpl.java:format(96)) - Storage directory /home/runner/work/ozone/ozone/hadoop-ozone/integration-test/target/test-dir/MiniOzoneClusterImpl-4e6c5432-da36-405d-b7f1-05871ead9573/datanode-10/data/ratis/bcbcaefd-8b01-44a7-a02c-15729f2e584f has been successfully formatted.
2023-06-02 05:15:33,499 [f6a83548-c013-4f74-9c0e-0b5a922fe81f-groupManagement] INFO  ratis.ContainerStateMachine (ContainerStateMachine.java:loadSnapshot(262)) - group-15729F2E584F: The snapshot info is null. Setting the last applied indexto:(t:0, i:~)
2023-06-02 05:15:33,499 [f6a83548-c013-4f74-9c0e-0b5a922fe81f-groupManagement] INFO  server.RaftServerConfigKeys (ConfUtils.java:logGet(46)) - raft.server.log.use.memory = false (default)
2023-06-02 05:15:33,500 [f6a83548-c013-4f74-9c0e-0b5a922fe81f-groupManagement] INFO  server.RaftServerConfigKeys (ConfUtils.java:logGet(46)) - raft.server.log.purge.gap = 1000000 (custom)
2023-06-02 05:15:33,500 [f6a83548-c013-4f74-9c0e-0b5a922fe81f-groupManagement] INFO  server.RaftServerConfigKeys (ConfUtils.java:logGet(46)) - raft.server.log.appender.buffer.byte-limit = 33554432 (custom)
2023-06-02 05:15:33,500 [f6a83548-c013-4f74-9c0e-0b5a922fe81f-groupManagement] INFO  server.RaftServerConfigKeys (ConfUtils.java:logGet(46)) - raft.server.log.statemachine.data.read.timeout = 1000ms (default)
2023-06-02 05:15:33,503 [f6a83548-c013-4f74-9c0e-0b5a922fe81f-groupManagement] INFO  server.RaftServerConfigKeys (ConfUtils.java:logGet(46)) - raft.server.log.purge.preservation.log.num = 0 (default)
2023-06-02 05:15:33,503 [f6a83548-c013-4f74-9c0e-0b5a922fe81f-groupManagement] INFO  server.RaftServerConfigKeys (ConfUtils.java:logGet(46)) - raft.server.log.segment.size.max = 1048576 (custom)
2023-06-02 05:15:33,504 [f6a83548-c013-4f74-9c0e-0b5a922fe81f-groupManagement] INFO  server.RaftServerConfigKeys (ConfUtils.java:logGet(46)) - raft.server.log.segment.cache.num.max = 2 (custom)
2023-06-02 05:15:33,504 [f6a83548-c013-4f74-9c0e-0b5a922fe81f-groupManagement] INFO  server.RaftServerConfigKeys (ConfUtils.java:logGet(46)) - raft.server.log.segment.cache.size.max = 200MB (=209715200) (default)
2023-06-02 05:15:33,504 [f6a83548-c013-4f74-9c0e-0b5a922fe81f-groupManagement] INFO  server.RaftServerConfigKeys (ConfUtils.java:logGet(46)) - raft.server.log.appender.buffer.byte-limit = 33554432 (custom)
2023-06-02 05:15:33,504 [f6a83548-c013-4f74-9c0e-0b5a922fe81f-groupManagement] INFO  segmented.SegmentedRaftLogWorker (SegmentedRaftLogWorker.java:<init>(188)) - new f6a83548-c013-4f74-9c0e-0b5a922fe81f@group-15729F2E584F-SegmentedRaftLogWorker for RaftStorageImpl:Storage Directory /home/runner/work/ozone/ozone/hadoop-ozone/integration-test/target/test-dir/MiniOzoneClusterImpl-4e6c5432-da36-405d-b7f1-05871ead9573/datanode-10/data/ratis/bcbcaefd-8b01-44a7-a02c-15729f2e584f
2023-06-02 05:15:33,504 [f6a83548-c013-4f74-9c0e-0b5a922fe81f-groupManagement] INFO  server.RaftServerConfigKeys (ConfUtils.java:logGet(46)) - raft.server.log.queue.byte-limit = 4294967296 (custom)
2023-06-02 05:15:33,504 [f6a83548-c013-4f74-9c0e-0b5a922fe81f-groupManagement] INFO  server.RaftServerConfigKeys (ConfUtils.java:logGet(46)) - raft.server.log.queue.element-limit = 1024 (custom)
2023-06-02 05:15:33,504 [f6a83548-c013-4f74-9c0e-0b5a922fe81f-groupManagement] INFO  server.RaftServerConfigKeys (ConfUtils.java:logGet(46)) - raft.server.log.segment.size.max = 1048576 (custom)
2023-06-02 05:15:33,504 [f6a83548-c013-4f74-9c0e-0b5a922fe81f-groupManagement] INFO  server.RaftServerConfigKeys (ConfUtils.java:logGet(46)) - raft.server.log.preallocated.size = 16384 (custom)
2023-06-02 05:15:33,504 [f6a83548-c013-4f74-9c0e-0b5a922fe81f-groupManagement] INFO  server.RaftServerConfigKeys (ConfUtils.java:logGet(46)) - raft.server.log.force.sync.num = 128 (default)
2023-06-02 05:15:33,505 [f6a83548-c013-4f74-9c0e-0b5a922fe81f-groupManagement] INFO  server.RaftServerConfigKeys (ConfUtils.java:logGet(46)) - raft.server.log.statemachine.data.sync = true (default)
2023-06-02 05:15:33,505 [f6a83548-c013-4f74-9c0e-0b5a922fe81f-groupManagement] INFO  server.RaftServerConfigKeys (ConfUtils.java:logGet(46)) - raft.server.log.statemachine.data.sync.timeout = 10s (default)
2023-06-02 05:15:33,505 [f6a83548-c013-4f74-9c0e-0b5a922fe81f-groupManagement] INFO  server.RaftServerConfigKeys (ConfUtils.java:logGet(46)) - raft.server.log.statemachine.data.sync.timeout.retry = -1 (default)
2023-06-02 05:15:33,506 [f6a83548-c013-4f74-9c0e-0b5a922fe81f-groupManagement] INFO  server.RaftServerConfigKeys (ConfUtils.java:logGet(46)) - raft.server.log.write.buffer.size = 1048576 (custom)
2023-06-02 05:15:33,507 [f6a83548-c013-4f74-9c0e-0b5a922fe81f-groupManagement] INFO  server.RaftServerConfigKeys (ConfUtils.java:logGet(46)) - raft.server.log.appender.buffer.byte-limit = 33554432 (custom)
2023-06-02 05:15:33,513 [f6a83548-c013-4f74-9c0e-0b5a922fe81f-groupManagement] INFO  server.RaftServerConfigKeys (ConfUtils.java:logGet(46)) - raft.server.log.unsafe-flush.enabled = false (default)
2023-06-02 05:15:33,513 [f6a83548-c013-4f74-9c0e-0b5a922fe81f-groupManagement] INFO  server.RaftServerConfigKeys (ConfUtils.java:logGet(46)) - raft.server.log.async-flush.enabled = false (default)
2023-06-02 05:15:33,513 [f6a83548-c013-4f74-9c0e-0b5a922fe81f-groupManagement] INFO  server.RaftServerConfigKeys (ConfUtils.java:logGet(46)) - raft.server.log.statemachine.data.caching.enabled = true (custom)
2023-06-02 05:15:33,513 [f6a83548-c013-4f74-9c0e-0b5a922fe81f-groupManagement] INFO  segmented.SegmentedRaftLogWorker (SegmentedRaftLogWorker.java:lambda$new$0(135)) - f6a83548-c013-4f74-9c0e-0b5a922fe81f@group-15729F2E584F-SegmentedRaftLogWorker: flushIndex: setUnconditionally 0 -> -1
2023-06-02 05:15:33,514 [f6a83548-c013-4f74-9c0e-0b5a922fe81f-groupManagement] INFO  segmented.SegmentedRaftLogWorker (SegmentedRaftLogWorker.java:lambda$new$0(135)) - f6a83548-c013-4f74-9c0e-0b5a922fe81f@group-15729F2E584F-SegmentedRaftLogWorker: safeCacheEvictIndex: setUnconditionally 0 -> -1
2023-06-02 05:15:33,514 [f6a83548-c013-4f74-9c0e-0b5a922fe81f-groupManagement] INFO  server.RaftServer$Division (RaftServerImpl.java:start(342)) - f6a83548-c013-4f74-9c0e-0b5a922fe81f@group-15729F2E584F: start as a follower, conf=-1: peers:[dd6dae7b-c4a9-4a16-a5ce-973fa036779e|rpc:10.1.74.1:15095|admin:10.1.74.1:15094|client:10.1.74.1:15093|dataStream:10.1.74.1:15096|priority:0|startupRole:FOLLOWER, af4b945e-05c9-4c95-92ea-ec296ba0645f|rpc:10.1.74.1:15113|admin:10.1.74.1:15112|client:10.1.74.1:15111|dataStream:10.1.74.1:15114|priority:0|startupRole:FOLLOWER, f6a83548-c013-4f74-9c0e-0b5a922fe81f|rpc:10.1.74.1:15104|admin:10.1.74.1:15103|client:10.1.74.1:15102|dataStream:10.1.74.1:15105|priority:1|startupRole:FOLLOWER]|listeners:[], old=null
2023-06-02 05:15:33,514 [f6a83548-c013-4f74-9c0e-0b5a922fe81f-groupManagement] INFO  server.RaftServer$Division (RaftServerImpl.java:setRole(329)) - f6a83548-c013-4f74-9c0e-0b5a922fe81f@group-15729F2E584F: changes role from      null to FOLLOWER at term 0 for startAsFollower
2023-06-02 05:15:33,514 [f6a83548-c013-4f74-9c0e-0b5a922fe81f-groupManagement] INFO  impl.RoleInfo (RoleInfo.java:updateAndGet(139)) - f6a83548-c013-4f74-9c0e-0b5a922fe81f: start f6a83548-c013-4f74-9c0e-0b5a922fe81f@group-15729F2E584F-FollowerState
2023-06-02 05:15:33,517 [f6a83548-c013-4f74-9c0e-0b5a922fe81f-groupManagement] INFO  util.JmxRegister (JmxRegister.java:tryRegister(44)) - Successfully registered JMX Bean with object name Ratis:service=RaftServer,group=group-15729F2E584F,id=f6a83548-c013-4f74-9c0e-0b5a922fe81f
2023-06-02 05:15:33,517 [f6a83548-c013-4f74-9c0e-0b5a922fe81f-groupManagement] INFO  server.RaftServerConfigKeys (ConfUtils.java:logGet(46)) - raft.server.snapshot.auto.trigger.enabled = true (custom)
2023-06-02 05:15:33,517 [f6a83548-c013-4f74-9c0e-0b5a922fe81f-groupManagement] INFO  server.RaftServerConfigKeys (ConfUtils.java:logGet(46)) - raft.server.snapshot.auto.trigger.threshold = 10000 (custom)
2023-06-02 05:15:33,517 [f6a83548-c013-4f74-9c0e-0b5a922fe81f-groupManagement] INFO  server.RaftServerConfigKeys (ConfUtils.java:logGet(46)) - raft.server.snapshot.retention.file.num = 5 (custom)
2023-06-02 05:15:33,517 [f6a83548-c013-4f74-9c0e-0b5a922fe81f-groupManagement] INFO  server.RaftServerConfigKeys (ConfUtils.java:logGet(46)) - raft.server.log.purge.upto.snapshot.index = false (default)
2023-06-02 05:15:33,518 [f6a83548-c013-4f74-9c0e-0b5a922fe81f@group-15729F2E584F-FollowerState] INFO  server.RaftServerConfigKeys (ConfUtils.java:logFallback(53)) - raft.server.rpc.first-election.timeout.min = 5s (fallback to raft.server.rpc.timeout.min)
2023-06-02 05:15:33,518 [f6a83548-c013-4f74-9c0e-0b5a922fe81f@group-15729F2E584F-FollowerState] INFO  server.RaftServerConfigKeys (ConfUtils.java:logFallback(53)) - raft.server.rpc.first-election.timeout.max = 5200ms (fallback to raft.server.rpc.timeout.max)
2023-06-02 05:15:33,541 [grpc-default-executor-1] INFO  server.RaftServer (RaftServerProxy.java:addNew(98)) - af4b945e-05c9-4c95-92ea-ec296ba0645f: addNew group-15729F2E584F:[dd6dae7b-c4a9-4a16-a5ce-973fa036779e|rpc:10.1.74.1:15095|admin:10.1.74.1:15094|client:10.1.74.1:15093|dataStream:10.1.74.1:15096|priority:0|startupRole:FOLLOWER, af4b945e-05c9-4c95-92ea-ec296ba0645f|rpc:10.1.74.1:15113|admin:10.1.74.1:15112|client:10.1.74.1:15111|dataStream:10.1.74.1:15114|priority:0|startupRole:FOLLOWER, f6a83548-c013-4f74-9c0e-0b5a922fe81f|rpc:10.1.74.1:15104|admin:10.1.74.1:15103|client:10.1.74.1:15102|dataStream:10.1.74.1:15105|priority:1|startupRole:FOLLOWER] returns group-15729F2E584F:java.util.concurrent.CompletableFuture@2b2b2545[Not completed]
2023-06-02 05:15:33,542 [af4b945e-05c9-4c95-92ea-ec296ba0645f-groupManagement] INFO  server.RaftServer$Division (RaftServerImpl.java:<init>(198)) - af4b945e-05c9-4c95-92ea-ec296ba0645f: new RaftServerImpl for group-15729F2E584F:[dd6dae7b-c4a9-4a16-a5ce-973fa036779e|rpc:10.1.74.1:15095|admin:10.1.74.1:15094|client:10.1.74.1:15093|dataStream:10.1.74.1:15096|priority:0|startupRole:FOLLOWER, af4b945e-05c9-4c95-92ea-ec296ba0645f|rpc:10.1.74.1:15113|admin:10.1.74.1:15112|client:10.1.74.1:15111|dataStream:10.1.74.1:15114|priority:0|startupRole:FOLLOWER, f6a83548-c013-4f74-9c0e-0b5a922fe81f|rpc:10.1.74.1:15104|admin:10.1.74.1:15103|client:10.1.74.1:15102|dataStream:10.1.74.1:15105|priority:1|startupRole:FOLLOWER] with ContainerStateMachine:uninitialized
2023-06-02 05:15:33,542 [af4b945e-05c9-4c95-92ea-ec296ba0645f-groupManagement] INFO  server.RaftServerConfigKeys (ConfUtils.java:logGet(46)) - raft.server.rpc.timeout.min = 5s (custom)
2023-06-02 05:15:33,542 [af4b945e-05c9-4c95-92ea-ec296ba0645f-groupManagement] INFO  server.RaftServerConfigKeys (ConfUtils.java:logGet(46)) - raft.server.rpc.timeout.max = 5200ms (custom)
2023-06-02 05:15:33,542 [af4b945e-05c9-4c95-92ea-ec296ba0645f-groupManagement] INFO  server.RaftServerConfigKeys (ConfUtils.java:logGet(46)) - raft.server.rpc.sleep.time = 25ms (default)
2023-06-02 05:15:33,543 [af4b945e-05c9-4c95-92ea-ec296ba0645f-groupManagement] INFO  server.RaftServerConfigKeys (ConfUtils.java:logGet(46)) - raft.server.rpc.slowness.timeout = 300s (custom)
2023-06-02 05:15:33,543 [af4b945e-05c9-4c95-92ea-ec296ba0645f-groupManagement] INFO  server.RaftServerConfigKeys (ConfUtils.java:logGet(46)) - raft.server.leaderelection.leader.step-down.wait-time = 10s (default)
2023-06-02 05:15:33,543 [af4b945e-05c9-4c95-92ea-ec296ba0645f-groupManagement] INFO  server.RaftServerConfigKeys (ConfUtils.java:logGet(46)) - raft.server.sleep.deviation.threshold = 300ms (default)
2023-06-02 05:15:33,543 [af4b945e-05c9-4c95-92ea-ec296ba0645f-groupManagement] INFO  server.RaftServer$Division (ServerState.java:<init>(120)) - af4b945e-05c9-4c95-92ea-ec296ba0645f@group-15729F2E584F: ConfigurationManager, init=-1: peers:[dd6dae7b-c4a9-4a16-a5ce-973fa036779e|rpc:10.1.74.1:15095|admin:10.1.74.1:15094|client:10.1.74.1:15093|dataStream:10.1.74.1:15096|priority:0|startupRole:FOLLOWER, af4b945e-05c9-4c95-92ea-ec296ba0645f|rpc:10.1.74.1:15113|admin:10.1.74.1:15112|client:10.1.74.1:15111|dataStream:10.1.74.1:15114|priority:0|startupRole:FOLLOWER, f6a83548-c013-4f74-9c0e-0b5a922fe81f|rpc:10.1.74.1:15104|admin:10.1.74.1:15103|client:10.1.74.1:15102|dataStream:10.1.74.1:15105|priority:1|startupRole:FOLLOWER]|listeners:[], old=null, confs=<EMPTY_MAP>
2023-06-02 05:15:33,543 [af4b945e-05c9-4c95-92ea-ec296ba0645f-groupManagement] INFO  server.RaftServerConfigKeys (ConfUtils.java:logGet(46)) - raft.server.storage.dir = [/home/runner/work/ozone/ozone/hadoop-ozone/integration-test/target/test-dir/MiniOzoneClusterImpl-4e6c5432-da36-405d-b7f1-05871ead9573/datanode-11/data/ratis] (custom)
2023-06-02 05:15:33,543 [af4b945e-05c9-4c95-92ea-ec296ba0645f-groupManagement] INFO  server.RaftServerConfigKeys (ConfUtils.java:logGet(46)) - raft.server.log.corruption.policy = EXCEPTION (default)
2023-06-02 05:15:33,543 [af4b945e-05c9-4c95-92ea-ec296ba0645f-groupManagement] INFO  server.RaftServerConfigKeys (ConfUtils.java:logGet(46)) - raft.server.storage.free-space.min = 0MB (=0) (default)
2023-06-02 05:15:33,543 [af4b945e-05c9-4c95-92ea-ec296ba0645f-groupManagement] INFO  server.RaftServerConfigKeys (ConfUtils.java:logGet(46)) - raft.server.notification.no-leader.timeout = 300s (custom)
2023-06-02 05:15:33,543 [af4b945e-05c9-4c95-92ea-ec296ba0645f-groupManagement] INFO  server.RaftServerConfigKeys (ConfUtils.java:logGet(46)) - raft.server.read.timeout = 10s (default)
2023-06-02 05:15:33,543 [af4b945e-05c9-4c95-92ea-ec296ba0645f-groupManagement] INFO  server.RaftServerConfigKeys (ConfUtils.java:logGet(46)) - raft.server.retrycache.expirytime = 600000ms (custom)
2023-06-02 05:15:33,544 [af4b945e-05c9-4c95-92ea-ec296ba0645f-groupManagement] INFO  server.RaftServerConfigKeys (ConfUtils.java:logGet(46)) - raft.server.retrycache.statistics.expirytime = 100μs (default)
2023-06-02 05:15:33,544 [af4b945e-05c9-4c95-92ea-ec296ba0645f-groupManagement] INFO  server.RaftServerConfigKeys (ConfUtils.java:logGet(46)) - raft.server.read.option = DEFAULT (default)
2023-06-02 05:15:33,545 [af4b945e-05c9-4c95-92ea-ec296ba0645f-groupManagement] INFO  server.RaftServerConfigKeys (ConfUtils.java:logGet(46)) - raft.server.rpc.request.timeout = 60s (custom)
2023-06-02 05:15:33,545 [af4b945e-05c9-4c95-92ea-ec296ba0645f-groupManagement] INFO  server.RaftServerConfigKeys (ConfUtils.java:logGet(46)) - raft.server.log.appender.install.snapshot.enabled = false (custom)
2023-06-02 05:15:33,545 [af4b945e-05c9-4c95-92ea-ec296ba0645f-groupManagement] INFO  server.RaftServerConfigKeys (ConfUtils.java:logGet(46)) - raft.server.threadpool.server.cached = true (default)
2023-06-02 05:15:33,545 [af4b945e-05c9-4c95-92ea-ec296ba0645f-groupManagement] INFO  server.RaftServerConfigKeys (ConfUtils.java:logGet(46)) - raft.server.threadpool.server.size = 0 (default)
2023-06-02 05:15:33,545 [af4b945e-05c9-4c95-92ea-ec296ba0645f-groupManagement] INFO  server.RaftServerConfigKeys (ConfUtils.java:logGet(46)) - raft.server.threadpool.client.cached = true (default)
2023-06-02 05:15:33,545 [af4b945e-05c9-4c95-92ea-ec296ba0645f-groupManagement] INFO  server.RaftServerConfigKeys (ConfUtils.java:logGet(46)) - raft.server.threadpool.client.size = 0 (default)
2023-06-02 05:15:33,545 [af4b945e-05c9-4c95-92ea-ec296ba0645f-groupManagement] INFO  storage.RaftStorageDirectory (RaftStorageDirectoryImpl.java:analyzeStorage(137)) - The storage directory /home/runner/work/ozone/ozone/hadoop-ozone/integration-test/target/test-dir/MiniOzoneClusterImpl-4e6c5432-da36-405d-b7f1-05871ead9573/datanode-11/data/ratis/bcbcaefd-8b01-44a7-a02c-15729f2e584f does not exist. Creating ...
2023-06-02 05:15:33,547 [af4b945e-05c9-4c95-92ea-ec296ba0645f-groupManagement] INFO  storage.RaftStorageDirectory (RaftStorageDirectoryImpl.java:tryLock(231)) - Lock on /home/runner/work/ozone/ozone/hadoop-ozone/integration-test/target/test-dir/MiniOzoneClusterImpl-4e6c5432-da36-405d-b7f1-05871ead9573/datanode-11/data/ratis/bcbcaefd-8b01-44a7-a02c-15729f2e584f/in_use.lock acquired by nodename 65026@fv-az628-647
2023-06-02 05:15:33,548 [af4b945e-05c9-4c95-92ea-ec296ba0645f-groupManagement] INFO  storage.RaftStorage (RaftStorageImpl.java:format(96)) - Storage directory /home/runner/work/ozone/ozone/hadoop-ozone/integration-test/target/test-dir/MiniOzoneClusterImpl-4e6c5432-da36-405d-b7f1-05871ead9573/datanode-11/data/ratis/bcbcaefd-8b01-44a7-a02c-15729f2e584f has been successfully formatted.
2023-06-02 05:15:33,551 [af4b945e-05c9-4c95-92ea-ec296ba0645f-groupManagement] INFO  ratis.ContainerStateMachine (ContainerStateMachine.java:loadSnapshot(262)) - group-15729F2E584F: The snapshot info is null. Setting the last applied indexto:(t:0, i:~)
2023-06-02 05:15:33,552 [af4b945e-05c9-4c95-92ea-ec296ba0645f-groupManagement] INFO  server.RaftServerConfigKeys (ConfUtils.java:logGet(46)) - raft.server.log.use.memory = false (default)
2023-06-02 05:15:33,552 [af4b945e-05c9-4c95-92ea-ec296ba0645f-groupManagement] INFO  server.RaftServerConfigKeys (ConfUtils.java:logGet(46)) - raft.server.log.purge.gap = 1000000 (custom)
2023-06-02 05:15:33,552 [af4b945e-05c9-4c95-92ea-ec296ba0645f-groupManagement] INFO  server.RaftServerConfigKeys (ConfUtils.java:logGet(46)) - raft.server.log.appender.buffer.byte-limit = 33554432 (custom)
2023-06-02 05:15:33,552 [af4b945e-05c9-4c95-92ea-ec296ba0645f-groupManagement] INFO  server.RaftServerConfigKeys (ConfUtils.java:logGet(46)) - raft.server.log.statemachine.data.read.timeout = 1000ms (default)
2023-06-02 05:15:33,552 [af4b945e-05c9-4c95-92ea-ec296ba0645f-groupManagement] INFO  server.RaftServerConfigKeys (ConfUtils.java:logGet(46)) - raft.server.log.purge.preservation.log.num = 0 (default)
2023-06-02 05:15:33,552 [af4b945e-05c9-4c95-92ea-ec296ba0645f-groupManagement] INFO  server.RaftServerConfigKeys (ConfUtils.java:logGet(46)) - raft.server.log.segment.size.max = 1048576 (custom)
2023-06-02 05:15:33,553 [af4b945e-05c9-4c95-92ea-ec296ba0645f-groupManagement] INFO  server.RaftServerConfigKeys (ConfUtils.java:logGet(46)) - raft.server.log.segment.cache.num.max = 2 (custom)
2023-06-02 05:15:33,553 [af4b945e-05c9-4c95-92ea-ec296ba0645f-groupManagement] INFO  server.RaftServerConfigKeys (ConfUtils.java:logGet(46)) - raft.server.log.segment.cache.size.max = 200MB (=209715200) (default)
2023-06-02 05:15:33,553 [af4b945e-05c9-4c95-92ea-ec296ba0645f-groupManagement] INFO  server.RaftServerConfigKeys (ConfUtils.java:logGet(46)) - raft.server.log.appender.buffer.byte-limit = 33554432 (custom)
2023-06-02 05:15:33,553 [af4b945e-05c9-4c95-92ea-ec296ba0645f-groupManagement] INFO  segmented.SegmentedRaftLogWorker (SegmentedRaftLogWorker.java:<init>(188)) - new af4b945e-05c9-4c95-92ea-ec296ba0645f@group-15729F2E584F-SegmentedRaftLogWorker for RaftStorageImpl:Storage Directory /home/runner/work/ozone/ozone/hadoop-ozone/integration-test/target/test-dir/MiniOzoneClusterImpl-4e6c5432-da36-405d-b7f1-05871ead9573/datanode-11/data/ratis/bcbcaefd-8b01-44a7-a02c-15729f2e584f
2023-06-02 05:15:33,553 [af4b945e-05c9-4c95-92ea-ec296ba0645f-groupManagement] INFO  server.RaftServerConfigKeys (ConfUtils.java:logGet(46)) - raft.server.log.queue.byte-limit = 4294967296 (custom)
2023-06-02 05:15:33,553 [af4b945e-05c9-4c95-92ea-ec296ba0645f-groupManagement] INFO  server.RaftServerConfigKeys (ConfUtils.java:logGet(46)) - raft.server.log.queue.element-limit = 1024 (custom)
2023-06-02 05:15:33,553 [af4b945e-05c9-4c95-92ea-ec296ba0645f-groupManagement] INFO  server.RaftServerConfigKeys (ConfUtils.java:logGet(46)) - raft.server.log.segment.size.max = 1048576 (custom)
2023-06-02 05:15:33,553 [af4b945e-05c9-4c95-92ea-ec296ba0645f-groupManagement] INFO  server.RaftServerConfigKeys (ConfUtils.java:logGet(46)) - raft.server.log.preallocated.size = 16384 (custom)
2023-06-02 05:15:33,553 [af4b945e-05c9-4c95-92ea-ec296ba0645f-groupManagement] INFO  server.RaftServerConfigKeys (ConfUtils.java:logGet(46)) - raft.server.log.force.sync.num = 128 (default)
2023-06-02 05:15:33,553 [af4b945e-05c9-4c95-92ea-ec296ba0645f-groupManagement] INFO  server.RaftServerConfigKeys (ConfUtils.java:logGet(46)) - raft.server.log.statemachine.data.sync = true (default)
2023-06-02 05:15:33,554 [af4b945e-05c9-4c95-92ea-ec296ba0645f-groupManagement] INFO  server.RaftServerConfigKeys (ConfUtils.java:logGet(46)) - raft.server.log.statemachine.data.sync.timeout = 10s (default)
2023-06-02 05:15:33,554 [af4b945e-05c9-4c95-92ea-ec296ba0645f-groupManagement] INFO  server.RaftServerConfigKeys (ConfUtils.java:logGet(46)) - raft.server.log.statemachine.data.sync.timeout.retry = -1 (default)
2023-06-02 05:15:33,554 [af4b945e-05c9-4c95-92ea-ec296ba0645f-groupManagement] INFO  server.RaftServerConfigKeys (ConfUtils.java:logGet(46)) - raft.server.log.write.buffer.size = 1048576 (custom)
2023-06-02 05:15:33,555 [af4b945e-05c9-4c95-92ea-ec296ba0645f-groupManagement] INFO  server.RaftServerConfigKeys (ConfUtils.java:logGet(46)) - raft.server.log.appender.buffer.byte-limit = 33554432 (custom)
2023-06-02 05:15:33,561 [af4b945e-05c9-4c95-92ea-ec296ba0645f-groupManagement] INFO  server.RaftServerConfigKeys (ConfUtils.java:logGet(46)) - raft.server.log.unsafe-flush.enabled = false (default)
2023-06-02 05:15:33,562 [af4b945e-05c9-4c95-92ea-ec296ba0645f-groupManagement] INFO  server.RaftServerConfigKeys (ConfUtils.java:logGet(46)) - raft.server.log.async-flush.enabled = false (default)
2023-06-02 05:15:33,562 [af4b945e-05c9-4c95-92ea-ec296ba0645f-groupManagement] INFO  server.RaftServerConfigKeys (ConfUtils.java:logGet(46)) - raft.server.log.statemachine.data.caching.enabled = true (custom)
2023-06-02 05:15:33,562 [af4b945e-05c9-4c95-92ea-ec296ba0645f-groupManagement] INFO  segmented.SegmentedRaftLogWorker (SegmentedRaftLogWorker.java:lambda$new$0(135)) - af4b945e-05c9-4c95-92ea-ec296ba0645f@group-15729F2E584F-SegmentedRaftLogWorker: flushIndex: setUnconditionally 0 -> -1
2023-06-02 05:15:33,562 [af4b945e-05c9-4c95-92ea-ec296ba0645f-groupManagement] INFO  segmented.SegmentedRaftLogWorker (SegmentedRaftLogWorker.java:lambda$new$0(135)) - af4b945e-05c9-4c95-92ea-ec296ba0645f@group-15729F2E584F-SegmentedRaftLogWorker: safeCacheEvictIndex: setUnconditionally 0 -> -1
2023-06-02 05:15:33,563 [af4b945e-05c9-4c95-92ea-ec296ba0645f-groupManagement] INFO  server.RaftServer$Division (RaftServerImpl.java:start(342)) - af4b945e-05c9-4c95-92ea-ec296ba0645f@group-15729F2E584F: start as a follower, conf=-1: peers:[dd6dae7b-c4a9-4a16-a5ce-973fa036779e|rpc:10.1.74.1:15095|admin:10.1.74.1:15094|client:10.1.74.1:15093|dataStream:10.1.74.1:15096|priority:0|startupRole:FOLLOWER, af4b945e-05c9-4c95-92ea-ec296ba0645f|rpc:10.1.74.1:15113|admin:10.1.74.1:15112|client:10.1.74.1:15111|dataStream:10.1.74.1:15114|priority:0|startupRole:FOLLOWER, f6a83548-c013-4f74-9c0e-0b5a922fe81f|rpc:10.1.74.1:15104|admin:10.1.74.1:15103|client:10.1.74.1:15102|dataStream:10.1.74.1:15105|priority:1|startupRole:FOLLOWER]|listeners:[], old=null
2023-06-02 05:15:33,563 [af4b945e-05c9-4c95-92ea-ec296ba0645f-groupManagement] INFO  server.RaftServer$Division (RaftServerImpl.java:setRole(329)) - af4b945e-05c9-4c95-92ea-ec296ba0645f@group-15729F2E584F: changes role from      null to FOLLOWER at term 0 for startAsFollower
2023-06-02 05:15:33,563 [af4b945e-05c9-4c95-92ea-ec296ba0645f-groupManagement] INFO  impl.RoleInfo (RoleInfo.java:updateAndGet(139)) - af4b945e-05c9-4c95-92ea-ec296ba0645f: start af4b945e-05c9-4c95-92ea-ec296ba0645f@group-15729F2E584F-FollowerState
2023-06-02 05:15:33,566 [af4b945e-05c9-4c95-92ea-ec296ba0645f-groupManagement] INFO  util.JmxRegister (JmxRegister.java:tryRegister(44)) - Successfully registered JMX Bean with object name Ratis:service=RaftServer,group=group-15729F2E584F,id=af4b945e-05c9-4c95-92ea-ec296ba0645f
2023-06-02 05:15:33,566 [af4b945e-05c9-4c95-92ea-ec296ba0645f-groupManagement] INFO  server.RaftServerConfigKeys (ConfUtils.java:logGet(46)) - raft.server.snapshot.auto.trigger.enabled = true (custom)
2023-06-02 05:15:33,566 [af4b945e-05c9-4c95-92ea-ec296ba0645f-groupManagement] INFO  server.RaftServerConfigKeys (ConfUtils.java:logGet(46)) - raft.server.snapshot.auto.trigger.threshold = 10000 (custom)
2023-06-02 05:15:33,566 [af4b945e-05c9-4c95-92ea-ec296ba0645f-groupManagement] INFO  server.RaftServerConfigKeys (ConfUtils.java:logGet(46)) - raft.server.snapshot.retention.file.num = 5 (custom)
2023-06-02 05:15:33,566 [af4b945e-05c9-4c95-92ea-ec296ba0645f-groupManagement] INFO  server.RaftServerConfigKeys (ConfUtils.java:logGet(46)) - raft.server.log.purge.upto.snapshot.index = false (default)
2023-06-02 05:15:33,567 [af4b945e-05c9-4c95-92ea-ec296ba0645f@group-15729F2E584F-FollowerState] INFO  server.RaftServerConfigKeys (ConfUtils.java:logFallback(53)) - raft.server.rpc.first-election.timeout.min = 5s (fallback to raft.server.rpc.timeout.min)
2023-06-02 05:15:33,567 [af4b945e-05c9-4c95-92ea-ec296ba0645f@group-15729F2E584F-FollowerState] INFO  server.RaftServerConfigKeys (ConfUtils.java:logFallback(53)) - raft.server.rpc.first-election.timeout.max = 5200ms (fallback to raft.server.rpc.timeout.max)
2023-06-02 05:15:33,587 [PipelineCommandHandlerThread-0] INFO  commandhandler.CreatePipelineCommandHandler (CreatePipelineCommandHandler.java:lambda$handle$2(124)) - Created Pipeline RATIS THREE PipelineID=bcbcaefd-8b01-44a7-a02c-15729f2e584f.
2023-06-02 05:15:33,602 [f102c20d-579f-44a7-9197-f839bb943261@group-0A3F48428075-FollowerState] INFO  impl.FollowerState (FollowerState.java:run(143)) - f102c20d-579f-44a7-9197-f839bb943261@group-0A3F48428075-FollowerState: change to CANDIDATE, lastRpcElapsedTime:5024598194ns, electionTimeout:5022ms
2023-06-02 05:15:33,602 [f102c20d-579f-44a7-9197-f839bb943261@group-0A3F48428075-FollowerState] INFO  impl.RoleInfo (RoleInfo.java:shutdownFollowerState(110)) - f102c20d-579f-44a7-9197-f839bb943261: shutdown f102c20d-579f-44a7-9197-f839bb943261@group-0A3F48428075-FollowerState
2023-06-02 05:15:33,602 [f102c20d-579f-44a7-9197-f839bb943261@group-0A3F48428075-FollowerState] INFO  server.RaftServer$Division (RaftServerImpl.java:setRole(329)) - f102c20d-579f-44a7-9197-f839bb943261@group-0A3F48428075: changes role from  FOLLOWER to CANDIDATE at term 0 for changeToCandidate
2023-06-02 05:15:33,602 [f102c20d-579f-44a7-9197-f839bb943261@group-0A3F48428075-FollowerState] INFO  server.RaftServerConfigKeys (ConfUtils.java:logGet(46)) - raft.server.leaderelection.pre-vote = true (default)
2023-06-02 05:15:33,602 [f102c20d-579f-44a7-9197-f839bb943261@group-0A3F48428075-FollowerState] INFO  impl.RoleInfo (RoleInfo.java:updateAndGet(139)) - f102c20d-579f-44a7-9197-f839bb943261: start f102c20d-579f-44a7-9197-f839bb943261@group-0A3F48428075-LeaderElection2
2023-06-02 05:15:33,605 [f102c20d-579f-44a7-9197-f839bb943261@group-0A3F48428075-LeaderElection2] INFO  impl.LeaderElection (LeaderElection.java:askForVotes(321)) - f102c20d-579f-44a7-9197-f839bb943261@group-0A3F48428075-LeaderElection2 PRE_VOTE round 0: submit vote requests at term 0 for -1: peers:[f102c20d-579f-44a7-9197-f839bb943261|rpc:10.1.74.1:15014|admin:10.1.74.1:15013|client:10.1.74.1:15012|dataStream:10.1.74.1:15015|priority:1|startupRole:FOLLOWER]|listeners:[], old=null
2023-06-02 05:15:33,605 [f102c20d-579f-44a7-9197-f839bb943261@group-0A3F48428075-LeaderElection2] INFO  impl.LeaderElection (LeaderElection.java:askForVotes(323)) - f102c20d-579f-44a7-9197-f839bb943261@group-0A3F48428075-LeaderElection2 PRE_VOTE round 0: result PASSED (term=0)
2023-06-02 05:15:33,608 [f102c20d-579f-44a7-9197-f839bb943261@group-0A3F48428075-LeaderElection2] INFO  impl.LeaderElection (LeaderElection.java:askForVotes(321)) - f102c20d-579f-44a7-9197-f839bb943261@group-0A3F48428075-LeaderElection2 ELECTION round 0: submit vote requests at term 1 for -1: peers:[f102c20d-579f-44a7-9197-f839bb943261|rpc:10.1.74.1:15014|admin:10.1.74.1:15013|client:10.1.74.1:15012|dataStream:10.1.74.1:15015|priority:1|startupRole:FOLLOWER]|listeners:[], old=null
2023-06-02 05:15:33,608 [f102c20d-579f-44a7-9197-f839bb943261@group-0A3F48428075-LeaderElection2] INFO  impl.LeaderElection (LeaderElection.java:askForVotes(323)) - f102c20d-579f-44a7-9197-f839bb943261@group-0A3F48428075-LeaderElection2 ELECTION round 0: result PASSED (term=1)
2023-06-02 05:15:33,608 [f102c20d-579f-44a7-9197-f839bb943261@group-0A3F48428075-LeaderElection2] INFO  impl.RoleInfo (RoleInfo.java:shutdownLeaderElection(130)) - f102c20d-579f-44a7-9197-f839bb943261: shutdown f102c20d-579f-44a7-9197-f839bb943261@group-0A3F48428075-LeaderElection2
2023-06-02 05:15:33,609 [f102c20d-579f-44a7-9197-f839bb943261@group-0A3F48428075-LeaderElection2] INFO  server.RaftServer$Division (RaftServerImpl.java:setRole(329)) - f102c20d-579f-44a7-9197-f839bb943261@group-0A3F48428075: changes role from CANDIDATE to LEADER at term 1 for changeToLeader
2023-06-02 05:15:33,609 [f102c20d-579f-44a7-9197-f839bb943261@group-0A3F48428075-LeaderElection2] INFO  ratis.XceiverServerRatis (XceiverServerRatis.java:handleLeaderChangedNotification(902)) - Leader change notification received for group: group-0A3F48428075 with new leaderId: f102c20d-579f-44a7-9197-f839bb943261
2023-06-02 05:15:33,610 [f102c20d-579f-44a7-9197-f839bb943261@group-0A3F48428075-LeaderElection2] INFO  server.RaftServer$Division (ServerState.java:setLeader(317)) - f102c20d-579f-44a7-9197-f839bb943261@group-0A3F48428075: change Leader from null to f102c20d-579f-44a7-9197-f839bb943261 at term 1 for becomeLeader, leader elected after 5089ms
2023-06-02 05:15:33,610 [f102c20d-579f-44a7-9197-f839bb943261@group-0A3F48428075-LeaderElection2] INFO  server.RaftServerConfigKeys (ConfUtils.java:logGet(46)) - raft.server.staging.catchup.gap = 1000 (default)
2023-06-02 05:15:33,611 [f102c20d-579f-44a7-9197-f839bb943261@group-0A3F48428075-LeaderElection2] INFO  server.RaftServerConfigKeys (ConfUtils.java:logGet(46)) - raft.server.write.element-limit = 1024 (custom)
2023-06-02 05:15:33,611 [f102c20d-579f-44a7-9197-f839bb943261@group-0A3F48428075-LeaderElection2] INFO  server.RaftServerConfigKeys (ConfUtils.java:logGet(46)) - raft.server.write.byte-limit = 1024 M (=1073741824) (custom)
2023-06-02 05:15:33,611 [f102c20d-579f-44a7-9197-f839bb943261@group-0A3F48428075-LeaderElection2] INFO  server.RaftServerConfigKeys (ConfUtils.java:logGet(46)) - raft.server.watch.timeout = 180s (custom)
2023-06-02 05:15:33,611 [EventQueue-OpenPipelineForHealthyPipelineSafeModeRule] INFO  safemode.SCMSafeModeManager (HealthyPipelineSafeModeRule.java:process(137)) - SCM in safe mode. Healthy pipelines reported count is 0, required healthy pipeline reported count is 1
2023-06-02 05:15:33,611 [f102c20d-579f-44a7-9197-f839bb943261@group-0A3F48428075-LeaderElection2] INFO  server.RaftServerConfigKeys (ConfUtils.java:logGet(46)) - raft.server.watch.timeout.denomination = 1s (default)
2023-06-02 05:15:33,611 [f102c20d-579f-44a7-9197-f839bb943261@group-0A3F48428075-LeaderElection2] INFO  server.RaftServerConfigKeys (ConfUtils.java:logGet(46)) - raft.server.watch.element-limit = 65536 (default)
2023-06-02 05:15:33,612 [f102c20d-579f-44a7-9197-f839bb943261@group-0A3F48428075-LeaderElection2] INFO  server.RaftServerConfigKeys (ConfUtils.java:logGet(46)) - raft.server.write.element-limit = 1024 (custom)
2023-06-02 05:15:33,612 [f102c20d-579f-44a7-9197-f839bb943261@group-0A3F48428075-LeaderElection2] INFO  server.RaftServerConfigKeys (ConfUtils.java:logGet(46)) - raft.server.write.follower.gap.ratio.max = -1.0 (default)
2023-06-02 05:15:33,612 [f102c20d-579f-44a7-9197-f839bb943261@group-0A3F48428075-LeaderElection2] INFO  impl.RoleInfo (RoleInfo.java:updateAndGet(139)) - f102c20d-579f-44a7-9197-f839bb943261: start f102c20d-579f-44a7-9197-f839bb943261@group-0A3F48428075-LeaderStateImpl
2023-06-02 05:15:33,613 [f102c20d-579f-44a7-9197-f839bb943261@group-0A3F48428075-LeaderElection2] INFO  segmented.SegmentedRaftLogWorker (SegmentedRaftLogWorker.java:startLogSegment(447)) - f102c20d-579f-44a7-9197-f839bb943261@group-0A3F48428075-SegmentedRaftLogWorker: Starting segment from index:0
2023-06-02 05:15:33,615 [f102c20d-579f-44a7-9197-f839bb943261@group-0A3F48428075-SegmentedRaftLogWorker] INFO  segmented.SegmentedRaftLogWorker (SegmentedRaftLogWorker.java:execute(651)) - f102c20d-579f-44a7-9197-f839bb943261@group-0A3F48428075-SegmentedRaftLogWorker: created new log segment /home/runner/work/ozone/ozone/hadoop-ozone/integration-test/target/test-dir/MiniOzoneClusterImpl-4e6c5432-da36-405d-b7f1-05871ead9573/datanode-0/data/ratis/630498d7-0128-4162-866f-0a3f48428075/current/log_inprogress_0
2023-06-02 05:15:33,620 [f102c20d-579f-44a7-9197-f839bb943261@group-0A3F48428075-LeaderElection2] INFO  server.RaftServer$Division (ServerState.java:setRaftConf(434)) - f102c20d-579f-44a7-9197-f839bb943261@group-0A3F48428075: set configuration 0: peers:[f102c20d-579f-44a7-9197-f839bb943261|rpc:10.1.74.1:15014|admin:10.1.74.1:15013|client:10.1.74.1:15012|dataStream:10.1.74.1:15015|priority:1|startupRole:FOLLOWER]|listeners:[], old=null
2023-06-02 05:15:33,635 [PipelineCommandHandlerThread-0] INFO  server.RaftServer (RaftServerProxy.java:addNew(98)) - f6a83548-c013-4f74-9c0e-0b5a922fe81f: addNew group-EB390B666527:[f6a83548-c013-4f74-9c0e-0b5a922fe81f|rpc:10.1.74.1:15104|admin:10.1.74.1:15103|client:10.1.74.1:15102|dataStream:10.1.74.1:15105|priority:1|startupRole:FOLLOWER] returns group-EB390B666527:java.util.concurrent.CompletableFuture@13e197be[Not completed]
2023-06-02 05:15:33,635 [f6a83548-c013-4f74-9c0e-0b5a922fe81f-groupManagement] INFO  server.RaftServer$Division (RaftServerImpl.java:<init>(198)) - f6a83548-c013-4f74-9c0e-0b5a922fe81f: new RaftServerImpl for group-EB390B666527:[f6a83548-c013-4f74-9c0e-0b5a922fe81f|rpc:10.1.74.1:15104|admin:10.1.74.1:15103|client:10.1.74.1:15102|dataStream:10.1.74.1:15105|priority:1|startupRole:FOLLOWER] with ContainerStateMachine:uninitialized
2023-06-02 05:15:33,635 [f6a83548-c013-4f74-9c0e-0b5a922fe81f-groupManagement] INFO  server.RaftServerConfigKeys (ConfUtils.java:logGet(46)) - raft.server.rpc.timeout.min = 5s (custom)
2023-06-02 05:15:33,635 [f6a83548-c013-4f74-9c0e-0b5a922fe81f-groupManagement] INFO  server.RaftServerConfigKeys (ConfUtils.java:logGet(46)) - raft.server.rpc.timeout.max = 5200ms (custom)
2023-06-02 05:15:33,636 [f6a83548-c013-4f74-9c0e-0b5a922fe81f-groupManagement] INFO  server.RaftServerConfigKeys (ConfUtils.java:logGet(46)) - raft.server.rpc.sleep.time = 25ms (default)
2023-06-02 05:15:33,636 [f6a83548-c013-4f74-9c0e-0b5a922fe81f-groupManagement] INFO  server.RaftServerConfigKeys (ConfUtils.java:logGet(46)) - raft.server.rpc.slowness.timeout = 300s (custom)
2023-06-02 05:15:33,636 [f6a83548-c013-4f74-9c0e-0b5a922fe81f-groupManagement] INFO  server.RaftServerConfigKeys (ConfUtils.java:logGet(46)) - raft.server.leaderelection.leader.step-down.wait-time = 10s (default)
2023-06-02 05:15:33,636 [f6a83548-c013-4f74-9c0e-0b5a922fe81f-groupManagement] INFO  server.RaftServerConfigKeys (ConfUtils.java:logGet(46)) - raft.server.sleep.deviation.threshold = 300ms (default)
2023-06-02 05:15:33,636 [f6a83548-c013-4f74-9c0e-0b5a922fe81f-groupManagement] INFO  server.RaftServer$Division (ServerState.java:<init>(120)) - f6a83548-c013-4f74-9c0e-0b5a922fe81f@group-EB390B666527: ConfigurationManager, init=-1: peers:[f6a83548-c013-4f74-9c0e-0b5a922fe81f|rpc:10.1.74.1:15104|admin:10.1.74.1:15103|client:10.1.74.1:15102|dataStream:10.1.74.1:15105|priority:1|startupRole:FOLLOWER]|listeners:[], old=null, confs=<EMPTY_MAP>
2023-06-02 05:15:33,636 [f6a83548-c013-4f74-9c0e-0b5a922fe81f-groupManagement] INFO  server.RaftServerConfigKeys (ConfUtils.java:logGet(46)) - raft.server.storage.dir = [/home/runner/work/ozone/ozone/hadoop-ozone/integration-test/target/test-dir/MiniOzoneClusterImpl-4e6c5432-da36-405d-b7f1-05871ead9573/datanode-10/data/ratis] (custom)
2023-06-02 05:15:33,636 [f6a83548-c013-4f74-9c0e-0b5a922fe81f-groupManagement] INFO  server.RaftServerConfigKeys (ConfUtils.java:logGet(46)) - raft.server.log.corruption.policy = EXCEPTION (default)
2023-06-02 05:15:33,636 [f6a83548-c013-4f74-9c0e-0b5a922fe81f-groupManagement] INFO  server.RaftServerConfigKeys (ConfUtils.java:logGet(46)) - raft.server.storage.free-space.min = 0MB (=0) (default)
2023-06-02 05:15:33,636 [f6a83548-c013-4f74-9c0e-0b5a922fe81f-groupManagement] INFO  server.RaftServerConfigKeys (ConfUtils.java:logGet(46)) - raft.server.notification.no-leader.timeout = 300s (custom)
2023-06-02 05:15:33,636 [f6a83548-c013-4f74-9c0e-0b5a922fe81f-groupManagement] INFO  server.RaftServerConfigKeys (ConfUtils.java:logGet(46)) - raft.server.read.timeout = 10s (default)
2023-06-02 05:15:33,636 [f6a83548-c013-4f74-9c0e-0b5a922fe81f-groupManagement] INFO  server.RaftServerConfigKeys (ConfUtils.java:logGet(46)) - raft.server.retrycache.expirytime = 600000ms (custom)
2023-06-02 05:15:33,637 [f6a83548-c013-4f74-9c0e-0b5a922fe81f-groupManagement] INFO  server.RaftServerConfigKeys (ConfUtils.java:logGet(46)) - raft.server.retrycache.statistics.expirytime = 100μs (default)
2023-06-02 05:15:33,637 [f6a83548-c013-4f74-9c0e-0b5a922fe81f-groupManagement] INFO  server.RaftServerConfigKeys (ConfUtils.java:logGet(46)) - raft.server.read.option = DEFAULT (default)
2023-06-02 05:15:33,638 [f6a83548-c013-4f74-9c0e-0b5a922fe81f-groupManagement] INFO  server.RaftServerConfigKeys (ConfUtils.java:logGet(46)) - raft.server.rpc.request.timeout = 60s (custom)
2023-06-02 05:15:33,638 [f6a83548-c013-4f74-9c0e-0b5a922fe81f-groupManagement] INFO  server.RaftServerConfigKeys (ConfUtils.java:logGet(46)) - raft.server.log.appender.install.snapshot.enabled = false (custom)
2023-06-02 05:15:33,638 [f6a83548-c013-4f74-9c0e-0b5a922fe81f-groupManagement] INFO  server.RaftServerConfigKeys (ConfUtils.java:logGet(46)) - raft.server.threadpool.server.cached = true (default)
2023-06-02 05:15:33,638 [f6a83548-c013-4f74-9c0e-0b5a922fe81f-groupManagement] INFO  server.RaftServerConfigKeys (ConfUtils.java:logGet(46)) - raft.server.threadpool.server.size = 0 (default)
2023-06-02 05:15:33,638 [f6a83548-c013-4f74-9c0e-0b5a922fe81f-groupManagement] INFO  server.RaftServerConfigKeys (ConfUtils.java:logGet(46)) - raft.server.threadpool.client.cached = true (default)
2023-06-02 05:15:33,638 [f6a83548-c013-4f74-9c0e-0b5a922fe81f-groupManagement] INFO  server.RaftServerConfigKeys (ConfUtils.java:logGet(46)) - raft.server.threadpool.client.size = 0 (default)
2023-06-02 05:15:33,638 [f6a83548-c013-4f74-9c0e-0b5a922fe81f-groupManagement] INFO  storage.RaftStorageDirectory (RaftStorageDirectoryImpl.java:analyzeStorage(137)) - The storage directory /home/runner/work/ozone/ozone/hadoop-ozone/integration-test/target/test-dir/MiniOzoneClusterImpl-4e6c5432-da36-405d-b7f1-05871ead9573/datanode-10/data/ratis/c00261f9-6365-4258-8761-eb390b666527 does not exist. Creating ...
2023-06-02 05:15:33,641 [f6a83548-c013-4f74-9c0e-0b5a922fe81f-groupManagement] INFO  storage.RaftStorageDirectory (RaftStorageDirectoryImpl.java:tryLock(231)) - Lock on /home/runner/work/ozone/ozone/hadoop-ozone/integration-test/target/test-dir/MiniOzoneClusterImpl-4e6c5432-da36-405d-b7f1-05871ead9573/datanode-10/data/ratis/c00261f9-6365-4258-8761-eb390b666527/in_use.lock acquired by nodename 65026@fv-az628-647
2023-06-02 05:15:33,642 [f6a83548-c013-4f74-9c0e-0b5a922fe81f-groupManagement] INFO  storage.RaftStorage (RaftStorageImpl.java:format(96)) - Storage directory /home/runner/work/ozone/ozone/hadoop-ozone/integration-test/target/test-dir/MiniOzoneClusterImpl-4e6c5432-da36-405d-b7f1-05871ead9573/datanode-10/data/ratis/c00261f9-6365-4258-8761-eb390b666527 has been successfully formatted.
2023-06-02 05:15:33,643 [f6a83548-c013-4f74-9c0e-0b5a922fe81f-groupManagement] INFO  ratis.ContainerStateMachine (ContainerStateMachine.java:loadSnapshot(262)) - group-EB390B666527: The snapshot info is null. Setting the last applied indexto:(t:0, i:~)
2023-06-02 05:15:33,643 [f6a83548-c013-4f74-9c0e-0b5a922fe81f-groupManagement] INFO  server.RaftServerConfigKeys (ConfUtils.java:logGet(46)) - raft.server.log.use.memory = false (default)
2023-06-02 05:15:33,643 [f6a83548-c013-4f74-9c0e-0b5a922fe81f-groupManagement] INFO  server.RaftServerConfigKeys (ConfUtils.java:logGet(46)) - raft.server.log.purge.gap = 1000000 (custom)
2023-06-02 05:15:33,643 [f6a83548-c013-4f74-9c0e-0b5a922fe81f-groupManagement] INFO  server.RaftServerConfigKeys (ConfUtils.java:logGet(46)) - raft.server.log.appender.buffer.byte-limit = 33554432 (custom)
2023-06-02 05:15:33,647 [f6a83548-c013-4f74-9c0e-0b5a922fe81f-groupManagement] INFO  server.RaftServerConfigKeys (ConfUtils.java:logGet(46)) - raft.server.log.statemachine.data.read.timeout = 1000ms (default)
2023-06-02 05:15:33,647 [f6a83548-c013-4f74-9c0e-0b5a922fe81f-groupManagement] INFO  server.RaftServerConfigKeys (ConfUtils.java:logGet(46)) - raft.server.log.purge.preservation.log.num = 0 (default)
2023-06-02 05:15:33,647 [f6a83548-c013-4f74-9c0e-0b5a922fe81f-groupManagement] INFO  server.RaftServerConfigKeys (ConfUtils.java:logGet(46)) - raft.server.log.segment.size.max = 1048576 (custom)
2023-06-02 05:15:33,647 [f6a83548-c013-4f74-9c0e-0b5a922fe81f-groupManagement] INFO  server.RaftServerConfigKeys (ConfUtils.java:logGet(46)) - raft.server.log.segment.cache.num.max = 2 (custom)
2023-06-02 05:15:33,647 [f6a83548-c013-4f74-9c0e-0b5a922fe81f-groupManagement] INFO  server.RaftServerConfigKeys (ConfUtils.java:logGet(46)) - raft.server.log.segment.cache.size.max = 200MB (=209715200) (default)
2023-06-02 05:15:33,648 [f6a83548-c013-4f74-9c0e-0b5a922fe81f-groupManagement] INFO  server.RaftServerConfigKeys (ConfUtils.java:logGet(46)) - raft.server.log.appender.buffer.byte-limit = 33554432 (custom)
2023-06-02 05:15:33,648 [f6a83548-c013-4f74-9c0e-0b5a922fe81f-groupManagement] INFO  segmented.SegmentedRaftLogWorker (SegmentedRaftLogWorker.java:<init>(188)) - new f6a83548-c013-4f74-9c0e-0b5a922fe81f@group-EB390B666527-SegmentedRaftLogWorker for RaftStorageImpl:Storage Directory /home/runner/work/ozone/ozone/hadoop-ozone/integration-test/target/test-dir/MiniOzoneClusterImpl-4e6c5432-da36-405d-b7f1-05871ead9573/datanode-10/data/ratis/c00261f9-6365-4258-8761-eb390b666527
2023-06-02 05:15:33,648 [EventQueue-PipelineReportForPipelineReportHandler] INFO  pipeline.PipelineManagerImpl (PipelineManagerImpl.java:openPipeline(367)) - Pipeline Pipeline[ Id: c00261f9-6365-4258-8761-eb390b666527, Nodes: f6a83548-c013-4f74-9c0e-0b5a922fe81f(fv-az628-647/10.1.74.1), ReplicationConfig: RATIS/ONE, State:ALLOCATED, leaderId:f6a83548-c013-4f74-9c0e-0b5a922fe81f, CreationTimestamp2023-06-02T05:15:30.653Z[Etc/UTC]] moved to OPEN state
2023-06-02 05:15:33,648 [f6a83548-c013-4f74-9c0e-0b5a922fe81f-groupManagement] INFO  server.RaftServerConfigKeys (ConfUtils.java:logGet(46)) - raft.server.log.queue.byte-limit = 4294967296 (custom)
2023-06-02 05:15:33,648 [f6a83548-c013-4f74-9c0e-0b5a922fe81f-groupManagement] INFO  server.RaftServerConfigKeys (ConfUtils.java:logGet(46)) - raft.server.log.queue.element-limit = 1024 (custom)
2023-06-02 05:15:33,648 [f6a83548-c013-4f74-9c0e-0b5a922fe81f-groupManagement] INFO  server.RaftServerConfigKeys (ConfUtils.java:logGet(46)) - raft.server.log.segment.size.max = 1048576 (custom)
2023-06-02 05:15:33,648 [f6a83548-c013-4f74-9c0e-0b5a922fe81f-groupManagement] INFO  server.RaftServerConfigKeys (ConfUtils.java:logGet(46)) - raft.server.log.preallocated.size = 16384 (custom)
2023-06-02 05:15:33,648 [f6a83548-c013-4f74-9c0e-0b5a922fe81f-groupManagement] INFO  server.RaftServerConfigKeys (ConfUtils.java:logGet(46)) - raft.server.log.force.sync.num = 128 (default)
2023-06-02 05:15:33,649 [f6a83548-c013-4f74-9c0e-0b5a922fe81f-groupManagement] INFO  server.RaftServerConfigKeys (ConfUtils.java:logGet(46)) - raft.server.log.statemachine.data.sync = true (default)
2023-06-02 05:15:33,649 [f6a83548-c013-4f74-9c0e-0b5a922fe81f-groupManagement] INFO  server.RaftServerConfigKeys (ConfUtils.java:logGet(46)) - raft.server.log.statemachine.data.sync.timeout = 10s (default)
2023-06-02 05:15:33,649 [EventQueue-OpenPipelineForHealthyPipelineSafeModeRule] INFO  safemode.SCMSafeModeManager (HealthyPipelineSafeModeRule.java:process(137)) - SCM in safe mode. Healthy pipelines reported count is 0, required healthy pipeline reported count is 1
2023-06-02 05:15:33,649 [f6a83548-c013-4f74-9c0e-0b5a922fe81f-groupManagement] INFO  server.RaftServerConfigKeys (ConfUtils.java:logGet(46)) - raft.server.log.statemachine.data.sync.timeout.retry = -1 (default)
2023-06-02 05:15:33,650 [f6a83548-c013-4f74-9c0e-0b5a922fe81f-groupManagement] INFO  server.RaftServerConfigKeys (ConfUtils.java:logGet(46)) - raft.server.log.write.buffer.size = 1048576 (custom)
2023-06-02 05:15:33,651 [f6a83548-c013-4f74-9c0e-0b5a922fe81f-groupManagement] INFO  server.RaftServerConfigKeys (ConfUtils.java:logGet(46)) - raft.server.log.appender.buffer.byte-limit = 33554432 (custom)
2023-06-02 05:15:33,657 [f6a83548-c013-4f74-9c0e-0b5a922fe81f-groupManagement] INFO  server.RaftServerConfigKeys (ConfUtils.java:logGet(46)) - raft.server.log.unsafe-flush.enabled = false (default)
2023-06-02 05:15:33,658 [f6a83548-c013-4f74-9c0e-0b5a922fe81f-groupManagement] INFO  server.RaftServerConfigKeys (ConfUtils.java:logGet(46)) - raft.server.log.async-flush.enabled = false (default)
2023-06-02 05:15:33,658 [f6a83548-c013-4f74-9c0e-0b5a922fe81f-groupManagement] INFO  server.RaftServerConfigKeys (ConfUtils.java:logGet(46)) - raft.server.log.statemachine.data.caching.enabled = true (custom)
2023-06-02 05:15:33,658 [f6a83548-c013-4f74-9c0e-0b5a922fe81f-groupManagement] INFO  segmented.SegmentedRaftLogWorker (SegmentedRaftLogWorker.java:lambda$new$0(135)) - f6a83548-c013-4f74-9c0e-0b5a922fe81f@group-EB390B666527-SegmentedRaftLogWorker: flushIndex: setUnconditionally 0 -> -1
2023-06-02 05:15:33,658 [f6a83548-c013-4f74-9c0e-0b5a922fe81f-groupManagement] INFO  segmented.SegmentedRaftLogWorker (SegmentedRaftLogWorker.java:lambda$new$0(135)) - f6a83548-c013-4f74-9c0e-0b5a922fe81f@group-EB390B666527-SegmentedRaftLogWorker: safeCacheEvictIndex: setUnconditionally 0 -> -1
2023-06-02 05:15:33,658 [f6a83548-c013-4f74-9c0e-0b5a922fe81f-groupManagement] INFO  server.RaftServer$Division (RaftServerImpl.java:start(342)) - f6a83548-c013-4f74-9c0e-0b5a922fe81f@group-EB390B666527: start as a follower, conf=-1: peers:[f6a83548-c013-4f74-9c0e-0b5a922fe81f|rpc:10.1.74.1:15104|admin:10.1.74.1:15103|client:10.1.74.1:15102|dataStream:10.1.74.1:15105|priority:1|startupRole:FOLLOWER]|listeners:[], old=null
2023-06-02 05:15:33,658 [f6a83548-c013-4f74-9c0e-0b5a922fe81f-groupManagement] INFO  server.RaftServer$Division (RaftServerImpl.java:setRole(329)) - f6a83548-c013-4f74-9c0e-0b5a922fe81f@group-EB390B666527: changes role from      null to FOLLOWER at term 0 for startAsFollower
2023-06-02 05:15:33,659 [f6a83548-c013-4f74-9c0e-0b5a922fe81f-groupManagement] INFO  impl.RoleInfo (RoleInfo.java:updateAndGet(139)) - f6a83548-c013-4f74-9c0e-0b5a922fe81f: start f6a83548-c013-4f74-9c0e-0b5a922fe81f@group-EB390B666527-FollowerState
2023-06-02 05:15:33,659 [f6a83548-c013-4f74-9c0e-0b5a922fe81f-groupManagement] INFO  util.JmxRegister (JmxRegister.java:tryRegister(44)) - Successfully registered JMX Bean with object name Ratis:service=RaftServer,group=group-EB390B666527,id=f6a83548-c013-4f74-9c0e-0b5a922fe81f
2023-06-02 05:15:33,659 [f6a83548-c013-4f74-9c0e-0b5a922fe81f-groupManagement] INFO  server.RaftServerConfigKeys (ConfUtils.java:logGet(46)) - raft.server.snapshot.auto.trigger.enabled = true (custom)
2023-06-02 05:15:33,659 [f6a83548-c013-4f74-9c0e-0b5a922fe81f-groupManagement] INFO  server.RaftServerConfigKeys (ConfUtils.java:logGet(46)) - raft.server.snapshot.auto.trigger.threshold = 10000 (custom)
2023-06-02 05:15:33,659 [f6a83548-c013-4f74-9c0e-0b5a922fe81f-groupManagement] INFO  server.RaftServerConfigKeys (ConfUtils.java:logGet(46)) - raft.server.snapshot.retention.file.num = 5 (custom)
2023-06-02 05:15:33,659 [f6a83548-c013-4f74-9c0e-0b5a922fe81f-groupManagement] INFO  server.RaftServerConfigKeys (ConfUtils.java:logGet(46)) - raft.server.log.purge.upto.snapshot.index = false (default)
2023-06-02 05:15:33,660 [f6a83548-c013-4f74-9c0e-0b5a922fe81f@group-EB390B666527-FollowerState] INFO  server.RaftServerConfigKeys (ConfUtils.java:logFallback(53)) - raft.server.rpc.first-election.timeout.min = 5s (fallback to raft.server.rpc.timeout.min)
2023-06-02 05:15:33,660 [f6a83548-c013-4f74-9c0e-0b5a922fe81f@group-EB390B666527-FollowerState] INFO  server.RaftServerConfigKeys (ConfUtils.java:logFallback(53)) - raft.server.rpc.first-election.timeout.max = 5200ms (fallback to raft.server.rpc.timeout.max)
2023-06-02 05:15:33,660 [PipelineCommandHandlerThread-0] INFO  ratis.XceiverServerRatis (XceiverServerRatis.java:addGroup(804)) - Created group PipelineID=c00261f9-6365-4258-8761-eb390b666527
2023-06-02 05:15:33,660 [PipelineCommandHandlerThread-0] INFO  commandhandler.CreatePipelineCommandHandler (CreatePipelineCommandHandler.java:lambda$handle$2(124)) - Created Pipeline RATIS ONE PipelineID=c00261f9-6365-4258-8761-eb390b666527.
2023-06-02 05:15:33,669 [f102c20d-579f-44a7-9197-f839bb943261@group-E8BF24B615D5-FollowerState] INFO  impl.FollowerState (FollowerState.java:run(143)) - f102c20d-579f-44a7-9197-f839bb943261@group-E8BF24B615D5-FollowerState: change to CANDIDATE, lastRpcElapsedTime:5030071037ns, electionTimeout:5020ms
2023-06-02 05:15:33,672 [f102c20d-579f-44a7-9197-f839bb943261@group-E8BF24B615D5-FollowerState] INFO  impl.RoleInfo (RoleInfo.java:shutdownFollowerState(110)) - f102c20d-579f-44a7-9197-f839bb943261: shutdown f102c20d-579f-44a7-9197-f839bb943261@group-E8BF24B615D5-FollowerState
2023-06-02 05:15:33,672 [f102c20d-579f-44a7-9197-f839bb943261@group-E8BF24B615D5-FollowerState] INFO  server.RaftServer$Division (RaftServerImpl.java:setRole(329)) - f102c20d-579f-44a7-9197-f839bb943261@group-E8BF24B615D5: changes role from  FOLLOWER to CANDIDATE at term 0 for changeToCandidate
2023-06-02 05:15:33,672 [f102c20d-579f-44a7-9197-f839bb943261@group-E8BF24B615D5-FollowerState] INFO  server.RaftServerConfigKeys (ConfUtils.java:logGet(46)) - raft.server.leaderelection.pre-vote = true (default)
2023-06-02 05:15:33,672 [f102c20d-579f-44a7-9197-f839bb943261@group-E8BF24B615D5-FollowerState] INFO  impl.RoleInfo (RoleInfo.java:updateAndGet(139)) - f102c20d-579f-44a7-9197-f839bb943261: start f102c20d-579f-44a7-9197-f839bb943261@group-E8BF24B615D5-LeaderElection3
2023-06-02 05:15:33,682 [f102c20d-579f-44a7-9197-f839bb943261@group-E8BF24B615D5-LeaderElection3] INFO  impl.LeaderElection (LeaderElection.java:askForVotes(321)) - f102c20d-579f-44a7-9197-f839bb943261@group-E8BF24B615D5-LeaderElection3 PRE_VOTE round 0: submit vote requests at term 0 for -1: peers:[f140acff-7aed-42b1-955f-393a22e760fa|rpc:10.1.74.1:15032|admin:10.1.74.1:15031|client:10.1.74.1:15030|dataStream:10.1.74.1:15033|priority:0|startupRole:FOLLOWER, 21bba47c-9d70-4b1d-8693-1fcc7960d534|rpc:10.1.74.1:15023|admin:10.1.74.1:15022|client:10.1.74.1:15021|dataStream:10.1.74.1:15024|priority:1|startupRole:FOLLOWER, f102c20d-579f-44a7-9197-f839bb943261|rpc:10.1.74.1:15014|admin:10.1.74.1:15013|client:10.1.74.1:15012|dataStream:10.1.74.1:15015|priority:0|startupRole:FOLLOWER]|listeners:[], old=null
2023-06-02 05:15:33,688 [main] INFO  ozone.MiniOzoneClusterImpl (MiniOzoneClusterImpl.java:lambda$waitForClusterToBeReady$0(222)) - Nodes are ready. Got 14 of 14 DN Heartbeats.
2023-06-02 05:15:33,688 [main] INFO  ozone.MiniOzoneClusterImpl (MiniOzoneClusterImpl.java:lambda$waitForClusterToBeReady$0(225)) - Waiting for cluster to exit safe mode
2023-06-02 05:15:33,688 [main] INFO  ozone.MiniOzoneClusterImpl (MiniOzoneClusterImpl.java:lambda$waitForClusterToBeReady$0(227)) - SCM became leader
2023-06-02 05:15:33,689 [f102c20d-579f-44a7-9197-f839bb943261@group-E8BF24B615D5-LeaderElection3-1] INFO  server.GrpcServerProtocolClient (GrpcServerProtocolClient.java:<init>(65)) - Build channel for f140acff-7aed-42b1-955f-393a22e760fa
2023-06-02 05:15:33,689 [f102c20d-579f-44a7-9197-f839bb943261@group-E8BF24B615D5-LeaderElection3] INFO  server.RaftServerConfigKeys (ConfUtils.java:logFallback(53)) - raft.server.rpc.first-election.timeout.min = 5s (fallback to raft.server.rpc.timeout.min)
2023-06-02 05:15:33,690 [f102c20d-579f-44a7-9197-f839bb943261@group-E8BF24B615D5-LeaderElection3] INFO  server.RaftServerConfigKeys (ConfUtils.java:logFallback(53)) - raft.server.rpc.first-election.timeout.max = 5200ms (fallback to raft.server.rpc.timeout.max)
2023-06-02 05:15:33,689 [f102c20d-579f-44a7-9197-f839bb943261@group-E8BF24B615D5-LeaderElection3-2] INFO  server.GrpcServerProtocolClient (GrpcServerProtocolClient.java:<init>(65)) - Build channel for 21bba47c-9d70-4b1d-8693-1fcc7960d534
2023-06-02 05:15:33,719 [grpc-default-executor-1] INFO  server.RaftServer$Division (RaftServerImpl.java:requestVote(1302)) - 21bba47c-9d70-4b1d-8693-1fcc7960d534@group-E8BF24B615D5: receive requestVote(PRE_VOTE, f102c20d-579f-44a7-9197-f839bb943261, group-E8BF24B615D5, 0, (t:0, i:0))
2023-06-02 05:15:33,722 [grpc-default-executor-1] INFO  impl.VoteContext (VoteContext.java:log(49)) - 21bba47c-9d70-4b1d-8693-1fcc7960d534@group-E8BF24B615D5-FOLLOWER: reject PRE_VOTE from f102c20d-579f-44a7-9197-f839bb943261: our priority 1 > candidate's priority 0
2023-06-02 05:15:33,725 [grpc-default-executor-1] INFO  server.RaftServer$Division (RaftServerImpl.java:requestVote(1335)) - 21bba47c-9d70-4b1d-8693-1fcc7960d534@group-E8BF24B615D5 replies to PRE_VOTE vote request: f102c20d-579f-44a7-9197-f839bb943261<-21bba47c-9d70-4b1d-8693-1fcc7960d534#0:FAIL-t0. Peer's state: 21bba47c-9d70-4b1d-8693-1fcc7960d534@group-E8BF24B615D5:t0, leader=null, voted=, raftlog=Memoized:21bba47c-9d70-4b1d-8693-1fcc7960d534@group-E8BF24B615D5-SegmentedRaftLog:OPENED:c-1, conf=-1: peers:[f140acff-7aed-42b1-955f-393a22e760fa|rpc:10.1.74.1:15032|admin:10.1.74.1:15031|client:10.1.74.1:15030|dataStream:10.1.74.1:15033|priority:0|startupRole:FOLLOWER, 21bba47c-9d70-4b1d-8693-1fcc7960d534|rpc:10.1.74.1:15023|admin:10.1.74.1:15022|client:10.1.74.1:15021|dataStream:10.1.74.1:15024|priority:1|startupRole:FOLLOWER, f102c20d-579f-44a7-9197-f839bb943261|rpc:10.1.74.1:15014|admin:10.1.74.1:15013|client:10.1.74.1:15012|dataStream:10.1.74.1:15015|priority:0|startupRole:FOLLOWER]|listeners:[], old=null
2023-06-02 05:15:33,731 [f102c20d-579f-44a7-9197-f839bb943261@group-E8BF24B615D5-LeaderElection3] INFO  impl.LeaderElection (LeaderElection.java:logAndReturn(90)) - f102c20d-579f-44a7-9197-f839bb943261@group-E8BF24B615D5-LeaderElection3: PRE_VOTE REJECTED received 1 response(s) and 0 exception(s):
2023-06-02 05:15:33,731 [f102c20d-579f-44a7-9197-f839bb943261@group-E8BF24B615D5-LeaderElection3] INFO  impl.LeaderElection (LeaderElection.java:logAndReturn(94)) -   Response 0: f102c20d-579f-44a7-9197-f839bb943261<-21bba47c-9d70-4b1d-8693-1fcc7960d534#0:FAIL-t0
2023-06-02 05:15:33,731 [f102c20d-579f-44a7-9197-f839bb943261@group-E8BF24B615D5-LeaderElection3] INFO  impl.LeaderElection (LeaderElection.java:askForVotes(323)) - f102c20d-579f-44a7-9197-f839bb943261@group-E8BF24B615D5-LeaderElection3 PRE_VOTE round 0: result REJECTED
2023-06-02 05:15:33,734 [f102c20d-579f-44a7-9197-f839bb943261@group-E8BF24B615D5-LeaderElection3] INFO  server.RaftServer$Division (RaftServerImpl.java:setRole(329)) - f102c20d-579f-44a7-9197-f839bb943261@group-E8BF24B615D5: changes role from CANDIDATE to FOLLOWER at term 0 for REJECTED
2023-06-02 05:15:33,735 [f102c20d-579f-44a7-9197-f839bb943261@group-E8BF24B615D5-LeaderElection3] INFO  impl.RoleInfo (RoleInfo.java:shutdownLeaderElection(130)) - f102c20d-579f-44a7-9197-f839bb943261: shutdown f102c20d-579f-44a7-9197-f839bb943261@group-E8BF24B615D5-LeaderElection3
2023-06-02 05:15:33,735 [f102c20d-579f-44a7-9197-f839bb943261@group-E8BF24B615D5-LeaderElection3] INFO  impl.RoleInfo (RoleInfo.java:updateAndGet(139)) - f102c20d-579f-44a7-9197-f839bb943261: start f102c20d-579f-44a7-9197-f839bb943261@group-E8BF24B615D5-FollowerState
2023-06-02 05:15:33,738 [grpc-default-executor-1] INFO  server.RaftServer$Division (RaftServerImpl.java:requestVote(1302)) - f140acff-7aed-42b1-955f-393a22e760fa@group-E8BF24B615D5: receive requestVote(PRE_VOTE, f102c20d-579f-44a7-9197-f839bb943261, group-E8BF24B615D5, 0, (t:0, i:0))
2023-06-02 05:15:33,738 [grpc-default-executor-1] INFO  impl.VoteContext (VoteContext.java:log(49)) - f140acff-7aed-42b1-955f-393a22e760fa@group-E8BF24B615D5-FOLLOWER: accept PRE_VOTE from f102c20d-579f-44a7-9197-f839bb943261: our priority 0 <= candidate's priority 0
2023-06-02 05:15:33,740 [grpc-default-executor-1] INFO  server.RaftServer$Division (RaftServerImpl.java:requestVote(1335)) - f140acff-7aed-42b1-955f-393a22e760fa@group-E8BF24B615D5 replies to PRE_VOTE vote request: f102c20d-579f-44a7-9197-f839bb943261<-f140acff-7aed-42b1-955f-393a22e760fa#0:OK-t0. Peer's state: f140acff-7aed-42b1-955f-393a22e760fa@group-E8BF24B615D5:t0, leader=null, voted=, raftlog=Memoized:f140acff-7aed-42b1-955f-393a22e760fa@group-E8BF24B615D5-SegmentedRaftLog:OPENED:c-1, conf=-1: peers:[f140acff-7aed-42b1-955f-393a22e760fa|rpc:10.1.74.1:15032|admin:10.1.74.1:15031|client:10.1.74.1:15030|dataStream:10.1.74.1:15033|priority:0|startupRole:FOLLOWER, 21bba47c-9d70-4b1d-8693-1fcc7960d534|rpc:10.1.74.1:15023|admin:10.1.74.1:15022|client:10.1.74.1:15021|dataStream:10.1.74.1:15024|priority:1|startupRole:FOLLOWER, f102c20d-579f-44a7-9197-f839bb943261|rpc:10.1.74.1:15014|admin:10.1.74.1:15013|client:10.1.74.1:15012|dataStream:10.1.74.1:15015|priority:0|startupRole:FOLLOWER]|listeners:[], old=null
2023-06-02 05:15:33,793 [af4b945e-05c9-4c95-92ea-ec296ba0645f-groupManagement] INFO  server.RaftServer$Division (RaftServerImpl.java:<init>(198)) - af4b945e-05c9-4c95-92ea-ec296ba0645f: new RaftServerImpl for group-05EC0D08DC3A:[af4b945e-05c9-4c95-92ea-ec296ba0645f|rpc:10.1.74.1:15113|admin:10.1.74.1:15112|client:10.1.74.1:15111|dataStream:10.1.74.1:15114|priority:1|startupRole:FOLLOWER] with ContainerStateMachine:uninitialized
2023-06-02 05:15:33,793 [af4b945e-05c9-4c95-92ea-ec296ba0645f-groupManagement] INFO  server.RaftServerConfigKeys (ConfUtils.java:logGet(46)) - raft.server.rpc.timeout.min = 5s (custom)
2023-06-02 05:15:33,793 [af4b945e-05c9-4c95-92ea-ec296ba0645f-groupManagement] INFO  server.RaftServerConfigKeys (ConfUtils.java:logGet(46)) - raft.server.rpc.timeout.max = 5200ms (custom)
2023-06-02 05:15:33,793 [af4b945e-05c9-4c95-92ea-ec296ba0645f-groupManagement] INFO  server.RaftServerConfigKeys (ConfUtils.java:logGet(46)) - raft.server.rpc.sleep.time = 25ms (default)
2023-06-02 05:15:33,793 [af4b945e-05c9-4c95-92ea-ec296ba0645f-groupManagement] INFO  server.RaftServerConfigKeys (ConfUtils.java:logGet(46)) - raft.server.rpc.slowness.timeout = 300s (custom)
2023-06-02 05:15:33,794 [af4b945e-05c9-4c95-92ea-ec296ba0645f-groupManagement] INFO  server.RaftServerConfigKeys (ConfUtils.java:logGet(46)) - raft.server.leaderelection.leader.step-down.wait-time = 10s (default)
2023-06-02 05:15:33,794 [af4b945e-05c9-4c95-92ea-ec296ba0645f-groupManagement] INFO  server.RaftServerConfigKeys (ConfUtils.java:logGet(46)) - raft.server.sleep.deviation.threshold = 300ms (default)
2023-06-02 05:15:33,794 [af4b945e-05c9-4c95-92ea-ec296ba0645f-groupManagement] INFO  server.RaftServer$Division (ServerState.java:<init>(120)) - af4b945e-05c9-4c95-92ea-ec296ba0645f@group-05EC0D08DC3A: ConfigurationManager, init=-1: peers:[af4b945e-05c9-4c95-92ea-ec296ba0645f|rpc:10.1.74.1:15113|admin:10.1.74.1:15112|client:10.1.74.1:15111|dataStream:10.1.74.1:15114|priority:1|startupRole:FOLLOWER]|listeners:[], old=null, confs=<EMPTY_MAP>
2023-06-02 05:15:33,794 [af4b945e-05c9-4c95-92ea-ec296ba0645f-groupManagement] INFO  server.RaftServerConfigKeys (ConfUtils.java:logGet(46)) - raft.server.storage.dir = [/home/runner/work/ozone/ozone/hadoop-ozone/integration-test/target/test-dir/MiniOzoneClusterImpl-4e6c5432-da36-405d-b7f1-05871ead9573/datanode-11/data/ratis] (custom)
2023-06-02 05:15:33,794 [af4b945e-05c9-4c95-92ea-ec296ba0645f-groupManagement] INFO  server.RaftServerConfigKeys (ConfUtils.java:logGet(46)) - raft.server.log.corruption.policy = EXCEPTION (default)
2023-06-02 05:15:33,794 [af4b945e-05c9-4c95-92ea-ec296ba0645f-groupManagement] INFO  server.RaftServerConfigKeys (ConfUtils.java:logGet(46)) - raft.server.storage.free-space.min = 0MB (=0) (default)
2023-06-02 05:15:33,795 [af4b945e-05c9-4c95-92ea-ec296ba0645f-groupManagement] INFO  server.RaftServerConfigKeys (ConfUtils.java:logGet(46)) - raft.server.notification.no-leader.timeout = 300s (custom)
2023-06-02 05:15:33,795 [af4b945e-05c9-4c95-92ea-ec296ba0645f-groupManagement] INFO  server.RaftServerConfigKeys (ConfUtils.java:logGet(46)) - raft.server.read.timeout = 10s (default)
2023-06-02 05:15:33,795 [af4b945e-05c9-4c95-92ea-ec296ba0645f-groupManagement] INFO  server.RaftServerConfigKeys (ConfUtils.java:logGet(46)) - raft.server.retrycache.expirytime = 600000ms (custom)
2023-06-02 05:15:33,795 [af4b945e-05c9-4c95-92ea-ec296ba0645f-groupManagement] INFO  server.RaftServerConfigKeys (ConfUtils.java:logGet(46)) - raft.server.retrycache.statistics.expirytime = 100μs (default)
2023-06-02 05:15:33,795 [af4b945e-05c9-4c95-92ea-ec296ba0645f-groupManagement] INFO  server.RaftServerConfigKeys (ConfUtils.java:logGet(46)) - raft.server.read.option = DEFAULT (default)
2023-06-02 05:15:33,797 [af4b945e-05c9-4c95-92ea-ec296ba0645f-groupManagement] INFO  server.RaftServerConfigKeys (ConfUtils.java:logGet(46)) - raft.server.rpc.request.timeout = 60s (custom)
2023-06-02 05:15:33,797 [af4b945e-05c9-4c95-92ea-ec296ba0645f-groupManagement] INFO  server.RaftServerConfigKeys (ConfUtils.java:logGet(46)) - raft.server.log.appender.install.snapshot.enabled = false (custom)
2023-06-02 05:15:33,798 [af4b945e-05c9-4c95-92ea-ec296ba0645f-groupManagement] INFO  server.RaftServerConfigKeys (ConfUtils.java:logGet(46)) - raft.server.threadpool.server.cached = true (default)
2023-06-02 05:15:33,798 [af4b945e-05c9-4c95-92ea-ec296ba0645f-groupManagement] INFO  server.RaftServerConfigKeys (ConfUtils.java:logGet(46)) - raft.server.threadpool.server.size = 0 (default)
2023-06-02 05:15:33,798 [af4b945e-05c9-4c95-92ea-ec296ba0645f-groupManagement] INFO  server.RaftServerConfigKeys (ConfUtils.java:logGet(46)) - raft.server.threadpool.client.cached = true (default)
2023-06-02 05:15:33,798 [af4b945e-05c9-4c95-92ea-ec296ba0645f-groupManagement] INFO  server.RaftServerConfigKeys (ConfUtils.java:logGet(46)) - raft.server.threadpool.client.size = 0 (default)
2023-06-02 05:15:33,800 [PipelineCommandHandlerThread-0] INFO  server.RaftServer (RaftServerProxy.java:addNew(98)) - af4b945e-05c9-4c95-92ea-ec296ba0645f: addNew group-05EC0D08DC3A:[af4b945e-05c9-4c95-92ea-ec296ba0645f|rpc:10.1.74.1:15113|admin:10.1.74.1:15112|client:10.1.74.1:15111|dataStream:10.1.74.1:15114|priority:1|startupRole:FOLLOWER] returns      null af4b945e-05c9-4c95-92ea-ec296ba0645f@group-05EC0D08DC3A:t0, leader=null, voted=null, raftlog=UNINITIALIZED, conf=-1: peers:[af4b945e-05c9-4c95-92ea-ec296ba0645f|rpc:10.1.74.1:15113|admin:10.1.74.1:15112|client:10.1.74.1:15111|dataStream:10.1.74.1:15114|priority:1|startupRole:FOLLOWER]|listeners:[], old=null NEW
2023-06-02 05:15:33,800 [af4b945e-05c9-4c95-92ea-ec296ba0645f-groupManagement] INFO  storage.RaftStorageDirectory (RaftStorageDirectoryImpl.java:analyzeStorage(137)) - The storage directory /home/runner/work/ozone/ozone/hadoop-ozone/integration-test/target/test-dir/MiniOzoneClusterImpl-4e6c5432-da36-405d-b7f1-05871ead9573/datanode-11/data/ratis/f39aed60-4b07-4b6f-a8c3-05ec0d08dc3a does not exist. Creating ...
2023-06-02 05:15:33,801 [af4b945e-05c9-4c95-92ea-ec296ba0645f-groupManagement] INFO  storage.RaftStorageDirectory (RaftStorageDirectoryImpl.java:tryLock(231)) - Lock on /home/runner/work/ozone/ozone/hadoop-ozone/integration-test/target/test-dir/MiniOzoneClusterImpl-4e6c5432-da36-405d-b7f1-05871ead9573/datanode-11/data/ratis/f39aed60-4b07-4b6f-a8c3-05ec0d08dc3a/in_use.lock acquired by nodename 65026@fv-az628-647
2023-06-02 05:15:33,804 [af4b945e-05c9-4c95-92ea-ec296ba0645f-groupManagement] INFO  storage.RaftStorage (RaftStorageImpl.java:format(96)) - Storage directory /home/runner/work/ozone/ozone/hadoop-ozone/integration-test/target/test-dir/MiniOzoneClusterImpl-4e6c5432-da36-405d-b7f1-05871ead9573/datanode-11/data/ratis/f39aed60-4b07-4b6f-a8c3-05ec0d08dc3a has been successfully formatted.
2023-06-02 05:15:33,806 [af4b945e-05c9-4c95-92ea-ec296ba0645f-groupManagement] INFO  ratis.ContainerStateMachine (ContainerStateMachine.java:loadSnapshot(262)) - group-05EC0D08DC3A: The snapshot info is null. Setting the last applied indexto:(t:0, i:~)
2023-06-02 05:15:33,806 [af4b945e-05c9-4c95-92ea-ec296ba0645f-groupManagement] INFO  server.RaftServerConfigKeys (ConfUtils.java:logGet(46)) - raft.server.log.use.memory = false (default)
2023-06-02 05:15:33,807 [EventQueue-PipelineReportForPipelineReportHandler] INFO  pipeline.PipelineManagerImpl (PipelineManagerImpl.java:openPipeline(367)) - Pipeline Pipeline[ Id: f39aed60-4b07-4b6f-a8c3-05ec0d08dc3a, Nodes: af4b945e-05c9-4c95-92ea-ec296ba0645f(fv-az628-647/10.1.74.1), ReplicationConfig: RATIS/ONE, State:ALLOCATED, leaderId:af4b945e-05c9-4c95-92ea-ec296ba0645f, CreationTimestamp2023-06-02T05:15:30.796Z[Etc/UTC]] moved to OPEN state
2023-06-02 05:15:33,808 [af4b945e-05c9-4c95-92ea-ec296ba0645f-groupManagement] INFO  server.RaftServerConfigKeys (ConfUtils.java:logGet(46)) - raft.server.log.purge.gap = 1000000 (custom)
2023-06-02 05:15:33,808 [af4b945e-05c9-4c95-92ea-ec296ba0645f-groupManagement] INFO  server.RaftServerConfigKeys (ConfUtils.java:logGet(46)) - raft.server.log.appender.buffer.byte-limit = 33554432 (custom)
2023-06-02 05:15:33,808 [af4b945e-05c9-4c95-92ea-ec296ba0645f-groupManagement] INFO  server.RaftServerConfigKeys (ConfUtils.java:logGet(46)) - raft.server.log.statemachine.data.read.timeout = 1000ms (default)
2023-06-02 05:15:33,808 [af4b945e-05c9-4c95-92ea-ec296ba0645f-groupManagement] INFO  server.RaftServerConfigKeys (ConfUtils.java:logGet(46)) - raft.server.log.purge.preservation.log.num = 0 (default)
2023-06-02 05:15:33,808 [EventQueue-OpenPipelineForHealthyPipelineSafeModeRule] INFO  safemode.SCMSafeModeManager (HealthyPipelineSafeModeRule.java:process(137)) - SCM in safe mode. Healthy pipelines reported count is 0, required healthy pipeline reported count is 1
2023-06-02 05:15:33,809 [af4b945e-05c9-4c95-92ea-ec296ba0645f-groupManagement] INFO  server.RaftServerConfigKeys (ConfUtils.java:logGet(46)) - raft.server.log.segment.size.max = 1048576 (custom)
2023-06-02 05:15:33,814 [af4b945e-05c9-4c95-92ea-ec296ba0645f-groupManagement] INFO  server.RaftServerConfigKeys (ConfUtils.java:logGet(46)) - raft.server.log.segment.cache.num.max = 2 (custom)
2023-06-02 05:15:33,814 [af4b945e-05c9-4c95-92ea-ec296ba0645f-groupManagement] INFO  server.RaftServerConfigKeys (ConfUtils.java:logGet(46)) - raft.server.log.segment.cache.size.max = 200MB (=209715200) (default)
2023-06-02 05:15:33,814 [af4b945e-05c9-4c95-92ea-ec296ba0645f-groupManagement] INFO  server.RaftServerConfigKeys (ConfUtils.java:logGet(46)) - raft.server.log.appender.buffer.byte-limit = 33554432 (custom)
2023-06-02 05:15:33,814 [af4b945e-05c9-4c95-92ea-ec296ba0645f-groupManagement] INFO  segmented.SegmentedRaftLogWorker (SegmentedRaftLogWorker.java:<init>(188)) - new af4b945e-05c9-4c95-92ea-ec296ba0645f@group-05EC0D08DC3A-SegmentedRaftLogWorker for RaftStorageImpl:Storage Directory /home/runner/work/ozone/ozone/hadoop-ozone/integration-test/target/test-dir/MiniOzoneClusterImpl-4e6c5432-da36-405d-b7f1-05871ead9573/datanode-11/data/ratis/f39aed60-4b07-4b6f-a8c3-05ec0d08dc3a
2023-06-02 05:15:33,814 [af4b945e-05c9-4c95-92ea-ec296ba0645f-groupManagement] INFO  server.RaftServerConfigKeys (ConfUtils.java:logGet(46)) - raft.server.log.queue.byte-limit = 4294967296 (custom)
2023-06-02 05:15:33,814 [af4b945e-05c9-4c95-92ea-ec296ba0645f-groupManagement] INFO  server.RaftServerConfigKeys (ConfUtils.java:logGet(46)) - raft.server.log.queue.element-limit = 1024 (custom)
2023-06-02 05:15:33,814 [af4b945e-05c9-4c95-92ea-ec296ba0645f-groupManagement] INFO  server.RaftServerConfigKeys (ConfUtils.java:logGet(46)) - raft.server.log.segment.size.max = 1048576 (custom)
2023-06-02 05:15:33,814 [af4b945e-05c9-4c95-92ea-ec296ba0645f-groupManagement] INFO  server.RaftServerConfigKeys (ConfUtils.java:logGet(46)) - raft.server.log.preallocated.size = 16384 (custom)
2023-06-02 05:15:33,814 [af4b945e-05c9-4c95-92ea-ec296ba0645f-groupManagement] INFO  server.RaftServerConfigKeys (ConfUtils.java:logGet(46)) - raft.server.log.force.sync.num = 128 (default)
2023-06-02 05:15:33,815 [af4b945e-05c9-4c95-92ea-ec296ba0645f-groupManagement] INFO  server.RaftServerConfigKeys (ConfUtils.java:logGet(46)) - raft.server.log.statemachine.data.sync = true (default)
2023-06-02 05:15:33,815 [af4b945e-05c9-4c95-92ea-ec296ba0645f-groupManagement] INFO  server.RaftServerConfigKeys (ConfUtils.java:logGet(46)) - raft.server.log.statemachine.data.sync.timeout = 10s (default)
2023-06-02 05:15:33,815 [af4b945e-05c9-4c95-92ea-ec296ba0645f-groupManagement] INFO  server.RaftServerConfigKeys (ConfUtils.java:logGet(46)) - raft.server.log.statemachine.data.sync.timeout.retry = -1 (default)
2023-06-02 05:15:33,816 [af4b945e-05c9-4c95-92ea-ec296ba0645f-groupManagement] INFO  server.RaftServerConfigKeys (ConfUtils.java:logGet(46)) - raft.server.log.write.buffer.size = 1048576 (custom)
2023-06-02 05:15:33,816 [af4b945e-05c9-4c95-92ea-ec296ba0645f-groupManagement] INFO  server.RaftServerConfigKeys (ConfUtils.java:logGet(46)) - raft.server.log.appender.buffer.byte-limit = 33554432 (custom)
2023-06-02 05:15:33,825 [af4b945e-05c9-4c95-92ea-ec296ba0645f-groupManagement] INFO  server.RaftServerConfigKeys (ConfUtils.java:logGet(46)) - raft.server.log.unsafe-flush.enabled = false (default)
2023-06-02 05:15:33,826 [af4b945e-05c9-4c95-92ea-ec296ba0645f-groupManagement] INFO  server.RaftServerConfigKeys (ConfUtils.java:logGet(46)) - raft.server.log.async-flush.enabled = false (default)
2023-06-02 05:15:33,826 [af4b945e-05c9-4c95-92ea-ec296ba0645f-groupManagement] INFO  server.RaftServerConfigKeys (ConfUtils.java:logGet(46)) - raft.server.log.statemachine.data.caching.enabled = true (custom)
2023-06-02 05:15:33,826 [af4b945e-05c9-4c95-92ea-ec296ba0645f-groupManagement] INFO  segmented.SegmentedRaftLogWorker (SegmentedRaftLogWorker.java:lambda$new$0(135)) - af4b945e-05c9-4c95-92ea-ec296ba0645f@group-05EC0D08DC3A-SegmentedRaftLogWorker: flushIndex: setUnconditionally 0 -> -1
2023-06-02 05:15:33,826 [af4b945e-05c9-4c95-92ea-ec296ba0645f-groupManagement] INFO  segmented.SegmentedRaftLogWorker (SegmentedRaftLogWorker.java:lambda$new$0(135)) - af4b945e-05c9-4c95-92ea-ec296ba0645f@group-05EC0D08DC3A-SegmentedRaftLogWorker: safeCacheEvictIndex: setUnconditionally 0 -> -1
2023-06-02 05:15:33,827 [af4b945e-05c9-4c95-92ea-ec296ba0645f-groupManagement] INFO  server.RaftServer$Division (RaftServerImpl.java:start(342)) - af4b945e-05c9-4c95-92ea-ec296ba0645f@group-05EC0D08DC3A: start as a follower, conf=-1: peers:[af4b945e-05c9-4c95-92ea-ec296ba0645f|rpc:10.1.74.1:15113|admin:10.1.74.1:15112|client:10.1.74.1:15111|dataStream:10.1.74.1:15114|priority:1|startupRole:FOLLOWER]|listeners:[], old=null
2023-06-02 05:15:33,827 [af4b945e-05c9-4c95-92ea-ec296ba0645f-groupManagement] INFO  server.RaftServer$Division (RaftServerImpl.java:setRole(329)) - af4b945e-05c9-4c95-92ea-ec296ba0645f@group-05EC0D08DC3A: changes role from      null to FOLLOWER at term 0 for startAsFollower
2023-06-02 05:15:33,827 [af4b945e-05c9-4c95-92ea-ec296ba0645f-groupManagement] INFO  impl.RoleInfo (RoleInfo.java:updateAndGet(139)) - af4b945e-05c9-4c95-92ea-ec296ba0645f: start af4b945e-05c9-4c95-92ea-ec296ba0645f@group-05EC0D08DC3A-FollowerState
2023-06-02 05:15:33,830 [af4b945e-05c9-4c95-92ea-ec296ba0645f-groupManagement] INFO  util.JmxRegister (JmxRegister.java:tryRegister(44)) - Successfully registered JMX Bean with object name Ratis:service=RaftServer,group=group-05EC0D08DC3A,id=af4b945e-05c9-4c95-92ea-ec296ba0645f
2023-06-02 05:15:33,830 [af4b945e-05c9-4c95-92ea-ec296ba0645f-groupManagement] INFO  server.RaftServerConfigKeys (ConfUtils.java:logGet(46)) - raft.server.snapshot.auto.trigger.enabled = true (custom)
2023-06-02 05:15:33,830 [af4b945e-05c9-4c95-92ea-ec296ba0645f-groupManagement] INFO  server.RaftServerConfigKeys (ConfUtils.java:logGet(46)) - raft.server.snapshot.auto.trigger.threshold = 10000 (custom)
2023-06-02 05:15:33,830 [af4b945e-05c9-4c95-92ea-ec296ba0645f@group-05EC0D08DC3A-FollowerState] INFO  server.RaftServerConfigKeys (ConfUtils.java:logFallback(53)) - raft.server.rpc.first-election.timeout.min = 5s (fallback to raft.server.rpc.timeout.min)
2023-06-02 05:15:33,830 [af4b945e-05c9-4c95-92ea-ec296ba0645f-groupManagement] INFO  server.RaftServerConfigKeys (ConfUtils.java:logGet(46)) - raft.server.snapshot.retention.file.num = 5 (custom)
2023-06-02 05:15:33,830 [af4b945e-05c9-4c95-92ea-ec296ba0645f-groupManagement] INFO  server.RaftServerConfigKeys (ConfUtils.java:logGet(46)) - raft.server.log.purge.upto.snapshot.index = false (default)
2023-06-02 05:15:33,831 [af4b945e-05c9-4c95-92ea-ec296ba0645f@group-05EC0D08DC3A-FollowerState] INFO  server.RaftServerConfigKeys (ConfUtils.java:logFallback(53)) - raft.server.rpc.first-election.timeout.max = 5200ms (fallback to raft.server.rpc.timeout.max)
2023-06-02 05:15:33,833 [PipelineCommandHandlerThread-0] INFO  ratis.XceiverServerRatis (XceiverServerRatis.java:addGroup(804)) - Created group PipelineID=f39aed60-4b07-4b6f-a8c3-05ec0d08dc3a
2023-06-02 05:15:33,833 [PipelineCommandHandlerThread-0] INFO  commandhandler.CreatePipelineCommandHandler (CreatePipelineCommandHandler.java:lambda$handle$2(124)) - Created Pipeline RATIS ONE PipelineID=f39aed60-4b07-4b6f-a8c3-05ec0d08dc3a.
2023-06-02 05:15:34,184 [21bba47c-9d70-4b1d-8693-1fcc7960d534@group-9DDA56843D8D-FollowerState] INFO  impl.FollowerState (FollowerState.java:run(143)) - 21bba47c-9d70-4b1d-8693-1fcc7960d534@group-9DDA56843D8D-FollowerState: change to CANDIDATE, lastRpcElapsedTime:5157468745ns, electionTimeout:5134ms
2023-06-02 05:15:34,185 [21bba47c-9d70-4b1d-8693-1fcc7960d534@group-9DDA56843D8D-FollowerState] INFO  impl.RoleInfo (RoleInfo.java:shutdownFollowerState(110)) - 21bba47c-9d70-4b1d-8693-1fcc7960d534: shutdown 21bba47c-9d70-4b1d-8693-1fcc7960d534@group-9DDA56843D8D-FollowerState
2023-06-02 05:15:34,185 [21bba47c-9d70-4b1d-8693-1fcc7960d534@group-9DDA56843D8D-FollowerState] INFO  server.RaftServer$Division (RaftServerImpl.java:setRole(329)) - 21bba47c-9d70-4b1d-8693-1fcc7960d534@group-9DDA56843D8D: changes role from  FOLLOWER to CANDIDATE at term 0 for changeToCandidate
2023-06-02 05:15:34,185 [21bba47c-9d70-4b1d-8693-1fcc7960d534@group-9DDA56843D8D-FollowerState] INFO  server.RaftServerConfigKeys (ConfUtils.java:logGet(46)) - raft.server.leaderelection.pre-vote = true (default)
2023-06-02 05:15:34,185 [21bba47c-9d70-4b1d-8693-1fcc7960d534@group-9DDA56843D8D-FollowerState] INFO  impl.RoleInfo (RoleInfo.java:updateAndGet(139)) - 21bba47c-9d70-4b1d-8693-1fcc7960d534: start 21bba47c-9d70-4b1d-8693-1fcc7960d534@group-9DDA56843D8D-LeaderElection4
2023-06-02 05:15:34,189 [21bba47c-9d70-4b1d-8693-1fcc7960d534@group-9DDA56843D8D-LeaderElection4] INFO  impl.LeaderElection (LeaderElection.java:askForVotes(321)) - 21bba47c-9d70-4b1d-8693-1fcc7960d534@group-9DDA56843D8D-LeaderElection4 PRE_VOTE round 0: submit vote requests at term 0 for -1: peers:[21bba47c-9d70-4b1d-8693-1fcc7960d534|rpc:10.1.74.1:15023|admin:10.1.74.1:15022|client:10.1.74.1:15021|dataStream:10.1.74.1:15024|priority:1|startupRole:FOLLOWER]|listeners:[], old=null
2023-06-02 05:15:34,189 [21bba47c-9d70-4b1d-8693-1fcc7960d534@group-9DDA56843D8D-LeaderElection4] INFO  impl.LeaderElection (LeaderElection.java:askForVotes(323)) - 21bba47c-9d70-4b1d-8693-1fcc7960d534@group-9DDA56843D8D-LeaderElection4 PRE_VOTE round 0: result PASSED (term=0)
2023-06-02 05:15:34,191 [21bba47c-9d70-4b1d-8693-1fcc7960d534@group-9DDA56843D8D-LeaderElection4] INFO  impl.LeaderElection (LeaderElection.java:askForVotes(321)) - 21bba47c-9d70-4b1d-8693-1fcc7960d534@group-9DDA56843D8D-LeaderElection4 ELECTION round 0: submit vote requests at term 1 for -1: peers:[21bba47c-9d70-4b1d-8693-1fcc7960d534|rpc:10.1.74.1:15023|admin:10.1.74.1:15022|client:10.1.74.1:15021|dataStream:10.1.74.1:15024|priority:1|startupRole:FOLLOWER]|listeners:[], old=null
2023-06-02 05:15:34,191 [21bba47c-9d70-4b1d-8693-1fcc7960d534@group-9DDA56843D8D-LeaderElection4] INFO  impl.LeaderElection (LeaderElection.java:askForVotes(323)) - 21bba47c-9d70-4b1d-8693-1fcc7960d534@group-9DDA56843D8D-LeaderElection4 ELECTION round 0: result PASSED (term=1)
2023-06-02 05:15:34,191 [21bba47c-9d70-4b1d-8693-1fcc7960d534@group-9DDA56843D8D-LeaderElection4] INFO  impl.RoleInfo (RoleInfo.java:shutdownLeaderElection(130)) - 21bba47c-9d70-4b1d-8693-1fcc7960d534: shutdown 21bba47c-9d70-4b1d-8693-1fcc7960d534@group-9DDA56843D8D-LeaderElection4
2023-06-02 05:15:34,191 [21bba47c-9d70-4b1d-8693-1fcc7960d534@group-9DDA56843D8D-LeaderElection4] INFO  server.RaftServer$Division (RaftServerImpl.java:setRole(329)) - 21bba47c-9d70-4b1d-8693-1fcc7960d534@group-9DDA56843D8D: changes role from CANDIDATE to LEADER at term 1 for changeToLeader
2023-06-02 05:15:34,191 [21bba47c-9d70-4b1d-8693-1fcc7960d534@group-9DDA56843D8D-LeaderElection4] INFO  ratis.XceiverServerRatis (XceiverServerRatis.java:handleLeaderChangedNotification(902)) - Leader change notification received for group: group-9DDA56843D8D with new leaderId: 21bba47c-9d70-4b1d-8693-1fcc7960d534
2023-06-02 05:15:34,192 [21bba47c-9d70-4b1d-8693-1fcc7960d534@group-9DDA56843D8D-LeaderElection4] INFO  server.RaftServer$Division (ServerState.java:setLeader(317)) - 21bba47c-9d70-4b1d-8693-1fcc7960d534@group-9DDA56843D8D: change Leader from null to 21bba47c-9d70-4b1d-8693-1fcc7960d534 at term 1 for becomeLeader, leader elected after 5206ms
2023-06-02 05:15:34,192 [21bba47c-9d70-4b1d-8693-1fcc7960d534@group-9DDA56843D8D-LeaderElection4] INFO  server.RaftServerConfigKeys (ConfUtils.java:logGet(46)) - raft.server.staging.catchup.gap = 1000 (default)
2023-06-02 05:15:34,192 [21bba47c-9d70-4b1d-8693-1fcc7960d534@group-9DDA56843D8D-LeaderElection4] INFO  server.RaftServerConfigKeys (ConfUtils.java:logGet(46)) - raft.server.write.element-limit = 1024 (custom)
2023-06-02 05:15:34,193 [21bba47c-9d70-4b1d-8693-1fcc7960d534@group-9DDA56843D8D-LeaderElection4] INFO  server.RaftServerConfigKeys (ConfUtils.java:logGet(46)) - raft.server.write.byte-limit = 1024 M (=1073741824) (custom)
2023-06-02 05:15:34,193 [EventQueue-OpenPipelineForHealthyPipelineSafeModeRule] INFO  safemode.SCMSafeModeManager (HealthyPipelineSafeModeRule.java:process(137)) - SCM in safe mode. Healthy pipelines reported count is 0, required healthy pipeline reported count is 1
2023-06-02 05:15:34,193 [21bba47c-9d70-4b1d-8693-1fcc7960d534@group-9DDA56843D8D-LeaderElection4] INFO  server.RaftServerConfigKeys (ConfUtils.java:logGet(46)) - raft.server.watch.timeout = 180s (custom)
2023-06-02 05:15:34,193 [21bba47c-9d70-4b1d-8693-1fcc7960d534@group-9DDA56843D8D-LeaderElection4] INFO  server.RaftServerConfigKeys (ConfUtils.java:logGet(46)) - raft.server.watch.timeout.denomination = 1s (default)
2023-06-02 05:15:34,193 [21bba47c-9d70-4b1d-8693-1fcc7960d534@group-9DDA56843D8D-LeaderElection4] INFO  server.RaftServerConfigKeys (ConfUtils.java:logGet(46)) - raft.server.watch.element-limit = 65536 (default)
2023-06-02 05:15:34,193 [21bba47c-9d70-4b1d-8693-1fcc7960d534@group-9DDA56843D8D-LeaderElection4] INFO  server.RaftServerConfigKeys (ConfUtils.java:logGet(46)) - raft.server.write.element-limit = 1024 (custom)
2023-06-02 05:15:34,194 [21bba47c-9d70-4b1d-8693-1fcc7960d534@group-9DDA56843D8D-LeaderElection4] INFO  server.RaftServerConfigKeys (ConfUtils.java:logGet(46)) - raft.server.write.follower.gap.ratio.max = -1.0 (default)
2023-06-02 05:15:34,194 [21bba47c-9d70-4b1d-8693-1fcc7960d534@group-9DDA56843D8D-LeaderElection4] INFO  impl.RoleInfo (RoleInfo.java:updateAndGet(139)) - 21bba47c-9d70-4b1d-8693-1fcc7960d534: start 21bba47c-9d70-4b1d-8693-1fcc7960d534@group-9DDA56843D8D-LeaderStateImpl
2023-06-02 05:15:34,194 [21bba47c-9d70-4b1d-8693-1fcc7960d534@group-9DDA56843D8D-LeaderElection4] INFO  segmented.SegmentedRaftLogWorker (SegmentedRaftLogWorker.java:startLogSegment(447)) - 21bba47c-9d70-4b1d-8693-1fcc7960d534@group-9DDA56843D8D-SegmentedRaftLogWorker: Starting segment from index:0
2023-06-02 05:15:34,197 [21bba47c-9d70-4b1d-8693-1fcc7960d534@group-9DDA56843D8D-LeaderElection4] INFO  server.RaftServer$Division (ServerState.java:setRaftConf(434)) - 21bba47c-9d70-4b1d-8693-1fcc7960d534@group-9DDA56843D8D: set configuration 0: peers:[21bba47c-9d70-4b1d-8693-1fcc7960d534|rpc:10.1.74.1:15023|admin:10.1.74.1:15022|client:10.1.74.1:15021|dataStream:10.1.74.1:15024|priority:1|startupRole:FOLLOWER]|listeners:[], old=null
2023-06-02 05:15:34,200 [21bba47c-9d70-4b1d-8693-1fcc7960d534@group-9DDA56843D8D-SegmentedRaftLogWorker] INFO  segmented.SegmentedRaftLogWorker (SegmentedRaftLogWorker.java:execute(651)) - 21bba47c-9d70-4b1d-8693-1fcc7960d534@group-9DDA56843D8D-SegmentedRaftLogWorker: created new log segment /home/runner/work/ozone/ozone/hadoop-ozone/integration-test/target/test-dir/MiniOzoneClusterImpl-4e6c5432-da36-405d-b7f1-05871ead9573/datanode-1/data/ratis/94a03fed-81c2-41e4-b34c-9dda56843d8d/current/log_inprogress_0
2023-06-02 05:15:34,234 [21bba47c-9d70-4b1d-8693-1fcc7960d534@group-E8BF24B615D5-FollowerState] INFO  impl.FollowerState (FollowerState.java:run(143)) - 21bba47c-9d70-4b1d-8693-1fcc7960d534@group-E8BF24B615D5-FollowerState: change to CANDIDATE, lastRpcElapsedTime:5130520295ns, electionTimeout:5118ms
2023-06-02 05:15:34,234 [21bba47c-9d70-4b1d-8693-1fcc7960d534@group-E8BF24B615D5-FollowerState] INFO  impl.RoleInfo (RoleInfo.java:shutdownFollowerState(110)) - 21bba47c-9d70-4b1d-8693-1fcc7960d534: shutdown 21bba47c-9d70-4b1d-8693-1fcc7960d534@group-E8BF24B615D5-FollowerState
2023-06-02 05:15:34,234 [21bba47c-9d70-4b1d-8693-1fcc7960d534@group-E8BF24B615D5-FollowerState] INFO  server.RaftServer$Division (RaftServerImpl.java:setRole(329)) - 21bba47c-9d70-4b1d-8693-1fcc7960d534@group-E8BF24B615D5: changes role from  FOLLOWER to CANDIDATE at term 0 for changeToCandidate
2023-06-02 05:15:34,234 [21bba47c-9d70-4b1d-8693-1fcc7960d534@group-E8BF24B615D5-FollowerState] INFO  server.RaftServerConfigKeys (ConfUtils.java:logGet(46)) - raft.server.leaderelection.pre-vote = true (default)
2023-06-02 05:15:34,234 [21bba47c-9d70-4b1d-8693-1fcc7960d534@group-E8BF24B615D5-FollowerState] INFO  impl.RoleInfo (RoleInfo.java:updateAndGet(139)) - 21bba47c-9d70-4b1d-8693-1fcc7960d534: start 21bba47c-9d70-4b1d-8693-1fcc7960d534@group-E8BF24B615D5-LeaderElection5
2023-06-02 05:15:34,236 [21bba47c-9d70-4b1d-8693-1fcc7960d534@group-E8BF24B615D5-LeaderElection5] INFO  impl.LeaderElection (LeaderElection.java:askForVotes(321)) - 21bba47c-9d70-4b1d-8693-1fcc7960d534@group-E8BF24B615D5-LeaderElection5 PRE_VOTE round 0: submit vote requests at term 0 for -1: peers:[f140acff-7aed-42b1-955f-393a22e760fa|rpc:10.1.74.1:15032|admin:10.1.74.1:15031|client:10.1.74.1:15030|dataStream:10.1.74.1:15033|priority:0|startupRole:FOLLOWER, 21bba47c-9d70-4b1d-8693-1fcc7960d534|rpc:10.1.74.1:15023|admin:10.1.74.1:15022|client:10.1.74.1:15021|dataStream:10.1.74.1:15024|priority:1|startupRole:FOLLOWER, f102c20d-579f-44a7-9197-f839bb943261|rpc:10.1.74.1:15014|admin:10.1.74.1:15013|client:10.1.74.1:15012|dataStream:10.1.74.1:15015|priority:0|startupRole:FOLLOWER]|listeners:[], old=null
2023-06-02 05:15:34,237 [21bba47c-9d70-4b1d-8693-1fcc7960d534@group-E8BF24B615D5-LeaderElection5-1] INFO  server.GrpcServerProtocolClient (GrpcServerProtocolClient.java:<init>(65)) - Build channel for f140acff-7aed-42b1-955f-393a22e760fa
2023-06-02 05:15:34,237 [21bba47c-9d70-4b1d-8693-1fcc7960d534@group-E8BF24B615D5-LeaderElection5] INFO  server.RaftServerConfigKeys (ConfUtils.java:logFallback(53)) - raft.server.rpc.first-election.timeout.min = 5s (fallback to raft.server.rpc.timeout.min)
2023-06-02 05:15:34,237 [21bba47c-9d70-4b1d-8693-1fcc7960d534@group-E8BF24B615D5-LeaderElection5] INFO  server.RaftServerConfigKeys (ConfUtils.java:logFallback(53)) - raft.server.rpc.first-election.timeout.max = 5200ms (fallback to raft.server.rpc.timeout.max)
2023-06-02 05:15:34,237 [21bba47c-9d70-4b1d-8693-1fcc7960d534@group-E8BF24B615D5-LeaderElection5-2] INFO  server.GrpcServerProtocolClient (GrpcServerProtocolClient.java:<init>(65)) - Build channel for f102c20d-579f-44a7-9197-f839bb943261
2023-06-02 05:15:34,249 [grpc-default-executor-1] INFO  server.RaftServer$Division (RaftServerImpl.java:requestVote(1302)) - f102c20d-579f-44a7-9197-f839bb943261@group-E8BF24B615D5: receive requestVote(PRE_VOTE, 21bba47c-9d70-4b1d-8693-1fcc7960d534, group-E8BF24B615D5, 0, (t:0, i:0))
2023-06-02 05:15:34,249 [grpc-default-executor-1] INFO  impl.VoteContext (VoteContext.java:log(49)) - f102c20d-579f-44a7-9197-f839bb943261@group-E8BF24B615D5-FOLLOWER: accept PRE_VOTE from 21bba47c-9d70-4b1d-8693-1fcc7960d534: our priority 0 <= candidate's priority 1
2023-06-02 05:15:34,249 [grpc-default-executor-1] INFO  server.RaftServer$Division (RaftServerImpl.java:requestVote(1335)) - f102c20d-579f-44a7-9197-f839bb943261@group-E8BF24B615D5 replies to PRE_VOTE vote request: 21bba47c-9d70-4b1d-8693-1fcc7960d534<-f102c20d-579f-44a7-9197-f839bb943261#0:OK-t0. Peer's state: f102c20d-579f-44a7-9197-f839bb943261@group-E8BF24B615D5:t0, leader=null, voted=, raftlog=Memoized:f102c20d-579f-44a7-9197-f839bb943261@group-E8BF24B615D5-SegmentedRaftLog:OPENED:c-1, conf=-1: peers:[f140acff-7aed-42b1-955f-393a22e760fa|rpc:10.1.74.1:15032|admin:10.1.74.1:15031|client:10.1.74.1:15030|dataStream:10.1.74.1:15033|priority:0|startupRole:FOLLOWER, 21bba47c-9d70-4b1d-8693-1fcc7960d534|rpc:10.1.74.1:15023|admin:10.1.74.1:15022|client:10.1.74.1:15021|dataStream:10.1.74.1:15024|priority:1|startupRole:FOLLOWER, f102c20d-579f-44a7-9197-f839bb943261|rpc:10.1.74.1:15014|admin:10.1.74.1:15013|client:10.1.74.1:15012|dataStream:10.1.74.1:15015|priority:0|startupRole:FOLLOWER]|listeners:[], old=null
2023-06-02 05:15:34,268 [21bba47c-9d70-4b1d-8693-1fcc7960d534@group-E8BF24B615D5-LeaderElection5] INFO  impl.LeaderElection (LeaderElection.java:logAndReturn(90)) - 21bba47c-9d70-4b1d-8693-1fcc7960d534@group-E8BF24B615D5-LeaderElection5: PRE_VOTE PASSED received 1 response(s) and 0 exception(s):
2023-06-02 05:15:34,268 [21bba47c-9d70-4b1d-8693-1fcc7960d534@group-E8BF24B615D5-LeaderElection5] INFO  impl.LeaderElection (LeaderElection.java:logAndReturn(94)) -   Response 0: 21bba47c-9d70-4b1d-8693-1fcc7960d534<-f102c20d-579f-44a7-9197-f839bb943261#0:OK-t0
2023-06-02 05:15:34,268 [grpc-default-executor-1] INFO  server.RaftServer$Division (RaftServerImpl.java:requestVote(1302)) - f140acff-7aed-42b1-955f-393a22e760fa@group-E8BF24B615D5: receive requestVote(PRE_VOTE, 21bba47c-9d70-4b1d-8693-1fcc7960d534, group-E8BF24B615D5, 0, (t:0, i:0))
2023-06-02 05:15:34,268 [21bba47c-9d70-4b1d-8693-1fcc7960d534@group-E8BF24B615D5-LeaderElection5] INFO  impl.LeaderElection (LeaderElection.java:askForVotes(323)) - 21bba47c-9d70-4b1d-8693-1fcc7960d534@group-E8BF24B615D5-LeaderElection5 PRE_VOTE round 0: result PASSED
2023-06-02 05:15:34,268 [grpc-default-executor-1] INFO  impl.VoteContext (VoteContext.java:log(49)) - f140acff-7aed-42b1-955f-393a22e760fa@group-E8BF24B615D5-FOLLOWER: accept PRE_VOTE from 21bba47c-9d70-4b1d-8693-1fcc7960d534: our priority 0 <= candidate's priority 1
2023-06-02 05:15:34,268 [grpc-default-executor-1] INFO  server.RaftServer$Division (RaftServerImpl.java:requestVote(1335)) - f140acff-7aed-42b1-955f-393a22e760fa@group-E8BF24B615D5 replies to PRE_VOTE vote request: 21bba47c-9d70-4b1d-8693-1fcc7960d534<-f140acff-7aed-42b1-955f-393a22e760fa#0:OK-t0. Peer's state: f140acff-7aed-42b1-955f-393a22e760fa@group-E8BF24B615D5:t0, leader=null, voted=, raftlog=Memoized:f140acff-7aed-42b1-955f-393a22e760fa@group-E8BF24B615D5-SegmentedRaftLog:OPENED:c-1, conf=-1: peers:[f140acff-7aed-42b1-955f-393a22e760fa|rpc:10.1.74.1:15032|admin:10.1.74.1:15031|client:10.1.74.1:15030|dataStream:10.1.74.1:15033|priority:0|startupRole:FOLLOWER, 21bba47c-9d70-4b1d-8693-1fcc7960d534|rpc:10.1.74.1:15023|admin:10.1.74.1:15022|client:10.1.74.1:15021|dataStream:10.1.74.1:15024|priority:1|startupRole:FOLLOWER, f102c20d-579f-44a7-9197-f839bb943261|rpc:10.1.74.1:15014|admin:10.1.74.1:15013|client:10.1.74.1:15012|dataStream:10.1.74.1:15015|priority:0|startupRole:FOLLOWER]|listeners:[], old=null
2023-06-02 05:15:34,272 [21bba47c-9d70-4b1d-8693-1fcc7960d534@group-E8BF24B615D5-LeaderElection5] INFO  impl.LeaderElection (LeaderElection.java:askForVotes(321)) - 21bba47c-9d70-4b1d-8693-1fcc7960d534@group-E8BF24B615D5-LeaderElection5 ELECTION round 0: submit vote requests at term 1 for -1: peers:[f140acff-7aed-42b1-955f-393a22e760fa|rpc:10.1.74.1:15032|admin:10.1.74.1:15031|client:10.1.74.1:15030|dataStream:10.1.74.1:15033|priority:0|startupRole:FOLLOWER, 21bba47c-9d70-4b1d-8693-1fcc7960d534|rpc:10.1.74.1:15023|admin:10.1.74.1:15022|client:10.1.74.1:15021|dataStream:10.1.74.1:15024|priority:1|startupRole:FOLLOWER, f102c20d-579f-44a7-9197-f839bb943261|rpc:10.1.74.1:15014|admin:10.1.74.1:15013|client:10.1.74.1:15012|dataStream:10.1.74.1:15015|priority:0|startupRole:FOLLOWER]|listeners:[], old=null
2023-06-02 05:15:34,273 [21bba47c-9d70-4b1d-8693-1fcc7960d534@group-E8BF24B615D5-LeaderElection5] INFO  server.RaftServerConfigKeys (ConfUtils.java:logFallback(53)) - raft.server.rpc.first-election.timeout.min = 5s (fallback to raft.server.rpc.timeout.min)
2023-06-02 05:15:34,273 [21bba47c-9d70-4b1d-8693-1fcc7960d534@group-E8BF24B615D5-LeaderElection5] INFO  server.RaftServerConfigKeys (ConfUtils.java:logFallback(53)) - raft.server.rpc.first-election.timeout.max = 5200ms (fallback to raft.server.rpc.timeout.max)
2023-06-02 05:15:34,279 [grpc-default-executor-1] INFO  server.RaftServer$Division (RaftServerImpl.java:requestVote(1302)) - f102c20d-579f-44a7-9197-f839bb943261@group-E8BF24B615D5: receive requestVote(ELECTION, 21bba47c-9d70-4b1d-8693-1fcc7960d534, group-E8BF24B615D5, 1, (t:0, i:0))
2023-06-02 05:15:34,279 [grpc-default-executor-1] INFO  impl.VoteContext (VoteContext.java:log(49)) - f102c20d-579f-44a7-9197-f839bb943261@group-E8BF24B615D5-FOLLOWER: accept ELECTION from 21bba47c-9d70-4b1d-8693-1fcc7960d534: our priority 0 <= candidate's priority 1
2023-06-02 05:15:34,279 [grpc-default-executor-1] INFO  server.RaftServer$Division (RaftServerImpl.java:setRole(329)) - f102c20d-579f-44a7-9197-f839bb943261@group-E8BF24B615D5: changes role from  FOLLOWER to FOLLOWER at term 1 for candidate:21bba47c-9d70-4b1d-8693-1fcc7960d534
2023-06-02 05:15:34,279 [grpc-default-executor-1] INFO  impl.RoleInfo (RoleInfo.java:shutdownFollowerState(110)) - f102c20d-579f-44a7-9197-f839bb943261: shutdown f102c20d-579f-44a7-9197-f839bb943261@group-E8BF24B615D5-FollowerState
2023-06-02 05:15:34,279 [grpc-default-executor-1] INFO  impl.RoleInfo (RoleInfo.java:updateAndGet(139)) - f102c20d-579f-44a7-9197-f839bb943261: start f102c20d-579f-44a7-9197-f839bb943261@group-E8BF24B615D5-FollowerState
2023-06-02 05:15:34,279 [f102c20d-579f-44a7-9197-f839bb943261@group-E8BF24B615D5-FollowerState] INFO  impl.FollowerState (FollowerState.java:run(152)) - f102c20d-579f-44a7-9197-f839bb943261@group-E8BF24B615D5-FollowerState was interrupted
2023-06-02 05:15:34,283 [grpc-default-executor-0] INFO  server.RaftServer$Division (RaftServerImpl.java:requestVote(1302)) - f140acff-7aed-42b1-955f-393a22e760fa@group-E8BF24B615D5: receive requestVote(ELECTION, 21bba47c-9d70-4b1d-8693-1fcc7960d534, group-E8BF24B615D5, 1, (t:0, i:0))
2023-06-02 05:15:34,283 [grpc-default-executor-1] INFO  server.RaftServer$Division (RaftServerImpl.java:requestVote(1335)) - f102c20d-579f-44a7-9197-f839bb943261@group-E8BF24B615D5 replies to ELECTION vote request: 21bba47c-9d70-4b1d-8693-1fcc7960d534<-f102c20d-579f-44a7-9197-f839bb943261#0:OK-t1. Peer's state: f102c20d-579f-44a7-9197-f839bb943261@group-E8BF24B615D5:t1, leader=null, voted=21bba47c-9d70-4b1d-8693-1fcc7960d534, raftlog=Memoized:f102c20d-579f-44a7-9197-f839bb943261@group-E8BF24B615D5-SegmentedRaftLog:OPENED:c-1, conf=-1: peers:[f140acff-7aed-42b1-955f-393a22e760fa|rpc:10.1.74.1:15032|admin:10.1.74.1:15031|client:10.1.74.1:15030|dataStream:10.1.74.1:15033|priority:0|startupRole:FOLLOWER, 21bba47c-9d70-4b1d-8693-1fcc7960d534|rpc:10.1.74.1:15023|admin:10.1.74.1:15022|client:10.1.74.1:15021|dataStream:10.1.74.1:15024|priority:1|startupRole:FOLLOWER, f102c20d-579f-44a7-9197-f839bb943261|rpc:10.1.74.1:15014|admin:10.1.74.1:15013|client:10.1.74.1:15012|dataStream:10.1.74.1:15015|priority:0|startupRole:FOLLOWER]|listeners:[], old=null
2023-06-02 05:15:34,285 [21bba47c-9d70-4b1d-8693-1fcc7960d534@group-E8BF24B615D5-LeaderElection5] INFO  impl.LeaderElection (LeaderElection.java:logAndReturn(90)) - 21bba47c-9d70-4b1d-8693-1fcc7960d534@group-E8BF24B615D5-LeaderElection5: ELECTION PASSED received 1 response(s) and 0 exception(s):
2023-06-02 05:15:34,285 [21bba47c-9d70-4b1d-8693-1fcc7960d534@group-E8BF24B615D5-LeaderElection5] INFO  impl.LeaderElection (LeaderElection.java:logAndReturn(94)) -   Response 0: 21bba47c-9d70-4b1d-8693-1fcc7960d534<-f102c20d-579f-44a7-9197-f839bb943261#0:OK-t1
2023-06-02 05:15:34,285 [21bba47c-9d70-4b1d-8693-1fcc7960d534@group-E8BF24B615D5-LeaderElection5] INFO  impl.LeaderElection (LeaderElection.java:askForVotes(323)) - 21bba47c-9d70-4b1d-8693-1fcc7960d534@group-E8BF24B615D5-LeaderElection5 ELECTION round 0: result PASSED
2023-06-02 05:15:34,286 [21bba47c-9d70-4b1d-8693-1fcc7960d534@group-E8BF24B615D5-LeaderElection5] INFO  impl.RoleInfo (RoleInfo.java:shutdownLeaderElection(130)) - 21bba47c-9d70-4b1d-8693-1fcc7960d534: shutdown 21bba47c-9d70-4b1d-8693-1fcc7960d534@group-E8BF24B615D5-LeaderElection5
2023-06-02 05:15:34,286 [21bba47c-9d70-4b1d-8693-1fcc7960d534@group-E8BF24B615D5-LeaderElection5] INFO  server.RaftServer$Division (RaftServerImpl.java:setRole(329)) - 21bba47c-9d70-4b1d-8693-1fcc7960d534@group-E8BF24B615D5: changes role from CANDIDATE to LEADER at term 1 for changeToLeader
2023-06-02 05:15:34,286 [21bba47c-9d70-4b1d-8693-1fcc7960d534@group-E8BF24B615D5-LeaderElection5] INFO  ratis.XceiverServerRatis (XceiverServerRatis.java:handleLeaderChangedNotification(902)) - Leader change notification received for group: group-E8BF24B615D5 with new leaderId: 21bba47c-9d70-4b1d-8693-1fcc7960d534
2023-06-02 05:15:34,286 [grpc-default-executor-0] INFO  impl.VoteContext (VoteContext.java:log(49)) - f140acff-7aed-42b1-955f-393a22e760fa@group-E8BF24B615D5-FOLLOWER: accept ELECTION from 21bba47c-9d70-4b1d-8693-1fcc7960d534: our priority 0 <= candidate's priority 1
2023-06-02 05:15:34,287 [grpc-default-executor-0] INFO  server.RaftServer$Division (RaftServerImpl.java:setRole(329)) - f140acff-7aed-42b1-955f-393a22e760fa@group-E8BF24B615D5: changes role from  FOLLOWER to FOLLOWER at term 1 for candidate:21bba47c-9d70-4b1d-8693-1fcc7960d534
2023-06-02 05:15:34,287 [21bba47c-9d70-4b1d-8693-1fcc7960d534@group-E8BF24B615D5-LeaderElection5] INFO  server.RaftServer$Division (ServerState.java:setLeader(317)) - 21bba47c-9d70-4b1d-8693-1fcc7960d534@group-E8BF24B615D5: change Leader from null to 21bba47c-9d70-4b1d-8693-1fcc7960d534 at term 1 for becomeLeader, leader elected after 5230ms
2023-06-02 05:15:34,287 [grpc-default-executor-0] INFO  impl.RoleInfo (RoleInfo.java:shutdownFollowerState(110)) - f140acff-7aed-42b1-955f-393a22e760fa: shutdown f140acff-7aed-42b1-955f-393a22e760fa@group-E8BF24B615D5-FollowerState
2023-06-02 05:15:34,289 [grpc-default-executor-0] INFO  impl.RoleInfo (RoleInfo.java:updateAndGet(139)) - f140acff-7aed-42b1-955f-393a22e760fa: start f140acff-7aed-42b1-955f-393a22e760fa@group-E8BF24B615D5-FollowerState
2023-06-02 05:15:34,289 [f140acff-7aed-42b1-955f-393a22e760fa@group-E8BF24B615D5-FollowerState] INFO  impl.FollowerState (FollowerState.java:run(152)) - f140acff-7aed-42b1-955f-393a22e760fa@group-E8BF24B615D5-FollowerState was interrupted
2023-06-02 05:15:34,288 [21bba47c-9d70-4b1d-8693-1fcc7960d534@group-E8BF24B615D5-LeaderElection5] INFO  server.RaftServerConfigKeys (ConfUtils.java:logGet(46)) - raft.server.staging.catchup.gap = 1000 (default)
2023-06-02 05:15:34,291 [grpc-default-executor-0] INFO  server.RaftServer$Division (RaftServerImpl.java:requestVote(1335)) - f140acff-7aed-42b1-955f-393a22e760fa@group-E8BF24B615D5 replies to ELECTION vote request: 21bba47c-9d70-4b1d-8693-1fcc7960d534<-f140acff-7aed-42b1-955f-393a22e760fa#0:OK-t1. Peer's state: f140acff-7aed-42b1-955f-393a22e760fa@group-E8BF24B615D5:t1, leader=null, voted=21bba47c-9d70-4b1d-8693-1fcc7960d534, raftlog=Memoized:f140acff-7aed-42b1-955f-393a22e760fa@group-E8BF24B615D5-SegmentedRaftLog:OPENED:c-1, conf=-1: peers:[f140acff-7aed-42b1-955f-393a22e760fa|rpc:10.1.74.1:15032|admin:10.1.74.1:15031|client:10.1.74.1:15030|dataStream:10.1.74.1:15033|priority:0|startupRole:FOLLOWER, 21bba47c-9d70-4b1d-8693-1fcc7960d534|rpc:10.1.74.1:15023|admin:10.1.74.1:15022|client:10.1.74.1:15021|dataStream:10.1.74.1:15024|priority:1|startupRole:FOLLOWER, f102c20d-579f-44a7-9197-f839bb943261|rpc:10.1.74.1:15014|admin:10.1.74.1:15013|client:10.1.74.1:15012|dataStream:10.1.74.1:15015|priority:0|startupRole:FOLLOWER]|listeners:[], old=null
2023-06-02 05:15:34,292 [EventQueue-PipelineReportForPipelineReportHandler] INFO  pipeline.PipelineManagerImpl (PipelineManagerImpl.java:openPipeline(367)) - Pipeline Pipeline[ Id: b3981fcf-ddff-4145-a6d7-e8bf24b615d5, Nodes: f140acff-7aed-42b1-955f-393a22e760fa(fv-az628-647/10.1.74.1)f102c20d-579f-44a7-9197-f839bb943261(fv-az628-647/10.1.74.1)21bba47c-9d70-4b1d-8693-1fcc7960d534(fv-az628-647/10.1.74.1), ReplicationConfig: RATIS/THREE, State:ALLOCATED, leaderId:21bba47c-9d70-4b1d-8693-1fcc7960d534, CreationTimestamp2023-06-02T05:15:26.404Z[Etc/UTC]] moved to OPEN state
2023-06-02 05:15:34,292 [EventQueue-OpenPipelineForHealthyPipelineSafeModeRule] INFO  safemode.SCMSafeModeManager (HealthyPipelineSafeModeRule.java:process(137)) - SCM in safe mode. Healthy pipelines reported count is 0, required healthy pipeline reported count is 1
2023-06-02 05:15:34,293 [EventQueue-OpenPipelineForHealthyPipelineSafeModeRule] INFO  safemode.SCMSafeModeManager (HealthyPipelineSafeModeRule.java:process(137)) - SCM in safe mode. Healthy pipelines reported count is 1, required healthy pipeline reported count is 1
2023-06-02 05:15:34,293 [EventQueue-OpenPipelineForHealthyPipelineSafeModeRule] INFO  safemode.SCMSafeModeManager (SCMSafeModeManager.java:validateSafeModeExitRules(200)) - HealthyPipelineSafeModeRule rule is successfully validated
2023-06-02 05:15:34,293 [EventQueue-OpenPipelineForHealthyPipelineSafeModeRule] INFO  safemode.SCMSafeModeManager (SCMSafeModeManager.java:validateSafeModeExitRules(215)) - ScmSafeModeManager, all rules are successfully validated
2023-06-02 05:15:34,293 [EventQueue-OpenPipelineForHealthyPipelineSafeModeRule] INFO  safemode.SCMSafeModeManager (SCMSafeModeManager.java:exitSafeMode(244)) - SCM exiting safe mode.
2023-06-02 05:15:34,293 [EventQueue-OpenPipelineForHealthyPipelineSafeModeRule] INFO  ha.SCMContext (SCMContext.java:updateSafeModeStatus(228)) - Update SafeModeStatus from SafeModeStatus{safeModeStatus=true, preCheckPassed=true} to SafeModeStatus{safeModeStatus=false, preCheckPassed=true}.
2023-06-02 05:15:34,296 [EventQueue-OpenPipelineForHealthyPipelineSafeModeRule] INFO  pipeline.BackgroundPipelineCreator (BackgroundPipelineCreator.java:notifyStatusChanged(254)) - Service BackgroundPipelineCreator transitions to RUNNING.
2023-06-02 05:15:34,296 [EventQueue-OpenPipelineForHealthyPipelineSafeModeRule] INFO  BackgroundPipelineScrubber (BackgroundSCMService.java:notifyStatusChanged(82)) - Service BackgroundPipelineScrubber transitions to RUNNING.
2023-06-02 05:15:34,296 [EventQueue-OpenPipelineForHealthyPipelineSafeModeRule] INFO  ExpiredContainerReplicaOpScrubber (BackgroundSCMService.java:notifyStatusChanged(82)) - Service ExpiredContainerReplicaOpScrubber transitions to RUNNING.
2023-06-02 05:15:34,296 [EventQueue-OpenPipelineForHealthyPipelineSafeModeRule] INFO  replication.ReplicationManager (ReplicationManager.java:notifyStatusChanged(1368)) - Service ReplicationManager transitions to RUNNING.
2023-06-02 05:15:34,300 [21bba47c-9d70-4b1d-8693-1fcc7960d534@group-E8BF24B615D5-LeaderElection5] INFO  server.RaftServerConfigKeys (ConfUtils.java:logGet(46)) - raft.server.write.element-limit = 1024 (custom)
2023-06-02 05:15:34,300 [21bba47c-9d70-4b1d-8693-1fcc7960d534@group-E8BF24B615D5-LeaderElection5] INFO  server.RaftServerConfigKeys (ConfUtils.java:logGet(46)) - raft.server.write.byte-limit = 1024 M (=1073741824) (custom)
2023-06-02 05:15:34,300 [21bba47c-9d70-4b1d-8693-1fcc7960d534@group-E8BF24B615D5-LeaderElection5] INFO  server.RaftServerConfigKeys (ConfUtils.java:logGet(46)) - raft.server.watch.timeout = 180s (custom)
2023-06-02 05:15:34,300 [21bba47c-9d70-4b1d-8693-1fcc7960d534@group-E8BF24B615D5-LeaderElection5] INFO  server.RaftServerConfigKeys (ConfUtils.java:logGet(46)) - raft.server.watch.timeout.denomination = 1s (default)
2023-06-02 05:15:34,300 [21bba47c-9d70-4b1d-8693-1fcc7960d534@group-E8BF24B615D5-LeaderElection5] INFO  server.RaftServerConfigKeys (ConfUtils.java:logGet(46)) - raft.server.watch.element-limit = 65536 (default)
2023-06-02 05:15:34,301 [21bba47c-9d70-4b1d-8693-1fcc7960d534@group-E8BF24B615D5-LeaderElection5] INFO  server.RaftServerConfigKeys (ConfUtils.java:logGet(46)) - raft.server.write.element-limit = 1024 (custom)
2023-06-02 05:15:34,301 [21bba47c-9d70-4b1d-8693-1fcc7960d534@group-E8BF24B615D5-LeaderElection5] INFO  server.RaftServerConfigKeys (ConfUtils.java:logGet(46)) - raft.server.write.follower.gap.ratio.max = -1.0 (default)
2023-06-02 05:15:34,305 [EventQueue-OpenPipelineForHealthyPipelineSafeModeRule] WARN  balancer.ContainerBalancer (ContainerBalancer.java:shouldRun(135)) - Could not find persisted configuration for ContainerBalancer when checking if ContainerBalancer should run. ContainerBalancer should not run now.
2023-06-02 05:15:34,317 [21bba47c-9d70-4b1d-8693-1fcc7960d534@group-E8BF24B615D5-LeaderElection5] INFO  server.RaftServerConfigKeys (ConfUtils.java:logGet(46)) - raft.server.log.appender.snapshot.chunk.size.max = 16MB (=16777216) (default)
2023-06-02 05:15:34,317 [21bba47c-9d70-4b1d-8693-1fcc7960d534@group-E8BF24B615D5-LeaderElection5] INFO  server.RaftServerConfigKeys (ConfUtils.java:logGet(46)) - raft.server.log.appender.buffer.byte-limit = 33554432 (custom)
2023-06-02 05:15:34,318 [21bba47c-9d70-4b1d-8693-1fcc7960d534@group-E8BF24B615D5-LeaderElection5] INFO  server.RaftServerConfigKeys (ConfUtils.java:logGet(46)) - raft.server.log.appender.buffer.element-limit = 1 (custom)
2023-06-02 05:15:34,320 [21bba47c-9d70-4b1d-8693-1fcc7960d534@group-E8BF24B615D5-LeaderElection5] INFO  server.RaftServerConfigKeys (ConfUtils.java:logGet(46)) - raft.server.log.appender.wait-time.min = 10ms (default)
2023-06-02 05:15:34,320 [21bba47c-9d70-4b1d-8693-1fcc7960d534@group-E8BF24B615D5-LeaderElection5] INFO  grpc.GrpcConfigKeys (ConfUtils.java:logGet(46)) - raft.grpc.server.leader.outstanding.appends.max = 128 (default)
2023-06-02 05:15:34,322 [21bba47c-9d70-4b1d-8693-1fcc7960d534@group-E8BF24B615D5-LeaderElection5] INFO  server.RaftServerConfigKeys (ConfUtils.java:logGet(46)) - raft.server.rpc.request.timeout = 60s (custom)
2023-06-02 05:15:34,322 [21bba47c-9d70-4b1d-8693-1fcc7960d534@group-E8BF24B615D5-LeaderElection5] INFO  grpc.GrpcConfigKeys (ConfUtils.java:logGet(46)) - raft.grpc.server.install_snapshot.request.element-limit = 8 (default)
2023-06-02 05:15:34,322 [21bba47c-9d70-4b1d-8693-1fcc7960d534@group-E8BF24B615D5-LeaderElection5] INFO  grpc.GrpcConfigKeys (ConfUtils.java:logGet(46)) - raft.grpc.server.install_snapshot.request.timeout = 3000ms (default)
2023-06-02 05:15:34,322 [21bba47c-9d70-4b1d-8693-1fcc7960d534@group-E8BF24B615D5-LeaderElection5] INFO  server.RaftServerConfigKeys (ConfUtils.java:logGet(46)) - raft.server.log.appender.install.snapshot.enabled = false (custom)
2023-06-02 05:15:34,322 [21bba47c-9d70-4b1d-8693-1fcc7960d534@group-E8BF24B615D5-LeaderElection5] INFO  grpc.GrpcConfigKeys (ConfUtils.java:logGet(46)) - raft.grpc.server.heartbeat.channel = true (default)
2023-06-02 05:15:34,327 [21bba47c-9d70-4b1d-8693-1fcc7960d534@group-E8BF24B615D5-LeaderElection5] INFO  server.RaftServerConfigKeys (ConfUtils.java:logGet(46)) - raft.server.log.appender.snapshot.chunk.size.max = 16MB (=16777216) (default)
2023-06-02 05:15:34,327 [21bba47c-9d70-4b1d-8693-1fcc7960d534@group-E8BF24B615D5-LeaderElection5] INFO  server.RaftServerConfigKeys (ConfUtils.java:logGet(46)) - raft.server.log.appender.buffer.byte-limit = 33554432 (custom)
2023-06-02 05:15:34,327 [21bba47c-9d70-4b1d-8693-1fcc7960d534@group-E8BF24B615D5-LeaderElection5] INFO  server.RaftServerConfigKeys (ConfUtils.java:logGet(46)) - raft.server.log.appender.buffer.element-limit = 1 (custom)
2023-06-02 05:15:34,327 [21bba47c-9d70-4b1d-8693-1fcc7960d534@group-E8BF24B615D5-LeaderElection5] INFO  server.RaftServerConfigKeys (ConfUtils.java:logGet(46)) - raft.server.log.appender.wait-time.min = 10ms (default)
2023-06-02 05:15:34,327 [21bba47c-9d70-4b1d-8693-1fcc7960d534@group-E8BF24B615D5-LeaderElection5] INFO  grpc.GrpcConfigKeys (ConfUtils.java:logGet(46)) - raft.grpc.server.leader.outstanding.appends.max = 128 (default)
2023-06-02 05:15:34,328 [21bba47c-9d70-4b1d-8693-1fcc7960d534@group-E8BF24B615D5-LeaderElection5] INFO  server.RaftServerConfigKeys (ConfUtils.java:logGet(46)) - raft.server.rpc.request.timeout = 60s (custom)
2023-06-02 05:15:34,328 [21bba47c-9d70-4b1d-8693-1fcc7960d534@group-E8BF24B615D5-LeaderElection5] INFO  grpc.GrpcConfigKeys (ConfUtils.java:logGet(46)) - raft.grpc.server.install_snapshot.request.element-limit = 8 (default)
2023-06-02 05:15:34,328 [21bba47c-9d70-4b1d-8693-1fcc7960d534@group-E8BF24B615D5-LeaderElection5] INFO  grpc.GrpcConfigKeys (ConfUtils.java:logGet(46)) - raft.grpc.server.install_snapshot.request.timeout = 3000ms (default)
2023-06-02 05:15:34,328 [21bba47c-9d70-4b1d-8693-1fcc7960d534@group-E8BF24B615D5-LeaderElection5] INFO  server.RaftServerConfigKeys (ConfUtils.java:logGet(46)) - raft.server.log.appender.install.snapshot.enabled = false (custom)
2023-06-02 05:15:34,328 [21bba47c-9d70-4b1d-8693-1fcc7960d534@group-E8BF24B615D5-LeaderElection5] INFO  grpc.GrpcConfigKeys (ConfUtils.java:logGet(46)) - raft.grpc.server.heartbeat.channel = true (default)
2023-06-02 05:15:34,329 [21bba47c-9d70-4b1d-8693-1fcc7960d534@group-E8BF24B615D5-LeaderElection5] INFO  impl.RoleInfo (RoleInfo.java:updateAndGet(139)) - 21bba47c-9d70-4b1d-8693-1fcc7960d534: start 21bba47c-9d70-4b1d-8693-1fcc7960d534@group-E8BF24B615D5-LeaderStateImpl
2023-06-02 05:15:34,329 [21bba47c-9d70-4b1d-8693-1fcc7960d534@group-E8BF24B615D5-LeaderElection5] INFO  segmented.SegmentedRaftLogWorker (SegmentedRaftLogWorker.java:startLogSegment(447)) - 21bba47c-9d70-4b1d-8693-1fcc7960d534@group-E8BF24B615D5-SegmentedRaftLogWorker: Starting segment from index:0
2023-06-02 05:15:34,331 [21bba47c-9d70-4b1d-8693-1fcc7960d534@group-E8BF24B615D5-SegmentedRaftLogWorker] INFO  segmented.SegmentedRaftLogWorker (SegmentedRaftLogWorker.java:execute(651)) - 21bba47c-9d70-4b1d-8693-1fcc7960d534@group-E8BF24B615D5-SegmentedRaftLogWorker: created new log segment /home/runner/work/ozone/ozone/hadoop-ozone/integration-test/target/test-dir/MiniOzoneClusterImpl-4e6c5432-da36-405d-b7f1-05871ead9573/datanode-1/data/ratis/b3981fcf-ddff-4145-a6d7-e8bf24b615d5/current/log_inprogress_0
2023-06-02 05:15:34,346 [21bba47c-9d70-4b1d-8693-1fcc7960d534@group-E8BF24B615D5-LeaderElection5] INFO  server.RaftServer$Division (ServerState.java:setRaftConf(434)) - 21bba47c-9d70-4b1d-8693-1fcc7960d534@group-E8BF24B615D5: set configuration 0: peers:[f140acff-7aed-42b1-955f-393a22e760fa|rpc:10.1.74.1:15032|admin:10.1.74.1:15031|client:10.1.74.1:15030|dataStream:10.1.74.1:15033|priority:0|startupRole:FOLLOWER, 21bba47c-9d70-4b1d-8693-1fcc7960d534|rpc:10.1.74.1:15023|admin:10.1.74.1:15022|client:10.1.74.1:15021|dataStream:10.1.74.1:15024|priority:1|startupRole:FOLLOWER, f102c20d-579f-44a7-9197-f839bb943261|rpc:10.1.74.1:15014|admin:10.1.74.1:15013|client:10.1.74.1:15012|dataStream:10.1.74.1:15015|priority:0|startupRole:FOLLOWER]|listeners:[], old=null
2023-06-02 05:15:34,383 [f140acff-7aed-42b1-955f-393a22e760fa-server-thread1] INFO  ratis.XceiverServerRatis (XceiverServerRatis.java:handleLeaderChangedNotification(902)) - Leader change notification received for group: group-E8BF24B615D5 with new leaderId: 21bba47c-9d70-4b1d-8693-1fcc7960d534
2023-06-02 05:15:34,383 [f140acff-7aed-42b1-955f-393a22e760fa-server-thread1] INFO  server.RaftServer$Division (ServerState.java:setLeader(317)) - f140acff-7aed-42b1-955f-393a22e760fa@group-E8BF24B615D5: change Leader from null to 21bba47c-9d70-4b1d-8693-1fcc7960d534 at term 1 for appendEntries, leader elected after 5043ms
2023-06-02 05:15:34,387 [f140acff-7aed-42b1-955f-393a22e760fa-server-thread1] INFO  server.RaftServer$Division (ServerState.java:setRaftConf(434)) - f140acff-7aed-42b1-955f-393a22e760fa@group-E8BF24B615D5: set configuration 0: peers:[f140acff-7aed-42b1-955f-393a22e760fa|rpc:10.1.74.1:15032|admin:10.1.74.1:15031|client:10.1.74.1:15030|dataStream:10.1.74.1:15033|priority:0|startupRole:FOLLOWER, 21bba47c-9d70-4b1d-8693-1fcc7960d534|rpc:10.1.74.1:15023|admin:10.1.74.1:15022|client:10.1.74.1:15021|dataStream:10.1.74.1:15024|priority:1|startupRole:FOLLOWER, f102c20d-579f-44a7-9197-f839bb943261|rpc:10.1.74.1:15014|admin:10.1.74.1:15013|client:10.1.74.1:15012|dataStream:10.1.74.1:15015|priority:0|startupRole:FOLLOWER]|listeners:[], old=null
2023-06-02 05:15:34,387 [f140acff-7aed-42b1-955f-393a22e760fa-server-thread1] INFO  segmented.SegmentedRaftLogWorker (SegmentedRaftLogWorker.java:startLogSegment(447)) - f140acff-7aed-42b1-955f-393a22e760fa@group-E8BF24B615D5-SegmentedRaftLogWorker: Starting segment from index:0
2023-06-02 05:15:34,390 [f102c20d-579f-44a7-9197-f839bb943261-server-thread1] INFO  ratis.XceiverServerRatis (XceiverServerRatis.java:handleLeaderChangedNotification(902)) - Leader change notification received for group: group-E8BF24B615D5 with new leaderId: 21bba47c-9d70-4b1d-8693-1fcc7960d534
2023-06-02 05:15:34,390 [f102c20d-579f-44a7-9197-f839bb943261-server-thread1] INFO  server.RaftServer$Division (ServerState.java:setLeader(317)) - f102c20d-579f-44a7-9197-f839bb943261@group-E8BF24B615D5: change Leader from null to 21bba47c-9d70-4b1d-8693-1fcc7960d534 at term 1 for appendEntries, leader elected after 5799ms
2023-06-02 05:15:34,393 [f140acff-7aed-42b1-955f-393a22e760fa@group-E8BF24B615D5-SegmentedRaftLogWorker] INFO  segmented.SegmentedRaftLogWorker (SegmentedRaftLogWorker.java:execute(651)) - f140acff-7aed-42b1-955f-393a22e760fa@group-E8BF24B615D5-SegmentedRaftLogWorker: created new log segment /home/runner/work/ozone/ozone/hadoop-ozone/integration-test/target/test-dir/MiniOzoneClusterImpl-4e6c5432-da36-405d-b7f1-05871ead9573/datanode-2/data/ratis/b3981fcf-ddff-4145-a6d7-e8bf24b615d5/current/log_inprogress_0
2023-06-02 05:15:34,404 [f102c20d-579f-44a7-9197-f839bb943261-server-thread1] INFO  server.RaftServer$Division (ServerState.java:setRaftConf(434)) - f102c20d-579f-44a7-9197-f839bb943261@group-E8BF24B615D5: set configuration 0: peers:[f140acff-7aed-42b1-955f-393a22e760fa|rpc:10.1.74.1:15032|admin:10.1.74.1:15031|client:10.1.74.1:15030|dataStream:10.1.74.1:15033|priority:0|startupRole:FOLLOWER, 21bba47c-9d70-4b1d-8693-1fcc7960d534|rpc:10.1.74.1:15023|admin:10.1.74.1:15022|client:10.1.74.1:15021|dataStream:10.1.74.1:15024|priority:1|startupRole:FOLLOWER, f102c20d-579f-44a7-9197-f839bb943261|rpc:10.1.74.1:15014|admin:10.1.74.1:15013|client:10.1.74.1:15012|dataStream:10.1.74.1:15015|priority:0|startupRole:FOLLOWER]|listeners:[], old=null
2023-06-02 05:15:34,405 [f102c20d-579f-44a7-9197-f839bb943261-server-thread1] INFO  segmented.SegmentedRaftLogWorker (SegmentedRaftLogWorker.java:startLogSegment(447)) - f102c20d-579f-44a7-9197-f839bb943261@group-E8BF24B615D5-SegmentedRaftLogWorker: Starting segment from index:0
2023-06-02 05:15:34,409 [f102c20d-579f-44a7-9197-f839bb943261@group-E8BF24B615D5-SegmentedRaftLogWorker] INFO  segmented.SegmentedRaftLogWorker (SegmentedRaftLogWorker.java:execute(651)) - f102c20d-579f-44a7-9197-f839bb943261@group-E8BF24B615D5-SegmentedRaftLogWorker: created new log segment /home/runner/work/ozone/ozone/hadoop-ozone/integration-test/target/test-dir/MiniOzoneClusterImpl-4e6c5432-da36-405d-b7f1-05871ead9573/datanode-0/data/ratis/b3981fcf-ddff-4145-a6d7-e8bf24b615d5/current/log_inprogress_0
2023-06-02 05:15:34,589 [PipelineCommandHandlerThread-0] INFO  server.RaftServer (RaftServerProxy.java:addNew(98)) - 02d5e712-89f3-441d-ae82-935a5ddb56eb: addNew group-FD8888020DAC:[02d5e712-89f3-441d-ae82-935a5ddb56eb|rpc:10.1.74.1:15122|admin:10.1.74.1:15121|client:10.1.74.1:15120|dataStream:10.1.74.1:15123|priority:1|startupRole:FOLLOWER] returns group-FD8888020DAC:java.util.concurrent.CompletableFuture@37ea0a1f[Not completed]
2023-06-02 05:15:34,591 [02d5e712-89f3-441d-ae82-935a5ddb56eb-groupManagement] INFO  server.RaftServer$Division (RaftServerImpl.java:<init>(198)) - 02d5e712-89f3-441d-ae82-935a5ddb56eb: new RaftServerImpl for group-FD8888020DAC:[02d5e712-89f3-441d-ae82-935a5ddb56eb|rpc:10.1.74.1:15122|admin:10.1.74.1:15121|client:10.1.74.1:15120|dataStream:10.1.74.1:15123|priority:1|startupRole:FOLLOWER] with ContainerStateMachine:uninitialized
2023-06-02 05:15:34,591 [02d5e712-89f3-441d-ae82-935a5ddb56eb-groupManagement] INFO  server.RaftServerConfigKeys (ConfUtils.java:logGet(46)) - raft.server.rpc.timeout.min = 5s (custom)
2023-06-02 05:15:34,591 [02d5e712-89f3-441d-ae82-935a5ddb56eb-groupManagement] INFO  server.RaftServerConfigKeys (ConfUtils.java:logGet(46)) - raft.server.rpc.timeout.max = 5200ms (custom)
2023-06-02 05:15:34,592 [02d5e712-89f3-441d-ae82-935a5ddb56eb-groupManagement] INFO  server.RaftServerConfigKeys (ConfUtils.java:logGet(46)) - raft.server.rpc.sleep.time = 25ms (default)
2023-06-02 05:15:34,592 [02d5e712-89f3-441d-ae82-935a5ddb56eb-groupManagement] INFO  server.RaftServerConfigKeys (ConfUtils.java:logGet(46)) - raft.server.rpc.slowness.timeout = 300s (custom)
2023-06-02 05:15:34,592 [02d5e712-89f3-441d-ae82-935a5ddb56eb-groupManagement] INFO  server.RaftServerConfigKeys (ConfUtils.java:logGet(46)) - raft.server.leaderelection.leader.step-down.wait-time = 10s (default)
2023-06-02 05:15:34,592 [02d5e712-89f3-441d-ae82-935a5ddb56eb-groupManagement] INFO  server.RaftServerConfigKeys (ConfUtils.java:logGet(46)) - raft.server.sleep.deviation.threshold = 300ms (default)
2023-06-02 05:15:34,592 [02d5e712-89f3-441d-ae82-935a5ddb56eb-groupManagement] INFO  server.RaftServer$Division (ServerState.java:<init>(120)) - 02d5e712-89f3-441d-ae82-935a5ddb56eb@group-FD8888020DAC: ConfigurationManager, init=-1: peers:[02d5e712-89f3-441d-ae82-935a5ddb56eb|rpc:10.1.74.1:15122|admin:10.1.74.1:15121|client:10.1.74.1:15120|dataStream:10.1.74.1:15123|priority:1|startupRole:FOLLOWER]|listeners:[], old=null, confs=<EMPTY_MAP>
2023-06-02 05:15:34,592 [02d5e712-89f3-441d-ae82-935a5ddb56eb-groupManagement] INFO  server.RaftServerConfigKeys (ConfUtils.java:logGet(46)) - raft.server.storage.dir = [/home/runner/work/ozone/ozone/hadoop-ozone/integration-test/target/test-dir/MiniOzoneClusterImpl-4e6c5432-da36-405d-b7f1-05871ead9573/datanode-12/data/ratis] (custom)
2023-06-02 05:15:34,593 [02d5e712-89f3-441d-ae82-935a5ddb56eb-groupManagement] INFO  server.RaftServerConfigKeys (ConfUtils.java:logGet(46)) - raft.server.log.corruption.policy = EXCEPTION (default)
2023-06-02 05:15:34,593 [02d5e712-89f3-441d-ae82-935a5ddb56eb-groupManagement] INFO  server.RaftServerConfigKeys (ConfUtils.java:logGet(46)) - raft.server.storage.free-space.min = 0MB (=0) (default)
2023-06-02 05:15:34,593 [02d5e712-89f3-441d-ae82-935a5ddb56eb-groupManagement] INFO  server.RaftServerConfigKeys (ConfUtils.java:logGet(46)) - raft.server.notification.no-leader.timeout = 300s (custom)
2023-06-02 05:15:34,593 [02d5e712-89f3-441d-ae82-935a5ddb56eb-groupManagement] INFO  server.RaftServerConfigKeys (ConfUtils.java:logGet(46)) - raft.server.read.timeout = 10s (default)
2023-06-02 05:15:34,593 [02d5e712-89f3-441d-ae82-935a5ddb56eb-groupManagement] INFO  server.RaftServerConfigKeys (ConfUtils.java:logGet(46)) - raft.server.retrycache.expirytime = 600000ms (custom)
2023-06-02 05:15:34,594 [02d5e712-89f3-441d-ae82-935a5ddb56eb-groupManagement] INFO  server.RaftServerConfigKeys (ConfUtils.java:logGet(46)) - raft.server.retrycache.statistics.expirytime = 100μs (default)
2023-06-02 05:15:34,594 [02d5e712-89f3-441d-ae82-935a5ddb56eb-groupManagement] INFO  server.RaftServerConfigKeys (ConfUtils.java:logGet(46)) - raft.server.read.option = DEFAULT (default)
2023-06-02 05:15:34,595 [02d5e712-89f3-441d-ae82-935a5ddb56eb-groupManagement] INFO  server.RaftServerConfigKeys (ConfUtils.java:logGet(46)) - raft.server.rpc.request.timeout = 60s (custom)
2023-06-02 05:15:34,595 [02d5e712-89f3-441d-ae82-935a5ddb56eb-groupManagement] INFO  server.RaftServerConfigKeys (ConfUtils.java:logGet(46)) - raft.server.log.appender.install.snapshot.enabled = false (custom)
2023-06-02 05:15:34,595 [02d5e712-89f3-441d-ae82-935a5ddb56eb-groupManagement] INFO  server.RaftServerConfigKeys (ConfUtils.java:logGet(46)) - raft.server.threadpool.server.cached = true (default)
2023-06-02 05:15:34,596 [02d5e712-89f3-441d-ae82-935a5ddb56eb-groupManagement] INFO  server.RaftServerConfigKeys (ConfUtils.java:logGet(46)) - raft.server.threadpool.server.size = 0 (default)
2023-06-02 05:15:34,596 [02d5e712-89f3-441d-ae82-935a5ddb56eb-groupManagement] INFO  server.RaftServerConfigKeys (ConfUtils.java:logGet(46)) - raft.server.threadpool.client.cached = true (default)
2023-06-02 05:15:34,596 [02d5e712-89f3-441d-ae82-935a5ddb56eb-groupManagement] INFO  server.RaftServerConfigKeys (ConfUtils.java:logGet(46)) - raft.server.threadpool.client.size = 0 (default)
2023-06-02 05:15:34,596 [02d5e712-89f3-441d-ae82-935a5ddb56eb-groupManagement] INFO  storage.RaftStorageDirectory (RaftStorageDirectoryImpl.java:analyzeStorage(137)) - The storage directory /home/runner/work/ozone/ozone/hadoop-ozone/integration-test/target/test-dir/MiniOzoneClusterImpl-4e6c5432-da36-405d-b7f1-05871ead9573/datanode-12/data/ratis/329a09f1-bb4e-4ac1-8f01-fd8888020dac does not exist. Creating ...
2023-06-02 05:15:34,598 [02d5e712-89f3-441d-ae82-935a5ddb56eb-groupManagement] INFO  storage.RaftStorageDirectory (RaftStorageDirectoryImpl.java:tryLock(231)) - Lock on /home/runner/work/ozone/ozone/hadoop-ozone/integration-test/target/test-dir/MiniOzoneClusterImpl-4e6c5432-da36-405d-b7f1-05871ead9573/datanode-12/data/ratis/329a09f1-bb4e-4ac1-8f01-fd8888020dac/in_use.lock acquired by nodename 65026@fv-az628-647
2023-06-02 05:15:34,599 [02d5e712-89f3-441d-ae82-935a5ddb56eb-groupManagement] INFO  storage.RaftStorage (RaftStorageImpl.java:format(96)) - Storage directory /home/runner/work/ozone/ozone/hadoop-ozone/integration-test/target/test-dir/MiniOzoneClusterImpl-4e6c5432-da36-405d-b7f1-05871ead9573/datanode-12/data/ratis/329a09f1-bb4e-4ac1-8f01-fd8888020dac has been successfully formatted.
2023-06-02 05:15:34,602 [02d5e712-89f3-441d-ae82-935a5ddb56eb-groupManagement] INFO  ratis.ContainerStateMachine (ContainerStateMachine.java:loadSnapshot(262)) - group-FD8888020DAC: The snapshot info is null. Setting the last applied indexto:(t:0, i:~)
2023-06-02 05:15:34,603 [02d5e712-89f3-441d-ae82-935a5ddb56eb-groupManagement] INFO  server.RaftServerConfigKeys (ConfUtils.java:logGet(46)) - raft.server.log.use.memory = false (default)
2023-06-02 05:15:34,603 [02d5e712-89f3-441d-ae82-935a5ddb56eb-groupManagement] INFO  server.RaftServerConfigKeys (ConfUtils.java:logGet(46)) - raft.server.log.purge.gap = 1000000 (custom)
2023-06-02 05:15:34,603 [02d5e712-89f3-441d-ae82-935a5ddb56eb-groupManagement] INFO  server.RaftServerConfigKeys (ConfUtils.java:logGet(46)) - raft.server.log.appender.buffer.byte-limit = 33554432 (custom)
2023-06-02 05:15:34,603 [02d5e712-89f3-441d-ae82-935a5ddb56eb-groupManagement] INFO  server.RaftServerConfigKeys (ConfUtils.java:logGet(46)) - raft.server.log.statemachine.data.read.timeout = 1000ms (default)
2023-06-02 05:15:34,603 [02d5e712-89f3-441d-ae82-935a5ddb56eb-groupManagement] INFO  server.RaftServerConfigKeys (ConfUtils.java:logGet(46)) - raft.server.log.purge.preservation.log.num = 0 (default)
2023-06-02 05:15:34,604 [02d5e712-89f3-441d-ae82-935a5ddb56eb-groupManagement] INFO  server.RaftServerConfigKeys (ConfUtils.java:logGet(46)) - raft.server.log.segment.size.max = 1048576 (custom)
2023-06-02 05:15:34,604 [02d5e712-89f3-441d-ae82-935a5ddb56eb-groupManagement] INFO  server.RaftServerConfigKeys (ConfUtils.java:logGet(46)) - raft.server.log.segment.cache.num.max = 2 (custom)
2023-06-02 05:15:34,604 [02d5e712-89f3-441d-ae82-935a5ddb56eb-groupManagement] INFO  server.RaftServerConfigKeys (ConfUtils.java:logGet(46)) - raft.server.log.segment.cache.size.max = 200MB (=209715200) (default)
2023-06-02 05:15:34,604 [02d5e712-89f3-441d-ae82-935a5ddb56eb-groupManagement] INFO  server.RaftServerConfigKeys (ConfUtils.java:logGet(46)) - raft.server.log.appender.buffer.byte-limit = 33554432 (custom)
2023-06-02 05:15:34,604 [02d5e712-89f3-441d-ae82-935a5ddb56eb-groupManagement] INFO  segmented.SegmentedRaftLogWorker (SegmentedRaftLogWorker.java:<init>(188)) - new 02d5e712-89f3-441d-ae82-935a5ddb56eb@group-FD8888020DAC-SegmentedRaftLogWorker for RaftStorageImpl:Storage Directory /home/runner/work/ozone/ozone/hadoop-ozone/integration-test/target/test-dir/MiniOzoneClusterImpl-4e6c5432-da36-405d-b7f1-05871ead9573/datanode-12/data/ratis/329a09f1-bb4e-4ac1-8f01-fd8888020dac
2023-06-02 05:15:34,605 [EventQueue-PipelineReportForPipelineReportHandler] INFO  pipeline.PipelineManagerImpl (PipelineManagerImpl.java:openPipeline(367)) - Pipeline Pipeline[ Id: 329a09f1-bb4e-4ac1-8f01-fd8888020dac, Nodes: 02d5e712-89f3-441d-ae82-935a5ddb56eb(fv-az628-647/10.1.74.1), ReplicationConfig: RATIS/ONE, State:ALLOCATED, leaderId:02d5e712-89f3-441d-ae82-935a5ddb56eb, CreationTimestamp2023-06-02T05:15:31.588Z[Etc/UTC]] moved to OPEN state
2023-06-02 05:15:34,605 [02d5e712-89f3-441d-ae82-935a5ddb56eb-groupManagement] INFO  server.RaftServerConfigKeys (ConfUtils.java:logGet(46)) - raft.server.log.queue.byte-limit = 4294967296 (custom)
2023-06-02 05:15:34,606 [02d5e712-89f3-441d-ae82-935a5ddb56eb-groupManagement] INFO  server.RaftServerConfigKeys (ConfUtils.java:logGet(46)) - raft.server.log.queue.element-limit = 1024 (custom)
2023-06-02 05:15:34,606 [02d5e712-89f3-441d-ae82-935a5ddb56eb-groupManagement] INFO  server.RaftServerConfigKeys (ConfUtils.java:logGet(46)) - raft.server.log.segment.size.max = 1048576 (custom)
2023-06-02 05:15:34,606 [02d5e712-89f3-441d-ae82-935a5ddb56eb-groupManagement] INFO  server.RaftServerConfigKeys (ConfUtils.java:logGet(46)) - raft.server.log.preallocated.size = 16384 (custom)
2023-06-02 05:15:34,606 [02d5e712-89f3-441d-ae82-935a5ddb56eb-groupManagement] INFO  server.RaftServerConfigKeys (ConfUtils.java:logGet(46)) - raft.server.log.force.sync.num = 128 (default)
2023-06-02 05:15:34,607 [02d5e712-89f3-441d-ae82-935a5ddb56eb-groupManagement] INFO  server.RaftServerConfigKeys (ConfUtils.java:logGet(46)) - raft.server.log.statemachine.data.sync = true (default)
2023-06-02 05:15:34,607 [02d5e712-89f3-441d-ae82-935a5ddb56eb-groupManagement] INFO  server.RaftServerConfigKeys (ConfUtils.java:logGet(46)) - raft.server.log.statemachine.data.sync.timeout = 10s (default)
2023-06-02 05:15:34,607 [02d5e712-89f3-441d-ae82-935a5ddb56eb-groupManagement] INFO  server.RaftServerConfigKeys (ConfUtils.java:logGet(46)) - raft.server.log.statemachine.data.sync.timeout.retry = -1 (default)
2023-06-02 05:15:34,608 [02d5e712-89f3-441d-ae82-935a5ddb56eb-groupManagement] INFO  server.RaftServerConfigKeys (ConfUtils.java:logGet(46)) - raft.server.log.write.buffer.size = 1048576 (custom)
2023-06-02 05:15:34,611 [02d5e712-89f3-441d-ae82-935a5ddb56eb-groupManagement] INFO  server.RaftServerConfigKeys (ConfUtils.java:logGet(46)) - raft.server.log.appender.buffer.byte-limit = 33554432 (custom)
2023-06-02 05:15:34,618 [02d5e712-89f3-441d-ae82-935a5ddb56eb-groupManagement] INFO  server.RaftServerConfigKeys (ConfUtils.java:logGet(46)) - raft.server.log.unsafe-flush.enabled = false (default)
2023-06-02 05:15:34,618 [02d5e712-89f3-441d-ae82-935a5ddb56eb-groupManagement] INFO  server.RaftServerConfigKeys (ConfUtils.java:logGet(46)) - raft.server.log.async-flush.enabled = false (default)
2023-06-02 05:15:34,618 [02d5e712-89f3-441d-ae82-935a5ddb56eb-groupManagement] INFO  server.RaftServerConfigKeys (ConfUtils.java:logGet(46)) - raft.server.log.statemachine.data.caching.enabled = true (custom)
2023-06-02 05:15:34,618 [02d5e712-89f3-441d-ae82-935a5ddb56eb-groupManagement] INFO  segmented.SegmentedRaftLogWorker (SegmentedRaftLogWorker.java:lambda$new$0(135)) - 02d5e712-89f3-441d-ae82-935a5ddb56eb@group-FD8888020DAC-SegmentedRaftLogWorker: flushIndex: setUnconditionally 0 -> -1
2023-06-02 05:15:34,619 [02d5e712-89f3-441d-ae82-935a5ddb56eb-groupManagement] INFO  segmented.SegmentedRaftLogWorker (SegmentedRaftLogWorker.java:lambda$new$0(135)) - 02d5e712-89f3-441d-ae82-935a5ddb56eb@group-FD8888020DAC-SegmentedRaftLogWorker: safeCacheEvictIndex: setUnconditionally 0 -> -1
2023-06-02 05:15:34,619 [02d5e712-89f3-441d-ae82-935a5ddb56eb-groupManagement] INFO  server.RaftServer$Division (RaftServerImpl.java:start(342)) - 02d5e712-89f3-441d-ae82-935a5ddb56eb@group-FD8888020DAC: start as a follower, conf=-1: peers:[02d5e712-89f3-441d-ae82-935a5ddb56eb|rpc:10.1.74.1:15122|admin:10.1.74.1:15121|client:10.1.74.1:15120|dataStream:10.1.74.1:15123|priority:1|startupRole:FOLLOWER]|listeners:[], old=null
2023-06-02 05:15:34,619 [02d5e712-89f3-441d-ae82-935a5ddb56eb-groupManagement] INFO  server.RaftServer$Division (RaftServerImpl.java:setRole(329)) - 02d5e712-89f3-441d-ae82-935a5ddb56eb@group-FD8888020DAC: changes role from      null to FOLLOWER at term 0 for startAsFollower
2023-06-02 05:15:34,619 [02d5e712-89f3-441d-ae82-935a5ddb56eb-groupManagement] INFO  impl.RoleInfo (RoleInfo.java:updateAndGet(139)) - 02d5e712-89f3-441d-ae82-935a5ddb56eb: start 02d5e712-89f3-441d-ae82-935a5ddb56eb@group-FD8888020DAC-FollowerState
2023-06-02 05:15:34,619 [02d5e712-89f3-441d-ae82-935a5ddb56eb-groupManagement] INFO  util.JmxRegister (JmxRegister.java:tryRegister(44)) - Successfully registered JMX Bean with object name Ratis:service=RaftServer,group=group-FD8888020DAC,id=02d5e712-89f3-441d-ae82-935a5ddb56eb
2023-06-02 05:15:34,619 [02d5e712-89f3-441d-ae82-935a5ddb56eb@group-FD8888020DAC-FollowerState] INFO  server.RaftServerConfigKeys (ConfUtils.java:logFallback(53)) - raft.server.rpc.first-election.timeout.min = 5s (fallback to raft.server.rpc.timeout.min)
2023-06-02 05:15:34,619 [02d5e712-89f3-441d-ae82-935a5ddb56eb-groupManagement] INFO  server.RaftServerConfigKeys (ConfUtils.java:logGet(46)) - raft.server.snapshot.auto.trigger.enabled = true (custom)
2023-06-02 05:15:34,620 [02d5e712-89f3-441d-ae82-935a5ddb56eb@group-FD8888020DAC-FollowerState] INFO  server.RaftServerConfigKeys (ConfUtils.java:logFallback(53)) - raft.server.rpc.first-election.timeout.max = 5200ms (fallback to raft.server.rpc.timeout.max)
2023-06-02 05:15:34,620 [02d5e712-89f3-441d-ae82-935a5ddb56eb-groupManagement] INFO  server.RaftServerConfigKeys (ConfUtils.java:logGet(46)) - raft.server.snapshot.auto.trigger.threshold = 10000 (custom)
2023-06-02 05:15:34,620 [02d5e712-89f3-441d-ae82-935a5ddb56eb-groupManagement] INFO  server.RaftServerConfigKeys (ConfUtils.java:logGet(46)) - raft.server.snapshot.retention.file.num = 5 (custom)
2023-06-02 05:15:34,620 [02d5e712-89f3-441d-ae82-935a5ddb56eb-groupManagement] INFO  server.RaftServerConfigKeys (ConfUtils.java:logGet(46)) - raft.server.log.purge.upto.snapshot.index = false (default)
2023-06-02 05:15:34,621 [PipelineCommandHandlerThread-0] INFO  ratis.XceiverServerRatis (XceiverServerRatis.java:addGroup(804)) - Created group PipelineID=329a09f1-bb4e-4ac1-8f01-fd8888020dac
2023-06-02 05:15:34,621 [PipelineCommandHandlerThread-0] INFO  commandhandler.CreatePipelineCommandHandler (CreatePipelineCommandHandler.java:lambda$handle$2(124)) - Created Pipeline RATIS ONE PipelineID=329a09f1-bb4e-4ac1-8f01-fd8888020dac.
2023-06-02 05:15:34,628 [f140acff-7aed-42b1-955f-393a22e760fa@group-48D23DEC67B1-FollowerState] INFO  impl.FollowerState (FollowerState.java:run(143)) - f140acff-7aed-42b1-955f-393a22e760fa@group-48D23DEC67B1-FollowerState: change to CANDIDATE, lastRpcElapsedTime:5165029171ns, electionTimeout:5164ms
2023-06-02 05:15:34,628 [f140acff-7aed-42b1-955f-393a22e760fa@group-48D23DEC67B1-FollowerState] INFO  impl.RoleInfo (RoleInfo.java:shutdownFollowerState(110)) - f140acff-7aed-42b1-955f-393a22e760fa: shutdown f140acff-7aed-42b1-955f-393a22e760fa@group-48D23DEC67B1-FollowerState
2023-06-02 05:15:34,628 [f140acff-7aed-42b1-955f-393a22e760fa@group-48D23DEC67B1-FollowerState] INFO  server.RaftServer$Division (RaftServerImpl.java:setRole(329)) - f140acff-7aed-42b1-955f-393a22e760fa@group-48D23DEC67B1: changes role from  FOLLOWER to CANDIDATE at term 0 for changeToCandidate
2023-06-02 05:15:34,628 [f140acff-7aed-42b1-955f-393a22e760fa@group-48D23DEC67B1-FollowerState] INFO  server.RaftServerConfigKeys (ConfUtils.java:logGet(46)) - raft.server.leaderelection.pre-vote = true (default)
2023-06-02 05:15:34,628 [f140acff-7aed-42b1-955f-393a22e760fa@group-48D23DEC67B1-FollowerState] INFO  impl.RoleInfo (RoleInfo.java:updateAndGet(139)) - f140acff-7aed-42b1-955f-393a22e760fa: start f140acff-7aed-42b1-955f-393a22e760fa@group-48D23DEC67B1-LeaderElection6
2023-06-02 05:15:34,632 [f140acff-7aed-42b1-955f-393a22e760fa@group-48D23DEC67B1-LeaderElection6] INFO  impl.LeaderElection (LeaderElection.java:askForVotes(321)) - f140acff-7aed-42b1-955f-393a22e760fa@group-48D23DEC67B1-LeaderElection6 PRE_VOTE round 0: submit vote requests at term 0 for -1: peers:[f140acff-7aed-42b1-955f-393a22e760fa|rpc:10.1.74.1:15032|admin:10.1.74.1:15031|client:10.1.74.1:15030|dataStream:10.1.74.1:15033|priority:1|startupRole:FOLLOWER]|listeners:[], old=null
2023-06-02 05:15:34,632 [f140acff-7aed-42b1-955f-393a22e760fa@group-48D23DEC67B1-LeaderElection6] INFO  impl.LeaderElection (LeaderElection.java:askForVotes(323)) - f140acff-7aed-42b1-955f-393a22e760fa@group-48D23DEC67B1-LeaderElection6 PRE_VOTE round 0: result PASSED (term=0)
2023-06-02 05:15:34,634 [f140acff-7aed-42b1-955f-393a22e760fa@group-48D23DEC67B1-LeaderElection6] INFO  impl.LeaderElection (LeaderElection.java:askForVotes(321)) - f140acff-7aed-42b1-955f-393a22e760fa@group-48D23DEC67B1-LeaderElection6 ELECTION round 0: submit vote requests at term 1 for -1: peers:[f140acff-7aed-42b1-955f-393a22e760fa|rpc:10.1.74.1:15032|admin:10.1.74.1:15031|client:10.1.74.1:15030|dataStream:10.1.74.1:15033|priority:1|startupRole:FOLLOWER]|listeners:[], old=null
2023-06-02 05:15:34,634 [f140acff-7aed-42b1-955f-393a22e760fa@group-48D23DEC67B1-LeaderElection6] INFO  impl.LeaderElection (LeaderElection.java:askForVotes(323)) - f140acff-7aed-42b1-955f-393a22e760fa@group-48D23DEC67B1-LeaderElection6 ELECTION round 0: result PASSED (term=1)
2023-06-02 05:15:34,634 [f140acff-7aed-42b1-955f-393a22e760fa@group-48D23DEC67B1-LeaderElection6] INFO  impl.RoleInfo (RoleInfo.java:shutdownLeaderElection(130)) - f140acff-7aed-42b1-955f-393a22e760fa: shutdown f140acff-7aed-42b1-955f-393a22e760fa@group-48D23DEC67B1-LeaderElection6
2023-06-02 05:15:34,634 [f140acff-7aed-42b1-955f-393a22e760fa@group-48D23DEC67B1-LeaderElection6] INFO  server.RaftServer$Division (RaftServerImpl.java:setRole(329)) - f140acff-7aed-42b1-955f-393a22e760fa@group-48D23DEC67B1: changes role from CANDIDATE to LEADER at term 1 for changeToLeader
2023-06-02 05:15:34,634 [f140acff-7aed-42b1-955f-393a22e760fa@group-48D23DEC67B1-LeaderElection6] INFO  ratis.XceiverServerRatis (XceiverServerRatis.java:handleLeaderChangedNotification(902)) - Leader change notification received for group: group-48D23DEC67B1 with new leaderId: f140acff-7aed-42b1-955f-393a22e760fa
2023-06-02 05:15:34,635 [f140acff-7aed-42b1-955f-393a22e760fa@group-48D23DEC67B1-LeaderElection6] INFO  server.RaftServer$Division (ServerState.java:setLeader(317)) - f140acff-7aed-42b1-955f-393a22e760fa@group-48D23DEC67B1: change Leader from null to f140acff-7aed-42b1-955f-393a22e760fa at term 1 for becomeLeader, leader elected after 5229ms
2023-06-02 05:15:34,635 [f140acff-7aed-42b1-955f-393a22e760fa@group-48D23DEC67B1-LeaderElection6] INFO  server.RaftServerConfigKeys (ConfUtils.java:logGet(46)) - raft.server.staging.catchup.gap = 1000 (default)
2023-06-02 05:15:34,635 [f140acff-7aed-42b1-955f-393a22e760fa@group-48D23DEC67B1-LeaderElection6] INFO  server.RaftServerConfigKeys (ConfUtils.java:logGet(46)) - raft.server.write.element-limit = 1024 (custom)
2023-06-02 05:15:34,635 [f140acff-7aed-42b1-955f-393a22e760fa@group-48D23DEC67B1-LeaderElection6] INFO  server.RaftServerConfigKeys (ConfUtils.java:logGet(46)) - raft.server.write.byte-limit = 1024 M (=1073741824) (custom)
2023-06-02 05:15:34,636 [f140acff-7aed-42b1-955f-393a22e760fa@group-48D23DEC67B1-LeaderElection6] INFO  server.RaftServerConfigKeys (ConfUtils.java:logGet(46)) - raft.server.watch.timeout = 180s (custom)
2023-06-02 05:15:34,636 [f140acff-7aed-42b1-955f-393a22e760fa@group-48D23DEC67B1-LeaderElection6] INFO  server.RaftServerConfigKeys (ConfUtils.java:logGet(46)) - raft.server.watch.timeout.denomination = 1s (default)
2023-06-02 05:15:34,636 [f140acff-7aed-42b1-955f-393a22e760fa@group-48D23DEC67B1-LeaderElection6] INFO  server.RaftServerConfigKeys (ConfUtils.java:logGet(46)) - raft.server.watch.element-limit = 65536 (default)
2023-06-02 05:15:34,636 [f140acff-7aed-42b1-955f-393a22e760fa@group-48D23DEC67B1-LeaderElection6] INFO  server.RaftServerConfigKeys (ConfUtils.java:logGet(46)) - raft.server.write.element-limit = 1024 (custom)
2023-06-02 05:15:34,636 [f140acff-7aed-42b1-955f-393a22e760fa@group-48D23DEC67B1-LeaderElection6] INFO  server.RaftServerConfigKeys (ConfUtils.java:logGet(46)) - raft.server.write.follower.gap.ratio.max = -1.0 (default)
2023-06-02 05:15:34,636 [f140acff-7aed-42b1-955f-393a22e760fa@group-48D23DEC67B1-LeaderElection6] INFO  impl.RoleInfo (RoleInfo.java:updateAndGet(139)) - f140acff-7aed-42b1-955f-393a22e760fa: start f140acff-7aed-42b1-955f-393a22e760fa@group-48D23DEC67B1-LeaderStateImpl
2023-06-02 05:15:34,636 [f140acff-7aed-42b1-955f-393a22e760fa@group-48D23DEC67B1-LeaderElection6] INFO  segmented.SegmentedRaftLogWorker (SegmentedRaftLogWorker.java:startLogSegment(447)) - f140acff-7aed-42b1-955f-393a22e760fa@group-48D23DEC67B1-SegmentedRaftLogWorker: Starting segment from index:0
2023-06-02 05:15:34,642 [f140acff-7aed-42b1-955f-393a22e760fa@group-48D23DEC67B1-LeaderElection6] INFO  server.RaftServer$Division (ServerState.java:setRaftConf(434)) - f140acff-7aed-42b1-955f-393a22e760fa@group-48D23DEC67B1: set configuration 0: peers:[f140acff-7aed-42b1-955f-393a22e760fa|rpc:10.1.74.1:15032|admin:10.1.74.1:15031|client:10.1.74.1:15030|dataStream:10.1.74.1:15033|priority:1|startupRole:FOLLOWER]|listeners:[], old=null
2023-06-02 05:15:34,644 [f140acff-7aed-42b1-955f-393a22e760fa@group-48D23DEC67B1-SegmentedRaftLogWorker] INFO  segmented.SegmentedRaftLogWorker (SegmentedRaftLogWorker.java:execute(651)) - f140acff-7aed-42b1-955f-393a22e760fa@group-48D23DEC67B1-SegmentedRaftLogWorker: created new log segment /home/runner/work/ozone/ozone/hadoop-ozone/integration-test/target/test-dir/MiniOzoneClusterImpl-4e6c5432-da36-405d-b7f1-05871ead9573/datanode-2/data/ratis/35bb2462-c4b7-477a-94e3-48d23dec67b1/current/log_inprogress_0
2023-06-02 05:15:34,689 [main] INFO  ozone.MiniOzoneClusterImpl (MiniOzoneClusterImpl.java:lambda$waitForClusterToBeReady$0(222)) - Nodes are ready. Got 14 of 14 DN Heartbeats.
2023-06-02 05:15:34,689 [main] INFO  ozone.MiniOzoneClusterImpl (MiniOzoneClusterImpl.java:lambda$waitForClusterToBeReady$0(225)) - Cluster exits safe mode
2023-06-02 05:15:34,689 [main] INFO  ozone.MiniOzoneClusterImpl (MiniOzoneClusterImpl.java:lambda$waitForClusterToBeReady$0(227)) - SCM became leader
2023-06-02 05:15:34,706 [PipelineCommandHandlerThread-0] INFO  server.RaftServer (RaftServerProxy.java:addNew(98)) - 974c4613-d60a-49f9-a8d7-7eb2aff460ff: addNew group-0D1AE4ABFC49:[974c4613-d60a-49f9-a8d7-7eb2aff460ff|rpc:10.1.74.1:15131|admin:10.1.74.1:15130|client:10.1.74.1:15129|dataStream:10.1.74.1:15132|priority:1|startupRole:FOLLOWER] returns group-0D1AE4ABFC49:java.util.concurrent.CompletableFuture@7ff51efd[Not completed]
2023-06-02 05:15:34,707 [974c4613-d60a-49f9-a8d7-7eb2aff460ff-groupManagement] INFO  server.RaftServer$Division (RaftServerImpl.java:<init>(198)) - 974c4613-d60a-49f9-a8d7-7eb2aff460ff: new RaftServerImpl for group-0D1AE4ABFC49:[974c4613-d60a-49f9-a8d7-7eb2aff460ff|rpc:10.1.74.1:15131|admin:10.1.74.1:15130|client:10.1.74.1:15129|dataStream:10.1.74.1:15132|priority:1|startupRole:FOLLOWER] with ContainerStateMachine:uninitialized
2023-06-02 05:15:34,707 [974c4613-d60a-49f9-a8d7-7eb2aff460ff-groupManagement] INFO  server.RaftServerConfigKeys (ConfUtils.java:logGet(46)) - raft.server.rpc.timeout.min = 5s (custom)
2023-06-02 05:15:34,707 [974c4613-d60a-49f9-a8d7-7eb2aff460ff-groupManagement] INFO  server.RaftServerConfigKeys (ConfUtils.java:logGet(46)) - raft.server.rpc.timeout.max = 5200ms (custom)
2023-06-02 05:15:34,707 [974c4613-d60a-49f9-a8d7-7eb2aff460ff-groupManagement] INFO  server.RaftServerConfigKeys (ConfUtils.java:logGet(46)) - raft.server.rpc.sleep.time = 25ms (default)
2023-06-02 05:15:34,707 [974c4613-d60a-49f9-a8d7-7eb2aff460ff-groupManagement] INFO  server.RaftServerConfigKeys (ConfUtils.java:logGet(46)) - raft.server.rpc.slowness.timeout = 300s (custom)
2023-06-02 05:15:34,708 [974c4613-d60a-49f9-a8d7-7eb2aff460ff-groupManagement] INFO  server.RaftServerConfigKeys (ConfUtils.java:logGet(46)) - raft.server.leaderelection.leader.step-down.wait-time = 10s (default)
2023-06-02 05:15:34,708 [974c4613-d60a-49f9-a8d7-7eb2aff460ff-groupManagement] INFO  server.RaftServerConfigKeys (ConfUtils.java:logGet(46)) - raft.server.sleep.deviation.threshold = 300ms (default)
2023-06-02 05:15:34,708 [974c4613-d60a-49f9-a8d7-7eb2aff460ff-groupManagement] INFO  server.RaftServer$Division (ServerState.java:<init>(120)) - 974c4613-d60a-49f9-a8d7-7eb2aff460ff@group-0D1AE4ABFC49: ConfigurationManager, init=-1: peers:[974c4613-d60a-49f9-a8d7-7eb2aff460ff|rpc:10.1.74.1:15131|admin:10.1.74.1:15130|client:10.1.74.1:15129|dataStream:10.1.74.1:15132|priority:1|startupRole:FOLLOWER]|listeners:[], old=null, confs=<EMPTY_MAP>
2023-06-02 05:15:34,708 [974c4613-d60a-49f9-a8d7-7eb2aff460ff-groupManagement] INFO  server.RaftServerConfigKeys (ConfUtils.java:logGet(46)) - raft.server.storage.dir = [/home/runner/work/ozone/ozone/hadoop-ozone/integration-test/target/test-dir/MiniOzoneClusterImpl-4e6c5432-da36-405d-b7f1-05871ead9573/datanode-13/data/ratis] (custom)
2023-06-02 05:15:34,708 [974c4613-d60a-49f9-a8d7-7eb2aff460ff-groupManagement] INFO  server.RaftServerConfigKeys (ConfUtils.java:logGet(46)) - raft.server.log.corruption.policy = EXCEPTION (default)
2023-06-02 05:15:34,708 [974c4613-d60a-49f9-a8d7-7eb2aff460ff-groupManagement] INFO  server.RaftServerConfigKeys (ConfUtils.java:logGet(46)) - raft.server.storage.free-space.min = 0MB (=0) (default)
2023-06-02 05:15:34,708 [974c4613-d60a-49f9-a8d7-7eb2aff460ff-groupManagement] INFO  server.RaftServerConfigKeys (ConfUtils.java:logGet(46)) - raft.server.notification.no-leader.timeout = 300s (custom)
2023-06-02 05:15:34,708 [974c4613-d60a-49f9-a8d7-7eb2aff460ff-groupManagement] INFO  server.RaftServerConfigKeys (ConfUtils.java:logGet(46)) - raft.server.read.timeout = 10s (default)
2023-06-02 05:15:34,708 [974c4613-d60a-49f9-a8d7-7eb2aff460ff-groupManagement] INFO  server.RaftServerConfigKeys (ConfUtils.java:logGet(46)) - raft.server.retrycache.expirytime = 600000ms (custom)
2023-06-02 05:15:34,709 [974c4613-d60a-49f9-a8d7-7eb2aff460ff-groupManagement] INFO  server.RaftServerConfigKeys (ConfUtils.java:logGet(46)) - raft.server.retrycache.statistics.expirytime = 100μs (default)
2023-06-02 05:15:34,709 [974c4613-d60a-49f9-a8d7-7eb2aff460ff-groupManagement] INFO  server.RaftServerConfigKeys (ConfUtils.java:logGet(46)) - raft.server.read.option = DEFAULT (default)
2023-06-02 05:15:34,710 [974c4613-d60a-49f9-a8d7-7eb2aff460ff-groupManagement] INFO  server.RaftServerConfigKeys (ConfUtils.java:logGet(46)) - raft.server.rpc.request.timeout = 60s (custom)
2023-06-02 05:15:34,710 [974c4613-d60a-49f9-a8d7-7eb2aff460ff-groupManagement] INFO  server.RaftServerConfigKeys (ConfUtils.java:logGet(46)) - raft.server.log.appender.install.snapshot.enabled = false (custom)
2023-06-02 05:15:34,712 [974c4613-d60a-49f9-a8d7-7eb2aff460ff-groupManagement] INFO  server.RaftServerConfigKeys (ConfUtils.java:logGet(46)) - raft.server.threadpool.server.cached = true (default)
2023-06-02 05:15:34,713 [974c4613-d60a-49f9-a8d7-7eb2aff460ff-groupManagement] INFO  server.RaftServerConfigKeys (ConfUtils.java:logGet(46)) - raft.server.threadpool.server.size = 0 (default)
2023-06-02 05:15:34,713 [974c4613-d60a-49f9-a8d7-7eb2aff460ff-groupManagement] INFO  server.RaftServerConfigKeys (ConfUtils.java:logGet(46)) - raft.server.threadpool.client.cached = true (default)
2023-06-02 05:15:34,713 [974c4613-d60a-49f9-a8d7-7eb2aff460ff-groupManagement] INFO  server.RaftServerConfigKeys (ConfUtils.java:logGet(46)) - raft.server.threadpool.client.size = 0 (default)
2023-06-02 05:15:34,713 [974c4613-d60a-49f9-a8d7-7eb2aff460ff-groupManagement] INFO  storage.RaftStorageDirectory (RaftStorageDirectoryImpl.java:analyzeStorage(137)) - The storage directory /home/runner/work/ozone/ozone/hadoop-ozone/integration-test/target/test-dir/MiniOzoneClusterImpl-4e6c5432-da36-405d-b7f1-05871ead9573/datanode-13/data/ratis/8a4103f5-a0b2-4df0-87cf-0d1ae4abfc49 does not exist. Creating ...
2023-06-02 05:15:34,714 [974c4613-d60a-49f9-a8d7-7eb2aff460ff-groupManagement] INFO  storage.RaftStorageDirectory (RaftStorageDirectoryImpl.java:tryLock(231)) - Lock on /home/runner/work/ozone/ozone/hadoop-ozone/integration-test/target/test-dir/MiniOzoneClusterImpl-4e6c5432-da36-405d-b7f1-05871ead9573/datanode-13/data/ratis/8a4103f5-a0b2-4df0-87cf-0d1ae4abfc49/in_use.lock acquired by nodename 65026@fv-az628-647
2023-06-02 05:15:34,716 [974c4613-d60a-49f9-a8d7-7eb2aff460ff-groupManagement] INFO  storage.RaftStorage (RaftStorageImpl.java:format(96)) - Storage directory /home/runner/work/ozone/ozone/hadoop-ozone/integration-test/target/test-dir/MiniOzoneClusterImpl-4e6c5432-da36-405d-b7f1-05871ead9573/datanode-13/data/ratis/8a4103f5-a0b2-4df0-87cf-0d1ae4abfc49 has been successfully formatted.
2023-06-02 05:15:34,718 [974c4613-d60a-49f9-a8d7-7eb2aff460ff-groupManagement] INFO  ratis.ContainerStateMachine (ContainerStateMachine.java:loadSnapshot(262)) - group-0D1AE4ABFC49: The snapshot info is null. Setting the last applied indexto:(t:0, i:~)
2023-06-02 05:15:34,718 [974c4613-d60a-49f9-a8d7-7eb2aff460ff-groupManagement] INFO  server.RaftServerConfigKeys (ConfUtils.java:logGet(46)) - raft.server.log.use.memory = false (default)
2023-06-02 05:15:34,719 [974c4613-d60a-49f9-a8d7-7eb2aff460ff-groupManagement] INFO  server.RaftServerConfigKeys (ConfUtils.java:logGet(46)) - raft.server.log.purge.gap = 1000000 (custom)
2023-06-02 05:15:34,719 [974c4613-d60a-49f9-a8d7-7eb2aff460ff-groupManagement] INFO  server.RaftServerConfigKeys (ConfUtils.java:logGet(46)) - raft.server.log.appender.buffer.byte-limit = 33554432 (custom)
2023-06-02 05:15:34,719 [974c4613-d60a-49f9-a8d7-7eb2aff460ff-groupManagement] INFO  server.RaftServerConfigKeys (ConfUtils.java:logGet(46)) - raft.server.log.statemachine.data.read.timeout = 1000ms (default)
2023-06-02 05:15:34,719 [974c4613-d60a-49f9-a8d7-7eb2aff460ff-groupManagement] INFO  server.RaftServerConfigKeys (ConfUtils.java:logGet(46)) - raft.server.log.purge.preservation.log.num = 0 (default)
2023-06-02 05:15:34,720 [EventQueue-PipelineReportForPipelineReportHandler] INFO  pipeline.PipelineManagerImpl (PipelineManagerImpl.java:openPipeline(367)) - Pipeline Pipeline[ Id: 8a4103f5-a0b2-4df0-87cf-0d1ae4abfc49, Nodes: 974c4613-d60a-49f9-a8d7-7eb2aff460ff(fv-az628-647/10.1.74.1), ReplicationConfig: RATIS/ONE, State:ALLOCATED, leaderId:974c4613-d60a-49f9-a8d7-7eb2aff460ff, CreationTimestamp2023-06-02T05:15:31.701Z[Etc/UTC]] moved to OPEN state
2023-06-02 05:15:34,721 [974c4613-d60a-49f9-a8d7-7eb2aff460ff-groupManagement] INFO  server.RaftServerConfigKeys (ConfUtils.java:logGet(46)) - raft.server.log.segment.size.max = 1048576 (custom)
2023-06-02 05:15:34,721 [974c4613-d60a-49f9-a8d7-7eb2aff460ff-groupManagement] INFO  server.RaftServerConfigKeys (ConfUtils.java:logGet(46)) - raft.server.log.segment.cache.num.max = 2 (custom)
2023-06-02 05:15:34,721 [974c4613-d60a-49f9-a8d7-7eb2aff460ff-groupManagement] INFO  server.RaftServerConfigKeys (ConfUtils.java:logGet(46)) - raft.server.log.segment.cache.size.max = 200MB (=209715200) (default)
2023-06-02 05:15:34,721 [974c4613-d60a-49f9-a8d7-7eb2aff460ff-groupManagement] INFO  server.RaftServerConfigKeys (ConfUtils.java:logGet(46)) - raft.server.log.appender.buffer.byte-limit = 33554432 (custom)
2023-06-02 05:15:34,722 [974c4613-d60a-49f9-a8d7-7eb2aff460ff-groupManagement] INFO  segmented.SegmentedRaftLogWorker (SegmentedRaftLogWorker.java:<init>(188)) - new 974c4613-d60a-49f9-a8d7-7eb2aff460ff@group-0D1AE4ABFC49-SegmentedRaftLogWorker for RaftStorageImpl:Storage Directory /home/runner/work/ozone/ozone/hadoop-ozone/integration-test/target/test-dir/MiniOzoneClusterImpl-4e6c5432-da36-405d-b7f1-05871ead9573/datanode-13/data/ratis/8a4103f5-a0b2-4df0-87cf-0d1ae4abfc49
2023-06-02 05:15:34,722 [974c4613-d60a-49f9-a8d7-7eb2aff460ff-groupManagement] INFO  server.RaftServerConfigKeys (ConfUtils.java:logGet(46)) - raft.server.log.queue.byte-limit = 4294967296 (custom)
2023-06-02 05:15:34,722 [974c4613-d60a-49f9-a8d7-7eb2aff460ff-groupManagement] INFO  server.RaftServerConfigKeys (ConfUtils.java:logGet(46)) - raft.server.log.queue.element-limit = 1024 (custom)
2023-06-02 05:15:34,722 [974c4613-d60a-49f9-a8d7-7eb2aff460ff-groupManagement] INFO  server.RaftServerConfigKeys (ConfUtils.java:logGet(46)) - raft.server.log.segment.size.max = 1048576 (custom)
2023-06-02 05:15:34,722 [974c4613-d60a-49f9-a8d7-7eb2aff460ff-groupManagement] INFO  server.RaftServerConfigKeys (ConfUtils.java:logGet(46)) - raft.server.log.preallocated.size = 16384 (custom)
2023-06-02 05:15:34,722 [974c4613-d60a-49f9-a8d7-7eb2aff460ff-groupManagement] INFO  server.RaftServerConfigKeys (ConfUtils.java:logGet(46)) - raft.server.log.force.sync.num = 128 (default)
2023-06-02 05:15:34,722 [974c4613-d60a-49f9-a8d7-7eb2aff460ff-groupManagement] INFO  server.RaftServerConfigKeys (ConfUtils.java:logGet(46)) - raft.server.log.statemachine.data.sync = true (default)
2023-06-02 05:15:34,722 [974c4613-d60a-49f9-a8d7-7eb2aff460ff-groupManagement] INFO  server.RaftServerConfigKeys (ConfUtils.java:logGet(46)) - raft.server.log.statemachine.data.sync.timeout = 10s (default)
2023-06-02 05:15:34,722 [974c4613-d60a-49f9-a8d7-7eb2aff460ff-groupManagement] INFO  server.RaftServerConfigKeys (ConfUtils.java:logGet(46)) - raft.server.log.statemachine.data.sync.timeout.retry = -1 (default)
2023-06-02 05:15:34,723 [974c4613-d60a-49f9-a8d7-7eb2aff460ff-groupManagement] INFO  server.RaftServerConfigKeys (ConfUtils.java:logGet(46)) - raft.server.log.write.buffer.size = 1048576 (custom)
2023-06-02 05:15:34,724 [974c4613-d60a-49f9-a8d7-7eb2aff460ff-groupManagement] INFO  server.RaftServerConfigKeys (ConfUtils.java:logGet(46)) - raft.server.log.appender.buffer.byte-limit = 33554432 (custom)
2023-06-02 05:15:34,877 [21bba47c-9d70-4b1d-8693-1fcc7960d534@group-A3FCDCC912B4-FollowerState] INFO  impl.FollowerState (FollowerState.java:run(143)) - 21bba47c-9d70-4b1d-8693-1fcc7960d534@group-A3FCDCC912B4-FollowerState: change to CANDIDATE, lastRpcElapsedTime:5154922655ns, electionTimeout:5033ms
2023-06-02 05:15:34,878 [21bba47c-9d70-4b1d-8693-1fcc7960d534@group-A3FCDCC912B4-FollowerState] INFO  impl.RoleInfo (RoleInfo.java:shutdownFollowerState(110)) - 21bba47c-9d70-4b1d-8693-1fcc7960d534: shutdown 21bba47c-9d70-4b1d-8693-1fcc7960d534@group-A3FCDCC912B4-FollowerState
2023-06-02 05:15:34,878 [21bba47c-9d70-4b1d-8693-1fcc7960d534@group-A3FCDCC912B4-FollowerState] INFO  server.RaftServer$Division (RaftServerImpl.java:setRole(329)) - 21bba47c-9d70-4b1d-8693-1fcc7960d534@group-A3FCDCC912B4: changes role from  FOLLOWER to CANDIDATE at term 0 for changeToCandidate
2023-06-02 05:15:34,878 [21bba47c-9d70-4b1d-8693-1fcc7960d534@group-A3FCDCC912B4-FollowerState] INFO  server.RaftServerConfigKeys (ConfUtils.java:logGet(46)) - raft.server.leaderelection.pre-vote = true (default)
2023-06-02 05:15:34,878 [21bba47c-9d70-4b1d-8693-1fcc7960d534@group-A3FCDCC912B4-FollowerState] INFO  impl.RoleInfo (RoleInfo.java:updateAndGet(139)) - 21bba47c-9d70-4b1d-8693-1fcc7960d534: start 21bba47c-9d70-4b1d-8693-1fcc7960d534@group-A3FCDCC912B4-LeaderElection7
2023-06-02 05:15:34,878 [f140acff-7aed-42b1-955f-393a22e760fa@group-A3FCDCC912B4-FollowerState] INFO  impl.FollowerState (FollowerState.java:run(143)) - f140acff-7aed-42b1-955f-393a22e760fa@group-A3FCDCC912B4-FollowerState: change to CANDIDATE, lastRpcElapsedTime:5337991019ns, electionTimeout:5186ms
2023-06-02 05:15:34,885 [f102c20d-579f-44a7-9197-f839bb943261@group-A3FCDCC912B4-FollowerState] INFO  impl.FollowerState (FollowerState.java:run(143)) - f102c20d-579f-44a7-9197-f839bb943261@group-A3FCDCC912B4-FollowerState: change to CANDIDATE, lastRpcElapsedTime:5252455241ns, electionTimeout:5200ms
2023-06-02 05:15:34,885 [974c4613-d60a-49f9-a8d7-7eb2aff460ff-groupManagement] INFO  server.RaftServerConfigKeys (ConfUtils.java:logGet(46)) - raft.server.log.unsafe-flush.enabled = false (default)
2023-06-02 05:15:34,885 [974c4613-d60a-49f9-a8d7-7eb2aff460ff-groupManagement] INFO  server.RaftServerConfigKeys (ConfUtils.java:logGet(46)) - raft.server.log.async-flush.enabled = false (default)
2023-06-02 05:15:34,885 [974c4613-d60a-49f9-a8d7-7eb2aff460ff-groupManagement] INFO  server.RaftServerConfigKeys (ConfUtils.java:logGet(46)) - raft.server.log.statemachine.data.caching.enabled = true (custom)
2023-06-02 05:15:34,885 [f140acff-7aed-42b1-955f-393a22e760fa@group-A3FCDCC912B4-FollowerState] INFO  impl.RoleInfo (RoleInfo.java:shutdownFollowerState(110)) - f140acff-7aed-42b1-955f-393a22e760fa: shutdown f140acff-7aed-42b1-955f-393a22e760fa@group-A3FCDCC912B4-FollowerState
2023-06-02 05:15:34,885 [f140acff-7aed-42b1-955f-393a22e760fa@group-A3FCDCC912B4-FollowerState] INFO  server.RaftServer$Division (RaftServerImpl.java:setRole(329)) - f140acff-7aed-42b1-955f-393a22e760fa@group-A3FCDCC912B4: changes role from  FOLLOWER to CANDIDATE at term 0 for changeToCandidate
2023-06-02 05:15:34,885 [f140acff-7aed-42b1-955f-393a22e760fa@group-A3FCDCC912B4-FollowerState] INFO  server.RaftServerConfigKeys (ConfUtils.java:logGet(46)) - raft.server.leaderelection.pre-vote = true (default)
2023-06-02 05:15:34,886 [974c4613-d60a-49f9-a8d7-7eb2aff460ff-groupManagement] INFO  segmented.SegmentedRaftLogWorker (SegmentedRaftLogWorker.java:lambda$new$0(135)) - 974c4613-d60a-49f9-a8d7-7eb2aff460ff@group-0D1AE4ABFC49-SegmentedRaftLogWorker: flushIndex: setUnconditionally 0 -> -1
2023-06-02 05:15:34,886 [974c4613-d60a-49f9-a8d7-7eb2aff460ff-groupManagement] INFO  segmented.SegmentedRaftLogWorker (SegmentedRaftLogWorker.java:lambda$new$0(135)) - 974c4613-d60a-49f9-a8d7-7eb2aff460ff@group-0D1AE4ABFC49-SegmentedRaftLogWorker: safeCacheEvictIndex: setUnconditionally 0 -> -1
2023-06-02 05:15:34,886 [f140acff-7aed-42b1-955f-393a22e760fa@group-A3FCDCC912B4-FollowerState] INFO  impl.RoleInfo (RoleInfo.java:updateAndGet(139)) - f140acff-7aed-42b1-955f-393a22e760fa: start f140acff-7aed-42b1-955f-393a22e760fa@group-A3FCDCC912B4-LeaderElection8
2023-06-02 05:15:34,887 [f102c20d-579f-44a7-9197-f839bb943261@group-A3FCDCC912B4-FollowerState] INFO  impl.RoleInfo (RoleInfo.java:shutdownFollowerState(110)) - f102c20d-579f-44a7-9197-f839bb943261: shutdown f102c20d-579f-44a7-9197-f839bb943261@group-A3FCDCC912B4-FollowerState
2023-06-02 05:15:34,887 [f102c20d-579f-44a7-9197-f839bb943261@group-A3FCDCC912B4-FollowerState] INFO  server.RaftServer$Division (RaftServerImpl.java:setRole(329)) - f102c20d-579f-44a7-9197-f839bb943261@group-A3FCDCC912B4: changes role from  FOLLOWER to CANDIDATE at term 0 for changeToCandidate
2023-06-02 05:15:34,890 [21bba47c-9d70-4b1d-8693-1fcc7960d534@group-A3FCDCC912B4-LeaderElection7] INFO  impl.LeaderElection (LeaderElection.java:askForVotes(321)) - 21bba47c-9d70-4b1d-8693-1fcc7960d534@group-A3FCDCC912B4-LeaderElection7 PRE_VOTE round 0: submit vote requests at term 0 for -1: peers:[f140acff-7aed-42b1-955f-393a22e760fa|rpc:10.1.74.1:15032|admin:10.1.74.1:15031|client:10.1.74.1:15030|dataStream:10.1.74.1:15033|priority:1|startupRole:FOLLOWER, 21bba47c-9d70-4b1d-8693-1fcc7960d534|rpc:10.1.74.1:15023|admin:10.1.74.1:15022|client:10.1.74.1:15021|dataStream:10.1.74.1:15024|priority:0|startupRole:FOLLOWER, f102c20d-579f-44a7-9197-f839bb943261|rpc:10.1.74.1:15014|admin:10.1.74.1:15013|client:10.1.74.1:15012|dataStream:10.1.74.1:15015|priority:0|startupRole:FOLLOWER]|listeners:[], old=null
2023-06-02 05:15:34,897 [974c4613-d60a-49f9-a8d7-7eb2aff460ff-groupManagement] INFO  server.RaftServer$Division (RaftServerImpl.java:start(342)) - 974c4613-d60a-49f9-a8d7-7eb2aff460ff@group-0D1AE4ABFC49: start as a follower, conf=-1: peers:[974c4613-d60a-49f9-a8d7-7eb2aff460ff|rpc:10.1.74.1:15131|admin:10.1.74.1:15130|client:10.1.74.1:15129|dataStream:10.1.74.1:15132|priority:1|startupRole:FOLLOWER]|listeners:[], old=null
2023-06-02 05:15:34,897 [974c4613-d60a-49f9-a8d7-7eb2aff460ff-groupManagement] INFO  server.RaftServer$Division (RaftServerImpl.java:setRole(329)) - 974c4613-d60a-49f9-a8d7-7eb2aff460ff@group-0D1AE4ABFC49: changes role from      null to FOLLOWER at term 0 for startAsFollower
2023-06-02 05:15:34,898 [f102c20d-579f-44a7-9197-f839bb943261@group-A3FCDCC912B4-FollowerState] INFO  server.RaftServerConfigKeys (ConfUtils.java:logGet(46)) - raft.server.leaderelection.pre-vote = true (default)
2023-06-02 05:15:34,898 [974c4613-d60a-49f9-a8d7-7eb2aff460ff-groupManagement] INFO  impl.RoleInfo (RoleInfo.java:updateAndGet(139)) - 974c4613-d60a-49f9-a8d7-7eb2aff460ff: start 974c4613-d60a-49f9-a8d7-7eb2aff460ff@group-0D1AE4ABFC49-FollowerState
2023-06-02 05:15:34,898 [f102c20d-579f-44a7-9197-f839bb943261@group-A3FCDCC912B4-FollowerState] INFO  impl.RoleInfo (RoleInfo.java:updateAndGet(139)) - f102c20d-579f-44a7-9197-f839bb943261: start f102c20d-579f-44a7-9197-f839bb943261@group-A3FCDCC912B4-LeaderElection9
2023-06-02 05:15:34,898 [21bba47c-9d70-4b1d-8693-1fcc7960d534@group-A3FCDCC912B4-LeaderElection7] INFO  server.RaftServerConfigKeys (ConfUtils.java:logFallback(53)) - raft.server.rpc.first-election.timeout.min = 5s (fallback to raft.server.rpc.timeout.min)
2023-06-02 05:15:34,898 [21bba47c-9d70-4b1d-8693-1fcc7960d534@group-A3FCDCC912B4-LeaderElection7] INFO  server.RaftServerConfigKeys (ConfUtils.java:logFallback(53)) - raft.server.rpc.first-election.timeout.max = 5200ms (fallback to raft.server.rpc.timeout.max)
2023-06-02 05:15:34,899 [974c4613-d60a-49f9-a8d7-7eb2aff460ff-groupManagement] INFO  util.JmxRegister (JmxRegister.java:tryRegister(44)) - Successfully registered JMX Bean with object name Ratis:service=RaftServer,group=group-0D1AE4ABFC49,id=974c4613-d60a-49f9-a8d7-7eb2aff460ff
2023-06-02 05:15:34,899 [974c4613-d60a-49f9-a8d7-7eb2aff460ff-groupManagement] INFO  server.RaftServerConfigKeys (ConfUtils.java:logGet(46)) - raft.server.snapshot.auto.trigger.enabled = true (custom)
2023-06-02 05:15:34,899 [974c4613-d60a-49f9-a8d7-7eb2aff460ff-groupManagement] INFO  server.RaftServerConfigKeys (ConfUtils.java:logGet(46)) - raft.server.snapshot.auto.trigger.threshold = 10000 (custom)
2023-06-02 05:15:34,899 [974c4613-d60a-49f9-a8d7-7eb2aff460ff-groupManagement] INFO  server.RaftServerConfigKeys (ConfUtils.java:logGet(46)) - raft.server.snapshot.retention.file.num = 5 (custom)
2023-06-02 05:15:34,899 [974c4613-d60a-49f9-a8d7-7eb2aff460ff-groupManagement] INFO  server.RaftServerConfigKeys (ConfUtils.java:logGet(46)) - raft.server.log.purge.upto.snapshot.index = false (default)
2023-06-02 05:15:34,900 [974c4613-d60a-49f9-a8d7-7eb2aff460ff@group-0D1AE4ABFC49-FollowerState] INFO  server.RaftServerConfigKeys (ConfUtils.java:logFallback(53)) - raft.server.rpc.first-election.timeout.min = 5s (fallback to raft.server.rpc.timeout.min)
2023-06-02 05:15:34,900 [974c4613-d60a-49f9-a8d7-7eb2aff460ff@group-0D1AE4ABFC49-FollowerState] INFO  server.RaftServerConfigKeys (ConfUtils.java:logFallback(53)) - raft.server.rpc.first-election.timeout.max = 5200ms (fallback to raft.server.rpc.timeout.max)
2023-06-02 05:15:34,906 [PipelineCommandHandlerThread-0] INFO  ratis.XceiverServerRatis (XceiverServerRatis.java:addGroup(804)) - Created group PipelineID=8a4103f5-a0b2-4df0-87cf-0d1ae4abfc49
2023-06-02 05:15:34,906 [PipelineCommandHandlerThread-0] INFO  commandhandler.CreatePipelineCommandHandler (CreatePipelineCommandHandler.java:lambda$handle$2(124)) - Created Pipeline RATIS ONE PipelineID=8a4103f5-a0b2-4df0-87cf-0d1ae4abfc49.
2023-06-02 05:15:34,909 [grpc-default-executor-2] INFO  server.RaftServer$Division (RaftServerImpl.java:requestVote(1302)) - f140acff-7aed-42b1-955f-393a22e760fa@group-A3FCDCC912B4: receive requestVote(PRE_VOTE, 21bba47c-9d70-4b1d-8693-1fcc7960d534, group-A3FCDCC912B4, 0, (t:0, i:0))
2023-06-02 05:15:34,909 [grpc-default-executor-2] INFO  impl.VoteContext (VoteContext.java:log(49)) - f140acff-7aed-42b1-955f-393a22e760fa@group-A3FCDCC912B4-CANDIDATE: reject PRE_VOTE from 21bba47c-9d70-4b1d-8693-1fcc7960d534: our priority 1 > candidate's priority 0
2023-06-02 05:15:34,909 [grpc-default-executor-2] INFO  server.RaftServer$Division (RaftServerImpl.java:requestVote(1335)) - f140acff-7aed-42b1-955f-393a22e760fa@group-A3FCDCC912B4 replies to PRE_VOTE vote request: 21bba47c-9d70-4b1d-8693-1fcc7960d534<-f140acff-7aed-42b1-955f-393a22e760fa#0:FAIL-t0. Peer's state: f140acff-7aed-42b1-955f-393a22e760fa@group-A3FCDCC912B4:t0, leader=null, voted=, raftlog=Memoized:f140acff-7aed-42b1-955f-393a22e760fa@group-A3FCDCC912B4-SegmentedRaftLog:OPENED:c-1, conf=-1: peers:[f140acff-7aed-42b1-955f-393a22e760fa|rpc:10.1.74.1:15032|admin:10.1.74.1:15031|client:10.1.74.1:15030|dataStream:10.1.74.1:15033|priority:1|startupRole:FOLLOWER, 21bba47c-9d70-4b1d-8693-1fcc7960d534|rpc:10.1.74.1:15023|admin:10.1.74.1:15022|client:10.1.74.1:15021|dataStream:10.1.74.1:15024|priority:0|startupRole:FOLLOWER, f102c20d-579f-44a7-9197-f839bb943261|rpc:10.1.74.1:15014|admin:10.1.74.1:15013|client:10.1.74.1:15012|dataStream:10.1.74.1:15015|priority:0|startupRole:FOLLOWER]|listeners:[], old=null
2023-06-02 05:15:34,910 [grpc-default-executor-0] INFO  server.RaftServer$Division (RaftServerImpl.java:requestVote(1302)) - f102c20d-579f-44a7-9197-f839bb943261@group-A3FCDCC912B4: receive requestVote(PRE_VOTE, 21bba47c-9d70-4b1d-8693-1fcc7960d534, group-A3FCDCC912B4, 0, (t:0, i:0))
2023-06-02 05:15:34,913 [21bba47c-9d70-4b1d-8693-1fcc7960d534@group-A3FCDCC912B4-LeaderElection7] INFO  impl.LeaderElection (LeaderElection.java:logAndReturn(90)) - 21bba47c-9d70-4b1d-8693-1fcc7960d534@group-A3FCDCC912B4-LeaderElection7: PRE_VOTE REJECTED received 1 response(s) and 0 exception(s):
2023-06-02 05:15:34,913 [21bba47c-9d70-4b1d-8693-1fcc7960d534@group-A3FCDCC912B4-LeaderElection7] INFO  impl.LeaderElection (LeaderElection.java:logAndReturn(94)) -   Response 0: 21bba47c-9d70-4b1d-8693-1fcc7960d534<-f140acff-7aed-42b1-955f-393a22e760fa#0:FAIL-t0
2023-06-02 05:15:34,913 [21bba47c-9d70-4b1d-8693-1fcc7960d534@group-A3FCDCC912B4-LeaderElection7] INFO  impl.LeaderElection (LeaderElection.java:askForVotes(323)) - 21bba47c-9d70-4b1d-8693-1fcc7960d534@group-A3FCDCC912B4-LeaderElection7 PRE_VOTE round 0: result REJECTED
2023-06-02 05:15:34,913 [21bba47c-9d70-4b1d-8693-1fcc7960d534@group-A3FCDCC912B4-LeaderElection7] INFO  server.RaftServer$Division (RaftServerImpl.java:setRole(329)) - 21bba47c-9d70-4b1d-8693-1fcc7960d534@group-A3FCDCC912B4: changes role from CANDIDATE to FOLLOWER at term 0 for REJECTED
2023-06-02 05:15:34,913 [21bba47c-9d70-4b1d-8693-1fcc7960d534@group-A3FCDCC912B4-LeaderElection7] INFO  impl.RoleInfo (RoleInfo.java:shutdownLeaderElection(130)) - 21bba47c-9d70-4b1d-8693-1fcc7960d534: shutdown 21bba47c-9d70-4b1d-8693-1fcc7960d534@group-A3FCDCC912B4-LeaderElection7
2023-06-02 05:15:34,913 [21bba47c-9d70-4b1d-8693-1fcc7960d534@group-A3FCDCC912B4-LeaderElection7] INFO  impl.RoleInfo (RoleInfo.java:updateAndGet(139)) - 21bba47c-9d70-4b1d-8693-1fcc7960d534: start 21bba47c-9d70-4b1d-8693-1fcc7960d534@group-A3FCDCC912B4-FollowerState
2023-06-02 05:15:34,915 [f140acff-7aed-42b1-955f-393a22e760fa@group-A3FCDCC912B4-LeaderElection8] INFO  impl.LeaderElection (LeaderElection.java:askForVotes(321)) - f140acff-7aed-42b1-955f-393a22e760fa@group-A3FCDCC912B4-LeaderElection8 PRE_VOTE round 0: submit vote requests at term 0 for -1: peers:[f140acff-7aed-42b1-955f-393a22e760fa|rpc:10.1.74.1:15032|admin:10.1.74.1:15031|client:10.1.74.1:15030|dataStream:10.1.74.1:15033|priority:1|startupRole:FOLLOWER, 21bba47c-9d70-4b1d-8693-1fcc7960d534|rpc:10.1.74.1:15023|admin:10.1.74.1:15022|client:10.1.74.1:15021|dataStream:10.1.74.1:15024|priority:0|startupRole:FOLLOWER, f102c20d-579f-44a7-9197-f839bb943261|rpc:10.1.74.1:15014|admin:10.1.74.1:15013|client:10.1.74.1:15012|dataStream:10.1.74.1:15015|priority:0|startupRole:FOLLOWER]|listeners:[], old=null
2023-06-02 05:15:34,919 [f140acff-7aed-42b1-955f-393a22e760fa@group-A3FCDCC912B4-LeaderElection8-1] INFO  server.GrpcServerProtocolClient (GrpcServerProtocolClient.java:<init>(65)) - Build channel for 21bba47c-9d70-4b1d-8693-1fcc7960d534
2023-06-02 05:15:34,923 [f140acff-7aed-42b1-955f-393a22e760fa@group-A3FCDCC912B4-LeaderElection8] INFO  server.RaftServerConfigKeys (ConfUtils.java:logFallback(53)) - raft.server.rpc.first-election.timeout.min = 5s (fallback to raft.server.rpc.timeout.min)
2023-06-02 05:15:34,923 [f140acff-7aed-42b1-955f-393a22e760fa@group-A3FCDCC912B4-LeaderElection8] INFO  server.RaftServerConfigKeys (ConfUtils.java:logFallback(53)) - raft.server.rpc.first-election.timeout.max = 5200ms (fallback to raft.server.rpc.timeout.max)
2023-06-02 05:15:34,928 [grpc-default-executor-0] INFO  impl.VoteContext (VoteContext.java:log(49)) - f102c20d-579f-44a7-9197-f839bb943261@group-A3FCDCC912B4-CANDIDATE: accept PRE_VOTE from 21bba47c-9d70-4b1d-8693-1fcc7960d534: our priority 0 <= candidate's priority 0
2023-06-02 05:15:34,928 [grpc-default-executor-0] INFO  server.RaftServer$Division (RaftServerImpl.java:requestVote(1335)) - f102c20d-579f-44a7-9197-f839bb943261@group-A3FCDCC912B4 replies to PRE_VOTE vote request: 21bba47c-9d70-4b1d-8693-1fcc7960d534<-f102c20d-579f-44a7-9197-f839bb943261#0:OK-t0. Peer's state: f102c20d-579f-44a7-9197-f839bb943261@group-A3FCDCC912B4:t0, leader=null, voted=, raftlog=Memoized:f102c20d-579f-44a7-9197-f839bb943261@group-A3FCDCC912B4-SegmentedRaftLog:OPENED:c-1, conf=-1: peers:[f140acff-7aed-42b1-955f-393a22e760fa|rpc:10.1.74.1:15032|admin:10.1.74.1:15031|client:10.1.74.1:15030|dataStream:10.1.74.1:15033|priority:1|startupRole:FOLLOWER, 21bba47c-9d70-4b1d-8693-1fcc7960d534|rpc:10.1.74.1:15023|admin:10.1.74.1:15022|client:10.1.74.1:15021|dataStream:10.1.74.1:15024|priority:0|startupRole:FOLLOWER, f102c20d-579f-44a7-9197-f839bb943261|rpc:10.1.74.1:15014|admin:10.1.74.1:15013|client:10.1.74.1:15012|dataStream:10.1.74.1:15015|priority:0|startupRole:FOLLOWER]|listeners:[], old=null
2023-06-02 05:15:34,929 [f102c20d-579f-44a7-9197-f839bb943261@group-A3FCDCC912B4-LeaderElection9] INFO  impl.LeaderElection (LeaderElection.java:askForVotes(321)) - f102c20d-579f-44a7-9197-f839bb943261@group-A3FCDCC912B4-LeaderElection9 PRE_VOTE round 0: submit vote requests at term 0 for -1: peers:[f140acff-7aed-42b1-955f-393a22e760fa|rpc:10.1.74.1:15032|admin:10.1.74.1:15031|client:10.1.74.1:15030|dataStream:10.1.74.1:15033|priority:1|startupRole:FOLLOWER, 21bba47c-9d70-4b1d-8693-1fcc7960d534|rpc:10.1.74.1:15023|admin:10.1.74.1:15022|client:10.1.74.1:15021|dataStream:10.1.74.1:15024|priority:0|startupRole:FOLLOWER, f102c20d-579f-44a7-9197-f839bb943261|rpc:10.1.74.1:15014|admin:10.1.74.1:15013|client:10.1.74.1:15012|dataStream:10.1.74.1:15015|priority:0|startupRole:FOLLOWER]|listeners:[], old=null
2023-06-02 05:15:34,932 [f102c20d-579f-44a7-9197-f839bb943261@group-A3FCDCC912B4-LeaderElection9] INFO  server.RaftServerConfigKeys (ConfUtils.java:logFallback(53)) - raft.server.rpc.first-election.timeout.min = 5s (fallback to raft.server.rpc.timeout.min)
2023-06-02 05:15:34,932 [f102c20d-579f-44a7-9197-f839bb943261@group-A3FCDCC912B4-LeaderElection9] INFO  server.RaftServerConfigKeys (ConfUtils.java:logFallback(53)) - raft.server.rpc.first-election.timeout.max = 5200ms (fallback to raft.server.rpc.timeout.max)
2023-06-02 05:15:34,938 [f140acff-7aed-42b1-955f-393a22e760fa@group-A3FCDCC912B4-LeaderElection8-2] INFO  server.GrpcServerProtocolClient (GrpcServerProtocolClient.java:<init>(65)) - Build channel for f102c20d-579f-44a7-9197-f839bb943261
2023-06-02 05:15:34,941 [45087365-1608-4817-8e49-1b233997f081@group-61D112A2075D-FollowerState] INFO  impl.FollowerState (FollowerState.java:run(143)) - 45087365-1608-4817-8e49-1b233997f081@group-61D112A2075D-FollowerState: change to CANDIDATE, lastRpcElapsedTime:5072063296ns, electionTimeout:5040ms
2023-06-02 05:15:34,941 [45087365-1608-4817-8e49-1b233997f081@group-61D112A2075D-FollowerState] INFO  impl.RoleInfo (RoleInfo.java:shutdownFollowerState(110)) - 45087365-1608-4817-8e49-1b233997f081: shutdown 45087365-1608-4817-8e49-1b233997f081@group-61D112A2075D-FollowerState
2023-06-02 05:15:34,941 [45087365-1608-4817-8e49-1b233997f081@group-61D112A2075D-FollowerState] INFO  server.RaftServer$Division (RaftServerImpl.java:setRole(329)) - 45087365-1608-4817-8e49-1b233997f081@group-61D112A2075D: changes role from  FOLLOWER to CANDIDATE at term 0 for changeToCandidate
2023-06-02 05:15:34,941 [45087365-1608-4817-8e49-1b233997f081@group-61D112A2075D-FollowerState] INFO  server.RaftServerConfigKeys (ConfUtils.java:logGet(46)) - raft.server.leaderelection.pre-vote = true (default)
2023-06-02 05:15:34,942 [45087365-1608-4817-8e49-1b233997f081@group-61D112A2075D-FollowerState] INFO  impl.RoleInfo (RoleInfo.java:updateAndGet(139)) - 45087365-1608-4817-8e49-1b233997f081: start 45087365-1608-4817-8e49-1b233997f081@group-61D112A2075D-LeaderElection10
2023-06-02 05:15:34,938 [grpc-default-executor-0] INFO  server.RaftServer$Division (RaftServerImpl.java:requestVote(1302)) - f140acff-7aed-42b1-955f-393a22e760fa@group-A3FCDCC912B4: receive requestVote(PRE_VOTE, f102c20d-579f-44a7-9197-f839bb943261, group-A3FCDCC912B4, 0, (t:0, i:0))
2023-06-02 05:15:34,945 [grpc-default-executor-0] INFO  impl.VoteContext (VoteContext.java:log(49)) - f140acff-7aed-42b1-955f-393a22e760fa@group-A3FCDCC912B4-CANDIDATE: reject PRE_VOTE from f102c20d-579f-44a7-9197-f839bb943261: our priority 1 > candidate's priority 0
2023-06-02 05:15:34,945 [grpc-default-executor-0] INFO  server.RaftServer$Division (RaftServerImpl.java:requestVote(1335)) - f140acff-7aed-42b1-955f-393a22e760fa@group-A3FCDCC912B4 replies to PRE_VOTE vote request: f102c20d-579f-44a7-9197-f839bb943261<-f140acff-7aed-42b1-955f-393a22e760fa#0:FAIL-t0. Peer's state: f140acff-7aed-42b1-955f-393a22e760fa@group-A3FCDCC912B4:t0, leader=null, voted=, raftlog=Memoized:f140acff-7aed-42b1-955f-393a22e760fa@group-A3FCDCC912B4-SegmentedRaftLog:OPENED:c-1, conf=-1: peers:[f140acff-7aed-42b1-955f-393a22e760fa|rpc:10.1.74.1:15032|admin:10.1.74.1:15031|client:10.1.74.1:15030|dataStream:10.1.74.1:15033|priority:1|startupRole:FOLLOWER, 21bba47c-9d70-4b1d-8693-1fcc7960d534|rpc:10.1.74.1:15023|admin:10.1.74.1:15022|client:10.1.74.1:15021|dataStream:10.1.74.1:15024|priority:0|startupRole:FOLLOWER, f102c20d-579f-44a7-9197-f839bb943261|rpc:10.1.74.1:15014|admin:10.1.74.1:15013|client:10.1.74.1:15012|dataStream:10.1.74.1:15015|priority:0|startupRole:FOLLOWER]|listeners:[], old=null
2023-06-02 05:15:34,960 [grpc-default-executor-5] INFO  server.RaftServer$Division (RaftServerImpl.java:requestVote(1302)) - 21bba47c-9d70-4b1d-8693-1fcc7960d534@group-A3FCDCC912B4: receive requestVote(PRE_VOTE, f102c20d-579f-44a7-9197-f839bb943261, group-A3FCDCC912B4, 0, (t:0, i:0))
2023-06-02 05:15:34,960 [grpc-default-executor-5] INFO  impl.VoteContext (VoteContext.java:log(49)) - 21bba47c-9d70-4b1d-8693-1fcc7960d534@group-A3FCDCC912B4-FOLLOWER: accept PRE_VOTE from f102c20d-579f-44a7-9197-f839bb943261: our priority 0 <= candidate's priority 0
2023-06-02 05:15:34,960 [grpc-default-executor-5] INFO  server.RaftServer$Division (RaftServerImpl.java:requestVote(1335)) - 21bba47c-9d70-4b1d-8693-1fcc7960d534@group-A3FCDCC912B4 replies to PRE_VOTE vote request: f102c20d-579f-44a7-9197-f839bb943261<-21bba47c-9d70-4b1d-8693-1fcc7960d534#0:OK-t0. Peer's state: 21bba47c-9d70-4b1d-8693-1fcc7960d534@group-A3FCDCC912B4:t0, leader=null, voted=, raftlog=Memoized:21bba47c-9d70-4b1d-8693-1fcc7960d534@group-A3FCDCC912B4-SegmentedRaftLog:OPENED:c-1, conf=-1: peers:[f140acff-7aed-42b1-955f-393a22e760fa|rpc:10.1.74.1:15032|admin:10.1.74.1:15031|client:10.1.74.1:15030|dataStream:10.1.74.1:15033|priority:1|startupRole:FOLLOWER, 21bba47c-9d70-4b1d-8693-1fcc7960d534|rpc:10.1.74.1:15023|admin:10.1.74.1:15022|client:10.1.74.1:15021|dataStream:10.1.74.1:15024|priority:0|startupRole:FOLLOWER, f102c20d-579f-44a7-9197-f839bb943261|rpc:10.1.74.1:15014|admin:10.1.74.1:15013|client:10.1.74.1:15012|dataStream:10.1.74.1:15015|priority:0|startupRole:FOLLOWER]|listeners:[], old=null
2023-06-02 05:15:34,961 [f102c20d-579f-44a7-9197-f839bb943261@group-A3FCDCC912B4-LeaderElection9] INFO  impl.LeaderElection (LeaderElection.java:logAndReturn(90)) - f102c20d-579f-44a7-9197-f839bb943261@group-A3FCDCC912B4-LeaderElection9: PRE_VOTE REJECTED received 1 response(s) and 0 exception(s):
2023-06-02 05:15:34,961 [f102c20d-579f-44a7-9197-f839bb943261@group-A3FCDCC912B4-LeaderElection9] INFO  impl.LeaderElection (LeaderElection.java:logAndReturn(94)) -   Response 0: f102c20d-579f-44a7-9197-f839bb943261<-f140acff-7aed-42b1-955f-393a22e760fa#0:FAIL-t0
2023-06-02 05:15:34,961 [f102c20d-579f-44a7-9197-f839bb943261@group-A3FCDCC912B4-LeaderElection9] INFO  impl.LeaderElection (LeaderElection.java:askForVotes(323)) - f102c20d-579f-44a7-9197-f839bb943261@group-A3FCDCC912B4-LeaderElection9 PRE_VOTE round 0: result REJECTED
2023-06-02 05:15:34,961 [f102c20d-579f-44a7-9197-f839bb943261@group-A3FCDCC912B4-LeaderElection9] INFO  server.RaftServer$Division (RaftServerImpl.java:setRole(329)) - f102c20d-579f-44a7-9197-f839bb943261@group-A3FCDCC912B4: changes role from CANDIDATE to FOLLOWER at term 0 for REJECTED
2023-06-02 05:15:34,962 [f102c20d-579f-44a7-9197-f839bb943261@group-A3FCDCC912B4-LeaderElection9] INFO  impl.RoleInfo (RoleInfo.java:shutdownLeaderElection(130)) - f102c20d-579f-44a7-9197-f839bb943261: shutdown f102c20d-579f-44a7-9197-f839bb943261@group-A3FCDCC912B4-LeaderElection9
2023-06-02 05:15:34,962 [f102c20d-579f-44a7-9197-f839bb943261@group-A3FCDCC912B4-LeaderElection9] INFO  impl.RoleInfo (RoleInfo.java:updateAndGet(139)) - f102c20d-579f-44a7-9197-f839bb943261: start f102c20d-579f-44a7-9197-f839bb943261@group-A3FCDCC912B4-FollowerState
2023-06-02 05:15:34,962 [45087365-1608-4817-8e49-1b233997f081@group-61D112A2075D-LeaderElection10] INFO  impl.LeaderElection (LeaderElection.java:askForVotes(321)) - 45087365-1608-4817-8e49-1b233997f081@group-61D112A2075D-LeaderElection10 PRE_VOTE round 0: submit vote requests at term 0 for -1: peers:[45087365-1608-4817-8e49-1b233997f081|rpc:10.1.74.1:15041|admin:10.1.74.1:15040|client:10.1.74.1:15039|dataStream:10.1.74.1:15042|priority:1|startupRole:FOLLOWER]|listeners:[], old=null
2023-06-02 05:15:34,962 [45087365-1608-4817-8e49-1b233997f081@group-61D112A2075D-LeaderElection10] INFO  impl.LeaderElection (LeaderElection.java:askForVotes(323)) - 45087365-1608-4817-8e49-1b233997f081@group-61D112A2075D-LeaderElection10 PRE_VOTE round 0: result PASSED (term=0)
2023-06-02 05:15:34,964 [45087365-1608-4817-8e49-1b233997f081@group-61D112A2075D-LeaderElection10] INFO  impl.LeaderElection (LeaderElection.java:askForVotes(321)) - 45087365-1608-4817-8e49-1b233997f081@group-61D112A2075D-LeaderElection10 ELECTION round 0: submit vote requests at term 1 for -1: peers:[45087365-1608-4817-8e49-1b233997f081|rpc:10.1.74.1:15041|admin:10.1.74.1:15040|client:10.1.74.1:15039|dataStream:10.1.74.1:15042|priority:1|startupRole:FOLLOWER]|listeners:[], old=null
2023-06-02 05:15:34,964 [45087365-1608-4817-8e49-1b233997f081@group-61D112A2075D-LeaderElection10] INFO  impl.LeaderElection (LeaderElection.java:askForVotes(323)) - 45087365-1608-4817-8e49-1b233997f081@group-61D112A2075D-LeaderElection10 ELECTION round 0: result PASSED (term=1)
2023-06-02 05:15:34,964 [45087365-1608-4817-8e49-1b233997f081@group-61D112A2075D-LeaderElection10] INFO  impl.RoleInfo (RoleInfo.java:shutdownLeaderElection(130)) - 45087365-1608-4817-8e49-1b233997f081: shutdown 45087365-1608-4817-8e49-1b233997f081@group-61D112A2075D-LeaderElection10
2023-06-02 05:15:34,964 [45087365-1608-4817-8e49-1b233997f081@group-61D112A2075D-LeaderElection10] INFO  server.RaftServer$Division (RaftServerImpl.java:setRole(329)) - 45087365-1608-4817-8e49-1b233997f081@group-61D112A2075D: changes role from CANDIDATE to LEADER at term 1 for changeToLeader
2023-06-02 05:15:34,964 [45087365-1608-4817-8e49-1b233997f081@group-61D112A2075D-LeaderElection10] INFO  ratis.XceiverServerRatis (XceiverServerRatis.java:handleLeaderChangedNotification(902)) - Leader change notification received for group: group-61D112A2075D with new leaderId: 45087365-1608-4817-8e49-1b233997f081
2023-06-02 05:15:34,971 [45087365-1608-4817-8e49-1b233997f081@group-61D112A2075D-LeaderElection10] INFO  server.RaftServer$Division (ServerState.java:setLeader(317)) - 45087365-1608-4817-8e49-1b233997f081@group-61D112A2075D: change Leader from null to 45087365-1608-4817-8e49-1b233997f081 at term 1 for becomeLeader, leader elected after 5161ms
2023-06-02 05:15:34,971 [45087365-1608-4817-8e49-1b233997f081@group-61D112A2075D-LeaderElection10] INFO  server.RaftServerConfigKeys (ConfUtils.java:logGet(46)) - raft.server.staging.catchup.gap = 1000 (default)
2023-06-02 05:15:34,971 [grpc-default-executor-0] INFO  server.RaftServer$Division (RaftServerImpl.java:requestVote(1302)) - 21bba47c-9d70-4b1d-8693-1fcc7960d534@group-A3FCDCC912B4: receive requestVote(PRE_VOTE, f140acff-7aed-42b1-955f-393a22e760fa, group-A3FCDCC912B4, 0, (t:0, i:0))
2023-06-02 05:15:34,972 [45087365-1608-4817-8e49-1b233997f081@group-61D112A2075D-LeaderElection10] INFO  server.RaftServerConfigKeys (ConfUtils.java:logGet(46)) - raft.server.write.element-limit = 1024 (custom)
2023-06-02 05:15:34,972 [grpc-default-executor-0] INFO  impl.VoteContext (VoteContext.java:log(49)) - 21bba47c-9d70-4b1d-8693-1fcc7960d534@group-A3FCDCC912B4-FOLLOWER: accept PRE_VOTE from f140acff-7aed-42b1-955f-393a22e760fa: our priority 0 <= candidate's priority 1
2023-06-02 05:15:34,972 [grpc-default-executor-0] INFO  server.RaftServer$Division (RaftServerImpl.java:requestVote(1335)) - 21bba47c-9d70-4b1d-8693-1fcc7960d534@group-A3FCDCC912B4 replies to PRE_VOTE vote request: f140acff-7aed-42b1-955f-393a22e760fa<-21bba47c-9d70-4b1d-8693-1fcc7960d534#0:OK-t0. Peer's state: 21bba47c-9d70-4b1d-8693-1fcc7960d534@group-A3FCDCC912B4:t0, leader=null, voted=, raftlog=Memoized:21bba47c-9d70-4b1d-8693-1fcc7960d534@group-A3FCDCC912B4-SegmentedRaftLog:OPENED:c-1, conf=-1: peers:[f140acff-7aed-42b1-955f-393a22e760fa|rpc:10.1.74.1:15032|admin:10.1.74.1:15031|client:10.1.74.1:15030|dataStream:10.1.74.1:15033|priority:1|startupRole:FOLLOWER, 21bba47c-9d70-4b1d-8693-1fcc7960d534|rpc:10.1.74.1:15023|admin:10.1.74.1:15022|client:10.1.74.1:15021|dataStream:10.1.74.1:15024|priority:0|startupRole:FOLLOWER, f102c20d-579f-44a7-9197-f839bb943261|rpc:10.1.74.1:15014|admin:10.1.74.1:15013|client:10.1.74.1:15012|dataStream:10.1.74.1:15015|priority:0|startupRole:FOLLOWER]|listeners:[], old=null
2023-06-02 05:15:34,972 [45087365-1608-4817-8e49-1b233997f081@group-61D112A2075D-LeaderElection10] INFO  server.RaftServerConfigKeys (ConfUtils.java:logGet(46)) - raft.server.write.byte-limit = 1024 M (=1073741824) (custom)
2023-06-02 05:15:34,973 [45087365-1608-4817-8e49-1b233997f081@group-61D112A2075D-LeaderElection10] INFO  server.RaftServerConfigKeys (ConfUtils.java:logGet(46)) - raft.server.watch.timeout = 180s (custom)
2023-06-02 05:15:34,973 [45087365-1608-4817-8e49-1b233997f081@group-61D112A2075D-LeaderElection10] INFO  server.RaftServerConfigKeys (ConfUtils.java:logGet(46)) - raft.server.watch.timeout.denomination = 1s (default)
2023-06-02 05:15:34,973 [45087365-1608-4817-8e49-1b233997f081@group-61D112A2075D-LeaderElection10] INFO  server.RaftServerConfigKeys (ConfUtils.java:logGet(46)) - raft.server.watch.element-limit = 65536 (default)
2023-06-02 05:15:34,973 [45087365-1608-4817-8e49-1b233997f081@group-61D112A2075D-LeaderElection10] INFO  server.RaftServerConfigKeys (ConfUtils.java:logGet(46)) - raft.server.write.element-limit = 1024 (custom)
2023-06-02 05:15:34,973 [45087365-1608-4817-8e49-1b233997f081@group-61D112A2075D-LeaderElection10] INFO  server.RaftServerConfigKeys (ConfUtils.java:logGet(46)) - raft.server.write.follower.gap.ratio.max = -1.0 (default)
2023-06-02 05:15:34,973 [45087365-1608-4817-8e49-1b233997f081@group-61D112A2075D-LeaderElection10] INFO  impl.RoleInfo (RoleInfo.java:updateAndGet(139)) - 45087365-1608-4817-8e49-1b233997f081: start 45087365-1608-4817-8e49-1b233997f081@group-61D112A2075D-LeaderStateImpl
2023-06-02 05:15:34,974 [45087365-1608-4817-8e49-1b233997f081@group-61D112A2075D-LeaderElection10] INFO  segmented.SegmentedRaftLogWorker (SegmentedRaftLogWorker.java:startLogSegment(447)) - 45087365-1608-4817-8e49-1b233997f081@group-61D112A2075D-SegmentedRaftLogWorker: Starting segment from index:0
2023-06-02 05:15:34,980 [f140acff-7aed-42b1-955f-393a22e760fa@group-A3FCDCC912B4-LeaderElection8] INFO  impl.LeaderElection (LeaderElection.java:logAndReturn(90)) - f140acff-7aed-42b1-955f-393a22e760fa@group-A3FCDCC912B4-LeaderElection8: PRE_VOTE PASSED received 1 response(s) and 0 exception(s):
2023-06-02 05:15:34,980 [f140acff-7aed-42b1-955f-393a22e760fa@group-A3FCDCC912B4-LeaderElection8] INFO  impl.LeaderElection (LeaderElection.java:logAndReturn(94)) -   Response 0: f140acff-7aed-42b1-955f-393a22e760fa<-21bba47c-9d70-4b1d-8693-1fcc7960d534#0:OK-t0
2023-06-02 05:15:34,980 [f140acff-7aed-42b1-955f-393a22e760fa@group-A3FCDCC912B4-LeaderElection8] INFO  impl.LeaderElection (LeaderElection.java:askForVotes(323)) - f140acff-7aed-42b1-955f-393a22e760fa@group-A3FCDCC912B4-LeaderElection8 PRE_VOTE round 0: result PASSED
2023-06-02 05:15:34,980 [grpc-default-executor-0] INFO  server.RaftServer$Division (RaftServerImpl.java:requestVote(1302)) - f102c20d-579f-44a7-9197-f839bb943261@group-A3FCDCC912B4: receive requestVote(PRE_VOTE, f140acff-7aed-42b1-955f-393a22e760fa, group-A3FCDCC912B4, 0, (t:0, i:0))
2023-06-02 05:15:34,980 [grpc-default-executor-0] INFO  impl.VoteContext (VoteContext.java:log(49)) - f102c20d-579f-44a7-9197-f839bb943261@group-A3FCDCC912B4-FOLLOWER: accept PRE_VOTE from f140acff-7aed-42b1-955f-393a22e760fa: our priority 0 <= candidate's priority 1
2023-06-02 05:15:34,980 [grpc-default-executor-0] INFO  server.RaftServer$Division (RaftServerImpl.java:requestVote(1335)) - f102c20d-579f-44a7-9197-f839bb943261@group-A3FCDCC912B4 replies to PRE_VOTE vote request: f140acff-7aed-42b1-955f-393a22e760fa<-f102c20d-579f-44a7-9197-f839bb943261#0:OK-t0. Peer's state: f102c20d-579f-44a7-9197-f839bb943261@group-A3FCDCC912B4:t0, leader=null, voted=, raftlog=Memoized:f102c20d-579f-44a7-9197-f839bb943261@group-A3FCDCC912B4-SegmentedRaftLog:OPENED:c-1, conf=-1: peers:[f140acff-7aed-42b1-955f-393a22e760fa|rpc:10.1.74.1:15032|admin:10.1.74.1:15031|client:10.1.74.1:15030|dataStream:10.1.74.1:15033|priority:1|startupRole:FOLLOWER, 21bba47c-9d70-4b1d-8693-1fcc7960d534|rpc:10.1.74.1:15023|admin:10.1.74.1:15022|client:10.1.74.1:15021|dataStream:10.1.74.1:15024|priority:0|startupRole:FOLLOWER, f102c20d-579f-44a7-9197-f839bb943261|rpc:10.1.74.1:15014|admin:10.1.74.1:15013|client:10.1.74.1:15012|dataStream:10.1.74.1:15015|priority:0|startupRole:FOLLOWER]|listeners:[], old=null
2023-06-02 05:15:34,980 [45087365-1608-4817-8e49-1b233997f081@group-61D112A2075D-SegmentedRaftLogWorker] INFO  segmented.SegmentedRaftLogWorker (SegmentedRaftLogWorker.java:execute(651)) - 45087365-1608-4817-8e49-1b233997f081@group-61D112A2075D-SegmentedRaftLogWorker: created new log segment /home/runner/work/ozone/ozone/hadoop-ozone/integration-test/target/test-dir/MiniOzoneClusterImpl-4e6c5432-da36-405d-b7f1-05871ead9573/datanode-3/data/ratis/db9a95f3-a53e-4a98-8e4a-61d112a2075d/current/log_inprogress_0
2023-06-02 05:15:34,982 [f140acff-7aed-42b1-955f-393a22e760fa@group-A3FCDCC912B4-LeaderElection8] INFO  impl.LeaderElection (LeaderElection.java:askForVotes(321)) - f140acff-7aed-42b1-955f-393a22e760fa@group-A3FCDCC912B4-LeaderElection8 ELECTION round 0: submit vote requests at term 1 for -1: peers:[f140acff-7aed-42b1-955f-393a22e760fa|rpc:10.1.74.1:15032|admin:10.1.74.1:15031|client:10.1.74.1:15030|dataStream:10.1.74.1:15033|priority:1|startupRole:FOLLOWER, 21bba47c-9d70-4b1d-8693-1fcc7960d534|rpc:10.1.74.1:15023|admin:10.1.74.1:15022|client:10.1.74.1:15021|dataStream:10.1.74.1:15024|priority:0|startupRole:FOLLOWER, f102c20d-579f-44a7-9197-f839bb943261|rpc:10.1.74.1:15014|admin:10.1.74.1:15013|client:10.1.74.1:15012|dataStream:10.1.74.1:15015|priority:0|startupRole:FOLLOWER]|listeners:[], old=null
2023-06-02 05:15:35,005 [45087365-1608-4817-8e49-1b233997f081@group-61D112A2075D-LeaderElection10] INFO  server.RaftServer$Division (ServerState.java:setRaftConf(434)) - 45087365-1608-4817-8e49-1b233997f081@group-61D112A2075D: set configuration 0: peers:[45087365-1608-4817-8e49-1b233997f081|rpc:10.1.74.1:15041|admin:10.1.74.1:15040|client:10.1.74.1:15039|dataStream:10.1.74.1:15042|priority:1|startupRole:FOLLOWER]|listeners:[], old=null
2023-06-02 05:15:35,021 [45087365-1608-4817-8e49-1b233997f081@group-881D66BC670E-FollowerState] INFO  impl.FollowerState (FollowerState.java:run(143)) - 45087365-1608-4817-8e49-1b233997f081@group-881D66BC670E-FollowerState: change to CANDIDATE, lastRpcElapsedTime:5089951051ns, electionTimeout:5043ms
2023-06-02 05:15:35,022 [45087365-1608-4817-8e49-1b233997f081@group-881D66BC670E-FollowerState] INFO  impl.RoleInfo (RoleInfo.java:shutdownFollowerState(110)) - 45087365-1608-4817-8e49-1b233997f081: shutdown 45087365-1608-4817-8e49-1b233997f081@group-881D66BC670E-FollowerState
2023-06-02 05:15:35,022 [45087365-1608-4817-8e49-1b233997f081@group-881D66BC670E-FollowerState] INFO  server.RaftServer$Division (RaftServerImpl.java:setRole(329)) - 45087365-1608-4817-8e49-1b233997f081@group-881D66BC670E: changes role from  FOLLOWER to CANDIDATE at term 0 for changeToCandidate
2023-06-02 05:15:35,022 [45087365-1608-4817-8e49-1b233997f081@group-881D66BC670E-FollowerState] INFO  server.RaftServerConfigKeys (ConfUtils.java:logGet(46)) - raft.server.leaderelection.pre-vote = true (default)
2023-06-02 05:15:35,022 [45087365-1608-4817-8e49-1b233997f081@group-881D66BC670E-FollowerState] INFO  impl.RoleInfo (RoleInfo.java:updateAndGet(139)) - 45087365-1608-4817-8e49-1b233997f081: start 45087365-1608-4817-8e49-1b233997f081@group-881D66BC670E-LeaderElection11
2023-06-02 05:15:35,027 [f140acff-7aed-42b1-955f-393a22e760fa@group-A3FCDCC912B4-LeaderElection8] INFO  server.RaftServerConfigKeys (ConfUtils.java:logFallback(53)) - raft.server.rpc.first-election.timeout.min = 5s (fallback to raft.server.rpc.timeout.min)
2023-06-02 05:15:35,027 [f140acff-7aed-42b1-955f-393a22e760fa@group-A3FCDCC912B4-LeaderElection8] INFO  server.RaftServerConfigKeys (ConfUtils.java:logFallback(53)) - raft.server.rpc.first-election.timeout.max = 5200ms (fallback to raft.server.rpc.timeout.max)
2023-06-02 05:15:35,032 [grpc-default-executor-0] INFO  server.RaftServer$Division (RaftServerImpl.java:requestVote(1302)) - 21bba47c-9d70-4b1d-8693-1fcc7960d534@group-A3FCDCC912B4: receive requestVote(ELECTION, f140acff-7aed-42b1-955f-393a22e760fa, group-A3FCDCC912B4, 1, (t:0, i:0))
2023-06-02 05:15:35,032 [grpc-default-executor-0] INFO  impl.VoteContext (VoteContext.java:log(49)) - 21bba47c-9d70-4b1d-8693-1fcc7960d534@group-A3FCDCC912B4-FOLLOWER: accept ELECTION from f140acff-7aed-42b1-955f-393a22e760fa: our priority 0 <= candidate's priority 1
2023-06-02 05:15:35,032 [grpc-default-executor-0] INFO  server.RaftServer$Division (RaftServerImpl.java:setRole(329)) - 21bba47c-9d70-4b1d-8693-1fcc7960d534@group-A3FCDCC912B4: changes role from  FOLLOWER to FOLLOWER at term 1 for candidate:f140acff-7aed-42b1-955f-393a22e760fa
2023-06-02 05:15:35,032 [grpc-default-executor-0] INFO  impl.RoleInfo (RoleInfo.java:shutdownFollowerState(110)) - 21bba47c-9d70-4b1d-8693-1fcc7960d534: shutdown 21bba47c-9d70-4b1d-8693-1fcc7960d534@group-A3FCDCC912B4-FollowerState
2023-06-02 05:15:35,032 [grpc-default-executor-0] INFO  impl.RoleInfo (RoleInfo.java:updateAndGet(139)) - 21bba47c-9d70-4b1d-8693-1fcc7960d534: start 21bba47c-9d70-4b1d-8693-1fcc7960d534@group-A3FCDCC912B4-FollowerState
2023-06-02 05:15:35,032 [21bba47c-9d70-4b1d-8693-1fcc7960d534@group-A3FCDCC912B4-FollowerState] INFO  impl.FollowerState (FollowerState.java:run(152)) - 21bba47c-9d70-4b1d-8693-1fcc7960d534@group-A3FCDCC912B4-FollowerState was interrupted
2023-06-02 05:15:35,049 [45087365-1608-4817-8e49-1b233997f081@group-881D66BC670E-LeaderElection11] INFO  impl.LeaderElection (LeaderElection.java:askForVotes(321)) - 45087365-1608-4817-8e49-1b233997f081@group-881D66BC670E-LeaderElection11 PRE_VOTE round 0: submit vote requests at term 0 for -1: peers:[bf3b8f25-dffd-4d70-aae5-69cf4c3dc4d1|rpc:10.1.74.1:15050|admin:10.1.74.1:15049|client:10.1.74.1:15048|dataStream:10.1.74.1:15051|priority:1|startupRole:FOLLOWER, 45087365-1608-4817-8e49-1b233997f081|rpc:10.1.74.1:15041|admin:10.1.74.1:15040|client:10.1.74.1:15039|dataStream:10.1.74.1:15042|priority:0|startupRole:FOLLOWER, 57515d40-5a2b-4760-820a-8e251d1bbde2|rpc:10.1.74.1:15059|admin:10.1.74.1:15058|client:10.1.74.1:15057|dataStream:10.1.74.1:15060|priority:0|startupRole:FOLLOWER]|listeners:[], old=null
2023-06-02 05:15:35,050 [grpc-default-executor-5] INFO  server.RaftServer$Division (RaftServerImpl.java:requestVote(1302)) - f102c20d-579f-44a7-9197-f839bb943261@group-A3FCDCC912B4: receive requestVote(ELECTION, f140acff-7aed-42b1-955f-393a22e760fa, group-A3FCDCC912B4, 1, (t:0, i:0))
2023-06-02 05:15:35,050 [45087365-1608-4817-8e49-1b233997f081@group-881D66BC670E-LeaderElection11-1] INFO  server.GrpcServerProtocolClient (GrpcServerProtocolClient.java:<init>(65)) - Build channel for bf3b8f25-dffd-4d70-aae5-69cf4c3dc4d1
2023-06-02 05:15:35,050 [grpc-default-executor-5] INFO  impl.VoteContext (VoteContext.java:log(49)) - f102c20d-579f-44a7-9197-f839bb943261@group-A3FCDCC912B4-FOLLOWER: accept ELECTION from f140acff-7aed-42b1-955f-393a22e760fa: our priority 0 <= candidate's priority 1
2023-06-02 05:15:35,050 [grpc-default-executor-5] INFO  server.RaftServer$Division (RaftServerImpl.java:setRole(329)) - f102c20d-579f-44a7-9197-f839bb943261@group-A3FCDCC912B4: changes role from  FOLLOWER to FOLLOWER at term 1 for candidate:f140acff-7aed-42b1-955f-393a22e760fa
2023-06-02 05:15:35,050 [grpc-default-executor-5] INFO  impl.RoleInfo (RoleInfo.java:shutdownFollowerState(110)) - f102c20d-579f-44a7-9197-f839bb943261: shutdown f102c20d-579f-44a7-9197-f839bb943261@group-A3FCDCC912B4-FollowerState
2023-06-02 05:15:35,058 [45087365-1608-4817-8e49-1b233997f081@group-881D66BC670E-LeaderElection11] INFO  server.RaftServerConfigKeys (ConfUtils.java:logFallback(53)) - raft.server.rpc.first-election.timeout.min = 5s (fallback to raft.server.rpc.timeout.min)
2023-06-02 05:15:35,058 [45087365-1608-4817-8e49-1b233997f081@group-881D66BC670E-LeaderElection11] INFO  server.RaftServerConfigKeys (ConfUtils.java:logFallback(53)) - raft.server.rpc.first-election.timeout.max = 5200ms (fallback to raft.server.rpc.timeout.max)
2023-06-02 05:15:35,059 [grpc-default-executor-0] INFO  server.RaftServer$Division (RaftServerImpl.java:requestVote(1335)) - 21bba47c-9d70-4b1d-8693-1fcc7960d534@group-A3FCDCC912B4 replies to ELECTION vote request: f140acff-7aed-42b1-955f-393a22e760fa<-21bba47c-9d70-4b1d-8693-1fcc7960d534#0:OK-t1. Peer's state: 21bba47c-9d70-4b1d-8693-1fcc7960d534@group-A3FCDCC912B4:t1, leader=null, voted=f140acff-7aed-42b1-955f-393a22e760fa, raftlog=Memoized:21bba47c-9d70-4b1d-8693-1fcc7960d534@group-A3FCDCC912B4-SegmentedRaftLog:OPENED:c-1, conf=-1: peers:[f140acff-7aed-42b1-955f-393a22e760fa|rpc:10.1.74.1:15032|admin:10.1.74.1:15031|client:10.1.74.1:15030|dataStream:10.1.74.1:15033|priority:1|startupRole:FOLLOWER, 21bba47c-9d70-4b1d-8693-1fcc7960d534|rpc:10.1.74.1:15023|admin:10.1.74.1:15022|client:10.1.74.1:15021|dataStream:10.1.74.1:15024|priority:0|startupRole:FOLLOWER, f102c20d-579f-44a7-9197-f839bb943261|rpc:10.1.74.1:15014|admin:10.1.74.1:15013|client:10.1.74.1:15012|dataStream:10.1.74.1:15015|priority:0|startupRole:FOLLOWER]|listeners:[], old=null
2023-06-02 05:15:35,060 [grpc-default-executor-5] INFO  impl.RoleInfo (RoleInfo.java:updateAndGet(139)) - f102c20d-579f-44a7-9197-f839bb943261: start f102c20d-579f-44a7-9197-f839bb943261@group-A3FCDCC912B4-FollowerState
2023-06-02 05:15:35,060 [f102c20d-579f-44a7-9197-f839bb943261@group-A3FCDCC912B4-FollowerState] INFO  impl.FollowerState (FollowerState.java:run(152)) - f102c20d-579f-44a7-9197-f839bb943261@group-A3FCDCC912B4-FollowerState was interrupted
2023-06-02 05:15:35,068 [grpc-default-executor-0] INFO  server.RaftServer$Division (RaftServerImpl.java:requestVote(1302)) - bf3b8f25-dffd-4d70-aae5-69cf4c3dc4d1@group-881D66BC670E: receive requestVote(PRE_VOTE, 45087365-1608-4817-8e49-1b233997f081, group-881D66BC670E, 0, (t:0, i:0))
2023-06-02 05:15:35,068 [grpc-default-executor-0] INFO  impl.VoteContext (VoteContext.java:log(49)) - bf3b8f25-dffd-4d70-aae5-69cf4c3dc4d1@group-881D66BC670E-FOLLOWER: reject PRE_VOTE from 45087365-1608-4817-8e49-1b233997f081: our priority 1 > candidate's priority 0
2023-06-02 05:15:35,068 [45087365-1608-4817-8e49-1b233997f081@group-881D66BC670E-LeaderElection11-2] INFO  server.GrpcServerProtocolClient (GrpcServerProtocolClient.java:<init>(65)) - Build channel for 57515d40-5a2b-4760-820a-8e251d1bbde2
2023-06-02 05:15:35,070 [f140acff-7aed-42b1-955f-393a22e760fa@group-A3FCDCC912B4-LeaderElection8] INFO  impl.LeaderElection (LeaderElection.java:logAndReturn(90)) - f140acff-7aed-42b1-955f-393a22e760fa@group-A3FCDCC912B4-LeaderElection8: ELECTION PASSED received 1 response(s) and 0 exception(s):
2023-06-02 05:15:35,070 [f140acff-7aed-42b1-955f-393a22e760fa@group-A3FCDCC912B4-LeaderElection8] INFO  impl.LeaderElection (LeaderElection.java:logAndReturn(94)) -   Response 0: f140acff-7aed-42b1-955f-393a22e760fa<-21bba47c-9d70-4b1d-8693-1fcc7960d534#0:OK-t1
2023-06-02 05:15:35,070 [f140acff-7aed-42b1-955f-393a22e760fa@group-A3FCDCC912B4-LeaderElection8] INFO  impl.LeaderElection (LeaderElection.java:askForVotes(323)) - f140acff-7aed-42b1-955f-393a22e760fa@group-A3FCDCC912B4-LeaderElection8 ELECTION round 0: result PASSED
2023-06-02 05:15:35,070 [f140acff-7aed-42b1-955f-393a22e760fa@group-A3FCDCC912B4-LeaderElection8] INFO  impl.RoleInfo (RoleInfo.java:shutdownLeaderElection(130)) - f140acff-7aed-42b1-955f-393a22e760fa: shutdown f140acff-7aed-42b1-955f-393a22e760fa@group-A3FCDCC912B4-LeaderElection8
2023-06-02 05:15:35,070 [f140acff-7aed-42b1-955f-393a22e760fa@group-A3FCDCC912B4-LeaderElection8] INFO  server.RaftServer$Division (RaftServerImpl.java:setRole(329)) - f140acff-7aed-42b1-955f-393a22e760fa@group-A3FCDCC912B4: changes role from CANDIDATE to LEADER at term 1 for changeToLeader
2023-06-02 05:15:35,070 [f140acff-7aed-42b1-955f-393a22e760fa@group-A3FCDCC912B4-LeaderElection8] INFO  ratis.XceiverServerRatis (XceiverServerRatis.java:handleLeaderChangedNotification(902)) - Leader change notification received for group: group-A3FCDCC912B4 with new leaderId: f140acff-7aed-42b1-955f-393a22e760fa
2023-06-02 05:15:35,071 [f140acff-7aed-42b1-955f-393a22e760fa@group-A3FCDCC912B4-LeaderElection8] INFO  server.RaftServer$Division (ServerState.java:setLeader(317)) - f140acff-7aed-42b1-955f-393a22e760fa@group-A3FCDCC912B4: change Leader from null to f140acff-7aed-42b1-955f-393a22e760fa at term 1 for becomeLeader, leader elected after 5595ms
2023-06-02 05:15:35,071 [f140acff-7aed-42b1-955f-393a22e760fa@group-A3FCDCC912B4-LeaderElection8] INFO  server.RaftServerConfigKeys (ConfUtils.java:logGet(46)) - raft.server.staging.catchup.gap = 1000 (default)
2023-06-02 05:15:35,071 [f140acff-7aed-42b1-955f-393a22e760fa@group-A3FCDCC912B4-LeaderElection8] INFO  server.RaftServerConfigKeys (ConfUtils.java:logGet(46)) - raft.server.write.element-limit = 1024 (custom)
2023-06-02 05:15:35,071 [f140acff-7aed-42b1-955f-393a22e760fa@group-A3FCDCC912B4-LeaderElection8] INFO  server.RaftServerConfigKeys (ConfUtils.java:logGet(46)) - raft.server.write.byte-limit = 1024 M (=1073741824) (custom)
2023-06-02 05:15:35,071 [f140acff-7aed-42b1-955f-393a22e760fa@group-A3FCDCC912B4-LeaderElection8] INFO  server.RaftServerConfigKeys (ConfUtils.java:logGet(46)) - raft.server.watch.timeout = 180s (custom)
2023-06-02 05:15:35,071 [f140acff-7aed-42b1-955f-393a22e760fa@group-A3FCDCC912B4-LeaderElection8] INFO  server.RaftServerConfigKeys (ConfUtils.java:logGet(46)) - raft.server.watch.timeout.denomination = 1s (default)
2023-06-02 05:15:35,072 [f140acff-7aed-42b1-955f-393a22e760fa@group-A3FCDCC912B4-LeaderElection8] INFO  server.RaftServerConfigKeys (ConfUtils.java:logGet(46)) - raft.server.watch.element-limit = 65536 (default)
2023-06-02 05:15:35,072 [f140acff-7aed-42b1-955f-393a22e760fa@group-A3FCDCC912B4-LeaderElection8] INFO  server.RaftServerConfigKeys (ConfUtils.java:logGet(46)) - raft.server.write.element-limit = 1024 (custom)
2023-06-02 05:15:35,072 [f140acff-7aed-42b1-955f-393a22e760fa@group-A3FCDCC912B4-LeaderElection8] INFO  server.RaftServerConfigKeys (ConfUtils.java:logGet(46)) - raft.server.write.follower.gap.ratio.max = -1.0 (default)
2023-06-02 05:15:35,072 [f140acff-7aed-42b1-955f-393a22e760fa@group-A3FCDCC912B4-LeaderElection8] INFO  server.RaftServerConfigKeys (ConfUtils.java:logGet(46)) - raft.server.log.appender.snapshot.chunk.size.max = 16MB (=16777216) (default)
2023-06-02 05:15:35,072 [f140acff-7aed-42b1-955f-393a22e760fa@group-A3FCDCC912B4-LeaderElection8] INFO  server.RaftServerConfigKeys (ConfUtils.java:logGet(46)) - raft.server.log.appender.buffer.byte-limit = 33554432 (custom)
2023-06-02 05:15:35,073 [f140acff-7aed-42b1-955f-393a22e760fa@group-A3FCDCC912B4-LeaderElection8] INFO  server.RaftServerConfigKeys (ConfUtils.java:logGet(46)) - raft.server.log.appender.buffer.element-limit = 1 (custom)
2023-06-02 05:15:35,073 [f140acff-7aed-42b1-955f-393a22e760fa@group-A3FCDCC912B4-LeaderElection8] INFO  server.RaftServerConfigKeys (ConfUtils.java:logGet(46)) - raft.server.log.appender.wait-time.min = 10ms (default)
2023-06-02 05:15:35,073 [f140acff-7aed-42b1-955f-393a22e760fa@group-A3FCDCC912B4-LeaderElection8] INFO  grpc.GrpcConfigKeys (ConfUtils.java:logGet(46)) - raft.grpc.server.leader.outstanding.appends.max = 128 (default)
2023-06-02 05:15:35,073 [f140acff-7aed-42b1-955f-393a22e760fa@group-A3FCDCC912B4-LeaderElection8] INFO  server.RaftServerConfigKeys (ConfUtils.java:logGet(46)) - raft.server.rpc.request.timeout = 60s (custom)
2023-06-02 05:15:35,073 [f140acff-7aed-42b1-955f-393a22e760fa@group-A3FCDCC912B4-LeaderElection8] INFO  grpc.GrpcConfigKeys (ConfUtils.java:logGet(46)) - raft.grpc.server.install_snapshot.request.element-limit = 8 (default)
2023-06-02 05:15:35,073 [f140acff-7aed-42b1-955f-393a22e760fa@group-A3FCDCC912B4-LeaderElection8] INFO  grpc.GrpcConfigKeys (ConfUtils.java:logGet(46)) - raft.grpc.server.install_snapshot.request.timeout = 3000ms (default)
2023-06-02 05:15:35,073 [f140acff-7aed-42b1-955f-393a22e760fa@group-A3FCDCC912B4-LeaderElection8] INFO  server.RaftServerConfigKeys (ConfUtils.java:logGet(46)) - raft.server.log.appender.install.snapshot.enabled = false (custom)
2023-06-02 05:15:35,073 [f140acff-7aed-42b1-955f-393a22e760fa@group-A3FCDCC912B4-LeaderElection8] INFO  grpc.GrpcConfigKeys (ConfUtils.java:logGet(46)) - raft.grpc.server.heartbeat.channel = true (default)
2023-06-02 05:15:35,069 [grpc-default-executor-5] INFO  server.RaftServer$Division (RaftServerImpl.java:requestVote(1335)) - f102c20d-579f-44a7-9197-f839bb943261@group-A3FCDCC912B4 replies to ELECTION vote request: f140acff-7aed-42b1-955f-393a22e760fa<-f102c20d-579f-44a7-9197-f839bb943261#0:OK-t1. Peer's state: f102c20d-579f-44a7-9197-f839bb943261@group-A3FCDCC912B4:t1, leader=null, voted=f140acff-7aed-42b1-955f-393a22e760fa, raftlog=Memoized:f102c20d-579f-44a7-9197-f839bb943261@group-A3FCDCC912B4-SegmentedRaftLog:OPENED:c-1, conf=-1: peers:[f140acff-7aed-42b1-955f-393a22e760fa|rpc:10.1.74.1:15032|admin:10.1.74.1:15031|client:10.1.74.1:15030|dataStream:10.1.74.1:15033|priority:1|startupRole:FOLLOWER, 21bba47c-9d70-4b1d-8693-1fcc7960d534|rpc:10.1.74.1:15023|admin:10.1.74.1:15022|client:10.1.74.1:15021|dataStream:10.1.74.1:15024|priority:0|startupRole:FOLLOWER, f102c20d-579f-44a7-9197-f839bb943261|rpc:10.1.74.1:15014|admin:10.1.74.1:15013|client:10.1.74.1:15012|dataStream:10.1.74.1:15015|priority:0|startupRole:FOLLOWER]|listeners:[], old=null
2023-06-02 05:15:35,068 [grpc-default-executor-0] INFO  server.RaftServer$Division (RaftServerImpl.java:requestVote(1335)) - bf3b8f25-dffd-4d70-aae5-69cf4c3dc4d1@group-881D66BC670E replies to PRE_VOTE vote request: 45087365-1608-4817-8e49-1b233997f081<-bf3b8f25-dffd-4d70-aae5-69cf4c3dc4d1#0:FAIL-t0. Peer's state: bf3b8f25-dffd-4d70-aae5-69cf4c3dc4d1@group-881D66BC670E:t0, leader=null, voted=, raftlog=Memoized:bf3b8f25-dffd-4d70-aae5-69cf4c3dc4d1@group-881D66BC670E-SegmentedRaftLog:OPENED:c-1, conf=-1: peers:[bf3b8f25-dffd-4d70-aae5-69cf4c3dc4d1|rpc:10.1.74.1:15050|admin:10.1.74.1:15049|client:10.1.74.1:15048|dataStream:10.1.74.1:15051|priority:1|startupRole:FOLLOWER, 45087365-1608-4817-8e49-1b233997f081|rpc:10.1.74.1:15041|admin:10.1.74.1:15040|client:10.1.74.1:15039|dataStream:10.1.74.1:15042|priority:0|startupRole:FOLLOWER, 57515d40-5a2b-4760-820a-8e251d1bbde2|rpc:10.1.74.1:15059|admin:10.1.74.1:15058|client:10.1.74.1:15057|dataStream:10.1.74.1:15060|priority:0|startupRole:FOLLOWER]|listeners:[], old=null
2023-06-02 05:15:35,078 [45087365-1608-4817-8e49-1b233997f081@group-881D66BC670E-LeaderElection11] INFO  impl.LeaderElection (LeaderElection.java:logAndReturn(90)) - 45087365-1608-4817-8e49-1b233997f081@group-881D66BC670E-LeaderElection11: PRE_VOTE REJECTED received 1 response(s) and 0 exception(s):
2023-06-02 05:15:35,078 [45087365-1608-4817-8e49-1b233997f081@group-881D66BC670E-LeaderElection11] INFO  impl.LeaderElection (LeaderElection.java:logAndReturn(94)) -   Response 0: 45087365-1608-4817-8e49-1b233997f081<-bf3b8f25-dffd-4d70-aae5-69cf4c3dc4d1#0:FAIL-t0
2023-06-02 05:15:35,079 [45087365-1608-4817-8e49-1b233997f081@group-881D66BC670E-LeaderElection11] INFO  impl.LeaderElection (LeaderElection.java:askForVotes(323)) - 45087365-1608-4817-8e49-1b233997f081@group-881D66BC670E-LeaderElection11 PRE_VOTE round 0: result REJECTED
2023-06-02 05:15:35,079 [45087365-1608-4817-8e49-1b233997f081@group-881D66BC670E-LeaderElection11] INFO  server.RaftServer$Division (RaftServerImpl.java:setRole(329)) - 45087365-1608-4817-8e49-1b233997f081@group-881D66BC670E: changes role from CANDIDATE to FOLLOWER at term 0 for REJECTED
2023-06-02 05:15:35,079 [45087365-1608-4817-8e49-1b233997f081@group-881D66BC670E-LeaderElection11] INFO  impl.RoleInfo (RoleInfo.java:shutdownLeaderElection(130)) - 45087365-1608-4817-8e49-1b233997f081: shutdown 45087365-1608-4817-8e49-1b233997f081@group-881D66BC670E-LeaderElection11
2023-06-02 05:15:35,079 [45087365-1608-4817-8e49-1b233997f081@group-881D66BC670E-LeaderElection11] INFO  impl.RoleInfo (RoleInfo.java:updateAndGet(139)) - 45087365-1608-4817-8e49-1b233997f081: start 45087365-1608-4817-8e49-1b233997f081@group-881D66BC670E-FollowerState
2023-06-02 05:15:35,080 [EventQueue-PipelineReportForPipelineReportHandler] INFO  pipeline.PipelineManagerImpl (PipelineManagerImpl.java:openPipeline(367)) - Pipeline Pipeline[ Id: fe6d5e3d-8cf4-48d0-a6b4-a3fcdcc912b4, Nodes: f102c20d-579f-44a7-9197-f839bb943261(fv-az628-647/10.1.74.1)f140acff-7aed-42b1-955f-393a22e760fa(fv-az628-647/10.1.74.1)21bba47c-9d70-4b1d-8693-1fcc7960d534(fv-az628-647/10.1.74.1), ReplicationConfig: RATIS/THREE, State:ALLOCATED, leaderId:f140acff-7aed-42b1-955f-393a22e760fa, CreationTimestamp2023-06-02T05:15:26.421Z[Etc/UTC]] moved to OPEN state
2023-06-02 05:15:35,081 [f140acff-7aed-42b1-955f-393a22e760fa@group-A3FCDCC912B4-LeaderElection8] INFO  server.RaftServerConfigKeys (ConfUtils.java:logGet(46)) - raft.server.log.appender.snapshot.chunk.size.max = 16MB (=16777216) (default)
2023-06-02 05:15:35,082 [f140acff-7aed-42b1-955f-393a22e760fa@group-A3FCDCC912B4-LeaderElection8] INFO  server.RaftServerConfigKeys (ConfUtils.java:logGet(46)) - raft.server.log.appender.buffer.byte-limit = 33554432 (custom)
2023-06-02 05:15:35,082 [f140acff-7aed-42b1-955f-393a22e760fa@group-A3FCDCC912B4-LeaderElection8] INFO  server.RaftServerConfigKeys (ConfUtils.java:logGet(46)) - raft.server.log.appender.buffer.element-limit = 1 (custom)
2023-06-02 05:15:35,086 [f140acff-7aed-42b1-955f-393a22e760fa@group-A3FCDCC912B4-LeaderElection8] INFO  server.RaftServerConfigKeys (ConfUtils.java:logGet(46)) - raft.server.log.appender.wait-time.min = 10ms (default)
2023-06-02 05:15:35,086 [f140acff-7aed-42b1-955f-393a22e760fa@group-A3FCDCC912B4-LeaderElection8] INFO  grpc.GrpcConfigKeys (ConfUtils.java:logGet(46)) - raft.grpc.server.leader.outstanding.appends.max = 128 (default)
2023-06-02 05:15:35,086 [f140acff-7aed-42b1-955f-393a22e760fa@group-A3FCDCC912B4-LeaderElection8] INFO  server.RaftServerConfigKeys (ConfUtils.java:logGet(46)) - raft.server.rpc.request.timeout = 60s (custom)
2023-06-02 05:15:35,086 [f140acff-7aed-42b1-955f-393a22e760fa@group-A3FCDCC912B4-LeaderElection8] INFO  grpc.GrpcConfigKeys (ConfUtils.java:logGet(46)) - raft.grpc.server.install_snapshot.request.element-limit = 8 (default)
2023-06-02 05:15:35,087 [f140acff-7aed-42b1-955f-393a22e760fa@group-A3FCDCC912B4-LeaderElection8] INFO  grpc.GrpcConfigKeys (ConfUtils.java:logGet(46)) - raft.grpc.server.install_snapshot.request.timeout = 3000ms (default)
2023-06-02 05:15:35,087 [f140acff-7aed-42b1-955f-393a22e760fa@group-A3FCDCC912B4-LeaderElection8] INFO  server.RaftServerConfigKeys (ConfUtils.java:logGet(46)) - raft.server.log.appender.install.snapshot.enabled = false (custom)
2023-06-02 05:15:35,094 [f140acff-7aed-42b1-955f-393a22e760fa@group-A3FCDCC912B4-LeaderElection8] INFO  grpc.GrpcConfigKeys (ConfUtils.java:logGet(46)) - raft.grpc.server.heartbeat.channel = true (default)
2023-06-02 05:15:35,094 [f140acff-7aed-42b1-955f-393a22e760fa@group-A3FCDCC912B4-LeaderElection8] INFO  impl.RoleInfo (RoleInfo.java:updateAndGet(139)) - f140acff-7aed-42b1-955f-393a22e760fa: start f140acff-7aed-42b1-955f-393a22e760fa@group-A3FCDCC912B4-LeaderStateImpl
2023-06-02 05:15:35,094 [f140acff-7aed-42b1-955f-393a22e760fa@group-A3FCDCC912B4-LeaderElection8] INFO  segmented.SegmentedRaftLogWorker (SegmentedRaftLogWorker.java:startLogSegment(447)) - f140acff-7aed-42b1-955f-393a22e760fa@group-A3FCDCC912B4-SegmentedRaftLogWorker: Starting segment from index:0
2023-06-02 05:15:35,096 [f140acff-7aed-42b1-955f-393a22e760fa@group-A3FCDCC912B4-SegmentedRaftLogWorker] INFO  segmented.SegmentedRaftLogWorker (SegmentedRaftLogWorker.java:execute(651)) - f140acff-7aed-42b1-955f-393a22e760fa@group-A3FCDCC912B4-SegmentedRaftLogWorker: created new log segment /home/runner/work/ozone/ozone/hadoop-ozone/integration-test/target/test-dir/MiniOzoneClusterImpl-4e6c5432-da36-405d-b7f1-05871ead9573/datanode-2/data/ratis/fe6d5e3d-8cf4-48d0-a6b4-a3fcdcc912b4/current/log_inprogress_0
2023-06-02 05:15:35,119 [f140acff-7aed-42b1-955f-393a22e760fa@group-A3FCDCC912B4-LeaderElection8] INFO  server.RaftServer$Division (ServerState.java:setRaftConf(434)) - f140acff-7aed-42b1-955f-393a22e760fa@group-A3FCDCC912B4: set configuration 0: peers:[f140acff-7aed-42b1-955f-393a22e760fa|rpc:10.1.74.1:15032|admin:10.1.74.1:15031|client:10.1.74.1:15030|dataStream:10.1.74.1:15033|priority:1|startupRole:FOLLOWER, 21bba47c-9d70-4b1d-8693-1fcc7960d534|rpc:10.1.74.1:15023|admin:10.1.74.1:15022|client:10.1.74.1:15021|dataStream:10.1.74.1:15024|priority:0|startupRole:FOLLOWER, f102c20d-579f-44a7-9197-f839bb943261|rpc:10.1.74.1:15014|admin:10.1.74.1:15013|client:10.1.74.1:15012|dataStream:10.1.74.1:15015|priority:0|startupRole:FOLLOWER]|listeners:[], old=null
2023-06-02 05:15:35,119 [grpc-default-executor-5] INFO  server.RaftServer$Division (RaftServerImpl.java:requestVote(1302)) - 57515d40-5a2b-4760-820a-8e251d1bbde2@group-881D66BC670E: receive requestVote(PRE_VOTE, 45087365-1608-4817-8e49-1b233997f081, group-881D66BC670E, 0, (t:0, i:0))
2023-06-02 05:15:35,119 [grpc-default-executor-5] INFO  impl.VoteContext (VoteContext.java:log(49)) - 57515d40-5a2b-4760-820a-8e251d1bbde2@group-881D66BC670E-FOLLOWER: accept PRE_VOTE from 45087365-1608-4817-8e49-1b233997f081: our priority 0 <= candidate's priority 0
2023-06-02 05:15:35,120 [grpc-default-executor-5] INFO  server.RaftServer$Division (RaftServerImpl.java:requestVote(1335)) - 57515d40-5a2b-4760-820a-8e251d1bbde2@group-881D66BC670E replies to PRE_VOTE vote request: 45087365-1608-4817-8e49-1b233997f081<-57515d40-5a2b-4760-820a-8e251d1bbde2#0:OK-t0. Peer's state: 57515d40-5a2b-4760-820a-8e251d1bbde2@group-881D66BC670E:t0, leader=null, voted=, raftlog=Memoized:57515d40-5a2b-4760-820a-8e251d1bbde2@group-881D66BC670E-SegmentedRaftLog:OPENED:c-1, conf=-1: peers:[bf3b8f25-dffd-4d70-aae5-69cf4c3dc4d1|rpc:10.1.74.1:15050|admin:10.1.74.1:15049|client:10.1.74.1:15048|dataStream:10.1.74.1:15051|priority:1|startupRole:FOLLOWER, 45087365-1608-4817-8e49-1b233997f081|rpc:10.1.74.1:15041|admin:10.1.74.1:15040|client:10.1.74.1:15039|dataStream:10.1.74.1:15042|priority:0|startupRole:FOLLOWER, 57515d40-5a2b-4760-820a-8e251d1bbde2|rpc:10.1.74.1:15059|admin:10.1.74.1:15058|client:10.1.74.1:15057|dataStream:10.1.74.1:15060|priority:0|startupRole:FOLLOWER]|listeners:[], old=null
2023-06-02 05:15:35,133 [21bba47c-9d70-4b1d-8693-1fcc7960d534-server-thread1] INFO  ratis.XceiverServerRatis (XceiverServerRatis.java:handleLeaderChangedNotification(902)) - Leader change notification received for group: group-A3FCDCC912B4 with new leaderId: f140acff-7aed-42b1-955f-393a22e760fa
2023-06-02 05:15:35,133 [21bba47c-9d70-4b1d-8693-1fcc7960d534-server-thread1] INFO  server.RaftServer$Division (ServerState.java:setLeader(317)) - 21bba47c-9d70-4b1d-8693-1fcc7960d534@group-A3FCDCC912B4: change Leader from null to f140acff-7aed-42b1-955f-393a22e760fa at term 1 for appendEntries, leader elected after 5485ms
2023-06-02 05:15:35,147 [f102c20d-579f-44a7-9197-f839bb943261-server-thread2] INFO  ratis.XceiverServerRatis (XceiverServerRatis.java:handleLeaderChangedNotification(902)) - Leader change notification received for group: group-A3FCDCC912B4 with new leaderId: f140acff-7aed-42b1-955f-393a22e760fa
2023-06-02 05:15:35,147 [f102c20d-579f-44a7-9197-f839bb943261-server-thread2] INFO  server.RaftServer$Division (ServerState.java:setLeader(317)) - f102c20d-579f-44a7-9197-f839bb943261@group-A3FCDCC912B4: change Leader from null to f140acff-7aed-42b1-955f-393a22e760fa at term 1 for appendEntries, leader elected after 5553ms
2023-06-02 05:15:35,151 [21bba47c-9d70-4b1d-8693-1fcc7960d534-server-thread3] INFO  server.RaftServer$Division (ServerState.java:setRaftConf(434)) - 21bba47c-9d70-4b1d-8693-1fcc7960d534@group-A3FCDCC912B4: set configuration 0: peers:[f140acff-7aed-42b1-955f-393a22e760fa|rpc:10.1.74.1:15032|admin:10.1.74.1:15031|client:10.1.74.1:15030|dataStream:10.1.74.1:15033|priority:1|startupRole:FOLLOWER, 21bba47c-9d70-4b1d-8693-1fcc7960d534|rpc:10.1.74.1:15023|admin:10.1.74.1:15022|client:10.1.74.1:15021|dataStream:10.1.74.1:15024|priority:0|startupRole:FOLLOWER, f102c20d-579f-44a7-9197-f839bb943261|rpc:10.1.74.1:15014|admin:10.1.74.1:15013|client:10.1.74.1:15012|dataStream:10.1.74.1:15015|priority:0|startupRole:FOLLOWER]|listeners:[], old=null
2023-06-02 05:15:35,152 [21bba47c-9d70-4b1d-8693-1fcc7960d534-server-thread3] INFO  segmented.SegmentedRaftLogWorker (SegmentedRaftLogWorker.java:startLogSegment(447)) - 21bba47c-9d70-4b1d-8693-1fcc7960d534@group-A3FCDCC912B4-SegmentedRaftLogWorker: Starting segment from index:0
2023-06-02 05:15:35,154 [21bba47c-9d70-4b1d-8693-1fcc7960d534@group-A3FCDCC912B4-SegmentedRaftLogWorker] INFO  segmented.SegmentedRaftLogWorker (SegmentedRaftLogWorker.java:execute(651)) - 21bba47c-9d70-4b1d-8693-1fcc7960d534@group-A3FCDCC912B4-SegmentedRaftLogWorker: created new log segment /home/runner/work/ozone/ozone/hadoop-ozone/integration-test/target/test-dir/MiniOzoneClusterImpl-4e6c5432-da36-405d-b7f1-05871ead9573/datanode-1/data/ratis/fe6d5e3d-8cf4-48d0-a6b4-a3fcdcc912b4/current/log_inprogress_0
2023-06-02 05:15:35,154 [f102c20d-579f-44a7-9197-f839bb943261-server-thread2] INFO  server.RaftServer$Division (ServerState.java:setRaftConf(434)) - f102c20d-579f-44a7-9197-f839bb943261@group-A3FCDCC912B4: set configuration 0: peers:[f140acff-7aed-42b1-955f-393a22e760fa|rpc:10.1.74.1:15032|admin:10.1.74.1:15031|client:10.1.74.1:15030|dataStream:10.1.74.1:15033|priority:1|startupRole:FOLLOWER, 21bba47c-9d70-4b1d-8693-1fcc7960d534|rpc:10.1.74.1:15023|admin:10.1.74.1:15022|client:10.1.74.1:15021|dataStream:10.1.74.1:15024|priority:0|startupRole:FOLLOWER, f102c20d-579f-44a7-9197-f839bb943261|rpc:10.1.74.1:15014|admin:10.1.74.1:15013|client:10.1.74.1:15012|dataStream:10.1.74.1:15015|priority:0|startupRole:FOLLOWER]|listeners:[], old=null
2023-06-02 05:15:35,168 [bf3b8f25-dffd-4d70-aae5-69cf4c3dc4d1@group-881D66BC670E-FollowerState] INFO  impl.FollowerState (FollowerState.java:run(143)) - bf3b8f25-dffd-4d70-aae5-69cf4c3dc4d1@group-881D66BC670E-FollowerState: change to CANDIDATE, lastRpcElapsedTime:5165572324ns, electionTimeout:5142ms
2023-06-02 05:15:35,170 [bf3b8f25-dffd-4d70-aae5-69cf4c3dc4d1@group-881D66BC670E-FollowerState] INFO  impl.RoleInfo (RoleInfo.java:shutdownFollowerState(110)) - bf3b8f25-dffd-4d70-aae5-69cf4c3dc4d1: shutdown bf3b8f25-dffd-4d70-aae5-69cf4c3dc4d1@group-881D66BC670E-FollowerState
2023-06-02 05:15:35,170 [bf3b8f25-dffd-4d70-aae5-69cf4c3dc4d1@group-881D66BC670E-FollowerState] INFO  server.RaftServer$Division (RaftServerImpl.java:setRole(329)) - bf3b8f25-dffd-4d70-aae5-69cf4c3dc4d1@group-881D66BC670E: changes role from  FOLLOWER to CANDIDATE at term 0 for changeToCandidate
2023-06-02 05:15:35,170 [bf3b8f25-dffd-4d70-aae5-69cf4c3dc4d1@group-881D66BC670E-FollowerState] INFO  server.RaftServerConfigKeys (ConfUtils.java:logGet(46)) - raft.server.leaderelection.pre-vote = true (default)
2023-06-02 05:15:35,170 [bf3b8f25-dffd-4d70-aae5-69cf4c3dc4d1@group-881D66BC670E-FollowerState] INFO  impl.RoleInfo (RoleInfo.java:updateAndGet(139)) - bf3b8f25-dffd-4d70-aae5-69cf4c3dc4d1: start bf3b8f25-dffd-4d70-aae5-69cf4c3dc4d1@group-881D66BC670E-LeaderElection12
2023-06-02 05:15:35,171 [f102c20d-579f-44a7-9197-f839bb943261-server-thread2] INFO  segmented.SegmentedRaftLogWorker (SegmentedRaftLogWorker.java:startLogSegment(447)) - f102c20d-579f-44a7-9197-f839bb943261@group-A3FCDCC912B4-SegmentedRaftLogWorker: Starting segment from index:0
2023-06-02 05:15:35,176 [57515d40-5a2b-4760-820a-8e251d1bbde2@group-881D66BC670E-FollowerState] INFO  server.RaftServerConfigKeys (ConfUtils.java:logFallback(53)) - raft.server.rpc.first-election.timeout.min = 5s (fallback to raft.server.rpc.timeout.min)
2023-06-02 05:15:35,176 [57515d40-5a2b-4760-820a-8e251d1bbde2@group-881D66BC670E-FollowerState] INFO  server.RaftServerConfigKeys (ConfUtils.java:logFallback(53)) - raft.server.rpc.first-election.timeout.max = 5200ms (fallback to raft.server.rpc.timeout.max)
2023-06-02 05:15:35,177 [f102c20d-579f-44a7-9197-f839bb943261@group-A3FCDCC912B4-SegmentedRaftLogWorker] INFO  segmented.SegmentedRaftLogWorker (SegmentedRaftLogWorker.java:execute(651)) - f102c20d-579f-44a7-9197-f839bb943261@group-A3FCDCC912B4-SegmentedRaftLogWorker: created new log segment /home/runner/work/ozone/ozone/hadoop-ozone/integration-test/target/test-dir/MiniOzoneClusterImpl-4e6c5432-da36-405d-b7f1-05871ead9573/datanode-0/data/ratis/fe6d5e3d-8cf4-48d0-a6b4-a3fcdcc912b4/current/log_inprogress_0
2023-06-02 05:15:35,179 [bf3b8f25-dffd-4d70-aae5-69cf4c3dc4d1@group-881D66BC670E-LeaderElection12] INFO  impl.LeaderElection (LeaderElection.java:askForVotes(321)) - bf3b8f25-dffd-4d70-aae5-69cf4c3dc4d1@group-881D66BC670E-LeaderElection12 PRE_VOTE round 0: submit vote requests at term 0 for -1: peers:[bf3b8f25-dffd-4d70-aae5-69cf4c3dc4d1|rpc:10.1.74.1:15050|admin:10.1.74.1:15049|client:10.1.74.1:15048|dataStream:10.1.74.1:15051|priority:1|startupRole:FOLLOWER, 45087365-1608-4817-8e49-1b233997f081|rpc:10.1.74.1:15041|admin:10.1.74.1:15040|client:10.1.74.1:15039|dataStream:10.1.74.1:15042|priority:0|startupRole:FOLLOWER, 57515d40-5a2b-4760-820a-8e251d1bbde2|rpc:10.1.74.1:15059|admin:10.1.74.1:15058|client:10.1.74.1:15057|dataStream:10.1.74.1:15060|priority:0|startupRole:FOLLOWER]|listeners:[], old=null
2023-06-02 05:15:35,186 [bf3b8f25-dffd-4d70-aae5-69cf4c3dc4d1@group-881D66BC670E-LeaderElection12-1] INFO  server.GrpcServerProtocolClient (GrpcServerProtocolClient.java:<init>(65)) - Build channel for 45087365-1608-4817-8e49-1b233997f081
2023-06-02 05:15:35,194 [bf3b8f25-dffd-4d70-aae5-69cf4c3dc4d1@group-881D66BC670E-LeaderElection12] INFO  server.RaftServerConfigKeys (ConfUtils.java:logFallback(53)) - raft.server.rpc.first-election.timeout.min = 5s (fallback to raft.server.rpc.timeout.min)
2023-06-02 05:15:35,194 [bf3b8f25-dffd-4d70-aae5-69cf4c3dc4d1@group-881D66BC670E-LeaderElection12] INFO  server.RaftServerConfigKeys (ConfUtils.java:logFallback(53)) - raft.server.rpc.first-election.timeout.max = 5200ms (fallback to raft.server.rpc.timeout.max)
2023-06-02 05:15:35,203 [grpc-default-executor-4] INFO  server.RaftServer$Division (RaftServerImpl.java:requestVote(1302)) - 45087365-1608-4817-8e49-1b233997f081@group-881D66BC670E: receive requestVote(PRE_VOTE, bf3b8f25-dffd-4d70-aae5-69cf4c3dc4d1, group-881D66BC670E, 0, (t:0, i:0))
2023-06-02 05:15:35,203 [grpc-default-executor-4] INFO  impl.VoteContext (VoteContext.java:log(49)) - 45087365-1608-4817-8e49-1b233997f081@group-881D66BC670E-FOLLOWER: accept PRE_VOTE from bf3b8f25-dffd-4d70-aae5-69cf4c3dc4d1: our priority 0 <= candidate's priority 1
2023-06-02 05:15:35,204 [grpc-default-executor-4] INFO  server.RaftServer$Division (RaftServerImpl.java:requestVote(1335)) - 45087365-1608-4817-8e49-1b233997f081@group-881D66BC670E replies to PRE_VOTE vote request: bf3b8f25-dffd-4d70-aae5-69cf4c3dc4d1<-45087365-1608-4817-8e49-1b233997f081#0:OK-t0. Peer's state: 45087365-1608-4817-8e49-1b233997f081@group-881D66BC670E:t0, leader=null, voted=, raftlog=Memoized:45087365-1608-4817-8e49-1b233997f081@group-881D66BC670E-SegmentedRaftLog:OPENED:c-1, conf=-1: peers:[bf3b8f25-dffd-4d70-aae5-69cf4c3dc4d1|rpc:10.1.74.1:15050|admin:10.1.74.1:15049|client:10.1.74.1:15048|dataStream:10.1.74.1:15051|priority:1|startupRole:FOLLOWER, 45087365-1608-4817-8e49-1b233997f081|rpc:10.1.74.1:15041|admin:10.1.74.1:15040|client:10.1.74.1:15039|dataStream:10.1.74.1:15042|priority:0|startupRole:FOLLOWER, 57515d40-5a2b-4760-820a-8e251d1bbde2|rpc:10.1.74.1:15059|admin:10.1.74.1:15058|client:10.1.74.1:15057|dataStream:10.1.74.1:15060|priority:0|startupRole:FOLLOWER]|listeners:[], old=null
2023-06-02 05:15:35,205 [bf3b8f25-dffd-4d70-aae5-69cf4c3dc4d1@group-881D66BC670E-LeaderElection12] INFO  impl.LeaderElection (LeaderElection.java:logAndReturn(90)) - bf3b8f25-dffd-4d70-aae5-69cf4c3dc4d1@group-881D66BC670E-LeaderElection12: PRE_VOTE PASSED received 1 response(s) and 0 exception(s):
2023-06-02 05:15:35,205 [bf3b8f25-dffd-4d70-aae5-69cf4c3dc4d1@group-881D66BC670E-LeaderElection12] INFO  impl.LeaderElection (LeaderElection.java:logAndReturn(94)) -   Response 0: bf3b8f25-dffd-4d70-aae5-69cf4c3dc4d1<-45087365-1608-4817-8e49-1b233997f081#0:OK-t0
2023-06-02 05:15:35,205 [bf3b8f25-dffd-4d70-aae5-69cf4c3dc4d1@group-881D66BC670E-LeaderElection12] INFO  impl.LeaderElection (LeaderElection.java:askForVotes(323)) - bf3b8f25-dffd-4d70-aae5-69cf4c3dc4d1@group-881D66BC670E-LeaderElection12 PRE_VOTE round 0: result PASSED
2023-06-02 05:15:35,207 [bf3b8f25-dffd-4d70-aae5-69cf4c3dc4d1@group-881D66BC670E-LeaderElection12-2] INFO  server.GrpcServerProtocolClient (GrpcServerProtocolClient.java:<init>(65)) - Build channel for 57515d40-5a2b-4760-820a-8e251d1bbde2
2023-06-02 05:15:35,216 [grpc-default-executor-5] INFO  server.RaftServer$Division (RaftServerImpl.java:requestVote(1302)) - 57515d40-5a2b-4760-820a-8e251d1bbde2@group-881D66BC670E: receive requestVote(PRE_VOTE, bf3b8f25-dffd-4d70-aae5-69cf4c3dc4d1, group-881D66BC670E, 0, (t:0, i:0))
2023-06-02 05:15:35,216 [grpc-default-executor-5] INFO  impl.VoteContext (VoteContext.java:log(49)) - 57515d40-5a2b-4760-820a-8e251d1bbde2@group-881D66BC670E-FOLLOWER: accept PRE_VOTE from bf3b8f25-dffd-4d70-aae5-69cf4c3dc4d1: our priority 0 <= candidate's priority 1
2023-06-02 05:15:35,216 [grpc-default-executor-5] INFO  server.RaftServer$Division (RaftServerImpl.java:requestVote(1335)) - 57515d40-5a2b-4760-820a-8e251d1bbde2@group-881D66BC670E replies to PRE_VOTE vote request: bf3b8f25-dffd-4d70-aae5-69cf4c3dc4d1<-57515d40-5a2b-4760-820a-8e251d1bbde2#0:OK-t0. Peer's state: 57515d40-5a2b-4760-820a-8e251d1bbde2@group-881D66BC670E:t0, leader=null, voted=, raftlog=Memoized:57515d40-5a2b-4760-820a-8e251d1bbde2@group-881D66BC670E-SegmentedRaftLog:OPENED:c-1, conf=-1: peers:[bf3b8f25-dffd-4d70-aae5-69cf4c3dc4d1|rpc:10.1.74.1:15050|admin:10.1.74.1:15049|client:10.1.74.1:15048|dataStream:10.1.74.1:15051|priority:1|startupRole:FOLLOWER, 45087365-1608-4817-8e49-1b233997f081|rpc:10.1.74.1:15041|admin:10.1.74.1:15040|client:10.1.74.1:15039|dataStream:10.1.74.1:15042|priority:0|startupRole:FOLLOWER, 57515d40-5a2b-4760-820a-8e251d1bbde2|rpc:10.1.74.1:15059|admin:10.1.74.1:15058|client:10.1.74.1:15057|dataStream:10.1.74.1:15060|priority:0|startupRole:FOLLOWER]|listeners:[], old=null
2023-06-02 05:15:35,216 [bf3b8f25-dffd-4d70-aae5-69cf4c3dc4d1@group-881D66BC670E-LeaderElection12] INFO  impl.LeaderElection (LeaderElection.java:askForVotes(321)) - bf3b8f25-dffd-4d70-aae5-69cf4c3dc4d1@group-881D66BC670E-LeaderElection12 ELECTION round 0: submit vote requests at term 1 for -1: peers:[bf3b8f25-dffd-4d70-aae5-69cf4c3dc4d1|rpc:10.1.74.1:15050|admin:10.1.74.1:15049|client:10.1.74.1:15048|dataStream:10.1.74.1:15051|priority:1|startupRole:FOLLOWER, 45087365-1608-4817-8e49-1b233997f081|rpc:10.1.74.1:15041|admin:10.1.74.1:15040|client:10.1.74.1:15039|dataStream:10.1.74.1:15042|priority:0|startupRole:FOLLOWER, 57515d40-5a2b-4760-820a-8e251d1bbde2|rpc:10.1.74.1:15059|admin:10.1.74.1:15058|client:10.1.74.1:15057|dataStream:10.1.74.1:15060|priority:0|startupRole:FOLLOWER]|listeners:[], old=null
2023-06-02 05:15:35,221 [grpc-default-executor-5] INFO  server.RaftServer$Division (RaftServerImpl.java:requestVote(1302)) - 45087365-1608-4817-8e49-1b233997f081@group-881D66BC670E: receive requestVote(ELECTION, bf3b8f25-dffd-4d70-aae5-69cf4c3dc4d1, group-881D66BC670E, 1, (t:0, i:0))
2023-06-02 05:15:35,221 [grpc-default-executor-5] INFO  impl.VoteContext (VoteContext.java:log(49)) - 45087365-1608-4817-8e49-1b233997f081@group-881D66BC670E-FOLLOWER: accept ELECTION from bf3b8f25-dffd-4d70-aae5-69cf4c3dc4d1: our priority 0 <= candidate's priority 1
2023-06-02 05:15:35,221 [grpc-default-executor-5] INFO  server.RaftServer$Division (RaftServerImpl.java:setRole(329)) - 45087365-1608-4817-8e49-1b233997f081@group-881D66BC670E: changes role from  FOLLOWER to FOLLOWER at term 1 for candidate:bf3b8f25-dffd-4d70-aae5-69cf4c3dc4d1
2023-06-02 05:15:35,222 [grpc-default-executor-5] INFO  impl.RoleInfo (RoleInfo.java:shutdownFollowerState(110)) - 45087365-1608-4817-8e49-1b233997f081: shutdown 45087365-1608-4817-8e49-1b233997f081@group-881D66BC670E-FollowerState
2023-06-02 05:15:35,224 [bf3b8f25-dffd-4d70-aae5-69cf4c3dc4d1@group-881D66BC670E-LeaderElection12] INFO  server.RaftServerConfigKeys (ConfUtils.java:logFallback(53)) - raft.server.rpc.first-election.timeout.min = 5s (fallback to raft.server.rpc.timeout.min)
2023-06-02 05:15:35,224 [bf3b8f25-dffd-4d70-aae5-69cf4c3dc4d1@group-881D66BC670E-LeaderElection12] INFO  server.RaftServerConfigKeys (ConfUtils.java:logFallback(53)) - raft.server.rpc.first-election.timeout.max = 5200ms (fallback to raft.server.rpc.timeout.max)
2023-06-02 05:15:35,229 [45087365-1608-4817-8e49-1b233997f081@group-881D66BC670E-FollowerState] INFO  impl.FollowerState (FollowerState.java:run(152)) - 45087365-1608-4817-8e49-1b233997f081@group-881D66BC670E-FollowerState was interrupted
2023-06-02 05:15:35,229 [grpc-default-executor-5] INFO  impl.RoleInfo (RoleInfo.java:updateAndGet(139)) - 45087365-1608-4817-8e49-1b233997f081: start 45087365-1608-4817-8e49-1b233997f081@group-881D66BC670E-FollowerState
2023-06-02 05:15:35,236 [grpc-default-executor-5] INFO  server.RaftServer$Division (RaftServerImpl.java:requestVote(1335)) - 45087365-1608-4817-8e49-1b233997f081@group-881D66BC670E replies to ELECTION vote request: bf3b8f25-dffd-4d70-aae5-69cf4c3dc4d1<-45087365-1608-4817-8e49-1b233997f081#0:OK-t1. Peer's state: 45087365-1608-4817-8e49-1b233997f081@group-881D66BC670E:t1, leader=null, voted=bf3b8f25-dffd-4d70-aae5-69cf4c3dc4d1, raftlog=Memoized:45087365-1608-4817-8e49-1b233997f081@group-881D66BC670E-SegmentedRaftLog:OPENED:c-1, conf=-1: peers:[bf3b8f25-dffd-4d70-aae5-69cf4c3dc4d1|rpc:10.1.74.1:15050|admin:10.1.74.1:15049|client:10.1.74.1:15048|dataStream:10.1.74.1:15051|priority:1|startupRole:FOLLOWER, 45087365-1608-4817-8e49-1b233997f081|rpc:10.1.74.1:15041|admin:10.1.74.1:15040|client:10.1.74.1:15039|dataStream:10.1.74.1:15042|priority:0|startupRole:FOLLOWER, 57515d40-5a2b-4760-820a-8e251d1bbde2|rpc:10.1.74.1:15059|admin:10.1.74.1:15058|client:10.1.74.1:15057|dataStream:10.1.74.1:15060|priority:0|startupRole:FOLLOWER]|listeners:[], old=null
2023-06-02 05:15:35,238 [grpc-default-executor-5] INFO  server.RaftServer$Division (RaftServerImpl.java:requestVote(1302)) - 57515d40-5a2b-4760-820a-8e251d1bbde2@group-881D66BC670E: receive requestVote(ELECTION, bf3b8f25-dffd-4d70-aae5-69cf4c3dc4d1, group-881D66BC670E, 1, (t:0, i:0))
2023-06-02 05:15:35,238 [grpc-default-executor-5] INFO  impl.VoteContext (VoteContext.java:log(49)) - 57515d40-5a2b-4760-820a-8e251d1bbde2@group-881D66BC670E-FOLLOWER: accept ELECTION from bf3b8f25-dffd-4d70-aae5-69cf4c3dc4d1: our priority 0 <= candidate's priority 1
2023-06-02 05:15:35,238 [grpc-default-executor-5] INFO  server.RaftServer$Division (RaftServerImpl.java:setRole(329)) - 57515d40-5a2b-4760-820a-8e251d1bbde2@group-881D66BC670E: changes role from  FOLLOWER to FOLLOWER at term 1 for candidate:bf3b8f25-dffd-4d70-aae5-69cf4c3dc4d1
2023-06-02 05:15:35,238 [grpc-default-executor-5] INFO  impl.RoleInfo (RoleInfo.java:shutdownFollowerState(110)) - 57515d40-5a2b-4760-820a-8e251d1bbde2: shutdown 57515d40-5a2b-4760-820a-8e251d1bbde2@group-881D66BC670E-FollowerState
2023-06-02 05:15:35,238 [bf3b8f25-dffd-4d70-aae5-69cf4c3dc4d1@group-881D66BC670E-LeaderElection12] INFO  impl.LeaderElection (LeaderElection.java:logAndReturn(90)) - bf3b8f25-dffd-4d70-aae5-69cf4c3dc4d1@group-881D66BC670E-LeaderElection12: ELECTION PASSED received 1 response(s) and 0 exception(s):
2023-06-02 05:15:35,238 [bf3b8f25-dffd-4d70-aae5-69cf4c3dc4d1@group-881D66BC670E-LeaderElection12] INFO  impl.LeaderElection (LeaderElection.java:logAndReturn(94)) -   Response 0: bf3b8f25-dffd-4d70-aae5-69cf4c3dc4d1<-45087365-1608-4817-8e49-1b233997f081#0:OK-t1
2023-06-02 05:15:35,239 [57515d40-5a2b-4760-820a-8e251d1bbde2@group-881D66BC670E-FollowerState] INFO  impl.FollowerState (FollowerState.java:run(152)) - 57515d40-5a2b-4760-820a-8e251d1bbde2@group-881D66BC670E-FollowerState was interrupted
2023-06-02 05:15:35,240 [bf3b8f25-dffd-4d70-aae5-69cf4c3dc4d1@group-881D66BC670E-LeaderElection12] INFO  impl.LeaderElection (LeaderElection.java:askForVotes(323)) - bf3b8f25-dffd-4d70-aae5-69cf4c3dc4d1@group-881D66BC670E-LeaderElection12 ELECTION round 0: result PASSED
2023-06-02 05:15:35,241 [bf3b8f25-dffd-4d70-aae5-69cf4c3dc4d1@group-881D66BC670E-LeaderElection12] INFO  impl.RoleInfo (RoleInfo.java:shutdownLeaderElection(130)) - bf3b8f25-dffd-4d70-aae5-69cf4c3dc4d1: shutdown bf3b8f25-dffd-4d70-aae5-69cf4c3dc4d1@group-881D66BC670E-LeaderElection12
2023-06-02 05:15:35,241 [bf3b8f25-dffd-4d70-aae5-69cf4c3dc4d1@group-881D66BC670E-LeaderElection12] INFO  server.RaftServer$Division (RaftServerImpl.java:setRole(329)) - bf3b8f25-dffd-4d70-aae5-69cf4c3dc4d1@group-881D66BC670E: changes role from CANDIDATE to LEADER at term 1 for changeToLeader
2023-06-02 05:15:35,241 [bf3b8f25-dffd-4d70-aae5-69cf4c3dc4d1@group-881D66BC670E-LeaderElection12] INFO  ratis.XceiverServerRatis (XceiverServerRatis.java:handleLeaderChangedNotification(902)) - Leader change notification received for group: group-881D66BC670E with new leaderId: bf3b8f25-dffd-4d70-aae5-69cf4c3dc4d1
2023-06-02 05:15:35,241 [bf3b8f25-dffd-4d70-aae5-69cf4c3dc4d1@group-881D66BC670E-LeaderElection12] INFO  server.RaftServer$Division (ServerState.java:setLeader(317)) - bf3b8f25-dffd-4d70-aae5-69cf4c3dc4d1@group-881D66BC670E: change Leader from null to bf3b8f25-dffd-4d70-aae5-69cf4c3dc4d1 at term 1 for becomeLeader, leader elected after 5264ms
2023-06-02 05:15:35,241 [bf3b8f25-dffd-4d70-aae5-69cf4c3dc4d1@group-881D66BC670E-LeaderElection12] INFO  server.RaftServerConfigKeys (ConfUtils.java:logGet(46)) - raft.server.staging.catchup.gap = 1000 (default)
2023-06-02 05:15:35,241 [bf3b8f25-dffd-4d70-aae5-69cf4c3dc4d1@group-881D66BC670E-LeaderElection12] INFO  server.RaftServerConfigKeys (ConfUtils.java:logGet(46)) - raft.server.write.element-limit = 1024 (custom)
2023-06-02 05:15:35,241 [bf3b8f25-dffd-4d70-aae5-69cf4c3dc4d1@group-881D66BC670E-LeaderElection12] INFO  server.RaftServerConfigKeys (ConfUtils.java:logGet(46)) - raft.server.write.byte-limit = 1024 M (=1073741824) (custom)
2023-06-02 05:15:35,242 [bf3b8f25-dffd-4d70-aae5-69cf4c3dc4d1@group-881D66BC670E-LeaderElection12] INFO  server.RaftServerConfigKeys (ConfUtils.java:logGet(46)) - raft.server.watch.timeout = 180s (custom)
2023-06-02 05:15:35,242 [bf3b8f25-dffd-4d70-aae5-69cf4c3dc4d1@group-881D66BC670E-LeaderElection12] INFO  server.RaftServerConfigKeys (ConfUtils.java:logGet(46)) - raft.server.watch.timeout.denomination = 1s (default)
2023-06-02 05:15:35,242 [bf3b8f25-dffd-4d70-aae5-69cf4c3dc4d1@group-881D66BC670E-LeaderElection12] INFO  server.RaftServerConfigKeys (ConfUtils.java:logGet(46)) - raft.server.watch.element-limit = 65536 (default)
2023-06-02 05:15:35,242 [bf3b8f25-dffd-4d70-aae5-69cf4c3dc4d1@group-881D66BC670E-LeaderElection12] INFO  server.RaftServerConfigKeys (ConfUtils.java:logGet(46)) - raft.server.write.element-limit = 1024 (custom)
2023-06-02 05:15:35,242 [bf3b8f25-dffd-4d70-aae5-69cf4c3dc4d1@group-881D66BC670E-LeaderElection12] INFO  server.RaftServerConfigKeys (ConfUtils.java:logGet(46)) - raft.server.write.follower.gap.ratio.max = -1.0 (default)
2023-06-02 05:15:35,249 [grpc-default-executor-5] INFO  impl.RoleInfo (RoleInfo.java:updateAndGet(139)) - 57515d40-5a2b-4760-820a-8e251d1bbde2: start 57515d40-5a2b-4760-820a-8e251d1bbde2@group-881D66BC670E-FollowerState
2023-06-02 05:15:35,250 [bf3b8f25-dffd-4d70-aae5-69cf4c3dc4d1@group-881D66BC670E-LeaderElection12] INFO  server.RaftServerConfigKeys (ConfUtils.java:logGet(46)) - raft.server.log.appender.snapshot.chunk.size.max = 16MB (=16777216) (default)
2023-06-02 05:15:35,250 [EventQueue-PipelineReportForPipelineReportHandler] INFO  pipeline.PipelineManagerImpl (PipelineManagerImpl.java:openPipeline(367)) - Pipeline Pipeline[ Id: b54f538c-23aa-47e5-a8e7-881d66bc670e, Nodes: bf3b8f25-dffd-4d70-aae5-69cf4c3dc4d1(fv-az628-647/10.1.74.1)45087365-1608-4817-8e49-1b233997f081(fv-az628-647/10.1.74.1)57515d40-5a2b-4760-820a-8e251d1bbde2(fv-az628-647/10.1.74.1), ReplicationConfig: RATIS/THREE, State:ALLOCATED, leaderId:bf3b8f25-dffd-4d70-aae5-69cf4c3dc4d1, CreationTimestamp2023-06-02T05:15:27.642Z[Etc/UTC]] moved to OPEN state
2023-06-02 05:15:35,250 [bf3b8f25-dffd-4d70-aae5-69cf4c3dc4d1@group-881D66BC670E-LeaderElection12] INFO  server.RaftServerConfigKeys (ConfUtils.java:logGet(46)) - raft.server.log.appender.buffer.byte-limit = 33554432 (custom)
2023-06-02 05:15:35,251 [bf3b8f25-dffd-4d70-aae5-69cf4c3dc4d1@group-881D66BC670E-LeaderElection12] INFO  server.RaftServerConfigKeys (ConfUtils.java:logGet(46)) - raft.server.log.appender.buffer.element-limit = 1 (custom)
2023-06-02 05:15:35,251 [bf3b8f25-dffd-4d70-aae5-69cf4c3dc4d1@group-881D66BC670E-LeaderElection12] INFO  server.RaftServerConfigKeys (ConfUtils.java:logGet(46)) - raft.server.log.appender.wait-time.min = 10ms (default)
2023-06-02 05:15:35,251 [bf3b8f25-dffd-4d70-aae5-69cf4c3dc4d1@group-881D66BC670E-LeaderElection12] INFO  grpc.GrpcConfigKeys (ConfUtils.java:logGet(46)) - raft.grpc.server.leader.outstanding.appends.max = 128 (default)
2023-06-02 05:15:35,251 [bf3b8f25-dffd-4d70-aae5-69cf4c3dc4d1@group-881D66BC670E-LeaderElection12] INFO  server.RaftServerConfigKeys (ConfUtils.java:logGet(46)) - raft.server.rpc.request.timeout = 60s (custom)
2023-06-02 05:15:35,251 [bf3b8f25-dffd-4d70-aae5-69cf4c3dc4d1@group-881D66BC670E-LeaderElection12] INFO  grpc.GrpcConfigKeys (ConfUtils.java:logGet(46)) - raft.grpc.server.install_snapshot.request.element-limit = 8 (default)
2023-06-02 05:15:35,251 [bf3b8f25-dffd-4d70-aae5-69cf4c3dc4d1@group-881D66BC670E-LeaderElection12] INFO  grpc.GrpcConfigKeys (ConfUtils.java:logGet(46)) - raft.grpc.server.install_snapshot.request.timeout = 3000ms (default)
2023-06-02 05:15:35,252 [bf3b8f25-dffd-4d70-aae5-69cf4c3dc4d1@group-881D66BC670E-LeaderElection12] INFO  server.RaftServerConfigKeys (ConfUtils.java:logGet(46)) - raft.server.log.appender.install.snapshot.enabled = false (custom)
2023-06-02 05:15:35,252 [bf3b8f25-dffd-4d70-aae5-69cf4c3dc4d1@group-881D66BC670E-LeaderElection12] INFO  grpc.GrpcConfigKeys (ConfUtils.java:logGet(46)) - raft.grpc.server.heartbeat.channel = true (default)
2023-06-02 05:15:35,253 [bf3b8f25-dffd-4d70-aae5-69cf4c3dc4d1@group-881D66BC670E-LeaderElection12] INFO  server.RaftServerConfigKeys (ConfUtils.java:logGet(46)) - raft.server.log.appender.snapshot.chunk.size.max = 16MB (=16777216) (default)
2023-06-02 05:15:35,253 [bf3b8f25-dffd-4d70-aae5-69cf4c3dc4d1@group-881D66BC670E-LeaderElection12] INFO  server.RaftServerConfigKeys (ConfUtils.java:logGet(46)) - raft.server.log.appender.buffer.byte-limit = 33554432 (custom)
2023-06-02 05:15:35,253 [bf3b8f25-dffd-4d70-aae5-69cf4c3dc4d1@group-881D66BC670E-LeaderElection12] INFO  server.RaftServerConfigKeys (ConfUtils.java:logGet(46)) - raft.server.log.appender.buffer.element-limit = 1 (custom)
2023-06-02 05:15:35,253 [bf3b8f25-dffd-4d70-aae5-69cf4c3dc4d1@group-881D66BC670E-LeaderElection12] INFO  server.RaftServerConfigKeys (ConfUtils.java:logGet(46)) - raft.server.log.appender.wait-time.min = 10ms (default)
2023-06-02 05:15:35,253 [bf3b8f25-dffd-4d70-aae5-69cf4c3dc4d1@group-881D66BC670E-LeaderElection12] INFO  grpc.GrpcConfigKeys (ConfUtils.java:logGet(46)) - raft.grpc.server.leader.outstanding.appends.max = 128 (default)
2023-06-02 05:15:35,253 [bf3b8f25-dffd-4d70-aae5-69cf4c3dc4d1@group-881D66BC670E-LeaderElection12] INFO  server.RaftServerConfigKeys (ConfUtils.java:logGet(46)) - raft.server.rpc.request.timeout = 60s (custom)
2023-06-02 05:15:35,253 [bf3b8f25-dffd-4d70-aae5-69cf4c3dc4d1@group-881D66BC670E-LeaderElection12] INFO  grpc.GrpcConfigKeys (ConfUtils.java:logGet(46)) - raft.grpc.server.install_snapshot.request.element-limit = 8 (default)
2023-06-02 05:15:35,253 [grpc-default-executor-5] INFO  server.RaftServer$Division (RaftServerImpl.java:requestVote(1335)) - 57515d40-5a2b-4760-820a-8e251d1bbde2@group-881D66BC670E replies to ELECTION vote request: bf3b8f25-dffd-4d70-aae5-69cf4c3dc4d1<-57515d40-5a2b-4760-820a-8e251d1bbde2#0:OK-t1. Peer's state: 57515d40-5a2b-4760-820a-8e251d1bbde2@group-881D66BC670E:t1, leader=null, voted=bf3b8f25-dffd-4d70-aae5-69cf4c3dc4d1, raftlog=Memoized:57515d40-5a2b-4760-820a-8e251d1bbde2@group-881D66BC670E-SegmentedRaftLog:OPENED:c-1, conf=-1: peers:[bf3b8f25-dffd-4d70-aae5-69cf4c3dc4d1|rpc:10.1.74.1:15050|admin:10.1.74.1:15049|client:10.1.74.1:15048|dataStream:10.1.74.1:15051|priority:1|startupRole:FOLLOWER, 45087365-1608-4817-8e49-1b233997f081|rpc:10.1.74.1:15041|admin:10.1.74.1:15040|client:10.1.74.1:15039|dataStream:10.1.74.1:15042|priority:0|startupRole:FOLLOWER, 57515d40-5a2b-4760-820a-8e251d1bbde2|rpc:10.1.74.1:15059|admin:10.1.74.1:15058|client:10.1.74.1:15057|dataStream:10.1.74.1:15060|priority:0|startupRole:FOLLOWER]|listeners:[], old=null
2023-06-02 05:15:35,254 [bf3b8f25-dffd-4d70-aae5-69cf4c3dc4d1@group-881D66BC670E-LeaderElection12] INFO  grpc.GrpcConfigKeys (ConfUtils.java:logGet(46)) - raft.grpc.server.install_snapshot.request.timeout = 3000ms (default)
2023-06-02 05:15:35,254 [bf3b8f25-dffd-4d70-aae5-69cf4c3dc4d1@group-881D66BC670E-LeaderElection12] INFO  server.RaftServerConfigKeys (ConfUtils.java:logGet(46)) - raft.server.log.appender.install.snapshot.enabled = false (custom)
2023-06-02 05:15:35,254 [bf3b8f25-dffd-4d70-aae5-69cf4c3dc4d1@group-881D66BC670E-LeaderElection12] INFO  grpc.GrpcConfigKeys (ConfUtils.java:logGet(46)) - raft.grpc.server.heartbeat.channel = true (default)
2023-06-02 05:15:35,266 [bf3b8f25-dffd-4d70-aae5-69cf4c3dc4d1@group-881D66BC670E-LeaderElection12] INFO  impl.RoleInfo (RoleInfo.java:updateAndGet(139)) - bf3b8f25-dffd-4d70-aae5-69cf4c3dc4d1: start bf3b8f25-dffd-4d70-aae5-69cf4c3dc4d1@group-881D66BC670E-LeaderStateImpl
2023-06-02 05:15:35,268 [bf3b8f25-dffd-4d70-aae5-69cf4c3dc4d1@group-881D66BC670E-LeaderElection12] INFO  segmented.SegmentedRaftLogWorker (SegmentedRaftLogWorker.java:startLogSegment(447)) - bf3b8f25-dffd-4d70-aae5-69cf4c3dc4d1@group-881D66BC670E-SegmentedRaftLogWorker: Starting segment from index:0
2023-06-02 05:15:35,271 [bf3b8f25-dffd-4d70-aae5-69cf4c3dc4d1@group-881D66BC670E-SegmentedRaftLogWorker] INFO  segmented.SegmentedRaftLogWorker (SegmentedRaftLogWorker.java:execute(651)) - bf3b8f25-dffd-4d70-aae5-69cf4c3dc4d1@group-881D66BC670E-SegmentedRaftLogWorker: created new log segment /home/runner/work/ozone/ozone/hadoop-ozone/integration-test/target/test-dir/MiniOzoneClusterImpl-4e6c5432-da36-405d-b7f1-05871ead9573/datanode-4/data/ratis/b54f538c-23aa-47e5-a8e7-881d66bc670e/current/log_inprogress_0
2023-06-02 05:15:35,307 [bf3b8f25-dffd-4d70-aae5-69cf4c3dc4d1@group-881D66BC670E-LeaderElection12] INFO  server.RaftServer$Division (ServerState.java:setRaftConf(434)) - bf3b8f25-dffd-4d70-aae5-69cf4c3dc4d1@group-881D66BC670E: set configuration 0: peers:[bf3b8f25-dffd-4d70-aae5-69cf4c3dc4d1|rpc:10.1.74.1:15050|admin:10.1.74.1:15049|client:10.1.74.1:15048|dataStream:10.1.74.1:15051|priority:1|startupRole:FOLLOWER, 45087365-1608-4817-8e49-1b233997f081|rpc:10.1.74.1:15041|admin:10.1.74.1:15040|client:10.1.74.1:15039|dataStream:10.1.74.1:15042|priority:0|startupRole:FOLLOWER, 57515d40-5a2b-4760-820a-8e251d1bbde2|rpc:10.1.74.1:15059|admin:10.1.74.1:15058|client:10.1.74.1:15057|dataStream:10.1.74.1:15060|priority:0|startupRole:FOLLOWER]|listeners:[], old=null
2023-06-02 05:15:35,310 [45087365-1608-4817-8e49-1b233997f081-server-thread1] INFO  ratis.XceiverServerRatis (XceiverServerRatis.java:handleLeaderChangedNotification(902)) - Leader change notification received for group: group-881D66BC670E with new leaderId: bf3b8f25-dffd-4d70-aae5-69cf4c3dc4d1
2023-06-02 05:15:35,310 [45087365-1608-4817-8e49-1b233997f081-server-thread1] INFO  server.RaftServer$Division (ServerState.java:setLeader(317)) - 45087365-1608-4817-8e49-1b233997f081@group-881D66BC670E: change Leader from null to bf3b8f25-dffd-4d70-aae5-69cf4c3dc4d1 at term 1 for appendEntries, leader elected after 5421ms
2023-06-02 05:15:35,320 [45087365-1608-4817-8e49-1b233997f081@group-7A464BC2D816-FollowerState] INFO  impl.FollowerState (FollowerState.java:run(143)) - 45087365-1608-4817-8e49-1b233997f081@group-7A464BC2D816-FollowerState: change to CANDIDATE, lastRpcElapsedTime:5135960741ns, electionTimeout:5129ms
2023-06-02 05:15:35,320 [45087365-1608-4817-8e49-1b233997f081@group-7A464BC2D816-FollowerState] INFO  impl.RoleInfo (RoleInfo.java:shutdownFollowerState(110)) - 45087365-1608-4817-8e49-1b233997f081: shutdown 45087365-1608-4817-8e49-1b233997f081@group-7A464BC2D816-FollowerState
2023-06-02 05:15:35,321 [45087365-1608-4817-8e49-1b233997f081@group-7A464BC2D816-FollowerState] INFO  server.RaftServer$Division (RaftServerImpl.java:setRole(329)) - 45087365-1608-4817-8e49-1b233997f081@group-7A464BC2D816: changes role from  FOLLOWER to CANDIDATE at term 0 for changeToCandidate
2023-06-02 05:15:35,324 [57515d40-5a2b-4760-820a-8e251d1bbde2-server-thread1] INFO  ratis.XceiverServerRatis (XceiverServerRatis.java:handleLeaderChangedNotification(902)) - Leader change notification received for group: group-881D66BC670E with new leaderId: bf3b8f25-dffd-4d70-aae5-69cf4c3dc4d1
2023-06-02 05:15:35,324 [57515d40-5a2b-4760-820a-8e251d1bbde2-server-thread1] INFO  server.RaftServer$Division (ServerState.java:setLeader(317)) - 57515d40-5a2b-4760-820a-8e251d1bbde2@group-881D66BC670E: change Leader from null to bf3b8f25-dffd-4d70-aae5-69cf4c3dc4d1 at term 1 for appendEntries, leader elected after 5252ms
2023-06-02 05:15:35,331 [45087365-1608-4817-8e49-1b233997f081@group-7A464BC2D816-FollowerState] INFO  server.RaftServerConfigKeys (ConfUtils.java:logGet(46)) - raft.server.leaderelection.pre-vote = true (default)
2023-06-02 05:15:35,331 [45087365-1608-4817-8e49-1b233997f081@group-7A464BC2D816-FollowerState] INFO  impl.RoleInfo (RoleInfo.java:updateAndGet(139)) - 45087365-1608-4817-8e49-1b233997f081: start 45087365-1608-4817-8e49-1b233997f081@group-7A464BC2D816-LeaderElection13
2023-06-02 05:15:35,331 [45087365-1608-4817-8e49-1b233997f081-server-thread2] INFO  server.RaftServer$Division (ServerState.java:setRaftConf(434)) - 45087365-1608-4817-8e49-1b233997f081@group-881D66BC670E: set configuration 0: peers:[bf3b8f25-dffd-4d70-aae5-69cf4c3dc4d1|rpc:10.1.74.1:15050|admin:10.1.74.1:15049|client:10.1.74.1:15048|dataStream:10.1.74.1:15051|priority:1|startupRole:FOLLOWER, 45087365-1608-4817-8e49-1b233997f081|rpc:10.1.74.1:15041|admin:10.1.74.1:15040|client:10.1.74.1:15039|dataStream:10.1.74.1:15042|priority:0|startupRole:FOLLOWER, 57515d40-5a2b-4760-820a-8e251d1bbde2|rpc:10.1.74.1:15059|admin:10.1.74.1:15058|client:10.1.74.1:15057|dataStream:10.1.74.1:15060|priority:0|startupRole:FOLLOWER]|listeners:[], old=null
2023-06-02 05:15:35,336 [45087365-1608-4817-8e49-1b233997f081-server-thread2] INFO  segmented.SegmentedRaftLogWorker (SegmentedRaftLogWorker.java:startLogSegment(447)) - 45087365-1608-4817-8e49-1b233997f081@group-881D66BC670E-SegmentedRaftLogWorker: Starting segment from index:0
2023-06-02 05:15:35,344 [57515d40-5a2b-4760-820a-8e251d1bbde2-server-thread2] INFO  server.RaftServer$Division (ServerState.java:setRaftConf(434)) - 57515d40-5a2b-4760-820a-8e251d1bbde2@group-881D66BC670E: set configuration 0: peers:[bf3b8f25-dffd-4d70-aae5-69cf4c3dc4d1|rpc:10.1.74.1:15050|admin:10.1.74.1:15049|client:10.1.74.1:15048|dataStream:10.1.74.1:15051|priority:1|startupRole:FOLLOWER, 45087365-1608-4817-8e49-1b233997f081|rpc:10.1.74.1:15041|admin:10.1.74.1:15040|client:10.1.74.1:15039|dataStream:10.1.74.1:15042|priority:0|startupRole:FOLLOWER, 57515d40-5a2b-4760-820a-8e251d1bbde2|rpc:10.1.74.1:15059|admin:10.1.74.1:15058|client:10.1.74.1:15057|dataStream:10.1.74.1:15060|priority:0|startupRole:FOLLOWER]|listeners:[], old=null
2023-06-02 05:15:35,346 [45087365-1608-4817-8e49-1b233997f081@group-881D66BC670E-SegmentedRaftLogWorker] INFO  segmented.SegmentedRaftLogWorker (SegmentedRaftLogWorker.java:execute(651)) - 45087365-1608-4817-8e49-1b233997f081@group-881D66BC670E-SegmentedRaftLogWorker: created new log segment /home/runner/work/ozone/ozone/hadoop-ozone/integration-test/target/test-dir/MiniOzoneClusterImpl-4e6c5432-da36-405d-b7f1-05871ead9573/datanode-3/data/ratis/b54f538c-23aa-47e5-a8e7-881d66bc670e/current/log_inprogress_0
2023-06-02 05:15:35,357 [57515d40-5a2b-4760-820a-8e251d1bbde2-server-thread2] INFO  segmented.SegmentedRaftLogWorker (SegmentedRaftLogWorker.java:startLogSegment(447)) - 57515d40-5a2b-4760-820a-8e251d1bbde2@group-881D66BC670E-SegmentedRaftLogWorker: Starting segment from index:0
2023-06-02 05:15:35,359 [45087365-1608-4817-8e49-1b233997f081@group-7A464BC2D816-LeaderElection13] INFO  impl.LeaderElection (LeaderElection.java:askForVotes(321)) - 45087365-1608-4817-8e49-1b233997f081@group-7A464BC2D816-LeaderElection13 PRE_VOTE round 0: submit vote requests at term 0 for -1: peers:[bf3b8f25-dffd-4d70-aae5-69cf4c3dc4d1|rpc:10.1.74.1:15050|admin:10.1.74.1:15049|client:10.1.74.1:15048|dataStream:10.1.74.1:15051|priority:0|startupRole:FOLLOWER, 45087365-1608-4817-8e49-1b233997f081|rpc:10.1.74.1:15041|admin:10.1.74.1:15040|client:10.1.74.1:15039|dataStream:10.1.74.1:15042|priority:0|startupRole:FOLLOWER, 57515d40-5a2b-4760-820a-8e251d1bbde2|rpc:10.1.74.1:15059|admin:10.1.74.1:15058|client:10.1.74.1:15057|dataStream:10.1.74.1:15060|priority:1|startupRole:FOLLOWER]|listeners:[], old=null
2023-06-02 05:15:35,360 [45087365-1608-4817-8e49-1b233997f081@group-7A464BC2D816-LeaderElection13] INFO  server.RaftServerConfigKeys (ConfUtils.java:logFallback(53)) - raft.server.rpc.first-election.timeout.min = 5s (fallback to raft.server.rpc.timeout.min)
2023-06-02 05:15:35,360 [45087365-1608-4817-8e49-1b233997f081@group-7A464BC2D816-LeaderElection13] INFO  server.RaftServerConfigKeys (ConfUtils.java:logFallback(53)) - raft.server.rpc.first-election.timeout.max = 5200ms (fallback to raft.server.rpc.timeout.max)
2023-06-02 05:15:35,371 [grpc-default-executor-5] INFO  server.RaftServer$Division (RaftServerImpl.java:requestVote(1302)) - bf3b8f25-dffd-4d70-aae5-69cf4c3dc4d1@group-7A464BC2D816: receive requestVote(PRE_VOTE, 45087365-1608-4817-8e49-1b233997f081, group-7A464BC2D816, 0, (t:0, i:0))
2023-06-02 05:15:35,372 [grpc-default-executor-5] INFO  impl.VoteContext (VoteContext.java:log(49)) - bf3b8f25-dffd-4d70-aae5-69cf4c3dc4d1@group-7A464BC2D816-FOLLOWER: accept PRE_VOTE from 45087365-1608-4817-8e49-1b233997f081: our priority 0 <= candidate's priority 0
2023-06-02 05:15:35,372 [grpc-default-executor-5] INFO  server.RaftServer$Division (RaftServerImpl.java:requestVote(1335)) - bf3b8f25-dffd-4d70-aae5-69cf4c3dc4d1@group-7A464BC2D816 replies to PRE_VOTE vote request: 45087365-1608-4817-8e49-1b233997f081<-bf3b8f25-dffd-4d70-aae5-69cf4c3dc4d1#0:OK-t0. Peer's state: bf3b8f25-dffd-4d70-aae5-69cf4c3dc4d1@group-7A464BC2D816:t0, leader=null, voted=, raftlog=Memoized:bf3b8f25-dffd-4d70-aae5-69cf4c3dc4d1@group-7A464BC2D816-SegmentedRaftLog:OPENED:c-1, conf=-1: peers:[bf3b8f25-dffd-4d70-aae5-69cf4c3dc4d1|rpc:10.1.74.1:15050|admin:10.1.74.1:15049|client:10.1.74.1:15048|dataStream:10.1.74.1:15051|priority:0|startupRole:FOLLOWER, 45087365-1608-4817-8e49-1b233997f081|rpc:10.1.74.1:15041|admin:10.1.74.1:15040|client:10.1.74.1:15039|dataStream:10.1.74.1:15042|priority:0|startupRole:FOLLOWER, 57515d40-5a2b-4760-820a-8e251d1bbde2|rpc:10.1.74.1:15059|admin:10.1.74.1:15058|client:10.1.74.1:15057|dataStream:10.1.74.1:15060|priority:1|startupRole:FOLLOWER]|listeners:[], old=null
2023-06-02 05:15:35,372 [grpc-default-executor-4] INFO  server.RaftServer$Division (RaftServerImpl.java:requestVote(1302)) - 57515d40-5a2b-4760-820a-8e251d1bbde2@group-7A464BC2D816: receive requestVote(PRE_VOTE, 45087365-1608-4817-8e49-1b233997f081, group-7A464BC2D816, 0, (t:0, i:0))
2023-06-02 05:15:35,372 [57515d40-5a2b-4760-820a-8e251d1bbde2@group-881D66BC670E-SegmentedRaftLogWorker] INFO  segmented.SegmentedRaftLogWorker (SegmentedRaftLogWorker.java:execute(651)) - 57515d40-5a2b-4760-820a-8e251d1bbde2@group-881D66BC670E-SegmentedRaftLogWorker: created new log segment /home/runner/work/ozone/ozone/hadoop-ozone/integration-test/target/test-dir/MiniOzoneClusterImpl-4e6c5432-da36-405d-b7f1-05871ead9573/datanode-5/data/ratis/b54f538c-23aa-47e5-a8e7-881d66bc670e/current/log_inprogress_0
2023-06-02 05:15:35,373 [grpc-default-executor-4] INFO  impl.VoteContext (VoteContext.java:log(49)) - 57515d40-5a2b-4760-820a-8e251d1bbde2@group-7A464BC2D816-FOLLOWER: reject PRE_VOTE from 45087365-1608-4817-8e49-1b233997f081: our priority 1 > candidate's priority 0
2023-06-02 05:15:35,373 [grpc-default-executor-4] INFO  server.RaftServer$Division (RaftServerImpl.java:requestVote(1335)) - 57515d40-5a2b-4760-820a-8e251d1bbde2@group-7A464BC2D816 replies to PRE_VOTE vote request: 45087365-1608-4817-8e49-1b233997f081<-57515d40-5a2b-4760-820a-8e251d1bbde2#0:FAIL-t0. Peer's state: 57515d40-5a2b-4760-820a-8e251d1bbde2@group-7A464BC2D816:t0, leader=null, voted=, raftlog=Memoized:57515d40-5a2b-4760-820a-8e251d1bbde2@group-7A464BC2D816-SegmentedRaftLog:OPENED:c-1, conf=-1: peers:[bf3b8f25-dffd-4d70-aae5-69cf4c3dc4d1|rpc:10.1.74.1:15050|admin:10.1.74.1:15049|client:10.1.74.1:15048|dataStream:10.1.74.1:15051|priority:0|startupRole:FOLLOWER, 45087365-1608-4817-8e49-1b233997f081|rpc:10.1.74.1:15041|admin:10.1.74.1:15040|client:10.1.74.1:15039|dataStream:10.1.74.1:15042|priority:0|startupRole:FOLLOWER, 57515d40-5a2b-4760-820a-8e251d1bbde2|rpc:10.1.74.1:15059|admin:10.1.74.1:15058|client:10.1.74.1:15057|dataStream:10.1.74.1:15060|priority:1|startupRole:FOLLOWER]|listeners:[], old=null
2023-06-02 05:15:35,376 [45087365-1608-4817-8e49-1b233997f081@group-7A464BC2D816-LeaderElection13] INFO  impl.LeaderElection (LeaderElection.java:logAndReturn(90)) - 45087365-1608-4817-8e49-1b233997f081@group-7A464BC2D816-LeaderElection13: PRE_VOTE REJECTED received 2 response(s) and 0 exception(s):
2023-06-02 05:15:35,376 [45087365-1608-4817-8e49-1b233997f081@group-7A464BC2D816-LeaderElection13] INFO  impl.LeaderElection (LeaderElection.java:logAndReturn(94)) -   Response 0: 45087365-1608-4817-8e49-1b233997f081<-bf3b8f25-dffd-4d70-aae5-69cf4c3dc4d1#0:OK-t0
2023-06-02 05:15:35,376 [45087365-1608-4817-8e49-1b233997f081@group-7A464BC2D816-LeaderElection13] INFO  impl.LeaderElection (LeaderElection.java:logAndReturn(94)) -   Response 1: 45087365-1608-4817-8e49-1b233997f081<-57515d40-5a2b-4760-820a-8e251d1bbde2#0:FAIL-t0
2023-06-02 05:15:35,376 [45087365-1608-4817-8e49-1b233997f081@group-7A464BC2D816-LeaderElection13] INFO  impl.LeaderElection (LeaderElection.java:askForVotes(323)) - 45087365-1608-4817-8e49-1b233997f081@group-7A464BC2D816-LeaderElection13 PRE_VOTE round 0: result REJECTED
2023-06-02 05:15:35,376 [45087365-1608-4817-8e49-1b233997f081@group-7A464BC2D816-LeaderElection13] INFO  server.RaftServer$Division (RaftServerImpl.java:setRole(329)) - 45087365-1608-4817-8e49-1b233997f081@group-7A464BC2D816: changes role from CANDIDATE to FOLLOWER at term 0 for REJECTED
2023-06-02 05:15:35,376 [45087365-1608-4817-8e49-1b233997f081@group-7A464BC2D816-LeaderElection13] INFO  impl.RoleInfo (RoleInfo.java:shutdownLeaderElection(130)) - 45087365-1608-4817-8e49-1b233997f081: shutdown 45087365-1608-4817-8e49-1b233997f081@group-7A464BC2D816-LeaderElection13
2023-06-02 05:15:35,376 [45087365-1608-4817-8e49-1b233997f081@group-7A464BC2D816-LeaderElection13] INFO  impl.RoleInfo (RoleInfo.java:updateAndGet(139)) - 45087365-1608-4817-8e49-1b233997f081: start 45087365-1608-4817-8e49-1b233997f081@group-7A464BC2D816-FollowerState
2023-06-02 05:15:35,657 [bf3b8f25-dffd-4d70-aae5-69cf4c3dc4d1@group-2B54BE9755F4-FollowerState] INFO  impl.FollowerState (FollowerState.java:run(143)) - bf3b8f25-dffd-4d70-aae5-69cf4c3dc4d1@group-2B54BE9755F4-FollowerState: change to CANDIDATE, lastRpcElapsedTime:5020213556ns, electionTimeout:5019ms
2023-06-02 05:15:35,657 [bf3b8f25-dffd-4d70-aae5-69cf4c3dc4d1@group-2B54BE9755F4-FollowerState] INFO  impl.RoleInfo (RoleInfo.java:shutdownFollowerState(110)) - bf3b8f25-dffd-4d70-aae5-69cf4c3dc4d1: shutdown bf3b8f25-dffd-4d70-aae5-69cf4c3dc4d1@group-2B54BE9755F4-FollowerState
2023-06-02 05:15:35,658 [bf3b8f25-dffd-4d70-aae5-69cf4c3dc4d1@group-2B54BE9755F4-FollowerState] INFO  server.RaftServer$Division (RaftServerImpl.java:setRole(329)) - bf3b8f25-dffd-4d70-aae5-69cf4c3dc4d1@group-2B54BE9755F4: changes role from  FOLLOWER to CANDIDATE at term 0 for changeToCandidate
2023-06-02 05:15:35,658 [bf3b8f25-dffd-4d70-aae5-69cf4c3dc4d1@group-2B54BE9755F4-FollowerState] INFO  server.RaftServerConfigKeys (ConfUtils.java:logGet(46)) - raft.server.leaderelection.pre-vote = true (default)
2023-06-02 05:15:35,658 [bf3b8f25-dffd-4d70-aae5-69cf4c3dc4d1@group-2B54BE9755F4-FollowerState] INFO  impl.RoleInfo (RoleInfo.java:updateAndGet(139)) - bf3b8f25-dffd-4d70-aae5-69cf4c3dc4d1: start bf3b8f25-dffd-4d70-aae5-69cf4c3dc4d1@group-2B54BE9755F4-LeaderElection14
2023-06-02 05:15:35,666 [bf3b8f25-dffd-4d70-aae5-69cf4c3dc4d1@group-2B54BE9755F4-LeaderElection14] INFO  impl.LeaderElection (LeaderElection.java:askForVotes(321)) - bf3b8f25-dffd-4d70-aae5-69cf4c3dc4d1@group-2B54BE9755F4-LeaderElection14 PRE_VOTE round 0: submit vote requests at term 0 for -1: peers:[bf3b8f25-dffd-4d70-aae5-69cf4c3dc4d1|rpc:10.1.74.1:15050|admin:10.1.74.1:15049|client:10.1.74.1:15048|dataStream:10.1.74.1:15051|priority:1|startupRole:FOLLOWER]|listeners:[], old=null
2023-06-02 05:15:35,666 [bf3b8f25-dffd-4d70-aae5-69cf4c3dc4d1@group-2B54BE9755F4-LeaderElection14] INFO  impl.LeaderElection (LeaderElection.java:askForVotes(323)) - bf3b8f25-dffd-4d70-aae5-69cf4c3dc4d1@group-2B54BE9755F4-LeaderElection14 PRE_VOTE round 0: result PASSED (term=0)
2023-06-02 05:15:35,668 [bf3b8f25-dffd-4d70-aae5-69cf4c3dc4d1@group-2B54BE9755F4-LeaderElection14] INFO  impl.LeaderElection (LeaderElection.java:askForVotes(321)) - bf3b8f25-dffd-4d70-aae5-69cf4c3dc4d1@group-2B54BE9755F4-LeaderElection14 ELECTION round 0: submit vote requests at term 1 for -1: peers:[bf3b8f25-dffd-4d70-aae5-69cf4c3dc4d1|rpc:10.1.74.1:15050|admin:10.1.74.1:15049|client:10.1.74.1:15048|dataStream:10.1.74.1:15051|priority:1|startupRole:FOLLOWER]|listeners:[], old=null
2023-06-02 05:15:35,668 [bf3b8f25-dffd-4d70-aae5-69cf4c3dc4d1@group-2B54BE9755F4-LeaderElection14] INFO  impl.LeaderElection (LeaderElection.java:askForVotes(323)) - bf3b8f25-dffd-4d70-aae5-69cf4c3dc4d1@group-2B54BE9755F4-LeaderElection14 ELECTION round 0: result PASSED (term=1)
2023-06-02 05:15:35,668 [bf3b8f25-dffd-4d70-aae5-69cf4c3dc4d1@group-2B54BE9755F4-LeaderElection14] INFO  impl.RoleInfo (RoleInfo.java:shutdownLeaderElection(130)) - bf3b8f25-dffd-4d70-aae5-69cf4c3dc4d1: shutdown bf3b8f25-dffd-4d70-aae5-69cf4c3dc4d1@group-2B54BE9755F4-LeaderElection14
2023-06-02 05:15:35,668 [bf3b8f25-dffd-4d70-aae5-69cf4c3dc4d1@group-2B54BE9755F4-LeaderElection14] INFO  server.RaftServer$Division (RaftServerImpl.java:setRole(329)) - bf3b8f25-dffd-4d70-aae5-69cf4c3dc4d1@group-2B54BE9755F4: changes role from CANDIDATE to LEADER at term 1 for changeToLeader
2023-06-02 05:15:35,668 [bf3b8f25-dffd-4d70-aae5-69cf4c3dc4d1@group-2B54BE9755F4-LeaderElection14] INFO  ratis.XceiverServerRatis (XceiverServerRatis.java:handleLeaderChangedNotification(902)) - Leader change notification received for group: group-2B54BE9755F4 with new leaderId: bf3b8f25-dffd-4d70-aae5-69cf4c3dc4d1
2023-06-02 05:15:35,669 [bf3b8f25-dffd-4d70-aae5-69cf4c3dc4d1@group-2B54BE9755F4-LeaderElection14] INFO  server.RaftServer$Division (ServerState.java:setLeader(317)) - bf3b8f25-dffd-4d70-aae5-69cf4c3dc4d1@group-2B54BE9755F4: change Leader from null to bf3b8f25-dffd-4d70-aae5-69cf4c3dc4d1 at term 1 for becomeLeader, leader elected after 5484ms
2023-06-02 05:15:35,669 [bf3b8f25-dffd-4d70-aae5-69cf4c3dc4d1@group-2B54BE9755F4-LeaderElection14] INFO  server.RaftServerConfigKeys (ConfUtils.java:logGet(46)) - raft.server.staging.catchup.gap = 1000 (default)
2023-06-02 05:15:35,678 [bf3b8f25-dffd-4d70-aae5-69cf4c3dc4d1@group-2B54BE9755F4-LeaderElection14] INFO  server.RaftServerConfigKeys (ConfUtils.java:logGet(46)) - raft.server.write.element-limit = 1024 (custom)
2023-06-02 05:15:35,678 [bf3b8f25-dffd-4d70-aae5-69cf4c3dc4d1@group-2B54BE9755F4-LeaderElection14] INFO  server.RaftServerConfigKeys (ConfUtils.java:logGet(46)) - raft.server.write.byte-limit = 1024 M (=1073741824) (custom)
2023-06-02 05:15:35,679 [bf3b8f25-dffd-4d70-aae5-69cf4c3dc4d1@group-2B54BE9755F4-LeaderElection14] INFO  server.RaftServerConfigKeys (ConfUtils.java:logGet(46)) - raft.server.watch.timeout = 180s (custom)
2023-06-02 05:15:35,679 [bf3b8f25-dffd-4d70-aae5-69cf4c3dc4d1@group-2B54BE9755F4-LeaderElection14] INFO  server.RaftServerConfigKeys (ConfUtils.java:logGet(46)) - raft.server.watch.timeout.denomination = 1s (default)
2023-06-02 05:15:35,682 [bf3b8f25-dffd-4d70-aae5-69cf4c3dc4d1@group-2B54BE9755F4-LeaderElection14] INFO  server.RaftServerConfigKeys (ConfUtils.java:logGet(46)) - raft.server.watch.element-limit = 65536 (default)
2023-06-02 05:15:35,683 [bf3b8f25-dffd-4d70-aae5-69cf4c3dc4d1@group-2B54BE9755F4-LeaderElection14] INFO  server.RaftServerConfigKeys (ConfUtils.java:logGet(46)) - raft.server.write.element-limit = 1024 (custom)
2023-06-02 05:15:35,683 [bf3b8f25-dffd-4d70-aae5-69cf4c3dc4d1@group-2B54BE9755F4-LeaderElection14] INFO  server.RaftServerConfigKeys (ConfUtils.java:logGet(46)) - raft.server.write.follower.gap.ratio.max = -1.0 (default)
2023-06-02 05:15:35,683 [bf3b8f25-dffd-4d70-aae5-69cf4c3dc4d1@group-2B54BE9755F4-LeaderElection14] INFO  impl.RoleInfo (RoleInfo.java:updateAndGet(139)) - bf3b8f25-dffd-4d70-aae5-69cf4c3dc4d1: start bf3b8f25-dffd-4d70-aae5-69cf4c3dc4d1@group-2B54BE9755F4-LeaderStateImpl
2023-06-02 05:15:35,684 [bf3b8f25-dffd-4d70-aae5-69cf4c3dc4d1@group-2B54BE9755F4-LeaderElection14] INFO  segmented.SegmentedRaftLogWorker (SegmentedRaftLogWorker.java:startLogSegment(447)) - bf3b8f25-dffd-4d70-aae5-69cf4c3dc4d1@group-2B54BE9755F4-SegmentedRaftLogWorker: Starting segment from index:0
2023-06-02 05:15:35,685 [bf3b8f25-dffd-4d70-aae5-69cf4c3dc4d1@group-2B54BE9755F4-SegmentedRaftLogWorker] INFO  segmented.SegmentedRaftLogWorker (SegmentedRaftLogWorker.java:execute(651)) - bf3b8f25-dffd-4d70-aae5-69cf4c3dc4d1@group-2B54BE9755F4-SegmentedRaftLogWorker: created new log segment /home/runner/work/ozone/ozone/hadoop-ozone/integration-test/target/test-dir/MiniOzoneClusterImpl-4e6c5432-da36-405d-b7f1-05871ead9573/datanode-4/data/ratis/8a8521d7-629c-41da-a6fb-2b54be9755f4/current/log_inprogress_0
2023-06-02 05:15:35,693 [bf3b8f25-dffd-4d70-aae5-69cf4c3dc4d1@group-2B54BE9755F4-LeaderElection14] INFO  server.RaftServer$Division (ServerState.java:setRaftConf(434)) - bf3b8f25-dffd-4d70-aae5-69cf4c3dc4d1@group-2B54BE9755F4: set configuration 0: peers:[bf3b8f25-dffd-4d70-aae5-69cf4c3dc4d1|rpc:10.1.74.1:15050|admin:10.1.74.1:15049|client:10.1.74.1:15048|dataStream:10.1.74.1:15051|priority:1|startupRole:FOLLOWER]|listeners:[], old=null
2023-06-02 05:15:35,702 [57515d40-5a2b-4760-820a-8e251d1bbde2@group-7A464BC2D816-FollowerState] INFO  impl.FollowerState (FollowerState.java:run(143)) - 57515d40-5a2b-4760-820a-8e251d1bbde2@group-7A464BC2D816-FollowerState: change to CANDIDATE, lastRpcElapsedTime:5054084060ns, electionTimeout:5044ms
2023-06-02 05:15:35,703 [57515d40-5a2b-4760-820a-8e251d1bbde2@group-7A464BC2D816-FollowerState] INFO  impl.RoleInfo (RoleInfo.java:shutdownFollowerState(110)) - 57515d40-5a2b-4760-820a-8e251d1bbde2: shutdown 57515d40-5a2b-4760-820a-8e251d1bbde2@group-7A464BC2D816-FollowerState
2023-06-02 05:15:35,703 [57515d40-5a2b-4760-820a-8e251d1bbde2@group-7A464BC2D816-FollowerState] INFO  server.RaftServer$Division (RaftServerImpl.java:setRole(329)) - 57515d40-5a2b-4760-820a-8e251d1bbde2@group-7A464BC2D816: changes role from  FOLLOWER to CANDIDATE at term 0 for changeToCandidate
2023-06-02 05:15:35,703 [57515d40-5a2b-4760-820a-8e251d1bbde2@group-7A464BC2D816-FollowerState] INFO  server.RaftServerConfigKeys (ConfUtils.java:logGet(46)) - raft.server.leaderelection.pre-vote = true (default)
2023-06-02 05:15:35,703 [57515d40-5a2b-4760-820a-8e251d1bbde2@group-7A464BC2D816-FollowerState] INFO  impl.RoleInfo (RoleInfo.java:updateAndGet(139)) - 57515d40-5a2b-4760-820a-8e251d1bbde2: start 57515d40-5a2b-4760-820a-8e251d1bbde2@group-7A464BC2D816-LeaderElection15
2023-06-02 05:15:35,705 [57515d40-5a2b-4760-820a-8e251d1bbde2@group-7A464BC2D816-LeaderElection15] INFO  impl.LeaderElection (LeaderElection.java:askForVotes(321)) - 57515d40-5a2b-4760-820a-8e251d1bbde2@group-7A464BC2D816-LeaderElection15 PRE_VOTE round 0: submit vote requests at term 0 for -1: peers:[bf3b8f25-dffd-4d70-aae5-69cf4c3dc4d1|rpc:10.1.74.1:15050|admin:10.1.74.1:15049|client:10.1.74.1:15048|dataStream:10.1.74.1:15051|priority:0|startupRole:FOLLOWER, 45087365-1608-4817-8e49-1b233997f081|rpc:10.1.74.1:15041|admin:10.1.74.1:15040|client:10.1.74.1:15039|dataStream:10.1.74.1:15042|priority:0|startupRole:FOLLOWER, 57515d40-5a2b-4760-820a-8e251d1bbde2|rpc:10.1.74.1:15059|admin:10.1.74.1:15058|client:10.1.74.1:15057|dataStream:10.1.74.1:15060|priority:1|startupRole:FOLLOWER]|listeners:[], old=null
2023-06-02 05:15:35,715 [57515d40-5a2b-4760-820a-8e251d1bbde2@group-7A464BC2D816-LeaderElection15-1] INFO  server.GrpcServerProtocolClient (GrpcServerProtocolClient.java:<init>(65)) - Build channel for bf3b8f25-dffd-4d70-aae5-69cf4c3dc4d1
2023-06-02 05:15:35,718 [57515d40-5a2b-4760-820a-8e251d1bbde2@group-7A464BC2D816-LeaderElection15] INFO  server.RaftServerConfigKeys (ConfUtils.java:logFallback(53)) - raft.server.rpc.first-election.timeout.min = 5s (fallback to raft.server.rpc.timeout.min)
2023-06-02 05:15:35,718 [57515d40-5a2b-4760-820a-8e251d1bbde2@group-7A464BC2D816-LeaderElection15] INFO  server.RaftServerConfigKeys (ConfUtils.java:logFallback(53)) - raft.server.rpc.first-election.timeout.max = 5200ms (fallback to raft.server.rpc.timeout.max)
2023-06-02 05:15:35,722 [57515d40-5a2b-4760-820a-8e251d1bbde2@group-7A464BC2D816-LeaderElection15-2] INFO  server.GrpcServerProtocolClient (GrpcServerProtocolClient.java:<init>(65)) - Build channel for 45087365-1608-4817-8e49-1b233997f081
2023-06-02 05:15:35,743 [grpc-default-executor-1] INFO  server.RaftServer$Division (RaftServerImpl.java:requestVote(1302)) - bf3b8f25-dffd-4d70-aae5-69cf4c3dc4d1@group-7A464BC2D816: receive requestVote(PRE_VOTE, 57515d40-5a2b-4760-820a-8e251d1bbde2, group-7A464BC2D816, 0, (t:0, i:0))
2023-06-02 05:15:35,744 [grpc-default-executor-4] INFO  server.RaftServer$Division (RaftServerImpl.java:requestVote(1302)) - 45087365-1608-4817-8e49-1b233997f081@group-7A464BC2D816: receive requestVote(PRE_VOTE, 57515d40-5a2b-4760-820a-8e251d1bbde2, group-7A464BC2D816, 0, (t:0, i:0))
2023-06-02 05:15:35,744 [grpc-default-executor-4] INFO  impl.VoteContext (VoteContext.java:log(49)) - 45087365-1608-4817-8e49-1b233997f081@group-7A464BC2D816-FOLLOWER: accept PRE_VOTE from 57515d40-5a2b-4760-820a-8e251d1bbde2: our priority 0 <= candidate's priority 1
2023-06-02 05:15:35,744 [grpc-default-executor-4] INFO  server.RaftServer$Division (RaftServerImpl.java:requestVote(1335)) - 45087365-1608-4817-8e49-1b233997f081@group-7A464BC2D816 replies to PRE_VOTE vote request: 57515d40-5a2b-4760-820a-8e251d1bbde2<-45087365-1608-4817-8e49-1b233997f081#0:OK-t0. Peer's state: 45087365-1608-4817-8e49-1b233997f081@group-7A464BC2D816:t0, leader=null, voted=, raftlog=Memoized:45087365-1608-4817-8e49-1b233997f081@group-7A464BC2D816-SegmentedRaftLog:OPENED:c-1, conf=-1: peers:[bf3b8f25-dffd-4d70-aae5-69cf4c3dc4d1|rpc:10.1.74.1:15050|admin:10.1.74.1:15049|client:10.1.74.1:15048|dataStream:10.1.74.1:15051|priority:0|startupRole:FOLLOWER, 45087365-1608-4817-8e49-1b233997f081|rpc:10.1.74.1:15041|admin:10.1.74.1:15040|client:10.1.74.1:15039|dataStream:10.1.74.1:15042|priority:0|startupRole:FOLLOWER, 57515d40-5a2b-4760-820a-8e251d1bbde2|rpc:10.1.74.1:15059|admin:10.1.74.1:15058|client:10.1.74.1:15057|dataStream:10.1.74.1:15060|priority:1|startupRole:FOLLOWER]|listeners:[], old=null
2023-06-02 05:15:35,747 [grpc-default-executor-1] INFO  impl.VoteContext (VoteContext.java:log(49)) - bf3b8f25-dffd-4d70-aae5-69cf4c3dc4d1@group-7A464BC2D816-FOLLOWER: accept PRE_VOTE from 57515d40-5a2b-4760-820a-8e251d1bbde2: our priority 0 <= candidate's priority 1
2023-06-02 05:15:35,747 [grpc-default-executor-1] INFO  server.RaftServer$Division (RaftServerImpl.java:requestVote(1335)) - bf3b8f25-dffd-4d70-aae5-69cf4c3dc4d1@group-7A464BC2D816 replies to PRE_VOTE vote request: 57515d40-5a2b-4760-820a-8e251d1bbde2<-bf3b8f25-dffd-4d70-aae5-69cf4c3dc4d1#0:OK-t0. Peer's state: bf3b8f25-dffd-4d70-aae5-69cf4c3dc4d1@group-7A464BC2D816:t0, leader=null, voted=, raftlog=Memoized:bf3b8f25-dffd-4d70-aae5-69cf4c3dc4d1@group-7A464BC2D816-SegmentedRaftLog:OPENED:c-1, conf=-1: peers:[bf3b8f25-dffd-4d70-aae5-69cf4c3dc4d1|rpc:10.1.74.1:15050|admin:10.1.74.1:15049|client:10.1.74.1:15048|dataStream:10.1.74.1:15051|priority:0|startupRole:FOLLOWER, 45087365-1608-4817-8e49-1b233997f081|rpc:10.1.74.1:15041|admin:10.1.74.1:15040|client:10.1.74.1:15039|dataStream:10.1.74.1:15042|priority:0|startupRole:FOLLOWER, 57515d40-5a2b-4760-820a-8e251d1bbde2|rpc:10.1.74.1:15059|admin:10.1.74.1:15058|client:10.1.74.1:15057|dataStream:10.1.74.1:15060|priority:1|startupRole:FOLLOWER]|listeners:[], old=null
2023-06-02 05:15:35,748 [57515d40-5a2b-4760-820a-8e251d1bbde2@group-7A464BC2D816-LeaderElection15] INFO  impl.LeaderElection (LeaderElection.java:logAndReturn(90)) - 57515d40-5a2b-4760-820a-8e251d1bbde2@group-7A464BC2D816-LeaderElection15: PRE_VOTE PASSED received 1 response(s) and 0 exception(s):
2023-06-02 05:15:35,748 [57515d40-5a2b-4760-820a-8e251d1bbde2@group-7A464BC2D816-LeaderElection15] INFO  impl.LeaderElection (LeaderElection.java:logAndReturn(94)) -   Response 0: 57515d40-5a2b-4760-820a-8e251d1bbde2<-bf3b8f25-dffd-4d70-aae5-69cf4c3dc4d1#0:OK-t0
2023-06-02 05:15:35,749 [57515d40-5a2b-4760-820a-8e251d1bbde2@group-7A464BC2D816-LeaderElection15] INFO  impl.LeaderElection (LeaderElection.java:askForVotes(323)) - 57515d40-5a2b-4760-820a-8e251d1bbde2@group-7A464BC2D816-LeaderElection15 PRE_VOTE round 0: result PASSED
2023-06-02 05:15:35,752 [57515d40-5a2b-4760-820a-8e251d1bbde2@group-7A464BC2D816-LeaderElection15] INFO  impl.LeaderElection (LeaderElection.java:askForVotes(321)) - 57515d40-5a2b-4760-820a-8e251d1bbde2@group-7A464BC2D816-LeaderElection15 ELECTION round 0: submit vote requests at term 1 for -1: peers:[bf3b8f25-dffd-4d70-aae5-69cf4c3dc4d1|rpc:10.1.74.1:15050|admin:10.1.74.1:15049|client:10.1.74.1:15048|dataStream:10.1.74.1:15051|priority:0|startupRole:FOLLOWER, 45087365-1608-4817-8e49-1b233997f081|rpc:10.1.74.1:15041|admin:10.1.74.1:15040|client:10.1.74.1:15039|dataStream:10.1.74.1:15042|priority:0|startupRole:FOLLOWER, 57515d40-5a2b-4760-820a-8e251d1bbde2|rpc:10.1.74.1:15059|admin:10.1.74.1:15058|client:10.1.74.1:15057|dataStream:10.1.74.1:15060|priority:1|startupRole:FOLLOWER]|listeners:[], old=null
2023-06-02 05:15:35,757 [grpc-default-executor-1] INFO  server.RaftServer$Division (RaftServerImpl.java:requestVote(1302)) - bf3b8f25-dffd-4d70-aae5-69cf4c3dc4d1@group-7A464BC2D816: receive requestVote(ELECTION, 57515d40-5a2b-4760-820a-8e251d1bbde2, group-7A464BC2D816, 1, (t:0, i:0))
2023-06-02 05:15:35,757 [grpc-default-executor-1] INFO  impl.VoteContext (VoteContext.java:log(49)) - bf3b8f25-dffd-4d70-aae5-69cf4c3dc4d1@group-7A464BC2D816-FOLLOWER: accept ELECTION from 57515d40-5a2b-4760-820a-8e251d1bbde2: our priority 0 <= candidate's priority 1
2023-06-02 05:15:35,758 [grpc-default-executor-1] INFO  server.RaftServer$Division (RaftServerImpl.java:setRole(329)) - bf3b8f25-dffd-4d70-aae5-69cf4c3dc4d1@group-7A464BC2D816: changes role from  FOLLOWER to FOLLOWER at term 1 for candidate:57515d40-5a2b-4760-820a-8e251d1bbde2
2023-06-02 05:15:35,758 [grpc-default-executor-1] INFO  impl.RoleInfo (RoleInfo.java:shutdownFollowerState(110)) - bf3b8f25-dffd-4d70-aae5-69cf4c3dc4d1: shutdown bf3b8f25-dffd-4d70-aae5-69cf4c3dc4d1@group-7A464BC2D816-FollowerState
2023-06-02 05:15:35,761 [57515d40-5a2b-4760-820a-8e251d1bbde2@group-7A464BC2D816-LeaderElection15] INFO  server.RaftServerConfigKeys (ConfUtils.java:logFallback(53)) - raft.server.rpc.first-election.timeout.min = 5s (fallback to raft.server.rpc.timeout.min)
2023-06-02 05:15:35,761 [57515d40-5a2b-4760-820a-8e251d1bbde2@group-7A464BC2D816-LeaderElection15] INFO  server.RaftServerConfigKeys (ConfUtils.java:logFallback(53)) - raft.server.rpc.first-election.timeout.max = 5200ms (fallback to raft.server.rpc.timeout.max)
2023-06-02 05:15:35,762 [grpc-default-executor-1] INFO  impl.RoleInfo (RoleInfo.java:updateAndGet(139)) - bf3b8f25-dffd-4d70-aae5-69cf4c3dc4d1: start bf3b8f25-dffd-4d70-aae5-69cf4c3dc4d1@group-7A464BC2D816-FollowerState
2023-06-02 05:15:35,762 [bf3b8f25-dffd-4d70-aae5-69cf4c3dc4d1@group-7A464BC2D816-FollowerState] INFO  impl.FollowerState (FollowerState.java:run(152)) - bf3b8f25-dffd-4d70-aae5-69cf4c3dc4d1@group-7A464BC2D816-FollowerState was interrupted
2023-06-02 05:15:35,763 [grpc-default-executor-4] INFO  server.RaftServer$Division (RaftServerImpl.java:requestVote(1302)) - 45087365-1608-4817-8e49-1b233997f081@group-7A464BC2D816: receive requestVote(ELECTION, 57515d40-5a2b-4760-820a-8e251d1bbde2, group-7A464BC2D816, 1, (t:0, i:0))
2023-06-02 05:15:35,763 [grpc-default-executor-4] INFO  impl.VoteContext (VoteContext.java:log(49)) - 45087365-1608-4817-8e49-1b233997f081@group-7A464BC2D816-FOLLOWER: accept ELECTION from 57515d40-5a2b-4760-820a-8e251d1bbde2: our priority 0 <= candidate's priority 1
2023-06-02 05:15:35,763 [grpc-default-executor-4] INFO  server.RaftServer$Division (RaftServerImpl.java:setRole(329)) - 45087365-1608-4817-8e49-1b233997f081@group-7A464BC2D816: changes role from  FOLLOWER to FOLLOWER at term 1 for candidate:57515d40-5a2b-4760-820a-8e251d1bbde2
2023-06-02 05:15:35,764 [grpc-default-executor-4] INFO  impl.RoleInfo (RoleInfo.java:shutdownFollowerState(110)) - 45087365-1608-4817-8e49-1b233997f081: shutdown 45087365-1608-4817-8e49-1b233997f081@group-7A464BC2D816-FollowerState
2023-06-02 05:15:35,766 [45087365-1608-4817-8e49-1b233997f081@group-7A464BC2D816-FollowerState] INFO  impl.FollowerState (FollowerState.java:run(152)) - 45087365-1608-4817-8e49-1b233997f081@group-7A464BC2D816-FollowerState was interrupted
2023-06-02 05:15:35,766 [grpc-default-executor-4] INFO  impl.RoleInfo (RoleInfo.java:updateAndGet(139)) - 45087365-1608-4817-8e49-1b233997f081: start 45087365-1608-4817-8e49-1b233997f081@group-7A464BC2D816-FollowerState
2023-06-02 05:15:35,767 [grpc-default-executor-1] INFO  server.RaftServer$Division (RaftServerImpl.java:requestVote(1335)) - bf3b8f25-dffd-4d70-aae5-69cf4c3dc4d1@group-7A464BC2D816 replies to ELECTION vote request: 57515d40-5a2b-4760-820a-8e251d1bbde2<-bf3b8f25-dffd-4d70-aae5-69cf4c3dc4d1#0:OK-t1. Peer's state: bf3b8f25-dffd-4d70-aae5-69cf4c3dc4d1@group-7A464BC2D816:t1, leader=null, voted=57515d40-5a2b-4760-820a-8e251d1bbde2, raftlog=Memoized:bf3b8f25-dffd-4d70-aae5-69cf4c3dc4d1@group-7A464BC2D816-SegmentedRaftLog:OPENED:c-1, conf=-1: peers:[bf3b8f25-dffd-4d70-aae5-69cf4c3dc4d1|rpc:10.1.74.1:15050|admin:10.1.74.1:15049|client:10.1.74.1:15048|dataStream:10.1.74.1:15051|priority:0|startupRole:FOLLOWER, 45087365-1608-4817-8e49-1b233997f081|rpc:10.1.74.1:15041|admin:10.1.74.1:15040|client:10.1.74.1:15039|dataStream:10.1.74.1:15042|priority:0|startupRole:FOLLOWER, 57515d40-5a2b-4760-820a-8e251d1bbde2|rpc:10.1.74.1:15059|admin:10.1.74.1:15058|client:10.1.74.1:15057|dataStream:10.1.74.1:15060|priority:1|startupRole:FOLLOWER]|listeners:[], old=null
2023-06-02 05:15:35,777 [57515d40-5a2b-4760-820a-8e251d1bbde2@group-7A464BC2D816-LeaderElection15] INFO  impl.LeaderElection (LeaderElection.java:logAndReturn(90)) - 57515d40-5a2b-4760-820a-8e251d1bbde2@group-7A464BC2D816-LeaderElection15: ELECTION PASSED received 1 response(s) and 0 exception(s):
2023-06-02 05:15:35,777 [57515d40-5a2b-4760-820a-8e251d1bbde2@group-7A464BC2D816-LeaderElection15] INFO  impl.LeaderElection (LeaderElection.java:logAndReturn(94)) -   Response 0: 57515d40-5a2b-4760-820a-8e251d1bbde2<-bf3b8f25-dffd-4d70-aae5-69cf4c3dc4d1#0:OK-t1
2023-06-02 05:15:35,777 [grpc-default-executor-4] INFO  server.RaftServer$Division (RaftServerImpl.java:requestVote(1335)) - 45087365-1608-4817-8e49-1b233997f081@group-7A464BC2D816 replies to ELECTION vote request: 57515d40-5a2b-4760-820a-8e251d1bbde2<-45087365-1608-4817-8e49-1b233997f081#0:OK-t1. Peer's state: 45087365-1608-4817-8e49-1b233997f081@group-7A464BC2D816:t1, leader=null, voted=57515d40-5a2b-4760-820a-8e251d1bbde2, raftlog=Memoized:45087365-1608-4817-8e49-1b233997f081@group-7A464BC2D816-SegmentedRaftLog:OPENED:c-1, conf=-1: peers:[bf3b8f25-dffd-4d70-aae5-69cf4c3dc4d1|rpc:10.1.74.1:15050|admin:10.1.74.1:15049|client:10.1.74.1:15048|dataStream:10.1.74.1:15051|priority:0|startupRole:FOLLOWER, 45087365-1608-4817-8e49-1b233997f081|rpc:10.1.74.1:15041|admin:10.1.74.1:15040|client:10.1.74.1:15039|dataStream:10.1.74.1:15042|priority:0|startupRole:FOLLOWER, 57515d40-5a2b-4760-820a-8e251d1bbde2|rpc:10.1.74.1:15059|admin:10.1.74.1:15058|client:10.1.74.1:15057|dataStream:10.1.74.1:15060|priority:1|startupRole:FOLLOWER]|listeners:[], old=null
2023-06-02 05:15:35,778 [57515d40-5a2b-4760-820a-8e251d1bbde2@group-7A464BC2D816-LeaderElection15] INFO  impl.LeaderElection (LeaderElection.java:askForVotes(323)) - 57515d40-5a2b-4760-820a-8e251d1bbde2@group-7A464BC2D816-LeaderElection15 ELECTION round 0: result PASSED
2023-06-02 05:15:35,778 [57515d40-5a2b-4760-820a-8e251d1bbde2@group-7A464BC2D816-LeaderElection15] INFO  impl.RoleInfo (RoleInfo.java:shutdownLeaderElection(130)) - 57515d40-5a2b-4760-820a-8e251d1bbde2: shutdown 57515d40-5a2b-4760-820a-8e251d1bbde2@group-7A464BC2D816-LeaderElection15
2023-06-02 05:15:35,778 [57515d40-5a2b-4760-820a-8e251d1bbde2@group-7A464BC2D816-LeaderElection15] INFO  server.RaftServer$Division (RaftServerImpl.java:setRole(329)) - 57515d40-5a2b-4760-820a-8e251d1bbde2@group-7A464BC2D816: changes role from CANDIDATE to LEADER at term 1 for changeToLeader
2023-06-02 05:15:35,778 [57515d40-5a2b-4760-820a-8e251d1bbde2@group-7A464BC2D816-LeaderElection15] INFO  ratis.XceiverServerRatis (XceiverServerRatis.java:handleLeaderChangedNotification(902)) - Leader change notification received for group: group-7A464BC2D816 with new leaderId: 57515d40-5a2b-4760-820a-8e251d1bbde2
2023-06-02 05:15:35,781 [57515d40-5a2b-4760-820a-8e251d1bbde2@group-7A464BC2D816-LeaderElection15] INFO  server.RaftServer$Division (ServerState.java:setLeader(317)) - 57515d40-5a2b-4760-820a-8e251d1bbde2@group-7A464BC2D816: change Leader from null to 57515d40-5a2b-4760-820a-8e251d1bbde2 at term 1 for becomeLeader, leader elected after 5546ms
2023-06-02 05:15:35,781 [57515d40-5a2b-4760-820a-8e251d1bbde2@group-7A464BC2D816-LeaderElection15] INFO  server.RaftServerConfigKeys (ConfUtils.java:logGet(46)) - raft.server.staging.catchup.gap = 1000 (default)
2023-06-02 05:15:35,781 [57515d40-5a2b-4760-820a-8e251d1bbde2@group-7A464BC2D816-LeaderElection15] INFO  server.RaftServerConfigKeys (ConfUtils.java:logGet(46)) - raft.server.write.element-limit = 1024 (custom)
2023-06-02 05:15:35,781 [57515d40-5a2b-4760-820a-8e251d1bbde2@group-7A464BC2D816-LeaderElection15] INFO  server.RaftServerConfigKeys (ConfUtils.java:logGet(46)) - raft.server.write.byte-limit = 1024 M (=1073741824) (custom)
2023-06-02 05:15:35,782 [57515d40-5a2b-4760-820a-8e251d1bbde2@group-7A464BC2D816-LeaderElection15] INFO  server.RaftServerConfigKeys (ConfUtils.java:logGet(46)) - raft.server.watch.timeout = 180s (custom)
2023-06-02 05:15:35,782 [57515d40-5a2b-4760-820a-8e251d1bbde2@group-7A464BC2D816-LeaderElection15] INFO  server.RaftServerConfigKeys (ConfUtils.java:logGet(46)) - raft.server.watch.timeout.denomination = 1s (default)
2023-06-02 05:15:35,782 [57515d40-5a2b-4760-820a-8e251d1bbde2@group-7A464BC2D816-LeaderElection15] INFO  server.RaftServerConfigKeys (ConfUtils.java:logGet(46)) - raft.server.watch.element-limit = 65536 (default)
2023-06-02 05:15:35,782 [57515d40-5a2b-4760-820a-8e251d1bbde2@group-7A464BC2D816-LeaderElection15] INFO  server.RaftServerConfigKeys (ConfUtils.java:logGet(46)) - raft.server.write.element-limit = 1024 (custom)
2023-06-02 05:15:35,782 [57515d40-5a2b-4760-820a-8e251d1bbde2@group-7A464BC2D816-LeaderElection15] INFO  server.RaftServerConfigKeys (ConfUtils.java:logGet(46)) - raft.server.write.follower.gap.ratio.max = -1.0 (default)
2023-06-02 05:15:35,783 [57515d40-5a2b-4760-820a-8e251d1bbde2@group-7A464BC2D816-LeaderElection15] INFO  server.RaftServerConfigKeys (ConfUtils.java:logGet(46)) - raft.server.log.appender.snapshot.chunk.size.max = 16MB (=16777216) (default)
2023-06-02 05:15:35,783 [57515d40-5a2b-4760-820a-8e251d1bbde2@group-7A464BC2D816-LeaderElection15] INFO  server.RaftServerConfigKeys (ConfUtils.java:logGet(46)) - raft.server.log.appender.buffer.byte-limit = 33554432 (custom)
2023-06-02 05:15:35,783 [57515d40-5a2b-4760-820a-8e251d1bbde2@group-7A464BC2D816-LeaderElection15] INFO  server.RaftServerConfigKeys (ConfUtils.java:logGet(46)) - raft.server.log.appender.buffer.element-limit = 1 (custom)
2023-06-02 05:15:35,783 [57515d40-5a2b-4760-820a-8e251d1bbde2@group-7A464BC2D816-LeaderElection15] INFO  server.RaftServerConfigKeys (ConfUtils.java:logGet(46)) - raft.server.log.appender.wait-time.min = 10ms (default)
2023-06-02 05:15:35,783 [57515d40-5a2b-4760-820a-8e251d1bbde2@group-7A464BC2D816-LeaderElection15] INFO  grpc.GrpcConfigKeys (ConfUtils.java:logGet(46)) - raft.grpc.server.leader.outstanding.appends.max = 128 (default)
2023-06-02 05:15:35,783 [57515d40-5a2b-4760-820a-8e251d1bbde2@group-7A464BC2D816-LeaderElection15] INFO  server.RaftServerConfigKeys (ConfUtils.java:logGet(46)) - raft.server.rpc.request.timeout = 60s (custom)
2023-06-02 05:15:35,783 [57515d40-5a2b-4760-820a-8e251d1bbde2@group-7A464BC2D816-LeaderElection15] INFO  grpc.GrpcConfigKeys (ConfUtils.java:logGet(46)) - raft.grpc.server.install_snapshot.request.element-limit = 8 (default)
2023-06-02 05:15:35,783 [57515d40-5a2b-4760-820a-8e251d1bbde2@group-7A464BC2D816-LeaderElection15] INFO  grpc.GrpcConfigKeys (ConfUtils.java:logGet(46)) - raft.grpc.server.install_snapshot.request.timeout = 3000ms (default)
2023-06-02 05:15:35,784 [57515d40-5a2b-4760-820a-8e251d1bbde2@group-7A464BC2D816-LeaderElection15] INFO  server.RaftServerConfigKeys (ConfUtils.java:logGet(46)) - raft.server.log.appender.install.snapshot.enabled = false (custom)
2023-06-02 05:15:35,784 [57515d40-5a2b-4760-820a-8e251d1bbde2@group-7A464BC2D816-LeaderElection15] INFO  grpc.GrpcConfigKeys (ConfUtils.java:logGet(46)) - raft.grpc.server.heartbeat.channel = true (default)
2023-06-02 05:15:35,785 [57515d40-5a2b-4760-820a-8e251d1bbde2@group-7A464BC2D816-LeaderElection15] INFO  server.RaftServerConfigKeys (ConfUtils.java:logGet(46)) - raft.server.log.appender.snapshot.chunk.size.max = 16MB (=16777216) (default)
2023-06-02 05:15:35,785 [57515d40-5a2b-4760-820a-8e251d1bbde2@group-7A464BC2D816-LeaderElection15] INFO  server.RaftServerConfigKeys (ConfUtils.java:logGet(46)) - raft.server.log.appender.buffer.byte-limit = 33554432 (custom)
2023-06-02 05:15:35,785 [57515d40-5a2b-4760-820a-8e251d1bbde2@group-7A464BC2D816-LeaderElection15] INFO  server.RaftServerConfigKeys (ConfUtils.java:logGet(46)) - raft.server.log.appender.buffer.element-limit = 1 (custom)
2023-06-02 05:15:35,785 [57515d40-5a2b-4760-820a-8e251d1bbde2@group-7A464BC2D816-LeaderElection15] INFO  server.RaftServerConfigKeys (ConfUtils.java:logGet(46)) - raft.server.log.appender.wait-time.min = 10ms (default)
2023-06-02 05:15:35,785 [57515d40-5a2b-4760-820a-8e251d1bbde2@group-7A464BC2D816-LeaderElection15] INFO  grpc.GrpcConfigKeys (ConfUtils.java:logGet(46)) - raft.grpc.server.leader.outstanding.appends.max = 128 (default)
2023-06-02 05:15:35,785 [57515d40-5a2b-4760-820a-8e251d1bbde2@group-7A464BC2D816-LeaderElection15] INFO  server.RaftServerConfigKeys (ConfUtils.java:logGet(46)) - raft.server.rpc.request.timeout = 60s (custom)
2023-06-02 05:15:35,785 [57515d40-5a2b-4760-820a-8e251d1bbde2@group-7A464BC2D816-LeaderElection15] INFO  grpc.GrpcConfigKeys (ConfUtils.java:logGet(46)) - raft.grpc.server.install_snapshot.request.element-limit = 8 (default)
2023-06-02 05:15:35,785 [57515d40-5a2b-4760-820a-8e251d1bbde2@group-7A464BC2D816-LeaderElection15] INFO  grpc.GrpcConfigKeys (ConfUtils.java:logGet(46)) - raft.grpc.server.install_snapshot.request.timeout = 3000ms (default)
2023-06-02 05:15:35,785 [57515d40-5a2b-4760-820a-8e251d1bbde2@group-7A464BC2D816-LeaderElection15] INFO  server.RaftServerConfigKeys (ConfUtils.java:logGet(46)) - raft.server.log.appender.install.snapshot.enabled = false (custom)
2023-06-02 05:15:35,785 [57515d40-5a2b-4760-820a-8e251d1bbde2@group-7A464BC2D816-LeaderElection15] INFO  grpc.GrpcConfigKeys (ConfUtils.java:logGet(46)) - raft.grpc.server.heartbeat.channel = true (default)
2023-06-02 05:15:35,787 [EventQueue-PipelineReportForPipelineReportHandler] INFO  pipeline.PipelineManagerImpl (PipelineManagerImpl.java:openPipeline(367)) - Pipeline Pipeline[ Id: baee233c-8c04-4a61-87ea-7a464bc2d816, Nodes: 57515d40-5a2b-4760-820a-8e251d1bbde2(fv-az628-647/10.1.74.1)bf3b8f25-dffd-4d70-aae5-69cf4c3dc4d1(fv-az628-647/10.1.74.1)45087365-1608-4817-8e49-1b233997f081(fv-az628-647/10.1.74.1), ReplicationConfig: RATIS/THREE, State:ALLOCATED, leaderId:57515d40-5a2b-4760-820a-8e251d1bbde2, CreationTimestamp2023-06-02T05:15:27.644Z[Etc/UTC]] moved to OPEN state
2023-06-02 05:15:35,792 [57515d40-5a2b-4760-820a-8e251d1bbde2@group-7A464BC2D816-LeaderElection15] INFO  impl.RoleInfo (RoleInfo.java:updateAndGet(139)) - 57515d40-5a2b-4760-820a-8e251d1bbde2: start 57515d40-5a2b-4760-820a-8e251d1bbde2@group-7A464BC2D816-LeaderStateImpl
2023-06-02 05:15:35,793 [57515d40-5a2b-4760-820a-8e251d1bbde2@group-7A464BC2D816-LeaderElection15] INFO  segmented.SegmentedRaftLogWorker (SegmentedRaftLogWorker.java:startLogSegment(447)) - 57515d40-5a2b-4760-820a-8e251d1bbde2@group-7A464BC2D816-SegmentedRaftLogWorker: Starting segment from index:0
2023-06-02 05:15:35,795 [57515d40-5a2b-4760-820a-8e251d1bbde2@group-7A464BC2D816-SegmentedRaftLogWorker] INFO  segmented.SegmentedRaftLogWorker (SegmentedRaftLogWorker.java:execute(651)) - 57515d40-5a2b-4760-820a-8e251d1bbde2@group-7A464BC2D816-SegmentedRaftLogWorker: created new log segment /home/runner/work/ozone/ozone/hadoop-ozone/integration-test/target/test-dir/MiniOzoneClusterImpl-4e6c5432-da36-405d-b7f1-05871ead9573/datanode-5/data/ratis/baee233c-8c04-4a61-87ea-7a464bc2d816/current/log_inprogress_0
2023-06-02 05:15:35,804 [bf3b8f25-dffd-4d70-aae5-69cf4c3dc4d1-server-thread1] INFO  ratis.XceiverServerRatis (XceiverServerRatis.java:handleLeaderChangedNotification(902)) - Leader change notification received for group: group-7A464BC2D816 with new leaderId: 57515d40-5a2b-4760-820a-8e251d1bbde2
2023-06-02 05:15:35,804 [bf3b8f25-dffd-4d70-aae5-69cf4c3dc4d1-server-thread1] INFO  server.RaftServer$Division (ServerState.java:setLeader(317)) - bf3b8f25-dffd-4d70-aae5-69cf4c3dc4d1@group-7A464BC2D816: change Leader from null to 57515d40-5a2b-4760-820a-8e251d1bbde2 at term 1 for appendEntries, leader elected after 5161ms
2023-06-02 05:15:35,814 [57515d40-5a2b-4760-820a-8e251d1bbde2@group-7A464BC2D816-LeaderElection15] INFO  server.RaftServer$Division (ServerState.java:setRaftConf(434)) - 57515d40-5a2b-4760-820a-8e251d1bbde2@group-7A464BC2D816: set configuration 0: peers:[bf3b8f25-dffd-4d70-aae5-69cf4c3dc4d1|rpc:10.1.74.1:15050|admin:10.1.74.1:15049|client:10.1.74.1:15048|dataStream:10.1.74.1:15051|priority:0|startupRole:FOLLOWER, 45087365-1608-4817-8e49-1b233997f081|rpc:10.1.74.1:15041|admin:10.1.74.1:15040|client:10.1.74.1:15039|dataStream:10.1.74.1:15042|priority:0|startupRole:FOLLOWER, 57515d40-5a2b-4760-820a-8e251d1bbde2|rpc:10.1.74.1:15059|admin:10.1.74.1:15058|client:10.1.74.1:15057|dataStream:10.1.74.1:15060|priority:1|startupRole:FOLLOWER]|listeners:[], old=null
2023-06-02 05:15:35,823 [45087365-1608-4817-8e49-1b233997f081-server-thread2] INFO  ratis.XceiverServerRatis (XceiverServerRatis.java:handleLeaderChangedNotification(902)) - Leader change notification received for group: group-7A464BC2D816 with new leaderId: 57515d40-5a2b-4760-820a-8e251d1bbde2
2023-06-02 05:15:35,824 [45087365-1608-4817-8e49-1b233997f081-server-thread2] INFO  server.RaftServer$Division (ServerState.java:setLeader(317)) - 45087365-1608-4817-8e49-1b233997f081@group-7A464BC2D816: change Leader from null to 57515d40-5a2b-4760-820a-8e251d1bbde2 at term 1 for appendEntries, leader elected after 5682ms
2023-06-02 05:15:35,831 [bf3b8f25-dffd-4d70-aae5-69cf4c3dc4d1-server-thread2] INFO  server.RaftServer$Division (ServerState.java:setRaftConf(434)) - bf3b8f25-dffd-4d70-aae5-69cf4c3dc4d1@group-7A464BC2D816: set configuration 0: peers:[bf3b8f25-dffd-4d70-aae5-69cf4c3dc4d1|rpc:10.1.74.1:15050|admin:10.1.74.1:15049|client:10.1.74.1:15048|dataStream:10.1.74.1:15051|priority:0|startupRole:FOLLOWER, 45087365-1608-4817-8e49-1b233997f081|rpc:10.1.74.1:15041|admin:10.1.74.1:15040|client:10.1.74.1:15039|dataStream:10.1.74.1:15042|priority:0|startupRole:FOLLOWER, 57515d40-5a2b-4760-820a-8e251d1bbde2|rpc:10.1.74.1:15059|admin:10.1.74.1:15058|client:10.1.74.1:15057|dataStream:10.1.74.1:15060|priority:1|startupRole:FOLLOWER]|listeners:[], old=null
2023-06-02 05:15:35,831 [45087365-1608-4817-8e49-1b233997f081-server-thread1] INFO  server.RaftServer$Division (ServerState.java:setRaftConf(434)) - 45087365-1608-4817-8e49-1b233997f081@group-7A464BC2D816: set configuration 0: peers:[bf3b8f25-dffd-4d70-aae5-69cf4c3dc4d1|rpc:10.1.74.1:15050|admin:10.1.74.1:15049|client:10.1.74.1:15048|dataStream:10.1.74.1:15051|priority:0|startupRole:FOLLOWER, 45087365-1608-4817-8e49-1b233997f081|rpc:10.1.74.1:15041|admin:10.1.74.1:15040|client:10.1.74.1:15039|dataStream:10.1.74.1:15042|priority:0|startupRole:FOLLOWER, 57515d40-5a2b-4760-820a-8e251d1bbde2|rpc:10.1.74.1:15059|admin:10.1.74.1:15058|client:10.1.74.1:15057|dataStream:10.1.74.1:15060|priority:1|startupRole:FOLLOWER]|listeners:[], old=null
2023-06-02 05:15:35,831 [45087365-1608-4817-8e49-1b233997f081-server-thread1] INFO  segmented.SegmentedRaftLogWorker (SegmentedRaftLogWorker.java:startLogSegment(447)) - 45087365-1608-4817-8e49-1b233997f081@group-7A464BC2D816-SegmentedRaftLogWorker: Starting segment from index:0
2023-06-02 05:15:35,836 [bf3b8f25-dffd-4d70-aae5-69cf4c3dc4d1-server-thread2] INFO  segmented.SegmentedRaftLogWorker (SegmentedRaftLogWorker.java:startLogSegment(447)) - bf3b8f25-dffd-4d70-aae5-69cf4c3dc4d1@group-7A464BC2D816-SegmentedRaftLogWorker: Starting segment from index:0
2023-06-02 05:15:35,837 [45087365-1608-4817-8e49-1b233997f081@group-7A464BC2D816-SegmentedRaftLogWorker] INFO  segmented.SegmentedRaftLogWorker (SegmentedRaftLogWorker.java:execute(651)) - 45087365-1608-4817-8e49-1b233997f081@group-7A464BC2D816-SegmentedRaftLogWorker: created new log segment /home/runner/work/ozone/ozone/hadoop-ozone/integration-test/target/test-dir/MiniOzoneClusterImpl-4e6c5432-da36-405d-b7f1-05871ead9573/datanode-3/data/ratis/baee233c-8c04-4a61-87ea-7a464bc2d816/current/log_inprogress_0
2023-06-02 05:15:35,861 [bf3b8f25-dffd-4d70-aae5-69cf4c3dc4d1@group-7A464BC2D816-SegmentedRaftLogWorker] INFO  segmented.SegmentedRaftLogWorker (SegmentedRaftLogWorker.java:execute(651)) - bf3b8f25-dffd-4d70-aae5-69cf4c3dc4d1@group-7A464BC2D816-SegmentedRaftLogWorker: created new log segment /home/runner/work/ozone/ozone/hadoop-ozone/integration-test/target/test-dir/MiniOzoneClusterImpl-4e6c5432-da36-405d-b7f1-05871ead9573/datanode-4/data/ratis/baee233c-8c04-4a61-87ea-7a464bc2d816/current/log_inprogress_0
2023-06-02 05:15:35,900 [57515d40-5a2b-4760-820a-8e251d1bbde2@group-E08682256BC1-FollowerState] INFO  impl.FollowerState (FollowerState.java:run(143)) - 57515d40-5a2b-4760-820a-8e251d1bbde2@group-E08682256BC1-FollowerState: change to CANDIDATE, lastRpcElapsedTime:5156743474ns, electionTimeout:5155ms
2023-06-02 05:15:35,900 [57515d40-5a2b-4760-820a-8e251d1bbde2@group-E08682256BC1-FollowerState] INFO  impl.RoleInfo (RoleInfo.java:shutdownFollowerState(110)) - 57515d40-5a2b-4760-820a-8e251d1bbde2: shutdown 57515d40-5a2b-4760-820a-8e251d1bbde2@group-E08682256BC1-FollowerState
2023-06-02 05:15:35,900 [57515d40-5a2b-4760-820a-8e251d1bbde2@group-E08682256BC1-FollowerState] INFO  server.RaftServer$Division (RaftServerImpl.java:setRole(329)) - 57515d40-5a2b-4760-820a-8e251d1bbde2@group-E08682256BC1: changes role from  FOLLOWER to CANDIDATE at term 0 for changeToCandidate
2023-06-02 05:15:35,900 [57515d40-5a2b-4760-820a-8e251d1bbde2@group-E08682256BC1-FollowerState] INFO  server.RaftServerConfigKeys (ConfUtils.java:logGet(46)) - raft.server.leaderelection.pre-vote = true (default)
2023-06-02 05:15:35,900 [57515d40-5a2b-4760-820a-8e251d1bbde2@group-E08682256BC1-FollowerState] INFO  impl.RoleInfo (RoleInfo.java:updateAndGet(139)) - 57515d40-5a2b-4760-820a-8e251d1bbde2: start 57515d40-5a2b-4760-820a-8e251d1bbde2@group-E08682256BC1-LeaderElection16
2023-06-02 05:15:35,908 [57515d40-5a2b-4760-820a-8e251d1bbde2@group-E08682256BC1-LeaderElection16] INFO  impl.LeaderElection (LeaderElection.java:askForVotes(321)) - 57515d40-5a2b-4760-820a-8e251d1bbde2@group-E08682256BC1-LeaderElection16 PRE_VOTE round 0: submit vote requests at term 0 for -1: peers:[57515d40-5a2b-4760-820a-8e251d1bbde2|rpc:10.1.74.1:15059|admin:10.1.74.1:15058|client:10.1.74.1:15057|dataStream:10.1.74.1:15060|priority:1|startupRole:FOLLOWER]|listeners:[], old=null
2023-06-02 05:15:35,908 [57515d40-5a2b-4760-820a-8e251d1bbde2@group-E08682256BC1-LeaderElection16] INFO  impl.LeaderElection (LeaderElection.java:askForVotes(323)) - 57515d40-5a2b-4760-820a-8e251d1bbde2@group-E08682256BC1-LeaderElection16 PRE_VOTE round 0: result PASSED (term=0)
2023-06-02 05:15:35,910 [57515d40-5a2b-4760-820a-8e251d1bbde2@group-E08682256BC1-LeaderElection16] INFO  impl.LeaderElection (LeaderElection.java:askForVotes(321)) - 57515d40-5a2b-4760-820a-8e251d1bbde2@group-E08682256BC1-LeaderElection16 ELECTION round 0: submit vote requests at term 1 for -1: peers:[57515d40-5a2b-4760-820a-8e251d1bbde2|rpc:10.1.74.1:15059|admin:10.1.74.1:15058|client:10.1.74.1:15057|dataStream:10.1.74.1:15060|priority:1|startupRole:FOLLOWER]|listeners:[], old=null
2023-06-02 05:15:35,910 [57515d40-5a2b-4760-820a-8e251d1bbde2@group-E08682256BC1-LeaderElection16] INFO  impl.LeaderElection (LeaderElection.java:askForVotes(323)) - 57515d40-5a2b-4760-820a-8e251d1bbde2@group-E08682256BC1-LeaderElection16 ELECTION round 0: result PASSED (term=1)
2023-06-02 05:15:35,910 [57515d40-5a2b-4760-820a-8e251d1bbde2@group-E08682256BC1-LeaderElection16] INFO  impl.RoleInfo (RoleInfo.java:shutdownLeaderElection(130)) - 57515d40-5a2b-4760-820a-8e251d1bbde2: shutdown 57515d40-5a2b-4760-820a-8e251d1bbde2@group-E08682256BC1-LeaderElection16
2023-06-02 05:15:35,910 [57515d40-5a2b-4760-820a-8e251d1bbde2@group-E08682256BC1-LeaderElection16] INFO  server.RaftServer$Division (RaftServerImpl.java:setRole(329)) - 57515d40-5a2b-4760-820a-8e251d1bbde2@group-E08682256BC1: changes role from CANDIDATE to LEADER at term 1 for changeToLeader
2023-06-02 05:15:35,910 [57515d40-5a2b-4760-820a-8e251d1bbde2@group-E08682256BC1-LeaderElection16] INFO  ratis.XceiverServerRatis (XceiverServerRatis.java:handleLeaderChangedNotification(902)) - Leader change notification received for group: group-E08682256BC1 with new leaderId: 57515d40-5a2b-4760-820a-8e251d1bbde2
2023-06-02 05:15:35,911 [57515d40-5a2b-4760-820a-8e251d1bbde2@group-E08682256BC1-LeaderElection16] INFO  server.RaftServer$Division (ServerState.java:setLeader(317)) - 57515d40-5a2b-4760-820a-8e251d1bbde2@group-E08682256BC1: change Leader from null to 57515d40-5a2b-4760-820a-8e251d1bbde2 at term 1 for becomeLeader, leader elected after 5244ms
2023-06-02 05:15:35,911 [57515d40-5a2b-4760-820a-8e251d1bbde2@group-E08682256BC1-LeaderElection16] INFO  server.RaftServerConfigKeys (ConfUtils.java:logGet(46)) - raft.server.staging.catchup.gap = 1000 (default)
2023-06-02 05:15:35,911 [57515d40-5a2b-4760-820a-8e251d1bbde2@group-E08682256BC1-LeaderElection16] INFO  server.RaftServerConfigKeys (ConfUtils.java:logGet(46)) - raft.server.write.element-limit = 1024 (custom)
2023-06-02 05:15:35,911 [57515d40-5a2b-4760-820a-8e251d1bbde2@group-E08682256BC1-LeaderElection16] INFO  server.RaftServerConfigKeys (ConfUtils.java:logGet(46)) - raft.server.write.byte-limit = 1024 M (=1073741824) (custom)
2023-06-02 05:15:35,912 [57515d40-5a2b-4760-820a-8e251d1bbde2@group-E08682256BC1-LeaderElection16] INFO  server.RaftServerConfigKeys (ConfUtils.java:logGet(46)) - raft.server.watch.timeout = 180s (custom)
2023-06-02 05:15:35,912 [57515d40-5a2b-4760-820a-8e251d1bbde2@group-E08682256BC1-LeaderElection16] INFO  server.RaftServerConfigKeys (ConfUtils.java:logGet(46)) - raft.server.watch.timeout.denomination = 1s (default)
2023-06-02 05:15:35,912 [57515d40-5a2b-4760-820a-8e251d1bbde2@group-E08682256BC1-LeaderElection16] INFO  server.RaftServerConfigKeys (ConfUtils.java:logGet(46)) - raft.server.watch.element-limit = 65536 (default)
2023-06-02 05:15:35,912 [57515d40-5a2b-4760-820a-8e251d1bbde2@group-E08682256BC1-LeaderElection16] INFO  server.RaftServerConfigKeys (ConfUtils.java:logGet(46)) - raft.server.write.element-limit = 1024 (custom)
2023-06-02 05:15:35,912 [57515d40-5a2b-4760-820a-8e251d1bbde2@group-E08682256BC1-LeaderElection16] INFO  server.RaftServerConfigKeys (ConfUtils.java:logGet(46)) - raft.server.write.follower.gap.ratio.max = -1.0 (default)
2023-06-02 05:15:35,912 [57515d40-5a2b-4760-820a-8e251d1bbde2@group-E08682256BC1-LeaderElection16] INFO  impl.RoleInfo (RoleInfo.java:updateAndGet(139)) - 57515d40-5a2b-4760-820a-8e251d1bbde2: start 57515d40-5a2b-4760-820a-8e251d1bbde2@group-E08682256BC1-LeaderStateImpl
2023-06-02 05:15:35,912 [57515d40-5a2b-4760-820a-8e251d1bbde2@group-E08682256BC1-LeaderElection16] INFO  segmented.SegmentedRaftLogWorker (SegmentedRaftLogWorker.java:startLogSegment(447)) - 57515d40-5a2b-4760-820a-8e251d1bbde2@group-E08682256BC1-SegmentedRaftLogWorker: Starting segment from index:0
2023-06-02 05:15:35,915 [57515d40-5a2b-4760-820a-8e251d1bbde2@group-E08682256BC1-LeaderElection16] INFO  server.RaftServer$Division (ServerState.java:setRaftConf(434)) - 57515d40-5a2b-4760-820a-8e251d1bbde2@group-E08682256BC1: set configuration 0: peers:[57515d40-5a2b-4760-820a-8e251d1bbde2|rpc:10.1.74.1:15059|admin:10.1.74.1:15058|client:10.1.74.1:15057|dataStream:10.1.74.1:15060|priority:1|startupRole:FOLLOWER]|listeners:[], old=null
2023-06-02 05:15:35,923 [57515d40-5a2b-4760-820a-8e251d1bbde2@group-E08682256BC1-SegmentedRaftLogWorker] INFO  segmented.SegmentedRaftLogWorker (SegmentedRaftLogWorker.java:execute(651)) - 57515d40-5a2b-4760-820a-8e251d1bbde2@group-E08682256BC1-SegmentedRaftLogWorker: created new log segment /home/runner/work/ozone/ozone/hadoop-ozone/integration-test/target/test-dir/MiniOzoneClusterImpl-4e6c5432-da36-405d-b7f1-05871ead9573/datanode-5/data/ratis/1d0cf13e-78d1-4dd3-9b9c-e08682256bc1/current/log_inprogress_0
2023-06-02 05:15:36,046 [main] INFO  rpc.RpcClient (RpcClient.java:createVolume(459)) - Creating Volume: bb365a5a-0ec3-4633-9acf-d438ad74e0be, with runner as owner and space quota set to -1 bytes, counts quota set to -1
2023-06-02 05:15:36,214 [OM StateMachine ApplyTransaction Thread - 0] INFO  volume.OMVolumeCreateRequest (OMVolumeCreateRequest.java:validateAndUpdateCache(196)) - created volume:bb365a5a-0ec3-4633-9acf-d438ad74e0be for user:runner
2023-06-02 05:15:36,267 [main] INFO  rpc.RpcClient (RpcClient.java:createBucket(686)) - Creating Bucket: bb365a5a-0ec3-4633-9acf-d438ad74e0be/a8237fda-85c7-48f0-a0fb-27694ccdb564, with bucket layout OBJECT_STORE, runner as owner, Versioning true, Storage Type set to DISK and Encryption set to false, Replication Type set to server-side default replication type, Namespace Quota set to -1, Space Quota set to -1 
2023-06-02 05:15:36,294 [OM StateMachine ApplyTransaction Thread - 0] INFO  bucket.OMBucketCreateRequest (OMBucketCreateRequest.java:validateAndUpdateCache(270)) - created bucket: a8237fda-85c7-48f0-a0fb-27694ccdb564 of layout OBJECT_STORE in volume: bb365a5a-0ec3-4633-9acf-d438ad74e0be
2023-06-02 05:15:36,440 [IPC Server handler 4 on default port 15001] INFO  ha.SequenceIdGenerator (SequenceIdGenerator.java:getNextId(128)) - Allocate a batch for containerId, change lastId from 0 to 1000.
2023-06-02 05:15:36,460 [IPC Server handler 4 on default port 15001] WARN  ha.SequenceIdGenerator (SequenceIdGenerator.java:allocateBatch(237)) - Failed to allocate a batch for localId, expected lastId is 0, actual lastId is 111677748019200000.
2023-06-02 05:15:36,460 [IPC Server handler 4 on default port 15001] INFO  ha.SequenceIdGenerator (SequenceIdGenerator.java:getNextId(128)) - Allocate a batch for localId, change lastId from 111677748019200000 to 111677748019201000.
2023-06-02 05:15:36,717 [87f06f2d-f73a-4ca4-bc8e-5aedfa582ec7@group-7100B8120193-FollowerState] INFO  impl.FollowerState (FollowerState.java:run(143)) - 87f06f2d-f73a-4ca4-bc8e-5aedfa582ec7@group-7100B8120193-FollowerState: change to CANDIDATE, lastRpcElapsedTime:5103842314ns, electionTimeout:5087ms
2023-06-02 05:15:36,718 [87f06f2d-f73a-4ca4-bc8e-5aedfa582ec7@group-7100B8120193-FollowerState] INFO  impl.RoleInfo (RoleInfo.java:shutdownFollowerState(110)) - 87f06f2d-f73a-4ca4-bc8e-5aedfa582ec7: shutdown 87f06f2d-f73a-4ca4-bc8e-5aedfa582ec7@group-7100B8120193-FollowerState
2023-06-02 05:15:36,718 [87f06f2d-f73a-4ca4-bc8e-5aedfa582ec7@group-7100B8120193-FollowerState] INFO  server.RaftServer$Division (RaftServerImpl.java:setRole(329)) - 87f06f2d-f73a-4ca4-bc8e-5aedfa582ec7@group-7100B8120193: changes role from  FOLLOWER to CANDIDATE at term 0 for changeToCandidate
2023-06-02 05:15:36,718 [87f06f2d-f73a-4ca4-bc8e-5aedfa582ec7@group-7100B8120193-FollowerState] INFO  server.RaftServerConfigKeys (ConfUtils.java:logGet(46)) - raft.server.leaderelection.pre-vote = true (default)
2023-06-02 05:15:36,718 [87f06f2d-f73a-4ca4-bc8e-5aedfa582ec7@group-7100B8120193-FollowerState] INFO  impl.RoleInfo (RoleInfo.java:updateAndGet(139)) - 87f06f2d-f73a-4ca4-bc8e-5aedfa582ec7: start 87f06f2d-f73a-4ca4-bc8e-5aedfa582ec7@group-7100B8120193-LeaderElection17
2023-06-02 05:15:36,735 [87f06f2d-f73a-4ca4-bc8e-5aedfa582ec7@group-7100B8120193-LeaderElection17] INFO  impl.LeaderElection (LeaderElection.java:askForVotes(321)) - 87f06f2d-f73a-4ca4-bc8e-5aedfa582ec7@group-7100B8120193-LeaderElection17 PRE_VOTE round 0: submit vote requests at term 0 for -1: peers:[87f06f2d-f73a-4ca4-bc8e-5aedfa582ec7|rpc:10.1.74.1:15068|admin:10.1.74.1:15067|client:10.1.74.1:15066|dataStream:10.1.74.1:15069|priority:1|startupRole:FOLLOWER]|listeners:[], old=null
2023-06-02 05:15:36,735 [87f06f2d-f73a-4ca4-bc8e-5aedfa582ec7@group-7100B8120193-LeaderElection17] INFO  impl.LeaderElection (LeaderElection.java:askForVotes(323)) - 87f06f2d-f73a-4ca4-bc8e-5aedfa582ec7@group-7100B8120193-LeaderElection17 PRE_VOTE round 0: result PASSED (term=0)
2023-06-02 05:15:36,740 [87f06f2d-f73a-4ca4-bc8e-5aedfa582ec7@group-7100B8120193-LeaderElection17] INFO  impl.LeaderElection (LeaderElection.java:askForVotes(321)) - 87f06f2d-f73a-4ca4-bc8e-5aedfa582ec7@group-7100B8120193-LeaderElection17 ELECTION round 0: submit vote requests at term 1 for -1: peers:[87f06f2d-f73a-4ca4-bc8e-5aedfa582ec7|rpc:10.1.74.1:15068|admin:10.1.74.1:15067|client:10.1.74.1:15066|dataStream:10.1.74.1:15069|priority:1|startupRole:FOLLOWER]|listeners:[], old=null
2023-06-02 05:15:36,740 [87f06f2d-f73a-4ca4-bc8e-5aedfa582ec7@group-7100B8120193-LeaderElection17] INFO  impl.LeaderElection (LeaderElection.java:askForVotes(323)) - 87f06f2d-f73a-4ca4-bc8e-5aedfa582ec7@group-7100B8120193-LeaderElection17 ELECTION round 0: result PASSED (term=1)
2023-06-02 05:15:36,740 [87f06f2d-f73a-4ca4-bc8e-5aedfa582ec7@group-7100B8120193-LeaderElection17] INFO  impl.RoleInfo (RoleInfo.java:shutdownLeaderElection(130)) - 87f06f2d-f73a-4ca4-bc8e-5aedfa582ec7: shutdown 87f06f2d-f73a-4ca4-bc8e-5aedfa582ec7@group-7100B8120193-LeaderElection17
2023-06-02 05:15:36,740 [87f06f2d-f73a-4ca4-bc8e-5aedfa582ec7@group-7100B8120193-LeaderElection17] INFO  server.RaftServer$Division (RaftServerImpl.java:setRole(329)) - 87f06f2d-f73a-4ca4-bc8e-5aedfa582ec7@group-7100B8120193: changes role from CANDIDATE to LEADER at term 1 for changeToLeader
2023-06-02 05:15:36,741 [87f06f2d-f73a-4ca4-bc8e-5aedfa582ec7@group-7100B8120193-LeaderElection17] INFO  ratis.XceiverServerRatis (XceiverServerRatis.java:handleLeaderChangedNotification(902)) - Leader change notification received for group: group-7100B8120193 with new leaderId: 87f06f2d-f73a-4ca4-bc8e-5aedfa582ec7
2023-06-02 05:15:36,741 [87f06f2d-f73a-4ca4-bc8e-5aedfa582ec7@group-7100B8120193-LeaderElection17] INFO  server.RaftServer$Division (ServerState.java:setLeader(317)) - 87f06f2d-f73a-4ca4-bc8e-5aedfa582ec7@group-7100B8120193: change Leader from null to 87f06f2d-f73a-4ca4-bc8e-5aedfa582ec7 at term 1 for becomeLeader, leader elected after 5572ms
2023-06-02 05:15:36,741 [87f06f2d-f73a-4ca4-bc8e-5aedfa582ec7@group-7100B8120193-LeaderElection17] INFO  server.RaftServerConfigKeys (ConfUtils.java:logGet(46)) - raft.server.staging.catchup.gap = 1000 (default)
2023-06-02 05:15:36,742 [87f06f2d-f73a-4ca4-bc8e-5aedfa582ec7@group-7100B8120193-LeaderElection17] INFO  server.RaftServerConfigKeys (ConfUtils.java:logGet(46)) - raft.server.write.element-limit = 1024 (custom)
2023-06-02 05:15:36,742 [87f06f2d-f73a-4ca4-bc8e-5aedfa582ec7@group-7100B8120193-LeaderElection17] INFO  server.RaftServerConfigKeys (ConfUtils.java:logGet(46)) - raft.server.write.byte-limit = 1024 M (=1073741824) (custom)
2023-06-02 05:15:36,743 [87f06f2d-f73a-4ca4-bc8e-5aedfa582ec7@group-7100B8120193-LeaderElection17] INFO  server.RaftServerConfigKeys (ConfUtils.java:logGet(46)) - raft.server.watch.timeout = 180s (custom)
2023-06-02 05:15:36,743 [87f06f2d-f73a-4ca4-bc8e-5aedfa582ec7@group-7100B8120193-LeaderElection17] INFO  server.RaftServerConfigKeys (ConfUtils.java:logGet(46)) - raft.server.watch.timeout.denomination = 1s (default)
2023-06-02 05:15:36,743 [87f06f2d-f73a-4ca4-bc8e-5aedfa582ec7@group-7100B8120193-LeaderElection17] INFO  server.RaftServerConfigKeys (ConfUtils.java:logGet(46)) - raft.server.watch.element-limit = 65536 (default)
2023-06-02 05:15:36,743 [87f06f2d-f73a-4ca4-bc8e-5aedfa582ec7@group-7100B8120193-LeaderElection17] INFO  server.RaftServerConfigKeys (ConfUtils.java:logGet(46)) - raft.server.write.element-limit = 1024 (custom)
2023-06-02 05:15:36,743 [87f06f2d-f73a-4ca4-bc8e-5aedfa582ec7@group-7100B8120193-LeaderElection17] INFO  server.RaftServerConfigKeys (ConfUtils.java:logGet(46)) - raft.server.write.follower.gap.ratio.max = -1.0 (default)
2023-06-02 05:15:36,743 [87f06f2d-f73a-4ca4-bc8e-5aedfa582ec7@group-7100B8120193-LeaderElection17] INFO  impl.RoleInfo (RoleInfo.java:updateAndGet(139)) - 87f06f2d-f73a-4ca4-bc8e-5aedfa582ec7: start 87f06f2d-f73a-4ca4-bc8e-5aedfa582ec7@group-7100B8120193-LeaderStateImpl
2023-06-02 05:15:36,752 [87f06f2d-f73a-4ca4-bc8e-5aedfa582ec7@group-7100B8120193-LeaderElection17] INFO  segmented.SegmentedRaftLogWorker (SegmentedRaftLogWorker.java:startLogSegment(447)) - 87f06f2d-f73a-4ca4-bc8e-5aedfa582ec7@group-7100B8120193-SegmentedRaftLogWorker: Starting segment from index:0
2023-06-02 05:15:36,754 [87f06f2d-f73a-4ca4-bc8e-5aedfa582ec7@group-7100B8120193-SegmentedRaftLogWorker] INFO  segmented.SegmentedRaftLogWorker (SegmentedRaftLogWorker.java:execute(651)) - 87f06f2d-f73a-4ca4-bc8e-5aedfa582ec7@group-7100B8120193-SegmentedRaftLogWorker: created new log segment /home/runner/work/ozone/ozone/hadoop-ozone/integration-test/target/test-dir/MiniOzoneClusterImpl-4e6c5432-da36-405d-b7f1-05871ead9573/datanode-6/data/ratis/6b73d772-bd45-4f94-9ab0-7100b8120193/current/log_inprogress_0
2023-06-02 05:15:36,755 [87f06f2d-f73a-4ca4-bc8e-5aedfa582ec7@group-5D33FE8063A9-FollowerState] INFO  impl.FollowerState (FollowerState.java:run(143)) - 87f06f2d-f73a-4ca4-bc8e-5aedfa582ec7@group-5D33FE8063A9-FollowerState: change to CANDIDATE, lastRpcElapsedTime:5087700864ns, electionTimeout:5083ms
2023-06-02 05:15:36,756 [87f06f2d-f73a-4ca4-bc8e-5aedfa582ec7@group-5D33FE8063A9-FollowerState] INFO  impl.RoleInfo (RoleInfo.java:shutdownFollowerState(110)) - 87f06f2d-f73a-4ca4-bc8e-5aedfa582ec7: shutdown 87f06f2d-f73a-4ca4-bc8e-5aedfa582ec7@group-5D33FE8063A9-FollowerState
2023-06-02 05:15:36,756 [87f06f2d-f73a-4ca4-bc8e-5aedfa582ec7@group-5D33FE8063A9-FollowerState] INFO  server.RaftServer$Division (RaftServerImpl.java:setRole(329)) - 87f06f2d-f73a-4ca4-bc8e-5aedfa582ec7@group-5D33FE8063A9: changes role from  FOLLOWER to CANDIDATE at term 0 for changeToCandidate
2023-06-02 05:15:36,759 [87f06f2d-f73a-4ca4-bc8e-5aedfa582ec7@group-5D33FE8063A9-FollowerState] INFO  server.RaftServerConfigKeys (ConfUtils.java:logGet(46)) - raft.server.leaderelection.pre-vote = true (default)
2023-06-02 05:15:36,780 [87f06f2d-f73a-4ca4-bc8e-5aedfa582ec7@group-5D33FE8063A9-FollowerState] INFO  impl.RoleInfo (RoleInfo.java:updateAndGet(139)) - 87f06f2d-f73a-4ca4-bc8e-5aedfa582ec7: start 87f06f2d-f73a-4ca4-bc8e-5aedfa582ec7@group-5D33FE8063A9-LeaderElection18
2023-06-02 05:15:36,780 [87f06f2d-f73a-4ca4-bc8e-5aedfa582ec7@group-7100B8120193-LeaderElection17] INFO  server.RaftServer$Division (ServerState.java:setRaftConf(434)) - 87f06f2d-f73a-4ca4-bc8e-5aedfa582ec7@group-7100B8120193: set configuration 0: peers:[87f06f2d-f73a-4ca4-bc8e-5aedfa582ec7|rpc:10.1.74.1:15068|admin:10.1.74.1:15067|client:10.1.74.1:15066|dataStream:10.1.74.1:15069|priority:1|startupRole:FOLLOWER]|listeners:[], old=null
2023-06-02 05:15:36,801 [87f06f2d-f73a-4ca4-bc8e-5aedfa582ec7@group-5D33FE8063A9-LeaderElection18] INFO  impl.LeaderElection (LeaderElection.java:askForVotes(321)) - 87f06f2d-f73a-4ca4-bc8e-5aedfa582ec7@group-5D33FE8063A9-LeaderElection18 PRE_VOTE round 0: submit vote requests at term 0 for -1: peers:[638bdbe3-f7a3-4715-ad07-0d6e98de3b67|rpc:10.1.74.1:15077|admin:10.1.74.1:15076|client:10.1.74.1:15075|dataStream:10.1.74.1:15078|priority:0|startupRole:FOLLOWER, 87f06f2d-f73a-4ca4-bc8e-5aedfa582ec7|rpc:10.1.74.1:15068|admin:10.1.74.1:15067|client:10.1.74.1:15066|dataStream:10.1.74.1:15069|priority:0|startupRole:FOLLOWER, 70b3c7ea-e7eb-4f75-8ddc-1173fec1a2ac|rpc:10.1.74.1:15086|admin:10.1.74.1:15085|client:10.1.74.1:15084|dataStream:10.1.74.1:15087|priority:1|startupRole:FOLLOWER]|listeners:[], old=null
2023-06-02 05:15:36,803 [87f06f2d-f73a-4ca4-bc8e-5aedfa582ec7@group-5D33FE8063A9-LeaderElection18] INFO  server.RaftServerConfigKeys (ConfUtils.java:logFallback(53)) - raft.server.rpc.first-election.timeout.min = 5s (fallback to raft.server.rpc.timeout.min)
2023-06-02 05:15:36,803 [87f06f2d-f73a-4ca4-bc8e-5aedfa582ec7@group-5D33FE8063A9-LeaderElection18] INFO  server.RaftServerConfigKeys (ConfUtils.java:logFallback(53)) - raft.server.rpc.first-election.timeout.max = 5200ms (fallback to raft.server.rpc.timeout.max)
2023-06-02 05:15:36,803 [87f06f2d-f73a-4ca4-bc8e-5aedfa582ec7@group-5D33FE8063A9-LeaderElection18-1] INFO  server.GrpcServerProtocolClient (GrpcServerProtocolClient.java:<init>(65)) - Build channel for 638bdbe3-f7a3-4715-ad07-0d6e98de3b67
2023-06-02 05:15:36,804 [87f06f2d-f73a-4ca4-bc8e-5aedfa582ec7@group-5D33FE8063A9-LeaderElection18-2] INFO  server.GrpcServerProtocolClient (GrpcServerProtocolClient.java:<init>(65)) - Build channel for 70b3c7ea-e7eb-4f75-8ddc-1173fec1a2ac
2023-06-02 05:15:36,820 [main] INFO  impl.MetricsSystemImpl (MetricsSystemImpl.java:init(158)) - XceiverClientMetrics metrics system started (again)
2023-06-02 05:15:36,820 [main] INFO  lib.Interns (Interns.java:removeEldestEntry(50)) - Metrics intern cache overflow at 2011 for MetricsSystem={MetricsSystem=MetricsInfoImpl{name=MetricsSystem, description=MetricsSystem}, MetricsSystem record=MetricsInfoImpl{name=MetricsSystem, description=MetricsSystem record}}
2023-06-02 05:15:36,831 [grpc-default-executor-0] INFO  server.RaftServer$Division (RaftServerImpl.java:requestVote(1302)) - 638bdbe3-f7a3-4715-ad07-0d6e98de3b67@group-5D33FE8063A9: receive requestVote(PRE_VOTE, 87f06f2d-f73a-4ca4-bc8e-5aedfa582ec7, group-5D33FE8063A9, 0, (t:0, i:0))
2023-06-02 05:15:36,831 [grpc-default-executor-0] INFO  impl.VoteContext (VoteContext.java:log(49)) - 638bdbe3-f7a3-4715-ad07-0d6e98de3b67@group-5D33FE8063A9-FOLLOWER: accept PRE_VOTE from 87f06f2d-f73a-4ca4-bc8e-5aedfa582ec7: our priority 0 <= candidate's priority 0
2023-06-02 05:15:36,831 [grpc-default-executor-0] INFO  server.RaftServer$Division (RaftServerImpl.java:requestVote(1335)) - 638bdbe3-f7a3-4715-ad07-0d6e98de3b67@group-5D33FE8063A9 replies to PRE_VOTE vote request: 87f06f2d-f73a-4ca4-bc8e-5aedfa582ec7<-638bdbe3-f7a3-4715-ad07-0d6e98de3b67#0:OK-t0. Peer's state: 638bdbe3-f7a3-4715-ad07-0d6e98de3b67@group-5D33FE8063A9:t0, leader=null, voted=, raftlog=Memoized:638bdbe3-f7a3-4715-ad07-0d6e98de3b67@group-5D33FE8063A9-SegmentedRaftLog:OPENED:c-1, conf=-1: peers:[638bdbe3-f7a3-4715-ad07-0d6e98de3b67|rpc:10.1.74.1:15077|admin:10.1.74.1:15076|client:10.1.74.1:15075|dataStream:10.1.74.1:15078|priority:0|startupRole:FOLLOWER, 87f06f2d-f73a-4ca4-bc8e-5aedfa582ec7|rpc:10.1.74.1:15068|admin:10.1.74.1:15067|client:10.1.74.1:15066|dataStream:10.1.74.1:15069|priority:0|startupRole:FOLLOWER, 70b3c7ea-e7eb-4f75-8ddc-1173fec1a2ac|rpc:10.1.74.1:15086|admin:10.1.74.1:15085|client:10.1.74.1:15084|dataStream:10.1.74.1:15087|priority:1|startupRole:FOLLOWER]|listeners:[], old=null
2023-06-02 05:15:36,842 [70b3c7ea-e7eb-4f75-8ddc-1173fec1a2ac@group-5D33FE8063A9-FollowerState] INFO  impl.FollowerState (FollowerState.java:run(143)) - 70b3c7ea-e7eb-4f75-8ddc-1173fec1a2ac@group-5D33FE8063A9-FollowerState: change to CANDIDATE, lastRpcElapsedTime:5111918975ns, electionTimeout:5108ms
2023-06-02 05:15:36,842 [70b3c7ea-e7eb-4f75-8ddc-1173fec1a2ac@group-5D33FE8063A9-FollowerState] INFO  impl.RoleInfo (RoleInfo.java:shutdownFollowerState(110)) - 70b3c7ea-e7eb-4f75-8ddc-1173fec1a2ac: shutdown 70b3c7ea-e7eb-4f75-8ddc-1173fec1a2ac@group-5D33FE8063A9-FollowerState
2023-06-02 05:15:36,842 [70b3c7ea-e7eb-4f75-8ddc-1173fec1a2ac@group-5D33FE8063A9-FollowerState] INFO  server.RaftServer$Division (RaftServerImpl.java:setRole(329)) - 70b3c7ea-e7eb-4f75-8ddc-1173fec1a2ac@group-5D33FE8063A9: changes role from  FOLLOWER to CANDIDATE at term 0 for changeToCandidate
2023-06-02 05:15:36,842 [70b3c7ea-e7eb-4f75-8ddc-1173fec1a2ac@group-5D33FE8063A9-FollowerState] INFO  server.RaftServerConfigKeys (ConfUtils.java:logGet(46)) - raft.server.leaderelection.pre-vote = true (default)
2023-06-02 05:15:36,842 [70b3c7ea-e7eb-4f75-8ddc-1173fec1a2ac@group-5D33FE8063A9-FollowerState] INFO  impl.RoleInfo (RoleInfo.java:updateAndGet(139)) - 70b3c7ea-e7eb-4f75-8ddc-1173fec1a2ac: start 70b3c7ea-e7eb-4f75-8ddc-1173fec1a2ac@group-5D33FE8063A9-LeaderElection19
2023-06-02 05:15:36,845 [grpc-default-executor-0] INFO  server.RaftServer$Division (RaftServerImpl.java:requestVote(1302)) - 70b3c7ea-e7eb-4f75-8ddc-1173fec1a2ac@group-5D33FE8063A9: receive requestVote(PRE_VOTE, 87f06f2d-f73a-4ca4-bc8e-5aedfa582ec7, group-5D33FE8063A9, 0, (t:0, i:0))
2023-06-02 05:15:36,849 [grpc-default-executor-0] INFO  impl.VoteContext (VoteContext.java:log(49)) - 70b3c7ea-e7eb-4f75-8ddc-1173fec1a2ac@group-5D33FE8063A9-CANDIDATE: reject PRE_VOTE from 87f06f2d-f73a-4ca4-bc8e-5aedfa582ec7: our priority 1 > candidate's priority 0
2023-06-02 05:15:36,849 [grpc-default-executor-0] INFO  server.RaftServer$Division (RaftServerImpl.java:requestVote(1335)) - 70b3c7ea-e7eb-4f75-8ddc-1173fec1a2ac@group-5D33FE8063A9 replies to PRE_VOTE vote request: 87f06f2d-f73a-4ca4-bc8e-5aedfa582ec7<-70b3c7ea-e7eb-4f75-8ddc-1173fec1a2ac#0:FAIL-t0. Peer's state: 70b3c7ea-e7eb-4f75-8ddc-1173fec1a2ac@group-5D33FE8063A9:t0, leader=null, voted=, raftlog=Memoized:70b3c7ea-e7eb-4f75-8ddc-1173fec1a2ac@group-5D33FE8063A9-SegmentedRaftLog:OPENED:c-1, conf=-1: peers:[638bdbe3-f7a3-4715-ad07-0d6e98de3b67|rpc:10.1.74.1:15077|admin:10.1.74.1:15076|client:10.1.74.1:15075|dataStream:10.1.74.1:15078|priority:0|startupRole:FOLLOWER, 87f06f2d-f73a-4ca4-bc8e-5aedfa582ec7|rpc:10.1.74.1:15068|admin:10.1.74.1:15067|client:10.1.74.1:15066|dataStream:10.1.74.1:15069|priority:0|startupRole:FOLLOWER, 70b3c7ea-e7eb-4f75-8ddc-1173fec1a2ac|rpc:10.1.74.1:15086|admin:10.1.74.1:15085|client:10.1.74.1:15084|dataStream:10.1.74.1:15087|priority:1|startupRole:FOLLOWER]|listeners:[], old=null
2023-06-02 05:15:36,851 [87f06f2d-f73a-4ca4-bc8e-5aedfa582ec7@group-5D33FE8063A9-LeaderElection18] INFO  impl.LeaderElection (LeaderElection.java:logAndReturn(90)) - 87f06f2d-f73a-4ca4-bc8e-5aedfa582ec7@group-5D33FE8063A9-LeaderElection18: PRE_VOTE REJECTED received 2 response(s) and 0 exception(s):
2023-06-02 05:15:36,851 [87f06f2d-f73a-4ca4-bc8e-5aedfa582ec7@group-5D33FE8063A9-LeaderElection18] INFO  impl.LeaderElection (LeaderElection.java:logAndReturn(94)) -   Response 0: 87f06f2d-f73a-4ca4-bc8e-5aedfa582ec7<-638bdbe3-f7a3-4715-ad07-0d6e98de3b67#0:OK-t0
2023-06-02 05:15:36,851 [87f06f2d-f73a-4ca4-bc8e-5aedfa582ec7@group-5D33FE8063A9-LeaderElection18] INFO  impl.LeaderElection (LeaderElection.java:logAndReturn(94)) -   Response 1: 87f06f2d-f73a-4ca4-bc8e-5aedfa582ec7<-70b3c7ea-e7eb-4f75-8ddc-1173fec1a2ac#0:FAIL-t0
2023-06-02 05:15:36,851 [87f06f2d-f73a-4ca4-bc8e-5aedfa582ec7@group-5D33FE8063A9-LeaderElection18] INFO  impl.LeaderElection (LeaderElection.java:askForVotes(323)) - 87f06f2d-f73a-4ca4-bc8e-5aedfa582ec7@group-5D33FE8063A9-LeaderElection18 PRE_VOTE round 0: result REJECTED
2023-06-02 05:15:36,852 [87f06f2d-f73a-4ca4-bc8e-5aedfa582ec7@group-5D33FE8063A9-LeaderElection18] INFO  server.RaftServer$Division (RaftServerImpl.java:setRole(329)) - 87f06f2d-f73a-4ca4-bc8e-5aedfa582ec7@group-5D33FE8063A9: changes role from CANDIDATE to FOLLOWER at term 0 for REJECTED
2023-06-02 05:15:36,852 [87f06f2d-f73a-4ca4-bc8e-5aedfa582ec7@group-5D33FE8063A9-LeaderElection18] INFO  impl.RoleInfo (RoleInfo.java:shutdownLeaderElection(130)) - 87f06f2d-f73a-4ca4-bc8e-5aedfa582ec7: shutdown 87f06f2d-f73a-4ca4-bc8e-5aedfa582ec7@group-5D33FE8063A9-LeaderElection18
2023-06-02 05:15:36,852 [87f06f2d-f73a-4ca4-bc8e-5aedfa582ec7@group-5D33FE8063A9-LeaderElection18] INFO  impl.RoleInfo (RoleInfo.java:updateAndGet(139)) - 87f06f2d-f73a-4ca4-bc8e-5aedfa582ec7: start 87f06f2d-f73a-4ca4-bc8e-5aedfa582ec7@group-5D33FE8063A9-FollowerState
2023-06-02 05:15:36,854 [70b3c7ea-e7eb-4f75-8ddc-1173fec1a2ac@group-5D33FE8063A9-LeaderElection19] INFO  impl.LeaderElection (LeaderElection.java:askForVotes(321)) - 70b3c7ea-e7eb-4f75-8ddc-1173fec1a2ac@group-5D33FE8063A9-LeaderElection19 PRE_VOTE round 0: submit vote requests at term 0 for -1: peers:[638bdbe3-f7a3-4715-ad07-0d6e98de3b67|rpc:10.1.74.1:15077|admin:10.1.74.1:15076|client:10.1.74.1:15075|dataStream:10.1.74.1:15078|priority:0|startupRole:FOLLOWER, 87f06f2d-f73a-4ca4-bc8e-5aedfa582ec7|rpc:10.1.74.1:15068|admin:10.1.74.1:15067|client:10.1.74.1:15066|dataStream:10.1.74.1:15069|priority:0|startupRole:FOLLOWER, 70b3c7ea-e7eb-4f75-8ddc-1173fec1a2ac|rpc:10.1.74.1:15086|admin:10.1.74.1:15085|client:10.1.74.1:15084|dataStream:10.1.74.1:15087|priority:1|startupRole:FOLLOWER]|listeners:[], old=null
2023-06-02 05:15:36,856 [70b3c7ea-e7eb-4f75-8ddc-1173fec1a2ac@group-5D33FE8063A9-LeaderElection19-1] INFO  server.GrpcServerProtocolClient (GrpcServerProtocolClient.java:<init>(65)) - Build channel for 638bdbe3-f7a3-4715-ad07-0d6e98de3b67
2023-06-02 05:15:36,860 [70b3c7ea-e7eb-4f75-8ddc-1173fec1a2ac@group-5D33FE8063A9-LeaderElection19] INFO  server.RaftServerConfigKeys (ConfUtils.java:logFallback(53)) - raft.server.rpc.first-election.timeout.min = 5s (fallback to raft.server.rpc.timeout.min)
2023-06-02 05:15:36,860 [70b3c7ea-e7eb-4f75-8ddc-1173fec1a2ac@group-5D33FE8063A9-LeaderElection19] INFO  server.RaftServerConfigKeys (ConfUtils.java:logFallback(53)) - raft.server.rpc.first-election.timeout.max = 5200ms (fallback to raft.server.rpc.timeout.max)
2023-06-02 05:15:36,865 [70b3c7ea-e7eb-4f75-8ddc-1173fec1a2ac@group-5D33FE8063A9-LeaderElection19-2] INFO  server.GrpcServerProtocolClient (GrpcServerProtocolClient.java:<init>(65)) - Build channel for 87f06f2d-f73a-4ca4-bc8e-5aedfa582ec7
2023-06-02 05:15:36,871 [grpc-default-executor-0] INFO  server.RaftServer$Division (RaftServerImpl.java:requestVote(1302)) - 638bdbe3-f7a3-4715-ad07-0d6e98de3b67@group-5D33FE8063A9: receive requestVote(PRE_VOTE, 70b3c7ea-e7eb-4f75-8ddc-1173fec1a2ac, group-5D33FE8063A9, 0, (t:0, i:0))
2023-06-02 05:15:36,871 [grpc-default-executor-0] INFO  impl.VoteContext (VoteContext.java:log(49)) - 638bdbe3-f7a3-4715-ad07-0d6e98de3b67@group-5D33FE8063A9-FOLLOWER: accept PRE_VOTE from 70b3c7ea-e7eb-4f75-8ddc-1173fec1a2ac: our priority 0 <= candidate's priority 1
2023-06-02 05:15:36,871 [grpc-default-executor-0] INFO  server.RaftServer$Division (RaftServerImpl.java:requestVote(1335)) - 638bdbe3-f7a3-4715-ad07-0d6e98de3b67@group-5D33FE8063A9 replies to PRE_VOTE vote request: 70b3c7ea-e7eb-4f75-8ddc-1173fec1a2ac<-638bdbe3-f7a3-4715-ad07-0d6e98de3b67#0:OK-t0. Peer's state: 638bdbe3-f7a3-4715-ad07-0d6e98de3b67@group-5D33FE8063A9:t0, leader=null, voted=, raftlog=Memoized:638bdbe3-f7a3-4715-ad07-0d6e98de3b67@group-5D33FE8063A9-SegmentedRaftLog:OPENED:c-1, conf=-1: peers:[638bdbe3-f7a3-4715-ad07-0d6e98de3b67|rpc:10.1.74.1:15077|admin:10.1.74.1:15076|client:10.1.74.1:15075|dataStream:10.1.74.1:15078|priority:0|startupRole:FOLLOWER, 87f06f2d-f73a-4ca4-bc8e-5aedfa582ec7|rpc:10.1.74.1:15068|admin:10.1.74.1:15067|client:10.1.74.1:15066|dataStream:10.1.74.1:15069|priority:0|startupRole:FOLLOWER, 70b3c7ea-e7eb-4f75-8ddc-1173fec1a2ac|rpc:10.1.74.1:15086|admin:10.1.74.1:15085|client:10.1.74.1:15084|dataStream:10.1.74.1:15087|priority:1|startupRole:FOLLOWER]|listeners:[], old=null
2023-06-02 05:15:36,881 [70b3c7ea-e7eb-4f75-8ddc-1173fec1a2ac@group-5D33FE8063A9-LeaderElection19] INFO  impl.LeaderElection (LeaderElection.java:logAndReturn(90)) - 70b3c7ea-e7eb-4f75-8ddc-1173fec1a2ac@group-5D33FE8063A9-LeaderElection19: PRE_VOTE PASSED received 1 response(s) and 0 exception(s):
2023-06-02 05:15:36,881 [70b3c7ea-e7eb-4f75-8ddc-1173fec1a2ac@group-5D33FE8063A9-LeaderElection19] INFO  impl.LeaderElection (LeaderElection.java:logAndReturn(94)) -   Response 0: 70b3c7ea-e7eb-4f75-8ddc-1173fec1a2ac<-638bdbe3-f7a3-4715-ad07-0d6e98de3b67#0:OK-t0
2023-06-02 05:15:36,881 [70b3c7ea-e7eb-4f75-8ddc-1173fec1a2ac@group-5D33FE8063A9-LeaderElection19] INFO  impl.LeaderElection (LeaderElection.java:askForVotes(323)) - 70b3c7ea-e7eb-4f75-8ddc-1173fec1a2ac@group-5D33FE8063A9-LeaderElection19 PRE_VOTE round 0: result PASSED
2023-06-02 05:15:36,883 [70b3c7ea-e7eb-4f75-8ddc-1173fec1a2ac@group-5D33FE8063A9-LeaderElection19] INFO  impl.LeaderElection (LeaderElection.java:askForVotes(321)) - 70b3c7ea-e7eb-4f75-8ddc-1173fec1a2ac@group-5D33FE8063A9-LeaderElection19 ELECTION round 0: submit vote requests at term 1 for -1: peers:[638bdbe3-f7a3-4715-ad07-0d6e98de3b67|rpc:10.1.74.1:15077|admin:10.1.74.1:15076|client:10.1.74.1:15075|dataStream:10.1.74.1:15078|priority:0|startupRole:FOLLOWER, 87f06f2d-f73a-4ca4-bc8e-5aedfa582ec7|rpc:10.1.74.1:15068|admin:10.1.74.1:15067|client:10.1.74.1:15066|dataStream:10.1.74.1:15069|priority:0|startupRole:FOLLOWER, 70b3c7ea-e7eb-4f75-8ddc-1173fec1a2ac|rpc:10.1.74.1:15086|admin:10.1.74.1:15085|client:10.1.74.1:15084|dataStream:10.1.74.1:15087|priority:1|startupRole:FOLLOWER]|listeners:[], old=null
2023-06-02 05:15:36,893 [grpc-default-executor-0] INFO  server.RaftServer$Division (RaftServerImpl.java:requestVote(1302)) - 638bdbe3-f7a3-4715-ad07-0d6e98de3b67@group-5D33FE8063A9: receive requestVote(ELECTION, 70b3c7ea-e7eb-4f75-8ddc-1173fec1a2ac, group-5D33FE8063A9, 1, (t:0, i:0))
2023-06-02 05:15:36,893 [grpc-default-executor-0] INFO  impl.VoteContext (VoteContext.java:log(49)) - 638bdbe3-f7a3-4715-ad07-0d6e98de3b67@group-5D33FE8063A9-FOLLOWER: accept ELECTION from 70b3c7ea-e7eb-4f75-8ddc-1173fec1a2ac: our priority 0 <= candidate's priority 1
2023-06-02 05:15:36,893 [grpc-default-executor-0] INFO  server.RaftServer$Division (RaftServerImpl.java:setRole(329)) - 638bdbe3-f7a3-4715-ad07-0d6e98de3b67@group-5D33FE8063A9: changes role from  FOLLOWER to FOLLOWER at term 1 for candidate:70b3c7ea-e7eb-4f75-8ddc-1173fec1a2ac
2023-06-02 05:15:36,893 [grpc-default-executor-0] INFO  impl.RoleInfo (RoleInfo.java:shutdownFollowerState(110)) - 638bdbe3-f7a3-4715-ad07-0d6e98de3b67: shutdown 638bdbe3-f7a3-4715-ad07-0d6e98de3b67@group-5D33FE8063A9-FollowerState
2023-06-02 05:15:36,893 [grpc-default-executor-5] INFO  server.RaftServer$Division (RaftServerImpl.java:requestVote(1302)) - 87f06f2d-f73a-4ca4-bc8e-5aedfa582ec7@group-5D33FE8063A9: receive requestVote(PRE_VOTE, 70b3c7ea-e7eb-4f75-8ddc-1173fec1a2ac, group-5D33FE8063A9, 0, (t:0, i:0))
2023-06-02 05:15:36,894 [grpc-default-executor-5] INFO  impl.VoteContext (VoteContext.java:log(49)) - 87f06f2d-f73a-4ca4-bc8e-5aedfa582ec7@group-5D33FE8063A9-FOLLOWER: accept PRE_VOTE from 70b3c7ea-e7eb-4f75-8ddc-1173fec1a2ac: our priority 0 <= candidate's priority 1
2023-06-02 05:15:36,894 [grpc-default-executor-5] INFO  server.RaftServer$Division (RaftServerImpl.java:requestVote(1335)) - 87f06f2d-f73a-4ca4-bc8e-5aedfa582ec7@group-5D33FE8063A9 replies to PRE_VOTE vote request: 70b3c7ea-e7eb-4f75-8ddc-1173fec1a2ac<-87f06f2d-f73a-4ca4-bc8e-5aedfa582ec7#0:OK-t0. Peer's state: 87f06f2d-f73a-4ca4-bc8e-5aedfa582ec7@group-5D33FE8063A9:t0, leader=null, voted=, raftlog=Memoized:87f06f2d-f73a-4ca4-bc8e-5aedfa582ec7@group-5D33FE8063A9-SegmentedRaftLog:OPENED:c-1, conf=-1: peers:[638bdbe3-f7a3-4715-ad07-0d6e98de3b67|rpc:10.1.74.1:15077|admin:10.1.74.1:15076|client:10.1.74.1:15075|dataStream:10.1.74.1:15078|priority:0|startupRole:FOLLOWER, 87f06f2d-f73a-4ca4-bc8e-5aedfa582ec7|rpc:10.1.74.1:15068|admin:10.1.74.1:15067|client:10.1.74.1:15066|dataStream:10.1.74.1:15069|priority:0|startupRole:FOLLOWER, 70b3c7ea-e7eb-4f75-8ddc-1173fec1a2ac|rpc:10.1.74.1:15086|admin:10.1.74.1:15085|client:10.1.74.1:15084|dataStream:10.1.74.1:15087|priority:1|startupRole:FOLLOWER]|listeners:[], old=null
2023-06-02 05:15:36,898 [70b3c7ea-e7eb-4f75-8ddc-1173fec1a2ac@group-5D33FE8063A9-LeaderElection19] INFO  server.RaftServerConfigKeys (ConfUtils.java:logFallback(53)) - raft.server.rpc.first-election.timeout.min = 5s (fallback to raft.server.rpc.timeout.min)
2023-06-02 05:15:36,898 [70b3c7ea-e7eb-4f75-8ddc-1173fec1a2ac@group-5D33FE8063A9-LeaderElection19] INFO  server.RaftServerConfigKeys (ConfUtils.java:logFallback(53)) - raft.server.rpc.first-election.timeout.max = 5200ms (fallback to raft.server.rpc.timeout.max)
2023-06-02 05:15:36,901 [grpc-default-executor-0] INFO  impl.RoleInfo (RoleInfo.java:updateAndGet(139)) - 638bdbe3-f7a3-4715-ad07-0d6e98de3b67: start 638bdbe3-f7a3-4715-ad07-0d6e98de3b67@group-5D33FE8063A9-FollowerState
2023-06-02 05:15:36,901 [638bdbe3-f7a3-4715-ad07-0d6e98de3b67@group-5D33FE8063A9-FollowerState] INFO  impl.FollowerState (FollowerState.java:run(152)) - 638bdbe3-f7a3-4715-ad07-0d6e98de3b67@group-5D33FE8063A9-FollowerState was interrupted
2023-06-02 05:15:36,903 [grpc-default-executor-0] INFO  server.RaftServer$Division (RaftServerImpl.java:requestVote(1335)) - 638bdbe3-f7a3-4715-ad07-0d6e98de3b67@group-5D33FE8063A9 replies to ELECTION vote request: 70b3c7ea-e7eb-4f75-8ddc-1173fec1a2ac<-638bdbe3-f7a3-4715-ad07-0d6e98de3b67#0:OK-t1. Peer's state: 638bdbe3-f7a3-4715-ad07-0d6e98de3b67@group-5D33FE8063A9:t1, leader=null, voted=70b3c7ea-e7eb-4f75-8ddc-1173fec1a2ac, raftlog=Memoized:638bdbe3-f7a3-4715-ad07-0d6e98de3b67@group-5D33FE8063A9-SegmentedRaftLog:OPENED:c-1, conf=-1: peers:[638bdbe3-f7a3-4715-ad07-0d6e98de3b67|rpc:10.1.74.1:15077|admin:10.1.74.1:15076|client:10.1.74.1:15075|dataStream:10.1.74.1:15078|priority:0|startupRole:FOLLOWER, 87f06f2d-f73a-4ca4-bc8e-5aedfa582ec7|rpc:10.1.74.1:15068|admin:10.1.74.1:15067|client:10.1.74.1:15066|dataStream:10.1.74.1:15069|priority:0|startupRole:FOLLOWER, 70b3c7ea-e7eb-4f75-8ddc-1173fec1a2ac|rpc:10.1.74.1:15086|admin:10.1.74.1:15085|client:10.1.74.1:15084|dataStream:10.1.74.1:15087|priority:1|startupRole:FOLLOWER]|listeners:[], old=null
2023-06-02 05:15:36,904 [70b3c7ea-e7eb-4f75-8ddc-1173fec1a2ac@group-5D33FE8063A9-LeaderElection19] INFO  impl.LeaderElection (LeaderElection.java:logAndReturn(90)) - 70b3c7ea-e7eb-4f75-8ddc-1173fec1a2ac@group-5D33FE8063A9-LeaderElection19: ELECTION PASSED received 1 response(s) and 0 exception(s):
2023-06-02 05:15:36,904 [70b3c7ea-e7eb-4f75-8ddc-1173fec1a2ac@group-5D33FE8063A9-LeaderElection19] INFO  impl.LeaderElection (LeaderElection.java:logAndReturn(94)) -   Response 0: 70b3c7ea-e7eb-4f75-8ddc-1173fec1a2ac<-638bdbe3-f7a3-4715-ad07-0d6e98de3b67#0:OK-t1
2023-06-02 05:15:36,904 [70b3c7ea-e7eb-4f75-8ddc-1173fec1a2ac@group-5D33FE8063A9-LeaderElection19] INFO  impl.LeaderElection (LeaderElection.java:askForVotes(323)) - 70b3c7ea-e7eb-4f75-8ddc-1173fec1a2ac@group-5D33FE8063A9-LeaderElection19 ELECTION round 0: result PASSED
2023-06-02 05:15:36,904 [70b3c7ea-e7eb-4f75-8ddc-1173fec1a2ac@group-5D33FE8063A9-LeaderElection19] INFO  impl.RoleInfo (RoleInfo.java:shutdownLeaderElection(130)) - 70b3c7ea-e7eb-4f75-8ddc-1173fec1a2ac: shutdown 70b3c7ea-e7eb-4f75-8ddc-1173fec1a2ac@group-5D33FE8063A9-LeaderElection19
2023-06-02 05:15:36,904 [70b3c7ea-e7eb-4f75-8ddc-1173fec1a2ac@group-5D33FE8063A9-LeaderElection19] INFO  server.RaftServer$Division (RaftServerImpl.java:setRole(329)) - 70b3c7ea-e7eb-4f75-8ddc-1173fec1a2ac@group-5D33FE8063A9: changes role from CANDIDATE to LEADER at term 1 for changeToLeader
2023-06-02 05:15:36,904 [70b3c7ea-e7eb-4f75-8ddc-1173fec1a2ac@group-5D33FE8063A9-LeaderElection19] INFO  ratis.XceiverServerRatis (XceiverServerRatis.java:handleLeaderChangedNotification(902)) - Leader change notification received for group: group-5D33FE8063A9 with new leaderId: 70b3c7ea-e7eb-4f75-8ddc-1173fec1a2ac
2023-06-02 05:15:36,905 [70b3c7ea-e7eb-4f75-8ddc-1173fec1a2ac@group-5D33FE8063A9-LeaderElection19] INFO  server.RaftServer$Division (ServerState.java:setLeader(317)) - 70b3c7ea-e7eb-4f75-8ddc-1173fec1a2ac@group-5D33FE8063A9: change Leader from null to 70b3c7ea-e7eb-4f75-8ddc-1173fec1a2ac at term 1 for becomeLeader, leader elected after 5200ms
2023-06-02 05:15:36,905 [70b3c7ea-e7eb-4f75-8ddc-1173fec1a2ac@group-5D33FE8063A9-LeaderElection19] INFO  server.RaftServerConfigKeys (ConfUtils.java:logGet(46)) - raft.server.staging.catchup.gap = 1000 (default)
2023-06-02 05:15:36,905 [70b3c7ea-e7eb-4f75-8ddc-1173fec1a2ac@group-5D33FE8063A9-LeaderElection19] INFO  server.RaftServerConfigKeys (ConfUtils.java:logGet(46)) - raft.server.write.element-limit = 1024 (custom)
2023-06-02 05:15:36,905 [70b3c7ea-e7eb-4f75-8ddc-1173fec1a2ac@group-5D33FE8063A9-LeaderElection19] INFO  server.RaftServerConfigKeys (ConfUtils.java:logGet(46)) - raft.server.write.byte-limit = 1024 M (=1073741824) (custom)
2023-06-02 05:15:36,905 [70b3c7ea-e7eb-4f75-8ddc-1173fec1a2ac@group-5D33FE8063A9-LeaderElection19] INFO  server.RaftServerConfigKeys (ConfUtils.java:logGet(46)) - raft.server.watch.timeout = 180s (custom)
2023-06-02 05:15:36,905 [70b3c7ea-e7eb-4f75-8ddc-1173fec1a2ac@group-5D33FE8063A9-LeaderElection19] INFO  server.RaftServerConfigKeys (ConfUtils.java:logGet(46)) - raft.server.watch.timeout.denomination = 1s (default)
2023-06-02 05:15:36,905 [70b3c7ea-e7eb-4f75-8ddc-1173fec1a2ac@group-5D33FE8063A9-LeaderElection19] INFO  server.RaftServerConfigKeys (ConfUtils.java:logGet(46)) - raft.server.watch.element-limit = 65536 (default)
2023-06-02 05:15:36,906 [70b3c7ea-e7eb-4f75-8ddc-1173fec1a2ac@group-5D33FE8063A9-LeaderElection19] INFO  server.RaftServerConfigKeys (ConfUtils.java:logGet(46)) - raft.server.write.element-limit = 1024 (custom)
2023-06-02 05:15:36,906 [70b3c7ea-e7eb-4f75-8ddc-1173fec1a2ac@group-5D33FE8063A9-LeaderElection19] INFO  server.RaftServerConfigKeys (ConfUtils.java:logGet(46)) - raft.server.write.follower.gap.ratio.max = -1.0 (default)
2023-06-02 05:15:36,906 [grpc-default-executor-0] INFO  server.RaftServer$Division (RaftServerImpl.java:requestVote(1302)) - 87f06f2d-f73a-4ca4-bc8e-5aedfa582ec7@group-5D33FE8063A9: receive requestVote(ELECTION, 70b3c7ea-e7eb-4f75-8ddc-1173fec1a2ac, group-5D33FE8063A9, 1, (t:0, i:0))
2023-06-02 05:15:36,906 [grpc-default-executor-0] INFO  impl.VoteContext (VoteContext.java:log(49)) - 87f06f2d-f73a-4ca4-bc8e-5aedfa582ec7@group-5D33FE8063A9-FOLLOWER: accept ELECTION from 70b3c7ea-e7eb-4f75-8ddc-1173fec1a2ac: our priority 0 <= candidate's priority 1
2023-06-02 05:15:36,906 [grpc-default-executor-0] INFO  server.RaftServer$Division (RaftServerImpl.java:setRole(329)) - 87f06f2d-f73a-4ca4-bc8e-5aedfa582ec7@group-5D33FE8063A9: changes role from  FOLLOWER to FOLLOWER at term 1 for candidate:70b3c7ea-e7eb-4f75-8ddc-1173fec1a2ac
2023-06-02 05:15:36,907 [grpc-default-executor-0] INFO  impl.RoleInfo (RoleInfo.java:shutdownFollowerState(110)) - 87f06f2d-f73a-4ca4-bc8e-5aedfa582ec7: shutdown 87f06f2d-f73a-4ca4-bc8e-5aedfa582ec7@group-5D33FE8063A9-FollowerState
2023-06-02 05:15:36,907 [grpc-default-executor-0] INFO  impl.RoleInfo (RoleInfo.java:updateAndGet(139)) - 87f06f2d-f73a-4ca4-bc8e-5aedfa582ec7: start 87f06f2d-f73a-4ca4-bc8e-5aedfa582ec7@group-5D33FE8063A9-FollowerState
2023-06-02 05:15:36,907 [87f06f2d-f73a-4ca4-bc8e-5aedfa582ec7@group-5D33FE8063A9-FollowerState] INFO  impl.FollowerState (FollowerState.java:run(152)) - 87f06f2d-f73a-4ca4-bc8e-5aedfa582ec7@group-5D33FE8063A9-FollowerState was interrupted
2023-06-02 05:15:36,908 [EventQueue-PipelineReportForPipelineReportHandler] INFO  pipeline.PipelineManagerImpl (PipelineManagerImpl.java:openPipeline(367)) - Pipeline Pipeline[ Id: 1befd94a-0f8f-46e8-9cfb-5d33fe8063a9, Nodes: 87f06f2d-f73a-4ca4-bc8e-5aedfa582ec7(fv-az628-647/10.1.74.1)70b3c7ea-e7eb-4f75-8ddc-1173fec1a2ac(fv-az628-647/10.1.74.1)638bdbe3-f7a3-4715-ad07-0d6e98de3b67(fv-az628-647/10.1.74.1), ReplicationConfig: RATIS/THREE, State:ALLOCATED, leaderId:70b3c7ea-e7eb-4f75-8ddc-1173fec1a2ac, CreationTimestamp2023-06-02T05:15:29.337Z[Etc/UTC]] moved to OPEN state
2023-06-02 05:15:36,907 [70b3c7ea-e7eb-4f75-8ddc-1173fec1a2ac@group-5D33FE8063A9-LeaderElection19] INFO  server.RaftServerConfigKeys (ConfUtils.java:logGet(46)) - raft.server.log.appender.snapshot.chunk.size.max = 16MB (=16777216) (default)
2023-06-02 05:15:36,909 [70b3c7ea-e7eb-4f75-8ddc-1173fec1a2ac@group-5D33FE8063A9-LeaderElection19] INFO  server.RaftServerConfigKeys (ConfUtils.java:logGet(46)) - raft.server.log.appender.buffer.byte-limit = 33554432 (custom)
2023-06-02 05:15:36,909 [70b3c7ea-e7eb-4f75-8ddc-1173fec1a2ac@group-5D33FE8063A9-LeaderElection19] INFO  server.RaftServerConfigKeys (ConfUtils.java:logGet(46)) - raft.server.log.appender.buffer.element-limit = 1 (custom)
2023-06-02 05:15:36,910 [70b3c7ea-e7eb-4f75-8ddc-1173fec1a2ac@group-5D33FE8063A9-LeaderElection19] INFO  server.RaftServerConfigKeys (ConfUtils.java:logGet(46)) - raft.server.log.appender.wait-time.min = 10ms (default)
2023-06-02 05:15:36,910 [70b3c7ea-e7eb-4f75-8ddc-1173fec1a2ac@group-5D33FE8063A9-LeaderElection19] INFO  grpc.GrpcConfigKeys (ConfUtils.java:logGet(46)) - raft.grpc.server.leader.outstanding.appends.max = 128 (default)
2023-06-02 05:15:36,910 [70b3c7ea-e7eb-4f75-8ddc-1173fec1a2ac@group-5D33FE8063A9-LeaderElection19] INFO  server.RaftServerConfigKeys (ConfUtils.java:logGet(46)) - raft.server.rpc.request.timeout = 60s (custom)
2023-06-02 05:15:36,910 [70b3c7ea-e7eb-4f75-8ddc-1173fec1a2ac@group-5D33FE8063A9-LeaderElection19] INFO  grpc.GrpcConfigKeys (ConfUtils.java:logGet(46)) - raft.grpc.server.install_snapshot.request.element-limit = 8 (default)
2023-06-02 05:15:36,910 [70b3c7ea-e7eb-4f75-8ddc-1173fec1a2ac@group-5D33FE8063A9-LeaderElection19] INFO  grpc.GrpcConfigKeys (ConfUtils.java:logGet(46)) - raft.grpc.server.install_snapshot.request.timeout = 3000ms (default)
2023-06-02 05:15:36,910 [70b3c7ea-e7eb-4f75-8ddc-1173fec1a2ac@group-5D33FE8063A9-LeaderElection19] INFO  server.RaftServerConfigKeys (ConfUtils.java:logGet(46)) - raft.server.log.appender.install.snapshot.enabled = false (custom)
2023-06-02 05:15:36,911 [70b3c7ea-e7eb-4f75-8ddc-1173fec1a2ac@group-5D33FE8063A9-LeaderElection19] INFO  grpc.GrpcConfigKeys (ConfUtils.java:logGet(46)) - raft.grpc.server.heartbeat.channel = true (default)
2023-06-02 05:15:36,916 [70b3c7ea-e7eb-4f75-8ddc-1173fec1a2ac@group-5D33FE8063A9-LeaderElection19] INFO  server.RaftServerConfigKeys (ConfUtils.java:logGet(46)) - raft.server.log.appender.snapshot.chunk.size.max = 16MB (=16777216) (default)
2023-06-02 05:15:36,916 [70b3c7ea-e7eb-4f75-8ddc-1173fec1a2ac@group-5D33FE8063A9-LeaderElection19] INFO  server.RaftServerConfigKeys (ConfUtils.java:logGet(46)) - raft.server.log.appender.buffer.byte-limit = 33554432 (custom)
2023-06-02 05:15:36,917 [70b3c7ea-e7eb-4f75-8ddc-1173fec1a2ac@group-5D33FE8063A9-LeaderElection19] INFO  server.RaftServerConfigKeys (ConfUtils.java:logGet(46)) - raft.server.log.appender.buffer.element-limit = 1 (custom)
2023-06-02 05:15:36,917 [70b3c7ea-e7eb-4f75-8ddc-1173fec1a2ac@group-5D33FE8063A9-LeaderElection19] INFO  server.RaftServerConfigKeys (ConfUtils.java:logGet(46)) - raft.server.log.appender.wait-time.min = 10ms (default)
2023-06-02 05:15:36,917 [70b3c7ea-e7eb-4f75-8ddc-1173fec1a2ac@group-5D33FE8063A9-LeaderElection19] INFO  grpc.GrpcConfigKeys (ConfUtils.java:logGet(46)) - raft.grpc.server.leader.outstanding.appends.max = 128 (default)
2023-06-02 05:15:36,917 [70b3c7ea-e7eb-4f75-8ddc-1173fec1a2ac@group-5D33FE8063A9-LeaderElection19] INFO  server.RaftServerConfigKeys (ConfUtils.java:logGet(46)) - raft.server.rpc.request.timeout = 60s (custom)
2023-06-02 05:15:36,917 [70b3c7ea-e7eb-4f75-8ddc-1173fec1a2ac@group-5D33FE8063A9-LeaderElection19] INFO  grpc.GrpcConfigKeys (ConfUtils.java:logGet(46)) - raft.grpc.server.install_snapshot.request.element-limit = 8 (default)
2023-06-02 05:15:36,917 [70b3c7ea-e7eb-4f75-8ddc-1173fec1a2ac@group-5D33FE8063A9-LeaderElection19] INFO  grpc.GrpcConfigKeys (ConfUtils.java:logGet(46)) - raft.grpc.server.install_snapshot.request.timeout = 3000ms (default)
2023-06-02 05:15:36,917 [70b3c7ea-e7eb-4f75-8ddc-1173fec1a2ac@group-5D33FE8063A9-LeaderElection19] INFO  server.RaftServerConfigKeys (ConfUtils.java:logGet(46)) - raft.server.log.appender.install.snapshot.enabled = false (custom)
2023-06-02 05:15:36,917 [70b3c7ea-e7eb-4f75-8ddc-1173fec1a2ac@group-5D33FE8063A9-LeaderElection19] INFO  grpc.GrpcConfigKeys (ConfUtils.java:logGet(46)) - raft.grpc.server.heartbeat.channel = true (default)
2023-06-02 05:15:36,918 [70b3c7ea-e7eb-4f75-8ddc-1173fec1a2ac@group-5D33FE8063A9-LeaderElection19] INFO  impl.RoleInfo (RoleInfo.java:updateAndGet(139)) - 70b3c7ea-e7eb-4f75-8ddc-1173fec1a2ac: start 70b3c7ea-e7eb-4f75-8ddc-1173fec1a2ac@group-5D33FE8063A9-LeaderStateImpl
2023-06-02 05:15:36,918 [grpc-default-executor-0] INFO  server.RaftServer$Division (RaftServerImpl.java:requestVote(1335)) - 87f06f2d-f73a-4ca4-bc8e-5aedfa582ec7@group-5D33FE8063A9 replies to ELECTION vote request: 70b3c7ea-e7eb-4f75-8ddc-1173fec1a2ac<-87f06f2d-f73a-4ca4-bc8e-5aedfa582ec7#0:OK-t1. Peer's state: 87f06f2d-f73a-4ca4-bc8e-5aedfa582ec7@group-5D33FE8063A9:t1, leader=null, voted=70b3c7ea-e7eb-4f75-8ddc-1173fec1a2ac, raftlog=Memoized:87f06f2d-f73a-4ca4-bc8e-5aedfa582ec7@group-5D33FE8063A9-SegmentedRaftLog:OPENED:c-1, conf=-1: peers:[638bdbe3-f7a3-4715-ad07-0d6e98de3b67|rpc:10.1.74.1:15077|admin:10.1.74.1:15076|client:10.1.74.1:15075|dataStream:10.1.74.1:15078|priority:0|startupRole:FOLLOWER, 87f06f2d-f73a-4ca4-bc8e-5aedfa582ec7|rpc:10.1.74.1:15068|admin:10.1.74.1:15067|client:10.1.74.1:15066|dataStream:10.1.74.1:15069|priority:0|startupRole:FOLLOWER, 70b3c7ea-e7eb-4f75-8ddc-1173fec1a2ac|rpc:10.1.74.1:15086|admin:10.1.74.1:15085|client:10.1.74.1:15084|dataStream:10.1.74.1:15087|priority:1|startupRole:FOLLOWER]|listeners:[], old=null
2023-06-02 05:15:36,918 [70b3c7ea-e7eb-4f75-8ddc-1173fec1a2ac@group-5D33FE8063A9-LeaderElection19] INFO  segmented.SegmentedRaftLogWorker (SegmentedRaftLogWorker.java:startLogSegment(447)) - 70b3c7ea-e7eb-4f75-8ddc-1173fec1a2ac@group-5D33FE8063A9-SegmentedRaftLogWorker: Starting segment from index:0
2023-06-02 05:15:36,921 [70b3c7ea-e7eb-4f75-8ddc-1173fec1a2ac@group-5D33FE8063A9-SegmentedRaftLogWorker] INFO  segmented.SegmentedRaftLogWorker (SegmentedRaftLogWorker.java:execute(651)) - 70b3c7ea-e7eb-4f75-8ddc-1173fec1a2ac@group-5D33FE8063A9-SegmentedRaftLogWorker: created new log segment /home/runner/work/ozone/ozone/hadoop-ozone/integration-test/target/test-dir/MiniOzoneClusterImpl-4e6c5432-da36-405d-b7f1-05871ead9573/datanode-8/data/ratis/1befd94a-0f8f-46e8-9cfb-5d33fe8063a9/current/log_inprogress_0
2023-06-02 05:15:36,927 [70b3c7ea-e7eb-4f75-8ddc-1173fec1a2ac@group-5D33FE8063A9-LeaderElection19] INFO  server.RaftServer$Division (ServerState.java:setRaftConf(434)) - 70b3c7ea-e7eb-4f75-8ddc-1173fec1a2ac@group-5D33FE8063A9: set configuration 0: peers:[638bdbe3-f7a3-4715-ad07-0d6e98de3b67|rpc:10.1.74.1:15077|admin:10.1.74.1:15076|client:10.1.74.1:15075|dataStream:10.1.74.1:15078|priority:0|startupRole:FOLLOWER, 87f06f2d-f73a-4ca4-bc8e-5aedfa582ec7|rpc:10.1.74.1:15068|admin:10.1.74.1:15067|client:10.1.74.1:15066|dataStream:10.1.74.1:15069|priority:0|startupRole:FOLLOWER, 70b3c7ea-e7eb-4f75-8ddc-1173fec1a2ac|rpc:10.1.74.1:15086|admin:10.1.74.1:15085|client:10.1.74.1:15084|dataStream:10.1.74.1:15087|priority:1|startupRole:FOLLOWER]|listeners:[], old=null
2023-06-02 05:15:36,950 [638bdbe3-f7a3-4715-ad07-0d6e98de3b67@group-B501B03E598F-FollowerState] INFO  impl.FollowerState (FollowerState.java:run(143)) - 638bdbe3-f7a3-4715-ad07-0d6e98de3b67@group-B501B03E598F-FollowerState: change to CANDIDATE, lastRpcElapsedTime:5050054703ns, electionTimeout:5048ms
2023-06-02 05:15:36,951 [638bdbe3-f7a3-4715-ad07-0d6e98de3b67@group-B501B03E598F-FollowerState] INFO  impl.RoleInfo (RoleInfo.java:shutdownFollowerState(110)) - 638bdbe3-f7a3-4715-ad07-0d6e98de3b67: shutdown 638bdbe3-f7a3-4715-ad07-0d6e98de3b67@group-B501B03E598F-FollowerState
2023-06-02 05:15:36,951 [638bdbe3-f7a3-4715-ad07-0d6e98de3b67@group-B501B03E598F-FollowerState] INFO  server.RaftServer$Division (RaftServerImpl.java:setRole(329)) - 638bdbe3-f7a3-4715-ad07-0d6e98de3b67@group-B501B03E598F: changes role from  FOLLOWER to CANDIDATE at term 0 for changeToCandidate
2023-06-02 05:15:36,954 [638bdbe3-f7a3-4715-ad07-0d6e98de3b67@group-B501B03E598F-FollowerState] INFO  server.RaftServerConfigKeys (ConfUtils.java:logGet(46)) - raft.server.leaderelection.pre-vote = true (default)
2023-06-02 05:15:36,954 [638bdbe3-f7a3-4715-ad07-0d6e98de3b67@group-B501B03E598F-FollowerState] INFO  impl.RoleInfo (RoleInfo.java:updateAndGet(139)) - 638bdbe3-f7a3-4715-ad07-0d6e98de3b67: start 638bdbe3-f7a3-4715-ad07-0d6e98de3b67@group-B501B03E598F-LeaderElection20
2023-06-02 05:15:36,960 [638bdbe3-f7a3-4715-ad07-0d6e98de3b67-server-thread1] INFO  ratis.XceiverServerRatis (XceiverServerRatis.java:handleLeaderChangedNotification(902)) - Leader change notification received for group: group-5D33FE8063A9 with new leaderId: 70b3c7ea-e7eb-4f75-8ddc-1173fec1a2ac
2023-06-02 05:15:36,960 [638bdbe3-f7a3-4715-ad07-0d6e98de3b67-server-thread1] INFO  server.RaftServer$Division (ServerState.java:setLeader(317)) - 638bdbe3-f7a3-4715-ad07-0d6e98de3b67@group-5D33FE8063A9: change Leader from null to 70b3c7ea-e7eb-4f75-8ddc-1173fec1a2ac at term 1 for appendEntries, leader elected after 5188ms
2023-06-02 05:15:36,962 [87f06f2d-f73a-4ca4-bc8e-5aedfa582ec7-server-thread1] INFO  ratis.XceiverServerRatis (XceiverServerRatis.java:handleLeaderChangedNotification(902)) - Leader change notification received for group: group-5D33FE8063A9 with new leaderId: 70b3c7ea-e7eb-4f75-8ddc-1173fec1a2ac
2023-06-02 05:15:36,962 [87f06f2d-f73a-4ca4-bc8e-5aedfa582ec7-server-thread1] INFO  server.RaftServer$Division (ServerState.java:setLeader(317)) - 87f06f2d-f73a-4ca4-bc8e-5aedfa582ec7@group-5D33FE8063A9: change Leader from null to 70b3c7ea-e7eb-4f75-8ddc-1173fec1a2ac at term 1 for appendEntries, leader elected after 5324ms
2023-06-02 05:15:36,962 [638bdbe3-f7a3-4715-ad07-0d6e98de3b67-server-thread2] INFO  server.RaftServer$Division (ServerState.java:setRaftConf(434)) - 638bdbe3-f7a3-4715-ad07-0d6e98de3b67@group-5D33FE8063A9: set configuration 0: peers:[638bdbe3-f7a3-4715-ad07-0d6e98de3b67|rpc:10.1.74.1:15077|admin:10.1.74.1:15076|client:10.1.74.1:15075|dataStream:10.1.74.1:15078|priority:0|startupRole:FOLLOWER, 87f06f2d-f73a-4ca4-bc8e-5aedfa582ec7|rpc:10.1.74.1:15068|admin:10.1.74.1:15067|client:10.1.74.1:15066|dataStream:10.1.74.1:15069|priority:0|startupRole:FOLLOWER, 70b3c7ea-e7eb-4f75-8ddc-1173fec1a2ac|rpc:10.1.74.1:15086|admin:10.1.74.1:15085|client:10.1.74.1:15084|dataStream:10.1.74.1:15087|priority:1|startupRole:FOLLOWER]|listeners:[], old=null
2023-06-02 05:15:36,963 [638bdbe3-f7a3-4715-ad07-0d6e98de3b67-server-thread2] INFO  segmented.SegmentedRaftLogWorker (SegmentedRaftLogWorker.java:startLogSegment(447)) - 638bdbe3-f7a3-4715-ad07-0d6e98de3b67@group-5D33FE8063A9-SegmentedRaftLogWorker: Starting segment from index:0
2023-06-02 05:15:36,981 [87f06f2d-f73a-4ca4-bc8e-5aedfa582ec7-server-thread1] INFO  server.RaftServer$Division (ServerState.java:setRaftConf(434)) - 87f06f2d-f73a-4ca4-bc8e-5aedfa582ec7@group-5D33FE8063A9: set configuration 0: peers:[638bdbe3-f7a3-4715-ad07-0d6e98de3b67|rpc:10.1.74.1:15077|admin:10.1.74.1:15076|client:10.1.74.1:15075|dataStream:10.1.74.1:15078|priority:0|startupRole:FOLLOWER, 87f06f2d-f73a-4ca4-bc8e-5aedfa582ec7|rpc:10.1.74.1:15068|admin:10.1.74.1:15067|client:10.1.74.1:15066|dataStream:10.1.74.1:15069|priority:0|startupRole:FOLLOWER, 70b3c7ea-e7eb-4f75-8ddc-1173fec1a2ac|rpc:10.1.74.1:15086|admin:10.1.74.1:15085|client:10.1.74.1:15084|dataStream:10.1.74.1:15087|priority:1|startupRole:FOLLOWER]|listeners:[], old=null
2023-06-02 05:15:36,986 [638bdbe3-f7a3-4715-ad07-0d6e98de3b67@group-B501B03E598F-LeaderElection20] INFO  impl.LeaderElection (LeaderElection.java:askForVotes(321)) - 638bdbe3-f7a3-4715-ad07-0d6e98de3b67@group-B501B03E598F-LeaderElection20 PRE_VOTE round 0: submit vote requests at term 0 for -1: peers:[638bdbe3-f7a3-4715-ad07-0d6e98de3b67|rpc:10.1.74.1:15077|admin:10.1.74.1:15076|client:10.1.74.1:15075|dataStream:10.1.74.1:15078|priority:1|startupRole:FOLLOWER, 70b3c7ea-e7eb-4f75-8ddc-1173fec1a2ac|rpc:10.1.74.1:15086|admin:10.1.74.1:15085|client:10.1.74.1:15084|dataStream:10.1.74.1:15087|priority:0|startupRole:FOLLOWER, 87f06f2d-f73a-4ca4-bc8e-5aedfa582ec7|rpc:10.1.74.1:15068|admin:10.1.74.1:15067|client:10.1.74.1:15066|dataStream:10.1.74.1:15069|priority:0|startupRole:FOLLOWER]|listeners:[], old=null
2023-06-02 05:15:36,987 [87f06f2d-f73a-4ca4-bc8e-5aedfa582ec7-server-thread1] INFO  segmented.SegmentedRaftLogWorker (SegmentedRaftLogWorker.java:startLogSegment(447)) - 87f06f2d-f73a-4ca4-bc8e-5aedfa582ec7@group-5D33FE8063A9-SegmentedRaftLogWorker: Starting segment from index:0
2023-06-02 05:15:36,988 [638bdbe3-f7a3-4715-ad07-0d6e98de3b67@group-5D33FE8063A9-SegmentedRaftLogWorker] INFO  segmented.SegmentedRaftLogWorker (SegmentedRaftLogWorker.java:execute(651)) - 638bdbe3-f7a3-4715-ad07-0d6e98de3b67@group-5D33FE8063A9-SegmentedRaftLogWorker: created new log segment /home/runner/work/ozone/ozone/hadoop-ozone/integration-test/target/test-dir/MiniOzoneClusterImpl-4e6c5432-da36-405d-b7f1-05871ead9573/datanode-7/data/ratis/1befd94a-0f8f-46e8-9cfb-5d33fe8063a9/current/log_inprogress_0
2023-06-02 05:15:36,994 [638bdbe3-f7a3-4715-ad07-0d6e98de3b67@group-B501B03E598F-LeaderElection20-1] INFO  server.GrpcServerProtocolClient (GrpcServerProtocolClient.java:<init>(65)) - Build channel for 70b3c7ea-e7eb-4f75-8ddc-1173fec1a2ac
2023-06-02 05:15:36,998 [638bdbe3-f7a3-4715-ad07-0d6e98de3b67@group-B501B03E598F-LeaderElection20] INFO  server.RaftServerConfigKeys (ConfUtils.java:logFallback(53)) - raft.server.rpc.first-election.timeout.min = 5s (fallback to raft.server.rpc.timeout.min)
2023-06-02 05:15:36,998 [638bdbe3-f7a3-4715-ad07-0d6e98de3b67@group-B501B03E598F-LeaderElection20] INFO  server.RaftServerConfigKeys (ConfUtils.java:logFallback(53)) - raft.server.rpc.first-election.timeout.max = 5200ms (fallback to raft.server.rpc.timeout.max)
2023-06-02 05:15:37,005 [638bdbe3-f7a3-4715-ad07-0d6e98de3b67@group-B501B03E598F-LeaderElection20-2] INFO  server.GrpcServerProtocolClient (GrpcServerProtocolClient.java:<init>(65)) - Build channel for 87f06f2d-f73a-4ca4-bc8e-5aedfa582ec7
2023-06-02 05:15:37,012 [87f06f2d-f73a-4ca4-bc8e-5aedfa582ec7@group-5D33FE8063A9-SegmentedRaftLogWorker] INFO  segmented.SegmentedRaftLogWorker (SegmentedRaftLogWorker.java:execute(651)) - 87f06f2d-f73a-4ca4-bc8e-5aedfa582ec7@group-5D33FE8063A9-SegmentedRaftLogWorker: created new log segment /home/runner/work/ozone/ozone/hadoop-ozone/integration-test/target/test-dir/MiniOzoneClusterImpl-4e6c5432-da36-405d-b7f1-05871ead9573/datanode-6/data/ratis/1befd94a-0f8f-46e8-9cfb-5d33fe8063a9/current/log_inprogress_0
2023-06-02 05:15:37,015 [grpc-default-executor-1] INFO  server.RaftServer$Division (RaftServerImpl.java:requestVote(1302)) - 70b3c7ea-e7eb-4f75-8ddc-1173fec1a2ac@group-B501B03E598F: receive requestVote(PRE_VOTE, 638bdbe3-f7a3-4715-ad07-0d6e98de3b67, group-B501B03E598F, 0, (t:0, i:0))
2023-06-02 05:15:37,015 [grpc-default-executor-1] INFO  impl.VoteContext (VoteContext.java:log(49)) - 70b3c7ea-e7eb-4f75-8ddc-1173fec1a2ac@group-B501B03E598F-FOLLOWER: accept PRE_VOTE from 638bdbe3-f7a3-4715-ad07-0d6e98de3b67: our priority 0 <= candidate's priority 1
2023-06-02 05:15:37,016 [grpc-default-executor-1] INFO  server.RaftServer$Division (RaftServerImpl.java:requestVote(1335)) - 70b3c7ea-e7eb-4f75-8ddc-1173fec1a2ac@group-B501B03E598F replies to PRE_VOTE vote request: 638bdbe3-f7a3-4715-ad07-0d6e98de3b67<-70b3c7ea-e7eb-4f75-8ddc-1173fec1a2ac#0:OK-t0. Peer's state: 70b3c7ea-e7eb-4f75-8ddc-1173fec1a2ac@group-B501B03E598F:t0, leader=null, voted=, raftlog=Memoized:70b3c7ea-e7eb-4f75-8ddc-1173fec1a2ac@group-B501B03E598F-SegmentedRaftLog:OPENED:c-1, conf=-1: peers:[638bdbe3-f7a3-4715-ad07-0d6e98de3b67|rpc:10.1.74.1:15077|admin:10.1.74.1:15076|client:10.1.74.1:15075|dataStream:10.1.74.1:15078|priority:1|startupRole:FOLLOWER, 70b3c7ea-e7eb-4f75-8ddc-1173fec1a2ac|rpc:10.1.74.1:15086|admin:10.1.74.1:15085|client:10.1.74.1:15084|dataStream:10.1.74.1:15087|priority:0|startupRole:FOLLOWER, 87f06f2d-f73a-4ca4-bc8e-5aedfa582ec7|rpc:10.1.74.1:15068|admin:10.1.74.1:15067|client:10.1.74.1:15066|dataStream:10.1.74.1:15069|priority:0|startupRole:FOLLOWER]|listeners:[], old=null
2023-06-02 05:15:37,018 [638bdbe3-f7a3-4715-ad07-0d6e98de3b67@group-B501B03E598F-LeaderElection20] INFO  impl.LeaderElection (LeaderElection.java:logAndReturn(90)) - 638bdbe3-f7a3-4715-ad07-0d6e98de3b67@group-B501B03E598F-LeaderElection20: PRE_VOTE PASSED received 1 response(s) and 0 exception(s):
2023-06-02 05:15:37,018 [638bdbe3-f7a3-4715-ad07-0d6e98de3b67@group-B501B03E598F-LeaderElection20] INFO  impl.LeaderElection (LeaderElection.java:logAndReturn(94)) -   Response 0: 638bdbe3-f7a3-4715-ad07-0d6e98de3b67<-70b3c7ea-e7eb-4f75-8ddc-1173fec1a2ac#0:OK-t0
2023-06-02 05:15:37,018 [638bdbe3-f7a3-4715-ad07-0d6e98de3b67@group-B501B03E598F-LeaderElection20] INFO  impl.LeaderElection (LeaderElection.java:askForVotes(323)) - 638bdbe3-f7a3-4715-ad07-0d6e98de3b67@group-B501B03E598F-LeaderElection20 PRE_VOTE round 0: result PASSED
2023-06-02 05:15:37,020 [638bdbe3-f7a3-4715-ad07-0d6e98de3b67@group-B501B03E598F-LeaderElection20] INFO  impl.LeaderElection (LeaderElection.java:askForVotes(321)) - 638bdbe3-f7a3-4715-ad07-0d6e98de3b67@group-B501B03E598F-LeaderElection20 ELECTION round 0: submit vote requests at term 1 for -1: peers:[638bdbe3-f7a3-4715-ad07-0d6e98de3b67|rpc:10.1.74.1:15077|admin:10.1.74.1:15076|client:10.1.74.1:15075|dataStream:10.1.74.1:15078|priority:1|startupRole:FOLLOWER, 70b3c7ea-e7eb-4f75-8ddc-1173fec1a2ac|rpc:10.1.74.1:15086|admin:10.1.74.1:15085|client:10.1.74.1:15084|dataStream:10.1.74.1:15087|priority:0|startupRole:FOLLOWER, 87f06f2d-f73a-4ca4-bc8e-5aedfa582ec7|rpc:10.1.74.1:15068|admin:10.1.74.1:15067|client:10.1.74.1:15066|dataStream:10.1.74.1:15069|priority:0|startupRole:FOLLOWER]|listeners:[], old=null
2023-06-02 05:15:37,020 [87f06f2d-f73a-4ca4-bc8e-5aedfa582ec7@group-B501B03E598F-FollowerState] INFO  impl.FollowerState (FollowerState.java:run(143)) - 87f06f2d-f73a-4ca4-bc8e-5aedfa582ec7@group-B501B03E598F-FollowerState: change to CANDIDATE, lastRpcElapsedTime:5166561454ns, electionTimeout:5164ms
2023-06-02 05:15:37,020 [87f06f2d-f73a-4ca4-bc8e-5aedfa582ec7@group-B501B03E598F-FollowerState] INFO  impl.RoleInfo (RoleInfo.java:shutdownFollowerState(110)) - 87f06f2d-f73a-4ca4-bc8e-5aedfa582ec7: shutdown 87f06f2d-f73a-4ca4-bc8e-5aedfa582ec7@group-B501B03E598F-FollowerState
2023-06-02 05:15:37,020 [87f06f2d-f73a-4ca4-bc8e-5aedfa582ec7@group-B501B03E598F-FollowerState] INFO  server.RaftServer$Division (RaftServerImpl.java:setRole(329)) - 87f06f2d-f73a-4ca4-bc8e-5aedfa582ec7@group-B501B03E598F: changes role from  FOLLOWER to CANDIDATE at term 0 for changeToCandidate
2023-06-02 05:15:37,021 [638bdbe3-f7a3-4715-ad07-0d6e98de3b67@group-B501B03E598F-LeaderElection20] INFO  server.RaftServerConfigKeys (ConfUtils.java:logFallback(53)) - raft.server.rpc.first-election.timeout.min = 5s (fallback to raft.server.rpc.timeout.min)
2023-06-02 05:15:37,021 [638bdbe3-f7a3-4715-ad07-0d6e98de3b67@group-B501B03E598F-LeaderElection20] INFO  server.RaftServerConfigKeys (ConfUtils.java:logFallback(53)) - raft.server.rpc.first-election.timeout.max = 5200ms (fallback to raft.server.rpc.timeout.max)
2023-06-02 05:15:37,023 [87f06f2d-f73a-4ca4-bc8e-5aedfa582ec7@group-B501B03E598F-FollowerState] INFO  server.RaftServerConfigKeys (ConfUtils.java:logGet(46)) - raft.server.leaderelection.pre-vote = true (default)
2023-06-02 05:15:37,024 [87f06f2d-f73a-4ca4-bc8e-5aedfa582ec7@group-B501B03E598F-FollowerState] INFO  impl.RoleInfo (RoleInfo.java:updateAndGet(139)) - 87f06f2d-f73a-4ca4-bc8e-5aedfa582ec7: start 87f06f2d-f73a-4ca4-bc8e-5aedfa582ec7@group-B501B03E598F-LeaderElection21
2023-06-02 05:15:37,024 [grpc-default-executor-1] INFO  server.RaftServer$Division (RaftServerImpl.java:requestVote(1302)) - 70b3c7ea-e7eb-4f75-8ddc-1173fec1a2ac@group-B501B03E598F: receive requestVote(ELECTION, 638bdbe3-f7a3-4715-ad07-0d6e98de3b67, group-B501B03E598F, 1, (t:0, i:0))
2023-06-02 05:15:37,024 [grpc-default-executor-1] INFO  impl.VoteContext (VoteContext.java:log(49)) - 70b3c7ea-e7eb-4f75-8ddc-1173fec1a2ac@group-B501B03E598F-FOLLOWER: accept ELECTION from 638bdbe3-f7a3-4715-ad07-0d6e98de3b67: our priority 0 <= candidate's priority 1
2023-06-02 05:15:37,024 [grpc-default-executor-1] INFO  server.RaftServer$Division (RaftServerImpl.java:setRole(329)) - 70b3c7ea-e7eb-4f75-8ddc-1173fec1a2ac@group-B501B03E598F: changes role from  FOLLOWER to FOLLOWER at term 1 for candidate:638bdbe3-f7a3-4715-ad07-0d6e98de3b67
2023-06-02 05:15:37,024 [grpc-default-executor-1] INFO  impl.RoleInfo (RoleInfo.java:shutdownFollowerState(110)) - 70b3c7ea-e7eb-4f75-8ddc-1173fec1a2ac: shutdown 70b3c7ea-e7eb-4f75-8ddc-1173fec1a2ac@group-B501B03E598F-FollowerState
2023-06-02 05:15:37,026 [87f06f2d-f73a-4ca4-bc8e-5aedfa582ec7@group-B501B03E598F-LeaderElection21] INFO  impl.LeaderElection (LeaderElection.java:askForVotes(321)) - 87f06f2d-f73a-4ca4-bc8e-5aedfa582ec7@group-B501B03E598F-LeaderElection21 PRE_VOTE round 0: submit vote requests at term 0 for -1: peers:[638bdbe3-f7a3-4715-ad07-0d6e98de3b67|rpc:10.1.74.1:15077|admin:10.1.74.1:15076|client:10.1.74.1:15075|dataStream:10.1.74.1:15078|priority:1|startupRole:FOLLOWER, 70b3c7ea-e7eb-4f75-8ddc-1173fec1a2ac|rpc:10.1.74.1:15086|admin:10.1.74.1:15085|client:10.1.74.1:15084|dataStream:10.1.74.1:15087|priority:0|startupRole:FOLLOWER, 87f06f2d-f73a-4ca4-bc8e-5aedfa582ec7|rpc:10.1.74.1:15068|admin:10.1.74.1:15067|client:10.1.74.1:15066|dataStream:10.1.74.1:15069|priority:0|startupRole:FOLLOWER]|listeners:[], old=null
2023-06-02 05:15:37,027 [87f06f2d-f73a-4ca4-bc8e-5aedfa582ec7@group-B501B03E598F-LeaderElection21] INFO  server.RaftServerConfigKeys (ConfUtils.java:logFallback(53)) - raft.server.rpc.first-election.timeout.min = 5s (fallback to raft.server.rpc.timeout.min)
2023-06-02 05:15:37,027 [87f06f2d-f73a-4ca4-bc8e-5aedfa582ec7@group-B501B03E598F-LeaderElection21] INFO  server.RaftServerConfigKeys (ConfUtils.java:logFallback(53)) - raft.server.rpc.first-election.timeout.max = 5200ms (fallback to raft.server.rpc.timeout.max)
2023-06-02 05:15:37,030 [grpc-default-executor-1] INFO  impl.RoleInfo (RoleInfo.java:updateAndGet(139)) - 70b3c7ea-e7eb-4f75-8ddc-1173fec1a2ac: start 70b3c7ea-e7eb-4f75-8ddc-1173fec1a2ac@group-B501B03E598F-FollowerState
2023-06-02 05:15:37,031 [70b3c7ea-e7eb-4f75-8ddc-1173fec1a2ac@group-B501B03E598F-FollowerState] INFO  impl.FollowerState (FollowerState.java:run(152)) - 70b3c7ea-e7eb-4f75-8ddc-1173fec1a2ac@group-B501B03E598F-FollowerState was interrupted
2023-06-02 05:15:37,032 [grpc-default-executor-0] INFO  server.RaftServer$Division (RaftServerImpl.java:requestVote(1302)) - 70b3c7ea-e7eb-4f75-8ddc-1173fec1a2ac@group-B501B03E598F: receive requestVote(PRE_VOTE, 87f06f2d-f73a-4ca4-bc8e-5aedfa582ec7, group-B501B03E598F, 0, (t:0, i:0))
2023-06-02 05:15:37,032 [grpc-default-executor-4] INFO  server.RaftServer$Division (RaftServerImpl.java:requestVote(1302)) - 638bdbe3-f7a3-4715-ad07-0d6e98de3b67@group-B501B03E598F: receive requestVote(PRE_VOTE, 87f06f2d-f73a-4ca4-bc8e-5aedfa582ec7, group-B501B03E598F, 0, (t:0, i:0))
2023-06-02 05:15:37,032 [grpc-default-executor-4] INFO  impl.VoteContext (VoteContext.java:log(49)) - 638bdbe3-f7a3-4715-ad07-0d6e98de3b67@group-B501B03E598F-CANDIDATE: reject PRE_VOTE from 87f06f2d-f73a-4ca4-bc8e-5aedfa582ec7: our priority 1 > candidate's priority 0
2023-06-02 05:15:37,036 [grpc-default-executor-1] INFO  server.RaftServer$Division (RaftServerImpl.java:requestVote(1335)) - 70b3c7ea-e7eb-4f75-8ddc-1173fec1a2ac@group-B501B03E598F replies to ELECTION vote request: 638bdbe3-f7a3-4715-ad07-0d6e98de3b67<-70b3c7ea-e7eb-4f75-8ddc-1173fec1a2ac#0:OK-t1. Peer's state: 70b3c7ea-e7eb-4f75-8ddc-1173fec1a2ac@group-B501B03E598F:t1, leader=null, voted=638bdbe3-f7a3-4715-ad07-0d6e98de3b67, raftlog=Memoized:70b3c7ea-e7eb-4f75-8ddc-1173fec1a2ac@group-B501B03E598F-SegmentedRaftLog:OPENED:c-1, conf=-1: peers:[638bdbe3-f7a3-4715-ad07-0d6e98de3b67|rpc:10.1.74.1:15077|admin:10.1.74.1:15076|client:10.1.74.1:15075|dataStream:10.1.74.1:15078|priority:1|startupRole:FOLLOWER, 70b3c7ea-e7eb-4f75-8ddc-1173fec1a2ac|rpc:10.1.74.1:15086|admin:10.1.74.1:15085|client:10.1.74.1:15084|dataStream:10.1.74.1:15087|priority:0|startupRole:FOLLOWER, 87f06f2d-f73a-4ca4-bc8e-5aedfa582ec7|rpc:10.1.74.1:15068|admin:10.1.74.1:15067|client:10.1.74.1:15066|dataStream:10.1.74.1:15069|priority:0|startupRole:FOLLOWER]|listeners:[], old=null
2023-06-02 05:15:37,036 [grpc-default-executor-0] INFO  impl.VoteContext (VoteContext.java:log(49)) - 70b3c7ea-e7eb-4f75-8ddc-1173fec1a2ac@group-B501B03E598F-FOLLOWER: accept PRE_VOTE from 87f06f2d-f73a-4ca4-bc8e-5aedfa582ec7: our priority 0 <= candidate's priority 0
2023-06-02 05:15:37,036 [grpc-default-executor-0] INFO  server.RaftServer$Division (RaftServerImpl.java:requestVote(1335)) - 70b3c7ea-e7eb-4f75-8ddc-1173fec1a2ac@group-B501B03E598F replies to PRE_VOTE vote request: 87f06f2d-f73a-4ca4-bc8e-5aedfa582ec7<-70b3c7ea-e7eb-4f75-8ddc-1173fec1a2ac#0:OK-t1. Peer's state: 70b3c7ea-e7eb-4f75-8ddc-1173fec1a2ac@group-B501B03E598F:t1, leader=null, voted=638bdbe3-f7a3-4715-ad07-0d6e98de3b67, raftlog=Memoized:70b3c7ea-e7eb-4f75-8ddc-1173fec1a2ac@group-B501B03E598F-SegmentedRaftLog:OPENED:c-1, conf=-1: peers:[638bdbe3-f7a3-4715-ad07-0d6e98de3b67|rpc:10.1.74.1:15077|admin:10.1.74.1:15076|client:10.1.74.1:15075|dataStream:10.1.74.1:15078|priority:1|startupRole:FOLLOWER, 70b3c7ea-e7eb-4f75-8ddc-1173fec1a2ac|rpc:10.1.74.1:15086|admin:10.1.74.1:15085|client:10.1.74.1:15084|dataStream:10.1.74.1:15087|priority:0|startupRole:FOLLOWER, 87f06f2d-f73a-4ca4-bc8e-5aedfa582ec7|rpc:10.1.74.1:15068|admin:10.1.74.1:15067|client:10.1.74.1:15066|dataStream:10.1.74.1:15069|priority:0|startupRole:FOLLOWER]|listeners:[], old=null
2023-06-02 05:15:37,040 [grpc-default-executor-4] INFO  server.RaftServer$Division (RaftServerImpl.java:requestVote(1335)) - 638bdbe3-f7a3-4715-ad07-0d6e98de3b67@group-B501B03E598F replies to PRE_VOTE vote request: 87f06f2d-f73a-4ca4-bc8e-5aedfa582ec7<-638bdbe3-f7a3-4715-ad07-0d6e98de3b67#0:FAIL-t1. Peer's state: 638bdbe3-f7a3-4715-ad07-0d6e98de3b67@group-B501B03E598F:t1, leader=null, voted=638bdbe3-f7a3-4715-ad07-0d6e98de3b67, raftlog=Memoized:638bdbe3-f7a3-4715-ad07-0d6e98de3b67@group-B501B03E598F-SegmentedRaftLog:OPENED:c-1, conf=-1: peers:[638bdbe3-f7a3-4715-ad07-0d6e98de3b67|rpc:10.1.74.1:15077|admin:10.1.74.1:15076|client:10.1.74.1:15075|dataStream:10.1.74.1:15078|priority:1|startupRole:FOLLOWER, 70b3c7ea-e7eb-4f75-8ddc-1173fec1a2ac|rpc:10.1.74.1:15086|admin:10.1.74.1:15085|client:10.1.74.1:15084|dataStream:10.1.74.1:15087|priority:0|startupRole:FOLLOWER, 87f06f2d-f73a-4ca4-bc8e-5aedfa582ec7|rpc:10.1.74.1:15068|admin:10.1.74.1:15067|client:10.1.74.1:15066|dataStream:10.1.74.1:15069|priority:0|startupRole:FOLLOWER]|listeners:[], old=null
2023-06-02 05:15:37,041 [638bdbe3-f7a3-4715-ad07-0d6e98de3b67@group-B501B03E598F-LeaderElection20] INFO  impl.LeaderElection (LeaderElection.java:logAndReturn(90)) - 638bdbe3-f7a3-4715-ad07-0d6e98de3b67@group-B501B03E598F-LeaderElection20: ELECTION PASSED received 1 response(s) and 0 exception(s):
2023-06-02 05:15:37,041 [638bdbe3-f7a3-4715-ad07-0d6e98de3b67@group-B501B03E598F-LeaderElection20] INFO  impl.LeaderElection (LeaderElection.java:logAndReturn(94)) -   Response 0: 638bdbe3-f7a3-4715-ad07-0d6e98de3b67<-70b3c7ea-e7eb-4f75-8ddc-1173fec1a2ac#0:OK-t1
2023-06-02 05:15:37,041 [638bdbe3-f7a3-4715-ad07-0d6e98de3b67@group-B501B03E598F-LeaderElection20] INFO  impl.LeaderElection (LeaderElection.java:askForVotes(323)) - 638bdbe3-f7a3-4715-ad07-0d6e98de3b67@group-B501B03E598F-LeaderElection20 ELECTION round 0: result PASSED
2023-06-02 05:15:37,041 [638bdbe3-f7a3-4715-ad07-0d6e98de3b67@group-B501B03E598F-LeaderElection20] INFO  impl.RoleInfo (RoleInfo.java:shutdownLeaderElection(130)) - 638bdbe3-f7a3-4715-ad07-0d6e98de3b67: shutdown 638bdbe3-f7a3-4715-ad07-0d6e98de3b67@group-B501B03E598F-LeaderElection20
2023-06-02 05:15:37,041 [638bdbe3-f7a3-4715-ad07-0d6e98de3b67@group-B501B03E598F-LeaderElection20] INFO  server.RaftServer$Division (RaftServerImpl.java:setRole(329)) - 638bdbe3-f7a3-4715-ad07-0d6e98de3b67@group-B501B03E598F: changes role from CANDIDATE to LEADER at term 1 for changeToLeader
2023-06-02 05:15:37,041 [638bdbe3-f7a3-4715-ad07-0d6e98de3b67@group-B501B03E598F-LeaderElection20] INFO  ratis.XceiverServerRatis (XceiverServerRatis.java:handleLeaderChangedNotification(902)) - Leader change notification received for group: group-B501B03E598F with new leaderId: 638bdbe3-f7a3-4715-ad07-0d6e98de3b67
2023-06-02 05:15:37,041 [638bdbe3-f7a3-4715-ad07-0d6e98de3b67@group-B501B03E598F-LeaderElection20] INFO  server.RaftServer$Division (ServerState.java:setLeader(317)) - 638bdbe3-f7a3-4715-ad07-0d6e98de3b67@group-B501B03E598F: change Leader from null to 638bdbe3-f7a3-4715-ad07-0d6e98de3b67 at term 1 for becomeLeader, leader elected after 5165ms
2023-06-02 05:15:37,041 [638bdbe3-f7a3-4715-ad07-0d6e98de3b67@group-B501B03E598F-LeaderElection20] INFO  server.RaftServerConfigKeys (ConfUtils.java:logGet(46)) - raft.server.staging.catchup.gap = 1000 (default)
2023-06-02 05:15:37,042 [638bdbe3-f7a3-4715-ad07-0d6e98de3b67@group-B501B03E598F-LeaderElection20] INFO  server.RaftServerConfigKeys (ConfUtils.java:logGet(46)) - raft.server.write.element-limit = 1024 (custom)
2023-06-02 05:15:37,042 [638bdbe3-f7a3-4715-ad07-0d6e98de3b67@group-B501B03E598F-LeaderElection20] INFO  server.RaftServerConfigKeys (ConfUtils.java:logGet(46)) - raft.server.write.byte-limit = 1024 M (=1073741824) (custom)
2023-06-02 05:15:37,042 [638bdbe3-f7a3-4715-ad07-0d6e98de3b67@group-B501B03E598F-LeaderElection20] INFO  server.RaftServerConfigKeys (ConfUtils.java:logGet(46)) - raft.server.watch.timeout = 180s (custom)
2023-06-02 05:15:37,042 [638bdbe3-f7a3-4715-ad07-0d6e98de3b67@group-B501B03E598F-LeaderElection20] INFO  server.RaftServerConfigKeys (ConfUtils.java:logGet(46)) - raft.server.watch.timeout.denomination = 1s (default)
2023-06-02 05:15:37,042 [638bdbe3-f7a3-4715-ad07-0d6e98de3b67@group-B501B03E598F-LeaderElection20] INFO  server.RaftServerConfigKeys (ConfUtils.java:logGet(46)) - raft.server.watch.element-limit = 65536 (default)
2023-06-02 05:15:37,042 [638bdbe3-f7a3-4715-ad07-0d6e98de3b67@group-B501B03E598F-LeaderElection20] INFO  server.RaftServerConfigKeys (ConfUtils.java:logGet(46)) - raft.server.write.element-limit = 1024 (custom)
2023-06-02 05:15:37,042 [638bdbe3-f7a3-4715-ad07-0d6e98de3b67@group-B501B03E598F-LeaderElection20] INFO  server.RaftServerConfigKeys (ConfUtils.java:logGet(46)) - raft.server.write.follower.gap.ratio.max = -1.0 (default)
2023-06-02 05:15:37,043 [638bdbe3-f7a3-4715-ad07-0d6e98de3b67@group-B501B03E598F-LeaderElection20] INFO  server.RaftServerConfigKeys (ConfUtils.java:logGet(46)) - raft.server.log.appender.snapshot.chunk.size.max = 16MB (=16777216) (default)
2023-06-02 05:15:37,043 [grpc-default-executor-2] INFO  server.RaftServer$Division (RaftServerImpl.java:requestVote(1302)) - 87f06f2d-f73a-4ca4-bc8e-5aedfa582ec7@group-B501B03E598F: receive requestVote(ELECTION, 638bdbe3-f7a3-4715-ad07-0d6e98de3b67, group-B501B03E598F, 1, (t:0, i:0))
2023-06-02 05:15:37,043 [grpc-default-executor-2] INFO  impl.VoteContext (VoteContext.java:log(49)) - 87f06f2d-f73a-4ca4-bc8e-5aedfa582ec7@group-B501B03E598F-CANDIDATE: accept ELECTION from 638bdbe3-f7a3-4715-ad07-0d6e98de3b67: our priority 0 <= candidate's priority 1
2023-06-02 05:15:37,044 [grpc-default-executor-2] INFO  server.RaftServer$Division (RaftServerImpl.java:setRole(329)) - 87f06f2d-f73a-4ca4-bc8e-5aedfa582ec7@group-B501B03E598F: changes role from CANDIDATE to FOLLOWER at term 1 for candidate:638bdbe3-f7a3-4715-ad07-0d6e98de3b67
2023-06-02 05:15:37,044 [87f06f2d-f73a-4ca4-bc8e-5aedfa582ec7@group-B501B03E598F-LeaderElection21] INFO  impl.LeaderElection (LeaderElection.java:logAndReturn(90)) - 87f06f2d-f73a-4ca4-bc8e-5aedfa582ec7@group-B501B03E598F-LeaderElection21: PRE_VOTE DISCOVERED_A_NEW_TERM (term=1) received 1 response(s) and 0 exception(s):
2023-06-02 05:15:37,044 [87f06f2d-f73a-4ca4-bc8e-5aedfa582ec7@group-B501B03E598F-LeaderElection21] INFO  impl.LeaderElection (LeaderElection.java:logAndReturn(94)) -   Response 0: 87f06f2d-f73a-4ca4-bc8e-5aedfa582ec7<-638bdbe3-f7a3-4715-ad07-0d6e98de3b67#0:FAIL-t1
2023-06-02 05:15:37,044 [87f06f2d-f73a-4ca4-bc8e-5aedfa582ec7@group-B501B03E598F-LeaderElection21] INFO  impl.LeaderElection (LeaderElection.java:askForVotes(323)) - 87f06f2d-f73a-4ca4-bc8e-5aedfa582ec7@group-B501B03E598F-LeaderElection21 PRE_VOTE round 0: result DISCOVERED_A_NEW_TERM (term=1)
2023-06-02 05:15:37,044 [grpc-default-executor-1] INFO  server.RaftServer$Division (RaftServerImpl.java:requestVote(1302)) - 87f06f2d-f73a-4ca4-bc8e-5aedfa582ec7@group-B501B03E598F: receive requestVote(PRE_VOTE, 638bdbe3-f7a3-4715-ad07-0d6e98de3b67, group-B501B03E598F, 0, (t:0, i:0))
2023-06-02 05:15:37,043 [638bdbe3-f7a3-4715-ad07-0d6e98de3b67@group-B501B03E598F-LeaderElection20] INFO  server.RaftServerConfigKeys (ConfUtils.java:logGet(46)) - raft.server.log.appender.buffer.byte-limit = 33554432 (custom)
2023-06-02 05:15:37,047 [EventQueue-PipelineReportForPipelineReportHandler] INFO  pipeline.PipelineManagerImpl (PipelineManagerImpl.java:openPipeline(367)) - Pipeline Pipeline[ Id: 19897db9-73df-4686-9b87-b501b03e598f, Nodes: 638bdbe3-f7a3-4715-ad07-0d6e98de3b67(fv-az628-647/10.1.74.1)70b3c7ea-e7eb-4f75-8ddc-1173fec1a2ac(fv-az628-647/10.1.74.1)87f06f2d-f73a-4ca4-bc8e-5aedfa582ec7(fv-az628-647/10.1.74.1), ReplicationConfig: RATIS/THREE, State:ALLOCATED, leaderId:638bdbe3-f7a3-4715-ad07-0d6e98de3b67, CreationTimestamp2023-06-02T05:15:29.344Z[Etc/UTC]] moved to OPEN state
2023-06-02 05:15:37,046 [638bdbe3-f7a3-4715-ad07-0d6e98de3b67@group-C8F3BC738863-FollowerState] INFO  impl.FollowerState (FollowerState.java:run(143)) - 638bdbe3-f7a3-4715-ad07-0d6e98de3b67@group-C8F3BC738863-FollowerState: change to CANDIDATE, lastRpcElapsedTime:5066297241ns, electionTimeout:5063ms
2023-06-02 05:15:37,048 [638bdbe3-f7a3-4715-ad07-0d6e98de3b67@group-C8F3BC738863-FollowerState] INFO  impl.RoleInfo (RoleInfo.java:shutdownFollowerState(110)) - 638bdbe3-f7a3-4715-ad07-0d6e98de3b67: shutdown 638bdbe3-f7a3-4715-ad07-0d6e98de3b67@group-C8F3BC738863-FollowerState
2023-06-02 05:15:37,048 [638bdbe3-f7a3-4715-ad07-0d6e98de3b67@group-C8F3BC738863-FollowerState] INFO  server.RaftServer$Division (RaftServerImpl.java:setRole(329)) - 638bdbe3-f7a3-4715-ad07-0d6e98de3b67@group-C8F3BC738863: changes role from  FOLLOWER to CANDIDATE at term 0 for changeToCandidate
2023-06-02 05:15:37,048 [638bdbe3-f7a3-4715-ad07-0d6e98de3b67@group-C8F3BC738863-FollowerState] INFO  server.RaftServerConfigKeys (ConfUtils.java:logGet(46)) - raft.server.leaderelection.pre-vote = true (default)
2023-06-02 05:15:37,048 [638bdbe3-f7a3-4715-ad07-0d6e98de3b67@group-C8F3BC738863-FollowerState] INFO  impl.RoleInfo (RoleInfo.java:updateAndGet(139)) - 638bdbe3-f7a3-4715-ad07-0d6e98de3b67: start 638bdbe3-f7a3-4715-ad07-0d6e98de3b67@group-C8F3BC738863-LeaderElection22
2023-06-02 05:15:37,048 [638bdbe3-f7a3-4715-ad07-0d6e98de3b67@group-B501B03E598F-LeaderElection20] INFO  server.RaftServerConfigKeys (ConfUtils.java:logGet(46)) - raft.server.log.appender.buffer.element-limit = 1 (custom)
2023-06-02 05:15:37,044 [grpc-default-executor-2] INFO  impl.RoleInfo (RoleInfo.java:shutdownLeaderElection(130)) - 87f06f2d-f73a-4ca4-bc8e-5aedfa582ec7: shutdown 87f06f2d-f73a-4ca4-bc8e-5aedfa582ec7@group-B501B03E598F-LeaderElection21
2023-06-02 05:15:37,048 [grpc-default-executor-2] INFO  impl.RoleInfo (RoleInfo.java:updateAndGet(139)) - 87f06f2d-f73a-4ca4-bc8e-5aedfa582ec7: start 87f06f2d-f73a-4ca4-bc8e-5aedfa582ec7@group-B501B03E598F-FollowerState
2023-06-02 05:15:37,060 [638bdbe3-f7a3-4715-ad07-0d6e98de3b67@group-B501B03E598F-LeaderElection20] INFO  server.RaftServerConfigKeys (ConfUtils.java:logGet(46)) - raft.server.log.appender.wait-time.min = 10ms (default)
2023-06-02 05:15:37,060 [638bdbe3-f7a3-4715-ad07-0d6e98de3b67@group-C8F3BC738863-LeaderElection22] INFO  impl.LeaderElection (LeaderElection.java:askForVotes(321)) - 638bdbe3-f7a3-4715-ad07-0d6e98de3b67@group-C8F3BC738863-LeaderElection22 PRE_VOTE round 0: submit vote requests at term 0 for -1: peers:[638bdbe3-f7a3-4715-ad07-0d6e98de3b67|rpc:10.1.74.1:15077|admin:10.1.74.1:15076|client:10.1.74.1:15075|dataStream:10.1.74.1:15078|priority:1|startupRole:FOLLOWER]|listeners:[], old=null
2023-06-02 05:15:37,060 [638bdbe3-f7a3-4715-ad07-0d6e98de3b67@group-C8F3BC738863-LeaderElection22] INFO  impl.LeaderElection (LeaderElection.java:askForVotes(323)) - 638bdbe3-f7a3-4715-ad07-0d6e98de3b67@group-C8F3BC738863-LeaderElection22 PRE_VOTE round 0: result PASSED (term=0)
2023-06-02 05:15:37,062 [grpc-default-executor-2] INFO  server.RaftServer$Division (RaftServerImpl.java:requestVote(1335)) - 87f06f2d-f73a-4ca4-bc8e-5aedfa582ec7@group-B501B03E598F replies to ELECTION vote request: 638bdbe3-f7a3-4715-ad07-0d6e98de3b67<-87f06f2d-f73a-4ca4-bc8e-5aedfa582ec7#0:OK-t1. Peer's state: 87f06f2d-f73a-4ca4-bc8e-5aedfa582ec7@group-B501B03E598F:t1, leader=null, voted=638bdbe3-f7a3-4715-ad07-0d6e98de3b67, raftlog=Memoized:87f06f2d-f73a-4ca4-bc8e-5aedfa582ec7@group-B501B03E598F-SegmentedRaftLog:OPENED:c-1, conf=-1: peers:[638bdbe3-f7a3-4715-ad07-0d6e98de3b67|rpc:10.1.74.1:15077|admin:10.1.74.1:15076|client:10.1.74.1:15075|dataStream:10.1.74.1:15078|priority:1|startupRole:FOLLOWER, 70b3c7ea-e7eb-4f75-8ddc-1173fec1a2ac|rpc:10.1.74.1:15086|admin:10.1.74.1:15085|client:10.1.74.1:15084|dataStream:10.1.74.1:15087|priority:0|startupRole:FOLLOWER, 87f06f2d-f73a-4ca4-bc8e-5aedfa582ec7|rpc:10.1.74.1:15068|admin:10.1.74.1:15067|client:10.1.74.1:15066|dataStream:10.1.74.1:15069|priority:0|startupRole:FOLLOWER]|listeners:[], old=null
2023-06-02 05:15:37,062 [grpc-default-executor-1] INFO  impl.VoteContext (VoteContext.java:log(49)) - 87f06f2d-f73a-4ca4-bc8e-5aedfa582ec7@group-B501B03E598F-FOLLOWER: accept PRE_VOTE from 638bdbe3-f7a3-4715-ad07-0d6e98de3b67: our priority 0 <= candidate's priority 1
2023-06-02 05:15:37,063 [638bdbe3-f7a3-4715-ad07-0d6e98de3b67@group-C8F3BC738863-LeaderElection22] INFO  impl.LeaderElection (LeaderElection.java:askForVotes(321)) - 638bdbe3-f7a3-4715-ad07-0d6e98de3b67@group-C8F3BC738863-LeaderElection22 ELECTION round 0: submit vote requests at term 1 for -1: peers:[638bdbe3-f7a3-4715-ad07-0d6e98de3b67|rpc:10.1.74.1:15077|admin:10.1.74.1:15076|client:10.1.74.1:15075|dataStream:10.1.74.1:15078|priority:1|startupRole:FOLLOWER]|listeners:[], old=null
2023-06-02 05:15:37,063 [638bdbe3-f7a3-4715-ad07-0d6e98de3b67@group-C8F3BC738863-LeaderElection22] INFO  impl.LeaderElection (LeaderElection.java:askForVotes(323)) - 638bdbe3-f7a3-4715-ad07-0d6e98de3b67@group-C8F3BC738863-LeaderElection22 ELECTION round 0: result PASSED (term=1)
2023-06-02 05:15:37,063 [638bdbe3-f7a3-4715-ad07-0d6e98de3b67@group-C8F3BC738863-LeaderElection22] INFO  impl.RoleInfo (RoleInfo.java:shutdownLeaderElection(130)) - 638bdbe3-f7a3-4715-ad07-0d6e98de3b67: shutdown 638bdbe3-f7a3-4715-ad07-0d6e98de3b67@group-C8F3BC738863-LeaderElection22
2023-06-02 05:15:37,063 [grpc-default-executor-1] INFO  server.RaftServer$Division (RaftServerImpl.java:requestVote(1335)) - 87f06f2d-f73a-4ca4-bc8e-5aedfa582ec7@group-B501B03E598F replies to PRE_VOTE vote request: 638bdbe3-f7a3-4715-ad07-0d6e98de3b67<-87f06f2d-f73a-4ca4-bc8e-5aedfa582ec7#0:OK-t1. Peer's state: 87f06f2d-f73a-4ca4-bc8e-5aedfa582ec7@group-B501B03E598F:t1, leader=null, voted=638bdbe3-f7a3-4715-ad07-0d6e98de3b67, raftlog=Memoized:87f06f2d-f73a-4ca4-bc8e-5aedfa582ec7@group-B501B03E598F-SegmentedRaftLog:OPENED:c-1, conf=-1: peers:[638bdbe3-f7a3-4715-ad07-0d6e98de3b67|rpc:10.1.74.1:15077|admin:10.1.74.1:15076|client:10.1.74.1:15075|dataStream:10.1.74.1:15078|priority:1|startupRole:FOLLOWER, 70b3c7ea-e7eb-4f75-8ddc-1173fec1a2ac|rpc:10.1.74.1:15086|admin:10.1.74.1:15085|client:10.1.74.1:15084|dataStream:10.1.74.1:15087|priority:0|startupRole:FOLLOWER, 87f06f2d-f73a-4ca4-bc8e-5aedfa582ec7|rpc:10.1.74.1:15068|admin:10.1.74.1:15067|client:10.1.74.1:15066|dataStream:10.1.74.1:15069|priority:0|startupRole:FOLLOWER]|listeners:[], old=null
2023-06-02 05:15:37,063 [638bdbe3-f7a3-4715-ad07-0d6e98de3b67@group-C8F3BC738863-LeaderElection22] INFO  server.RaftServer$Division (RaftServerImpl.java:setRole(329)) - 638bdbe3-f7a3-4715-ad07-0d6e98de3b67@group-C8F3BC738863: changes role from CANDIDATE to LEADER at term 1 for changeToLeader
2023-06-02 05:15:37,066 [638bdbe3-f7a3-4715-ad07-0d6e98de3b67@group-C8F3BC738863-LeaderElection22] INFO  ratis.XceiverServerRatis (XceiverServerRatis.java:handleLeaderChangedNotification(902)) - Leader change notification received for group: group-C8F3BC738863 with new leaderId: 638bdbe3-f7a3-4715-ad07-0d6e98de3b67
2023-06-02 05:15:37,069 [638bdbe3-f7a3-4715-ad07-0d6e98de3b67@group-B501B03E598F-LeaderElection20] INFO  grpc.GrpcConfigKeys (ConfUtils.java:logGet(46)) - raft.grpc.server.leader.outstanding.appends.max = 128 (default)
2023-06-02 05:15:37,073 [638bdbe3-f7a3-4715-ad07-0d6e98de3b67@group-B501B03E598F-LeaderElection20] INFO  server.RaftServerConfigKeys (ConfUtils.java:logGet(46)) - raft.server.rpc.request.timeout = 60s (custom)
2023-06-02 05:15:37,073 [638bdbe3-f7a3-4715-ad07-0d6e98de3b67@group-B501B03E598F-LeaderElection20] INFO  grpc.GrpcConfigKeys (ConfUtils.java:logGet(46)) - raft.grpc.server.install_snapshot.request.element-limit = 8 (default)
2023-06-02 05:15:37,073 [638bdbe3-f7a3-4715-ad07-0d6e98de3b67@group-B501B03E598F-LeaderElection20] INFO  grpc.GrpcConfigKeys (ConfUtils.java:logGet(46)) - raft.grpc.server.install_snapshot.request.timeout = 3000ms (default)
2023-06-02 05:15:37,073 [638bdbe3-f7a3-4715-ad07-0d6e98de3b67@group-B501B03E598F-LeaderElection20] INFO  server.RaftServerConfigKeys (ConfUtils.java:logGet(46)) - raft.server.log.appender.install.snapshot.enabled = false (custom)
2023-06-02 05:15:37,073 [638bdbe3-f7a3-4715-ad07-0d6e98de3b67@group-B501B03E598F-LeaderElection20] INFO  grpc.GrpcConfigKeys (ConfUtils.java:logGet(46)) - raft.grpc.server.heartbeat.channel = true (default)
2023-06-02 05:15:37,074 [638bdbe3-f7a3-4715-ad07-0d6e98de3b67@group-B501B03E598F-LeaderElection20] INFO  server.RaftServerConfigKeys (ConfUtils.java:logGet(46)) - raft.server.log.appender.snapshot.chunk.size.max = 16MB (=16777216) (default)
2023-06-02 05:15:37,074 [638bdbe3-f7a3-4715-ad07-0d6e98de3b67@group-B501B03E598F-LeaderElection20] INFO  server.RaftServerConfigKeys (ConfUtils.java:logGet(46)) - raft.server.log.appender.buffer.byte-limit = 33554432 (custom)
2023-06-02 05:15:37,074 [638bdbe3-f7a3-4715-ad07-0d6e98de3b67@group-B501B03E598F-LeaderElection20] INFO  server.RaftServerConfigKeys (ConfUtils.java:logGet(46)) - raft.server.log.appender.buffer.element-limit = 1 (custom)
2023-06-02 05:15:37,074 [638bdbe3-f7a3-4715-ad07-0d6e98de3b67@group-B501B03E598F-LeaderElection20] INFO  server.RaftServerConfigKeys (ConfUtils.java:logGet(46)) - raft.server.log.appender.wait-time.min = 10ms (default)
2023-06-02 05:15:37,076 [638bdbe3-f7a3-4715-ad07-0d6e98de3b67@group-B501B03E598F-LeaderElection20] INFO  grpc.GrpcConfigKeys (ConfUtils.java:logGet(46)) - raft.grpc.server.leader.outstanding.appends.max = 128 (default)
2023-06-02 05:15:37,076 [638bdbe3-f7a3-4715-ad07-0d6e98de3b67@group-B501B03E598F-LeaderElection20] INFO  server.RaftServerConfigKeys (ConfUtils.java:logGet(46)) - raft.server.rpc.request.timeout = 60s (custom)
2023-06-02 05:15:37,076 [638bdbe3-f7a3-4715-ad07-0d6e98de3b67@group-B501B03E598F-LeaderElection20] INFO  grpc.GrpcConfigKeys (ConfUtils.java:logGet(46)) - raft.grpc.server.install_snapshot.request.element-limit = 8 (default)
2023-06-02 05:15:37,076 [638bdbe3-f7a3-4715-ad07-0d6e98de3b67@group-B501B03E598F-LeaderElection20] INFO  grpc.GrpcConfigKeys (ConfUtils.java:logGet(46)) - raft.grpc.server.install_snapshot.request.timeout = 3000ms (default)
2023-06-02 05:15:37,076 [638bdbe3-f7a3-4715-ad07-0d6e98de3b67@group-B501B03E598F-LeaderElection20] INFO  server.RaftServerConfigKeys (ConfUtils.java:logGet(46)) - raft.server.log.appender.install.snapshot.enabled = false (custom)
2023-06-02 05:15:37,077 [638bdbe3-f7a3-4715-ad07-0d6e98de3b67@group-B501B03E598F-LeaderElection20] INFO  grpc.GrpcConfigKeys (ConfUtils.java:logGet(46)) - raft.grpc.server.heartbeat.channel = true (default)
2023-06-02 05:15:37,078 [638bdbe3-f7a3-4715-ad07-0d6e98de3b67@group-B501B03E598F-LeaderElection20] INFO  impl.RoleInfo (RoleInfo.java:updateAndGet(139)) - 638bdbe3-f7a3-4715-ad07-0d6e98de3b67: start 638bdbe3-f7a3-4715-ad07-0d6e98de3b67@group-B501B03E598F-LeaderStateImpl
2023-06-02 05:15:37,078 [638bdbe3-f7a3-4715-ad07-0d6e98de3b67@group-B501B03E598F-LeaderElection20] INFO  segmented.SegmentedRaftLogWorker (SegmentedRaftLogWorker.java:startLogSegment(447)) - 638bdbe3-f7a3-4715-ad07-0d6e98de3b67@group-B501B03E598F-SegmentedRaftLogWorker: Starting segment from index:0
2023-06-02 05:15:37,074 [638bdbe3-f7a3-4715-ad07-0d6e98de3b67@group-C8F3BC738863-LeaderElection22] INFO  server.RaftServer$Division (ServerState.java:setLeader(317)) - 638bdbe3-f7a3-4715-ad07-0d6e98de3b67@group-C8F3BC738863: change Leader from null to 638bdbe3-f7a3-4715-ad07-0d6e98de3b67 at term 1 for becomeLeader, leader elected after 5130ms
2023-06-02 05:15:37,078 [638bdbe3-f7a3-4715-ad07-0d6e98de3b67@group-C8F3BC738863-LeaderElection22] INFO  server.RaftServerConfigKeys (ConfUtils.java:logGet(46)) - raft.server.staging.catchup.gap = 1000 (default)
2023-06-02 05:15:37,079 [638bdbe3-f7a3-4715-ad07-0d6e98de3b67@group-C8F3BC738863-LeaderElection22] INFO  server.RaftServerConfigKeys (ConfUtils.java:logGet(46)) - raft.server.write.element-limit = 1024 (custom)
2023-06-02 05:15:37,079 [638bdbe3-f7a3-4715-ad07-0d6e98de3b67@group-C8F3BC738863-LeaderElection22] INFO  server.RaftServerConfigKeys (ConfUtils.java:logGet(46)) - raft.server.write.byte-limit = 1024 M (=1073741824) (custom)
2023-06-02 05:15:37,079 [638bdbe3-f7a3-4715-ad07-0d6e98de3b67@group-C8F3BC738863-LeaderElection22] INFO  server.RaftServerConfigKeys (ConfUtils.java:logGet(46)) - raft.server.watch.timeout = 180s (custom)
2023-06-02 05:15:37,079 [638bdbe3-f7a3-4715-ad07-0d6e98de3b67@group-C8F3BC738863-LeaderElection22] INFO  server.RaftServerConfigKeys (ConfUtils.java:logGet(46)) - raft.server.watch.timeout.denomination = 1s (default)
2023-06-02 05:15:37,079 [638bdbe3-f7a3-4715-ad07-0d6e98de3b67@group-C8F3BC738863-LeaderElection22] INFO  server.RaftServerConfigKeys (ConfUtils.java:logGet(46)) - raft.server.watch.element-limit = 65536 (default)
2023-06-02 05:15:37,079 [638bdbe3-f7a3-4715-ad07-0d6e98de3b67@group-C8F3BC738863-LeaderElection22] INFO  server.RaftServerConfigKeys (ConfUtils.java:logGet(46)) - raft.server.write.element-limit = 1024 (custom)
2023-06-02 05:15:37,079 [638bdbe3-f7a3-4715-ad07-0d6e98de3b67@group-C8F3BC738863-LeaderElection22] INFO  server.RaftServerConfigKeys (ConfUtils.java:logGet(46)) - raft.server.write.follower.gap.ratio.max = -1.0 (default)
2023-06-02 05:15:37,079 [638bdbe3-f7a3-4715-ad07-0d6e98de3b67@group-C8F3BC738863-LeaderElection22] INFO  impl.RoleInfo (RoleInfo.java:updateAndGet(139)) - 638bdbe3-f7a3-4715-ad07-0d6e98de3b67: start 638bdbe3-f7a3-4715-ad07-0d6e98de3b67@group-C8F3BC738863-LeaderStateImpl
2023-06-02 05:15:37,080 [638bdbe3-f7a3-4715-ad07-0d6e98de3b67@group-C8F3BC738863-LeaderElection22] INFO  segmented.SegmentedRaftLogWorker (SegmentedRaftLogWorker.java:startLogSegment(447)) - 638bdbe3-f7a3-4715-ad07-0d6e98de3b67@group-C8F3BC738863-SegmentedRaftLogWorker: Starting segment from index:0
2023-06-02 05:15:37,081 [638bdbe3-f7a3-4715-ad07-0d6e98de3b67@group-C8F3BC738863-LeaderElection22] INFO  server.RaftServer$Division (ServerState.java:setRaftConf(434)) - 638bdbe3-f7a3-4715-ad07-0d6e98de3b67@group-C8F3BC738863: set configuration 0: peers:[638bdbe3-f7a3-4715-ad07-0d6e98de3b67|rpc:10.1.74.1:15077|admin:10.1.74.1:15076|client:10.1.74.1:15075|dataStream:10.1.74.1:15078|priority:1|startupRole:FOLLOWER]|listeners:[], old=null
2023-06-02 05:15:37,081 [638bdbe3-f7a3-4715-ad07-0d6e98de3b67@group-C8F3BC738863-SegmentedRaftLogWorker] INFO  segmented.SegmentedRaftLogWorker (SegmentedRaftLogWorker.java:execute(651)) - 638bdbe3-f7a3-4715-ad07-0d6e98de3b67@group-C8F3BC738863-SegmentedRaftLogWorker: created new log segment /home/runner/work/ozone/ozone/hadoop-ozone/integration-test/target/test-dir/MiniOzoneClusterImpl-4e6c5432-da36-405d-b7f1-05871ead9573/datanode-7/data/ratis/cec3c559-fa66-43e9-918c-c8f3bc738863/current/log_inprogress_0
2023-06-02 05:15:37,082 [638bdbe3-f7a3-4715-ad07-0d6e98de3b67@group-B501B03E598F-SegmentedRaftLogWorker] INFO  segmented.SegmentedRaftLogWorker (SegmentedRaftLogWorker.java:execute(651)) - 638bdbe3-f7a3-4715-ad07-0d6e98de3b67@group-B501B03E598F-SegmentedRaftLogWorker: created new log segment /home/runner/work/ozone/ozone/hadoop-ozone/integration-test/target/test-dir/MiniOzoneClusterImpl-4e6c5432-da36-405d-b7f1-05871ead9573/datanode-7/data/ratis/19897db9-73df-4686-9b87-b501b03e598f/current/log_inprogress_0
2023-06-02 05:15:37,088 [638bdbe3-f7a3-4715-ad07-0d6e98de3b67@group-B501B03E598F-LeaderElection20] INFO  server.RaftServer$Division (ServerState.java:setRaftConf(434)) - 638bdbe3-f7a3-4715-ad07-0d6e98de3b67@group-B501B03E598F: set configuration 0: peers:[638bdbe3-f7a3-4715-ad07-0d6e98de3b67|rpc:10.1.74.1:15077|admin:10.1.74.1:15076|client:10.1.74.1:15075|dataStream:10.1.74.1:15078|priority:1|startupRole:FOLLOWER, 70b3c7ea-e7eb-4f75-8ddc-1173fec1a2ac|rpc:10.1.74.1:15086|admin:10.1.74.1:15085|client:10.1.74.1:15084|dataStream:10.1.74.1:15087|priority:0|startupRole:FOLLOWER, 87f06f2d-f73a-4ca4-bc8e-5aedfa582ec7|rpc:10.1.74.1:15068|admin:10.1.74.1:15067|client:10.1.74.1:15066|dataStream:10.1.74.1:15069|priority:0|startupRole:FOLLOWER]|listeners:[], old=null
2023-06-02 05:15:37,103 [70b3c7ea-e7eb-4f75-8ddc-1173fec1a2ac-server-thread1] INFO  ratis.XceiverServerRatis (XceiverServerRatis.java:handleLeaderChangedNotification(902)) - Leader change notification received for group: group-B501B03E598F with new leaderId: 638bdbe3-f7a3-4715-ad07-0d6e98de3b67
2023-06-02 05:15:37,103 [70b3c7ea-e7eb-4f75-8ddc-1173fec1a2ac-server-thread1] INFO  server.RaftServer$Division (ServerState.java:setLeader(317)) - 70b3c7ea-e7eb-4f75-8ddc-1173fec1a2ac@group-B501B03E598F: change Leader from null to 638bdbe3-f7a3-4715-ad07-0d6e98de3b67 at term 1 for appendEntries, leader elected after 5164ms
2023-06-02 05:15:37,107 [70b3c7ea-e7eb-4f75-8ddc-1173fec1a2ac-server-thread2] INFO  server.RaftServer$Division (ServerState.java:setRaftConf(434)) - 70b3c7ea-e7eb-4f75-8ddc-1173fec1a2ac@group-B501B03E598F: set configuration 0: peers:[638bdbe3-f7a3-4715-ad07-0d6e98de3b67|rpc:10.1.74.1:15077|admin:10.1.74.1:15076|client:10.1.74.1:15075|dataStream:10.1.74.1:15078|priority:1|startupRole:FOLLOWER, 70b3c7ea-e7eb-4f75-8ddc-1173fec1a2ac|rpc:10.1.74.1:15086|admin:10.1.74.1:15085|client:10.1.74.1:15084|dataStream:10.1.74.1:15087|priority:0|startupRole:FOLLOWER, 87f06f2d-f73a-4ca4-bc8e-5aedfa582ec7|rpc:10.1.74.1:15068|admin:10.1.74.1:15067|client:10.1.74.1:15066|dataStream:10.1.74.1:15069|priority:0|startupRole:FOLLOWER]|listeners:[], old=null
2023-06-02 05:15:37,108 [70b3c7ea-e7eb-4f75-8ddc-1173fec1a2ac-server-thread2] INFO  segmented.SegmentedRaftLogWorker (SegmentedRaftLogWorker.java:startLogSegment(447)) - 70b3c7ea-e7eb-4f75-8ddc-1173fec1a2ac@group-B501B03E598F-SegmentedRaftLogWorker: Starting segment from index:0
2023-06-02 05:15:37,110 [70b3c7ea-e7eb-4f75-8ddc-1173fec1a2ac@group-B501B03E598F-SegmentedRaftLogWorker] INFO  segmented.SegmentedRaftLogWorker (SegmentedRaftLogWorker.java:execute(651)) - 70b3c7ea-e7eb-4f75-8ddc-1173fec1a2ac@group-B501B03E598F-SegmentedRaftLogWorker: created new log segment /home/runner/work/ozone/ozone/hadoop-ozone/integration-test/target/test-dir/MiniOzoneClusterImpl-4e6c5432-da36-405d-b7f1-05871ead9573/datanode-8/data/ratis/19897db9-73df-4686-9b87-b501b03e598f/current/log_inprogress_0
2023-06-02 05:15:37,118 [87f06f2d-f73a-4ca4-bc8e-5aedfa582ec7-server-thread1] INFO  ratis.XceiverServerRatis (XceiverServerRatis.java:handleLeaderChangedNotification(902)) - Leader change notification received for group: group-B501B03E598F with new leaderId: 638bdbe3-f7a3-4715-ad07-0d6e98de3b67
2023-06-02 05:15:37,118 [87f06f2d-f73a-4ca4-bc8e-5aedfa582ec7-server-thread1] INFO  server.RaftServer$Division (ServerState.java:setLeader(317)) - 87f06f2d-f73a-4ca4-bc8e-5aedfa582ec7@group-B501B03E598F: change Leader from null to 638bdbe3-f7a3-4715-ad07-0d6e98de3b67 at term 1 for appendEntries, leader elected after 5285ms
2023-06-02 05:15:37,125 [87f06f2d-f73a-4ca4-bc8e-5aedfa582ec7-server-thread2] INFO  server.RaftServer$Division (ServerState.java:setRaftConf(434)) - 87f06f2d-f73a-4ca4-bc8e-5aedfa582ec7@group-B501B03E598F: set configuration 0: peers:[638bdbe3-f7a3-4715-ad07-0d6e98de3b67|rpc:10.1.74.1:15077|admin:10.1.74.1:15076|client:10.1.74.1:15075|dataStream:10.1.74.1:15078|priority:1|startupRole:FOLLOWER, 70b3c7ea-e7eb-4f75-8ddc-1173fec1a2ac|rpc:10.1.74.1:15086|admin:10.1.74.1:15085|client:10.1.74.1:15084|dataStream:10.1.74.1:15087|priority:0|startupRole:FOLLOWER, 87f06f2d-f73a-4ca4-bc8e-5aedfa582ec7|rpc:10.1.74.1:15068|admin:10.1.74.1:15067|client:10.1.74.1:15066|dataStream:10.1.74.1:15069|priority:0|startupRole:FOLLOWER]|listeners:[], old=null
2023-06-02 05:15:37,125 [87f06f2d-f73a-4ca4-bc8e-5aedfa582ec7-server-thread2] INFO  segmented.SegmentedRaftLogWorker (SegmentedRaftLogWorker.java:startLogSegment(447)) - 87f06f2d-f73a-4ca4-bc8e-5aedfa582ec7@group-B501B03E598F-SegmentedRaftLogWorker: Starting segment from index:0
2023-06-02 05:15:37,129 [87f06f2d-f73a-4ca4-bc8e-5aedfa582ec7@group-B501B03E598F-SegmentedRaftLogWorker] INFO  segmented.SegmentedRaftLogWorker (SegmentedRaftLogWorker.java:execute(651)) - 87f06f2d-f73a-4ca4-bc8e-5aedfa582ec7@group-B501B03E598F-SegmentedRaftLogWorker: created new log segment /home/runner/work/ozone/ozone/hadoop-ozone/integration-test/target/test-dir/MiniOzoneClusterImpl-4e6c5432-da36-405d-b7f1-05871ead9573/datanode-6/data/ratis/19897db9-73df-4686-9b87-b501b03e598f/current/log_inprogress_0
2023-06-02 05:15:37,527 [70b3c7ea-e7eb-4f75-8ddc-1173fec1a2ac@group-556F943FB96C-FollowerState] INFO  impl.FollowerState (FollowerState.java:run(143)) - 70b3c7ea-e7eb-4f75-8ddc-1173fec1a2ac@group-556F943FB96C-FollowerState: change to CANDIDATE, lastRpcElapsedTime:5176208194ns, electionTimeout:5171ms
2023-06-02 05:15:37,527 [70b3c7ea-e7eb-4f75-8ddc-1173fec1a2ac@group-556F943FB96C-FollowerState] INFO  impl.RoleInfo (RoleInfo.java:shutdownFollowerState(110)) - 70b3c7ea-e7eb-4f75-8ddc-1173fec1a2ac: shutdown 70b3c7ea-e7eb-4f75-8ddc-1173fec1a2ac@group-556F943FB96C-FollowerState
2023-06-02 05:15:37,527 [70b3c7ea-e7eb-4f75-8ddc-1173fec1a2ac@group-556F943FB96C-FollowerState] INFO  server.RaftServer$Division (RaftServerImpl.java:setRole(329)) - 70b3c7ea-e7eb-4f75-8ddc-1173fec1a2ac@group-556F943FB96C: changes role from  FOLLOWER to CANDIDATE at term 0 for changeToCandidate
2023-06-02 05:15:37,527 [70b3c7ea-e7eb-4f75-8ddc-1173fec1a2ac@group-556F943FB96C-FollowerState] INFO  server.RaftServerConfigKeys (ConfUtils.java:logGet(46)) - raft.server.leaderelection.pre-vote = true (default)
2023-06-02 05:15:37,528 [70b3c7ea-e7eb-4f75-8ddc-1173fec1a2ac@group-556F943FB96C-FollowerState] INFO  impl.RoleInfo (RoleInfo.java:updateAndGet(139)) - 70b3c7ea-e7eb-4f75-8ddc-1173fec1a2ac: start 70b3c7ea-e7eb-4f75-8ddc-1173fec1a2ac@group-556F943FB96C-LeaderElection23
2023-06-02 05:15:37,532 [70b3c7ea-e7eb-4f75-8ddc-1173fec1a2ac@group-556F943FB96C-LeaderElection23] INFO  impl.LeaderElection (LeaderElection.java:askForVotes(321)) - 70b3c7ea-e7eb-4f75-8ddc-1173fec1a2ac@group-556F943FB96C-LeaderElection23 PRE_VOTE round 0: submit vote requests at term 0 for -1: peers:[70b3c7ea-e7eb-4f75-8ddc-1173fec1a2ac|rpc:10.1.74.1:15086|admin:10.1.74.1:15085|client:10.1.74.1:15084|dataStream:10.1.74.1:15087|priority:1|startupRole:FOLLOWER]|listeners:[], old=null
2023-06-02 05:15:37,532 [70b3c7ea-e7eb-4f75-8ddc-1173fec1a2ac@group-556F943FB96C-LeaderElection23] INFO  impl.LeaderElection (LeaderElection.java:askForVotes(323)) - 70b3c7ea-e7eb-4f75-8ddc-1173fec1a2ac@group-556F943FB96C-LeaderElection23 PRE_VOTE round 0: result PASSED (term=0)
2023-06-02 05:15:37,534 [70b3c7ea-e7eb-4f75-8ddc-1173fec1a2ac@group-556F943FB96C-LeaderElection23] INFO  impl.LeaderElection (LeaderElection.java:askForVotes(321)) - 70b3c7ea-e7eb-4f75-8ddc-1173fec1a2ac@group-556F943FB96C-LeaderElection23 ELECTION round 0: submit vote requests at term 1 for -1: peers:[70b3c7ea-e7eb-4f75-8ddc-1173fec1a2ac|rpc:10.1.74.1:15086|admin:10.1.74.1:15085|client:10.1.74.1:15084|dataStream:10.1.74.1:15087|priority:1|startupRole:FOLLOWER]|listeners:[], old=null
2023-06-02 05:15:37,534 [70b3c7ea-e7eb-4f75-8ddc-1173fec1a2ac@group-556F943FB96C-LeaderElection23] INFO  impl.LeaderElection (LeaderElection.java:askForVotes(323)) - 70b3c7ea-e7eb-4f75-8ddc-1173fec1a2ac@group-556F943FB96C-LeaderElection23 ELECTION round 0: result PASSED (term=1)
2023-06-02 05:15:37,534 [70b3c7ea-e7eb-4f75-8ddc-1173fec1a2ac@group-556F943FB96C-LeaderElection23] INFO  impl.RoleInfo (RoleInfo.java:shutdownLeaderElection(130)) - 70b3c7ea-e7eb-4f75-8ddc-1173fec1a2ac: shutdown 70b3c7ea-e7eb-4f75-8ddc-1173fec1a2ac@group-556F943FB96C-LeaderElection23
2023-06-02 05:15:37,534 [70b3c7ea-e7eb-4f75-8ddc-1173fec1a2ac@group-556F943FB96C-LeaderElection23] INFO  server.RaftServer$Division (RaftServerImpl.java:setRole(329)) - 70b3c7ea-e7eb-4f75-8ddc-1173fec1a2ac@group-556F943FB96C: changes role from CANDIDATE to LEADER at term 1 for changeToLeader
2023-06-02 05:15:37,534 [70b3c7ea-e7eb-4f75-8ddc-1173fec1a2ac@group-556F943FB96C-LeaderElection23] INFO  ratis.XceiverServerRatis (XceiverServerRatis.java:handleLeaderChangedNotification(902)) - Leader change notification received for group: group-556F943FB96C with new leaderId: 70b3c7ea-e7eb-4f75-8ddc-1173fec1a2ac
2023-06-02 05:15:37,535 [70b3c7ea-e7eb-4f75-8ddc-1173fec1a2ac@group-556F943FB96C-LeaderElection23] INFO  server.RaftServer$Division (ServerState.java:setLeader(317)) - 70b3c7ea-e7eb-4f75-8ddc-1173fec1a2ac@group-556F943FB96C: change Leader from null to 70b3c7ea-e7eb-4f75-8ddc-1173fec1a2ac at term 1 for becomeLeader, leader elected after 5208ms
2023-06-02 05:15:37,535 [70b3c7ea-e7eb-4f75-8ddc-1173fec1a2ac@group-556F943FB96C-LeaderElection23] INFO  server.RaftServerConfigKeys (ConfUtils.java:logGet(46)) - raft.server.staging.catchup.gap = 1000 (default)
2023-06-02 05:15:37,535 [70b3c7ea-e7eb-4f75-8ddc-1173fec1a2ac@group-556F943FB96C-LeaderElection23] INFO  server.RaftServerConfigKeys (ConfUtils.java:logGet(46)) - raft.server.write.element-limit = 1024 (custom)
2023-06-02 05:15:37,535 [70b3c7ea-e7eb-4f75-8ddc-1173fec1a2ac@group-556F943FB96C-LeaderElection23] INFO  server.RaftServerConfigKeys (ConfUtils.java:logGet(46)) - raft.server.write.byte-limit = 1024 M (=1073741824) (custom)
2023-06-02 05:15:37,536 [70b3c7ea-e7eb-4f75-8ddc-1173fec1a2ac@group-556F943FB96C-LeaderElection23] INFO  server.RaftServerConfigKeys (ConfUtils.java:logGet(46)) - raft.server.watch.timeout = 180s (custom)
2023-06-02 05:15:37,537 [70b3c7ea-e7eb-4f75-8ddc-1173fec1a2ac@group-556F943FB96C-LeaderElection23] INFO  server.RaftServerConfigKeys (ConfUtils.java:logGet(46)) - raft.server.watch.timeout.denomination = 1s (default)
2023-06-02 05:15:37,537 [70b3c7ea-e7eb-4f75-8ddc-1173fec1a2ac@group-556F943FB96C-LeaderElection23] INFO  server.RaftServerConfigKeys (ConfUtils.java:logGet(46)) - raft.server.watch.element-limit = 65536 (default)
2023-06-02 05:15:37,537 [70b3c7ea-e7eb-4f75-8ddc-1173fec1a2ac@group-556F943FB96C-LeaderElection23] INFO  server.RaftServerConfigKeys (ConfUtils.java:logGet(46)) - raft.server.write.element-limit = 1024 (custom)
2023-06-02 05:15:37,537 [70b3c7ea-e7eb-4f75-8ddc-1173fec1a2ac@group-556F943FB96C-LeaderElection23] INFO  server.RaftServerConfigKeys (ConfUtils.java:logGet(46)) - raft.server.write.follower.gap.ratio.max = -1.0 (default)
2023-06-02 05:15:37,537 [70b3c7ea-e7eb-4f75-8ddc-1173fec1a2ac@group-556F943FB96C-LeaderElection23] INFO  impl.RoleInfo (RoleInfo.java:updateAndGet(139)) - 70b3c7ea-e7eb-4f75-8ddc-1173fec1a2ac: start 70b3c7ea-e7eb-4f75-8ddc-1173fec1a2ac@group-556F943FB96C-LeaderStateImpl
2023-06-02 05:15:37,538 [70b3c7ea-e7eb-4f75-8ddc-1173fec1a2ac@group-556F943FB96C-LeaderElection23] INFO  segmented.SegmentedRaftLogWorker (SegmentedRaftLogWorker.java:startLogSegment(447)) - 70b3c7ea-e7eb-4f75-8ddc-1173fec1a2ac@group-556F943FB96C-SegmentedRaftLogWorker: Starting segment from index:0
2023-06-02 05:15:37,538 [70b3c7ea-e7eb-4f75-8ddc-1173fec1a2ac@group-556F943FB96C-LeaderElection23] INFO  server.RaftServer$Division (ServerState.java:setRaftConf(434)) - 70b3c7ea-e7eb-4f75-8ddc-1173fec1a2ac@group-556F943FB96C: set configuration 0: peers:[70b3c7ea-e7eb-4f75-8ddc-1173fec1a2ac|rpc:10.1.74.1:15086|admin:10.1.74.1:15085|client:10.1.74.1:15084|dataStream:10.1.74.1:15087|priority:1|startupRole:FOLLOWER]|listeners:[], old=null
2023-06-02 05:15:37,539 [70b3c7ea-e7eb-4f75-8ddc-1173fec1a2ac@group-556F943FB96C-SegmentedRaftLogWorker] INFO  segmented.SegmentedRaftLogWorker (SegmentedRaftLogWorker.java:execute(651)) - 70b3c7ea-e7eb-4f75-8ddc-1173fec1a2ac@group-556F943FB96C-SegmentedRaftLogWorker: created new log segment /home/runner/work/ozone/ozone/hadoop-ozone/integration-test/target/test-dir/MiniOzoneClusterImpl-4e6c5432-da36-405d-b7f1-05871ead9573/datanode-8/data/ratis/bd9a6e9f-39fc-43d1-b222-556f943fb96c/current/log_inprogress_0
2023-06-02 05:15:38,003 [dd6dae7b-c4a9-4a16-a5ce-973fa036779e@group-D763314ADDB8-FollowerState] INFO  impl.FollowerState (FollowerState.java:run(143)) - dd6dae7b-c4a9-4a16-a5ce-973fa036779e@group-D763314ADDB8-FollowerState: change to CANDIDATE, lastRpcElapsedTime:5173885426ns, electionTimeout:5168ms
2023-06-02 05:15:38,004 [dd6dae7b-c4a9-4a16-a5ce-973fa036779e@group-D763314ADDB8-FollowerState] INFO  impl.RoleInfo (RoleInfo.java:shutdownFollowerState(110)) - dd6dae7b-c4a9-4a16-a5ce-973fa036779e: shutdown dd6dae7b-c4a9-4a16-a5ce-973fa036779e@group-D763314ADDB8-FollowerState
2023-06-02 05:15:38,004 [dd6dae7b-c4a9-4a16-a5ce-973fa036779e@group-D763314ADDB8-FollowerState] INFO  server.RaftServer$Division (RaftServerImpl.java:setRole(329)) - dd6dae7b-c4a9-4a16-a5ce-973fa036779e@group-D763314ADDB8: changes role from  FOLLOWER to CANDIDATE at term 0 for changeToCandidate
2023-06-02 05:15:38,004 [dd6dae7b-c4a9-4a16-a5ce-973fa036779e@group-D763314ADDB8-FollowerState] INFO  server.RaftServerConfigKeys (ConfUtils.java:logGet(46)) - raft.server.leaderelection.pre-vote = true (default)
2023-06-02 05:15:38,004 [dd6dae7b-c4a9-4a16-a5ce-973fa036779e@group-D763314ADDB8-FollowerState] INFO  impl.RoleInfo (RoleInfo.java:updateAndGet(139)) - dd6dae7b-c4a9-4a16-a5ce-973fa036779e: start dd6dae7b-c4a9-4a16-a5ce-973fa036779e@group-D763314ADDB8-LeaderElection24
2023-06-02 05:15:38,007 [dd6dae7b-c4a9-4a16-a5ce-973fa036779e@group-D763314ADDB8-LeaderElection24] INFO  impl.LeaderElection (LeaderElection.java:askForVotes(321)) - dd6dae7b-c4a9-4a16-a5ce-973fa036779e@group-D763314ADDB8-LeaderElection24 PRE_VOTE round 0: submit vote requests at term 0 for -1: peers:[dd6dae7b-c4a9-4a16-a5ce-973fa036779e|rpc:10.1.74.1:15095|admin:10.1.74.1:15094|client:10.1.74.1:15093|dataStream:10.1.74.1:15096|priority:1|startupRole:FOLLOWER]|listeners:[], old=null
2023-06-02 05:15:38,007 [dd6dae7b-c4a9-4a16-a5ce-973fa036779e@group-D763314ADDB8-LeaderElection24] INFO  impl.LeaderElection (LeaderElection.java:askForVotes(323)) - dd6dae7b-c4a9-4a16-a5ce-973fa036779e@group-D763314ADDB8-LeaderElection24 PRE_VOTE round 0: result PASSED (term=0)
2023-06-02 05:15:38,009 [dd6dae7b-c4a9-4a16-a5ce-973fa036779e@group-D763314ADDB8-LeaderElection24] INFO  impl.LeaderElection (LeaderElection.java:askForVotes(321)) - dd6dae7b-c4a9-4a16-a5ce-973fa036779e@group-D763314ADDB8-LeaderElection24 ELECTION round 0: submit vote requests at term 1 for -1: peers:[dd6dae7b-c4a9-4a16-a5ce-973fa036779e|rpc:10.1.74.1:15095|admin:10.1.74.1:15094|client:10.1.74.1:15093|dataStream:10.1.74.1:15096|priority:1|startupRole:FOLLOWER]|listeners:[], old=null
2023-06-02 05:15:38,009 [dd6dae7b-c4a9-4a16-a5ce-973fa036779e@group-D763314ADDB8-LeaderElection24] INFO  impl.LeaderElection (LeaderElection.java:askForVotes(323)) - dd6dae7b-c4a9-4a16-a5ce-973fa036779e@group-D763314ADDB8-LeaderElection24 ELECTION round 0: result PASSED (term=1)
2023-06-02 05:15:38,009 [dd6dae7b-c4a9-4a16-a5ce-973fa036779e@group-D763314ADDB8-LeaderElection24] INFO  impl.RoleInfo (RoleInfo.java:shutdownLeaderElection(130)) - dd6dae7b-c4a9-4a16-a5ce-973fa036779e: shutdown dd6dae7b-c4a9-4a16-a5ce-973fa036779e@group-D763314ADDB8-LeaderElection24
2023-06-02 05:15:38,009 [dd6dae7b-c4a9-4a16-a5ce-973fa036779e@group-D763314ADDB8-LeaderElection24] INFO  server.RaftServer$Division (RaftServerImpl.java:setRole(329)) - dd6dae7b-c4a9-4a16-a5ce-973fa036779e@group-D763314ADDB8: changes role from CANDIDATE to LEADER at term 1 for changeToLeader
2023-06-02 05:15:38,009 [dd6dae7b-c4a9-4a16-a5ce-973fa036779e@group-D763314ADDB8-LeaderElection24] INFO  ratis.XceiverServerRatis (XceiverServerRatis.java:handleLeaderChangedNotification(902)) - Leader change notification received for group: group-D763314ADDB8 with new leaderId: dd6dae7b-c4a9-4a16-a5ce-973fa036779e
2023-06-02 05:15:38,009 [dd6dae7b-c4a9-4a16-a5ce-973fa036779e@group-D763314ADDB8-LeaderElection24] INFO  server.RaftServer$Division (ServerState.java:setLeader(317)) - dd6dae7b-c4a9-4a16-a5ce-973fa036779e@group-D763314ADDB8: change Leader from null to dd6dae7b-c4a9-4a16-a5ce-973fa036779e at term 1 for becomeLeader, leader elected after 5200ms
2023-06-02 05:15:38,009 [dd6dae7b-c4a9-4a16-a5ce-973fa036779e@group-D763314ADDB8-LeaderElection24] INFO  server.RaftServerConfigKeys (ConfUtils.java:logGet(46)) - raft.server.staging.catchup.gap = 1000 (default)
2023-06-02 05:15:38,010 [dd6dae7b-c4a9-4a16-a5ce-973fa036779e@group-D763314ADDB8-LeaderElection24] INFO  server.RaftServerConfigKeys (ConfUtils.java:logGet(46)) - raft.server.write.element-limit = 1024 (custom)
2023-06-02 05:15:38,010 [dd6dae7b-c4a9-4a16-a5ce-973fa036779e@group-D763314ADDB8-LeaderElection24] INFO  server.RaftServerConfigKeys (ConfUtils.java:logGet(46)) - raft.server.write.byte-limit = 1024 M (=1073741824) (custom)
2023-06-02 05:15:38,011 [dd6dae7b-c4a9-4a16-a5ce-973fa036779e@group-D763314ADDB8-LeaderElection24] INFO  server.RaftServerConfigKeys (ConfUtils.java:logGet(46)) - raft.server.watch.timeout = 180s (custom)
2023-06-02 05:15:38,011 [dd6dae7b-c4a9-4a16-a5ce-973fa036779e@group-D763314ADDB8-LeaderElection24] INFO  server.RaftServerConfigKeys (ConfUtils.java:logGet(46)) - raft.server.watch.timeout.denomination = 1s (default)
2023-06-02 05:15:38,011 [dd6dae7b-c4a9-4a16-a5ce-973fa036779e@group-D763314ADDB8-LeaderElection24] INFO  server.RaftServerConfigKeys (ConfUtils.java:logGet(46)) - raft.server.watch.element-limit = 65536 (default)
2023-06-02 05:15:38,011 [dd6dae7b-c4a9-4a16-a5ce-973fa036779e@group-D763314ADDB8-LeaderElection24] INFO  server.RaftServerConfigKeys (ConfUtils.java:logGet(46)) - raft.server.write.element-limit = 1024 (custom)
2023-06-02 05:15:38,011 [dd6dae7b-c4a9-4a16-a5ce-973fa036779e@group-D763314ADDB8-LeaderElection24] INFO  server.RaftServerConfigKeys (ConfUtils.java:logGet(46)) - raft.server.write.follower.gap.ratio.max = -1.0 (default)
2023-06-02 05:15:38,011 [dd6dae7b-c4a9-4a16-a5ce-973fa036779e@group-D763314ADDB8-LeaderElection24] INFO  impl.RoleInfo (RoleInfo.java:updateAndGet(139)) - dd6dae7b-c4a9-4a16-a5ce-973fa036779e: start dd6dae7b-c4a9-4a16-a5ce-973fa036779e@group-D763314ADDB8-LeaderStateImpl
2023-06-02 05:15:38,011 [dd6dae7b-c4a9-4a16-a5ce-973fa036779e@group-D763314ADDB8-LeaderElection24] INFO  segmented.SegmentedRaftLogWorker (SegmentedRaftLogWorker.java:startLogSegment(447)) - dd6dae7b-c4a9-4a16-a5ce-973fa036779e@group-D763314ADDB8-SegmentedRaftLogWorker: Starting segment from index:0
2023-06-02 05:15:38,012 [dd6dae7b-c4a9-4a16-a5ce-973fa036779e@group-D763314ADDB8-LeaderElection24] INFO  server.RaftServer$Division (ServerState.java:setRaftConf(434)) - dd6dae7b-c4a9-4a16-a5ce-973fa036779e@group-D763314ADDB8: set configuration 0: peers:[dd6dae7b-c4a9-4a16-a5ce-973fa036779e|rpc:10.1.74.1:15095|admin:10.1.74.1:15094|client:10.1.74.1:15093|dataStream:10.1.74.1:15096|priority:1|startupRole:FOLLOWER]|listeners:[], old=null
2023-06-02 05:15:38,013 [dd6dae7b-c4a9-4a16-a5ce-973fa036779e@group-D763314ADDB8-SegmentedRaftLogWorker] INFO  segmented.SegmentedRaftLogWorker (SegmentedRaftLogWorker.java:execute(651)) - dd6dae7b-c4a9-4a16-a5ce-973fa036779e@group-D763314ADDB8-SegmentedRaftLogWorker: created new log segment /home/runner/work/ozone/ozone/hadoop-ozone/integration-test/target/test-dir/MiniOzoneClusterImpl-4e6c5432-da36-405d-b7f1-05871ead9573/datanode-9/data/ratis/acbeca6a-30dc-49f9-bb51-d763314addb8/current/log_inprogress_0
2023-06-02 05:15:38,311 [dd6dae7b-c4a9-4a16-a5ce-973fa036779e@group-CE229A59640D-FollowerState] INFO  impl.FollowerState (FollowerState.java:run(143)) - dd6dae7b-c4a9-4a16-a5ce-973fa036779e@group-CE229A59640D-FollowerState: change to CANDIDATE, lastRpcElapsedTime:5016736106ns, electionTimeout:5015ms
2023-06-02 05:15:38,311 [dd6dae7b-c4a9-4a16-a5ce-973fa036779e@group-CE229A59640D-FollowerState] INFO  impl.RoleInfo (RoleInfo.java:shutdownFollowerState(110)) - dd6dae7b-c4a9-4a16-a5ce-973fa036779e: shutdown dd6dae7b-c4a9-4a16-a5ce-973fa036779e@group-CE229A59640D-FollowerState
2023-06-02 05:15:38,311 [dd6dae7b-c4a9-4a16-a5ce-973fa036779e@group-CE229A59640D-FollowerState] INFO  server.RaftServer$Division (RaftServerImpl.java:setRole(329)) - dd6dae7b-c4a9-4a16-a5ce-973fa036779e@group-CE229A59640D: changes role from  FOLLOWER to CANDIDATE at term 0 for changeToCandidate
2023-06-02 05:15:38,312 [dd6dae7b-c4a9-4a16-a5ce-973fa036779e@group-CE229A59640D-FollowerState] INFO  server.RaftServerConfigKeys (ConfUtils.java:logGet(46)) - raft.server.leaderelection.pre-vote = true (default)
2023-06-02 05:15:38,312 [dd6dae7b-c4a9-4a16-a5ce-973fa036779e@group-CE229A59640D-FollowerState] INFO  impl.RoleInfo (RoleInfo.java:updateAndGet(139)) - dd6dae7b-c4a9-4a16-a5ce-973fa036779e: start dd6dae7b-c4a9-4a16-a5ce-973fa036779e@group-CE229A59640D-LeaderElection25
2023-06-02 05:15:38,315 [dd6dae7b-c4a9-4a16-a5ce-973fa036779e@group-CE229A59640D-LeaderElection25] INFO  impl.LeaderElection (LeaderElection.java:askForVotes(321)) - dd6dae7b-c4a9-4a16-a5ce-973fa036779e@group-CE229A59640D-LeaderElection25 PRE_VOTE round 0: submit vote requests at term 0 for -1: peers:[dd6dae7b-c4a9-4a16-a5ce-973fa036779e|rpc:10.1.74.1:15095|admin:10.1.74.1:15094|client:10.1.74.1:15093|dataStream:10.1.74.1:15096|priority:1|startupRole:FOLLOWER, af4b945e-05c9-4c95-92ea-ec296ba0645f|rpc:10.1.74.1:15113|admin:10.1.74.1:15112|client:10.1.74.1:15111|dataStream:10.1.74.1:15114|priority:0|startupRole:FOLLOWER, f6a83548-c013-4f74-9c0e-0b5a922fe81f|rpc:10.1.74.1:15104|admin:10.1.74.1:15103|client:10.1.74.1:15102|dataStream:10.1.74.1:15105|priority:0|startupRole:FOLLOWER]|listeners:[], old=null
2023-06-02 05:15:38,315 [dd6dae7b-c4a9-4a16-a5ce-973fa036779e@group-CE229A59640D-LeaderElection25] INFO  server.RaftServerConfigKeys (ConfUtils.java:logFallback(53)) - raft.server.rpc.first-election.timeout.min = 5s (fallback to raft.server.rpc.timeout.min)
2023-06-02 05:15:38,315 [dd6dae7b-c4a9-4a16-a5ce-973fa036779e@group-CE229A59640D-LeaderElection25-1] INFO  server.GrpcServerProtocolClient (GrpcServerProtocolClient.java:<init>(65)) - Build channel for af4b945e-05c9-4c95-92ea-ec296ba0645f
2023-06-02 05:15:38,316 [dd6dae7b-c4a9-4a16-a5ce-973fa036779e@group-CE229A59640D-LeaderElection25] INFO  server.RaftServerConfigKeys (ConfUtils.java:logFallback(53)) - raft.server.rpc.first-election.timeout.max = 5200ms (fallback to raft.server.rpc.timeout.max)
2023-06-02 05:15:38,316 [dd6dae7b-c4a9-4a16-a5ce-973fa036779e@group-CE229A59640D-LeaderElection25-2] INFO  server.GrpcServerProtocolClient (GrpcServerProtocolClient.java:<init>(65)) - Build channel for f6a83548-c013-4f74-9c0e-0b5a922fe81f
2023-06-02 05:15:38,328 [grpc-default-executor-1] INFO  server.RaftServer$Division (RaftServerImpl.java:requestVote(1302)) - f6a83548-c013-4f74-9c0e-0b5a922fe81f@group-CE229A59640D: receive requestVote(PRE_VOTE, dd6dae7b-c4a9-4a16-a5ce-973fa036779e, group-CE229A59640D, 0, (t:0, i:0))
2023-06-02 05:15:38,328 [grpc-default-executor-1] INFO  impl.VoteContext (VoteContext.java:log(49)) - f6a83548-c013-4f74-9c0e-0b5a922fe81f@group-CE229A59640D-FOLLOWER: accept PRE_VOTE from dd6dae7b-c4a9-4a16-a5ce-973fa036779e: our priority 0 <= candidate's priority 1
2023-06-02 05:15:38,329 [grpc-default-executor-1] INFO  server.RaftServer$Division (RaftServerImpl.java:requestVote(1335)) - f6a83548-c013-4f74-9c0e-0b5a922fe81f@group-CE229A59640D replies to PRE_VOTE vote request: dd6dae7b-c4a9-4a16-a5ce-973fa036779e<-f6a83548-c013-4f74-9c0e-0b5a922fe81f#0:OK-t0. Peer's state: f6a83548-c013-4f74-9c0e-0b5a922fe81f@group-CE229A59640D:t0, leader=null, voted=, raftlog=Memoized:f6a83548-c013-4f74-9c0e-0b5a922fe81f@group-CE229A59640D-SegmentedRaftLog:OPENED:c-1, conf=-1: peers:[dd6dae7b-c4a9-4a16-a5ce-973fa036779e|rpc:10.1.74.1:15095|admin:10.1.74.1:15094|client:10.1.74.1:15093|dataStream:10.1.74.1:15096|priority:1|startupRole:FOLLOWER, af4b945e-05c9-4c95-92ea-ec296ba0645f|rpc:10.1.74.1:15113|admin:10.1.74.1:15112|client:10.1.74.1:15111|dataStream:10.1.74.1:15114|priority:0|startupRole:FOLLOWER, f6a83548-c013-4f74-9c0e-0b5a922fe81f|rpc:10.1.74.1:15104|admin:10.1.74.1:15103|client:10.1.74.1:15102|dataStream:10.1.74.1:15105|priority:0|startupRole:FOLLOWER]|listeners:[], old=null
2023-06-02 05:15:38,330 [dd6dae7b-c4a9-4a16-a5ce-973fa036779e@group-CE229A59640D-LeaderElection25] INFO  impl.LeaderElection (LeaderElection.java:logAndReturn(90)) - dd6dae7b-c4a9-4a16-a5ce-973fa036779e@group-CE229A59640D-LeaderElection25: PRE_VOTE PASSED received 1 response(s) and 0 exception(s):
2023-06-02 05:15:38,330 [dd6dae7b-c4a9-4a16-a5ce-973fa036779e@group-CE229A59640D-LeaderElection25] INFO  impl.LeaderElection (LeaderElection.java:logAndReturn(94)) -   Response 0: dd6dae7b-c4a9-4a16-a5ce-973fa036779e<-f6a83548-c013-4f74-9c0e-0b5a922fe81f#0:OK-t0
2023-06-02 05:15:38,330 [dd6dae7b-c4a9-4a16-a5ce-973fa036779e@group-CE229A59640D-LeaderElection25] INFO  impl.LeaderElection (LeaderElection.java:askForVotes(323)) - dd6dae7b-c4a9-4a16-a5ce-973fa036779e@group-CE229A59640D-LeaderElection25 PRE_VOTE round 0: result PASSED
2023-06-02 05:15:38,332 [dd6dae7b-c4a9-4a16-a5ce-973fa036779e@group-CE229A59640D-LeaderElection25] INFO  impl.LeaderElection (LeaderElection.java:askForVotes(321)) - dd6dae7b-c4a9-4a16-a5ce-973fa036779e@group-CE229A59640D-LeaderElection25 ELECTION round 0: submit vote requests at term 1 for -1: peers:[dd6dae7b-c4a9-4a16-a5ce-973fa036779e|rpc:10.1.74.1:15095|admin:10.1.74.1:15094|client:10.1.74.1:15093|dataStream:10.1.74.1:15096|priority:1|startupRole:FOLLOWER, af4b945e-05c9-4c95-92ea-ec296ba0645f|rpc:10.1.74.1:15113|admin:10.1.74.1:15112|client:10.1.74.1:15111|dataStream:10.1.74.1:15114|priority:0|startupRole:FOLLOWER, f6a83548-c013-4f74-9c0e-0b5a922fe81f|rpc:10.1.74.1:15104|admin:10.1.74.1:15103|client:10.1.74.1:15102|dataStream:10.1.74.1:15105|priority:0|startupRole:FOLLOWER]|listeners:[], old=null
2023-06-02 05:15:38,337 [grpc-default-executor-1] INFO  server.RaftServer$Division (RaftServerImpl.java:requestVote(1302)) - af4b945e-05c9-4c95-92ea-ec296ba0645f@group-CE229A59640D: receive requestVote(PRE_VOTE, dd6dae7b-c4a9-4a16-a5ce-973fa036779e, group-CE229A59640D, 0, (t:0, i:0))
2023-06-02 05:15:38,338 [grpc-default-executor-1] INFO  impl.VoteContext (VoteContext.java:log(49)) - af4b945e-05c9-4c95-92ea-ec296ba0645f@group-CE229A59640D-FOLLOWER: accept PRE_VOTE from dd6dae7b-c4a9-4a16-a5ce-973fa036779e: our priority 0 <= candidate's priority 1
2023-06-02 05:15:38,338 [grpc-default-executor-1] INFO  server.RaftServer$Division (RaftServerImpl.java:requestVote(1335)) - af4b945e-05c9-4c95-92ea-ec296ba0645f@group-CE229A59640D replies to PRE_VOTE vote request: dd6dae7b-c4a9-4a16-a5ce-973fa036779e<-af4b945e-05c9-4c95-92ea-ec296ba0645f#0:OK-t0. Peer's state: af4b945e-05c9-4c95-92ea-ec296ba0645f@group-CE229A59640D:t0, leader=null, voted=, raftlog=Memoized:af4b945e-05c9-4c95-92ea-ec296ba0645f@group-CE229A59640D-SegmentedRaftLog:OPENED:c-1, conf=-1: peers:[dd6dae7b-c4a9-4a16-a5ce-973fa036779e|rpc:10.1.74.1:15095|admin:10.1.74.1:15094|client:10.1.74.1:15093|dataStream:10.1.74.1:15096|priority:1|startupRole:FOLLOWER, af4b945e-05c9-4c95-92ea-ec296ba0645f|rpc:10.1.74.1:15113|admin:10.1.74.1:15112|client:10.1.74.1:15111|dataStream:10.1.74.1:15114|priority:0|startupRole:FOLLOWER, f6a83548-c013-4f74-9c0e-0b5a922fe81f|rpc:10.1.74.1:15104|admin:10.1.74.1:15103|client:10.1.74.1:15102|dataStream:10.1.74.1:15105|priority:0|startupRole:FOLLOWER]|listeners:[], old=null
2023-06-02 05:15:38,339 [grpc-default-executor-1] INFO  server.RaftServer$Division (RaftServerImpl.java:requestVote(1302)) - af4b945e-05c9-4c95-92ea-ec296ba0645f@group-CE229A59640D: receive requestVote(ELECTION, dd6dae7b-c4a9-4a16-a5ce-973fa036779e, group-CE229A59640D, 1, (t:0, i:0))
2023-06-02 05:15:38,339 [grpc-default-executor-1] INFO  impl.VoteContext (VoteContext.java:log(49)) - af4b945e-05c9-4c95-92ea-ec296ba0645f@group-CE229A59640D-FOLLOWER: accept ELECTION from dd6dae7b-c4a9-4a16-a5ce-973fa036779e: our priority 0 <= candidate's priority 1
2023-06-02 05:15:38,339 [grpc-default-executor-1] INFO  server.RaftServer$Division (RaftServerImpl.java:setRole(329)) - af4b945e-05c9-4c95-92ea-ec296ba0645f@group-CE229A59640D: changes role from  FOLLOWER to FOLLOWER at term 1 for candidate:dd6dae7b-c4a9-4a16-a5ce-973fa036779e
2023-06-02 05:15:38,339 [grpc-default-executor-1] INFO  impl.RoleInfo (RoleInfo.java:shutdownFollowerState(110)) - af4b945e-05c9-4c95-92ea-ec296ba0645f: shutdown af4b945e-05c9-4c95-92ea-ec296ba0645f@group-CE229A59640D-FollowerState
2023-06-02 05:15:38,342 [dd6dae7b-c4a9-4a16-a5ce-973fa036779e@group-CE229A59640D-LeaderElection25] INFO  server.RaftServerConfigKeys (ConfUtils.java:logFallback(53)) - raft.server.rpc.first-election.timeout.min = 5s (fallback to raft.server.rpc.timeout.min)
2023-06-02 05:15:38,342 [dd6dae7b-c4a9-4a16-a5ce-973fa036779e@group-CE229A59640D-LeaderElection25] INFO  server.RaftServerConfigKeys (ConfUtils.java:logFallback(53)) - raft.server.rpc.first-election.timeout.max = 5200ms (fallback to raft.server.rpc.timeout.max)
2023-06-02 05:15:38,342 [grpc-default-executor-1] INFO  impl.RoleInfo (RoleInfo.java:updateAndGet(139)) - af4b945e-05c9-4c95-92ea-ec296ba0645f: start af4b945e-05c9-4c95-92ea-ec296ba0645f@group-CE229A59640D-FollowerState
2023-06-02 05:15:38,342 [af4b945e-05c9-4c95-92ea-ec296ba0645f@group-CE229A59640D-FollowerState] INFO  impl.FollowerState (FollowerState.java:run(152)) - af4b945e-05c9-4c95-92ea-ec296ba0645f@group-CE229A59640D-FollowerState was interrupted
2023-06-02 05:15:38,343 [grpc-default-executor-2] INFO  server.RaftServer$Division (RaftServerImpl.java:requestVote(1302)) - f6a83548-c013-4f74-9c0e-0b5a922fe81f@group-CE229A59640D: receive requestVote(ELECTION, dd6dae7b-c4a9-4a16-a5ce-973fa036779e, group-CE229A59640D, 1, (t:0, i:0))
2023-06-02 05:15:38,351 [grpc-default-executor-2] INFO  impl.VoteContext (VoteContext.java:log(49)) - f6a83548-c013-4f74-9c0e-0b5a922fe81f@group-CE229A59640D-FOLLOWER: accept ELECTION from dd6dae7b-c4a9-4a16-a5ce-973fa036779e: our priority 0 <= candidate's priority 1
2023-06-02 05:15:38,351 [grpc-default-executor-2] INFO  server.RaftServer$Division (RaftServerImpl.java:setRole(329)) - f6a83548-c013-4f74-9c0e-0b5a922fe81f@group-CE229A59640D: changes role from  FOLLOWER to FOLLOWER at term 1 for candidate:dd6dae7b-c4a9-4a16-a5ce-973fa036779e
2023-06-02 05:15:38,352 [grpc-default-executor-2] INFO  impl.RoleInfo (RoleInfo.java:shutdownFollowerState(110)) - f6a83548-c013-4f74-9c0e-0b5a922fe81f: shutdown f6a83548-c013-4f74-9c0e-0b5a922fe81f@group-CE229A59640D-FollowerState
2023-06-02 05:15:38,352 [grpc-default-executor-2] INFO  impl.RoleInfo (RoleInfo.java:updateAndGet(139)) - f6a83548-c013-4f74-9c0e-0b5a922fe81f: start f6a83548-c013-4f74-9c0e-0b5a922fe81f@group-CE229A59640D-FollowerState
2023-06-02 05:15:38,352 [f6a83548-c013-4f74-9c0e-0b5a922fe81f@group-CE229A59640D-FollowerState] INFO  impl.FollowerState (FollowerState.java:run(152)) - f6a83548-c013-4f74-9c0e-0b5a922fe81f@group-CE229A59640D-FollowerState was interrupted
2023-06-02 05:15:38,352 [grpc-default-executor-1] INFO  server.RaftServer$Division (RaftServerImpl.java:requestVote(1335)) - af4b945e-05c9-4c95-92ea-ec296ba0645f@group-CE229A59640D replies to ELECTION vote request: dd6dae7b-c4a9-4a16-a5ce-973fa036779e<-af4b945e-05c9-4c95-92ea-ec296ba0645f#0:OK-t1. Peer's state: af4b945e-05c9-4c95-92ea-ec296ba0645f@group-CE229A59640D:t1, leader=null, voted=dd6dae7b-c4a9-4a16-a5ce-973fa036779e, raftlog=Memoized:af4b945e-05c9-4c95-92ea-ec296ba0645f@group-CE229A59640D-SegmentedRaftLog:OPENED:c-1, conf=-1: peers:[dd6dae7b-c4a9-4a16-a5ce-973fa036779e|rpc:10.1.74.1:15095|admin:10.1.74.1:15094|client:10.1.74.1:15093|dataStream:10.1.74.1:15096|priority:1|startupRole:FOLLOWER, af4b945e-05c9-4c95-92ea-ec296ba0645f|rpc:10.1.74.1:15113|admin:10.1.74.1:15112|client:10.1.74.1:15111|dataStream:10.1.74.1:15114|priority:0|startupRole:FOLLOWER, f6a83548-c013-4f74-9c0e-0b5a922fe81f|rpc:10.1.74.1:15104|admin:10.1.74.1:15103|client:10.1.74.1:15102|dataStream:10.1.74.1:15105|priority:0|startupRole:FOLLOWER]|listeners:[], old=null
2023-06-02 05:15:38,353 [dd6dae7b-c4a9-4a16-a5ce-973fa036779e@group-CE229A59640D-LeaderElection25] INFO  impl.LeaderElection (LeaderElection.java:logAndReturn(90)) - dd6dae7b-c4a9-4a16-a5ce-973fa036779e@group-CE229A59640D-LeaderElection25: ELECTION PASSED received 1 response(s) and 0 exception(s):
2023-06-02 05:15:38,354 [dd6dae7b-c4a9-4a16-a5ce-973fa036779e@group-CE229A59640D-LeaderElection25] INFO  impl.LeaderElection (LeaderElection.java:logAndReturn(94)) -   Response 0: dd6dae7b-c4a9-4a16-a5ce-973fa036779e<-af4b945e-05c9-4c95-92ea-ec296ba0645f#0:OK-t1
2023-06-02 05:15:38,354 [dd6dae7b-c4a9-4a16-a5ce-973fa036779e@group-CE229A59640D-LeaderElection25] INFO  impl.LeaderElection (LeaderElection.java:askForVotes(323)) - dd6dae7b-c4a9-4a16-a5ce-973fa036779e@group-CE229A59640D-LeaderElection25 ELECTION round 0: result PASSED
2023-06-02 05:15:38,354 [dd6dae7b-c4a9-4a16-a5ce-973fa036779e@group-CE229A59640D-LeaderElection25] INFO  impl.RoleInfo (RoleInfo.java:shutdownLeaderElection(130)) - dd6dae7b-c4a9-4a16-a5ce-973fa036779e: shutdown dd6dae7b-c4a9-4a16-a5ce-973fa036779e@group-CE229A59640D-LeaderElection25
2023-06-02 05:15:38,354 [dd6dae7b-c4a9-4a16-a5ce-973fa036779e@group-CE229A59640D-LeaderElection25] INFO  server.RaftServer$Division (RaftServerImpl.java:setRole(329)) - dd6dae7b-c4a9-4a16-a5ce-973fa036779e@group-CE229A59640D: changes role from CANDIDATE to LEADER at term 1 for changeToLeader
2023-06-02 05:15:38,354 [dd6dae7b-c4a9-4a16-a5ce-973fa036779e@group-CE229A59640D-LeaderElection25] INFO  ratis.XceiverServerRatis (XceiverServerRatis.java:handleLeaderChangedNotification(902)) - Leader change notification received for group: group-CE229A59640D with new leaderId: dd6dae7b-c4a9-4a16-a5ce-973fa036779e
2023-06-02 05:15:38,354 [dd6dae7b-c4a9-4a16-a5ce-973fa036779e@group-CE229A59640D-LeaderElection25] INFO  server.RaftServer$Division (ServerState.java:setLeader(317)) - dd6dae7b-c4a9-4a16-a5ce-973fa036779e@group-CE229A59640D: change Leader from null to dd6dae7b-c4a9-4a16-a5ce-973fa036779e at term 1 for becomeLeader, leader elected after 5515ms
2023-06-02 05:15:38,354 [dd6dae7b-c4a9-4a16-a5ce-973fa036779e@group-CE229A59640D-LeaderElection25] INFO  server.RaftServerConfigKeys (ConfUtils.java:logGet(46)) - raft.server.staging.catchup.gap = 1000 (default)
2023-06-02 05:15:38,354 [dd6dae7b-c4a9-4a16-a5ce-973fa036779e@group-CE229A59640D-LeaderElection25] INFO  server.RaftServerConfigKeys (ConfUtils.java:logGet(46)) - raft.server.write.element-limit = 1024 (custom)
2023-06-02 05:15:38,354 [dd6dae7b-c4a9-4a16-a5ce-973fa036779e@group-CE229A59640D-LeaderElection25] INFO  server.RaftServerConfigKeys (ConfUtils.java:logGet(46)) - raft.server.write.byte-limit = 1024 M (=1073741824) (custom)
2023-06-02 05:15:38,355 [dd6dae7b-c4a9-4a16-a5ce-973fa036779e@group-CE229A59640D-LeaderElection25] INFO  server.RaftServerConfigKeys (ConfUtils.java:logGet(46)) - raft.server.watch.timeout = 180s (custom)
2023-06-02 05:15:38,355 [dd6dae7b-c4a9-4a16-a5ce-973fa036779e@group-CE229A59640D-LeaderElection25] INFO  server.RaftServerConfigKeys (ConfUtils.java:logGet(46)) - raft.server.watch.timeout.denomination = 1s (default)
2023-06-02 05:15:38,355 [dd6dae7b-c4a9-4a16-a5ce-973fa036779e@group-CE229A59640D-LeaderElection25] INFO  server.RaftServerConfigKeys (ConfUtils.java:logGet(46)) - raft.server.watch.element-limit = 65536 (default)
2023-06-02 05:15:38,355 [dd6dae7b-c4a9-4a16-a5ce-973fa036779e@group-CE229A59640D-LeaderElection25] INFO  server.RaftServerConfigKeys (ConfUtils.java:logGet(46)) - raft.server.write.element-limit = 1024 (custom)
2023-06-02 05:15:38,355 [dd6dae7b-c4a9-4a16-a5ce-973fa036779e@group-CE229A59640D-LeaderElection25] INFO  server.RaftServerConfigKeys (ConfUtils.java:logGet(46)) - raft.server.write.follower.gap.ratio.max = -1.0 (default)
2023-06-02 05:15:38,356 [dd6dae7b-c4a9-4a16-a5ce-973fa036779e@group-CE229A59640D-LeaderElection25] INFO  server.RaftServerConfigKeys (ConfUtils.java:logGet(46)) - raft.server.log.appender.snapshot.chunk.size.max = 16MB (=16777216) (default)
2023-06-02 05:15:38,356 [dd6dae7b-c4a9-4a16-a5ce-973fa036779e@group-CE229A59640D-LeaderElection25] INFO  server.RaftServerConfigKeys (ConfUtils.java:logGet(46)) - raft.server.log.appender.buffer.byte-limit = 33554432 (custom)
2023-06-02 05:15:38,356 [dd6dae7b-c4a9-4a16-a5ce-973fa036779e@group-CE229A59640D-LeaderElection25] INFO  server.RaftServerConfigKeys (ConfUtils.java:logGet(46)) - raft.server.log.appender.buffer.element-limit = 1 (custom)
2023-06-02 05:15:38,356 [dd6dae7b-c4a9-4a16-a5ce-973fa036779e@group-CE229A59640D-LeaderElection25] INFO  server.RaftServerConfigKeys (ConfUtils.java:logGet(46)) - raft.server.log.appender.wait-time.min = 10ms (default)
2023-06-02 05:15:38,356 [dd6dae7b-c4a9-4a16-a5ce-973fa036779e@group-CE229A59640D-LeaderElection25] INFO  grpc.GrpcConfigKeys (ConfUtils.java:logGet(46)) - raft.grpc.server.leader.outstanding.appends.max = 128 (default)
2023-06-02 05:15:38,356 [dd6dae7b-c4a9-4a16-a5ce-973fa036779e@group-CE229A59640D-LeaderElection25] INFO  server.RaftServerConfigKeys (ConfUtils.java:logGet(46)) - raft.server.rpc.request.timeout = 60s (custom)
2023-06-02 05:15:38,356 [dd6dae7b-c4a9-4a16-a5ce-973fa036779e@group-CE229A59640D-LeaderElection25] INFO  grpc.GrpcConfigKeys (ConfUtils.java:logGet(46)) - raft.grpc.server.install_snapshot.request.element-limit = 8 (default)
2023-06-02 05:15:38,357 [dd6dae7b-c4a9-4a16-a5ce-973fa036779e@group-CE229A59640D-LeaderElection25] INFO  grpc.GrpcConfigKeys (ConfUtils.java:logGet(46)) - raft.grpc.server.install_snapshot.request.timeout = 3000ms (default)
2023-06-02 05:15:38,357 [dd6dae7b-c4a9-4a16-a5ce-973fa036779e@group-CE229A59640D-LeaderElection25] INFO  server.RaftServerConfigKeys (ConfUtils.java:logGet(46)) - raft.server.log.appender.install.snapshot.enabled = false (custom)
2023-06-02 05:15:38,357 [dd6dae7b-c4a9-4a16-a5ce-973fa036779e@group-CE229A59640D-LeaderElection25] INFO  grpc.GrpcConfigKeys (ConfUtils.java:logGet(46)) - raft.grpc.server.heartbeat.channel = true (default)
2023-06-02 05:15:38,357 [grpc-default-executor-2] INFO  server.RaftServer$Division (RaftServerImpl.java:requestVote(1335)) - f6a83548-c013-4f74-9c0e-0b5a922fe81f@group-CE229A59640D replies to ELECTION vote request: dd6dae7b-c4a9-4a16-a5ce-973fa036779e<-f6a83548-c013-4f74-9c0e-0b5a922fe81f#0:OK-t1. Peer's state: f6a83548-c013-4f74-9c0e-0b5a922fe81f@group-CE229A59640D:t1, leader=null, voted=dd6dae7b-c4a9-4a16-a5ce-973fa036779e, raftlog=Memoized:f6a83548-c013-4f74-9c0e-0b5a922fe81f@group-CE229A59640D-SegmentedRaftLog:OPENED:c-1, conf=-1: peers:[dd6dae7b-c4a9-4a16-a5ce-973fa036779e|rpc:10.1.74.1:15095|admin:10.1.74.1:15094|client:10.1.74.1:15093|dataStream:10.1.74.1:15096|priority:1|startupRole:FOLLOWER, af4b945e-05c9-4c95-92ea-ec296ba0645f|rpc:10.1.74.1:15113|admin:10.1.74.1:15112|client:10.1.74.1:15111|dataStream:10.1.74.1:15114|priority:0|startupRole:FOLLOWER, f6a83548-c013-4f74-9c0e-0b5a922fe81f|rpc:10.1.74.1:15104|admin:10.1.74.1:15103|client:10.1.74.1:15102|dataStream:10.1.74.1:15105|priority:0|startupRole:FOLLOWER]|listeners:[], old=null
2023-06-02 05:15:38,359 [EventQueue-PipelineReportForPipelineReportHandler] INFO  pipeline.PipelineManagerImpl (PipelineManagerImpl.java:openPipeline(367)) - Pipeline Pipeline[ Id: d0d23509-e827-4488-bfc7-ce229a59640d, Nodes: f6a83548-c013-4f74-9c0e-0b5a922fe81f(fv-az628-647/10.1.74.1)af4b945e-05c9-4c95-92ea-ec296ba0645f(fv-az628-647/10.1.74.1)dd6dae7b-c4a9-4a16-a5ce-973fa036779e(fv-az628-647/10.1.74.1), ReplicationConfig: RATIS/THREE, State:ALLOCATED, leaderId:dd6dae7b-c4a9-4a16-a5ce-973fa036779e, CreationTimestamp2023-06-02T05:15:30.801Z[Etc/UTC]] moved to OPEN state
2023-06-02 05:15:38,360 [dd6dae7b-c4a9-4a16-a5ce-973fa036779e@group-CE229A59640D-LeaderElection25] INFO  server.RaftServerConfigKeys (ConfUtils.java:logGet(46)) - raft.server.log.appender.snapshot.chunk.size.max = 16MB (=16777216) (default)
2023-06-02 05:15:38,360 [dd6dae7b-c4a9-4a16-a5ce-973fa036779e@group-CE229A59640D-LeaderElection25] INFO  server.RaftServerConfigKeys (ConfUtils.java:logGet(46)) - raft.server.log.appender.buffer.byte-limit = 33554432 (custom)
2023-06-02 05:15:38,360 [dd6dae7b-c4a9-4a16-a5ce-973fa036779e@group-CE229A59640D-LeaderElection25] INFO  server.RaftServerConfigKeys (ConfUtils.java:logGet(46)) - raft.server.log.appender.buffer.element-limit = 1 (custom)
2023-06-02 05:15:38,360 [dd6dae7b-c4a9-4a16-a5ce-973fa036779e@group-CE229A59640D-LeaderElection25] INFO  server.RaftServerConfigKeys (ConfUtils.java:logGet(46)) - raft.server.log.appender.wait-time.min = 10ms (default)
2023-06-02 05:15:38,360 [dd6dae7b-c4a9-4a16-a5ce-973fa036779e@group-CE229A59640D-LeaderElection25] INFO  grpc.GrpcConfigKeys (ConfUtils.java:logGet(46)) - raft.grpc.server.leader.outstanding.appends.max = 128 (default)
2023-06-02 05:15:38,360 [dd6dae7b-c4a9-4a16-a5ce-973fa036779e@group-CE229A59640D-LeaderElection25] INFO  server.RaftServerConfigKeys (ConfUtils.java:logGet(46)) - raft.server.rpc.request.timeout = 60s (custom)
2023-06-02 05:15:38,360 [dd6dae7b-c4a9-4a16-a5ce-973fa036779e@group-CE229A59640D-LeaderElection25] INFO  grpc.GrpcConfigKeys (ConfUtils.java:logGet(46)) - raft.grpc.server.install_snapshot.request.element-limit = 8 (default)
2023-06-02 05:15:38,361 [dd6dae7b-c4a9-4a16-a5ce-973fa036779e@group-CE229A59640D-LeaderElection25] INFO  grpc.GrpcConfigKeys (ConfUtils.java:logGet(46)) - raft.grpc.server.install_snapshot.request.timeout = 3000ms (default)
2023-06-02 05:15:38,361 [dd6dae7b-c4a9-4a16-a5ce-973fa036779e@group-CE229A59640D-LeaderElection25] INFO  server.RaftServerConfigKeys (ConfUtils.java:logGet(46)) - raft.server.log.appender.install.snapshot.enabled = false (custom)
2023-06-02 05:15:38,361 [dd6dae7b-c4a9-4a16-a5ce-973fa036779e@group-CE229A59640D-LeaderElection25] INFO  grpc.GrpcConfigKeys (ConfUtils.java:logGet(46)) - raft.grpc.server.heartbeat.channel = true (default)
2023-06-02 05:15:38,361 [dd6dae7b-c4a9-4a16-a5ce-973fa036779e@group-CE229A59640D-LeaderElection25] INFO  impl.RoleInfo (RoleInfo.java:updateAndGet(139)) - dd6dae7b-c4a9-4a16-a5ce-973fa036779e: start dd6dae7b-c4a9-4a16-a5ce-973fa036779e@group-CE229A59640D-LeaderStateImpl
2023-06-02 05:15:38,361 [dd6dae7b-c4a9-4a16-a5ce-973fa036779e@group-CE229A59640D-LeaderElection25] INFO  segmented.SegmentedRaftLogWorker (SegmentedRaftLogWorker.java:startLogSegment(447)) - dd6dae7b-c4a9-4a16-a5ce-973fa036779e@group-CE229A59640D-SegmentedRaftLogWorker: Starting segment from index:0
2023-06-02 05:15:38,363 [dd6dae7b-c4a9-4a16-a5ce-973fa036779e@group-CE229A59640D-SegmentedRaftLogWorker] INFO  segmented.SegmentedRaftLogWorker (SegmentedRaftLogWorker.java:execute(651)) - dd6dae7b-c4a9-4a16-a5ce-973fa036779e@group-CE229A59640D-SegmentedRaftLogWorker: created new log segment /home/runner/work/ozone/ozone/hadoop-ozone/integration-test/target/test-dir/MiniOzoneClusterImpl-4e6c5432-da36-405d-b7f1-05871ead9573/datanode-9/data/ratis/d0d23509-e827-4488-bfc7-ce229a59640d/current/log_inprogress_0
2023-06-02 05:15:38,369 [dd6dae7b-c4a9-4a16-a5ce-973fa036779e@group-CE229A59640D-LeaderElection25] INFO  server.RaftServer$Division (ServerState.java:setRaftConf(434)) - dd6dae7b-c4a9-4a16-a5ce-973fa036779e@group-CE229A59640D: set configuration 0: peers:[dd6dae7b-c4a9-4a16-a5ce-973fa036779e|rpc:10.1.74.1:15095|admin:10.1.74.1:15094|client:10.1.74.1:15093|dataStream:10.1.74.1:15096|priority:1|startupRole:FOLLOWER, af4b945e-05c9-4c95-92ea-ec296ba0645f|rpc:10.1.74.1:15113|admin:10.1.74.1:15112|client:10.1.74.1:15111|dataStream:10.1.74.1:15114|priority:0|startupRole:FOLLOWER, f6a83548-c013-4f74-9c0e-0b5a922fe81f|rpc:10.1.74.1:15104|admin:10.1.74.1:15103|client:10.1.74.1:15102|dataStream:10.1.74.1:15105|priority:0|startupRole:FOLLOWER]|listeners:[], old=null
2023-06-02 05:15:38,394 [f6a83548-c013-4f74-9c0e-0b5a922fe81f-server-thread2] INFO  ratis.XceiverServerRatis (XceiverServerRatis.java:handleLeaderChangedNotification(902)) - Leader change notification received for group: group-CE229A59640D with new leaderId: dd6dae7b-c4a9-4a16-a5ce-973fa036779e
2023-06-02 05:15:38,394 [f6a83548-c013-4f74-9c0e-0b5a922fe81f-server-thread2] INFO  server.RaftServer$Division (ServerState.java:setLeader(317)) - f6a83548-c013-4f74-9c0e-0b5a922fe81f@group-CE229A59640D: change Leader from null to dd6dae7b-c4a9-4a16-a5ce-973fa036779e at term 1 for appendEntries, leader elected after 5063ms
2023-06-02 05:15:38,398 [af4b945e-05c9-4c95-92ea-ec296ba0645f-server-thread1] INFO  ratis.XceiverServerRatis (XceiverServerRatis.java:handleLeaderChangedNotification(902)) - Leader change notification received for group: group-CE229A59640D with new leaderId: dd6dae7b-c4a9-4a16-a5ce-973fa036779e
2023-06-02 05:15:38,398 [af4b945e-05c9-4c95-92ea-ec296ba0645f-server-thread1] INFO  server.RaftServer$Division (ServerState.java:setLeader(317)) - af4b945e-05c9-4c95-92ea-ec296ba0645f@group-CE229A59640D: change Leader from null to dd6dae7b-c4a9-4a16-a5ce-973fa036779e at term 1 for appendEntries, leader elected after 5002ms
2023-06-02 05:15:38,399 [af4b945e-05c9-4c95-92ea-ec296ba0645f-server-thread1] INFO  server.RaftServer$Division (ServerState.java:setRaftConf(434)) - af4b945e-05c9-4c95-92ea-ec296ba0645f@group-CE229A59640D: set configuration 0: peers:[dd6dae7b-c4a9-4a16-a5ce-973fa036779e|rpc:10.1.74.1:15095|admin:10.1.74.1:15094|client:10.1.74.1:15093|dataStream:10.1.74.1:15096|priority:1|startupRole:FOLLOWER, af4b945e-05c9-4c95-92ea-ec296ba0645f|rpc:10.1.74.1:15113|admin:10.1.74.1:15112|client:10.1.74.1:15111|dataStream:10.1.74.1:15114|priority:0|startupRole:FOLLOWER, f6a83548-c013-4f74-9c0e-0b5a922fe81f|rpc:10.1.74.1:15104|admin:10.1.74.1:15103|client:10.1.74.1:15102|dataStream:10.1.74.1:15105|priority:0|startupRole:FOLLOWER]|listeners:[], old=null
2023-06-02 05:15:38,401 [af4b945e-05c9-4c95-92ea-ec296ba0645f-server-thread1] INFO  segmented.SegmentedRaftLogWorker (SegmentedRaftLogWorker.java:startLogSegment(447)) - af4b945e-05c9-4c95-92ea-ec296ba0645f@group-CE229A59640D-SegmentedRaftLogWorker: Starting segment from index:0
2023-06-02 05:15:38,403 [f6a83548-c013-4f74-9c0e-0b5a922fe81f-server-thread2] INFO  server.RaftServer$Division (ServerState.java:setRaftConf(434)) - f6a83548-c013-4f74-9c0e-0b5a922fe81f@group-CE229A59640D: set configuration 0: peers:[dd6dae7b-c4a9-4a16-a5ce-973fa036779e|rpc:10.1.74.1:15095|admin:10.1.74.1:15094|client:10.1.74.1:15093|dataStream:10.1.74.1:15096|priority:1|startupRole:FOLLOWER, af4b945e-05c9-4c95-92ea-ec296ba0645f|rpc:10.1.74.1:15113|admin:10.1.74.1:15112|client:10.1.74.1:15111|dataStream:10.1.74.1:15114|priority:0|startupRole:FOLLOWER, f6a83548-c013-4f74-9c0e-0b5a922fe81f|rpc:10.1.74.1:15104|admin:10.1.74.1:15103|client:10.1.74.1:15102|dataStream:10.1.74.1:15105|priority:0|startupRole:FOLLOWER]|listeners:[], old=null
2023-06-02 05:15:38,403 [af4b945e-05c9-4c95-92ea-ec296ba0645f@group-CE229A59640D-SegmentedRaftLogWorker] INFO  segmented.SegmentedRaftLogWorker (SegmentedRaftLogWorker.java:execute(651)) - af4b945e-05c9-4c95-92ea-ec296ba0645f@group-CE229A59640D-SegmentedRaftLogWorker: created new log segment /home/runner/work/ozone/ozone/hadoop-ozone/integration-test/target/test-dir/MiniOzoneClusterImpl-4e6c5432-da36-405d-b7f1-05871ead9573/datanode-11/data/ratis/d0d23509-e827-4488-bfc7-ce229a59640d/current/log_inprogress_0
2023-06-02 05:15:38,406 [f6a83548-c013-4f74-9c0e-0b5a922fe81f-server-thread2] INFO  segmented.SegmentedRaftLogWorker (SegmentedRaftLogWorker.java:startLogSegment(447)) - f6a83548-c013-4f74-9c0e-0b5a922fe81f@group-CE229A59640D-SegmentedRaftLogWorker: Starting segment from index:0
2023-06-02 05:15:38,420 [f6a83548-c013-4f74-9c0e-0b5a922fe81f@group-CE229A59640D-SegmentedRaftLogWorker] INFO  segmented.SegmentedRaftLogWorker (SegmentedRaftLogWorker.java:execute(651)) - f6a83548-c013-4f74-9c0e-0b5a922fe81f@group-CE229A59640D-SegmentedRaftLogWorker: created new log segment /home/runner/work/ozone/ozone/hadoop-ozone/integration-test/target/test-dir/MiniOzoneClusterImpl-4e6c5432-da36-405d-b7f1-05871ead9573/datanode-10/data/ratis/d0d23509-e827-4488-bfc7-ce229a59640d/current/log_inprogress_0
2023-06-02 05:15:38,570 [dd6dae7b-c4a9-4a16-a5ce-973fa036779e@group-15729F2E584F-FollowerState] INFO  impl.FollowerState (FollowerState.java:run(143)) - dd6dae7b-c4a9-4a16-a5ce-973fa036779e@group-15729F2E584F-FollowerState: change to CANDIDATE, lastRpcElapsedTime:5099973855ns, electionTimeout:5098ms
2023-06-02 05:15:38,570 [dd6dae7b-c4a9-4a16-a5ce-973fa036779e@group-15729F2E584F-FollowerState] INFO  impl.RoleInfo (RoleInfo.java:shutdownFollowerState(110)) - dd6dae7b-c4a9-4a16-a5ce-973fa036779e: shutdown dd6dae7b-c4a9-4a16-a5ce-973fa036779e@group-15729F2E584F-FollowerState
2023-06-02 05:15:38,570 [dd6dae7b-c4a9-4a16-a5ce-973fa036779e@group-15729F2E584F-FollowerState] INFO  server.RaftServer$Division (RaftServerImpl.java:setRole(329)) - dd6dae7b-c4a9-4a16-a5ce-973fa036779e@group-15729F2E584F: changes role from  FOLLOWER to CANDIDATE at term 0 for changeToCandidate
2023-06-02 05:15:38,570 [dd6dae7b-c4a9-4a16-a5ce-973fa036779e@group-15729F2E584F-FollowerState] INFO  server.RaftServerConfigKeys (ConfUtils.java:logGet(46)) - raft.server.leaderelection.pre-vote = true (default)
2023-06-02 05:15:38,570 [dd6dae7b-c4a9-4a16-a5ce-973fa036779e@group-15729F2E584F-FollowerState] INFO  impl.RoleInfo (RoleInfo.java:updateAndGet(139)) - dd6dae7b-c4a9-4a16-a5ce-973fa036779e: start dd6dae7b-c4a9-4a16-a5ce-973fa036779e@group-15729F2E584F-LeaderElection26
2023-06-02 05:15:38,573 [dd6dae7b-c4a9-4a16-a5ce-973fa036779e@group-15729F2E584F-LeaderElection26] INFO  impl.LeaderElection (LeaderElection.java:askForVotes(321)) - dd6dae7b-c4a9-4a16-a5ce-973fa036779e@group-15729F2E584F-LeaderElection26 PRE_VOTE round 0: submit vote requests at term 0 for -1: peers:[dd6dae7b-c4a9-4a16-a5ce-973fa036779e|rpc:10.1.74.1:15095|admin:10.1.74.1:15094|client:10.1.74.1:15093|dataStream:10.1.74.1:15096|priority:0|startupRole:FOLLOWER, af4b945e-05c9-4c95-92ea-ec296ba0645f|rpc:10.1.74.1:15113|admin:10.1.74.1:15112|client:10.1.74.1:15111|dataStream:10.1.74.1:15114|priority:0|startupRole:FOLLOWER, f6a83548-c013-4f74-9c0e-0b5a922fe81f|rpc:10.1.74.1:15104|admin:10.1.74.1:15103|client:10.1.74.1:15102|dataStream:10.1.74.1:15105|priority:1|startupRole:FOLLOWER]|listeners:[], old=null
2023-06-02 05:15:38,576 [dd6dae7b-c4a9-4a16-a5ce-973fa036779e@group-15729F2E584F-LeaderElection26] INFO  server.RaftServerConfigKeys (ConfUtils.java:logFallback(53)) - raft.server.rpc.first-election.timeout.min = 5s (fallback to raft.server.rpc.timeout.min)
2023-06-02 05:15:38,576 [grpc-default-executor-4] INFO  server.RaftServer$Division (RaftServerImpl.java:requestVote(1302)) - af4b945e-05c9-4c95-92ea-ec296ba0645f@group-15729F2E584F: receive requestVote(PRE_VOTE, dd6dae7b-c4a9-4a16-a5ce-973fa036779e, group-15729F2E584F, 0, (t:0, i:0))
2023-06-02 05:15:38,576 [dd6dae7b-c4a9-4a16-a5ce-973fa036779e@group-15729F2E584F-LeaderElection26] INFO  server.RaftServerConfigKeys (ConfUtils.java:logFallback(53)) - raft.server.rpc.first-election.timeout.max = 5200ms (fallback to raft.server.rpc.timeout.max)
2023-06-02 05:15:38,576 [grpc-default-executor-4] INFO  impl.VoteContext (VoteContext.java:log(49)) - af4b945e-05c9-4c95-92ea-ec296ba0645f@group-15729F2E584F-FOLLOWER: accept PRE_VOTE from dd6dae7b-c4a9-4a16-a5ce-973fa036779e: our priority 0 <= candidate's priority 0
2023-06-02 05:15:38,576 [grpc-default-executor-4] INFO  server.RaftServer$Division (RaftServerImpl.java:requestVote(1335)) - af4b945e-05c9-4c95-92ea-ec296ba0645f@group-15729F2E584F replies to PRE_VOTE vote request: dd6dae7b-c4a9-4a16-a5ce-973fa036779e<-af4b945e-05c9-4c95-92ea-ec296ba0645f#0:OK-t0. Peer's state: af4b945e-05c9-4c95-92ea-ec296ba0645f@group-15729F2E584F:t0, leader=null, voted=, raftlog=Memoized:af4b945e-05c9-4c95-92ea-ec296ba0645f@group-15729F2E584F-SegmentedRaftLog:OPENED:c-1, conf=-1: peers:[dd6dae7b-c4a9-4a16-a5ce-973fa036779e|rpc:10.1.74.1:15095|admin:10.1.74.1:15094|client:10.1.74.1:15093|dataStream:10.1.74.1:15096|priority:0|startupRole:FOLLOWER, af4b945e-05c9-4c95-92ea-ec296ba0645f|rpc:10.1.74.1:15113|admin:10.1.74.1:15112|client:10.1.74.1:15111|dataStream:10.1.74.1:15114|priority:0|startupRole:FOLLOWER, f6a83548-c013-4f74-9c0e-0b5a922fe81f|rpc:10.1.74.1:15104|admin:10.1.74.1:15103|client:10.1.74.1:15102|dataStream:10.1.74.1:15105|priority:1|startupRole:FOLLOWER]|listeners:[], old=null
2023-06-02 05:15:38,579 [af4b945e-05c9-4c95-92ea-ec296ba0645f@group-15729F2E584F-FollowerState] INFO  server.RaftServerConfigKeys (ConfUtils.java:logFallback(53)) - raft.server.rpc.first-election.timeout.min = 5s (fallback to raft.server.rpc.timeout.min)
2023-06-02 05:15:38,579 [af4b945e-05c9-4c95-92ea-ec296ba0645f@group-15729F2E584F-FollowerState] INFO  server.RaftServerConfigKeys (ConfUtils.java:logFallback(53)) - raft.server.rpc.first-election.timeout.max = 5200ms (fallback to raft.server.rpc.timeout.max)
2023-06-02 05:15:38,580 [grpc-default-executor-4] INFO  server.RaftServer$Division (RaftServerImpl.java:requestVote(1302)) - f6a83548-c013-4f74-9c0e-0b5a922fe81f@group-15729F2E584F: receive requestVote(PRE_VOTE, dd6dae7b-c4a9-4a16-a5ce-973fa036779e, group-15729F2E584F, 0, (t:0, i:0))
2023-06-02 05:15:38,580 [grpc-default-executor-4] INFO  impl.VoteContext (VoteContext.java:log(49)) - f6a83548-c013-4f74-9c0e-0b5a922fe81f@group-15729F2E584F-FOLLOWER: reject PRE_VOTE from dd6dae7b-c4a9-4a16-a5ce-973fa036779e: our priority 1 > candidate's priority 0
2023-06-02 05:15:38,580 [grpc-default-executor-4] INFO  server.RaftServer$Division (RaftServerImpl.java:requestVote(1335)) - f6a83548-c013-4f74-9c0e-0b5a922fe81f@group-15729F2E584F replies to PRE_VOTE vote request: dd6dae7b-c4a9-4a16-a5ce-973fa036779e<-f6a83548-c013-4f74-9c0e-0b5a922fe81f#0:FAIL-t0. Peer's state: f6a83548-c013-4f74-9c0e-0b5a922fe81f@group-15729F2E584F:t0, leader=null, voted=, raftlog=Memoized:f6a83548-c013-4f74-9c0e-0b5a922fe81f@group-15729F2E584F-SegmentedRaftLog:OPENED:c-1, conf=-1: peers:[dd6dae7b-c4a9-4a16-a5ce-973fa036779e|rpc:10.1.74.1:15095|admin:10.1.74.1:15094|client:10.1.74.1:15093|dataStream:10.1.74.1:15096|priority:0|startupRole:FOLLOWER, af4b945e-05c9-4c95-92ea-ec296ba0645f|rpc:10.1.74.1:15113|admin:10.1.74.1:15112|client:10.1.74.1:15111|dataStream:10.1.74.1:15114|priority:0|startupRole:FOLLOWER, f6a83548-c013-4f74-9c0e-0b5a922fe81f|rpc:10.1.74.1:15104|admin:10.1.74.1:15103|client:10.1.74.1:15102|dataStream:10.1.74.1:15105|priority:1|startupRole:FOLLOWER]|listeners:[], old=null
2023-06-02 05:15:38,581 [dd6dae7b-c4a9-4a16-a5ce-973fa036779e@group-15729F2E584F-LeaderElection26] INFO  impl.LeaderElection (LeaderElection.java:logAndReturn(90)) - dd6dae7b-c4a9-4a16-a5ce-973fa036779e@group-15729F2E584F-LeaderElection26: PRE_VOTE REJECTED received 2 response(s) and 0 exception(s):
2023-06-02 05:15:38,581 [dd6dae7b-c4a9-4a16-a5ce-973fa036779e@group-15729F2E584F-LeaderElection26] INFO  impl.LeaderElection (LeaderElection.java:logAndReturn(94)) -   Response 0: dd6dae7b-c4a9-4a16-a5ce-973fa036779e<-af4b945e-05c9-4c95-92ea-ec296ba0645f#0:OK-t0
2023-06-02 05:15:38,581 [dd6dae7b-c4a9-4a16-a5ce-973fa036779e@group-15729F2E584F-LeaderElection26] INFO  impl.LeaderElection (LeaderElection.java:logAndReturn(94)) -   Response 1: dd6dae7b-c4a9-4a16-a5ce-973fa036779e<-f6a83548-c013-4f74-9c0e-0b5a922fe81f#0:FAIL-t0
2023-06-02 05:15:38,581 [dd6dae7b-c4a9-4a16-a5ce-973fa036779e@group-15729F2E584F-LeaderElection26] INFO  impl.LeaderElection (LeaderElection.java:askForVotes(323)) - dd6dae7b-c4a9-4a16-a5ce-973fa036779e@group-15729F2E584F-LeaderElection26 PRE_VOTE round 0: result REJECTED
2023-06-02 05:15:38,582 [dd6dae7b-c4a9-4a16-a5ce-973fa036779e@group-15729F2E584F-LeaderElection26] INFO  server.RaftServer$Division (RaftServerImpl.java:setRole(329)) - dd6dae7b-c4a9-4a16-a5ce-973fa036779e@group-15729F2E584F: changes role from CANDIDATE to FOLLOWER at term 0 for REJECTED
2023-06-02 05:15:38,582 [dd6dae7b-c4a9-4a16-a5ce-973fa036779e@group-15729F2E584F-LeaderElection26] INFO  impl.RoleInfo (RoleInfo.java:shutdownLeaderElection(130)) - dd6dae7b-c4a9-4a16-a5ce-973fa036779e: shutdown dd6dae7b-c4a9-4a16-a5ce-973fa036779e@group-15729F2E584F-LeaderElection26
2023-06-02 05:15:38,582 [dd6dae7b-c4a9-4a16-a5ce-973fa036779e@group-15729F2E584F-LeaderElection26] INFO  impl.RoleInfo (RoleInfo.java:updateAndGet(139)) - dd6dae7b-c4a9-4a16-a5ce-973fa036779e: start dd6dae7b-c4a9-4a16-a5ce-973fa036779e@group-15729F2E584F-FollowerState
2023-06-02 05:15:38,691 [f6a83548-c013-4f74-9c0e-0b5a922fe81f@group-15729F2E584F-FollowerState] INFO  impl.FollowerState (FollowerState.java:run(143)) - f6a83548-c013-4f74-9c0e-0b5a922fe81f@group-15729F2E584F-FollowerState: change to CANDIDATE, lastRpcElapsedTime:5176530843ns, electionTimeout:5170ms
2023-06-02 05:15:38,691 [f6a83548-c013-4f74-9c0e-0b5a922fe81f@group-EB390B666527-FollowerState] INFO  impl.FollowerState (FollowerState.java:run(143)) - f6a83548-c013-4f74-9c0e-0b5a922fe81f@group-EB390B666527-FollowerState: change to CANDIDATE, lastRpcElapsedTime:5032279946ns, electionTimeout:5031ms
2023-06-02 05:15:38,691 [f6a83548-c013-4f74-9c0e-0b5a922fe81f@group-15729F2E584F-FollowerState] INFO  impl.RoleInfo (RoleInfo.java:shutdownFollowerState(110)) - f6a83548-c013-4f74-9c0e-0b5a922fe81f: shutdown f6a83548-c013-4f74-9c0e-0b5a922fe81f@group-15729F2E584F-FollowerState
2023-06-02 05:15:38,691 [f6a83548-c013-4f74-9c0e-0b5a922fe81f@group-EB390B666527-FollowerState] INFO  impl.RoleInfo (RoleInfo.java:shutdownFollowerState(110)) - f6a83548-c013-4f74-9c0e-0b5a922fe81f: shutdown f6a83548-c013-4f74-9c0e-0b5a922fe81f@group-EB390B666527-FollowerState
2023-06-02 05:15:38,691 [f6a83548-c013-4f74-9c0e-0b5a922fe81f@group-15729F2E584F-FollowerState] INFO  server.RaftServer$Division (RaftServerImpl.java:setRole(329)) - f6a83548-c013-4f74-9c0e-0b5a922fe81f@group-15729F2E584F: changes role from  FOLLOWER to CANDIDATE at term 0 for changeToCandidate
2023-06-02 05:15:38,691 [f6a83548-c013-4f74-9c0e-0b5a922fe81f@group-EB390B666527-FollowerState] INFO  server.RaftServer$Division (RaftServerImpl.java:setRole(329)) - f6a83548-c013-4f74-9c0e-0b5a922fe81f@group-EB390B666527: changes role from  FOLLOWER to CANDIDATE at term 0 for changeToCandidate
2023-06-02 05:15:38,691 [f6a83548-c013-4f74-9c0e-0b5a922fe81f@group-15729F2E584F-FollowerState] INFO  server.RaftServerConfigKeys (ConfUtils.java:logGet(46)) - raft.server.leaderelection.pre-vote = true (default)
2023-06-02 05:15:38,691 [f6a83548-c013-4f74-9c0e-0b5a922fe81f@group-15729F2E584F-FollowerState] INFO  impl.RoleInfo (RoleInfo.java:updateAndGet(139)) - f6a83548-c013-4f74-9c0e-0b5a922fe81f: start f6a83548-c013-4f74-9c0e-0b5a922fe81f@group-15729F2E584F-LeaderElection27
2023-06-02 05:15:38,691 [f6a83548-c013-4f74-9c0e-0b5a922fe81f@group-EB390B666527-FollowerState] INFO  server.RaftServerConfigKeys (ConfUtils.java:logGet(46)) - raft.server.leaderelection.pre-vote = true (default)
2023-06-02 05:15:38,691 [f6a83548-c013-4f74-9c0e-0b5a922fe81f@group-EB390B666527-FollowerState] INFO  impl.RoleInfo (RoleInfo.java:updateAndGet(139)) - f6a83548-c013-4f74-9c0e-0b5a922fe81f: start f6a83548-c013-4f74-9c0e-0b5a922fe81f@group-EB390B666527-LeaderElection28
2023-06-02 05:15:38,692 [f6a83548-c013-4f74-9c0e-0b5a922fe81f@group-15729F2E584F-LeaderElection27] INFO  impl.LeaderElection (LeaderElection.java:askForVotes(321)) - f6a83548-c013-4f74-9c0e-0b5a922fe81f@group-15729F2E584F-LeaderElection27 PRE_VOTE round 0: submit vote requests at term 0 for -1: peers:[dd6dae7b-c4a9-4a16-a5ce-973fa036779e|rpc:10.1.74.1:15095|admin:10.1.74.1:15094|client:10.1.74.1:15093|dataStream:10.1.74.1:15096|priority:0|startupRole:FOLLOWER, af4b945e-05c9-4c95-92ea-ec296ba0645f|rpc:10.1.74.1:15113|admin:10.1.74.1:15112|client:10.1.74.1:15111|dataStream:10.1.74.1:15114|priority:0|startupRole:FOLLOWER, f6a83548-c013-4f74-9c0e-0b5a922fe81f|rpc:10.1.74.1:15104|admin:10.1.74.1:15103|client:10.1.74.1:15102|dataStream:10.1.74.1:15105|priority:1|startupRole:FOLLOWER]|listeners:[], old=null
2023-06-02 05:15:38,694 [f6a83548-c013-4f74-9c0e-0b5a922fe81f@group-EB390B666527-LeaderElection28] INFO  impl.LeaderElection (LeaderElection.java:askForVotes(321)) - f6a83548-c013-4f74-9c0e-0b5a922fe81f@group-EB390B666527-LeaderElection28 PRE_VOTE round 0: submit vote requests at term 0 for -1: peers:[f6a83548-c013-4f74-9c0e-0b5a922fe81f|rpc:10.1.74.1:15104|admin:10.1.74.1:15103|client:10.1.74.1:15102|dataStream:10.1.74.1:15105|priority:1|startupRole:FOLLOWER]|listeners:[], old=null
2023-06-02 05:15:38,694 [f6a83548-c013-4f74-9c0e-0b5a922fe81f@group-EB390B666527-LeaderElection28] INFO  impl.LeaderElection (LeaderElection.java:askForVotes(323)) - f6a83548-c013-4f74-9c0e-0b5a922fe81f@group-EB390B666527-LeaderElection28 PRE_VOTE round 0: result PASSED (term=0)
2023-06-02 05:15:38,694 [f6a83548-c013-4f74-9c0e-0b5a922fe81f@group-15729F2E584F-LeaderElection27] INFO  server.RaftServerConfigKeys (ConfUtils.java:logFallback(53)) - raft.server.rpc.first-election.timeout.min = 5s (fallback to raft.server.rpc.timeout.min)
2023-06-02 05:15:38,695 [f6a83548-c013-4f74-9c0e-0b5a922fe81f@group-15729F2E584F-LeaderElection27] INFO  server.RaftServerConfigKeys (ConfUtils.java:logFallback(53)) - raft.server.rpc.first-election.timeout.max = 5200ms (fallback to raft.server.rpc.timeout.max)
2023-06-02 05:15:38,695 [f6a83548-c013-4f74-9c0e-0b5a922fe81f@group-15729F2E584F-LeaderElection27-1] INFO  server.GrpcServerProtocolClient (GrpcServerProtocolClient.java:<init>(65)) - Build channel for dd6dae7b-c4a9-4a16-a5ce-973fa036779e
2023-06-02 05:15:38,695 [f6a83548-c013-4f74-9c0e-0b5a922fe81f@group-15729F2E584F-LeaderElection27-2] INFO  server.GrpcServerProtocolClient (GrpcServerProtocolClient.java:<init>(65)) - Build channel for af4b945e-05c9-4c95-92ea-ec296ba0645f
2023-06-02 05:15:38,695 [f6a83548-c013-4f74-9c0e-0b5a922fe81f@group-EB390B666527-LeaderElection28] INFO  impl.LeaderElection (LeaderElection.java:askForVotes(321)) - f6a83548-c013-4f74-9c0e-0b5a922fe81f@group-EB390B666527-LeaderElection28 ELECTION round 0: submit vote requests at term 1 for -1: peers:[f6a83548-c013-4f74-9c0e-0b5a922fe81f|rpc:10.1.74.1:15104|admin:10.1.74.1:15103|client:10.1.74.1:15102|dataStream:10.1.74.1:15105|priority:1|startupRole:FOLLOWER]|listeners:[], old=null
2023-06-02 05:15:38,696 [f6a83548-c013-4f74-9c0e-0b5a922fe81f@group-EB390B666527-LeaderElection28] INFO  impl.LeaderElection (LeaderElection.java:askForVotes(323)) - f6a83548-c013-4f74-9c0e-0b5a922fe81f@group-EB390B666527-LeaderElection28 ELECTION round 0: result PASSED (term=1)
2023-06-02 05:15:38,696 [f6a83548-c013-4f74-9c0e-0b5a922fe81f@group-EB390B666527-LeaderElection28] INFO  impl.RoleInfo (RoleInfo.java:shutdownLeaderElection(130)) - f6a83548-c013-4f74-9c0e-0b5a922fe81f: shutdown f6a83548-c013-4f74-9c0e-0b5a922fe81f@group-EB390B666527-LeaderElection28
2023-06-02 05:15:38,696 [f6a83548-c013-4f74-9c0e-0b5a922fe81f@group-EB390B666527-LeaderElection28] INFO  server.RaftServer$Division (RaftServerImpl.java:setRole(329)) - f6a83548-c013-4f74-9c0e-0b5a922fe81f@group-EB390B666527: changes role from CANDIDATE to LEADER at term 1 for changeToLeader
2023-06-02 05:15:38,696 [f6a83548-c013-4f74-9c0e-0b5a922fe81f@group-EB390B666527-LeaderElection28] INFO  ratis.XceiverServerRatis (XceiverServerRatis.java:handleLeaderChangedNotification(902)) - Leader change notification received for group: group-EB390B666527 with new leaderId: f6a83548-c013-4f74-9c0e-0b5a922fe81f
2023-06-02 05:15:38,696 [f6a83548-c013-4f74-9c0e-0b5a922fe81f@group-EB390B666527-LeaderElection28] INFO  server.RaftServer$Division (ServerState.java:setLeader(317)) - f6a83548-c013-4f74-9c0e-0b5a922fe81f@group-EB390B666527: change Leader from null to f6a83548-c013-4f74-9c0e-0b5a922fe81f at term 1 for becomeLeader, leader elected after 5059ms
2023-06-02 05:15:38,696 [f6a83548-c013-4f74-9c0e-0b5a922fe81f@group-EB390B666527-LeaderElection28] INFO  server.RaftServerConfigKeys (ConfUtils.java:logGet(46)) - raft.server.staging.catchup.gap = 1000 (default)
2023-06-02 05:15:38,696 [f6a83548-c013-4f74-9c0e-0b5a922fe81f@group-EB390B666527-LeaderElection28] INFO  server.RaftServerConfigKeys (ConfUtils.java:logGet(46)) - raft.server.write.element-limit = 1024 (custom)
2023-06-02 05:15:38,696 [f6a83548-c013-4f74-9c0e-0b5a922fe81f@group-EB390B666527-LeaderElection28] INFO  server.RaftServerConfigKeys (ConfUtils.java:logGet(46)) - raft.server.write.byte-limit = 1024 M (=1073741824) (custom)
2023-06-02 05:15:38,697 [f6a83548-c013-4f74-9c0e-0b5a922fe81f@group-EB390B666527-LeaderElection28] INFO  server.RaftServerConfigKeys (ConfUtils.java:logGet(46)) - raft.server.watch.timeout = 180s (custom)
2023-06-02 05:15:38,697 [f6a83548-c013-4f74-9c0e-0b5a922fe81f@group-EB390B666527-LeaderElection28] INFO  server.RaftServerConfigKeys (ConfUtils.java:logGet(46)) - raft.server.watch.timeout.denomination = 1s (default)
2023-06-02 05:15:38,697 [f6a83548-c013-4f74-9c0e-0b5a922fe81f@group-EB390B666527-LeaderElection28] INFO  server.RaftServerConfigKeys (ConfUtils.java:logGet(46)) - raft.server.watch.element-limit = 65536 (default)
2023-06-02 05:15:38,697 [f6a83548-c013-4f74-9c0e-0b5a922fe81f@group-EB390B666527-LeaderElection28] INFO  server.RaftServerConfigKeys (ConfUtils.java:logGet(46)) - raft.server.write.element-limit = 1024 (custom)
2023-06-02 05:15:38,697 [f6a83548-c013-4f74-9c0e-0b5a922fe81f@group-EB390B666527-LeaderElection28] INFO  server.RaftServerConfigKeys (ConfUtils.java:logGet(46)) - raft.server.write.follower.gap.ratio.max = -1.0 (default)
2023-06-02 05:15:38,697 [f6a83548-c013-4f74-9c0e-0b5a922fe81f@group-EB390B666527-LeaderElection28] INFO  impl.RoleInfo (RoleInfo.java:updateAndGet(139)) - f6a83548-c013-4f74-9c0e-0b5a922fe81f: start f6a83548-c013-4f74-9c0e-0b5a922fe81f@group-EB390B666527-LeaderStateImpl
2023-06-02 05:15:38,699 [f6a83548-c013-4f74-9c0e-0b5a922fe81f@group-EB390B666527-LeaderElection28] INFO  segmented.SegmentedRaftLogWorker (SegmentedRaftLogWorker.java:startLogSegment(447)) - f6a83548-c013-4f74-9c0e-0b5a922fe81f@group-EB390B666527-SegmentedRaftLogWorker: Starting segment from index:0
2023-06-02 05:15:38,701 [f6a83548-c013-4f74-9c0e-0b5a922fe81f@group-EB390B666527-LeaderElection28] INFO  server.RaftServer$Division (ServerState.java:setRaftConf(434)) - f6a83548-c013-4f74-9c0e-0b5a922fe81f@group-EB390B666527: set configuration 0: peers:[f6a83548-c013-4f74-9c0e-0b5a922fe81f|rpc:10.1.74.1:15104|admin:10.1.74.1:15103|client:10.1.74.1:15102|dataStream:10.1.74.1:15105|priority:1|startupRole:FOLLOWER]|listeners:[], old=null
2023-06-02 05:15:38,701 [f6a83548-c013-4f74-9c0e-0b5a922fe81f@group-EB390B666527-SegmentedRaftLogWorker] INFO  segmented.SegmentedRaftLogWorker (SegmentedRaftLogWorker.java:execute(651)) - f6a83548-c013-4f74-9c0e-0b5a922fe81f@group-EB390B666527-SegmentedRaftLogWorker: created new log segment /home/runner/work/ozone/ozone/hadoop-ozone/integration-test/target/test-dir/MiniOzoneClusterImpl-4e6c5432-da36-405d-b7f1-05871ead9573/datanode-10/data/ratis/c00261f9-6365-4258-8761-eb390b666527/current/log_inprogress_0
2023-06-02 05:15:38,716 [grpc-default-executor-0] INFO  server.RaftServer$Division (RaftServerImpl.java:requestVote(1302)) - af4b945e-05c9-4c95-92ea-ec296ba0645f@group-15729F2E584F: receive requestVote(PRE_VOTE, f6a83548-c013-4f74-9c0e-0b5a922fe81f, group-15729F2E584F, 0, (t:0, i:0))
2023-06-02 05:15:38,716 [grpc-default-executor-0] INFO  impl.VoteContext (VoteContext.java:log(49)) - af4b945e-05c9-4c95-92ea-ec296ba0645f@group-15729F2E584F-FOLLOWER: accept PRE_VOTE from f6a83548-c013-4f74-9c0e-0b5a922fe81f: our priority 0 <= candidate's priority 1
2023-06-02 05:15:38,716 [grpc-default-executor-0] INFO  server.RaftServer$Division (RaftServerImpl.java:requestVote(1335)) - af4b945e-05c9-4c95-92ea-ec296ba0645f@group-15729F2E584F replies to PRE_VOTE vote request: f6a83548-c013-4f74-9c0e-0b5a922fe81f<-af4b945e-05c9-4c95-92ea-ec296ba0645f#0:OK-t0. Peer's state: af4b945e-05c9-4c95-92ea-ec296ba0645f@group-15729F2E584F:t0, leader=null, voted=, raftlog=Memoized:af4b945e-05c9-4c95-92ea-ec296ba0645f@group-15729F2E584F-SegmentedRaftLog:OPENED:c-1, conf=-1: peers:[dd6dae7b-c4a9-4a16-a5ce-973fa036779e|rpc:10.1.74.1:15095|admin:10.1.74.1:15094|client:10.1.74.1:15093|dataStream:10.1.74.1:15096|priority:0|startupRole:FOLLOWER, af4b945e-05c9-4c95-92ea-ec296ba0645f|rpc:10.1.74.1:15113|admin:10.1.74.1:15112|client:10.1.74.1:15111|dataStream:10.1.74.1:15114|priority:0|startupRole:FOLLOWER, f6a83548-c013-4f74-9c0e-0b5a922fe81f|rpc:10.1.74.1:15104|admin:10.1.74.1:15103|client:10.1.74.1:15102|dataStream:10.1.74.1:15105|priority:1|startupRole:FOLLOWER]|listeners:[], old=null
2023-06-02 05:15:38,718 [f6a83548-c013-4f74-9c0e-0b5a922fe81f@group-15729F2E584F-LeaderElection27] INFO  impl.LeaderElection (LeaderElection.java:logAndReturn(90)) - f6a83548-c013-4f74-9c0e-0b5a922fe81f@group-15729F2E584F-LeaderElection27: PRE_VOTE PASSED received 1 response(s) and 0 exception(s):
2023-06-02 05:15:38,718 [f6a83548-c013-4f74-9c0e-0b5a922fe81f@group-15729F2E584F-LeaderElection27] INFO  impl.LeaderElection (LeaderElection.java:logAndReturn(94)) -   Response 0: f6a83548-c013-4f74-9c0e-0b5a922fe81f<-af4b945e-05c9-4c95-92ea-ec296ba0645f#0:OK-t0
2023-06-02 05:15:38,718 [f6a83548-c013-4f74-9c0e-0b5a922fe81f@group-15729F2E584F-LeaderElection27] INFO  impl.LeaderElection (LeaderElection.java:askForVotes(323)) - f6a83548-c013-4f74-9c0e-0b5a922fe81f@group-15729F2E584F-LeaderElection27 PRE_VOTE round 0: result PASSED
2023-06-02 05:15:38,720 [f6a83548-c013-4f74-9c0e-0b5a922fe81f@group-15729F2E584F-LeaderElection27] INFO  impl.LeaderElection (LeaderElection.java:askForVotes(321)) - f6a83548-c013-4f74-9c0e-0b5a922fe81f@group-15729F2E584F-LeaderElection27 ELECTION round 0: submit vote requests at term 1 for -1: peers:[dd6dae7b-c4a9-4a16-a5ce-973fa036779e|rpc:10.1.74.1:15095|admin:10.1.74.1:15094|client:10.1.74.1:15093|dataStream:10.1.74.1:15096|priority:0|startupRole:FOLLOWER, af4b945e-05c9-4c95-92ea-ec296ba0645f|rpc:10.1.74.1:15113|admin:10.1.74.1:15112|client:10.1.74.1:15111|dataStream:10.1.74.1:15114|priority:0|startupRole:FOLLOWER, f6a83548-c013-4f74-9c0e-0b5a922fe81f|rpc:10.1.74.1:15104|admin:10.1.74.1:15103|client:10.1.74.1:15102|dataStream:10.1.74.1:15105|priority:1|startupRole:FOLLOWER]|listeners:[], old=null
2023-06-02 05:15:38,722 [f6a83548-c013-4f74-9c0e-0b5a922fe81f@group-15729F2E584F-LeaderElection27] INFO  server.RaftServerConfigKeys (ConfUtils.java:logFallback(53)) - raft.server.rpc.first-election.timeout.min = 5s (fallback to raft.server.rpc.timeout.min)
2023-06-02 05:15:38,722 [f6a83548-c013-4f74-9c0e-0b5a922fe81f@group-15729F2E584F-LeaderElection27] INFO  server.RaftServerConfigKeys (ConfUtils.java:logFallback(53)) - raft.server.rpc.first-election.timeout.max = 5200ms (fallback to raft.server.rpc.timeout.max)
2023-06-02 05:15:38,724 [grpc-default-executor-2] INFO  server.RaftServer$Division (RaftServerImpl.java:requestVote(1302)) - af4b945e-05c9-4c95-92ea-ec296ba0645f@group-15729F2E584F: receive requestVote(ELECTION, f6a83548-c013-4f74-9c0e-0b5a922fe81f, group-15729F2E584F, 1, (t:0, i:0))
2023-06-02 05:15:38,725 [grpc-default-executor-2] INFO  impl.VoteContext (VoteContext.java:log(49)) - af4b945e-05c9-4c95-92ea-ec296ba0645f@group-15729F2E584F-FOLLOWER: accept ELECTION from f6a83548-c013-4f74-9c0e-0b5a922fe81f: our priority 0 <= candidate's priority 1
2023-06-02 05:15:38,725 [grpc-default-executor-2] INFO  server.RaftServer$Division (RaftServerImpl.java:setRole(329)) - af4b945e-05c9-4c95-92ea-ec296ba0645f@group-15729F2E584F: changes role from  FOLLOWER to FOLLOWER at term 1 for candidate:f6a83548-c013-4f74-9c0e-0b5a922fe81f
2023-06-02 05:15:38,725 [grpc-default-executor-2] INFO  impl.RoleInfo (RoleInfo.java:shutdownFollowerState(110)) - af4b945e-05c9-4c95-92ea-ec296ba0645f: shutdown af4b945e-05c9-4c95-92ea-ec296ba0645f@group-15729F2E584F-FollowerState
2023-06-02 05:15:38,725 [grpc-default-executor-2] INFO  impl.RoleInfo (RoleInfo.java:updateAndGet(139)) - af4b945e-05c9-4c95-92ea-ec296ba0645f: start af4b945e-05c9-4c95-92ea-ec296ba0645f@group-15729F2E584F-FollowerState
2023-06-02 05:15:38,725 [af4b945e-05c9-4c95-92ea-ec296ba0645f@group-15729F2E584F-FollowerState] INFO  impl.FollowerState (FollowerState.java:run(152)) - af4b945e-05c9-4c95-92ea-ec296ba0645f@group-15729F2E584F-FollowerState was interrupted
2023-06-02 05:15:38,725 [grpc-default-executor-0] INFO  server.RaftServer$Division (RaftServerImpl.java:requestVote(1302)) - dd6dae7b-c4a9-4a16-a5ce-973fa036779e@group-15729F2E584F: receive requestVote(ELECTION, f6a83548-c013-4f74-9c0e-0b5a922fe81f, group-15729F2E584F, 1, (t:0, i:0))
2023-06-02 05:15:38,725 [grpc-default-executor-0] INFO  impl.VoteContext (VoteContext.java:log(49)) - dd6dae7b-c4a9-4a16-a5ce-973fa036779e@group-15729F2E584F-FOLLOWER: accept ELECTION from f6a83548-c013-4f74-9c0e-0b5a922fe81f: our priority 0 <= candidate's priority 1
2023-06-02 05:15:38,726 [grpc-default-executor-0] INFO  server.RaftServer$Division (RaftServerImpl.java:setRole(329)) - dd6dae7b-c4a9-4a16-a5ce-973fa036779e@group-15729F2E584F: changes role from  FOLLOWER to FOLLOWER at term 1 for candidate:f6a83548-c013-4f74-9c0e-0b5a922fe81f
2023-06-02 05:15:38,726 [grpc-default-executor-4] INFO  server.RaftServer$Division (RaftServerImpl.java:requestVote(1302)) - dd6dae7b-c4a9-4a16-a5ce-973fa036779e@group-15729F2E584F: receive requestVote(PRE_VOTE, f6a83548-c013-4f74-9c0e-0b5a922fe81f, group-15729F2E584F, 0, (t:0, i:0))
2023-06-02 05:15:38,729 [grpc-default-executor-0] INFO  impl.RoleInfo (RoleInfo.java:shutdownFollowerState(110)) - dd6dae7b-c4a9-4a16-a5ce-973fa036779e: shutdown dd6dae7b-c4a9-4a16-a5ce-973fa036779e@group-15729F2E584F-FollowerState
2023-06-02 05:15:38,729 [grpc-default-executor-0] INFO  impl.RoleInfo (RoleInfo.java:updateAndGet(139)) - dd6dae7b-c4a9-4a16-a5ce-973fa036779e: start dd6dae7b-c4a9-4a16-a5ce-973fa036779e@group-15729F2E584F-FollowerState
2023-06-02 05:15:38,731 [dd6dae7b-c4a9-4a16-a5ce-973fa036779e@group-15729F2E584F-FollowerState] INFO  impl.FollowerState (FollowerState.java:run(152)) - dd6dae7b-c4a9-4a16-a5ce-973fa036779e@group-15729F2E584F-FollowerState was interrupted
2023-06-02 05:15:38,732 [grpc-default-executor-0] INFO  server.RaftServer$Division (RaftServerImpl.java:requestVote(1335)) - dd6dae7b-c4a9-4a16-a5ce-973fa036779e@group-15729F2E584F replies to ELECTION vote request: f6a83548-c013-4f74-9c0e-0b5a922fe81f<-dd6dae7b-c4a9-4a16-a5ce-973fa036779e#0:OK-t1. Peer's state: dd6dae7b-c4a9-4a16-a5ce-973fa036779e@group-15729F2E584F:t1, leader=null, voted=f6a83548-c013-4f74-9c0e-0b5a922fe81f, raftlog=Memoized:dd6dae7b-c4a9-4a16-a5ce-973fa036779e@group-15729F2E584F-SegmentedRaftLog:OPENED:c-1, conf=-1: peers:[dd6dae7b-c4a9-4a16-a5ce-973fa036779e|rpc:10.1.74.1:15095|admin:10.1.74.1:15094|client:10.1.74.1:15093|dataStream:10.1.74.1:15096|priority:0|startupRole:FOLLOWER, af4b945e-05c9-4c95-92ea-ec296ba0645f|rpc:10.1.74.1:15113|admin:10.1.74.1:15112|client:10.1.74.1:15111|dataStream:10.1.74.1:15114|priority:0|startupRole:FOLLOWER, f6a83548-c013-4f74-9c0e-0b5a922fe81f|rpc:10.1.74.1:15104|admin:10.1.74.1:15103|client:10.1.74.1:15102|dataStream:10.1.74.1:15105|priority:1|startupRole:FOLLOWER]|listeners:[], old=null
2023-06-02 05:15:38,733 [grpc-default-executor-4] INFO  impl.VoteContext (VoteContext.java:log(49)) - dd6dae7b-c4a9-4a16-a5ce-973fa036779e@group-15729F2E584F-FOLLOWER: accept PRE_VOTE from f6a83548-c013-4f74-9c0e-0b5a922fe81f: our priority 0 <= candidate's priority 1
2023-06-02 05:15:38,733 [grpc-default-executor-4] INFO  server.RaftServer$Division (RaftServerImpl.java:requestVote(1335)) - dd6dae7b-c4a9-4a16-a5ce-973fa036779e@group-15729F2E584F replies to PRE_VOTE vote request: f6a83548-c013-4f74-9c0e-0b5a922fe81f<-dd6dae7b-c4a9-4a16-a5ce-973fa036779e#0:OK-t1. Peer's state: dd6dae7b-c4a9-4a16-a5ce-973fa036779e@group-15729F2E584F:t1, leader=null, voted=f6a83548-c013-4f74-9c0e-0b5a922fe81f, raftlog=Memoized:dd6dae7b-c4a9-4a16-a5ce-973fa036779e@group-15729F2E584F-SegmentedRaftLog:OPENED:c-1, conf=-1: peers:[dd6dae7b-c4a9-4a16-a5ce-973fa036779e|rpc:10.1.74.1:15095|admin:10.1.74.1:15094|client:10.1.74.1:15093|dataStream:10.1.74.1:15096|priority:0|startupRole:FOLLOWER, af4b945e-05c9-4c95-92ea-ec296ba0645f|rpc:10.1.74.1:15113|admin:10.1.74.1:15112|client:10.1.74.1:15111|dataStream:10.1.74.1:15114|priority:0|startupRole:FOLLOWER, f6a83548-c013-4f74-9c0e-0b5a922fe81f|rpc:10.1.74.1:15104|admin:10.1.74.1:15103|client:10.1.74.1:15102|dataStream:10.1.74.1:15105|priority:1|startupRole:FOLLOWER]|listeners:[], old=null
2023-06-02 05:15:38,732 [grpc-default-executor-2] INFO  server.RaftServer$Division (RaftServerImpl.java:requestVote(1335)) - af4b945e-05c9-4c95-92ea-ec296ba0645f@group-15729F2E584F replies to ELECTION vote request: f6a83548-c013-4f74-9c0e-0b5a922fe81f<-af4b945e-05c9-4c95-92ea-ec296ba0645f#0:OK-t1. Peer's state: af4b945e-05c9-4c95-92ea-ec296ba0645f@group-15729F2E584F:t1, leader=null, voted=f6a83548-c013-4f74-9c0e-0b5a922fe81f, raftlog=Memoized:af4b945e-05c9-4c95-92ea-ec296ba0645f@group-15729F2E584F-SegmentedRaftLog:OPENED:c-1, conf=-1: peers:[dd6dae7b-c4a9-4a16-a5ce-973fa036779e|rpc:10.1.74.1:15095|admin:10.1.74.1:15094|client:10.1.74.1:15093|dataStream:10.1.74.1:15096|priority:0|startupRole:FOLLOWER, af4b945e-05c9-4c95-92ea-ec296ba0645f|rpc:10.1.74.1:15113|admin:10.1.74.1:15112|client:10.1.74.1:15111|dataStream:10.1.74.1:15114|priority:0|startupRole:FOLLOWER, f6a83548-c013-4f74-9c0e-0b5a922fe81f|rpc:10.1.74.1:15104|admin:10.1.74.1:15103|client:10.1.74.1:15102|dataStream:10.1.74.1:15105|priority:1|startupRole:FOLLOWER]|listeners:[], old=null
2023-06-02 05:15:38,735 [f6a83548-c013-4f74-9c0e-0b5a922fe81f@group-15729F2E584F-LeaderElection27] INFO  impl.LeaderElection (LeaderElection.java:logAndReturn(90)) - f6a83548-c013-4f74-9c0e-0b5a922fe81f@group-15729F2E584F-LeaderElection27: ELECTION PASSED received 1 response(s) and 0 exception(s):
2023-06-02 05:15:38,735 [f6a83548-c013-4f74-9c0e-0b5a922fe81f@group-15729F2E584F-LeaderElection27] INFO  impl.LeaderElection (LeaderElection.java:logAndReturn(94)) -   Response 0: f6a83548-c013-4f74-9c0e-0b5a922fe81f<-dd6dae7b-c4a9-4a16-a5ce-973fa036779e#0:OK-t1
2023-06-02 05:15:38,735 [f6a83548-c013-4f74-9c0e-0b5a922fe81f@group-15729F2E584F-LeaderElection27] INFO  impl.LeaderElection (LeaderElection.java:askForVotes(323)) - f6a83548-c013-4f74-9c0e-0b5a922fe81f@group-15729F2E584F-LeaderElection27 ELECTION round 0: result PASSED
2023-06-02 05:15:38,735 [f6a83548-c013-4f74-9c0e-0b5a922fe81f@group-15729F2E584F-LeaderElection27] INFO  impl.RoleInfo (RoleInfo.java:shutdownLeaderElection(130)) - f6a83548-c013-4f74-9c0e-0b5a922fe81f: shutdown f6a83548-c013-4f74-9c0e-0b5a922fe81f@group-15729F2E584F-LeaderElection27
2023-06-02 05:15:38,735 [f6a83548-c013-4f74-9c0e-0b5a922fe81f@group-15729F2E584F-LeaderElection27] INFO  server.RaftServer$Division (RaftServerImpl.java:setRole(329)) - f6a83548-c013-4f74-9c0e-0b5a922fe81f@group-15729F2E584F: changes role from CANDIDATE to LEADER at term 1 for changeToLeader
2023-06-02 05:15:38,736 [f6a83548-c013-4f74-9c0e-0b5a922fe81f@group-15729F2E584F-LeaderElection27] INFO  ratis.XceiverServerRatis (XceiverServerRatis.java:handleLeaderChangedNotification(902)) - Leader change notification received for group: group-15729F2E584F with new leaderId: f6a83548-c013-4f74-9c0e-0b5a922fe81f
2023-06-02 05:15:38,736 [f6a83548-c013-4f74-9c0e-0b5a922fe81f@group-15729F2E584F-LeaderElection27] INFO  server.RaftServer$Division (ServerState.java:setLeader(317)) - f6a83548-c013-4f74-9c0e-0b5a922fe81f@group-15729F2E584F: change Leader from null to f6a83548-c013-4f74-9c0e-0b5a922fe81f at term 1 for becomeLeader, leader elected after 5242ms
2023-06-02 05:15:38,736 [f6a83548-c013-4f74-9c0e-0b5a922fe81f@group-15729F2E584F-LeaderElection27] INFO  server.RaftServerConfigKeys (ConfUtils.java:logGet(46)) - raft.server.staging.catchup.gap = 1000 (default)
2023-06-02 05:15:38,736 [f6a83548-c013-4f74-9c0e-0b5a922fe81f@group-15729F2E584F-LeaderElection27] INFO  server.RaftServerConfigKeys (ConfUtils.java:logGet(46)) - raft.server.write.element-limit = 1024 (custom)
2023-06-02 05:15:38,736 [f6a83548-c013-4f74-9c0e-0b5a922fe81f@group-15729F2E584F-LeaderElection27] INFO  server.RaftServerConfigKeys (ConfUtils.java:logGet(46)) - raft.server.write.byte-limit = 1024 M (=1073741824) (custom)
2023-06-02 05:15:38,737 [f6a83548-c013-4f74-9c0e-0b5a922fe81f@group-15729F2E584F-LeaderElection27] INFO  server.RaftServerConfigKeys (ConfUtils.java:logGet(46)) - raft.server.watch.timeout = 180s (custom)
2023-06-02 05:15:38,737 [f6a83548-c013-4f74-9c0e-0b5a922fe81f@group-15729F2E584F-LeaderElection27] INFO  server.RaftServerConfigKeys (ConfUtils.java:logGet(46)) - raft.server.watch.timeout.denomination = 1s (default)
2023-06-02 05:15:38,737 [f6a83548-c013-4f74-9c0e-0b5a922fe81f@group-15729F2E584F-LeaderElection27] INFO  server.RaftServerConfigKeys (ConfUtils.java:logGet(46)) - raft.server.watch.element-limit = 65536 (default)
2023-06-02 05:15:38,737 [f6a83548-c013-4f74-9c0e-0b5a922fe81f@group-15729F2E584F-LeaderElection27] INFO  server.RaftServerConfigKeys (ConfUtils.java:logGet(46)) - raft.server.write.element-limit = 1024 (custom)
2023-06-02 05:15:38,737 [f6a83548-c013-4f74-9c0e-0b5a922fe81f@group-15729F2E584F-LeaderElection27] INFO  server.RaftServerConfigKeys (ConfUtils.java:logGet(46)) - raft.server.write.follower.gap.ratio.max = -1.0 (default)
2023-06-02 05:15:38,738 [f6a83548-c013-4f74-9c0e-0b5a922fe81f@group-15729F2E584F-LeaderElection27] INFO  server.RaftServerConfigKeys (ConfUtils.java:logGet(46)) - raft.server.log.appender.snapshot.chunk.size.max = 16MB (=16777216) (default)
2023-06-02 05:15:38,738 [f6a83548-c013-4f74-9c0e-0b5a922fe81f@group-15729F2E584F-LeaderElection27] INFO  server.RaftServerConfigKeys (ConfUtils.java:logGet(46)) - raft.server.log.appender.buffer.byte-limit = 33554432 (custom)
2023-06-02 05:15:38,738 [f6a83548-c013-4f74-9c0e-0b5a922fe81f@group-15729F2E584F-LeaderElection27] INFO  server.RaftServerConfigKeys (ConfUtils.java:logGet(46)) - raft.server.log.appender.buffer.element-limit = 1 (custom)
2023-06-02 05:15:38,738 [f6a83548-c013-4f74-9c0e-0b5a922fe81f@group-15729F2E584F-LeaderElection27] INFO  server.RaftServerConfigKeys (ConfUtils.java:logGet(46)) - raft.server.log.appender.wait-time.min = 10ms (default)
2023-06-02 05:15:38,738 [f6a83548-c013-4f74-9c0e-0b5a922fe81f@group-15729F2E584F-LeaderElection27] INFO  grpc.GrpcConfigKeys (ConfUtils.java:logGet(46)) - raft.grpc.server.leader.outstanding.appends.max = 128 (default)
2023-06-02 05:15:38,738 [f6a83548-c013-4f74-9c0e-0b5a922fe81f@group-15729F2E584F-LeaderElection27] INFO  server.RaftServerConfigKeys (ConfUtils.java:logGet(46)) - raft.server.rpc.request.timeout = 60s (custom)
2023-06-02 05:15:38,738 [f6a83548-c013-4f74-9c0e-0b5a922fe81f@group-15729F2E584F-LeaderElection27] INFO  grpc.GrpcConfigKeys (ConfUtils.java:logGet(46)) - raft.grpc.server.install_snapshot.request.element-limit = 8 (default)
2023-06-02 05:15:38,738 [f6a83548-c013-4f74-9c0e-0b5a922fe81f@group-15729F2E584F-LeaderElection27] INFO  grpc.GrpcConfigKeys (ConfUtils.java:logGet(46)) - raft.grpc.server.install_snapshot.request.timeout = 3000ms (default)
2023-06-02 05:15:38,738 [f6a83548-c013-4f74-9c0e-0b5a922fe81f@group-15729F2E584F-LeaderElection27] INFO  server.RaftServerConfigKeys (ConfUtils.java:logGet(46)) - raft.server.log.appender.install.snapshot.enabled = false (custom)
2023-06-02 05:15:38,738 [f6a83548-c013-4f74-9c0e-0b5a922fe81f@group-15729F2E584F-LeaderElection27] INFO  grpc.GrpcConfigKeys (ConfUtils.java:logGet(46)) - raft.grpc.server.heartbeat.channel = true (default)
2023-06-02 05:15:38,739 [f6a83548-c013-4f74-9c0e-0b5a922fe81f@group-15729F2E584F-LeaderElection27] INFO  server.RaftServerConfigKeys (ConfUtils.java:logGet(46)) - raft.server.log.appender.snapshot.chunk.size.max = 16MB (=16777216) (default)
2023-06-02 05:15:38,739 [f6a83548-c013-4f74-9c0e-0b5a922fe81f@group-15729F2E584F-LeaderElection27] INFO  server.RaftServerConfigKeys (ConfUtils.java:logGet(46)) - raft.server.log.appender.buffer.byte-limit = 33554432 (custom)
2023-06-02 05:15:38,740 [f6a83548-c013-4f74-9c0e-0b5a922fe81f@group-15729F2E584F-LeaderElection27] INFO  server.RaftServerConfigKeys (ConfUtils.java:logGet(46)) - raft.server.log.appender.buffer.element-limit = 1 (custom)
2023-06-02 05:15:38,740 [f6a83548-c013-4f74-9c0e-0b5a922fe81f@group-15729F2E584F-LeaderElection27] INFO  server.RaftServerConfigKeys (ConfUtils.java:logGet(46)) - raft.server.log.appender.wait-time.min = 10ms (default)
2023-06-02 05:15:38,740 [f6a83548-c013-4f74-9c0e-0b5a922fe81f@group-15729F2E584F-LeaderElection27] INFO  grpc.GrpcConfigKeys (ConfUtils.java:logGet(46)) - raft.grpc.server.leader.outstanding.appends.max = 128 (default)
2023-06-02 05:15:38,740 [f6a83548-c013-4f74-9c0e-0b5a922fe81f@group-15729F2E584F-LeaderElection27] INFO  server.RaftServerConfigKeys (ConfUtils.java:logGet(46)) - raft.server.rpc.request.timeout = 60s (custom)
2023-06-02 05:15:38,740 [f6a83548-c013-4f74-9c0e-0b5a922fe81f@group-15729F2E584F-LeaderElection27] INFO  grpc.GrpcConfigKeys (ConfUtils.java:logGet(46)) - raft.grpc.server.install_snapshot.request.element-limit = 8 (default)
2023-06-02 05:15:38,740 [f6a83548-c013-4f74-9c0e-0b5a922fe81f@group-15729F2E584F-LeaderElection27] INFO  grpc.GrpcConfigKeys (ConfUtils.java:logGet(46)) - raft.grpc.server.install_snapshot.request.timeout = 3000ms (default)
2023-06-02 05:15:38,740 [f6a83548-c013-4f74-9c0e-0b5a922fe81f@group-15729F2E584F-LeaderElection27] INFO  server.RaftServerConfigKeys (ConfUtils.java:logGet(46)) - raft.server.log.appender.install.snapshot.enabled = false (custom)
2023-06-02 05:15:38,742 [f6a83548-c013-4f74-9c0e-0b5a922fe81f@group-15729F2E584F-LeaderElection27] INFO  grpc.GrpcConfigKeys (ConfUtils.java:logGet(46)) - raft.grpc.server.heartbeat.channel = true (default)
2023-06-02 05:15:38,742 [EventQueue-PipelineReportForPipelineReportHandler] INFO  pipeline.PipelineManagerImpl (PipelineManagerImpl.java:openPipeline(367)) - Pipeline Pipeline[ Id: bcbcaefd-8b01-44a7-a02c-15729f2e584f, Nodes: f6a83548-c013-4f74-9c0e-0b5a922fe81f(fv-az628-647/10.1.74.1)af4b945e-05c9-4c95-92ea-ec296ba0645f(fv-az628-647/10.1.74.1)dd6dae7b-c4a9-4a16-a5ce-973fa036779e(fv-az628-647/10.1.74.1), ReplicationConfig: RATIS/THREE, State:ALLOCATED, leaderId:f6a83548-c013-4f74-9c0e-0b5a922fe81f, CreationTimestamp2023-06-02T05:15:30.803Z[Etc/UTC]] moved to OPEN state
2023-06-02 05:15:38,742 [f6a83548-c013-4f74-9c0e-0b5a922fe81f@group-15729F2E584F-LeaderElection27] INFO  impl.RoleInfo (RoleInfo.java:updateAndGet(139)) - f6a83548-c013-4f74-9c0e-0b5a922fe81f: start f6a83548-c013-4f74-9c0e-0b5a922fe81f@group-15729F2E584F-LeaderStateImpl
2023-06-02 05:15:38,743 [f6a83548-c013-4f74-9c0e-0b5a922fe81f@group-15729F2E584F-LeaderElection27] INFO  segmented.SegmentedRaftLogWorker (SegmentedRaftLogWorker.java:startLogSegment(447)) - f6a83548-c013-4f74-9c0e-0b5a922fe81f@group-15729F2E584F-SegmentedRaftLogWorker: Starting segment from index:0
2023-06-02 05:15:38,744 [f6a83548-c013-4f74-9c0e-0b5a922fe81f@group-15729F2E584F-SegmentedRaftLogWorker] INFO  segmented.SegmentedRaftLogWorker (SegmentedRaftLogWorker.java:execute(651)) - f6a83548-c013-4f74-9c0e-0b5a922fe81f@group-15729F2E584F-SegmentedRaftLogWorker: created new log segment /home/runner/work/ozone/ozone/hadoop-ozone/integration-test/target/test-dir/MiniOzoneClusterImpl-4e6c5432-da36-405d-b7f1-05871ead9573/datanode-10/data/ratis/bcbcaefd-8b01-44a7-a02c-15729f2e584f/current/log_inprogress_0
2023-06-02 05:15:38,752 [f6a83548-c013-4f74-9c0e-0b5a922fe81f@group-15729F2E584F-LeaderElection27] INFO  server.RaftServer$Division (ServerState.java:setRaftConf(434)) - f6a83548-c013-4f74-9c0e-0b5a922fe81f@group-15729F2E584F: set configuration 0: peers:[dd6dae7b-c4a9-4a16-a5ce-973fa036779e|rpc:10.1.74.1:15095|admin:10.1.74.1:15094|client:10.1.74.1:15093|dataStream:10.1.74.1:15096|priority:0|startupRole:FOLLOWER, af4b945e-05c9-4c95-92ea-ec296ba0645f|rpc:10.1.74.1:15113|admin:10.1.74.1:15112|client:10.1.74.1:15111|dataStream:10.1.74.1:15114|priority:0|startupRole:FOLLOWER, f6a83548-c013-4f74-9c0e-0b5a922fe81f|rpc:10.1.74.1:15104|admin:10.1.74.1:15103|client:10.1.74.1:15102|dataStream:10.1.74.1:15105|priority:1|startupRole:FOLLOWER]|listeners:[], old=null
2023-06-02 05:15:38,755 [dd6dae7b-c4a9-4a16-a5ce-973fa036779e-server-thread1] INFO  ratis.XceiverServerRatis (XceiverServerRatis.java:handleLeaderChangedNotification(902)) - Leader change notification received for group: group-15729F2E584F with new leaderId: f6a83548-c013-4f74-9c0e-0b5a922fe81f
2023-06-02 05:15:38,755 [dd6dae7b-c4a9-4a16-a5ce-973fa036779e-server-thread1] INFO  server.RaftServer$Division (ServerState.java:setLeader(317)) - dd6dae7b-c4a9-4a16-a5ce-973fa036779e@group-15729F2E584F: change Leader from null to f6a83548-c013-4f74-9c0e-0b5a922fe81f at term 1 for appendEntries, leader elected after 5311ms
2023-06-02 05:15:38,761 [af4b945e-05c9-4c95-92ea-ec296ba0645f-server-thread1] INFO  ratis.XceiverServerRatis (XceiverServerRatis.java:handleLeaderChangedNotification(902)) - Leader change notification received for group: group-15729F2E584F with new leaderId: f6a83548-c013-4f74-9c0e-0b5a922fe81f
2023-06-02 05:15:38,762 [af4b945e-05c9-4c95-92ea-ec296ba0645f-server-thread1] INFO  server.RaftServer$Division (ServerState.java:setLeader(317)) - af4b945e-05c9-4c95-92ea-ec296ba0645f@group-15729F2E584F: change Leader from null to f6a83548-c013-4f74-9c0e-0b5a922fe81f at term 1 for appendEntries, leader elected after 5218ms
2023-06-02 05:15:38,764 [dd6dae7b-c4a9-4a16-a5ce-973fa036779e-server-thread3] INFO  server.RaftServer$Division (ServerState.java:setRaftConf(434)) - dd6dae7b-c4a9-4a16-a5ce-973fa036779e@group-15729F2E584F: set configuration 0: peers:[dd6dae7b-c4a9-4a16-a5ce-973fa036779e|rpc:10.1.74.1:15095|admin:10.1.74.1:15094|client:10.1.74.1:15093|dataStream:10.1.74.1:15096|priority:0|startupRole:FOLLOWER, af4b945e-05c9-4c95-92ea-ec296ba0645f|rpc:10.1.74.1:15113|admin:10.1.74.1:15112|client:10.1.74.1:15111|dataStream:10.1.74.1:15114|priority:0|startupRole:FOLLOWER, f6a83548-c013-4f74-9c0e-0b5a922fe81f|rpc:10.1.74.1:15104|admin:10.1.74.1:15103|client:10.1.74.1:15102|dataStream:10.1.74.1:15105|priority:1|startupRole:FOLLOWER]|listeners:[], old=null
2023-06-02 05:15:38,766 [dd6dae7b-c4a9-4a16-a5ce-973fa036779e-server-thread3] INFO  segmented.SegmentedRaftLogWorker (SegmentedRaftLogWorker.java:startLogSegment(447)) - dd6dae7b-c4a9-4a16-a5ce-973fa036779e@group-15729F2E584F-SegmentedRaftLogWorker: Starting segment from index:0
2023-06-02 05:15:38,767 [af4b945e-05c9-4c95-92ea-ec296ba0645f-server-thread1] INFO  server.RaftServer$Division (ServerState.java:setRaftConf(434)) - af4b945e-05c9-4c95-92ea-ec296ba0645f@group-15729F2E584F: set configuration 0: peers:[dd6dae7b-c4a9-4a16-a5ce-973fa036779e|rpc:10.1.74.1:15095|admin:10.1.74.1:15094|client:10.1.74.1:15093|dataStream:10.1.74.1:15096|priority:0|startupRole:FOLLOWER, af4b945e-05c9-4c95-92ea-ec296ba0645f|rpc:10.1.74.1:15113|admin:10.1.74.1:15112|client:10.1.74.1:15111|dataStream:10.1.74.1:15114|priority:0|startupRole:FOLLOWER, f6a83548-c013-4f74-9c0e-0b5a922fe81f|rpc:10.1.74.1:15104|admin:10.1.74.1:15103|client:10.1.74.1:15102|dataStream:10.1.74.1:15105|priority:1|startupRole:FOLLOWER]|listeners:[], old=null
2023-06-02 05:15:38,769 [af4b945e-05c9-4c95-92ea-ec296ba0645f-server-thread1] INFO  segmented.SegmentedRaftLogWorker (SegmentedRaftLogWorker.java:startLogSegment(447)) - af4b945e-05c9-4c95-92ea-ec296ba0645f@group-15729F2E584F-SegmentedRaftLogWorker: Starting segment from index:0
2023-06-02 05:15:38,770 [dd6dae7b-c4a9-4a16-a5ce-973fa036779e@group-15729F2E584F-SegmentedRaftLogWorker] INFO  segmented.SegmentedRaftLogWorker (SegmentedRaftLogWorker.java:execute(651)) - dd6dae7b-c4a9-4a16-a5ce-973fa036779e@group-15729F2E584F-SegmentedRaftLogWorker: created new log segment /home/runner/work/ozone/ozone/hadoop-ozone/integration-test/target/test-dir/MiniOzoneClusterImpl-4e6c5432-da36-405d-b7f1-05871ead9573/datanode-9/data/ratis/bcbcaefd-8b01-44a7-a02c-15729f2e584f/current/log_inprogress_0
2023-06-02 05:15:38,770 [af4b945e-05c9-4c95-92ea-ec296ba0645f@group-15729F2E584F-SegmentedRaftLogWorker] INFO  segmented.SegmentedRaftLogWorker (SegmentedRaftLogWorker.java:execute(651)) - af4b945e-05c9-4c95-92ea-ec296ba0645f@group-15729F2E584F-SegmentedRaftLogWorker: created new log segment /home/runner/work/ozone/ozone/hadoop-ozone/integration-test/target/test-dir/MiniOzoneClusterImpl-4e6c5432-da36-405d-b7f1-05871ead9573/datanode-11/data/ratis/bcbcaefd-8b01-44a7-a02c-15729f2e584f/current/log_inprogress_0
2023-06-02 05:15:38,906 [af4b945e-05c9-4c95-92ea-ec296ba0645f@group-05EC0D08DC3A-FollowerState] INFO  impl.FollowerState (FollowerState.java:run(143)) - af4b945e-05c9-4c95-92ea-ec296ba0645f@group-05EC0D08DC3A-FollowerState: change to CANDIDATE, lastRpcElapsedTime:5078930465ns, electionTimeout:5075ms
2023-06-02 05:15:38,906 [af4b945e-05c9-4c95-92ea-ec296ba0645f@group-05EC0D08DC3A-FollowerState] INFO  impl.RoleInfo (RoleInfo.java:shutdownFollowerState(110)) - af4b945e-05c9-4c95-92ea-ec296ba0645f: shutdown af4b945e-05c9-4c95-92ea-ec296ba0645f@group-05EC0D08DC3A-FollowerState
2023-06-02 05:15:38,906 [af4b945e-05c9-4c95-92ea-ec296ba0645f@group-05EC0D08DC3A-FollowerState] INFO  server.RaftServer$Division (RaftServerImpl.java:setRole(329)) - af4b945e-05c9-4c95-92ea-ec296ba0645f@group-05EC0D08DC3A: changes role from  FOLLOWER to CANDIDATE at term 0 for changeToCandidate
2023-06-02 05:15:38,906 [af4b945e-05c9-4c95-92ea-ec296ba0645f@group-05EC0D08DC3A-FollowerState] INFO  server.RaftServerConfigKeys (ConfUtils.java:logGet(46)) - raft.server.leaderelection.pre-vote = true (default)
2023-06-02 05:15:38,906 [af4b945e-05c9-4c95-92ea-ec296ba0645f@group-05EC0D08DC3A-FollowerState] INFO  impl.RoleInfo (RoleInfo.java:updateAndGet(139)) - af4b945e-05c9-4c95-92ea-ec296ba0645f: start af4b945e-05c9-4c95-92ea-ec296ba0645f@group-05EC0D08DC3A-LeaderElection29
2023-06-02 05:15:38,909 [af4b945e-05c9-4c95-92ea-ec296ba0645f@group-05EC0D08DC3A-LeaderElection29] INFO  impl.LeaderElection (LeaderElection.java:askForVotes(321)) - af4b945e-05c9-4c95-92ea-ec296ba0645f@group-05EC0D08DC3A-LeaderElection29 PRE_VOTE round 0: submit vote requests at term 0 for -1: peers:[af4b945e-05c9-4c95-92ea-ec296ba0645f|rpc:10.1.74.1:15113|admin:10.1.74.1:15112|client:10.1.74.1:15111|dataStream:10.1.74.1:15114|priority:1|startupRole:FOLLOWER]|listeners:[], old=null
2023-06-02 05:15:38,909 [af4b945e-05c9-4c95-92ea-ec296ba0645f@group-05EC0D08DC3A-LeaderElection29] INFO  impl.LeaderElection (LeaderElection.java:askForVotes(323)) - af4b945e-05c9-4c95-92ea-ec296ba0645f@group-05EC0D08DC3A-LeaderElection29 PRE_VOTE round 0: result PASSED (term=0)
2023-06-02 05:15:38,913 [af4b945e-05c9-4c95-92ea-ec296ba0645f@group-05EC0D08DC3A-LeaderElection29] INFO  impl.LeaderElection (LeaderElection.java:askForVotes(321)) - af4b945e-05c9-4c95-92ea-ec296ba0645f@group-05EC0D08DC3A-LeaderElection29 ELECTION round 0: submit vote requests at term 1 for -1: peers:[af4b945e-05c9-4c95-92ea-ec296ba0645f|rpc:10.1.74.1:15113|admin:10.1.74.1:15112|client:10.1.74.1:15111|dataStream:10.1.74.1:15114|priority:1|startupRole:FOLLOWER]|listeners:[], old=null
2023-06-02 05:15:38,919 [af4b945e-05c9-4c95-92ea-ec296ba0645f@group-05EC0D08DC3A-LeaderElection29] INFO  impl.LeaderElection (LeaderElection.java:askForVotes(323)) - af4b945e-05c9-4c95-92ea-ec296ba0645f@group-05EC0D08DC3A-LeaderElection29 ELECTION round 0: result PASSED (term=1)
2023-06-02 05:15:38,919 [af4b945e-05c9-4c95-92ea-ec296ba0645f@group-05EC0D08DC3A-LeaderElection29] INFO  impl.RoleInfo (RoleInfo.java:shutdownLeaderElection(130)) - af4b945e-05c9-4c95-92ea-ec296ba0645f: shutdown af4b945e-05c9-4c95-92ea-ec296ba0645f@group-05EC0D08DC3A-LeaderElection29
2023-06-02 05:15:38,919 [af4b945e-05c9-4c95-92ea-ec296ba0645f@group-05EC0D08DC3A-LeaderElection29] INFO  server.RaftServer$Division (RaftServerImpl.java:setRole(329)) - af4b945e-05c9-4c95-92ea-ec296ba0645f@group-05EC0D08DC3A: changes role from CANDIDATE to LEADER at term 1 for changeToLeader
2023-06-02 05:15:38,919 [af4b945e-05c9-4c95-92ea-ec296ba0645f@group-05EC0D08DC3A-LeaderElection29] INFO  ratis.XceiverServerRatis (XceiverServerRatis.java:handleLeaderChangedNotification(902)) - Leader change notification received for group: group-05EC0D08DC3A with new leaderId: af4b945e-05c9-4c95-92ea-ec296ba0645f
2023-06-02 05:15:38,920 [af4b945e-05c9-4c95-92ea-ec296ba0645f@group-05EC0D08DC3A-LeaderElection29] INFO  server.RaftServer$Division (ServerState.java:setLeader(317)) - af4b945e-05c9-4c95-92ea-ec296ba0645f@group-05EC0D08DC3A: change Leader from null to af4b945e-05c9-4c95-92ea-ec296ba0645f at term 1 for becomeLeader, leader elected after 5124ms
2023-06-02 05:15:38,920 [af4b945e-05c9-4c95-92ea-ec296ba0645f@group-05EC0D08DC3A-LeaderElection29] INFO  server.RaftServerConfigKeys (ConfUtils.java:logGet(46)) - raft.server.staging.catchup.gap = 1000 (default)
2023-06-02 05:15:38,920 [af4b945e-05c9-4c95-92ea-ec296ba0645f@group-05EC0D08DC3A-LeaderElection29] INFO  server.RaftServerConfigKeys (ConfUtils.java:logGet(46)) - raft.server.write.element-limit = 1024 (custom)
2023-06-02 05:15:38,920 [af4b945e-05c9-4c95-92ea-ec296ba0645f@group-05EC0D08DC3A-LeaderElection29] INFO  server.RaftServerConfigKeys (ConfUtils.java:logGet(46)) - raft.server.write.byte-limit = 1024 M (=1073741824) (custom)
2023-06-02 05:15:38,921 [af4b945e-05c9-4c95-92ea-ec296ba0645f@group-05EC0D08DC3A-LeaderElection29] INFO  server.RaftServerConfigKeys (ConfUtils.java:logGet(46)) - raft.server.watch.timeout = 180s (custom)
2023-06-02 05:15:38,921 [af4b945e-05c9-4c95-92ea-ec296ba0645f@group-05EC0D08DC3A-LeaderElection29] INFO  server.RaftServerConfigKeys (ConfUtils.java:logGet(46)) - raft.server.watch.timeout.denomination = 1s (default)
2023-06-02 05:15:38,921 [af4b945e-05c9-4c95-92ea-ec296ba0645f@group-05EC0D08DC3A-LeaderElection29] INFO  server.RaftServerConfigKeys (ConfUtils.java:logGet(46)) - raft.server.watch.element-limit = 65536 (default)
2023-06-02 05:15:38,921 [af4b945e-05c9-4c95-92ea-ec296ba0645f@group-05EC0D08DC3A-LeaderElection29] INFO  server.RaftServerConfigKeys (ConfUtils.java:logGet(46)) - raft.server.write.element-limit = 1024 (custom)
2023-06-02 05:15:38,921 [af4b945e-05c9-4c95-92ea-ec296ba0645f@group-05EC0D08DC3A-LeaderElection29] INFO  server.RaftServerConfigKeys (ConfUtils.java:logGet(46)) - raft.server.write.follower.gap.ratio.max = -1.0 (default)
2023-06-02 05:15:38,921 [af4b945e-05c9-4c95-92ea-ec296ba0645f@group-05EC0D08DC3A-LeaderElection29] INFO  impl.RoleInfo (RoleInfo.java:updateAndGet(139)) - af4b945e-05c9-4c95-92ea-ec296ba0645f: start af4b945e-05c9-4c95-92ea-ec296ba0645f@group-05EC0D08DC3A-LeaderStateImpl
2023-06-02 05:15:38,921 [af4b945e-05c9-4c95-92ea-ec296ba0645f@group-05EC0D08DC3A-LeaderElection29] INFO  segmented.SegmentedRaftLogWorker (SegmentedRaftLogWorker.java:startLogSegment(447)) - af4b945e-05c9-4c95-92ea-ec296ba0645f@group-05EC0D08DC3A-SegmentedRaftLogWorker: Starting segment from index:0
2023-06-02 05:15:38,922 [af4b945e-05c9-4c95-92ea-ec296ba0645f@group-05EC0D08DC3A-LeaderElection29] INFO  server.RaftServer$Division (ServerState.java:setRaftConf(434)) - af4b945e-05c9-4c95-92ea-ec296ba0645f@group-05EC0D08DC3A: set configuration 0: peers:[af4b945e-05c9-4c95-92ea-ec296ba0645f|rpc:10.1.74.1:15113|admin:10.1.74.1:15112|client:10.1.74.1:15111|dataStream:10.1.74.1:15114|priority:1|startupRole:FOLLOWER]|listeners:[], old=null
2023-06-02 05:15:38,923 [af4b945e-05c9-4c95-92ea-ec296ba0645f@group-05EC0D08DC3A-SegmentedRaftLogWorker] INFO  segmented.SegmentedRaftLogWorker (SegmentedRaftLogWorker.java:execute(651)) - af4b945e-05c9-4c95-92ea-ec296ba0645f@group-05EC0D08DC3A-SegmentedRaftLogWorker: created new log segment /home/runner/work/ozone/ozone/hadoop-ozone/integration-test/target/test-dir/MiniOzoneClusterImpl-4e6c5432-da36-405d-b7f1-05871ead9573/datanode-11/data/ratis/f39aed60-4b07-4b6f-a8c3-05ec0d08dc3a/current/log_inprogress_0
2023-06-02 05:15:39,781 [02d5e712-89f3-441d-ae82-935a5ddb56eb@group-FD8888020DAC-FollowerState] INFO  impl.FollowerState (FollowerState.java:run(143)) - 02d5e712-89f3-441d-ae82-935a5ddb56eb@group-FD8888020DAC-FollowerState: change to CANDIDATE, lastRpcElapsedTime:5161755410ns, electionTimeout:5161ms
2023-06-02 05:15:39,781 [02d5e712-89f3-441d-ae82-935a5ddb56eb@group-FD8888020DAC-FollowerState] INFO  impl.RoleInfo (RoleInfo.java:shutdownFollowerState(110)) - 02d5e712-89f3-441d-ae82-935a5ddb56eb: shutdown 02d5e712-89f3-441d-ae82-935a5ddb56eb@group-FD8888020DAC-FollowerState
2023-06-02 05:15:39,781 [02d5e712-89f3-441d-ae82-935a5ddb56eb@group-FD8888020DAC-FollowerState] INFO  server.RaftServer$Division (RaftServerImpl.java:setRole(329)) - 02d5e712-89f3-441d-ae82-935a5ddb56eb@group-FD8888020DAC: changes role from  FOLLOWER to CANDIDATE at term 0 for changeToCandidate
2023-06-02 05:15:39,781 [02d5e712-89f3-441d-ae82-935a5ddb56eb@group-FD8888020DAC-FollowerState] INFO  server.RaftServerConfigKeys (ConfUtils.java:logGet(46)) - raft.server.leaderelection.pre-vote = true (default)
2023-06-02 05:15:39,781 [02d5e712-89f3-441d-ae82-935a5ddb56eb@group-FD8888020DAC-FollowerState] INFO  impl.RoleInfo (RoleInfo.java:updateAndGet(139)) - 02d5e712-89f3-441d-ae82-935a5ddb56eb: start 02d5e712-89f3-441d-ae82-935a5ddb56eb@group-FD8888020DAC-LeaderElection30
2023-06-02 05:15:39,788 [02d5e712-89f3-441d-ae82-935a5ddb56eb@group-FD8888020DAC-LeaderElection30] INFO  impl.LeaderElection (LeaderElection.java:askForVotes(321)) - 02d5e712-89f3-441d-ae82-935a5ddb56eb@group-FD8888020DAC-LeaderElection30 PRE_VOTE round 0: submit vote requests at term 0 for -1: peers:[02d5e712-89f3-441d-ae82-935a5ddb56eb|rpc:10.1.74.1:15122|admin:10.1.74.1:15121|client:10.1.74.1:15120|dataStream:10.1.74.1:15123|priority:1|startupRole:FOLLOWER]|listeners:[], old=null
2023-06-02 05:15:39,788 [02d5e712-89f3-441d-ae82-935a5ddb56eb@group-FD8888020DAC-LeaderElection30] INFO  impl.LeaderElection (LeaderElection.java:askForVotes(323)) - 02d5e712-89f3-441d-ae82-935a5ddb56eb@group-FD8888020DAC-LeaderElection30 PRE_VOTE round 0: result PASSED (term=0)
2023-06-02 05:15:39,790 [02d5e712-89f3-441d-ae82-935a5ddb56eb@group-FD8888020DAC-LeaderElection30] INFO  impl.LeaderElection (LeaderElection.java:askForVotes(321)) - 02d5e712-89f3-441d-ae82-935a5ddb56eb@group-FD8888020DAC-LeaderElection30 ELECTION round 0: submit vote requests at term 1 for -1: peers:[02d5e712-89f3-441d-ae82-935a5ddb56eb|rpc:10.1.74.1:15122|admin:10.1.74.1:15121|client:10.1.74.1:15120|dataStream:10.1.74.1:15123|priority:1|startupRole:FOLLOWER]|listeners:[], old=null
2023-06-02 05:15:39,790 [02d5e712-89f3-441d-ae82-935a5ddb56eb@group-FD8888020DAC-LeaderElection30] INFO  impl.LeaderElection (LeaderElection.java:askForVotes(323)) - 02d5e712-89f3-441d-ae82-935a5ddb56eb@group-FD8888020DAC-LeaderElection30 ELECTION round 0: result PASSED (term=1)
2023-06-02 05:15:39,790 [02d5e712-89f3-441d-ae82-935a5ddb56eb@group-FD8888020DAC-LeaderElection30] INFO  impl.RoleInfo (RoleInfo.java:shutdownLeaderElection(130)) - 02d5e712-89f3-441d-ae82-935a5ddb56eb: shutdown 02d5e712-89f3-441d-ae82-935a5ddb56eb@group-FD8888020DAC-LeaderElection30
2023-06-02 05:15:39,790 [02d5e712-89f3-441d-ae82-935a5ddb56eb@group-FD8888020DAC-LeaderElection30] INFO  server.RaftServer$Division (RaftServerImpl.java:setRole(329)) - 02d5e712-89f3-441d-ae82-935a5ddb56eb@group-FD8888020DAC: changes role from CANDIDATE to LEADER at term 1 for changeToLeader
2023-06-02 05:15:39,790 [02d5e712-89f3-441d-ae82-935a5ddb56eb@group-FD8888020DAC-LeaderElection30] INFO  ratis.XceiverServerRatis (XceiverServerRatis.java:handleLeaderChangedNotification(902)) - Leader change notification received for group: group-FD8888020DAC with new leaderId: 02d5e712-89f3-441d-ae82-935a5ddb56eb
2023-06-02 05:15:39,791 [02d5e712-89f3-441d-ae82-935a5ddb56eb@group-FD8888020DAC-LeaderElection30] INFO  server.RaftServer$Division (ServerState.java:setLeader(317)) - 02d5e712-89f3-441d-ae82-935a5ddb56eb@group-FD8888020DAC: change Leader from null to 02d5e712-89f3-441d-ae82-935a5ddb56eb at term 1 for becomeLeader, leader elected after 5197ms
2023-06-02 05:15:39,791 [02d5e712-89f3-441d-ae82-935a5ddb56eb@group-FD8888020DAC-LeaderElection30] INFO  server.RaftServerConfigKeys (ConfUtils.java:logGet(46)) - raft.server.staging.catchup.gap = 1000 (default)
2023-06-02 05:15:39,791 [02d5e712-89f3-441d-ae82-935a5ddb56eb@group-FD8888020DAC-LeaderElection30] INFO  server.RaftServerConfigKeys (ConfUtils.java:logGet(46)) - raft.server.write.element-limit = 1024 (custom)
2023-06-02 05:15:39,791 [02d5e712-89f3-441d-ae82-935a5ddb56eb@group-FD8888020DAC-LeaderElection30] INFO  server.RaftServerConfigKeys (ConfUtils.java:logGet(46)) - raft.server.write.byte-limit = 1024 M (=1073741824) (custom)
2023-06-02 05:15:39,792 [02d5e712-89f3-441d-ae82-935a5ddb56eb@group-FD8888020DAC-LeaderElection30] INFO  server.RaftServerConfigKeys (ConfUtils.java:logGet(46)) - raft.server.watch.timeout = 180s (custom)
2023-06-02 05:15:39,792 [02d5e712-89f3-441d-ae82-935a5ddb56eb@group-FD8888020DAC-LeaderElection30] INFO  server.RaftServerConfigKeys (ConfUtils.java:logGet(46)) - raft.server.watch.timeout.denomination = 1s (default)
2023-06-02 05:15:39,792 [02d5e712-89f3-441d-ae82-935a5ddb56eb@group-FD8888020DAC-LeaderElection30] INFO  server.RaftServerConfigKeys (ConfUtils.java:logGet(46)) - raft.server.watch.element-limit = 65536 (default)
2023-06-02 05:15:39,792 [02d5e712-89f3-441d-ae82-935a5ddb56eb@group-FD8888020DAC-LeaderElection30] INFO  server.RaftServerConfigKeys (ConfUtils.java:logGet(46)) - raft.server.write.element-limit = 1024 (custom)
2023-06-02 05:15:39,792 [02d5e712-89f3-441d-ae82-935a5ddb56eb@group-FD8888020DAC-LeaderElection30] INFO  server.RaftServerConfigKeys (ConfUtils.java:logGet(46)) - raft.server.write.follower.gap.ratio.max = -1.0 (default)
2023-06-02 05:15:39,792 [02d5e712-89f3-441d-ae82-935a5ddb56eb@group-FD8888020DAC-LeaderElection30] INFO  impl.RoleInfo (RoleInfo.java:updateAndGet(139)) - 02d5e712-89f3-441d-ae82-935a5ddb56eb: start 02d5e712-89f3-441d-ae82-935a5ddb56eb@group-FD8888020DAC-LeaderStateImpl
2023-06-02 05:15:39,792 [02d5e712-89f3-441d-ae82-935a5ddb56eb@group-FD8888020DAC-LeaderElection30] INFO  segmented.SegmentedRaftLogWorker (SegmentedRaftLogWorker.java:startLogSegment(447)) - 02d5e712-89f3-441d-ae82-935a5ddb56eb@group-FD8888020DAC-SegmentedRaftLogWorker: Starting segment from index:0
2023-06-02 05:15:39,793 [02d5e712-89f3-441d-ae82-935a5ddb56eb@group-FD8888020DAC-LeaderElection30] INFO  server.RaftServer$Division (ServerState.java:setRaftConf(434)) - 02d5e712-89f3-441d-ae82-935a5ddb56eb@group-FD8888020DAC: set configuration 0: peers:[02d5e712-89f3-441d-ae82-935a5ddb56eb|rpc:10.1.74.1:15122|admin:10.1.74.1:15121|client:10.1.74.1:15120|dataStream:10.1.74.1:15123|priority:1|startupRole:FOLLOWER]|listeners:[], old=null
2023-06-02 05:15:39,794 [02d5e712-89f3-441d-ae82-935a5ddb56eb@group-FD8888020DAC-SegmentedRaftLogWorker] INFO  segmented.SegmentedRaftLogWorker (SegmentedRaftLogWorker.java:execute(651)) - 02d5e712-89f3-441d-ae82-935a5ddb56eb@group-FD8888020DAC-SegmentedRaftLogWorker: created new log segment /home/runner/work/ozone/ozone/hadoop-ozone/integration-test/target/test-dir/MiniOzoneClusterImpl-4e6c5432-da36-405d-b7f1-05871ead9573/datanode-12/data/ratis/329a09f1-bb4e-4ac1-8f01-fd8888020dac/current/log_inprogress_0
2023-06-02 05:15:40,028 [974c4613-d60a-49f9-a8d7-7eb2aff460ff@group-0D1AE4ABFC49-FollowerState] INFO  impl.FollowerState (FollowerState.java:run(143)) - 974c4613-d60a-49f9-a8d7-7eb2aff460ff@group-0D1AE4ABFC49-FollowerState: change to CANDIDATE, lastRpcElapsedTime:5130221327ns, electionTimeout:5128ms
2023-06-02 05:15:40,028 [974c4613-d60a-49f9-a8d7-7eb2aff460ff@group-0D1AE4ABFC49-FollowerState] INFO  impl.RoleInfo (RoleInfo.java:shutdownFollowerState(110)) - 974c4613-d60a-49f9-a8d7-7eb2aff460ff: shutdown 974c4613-d60a-49f9-a8d7-7eb2aff460ff@group-0D1AE4ABFC49-FollowerState
2023-06-02 05:15:40,028 [974c4613-d60a-49f9-a8d7-7eb2aff460ff@group-0D1AE4ABFC49-FollowerState] INFO  server.RaftServer$Division (RaftServerImpl.java:setRole(329)) - 974c4613-d60a-49f9-a8d7-7eb2aff460ff@group-0D1AE4ABFC49: changes role from  FOLLOWER to CANDIDATE at term 0 for changeToCandidate
2023-06-02 05:15:40,029 [974c4613-d60a-49f9-a8d7-7eb2aff460ff@group-0D1AE4ABFC49-FollowerState] INFO  server.RaftServerConfigKeys (ConfUtils.java:logGet(46)) - raft.server.leaderelection.pre-vote = true (default)
2023-06-02 05:15:40,029 [974c4613-d60a-49f9-a8d7-7eb2aff460ff@group-0D1AE4ABFC49-FollowerState] INFO  impl.RoleInfo (RoleInfo.java:updateAndGet(139)) - 974c4613-d60a-49f9-a8d7-7eb2aff460ff: start 974c4613-d60a-49f9-a8d7-7eb2aff460ff@group-0D1AE4ABFC49-LeaderElection31
2023-06-02 05:15:40,029 [974c4613-d60a-49f9-a8d7-7eb2aff460ff@group-0D1AE4ABFC49-LeaderElection31] INFO  impl.LeaderElection (LeaderElection.java:askForVotes(321)) - 974c4613-d60a-49f9-a8d7-7eb2aff460ff@group-0D1AE4ABFC49-LeaderElection31 PRE_VOTE round 0: submit vote requests at term 0 for -1: peers:[974c4613-d60a-49f9-a8d7-7eb2aff460ff|rpc:10.1.74.1:15131|admin:10.1.74.1:15130|client:10.1.74.1:15129|dataStream:10.1.74.1:15132|priority:1|startupRole:FOLLOWER]|listeners:[], old=null
2023-06-02 05:15:40,029 [974c4613-d60a-49f9-a8d7-7eb2aff460ff@group-0D1AE4ABFC49-LeaderElection31] INFO  impl.LeaderElection (LeaderElection.java:askForVotes(323)) - 974c4613-d60a-49f9-a8d7-7eb2aff460ff@group-0D1AE4ABFC49-LeaderElection31 PRE_VOTE round 0: result PASSED (term=0)
2023-06-02 05:15:40,031 [974c4613-d60a-49f9-a8d7-7eb2aff460ff@group-0D1AE4ABFC49-LeaderElection31] INFO  impl.LeaderElection (LeaderElection.java:askForVotes(321)) - 974c4613-d60a-49f9-a8d7-7eb2aff460ff@group-0D1AE4ABFC49-LeaderElection31 ELECTION round 0: submit vote requests at term 1 for -1: peers:[974c4613-d60a-49f9-a8d7-7eb2aff460ff|rpc:10.1.74.1:15131|admin:10.1.74.1:15130|client:10.1.74.1:15129|dataStream:10.1.74.1:15132|priority:1|startupRole:FOLLOWER]|listeners:[], old=null
2023-06-02 05:15:40,031 [974c4613-d60a-49f9-a8d7-7eb2aff460ff@group-0D1AE4ABFC49-LeaderElection31] INFO  impl.LeaderElection (LeaderElection.java:askForVotes(323)) - 974c4613-d60a-49f9-a8d7-7eb2aff460ff@group-0D1AE4ABFC49-LeaderElection31 ELECTION round 0: result PASSED (term=1)
2023-06-02 05:15:40,031 [974c4613-d60a-49f9-a8d7-7eb2aff460ff@group-0D1AE4ABFC49-LeaderElection31] INFO  impl.RoleInfo (RoleInfo.java:shutdownLeaderElection(130)) - 974c4613-d60a-49f9-a8d7-7eb2aff460ff: shutdown 974c4613-d60a-49f9-a8d7-7eb2aff460ff@group-0D1AE4ABFC49-LeaderElection31
2023-06-02 05:15:40,032 [974c4613-d60a-49f9-a8d7-7eb2aff460ff@group-0D1AE4ABFC49-LeaderElection31] INFO  server.RaftServer$Division (RaftServerImpl.java:setRole(329)) - 974c4613-d60a-49f9-a8d7-7eb2aff460ff@group-0D1AE4ABFC49: changes role from CANDIDATE to LEADER at term 1 for changeToLeader
2023-06-02 05:15:40,032 [974c4613-d60a-49f9-a8d7-7eb2aff460ff@group-0D1AE4ABFC49-LeaderElection31] INFO  ratis.XceiverServerRatis (XceiverServerRatis.java:handleLeaderChangedNotification(902)) - Leader change notification received for group: group-0D1AE4ABFC49 with new leaderId: 974c4613-d60a-49f9-a8d7-7eb2aff460ff
2023-06-02 05:15:40,032 [974c4613-d60a-49f9-a8d7-7eb2aff460ff@group-0D1AE4ABFC49-LeaderElection31] INFO  server.RaftServer$Division (ServerState.java:setLeader(317)) - 974c4613-d60a-49f9-a8d7-7eb2aff460ff@group-0D1AE4ABFC49: change Leader from null to 974c4613-d60a-49f9-a8d7-7eb2aff460ff at term 1 for becomeLeader, leader elected after 5323ms
2023-06-02 05:15:40,032 [974c4613-d60a-49f9-a8d7-7eb2aff460ff@group-0D1AE4ABFC49-LeaderElection31] INFO  server.RaftServerConfigKeys (ConfUtils.java:logGet(46)) - raft.server.staging.catchup.gap = 1000 (default)
2023-06-02 05:15:40,032 [974c4613-d60a-49f9-a8d7-7eb2aff460ff@group-0D1AE4ABFC49-LeaderElection31] INFO  server.RaftServerConfigKeys (ConfUtils.java:logGet(46)) - raft.server.write.element-limit = 1024 (custom)
2023-06-02 05:15:40,032 [974c4613-d60a-49f9-a8d7-7eb2aff460ff@group-0D1AE4ABFC49-LeaderElection31] INFO  server.RaftServerConfigKeys (ConfUtils.java:logGet(46)) - raft.server.write.byte-limit = 1024 M (=1073741824) (custom)
2023-06-02 05:15:40,033 [974c4613-d60a-49f9-a8d7-7eb2aff460ff@group-0D1AE4ABFC49-LeaderElection31] INFO  server.RaftServerConfigKeys (ConfUtils.java:logGet(46)) - raft.server.watch.timeout = 180s (custom)
2023-06-02 05:15:40,033 [974c4613-d60a-49f9-a8d7-7eb2aff460ff@group-0D1AE4ABFC49-LeaderElection31] INFO  server.RaftServerConfigKeys (ConfUtils.java:logGet(46)) - raft.server.watch.timeout.denomination = 1s (default)
2023-06-02 05:15:40,033 [974c4613-d60a-49f9-a8d7-7eb2aff460ff@group-0D1AE4ABFC49-LeaderElection31] INFO  server.RaftServerConfigKeys (ConfUtils.java:logGet(46)) - raft.server.watch.element-limit = 65536 (default)
2023-06-02 05:15:40,033 [974c4613-d60a-49f9-a8d7-7eb2aff460ff@group-0D1AE4ABFC49-LeaderElection31] INFO  server.RaftServerConfigKeys (ConfUtils.java:logGet(46)) - raft.server.write.element-limit = 1024 (custom)
2023-06-02 05:15:40,034 [974c4613-d60a-49f9-a8d7-7eb2aff460ff@group-0D1AE4ABFC49-LeaderElection31] INFO  server.RaftServerConfigKeys (ConfUtils.java:logGet(46)) - raft.server.write.follower.gap.ratio.max = -1.0 (default)
2023-06-02 05:15:40,034 [974c4613-d60a-49f9-a8d7-7eb2aff460ff@group-0D1AE4ABFC49-LeaderElection31] INFO  impl.RoleInfo (RoleInfo.java:updateAndGet(139)) - 974c4613-d60a-49f9-a8d7-7eb2aff460ff: start 974c4613-d60a-49f9-a8d7-7eb2aff460ff@group-0D1AE4ABFC49-LeaderStateImpl
2023-06-02 05:15:40,034 [974c4613-d60a-49f9-a8d7-7eb2aff460ff@group-0D1AE4ABFC49-LeaderElection31] INFO  segmented.SegmentedRaftLogWorker (SegmentedRaftLogWorker.java:startLogSegment(447)) - 974c4613-d60a-49f9-a8d7-7eb2aff460ff@group-0D1AE4ABFC49-SegmentedRaftLogWorker: Starting segment from index:0
2023-06-02 05:15:40,035 [974c4613-d60a-49f9-a8d7-7eb2aff460ff@group-0D1AE4ABFC49-LeaderElection31] INFO  server.RaftServer$Division (ServerState.java:setRaftConf(434)) - 974c4613-d60a-49f9-a8d7-7eb2aff460ff@group-0D1AE4ABFC49: set configuration 0: peers:[974c4613-d60a-49f9-a8d7-7eb2aff460ff|rpc:10.1.74.1:15131|admin:10.1.74.1:15130|client:10.1.74.1:15129|dataStream:10.1.74.1:15132|priority:1|startupRole:FOLLOWER]|listeners:[], old=null
2023-06-02 05:15:40,036 [974c4613-d60a-49f9-a8d7-7eb2aff460ff@group-0D1AE4ABFC49-SegmentedRaftLogWorker] INFO  segmented.SegmentedRaftLogWorker (SegmentedRaftLogWorker.java:execute(651)) - 974c4613-d60a-49f9-a8d7-7eb2aff460ff@group-0D1AE4ABFC49-SegmentedRaftLogWorker: created new log segment /home/runner/work/ozone/ozone/hadoop-ozone/integration-test/target/test-dir/MiniOzoneClusterImpl-4e6c5432-da36-405d-b7f1-05871ead9573/datanode-13/data/ratis/8a4103f5-a0b2-4df0-87cf-0d1ae4abfc49/current/log_inprogress_0
]]></system-out>
  </testcase>
  <testcase name="bucketUsedBytesOverWrite(BucketLayout)[2]" classname="org.apache.hadoop.ozone.client.rpc.TestSecureOzoneRpcClient" time="0.206">
    <system-out><![CDATA[2023-06-02 05:15:47,760 [main] INFO  rpc.RpcClient (RpcClient.java:createVolume(459)) - Creating Volume: cb4dcb81-f2a4-4ef3-a72b-8035fad0116f, with runner as owner and space quota set to -1 bytes, counts quota set to -1
2023-06-02 05:15:47,764 [OM StateMachine ApplyTransaction Thread - 0] INFO  volume.OMVolumeCreateRequest (OMVolumeCreateRequest.java:validateAndUpdateCache(196)) - created volume:cb4dcb81-f2a4-4ef3-a72b-8035fad0116f for user:runner
2023-06-02 05:15:47,772 [main] INFO  rpc.RpcClient (RpcClient.java:createBucket(686)) - Creating Bucket: cb4dcb81-f2a4-4ef3-a72b-8035fad0116f/06798e61-f58c-406f-b384-1a40c6f21197, with bucket layout LEGACY, runner as owner, Versioning true, Storage Type set to DISK and Encryption set to false, Replication Type set to server-side default replication type, Namespace Quota set to -1, Space Quota set to -1 
2023-06-02 05:15:47,777 [OM StateMachine ApplyTransaction Thread - 0] INFO  bucket.OMBucketCreateRequest (OMBucketCreateRequest.java:validateAndUpdateCache(270)) - created bucket: 06798e61-f58c-406f-b384-1a40c6f21197 of layout LEGACY in volume: cb4dcb81-f2a4-4ef3-a72b-8035fad0116f
]]></system-out>
  </testcase>
  <testcase name="bucketUsedBytesOverWrite(BucketLayout)[3]" classname="org.apache.hadoop.ozone.client.rpc.TestSecureOzoneRpcClient" time="0.165">
    <system-out><![CDATA[2023-06-02 05:15:47,968 [main] INFO  rpc.RpcClient (RpcClient.java:createVolume(459)) - Creating Volume: f1e8402f-f192-4df6-b5c0-eea9fa1bef40, with runner as owner and space quota set to -1 bytes, counts quota set to -1
2023-06-02 05:15:47,971 [OM StateMachine ApplyTransaction Thread - 0] INFO  volume.OMVolumeCreateRequest (OMVolumeCreateRequest.java:validateAndUpdateCache(196)) - created volume:f1e8402f-f192-4df6-b5c0-eea9fa1bef40 for user:runner
2023-06-02 05:15:47,977 [main] INFO  rpc.RpcClient (RpcClient.java:createBucket(686)) - Creating Bucket: f1e8402f-f192-4df6-b5c0-eea9fa1bef40/95c53616-e422-40be-99b6-1f85c96b53f9, with bucket layout FILE_SYSTEM_OPTIMIZED, runner as owner, Versioning true, Storage Type set to DISK and Encryption set to false, Replication Type set to server-side default replication type, Namespace Quota set to -1, Space Quota set to -1 
2023-06-02 05:15:47,981 [OM StateMachine ApplyTransaction Thread - 0] INFO  bucket.OMBucketCreateRequest (OMBucketCreateRequest.java:validateAndUpdateCache(270)) - created bucket: 95c53616-e422-40be-99b6-1f85c96b53f9 of layout FILE_SYSTEM_OPTIMIZED in volume: f1e8402f-f192-4df6-b5c0-eea9fa1bef40
]]></system-out>
  </testcase>
  <testcase name="testAbortUploadFail" classname="org.apache.hadoop.ozone.client.rpc.TestSecureOzoneRpcClient" time="0.048">
    <system-out><![CDATA[2023-06-02 05:15:48,134 [main] INFO  rpc.RpcClient (RpcClient.java:createVolume(459)) - Creating Volume: d1a2b9a5-28ea-4022-97cb-ce9aa895a5e9, with runner as owner and space quota set to -1 bytes, counts quota set to -1
2023-06-02 05:15:48,138 [OM StateMachine ApplyTransaction Thread - 0] INFO  volume.OMVolumeCreateRequest (OMVolumeCreateRequest.java:validateAndUpdateCache(196)) - created volume:d1a2b9a5-28ea-4022-97cb-ce9aa895a5e9 for user:runner
2023-06-02 05:15:48,141 [main] INFO  rpc.RpcClient (RpcClient.java:createBucket(686)) - Creating Bucket: d1a2b9a5-28ea-4022-97cb-ce9aa895a5e9/674f87c8-bf99-46c0-bd35-6be769e5e124, with server-side default bucket layout, runner as owner, Versioning false, Storage Type set to DISK and Encryption set to false, Replication Type set to server-side default replication type, Namespace Quota set to -1, Space Quota set to -1 
2023-06-02 05:15:48,145 [OM StateMachine ApplyTransaction Thread - 0] INFO  bucket.OMBucketCreateRequest (OMBucketCreateRequest.java:validateAndUpdateCache(270)) - created bucket: 674f87c8-bf99-46c0-bd35-6be769e5e124 of layout OBJECT_STORE in volume: d1a2b9a5-28ea-4022-97cb-ce9aa895a5e9
05:15:48.161 [OM StateMachine ApplyTransaction Thread - 0] ERROR OMAudit - user=runner | ip=127.0.0.1 | op=ABORT_MULTIPART_UPLOAD {volume=d1a2b9a5-28ea-4022-97cb-ce9aa895a5e9, bucket=674f87c8-bf99-46c0-bd35-6be769e5e124, key=b241b51b-7242-4555-8ab6-e1639c8bcfaf, dataSize=0, replicationType=NONE, replicationFactor=ZERO} | ret=FAILURE
org.apache.hadoop.ozone.om.exceptions.OMException: Abort Multipart Upload Failed: volume: d1a2b9a5-28ea-4022-97cb-ce9aa895a5e9bucket: 674f87c8-bf99-46c0-bd35-6be769e5e124key: b241b51b-7242-4555-8ab6-e1639c8bcfaf
	at org.apache.hadoop.ozone.om.request.s3.multipart.S3MultipartUploadAbortRequest.validateAndUpdateCache(S3MultipartUploadAbortRequest.java:159) ~[ozone-manager-1.4.0-SNAPSHOT.jar:?]
	at org.apache.hadoop.ozone.protocolPB.OzoneManagerRequestHandler.handleWriteRequest(OzoneManagerRequestHandler.java:338) ~[ozone-manager-1.4.0-SNAPSHOT.jar:?]
	at org.apache.hadoop.ozone.om.ratis.OzoneManagerStateMachine.runCommand(OzoneManagerStateMachine.java:567) ~[ozone-manager-1.4.0-SNAPSHOT.jar:?]
	at org.apache.hadoop.ozone.om.ratis.OzoneManagerStateMachine.lambda$1(OzoneManagerStateMachine.java:358) ~[ozone-manager-1.4.0-SNAPSHOT.jar:?]
	at java.util.concurrent.CompletableFuture$AsyncSupply.run(CompletableFuture.java:1604) [?:1.8.0_372]
	at java.util.concurrent.ThreadPoolExecutor.runWorker(ThreadPoolExecutor.java:1149) [?:1.8.0_372]
	at java.util.concurrent.ThreadPoolExecutor$Worker.run(ThreadPoolExecutor.java:624) [?:1.8.0_372]
	at java.lang.Thread.run(Thread.java:750) [?:1.8.0_372]
2023-06-02 05:15:48,179 [OM StateMachine ApplyTransaction Thread - 0] ERROR multipart.S3MultipartUploadAbortRequest (S3MultipartUploadAbortRequest.java:validateAndUpdateCache(218)) - Abort Multipart request is failed for KeyName b241b51b-7242-4555-8ab6-e1639c8bcfaf in VolumeName/Bucket d1a2b9a5-28ea-4022-97cb-ce9aa895a5e9/674f87c8-bf99-46c0-bd35-6be769e5e124
NO_SUCH_MULTIPART_UPLOAD_ERROR org.apache.hadoop.ozone.om.exceptions.OMException: Abort Multipart Upload Failed: volume: d1a2b9a5-28ea-4022-97cb-ce9aa895a5e9bucket: 674f87c8-bf99-46c0-bd35-6be769e5e124key: b241b51b-7242-4555-8ab6-e1639c8bcfaf
	at org.apache.hadoop.ozone.om.request.s3.multipart.S3MultipartUploadAbortRequest.validateAndUpdateCache(S3MultipartUploadAbortRequest.java:159)
	at org.apache.hadoop.ozone.protocolPB.OzoneManagerRequestHandler.handleWriteRequest(OzoneManagerRequestHandler.java:338)
	at org.apache.hadoop.ozone.om.ratis.OzoneManagerStateMachine.runCommand(OzoneManagerStateMachine.java:567)
	at org.apache.hadoop.ozone.om.ratis.OzoneManagerStateMachine.lambda$1(OzoneManagerStateMachine.java:358)
	at java.util.concurrent.CompletableFuture$AsyncSupply.run(CompletableFuture.java:1604)
	at java.util.concurrent.ThreadPoolExecutor.runWorker(ThreadPoolExecutor.java:1149)
	at java.util.concurrent.ThreadPoolExecutor$Worker.run(ThreadPoolExecutor.java:624)
	at java.lang.Thread.run(Thread.java:750)
]]></system-out>
  </testcase>
  <testcase name="testAbortUploadFailWithInProgressPartUpload" classname="org.apache.hadoop.ozone.client.rpc.TestSecureOzoneRpcClient" time="0.103">
    <system-out><![CDATA[2023-06-02 05:15:48,183 [main] INFO  rpc.RpcClient (RpcClient.java:createVolume(459)) - Creating Volume: b64c346f-d6f0-4b4e-9183-d1272cbc17ca, with runner as owner and space quota set to -1 bytes, counts quota set to -1
2023-06-02 05:15:48,187 [OM StateMachine ApplyTransaction Thread - 0] INFO  volume.OMVolumeCreateRequest (OMVolumeCreateRequest.java:validateAndUpdateCache(196)) - created volume:b64c346f-d6f0-4b4e-9183-d1272cbc17ca for user:runner
2023-06-02 05:15:48,190 [main] INFO  rpc.RpcClient (RpcClient.java:createBucket(686)) - Creating Bucket: b64c346f-d6f0-4b4e-9183-d1272cbc17ca/2a7e4907-0714-4f5b-9df6-27047e51dbda, with server-side default bucket layout, runner as owner, Versioning false, Storage Type set to DISK and Encryption set to false, Replication Type set to server-side default replication type, Namespace Quota set to -1, Space Quota set to -1 
2023-06-02 05:15:48,194 [OM StateMachine ApplyTransaction Thread - 0] INFO  bucket.OMBucketCreateRequest (OMBucketCreateRequest.java:validateAndUpdateCache(270)) - created bucket: 2a7e4907-0714-4f5b-9df6-27047e51dbda of layout OBJECT_STORE in volume: b64c346f-d6f0-4b4e-9183-d1272cbc17ca
05:15:48.282 [OM StateMachine ApplyTransaction Thread - 0] ERROR OMAudit - user=runner | ip=127.0.0.1 | op=COMMIT_MULTIPART_UPLOAD_PARTKEY {volume=b64c346f-d6f0-4b4e-9183-d1272cbc17ca, bucket=2a7e4907-0714-4f5b-9df6-27047e51dbda, key=87b8910e-fe48-4449-bf73-5e4d246e7eab, dataSize=4, replicationType=NONE, replicationFactor=ZERO, partNumber=1, partName=/b64c346f-d6f0-4b4e-9183-d1272cbc17ca/2a7e4907-0714-4f5b-9df6-27047e51dbda/87b8910e-fe48-4449-bf73-5e4d246e7eab-e1e8d97b-4a78-48e2-9c5e-13a0ed70bca4-110472917693562887-1} | ret=FAILURE
org.apache.hadoop.ozone.om.exceptions.OMException: No such Multipart upload is with specified uploadId e1e8d97b-4a78-48e2-9c5e-13a0ed70bca4-110472917693562887
	at org.apache.hadoop.ozone.om.request.s3.multipart.S3MultipartUploadCommitPartRequest.validateAndUpdateCache(S3MultipartUploadCommitPartRequest.java:188) ~[ozone-manager-1.4.0-SNAPSHOT.jar:?]
	at org.apache.hadoop.ozone.protocolPB.OzoneManagerRequestHandler.handleWriteRequest(OzoneManagerRequestHandler.java:338) ~[ozone-manager-1.4.0-SNAPSHOT.jar:?]
	at org.apache.hadoop.ozone.om.ratis.OzoneManagerStateMachine.runCommand(OzoneManagerStateMachine.java:567) ~[ozone-manager-1.4.0-SNAPSHOT.jar:?]
	at org.apache.hadoop.ozone.om.ratis.OzoneManagerStateMachine.lambda$1(OzoneManagerStateMachine.java:358) ~[ozone-manager-1.4.0-SNAPSHOT.jar:?]
	at java.util.concurrent.CompletableFuture$AsyncSupply.run(CompletableFuture.java:1604) [?:1.8.0_372]
	at java.util.concurrent.ThreadPoolExecutor.runWorker(ThreadPoolExecutor.java:1149) [?:1.8.0_372]
	at java.util.concurrent.ThreadPoolExecutor$Worker.run(ThreadPoolExecutor.java:624) [?:1.8.0_372]
	at java.lang.Thread.run(Thread.java:750) [?:1.8.0_372]
2023-06-02 05:15:48,282 [OM StateMachine ApplyTransaction Thread - 0] ERROR multipart.S3MultipartUploadCommitPartRequest (S3MultipartUploadCommitPartRequest.java:logResult(327)) - MultipartUpload Commit is failed for Key:87b8910e-fe48-4449-bf73-5e4d246e7eab in Volume/Bucket b64c346f-d6f0-4b4e-9183-d1272cbc17ca/2a7e4907-0714-4f5b-9df6-27047e51dbda
NO_SUCH_MULTIPART_UPLOAD_ERROR org.apache.hadoop.ozone.om.exceptions.OMException: No such Multipart upload is with specified uploadId e1e8d97b-4a78-48e2-9c5e-13a0ed70bca4-110472917693562887
	at org.apache.hadoop.ozone.om.request.s3.multipart.S3MultipartUploadCommitPartRequest.validateAndUpdateCache(S3MultipartUploadCommitPartRequest.java:188)
	at org.apache.hadoop.ozone.protocolPB.OzoneManagerRequestHandler.handleWriteRequest(OzoneManagerRequestHandler.java:338)
	at org.apache.hadoop.ozone.om.ratis.OzoneManagerStateMachine.runCommand(OzoneManagerStateMachine.java:567)
	at org.apache.hadoop.ozone.om.ratis.OzoneManagerStateMachine.lambda$1(OzoneManagerStateMachine.java:358)
	at java.util.concurrent.CompletableFuture$AsyncSupply.run(CompletableFuture.java:1604)
	at java.util.concurrent.ThreadPoolExecutor.runWorker(ThreadPoolExecutor.java:1149)
	at java.util.concurrent.ThreadPoolExecutor$Worker.run(ThreadPoolExecutor.java:624)
	at java.lang.Thread.run(Thread.java:750)
]]></system-out>
  </testcase>
  <testcase name="testAbortUploadSuccessWithOutAnyParts" classname="org.apache.hadoop.ozone.client.rpc.TestSecureOzoneRpcClient" time="0.024">
    <system-out><![CDATA[2023-06-02 05:15:48,286 [main] INFO  rpc.RpcClient (RpcClient.java:createVolume(459)) - Creating Volume: 9f8a57e7-6b16-4b5d-bc90-54aef89e073e, with runner as owner and space quota set to -1 bytes, counts quota set to -1
2023-06-02 05:15:48,290 [OM StateMachine ApplyTransaction Thread - 0] INFO  volume.OMVolumeCreateRequest (OMVolumeCreateRequest.java:validateAndUpdateCache(196)) - created volume:9f8a57e7-6b16-4b5d-bc90-54aef89e073e for user:runner
2023-06-02 05:15:48,293 [main] INFO  rpc.RpcClient (RpcClient.java:createBucket(686)) - Creating Bucket: 9f8a57e7-6b16-4b5d-bc90-54aef89e073e/1afb838b-dcbd-4db9-bd36-74bed82063fc, with server-side default bucket layout, runner as owner, Versioning false, Storage Type set to DISK and Encryption set to false, Replication Type set to server-side default replication type, Namespace Quota set to -1, Space Quota set to -1 
2023-06-02 05:15:48,296 [OM StateMachine ApplyTransaction Thread - 0] INFO  bucket.OMBucketCreateRequest (OMBucketCreateRequest.java:validateAndUpdateCache(270)) - created bucket: 1afb838b-dcbd-4db9-bd36-74bed82063fc of layout OBJECT_STORE in volume: 9f8a57e7-6b16-4b5d-bc90-54aef89e073e
]]></system-out>
  </testcase>
  <testcase name="testAbortUploadSuccessWithParts" classname="org.apache.hadoop.ozone.client.rpc.TestSecureOzoneRpcClient" time="0.117">
    <system-out><![CDATA[2023-06-02 05:15:48,311 [main] INFO  rpc.RpcClient (RpcClient.java:createVolume(459)) - Creating Volume: 5ac8957b-2920-4a31-bfdd-ec745be13550, with runner as owner and space quota set to -1 bytes, counts quota set to -1
2023-06-02 05:15:48,315 [OM StateMachine ApplyTransaction Thread - 0] INFO  volume.OMVolumeCreateRequest (OMVolumeCreateRequest.java:validateAndUpdateCache(196)) - created volume:5ac8957b-2920-4a31-bfdd-ec745be13550 for user:runner
2023-06-02 05:15:48,318 [main] INFO  rpc.RpcClient (RpcClient.java:createBucket(686)) - Creating Bucket: 5ac8957b-2920-4a31-bfdd-ec745be13550/724de5c2-2bcc-4b9c-91f0-e6718dd0c49a, with server-side default bucket layout, runner as owner, Versioning false, Storage Type set to DISK and Encryption set to false, Replication Type set to server-side default replication type, Namespace Quota set to -1, Space Quota set to -1 
2023-06-02 05:15:48,321 [OM StateMachine ApplyTransaction Thread - 0] INFO  bucket.OMBucketCreateRequest (OMBucketCreateRequest.java:validateAndUpdateCache(270)) - created bucket: 724de5c2-2bcc-4b9c-91f0-e6718dd0c49a of layout OBJECT_STORE in volume: 5ac8957b-2920-4a31-bfdd-ec745be13550
]]></system-out>
  </testcase>
  <testcase name="testAclsAfterCallingSetBucketProperty" classname="org.apache.hadoop.ozone.client.rpc.TestSecureOzoneRpcClient" time="0.053">
    <system-out><![CDATA[2023-06-02 05:15:48,430 [main] INFO  rpc.RpcClient (RpcClient.java:createVolume(459)) - Creating Volume: 5395a170-f85b-449e-9d7a-59b7621fd270, with runner as owner and space quota set to -1 bytes, counts quota set to -1
2023-06-02 05:15:48,433 [OM StateMachine ApplyTransaction Thread - 0] INFO  volume.OMVolumeCreateRequest (OMVolumeCreateRequest.java:validateAndUpdateCache(196)) - created volume:5395a170-f85b-449e-9d7a-59b7621fd270 for user:runner
2023-06-02 05:15:48,436 [main] INFO  rpc.RpcClient (RpcClient.java:createBucket(686)) - Creating Bucket: 5395a170-f85b-449e-9d7a-59b7621fd270/73bf71e7-485a-4727-a12e-0becfc3edbb3, with server-side default bucket layout, runner as owner, Versioning false, Storage Type set to DISK and Encryption set to false, Replication Type set to server-side default replication type, Namespace Quota set to -1, Space Quota set to -1 
2023-06-02 05:15:48,440 [OM StateMachine ApplyTransaction Thread - 0] INFO  bucket.OMBucketCreateRequest (OMBucketCreateRequest.java:validateAndUpdateCache(270)) - created bucket: 73bf71e7-485a-4727-a12e-0becfc3edbb3 of layout OBJECT_STORE in volume: 5395a170-f85b-449e-9d7a-59b7621fd270
]]></system-out>
  </testcase>
  <testcase name="testAddBucketAcl" classname="org.apache.hadoop.ozone.client.rpc.TestSecureOzoneRpcClient" time="0.041">
    <system-out><![CDATA[2023-06-02 05:15:48,484 [main] INFO  rpc.RpcClient (RpcClient.java:createVolume(459)) - Creating Volume: a27c9621-815a-42dc-9f8e-4c7a15a39d80, with runner as owner and space quota set to -1 bytes, counts quota set to -1
2023-06-02 05:15:48,489 [OM StateMachine ApplyTransaction Thread - 0] INFO  volume.OMVolumeCreateRequest (OMVolumeCreateRequest.java:validateAndUpdateCache(196)) - created volume:a27c9621-815a-42dc-9f8e-4c7a15a39d80 for user:runner
2023-06-02 05:15:48,492 [main] INFO  rpc.RpcClient (RpcClient.java:createBucket(686)) - Creating Bucket: a27c9621-815a-42dc-9f8e-4c7a15a39d80/6311d612-be30-45f6-94e2-369ccbae78ef, with server-side default bucket layout, runner as owner, Versioning false, Storage Type set to DISK and Encryption set to false, Replication Type set to server-side default replication type, Namespace Quota set to -1, Space Quota set to -1 
2023-06-02 05:15:48,497 [OM StateMachine ApplyTransaction Thread - 0] INFO  bucket.OMBucketCreateRequest (OMBucketCreateRequest.java:validateAndUpdateCache(270)) - created bucket: 6311d612-be30-45f6-94e2-369ccbae78ef of layout OBJECT_STORE in volume: a27c9621-815a-42dc-9f8e-4c7a15a39d80
]]></system-out>
  </testcase>
  <testcase name="testBucketQuota(ReplicationConfig)[1]" classname="org.apache.hadoop.ozone.client.rpc.TestSecureOzoneRpcClient" time="1.08">
    <system-out><![CDATA[2023-06-02 05:15:48,530 [main] INFO  rpc.RpcClient (RpcClient.java:createVolume(459)) - Creating Volume: a5da1bbf-742c-4ade-807c-c0ed0c46fde6, with runner as owner and space quota set to -1 bytes, counts quota set to -1
2023-06-02 05:15:48,537 [OM StateMachine ApplyTransaction Thread - 0] INFO  volume.OMVolumeCreateRequest (OMVolumeCreateRequest.java:validateAndUpdateCache(196)) - created volume:a5da1bbf-742c-4ade-807c-c0ed0c46fde6 for user:runner
2023-06-02 05:15:48,539 [main] INFO  rpc.RpcClient (RpcClient.java:createBucket(686)) - Creating Bucket: a5da1bbf-742c-4ade-807c-c0ed0c46fde6/9fb25c09-f8db-4955-9fc0-2b34778fdc37, with server-side default bucket layout, runner as owner, Versioning false, Storage Type set to DISK and Encryption set to false, Replication Type set to server-side default replication type, Namespace Quota set to -1, Space Quota set to -1 
2023-06-02 05:15:48,542 [OM StateMachine ApplyTransaction Thread - 0] INFO  bucket.OMBucketCreateRequest (OMBucketCreateRequest.java:validateAndUpdateCache(270)) - created bucket: 9fb25c09-f8db-4955-9fc0-2b34778fdc37 of layout OBJECT_STORE in volume: a5da1bbf-742c-4ade-807c-c0ed0c46fde6
2023-06-02 05:15:48,609 [main] INFO  rpc.RpcClient (RpcClient.java:createVolume(459)) - Creating Volume: c13c0e71-b9a0-4792-8f2e-dc1c80b5716d, with runner as owner and space quota set to -1 bytes, counts quota set to -1
2023-06-02 05:15:48,612 [OM StateMachine ApplyTransaction Thread - 0] INFO  volume.OMVolumeCreateRequest (OMVolumeCreateRequest.java:validateAndUpdateCache(196)) - created volume:c13c0e71-b9a0-4792-8f2e-dc1c80b5716d for user:runner
2023-06-02 05:15:48,615 [main] INFO  rpc.RpcClient (RpcClient.java:createBucket(686)) - Creating Bucket: c13c0e71-b9a0-4792-8f2e-dc1c80b5716d/4a2a8cce-4456-4131-957c-befc0e7d806d, with server-side default bucket layout, runner as owner, Versioning false, Storage Type set to DISK and Encryption set to false, Replication Type set to server-side default replication type, Namespace Quota set to -1, Space Quota set to -1 
2023-06-02 05:15:48,618 [OM StateMachine ApplyTransaction Thread - 0] INFO  bucket.OMBucketCreateRequest (OMBucketCreateRequest.java:validateAndUpdateCache(270)) - created bucket: 4a2a8cce-4456-4131-957c-befc0e7d806d of layout OBJECT_STORE in volume: c13c0e71-b9a0-4792-8f2e-dc1c80b5716d
2023-06-02 05:15:48,807 [main] INFO  rpc.RpcClient (RpcClient.java:createVolume(459)) - Creating Volume: 67d7599b-e80d-43a2-ba5a-756889ec3ab3, with runner as owner and space quota set to -1 bytes, counts quota set to -1
2023-06-02 05:15:48,810 [OM StateMachine ApplyTransaction Thread - 0] INFO  volume.OMVolumeCreateRequest (OMVolumeCreateRequest.java:validateAndUpdateCache(196)) - created volume:67d7599b-e80d-43a2-ba5a-756889ec3ab3 for user:runner
2023-06-02 05:15:48,813 [main] INFO  rpc.RpcClient (RpcClient.java:createBucket(686)) - Creating Bucket: 67d7599b-e80d-43a2-ba5a-756889ec3ab3/7a260066-4501-4f98-ae48-d8146070e1d0, with server-side default bucket layout, runner as owner, Versioning false, Storage Type set to DISK and Encryption set to false, Replication Type set to server-side default replication type, Namespace Quota set to -1, Space Quota set to -1 
2023-06-02 05:15:48,817 [OM StateMachine ApplyTransaction Thread - 0] INFO  bucket.OMBucketCreateRequest (OMBucketCreateRequest.java:validateAndUpdateCache(270)) - created bucket: 7a260066-4501-4f98-ae48-d8146070e1d0 of layout OBJECT_STORE in volume: 67d7599b-e80d-43a2-ba5a-756889ec3ab3
2023-06-02 05:15:49,165 [main] INFO  rpc.RpcClient (RpcClient.java:createVolume(459)) - Creating Volume: 6bfe4f32-234b-40ad-843d-3701dd17c738, with runner as owner and space quota set to -1 bytes, counts quota set to -1
2023-06-02 05:15:49,169 [OM StateMachine ApplyTransaction Thread - 0] INFO  volume.OMVolumeCreateRequest (OMVolumeCreateRequest.java:validateAndUpdateCache(196)) - created volume:6bfe4f32-234b-40ad-843d-3701dd17c738 for user:runner
2023-06-02 05:15:49,173 [main] INFO  rpc.RpcClient (RpcClient.java:createBucket(686)) - Creating Bucket: 6bfe4f32-234b-40ad-843d-3701dd17c738/1b4e685b-9213-4a7a-a420-bbc4bd142b1e, with server-side default bucket layout, runner as owner, Versioning false, Storage Type set to DISK and Encryption set to false, Replication Type set to server-side default replication type, Namespace Quota set to -1, Space Quota set to -1 
2023-06-02 05:15:49,177 [OM StateMachine ApplyTransaction Thread - 0] INFO  bucket.OMBucketCreateRequest (OMBucketCreateRequest.java:validateAndUpdateCache(270)) - created bucket: 1b4e685b-9213-4a7a-a420-bbc4bd142b1e of layout OBJECT_STORE in volume: 6bfe4f32-234b-40ad-843d-3701dd17c738
]]></system-out>
  </testcase>
  <testcase name="testBucketQuota(ReplicationConfig)[2]" classname="org.apache.hadoop.ozone.client.rpc.TestSecureOzoneRpcClient" time="7.227">
    <system-out><![CDATA[2023-06-02 05:15:49,614 [main] INFO  rpc.RpcClient (RpcClient.java:createVolume(459)) - Creating Volume: 6e6bc15f-3fc3-45d7-ba55-afad97813b52, with runner as owner and space quota set to -1 bytes, counts quota set to -1
2023-06-02 05:15:49,618 [OM StateMachine ApplyTransaction Thread - 0] INFO  volume.OMVolumeCreateRequest (OMVolumeCreateRequest.java:validateAndUpdateCache(196)) - created volume:6e6bc15f-3fc3-45d7-ba55-afad97813b52 for user:runner
2023-06-02 05:15:49,621 [main] INFO  rpc.RpcClient (RpcClient.java:createBucket(686)) - Creating Bucket: 6e6bc15f-3fc3-45d7-ba55-afad97813b52/2832fdd0-b0ef-4b73-a6aa-dc2f068f9dbc, with server-side default bucket layout, runner as owner, Versioning false, Storage Type set to DISK and Encryption set to false, Replication Type set to server-side default replication type, Namespace Quota set to -1, Space Quota set to -1 
2023-06-02 05:15:49,625 [OM StateMachine ApplyTransaction Thread - 0] INFO  bucket.OMBucketCreateRequest (OMBucketCreateRequest.java:validateAndUpdateCache(270)) - created bucket: 2832fdd0-b0ef-4b73-a6aa-dc2f068f9dbc of layout OBJECT_STORE in volume: 6e6bc15f-3fc3-45d7-ba55-afad97813b52
2023-06-02 05:15:49,692 [main] INFO  rpc.RpcClient (RpcClient.java:createVolume(459)) - Creating Volume: f40b2dec-1cb8-4217-a8d9-74e43a00037b, with runner as owner and space quota set to -1 bytes, counts quota set to -1
2023-06-02 05:15:49,696 [OM StateMachine ApplyTransaction Thread - 0] INFO  volume.OMVolumeCreateRequest (OMVolumeCreateRequest.java:validateAndUpdateCache(196)) - created volume:f40b2dec-1cb8-4217-a8d9-74e43a00037b for user:runner
2023-06-02 05:15:49,698 [main] INFO  rpc.RpcClient (RpcClient.java:createBucket(686)) - Creating Bucket: f40b2dec-1cb8-4217-a8d9-74e43a00037b/41bffe8a-4378-438f-95f8-d269bf9a31a4, with server-side default bucket layout, runner as owner, Versioning false, Storage Type set to DISK and Encryption set to false, Replication Type set to server-side default replication type, Namespace Quota set to -1, Space Quota set to -1 
2023-06-02 05:15:49,704 [OM StateMachine ApplyTransaction Thread - 0] INFO  bucket.OMBucketCreateRequest (OMBucketCreateRequest.java:validateAndUpdateCache(270)) - created bucket: 41bffe8a-4378-438f-95f8-d269bf9a31a4 of layout OBJECT_STORE in volume: f40b2dec-1cb8-4217-a8d9-74e43a00037b
2023-06-02 05:15:49,994 [main] INFO  rpc.RpcClient (RpcClient.java:createVolume(459)) - Creating Volume: 7c5f6a1e-3f31-48d0-b291-fab7cb722eca, with runner as owner and space quota set to -1 bytes, counts quota set to -1
2023-06-02 05:15:49,999 [OM StateMachine ApplyTransaction Thread - 0] INFO  volume.OMVolumeCreateRequest (OMVolumeCreateRequest.java:validateAndUpdateCache(196)) - created volume:7c5f6a1e-3f31-48d0-b291-fab7cb722eca for user:runner
2023-06-02 05:15:50,002 [main] INFO  rpc.RpcClient (RpcClient.java:createBucket(686)) - Creating Bucket: 7c5f6a1e-3f31-48d0-b291-fab7cb722eca/ef042fca-99ca-44b4-afb6-e9412f6381f5, with server-side default bucket layout, runner as owner, Versioning false, Storage Type set to DISK and Encryption set to false, Replication Type set to server-side default replication type, Namespace Quota set to -1, Space Quota set to -1 
2023-06-02 05:15:50,005 [OM StateMachine ApplyTransaction Thread - 0] INFO  bucket.OMBucketCreateRequest (OMBucketCreateRequest.java:validateAndUpdateCache(270)) - created bucket: ef042fca-99ca-44b4-afb6-e9412f6381f5 of layout OBJECT_STORE in volume: 7c5f6a1e-3f31-48d0-b291-fab7cb722eca
2023-06-02 05:15:50,769 [main] INFO  rpc.RpcClient (RpcClient.java:createVolume(459)) - Creating Volume: a2c98fcb-5158-4195-b131-d484983c40d5, with runner as owner and space quota set to -1 bytes, counts quota set to -1
2023-06-02 05:15:50,772 [OM StateMachine ApplyTransaction Thread - 0] INFO  volume.OMVolumeCreateRequest (OMVolumeCreateRequest.java:validateAndUpdateCache(196)) - created volume:a2c98fcb-5158-4195-b131-d484983c40d5 for user:runner
2023-06-02 05:15:50,778 [main] INFO  rpc.RpcClient (RpcClient.java:createBucket(686)) - Creating Bucket: a2c98fcb-5158-4195-b131-d484983c40d5/737facef-70bf-4ce2-9a49-3ac7c5704f04, with server-side default bucket layout, runner as owner, Versioning false, Storage Type set to DISK and Encryption set to false, Replication Type set to server-side default replication type, Namespace Quota set to -1, Space Quota set to -1 
2023-06-02 05:15:50,782 [OM StateMachine ApplyTransaction Thread - 0] INFO  bucket.OMBucketCreateRequest (OMBucketCreateRequest.java:validateAndUpdateCache(270)) - created bucket: 737facef-70bf-4ce2-9a49-3ac7c5704f04 of layout OBJECT_STORE in volume: a2c98fcb-5158-4195-b131-d484983c40d5
2023-06-02 05:15:51,485 [main] INFO  rpc.RpcClient (RpcClient.java:createVolume(459)) - Creating Volume: 6e79ebd2-428c-4743-8897-9ca5fc30c7a3, with runner as owner and space quota set to -1 bytes, counts quota set to -1
2023-06-02 05:15:51,488 [OM StateMachine ApplyTransaction Thread - 0] INFO  volume.OMVolumeCreateRequest (OMVolumeCreateRequest.java:validateAndUpdateCache(196)) - created volume:6e79ebd2-428c-4743-8897-9ca5fc30c7a3 for user:runner
2023-06-02 05:15:51,491 [main] INFO  rpc.RpcClient (RpcClient.java:createBucket(686)) - Creating Bucket: 6e79ebd2-428c-4743-8897-9ca5fc30c7a3/6d68b4bf-cc92-48a8-8baf-2696287bb9b9, with server-side default bucket layout, runner as owner, Versioning false, Storage Type set to DISK and Encryption set to false, Replication Type set to server-side default replication type, Namespace Quota set to -1, Space Quota set to -1 
2023-06-02 05:15:51,494 [OM StateMachine ApplyTransaction Thread - 0] INFO  bucket.OMBucketCreateRequest (OMBucketCreateRequest.java:validateAndUpdateCache(270)) - created bucket: 6d68b4bf-cc92-48a8-8baf-2696287bb9b9 of layout OBJECT_STORE in volume: 6e79ebd2-428c-4743-8897-9ca5fc30c7a3
2023-06-02 05:15:53,014 [main] INFO  rpc.RpcClient (RpcClient.java:createVolume(459)) - Creating Volume: 207c677b-a3cb-4b7a-b967-394e5c8574d3, with runner as owner and space quota set to -1 bytes, counts quota set to -1
2023-06-02 05:15:53,017 [OM StateMachine ApplyTransaction Thread - 0] INFO  volume.OMVolumeCreateRequest (OMVolumeCreateRequest.java:validateAndUpdateCache(196)) - created volume:207c677b-a3cb-4b7a-b967-394e5c8574d3 for user:runner
2023-06-02 05:15:53,019 [main] INFO  rpc.RpcClient (RpcClient.java:createBucket(686)) - Creating Bucket: 207c677b-a3cb-4b7a-b967-394e5c8574d3/787ea190-cdaa-47fe-a014-a5260ff98242, with server-side default bucket layout, runner as owner, Versioning false, Storage Type set to DISK and Encryption set to false, Replication Type set to server-side default replication type, Namespace Quota set to -1, Space Quota set to -1 
2023-06-02 05:15:53,022 [OM StateMachine ApplyTransaction Thread - 0] INFO  bucket.OMBucketCreateRequest (OMBucketCreateRequest.java:validateAndUpdateCache(270)) - created bucket: 787ea190-cdaa-47fe-a014-a5260ff98242 of layout OBJECT_STORE in volume: 207c677b-a3cb-4b7a-b967-394e5c8574d3
2023-06-02 05:15:54,000 [main] INFO  rpc.RpcClient (RpcClient.java:createVolume(459)) - Creating Volume: 826eb59d-9030-49bc-9d40-1cecd7fa473e, with runner as owner and space quota set to -1 bytes, counts quota set to -1
2023-06-02 05:15:54,002 [OM StateMachine ApplyTransaction Thread - 0] INFO  volume.OMVolumeCreateRequest (OMVolumeCreateRequest.java:validateAndUpdateCache(196)) - created volume:826eb59d-9030-49bc-9d40-1cecd7fa473e for user:runner
2023-06-02 05:15:54,005 [main] INFO  rpc.RpcClient (RpcClient.java:createBucket(686)) - Creating Bucket: 826eb59d-9030-49bc-9d40-1cecd7fa473e/ccdaec00-cdf3-4bde-b931-609ec0e48167, with server-side default bucket layout, runner as owner, Versioning false, Storage Type set to DISK and Encryption set to false, Replication Type set to server-side default replication type, Namespace Quota set to -1, Space Quota set to -1 
2023-06-02 05:15:54,008 [OM StateMachine ApplyTransaction Thread - 0] INFO  bucket.OMBucketCreateRequest (OMBucketCreateRequest.java:validateAndUpdateCache(270)) - created bucket: ccdaec00-cdf3-4bde-b931-609ec0e48167 of layout OBJECT_STORE in volume: 826eb59d-9030-49bc-9d40-1cecd7fa473e
2023-06-02 05:15:55,281 [main] INFO  rpc.RpcClient (RpcClient.java:createVolume(459)) - Creating Volume: 6d818875-31db-48e6-9c9d-10d36073cbf3, with runner as owner and space quota set to -1 bytes, counts quota set to -1
2023-06-02 05:15:55,284 [OM StateMachine ApplyTransaction Thread - 0] INFO  volume.OMVolumeCreateRequest (OMVolumeCreateRequest.java:validateAndUpdateCache(196)) - created volume:6d818875-31db-48e6-9c9d-10d36073cbf3 for user:runner
2023-06-02 05:15:55,286 [main] INFO  rpc.RpcClient (RpcClient.java:createBucket(686)) - Creating Bucket: 6d818875-31db-48e6-9c9d-10d36073cbf3/f60c5b76-9cef-4314-860d-978cc1a0ae1d, with server-side default bucket layout, runner as owner, Versioning false, Storage Type set to DISK and Encryption set to false, Replication Type set to server-side default replication type, Namespace Quota set to -1, Space Quota set to -1 
2023-06-02 05:15:55,289 [OM StateMachine ApplyTransaction Thread - 0] INFO  bucket.OMBucketCreateRequest (OMBucketCreateRequest.java:validateAndUpdateCache(270)) - created bucket: f60c5b76-9cef-4314-860d-978cc1a0ae1d of layout OBJECT_STORE in volume: 6d818875-31db-48e6-9c9d-10d36073cbf3
]]></system-out>
  </testcase>
  <testcase name="testBucketQuota(ReplicationConfig)[3]" classname="org.apache.hadoop.ozone.client.rpc.TestSecureOzoneRpcClient" time="8.031">
    <system-out><![CDATA[2023-06-02 05:15:56,838 [main] INFO  rpc.RpcClient (RpcClient.java:createVolume(459)) - Creating Volume: 829ca2be-a444-4a63-9c2f-ad0eed9894b4, with runner as owner and space quota set to -1 bytes, counts quota set to -1
2023-06-02 05:15:56,844 [OM StateMachine ApplyTransaction Thread - 0] INFO  volume.OMVolumeCreateRequest (OMVolumeCreateRequest.java:validateAndUpdateCache(196)) - created volume:829ca2be-a444-4a63-9c2f-ad0eed9894b4 for user:runner
2023-06-02 05:15:56,847 [main] INFO  rpc.RpcClient (RpcClient.java:createBucket(686)) - Creating Bucket: 829ca2be-a444-4a63-9c2f-ad0eed9894b4/409739ef-054f-4811-bb0e-30efc489f26a, with server-side default bucket layout, runner as owner, Versioning false, Storage Type set to DISK and Encryption set to false, Replication Type set to server-side default replication type, Namespace Quota set to -1, Space Quota set to -1 
2023-06-02 05:15:56,850 [OM StateMachine ApplyTransaction Thread - 0] INFO  bucket.OMBucketCreateRequest (OMBucketCreateRequest.java:validateAndUpdateCache(270)) - created bucket: 409739ef-054f-4811-bb0e-30efc489f26a of layout OBJECT_STORE in volume: 829ca2be-a444-4a63-9c2f-ad0eed9894b4
2023-06-02 05:15:56,871 [IPC Server handler 13 on default port 15001] INFO  pipeline.PipelineStateManagerImpl (PipelineStateManagerImpl.java:addPipeline(103)) - Created pipeline Pipeline[ Id: 1a738709-5a2a-40b1-acbd-6cfcca56ed95, Nodes: 70b3c7ea-e7eb-4f75-8ddc-1173fec1a2ac(fv-az628-647/10.1.74.1)f140acff-7aed-42b1-955f-393a22e760fa(fv-az628-647/10.1.74.1)02d5e712-89f3-441d-ae82-935a5ddb56eb(fv-az628-647/10.1.74.1)f102c20d-579f-44a7-9197-f839bb943261(fv-az628-647/10.1.74.1)974c4613-d60a-49f9-a8d7-7eb2aff460ff(fv-az628-647/10.1.74.1), ReplicationConfig: EC{rs-3-2-1024k}, State:ALLOCATED, leaderId:, CreationTimestamp2023-06-02T05:15:56.865Z[Etc/UTC]].
2023-06-02 05:15:56,874 [IPC Server handler 13 on default port 15001] INFO  pipeline.PipelineManagerImpl (PipelineManagerImpl.java:openPipeline(367)) - Pipeline Pipeline[ Id: 1a738709-5a2a-40b1-acbd-6cfcca56ed95, Nodes: 70b3c7ea-e7eb-4f75-8ddc-1173fec1a2ac(fv-az628-647/10.1.74.1)f140acff-7aed-42b1-955f-393a22e760fa(fv-az628-647/10.1.74.1)02d5e712-89f3-441d-ae82-935a5ddb56eb(fv-az628-647/10.1.74.1)f102c20d-579f-44a7-9197-f839bb943261(fv-az628-647/10.1.74.1)974c4613-d60a-49f9-a8d7-7eb2aff460ff(fv-az628-647/10.1.74.1), ReplicationConfig: EC{rs-3-2-1024k}, State:ALLOCATED, leaderId:, CreationTimestamp2023-06-02T05:15:56.865Z[Etc/UTC]] moved to OPEN state
2023-06-02 05:15:56,949 [main] WARN  erasurecode.ErasureCodeNative (ErasureCodeNative.java:<clinit>(55)) - ISA-L support is not available in your platform... using builtin-java codec where applicable
2023-06-02 05:15:57,065 [IPC Server handler 7 on default port 15001] INFO  pipeline.PipelineStateManagerImpl (PipelineStateManagerImpl.java:addPipeline(103)) - Created pipeline Pipeline[ Id: 30f5e4d6-d9ef-46f8-8f87-da4409578936, Nodes: 70b3c7ea-e7eb-4f75-8ddc-1173fec1a2ac(fv-az628-647/10.1.74.1)f140acff-7aed-42b1-955f-393a22e760fa(fv-az628-647/10.1.74.1)57515d40-5a2b-4760-820a-8e251d1bbde2(fv-az628-647/10.1.74.1)f102c20d-579f-44a7-9197-f839bb943261(fv-az628-647/10.1.74.1)21bba47c-9d70-4b1d-8693-1fcc7960d534(fv-az628-647/10.1.74.1), ReplicationConfig: EC{rs-3-2-1024k}, State:ALLOCATED, leaderId:, CreationTimestamp2023-06-02T05:15:57.064Z[Etc/UTC]].
2023-06-02 05:15:57,066 [IPC Server handler 7 on default port 15001] INFO  pipeline.PipelineManagerImpl (PipelineManagerImpl.java:openPipeline(367)) - Pipeline Pipeline[ Id: 30f5e4d6-d9ef-46f8-8f87-da4409578936, Nodes: 70b3c7ea-e7eb-4f75-8ddc-1173fec1a2ac(fv-az628-647/10.1.74.1)f140acff-7aed-42b1-955f-393a22e760fa(fv-az628-647/10.1.74.1)57515d40-5a2b-4760-820a-8e251d1bbde2(fv-az628-647/10.1.74.1)f102c20d-579f-44a7-9197-f839bb943261(fv-az628-647/10.1.74.1)21bba47c-9d70-4b1d-8693-1fcc7960d534(fv-az628-647/10.1.74.1), ReplicationConfig: EC{rs-3-2-1024k}, State:ALLOCATED, leaderId:, CreationTimestamp2023-06-02T05:15:57.064Z[Etc/UTC]] moved to OPEN state
2023-06-02 05:15:57,107 [main] INFO  rpc.RpcClient (RpcClient.java:createVolume(459)) - Creating Volume: 995b57d2-6dc4-4773-bf09-6db0cb4e405e, with runner as owner and space quota set to -1 bytes, counts quota set to -1
2023-06-02 05:15:57,110 [OM StateMachine ApplyTransaction Thread - 0] INFO  volume.OMVolumeCreateRequest (OMVolumeCreateRequest.java:validateAndUpdateCache(196)) - created volume:995b57d2-6dc4-4773-bf09-6db0cb4e405e for user:runner
2023-06-02 05:15:57,111 [main] INFO  rpc.RpcClient (RpcClient.java:createBucket(686)) - Creating Bucket: 995b57d2-6dc4-4773-bf09-6db0cb4e405e/ba85fad3-4bee-440a-ad62-c2fd4ddbb81e, with server-side default bucket layout, runner as owner, Versioning false, Storage Type set to DISK and Encryption set to false, Replication Type set to server-side default replication type, Namespace Quota set to -1, Space Quota set to -1 
2023-06-02 05:15:57,114 [OM StateMachine ApplyTransaction Thread - 0] INFO  bucket.OMBucketCreateRequest (OMBucketCreateRequest.java:validateAndUpdateCache(270)) - created bucket: ba85fad3-4bee-440a-ad62-c2fd4ddbb81e of layout OBJECT_STORE in volume: 995b57d2-6dc4-4773-bf09-6db0cb4e405e
2023-06-02 05:15:57,118 [IPC Server handler 19 on default port 15001] INFO  pipeline.PipelineStateManagerImpl (PipelineStateManagerImpl.java:addPipeline(103)) - Created pipeline Pipeline[ Id: ff6dcb69-9972-432e-927f-852abeee6295, Nodes: f140acff-7aed-42b1-955f-393a22e760fa(fv-az628-647/10.1.74.1)02d5e712-89f3-441d-ae82-935a5ddb56eb(fv-az628-647/10.1.74.1)87f06f2d-f73a-4ca4-bc8e-5aedfa582ec7(fv-az628-647/10.1.74.1)45087365-1608-4817-8e49-1b233997f081(fv-az628-647/10.1.74.1)f102c20d-579f-44a7-9197-f839bb943261(fv-az628-647/10.1.74.1), ReplicationConfig: EC{rs-3-2-1024k}, State:ALLOCATED, leaderId:, CreationTimestamp2023-06-02T05:15:57.118Z[Etc/UTC]].
2023-06-02 05:15:57,119 [IPC Server handler 19 on default port 15001] INFO  pipeline.PipelineManagerImpl (PipelineManagerImpl.java:openPipeline(367)) - Pipeline Pipeline[ Id: ff6dcb69-9972-432e-927f-852abeee6295, Nodes: f140acff-7aed-42b1-955f-393a22e760fa(fv-az628-647/10.1.74.1)02d5e712-89f3-441d-ae82-935a5ddb56eb(fv-az628-647/10.1.74.1)87f06f2d-f73a-4ca4-bc8e-5aedfa582ec7(fv-az628-647/10.1.74.1)45087365-1608-4817-8e49-1b233997f081(fv-az628-647/10.1.74.1)f102c20d-579f-44a7-9197-f839bb943261(fv-az628-647/10.1.74.1), ReplicationConfig: EC{rs-3-2-1024k}, State:ALLOCATED, leaderId:, CreationTimestamp2023-06-02T05:15:57.118Z[Etc/UTC]] moved to OPEN state
2023-06-02 05:15:57,308 [IPC Server handler 17 on default port 15001] INFO  pipeline.PipelineStateManagerImpl (PipelineStateManagerImpl.java:addPipeline(103)) - Created pipeline Pipeline[ Id: 5ccd1a38-164f-47b3-923b-ccbee3a6587e, Nodes: 45087365-1608-4817-8e49-1b233997f081(fv-az628-647/10.1.74.1)02d5e712-89f3-441d-ae82-935a5ddb56eb(fv-az628-647/10.1.74.1)bf3b8f25-dffd-4d70-aae5-69cf4c3dc4d1(fv-az628-647/10.1.74.1)21bba47c-9d70-4b1d-8693-1fcc7960d534(fv-az628-647/10.1.74.1)57515d40-5a2b-4760-820a-8e251d1bbde2(fv-az628-647/10.1.74.1), ReplicationConfig: EC{rs-3-2-1024k}, State:ALLOCATED, leaderId:, CreationTimestamp2023-06-02T05:15:57.308Z[Etc/UTC]].
2023-06-02 05:15:57,309 [IPC Server handler 17 on default port 15001] INFO  pipeline.PipelineManagerImpl (PipelineManagerImpl.java:openPipeline(367)) - Pipeline Pipeline[ Id: 5ccd1a38-164f-47b3-923b-ccbee3a6587e, Nodes: 45087365-1608-4817-8e49-1b233997f081(fv-az628-647/10.1.74.1)02d5e712-89f3-441d-ae82-935a5ddb56eb(fv-az628-647/10.1.74.1)bf3b8f25-dffd-4d70-aae5-69cf4c3dc4d1(fv-az628-647/10.1.74.1)21bba47c-9d70-4b1d-8693-1fcc7960d534(fv-az628-647/10.1.74.1)57515d40-5a2b-4760-820a-8e251d1bbde2(fv-az628-647/10.1.74.1), ReplicationConfig: EC{rs-3-2-1024k}, State:ALLOCATED, leaderId:, CreationTimestamp2023-06-02T05:15:57.308Z[Etc/UTC]] moved to OPEN state
2023-06-02 05:15:57,424 [main] INFO  rpc.RpcClient (RpcClient.java:createVolume(459)) - Creating Volume: 3d721911-0528-45d8-8cd5-a0599f89bbe6, with runner as owner and space quota set to -1 bytes, counts quota set to -1
2023-06-02 05:15:57,427 [OM StateMachine ApplyTransaction Thread - 0] INFO  volume.OMVolumeCreateRequest (OMVolumeCreateRequest.java:validateAndUpdateCache(196)) - created volume:3d721911-0528-45d8-8cd5-a0599f89bbe6 for user:runner
2023-06-02 05:15:57,428 [main] INFO  rpc.RpcClient (RpcClient.java:createBucket(686)) - Creating Bucket: 3d721911-0528-45d8-8cd5-a0599f89bbe6/252b6de1-541a-4f21-b26f-b4567978bdc5, with server-side default bucket layout, runner as owner, Versioning false, Storage Type set to DISK and Encryption set to false, Replication Type set to server-side default replication type, Namespace Quota set to -1, Space Quota set to -1 
2023-06-02 05:15:57,431 [OM StateMachine ApplyTransaction Thread - 0] INFO  bucket.OMBucketCreateRequest (OMBucketCreateRequest.java:validateAndUpdateCache(270)) - created bucket: 252b6de1-541a-4f21-b26f-b4567978bdc5 of layout OBJECT_STORE in volume: 3d721911-0528-45d8-8cd5-a0599f89bbe6
2023-06-02 05:15:57,436 [IPC Server handler 1 on default port 15001] INFO  pipeline.PipelineStateManagerImpl (PipelineStateManagerImpl.java:addPipeline(103)) - Created pipeline Pipeline[ Id: 36624f9e-fe97-4f46-9dde-8f991fc787bf, Nodes: 70b3c7ea-e7eb-4f75-8ddc-1173fec1a2ac(fv-az628-647/10.1.74.1)af4b945e-05c9-4c95-92ea-ec296ba0645f(fv-az628-647/10.1.74.1)87f06f2d-f73a-4ca4-bc8e-5aedfa582ec7(fv-az628-647/10.1.74.1)638bdbe3-f7a3-4715-ad07-0d6e98de3b67(fv-az628-647/10.1.74.1)45087365-1608-4817-8e49-1b233997f081(fv-az628-647/10.1.74.1), ReplicationConfig: EC{rs-3-2-1024k}, State:ALLOCATED, leaderId:, CreationTimestamp2023-06-02T05:15:57.436Z[Etc/UTC]].
2023-06-02 05:15:57,437 [IPC Server handler 1 on default port 15001] INFO  pipeline.PipelineManagerImpl (PipelineManagerImpl.java:openPipeline(367)) - Pipeline Pipeline[ Id: 36624f9e-fe97-4f46-9dde-8f991fc787bf, Nodes: 70b3c7ea-e7eb-4f75-8ddc-1173fec1a2ac(fv-az628-647/10.1.74.1)af4b945e-05c9-4c95-92ea-ec296ba0645f(fv-az628-647/10.1.74.1)87f06f2d-f73a-4ca4-bc8e-5aedfa582ec7(fv-az628-647/10.1.74.1)638bdbe3-f7a3-4715-ad07-0d6e98de3b67(fv-az628-647/10.1.74.1)45087365-1608-4817-8e49-1b233997f081(fv-az628-647/10.1.74.1), ReplicationConfig: EC{rs-3-2-1024k}, State:ALLOCATED, leaderId:, CreationTimestamp2023-06-02T05:15:57.436Z[Etc/UTC]] moved to OPEN state
2023-06-02 05:15:57,952 [main] INFO  rpc.RpcClient (RpcClient.java:createVolume(459)) - Creating Volume: b4afe48b-3862-41f6-be29-203cbf95349f, with runner as owner and space quota set to -1 bytes, counts quota set to -1
2023-06-02 05:15:57,954 [OM StateMachine ApplyTransaction Thread - 0] INFO  volume.OMVolumeCreateRequest (OMVolumeCreateRequest.java:validateAndUpdateCache(196)) - created volume:b4afe48b-3862-41f6-be29-203cbf95349f for user:runner
2023-06-02 05:15:57,957 [main] INFO  rpc.RpcClient (RpcClient.java:createBucket(686)) - Creating Bucket: b4afe48b-3862-41f6-be29-203cbf95349f/09c5a0bf-9085-4df5-848b-fb348fcddee0, with server-side default bucket layout, runner as owner, Versioning false, Storage Type set to DISK and Encryption set to false, Replication Type set to server-side default replication type, Namespace Quota set to -1, Space Quota set to -1 
2023-06-02 05:15:57,959 [OM StateMachine ApplyTransaction Thread - 0] INFO  bucket.OMBucketCreateRequest (OMBucketCreateRequest.java:validateAndUpdateCache(270)) - created bucket: 09c5a0bf-9085-4df5-848b-fb348fcddee0 of layout OBJECT_STORE in volume: b4afe48b-3862-41f6-be29-203cbf95349f
2023-06-02 05:15:58,444 [main] INFO  rpc.RpcClient (RpcClient.java:createVolume(459)) - Creating Volume: 2bdf4512-9c52-4c96-82c0-a5f1f8c29a91, with runner as owner and space quota set to -1 bytes, counts quota set to -1
2023-06-02 05:15:58,447 [OM StateMachine ApplyTransaction Thread - 0] INFO  volume.OMVolumeCreateRequest (OMVolumeCreateRequest.java:validateAndUpdateCache(196)) - created volume:2bdf4512-9c52-4c96-82c0-a5f1f8c29a91 for user:runner
2023-06-02 05:15:58,449 [main] INFO  rpc.RpcClient (RpcClient.java:createBucket(686)) - Creating Bucket: 2bdf4512-9c52-4c96-82c0-a5f1f8c29a91/1ac4cd44-9c50-40e0-bc24-b89c5dc6035b, with server-side default bucket layout, runner as owner, Versioning false, Storage Type set to DISK and Encryption set to false, Replication Type set to server-side default replication type, Namespace Quota set to -1, Space Quota set to -1 
2023-06-02 05:15:58,452 [OM StateMachine ApplyTransaction Thread - 0] INFO  bucket.OMBucketCreateRequest (OMBucketCreateRequest.java:validateAndUpdateCache(270)) - created bucket: 1ac4cd44-9c50-40e0-bc24-b89c5dc6035b of layout OBJECT_STORE in volume: 2bdf4512-9c52-4c96-82c0-a5f1f8c29a91
2023-06-02 05:15:59,299 [main] INFO  rpc.RpcClient (RpcClient.java:createVolume(459)) - Creating Volume: de15c570-24b2-458f-88a5-3dcc30834f65, with runner as owner and space quota set to -1 bytes, counts quota set to -1
2023-06-02 05:15:59,302 [OM StateMachine ApplyTransaction Thread - 0] INFO  volume.OMVolumeCreateRequest (OMVolumeCreateRequest.java:validateAndUpdateCache(196)) - created volume:de15c570-24b2-458f-88a5-3dcc30834f65 for user:runner
2023-06-02 05:15:59,304 [main] INFO  rpc.RpcClient (RpcClient.java:createBucket(686)) - Creating Bucket: de15c570-24b2-458f-88a5-3dcc30834f65/d7915c00-2347-443a-b056-29643c10ede6, with server-side default bucket layout, runner as owner, Versioning false, Storage Type set to DISK and Encryption set to false, Replication Type set to server-side default replication type, Namespace Quota set to -1, Space Quota set to -1 
2023-06-02 05:15:59,308 [OM StateMachine ApplyTransaction Thread - 0] INFO  bucket.OMBucketCreateRequest (OMBucketCreateRequest.java:validateAndUpdateCache(270)) - created bucket: d7915c00-2347-443a-b056-29643c10ede6 of layout OBJECT_STORE in volume: de15c570-24b2-458f-88a5-3dcc30834f65
2023-06-02 05:15:59,731 [main] INFO  rpc.RpcClient (RpcClient.java:createVolume(459)) - Creating Volume: 1d309a70-8b8e-46b3-9341-e9760e49f106, with runner as owner and space quota set to -1 bytes, counts quota set to -1
2023-06-02 05:15:59,733 [OM StateMachine ApplyTransaction Thread - 0] INFO  volume.OMVolumeCreateRequest (OMVolumeCreateRequest.java:validateAndUpdateCache(196)) - created volume:1d309a70-8b8e-46b3-9341-e9760e49f106 for user:runner
2023-06-02 05:15:59,735 [main] INFO  rpc.RpcClient (RpcClient.java:createBucket(686)) - Creating Bucket: 1d309a70-8b8e-46b3-9341-e9760e49f106/f4350254-ea25-426d-a3d3-e997413915c5, with server-side default bucket layout, runner as owner, Versioning false, Storage Type set to DISK and Encryption set to false, Replication Type set to server-side default replication type, Namespace Quota set to -1, Space Quota set to -1 
2023-06-02 05:15:59,738 [OM StateMachine ApplyTransaction Thread - 0] INFO  bucket.OMBucketCreateRequest (OMBucketCreateRequest.java:validateAndUpdateCache(270)) - created bucket: f4350254-ea25-426d-a3d3-e997413915c5 of layout OBJECT_STORE in volume: 1d309a70-8b8e-46b3-9341-e9760e49f106
2023-06-02 05:16:00,449 [main] INFO  rpc.RpcClient (RpcClient.java:createVolume(459)) - Creating Volume: 1b162b67-a961-44b7-9d51-4a529e30afc2, with runner as owner and space quota set to -1 bytes, counts quota set to -1
2023-06-02 05:16:00,451 [OM StateMachine ApplyTransaction Thread - 0] INFO  volume.OMVolumeCreateRequest (OMVolumeCreateRequest.java:validateAndUpdateCache(196)) - created volume:1b162b67-a961-44b7-9d51-4a529e30afc2 for user:runner
2023-06-02 05:16:00,453 [main] INFO  rpc.RpcClient (RpcClient.java:createBucket(686)) - Creating Bucket: 1b162b67-a961-44b7-9d51-4a529e30afc2/c2f9c9b5-f86a-46d6-8b0f-a3e4b6008607, with server-side default bucket layout, runner as owner, Versioning false, Storage Type set to DISK and Encryption set to false, Replication Type set to server-side default replication type, Namespace Quota set to -1, Space Quota set to -1 
2023-06-02 05:16:00,458 [OM StateMachine ApplyTransaction Thread - 0] INFO  bucket.OMBucketCreateRequest (OMBucketCreateRequest.java:validateAndUpdateCache(270)) - created bucket: c2f9c9b5-f86a-46d6-8b0f-a3e4b6008607 of layout OBJECT_STORE in volume: 1b162b67-a961-44b7-9d51-4a529e30afc2
2023-06-02 05:16:01,274 [main] INFO  rpc.RpcClient (RpcClient.java:createVolume(459)) - Creating Volume: 0cf5e5c5-596c-44ed-9604-efd97bde7240, with runner as owner and space quota set to -1 bytes, counts quota set to -1
2023-06-02 05:16:01,277 [OM StateMachine ApplyTransaction Thread - 0] INFO  volume.OMVolumeCreateRequest (OMVolumeCreateRequest.java:validateAndUpdateCache(196)) - created volume:0cf5e5c5-596c-44ed-9604-efd97bde7240 for user:runner
2023-06-02 05:16:01,278 [main] INFO  rpc.RpcClient (RpcClient.java:createBucket(686)) - Creating Bucket: 0cf5e5c5-596c-44ed-9604-efd97bde7240/ac2ad245-89de-4b6e-a41f-85745e0cd501, with server-side default bucket layout, runner as owner, Versioning false, Storage Type set to DISK and Encryption set to false, Replication Type set to server-side default replication type, Namespace Quota set to -1, Space Quota set to -1 
2023-06-02 05:16:01,281 [OM StateMachine ApplyTransaction Thread - 0] INFO  bucket.OMBucketCreateRequest (OMBucketCreateRequest.java:validateAndUpdateCache(270)) - created bucket: ac2ad245-89de-4b6e-a41f-85745e0cd501 of layout OBJECT_STORE in volume: 0cf5e5c5-596c-44ed-9604-efd97bde7240
2023-06-02 05:16:01,853 [main] INFO  rpc.RpcClient (RpcClient.java:createVolume(459)) - Creating Volume: e83e317a-1f70-4afe-a714-8735bc29ef13, with runner as owner and space quota set to -1 bytes, counts quota set to -1
2023-06-02 05:16:01,855 [OM StateMachine ApplyTransaction Thread - 0] INFO  volume.OMVolumeCreateRequest (OMVolumeCreateRequest.java:validateAndUpdateCache(196)) - created volume:e83e317a-1f70-4afe-a714-8735bc29ef13 for user:runner
2023-06-02 05:16:01,857 [main] INFO  rpc.RpcClient (RpcClient.java:createBucket(686)) - Creating Bucket: e83e317a-1f70-4afe-a714-8735bc29ef13/fc5d0173-fb73-4d0d-a8d8-b3e379a6adf2, with server-side default bucket layout, runner as owner, Versioning false, Storage Type set to DISK and Encryption set to false, Replication Type set to server-side default replication type, Namespace Quota set to -1, Space Quota set to -1 
2023-06-02 05:16:01,859 [OM StateMachine ApplyTransaction Thread - 0] INFO  bucket.OMBucketCreateRequest (OMBucketCreateRequest.java:validateAndUpdateCache(270)) - created bucket: fc5d0173-fb73-4d0d-a8d8-b3e379a6adf2 of layout OBJECT_STORE in volume: e83e317a-1f70-4afe-a714-8735bc29ef13
2023-06-02 05:16:02,501 [main] INFO  rpc.RpcClient (RpcClient.java:createVolume(459)) - Creating Volume: 88bb5f11-4180-4ce8-8b3c-52be11503b6a, with runner as owner and space quota set to -1 bytes, counts quota set to -1
2023-06-02 05:16:02,504 [OM StateMachine ApplyTransaction Thread - 0] INFO  volume.OMVolumeCreateRequest (OMVolumeCreateRequest.java:validateAndUpdateCache(196)) - created volume:88bb5f11-4180-4ce8-8b3c-52be11503b6a for user:runner
2023-06-02 05:16:02,505 [main] INFO  rpc.RpcClient (RpcClient.java:createBucket(686)) - Creating Bucket: 88bb5f11-4180-4ce8-8b3c-52be11503b6a/245a2bf9-06cd-4c64-85de-ef9b7e9e8591, with server-side default bucket layout, runner as owner, Versioning false, Storage Type set to DISK and Encryption set to false, Replication Type set to server-side default replication type, Namespace Quota set to -1, Space Quota set to -1 
2023-06-02 05:16:02,508 [OM StateMachine ApplyTransaction Thread - 0] INFO  bucket.OMBucketCreateRequest (OMBucketCreateRequest.java:validateAndUpdateCache(270)) - created bucket: 245a2bf9-06cd-4c64-85de-ef9b7e9e8591 of layout OBJECT_STORE in volume: 88bb5f11-4180-4ce8-8b3c-52be11503b6a
2023-06-02 05:16:03,169 [main] INFO  rpc.RpcClient (RpcClient.java:createVolume(459)) - Creating Volume: 6c158a06-4e52-4fe1-83dc-ce5d47340578, with runner as owner and space quota set to -1 bytes, counts quota set to -1
2023-06-02 05:16:03,173 [OM StateMachine ApplyTransaction Thread - 0] INFO  volume.OMVolumeCreateRequest (OMVolumeCreateRequest.java:validateAndUpdateCache(196)) - created volume:6c158a06-4e52-4fe1-83dc-ce5d47340578 for user:runner
2023-06-02 05:16:03,175 [main] INFO  rpc.RpcClient (RpcClient.java:createBucket(686)) - Creating Bucket: 6c158a06-4e52-4fe1-83dc-ce5d47340578/241453cb-3be8-44f1-b1b0-3e35f43cc157, with server-side default bucket layout, runner as owner, Versioning false, Storage Type set to DISK and Encryption set to false, Replication Type set to server-side default replication type, Namespace Quota set to -1, Space Quota set to -1 
2023-06-02 05:16:03,177 [OM StateMachine ApplyTransaction Thread - 0] INFO  bucket.OMBucketCreateRequest (OMBucketCreateRequest.java:validateAndUpdateCache(270)) - created bucket: 241453cb-3be8-44f1-b1b0-3e35f43cc157 of layout OBJECT_STORE in volume: 6c158a06-4e52-4fe1-83dc-ce5d47340578
2023-06-02 05:16:04,736 [JvmPauseMonitor11] WARN  util.JvmPauseMonitor (JvmPauseMonitor.java:detectPause(124)) - JvmPauseMonitor-f6a83548-c013-4f74-9c0e-0b5a922fe81f: Detected pause in JVM or host machine approximately 0.290s with 0.700s GC time.
GC pool 'PS MarkSweep' had collection(s): count=1 time=591ms
GC pool 'PS Scavenge' had collection(s): count=1 time=109ms
2023-06-02 05:16:04,737 [JvmPauseMonitor14] WARN  util.JvmPauseMonitor (JvmPauseMonitor.java:detectPause(124)) - JvmPauseMonitor-974c4613-d60a-49f9-a8d7-7eb2aff460ff: Detected pause in JVM or host machine approximately 0.289s with 0.700s GC time.
GC pool 'PS MarkSweep' had collection(s): count=1 time=591ms
GC pool 'PS Scavenge' had collection(s): count=1 time=109ms
2023-06-02 05:16:04,736 [JvmPauseMonitor6] WARN  util.JvmPauseMonitor (JvmPauseMonitor.java:detectPause(124)) - JvmPauseMonitor-57515d40-5a2b-4760-820a-8e251d1bbde2: Detected pause in JVM or host machine approximately 0.289s with 0.700s GC time.
GC pool 'PS MarkSweep' had collection(s): count=1 time=591ms
GC pool 'PS Scavenge' had collection(s): count=1 time=109ms
2023-06-02 05:16:04,737 [JvmPauseMonitor12] WARN  util.JvmPauseMonitor (JvmPauseMonitor.java:detectPause(124)) - JvmPauseMonitor-af4b945e-05c9-4c95-92ea-ec296ba0645f: Detected pause in JVM or host machine approximately 0.290s with 0.700s GC time.
GC pool 'PS MarkSweep' had collection(s): count=1 time=591ms
GC pool 'PS Scavenge' had collection(s): count=1 time=109ms
2023-06-02 05:16:04,737 [JvmPauseMonitor13] WARN  util.JvmPauseMonitor (JvmPauseMonitor.java:detectPause(124)) - JvmPauseMonitor-02d5e712-89f3-441d-ae82-935a5ddb56eb: Detected pause in JVM or host machine approximately 0.290s with 0.700s GC time.
GC pool 'PS MarkSweep' had collection(s): count=1 time=591ms
GC pool 'PS Scavenge' had collection(s): count=1 time=109ms
2023-06-02 05:16:04,737 [JvmPauseMonitor3] WARN  util.JvmPauseMonitor (JvmPauseMonitor.java:detectPause(124)) - JvmPauseMonitor-f140acff-7aed-42b1-955f-393a22e760fa: Detected pause in JVM or host machine approximately 0.290s with 0.700s GC time.
GC pool 'PS MarkSweep' had collection(s): count=1 time=591ms
GC pool 'PS Scavenge' had collection(s): count=1 time=109ms
2023-06-02 05:16:04,737 [JvmPauseMonitor4] WARN  util.JvmPauseMonitor (JvmPauseMonitor.java:detectPause(124)) - JvmPauseMonitor-45087365-1608-4817-8e49-1b233997f081: Detected pause in JVM or host machine approximately 0.293s with 0.700s GC time.
GC pool 'PS MarkSweep' had collection(s): count=1 time=591ms
GC pool 'PS Scavenge' had collection(s): count=1 time=109ms
2023-06-02 05:16:04,738 [JvmPauseMonitor7] WARN  util.JvmPauseMonitor (JvmPauseMonitor.java:detectPause(124)) - JvmPauseMonitor-87f06f2d-f73a-4ca4-bc8e-5aedfa582ec7: Detected pause in JVM or host machine approximately 0.293s with 0.700s GC time.
GC pool 'PS MarkSweep' had collection(s): count=1 time=591ms
GC pool 'PS Scavenge' had collection(s): count=1 time=109ms
2023-06-02 05:16:04,738 [JvmPauseMonitor8] WARN  util.JvmPauseMonitor (JvmPauseMonitor.java:detectPause(124)) - JvmPauseMonitor-638bdbe3-f7a3-4715-ad07-0d6e98de3b67: Detected pause in JVM or host machine approximately 0.293s with 0.700s GC time.
GC pool 'PS MarkSweep' had collection(s): count=1 time=591ms
GC pool 'PS Scavenge' had collection(s): count=1 time=109ms
2023-06-02 05:16:04,738 [JvmPauseMonitor5] WARN  util.JvmPauseMonitor (JvmPauseMonitor.java:detectPause(124)) - JvmPauseMonitor-bf3b8f25-dffd-4d70-aae5-69cf4c3dc4d1: Detected pause in JVM or host machine approximately 0.293s with 0.700s GC time.
GC pool 'PS MarkSweep' had collection(s): count=1 time=591ms
GC pool 'PS Scavenge' had collection(s): count=1 time=109ms
2023-06-02 05:16:04,738 [JvmPauseMonitor0] WARN  util.JvmPauseMonitor (JvmPauseMonitor.java:detectPause(124)) - JvmPauseMonitor-om1: Detected pause in JVM or host machine approximately 0.293s with 0.700s GC time.
GC pool 'PS MarkSweep' had collection(s): count=1 time=591ms
GC pool 'PS Scavenge' had collection(s): count=1 time=109ms
2023-06-02 05:16:04,738 [JvmPauseMonitor2] WARN  util.JvmPauseMonitor (JvmPauseMonitor.java:detectPause(124)) - JvmPauseMonitor-21bba47c-9d70-4b1d-8693-1fcc7960d534: Detected pause in JVM or host machine approximately 0.293s with 0.700s GC time.
GC pool 'PS MarkSweep' had collection(s): count=1 time=591ms
GC pool 'PS Scavenge' had collection(s): count=1 time=109ms
2023-06-02 05:16:04,738 [JvmPauseMonitor1] WARN  util.JvmPauseMonitor (JvmPauseMonitor.java:detectPause(124)) - JvmPauseMonitor-f102c20d-579f-44a7-9197-f839bb943261: Detected pause in JVM or host machine approximately 0.294s with 0.700s GC time.
GC pool 'PS MarkSweep' had collection(s): count=1 time=591ms
GC pool 'PS Scavenge' had collection(s): count=1 time=109ms
2023-06-02 05:16:04,738 [JvmPauseMonitor10] WARN  util.JvmPauseMonitor (JvmPauseMonitor.java:detectPause(124)) - JvmPauseMonitor-dd6dae7b-c4a9-4a16-a5ce-973fa036779e: Detected pause in JVM or host machine approximately 0.294s with 0.700s GC time.
GC pool 'PS MarkSweep' had collection(s): count=1 time=591ms
GC pool 'PS Scavenge' had collection(s): count=1 time=109ms
2023-06-02 05:16:04,739 [JvmPauseMonitor9] WARN  util.JvmPauseMonitor (JvmPauseMonitor.java:detectPause(124)) - JvmPauseMonitor-70b3c7ea-e7eb-4f75-8ddc-1173fec1a2ac: Detected pause in JVM or host machine approximately 0.295s with 0.700s GC time.
GC pool 'PS MarkSweep' had collection(s): count=1 time=591ms
GC pool 'PS Scavenge' had collection(s): count=1 time=109ms
2023-06-02 05:16:04,739 [dd6dae7b-c4a9-4a16-a5ce-973fa036779e@group-15729F2E584F-FollowerState] WARN  impl.FollowerState (FollowerState.java:run(130)) - Unexpected long sleep: sleep 5030ms but took extra 329246939ns (> threshold = 300ms)
2023-06-02 05:16:04,744 [af4b945e-05c9-4c95-92ea-ec296ba0645f@group-15729F2E584F-FollowerState] WARN  impl.FollowerState (FollowerState.java:run(130)) - Unexpected long sleep: sleep 5120ms but took extra 704561675ns (> threshold = 300ms)
]]></system-out>
  </testcase>
  <testcase name="testBucketQuotaInNamespace" classname="org.apache.hadoop.ozone.client.rpc.TestSecureOzoneRpcClient" time="0.236">
    <system-out><![CDATA[2023-06-02 05:16:04,871 [main] INFO  rpc.RpcClient (RpcClient.java:createVolume(459)) - Creating Volume: dbe92b3c-057a-40e1-97e5-7911621fdca3, with runner as owner and space quota set to -1 bytes, counts quota set to -1
2023-06-02 05:16:04,874 [OM StateMachine ApplyTransaction Thread - 0] INFO  volume.OMVolumeCreateRequest (OMVolumeCreateRequest.java:validateAndUpdateCache(196)) - created volume:dbe92b3c-057a-40e1-97e5-7911621fdca3 for user:runner
2023-06-02 05:16:04,876 [main] INFO  rpc.RpcClient (RpcClient.java:createBucket(686)) - Creating Bucket: dbe92b3c-057a-40e1-97e5-7911621fdca3/5e012278-dc5b-4e7b-8ed1-734a06301f3a, with server-side default bucket layout, runner as owner, Versioning false, Storage Type set to DISK and Encryption set to false, Replication Type set to server-side default replication type, Namespace Quota set to -1, Space Quota set to -1 
2023-06-02 05:16:04,879 [OM StateMachine ApplyTransaction Thread - 0] INFO  bucket.OMBucketCreateRequest (OMBucketCreateRequest.java:validateAndUpdateCache(270)) - created bucket: 5e012278-dc5b-4e7b-8ed1-734a06301f3a of layout OBJECT_STORE in volume: dbe92b3c-057a-40e1-97e5-7911621fdca3
05:16:05.084 [OM StateMachine ApplyTransaction Thread - 0] ERROR OMAudit - user=runner | ip=127.0.0.1 | op=ALLOCATE_KEY {volume=dbe92b3c-057a-40e1-97e5-7911621fdca3, bucket=5e012278-dc5b-4e7b-8ed1-734a06301f3a, key=708a4e31-3e76-443e-b1db-3eaac5cb380a, dataSize=12, replicationType=RATIS, replicationFactor=ONE} | ret=FAILURE
org.apache.hadoop.ozone.om.exceptions.OMException: The namespace quota of Bucket:5e012278-dc5b-4e7b-8ed1-734a06301f3a exceeded: quotaInNamespace: 2 but namespace consumed: 3.
	at org.apache.hadoop.ozone.om.request.key.OMKeyRequest.checkBucketQuotaInNamespace(OMKeyRequest.java:555) ~[ozone-manager-1.4.0-SNAPSHOT.jar:?]
	at org.apache.hadoop.ozone.om.request.key.OMKeyCreateRequest.validateAndUpdateCache(OMKeyCreateRequest.java:308) ~[ozone-manager-1.4.0-SNAPSHOT.jar:?]
	at org.apache.hadoop.ozone.protocolPB.OzoneManagerRequestHandler.handleWriteRequest(OzoneManagerRequestHandler.java:338) ~[ozone-manager-1.4.0-SNAPSHOT.jar:?]
	at org.apache.hadoop.ozone.om.ratis.OzoneManagerStateMachine.runCommand(OzoneManagerStateMachine.java:567) ~[ozone-manager-1.4.0-SNAPSHOT.jar:?]
	at org.apache.hadoop.ozone.om.ratis.OzoneManagerStateMachine.lambda$1(OzoneManagerStateMachine.java:358) ~[ozone-manager-1.4.0-SNAPSHOT.jar:?]
	at java.util.concurrent.CompletableFuture$AsyncSupply.run(CompletableFuture.java:1604) [?:1.8.0_372]
	at java.util.concurrent.ThreadPoolExecutor.runWorker(ThreadPoolExecutor.java:1149) [?:1.8.0_372]
	at java.util.concurrent.ThreadPoolExecutor$Worker.run(ThreadPoolExecutor.java:624) [?:1.8.0_372]
	at java.lang.Thread.run(Thread.java:750) [?:1.8.0_372]
2023-06-02 05:16:05,085 [OM StateMachine ApplyTransaction Thread - 0] ERROR key.OMKeyCreateRequest (OMKeyCreateRequest.java:logResult(380)) - Key creation failed. Volume:dbe92b3c-057a-40e1-97e5-7911621fdca3, Bucket:5e012278-dc5b-4e7b-8ed1-734a06301f3a, Key:708a4e31-3e76-443e-b1db-3eaac5cb380a. 
QUOTA_EXCEEDED org.apache.hadoop.ozone.om.exceptions.OMException: The namespace quota of Bucket:5e012278-dc5b-4e7b-8ed1-734a06301f3a exceeded: quotaInNamespace: 2 but namespace consumed: 3.
	at org.apache.hadoop.ozone.om.request.key.OMKeyRequest.checkBucketQuotaInNamespace(OMKeyRequest.java:555)
	at org.apache.hadoop.ozone.om.request.key.OMKeyCreateRequest.validateAndUpdateCache(OMKeyCreateRequest.java:308)
	at org.apache.hadoop.ozone.protocolPB.OzoneManagerRequestHandler.handleWriteRequest(OzoneManagerRequestHandler.java:338)
	at org.apache.hadoop.ozone.om.ratis.OzoneManagerStateMachine.runCommand(OzoneManagerStateMachine.java:567)
	at org.apache.hadoop.ozone.om.ratis.OzoneManagerStateMachine.lambda$1(OzoneManagerStateMachine.java:358)
	at java.util.concurrent.CompletableFuture$AsyncSupply.run(CompletableFuture.java:1604)
	at java.util.concurrent.ThreadPoolExecutor.runWorker(ThreadPoolExecutor.java:1149)
	at java.util.concurrent.ThreadPoolExecutor$Worker.run(ThreadPoolExecutor.java:624)
	at java.lang.Thread.run(Thread.java:750)
]]></system-out>
  </testcase>
  <testcase name="testBucketSetOwner" classname="org.apache.hadoop.ozone.client.rpc.TestSecureOzoneRpcClient" time="0.044">
    <system-out><![CDATA[2023-06-02 05:16:05,108 [main] INFO  rpc.RpcClient (RpcClient.java:createVolume(459)) - Creating Volume: 5e8dadab-537e-4891-bdfd-24009b538c4a, with runner as owner and space quota set to -1 bytes, counts quota set to -1
2023-06-02 05:16:05,111 [OM StateMachine ApplyTransaction Thread - 0] INFO  volume.OMVolumeCreateRequest (OMVolumeCreateRequest.java:validateAndUpdateCache(196)) - created volume:5e8dadab-537e-4891-bdfd-24009b538c4a for user:runner
2023-06-02 05:16:05,113 [main] INFO  rpc.RpcClient (RpcClient.java:createBucket(686)) - Creating Bucket: 5e8dadab-537e-4891-bdfd-24009b538c4a/effd6960-2395-4eaf-96ff-693dc8b21148, with server-side default bucket layout, runner as owner, Versioning false, Storage Type set to DISK and Encryption set to false, Replication Type set to server-side default replication type, Namespace Quota set to -1, Space Quota set to -1 
2023-06-02 05:16:05,116 [OM StateMachine ApplyTransaction Thread - 0] INFO  bucket.OMBucketCreateRequest (OMBucketCreateRequest.java:validateAndUpdateCache(270)) - created bucket: effd6960-2395-4eaf-96ff-693dc8b21148 of layout OBJECT_STORE in volume: 5e8dadab-537e-4891-bdfd-24009b538c4a
]]></system-out>
  </testcase>
  <testcase name="testBucketUsedBytes" classname="org.apache.hadoop.ozone.client.rpc.TestSecureOzoneRpcClient" time="0.204">
    <system-out><![CDATA[2023-06-02 05:16:05,152 [main] INFO  rpc.RpcClient (RpcClient.java:createVolume(459)) - Creating Volume: 2ed1b07a-c469-4560-bb06-757b756e75dc, with runner as owner and space quota set to -1 bytes, counts quota set to -1
2023-06-02 05:16:05,156 [OM StateMachine ApplyTransaction Thread - 0] INFO  volume.OMVolumeCreateRequest (OMVolumeCreateRequest.java:validateAndUpdateCache(196)) - created volume:2ed1b07a-c469-4560-bb06-757b756e75dc for user:runner
2023-06-02 05:16:05,158 [main] INFO  rpc.RpcClient (RpcClient.java:createBucket(686)) - Creating Bucket: 2ed1b07a-c469-4560-bb06-757b756e75dc/17426ccb-42fd-4aa3-904e-4a30947fd223, with bucket layout OBJECT_STORE, runner as owner, Versioning false, Storage Type set to DISK and Encryption set to false, Replication Type set to server-side default replication type, Namespace Quota set to -1, Space Quota set to -1 
2023-06-02 05:16:05,161 [OM StateMachine ApplyTransaction Thread - 0] INFO  bucket.OMBucketCreateRequest (OMBucketCreateRequest.java:validateAndUpdateCache(270)) - created bucket: 17426ccb-42fd-4aa3-904e-4a30947fd223 of layout OBJECT_STORE in volume: 2ed1b07a-c469-4560-bb06-757b756e75dc
]]></system-out>
  </testcase>
  <testcase name="testBucketUsedNamespace(BucketLayout)[1]" classname="org.apache.hadoop.ozone.client.rpc.TestSecureOzoneRpcClient" time="0.188">
    <system-out><![CDATA[2023-06-02 05:16:05,359 [main] INFO  rpc.RpcClient (RpcClient.java:createVolume(459)) - Creating Volume: 8628cc1e-624b-4cfe-bf0c-aa75b5f92791, with runner as owner and space quota set to -1 bytes, counts quota set to -1
2023-06-02 05:16:05,362 [OM StateMachine ApplyTransaction Thread - 0] INFO  volume.OMVolumeCreateRequest (OMVolumeCreateRequest.java:validateAndUpdateCache(196)) - created volume:8628cc1e-624b-4cfe-bf0c-aa75b5f92791 for user:runner
2023-06-02 05:16:05,364 [main] INFO  rpc.RpcClient (RpcClient.java:createBucket(686)) - Creating Bucket: 8628cc1e-624b-4cfe-bf0c-aa75b5f92791/a4988f2a-1014-4343-8ee0-434b935a47e3, with bucket layout OBJECT_STORE, runner as owner, Versioning false, Storage Type set to DISK and Encryption set to false, Replication Type set to server-side default replication type, Namespace Quota set to -1, Space Quota set to -1 
2023-06-02 05:16:05,367 [OM StateMachine ApplyTransaction Thread - 0] INFO  bucket.OMBucketCreateRequest (OMBucketCreateRequest.java:validateAndUpdateCache(270)) - created bucket: a4988f2a-1014-4343-8ee0-434b935a47e3 of layout OBJECT_STORE in volume: 8628cc1e-624b-4cfe-bf0c-aa75b5f92791
]]></system-out>
  </testcase>
  <testcase name="testBucketUsedNamespace(BucketLayout)[2]" classname="org.apache.hadoop.ozone.client.rpc.TestSecureOzoneRpcClient" time="0.19">
    <system-out><![CDATA[2023-06-02 05:16:05,549 [main] INFO  rpc.RpcClient (RpcClient.java:createVolume(459)) - Creating Volume: 14b75d64-9e51-4dfd-99a8-2a7ef8423cc7, with runner as owner and space quota set to -1 bytes, counts quota set to -1
2023-06-02 05:16:05,551 [OM StateMachine ApplyTransaction Thread - 0] INFO  volume.OMVolumeCreateRequest (OMVolumeCreateRequest.java:validateAndUpdateCache(196)) - created volume:14b75d64-9e51-4dfd-99a8-2a7ef8423cc7 for user:runner
2023-06-02 05:16:05,553 [main] INFO  rpc.RpcClient (RpcClient.java:createBucket(686)) - Creating Bucket: 14b75d64-9e51-4dfd-99a8-2a7ef8423cc7/bcfca4a6-15c7-40ff-b5dc-d6afaca781f6, with bucket layout LEGACY, runner as owner, Versioning false, Storage Type set to DISK and Encryption set to false, Replication Type set to server-side default replication type, Namespace Quota set to -1, Space Quota set to -1 
2023-06-02 05:16:05,555 [OM StateMachine ApplyTransaction Thread - 0] INFO  bucket.OMBucketCreateRequest (OMBucketCreateRequest.java:validateAndUpdateCache(270)) - created bucket: bcfca4a6-15c7-40ff-b5dc-d6afaca781f6 of layout LEGACY in volume: 14b75d64-9e51-4dfd-99a8-2a7ef8423cc7
]]></system-out>
  </testcase>
  <testcase name="testBucketUsedNamespace(BucketLayout)[3]" classname="org.apache.hadoop.ozone.client.rpc.TestSecureOzoneRpcClient" time="0.234">
    <system-out><![CDATA[2023-06-02 05:16:05,739 [main] INFO  rpc.RpcClient (RpcClient.java:createVolume(459)) - Creating Volume: 4c3096cb-c207-4a1e-8b01-fbf49d51920b, with runner as owner and space quota set to -1 bytes, counts quota set to -1
2023-06-02 05:16:05,742 [OM StateMachine ApplyTransaction Thread - 0] INFO  volume.OMVolumeCreateRequest (OMVolumeCreateRequest.java:validateAndUpdateCache(196)) - created volume:4c3096cb-c207-4a1e-8b01-fbf49d51920b for user:runner
2023-06-02 05:16:05,748 [main] INFO  rpc.RpcClient (RpcClient.java:createBucket(686)) - Creating Bucket: 4c3096cb-c207-4a1e-8b01-fbf49d51920b/d16a7277-6a52-44ff-a9ba-0d29d36c78f2, with bucket layout FILE_SYSTEM_OPTIMIZED, runner as owner, Versioning false, Storage Type set to DISK and Encryption set to false, Replication Type set to server-side default replication type, Namespace Quota set to -1, Space Quota set to -1 
2023-06-02 05:16:05,750 [OM StateMachine ApplyTransaction Thread - 0] INFO  bucket.OMBucketCreateRequest (OMBucketCreateRequest.java:validateAndUpdateCache(270)) - created bucket: d16a7277-6a52-44ff-a9ba-0d29d36c78f2 of layout FILE_SYSTEM_OPTIMIZED in volume: 4c3096cb-c207-4a1e-8b01-fbf49d51920b
]]></system-out>
  </testcase>
  <testcase name="testCheckUsedBytesQuota" classname="org.apache.hadoop.ozone.client.rpc.TestSecureOzoneRpcClient" time="1.024">
    <system-out><![CDATA[2023-06-02 05:16:05,974 [main] INFO  rpc.RpcClient (RpcClient.java:createVolume(459)) - Creating Volume: 641ce009-ec56-41ce-880c-8e6882f75714, with runner as owner and space quota set to -1 bytes, counts quota set to -1
2023-06-02 05:16:05,976 [OM StateMachine ApplyTransaction Thread - 0] INFO  volume.OMVolumeCreateRequest (OMVolumeCreateRequest.java:validateAndUpdateCache(196)) - created volume:641ce009-ec56-41ce-880c-8e6882f75714 for user:runner
2023-06-02 05:16:05,978 [main] INFO  rpc.RpcClient (RpcClient.java:createBucket(686)) - Creating Bucket: 641ce009-ec56-41ce-880c-8e6882f75714/e65ac13e-05bb-4ed4-a8d8-749a38edf1b8, with server-side default bucket layout, runner as owner, Versioning false, Storage Type set to DISK and Encryption set to false, Replication Type set to server-side default replication type, Namespace Quota set to -1, Space Quota set to -1 
2023-06-02 05:16:05,980 [OM StateMachine ApplyTransaction Thread - 0] INFO  bucket.OMBucketCreateRequest (OMBucketCreateRequest.java:validateAndUpdateCache(270)) - created bucket: e65ac13e-05bb-4ed4-a8d8-749a38edf1b8 of layout OBJECT_STORE in volume: 641ce009-ec56-41ce-880c-8e6882f75714
2023-06-02 05:16:05,985 [main] INFO  rpc.RpcClient (RpcClient.java:createBucket(686)) - Creating Bucket: 641ce009-ec56-41ce-880c-8e6882f75714/868775bd-6bb7-41b5-b1a5-d2e042e7cf20, with server-side default bucket layout, runner as owner, Versioning false, Storage Type set to DISK and Encryption set to false, Replication Type set to server-side default replication type, Namespace Quota set to -1, Space Quota set to -1 
2023-06-02 05:16:05,987 [OM StateMachine ApplyTransaction Thread - 0] INFO  bucket.OMBucketCreateRequest (OMBucketCreateRequest.java:validateAndUpdateCache(270)) - created bucket: 868775bd-6bb7-41b5-b1a5-d2e042e7cf20 of layout OBJECT_STORE in volume: 641ce009-ec56-41ce-880c-8e6882f75714
05:16:06.011 [OM StateMachine ApplyTransaction Thread - 0] ERROR OMAudit - user=runner | ip=127.0.0.1 | op=ALLOCATE_KEY {volume=641ce009-ec56-41ce-880c-8e6882f75714, bucket=868775bd-6bb7-41b5-b1a5-d2e042e7cf20, key=d711e4f3-5bde-4a4c-9017-ca6e58c32373, dataSize=12, replicationType=RATIS, replicationFactor=ONE} | ret=FAILURE
org.apache.hadoop.ozone.om.exceptions.OMException: The DiskSpace quota of bucket:868775bd-6bb7-41b5-b1a5-d2e042e7cf20 exceeded quotaInBytes: 1 Bytes but diskspace consumed: 4194304 Bytes.
	at org.apache.hadoop.ozone.om.request.key.OMKeyRequest.checkBucketQuotaInBytes(OMKeyRequest.java:536) ~[ozone-manager-1.4.0-SNAPSHOT.jar:?]
	at org.apache.hadoop.ozone.om.request.key.OMKeyCreateRequest.validateAndUpdateCache(OMKeyCreateRequest.java:306) ~[ozone-manager-1.4.0-SNAPSHOT.jar:?]
	at org.apache.hadoop.ozone.protocolPB.OzoneManagerRequestHandler.handleWriteRequest(OzoneManagerRequestHandler.java:338) ~[ozone-manager-1.4.0-SNAPSHOT.jar:?]
	at org.apache.hadoop.ozone.om.ratis.OzoneManagerStateMachine.runCommand(OzoneManagerStateMachine.java:567) ~[ozone-manager-1.4.0-SNAPSHOT.jar:?]
	at org.apache.hadoop.ozone.om.ratis.OzoneManagerStateMachine.lambda$1(OzoneManagerStateMachine.java:358) ~[ozone-manager-1.4.0-SNAPSHOT.jar:?]
	at java.util.concurrent.CompletableFuture$AsyncSupply.run(CompletableFuture.java:1604) [?:1.8.0_372]
	at java.util.concurrent.ThreadPoolExecutor.runWorker(ThreadPoolExecutor.java:1149) [?:1.8.0_372]
	at java.util.concurrent.ThreadPoolExecutor$Worker.run(ThreadPoolExecutor.java:624) [?:1.8.0_372]
	at java.lang.Thread.run(Thread.java:750) [?:1.8.0_372]
2023-06-02 05:16:06,011 [OM StateMachine ApplyTransaction Thread - 0] ERROR key.OMKeyCreateRequest (OMKeyCreateRequest.java:logResult(380)) - Key creation failed. Volume:641ce009-ec56-41ce-880c-8e6882f75714, Bucket:868775bd-6bb7-41b5-b1a5-d2e042e7cf20, Key:d711e4f3-5bde-4a4c-9017-ca6e58c32373. 
QUOTA_EXCEEDED org.apache.hadoop.ozone.om.exceptions.OMException: The DiskSpace quota of bucket:868775bd-6bb7-41b5-b1a5-d2e042e7cf20 exceeded quotaInBytes: 1 Bytes but diskspace consumed: 4194304 Bytes.
	at org.apache.hadoop.ozone.om.request.key.OMKeyRequest.checkBucketQuotaInBytes(OMKeyRequest.java:536)
	at org.apache.hadoop.ozone.om.request.key.OMKeyCreateRequest.validateAndUpdateCache(OMKeyCreateRequest.java:306)
	at org.apache.hadoop.ozone.protocolPB.OzoneManagerRequestHandler.handleWriteRequest(OzoneManagerRequestHandler.java:338)
	at org.apache.hadoop.ozone.om.ratis.OzoneManagerStateMachine.runCommand(OzoneManagerStateMachine.java:567)
	at org.apache.hadoop.ozone.om.ratis.OzoneManagerStateMachine.lambda$1(OzoneManagerStateMachine.java:358)
	at java.util.concurrent.CompletableFuture$AsyncSupply.run(CompletableFuture.java:1604)
	at java.util.concurrent.ThreadPoolExecutor.runWorker(ThreadPoolExecutor.java:1149)
	at java.util.concurrent.ThreadPoolExecutor$Worker.run(ThreadPoolExecutor.java:624)
	at java.lang.Thread.run(Thread.java:750)
05:16:06.041 [OM StateMachine ApplyTransaction Thread - 0] ERROR OMAudit - user=runner | ip=127.0.0.1 | op=CREATE_FILE {volume=641ce009-ec56-41ce-880c-8e6882f75714, bucket=868775bd-6bb7-41b5-b1a5-d2e042e7cf20, key=42173ec0-2371-430a-b616-f75f80a7e44d, dataSize=4194304, replicationType=RATIS, replicationFactor=ONE} | ret=FAILURE
org.apache.hadoop.ozone.om.exceptions.OMException: The DiskSpace quota of bucket:868775bd-6bb7-41b5-b1a5-d2e042e7cf20 exceeded quotaInBytes: 1 Bytes but diskspace consumed: 4194304 Bytes.
	at org.apache.hadoop.ozone.om.request.key.OMKeyRequest.checkBucketQuotaInBytes(OMKeyRequest.java:536) ~[ozone-manager-1.4.0-SNAPSHOT.jar:?]
	at org.apache.hadoop.ozone.om.request.file.OMFileCreateRequest.validateAndUpdateCache(OMFileCreateRequest.java:278) ~[ozone-manager-1.4.0-SNAPSHOT.jar:?]
	at org.apache.hadoop.ozone.protocolPB.OzoneManagerRequestHandler.handleWriteRequest(OzoneManagerRequestHandler.java:338) ~[ozone-manager-1.4.0-SNAPSHOT.jar:?]
	at org.apache.hadoop.ozone.om.ratis.OzoneManagerStateMachine.runCommand(OzoneManagerStateMachine.java:567) ~[ozone-manager-1.4.0-SNAPSHOT.jar:?]
	at org.apache.hadoop.ozone.om.ratis.OzoneManagerStateMachine.lambda$1(OzoneManagerStateMachine.java:358) ~[ozone-manager-1.4.0-SNAPSHOT.jar:?]
	at java.util.concurrent.CompletableFuture$AsyncSupply.run(CompletableFuture.java:1604) [?:1.8.0_372]
	at java.util.concurrent.ThreadPoolExecutor.runWorker(ThreadPoolExecutor.java:1149) [?:1.8.0_372]
	at java.util.concurrent.ThreadPoolExecutor$Worker.run(ThreadPoolExecutor.java:624) [?:1.8.0_372]
	at java.lang.Thread.run(Thread.java:750) [?:1.8.0_372]
2023-06-02 05:16:06,041 [OM StateMachine ApplyTransaction Thread - 0] ERROR file.OMFileCreateRequest (OMFileCreateRequest.java:validateAndUpdateCache(337)) - File create failed. Volume:641ce009-ec56-41ce-880c-8e6882f75714, Bucket:868775bd-6bb7-41b5-b1a5-d2e042e7cf20, Key42173ec0-2371-430a-b616-f75f80a7e44d.
QUOTA_EXCEEDED org.apache.hadoop.ozone.om.exceptions.OMException: The DiskSpace quota of bucket:868775bd-6bb7-41b5-b1a5-d2e042e7cf20 exceeded quotaInBytes: 1 Bytes but diskspace consumed: 4194304 Bytes.
	at org.apache.hadoop.ozone.om.request.key.OMKeyRequest.checkBucketQuotaInBytes(OMKeyRequest.java:536)
	at org.apache.hadoop.ozone.om.request.file.OMFileCreateRequest.validateAndUpdateCache(OMFileCreateRequest.java:278)
	at org.apache.hadoop.ozone.protocolPB.OzoneManagerRequestHandler.handleWriteRequest(OzoneManagerRequestHandler.java:338)
	at org.apache.hadoop.ozone.om.ratis.OzoneManagerStateMachine.runCommand(OzoneManagerStateMachine.java:567)
	at org.apache.hadoop.ozone.om.ratis.OzoneManagerStateMachine.lambda$1(OzoneManagerStateMachine.java:358)
	at java.util.concurrent.CompletableFuture$AsyncSupply.run(CompletableFuture.java:1604)
	at java.util.concurrent.ThreadPoolExecutor.runWorker(ThreadPoolExecutor.java:1149)
	at java.util.concurrent.ThreadPoolExecutor$Worker.run(ThreadPoolExecutor.java:624)
	at java.lang.Thread.run(Thread.java:750)
2023-06-02 05:16:06,916 [OM StateMachine ApplyTransaction Thread - 0] ERROR key.OMAllocateBlockRequest (OMAllocateBlockRequest.java:validateAndUpdateCache(252)) - Allocate Block failed. Volume:641ce009-ec56-41ce-880c-8e6882f75714, Bucket:868775bd-6bb7-41b5-b1a5-d2e042e7cf20, OpenKey:/641ce009-ec56-41ce-880c-8e6882f75714/868775bd-6bb7-41b5-b1a5-d2e042e7cf20/a8ee5151-5c16-4343-9881-4a80bf4fca19/110472918863249485. Exception:{}
QUOTA_EXCEEDED org.apache.hadoop.ozone.om.exceptions.OMException: The DiskSpace quota of bucket:868775bd-6bb7-41b5-b1a5-d2e042e7cf20 exceeded quotaInBytes: 16777216 Bytes but diskspace consumed: 20971520 Bytes.
	at org.apache.hadoop.ozone.om.request.key.OMKeyRequest.checkBucketQuotaInBytes(OMKeyRequest.java:536)
	at org.apache.hadoop.ozone.om.request.key.OMAllocateBlockRequest.validateAndUpdateCache(OMAllocateBlockRequest.java:224)
	at org.apache.hadoop.ozone.protocolPB.OzoneManagerRequestHandler.handleWriteRequest(OzoneManagerRequestHandler.java:338)
	at org.apache.hadoop.ozone.om.ratis.OzoneManagerStateMachine.runCommand(OzoneManagerStateMachine.java:567)
	at org.apache.hadoop.ozone.om.ratis.OzoneManagerStateMachine.lambda$1(OzoneManagerStateMachine.java:358)
	at java.util.concurrent.CompletableFuture$AsyncSupply.run(CompletableFuture.java:1604)
	at java.util.concurrent.ThreadPoolExecutor.runWorker(ThreadPoolExecutor.java:1149)
	at java.util.concurrent.ThreadPoolExecutor$Worker.run(ThreadPoolExecutor.java:624)
	at java.lang.Thread.run(Thread.java:750)
05:16:06.916 [OM StateMachine ApplyTransaction Thread - 0] ERROR OMAudit - user=runner | ip=127.0.0.1 | op=ALLOCATE_BLOCK {volume=641ce009-ec56-41ce-880c-8e6882f75714, bucket=868775bd-6bb7-41b5-b1a5-d2e042e7cf20, key=a8ee5151-5c16-4343-9881-4a80bf4fca19, dataSize=12, replicationType=RATIS, replicationFactor=ONE, clientID=110472918863249485} | ret=FAILURE
org.apache.hadoop.ozone.om.exceptions.OMException: The DiskSpace quota of bucket:868775bd-6bb7-41b5-b1a5-d2e042e7cf20 exceeded quotaInBytes: 16777216 Bytes but diskspace consumed: 20971520 Bytes.
	at org.apache.hadoop.ozone.om.request.key.OMKeyRequest.checkBucketQuotaInBytes(OMKeyRequest.java:536) ~[ozone-manager-1.4.0-SNAPSHOT.jar:?]
	at org.apache.hadoop.ozone.om.request.key.OMAllocateBlockRequest.validateAndUpdateCache(OMAllocateBlockRequest.java:224) ~[ozone-manager-1.4.0-SNAPSHOT.jar:?]
	at org.apache.hadoop.ozone.protocolPB.OzoneManagerRequestHandler.handleWriteRequest(OzoneManagerRequestHandler.java:338) ~[ozone-manager-1.4.0-SNAPSHOT.jar:?]
	at org.apache.hadoop.ozone.om.ratis.OzoneManagerStateMachine.runCommand(OzoneManagerStateMachine.java:567) ~[ozone-manager-1.4.0-SNAPSHOT.jar:?]
	at org.apache.hadoop.ozone.om.ratis.OzoneManagerStateMachine.lambda$1(OzoneManagerStateMachine.java:358) ~[ozone-manager-1.4.0-SNAPSHOT.jar:?]
	at java.util.concurrent.CompletableFuture$AsyncSupply.run(CompletableFuture.java:1604) [?:1.8.0_372]
	at java.util.concurrent.ThreadPoolExecutor.runWorker(ThreadPoolExecutor.java:1149) [?:1.8.0_372]
	at java.util.concurrent.ThreadPoolExecutor$Worker.run(ThreadPoolExecutor.java:624) [?:1.8.0_372]
	at java.lang.Thread.run(Thread.java:750) [?:1.8.0_372]
]]></system-out>
  </testcase>
  <testcase name="testCommitPartAfterCompleteUpload" classname="org.apache.hadoop.ozone.client.rpc.TestSecureOzoneRpcClient" time="0.702">
    <system-out><![CDATA[2023-06-02 05:16:06,998 [main] INFO  rpc.RpcClient (RpcClient.java:createVolume(459)) - Creating Volume: 31799514-96d8-4462-a4ae-cdbefcff60ce, with runner as owner and space quota set to -1 bytes, counts quota set to -1
2023-06-02 05:16:07,001 [OM StateMachine ApplyTransaction Thread - 0] INFO  volume.OMVolumeCreateRequest (OMVolumeCreateRequest.java:validateAndUpdateCache(196)) - created volume:31799514-96d8-4462-a4ae-cdbefcff60ce for user:runner
2023-06-02 05:16:07,003 [main] INFO  rpc.RpcClient (RpcClient.java:createBucket(686)) - Creating Bucket: 31799514-96d8-4462-a4ae-cdbefcff60ce/c8f8d109-fcd1-4c2b-bf20-574c08d0904a, with server-side default bucket layout, runner as owner, Versioning false, Storage Type set to DISK and Encryption set to false, Replication Type set to server-side default replication type, Namespace Quota set to -1, Space Quota set to -1 
2023-06-02 05:16:07,005 [OM StateMachine ApplyTransaction Thread - 0] INFO  bucket.OMBucketCreateRequest (OMBucketCreateRequest.java:validateAndUpdateCache(270)) - created bucket: c8f8d109-fcd1-4c2b-bf20-574c08d0904a of layout OBJECT_STORE in volume: 31799514-96d8-4462-a4ae-cdbefcff60ce
2023-06-02 05:16:07,424 [IPC Server handler 2 on default port 15001] WARN  node.SCMNodeManager (SCMNodeManager.java:getNodesByAddress(1381)) - Cannot find node for address 127.0.0.1
2023-06-02 05:16:07,427 [IPC Server handler 14 on default port 15001] WARN  node.SCMNodeManager (SCMNodeManager.java:getNodesByAddress(1381)) - Cannot find node for address 127.0.0.1
05:16:07.697 [OM StateMachine ApplyTransaction Thread - 0] ERROR OMAudit - user=runner | ip=127.0.0.1 | op=COMMIT_MULTIPART_UPLOAD_PARTKEY {volume=31799514-96d8-4462-a4ae-cdbefcff60ce, bucket=c8f8d109-fcd1-4c2b-bf20-574c08d0904a, key=1407188c-e801-4133-a9f6-26bdde258bb2, dataSize=5242880, replicationType=NONE, replicationFactor=ZERO, partNumber=2, partName=/31799514-96d8-4462-a4ae-cdbefcff60ce/c8f8d109-fcd1-4c2b-bf20-574c08d0904a/1407188c-e801-4133-a9f6-26bdde258bb2-1cae2573-a9d5-4708-93eb-e3118cfb334c-110472918925770832-2} | ret=FAILURE
org.apache.hadoop.ozone.om.exceptions.OMException: No such Multipart upload is with specified uploadId 1cae2573-a9d5-4708-93eb-e3118cfb334c-110472918925770832
	at org.apache.hadoop.ozone.om.request.s3.multipart.S3MultipartUploadCommitPartRequest.validateAndUpdateCache(S3MultipartUploadCommitPartRequest.java:188) ~[ozone-manager-1.4.0-SNAPSHOT.jar:?]
	at org.apache.hadoop.ozone.protocolPB.OzoneManagerRequestHandler.handleWriteRequest(OzoneManagerRequestHandler.java:338) ~[ozone-manager-1.4.0-SNAPSHOT.jar:?]
	at org.apache.hadoop.ozone.om.ratis.OzoneManagerStateMachine.runCommand(OzoneManagerStateMachine.java:567) ~[ozone-manager-1.4.0-SNAPSHOT.jar:?]
	at org.apache.hadoop.ozone.om.ratis.OzoneManagerStateMachine.lambda$1(OzoneManagerStateMachine.java:358) ~[ozone-manager-1.4.0-SNAPSHOT.jar:?]
	at java.util.concurrent.CompletableFuture$AsyncSupply.run(CompletableFuture.java:1604) [?:1.8.0_372]
	at java.util.concurrent.ThreadPoolExecutor.runWorker(ThreadPoolExecutor.java:1149) [?:1.8.0_372]
	at java.util.concurrent.ThreadPoolExecutor$Worker.run(ThreadPoolExecutor.java:624) [?:1.8.0_372]
	at java.lang.Thread.run(Thread.java:750) [?:1.8.0_372]
2023-06-02 05:16:07,698 [OM StateMachine ApplyTransaction Thread - 0] ERROR multipart.S3MultipartUploadCommitPartRequest (S3MultipartUploadCommitPartRequest.java:logResult(327)) - MultipartUpload Commit is failed for Key:1407188c-e801-4133-a9f6-26bdde258bb2 in Volume/Bucket 31799514-96d8-4462-a4ae-cdbefcff60ce/c8f8d109-fcd1-4c2b-bf20-574c08d0904a
NO_SUCH_MULTIPART_UPLOAD_ERROR org.apache.hadoop.ozone.om.exceptions.OMException: No such Multipart upload is with specified uploadId 1cae2573-a9d5-4708-93eb-e3118cfb334c-110472918925770832
	at org.apache.hadoop.ozone.om.request.s3.multipart.S3MultipartUploadCommitPartRequest.validateAndUpdateCache(S3MultipartUploadCommitPartRequest.java:188)
	at org.apache.hadoop.ozone.protocolPB.OzoneManagerRequestHandler.handleWriteRequest(OzoneManagerRequestHandler.java:338)
	at org.apache.hadoop.ozone.om.ratis.OzoneManagerStateMachine.runCommand(OzoneManagerStateMachine.java:567)
	at org.apache.hadoop.ozone.om.ratis.OzoneManagerStateMachine.lambda$1(OzoneManagerStateMachine.java:358)
	at java.util.concurrent.CompletableFuture$AsyncSupply.run(CompletableFuture.java:1604)
	at java.util.concurrent.ThreadPoolExecutor.runWorker(ThreadPoolExecutor.java:1149)
	at java.util.concurrent.ThreadPoolExecutor$Worker.run(ThreadPoolExecutor.java:624)
	at java.lang.Thread.run(Thread.java:750)
]]></system-out>
  </testcase>
  <testcase name="testCreateBucket" classname="org.apache.hadoop.ozone.client.rpc.TestSecureOzoneRpcClient" time="0.012">
    <system-out><![CDATA[2023-06-02 05:16:07,701 [main] INFO  rpc.RpcClient (RpcClient.java:createVolume(459)) - Creating Volume: 22020d98-d5f1-4c02-81f8-7ffcfd443fe4, with runner as owner and space quota set to -1 bytes, counts quota set to -1
2023-06-02 05:16:07,706 [OM StateMachine ApplyTransaction Thread - 0] INFO  volume.OMVolumeCreateRequest (OMVolumeCreateRequest.java:validateAndUpdateCache(196)) - created volume:22020d98-d5f1-4c02-81f8-7ffcfd443fe4 for user:runner
2023-06-02 05:16:07,708 [main] INFO  rpc.RpcClient (RpcClient.java:createBucket(686)) - Creating Bucket: 22020d98-d5f1-4c02-81f8-7ffcfd443fe4/30b35f54-bc7a-4d2b-a6ca-2fb28ace04d6, with server-side default bucket layout, runner as owner, Versioning false, Storage Type set to DISK and Encryption set to false, Replication Type set to server-side default replication type, Namespace Quota set to -1, Space Quota set to -1 
2023-06-02 05:16:07,710 [OM StateMachine ApplyTransaction Thread - 0] INFO  bucket.OMBucketCreateRequest (OMBucketCreateRequest.java:validateAndUpdateCache(270)) - created bucket: 30b35f54-bc7a-4d2b-a6ca-2fb28ace04d6 of layout OBJECT_STORE in volume: 22020d98-d5f1-4c02-81f8-7ffcfd443fe4
]]></system-out>
  </testcase>
  <testcase name="testCreateBucketWithAcls" classname="org.apache.hadoop.ozone.client.rpc.TestSecureOzoneRpcClient" time="0.01">
    <system-out><![CDATA[2023-06-02 05:16:07,713 [main] INFO  rpc.RpcClient (RpcClient.java:createVolume(459)) - Creating Volume: cac19362-073f-45b8-b38d-f58307e76230, with runner as owner and space quota set to -1 bytes, counts quota set to -1
2023-06-02 05:16:07,716 [OM StateMachine ApplyTransaction Thread - 0] INFO  volume.OMVolumeCreateRequest (OMVolumeCreateRequest.java:validateAndUpdateCache(196)) - created volume:cac19362-073f-45b8-b38d-f58307e76230 for user:runner
2023-06-02 05:16:07,717 [main] INFO  rpc.RpcClient (RpcClient.java:createBucket(686)) - Creating Bucket: cac19362-073f-45b8-b38d-f58307e76230/7d7d2d73-4400-474e-98f2-6b4d2eb24e77, with server-side default bucket layout, runner as owner, Versioning false, Storage Type set to DISK and Encryption set to false, Replication Type set to server-side default replication type, Namespace Quota set to -1, Space Quota set to -1 
2023-06-02 05:16:07,720 [OM StateMachine ApplyTransaction Thread - 0] INFO  bucket.OMBucketCreateRequest (OMBucketCreateRequest.java:validateAndUpdateCache(270)) - created bucket: 7d7d2d73-4400-474e-98f2-6b4d2eb24e77 of layout OBJECT_STORE in volume: cac19362-073f-45b8-b38d-f58307e76230
]]></system-out>
  </testcase>
  <testcase name="testCreateBucketWithAllArgument" classname="org.apache.hadoop.ozone.client.rpc.TestSecureOzoneRpcClient" time="0.017">
    <system-out><![CDATA[2023-06-02 05:16:07,724 [main] INFO  rpc.RpcClient (RpcClient.java:createVolume(459)) - Creating Volume: a4255aa3-a535-4561-bda1-dae544bbd097, with runner as owner and space quota set to -1 bytes, counts quota set to -1
2023-06-02 05:16:07,727 [OM StateMachine ApplyTransaction Thread - 0] INFO  volume.OMVolumeCreateRequest (OMVolumeCreateRequest.java:validateAndUpdateCache(196)) - created volume:a4255aa3-a535-4561-bda1-dae544bbd097 for user:runner
2023-06-02 05:16:07,730 [main] INFO  rpc.RpcClient (RpcClient.java:createBucket(686)) - Creating Bucket: a4255aa3-a535-4561-bda1-dae544bbd097/e484906b-76ec-46a7-b523-fe355189f627, with server-side default bucket layout, runner as owner, Versioning true, Storage Type set to SSD and Encryption set to false, Replication Type set to EC, Namespace Quota set to -1, Space Quota set to -1 
2023-06-02 05:16:07,737 [OM StateMachine ApplyTransaction Thread - 0] INFO  bucket.OMBucketCreateRequest (OMBucketCreateRequest.java:validateAndUpdateCache(270)) - created bucket: e484906b-76ec-46a7-b523-fe355189f627 of layout OBJECT_STORE in volume: a4255aa3-a535-4561-bda1-dae544bbd097
]]></system-out>
  </testcase>
  <testcase name="testCreateBucketWithMetadata" classname="org.apache.hadoop.ozone.client.rpc.TestSecureOzoneRpcClient" time="0.017">
    <system-out><![CDATA[2023-06-02 05:16:07,741 [main] INFO  rpc.RpcClient (RpcClient.java:createVolume(459)) - Creating Volume: 19f37920-3ee7-45ea-a0e8-f8a1b3c15925, with runner as owner and space quota set to -1 bytes, counts quota set to -1
2023-06-02 05:16:07,743 [OM StateMachine ApplyTransaction Thread - 0] INFO  volume.OMVolumeCreateRequest (OMVolumeCreateRequest.java:validateAndUpdateCache(196)) - created volume:19f37920-3ee7-45ea-a0e8-f8a1b3c15925 for user:runner
2023-06-02 05:16:07,753 [main] INFO  rpc.RpcClient (RpcClient.java:createBucket(686)) - Creating Bucket: 19f37920-3ee7-45ea-a0e8-f8a1b3c15925/4282986a-710e-40bd-8ce6-6a857659f0dc, with server-side default bucket layout, runner as owner, Versioning false, Storage Type set to DISK and Encryption set to false, Replication Type set to server-side default replication type, Namespace Quota set to -1, Space Quota set to -1 
2023-06-02 05:16:07,755 [OM StateMachine ApplyTransaction Thread - 0] INFO  bucket.OMBucketCreateRequest (OMBucketCreateRequest.java:validateAndUpdateCache(270)) - created bucket: 4282986a-710e-40bd-8ce6-6a857659f0dc of layout OBJECT_STORE in volume: 19f37920-3ee7-45ea-a0e8-f8a1b3c15925
]]></system-out>
  </testcase>
  <testcase name="testCreateBucketWithReplicationConfig" classname="org.apache.hadoop.ozone.client.rpc.TestSecureOzoneRpcClient" time="0.008">
    <system-out><![CDATA[2023-06-02 05:16:07,759 [main] INFO  rpc.RpcClient (RpcClient.java:createVolume(459)) - Creating Volume: 62a7e6d3-0122-4c2f-8237-d57c66b4b58b, with runner as owner and space quota set to -1 bytes, counts quota set to -1
2023-06-02 05:16:07,760 [OM StateMachine ApplyTransaction Thread - 0] INFO  volume.OMVolumeCreateRequest (OMVolumeCreateRequest.java:validateAndUpdateCache(196)) - created volume:62a7e6d3-0122-4c2f-8237-d57c66b4b58b for user:runner
2023-06-02 05:16:07,762 [main] INFO  rpc.RpcClient (RpcClient.java:createBucket(686)) - Creating Bucket: 62a7e6d3-0122-4c2f-8237-d57c66b4b58b/c8cca1cc-2961-4213-bbb5-f85750515dbd, with server-side default bucket layout, runner as owner, Versioning false, Storage Type set to DISK and Encryption set to false, Replication Type set to EC, Namespace Quota set to -1, Space Quota set to -1 
2023-06-02 05:16:07,764 [OM StateMachine ApplyTransaction Thread - 0] INFO  bucket.OMBucketCreateRequest (OMBucketCreateRequest.java:validateAndUpdateCache(270)) - created bucket: c8cca1cc-2961-4213-bbb5-f85750515dbd of layout OBJECT_STORE in volume: 62a7e6d3-0122-4c2f-8237-d57c66b4b58b
]]></system-out>
  </testcase>
  <testcase name="testCreateBucketWithStorageType" classname="org.apache.hadoop.ozone.client.rpc.TestSecureOzoneRpcClient" time="0.009">
    <system-out><![CDATA[2023-06-02 05:16:07,767 [main] INFO  rpc.RpcClient (RpcClient.java:createVolume(459)) - Creating Volume: 7250f500-24eb-4d1b-92ee-4ea1ed330d95, with runner as owner and space quota set to -1 bytes, counts quota set to -1
2023-06-02 05:16:07,769 [OM StateMachine ApplyTransaction Thread - 0] INFO  volume.OMVolumeCreateRequest (OMVolumeCreateRequest.java:validateAndUpdateCache(196)) - created volume:7250f500-24eb-4d1b-92ee-4ea1ed330d95 for user:runner
2023-06-02 05:16:07,770 [main] INFO  rpc.RpcClient (RpcClient.java:createBucket(686)) - Creating Bucket: 7250f500-24eb-4d1b-92ee-4ea1ed330d95/1d12e8ec-5db1-4634-8896-523989461ccc, with server-side default bucket layout, runner as owner, Versioning false, Storage Type set to SSD and Encryption set to false, Replication Type set to server-side default replication type, Namespace Quota set to -1, Space Quota set to -1 
2023-06-02 05:16:07,772 [OM StateMachine ApplyTransaction Thread - 0] INFO  bucket.OMBucketCreateRequest (OMBucketCreateRequest.java:validateAndUpdateCache(270)) - created bucket: 1d12e8ec-5db1-4634-8896-523989461ccc of layout OBJECT_STORE in volume: 7250f500-24eb-4d1b-92ee-4ea1ed330d95
]]></system-out>
  </testcase>
  <testcase name="testCreateBucketWithVersioning" classname="org.apache.hadoop.ozone.client.rpc.TestSecureOzoneRpcClient" time="0.009">
    <system-out><![CDATA[2023-06-02 05:16:07,776 [main] INFO  rpc.RpcClient (RpcClient.java:createVolume(459)) - Creating Volume: 94afbe18-2b76-4655-b754-3e418120347e, with runner as owner and space quota set to -1 bytes, counts quota set to -1
2023-06-02 05:16:07,778 [OM StateMachine ApplyTransaction Thread - 0] INFO  volume.OMVolumeCreateRequest (OMVolumeCreateRequest.java:validateAndUpdateCache(196)) - created volume:94afbe18-2b76-4655-b754-3e418120347e for user:runner
2023-06-02 05:16:07,779 [main] INFO  rpc.RpcClient (RpcClient.java:createBucket(686)) - Creating Bucket: 94afbe18-2b76-4655-b754-3e418120347e/520a5eea-5091-4dcc-b597-fe69bceaba91, with server-side default bucket layout, runner as owner, Versioning true, Storage Type set to DISK and Encryption set to false, Replication Type set to server-side default replication type, Namespace Quota set to -1, Space Quota set to -1 
2023-06-02 05:16:07,782 [OM StateMachine ApplyTransaction Thread - 0] INFO  bucket.OMBucketCreateRequest (OMBucketCreateRequest.java:validateAndUpdateCache(270)) - created bucket: 520a5eea-5091-4dcc-b597-fe69bceaba91 of layout OBJECT_STORE in volume: 94afbe18-2b76-4655-b754-3e418120347e
]]></system-out>
  </testcase>
  <testcase name="testCreateS3Bucket" classname="org.apache.hadoop.ozone.client.rpc.TestSecureOzoneRpcClient" time="0.011">
    <system-out><![CDATA[2023-06-02 05:16:07,791 [main] INFO  rpc.RpcClient (RpcClient.java:createBucket(686)) - Creating Bucket: s3v/03bf4010-ce14-433a-948e-696034b97f90, with bucket layout OBJECT_STORE, runner as owner, Versioning false, Storage Type set to DISK and Encryption set to false, Replication Type set to server-side default replication type, Namespace Quota set to -1, Space Quota set to -1 
2023-06-02 05:16:07,793 [OM StateMachine ApplyTransaction Thread - 0] INFO  bucket.OMBucketCreateRequest (OMBucketCreateRequest.java:validateAndUpdateCache(270)) - created bucket: 03bf4010-ce14-433a-948e-696034b97f90 of layout OBJECT_STORE in volume: s3v
]]></system-out>
  </testcase>
  <testcase name="testCreateVolumeWithMetadata" classname="org.apache.hadoop.ozone.client.rpc.TestSecureOzoneRpcClient" time="0.004">
    <system-out><![CDATA[2023-06-02 05:16:07,797 [main] INFO  rpc.RpcClient (RpcClient.java:createVolume(459)) - Creating Volume: 05327395-05e9-4c87-8e01-e86466ecb84f, with runner as owner and space quota set to -1 bytes, counts quota set to -1
2023-06-02 05:16:07,799 [OM StateMachine ApplyTransaction Thread - 0] INFO  volume.OMVolumeCreateRequest (OMVolumeCreateRequest.java:validateAndUpdateCache(196)) - created volume:05327395-05e9-4c87-8e01-e86466ecb84f for user:runner
]]></system-out>
  </testcase>
  <testcase name="testDefaultS3GVolumeExists" classname="org.apache.hadoop.ozone.client.rpc.TestSecureOzoneRpcClient" time="0.002"/>
  <testcase name="testDeleteBucket" classname="org.apache.hadoop.ozone.client.rpc.TestSecureOzoneRpcClient" time="0.015">
    <system-out><![CDATA[2023-06-02 05:16:07,806 [main] INFO  rpc.RpcClient (RpcClient.java:createVolume(459)) - Creating Volume: b6de90f3-3028-462d-82a2-8c7e6197be5d, with runner as owner and space quota set to -1 bytes, counts quota set to -1
2023-06-02 05:16:07,808 [OM StateMachine ApplyTransaction Thread - 0] INFO  volume.OMVolumeCreateRequest (OMVolumeCreateRequest.java:validateAndUpdateCache(196)) - created volume:b6de90f3-3028-462d-82a2-8c7e6197be5d for user:runner
2023-06-02 05:16:07,810 [main] INFO  rpc.RpcClient (RpcClient.java:createBucket(686)) - Creating Bucket: b6de90f3-3028-462d-82a2-8c7e6197be5d/12b57098-e45f-4ca7-8d3c-e2ca87a4ecd5, with server-side default bucket layout, runner as owner, Versioning false, Storage Type set to DISK and Encryption set to false, Replication Type set to server-side default replication type, Namespace Quota set to -1, Space Quota set to -1 
2023-06-02 05:16:07,812 [OM StateMachine ApplyTransaction Thread - 0] INFO  bucket.OMBucketCreateRequest (OMBucketCreateRequest.java:validateAndUpdateCache(270)) - created bucket: 12b57098-e45f-4ca7-8d3c-e2ca87a4ecd5 of layout OBJECT_STORE in volume: b6de90f3-3028-462d-82a2-8c7e6197be5d
05:16:07.818 [IPC Server handler 0 on default port 15004] ERROR OMAudit - user=runner | ip=127.0.0.1 | op=READ_BUCKET {volume=b6de90f3-3028-462d-82a2-8c7e6197be5d, bucket=12b57098-e45f-4ca7-8d3c-e2ca87a4ecd5} | ret=FAILURE
org.apache.hadoop.ozone.om.exceptions.OMException: Bucket not found
	at org.apache.hadoop.ozone.om.OzoneManager.getBucketOwner(OzoneManager.java:2547) ~[ozone-manager-1.4.0-SNAPSHOT.jar:?]
	at org.apache.hadoop.ozone.om.OzoneManager.getBucketOwner(OzoneManager.java:2517) ~[ozone-manager-1.4.0-SNAPSHOT.jar:?]
	at org.apache.hadoop.ozone.om.OmMetadataReader.checkAcls(OmMetadataReader.java:444) ~[ozone-manager-1.4.0-SNAPSHOT.jar:?]
	at org.apache.hadoop.ozone.om.OzoneManager.getBucketInfo(OzoneManager.java:2811) ~[ozone-manager-1.4.0-SNAPSHOT.jar:?]
	at org.apache.hadoop.ozone.protocolPB.OzoneManagerRequestHandler.infoBucket(OzoneManagerRequestHandler.java:510) ~[ozone-manager-1.4.0-SNAPSHOT.jar:?]
	at org.apache.hadoop.ozone.protocolPB.OzoneManagerRequestHandler.handleReadRequest(OzoneManagerRequestHandler.java:189) ~[ozone-manager-1.4.0-SNAPSHOT.jar:?]
	at org.apache.hadoop.ozone.protocolPB.OzoneManagerProtocolServerSideTranslatorPB.submitReadRequestToOM(OzoneManagerProtocolServerSideTranslatorPB.java:223) ~[ozone-manager-1.4.0-SNAPSHOT.jar:?]
	at org.apache.hadoop.ozone.protocolPB.OzoneManagerProtocolServerSideTranslatorPB.processRequest(OzoneManagerProtocolServerSideTranslatorPB.java:177) ~[ozone-manager-1.4.0-SNAPSHOT.jar:?]
	at org.apache.hadoop.hdds.server.OzoneProtocolMessageDispatcher.processRequest(OzoneProtocolMessageDispatcher.java:87) [hdds-server-framework-1.4.0-SNAPSHOT.jar:?]
	at org.apache.hadoop.ozone.protocolPB.OzoneManagerProtocolServerSideTranslatorPB.submitRequest(OzoneManagerProtocolServerSideTranslatorPB.java:147) [ozone-manager-1.4.0-SNAPSHOT.jar:?]
	at org.apache.hadoop.ozone.protocol.proto.OzoneManagerProtocolProtos$OzoneManagerService$2.callBlockingMethod(OzoneManagerProtocolProtos.java) [ozone-interface-client-1.4.0-SNAPSHOT.jar:?]
	at org.apache.hadoop.ipc.ProtobufRpcEngine$Server.processCall(ProtobufRpcEngine.java:484) [hadoop-common-3.3.5.jar:?]
	at org.apache.hadoop.ipc.ProtobufRpcEngine2$Server$ProtoBufRpcInvoker.call(ProtobufRpcEngine2.java:595) [hadoop-common-3.3.5.jar:?]
	at org.apache.hadoop.ipc.ProtobufRpcEngine2$Server$ProtoBufRpcInvoker.call(ProtobufRpcEngine2.java:573) [hadoop-common-3.3.5.jar:?]
	at org.apache.hadoop.ipc.RPC$Server.call(RPC.java:1213) [hadoop-common-3.3.5.jar:?]
	at org.apache.hadoop.ipc.Server$RpcCall.run(Server.java:1089) [hadoop-common-3.3.5.jar:?]
	at org.apache.hadoop.ipc.Server$RpcCall.run(Server.java:1012) [hadoop-common-3.3.5.jar:?]
	at java.security.AccessController.doPrivileged(Native Method) ~[?:1.8.0_372]
	at javax.security.auth.Subject.doAs(Subject.java:422) [?:1.8.0_372]
	at org.apache.hadoop.security.UserGroupInformation.doAs(UserGroupInformation.java:1899) [hadoop-common-3.3.5.jar:?]
	at org.apache.hadoop.ipc.Server$Handler.run(Server.java:3026) [hadoop-common-3.3.5.jar:?]
]]></system-out>
  </testcase>
  <testcase name="testDeleteBucketWithTheSamePrefix(BucketLayout)[1]" classname="org.apache.hadoop.ozone.client.rpc.TestSecureOzoneRpcClient" time="0.025">
    <system-out><![CDATA[2023-06-02 05:16:07,821 [main] INFO  rpc.RpcClient (RpcClient.java:createVolume(459)) - Creating Volume: e832bfe0-f1ea-428f-90c6-7e73aab6c807, with runner as owner and space quota set to -1 bytes, counts quota set to -1
2023-06-02 05:16:07,823 [OM StateMachine ApplyTransaction Thread - 0] INFO  volume.OMVolumeCreateRequest (OMVolumeCreateRequest.java:validateAndUpdateCache(196)) - created volume:e832bfe0-f1ea-428f-90c6-7e73aab6c807 for user:runner
2023-06-02 05:16:07,825 [main] INFO  rpc.RpcClient (RpcClient.java:createBucket(686)) - Creating Bucket: e832bfe0-f1ea-428f-90c6-7e73aab6c807/bucket1, with bucket layout OBJECT_STORE, runner as owner, Versioning false, Storage Type set to DISK and Encryption set to false, Replication Type set to server-side default replication type, Namespace Quota set to -1, Space Quota set to -1 
2023-06-02 05:16:07,827 [OM StateMachine ApplyTransaction Thread - 0] INFO  bucket.OMBucketCreateRequest (OMBucketCreateRequest.java:validateAndUpdateCache(270)) - created bucket: bucket1 of layout OBJECT_STORE in volume: e832bfe0-f1ea-428f-90c6-7e73aab6c807
2023-06-02 05:16:07,828 [main] INFO  rpc.RpcClient (RpcClient.java:createBucket(686)) - Creating Bucket: e832bfe0-f1ea-428f-90c6-7e73aab6c807/bucket11, with bucket layout OBJECT_STORE, runner as owner, Versioning false, Storage Type set to DISK and Encryption set to false, Replication Type set to server-side default replication type, Namespace Quota set to -1, Space Quota set to -1 
2023-06-02 05:16:07,830 [OM StateMachine ApplyTransaction Thread - 0] INFO  bucket.OMBucketCreateRequest (OMBucketCreateRequest.java:validateAndUpdateCache(270)) - created bucket: bucket11 of layout OBJECT_STORE in volume: e832bfe0-f1ea-428f-90c6-7e73aab6c807
05:16:07.845 [IPC Server handler 5 on default port 15004] ERROR OMAudit - user=runner | ip=127.0.0.1 | op=READ_BUCKET {volume=e832bfe0-f1ea-428f-90c6-7e73aab6c807, bucket=bucket1} | ret=FAILURE
org.apache.hadoop.ozone.om.exceptions.OMException: Bucket not found
	at org.apache.hadoop.ozone.om.OzoneManager.getBucketOwner(OzoneManager.java:2547) ~[ozone-manager-1.4.0-SNAPSHOT.jar:?]
	at org.apache.hadoop.ozone.om.OzoneManager.getBucketOwner(OzoneManager.java:2517) ~[ozone-manager-1.4.0-SNAPSHOT.jar:?]
	at org.apache.hadoop.ozone.om.OmMetadataReader.checkAcls(OmMetadataReader.java:444) ~[ozone-manager-1.4.0-SNAPSHOT.jar:?]
	at org.apache.hadoop.ozone.om.OzoneManager.getBucketInfo(OzoneManager.java:2811) ~[ozone-manager-1.4.0-SNAPSHOT.jar:?]
	at org.apache.hadoop.ozone.protocolPB.OzoneManagerRequestHandler.infoBucket(OzoneManagerRequestHandler.java:510) ~[ozone-manager-1.4.0-SNAPSHOT.jar:?]
	at org.apache.hadoop.ozone.protocolPB.OzoneManagerRequestHandler.handleReadRequest(OzoneManagerRequestHandler.java:189) ~[ozone-manager-1.4.0-SNAPSHOT.jar:?]
	at org.apache.hadoop.ozone.protocolPB.OzoneManagerProtocolServerSideTranslatorPB.submitReadRequestToOM(OzoneManagerProtocolServerSideTranslatorPB.java:223) ~[ozone-manager-1.4.0-SNAPSHOT.jar:?]
	at org.apache.hadoop.ozone.protocolPB.OzoneManagerProtocolServerSideTranslatorPB.processRequest(OzoneManagerProtocolServerSideTranslatorPB.java:177) ~[ozone-manager-1.4.0-SNAPSHOT.jar:?]
	at org.apache.hadoop.hdds.server.OzoneProtocolMessageDispatcher.processRequest(OzoneProtocolMessageDispatcher.java:87) [hdds-server-framework-1.4.0-SNAPSHOT.jar:?]
	at org.apache.hadoop.ozone.protocolPB.OzoneManagerProtocolServerSideTranslatorPB.submitRequest(OzoneManagerProtocolServerSideTranslatorPB.java:147) [ozone-manager-1.4.0-SNAPSHOT.jar:?]
	at org.apache.hadoop.ozone.protocol.proto.OzoneManagerProtocolProtos$OzoneManagerService$2.callBlockingMethod(OzoneManagerProtocolProtos.java) [ozone-interface-client-1.4.0-SNAPSHOT.jar:?]
	at org.apache.hadoop.ipc.ProtobufRpcEngine$Server.processCall(ProtobufRpcEngine.java:484) [hadoop-common-3.3.5.jar:?]
	at org.apache.hadoop.ipc.ProtobufRpcEngine2$Server$ProtoBufRpcInvoker.call(ProtobufRpcEngine2.java:595) [hadoop-common-3.3.5.jar:?]
	at org.apache.hadoop.ipc.ProtobufRpcEngine2$Server$ProtoBufRpcInvoker.call(ProtobufRpcEngine2.java:573) [hadoop-common-3.3.5.jar:?]
	at org.apache.hadoop.ipc.RPC$Server.call(RPC.java:1213) [hadoop-common-3.3.5.jar:?]
	at org.apache.hadoop.ipc.Server$RpcCall.run(Server.java:1089) [hadoop-common-3.3.5.jar:?]
	at org.apache.hadoop.ipc.Server$RpcCall.run(Server.java:1012) [hadoop-common-3.3.5.jar:?]
	at java.security.AccessController.doPrivileged(Native Method) ~[?:1.8.0_372]
	at javax.security.auth.Subject.doAs(Subject.java:422) [?:1.8.0_372]
	at org.apache.hadoop.security.UserGroupInformation.doAs(UserGroupInformation.java:1899) [hadoop-common-3.3.5.jar:?]
	at org.apache.hadoop.ipc.Server$Handler.run(Server.java:3026) [hadoop-common-3.3.5.jar:?]
]]></system-out>
  </testcase>
  <testcase name="testDeleteBucketWithTheSamePrefix(BucketLayout)[2]" classname="org.apache.hadoop.ozone.client.rpc.TestSecureOzoneRpcClient" time="0.031">
    <system-out><![CDATA[2023-06-02 05:16:07,848 [main] INFO  rpc.RpcClient (RpcClient.java:createVolume(459)) - Creating Volume: 3451d372-ac86-4b08-b94d-2b50a066bccf, with runner as owner and space quota set to -1 bytes, counts quota set to -1
2023-06-02 05:16:07,850 [OM StateMachine ApplyTransaction Thread - 0] INFO  volume.OMVolumeCreateRequest (OMVolumeCreateRequest.java:validateAndUpdateCache(196)) - created volume:3451d372-ac86-4b08-b94d-2b50a066bccf for user:runner
2023-06-02 05:16:07,852 [main] INFO  rpc.RpcClient (RpcClient.java:createBucket(686)) - Creating Bucket: 3451d372-ac86-4b08-b94d-2b50a066bccf/bucket1, with bucket layout LEGACY, runner as owner, Versioning false, Storage Type set to DISK and Encryption set to false, Replication Type set to server-side default replication type, Namespace Quota set to -1, Space Quota set to -1 
2023-06-02 05:16:07,856 [OM StateMachine ApplyTransaction Thread - 0] INFO  bucket.OMBucketCreateRequest (OMBucketCreateRequest.java:validateAndUpdateCache(270)) - created bucket: bucket1 of layout LEGACY in volume: 3451d372-ac86-4b08-b94d-2b50a066bccf
2023-06-02 05:16:07,860 [main] INFO  rpc.RpcClient (RpcClient.java:createBucket(686)) - Creating Bucket: 3451d372-ac86-4b08-b94d-2b50a066bccf/bucket11, with bucket layout LEGACY, runner as owner, Versioning false, Storage Type set to DISK and Encryption set to false, Replication Type set to server-side default replication type, Namespace Quota set to -1, Space Quota set to -1 
2023-06-02 05:16:07,862 [OM StateMachine ApplyTransaction Thread - 0] INFO  bucket.OMBucketCreateRequest (OMBucketCreateRequest.java:validateAndUpdateCache(270)) - created bucket: bucket11 of layout LEGACY in volume: 3451d372-ac86-4b08-b94d-2b50a066bccf
05:16:07.877 [IPC Server handler 2 on default port 15004] ERROR OMAudit - user=runner | ip=127.0.0.1 | op=READ_BUCKET {volume=3451d372-ac86-4b08-b94d-2b50a066bccf, bucket=bucket1} | ret=FAILURE
org.apache.hadoop.ozone.om.exceptions.OMException: Bucket not found
	at org.apache.hadoop.ozone.om.OzoneManager.getBucketOwner(OzoneManager.java:2547) ~[ozone-manager-1.4.0-SNAPSHOT.jar:?]
	at org.apache.hadoop.ozone.om.OzoneManager.getBucketOwner(OzoneManager.java:2517) ~[ozone-manager-1.4.0-SNAPSHOT.jar:?]
	at org.apache.hadoop.ozone.om.OmMetadataReader.checkAcls(OmMetadataReader.java:444) ~[ozone-manager-1.4.0-SNAPSHOT.jar:?]
	at org.apache.hadoop.ozone.om.OzoneManager.getBucketInfo(OzoneManager.java:2811) ~[ozone-manager-1.4.0-SNAPSHOT.jar:?]
	at org.apache.hadoop.ozone.protocolPB.OzoneManagerRequestHandler.infoBucket(OzoneManagerRequestHandler.java:510) ~[ozone-manager-1.4.0-SNAPSHOT.jar:?]
	at org.apache.hadoop.ozone.protocolPB.OzoneManagerRequestHandler.handleReadRequest(OzoneManagerRequestHandler.java:189) ~[ozone-manager-1.4.0-SNAPSHOT.jar:?]
	at org.apache.hadoop.ozone.protocolPB.OzoneManagerProtocolServerSideTranslatorPB.submitReadRequestToOM(OzoneManagerProtocolServerSideTranslatorPB.java:223) ~[ozone-manager-1.4.0-SNAPSHOT.jar:?]
	at org.apache.hadoop.ozone.protocolPB.OzoneManagerProtocolServerSideTranslatorPB.processRequest(OzoneManagerProtocolServerSideTranslatorPB.java:177) ~[ozone-manager-1.4.0-SNAPSHOT.jar:?]
	at org.apache.hadoop.hdds.server.OzoneProtocolMessageDispatcher.processRequest(OzoneProtocolMessageDispatcher.java:87) [hdds-server-framework-1.4.0-SNAPSHOT.jar:?]
	at org.apache.hadoop.ozone.protocolPB.OzoneManagerProtocolServerSideTranslatorPB.submitRequest(OzoneManagerProtocolServerSideTranslatorPB.java:147) [ozone-manager-1.4.0-SNAPSHOT.jar:?]
	at org.apache.hadoop.ozone.protocol.proto.OzoneManagerProtocolProtos$OzoneManagerService$2.callBlockingMethod(OzoneManagerProtocolProtos.java) [ozone-interface-client-1.4.0-SNAPSHOT.jar:?]
	at org.apache.hadoop.ipc.ProtobufRpcEngine$Server.processCall(ProtobufRpcEngine.java:484) [hadoop-common-3.3.5.jar:?]
	at org.apache.hadoop.ipc.ProtobufRpcEngine2$Server$ProtoBufRpcInvoker.call(ProtobufRpcEngine2.java:595) [hadoop-common-3.3.5.jar:?]
	at org.apache.hadoop.ipc.ProtobufRpcEngine2$Server$ProtoBufRpcInvoker.call(ProtobufRpcEngine2.java:573) [hadoop-common-3.3.5.jar:?]
	at org.apache.hadoop.ipc.RPC$Server.call(RPC.java:1213) [hadoop-common-3.3.5.jar:?]
	at org.apache.hadoop.ipc.Server$RpcCall.run(Server.java:1089) [hadoop-common-3.3.5.jar:?]
	at org.apache.hadoop.ipc.Server$RpcCall.run(Server.java:1012) [hadoop-common-3.3.5.jar:?]
	at java.security.AccessController.doPrivileged(Native Method) ~[?:1.8.0_372]
	at javax.security.auth.Subject.doAs(Subject.java:422) [?:1.8.0_372]
	at org.apache.hadoop.security.UserGroupInformation.doAs(UserGroupInformation.java:1899) [hadoop-common-3.3.5.jar:?]
	at org.apache.hadoop.ipc.Server$Handler.run(Server.java:3026) [hadoop-common-3.3.5.jar:?]
]]></system-out>
  </testcase>
  <testcase name="testDeleteBucketWithTheSamePrefix(BucketLayout)[3]" classname="org.apache.hadoop.ozone.client.rpc.TestSecureOzoneRpcClient" time="0.026">
    <system-out><![CDATA[2023-06-02 05:16:07,880 [main] INFO  rpc.RpcClient (RpcClient.java:createVolume(459)) - Creating Volume: a366ccac-fec8-4cf5-9735-6cf82f47ad11, with runner as owner and space quota set to -1 bytes, counts quota set to -1
2023-06-02 05:16:07,882 [OM StateMachine ApplyTransaction Thread - 0] INFO  volume.OMVolumeCreateRequest (OMVolumeCreateRequest.java:validateAndUpdateCache(196)) - created volume:a366ccac-fec8-4cf5-9735-6cf82f47ad11 for user:runner
2023-06-02 05:16:07,884 [main] INFO  rpc.RpcClient (RpcClient.java:createBucket(686)) - Creating Bucket: a366ccac-fec8-4cf5-9735-6cf82f47ad11/bucket1, with bucket layout FILE_SYSTEM_OPTIMIZED, runner as owner, Versioning false, Storage Type set to DISK and Encryption set to false, Replication Type set to server-side default replication type, Namespace Quota set to -1, Space Quota set to -1 
2023-06-02 05:16:07,886 [OM StateMachine ApplyTransaction Thread - 0] INFO  bucket.OMBucketCreateRequest (OMBucketCreateRequest.java:validateAndUpdateCache(270)) - created bucket: bucket1 of layout FILE_SYSTEM_OPTIMIZED in volume: a366ccac-fec8-4cf5-9735-6cf82f47ad11
2023-06-02 05:16:07,887 [main] INFO  rpc.RpcClient (RpcClient.java:createBucket(686)) - Creating Bucket: a366ccac-fec8-4cf5-9735-6cf82f47ad11/bucket11, with bucket layout FILE_SYSTEM_OPTIMIZED, runner as owner, Versioning false, Storage Type set to DISK and Encryption set to false, Replication Type set to server-side default replication type, Namespace Quota set to -1, Space Quota set to -1 
2023-06-02 05:16:07,889 [OM StateMachine ApplyTransaction Thread - 0] INFO  bucket.OMBucketCreateRequest (OMBucketCreateRequest.java:validateAndUpdateCache(270)) - created bucket: bucket11 of layout FILE_SYSTEM_OPTIMIZED in volume: a366ccac-fec8-4cf5-9735-6cf82f47ad11
05:16:07.904 [IPC Server handler 4 on default port 15004] ERROR OMAudit - user=runner | ip=127.0.0.1 | op=READ_BUCKET {volume=a366ccac-fec8-4cf5-9735-6cf82f47ad11, bucket=bucket1} | ret=FAILURE
org.apache.hadoop.ozone.om.exceptions.OMException: Bucket not found
	at org.apache.hadoop.ozone.om.OzoneManager.getBucketOwner(OzoneManager.java:2547) ~[ozone-manager-1.4.0-SNAPSHOT.jar:?]
	at org.apache.hadoop.ozone.om.OzoneManager.getBucketOwner(OzoneManager.java:2517) ~[ozone-manager-1.4.0-SNAPSHOT.jar:?]
	at org.apache.hadoop.ozone.om.OmMetadataReader.checkAcls(OmMetadataReader.java:444) ~[ozone-manager-1.4.0-SNAPSHOT.jar:?]
	at org.apache.hadoop.ozone.om.OzoneManager.getBucketInfo(OzoneManager.java:2811) ~[ozone-manager-1.4.0-SNAPSHOT.jar:?]
	at org.apache.hadoop.ozone.protocolPB.OzoneManagerRequestHandler.infoBucket(OzoneManagerRequestHandler.java:510) ~[ozone-manager-1.4.0-SNAPSHOT.jar:?]
	at org.apache.hadoop.ozone.protocolPB.OzoneManagerRequestHandler.handleReadRequest(OzoneManagerRequestHandler.java:189) ~[ozone-manager-1.4.0-SNAPSHOT.jar:?]
	at org.apache.hadoop.ozone.protocolPB.OzoneManagerProtocolServerSideTranslatorPB.submitReadRequestToOM(OzoneManagerProtocolServerSideTranslatorPB.java:223) ~[ozone-manager-1.4.0-SNAPSHOT.jar:?]
	at org.apache.hadoop.ozone.protocolPB.OzoneManagerProtocolServerSideTranslatorPB.processRequest(OzoneManagerProtocolServerSideTranslatorPB.java:177) ~[ozone-manager-1.4.0-SNAPSHOT.jar:?]
	at org.apache.hadoop.hdds.server.OzoneProtocolMessageDispatcher.processRequest(OzoneProtocolMessageDispatcher.java:87) [hdds-server-framework-1.4.0-SNAPSHOT.jar:?]
	at org.apache.hadoop.ozone.protocolPB.OzoneManagerProtocolServerSideTranslatorPB.submitRequest(OzoneManagerProtocolServerSideTranslatorPB.java:147) [ozone-manager-1.4.0-SNAPSHOT.jar:?]
	at org.apache.hadoop.ozone.protocol.proto.OzoneManagerProtocolProtos$OzoneManagerService$2.callBlockingMethod(OzoneManagerProtocolProtos.java) [ozone-interface-client-1.4.0-SNAPSHOT.jar:?]
	at org.apache.hadoop.ipc.ProtobufRpcEngine$Server.processCall(ProtobufRpcEngine.java:484) [hadoop-common-3.3.5.jar:?]
	at org.apache.hadoop.ipc.ProtobufRpcEngine2$Server$ProtoBufRpcInvoker.call(ProtobufRpcEngine2.java:595) [hadoop-common-3.3.5.jar:?]
	at org.apache.hadoop.ipc.ProtobufRpcEngine2$Server$ProtoBufRpcInvoker.call(ProtobufRpcEngine2.java:573) [hadoop-common-3.3.5.jar:?]
	at org.apache.hadoop.ipc.RPC$Server.call(RPC.java:1213) [hadoop-common-3.3.5.jar:?]
	at org.apache.hadoop.ipc.Server$RpcCall.run(Server.java:1089) [hadoop-common-3.3.5.jar:?]
	at org.apache.hadoop.ipc.Server$RpcCall.run(Server.java:1012) [hadoop-common-3.3.5.jar:?]
	at java.security.AccessController.doPrivileged(Native Method) ~[?:1.8.0_372]
	at javax.security.auth.Subject.doAs(Subject.java:422) [?:1.8.0_372]
	at org.apache.hadoop.security.UserGroupInformation.doAs(UserGroupInformation.java:1899) [hadoop-common-3.3.5.jar:?]
	at org.apache.hadoop.ipc.Server$Handler.run(Server.java:3026) [hadoop-common-3.3.5.jar:?]
]]></system-out>
  </testcase>
  <testcase name="testDeleteKey" classname="org.apache.hadoop.ozone.client.rpc.TestSecureOzoneRpcClient" time="0.047">
    <system-out><![CDATA[2023-06-02 05:16:07,906 [main] INFO  rpc.RpcClient (RpcClient.java:createVolume(459)) - Creating Volume: d4a810b9-a483-4953-97b7-7da0349e1eea, with runner as owner and space quota set to -1 bytes, counts quota set to -1
2023-06-02 05:16:07,908 [OM StateMachine ApplyTransaction Thread - 0] INFO  volume.OMVolumeCreateRequest (OMVolumeCreateRequest.java:validateAndUpdateCache(196)) - created volume:d4a810b9-a483-4953-97b7-7da0349e1eea for user:runner
2023-06-02 05:16:07,909 [main] INFO  rpc.RpcClient (RpcClient.java:createBucket(686)) - Creating Bucket: d4a810b9-a483-4953-97b7-7da0349e1eea/542e63a1-5bc4-4699-adae-e013f951f6c6, with server-side default bucket layout, runner as owner, Versioning false, Storage Type set to DISK and Encryption set to false, Replication Type set to server-side default replication type, Namespace Quota set to -1, Space Quota set to -1 
2023-06-02 05:16:07,911 [OM StateMachine ApplyTransaction Thread - 0] INFO  bucket.OMBucketCreateRequest (OMBucketCreateRequest.java:validateAndUpdateCache(270)) - created bucket: 542e63a1-5bc4-4699-adae-e013f951f6c6 of layout OBJECT_STORE in volume: d4a810b9-a483-4953-97b7-7da0349e1eea
2023-06-02 05:16:07,942 [IPC Server handler 1 on default port 15001] WARN  node.SCMNodeManager (SCMNodeManager.java:getNodesByAddress(1381)) - Cannot find node for address 127.0.0.1
05:16:07.951 [IPC Server handler 14 on default port 15004] ERROR OMAudit - user=runner | ip=127.0.0.1 | op=READ_KEY {volume=d4a810b9-a483-4953-97b7-7da0349e1eea, bucket=542e63a1-5bc4-4699-adae-e013f951f6c6, key=0d5faf96-e5cd-448a-b484-8922287a8f6b, dataSize=0, replicationConfig=null} | ret=FAILURE
org.apache.hadoop.ozone.om.exceptions.OMException: Key:0d5faf96-e5cd-448a-b484-8922287a8f6b not found
	at org.apache.hadoop.ozone.om.KeyManagerImpl.readKeyInfo(KeyManagerImpl.java:438) ~[ozone-manager-1.4.0-SNAPSHOT.jar:?]
	at org.apache.hadoop.ozone.om.KeyManagerImpl.lambda$9(KeyManagerImpl.java:1932) ~[ozone-manager-1.4.0-SNAPSHOT.jar:?]
	at org.apache.hadoop.util.MetricUtil.captureLatencyNs(MetricUtil.java:37) ~[hdds-common-1.4.0-SNAPSHOT.jar:?]
	at org.apache.hadoop.ozone.om.KeyManagerImpl.getKeyInfo(KeyManagerImpl.java:1930) ~[ozone-manager-1.4.0-SNAPSHOT.jar:?]
	at org.apache.hadoop.ozone.om.OmMetadataReader.getKeyInfo(OmMetadataReader.java:210) ~[ozone-manager-1.4.0-SNAPSHOT.jar:?]
	at org.apache.hadoop.ozone.om.OzoneManager.getKeyInfo(OzoneManager.java:2849) ~[ozone-manager-1.4.0-SNAPSHOT.jar:?]
	at org.apache.hadoop.ozone.protocolPB.OzoneManagerRequestHandler.getKeyInfo(OzoneManagerRequestHandler.java:550) ~[ozone-manager-1.4.0-SNAPSHOT.jar:?]
	at org.apache.hadoop.ozone.protocolPB.OzoneManagerRequestHandler.handleReadRequest(OzoneManagerRequestHandler.java:293) ~[ozone-manager-1.4.0-SNAPSHOT.jar:?]
	at org.apache.hadoop.ozone.protocolPB.OzoneManagerProtocolServerSideTranslatorPB.submitReadRequestToOM(OzoneManagerProtocolServerSideTranslatorPB.java:223) ~[ozone-manager-1.4.0-SNAPSHOT.jar:?]
	at org.apache.hadoop.ozone.protocolPB.OzoneManagerProtocolServerSideTranslatorPB.processRequest(OzoneManagerProtocolServerSideTranslatorPB.java:177) ~[ozone-manager-1.4.0-SNAPSHOT.jar:?]
	at org.apache.hadoop.hdds.server.OzoneProtocolMessageDispatcher.processRequest(OzoneProtocolMessageDispatcher.java:87) [hdds-server-framework-1.4.0-SNAPSHOT.jar:?]
	at org.apache.hadoop.ozone.protocolPB.OzoneManagerProtocolServerSideTranslatorPB.submitRequest(OzoneManagerProtocolServerSideTranslatorPB.java:147) [ozone-manager-1.4.0-SNAPSHOT.jar:?]
	at org.apache.hadoop.ozone.protocol.proto.OzoneManagerProtocolProtos$OzoneManagerService$2.callBlockingMethod(OzoneManagerProtocolProtos.java) [ozone-interface-client-1.4.0-SNAPSHOT.jar:?]
	at org.apache.hadoop.ipc.ProtobufRpcEngine$Server.processCall(ProtobufRpcEngine.java:484) [hadoop-common-3.3.5.jar:?]
	at org.apache.hadoop.ipc.ProtobufRpcEngine2$Server$ProtoBufRpcInvoker.call(ProtobufRpcEngine2.java:595) [hadoop-common-3.3.5.jar:?]
	at org.apache.hadoop.ipc.ProtobufRpcEngine2$Server$ProtoBufRpcInvoker.call(ProtobufRpcEngine2.java:573) [hadoop-common-3.3.5.jar:?]
	at org.apache.hadoop.ipc.RPC$Server.call(RPC.java:1213) [hadoop-common-3.3.5.jar:?]
	at org.apache.hadoop.ipc.Server$RpcCall.run(Server.java:1089) [hadoop-common-3.3.5.jar:?]
	at org.apache.hadoop.ipc.Server$RpcCall.run(Server.java:1012) [hadoop-common-3.3.5.jar:?]
	at java.security.AccessController.doPrivileged(Native Method) ~[?:1.8.0_372]
	at javax.security.auth.Subject.doAs(Subject.java:422) [?:1.8.0_372]
	at org.apache.hadoop.security.UserGroupInformation.doAs(UserGroupInformation.java:1899) [hadoop-common-3.3.5.jar:?]
	at org.apache.hadoop.ipc.Server$Handler.run(Server.java:3026) [hadoop-common-3.3.5.jar:?]
]]></system-out>
  </testcase>
  <testcase name="testDeleteS3Bucket" classname="org.apache.hadoop.ozone.client.rpc.TestSecureOzoneRpcClient" time="0.014">
    <system-out><![CDATA[2023-06-02 05:16:07,954 [main] INFO  rpc.RpcClient (RpcClient.java:createBucket(686)) - Creating Bucket: s3v/9555d022-9d9e-4c50-9106-08f9b77e7f98, with bucket layout OBJECT_STORE, runner as owner, Versioning false, Storage Type set to DISK and Encryption set to false, Replication Type set to server-side default replication type, Namespace Quota set to -1, Space Quota set to -1 
2023-06-02 05:16:07,956 [OM StateMachine ApplyTransaction Thread - 0] INFO  bucket.OMBucketCreateRequest (OMBucketCreateRequest.java:validateAndUpdateCache(270)) - created bucket: 9555d022-9d9e-4c50-9106-08f9b77e7f98 of layout OBJECT_STORE in volume: s3v
05:16:07.966 [IPC Server handler 6 on default port 15004] ERROR OMAudit - user=runner | ip=127.0.0.1 | op=READ_BUCKET {volume=s3v, bucket=9555d022-9d9e-4c50-9106-08f9b77e7f98} | ret=FAILURE
org.apache.hadoop.ozone.om.exceptions.OMException: Bucket not found
	at org.apache.hadoop.ozone.om.OzoneManager.getBucketOwner(OzoneManager.java:2547) ~[ozone-manager-1.4.0-SNAPSHOT.jar:?]
	at org.apache.hadoop.ozone.om.OzoneManager.getBucketOwner(OzoneManager.java:2517) ~[ozone-manager-1.4.0-SNAPSHOT.jar:?]
	at org.apache.hadoop.ozone.om.OmMetadataReader.checkAcls(OmMetadataReader.java:444) ~[ozone-manager-1.4.0-SNAPSHOT.jar:?]
	at org.apache.hadoop.ozone.om.OzoneManager.getBucketInfo(OzoneManager.java:2811) ~[ozone-manager-1.4.0-SNAPSHOT.jar:?]
	at org.apache.hadoop.ozone.protocolPB.OzoneManagerRequestHandler.infoBucket(OzoneManagerRequestHandler.java:510) ~[ozone-manager-1.4.0-SNAPSHOT.jar:?]
	at org.apache.hadoop.ozone.protocolPB.OzoneManagerRequestHandler.handleReadRequest(OzoneManagerRequestHandler.java:189) ~[ozone-manager-1.4.0-SNAPSHOT.jar:?]
	at org.apache.hadoop.ozone.protocolPB.OzoneManagerProtocolServerSideTranslatorPB.submitReadRequestToOM(OzoneManagerProtocolServerSideTranslatorPB.java:223) ~[ozone-manager-1.4.0-SNAPSHOT.jar:?]
	at org.apache.hadoop.ozone.protocolPB.OzoneManagerProtocolServerSideTranslatorPB.processRequest(OzoneManagerProtocolServerSideTranslatorPB.java:177) ~[ozone-manager-1.4.0-SNAPSHOT.jar:?]
	at org.apache.hadoop.hdds.server.OzoneProtocolMessageDispatcher.processRequest(OzoneProtocolMessageDispatcher.java:87) [hdds-server-framework-1.4.0-SNAPSHOT.jar:?]
	at org.apache.hadoop.ozone.protocolPB.OzoneManagerProtocolServerSideTranslatorPB.submitRequest(OzoneManagerProtocolServerSideTranslatorPB.java:147) [ozone-manager-1.4.0-SNAPSHOT.jar:?]
	at org.apache.hadoop.ozone.protocol.proto.OzoneManagerProtocolProtos$OzoneManagerService$2.callBlockingMethod(OzoneManagerProtocolProtos.java) [ozone-interface-client-1.4.0-SNAPSHOT.jar:?]
	at org.apache.hadoop.ipc.ProtobufRpcEngine$Server.processCall(ProtobufRpcEngine.java:484) [hadoop-common-3.3.5.jar:?]
	at org.apache.hadoop.ipc.ProtobufRpcEngine2$Server$ProtoBufRpcInvoker.call(ProtobufRpcEngine2.java:595) [hadoop-common-3.3.5.jar:?]
	at org.apache.hadoop.ipc.ProtobufRpcEngine2$Server$ProtoBufRpcInvoker.call(ProtobufRpcEngine2.java:573) [hadoop-common-3.3.5.jar:?]
	at org.apache.hadoop.ipc.RPC$Server.call(RPC.java:1213) [hadoop-common-3.3.5.jar:?]
	at org.apache.hadoop.ipc.Server$RpcCall.run(Server.java:1089) [hadoop-common-3.3.5.jar:?]
	at org.apache.hadoop.ipc.Server$RpcCall.run(Server.java:1012) [hadoop-common-3.3.5.jar:?]
	at java.security.AccessController.doPrivileged(Native Method) ~[?:1.8.0_372]
	at javax.security.auth.Subject.doAs(Subject.java:422) [?:1.8.0_372]
	at org.apache.hadoop.security.UserGroupInformation.doAs(UserGroupInformation.java:1899) [hadoop-common-3.3.5.jar:?]
	at org.apache.hadoop.ipc.Server$Handler.run(Server.java:3026) [hadoop-common-3.3.5.jar:?]
]]></system-out>
  </testcase>
  <testcase name="testDeleteS3NonExistingBucket" classname="org.apache.hadoop.ozone.client.rpc.TestSecureOzoneRpcClient" time="0.004">
    <system-out><![CDATA[05:16:07.970 [OM StateMachine ApplyTransaction Thread - 0] ERROR OMAudit - user=runner | ip=127.0.0.1 | op=DELETE_BUCKET {volume=s3v, bucket=64a6bb68-86a6-498d-a2bf-639f96efdbb0} | ret=FAILURE
org.apache.hadoop.ozone.om.exceptions.OMException: Bucket not found
	at org.apache.hadoop.ozone.om.OzoneManager.getBucketOwner(OzoneManager.java:2547) ~[ozone-manager-1.4.0-SNAPSHOT.jar:?]
	at org.apache.hadoop.ozone.om.OzoneManager.getBucketOwner(OzoneManager.java:2517) ~[ozone-manager-1.4.0-SNAPSHOT.jar:?]
	at org.apache.hadoop.ozone.om.request.OMClientRequest.checkAcls(OMClientRequest.java:217) ~[ozone-manager-1.4.0-SNAPSHOT.jar:?]
	at org.apache.hadoop.ozone.om.request.bucket.OMBucketDeleteRequest.validateAndUpdateCache(OMBucketDeleteRequest.java:112) ~[ozone-manager-1.4.0-SNAPSHOT.jar:?]
	at org.apache.hadoop.ozone.protocolPB.OzoneManagerRequestHandler.handleWriteRequest(OzoneManagerRequestHandler.java:338) ~[ozone-manager-1.4.0-SNAPSHOT.jar:?]
	at org.apache.hadoop.ozone.om.ratis.OzoneManagerStateMachine.runCommand(OzoneManagerStateMachine.java:567) ~[ozone-manager-1.4.0-SNAPSHOT.jar:?]
	at org.apache.hadoop.ozone.om.ratis.OzoneManagerStateMachine.lambda$1(OzoneManagerStateMachine.java:358) ~[ozone-manager-1.4.0-SNAPSHOT.jar:?]
	at java.util.concurrent.CompletableFuture$AsyncSupply.run(CompletableFuture.java:1604) [?:1.8.0_372]
	at java.util.concurrent.ThreadPoolExecutor.runWorker(ThreadPoolExecutor.java:1149) [?:1.8.0_372]
	at java.util.concurrent.ThreadPoolExecutor$Worker.run(ThreadPoolExecutor.java:624) [?:1.8.0_372]
	at java.lang.Thread.run(Thread.java:750) [?:1.8.0_372]
2023-06-02 05:16:07,971 [OM StateMachine ApplyTransaction Thread - 0] ERROR bucket.OMBucketDeleteRequest (OMBucketDeleteRequest.java:validateAndUpdateCache(212)) - Delete bucket failed for bucket:64a6bb68-86a6-498d-a2bf-639f96efdbb0 in volume:s3v
BUCKET_NOT_FOUND org.apache.hadoop.ozone.om.exceptions.OMException: Bucket not found
	at org.apache.hadoop.ozone.om.OzoneManager.getBucketOwner(OzoneManager.java:2547)
	at org.apache.hadoop.ozone.om.OzoneManager.getBucketOwner(OzoneManager.java:2517)
	at org.apache.hadoop.ozone.om.request.OMClientRequest.checkAcls(OMClientRequest.java:217)
	at org.apache.hadoop.ozone.om.request.bucket.OMBucketDeleteRequest.validateAndUpdateCache(OMBucketDeleteRequest.java:112)
	at org.apache.hadoop.ozone.protocolPB.OzoneManagerRequestHandler.handleWriteRequest(OzoneManagerRequestHandler.java:338)
	at org.apache.hadoop.ozone.om.ratis.OzoneManagerStateMachine.runCommand(OzoneManagerStateMachine.java:567)
	at org.apache.hadoop.ozone.om.ratis.OzoneManagerStateMachine.lambda$1(OzoneManagerStateMachine.java:358)
	at java.util.concurrent.CompletableFuture$AsyncSupply.run(CompletableFuture.java:1604)
	at java.util.concurrent.ThreadPoolExecutor.runWorker(ThreadPoolExecutor.java:1149)
	at java.util.concurrent.ThreadPoolExecutor$Worker.run(ThreadPoolExecutor.java:624)
	at java.lang.Thread.run(Thread.java:750)
]]></system-out>
  </testcase>
  <testcase name="testDeleteVolume" classname="org.apache.hadoop.ozone.client.rpc.TestSecureOzoneRpcClient" time="0.009">
    <system-out><![CDATA[2023-06-02 05:16:07,972 [main] INFO  rpc.RpcClient (RpcClient.java:createVolume(459)) - Creating Volume: 7e1c7b39-b2db-4307-bfe1-e0910b31c77d, with runner as owner and space quota set to -1 bytes, counts quota set to -1
2023-06-02 05:16:07,975 [OM StateMachine ApplyTransaction Thread - 0] INFO  volume.OMVolumeCreateRequest (OMVolumeCreateRequest.java:validateAndUpdateCache(196)) - created volume:7e1c7b39-b2db-4307-bfe1-e0910b31c77d for user:runner
05:16:07.980 [IPC Server handler 1 on default port 15004] ERROR OMAudit - user=runner | ip=127.0.0.1 | op=READ_VOLUME {volume=7e1c7b39-b2db-4307-bfe1-e0910b31c77d} | ret=FAILURE
org.apache.hadoop.ozone.om.exceptions.OMException: Volume 7e1c7b39-b2db-4307-bfe1-e0910b31c77d is not found
	at org.apache.hadoop.ozone.om.OzoneManager.getVolumeOwner(OzoneManager.java:2502) ~[ozone-manager-1.4.0-SNAPSHOT.jar:?]
	at org.apache.hadoop.ozone.om.OzoneManager.getVolumeOwner(OzoneManager.java:2475) ~[ozone-manager-1.4.0-SNAPSHOT.jar:?]
	at org.apache.hadoop.ozone.om.OmMetadataReader.checkAcls(OmMetadataReader.java:443) ~[ozone-manager-1.4.0-SNAPSHOT.jar:?]
	at org.apache.hadoop.ozone.om.OzoneManager.getVolumeInfo(OzoneManager.java:2623) ~[ozone-manager-1.4.0-SNAPSHOT.jar:?]
	at org.apache.hadoop.ozone.protocolPB.OzoneManagerRequestHandler.infoVolume(OzoneManagerRequestHandler.java:436) ~[ozone-manager-1.4.0-SNAPSHOT.jar:?]
	at org.apache.hadoop.ozone.protocolPB.OzoneManagerRequestHandler.handleReadRequest(OzoneManagerRequestHandler.java:179) ~[ozone-manager-1.4.0-SNAPSHOT.jar:?]
	at org.apache.hadoop.ozone.protocolPB.OzoneManagerProtocolServerSideTranslatorPB.submitReadRequestToOM(OzoneManagerProtocolServerSideTranslatorPB.java:223) ~[ozone-manager-1.4.0-SNAPSHOT.jar:?]
	at org.apache.hadoop.ozone.protocolPB.OzoneManagerProtocolServerSideTranslatorPB.processRequest(OzoneManagerProtocolServerSideTranslatorPB.java:177) ~[ozone-manager-1.4.0-SNAPSHOT.jar:?]
	at org.apache.hadoop.hdds.server.OzoneProtocolMessageDispatcher.processRequest(OzoneProtocolMessageDispatcher.java:87) [hdds-server-framework-1.4.0-SNAPSHOT.jar:?]
	at org.apache.hadoop.ozone.protocolPB.OzoneManagerProtocolServerSideTranslatorPB.submitRequest(OzoneManagerProtocolServerSideTranslatorPB.java:147) [ozone-manager-1.4.0-SNAPSHOT.jar:?]
	at org.apache.hadoop.ozone.protocol.proto.OzoneManagerProtocolProtos$OzoneManagerService$2.callBlockingMethod(OzoneManagerProtocolProtos.java) [ozone-interface-client-1.4.0-SNAPSHOT.jar:?]
	at org.apache.hadoop.ipc.ProtobufRpcEngine$Server.processCall(ProtobufRpcEngine.java:484) [hadoop-common-3.3.5.jar:?]
	at org.apache.hadoop.ipc.ProtobufRpcEngine2$Server$ProtoBufRpcInvoker.call(ProtobufRpcEngine2.java:595) [hadoop-common-3.3.5.jar:?]
	at org.apache.hadoop.ipc.ProtobufRpcEngine2$Server$ProtoBufRpcInvoker.call(ProtobufRpcEngine2.java:573) [hadoop-common-3.3.5.jar:?]
	at org.apache.hadoop.ipc.RPC$Server.call(RPC.java:1213) [hadoop-common-3.3.5.jar:?]
	at org.apache.hadoop.ipc.Server$RpcCall.run(Server.java:1089) [hadoop-common-3.3.5.jar:?]
	at org.apache.hadoop.ipc.Server$RpcCall.run(Server.java:1012) [hadoop-common-3.3.5.jar:?]
	at java.security.AccessController.doPrivileged(Native Method) ~[?:1.8.0_372]
	at javax.security.auth.Subject.doAs(Subject.java:422) [?:1.8.0_372]
	at org.apache.hadoop.security.UserGroupInformation.doAs(UserGroupInformation.java:1899) [hadoop-common-3.3.5.jar:?]
	at org.apache.hadoop.ipc.Server$Handler.run(Server.java:3026) [hadoop-common-3.3.5.jar:?]
]]></system-out>
  </testcase>
  <testcase name="testDeletedKeyForGDPR" classname="org.apache.hadoop.ozone.client.rpc.TestSecureOzoneRpcClient" time="0.129">
    <system-out><![CDATA[2023-06-02 05:16:07,983 [main] INFO  rpc.RpcClient (RpcClient.java:createVolume(459)) - Creating Volume: d5a96bb8-27be-4df1-a461-a946280897f8, with runner as owner and space quota set to -1 bytes, counts quota set to -1
2023-06-02 05:16:07,985 [OM StateMachine ApplyTransaction Thread - 0] INFO  volume.OMVolumeCreateRequest (OMVolumeCreateRequest.java:validateAndUpdateCache(196)) - created volume:d5a96bb8-27be-4df1-a461-a946280897f8 for user:runner
2023-06-02 05:16:07,986 [main] INFO  rpc.RpcClient (RpcClient.java:createBucket(686)) - Creating Bucket: d5a96bb8-27be-4df1-a461-a946280897f8/b726dcce-6f63-4279-a85f-7c4b2557aa8d, with server-side default bucket layout, runner as owner, Versioning false, Storage Type set to DISK and Encryption set to false, Replication Type set to server-side default replication type, Namespace Quota set to -1, Space Quota set to -1 
2023-06-02 05:16:07,989 [OM StateMachine ApplyTransaction Thread - 0] INFO  bucket.OMBucketCreateRequest (OMBucketCreateRequest.java:validateAndUpdateCache(270)) - created bucket: b726dcce-6f63-4279-a85f-7c4b2557aa8d of layout OBJECT_STORE in volume: d5a96bb8-27be-4df1-a461-a946280897f8
2023-06-02 05:16:08,064 [IPC Server handler 15 on default port 15001] WARN  node.SCMNodeManager (SCMNodeManager.java:getNodesByAddress(1381)) - Cannot find node for address 127.0.0.1
2023-06-02 05:16:08,069 [IPC Server handler 16 on default port 15001] WARN  node.SCMNodeManager (SCMNodeManager.java:getNodesByAddress(1381)) - Cannot find node for address 127.0.0.1
]]></system-out>
  </testcase>
  <testcase name="testFSOBucketUsedBytes" classname="org.apache.hadoop.ozone.client.rpc.TestSecureOzoneRpcClient" time="0.083">
    <system-out><![CDATA[2023-06-02 05:16:08,112 [main] INFO  rpc.RpcClient (RpcClient.java:createVolume(459)) - Creating Volume: a86885a5-e0c1-4239-88c6-a94a2b383541, with runner as owner and space quota set to -1 bytes, counts quota set to -1
2023-06-02 05:16:08,115 [OM StateMachine ApplyTransaction Thread - 0] INFO  volume.OMVolumeCreateRequest (OMVolumeCreateRequest.java:validateAndUpdateCache(196)) - created volume:a86885a5-e0c1-4239-88c6-a94a2b383541 for user:runner
2023-06-02 05:16:08,117 [main] INFO  rpc.RpcClient (RpcClient.java:createBucket(686)) - Creating Bucket: a86885a5-e0c1-4239-88c6-a94a2b383541/3b75a15b-6f65-457f-ad00-30886453a8d1, with bucket layout FILE_SYSTEM_OPTIMIZED, runner as owner, Versioning false, Storage Type set to DISK and Encryption set to false, Replication Type set to server-side default replication type, Namespace Quota set to -1, Space Quota set to -1 
2023-06-02 05:16:08,119 [OM StateMachine ApplyTransaction Thread - 0] INFO  bucket.OMBucketCreateRequest (OMBucketCreateRequest.java:validateAndUpdateCache(270)) - created bucket: 3b75a15b-6f65-457f-ad00-30886453a8d1 of layout FILE_SYSTEM_OPTIMIZED in volume: a86885a5-e0c1-4239-88c6-a94a2b383541
]]></system-out>
  </testcase>
  <testcase name="testGetKeyDetails" classname="org.apache.hadoop.ozone.client.rpc.TestSecureOzoneRpcClient" time="0.059">
    <system-out><![CDATA[2023-06-02 05:16:08,195 [main] INFO  rpc.RpcClient (RpcClient.java:createVolume(459)) - Creating Volume: 60ea8003-1a46-490a-9679-525989030073, with runner as owner and space quota set to -1 bytes, counts quota set to -1
2023-06-02 05:16:08,198 [OM StateMachine ApplyTransaction Thread - 0] INFO  volume.OMVolumeCreateRequest (OMVolumeCreateRequest.java:validateAndUpdateCache(196)) - created volume:60ea8003-1a46-490a-9679-525989030073 for user:runner
2023-06-02 05:16:08,200 [main] INFO  rpc.RpcClient (RpcClient.java:createBucket(686)) - Creating Bucket: 60ea8003-1a46-490a-9679-525989030073/e22b0eea-d170-4fe9-a034-36df3d73bfe2, with server-side default bucket layout, runner as owner, Versioning false, Storage Type set to DISK and Encryption set to false, Replication Type set to server-side default replication type, Namespace Quota set to -1, Space Quota set to -1 
2023-06-02 05:16:08,201 [OM StateMachine ApplyTransaction Thread - 0] INFO  bucket.OMBucketCreateRequest (OMBucketCreateRequest.java:validateAndUpdateCache(270)) - created bucket: e22b0eea-d170-4fe9-a034-36df3d73bfe2 of layout OBJECT_STORE in volume: 60ea8003-1a46-490a-9679-525989030073
2023-06-02 05:16:08,229 [IPC Server handler 18 on default port 15001] WARN  node.SCMNodeManager (SCMNodeManager.java:getNodesByAddress(1381)) - Cannot find node for address 127.0.0.1
]]></system-out>
  </testcase>
  <testcase name="testHeadObject" classname="org.apache.hadoop.ozone.client.rpc.TestSecureOzoneRpcClient" time="0.105">
    <system-out><![CDATA[2023-06-02 05:16:08,258 [main] INFO  rpc.RpcClient (RpcClient.java:createVolume(459)) - Creating Volume: 989f0415-260d-41c8-b787-5d55a553ab9e, with runner as owner and space quota set to -1 bytes, counts quota set to -1
2023-06-02 05:16:08,261 [OM StateMachine ApplyTransaction Thread - 0] INFO  volume.OMVolumeCreateRequest (OMVolumeCreateRequest.java:validateAndUpdateCache(196)) - created volume:989f0415-260d-41c8-b787-5d55a553ab9e for user:runner
2023-06-02 05:16:08,264 [main] INFO  rpc.RpcClient (RpcClient.java:createBucket(686)) - Creating Bucket: 989f0415-260d-41c8-b787-5d55a553ab9e/edd025f0-9a01-4724-9f03-092c7f532e89, with server-side default bucket layout, runner as owner, Versioning false, Storage Type set to DISK and Encryption set to false, Replication Type set to server-side default replication type, Namespace Quota set to -1, Space Quota set to -1 
2023-06-02 05:16:08,266 [OM StateMachine ApplyTransaction Thread - 0] INFO  bucket.OMBucketCreateRequest (OMBucketCreateRequest.java:validateAndUpdateCache(270)) - created bucket: edd025f0-9a01-4724-9f03-092c7f532e89 of layout OBJECT_STORE in volume: 989f0415-260d-41c8-b787-5d55a553ab9e
05:16:08.358 [IPC Server handler 11 on default port 15004] ERROR OMAudit - user=runner | ip=127.0.0.1 | op=READ_KEY {volume=989f0415-260d-41c8-b787-5d55a553ab9e, bucket=edd025f0-9a01-4724-9f03-092c7f532e89, key=ec4c1d80-1109-4953-93f3-3fb9f42d4164, dataSize=0, replicationConfig=null} | ret=FAILURE
org.apache.hadoop.ozone.om.exceptions.OMException: Key:ec4c1d80-1109-4953-93f3-3fb9f42d4164 not found
	at org.apache.hadoop.ozone.om.KeyManagerImpl.readKeyInfo(KeyManagerImpl.java:438) ~[ozone-manager-1.4.0-SNAPSHOT.jar:?]
	at org.apache.hadoop.ozone.om.KeyManagerImpl.lambda$9(KeyManagerImpl.java:1932) ~[ozone-manager-1.4.0-SNAPSHOT.jar:?]
	at org.apache.hadoop.util.MetricUtil.captureLatencyNs(MetricUtil.java:37) ~[hdds-common-1.4.0-SNAPSHOT.jar:?]
	at org.apache.hadoop.ozone.om.KeyManagerImpl.getKeyInfo(KeyManagerImpl.java:1930) ~[ozone-manager-1.4.0-SNAPSHOT.jar:?]
	at org.apache.hadoop.ozone.om.OmMetadataReader.getKeyInfo(OmMetadataReader.java:210) ~[ozone-manager-1.4.0-SNAPSHOT.jar:?]
	at org.apache.hadoop.ozone.om.OzoneManager.getKeyInfo(OzoneManager.java:2849) ~[ozone-manager-1.4.0-SNAPSHOT.jar:?]
	at org.apache.hadoop.ozone.protocolPB.OzoneManagerRequestHandler.getKeyInfo(OzoneManagerRequestHandler.java:550) ~[ozone-manager-1.4.0-SNAPSHOT.jar:?]
	at org.apache.hadoop.ozone.protocolPB.OzoneManagerRequestHandler.handleReadRequest(OzoneManagerRequestHandler.java:293) ~[ozone-manager-1.4.0-SNAPSHOT.jar:?]
	at org.apache.hadoop.ozone.protocolPB.OzoneManagerProtocolServerSideTranslatorPB.submitReadRequestToOM(OzoneManagerProtocolServerSideTranslatorPB.java:223) ~[ozone-manager-1.4.0-SNAPSHOT.jar:?]
	at org.apache.hadoop.ozone.protocolPB.OzoneManagerProtocolServerSideTranslatorPB.processRequest(OzoneManagerProtocolServerSideTranslatorPB.java:177) ~[ozone-manager-1.4.0-SNAPSHOT.jar:?]
	at org.apache.hadoop.hdds.server.OzoneProtocolMessageDispatcher.processRequest(OzoneProtocolMessageDispatcher.java:87) [hdds-server-framework-1.4.0-SNAPSHOT.jar:?]
	at org.apache.hadoop.ozone.protocolPB.OzoneManagerProtocolServerSideTranslatorPB.submitRequest(OzoneManagerProtocolServerSideTranslatorPB.java:147) [ozone-manager-1.4.0-SNAPSHOT.jar:?]
	at org.apache.hadoop.ozone.protocol.proto.OzoneManagerProtocolProtos$OzoneManagerService$2.callBlockingMethod(OzoneManagerProtocolProtos.java) [ozone-interface-client-1.4.0-SNAPSHOT.jar:?]
	at org.apache.hadoop.ipc.ProtobufRpcEngine$Server.processCall(ProtobufRpcEngine.java:484) [hadoop-common-3.3.5.jar:?]
	at org.apache.hadoop.ipc.ProtobufRpcEngine2$Server$ProtoBufRpcInvoker.call(ProtobufRpcEngine2.java:595) [hadoop-common-3.3.5.jar:?]
	at org.apache.hadoop.ipc.ProtobufRpcEngine2$Server$ProtoBufRpcInvoker.call(ProtobufRpcEngine2.java:573) [hadoop-common-3.3.5.jar:?]
	at org.apache.hadoop.ipc.RPC$Server.call(RPC.java:1213) [hadoop-common-3.3.5.jar:?]
	at org.apache.hadoop.ipc.Server$RpcCall.run(Server.java:1089) [hadoop-common-3.3.5.jar:?]
	at org.apache.hadoop.ipc.Server$RpcCall.run(Server.java:1012) [hadoop-common-3.3.5.jar:?]
	at java.security.AccessController.doPrivileged(Native Method) ~[?:1.8.0_372]
	at javax.security.auth.Subject.doAs(Subject.java:422) [?:1.8.0_372]
	at org.apache.hadoop.security.UserGroupInformation.doAs(UserGroupInformation.java:1899) [hadoop-common-3.3.5.jar:?]
	at org.apache.hadoop.ipc.Server$Handler.run(Server.java:3026) [hadoop-common-3.3.5.jar:?]
]]></system-out>
  </testcase>
  <testcase name="testInitiateMultipartUpload(ReplicationConfig)[1]" classname="org.apache.hadoop.ozone.client.rpc.TestSecureOzoneRpcClient" time="0.016">
    <system-out><![CDATA[2023-06-02 05:16:08,362 [main] INFO  rpc.RpcClient (RpcClient.java:createVolume(459)) - Creating Volume: 48cee2e3-af9c-4641-8e69-ee984e59060b, with runner as owner and space quota set to -1 bytes, counts quota set to -1
2023-06-02 05:16:08,365 [OM StateMachine ApplyTransaction Thread - 0] INFO  volume.OMVolumeCreateRequest (OMVolumeCreateRequest.java:validateAndUpdateCache(196)) - created volume:48cee2e3-af9c-4641-8e69-ee984e59060b for user:runner
2023-06-02 05:16:08,368 [main] INFO  rpc.RpcClient (RpcClient.java:createBucket(686)) - Creating Bucket: 48cee2e3-af9c-4641-8e69-ee984e59060b/68bb59fe-1805-4092-a4cc-f6f2d8030011, with server-side default bucket layout, runner as owner, Versioning false, Storage Type set to DISK and Encryption set to false, Replication Type set to server-side default replication type, Namespace Quota set to -1, Space Quota set to -1 
2023-06-02 05:16:08,370 [OM StateMachine ApplyTransaction Thread - 0] INFO  bucket.OMBucketCreateRequest (OMBucketCreateRequest.java:validateAndUpdateCache(270)) - created bucket: 68bb59fe-1805-4092-a4cc-f6f2d8030011 of layout OBJECT_STORE in volume: 48cee2e3-af9c-4641-8e69-ee984e59060b
]]></system-out>
  </testcase>
  <testcase name="testInitiateMultipartUpload(ReplicationConfig)[2]" classname="org.apache.hadoop.ozone.client.rpc.TestSecureOzoneRpcClient" time="0.013">
    <system-out><![CDATA[2023-06-02 05:16:08,378 [main] INFO  rpc.RpcClient (RpcClient.java:createVolume(459)) - Creating Volume: bfd82c05-121b-44a7-8b97-e9bad6f23448, with runner as owner and space quota set to -1 bytes, counts quota set to -1
2023-06-02 05:16:08,380 [OM StateMachine ApplyTransaction Thread - 0] INFO  volume.OMVolumeCreateRequest (OMVolumeCreateRequest.java:validateAndUpdateCache(196)) - created volume:bfd82c05-121b-44a7-8b97-e9bad6f23448 for user:runner
2023-06-02 05:16:08,382 [main] INFO  rpc.RpcClient (RpcClient.java:createBucket(686)) - Creating Bucket: bfd82c05-121b-44a7-8b97-e9bad6f23448/26116cd6-6bb4-467d-bbda-cb0d552cb8e6, with server-side default bucket layout, runner as owner, Versioning false, Storage Type set to DISK and Encryption set to false, Replication Type set to server-side default replication type, Namespace Quota set to -1, Space Quota set to -1 
2023-06-02 05:16:08,383 [OM StateMachine ApplyTransaction Thread - 0] INFO  bucket.OMBucketCreateRequest (OMBucketCreateRequest.java:validateAndUpdateCache(270)) - created bucket: 26116cd6-6bb4-467d-bbda-cb0d552cb8e6 of layout OBJECT_STORE in volume: bfd82c05-121b-44a7-8b97-e9bad6f23448
]]></system-out>
  </testcase>
  <testcase name="testInitiateMultipartUpload(ReplicationConfig)[3]" classname="org.apache.hadoop.ozone.client.rpc.TestSecureOzoneRpcClient" time="0.014">
    <system-out><![CDATA[2023-06-02 05:16:08,392 [main] INFO  rpc.RpcClient (RpcClient.java:createVolume(459)) - Creating Volume: accc50b9-46cc-4d08-8899-fcf4c6a35057, with runner as owner and space quota set to -1 bytes, counts quota set to -1
2023-06-02 05:16:08,395 [OM StateMachine ApplyTransaction Thread - 0] INFO  volume.OMVolumeCreateRequest (OMVolumeCreateRequest.java:validateAndUpdateCache(196)) - created volume:accc50b9-46cc-4d08-8899-fcf4c6a35057 for user:runner
2023-06-02 05:16:08,396 [main] INFO  rpc.RpcClient (RpcClient.java:createBucket(686)) - Creating Bucket: accc50b9-46cc-4d08-8899-fcf4c6a35057/8873284b-ca59-4e16-9d19-9c8bcd135be3, with server-side default bucket layout, runner as owner, Versioning false, Storage Type set to DISK and Encryption set to false, Replication Type set to server-side default replication type, Namespace Quota set to -1, Space Quota set to -1 
2023-06-02 05:16:08,398 [OM StateMachine ApplyTransaction Thread - 0] INFO  bucket.OMBucketCreateRequest (OMBucketCreateRequest.java:validateAndUpdateCache(270)) - created bucket: 8873284b-ca59-4e16-9d19-9c8bcd135be3 of layout OBJECT_STORE in volume: accc50b9-46cc-4d08-8899-fcf4c6a35057
]]></system-out>
  </testcase>
  <testcase name="testInitiateMultipartUploadWithDefaultReplication" classname="org.apache.hadoop.ozone.client.rpc.TestSecureOzoneRpcClient" time="0.013">
    <system-out><![CDATA[2023-06-02 05:16:08,407 [main] INFO  rpc.RpcClient (RpcClient.java:createVolume(459)) - Creating Volume: d45177e8-f122-4519-bde5-75131f39750b, with runner as owner and space quota set to -1 bytes, counts quota set to -1
2023-06-02 05:16:08,409 [OM StateMachine ApplyTransaction Thread - 0] INFO  volume.OMVolumeCreateRequest (OMVolumeCreateRequest.java:validateAndUpdateCache(196)) - created volume:d45177e8-f122-4519-bde5-75131f39750b for user:runner
2023-06-02 05:16:08,411 [main] INFO  rpc.RpcClient (RpcClient.java:createBucket(686)) - Creating Bucket: d45177e8-f122-4519-bde5-75131f39750b/9b72b926-23f2-4595-a0fc-99fcf0535f19, with server-side default bucket layout, runner as owner, Versioning false, Storage Type set to DISK and Encryption set to false, Replication Type set to server-side default replication type, Namespace Quota set to -1, Space Quota set to -1 
2023-06-02 05:16:08,413 [OM StateMachine ApplyTransaction Thread - 0] INFO  bucket.OMBucketCreateRequest (OMBucketCreateRequest.java:validateAndUpdateCache(270)) - created bucket: 9b72b926-23f2-4595-a0fc-99fcf0535f19 of layout OBJECT_STORE in volume: d45177e8-f122-4519-bde5-75131f39750b
]]></system-out>
  </testcase>
  <testcase name="testInvalidBucketCreation" classname="org.apache.hadoop.ozone.client.rpc.TestSecureOzoneRpcClient" time="0.008">
    <system-out><![CDATA[2023-06-02 05:16:08,421 [main] INFO  rpc.RpcClient (RpcClient.java:createVolume(459)) - Creating Volume: 1a9e8f41-3259-4d78-b6bd-c0630808793b, with runner as owner and space quota set to -1 bytes, counts quota set to -1
2023-06-02 05:16:08,423 [OM StateMachine ApplyTransaction Thread - 0] INFO  volume.OMVolumeCreateRequest (OMVolumeCreateRequest.java:validateAndUpdateCache(196)) - created volume:1a9e8f41-3259-4d78-b6bd-c0630808793b for user:runner
]]></system-out>
  </testcase>
  <testcase name="testKeyOpFailureWithoutBlockToken" classname="org.apache.hadoop.ozone.client.rpc.TestSecureOzoneRpcClient" time="0">
    <skipped message="Needs to be moved out of this class as  client setup is static"/>
  </testcase>
  <testcase name="testKeyReadWriteForGDPR" classname="org.apache.hadoop.ozone.client.rpc.TestSecureOzoneRpcClient" time="0.08">
    <system-out><![CDATA[2023-06-02 05:16:08,432 [main] INFO  rpc.RpcClient (RpcClient.java:createVolume(459)) - Creating Volume: fcb5852a-de35-4668-abe3-8be446c67dea, with runner as owner and space quota set to -1 bytes, counts quota set to -1
2023-06-02 05:16:08,434 [OM StateMachine ApplyTransaction Thread - 0] INFO  volume.OMVolumeCreateRequest (OMVolumeCreateRequest.java:validateAndUpdateCache(196)) - created volume:fcb5852a-de35-4668-abe3-8be446c67dea for user:runner
2023-06-02 05:16:08,436 [main] INFO  rpc.RpcClient (RpcClient.java:createBucket(686)) - Creating Bucket: fcb5852a-de35-4668-abe3-8be446c67dea/2f091955-6e22-4425-b67a-50b4849cd85e, with bucket layout OBJECT_STORE, runner as owner, Versioning false, Storage Type set to DISK and Encryption set to false, Replication Type set to server-side default replication type, Namespace Quota set to -1, Space Quota set to -1 
2023-06-02 05:16:08,439 [OM StateMachine ApplyTransaction Thread - 0] INFO  bucket.OMBucketCreateRequest (OMBucketCreateRequest.java:validateAndUpdateCache(270)) - created bucket: 2f091955-6e22-4425-b67a-50b4849cd85e of layout OBJECT_STORE in volume: fcb5852a-de35-4668-abe3-8be446c67dea
2023-06-02 05:16:08,474 [IPC Server handler 10 on default port 15001] WARN  node.SCMNodeManager (SCMNodeManager.java:getNodesByAddress(1381)) - Cannot find node for address 127.0.0.1
2023-06-02 05:16:08,478 [IPC Server handler 0 on default port 15001] WARN  node.SCMNodeManager (SCMNodeManager.java:getNodesByAddress(1381)) - Cannot find node for address 127.0.0.1
2023-06-02 05:16:08,501 [IPC Server handler 19 on default port 15001] WARN  node.SCMNodeManager (SCMNodeManager.java:getNodesByAddress(1381)) - Cannot find node for address 127.0.0.1
2023-06-02 05:16:08,506 [IPC Server handler 13 on default port 15001] WARN  node.SCMNodeManager (SCMNodeManager.java:getNodesByAddress(1381)) - Cannot find node for address 127.0.0.1
]]></system-out>
  </testcase>
  <testcase name="testKeysRename" classname="org.apache.hadoop.ozone.client.rpc.TestSecureOzoneRpcClient" time="0.167">
    <system-out><![CDATA[2023-06-02 05:16:08,512 [main] INFO  rpc.RpcClient (RpcClient.java:createVolume(459)) - Creating Volume: 078d3e8c-56fc-44dc-9b4f-4b21819f9f7a, with runner as owner and space quota set to -1 bytes, counts quota set to -1
2023-06-02 05:16:08,515 [OM StateMachine ApplyTransaction Thread - 0] INFO  volume.OMVolumeCreateRequest (OMVolumeCreateRequest.java:validateAndUpdateCache(196)) - created volume:078d3e8c-56fc-44dc-9b4f-4b21819f9f7a for user:runner
2023-06-02 05:16:08,517 [main] INFO  rpc.RpcClient (RpcClient.java:createBucket(686)) - Creating Bucket: 078d3e8c-56fc-44dc-9b4f-4b21819f9f7a/250024e9-2c61-4a11-a534-cc472044e941, with bucket layout OBJECT_STORE, runner as owner, Versioning false, Storage Type set to DISK and Encryption set to false, Replication Type set to server-side default replication type, Namespace Quota set to -1, Space Quota set to -1 
2023-06-02 05:16:08,519 [OM StateMachine ApplyTransaction Thread - 0] INFO  bucket.OMBucketCreateRequest (OMBucketCreateRequest.java:validateAndUpdateCache(270)) - created bucket: 250024e9-2c61-4a11-a534-cc472044e941 of layout OBJECT_STORE in volume: 078d3e8c-56fc-44dc-9b4f-4b21819f9f7a
2023-06-02 05:16:08,553 [IPC Server handler 5 on default port 15001] WARN  node.SCMNodeManager (SCMNodeManager.java:getNodesByAddress(1381)) - Cannot find node for address 127.0.0.1
2023-06-02 05:16:08,648 [IPC Server handler 8 on default port 15001] WARN  node.SCMNodeManager (SCMNodeManager.java:getNodesByAddress(1381)) - Cannot find node for address 127.0.0.1
2023-06-02 05:16:08,669 [IPC Server handler 12 on default port 15001] WARN  node.SCMNodeManager (SCMNodeManager.java:getNodesByAddress(1381)) - Cannot find node for address 127.0.0.1
2023-06-02 05:16:08,673 [IPC Server handler 1 on default port 15001] WARN  node.SCMNodeManager (SCMNodeManager.java:getNodesByAddress(1381)) - Cannot find node for address 127.0.0.1
05:16:08.676 [IPC Server handler 15 on default port 15004] ERROR OMAudit - user=runner | ip=127.0.0.1 | op=READ_KEY {volume=078d3e8c-56fc-44dc-9b4f-4b21819f9f7a, bucket=250024e9-2c61-4a11-a534-cc472044e941, key=dir/file1, dataSize=0, replicationConfig=null} | ret=FAILURE
org.apache.hadoop.ozone.om.exceptions.OMException: Key:dir/file1 not found
	at org.apache.hadoop.ozone.om.KeyManagerImpl.readKeyInfo(KeyManagerImpl.java:438) ~[ozone-manager-1.4.0-SNAPSHOT.jar:?]
	at org.apache.hadoop.ozone.om.KeyManagerImpl.lambda$9(KeyManagerImpl.java:1932) ~[ozone-manager-1.4.0-SNAPSHOT.jar:?]
	at org.apache.hadoop.util.MetricUtil.captureLatencyNs(MetricUtil.java:37) ~[hdds-common-1.4.0-SNAPSHOT.jar:?]
	at org.apache.hadoop.ozone.om.KeyManagerImpl.getKeyInfo(KeyManagerImpl.java:1930) ~[ozone-manager-1.4.0-SNAPSHOT.jar:?]
	at org.apache.hadoop.ozone.om.OmMetadataReader.getKeyInfo(OmMetadataReader.java:210) ~[ozone-manager-1.4.0-SNAPSHOT.jar:?]
	at org.apache.hadoop.ozone.om.OzoneManager.getKeyInfo(OzoneManager.java:2849) ~[ozone-manager-1.4.0-SNAPSHOT.jar:?]
	at org.apache.hadoop.ozone.protocolPB.OzoneManagerRequestHandler.getKeyInfo(OzoneManagerRequestHandler.java:550) ~[ozone-manager-1.4.0-SNAPSHOT.jar:?]
	at org.apache.hadoop.ozone.protocolPB.OzoneManagerRequestHandler.handleReadRequest(OzoneManagerRequestHandler.java:293) ~[ozone-manager-1.4.0-SNAPSHOT.jar:?]
	at org.apache.hadoop.ozone.protocolPB.OzoneManagerProtocolServerSideTranslatorPB.submitReadRequestToOM(OzoneManagerProtocolServerSideTranslatorPB.java:223) ~[ozone-manager-1.4.0-SNAPSHOT.jar:?]
	at org.apache.hadoop.ozone.protocolPB.OzoneManagerProtocolServerSideTranslatorPB.processRequest(OzoneManagerProtocolServerSideTranslatorPB.java:177) ~[ozone-manager-1.4.0-SNAPSHOT.jar:?]
	at org.apache.hadoop.hdds.server.OzoneProtocolMessageDispatcher.processRequest(OzoneProtocolMessageDispatcher.java:87) [hdds-server-framework-1.4.0-SNAPSHOT.jar:?]
	at org.apache.hadoop.ozone.protocolPB.OzoneManagerProtocolServerSideTranslatorPB.submitRequest(OzoneManagerProtocolServerSideTranslatorPB.java:147) [ozone-manager-1.4.0-SNAPSHOT.jar:?]
	at org.apache.hadoop.ozone.protocol.proto.OzoneManagerProtocolProtos$OzoneManagerService$2.callBlockingMethod(OzoneManagerProtocolProtos.java) [ozone-interface-client-1.4.0-SNAPSHOT.jar:?]
	at org.apache.hadoop.ipc.ProtobufRpcEngine$Server.processCall(ProtobufRpcEngine.java:484) [hadoop-common-3.3.5.jar:?]
	at org.apache.hadoop.ipc.ProtobufRpcEngine2$Server$ProtoBufRpcInvoker.call(ProtobufRpcEngine2.java:595) [hadoop-common-3.3.5.jar:?]
	at org.apache.hadoop.ipc.ProtobufRpcEngine2$Server$ProtoBufRpcInvoker.call(ProtobufRpcEngine2.java:573) [hadoop-common-3.3.5.jar:?]
	at org.apache.hadoop.ipc.RPC$Server.call(RPC.java:1213) [hadoop-common-3.3.5.jar:?]
	at org.apache.hadoop.ipc.Server$RpcCall.run(Server.java:1089) [hadoop-common-3.3.5.jar:?]
	at org.apache.hadoop.ipc.Server$RpcCall.run(Server.java:1012) [hadoop-common-3.3.5.jar:?]
	at java.security.AccessController.doPrivileged(Native Method) ~[?:1.8.0_372]
	at javax.security.auth.Subject.doAs(Subject.java:422) [?:1.8.0_372]
	at org.apache.hadoop.security.UserGroupInformation.doAs(UserGroupInformation.java:1899) [hadoop-common-3.3.5.jar:?]
	at org.apache.hadoop.ipc.Server$Handler.run(Server.java:3026) [hadoop-common-3.3.5.jar:?]
05:16:08.678 [IPC Server handler 6 on default port 15004] ERROR OMAudit - user=runner | ip=127.0.0.1 | op=READ_KEY {volume=078d3e8c-56fc-44dc-9b4f-4b21819f9f7a, bucket=250024e9-2c61-4a11-a534-cc472044e941, key=dir/file2, dataSize=0, replicationConfig=null} | ret=FAILURE
org.apache.hadoop.ozone.om.exceptions.OMException: Key:dir/file2 not found
	at org.apache.hadoop.ozone.om.KeyManagerImpl.readKeyInfo(KeyManagerImpl.java:438) ~[ozone-manager-1.4.0-SNAPSHOT.jar:?]
	at org.apache.hadoop.ozone.om.KeyManagerImpl.lambda$9(KeyManagerImpl.java:1932) ~[ozone-manager-1.4.0-SNAPSHOT.jar:?]
	at org.apache.hadoop.util.MetricUtil.captureLatencyNs(MetricUtil.java:37) ~[hdds-common-1.4.0-SNAPSHOT.jar:?]
	at org.apache.hadoop.ozone.om.KeyManagerImpl.getKeyInfo(KeyManagerImpl.java:1930) ~[ozone-manager-1.4.0-SNAPSHOT.jar:?]
	at org.apache.hadoop.ozone.om.OmMetadataReader.getKeyInfo(OmMetadataReader.java:210) ~[ozone-manager-1.4.0-SNAPSHOT.jar:?]
	at org.apache.hadoop.ozone.om.OzoneManager.getKeyInfo(OzoneManager.java:2849) ~[ozone-manager-1.4.0-SNAPSHOT.jar:?]
	at org.apache.hadoop.ozone.protocolPB.OzoneManagerRequestHandler.getKeyInfo(OzoneManagerRequestHandler.java:550) ~[ozone-manager-1.4.0-SNAPSHOT.jar:?]
	at org.apache.hadoop.ozone.protocolPB.OzoneManagerRequestHandler.handleReadRequest(OzoneManagerRequestHandler.java:293) ~[ozone-manager-1.4.0-SNAPSHOT.jar:?]
	at org.apache.hadoop.ozone.protocolPB.OzoneManagerProtocolServerSideTranslatorPB.submitReadRequestToOM(OzoneManagerProtocolServerSideTranslatorPB.java:223) ~[ozone-manager-1.4.0-SNAPSHOT.jar:?]
	at org.apache.hadoop.ozone.protocolPB.OzoneManagerProtocolServerSideTranslatorPB.processRequest(OzoneManagerProtocolServerSideTranslatorPB.java:177) ~[ozone-manager-1.4.0-SNAPSHOT.jar:?]
	at org.apache.hadoop.hdds.server.OzoneProtocolMessageDispatcher.processRequest(OzoneProtocolMessageDispatcher.java:87) [hdds-server-framework-1.4.0-SNAPSHOT.jar:?]
	at org.apache.hadoop.ozone.protocolPB.OzoneManagerProtocolServerSideTranslatorPB.submitRequest(OzoneManagerProtocolServerSideTranslatorPB.java:147) [ozone-manager-1.4.0-SNAPSHOT.jar:?]
	at org.apache.hadoop.ozone.protocol.proto.OzoneManagerProtocolProtos$OzoneManagerService$2.callBlockingMethod(OzoneManagerProtocolProtos.java) [ozone-interface-client-1.4.0-SNAPSHOT.jar:?]
	at org.apache.hadoop.ipc.ProtobufRpcEngine$Server.processCall(ProtobufRpcEngine.java:484) [hadoop-common-3.3.5.jar:?]
	at org.apache.hadoop.ipc.ProtobufRpcEngine2$Server$ProtoBufRpcInvoker.call(ProtobufRpcEngine2.java:595) [hadoop-common-3.3.5.jar:?]
	at org.apache.hadoop.ipc.ProtobufRpcEngine2$Server$ProtoBufRpcInvoker.call(ProtobufRpcEngine2.java:573) [hadoop-common-3.3.5.jar:?]
	at org.apache.hadoop.ipc.RPC$Server.call(RPC.java:1213) [hadoop-common-3.3.5.jar:?]
	at org.apache.hadoop.ipc.Server$RpcCall.run(Server.java:1089) [hadoop-common-3.3.5.jar:?]
	at org.apache.hadoop.ipc.Server$RpcCall.run(Server.java:1012) [hadoop-common-3.3.5.jar:?]
	at java.security.AccessController.doPrivileged(Native Method) ~[?:1.8.0_372]
	at javax.security.auth.Subject.doAs(Subject.java:422) [?:1.8.0_372]
	at org.apache.hadoop.security.UserGroupInformation.doAs(UserGroupInformation.java:1899) [hadoop-common-3.3.5.jar:?]
	at org.apache.hadoop.ipc.Server$Handler.run(Server.java:3026) [hadoop-common-3.3.5.jar:?]
]]></system-out>
  </testcase>
  <testcase name="testKeysRenameFail" classname="org.apache.hadoop.ozone.client.rpc.TestSecureOzoneRpcClient" time="0.067">
    <system-out><![CDATA[2023-06-02 05:16:08,682 [main] INFO  rpc.RpcClient (RpcClient.java:createVolume(459)) - Creating Volume: 2774a03f-890f-4dd1-9e8a-c13cdb45b953, with runner as owner and space quota set to -1 bytes, counts quota set to -1
2023-06-02 05:16:08,684 [OM StateMachine ApplyTransaction Thread - 0] INFO  volume.OMVolumeCreateRequest (OMVolumeCreateRequest.java:validateAndUpdateCache(196)) - created volume:2774a03f-890f-4dd1-9e8a-c13cdb45b953 for user:runner
2023-06-02 05:16:08,686 [main] INFO  rpc.RpcClient (RpcClient.java:createBucket(686)) - Creating Bucket: 2774a03f-890f-4dd1-9e8a-c13cdb45b953/9f2b30be-68e8-4ab0-8330-fc38b0d1b1de, with bucket layout OBJECT_STORE, runner as owner, Versioning false, Storage Type set to DISK and Encryption set to false, Replication Type set to server-side default replication type, Namespace Quota set to -1, Space Quota set to -1 
2023-06-02 05:16:08,688 [OM StateMachine ApplyTransaction Thread - 0] INFO  bucket.OMBucketCreateRequest (OMBucketCreateRequest.java:validateAndUpdateCache(270)) - created bucket: 9f2b30be-68e8-4ab0-8330-fc38b0d1b1de of layout OBJECT_STORE in volume: 2774a03f-890f-4dd1-9e8a-c13cdb45b953
2023-06-02 05:16:08,721 [IPC Server handler 15 on default port 15001] WARN  node.SCMNodeManager (SCMNodeManager.java:getNodesByAddress(1381)) - Cannot find node for address 127.0.0.1
2023-06-02 05:16:08,733 [OM StateMachine ApplyTransaction Thread - 0] ERROR key.OMKeysRenameRequest (OMKeysRenameRequest.java:validateAndUpdateCache(190)) - Received a request to rename a Key does not exist /2774a03f-890f-4dd1-9e8a-c13cdb45b953/9f2b30be-68e8-4ab0-8330-fc38b0d1b1de/dir/file2
2023-06-02 05:16:08,741 [IPC Server handler 16 on default port 15001] WARN  node.SCMNodeManager (SCMNodeManager.java:getNodesByAddress(1381)) - Cannot find node for address 127.0.0.1
05:16:08.745 [IPC Server handler 12 on default port 15004] ERROR OMAudit - user=runner | ip=127.0.0.1 | op=READ_KEY {volume=2774a03f-890f-4dd1-9e8a-c13cdb45b953, bucket=9f2b30be-68e8-4ab0-8330-fc38b0d1b1de, key=dir/file2, dataSize=0, replicationConfig=null} | ret=FAILURE
org.apache.hadoop.ozone.om.exceptions.OMException: Key:dir/file2 not found
	at org.apache.hadoop.ozone.om.KeyManagerImpl.readKeyInfo(KeyManagerImpl.java:438) ~[ozone-manager-1.4.0-SNAPSHOT.jar:?]
	at org.apache.hadoop.ozone.om.KeyManagerImpl.lambda$9(KeyManagerImpl.java:1932) ~[ozone-manager-1.4.0-SNAPSHOT.jar:?]
	at org.apache.hadoop.util.MetricUtil.captureLatencyNs(MetricUtil.java:37) ~[hdds-common-1.4.0-SNAPSHOT.jar:?]
	at org.apache.hadoop.ozone.om.KeyManagerImpl.getKeyInfo(KeyManagerImpl.java:1930) ~[ozone-manager-1.4.0-SNAPSHOT.jar:?]
	at org.apache.hadoop.ozone.om.OmMetadataReader.getKeyInfo(OmMetadataReader.java:210) ~[ozone-manager-1.4.0-SNAPSHOT.jar:?]
	at org.apache.hadoop.ozone.om.OzoneManager.getKeyInfo(OzoneManager.java:2849) ~[ozone-manager-1.4.0-SNAPSHOT.jar:?]
	at org.apache.hadoop.ozone.protocolPB.OzoneManagerRequestHandler.getKeyInfo(OzoneManagerRequestHandler.java:550) ~[ozone-manager-1.4.0-SNAPSHOT.jar:?]
	at org.apache.hadoop.ozone.protocolPB.OzoneManagerRequestHandler.handleReadRequest(OzoneManagerRequestHandler.java:293) ~[ozone-manager-1.4.0-SNAPSHOT.jar:?]
	at org.apache.hadoop.ozone.protocolPB.OzoneManagerProtocolServerSideTranslatorPB.submitReadRequestToOM(OzoneManagerProtocolServerSideTranslatorPB.java:223) ~[ozone-manager-1.4.0-SNAPSHOT.jar:?]
	at org.apache.hadoop.ozone.protocolPB.OzoneManagerProtocolServerSideTranslatorPB.processRequest(OzoneManagerProtocolServerSideTranslatorPB.java:177) ~[ozone-manager-1.4.0-SNAPSHOT.jar:?]
	at org.apache.hadoop.hdds.server.OzoneProtocolMessageDispatcher.processRequest(OzoneProtocolMessageDispatcher.java:87) [hdds-server-framework-1.4.0-SNAPSHOT.jar:?]
	at org.apache.hadoop.ozone.protocolPB.OzoneManagerProtocolServerSideTranslatorPB.submitRequest(OzoneManagerProtocolServerSideTranslatorPB.java:147) [ozone-manager-1.4.0-SNAPSHOT.jar:?]
	at org.apache.hadoop.ozone.protocol.proto.OzoneManagerProtocolProtos$OzoneManagerService$2.callBlockingMethod(OzoneManagerProtocolProtos.java) [ozone-interface-client-1.4.0-SNAPSHOT.jar:?]
	at org.apache.hadoop.ipc.ProtobufRpcEngine$Server.processCall(ProtobufRpcEngine.java:484) [hadoop-common-3.3.5.jar:?]
	at org.apache.hadoop.ipc.ProtobufRpcEngine2$Server$ProtoBufRpcInvoker.call(ProtobufRpcEngine2.java:595) [hadoop-common-3.3.5.jar:?]
	at org.apache.hadoop.ipc.ProtobufRpcEngine2$Server$ProtoBufRpcInvoker.call(ProtobufRpcEngine2.java:573) [hadoop-common-3.3.5.jar:?]
	at org.apache.hadoop.ipc.RPC$Server.call(RPC.java:1213) [hadoop-common-3.3.5.jar:?]
	at org.apache.hadoop.ipc.Server$RpcCall.run(Server.java:1089) [hadoop-common-3.3.5.jar:?]
	at org.apache.hadoop.ipc.Server$RpcCall.run(Server.java:1012) [hadoop-common-3.3.5.jar:?]
	at java.security.AccessController.doPrivileged(Native Method) ~[?:1.8.0_372]
	at javax.security.auth.Subject.doAs(Subject.java:422) [?:1.8.0_372]
	at org.apache.hadoop.security.UserGroupInformation.doAs(UserGroupInformation.java:1899) [hadoop-common-3.3.5.jar:?]
	at org.apache.hadoop.ipc.Server$Handler.run(Server.java:3026) [hadoop-common-3.3.5.jar:?]
]]></system-out>
  </testcase>
  <testcase name="testListBucket" classname="org.apache.hadoop.ozone.client.rpc.TestSecureOzoneRpcClient" time="0.378">
    <system-out><![CDATA[2023-06-02 05:16:08,748 [main] INFO  rpc.RpcClient (RpcClient.java:createVolume(459)) - Creating Volume: vol-a-86291, with runner as owner and space quota set to -1 bytes, counts quota set to -1
2023-06-02 05:16:08,750 [OM StateMachine ApplyTransaction Thread - 0] INFO  volume.OMVolumeCreateRequest (OMVolumeCreateRequest.java:validateAndUpdateCache(196)) - created volume:vol-a-86291 for user:runner
2023-06-02 05:16:08,751 [main] INFO  rpc.RpcClient (RpcClient.java:createVolume(459)) - Creating Volume: vol-b-68855, with runner as owner and space quota set to -1 bytes, counts quota set to -1
2023-06-02 05:16:08,757 [OM StateMachine ApplyTransaction Thread - 0] INFO  volume.OMVolumeCreateRequest (OMVolumeCreateRequest.java:validateAndUpdateCache(196)) - created volume:vol-b-68855 for user:runner
2023-06-02 05:16:08,759 [main] INFO  rpc.RpcClient (RpcClient.java:createBucket(686)) - Creating Bucket: vol-a-86291/bucket-a-0-25924, with server-side default bucket layout, runner as owner, Versioning false, Storage Type set to DISK and Encryption set to false, Replication Type set to server-side default replication type, Namespace Quota set to -1, Space Quota set to -1 
2023-06-02 05:16:08,762 [OM StateMachine ApplyTransaction Thread - 0] INFO  bucket.OMBucketCreateRequest (OMBucketCreateRequest.java:validateAndUpdateCache(270)) - created bucket: bucket-a-0-25924 of layout OBJECT_STORE in volume: vol-a-86291
2023-06-02 05:16:08,788 [OM StateMachine ApplyTransaction Thread - 0] INFO  snapshot.OMSnapshotCreateRequest (OMSnapshotCreateRequest.java:validateAndUpdateCache(231)) - Created snapshot 's20230602-051608.777' under path 'vol-a-86291/bucket-a-0-25924'
2023-06-02 05:16:08,789 [main] INFO  rpc.RpcClient (RpcClient.java:createBucket(686)) - Creating Bucket: vol-b-68855/bucket-a-0-31428, with server-side default bucket layout, runner as owner, Versioning false, Storage Type set to DISK and Encryption set to false, Replication Type set to server-side default replication type, Namespace Quota set to -1, Space Quota set to -1 
2023-06-02 05:16:08,798 [OM StateMachine ApplyTransaction Thread - 0] INFO  bucket.OMBucketCreateRequest (OMBucketCreateRequest.java:validateAndUpdateCache(270)) - created bucket: bucket-a-0-31428 of layout OBJECT_STORE in volume: vol-b-68855
2023-06-02 05:16:08,800 [OM StateMachine ApplyTransaction Thread - 0] INFO  snapshot.OMSnapshotCreateRequest (OMSnapshotCreateRequest.java:validateAndUpdateCache(231)) - Created snapshot 's20230602-051608.799' under path 'vol-b-68855/bucket-a-0-31428'
2023-06-02 05:16:08,801 [main] INFO  rpc.RpcClient (RpcClient.java:createBucket(686)) - Creating Bucket: vol-a-86291/bucket-a-1-22123, with server-side default bucket layout, runner as owner, Versioning false, Storage Type set to DISK and Encryption set to false, Replication Type set to server-side default replication type, Namespace Quota set to -1, Space Quota set to -1 
2023-06-02 05:16:08,805 [OM StateMachine ApplyTransaction Thread - 0] INFO  bucket.OMBucketCreateRequest (OMBucketCreateRequest.java:validateAndUpdateCache(270)) - created bucket: bucket-a-1-22123 of layout OBJECT_STORE in volume: vol-a-86291
2023-06-02 05:16:08,810 [OM StateMachine ApplyTransaction Thread - 0] INFO  snapshot.OMSnapshotCreateRequest (OMSnapshotCreateRequest.java:validateAndUpdateCache(231)) - Created snapshot 's20230602-051608.809' under path 'vol-a-86291/bucket-a-1-22123'
2023-06-02 05:16:08,811 [main] INFO  rpc.RpcClient (RpcClient.java:createBucket(686)) - Creating Bucket: vol-b-68855/bucket-a-1-63436, with server-side default bucket layout, runner as owner, Versioning false, Storage Type set to DISK and Encryption set to false, Replication Type set to server-side default replication type, Namespace Quota set to -1, Space Quota set to -1 
2023-06-02 05:16:08,815 [OM StateMachine ApplyTransaction Thread - 0] INFO  bucket.OMBucketCreateRequest (OMBucketCreateRequest.java:validateAndUpdateCache(270)) - created bucket: bucket-a-1-63436 of layout OBJECT_STORE in volume: vol-b-68855
2023-06-02 05:16:08,819 [OM StateMachine ApplyTransaction Thread - 0] INFO  snapshot.OMSnapshotCreateRequest (OMSnapshotCreateRequest.java:validateAndUpdateCache(231)) - Created snapshot 's20230602-051608.818' under path 'vol-b-68855/bucket-a-1-63436'
2023-06-02 05:16:08,820 [main] INFO  rpc.RpcClient (RpcClient.java:createBucket(686)) - Creating Bucket: vol-a-86291/bucket-a-2-77637, with server-side default bucket layout, runner as owner, Versioning false, Storage Type set to DISK and Encryption set to false, Replication Type set to server-side default replication type, Namespace Quota set to -1, Space Quota set to -1 
2023-06-02 05:16:08,823 [OM StateMachine ApplyTransaction Thread - 0] INFO  bucket.OMBucketCreateRequest (OMBucketCreateRequest.java:validateAndUpdateCache(270)) - created bucket: bucket-a-2-77637 of layout OBJECT_STORE in volume: vol-a-86291
2023-06-02 05:16:08,826 [OM StateMachine ApplyTransaction Thread - 0] INFO  snapshot.OMSnapshotCreateRequest (OMSnapshotCreateRequest.java:validateAndUpdateCache(231)) - Created snapshot 's20230602-051608.825' under path 'vol-a-86291/bucket-a-2-77637'
2023-06-02 05:16:08,827 [main] INFO  rpc.RpcClient (RpcClient.java:createBucket(686)) - Creating Bucket: vol-b-68855/bucket-a-2-81910, with server-side default bucket layout, runner as owner, Versioning false, Storage Type set to DISK and Encryption set to false, Replication Type set to server-side default replication type, Namespace Quota set to -1, Space Quota set to -1 
2023-06-02 05:16:08,830 [OM StateMachine ApplyTransaction Thread - 0] INFO  bucket.OMBucketCreateRequest (OMBucketCreateRequest.java:validateAndUpdateCache(270)) - created bucket: bucket-a-2-81910 of layout OBJECT_STORE in volume: vol-b-68855
2023-06-02 05:16:08,834 [OM StateMachine ApplyTransaction Thread - 0] INFO  snapshot.OMSnapshotCreateRequest (OMSnapshotCreateRequest.java:validateAndUpdateCache(231)) - Created snapshot 's20230602-051608.832' under path 'vol-b-68855/bucket-a-2-81910'
2023-06-02 05:16:08,835 [main] INFO  rpc.RpcClient (RpcClient.java:createBucket(686)) - Creating Bucket: vol-a-86291/bucket-a-3-60418, with server-side default bucket layout, runner as owner, Versioning false, Storage Type set to DISK and Encryption set to false, Replication Type set to server-side default replication type, Namespace Quota set to -1, Space Quota set to -1 
2023-06-02 05:16:08,840 [OM StateMachine ApplyTransaction Thread - 0] INFO  bucket.OMBucketCreateRequest (OMBucketCreateRequest.java:validateAndUpdateCache(270)) - created bucket: bucket-a-3-60418 of layout OBJECT_STORE in volume: vol-a-86291
2023-06-02 05:16:08,845 [OM StateMachine ApplyTransaction Thread - 0] INFO  snapshot.OMSnapshotCreateRequest (OMSnapshotCreateRequest.java:validateAndUpdateCache(231)) - Created snapshot 's20230602-051608.841' under path 'vol-a-86291/bucket-a-3-60418'
2023-06-02 05:16:08,846 [main] INFO  rpc.RpcClient (RpcClient.java:createBucket(686)) - Creating Bucket: vol-b-68855/bucket-a-3-83005, with server-side default bucket layout, runner as owner, Versioning false, Storage Type set to DISK and Encryption set to false, Replication Type set to server-side default replication type, Namespace Quota set to -1, Space Quota set to -1 
2023-06-02 05:16:08,854 [OM StateMachine ApplyTransaction Thread - 0] INFO  bucket.OMBucketCreateRequest (OMBucketCreateRequest.java:validateAndUpdateCache(270)) - created bucket: bucket-a-3-83005 of layout OBJECT_STORE in volume: vol-b-68855
2023-06-02 05:16:08,858 [OM StateMachine ApplyTransaction Thread - 0] INFO  snapshot.OMSnapshotCreateRequest (OMSnapshotCreateRequest.java:validateAndUpdateCache(231)) - Created snapshot 's20230602-051608.855' under path 'vol-b-68855/bucket-a-3-83005'
2023-06-02 05:16:08,858 [main] INFO  rpc.RpcClient (RpcClient.java:createBucket(686)) - Creating Bucket: vol-a-86291/bucket-a-4-94769, with server-side default bucket layout, runner as owner, Versioning false, Storage Type set to DISK and Encryption set to false, Replication Type set to server-side default replication type, Namespace Quota set to -1, Space Quota set to -1 
2023-06-02 05:16:08,861 [OM StateMachine ApplyTransaction Thread - 0] INFO  bucket.OMBucketCreateRequest (OMBucketCreateRequest.java:validateAndUpdateCache(270)) - created bucket: bucket-a-4-94769 of layout OBJECT_STORE in volume: vol-a-86291
2023-06-02 05:16:08,867 [OM StateMachine ApplyTransaction Thread - 0] INFO  snapshot.OMSnapshotCreateRequest (OMSnapshotCreateRequest.java:validateAndUpdateCache(231)) - Created snapshot 's20230602-051608.862' under path 'vol-a-86291/bucket-a-4-94769'
2023-06-02 05:16:08,869 [main] INFO  rpc.RpcClient (RpcClient.java:createBucket(686)) - Creating Bucket: vol-b-68855/bucket-a-4-46601, with server-side default bucket layout, runner as owner, Versioning false, Storage Type set to DISK and Encryption set to false, Replication Type set to server-side default replication type, Namespace Quota set to -1, Space Quota set to -1 
2023-06-02 05:16:08,879 [OM StateMachine ApplyTransaction Thread - 0] INFO  bucket.OMBucketCreateRequest (OMBucketCreateRequest.java:validateAndUpdateCache(270)) - created bucket: bucket-a-4-46601 of layout OBJECT_STORE in volume: vol-b-68855
2023-06-02 05:16:08,881 [OM StateMachine ApplyTransaction Thread - 0] INFO  snapshot.OMSnapshotCreateRequest (OMSnapshotCreateRequest.java:validateAndUpdateCache(231)) - Created snapshot 's20230602-051608.880' under path 'vol-b-68855/bucket-a-4-46601'
2023-06-02 05:16:08,882 [main] INFO  rpc.RpcClient (RpcClient.java:createBucket(686)) - Creating Bucket: vol-a-86291/bucket-a-5-82295, with server-side default bucket layout, runner as owner, Versioning false, Storage Type set to DISK and Encryption set to false, Replication Type set to server-side default replication type, Namespace Quota set to -1, Space Quota set to -1 
2023-06-02 05:16:08,884 [OM StateMachine ApplyTransaction Thread - 0] INFO  bucket.OMBucketCreateRequest (OMBucketCreateRequest.java:validateAndUpdateCache(270)) - created bucket: bucket-a-5-82295 of layout OBJECT_STORE in volume: vol-a-86291
2023-06-02 05:16:08,885 [OMDoubleBufferFlushThread] INFO  db.RDBCheckpointManager (RDBCheckpointManager.java:createCheckpoint(89)) - Created checkpoint in rocksDB at /home/runner/work/ozone/ozone/hadoop-ozone/integration-test/target/test-dir/MiniOzoneClusterImpl-4e6c5432-da36-405d-b7f1-05871ead9573/ozone-meta/db.snapshots/checkpointState/om.db-be7f748f-94ae-4974-9af0-a40a410ae43e in 93 milliseconds
2023-06-02 05:16:08,889 [OM StateMachine ApplyTransaction Thread - 0] INFO  snapshot.OMSnapshotCreateRequest (OMSnapshotCreateRequest.java:validateAndUpdateCache(231)) - Created snapshot 's20230602-051608.885' under path 'vol-a-86291/bucket-a-5-82295'
2023-06-02 05:16:08,890 [main] INFO  rpc.RpcClient (RpcClient.java:createBucket(686)) - Creating Bucket: vol-b-68855/bucket-a-5-42679, with server-side default bucket layout, runner as owner, Versioning false, Storage Type set to DISK and Encryption set to false, Replication Type set to server-side default replication type, Namespace Quota set to -1, Space Quota set to -1 
2023-06-02 05:16:08,892 [OM StateMachine ApplyTransaction Thread - 0] INFO  bucket.OMBucketCreateRequest (OMBucketCreateRequest.java:validateAndUpdateCache(270)) - created bucket: bucket-a-5-42679 of layout OBJECT_STORE in volume: vol-b-68855
2023-06-02 05:16:08,894 [OM StateMachine ApplyTransaction Thread - 0] INFO  snapshot.OMSnapshotCreateRequest (OMSnapshotCreateRequest.java:validateAndUpdateCache(231)) - Created snapshot 's20230602-051608.893' under path 'vol-b-68855/bucket-a-5-42679'
2023-06-02 05:16:08,895 [main] INFO  rpc.RpcClient (RpcClient.java:createBucket(686)) - Creating Bucket: vol-a-86291/bucket-a-6-10170, with server-side default bucket layout, runner as owner, Versioning false, Storage Type set to DISK and Encryption set to false, Replication Type set to server-side default replication type, Namespace Quota set to -1, Space Quota set to -1 
2023-06-02 05:16:08,896 [OM StateMachine ApplyTransaction Thread - 0] INFO  bucket.OMBucketCreateRequest (OMBucketCreateRequest.java:validateAndUpdateCache(270)) - created bucket: bucket-a-6-10170 of layout OBJECT_STORE in volume: vol-a-86291
2023-06-02 05:16:08,899 [OM StateMachine ApplyTransaction Thread - 0] INFO  snapshot.OMSnapshotCreateRequest (OMSnapshotCreateRequest.java:validateAndUpdateCache(231)) - Created snapshot 's20230602-051608.898' under path 'vol-a-86291/bucket-a-6-10170'
2023-06-02 05:16:08,900 [main] INFO  rpc.RpcClient (RpcClient.java:createBucket(686)) - Creating Bucket: vol-b-68855/bucket-a-6-73717, with server-side default bucket layout, runner as owner, Versioning false, Storage Type set to DISK and Encryption set to false, Replication Type set to server-side default replication type, Namespace Quota set to -1, Space Quota set to -1 
2023-06-02 05:16:08,902 [OM StateMachine ApplyTransaction Thread - 0] INFO  bucket.OMBucketCreateRequest (OMBucketCreateRequest.java:validateAndUpdateCache(270)) - created bucket: bucket-a-6-73717 of layout OBJECT_STORE in volume: vol-b-68855
2023-06-02 05:16:08,904 [OM StateMachine ApplyTransaction Thread - 0] INFO  snapshot.OMSnapshotCreateRequest (OMSnapshotCreateRequest.java:validateAndUpdateCache(231)) - Created snapshot 's20230602-051608.903' under path 'vol-b-68855/bucket-a-6-73717'
2023-06-02 05:16:08,905 [main] INFO  rpc.RpcClient (RpcClient.java:createBucket(686)) - Creating Bucket: vol-a-86291/bucket-a-7-01539, with server-side default bucket layout, runner as owner, Versioning false, Storage Type set to DISK and Encryption set to false, Replication Type set to server-side default replication type, Namespace Quota set to -1, Space Quota set to -1 
2023-06-02 05:16:08,907 [OM StateMachine ApplyTransaction Thread - 0] INFO  bucket.OMBucketCreateRequest (OMBucketCreateRequest.java:validateAndUpdateCache(270)) - created bucket: bucket-a-7-01539 of layout OBJECT_STORE in volume: vol-a-86291
2023-06-02 05:16:08,909 [OM StateMachine ApplyTransaction Thread - 0] INFO  snapshot.OMSnapshotCreateRequest (OMSnapshotCreateRequest.java:validateAndUpdateCache(231)) - Created snapshot 's20230602-051608.908' under path 'vol-a-86291/bucket-a-7-01539'
2023-06-02 05:16:08,910 [main] INFO  rpc.RpcClient (RpcClient.java:createBucket(686)) - Creating Bucket: vol-b-68855/bucket-a-7-44238, with server-side default bucket layout, runner as owner, Versioning false, Storage Type set to DISK and Encryption set to false, Replication Type set to server-side default replication type, Namespace Quota set to -1, Space Quota set to -1 
2023-06-02 05:16:08,912 [OM StateMachine ApplyTransaction Thread - 0] INFO  bucket.OMBucketCreateRequest (OMBucketCreateRequest.java:validateAndUpdateCache(270)) - created bucket: bucket-a-7-44238 of layout OBJECT_STORE in volume: vol-b-68855
2023-06-02 05:16:08,914 [OM StateMachine ApplyTransaction Thread - 0] INFO  snapshot.OMSnapshotCreateRequest (OMSnapshotCreateRequest.java:validateAndUpdateCache(231)) - Created snapshot 's20230602-051608.913' under path 'vol-b-68855/bucket-a-7-44238'
2023-06-02 05:16:08,915 [main] INFO  rpc.RpcClient (RpcClient.java:createBucket(686)) - Creating Bucket: vol-a-86291/bucket-a-8-45232, with server-side default bucket layout, runner as owner, Versioning false, Storage Type set to DISK and Encryption set to false, Replication Type set to server-side default replication type, Namespace Quota set to -1, Space Quota set to -1 
2023-06-02 05:16:08,917 [OM StateMachine ApplyTransaction Thread - 0] INFO  bucket.OMBucketCreateRequest (OMBucketCreateRequest.java:validateAndUpdateCache(270)) - created bucket: bucket-a-8-45232 of layout OBJECT_STORE in volume: vol-a-86291
2023-06-02 05:16:08,919 [OM StateMachine ApplyTransaction Thread - 0] INFO  snapshot.OMSnapshotCreateRequest (OMSnapshotCreateRequest.java:validateAndUpdateCache(231)) - Created snapshot 's20230602-051608.918' under path 'vol-a-86291/bucket-a-8-45232'
2023-06-02 05:16:08,920 [main] INFO  rpc.RpcClient (RpcClient.java:createBucket(686)) - Creating Bucket: vol-b-68855/bucket-a-8-79780, with server-side default bucket layout, runner as owner, Versioning false, Storage Type set to DISK and Encryption set to false, Replication Type set to server-side default replication type, Namespace Quota set to -1, Space Quota set to -1 
2023-06-02 05:16:08,922 [OM StateMachine ApplyTransaction Thread - 0] INFO  bucket.OMBucketCreateRequest (OMBucketCreateRequest.java:validateAndUpdateCache(270)) - created bucket: bucket-a-8-79780 of layout OBJECT_STORE in volume: vol-b-68855
2023-06-02 05:16:08,924 [OM StateMachine ApplyTransaction Thread - 0] INFO  snapshot.OMSnapshotCreateRequest (OMSnapshotCreateRequest.java:validateAndUpdateCache(231)) - Created snapshot 's20230602-051608.923' under path 'vol-b-68855/bucket-a-8-79780'
2023-06-02 05:16:08,925 [main] INFO  rpc.RpcClient (RpcClient.java:createBucket(686)) - Creating Bucket: vol-a-86291/bucket-a-9-08903, with server-side default bucket layout, runner as owner, Versioning false, Storage Type set to DISK and Encryption set to false, Replication Type set to server-side default replication type, Namespace Quota set to -1, Space Quota set to -1 
2023-06-02 05:16:08,927 [OM StateMachine ApplyTransaction Thread - 0] INFO  bucket.OMBucketCreateRequest (OMBucketCreateRequest.java:validateAndUpdateCache(270)) - created bucket: bucket-a-9-08903 of layout OBJECT_STORE in volume: vol-a-86291
2023-06-02 05:16:08,929 [OM StateMachine ApplyTransaction Thread - 0] INFO  snapshot.OMSnapshotCreateRequest (OMSnapshotCreateRequest.java:validateAndUpdateCache(231)) - Created snapshot 's20230602-051608.928' under path 'vol-a-86291/bucket-a-9-08903'
2023-06-02 05:16:08,930 [main] INFO  rpc.RpcClient (RpcClient.java:createBucket(686)) - Creating Bucket: vol-b-68855/bucket-a-9-55426, with server-side default bucket layout, runner as owner, Versioning false, Storage Type set to DISK and Encryption set to false, Replication Type set to server-side default replication type, Namespace Quota set to -1, Space Quota set to -1 
2023-06-02 05:16:08,932 [OM StateMachine ApplyTransaction Thread - 0] INFO  bucket.OMBucketCreateRequest (OMBucketCreateRequest.java:validateAndUpdateCache(270)) - created bucket: bucket-a-9-55426 of layout OBJECT_STORE in volume: vol-b-68855
2023-06-02 05:16:08,935 [OM StateMachine ApplyTransaction Thread - 0] INFO  snapshot.OMSnapshotCreateRequest (OMSnapshotCreateRequest.java:validateAndUpdateCache(231)) - Created snapshot 's20230602-051608.934' under path 'vol-b-68855/bucket-a-9-55426'
2023-06-02 05:16:08,935 [main] INFO  rpc.RpcClient (RpcClient.java:createBucket(686)) - Creating Bucket: vol-a-86291/bucket-b-0-07792, with server-side default bucket layout, runner as owner, Versioning false, Storage Type set to DISK and Encryption set to false, Replication Type set to server-side default replication type, Namespace Quota set to -1, Space Quota set to -1 
2023-06-02 05:16:08,937 [OM StateMachine ApplyTransaction Thread - 0] INFO  bucket.OMBucketCreateRequest (OMBucketCreateRequest.java:validateAndUpdateCache(270)) - created bucket: bucket-b-0-07792 of layout OBJECT_STORE in volume: vol-a-86291
2023-06-02 05:16:08,940 [OM StateMachine ApplyTransaction Thread - 0] INFO  snapshot.OMSnapshotCreateRequest (OMSnapshotCreateRequest.java:validateAndUpdateCache(231)) - Created snapshot 's20230602-051608.938' under path 'vol-a-86291/bucket-b-0-07792'
2023-06-02 05:16:08,941 [main] INFO  rpc.RpcClient (RpcClient.java:createBucket(686)) - Creating Bucket: vol-b-68855/bucket-b-0-39173, with server-side default bucket layout, runner as owner, Versioning false, Storage Type set to DISK and Encryption set to false, Replication Type set to server-side default replication type, Namespace Quota set to -1, Space Quota set to -1 
2023-06-02 05:16:08,946 [OM StateMachine ApplyTransaction Thread - 0] INFO  bucket.OMBucketCreateRequest (OMBucketCreateRequest.java:validateAndUpdateCache(270)) - created bucket: bucket-b-0-39173 of layout OBJECT_STORE in volume: vol-b-68855
2023-06-02 05:16:08,946 [main] INFO  rpc.RpcClient (RpcClient.java:createBucket(686)) - Creating Bucket: vol-a-86291/bucket-b-1-95449, with server-side default bucket layout, runner as owner, Versioning false, Storage Type set to DISK and Encryption set to false, Replication Type set to server-side default replication type, Namespace Quota set to -1, Space Quota set to -1 
2023-06-02 05:16:08,948 [OM StateMachine ApplyTransaction Thread - 0] INFO  bucket.OMBucketCreateRequest (OMBucketCreateRequest.java:validateAndUpdateCache(270)) - created bucket: bucket-b-1-95449 of layout OBJECT_STORE in volume: vol-a-86291
2023-06-02 05:16:08,951 [OM StateMachine ApplyTransaction Thread - 0] INFO  snapshot.OMSnapshotCreateRequest (OMSnapshotCreateRequest.java:validateAndUpdateCache(231)) - Created snapshot 's20230602-051608.950' under path 'vol-a-86291/bucket-b-1-95449'
2023-06-02 05:16:08,951 [main] INFO  rpc.RpcClient (RpcClient.java:createBucket(686)) - Creating Bucket: vol-b-68855/bucket-b-1-52846, with server-side default bucket layout, runner as owner, Versioning false, Storage Type set to DISK and Encryption set to false, Replication Type set to server-side default replication type, Namespace Quota set to -1, Space Quota set to -1 
2023-06-02 05:16:08,954 [OM StateMachine ApplyTransaction Thread - 0] INFO  bucket.OMBucketCreateRequest (OMBucketCreateRequest.java:validateAndUpdateCache(270)) - created bucket: bucket-b-1-52846 of layout OBJECT_STORE in volume: vol-b-68855
2023-06-02 05:16:08,955 [main] INFO  rpc.RpcClient (RpcClient.java:createBucket(686)) - Creating Bucket: vol-a-86291/bucket-b-2-16771, with server-side default bucket layout, runner as owner, Versioning false, Storage Type set to DISK and Encryption set to false, Replication Type set to server-side default replication type, Namespace Quota set to -1, Space Quota set to -1 
2023-06-02 05:16:08,957 [OM StateMachine ApplyTransaction Thread - 0] INFO  bucket.OMBucketCreateRequest (OMBucketCreateRequest.java:validateAndUpdateCache(270)) - created bucket: bucket-b-2-16771 of layout OBJECT_STORE in volume: vol-a-86291
2023-06-02 05:16:08,960 [OM StateMachine ApplyTransaction Thread - 0] INFO  snapshot.OMSnapshotCreateRequest (OMSnapshotCreateRequest.java:validateAndUpdateCache(231)) - Created snapshot 's20230602-051608.958' under path 'vol-a-86291/bucket-b-2-16771'
2023-06-02 05:16:08,960 [main] INFO  rpc.RpcClient (RpcClient.java:createBucket(686)) - Creating Bucket: vol-b-68855/bucket-b-2-70503, with server-side default bucket layout, runner as owner, Versioning false, Storage Type set to DISK and Encryption set to false, Replication Type set to server-side default replication type, Namespace Quota set to -1, Space Quota set to -1 
2023-06-02 05:16:08,963 [OM StateMachine ApplyTransaction Thread - 0] INFO  bucket.OMBucketCreateRequest (OMBucketCreateRequest.java:validateAndUpdateCache(270)) - created bucket: bucket-b-2-70503 of layout OBJECT_STORE in volume: vol-b-68855
2023-06-02 05:16:08,963 [main] INFO  rpc.RpcClient (RpcClient.java:createBucket(686)) - Creating Bucket: vol-a-86291/bucket-b-3-30170, with server-side default bucket layout, runner as owner, Versioning false, Storage Type set to DISK and Encryption set to false, Replication Type set to server-side default replication type, Namespace Quota set to -1, Space Quota set to -1 
2023-06-02 05:16:08,965 [OM StateMachine ApplyTransaction Thread - 0] INFO  bucket.OMBucketCreateRequest (OMBucketCreateRequest.java:validateAndUpdateCache(270)) - created bucket: bucket-b-3-30170 of layout OBJECT_STORE in volume: vol-a-86291
2023-06-02 05:16:08,968 [OM StateMachine ApplyTransaction Thread - 0] INFO  snapshot.OMSnapshotCreateRequest (OMSnapshotCreateRequest.java:validateAndUpdateCache(231)) - Created snapshot 's20230602-051608.966' under path 'vol-a-86291/bucket-b-3-30170'
2023-06-02 05:16:08,968 [main] INFO  rpc.RpcClient (RpcClient.java:createBucket(686)) - Creating Bucket: vol-b-68855/bucket-b-3-28828, with server-side default bucket layout, runner as owner, Versioning false, Storage Type set to DISK and Encryption set to false, Replication Type set to server-side default replication type, Namespace Quota set to -1, Space Quota set to -1 
2023-06-02 05:16:08,970 [OM StateMachine ApplyTransaction Thread - 0] INFO  bucket.OMBucketCreateRequest (OMBucketCreateRequest.java:validateAndUpdateCache(270)) - created bucket: bucket-b-3-28828 of layout OBJECT_STORE in volume: vol-b-68855
2023-06-02 05:16:08,971 [main] INFO  rpc.RpcClient (RpcClient.java:createBucket(686)) - Creating Bucket: vol-a-86291/bucket-b-4-60342, with server-side default bucket layout, runner as owner, Versioning false, Storage Type set to DISK and Encryption set to false, Replication Type set to server-side default replication type, Namespace Quota set to -1, Space Quota set to -1 
2023-06-02 05:16:08,973 [OM StateMachine ApplyTransaction Thread - 0] INFO  bucket.OMBucketCreateRequest (OMBucketCreateRequest.java:validateAndUpdateCache(270)) - created bucket: bucket-b-4-60342 of layout OBJECT_STORE in volume: vol-a-86291
2023-06-02 05:16:08,975 [OM StateMachine ApplyTransaction Thread - 0] INFO  snapshot.OMSnapshotCreateRequest (OMSnapshotCreateRequest.java:validateAndUpdateCache(231)) - Created snapshot 's20230602-051608.974' under path 'vol-a-86291/bucket-b-4-60342'
2023-06-02 05:16:08,976 [main] INFO  rpc.RpcClient (RpcClient.java:createBucket(686)) - Creating Bucket: vol-b-68855/bucket-b-4-28388, with server-side default bucket layout, runner as owner, Versioning false, Storage Type set to DISK and Encryption set to false, Replication Type set to server-side default replication type, Namespace Quota set to -1, Space Quota set to -1 
2023-06-02 05:16:08,977 [OMDoubleBufferFlushThread] INFO  db.RDBCheckpointUtils (RDBCheckpointUtils.java:waitForCheckpointDirectoryExist(59)) - Waited for 90 milliseconds for checkpoint directory /home/runner/work/ozone/ozone/hadoop-ozone/integration-test/target/test-dir/MiniOzoneClusterImpl-4e6c5432-da36-405d-b7f1-05871ead9573/ozone-meta/db.snapshots/checkpointState/om.db-be7f748f-94ae-4974-9af0-a40a410ae43e availability.
2023-06-02 05:16:08,979 [OMDoubleBufferFlushThread] INFO  om.OmSnapshotManager (OmSnapshotManager.java:createOmSnapshotCheckpoint(409)) - Created checkpoint : /home/runner/work/ozone/ozone/hadoop-ozone/integration-test/target/test-dir/MiniOzoneClusterImpl-4e6c5432-da36-405d-b7f1-05871ead9573/ozone-meta/db.snapshots/checkpointState/om.db-be7f748f-94ae-4974-9af0-a40a410ae43e for snapshot s20230602-051608.777
2023-06-02 05:16:08,985 [OM StateMachine ApplyTransaction Thread - 0] INFO  bucket.OMBucketCreateRequest (OMBucketCreateRequest.java:validateAndUpdateCache(270)) - created bucket: bucket-b-4-28388 of layout OBJECT_STORE in volume: vol-b-68855
2023-06-02 05:16:08,986 [main] INFO  rpc.RpcClient (RpcClient.java:createBucket(686)) - Creating Bucket: vol-a-86291/bucket-b-5-12326, with server-side default bucket layout, runner as owner, Versioning false, Storage Type set to DISK and Encryption set to false, Replication Type set to server-side default replication type, Namespace Quota set to -1, Space Quota set to -1 
2023-06-02 05:16:08,988 [OM StateMachine ApplyTransaction Thread - 0] INFO  bucket.OMBucketCreateRequest (OMBucketCreateRequest.java:validateAndUpdateCache(270)) - created bucket: bucket-b-5-12326 of layout OBJECT_STORE in volume: vol-a-86291
2023-06-02 05:16:08,993 [OM StateMachine ApplyTransaction Thread - 0] INFO  snapshot.OMSnapshotCreateRequest (OMSnapshotCreateRequest.java:validateAndUpdateCache(231)) - Created snapshot 's20230602-051608.992' under path 'vol-a-86291/bucket-b-5-12326'
2023-06-02 05:16:08,994 [main] INFO  rpc.RpcClient (RpcClient.java:createBucket(686)) - Creating Bucket: vol-b-68855/bucket-b-5-99139, with server-side default bucket layout, runner as owner, Versioning false, Storage Type set to DISK and Encryption set to false, Replication Type set to server-side default replication type, Namespace Quota set to -1, Space Quota set to -1 
2023-06-02 05:16:08,997 [OM StateMachine ApplyTransaction Thread - 0] INFO  bucket.OMBucketCreateRequest (OMBucketCreateRequest.java:validateAndUpdateCache(270)) - created bucket: bucket-b-5-99139 of layout OBJECT_STORE in volume: vol-b-68855
2023-06-02 05:16:08,998 [main] INFO  rpc.RpcClient (RpcClient.java:createBucket(686)) - Creating Bucket: vol-a-86291/bucket-b-6-44323, with server-side default bucket layout, runner as owner, Versioning false, Storage Type set to DISK and Encryption set to false, Replication Type set to server-side default replication type, Namespace Quota set to -1, Space Quota set to -1 
2023-06-02 05:16:09,001 [OM StateMachine ApplyTransaction Thread - 0] INFO  bucket.OMBucketCreateRequest (OMBucketCreateRequest.java:validateAndUpdateCache(270)) - created bucket: bucket-b-6-44323 of layout OBJECT_STORE in volume: vol-a-86291
2023-06-02 05:16:09,004 [OM StateMachine ApplyTransaction Thread - 0] INFO  snapshot.OMSnapshotCreateRequest (OMSnapshotCreateRequest.java:validateAndUpdateCache(231)) - Created snapshot 's20230602-051609.003' under path 'vol-a-86291/bucket-b-6-44323'
2023-06-02 05:16:09,005 [main] INFO  rpc.RpcClient (RpcClient.java:createBucket(686)) - Creating Bucket: vol-b-68855/bucket-b-6-66114, with server-side default bucket layout, runner as owner, Versioning false, Storage Type set to DISK and Encryption set to false, Replication Type set to server-side default replication type, Namespace Quota set to -1, Space Quota set to -1 
2023-06-02 05:16:09,007 [OM StateMachine ApplyTransaction Thread - 0] INFO  bucket.OMBucketCreateRequest (OMBucketCreateRequest.java:validateAndUpdateCache(270)) - created bucket: bucket-b-6-66114 of layout OBJECT_STORE in volume: vol-b-68855
2023-06-02 05:16:09,008 [main] INFO  rpc.RpcClient (RpcClient.java:createBucket(686)) - Creating Bucket: vol-a-86291/bucket-b-7-34499, with server-side default bucket layout, runner as owner, Versioning false, Storage Type set to DISK and Encryption set to false, Replication Type set to server-side default replication type, Namespace Quota set to -1, Space Quota set to -1 
2023-06-02 05:16:09,013 [OM StateMachine ApplyTransaction Thread - 0] INFO  bucket.OMBucketCreateRequest (OMBucketCreateRequest.java:validateAndUpdateCache(270)) - created bucket: bucket-b-7-34499 of layout OBJECT_STORE in volume: vol-a-86291
2023-06-02 05:16:09,016 [OM StateMachine ApplyTransaction Thread - 0] INFO  snapshot.OMSnapshotCreateRequest (OMSnapshotCreateRequest.java:validateAndUpdateCache(231)) - Created snapshot 's20230602-051609.015' under path 'vol-a-86291/bucket-b-7-34499'
2023-06-02 05:16:09,017 [main] INFO  rpc.RpcClient (RpcClient.java:createBucket(686)) - Creating Bucket: vol-b-68855/bucket-b-7-54239, with server-side default bucket layout, runner as owner, Versioning false, Storage Type set to DISK and Encryption set to false, Replication Type set to server-side default replication type, Namespace Quota set to -1, Space Quota set to -1 
2023-06-02 05:16:09,019 [OM StateMachine ApplyTransaction Thread - 0] INFO  bucket.OMBucketCreateRequest (OMBucketCreateRequest.java:validateAndUpdateCache(270)) - created bucket: bucket-b-7-54239 of layout OBJECT_STORE in volume: vol-b-68855
2023-06-02 05:16:09,019 [main] INFO  rpc.RpcClient (RpcClient.java:createBucket(686)) - Creating Bucket: vol-a-86291/bucket-b-8-24185, with server-side default bucket layout, runner as owner, Versioning false, Storage Type set to DISK and Encryption set to false, Replication Type set to server-side default replication type, Namespace Quota set to -1, Space Quota set to -1 
2023-06-02 05:16:09,021 [OM StateMachine ApplyTransaction Thread - 0] INFO  bucket.OMBucketCreateRequest (OMBucketCreateRequest.java:validateAndUpdateCache(270)) - created bucket: bucket-b-8-24185 of layout OBJECT_STORE in volume: vol-a-86291
2023-06-02 05:16:09,024 [OM StateMachine ApplyTransaction Thread - 0] INFO  snapshot.OMSnapshotCreateRequest (OMSnapshotCreateRequest.java:validateAndUpdateCache(231)) - Created snapshot 's20230602-051609.023' under path 'vol-a-86291/bucket-b-8-24185'
2023-06-02 05:16:09,025 [main] INFO  rpc.RpcClient (RpcClient.java:createBucket(686)) - Creating Bucket: vol-b-68855/bucket-b-8-20820, with server-side default bucket layout, runner as owner, Versioning false, Storage Type set to DISK and Encryption set to false, Replication Type set to server-side default replication type, Namespace Quota set to -1, Space Quota set to -1 
2023-06-02 05:16:09,027 [OM StateMachine ApplyTransaction Thread - 0] INFO  bucket.OMBucketCreateRequest (OMBucketCreateRequest.java:validateAndUpdateCache(270)) - created bucket: bucket-b-8-20820 of layout OBJECT_STORE in volume: vol-b-68855
2023-06-02 05:16:09,027 [main] INFO  rpc.RpcClient (RpcClient.java:createBucket(686)) - Creating Bucket: vol-a-86291/bucket-b-9-30107, with server-side default bucket layout, runner as owner, Versioning false, Storage Type set to DISK and Encryption set to false, Replication Type set to server-side default replication type, Namespace Quota set to -1, Space Quota set to -1 
2023-06-02 05:16:09,028 [OMDoubleBufferFlushThread] INFO  db.RDBCheckpointManager (RDBCheckpointManager.java:createCheckpoint(89)) - Created checkpoint in rocksDB at /home/runner/work/ozone/ozone/hadoop-ozone/integration-test/target/test-dir/MiniOzoneClusterImpl-4e6c5432-da36-405d-b7f1-05871ead9573/ozone-meta/db.snapshots/checkpointState/om.db-70a8ca2c-66bf-4ac5-906c-22293879398e in 40 milliseconds
2023-06-02 05:16:09,029 [OMDoubleBufferFlushThread] INFO  db.RDBCheckpointUtils (RDBCheckpointUtils.java:waitForCheckpointDirectoryExist(59)) - Waited for 1 milliseconds for checkpoint directory /home/runner/work/ozone/ozone/hadoop-ozone/integration-test/target/test-dir/MiniOzoneClusterImpl-4e6c5432-da36-405d-b7f1-05871ead9573/ozone-meta/db.snapshots/checkpointState/om.db-70a8ca2c-66bf-4ac5-906c-22293879398e availability.
2023-06-02 05:16:09,030 [OMDoubleBufferFlushThread] INFO  om.OmSnapshotManager (OmSnapshotManager.java:createOmSnapshotCheckpoint(409)) - Created checkpoint : /home/runner/work/ozone/ozone/hadoop-ozone/integration-test/target/test-dir/MiniOzoneClusterImpl-4e6c5432-da36-405d-b7f1-05871ead9573/ozone-meta/db.snapshots/checkpointState/om.db-70a8ca2c-66bf-4ac5-906c-22293879398e for snapshot s20230602-051608.799
2023-06-02 05:16:09,030 [OMDoubleBufferFlushThread] WARN  rocksdiff.RocksDBCheckpointDiffer (RocksDBCheckpointDiffer.java:setCurrentCompactionLog(312)) - Compaction log exists: /home/runner/work/ozone/ozone/hadoop-ozone/integration-test/target/test-dir/MiniOzoneClusterImpl-4e6c5432-da36-405d-b7f1-05871ead9573/ozone-meta/db.snapshots/diffState/compaction-log/0000000000000001330.log. Will append
2023-06-02 05:16:09,032 [OM StateMachine ApplyTransaction Thread - 0] INFO  bucket.OMBucketCreateRequest (OMBucketCreateRequest.java:validateAndUpdateCache(270)) - created bucket: bucket-b-9-30107 of layout OBJECT_STORE in volume: vol-a-86291
2023-06-02 05:16:09,034 [OM StateMachine ApplyTransaction Thread - 0] INFO  snapshot.OMSnapshotCreateRequest (OMSnapshotCreateRequest.java:validateAndUpdateCache(231)) - Created snapshot 's20230602-051609.033' under path 'vol-a-86291/bucket-b-9-30107'
2023-06-02 05:16:09,036 [main] INFO  rpc.RpcClient (RpcClient.java:createBucket(686)) - Creating Bucket: vol-b-68855/bucket-b-9-08273, with server-side default bucket layout, runner as owner, Versioning false, Storage Type set to DISK and Encryption set to false, Replication Type set to server-side default replication type, Namespace Quota set to -1, Space Quota set to -1 
2023-06-02 05:16:09,039 [OM StateMachine ApplyTransaction Thread - 0] INFO  bucket.OMBucketCreateRequest (OMBucketCreateRequest.java:validateAndUpdateCache(270)) - created bucket: bucket-b-9-08273 of layout OBJECT_STORE in volume: vol-b-68855
2023-06-02 05:16:09,062 [OMDoubleBufferFlushThread] INFO  db.RDBCheckpointManager (RDBCheckpointManager.java:createCheckpoint(89)) - Created checkpoint in rocksDB at /home/runner/work/ozone/ozone/hadoop-ozone/integration-test/target/test-dir/MiniOzoneClusterImpl-4e6c5432-da36-405d-b7f1-05871ead9573/ozone-meta/db.snapshots/checkpointState/om.db-fe68a4f5-13f0-47ab-aa25-3f8f9b5c1e7b in 30 milliseconds
2023-06-02 05:16:09,066 [OMDoubleBufferFlushThread] INFO  db.RDBCheckpointUtils (RDBCheckpointUtils.java:waitForCheckpointDirectoryExist(59)) - Waited for 4 milliseconds for checkpoint directory /home/runner/work/ozone/ozone/hadoop-ozone/integration-test/target/test-dir/MiniOzoneClusterImpl-4e6c5432-da36-405d-b7f1-05871ead9573/ozone-meta/db.snapshots/checkpointState/om.db-fe68a4f5-13f0-47ab-aa25-3f8f9b5c1e7b availability.
2023-06-02 05:16:09,067 [OMDoubleBufferFlushThread] INFO  om.OmSnapshotManager (OmSnapshotManager.java:createOmSnapshotCheckpoint(409)) - Created checkpoint : /home/runner/work/ozone/ozone/hadoop-ozone/integration-test/target/test-dir/MiniOzoneClusterImpl-4e6c5432-da36-405d-b7f1-05871ead9573/ozone-meta/db.snapshots/checkpointState/om.db-fe68a4f5-13f0-47ab-aa25-3f8f9b5c1e7b for snapshot s20230602-051608.809
2023-06-02 05:16:09,067 [OMDoubleBufferFlushThread] WARN  rocksdiff.RocksDBCheckpointDiffer (RocksDBCheckpointDiffer.java:setCurrentCompactionLog(312)) - Compaction log exists: /home/runner/work/ozone/ozone/hadoop-ozone/integration-test/target/test-dir/MiniOzoneClusterImpl-4e6c5432-da36-405d-b7f1-05871ead9573/ozone-meta/db.snapshots/diffState/compaction-log/0000000000000001330.log. Will append
2023-06-02 05:16:09,077 [Thread-1291] INFO  rocksdiff.RocksDBCheckpointDiffer (RocksDBCheckpointDiffer.java:onCompactionCompleted(527)) - Skipped the compaction entry. Compaction input files: [/home/runner/work/ozone/ozone/hadoop-ozone/integration-test/target/test-dir/MiniOzoneClusterImpl-4e6c5432-da36-405d-b7f1-05871ead9573/ozone-meta/om.db/000053.sst] and output files: [/home/runner/work/ozone/ozone/hadoop-ozone/integration-test/target/test-dir/MiniOzoneClusterImpl-4e6c5432-da36-405d-b7f1-05871ead9573/ozone-meta/om.db/000053.sst] are same.
2023-06-02 05:16:09,095 [OMDoubleBufferFlushThread] INFO  db.RDBCheckpointManager (RDBCheckpointManager.java:createCheckpoint(89)) - Created checkpoint in rocksDB at /home/runner/work/ozone/ozone/hadoop-ozone/integration-test/target/test-dir/MiniOzoneClusterImpl-4e6c5432-da36-405d-b7f1-05871ead9573/ozone-meta/db.snapshots/checkpointState/om.db-7621e73b-1c37-449d-a2a4-aa330e45599b in 26 milliseconds
2023-06-02 05:16:09,096 [OMDoubleBufferFlushThread] INFO  db.RDBCheckpointUtils (RDBCheckpointUtils.java:waitForCheckpointDirectoryExist(59)) - Waited for 1 milliseconds for checkpoint directory /home/runner/work/ozone/ozone/hadoop-ozone/integration-test/target/test-dir/MiniOzoneClusterImpl-4e6c5432-da36-405d-b7f1-05871ead9573/ozone-meta/db.snapshots/checkpointState/om.db-7621e73b-1c37-449d-a2a4-aa330e45599b availability.
2023-06-02 05:16:09,097 [OMDoubleBufferFlushThread] INFO  om.OmSnapshotManager (OmSnapshotManager.java:createOmSnapshotCheckpoint(409)) - Created checkpoint : /home/runner/work/ozone/ozone/hadoop-ozone/integration-test/target/test-dir/MiniOzoneClusterImpl-4e6c5432-da36-405d-b7f1-05871ead9573/ozone-meta/db.snapshots/checkpointState/om.db-7621e73b-1c37-449d-a2a4-aa330e45599b for snapshot s20230602-051608.818
2023-06-02 05:16:09,097 [OMDoubleBufferFlushThread] WARN  rocksdiff.RocksDBCheckpointDiffer (RocksDBCheckpointDiffer.java:setCurrentCompactionLog(312)) - Compaction log exists: /home/runner/work/ozone/ozone/hadoop-ozone/integration-test/target/test-dir/MiniOzoneClusterImpl-4e6c5432-da36-405d-b7f1-05871ead9573/ozone-meta/db.snapshots/diffState/compaction-log/0000000000000001330.log. Will append
]]></system-out>
  </testcase>
  <testcase name="testListBucketsOnEmptyVolume" classname="org.apache.hadoop.ozone.client.rpc.TestSecureOzoneRpcClient" time="0.013">
    <system-out><![CDATA[2023-06-02 05:16:09,130 [main] INFO  rpc.RpcClient (RpcClient.java:createVolume(459)) - Creating Volume: vol-empty, with runner as owner and space quota set to -1 bytes, counts quota set to -1
2023-06-02 05:16:09,136 [OM StateMachine ApplyTransaction Thread - 0] INFO  volume.OMVolumeCreateRequest (OMVolumeCreateRequest.java:validateAndUpdateCache(196)) - created volume:vol-empty for user:runner
]]></system-out>
  </testcase>
  <testcase name="testListBucketsReplicationConfig" classname="org.apache.hadoop.ozone.client.rpc.TestSecureOzoneRpcClient" time="0.035">
    <system-out><![CDATA[2023-06-02 05:16:09,143 [OMDoubleBufferFlushThread] INFO  db.RDBCheckpointManager (RDBCheckpointManager.java:createCheckpoint(89)) - Created checkpoint in rocksDB at /home/runner/work/ozone/ozone/hadoop-ozone/integration-test/target/test-dir/MiniOzoneClusterImpl-4e6c5432-da36-405d-b7f1-05871ead9573/ozone-meta/db.snapshots/checkpointState/om.db-c404763f-423f-4ac6-a165-ed18a5c761fb in 34 milliseconds
2023-06-02 05:16:09,144 [main] INFO  rpc.RpcClient (RpcClient.java:createVolume(459)) - Creating Volume: befbbb5b-1e8e-417b-b582-f20491231c88, with runner as owner and space quota set to -1 bytes, counts quota set to -1
2023-06-02 05:16:09,146 [Thread-1389] INFO  rocksdiff.RocksDBCheckpointDiffer (RocksDBCheckpointDiffer.java:onCompactionCompleted(527)) - Skipped the compaction entry. Compaction input files: [/home/runner/work/ozone/ozone/hadoop-ozone/integration-test/target/test-dir/MiniOzoneClusterImpl-4e6c5432-da36-405d-b7f1-05871ead9573/ozone-meta/om.db/000085.sst, /home/runner/work/ozone/ozone/hadoop-ozone/integration-test/target/test-dir/MiniOzoneClusterImpl-4e6c5432-da36-405d-b7f1-05871ead9573/ozone-meta/om.db/000079.sst, /home/runner/work/ozone/ozone/hadoop-ozone/integration-test/target/test-dir/MiniOzoneClusterImpl-4e6c5432-da36-405d-b7f1-05871ead9573/ozone-meta/om.db/000074.sst, /home/runner/work/ozone/ozone/hadoop-ozone/integration-test/target/test-dir/MiniOzoneClusterImpl-4e6c5432-da36-405d-b7f1-05871ead9573/ozone-meta/om.db/000068.sst, /home/runner/work/ozone/ozone/hadoop-ozone/integration-test/target/test-dir/MiniOzoneClusterImpl-4e6c5432-da36-405d-b7f1-05871ead9573/ozone-meta/om.db/000055.sst] and output files: [/home/runner/work/ozone/ozone/hadoop-ozone/integration-test/target/test-dir/MiniOzoneClusterImpl-4e6c5432-da36-405d-b7f1-05871ead9573/ozone-meta/om.db/000085.sst, /home/runner/work/ozone/ozone/hadoop-ozone/integration-test/target/test-dir/MiniOzoneClusterImpl-4e6c5432-da36-405d-b7f1-05871ead9573/ozone-meta/om.db/000079.sst, /home/runner/work/ozone/ozone/hadoop-ozone/integration-test/target/test-dir/MiniOzoneClusterImpl-4e6c5432-da36-405d-b7f1-05871ead9573/ozone-meta/om.db/000074.sst, /home/runner/work/ozone/ozone/hadoop-ozone/integration-test/target/test-dir/MiniOzoneClusterImpl-4e6c5432-da36-405d-b7f1-05871ead9573/ozone-meta/om.db/000068.sst, /home/runner/work/ozone/ozone/hadoop-ozone/integration-test/target/test-dir/MiniOzoneClusterImpl-4e6c5432-da36-405d-b7f1-05871ead9573/ozone-meta/om.db/000055.sst] are same.
2023-06-02 05:16:09,146 [OMDoubleBufferFlushThread] INFO  db.RDBCheckpointUtils (RDBCheckpointUtils.java:waitForCheckpointDirectoryExist(59)) - Waited for 3 milliseconds for checkpoint directory /home/runner/work/ozone/ozone/hadoop-ozone/integration-test/target/test-dir/MiniOzoneClusterImpl-4e6c5432-da36-405d-b7f1-05871ead9573/ozone-meta/db.snapshots/checkpointState/om.db-c404763f-423f-4ac6-a165-ed18a5c761fb availability.
2023-06-02 05:16:09,146 [OM StateMachine ApplyTransaction Thread - 0] INFO  volume.OMVolumeCreateRequest (OMVolumeCreateRequest.java:validateAndUpdateCache(196)) - created volume:befbbb5b-1e8e-417b-b582-f20491231c88 for user:runner
2023-06-02 05:16:09,147 [OMDoubleBufferFlushThread] INFO  om.OmSnapshotManager (OmSnapshotManager.java:createOmSnapshotCheckpoint(409)) - Created checkpoint : /home/runner/work/ozone/ozone/hadoop-ozone/integration-test/target/test-dir/MiniOzoneClusterImpl-4e6c5432-da36-405d-b7f1-05871ead9573/ozone-meta/db.snapshots/checkpointState/om.db-c404763f-423f-4ac6-a165-ed18a5c761fb for snapshot s20230602-051608.825
2023-06-02 05:16:09,147 [OMDoubleBufferFlushThread] WARN  rocksdiff.RocksDBCheckpointDiffer (RocksDBCheckpointDiffer.java:setCurrentCompactionLog(312)) - Compaction log exists: /home/runner/work/ozone/ozone/hadoop-ozone/integration-test/target/test-dir/MiniOzoneClusterImpl-4e6c5432-da36-405d-b7f1-05871ead9573/ozone-meta/db.snapshots/diffState/compaction-log/0000000000000001330.log. Will append
2023-06-02 05:16:09,149 [Thread-1393] INFO  rocksdiff.RocksDBCheckpointDiffer (RocksDBCheckpointDiffer.java:onCompactionCompleted(527)) - Skipped the compaction entry. Compaction input files: [/home/runner/work/ozone/ozone/hadoop-ozone/integration-test/target/test-dir/MiniOzoneClusterImpl-4e6c5432-da36-405d-b7f1-05871ead9573/ozone-meta/om.db/000071.sst, /home/runner/work/ozone/ozone/hadoop-ozone/integration-test/target/test-dir/MiniOzoneClusterImpl-4e6c5432-da36-405d-b7f1-05871ead9573/ozone-meta/om.db/000065.sst, /home/runner/work/ozone/ozone/hadoop-ozone/integration-test/target/test-dir/MiniOzoneClusterImpl-4e6c5432-da36-405d-b7f1-05871ead9573/ozone-meta/om.db/000076.sst] and output files: [/home/runner/work/ozone/ozone/hadoop-ozone/integration-test/target/test-dir/MiniOzoneClusterImpl-4e6c5432-da36-405d-b7f1-05871ead9573/ozone-meta/om.db/000071.sst, /home/runner/work/ozone/ozone/hadoop-ozone/integration-test/target/test-dir/MiniOzoneClusterImpl-4e6c5432-da36-405d-b7f1-05871ead9573/ozone-meta/om.db/000065.sst, /home/runner/work/ozone/ozone/hadoop-ozone/integration-test/target/test-dir/MiniOzoneClusterImpl-4e6c5432-da36-405d-b7f1-05871ead9573/ozone-meta/om.db/000076.sst] are same.
2023-06-02 05:16:09,151 [main] INFO  rpc.RpcClient (RpcClient.java:createBucket(686)) - Creating Bucket: befbbb5b-1e8e-417b-b582-f20491231c88/5d1be96c-04ae-480c-9476-9231d2e3bc57, with server-side default bucket layout, runner as owner, Versioning false, Storage Type set to DISK and Encryption set to false, Replication Type set to server-side default replication type, Namespace Quota set to -1, Space Quota set to -1 
2023-06-02 05:16:09,151 [Thread-1397] INFO  rocksdiff.RocksDBCheckpointDiffer (RocksDBCheckpointDiffer.java:onCompactionCompleted(527)) - Skipped the compaction entry. Compaction input files: [/home/runner/work/ozone/ozone/hadoop-ozone/integration-test/target/test-dir/MiniOzoneClusterImpl-4e6c5432-da36-405d-b7f1-05871ead9573/ozone-meta/om.db/000066.sst] and output files: [/home/runner/work/ozone/ozone/hadoop-ozone/integration-test/target/test-dir/MiniOzoneClusterImpl-4e6c5432-da36-405d-b7f1-05871ead9573/ozone-meta/om.db/000066.sst] are same.
2023-06-02 05:16:09,154 [OM StateMachine ApplyTransaction Thread - 0] INFO  bucket.OMBucketCreateRequest (OMBucketCreateRequest.java:validateAndUpdateCache(270)) - created bucket: 5d1be96c-04ae-480c-9476-9231d2e3bc57 of layout OBJECT_STORE in volume: befbbb5b-1e8e-417b-b582-f20491231c88
2023-06-02 05:16:09,158 [main] INFO  rpc.RpcClient (RpcClient.java:createBucket(686)) - Creating Bucket: befbbb5b-1e8e-417b-b582-f20491231c88/d155ff46-1db6-4fc8-9891-4bc44f2e3455, with server-side default bucket layout, runner as owner, Versioning false, Storage Type set to DISK and Encryption set to false, Replication Type set to EC, Namespace Quota set to -1, Space Quota set to -1 
2023-06-02 05:16:09,162 [OM StateMachine ApplyTransaction Thread - 0] INFO  bucket.OMBucketCreateRequest (OMBucketCreateRequest.java:validateAndUpdateCache(270)) - created bucket: d155ff46-1db6-4fc8-9891-4bc44f2e3455 of layout OBJECT_STORE in volume: befbbb5b-1e8e-417b-b582-f20491231c88
2023-06-02 05:16:09,163 [Thread-1431] INFO  rocksdiff.RocksDBCheckpointDiffer (RocksDBCheckpointDiffer.java:onCompactionCompleted(527)) - Skipped the compaction entry. Compaction input files: [/home/runner/work/ozone/ozone/hadoop-ozone/integration-test/target/test-dir/MiniOzoneClusterImpl-4e6c5432-da36-405d-b7f1-05871ead9573/ozone-meta/om.db/000077.sst, /home/runner/work/ozone/ozone/hadoop-ozone/integration-test/target/test-dir/MiniOzoneClusterImpl-4e6c5432-da36-405d-b7f1-05871ead9573/ozone-meta/om.db/000072.sst, /home/runner/work/ozone/ozone/hadoop-ozone/integration-test/target/test-dir/MiniOzoneClusterImpl-4e6c5432-da36-405d-b7f1-05871ead9573/ozone-meta/om.db/000083.sst] and output files: [/home/runner/work/ozone/ozone/hadoop-ozone/integration-test/target/test-dir/MiniOzoneClusterImpl-4e6c5432-da36-405d-b7f1-05871ead9573/ozone-meta/om.db/000077.sst, /home/runner/work/ozone/ozone/hadoop-ozone/integration-test/target/test-dir/MiniOzoneClusterImpl-4e6c5432-da36-405d-b7f1-05871ead9573/ozone-meta/om.db/000072.sst, /home/runner/work/ozone/ozone/hadoop-ozone/integration-test/target/test-dir/MiniOzoneClusterImpl-4e6c5432-da36-405d-b7f1-05871ead9573/ozone-meta/om.db/000083.sst] are same.
2023-06-02 05:16:09,168 [main] INFO  rpc.RpcClient (RpcClient.java:createBucket(686)) - Creating Bucket: befbbb5b-1e8e-417b-b582-f20491231c88/362b8b0d-e560-417c-8840-2b11670f2ed3, with server-side default bucket layout, runner as owner, Versioning false, Storage Type set to DISK and Encryption set to false, Replication Type set to RATIS, Namespace Quota set to -1, Space Quota set to -1 
2023-06-02 05:16:09,171 [OM StateMachine ApplyTransaction Thread - 0] INFO  bucket.OMBucketCreateRequest (OMBucketCreateRequest.java:validateAndUpdateCache(270)) - created bucket: 362b8b0d-e560-417c-8840-2b11670f2ed3 of layout OBJECT_STORE in volume: befbbb5b-1e8e-417b-b582-f20491231c88
]]></system-out>
  </testcase>
  <testcase name="testListKey" classname="org.apache.hadoop.ozone.client.rpc.TestSecureOzoneRpcClient" time="1.919">
    <system-out><![CDATA[2023-06-02 05:16:09,179 [main] INFO  rpc.RpcClient (RpcClient.java:createVolume(459)) - Creating Volume: vol-a-22478, with runner as owner and space quota set to -1 bytes, counts quota set to -1
2023-06-02 05:16:09,180 [OMDoubleBufferFlushThread] INFO  db.RDBCheckpointManager (RDBCheckpointManager.java:createCheckpoint(89)) - Created checkpoint in rocksDB at /home/runner/work/ozone/ozone/hadoop-ozone/integration-test/target/test-dir/MiniOzoneClusterImpl-4e6c5432-da36-405d-b7f1-05871ead9573/ozone-meta/db.snapshots/checkpointState/om.db-5b445921-e8cd-4374-aae2-7beab6506bfc in 29 milliseconds
2023-06-02 05:16:09,182 [OM StateMachine ApplyTransaction Thread - 0] INFO  volume.OMVolumeCreateRequest (OMVolumeCreateRequest.java:validateAndUpdateCache(196)) - created volume:vol-a-22478 for user:runner
2023-06-02 05:16:09,182 [main] INFO  rpc.RpcClient (RpcClient.java:createVolume(459)) - Creating Volume: vol-b-75118, with runner as owner and space quota set to -1 bytes, counts quota set to -1
2023-06-02 05:16:09,185 [OM StateMachine ApplyTransaction Thread - 0] INFO  volume.OMVolumeCreateRequest (OMVolumeCreateRequest.java:validateAndUpdateCache(196)) - created volume:vol-b-75118 for user:runner
2023-06-02 05:16:09,187 [main] INFO  rpc.RpcClient (RpcClient.java:createBucket(686)) - Creating Bucket: vol-a-22478/buc-a-92231, with server-side default bucket layout, runner as owner, Versioning false, Storage Type set to DISK and Encryption set to false, Replication Type set to server-side default replication type, Namespace Quota set to -1, Space Quota set to -1 
2023-06-02 05:16:09,189 [OM StateMachine ApplyTransaction Thread - 0] INFO  bucket.OMBucketCreateRequest (OMBucketCreateRequest.java:validateAndUpdateCache(270)) - created bucket: buc-a-92231 of layout OBJECT_STORE in volume: vol-a-22478
2023-06-02 05:16:09,190 [OMDoubleBufferFlushThread] INFO  db.RDBCheckpointUtils (RDBCheckpointUtils.java:waitForCheckpointDirectoryExist(59)) - Waited for 10 milliseconds for checkpoint directory /home/runner/work/ozone/ozone/hadoop-ozone/integration-test/target/test-dir/MiniOzoneClusterImpl-4e6c5432-da36-405d-b7f1-05871ead9573/ozone-meta/db.snapshots/checkpointState/om.db-5b445921-e8cd-4374-aae2-7beab6506bfc availability.
2023-06-02 05:16:09,190 [main] INFO  rpc.RpcClient (RpcClient.java:createBucket(686)) - Creating Bucket: vol-a-22478/buc-b-65001, with server-side default bucket layout, runner as owner, Versioning false, Storage Type set to DISK and Encryption set to false, Replication Type set to server-side default replication type, Namespace Quota set to -1, Space Quota set to -1 
2023-06-02 05:16:09,191 [OMDoubleBufferFlushThread] INFO  om.OmSnapshotManager (OmSnapshotManager.java:createOmSnapshotCheckpoint(409)) - Created checkpoint : /home/runner/work/ozone/ozone/hadoop-ozone/integration-test/target/test-dir/MiniOzoneClusterImpl-4e6c5432-da36-405d-b7f1-05871ead9573/ozone-meta/db.snapshots/checkpointState/om.db-5b445921-e8cd-4374-aae2-7beab6506bfc for snapshot s20230602-051608.832
2023-06-02 05:16:09,191 [OMDoubleBufferFlushThread] WARN  rocksdiff.RocksDBCheckpointDiffer (RocksDBCheckpointDiffer.java:setCurrentCompactionLog(312)) - Compaction log exists: /home/runner/work/ozone/ozone/hadoop-ozone/integration-test/target/test-dir/MiniOzoneClusterImpl-4e6c5432-da36-405d-b7f1-05871ead9573/ozone-meta/db.snapshots/diffState/compaction-log/0000000000000001330.log. Will append
2023-06-02 05:16:09,193 [OM StateMachine ApplyTransaction Thread - 0] INFO  bucket.OMBucketCreateRequest (OMBucketCreateRequest.java:validateAndUpdateCache(270)) - created bucket: buc-b-65001 of layout OBJECT_STORE in volume: vol-a-22478
2023-06-02 05:16:09,194 [main] INFO  rpc.RpcClient (RpcClient.java:createBucket(686)) - Creating Bucket: vol-b-75118/buc-a-92231, with server-side default bucket layout, runner as owner, Versioning false, Storage Type set to DISK and Encryption set to false, Replication Type set to server-side default replication type, Namespace Quota set to -1, Space Quota set to -1 
2023-06-02 05:16:09,198 [OM StateMachine ApplyTransaction Thread - 0] INFO  bucket.OMBucketCreateRequest (OMBucketCreateRequest.java:validateAndUpdateCache(270)) - created bucket: buc-a-92231 of layout OBJECT_STORE in volume: vol-b-75118
2023-06-02 05:16:09,198 [main] INFO  rpc.RpcClient (RpcClient.java:createBucket(686)) - Creating Bucket: vol-b-75118/buc-b-65001, with server-side default bucket layout, runner as owner, Versioning false, Storage Type set to DISK and Encryption set to false, Replication Type set to server-side default replication type, Namespace Quota set to -1, Space Quota set to -1 
2023-06-02 05:16:09,201 [OM StateMachine ApplyTransaction Thread - 0] INFO  bucket.OMBucketCreateRequest (OMBucketCreateRequest.java:validateAndUpdateCache(270)) - created bucket: buc-b-65001 of layout OBJECT_STORE in volume: vol-b-75118
2023-06-02 05:16:09,222 [OMDoubleBufferFlushThread] INFO  db.RDBCheckpointManager (RDBCheckpointManager.java:createCheckpoint(89)) - Created checkpoint in rocksDB at /home/runner/work/ozone/ozone/hadoop-ozone/integration-test/target/test-dir/MiniOzoneClusterImpl-4e6c5432-da36-405d-b7f1-05871ead9573/ozone-meta/db.snapshots/checkpointState/om.db-181d3e5b-5559-436f-9795-b1f4d734e471 in 28 milliseconds
2023-06-02 05:16:09,231 [OMDoubleBufferFlushThread] INFO  db.RDBCheckpointUtils (RDBCheckpointUtils.java:waitForCheckpointDirectoryExist(59)) - Waited for 9 milliseconds for checkpoint directory /home/runner/work/ozone/ozone/hadoop-ozone/integration-test/target/test-dir/MiniOzoneClusterImpl-4e6c5432-da36-405d-b7f1-05871ead9573/ozone-meta/db.snapshots/checkpointState/om.db-181d3e5b-5559-436f-9795-b1f4d734e471 availability.
2023-06-02 05:16:09,231 [OMDoubleBufferFlushThread] INFO  om.OmSnapshotManager (OmSnapshotManager.java:createOmSnapshotCheckpoint(409)) - Created checkpoint : /home/runner/work/ozone/ozone/hadoop-ozone/integration-test/target/test-dir/MiniOzoneClusterImpl-4e6c5432-da36-405d-b7f1-05871ead9573/ozone-meta/db.snapshots/checkpointState/om.db-181d3e5b-5559-436f-9795-b1f4d734e471 for snapshot s20230602-051608.841
2023-06-02 05:16:09,231 [OMDoubleBufferFlushThread] WARN  rocksdiff.RocksDBCheckpointDiffer (RocksDBCheckpointDiffer.java:setCurrentCompactionLog(312)) - Compaction log exists: /home/runner/work/ozone/ozone/hadoop-ozone/integration-test/target/test-dir/MiniOzoneClusterImpl-4e6c5432-da36-405d-b7f1-05871ead9573/ozone-meta/db.snapshots/diffState/compaction-log/0000000000000001330.log. Will append
2023-06-02 05:16:09,241 [Thread-1523] INFO  rocksdiff.RocksDBCheckpointDiffer (RocksDBCheckpointDiffer.java:onCompactionCompleted(527)) - Skipped the compaction entry. Compaction input files: [/home/runner/work/ozone/ozone/hadoop-ozone/integration-test/target/test-dir/MiniOzoneClusterImpl-4e6c5432-da36-405d-b7f1-05871ead9573/ozone-meta/om.db/000082.sst] and output files: [/home/runner/work/ozone/ozone/hadoop-ozone/integration-test/target/test-dir/MiniOzoneClusterImpl-4e6c5432-da36-405d-b7f1-05871ead9573/ozone-meta/om.db/000082.sst] are same.
2023-06-02 05:16:09,261 [OMDoubleBufferFlushThread] INFO  db.RDBCheckpointManager (RDBCheckpointManager.java:createCheckpoint(89)) - Created checkpoint in rocksDB at /home/runner/work/ozone/ozone/hadoop-ozone/integration-test/target/test-dir/MiniOzoneClusterImpl-4e6c5432-da36-405d-b7f1-05871ead9573/ozone-meta/db.snapshots/checkpointState/om.db-5b9fd555-2505-401f-abfd-43d1be42490e in 28 milliseconds
2023-06-02 05:16:09,279 [OMDoubleBufferFlushThread] INFO  db.RDBCheckpointUtils (RDBCheckpointUtils.java:waitForCheckpointDirectoryExist(59)) - Waited for 17 milliseconds for checkpoint directory /home/runner/work/ozone/ozone/hadoop-ozone/integration-test/target/test-dir/MiniOzoneClusterImpl-4e6c5432-da36-405d-b7f1-05871ead9573/ozone-meta/db.snapshots/checkpointState/om.db-5b9fd555-2505-401f-abfd-43d1be42490e availability.
2023-06-02 05:16:09,280 [OMDoubleBufferFlushThread] INFO  om.OmSnapshotManager (OmSnapshotManager.java:createOmSnapshotCheckpoint(409)) - Created checkpoint : /home/runner/work/ozone/ozone/hadoop-ozone/integration-test/target/test-dir/MiniOzoneClusterImpl-4e6c5432-da36-405d-b7f1-05871ead9573/ozone-meta/db.snapshots/checkpointState/om.db-5b9fd555-2505-401f-abfd-43d1be42490e for snapshot s20230602-051608.855
2023-06-02 05:16:09,280 [OMDoubleBufferFlushThread] WARN  rocksdiff.RocksDBCheckpointDiffer (RocksDBCheckpointDiffer.java:setCurrentCompactionLog(312)) - Compaction log exists: /home/runner/work/ozone/ozone/hadoop-ozone/integration-test/target/test-dir/MiniOzoneClusterImpl-4e6c5432-da36-405d-b7f1-05871ead9573/ozone-meta/db.snapshots/diffState/compaction-log/0000000000000001330.log. Will append
2023-06-02 05:16:09,296 [Thread-1593] INFO  rocksdiff.RocksDBCheckpointDiffer (RocksDBCheckpointDiffer.java:onCompactionCompleted(527)) - Skipped the compaction entry. Compaction input files: [/home/runner/work/ozone/ozone/hadoop-ozone/integration-test/target/test-dir/MiniOzoneClusterImpl-4e6c5432-da36-405d-b7f1-05871ead9573/ozone-meta/om.db/000087.sst] and output files: [/home/runner/work/ozone/ozone/hadoop-ozone/integration-test/target/test-dir/MiniOzoneClusterImpl-4e6c5432-da36-405d-b7f1-05871ead9573/ozone-meta/om.db/000087.sst] are same.
2023-06-02 05:16:09,309 [Thread-1609] INFO  rocksdiff.RocksDBCheckpointDiffer (RocksDBCheckpointDiffer.java:onCompactionCompleted(527)) - Skipped the compaction entry. Compaction input files: [/home/runner/work/ozone/ozone/hadoop-ozone/integration-test/target/test-dir/MiniOzoneClusterImpl-4e6c5432-da36-405d-b7f1-05871ead9573/ozone-meta/om.db/000088.sst] and output files: [/home/runner/work/ozone/ozone/hadoop-ozone/integration-test/target/test-dir/MiniOzoneClusterImpl-4e6c5432-da36-405d-b7f1-05871ead9573/ozone-meta/om.db/000088.sst] are same.
2023-06-02 05:16:09,332 [OMDoubleBufferFlushThread] INFO  db.RDBCheckpointManager (RDBCheckpointManager.java:createCheckpoint(89)) - Created checkpoint in rocksDB at /home/runner/work/ozone/ozone/hadoop-ozone/integration-test/target/test-dir/MiniOzoneClusterImpl-4e6c5432-da36-405d-b7f1-05871ead9573/ozone-meta/db.snapshots/checkpointState/om.db-0d39c985-c643-4633-917d-24a17fa336e4 in 49 milliseconds
2023-06-02 05:16:09,333 [OMDoubleBufferFlushThread] INFO  db.RDBCheckpointUtils (RDBCheckpointUtils.java:waitForCheckpointDirectoryExist(59)) - Waited for 1 milliseconds for checkpoint directory /home/runner/work/ozone/ozone/hadoop-ozone/integration-test/target/test-dir/MiniOzoneClusterImpl-4e6c5432-da36-405d-b7f1-05871ead9573/ozone-meta/db.snapshots/checkpointState/om.db-0d39c985-c643-4633-917d-24a17fa336e4 availability.
2023-06-02 05:16:09,333 [OMDoubleBufferFlushThread] INFO  om.OmSnapshotManager (OmSnapshotManager.java:createOmSnapshotCheckpoint(409)) - Created checkpoint : /home/runner/work/ozone/ozone/hadoop-ozone/integration-test/target/test-dir/MiniOzoneClusterImpl-4e6c5432-da36-405d-b7f1-05871ead9573/ozone-meta/db.snapshots/checkpointState/om.db-0d39c985-c643-4633-917d-24a17fa336e4 for snapshot s20230602-051608.862
2023-06-02 05:16:09,334 [OMDoubleBufferFlushThread] WARN  rocksdiff.RocksDBCheckpointDiffer (RocksDBCheckpointDiffer.java:setCurrentCompactionLog(312)) - Compaction log exists: /home/runner/work/ozone/ozone/hadoop-ozone/integration-test/target/test-dir/MiniOzoneClusterImpl-4e6c5432-da36-405d-b7f1-05871ead9573/ozone-meta/db.snapshots/diffState/compaction-log/0000000000000001330.log. Will append
2023-06-02 05:16:09,348 [Thread-1673] INFO  rocksdiff.RocksDBCheckpointDiffer (RocksDBCheckpointDiffer.java:onCompactionCompleted(527)) - Skipped the compaction entry. Compaction input files: [/home/runner/work/ozone/ozone/hadoop-ozone/integration-test/target/test-dir/MiniOzoneClusterImpl-4e6c5432-da36-405d-b7f1-05871ead9573/ozone-meta/om.db/000092.sst] and output files: [/home/runner/work/ozone/ozone/hadoop-ozone/integration-test/target/test-dir/MiniOzoneClusterImpl-4e6c5432-da36-405d-b7f1-05871ead9573/ozone-meta/om.db/000092.sst] are same.
2023-06-02 05:16:09,361 [Thread-1695] INFO  rocksdiff.RocksDBCheckpointDiffer (RocksDBCheckpointDiffer.java:onCompactionCompleted(527)) - Skipped the compaction entry. Compaction input files: [/home/runner/work/ozone/ozone/hadoop-ozone/integration-test/target/test-dir/MiniOzoneClusterImpl-4e6c5432-da36-405d-b7f1-05871ead9573/ozone-meta/om.db/000093.sst] and output files: [/home/runner/work/ozone/ozone/hadoop-ozone/integration-test/target/test-dir/MiniOzoneClusterImpl-4e6c5432-da36-405d-b7f1-05871ead9573/ozone-meta/om.db/000093.sst] are same.
2023-06-02 05:16:09,370 [OMDoubleBufferFlushThread] INFO  db.RDBCheckpointManager (RDBCheckpointManager.java:createCheckpoint(89)) - Created checkpoint in rocksDB at /home/runner/work/ozone/ozone/hadoop-ozone/integration-test/target/test-dir/MiniOzoneClusterImpl-4e6c5432-da36-405d-b7f1-05871ead9573/ozone-meta/db.snapshots/checkpointState/om.db-4a28a7bc-8621-4d21-8e16-58f90c76a1d9 in 31 milliseconds
2023-06-02 05:16:09,384 [OMDoubleBufferFlushThread] INFO  db.RDBCheckpointUtils (RDBCheckpointUtils.java:waitForCheckpointDirectoryExist(59)) - Waited for 14 milliseconds for checkpoint directory /home/runner/work/ozone/ozone/hadoop-ozone/integration-test/target/test-dir/MiniOzoneClusterImpl-4e6c5432-da36-405d-b7f1-05871ead9573/ozone-meta/db.snapshots/checkpointState/om.db-4a28a7bc-8621-4d21-8e16-58f90c76a1d9 availability.
2023-06-02 05:16:09,384 [OMDoubleBufferFlushThread] INFO  om.OmSnapshotManager (OmSnapshotManager.java:createOmSnapshotCheckpoint(409)) - Created checkpoint : /home/runner/work/ozone/ozone/hadoop-ozone/integration-test/target/test-dir/MiniOzoneClusterImpl-4e6c5432-da36-405d-b7f1-05871ead9573/ozone-meta/db.snapshots/checkpointState/om.db-4a28a7bc-8621-4d21-8e16-58f90c76a1d9 for snapshot s20230602-051608.880
2023-06-02 05:16:09,385 [OMDoubleBufferFlushThread] WARN  rocksdiff.RocksDBCheckpointDiffer (RocksDBCheckpointDiffer.java:setCurrentCompactionLog(312)) - Compaction log exists: /home/runner/work/ozone/ozone/hadoop-ozone/integration-test/target/test-dir/MiniOzoneClusterImpl-4e6c5432-da36-405d-b7f1-05871ead9573/ozone-meta/db.snapshots/diffState/compaction-log/0000000000000001330.log. Will append
2023-06-02 05:16:09,397 [Thread-1735] INFO  rocksdiff.RocksDBCheckpointDiffer (RocksDBCheckpointDiffer.java:onCompactionCompleted(527)) - Skipped the compaction entry. Compaction input files: [/home/runner/work/ozone/ozone/hadoop-ozone/integration-test/target/test-dir/MiniOzoneClusterImpl-4e6c5432-da36-405d-b7f1-05871ead9573/ozone-meta/om.db/000097.sst] and output files: [/home/runner/work/ozone/ozone/hadoop-ozone/integration-test/target/test-dir/MiniOzoneClusterImpl-4e6c5432-da36-405d-b7f1-05871ead9573/ozone-meta/om.db/000097.sst] are same.
2023-06-02 05:16:09,403 [Thread-1751] INFO  rocksdiff.RocksDBCheckpointDiffer (RocksDBCheckpointDiffer.java:onCompactionCompleted(527)) - Skipped the compaction entry. Compaction input files: [/home/runner/work/ozone/ozone/hadoop-ozone/integration-test/target/test-dir/MiniOzoneClusterImpl-4e6c5432-da36-405d-b7f1-05871ead9573/ozone-meta/om.db/000098.sst] and output files: [/home/runner/work/ozone/ozone/hadoop-ozone/integration-test/target/test-dir/MiniOzoneClusterImpl-4e6c5432-da36-405d-b7f1-05871ead9573/ozone-meta/om.db/000098.sst] are same.
2023-06-02 05:16:09,415 [OMDoubleBufferFlushThread] INFO  db.RDBCheckpointManager (RDBCheckpointManager.java:createCheckpoint(89)) - Created checkpoint in rocksDB at /home/runner/work/ozone/ozone/hadoop-ozone/integration-test/target/test-dir/MiniOzoneClusterImpl-4e6c5432-da36-405d-b7f1-05871ead9573/ozone-meta/db.snapshots/checkpointState/om.db-0744cba4-0ca1-4a17-9374-0a19a2ae59b5 in 27 milliseconds
2023-06-02 05:16:09,418 [OMDoubleBufferFlushThread] INFO  db.RDBCheckpointUtils (RDBCheckpointUtils.java:waitForCheckpointDirectoryExist(59)) - Waited for 2 milliseconds for checkpoint directory /home/runner/work/ozone/ozone/hadoop-ozone/integration-test/target/test-dir/MiniOzoneClusterImpl-4e6c5432-da36-405d-b7f1-05871ead9573/ozone-meta/db.snapshots/checkpointState/om.db-0744cba4-0ca1-4a17-9374-0a19a2ae59b5 availability.
2023-06-02 05:16:09,418 [OMDoubleBufferFlushThread] INFO  om.OmSnapshotManager (OmSnapshotManager.java:createOmSnapshotCheckpoint(409)) - Created checkpoint : /home/runner/work/ozone/ozone/hadoop-ozone/integration-test/target/test-dir/MiniOzoneClusterImpl-4e6c5432-da36-405d-b7f1-05871ead9573/ozone-meta/db.snapshots/checkpointState/om.db-0744cba4-0ca1-4a17-9374-0a19a2ae59b5 for snapshot s20230602-051608.885
2023-06-02 05:16:09,419 [OMDoubleBufferFlushThread] WARN  rocksdiff.RocksDBCheckpointDiffer (RocksDBCheckpointDiffer.java:setCurrentCompactionLog(312)) - Compaction log exists: /home/runner/work/ozone/ozone/hadoop-ozone/integration-test/target/test-dir/MiniOzoneClusterImpl-4e6c5432-da36-405d-b7f1-05871ead9573/ozone-meta/db.snapshots/diffState/compaction-log/0000000000000001330.log. Will append
2023-06-02 05:16:09,431 [Thread-1791] INFO  rocksdiff.RocksDBCheckpointDiffer (RocksDBCheckpointDiffer.java:onCompactionCompleted(527)) - Skipped the compaction entry. Compaction input files: [/home/runner/work/ozone/ozone/hadoop-ozone/integration-test/target/test-dir/MiniOzoneClusterImpl-4e6c5432-da36-405d-b7f1-05871ead9573/ozone-meta/om.db/000103.sst] and output files: [/home/runner/work/ozone/ozone/hadoop-ozone/integration-test/target/test-dir/MiniOzoneClusterImpl-4e6c5432-da36-405d-b7f1-05871ead9573/ozone-meta/om.db/000103.sst] are same.
2023-06-02 05:16:09,442 [Thread-1806] INFO  rocksdiff.RocksDBCheckpointDiffer (RocksDBCheckpointDiffer.java:onCompactionCompleted(527)) - Skipped the compaction entry. Compaction input files: [/home/runner/work/ozone/ozone/hadoop-ozone/integration-test/target/test-dir/MiniOzoneClusterImpl-4e6c5432-da36-405d-b7f1-05871ead9573/ozone-meta/om.db/000104.sst] and output files: [/home/runner/work/ozone/ozone/hadoop-ozone/integration-test/target/test-dir/MiniOzoneClusterImpl-4e6c5432-da36-405d-b7f1-05871ead9573/ozone-meta/om.db/000104.sst] are same.
2023-06-02 05:16:09,458 [OMDoubleBufferFlushThread] INFO  db.RDBCheckpointManager (RDBCheckpointManager.java:createCheckpoint(89)) - Created checkpoint in rocksDB at /home/runner/work/ozone/ozone/hadoop-ozone/integration-test/target/test-dir/MiniOzoneClusterImpl-4e6c5432-da36-405d-b7f1-05871ead9573/ozone-meta/db.snapshots/checkpointState/om.db-eddd1a61-81b9-43c4-a6fd-4e9277f79dd4 in 37 milliseconds
2023-06-02 05:16:09,462 [OMDoubleBufferFlushThread] INFO  db.RDBCheckpointUtils (RDBCheckpointUtils.java:waitForCheckpointDirectoryExist(59)) - Waited for 4 milliseconds for checkpoint directory /home/runner/work/ozone/ozone/hadoop-ozone/integration-test/target/test-dir/MiniOzoneClusterImpl-4e6c5432-da36-405d-b7f1-05871ead9573/ozone-meta/db.snapshots/checkpointState/om.db-eddd1a61-81b9-43c4-a6fd-4e9277f79dd4 availability.
2023-06-02 05:16:09,463 [OMDoubleBufferFlushThread] INFO  om.OmSnapshotManager (OmSnapshotManager.java:createOmSnapshotCheckpoint(409)) - Created checkpoint : /home/runner/work/ozone/ozone/hadoop-ozone/integration-test/target/test-dir/MiniOzoneClusterImpl-4e6c5432-da36-405d-b7f1-05871ead9573/ozone-meta/db.snapshots/checkpointState/om.db-eddd1a61-81b9-43c4-a6fd-4e9277f79dd4 for snapshot s20230602-051608.893
2023-06-02 05:16:09,463 [OMDoubleBufferFlushThread] WARN  rocksdiff.RocksDBCheckpointDiffer (RocksDBCheckpointDiffer.java:setCurrentCompactionLog(312)) - Compaction log exists: /home/runner/work/ozone/ozone/hadoop-ozone/integration-test/target/test-dir/MiniOzoneClusterImpl-4e6c5432-da36-405d-b7f1-05871ead9573/ozone-meta/db.snapshots/diffState/compaction-log/0000000000000001330.log. Will append
2023-06-02 05:16:09,472 [Thread-1868] INFO  rocksdiff.RocksDBCheckpointDiffer (RocksDBCheckpointDiffer.java:onCompactionCompleted(527)) - Skipped the compaction entry. Compaction input files: [/home/runner/work/ozone/ozone/hadoop-ozone/integration-test/target/test-dir/MiniOzoneClusterImpl-4e6c5432-da36-405d-b7f1-05871ead9573/ozone-meta/om.db/000109.sst] and output files: [/home/runner/work/ozone/ozone/hadoop-ozone/integration-test/target/test-dir/MiniOzoneClusterImpl-4e6c5432-da36-405d-b7f1-05871ead9573/ozone-meta/om.db/000109.sst] are same.
2023-06-02 05:16:09,479 [Thread-1889] INFO  rocksdiff.RocksDBCheckpointDiffer (RocksDBCheckpointDiffer.java:onCompactionCompleted(527)) - Skipped the compaction entry. Compaction input files: [/home/runner/work/ozone/ozone/hadoop-ozone/integration-test/target/test-dir/MiniOzoneClusterImpl-4e6c5432-da36-405d-b7f1-05871ead9573/ozone-meta/om.db/000110.sst] and output files: [/home/runner/work/ozone/ozone/hadoop-ozone/integration-test/target/test-dir/MiniOzoneClusterImpl-4e6c5432-da36-405d-b7f1-05871ead9573/ozone-meta/om.db/000110.sst] are same.
2023-06-02 05:16:09,516 [OMDoubleBufferFlushThread] INFO  db.RDBCheckpointManager (RDBCheckpointManager.java:createCheckpoint(89)) - Created checkpoint in rocksDB at /home/runner/work/ozone/ozone/hadoop-ozone/integration-test/target/test-dir/MiniOzoneClusterImpl-4e6c5432-da36-405d-b7f1-05871ead9573/ozone-meta/db.snapshots/checkpointState/om.db-d5200785-b93a-4d28-9bfa-bdcf18ed84f1 in 51 milliseconds
2023-06-02 05:16:09,527 [OMDoubleBufferFlushThread] INFO  db.RDBCheckpointUtils (RDBCheckpointUtils.java:waitForCheckpointDirectoryExist(59)) - Waited for 11 milliseconds for checkpoint directory /home/runner/work/ozone/ozone/hadoop-ozone/integration-test/target/test-dir/MiniOzoneClusterImpl-4e6c5432-da36-405d-b7f1-05871ead9573/ozone-meta/db.snapshots/checkpointState/om.db-d5200785-b93a-4d28-9bfa-bdcf18ed84f1 availability.
2023-06-02 05:16:09,528 [OMDoubleBufferFlushThread] INFO  om.OmSnapshotManager (OmSnapshotManager.java:createOmSnapshotCheckpoint(409)) - Created checkpoint : /home/runner/work/ozone/ozone/hadoop-ozone/integration-test/target/test-dir/MiniOzoneClusterImpl-4e6c5432-da36-405d-b7f1-05871ead9573/ozone-meta/db.snapshots/checkpointState/om.db-d5200785-b93a-4d28-9bfa-bdcf18ed84f1 for snapshot s20230602-051608.898
2023-06-02 05:16:09,528 [OMDoubleBufferFlushThread] WARN  rocksdiff.RocksDBCheckpointDiffer (RocksDBCheckpointDiffer.java:setCurrentCompactionLog(312)) - Compaction log exists: /home/runner/work/ozone/ozone/hadoop-ozone/integration-test/target/test-dir/MiniOzoneClusterImpl-4e6c5432-da36-405d-b7f1-05871ead9573/ozone-meta/db.snapshots/diffState/compaction-log/0000000000000001330.log. Will append
2023-06-02 05:16:09,545 [Thread-1947] INFO  rocksdiff.RocksDBCheckpointDiffer (RocksDBCheckpointDiffer.java:onCompactionCompleted(527)) - Skipped the compaction entry. Compaction input files: [/home/runner/work/ozone/ozone/hadoop-ozone/integration-test/target/test-dir/MiniOzoneClusterImpl-4e6c5432-da36-405d-b7f1-05871ead9573/ozone-meta/om.db/000114.sst] and output files: [/home/runner/work/ozone/ozone/hadoop-ozone/integration-test/target/test-dir/MiniOzoneClusterImpl-4e6c5432-da36-405d-b7f1-05871ead9573/ozone-meta/om.db/000114.sst] are same.
2023-06-02 05:16:09,549 [Thread-1963] INFO  rocksdiff.RocksDBCheckpointDiffer (RocksDBCheckpointDiffer.java:onCompactionCompleted(527)) - Skipped the compaction entry. Compaction input files: [/home/runner/work/ozone/ozone/hadoop-ozone/integration-test/target/test-dir/MiniOzoneClusterImpl-4e6c5432-da36-405d-b7f1-05871ead9573/ozone-meta/om.db/000115.sst] and output files: [/home/runner/work/ozone/ozone/hadoop-ozone/integration-test/target/test-dir/MiniOzoneClusterImpl-4e6c5432-da36-405d-b7f1-05871ead9573/ozone-meta/om.db/000115.sst] are same.
2023-06-02 05:16:09,564 [OMDoubleBufferFlushThread] INFO  db.RDBCheckpointManager (RDBCheckpointManager.java:createCheckpoint(89)) - Created checkpoint in rocksDB at /home/runner/work/ozone/ozone/hadoop-ozone/integration-test/target/test-dir/MiniOzoneClusterImpl-4e6c5432-da36-405d-b7f1-05871ead9573/ozone-meta/db.snapshots/checkpointState/om.db-7237edd8-aa32-4f37-b5e9-ad607e87e415 in 31 milliseconds
2023-06-02 05:16:09,571 [OMDoubleBufferFlushThread] INFO  db.RDBCheckpointUtils (RDBCheckpointUtils.java:waitForCheckpointDirectoryExist(59)) - Waited for 6 milliseconds for checkpoint directory /home/runner/work/ozone/ozone/hadoop-ozone/integration-test/target/test-dir/MiniOzoneClusterImpl-4e6c5432-da36-405d-b7f1-05871ead9573/ozone-meta/db.snapshots/checkpointState/om.db-7237edd8-aa32-4f37-b5e9-ad607e87e415 availability.
2023-06-02 05:16:09,573 [OMDoubleBufferFlushThread] INFO  om.OmSnapshotManager (OmSnapshotManager.java:createOmSnapshotCheckpoint(409)) - Created checkpoint : /home/runner/work/ozone/ozone/hadoop-ozone/integration-test/target/test-dir/MiniOzoneClusterImpl-4e6c5432-da36-405d-b7f1-05871ead9573/ozone-meta/db.snapshots/checkpointState/om.db-7237edd8-aa32-4f37-b5e9-ad607e87e415 for snapshot s20230602-051608.903
2023-06-02 05:16:09,573 [OMDoubleBufferFlushThread] WARN  rocksdiff.RocksDBCheckpointDiffer (RocksDBCheckpointDiffer.java:setCurrentCompactionLog(312)) - Compaction log exists: /home/runner/work/ozone/ozone/hadoop-ozone/integration-test/target/test-dir/MiniOzoneClusterImpl-4e6c5432-da36-405d-b7f1-05871ead9573/ozone-meta/db.snapshots/diffState/compaction-log/0000000000000001330.log. Will append
2023-06-02 05:16:09,595 [Thread-2007] INFO  rocksdiff.RocksDBCheckpointDiffer (RocksDBCheckpointDiffer.java:onCompactionCompleted(527)) - Skipped the compaction entry. Compaction input files: [/home/runner/work/ozone/ozone/hadoop-ozone/integration-test/target/test-dir/MiniOzoneClusterImpl-4e6c5432-da36-405d-b7f1-05871ead9573/ozone-meta/om.db/000119.sst] and output files: [/home/runner/work/ozone/ozone/hadoop-ozone/integration-test/target/test-dir/MiniOzoneClusterImpl-4e6c5432-da36-405d-b7f1-05871ead9573/ozone-meta/om.db/000119.sst] are same.
2023-06-02 05:16:09,600 [Thread-2016] INFO  rocksdiff.RocksDBCheckpointDiffer (RocksDBCheckpointDiffer.java:onCompactionCompleted(527)) - Skipped the compaction entry. Compaction input files: [/home/runner/work/ozone/ozone/hadoop-ozone/integration-test/target/test-dir/MiniOzoneClusterImpl-4e6c5432-da36-405d-b7f1-05871ead9573/ozone-meta/om.db/000120.sst] and output files: [/home/runner/work/ozone/ozone/hadoop-ozone/integration-test/target/test-dir/MiniOzoneClusterImpl-4e6c5432-da36-405d-b7f1-05871ead9573/ozone-meta/om.db/000120.sst] are same.
2023-06-02 05:16:09,617 [OMDoubleBufferFlushThread] INFO  db.RDBCheckpointManager (RDBCheckpointManager.java:createCheckpoint(89)) - Created checkpoint in rocksDB at /home/runner/work/ozone/ozone/hadoop-ozone/integration-test/target/test-dir/MiniOzoneClusterImpl-4e6c5432-da36-405d-b7f1-05871ead9573/ozone-meta/db.snapshots/checkpointState/om.db-9c6dd65b-46d5-4b9a-a6f2-3fc5f8abab2b in 41 milliseconds
2023-06-02 05:16:09,621 [OMDoubleBufferFlushThread] INFO  db.RDBCheckpointUtils (RDBCheckpointUtils.java:waitForCheckpointDirectoryExist(59)) - Waited for 4 milliseconds for checkpoint directory /home/runner/work/ozone/ozone/hadoop-ozone/integration-test/target/test-dir/MiniOzoneClusterImpl-4e6c5432-da36-405d-b7f1-05871ead9573/ozone-meta/db.snapshots/checkpointState/om.db-9c6dd65b-46d5-4b9a-a6f2-3fc5f8abab2b availability.
2023-06-02 05:16:09,621 [OMDoubleBufferFlushThread] INFO  om.OmSnapshotManager (OmSnapshotManager.java:createOmSnapshotCheckpoint(409)) - Created checkpoint : /home/runner/work/ozone/ozone/hadoop-ozone/integration-test/target/test-dir/MiniOzoneClusterImpl-4e6c5432-da36-405d-b7f1-05871ead9573/ozone-meta/db.snapshots/checkpointState/om.db-9c6dd65b-46d5-4b9a-a6f2-3fc5f8abab2b for snapshot s20230602-051608.908
2023-06-02 05:16:09,623 [OMDoubleBufferFlushThread] WARN  rocksdiff.RocksDBCheckpointDiffer (RocksDBCheckpointDiffer.java:setCurrentCompactionLog(312)) - Compaction log exists: /home/runner/work/ozone/ozone/hadoop-ozone/integration-test/target/test-dir/MiniOzoneClusterImpl-4e6c5432-da36-405d-b7f1-05871ead9573/ozone-meta/db.snapshots/diffState/compaction-log/0000000000000001330.log. Will append
2023-06-02 05:16:09,634 [Thread-2059] INFO  rocksdiff.RocksDBCheckpointDiffer (RocksDBCheckpointDiffer.java:onCompactionCompleted(527)) - Skipped the compaction entry. Compaction input files: [/home/runner/work/ozone/ozone/hadoop-ozone/integration-test/target/test-dir/MiniOzoneClusterImpl-4e6c5432-da36-405d-b7f1-05871ead9573/ozone-meta/om.db/000125.sst] and output files: [/home/runner/work/ozone/ozone/hadoop-ozone/integration-test/target/test-dir/MiniOzoneClusterImpl-4e6c5432-da36-405d-b7f1-05871ead9573/ozone-meta/om.db/000125.sst] are same.
2023-06-02 05:16:09,643 [Thread-2071] INFO  rocksdiff.RocksDBCheckpointDiffer (RocksDBCheckpointDiffer.java:onCompactionCompleted(527)) - Skipped the compaction entry. Compaction input files: [/home/runner/work/ozone/ozone/hadoop-ozone/integration-test/target/test-dir/MiniOzoneClusterImpl-4e6c5432-da36-405d-b7f1-05871ead9573/ozone-meta/om.db/000126.sst] and output files: [/home/runner/work/ozone/ozone/hadoop-ozone/integration-test/target/test-dir/MiniOzoneClusterImpl-4e6c5432-da36-405d-b7f1-05871ead9573/ozone-meta/om.db/000126.sst] are same.
2023-06-02 05:16:09,661 [OMDoubleBufferFlushThread] INFO  db.RDBCheckpointManager (RDBCheckpointManager.java:createCheckpoint(89)) - Created checkpoint in rocksDB at /home/runner/work/ozone/ozone/hadoop-ozone/integration-test/target/test-dir/MiniOzoneClusterImpl-4e6c5432-da36-405d-b7f1-05871ead9573/ozone-meta/db.snapshots/checkpointState/om.db-cc16842a-4dfa-4871-a718-bfa2a275c425 in 36 milliseconds
2023-06-02 05:16:09,697 [OMDoubleBufferFlushThread] INFO  db.RDBCheckpointUtils (RDBCheckpointUtils.java:waitForCheckpointDirectoryExist(59)) - Waited for 2 milliseconds for checkpoint directory /home/runner/work/ozone/ozone/hadoop-ozone/integration-test/target/test-dir/MiniOzoneClusterImpl-4e6c5432-da36-405d-b7f1-05871ead9573/ozone-meta/db.snapshots/checkpointState/om.db-cc16842a-4dfa-4871-a718-bfa2a275c425 availability.
2023-06-02 05:16:09,698 [OMDoubleBufferFlushThread] INFO  om.OmSnapshotManager (OmSnapshotManager.java:createOmSnapshotCheckpoint(409)) - Created checkpoint : /home/runner/work/ozone/ozone/hadoop-ozone/integration-test/target/test-dir/MiniOzoneClusterImpl-4e6c5432-da36-405d-b7f1-05871ead9573/ozone-meta/db.snapshots/checkpointState/om.db-cc16842a-4dfa-4871-a718-bfa2a275c425 for snapshot s20230602-051608.913
2023-06-02 05:16:09,699 [OMDoubleBufferFlushThread] WARN  rocksdiff.RocksDBCheckpointDiffer (RocksDBCheckpointDiffer.java:setCurrentCompactionLog(312)) - Compaction log exists: /home/runner/work/ozone/ozone/hadoop-ozone/integration-test/target/test-dir/MiniOzoneClusterImpl-4e6c5432-da36-405d-b7f1-05871ead9573/ozone-meta/db.snapshots/diffState/compaction-log/0000000000000001330.log. Will append
2023-06-02 05:16:09,710 [Thread-2137] INFO  rocksdiff.RocksDBCheckpointDiffer (RocksDBCheckpointDiffer.java:onCompactionCompleted(527)) - Skipped the compaction entry. Compaction input files: [/home/runner/work/ozone/ozone/hadoop-ozone/integration-test/target/test-dir/MiniOzoneClusterImpl-4e6c5432-da36-405d-b7f1-05871ead9573/ozone-meta/om.db/000131.sst] and output files: [/home/runner/work/ozone/ozone/hadoop-ozone/integration-test/target/test-dir/MiniOzoneClusterImpl-4e6c5432-da36-405d-b7f1-05871ead9573/ozone-meta/om.db/000131.sst] are same.
2023-06-02 05:16:09,714 [Thread-2152] INFO  rocksdiff.RocksDBCheckpointDiffer (RocksDBCheckpointDiffer.java:onCompactionCompleted(527)) - Skipped the compaction entry. Compaction input files: [/home/runner/work/ozone/ozone/hadoop-ozone/integration-test/target/test-dir/MiniOzoneClusterImpl-4e6c5432-da36-405d-b7f1-05871ead9573/ozone-meta/om.db/000132.sst] and output files: [/home/runner/work/ozone/ozone/hadoop-ozone/integration-test/target/test-dir/MiniOzoneClusterImpl-4e6c5432-da36-405d-b7f1-05871ead9573/ozone-meta/om.db/000132.sst] are same.
2023-06-02 05:16:09,732 [OMDoubleBufferFlushThread] INFO  db.RDBCheckpointManager (RDBCheckpointManager.java:createCheckpoint(89)) - Created checkpoint in rocksDB at /home/runner/work/ozone/ozone/hadoop-ozone/integration-test/target/test-dir/MiniOzoneClusterImpl-4e6c5432-da36-405d-b7f1-05871ead9573/ozone-meta/db.snapshots/checkpointState/om.db-fd0b4cfe-30c1-4e0b-b54b-d418857837b4 in 30 milliseconds
2023-06-02 05:16:09,746 [OMDoubleBufferFlushThread] INFO  db.RDBCheckpointUtils (RDBCheckpointUtils.java:waitForCheckpointDirectoryExist(59)) - Waited for 14 milliseconds for checkpoint directory /home/runner/work/ozone/ozone/hadoop-ozone/integration-test/target/test-dir/MiniOzoneClusterImpl-4e6c5432-da36-405d-b7f1-05871ead9573/ozone-meta/db.snapshots/checkpointState/om.db-fd0b4cfe-30c1-4e0b-b54b-d418857837b4 availability.
2023-06-02 05:16:09,747 [OMDoubleBufferFlushThread] INFO  om.OmSnapshotManager (OmSnapshotManager.java:createOmSnapshotCheckpoint(409)) - Created checkpoint : /home/runner/work/ozone/ozone/hadoop-ozone/integration-test/target/test-dir/MiniOzoneClusterImpl-4e6c5432-da36-405d-b7f1-05871ead9573/ozone-meta/db.snapshots/checkpointState/om.db-fd0b4cfe-30c1-4e0b-b54b-d418857837b4 for snapshot s20230602-051608.918
2023-06-02 05:16:09,747 [OMDoubleBufferFlushThread] WARN  rocksdiff.RocksDBCheckpointDiffer (RocksDBCheckpointDiffer.java:setCurrentCompactionLog(312)) - Compaction log exists: /home/runner/work/ozone/ozone/hadoop-ozone/integration-test/target/test-dir/MiniOzoneClusterImpl-4e6c5432-da36-405d-b7f1-05871ead9573/ozone-meta/db.snapshots/diffState/compaction-log/0000000000000001330.log. Will append
2023-06-02 05:16:09,764 [Thread-2212] INFO  rocksdiff.RocksDBCheckpointDiffer (RocksDBCheckpointDiffer.java:onCompactionCompleted(527)) - Skipped the compaction entry. Compaction input files: [/home/runner/work/ozone/ozone/hadoop-ozone/integration-test/target/test-dir/MiniOzoneClusterImpl-4e6c5432-da36-405d-b7f1-05871ead9573/ozone-meta/om.db/000136.sst] and output files: [/home/runner/work/ozone/ozone/hadoop-ozone/integration-test/target/test-dir/MiniOzoneClusterImpl-4e6c5432-da36-405d-b7f1-05871ead9573/ozone-meta/om.db/000136.sst] are same.
2023-06-02 05:16:09,772 [Thread-2231] INFO  rocksdiff.RocksDBCheckpointDiffer (RocksDBCheckpointDiffer.java:onCompactionCompleted(527)) - Skipped the compaction entry. Compaction input files: [/home/runner/work/ozone/ozone/hadoop-ozone/integration-test/target/test-dir/MiniOzoneClusterImpl-4e6c5432-da36-405d-b7f1-05871ead9573/ozone-meta/om.db/000137.sst] and output files: [/home/runner/work/ozone/ozone/hadoop-ozone/integration-test/target/test-dir/MiniOzoneClusterImpl-4e6c5432-da36-405d-b7f1-05871ead9573/ozone-meta/om.db/000137.sst] are same.
2023-06-02 05:16:09,792 [OMDoubleBufferFlushThread] INFO  db.RDBCheckpointManager (RDBCheckpointManager.java:createCheckpoint(89)) - Created checkpoint in rocksDB at /home/runner/work/ozone/ozone/hadoop-ozone/integration-test/target/test-dir/MiniOzoneClusterImpl-4e6c5432-da36-405d-b7f1-05871ead9573/ozone-meta/db.snapshots/checkpointState/om.db-263053c4-a250-46b6-b3a3-321be049379f in 38 milliseconds
2023-06-02 05:16:09,793 [OMDoubleBufferFlushThread] INFO  db.RDBCheckpointUtils (RDBCheckpointUtils.java:waitForCheckpointDirectoryExist(59)) - Waited for 0 milliseconds for checkpoint directory /home/runner/work/ozone/ozone/hadoop-ozone/integration-test/target/test-dir/MiniOzoneClusterImpl-4e6c5432-da36-405d-b7f1-05871ead9573/ozone-meta/db.snapshots/checkpointState/om.db-263053c4-a250-46b6-b3a3-321be049379f availability.
2023-06-02 05:16:09,794 [OMDoubleBufferFlushThread] INFO  om.OmSnapshotManager (OmSnapshotManager.java:createOmSnapshotCheckpoint(409)) - Created checkpoint : /home/runner/work/ozone/ozone/hadoop-ozone/integration-test/target/test-dir/MiniOzoneClusterImpl-4e6c5432-da36-405d-b7f1-05871ead9573/ozone-meta/db.snapshots/checkpointState/om.db-263053c4-a250-46b6-b3a3-321be049379f for snapshot s20230602-051608.923
2023-06-02 05:16:09,794 [OMDoubleBufferFlushThread] WARN  rocksdiff.RocksDBCheckpointDiffer (RocksDBCheckpointDiffer.java:setCurrentCompactionLog(312)) - Compaction log exists: /home/runner/work/ozone/ozone/hadoop-ozone/integration-test/target/test-dir/MiniOzoneClusterImpl-4e6c5432-da36-405d-b7f1-05871ead9573/ozone-meta/db.snapshots/diffState/compaction-log/0000000000000001330.log. Will append
2023-06-02 05:16:09,812 [Thread-2272] INFO  rocksdiff.RocksDBCheckpointDiffer (RocksDBCheckpointDiffer.java:onCompactionCompleted(527)) - Skipped the compaction entry. Compaction input files: [/home/runner/work/ozone/ozone/hadoop-ozone/integration-test/target/test-dir/MiniOzoneClusterImpl-4e6c5432-da36-405d-b7f1-05871ead9573/ozone-meta/om.db/000141.sst] and output files: [/home/runner/work/ozone/ozone/hadoop-ozone/integration-test/target/test-dir/MiniOzoneClusterImpl-4e6c5432-da36-405d-b7f1-05871ead9573/ozone-meta/om.db/000141.sst] are same.
2023-06-02 05:16:09,817 [Thread-2287] INFO  rocksdiff.RocksDBCheckpointDiffer (RocksDBCheckpointDiffer.java:onCompactionCompleted(527)) - Skipped the compaction entry. Compaction input files: [/home/runner/work/ozone/ozone/hadoop-ozone/integration-test/target/test-dir/MiniOzoneClusterImpl-4e6c5432-da36-405d-b7f1-05871ead9573/ozone-meta/om.db/000142.sst] and output files: [/home/runner/work/ozone/ozone/hadoop-ozone/integration-test/target/test-dir/MiniOzoneClusterImpl-4e6c5432-da36-405d-b7f1-05871ead9573/ozone-meta/om.db/000142.sst] are same.
2023-06-02 05:16:09,839 [OMDoubleBufferFlushThread] INFO  db.RDBCheckpointManager (RDBCheckpointManager.java:createCheckpoint(89)) - Created checkpoint in rocksDB at /home/runner/work/ozone/ozone/hadoop-ozone/integration-test/target/test-dir/MiniOzoneClusterImpl-4e6c5432-da36-405d-b7f1-05871ead9573/ozone-meta/db.snapshots/checkpointState/om.db-94fe9851-6d44-4099-9c17-b4a5ff801cd4 in 43 milliseconds
2023-06-02 05:16:09,852 [OMDoubleBufferFlushThread] INFO  db.RDBCheckpointUtils (RDBCheckpointUtils.java:waitForCheckpointDirectoryExist(59)) - Waited for 13 milliseconds for checkpoint directory /home/runner/work/ozone/ozone/hadoop-ozone/integration-test/target/test-dir/MiniOzoneClusterImpl-4e6c5432-da36-405d-b7f1-05871ead9573/ozone-meta/db.snapshots/checkpointState/om.db-94fe9851-6d44-4099-9c17-b4a5ff801cd4 availability.
2023-06-02 05:16:09,853 [OMDoubleBufferFlushThread] INFO  om.OmSnapshotManager (OmSnapshotManager.java:createOmSnapshotCheckpoint(409)) - Created checkpoint : /home/runner/work/ozone/ozone/hadoop-ozone/integration-test/target/test-dir/MiniOzoneClusterImpl-4e6c5432-da36-405d-b7f1-05871ead9573/ozone-meta/db.snapshots/checkpointState/om.db-94fe9851-6d44-4099-9c17-b4a5ff801cd4 for snapshot s20230602-051608.928
2023-06-02 05:16:09,853 [OMDoubleBufferFlushThread] WARN  rocksdiff.RocksDBCheckpointDiffer (RocksDBCheckpointDiffer.java:setCurrentCompactionLog(312)) - Compaction log exists: /home/runner/work/ozone/ozone/hadoop-ozone/integration-test/target/test-dir/MiniOzoneClusterImpl-4e6c5432-da36-405d-b7f1-05871ead9573/ozone-meta/db.snapshots/diffState/compaction-log/0000000000000001330.log. Will append
2023-06-02 05:16:09,876 [Thread-2327] INFO  rocksdiff.RocksDBCheckpointDiffer (RocksDBCheckpointDiffer.java:onCompactionCompleted(527)) - Skipped the compaction entry. Compaction input files: [/home/runner/work/ozone/ozone/hadoop-ozone/integration-test/target/test-dir/MiniOzoneClusterImpl-4e6c5432-da36-405d-b7f1-05871ead9573/ozone-meta/om.db/000147.sst] and output files: [/home/runner/work/ozone/ozone/hadoop-ozone/integration-test/target/test-dir/MiniOzoneClusterImpl-4e6c5432-da36-405d-b7f1-05871ead9573/ozone-meta/om.db/000147.sst] are same.
2023-06-02 05:16:09,890 [Thread-2343] INFO  rocksdiff.RocksDBCheckpointDiffer (RocksDBCheckpointDiffer.java:onCompactionCompleted(527)) - Skipped the compaction entry. Compaction input files: [/home/runner/work/ozone/ozone/hadoop-ozone/integration-test/target/test-dir/MiniOzoneClusterImpl-4e6c5432-da36-405d-b7f1-05871ead9573/ozone-meta/om.db/000148.sst] and output files: [/home/runner/work/ozone/ozone/hadoop-ozone/integration-test/target/test-dir/MiniOzoneClusterImpl-4e6c5432-da36-405d-b7f1-05871ead9573/ozone-meta/om.db/000148.sst] are same.
2023-06-02 05:16:09,916 [OMDoubleBufferFlushThread] INFO  db.RDBCheckpointManager (RDBCheckpointManager.java:createCheckpoint(89)) - Created checkpoint in rocksDB at /home/runner/work/ozone/ozone/hadoop-ozone/integration-test/target/test-dir/MiniOzoneClusterImpl-4e6c5432-da36-405d-b7f1-05871ead9573/ozone-meta/db.snapshots/checkpointState/om.db-e31c8c1f-2397-41f5-82ac-712bb0680ffa in 57 milliseconds
2023-06-02 05:16:09,924 [OMDoubleBufferFlushThread] INFO  db.RDBCheckpointUtils (RDBCheckpointUtils.java:waitForCheckpointDirectoryExist(59)) - Waited for 8 milliseconds for checkpoint directory /home/runner/work/ozone/ozone/hadoop-ozone/integration-test/target/test-dir/MiniOzoneClusterImpl-4e6c5432-da36-405d-b7f1-05871ead9573/ozone-meta/db.snapshots/checkpointState/om.db-e31c8c1f-2397-41f5-82ac-712bb0680ffa availability.
2023-06-02 05:16:09,925 [OMDoubleBufferFlushThread] INFO  om.OmSnapshotManager (OmSnapshotManager.java:createOmSnapshotCheckpoint(409)) - Created checkpoint : /home/runner/work/ozone/ozone/hadoop-ozone/integration-test/target/test-dir/MiniOzoneClusterImpl-4e6c5432-da36-405d-b7f1-05871ead9573/ozone-meta/db.snapshots/checkpointState/om.db-e31c8c1f-2397-41f5-82ac-712bb0680ffa for snapshot s20230602-051608.934
2023-06-02 05:16:09,925 [OMDoubleBufferFlushThread] WARN  rocksdiff.RocksDBCheckpointDiffer (RocksDBCheckpointDiffer.java:setCurrentCompactionLog(312)) - Compaction log exists: /home/runner/work/ozone/ozone/hadoop-ozone/integration-test/target/test-dir/MiniOzoneClusterImpl-4e6c5432-da36-405d-b7f1-05871ead9573/ozone-meta/db.snapshots/diffState/compaction-log/0000000000000001330.log. Will append
2023-06-02 05:16:09,944 [Thread-2395] INFO  rocksdiff.RocksDBCheckpointDiffer (RocksDBCheckpointDiffer.java:onCompactionCompleted(527)) - Skipped the compaction entry. Compaction input files: [/home/runner/work/ozone/ozone/hadoop-ozone/integration-test/target/test-dir/MiniOzoneClusterImpl-4e6c5432-da36-405d-b7f1-05871ead9573/ozone-meta/om.db/000153.sst] and output files: [/home/runner/work/ozone/ozone/hadoop-ozone/integration-test/target/test-dir/MiniOzoneClusterImpl-4e6c5432-da36-405d-b7f1-05871ead9573/ozone-meta/om.db/000153.sst] are same.
2023-06-02 05:16:09,949 [Thread-2411] INFO  rocksdiff.RocksDBCheckpointDiffer (RocksDBCheckpointDiffer.java:onCompactionCompleted(527)) - Skipped the compaction entry. Compaction input files: [/home/runner/work/ozone/ozone/hadoop-ozone/integration-test/target/test-dir/MiniOzoneClusterImpl-4e6c5432-da36-405d-b7f1-05871ead9573/ozone-meta/om.db/000154.sst] and output files: [/home/runner/work/ozone/ozone/hadoop-ozone/integration-test/target/test-dir/MiniOzoneClusterImpl-4e6c5432-da36-405d-b7f1-05871ead9573/ozone-meta/om.db/000154.sst] are same.
2023-06-02 05:16:09,972 [OMDoubleBufferFlushThread] INFO  db.RDBCheckpointManager (RDBCheckpointManager.java:createCheckpoint(89)) - Created checkpoint in rocksDB at /home/runner/work/ozone/ozone/hadoop-ozone/integration-test/target/test-dir/MiniOzoneClusterImpl-4e6c5432-da36-405d-b7f1-05871ead9573/ozone-meta/db.snapshots/checkpointState/om.db-cdc9dac8-84e8-4d98-a638-f9deda38d312 in 45 milliseconds
2023-06-02 05:16:09,973 [OMDoubleBufferFlushThread] INFO  db.RDBCheckpointUtils (RDBCheckpointUtils.java:waitForCheckpointDirectoryExist(59)) - Waited for 1 milliseconds for checkpoint directory /home/runner/work/ozone/ozone/hadoop-ozone/integration-test/target/test-dir/MiniOzoneClusterImpl-4e6c5432-da36-405d-b7f1-05871ead9573/ozone-meta/db.snapshots/checkpointState/om.db-cdc9dac8-84e8-4d98-a638-f9deda38d312 availability.
2023-06-02 05:16:09,976 [OMDoubleBufferFlushThread] INFO  om.OmSnapshotManager (OmSnapshotManager.java:createOmSnapshotCheckpoint(409)) - Created checkpoint : /home/runner/work/ozone/ozone/hadoop-ozone/integration-test/target/test-dir/MiniOzoneClusterImpl-4e6c5432-da36-405d-b7f1-05871ead9573/ozone-meta/db.snapshots/checkpointState/om.db-cdc9dac8-84e8-4d98-a638-f9deda38d312 for snapshot s20230602-051608.938
2023-06-02 05:16:09,979 [OMDoubleBufferFlushThread] WARN  rocksdiff.RocksDBCheckpointDiffer (RocksDBCheckpointDiffer.java:setCurrentCompactionLog(312)) - Compaction log exists: /home/runner/work/ozone/ozone/hadoop-ozone/integration-test/target/test-dir/MiniOzoneClusterImpl-4e6c5432-da36-405d-b7f1-05871ead9573/ozone-meta/db.snapshots/diffState/compaction-log/0000000000000001330.log. Will append
2023-06-02 05:16:09,994 [Thread-2467] INFO  rocksdiff.RocksDBCheckpointDiffer (RocksDBCheckpointDiffer.java:onCompactionCompleted(527)) - Skipped the compaction entry. Compaction input files: [/home/runner/work/ozone/ozone/hadoop-ozone/integration-test/target/test-dir/MiniOzoneClusterImpl-4e6c5432-da36-405d-b7f1-05871ead9573/ozone-meta/om.db/000158.sst] and output files: [/home/runner/work/ozone/ozone/hadoop-ozone/integration-test/target/test-dir/MiniOzoneClusterImpl-4e6c5432-da36-405d-b7f1-05871ead9573/ozone-meta/om.db/000158.sst] are same.
2023-06-02 05:16:10,006 [Thread-2489] INFO  rocksdiff.RocksDBCheckpointDiffer (RocksDBCheckpointDiffer.java:onCompactionCompleted(527)) - Skipped the compaction entry. Compaction input files: [/home/runner/work/ozone/ozone/hadoop-ozone/integration-test/target/test-dir/MiniOzoneClusterImpl-4e6c5432-da36-405d-b7f1-05871ead9573/ozone-meta/om.db/000159.sst] and output files: [/home/runner/work/ozone/ozone/hadoop-ozone/integration-test/target/test-dir/MiniOzoneClusterImpl-4e6c5432-da36-405d-b7f1-05871ead9573/ozone-meta/om.db/000159.sst] are same.
2023-06-02 05:16:10,022 [OMDoubleBufferFlushThread] INFO  db.RDBCheckpointManager (RDBCheckpointManager.java:createCheckpoint(89)) - Created checkpoint in rocksDB at /home/runner/work/ozone/ozone/hadoop-ozone/integration-test/target/test-dir/MiniOzoneClusterImpl-4e6c5432-da36-405d-b7f1-05871ead9573/ozone-meta/db.snapshots/checkpointState/om.db-cdf35331-83f7-4a6f-a19a-993673baf24d in 36 milliseconds
2023-06-02 05:16:10,027 [OMDoubleBufferFlushThread] INFO  db.RDBCheckpointUtils (RDBCheckpointUtils.java:waitForCheckpointDirectoryExist(59)) - Waited for 5 milliseconds for checkpoint directory /home/runner/work/ozone/ozone/hadoop-ozone/integration-test/target/test-dir/MiniOzoneClusterImpl-4e6c5432-da36-405d-b7f1-05871ead9573/ozone-meta/db.snapshots/checkpointState/om.db-cdf35331-83f7-4a6f-a19a-993673baf24d availability.
2023-06-02 05:16:10,027 [OMDoubleBufferFlushThread] INFO  om.OmSnapshotManager (OmSnapshotManager.java:createOmSnapshotCheckpoint(409)) - Created checkpoint : /home/runner/work/ozone/ozone/hadoop-ozone/integration-test/target/test-dir/MiniOzoneClusterImpl-4e6c5432-da36-405d-b7f1-05871ead9573/ozone-meta/db.snapshots/checkpointState/om.db-cdf35331-83f7-4a6f-a19a-993673baf24d for snapshot s20230602-051608.950
2023-06-02 05:16:10,028 [OMDoubleBufferFlushThread] WARN  rocksdiff.RocksDBCheckpointDiffer (RocksDBCheckpointDiffer.java:setCurrentCompactionLog(312)) - Compaction log exists: /home/runner/work/ozone/ozone/hadoop-ozone/integration-test/target/test-dir/MiniOzoneClusterImpl-4e6c5432-da36-405d-b7f1-05871ead9573/ozone-meta/db.snapshots/diffState/compaction-log/0000000000000001330.log. Will append
2023-06-02 05:16:10,044 [Thread-2526] INFO  rocksdiff.RocksDBCheckpointDiffer (RocksDBCheckpointDiffer.java:onCompactionCompleted(527)) - Skipped the compaction entry. Compaction input files: [/home/runner/work/ozone/ozone/hadoop-ozone/integration-test/target/test-dir/MiniOzoneClusterImpl-4e6c5432-da36-405d-b7f1-05871ead9573/ozone-meta/om.db/000163.sst] and output files: [/home/runner/work/ozone/ozone/hadoop-ozone/integration-test/target/test-dir/MiniOzoneClusterImpl-4e6c5432-da36-405d-b7f1-05871ead9573/ozone-meta/om.db/000163.sst] are same.
2023-06-02 05:16:10,051 [Thread-2545] INFO  rocksdiff.RocksDBCheckpointDiffer (RocksDBCheckpointDiffer.java:onCompactionCompleted(527)) - Skipped the compaction entry. Compaction input files: [/home/runner/work/ozone/ozone/hadoop-ozone/integration-test/target/test-dir/MiniOzoneClusterImpl-4e6c5432-da36-405d-b7f1-05871ead9573/ozone-meta/om.db/000164.sst] and output files: [/home/runner/work/ozone/ozone/hadoop-ozone/integration-test/target/test-dir/MiniOzoneClusterImpl-4e6c5432-da36-405d-b7f1-05871ead9573/ozone-meta/om.db/000164.sst] are same.
2023-06-02 05:16:10,070 [OMDoubleBufferFlushThread] INFO  db.RDBCheckpointManager (RDBCheckpointManager.java:createCheckpoint(89)) - Created checkpoint in rocksDB at /home/runner/work/ozone/ozone/hadoop-ozone/integration-test/target/test-dir/MiniOzoneClusterImpl-4e6c5432-da36-405d-b7f1-05871ead9573/ozone-meta/db.snapshots/checkpointState/om.db-262b34c3-82d2-40ac-bf92-febadfa084b3 in 39 milliseconds
2023-06-02 05:16:10,078 [OMDoubleBufferFlushThread] INFO  db.RDBCheckpointUtils (RDBCheckpointUtils.java:waitForCheckpointDirectoryExist(59)) - Waited for 7 milliseconds for checkpoint directory /home/runner/work/ozone/ozone/hadoop-ozone/integration-test/target/test-dir/MiniOzoneClusterImpl-4e6c5432-da36-405d-b7f1-05871ead9573/ozone-meta/db.snapshots/checkpointState/om.db-262b34c3-82d2-40ac-bf92-febadfa084b3 availability.
2023-06-02 05:16:10,078 [OMDoubleBufferFlushThread] INFO  om.OmSnapshotManager (OmSnapshotManager.java:createOmSnapshotCheckpoint(409)) - Created checkpoint : /home/runner/work/ozone/ozone/hadoop-ozone/integration-test/target/test-dir/MiniOzoneClusterImpl-4e6c5432-da36-405d-b7f1-05871ead9573/ozone-meta/db.snapshots/checkpointState/om.db-262b34c3-82d2-40ac-bf92-febadfa084b3 for snapshot s20230602-051608.958
2023-06-02 05:16:10,079 [OMDoubleBufferFlushThread] WARN  rocksdiff.RocksDBCheckpointDiffer (RocksDBCheckpointDiffer.java:setCurrentCompactionLog(312)) - Compaction log exists: /home/runner/work/ozone/ozone/hadoop-ozone/integration-test/target/test-dir/MiniOzoneClusterImpl-4e6c5432-da36-405d-b7f1-05871ead9573/ozone-meta/db.snapshots/diffState/compaction-log/0000000000000001330.log. Will append
2023-06-02 05:16:10,090 [Thread-2585] INFO  rocksdiff.RocksDBCheckpointDiffer (RocksDBCheckpointDiffer.java:onCompactionCompleted(527)) - Skipped the compaction entry. Compaction input files: [/home/runner/work/ozone/ozone/hadoop-ozone/integration-test/target/test-dir/MiniOzoneClusterImpl-4e6c5432-da36-405d-b7f1-05871ead9573/ozone-meta/om.db/000169.sst] and output files: [/home/runner/work/ozone/ozone/hadoop-ozone/integration-test/target/test-dir/MiniOzoneClusterImpl-4e6c5432-da36-405d-b7f1-05871ead9573/ozone-meta/om.db/000169.sst] are same.
2023-06-02 05:16:10,100 [Thread-2601] INFO  rocksdiff.RocksDBCheckpointDiffer (RocksDBCheckpointDiffer.java:onCompactionCompleted(527)) - Skipped the compaction entry. Compaction input files: [/home/runner/work/ozone/ozone/hadoop-ozone/integration-test/target/test-dir/MiniOzoneClusterImpl-4e6c5432-da36-405d-b7f1-05871ead9573/ozone-meta/om.db/000170.sst] and output files: [/home/runner/work/ozone/ozone/hadoop-ozone/integration-test/target/test-dir/MiniOzoneClusterImpl-4e6c5432-da36-405d-b7f1-05871ead9573/ozone-meta/om.db/000170.sst] are same.
2023-06-02 05:16:10,126 [OMDoubleBufferFlushThread] INFO  db.RDBCheckpointManager (RDBCheckpointManager.java:createCheckpoint(89)) - Created checkpoint in rocksDB at /home/runner/work/ozone/ozone/hadoop-ozone/integration-test/target/test-dir/MiniOzoneClusterImpl-4e6c5432-da36-405d-b7f1-05871ead9573/ozone-meta/db.snapshots/checkpointState/om.db-d6af4c12-dc96-4416-85fb-3616580bf788 in 44 milliseconds
2023-06-02 05:16:10,129 [OMDoubleBufferFlushThread] INFO  db.RDBCheckpointUtils (RDBCheckpointUtils.java:waitForCheckpointDirectoryExist(59)) - Waited for 3 milliseconds for checkpoint directory /home/runner/work/ozone/ozone/hadoop-ozone/integration-test/target/test-dir/MiniOzoneClusterImpl-4e6c5432-da36-405d-b7f1-05871ead9573/ozone-meta/db.snapshots/checkpointState/om.db-d6af4c12-dc96-4416-85fb-3616580bf788 availability.
2023-06-02 05:16:10,129 [OMDoubleBufferFlushThread] INFO  om.OmSnapshotManager (OmSnapshotManager.java:createOmSnapshotCheckpoint(409)) - Created checkpoint : /home/runner/work/ozone/ozone/hadoop-ozone/integration-test/target/test-dir/MiniOzoneClusterImpl-4e6c5432-da36-405d-b7f1-05871ead9573/ozone-meta/db.snapshots/checkpointState/om.db-d6af4c12-dc96-4416-85fb-3616580bf788 for snapshot s20230602-051608.966
2023-06-02 05:16:10,130 [OMDoubleBufferFlushThread] WARN  rocksdiff.RocksDBCheckpointDiffer (RocksDBCheckpointDiffer.java:setCurrentCompactionLog(312)) - Compaction log exists: /home/runner/work/ozone/ozone/hadoop-ozone/integration-test/target/test-dir/MiniOzoneClusterImpl-4e6c5432-da36-405d-b7f1-05871ead9573/ozone-meta/db.snapshots/diffState/compaction-log/0000000000000001330.log. Will append
2023-06-02 05:16:10,174 [OMDoubleBufferFlushThread] INFO  db.RDBCheckpointManager (RDBCheckpointManager.java:createCheckpoint(89)) - Created checkpoint in rocksDB at /home/runner/work/ozone/ozone/hadoop-ozone/integration-test/target/test-dir/MiniOzoneClusterImpl-4e6c5432-da36-405d-b7f1-05871ead9573/ozone-meta/db.snapshots/checkpointState/om.db-10af50e5-1f62-4091-8f0d-324ffed3356e in 35 milliseconds
2023-06-02 05:16:10,175 [Thread-2733] INFO  rocksdiff.RocksDBCheckpointDiffer (RocksDBCheckpointDiffer.java:onCompactionCompleted(527)) - Skipped the compaction entry. Compaction input files: [/home/runner/work/ozone/ozone/hadoop-ozone/integration-test/target/test-dir/MiniOzoneClusterImpl-4e6c5432-da36-405d-b7f1-05871ead9573/ozone-meta/om.db/000176.sst, /home/runner/work/ozone/ozone/hadoop-ozone/integration-test/target/test-dir/MiniOzoneClusterImpl-4e6c5432-da36-405d-b7f1-05871ead9573/ozone-meta/om.db/000181.sst, /home/runner/work/ozone/ozone/hadoop-ozone/integration-test/target/test-dir/MiniOzoneClusterImpl-4e6c5432-da36-405d-b7f1-05871ead9573/ozone-meta/om.db/000186.sst, /home/runner/work/ozone/ozone/hadoop-ozone/integration-test/target/test-dir/MiniOzoneClusterImpl-4e6c5432-da36-405d-b7f1-05871ead9573/ozone-meta/om.db/000193.sst] and output files: [/home/runner/work/ozone/ozone/hadoop-ozone/integration-test/target/test-dir/MiniOzoneClusterImpl-4e6c5432-da36-405d-b7f1-05871ead9573/ozone-meta/om.db/000176.sst, /home/runner/work/ozone/ozone/hadoop-ozone/integration-test/target/test-dir/MiniOzoneClusterImpl-4e6c5432-da36-405d-b7f1-05871ead9573/ozone-meta/om.db/000181.sst, /home/runner/work/ozone/ozone/hadoop-ozone/integration-test/target/test-dir/MiniOzoneClusterImpl-4e6c5432-da36-405d-b7f1-05871ead9573/ozone-meta/om.db/000186.sst, /home/runner/work/ozone/ozone/hadoop-ozone/integration-test/target/test-dir/MiniOzoneClusterImpl-4e6c5432-da36-405d-b7f1-05871ead9573/ozone-meta/om.db/000193.sst] are same.
2023-06-02 05:16:10,181 [OMDoubleBufferFlushThread] INFO  db.RDBCheckpointUtils (RDBCheckpointUtils.java:waitForCheckpointDirectoryExist(59)) - Waited for 6 milliseconds for checkpoint directory /home/runner/work/ozone/ozone/hadoop-ozone/integration-test/target/test-dir/MiniOzoneClusterImpl-4e6c5432-da36-405d-b7f1-05871ead9573/ozone-meta/db.snapshots/checkpointState/om.db-10af50e5-1f62-4091-8f0d-324ffed3356e availability.
2023-06-02 05:16:10,182 [OMDoubleBufferFlushThread] INFO  om.OmSnapshotManager (OmSnapshotManager.java:createOmSnapshotCheckpoint(409)) - Created checkpoint : /home/runner/work/ozone/ozone/hadoop-ozone/integration-test/target/test-dir/MiniOzoneClusterImpl-4e6c5432-da36-405d-b7f1-05871ead9573/ozone-meta/db.snapshots/checkpointState/om.db-10af50e5-1f62-4091-8f0d-324ffed3356e for snapshot s20230602-051608.974
2023-06-02 05:16:10,182 [OMDoubleBufferFlushThread] WARN  rocksdiff.RocksDBCheckpointDiffer (RocksDBCheckpointDiffer.java:setCurrentCompactionLog(312)) - Compaction log exists: /home/runner/work/ozone/ozone/hadoop-ozone/integration-test/target/test-dir/MiniOzoneClusterImpl-4e6c5432-da36-405d-b7f1-05871ead9573/ozone-meta/db.snapshots/diffState/compaction-log/0000000000000001330.log. Will append
2023-06-02 05:16:10,218 [OMDoubleBufferFlushThread] INFO  db.RDBCheckpointManager (RDBCheckpointManager.java:createCheckpoint(89)) - Created checkpoint in rocksDB at /home/runner/work/ozone/ozone/hadoop-ozone/integration-test/target/test-dir/MiniOzoneClusterImpl-4e6c5432-da36-405d-b7f1-05871ead9573/ozone-meta/db.snapshots/checkpointState/om.db-dc62c8d4-10a5-46fd-a53d-dfe39e87e8f8 in 33 milliseconds
2023-06-02 05:16:10,229 [OMDoubleBufferFlushThread] INFO  db.RDBCheckpointUtils (RDBCheckpointUtils.java:waitForCheckpointDirectoryExist(59)) - Waited for 11 milliseconds for checkpoint directory /home/runner/work/ozone/ozone/hadoop-ozone/integration-test/target/test-dir/MiniOzoneClusterImpl-4e6c5432-da36-405d-b7f1-05871ead9573/ozone-meta/db.snapshots/checkpointState/om.db-dc62c8d4-10a5-46fd-a53d-dfe39e87e8f8 availability.
2023-06-02 05:16:10,230 [OMDoubleBufferFlushThread] INFO  om.OmSnapshotManager (OmSnapshotManager.java:createOmSnapshotCheckpoint(409)) - Created checkpoint : /home/runner/work/ozone/ozone/hadoop-ozone/integration-test/target/test-dir/MiniOzoneClusterImpl-4e6c5432-da36-405d-b7f1-05871ead9573/ozone-meta/db.snapshots/checkpointState/om.db-dc62c8d4-10a5-46fd-a53d-dfe39e87e8f8 for snapshot s20230602-051608.992
2023-06-02 05:16:10,260 [OMDoubleBufferFlushThread] INFO  db.RDBCheckpointManager (RDBCheckpointManager.java:createCheckpoint(89)) - Created checkpoint in rocksDB at /home/runner/work/ozone/ozone/hadoop-ozone/integration-test/target/test-dir/MiniOzoneClusterImpl-4e6c5432-da36-405d-b7f1-05871ead9573/ozone-meta/db.snapshots/checkpointState/om.db-9e45d1e1-89e5-4c40-8970-4326dd67d91a in 28 milliseconds
2023-06-02 05:16:10,265 [OMDoubleBufferFlushThread] INFO  db.RDBCheckpointUtils (RDBCheckpointUtils.java:waitForCheckpointDirectoryExist(59)) - Waited for 5 milliseconds for checkpoint directory /home/runner/work/ozone/ozone/hadoop-ozone/integration-test/target/test-dir/MiniOzoneClusterImpl-4e6c5432-da36-405d-b7f1-05871ead9573/ozone-meta/db.snapshots/checkpointState/om.db-9e45d1e1-89e5-4c40-8970-4326dd67d91a availability.
2023-06-02 05:16:10,266 [OMDoubleBufferFlushThread] INFO  om.OmSnapshotManager (OmSnapshotManager.java:createOmSnapshotCheckpoint(409)) - Created checkpoint : /home/runner/work/ozone/ozone/hadoop-ozone/integration-test/target/test-dir/MiniOzoneClusterImpl-4e6c5432-da36-405d-b7f1-05871ead9573/ozone-meta/db.snapshots/checkpointState/om.db-9e45d1e1-89e5-4c40-8970-4326dd67d91a for snapshot s20230602-051609.003
2023-06-02 05:16:10,267 [OMDoubleBufferFlushThread] WARN  rocksdiff.RocksDBCheckpointDiffer (RocksDBCheckpointDiffer.java:setCurrentCompactionLog(312)) - Compaction log exists: /home/runner/work/ozone/ozone/hadoop-ozone/integration-test/target/test-dir/MiniOzoneClusterImpl-4e6c5432-da36-405d-b7f1-05871ead9573/ozone-meta/db.snapshots/diffState/compaction-log/0000000000000001337.log. Will append
2023-06-02 05:16:10,319 [OMDoubleBufferFlushThread] INFO  db.RDBCheckpointManager (RDBCheckpointManager.java:createCheckpoint(89)) - Created checkpoint in rocksDB at /home/runner/work/ozone/ozone/hadoop-ozone/integration-test/target/test-dir/MiniOzoneClusterImpl-4e6c5432-da36-405d-b7f1-05871ead9573/ozone-meta/db.snapshots/checkpointState/om.db-71197635-5198-4719-90c7-340efdc894c3 in 42 milliseconds
2023-06-02 05:16:10,331 [OMDoubleBufferFlushThread] INFO  db.RDBCheckpointUtils (RDBCheckpointUtils.java:waitForCheckpointDirectoryExist(59)) - Waited for 11 milliseconds for checkpoint directory /home/runner/work/ozone/ozone/hadoop-ozone/integration-test/target/test-dir/MiniOzoneClusterImpl-4e6c5432-da36-405d-b7f1-05871ead9573/ozone-meta/db.snapshots/checkpointState/om.db-71197635-5198-4719-90c7-340efdc894c3 availability.
2023-06-02 05:16:10,331 [OMDoubleBufferFlushThread] INFO  om.OmSnapshotManager (OmSnapshotManager.java:createOmSnapshotCheckpoint(409)) - Created checkpoint : /home/runner/work/ozone/ozone/hadoop-ozone/integration-test/target/test-dir/MiniOzoneClusterImpl-4e6c5432-da36-405d-b7f1-05871ead9573/ozone-meta/db.snapshots/checkpointState/om.db-71197635-5198-4719-90c7-340efdc894c3 for snapshot s20230602-051609.015
2023-06-02 05:16:10,331 [OMDoubleBufferFlushThread] WARN  rocksdiff.RocksDBCheckpointDiffer (RocksDBCheckpointDiffer.java:setCurrentCompactionLog(312)) - Compaction log exists: /home/runner/work/ozone/ozone/hadoop-ozone/integration-test/target/test-dir/MiniOzoneClusterImpl-4e6c5432-da36-405d-b7f1-05871ead9573/ozone-meta/db.snapshots/diffState/compaction-log/0000000000000001337.log. Will append
2023-06-02 05:16:10,387 [Thread-2995] INFO  rocksdiff.RocksDBCheckpointDiffer (RocksDBCheckpointDiffer.java:onCompactionCompleted(527)) - Skipped the compaction entry. Compaction input files: [/home/runner/work/ozone/ozone/hadoop-ozone/integration-test/target/test-dir/MiniOzoneClusterImpl-4e6c5432-da36-405d-b7f1-05871ead9573/ozone-meta/om.db/000199.sst, /home/runner/work/ozone/ozone/hadoop-ozone/integration-test/target/test-dir/MiniOzoneClusterImpl-4e6c5432-da36-405d-b7f1-05871ead9573/ozone-meta/om.db/000204.sst, /home/runner/work/ozone/ozone/hadoop-ozone/integration-test/target/test-dir/MiniOzoneClusterImpl-4e6c5432-da36-405d-b7f1-05871ead9573/ozone-meta/om.db/000209.sst, /home/runner/work/ozone/ozone/hadoop-ozone/integration-test/target/test-dir/MiniOzoneClusterImpl-4e6c5432-da36-405d-b7f1-05871ead9573/ozone-meta/om.db/000216.sst] and output files: [/home/runner/work/ozone/ozone/hadoop-ozone/integration-test/target/test-dir/MiniOzoneClusterImpl-4e6c5432-da36-405d-b7f1-05871ead9573/ozone-meta/om.db/000199.sst, /home/runner/work/ozone/ozone/hadoop-ozone/integration-test/target/test-dir/MiniOzoneClusterImpl-4e6c5432-da36-405d-b7f1-05871ead9573/ozone-meta/om.db/000204.sst, /home/runner/work/ozone/ozone/hadoop-ozone/integration-test/target/test-dir/MiniOzoneClusterImpl-4e6c5432-da36-405d-b7f1-05871ead9573/ozone-meta/om.db/000209.sst, /home/runner/work/ozone/ozone/hadoop-ozone/integration-test/target/test-dir/MiniOzoneClusterImpl-4e6c5432-da36-405d-b7f1-05871ead9573/ozone-meta/om.db/000216.sst] are same.
2023-06-02 05:16:10,394 [OMDoubleBufferFlushThread] INFO  db.RDBCheckpointManager (RDBCheckpointManager.java:createCheckpoint(89)) - Created checkpoint in rocksDB at /home/runner/work/ozone/ozone/hadoop-ozone/integration-test/target/test-dir/MiniOzoneClusterImpl-4e6c5432-da36-405d-b7f1-05871ead9573/ozone-meta/db.snapshots/checkpointState/om.db-bf54fcde-1cdf-4224-945c-0240cb1d23c9 in 52 milliseconds
2023-06-02 05:16:10,400 [OMDoubleBufferFlushThread] INFO  db.RDBCheckpointUtils (RDBCheckpointUtils.java:waitForCheckpointDirectoryExist(59)) - Waited for 6 milliseconds for checkpoint directory /home/runner/work/ozone/ozone/hadoop-ozone/integration-test/target/test-dir/MiniOzoneClusterImpl-4e6c5432-da36-405d-b7f1-05871ead9573/ozone-meta/db.snapshots/checkpointState/om.db-bf54fcde-1cdf-4224-945c-0240cb1d23c9 availability.
2023-06-02 05:16:10,401 [OMDoubleBufferFlushThread] INFO  om.OmSnapshotManager (OmSnapshotManager.java:createOmSnapshotCheckpoint(409)) - Created checkpoint : /home/runner/work/ozone/ozone/hadoop-ozone/integration-test/target/test-dir/MiniOzoneClusterImpl-4e6c5432-da36-405d-b7f1-05871ead9573/ozone-meta/db.snapshots/checkpointState/om.db-bf54fcde-1cdf-4224-945c-0240cb1d23c9 for snapshot s20230602-051609.023
2023-06-02 05:16:10,401 [OMDoubleBufferFlushThread] WARN  rocksdiff.RocksDBCheckpointDiffer (RocksDBCheckpointDiffer.java:setCurrentCompactionLog(312)) - Compaction log exists: /home/runner/work/ozone/ozone/hadoop-ozone/integration-test/target/test-dir/MiniOzoneClusterImpl-4e6c5432-da36-405d-b7f1-05871ead9573/ozone-meta/db.snapshots/diffState/compaction-log/0000000000000001337.log. Will append
2023-06-02 05:16:10,437 [OMDoubleBufferFlushThread] INFO  db.RDBCheckpointManager (RDBCheckpointManager.java:createCheckpoint(89)) - Created checkpoint in rocksDB at /home/runner/work/ozone/ozone/hadoop-ozone/integration-test/target/test-dir/MiniOzoneClusterImpl-4e6c5432-da36-405d-b7f1-05871ead9573/ozone-meta/db.snapshots/checkpointState/om.db-b1011d42-47aa-4016-90f3-803b96c115f5 in 34 milliseconds
2023-06-02 05:16:10,438 [OMDoubleBufferFlushThread] INFO  db.RDBCheckpointUtils (RDBCheckpointUtils.java:waitForCheckpointDirectoryExist(59)) - Waited for 1 milliseconds for checkpoint directory /home/runner/work/ozone/ozone/hadoop-ozone/integration-test/target/test-dir/MiniOzoneClusterImpl-4e6c5432-da36-405d-b7f1-05871ead9573/ozone-meta/db.snapshots/checkpointState/om.db-b1011d42-47aa-4016-90f3-803b96c115f5 availability.
2023-06-02 05:16:10,439 [OMDoubleBufferFlushThread] INFO  om.OmSnapshotManager (OmSnapshotManager.java:createOmSnapshotCheckpoint(409)) - Created checkpoint : /home/runner/work/ozone/ozone/hadoop-ozone/integration-test/target/test-dir/MiniOzoneClusterImpl-4e6c5432-da36-405d-b7f1-05871ead9573/ozone-meta/db.snapshots/checkpointState/om.db-b1011d42-47aa-4016-90f3-803b96c115f5 for snapshot s20230602-051609.033
]]></system-out>
  </testcase>
  <testcase name="testListKeyOnEmptyBucket" classname="org.apache.hadoop.ozone.client.rpc.TestSecureOzoneRpcClient" time="0.011">
    <system-out><![CDATA[2023-06-02 05:16:11,099 [main] INFO  rpc.RpcClient (RpcClient.java:createVolume(459)) - Creating Volume: vol-44042, with runner as owner and space quota set to -1 bytes, counts quota set to -1
2023-06-02 05:16:11,101 [OM StateMachine ApplyTransaction Thread - 0] INFO  volume.OMVolumeCreateRequest (OMVolumeCreateRequest.java:validateAndUpdateCache(196)) - created volume:vol-44042 for user:runner
2023-06-02 05:16:11,103 [main] INFO  rpc.RpcClient (RpcClient.java:createBucket(686)) - Creating Bucket: vol-44042/buc-00760, with server-side default bucket layout, runner as owner, Versioning false, Storage Type set to DISK and Encryption set to false, Replication Type set to server-side default replication type, Namespace Quota set to -1, Space Quota set to -1 
2023-06-02 05:16:11,105 [OM StateMachine ApplyTransaction Thread - 0] INFO  bucket.OMBucketCreateRequest (OMBucketCreateRequest.java:validateAndUpdateCache(270)) - created bucket: buc-00760 of layout OBJECT_STORE in volume: vol-44042
]]></system-out>
  </testcase>
  <testcase name="testListMultipartUploadParts(ReplicationConfig)[1]" classname="org.apache.hadoop.ozone.client.rpc.TestSecureOzoneRpcClient" time="0.225">
    <system-out><![CDATA[2023-06-02 05:16:11,111 [main] INFO  rpc.RpcClient (RpcClient.java:createVolume(459)) - Creating Volume: 672a3388-cd65-41fd-a635-84092fb1cca7, with runner as owner and space quota set to -1 bytes, counts quota set to -1
2023-06-02 05:16:11,113 [OM StateMachine ApplyTransaction Thread - 0] INFO  volume.OMVolumeCreateRequest (OMVolumeCreateRequest.java:validateAndUpdateCache(196)) - created volume:672a3388-cd65-41fd-a635-84092fb1cca7 for user:runner
2023-06-02 05:16:11,115 [main] INFO  rpc.RpcClient (RpcClient.java:createBucket(686)) - Creating Bucket: 672a3388-cd65-41fd-a635-84092fb1cca7/8c375661-62f6-40a5-be06-6aa162f9a13d, with server-side default bucket layout, runner as owner, Versioning false, Storage Type set to DISK and Encryption set to false, Replication Type set to server-side default replication type, Namespace Quota set to -1, Space Quota set to -1 
2023-06-02 05:16:11,117 [OM StateMachine ApplyTransaction Thread - 0] INFO  bucket.OMBucketCreateRequest (OMBucketCreateRequest.java:validateAndUpdateCache(270)) - created bucket: 8c375661-62f6-40a5-be06-6aa162f9a13d of layout OBJECT_STORE in volume: 672a3388-cd65-41fd-a635-84092fb1cca7
2023-06-02 05:16:11,315 [OM StateMachine ApplyTransaction Thread - 0] INFO  db.TypedTable (TypedTable.java:increaseBufferSize(309)) - TypedTable-multipartInfoTable(String->OmMultipartKeyInfo): increaseBufferSize 4096 -> 8192
]]></system-out>
  </testcase>
  <testcase name="testListMultipartUploadParts(ReplicationConfig)[2]" classname="org.apache.hadoop.ozone.client.rpc.TestSecureOzoneRpcClient" time="0.862">
    <system-out><![CDATA[2023-06-02 05:16:11,337 [main] INFO  rpc.RpcClient (RpcClient.java:createVolume(459)) - Creating Volume: 754eba8c-a724-4e21-b4ce-179cf345681f, with runner as owner and space quota set to -1 bytes, counts quota set to -1
2023-06-02 05:16:11,343 [OM StateMachine ApplyTransaction Thread - 0] INFO  volume.OMVolumeCreateRequest (OMVolumeCreateRequest.java:validateAndUpdateCache(196)) - created volume:754eba8c-a724-4e21-b4ce-179cf345681f for user:runner
2023-06-02 05:16:11,345 [main] INFO  rpc.RpcClient (RpcClient.java:createBucket(686)) - Creating Bucket: 754eba8c-a724-4e21-b4ce-179cf345681f/a5d9289d-22ef-4350-9e5b-ce1fda741fdc, with server-side default bucket layout, runner as owner, Versioning false, Storage Type set to DISK and Encryption set to false, Replication Type set to server-side default replication type, Namespace Quota set to -1, Space Quota set to -1 
2023-06-02 05:16:11,347 [OM StateMachine ApplyTransaction Thread - 0] INFO  bucket.OMBucketCreateRequest (OMBucketCreateRequest.java:validateAndUpdateCache(270)) - created bucket: a5d9289d-22ef-4350-9e5b-ce1fda741fdc of layout OBJECT_STORE in volume: 754eba8c-a724-4e21-b4ce-179cf345681f
2023-06-02 05:16:12,187 [IPC Server handler 4 on default port 15004] INFO  db.TypedTable (TypedTable.java:increaseBufferSize(309)) - TypedTable-multipartInfoTable(String->OmMultipartKeyInfo): increaseBufferSize 8192 -> 16384
]]></system-out>
  </testcase>
  <testcase name="testListMultipartUploadParts(ReplicationConfig)[3]" classname="org.apache.hadoop.ozone.client.rpc.TestSecureOzoneRpcClient" time="0.364">
    <system-out><![CDATA[2023-06-02 05:16:12,199 [main] INFO  rpc.RpcClient (RpcClient.java:createVolume(459)) - Creating Volume: 6ca8d366-42ac-4eb2-a3ab-6c1a9240ca25, with runner as owner and space quota set to -1 bytes, counts quota set to -1
2023-06-02 05:16:12,203 [OM StateMachine ApplyTransaction Thread - 0] INFO  volume.OMVolumeCreateRequest (OMVolumeCreateRequest.java:validateAndUpdateCache(196)) - created volume:6ca8d366-42ac-4eb2-a3ab-6c1a9240ca25 for user:runner
2023-06-02 05:16:12,205 [main] INFO  rpc.RpcClient (RpcClient.java:createBucket(686)) - Creating Bucket: 6ca8d366-42ac-4eb2-a3ab-6c1a9240ca25/64610b76-8264-4b40-85d4-20f62c2d5f57, with server-side default bucket layout, runner as owner, Versioning false, Storage Type set to DISK and Encryption set to false, Replication Type set to server-side default replication type, Namespace Quota set to -1, Space Quota set to -1 
2023-06-02 05:16:12,207 [OM StateMachine ApplyTransaction Thread - 0] INFO  bucket.OMBucketCreateRequest (OMBucketCreateRequest.java:validateAndUpdateCache(270)) - created bucket: 64610b76-8264-4b40-85d4-20f62c2d5f57 of layout OBJECT_STORE in volume: 6ca8d366-42ac-4eb2-a3ab-6c1a9240ca25
]]></system-out>
  </testcase>
  <testcase name="testListMultipartUploadPartsWithContinuation(ReplicationConfig)[1]" classname="org.apache.hadoop.ozone.client.rpc.TestSecureOzoneRpcClient" time="0.83">
    <system-out><![CDATA[2023-06-02 05:16:12,568 [main] INFO  rpc.RpcClient (RpcClient.java:createVolume(459)) - Creating Volume: f43f0fd1-5753-473f-8d51-42edf588b51b, with runner as owner and space quota set to -1 bytes, counts quota set to -1
2023-06-02 05:16:12,570 [OM StateMachine ApplyTransaction Thread - 0] INFO  volume.OMVolumeCreateRequest (OMVolumeCreateRequest.java:validateAndUpdateCache(196)) - created volume:f43f0fd1-5753-473f-8d51-42edf588b51b for user:runner
2023-06-02 05:16:12,572 [main] INFO  rpc.RpcClient (RpcClient.java:createBucket(686)) - Creating Bucket: f43f0fd1-5753-473f-8d51-42edf588b51b/3489a19e-e0fc-47ce-b2d5-591d674cd2a2, with server-side default bucket layout, runner as owner, Versioning false, Storage Type set to DISK and Encryption set to false, Replication Type set to server-side default replication type, Namespace Quota set to -1, Space Quota set to -1 
2023-06-02 05:16:12,575 [OM StateMachine ApplyTransaction Thread - 0] INFO  bucket.OMBucketCreateRequest (OMBucketCreateRequest.java:validateAndUpdateCache(270)) - created bucket: 3489a19e-e0fc-47ce-b2d5-591d674cd2a2 of layout OBJECT_STORE in volume: f43f0fd1-5753-473f-8d51-42edf588b51b
]]></system-out>
  </testcase>
  <testcase name="testListMultipartUploadPartsWithContinuation(ReplicationConfig)[2]" classname="org.apache.hadoop.ozone.client.rpc.TestSecureOzoneRpcClient" time="0.771">
    <system-out><![CDATA[2023-06-02 05:16:13,398 [main] INFO  rpc.RpcClient (RpcClient.java:createVolume(459)) - Creating Volume: e6693eb6-fa86-446a-b96e-fced8162bce2, with runner as owner and space quota set to -1 bytes, counts quota set to -1
2023-06-02 05:16:13,401 [OM StateMachine ApplyTransaction Thread - 0] INFO  volume.OMVolumeCreateRequest (OMVolumeCreateRequest.java:validateAndUpdateCache(196)) - created volume:e6693eb6-fa86-446a-b96e-fced8162bce2 for user:runner
2023-06-02 05:16:13,402 [main] INFO  rpc.RpcClient (RpcClient.java:createBucket(686)) - Creating Bucket: e6693eb6-fa86-446a-b96e-fced8162bce2/0e1378c6-3214-497a-9028-ed465ef322ad, with server-side default bucket layout, runner as owner, Versioning false, Storage Type set to DISK and Encryption set to false, Replication Type set to server-side default replication type, Namespace Quota set to -1, Space Quota set to -1 
2023-06-02 05:16:13,404 [OM StateMachine ApplyTransaction Thread - 0] INFO  bucket.OMBucketCreateRequest (OMBucketCreateRequest.java:validateAndUpdateCache(270)) - created bucket: 0e1378c6-3214-497a-9028-ed465ef322ad of layout OBJECT_STORE in volume: e6693eb6-fa86-446a-b96e-fced8162bce2
]]></system-out>
  </testcase>
  <testcase name="testListMultipartUploadPartsWithContinuation(ReplicationConfig)[3]" classname="org.apache.hadoop.ozone.client.rpc.TestSecureOzoneRpcClient" time="0.34">
    <system-out><![CDATA[2023-06-02 05:16:14,170 [main] INFO  rpc.RpcClient (RpcClient.java:createVolume(459)) - Creating Volume: 2f732b6f-ac34-4505-94f8-44c1658baab7, with runner as owner and space quota set to -1 bytes, counts quota set to -1
2023-06-02 05:16:14,172 [OM StateMachine ApplyTransaction Thread - 0] INFO  volume.OMVolumeCreateRequest (OMVolumeCreateRequest.java:validateAndUpdateCache(196)) - created volume:2f732b6f-ac34-4505-94f8-44c1658baab7 for user:runner
2023-06-02 05:16:14,174 [main] INFO  rpc.RpcClient (RpcClient.java:createBucket(686)) - Creating Bucket: 2f732b6f-ac34-4505-94f8-44c1658baab7/77b2663c-6e37-4491-bdfe-66534385419f, with server-side default bucket layout, runner as owner, Versioning false, Storage Type set to DISK and Encryption set to false, Replication Type set to server-side default replication type, Namespace Quota set to -1, Space Quota set to -1 
2023-06-02 05:16:14,176 [OM StateMachine ApplyTransaction Thread - 0] INFO  bucket.OMBucketCreateRequest (OMBucketCreateRequest.java:validateAndUpdateCache(270)) - created bucket: 77b2663c-6e37-4491-bdfe-66534385419f of layout OBJECT_STORE in volume: 2f732b6f-ac34-4505-94f8-44c1658baab7
]]></system-out>
  </testcase>
  <testcase name="testListPartsInvalidMaxParts" classname="org.apache.hadoop.ozone.client.rpc.TestSecureOzoneRpcClient" time="0.007">
    <system-out><![CDATA[2023-06-02 05:16:14,510 [main] INFO  rpc.RpcClient (RpcClient.java:createVolume(459)) - Creating Volume: f88cfbc3-6459-4a36-882d-a9bc8a72b56b, with runner as owner and space quota set to -1 bytes, counts quota set to -1
2023-06-02 05:16:14,512 [OM StateMachine ApplyTransaction Thread - 0] INFO  volume.OMVolumeCreateRequest (OMVolumeCreateRequest.java:validateAndUpdateCache(196)) - created volume:f88cfbc3-6459-4a36-882d-a9bc8a72b56b for user:runner
2023-06-02 05:16:14,514 [main] INFO  rpc.RpcClient (RpcClient.java:createBucket(686)) - Creating Bucket: f88cfbc3-6459-4a36-882d-a9bc8a72b56b/f1c232bc-6d14-4d9a-8b05-4e6ad414e63b, with server-side default bucket layout, runner as owner, Versioning false, Storage Type set to DISK and Encryption set to false, Replication Type set to server-side default replication type, Namespace Quota set to -1, Space Quota set to -1 
2023-06-02 05:16:14,515 [OM StateMachine ApplyTransaction Thread - 0] INFO  bucket.OMBucketCreateRequest (OMBucketCreateRequest.java:validateAndUpdateCache(270)) - created bucket: f1c232bc-6d14-4d9a-8b05-4e6ad414e63b of layout OBJECT_STORE in volume: f88cfbc3-6459-4a36-882d-a9bc8a72b56b
]]></system-out>
  </testcase>
  <testcase name="testListPartsInvalidPartMarker" classname="org.apache.hadoop.ozone.client.rpc.TestSecureOzoneRpcClient" time="0.007">
    <system-out><![CDATA[2023-06-02 05:16:14,518 [main] INFO  rpc.RpcClient (RpcClient.java:createVolume(459)) - Creating Volume: 398f3638-02ca-4af0-9458-75786c7338be, with runner as owner and space quota set to -1 bytes, counts quota set to -1
2023-06-02 05:16:14,520 [OM StateMachine ApplyTransaction Thread - 0] INFO  volume.OMVolumeCreateRequest (OMVolumeCreateRequest.java:validateAndUpdateCache(196)) - created volume:398f3638-02ca-4af0-9458-75786c7338be for user:runner
2023-06-02 05:16:14,521 [main] INFO  rpc.RpcClient (RpcClient.java:createBucket(686)) - Creating Bucket: 398f3638-02ca-4af0-9458-75786c7338be/5188d1f4-5f4d-4b08-82d5-6a843fb86f02, with server-side default bucket layout, runner as owner, Versioning false, Storage Type set to DISK and Encryption set to false, Replication Type set to server-side default replication type, Namespace Quota set to -1, Space Quota set to -1 
2023-06-02 05:16:14,523 [OM StateMachine ApplyTransaction Thread - 0] INFO  bucket.OMBucketCreateRequest (OMBucketCreateRequest.java:validateAndUpdateCache(270)) - created bucket: 5188d1f4-5f4d-4b08-82d5-6a843fb86f02 of layout OBJECT_STORE in volume: 398f3638-02ca-4af0-9458-75786c7338be
]]></system-out>
  </testcase>
  <testcase name="testListPartsWithInvalidUploadID" classname="org.apache.hadoop.ozone.client.rpc.TestSecureOzoneRpcClient" time="0.008">
    <system-out><![CDATA[2023-06-02 05:16:14,526 [main] INFO  rpc.RpcClient (RpcClient.java:createVolume(459)) - Creating Volume: 5158a778-2e2f-471d-9b0d-0b2a0cfb16d0, with runner as owner and space quota set to -1 bytes, counts quota set to -1
2023-06-02 05:16:14,528 [OM StateMachine ApplyTransaction Thread - 0] INFO  volume.OMVolumeCreateRequest (OMVolumeCreateRequest.java:validateAndUpdateCache(196)) - created volume:5158a778-2e2f-471d-9b0d-0b2a0cfb16d0 for user:runner
2023-06-02 05:16:14,530 [main] INFO  rpc.RpcClient (RpcClient.java:createBucket(686)) - Creating Bucket: 5158a778-2e2f-471d-9b0d-0b2a0cfb16d0/114e5ec2-58f4-4978-befb-66a8c2bda04c, with server-side default bucket layout, runner as owner, Versioning false, Storage Type set to DISK and Encryption set to false, Replication Type set to server-side default replication type, Namespace Quota set to -1, Space Quota set to -1 
2023-06-02 05:16:14,531 [OM StateMachine ApplyTransaction Thread - 0] INFO  bucket.OMBucketCreateRequest (OMBucketCreateRequest.java:validateAndUpdateCache(270)) - created bucket: 114e5ec2-58f4-4978-befb-66a8c2bda04c of layout OBJECT_STORE in volume: 5158a778-2e2f-471d-9b0d-0b2a0cfb16d0
05:16:14.533 [IPC Server handler 12 on default port 15004] ERROR OMAudit - user=runner | ip=127.0.0.1 | op=LIST_MULTIPART_UPLOAD_PARTS {volume=5158a778-2e2f-471d-9b0d-0b2a0cfb16d0, bucket=114e5ec2-58f4-4978-befb-66a8c2bda04c, key=5ac2d64d-372a-4d86-8827-f52adc23c899, uploadID=random, partNumberMarker=100, maxParts=2} | ret=FAILURE
org.apache.hadoop.ozone.om.exceptions.OMException: No Such Multipart upload exists for this key.
	at org.apache.hadoop.ozone.om.KeyManagerImpl.listParts(KeyManagerImpl.java:733) ~[ozone-manager-1.4.0-SNAPSHOT.jar:?]
	at org.apache.hadoop.ozone.om.OzoneManager.listParts(OzoneManager.java:3500) ~[ozone-manager-1.4.0-SNAPSHOT.jar:?]
	at org.apache.hadoop.ozone.protocolPB.OzoneManagerRequestHandler.listParts(OzoneManagerRequestHandler.java:848) ~[ozone-manager-1.4.0-SNAPSHOT.jar:?]
	at org.apache.hadoop.ozone.protocolPB.OzoneManagerRequestHandler.handleReadRequest(OzoneManagerRequestHandler.java:215) ~[ozone-manager-1.4.0-SNAPSHOT.jar:?]
	at org.apache.hadoop.ozone.protocolPB.OzoneManagerProtocolServerSideTranslatorPB.submitReadRequestToOM(OzoneManagerProtocolServerSideTranslatorPB.java:223) ~[ozone-manager-1.4.0-SNAPSHOT.jar:?]
	at org.apache.hadoop.ozone.protocolPB.OzoneManagerProtocolServerSideTranslatorPB.processRequest(OzoneManagerProtocolServerSideTranslatorPB.java:177) ~[ozone-manager-1.4.0-SNAPSHOT.jar:?]
	at org.apache.hadoop.hdds.server.OzoneProtocolMessageDispatcher.processRequest(OzoneProtocolMessageDispatcher.java:87) [hdds-server-framework-1.4.0-SNAPSHOT.jar:?]
	at org.apache.hadoop.ozone.protocolPB.OzoneManagerProtocolServerSideTranslatorPB.submitRequest(OzoneManagerProtocolServerSideTranslatorPB.java:147) [ozone-manager-1.4.0-SNAPSHOT.jar:?]
	at org.apache.hadoop.ozone.protocol.proto.OzoneManagerProtocolProtos$OzoneManagerService$2.callBlockingMethod(OzoneManagerProtocolProtos.java) [ozone-interface-client-1.4.0-SNAPSHOT.jar:?]
	at org.apache.hadoop.ipc.ProtobufRpcEngine$Server.processCall(ProtobufRpcEngine.java:484) [hadoop-common-3.3.5.jar:?]
	at org.apache.hadoop.ipc.ProtobufRpcEngine2$Server$ProtoBufRpcInvoker.call(ProtobufRpcEngine2.java:595) [hadoop-common-3.3.5.jar:?]
	at org.apache.hadoop.ipc.ProtobufRpcEngine2$Server$ProtoBufRpcInvoker.call(ProtobufRpcEngine2.java:573) [hadoop-common-3.3.5.jar:?]
	at org.apache.hadoop.ipc.RPC$Server.call(RPC.java:1213) [hadoop-common-3.3.5.jar:?]
	at org.apache.hadoop.ipc.Server$RpcCall.run(Server.java:1089) [hadoop-common-3.3.5.jar:?]
	at org.apache.hadoop.ipc.Server$RpcCall.run(Server.java:1012) [hadoop-common-3.3.5.jar:?]
	at java.security.AccessController.doPrivileged(Native Method) ~[?:1.8.0_372]
	at javax.security.auth.Subject.doAs(Subject.java:422) [?:1.8.0_372]
	at org.apache.hadoop.security.UserGroupInformation.doAs(UserGroupInformation.java:1899) [hadoop-common-3.3.5.jar:?]
	at org.apache.hadoop.ipc.Server$Handler.run(Server.java:3026) [hadoop-common-3.3.5.jar:?]
]]></system-out>
  </testcase>
  <testcase name="testListPartsWithPartMarkerGreaterThanPartCount" classname="org.apache.hadoop.ozone.client.rpc.TestSecureOzoneRpcClient" time="0.07">
    <system-out><![CDATA[2023-06-02 05:16:14,535 [main] INFO  rpc.RpcClient (RpcClient.java:createVolume(459)) - Creating Volume: 90a14190-c77f-4b85-bb9b-c27ae4a6d79e, with runner as owner and space quota set to -1 bytes, counts quota set to -1
2023-06-02 05:16:14,537 [OM StateMachine ApplyTransaction Thread - 0] INFO  volume.OMVolumeCreateRequest (OMVolumeCreateRequest.java:validateAndUpdateCache(196)) - created volume:90a14190-c77f-4b85-bb9b-c27ae4a6d79e for user:runner
2023-06-02 05:16:14,539 [main] INFO  rpc.RpcClient (RpcClient.java:createBucket(686)) - Creating Bucket: 90a14190-c77f-4b85-bb9b-c27ae4a6d79e/ca347cc9-29de-45dc-9e60-732602192f13, with server-side default bucket layout, runner as owner, Versioning false, Storage Type set to DISK and Encryption set to false, Replication Type set to server-side default replication type, Namespace Quota set to -1, Space Quota set to -1 
2023-06-02 05:16:14,541 [OM StateMachine ApplyTransaction Thread - 0] INFO  bucket.OMBucketCreateRequest (OMBucketCreateRequest.java:validateAndUpdateCache(270)) - created bucket: ca347cc9-29de-45dc-9e60-732602192f13 of layout OBJECT_STORE in volume: 90a14190-c77f-4b85-bb9b-c27ae4a6d79e
]]></system-out>
  </testcase>
  <testcase name="testListVolume" classname="org.apache.hadoop.ozone.client.rpc.TestSecureOzoneRpcClient" time="0.068">
    <system-out><![CDATA[2023-06-02 05:16:14,607 [main] INFO  rpc.RpcClient (RpcClient.java:createVolume(459)) - Creating Volume: vol-list-a-0-67652, with runner as owner and space quota set to -1 bytes, counts quota set to -1
2023-06-02 05:16:14,609 [OM StateMachine ApplyTransaction Thread - 0] INFO  volume.OMVolumeCreateRequest (OMVolumeCreateRequest.java:validateAndUpdateCache(196)) - created volume:vol-list-a-0-67652 for user:runner
2023-06-02 05:16:14,609 [main] INFO  rpc.RpcClient (RpcClient.java:createVolume(459)) - Creating Volume: vol-list-a-1-30547, with runner as owner and space quota set to -1 bytes, counts quota set to -1
2023-06-02 05:16:14,611 [OM StateMachine ApplyTransaction Thread - 0] INFO  volume.OMVolumeCreateRequest (OMVolumeCreateRequest.java:validateAndUpdateCache(196)) - created volume:vol-list-a-1-30547 for user:runner
2023-06-02 05:16:14,612 [main] INFO  rpc.RpcClient (RpcClient.java:createVolume(459)) - Creating Volume: vol-list-a-2-81909, with runner as owner and space quota set to -1 bytes, counts quota set to -1
2023-06-02 05:16:14,614 [OM StateMachine ApplyTransaction Thread - 0] INFO  volume.OMVolumeCreateRequest (OMVolumeCreateRequest.java:validateAndUpdateCache(196)) - created volume:vol-list-a-2-81909 for user:runner
2023-06-02 05:16:14,614 [main] INFO  rpc.RpcClient (RpcClient.java:createVolume(459)) - Creating Volume: vol-list-a-3-59402, with runner as owner and space quota set to -1 bytes, counts quota set to -1
2023-06-02 05:16:14,616 [OM StateMachine ApplyTransaction Thread - 0] INFO  volume.OMVolumeCreateRequest (OMVolumeCreateRequest.java:validateAndUpdateCache(196)) - created volume:vol-list-a-3-59402 for user:runner
2023-06-02 05:16:14,617 [main] INFO  rpc.RpcClient (RpcClient.java:createVolume(459)) - Creating Volume: vol-list-a-4-58189, with runner as owner and space quota set to -1 bytes, counts quota set to -1
2023-06-02 05:16:14,619 [OM StateMachine ApplyTransaction Thread - 0] INFO  volume.OMVolumeCreateRequest (OMVolumeCreateRequest.java:validateAndUpdateCache(196)) - created volume:vol-list-a-4-58189 for user:runner
2023-06-02 05:16:14,619 [main] INFO  rpc.RpcClient (RpcClient.java:createVolume(459)) - Creating Volume: vol-list-a-5-63522, with runner as owner and space quota set to -1 bytes, counts quota set to -1
2023-06-02 05:16:14,621 [OM StateMachine ApplyTransaction Thread - 0] INFO  volume.OMVolumeCreateRequest (OMVolumeCreateRequest.java:validateAndUpdateCache(196)) - created volume:vol-list-a-5-63522 for user:runner
2023-06-02 05:16:14,622 [main] INFO  rpc.RpcClient (RpcClient.java:createVolume(459)) - Creating Volume: vol-list-a-6-92252, with runner as owner and space quota set to -1 bytes, counts quota set to -1
2023-06-02 05:16:14,624 [OM StateMachine ApplyTransaction Thread - 0] INFO  volume.OMVolumeCreateRequest (OMVolumeCreateRequest.java:validateAndUpdateCache(196)) - created volume:vol-list-a-6-92252 for user:runner
2023-06-02 05:16:14,624 [main] INFO  rpc.RpcClient (RpcClient.java:createVolume(459)) - Creating Volume: vol-list-a-7-47797, with runner as owner and space quota set to -1 bytes, counts quota set to -1
2023-06-02 05:16:14,626 [OM StateMachine ApplyTransaction Thread - 0] INFO  volume.OMVolumeCreateRequest (OMVolumeCreateRequest.java:validateAndUpdateCache(196)) - created volume:vol-list-a-7-47797 for user:runner
2023-06-02 05:16:14,627 [main] INFO  rpc.RpcClient (RpcClient.java:createVolume(459)) - Creating Volume: vol-list-a-8-69483, with runner as owner and space quota set to -1 bytes, counts quota set to -1
2023-06-02 05:16:14,629 [OM StateMachine ApplyTransaction Thread - 0] INFO  volume.OMVolumeCreateRequest (OMVolumeCreateRequest.java:validateAndUpdateCache(196)) - created volume:vol-list-a-8-69483 for user:runner
2023-06-02 05:16:14,630 [main] INFO  rpc.RpcClient (RpcClient.java:createVolume(459)) - Creating Volume: vol-list-a-9-80778, with runner as owner and space quota set to -1 bytes, counts quota set to -1
2023-06-02 05:16:14,631 [OM StateMachine ApplyTransaction Thread - 0] INFO  volume.OMVolumeCreateRequest (OMVolumeCreateRequest.java:validateAndUpdateCache(196)) - created volume:vol-list-a-9-80778 for user:runner
2023-06-02 05:16:14,632 [main] INFO  rpc.RpcClient (RpcClient.java:createVolume(459)) - Creating Volume: vol-list-b-0-29346, with runner as owner and space quota set to -1 bytes, counts quota set to -1
2023-06-02 05:16:14,634 [OM StateMachine ApplyTransaction Thread - 0] INFO  volume.OMVolumeCreateRequest (OMVolumeCreateRequest.java:validateAndUpdateCache(196)) - created volume:vol-list-b-0-29346 for user:runner
2023-06-02 05:16:14,635 [main] INFO  rpc.RpcClient (RpcClient.java:createVolume(459)) - Creating Volume: vol-list-b-1-48341, with runner as owner and space quota set to -1 bytes, counts quota set to -1
2023-06-02 05:16:14,637 [OM StateMachine ApplyTransaction Thread - 0] INFO  volume.OMVolumeCreateRequest (OMVolumeCreateRequest.java:validateAndUpdateCache(196)) - created volume:vol-list-b-1-48341 for user:runner
2023-06-02 05:16:14,638 [main] INFO  rpc.RpcClient (RpcClient.java:createVolume(459)) - Creating Volume: vol-list-b-2-62985, with runner as owner and space quota set to -1 bytes, counts quota set to -1
2023-06-02 05:16:14,640 [OM StateMachine ApplyTransaction Thread - 0] INFO  volume.OMVolumeCreateRequest (OMVolumeCreateRequest.java:validateAndUpdateCache(196)) - created volume:vol-list-b-2-62985 for user:runner
2023-06-02 05:16:14,641 [main] INFO  rpc.RpcClient (RpcClient.java:createVolume(459)) - Creating Volume: vol-list-b-3-23529, with runner as owner and space quota set to -1 bytes, counts quota set to -1
2023-06-02 05:16:14,643 [OM StateMachine ApplyTransaction Thread - 0] INFO  volume.OMVolumeCreateRequest (OMVolumeCreateRequest.java:validateAndUpdateCache(196)) - created volume:vol-list-b-3-23529 for user:runner
2023-06-02 05:16:14,644 [main] INFO  rpc.RpcClient (RpcClient.java:createVolume(459)) - Creating Volume: vol-list-b-4-28897, with runner as owner and space quota set to -1 bytes, counts quota set to -1
2023-06-02 05:16:14,646 [OM StateMachine ApplyTransaction Thread - 0] INFO  volume.OMVolumeCreateRequest (OMVolumeCreateRequest.java:validateAndUpdateCache(196)) - created volume:vol-list-b-4-28897 for user:runner
2023-06-02 05:16:14,647 [main] INFO  rpc.RpcClient (RpcClient.java:createVolume(459)) - Creating Volume: vol-list-b-5-14544, with runner as owner and space quota set to -1 bytes, counts quota set to -1
2023-06-02 05:16:14,650 [OM StateMachine ApplyTransaction Thread - 0] INFO  volume.OMVolumeCreateRequest (OMVolumeCreateRequest.java:validateAndUpdateCache(196)) - created volume:vol-list-b-5-14544 for user:runner
2023-06-02 05:16:14,650 [main] INFO  rpc.RpcClient (RpcClient.java:createVolume(459)) - Creating Volume: vol-list-b-6-99885, with runner as owner and space quota set to -1 bytes, counts quota set to -1
2023-06-02 05:16:14,652 [OM StateMachine ApplyTransaction Thread - 0] INFO  volume.OMVolumeCreateRequest (OMVolumeCreateRequest.java:validateAndUpdateCache(196)) - created volume:vol-list-b-6-99885 for user:runner
2023-06-02 05:16:14,653 [main] INFO  rpc.RpcClient (RpcClient.java:createVolume(459)) - Creating Volume: vol-list-b-7-24278, with runner as owner and space quota set to -1 bytes, counts quota set to -1
2023-06-02 05:16:14,655 [OM StateMachine ApplyTransaction Thread - 0] INFO  volume.OMVolumeCreateRequest (OMVolumeCreateRequest.java:validateAndUpdateCache(196)) - created volume:vol-list-b-7-24278 for user:runner
2023-06-02 05:16:14,656 [main] INFO  rpc.RpcClient (RpcClient.java:createVolume(459)) - Creating Volume: vol-list-b-8-28803, with runner as owner and space quota set to -1 bytes, counts quota set to -1
2023-06-02 05:16:14,658 [OM StateMachine ApplyTransaction Thread - 0] INFO  volume.OMVolumeCreateRequest (OMVolumeCreateRequest.java:validateAndUpdateCache(196)) - created volume:vol-list-b-8-28803 for user:runner
2023-06-02 05:16:14,658 [main] INFO  rpc.RpcClient (RpcClient.java:createVolume(459)) - Creating Volume: vol-list-b-9-96188, with runner as owner and space quota set to -1 bytes, counts quota set to -1
2023-06-02 05:16:14,660 [OM StateMachine ApplyTransaction Thread - 0] INFO  volume.OMVolumeCreateRequest (OMVolumeCreateRequest.java:validateAndUpdateCache(196)) - created volume:vol-list-b-9-96188 for user:runner
]]></system-out>
  </testcase>
  <testcase name="testMissingParentBucketUsedNamespace(BucketLayout)[1]" classname="org.apache.hadoop.ozone.client.rpc.TestSecureOzoneRpcClient" time="0.028">
    <system-out><![CDATA[2023-06-02 05:16:14,677 [main] INFO  rpc.RpcClient (RpcClient.java:createVolume(459)) - Creating Volume: 039a30e1-2073-488e-8d20-17bf9e2f62c0, with runner as owner and space quota set to -1 bytes, counts quota set to -1
2023-06-02 05:16:14,679 [OM StateMachine ApplyTransaction Thread - 0] INFO  volume.OMVolumeCreateRequest (OMVolumeCreateRequest.java:validateAndUpdateCache(196)) - created volume:039a30e1-2073-488e-8d20-17bf9e2f62c0 for user:runner
2023-06-02 05:16:14,681 [main] INFO  rpc.RpcClient (RpcClient.java:createBucket(686)) - Creating Bucket: 039a30e1-2073-488e-8d20-17bf9e2f62c0/055b9140-4a82-4e13-8fb6-ab60c0153be2, with bucket layout OBJECT_STORE, runner as owner, Versioning false, Storage Type set to DISK and Encryption set to false, Replication Type set to server-side default replication type, Namespace Quota set to -1, Space Quota set to -1 
2023-06-02 05:16:14,683 [OM StateMachine ApplyTransaction Thread - 0] INFO  bucket.OMBucketCreateRequest (OMBucketCreateRequest.java:validateAndUpdateCache(270)) - created bucket: 055b9140-4a82-4e13-8fb6-ab60c0153be2 of layout OBJECT_STORE in volume: 039a30e1-2073-488e-8d20-17bf9e2f62c0
]]></system-out>
  </testcase>
  <testcase name="testMissingParentBucketUsedNamespace(BucketLayout)[2]" classname="org.apache.hadoop.ozone.client.rpc.TestSecureOzoneRpcClient" time="0.026">
    <system-out><![CDATA[2023-06-02 05:16:14,707 [main] INFO  rpc.RpcClient (RpcClient.java:createVolume(459)) - Creating Volume: 753c11a6-e273-49d2-b40e-cf8765cd34ae, with runner as owner and space quota set to -1 bytes, counts quota set to -1
2023-06-02 05:16:14,709 [OM StateMachine ApplyTransaction Thread - 0] INFO  volume.OMVolumeCreateRequest (OMVolumeCreateRequest.java:validateAndUpdateCache(196)) - created volume:753c11a6-e273-49d2-b40e-cf8765cd34ae for user:runner
2023-06-02 05:16:14,710 [main] INFO  rpc.RpcClient (RpcClient.java:createBucket(686)) - Creating Bucket: 753c11a6-e273-49d2-b40e-cf8765cd34ae/444c0142-1b1c-45ff-8350-0b93f69efbb3, with bucket layout LEGACY, runner as owner, Versioning false, Storage Type set to DISK and Encryption set to false, Replication Type set to server-side default replication type, Namespace Quota set to -1, Space Quota set to -1 
2023-06-02 05:16:14,712 [OM StateMachine ApplyTransaction Thread - 0] INFO  bucket.OMBucketCreateRequest (OMBucketCreateRequest.java:validateAndUpdateCache(270)) - created bucket: 444c0142-1b1c-45ff-8350-0b93f69efbb3 of layout LEGACY in volume: 753c11a6-e273-49d2-b40e-cf8765cd34ae
]]></system-out>
  </testcase>
  <testcase name="testMissingParentBucketUsedNamespace(BucketLayout)[3]" classname="org.apache.hadoop.ozone.client.rpc.TestSecureOzoneRpcClient" time="0.032">
    <system-out><![CDATA[2023-06-02 05:16:14,734 [main] INFO  rpc.RpcClient (RpcClient.java:createVolume(459)) - Creating Volume: d5259310-8b59-429c-9adb-60a2a1e6681c, with runner as owner and space quota set to -1 bytes, counts quota set to -1
2023-06-02 05:16:14,736 [OM StateMachine ApplyTransaction Thread - 0] INFO  volume.OMVolumeCreateRequest (OMVolumeCreateRequest.java:validateAndUpdateCache(196)) - created volume:d5259310-8b59-429c-9adb-60a2a1e6681c for user:runner
2023-06-02 05:16:14,738 [main] INFO  rpc.RpcClient (RpcClient.java:createBucket(686)) - Creating Bucket: d5259310-8b59-429c-9adb-60a2a1e6681c/26edc3de-a114-4674-8904-e939c53bd6b7, with bucket layout FILE_SYSTEM_OPTIMIZED, runner as owner, Versioning false, Storage Type set to DISK and Encryption set to false, Replication Type set to server-side default replication type, Namespace Quota set to -1, Space Quota set to -1 
2023-06-02 05:16:14,740 [OM StateMachine ApplyTransaction Thread - 0] INFO  bucket.OMBucketCreateRequest (OMBucketCreateRequest.java:validateAndUpdateCache(270)) - created bucket: 26edc3de-a114-4674-8904-e939c53bd6b7 of layout FILE_SYSTEM_OPTIMIZED in volume: d5259310-8b59-429c-9adb-60a2a1e6681c
]]></system-out>
  </testcase>
  <testcase name="testMultipartUploadOverride(ReplicationConfig)[1]" classname="org.apache.hadoop.ozone.client.rpc.TestSecureOzoneRpcClient" time="0.728">
    <system-out><![CDATA[2023-06-02 05:16:14,768 [main] INFO  rpc.RpcClient (RpcClient.java:createVolume(459)) - Creating Volume: 665d8f45-6dfb-419e-8de8-740959c85ff7, with runner as owner and space quota set to -1 bytes, counts quota set to -1
2023-06-02 05:16:14,770 [OM StateMachine ApplyTransaction Thread - 0] INFO  volume.OMVolumeCreateRequest (OMVolumeCreateRequest.java:validateAndUpdateCache(196)) - created volume:665d8f45-6dfb-419e-8de8-740959c85ff7 for user:runner
2023-06-02 05:16:14,771 [main] INFO  rpc.RpcClient (RpcClient.java:createBucket(686)) - Creating Bucket: 665d8f45-6dfb-419e-8de8-740959c85ff7/29bb184a-10c0-4190-be01-951df83fe052, with server-side default bucket layout, runner as owner, Versioning false, Storage Type set to DISK and Encryption set to false, Replication Type set to server-side default replication type, Namespace Quota set to -1, Space Quota set to -1 
2023-06-02 05:16:14,773 [OM StateMachine ApplyTransaction Thread - 0] INFO  bucket.OMBucketCreateRequest (OMBucketCreateRequest.java:validateAndUpdateCache(270)) - created bucket: 29bb184a-10c0-4190-be01-951df83fe052 of layout OBJECT_STORE in volume: 665d8f45-6dfb-419e-8de8-740959c85ff7
2023-06-02 05:16:14,952 [IPC Server handler 17 on default port 15001] WARN  node.SCMNodeManager (SCMNodeManager.java:getNodesByAddress(1381)) - Cannot find node for address 127.0.0.1
2023-06-02 05:16:14,953 [IPC Server handler 3 on default port 15001] WARN  node.SCMNodeManager (SCMNodeManager.java:getNodesByAddress(1381)) - Cannot find node for address 127.0.0.1
2023-06-02 05:16:14,954 [IPC Server handler 10 on default port 15001] WARN  node.SCMNodeManager (SCMNodeManager.java:getNodesByAddress(1381)) - Cannot find node for address 127.0.0.1
2023-06-02 05:16:14,955 [IPC Server handler 0 on default port 15001] WARN  node.SCMNodeManager (SCMNodeManager.java:getNodesByAddress(1381)) - Cannot find node for address 127.0.0.1
2023-06-02 05:16:14,956 [IPC Server handler 19 on default port 15001] WARN  node.SCMNodeManager (SCMNodeManager.java:getNodesByAddress(1381)) - Cannot find node for address 127.0.0.1
2023-06-02 05:16:15,326 [IPC Server handler 12 on default port 15001] WARN  node.SCMNodeManager (SCMNodeManager.java:getNodesByAddress(1381)) - Cannot find node for address 127.0.0.1
2023-06-02 05:16:15,327 [IPC Server handler 1 on default port 15001] WARN  node.SCMNodeManager (SCMNodeManager.java:getNodesByAddress(1381)) - Cannot find node for address 127.0.0.1
2023-06-02 05:16:15,328 [IPC Server handler 6 on default port 15001] WARN  node.SCMNodeManager (SCMNodeManager.java:getNodesByAddress(1381)) - Cannot find node for address 127.0.0.1
2023-06-02 05:16:15,328 [IPC Server handler 15 on default port 15001] WARN  node.SCMNodeManager (SCMNodeManager.java:getNodesByAddress(1381)) - Cannot find node for address 127.0.0.1
2023-06-02 05:16:15,329 [IPC Server handler 16 on default port 15001] WARN  node.SCMNodeManager (SCMNodeManager.java:getNodesByAddress(1381)) - Cannot find node for address 127.0.0.1
]]></system-out>
  </testcase>
  <testcase name="testMultipartUploadOverride(ReplicationConfig)[2]" classname="org.apache.hadoop.ozone.client.rpc.TestSecureOzoneRpcClient" time="1.597">
    <system-out><![CDATA[2023-06-02 05:16:15,498 [main] INFO  rpc.RpcClient (RpcClient.java:createVolume(459)) - Creating Volume: 748f7272-9cbb-435f-9f63-93a581faf2aa, with runner as owner and space quota set to -1 bytes, counts quota set to -1
2023-06-02 05:16:15,501 [OM StateMachine ApplyTransaction Thread - 0] INFO  volume.OMVolumeCreateRequest (OMVolumeCreateRequest.java:validateAndUpdateCache(196)) - created volume:748f7272-9cbb-435f-9f63-93a581faf2aa for user:runner
2023-06-02 05:16:15,504 [main] INFO  rpc.RpcClient (RpcClient.java:createBucket(686)) - Creating Bucket: 748f7272-9cbb-435f-9f63-93a581faf2aa/8583f549-62fa-4ca0-86a7-4e7fae06f1e7, with server-side default bucket layout, runner as owner, Versioning false, Storage Type set to DISK and Encryption set to false, Replication Type set to server-side default replication type, Namespace Quota set to -1, Space Quota set to -1 
2023-06-02 05:16:15,506 [OM StateMachine ApplyTransaction Thread - 0] INFO  bucket.OMBucketCreateRequest (OMBucketCreateRequest.java:validateAndUpdateCache(270)) - created bucket: 8583f549-62fa-4ca0-86a7-4e7fae06f1e7 of layout OBJECT_STORE in volume: 748f7272-9cbb-435f-9f63-93a581faf2aa
2023-06-02 05:16:16,100 [IPC Server handler 5 on default port 15001] WARN  node.SCMNodeManager (SCMNodeManager.java:getNodesByAddress(1381)) - Cannot find node for address 127.0.0.1
2023-06-02 05:16:16,101 [IPC Server handler 11 on default port 15001] WARN  node.SCMNodeManager (SCMNodeManager.java:getNodesByAddress(1381)) - Cannot find node for address 127.0.0.1
2023-06-02 05:16:16,102 [IPC Server handler 8 on default port 15001] WARN  node.SCMNodeManager (SCMNodeManager.java:getNodesByAddress(1381)) - Cannot find node for address 127.0.0.1
2023-06-02 05:16:16,104 [IPC Server handler 12 on default port 15001] WARN  node.SCMNodeManager (SCMNodeManager.java:getNodesByAddress(1381)) - Cannot find node for address 127.0.0.1
2023-06-02 05:16:16,952 [IPC Server handler 3 on default port 15001] WARN  node.SCMNodeManager (SCMNodeManager.java:getNodesByAddress(1381)) - Cannot find node for address 127.0.0.1
2023-06-02 05:16:16,953 [IPC Server handler 10 on default port 15001] WARN  node.SCMNodeManager (SCMNodeManager.java:getNodesByAddress(1381)) - Cannot find node for address 127.0.0.1
2023-06-02 05:16:16,954 [IPC Server handler 0 on default port 15001] WARN  node.SCMNodeManager (SCMNodeManager.java:getNodesByAddress(1381)) - Cannot find node for address 127.0.0.1
]]></system-out>
  </testcase>
  <testcase name="testMultipartUploadOverride(ReplicationConfig)[3]" classname="org.apache.hadoop.ozone.client.rpc.TestSecureOzoneRpcClient" time="1.348">
    <system-out><![CDATA[2023-06-02 05:16:17,097 [main] INFO  rpc.RpcClient (RpcClient.java:createVolume(459)) - Creating Volume: e421ae02-a8e2-482c-be64-89121206c2eb, with runner as owner and space quota set to -1 bytes, counts quota set to -1
2023-06-02 05:16:17,099 [OM StateMachine ApplyTransaction Thread - 0] INFO  volume.OMVolumeCreateRequest (OMVolumeCreateRequest.java:validateAndUpdateCache(196)) - created volume:e421ae02-a8e2-482c-be64-89121206c2eb for user:runner
2023-06-02 05:16:17,102 [main] INFO  rpc.RpcClient (RpcClient.java:createBucket(686)) - Creating Bucket: e421ae02-a8e2-482c-be64-89121206c2eb/47753b41-440f-459e-935f-564363c9cd3f, with server-side default bucket layout, runner as owner, Versioning false, Storage Type set to DISK and Encryption set to false, Replication Type set to server-side default replication type, Namespace Quota set to -1, Space Quota set to -1 
2023-06-02 05:16:17,104 [OM StateMachine ApplyTransaction Thread - 0] INFO  bucket.OMBucketCreateRequest (OMBucketCreateRequest.java:validateAndUpdateCache(270)) - created bucket: 47753b41-440f-459e-935f-564363c9cd3f of layout OBJECT_STORE in volume: e421ae02-a8e2-482c-be64-89121206c2eb
2023-06-02 05:16:17,754 [IPC Server handler 18 on default port 15001] WARN  node.SCMNodeManager (SCMNodeManager.java:getNodesByAddress(1381)) - Cannot find node for address 127.0.0.1
2023-06-02 05:16:17,756 [IPC Server handler 17 on default port 15001] WARN  node.SCMNodeManager (SCMNodeManager.java:getNodesByAddress(1381)) - Cannot find node for address 127.0.0.1
2023-06-02 05:16:17,757 [IPC Server handler 3 on default port 15001] WARN  node.SCMNodeManager (SCMNodeManager.java:getNodesByAddress(1381)) - Cannot find node for address 127.0.0.1
2023-06-02 05:16:18,232 [IPC Server handler 15 on default port 15001] WARN  node.SCMNodeManager (SCMNodeManager.java:getNodesByAddress(1381)) - Cannot find node for address 127.0.0.1
]]></system-out>
  </testcase>
  <testcase name="testMultipartUploadWithACL" classname="org.apache.hadoop.ozone.client.rpc.TestSecureOzoneRpcClient" time="0.506">
    <system-out><![CDATA[2023-06-02 05:16:18,445 [main] INFO  rpc.RpcClient (RpcClient.java:createVolume(459)) - Creating Volume: 64b0f7c3-d8d9-4f85-9b96-6c9ca8fd5b37, with runner as owner and space quota set to -1 bytes, counts quota set to -1
2023-06-02 05:16:18,447 [OM StateMachine ApplyTransaction Thread - 0] INFO  volume.OMVolumeCreateRequest (OMVolumeCreateRequest.java:validateAndUpdateCache(196)) - created volume:64b0f7c3-d8d9-4f85-9b96-6c9ca8fd5b37 for user:runner
2023-06-02 05:16:18,449 [main] INFO  rpc.RpcClient (RpcClient.java:createBucket(686)) - Creating Bucket: 64b0f7c3-d8d9-4f85-9b96-6c9ca8fd5b37/c61b5c74-ff12-4c25-822d-e4982cb28d8d, with bucket layout OBJECT_STORE, runner as owner, Versioning false, Storage Type set to DISK and Encryption set to false, Replication Type set to server-side default replication type, Namespace Quota set to -1, Space Quota set to -1 
2023-06-02 05:16:18,451 [OM StateMachine ApplyTransaction Thread - 0] INFO  bucket.OMBucketCreateRequest (OMBucketCreateRequest.java:validateAndUpdateCache(270)) - created bucket: c61b5c74-ff12-4c25-822d-e4982cb28d8d of layout OBJECT_STORE in volume: 64b0f7c3-d8d9-4f85-9b96-6c9ca8fd5b37
2023-06-02 05:16:18,627 [IPC Server handler 17 on default port 15001] WARN  node.SCMNodeManager (SCMNodeManager.java:getNodesByAddress(1381)) - Cannot find node for address 127.0.0.1
2023-06-02 05:16:18,628 [IPC Server handler 3 on default port 15001] WARN  node.SCMNodeManager (SCMNodeManager.java:getNodesByAddress(1381)) - Cannot find node for address 127.0.0.1
2023-06-02 05:16:18,629 [IPC Server handler 0 on default port 15001] WARN  node.SCMNodeManager (SCMNodeManager.java:getNodesByAddress(1381)) - Cannot find node for address 127.0.0.1
2023-06-02 05:16:18,857 [OM StateMachine ApplyTransaction Thread - 0] WARN  om.OzoneManager (OmMetadataReader.java:checkAcls(506)) - User test-user doesn't have CREATE permission to access key Volume:64b0f7c3-d8d9-4f85-9b96-6c9ca8fd5b37 Bucket:c61b5c74-ff12-4c25-822d-e4982cb28d8d Key:0fea6ba8-3f5a-4645-9f1a-ea3e6fe8f0f5
05:16:18.857 [OM StateMachine ApplyTransaction Thread - 0] ERROR OMAudit - user=test-user | ip=127.0.0.1 | op=INITIATE_MULTIPART_UPLOAD {volume=64b0f7c3-d8d9-4f85-9b96-6c9ca8fd5b37, bucket=c61b5c74-ff12-4c25-822d-e4982cb28d8d, key=0fea6ba8-3f5a-4645-9f1a-ea3e6fe8f0f5, dataSize=0, replicationType=RATIS, replicationFactor=ONE} | ret=FAILURE
org.apache.hadoop.ozone.om.exceptions.OMException: User test-user doesn't have CREATE permission to access key Volume:64b0f7c3-d8d9-4f85-9b96-6c9ca8fd5b37 Bucket:c61b5c74-ff12-4c25-822d-e4982cb28d8d Key:0fea6ba8-3f5a-4645-9f1a-ea3e6fe8f0f5
	at org.apache.hadoop.ozone.om.OmMetadataReader.checkAcls(OmMetadataReader.java:509) ~[ozone-manager-1.4.0-SNAPSHOT.jar:?]
	at org.apache.hadoop.ozone.om.OmMetadataReader.checkAcls(OmMetadataReader.java:484) ~[ozone-manager-1.4.0-SNAPSHOT.jar:?]
	at org.apache.hadoop.ozone.om.OzoneAclUtils.checkAllAcls(OzoneAclUtils.java:121) ~[ozone-manager-1.4.0-SNAPSHOT.jar:?]
	at org.apache.hadoop.ozone.om.request.OMClientRequest.checkAcls(OMClientRequest.java:364) ~[ozone-manager-1.4.0-SNAPSHOT.jar:?]
	at org.apache.hadoop.ozone.om.request.OMClientRequest.checkAcls(OMClientRequest.java:215) ~[ozone-manager-1.4.0-SNAPSHOT.jar:?]
	at org.apache.hadoop.ozone.om.request.key.OMKeyRequest.checkKeyAcls(OMKeyRequest.java:343) ~[ozone-manager-1.4.0-SNAPSHOT.jar:?]
	at org.apache.hadoop.ozone.om.request.s3.multipart.S3InitiateMultipartUploadRequest.validateAndUpdateCache(S3InitiateMultipartUploadRequest.java:146) ~[ozone-manager-1.4.0-SNAPSHOT.jar:?]
	at org.apache.hadoop.ozone.protocolPB.OzoneManagerRequestHandler.handleWriteRequest(OzoneManagerRequestHandler.java:338) ~[ozone-manager-1.4.0-SNAPSHOT.jar:?]
	at org.apache.hadoop.ozone.om.ratis.OzoneManagerStateMachine.runCommand(OzoneManagerStateMachine.java:567) ~[ozone-manager-1.4.0-SNAPSHOT.jar:?]
	at org.apache.hadoop.ozone.om.ratis.OzoneManagerStateMachine.lambda$1(OzoneManagerStateMachine.java:358) ~[ozone-manager-1.4.0-SNAPSHOT.jar:?]
	at java.util.concurrent.CompletableFuture$AsyncSupply.run(CompletableFuture.java:1604) [?:1.8.0_372]
	at java.util.concurrent.ThreadPoolExecutor.runWorker(ThreadPoolExecutor.java:1149) [?:1.8.0_372]
	at java.util.concurrent.ThreadPoolExecutor$Worker.run(ThreadPoolExecutor.java:624) [?:1.8.0_372]
	at java.lang.Thread.run(Thread.java:750) [?:1.8.0_372]
2023-06-02 05:16:18,858 [OM StateMachine ApplyTransaction Thread - 0] ERROR multipart.S3InitiateMultipartUploadRequest (S3InitiateMultipartUploadRequest.java:logResult(269)) - S3 InitiateMultipart Upload request for Key 0fea6ba8-3f5a-4645-9f1a-ea3e6fe8f0f5 in Volume/Bucket 64b0f7c3-d8d9-4f85-9b96-6c9ca8fd5b37/c61b5c74-ff12-4c25-822d-e4982cb28d8d is failed
PERMISSION_DENIED org.apache.hadoop.ozone.om.exceptions.OMException: User test-user doesn't have CREATE permission to access key Volume:64b0f7c3-d8d9-4f85-9b96-6c9ca8fd5b37 Bucket:c61b5c74-ff12-4c25-822d-e4982cb28d8d Key:0fea6ba8-3f5a-4645-9f1a-ea3e6fe8f0f5
	at org.apache.hadoop.ozone.om.OmMetadataReader.checkAcls(OmMetadataReader.java:509)
	at org.apache.hadoop.ozone.om.OmMetadataReader.checkAcls(OmMetadataReader.java:484)
	at org.apache.hadoop.ozone.om.OzoneAclUtils.checkAllAcls(OzoneAclUtils.java:121)
	at org.apache.hadoop.ozone.om.request.OMClientRequest.checkAcls(OMClientRequest.java:364)
	at org.apache.hadoop.ozone.om.request.OMClientRequest.checkAcls(OMClientRequest.java:215)
	at org.apache.hadoop.ozone.om.request.key.OMKeyRequest.checkKeyAcls(OMKeyRequest.java:343)
	at org.apache.hadoop.ozone.om.request.s3.multipart.S3InitiateMultipartUploadRequest.validateAndUpdateCache(S3InitiateMultipartUploadRequest.java:146)
	at org.apache.hadoop.ozone.protocolPB.OzoneManagerRequestHandler.handleWriteRequest(OzoneManagerRequestHandler.java:338)
	at org.apache.hadoop.ozone.om.ratis.OzoneManagerStateMachine.runCommand(OzoneManagerStateMachine.java:567)
	at org.apache.hadoop.ozone.om.ratis.OzoneManagerStateMachine.lambda$1(OzoneManagerStateMachine.java:358)
	at java.util.concurrent.CompletableFuture$AsyncSupply.run(CompletableFuture.java:1604)
	at java.util.concurrent.ThreadPoolExecutor.runWorker(ThreadPoolExecutor.java:1149)
	at java.util.concurrent.ThreadPoolExecutor$Worker.run(ThreadPoolExecutor.java:624)
	at java.lang.Thread.run(Thread.java:750)
2023-06-02 05:16:18,949 [IPC Server handler 3 on default port 15004] WARN  om.OzoneManager (OmMetadataReader.java:checkAcls(506)) - User test-user doesn't have READ permission to access key Volume:64b0f7c3-d8d9-4f85-9b96-6c9ca8fd5b37 Bucket:c61b5c74-ff12-4c25-822d-e4982cb28d8d Key:501e47f1-6b73-4a7d-a0a5-22aa25a2c916
05:16:18.949 [IPC Server handler 3 on default port 15004] ERROR OMAudit - user=test-user | ip=127.0.0.1 | op=READ_KEY {volume=64b0f7c3-d8d9-4f85-9b96-6c9ca8fd5b37, bucket=c61b5c74-ff12-4c25-822d-e4982cb28d8d, key=501e47f1-6b73-4a7d-a0a5-22aa25a2c916, dataSize=0, replicationConfig=null} | ret=FAILURE
org.apache.hadoop.ozone.om.exceptions.OMException: User test-user doesn't have READ permission to access key Volume:64b0f7c3-d8d9-4f85-9b96-6c9ca8fd5b37 Bucket:c61b5c74-ff12-4c25-822d-e4982cb28d8d Key:501e47f1-6b73-4a7d-a0a5-22aa25a2c916
	at org.apache.hadoop.ozone.om.OmMetadataReader.checkAcls(OmMetadataReader.java:509) ~[ozone-manager-1.4.0-SNAPSHOT.jar:?]
	at org.apache.hadoop.ozone.om.OmMetadataReader.checkAcls(OmMetadataReader.java:484) ~[ozone-manager-1.4.0-SNAPSHOT.jar:?]
	at org.apache.hadoop.ozone.om.OzoneAclUtils.checkAllAcls(OzoneAclUtils.java:121) ~[ozone-manager-1.4.0-SNAPSHOT.jar:?]
	at org.apache.hadoop.ozone.om.OmMetadataReader.checkAcls(OmMetadataReader.java:446) ~[ozone-manager-1.4.0-SNAPSHOT.jar:?]
	at org.apache.hadoop.ozone.om.OmMetadataReader.lambda$3(OmMetadataReader.java:202) ~[ozone-manager-1.4.0-SNAPSHOT.jar:?]
	at org.apache.hadoop.util.MetricUtil.captureLatencyNs(MetricUtil.java:48) ~[hdds-common-1.4.0-SNAPSHOT.jar:?]
	at org.apache.hadoop.ozone.om.OmMetadataReader.getKeyInfo(OmMetadataReader.java:201) ~[ozone-manager-1.4.0-SNAPSHOT.jar:?]
	at org.apache.hadoop.ozone.om.OzoneManager.getKeyInfo(OzoneManager.java:2849) ~[ozone-manager-1.4.0-SNAPSHOT.jar:?]
	at org.apache.hadoop.ozone.protocolPB.OzoneManagerRequestHandler.getKeyInfo(OzoneManagerRequestHandler.java:550) ~[ozone-manager-1.4.0-SNAPSHOT.jar:?]
	at org.apache.hadoop.ozone.protocolPB.OzoneManagerRequestHandler.handleReadRequest(OzoneManagerRequestHandler.java:293) ~[ozone-manager-1.4.0-SNAPSHOT.jar:?]
	at org.apache.hadoop.ozone.protocolPB.OzoneManagerProtocolServerSideTranslatorPB.submitReadRequestToOM(OzoneManagerProtocolServerSideTranslatorPB.java:223) ~[ozone-manager-1.4.0-SNAPSHOT.jar:?]
	at org.apache.hadoop.ozone.protocolPB.OzoneManagerProtocolServerSideTranslatorPB.processRequest(OzoneManagerProtocolServerSideTranslatorPB.java:177) ~[ozone-manager-1.4.0-SNAPSHOT.jar:?]
	at org.apache.hadoop.hdds.server.OzoneProtocolMessageDispatcher.processRequest(OzoneProtocolMessageDispatcher.java:87) [hdds-server-framework-1.4.0-SNAPSHOT.jar:?]
	at org.apache.hadoop.ozone.protocolPB.OzoneManagerProtocolServerSideTranslatorPB.submitRequest(OzoneManagerProtocolServerSideTranslatorPB.java:147) [ozone-manager-1.4.0-SNAPSHOT.jar:?]
	at org.apache.hadoop.ozone.protocol.proto.OzoneManagerProtocolProtos$OzoneManagerService$2.callBlockingMethod(OzoneManagerProtocolProtos.java) [ozone-interface-client-1.4.0-SNAPSHOT.jar:?]
	at org.apache.hadoop.ipc.ProtobufRpcEngine$Server.processCall(ProtobufRpcEngine.java:484) [hadoop-common-3.3.5.jar:?]
	at org.apache.hadoop.ipc.ProtobufRpcEngine2$Server$ProtoBufRpcInvoker.call(ProtobufRpcEngine2.java:595) [hadoop-common-3.3.5.jar:?]
	at org.apache.hadoop.ipc.ProtobufRpcEngine2$Server$ProtoBufRpcInvoker.call(ProtobufRpcEngine2.java:573) [hadoop-common-3.3.5.jar:?]
	at org.apache.hadoop.ipc.RPC$Server.call(RPC.java:1213) [hadoop-common-3.3.5.jar:?]
	at org.apache.hadoop.ipc.Server$RpcCall.run(Server.java:1089) [hadoop-common-3.3.5.jar:?]
	at org.apache.hadoop.ipc.Server$RpcCall.run(Server.java:1012) [hadoop-common-3.3.5.jar:?]
	at java.security.AccessController.doPrivileged(Native Method) ~[?:1.8.0_372]
	at javax.security.auth.Subject.doAs(Subject.java:422) [?:1.8.0_372]
	at org.apache.hadoop.security.UserGroupInformation.doAs(UserGroupInformation.java:1899) [hadoop-common-3.3.5.jar:?]
	at org.apache.hadoop.ipc.Server$Handler.run(Server.java:3026) [hadoop-common-3.3.5.jar:?]
]]></system-out>
  </testcase>
  <testcase name="testMultipartUploadWithMissingParts" classname="org.apache.hadoop.ozone.client.rpc.TestSecureOzoneRpcClient" time="0.033">
    <system-out><![CDATA[2023-06-02 05:16:18,952 [main] INFO  rpc.RpcClient (RpcClient.java:createVolume(459)) - Creating Volume: 58b852b7-3dd2-41c4-a516-bf5256f69592, with runner as owner and space quota set to -1 bytes, counts quota set to -1
2023-06-02 05:16:18,955 [OM StateMachine ApplyTransaction Thread - 0] INFO  volume.OMVolumeCreateRequest (OMVolumeCreateRequest.java:validateAndUpdateCache(196)) - created volume:58b852b7-3dd2-41c4-a516-bf5256f69592 for user:runner
2023-06-02 05:16:18,956 [main] INFO  rpc.RpcClient (RpcClient.java:createBucket(686)) - Creating Bucket: 58b852b7-3dd2-41c4-a516-bf5256f69592/83bb26f4-050f-45a0-8861-5b75929663c4, with server-side default bucket layout, runner as owner, Versioning false, Storage Type set to DISK and Encryption set to false, Replication Type set to server-side default replication type, Namespace Quota set to -1, Space Quota set to -1 
2023-06-02 05:16:18,958 [OM StateMachine ApplyTransaction Thread - 0] INFO  bucket.OMBucketCreateRequest (OMBucketCreateRequest.java:validateAndUpdateCache(270)) - created bucket: 83bb26f4-050f-45a0-8861-5b75929663c4 of layout OBJECT_STORE in volume: 58b852b7-3dd2-41c4-a516-bf5256f69592
05:16:18.983 [OM StateMachine ApplyTransaction Thread - 0] ERROR OMAudit - user=runner | ip=127.0.0.1 | op=COMPLETE_MULTIPART_UPLOAD {volume=58b852b7-3dd2-41c4-a516-bf5256f69592, bucket=83bb26f4-050f-45a0-8861-5b75929663c4, key=c1b5d35d-938d-4361-aa5d-f3d3190b22f6, dataSize=0, replicationType=NONE, replicationFactor=ZERO, multipartList=[partNumber: 3 partName: "random" ]} | ret=FAILURE
org.apache.hadoop.ozone.om.exceptions.OMException: Complete Multipart Upload Failed: volume: 58b852b7-3dd2-41c4-a516-bf5256f69592 bucket: 83bb26f4-050f-45a0-8861-5b75929663c4 key: c1b5d35d-938d-4361-aa5d-f3d3190b22f6. Provided Part info is { random, 3}, whereas OM has partName null
	at org.apache.hadoop.ozone.om.request.s3.multipart.S3MultipartUploadCompleteRequest.getMultipartDataSize(S3MultipartUploadCompleteRequest.java:502) ~[ozone-manager-1.4.0-SNAPSHOT.jar:?]
	at org.apache.hadoop.ozone.om.request.s3.multipart.S3MultipartUploadCompleteRequest.validateAndUpdateCache(S3MultipartUploadCompleteRequest.java:195) ~[ozone-manager-1.4.0-SNAPSHOT.jar:?]
	at org.apache.hadoop.ozone.protocolPB.OzoneManagerRequestHandler.handleWriteRequest(OzoneManagerRequestHandler.java:338) ~[ozone-manager-1.4.0-SNAPSHOT.jar:?]
	at org.apache.hadoop.ozone.om.ratis.OzoneManagerStateMachine.runCommand(OzoneManagerStateMachine.java:567) ~[ozone-manager-1.4.0-SNAPSHOT.jar:?]
	at org.apache.hadoop.ozone.om.ratis.OzoneManagerStateMachine.lambda$1(OzoneManagerStateMachine.java:358) ~[ozone-manager-1.4.0-SNAPSHOT.jar:?]
	at java.util.concurrent.CompletableFuture$AsyncSupply.run(CompletableFuture.java:1604) [?:1.8.0_372]
	at java.util.concurrent.ThreadPoolExecutor.runWorker(ThreadPoolExecutor.java:1149) [?:1.8.0_372]
	at java.util.concurrent.ThreadPoolExecutor$Worker.run(ThreadPoolExecutor.java:624) [?:1.8.0_372]
	at java.lang.Thread.run(Thread.java:750) [?:1.8.0_372]
2023-06-02 05:16:18,983 [OM StateMachine ApplyTransaction Thread - 0] ERROR multipart.S3MultipartUploadCompleteRequest (S3MultipartUploadCompleteRequest.java:logResult(346)) - MultipartUpload Complete request failed for Key: c1b5d35d-938d-4361-aa5d-f3d3190b22f6 in Volume/Bucket 58b852b7-3dd2-41c4-a516-bf5256f69592/83bb26f4-050f-45a0-8861-5b75929663c4
INVALID_PART org.apache.hadoop.ozone.om.exceptions.OMException: Complete Multipart Upload Failed: volume: 58b852b7-3dd2-41c4-a516-bf5256f69592 bucket: 83bb26f4-050f-45a0-8861-5b75929663c4 key: c1b5d35d-938d-4361-aa5d-f3d3190b22f6. Provided Part info is { random, 3}, whereas OM has partName null
	at org.apache.hadoop.ozone.om.request.s3.multipart.S3MultipartUploadCompleteRequest.getMultipartDataSize(S3MultipartUploadCompleteRequest.java:502)
	at org.apache.hadoop.ozone.om.request.s3.multipart.S3MultipartUploadCompleteRequest.validateAndUpdateCache(S3MultipartUploadCompleteRequest.java:195)
	at org.apache.hadoop.ozone.protocolPB.OzoneManagerRequestHandler.handleWriteRequest(OzoneManagerRequestHandler.java:338)
	at org.apache.hadoop.ozone.om.ratis.OzoneManagerStateMachine.runCommand(OzoneManagerStateMachine.java:567)
	at org.apache.hadoop.ozone.om.ratis.OzoneManagerStateMachine.lambda$1(OzoneManagerStateMachine.java:358)
	at java.util.concurrent.CompletableFuture$AsyncSupply.run(CompletableFuture.java:1604)
	at java.util.concurrent.ThreadPoolExecutor.runWorker(ThreadPoolExecutor.java:1149)
	at java.util.concurrent.ThreadPoolExecutor$Worker.run(ThreadPoolExecutor.java:624)
	at java.lang.Thread.run(Thread.java:750)
]]></system-out>
  </testcase>
  <testcase name="testMultipartUploadWithPartsLessThanMinSize" classname="org.apache.hadoop.ozone.client.rpc.TestSecureOzoneRpcClient" time="0.054">
    <system-out><![CDATA[2023-06-02 05:16:18,985 [main] INFO  rpc.RpcClient (RpcClient.java:createVolume(459)) - Creating Volume: 23943708-382a-4100-8bf2-d57d59ff3047, with runner as owner and space quota set to -1 bytes, counts quota set to -1
2023-06-02 05:16:18,987 [OM StateMachine ApplyTransaction Thread - 0] INFO  volume.OMVolumeCreateRequest (OMVolumeCreateRequest.java:validateAndUpdateCache(196)) - created volume:23943708-382a-4100-8bf2-d57d59ff3047 for user:runner
2023-06-02 05:16:18,988 [main] INFO  rpc.RpcClient (RpcClient.java:createBucket(686)) - Creating Bucket: 23943708-382a-4100-8bf2-d57d59ff3047/810a1b20-9985-45fd-8a87-153429702c22, with server-side default bucket layout, runner as owner, Versioning false, Storage Type set to DISK and Encryption set to false, Replication Type set to server-side default replication type, Namespace Quota set to -1, Space Quota set to -1 
2023-06-02 05:16:18,990 [OM StateMachine ApplyTransaction Thread - 0] INFO  bucket.OMBucketCreateRequest (OMBucketCreateRequest.java:validateAndUpdateCache(270)) - created bucket: 810a1b20-9985-45fd-8a87-153429702c22 of layout OBJECT_STORE in volume: 23943708-382a-4100-8bf2-d57d59ff3047
2023-06-02 05:16:19,038 [OM StateMachine ApplyTransaction Thread - 0] ERROR multipart.S3MultipartUploadCompleteRequest (S3MultipartUploadCompleteRequest.java:getMultipartDataSize(521)) - MultipartUpload: /23943708-382a-4100-8bf2-d57d59ff3047/810a1b20-9985-45fd-8a87-153429702c22/de0e7964-b53c-451a-ad0a-c5e7873f969a Part number: 1 size 4  is less than minimum part size 5242880
05:16:19.038 [OM StateMachine ApplyTransaction Thread - 0] ERROR OMAudit - user=runner | ip=127.0.0.1 | op=COMPLETE_MULTIPART_UPLOAD {volume=23943708-382a-4100-8bf2-d57d59ff3047, bucket=810a1b20-9985-45fd-8a87-153429702c22, key=de0e7964-b53c-451a-ad0a-c5e7873f969a, dataSize=0, replicationType=NONE, replicationFactor=ZERO, multipartList=[partNumber: 1 partName: "/23943708-382a-4100-8bf2-d57d59ff3047/810a1b20-9985-45fd-8a87-153429702c22/de0e7964-b53c-451a-ad0a-c5e7873f969a-998ce719-f96f-4a97-8902-5ba9b6a968dd-110472919711219959-1" , partNumber: 2 partName: "/23943708-382a-4100-8bf2-d57d59ff3047/810a1b20-9985-45fd-8a87-153429702c22/de0e7964-b53c-451a-ad0a-c5e7873f969a-998ce719-f96f-4a97-8902-5ba9b6a968dd-110472919711219959-2" ]} | ret=FAILURE
org.apache.hadoop.ozone.om.exceptions.OMException: Complete Multipart Upload Failed: volume: 23943708-382a-4100-8bf2-d57d59ff3047 bucket: 810a1b20-9985-45fd-8a87-153429702c22 key: de0e7964-b53c-451a-ad0a-c5e7873f969a. Entity too small.
	at org.apache.hadoop.ozone.om.request.s3.multipart.S3MultipartUploadCompleteRequest.getMultipartDataSize(S3MultipartUploadCompleteRequest.java:525) ~[ozone-manager-1.4.0-SNAPSHOT.jar:?]
	at org.apache.hadoop.ozone.om.request.s3.multipart.S3MultipartUploadCompleteRequest.validateAndUpdateCache(S3MultipartUploadCompleteRequest.java:195) ~[ozone-manager-1.4.0-SNAPSHOT.jar:?]
	at org.apache.hadoop.ozone.protocolPB.OzoneManagerRequestHandler.handleWriteRequest(OzoneManagerRequestHandler.java:338) ~[ozone-manager-1.4.0-SNAPSHOT.jar:?]
	at org.apache.hadoop.ozone.om.ratis.OzoneManagerStateMachine.runCommand(OzoneManagerStateMachine.java:567) ~[ozone-manager-1.4.0-SNAPSHOT.jar:?]
	at org.apache.hadoop.ozone.om.ratis.OzoneManagerStateMachine.lambda$1(OzoneManagerStateMachine.java:358) ~[ozone-manager-1.4.0-SNAPSHOT.jar:?]
	at java.util.concurrent.CompletableFuture$AsyncSupply.run(CompletableFuture.java:1604) [?:1.8.0_372]
	at java.util.concurrent.ThreadPoolExecutor.runWorker(ThreadPoolExecutor.java:1149) [?:1.8.0_372]
	at java.util.concurrent.ThreadPoolExecutor$Worker.run(ThreadPoolExecutor.java:624) [?:1.8.0_372]
	at java.lang.Thread.run(Thread.java:750) [?:1.8.0_372]
2023-06-02 05:16:19,038 [OM StateMachine ApplyTransaction Thread - 0] ERROR multipart.S3MultipartUploadCompleteRequest (S3MultipartUploadCompleteRequest.java:logResult(346)) - MultipartUpload Complete request failed for Key: de0e7964-b53c-451a-ad0a-c5e7873f969a in Volume/Bucket 23943708-382a-4100-8bf2-d57d59ff3047/810a1b20-9985-45fd-8a87-153429702c22
ENTITY_TOO_SMALL org.apache.hadoop.ozone.om.exceptions.OMException: Complete Multipart Upload Failed: volume: 23943708-382a-4100-8bf2-d57d59ff3047 bucket: 810a1b20-9985-45fd-8a87-153429702c22 key: de0e7964-b53c-451a-ad0a-c5e7873f969a. Entity too small.
	at org.apache.hadoop.ozone.om.request.s3.multipart.S3MultipartUploadCompleteRequest.getMultipartDataSize(S3MultipartUploadCompleteRequest.java:525)
	at org.apache.hadoop.ozone.om.request.s3.multipart.S3MultipartUploadCompleteRequest.validateAndUpdateCache(S3MultipartUploadCompleteRequest.java:195)
	at org.apache.hadoop.ozone.protocolPB.OzoneManagerRequestHandler.handleWriteRequest(OzoneManagerRequestHandler.java:338)
	at org.apache.hadoop.ozone.om.ratis.OzoneManagerStateMachine.runCommand(OzoneManagerStateMachine.java:567)
	at org.apache.hadoop.ozone.om.ratis.OzoneManagerStateMachine.lambda$1(OzoneManagerStateMachine.java:358)
	at java.util.concurrent.CompletableFuture$AsyncSupply.run(CompletableFuture.java:1604)
	at java.util.concurrent.ThreadPoolExecutor.runWorker(ThreadPoolExecutor.java:1149)
	at java.util.concurrent.ThreadPoolExecutor$Worker.run(ThreadPoolExecutor.java:624)
	at java.lang.Thread.run(Thread.java:750)
]]></system-out>
  </testcase>
  <testcase name="testMultipartUploadWithPartsMisMatchWithIncorrectPartName" classname="org.apache.hadoop.ozone.client.rpc.TestSecureOzoneRpcClient" time="0.037">
    <system-out><![CDATA[2023-06-02 05:16:19,040 [main] INFO  rpc.RpcClient (RpcClient.java:createVolume(459)) - Creating Volume: 9a7ada17-f351-4c52-ab6a-35b00002b7d3, with runner as owner and space quota set to -1 bytes, counts quota set to -1
2023-06-02 05:16:19,042 [OM StateMachine ApplyTransaction Thread - 0] INFO  volume.OMVolumeCreateRequest (OMVolumeCreateRequest.java:validateAndUpdateCache(196)) - created volume:9a7ada17-f351-4c52-ab6a-35b00002b7d3 for user:runner
2023-06-02 05:16:19,044 [main] INFO  rpc.RpcClient (RpcClient.java:createBucket(686)) - Creating Bucket: 9a7ada17-f351-4c52-ab6a-35b00002b7d3/424f497f-38c4-44e1-b1ad-45da2232b8bb, with server-side default bucket layout, runner as owner, Versioning false, Storage Type set to DISK and Encryption set to false, Replication Type set to server-side default replication type, Namespace Quota set to -1, Space Quota set to -1 
2023-06-02 05:16:19,049 [OM StateMachine ApplyTransaction Thread - 0] INFO  bucket.OMBucketCreateRequest (OMBucketCreateRequest.java:validateAndUpdateCache(270)) - created bucket: 424f497f-38c4-44e1-b1ad-45da2232b8bb of layout OBJECT_STORE in volume: 9a7ada17-f351-4c52-ab6a-35b00002b7d3
05:16:19.076 [OM StateMachine ApplyTransaction Thread - 0] ERROR OMAudit - user=runner | ip=127.0.0.1 | op=COMPLETE_MULTIPART_UPLOAD {volume=9a7ada17-f351-4c52-ab6a-35b00002b7d3, bucket=424f497f-38c4-44e1-b1ad-45da2232b8bb, key=3b780182-5b28-4965-b118-47213cc019fa, dataSize=0, replicationType=NONE, replicationFactor=ZERO, multipartList=[partNumber: 1 partName: "acaad6c4-62f1-4403-9655-6756b16699d6" ]} | ret=FAILURE
org.apache.hadoop.ozone.om.exceptions.OMException: Complete Multipart Upload Failed: volume: 9a7ada17-f351-4c52-ab6a-35b00002b7d3 bucket: 424f497f-38c4-44e1-b1ad-45da2232b8bb key: 3b780182-5b28-4965-b118-47213cc019fa. Provided Part info is { acaad6c4-62f1-4403-9655-6756b16699d6, 1}, whereas OM has partName /9a7ada17-f351-4c52-ab6a-35b00002b7d3/424f497f-38c4-44e1-b1ad-45da2232b8bb/3b780182-5b28-4965-b118-47213cc019fa-1fb9e066-0f45-4d21-bcba-56b15351f33d-110472919715086586-1
	at org.apache.hadoop.ozone.om.request.s3.multipart.S3MultipartUploadCompleteRequest.getMultipartDataSize(S3MultipartUploadCompleteRequest.java:502) ~[ozone-manager-1.4.0-SNAPSHOT.jar:?]
	at org.apache.hadoop.ozone.om.request.s3.multipart.S3MultipartUploadCompleteRequest.validateAndUpdateCache(S3MultipartUploadCompleteRequest.java:195) ~[ozone-manager-1.4.0-SNAPSHOT.jar:?]
	at org.apache.hadoop.ozone.protocolPB.OzoneManagerRequestHandler.handleWriteRequest(OzoneManagerRequestHandler.java:338) ~[ozone-manager-1.4.0-SNAPSHOT.jar:?]
	at org.apache.hadoop.ozone.om.ratis.OzoneManagerStateMachine.runCommand(OzoneManagerStateMachine.java:567) ~[ozone-manager-1.4.0-SNAPSHOT.jar:?]
	at org.apache.hadoop.ozone.om.ratis.OzoneManagerStateMachine.lambda$1(OzoneManagerStateMachine.java:358) ~[ozone-manager-1.4.0-SNAPSHOT.jar:?]
	at java.util.concurrent.CompletableFuture$AsyncSupply.run(CompletableFuture.java:1604) [?:1.8.0_372]
	at java.util.concurrent.ThreadPoolExecutor.runWorker(ThreadPoolExecutor.java:1149) [?:1.8.0_372]
	at java.util.concurrent.ThreadPoolExecutor$Worker.run(ThreadPoolExecutor.java:624) [?:1.8.0_372]
	at java.lang.Thread.run(Thread.java:750) [?:1.8.0_372]
2023-06-02 05:16:19,076 [OM StateMachine ApplyTransaction Thread - 0] ERROR multipart.S3MultipartUploadCompleteRequest (S3MultipartUploadCompleteRequest.java:logResult(346)) - MultipartUpload Complete request failed for Key: 3b780182-5b28-4965-b118-47213cc019fa in Volume/Bucket 9a7ada17-f351-4c52-ab6a-35b00002b7d3/424f497f-38c4-44e1-b1ad-45da2232b8bb
INVALID_PART org.apache.hadoop.ozone.om.exceptions.OMException: Complete Multipart Upload Failed: volume: 9a7ada17-f351-4c52-ab6a-35b00002b7d3 bucket: 424f497f-38c4-44e1-b1ad-45da2232b8bb key: 3b780182-5b28-4965-b118-47213cc019fa. Provided Part info is { acaad6c4-62f1-4403-9655-6756b16699d6, 1}, whereas OM has partName /9a7ada17-f351-4c52-ab6a-35b00002b7d3/424f497f-38c4-44e1-b1ad-45da2232b8bb/3b780182-5b28-4965-b118-47213cc019fa-1fb9e066-0f45-4d21-bcba-56b15351f33d-110472919715086586-1
	at org.apache.hadoop.ozone.om.request.s3.multipart.S3MultipartUploadCompleteRequest.getMultipartDataSize(S3MultipartUploadCompleteRequest.java:502)
	at org.apache.hadoop.ozone.om.request.s3.multipart.S3MultipartUploadCompleteRequest.validateAndUpdateCache(S3MultipartUploadCompleteRequest.java:195)
	at org.apache.hadoop.ozone.protocolPB.OzoneManagerRequestHandler.handleWriteRequest(OzoneManagerRequestHandler.java:338)
	at org.apache.hadoop.ozone.om.ratis.OzoneManagerStateMachine.runCommand(OzoneManagerStateMachine.java:567)
	at org.apache.hadoop.ozone.om.ratis.OzoneManagerStateMachine.lambda$1(OzoneManagerStateMachine.java:358)
	at java.util.concurrent.CompletableFuture$AsyncSupply.run(CompletableFuture.java:1604)
	at java.util.concurrent.ThreadPoolExecutor.runWorker(ThreadPoolExecutor.java:1149)
	at java.util.concurrent.ThreadPoolExecutor$Worker.run(ThreadPoolExecutor.java:624)
	at java.lang.Thread.run(Thread.java:750)
]]></system-out>
  </testcase>
  <testcase name="testMultipartUploadWithPartsMisMatchWithListSizeDifferent" classname="org.apache.hadoop.ozone.client.rpc.TestSecureOzoneRpcClient" time="0.013">
    <system-out><![CDATA[2023-06-02 05:16:19,078 [main] INFO  rpc.RpcClient (RpcClient.java:createVolume(459)) - Creating Volume: 35f4c336-b394-4a64-9f35-6e8aaeded67f, with runner as owner and space quota set to -1 bytes, counts quota set to -1
2023-06-02 05:16:19,080 [OM StateMachine ApplyTransaction Thread - 0] INFO  volume.OMVolumeCreateRequest (OMVolumeCreateRequest.java:validateAndUpdateCache(196)) - created volume:35f4c336-b394-4a64-9f35-6e8aaeded67f for user:runner
2023-06-02 05:16:19,082 [main] INFO  rpc.RpcClient (RpcClient.java:createBucket(686)) - Creating Bucket: 35f4c336-b394-4a64-9f35-6e8aaeded67f/8c73cd19-02eb-453a-bd75-9817346fb1a4, with server-side default bucket layout, runner as owner, Versioning false, Storage Type set to DISK and Encryption set to false, Replication Type set to server-side default replication type, Namespace Quota set to -1, Space Quota set to -1 
2023-06-02 05:16:19,084 [OM StateMachine ApplyTransaction Thread - 0] INFO  bucket.OMBucketCreateRequest (OMBucketCreateRequest.java:validateAndUpdateCache(270)) - created bucket: 8c73cd19-02eb-453a-bd75-9817346fb1a4 of layout OBJECT_STORE in volume: 35f4c336-b394-4a64-9f35-6e8aaeded67f
2023-06-02 05:16:19,089 [OM StateMachine ApplyTransaction Thread - 0] ERROR multipart.S3MultipartUploadCompleteRequest (S3MultipartUploadCompleteRequest.java:validateAndUpdateCache(181)) - Complete MultipartUpload failed for key /35f4c336-b394-4a64-9f35-6e8aaeded67f/8c73cd19-02eb-453a-bd75-9817346fb1a4/997c45ce-6863-4dd3-b57f-9d8b08ebc189 , MPU Key has no parts in OM, parts given to upload are [partNumber: 1
partName: "443ea376-e4b2-4a90-a962-d8f6d3f4c657"
]
05:16:19.090 [OM StateMachine ApplyTransaction Thread - 0] ERROR OMAudit - user=runner | ip=127.0.0.1 | op=COMPLETE_MULTIPART_UPLOAD {volume=35f4c336-b394-4a64-9f35-6e8aaeded67f, bucket=8c73cd19-02eb-453a-bd75-9817346fb1a4, key=997c45ce-6863-4dd3-b57f-9d8b08ebc189, dataSize=0, replicationType=NONE, replicationFactor=ZERO, multipartList=[partNumber: 1 partName: "443ea376-e4b2-4a90-a962-d8f6d3f4c657" ]} | ret=FAILURE
org.apache.hadoop.ozone.om.exceptions.OMException: Complete Multipart Upload Failed: volume: 35f4c336-b394-4a64-9f35-6e8aaeded67f bucket: 8c73cd19-02eb-453a-bd75-9817346fb1a4 key: 997c45ce-6863-4dd3-b57f-9d8b08ebc189
	at org.apache.hadoop.ozone.om.request.s3.multipart.S3MultipartUploadCompleteRequest.validateAndUpdateCache(S3MultipartUploadCompleteRequest.java:184) ~[ozone-manager-1.4.0-SNAPSHOT.jar:?]
	at org.apache.hadoop.ozone.protocolPB.OzoneManagerRequestHandler.handleWriteRequest(OzoneManagerRequestHandler.java:338) ~[ozone-manager-1.4.0-SNAPSHOT.jar:?]
	at org.apache.hadoop.ozone.om.ratis.OzoneManagerStateMachine.runCommand(OzoneManagerStateMachine.java:567) ~[ozone-manager-1.4.0-SNAPSHOT.jar:?]
	at org.apache.hadoop.ozone.om.ratis.OzoneManagerStateMachine.lambda$1(OzoneManagerStateMachine.java:358) ~[ozone-manager-1.4.0-SNAPSHOT.jar:?]
	at java.util.concurrent.CompletableFuture$AsyncSupply.run(CompletableFuture.java:1604) [?:1.8.0_372]
	at java.util.concurrent.ThreadPoolExecutor.runWorker(ThreadPoolExecutor.java:1149) [?:1.8.0_372]
	at java.util.concurrent.ThreadPoolExecutor$Worker.run(ThreadPoolExecutor.java:624) [?:1.8.0_372]
	at java.lang.Thread.run(Thread.java:750) [?:1.8.0_372]
2023-06-02 05:16:19,090 [OM StateMachine ApplyTransaction Thread - 0] ERROR multipart.S3MultipartUploadCompleteRequest (S3MultipartUploadCompleteRequest.java:logResult(346)) - MultipartUpload Complete request failed for Key: 997c45ce-6863-4dd3-b57f-9d8b08ebc189 in Volume/Bucket 35f4c336-b394-4a64-9f35-6e8aaeded67f/8c73cd19-02eb-453a-bd75-9817346fb1a4
INVALID_PART org.apache.hadoop.ozone.om.exceptions.OMException: Complete Multipart Upload Failed: volume: 35f4c336-b394-4a64-9f35-6e8aaeded67f bucket: 8c73cd19-02eb-453a-bd75-9817346fb1a4 key: 997c45ce-6863-4dd3-b57f-9d8b08ebc189
	at org.apache.hadoop.ozone.om.request.s3.multipart.S3MultipartUploadCompleteRequest.validateAndUpdateCache(S3MultipartUploadCompleteRequest.java:184)
	at org.apache.hadoop.ozone.protocolPB.OzoneManagerRequestHandler.handleWriteRequest(OzoneManagerRequestHandler.java:338)
	at org.apache.hadoop.ozone.om.ratis.OzoneManagerStateMachine.runCommand(OzoneManagerStateMachine.java:567)
	at org.apache.hadoop.ozone.om.ratis.OzoneManagerStateMachine.lambda$1(OzoneManagerStateMachine.java:358)
	at java.util.concurrent.CompletableFuture$AsyncSupply.run(CompletableFuture.java:1604)
	at java.util.concurrent.ThreadPoolExecutor.runWorker(ThreadPoolExecutor.java:1149)
	at java.util.concurrent.ThreadPoolExecutor$Worker.run(ThreadPoolExecutor.java:624)
	at java.lang.Thread.run(Thread.java:750)
]]></system-out>
  </testcase>
  <testcase name="testNativeAclsForBucket" classname="org.apache.hadoop.ozone.client.rpc.TestSecureOzoneRpcClient" time="0.097">
    <system-out><![CDATA[2023-06-02 05:16:19,091 [main] INFO  rpc.RpcClient (RpcClient.java:createVolume(459)) - Creating Volume: 63c52210-02ea-46c2-868e-b2fcd46fc4a1, with runner as owner and space quota set to -1 bytes, counts quota set to -1
2023-06-02 05:16:19,093 [OM StateMachine ApplyTransaction Thread - 0] INFO  volume.OMVolumeCreateRequest (OMVolumeCreateRequest.java:validateAndUpdateCache(196)) - created volume:63c52210-02ea-46c2-868e-b2fcd46fc4a1 for user:runner
2023-06-02 05:16:19,095 [main] INFO  rpc.RpcClient (RpcClient.java:createBucket(686)) - Creating Bucket: 63c52210-02ea-46c2-868e-b2fcd46fc4a1/3a36b0ab-39ff-43e0-bd16-c2bccb97cd42, with server-side default bucket layout, runner as owner, Versioning false, Storage Type set to DISK and Encryption set to false, Replication Type set to server-side default replication type, Namespace Quota set to -1, Space Quota set to -1 
2023-06-02 05:16:19,097 [OM StateMachine ApplyTransaction Thread - 0] INFO  bucket.OMBucketCreateRequest (OMBucketCreateRequest.java:validateAndUpdateCache(270)) - created bucket: 3a36b0ab-39ff-43e0-bd16-c2bccb97cd42 of layout OBJECT_STORE in volume: 63c52210-02ea-46c2-868e-b2fcd46fc4a1
2023-06-02 05:16:19,182 [main] INFO  rpc.RpcClient (RpcClient.java:createBucket(686)) - Creating Bucket: 63c52210-02ea-46c2-868e-b2fcd46fc4a1/3a36b0ab-39ff-43e0-bd16-c2bccb97cd42, with server-side default bucket layout, runner as owner, Versioning false, Storage Type set to DISK and Encryption set to false, Replication Type set to server-side default replication type, Namespace Quota set to -1, Space Quota set to -1 
2023-06-02 05:16:19,185 [OM StateMachine ApplyTransaction Thread - 0] INFO  bucket.OMBucketCreateRequest (OMBucketCreateRequest.java:validateAndUpdateCache(270)) - created bucket: 3a36b0ab-39ff-43e0-bd16-c2bccb97cd42 of layout OBJECT_STORE in volume: 63c52210-02ea-46c2-868e-b2fcd46fc4a1
]]></system-out>
  </testcase>
  <testcase name="testNativeAclsForKey" classname="org.apache.hadoop.ozone.client.rpc.TestSecureOzoneRpcClient" time="0.221">
    <system-out><![CDATA[2023-06-02 05:16:19,189 [main] INFO  rpc.RpcClient (RpcClient.java:createVolume(459)) - Creating Volume: d0ab8375-ce32-4f9d-8f15-a9e50c2424e8, with runner as owner and space quota set to -1 bytes, counts quota set to -1
2023-06-02 05:16:19,191 [OM StateMachine ApplyTransaction Thread - 0] INFO  volume.OMVolumeCreateRequest (OMVolumeCreateRequest.java:validateAndUpdateCache(196)) - created volume:d0ab8375-ce32-4f9d-8f15-a9e50c2424e8 for user:runner
2023-06-02 05:16:19,192 [main] INFO  rpc.RpcClient (RpcClient.java:createBucket(686)) - Creating Bucket: d0ab8375-ce32-4f9d-8f15-a9e50c2424e8/268b614c-cfe3-4651-857c-d3f0272db29c, with server-side default bucket layout, runner as owner, Versioning false, Storage Type set to DISK and Encryption set to false, Replication Type set to server-side default replication type, Namespace Quota set to -1, Space Quota set to -1 
2023-06-02 05:16:19,194 [OM StateMachine ApplyTransaction Thread - 0] INFO  bucket.OMBucketCreateRequest (OMBucketCreateRequest.java:validateAndUpdateCache(270)) - created bucket: 268b614c-cfe3-4651-857c-d3f0272db29c of layout OBJECT_STORE in volume: d0ab8375-ce32-4f9d-8f15-a9e50c2424e8
]]></system-out>
  </testcase>
  <testcase name="testNativeAclsForPrefix" classname="org.apache.hadoop.ozone.client.rpc.TestSecureOzoneRpcClient" time="0.095">
    <system-out><![CDATA[2023-06-02 05:16:19,411 [main] INFO  rpc.RpcClient (RpcClient.java:createVolume(459)) - Creating Volume: 62bd7940-a8e2-408f-bcd0-168555d16af0, with runner as owner and space quota set to -1 bytes, counts quota set to -1
2023-06-02 05:16:19,413 [OM StateMachine ApplyTransaction Thread - 0] INFO  volume.OMVolumeCreateRequest (OMVolumeCreateRequest.java:validateAndUpdateCache(196)) - created volume:62bd7940-a8e2-408f-bcd0-168555d16af0 for user:runner
2023-06-02 05:16:19,414 [main] INFO  rpc.RpcClient (RpcClient.java:createBucket(686)) - Creating Bucket: 62bd7940-a8e2-408f-bcd0-168555d16af0/97406c8e-9f11-48ca-b225-ddc178deadc6, with server-side default bucket layout, runner as owner, Versioning false, Storage Type set to DISK and Encryption set to false, Replication Type set to server-side default replication type, Namespace Quota set to -1, Space Quota set to -1 
2023-06-02 05:16:19,416 [OM StateMachine ApplyTransaction Thread - 0] INFO  bucket.OMBucketCreateRequest (OMBucketCreateRequest.java:validateAndUpdateCache(270)) - created bucket: 97406c8e-9f11-48ca-b225-ddc178deadc6 of layout OBJECT_STORE in volume: 62bd7940-a8e2-408f-bcd0-168555d16af0
]]></system-out>
  </testcase>
  <testcase name="testNativeAclsForVolume" classname="org.apache.hadoop.ozone.client.rpc.TestSecureOzoneRpcClient" time="0.061">
    <system-out><![CDATA[2023-06-02 05:16:19,506 [main] INFO  rpc.RpcClient (RpcClient.java:createVolume(459)) - Creating Volume: 0b2cab88-6420-48c8-ab95-d9dbf9e4bfc3, with runner as owner and space quota set to -1 bytes, counts quota set to -1
2023-06-02 05:16:19,508 [OM StateMachine ApplyTransaction Thread - 0] INFO  volume.OMVolumeCreateRequest (OMVolumeCreateRequest.java:validateAndUpdateCache(196)) - created volume:0b2cab88-6420-48c8-ab95-d9dbf9e4bfc3 for user:runner
]]></system-out>
  </testcase>
  <testcase name="testNoSuchUploadError" classname="org.apache.hadoop.ozone.client.rpc.TestSecureOzoneRpcClient" time="0.01">
    <system-out><![CDATA[2023-06-02 05:16:19,568 [main] INFO  rpc.RpcClient (RpcClient.java:createVolume(459)) - Creating Volume: 2231cdec-fcfb-4848-9f4e-8047605b26fa, with runner as owner and space quota set to -1 bytes, counts quota set to -1
2023-06-02 05:16:19,570 [OM StateMachine ApplyTransaction Thread - 0] INFO  volume.OMVolumeCreateRequest (OMVolumeCreateRequest.java:validateAndUpdateCache(196)) - created volume:2231cdec-fcfb-4848-9f4e-8047605b26fa for user:runner
2023-06-02 05:16:19,572 [main] INFO  rpc.RpcClient (RpcClient.java:createBucket(686)) - Creating Bucket: 2231cdec-fcfb-4848-9f4e-8047605b26fa/55605668-3c32-4d32-859c-ab449d4319cc, with server-side default bucket layout, runner as owner, Versioning false, Storage Type set to DISK and Encryption set to false, Replication Type set to server-side default replication type, Namespace Quota set to -1, Space Quota set to -1 
2023-06-02 05:16:19,573 [OM StateMachine ApplyTransaction Thread - 0] INFO  bucket.OMBucketCreateRequest (OMBucketCreateRequest.java:validateAndUpdateCache(270)) - created bucket: 55605668-3c32-4d32-859c-ab449d4319cc of layout OBJECT_STORE in volume: 2231cdec-fcfb-4848-9f4e-8047605b26fa
05:16:19.577 [OM StateMachine ApplyTransaction Thread - 0] ERROR OMAudit - user=runner | ip=127.0.0.1 | op=ALLOCATE_KEY {volume=2231cdec-fcfb-4848-9f4e-8047605b26fa, bucket=55605668-3c32-4d32-859c-ab449d4319cc, key=af08b781-41d6-4c19-b2c0-4ea66a19a406, dataSize=12, replicationType=NONE, replicationFactor=ZERO} | ret=FAILURE
org.apache.hadoop.ozone.om.exceptions.OMException: No such Multipart upload is with specified uploadId random
	at org.apache.hadoop.ozone.om.request.key.OMKeyRequest.prepareMultipartFileInfo(OMKeyRequest.java:765) ~[ozone-manager-1.4.0-SNAPSHOT.jar:?]
	at org.apache.hadoop.ozone.om.request.key.OMKeyRequest.prepareFileInfo(OMKeyRequest.java:652) ~[ozone-manager-1.4.0-SNAPSHOT.jar:?]
	at org.apache.hadoop.ozone.om.request.key.OMKeyRequest.prepareKeyInfo(OMKeyRequest.java:629) ~[ozone-manager-1.4.0-SNAPSHOT.jar:?]
	at org.apache.hadoop.ozone.om.request.key.OMKeyCreateRequest.validateAndUpdateCache(OMKeyCreateRequest.java:277) ~[ozone-manager-1.4.0-SNAPSHOT.jar:?]
	at org.apache.hadoop.ozone.protocolPB.OzoneManagerRequestHandler.handleWriteRequest(OzoneManagerRequestHandler.java:338) ~[ozone-manager-1.4.0-SNAPSHOT.jar:?]
	at org.apache.hadoop.ozone.om.ratis.OzoneManagerStateMachine.runCommand(OzoneManagerStateMachine.java:567) ~[ozone-manager-1.4.0-SNAPSHOT.jar:?]
	at org.apache.hadoop.ozone.om.ratis.OzoneManagerStateMachine.lambda$1(OzoneManagerStateMachine.java:358) ~[ozone-manager-1.4.0-SNAPSHOT.jar:?]
	at java.util.concurrent.CompletableFuture$AsyncSupply.run(CompletableFuture.java:1604) [?:1.8.0_372]
	at java.util.concurrent.ThreadPoolExecutor.runWorker(ThreadPoolExecutor.java:1149) [?:1.8.0_372]
	at java.util.concurrent.ThreadPoolExecutor$Worker.run(ThreadPoolExecutor.java:624) [?:1.8.0_372]
	at java.lang.Thread.run(Thread.java:750) [?:1.8.0_372]
2023-06-02 05:16:19,578 [OM StateMachine ApplyTransaction Thread - 0] ERROR key.OMKeyCreateRequest (OMKeyCreateRequest.java:logResult(380)) - Key creation failed. Volume:2231cdec-fcfb-4848-9f4e-8047605b26fa, Bucket:55605668-3c32-4d32-859c-ab449d4319cc, Key:af08b781-41d6-4c19-b2c0-4ea66a19a406. 
NO_SUCH_MULTIPART_UPLOAD_ERROR org.apache.hadoop.ozone.om.exceptions.OMException: No such Multipart upload is with specified uploadId random
	at org.apache.hadoop.ozone.om.request.key.OMKeyRequest.prepareMultipartFileInfo(OMKeyRequest.java:765)
	at org.apache.hadoop.ozone.om.request.key.OMKeyRequest.prepareFileInfo(OMKeyRequest.java:652)
	at org.apache.hadoop.ozone.om.request.key.OMKeyRequest.prepareKeyInfo(OMKeyRequest.java:629)
	at org.apache.hadoop.ozone.om.request.key.OMKeyCreateRequest.validateAndUpdateCache(OMKeyCreateRequest.java:277)
	at org.apache.hadoop.ozone.protocolPB.OzoneManagerRequestHandler.handleWriteRequest(OzoneManagerRequestHandler.java:338)
	at org.apache.hadoop.ozone.om.ratis.OzoneManagerStateMachine.runCommand(OzoneManagerStateMachine.java:567)
	at org.apache.hadoop.ozone.om.ratis.OzoneManagerStateMachine.lambda$1(OzoneManagerStateMachine.java:358)
	at java.util.concurrent.CompletableFuture$AsyncSupply.run(CompletableFuture.java:1604)
	at java.util.concurrent.ThreadPoolExecutor.runWorker(ThreadPoolExecutor.java:1149)
	at java.util.concurrent.ThreadPoolExecutor$Worker.run(ThreadPoolExecutor.java:624)
	at java.lang.Thread.run(Thread.java:750)
]]></system-out>
  </testcase>
  <testcase name="testOMClientProxyProvider" classname="org.apache.hadoop.ozone.client.rpc.TestSecureOzoneRpcClient" time="0.001"/>
  <testcase name="testOverWriteKeyWithAndWithOutVersioning" classname="org.apache.hadoop.ozone.client.rpc.TestSecureOzoneRpcClient" time="0.463">
    <failure type="java.lang.AssertionError"><![CDATA[java.lang.AssertionError
	at org.junit.Assert.fail(Assert.java:87)
	at org.junit.Assert.assertTrue(Assert.java:42)
	at org.junit.Assert.assertTrue(Assert.java:53)
	at org.apache.hadoop.ozone.client.rpc.TestOzoneRpcClientAbstract.checkExceptedResultForVersioningTest(TestOzoneRpcClientAbstract.java:4060)
	at org.apache.hadoop.ozone.client.rpc.TestOzoneRpcClientAbstract.testOverWriteKeyWithAndWithOutVersioning(TestOzoneRpcClientAbstract.java:4083)
	at sun.reflect.NativeMethodAccessorImpl.invoke0(Native Method)
	at sun.reflect.NativeMethodAccessorImpl.invoke(NativeMethodAccessorImpl.java:62)
	at sun.reflect.DelegatingMethodAccessorImpl.invoke(DelegatingMethodAccessorImpl.java:43)
	at java.lang.reflect.Method.invoke(Method.java:498)
	at org.junit.platform.commons.util.ReflectionUtils.invokeMethod(ReflectionUtils.java:725)
	at org.junit.jupiter.engine.execution.MethodInvocation.proceed(MethodInvocation.java:60)
	at org.junit.jupiter.engine.execution.InvocationInterceptorChain$ValidatingInvocation.proceed(InvocationInterceptorChain.java:131)
	at org.junit.jupiter.engine.extension.TimeoutInvocation.proceed(TimeoutInvocation.java:46)
	at org.junit.jupiter.engine.extension.TimeoutExtension.intercept(TimeoutExtension.java:149)
	at org.junit.jupiter.engine.extension.TimeoutExtension.interceptTestableMethod(TimeoutExtension.java:140)
	at org.junit.jupiter.engine.extension.TimeoutExtension.interceptTestMethod(TimeoutExtension.java:84)
	at org.junit.jupiter.engine.execution.ExecutableInvoker$ReflectiveInterceptorCall.lambda$ofVoidMethod$0(ExecutableInvoker.java:115)
	at org.junit.jupiter.engine.execution.ExecutableInvoker.lambda$invoke$0(ExecutableInvoker.java:105)
	at org.junit.jupiter.engine.execution.InvocationInterceptorChain$InterceptedInvocation.proceed(InvocationInterceptorChain.java:106)
	at org.junit.jupiter.engine.execution.InvocationInterceptorChain.proceed(InvocationInterceptorChain.java:64)
	at org.junit.jupiter.engine.execution.InvocationInterceptorChain.chainAndInvoke(InvocationInterceptorChain.java:45)
	at org.junit.jupiter.engine.execution.InvocationInterceptorChain.invoke(InvocationInterceptorChain.java:37)
	at org.junit.jupiter.engine.execution.ExecutableInvoker.invoke(ExecutableInvoker.java:104)
	at org.junit.jupiter.engine.execution.ExecutableInvoker.invoke(ExecutableInvoker.java:98)
	at org.junit.jupiter.engine.descriptor.TestMethodTestDescriptor.lambda$invokeTestMethod$7(TestMethodTestDescriptor.java:214)
	at org.junit.platform.engine.support.hierarchical.ThrowableCollector.execute(ThrowableCollector.java:73)
	at org.junit.jupiter.engine.descriptor.TestMethodTestDescriptor.invokeTestMethod(TestMethodTestDescriptor.java:210)
	at org.junit.jupiter.engine.descriptor.TestMethodTestDescriptor.execute(TestMethodTestDescriptor.java:135)
	at org.junit.jupiter.engine.descriptor.TestMethodTestDescriptor.execute(TestMethodTestDescriptor.java:66)
	at org.junit.platform.engine.support.hierarchical.NodeTestTask.lambda$executeRecursively$6(NodeTestTask.java:151)
	at org.junit.platform.engine.support.hierarchical.ThrowableCollector.execute(ThrowableCollector.java:73)
	at org.junit.platform.engine.support.hierarchical.NodeTestTask.lambda$executeRecursively$8(NodeTestTask.java:141)
	at org.junit.platform.engine.support.hierarchical.Node.around(Node.java:137)
	at org.junit.platform.engine.support.hierarchical.NodeTestTask.lambda$executeRecursively$9(NodeTestTask.java:139)
	at org.junit.platform.engine.support.hierarchical.ThrowableCollector.execute(ThrowableCollector.java:73)
	at org.junit.platform.engine.support.hierarchical.NodeTestTask.executeRecursively(NodeTestTask.java:138)
	at org.junit.platform.engine.support.hierarchical.NodeTestTask.execute(NodeTestTask.java:95)
	at java.util.ArrayList.forEach(ArrayList.java:1259)
	at org.junit.platform.engine.support.hierarchical.SameThreadHierarchicalTestExecutorService.invokeAll(SameThreadHierarchicalTestExecutorService.java:41)
	at org.junit.platform.engine.support.hierarchical.NodeTestTask.lambda$executeRecursively$6(NodeTestTask.java:155)
	at org.junit.platform.engine.support.hierarchical.ThrowableCollector.execute(ThrowableCollector.java:73)
	at org.junit.platform.engine.support.hierarchical.NodeTestTask.lambda$executeRecursively$8(NodeTestTask.java:141)
	at org.junit.platform.engine.support.hierarchical.Node.around(Node.java:137)
	at org.junit.platform.engine.support.hierarchical.NodeTestTask.lambda$executeRecursively$9(NodeTestTask.java:139)
	at org.junit.platform.engine.support.hierarchical.ThrowableCollector.execute(ThrowableCollector.java:73)
	at org.junit.platform.engine.support.hierarchical.NodeTestTask.executeRecursively(NodeTestTask.java:138)
	at org.junit.platform.engine.support.hierarchical.NodeTestTask.execute(NodeTestTask.java:95)
	at java.util.ArrayList.forEach(ArrayList.java:1259)
	at org.junit.platform.engine.support.hierarchical.SameThreadHierarchicalTestExecutorService.invokeAll(SameThreadHierarchicalTestExecutorService.java:41)
	at org.junit.platform.engine.support.hierarchical.NodeTestTask.lambda$executeRecursively$6(NodeTestTask.java:155)
	at org.junit.platform.engine.support.hierarchical.ThrowableCollector.execute(ThrowableCollector.java:73)
	at org.junit.platform.engine.support.hierarchical.NodeTestTask.lambda$executeRecursively$8(NodeTestTask.java:141)
	at org.junit.platform.engine.support.hierarchical.Node.around(Node.java:137)
	at org.junit.platform.engine.support.hierarchical.NodeTestTask.lambda$executeRecursively$9(NodeTestTask.java:139)
	at org.junit.platform.engine.support.hierarchical.ThrowableCollector.execute(ThrowableCollector.java:73)
	at org.junit.platform.engine.support.hierarchical.NodeTestTask.executeRecursively(NodeTestTask.java:138)
	at org.junit.platform.engine.support.hierarchical.NodeTestTask.execute(NodeTestTask.java:95)
	at org.junit.platform.engine.support.hierarchical.SameThreadHierarchicalTestExecutorService.submit(SameThreadHierarchicalTestExecutorService.java:35)
	at org.junit.platform.engine.support.hierarchical.HierarchicalTestExecutor.execute(HierarchicalTestExecutor.java:57)
	at org.junit.platform.engine.support.hierarchical.HierarchicalTestEngine.execute(HierarchicalTestEngine.java:54)
	at org.junit.platform.launcher.core.EngineExecutionOrchestrator.execute(EngineExecutionOrchestrator.java:107)
	at org.junit.platform.launcher.core.EngineExecutionOrchestrator.execute(EngineExecutionOrchestrator.java:88)
	at org.junit.platform.launcher.core.EngineExecutionOrchestrator.lambda$execute$0(EngineExecutionOrchestrator.java:54)
	at org.junit.platform.launcher.core.EngineExecutionOrchestrator.withInterceptedStreams(EngineExecutionOrchestrator.java:67)
	at org.junit.platform.launcher.core.EngineExecutionOrchestrator.execute(EngineExecutionOrchestrator.java:52)
	at org.junit.platform.launcher.core.DefaultLauncher.execute(DefaultLauncher.java:114)
	at org.junit.platform.launcher.core.DefaultLauncher.execute(DefaultLauncher.java:86)
	at org.junit.platform.launcher.core.DefaultLauncherSession$DelegatingLauncher.execute(DefaultLauncherSession.java:86)
	at org.junit.platform.launcher.core.SessionPerRequestLauncher.execute(SessionPerRequestLauncher.java:53)
	at org.apache.maven.surefire.junitplatform.JUnitPlatformProvider.execute(JUnitPlatformProvider.java:188)
	at org.apache.maven.surefire.junitplatform.JUnitPlatformProvider.invokeAllTests(JUnitPlatformProvider.java:154)
	at org.apache.maven.surefire.junitplatform.JUnitPlatformProvider.invoke(JUnitPlatformProvider.java:124)
	at org.apache.maven.surefire.booter.ForkedBooter.runSuitesInProcess(ForkedBooter.java:428)
	at org.apache.maven.surefire.booter.ForkedBooter.execute(ForkedBooter.java:162)
	at org.apache.maven.surefire.booter.ForkedBooter.run(ForkedBooter.java:562)
	at org.apache.maven.surefire.booter.ForkedBooter.main(ForkedBooter.java:548)
]]></failure>
    <system-out><![CDATA[2023-06-02 05:16:19,581 [main] INFO  rpc.RpcClient (RpcClient.java:createVolume(459)) - Creating Volume: 1c6a820b-8e66-4017-a73d-f261a8907839, with runner as owner and space quota set to -1 bytes, counts quota set to -1
2023-06-02 05:16:19,583 [OM StateMachine ApplyTransaction Thread - 0] INFO  volume.OMVolumeCreateRequest (OMVolumeCreateRequest.java:validateAndUpdateCache(196)) - created volume:1c6a820b-8e66-4017-a73d-f261a8907839 for user:runner
2023-06-02 05:16:19,584 [main] INFO  rpc.RpcClient (RpcClient.java:createBucket(686)) - Creating Bucket: 1c6a820b-8e66-4017-a73d-f261a8907839/e2498c02-3258-45f5-9dfc-40118ac76669, with bucket layout OBJECT_STORE, runner as owner, Versioning false, Storage Type set to DISK and Encryption set to false, Replication Type set to server-side default replication type, Namespace Quota set to -1, Space Quota set to -1 
2023-06-02 05:16:19,586 [OM StateMachine ApplyTransaction Thread - 0] INFO  bucket.OMBucketCreateRequest (OMBucketCreateRequest.java:validateAndUpdateCache(270)) - created bucket: e2498c02-3258-45f5-9dfc-40118ac76669 of layout OBJECT_STORE in volume: 1c6a820b-8e66-4017-a73d-f261a8907839
2023-06-02 05:16:19,951 [SstFilteringService#0] WARN  server.ServerUtils (ServerUtils.java:getDBPath(311)) - ozone.om.db.dirs is not configured. We recommend adding this setting. Falling back to ozone.metadata.dirs instead.
2023-06-02 05:16:19,952 [SstFilteringService#0] INFO  helpers.OmKeyInfo (OmKeyInfo.java:getCodec(71)) - OmKeyInfo.getCodec ignorePipeline = true
2023-06-02 05:16:19,988 [IPC Server handler 5 on default port 15001] INFO  ha.SequenceIdGenerator (SequenceIdGenerator.java:getNextId(128)) - Allocate a batch for delTxnId, change lastId from 0 to 1000.
]]></system-out>
  </testcase>
  <testcase name="testPutKey" classname="org.apache.hadoop.ozone.client.rpc.TestSecureOzoneRpcClient" time="0.371">
    <system-out><![CDATA[2023-06-02 05:16:20,050 [main] INFO  rpc.RpcClient (RpcClient.java:createVolume(459)) - Creating Volume: c510fa92-cb01-4b27-9a20-40a4a429bef7, with runner as owner and space quota set to -1 bytes, counts quota set to -1
2023-06-02 05:16:20,054 [OM StateMachine ApplyTransaction Thread - 0] INFO  volume.OMVolumeCreateRequest (OMVolumeCreateRequest.java:validateAndUpdateCache(196)) - created volume:c510fa92-cb01-4b27-9a20-40a4a429bef7 for user:runner
2023-06-02 05:16:20,057 [main] INFO  rpc.RpcClient (RpcClient.java:createBucket(686)) - Creating Bucket: c510fa92-cb01-4b27-9a20-40a4a429bef7/09988b71-8055-4b97-a1a0-e9f7f516421f, with server-side default bucket layout, runner as owner, Versioning false, Storage Type set to DISK and Encryption set to false, Replication Type set to server-side default replication type, Namespace Quota set to -1, Space Quota set to -1 
2023-06-02 05:16:20,059 [OM StateMachine ApplyTransaction Thread - 0] INFO  bucket.OMBucketCreateRequest (OMBucketCreateRequest.java:validateAndUpdateCache(270)) - created bucket: 09988b71-8055-4b97-a1a0-e9f7f516421f of layout OBJECT_STORE in volume: c510fa92-cb01-4b27-9a20-40a4a429bef7
2023-06-02 05:16:20,074 [SstFilteringService#0] WARN  server.ServerUtils (ServerUtils.java:getDBPath(311)) - ozone.om.db.dirs is not configured. We recommend adding this setting. Falling back to ozone.metadata.dirs instead.
2023-06-02 05:16:20,075 [SstFilteringService#0] INFO  helpers.OmKeyInfo (OmKeyInfo.java:getCodec(71)) - OmKeyInfo.getCodec ignorePipeline = true
2023-06-02 05:16:20,086 [IPC Server handler 1 on default port 15001] WARN  node.SCMNodeManager (SCMNodeManager.java:getNodesByAddress(1381)) - Cannot find node for address 127.0.0.1
2023-06-02 05:16:20,091 [IPC Server handler 6 on default port 15001] WARN  node.SCMNodeManager (SCMNodeManager.java:getNodesByAddress(1381)) - Cannot find node for address 127.0.0.1
2023-06-02 05:16:20,123 [IPC Server handler 16 on default port 15001] WARN  node.SCMNodeManager (SCMNodeManager.java:getNodesByAddress(1381)) - Cannot find node for address 127.0.0.1
2023-06-02 05:16:20,128 [IPC Server handler 2 on default port 15001] WARN  node.SCMNodeManager (SCMNodeManager.java:getNodesByAddress(1381)) - Cannot find node for address 127.0.0.1
2023-06-02 05:16:20,162 [IPC Server handler 4 on default port 15001] WARN  node.SCMNodeManager (SCMNodeManager.java:getNodesByAddress(1381)) - Cannot find node for address 127.0.0.1
2023-06-02 05:16:20,166 [IPC Server handler 9 on default port 15001] WARN  node.SCMNodeManager (SCMNodeManager.java:getNodesByAddress(1381)) - Cannot find node for address 127.0.0.1
2023-06-02 05:16:20,196 [IPC Server handler 17 on default port 15001] WARN  node.SCMNodeManager (SCMNodeManager.java:getNodesByAddress(1381)) - Cannot find node for address 127.0.0.1
2023-06-02 05:16:20,200 [IPC Server handler 3 on default port 15001] WARN  node.SCMNodeManager (SCMNodeManager.java:getNodesByAddress(1381)) - Cannot find node for address 127.0.0.1
2023-06-02 05:16:20,237 [IPC Server handler 10 on default port 15001] WARN  node.SCMNodeManager (SCMNodeManager.java:getNodesByAddress(1381)) - Cannot find node for address 127.0.0.1
2023-06-02 05:16:20,241 [IPC Server handler 19 on default port 15001] WARN  node.SCMNodeManager (SCMNodeManager.java:getNodesByAddress(1381)) - Cannot find node for address 127.0.0.1
2023-06-02 05:16:20,268 [IPC Server handler 7 on default port 15001] WARN  node.SCMNodeManager (SCMNodeManager.java:getNodesByAddress(1381)) - Cannot find node for address 127.0.0.1
2023-06-02 05:16:20,272 [IPC Server handler 11 on default port 15001] WARN  node.SCMNodeManager (SCMNodeManager.java:getNodesByAddress(1381)) - Cannot find node for address 127.0.0.1
2023-06-02 05:16:20,304 [IPC Server handler 8 on default port 15001] WARN  node.SCMNodeManager (SCMNodeManager.java:getNodesByAddress(1381)) - Cannot find node for address 127.0.0.1
2023-06-02 05:16:20,308 [IPC Server handler 12 on default port 15001] WARN  node.SCMNodeManager (SCMNodeManager.java:getNodesByAddress(1381)) - Cannot find node for address 127.0.0.1
2023-06-02 05:16:20,333 [IPC Server handler 6 on default port 15001] WARN  node.SCMNodeManager (SCMNodeManager.java:getNodesByAddress(1381)) - Cannot find node for address 127.0.0.1
2023-06-02 05:16:20,337 [IPC Server handler 15 on default port 15001] WARN  node.SCMNodeManager (SCMNodeManager.java:getNodesByAddress(1381)) - Cannot find node for address 127.0.0.1
2023-06-02 05:16:20,364 [IPC Server handler 2 on default port 15001] WARN  node.SCMNodeManager (SCMNodeManager.java:getNodesByAddress(1381)) - Cannot find node for address 127.0.0.1
2023-06-02 05:16:20,368 [IPC Server handler 14 on default port 15001] WARN  node.SCMNodeManager (SCMNodeManager.java:getNodesByAddress(1381)) - Cannot find node for address 127.0.0.1
2023-06-02 05:16:20,394 [IPC Server handler 9 on default port 15001] WARN  node.SCMNodeManager (SCMNodeManager.java:getNodesByAddress(1381)) - Cannot find node for address 127.0.0.1
2023-06-02 05:16:20,398 [IPC Server handler 18 on default port 15001] WARN  node.SCMNodeManager (SCMNodeManager.java:getNodesByAddress(1381)) - Cannot find node for address 127.0.0.1
]]></system-out>
  </testcase>
  <testcase name="testPutKeyRatisOneNode" classname="org.apache.hadoop.ozone.client.rpc.TestSecureOzoneRpcClient" time="0.346">
    <system-out><![CDATA[2023-06-02 05:16:20,423 [main] INFO  rpc.RpcClient (RpcClient.java:createVolume(459)) - Creating Volume: 084be3fa-01a8-4aa6-91b1-2223087bf3a2, with runner as owner and space quota set to -1 bytes, counts quota set to -1
2023-06-02 05:16:20,427 [OM StateMachine ApplyTransaction Thread - 0] INFO  volume.OMVolumeCreateRequest (OMVolumeCreateRequest.java:validateAndUpdateCache(196)) - created volume:084be3fa-01a8-4aa6-91b1-2223087bf3a2 for user:runner
2023-06-02 05:16:20,429 [main] INFO  rpc.RpcClient (RpcClient.java:createBucket(686)) - Creating Bucket: 084be3fa-01a8-4aa6-91b1-2223087bf3a2/f7f96749-622b-489c-b1a3-fc24963807f7, with server-side default bucket layout, runner as owner, Versioning false, Storage Type set to DISK and Encryption set to false, Replication Type set to server-side default replication type, Namespace Quota set to -1, Space Quota set to -1 
2023-06-02 05:16:20,431 [OM StateMachine ApplyTransaction Thread - 0] INFO  bucket.OMBucketCreateRequest (OMBucketCreateRequest.java:validateAndUpdateCache(270)) - created bucket: f7f96749-622b-489c-b1a3-fc24963807f7 of layout OBJECT_STORE in volume: 084be3fa-01a8-4aa6-91b1-2223087bf3a2
2023-06-02 05:16:20,455 [IPC Server handler 3 on default port 15001] WARN  node.SCMNodeManager (SCMNodeManager.java:getNodesByAddress(1381)) - Cannot find node for address 127.0.0.1
2023-06-02 05:16:20,459 [IPC Server handler 0 on default port 15001] WARN  node.SCMNodeManager (SCMNodeManager.java:getNodesByAddress(1381)) - Cannot find node for address 127.0.0.1
2023-06-02 05:16:20,491 [IPC Server handler 19 on default port 15001] WARN  node.SCMNodeManager (SCMNodeManager.java:getNodesByAddress(1381)) - Cannot find node for address 127.0.0.1
2023-06-02 05:16:20,495 [IPC Server handler 13 on default port 15001] WARN  node.SCMNodeManager (SCMNodeManager.java:getNodesByAddress(1381)) - Cannot find node for address 127.0.0.1
2023-06-02 05:16:20,521 [IPC Server handler 11 on default port 15001] WARN  node.SCMNodeManager (SCMNodeManager.java:getNodesByAddress(1381)) - Cannot find node for address 127.0.0.1
2023-06-02 05:16:20,525 [IPC Server handler 5 on default port 15001] WARN  node.SCMNodeManager (SCMNodeManager.java:getNodesByAddress(1381)) - Cannot find node for address 127.0.0.1
2023-06-02 05:16:20,554 [IPC Server handler 12 on default port 15001] WARN  node.SCMNodeManager (SCMNodeManager.java:getNodesByAddress(1381)) - Cannot find node for address 127.0.0.1
2023-06-02 05:16:20,561 [IPC Server handler 1 on default port 15001] WARN  node.SCMNodeManager (SCMNodeManager.java:getNodesByAddress(1381)) - Cannot find node for address 127.0.0.1
2023-06-02 05:16:20,588 [IPC Server handler 15 on default port 15001] WARN  node.SCMNodeManager (SCMNodeManager.java:getNodesByAddress(1381)) - Cannot find node for address 127.0.0.1
2023-06-02 05:16:20,592 [IPC Server handler 16 on default port 15001] WARN  node.SCMNodeManager (SCMNodeManager.java:getNodesByAddress(1381)) - Cannot find node for address 127.0.0.1
2023-06-02 05:16:20,624 [IPC Server handler 14 on default port 15001] WARN  node.SCMNodeManager (SCMNodeManager.java:getNodesByAddress(1381)) - Cannot find node for address 127.0.0.1
2023-06-02 05:16:20,628 [IPC Server handler 4 on default port 15001] WARN  node.SCMNodeManager (SCMNodeManager.java:getNodesByAddress(1381)) - Cannot find node for address 127.0.0.1
2023-06-02 05:16:20,653 [IPC Server handler 18 on default port 15001] WARN  node.SCMNodeManager (SCMNodeManager.java:getNodesByAddress(1381)) - Cannot find node for address 127.0.0.1
2023-06-02 05:16:20,657 [IPC Server handler 17 on default port 15001] WARN  node.SCMNodeManager (SCMNodeManager.java:getNodesByAddress(1381)) - Cannot find node for address 127.0.0.1
2023-06-02 05:16:20,688 [IPC Server handler 0 on default port 15001] WARN  node.SCMNodeManager (SCMNodeManager.java:getNodesByAddress(1381)) - Cannot find node for address 127.0.0.1
2023-06-02 05:16:20,692 [IPC Server handler 10 on default port 15001] WARN  node.SCMNodeManager (SCMNodeManager.java:getNodesByAddress(1381)) - Cannot find node for address 127.0.0.1
2023-06-02 05:16:20,719 [IPC Server handler 13 on default port 15001] WARN  node.SCMNodeManager (SCMNodeManager.java:getNodesByAddress(1381)) - Cannot find node for address 127.0.0.1
2023-06-02 05:16:20,723 [IPC Server handler 7 on default port 15001] WARN  node.SCMNodeManager (SCMNodeManager.java:getNodesByAddress(1381)) - Cannot find node for address 127.0.0.1
2023-06-02 05:16:20,754 [IPC Server handler 5 on default port 15001] WARN  node.SCMNodeManager (SCMNodeManager.java:getNodesByAddress(1381)) - Cannot find node for address 127.0.0.1
2023-06-02 05:16:20,758 [IPC Server handler 8 on default port 15001] WARN  node.SCMNodeManager (SCMNodeManager.java:getNodesByAddress(1381)) - Cannot find node for address 127.0.0.1
]]></system-out>
  </testcase>
  <testcase name="testPutKeyRatisThreeNodes" classname="org.apache.hadoop.ozone.client.rpc.TestSecureOzoneRpcClient" time="0.649">
    <system-out><![CDATA[2023-06-02 05:16:20,771 [main] INFO  rpc.RpcClient (RpcClient.java:createVolume(459)) - Creating Volume: e36f7f52-9257-49a8-bc58-b92f17e3f9fa, with runner as owner and space quota set to -1 bytes, counts quota set to -1
2023-06-02 05:16:20,773 [OM StateMachine ApplyTransaction Thread - 0] INFO  volume.OMVolumeCreateRequest (OMVolumeCreateRequest.java:validateAndUpdateCache(196)) - created volume:e36f7f52-9257-49a8-bc58-b92f17e3f9fa for user:runner
2023-06-02 05:16:20,775 [main] INFO  rpc.RpcClient (RpcClient.java:createBucket(686)) - Creating Bucket: e36f7f52-9257-49a8-bc58-b92f17e3f9fa/72940a28-7646-414f-92ce-ceb5b588ebf4, with server-side default bucket layout, runner as owner, Versioning false, Storage Type set to DISK and Encryption set to false, Replication Type set to server-side default replication type, Namespace Quota set to -1, Space Quota set to -1 
2023-06-02 05:16:20,777 [OM StateMachine ApplyTransaction Thread - 0] INFO  bucket.OMBucketCreateRequest (OMBucketCreateRequest.java:validateAndUpdateCache(270)) - created bucket: 72940a28-7646-414f-92ce-ceb5b588ebf4 of layout OBJECT_STORE in volume: e36f7f52-9257-49a8-bc58-b92f17e3f9fa
2023-06-02 05:16:20,831 [IPC Server handler 1 on default port 15001] WARN  node.SCMNodeManager (SCMNodeManager.java:getNodesByAddress(1381)) - Cannot find node for address 127.0.0.1
2023-06-02 05:16:20,836 [IPC Server handler 6 on default port 15001] WARN  node.SCMNodeManager (SCMNodeManager.java:getNodesByAddress(1381)) - Cannot find node for address 127.0.0.1
2023-06-02 05:16:20,904 [IPC Server handler 16 on default port 15001] WARN  node.SCMNodeManager (SCMNodeManager.java:getNodesByAddress(1381)) - Cannot find node for address 127.0.0.1
2023-06-02 05:16:20,908 [IPC Server handler 2 on default port 15001] WARN  node.SCMNodeManager (SCMNodeManager.java:getNodesByAddress(1381)) - Cannot find node for address 127.0.0.1
2023-06-02 05:16:20,972 [IPC Server handler 4 on default port 15001] WARN  node.SCMNodeManager (SCMNodeManager.java:getNodesByAddress(1381)) - Cannot find node for address 127.0.0.1
2023-06-02 05:16:20,977 [IPC Server handler 9 on default port 15001] WARN  node.SCMNodeManager (SCMNodeManager.java:getNodesByAddress(1381)) - Cannot find node for address 127.0.0.1
2023-06-02 05:16:21,037 [IPC Server handler 17 on default port 15001] WARN  node.SCMNodeManager (SCMNodeManager.java:getNodesByAddress(1381)) - Cannot find node for address 127.0.0.1
2023-06-02 05:16:21,041 [IPC Server handler 3 on default port 15001] WARN  node.SCMNodeManager (SCMNodeManager.java:getNodesByAddress(1381)) - Cannot find node for address 127.0.0.1
2023-06-02 05:16:21,091 [IPC Server handler 10 on default port 15001] WARN  node.SCMNodeManager (SCMNodeManager.java:getNodesByAddress(1381)) - Cannot find node for address 127.0.0.1
2023-06-02 05:16:21,096 [IPC Server handler 19 on default port 15001] WARN  node.SCMNodeManager (SCMNodeManager.java:getNodesByAddress(1381)) - Cannot find node for address 127.0.0.1
2023-06-02 05:16:21,156 [IPC Server handler 7 on default port 15001] WARN  node.SCMNodeManager (SCMNodeManager.java:getNodesByAddress(1381)) - Cannot find node for address 127.0.0.1
2023-06-02 05:16:21,161 [IPC Server handler 11 on default port 15001] WARN  node.SCMNodeManager (SCMNodeManager.java:getNodesByAddress(1381)) - Cannot find node for address 127.0.0.1
2023-06-02 05:16:21,222 [IPC Server handler 8 on default port 15001] WARN  node.SCMNodeManager (SCMNodeManager.java:getNodesByAddress(1381)) - Cannot find node for address 127.0.0.1
2023-06-02 05:16:21,227 [IPC Server handler 12 on default port 15001] WARN  node.SCMNodeManager (SCMNodeManager.java:getNodesByAddress(1381)) - Cannot find node for address 127.0.0.1
2023-06-02 05:16:21,283 [IPC Server handler 6 on default port 15001] WARN  node.SCMNodeManager (SCMNodeManager.java:getNodesByAddress(1381)) - Cannot find node for address 127.0.0.1
2023-06-02 05:16:21,288 [IPC Server handler 15 on default port 15001] WARN  node.SCMNodeManager (SCMNodeManager.java:getNodesByAddress(1381)) - Cannot find node for address 127.0.0.1
2023-06-02 05:16:21,337 [IPC Server handler 2 on default port 15001] WARN  node.SCMNodeManager (SCMNodeManager.java:getNodesByAddress(1381)) - Cannot find node for address 127.0.0.1
2023-06-02 05:16:21,343 [IPC Server handler 14 on default port 15001] WARN  node.SCMNodeManager (SCMNodeManager.java:getNodesByAddress(1381)) - Cannot find node for address 127.0.0.1
2023-06-02 05:16:21,406 [IPC Server handler 9 on default port 15001] WARN  node.SCMNodeManager (SCMNodeManager.java:getNodesByAddress(1381)) - Cannot find node for address 127.0.0.1
2023-06-02 05:16:21,410 [IPC Server handler 18 on default port 15001] WARN  node.SCMNodeManager (SCMNodeManager.java:getNodesByAddress(1381)) - Cannot find node for address 127.0.0.1
]]></system-out>
  </testcase>
  <testcase name="testPutKeyRatisThreeNodesParallel" classname="org.apache.hadoop.ozone.client.rpc.TestSecureOzoneRpcClient" time="8.028">
    <system-out><![CDATA[2023-06-02 05:16:21,420 [main] INFO  rpc.RpcClient (RpcClient.java:createVolume(459)) - Creating Volume: ebf7e27b-7c8f-48d6-b2d4-a8163e7a6427, with runner as owner and space quota set to -1 bytes, counts quota set to -1
2023-06-02 05:16:21,422 [OM StateMachine ApplyTransaction Thread - 0] INFO  volume.OMVolumeCreateRequest (OMVolumeCreateRequest.java:validateAndUpdateCache(196)) - created volume:ebf7e27b-7c8f-48d6-b2d4-a8163e7a6427 for user:runner
2023-06-02 05:16:21,426 [main] INFO  rpc.RpcClient (RpcClient.java:createBucket(686)) - Creating Bucket: ebf7e27b-7c8f-48d6-b2d4-a8163e7a6427/d73d8ce8-dd82-484b-afd7-7d231cda37a1, with server-side default bucket layout, runner as owner, Versioning false, Storage Type set to DISK and Encryption set to false, Replication Type set to server-side default replication type, Namespace Quota set to -1, Space Quota set to -1 
2023-06-02 05:16:21,428 [OM StateMachine ApplyTransaction Thread - 0] INFO  bucket.OMBucketCreateRequest (OMBucketCreateRequest.java:validateAndUpdateCache(270)) - created bucket: d73d8ce8-dd82-484b-afd7-7d231cda37a1 of layout OBJECT_STORE in volume: ebf7e27b-7c8f-48d6-b2d4-a8163e7a6427
2023-06-02 05:16:22,549 [IPC Server handler 17 on default port 15001] WARN  node.SCMNodeManager (SCMNodeManager.java:getNodesByAddress(1381)) - Cannot find node for address 127.0.0.1
2023-06-02 05:16:22,553 [IPC Server handler 3 on default port 15001] WARN  node.SCMNodeManager (SCMNodeManager.java:getNodesByAddress(1381)) - Cannot find node for address 127.0.0.1
2023-06-02 05:16:22,556 [IPC Server handler 0 on default port 15001] WARN  node.SCMNodeManager (SCMNodeManager.java:getNodesByAddress(1381)) - Cannot find node for address 127.0.0.1
2023-06-02 05:16:22,570 [IPC Server handler 10 on default port 15001] WARN  node.SCMNodeManager (SCMNodeManager.java:getNodesByAddress(1381)) - Cannot find node for address 127.0.0.1
2023-06-02 05:16:22,570 [IPC Server handler 19 on default port 15001] WARN  node.SCMNodeManager (SCMNodeManager.java:getNodesByAddress(1381)) - Cannot find node for address 127.0.0.1
2023-06-02 05:16:22,571 [IPC Server handler 13 on default port 15001] WARN  node.SCMNodeManager (SCMNodeManager.java:getNodesByAddress(1381)) - Cannot find node for address 127.0.0.1
2023-06-02 05:16:22,635 [IPC Server handler 7 on default port 15001] WARN  node.SCMNodeManager (SCMNodeManager.java:getNodesByAddress(1381)) - Cannot find node for address 127.0.0.1
2023-06-02 05:16:22,636 [IPC Server handler 11 on default port 15001] WARN  node.SCMNodeManager (SCMNodeManager.java:getNodesByAddress(1381)) - Cannot find node for address 127.0.0.1
2023-06-02 05:16:22,637 [IPC Server handler 5 on default port 15001] WARN  node.SCMNodeManager (SCMNodeManager.java:getNodesByAddress(1381)) - Cannot find node for address 127.0.0.1
2023-06-02 05:16:22,653 [IPC Server handler 8 on default port 15001] WARN  node.SCMNodeManager (SCMNodeManager.java:getNodesByAddress(1381)) - Cannot find node for address 127.0.0.1
2023-06-02 05:16:22,665 [IPC Server handler 12 on default port 15001] WARN  node.SCMNodeManager (SCMNodeManager.java:getNodesByAddress(1381)) - Cannot find node for address 127.0.0.1
2023-06-02 05:16:22,666 [IPC Server handler 1 on default port 15001] WARN  node.SCMNodeManager (SCMNodeManager.java:getNodesByAddress(1381)) - Cannot find node for address 127.0.0.1
2023-06-02 05:16:23,949 [BlockDeletingService#0] INFO  interfaces.ContainerDeletionChoosingPolicyTemplate (ContainerDeletionChoosingPolicyTemplate.java:chooseContainerForBlockDeletion(83)) - Chosen 0/5000 blocks from 0 candidate containers.
2023-06-02 05:16:24,075 [BlockDeletingService#0] INFO  interfaces.ContainerDeletionChoosingPolicyTemplate (ContainerDeletionChoosingPolicyTemplate.java:chooseContainerForBlockDeletion(83)) - Chosen 0/5000 blocks from 0 candidate containers.
2023-06-02 05:16:24,108 [IPC Server handler 6 on default port 15001] WARN  node.SCMNodeManager (SCMNodeManager.java:getNodesByAddress(1381)) - Cannot find node for address 127.0.0.1
2023-06-02 05:16:24,109 [IPC Server handler 15 on default port 15001] WARN  node.SCMNodeManager (SCMNodeManager.java:getNodesByAddress(1381)) - Cannot find node for address 127.0.0.1
2023-06-02 05:16:24,124 [IPC Server handler 16 on default port 15001] WARN  node.SCMNodeManager (SCMNodeManager.java:getNodesByAddress(1381)) - Cannot find node for address 127.0.0.1
2023-06-02 05:16:24,125 [IPC Server handler 2 on default port 15001] WARN  node.SCMNodeManager (SCMNodeManager.java:getNodesByAddress(1381)) - Cannot find node for address 127.0.0.1
2023-06-02 05:16:24,203 [IPC Server handler 14 on default port 15001] WARN  node.SCMNodeManager (SCMNodeManager.java:getNodesByAddress(1381)) - Cannot find node for address 127.0.0.1
2023-06-02 05:16:24,204 [IPC Server handler 4 on default port 15001] WARN  node.SCMNodeManager (SCMNodeManager.java:getNodesByAddress(1381)) - Cannot find node for address 127.0.0.1
2023-06-02 05:16:24,205 [IPC Server handler 9 on default port 15001] WARN  node.SCMNodeManager (SCMNodeManager.java:getNodesByAddress(1381)) - Cannot find node for address 127.0.0.1
2023-06-02 05:16:24,223 [IPC Server handler 18 on default port 15001] WARN  node.SCMNodeManager (SCMNodeManager.java:getNodesByAddress(1381)) - Cannot find node for address 127.0.0.1
2023-06-02 05:16:24,226 [IPC Server handler 17 on default port 15001] WARN  node.SCMNodeManager (SCMNodeManager.java:getNodesByAddress(1381)) - Cannot find node for address 127.0.0.1
2023-06-02 05:16:24,228 [IPC Server handler 3 on default port 15001] WARN  node.SCMNodeManager (SCMNodeManager.java:getNodesByAddress(1381)) - Cannot find node for address 127.0.0.1
2023-06-02 05:16:24,696 [BlockDeletingService#0] INFO  interfaces.ContainerDeletionChoosingPolicyTemplate (ContainerDeletionChoosingPolicyTemplate.java:chooseContainerForBlockDeletion(83)) - Chosen 0/5000 blocks from 0 candidate containers.
2023-06-02 05:16:24,925 [BlockDeletingService#0] INFO  interfaces.ContainerDeletionChoosingPolicyTemplate (ContainerDeletionChoosingPolicyTemplate.java:chooseContainerForBlockDeletion(83)) - Chosen 0/5000 blocks from 0 candidate containers.
2023-06-02 05:16:25,276 [BlockDeletingService#0] INFO  interfaces.ContainerDeletionChoosingPolicyTemplate (ContainerDeletionChoosingPolicyTemplate.java:chooseContainerForBlockDeletion(83)) - Chosen 0/5000 blocks from 0 candidate containers.
2023-06-02 05:16:25,706 [BlockDeletingService#0] INFO  interfaces.ContainerDeletionChoosingPolicyTemplate (ContainerDeletionChoosingPolicyTemplate.java:chooseContainerForBlockDeletion(83)) - Chosen 0/5000 blocks from 0 candidate containers.
2023-06-02 05:16:25,958 [IPC Server handler 16 on default port 15001] WARN  node.SCMNodeManager (SCMNodeManager.java:getNodesByAddress(1381)) - Cannot find node for address 127.0.0.1
2023-06-02 05:16:25,959 [IPC Server handler 2 on default port 15001] WARN  node.SCMNodeManager (SCMNodeManager.java:getNodesByAddress(1381)) - Cannot find node for address 127.0.0.1
2023-06-02 05:16:25,960 [IPC Server handler 14 on default port 15001] WARN  node.SCMNodeManager (SCMNodeManager.java:getNodesByAddress(1381)) - Cannot find node for address 127.0.0.1
2023-06-02 05:16:25,972 [IPC Server handler 4 on default port 15001] WARN  node.SCMNodeManager (SCMNodeManager.java:getNodesByAddress(1381)) - Cannot find node for address 127.0.0.1
2023-06-02 05:16:25,974 [IPC Server handler 9 on default port 15001] WARN  node.SCMNodeManager (SCMNodeManager.java:getNodesByAddress(1381)) - Cannot find node for address 127.0.0.1
2023-06-02 05:16:25,975 [IPC Server handler 18 on default port 15001] WARN  node.SCMNodeManager (SCMNodeManager.java:getNodesByAddress(1381)) - Cannot find node for address 127.0.0.1
2023-06-02 05:16:26,159 [IPC Server handler 17 on default port 15001] WARN  node.SCMNodeManager (SCMNodeManager.java:getNodesByAddress(1381)) - Cannot find node for address 127.0.0.1
2023-06-02 05:16:26,164 [IPC Server handler 3 on default port 15001] WARN  node.SCMNodeManager (SCMNodeManager.java:getNodesByAddress(1381)) - Cannot find node for address 127.0.0.1
2023-06-02 05:16:26,165 [IPC Server handler 0 on default port 15001] WARN  node.SCMNodeManager (SCMNodeManager.java:getNodesByAddress(1381)) - Cannot find node for address 127.0.0.1
2023-06-02 05:16:26,193 [IPC Server handler 10 on default port 15001] WARN  node.SCMNodeManager (SCMNodeManager.java:getNodesByAddress(1381)) - Cannot find node for address 127.0.0.1
2023-06-02 05:16:26,196 [IPC Server handler 19 on default port 15001] WARN  node.SCMNodeManager (SCMNodeManager.java:getNodesByAddress(1381)) - Cannot find node for address 127.0.0.1
2023-06-02 05:16:26,198 [IPC Server handler 13 on default port 15001] WARN  node.SCMNodeManager (SCMNodeManager.java:getNodesByAddress(1381)) - Cannot find node for address 127.0.0.1
2023-06-02 05:16:26,293 [BlockDeletingService#0] INFO  interfaces.ContainerDeletionChoosingPolicyTemplate (ContainerDeletionChoosingPolicyTemplate.java:chooseContainerForBlockDeletion(83)) - Chosen 0/5000 blocks from 0 candidate containers.
2023-06-02 05:16:26,978 [BlockDeletingService#0] INFO  interfaces.ContainerDeletionChoosingPolicyTemplate (ContainerDeletionChoosingPolicyTemplate.java:chooseContainerForBlockDeletion(83)) - Chosen 0/5000 blocks from 0 candidate containers.
2023-06-02 05:16:27,393 [BlockDeletingService#0] INFO  interfaces.ContainerDeletionChoosingPolicyTemplate (ContainerDeletionChoosingPolicyTemplate.java:chooseContainerForBlockDeletion(83)) - Chosen 0/5000 blocks from 0 candidate containers.
2023-06-02 05:16:27,668 [IPC Server handler 8 on default port 15001] WARN  node.SCMNodeManager (SCMNodeManager.java:getNodesByAddress(1381)) - Cannot find node for address 127.0.0.1
2023-06-02 05:16:27,668 [IPC Server handler 1 on default port 15001] WARN  node.SCMNodeManager (SCMNodeManager.java:getNodesByAddress(1381)) - Cannot find node for address 127.0.0.1
2023-06-02 05:16:27,669 [IPC Server handler 11 on default port 15001] WARN  node.SCMNodeManager (SCMNodeManager.java:getNodesByAddress(1381)) - Cannot find node for address 127.0.0.1
2023-06-02 05:16:27,681 [IPC Server handler 5 on default port 15001] WARN  node.SCMNodeManager (SCMNodeManager.java:getNodesByAddress(1381)) - Cannot find node for address 127.0.0.1
2023-06-02 05:16:27,682 [IPC Server handler 6 on default port 15001] WARN  node.SCMNodeManager (SCMNodeManager.java:getNodesByAddress(1381)) - Cannot find node for address 127.0.0.1
2023-06-02 05:16:27,683 [IPC Server handler 15 on default port 15001] WARN  node.SCMNodeManager (SCMNodeManager.java:getNodesByAddress(1381)) - Cannot find node for address 127.0.0.1
2023-06-02 05:16:27,826 [IPC Server handler 16 on default port 15001] WARN  node.SCMNodeManager (SCMNodeManager.java:getNodesByAddress(1381)) - Cannot find node for address 127.0.0.1
2023-06-02 05:16:27,834 [IPC Server handler 2 on default port 15001] WARN  node.SCMNodeManager (SCMNodeManager.java:getNodesByAddress(1381)) - Cannot find node for address 127.0.0.1
2023-06-02 05:16:27,835 [IPC Server handler 14 on default port 15001] WARN  node.SCMNodeManager (SCMNodeManager.java:getNodesByAddress(1381)) - Cannot find node for address 127.0.0.1
2023-06-02 05:16:27,835 [IPC Server handler 4 on default port 15001] WARN  node.SCMNodeManager (SCMNodeManager.java:getNodesByAddress(1381)) - Cannot find node for address 127.0.0.1
2023-06-02 05:16:27,854 [IPC Server handler 18 on default port 15001] WARN  node.SCMNodeManager (SCMNodeManager.java:getNodesByAddress(1381)) - Cannot find node for address 127.0.0.1
2023-06-02 05:16:27,856 [IPC Server handler 9 on default port 15001] WARN  node.SCMNodeManager (SCMNodeManager.java:getNodesByAddress(1381)) - Cannot find node for address 127.0.0.1
2023-06-02 05:16:27,856 [IPC Server handler 17 on default port 15001] WARN  node.SCMNodeManager (SCMNodeManager.java:getNodesByAddress(1381)) - Cannot find node for address 127.0.0.1
2023-06-02 05:16:27,857 [IPC Server handler 3 on default port 15001] WARN  node.SCMNodeManager (SCMNodeManager.java:getNodesByAddress(1381)) - Cannot find node for address 127.0.0.1
2023-06-02 05:16:27,861 [BlockDeletingService#0] INFO  interfaces.ContainerDeletionChoosingPolicyTemplate (ContainerDeletionChoosingPolicyTemplate.java:chooseContainerForBlockDeletion(83)) - Chosen 0/5000 blocks from 0 candidate containers.
2023-06-02 05:16:28,436 [BlockDeletingService#0] INFO  interfaces.ContainerDeletionChoosingPolicyTemplate (ContainerDeletionChoosingPolicyTemplate.java:chooseContainerForBlockDeletion(83)) - Chosen 0/5000 blocks from 0 candidate containers.
2023-06-02 05:16:28,876 [BlockDeletingService#0] INFO  interfaces.ContainerDeletionChoosingPolicyTemplate (ContainerDeletionChoosingPolicyTemplate.java:chooseContainerForBlockDeletion(83)) - Chosen 0/5000 blocks from 0 candidate containers.
2023-06-02 05:16:29,121 [IPC Server handler 0 on default port 15001] WARN  node.SCMNodeManager (SCMNodeManager.java:getNodesByAddress(1381)) - Cannot find node for address 127.0.0.1
2023-06-02 05:16:29,122 [IPC Server handler 10 on default port 15001] WARN  node.SCMNodeManager (SCMNodeManager.java:getNodesByAddress(1381)) - Cannot find node for address 127.0.0.1
2023-06-02 05:16:29,123 [IPC Server handler 19 on default port 15001] WARN  node.SCMNodeManager (SCMNodeManager.java:getNodesByAddress(1381)) - Cannot find node for address 127.0.0.1
2023-06-02 05:16:29,134 [IPC Server handler 13 on default port 15001] WARN  node.SCMNodeManager (SCMNodeManager.java:getNodesByAddress(1381)) - Cannot find node for address 127.0.0.1
2023-06-02 05:16:29,135 [IPC Server handler 7 on default port 15001] WARN  node.SCMNodeManager (SCMNodeManager.java:getNodesByAddress(1381)) - Cannot find node for address 127.0.0.1
2023-06-02 05:16:29,136 [IPC Server handler 12 on default port 15001] WARN  node.SCMNodeManager (SCMNodeManager.java:getNodesByAddress(1381)) - Cannot find node for address 127.0.0.1
2023-06-02 05:16:29,248 [IPC Server handler 1 on default port 15001] WARN  node.SCMNodeManager (SCMNodeManager.java:getNodesByAddress(1381)) - Cannot find node for address 127.0.0.1
2023-06-02 05:16:29,251 [IPC Server handler 8 on default port 15001] WARN  node.SCMNodeManager (SCMNodeManager.java:getNodesByAddress(1381)) - Cannot find node for address 127.0.0.1
2023-06-02 05:16:29,253 [IPC Server handler 11 on default port 15001] WARN  node.SCMNodeManager (SCMNodeManager.java:getNodesByAddress(1381)) - Cannot find node for address 127.0.0.1
2023-06-02 05:16:29,269 [IPC Server handler 5 on default port 15001] WARN  node.SCMNodeManager (SCMNodeManager.java:getNodesByAddress(1381)) - Cannot find node for address 127.0.0.1
2023-06-02 05:16:29,270 [IPC Server handler 6 on default port 15001] WARN  node.SCMNodeManager (SCMNodeManager.java:getNodesByAddress(1381)) - Cannot find node for address 127.0.0.1
2023-06-02 05:16:29,271 [IPC Server handler 15 on default port 15001] WARN  node.SCMNodeManager (SCMNodeManager.java:getNodesByAddress(1381)) - Cannot find node for address 127.0.0.1
2023-06-02 05:16:29,288 [BlockDeletingService#0] INFO  interfaces.ContainerDeletionChoosingPolicyTemplate (ContainerDeletionChoosingPolicyTemplate.java:chooseContainerForBlockDeletion(83)) - Chosen 0/5000 blocks from 0 candidate containers.
]]></system-out>
  </testcase>
  <testcase name="testPutKeySuccessWithBlockToken" classname="org.apache.hadoop.ozone.client.rpc.TestSecureOzoneRpcClient" time="0.817">
    <system-out><![CDATA[2023-06-02 05:16:29,451 [main] INFO  rpc.RpcClient (RpcClient.java:createVolume(459)) - Creating Volume: 9dce326a-9464-4eff-a1c7-6a13cb17d17c, with runner as owner and space quota set to -1 bytes, counts quota set to -1
2023-06-02 05:16:29,453 [OM StateMachine ApplyTransaction Thread - 0] INFO  volume.OMVolumeCreateRequest (OMVolumeCreateRequest.java:validateAndUpdateCache(196)) - created volume:9dce326a-9464-4eff-a1c7-6a13cb17d17c for user:runner
2023-06-02 05:16:29,457 [main] INFO  rpc.RpcClient (RpcClient.java:createBucket(686)) - Creating Bucket: 9dce326a-9464-4eff-a1c7-6a13cb17d17c/eb9b433e-9b15-4399-9802-570d3f8fdf64, with bucket layout OBJECT_STORE, runner as owner, Versioning false, Storage Type set to DISK and Encryption set to false, Replication Type set to server-side default replication type, Namespace Quota set to -1, Space Quota set to -1 
2023-06-02 05:16:29,459 [OM StateMachine ApplyTransaction Thread - 0] INFO  bucket.OMBucketCreateRequest (OMBucketCreateRequest.java:validateAndUpdateCache(270)) - created bucket: eb9b433e-9b15-4399-9802-570d3f8fdf64 of layout OBJECT_STORE in volume: 9dce326a-9464-4eff-a1c7-6a13cb17d17c
2023-06-02 05:16:29,478 [IPC Server handler 2 on default port 15001] WARN  node.SCMNodeManager (SCMNodeManager.java:getNodesByAddress(1381)) - Cannot find node for address 127.0.0.1
2023-06-02 05:16:29,482 [IPC Server handler 14 on default port 15001] WARN  node.SCMNodeManager (SCMNodeManager.java:getNodesByAddress(1381)) - Cannot find node for address 127.0.0.1
2023-06-02 05:16:29,509 [IPC Server handler 18 on default port 15001] WARN  node.SCMNodeManager (SCMNodeManager.java:getNodesByAddress(1381)) - Cannot find node for address 127.0.0.1
2023-06-02 05:16:29,513 [IPC Server handler 9 on default port 15001] WARN  node.SCMNodeManager (SCMNodeManager.java:getNodesByAddress(1381)) - Cannot find node for address 127.0.0.1
2023-06-02 05:16:29,547 [IPC Server handler 3 on default port 15001] WARN  node.SCMNodeManager (SCMNodeManager.java:getNodesByAddress(1381)) - Cannot find node for address 127.0.0.1
2023-06-02 05:16:29,551 [IPC Server handler 0 on default port 15001] WARN  node.SCMNodeManager (SCMNodeManager.java:getNodesByAddress(1381)) - Cannot find node for address 127.0.0.1
2023-06-02 05:16:29,580 [IPC Server handler 19 on default port 15001] WARN  node.SCMNodeManager (SCMNodeManager.java:getNodesByAddress(1381)) - Cannot find node for address 127.0.0.1
2023-06-02 05:16:29,584 [IPC Server handler 13 on default port 15001] WARN  node.SCMNodeManager (SCMNodeManager.java:getNodesByAddress(1381)) - Cannot find node for address 127.0.0.1
2023-06-02 05:16:29,615 [IPC Server handler 12 on default port 15001] WARN  node.SCMNodeManager (SCMNodeManager.java:getNodesByAddress(1381)) - Cannot find node for address 127.0.0.1
2023-06-02 05:16:29,619 [IPC Server handler 1 on default port 15001] WARN  node.SCMNodeManager (SCMNodeManager.java:getNodesByAddress(1381)) - Cannot find node for address 127.0.0.1
2023-06-02 05:16:29,654 [IPC Server handler 11 on default port 15001] WARN  node.SCMNodeManager (SCMNodeManager.java:getNodesByAddress(1381)) - Cannot find node for address 127.0.0.1
2023-06-02 05:16:29,657 [IPC Server handler 5 on default port 15001] WARN  node.SCMNodeManager (SCMNodeManager.java:getNodesByAddress(1381)) - Cannot find node for address 127.0.0.1
2023-06-02 05:16:29,706 [IPC Server handler 15 on default port 15001] WARN  node.SCMNodeManager (SCMNodeManager.java:getNodesByAddress(1381)) - Cannot find node for address 127.0.0.1
2023-06-02 05:16:29,710 [IPC Server handler 16 on default port 15001] WARN  node.SCMNodeManager (SCMNodeManager.java:getNodesByAddress(1381)) - Cannot find node for address 127.0.0.1
2023-06-02 05:16:29,770 [IPC Server handler 14 on default port 15001] WARN  node.SCMNodeManager (SCMNodeManager.java:getNodesByAddress(1381)) - Cannot find node for address 127.0.0.1
2023-06-02 05:16:29,774 [IPC Server handler 4 on default port 15001] WARN  node.SCMNodeManager (SCMNodeManager.java:getNodesByAddress(1381)) - Cannot find node for address 127.0.0.1
2023-06-02 05:16:29,843 [IPC Server handler 9 on default port 15001] WARN  node.SCMNodeManager (SCMNodeManager.java:getNodesByAddress(1381)) - Cannot find node for address 127.0.0.1
2023-06-02 05:16:29,847 [IPC Server handler 17 on default port 15001] WARN  node.SCMNodeManager (SCMNodeManager.java:getNodesByAddress(1381)) - Cannot find node for address 127.0.0.1
2023-06-02 05:16:29,861 [BlockDeletingService#0] INFO  interfaces.ContainerDeletionChoosingPolicyTemplate (ContainerDeletionChoosingPolicyTemplate.java:chooseContainerForBlockDeletion(83)) - Chosen 0/5000 blocks from 0 candidate containers.
2023-06-02 05:16:29,877 [IPC Server handler 0 on default port 15001] WARN  node.SCMNodeManager (SCMNodeManager.java:getNodesByAddress(1381)) - Cannot find node for address 127.0.0.1
2023-06-02 05:16:29,881 [IPC Server handler 10 on default port 15001] WARN  node.SCMNodeManager (SCMNodeManager.java:getNodesByAddress(1381)) - Cannot find node for address 127.0.0.1
2023-06-02 05:16:29,892 [main] INFO  rpc.RpcClient (RpcClient.java:createVolume(459)) - Creating Volume: a619f501-f8d8-4ffb-bc27-1e2d73d7259c, with runner as owner and space quota set to -1 bytes, counts quota set to -1
2023-06-02 05:16:29,894 [OM StateMachine ApplyTransaction Thread - 0] INFO  volume.OMVolumeCreateRequest (OMVolumeCreateRequest.java:validateAndUpdateCache(196)) - created volume:a619f501-f8d8-4ffb-bc27-1e2d73d7259c for user:runner
2023-06-02 05:16:29,896 [main] INFO  rpc.RpcClient (RpcClient.java:createBucket(686)) - Creating Bucket: a619f501-f8d8-4ffb-bc27-1e2d73d7259c/55ebef59-0827-41e0-90ab-e12d20e75b3a, with bucket layout FILE_SYSTEM_OPTIMIZED, runner as owner, Versioning false, Storage Type set to DISK and Encryption set to false, Replication Type set to server-side default replication type, Namespace Quota set to -1, Space Quota set to -1 
2023-06-02 05:16:29,898 [OM StateMachine ApplyTransaction Thread - 0] INFO  bucket.OMBucketCreateRequest (OMBucketCreateRequest.java:validateAndUpdateCache(270)) - created bucket: 55ebef59-0827-41e0-90ab-e12d20e75b3a of layout FILE_SYSTEM_OPTIMIZED in volume: a619f501-f8d8-4ffb-bc27-1e2d73d7259c
2023-06-02 05:16:29,917 [IPC Server handler 13 on default port 15001] WARN  node.SCMNodeManager (SCMNodeManager.java:getNodesByAddress(1381)) - Cannot find node for address 127.0.0.1
2023-06-02 05:16:29,921 [IPC Server handler 7 on default port 15001] WARN  node.SCMNodeManager (SCMNodeManager.java:getNodesByAddress(1381)) - Cannot find node for address 127.0.0.1
2023-06-02 05:16:29,960 [IPC Server handler 1 on default port 15001] WARN  node.SCMNodeManager (SCMNodeManager.java:getNodesByAddress(1381)) - Cannot find node for address 127.0.0.1
2023-06-02 05:16:29,964 [IPC Server handler 8 on default port 15001] WARN  node.SCMNodeManager (SCMNodeManager.java:getNodesByAddress(1381)) - Cannot find node for address 127.0.0.1
2023-06-02 05:16:30,000 [IPC Server handler 5 on default port 15001] WARN  node.SCMNodeManager (SCMNodeManager.java:getNodesByAddress(1381)) - Cannot find node for address 127.0.0.1
2023-06-02 05:16:30,004 [IPC Server handler 6 on default port 15001] WARN  node.SCMNodeManager (SCMNodeManager.java:getNodesByAddress(1381)) - Cannot find node for address 127.0.0.1
2023-06-02 05:16:30,033 [IPC Server handler 16 on default port 15001] WARN  node.SCMNodeManager (SCMNodeManager.java:getNodesByAddress(1381)) - Cannot find node for address 127.0.0.1
2023-06-02 05:16:30,037 [IPC Server handler 2 on default port 15001] WARN  node.SCMNodeManager (SCMNodeManager.java:getNodesByAddress(1381)) - Cannot find node for address 127.0.0.1
2023-06-02 05:16:30,069 [IPC Server handler 4 on default port 15001] WARN  node.SCMNodeManager (SCMNodeManager.java:getNodesByAddress(1381)) - Cannot find node for address 127.0.0.1
2023-06-02 05:16:30,073 [IPC Server handler 18 on default port 15001] WARN  node.SCMNodeManager (SCMNodeManager.java:getNodesByAddress(1381)) - Cannot find node for address 127.0.0.1
2023-06-02 05:16:30,100 [IPC Server handler 17 on default port 15001] WARN  node.SCMNodeManager (SCMNodeManager.java:getNodesByAddress(1381)) - Cannot find node for address 127.0.0.1
2023-06-02 05:16:30,104 [IPC Server handler 3 on default port 15001] WARN  node.SCMNodeManager (SCMNodeManager.java:getNodesByAddress(1381)) - Cannot find node for address 127.0.0.1
2023-06-02 05:16:30,140 [IPC Server handler 10 on default port 15001] WARN  node.SCMNodeManager (SCMNodeManager.java:getNodesByAddress(1381)) - Cannot find node for address 127.0.0.1
2023-06-02 05:16:30,144 [IPC Server handler 19 on default port 15001] WARN  node.SCMNodeManager (SCMNodeManager.java:getNodesByAddress(1381)) - Cannot find node for address 127.0.0.1
2023-06-02 05:16:30,184 [IPC Server handler 7 on default port 15001] WARN  node.SCMNodeManager (SCMNodeManager.java:getNodesByAddress(1381)) - Cannot find node for address 127.0.0.1
2023-06-02 05:16:30,189 [IPC Server handler 12 on default port 15001] WARN  node.SCMNodeManager (SCMNodeManager.java:getNodesByAddress(1381)) - Cannot find node for address 127.0.0.1
2023-06-02 05:16:30,217 [IPC Server handler 8 on default port 15001] WARN  node.SCMNodeManager (SCMNodeManager.java:getNodesByAddress(1381)) - Cannot find node for address 127.0.0.1
2023-06-02 05:16:30,224 [IPC Server handler 11 on default port 15001] WARN  node.SCMNodeManager (SCMNodeManager.java:getNodesByAddress(1381)) - Cannot find node for address 127.0.0.1
2023-06-02 05:16:30,253 [IPC Server handler 6 on default port 15001] WARN  node.SCMNodeManager (SCMNodeManager.java:getNodesByAddress(1381)) - Cannot find node for address 127.0.0.1
2023-06-02 05:16:30,257 [IPC Server handler 15 on default port 15001] WARN  node.SCMNodeManager (SCMNodeManager.java:getNodesByAddress(1381)) - Cannot find node for address 127.0.0.1
]]></system-out>
  </testcase>
  <testcase name="testPutKeyWithReplicationConfig(String, boolean)[1]" classname="org.apache.hadoop.ozone.client.rpc.TestSecureOzoneRpcClient" time="0.012">
    <system-out><![CDATA[2023-06-02 05:16:30,308 [main] INFO  rpc.RpcClient (RpcClient.java:createVolume(459)) - Creating Volume: 5dfeb020-6564-4d0c-acf1-ed670a3e5aa8, with runner as owner and space quota set to -1 bytes, counts quota set to -1
2023-06-02 05:16:30,311 [OM StateMachine ApplyTransaction Thread - 0] INFO  volume.OMVolumeCreateRequest (OMVolumeCreateRequest.java:validateAndUpdateCache(196)) - created volume:5dfeb020-6564-4d0c-acf1-ed670a3e5aa8 for user:runner
2023-06-02 05:16:30,313 [main] INFO  rpc.RpcClient (RpcClient.java:createBucket(686)) - Creating Bucket: 5dfeb020-6564-4d0c-acf1-ed670a3e5aa8/d5bc0659-3945-4418-b3b6-62f16bd187c0, with server-side default bucket layout, runner as owner, Versioning false, Storage Type set to DISK and Encryption set to false, Replication Type set to server-side default replication type, Namespace Quota set to -1, Space Quota set to -1 
2023-06-02 05:16:30,315 [OM StateMachine ApplyTransaction Thread - 0] INFO  bucket.OMBucketCreateRequest (OMBucketCreateRequest.java:validateAndUpdateCache(270)) - created bucket: d5bc0659-3945-4418-b3b6-62f16bd187c0 of layout OBJECT_STORE in volume: 5dfeb020-6564-4d0c-acf1-ed670a3e5aa8
]]></system-out>
  </testcase>
  <testcase name="testPutKeyWithReplicationConfig(String, boolean)[2]" classname="org.apache.hadoop.ozone.client.rpc.TestSecureOzoneRpcClient" time="0.008">
    <system-out><![CDATA[2023-06-02 05:16:30,320 [main] INFO  rpc.RpcClient (RpcClient.java:createVolume(459)) - Creating Volume: 6b887a8e-9d97-4006-a30f-59a4980988e3, with runner as owner and space quota set to -1 bytes, counts quota set to -1
2023-06-02 05:16:30,323 [OM StateMachine ApplyTransaction Thread - 0] INFO  volume.OMVolumeCreateRequest (OMVolumeCreateRequest.java:validateAndUpdateCache(196)) - created volume:6b887a8e-9d97-4006-a30f-59a4980988e3 for user:runner
2023-06-02 05:16:30,325 [main] INFO  rpc.RpcClient (RpcClient.java:createBucket(686)) - Creating Bucket: 6b887a8e-9d97-4006-a30f-59a4980988e3/feae6986-7e0f-4856-8d95-5bd49c9eba7b, with server-side default bucket layout, runner as owner, Versioning false, Storage Type set to DISK and Encryption set to false, Replication Type set to server-side default replication type, Namespace Quota set to -1, Space Quota set to -1 
2023-06-02 05:16:30,327 [OM StateMachine ApplyTransaction Thread - 0] INFO  bucket.OMBucketCreateRequest (OMBucketCreateRequest.java:validateAndUpdateCache(270)) - created bucket: feae6986-7e0f-4856-8d95-5bd49c9eba7b of layout OBJECT_STORE in volume: 6b887a8e-9d97-4006-a30f-59a4980988e3
]]></system-out>
  </testcase>
  <testcase name="testPutKeyWithReplicationConfig(String, boolean)[3]" classname="org.apache.hadoop.ozone.client.rpc.TestSecureOzoneRpcClient" time="0.1">
    <system-out><![CDATA[2023-06-02 05:16:30,331 [main] INFO  rpc.RpcClient (RpcClient.java:createVolume(459)) - Creating Volume: 36441b60-b420-406e-a638-7323eb524a40, with runner as owner and space quota set to -1 bytes, counts quota set to -1
2023-06-02 05:16:30,333 [OM StateMachine ApplyTransaction Thread - 0] INFO  volume.OMVolumeCreateRequest (OMVolumeCreateRequest.java:validateAndUpdateCache(196)) - created volume:36441b60-b420-406e-a638-7323eb524a40 for user:runner
2023-06-02 05:16:30,334 [main] INFO  rpc.RpcClient (RpcClient.java:createBucket(686)) - Creating Bucket: 36441b60-b420-406e-a638-7323eb524a40/57ee10d3-bba4-4a72-b813-d86500249fcb, with server-side default bucket layout, runner as owner, Versioning false, Storage Type set to DISK and Encryption set to false, Replication Type set to server-side default replication type, Namespace Quota set to -1, Space Quota set to -1 
2023-06-02 05:16:30,336 [OM StateMachine ApplyTransaction Thread - 0] INFO  bucket.OMBucketCreateRequest (OMBucketCreateRequest.java:validateAndUpdateCache(270)) - created bucket: 57ee10d3-bba4-4a72-b813-d86500249fcb of layout OBJECT_STORE in volume: 36441b60-b420-406e-a638-7323eb524a40
2023-06-02 05:16:30,414 [IPC Server handler 2 on default port 15001] WARN  node.SCMNodeManager (SCMNodeManager.java:getNodesByAddress(1381)) - Cannot find node for address 127.0.0.1
2023-06-02 05:16:30,420 [IPC Server handler 14 on default port 15001] WARN  node.SCMNodeManager (SCMNodeManager.java:getNodesByAddress(1381)) - Cannot find node for address 127.0.0.1
]]></system-out>
  </testcase>
  <testcase name="testPutKeyWithReplicationConfig(String, boolean)[4]" classname="org.apache.hadoop.ozone.client.rpc.TestSecureOzoneRpcClient" time="0.158">
    <system-out><![CDATA[2023-06-02 05:16:30,432 [main] INFO  rpc.RpcClient (RpcClient.java:createVolume(459)) - Creating Volume: 9cc29f92-78a3-416f-a91b-744a7ca13cc5, with runner as owner and space quota set to -1 bytes, counts quota set to -1
2023-06-02 05:16:30,434 [OM StateMachine ApplyTransaction Thread - 0] INFO  volume.OMVolumeCreateRequest (OMVolumeCreateRequest.java:validateAndUpdateCache(196)) - created volume:9cc29f92-78a3-416f-a91b-744a7ca13cc5 for user:runner
2023-06-02 05:16:30,436 [main] INFO  rpc.RpcClient (RpcClient.java:createBucket(686)) - Creating Bucket: 9cc29f92-78a3-416f-a91b-744a7ca13cc5/c77144d1-3461-4192-9d69-4843ad35f6c0, with server-side default bucket layout, runner as owner, Versioning false, Storage Type set to DISK and Encryption set to false, Replication Type set to server-side default replication type, Namespace Quota set to -1, Space Quota set to -1 
2023-06-02 05:16:30,437 [OM StateMachine ApplyTransaction Thread - 0] INFO  bucket.OMBucketCreateRequest (OMBucketCreateRequest.java:validateAndUpdateCache(270)) - created bucket: c77144d1-3461-4192-9d69-4843ad35f6c0 of layout OBJECT_STORE in volume: 9cc29f92-78a3-416f-a91b-744a7ca13cc5
2023-06-02 05:16:30,442 [IPC Server handler 4 on default port 15001] INFO  pipeline.PipelineStateManagerImpl (PipelineStateManagerImpl.java:addPipeline(103)) - Created pipeline Pipeline[ Id: 5f153298-36ed-4326-a677-20263d6a6c73, Nodes: 974c4613-d60a-49f9-a8d7-7eb2aff460ff(fv-az628-647/10.1.74.1)70b3c7ea-e7eb-4f75-8ddc-1173fec1a2ac(fv-az628-647/10.1.74.1)f140acff-7aed-42b1-955f-393a22e760fa(fv-az628-647/10.1.74.1)bf3b8f25-dffd-4d70-aae5-69cf4c3dc4d1(fv-az628-647/10.1.74.1)02d5e712-89f3-441d-ae82-935a5ddb56eb(fv-az628-647/10.1.74.1)f102c20d-579f-44a7-9197-f839bb943261(fv-az628-647/10.1.74.1)638bdbe3-f7a3-4715-ad07-0d6e98de3b67(fv-az628-647/10.1.74.1)45087365-1608-4817-8e49-1b233997f081(fv-az628-647/10.1.74.1)f6a83548-c013-4f74-9c0e-0b5a922fe81f(fv-az628-647/10.1.74.1), ReplicationConfig: EC{rs-6-3-1024k}, State:ALLOCATED, leaderId:, CreationTimestamp2023-06-02T05:16:30.441Z[Etc/UTC]].
2023-06-02 05:16:30,443 [IPC Server handler 4 on default port 15001] INFO  pipeline.PipelineManagerImpl (PipelineManagerImpl.java:openPipeline(367)) - Pipeline Pipeline[ Id: 5f153298-36ed-4326-a677-20263d6a6c73, Nodes: 974c4613-d60a-49f9-a8d7-7eb2aff460ff(fv-az628-647/10.1.74.1)70b3c7ea-e7eb-4f75-8ddc-1173fec1a2ac(fv-az628-647/10.1.74.1)f140acff-7aed-42b1-955f-393a22e760fa(fv-az628-647/10.1.74.1)bf3b8f25-dffd-4d70-aae5-69cf4c3dc4d1(fv-az628-647/10.1.74.1)02d5e712-89f3-441d-ae82-935a5ddb56eb(fv-az628-647/10.1.74.1)f102c20d-579f-44a7-9197-f839bb943261(fv-az628-647/10.1.74.1)638bdbe3-f7a3-4715-ad07-0d6e98de3b67(fv-az628-647/10.1.74.1)45087365-1608-4817-8e49-1b233997f081(fv-az628-647/10.1.74.1)f6a83548-c013-4f74-9c0e-0b5a922fe81f(fv-az628-647/10.1.74.1), ReplicationConfig: EC{rs-6-3-1024k}, State:ALLOCATED, leaderId:, CreationTimestamp2023-06-02T05:16:30.441Z[Etc/UTC]] moved to OPEN state
2023-06-02 05:16:30,573 [IPC Server handler 18 on default port 15001] WARN  node.SCMNodeManager (SCMNodeManager.java:getNodesByAddress(1381)) - Cannot find node for address 127.0.0.1
2023-06-02 05:16:30,577 [IPC Server handler 9 on default port 15001] WARN  node.SCMNodeManager (SCMNodeManager.java:getNodesByAddress(1381)) - Cannot find node for address 127.0.0.1
]]></system-out>
  </testcase>
  <testcase name="testPutKeyWithReplicationConfig(String, boolean)[5]" classname="org.apache.hadoop.ozone.client.rpc.TestSecureOzoneRpcClient" time="0.252">
    <system-out><![CDATA[2023-06-02 05:16:30,590 [main] INFO  rpc.RpcClient (RpcClient.java:createVolume(459)) - Creating Volume: 0e245bef-9d72-4d7d-8aa0-2922c023787f, with runner as owner and space quota set to -1 bytes, counts quota set to -1
2023-06-02 05:16:30,593 [OM StateMachine ApplyTransaction Thread - 0] INFO  volume.OMVolumeCreateRequest (OMVolumeCreateRequest.java:validateAndUpdateCache(196)) - created volume:0e245bef-9d72-4d7d-8aa0-2922c023787f for user:runner
2023-06-02 05:16:30,595 [main] INFO  rpc.RpcClient (RpcClient.java:createBucket(686)) - Creating Bucket: 0e245bef-9d72-4d7d-8aa0-2922c023787f/4ec5d00a-2ba2-4aa1-911e-7033b4e762fe, with server-side default bucket layout, runner as owner, Versioning false, Storage Type set to DISK and Encryption set to false, Replication Type set to server-side default replication type, Namespace Quota set to -1, Space Quota set to -1 
2023-06-02 05:16:30,597 [OM StateMachine ApplyTransaction Thread - 0] INFO  bucket.OMBucketCreateRequest (OMBucketCreateRequest.java:validateAndUpdateCache(270)) - created bucket: 4ec5d00a-2ba2-4aa1-911e-7033b4e762fe of layout OBJECT_STORE in volume: 0e245bef-9d72-4d7d-8aa0-2922c023787f
2023-06-02 05:16:30,600 [IPC Server handler 17 on default port 15001] INFO  pipeline.PipelineStateManagerImpl (PipelineStateManagerImpl.java:addPipeline(103)) - Created pipeline Pipeline[ Id: 919cb3fa-c94d-4402-9c27-f2340a7f1c5e, Nodes: f6a83548-c013-4f74-9c0e-0b5a922fe81f(fv-az628-647/10.1.74.1)21bba47c-9d70-4b1d-8693-1fcc7960d534(fv-az628-647/10.1.74.1)70b3c7ea-e7eb-4f75-8ddc-1173fec1a2ac(fv-az628-647/10.1.74.1)638bdbe3-f7a3-4715-ad07-0d6e98de3b67(fv-az628-647/10.1.74.1)974c4613-d60a-49f9-a8d7-7eb2aff460ff(fv-az628-647/10.1.74.1)45087365-1608-4817-8e49-1b233997f081(fv-az628-647/10.1.74.1)bf3b8f25-dffd-4d70-aae5-69cf4c3dc4d1(fv-az628-647/10.1.74.1)87f06f2d-f73a-4ca4-bc8e-5aedfa582ec7(fv-az628-647/10.1.74.1)f102c20d-579f-44a7-9197-f839bb943261(fv-az628-647/10.1.74.1)f140acff-7aed-42b1-955f-393a22e760fa(fv-az628-647/10.1.74.1)02d5e712-89f3-441d-ae82-935a5ddb56eb(fv-az628-647/10.1.74.1)dd6dae7b-c4a9-4a16-a5ce-973fa036779e(fv-az628-647/10.1.74.1)af4b945e-05c9-4c95-92ea-ec296ba0645f(fv-az628-647/10.1.74.1)57515d40-5a2b-4760-820a-8e251d1bbde2(fv-az628-647/10.1.74.1), ReplicationConfig: EC{rs-10-4-1024k}, State:ALLOCATED, leaderId:, CreationTimestamp2023-06-02T05:16:30.600Z[Etc/UTC]].
2023-06-02 05:16:30,601 [IPC Server handler 17 on default port 15001] INFO  pipeline.PipelineManagerImpl (PipelineManagerImpl.java:openPipeline(367)) - Pipeline Pipeline[ Id: 919cb3fa-c94d-4402-9c27-f2340a7f1c5e, Nodes: f6a83548-c013-4f74-9c0e-0b5a922fe81f(fv-az628-647/10.1.74.1)21bba47c-9d70-4b1d-8693-1fcc7960d534(fv-az628-647/10.1.74.1)70b3c7ea-e7eb-4f75-8ddc-1173fec1a2ac(fv-az628-647/10.1.74.1)638bdbe3-f7a3-4715-ad07-0d6e98de3b67(fv-az628-647/10.1.74.1)974c4613-d60a-49f9-a8d7-7eb2aff460ff(fv-az628-647/10.1.74.1)45087365-1608-4817-8e49-1b233997f081(fv-az628-647/10.1.74.1)bf3b8f25-dffd-4d70-aae5-69cf4c3dc4d1(fv-az628-647/10.1.74.1)87f06f2d-f73a-4ca4-bc8e-5aedfa582ec7(fv-az628-647/10.1.74.1)f102c20d-579f-44a7-9197-f839bb943261(fv-az628-647/10.1.74.1)f140acff-7aed-42b1-955f-393a22e760fa(fv-az628-647/10.1.74.1)02d5e712-89f3-441d-ae82-935a5ddb56eb(fv-az628-647/10.1.74.1)dd6dae7b-c4a9-4a16-a5ce-973fa036779e(fv-az628-647/10.1.74.1)af4b945e-05c9-4c95-92ea-ec296ba0645f(fv-az628-647/10.1.74.1)57515d40-5a2b-4760-820a-8e251d1bbde2(fv-az628-647/10.1.74.1), ReplicationConfig: EC{rs-10-4-1024k}, State:ALLOCATED, leaderId:, CreationTimestamp2023-06-02T05:16:30.600Z[Etc/UTC]] moved to OPEN state
2023-06-02 05:16:30,828 [IPC Server handler 3 on default port 15001] WARN  node.SCMNodeManager (SCMNodeManager.java:getNodesByAddress(1381)) - Cannot find node for address 127.0.0.1
2023-06-02 05:16:30,832 [IPC Server handler 0 on default port 15001] WARN  node.SCMNodeManager (SCMNodeManager.java:getNodesByAddress(1381)) - Cannot find node for address 127.0.0.1
]]></system-out>
  </testcase>
  <testcase name="testReadKeyWithCorruptedData" classname="org.apache.hadoop.ozone.client.rpc.TestSecureOzoneRpcClient" time="0.069">
    <system-out><![CDATA[2023-06-02 05:16:30,842 [main] INFO  rpc.RpcClient (RpcClient.java:createVolume(459)) - Creating Volume: ac3f44ad-a7ab-42da-8656-0775170b83ee, with runner as owner and space quota set to -1 bytes, counts quota set to -1
2023-06-02 05:16:30,844 [OM StateMachine ApplyTransaction Thread - 0] INFO  volume.OMVolumeCreateRequest (OMVolumeCreateRequest.java:validateAndUpdateCache(196)) - created volume:ac3f44ad-a7ab-42da-8656-0775170b83ee for user:runner
2023-06-02 05:16:30,846 [main] INFO  rpc.RpcClient (RpcClient.java:createBucket(686)) - Creating Bucket: ac3f44ad-a7ab-42da-8656-0775170b83ee/37907bfc-e8b2-4e47-bc9b-7683fa988948, with server-side default bucket layout, runner as owner, Versioning false, Storage Type set to DISK and Encryption set to false, Replication Type set to server-side default replication type, Namespace Quota set to -1, Space Quota set to -1 
2023-06-02 05:16:30,848 [OM StateMachine ApplyTransaction Thread - 0] INFO  bucket.OMBucketCreateRequest (OMBucketCreateRequest.java:validateAndUpdateCache(270)) - created bucket: 37907bfc-e8b2-4e47-bc9b-7683fa988948 of layout OBJECT_STORE in volume: ac3f44ad-a7ab-42da-8656-0775170b83ee
2023-06-02 05:16:30,875 [IPC Server handler 19 on default port 15001] WARN  node.SCMNodeManager (SCMNodeManager.java:getNodesByAddress(1381)) - Cannot find node for address 127.0.0.1
2023-06-02 05:16:30,900 [IPC Server handler 13 on default port 15001] WARN  node.SCMNodeManager (SCMNodeManager.java:getNodesByAddress(1381)) - Cannot find node for address 127.0.0.1
2023-06-02 05:16:30,906 [main] ERROR scm.XceiverClientGrpc (XceiverClientGrpc.java:sendCommandWithRetry(453)) - Failed to execute command ReadChunk on the pipeline Pipeline[ Id: c00261f9-6365-4258-8761-eb390b666527, Nodes: f6a83548-c013-4f74-9c0e-0b5a922fe81f(fv-az628-647/10.1.74.1), ReplicationConfig: STANDALONE/ONE, State:OPEN, leaderId:f6a83548-c013-4f74-9c0e-0b5a922fe81f, CreationTimestamp2023-06-02T05:15:30.653Z[Etc/UTC]].
2023-06-02 05:16:30,909 [main] ERROR scm.XceiverClientGrpc (XceiverClientGrpc.java:sendCommandWithRetry(453)) - Failed to execute command ReadChunk on the pipeline Pipeline[ Id: c00261f9-6365-4258-8761-eb390b666527, Nodes: f6a83548-c013-4f74-9c0e-0b5a922fe81f(fv-az628-647/10.1.74.1), ReplicationConfig: STANDALONE/ONE, State:OPEN, leaderId:f6a83548-c013-4f74-9c0e-0b5a922fe81f, CreationTimestamp2023-06-02T05:15:30.653Z[Etc/UTC]].
2023-06-02 05:16:30,911 [main] ERROR scm.XceiverClientGrpc (XceiverClientGrpc.java:sendCommandWithRetry(453)) - Failed to execute command ReadChunk on the pipeline Pipeline[ Id: c00261f9-6365-4258-8761-eb390b666527, Nodes: f6a83548-c013-4f74-9c0e-0b5a922fe81f(fv-az628-647/10.1.74.1), ReplicationConfig: STANDALONE/ONE, State:OPEN, leaderId:f6a83548-c013-4f74-9c0e-0b5a922fe81f, CreationTimestamp2023-06-02T05:15:30.653Z[Etc/UTC]].
]]></system-out>
  </testcase>
  <testcase name="testReadKeyWithCorruptedDataWithMutiNodes" classname="org.apache.hadoop.ozone.client.rpc.TestSecureOzoneRpcClient" time="0.166">
    <system-out><![CDATA[2023-06-02 05:16:30,912 [main] INFO  rpc.RpcClient (RpcClient.java:createVolume(459)) - Creating Volume: 67724769-6aaf-4dc3-9105-9e188212ca4a, with runner as owner and space quota set to -1 bytes, counts quota set to -1
2023-06-02 05:16:30,916 [OM StateMachine ApplyTransaction Thread - 0] INFO  volume.OMVolumeCreateRequest (OMVolumeCreateRequest.java:validateAndUpdateCache(196)) - created volume:67724769-6aaf-4dc3-9105-9e188212ca4a for user:runner
2023-06-02 05:16:30,918 [main] INFO  rpc.RpcClient (RpcClient.java:createBucket(686)) - Creating Bucket: 67724769-6aaf-4dc3-9105-9e188212ca4a/890b007c-adf9-4327-9376-7bb297d9f1b4, with server-side default bucket layout, runner as owner, Versioning false, Storage Type set to DISK and Encryption set to false, Replication Type set to server-side default replication type, Namespace Quota set to -1, Space Quota set to -1 
2023-06-02 05:16:30,920 [OM StateMachine ApplyTransaction Thread - 0] INFO  bucket.OMBucketCreateRequest (OMBucketCreateRequest.java:validateAndUpdateCache(270)) - created bucket: 890b007c-adf9-4327-9376-7bb297d9f1b4 of layout OBJECT_STORE in volume: 67724769-6aaf-4dc3-9105-9e188212ca4a
2023-06-02 05:16:30,963 [IPC Server handler 12 on default port 15001] WARN  node.SCMNodeManager (SCMNodeManager.java:getNodesByAddress(1381)) - Cannot find node for address 127.0.0.1
2023-06-02 05:16:30,973 [IPC Server handler 1 on default port 15001] WARN  node.SCMNodeManager (SCMNodeManager.java:getNodesByAddress(1381)) - Cannot find node for address 127.0.0.1
2023-06-02 05:16:30,992 [IPC Server handler 8 on default port 15001] WARN  node.SCMNodeManager (SCMNodeManager.java:getNodesByAddress(1381)) - Cannot find node for address 127.0.0.1
2023-06-02 05:16:31,007 [IPC Server handler 11 on default port 15001] WARN  node.SCMNodeManager (SCMNodeManager.java:getNodesByAddress(1381)) - Cannot find node for address 127.0.0.1
2023-06-02 05:16:31,018 [main] ERROR scm.XceiverClientGrpc (XceiverClientGrpc.java:sendCommandWithRetry(453)) - Failed to execute command ReadChunk on the pipeline Pipeline[ Id: fe6d5e3d-8cf4-48d0-a6b4-a3fcdcc912b4, Nodes: f102c20d-579f-44a7-9197-f839bb943261(fv-az628-647/10.1.74.1)f140acff-7aed-42b1-955f-393a22e760fa(fv-az628-647/10.1.74.1)21bba47c-9d70-4b1d-8693-1fcc7960d534(fv-az628-647/10.1.74.1), ReplicationConfig: STANDALONE/THREE, State:OPEN, leaderId:f140acff-7aed-42b1-955f-393a22e760fa, CreationTimestamp2023-06-02T05:15:26.421Z[Etc/UTC]].
2023-06-02 05:16:31,019 [main] WARN  storage.ContainerProtocolCalls (ContainerProtocolCalls.java:tryEachDatanode(147)) - Failed to read chunk 111677748019200387_chunk_1 (len=12) conID: 17 locID: 111677748019200387 bcsId: 141 from f102c20d-579f-44a7-9197-f839bb943261(fv-az628-647/10.1.74.1); will try another datanode.
org.apache.hadoop.ozone.common.OzoneChecksumException: Checksum mismatch at index 0
	at org.apache.hadoop.ozone.common.ChecksumData.verifyChecksumDataMatches(ChecksumData.java:139)
	at org.apache.hadoop.ozone.common.Checksum.verifyChecksum(Checksum.java:295)
	at org.apache.hadoop.hdds.scm.storage.ChunkInputStream.lambda$new$0(ChunkInputStream.java:492)
	at org.apache.hadoop.hdds.scm.XceiverClientGrpc.sendCommandWithRetry(XceiverClientGrpc.java:410)
	at org.apache.hadoop.hdds.scm.XceiverClientGrpc.lambda$sendCommandWithTraceIDAndRetry$0(XceiverClientGrpc.java:349)
	at org.apache.hadoop.hdds.tracing.TracingUtil.executeInSpan(TracingUtil.java:196)
	at org.apache.hadoop.hdds.tracing.TracingUtil.executeInNewSpan(TracingUtil.java:170)
	at org.apache.hadoop.hdds.scm.XceiverClientGrpc.sendCommandWithTraceIDAndRetry(XceiverClientGrpc.java:343)
	at org.apache.hadoop.hdds.scm.XceiverClientGrpc.sendCommand(XceiverClientGrpc.java:324)
	at org.apache.hadoop.hdds.scm.storage.ContainerProtocolCalls.readChunk(ContainerProtocolCalls.java:355)
	at org.apache.hadoop.hdds.scm.storage.ContainerProtocolCalls.lambda$readChunk$2(ContainerProtocolCalls.java:342)
	at org.apache.hadoop.hdds.scm.storage.ContainerProtocolCalls.tryEachDatanode(ContainerProtocolCalls.java:143)
	at org.apache.hadoop.hdds.scm.storage.ContainerProtocolCalls.readChunk(ContainerProtocolCalls.java:341)
	at org.apache.hadoop.hdds.scm.storage.ChunkInputStream.readChunk(ChunkInputStream.java:430)
	at org.apache.hadoop.hdds.scm.storage.ChunkInputStream.readChunkDataIntoBuffers(ChunkInputStream.java:404)
	at org.apache.hadoop.hdds.scm.storage.ChunkInputStream.readChunkFromContainer(ChunkInputStream.java:389)
	at org.apache.hadoop.hdds.scm.storage.ChunkInputStream.prepareRead(ChunkInputStream.java:331)
	at org.apache.hadoop.hdds.scm.storage.ChunkInputStream.read(ChunkInputStream.java:175)
	at org.apache.hadoop.hdds.scm.storage.ByteArrayReader.readFromBlock(ByteArrayReader.java:57)
	at org.apache.hadoop.hdds.scm.storage.BlockInputStream.readWithStrategy(BlockInputStream.java:327)
	at org.apache.hadoop.hdds.scm.storage.ExtendedInputStream.read(ExtendedInputStream.java:56)
	at org.apache.hadoop.hdds.scm.storage.ByteArrayReader.readFromBlock(ByteArrayReader.java:57)
	at org.apache.hadoop.hdds.scm.storage.MultipartInputStream.readWithStrategy(MultipartInputStream.java:96)
	at org.apache.hadoop.hdds.scm.storage.ExtendedInputStream.read(ExtendedInputStream.java:56)
	at org.apache.hadoop.ozone.client.io.OzoneInputStream.read(OzoneInputStream.java:56)
	at java.io.InputStream.read(InputStream.java:101)
	at org.apache.hadoop.ozone.client.rpc.TestOzoneRpcClientAbstract.testReadKeyWithCorruptedDataWithMutiNodes(TestOzoneRpcClientAbstract.java:2044)
	at sun.reflect.NativeMethodAccessorImpl.invoke0(Native Method)
	at sun.reflect.NativeMethodAccessorImpl.invoke(NativeMethodAccessorImpl.java:62)
	at sun.reflect.DelegatingMethodAccessorImpl.invoke(DelegatingMethodAccessorImpl.java:43)
	at java.lang.reflect.Method.invoke(Method.java:498)
	at org.junit.platform.commons.util.ReflectionUtils.invokeMethod(ReflectionUtils.java:725)
	at org.junit.jupiter.engine.execution.MethodInvocation.proceed(MethodInvocation.java:60)
	at org.junit.jupiter.engine.execution.InvocationInterceptorChain$ValidatingInvocation.proceed(InvocationInterceptorChain.java:131)
	at org.junit.jupiter.engine.extension.TimeoutInvocation.proceed(TimeoutInvocation.java:46)
	at org.junit.jupiter.engine.extension.TimeoutExtension.intercept(TimeoutExtension.java:149)
	at org.junit.jupiter.engine.extension.TimeoutExtension.interceptTestableMethod(TimeoutExtension.java:140)
	at org.junit.jupiter.engine.extension.TimeoutExtension.interceptTestMethod(TimeoutExtension.java:84)
	at org.junit.jupiter.engine.execution.ExecutableInvoker$ReflectiveInterceptorCall.lambda$ofVoidMethod$0(ExecutableInvoker.java:115)
	at org.junit.jupiter.engine.execution.ExecutableInvoker.lambda$invoke$0(ExecutableInvoker.java:105)
	at org.junit.jupiter.engine.execution.InvocationInterceptorChain$InterceptedInvocation.proceed(InvocationInterceptorChain.java:106)
	at org.junit.jupiter.engine.execution.InvocationInterceptorChain.proceed(InvocationInterceptorChain.java:64)
	at org.junit.jupiter.engine.execution.InvocationInterceptorChain.chainAndInvoke(InvocationInterceptorChain.java:45)
	at org.junit.jupiter.engine.execution.InvocationInterceptorChain.invoke(InvocationInterceptorChain.java:37)
	at org.junit.jupiter.engine.execution.ExecutableInvoker.invoke(ExecutableInvoker.java:104)
	at org.junit.jupiter.engine.execution.ExecutableInvoker.invoke(ExecutableInvoker.java:98)
	at org.junit.jupiter.engine.descriptor.TestMethodTestDescriptor.lambda$invokeTestMethod$7(TestMethodTestDescriptor.java:214)
	at org.junit.platform.engine.support.hierarchical.ThrowableCollector.execute(ThrowableCollector.java:73)
	at org.junit.jupiter.engine.descriptor.TestMethodTestDescriptor.invokeTestMethod(TestMethodTestDescriptor.java:210)
	at org.junit.jupiter.engine.descriptor.TestMethodTestDescriptor.execute(TestMethodTestDescriptor.java:135)
	at org.junit.jupiter.engine.descriptor.TestMethodTestDescriptor.execute(TestMethodTestDescriptor.java:66)
	at org.junit.platform.engine.support.hierarchical.NodeTestTask.lambda$executeRecursively$6(NodeTestTask.java:151)
	at org.junit.platform.engine.support.hierarchical.ThrowableCollector.execute(ThrowableCollector.java:73)
	at org.junit.platform.engine.support.hierarchical.NodeTestTask.lambda$executeRecursively$8(NodeTestTask.java:141)
	at org.junit.platform.engine.support.hierarchical.Node.around(Node.java:137)
	at org.junit.platform.engine.support.hierarchical.NodeTestTask.lambda$executeRecursively$9(NodeTestTask.java:139)
	at org.junit.platform.engine.support.hierarchical.ThrowableCollector.execute(ThrowableCollector.java:73)
	at org.junit.platform.engine.support.hierarchical.NodeTestTask.executeRecursively(NodeTestTask.java:138)
	at org.junit.platform.engine.support.hierarchical.NodeTestTask.execute(NodeTestTask.java:95)
	at java.util.ArrayList.forEach(ArrayList.java:1259)
	at org.junit.platform.engine.support.hierarchical.SameThreadHierarchicalTestExecutorService.invokeAll(SameThreadHierarchicalTestExecutorService.java:41)
	at org.junit.platform.engine.support.hierarchical.NodeTestTask.lambda$executeRecursively$6(NodeTestTask.java:155)
	at org.junit.platform.engine.support.hierarchical.ThrowableCollector.execute(ThrowableCollector.java:73)
	at org.junit.platform.engine.support.hierarchical.NodeTestTask.lambda$executeRecursively$8(NodeTestTask.java:141)
	at org.junit.platform.engine.support.hierarchical.Node.around(Node.java:137)
	at org.junit.platform.engine.support.hierarchical.NodeTestTask.lambda$executeRecursively$9(NodeTestTask.java:139)
	at org.junit.platform.engine.support.hierarchical.ThrowableCollector.execute(ThrowableCollector.java:73)
	at org.junit.platform.engine.support.hierarchical.NodeTestTask.executeRecursively(NodeTestTask.java:138)
	at org.junit.platform.engine.support.hierarchical.NodeTestTask.execute(NodeTestTask.java:95)
	at java.util.ArrayList.forEach(ArrayList.java:1259)
	at org.junit.platform.engine.support.hierarchical.SameThreadHierarchicalTestExecutorService.invokeAll(SameThreadHierarchicalTestExecutorService.java:41)
	at org.junit.platform.engine.support.hierarchical.NodeTestTask.lambda$executeRecursively$6(NodeTestTask.java:155)
	at org.junit.platform.engine.support.hierarchical.ThrowableCollector.execute(ThrowableCollector.java:73)
	at org.junit.platform.engine.support.hierarchical.NodeTestTask.lambda$executeRecursively$8(NodeTestTask.java:141)
	at org.junit.platform.engine.support.hierarchical.Node.around(Node.java:137)
	at org.junit.platform.engine.support.hierarchical.NodeTestTask.lambda$executeRecursively$9(NodeTestTask.java:139)
	at org.junit.platform.engine.support.hierarchical.ThrowableCollector.execute(ThrowableCollector.java:73)
	at org.junit.platform.engine.support.hierarchical.NodeTestTask.executeRecursively(NodeTestTask.java:138)
	at org.junit.platform.engine.support.hierarchical.NodeTestTask.execute(NodeTestTask.java:95)
	at org.junit.platform.engine.support.hierarchical.SameThreadHierarchicalTestExecutorService.submit(SameThreadHierarchicalTestExecutorService.java:35)
	at org.junit.platform.engine.support.hierarchical.HierarchicalTestExecutor.execute(HierarchicalTestExecutor.java:57)
	at org.junit.platform.engine.support.hierarchical.HierarchicalTestEngine.execute(HierarchicalTestEngine.java:54)
	at org.junit.platform.launcher.core.EngineExecutionOrchestrator.execute(EngineExecutionOrchestrator.java:107)
	at org.junit.platform.launcher.core.EngineExecutionOrchestrator.execute(EngineExecutionOrchestrator.java:88)
	at org.junit.platform.launcher.core.EngineExecutionOrchestrator.lambda$execute$0(EngineExecutionOrchestrator.java:54)
	at org.junit.platform.launcher.core.EngineExecutionOrchestrator.withInterceptedStreams(EngineExecutionOrchestrator.java:67)
	at org.junit.platform.launcher.core.EngineExecutionOrchestrator.execute(EngineExecutionOrchestrator.java:52)
	at org.junit.platform.launcher.core.DefaultLauncher.execute(DefaultLauncher.java:114)
	at org.junit.platform.launcher.core.DefaultLauncher.execute(DefaultLauncher.java:86)
	at org.junit.platform.launcher.core.DefaultLauncherSession$DelegatingLauncher.execute(DefaultLauncherSession.java:86)
	at org.junit.platform.launcher.core.SessionPerRequestLauncher.execute(SessionPerRequestLauncher.java:53)
	at org.apache.maven.surefire.junitplatform.JUnitPlatformProvider.execute(JUnitPlatformProvider.java:188)
	at org.apache.maven.surefire.junitplatform.JUnitPlatformProvider.invokeAllTests(JUnitPlatformProvider.java:154)
	at org.apache.maven.surefire.junitplatform.JUnitPlatformProvider.invoke(JUnitPlatformProvider.java:124)
	at org.apache.maven.surefire.booter.ForkedBooter.runSuitesInProcess(ForkedBooter.java:428)
	at org.apache.maven.surefire.booter.ForkedBooter.execute(ForkedBooter.java:162)
	at org.apache.maven.surefire.booter.ForkedBooter.run(ForkedBooter.java:562)
	at org.apache.maven.surefire.booter.ForkedBooter.main(ForkedBooter.java:548)
2023-06-02 05:16:31,025 [main] ERROR scm.XceiverClientGrpc (XceiverClientGrpc.java:sendCommandWithRetry(453)) - Failed to execute command ReadChunk on the pipeline Pipeline[ Id: fe6d5e3d-8cf4-48d0-a6b4-a3fcdcc912b4, Nodes: f102c20d-579f-44a7-9197-f839bb943261(fv-az628-647/10.1.74.1)f140acff-7aed-42b1-955f-393a22e760fa(fv-az628-647/10.1.74.1)21bba47c-9d70-4b1d-8693-1fcc7960d534(fv-az628-647/10.1.74.1), ReplicationConfig: STANDALONE/THREE, State:OPEN, leaderId:f140acff-7aed-42b1-955f-393a22e760fa, CreationTimestamp2023-06-02T05:15:26.421Z[Etc/UTC]].
2023-06-02 05:16:31,025 [main] WARN  storage.ContainerProtocolCalls (ContainerProtocolCalls.java:tryEachDatanode(147)) - Failed to read chunk 111677748019200387_chunk_1 (len=12) conID: 17 locID: 111677748019200387 bcsId: 141 from f140acff-7aed-42b1-955f-393a22e760fa(fv-az628-647/10.1.74.1); will try another datanode.
org.apache.hadoop.ozone.common.OzoneChecksumException: Checksum mismatch at index 0
	at org.apache.hadoop.ozone.common.ChecksumData.verifyChecksumDataMatches(ChecksumData.java:139)
	at org.apache.hadoop.ozone.common.Checksum.verifyChecksum(Checksum.java:295)
	at org.apache.hadoop.hdds.scm.storage.ChunkInputStream.lambda$new$0(ChunkInputStream.java:492)
	at org.apache.hadoop.hdds.scm.XceiverClientGrpc.sendCommandWithRetry(XceiverClientGrpc.java:410)
	at org.apache.hadoop.hdds.scm.XceiverClientGrpc.lambda$sendCommandWithTraceIDAndRetry$0(XceiverClientGrpc.java:349)
	at org.apache.hadoop.hdds.tracing.TracingUtil.executeInSpan(TracingUtil.java:196)
	at org.apache.hadoop.hdds.tracing.TracingUtil.executeInNewSpan(TracingUtil.java:170)
	at org.apache.hadoop.hdds.scm.XceiverClientGrpc.sendCommandWithTraceIDAndRetry(XceiverClientGrpc.java:343)
	at org.apache.hadoop.hdds.scm.XceiverClientGrpc.sendCommand(XceiverClientGrpc.java:324)
	at org.apache.hadoop.hdds.scm.storage.ContainerProtocolCalls.readChunk(ContainerProtocolCalls.java:355)
	at org.apache.hadoop.hdds.scm.storage.ContainerProtocolCalls.lambda$readChunk$2(ContainerProtocolCalls.java:342)
	at org.apache.hadoop.hdds.scm.storage.ContainerProtocolCalls.tryEachDatanode(ContainerProtocolCalls.java:143)
	at org.apache.hadoop.hdds.scm.storage.ContainerProtocolCalls.readChunk(ContainerProtocolCalls.java:341)
	at org.apache.hadoop.hdds.scm.storage.ChunkInputStream.readChunk(ChunkInputStream.java:430)
	at org.apache.hadoop.hdds.scm.storage.ChunkInputStream.readChunkDataIntoBuffers(ChunkInputStream.java:404)
	at org.apache.hadoop.hdds.scm.storage.ChunkInputStream.readChunkFromContainer(ChunkInputStream.java:389)
	at org.apache.hadoop.hdds.scm.storage.ChunkInputStream.prepareRead(ChunkInputStream.java:331)
	at org.apache.hadoop.hdds.scm.storage.ChunkInputStream.read(ChunkInputStream.java:175)
	at org.apache.hadoop.hdds.scm.storage.ByteArrayReader.readFromBlock(ByteArrayReader.java:57)
	at org.apache.hadoop.hdds.scm.storage.BlockInputStream.readWithStrategy(BlockInputStream.java:327)
	at org.apache.hadoop.hdds.scm.storage.ExtendedInputStream.read(ExtendedInputStream.java:56)
	at org.apache.hadoop.hdds.scm.storage.ByteArrayReader.readFromBlock(ByteArrayReader.java:57)
	at org.apache.hadoop.hdds.scm.storage.MultipartInputStream.readWithStrategy(MultipartInputStream.java:96)
	at org.apache.hadoop.hdds.scm.storage.ExtendedInputStream.read(ExtendedInputStream.java:56)
	at org.apache.hadoop.ozone.client.io.OzoneInputStream.read(OzoneInputStream.java:56)
	at java.io.InputStream.read(InputStream.java:101)
	at org.apache.hadoop.ozone.client.rpc.TestOzoneRpcClientAbstract.testReadKeyWithCorruptedDataWithMutiNodes(TestOzoneRpcClientAbstract.java:2044)
	at sun.reflect.NativeMethodAccessorImpl.invoke0(Native Method)
	at sun.reflect.NativeMethodAccessorImpl.invoke(NativeMethodAccessorImpl.java:62)
	at sun.reflect.DelegatingMethodAccessorImpl.invoke(DelegatingMethodAccessorImpl.java:43)
	at java.lang.reflect.Method.invoke(Method.java:498)
	at org.junit.platform.commons.util.ReflectionUtils.invokeMethod(ReflectionUtils.java:725)
	at org.junit.jupiter.engine.execution.MethodInvocation.proceed(MethodInvocation.java:60)
	at org.junit.jupiter.engine.execution.InvocationInterceptorChain$ValidatingInvocation.proceed(InvocationInterceptorChain.java:131)
	at org.junit.jupiter.engine.extension.TimeoutInvocation.proceed(TimeoutInvocation.java:46)
	at org.junit.jupiter.engine.extension.TimeoutExtension.intercept(TimeoutExtension.java:149)
	at org.junit.jupiter.engine.extension.TimeoutExtension.interceptTestableMethod(TimeoutExtension.java:140)
	at org.junit.jupiter.engine.extension.TimeoutExtension.interceptTestMethod(TimeoutExtension.java:84)
	at org.junit.jupiter.engine.execution.ExecutableInvoker$ReflectiveInterceptorCall.lambda$ofVoidMethod$0(ExecutableInvoker.java:115)
	at org.junit.jupiter.engine.execution.ExecutableInvoker.lambda$invoke$0(ExecutableInvoker.java:105)
	at org.junit.jupiter.engine.execution.InvocationInterceptorChain$InterceptedInvocation.proceed(InvocationInterceptorChain.java:106)
	at org.junit.jupiter.engine.execution.InvocationInterceptorChain.proceed(InvocationInterceptorChain.java:64)
	at org.junit.jupiter.engine.execution.InvocationInterceptorChain.chainAndInvoke(InvocationInterceptorChain.java:45)
	at org.junit.jupiter.engine.execution.InvocationInterceptorChain.invoke(InvocationInterceptorChain.java:37)
	at org.junit.jupiter.engine.execution.ExecutableInvoker.invoke(ExecutableInvoker.java:104)
	at org.junit.jupiter.engine.execution.ExecutableInvoker.invoke(ExecutableInvoker.java:98)
	at org.junit.jupiter.engine.descriptor.TestMethodTestDescriptor.lambda$invokeTestMethod$7(TestMethodTestDescriptor.java:214)
	at org.junit.platform.engine.support.hierarchical.ThrowableCollector.execute(ThrowableCollector.java:73)
	at org.junit.jupiter.engine.descriptor.TestMethodTestDescriptor.invokeTestMethod(TestMethodTestDescriptor.java:210)
	at org.junit.jupiter.engine.descriptor.TestMethodTestDescriptor.execute(TestMethodTestDescriptor.java:135)
	at org.junit.jupiter.engine.descriptor.TestMethodTestDescriptor.execute(TestMethodTestDescriptor.java:66)
	at org.junit.platform.engine.support.hierarchical.NodeTestTask.lambda$executeRecursively$6(NodeTestTask.java:151)
	at org.junit.platform.engine.support.hierarchical.ThrowableCollector.execute(ThrowableCollector.java:73)
	at org.junit.platform.engine.support.hierarchical.NodeTestTask.lambda$executeRecursively$8(NodeTestTask.java:141)
	at org.junit.platform.engine.support.hierarchical.Node.around(Node.java:137)
	at org.junit.platform.engine.support.hierarchical.NodeTestTask.lambda$executeRecursively$9(NodeTestTask.java:139)
	at org.junit.platform.engine.support.hierarchical.ThrowableCollector.execute(ThrowableCollector.java:73)
	at org.junit.platform.engine.support.hierarchical.NodeTestTask.executeRecursively(NodeTestTask.java:138)
	at org.junit.platform.engine.support.hierarchical.NodeTestTask.execute(NodeTestTask.java:95)
	at java.util.ArrayList.forEach(ArrayList.java:1259)
	at org.junit.platform.engine.support.hierarchical.SameThreadHierarchicalTestExecutorService.invokeAll(SameThreadHierarchicalTestExecutorService.java:41)
	at org.junit.platform.engine.support.hierarchical.NodeTestTask.lambda$executeRecursively$6(NodeTestTask.java:155)
	at org.junit.platform.engine.support.hierarchical.ThrowableCollector.execute(ThrowableCollector.java:73)
	at org.junit.platform.engine.support.hierarchical.NodeTestTask.lambda$executeRecursively$8(NodeTestTask.java:141)
	at org.junit.platform.engine.support.hierarchical.Node.around(Node.java:137)
	at org.junit.platform.engine.support.hierarchical.NodeTestTask.lambda$executeRecursively$9(NodeTestTask.java:139)
	at org.junit.platform.engine.support.hierarchical.ThrowableCollector.execute(ThrowableCollector.java:73)
	at org.junit.platform.engine.support.hierarchical.NodeTestTask.executeRecursively(NodeTestTask.java:138)
	at org.junit.platform.engine.support.hierarchical.NodeTestTask.execute(NodeTestTask.java:95)
	at java.util.ArrayList.forEach(ArrayList.java:1259)
	at org.junit.platform.engine.support.hierarchical.SameThreadHierarchicalTestExecutorService.invokeAll(SameThreadHierarchicalTestExecutorService.java:41)
	at org.junit.platform.engine.support.hierarchical.NodeTestTask.lambda$executeRecursively$6(NodeTestTask.java:155)
	at org.junit.platform.engine.support.hierarchical.ThrowableCollector.execute(ThrowableCollector.java:73)
	at org.junit.platform.engine.support.hierarchical.NodeTestTask.lambda$executeRecursively$8(NodeTestTask.java:141)
	at org.junit.platform.engine.support.hierarchical.Node.around(Node.java:137)
	at org.junit.platform.engine.support.hierarchical.NodeTestTask.lambda$executeRecursively$9(NodeTestTask.java:139)
	at org.junit.platform.engine.support.hierarchical.ThrowableCollector.execute(ThrowableCollector.java:73)
	at org.junit.platform.engine.support.hierarchical.NodeTestTask.executeRecursively(NodeTestTask.java:138)
	at org.junit.platform.engine.support.hierarchical.NodeTestTask.execute(NodeTestTask.java:95)
	at org.junit.platform.engine.support.hierarchical.SameThreadHierarchicalTestExecutorService.submit(SameThreadHierarchicalTestExecutorService.java:35)
	at org.junit.platform.engine.support.hierarchical.HierarchicalTestExecutor.execute(HierarchicalTestExecutor.java:57)
	at org.junit.platform.engine.support.hierarchical.HierarchicalTestEngine.execute(HierarchicalTestEngine.java:54)
	at org.junit.platform.launcher.core.EngineExecutionOrchestrator.execute(EngineExecutionOrchestrator.java:107)
	at org.junit.platform.launcher.core.EngineExecutionOrchestrator.execute(EngineExecutionOrchestrator.java:88)
	at org.junit.platform.launcher.core.EngineExecutionOrchestrator.lambda$execute$0(EngineExecutionOrchestrator.java:54)
	at org.junit.platform.launcher.core.EngineExecutionOrchestrator.withInterceptedStreams(EngineExecutionOrchestrator.java:67)
	at org.junit.platform.launcher.core.EngineExecutionOrchestrator.execute(EngineExecutionOrchestrator.java:52)
	at org.junit.platform.launcher.core.DefaultLauncher.execute(DefaultLauncher.java:114)
	at org.junit.platform.launcher.core.DefaultLauncher.execute(DefaultLauncher.java:86)
	at org.junit.platform.launcher.core.DefaultLauncherSession$DelegatingLauncher.execute(DefaultLauncherSession.java:86)
	at org.junit.platform.launcher.core.SessionPerRequestLauncher.execute(SessionPerRequestLauncher.java:53)
	at org.apache.maven.surefire.junitplatform.JUnitPlatformProvider.execute(JUnitPlatformProvider.java:188)
	at org.apache.maven.surefire.junitplatform.JUnitPlatformProvider.invokeAllTests(JUnitPlatformProvider.java:154)
	at org.apache.maven.surefire.junitplatform.JUnitPlatformProvider.invoke(JUnitPlatformProvider.java:124)
	at org.apache.maven.surefire.booter.ForkedBooter.runSuitesInProcess(ForkedBooter.java:428)
	at org.apache.maven.surefire.booter.ForkedBooter.execute(ForkedBooter.java:162)
	at org.apache.maven.surefire.booter.ForkedBooter.run(ForkedBooter.java:562)
	at org.apache.maven.surefire.booter.ForkedBooter.main(ForkedBooter.java:548)
2023-06-02 05:16:31,036 [main] ERROR scm.XceiverClientGrpc (XceiverClientGrpc.java:sendCommandWithRetry(453)) - Failed to execute command ReadChunk on the pipeline Pipeline[ Id: fe6d5e3d-8cf4-48d0-a6b4-a3fcdcc912b4, Nodes: f102c20d-579f-44a7-9197-f839bb943261(fv-az628-647/10.1.74.1)f140acff-7aed-42b1-955f-393a22e760fa(fv-az628-647/10.1.74.1)21bba47c-9d70-4b1d-8693-1fcc7960d534(fv-az628-647/10.1.74.1), ReplicationConfig: STANDALONE/THREE, State:OPEN, leaderId:f140acff-7aed-42b1-955f-393a22e760fa, CreationTimestamp2023-06-02T05:15:26.421Z[Etc/UTC]].
2023-06-02 05:16:31,041 [main] ERROR scm.XceiverClientGrpc (XceiverClientGrpc.java:sendCommandWithRetry(453)) - Failed to execute command ReadChunk on the pipeline Pipeline[ Id: fe6d5e3d-8cf4-48d0-a6b4-a3fcdcc912b4, Nodes: f102c20d-579f-44a7-9197-f839bb943261(fv-az628-647/10.1.74.1)f140acff-7aed-42b1-955f-393a22e760fa(fv-az628-647/10.1.74.1)21bba47c-9d70-4b1d-8693-1fcc7960d534(fv-az628-647/10.1.74.1), ReplicationConfig: STANDALONE/THREE, State:OPEN, leaderId:f140acff-7aed-42b1-955f-393a22e760fa, CreationTimestamp2023-06-02T05:15:26.421Z[Etc/UTC]].
2023-06-02 05:16:31,041 [main] WARN  storage.ContainerProtocolCalls (ContainerProtocolCalls.java:tryEachDatanode(147)) - Failed to read chunk 111677748019200387_chunk_1 (len=12) conID: 17 locID: 111677748019200387 bcsId: 141 from f102c20d-579f-44a7-9197-f839bb943261(fv-az628-647/10.1.74.1); will try another datanode.
org.apache.hadoop.ozone.common.OzoneChecksumException: Checksum mismatch at index 0
	at org.apache.hadoop.ozone.common.ChecksumData.verifyChecksumDataMatches(ChecksumData.java:139)
	at org.apache.hadoop.ozone.common.Checksum.verifyChecksum(Checksum.java:295)
	at org.apache.hadoop.hdds.scm.storage.ChunkInputStream.lambda$new$0(ChunkInputStream.java:492)
	at org.apache.hadoop.hdds.scm.XceiverClientGrpc.sendCommandWithRetry(XceiverClientGrpc.java:410)
	at org.apache.hadoop.hdds.scm.XceiverClientGrpc.lambda$sendCommandWithTraceIDAndRetry$0(XceiverClientGrpc.java:349)
	at org.apache.hadoop.hdds.tracing.TracingUtil.executeInSpan(TracingUtil.java:196)
	at org.apache.hadoop.hdds.tracing.TracingUtil.executeInNewSpan(TracingUtil.java:170)
	at org.apache.hadoop.hdds.scm.XceiverClientGrpc.sendCommandWithTraceIDAndRetry(XceiverClientGrpc.java:343)
	at org.apache.hadoop.hdds.scm.XceiverClientGrpc.sendCommand(XceiverClientGrpc.java:324)
	at org.apache.hadoop.hdds.scm.storage.ContainerProtocolCalls.readChunk(ContainerProtocolCalls.java:355)
	at org.apache.hadoop.hdds.scm.storage.ContainerProtocolCalls.lambda$readChunk$2(ContainerProtocolCalls.java:342)
	at org.apache.hadoop.hdds.scm.storage.ContainerProtocolCalls.tryEachDatanode(ContainerProtocolCalls.java:143)
	at org.apache.hadoop.hdds.scm.storage.ContainerProtocolCalls.readChunk(ContainerProtocolCalls.java:341)
	at org.apache.hadoop.hdds.scm.storage.ChunkInputStream.readChunk(ChunkInputStream.java:430)
	at org.apache.hadoop.hdds.scm.storage.ChunkInputStream.readChunkDataIntoBuffers(ChunkInputStream.java:404)
	at org.apache.hadoop.hdds.scm.storage.ChunkInputStream.readChunkFromContainer(ChunkInputStream.java:389)
	at org.apache.hadoop.hdds.scm.storage.ChunkInputStream.prepareRead(ChunkInputStream.java:321)
	at org.apache.hadoop.hdds.scm.storage.ChunkInputStream.read(ChunkInputStream.java:175)
	at org.apache.hadoop.hdds.scm.storage.ByteArrayReader.readFromBlock(ByteArrayReader.java:57)
	at org.apache.hadoop.hdds.scm.storage.BlockInputStream.readWithStrategy(BlockInputStream.java:327)
	at org.apache.hadoop.hdds.scm.storage.ExtendedInputStream.read(ExtendedInputStream.java:56)
	at org.apache.hadoop.hdds.scm.storage.ByteArrayReader.readFromBlock(ByteArrayReader.java:57)
	at org.apache.hadoop.hdds.scm.storage.MultipartInputStream.readWithStrategy(MultipartInputStream.java:96)
	at org.apache.hadoop.hdds.scm.storage.ExtendedInputStream.read(ExtendedInputStream.java:56)
	at org.apache.hadoop.ozone.client.io.OzoneInputStream.read(OzoneInputStream.java:56)
	at java.io.InputStream.read(InputStream.java:101)
	at org.apache.hadoop.ozone.client.rpc.TestOzoneRpcClientAbstract.testReadKeyWithCorruptedDataWithMutiNodes(TestOzoneRpcClientAbstract.java:2044)
	at sun.reflect.NativeMethodAccessorImpl.invoke0(Native Method)
	at sun.reflect.NativeMethodAccessorImpl.invoke(NativeMethodAccessorImpl.java:62)
	at sun.reflect.DelegatingMethodAccessorImpl.invoke(DelegatingMethodAccessorImpl.java:43)
	at java.lang.reflect.Method.invoke(Method.java:498)
	at org.junit.platform.commons.util.ReflectionUtils.invokeMethod(ReflectionUtils.java:725)
	at org.junit.jupiter.engine.execution.MethodInvocation.proceed(MethodInvocation.java:60)
	at org.junit.jupiter.engine.execution.InvocationInterceptorChain$ValidatingInvocation.proceed(InvocationInterceptorChain.java:131)
	at org.junit.jupiter.engine.extension.TimeoutInvocation.proceed(TimeoutInvocation.java:46)
	at org.junit.jupiter.engine.extension.TimeoutExtension.intercept(TimeoutExtension.java:149)
	at org.junit.jupiter.engine.extension.TimeoutExtension.interceptTestableMethod(TimeoutExtension.java:140)
	at org.junit.jupiter.engine.extension.TimeoutExtension.interceptTestMethod(TimeoutExtension.java:84)
	at org.junit.jupiter.engine.execution.ExecutableInvoker$ReflectiveInterceptorCall.lambda$ofVoidMethod$0(ExecutableInvoker.java:115)
	at org.junit.jupiter.engine.execution.ExecutableInvoker.lambda$invoke$0(ExecutableInvoker.java:105)
	at org.junit.jupiter.engine.execution.InvocationInterceptorChain$InterceptedInvocation.proceed(InvocationInterceptorChain.java:106)
	at org.junit.jupiter.engine.execution.InvocationInterceptorChain.proceed(InvocationInterceptorChain.java:64)
	at org.junit.jupiter.engine.execution.InvocationInterceptorChain.chainAndInvoke(InvocationInterceptorChain.java:45)
	at org.junit.jupiter.engine.execution.InvocationInterceptorChain.invoke(InvocationInterceptorChain.java:37)
	at org.junit.jupiter.engine.execution.ExecutableInvoker.invoke(ExecutableInvoker.java:104)
	at org.junit.jupiter.engine.execution.ExecutableInvoker.invoke(ExecutableInvoker.java:98)
	at org.junit.jupiter.engine.descriptor.TestMethodTestDescriptor.lambda$invokeTestMethod$7(TestMethodTestDescriptor.java:214)
	at org.junit.platform.engine.support.hierarchical.ThrowableCollector.execute(ThrowableCollector.java:73)
	at org.junit.jupiter.engine.descriptor.TestMethodTestDescriptor.invokeTestMethod(TestMethodTestDescriptor.java:210)
	at org.junit.jupiter.engine.descriptor.TestMethodTestDescriptor.execute(TestMethodTestDescriptor.java:135)
	at org.junit.jupiter.engine.descriptor.TestMethodTestDescriptor.execute(TestMethodTestDescriptor.java:66)
	at org.junit.platform.engine.support.hierarchical.NodeTestTask.lambda$executeRecursively$6(NodeTestTask.java:151)
	at org.junit.platform.engine.support.hierarchical.ThrowableCollector.execute(ThrowableCollector.java:73)
	at org.junit.platform.engine.support.hierarchical.NodeTestTask.lambda$executeRecursively$8(NodeTestTask.java:141)
	at org.junit.platform.engine.support.hierarchical.Node.around(Node.java:137)
	at org.junit.platform.engine.support.hierarchical.NodeTestTask.lambda$executeRecursively$9(NodeTestTask.java:139)
	at org.junit.platform.engine.support.hierarchical.ThrowableCollector.execute(ThrowableCollector.java:73)
	at org.junit.platform.engine.support.hierarchical.NodeTestTask.executeRecursively(NodeTestTask.java:138)
	at org.junit.platform.engine.support.hierarchical.NodeTestTask.execute(NodeTestTask.java:95)
	at java.util.ArrayList.forEach(ArrayList.java:1259)
	at org.junit.platform.engine.support.hierarchical.SameThreadHierarchicalTestExecutorService.invokeAll(SameThreadHierarchicalTestExecutorService.java:41)
	at org.junit.platform.engine.support.hierarchical.NodeTestTask.lambda$executeRecursively$6(NodeTestTask.java:155)
	at org.junit.platform.engine.support.hierarchical.ThrowableCollector.execute(ThrowableCollector.java:73)
	at org.junit.platform.engine.support.hierarchical.NodeTestTask.lambda$executeRecursively$8(NodeTestTask.java:141)
	at org.junit.platform.engine.support.hierarchical.Node.around(Node.java:137)
	at org.junit.platform.engine.support.hierarchical.NodeTestTask.lambda$executeRecursively$9(NodeTestTask.java:139)
	at org.junit.platform.engine.support.hierarchical.ThrowableCollector.execute(ThrowableCollector.java:73)
	at org.junit.platform.engine.support.hierarchical.NodeTestTask.executeRecursively(NodeTestTask.java:138)
	at org.junit.platform.engine.support.hierarchical.NodeTestTask.execute(NodeTestTask.java:95)
	at java.util.ArrayList.forEach(ArrayList.java:1259)
	at org.junit.platform.engine.support.hierarchical.SameThreadHierarchicalTestExecutorService.invokeAll(SameThreadHierarchicalTestExecutorService.java:41)
	at org.junit.platform.engine.support.hierarchical.NodeTestTask.lambda$executeRecursively$6(NodeTestTask.java:155)
	at org.junit.platform.engine.support.hierarchical.ThrowableCollector.execute(ThrowableCollector.java:73)
	at org.junit.platform.engine.support.hierarchical.NodeTestTask.lambda$executeRecursively$8(NodeTestTask.java:141)
	at org.junit.platform.engine.support.hierarchical.Node.around(Node.java:137)
	at org.junit.platform.engine.support.hierarchical.NodeTestTask.lambda$executeRecursively$9(NodeTestTask.java:139)
	at org.junit.platform.engine.support.hierarchical.ThrowableCollector.execute(ThrowableCollector.java:73)
	at org.junit.platform.engine.support.hierarchical.NodeTestTask.executeRecursively(NodeTestTask.java:138)
	at org.junit.platform.engine.support.hierarchical.NodeTestTask.execute(NodeTestTask.java:95)
	at org.junit.platform.engine.support.hierarchical.SameThreadHierarchicalTestExecutorService.submit(SameThreadHierarchicalTestExecutorService.java:35)
	at org.junit.platform.engine.support.hierarchical.HierarchicalTestExecutor.execute(HierarchicalTestExecutor.java:57)
	at org.junit.platform.engine.support.hierarchical.HierarchicalTestEngine.execute(HierarchicalTestEngine.java:54)
	at org.junit.platform.launcher.core.EngineExecutionOrchestrator.execute(EngineExecutionOrchestrator.java:107)
	at org.junit.platform.launcher.core.EngineExecutionOrchestrator.execute(EngineExecutionOrchestrator.java:88)
	at org.junit.platform.launcher.core.EngineExecutionOrchestrator.lambda$execute$0(EngineExecutionOrchestrator.java:54)
	at org.junit.platform.launcher.core.EngineExecutionOrchestrator.withInterceptedStreams(EngineExecutionOrchestrator.java:67)
	at org.junit.platform.launcher.core.EngineExecutionOrchestrator.execute(EngineExecutionOrchestrator.java:52)
	at org.junit.platform.launcher.core.DefaultLauncher.execute(DefaultLauncher.java:114)
	at org.junit.platform.launcher.core.DefaultLauncher.execute(DefaultLauncher.java:86)
	at org.junit.platform.launcher.core.DefaultLauncherSession$DelegatingLauncher.execute(DefaultLauncherSession.java:86)
	at org.junit.platform.launcher.core.SessionPerRequestLauncher.execute(SessionPerRequestLauncher.java:53)
	at org.apache.maven.surefire.junitplatform.JUnitPlatformProvider.execute(JUnitPlatformProvider.java:188)
	at org.apache.maven.surefire.junitplatform.JUnitPlatformProvider.invokeAllTests(JUnitPlatformProvider.java:154)
	at org.apache.maven.surefire.junitplatform.JUnitPlatformProvider.invoke(JUnitPlatformProvider.java:124)
	at org.apache.maven.surefire.booter.ForkedBooter.runSuitesInProcess(ForkedBooter.java:428)
	at org.apache.maven.surefire.booter.ForkedBooter.execute(ForkedBooter.java:162)
	at org.apache.maven.surefire.booter.ForkedBooter.run(ForkedBooter.java:562)
	at org.apache.maven.surefire.booter.ForkedBooter.main(ForkedBooter.java:548)
2023-06-02 05:16:31,047 [main] ERROR scm.XceiverClientGrpc (XceiverClientGrpc.java:sendCommandWithRetry(453)) - Failed to execute command ReadChunk on the pipeline Pipeline[ Id: fe6d5e3d-8cf4-48d0-a6b4-a3fcdcc912b4, Nodes: f102c20d-579f-44a7-9197-f839bb943261(fv-az628-647/10.1.74.1)f140acff-7aed-42b1-955f-393a22e760fa(fv-az628-647/10.1.74.1)21bba47c-9d70-4b1d-8693-1fcc7960d534(fv-az628-647/10.1.74.1), ReplicationConfig: STANDALONE/THREE, State:OPEN, leaderId:f140acff-7aed-42b1-955f-393a22e760fa, CreationTimestamp2023-06-02T05:15:26.421Z[Etc/UTC]].
2023-06-02 05:16:31,047 [main] WARN  storage.ContainerProtocolCalls (ContainerProtocolCalls.java:tryEachDatanode(147)) - Failed to read chunk 111677748019200387_chunk_1 (len=12) conID: 17 locID: 111677748019200387 bcsId: 141 from f140acff-7aed-42b1-955f-393a22e760fa(fv-az628-647/10.1.74.1); will try another datanode.
org.apache.hadoop.ozone.common.OzoneChecksumException: Checksum mismatch at index 0
	at org.apache.hadoop.ozone.common.ChecksumData.verifyChecksumDataMatches(ChecksumData.java:139)
	at org.apache.hadoop.ozone.common.Checksum.verifyChecksum(Checksum.java:295)
	at org.apache.hadoop.hdds.scm.storage.ChunkInputStream.lambda$new$0(ChunkInputStream.java:492)
	at org.apache.hadoop.hdds.scm.XceiverClientGrpc.sendCommandWithRetry(XceiverClientGrpc.java:410)
	at org.apache.hadoop.hdds.scm.XceiverClientGrpc.lambda$sendCommandWithTraceIDAndRetry$0(XceiverClientGrpc.java:349)
	at org.apache.hadoop.hdds.tracing.TracingUtil.executeInSpan(TracingUtil.java:196)
	at org.apache.hadoop.hdds.tracing.TracingUtil.executeInNewSpan(TracingUtil.java:170)
	at org.apache.hadoop.hdds.scm.XceiverClientGrpc.sendCommandWithTraceIDAndRetry(XceiverClientGrpc.java:343)
	at org.apache.hadoop.hdds.scm.XceiverClientGrpc.sendCommand(XceiverClientGrpc.java:324)
	at org.apache.hadoop.hdds.scm.storage.ContainerProtocolCalls.readChunk(ContainerProtocolCalls.java:355)
	at org.apache.hadoop.hdds.scm.storage.ContainerProtocolCalls.lambda$readChunk$2(ContainerProtocolCalls.java:342)
	at org.apache.hadoop.hdds.scm.storage.ContainerProtocolCalls.tryEachDatanode(ContainerProtocolCalls.java:143)
	at org.apache.hadoop.hdds.scm.storage.ContainerProtocolCalls.readChunk(ContainerProtocolCalls.java:341)
	at org.apache.hadoop.hdds.scm.storage.ChunkInputStream.readChunk(ChunkInputStream.java:430)
	at org.apache.hadoop.hdds.scm.storage.ChunkInputStream.readChunkDataIntoBuffers(ChunkInputStream.java:404)
	at org.apache.hadoop.hdds.scm.storage.ChunkInputStream.readChunkFromContainer(ChunkInputStream.java:389)
	at org.apache.hadoop.hdds.scm.storage.ChunkInputStream.prepareRead(ChunkInputStream.java:321)
	at org.apache.hadoop.hdds.scm.storage.ChunkInputStream.read(ChunkInputStream.java:175)
	at org.apache.hadoop.hdds.scm.storage.ByteArrayReader.readFromBlock(ByteArrayReader.java:57)
	at org.apache.hadoop.hdds.scm.storage.BlockInputStream.readWithStrategy(BlockInputStream.java:327)
	at org.apache.hadoop.hdds.scm.storage.ExtendedInputStream.read(ExtendedInputStream.java:56)
	at org.apache.hadoop.hdds.scm.storage.ByteArrayReader.readFromBlock(ByteArrayReader.java:57)
	at org.apache.hadoop.hdds.scm.storage.MultipartInputStream.readWithStrategy(MultipartInputStream.java:96)
	at org.apache.hadoop.hdds.scm.storage.ExtendedInputStream.read(ExtendedInputStream.java:56)
	at org.apache.hadoop.ozone.client.io.OzoneInputStream.read(OzoneInputStream.java:56)
	at java.io.InputStream.read(InputStream.java:101)
	at org.apache.hadoop.ozone.client.rpc.TestOzoneRpcClientAbstract.testReadKeyWithCorruptedDataWithMutiNodes(TestOzoneRpcClientAbstract.java:2044)
	at sun.reflect.NativeMethodAccessorImpl.invoke0(Native Method)
	at sun.reflect.NativeMethodAccessorImpl.invoke(NativeMethodAccessorImpl.java:62)
	at sun.reflect.DelegatingMethodAccessorImpl.invoke(DelegatingMethodAccessorImpl.java:43)
	at java.lang.reflect.Method.invoke(Method.java:498)
	at org.junit.platform.commons.util.ReflectionUtils.invokeMethod(ReflectionUtils.java:725)
	at org.junit.jupiter.engine.execution.MethodInvocation.proceed(MethodInvocation.java:60)
	at org.junit.jupiter.engine.execution.InvocationInterceptorChain$ValidatingInvocation.proceed(InvocationInterceptorChain.java:131)
	at org.junit.jupiter.engine.extension.TimeoutInvocation.proceed(TimeoutInvocation.java:46)
	at org.junit.jupiter.engine.extension.TimeoutExtension.intercept(TimeoutExtension.java:149)
	at org.junit.jupiter.engine.extension.TimeoutExtension.interceptTestableMethod(TimeoutExtension.java:140)
	at org.junit.jupiter.engine.extension.TimeoutExtension.interceptTestMethod(TimeoutExtension.java:84)
	at org.junit.jupiter.engine.execution.ExecutableInvoker$ReflectiveInterceptorCall.lambda$ofVoidMethod$0(ExecutableInvoker.java:115)
	at org.junit.jupiter.engine.execution.ExecutableInvoker.lambda$invoke$0(ExecutableInvoker.java:105)
	at org.junit.jupiter.engine.execution.InvocationInterceptorChain$InterceptedInvocation.proceed(InvocationInterceptorChain.java:106)
	at org.junit.jupiter.engine.execution.InvocationInterceptorChain.proceed(InvocationInterceptorChain.java:64)
	at org.junit.jupiter.engine.execution.InvocationInterceptorChain.chainAndInvoke(InvocationInterceptorChain.java:45)
	at org.junit.jupiter.engine.execution.InvocationInterceptorChain.invoke(InvocationInterceptorChain.java:37)
	at org.junit.jupiter.engine.execution.ExecutableInvoker.invoke(ExecutableInvoker.java:104)
	at org.junit.jupiter.engine.execution.ExecutableInvoker.invoke(ExecutableInvoker.java:98)
	at org.junit.jupiter.engine.descriptor.TestMethodTestDescriptor.lambda$invokeTestMethod$7(TestMethodTestDescriptor.java:214)
	at org.junit.platform.engine.support.hierarchical.ThrowableCollector.execute(ThrowableCollector.java:73)
	at org.junit.jupiter.engine.descriptor.TestMethodTestDescriptor.invokeTestMethod(TestMethodTestDescriptor.java:210)
	at org.junit.jupiter.engine.descriptor.TestMethodTestDescriptor.execute(TestMethodTestDescriptor.java:135)
	at org.junit.jupiter.engine.descriptor.TestMethodTestDescriptor.execute(TestMethodTestDescriptor.java:66)
	at org.junit.platform.engine.support.hierarchical.NodeTestTask.lambda$executeRecursively$6(NodeTestTask.java:151)
	at org.junit.platform.engine.support.hierarchical.ThrowableCollector.execute(ThrowableCollector.java:73)
	at org.junit.platform.engine.support.hierarchical.NodeTestTask.lambda$executeRecursively$8(NodeTestTask.java:141)
	at org.junit.platform.engine.support.hierarchical.Node.around(Node.java:137)
	at org.junit.platform.engine.support.hierarchical.NodeTestTask.lambda$executeRecursively$9(NodeTestTask.java:139)
	at org.junit.platform.engine.support.hierarchical.ThrowableCollector.execute(ThrowableCollector.java:73)
	at org.junit.platform.engine.support.hierarchical.NodeTestTask.executeRecursively(NodeTestTask.java:138)
	at org.junit.platform.engine.support.hierarchical.NodeTestTask.execute(NodeTestTask.java:95)
	at java.util.ArrayList.forEach(ArrayList.java:1259)
	at org.junit.platform.engine.support.hierarchical.SameThreadHierarchicalTestExecutorService.invokeAll(SameThreadHierarchicalTestExecutorService.java:41)
	at org.junit.platform.engine.support.hierarchical.NodeTestTask.lambda$executeRecursively$6(NodeTestTask.java:155)
	at org.junit.platform.engine.support.hierarchical.ThrowableCollector.execute(ThrowableCollector.java:73)
	at org.junit.platform.engine.support.hierarchical.NodeTestTask.lambda$executeRecursively$8(NodeTestTask.java:141)
	at org.junit.platform.engine.support.hierarchical.Node.around(Node.java:137)
	at org.junit.platform.engine.support.hierarchical.NodeTestTask.lambda$executeRecursively$9(NodeTestTask.java:139)
	at org.junit.platform.engine.support.hierarchical.ThrowableCollector.execute(ThrowableCollector.java:73)
	at org.junit.platform.engine.support.hierarchical.NodeTestTask.executeRecursively(NodeTestTask.java:138)
	at org.junit.platform.engine.support.hierarchical.NodeTestTask.execute(NodeTestTask.java:95)
	at java.util.ArrayList.forEach(ArrayList.java:1259)
	at org.junit.platform.engine.support.hierarchical.SameThreadHierarchicalTestExecutorService.invokeAll(SameThreadHierarchicalTestExecutorService.java:41)
	at org.junit.platform.engine.support.hierarchical.NodeTestTask.lambda$executeRecursively$6(NodeTestTask.java:155)
	at org.junit.platform.engine.support.hierarchical.ThrowableCollector.execute(ThrowableCollector.java:73)
	at org.junit.platform.engine.support.hierarchical.NodeTestTask.lambda$executeRecursively$8(NodeTestTask.java:141)
	at org.junit.platform.engine.support.hierarchical.Node.around(Node.java:137)
	at org.junit.platform.engine.support.hierarchical.NodeTestTask.lambda$executeRecursively$9(NodeTestTask.java:139)
	at org.junit.platform.engine.support.hierarchical.ThrowableCollector.execute(ThrowableCollector.java:73)
	at org.junit.platform.engine.support.hierarchical.NodeTestTask.executeRecursively(NodeTestTask.java:138)
	at org.junit.platform.engine.support.hierarchical.NodeTestTask.execute(NodeTestTask.java:95)
	at org.junit.platform.engine.support.hierarchical.SameThreadHierarchicalTestExecutorService.submit(SameThreadHierarchicalTestExecutorService.java:35)
	at org.junit.platform.engine.support.hierarchical.HierarchicalTestExecutor.execute(HierarchicalTestExecutor.java:57)
	at org.junit.platform.engine.support.hierarchical.HierarchicalTestEngine.execute(HierarchicalTestEngine.java:54)
	at org.junit.platform.launcher.core.EngineExecutionOrchestrator.execute(EngineExecutionOrchestrator.java:107)
	at org.junit.platform.launcher.core.EngineExecutionOrchestrator.execute(EngineExecutionOrchestrator.java:88)
	at org.junit.platform.launcher.core.EngineExecutionOrchestrator.lambda$execute$0(EngineExecutionOrchestrator.java:54)
	at org.junit.platform.launcher.core.EngineExecutionOrchestrator.withInterceptedStreams(EngineExecutionOrchestrator.java:67)
	at org.junit.platform.launcher.core.EngineExecutionOrchestrator.execute(EngineExecutionOrchestrator.java:52)
	at org.junit.platform.launcher.core.DefaultLauncher.execute(DefaultLauncher.java:114)
	at org.junit.platform.launcher.core.DefaultLauncher.execute(DefaultLauncher.java:86)
	at org.junit.platform.launcher.core.DefaultLauncherSession$DelegatingLauncher.execute(DefaultLauncherSession.java:86)
	at org.junit.platform.launcher.core.SessionPerRequestLauncher.execute(SessionPerRequestLauncher.java:53)
	at org.apache.maven.surefire.junitplatform.JUnitPlatformProvider.execute(JUnitPlatformProvider.java:188)
	at org.apache.maven.surefire.junitplatform.JUnitPlatformProvider.invokeAllTests(JUnitPlatformProvider.java:154)
	at org.apache.maven.surefire.junitplatform.JUnitPlatformProvider.invoke(JUnitPlatformProvider.java:124)
	at org.apache.maven.surefire.booter.ForkedBooter.runSuitesInProcess(ForkedBooter.java:428)
	at org.apache.maven.surefire.booter.ForkedBooter.execute(ForkedBooter.java:162)
	at org.apache.maven.surefire.booter.ForkedBooter.run(ForkedBooter.java:562)
	at org.apache.maven.surefire.booter.ForkedBooter.main(ForkedBooter.java:548)
2023-06-02 05:16:31,054 [main] ERROR scm.XceiverClientGrpc (XceiverClientGrpc.java:sendCommandWithRetry(453)) - Failed to execute command ReadChunk on the pipeline Pipeline[ Id: fe6d5e3d-8cf4-48d0-a6b4-a3fcdcc912b4, Nodes: f102c20d-579f-44a7-9197-f839bb943261(fv-az628-647/10.1.74.1)f140acff-7aed-42b1-955f-393a22e760fa(fv-az628-647/10.1.74.1)21bba47c-9d70-4b1d-8693-1fcc7960d534(fv-az628-647/10.1.74.1), ReplicationConfig: STANDALONE/THREE, State:OPEN, leaderId:f140acff-7aed-42b1-955f-393a22e760fa, CreationTimestamp2023-06-02T05:15:26.421Z[Etc/UTC]].
2023-06-02 05:16:31,059 [main] ERROR scm.XceiverClientGrpc (XceiverClientGrpc.java:sendCommandWithRetry(453)) - Failed to execute command ReadChunk on the pipeline Pipeline[ Id: fe6d5e3d-8cf4-48d0-a6b4-a3fcdcc912b4, Nodes: f102c20d-579f-44a7-9197-f839bb943261(fv-az628-647/10.1.74.1)f140acff-7aed-42b1-955f-393a22e760fa(fv-az628-647/10.1.74.1)21bba47c-9d70-4b1d-8693-1fcc7960d534(fv-az628-647/10.1.74.1), ReplicationConfig: STANDALONE/THREE, State:OPEN, leaderId:f140acff-7aed-42b1-955f-393a22e760fa, CreationTimestamp2023-06-02T05:15:26.421Z[Etc/UTC]].
2023-06-02 05:16:31,059 [main] WARN  storage.ContainerProtocolCalls (ContainerProtocolCalls.java:tryEachDatanode(147)) - Failed to read chunk 111677748019200387_chunk_1 (len=12) conID: 17 locID: 111677748019200387 bcsId: 141 from f102c20d-579f-44a7-9197-f839bb943261(fv-az628-647/10.1.74.1); will try another datanode.
org.apache.hadoop.ozone.common.OzoneChecksumException: Checksum mismatch at index 0
	at org.apache.hadoop.ozone.common.ChecksumData.verifyChecksumDataMatches(ChecksumData.java:139)
	at org.apache.hadoop.ozone.common.Checksum.verifyChecksum(Checksum.java:295)
	at org.apache.hadoop.hdds.scm.storage.ChunkInputStream.lambda$new$0(ChunkInputStream.java:492)
	at org.apache.hadoop.hdds.scm.XceiverClientGrpc.sendCommandWithRetry(XceiverClientGrpc.java:410)
	at org.apache.hadoop.hdds.scm.XceiverClientGrpc.lambda$sendCommandWithTraceIDAndRetry$0(XceiverClientGrpc.java:349)
	at org.apache.hadoop.hdds.tracing.TracingUtil.executeInSpan(TracingUtil.java:196)
	at org.apache.hadoop.hdds.tracing.TracingUtil.executeInNewSpan(TracingUtil.java:170)
	at org.apache.hadoop.hdds.scm.XceiverClientGrpc.sendCommandWithTraceIDAndRetry(XceiverClientGrpc.java:343)
	at org.apache.hadoop.hdds.scm.XceiverClientGrpc.sendCommand(XceiverClientGrpc.java:324)
	at org.apache.hadoop.hdds.scm.storage.ContainerProtocolCalls.readChunk(ContainerProtocolCalls.java:355)
	at org.apache.hadoop.hdds.scm.storage.ContainerProtocolCalls.lambda$readChunk$2(ContainerProtocolCalls.java:342)
	at org.apache.hadoop.hdds.scm.storage.ContainerProtocolCalls.tryEachDatanode(ContainerProtocolCalls.java:143)
	at org.apache.hadoop.hdds.scm.storage.ContainerProtocolCalls.readChunk(ContainerProtocolCalls.java:341)
	at org.apache.hadoop.hdds.scm.storage.ChunkInputStream.readChunk(ChunkInputStream.java:430)
	at org.apache.hadoop.hdds.scm.storage.ChunkInputStream.readChunkDataIntoBuffers(ChunkInputStream.java:404)
	at org.apache.hadoop.hdds.scm.storage.ChunkInputStream.readChunkFromContainer(ChunkInputStream.java:389)
	at org.apache.hadoop.hdds.scm.storage.ChunkInputStream.prepareRead(ChunkInputStream.java:321)
	at org.apache.hadoop.hdds.scm.storage.ChunkInputStream.read(ChunkInputStream.java:175)
	at org.apache.hadoop.hdds.scm.storage.ByteArrayReader.readFromBlock(ByteArrayReader.java:57)
	at org.apache.hadoop.hdds.scm.storage.BlockInputStream.readWithStrategy(BlockInputStream.java:327)
	at org.apache.hadoop.hdds.scm.storage.ExtendedInputStream.read(ExtendedInputStream.java:56)
	at org.apache.hadoop.hdds.scm.storage.ByteArrayReader.readFromBlock(ByteArrayReader.java:57)
	at org.apache.hadoop.hdds.scm.storage.MultipartInputStream.readWithStrategy(MultipartInputStream.java:96)
	at org.apache.hadoop.hdds.scm.storage.ExtendedInputStream.read(ExtendedInputStream.java:56)
	at org.apache.hadoop.ozone.client.io.OzoneInputStream.read(OzoneInputStream.java:56)
	at java.io.InputStream.read(InputStream.java:101)
	at org.apache.hadoop.ozone.client.rpc.TestOzoneRpcClientAbstract.testReadKeyWithCorruptedDataWithMutiNodes(TestOzoneRpcClientAbstract.java:2044)
	at sun.reflect.NativeMethodAccessorImpl.invoke0(Native Method)
	at sun.reflect.NativeMethodAccessorImpl.invoke(NativeMethodAccessorImpl.java:62)
	at sun.reflect.DelegatingMethodAccessorImpl.invoke(DelegatingMethodAccessorImpl.java:43)
	at java.lang.reflect.Method.invoke(Method.java:498)
	at org.junit.platform.commons.util.ReflectionUtils.invokeMethod(ReflectionUtils.java:725)
	at org.junit.jupiter.engine.execution.MethodInvocation.proceed(MethodInvocation.java:60)
	at org.junit.jupiter.engine.execution.InvocationInterceptorChain$ValidatingInvocation.proceed(InvocationInterceptorChain.java:131)
	at org.junit.jupiter.engine.extension.TimeoutInvocation.proceed(TimeoutInvocation.java:46)
	at org.junit.jupiter.engine.extension.TimeoutExtension.intercept(TimeoutExtension.java:149)
	at org.junit.jupiter.engine.extension.TimeoutExtension.interceptTestableMethod(TimeoutExtension.java:140)
	at org.junit.jupiter.engine.extension.TimeoutExtension.interceptTestMethod(TimeoutExtension.java:84)
	at org.junit.jupiter.engine.execution.ExecutableInvoker$ReflectiveInterceptorCall.lambda$ofVoidMethod$0(ExecutableInvoker.java:115)
	at org.junit.jupiter.engine.execution.ExecutableInvoker.lambda$invoke$0(ExecutableInvoker.java:105)
	at org.junit.jupiter.engine.execution.InvocationInterceptorChain$InterceptedInvocation.proceed(InvocationInterceptorChain.java:106)
	at org.junit.jupiter.engine.execution.InvocationInterceptorChain.proceed(InvocationInterceptorChain.java:64)
	at org.junit.jupiter.engine.execution.InvocationInterceptorChain.chainAndInvoke(InvocationInterceptorChain.java:45)
	at org.junit.jupiter.engine.execution.InvocationInterceptorChain.invoke(InvocationInterceptorChain.java:37)
	at org.junit.jupiter.engine.execution.ExecutableInvoker.invoke(ExecutableInvoker.java:104)
	at org.junit.jupiter.engine.execution.ExecutableInvoker.invoke(ExecutableInvoker.java:98)
	at org.junit.jupiter.engine.descriptor.TestMethodTestDescriptor.lambda$invokeTestMethod$7(TestMethodTestDescriptor.java:214)
	at org.junit.platform.engine.support.hierarchical.ThrowableCollector.execute(ThrowableCollector.java:73)
	at org.junit.jupiter.engine.descriptor.TestMethodTestDescriptor.invokeTestMethod(TestMethodTestDescriptor.java:210)
	at org.junit.jupiter.engine.descriptor.TestMethodTestDescriptor.execute(TestMethodTestDescriptor.java:135)
	at org.junit.jupiter.engine.descriptor.TestMethodTestDescriptor.execute(TestMethodTestDescriptor.java:66)
	at org.junit.platform.engine.support.hierarchical.NodeTestTask.lambda$executeRecursively$6(NodeTestTask.java:151)
	at org.junit.platform.engine.support.hierarchical.ThrowableCollector.execute(ThrowableCollector.java:73)
	at org.junit.platform.engine.support.hierarchical.NodeTestTask.lambda$executeRecursively$8(NodeTestTask.java:141)
	at org.junit.platform.engine.support.hierarchical.Node.around(Node.java:137)
	at org.junit.platform.engine.support.hierarchical.NodeTestTask.lambda$executeRecursively$9(NodeTestTask.java:139)
	at org.junit.platform.engine.support.hierarchical.ThrowableCollector.execute(ThrowableCollector.java:73)
	at org.junit.platform.engine.support.hierarchical.NodeTestTask.executeRecursively(NodeTestTask.java:138)
	at org.junit.platform.engine.support.hierarchical.NodeTestTask.execute(NodeTestTask.java:95)
	at java.util.ArrayList.forEach(ArrayList.java:1259)
	at org.junit.platform.engine.support.hierarchical.SameThreadHierarchicalTestExecutorService.invokeAll(SameThreadHierarchicalTestExecutorService.java:41)
	at org.junit.platform.engine.support.hierarchical.NodeTestTask.lambda$executeRecursively$6(NodeTestTask.java:155)
	at org.junit.platform.engine.support.hierarchical.ThrowableCollector.execute(ThrowableCollector.java:73)
	at org.junit.platform.engine.support.hierarchical.NodeTestTask.lambda$executeRecursively$8(NodeTestTask.java:141)
	at org.junit.platform.engine.support.hierarchical.Node.around(Node.java:137)
	at org.junit.platform.engine.support.hierarchical.NodeTestTask.lambda$executeRecursively$9(NodeTestTask.java:139)
	at org.junit.platform.engine.support.hierarchical.ThrowableCollector.execute(ThrowableCollector.java:73)
	at org.junit.platform.engine.support.hierarchical.NodeTestTask.executeRecursively(NodeTestTask.java:138)
	at org.junit.platform.engine.support.hierarchical.NodeTestTask.execute(NodeTestTask.java:95)
	at java.util.ArrayList.forEach(ArrayList.java:1259)
	at org.junit.platform.engine.support.hierarchical.SameThreadHierarchicalTestExecutorService.invokeAll(SameThreadHierarchicalTestExecutorService.java:41)
	at org.junit.platform.engine.support.hierarchical.NodeTestTask.lambda$executeRecursively$6(NodeTestTask.java:155)
	at org.junit.platform.engine.support.hierarchical.ThrowableCollector.execute(ThrowableCollector.java:73)
	at org.junit.platform.engine.support.hierarchical.NodeTestTask.lambda$executeRecursively$8(NodeTestTask.java:141)
	at org.junit.platform.engine.support.hierarchical.Node.around(Node.java:137)
	at org.junit.platform.engine.support.hierarchical.NodeTestTask.lambda$executeRecursively$9(NodeTestTask.java:139)
	at org.junit.platform.engine.support.hierarchical.ThrowableCollector.execute(ThrowableCollector.java:73)
	at org.junit.platform.engine.support.hierarchical.NodeTestTask.executeRecursively(NodeTestTask.java:138)
	at org.junit.platform.engine.support.hierarchical.NodeTestTask.execute(NodeTestTask.java:95)
	at org.junit.platform.engine.support.hierarchical.SameThreadHierarchicalTestExecutorService.submit(SameThreadHierarchicalTestExecutorService.java:35)
	at org.junit.platform.engine.support.hierarchical.HierarchicalTestExecutor.execute(HierarchicalTestExecutor.java:57)
	at org.junit.platform.engine.support.hierarchical.HierarchicalTestEngine.execute(HierarchicalTestEngine.java:54)
	at org.junit.platform.launcher.core.EngineExecutionOrchestrator.execute(EngineExecutionOrchestrator.java:107)
	at org.junit.platform.launcher.core.EngineExecutionOrchestrator.execute(EngineExecutionOrchestrator.java:88)
	at org.junit.platform.launcher.core.EngineExecutionOrchestrator.lambda$execute$0(EngineExecutionOrchestrator.java:54)
	at org.junit.platform.launcher.core.EngineExecutionOrchestrator.withInterceptedStreams(EngineExecutionOrchestrator.java:67)
	at org.junit.platform.launcher.core.EngineExecutionOrchestrator.execute(EngineExecutionOrchestrator.java:52)
	at org.junit.platform.launcher.core.DefaultLauncher.execute(DefaultLauncher.java:114)
	at org.junit.platform.launcher.core.DefaultLauncher.execute(DefaultLauncher.java:86)
	at org.junit.platform.launcher.core.DefaultLauncherSession$DelegatingLauncher.execute(DefaultLauncherSession.java:86)
	at org.junit.platform.launcher.core.SessionPerRequestLauncher.execute(SessionPerRequestLauncher.java:53)
	at org.apache.maven.surefire.junitplatform.JUnitPlatformProvider.execute(JUnitPlatformProvider.java:188)
	at org.apache.maven.surefire.junitplatform.JUnitPlatformProvider.invokeAllTests(JUnitPlatformProvider.java:154)
	at org.apache.maven.surefire.junitplatform.JUnitPlatformProvider.invoke(JUnitPlatformProvider.java:124)
	at org.apache.maven.surefire.booter.ForkedBooter.runSuitesInProcess(ForkedBooter.java:428)
	at org.apache.maven.surefire.booter.ForkedBooter.execute(ForkedBooter.java:162)
	at org.apache.maven.surefire.booter.ForkedBooter.run(ForkedBooter.java:562)
	at org.apache.maven.surefire.booter.ForkedBooter.main(ForkedBooter.java:548)
2023-06-02 05:16:31,071 [main] ERROR scm.XceiverClientGrpc (XceiverClientGrpc.java:sendCommandWithRetry(453)) - Failed to execute command ReadChunk on the pipeline Pipeline[ Id: fe6d5e3d-8cf4-48d0-a6b4-a3fcdcc912b4, Nodes: f102c20d-579f-44a7-9197-f839bb943261(fv-az628-647/10.1.74.1)f140acff-7aed-42b1-955f-393a22e760fa(fv-az628-647/10.1.74.1)21bba47c-9d70-4b1d-8693-1fcc7960d534(fv-az628-647/10.1.74.1), ReplicationConfig: STANDALONE/THREE, State:OPEN, leaderId:f140acff-7aed-42b1-955f-393a22e760fa, CreationTimestamp2023-06-02T05:15:26.421Z[Etc/UTC]].
2023-06-02 05:16:31,071 [main] WARN  storage.ContainerProtocolCalls (ContainerProtocolCalls.java:tryEachDatanode(147)) - Failed to read chunk 111677748019200387_chunk_1 (len=12) conID: 17 locID: 111677748019200387 bcsId: 141 from f140acff-7aed-42b1-955f-393a22e760fa(fv-az628-647/10.1.74.1); will try another datanode.
org.apache.hadoop.ozone.common.OzoneChecksumException: Checksum mismatch at index 0
	at org.apache.hadoop.ozone.common.ChecksumData.verifyChecksumDataMatches(ChecksumData.java:139)
	at org.apache.hadoop.ozone.common.Checksum.verifyChecksum(Checksum.java:295)
	at org.apache.hadoop.hdds.scm.storage.ChunkInputStream.lambda$new$0(ChunkInputStream.java:492)
	at org.apache.hadoop.hdds.scm.XceiverClientGrpc.sendCommandWithRetry(XceiverClientGrpc.java:410)
	at org.apache.hadoop.hdds.scm.XceiverClientGrpc.lambda$sendCommandWithTraceIDAndRetry$0(XceiverClientGrpc.java:349)
	at org.apache.hadoop.hdds.tracing.TracingUtil.executeInSpan(TracingUtil.java:196)
	at org.apache.hadoop.hdds.tracing.TracingUtil.executeInNewSpan(TracingUtil.java:170)
	at org.apache.hadoop.hdds.scm.XceiverClientGrpc.sendCommandWithTraceIDAndRetry(XceiverClientGrpc.java:343)
	at org.apache.hadoop.hdds.scm.XceiverClientGrpc.sendCommand(XceiverClientGrpc.java:324)
	at org.apache.hadoop.hdds.scm.storage.ContainerProtocolCalls.readChunk(ContainerProtocolCalls.java:355)
	at org.apache.hadoop.hdds.scm.storage.ContainerProtocolCalls.lambda$readChunk$2(ContainerProtocolCalls.java:342)
	at org.apache.hadoop.hdds.scm.storage.ContainerProtocolCalls.tryEachDatanode(ContainerProtocolCalls.java:143)
	at org.apache.hadoop.hdds.scm.storage.ContainerProtocolCalls.readChunk(ContainerProtocolCalls.java:341)
	at org.apache.hadoop.hdds.scm.storage.ChunkInputStream.readChunk(ChunkInputStream.java:430)
	at org.apache.hadoop.hdds.scm.storage.ChunkInputStream.readChunkDataIntoBuffers(ChunkInputStream.java:404)
	at org.apache.hadoop.hdds.scm.storage.ChunkInputStream.readChunkFromContainer(ChunkInputStream.java:389)
	at org.apache.hadoop.hdds.scm.storage.ChunkInputStream.prepareRead(ChunkInputStream.java:321)
	at org.apache.hadoop.hdds.scm.storage.ChunkInputStream.read(ChunkInputStream.java:175)
	at org.apache.hadoop.hdds.scm.storage.ByteArrayReader.readFromBlock(ByteArrayReader.java:57)
	at org.apache.hadoop.hdds.scm.storage.BlockInputStream.readWithStrategy(BlockInputStream.java:327)
	at org.apache.hadoop.hdds.scm.storage.ExtendedInputStream.read(ExtendedInputStream.java:56)
	at org.apache.hadoop.hdds.scm.storage.ByteArrayReader.readFromBlock(ByteArrayReader.java:57)
	at org.apache.hadoop.hdds.scm.storage.MultipartInputStream.readWithStrategy(MultipartInputStream.java:96)
	at org.apache.hadoop.hdds.scm.storage.ExtendedInputStream.read(ExtendedInputStream.java:56)
	at org.apache.hadoop.ozone.client.io.OzoneInputStream.read(OzoneInputStream.java:56)
	at java.io.InputStream.read(InputStream.java:101)
	at org.apache.hadoop.ozone.client.rpc.TestOzoneRpcClientAbstract.testReadKeyWithCorruptedDataWithMutiNodes(TestOzoneRpcClientAbstract.java:2044)
	at sun.reflect.NativeMethodAccessorImpl.invoke0(Native Method)
	at sun.reflect.NativeMethodAccessorImpl.invoke(NativeMethodAccessorImpl.java:62)
	at sun.reflect.DelegatingMethodAccessorImpl.invoke(DelegatingMethodAccessorImpl.java:43)
	at java.lang.reflect.Method.invoke(Method.java:498)
	at org.junit.platform.commons.util.ReflectionUtils.invokeMethod(ReflectionUtils.java:725)
	at org.junit.jupiter.engine.execution.MethodInvocation.proceed(MethodInvocation.java:60)
	at org.junit.jupiter.engine.execution.InvocationInterceptorChain$ValidatingInvocation.proceed(InvocationInterceptorChain.java:131)
	at org.junit.jupiter.engine.extension.TimeoutInvocation.proceed(TimeoutInvocation.java:46)
	at org.junit.jupiter.engine.extension.TimeoutExtension.intercept(TimeoutExtension.java:149)
	at org.junit.jupiter.engine.extension.TimeoutExtension.interceptTestableMethod(TimeoutExtension.java:140)
	at org.junit.jupiter.engine.extension.TimeoutExtension.interceptTestMethod(TimeoutExtension.java:84)
	at org.junit.jupiter.engine.execution.ExecutableInvoker$ReflectiveInterceptorCall.lambda$ofVoidMethod$0(ExecutableInvoker.java:115)
	at org.junit.jupiter.engine.execution.ExecutableInvoker.lambda$invoke$0(ExecutableInvoker.java:105)
	at org.junit.jupiter.engine.execution.InvocationInterceptorChain$InterceptedInvocation.proceed(InvocationInterceptorChain.java:106)
	at org.junit.jupiter.engine.execution.InvocationInterceptorChain.proceed(InvocationInterceptorChain.java:64)
	at org.junit.jupiter.engine.execution.InvocationInterceptorChain.chainAndInvoke(InvocationInterceptorChain.java:45)
	at org.junit.jupiter.engine.execution.InvocationInterceptorChain.invoke(InvocationInterceptorChain.java:37)
	at org.junit.jupiter.engine.execution.ExecutableInvoker.invoke(ExecutableInvoker.java:104)
	at org.junit.jupiter.engine.execution.ExecutableInvoker.invoke(ExecutableInvoker.java:98)
	at org.junit.jupiter.engine.descriptor.TestMethodTestDescriptor.lambda$invokeTestMethod$7(TestMethodTestDescriptor.java:214)
	at org.junit.platform.engine.support.hierarchical.ThrowableCollector.execute(ThrowableCollector.java:73)
	at org.junit.jupiter.engine.descriptor.TestMethodTestDescriptor.invokeTestMethod(TestMethodTestDescriptor.java:210)
	at org.junit.jupiter.engine.descriptor.TestMethodTestDescriptor.execute(TestMethodTestDescriptor.java:135)
	at org.junit.jupiter.engine.descriptor.TestMethodTestDescriptor.execute(TestMethodTestDescriptor.java:66)
	at org.junit.platform.engine.support.hierarchical.NodeTestTask.lambda$executeRecursively$6(NodeTestTask.java:151)
	at org.junit.platform.engine.support.hierarchical.ThrowableCollector.execute(ThrowableCollector.java:73)
	at org.junit.platform.engine.support.hierarchical.NodeTestTask.lambda$executeRecursively$8(NodeTestTask.java:141)
	at org.junit.platform.engine.support.hierarchical.Node.around(Node.java:137)
	at org.junit.platform.engine.support.hierarchical.NodeTestTask.lambda$executeRecursively$9(NodeTestTask.java:139)
	at org.junit.platform.engine.support.hierarchical.ThrowableCollector.execute(ThrowableCollector.java:73)
	at org.junit.platform.engine.support.hierarchical.NodeTestTask.executeRecursively(NodeTestTask.java:138)
	at org.junit.platform.engine.support.hierarchical.NodeTestTask.execute(NodeTestTask.java:95)
	at java.util.ArrayList.forEach(ArrayList.java:1259)
	at org.junit.platform.engine.support.hierarchical.SameThreadHierarchicalTestExecutorService.invokeAll(SameThreadHierarchicalTestExecutorService.java:41)
	at org.junit.platform.engine.support.hierarchical.NodeTestTask.lambda$executeRecursively$6(NodeTestTask.java:155)
	at org.junit.platform.engine.support.hierarchical.ThrowableCollector.execute(ThrowableCollector.java:73)
	at org.junit.platform.engine.support.hierarchical.NodeTestTask.lambda$executeRecursively$8(NodeTestTask.java:141)
	at org.junit.platform.engine.support.hierarchical.Node.around(Node.java:137)
	at org.junit.platform.engine.support.hierarchical.NodeTestTask.lambda$executeRecursively$9(NodeTestTask.java:139)
	at org.junit.platform.engine.support.hierarchical.ThrowableCollector.execute(ThrowableCollector.java:73)
	at org.junit.platform.engine.support.hierarchical.NodeTestTask.executeRecursively(NodeTestTask.java:138)
	at org.junit.platform.engine.support.hierarchical.NodeTestTask.execute(NodeTestTask.java:95)
	at java.util.ArrayList.forEach(ArrayList.java:1259)
	at org.junit.platform.engine.support.hierarchical.SameThreadHierarchicalTestExecutorService.invokeAll(SameThreadHierarchicalTestExecutorService.java:41)
	at org.junit.platform.engine.support.hierarchical.NodeTestTask.lambda$executeRecursively$6(NodeTestTask.java:155)
	at org.junit.platform.engine.support.hierarchical.ThrowableCollector.execute(ThrowableCollector.java:73)
	at org.junit.platform.engine.support.hierarchical.NodeTestTask.lambda$executeRecursively$8(NodeTestTask.java:141)
	at org.junit.platform.engine.support.hierarchical.Node.around(Node.java:137)
	at org.junit.platform.engine.support.hierarchical.NodeTestTask.lambda$executeRecursively$9(NodeTestTask.java:139)
	at org.junit.platform.engine.support.hierarchical.ThrowableCollector.execute(ThrowableCollector.java:73)
	at org.junit.platform.engine.support.hierarchical.NodeTestTask.executeRecursively(NodeTestTask.java:138)
	at org.junit.platform.engine.support.hierarchical.NodeTestTask.execute(NodeTestTask.java:95)
	at org.junit.platform.engine.support.hierarchical.SameThreadHierarchicalTestExecutorService.submit(SameThreadHierarchicalTestExecutorService.java:35)
	at org.junit.platform.engine.support.hierarchical.HierarchicalTestExecutor.execute(HierarchicalTestExecutor.java:57)
	at org.junit.platform.engine.support.hierarchical.HierarchicalTestEngine.execute(HierarchicalTestEngine.java:54)
	at org.junit.platform.launcher.core.EngineExecutionOrchestrator.execute(EngineExecutionOrchestrator.java:107)
	at org.junit.platform.launcher.core.EngineExecutionOrchestrator.execute(EngineExecutionOrchestrator.java:88)
	at org.junit.platform.launcher.core.EngineExecutionOrchestrator.lambda$execute$0(EngineExecutionOrchestrator.java:54)
	at org.junit.platform.launcher.core.EngineExecutionOrchestrator.withInterceptedStreams(EngineExecutionOrchestrator.java:67)
	at org.junit.platform.launcher.core.EngineExecutionOrchestrator.execute(EngineExecutionOrchestrator.java:52)
	at org.junit.platform.launcher.core.DefaultLauncher.execute(DefaultLauncher.java:114)
	at org.junit.platform.launcher.core.DefaultLauncher.execute(DefaultLauncher.java:86)
	at org.junit.platform.launcher.core.DefaultLauncherSession$DelegatingLauncher.execute(DefaultLauncherSession.java:86)
	at org.junit.platform.launcher.core.SessionPerRequestLauncher.execute(SessionPerRequestLauncher.java:53)
	at org.apache.maven.surefire.junitplatform.JUnitPlatformProvider.execute(JUnitPlatformProvider.java:188)
	at org.apache.maven.surefire.junitplatform.JUnitPlatformProvider.invokeAllTests(JUnitPlatformProvider.java:154)
	at org.apache.maven.surefire.junitplatform.JUnitPlatformProvider.invoke(JUnitPlatformProvider.java:124)
	at org.apache.maven.surefire.booter.ForkedBooter.runSuitesInProcess(ForkedBooter.java:428)
	at org.apache.maven.surefire.booter.ForkedBooter.execute(ForkedBooter.java:162)
	at org.apache.maven.surefire.booter.ForkedBooter.run(ForkedBooter.java:562)
	at org.apache.maven.surefire.booter.ForkedBooter.main(ForkedBooter.java:548)
2023-06-02 05:16:31,077 [main] ERROR scm.XceiverClientGrpc (XceiverClientGrpc.java:sendCommandWithRetry(453)) - Failed to execute command ReadChunk on the pipeline Pipeline[ Id: fe6d5e3d-8cf4-48d0-a6b4-a3fcdcc912b4, Nodes: f102c20d-579f-44a7-9197-f839bb943261(fv-az628-647/10.1.74.1)f140acff-7aed-42b1-955f-393a22e760fa(fv-az628-647/10.1.74.1)21bba47c-9d70-4b1d-8693-1fcc7960d534(fv-az628-647/10.1.74.1), ReplicationConfig: STANDALONE/THREE, State:OPEN, leaderId:f140acff-7aed-42b1-955f-393a22e760fa, CreationTimestamp2023-06-02T05:15:26.421Z[Etc/UTC]].
]]></system-out>
  </testcase>
  <testcase name="testReadKeyWithVerifyChecksumFlagDisable" classname="org.apache.hadoop.ozone.client.rpc.TestSecureOzoneRpcClient" time="0.061">
    <system-out><![CDATA[2023-06-02 05:16:31,080 [main] INFO  rpc.RpcClient (RpcClient.java:createVolume(459)) - Creating Volume: ac4824fe-aef5-4472-abc2-0d34710fb3cc, with runner as owner and space quota set to -1 bytes, counts quota set to -1
2023-06-02 05:16:31,082 [OM StateMachine ApplyTransaction Thread - 0] INFO  volume.OMVolumeCreateRequest (OMVolumeCreateRequest.java:validateAndUpdateCache(196)) - created volume:ac4824fe-aef5-4472-abc2-0d34710fb3cc for user:runner
2023-06-02 05:16:31,084 [main] INFO  rpc.RpcClient (RpcClient.java:createBucket(686)) - Creating Bucket: ac4824fe-aef5-4472-abc2-0d34710fb3cc/d5e9d9a0-7f86-43ab-9a3c-1ab522a431a9, with server-side default bucket layout, runner as owner, Versioning false, Storage Type set to DISK and Encryption set to false, Replication Type set to server-side default replication type, Namespace Quota set to -1, Space Quota set to -1 
2023-06-02 05:16:31,085 [OM StateMachine ApplyTransaction Thread - 0] INFO  bucket.OMBucketCreateRequest (OMBucketCreateRequest.java:validateAndUpdateCache(270)) - created bucket: d5e9d9a0-7f86-43ab-9a3c-1ab522a431a9 of layout OBJECT_STORE in volume: ac4824fe-aef5-4472-abc2-0d34710fb3cc
2023-06-02 05:16:31,105 [IPC Server handler 6 on default port 15001] WARN  node.SCMNodeManager (SCMNodeManager.java:getNodesByAddress(1381)) - Cannot find node for address 127.0.0.1
2023-06-02 05:16:31,128 [IPC Server handler 15 on default port 15001] WARN  node.SCMNodeManager (SCMNodeManager.java:getNodesByAddress(1381)) - Cannot find node for address 127.0.0.1
]]></system-out>
  </testcase>
  <testcase name="testReadKeyWithVerifyChecksumFlagEnable" classname="org.apache.hadoop.ozone.client.rpc.TestSecureOzoneRpcClient" time="0.056">
    <system-out><![CDATA[2023-06-02 05:16:31,141 [main] INFO  rpc.RpcClient (RpcClient.java:createVolume(459)) - Creating Volume: 0825540e-2711-447a-acf5-179fdb6c0bb0, with runner as owner and space quota set to -1 bytes, counts quota set to -1
2023-06-02 05:16:31,143 [OM StateMachine ApplyTransaction Thread - 0] INFO  volume.OMVolumeCreateRequest (OMVolumeCreateRequest.java:validateAndUpdateCache(196)) - created volume:0825540e-2711-447a-acf5-179fdb6c0bb0 for user:runner
2023-06-02 05:16:31,146 [main] INFO  rpc.RpcClient (RpcClient.java:createBucket(686)) - Creating Bucket: 0825540e-2711-447a-acf5-179fdb6c0bb0/fbf9ef53-9fcc-4878-b09b-eb337dddf6e9, with server-side default bucket layout, runner as owner, Versioning false, Storage Type set to DISK and Encryption set to false, Replication Type set to server-side default replication type, Namespace Quota set to -1, Space Quota set to -1 
2023-06-02 05:16:31,147 [OM StateMachine ApplyTransaction Thread - 0] INFO  bucket.OMBucketCreateRequest (OMBucketCreateRequest.java:validateAndUpdateCache(270)) - created bucket: fbf9ef53-9fcc-4878-b09b-eb337dddf6e9 of layout OBJECT_STORE in volume: 0825540e-2711-447a-acf5-179fdb6c0bb0
2023-06-02 05:16:31,164 [IPC Server handler 2 on default port 15001] WARN  node.SCMNodeManager (SCMNodeManager.java:getNodesByAddress(1381)) - Cannot find node for address 127.0.0.1
2023-06-02 05:16:31,181 [IPC Server handler 14 on default port 15001] WARN  node.SCMNodeManager (SCMNodeManager.java:getNodesByAddress(1381)) - Cannot find node for address 127.0.0.1
2023-06-02 05:16:31,192 [main] ERROR scm.XceiverClientGrpc (XceiverClientGrpc.java:sendCommandWithRetry(453)) - Failed to execute command ReadChunk on the pipeline Pipeline[ Id: 94a03fed-81c2-41e4-b34c-9dda56843d8d, Nodes: 21bba47c-9d70-4b1d-8693-1fcc7960d534(fv-az628-647/10.1.74.1), ReplicationConfig: STANDALONE/ONE, State:OPEN, leaderId:21bba47c-9d70-4b1d-8693-1fcc7960d534, CreationTimestamp2023-06-02T05:15:25.967Z[Etc/UTC]].
2023-06-02 05:16:31,194 [main] ERROR scm.XceiverClientGrpc (XceiverClientGrpc.java:sendCommandWithRetry(453)) - Failed to execute command ReadChunk on the pipeline Pipeline[ Id: 94a03fed-81c2-41e4-b34c-9dda56843d8d, Nodes: 21bba47c-9d70-4b1d-8693-1fcc7960d534(fv-az628-647/10.1.74.1), ReplicationConfig: STANDALONE/ONE, State:OPEN, leaderId:21bba47c-9d70-4b1d-8693-1fcc7960d534, CreationTimestamp2023-06-02T05:15:25.967Z[Etc/UTC]].
2023-06-02 05:16:31,196 [main] ERROR scm.XceiverClientGrpc (XceiverClientGrpc.java:sendCommandWithRetry(453)) - Failed to execute command ReadChunk on the pipeline Pipeline[ Id: 94a03fed-81c2-41e4-b34c-9dda56843d8d, Nodes: 21bba47c-9d70-4b1d-8693-1fcc7960d534(fv-az628-647/10.1.74.1), ReplicationConfig: STANDALONE/ONE, State:OPEN, leaderId:21bba47c-9d70-4b1d-8693-1fcc7960d534, CreationTimestamp2023-06-02T05:15:25.967Z[Etc/UTC]].
]]></system-out>
  </testcase>
  <testcase name="testRemoveBucketAcl" classname="org.apache.hadoop.ozone.client.rpc.TestSecureOzoneRpcClient" time="0.012">
    <system-out><![CDATA[2023-06-02 05:16:31,199 [main] INFO  rpc.RpcClient (RpcClient.java:createVolume(459)) - Creating Volume: 54d023f3-31f2-41c6-9793-5335d31e3328, with runner as owner and space quota set to -1 bytes, counts quota set to -1
2023-06-02 05:16:31,200 [OM StateMachine ApplyTransaction Thread - 0] INFO  volume.OMVolumeCreateRequest (OMVolumeCreateRequest.java:validateAndUpdateCache(196)) - created volume:54d023f3-31f2-41c6-9793-5335d31e3328 for user:runner
2023-06-02 05:16:31,202 [main] INFO  rpc.RpcClient (RpcClient.java:createBucket(686)) - Creating Bucket: 54d023f3-31f2-41c6-9793-5335d31e3328/02603ffc-bcab-4bf5-840b-3edd7c29c8e3, with server-side default bucket layout, runner as owner, Versioning false, Storage Type set to DISK and Encryption set to false, Replication Type set to server-side default replication type, Namespace Quota set to -1, Space Quota set to -1 
2023-06-02 05:16:31,204 [OM StateMachine ApplyTransaction Thread - 0] INFO  bucket.OMBucketCreateRequest (OMBucketCreateRequest.java:validateAndUpdateCache(270)) - created bucket: 02603ffc-bcab-4bf5-840b-3edd7c29c8e3 of layout OBJECT_STORE in volume: 54d023f3-31f2-41c6-9793-5335d31e3328
]]></system-out>
  </testcase>
  <testcase name="testRemoveBucketAclUsingRpcClientRemoveAcl" classname="org.apache.hadoop.ozone.client.rpc.TestSecureOzoneRpcClient" time="0.012">
    <system-out><![CDATA[2023-06-02 05:16:31,212 [main] INFO  rpc.RpcClient (RpcClient.java:createVolume(459)) - Creating Volume: 9ab02429-8c3c-49de-843e-017f7361b008, with runner as owner and space quota set to -1 bytes, counts quota set to -1
2023-06-02 05:16:31,213 [OM StateMachine ApplyTransaction Thread - 0] INFO  volume.OMVolumeCreateRequest (OMVolumeCreateRequest.java:validateAndUpdateCache(196)) - created volume:9ab02429-8c3c-49de-843e-017f7361b008 for user:runner
2023-06-02 05:16:31,214 [main] INFO  rpc.RpcClient (RpcClient.java:createBucket(686)) - Creating Bucket: 9ab02429-8c3c-49de-843e-017f7361b008/2d706f56-b75a-4708-ab28-79aa2fec75b8, with server-side default bucket layout, runner as owner, Versioning false, Storage Type set to DISK and Encryption set to false, Replication Type set to server-side default replication type, Namespace Quota set to -1, Space Quota set to -1 
2023-06-02 05:16:31,216 [OM StateMachine ApplyTransaction Thread - 0] INFO  bucket.OMBucketCreateRequest (OMBucketCreateRequest.java:validateAndUpdateCache(270)) - created bucket: 2d706f56-b75a-4708-ab28-79aa2fec75b8 of layout OBJECT_STORE in volume: 9ab02429-8c3c-49de-843e-017f7361b008
]]></system-out>
  </testcase>
  <testcase name="testRenameKey" classname="org.apache.hadoop.ozone.client.rpc.TestSecureOzoneRpcClient" time="0.048">
    <system-out><![CDATA[2023-06-02 05:16:31,224 [main] INFO  rpc.RpcClient (RpcClient.java:createVolume(459)) - Creating Volume: e50137b6-a4b2-4341-a427-3619e8869a4c, with runner as owner and space quota set to -1 bytes, counts quota set to -1
2023-06-02 05:16:31,226 [OM StateMachine ApplyTransaction Thread - 0] INFO  volume.OMVolumeCreateRequest (OMVolumeCreateRequest.java:validateAndUpdateCache(196)) - created volume:e50137b6-a4b2-4341-a427-3619e8869a4c for user:runner
2023-06-02 05:16:31,228 [main] INFO  rpc.RpcClient (RpcClient.java:createBucket(686)) - Creating Bucket: e50137b6-a4b2-4341-a427-3619e8869a4c/95edcef6-ae08-4fd9-83e7-9829546f4ac1, with server-side default bucket layout, runner as owner, Versioning false, Storage Type set to DISK and Encryption set to false, Replication Type set to server-side default replication type, Namespace Quota set to -1, Space Quota set to -1 
2023-06-02 05:16:31,230 [OM StateMachine ApplyTransaction Thread - 0] INFO  bucket.OMBucketCreateRequest (OMBucketCreateRequest.java:validateAndUpdateCache(270)) - created bucket: 95edcef6-ae08-4fd9-83e7-9829546f4ac1 of layout OBJECT_STORE in volume: e50137b6-a4b2-4341-a427-3619e8869a4c
2023-06-02 05:16:31,256 [IPC Server handler 18 on default port 15001] WARN  node.SCMNodeManager (SCMNodeManager.java:getNodesByAddress(1381)) - Cannot find node for address 127.0.0.1
05:16:31.262 [OM StateMachine ApplyTransaction Thread - 0] ERROR OMAudit - user=runner | ip=127.0.0.1 | op=RENAME_KEY {volume=e50137b6-a4b2-4341-a427-3619e8869a4c, bucket=95edcef6-ae08-4fd9-83e7-9829546f4ac1, dataSize=0, replicationType=NONE, replicationFactor=ZERO, srcKey=8675be12-6232-4763-9c3f-aa7aa975a03c, dstKey=} | ret=FAILURE
org.apache.hadoop.ozone.om.exceptions.OMException: Key name is empty
	at org.apache.hadoop.ozone.om.request.key.OMKeyRenameRequest.validateAndUpdateCache(OMKeyRenameRequest.java:142) ~[ozone-manager-1.4.0-SNAPSHOT.jar:?]
	at org.apache.hadoop.ozone.protocolPB.OzoneManagerRequestHandler.handleWriteRequest(OzoneManagerRequestHandler.java:338) ~[ozone-manager-1.4.0-SNAPSHOT.jar:?]
	at org.apache.hadoop.ozone.om.ratis.OzoneManagerStateMachine.runCommand(OzoneManagerStateMachine.java:567) ~[ozone-manager-1.4.0-SNAPSHOT.jar:?]
	at org.apache.hadoop.ozone.om.ratis.OzoneManagerStateMachine.lambda$1(OzoneManagerStateMachine.java:358) ~[ozone-manager-1.4.0-SNAPSHOT.jar:?]
	at java.util.concurrent.CompletableFuture$AsyncSupply.run(CompletableFuture.java:1604) [?:1.8.0_372]
	at java.util.concurrent.ThreadPoolExecutor.runWorker(ThreadPoolExecutor.java:1149) [?:1.8.0_372]
	at java.util.concurrent.ThreadPoolExecutor$Worker.run(ThreadPoolExecutor.java:624) [?:1.8.0_372]
	at java.lang.Thread.run(Thread.java:750) [?:1.8.0_372]
2023-06-02 05:16:31,262 [OM StateMachine ApplyTransaction Thread - 0] ERROR key.OMKeyRenameRequest (OMKeyRenameRequest.java:validateAndUpdateCache(232)) - Rename key failed for volume:e50137b6-a4b2-4341-a427-3619e8869a4c bucket:95edcef6-ae08-4fd9-83e7-9829546f4ac1 fromKey:8675be12-6232-4763-9c3f-aa7aa975a03c toKey:. Exception: Key name is empty.
05:16:31.268 [IPC Server handler 6 on default port 15004] ERROR OMAudit - user=runner | ip=127.0.0.1 | op=READ_KEY {volume=e50137b6-a4b2-4341-a427-3619e8869a4c, bucket=95edcef6-ae08-4fd9-83e7-9829546f4ac1, key=8675be12-6232-4763-9c3f-aa7aa975a03c, dataSize=0, replicationConfig=null} | ret=FAILURE
org.apache.hadoop.ozone.om.exceptions.OMException: Key:8675be12-6232-4763-9c3f-aa7aa975a03c not found
	at org.apache.hadoop.ozone.om.KeyManagerImpl.readKeyInfo(KeyManagerImpl.java:438) ~[ozone-manager-1.4.0-SNAPSHOT.jar:?]
	at org.apache.hadoop.ozone.om.KeyManagerImpl.lambda$9(KeyManagerImpl.java:1932) ~[ozone-manager-1.4.0-SNAPSHOT.jar:?]
	at org.apache.hadoop.util.MetricUtil.captureLatencyNs(MetricUtil.java:37) ~[hdds-common-1.4.0-SNAPSHOT.jar:?]
	at org.apache.hadoop.ozone.om.KeyManagerImpl.getKeyInfo(KeyManagerImpl.java:1930) ~[ozone-manager-1.4.0-SNAPSHOT.jar:?]
	at org.apache.hadoop.ozone.om.OmMetadataReader.getKeyInfo(OmMetadataReader.java:210) ~[ozone-manager-1.4.0-SNAPSHOT.jar:?]
	at org.apache.hadoop.ozone.om.OzoneManager.getKeyInfo(OzoneManager.java:2849) ~[ozone-manager-1.4.0-SNAPSHOT.jar:?]
	at org.apache.hadoop.ozone.protocolPB.OzoneManagerRequestHandler.getKeyInfo(OzoneManagerRequestHandler.java:550) ~[ozone-manager-1.4.0-SNAPSHOT.jar:?]
	at org.apache.hadoop.ozone.protocolPB.OzoneManagerRequestHandler.handleReadRequest(OzoneManagerRequestHandler.java:293) ~[ozone-manager-1.4.0-SNAPSHOT.jar:?]
	at org.apache.hadoop.ozone.protocolPB.OzoneManagerProtocolServerSideTranslatorPB.submitReadRequestToOM(OzoneManagerProtocolServerSideTranslatorPB.java:223) ~[ozone-manager-1.4.0-SNAPSHOT.jar:?]
	at org.apache.hadoop.ozone.protocolPB.OzoneManagerProtocolServerSideTranslatorPB.processRequest(OzoneManagerProtocolServerSideTranslatorPB.java:177) ~[ozone-manager-1.4.0-SNAPSHOT.jar:?]
	at org.apache.hadoop.hdds.server.OzoneProtocolMessageDispatcher.processRequest(OzoneProtocolMessageDispatcher.java:87) [hdds-server-framework-1.4.0-SNAPSHOT.jar:?]
	at org.apache.hadoop.ozone.protocolPB.OzoneManagerProtocolServerSideTranslatorPB.submitRequest(OzoneManagerProtocolServerSideTranslatorPB.java:147) [ozone-manager-1.4.0-SNAPSHOT.jar:?]
	at org.apache.hadoop.ozone.protocol.proto.OzoneManagerProtocolProtos$OzoneManagerService$2.callBlockingMethod(OzoneManagerProtocolProtos.java) [ozone-interface-client-1.4.0-SNAPSHOT.jar:?]
	at org.apache.hadoop.ipc.ProtobufRpcEngine$Server.processCall(ProtobufRpcEngine.java:484) [hadoop-common-3.3.5.jar:?]
	at org.apache.hadoop.ipc.ProtobufRpcEngine2$Server$ProtoBufRpcInvoker.call(ProtobufRpcEngine2.java:595) [hadoop-common-3.3.5.jar:?]
	at org.apache.hadoop.ipc.ProtobufRpcEngine2$Server$ProtoBufRpcInvoker.call(ProtobufRpcEngine2.java:573) [hadoop-common-3.3.5.jar:?]
	at org.apache.hadoop.ipc.RPC$Server.call(RPC.java:1213) [hadoop-common-3.3.5.jar:?]
	at org.apache.hadoop.ipc.Server$RpcCall.run(Server.java:1089) [hadoop-common-3.3.5.jar:?]
	at org.apache.hadoop.ipc.Server$RpcCall.run(Server.java:1012) [hadoop-common-3.3.5.jar:?]
	at java.security.AccessController.doPrivileged(Native Method) ~[?:1.8.0_372]
	at javax.security.auth.Subject.doAs(Subject.java:422) [?:1.8.0_372]
	at org.apache.hadoop.security.UserGroupInformation.doAs(UserGroupInformation.java:1899) [hadoop-common-3.3.5.jar:?]
	at org.apache.hadoop.ipc.Server$Handler.run(Server.java:3026) [hadoop-common-3.3.5.jar:?]
2023-06-02 05:16:31,271 [IPC Server handler 9 on default port 15001] WARN  node.SCMNodeManager (SCMNodeManager.java:getNodesByAddress(1381)) - Cannot find node for address 127.0.0.1
]]></system-out>
  </testcase>
  <testcase name="testS3Auth" classname="org.apache.hadoop.ozone.client.rpc.TestSecureOzoneRpcClient" time="0.018">
    <system-out><![CDATA[2023-06-02 05:16:31,287 [OM StateMachine ApplyTransaction Thread - 0] INFO  volume.OMVolumeCreateRequest (OMVolumeCreateRequest.java:validateAndUpdateCache(196)) - created volume:49710181-c308-4db2-87bb-a63e97762bf4 for user:runner
2023-06-02 05:16:31,289 [main] ERROR protocolPB.OzoneManagerProtocolServerSideTranslatorPB (S3SecurityUtil.java:validateS3Credential(70)) - signatures do NOT match for S3 identifier:OzoneToken owner=runner, renewer=, realUser=, issueDate=1970-01-01T00:00:00Z, maxDate=1970-01-01T00:00:00Z, sequenceNumber=0, masterKeyId=0, strToSign=AWS4-HMAC-SHA256
20150830T123600Z
20150830/us-east-1/iam/aws4_request
f536975d06c0309214f805bb90ccff089219ecd68b2577efef23edd43b7e1a59, signature=5d672d79c15b13162d9279b0855cfba6789a8edb4c82c400e06b5924a6f2b5d7, awsAccessKeyId=runner, omServiceId=null, omCertSerialId=null
org.apache.hadoop.security.token.SecretManager$InvalidToken: Invalid S3 identifier:OzoneToken owner=runner, renewer=, realUser=, issueDate=1970-01-01T00:00:00Z, maxDate=1970-01-01T00:00:00Z, sequenceNumber=0, masterKeyId=0, strToSign=AWS4-HMAC-SHA256
20150830T123600Z
20150830/us-east-1/iam/aws4_request
f536975d06c0309214f805bb90ccff089219ecd68b2577efef23edd43b7e1a59, signature=5d672d79c15b13162d9279b0855cfba6789a8edb4c82c400e06b5924a6f2b5d7, awsAccessKeyId=runner, omServiceId=null, omCertSerialId=null
	at org.apache.hadoop.ozone.security.OzoneDelegationTokenSecretManager.validateS3AuthInfo(OzoneDelegationTokenSecretManager.java:523)
	at org.apache.hadoop.ozone.security.OzoneDelegationTokenSecretManager.retrievePassword(OzoneDelegationTokenSecretManager.java:419)
	at org.apache.hadoop.ozone.security.S3SecurityUtil.validateS3Credential(S3SecurityUtil.java:61)
	at org.apache.hadoop.ozone.protocolPB.OzoneManagerProtocolServerSideTranslatorPB.processRequest(OzoneManagerProtocolServerSideTranslatorPB.java:166)
	at org.apache.hadoop.hdds.server.OzoneProtocolMessageDispatcher.processRequest(OzoneProtocolMessageDispatcher.java:87)
	at org.apache.hadoop.ozone.protocolPB.OzoneManagerProtocolServerSideTranslatorPB.submitRequest(OzoneManagerProtocolServerSideTranslatorPB.java:147)
	at org.apache.hadoop.ozone.client.rpc.TestSecureOzoneRpcClient.testS3Auth(TestSecureOzoneRpcClient.java:358)
	at sun.reflect.NativeMethodAccessorImpl.invoke0(Native Method)
	at sun.reflect.NativeMethodAccessorImpl.invoke(NativeMethodAccessorImpl.java:62)
	at sun.reflect.DelegatingMethodAccessorImpl.invoke(DelegatingMethodAccessorImpl.java:43)
	at java.lang.reflect.Method.invoke(Method.java:498)
	at org.junit.platform.commons.util.ReflectionUtils.invokeMethod(ReflectionUtils.java:725)
	at org.junit.jupiter.engine.execution.MethodInvocation.proceed(MethodInvocation.java:60)
	at org.junit.jupiter.engine.execution.InvocationInterceptorChain$ValidatingInvocation.proceed(InvocationInterceptorChain.java:131)
	at org.junit.jupiter.engine.extension.TimeoutInvocation.proceed(TimeoutInvocation.java:46)
	at org.junit.jupiter.engine.extension.TimeoutExtension.intercept(TimeoutExtension.java:149)
	at org.junit.jupiter.engine.extension.TimeoutExtension.interceptTestableMethod(TimeoutExtension.java:140)
	at org.junit.jupiter.engine.extension.TimeoutExtension.interceptTestMethod(TimeoutExtension.java:84)
	at org.junit.jupiter.engine.execution.ExecutableInvoker$ReflectiveInterceptorCall.lambda$ofVoidMethod$0(ExecutableInvoker.java:115)
	at org.junit.jupiter.engine.execution.ExecutableInvoker.lambda$invoke$0(ExecutableInvoker.java:105)
	at org.junit.jupiter.engine.execution.InvocationInterceptorChain$InterceptedInvocation.proceed(InvocationInterceptorChain.java:106)
	at org.junit.jupiter.engine.execution.InvocationInterceptorChain.proceed(InvocationInterceptorChain.java:64)
	at org.junit.jupiter.engine.execution.InvocationInterceptorChain.chainAndInvoke(InvocationInterceptorChain.java:45)
	at org.junit.jupiter.engine.execution.InvocationInterceptorChain.invoke(InvocationInterceptorChain.java:37)
	at org.junit.jupiter.engine.execution.ExecutableInvoker.invoke(ExecutableInvoker.java:104)
	at org.junit.jupiter.engine.execution.ExecutableInvoker.invoke(ExecutableInvoker.java:98)
	at org.junit.jupiter.engine.descriptor.TestMethodTestDescriptor.lambda$invokeTestMethod$7(TestMethodTestDescriptor.java:214)
	at org.junit.platform.engine.support.hierarchical.ThrowableCollector.execute(ThrowableCollector.java:73)
	at org.junit.jupiter.engine.descriptor.TestMethodTestDescriptor.invokeTestMethod(TestMethodTestDescriptor.java:210)
	at org.junit.jupiter.engine.descriptor.TestMethodTestDescriptor.execute(TestMethodTestDescriptor.java:135)
	at org.junit.jupiter.engine.descriptor.TestMethodTestDescriptor.execute(TestMethodTestDescriptor.java:66)
	at org.junit.platform.engine.support.hierarchical.NodeTestTask.lambda$executeRecursively$6(NodeTestTask.java:151)
	at org.junit.platform.engine.support.hierarchical.ThrowableCollector.execute(ThrowableCollector.java:73)
	at org.junit.platform.engine.support.hierarchical.NodeTestTask.lambda$executeRecursively$8(NodeTestTask.java:141)
	at org.junit.platform.engine.support.hierarchical.Node.around(Node.java:137)
	at org.junit.platform.engine.support.hierarchical.NodeTestTask.lambda$executeRecursively$9(NodeTestTask.java:139)
	at org.junit.platform.engine.support.hierarchical.ThrowableCollector.execute(ThrowableCollector.java:73)
	at org.junit.platform.engine.support.hierarchical.NodeTestTask.executeRecursively(NodeTestTask.java:138)
	at org.junit.platform.engine.support.hierarchical.NodeTestTask.execute(NodeTestTask.java:95)
	at java.util.ArrayList.forEach(ArrayList.java:1259)
	at org.junit.platform.engine.support.hierarchical.SameThreadHierarchicalTestExecutorService.invokeAll(SameThreadHierarchicalTestExecutorService.java:41)
	at org.junit.platform.engine.support.hierarchical.NodeTestTask.lambda$executeRecursively$6(NodeTestTask.java:155)
	at org.junit.platform.engine.support.hierarchical.ThrowableCollector.execute(ThrowableCollector.java:73)
	at org.junit.platform.engine.support.hierarchical.NodeTestTask.lambda$executeRecursively$8(NodeTestTask.java:141)
	at org.junit.platform.engine.support.hierarchical.Node.around(Node.java:137)
	at org.junit.platform.engine.support.hierarchical.NodeTestTask.lambda$executeRecursively$9(NodeTestTask.java:139)
	at org.junit.platform.engine.support.hierarchical.ThrowableCollector.execute(ThrowableCollector.java:73)
	at org.junit.platform.engine.support.hierarchical.NodeTestTask.executeRecursively(NodeTestTask.java:138)
	at org.junit.platform.engine.support.hierarchical.NodeTestTask.execute(NodeTestTask.java:95)
	at java.util.ArrayList.forEach(ArrayList.java:1259)
	at org.junit.platform.engine.support.hierarchical.SameThreadHierarchicalTestExecutorService.invokeAll(SameThreadHierarchicalTestExecutorService.java:41)
	at org.junit.platform.engine.support.hierarchical.NodeTestTask.lambda$executeRecursively$6(NodeTestTask.java:155)
	at org.junit.platform.engine.support.hierarchical.ThrowableCollector.execute(ThrowableCollector.java:73)
	at org.junit.platform.engine.support.hierarchical.NodeTestTask.lambda$executeRecursively$8(NodeTestTask.java:141)
	at org.junit.platform.engine.support.hierarchical.Node.around(Node.java:137)
	at org.junit.platform.engine.support.hierarchical.NodeTestTask.lambda$executeRecursively$9(NodeTestTask.java:139)
	at org.junit.platform.engine.support.hierarchical.ThrowableCollector.execute(ThrowableCollector.java:73)
	at org.junit.platform.engine.support.hierarchical.NodeTestTask.executeRecursively(NodeTestTask.java:138)
	at org.junit.platform.engine.support.hierarchical.NodeTestTask.execute(NodeTestTask.java:95)
	at org.junit.platform.engine.support.hierarchical.SameThreadHierarchicalTestExecutorService.submit(SameThreadHierarchicalTestExecutorService.java:35)
	at org.junit.platform.engine.support.hierarchical.HierarchicalTestExecutor.execute(HierarchicalTestExecutor.java:57)
	at org.junit.platform.engine.support.hierarchical.HierarchicalTestEngine.execute(HierarchicalTestEngine.java:54)
	at org.junit.platform.launcher.core.EngineExecutionOrchestrator.execute(EngineExecutionOrchestrator.java:107)
	at org.junit.platform.launcher.core.EngineExecutionOrchestrator.execute(EngineExecutionOrchestrator.java:88)
	at org.junit.platform.launcher.core.EngineExecutionOrchestrator.lambda$execute$0(EngineExecutionOrchestrator.java:54)
	at org.junit.platform.launcher.core.EngineExecutionOrchestrator.withInterceptedStreams(EngineExecutionOrchestrator.java:67)
	at org.junit.platform.launcher.core.EngineExecutionOrchestrator.execute(EngineExecutionOrchestrator.java:52)
	at org.junit.platform.launcher.core.DefaultLauncher.execute(DefaultLauncher.java:114)
	at org.junit.platform.launcher.core.DefaultLauncher.execute(DefaultLauncher.java:86)
	at org.junit.platform.launcher.core.DefaultLauncherSession$DelegatingLauncher.execute(DefaultLauncherSession.java:86)
	at org.junit.platform.launcher.core.SessionPerRequestLauncher.execute(SessionPerRequestLauncher.java:53)
	at org.apache.maven.surefire.junitplatform.JUnitPlatformProvider.execute(JUnitPlatformProvider.java:188)
	at org.apache.maven.surefire.junitplatform.JUnitPlatformProvider.invokeAllTests(JUnitPlatformProvider.java:154)
	at org.apache.maven.surefire.junitplatform.JUnitPlatformProvider.invoke(JUnitPlatformProvider.java:124)
	at org.apache.maven.surefire.booter.ForkedBooter.runSuitesInProcess(ForkedBooter.java:428)
	at org.apache.maven.surefire.booter.ForkedBooter.execute(ForkedBooter.java:162)
	at org.apache.maven.surefire.booter.ForkedBooter.run(ForkedBooter.java:562)
	at org.apache.maven.surefire.booter.ForkedBooter.main(ForkedBooter.java:548)
2023-06-02 05:16:31,290 [main] ERROR protocolPB.OzoneManagerProtocolServerSideTranslatorPB (S3SecurityUtil.java:validateS3Credential(70)) - signatures do NOT match for S3 identifier:OzoneToken owner=runner, renewer=, realUser=, issueDate=1970-01-01T00:00:00Z, maxDate=1970-01-01T00:00:00Z, sequenceNumber=0, masterKeyId=0, strToSign=AWS4-HMAC-SHA256
20150830T123600Z
20150830/us-east-1/iam/aws4_request
f536975d06c0309214f805bb90ccff089219ecd68b2577efef23edd43b7e1a59, signature=5d672d79c15b13162d9279b0855cfba6789a8edb4c82c400e06b5924a6f2b5d7, awsAccessKeyId=runner, omServiceId=null, omCertSerialId=null
org.apache.hadoop.security.token.SecretManager$InvalidToken: Invalid S3 identifier:OzoneToken owner=runner, renewer=, realUser=, issueDate=1970-01-01T00:00:00Z, maxDate=1970-01-01T00:00:00Z, sequenceNumber=0, masterKeyId=0, strToSign=AWS4-HMAC-SHA256
20150830T123600Z
20150830/us-east-1/iam/aws4_request
f536975d06c0309214f805bb90ccff089219ecd68b2577efef23edd43b7e1a59, signature=5d672d79c15b13162d9279b0855cfba6789a8edb4c82c400e06b5924a6f2b5d7, awsAccessKeyId=runner, omServiceId=null, omCertSerialId=null
	at org.apache.hadoop.ozone.security.OzoneDelegationTokenSecretManager.validateS3AuthInfo(OzoneDelegationTokenSecretManager.java:523)
	at org.apache.hadoop.ozone.security.OzoneDelegationTokenSecretManager.retrievePassword(OzoneDelegationTokenSecretManager.java:419)
	at org.apache.hadoop.ozone.security.S3SecurityUtil.validateS3Credential(S3SecurityUtil.java:61)
	at org.apache.hadoop.ozone.protocolPB.OzoneManagerProtocolServerSideTranslatorPB.processRequest(OzoneManagerProtocolServerSideTranslatorPB.java:166)
	at org.apache.hadoop.hdds.server.OzoneProtocolMessageDispatcher.processRequest(OzoneProtocolMessageDispatcher.java:87)
	at org.apache.hadoop.ozone.protocolPB.OzoneManagerProtocolServerSideTranslatorPB.submitRequest(OzoneManagerProtocolServerSideTranslatorPB.java:147)
	at org.apache.hadoop.ozone.client.rpc.TestSecureOzoneRpcClient.testS3Auth(TestSecureOzoneRpcClient.java:363)
	at sun.reflect.NativeMethodAccessorImpl.invoke0(Native Method)
	at sun.reflect.NativeMethodAccessorImpl.invoke(NativeMethodAccessorImpl.java:62)
	at sun.reflect.DelegatingMethodAccessorImpl.invoke(DelegatingMethodAccessorImpl.java:43)
	at java.lang.reflect.Method.invoke(Method.java:498)
	at org.junit.platform.commons.util.ReflectionUtils.invokeMethod(ReflectionUtils.java:725)
	at org.junit.jupiter.engine.execution.MethodInvocation.proceed(MethodInvocation.java:60)
	at org.junit.jupiter.engine.execution.InvocationInterceptorChain$ValidatingInvocation.proceed(InvocationInterceptorChain.java:131)
	at org.junit.jupiter.engine.extension.TimeoutInvocation.proceed(TimeoutInvocation.java:46)
	at org.junit.jupiter.engine.extension.TimeoutExtension.intercept(TimeoutExtension.java:149)
	at org.junit.jupiter.engine.extension.TimeoutExtension.interceptTestableMethod(TimeoutExtension.java:140)
	at org.junit.jupiter.engine.extension.TimeoutExtension.interceptTestMethod(TimeoutExtension.java:84)
	at org.junit.jupiter.engine.execution.ExecutableInvoker$ReflectiveInterceptorCall.lambda$ofVoidMethod$0(ExecutableInvoker.java:115)
	at org.junit.jupiter.engine.execution.ExecutableInvoker.lambda$invoke$0(ExecutableInvoker.java:105)
	at org.junit.jupiter.engine.execution.InvocationInterceptorChain$InterceptedInvocation.proceed(InvocationInterceptorChain.java:106)
	at org.junit.jupiter.engine.execution.InvocationInterceptorChain.proceed(InvocationInterceptorChain.java:64)
	at org.junit.jupiter.engine.execution.InvocationInterceptorChain.chainAndInvoke(InvocationInterceptorChain.java:45)
	at org.junit.jupiter.engine.execution.InvocationInterceptorChain.invoke(InvocationInterceptorChain.java:37)
	at org.junit.jupiter.engine.execution.ExecutableInvoker.invoke(ExecutableInvoker.java:104)
	at org.junit.jupiter.engine.execution.ExecutableInvoker.invoke(ExecutableInvoker.java:98)
	at org.junit.jupiter.engine.descriptor.TestMethodTestDescriptor.lambda$invokeTestMethod$7(TestMethodTestDescriptor.java:214)
	at org.junit.platform.engine.support.hierarchical.ThrowableCollector.execute(ThrowableCollector.java:73)
	at org.junit.jupiter.engine.descriptor.TestMethodTestDescriptor.invokeTestMethod(TestMethodTestDescriptor.java:210)
	at org.junit.jupiter.engine.descriptor.TestMethodTestDescriptor.execute(TestMethodTestDescriptor.java:135)
	at org.junit.jupiter.engine.descriptor.TestMethodTestDescriptor.execute(TestMethodTestDescriptor.java:66)
	at org.junit.platform.engine.support.hierarchical.NodeTestTask.lambda$executeRecursively$6(NodeTestTask.java:151)
	at org.junit.platform.engine.support.hierarchical.ThrowableCollector.execute(ThrowableCollector.java:73)
	at org.junit.platform.engine.support.hierarchical.NodeTestTask.lambda$executeRecursively$8(NodeTestTask.java:141)
	at org.junit.platform.engine.support.hierarchical.Node.around(Node.java:137)
	at org.junit.platform.engine.support.hierarchical.NodeTestTask.lambda$executeRecursively$9(NodeTestTask.java:139)
	at org.junit.platform.engine.support.hierarchical.ThrowableCollector.execute(ThrowableCollector.java:73)
	at org.junit.platform.engine.support.hierarchical.NodeTestTask.executeRecursively(NodeTestTask.java:138)
	at org.junit.platform.engine.support.hierarchical.NodeTestTask.execute(NodeTestTask.java:95)
	at java.util.ArrayList.forEach(ArrayList.java:1259)
	at org.junit.platform.engine.support.hierarchical.SameThreadHierarchicalTestExecutorService.invokeAll(SameThreadHierarchicalTestExecutorService.java:41)
	at org.junit.platform.engine.support.hierarchical.NodeTestTask.lambda$executeRecursively$6(NodeTestTask.java:155)
	at org.junit.platform.engine.support.hierarchical.ThrowableCollector.execute(ThrowableCollector.java:73)
	at org.junit.platform.engine.support.hierarchical.NodeTestTask.lambda$executeRecursively$8(NodeTestTask.java:141)
	at org.junit.platform.engine.support.hierarchical.Node.around(Node.java:137)
	at org.junit.platform.engine.support.hierarchical.NodeTestTask.lambda$executeRecursively$9(NodeTestTask.java:139)
	at org.junit.platform.engine.support.hierarchical.ThrowableCollector.execute(ThrowableCollector.java:73)
	at org.junit.platform.engine.support.hierarchical.NodeTestTask.executeRecursively(NodeTestTask.java:138)
	at org.junit.platform.engine.support.hierarchical.NodeTestTask.execute(NodeTestTask.java:95)
	at java.util.ArrayList.forEach(ArrayList.java:1259)
	at org.junit.platform.engine.support.hierarchical.SameThreadHierarchicalTestExecutorService.invokeAll(SameThreadHierarchicalTestExecutorService.java:41)
	at org.junit.platform.engine.support.hierarchical.NodeTestTask.lambda$executeRecursively$6(NodeTestTask.java:155)
	at org.junit.platform.engine.support.hierarchical.ThrowableCollector.execute(ThrowableCollector.java:73)
	at org.junit.platform.engine.support.hierarchical.NodeTestTask.lambda$executeRecursively$8(NodeTestTask.java:141)
	at org.junit.platform.engine.support.hierarchical.Node.around(Node.java:137)
	at org.junit.platform.engine.support.hierarchical.NodeTestTask.lambda$executeRecursively$9(NodeTestTask.java:139)
	at org.junit.platform.engine.support.hierarchical.ThrowableCollector.execute(ThrowableCollector.java:73)
	at org.junit.platform.engine.support.hierarchical.NodeTestTask.executeRecursively(NodeTestTask.java:138)
	at org.junit.platform.engine.support.hierarchical.NodeTestTask.execute(NodeTestTask.java:95)
	at org.junit.platform.engine.support.hierarchical.SameThreadHierarchicalTestExecutorService.submit(SameThreadHierarchicalTestExecutorService.java:35)
	at org.junit.platform.engine.support.hierarchical.HierarchicalTestExecutor.execute(HierarchicalTestExecutor.java:57)
	at org.junit.platform.engine.support.hierarchical.HierarchicalTestEngine.execute(HierarchicalTestEngine.java:54)
	at org.junit.platform.launcher.core.EngineExecutionOrchestrator.execute(EngineExecutionOrchestrator.java:107)
	at org.junit.platform.launcher.core.EngineExecutionOrchestrator.execute(EngineExecutionOrchestrator.java:88)
	at org.junit.platform.launcher.core.EngineExecutionOrchestrator.lambda$execute$0(EngineExecutionOrchestrator.java:54)
	at org.junit.platform.launcher.core.EngineExecutionOrchestrator.withInterceptedStreams(EngineExecutionOrchestrator.java:67)
	at org.junit.platform.launcher.core.EngineExecutionOrchestrator.execute(EngineExecutionOrchestrator.java:52)
	at org.junit.platform.launcher.core.DefaultLauncher.execute(DefaultLauncher.java:114)
	at org.junit.platform.launcher.core.DefaultLauncher.execute(DefaultLauncher.java:86)
	at org.junit.platform.launcher.core.DefaultLauncherSession$DelegatingLauncher.execute(DefaultLauncherSession.java:86)
	at org.junit.platform.launcher.core.SessionPerRequestLauncher.execute(SessionPerRequestLauncher.java:53)
	at org.apache.maven.surefire.junitplatform.JUnitPlatformProvider.execute(JUnitPlatformProvider.java:188)
	at org.apache.maven.surefire.junitplatform.JUnitPlatformProvider.invokeAllTests(JUnitPlatformProvider.java:154)
	at org.apache.maven.surefire.junitplatform.JUnitPlatformProvider.invoke(JUnitPlatformProvider.java:124)
	at org.apache.maven.surefire.booter.ForkedBooter.runSuitesInProcess(ForkedBooter.java:428)
	at org.apache.maven.surefire.booter.ForkedBooter.execute(ForkedBooter.java:162)
	at org.apache.maven.surefire.booter.ForkedBooter.run(ForkedBooter.java:562)
	at org.apache.maven.surefire.booter.ForkedBooter.main(ForkedBooter.java:548)
]]></system-out>
  </testcase>
  <testcase name="testSetAndClrQuota" classname="org.apache.hadoop.ozone.client.rpc.TestSecureOzoneRpcClient" time="0.076">
    <system-out><![CDATA[2023-06-02 05:16:31,292 [main] INFO  rpc.RpcClient (RpcClient.java:createVolume(459)) - Creating Volume: a30c30ef-7111-45fb-b329-cfb9ebcd4b5a, with runner as owner and space quota set to -1 bytes, counts quota set to -1
2023-06-02 05:16:31,294 [OM StateMachine ApplyTransaction Thread - 0] INFO  volume.OMVolumeCreateRequest (OMVolumeCreateRequest.java:validateAndUpdateCache(196)) - created volume:a30c30ef-7111-45fb-b329-cfb9ebcd4b5a for user:runner
2023-06-02 05:16:31,296 [main] INFO  rpc.RpcClient (RpcClient.java:createBucket(686)) - Creating Bucket: a30c30ef-7111-45fb-b329-cfb9ebcd4b5a/8a9f1e14-9883-462c-afbe-fd3cacec350a, with server-side default bucket layout, runner as owner, Versioning false, Storage Type set to DISK and Encryption set to false, Replication Type set to server-side default replication type, Namespace Quota set to -1, Space Quota set to -1 
2023-06-02 05:16:31,298 [OM StateMachine ApplyTransaction Thread - 0] INFO  bucket.OMBucketCreateRequest (OMBucketCreateRequest.java:validateAndUpdateCache(270)) - created bucket: 8a9f1e14-9883-462c-afbe-fd3cacec350a of layout OBJECT_STORE in volume: a30c30ef-7111-45fb-b329-cfb9ebcd4b5a
2023-06-02 05:16:31,308 [main] INFO  rpc.RpcClient (RpcClient.java:createBucket(686)) - Creating Bucket: a30c30ef-7111-45fb-b329-cfb9ebcd4b5a/eb397661-427e-4881-a3ff-55f7b411dcae, with server-side default bucket layout, runner as owner, Versioning false, Storage Type set to DISK and Encryption set to false, Replication Type set to server-side default replication type, Namespace Quota set to -1, Space Quota set to -1 
2023-06-02 05:16:31,310 [OM StateMachine ApplyTransaction Thread - 0] INFO  bucket.OMBucketCreateRequest (OMBucketCreateRequest.java:validateAndUpdateCache(270)) - created bucket: eb397661-427e-4881-a3ff-55f7b411dcae of layout OBJECT_STORE in volume: a30c30ef-7111-45fb-b329-cfb9ebcd4b5a
05:16:31.329 [OM StateMachine ApplyTransaction Thread - 0] ERROR OMAudit - user=runner | ip=127.0.0.1 | op=UPDATE_BUCKET {volume=a30c30ef-7111-45fb-b329-cfb9ebcd4b5a, bucket=8a9f1e14-9883-462c-afbe-fd3cacec350a, gdprEnabled=null, isVersionEnabled=null} | ret=FAILURE
org.apache.hadoop.ozone.om.exceptions.OMException: Can not clear bucket spaceQuota because volume spaceQuota is not cleared.
	at org.apache.hadoop.ozone.om.request.bucket.OMBucketSetPropertyRequest.checkQuotaBytesValid(OMBucketSetPropertyRequest.java:303) ~[ozone-manager-1.4.0-SNAPSHOT.jar:?]
	at org.apache.hadoop.ozone.om.request.bucket.OMBucketSetPropertyRequest.validateAndUpdateCache(OMBucketSetPropertyRequest.java:184) ~[ozone-manager-1.4.0-SNAPSHOT.jar:?]
	at org.apache.hadoop.ozone.protocolPB.OzoneManagerRequestHandler.handleWriteRequest(OzoneManagerRequestHandler.java:338) ~[ozone-manager-1.4.0-SNAPSHOT.jar:?]
	at org.apache.hadoop.ozone.om.ratis.OzoneManagerStateMachine.runCommand(OzoneManagerStateMachine.java:567) ~[ozone-manager-1.4.0-SNAPSHOT.jar:?]
	at org.apache.hadoop.ozone.om.ratis.OzoneManagerStateMachine.lambda$1(OzoneManagerStateMachine.java:358) ~[ozone-manager-1.4.0-SNAPSHOT.jar:?]
	at java.util.concurrent.CompletableFuture$AsyncSupply.run(CompletableFuture.java:1604) [?:1.8.0_372]
	at java.util.concurrent.ThreadPoolExecutor.runWorker(ThreadPoolExecutor.java:1149) [?:1.8.0_372]
	at java.util.concurrent.ThreadPoolExecutor$Worker.run(ThreadPoolExecutor.java:624) [?:1.8.0_372]
	at java.lang.Thread.run(Thread.java:750) [?:1.8.0_372]
2023-06-02 05:16:31,330 [OM StateMachine ApplyTransaction Thread - 0] ERROR bucket.OMBucketSetPropertyRequest (OMBucketSetPropertyRequest.java:validateAndUpdateCache(263)) - Setting bucket property failed for bucket:8a9f1e14-9883-462c-afbe-fd3cacec350a in volume:a30c30ef-7111-45fb-b329-cfb9ebcd4b5a
QUOTA_ERROR org.apache.hadoop.ozone.om.exceptions.OMException: Can not clear bucket spaceQuota because volume spaceQuota is not cleared.
	at org.apache.hadoop.ozone.om.request.bucket.OMBucketSetPropertyRequest.checkQuotaBytesValid(OMBucketSetPropertyRequest.java:303)
	at org.apache.hadoop.ozone.om.request.bucket.OMBucketSetPropertyRequest.validateAndUpdateCache(OMBucketSetPropertyRequest.java:184)
	at org.apache.hadoop.ozone.protocolPB.OzoneManagerRequestHandler.handleWriteRequest(OzoneManagerRequestHandler.java:338)
	at org.apache.hadoop.ozone.om.ratis.OzoneManagerStateMachine.runCommand(OzoneManagerStateMachine.java:567)
	at org.apache.hadoop.ozone.om.ratis.OzoneManagerStateMachine.lambda$1(OzoneManagerStateMachine.java:358)
	at java.util.concurrent.CompletableFuture$AsyncSupply.run(CompletableFuture.java:1604)
	at java.util.concurrent.ThreadPoolExecutor.runWorker(ThreadPoolExecutor.java:1149)
	at java.util.concurrent.ThreadPoolExecutor$Worker.run(ThreadPoolExecutor.java:624)
	at java.lang.Thread.run(Thread.java:750)
]]></system-out>
  </testcase>
  <testcase name="testSetBucketQuotaIllegal" classname="org.apache.hadoop.ozone.client.rpc.TestSecureOzoneRpcClient" time="0.017">
    <system-out><![CDATA[2023-06-02 05:16:31,369 [main] INFO  rpc.RpcClient (RpcClient.java:createVolume(459)) - Creating Volume: 60dfe289-e680-431d-981c-ca857b1bb51e, with runner as owner and space quota set to -1 bytes, counts quota set to -1
2023-06-02 05:16:31,371 [OM StateMachine ApplyTransaction Thread - 0] INFO  volume.OMVolumeCreateRequest (OMVolumeCreateRequest.java:validateAndUpdateCache(196)) - created volume:60dfe289-e680-431d-981c-ca857b1bb51e for user:runner
2023-06-02 05:16:31,373 [main] INFO  rpc.RpcClient (RpcClient.java:createBucket(686)) - Creating Bucket: 60dfe289-e680-431d-981c-ca857b1bb51e/53a04798-d56d-4bdf-ac25-12b24756068e, with server-side default bucket layout, runner as owner, Versioning false, Storage Type set to DISK and Encryption set to false, Replication Type set to server-side default replication type, Namespace Quota set to -1, Space Quota set to -1 
2023-06-02 05:16:31,374 [OM StateMachine ApplyTransaction Thread - 0] INFO  bucket.OMBucketCreateRequest (OMBucketCreateRequest.java:validateAndUpdateCache(270)) - created bucket: 53a04798-d56d-4bdf-ac25-12b24756068e of layout OBJECT_STORE in volume: 60dfe289-e680-431d-981c-ca857b1bb51e
]]></system-out>
  </testcase>
  <testcase name="testSetBucketStorageType" classname="org.apache.hadoop.ozone.client.rpc.TestSecureOzoneRpcClient" time="0.01">
    <system-out><![CDATA[2023-06-02 05:16:31,387 [main] INFO  rpc.RpcClient (RpcClient.java:createVolume(459)) - Creating Volume: 3885343d-1f42-4975-9bc1-3c578d7de6b3, with runner as owner and space quota set to -1 bytes, counts quota set to -1
2023-06-02 05:16:31,388 [OM StateMachine ApplyTransaction Thread - 0] INFO  volume.OMVolumeCreateRequest (OMVolumeCreateRequest.java:validateAndUpdateCache(196)) - created volume:3885343d-1f42-4975-9bc1-3c578d7de6b3 for user:runner
2023-06-02 05:16:31,390 [main] INFO  rpc.RpcClient (RpcClient.java:createBucket(686)) - Creating Bucket: 3885343d-1f42-4975-9bc1-3c578d7de6b3/15174c4a-240d-4769-8f4e-bc13a37d23ac, with server-side default bucket layout, runner as owner, Versioning false, Storage Type set to DISK and Encryption set to false, Replication Type set to server-side default replication type, Namespace Quota set to -1, Space Quota set to -1 
2023-06-02 05:16:31,391 [OM StateMachine ApplyTransaction Thread - 0] INFO  bucket.OMBucketCreateRequest (OMBucketCreateRequest.java:validateAndUpdateCache(270)) - created bucket: 15174c4a-240d-4769-8f4e-bc13a37d23ac of layout OBJECT_STORE in volume: 3885343d-1f42-4975-9bc1-3c578d7de6b3
]]></system-out>
  </testcase>
  <testcase name="testSetBucketVersioning" classname="org.apache.hadoop.ozone.client.rpc.TestSecureOzoneRpcClient" time="0.01">
    <system-out><![CDATA[2023-06-02 05:16:31,397 [main] INFO  rpc.RpcClient (RpcClient.java:createVolume(459)) - Creating Volume: 0ab302d2-f3f4-443e-817c-f1878f7ec6f1, with runner as owner and space quota set to -1 bytes, counts quota set to -1
2023-06-02 05:16:31,398 [OM StateMachine ApplyTransaction Thread - 0] INFO  volume.OMVolumeCreateRequest (OMVolumeCreateRequest.java:validateAndUpdateCache(196)) - created volume:0ab302d2-f3f4-443e-817c-f1878f7ec6f1 for user:runner
2023-06-02 05:16:31,400 [main] INFO  rpc.RpcClient (RpcClient.java:createBucket(686)) - Creating Bucket: 0ab302d2-f3f4-443e-817c-f1878f7ec6f1/e8f5802c-28d7-4fdb-9e18-c4bf1fbef60e, with server-side default bucket layout, runner as owner, Versioning false, Storage Type set to DISK and Encryption set to false, Replication Type set to server-side default replication type, Namespace Quota set to -1, Space Quota set to -1 
2023-06-02 05:16:31,402 [OM StateMachine ApplyTransaction Thread - 0] INFO  bucket.OMBucketCreateRequest (OMBucketCreateRequest.java:validateAndUpdateCache(270)) - created bucket: e8f5802c-28d7-4fdb-9e18-c4bf1fbef60e of layout OBJECT_STORE in volume: 0ab302d2-f3f4-443e-817c-f1878f7ec6f1
]]></system-out>
  </testcase>
  <testcase name="testSetECReplicationConfigOnBucket" classname="org.apache.hadoop.ozone.client.rpc.TestSecureOzoneRpcClient" time="0.016">
    <system-out><![CDATA[2023-06-02 05:16:31,407 [main] INFO  rpc.RpcClient (RpcClient.java:createVolume(459)) - Creating Volume: d17eb77e-dc00-4293-9c44-ae29ea9628f5, with runner as owner and space quota set to -1 bytes, counts quota set to -1
2023-06-02 05:16:31,408 [OM StateMachine ApplyTransaction Thread - 0] INFO  volume.OMVolumeCreateRequest (OMVolumeCreateRequest.java:validateAndUpdateCache(196)) - created volume:d17eb77e-dc00-4293-9c44-ae29ea9628f5 for user:runner
2023-06-02 05:16:31,410 [main] INFO  rpc.RpcClient (RpcClient.java:createBucket(686)) - Creating Bucket: d17eb77e-dc00-4293-9c44-ae29ea9628f5/076d4cdb-86f2-4156-b15c-11055ed963ec, with server-side default bucket layout, runner as owner, Versioning true, Storage Type set to DISK and Encryption set to false, Replication Type set to STAND_ALONE, Namespace Quota set to -1, Space Quota set to -1 
2023-06-02 05:16:31,412 [OM StateMachine ApplyTransaction Thread - 0] INFO  bucket.OMBucketCreateRequest (OMBucketCreateRequest.java:validateAndUpdateCache(270)) - created bucket: 076d4cdb-86f2-4156-b15c-11055ed963ec of layout OBJECT_STORE in volume: d17eb77e-dc00-4293-9c44-ae29ea9628f5
]]></system-out>
  </testcase>
  <testcase name="testSetS3VolumeAcl" classname="org.apache.hadoop.ozone.client.rpc.TestSecureOzoneRpcClient" time="0.004"/>
  <testcase name="testSetVolumeQuota" classname="org.apache.hadoop.ozone.client.rpc.TestSecureOzoneRpcClient" time="0.01">
    <system-out><![CDATA[2023-06-02 05:16:31,427 [main] INFO  rpc.RpcClient (RpcClient.java:createVolume(459)) - Creating Volume: b51599c9-9b58-45b1-a058-722f0646bd65, with runner as owner and space quota set to -1 bytes, counts quota set to -1
2023-06-02 05:16:31,429 [OM StateMachine ApplyTransaction Thread - 0] INFO  volume.OMVolumeCreateRequest (OMVolumeCreateRequest.java:validateAndUpdateCache(196)) - created volume:b51599c9-9b58-45b1-a058-722f0646bd65 for user:runner
]]></system-out>
  </testcase>
  <testcase name="testSetVolumeQuotaIllegal" classname="org.apache.hadoop.ozone.client.rpc.TestSecureOzoneRpcClient" time="0.013">
    <system-out><![CDATA[2023-06-02 05:16:31,439 [main] INFO  rpc.RpcClient (RpcClient.java:createVolume(459)) - Creating Volume: 08aca9b9-2a62-4487-819b-4de7da7ff65c, with runner as owner and space quota set to -1 bytes, counts quota set to -1
2023-06-02 05:16:31,441 [OM StateMachine ApplyTransaction Thread - 0] INFO  volume.OMVolumeCreateRequest (OMVolumeCreateRequest.java:validateAndUpdateCache(196)) - created volume:08aca9b9-2a62-4487-819b-4de7da7ff65c for user:runner
]]></system-out>
  </testcase>
  <testcase name="testUploadPartOverride(ReplicationConfig)[1]" classname="org.apache.hadoop.ozone.client.rpc.TestSecureOzoneRpcClient" time="0.049">
    <system-out><![CDATA[2023-06-02 05:16:31,452 [main] INFO  rpc.RpcClient (RpcClient.java:createVolume(459)) - Creating Volume: b8b37fe4-ff2e-4168-be08-e9c2fadeaa85, with runner as owner and space quota set to -1 bytes, counts quota set to -1
2023-06-02 05:16:31,454 [OM StateMachine ApplyTransaction Thread - 0] INFO  volume.OMVolumeCreateRequest (OMVolumeCreateRequest.java:validateAndUpdateCache(196)) - created volume:b8b37fe4-ff2e-4168-be08-e9c2fadeaa85 for user:runner
2023-06-02 05:16:31,455 [main] INFO  rpc.RpcClient (RpcClient.java:createBucket(686)) - Creating Bucket: b8b37fe4-ff2e-4168-be08-e9c2fadeaa85/f8a79fbf-be55-4e40-80d7-ab5edb8af6ff, with server-side default bucket layout, runner as owner, Versioning false, Storage Type set to DISK and Encryption set to false, Replication Type set to server-side default replication type, Namespace Quota set to -1, Space Quota set to -1 
2023-06-02 05:16:31,457 [OM StateMachine ApplyTransaction Thread - 0] INFO  bucket.OMBucketCreateRequest (OMBucketCreateRequest.java:validateAndUpdateCache(270)) - created bucket: f8a79fbf-be55-4e40-80d7-ab5edb8af6ff of layout OBJECT_STORE in volume: b8b37fe4-ff2e-4168-be08-e9c2fadeaa85
]]></system-out>
  </testcase>
  <testcase name="testUploadPartOverride(ReplicationConfig)[2]" classname="org.apache.hadoop.ozone.client.rpc.TestSecureOzoneRpcClient" time="0.109">
    <system-out><![CDATA[2023-06-02 05:16:31,503 [main] INFO  rpc.RpcClient (RpcClient.java:createVolume(459)) - Creating Volume: 2013713f-faa8-4f50-89ed-e6095d4a6d38, with runner as owner and space quota set to -1 bytes, counts quota set to -1
2023-06-02 05:16:31,505 [OM StateMachine ApplyTransaction Thread - 0] INFO  volume.OMVolumeCreateRequest (OMVolumeCreateRequest.java:validateAndUpdateCache(196)) - created volume:2013713f-faa8-4f50-89ed-e6095d4a6d38 for user:runner
2023-06-02 05:16:31,506 [main] INFO  rpc.RpcClient (RpcClient.java:createBucket(686)) - Creating Bucket: 2013713f-faa8-4f50-89ed-e6095d4a6d38/3137c0e5-047c-4683-ad79-306d6d186208, with server-side default bucket layout, runner as owner, Versioning false, Storage Type set to DISK and Encryption set to false, Replication Type set to server-side default replication type, Namespace Quota set to -1, Space Quota set to -1 
2023-06-02 05:16:31,508 [OM StateMachine ApplyTransaction Thread - 0] INFO  bucket.OMBucketCreateRequest (OMBucketCreateRequest.java:validateAndUpdateCache(270)) - created bucket: 3137c0e5-047c-4683-ad79-306d6d186208 of layout OBJECT_STORE in volume: 2013713f-faa8-4f50-89ed-e6095d4a6d38
]]></system-out>
  </testcase>
  <testcase name="testUploadPartOverride(ReplicationConfig)[3]" classname="org.apache.hadoop.ozone.client.rpc.TestSecureOzoneRpcClient" time="0.128">
    <system-out><![CDATA[2023-06-02 05:16:31,612 [main] INFO  rpc.RpcClient (RpcClient.java:createVolume(459)) - Creating Volume: 1f706158-4d20-4a5d-9da1-489cf20aafcf, with runner as owner and space quota set to -1 bytes, counts quota set to -1
2023-06-02 05:16:31,615 [OM StateMachine ApplyTransaction Thread - 0] INFO  volume.OMVolumeCreateRequest (OMVolumeCreateRequest.java:validateAndUpdateCache(196)) - created volume:1f706158-4d20-4a5d-9da1-489cf20aafcf for user:runner
2023-06-02 05:16:31,617 [main] INFO  rpc.RpcClient (RpcClient.java:createBucket(686)) - Creating Bucket: 1f706158-4d20-4a5d-9da1-489cf20aafcf/ee28d1ff-c81b-43d6-8522-f9b0a717c8a3, with server-side default bucket layout, runner as owner, Versioning false, Storage Type set to DISK and Encryption set to false, Replication Type set to server-side default replication type, Namespace Quota set to -1, Space Quota set to -1 
2023-06-02 05:16:31,619 [OM StateMachine ApplyTransaction Thread - 0] INFO  bucket.OMBucketCreateRequest (OMBucketCreateRequest.java:validateAndUpdateCache(270)) - created bucket: ee28d1ff-c81b-43d6-8522-f9b0a717c8a3 of layout OBJECT_STORE in volume: 1f706158-4d20-4a5d-9da1-489cf20aafcf
]]></system-out>
  </testcase>
  <testcase name="testUploadPartWithNoOverride(ReplicationConfig)[1]" classname="org.apache.hadoop.ozone.client.rpc.TestSecureOzoneRpcClient" time="0.037">
    <system-out><![CDATA[2023-06-02 05:16:31,742 [main] INFO  rpc.RpcClient (RpcClient.java:createVolume(459)) - Creating Volume: f120fcb3-5ae7-4db9-8e97-56ba44848de6, with runner as owner and space quota set to -1 bytes, counts quota set to -1
2023-06-02 05:16:31,747 [OM StateMachine ApplyTransaction Thread - 0] INFO  volume.OMVolumeCreateRequest (OMVolumeCreateRequest.java:validateAndUpdateCache(196)) - created volume:f120fcb3-5ae7-4db9-8e97-56ba44848de6 for user:runner
2023-06-02 05:16:31,749 [main] INFO  rpc.RpcClient (RpcClient.java:createBucket(686)) - Creating Bucket: f120fcb3-5ae7-4db9-8e97-56ba44848de6/ffad482a-a491-4e96-93ea-1d2d754660ea, with server-side default bucket layout, runner as owner, Versioning false, Storage Type set to DISK and Encryption set to false, Replication Type set to server-side default replication type, Namespace Quota set to -1, Space Quota set to -1 
2023-06-02 05:16:31,750 [OM StateMachine ApplyTransaction Thread - 0] INFO  bucket.OMBucketCreateRequest (OMBucketCreateRequest.java:validateAndUpdateCache(270)) - created bucket: ffad482a-a491-4e96-93ea-1d2d754660ea of layout OBJECT_STORE in volume: f120fcb3-5ae7-4db9-8e97-56ba44848de6
]]></system-out>
  </testcase>
  <testcase name="testUploadPartWithNoOverride(ReplicationConfig)[2]" classname="org.apache.hadoop.ozone.client.rpc.TestSecureOzoneRpcClient" time="0.06">
    <system-out><![CDATA[2023-06-02 05:16:31,780 [main] INFO  rpc.RpcClient (RpcClient.java:createVolume(459)) - Creating Volume: 2ed1f07a-2467-4cc9-83a2-18a665ab3708, with runner as owner and space quota set to -1 bytes, counts quota set to -1
2023-06-02 05:16:31,782 [OM StateMachine ApplyTransaction Thread - 0] INFO  volume.OMVolumeCreateRequest (OMVolumeCreateRequest.java:validateAndUpdateCache(196)) - created volume:2ed1f07a-2467-4cc9-83a2-18a665ab3708 for user:runner
2023-06-02 05:16:31,784 [main] INFO  rpc.RpcClient (RpcClient.java:createBucket(686)) - Creating Bucket: 2ed1f07a-2467-4cc9-83a2-18a665ab3708/1fe17d93-5395-473d-bc31-f3edaccb39d3, with server-side default bucket layout, runner as owner, Versioning false, Storage Type set to DISK and Encryption set to false, Replication Type set to server-side default replication type, Namespace Quota set to -1, Space Quota set to -1 
2023-06-02 05:16:31,785 [OM StateMachine ApplyTransaction Thread - 0] INFO  bucket.OMBucketCreateRequest (OMBucketCreateRequest.java:validateAndUpdateCache(270)) - created bucket: 1fe17d93-5395-473d-bc31-f3edaccb39d3 of layout OBJECT_STORE in volume: 2ed1f07a-2467-4cc9-83a2-18a665ab3708
]]></system-out>
  </testcase>
  <testcase name="testUploadPartWithNoOverride(ReplicationConfig)[3]" classname="org.apache.hadoop.ozone.client.rpc.TestSecureOzoneRpcClient" time="0.056">
    <system-out><![CDATA[2023-06-02 05:16:31,846 [main] INFO  rpc.RpcClient (RpcClient.java:createVolume(459)) - Creating Volume: 67df3cd2-ad1d-4d2e-ba31-3bb759608dd9, with runner as owner and space quota set to -1 bytes, counts quota set to -1
2023-06-02 05:16:31,848 [OM StateMachine ApplyTransaction Thread - 0] INFO  volume.OMVolumeCreateRequest (OMVolumeCreateRequest.java:validateAndUpdateCache(196)) - created volume:67df3cd2-ad1d-4d2e-ba31-3bb759608dd9 for user:runner
2023-06-02 05:16:31,850 [main] INFO  rpc.RpcClient (RpcClient.java:createBucket(686)) - Creating Bucket: 67df3cd2-ad1d-4d2e-ba31-3bb759608dd9/af43dde4-ab79-4d4e-8486-69bb88548894, with server-side default bucket layout, runner as owner, Versioning false, Storage Type set to DISK and Encryption set to false, Replication Type set to server-side default replication type, Namespace Quota set to -1, Space Quota set to -1 
2023-06-02 05:16:31,852 [OM StateMachine ApplyTransaction Thread - 0] INFO  bucket.OMBucketCreateRequest (OMBucketCreateRequest.java:validateAndUpdateCache(270)) - created bucket: af43dde4-ab79-4d4e-8486-69bb88548894 of layout OBJECT_STORE in volume: 67df3cd2-ad1d-4d2e-ba31-3bb759608dd9
]]></system-out>
  </testcase>
  <testcase name="testUsedBytesWithUploadPart" classname="org.apache.hadoop.ozone.client.rpc.TestSecureOzoneRpcClient" time="0.345">
    <system-out><![CDATA[2023-06-02 05:16:32,064 [main] INFO  rpc.RpcClient (RpcClient.java:createVolume(459)) - Creating Volume: 9a2c98c7-fb52-4fd0-b6c8-eaa0d1476350, with runner as owner and space quota set to -1 bytes, counts quota set to -1
2023-06-02 05:16:32,071 [OM StateMachine ApplyTransaction Thread - 0] INFO  volume.OMVolumeCreateRequest (OMVolumeCreateRequest.java:validateAndUpdateCache(196)) - created volume:9a2c98c7-fb52-4fd0-b6c8-eaa0d1476350 for user:runner
2023-06-02 05:16:32,072 [main] INFO  rpc.RpcClient (RpcClient.java:createBucket(686)) - Creating Bucket: 9a2c98c7-fb52-4fd0-b6c8-eaa0d1476350/a85d8767-71bf-4413-99dd-05a4aa219c56, with server-side default bucket layout, runner as owner, Versioning false, Storage Type set to DISK and Encryption set to false, Replication Type set to server-side default replication type, Namespace Quota set to -1, Space Quota set to -1 
2023-06-02 05:16:32,074 [OM StateMachine ApplyTransaction Thread - 0] INFO  bucket.OMBucketCreateRequest (OMBucketCreateRequest.java:validateAndUpdateCache(270)) - created bucket: a85d8767-71bf-4413-99dd-05a4aa219c56 of layout OBJECT_STORE in volume: 9a2c98c7-fb52-4fd0-b6c8-eaa0d1476350
]]></system-out>
  </testcase>
  <testcase name="testValidateBlockLengthWithCommitKey" classname="org.apache.hadoop.ozone.client.rpc.TestSecureOzoneRpcClient" time="0.028">
    <system-out><![CDATA[2023-06-02 05:16:32,248 [main] INFO  rpc.RpcClient (RpcClient.java:createVolume(459)) - Creating Volume: dc7be4fd-3983-42d6-adb9-8128b054f024, with runner as owner and space quota set to -1 bytes, counts quota set to -1
2023-06-02 05:16:32,250 [OM StateMachine ApplyTransaction Thread - 0] INFO  volume.OMVolumeCreateRequest (OMVolumeCreateRequest.java:validateAndUpdateCache(196)) - created volume:dc7be4fd-3983-42d6-adb9-8128b054f024 for user:runner
2023-06-02 05:16:32,252 [main] INFO  rpc.RpcClient (RpcClient.java:createBucket(686)) - Creating Bucket: dc7be4fd-3983-42d6-adb9-8128b054f024/f4391bf2-ed04-4af3-acbe-15e1f4d47872, with server-side default bucket layout, runner as owner, Versioning false, Storage Type set to DISK and Encryption set to false, Replication Type set to server-side default replication type, Namespace Quota set to -1, Space Quota set to -1 
2023-06-02 05:16:32,254 [OM StateMachine ApplyTransaction Thread - 0] INFO  bucket.OMBucketCreateRequest (OMBucketCreateRequest.java:validateAndUpdateCache(270)) - created bucket: f4391bf2-ed04-4af3-acbe-15e1f4d47872 of layout OBJECT_STORE in volume: dc7be4fd-3983-42d6-adb9-8128b054f024
]]></system-out>
  </testcase>
  <testcase name="testVolumeSetOwner" classname="org.apache.hadoop.ozone.client.rpc.TestSecureOzoneRpcClient" time="0.01">
    <system-out><![CDATA[2023-06-02 05:16:32,276 [main] INFO  rpc.RpcClient (RpcClient.java:createVolume(459)) - Creating Volume: 0e5e7c04-859f-4400-a040-e8665c976072, with runner as owner and space quota set to -1 bytes, counts quota set to -1
2023-06-02 05:16:32,278 [OM StateMachine ApplyTransaction Thread - 0] INFO  volume.OMVolumeCreateRequest (OMVolumeCreateRequest.java:validateAndUpdateCache(196)) - created volume:0e5e7c04-859f-4400-a040-e8665c976072 for user:runner
2023-06-02 05:16:32,284 [OM StateMachine ApplyTransaction Thread - 0] WARN  volume.OMVolumeSetOwnerRequest (OMVolumeSetOwnerRequest.java:validateAndUpdateCache(132)) - Volume '0e5e7c04-859f-4400-a040-e8665c976072' owner is already user 'someRandomUser1'.
]]></system-out>
  </testcase>
  <testcase name="testVolumeUsedNamespace" classname="org.apache.hadoop.ozone.client.rpc.TestSecureOzoneRpcClient" time="0.027">
    <system-out><![CDATA[2023-06-02 05:16:32,286 [main] INFO  rpc.RpcClient (RpcClient.java:createVolume(459)) - Creating Volume: 1bd6f0fc-2699-4e30-8e8c-57084ac37c2b, with runner as owner and space quota set to -1 bytes, counts quota set to 1
2023-06-02 05:16:32,287 [OM StateMachine ApplyTransaction Thread - 0] INFO  volume.OMVolumeCreateRequest (OMVolumeCreateRequest.java:validateAndUpdateCache(196)) - created volume:1bd6f0fc-2699-4e30-8e8c-57084ac37c2b for user:runner
2023-06-02 05:16:32,289 [main] INFO  rpc.RpcClient (RpcClient.java:createBucket(686)) - Creating Bucket: 1bd6f0fc-2699-4e30-8e8c-57084ac37c2b/1d17ef77-f676-40fe-8c26-84650b9556e6, with server-side default bucket layout, runner as owner, Versioning false, Storage Type set to DISK and Encryption set to false, Replication Type set to server-side default replication type, Namespace Quota set to -1, Space Quota set to -1 
2023-06-02 05:16:32,290 [OM StateMachine ApplyTransaction Thread - 0] INFO  bucket.OMBucketCreateRequest (OMBucketCreateRequest.java:validateAndUpdateCache(270)) - created bucket: 1d17ef77-f676-40fe-8c26-84650b9556e6 of layout OBJECT_STORE in volume: 1bd6f0fc-2699-4e30-8e8c-57084ac37c2b
2023-06-02 05:16:32,293 [main] INFO  rpc.RpcClient (RpcClient.java:createBucket(686)) - Creating Bucket: 1bd6f0fc-2699-4e30-8e8c-57084ac37c2b/5c710b66-6b5f-44f6-8bab-bb1dff284e16, with server-side default bucket layout, runner as owner, Versioning false, Storage Type set to DISK and Encryption set to false, Replication Type set to server-side default replication type, Namespace Quota set to -1, Space Quota set to -1 
05:16:32.298 [OM StateMachine ApplyTransaction Thread - 0] ERROR OMAudit - user=runner | ip=127.0.0.1 | op=CREATE_BUCKET {volume=1bd6f0fc-2699-4e30-8e8c-57084ac37c2b, bucket=5c710b66-6b5f-44f6-8bab-bb1dff284e16, bucketLayout=OBJECT_STORE, gdprEnabled=null, acls=[user:runner:a[ACCESS], group:docker:a[ACCESS], group:adm:a[ACCESS], group:systemd-journal:a[ACCESS]], isVersionEnabled=false, storageType=DISK, creationTime=1685682992293, bucketEncryptionKey=null, modificationTime=1685682992293, usedBytes=0, usedNamespace=0} | ret=FAILURE
org.apache.hadoop.ozone.om.exceptions.OMException: The namespace quota of Volume:1bd6f0fc-2699-4e30-8e8c-57084ac37c2b exceeded: quotaInNamespace: 1 but namespace consumed: 2.
	at org.apache.hadoop.ozone.om.request.bucket.OMBucketCreateRequest.checkQuotaInNamespace(OMBucketCreateRequest.java:357) ~[ozone-manager-1.4.0-SNAPSHOT.jar:?]
	at org.apache.hadoop.ozone.om.request.bucket.OMBucketCreateRequest.validateAndUpdateCache(OMBucketCreateRequest.java:233) ~[ozone-manager-1.4.0-SNAPSHOT.jar:?]
	at org.apache.hadoop.ozone.protocolPB.OzoneManagerRequestHandler.handleWriteRequest(OzoneManagerRequestHandler.java:338) ~[ozone-manager-1.4.0-SNAPSHOT.jar:?]
	at org.apache.hadoop.ozone.om.ratis.OzoneManagerStateMachine.runCommand(OzoneManagerStateMachine.java:567) ~[ozone-manager-1.4.0-SNAPSHOT.jar:?]
	at org.apache.hadoop.ozone.om.ratis.OzoneManagerStateMachine.lambda$1(OzoneManagerStateMachine.java:358) ~[ozone-manager-1.4.0-SNAPSHOT.jar:?]
	at java.util.concurrent.CompletableFuture$AsyncSupply.run(CompletableFuture.java:1604) [?:1.8.0_372]
	at java.util.concurrent.ThreadPoolExecutor.runWorker(ThreadPoolExecutor.java:1149) [?:1.8.0_372]
	at java.util.concurrent.ThreadPoolExecutor$Worker.run(ThreadPoolExecutor.java:624) [?:1.8.0_372]
	at java.lang.Thread.run(Thread.java:750) [?:1.8.0_372]
2023-06-02 05:16:32,298 [OM StateMachine ApplyTransaction Thread - 0] ERROR bucket.OMBucketCreateRequest (OMBucketCreateRequest.java:validateAndUpdateCache(282)) - Bucket creation failed for bucket:5c710b66-6b5f-44f6-8bab-bb1dff284e16 in volume:1bd6f0fc-2699-4e30-8e8c-57084ac37c2b
QUOTA_EXCEEDED org.apache.hadoop.ozone.om.exceptions.OMException: The namespace quota of Volume:1bd6f0fc-2699-4e30-8e8c-57084ac37c2b exceeded: quotaInNamespace: 1 but namespace consumed: 2.
	at org.apache.hadoop.ozone.om.request.bucket.OMBucketCreateRequest.checkQuotaInNamespace(OMBucketCreateRequest.java:357)
	at org.apache.hadoop.ozone.om.request.bucket.OMBucketCreateRequest.validateAndUpdateCache(OMBucketCreateRequest.java:233)
	at org.apache.hadoop.ozone.protocolPB.OzoneManagerRequestHandler.handleWriteRequest(OzoneManagerRequestHandler.java:338)
	at org.apache.hadoop.ozone.om.ratis.OzoneManagerStateMachine.runCommand(OzoneManagerStateMachine.java:567)
	at org.apache.hadoop.ozone.om.ratis.OzoneManagerStateMachine.lambda$1(OzoneManagerStateMachine.java:358)
	at java.util.concurrent.CompletableFuture$AsyncSupply.run(CompletableFuture.java:1604)
	at java.util.concurrent.ThreadPoolExecutor.runWorker(ThreadPoolExecutor.java:1149)
	at java.util.concurrent.ThreadPoolExecutor$Worker.run(ThreadPoolExecutor.java:624)
	at java.lang.Thread.run(Thread.java:750)
2023-06-02 05:16:32,299 [main] INFO  rpc.RpcClient (RpcClient.java:createVolume(459)) - Creating Volume: 7081ab85-4789-40dc-b95f-5f0b736db98f, with runner as owner and space quota set to -1 bytes, counts quota set to -1
2023-06-02 05:16:32,301 [OM StateMachine ApplyTransaction Thread - 0] INFO  volume.OMVolumeCreateRequest (OMVolumeCreateRequest.java:validateAndUpdateCache(196)) - created volume:7081ab85-4789-40dc-b95f-5f0b736db98f for user:runner
2023-06-02 05:16:32,302 [main] INFO  rpc.RpcClient (RpcClient.java:createBucket(686)) - Creating Bucket: 7081ab85-4789-40dc-b95f-5f0b736db98f/1b84c7d4-49ab-4c0e-8d97-5d0785a39854, with server-side default bucket layout, runner as owner, Versioning false, Storage Type set to DISK and Encryption set to false, Replication Type set to server-side default replication type, Namespace Quota set to -1, Space Quota set to -1 
2023-06-02 05:16:32,304 [OM StateMachine ApplyTransaction Thread - 0] INFO  bucket.OMBucketCreateRequest (OMBucketCreateRequest.java:validateAndUpdateCache(270)) - created bucket: 1b84c7d4-49ab-4c0e-8d97-5d0785a39854 of layout OBJECT_STORE in volume: 7081ab85-4789-40dc-b95f-5f0b736db98f
]]></system-out>
  </testcase>
  <testcase name="testZReadKeyWithUnhealthyContainerReplica" classname="org.apache.hadoop.ozone.client.rpc.TestSecureOzoneRpcClient" time="0.001"/>
</testsuite>