<?xml version="1.0" encoding="UTF-8"?>
<testsuite xmlns:xsi="http://www.w3.org/2001/XMLSchema-instance" xsi:noNamespaceSchemaLocation="https://maven.apache.org/surefire/maven-surefire-plugin/xsd/surefire-test-report.xsd" name="org.apache.hadoop.ozone.client.rpc.Test2WayCommitInRatis" time="100.455" tests="1" errors="1" skipped="0" failures="0">
  <properties>
    <property name="awt.toolkit" value="sun.awt.X11.XToolkit"/>
    <property name="file.encoding.pkg" value="sun.io"/>
    <property name="java.specification.version" value="1.8"/>
    <property name="sun.cpu.isalist" value=""/>
    <property name="sun.jnu.encoding" value="ANSI_X3.4-1968"/>
    <property name="java.class.path" value="/github/workspace/hadoop-ozone/integration-test/target/test-classes:/github/workspace/hadoop-ozone/integration-test/target/classes:/home/user/.m2/repository/org/apache/hadoop/hadoop-ozone-common/0.6.0-SNAPSHOT/hadoop-ozone-common-0.6.0-SNAPSHOT.jar:/home/user/.m2/repository/org/apache/commons/commons-compress/1.4.1/commons-compress-1.4.1.jar:/home/user/.m2/repository/org/tukaani/xz/1.0/xz-1.0.jar:/home/user/.m2/repository/org/apache/hadoop/hadoop-common/3.2.0/hadoop-common-3.2.0.jar:/home/user/.m2/repository/org/apache/hadoop/hadoop-hdfs/3.2.0/hadoop-hdfs-3.2.0.jar:/home/user/.m2/repository/org/apache/hadoop/hadoop-hdfs-client/3.2.0/hadoop-hdfs-client-3.2.0.jar:/home/user/.m2/repository/com/fasterxml/jackson/core/jackson-annotations/2.10.3/jackson-annotations-2.10.3.jar:/home/user/.m2/repository/org/apache/hadoop/hadoop-hdds-common/0.6.0-SNAPSHOT/hadoop-hdds-common-0.6.0-SNAPSHOT.jar:/home/user/.m2/repository/info/picocli/picocli/3.9.6/picocli-3.9.6.jar:/home/user/.m2/repository/javax/annotation/javax.annotation-api/1.2/javax.annotation-api-1.2.jar:/home/user/.m2/repository/org/apache/ratis/ratis-server/0.6.0-7c5b30d-SNAPSHOT/ratis-server-0.6.0-7c5b30d-SNAPSHOT.jar:/home/user/.m2/repository/org/apache/ratis/ratis-thirdparty-misc/0.3.0/ratis-thirdparty-misc-0.3.0.jar:/home/user/.m2/repository/org/apache/ratis/ratis-proto/0.6.0-7c5b30d-SNAPSHOT/ratis-proto-0.6.0-7c5b30d-SNAPSHOT.jar:/home/user/.m2/repository/org/apache/ratis/ratis-common/0.6.0-7c5b30d-SNAPSHOT/ratis-common-0.6.0-7c5b30d-SNAPSHOT.jar:/home/user/.m2/repository/org/apache/ratis/ratis-client/0.6.0-7c5b30d-SNAPSHOT/ratis-client-0.6.0-7c5b30d-SNAPSHOT.jar:/home/user/.m2/repository/org/apache/ratis/ratis-metrics/0.6.0-7c5b30d-SNAPSHOT/ratis-metrics-0.6.0-7c5b30d-SNAPSHOT.jar:/home/user/.m2/repository/org/apache/ratis/ratis-netty/0.6.0-7c5b30d-SNAPSHOT/ratis-netty-0.6.0-7c5b30d-SNAPSHOT.jar:/home/user/.m2/repository/org/apache/ratis/ratis-grpc/0.6.0-7c5b30d-SNAPSHOT/ratis-grpc-0.6.0-7c5b30d-SNAPSHOT.jar:/home/user/.m2/repository/org/rocksdb/rocksdbjni/6.6.4/rocksdbjni-6.6.4.jar:/home/user/.m2/repository/org/apache/logging/log4j/log4j-api/2.11.0/log4j-api-2.11.0.jar:/home/user/.m2/repository/org/apache/logging/log4j/log4j-core/2.11.0/log4j-core-2.11.0.jar:/home/user/.m2/repository/com/lmax/disruptor/3.4.2/disruptor-3.4.2.jar:/home/user/.m2/repository/org/apache/commons/commons-pool2/2.6.0/commons-pool2-2.6.0.jar:/home/user/.m2/repository/org/bouncycastle/bcpkix-jdk15on/1.60/bcpkix-jdk15on-1.60.jar:/home/user/.m2/repository/commons-validator/commons-validator/1.6/commons-validator-1.6.jar:/home/user/.m2/repository/commons-digester/commons-digester/1.8.1/commons-digester-1.8.1.jar:/home/user/.m2/repository/io/jaegertracing/jaeger-client/0.34.0/jaeger-client-0.34.0.jar:/home/user/.m2/repository/io/jaegertracing/jaeger-thrift/0.34.0/jaeger-thrift-0.34.0.jar:/home/user/.m2/repository/org/apache/thrift/libthrift/0.12.0/libthrift-0.12.0.jar:/home/user/.m2/repository/com/squareup/okhttp3/okhttp/3.9.0/okhttp-3.9.0.jar:/home/user/.m2/repository/com/squareup/okio/okio/1.13.0/okio-1.13.0.jar:/home/user/.m2/repository/io/jaegertracing/jaeger-core/0.34.0/jaeger-core-0.34.0.jar:/home/user/.m2/repository/io/jaegertracing/jaeger-tracerresolver/0.34.0/jaeger-tracerresolver-0.34.0.jar:/home/user/.m2/repository/io/opentracing/contrib/opentracing-tracerresolver/0.1.5/opentracing-tracerresolver-0.1.5.jar:/home/user/.m2/repository/io/opentracing/opentracing-util/0.31.0/opentracing-util-0.31.0.jar:/home/user/.m2/repository/io/opentracing/opentracing-api/0.31.0/opentracing-api-0.31.0.jar:/home/user/.m2/repository/io/opentracing/opentracing-noop/0.31.0/opentracing-noop-0.31.0.jar:/home/user/.m2/repository/com/fasterxml/jackson/datatype/jackson-datatype-jsr310/2.10.3/jackson-datatype-jsr310-2.10.3.jar:/home/user/.m2/repository/org/apache/hadoop/hadoop-hdds-client/0.6.0-SNAPSHOT/hadoop-hdds-client-0.6.0-SNAPSHOT.jar:/home/user/.m2/repository/org/apache/hadoop/hadoop-hdds-tools/0.6.0-SNAPSHOT/hadoop-hdds-tools-0.6.0-SNAPSHOT.jar:/home/user/.m2/repository/org/apache/ratis/ratis-tools/0.6.0-7c5b30d-SNAPSHOT/ratis-tools-0.6.0-7c5b30d-SNAPSHOT.jar:/home/user/.m2/repository/org/apache/hadoop/hadoop-hdds-server-scm/0.6.0-SNAPSHOT/hadoop-hdds-server-scm-0.6.0-SNAPSHOT.jar:/home/user/.m2/repository/org/apache/hadoop/hadoop-hdds-container-service/0.6.0-SNAPSHOT/hadoop-hdds-container-service-0.6.0-SNAPSHOT.jar:/home/user/.m2/repository/org/apache/hadoop/hadoop-hdds-server-framework/0.6.0-SNAPSHOT/hadoop-hdds-server-framework-0.6.0-SNAPSHOT.jar:/home/user/.m2/repository/io/prometheus/simpleclient_dropwizard/0.7.0/simpleclient_dropwizard-0.7.0.jar:/home/user/.m2/repository/io/prometheus/simpleclient/0.7.0/simpleclient-0.7.0.jar:/home/user/.m2/repository/io/prometheus/simpleclient_common/0.7.0/simpleclient_common-0.7.0.jar:/home/user/.m2/repository/org/apache/hadoop/hadoop-hdds-docs/0.6.0-SNAPSHOT/hadoop-hdds-docs-0.6.0-SNAPSHOT.jar:/home/user/.m2/repository/io/dropwizard/metrics/metrics-core/3.2.4/metrics-core-3.2.4.jar:/home/user/.m2/repository/org/bouncycastle/bcprov-jdk15on/1.60/bcprov-jdk15on-1.60.jar:/home/user/.m2/repository/org/apache/hadoop/hadoop-ozone-ozone-manager/0.6.0-SNAPSHOT/hadoop-ozone-ozone-manager-0.6.0-SNAPSHOT.jar:/home/user/.m2/repository/org/apache/hadoop/hadoop-minikdc/3.2.0/hadoop-minikdc-3.2.0.jar:/home/user/.m2/repository/commons-io/commons-io/2.5/commons-io-2.5.jar:/home/user/.m2/repository/org/apache/kerby/kerb-simplekdc/1.0.1/kerb-simplekdc-1.0.1.jar:/home/user/.m2/repository/org/apache/kerby/kerb-client/1.0.1/kerb-client-1.0.1.jar:/home/user/.m2/repository/org/apache/kerby/kerby-config/1.0.1/kerby-config-1.0.1.jar:/home/user/.m2/repository/org/apache/kerby/kerb-core/1.0.1/kerb-core-1.0.1.jar:/home/user/.m2/repository/org/apache/kerby/kerby-pkix/1.0.1/kerby-pkix-1.0.1.jar:/home/user/.m2/repository/org/apache/kerby/kerby-asn1/1.0.1/kerby-asn1-1.0.1.jar:/home/user/.m2/repository/org/apache/kerby/kerby-util/1.0.1/kerby-util-1.0.1.jar:/home/user/.m2/repository/org/apache/kerby/kerb-common/1.0.1/kerb-common-1.0.1.jar:/home/user/.m2/repository/org/apache/kerby/kerb-crypto/1.0.1/kerb-crypto-1.0.1.jar:/home/user/.m2/repository/org/apache/kerby/kerb-util/1.0.1/kerb-util-1.0.1.jar:/home/user/.m2/repository/org/apache/kerby/token-provider/1.0.1/token-provider-1.0.1.jar:/home/user/.m2/repository/org/apache/kerby/kerb-admin/1.0.1/kerb-admin-1.0.1.jar:/home/user/.m2/repository/org/apache/kerby/kerb-server/1.0.1/kerb-server-1.0.1.jar:/home/user/.m2/repository/org/apache/kerby/kerb-identity/1.0.1/kerb-identity-1.0.1.jar:/home/user/.m2/repository/org/apache/kerby/kerby-xdr/1.0.1/kerby-xdr-1.0.1.jar:/home/user/.m2/repository/org/slf4j/slf4j-log4j12/1.7.25/slf4j-log4j12-1.7.25.jar:/home/user/.m2/repository/org/apache/hadoop/hadoop-ozone-s3gateway/0.6.0-SNAPSHOT/hadoop-ozone-s3gateway-0.6.0-SNAPSHOT.jar:/home/user/.m2/repository/org/jboss/weld/servlet/weld-servlet/2.4.7.Final/weld-servlet-2.4.7.Final.jar:/home/user/.m2/repository/org/glassfish/jersey/containers/jersey-container-servlet-core/2.27/jersey-container-servlet-core-2.27.jar:/home/user/.m2/repository/org/glassfish/hk2/external/javax.inject/2.5.0-b42/javax.inject-2.5.0-b42.jar:/home/user/.m2/repository/org/glassfish/jersey/core/jersey-common/2.27/jersey-common-2.27.jar:/home/user/.m2/repository/org/glassfish/hk2/osgi-resource-locator/1.0.1/osgi-resource-locator-1.0.1.jar:/home/user/.m2/repository/javax/ws/rs/javax.ws.rs-api/2.1/javax.ws.rs-api-2.1.jar:/home/user/.m2/repository/org/glassfish/jersey/ext/cdi/jersey-cdi1x/2.27/jersey-cdi1x-2.27.jar:/home/user/.m2/repository/org/glassfish/jersey/inject/jersey-hk2/2.27/jersey-hk2-2.27.jar:/home/user/.m2/repository/org/glassfish/hk2/hk2-locator/2.5.0-b42/hk2-locator-2.5.0-b42.jar:/home/user/.m2/repository/org/javassist/javassist/3.22.0-CR2/javassist-3.22.0-CR2.jar:/home/user/.m2/repository/org/glassfish/hk2/hk2-api/2.5.0/hk2-api-2.5.0.jar:/home/user/.m2/repository/org/glassfish/hk2/external/jakarta.inject/2.5.0/jakarta.inject-2.5.0.jar:/home/user/.m2/repository/org/glassfish/hk2/hk2-utils/2.5.0/hk2-utils-2.5.0.jar:/home/user/.m2/repository/jakarta/annotation/jakarta.annotation-api/1.3.4/jakarta.annotation-api-1.3.4.jar:/home/user/.m2/repository/org/glassfish/hk2/external/aopalliance-repackaged/2.5.0/aopalliance-repackaged-2.5.0.jar:/home/user/.m2/repository/com/fasterxml/jackson/dataformat/jackson-dataformat-xml/2.9.0/jackson-dataformat-xml-2.9.0.jar:/home/user/.m2/repository/com/fasterxml/jackson/core/jackson-core/2.10.3/jackson-core-2.10.3.jar:/home/user/.m2/repository/com/fasterxml/jackson/module/jackson-module-jaxb-annotations/2.10.3/jackson-module-jaxb-annotations-2.10.3.jar:/home/user/.m2/repository/jakarta/xml/bind/jakarta.xml.bind-api/2.3.2/jakarta.xml.bind-api-2.3.2.jar:/home/user/.m2/repository/jakarta/activation/jakarta.activation-api/1.2.1/jakarta.activation-api-1.2.1.jar:/home/user/.m2/repository/javax/enterprise/cdi-api/1.2/cdi-api-1.2.jar:/home/user/.m2/repository/javax/el/javax.el-api/3.0.0/javax.el-api-3.0.0.jar:/home/user/.m2/repository/javax/interceptor/javax.interceptor-api/1.2/javax.interceptor-api-1.2.jar:/home/user/.m2/repository/javax/inject/javax.inject/1/javax.inject-1.jar:/home/user/.m2/repository/com/sun/xml/bind/jaxb-impl/2.3.0.1/jaxb-impl-2.3.0.1.jar:/home/user/.m2/repository/com/sun/xml/bind/jaxb-core/2.3.0.1/jaxb-core-2.3.0.1.jar:/home/user/.m2/repository/javax/xml/bind/jaxb-api/2.3.0/jaxb-api-2.3.0.jar:/home/user/.m2/repository/javax/activation/activation/1.1.1/activation-1.1.1.jar:/home/user/.m2/repository/org/apache/hadoop/hadoop-ozone-csi/0.6.0-SNAPSHOT/hadoop-ozone-csi-0.6.0-SNAPSHOT.jar:/home/user/.m2/repository/com/google/protobuf/protobuf-java-util/3.5.1/protobuf-java-util-3.5.1.jar:/home/user/.m2/repository/org/apache/hadoop/hadoop-hdds-config/0.6.0-SNAPSHOT/hadoop-hdds-config-0.6.0-SNAPSHOT.jar:/home/user/.m2/repository/com/google/guava/guava/28.2-jre/guava-28.2-jre.jar:/home/user/.m2/repository/com/google/guava/failureaccess/1.0.1/failureaccess-1.0.1.jar:/home/user/.m2/repository/com/google/guava/listenablefuture/9999.0-empty-to-avoid-conflict-with-guava/listenablefuture-9999.0-empty-to-avoid-conflict-with-guava.jar:/home/user/.m2/repository/org/checkerframework/checker-qual/2.10.0/checker-qual-2.10.0.jar:/home/user/.m2/repository/com/google/errorprone/error_prone_annotations/2.3.4/error_prone_annotations-2.3.4.jar:/home/user/.m2/repository/com/google/j2objc/j2objc-annotations/1.3/j2objc-annotations-1.3.jar:/home/user/.m2/repository/com/google/protobuf/protobuf-java/2.5.0/protobuf-java-2.5.0.jar:/home/user/.m2/repository/io/grpc/grpc-netty/1.17.1/grpc-netty-1.17.1.jar:/home/user/.m2/repository/io/grpc/grpc-core/1.17.1/grpc-core-1.17.1.jar:/home/user/.m2/repository/io/grpc/grpc-context/1.17.1/grpc-context-1.17.1.jar:/home/user/.m2/repository/org/codehaus/mojo/animal-sniffer-annotations/1.17/animal-sniffer-annotations-1.17.jar:/home/user/.m2/repository/io/opencensus/opencensus-api/0.17.0/opencensus-api-0.17.0.jar:/home/user/.m2/repository/io/opencensus/opencensus-contrib-grpc-metrics/0.17.0/opencensus-contrib-grpc-metrics-0.17.0.jar:/home/user/.m2/repository/io/netty/netty-codec-http2/4.1.30.Final/netty-codec-http2-4.1.30.Final.jar:/home/user/.m2/repository/io/netty/netty-codec-http/4.1.30.Final/netty-codec-http-4.1.30.Final.jar:/home/user/.m2/repository/io/netty/netty-codec/4.1.30.Final/netty-codec-4.1.30.Final.jar:/home/user/.m2/repository/io/netty/netty-handler/4.1.30.Final/netty-handler-4.1.30.Final.jar:/home/user/.m2/repository/io/netty/netty-handler-proxy/4.1.30.Final/netty-handler-proxy-4.1.30.Final.jar:/home/user/.m2/repository/io/netty/netty-codec-socks/4.1.30.Final/netty-codec-socks-4.1.30.Final.jar:/home/user/.m2/repository/io/netty/netty-transport-native-epoll/4.1.30.Final/netty-transport-native-epoll-4.1.30.Final.jar:/home/user/.m2/repository/io/netty/netty-common/4.1.30.Final/netty-common-4.1.30.Final.jar:/home/user/.m2/repository/io/netty/netty-buffer/4.1.30.Final/netty-buffer-4.1.30.Final.jar:/home/user/.m2/repository/io/netty/netty-transport/4.1.30.Final/netty-transport-4.1.30.Final.jar:/home/user/.m2/repository/io/netty/netty-resolver/4.1.30.Final/netty-resolver-4.1.30.Final.jar:/home/user/.m2/repository/io/netty/netty-transport-native-unix-common/4.1.30.Final/netty-transport-native-unix-common-4.1.30.Final.jar:/home/user/.m2/repository/io/grpc/grpc-protobuf/1.17.1/grpc-protobuf-1.17.1.jar:/home/user/.m2/repository/com/google/api/grpc/proto-google-common-protos/1.0.0/proto-google-common-protos-1.0.0.jar:/home/user/.m2/repository/io/grpc/grpc-protobuf-lite/1.17.1/grpc-protobuf-lite-1.17.1.jar:/home/user/.m2/repository/io/grpc/grpc-stub/1.17.1/grpc-stub-1.17.1.jar:/home/user/.m2/repository/org/apache/hadoop/hadoop-ozone-recon/0.6.0-SNAPSHOT/hadoop-ozone-recon-0.6.0-SNAPSHOT.jar:/home/user/.m2/repository/org/apache/hadoop/hadoop-ozone-reconcodegen/0.6.0-SNAPSHOT/hadoop-ozone-reconcodegen-0.6.0-SNAPSHOT.jar:/home/user/.m2/repository/com/google/inject/extensions/guice-multibindings/4.0/guice-multibindings-4.0.jar:/home/user/.m2/repository/com/google/inject/guice/4.0/guice-4.0.jar:/home/user/.m2/repository/aopalliance/aopalliance/1.0/aopalliance-1.0.jar:/home/user/.m2/repository/com/google/inject/extensions/guice-servlet/4.0/guice-servlet-4.0.jar:/home/user/.m2/repository/org/glassfish/jersey/containers/jersey-container-servlet/2.27/jersey-container-servlet-2.27.jar:/home/user/.m2/repository/org/glassfish/hk2/guice-bridge/2.5.0/guice-bridge-2.5.0.jar:/home/user/.m2/repository/org/glassfish/jersey/core/jersey-server/2.27/jersey-server-2.27.jar:/home/user/.m2/repository/org/glassfish/jersey/core/jersey-client/2.27/jersey-client-2.27.jar:/home/user/.m2/repository/org/glassfish/jersey/media/jersey-media-jaxb/2.27/jersey-media-jaxb-2.27.jar:/home/user/.m2/repository/javax/validation/validation-api/1.1.0.Final/validation-api-1.1.0.Final.jar:/home/user/.m2/repository/org/glassfish/jersey/media/jersey-media-json-jackson/2.27/jersey-media-json-jackson-2.27.jar:/home/user/.m2/repository/org/glassfish/jersey/ext/jersey-entity-filtering/2.27/jersey-entity-filtering-2.27.jar:/home/user/.m2/repository/com/google/inject/extensions/guice-assistedinject/4.0/guice-assistedinject-4.0.jar:/home/user/.m2/repository/org/jooq/jooq/3.11.10/jooq-3.11.10.jar:/home/user/.m2/repository/org/jooq/jooq-meta/3.11.10/jooq-meta-3.11.10.jar:/home/user/.m2/repository/org/jooq/jooq-codegen/3.11.10/jooq-codegen-3.11.10.jar:/home/user/.m2/repository/com/jolbox/bonecp/0.8.0.RELEASE/bonecp-0.8.0.RELEASE.jar:/home/user/.m2/repository/org/xerial/sqlite-jdbc/3.25.2/sqlite-jdbc-3.25.2.jar:/home/user/.m2/repository/org/springframework/spring-jdbc/5.1.3.RELEASE/spring-jdbc-5.1.3.RELEASE.jar:/home/user/.m2/repository/org/springframework/spring-beans/5.1.3.RELEASE/spring-beans-5.1.3.RELEASE.jar:/home/user/.m2/repository/org/springframework/spring-core/5.1.3.RELEASE/spring-core-5.1.3.RELEASE.jar:/home/user/.m2/repository/org/springframework/spring-jcl/5.1.3.RELEASE/spring-jcl-5.1.3.RELEASE.jar:/home/user/.m2/repository/org/springframework/spring-tx/5.1.3.RELEASE/spring-tx-5.1.3.RELEASE.jar:/home/user/.m2/repository/org/apache/hadoop/hadoop-ozone-client/0.6.0-SNAPSHOT/hadoop-ozone-client-0.6.0-SNAPSHOT.jar:/home/user/.m2/repository/org/apache/hadoop/hadoop-ozone-filesystem/0.6.0-SNAPSHOT/hadoop-ozone-filesystem-0.6.0-SNAPSHOT.jar:/home/user/.m2/repository/org/apache/httpcomponents/httpclient/4.5.2/httpclient-4.5.2.jar:/home/user/.m2/repository/org/apache/httpcomponents/httpcore/4.4.4/httpcore-4.4.4.jar:/home/user/.m2/repository/org/apache/hadoop/hadoop-ozone-tools/0.6.0-SNAPSHOT/hadoop-ozone-tools-0.6.0-SNAPSHOT.jar:/home/user/.m2/repository/com/amazonaws/aws-java-sdk-s3/1.11.615/aws-java-sdk-s3-1.11.615.jar:/home/user/.m2/repository/com/amazonaws/aws-java-sdk-kms/1.11.615/aws-java-sdk-kms-1.11.615.jar:/home/user/.m2/repository/com/amazonaws/aws-java-sdk-core/1.11.615/aws-java-sdk-core-1.11.615.jar:/home/user/.m2/repository/software/amazon/ion/ion-java/1.0.2/ion-java-1.0.2.jar:/home/user/.m2/repository/com/fasterxml/jackson/dataformat/jackson-dataformat-cbor/2.10.3/jackson-dataformat-cbor-2.10.3.jar:/home/user/.m2/repository/joda-time/joda-time/2.9.9/joda-time-2.9.9.jar:/home/user/.m2/repository/com/amazonaws/jmespath-java/1.11.615/jmespath-java-1.11.615.jar:/home/user/.m2/repository/commons-lang/commons-lang/2.6/commons-lang-2.6.jar:/home/user/.m2/repository/org/apache/hadoop/hadoop-ozone-ozone-manager/0.6.0-SNAPSHOT/hadoop-ozone-ozone-manager-0.6.0-SNAPSHOT-tests.jar:/home/user/.m2/repository/junit/junit/4.11/junit-4.11.jar:/home/user/.m2/repository/org/hamcrest/hamcrest-core/1.3/hamcrest-core-1.3.jar:/home/user/.m2/repository/org/openjdk/jmh/jmh-core/1.19/jmh-core-1.19.jar:/home/user/.m2/repository/net/sf/jopt-simple/jopt-simple/4.6/jopt-simple-4.6.jar:/home/user/.m2/repository/org/apache/commons/commons-math3/3.1.1/commons-math3-3.1.1.jar:/home/user/.m2/repository/org/openjdk/jmh/jmh-generator-annprocess/1.19/jmh-generator-annprocess-1.19.jar:/home/user/.m2/repository/org/mockito/mockito-all/1.8.5/mockito-all-1.8.5.jar:/home/user/.m2/repository/org/apache/hadoop/hadoop-kms/3.2.0/hadoop-kms-3.2.0.jar:/home/user/.m2/repository/org/apache/hadoop/hadoop-auth/3.2.0/hadoop-auth-3.2.0.jar:/home/user/.m2/repository/com/nimbusds/nimbus-jose-jwt/7.9/nimbus-jose-jwt-7.9.jar:/home/user/.m2/repository/com/github/stephenc/jcip/jcip-annotations/1.0-1/jcip-annotations-1.0-1.jar:/home/user/.m2/repository/net/minidev/json-smart/2.3/json-smart-2.3.jar:/home/user/.m2/repository/net/minidev/accessors-smart/1.2/accessors-smart-1.2.jar:/home/user/.m2/repository/org/ow2/asm/asm/5.0.4/asm-5.0.4.jar:/home/user/.m2/repository/org/apache/curator/curator-framework/2.12.0/curator-framework-2.12.0.jar:/home/user/.m2/repository/com/sun/jersey/jersey-core/1.19/jersey-core-1.19.jar:/home/user/.m2/repository/javax/ws/rs/jsr311-api/1.1.1/jsr311-api-1.1.1.jar:/home/user/.m2/repository/com/sun/jersey/jersey-server/1.19/jersey-server-1.19.jar:/home/user/.m2/repository/javax/servlet/javax.servlet-api/3.1.0/javax.servlet-api-3.1.0.jar:/home/user/.m2/repository/org/eclipse/jetty/jetty-server/9.4.26.v20200117/jetty-server-9.4.26.v20200117.jar:/home/user/.m2/repository/org/eclipse/jetty/jetty-http/9.4.26.v20200117/jetty-http-9.4.26.v20200117.jar:/home/user/.m2/repository/org/eclipse/jetty/jetty-io/9.4.26.v20200117/jetty-io-9.4.26.v20200117.jar:/home/user/.m2/repository/org/eclipse/jetty/jetty-webapp/9.4.26.v20200117/jetty-webapp-9.4.26.v20200117.jar:/home/user/.m2/repository/org/eclipse/jetty/jetty-xml/9.4.26.v20200117/jetty-xml-9.4.26.v20200117.jar:/home/user/.m2/repository/log4j/log4j/1.2.17/log4j-1.2.17.jar:/home/user/.m2/repository/org/slf4j/slf4j-api/1.7.25/slf4j-api-1.7.25.jar:/home/user/.m2/repository/org/slf4j/jul-to-slf4j/1.7.25/jul-to-slf4j-1.7.25.jar:/home/user/.m2/repository/org/eclipse/jetty/jetty-util/9.4.26.v20200117/jetty-util-9.4.26.v20200117.jar:/home/user/.m2/repository/com/fasterxml/jackson/core/jackson-databind/2.10.3/jackson-databind-2.10.3.jar:/home/user/.m2/repository/org/apache/hadoop/hadoop-kms/3.2.0/hadoop-kms-3.2.0-tests.jar:/home/user/.m2/repository/org/apache/hadoop/hadoop-hdds-server-scm/0.6.0-SNAPSHOT/hadoop-hdds-server-scm-0.6.0-SNAPSHOT-tests.jar:/home/user/.m2/repository/org/apache/hadoop/hadoop-hdds-container-service/0.6.0-SNAPSHOT/hadoop-hdds-container-service-0.6.0-SNAPSHOT-tests.jar:/home/user/.m2/repository/org/apache/hadoop/hadoop-hdds-common/0.6.0-SNAPSHOT/hadoop-hdds-common-0.6.0-SNAPSHOT-tests.jar:/home/user/.m2/repository/org/yaml/snakeyaml/1.16/snakeyaml-1.16.jar:/home/user/.m2/repository/org/apache/hadoop/hadoop-common/3.2.0/hadoop-common-3.2.0-tests.jar:/home/user/.m2/repository/org/apache/hadoop/hadoop-annotations/3.2.0/hadoop-annotations-3.2.0.jar:/usr/lib/jvm/java-1.8.0-openjdk-1.8.0.232.b09-0.el7_7.x86_64/jre/../lib/tools.jar:/home/user/.m2/repository/commons-cli/commons-cli/1.2/commons-cli-1.2.jar:/home/user/.m2/repository/commons-codec/commons-codec/1.11/commons-codec-1.11.jar:/home/user/.m2/repository/commons-net/commons-net/3.6/commons-net-3.6.jar:/home/user/.m2/repository/commons-collections/commons-collections/3.2.2/commons-collections-3.2.2.jar:/home/user/.m2/repository/org/eclipse/jetty/jetty-servlet/9.4.26.v20200117/jetty-servlet-9.4.26.v20200117.jar:/home/user/.m2/repository/org/eclipse/jetty/jetty-security/9.4.26.v20200117/jetty-security-9.4.26.v20200117.jar:/home/user/.m2/repository/javax/servlet/jsp/jsp-api/2.1/jsp-api-2.1.jar:/home/user/.m2/repository/com/sun/jersey/jersey-servlet/1.19/jersey-servlet-1.19.jar:/home/user/.m2/repository/com/sun/jersey/jersey-json/1.19/jersey-json-1.19.jar:/home/user/.m2/repository/org/codehaus/jettison/jettison/1.1/jettison-1.1.jar:/home/user/.m2/repository/org/codehaus/jackson/jackson-core-asl/1.9.13/jackson-core-asl-1.9.13.jar:/home/user/.m2/repository/org/codehaus/jackson/jackson-mapper-asl/1.9.13/jackson-mapper-asl-1.9.13.jar:/home/user/.m2/repository/org/codehaus/jackson/jackson-jaxrs/1.9.13/jackson-jaxrs-1.9.13.jar:/home/user/.m2/repository/org/codehaus/jackson/jackson-xc/1.9.13/jackson-xc-1.9.13.jar:/home/user/.m2/repository/commons-logging/commons-logging/1.1.3/commons-logging-1.1.3.jar:/home/user/.m2/repository/commons-beanutils/commons-beanutils/1.9.4/commons-beanutils-1.9.4.jar:/home/user/.m2/repository/org/apache/commons/commons-configuration2/2.1.1/commons-configuration2-2.1.1.jar:/home/user/.m2/repository/org/apache/commons/commons-lang3/3.7/commons-lang3-3.7.jar:/home/user/.m2/repository/org/apache/commons/commons-text/1.4/commons-text-1.4.jar:/home/user/.m2/repository/org/apache/avro/avro/1.7.7/avro-1.7.7.jar:/home/user/.m2/repository/com/thoughtworks/paranamer/paranamer/2.3/paranamer-2.3.jar:/home/user/.m2/repository/org/xerial/snappy/snappy-java/1.0.5/snappy-java-1.0.5.jar:/home/user/.m2/repository/com/google/re2j/re2j/1.1/re2j-1.1.jar:/home/user/.m2/repository/com/google/code/gson/gson/2.2.4/gson-2.2.4.jar:/home/user/.m2/repository/com/jcraft/jsch/0.1.54/jsch-0.1.54.jar:/home/user/.m2/repository/org/apache/curator/curator-client/2.12.0/curator-client-2.12.0.jar:/home/user/.m2/repository/org/apache/curator/curator-recipes/2.12.0/curator-recipes-2.12.0.jar:/home/user/.m2/repository/com/google/code/findbugs/jsr305/3.0.0/jsr305-3.0.0.jar:/home/user/.m2/repository/org/apache/htrace/htrace-core4/4.1.0-incubating/htrace-core4-4.1.0-incubating.jar:/home/user/.m2/repository/org/apache/zookeeper/zookeeper/3.4.13/zookeeper-3.4.13.jar:/home/user/.m2/repository/jline/jline/0.9.94/jline-0.9.94.jar:/home/user/.m2/repository/org/apache/yetus/audience-annotations/0.5.0/audience-annotations-0.5.0.jar:/home/user/.m2/repository/org/codehaus/woodstox/stax2-api/3.1.4/stax2-api-3.1.4.jar:/home/user/.m2/repository/com/fasterxml/woodstox/woodstox-core/5.0.3/woodstox-core-5.0.3.jar:/home/user/.m2/repository/dnsjava/dnsjava/2.1.7/dnsjava-2.1.7.jar:/home/user/.m2/repository/org/apache/hadoop/hadoop-hdfs/3.2.0/hadoop-hdfs-3.2.0-tests.jar:/home/user/.m2/repository/org/eclipse/jetty/jetty-util-ajax/9.4.26.v20200117/jetty-util-ajax-9.4.26.v20200117.jar:/home/user/.m2/repository/commons-daemon/commons-daemon/1.0.13/commons-daemon-1.0.13.jar:/home/user/.m2/repository/io/netty/netty/3.10.5.Final/netty-3.10.5.Final.jar:/home/user/.m2/repository/io/netty/netty-all/4.1.47.Final/netty-all-4.1.47.Final.jar:/home/user/.m2/repository/org/fusesource/leveldbjni/leveldbjni-all/1.8/leveldbjni-all-1.8.jar:/home/user/.m2/repository/org/apache/hadoop/hadoop-distcp/3.2.0/hadoop-distcp-3.2.0.jar:/home/user/.m2/repository/org/apache/hadoop/hadoop-mapreduce-client-jobclient/3.2.0/hadoop-mapreduce-client-jobclient-3.2.0.jar:/home/user/.m2/repository/org/apache/hadoop/hadoop-mapreduce-client-common/3.2.0/hadoop-mapreduce-client-common-3.2.0.jar:/home/user/.m2/repository/org/apache/hadoop/hadoop-yarn-common/3.2.0/hadoop-yarn-common-3.2.0.jar:/home/user/.m2/repository/org/apache/hadoop/hadoop-yarn-api/3.2.0/hadoop-yarn-api-3.2.0.jar:/home/user/.m2/repository/com/sun/jersey/jersey-client/1.19/jersey-client-1.19.jar:/home/user/.m2/repository/com/sun/jersey/contribs/jersey-guice/1.19/jersey-guice-1.19.jar:/home/user/.m2/repository/com/fasterxml/jackson/jaxrs/jackson-jaxrs-json-provider/2.10.3/jackson-jaxrs-json-provider-2.10.3.jar:/home/user/.m2/repository/com/fasterxml/jackson/jaxrs/jackson-jaxrs-base/2.10.3/jackson-jaxrs-base-2.10.3.jar:/home/user/.m2/repository/org/apache/hadoop/hadoop-yarn-client/3.2.0/hadoop-yarn-client-3.2.0.jar:/home/user/.m2/repository/org/apache/hadoop/hadoop-mapreduce-client-core/3.2.0/hadoop-mapreduce-client-core-3.2.0.jar:/home/user/.m2/repository/org/apache/hadoop/hadoop-distcp/3.2.0/hadoop-distcp-3.2.0-tests.jar:"/>
    <property name="java.vm.vendor" value="Oracle Corporation"/>
    <property name="sun.arch.data.model" value="64"/>
    <property name="test.build.dir" value="/github/workspace/hadoop-ozone/integration-test/target/test-dir"/>
    <property name="test.cache.data" value=""/>
    <property name="java.vendor.url" value="http://java.oracle.com/"/>
    <property name="user.timezone" value=""/>
    <property name="java.vm.specification.version" value="1.8"/>
    <property name="os.name" value="Linux"/>
    <property name="test.build.data" value="/github/workspace/hadoop-ozone/integration-test/target/test-dir"/>
    <property name="user.country" value="US"/>
    <property name="sun.java.launcher" value="SUN_STANDARD"/>
    <property name="sun.boot.library.path" value="/usr/lib/jvm/java-1.8.0-openjdk-1.8.0.232.b09-0.el7_7.x86_64/jre/lib/amd64"/>
    <property name="sun.java.command" value="/github/workspace/hadoop-ozone/integration-test/target/surefire/surefirebooter6401809596456208058.jar /github/workspace/hadoop-ozone/integration-test/target/surefire 2020-04-04T02-16-20_344-jvmRun1 surefire8196260756554979127tmp surefire_41903633023485737002tmp"/>
    <property name="surefire.test.class.path" value="/github/workspace/hadoop-ozone/integration-test/target/test-classes:/github/workspace/hadoop-ozone/integration-test/target/classes:/home/user/.m2/repository/org/apache/hadoop/hadoop-ozone-common/0.6.0-SNAPSHOT/hadoop-ozone-common-0.6.0-SNAPSHOT.jar:/home/user/.m2/repository/org/apache/commons/commons-compress/1.4.1/commons-compress-1.4.1.jar:/home/user/.m2/repository/org/tukaani/xz/1.0/xz-1.0.jar:/home/user/.m2/repository/org/apache/hadoop/hadoop-common/3.2.0/hadoop-common-3.2.0.jar:/home/user/.m2/repository/org/apache/hadoop/hadoop-hdfs/3.2.0/hadoop-hdfs-3.2.0.jar:/home/user/.m2/repository/org/apache/hadoop/hadoop-hdfs-client/3.2.0/hadoop-hdfs-client-3.2.0.jar:/home/user/.m2/repository/com/fasterxml/jackson/core/jackson-annotations/2.10.3/jackson-annotations-2.10.3.jar:/home/user/.m2/repository/org/apache/hadoop/hadoop-hdds-common/0.6.0-SNAPSHOT/hadoop-hdds-common-0.6.0-SNAPSHOT.jar:/home/user/.m2/repository/info/picocli/picocli/3.9.6/picocli-3.9.6.jar:/home/user/.m2/repository/javax/annotation/javax.annotation-api/1.2/javax.annotation-api-1.2.jar:/home/user/.m2/repository/org/apache/ratis/ratis-server/0.6.0-7c5b30d-SNAPSHOT/ratis-server-0.6.0-7c5b30d-SNAPSHOT.jar:/home/user/.m2/repository/org/apache/ratis/ratis-thirdparty-misc/0.3.0/ratis-thirdparty-misc-0.3.0.jar:/home/user/.m2/repository/org/apache/ratis/ratis-proto/0.6.0-7c5b30d-SNAPSHOT/ratis-proto-0.6.0-7c5b30d-SNAPSHOT.jar:/home/user/.m2/repository/org/apache/ratis/ratis-common/0.6.0-7c5b30d-SNAPSHOT/ratis-common-0.6.0-7c5b30d-SNAPSHOT.jar:/home/user/.m2/repository/org/apache/ratis/ratis-client/0.6.0-7c5b30d-SNAPSHOT/ratis-client-0.6.0-7c5b30d-SNAPSHOT.jar:/home/user/.m2/repository/org/apache/ratis/ratis-metrics/0.6.0-7c5b30d-SNAPSHOT/ratis-metrics-0.6.0-7c5b30d-SNAPSHOT.jar:/home/user/.m2/repository/org/apache/ratis/ratis-netty/0.6.0-7c5b30d-SNAPSHOT/ratis-netty-0.6.0-7c5b30d-SNAPSHOT.jar:/home/user/.m2/repository/org/apache/ratis/ratis-grpc/0.6.0-7c5b30d-SNAPSHOT/ratis-grpc-0.6.0-7c5b30d-SNAPSHOT.jar:/home/user/.m2/repository/org/rocksdb/rocksdbjni/6.6.4/rocksdbjni-6.6.4.jar:/home/user/.m2/repository/org/apache/logging/log4j/log4j-api/2.11.0/log4j-api-2.11.0.jar:/home/user/.m2/repository/org/apache/logging/log4j/log4j-core/2.11.0/log4j-core-2.11.0.jar:/home/user/.m2/repository/com/lmax/disruptor/3.4.2/disruptor-3.4.2.jar:/home/user/.m2/repository/org/apache/commons/commons-pool2/2.6.0/commons-pool2-2.6.0.jar:/home/user/.m2/repository/org/bouncycastle/bcpkix-jdk15on/1.60/bcpkix-jdk15on-1.60.jar:/home/user/.m2/repository/commons-validator/commons-validator/1.6/commons-validator-1.6.jar:/home/user/.m2/repository/commons-digester/commons-digester/1.8.1/commons-digester-1.8.1.jar:/home/user/.m2/repository/io/jaegertracing/jaeger-client/0.34.0/jaeger-client-0.34.0.jar:/home/user/.m2/repository/io/jaegertracing/jaeger-thrift/0.34.0/jaeger-thrift-0.34.0.jar:/home/user/.m2/repository/org/apache/thrift/libthrift/0.12.0/libthrift-0.12.0.jar:/home/user/.m2/repository/com/squareup/okhttp3/okhttp/3.9.0/okhttp-3.9.0.jar:/home/user/.m2/repository/com/squareup/okio/okio/1.13.0/okio-1.13.0.jar:/home/user/.m2/repository/io/jaegertracing/jaeger-core/0.34.0/jaeger-core-0.34.0.jar:/home/user/.m2/repository/io/jaegertracing/jaeger-tracerresolver/0.34.0/jaeger-tracerresolver-0.34.0.jar:/home/user/.m2/repository/io/opentracing/contrib/opentracing-tracerresolver/0.1.5/opentracing-tracerresolver-0.1.5.jar:/home/user/.m2/repository/io/opentracing/opentracing-util/0.31.0/opentracing-util-0.31.0.jar:/home/user/.m2/repository/io/opentracing/opentracing-api/0.31.0/opentracing-api-0.31.0.jar:/home/user/.m2/repository/io/opentracing/opentracing-noop/0.31.0/opentracing-noop-0.31.0.jar:/home/user/.m2/repository/com/fasterxml/jackson/datatype/jackson-datatype-jsr310/2.10.3/jackson-datatype-jsr310-2.10.3.jar:/home/user/.m2/repository/org/apache/hadoop/hadoop-hdds-client/0.6.0-SNAPSHOT/hadoop-hdds-client-0.6.0-SNAPSHOT.jar:/home/user/.m2/repository/org/apache/hadoop/hadoop-hdds-tools/0.6.0-SNAPSHOT/hadoop-hdds-tools-0.6.0-SNAPSHOT.jar:/home/user/.m2/repository/org/apache/ratis/ratis-tools/0.6.0-7c5b30d-SNAPSHOT/ratis-tools-0.6.0-7c5b30d-SNAPSHOT.jar:/home/user/.m2/repository/org/apache/hadoop/hadoop-hdds-server-scm/0.6.0-SNAPSHOT/hadoop-hdds-server-scm-0.6.0-SNAPSHOT.jar:/home/user/.m2/repository/org/apache/hadoop/hadoop-hdds-container-service/0.6.0-SNAPSHOT/hadoop-hdds-container-service-0.6.0-SNAPSHOT.jar:/home/user/.m2/repository/org/apache/hadoop/hadoop-hdds-server-framework/0.6.0-SNAPSHOT/hadoop-hdds-server-framework-0.6.0-SNAPSHOT.jar:/home/user/.m2/repository/io/prometheus/simpleclient_dropwizard/0.7.0/simpleclient_dropwizard-0.7.0.jar:/home/user/.m2/repository/io/prometheus/simpleclient/0.7.0/simpleclient-0.7.0.jar:/home/user/.m2/repository/io/prometheus/simpleclient_common/0.7.0/simpleclient_common-0.7.0.jar:/home/user/.m2/repository/org/apache/hadoop/hadoop-hdds-docs/0.6.0-SNAPSHOT/hadoop-hdds-docs-0.6.0-SNAPSHOT.jar:/home/user/.m2/repository/io/dropwizard/metrics/metrics-core/3.2.4/metrics-core-3.2.4.jar:/home/user/.m2/repository/org/bouncycastle/bcprov-jdk15on/1.60/bcprov-jdk15on-1.60.jar:/home/user/.m2/repository/org/apache/hadoop/hadoop-ozone-ozone-manager/0.6.0-SNAPSHOT/hadoop-ozone-ozone-manager-0.6.0-SNAPSHOT.jar:/home/user/.m2/repository/org/apache/hadoop/hadoop-minikdc/3.2.0/hadoop-minikdc-3.2.0.jar:/home/user/.m2/repository/commons-io/commons-io/2.5/commons-io-2.5.jar:/home/user/.m2/repository/org/apache/kerby/kerb-simplekdc/1.0.1/kerb-simplekdc-1.0.1.jar:/home/user/.m2/repository/org/apache/kerby/kerb-client/1.0.1/kerb-client-1.0.1.jar:/home/user/.m2/repository/org/apache/kerby/kerby-config/1.0.1/kerby-config-1.0.1.jar:/home/user/.m2/repository/org/apache/kerby/kerb-core/1.0.1/kerb-core-1.0.1.jar:/home/user/.m2/repository/org/apache/kerby/kerby-pkix/1.0.1/kerby-pkix-1.0.1.jar:/home/user/.m2/repository/org/apache/kerby/kerby-asn1/1.0.1/kerby-asn1-1.0.1.jar:/home/user/.m2/repository/org/apache/kerby/kerby-util/1.0.1/kerby-util-1.0.1.jar:/home/user/.m2/repository/org/apache/kerby/kerb-common/1.0.1/kerb-common-1.0.1.jar:/home/user/.m2/repository/org/apache/kerby/kerb-crypto/1.0.1/kerb-crypto-1.0.1.jar:/home/user/.m2/repository/org/apache/kerby/kerb-util/1.0.1/kerb-util-1.0.1.jar:/home/user/.m2/repository/org/apache/kerby/token-provider/1.0.1/token-provider-1.0.1.jar:/home/user/.m2/repository/org/apache/kerby/kerb-admin/1.0.1/kerb-admin-1.0.1.jar:/home/user/.m2/repository/org/apache/kerby/kerb-server/1.0.1/kerb-server-1.0.1.jar:/home/user/.m2/repository/org/apache/kerby/kerb-identity/1.0.1/kerb-identity-1.0.1.jar:/home/user/.m2/repository/org/apache/kerby/kerby-xdr/1.0.1/kerby-xdr-1.0.1.jar:/home/user/.m2/repository/org/slf4j/slf4j-log4j12/1.7.25/slf4j-log4j12-1.7.25.jar:/home/user/.m2/repository/org/apache/hadoop/hadoop-ozone-s3gateway/0.6.0-SNAPSHOT/hadoop-ozone-s3gateway-0.6.0-SNAPSHOT.jar:/home/user/.m2/repository/org/jboss/weld/servlet/weld-servlet/2.4.7.Final/weld-servlet-2.4.7.Final.jar:/home/user/.m2/repository/org/glassfish/jersey/containers/jersey-container-servlet-core/2.27/jersey-container-servlet-core-2.27.jar:/home/user/.m2/repository/org/glassfish/hk2/external/javax.inject/2.5.0-b42/javax.inject-2.5.0-b42.jar:/home/user/.m2/repository/org/glassfish/jersey/core/jersey-common/2.27/jersey-common-2.27.jar:/home/user/.m2/repository/org/glassfish/hk2/osgi-resource-locator/1.0.1/osgi-resource-locator-1.0.1.jar:/home/user/.m2/repository/javax/ws/rs/javax.ws.rs-api/2.1/javax.ws.rs-api-2.1.jar:/home/user/.m2/repository/org/glassfish/jersey/ext/cdi/jersey-cdi1x/2.27/jersey-cdi1x-2.27.jar:/home/user/.m2/repository/org/glassfish/jersey/inject/jersey-hk2/2.27/jersey-hk2-2.27.jar:/home/user/.m2/repository/org/glassfish/hk2/hk2-locator/2.5.0-b42/hk2-locator-2.5.0-b42.jar:/home/user/.m2/repository/org/javassist/javassist/3.22.0-CR2/javassist-3.22.0-CR2.jar:/home/user/.m2/repository/org/glassfish/hk2/hk2-api/2.5.0/hk2-api-2.5.0.jar:/home/user/.m2/repository/org/glassfish/hk2/external/jakarta.inject/2.5.0/jakarta.inject-2.5.0.jar:/home/user/.m2/repository/org/glassfish/hk2/hk2-utils/2.5.0/hk2-utils-2.5.0.jar:/home/user/.m2/repository/jakarta/annotation/jakarta.annotation-api/1.3.4/jakarta.annotation-api-1.3.4.jar:/home/user/.m2/repository/org/glassfish/hk2/external/aopalliance-repackaged/2.5.0/aopalliance-repackaged-2.5.0.jar:/home/user/.m2/repository/com/fasterxml/jackson/dataformat/jackson-dataformat-xml/2.9.0/jackson-dataformat-xml-2.9.0.jar:/home/user/.m2/repository/com/fasterxml/jackson/core/jackson-core/2.10.3/jackson-core-2.10.3.jar:/home/user/.m2/repository/com/fasterxml/jackson/module/jackson-module-jaxb-annotations/2.10.3/jackson-module-jaxb-annotations-2.10.3.jar:/home/user/.m2/repository/jakarta/xml/bind/jakarta.xml.bind-api/2.3.2/jakarta.xml.bind-api-2.3.2.jar:/home/user/.m2/repository/jakarta/activation/jakarta.activation-api/1.2.1/jakarta.activation-api-1.2.1.jar:/home/user/.m2/repository/javax/enterprise/cdi-api/1.2/cdi-api-1.2.jar:/home/user/.m2/repository/javax/el/javax.el-api/3.0.0/javax.el-api-3.0.0.jar:/home/user/.m2/repository/javax/interceptor/javax.interceptor-api/1.2/javax.interceptor-api-1.2.jar:/home/user/.m2/repository/javax/inject/javax.inject/1/javax.inject-1.jar:/home/user/.m2/repository/com/sun/xml/bind/jaxb-impl/2.3.0.1/jaxb-impl-2.3.0.1.jar:/home/user/.m2/repository/com/sun/xml/bind/jaxb-core/2.3.0.1/jaxb-core-2.3.0.1.jar:/home/user/.m2/repository/javax/xml/bind/jaxb-api/2.3.0/jaxb-api-2.3.0.jar:/home/user/.m2/repository/javax/activation/activation/1.1.1/activation-1.1.1.jar:/home/user/.m2/repository/org/apache/hadoop/hadoop-ozone-csi/0.6.0-SNAPSHOT/hadoop-ozone-csi-0.6.0-SNAPSHOT.jar:/home/user/.m2/repository/com/google/protobuf/protobuf-java-util/3.5.1/protobuf-java-util-3.5.1.jar:/home/user/.m2/repository/org/apache/hadoop/hadoop-hdds-config/0.6.0-SNAPSHOT/hadoop-hdds-config-0.6.0-SNAPSHOT.jar:/home/user/.m2/repository/com/google/guava/guava/28.2-jre/guava-28.2-jre.jar:/home/user/.m2/repository/com/google/guava/failureaccess/1.0.1/failureaccess-1.0.1.jar:/home/user/.m2/repository/com/google/guava/listenablefuture/9999.0-empty-to-avoid-conflict-with-guava/listenablefuture-9999.0-empty-to-avoid-conflict-with-guava.jar:/home/user/.m2/repository/org/checkerframework/checker-qual/2.10.0/checker-qual-2.10.0.jar:/home/user/.m2/repository/com/google/errorprone/error_prone_annotations/2.3.4/error_prone_annotations-2.3.4.jar:/home/user/.m2/repository/com/google/j2objc/j2objc-annotations/1.3/j2objc-annotations-1.3.jar:/home/user/.m2/repository/com/google/protobuf/protobuf-java/2.5.0/protobuf-java-2.5.0.jar:/home/user/.m2/repository/io/grpc/grpc-netty/1.17.1/grpc-netty-1.17.1.jar:/home/user/.m2/repository/io/grpc/grpc-core/1.17.1/grpc-core-1.17.1.jar:/home/user/.m2/repository/io/grpc/grpc-context/1.17.1/grpc-context-1.17.1.jar:/home/user/.m2/repository/org/codehaus/mojo/animal-sniffer-annotations/1.17/animal-sniffer-annotations-1.17.jar:/home/user/.m2/repository/io/opencensus/opencensus-api/0.17.0/opencensus-api-0.17.0.jar:/home/user/.m2/repository/io/opencensus/opencensus-contrib-grpc-metrics/0.17.0/opencensus-contrib-grpc-metrics-0.17.0.jar:/home/user/.m2/repository/io/netty/netty-codec-http2/4.1.30.Final/netty-codec-http2-4.1.30.Final.jar:/home/user/.m2/repository/io/netty/netty-codec-http/4.1.30.Final/netty-codec-http-4.1.30.Final.jar:/home/user/.m2/repository/io/netty/netty-codec/4.1.30.Final/netty-codec-4.1.30.Final.jar:/home/user/.m2/repository/io/netty/netty-handler/4.1.30.Final/netty-handler-4.1.30.Final.jar:/home/user/.m2/repository/io/netty/netty-handler-proxy/4.1.30.Final/netty-handler-proxy-4.1.30.Final.jar:/home/user/.m2/repository/io/netty/netty-codec-socks/4.1.30.Final/netty-codec-socks-4.1.30.Final.jar:/home/user/.m2/repository/io/netty/netty-transport-native-epoll/4.1.30.Final/netty-transport-native-epoll-4.1.30.Final.jar:/home/user/.m2/repository/io/netty/netty-common/4.1.30.Final/netty-common-4.1.30.Final.jar:/home/user/.m2/repository/io/netty/netty-buffer/4.1.30.Final/netty-buffer-4.1.30.Final.jar:/home/user/.m2/repository/io/netty/netty-transport/4.1.30.Final/netty-transport-4.1.30.Final.jar:/home/user/.m2/repository/io/netty/netty-resolver/4.1.30.Final/netty-resolver-4.1.30.Final.jar:/home/user/.m2/repository/io/netty/netty-transport-native-unix-common/4.1.30.Final/netty-transport-native-unix-common-4.1.30.Final.jar:/home/user/.m2/repository/io/grpc/grpc-protobuf/1.17.1/grpc-protobuf-1.17.1.jar:/home/user/.m2/repository/com/google/api/grpc/proto-google-common-protos/1.0.0/proto-google-common-protos-1.0.0.jar:/home/user/.m2/repository/io/grpc/grpc-protobuf-lite/1.17.1/grpc-protobuf-lite-1.17.1.jar:/home/user/.m2/repository/io/grpc/grpc-stub/1.17.1/grpc-stub-1.17.1.jar:/home/user/.m2/repository/org/apache/hadoop/hadoop-ozone-recon/0.6.0-SNAPSHOT/hadoop-ozone-recon-0.6.0-SNAPSHOT.jar:/home/user/.m2/repository/org/apache/hadoop/hadoop-ozone-reconcodegen/0.6.0-SNAPSHOT/hadoop-ozone-reconcodegen-0.6.0-SNAPSHOT.jar:/home/user/.m2/repository/com/google/inject/extensions/guice-multibindings/4.0/guice-multibindings-4.0.jar:/home/user/.m2/repository/com/google/inject/guice/4.0/guice-4.0.jar:/home/user/.m2/repository/aopalliance/aopalliance/1.0/aopalliance-1.0.jar:/home/user/.m2/repository/com/google/inject/extensions/guice-servlet/4.0/guice-servlet-4.0.jar:/home/user/.m2/repository/org/glassfish/jersey/containers/jersey-container-servlet/2.27/jersey-container-servlet-2.27.jar:/home/user/.m2/repository/org/glassfish/hk2/guice-bridge/2.5.0/guice-bridge-2.5.0.jar:/home/user/.m2/repository/org/glassfish/jersey/core/jersey-server/2.27/jersey-server-2.27.jar:/home/user/.m2/repository/org/glassfish/jersey/core/jersey-client/2.27/jersey-client-2.27.jar:/home/user/.m2/repository/org/glassfish/jersey/media/jersey-media-jaxb/2.27/jersey-media-jaxb-2.27.jar:/home/user/.m2/repository/javax/validation/validation-api/1.1.0.Final/validation-api-1.1.0.Final.jar:/home/user/.m2/repository/org/glassfish/jersey/media/jersey-media-json-jackson/2.27/jersey-media-json-jackson-2.27.jar:/home/user/.m2/repository/org/glassfish/jersey/ext/jersey-entity-filtering/2.27/jersey-entity-filtering-2.27.jar:/home/user/.m2/repository/com/google/inject/extensions/guice-assistedinject/4.0/guice-assistedinject-4.0.jar:/home/user/.m2/repository/org/jooq/jooq/3.11.10/jooq-3.11.10.jar:/home/user/.m2/repository/org/jooq/jooq-meta/3.11.10/jooq-meta-3.11.10.jar:/home/user/.m2/repository/org/jooq/jooq-codegen/3.11.10/jooq-codegen-3.11.10.jar:/home/user/.m2/repository/com/jolbox/bonecp/0.8.0.RELEASE/bonecp-0.8.0.RELEASE.jar:/home/user/.m2/repository/org/xerial/sqlite-jdbc/3.25.2/sqlite-jdbc-3.25.2.jar:/home/user/.m2/repository/org/springframework/spring-jdbc/5.1.3.RELEASE/spring-jdbc-5.1.3.RELEASE.jar:/home/user/.m2/repository/org/springframework/spring-beans/5.1.3.RELEASE/spring-beans-5.1.3.RELEASE.jar:/home/user/.m2/repository/org/springframework/spring-core/5.1.3.RELEASE/spring-core-5.1.3.RELEASE.jar:/home/user/.m2/repository/org/springframework/spring-jcl/5.1.3.RELEASE/spring-jcl-5.1.3.RELEASE.jar:/home/user/.m2/repository/org/springframework/spring-tx/5.1.3.RELEASE/spring-tx-5.1.3.RELEASE.jar:/home/user/.m2/repository/org/apache/hadoop/hadoop-ozone-client/0.6.0-SNAPSHOT/hadoop-ozone-client-0.6.0-SNAPSHOT.jar:/home/user/.m2/repository/org/apache/hadoop/hadoop-ozone-filesystem/0.6.0-SNAPSHOT/hadoop-ozone-filesystem-0.6.0-SNAPSHOT.jar:/home/user/.m2/repository/org/apache/httpcomponents/httpclient/4.5.2/httpclient-4.5.2.jar:/home/user/.m2/repository/org/apache/httpcomponents/httpcore/4.4.4/httpcore-4.4.4.jar:/home/user/.m2/repository/org/apache/hadoop/hadoop-ozone-tools/0.6.0-SNAPSHOT/hadoop-ozone-tools-0.6.0-SNAPSHOT.jar:/home/user/.m2/repository/com/amazonaws/aws-java-sdk-s3/1.11.615/aws-java-sdk-s3-1.11.615.jar:/home/user/.m2/repository/com/amazonaws/aws-java-sdk-kms/1.11.615/aws-java-sdk-kms-1.11.615.jar:/home/user/.m2/repository/com/amazonaws/aws-java-sdk-core/1.11.615/aws-java-sdk-core-1.11.615.jar:/home/user/.m2/repository/software/amazon/ion/ion-java/1.0.2/ion-java-1.0.2.jar:/home/user/.m2/repository/com/fasterxml/jackson/dataformat/jackson-dataformat-cbor/2.10.3/jackson-dataformat-cbor-2.10.3.jar:/home/user/.m2/repository/joda-time/joda-time/2.9.9/joda-time-2.9.9.jar:/home/user/.m2/repository/com/amazonaws/jmespath-java/1.11.615/jmespath-java-1.11.615.jar:/home/user/.m2/repository/commons-lang/commons-lang/2.6/commons-lang-2.6.jar:/home/user/.m2/repository/org/apache/hadoop/hadoop-ozone-ozone-manager/0.6.0-SNAPSHOT/hadoop-ozone-ozone-manager-0.6.0-SNAPSHOT-tests.jar:/home/user/.m2/repository/junit/junit/4.11/junit-4.11.jar:/home/user/.m2/repository/org/hamcrest/hamcrest-core/1.3/hamcrest-core-1.3.jar:/home/user/.m2/repository/org/openjdk/jmh/jmh-core/1.19/jmh-core-1.19.jar:/home/user/.m2/repository/net/sf/jopt-simple/jopt-simple/4.6/jopt-simple-4.6.jar:/home/user/.m2/repository/org/apache/commons/commons-math3/3.1.1/commons-math3-3.1.1.jar:/home/user/.m2/repository/org/openjdk/jmh/jmh-generator-annprocess/1.19/jmh-generator-annprocess-1.19.jar:/home/user/.m2/repository/org/mockito/mockito-all/1.8.5/mockito-all-1.8.5.jar:/home/user/.m2/repository/org/apache/hadoop/hadoop-kms/3.2.0/hadoop-kms-3.2.0.jar:/home/user/.m2/repository/org/apache/hadoop/hadoop-auth/3.2.0/hadoop-auth-3.2.0.jar:/home/user/.m2/repository/com/nimbusds/nimbus-jose-jwt/7.9/nimbus-jose-jwt-7.9.jar:/home/user/.m2/repository/com/github/stephenc/jcip/jcip-annotations/1.0-1/jcip-annotations-1.0-1.jar:/home/user/.m2/repository/net/minidev/json-smart/2.3/json-smart-2.3.jar:/home/user/.m2/repository/net/minidev/accessors-smart/1.2/accessors-smart-1.2.jar:/home/user/.m2/repository/org/ow2/asm/asm/5.0.4/asm-5.0.4.jar:/home/user/.m2/repository/org/apache/curator/curator-framework/2.12.0/curator-framework-2.12.0.jar:/home/user/.m2/repository/com/sun/jersey/jersey-core/1.19/jersey-core-1.19.jar:/home/user/.m2/repository/javax/ws/rs/jsr311-api/1.1.1/jsr311-api-1.1.1.jar:/home/user/.m2/repository/com/sun/jersey/jersey-server/1.19/jersey-server-1.19.jar:/home/user/.m2/repository/javax/servlet/javax.servlet-api/3.1.0/javax.servlet-api-3.1.0.jar:/home/user/.m2/repository/org/eclipse/jetty/jetty-server/9.4.26.v20200117/jetty-server-9.4.26.v20200117.jar:/home/user/.m2/repository/org/eclipse/jetty/jetty-http/9.4.26.v20200117/jetty-http-9.4.26.v20200117.jar:/home/user/.m2/repository/org/eclipse/jetty/jetty-io/9.4.26.v20200117/jetty-io-9.4.26.v20200117.jar:/home/user/.m2/repository/org/eclipse/jetty/jetty-webapp/9.4.26.v20200117/jetty-webapp-9.4.26.v20200117.jar:/home/user/.m2/repository/org/eclipse/jetty/jetty-xml/9.4.26.v20200117/jetty-xml-9.4.26.v20200117.jar:/home/user/.m2/repository/log4j/log4j/1.2.17/log4j-1.2.17.jar:/home/user/.m2/repository/org/slf4j/slf4j-api/1.7.25/slf4j-api-1.7.25.jar:/home/user/.m2/repository/org/slf4j/jul-to-slf4j/1.7.25/jul-to-slf4j-1.7.25.jar:/home/user/.m2/repository/org/eclipse/jetty/jetty-util/9.4.26.v20200117/jetty-util-9.4.26.v20200117.jar:/home/user/.m2/repository/com/fasterxml/jackson/core/jackson-databind/2.10.3/jackson-databind-2.10.3.jar:/home/user/.m2/repository/org/apache/hadoop/hadoop-kms/3.2.0/hadoop-kms-3.2.0-tests.jar:/home/user/.m2/repository/org/apache/hadoop/hadoop-hdds-server-scm/0.6.0-SNAPSHOT/hadoop-hdds-server-scm-0.6.0-SNAPSHOT-tests.jar:/home/user/.m2/repository/org/apache/hadoop/hadoop-hdds-container-service/0.6.0-SNAPSHOT/hadoop-hdds-container-service-0.6.0-SNAPSHOT-tests.jar:/home/user/.m2/repository/org/apache/hadoop/hadoop-hdds-common/0.6.0-SNAPSHOT/hadoop-hdds-common-0.6.0-SNAPSHOT-tests.jar:/home/user/.m2/repository/org/yaml/snakeyaml/1.16/snakeyaml-1.16.jar:/home/user/.m2/repository/org/apache/hadoop/hadoop-common/3.2.0/hadoop-common-3.2.0-tests.jar:/home/user/.m2/repository/org/apache/hadoop/hadoop-annotations/3.2.0/hadoop-annotations-3.2.0.jar:/usr/lib/jvm/java-1.8.0-openjdk-1.8.0.232.b09-0.el7_7.x86_64/jre/../lib/tools.jar:/home/user/.m2/repository/commons-cli/commons-cli/1.2/commons-cli-1.2.jar:/home/user/.m2/repository/commons-codec/commons-codec/1.11/commons-codec-1.11.jar:/home/user/.m2/repository/commons-net/commons-net/3.6/commons-net-3.6.jar:/home/user/.m2/repository/commons-collections/commons-collections/3.2.2/commons-collections-3.2.2.jar:/home/user/.m2/repository/org/eclipse/jetty/jetty-servlet/9.4.26.v20200117/jetty-servlet-9.4.26.v20200117.jar:/home/user/.m2/repository/org/eclipse/jetty/jetty-security/9.4.26.v20200117/jetty-security-9.4.26.v20200117.jar:/home/user/.m2/repository/javax/servlet/jsp/jsp-api/2.1/jsp-api-2.1.jar:/home/user/.m2/repository/com/sun/jersey/jersey-servlet/1.19/jersey-servlet-1.19.jar:/home/user/.m2/repository/com/sun/jersey/jersey-json/1.19/jersey-json-1.19.jar:/home/user/.m2/repository/org/codehaus/jettison/jettison/1.1/jettison-1.1.jar:/home/user/.m2/repository/org/codehaus/jackson/jackson-core-asl/1.9.13/jackson-core-asl-1.9.13.jar:/home/user/.m2/repository/org/codehaus/jackson/jackson-mapper-asl/1.9.13/jackson-mapper-asl-1.9.13.jar:/home/user/.m2/repository/org/codehaus/jackson/jackson-jaxrs/1.9.13/jackson-jaxrs-1.9.13.jar:/home/user/.m2/repository/org/codehaus/jackson/jackson-xc/1.9.13/jackson-xc-1.9.13.jar:/home/user/.m2/repository/commons-logging/commons-logging/1.1.3/commons-logging-1.1.3.jar:/home/user/.m2/repository/commons-beanutils/commons-beanutils/1.9.4/commons-beanutils-1.9.4.jar:/home/user/.m2/repository/org/apache/commons/commons-configuration2/2.1.1/commons-configuration2-2.1.1.jar:/home/user/.m2/repository/org/apache/commons/commons-lang3/3.7/commons-lang3-3.7.jar:/home/user/.m2/repository/org/apache/commons/commons-text/1.4/commons-text-1.4.jar:/home/user/.m2/repository/org/apache/avro/avro/1.7.7/avro-1.7.7.jar:/home/user/.m2/repository/com/thoughtworks/paranamer/paranamer/2.3/paranamer-2.3.jar:/home/user/.m2/repository/org/xerial/snappy/snappy-java/1.0.5/snappy-java-1.0.5.jar:/home/user/.m2/repository/com/google/re2j/re2j/1.1/re2j-1.1.jar:/home/user/.m2/repository/com/google/code/gson/gson/2.2.4/gson-2.2.4.jar:/home/user/.m2/repository/com/jcraft/jsch/0.1.54/jsch-0.1.54.jar:/home/user/.m2/repository/org/apache/curator/curator-client/2.12.0/curator-client-2.12.0.jar:/home/user/.m2/repository/org/apache/curator/curator-recipes/2.12.0/curator-recipes-2.12.0.jar:/home/user/.m2/repository/com/google/code/findbugs/jsr305/3.0.0/jsr305-3.0.0.jar:/home/user/.m2/repository/org/apache/htrace/htrace-core4/4.1.0-incubating/htrace-core4-4.1.0-incubating.jar:/home/user/.m2/repository/org/apache/zookeeper/zookeeper/3.4.13/zookeeper-3.4.13.jar:/home/user/.m2/repository/jline/jline/0.9.94/jline-0.9.94.jar:/home/user/.m2/repository/org/apache/yetus/audience-annotations/0.5.0/audience-annotations-0.5.0.jar:/home/user/.m2/repository/org/codehaus/woodstox/stax2-api/3.1.4/stax2-api-3.1.4.jar:/home/user/.m2/repository/com/fasterxml/woodstox/woodstox-core/5.0.3/woodstox-core-5.0.3.jar:/home/user/.m2/repository/dnsjava/dnsjava/2.1.7/dnsjava-2.1.7.jar:/home/user/.m2/repository/org/apache/hadoop/hadoop-hdfs/3.2.0/hadoop-hdfs-3.2.0-tests.jar:/home/user/.m2/repository/org/eclipse/jetty/jetty-util-ajax/9.4.26.v20200117/jetty-util-ajax-9.4.26.v20200117.jar:/home/user/.m2/repository/commons-daemon/commons-daemon/1.0.13/commons-daemon-1.0.13.jar:/home/user/.m2/repository/io/netty/netty/3.10.5.Final/netty-3.10.5.Final.jar:/home/user/.m2/repository/io/netty/netty-all/4.1.47.Final/netty-all-4.1.47.Final.jar:/home/user/.m2/repository/org/fusesource/leveldbjni/leveldbjni-all/1.8/leveldbjni-all-1.8.jar:/home/user/.m2/repository/org/apache/hadoop/hadoop-distcp/3.2.0/hadoop-distcp-3.2.0.jar:/home/user/.m2/repository/org/apache/hadoop/hadoop-mapreduce-client-jobclient/3.2.0/hadoop-mapreduce-client-jobclient-3.2.0.jar:/home/user/.m2/repository/org/apache/hadoop/hadoop-mapreduce-client-common/3.2.0/hadoop-mapreduce-client-common-3.2.0.jar:/home/user/.m2/repository/org/apache/hadoop/hadoop-yarn-common/3.2.0/hadoop-yarn-common-3.2.0.jar:/home/user/.m2/repository/org/apache/hadoop/hadoop-yarn-api/3.2.0/hadoop-yarn-api-3.2.0.jar:/home/user/.m2/repository/com/sun/jersey/jersey-client/1.19/jersey-client-1.19.jar:/home/user/.m2/repository/com/sun/jersey/contribs/jersey-guice/1.19/jersey-guice-1.19.jar:/home/user/.m2/repository/com/fasterxml/jackson/jaxrs/jackson-jaxrs-json-provider/2.10.3/jackson-jaxrs-json-provider-2.10.3.jar:/home/user/.m2/repository/com/fasterxml/jackson/jaxrs/jackson-jaxrs-base/2.10.3/jackson-jaxrs-base-2.10.3.jar:/home/user/.m2/repository/org/apache/hadoop/hadoop-yarn-client/3.2.0/hadoop-yarn-client-3.2.0.jar:/home/user/.m2/repository/org/apache/hadoop/hadoop-mapreduce-client-core/3.2.0/hadoop-mapreduce-client-core-3.2.0.jar:/home/user/.m2/repository/org/apache/hadoop/hadoop-distcp/3.2.0/hadoop-distcp-3.2.0-tests.jar:"/>
    <property name="sun.cpu.endian" value="little"/>
    <property name="user.home" value="/home/user"/>
    <property name="user.language" value="en"/>
    <property name="java.specification.vendor" value="Oracle Corporation"/>
    <property name="java.home" value="/usr/lib/jvm/java-1.8.0-openjdk-1.8.0.232.b09-0.el7_7.x86_64/jre"/>
    <property name="java.security.krb5.conf" value="/github/workspace/hadoop-ozone/integration-test/target/test-classes/krb5.conf"/>
    <property name="basedir" value="/github/workspace/hadoop-ozone/integration-test"/>
    <property name="file.separator" value="/"/>
    <property name="line.separator" value="&#10;"/>
    <property name="java.vm.specification.vendor" value="Oracle Corporation"/>
    <property name="java.specification.name" value="Java Platform API Specification"/>
    <property name="java.awt.graphicsenv" value="sun.awt.X11GraphicsEnvironment"/>
    <property name="surefire.real.class.path" value="/github/workspace/hadoop-ozone/integration-test/target/surefire/surefirebooter6401809596456208058.jar:/home/user/.m2/repository/org/jacoco/org.jacoco.agent/0.8.3/org.jacoco.agent-0.8.3-runtime.jar"/>
    <property name="hadoop.log.dir" value="/github/workspace/hadoop-ozone/integration-test/target/log"/>
    <property name="sun.boot.class.path" value="/usr/lib/jvm/java-1.8.0-openjdk-1.8.0.232.b09-0.el7_7.x86_64/jre/lib/resources.jar:/usr/lib/jvm/java-1.8.0-openjdk-1.8.0.232.b09-0.el7_7.x86_64/jre/lib/rt.jar:/usr/lib/jvm/java-1.8.0-openjdk-1.8.0.232.b09-0.el7_7.x86_64/jre/lib/sunrsasign.jar:/usr/lib/jvm/java-1.8.0-openjdk-1.8.0.232.b09-0.el7_7.x86_64/jre/lib/jsse.jar:/usr/lib/jvm/java-1.8.0-openjdk-1.8.0.232.b09-0.el7_7.x86_64/jre/lib/jce.jar:/usr/lib/jvm/java-1.8.0-openjdk-1.8.0.232.b09-0.el7_7.x86_64/jre/lib/charsets.jar:/usr/lib/jvm/java-1.8.0-openjdk-1.8.0.232.b09-0.el7_7.x86_64/jre/lib/jfr.jar:/usr/lib/jvm/java-1.8.0-openjdk-1.8.0.232.b09-0.el7_7.x86_64/jre/classes"/>
    <property name="sun.management.compiler" value="HotSpot 64-Bit Tiered Compilers"/>
    <property name="java.runtime.version" value="1.8.0_232-b09"/>
    <property name="java.net.preferIPv4Stack" value="true"/>
    <property name="user.name" value="jenkins1001"/>
    <property name="path.separator" value=":"/>
    <property name="java.security.egd" value="file:///dev/urandom"/>
    <property name="os.version" value="5.0.0-1035-azure"/>
    <property name="java.endorsed.dirs" value="/usr/lib/jvm/java-1.8.0-openjdk-1.8.0.232.b09-0.el7_7.x86_64/jre/lib/endorsed"/>
    <property name="java.runtime.name" value="OpenJDK Runtime Environment"/>
    <property name="file.encoding" value="ANSI_X3.4-1968"/>
    <property name="java.vm.name" value="OpenJDK 64-Bit Server VM"/>
    <property name="test.build.webapps" value=""/>
    <property name="localRepository" value="/home/user/.m2/repository"/>
    <property name="java.vendor.url.bug" value="http://bugreport.sun.com/bugreport/"/>
    <property name="java.io.tmpdir" value="/tmp"/>
    <property name="require.test.libhadoop" value=""/>
    <property name="java.version" value="1.8.0_232"/>
    <property name="user.dir" value="/github/workspace/hadoop-ozone/integration-test"/>
    <property name="os.arch" value="amd64"/>
    <property name="java.vm.specification.name" value="Java Virtual Machine Specification"/>
    <property name="test.build.classes" value="/github/workspace/hadoop-ozone/integration-test/target/test-classes"/>
    <property name="java.awt.printerjob" value="sun.print.PSPrinterJob"/>
    <property name="sun.os.patch.level" value="unknown"/>
    <property name="hadoop.tmp.dir" value="/github/workspace/hadoop-ozone/integration-test/target/tmp"/>
    <property name="java.library.path" value="/usr/lib:/usr/java/packages/lib/amd64:/usr/lib64:/lib64:/lib:/usr/lib"/>
    <property name="java.vm.info" value="mixed mode"/>
    <property name="java.vendor" value="Oracle Corporation"/>
    <property name="java.vm.version" value="25.232-b09"/>
    <property name="java.ext.dirs" value="/usr/lib/jvm/java-1.8.0-openjdk-1.8.0.232.b09-0.el7_7.x86_64/jre/lib/ext:/usr/java/packages/lib/ext"/>
    <property name="sun.io.unicode.encoding" value="UnicodeLittle"/>
    <property name="java.class.version" value="52.0"/>
  </properties>
  <testcase name="test2WayCommitForRetryfailure" classname="org.apache.hadoop.ozone.client.rpc.Test2WayCommitInRatis" time="100.319">
    <error message="org.apache.ratis.protocol.RaftRetryFailureException: Failed RaftClientRequest:client-879833376B79-&gt;25b95316-ab88-4802-813b-52a2b94286bf@group-9123072637C4, cid=9, seq=3*, RW, cmdType: CloseContainer&#10;traceID: &quot;8e27bdf200fd784:8e27bdf200fd784:0:0&quot;&#10;containerID: 1&#10;datanodeUuid: &quot;25b95316-ab88-4802-813b-52a2b94286bf&quot;&#10;closeContainer {&#10;}&#10;, data.size=0 for 15 attempts with RetryLimited(maxAttempts=15, sleepTime=1000ms)" type="java.util.concurrent.ExecutionException">java.util.concurrent.ExecutionException: 
org.apache.ratis.protocol.RaftRetryFailureException: Failed RaftClientRequest:client-879833376B79->25b95316-ab88-4802-813b-52a2b94286bf@group-9123072637C4, cid=9, seq=3*, RW, cmdType: CloseContainer
traceID: "8e27bdf200fd784:8e27bdf200fd784:0:0"
containerID: 1
datanodeUuid: "25b95316-ab88-4802-813b-52a2b94286bf"
closeContainer {
}
, data.size=0 for 15 attempts with RetryLimited(maxAttempts=15, sleepTime=1000ms)
	at java.util.concurrent.CompletableFuture.reportGet(CompletableFuture.java:357)
	at java.util.concurrent.CompletableFuture.get(CompletableFuture.java:1908)
	at org.apache.hadoop.ozone.client.rpc.Test2WayCommitInRatis.test2WayCommitForRetryfailure(Test2WayCommitInRatis.java:178)
	at sun.reflect.NativeMethodAccessorImpl.invoke0(Native Method)
	at sun.reflect.NativeMethodAccessorImpl.invoke(NativeMethodAccessorImpl.java:62)
	at sun.reflect.DelegatingMethodAccessorImpl.invoke(DelegatingMethodAccessorImpl.java:43)
	at java.lang.reflect.Method.invoke(Method.java:498)
	at org.junit.runners.model.FrameworkMethod$1.runReflectiveCall(FrameworkMethod.java:47)
	at org.junit.internal.runners.model.ReflectiveCallable.run(ReflectiveCallable.java:12)
	at org.junit.runners.model.FrameworkMethod.invokeExplosively(FrameworkMethod.java:44)
	at org.junit.internal.runners.statements.InvokeMethod.evaluate(InvokeMethod.java:17)
	at org.junit.runners.ParentRunner.runLeaf(ParentRunner.java:271)
	at org.junit.runners.BlockJUnit4ClassRunner.runChild(BlockJUnit4ClassRunner.java:70)
	at org.junit.runners.BlockJUnit4ClassRunner.runChild(BlockJUnit4ClassRunner.java:50)
	at org.junit.runners.ParentRunner$3.run(ParentRunner.java:238)
	at org.junit.runners.ParentRunner$1.schedule(ParentRunner.java:63)
	at org.junit.runners.ParentRunner.runChildren(ParentRunner.java:236)
	at org.junit.runners.ParentRunner.access$000(ParentRunner.java:53)
	at org.junit.runners.ParentRunner$2.evaluate(ParentRunner.java:229)
	at org.junit.runners.ParentRunner.run(ParentRunner.java:309)
	at org.apache.maven.surefire.junit4.JUnit4Provider.execute(JUnit4Provider.java:365)
	at org.apache.maven.surefire.junit4.JUnit4Provider.executeWithRerun(JUnit4Provider.java:273)
	at org.apache.maven.surefire.junit4.JUnit4Provider.executeTestSet(JUnit4Provider.java:238)
	at org.apache.maven.surefire.junit4.JUnit4Provider.invoke(JUnit4Provider.java:159)
	at org.apache.maven.surefire.booter.ForkedBooter.invokeProviderInSameClassLoader(ForkedBooter.java:384)
	at org.apache.maven.surefire.booter.ForkedBooter.runSuitesInProcess(ForkedBooter.java:345)
	at org.apache.maven.surefire.booter.ForkedBooter.execute(ForkedBooter.java:126)
	at org.apache.maven.surefire.booter.ForkedBooter.main(ForkedBooter.java:418)
Caused by: org.apache.ratis.protocol.RaftRetryFailureException: Failed RaftClientRequest:client-879833376B79->25b95316-ab88-4802-813b-52a2b94286bf@group-9123072637C4, cid=9, seq=3*, RW, cmdType: CloseContainer
traceID: "8e27bdf200fd784:8e27bdf200fd784:0:0"
containerID: 1
datanodeUuid: "25b95316-ab88-4802-813b-52a2b94286bf"
closeContainer {
}
, data.size=0 for 15 attempts with RetryLimited(maxAttempts=15, sleepTime=1000ms)
	at org.apache.ratis.client.impl.RaftClientImpl.noMoreRetries(RaftClientImpl.java:293)
	at org.apache.ratis.client.impl.OrderedAsync.handleAsyncRetryFailure(OrderedAsync.java:153)
	at org.apache.ratis.client.impl.OrderedAsync.lambda$sendRequest$10(OrderedAsync.java:261)
	at java.util.concurrent.CompletableFuture.uniExceptionally(CompletableFuture.java:884)
	at java.util.concurrent.CompletableFuture$UniExceptionally.tryFire(CompletableFuture.java:866)
	at java.util.concurrent.CompletableFuture.postComplete(CompletableFuture.java:488)
	at java.util.concurrent.CompletableFuture.completeExceptionally(CompletableFuture.java:1990)
	at org.apache.ratis.grpc.client.GrpcClientProtocolClient$AsyncStreamObservers.completeReplyExceptionally(GrpcClientProtocolClient.java:356)
	at org.apache.ratis.grpc.client.GrpcClientProtocolClient$AsyncStreamObservers.access$000(GrpcClientProtocolClient.java:264)
	at org.apache.ratis.grpc.client.GrpcClientProtocolClient$AsyncStreamObservers$1.onError(GrpcClientProtocolClient.java:293)
	at org.apache.ratis.thirdparty.io.grpc.stub.ClientCalls$StreamObserverToCallListenerAdapter.onClose(ClientCalls.java:442)
	at org.apache.ratis.thirdparty.io.grpc.PartialForwardingClientCallListener.onClose(PartialForwardingClientCallListener.java:39)
	at org.apache.ratis.thirdparty.io.grpc.ForwardingClientCallListener.onClose(ForwardingClientCallListener.java:23)
	at org.apache.ratis.thirdparty.io.grpc.ForwardingClientCallListener$SimpleForwardingClientCallListener.onClose(ForwardingClientCallListener.java:40)
	at org.apache.ratis.thirdparty.io.grpc.internal.CensusStatsModule$StatsClientInterceptor$1$1.onClose(CensusStatsModule.java:700)
	at org.apache.ratis.thirdparty.io.grpc.PartialForwardingClientCallListener.onClose(PartialForwardingClientCallListener.java:39)
	at org.apache.ratis.thirdparty.io.grpc.ForwardingClientCallListener.onClose(ForwardingClientCallListener.java:23)
	at org.apache.ratis.thirdparty.io.grpc.ForwardingClientCallListener$SimpleForwardingClientCallListener.onClose(ForwardingClientCallListener.java:40)
	at org.apache.ratis.thirdparty.io.grpc.internal.CensusTracingModule$TracingClientInterceptor$1$1.onClose(CensusTracingModule.java:399)
	at org.apache.ratis.thirdparty.io.grpc.internal.ClientCallImpl.closeObserver(ClientCallImpl.java:510)
	at org.apache.ratis.thirdparty.io.grpc.internal.ClientCallImpl.access$300(ClientCallImpl.java:66)
	at org.apache.ratis.thirdparty.io.grpc.internal.ClientCallImpl$ClientStreamListenerImpl.close(ClientCallImpl.java:630)
	at org.apache.ratis.thirdparty.io.grpc.internal.ClientCallImpl$ClientStreamListenerImpl.access$700(ClientCallImpl.java:518)
	at org.apache.ratis.thirdparty.io.grpc.internal.ClientCallImpl$ClientStreamListenerImpl$1StreamClosed.runInternal(ClientCallImpl.java:692)
	at org.apache.ratis.thirdparty.io.grpc.internal.ClientCallImpl$ClientStreamListenerImpl$1StreamClosed.runInContext(ClientCallImpl.java:681)
	at org.apache.ratis.thirdparty.io.grpc.internal.ContextRunnable.run(ContextRunnable.java:37)
	at org.apache.ratis.thirdparty.io.grpc.internal.SerializingExecutor.run(SerializingExecutor.java:123)
	at java.util.concurrent.ThreadPoolExecutor.runWorker(ThreadPoolExecutor.java:1149)
	at java.util.concurrent.ThreadPoolExecutor$Worker.run(ThreadPoolExecutor.java:624)
	at java.lang.Thread.run(Thread.java:748)
Caused by: java.io.IOException: org.apache.ratis.thirdparty.io.grpc.StatusRuntimeException: UNAVAILABLE: io exception
	at org.apache.ratis.grpc.GrpcUtil.unwrapException(GrpcUtil.java:87)
	at org.apache.ratis.grpc.GrpcUtil.unwrapIOException(GrpcUtil.java:148)
	at org.apache.ratis.grpc.client.GrpcClientProtocolClient$AsyncStreamObservers$1.onError(GrpcClientProtocolClient.java:292)
	... 20 more
Caused by: org.apache.ratis.thirdparty.io.grpc.StatusRuntimeException: UNAVAILABLE: io exception
	at org.apache.ratis.thirdparty.io.grpc.Status.asRuntimeException(Status.java:533)
	... 20 more
Caused by: org.apache.ratis.thirdparty.io.netty.channel.AbstractChannel$AnnotatedConnectException: Connection refused: /172.17.0.2:43301
Caused by: java.net.ConnectException: Connection refused
	at sun.nio.ch.SocketChannelImpl.checkConnect(Native Method)
	at sun.nio.ch.SocketChannelImpl.finishConnect(SocketChannelImpl.java:717)
	at org.apache.ratis.thirdparty.io.netty.channel.socket.nio.NioSocketChannel.doFinishConnect(NioSocketChannel.java:327)
	at org.apache.ratis.thirdparty.io.netty.channel.nio.AbstractNioChannel$AbstractNioUnsafe.finishConnect(AbstractNioChannel.java:336)
	at org.apache.ratis.thirdparty.io.netty.channel.nio.NioEventLoop.processSelectedKey(NioEventLoop.java:685)
	at org.apache.ratis.thirdparty.io.netty.channel.nio.NioEventLoop.processSelectedKeysOptimized(NioEventLoop.java:632)
	at org.apache.ratis.thirdparty.io.netty.channel.nio.NioEventLoop.processSelectedKeys(NioEventLoop.java:549)
	at org.apache.ratis.thirdparty.io.netty.channel.nio.NioEventLoop.run(NioEventLoop.java:511)
	at org.apache.ratis.thirdparty.io.netty.util.concurrent.SingleThreadEventExecutor$5.run(SingleThreadEventExecutor.java:918)
	at org.apache.ratis.thirdparty.io.netty.util.internal.ThreadExecutorMap$2.run(ThreadExecutorMap.java:74)
	at org.apache.ratis.thirdparty.io.netty.util.concurrent.FastThreadLocalRunnable.run(FastThreadLocalRunnable.java:30)
	at java.lang.Thread.run(Thread.java:748)
</error>
    <system-out><![CDATA[2020-04-04 02:36:36,909 [main] WARN  server.ServerUtils (ServerUtils.java:getScmDbDir(148)) - ozone.scm.db.dirs is not configured. We recommend adding this setting. Falling back to ozone.metadata.dirs instead.
2020-04-04 02:36:37,055 [main] WARN  server.ServerUtils (ServerUtils.java:getScmDbDir(148)) - ozone.scm.db.dirs is not configured. We recommend adding this setting. Falling back to ozone.metadata.dirs instead.
2020-04-04 02:36:37,061 [main] WARN  server.ServerUtils (ServerUtils.java:getScmDbDir(148)) - ozone.scm.db.dirs is not configured. We recommend adding this setting. Falling back to ozone.metadata.dirs instead.
2020-04-04 02:36:37,403 [main] INFO  net.NodeSchemaLoader (NodeSchemaLoader.java:loadSchemaFromFile(126)) - Loading file from sun.misc.CompoundEnumeration@6a04d2a4
2020-04-04 02:36:37,407 [main] INFO  net.NodeSchemaLoader (NodeSchemaLoader.java:loadSchema(172)) - Loading network topology layer schema file
2020-04-04 02:36:37,514 [main] WARN  server.ServerUtils (ServerUtils.java:sanitizeUserArgs(73)) - ozone.scm.stale.node.interval value = 60000000 is larger than max = 100000 based on the key value of ozone.scm.heartbeat.thread.interval, reset to the max value 100000.
2020-04-04 02:36:37,515 [main] WARN  server.ServerUtils (ServerUtils.java:sanitizeUserArgs(73)) - ozone.scm.stale.node.interval value = 60000000 is larger than max = 100000 based on the key value of ozone.scm.heartbeat.thread.interval, reset to the max value 100000.
2020-04-04 02:36:37,519 [main] INFO  node.SCMNodeManager (SCMNodeManager.java:<init>(116)) - Entering startup safe mode.
2020-04-04 02:36:37,710 [main] INFO  algorithms.ContainerPlacementPolicyFactory (ContainerPlacementPolicyFactory.java:getPolicy(59)) - Create container placement policy of type org.apache.hadoop.hdds.scm.container.placement.algorithms.SCMContainerPlacementRandom
2020-04-04 02:36:37,723 [main] WARN  server.ServerUtils (ServerUtils.java:getScmDbDir(148)) - ozone.scm.db.dirs is not configured. We recommend adding this setting. Falling back to ozone.metadata.dirs instead.
2020-04-04 02:36:37,766 [main] INFO  pipeline.SCMPipelineManager (SCMPipelineManager.java:initializePipelineState(151)) - No pipeline exists in current db
2020-04-04 02:36:37,771 [main] WARN  server.ServerUtils (ServerUtils.java:getScmDbDir(148)) - ozone.scm.db.dirs is not configured. We recommend adding this setting. Falling back to ozone.metadata.dirs instead.
2020-04-04 02:36:37,864 [main] INFO  safemode.HealthyPipelineSafeModeRule (HealthyPipelineSafeModeRule.java:<init>(88)) - Total pipeline count is 0, healthy pipeline threshold count is 0
2020-04-04 02:36:37,871 [main] INFO  safemode.OneReplicaPipelineSafeModeRule (OneReplicaPipelineSafeModeRule.java:<init>(79)) - Total pipeline count is 0, pipeline's with at least one datanode reported threshold count is 0
2020-04-04 02:36:37,927 [RatisPipelineUtilsThread] WARN  pipeline.PipelinePlacementPolicy (PipelinePlacementPolicy.java:filterViableNodes(150)) - Pipeline creation failed due to no sufficient healthy datanodes. Required 3. Found 0.
2020-04-04 02:36:38,495 [main] INFO  ipc.CallQueueManager (CallQueueManager.java:<init>(84)) - Using callQueue: class java.util.concurrent.LinkedBlockingQueue, queueCapacity: 2000, scheduler: class org.apache.hadoop.ipc.DefaultRpcScheduler, ipcBackoff: false.
2020-04-04 02:36:38,532 [Socket Reader #1 for port 45745] INFO  ipc.Server (Server.java:run(1074)) - Starting Socket Reader #1 for port 45745
2020-04-04 02:36:38,589 [main] INFO  ipc.CallQueueManager (CallQueueManager.java:<init>(84)) - Using callQueue: class java.util.concurrent.LinkedBlockingQueue, queueCapacity: 2000, scheduler: class org.apache.hadoop.ipc.DefaultRpcScheduler, ipcBackoff: false.
2020-04-04 02:36:38,590 [Socket Reader #1 for port 34145] INFO  ipc.Server (Server.java:run(1074)) - Starting Socket Reader #1 for port 34145
2020-04-04 02:36:38,603 [main] INFO  ipc.CallQueueManager (CallQueueManager.java:<init>(84)) - Using callQueue: class java.util.concurrent.LinkedBlockingQueue, queueCapacity: 2000, scheduler: class org.apache.hadoop.ipc.DefaultRpcScheduler, ipcBackoff: false.
2020-04-04 02:36:38,604 [Socket Reader #1 for port 46247] INFO  ipc.Server (Server.java:run(1074)) - Starting Socket Reader #1 for port 46247
2020-04-04 02:36:38,629 [main] INFO  http.BaseHttpServer (BaseHttpServer.java:newHttpServer2BuilderForOzone(170)) - Starting Web-server for scm at: http://0.0.0.0:0
2020-04-04 02:36:38,683 [main] INFO  util.log (Log.java:initialized(169)) - Logging initialized @3509ms to org.eclipse.jetty.util.log.Slf4jLog
2020-04-04 02:36:38,965 [main] INFO  server.AuthenticationFilter (AuthenticationFilter.java:constructSecretProvider(240)) - Unable to initialize FileSignerSecretProvider, falling back to use random secrets.
2020-04-04 02:36:39,005 [main] WARN  http.HttpRequestLog (HttpRequestLog.java:getRequestLog(103)) - Jetty request log can only be enabled using Log4j
2020-04-04 02:36:39,021 [main] INFO  http.HttpServer2 (HttpServer2.java:addGlobalFilter(970)) - Added global filter 'safety' (class=org.apache.hadoop.hdds.server.http.HttpServer2$QuotingInputFilter)
2020-04-04 02:36:39,024 [main] INFO  http.HttpServer2 (HttpServer2.java:addFilter(946)) - Added filter static_user_filter (class=org.apache.hadoop.hdds.server.http.StaticUserWebFilter$StaticUserFilter) to context scm
2020-04-04 02:36:39,024 [main] INFO  http.HttpServer2 (HttpServer2.java:addFilter(954)) - Added filter static_user_filter (class=org.apache.hadoop.hdds.server.http.StaticUserWebFilter$StaticUserFilter) to context static
2020-04-04 02:36:39,024 [main] INFO  http.HttpServer2 (HttpServer2.java:addFilter(954)) - Added filter static_user_filter (class=org.apache.hadoop.hdds.server.http.StaticUserWebFilter$StaticUserFilter) to context logs
2020-04-04 02:36:39,129 [main] INFO  server.StorageContainerManager (StorageContainerManager.java:start(773)) - StorageContainerLocationProtocol RPC server is listening at /0.0.0.0:46247
2020-04-04 02:36:39,221 [main] WARN  impl.MetricsConfig (MetricsConfig.java:loadFirst(134)) - Cannot locate configuration: tried hadoop-metrics2-storagecontainermanager.properties,hadoop-metrics2.properties
2020-04-04 02:36:39,243 [main] INFO  impl.MetricsSystemImpl (MetricsSystemImpl.java:startTimer(374)) - Scheduled Metric snapshot period at 10 second(s).
2020-04-04 02:36:39,244 [main] INFO  impl.MetricsSystemImpl (MetricsSystemImpl.java:start(191)) - StorageContainerManager metrics system started
2020-04-04 02:36:39,669 [main] INFO  server.SCMClientProtocolServer (SCMClientProtocolServer.java:start(155)) - RPC server for Client  is listening at /0.0.0.0:46247
2020-04-04 02:36:39,672 [IPC Server Responder] INFO  ipc.Server (Server.java:run(1314)) - IPC Server Responder: starting
2020-04-04 02:36:39,675 [IPC Server listener on 46247] INFO  ipc.Server (Server.java:run(1153)) - IPC Server listener on 46247: starting
2020-04-04 02:36:39,681 [main] INFO  server.StorageContainerManager (StorageContainerManager.java:start(785)) - ScmBlockLocationProtocol RPC server is listening at /0.0.0.0:34145
2020-04-04 02:36:39,682 [main] INFO  server.SCMBlockProtocolServer (SCMBlockProtocolServer.java:start(149)) - RPC server for Block Protocol is listening at /0.0.0.0:34145
2020-04-04 02:36:39,683 [IPC Server Responder] INFO  ipc.Server (Server.java:run(1314)) - IPC Server Responder: starting
2020-04-04 02:36:39,684 [IPC Server listener on 34145] INFO  ipc.Server (Server.java:run(1153)) - IPC Server listener on 34145: starting
2020-04-04 02:36:39,689 [main] INFO  server.StorageContainerManager (StorageContainerManager.java:start(791)) - ScmDatanodeProtocl RPC server is listening at /0.0.0.0:45745
2020-04-04 02:36:39,689 [main] INFO  server.SCMDatanodeProtocolServer (SCMDatanodeProtocolServer.java:start(172)) - RPC server for DataNodes is listening at /0.0.0.0:45745
2020-04-04 02:36:39,691 [IPC Server Responder] INFO  ipc.Server (Server.java:run(1314)) - IPC Server Responder: starting
2020-04-04 02:36:39,691 [IPC Server listener on 45745] INFO  ipc.Server (Server.java:run(1153)) - IPC Server listener on 45745: starting
2020-04-04 02:36:39,696 [main] INFO  http.HttpServer2 (HttpServer2.java:bindListener(1188)) - Jetty bound to port 46741
2020-04-04 02:36:39,699 [main] INFO  server.Server (Server.java:doStart(359)) - jetty-9.4.26.v20200117; built: 2020-01-17T12:35:33.676Z; git: 7b38981d25d14afb4a12ff1f2596756144edf695; jvm 1.8.0_232-b09
2020-04-04 02:36:39,751 [main] INFO  server.session (DefaultSessionIdManager.java:doStart(333)) - DefaultSessionIdManager workerName=node0
2020-04-04 02:36:39,752 [main] INFO  server.session (DefaultSessionIdManager.java:doStart(338)) - No SessionScavenger set, using defaults
2020-04-04 02:36:39,756 [main] INFO  server.session (HouseKeeper.java:startScavenging(140)) - node0 Scavenging every 660000ms
2020-04-04 02:36:39,775 [main] INFO  handler.ContextHandler (ContextHandler.java:doStart(825)) - Started o.e.j.s.ServletContextHandler@4d37c839{logs,/logs,file:///github/workspace/hadoop-ozone/integration-test/target/log,AVAILABLE}
2020-04-04 02:36:39,777 [main] INFO  handler.ContextHandler (ContextHandler.java:doStart(825)) - Started o.e.j.s.ServletContextHandler@20f4849c{static,/static,file:///github/workspace/hadoop-ozone/integration-test/target/test-classes/webapps/static,AVAILABLE}
2020-04-04 02:36:39,853 [main] INFO  handler.ContextHandler (ContextHandler.java:doStart(825)) - Started o.e.j.w.WebAppContext@3c927907{scm,/,file:///github/workspace/hadoop-ozone/integration-test/target/test-classes/webapps/scm/,AVAILABLE}{file:/github/workspace/hadoop-ozone/integration-test/target/test-classes/webapps/scm}
2020-04-04 02:36:39,868 [main] INFO  server.AbstractConnector (AbstractConnector.java:doStart(330)) - Started ServerConnector@4fd43b14{HTTP/1.1,[http/1.1]}{0.0.0.0:46741}
2020-04-04 02:36:39,868 [main] INFO  server.Server (Server.java:doStart(399)) - Started @4694ms
2020-04-04 02:36:39,875 [main] INFO  impl.MetricsSinkAdapter (MetricsSinkAdapter.java:start(204)) - Sink prometheus started
2020-04-04 02:36:39,875 [main] INFO  impl.MetricsSystemImpl (MetricsSystemImpl.java:registerSink(301)) - Registered sink prometheus
2020-04-04 02:36:39,878 [main] INFO  http.BaseHttpServer (BaseHttpServer.java:updateConnectorAddress(284)) - HTTP server of scm listening at http://0.0.0.0:46741
2020-04-04 02:36:39,886 [main] WARN  server.ServerUtils (ServerUtils.java:getDBPath(225)) - ozone.om.db.dirs is not configured. We recommend adding this setting. Falling back to ozone.metadata.dirs instead.
2020-04-04 02:36:39,897 [org.apache.hadoop.util.JvmPauseMonitor$Monitor@7a48e086] INFO  util.JvmPauseMonitor (JvmPauseMonitor.java:run(188)) - Starting JVM pause monitor
2020-04-04 02:36:40,041 [main] INFO  ha.OMHANodeDetails (OMHANodeDetails.java:loadOMHAConfig(104)) - ozone.om.internal.service.id is not defined, falling back to ozone.om.service.ids to find serviceID for OzoneManager if it is HA enabled cluster
2020-04-04 02:36:40,047 [main] INFO  ha.OMHANodeDetails (OMHANodeDetails.java:loadOMHAConfig(207)) - Configuration either no ozone.om.address set. Falling back to the default OM address /127.0.0.1:0
2020-04-04 02:36:40,047 [main] INFO  ha.OMHANodeDetails (OMHANodeDetails.java:getOMNodeDetails(237)) - OM Service ID is not set. Setting it to the default ID: omServiceIdDefault
2020-04-04 02:36:40,050 [main] WARN  server.ServerUtils (ServerUtils.java:getDBPath(225)) - ozone.om.db.dirs is not configured. We recommend adding this setting. Falling back to ozone.metadata.dirs instead.
2020-04-04 02:36:40,051 [main] WARN  server.ServerUtils (ServerUtils.java:getDBPath(225)) - ozone.om.db.dirs is not configured. We recommend adding this setting. Falling back to ozone.metadata.dirs instead.
2020-04-04 02:36:40,947 [main] WARN  server.ServerUtils (ServerUtils.java:getDBPath(225)) - ozone.om.db.dirs is not configured. We recommend adding this setting. Falling back to ozone.metadata.dirs instead.
2020-04-04 02:36:41,088 [main] INFO  ipc.CallQueueManager (CallQueueManager.java:<init>(84)) - Using callQueue: class java.util.concurrent.LinkedBlockingQueue, queueCapacity: 2000, scheduler: class org.apache.hadoop.ipc.DefaultRpcScheduler, ipcBackoff: false.
2020-04-04 02:36:41,091 [Socket Reader #1 for port 33723] INFO  ipc.Server (Server.java:run(1074)) - Starting Socket Reader #1 for port 33723
2020-04-04 02:36:41,135 [main] INFO  impl.MetricsSystemImpl (MetricsSystemImpl.java:init(158)) - OzoneManager metrics system started (again)
2020-04-04 02:36:41,137 [main] INFO  om.OzoneManager (OzoneManager.java:start(1103)) - OzoneManager RPC server is listening at localhost/127.0.0.1:33723
2020-04-04 02:36:41,153 [IPC Server Responder] INFO  ipc.Server (Server.java:run(1314)) - IPC Server Responder: starting
2020-04-04 02:36:41,154 [IPC Server listener on 33723] INFO  ipc.Server (Server.java:run(1153)) - IPC Server listener on 33723: starting
2020-04-04 02:36:41,173 [main] INFO  http.BaseHttpServer (BaseHttpServer.java:newHttpServer2BuilderForOzone(170)) - Starting Web-server for ozoneManager at: http://0.0.0.0:0
2020-04-04 02:36:41,175 [main] INFO  server.AuthenticationFilter (AuthenticationFilter.java:constructSecretProvider(240)) - Unable to initialize FileSignerSecretProvider, falling back to use random secrets.
2020-04-04 02:36:41,176 [main] WARN  http.HttpRequestLog (HttpRequestLog.java:getRequestLog(103)) - Jetty request log can only be enabled using Log4j
2020-04-04 02:36:41,178 [main] INFO  http.HttpServer2 (HttpServer2.java:addGlobalFilter(970)) - Added global filter 'safety' (class=org.apache.hadoop.hdds.server.http.HttpServer2$QuotingInputFilter)
2020-04-04 02:36:41,180 [main] INFO  http.HttpServer2 (HttpServer2.java:addFilter(946)) - Added filter static_user_filter (class=org.apache.hadoop.hdds.server.http.StaticUserWebFilter$StaticUserFilter) to context ozoneManager
2020-04-04 02:36:41,180 [main] INFO  http.HttpServer2 (HttpServer2.java:addFilter(954)) - Added filter static_user_filter (class=org.apache.hadoop.hdds.server.http.StaticUserWebFilter$StaticUserFilter) to context logs
2020-04-04 02:36:41,180 [main] INFO  http.HttpServer2 (HttpServer2.java:addFilter(954)) - Added filter static_user_filter (class=org.apache.hadoop.hdds.server.http.StaticUserWebFilter$StaticUserFilter) to context static
2020-04-04 02:36:41,183 [main] INFO  http.HttpServer2 (HttpServer2.java:bindListener(1188)) - Jetty bound to port 44955
2020-04-04 02:36:41,183 [main] INFO  server.Server (Server.java:doStart(359)) - jetty-9.4.26.v20200117; built: 2020-01-17T12:35:33.676Z; git: 7b38981d25d14afb4a12ff1f2596756144edf695; jvm 1.8.0_232-b09
2020-04-04 02:36:41,188 [main] INFO  server.session (DefaultSessionIdManager.java:doStart(333)) - DefaultSessionIdManager workerName=node0
2020-04-04 02:36:41,188 [main] INFO  server.session (DefaultSessionIdManager.java:doStart(338)) - No SessionScavenger set, using defaults
2020-04-04 02:36:41,188 [main] INFO  server.session (HouseKeeper.java:startScavenging(140)) - node0 Scavenging every 660000ms
2020-04-04 02:36:41,191 [main] INFO  handler.ContextHandler (ContextHandler.java:doStart(825)) - Started o.e.j.s.ServletContextHandler@12045d72{logs,/logs,file:///github/workspace/hadoop-ozone/integration-test/target/log,AVAILABLE}
2020-04-04 02:36:41,192 [main] INFO  handler.ContextHandler (ContextHandler.java:doStart(825)) - Started o.e.j.s.ServletContextHandler@4538fda7{static,/static,file:///github/workspace/hadoop-ozone/integration-test/target/test-classes/webapps/static,AVAILABLE}
2020-04-04 02:36:41,198 [main] INFO  handler.ContextHandler (ContextHandler.java:doStart(825)) - Started o.e.j.w.WebAppContext@404b3bb5{ozoneManager,/,file:///github/workspace/hadoop-ozone/integration-test/target/test-classes/webapps/ozoneManager/,AVAILABLE}{file:/github/workspace/hadoop-ozone/integration-test/target/test-classes/webapps/ozoneManager}
2020-04-04 02:36:41,201 [main] INFO  server.AbstractConnector (AbstractConnector.java:doStart(330)) - Started ServerConnector@945a6a9{HTTP/1.1,[http/1.1]}{0.0.0.0:44955}
2020-04-04 02:36:41,202 [main] INFO  server.Server (Server.java:doStart(399)) - Started @6027ms
2020-04-04 02:36:41,202 [main] WARN  impl.MetricsSystemImpl (MetricsSystemImpl.java:register(276)) - Sink prometheus already exists!
2020-04-04 02:36:41,203 [main] INFO  http.BaseHttpServer (BaseHttpServer.java:updateConnectorAddress(284)) - HTTP server of ozoneManager listening at http://0.0.0.0:44955
2020-04-04 02:36:41,350 [main] INFO  metrics.MetricRegistries (MetricRegistriesLoader.java:load(64)) - Loaded MetricRegistries class org.apache.ratis.metrics.impl.MetricRegistriesImpl
2020-04-04 02:36:41,355 [main] INFO  impl.MetricsSystemImpl (MetricsSystemImpl.java:init(158)) - HddsDatanode metrics system started (again)
2020-04-04 02:36:41,429 [main] INFO  ozone.HddsDatanodeService (HddsDatanodeService.java:start(204)) - HddsDatanodeService host:5a8bb91e4d22 ip:172.17.0.2
2020-04-04 02:36:41,487 [main] INFO  volume.HddsVolume (HddsVolume.java:<init>(177)) - Creating Volume: /github/workspace/hadoop-ozone/integration-test/target/test-dir/MiniOzoneClusterImpl-cc0439a0-e977-413a-809d-caa56196bbad/datanode-0/data/containers/hdds of storage type : DISK and capacity : 9223372036854775807
2020-04-04 02:36:41,490 [main] INFO  volume.MutableVolumeSet (MutableVolumeSet.java:initializeVolumeSet(188)) - Added Volume : /github/workspace/hadoop-ozone/integration-test/target/test-dir/MiniOzoneClusterImpl-cc0439a0-e977-413a-809d-caa56196bbad/datanode-0/data/containers/hdds to VolumeSet
2020-04-04 02:36:41,491 [main] INFO  volume.ThrottledAsyncChecker (ThrottledAsyncChecker.java:schedule(141)) - Scheduling a check for /github/workspace/hadoop-ozone/integration-test/target/test-dir/MiniOzoneClusterImpl-cc0439a0-e977-413a-809d-caa56196bbad/datanode-0/data/containers/hdds
2020-04-04 02:36:41,520 [main] INFO  volume.HddsVolumeChecker (HddsVolumeChecker.java:checkAllVolumes(200)) - Scheduled health check for volume /github/workspace/hadoop-ozone/integration-test/target/test-dir/MiniOzoneClusterImpl-cc0439a0-e977-413a-809d-caa56196bbad/datanode-0/data/containers/hdds
2020-04-04 02:36:41,682 [main] INFO  impl.RaftServerProxy (ConfUtils.java:logGet(44)) - raft.rpc.type = GRPC (default)
2020-04-04 02:36:41,820 [main] INFO  grpc.GrpcFactory (GrpcFactory.java:checkPooledByteBufAllocatorUseCacheForAllThreads(45)) - PERFORMANCE WARNING: useCacheForAllThreads is true that may cause Netty to create a lot garbage objects and, as a result, trigger GC.
	It is recommended to disable useCacheForAllThreads by setting -Dorg.apache.ratis.thirdparty.io.netty.allocator.useCacheForAllThreads=false in command line.
2020-04-04 02:36:41,827 [main] INFO  grpc.GrpcConfigKeys (ConfUtils.java:logGet(44)) - raft.grpc.server.port = 0 (default)
2020-04-04 02:36:41,828 [main] INFO  server.GrpcService (ConfUtils.java:logGet(44)) - raft.grpc.message.size.max = 32MB (=33554432) (custom)
2020-04-04 02:36:41,829 [main] INFO  server.RaftServerConfigKeys (ConfUtils.java:logGet(44)) - raft.server.log.appender.buffer.byte-limit = 33554432 (custom)
2020-04-04 02:36:41,830 [main] INFO  server.GrpcService (ConfUtils.java:logGet(44)) - raft.grpc.flow.control.window = 5MB (=5242880) (custom)
2020-04-04 02:36:41,830 [main] INFO  server.RaftServerConfigKeys (ConfUtils.java:logGet(44)) - raft.server.rpc.request.timeout = 3s (default)
2020-04-04 02:36:42,194 [main] INFO  server.RaftServerConfigKeys (ConfUtils.java:logGet(44)) - raft.server.storage.dir = [/github/workspace/hadoop-ozone/integration-test/target/test-dir/MiniOzoneClusterImpl-cc0439a0-e977-413a-809d-caa56196bbad/datanode-0/data/ratis] (custom)
2020-04-04 02:36:42,273 [main] INFO  http.BaseHttpServer (BaseHttpServer.java:newHttpServer2BuilderForOzone(170)) - Starting Web-server for hddsDatanode at: http://0.0.0.0:0
2020-04-04 02:36:42,275 [main] INFO  server.AuthenticationFilter (AuthenticationFilter.java:constructSecretProvider(240)) - Unable to initialize FileSignerSecretProvider, falling back to use random secrets.
2020-04-04 02:36:42,276 [main] WARN  http.HttpRequestLog (HttpRequestLog.java:getRequestLog(103)) - Jetty request log can only be enabled using Log4j
2020-04-04 02:36:42,281 [main] INFO  http.HttpServer2 (HttpServer2.java:addGlobalFilter(970)) - Added global filter 'safety' (class=org.apache.hadoop.hdds.server.http.HttpServer2$QuotingInputFilter)
2020-04-04 02:36:42,282 [main] INFO  http.HttpServer2 (HttpServer2.java:addFilter(946)) - Added filter static_user_filter (class=org.apache.hadoop.hdds.server.http.StaticUserWebFilter$StaticUserFilter) to context hddsDatanode
2020-04-04 02:36:42,283 [main] INFO  http.HttpServer2 (HttpServer2.java:addFilter(954)) - Added filter static_user_filter (class=org.apache.hadoop.hdds.server.http.StaticUserWebFilter$StaticUserFilter) to context static
2020-04-04 02:36:42,283 [main] INFO  http.HttpServer2 (HttpServer2.java:addFilter(954)) - Added filter static_user_filter (class=org.apache.hadoop.hdds.server.http.StaticUserWebFilter$StaticUserFilter) to context logs
2020-04-04 02:36:42,284 [main] INFO  http.HttpServer2 (HttpServer2.java:bindListener(1188)) - Jetty bound to port 45707
2020-04-04 02:36:42,284 [main] INFO  server.Server (Server.java:doStart(359)) - jetty-9.4.26.v20200117; built: 2020-01-17T12:35:33.676Z; git: 7b38981d25d14afb4a12ff1f2596756144edf695; jvm 1.8.0_232-b09
2020-04-04 02:36:42,292 [main] INFO  server.session (DefaultSessionIdManager.java:doStart(333)) - DefaultSessionIdManager workerName=node0
2020-04-04 02:36:42,292 [main] INFO  server.session (DefaultSessionIdManager.java:doStart(338)) - No SessionScavenger set, using defaults
2020-04-04 02:36:42,293 [main] INFO  server.session (HouseKeeper.java:startScavenging(140)) - node0 Scavenging every 600000ms
2020-04-04 02:36:42,294 [main] INFO  handler.ContextHandler (ContextHandler.java:doStart(825)) - Started o.e.j.s.ServletContextHandler@5f5c2d4b{logs,/logs,file:///github/workspace/hadoop-ozone/integration-test/target/log,AVAILABLE}
2020-04-04 02:36:42,296 [main] INFO  handler.ContextHandler (ContextHandler.java:doStart(825)) - Started o.e.j.s.ServletContextHandler@60cb002f{static,/static,jar:file:/home/user/.m2/repository/org/apache/hadoop/hadoop-hdds-container-service/0.6.0-SNAPSHOT/hadoop-hdds-container-service-0.6.0-SNAPSHOT.jar!/webapps/static,AVAILABLE}
2020-04-04 02:36:42,350 [main] INFO  handler.ContextHandler (ContextHandler.java:doStart(825)) - Started o.e.j.w.WebAppContext@4d081f89{hddsDatanode,/,file:///tmp/jetty-0_0_0_0-45707-hadoop-hdds-container-service-0_6_0-SNAPSHOT_jar-_-any-6005329907579219862.dir/webapp/,AVAILABLE}{jar:file:/home/user/.m2/repository/org/apache/hadoop/hadoop-hdds-container-service/0.6.0-SNAPSHOT/hadoop-hdds-container-service-0.6.0-SNAPSHOT.jar!/webapps/hddsDatanode}
2020-04-04 02:36:42,352 [main] INFO  server.AbstractConnector (AbstractConnector.java:doStart(330)) - Started ServerConnector@44b8ad2b{HTTP/1.1,[http/1.1]}{0.0.0.0:45707}
2020-04-04 02:36:42,352 [main] INFO  server.Server (Server.java:doStart(399)) - Started @7177ms
2020-04-04 02:36:42,352 [main] WARN  impl.MetricsSystemImpl (MetricsSystemImpl.java:register(276)) - Sink prometheus already exists!
2020-04-04 02:36:42,354 [main] INFO  http.BaseHttpServer (BaseHttpServer.java:updateConnectorAddress(284)) - HTTP server of hddsDatanode listening at http://0.0.0.0:45707
2020-04-04 02:36:42,355 [main] INFO  impl.MetricsSystemImpl (MetricsSystemImpl.java:init(158)) - HddsDatanode metrics system started (again)
2020-04-04 02:36:42,357 [main] INFO  ozone.HddsDatanodeService (HddsDatanodeService.java:start(204)) - HddsDatanodeService host:5a8bb91e4d22 ip:172.17.0.2
2020-04-04 02:36:42,361 [main] INFO  volume.HddsVolume (HddsVolume.java:<init>(177)) - Creating Volume: /github/workspace/hadoop-ozone/integration-test/target/test-dir/MiniOzoneClusterImpl-cc0439a0-e977-413a-809d-caa56196bbad/datanode-1/data/containers/hdds of storage type : DISK and capacity : 9223372036854775807
2020-04-04 02:36:42,361 [main] INFO  volume.MutableVolumeSet (MutableVolumeSet.java:initializeVolumeSet(188)) - Added Volume : /github/workspace/hadoop-ozone/integration-test/target/test-dir/MiniOzoneClusterImpl-cc0439a0-e977-413a-809d-caa56196bbad/datanode-1/data/containers/hdds to VolumeSet
2020-04-04 02:36:42,361 [main] INFO  volume.ThrottledAsyncChecker (ThrottledAsyncChecker.java:schedule(141)) - Scheduling a check for /github/workspace/hadoop-ozone/integration-test/target/test-dir/MiniOzoneClusterImpl-cc0439a0-e977-413a-809d-caa56196bbad/datanode-1/data/containers/hdds
2020-04-04 02:36:42,363 [main] INFO  volume.HddsVolumeChecker (HddsVolumeChecker.java:checkAllVolumes(200)) - Scheduled health check for volume /github/workspace/hadoop-ozone/integration-test/target/test-dir/MiniOzoneClusterImpl-cc0439a0-e977-413a-809d-caa56196bbad/datanode-1/data/containers/hdds
2020-04-04 02:36:42,391 [org.apache.hadoop.util.JvmPauseMonitor$Monitor@443f9559] INFO  util.JvmPauseMonitor (JvmPauseMonitor.java:run(188)) - Starting JVM pause monitor
2020-04-04 02:36:42,429 [main] INFO  impl.RaftServerProxy (ConfUtils.java:logGet(44)) - raft.rpc.type = GRPC (default)
2020-04-04 02:36:42,430 [main] INFO  grpc.GrpcFactory (GrpcFactory.java:checkPooledByteBufAllocatorUseCacheForAllThreads(45)) - PERFORMANCE WARNING: useCacheForAllThreads is true that may cause Netty to create a lot garbage objects and, as a result, trigger GC.
	It is recommended to disable useCacheForAllThreads by setting -Dorg.apache.ratis.thirdparty.io.netty.allocator.useCacheForAllThreads=false in command line.
2020-04-04 02:36:42,431 [main] INFO  grpc.GrpcConfigKeys (ConfUtils.java:logGet(44)) - raft.grpc.server.port = 0 (default)
2020-04-04 02:36:42,431 [main] INFO  server.GrpcService (ConfUtils.java:logGet(44)) - raft.grpc.message.size.max = 32MB (=33554432) (custom)
2020-04-04 02:36:42,431 [main] INFO  server.RaftServerConfigKeys (ConfUtils.java:logGet(44)) - raft.server.log.appender.buffer.byte-limit = 33554432 (custom)
2020-04-04 02:36:42,432 [main] INFO  server.GrpcService (ConfUtils.java:logGet(44)) - raft.grpc.flow.control.window = 5MB (=5242880) (custom)
2020-04-04 02:36:42,432 [main] INFO  server.RaftServerConfigKeys (ConfUtils.java:logGet(44)) - raft.server.rpc.request.timeout = 3s (default)
2020-04-04 02:36:42,433 [main] INFO  server.RaftServerConfigKeys (ConfUtils.java:logGet(44)) - raft.server.storage.dir = [/github/workspace/hadoop-ozone/integration-test/target/test-dir/MiniOzoneClusterImpl-cc0439a0-e977-413a-809d-caa56196bbad/datanode-1/data/ratis] (custom)
2020-04-04 02:36:42,452 [main] INFO  http.BaseHttpServer (BaseHttpServer.java:newHttpServer2BuilderForOzone(170)) - Starting Web-server for hddsDatanode at: http://0.0.0.0:0
2020-04-04 02:36:42,453 [main] INFO  server.AuthenticationFilter (AuthenticationFilter.java:constructSecretProvider(240)) - Unable to initialize FileSignerSecretProvider, falling back to use random secrets.
2020-04-04 02:36:42,461 [main] WARN  http.HttpRequestLog (HttpRequestLog.java:getRequestLog(103)) - Jetty request log can only be enabled using Log4j
2020-04-04 02:36:42,463 [main] INFO  http.HttpServer2 (HttpServer2.java:addGlobalFilter(970)) - Added global filter 'safety' (class=org.apache.hadoop.hdds.server.http.HttpServer2$QuotingInputFilter)
2020-04-04 02:36:42,464 [main] INFO  http.HttpServer2 (HttpServer2.java:addFilter(946)) - Added filter static_user_filter (class=org.apache.hadoop.hdds.server.http.StaticUserWebFilter$StaticUserFilter) to context hddsDatanode
2020-04-04 02:36:42,464 [main] INFO  http.HttpServer2 (HttpServer2.java:addFilter(954)) - Added filter static_user_filter (class=org.apache.hadoop.hdds.server.http.StaticUserWebFilter$StaticUserFilter) to context static
2020-04-04 02:36:42,464 [main] INFO  http.HttpServer2 (HttpServer2.java:addFilter(954)) - Added filter static_user_filter (class=org.apache.hadoop.hdds.server.http.StaticUserWebFilter$StaticUserFilter) to context logs
2020-04-04 02:36:42,465 [main] INFO  http.HttpServer2 (HttpServer2.java:bindListener(1188)) - Jetty bound to port 46257
2020-04-04 02:36:42,465 [main] INFO  server.Server (Server.java:doStart(359)) - jetty-9.4.26.v20200117; built: 2020-01-17T12:35:33.676Z; git: 7b38981d25d14afb4a12ff1f2596756144edf695; jvm 1.8.0_232-b09
2020-04-04 02:36:42,499 [main] INFO  server.session (DefaultSessionIdManager.java:doStart(333)) - DefaultSessionIdManager workerName=node0
2020-04-04 02:36:42,499 [main] INFO  server.session (DefaultSessionIdManager.java:doStart(338)) - No SessionScavenger set, using defaults
2020-04-04 02:36:42,500 [main] INFO  server.session (HouseKeeper.java:startScavenging(140)) - node0 Scavenging every 600000ms
2020-04-04 02:36:42,503 [main] INFO  handler.ContextHandler (ContextHandler.java:doStart(825)) - Started o.e.j.s.ServletContextHandler@5c5e3f45{logs,/logs,file:///github/workspace/hadoop-ozone/integration-test/target/log,AVAILABLE}
2020-04-04 02:36:42,503 [main] INFO  handler.ContextHandler (ContextHandler.java:doStart(825)) - Started o.e.j.s.ServletContextHandler@8a7bc36{static,/static,jar:file:/home/user/.m2/repository/org/apache/hadoop/hadoop-hdds-container-service/0.6.0-SNAPSHOT/hadoop-hdds-container-service-0.6.0-SNAPSHOT.jar!/webapps/static,AVAILABLE}
2020-04-04 02:36:42,536 [main] INFO  handler.ContextHandler (ContextHandler.java:doStart(825)) - Started o.e.j.w.WebAppContext@331dea5f{hddsDatanode,/,file:///tmp/jetty-0_0_0_0-46257-hadoop-hdds-container-service-0_6_0-SNAPSHOT_jar-_-any-985083334286108428.dir/webapp/,AVAILABLE}{jar:file:/home/user/.m2/repository/org/apache/hadoop/hadoop-hdds-container-service/0.6.0-SNAPSHOT/hadoop-hdds-container-service-0.6.0-SNAPSHOT.jar!/webapps/hddsDatanode}
2020-04-04 02:36:42,538 [main] INFO  server.AbstractConnector (AbstractConnector.java:doStart(330)) - Started ServerConnector@8a59a57{HTTP/1.1,[http/1.1]}{0.0.0.0:46257}
2020-04-04 02:36:42,538 [main] INFO  server.Server (Server.java:doStart(399)) - Started @7364ms
2020-04-04 02:36:42,539 [main] WARN  impl.MetricsSystemImpl (MetricsSystemImpl.java:register(276)) - Sink prometheus already exists!
2020-04-04 02:36:42,541 [main] INFO  http.BaseHttpServer (BaseHttpServer.java:updateConnectorAddress(284)) - HTTP server of hddsDatanode listening at http://0.0.0.0:46257
2020-04-04 02:36:42,542 [main] INFO  impl.MetricsSystemImpl (MetricsSystemImpl.java:init(158)) - HddsDatanode metrics system started (again)
2020-04-04 02:36:42,544 [main] INFO  ozone.HddsDatanodeService (HddsDatanodeService.java:start(204)) - HddsDatanodeService host:5a8bb91e4d22 ip:172.17.0.2
2020-04-04 02:36:42,546 [main] INFO  volume.HddsVolume (HddsVolume.java:<init>(177)) - Creating Volume: /github/workspace/hadoop-ozone/integration-test/target/test-dir/MiniOzoneClusterImpl-cc0439a0-e977-413a-809d-caa56196bbad/datanode-2/data/containers/hdds of storage type : DISK and capacity : 9223372036854775807
2020-04-04 02:36:42,546 [main] INFO  volume.MutableVolumeSet (MutableVolumeSet.java:initializeVolumeSet(188)) - Added Volume : /github/workspace/hadoop-ozone/integration-test/target/test-dir/MiniOzoneClusterImpl-cc0439a0-e977-413a-809d-caa56196bbad/datanode-2/data/containers/hdds to VolumeSet
2020-04-04 02:36:42,546 [main] INFO  volume.ThrottledAsyncChecker (ThrottledAsyncChecker.java:schedule(141)) - Scheduling a check for /github/workspace/hadoop-ozone/integration-test/target/test-dir/MiniOzoneClusterImpl-cc0439a0-e977-413a-809d-caa56196bbad/datanode-2/data/containers/hdds
2020-04-04 02:36:42,547 [main] INFO  volume.HddsVolumeChecker (HddsVolumeChecker.java:checkAllVolumes(200)) - Scheduled health check for volume /github/workspace/hadoop-ozone/integration-test/target/test-dir/MiniOzoneClusterImpl-cc0439a0-e977-413a-809d-caa56196bbad/datanode-2/data/containers/hdds
2020-04-04 02:36:42,555 [org.apache.hadoop.util.JvmPauseMonitor$Monitor@74fc0e11] INFO  util.JvmPauseMonitor (JvmPauseMonitor.java:run(188)) - Starting JVM pause monitor
2020-04-04 02:36:42,592 [main] INFO  impl.RaftServerProxy (ConfUtils.java:logGet(44)) - raft.rpc.type = GRPC (default)
2020-04-04 02:36:42,594 [main] INFO  grpc.GrpcFactory (GrpcFactory.java:checkPooledByteBufAllocatorUseCacheForAllThreads(45)) - PERFORMANCE WARNING: useCacheForAllThreads is true that may cause Netty to create a lot garbage objects and, as a result, trigger GC.
	It is recommended to disable useCacheForAllThreads by setting -Dorg.apache.ratis.thirdparty.io.netty.allocator.useCacheForAllThreads=false in command line.
2020-04-04 02:36:42,594 [main] INFO  grpc.GrpcConfigKeys (ConfUtils.java:logGet(44)) - raft.grpc.server.port = 0 (default)
2020-04-04 02:36:42,596 [main] INFO  server.GrpcService (ConfUtils.java:logGet(44)) - raft.grpc.message.size.max = 32MB (=33554432) (custom)
2020-04-04 02:36:42,597 [main] INFO  server.RaftServerConfigKeys (ConfUtils.java:logGet(44)) - raft.server.log.appender.buffer.byte-limit = 33554432 (custom)
2020-04-04 02:36:42,597 [main] INFO  server.GrpcService (ConfUtils.java:logGet(44)) - raft.grpc.flow.control.window = 5MB (=5242880) (custom)
2020-04-04 02:36:42,597 [main] INFO  server.RaftServerConfigKeys (ConfUtils.java:logGet(44)) - raft.server.rpc.request.timeout = 3s (default)
2020-04-04 02:36:42,598 [main] INFO  server.RaftServerConfigKeys (ConfUtils.java:logGet(44)) - raft.server.storage.dir = [/github/workspace/hadoop-ozone/integration-test/target/test-dir/MiniOzoneClusterImpl-cc0439a0-e977-413a-809d-caa56196bbad/datanode-2/data/ratis] (custom)
2020-04-04 02:36:42,606 [main] INFO  http.BaseHttpServer (BaseHttpServer.java:newHttpServer2BuilderForOzone(170)) - Starting Web-server for hddsDatanode at: http://0.0.0.0:0
2020-04-04 02:36:42,607 [main] INFO  server.AuthenticationFilter (AuthenticationFilter.java:constructSecretProvider(240)) - Unable to initialize FileSignerSecretProvider, falling back to use random secrets.
2020-04-04 02:36:42,611 [Datanode State Machine Thread - 0] INFO  datanode.InitDatanodeState (InitDatanodeState.java:persistContainerDatanodeDetails(147)) - DatanodeDetails is persisted to /github/workspace/hadoop-ozone/integration-test/target/test-dir/MiniOzoneClusterImpl-cc0439a0-e977-413a-809d-caa56196bbad/datanode-0/meta/datanode.id
2020-04-04 02:36:42,611 [main] WARN  http.HttpRequestLog (HttpRequestLog.java:getRequestLog(103)) - Jetty request log can only be enabled using Log4j
2020-04-04 02:36:42,614 [main] INFO  http.HttpServer2 (HttpServer2.java:addGlobalFilter(970)) - Added global filter 'safety' (class=org.apache.hadoop.hdds.server.http.HttpServer2$QuotingInputFilter)
2020-04-04 02:36:42,616 [main] INFO  http.HttpServer2 (HttpServer2.java:addFilter(946)) - Added filter static_user_filter (class=org.apache.hadoop.hdds.server.http.StaticUserWebFilter$StaticUserFilter) to context hddsDatanode
2020-04-04 02:36:42,617 [main] INFO  http.HttpServer2 (HttpServer2.java:addFilter(954)) - Added filter static_user_filter (class=org.apache.hadoop.hdds.server.http.StaticUserWebFilter$StaticUserFilter) to context logs
2020-04-04 02:36:42,617 [main] INFO  http.HttpServer2 (HttpServer2.java:addFilter(954)) - Added filter static_user_filter (class=org.apache.hadoop.hdds.server.http.StaticUserWebFilter$StaticUserFilter) to context static
2020-04-04 02:36:42,617 [Datanode State Machine Thread - 0] INFO  datanode.InitDatanodeState (InitDatanodeState.java:persistContainerDatanodeDetails(147)) - DatanodeDetails is persisted to /github/workspace/hadoop-ozone/integration-test/target/test-dir/MiniOzoneClusterImpl-cc0439a0-e977-413a-809d-caa56196bbad/datanode-1/meta/datanode.id
2020-04-04 02:36:42,619 [main] INFO  http.HttpServer2 (HttpServer2.java:bindListener(1188)) - Jetty bound to port 43579
2020-04-04 02:36:42,619 [main] INFO  server.Server (Server.java:doStart(359)) - jetty-9.4.26.v20200117; built: 2020-01-17T12:35:33.676Z; git: 7b38981d25d14afb4a12ff1f2596756144edf695; jvm 1.8.0_232-b09
2020-04-04 02:36:42,628 [main] INFO  server.session (DefaultSessionIdManager.java:doStart(333)) - DefaultSessionIdManager workerName=node0
2020-04-04 02:36:42,628 [main] INFO  server.session (DefaultSessionIdManager.java:doStart(338)) - No SessionScavenger set, using defaults
2020-04-04 02:36:42,628 [main] INFO  server.session (HouseKeeper.java:startScavenging(140)) - node0 Scavenging every 660000ms
2020-04-04 02:36:42,631 [main] INFO  handler.ContextHandler (ContextHandler.java:doStart(825)) - Started o.e.j.s.ServletContextHandler@55e25c9{logs,/logs,file:///github/workspace/hadoop-ozone/integration-test/target/log,AVAILABLE}
2020-04-04 02:36:42,631 [main] INFO  handler.ContextHandler (ContextHandler.java:doStart(825)) - Started o.e.j.s.ServletContextHandler@575143fa{static,/static,jar:file:/home/user/.m2/repository/org/apache/hadoop/hadoop-hdds-container-service/0.6.0-SNAPSHOT/hadoop-hdds-container-service-0.6.0-SNAPSHOT.jar!/webapps/static,AVAILABLE}
2020-04-04 02:36:42,662 [main] INFO  handler.ContextHandler (ContextHandler.java:doStart(825)) - Started o.e.j.w.WebAppContext@315fe2b1{hddsDatanode,/,file:///tmp/jetty-0_0_0_0-43579-hadoop-hdds-container-service-0_6_0-SNAPSHOT_jar-_-any-5421288342212986145.dir/webapp/,AVAILABLE}{jar:file:/home/user/.m2/repository/org/apache/hadoop/hadoop-hdds-container-service/0.6.0-SNAPSHOT/hadoop-hdds-container-service-0.6.0-SNAPSHOT.jar!/webapps/hddsDatanode}
2020-04-04 02:36:42,664 [main] INFO  server.AbstractConnector (AbstractConnector.java:doStart(330)) - Started ServerConnector@3356a822{HTTP/1.1,[http/1.1]}{0.0.0.0:43579}
2020-04-04 02:36:42,664 [main] INFO  server.Server (Server.java:doStart(399)) - Started @7489ms
2020-04-04 02:36:42,664 [main] WARN  impl.MetricsSystemImpl (MetricsSystemImpl.java:register(276)) - Sink prometheus already exists!
2020-04-04 02:36:42,666 [main] INFO  http.BaseHttpServer (BaseHttpServer.java:updateConnectorAddress(284)) - HTTP server of hddsDatanode listening at http://0.0.0.0:43579
2020-04-04 02:36:42,667 [main] INFO  ozone.MiniOzoneClusterImpl (MiniOzoneClusterImpl.java:lambda$waitForClusterToBeReady$0(177)) - Waiting for nodes to be ready. Got 0 of 3 DN Heartbeats.
2020-04-04 02:36:42,667 [main] INFO  ozone.MiniOzoneClusterImpl (MiniOzoneClusterImpl.java:lambda$waitForClusterToBeReady$0(180)) - Waiting for cluster to exit safe mode
2020-04-04 02:36:42,681 [Datanode State Machine Thread - 0] INFO  datanode.InitDatanodeState (InitDatanodeState.java:persistContainerDatanodeDetails(147)) - DatanodeDetails is persisted to /github/workspace/hadoop-ozone/integration-test/target/test-dir/MiniOzoneClusterImpl-cc0439a0-e977-413a-809d-caa56196bbad/datanode-2/meta/datanode.id
2020-04-04 02:36:42,682 [org.apache.hadoop.util.JvmPauseMonitor$Monitor@44a6b427] INFO  util.JvmPauseMonitor (JvmPauseMonitor.java:run(188)) - Starting JVM pause monitor
2020-04-04 02:36:43,668 [main] INFO  ozone.MiniOzoneClusterImpl (MiniOzoneClusterImpl.java:lambda$waitForClusterToBeReady$0(177)) - Waiting for nodes to be ready. Got 0 of 3 DN Heartbeats.
2020-04-04 02:36:43,668 [main] INFO  ozone.MiniOzoneClusterImpl (MiniOzoneClusterImpl.java:lambda$waitForClusterToBeReady$0(180)) - Waiting for cluster to exit safe mode
2020-04-04 02:36:44,464 [Datanode State Machine Thread - 0] INFO  ozoneimpl.OzoneContainer (OzoneContainer.java:start(231)) - Attempting to start container services.
2020-04-04 02:36:44,466 [Datanode State Machine Thread - 0] INFO  ozoneimpl.OzoneContainer (OzoneContainer.java:startContainerScrub(195)) - Background container scanner has been disabled.
2020-04-04 02:36:44,466 [Datanode State Machine Thread - 0] INFO  ratis.XceiverServerRatis (XceiverServerRatis.java:start(406)) - Starting XceiverServerRatis 25b95316-ab88-4802-813b-52a2b94286bf at port 0
2020-04-04 02:36:44,486 [Datanode State Machine Thread - 0] INFO  impl.RaftServerProxy (RaftServerProxy.java:lambda$start$3(299)) - 25b95316-ab88-4802-813b-52a2b94286bf: start RPC server
2020-04-04 02:36:44,561 [Datanode State Machine Thread - 0] INFO  ozoneimpl.OzoneContainer (OzoneContainer.java:start(231)) - Attempting to start container services.
2020-04-04 02:36:44,574 [Datanode State Machine Thread - 0] INFO  ozoneimpl.OzoneContainer (OzoneContainer.java:startContainerScrub(195)) - Background container scanner has been disabled.
2020-04-04 02:36:44,574 [Datanode State Machine Thread - 0] INFO  ratis.XceiverServerRatis (XceiverServerRatis.java:start(406)) - Starting XceiverServerRatis 5138af2d-87ee-4dde-978c-195be5163f61 at port 0
2020-04-04 02:36:44,576 [Datanode State Machine Thread - 0] INFO  impl.RaftServerProxy (RaftServerProxy.java:lambda$start$3(299)) - 5138af2d-87ee-4dde-978c-195be5163f61: start RPC server
2020-04-04 02:36:44,601 [Datanode State Machine Thread - 0] INFO  server.GrpcService (GrpcService.java:startImpl(158)) - 5138af2d-87ee-4dde-978c-195be5163f61: GrpcService started, listening on 0.0.0.0/0.0.0.0:41801
2020-04-04 02:36:44,602 [Datanode State Machine Thread - 0] INFO  ratis.XceiverServerRatis (XceiverServerRatis.java:start(418)) - XceiverServerRatis 5138af2d-87ee-4dde-978c-195be5163f61 is started using port 41801
2020-04-04 02:36:44,604 [Datanode State Machine Thread - 0] INFO  server.GrpcService (GrpcService.java:startImpl(158)) - 25b95316-ab88-4802-813b-52a2b94286bf: GrpcService started, listening on 0.0.0.0/0.0.0.0:43301
2020-04-04 02:36:44,604 [Datanode State Machine Thread - 0] INFO  ratis.XceiverServerRatis (XceiverServerRatis.java:start(418)) - XceiverServerRatis 25b95316-ab88-4802-813b-52a2b94286bf is started using port 43301
2020-04-04 02:36:44,606 [Datanode State Machine Thread - 0] INFO  server.XceiverServerGrpc (XceiverServerGrpc.java:start(145)) - XceiverServerGrpc 5138af2d-87ee-4dde-978c-195be5163f61 is started using port 41595
2020-04-04 02:36:44,610 [Datanode State Machine Thread - 0] INFO  server.XceiverServerGrpc (XceiverServerGrpc.java:start(145)) - XceiverServerGrpc 25b95316-ab88-4802-813b-52a2b94286bf is started using port 42301
2020-04-04 02:36:44,668 [main] INFO  ozone.MiniOzoneClusterImpl (MiniOzoneClusterImpl.java:lambda$waitForClusterToBeReady$0(177)) - Waiting for nodes to be ready. Got 0 of 3 DN Heartbeats.
2020-04-04 02:36:44,669 [main] INFO  ozone.MiniOzoneClusterImpl (MiniOzoneClusterImpl.java:lambda$waitForClusterToBeReady$0(180)) - Waiting for cluster to exit safe mode
2020-04-04 02:36:44,682 [Datanode State Machine Thread - 0] INFO  ozoneimpl.OzoneContainer (OzoneContainer.java:start(231)) - Attempting to start container services.
2020-04-04 02:36:44,683 [Datanode State Machine Thread - 0] INFO  ozoneimpl.OzoneContainer (OzoneContainer.java:startContainerScrub(195)) - Background container scanner has been disabled.
2020-04-04 02:36:44,683 [Datanode State Machine Thread - 0] INFO  ratis.XceiverServerRatis (XceiverServerRatis.java:start(406)) - Starting XceiverServerRatis 3ff0e7ab-a041-46a5-80bc-26a059f3ba72 at port 0
2020-04-04 02:36:44,686 [Datanode State Machine Thread - 0] INFO  impl.RaftServerProxy (RaftServerProxy.java:lambda$start$3(299)) - 3ff0e7ab-a041-46a5-80bc-26a059f3ba72: start RPC server
2020-04-04 02:36:44,698 [Datanode State Machine Thread - 0] INFO  server.GrpcService (GrpcService.java:startImpl(158)) - 3ff0e7ab-a041-46a5-80bc-26a059f3ba72: GrpcService started, listening on 0.0.0.0/0.0.0.0:33219
2020-04-04 02:36:44,698 [Datanode State Machine Thread - 0] INFO  ratis.XceiverServerRatis (XceiverServerRatis.java:start(418)) - XceiverServerRatis 3ff0e7ab-a041-46a5-80bc-26a059f3ba72 is started using port 33219
2020-04-04 02:36:44,701 [Datanode State Machine Thread - 0] INFO  server.XceiverServerGrpc (XceiverServerGrpc.java:start(145)) - XceiverServerGrpc 3ff0e7ab-a041-46a5-80bc-26a059f3ba72 is started using port 45831
2020-04-04 02:36:45,669 [main] INFO  ozone.MiniOzoneClusterImpl (MiniOzoneClusterImpl.java:lambda$waitForClusterToBeReady$0(177)) - Waiting for nodes to be ready. Got 0 of 3 DN Heartbeats.
2020-04-04 02:36:45,669 [main] INFO  ozone.MiniOzoneClusterImpl (MiniOzoneClusterImpl.java:lambda$waitForClusterToBeReady$0(180)) - Waiting for cluster to exit safe mode
2020-04-04 02:36:46,405 [IPC Server handler 0 on 45745] INFO  net.NetworkTopology (NetworkTopologyImpl.java:add(111)) - Added a new node: /default-rack/25b95316-ab88-4802-813b-52a2b94286bf
2020-04-04 02:36:46,405 [IPC Server handler 0 on 45745] INFO  node.SCMNodeManager (SCMNodeManager.java:register(268)) - Registered Data node : 25b95316-ab88-4802-813b-52a2b94286bf{ip: 172.17.0.2, host: 5a8bb91e4d22, networkLocation: /default-rack, certSerialId: null}
2020-04-04 02:36:46,411 [RatisPipelineUtilsThread] INFO  pipeline.RatisPipelineProvider (RatisPipelineProvider.java:lambda$create$3(170)) - Sending CreatePipelineCommand for pipeline:PipelineID=8db060c3-8419-4dbd-82fc-4ccc45d2dfc8 to datanode:25b95316-ab88-4802-813b-52a2b94286bf
2020-04-04 02:36:46,415 [EventQueue-NodeRegistrationContainerReportForContainerSafeModeRule] INFO  safemode.SCMSafeModeManager (SCMSafeModeManager.java:validateSafeModeExitRules(175)) - ContainerSafeModeRule rule is successfully validated
2020-04-04 02:36:46,416 [EventQueue-NodeRegistrationContainerReportForDataNodeSafeModeRule] INFO  safemode.SCMSafeModeManager (DataNodeSafeModeRule.java:process(71)) - SCM in safe mode. 1 DataNodes registered, 1 required.
2020-04-04 02:36:46,416 [EventQueue-NodeRegistrationContainerReportForDataNodeSafeModeRule] INFO  safemode.SCMSafeModeManager (SCMSafeModeManager.java:validateSafeModeExitRules(175)) - DataNodeSafeModeRule rule is successfully validated
2020-04-04 02:36:46,429 [RatisPipelineUtilsThread] INFO  pipeline.PipelineStateManager (PipelineStateManager.java:addPipeline(54)) - Created pipeline Pipeline[ Id: 8db060c3-8419-4dbd-82fc-4ccc45d2dfc8, Nodes: 25b95316-ab88-4802-813b-52a2b94286bf{ip: 172.17.0.2, host: 5a8bb91e4d22, networkLocation: /default-rack, certSerialId: null}, Type:RATIS, Factor:ONE, State:ALLOCATED, leaderId:null, CreationTimestamp2020-04-04T02:36:46.407Z]
2020-04-04 02:36:46,432 [RatisPipelineUtilsThread] WARN  pipeline.PipelinePlacementPolicy (PipelinePlacementPolicy.java:filterViableNodes(150)) - Pipeline creation failed due to no sufficient healthy datanodes. Required 3. Found 1.
2020-04-04 02:36:46,557 [IPC Server handler 1 on 45745] INFO  net.NetworkTopology (NetworkTopologyImpl.java:add(111)) - Added a new node: /default-rack/5138af2d-87ee-4dde-978c-195be5163f61
2020-04-04 02:36:46,557 [IPC Server handler 1 on 45745] INFO  node.SCMNodeManager (SCMNodeManager.java:register(268)) - Registered Data node : 5138af2d-87ee-4dde-978c-195be5163f61{ip: 172.17.0.2, host: 5a8bb91e4d22, networkLocation: /default-rack, certSerialId: null}
2020-04-04 02:36:46,557 [EventQueue-NodeRegistrationContainerReportForContainerSafeModeRule] INFO  safemode.SCMSafeModeManager (SCMSafeModeManager.java:validateSafeModeExitRules(175)) - ContainerSafeModeRule rule is successfully validated
2020-04-04 02:36:46,558 [EventQueue-NodeRegistrationContainerReportForDataNodeSafeModeRule] INFO  safemode.SCMSafeModeManager (SCMSafeModeManager.java:validateSafeModeExitRules(175)) - DataNodeSafeModeRule rule is successfully validated
2020-04-04 02:36:46,559 [RatisPipelineUtilsThread] INFO  pipeline.RatisPipelineProvider (RatisPipelineProvider.java:lambda$create$3(170)) - Sending CreatePipelineCommand for pipeline:PipelineID=b8e36055-fd25-4476-be97-58b9dedb993d to datanode:5138af2d-87ee-4dde-978c-195be5163f61
2020-04-04 02:36:46,560 [RatisPipelineUtilsThread] INFO  pipeline.PipelineStateManager (PipelineStateManager.java:addPipeline(54)) - Created pipeline Pipeline[ Id: b8e36055-fd25-4476-be97-58b9dedb993d, Nodes: 5138af2d-87ee-4dde-978c-195be5163f61{ip: 172.17.0.2, host: 5a8bb91e4d22, networkLocation: /default-rack, certSerialId: null}, Type:RATIS, Factor:ONE, State:ALLOCATED, leaderId:null, CreationTimestamp2020-04-04T02:36:46.559Z]
2020-04-04 02:36:46,562 [RatisPipelineUtilsThread] WARN  pipeline.PipelinePlacementPolicy (PipelinePlacementPolicy.java:filterViableNodes(150)) - Pipeline creation failed due to no sufficient healthy datanodes. Required 3. Found 2.
2020-04-04 02:36:46,670 [main] INFO  ozone.MiniOzoneClusterImpl (MiniOzoneClusterImpl.java:lambda$waitForClusterToBeReady$0(177)) - Waiting for nodes to be ready. Got 2 of 3 DN Heartbeats.
2020-04-04 02:36:46,670 [main] INFO  ozone.MiniOzoneClusterImpl (MiniOzoneClusterImpl.java:lambda$waitForClusterToBeReady$0(180)) - Waiting for cluster to exit safe mode
2020-04-04 02:36:46,680 [IPC Server handler 2 on 45745] INFO  net.NetworkTopology (NetworkTopologyImpl.java:add(111)) - Added a new node: /default-rack/3ff0e7ab-a041-46a5-80bc-26a059f3ba72
2020-04-04 02:36:46,681 [IPC Server handler 2 on 45745] INFO  node.SCMNodeManager (SCMNodeManager.java:register(268)) - Registered Data node : 3ff0e7ab-a041-46a5-80bc-26a059f3ba72{ip: 172.17.0.2, host: 5a8bb91e4d22, networkLocation: /default-rack, certSerialId: null}
2020-04-04 02:36:46,681 [EventQueue-NodeRegistrationContainerReportForContainerSafeModeRule] INFO  safemode.SCMSafeModeManager (SCMSafeModeManager.java:validateSafeModeExitRules(175)) - ContainerSafeModeRule rule is successfully validated
2020-04-04 02:36:46,681 [EventQueue-NodeRegistrationContainerReportForDataNodeSafeModeRule] INFO  safemode.SCMSafeModeManager (SCMSafeModeManager.java:validateSafeModeExitRules(175)) - DataNodeSafeModeRule rule is successfully validated
2020-04-04 02:36:46,683 [RatisPipelineUtilsThread] INFO  pipeline.RatisPipelineProvider (RatisPipelineProvider.java:lambda$create$3(170)) - Sending CreatePipelineCommand for pipeline:PipelineID=ee28e1fe-e48a-44f8-98dc-0c90796d2ddc to datanode:3ff0e7ab-a041-46a5-80bc-26a059f3ba72
2020-04-04 02:36:46,683 [RatisPipelineUtilsThread] INFO  pipeline.PipelineStateManager (PipelineStateManager.java:addPipeline(54)) - Created pipeline Pipeline[ Id: ee28e1fe-e48a-44f8-98dc-0c90796d2ddc, Nodes: 3ff0e7ab-a041-46a5-80bc-26a059f3ba72{ip: 172.17.0.2, host: 5a8bb91e4d22, networkLocation: /default-rack, certSerialId: null}, Type:RATIS, Factor:ONE, State:ALLOCATED, leaderId:null, CreationTimestamp2020-04-04T02:36:46.683Z]
2020-04-04 02:36:46,688 [RatisPipelineUtilsThread] INFO  pipeline.RatisPipelineProvider (RatisPipelineProvider.java:lambda$create$3(170)) - Sending CreatePipelineCommand for pipeline:PipelineID=253d2392-7d22-4203-82a2-9123072637c4 to datanode:25b95316-ab88-4802-813b-52a2b94286bf
2020-04-04 02:36:46,689 [RatisPipelineUtilsThread] INFO  pipeline.RatisPipelineProvider (RatisPipelineProvider.java:lambda$create$3(170)) - Sending CreatePipelineCommand for pipeline:PipelineID=253d2392-7d22-4203-82a2-9123072637c4 to datanode:5138af2d-87ee-4dde-978c-195be5163f61
2020-04-04 02:36:46,689 [RatisPipelineUtilsThread] INFO  pipeline.RatisPipelineProvider (RatisPipelineProvider.java:lambda$create$3(170)) - Sending CreatePipelineCommand for pipeline:PipelineID=253d2392-7d22-4203-82a2-9123072637c4 to datanode:3ff0e7ab-a041-46a5-80bc-26a059f3ba72
2020-04-04 02:36:46,690 [RatisPipelineUtilsThread] INFO  pipeline.PipelineStateManager (PipelineStateManager.java:addPipeline(54)) - Created pipeline Pipeline[ Id: 253d2392-7d22-4203-82a2-9123072637c4, Nodes: 25b95316-ab88-4802-813b-52a2b94286bf{ip: 172.17.0.2, host: 5a8bb91e4d22, networkLocation: /default-rack, certSerialId: null}5138af2d-87ee-4dde-978c-195be5163f61{ip: 172.17.0.2, host: 5a8bb91e4d22, networkLocation: /default-rack, certSerialId: null}3ff0e7ab-a041-46a5-80bc-26a059f3ba72{ip: 172.17.0.2, host: 5a8bb91e4d22, networkLocation: /default-rack, certSerialId: null}, Type:RATIS, Factor:THREE, State:ALLOCATED, leaderId:null, CreationTimestamp2020-04-04T02:36:46.688Z]
2020-04-04 02:36:47,670 [main] INFO  ozone.MiniOzoneClusterImpl (MiniOzoneClusterImpl.java:lambda$waitForClusterToBeReady$0(177)) - Nodes are ready. Got 3 of 3 DN Heartbeats.
2020-04-04 02:36:47,670 [main] INFO  ozone.MiniOzoneClusterImpl (MiniOzoneClusterImpl.java:lambda$waitForClusterToBeReady$0(180)) - Waiting for cluster to exit safe mode
2020-04-04 02:36:48,671 [main] INFO  ozone.MiniOzoneClusterImpl (MiniOzoneClusterImpl.java:lambda$waitForClusterToBeReady$0(177)) - Nodes are ready. Got 3 of 3 DN Heartbeats.
2020-04-04 02:36:48,671 [main] INFO  ozone.MiniOzoneClusterImpl (MiniOzoneClusterImpl.java:lambda$waitForClusterToBeReady$0(180)) - Waiting for cluster to exit safe mode
2020-04-04 02:36:49,404 [Command processor thread] INFO  impl.RaftServerProxy (RaftServerProxy.java:addNew(89)) - 25b95316-ab88-4802-813b-52a2b94286bf: addNew group-4CCC45D2DFC8:[25b95316-ab88-4802-813b-52a2b94286bf:172.17.0.2:43301] returns group-4CCC45D2DFC8:java.util.concurrent.CompletableFuture@4c0559ee[Not completed]
2020-04-04 02:36:49,430 [pool-31-thread-1] INFO  impl.RaftServerImpl (RaftServerImpl.java:<init>(97)) - 25b95316-ab88-4802-813b-52a2b94286bf: new RaftServerImpl for group-4CCC45D2DFC8:[25b95316-ab88-4802-813b-52a2b94286bf:172.17.0.2:43301] with ContainerStateMachine:uninitialized
2020-04-04 02:36:49,432 [pool-31-thread-1] INFO  server.RaftServerConfigKeys (ConfUtils.java:logGet(44)) - raft.server.rpc.timeout.min = 5s (custom)
2020-04-04 02:36:49,433 [pool-31-thread-1] INFO  server.RaftServerConfigKeys (ConfUtils.java:logGet(44)) - raft.server.rpc.timeout.max = 5200ms (custom)
2020-04-04 02:36:49,433 [pool-31-thread-1] INFO  server.RaftServerConfigKeys (ConfUtils.java:logGet(44)) - raft.server.rpcslowness.timeout = 300s (custom)
2020-04-04 02:36:49,434 [pool-31-thread-1] INFO  server.RaftServerConfigKeys (ConfUtils.java:logGet(44)) - raft.server.sleep.deviation.threshold = 300 (default)
2020-04-04 02:36:49,434 [pool-31-thread-1] INFO  server.RaftServerConfigKeys (ConfUtils.java:logGet(44)) - raft.server.log.appender.install.snapshot.enabled = false (custom)
2020-04-04 02:36:49,445 [pool-31-thread-1] INFO  impl.RaftServerImpl (ServerState.java:<init>(103)) - 25b95316-ab88-4802-813b-52a2b94286bf@group-4CCC45D2DFC8: ConfigurationManager, init=-1: [25b95316-ab88-4802-813b-52a2b94286bf:172.17.0.2:43301], old=null, confs=<EMPTY_MAP>
2020-04-04 02:36:49,446 [pool-31-thread-1] INFO  server.RaftServerConfigKeys (ConfUtils.java:logGet(44)) - raft.server.storage.dir = [/github/workspace/hadoop-ozone/integration-test/target/test-dir/MiniOzoneClusterImpl-cc0439a0-e977-413a-809d-caa56196bbad/datanode-0/data/ratis] (custom)
2020-04-04 02:36:49,452 [pool-31-thread-1] INFO  server.RaftServerConfigKeys (ConfUtils.java:logGet(44)) - raft.server.log.corruption.policy = EXCEPTION (default)
2020-04-04 02:36:49,454 [pool-31-thread-1] INFO  storage.RaftStorageDirectory (RaftStorageDirectory.java:analyzeStorage(253)) - The storage directory /github/workspace/hadoop-ozone/integration-test/target/test-dir/MiniOzoneClusterImpl-cc0439a0-e977-413a-809d-caa56196bbad/datanode-0/data/ratis/8db060c3-8419-4dbd-82fc-4ccc45d2dfc8 does not exist. Creating ...
2020-04-04 02:36:49,460 [pool-31-thread-1] INFO  storage.RaftStorageDirectory (RaftStorageDirectory.java:tryLock(335)) - Lock on /github/workspace/hadoop-ozone/integration-test/target/test-dir/MiniOzoneClusterImpl-cc0439a0-e977-413a-809d-caa56196bbad/datanode-0/data/ratis/8db060c3-8419-4dbd-82fc-4ccc45d2dfc8/in_use.lock acquired by nodename 12919@5a8bb91e4d22
2020-04-04 02:36:49,464 [pool-31-thread-1] INFO  storage.RaftStorage (RaftStorage.java:format(84)) - Storage directory /github/workspace/hadoop-ozone/integration-test/target/test-dir/MiniOzoneClusterImpl-cc0439a0-e977-413a-809d-caa56196bbad/datanode-0/data/ratis/8db060c3-8419-4dbd-82fc-4ccc45d2dfc8 has been successfully formatted.
2020-04-04 02:36:49,468 [pool-31-thread-1] INFO  ratis.ContainerStateMachine (ContainerStateMachine.java:loadSnapshot(233)) - group-4CCC45D2DFC8: The snapshot info is null. Setting the last applied indexto:(t:0, i:~)
2020-04-04 02:36:49,470 [pool-31-thread-1] INFO  server.RaftServerConfigKeys (ConfUtils.java:logGet(44)) - raft.server.notification.no-leader.timeout = 60s (default)
2020-04-04 02:36:49,473 [pool-31-thread-1] INFO  server.RaftServerConfigKeys (ConfUtils.java:logGet(44)) - raft.server.log.use.memory = false (default)
2020-04-04 02:36:49,478 [pool-31-thread-1] INFO  server.RaftServerConfigKeys (ConfUtils.java:logGet(44)) - raft.server.log.purge.gap = 1000000 (custom)
2020-04-04 02:36:49,479 [pool-31-thread-1] INFO  server.RaftServerConfigKeys (ConfUtils.java:logGet(44)) - raft.server.log.appender.buffer.byte-limit = 33554432 (custom)
2020-04-04 02:36:49,481 [pool-31-thread-1] INFO  server.RaftServerConfigKeys (ConfUtils.java:logGet(44)) - raft.server.log.segment.size.max = 1048576 (custom)
2020-04-04 02:36:49,487 [pool-31-thread-1] INFO  metrics.RatisMetrics (RatisMetrics.java:lambda$create$0(39)) - Creating Metrics Registry : ratis.log_worker.25b95316-ab88-4802-813b-52a2b94286bf
2020-04-04 02:36:49,501 [EventQueue-PipelineReportForPipelineReportHandler] INFO  pipeline.PipelineStateManager (PipelineStateManager.java:openPipeline(131)) - Pipeline Pipeline[ Id: 8db060c3-8419-4dbd-82fc-4ccc45d2dfc8, Nodes: 25b95316-ab88-4802-813b-52a2b94286bf{ip: 172.17.0.2, host: 5a8bb91e4d22, networkLocation: /default-rack, certSerialId: null}, Type:RATIS, Factor:ONE, State:ALLOCATED, leaderId:25b95316-ab88-4802-813b-52a2b94286bf, CreationTimestamp2020-04-04T02:36:46.407Z] moved to OPEN state
2020-04-04 02:36:49,504 [EventQueue-OpenPipelineForHealthyPipelineSafeModeRule] INFO  safemode.SCMSafeModeManager (HealthyPipelineSafeModeRule.java:process(131)) - SCM in safe mode. Healthy pipelines reported count is 0, required healthy pipeline reported count is 1
2020-04-04 02:36:49,515 [EventQueue-OpenPipelineForOneReplicaPipelineSafeModeRule] INFO  safemode.SCMSafeModeManager (SCMSafeModeManager.java:validateSafeModeExitRules(175)) - AtleastOneDatanodeReportedRule rule is successfully validated
2020-04-04 02:36:49,525 [pool-31-thread-1] INFO  server.RaftServerConfigKeys (ConfUtils.java:logGet(44)) - raft.server.log.segment.cache.num.max = 2 (custom)
2020-04-04 02:36:49,535 [pool-31-thread-1] INFO  segmented.SegmentedRaftLogWorker (SegmentedRaftLogWorker.java:<init>(176)) - new 25b95316-ab88-4802-813b-52a2b94286bf@group-4CCC45D2DFC8-SegmentedRaftLogWorker for RaftStorage:Storage Directory /github/workspace/hadoop-ozone/integration-test/target/test-dir/MiniOzoneClusterImpl-cc0439a0-e977-413a-809d-caa56196bbad/datanode-0/data/ratis/8db060c3-8419-4dbd-82fc-4ccc45d2dfc8
2020-04-04 02:36:49,536 [pool-31-thread-1] INFO  server.RaftServerConfigKeys (ConfUtils.java:logGet(44)) - raft.server.log.queue.byte-limit = 2147483647 (custom)
2020-04-04 02:36:49,537 [pool-31-thread-1] INFO  server.RaftServerConfigKeys (ConfUtils.java:logGet(44)) - raft.server.log.queue.element-limit = 1024 (custom)
2020-04-04 02:36:49,538 [pool-31-thread-1] INFO  server.RaftServerConfigKeys (ConfUtils.java:logGet(44)) - raft.server.log.segment.size.max = 1048576 (custom)
2020-04-04 02:36:49,545 [pool-31-thread-1] INFO  server.RaftServerConfigKeys (ConfUtils.java:logGet(44)) - raft.server.log.preallocated.size = 16384 (custom)
2020-04-04 02:36:49,547 [pool-31-thread-1] INFO  server.RaftServerConfigKeys (ConfUtils.java:logGet(44)) - raft.server.log.write.buffer.size = 1048576 (custom)
2020-04-04 02:36:49,548 [pool-31-thread-1] INFO  server.RaftServerConfigKeys (ConfUtils.java:logGet(44)) - raft.server.log.force.sync.num = 128 (default)
2020-04-04 02:36:49,549 [pool-31-thread-1] INFO  server.RaftServerConfigKeys (ConfUtils.java:logGet(44)) - raft.server.log.statemachine.data.sync = true (default)
2020-04-04 02:36:49,550 [pool-31-thread-1] INFO  server.RaftServerConfigKeys (ConfUtils.java:logGet(44)) - raft.server.log.statemachine.data.sync.timeout = 10s (default)
2020-04-04 02:36:49,550 [pool-31-thread-1] INFO  server.RaftServerConfigKeys (ConfUtils.java:logGet(44)) - raft.server.log.statemachine.data.sync.timeout.retry = -1 (default)
2020-04-04 02:36:49,557 [Command processor thread] INFO  impl.RaftServerProxy (RaftServerProxy.java:addNew(89)) - 5138af2d-87ee-4dde-978c-195be5163f61: addNew group-58B9DEDB993D:[5138af2d-87ee-4dde-978c-195be5163f61:172.17.0.2:41801] returns group-58B9DEDB993D:java.util.concurrent.CompletableFuture@37d8312[Not completed]
2020-04-04 02:36:49,601 [pool-31-thread-1] INFO  server.RaftServerConfigKeys (ConfUtils.java:logGet(44)) - raft.server.log.statemachine.data.caching.enabled = true (custom)
2020-04-04 02:36:49,605 [pool-46-thread-1] INFO  impl.RaftServerImpl (RaftServerImpl.java:<init>(97)) - 5138af2d-87ee-4dde-978c-195be5163f61: new RaftServerImpl for group-58B9DEDB993D:[5138af2d-87ee-4dde-978c-195be5163f61:172.17.0.2:41801] with ContainerStateMachine:uninitialized
2020-04-04 02:36:49,614 [pool-31-thread-1] INFO  segmented.SegmentedRaftLogWorker (SegmentedRaftLogWorker.java:lambda$new$0(129)) - 25b95316-ab88-4802-813b-52a2b94286bf@group-4CCC45D2DFC8-SegmentedRaftLogWorker: flushIndex: setUnconditionally 0 -> -1
2020-04-04 02:36:49,615 [pool-46-thread-1] INFO  server.RaftServerConfigKeys (ConfUtils.java:logGet(44)) - raft.server.rpc.timeout.min = 5s (custom)
2020-04-04 02:36:49,615 [pool-46-thread-1] INFO  server.RaftServerConfigKeys (ConfUtils.java:logGet(44)) - raft.server.rpc.timeout.max = 5200ms (custom)
2020-04-04 02:36:49,615 [pool-46-thread-1] INFO  server.RaftServerConfigKeys (ConfUtils.java:logGet(44)) - raft.server.rpcslowness.timeout = 300s (custom)
2020-04-04 02:36:49,616 [pool-46-thread-1] INFO  server.RaftServerConfigKeys (ConfUtils.java:logGet(44)) - raft.server.sleep.deviation.threshold = 300 (default)
2020-04-04 02:36:49,616 [pool-46-thread-1] INFO  server.RaftServerConfigKeys (ConfUtils.java:logGet(44)) - raft.server.log.appender.install.snapshot.enabled = false (custom)
2020-04-04 02:36:49,616 [pool-46-thread-1] INFO  impl.RaftServerImpl (ServerState.java:<init>(103)) - 5138af2d-87ee-4dde-978c-195be5163f61@group-58B9DEDB993D: ConfigurationManager, init=-1: [5138af2d-87ee-4dde-978c-195be5163f61:172.17.0.2:41801], old=null, confs=<EMPTY_MAP>
2020-04-04 02:36:49,616 [pool-46-thread-1] INFO  server.RaftServerConfigKeys (ConfUtils.java:logGet(44)) - raft.server.storage.dir = [/github/workspace/hadoop-ozone/integration-test/target/test-dir/MiniOzoneClusterImpl-cc0439a0-e977-413a-809d-caa56196bbad/datanode-1/data/ratis] (custom)
2020-04-04 02:36:49,616 [pool-46-thread-1] INFO  server.RaftServerConfigKeys (ConfUtils.java:logGet(44)) - raft.server.log.corruption.policy = EXCEPTION (default)
2020-04-04 02:36:49,617 [pool-46-thread-1] INFO  storage.RaftStorageDirectory (RaftStorageDirectory.java:analyzeStorage(253)) - The storage directory /github/workspace/hadoop-ozone/integration-test/target/test-dir/MiniOzoneClusterImpl-cc0439a0-e977-413a-809d-caa56196bbad/datanode-1/data/ratis/b8e36055-fd25-4476-be97-58b9dedb993d does not exist. Creating ...
2020-04-04 02:36:49,621 [pool-46-thread-1] INFO  storage.RaftStorageDirectory (RaftStorageDirectory.java:tryLock(335)) - Lock on /github/workspace/hadoop-ozone/integration-test/target/test-dir/MiniOzoneClusterImpl-cc0439a0-e977-413a-809d-caa56196bbad/datanode-1/data/ratis/b8e36055-fd25-4476-be97-58b9dedb993d/in_use.lock acquired by nodename 12919@5a8bb91e4d22
2020-04-04 02:36:49,622 [pool-31-thread-1] INFO  server.RaftServerConfigKeys (ConfUtils.java:logGet(44)) - raft.server.snapshot.auto.trigger.enabled = true (custom)
2020-04-04 02:36:49,622 [pool-46-thread-1] INFO  storage.RaftStorage (RaftStorage.java:format(84)) - Storage directory /github/workspace/hadoop-ozone/integration-test/target/test-dir/MiniOzoneClusterImpl-cc0439a0-e977-413a-809d-caa56196bbad/datanode-1/data/ratis/b8e36055-fd25-4476-be97-58b9dedb993d has been successfully formatted.
2020-04-04 02:36:49,624 [pool-46-thread-1] INFO  ratis.ContainerStateMachine (ContainerStateMachine.java:loadSnapshot(233)) - group-58B9DEDB993D: The snapshot info is null. Setting the last applied indexto:(t:0, i:~)
2020-04-04 02:36:49,625 [pool-46-thread-1] INFO  server.RaftServerConfigKeys (ConfUtils.java:logGet(44)) - raft.server.notification.no-leader.timeout = 60s (default)
2020-04-04 02:36:49,625 [pool-46-thread-1] INFO  server.RaftServerConfigKeys (ConfUtils.java:logGet(44)) - raft.server.log.use.memory = false (default)
2020-04-04 02:36:49,625 [pool-46-thread-1] INFO  server.RaftServerConfigKeys (ConfUtils.java:logGet(44)) - raft.server.log.purge.gap = 1000000 (custom)
2020-04-04 02:36:49,625 [pool-46-thread-1] INFO  server.RaftServerConfigKeys (ConfUtils.java:logGet(44)) - raft.server.log.appender.buffer.byte-limit = 33554432 (custom)
2020-04-04 02:36:49,625 [pool-46-thread-1] INFO  server.RaftServerConfigKeys (ConfUtils.java:logGet(44)) - raft.server.log.segment.size.max = 1048576 (custom)
2020-04-04 02:36:49,627 [pool-31-thread-1] INFO  server.RaftServerConfigKeys (ConfUtils.java:logGet(44)) - raft.server.snapshot.auto.trigger.threshold = 10000 (custom)
2020-04-04 02:36:49,626 [pool-46-thread-1] INFO  metrics.RatisMetrics (RatisMetrics.java:lambda$create$0(39)) - Creating Metrics Registry : ratis.log_worker.5138af2d-87ee-4dde-978c-195be5163f61
2020-04-04 02:36:49,629 [EventQueue-PipelineReportForPipelineReportHandler] INFO  pipeline.PipelineStateManager (PipelineStateManager.java:openPipeline(131)) - Pipeline Pipeline[ Id: b8e36055-fd25-4476-be97-58b9dedb993d, Nodes: 5138af2d-87ee-4dde-978c-195be5163f61{ip: 172.17.0.2, host: 5a8bb91e4d22, networkLocation: /default-rack, certSerialId: null}, Type:RATIS, Factor:ONE, State:ALLOCATED, leaderId:5138af2d-87ee-4dde-978c-195be5163f61, CreationTimestamp2020-04-04T02:36:46.559Z] moved to OPEN state
2020-04-04 02:36:49,629 [EventQueue-OpenPipelineForHealthyPipelineSafeModeRule] INFO  safemode.SCMSafeModeManager (HealthyPipelineSafeModeRule.java:process(131)) - SCM in safe mode. Healthy pipelines reported count is 0, required healthy pipeline reported count is 1
2020-04-04 02:36:49,629 [EventQueue-OpenPipelineForOneReplicaPipelineSafeModeRule] INFO  safemode.SCMSafeModeManager (SCMSafeModeManager.java:validateSafeModeExitRules(175)) - AtleastOneDatanodeReportedRule rule is successfully validated
2020-04-04 02:36:49,629 [pool-46-thread-1] INFO  server.RaftServerConfigKeys (ConfUtils.java:logGet(44)) - raft.server.log.segment.cache.num.max = 2 (custom)
2020-04-04 02:36:49,630 [pool-31-thread-1] INFO  server.RaftServerConfigKeys (ConfUtils.java:logGet(44)) - raft.server.snapshot.retention.file.num = 5 (custom)
2020-04-04 02:36:49,631 [pool-31-thread-1] INFO  server.RaftServerConfigKeys (ConfUtils.java:logGet(44)) - raft.server.retrycache.expirytime = 600000ms (custom)
2020-04-04 02:36:49,630 [pool-46-thread-1] INFO  segmented.SegmentedRaftLogWorker (SegmentedRaftLogWorker.java:<init>(176)) - new 5138af2d-87ee-4dde-978c-195be5163f61@group-58B9DEDB993D-SegmentedRaftLogWorker for RaftStorage:Storage Directory /github/workspace/hadoop-ozone/integration-test/target/test-dir/MiniOzoneClusterImpl-cc0439a0-e977-413a-809d-caa56196bbad/datanode-1/data/ratis/b8e36055-fd25-4476-be97-58b9dedb993d
2020-04-04 02:36:49,639 [pool-46-thread-1] INFO  server.RaftServerConfigKeys (ConfUtils.java:logGet(44)) - raft.server.log.queue.byte-limit = 2147483647 (custom)
2020-04-04 02:36:49,639 [pool-46-thread-1] INFO  server.RaftServerConfigKeys (ConfUtils.java:logGet(44)) - raft.server.log.queue.element-limit = 1024 (custom)
2020-04-04 02:36:49,639 [pool-46-thread-1] INFO  server.RaftServerConfigKeys (ConfUtils.java:logGet(44)) - raft.server.log.segment.size.max = 1048576 (custom)
2020-04-04 02:36:49,639 [pool-46-thread-1] INFO  server.RaftServerConfigKeys (ConfUtils.java:logGet(44)) - raft.server.log.preallocated.size = 16384 (custom)
2020-04-04 02:36:49,640 [pool-46-thread-1] INFO  server.RaftServerConfigKeys (ConfUtils.java:logGet(44)) - raft.server.log.write.buffer.size = 1048576 (custom)
2020-04-04 02:36:49,640 [pool-46-thread-1] INFO  server.RaftServerConfigKeys (ConfUtils.java:logGet(44)) - raft.server.log.force.sync.num = 128 (default)
2020-04-04 02:36:49,640 [pool-46-thread-1] INFO  server.RaftServerConfigKeys (ConfUtils.java:logGet(44)) - raft.server.log.statemachine.data.sync = true (default)
2020-04-04 02:36:49,640 [pool-46-thread-1] INFO  server.RaftServerConfigKeys (ConfUtils.java:logGet(44)) - raft.server.log.statemachine.data.sync.timeout = 10s (default)
2020-04-04 02:36:49,640 [pool-46-thread-1] INFO  server.RaftServerConfigKeys (ConfUtils.java:logGet(44)) - raft.server.log.statemachine.data.sync.timeout.retry = -1 (default)
2020-04-04 02:36:49,642 [pool-46-thread-1] INFO  server.RaftServerConfigKeys (ConfUtils.java:logGet(44)) - raft.server.log.statemachine.data.caching.enabled = true (custom)
2020-04-04 02:36:49,643 [pool-46-thread-1] INFO  segmented.SegmentedRaftLogWorker (SegmentedRaftLogWorker.java:lambda$new$0(129)) - 5138af2d-87ee-4dde-978c-195be5163f61@group-58B9DEDB993D-SegmentedRaftLogWorker: flushIndex: setUnconditionally 0 -> -1
2020-04-04 02:36:49,647 [pool-46-thread-1] INFO  server.RaftServerConfigKeys (ConfUtils.java:logGet(44)) - raft.server.snapshot.auto.trigger.enabled = true (custom)
2020-04-04 02:36:49,647 [pool-46-thread-1] INFO  server.RaftServerConfigKeys (ConfUtils.java:logGet(44)) - raft.server.snapshot.auto.trigger.threshold = 10000 (custom)
2020-04-04 02:36:49,647 [pool-46-thread-1] INFO  server.RaftServerConfigKeys (ConfUtils.java:logGet(44)) - raft.server.snapshot.retention.file.num = 5 (custom)
2020-04-04 02:36:49,647 [pool-46-thread-1] INFO  server.RaftServerConfigKeys (ConfUtils.java:logGet(44)) - raft.server.retrycache.expirytime = 600000ms (custom)
2020-04-04 02:36:49,669 [pool-31-thread-1] INFO  metrics.RatisMetrics (RatisMetrics.java:lambda$create$0(39)) - Creating Metrics Registry : ratis.leader_election.25b95316-ab88-4802-813b-52a2b94286bf@group-4CCC45D2DFC8
2020-04-04 02:36:49,669 [pool-46-thread-1] INFO  metrics.RatisMetrics (RatisMetrics.java:lambda$create$0(39)) - Creating Metrics Registry : ratis.leader_election.5138af2d-87ee-4dde-978c-195be5163f61@group-58B9DEDB993D
2020-04-04 02:36:49,671 [main] INFO  ozone.MiniOzoneClusterImpl (MiniOzoneClusterImpl.java:lambda$waitForClusterToBeReady$0(177)) - Nodes are ready. Got 3 of 3 DN Heartbeats.
2020-04-04 02:36:49,672 [main] INFO  ozone.MiniOzoneClusterImpl (MiniOzoneClusterImpl.java:lambda$waitForClusterToBeReady$0(180)) - Waiting for cluster to exit safe mode
2020-04-04 02:36:49,673 [pool-31-thread-1] INFO  metrics.RatisMetrics (RatisMetrics.java:lambda$create$0(39)) - Creating Metrics Registry : ratis.server.25b95316-ab88-4802-813b-52a2b94286bf@group-4CCC45D2DFC8
2020-04-04 02:36:49,675 [pool-31-thread-1] INFO  impl.RaftServerImpl (RaftServerImpl.java:start(183)) - 25b95316-ab88-4802-813b-52a2b94286bf@group-4CCC45D2DFC8: start as a follower, conf=-1: [25b95316-ab88-4802-813b-52a2b94286bf:172.17.0.2:43301], old=null
2020-04-04 02:36:49,676 [pool-31-thread-1] INFO  impl.RaftServerImpl (RaftServerImpl.java:setRole(172)) - 25b95316-ab88-4802-813b-52a2b94286bf@group-4CCC45D2DFC8: changes role from      null to FOLLOWER at term 0 for startAsFollower
2020-04-04 02:36:49,677 [pool-46-thread-1] INFO  metrics.RatisMetrics (RatisMetrics.java:lambda$create$0(39)) - Creating Metrics Registry : ratis.server.5138af2d-87ee-4dde-978c-195be5163f61@group-58B9DEDB993D
2020-04-04 02:36:49,678 [pool-31-thread-1] INFO  impl.RoleInfo (RoleInfo.java:updateAndGet(143)) - 25b95316-ab88-4802-813b-52a2b94286bf: start FollowerState
2020-04-04 02:36:49,679 [pool-31-thread-1] INFO  util.JmxRegister (JmxRegister.java:tryRegister(44)) - Successfully registered JMX Bean with object name Ratis:service=RaftServer,group=group-4CCC45D2DFC8,id=25b95316-ab88-4802-813b-52a2b94286bf
2020-04-04 02:36:49,679 [pool-46-thread-1] INFO  impl.RaftServerImpl (RaftServerImpl.java:start(183)) - 5138af2d-87ee-4dde-978c-195be5163f61@group-58B9DEDB993D: start as a follower, conf=-1: [5138af2d-87ee-4dde-978c-195be5163f61:172.17.0.2:41801], old=null
2020-04-04 02:36:49,680 [pool-46-thread-1] INFO  impl.RaftServerImpl (RaftServerImpl.java:setRole(172)) - 5138af2d-87ee-4dde-978c-195be5163f61@group-58B9DEDB993D: changes role from      null to FOLLOWER at term 0 for startAsFollower
2020-04-04 02:36:49,680 [pool-46-thread-1] INFO  impl.RoleInfo (RoleInfo.java:updateAndGet(143)) - 5138af2d-87ee-4dde-978c-195be5163f61: start FollowerState
2020-04-04 02:36:49,683 [Command processor thread] INFO  impl.RaftServerProxy (RaftServerProxy.java:addNew(89)) - 3ff0e7ab-a041-46a5-80bc-26a059f3ba72: addNew group-0C90796D2DDC:[3ff0e7ab-a041-46a5-80bc-26a059f3ba72:172.17.0.2:33219] returns group-0C90796D2DDC:java.util.concurrent.CompletableFuture@215b282a[Not completed]
2020-04-04 02:36:49,691 [pool-31-thread-1] INFO  metrics.RatisMetrics (RatisMetrics.java:lambda$create$0(39)) - Creating Metrics Registry : ratis.state_machine.25b95316-ab88-4802-813b-52a2b94286bf@group-4CCC45D2DFC8
2020-04-04 02:36:49,695 [pool-46-thread-1] INFO  util.JmxRegister (JmxRegister.java:tryRegister(44)) - Successfully registered JMX Bean with object name Ratis:service=RaftServer,group=group-58B9DEDB993D,id=5138af2d-87ee-4dde-978c-195be5163f61
2020-04-04 02:36:49,699 [pool-46-thread-1] INFO  metrics.RatisMetrics (RatisMetrics.java:lambda$create$0(39)) - Creating Metrics Registry : ratis.state_machine.5138af2d-87ee-4dde-978c-195be5163f61@group-58B9DEDB993D
2020-04-04 02:36:49,720 [pool-61-thread-1] INFO  impl.RaftServerImpl (RaftServerImpl.java:<init>(97)) - 3ff0e7ab-a041-46a5-80bc-26a059f3ba72: new RaftServerImpl for group-0C90796D2DDC:[3ff0e7ab-a041-46a5-80bc-26a059f3ba72:172.17.0.2:33219] with ContainerStateMachine:uninitialized
2020-04-04 02:36:49,722 [Command processor thread] INFO  commandhandler.CreatePipelineCommandHandler (CreatePipelineCommandHandler.java:handle(112)) - Created Pipeline RATIS ONE #id: "b8e36055-fd25-4476-be97-58b9dedb993d"
.
2020-04-04 02:36:49,723 [Command processor thread] INFO  impl.RaftServerProxy (RaftServerProxy.java:addNew(89)) - 5138af2d-87ee-4dde-978c-195be5163f61: addNew group-9123072637C4:[3ff0e7ab-a041-46a5-80bc-26a059f3ba72:172.17.0.2:33219, 25b95316-ab88-4802-813b-52a2b94286bf:172.17.0.2:43301, 5138af2d-87ee-4dde-978c-195be5163f61:172.17.0.2:41801] returns group-9123072637C4:java.util.concurrent.CompletableFuture@7348ece9[Not completed]
2020-04-04 02:36:49,724 [pool-46-thread-1] INFO  impl.RaftServerImpl (RaftServerImpl.java:<init>(97)) - 5138af2d-87ee-4dde-978c-195be5163f61: new RaftServerImpl for group-9123072637C4:[3ff0e7ab-a041-46a5-80bc-26a059f3ba72:172.17.0.2:33219, 25b95316-ab88-4802-813b-52a2b94286bf:172.17.0.2:43301, 5138af2d-87ee-4dde-978c-195be5163f61:172.17.0.2:41801] with ContainerStateMachine:uninitialized
2020-04-04 02:36:49,729 [pool-46-thread-1] INFO  server.RaftServerConfigKeys (ConfUtils.java:logGet(44)) - raft.server.rpc.timeout.min = 5s (custom)
2020-04-04 02:36:49,729 [pool-46-thread-1] INFO  server.RaftServerConfigKeys (ConfUtils.java:logGet(44)) - raft.server.rpc.timeout.max = 5200ms (custom)
2020-04-04 02:36:49,729 [pool-46-thread-1] INFO  server.RaftServerConfigKeys (ConfUtils.java:logGet(44)) - raft.server.rpcslowness.timeout = 300s (custom)
2020-04-04 02:36:49,729 [pool-46-thread-1] INFO  server.RaftServerConfigKeys (ConfUtils.java:logGet(44)) - raft.server.sleep.deviation.threshold = 300 (default)
2020-04-04 02:36:49,729 [pool-46-thread-1] INFO  server.RaftServerConfigKeys (ConfUtils.java:logGet(44)) - raft.server.log.appender.install.snapshot.enabled = false (custom)
2020-04-04 02:36:49,729 [pool-46-thread-1] INFO  impl.RaftServerImpl (ServerState.java:<init>(103)) - 5138af2d-87ee-4dde-978c-195be5163f61@group-9123072637C4: ConfigurationManager, init=-1: [3ff0e7ab-a041-46a5-80bc-26a059f3ba72:172.17.0.2:33219, 25b95316-ab88-4802-813b-52a2b94286bf:172.17.0.2:43301, 5138af2d-87ee-4dde-978c-195be5163f61:172.17.0.2:41801], old=null, confs=<EMPTY_MAP>
2020-04-04 02:36:49,730 [pool-46-thread-1] INFO  server.RaftServerConfigKeys (ConfUtils.java:logGet(44)) - raft.server.storage.dir = [/github/workspace/hadoop-ozone/integration-test/target/test-dir/MiniOzoneClusterImpl-cc0439a0-e977-413a-809d-caa56196bbad/datanode-1/data/ratis] (custom)
2020-04-04 02:36:49,730 [pool-46-thread-1] INFO  server.RaftServerConfigKeys (ConfUtils.java:logGet(44)) - raft.server.log.corruption.policy = EXCEPTION (default)
2020-04-04 02:36:49,730 [pool-46-thread-1] INFO  storage.RaftStorageDirectory (RaftStorageDirectory.java:analyzeStorage(253)) - The storage directory /github/workspace/hadoop-ozone/integration-test/target/test-dir/MiniOzoneClusterImpl-cc0439a0-e977-413a-809d-caa56196bbad/datanode-1/data/ratis/253d2392-7d22-4203-82a2-9123072637c4 does not exist. Creating ...
2020-04-04 02:36:49,731 [pool-61-thread-1] INFO  server.RaftServerConfigKeys (ConfUtils.java:logGet(44)) - raft.server.rpc.timeout.min = 5s (custom)
2020-04-04 02:36:49,731 [Command processor thread] INFO  commandhandler.CreatePipelineCommandHandler (CreatePipelineCommandHandler.java:handle(112)) - Created Pipeline RATIS ONE #id: "8db060c3-8419-4dbd-82fc-4ccc45d2dfc8"
.
2020-04-04 02:36:49,732 [pool-61-thread-1] INFO  server.RaftServerConfigKeys (ConfUtils.java:logGet(44)) - raft.server.rpc.timeout.max = 5200ms (custom)
2020-04-04 02:36:49,732 [pool-61-thread-1] INFO  server.RaftServerConfigKeys (ConfUtils.java:logGet(44)) - raft.server.rpcslowness.timeout = 300s (custom)
2020-04-04 02:36:49,734 [pool-61-thread-1] INFO  server.RaftServerConfigKeys (ConfUtils.java:logGet(44)) - raft.server.sleep.deviation.threshold = 300 (default)
2020-04-04 02:36:49,734 [pool-61-thread-1] INFO  server.RaftServerConfigKeys (ConfUtils.java:logGet(44)) - raft.server.log.appender.install.snapshot.enabled = false (custom)
2020-04-04 02:36:49,734 [pool-61-thread-1] INFO  impl.RaftServerImpl (ServerState.java:<init>(103)) - 3ff0e7ab-a041-46a5-80bc-26a059f3ba72@group-0C90796D2DDC: ConfigurationManager, init=-1: [3ff0e7ab-a041-46a5-80bc-26a059f3ba72:172.17.0.2:33219], old=null, confs=<EMPTY_MAP>
2020-04-04 02:36:49,734 [pool-61-thread-1] INFO  server.RaftServerConfigKeys (ConfUtils.java:logGet(44)) - raft.server.storage.dir = [/github/workspace/hadoop-ozone/integration-test/target/test-dir/MiniOzoneClusterImpl-cc0439a0-e977-413a-809d-caa56196bbad/datanode-2/data/ratis] (custom)
2020-04-04 02:36:49,734 [pool-61-thread-1] INFO  server.RaftServerConfigKeys (ConfUtils.java:logGet(44)) - raft.server.log.corruption.policy = EXCEPTION (default)
2020-04-04 02:36:49,734 [pool-61-thread-1] INFO  storage.RaftStorageDirectory (RaftStorageDirectory.java:analyzeStorage(253)) - The storage directory /github/workspace/hadoop-ozone/integration-test/target/test-dir/MiniOzoneClusterImpl-cc0439a0-e977-413a-809d-caa56196bbad/datanode-2/data/ratis/ee28e1fe-e48a-44f8-98dc-0c90796d2ddc does not exist. Creating ...
2020-04-04 02:36:49,734 [pool-31-thread-1] INFO  impl.RaftServerImpl (RaftServerImpl.java:<init>(97)) - 25b95316-ab88-4802-813b-52a2b94286bf: new RaftServerImpl for group-9123072637C4:[3ff0e7ab-a041-46a5-80bc-26a059f3ba72:172.17.0.2:33219, 25b95316-ab88-4802-813b-52a2b94286bf:172.17.0.2:43301, 5138af2d-87ee-4dde-978c-195be5163f61:172.17.0.2:41801] with ContainerStateMachine:uninitialized
2020-04-04 02:36:49,735 [pool-31-thread-1] INFO  server.RaftServerConfigKeys (ConfUtils.java:logGet(44)) - raft.server.rpc.timeout.min = 5s (custom)
2020-04-04 02:36:49,735 [pool-31-thread-1] INFO  server.RaftServerConfigKeys (ConfUtils.java:logGet(44)) - raft.server.rpc.timeout.max = 5200ms (custom)
2020-04-04 02:36:49,735 [pool-31-thread-1] INFO  server.RaftServerConfigKeys (ConfUtils.java:logGet(44)) - raft.server.rpcslowness.timeout = 300s (custom)
2020-04-04 02:36:49,735 [pool-31-thread-1] INFO  server.RaftServerConfigKeys (ConfUtils.java:logGet(44)) - raft.server.sleep.deviation.threshold = 300 (default)
2020-04-04 02:36:49,736 [pool-31-thread-1] INFO  server.RaftServerConfigKeys (ConfUtils.java:logGet(44)) - raft.server.log.appender.install.snapshot.enabled = false (custom)
2020-04-04 02:36:49,736 [pool-31-thread-1] INFO  impl.RaftServerImpl (ServerState.java:<init>(103)) - 25b95316-ab88-4802-813b-52a2b94286bf@group-9123072637C4: ConfigurationManager, init=-1: [3ff0e7ab-a041-46a5-80bc-26a059f3ba72:172.17.0.2:33219, 25b95316-ab88-4802-813b-52a2b94286bf:172.17.0.2:43301, 5138af2d-87ee-4dde-978c-195be5163f61:172.17.0.2:41801], old=null, confs=<EMPTY_MAP>
2020-04-04 02:36:49,736 [pool-31-thread-1] INFO  server.RaftServerConfigKeys (ConfUtils.java:logGet(44)) - raft.server.storage.dir = [/github/workspace/hadoop-ozone/integration-test/target/test-dir/MiniOzoneClusterImpl-cc0439a0-e977-413a-809d-caa56196bbad/datanode-0/data/ratis] (custom)
2020-04-04 02:36:49,736 [pool-31-thread-1] INFO  server.RaftServerConfigKeys (ConfUtils.java:logGet(44)) - raft.server.log.corruption.policy = EXCEPTION (default)
2020-04-04 02:36:49,736 [pool-31-thread-1] INFO  storage.RaftStorageDirectory (RaftStorageDirectory.java:analyzeStorage(253)) - The storage directory /github/workspace/hadoop-ozone/integration-test/target/test-dir/MiniOzoneClusterImpl-cc0439a0-e977-413a-809d-caa56196bbad/datanode-0/data/ratis/253d2392-7d22-4203-82a2-9123072637c4 does not exist. Creating ...
2020-04-04 02:36:49,732 [Command processor thread] INFO  impl.RaftServerProxy (RaftServerProxy.java:addNew(89)) - 25b95316-ab88-4802-813b-52a2b94286bf: addNew group-9123072637C4:[3ff0e7ab-a041-46a5-80bc-26a059f3ba72:172.17.0.2:33219, 25b95316-ab88-4802-813b-52a2b94286bf:172.17.0.2:43301, 5138af2d-87ee-4dde-978c-195be5163f61:172.17.0.2:41801] returns group-9123072637C4:java.util.concurrent.CompletableFuture@10b3a7a6[Not completed]
2020-04-04 02:36:49,732 [pool-46-thread-1] INFO  storage.RaftStorageDirectory (RaftStorageDirectory.java:tryLock(335)) - Lock on /github/workspace/hadoop-ozone/integration-test/target/test-dir/MiniOzoneClusterImpl-cc0439a0-e977-413a-809d-caa56196bbad/datanode-1/data/ratis/253d2392-7d22-4203-82a2-9123072637c4/in_use.lock acquired by nodename 12919@5a8bb91e4d22
2020-04-04 02:36:49,738 [pool-61-thread-1] INFO  storage.RaftStorageDirectory (RaftStorageDirectory.java:tryLock(335)) - Lock on /github/workspace/hadoop-ozone/integration-test/target/test-dir/MiniOzoneClusterImpl-cc0439a0-e977-413a-809d-caa56196bbad/datanode-2/data/ratis/ee28e1fe-e48a-44f8-98dc-0c90796d2ddc/in_use.lock acquired by nodename 12919@5a8bb91e4d22
2020-04-04 02:36:49,738 [pool-31-thread-1] INFO  storage.RaftStorageDirectory (RaftStorageDirectory.java:tryLock(335)) - Lock on /github/workspace/hadoop-ozone/integration-test/target/test-dir/MiniOzoneClusterImpl-cc0439a0-e977-413a-809d-caa56196bbad/datanode-0/data/ratis/253d2392-7d22-4203-82a2-9123072637c4/in_use.lock acquired by nodename 12919@5a8bb91e4d22
2020-04-04 02:36:49,740 [pool-61-thread-1] INFO  storage.RaftStorage (RaftStorage.java:format(84)) - Storage directory /github/workspace/hadoop-ozone/integration-test/target/test-dir/MiniOzoneClusterImpl-cc0439a0-e977-413a-809d-caa56196bbad/datanode-2/data/ratis/ee28e1fe-e48a-44f8-98dc-0c90796d2ddc has been successfully formatted.
2020-04-04 02:36:49,740 [pool-46-thread-1] INFO  storage.RaftStorage (RaftStorage.java:format(84)) - Storage directory /github/workspace/hadoop-ozone/integration-test/target/test-dir/MiniOzoneClusterImpl-cc0439a0-e977-413a-809d-caa56196bbad/datanode-1/data/ratis/253d2392-7d22-4203-82a2-9123072637c4 has been successfully formatted.
2020-04-04 02:36:49,740 [pool-31-thread-1] INFO  storage.RaftStorage (RaftStorage.java:format(84)) - Storage directory /github/workspace/hadoop-ozone/integration-test/target/test-dir/MiniOzoneClusterImpl-cc0439a0-e977-413a-809d-caa56196bbad/datanode-0/data/ratis/253d2392-7d22-4203-82a2-9123072637c4 has been successfully formatted.
2020-04-04 02:36:49,740 [pool-46-thread-1] INFO  ratis.ContainerStateMachine (ContainerStateMachine.java:loadSnapshot(233)) - group-9123072637C4: The snapshot info is null. Setting the last applied indexto:(t:0, i:~)
2020-04-04 02:36:49,740 [pool-31-thread-1] INFO  ratis.ContainerStateMachine (ContainerStateMachine.java:loadSnapshot(233)) - group-9123072637C4: The snapshot info is null. Setting the last applied indexto:(t:0, i:~)
2020-04-04 02:36:49,741 [pool-61-thread-1] INFO  ratis.ContainerStateMachine (ContainerStateMachine.java:loadSnapshot(233)) - group-0C90796D2DDC: The snapshot info is null. Setting the last applied indexto:(t:0, i:~)
2020-04-04 02:36:49,741 [pool-46-thread-1] INFO  server.RaftServerConfigKeys (ConfUtils.java:logGet(44)) - raft.server.notification.no-leader.timeout = 60s (default)
2020-04-04 02:36:49,742 [pool-46-thread-1] INFO  server.RaftServerConfigKeys (ConfUtils.java:logGet(44)) - raft.server.log.use.memory = false (default)
2020-04-04 02:36:49,742 [pool-31-thread-1] INFO  server.RaftServerConfigKeys (ConfUtils.java:logGet(44)) - raft.server.notification.no-leader.timeout = 60s (default)
2020-04-04 02:36:49,742 [pool-31-thread-1] INFO  server.RaftServerConfigKeys (ConfUtils.java:logGet(44)) - raft.server.log.use.memory = false (default)
2020-04-04 02:36:49,743 [pool-31-thread-1] INFO  server.RaftServerConfigKeys (ConfUtils.java:logGet(44)) - raft.server.log.purge.gap = 1000000 (custom)
2020-04-04 02:36:49,743 [pool-31-thread-1] INFO  server.RaftServerConfigKeys (ConfUtils.java:logGet(44)) - raft.server.log.appender.buffer.byte-limit = 33554432 (custom)
2020-04-04 02:36:49,743 [pool-31-thread-1] INFO  server.RaftServerConfigKeys (ConfUtils.java:logGet(44)) - raft.server.log.segment.size.max = 1048576 (custom)
2020-04-04 02:36:49,743 [pool-31-thread-1] INFO  server.RaftServerConfigKeys (ConfUtils.java:logGet(44)) - raft.server.log.segment.cache.num.max = 2 (custom)
2020-04-04 02:36:49,743 [pool-31-thread-1] INFO  segmented.SegmentedRaftLogWorker (SegmentedRaftLogWorker.java:<init>(176)) - new 25b95316-ab88-4802-813b-52a2b94286bf@group-9123072637C4-SegmentedRaftLogWorker for RaftStorage:Storage Directory /github/workspace/hadoop-ozone/integration-test/target/test-dir/MiniOzoneClusterImpl-cc0439a0-e977-413a-809d-caa56196bbad/datanode-0/data/ratis/253d2392-7d22-4203-82a2-9123072637c4
2020-04-04 02:36:49,743 [pool-31-thread-1] INFO  server.RaftServerConfigKeys (ConfUtils.java:logGet(44)) - raft.server.log.queue.byte-limit = 2147483647 (custom)
2020-04-04 02:36:49,743 [pool-31-thread-1] INFO  server.RaftServerConfigKeys (ConfUtils.java:logGet(44)) - raft.server.log.queue.element-limit = 1024 (custom)
2020-04-04 02:36:49,743 [pool-31-thread-1] INFO  server.RaftServerConfigKeys (ConfUtils.java:logGet(44)) - raft.server.log.segment.size.max = 1048576 (custom)
2020-04-04 02:36:49,743 [pool-31-thread-1] INFO  server.RaftServerConfigKeys (ConfUtils.java:logGet(44)) - raft.server.log.preallocated.size = 16384 (custom)
2020-04-04 02:36:49,743 [pool-31-thread-1] INFO  server.RaftServerConfigKeys (ConfUtils.java:logGet(44)) - raft.server.log.write.buffer.size = 1048576 (custom)
2020-04-04 02:36:49,744 [pool-31-thread-1] INFO  server.RaftServerConfigKeys (ConfUtils.java:logGet(44)) - raft.server.log.force.sync.num = 128 (default)
2020-04-04 02:36:49,744 [pool-31-thread-1] INFO  server.RaftServerConfigKeys (ConfUtils.java:logGet(44)) - raft.server.log.statemachine.data.sync = true (default)
2020-04-04 02:36:49,744 [pool-31-thread-1] INFO  server.RaftServerConfigKeys (ConfUtils.java:logGet(44)) - raft.server.log.statemachine.data.sync.timeout = 10s (default)
2020-04-04 02:36:49,744 [pool-31-thread-1] INFO  server.RaftServerConfigKeys (ConfUtils.java:logGet(44)) - raft.server.log.statemachine.data.sync.timeout.retry = -1 (default)
2020-04-04 02:36:49,742 [pool-61-thread-1] INFO  server.RaftServerConfigKeys (ConfUtils.java:logGet(44)) - raft.server.notification.no-leader.timeout = 60s (default)
2020-04-04 02:36:49,742 [pool-46-thread-1] INFO  server.RaftServerConfigKeys (ConfUtils.java:logGet(44)) - raft.server.log.purge.gap = 1000000 (custom)
2020-04-04 02:36:49,745 [pool-46-thread-1] INFO  server.RaftServerConfigKeys (ConfUtils.java:logGet(44)) - raft.server.log.appender.buffer.byte-limit = 33554432 (custom)
2020-04-04 02:36:49,745 [pool-61-thread-1] INFO  server.RaftServerConfigKeys (ConfUtils.java:logGet(44)) - raft.server.log.use.memory = false (default)
2020-04-04 02:36:49,745 [pool-61-thread-1] INFO  server.RaftServerConfigKeys (ConfUtils.java:logGet(44)) - raft.server.log.purge.gap = 1000000 (custom)
2020-04-04 02:36:49,745 [pool-61-thread-1] INFO  server.RaftServerConfigKeys (ConfUtils.java:logGet(44)) - raft.server.log.appender.buffer.byte-limit = 33554432 (custom)
2020-04-04 02:36:49,745 [pool-61-thread-1] INFO  server.RaftServerConfigKeys (ConfUtils.java:logGet(44)) - raft.server.log.segment.size.max = 1048576 (custom)
2020-04-04 02:36:49,745 [pool-61-thread-1] INFO  metrics.RatisMetrics (RatisMetrics.java:lambda$create$0(39)) - Creating Metrics Registry : ratis.log_worker.3ff0e7ab-a041-46a5-80bc-26a059f3ba72
2020-04-04 02:36:49,746 [pool-61-thread-1] INFO  server.RaftServerConfigKeys (ConfUtils.java:logGet(44)) - raft.server.log.segment.cache.num.max = 2 (custom)
2020-04-04 02:36:49,746 [EventQueue-PipelineReportForPipelineReportHandler] INFO  pipeline.PipelineStateManager (PipelineStateManager.java:openPipeline(131)) - Pipeline Pipeline[ Id: ee28e1fe-e48a-44f8-98dc-0c90796d2ddc, Nodes: 3ff0e7ab-a041-46a5-80bc-26a059f3ba72{ip: 172.17.0.2, host: 5a8bb91e4d22, networkLocation: /default-rack, certSerialId: null}, Type:RATIS, Factor:ONE, State:ALLOCATED, leaderId:3ff0e7ab-a041-46a5-80bc-26a059f3ba72, CreationTimestamp2020-04-04T02:36:46.683Z] moved to OPEN state
2020-04-04 02:36:49,746 [EventQueue-OpenPipelineForHealthyPipelineSafeModeRule] INFO  safemode.SCMSafeModeManager (HealthyPipelineSafeModeRule.java:process(131)) - SCM in safe mode. Healthy pipelines reported count is 0, required healthy pipeline reported count is 1
2020-04-04 02:36:49,746 [EventQueue-OpenPipelineForOneReplicaPipelineSafeModeRule] INFO  safemode.SCMSafeModeManager (SCMSafeModeManager.java:validateSafeModeExitRules(175)) - AtleastOneDatanodeReportedRule rule is successfully validated
2020-04-04 02:36:49,745 [pool-46-thread-1] INFO  server.RaftServerConfigKeys (ConfUtils.java:logGet(44)) - raft.server.log.segment.size.max = 1048576 (custom)
2020-04-04 02:36:49,747 [pool-46-thread-1] INFO  server.RaftServerConfigKeys (ConfUtils.java:logGet(44)) - raft.server.log.segment.cache.num.max = 2 (custom)
2020-04-04 02:36:49,745 [pool-31-thread-1] INFO  server.RaftServerConfigKeys (ConfUtils.java:logGet(44)) - raft.server.log.statemachine.data.caching.enabled = true (custom)
2020-04-04 02:36:49,747 [pool-31-thread-1] INFO  segmented.SegmentedRaftLogWorker (SegmentedRaftLogWorker.java:lambda$new$0(129)) - 25b95316-ab88-4802-813b-52a2b94286bf@group-9123072637C4-SegmentedRaftLogWorker: flushIndex: setUnconditionally 0 -> -1
2020-04-04 02:36:49,747 [pool-46-thread-1] INFO  segmented.SegmentedRaftLogWorker (SegmentedRaftLogWorker.java:<init>(176)) - new 5138af2d-87ee-4dde-978c-195be5163f61@group-9123072637C4-SegmentedRaftLogWorker for RaftStorage:Storage Directory /github/workspace/hadoop-ozone/integration-test/target/test-dir/MiniOzoneClusterImpl-cc0439a0-e977-413a-809d-caa56196bbad/datanode-1/data/ratis/253d2392-7d22-4203-82a2-9123072637c4
2020-04-04 02:36:49,748 [pool-46-thread-1] INFO  server.RaftServerConfigKeys (ConfUtils.java:logGet(44)) - raft.server.log.queue.byte-limit = 2147483647 (custom)
2020-04-04 02:36:49,746 [pool-61-thread-1] INFO  segmented.SegmentedRaftLogWorker (SegmentedRaftLogWorker.java:<init>(176)) - new 3ff0e7ab-a041-46a5-80bc-26a059f3ba72@group-0C90796D2DDC-SegmentedRaftLogWorker for RaftStorage:Storage Directory /github/workspace/hadoop-ozone/integration-test/target/test-dir/MiniOzoneClusterImpl-cc0439a0-e977-413a-809d-caa56196bbad/datanode-2/data/ratis/ee28e1fe-e48a-44f8-98dc-0c90796d2ddc
2020-04-04 02:36:49,748 [pool-46-thread-1] INFO  server.RaftServerConfigKeys (ConfUtils.java:logGet(44)) - raft.server.log.queue.element-limit = 1024 (custom)
2020-04-04 02:36:49,748 [pool-61-thread-1] INFO  server.RaftServerConfigKeys (ConfUtils.java:logGet(44)) - raft.server.log.queue.byte-limit = 2147483647 (custom)
2020-04-04 02:36:49,748 [pool-46-thread-1] INFO  server.RaftServerConfigKeys (ConfUtils.java:logGet(44)) - raft.server.log.segment.size.max = 1048576 (custom)
2020-04-04 02:36:49,748 [pool-61-thread-1] INFO  server.RaftServerConfigKeys (ConfUtils.java:logGet(44)) - raft.server.log.queue.element-limit = 1024 (custom)
2020-04-04 02:36:49,749 [pool-46-thread-1] INFO  server.RaftServerConfigKeys (ConfUtils.java:logGet(44)) - raft.server.log.preallocated.size = 16384 (custom)
2020-04-04 02:36:49,749 [pool-61-thread-1] INFO  server.RaftServerConfigKeys (ConfUtils.java:logGet(44)) - raft.server.log.segment.size.max = 1048576 (custom)
2020-04-04 02:36:49,749 [pool-46-thread-1] INFO  server.RaftServerConfigKeys (ConfUtils.java:logGet(44)) - raft.server.log.write.buffer.size = 1048576 (custom)
2020-04-04 02:36:49,749 [pool-61-thread-1] INFO  server.RaftServerConfigKeys (ConfUtils.java:logGet(44)) - raft.server.log.preallocated.size = 16384 (custom)
2020-04-04 02:36:49,749 [pool-46-thread-1] INFO  server.RaftServerConfigKeys (ConfUtils.java:logGet(44)) - raft.server.log.force.sync.num = 128 (default)
2020-04-04 02:36:49,749 [pool-61-thread-1] INFO  server.RaftServerConfigKeys (ConfUtils.java:logGet(44)) - raft.server.log.write.buffer.size = 1048576 (custom)
2020-04-04 02:36:49,749 [pool-46-thread-1] INFO  server.RaftServerConfigKeys (ConfUtils.java:logGet(44)) - raft.server.log.statemachine.data.sync = true (default)
2020-04-04 02:36:49,749 [pool-61-thread-1] INFO  server.RaftServerConfigKeys (ConfUtils.java:logGet(44)) - raft.server.log.force.sync.num = 128 (default)
2020-04-04 02:36:49,750 [pool-46-thread-1] INFO  server.RaftServerConfigKeys (ConfUtils.java:logGet(44)) - raft.server.log.statemachine.data.sync.timeout = 10s (default)
2020-04-04 02:36:49,750 [pool-61-thread-1] INFO  server.RaftServerConfigKeys (ConfUtils.java:logGet(44)) - raft.server.log.statemachine.data.sync = true (default)
2020-04-04 02:36:49,750 [pool-46-thread-1] INFO  server.RaftServerConfigKeys (ConfUtils.java:logGet(44)) - raft.server.log.statemachine.data.sync.timeout.retry = -1 (default)
2020-04-04 02:36:49,750 [pool-61-thread-1] INFO  server.RaftServerConfigKeys (ConfUtils.java:logGet(44)) - raft.server.log.statemachine.data.sync.timeout = 10s (default)
2020-04-04 02:36:49,750 [pool-61-thread-1] INFO  server.RaftServerConfigKeys (ConfUtils.java:logGet(44)) - raft.server.log.statemachine.data.sync.timeout.retry = -1 (default)
2020-04-04 02:36:49,755 [pool-31-thread-1] INFO  server.RaftServerConfigKeys (ConfUtils.java:logGet(44)) - raft.server.snapshot.auto.trigger.enabled = true (custom)
2020-04-04 02:36:49,756 [pool-31-thread-1] INFO  server.RaftServerConfigKeys (ConfUtils.java:logGet(44)) - raft.server.snapshot.auto.trigger.threshold = 10000 (custom)
2020-04-04 02:36:49,756 [pool-31-thread-1] INFO  server.RaftServerConfigKeys (ConfUtils.java:logGet(44)) - raft.server.snapshot.retention.file.num = 5 (custom)
2020-04-04 02:36:49,756 [pool-31-thread-1] INFO  server.RaftServerConfigKeys (ConfUtils.java:logGet(44)) - raft.server.retrycache.expirytime = 600000ms (custom)
2020-04-04 02:36:49,756 [pool-31-thread-1] INFO  metrics.RatisMetrics (RatisMetrics.java:lambda$create$0(39)) - Creating Metrics Registry : ratis.leader_election.25b95316-ab88-4802-813b-52a2b94286bf@group-9123072637C4
2020-04-04 02:36:49,757 [pool-31-thread-1] INFO  metrics.RatisMetrics (RatisMetrics.java:lambda$create$0(39)) - Creating Metrics Registry : ratis.server.25b95316-ab88-4802-813b-52a2b94286bf@group-9123072637C4
2020-04-04 02:36:49,757 [pool-31-thread-1] INFO  impl.RaftServerImpl (RaftServerImpl.java:start(183)) - 25b95316-ab88-4802-813b-52a2b94286bf@group-9123072637C4: start as a follower, conf=-1: [3ff0e7ab-a041-46a5-80bc-26a059f3ba72:172.17.0.2:33219, 25b95316-ab88-4802-813b-52a2b94286bf:172.17.0.2:43301, 5138af2d-87ee-4dde-978c-195be5163f61:172.17.0.2:41801], old=null
2020-04-04 02:36:49,757 [pool-31-thread-1] INFO  impl.RaftServerImpl (RaftServerImpl.java:setRole(172)) - 25b95316-ab88-4802-813b-52a2b94286bf@group-9123072637C4: changes role from      null to FOLLOWER at term 0 for startAsFollower
2020-04-04 02:36:49,757 [pool-31-thread-1] INFO  impl.RoleInfo (RoleInfo.java:updateAndGet(143)) - 25b95316-ab88-4802-813b-52a2b94286bf: start FollowerState
2020-04-04 02:36:49,757 [pool-61-thread-1] INFO  server.RaftServerConfigKeys (ConfUtils.java:logGet(44)) - raft.server.log.statemachine.data.caching.enabled = true (custom)
2020-04-04 02:36:49,758 [pool-61-thread-1] INFO  segmented.SegmentedRaftLogWorker (SegmentedRaftLogWorker.java:lambda$new$0(129)) - 3ff0e7ab-a041-46a5-80bc-26a059f3ba72@group-0C90796D2DDC-SegmentedRaftLogWorker: flushIndex: setUnconditionally 0 -> -1
2020-04-04 02:36:49,758 [pool-46-thread-1] INFO  server.RaftServerConfigKeys (ConfUtils.java:logGet(44)) - raft.server.log.statemachine.data.caching.enabled = true (custom)
2020-04-04 02:36:49,758 [pool-46-thread-1] INFO  segmented.SegmentedRaftLogWorker (SegmentedRaftLogWorker.java:lambda$new$0(129)) - 5138af2d-87ee-4dde-978c-195be5163f61@group-9123072637C4-SegmentedRaftLogWorker: flushIndex: setUnconditionally 0 -> -1
2020-04-04 02:36:49,767 [pool-31-thread-1] INFO  util.JmxRegister (JmxRegister.java:tryRegister(44)) - Successfully registered JMX Bean with object name Ratis:service=RaftServer,group=group-9123072637C4,id=25b95316-ab88-4802-813b-52a2b94286bf
2020-04-04 02:36:49,767 [pool-31-thread-1] INFO  metrics.RatisMetrics (RatisMetrics.java:lambda$create$0(39)) - Creating Metrics Registry : ratis.state_machine.25b95316-ab88-4802-813b-52a2b94286bf@group-9123072637C4
2020-04-04 02:36:49,770 [pool-46-thread-1] INFO  server.RaftServerConfigKeys (ConfUtils.java:logGet(44)) - raft.server.snapshot.auto.trigger.enabled = true (custom)
2020-04-04 02:36:49,770 [pool-46-thread-1] INFO  server.RaftServerConfigKeys (ConfUtils.java:logGet(44)) - raft.server.snapshot.auto.trigger.threshold = 10000 (custom)
2020-04-04 02:36:49,770 [pool-46-thread-1] INFO  server.RaftServerConfigKeys (ConfUtils.java:logGet(44)) - raft.server.snapshot.retention.file.num = 5 (custom)
2020-04-04 02:36:49,771 [pool-61-thread-1] INFO  server.RaftServerConfigKeys (ConfUtils.java:logGet(44)) - raft.server.snapshot.auto.trigger.enabled = true (custom)
2020-04-04 02:36:49,771 [pool-46-thread-1] INFO  server.RaftServerConfigKeys (ConfUtils.java:logGet(44)) - raft.server.retrycache.expirytime = 600000ms (custom)
2020-04-04 02:36:49,771 [pool-61-thread-1] INFO  server.RaftServerConfigKeys (ConfUtils.java:logGet(44)) - raft.server.snapshot.auto.trigger.threshold = 10000 (custom)
2020-04-04 02:36:49,772 [pool-46-thread-1] INFO  metrics.RatisMetrics (RatisMetrics.java:lambda$create$0(39)) - Creating Metrics Registry : ratis.leader_election.5138af2d-87ee-4dde-978c-195be5163f61@group-9123072637C4
2020-04-04 02:36:49,772 [pool-61-thread-1] INFO  server.RaftServerConfigKeys (ConfUtils.java:logGet(44)) - raft.server.snapshot.retention.file.num = 5 (custom)
2020-04-04 02:36:49,772 [pool-46-thread-1] INFO  metrics.RatisMetrics (RatisMetrics.java:lambda$create$0(39)) - Creating Metrics Registry : ratis.server.5138af2d-87ee-4dde-978c-195be5163f61@group-9123072637C4
2020-04-04 02:36:49,773 [pool-46-thread-1] INFO  impl.RaftServerImpl (RaftServerImpl.java:start(183)) - 5138af2d-87ee-4dde-978c-195be5163f61@group-9123072637C4: start as a follower, conf=-1: [3ff0e7ab-a041-46a5-80bc-26a059f3ba72:172.17.0.2:33219, 25b95316-ab88-4802-813b-52a2b94286bf:172.17.0.2:43301, 5138af2d-87ee-4dde-978c-195be5163f61:172.17.0.2:41801], old=null
2020-04-04 02:36:49,773 [pool-46-thread-1] INFO  impl.RaftServerImpl (RaftServerImpl.java:setRole(172)) - 5138af2d-87ee-4dde-978c-195be5163f61@group-9123072637C4: changes role from      null to FOLLOWER at term 0 for startAsFollower
2020-04-04 02:36:49,777 [pool-46-thread-1] INFO  impl.RoleInfo (RoleInfo.java:updateAndGet(143)) - 5138af2d-87ee-4dde-978c-195be5163f61: start FollowerState
2020-04-04 02:36:49,785 [pool-61-thread-1] INFO  server.RaftServerConfigKeys (ConfUtils.java:logGet(44)) - raft.server.retrycache.expirytime = 600000ms (custom)
2020-04-04 02:36:49,785 [pool-46-thread-1] INFO  util.JmxRegister (JmxRegister.java:tryRegister(44)) - Successfully registered JMX Bean with object name Ratis:service=RaftServer,group=group-9123072637C4,id=5138af2d-87ee-4dde-978c-195be5163f61
2020-04-04 02:36:49,795 [pool-46-thread-1] INFO  metrics.RatisMetrics (RatisMetrics.java:lambda$create$0(39)) - Creating Metrics Registry : ratis.state_machine.5138af2d-87ee-4dde-978c-195be5163f61@group-9123072637C4
2020-04-04 02:36:49,794 [pool-61-thread-1] INFO  metrics.RatisMetrics (RatisMetrics.java:lambda$create$0(39)) - Creating Metrics Registry : ratis.leader_election.3ff0e7ab-a041-46a5-80bc-26a059f3ba72@group-0C90796D2DDC
2020-04-04 02:36:49,796 [pool-61-thread-1] INFO  metrics.RatisMetrics (RatisMetrics.java:lambda$create$0(39)) - Creating Metrics Registry : ratis.server.3ff0e7ab-a041-46a5-80bc-26a059f3ba72@group-0C90796D2DDC
2020-04-04 02:36:49,796 [pool-61-thread-1] INFO  impl.RaftServerImpl (RaftServerImpl.java:start(183)) - 3ff0e7ab-a041-46a5-80bc-26a059f3ba72@group-0C90796D2DDC: start as a follower, conf=-1: [3ff0e7ab-a041-46a5-80bc-26a059f3ba72:172.17.0.2:33219], old=null
2020-04-04 02:36:49,797 [pool-61-thread-1] INFO  impl.RaftServerImpl (RaftServerImpl.java:setRole(172)) - 3ff0e7ab-a041-46a5-80bc-26a059f3ba72@group-0C90796D2DDC: changes role from      null to FOLLOWER at term 0 for startAsFollower
2020-04-04 02:36:49,797 [pool-61-thread-1] INFO  impl.RoleInfo (RoleInfo.java:updateAndGet(143)) - 3ff0e7ab-a041-46a5-80bc-26a059f3ba72: start FollowerState
2020-04-04 02:36:49,802 [pool-61-thread-1] INFO  util.JmxRegister (JmxRegister.java:tryRegister(44)) - Successfully registered JMX Bean with object name Ratis:service=RaftServer,group=group-0C90796D2DDC,id=3ff0e7ab-a041-46a5-80bc-26a059f3ba72
2020-04-04 02:36:49,802 [pool-61-thread-1] INFO  metrics.RatisMetrics (RatisMetrics.java:lambda$create$0(39)) - Creating Metrics Registry : ratis.state_machine.3ff0e7ab-a041-46a5-80bc-26a059f3ba72@group-0C90796D2DDC
2020-04-04 02:36:49,804 [Command processor thread] INFO  commandhandler.CreatePipelineCommandHandler (CreatePipelineCommandHandler.java:handle(112)) - Created Pipeline RATIS ONE #id: "ee28e1fe-e48a-44f8-98dc-0c90796d2ddc"
.
2020-04-04 02:36:49,804 [Command processor thread] INFO  impl.RaftServerProxy (RaftServerProxy.java:addNew(89)) - 3ff0e7ab-a041-46a5-80bc-26a059f3ba72: addNew group-9123072637C4:[3ff0e7ab-a041-46a5-80bc-26a059f3ba72:172.17.0.2:33219, 25b95316-ab88-4802-813b-52a2b94286bf:172.17.0.2:43301, 5138af2d-87ee-4dde-978c-195be5163f61:172.17.0.2:41801] returns group-9123072637C4:java.util.concurrent.CompletableFuture@2564b8d9[Not completed]
2020-04-04 02:36:49,807 [pool-61-thread-1] INFO  impl.RaftServerImpl (RaftServerImpl.java:<init>(97)) - 3ff0e7ab-a041-46a5-80bc-26a059f3ba72: new RaftServerImpl for group-9123072637C4:[3ff0e7ab-a041-46a5-80bc-26a059f3ba72:172.17.0.2:33219, 25b95316-ab88-4802-813b-52a2b94286bf:172.17.0.2:43301, 5138af2d-87ee-4dde-978c-195be5163f61:172.17.0.2:41801] with ContainerStateMachine:uninitialized
2020-04-04 02:36:49,807 [pool-61-thread-1] INFO  server.RaftServerConfigKeys (ConfUtils.java:logGet(44)) - raft.server.rpc.timeout.min = 5s (custom)
2020-04-04 02:36:49,807 [pool-61-thread-1] INFO  server.RaftServerConfigKeys (ConfUtils.java:logGet(44)) - raft.server.rpc.timeout.max = 5200ms (custom)
2020-04-04 02:36:49,807 [pool-61-thread-1] INFO  server.RaftServerConfigKeys (ConfUtils.java:logGet(44)) - raft.server.rpcslowness.timeout = 300s (custom)
2020-04-04 02:36:49,807 [pool-61-thread-1] INFO  server.RaftServerConfigKeys (ConfUtils.java:logGet(44)) - raft.server.sleep.deviation.threshold = 300 (default)
2020-04-04 02:36:49,807 [pool-61-thread-1] INFO  server.RaftServerConfigKeys (ConfUtils.java:logGet(44)) - raft.server.log.appender.install.snapshot.enabled = false (custom)
2020-04-04 02:36:49,807 [pool-61-thread-1] INFO  impl.RaftServerImpl (ServerState.java:<init>(103)) - 3ff0e7ab-a041-46a5-80bc-26a059f3ba72@group-9123072637C4: ConfigurationManager, init=-1: [3ff0e7ab-a041-46a5-80bc-26a059f3ba72:172.17.0.2:33219, 25b95316-ab88-4802-813b-52a2b94286bf:172.17.0.2:43301, 5138af2d-87ee-4dde-978c-195be5163f61:172.17.0.2:41801], old=null, confs=<EMPTY_MAP>
2020-04-04 02:36:49,808 [pool-61-thread-1] INFO  server.RaftServerConfigKeys (ConfUtils.java:logGet(44)) - raft.server.storage.dir = [/github/workspace/hadoop-ozone/integration-test/target/test-dir/MiniOzoneClusterImpl-cc0439a0-e977-413a-809d-caa56196bbad/datanode-2/data/ratis] (custom)
2020-04-04 02:36:49,808 [pool-61-thread-1] INFO  server.RaftServerConfigKeys (ConfUtils.java:logGet(44)) - raft.server.log.corruption.policy = EXCEPTION (default)
2020-04-04 02:36:49,808 [pool-61-thread-1] INFO  storage.RaftStorageDirectory (RaftStorageDirectory.java:analyzeStorage(253)) - The storage directory /github/workspace/hadoop-ozone/integration-test/target/test-dir/MiniOzoneClusterImpl-cc0439a0-e977-413a-809d-caa56196bbad/datanode-2/data/ratis/253d2392-7d22-4203-82a2-9123072637c4 does not exist. Creating ...
2020-04-04 02:36:49,812 [pool-61-thread-1] INFO  storage.RaftStorageDirectory (RaftStorageDirectory.java:tryLock(335)) - Lock on /github/workspace/hadoop-ozone/integration-test/target/test-dir/MiniOzoneClusterImpl-cc0439a0-e977-413a-809d-caa56196bbad/datanode-2/data/ratis/253d2392-7d22-4203-82a2-9123072637c4/in_use.lock acquired by nodename 12919@5a8bb91e4d22
2020-04-04 02:36:49,815 [pool-61-thread-1] INFO  storage.RaftStorage (RaftStorage.java:format(84)) - Storage directory /github/workspace/hadoop-ozone/integration-test/target/test-dir/MiniOzoneClusterImpl-cc0439a0-e977-413a-809d-caa56196bbad/datanode-2/data/ratis/253d2392-7d22-4203-82a2-9123072637c4 has been successfully formatted.
2020-04-04 02:36:49,815 [pool-61-thread-1] INFO  ratis.ContainerStateMachine (ContainerStateMachine.java:loadSnapshot(233)) - group-9123072637C4: The snapshot info is null. Setting the last applied indexto:(t:0, i:~)
2020-04-04 02:36:49,815 [pool-61-thread-1] INFO  server.RaftServerConfigKeys (ConfUtils.java:logGet(44)) - raft.server.notification.no-leader.timeout = 60s (default)
2020-04-04 02:36:49,816 [pool-61-thread-1] INFO  server.RaftServerConfigKeys (ConfUtils.java:logGet(44)) - raft.server.log.use.memory = false (default)
2020-04-04 02:36:49,816 [pool-61-thread-1] INFO  server.RaftServerConfigKeys (ConfUtils.java:logGet(44)) - raft.server.log.purge.gap = 1000000 (custom)
2020-04-04 02:36:49,816 [pool-61-thread-1] INFO  server.RaftServerConfigKeys (ConfUtils.java:logGet(44)) - raft.server.log.appender.buffer.byte-limit = 33554432 (custom)
2020-04-04 02:36:49,816 [pool-61-thread-1] INFO  server.RaftServerConfigKeys (ConfUtils.java:logGet(44)) - raft.server.log.segment.size.max = 1048576 (custom)
2020-04-04 02:36:49,816 [pool-61-thread-1] INFO  server.RaftServerConfigKeys (ConfUtils.java:logGet(44)) - raft.server.log.segment.cache.num.max = 2 (custom)
2020-04-04 02:36:49,816 [pool-61-thread-1] INFO  segmented.SegmentedRaftLogWorker (SegmentedRaftLogWorker.java:<init>(176)) - new 3ff0e7ab-a041-46a5-80bc-26a059f3ba72@group-9123072637C4-SegmentedRaftLogWorker for RaftStorage:Storage Directory /github/workspace/hadoop-ozone/integration-test/target/test-dir/MiniOzoneClusterImpl-cc0439a0-e977-413a-809d-caa56196bbad/datanode-2/data/ratis/253d2392-7d22-4203-82a2-9123072637c4
2020-04-04 02:36:49,816 [pool-61-thread-1] INFO  server.RaftServerConfigKeys (ConfUtils.java:logGet(44)) - raft.server.log.queue.byte-limit = 2147483647 (custom)
2020-04-04 02:36:49,817 [pool-61-thread-1] INFO  server.RaftServerConfigKeys (ConfUtils.java:logGet(44)) - raft.server.log.queue.element-limit = 1024 (custom)
2020-04-04 02:36:49,817 [pool-61-thread-1] INFO  server.RaftServerConfigKeys (ConfUtils.java:logGet(44)) - raft.server.log.segment.size.max = 1048576 (custom)
2020-04-04 02:36:49,817 [pool-61-thread-1] INFO  server.RaftServerConfigKeys (ConfUtils.java:logGet(44)) - raft.server.log.preallocated.size = 16384 (custom)
2020-04-04 02:36:49,817 [pool-61-thread-1] INFO  server.RaftServerConfigKeys (ConfUtils.java:logGet(44)) - raft.server.log.write.buffer.size = 1048576 (custom)
2020-04-04 02:36:49,817 [pool-61-thread-1] INFO  server.RaftServerConfigKeys (ConfUtils.java:logGet(44)) - raft.server.log.force.sync.num = 128 (default)
2020-04-04 02:36:49,817 [pool-61-thread-1] INFO  server.RaftServerConfigKeys (ConfUtils.java:logGet(44)) - raft.server.log.statemachine.data.sync = true (default)
2020-04-04 02:36:49,818 [pool-61-thread-1] INFO  server.RaftServerConfigKeys (ConfUtils.java:logGet(44)) - raft.server.log.statemachine.data.sync.timeout = 10s (default)
2020-04-04 02:36:49,818 [pool-61-thread-1] INFO  server.RaftServerConfigKeys (ConfUtils.java:logGet(44)) - raft.server.log.statemachine.data.sync.timeout.retry = -1 (default)
2020-04-04 02:36:49,819 [pool-61-thread-1] INFO  server.RaftServerConfigKeys (ConfUtils.java:logGet(44)) - raft.server.log.statemachine.data.caching.enabled = true (custom)
2020-04-04 02:36:49,819 [pool-61-thread-1] INFO  segmented.SegmentedRaftLogWorker (SegmentedRaftLogWorker.java:lambda$new$0(129)) - 3ff0e7ab-a041-46a5-80bc-26a059f3ba72@group-9123072637C4-SegmentedRaftLogWorker: flushIndex: setUnconditionally 0 -> -1
2020-04-04 02:36:49,819 [pool-61-thread-1] INFO  server.RaftServerConfigKeys (ConfUtils.java:logGet(44)) - raft.server.snapshot.auto.trigger.enabled = true (custom)
2020-04-04 02:36:49,820 [pool-61-thread-1] INFO  server.RaftServerConfigKeys (ConfUtils.java:logGet(44)) - raft.server.snapshot.auto.trigger.threshold = 10000 (custom)
2020-04-04 02:36:49,820 [pool-61-thread-1] INFO  server.RaftServerConfigKeys (ConfUtils.java:logGet(44)) - raft.server.snapshot.retention.file.num = 5 (custom)
2020-04-04 02:36:49,820 [pool-61-thread-1] INFO  server.RaftServerConfigKeys (ConfUtils.java:logGet(44)) - raft.server.retrycache.expirytime = 600000ms (custom)
2020-04-04 02:36:49,820 [pool-61-thread-1] INFO  metrics.RatisMetrics (RatisMetrics.java:lambda$create$0(39)) - Creating Metrics Registry : ratis.leader_election.3ff0e7ab-a041-46a5-80bc-26a059f3ba72@group-9123072637C4
2020-04-04 02:36:49,821 [pool-61-thread-1] INFO  metrics.RatisMetrics (RatisMetrics.java:lambda$create$0(39)) - Creating Metrics Registry : ratis.server.3ff0e7ab-a041-46a5-80bc-26a059f3ba72@group-9123072637C4
2020-04-04 02:36:49,821 [pool-61-thread-1] INFO  impl.RaftServerImpl (RaftServerImpl.java:start(183)) - 3ff0e7ab-a041-46a5-80bc-26a059f3ba72@group-9123072637C4: start as a follower, conf=-1: [3ff0e7ab-a041-46a5-80bc-26a059f3ba72:172.17.0.2:33219, 25b95316-ab88-4802-813b-52a2b94286bf:172.17.0.2:43301, 5138af2d-87ee-4dde-978c-195be5163f61:172.17.0.2:41801], old=null
2020-04-04 02:36:49,821 [pool-61-thread-1] INFO  impl.RaftServerImpl (RaftServerImpl.java:setRole(172)) - 3ff0e7ab-a041-46a5-80bc-26a059f3ba72@group-9123072637C4: changes role from      null to FOLLOWER at term 0 for startAsFollower
2020-04-04 02:36:49,822 [pool-61-thread-1] INFO  impl.RoleInfo (RoleInfo.java:updateAndGet(143)) - 3ff0e7ab-a041-46a5-80bc-26a059f3ba72: start FollowerState
2020-04-04 02:36:49,822 [pool-61-thread-1] INFO  util.JmxRegister (JmxRegister.java:tryRegister(44)) - Successfully registered JMX Bean with object name Ratis:service=RaftServer,group=group-9123072637C4,id=3ff0e7ab-a041-46a5-80bc-26a059f3ba72
2020-04-04 02:36:49,822 [pool-61-thread-1] INFO  metrics.RatisMetrics (RatisMetrics.java:lambda$create$0(39)) - Creating Metrics Registry : ratis.state_machine.3ff0e7ab-a041-46a5-80bc-26a059f3ba72@group-9123072637C4
2020-04-04 02:36:50,576 [grpc-default-executor-0] WARN  impl.RaftServerProxy (RaftServerProxy.java:lambda$groupAddAsync$11(390)) - 25b95316-ab88-4802-813b-52a2b94286bf: Failed groupAdd* GroupManagementRequest:client-0D9966C9927F->25b95316-ab88-4802-813b-52a2b94286bf@group-9123072637C4, cid=0, seq=0, RW, null, Add:group-9123072637C4:[3ff0e7ab-a041-46a5-80bc-26a059f3ba72:172.17.0.2:33219, 25b95316-ab88-4802-813b-52a2b94286bf:172.17.0.2:43301, 5138af2d-87ee-4dde-978c-195be5163f61:172.17.0.2:41801]
java.util.concurrent.CompletionException: org.apache.ratis.protocol.AlreadyExistsException: 25b95316-ab88-4802-813b-52a2b94286bf: Failed to add group-9123072637C4:[3ff0e7ab-a041-46a5-80bc-26a059f3ba72:172.17.0.2:33219, 25b95316-ab88-4802-813b-52a2b94286bf:172.17.0.2:43301, 5138af2d-87ee-4dde-978c-195be5163f61:172.17.0.2:41801] since the group already exists in the map.
	at java.util.concurrent.CompletableFuture.encodeThrowable(CompletableFuture.java:292)
	at java.util.concurrent.CompletableFuture.completeThrowable(CompletableFuture.java:308)
	at java.util.concurrent.CompletableFuture.uniApply(CompletableFuture.java:607)
	at java.util.concurrent.CompletableFuture$UniApply.tryFire(CompletableFuture.java:591)
	at java.util.concurrent.CompletableFuture.uniApplyStage(CompletableFuture.java:631)
	at java.util.concurrent.CompletableFuture.thenApplyAsync(CompletableFuture.java:2006)
	at org.apache.ratis.server.impl.RaftServerProxy.groupAddAsync(RaftServerProxy.java:379)
	at org.apache.ratis.server.impl.RaftServerProxy.groupManagementAsync(RaftServerProxy.java:363)
	at org.apache.ratis.grpc.server.GrpcAdminProtocolService.lambda$groupManagement$0(GrpcAdminProtocolService.java:42)
	at org.apache.ratis.grpc.GrpcUtil.asyncCall(GrpcUtil.java:160)
	at org.apache.ratis.grpc.server.GrpcAdminProtocolService.groupManagement(GrpcAdminProtocolService.java:42)
	at org.apache.ratis.proto.grpc.AdminProtocolServiceGrpc$MethodHandlers.invoke(AdminProtocolServiceGrpc.java:358)
	at org.apache.ratis.thirdparty.io.grpc.stub.ServerCalls$UnaryServerCallHandler$UnaryServerCallListener.onHalfClose(ServerCalls.java:172)
	at org.apache.ratis.thirdparty.io.grpc.internal.ServerCallImpl$ServerStreamListenerImpl.halfClosed(ServerCallImpl.java:331)
	at org.apache.ratis.thirdparty.io.grpc.internal.ServerImpl$JumpToApplicationThreadServerStreamListener$1HalfClosed.runInContext(ServerImpl.java:814)
	at org.apache.ratis.thirdparty.io.grpc.internal.ContextRunnable.run(ContextRunnable.java:37)
	at org.apache.ratis.thirdparty.io.grpc.internal.SerializingExecutor.run(SerializingExecutor.java:123)
	at java.util.concurrent.ThreadPoolExecutor.runWorker(ThreadPoolExecutor.java:1149)
	at java.util.concurrent.ThreadPoolExecutor$Worker.run(ThreadPoolExecutor.java:624)
	at java.lang.Thread.run(Thread.java:748)
Caused by: org.apache.ratis.protocol.AlreadyExistsException: 25b95316-ab88-4802-813b-52a2b94286bf: Failed to add group-9123072637C4:[3ff0e7ab-a041-46a5-80bc-26a059f3ba72:172.17.0.2:33219, 25b95316-ab88-4802-813b-52a2b94286bf:172.17.0.2:43301, 5138af2d-87ee-4dde-978c-195be5163f61:172.17.0.2:41801] since the group already exists in the map.
	at org.apache.ratis.server.impl.RaftServerProxy$ImplMap.addNew(RaftServerProxy.java:83)
	at org.apache.ratis.server.impl.RaftServerProxy.groupAddAsync(RaftServerProxy.java:378)
	... 13 more
2020-04-04 02:36:50,577 [grpc-default-executor-2] WARN  impl.RaftServerProxy (RaftServerProxy.java:lambda$groupAddAsync$11(390)) - 5138af2d-87ee-4dde-978c-195be5163f61: Failed groupAdd* GroupManagementRequest:client-6075E09C3F63->5138af2d-87ee-4dde-978c-195be5163f61@group-9123072637C4, cid=1, seq=0, RW, null, Add:group-9123072637C4:[3ff0e7ab-a041-46a5-80bc-26a059f3ba72:172.17.0.2:33219, 25b95316-ab88-4802-813b-52a2b94286bf:172.17.0.2:43301, 5138af2d-87ee-4dde-978c-195be5163f61:172.17.0.2:41801]
java.util.concurrent.CompletionException: org.apache.ratis.protocol.AlreadyExistsException: 5138af2d-87ee-4dde-978c-195be5163f61: Failed to add group-9123072637C4:[3ff0e7ab-a041-46a5-80bc-26a059f3ba72:172.17.0.2:33219, 25b95316-ab88-4802-813b-52a2b94286bf:172.17.0.2:43301, 5138af2d-87ee-4dde-978c-195be5163f61:172.17.0.2:41801] since the group already exists in the map.
	at java.util.concurrent.CompletableFuture.encodeThrowable(CompletableFuture.java:292)
	at java.util.concurrent.CompletableFuture.completeThrowable(CompletableFuture.java:308)
	at java.util.concurrent.CompletableFuture.uniApply(CompletableFuture.java:607)
	at java.util.concurrent.CompletableFuture$UniApply.tryFire(CompletableFuture.java:591)
	at java.util.concurrent.CompletableFuture.uniApplyStage(CompletableFuture.java:631)
	at java.util.concurrent.CompletableFuture.thenApplyAsync(CompletableFuture.java:2006)
	at org.apache.ratis.server.impl.RaftServerProxy.groupAddAsync(RaftServerProxy.java:379)
	at org.apache.ratis.server.impl.RaftServerProxy.groupManagementAsync(RaftServerProxy.java:363)
	at org.apache.ratis.grpc.server.GrpcAdminProtocolService.lambda$groupManagement$0(GrpcAdminProtocolService.java:42)
	at org.apache.ratis.grpc.GrpcUtil.asyncCall(GrpcUtil.java:160)
	at org.apache.ratis.grpc.server.GrpcAdminProtocolService.groupManagement(GrpcAdminProtocolService.java:42)
	at org.apache.ratis.proto.grpc.AdminProtocolServiceGrpc$MethodHandlers.invoke(AdminProtocolServiceGrpc.java:358)
	at org.apache.ratis.thirdparty.io.grpc.stub.ServerCalls$UnaryServerCallHandler$UnaryServerCallListener.onHalfClose(ServerCalls.java:172)
	at org.apache.ratis.thirdparty.io.grpc.internal.ServerCallImpl$ServerStreamListenerImpl.halfClosed(ServerCallImpl.java:331)
	at org.apache.ratis.thirdparty.io.grpc.internal.ServerImpl$JumpToApplicationThreadServerStreamListener$1HalfClosed.runInContext(ServerImpl.java:814)
	at org.apache.ratis.thirdparty.io.grpc.internal.ContextRunnable.run(ContextRunnable.java:37)
	at org.apache.ratis.thirdparty.io.grpc.internal.SerializingExecutor.run(SerializingExecutor.java:123)
	at java.util.concurrent.ThreadPoolExecutor.runWorker(ThreadPoolExecutor.java:1149)
	at java.util.concurrent.ThreadPoolExecutor$Worker.run(ThreadPoolExecutor.java:624)
	at java.lang.Thread.run(Thread.java:748)
Caused by: org.apache.ratis.protocol.AlreadyExistsException: 5138af2d-87ee-4dde-978c-195be5163f61: Failed to add group-9123072637C4:[3ff0e7ab-a041-46a5-80bc-26a059f3ba72:172.17.0.2:33219, 25b95316-ab88-4802-813b-52a2b94286bf:172.17.0.2:43301, 5138af2d-87ee-4dde-978c-195be5163f61:172.17.0.2:41801] since the group already exists in the map.
	at org.apache.ratis.server.impl.RaftServerProxy$ImplMap.addNew(RaftServerProxy.java:83)
	at org.apache.ratis.server.impl.RaftServerProxy.groupAddAsync(RaftServerProxy.java:378)
	... 13 more
2020-04-04 02:36:50,579 [grpc-default-executor-1] WARN  impl.RaftServerProxy (RaftServerProxy.java:lambda$groupAddAsync$11(390)) - 25b95316-ab88-4802-813b-52a2b94286bf: Failed groupAdd* GroupManagementRequest:client-36D2924EB3FE->25b95316-ab88-4802-813b-52a2b94286bf@group-9123072637C4, cid=2, seq=0, RW, null, Add:group-9123072637C4:[3ff0e7ab-a041-46a5-80bc-26a059f3ba72:172.17.0.2:33219, 25b95316-ab88-4802-813b-52a2b94286bf:172.17.0.2:43301, 5138af2d-87ee-4dde-978c-195be5163f61:172.17.0.2:41801]
java.util.concurrent.CompletionException: org.apache.ratis.protocol.AlreadyExistsException: 25b95316-ab88-4802-813b-52a2b94286bf: Failed to add group-9123072637C4:[3ff0e7ab-a041-46a5-80bc-26a059f3ba72:172.17.0.2:33219, 25b95316-ab88-4802-813b-52a2b94286bf:172.17.0.2:43301, 5138af2d-87ee-4dde-978c-195be5163f61:172.17.0.2:41801] since the group already exists in the map.
	at java.util.concurrent.CompletableFuture.encodeThrowable(CompletableFuture.java:292)
	at java.util.concurrent.CompletableFuture.completeThrowable(CompletableFuture.java:308)
	at java.util.concurrent.CompletableFuture.uniApply(CompletableFuture.java:607)
	at java.util.concurrent.CompletableFuture$UniApply.tryFire(CompletableFuture.java:591)
	at java.util.concurrent.CompletableFuture.uniApplyStage(CompletableFuture.java:631)
	at java.util.concurrent.CompletableFuture.thenApplyAsync(CompletableFuture.java:2006)
	at org.apache.ratis.server.impl.RaftServerProxy.groupAddAsync(RaftServerProxy.java:379)
	at org.apache.ratis.server.impl.RaftServerProxy.groupManagementAsync(RaftServerProxy.java:363)
	at org.apache.ratis.grpc.server.GrpcAdminProtocolService.lambda$groupManagement$0(GrpcAdminProtocolService.java:42)
	at org.apache.ratis.grpc.GrpcUtil.asyncCall(GrpcUtil.java:160)
	at org.apache.ratis.grpc.server.GrpcAdminProtocolService.groupManagement(GrpcAdminProtocolService.java:42)
	at org.apache.ratis.proto.grpc.AdminProtocolServiceGrpc$MethodHandlers.invoke(AdminProtocolServiceGrpc.java:358)
	at org.apache.ratis.thirdparty.io.grpc.stub.ServerCalls$UnaryServerCallHandler$UnaryServerCallListener.onHalfClose(ServerCalls.java:172)
	at org.apache.ratis.thirdparty.io.grpc.internal.ServerCallImpl$ServerStreamListenerImpl.halfClosed(ServerCallImpl.java:331)
	at org.apache.ratis.thirdparty.io.grpc.internal.ServerImpl$JumpToApplicationThreadServerStreamListener$1HalfClosed.runInContext(ServerImpl.java:814)
	at org.apache.ratis.thirdparty.io.grpc.internal.ContextRunnable.run(ContextRunnable.java:37)
	at org.apache.ratis.thirdparty.io.grpc.internal.SerializingExecutor.run(SerializingExecutor.java:123)
	at java.util.concurrent.ThreadPoolExecutor.runWorker(ThreadPoolExecutor.java:1149)
	at java.util.concurrent.ThreadPoolExecutor$Worker.run(ThreadPoolExecutor.java:624)
	at java.lang.Thread.run(Thread.java:748)
Caused by: org.apache.ratis.protocol.AlreadyExistsException: 25b95316-ab88-4802-813b-52a2b94286bf: Failed to add group-9123072637C4:[3ff0e7ab-a041-46a5-80bc-26a059f3ba72:172.17.0.2:33219, 25b95316-ab88-4802-813b-52a2b94286bf:172.17.0.2:43301, 5138af2d-87ee-4dde-978c-195be5163f61:172.17.0.2:41801] since the group already exists in the map.
	at org.apache.ratis.server.impl.RaftServerProxy$ImplMap.addNew(RaftServerProxy.java:83)
	at org.apache.ratis.server.impl.RaftServerProxy.groupAddAsync(RaftServerProxy.java:378)
	... 13 more
2020-04-04 02:36:50,674 [main] INFO  ozone.MiniOzoneClusterImpl (MiniOzoneClusterImpl.java:lambda$waitForClusterToBeReady$0(177)) - Nodes are ready. Got 3 of 3 DN Heartbeats.
2020-04-04 02:36:50,675 [main] INFO  ozone.MiniOzoneClusterImpl (MiniOzoneClusterImpl.java:lambda$waitForClusterToBeReady$0(180)) - Waiting for cluster to exit safe mode
2020-04-04 02:36:50,701 [grpc-default-executor-2] WARN  impl.RaftServerProxy (RaftServerProxy.java:lambda$groupAddAsync$11(390)) - 5138af2d-87ee-4dde-978c-195be5163f61: Failed groupAdd* GroupManagementRequest:client-878AE994BDCF->5138af2d-87ee-4dde-978c-195be5163f61@group-9123072637C4, cid=4, seq=0, RW, null, Add:group-9123072637C4:[3ff0e7ab-a041-46a5-80bc-26a059f3ba72:172.17.0.2:33219, 25b95316-ab88-4802-813b-52a2b94286bf:172.17.0.2:43301, 5138af2d-87ee-4dde-978c-195be5163f61:172.17.0.2:41801]
java.util.concurrent.CompletionException: org.apache.ratis.protocol.AlreadyExistsException: 5138af2d-87ee-4dde-978c-195be5163f61: Failed to add group-9123072637C4:[3ff0e7ab-a041-46a5-80bc-26a059f3ba72:172.17.0.2:33219, 25b95316-ab88-4802-813b-52a2b94286bf:172.17.0.2:43301, 5138af2d-87ee-4dde-978c-195be5163f61:172.17.0.2:41801] since the group already exists in the map.
	at java.util.concurrent.CompletableFuture.encodeThrowable(CompletableFuture.java:292)
	at java.util.concurrent.CompletableFuture.completeThrowable(CompletableFuture.java:308)
	at java.util.concurrent.CompletableFuture.uniApply(CompletableFuture.java:607)
	at java.util.concurrent.CompletableFuture$UniApply.tryFire(CompletableFuture.java:591)
	at java.util.concurrent.CompletableFuture.uniApplyStage(CompletableFuture.java:631)
	at java.util.concurrent.CompletableFuture.thenApplyAsync(CompletableFuture.java:2006)
	at org.apache.ratis.server.impl.RaftServerProxy.groupAddAsync(RaftServerProxy.java:379)
	at org.apache.ratis.server.impl.RaftServerProxy.groupManagementAsync(RaftServerProxy.java:363)
	at org.apache.ratis.grpc.server.GrpcAdminProtocolService.lambda$groupManagement$0(GrpcAdminProtocolService.java:42)
	at org.apache.ratis.grpc.GrpcUtil.asyncCall(GrpcUtil.java:160)
	at org.apache.ratis.grpc.server.GrpcAdminProtocolService.groupManagement(GrpcAdminProtocolService.java:42)
	at org.apache.ratis.proto.grpc.AdminProtocolServiceGrpc$MethodHandlers.invoke(AdminProtocolServiceGrpc.java:358)
	at org.apache.ratis.thirdparty.io.grpc.stub.ServerCalls$UnaryServerCallHandler$UnaryServerCallListener.onHalfClose(ServerCalls.java:172)
	at org.apache.ratis.thirdparty.io.grpc.internal.ServerCallImpl$ServerStreamListenerImpl.halfClosed(ServerCallImpl.java:331)
	at org.apache.ratis.thirdparty.io.grpc.internal.ServerImpl$JumpToApplicationThreadServerStreamListener$1HalfClosed.runInContext(ServerImpl.java:814)
	at org.apache.ratis.thirdparty.io.grpc.internal.ContextRunnable.run(ContextRunnable.java:37)
	at org.apache.ratis.thirdparty.io.grpc.internal.SerializingExecutor.run(SerializingExecutor.java:123)
	at java.util.concurrent.ThreadPoolExecutor.runWorker(ThreadPoolExecutor.java:1149)
	at java.util.concurrent.ThreadPoolExecutor$Worker.run(ThreadPoolExecutor.java:624)
	at java.lang.Thread.run(Thread.java:748)
Caused by: org.apache.ratis.protocol.AlreadyExistsException: 5138af2d-87ee-4dde-978c-195be5163f61: Failed to add group-9123072637C4:[3ff0e7ab-a041-46a5-80bc-26a059f3ba72:172.17.0.2:33219, 25b95316-ab88-4802-813b-52a2b94286bf:172.17.0.2:43301, 5138af2d-87ee-4dde-978c-195be5163f61:172.17.0.2:41801] since the group already exists in the map.
	at org.apache.ratis.server.impl.RaftServerProxy$ImplMap.addNew(RaftServerProxy.java:83)
	at org.apache.ratis.server.impl.RaftServerProxy.groupAddAsync(RaftServerProxy.java:378)
	... 13 more
2020-04-04 02:36:50,703 [grpc-default-executor-1] WARN  impl.RaftServerProxy (RaftServerProxy.java:lambda$groupAddAsync$11(390)) - 3ff0e7ab-a041-46a5-80bc-26a059f3ba72: Failed groupAdd* GroupManagementRequest:client-6B041B9A927B->3ff0e7ab-a041-46a5-80bc-26a059f3ba72@group-9123072637C4, cid=3, seq=0, RW, null, Add:group-9123072637C4:[3ff0e7ab-a041-46a5-80bc-26a059f3ba72:172.17.0.2:33219, 25b95316-ab88-4802-813b-52a2b94286bf:172.17.0.2:43301, 5138af2d-87ee-4dde-978c-195be5163f61:172.17.0.2:41801]
java.util.concurrent.CompletionException: org.apache.ratis.protocol.AlreadyExistsException: 3ff0e7ab-a041-46a5-80bc-26a059f3ba72: Failed to add group-9123072637C4:[3ff0e7ab-a041-46a5-80bc-26a059f3ba72:172.17.0.2:33219, 25b95316-ab88-4802-813b-52a2b94286bf:172.17.0.2:43301, 5138af2d-87ee-4dde-978c-195be5163f61:172.17.0.2:41801] since the group already exists in the map.
	at java.util.concurrent.CompletableFuture.encodeThrowable(CompletableFuture.java:292)
	at java.util.concurrent.CompletableFuture.completeThrowable(CompletableFuture.java:308)
	at java.util.concurrent.CompletableFuture.uniApply(CompletableFuture.java:607)
	at java.util.concurrent.CompletableFuture$UniApply.tryFire(CompletableFuture.java:591)
	at java.util.concurrent.CompletableFuture.uniApplyStage(CompletableFuture.java:631)
	at java.util.concurrent.CompletableFuture.thenApplyAsync(CompletableFuture.java:2006)
	at org.apache.ratis.server.impl.RaftServerProxy.groupAddAsync(RaftServerProxy.java:379)
	at org.apache.ratis.server.impl.RaftServerProxy.groupManagementAsync(RaftServerProxy.java:363)
	at org.apache.ratis.grpc.server.GrpcAdminProtocolService.lambda$groupManagement$0(GrpcAdminProtocolService.java:42)
	at org.apache.ratis.grpc.GrpcUtil.asyncCall(GrpcUtil.java:160)
	at org.apache.ratis.grpc.server.GrpcAdminProtocolService.groupManagement(GrpcAdminProtocolService.java:42)
	at org.apache.ratis.proto.grpc.AdminProtocolServiceGrpc$MethodHandlers.invoke(AdminProtocolServiceGrpc.java:358)
	at org.apache.ratis.thirdparty.io.grpc.stub.ServerCalls$UnaryServerCallHandler$UnaryServerCallListener.onHalfClose(ServerCalls.java:172)
	at org.apache.ratis.thirdparty.io.grpc.internal.ServerCallImpl$ServerStreamListenerImpl.halfClosed(ServerCallImpl.java:331)
	at org.apache.ratis.thirdparty.io.grpc.internal.ServerImpl$JumpToApplicationThreadServerStreamListener$1HalfClosed.runInContext(ServerImpl.java:814)
	at org.apache.ratis.thirdparty.io.grpc.internal.ContextRunnable.run(ContextRunnable.java:37)
	at org.apache.ratis.thirdparty.io.grpc.internal.SerializingExecutor.run(SerializingExecutor.java:123)
	at java.util.concurrent.ThreadPoolExecutor.runWorker(ThreadPoolExecutor.java:1149)
	at java.util.concurrent.ThreadPoolExecutor$Worker.run(ThreadPoolExecutor.java:624)
	at java.lang.Thread.run(Thread.java:748)
Caused by: org.apache.ratis.protocol.AlreadyExistsException: 3ff0e7ab-a041-46a5-80bc-26a059f3ba72: Failed to add group-9123072637C4:[3ff0e7ab-a041-46a5-80bc-26a059f3ba72:172.17.0.2:33219, 25b95316-ab88-4802-813b-52a2b94286bf:172.17.0.2:43301, 5138af2d-87ee-4dde-978c-195be5163f61:172.17.0.2:41801] since the group already exists in the map.
	at org.apache.ratis.server.impl.RaftServerProxy$ImplMap.addNew(RaftServerProxy.java:83)
	at org.apache.ratis.server.impl.RaftServerProxy.groupAddAsync(RaftServerProxy.java:378)
	... 13 more
2020-04-04 02:36:50,711 [grpc-default-executor-0] WARN  impl.RaftServerProxy (RaftServerProxy.java:lambda$groupAddAsync$11(390)) - 3ff0e7ab-a041-46a5-80bc-26a059f3ba72: Failed groupAdd* GroupManagementRequest:client-D68C53C18BB6->3ff0e7ab-a041-46a5-80bc-26a059f3ba72@group-9123072637C4, cid=5, seq=0, RW, null, Add:group-9123072637C4:[3ff0e7ab-a041-46a5-80bc-26a059f3ba72:172.17.0.2:33219, 25b95316-ab88-4802-813b-52a2b94286bf:172.17.0.2:43301, 5138af2d-87ee-4dde-978c-195be5163f61:172.17.0.2:41801]
java.util.concurrent.CompletionException: org.apache.ratis.protocol.AlreadyExistsException: 3ff0e7ab-a041-46a5-80bc-26a059f3ba72: Failed to add group-9123072637C4:[3ff0e7ab-a041-46a5-80bc-26a059f3ba72:172.17.0.2:33219, 25b95316-ab88-4802-813b-52a2b94286bf:172.17.0.2:43301, 5138af2d-87ee-4dde-978c-195be5163f61:172.17.0.2:41801] since the group already exists in the map.
	at java.util.concurrent.CompletableFuture.encodeThrowable(CompletableFuture.java:292)
	at java.util.concurrent.CompletableFuture.completeThrowable(CompletableFuture.java:308)
	at java.util.concurrent.CompletableFuture.uniApply(CompletableFuture.java:607)
	at java.util.concurrent.CompletableFuture$UniApply.tryFire(CompletableFuture.java:591)
	at java.util.concurrent.CompletableFuture.uniApplyStage(CompletableFuture.java:631)
	at java.util.concurrent.CompletableFuture.thenApplyAsync(CompletableFuture.java:2006)
	at org.apache.ratis.server.impl.RaftServerProxy.groupAddAsync(RaftServerProxy.java:379)
	at org.apache.ratis.server.impl.RaftServerProxy.groupManagementAsync(RaftServerProxy.java:363)
	at org.apache.ratis.grpc.server.GrpcAdminProtocolService.lambda$groupManagement$0(GrpcAdminProtocolService.java:42)
	at org.apache.ratis.grpc.GrpcUtil.asyncCall(GrpcUtil.java:160)
	at org.apache.ratis.grpc.server.GrpcAdminProtocolService.groupManagement(GrpcAdminProtocolService.java:42)
	at org.apache.ratis.proto.grpc.AdminProtocolServiceGrpc$MethodHandlers.invoke(AdminProtocolServiceGrpc.java:358)
	at org.apache.ratis.thirdparty.io.grpc.stub.ServerCalls$UnaryServerCallHandler$UnaryServerCallListener.onHalfClose(ServerCalls.java:172)
	at org.apache.ratis.thirdparty.io.grpc.internal.ServerCallImpl$ServerStreamListenerImpl.halfClosed(ServerCallImpl.java:331)
	at org.apache.ratis.thirdparty.io.grpc.internal.ServerImpl$JumpToApplicationThreadServerStreamListener$1HalfClosed.runInContext(ServerImpl.java:814)
	at org.apache.ratis.thirdparty.io.grpc.internal.ContextRunnable.run(ContextRunnable.java:37)
	at org.apache.ratis.thirdparty.io.grpc.internal.SerializingExecutor.run(SerializingExecutor.java:123)
	at java.util.concurrent.ThreadPoolExecutor.runWorker(ThreadPoolExecutor.java:1149)
	at java.util.concurrent.ThreadPoolExecutor$Worker.run(ThreadPoolExecutor.java:624)
	at java.lang.Thread.run(Thread.java:748)
Caused by: org.apache.ratis.protocol.AlreadyExistsException: 3ff0e7ab-a041-46a5-80bc-26a059f3ba72: Failed to add group-9123072637C4:[3ff0e7ab-a041-46a5-80bc-26a059f3ba72:172.17.0.2:33219, 25b95316-ab88-4802-813b-52a2b94286bf:172.17.0.2:43301, 5138af2d-87ee-4dde-978c-195be5163f61:172.17.0.2:41801] since the group already exists in the map.
	at org.apache.ratis.server.impl.RaftServerProxy$ImplMap.addNew(RaftServerProxy.java:83)
	at org.apache.ratis.server.impl.RaftServerProxy.groupAddAsync(RaftServerProxy.java:378)
	... 13 more
2020-04-04 02:36:50,728 [Command processor thread] INFO  commandhandler.CreatePipelineCommandHandler (CreatePipelineCommandHandler.java:handle(112)) - Created Pipeline RATIS THREE #id: "253d2392-7d22-4203-82a2-9123072637c4"
.
2020-04-04 02:36:50,728 [Command processor thread] INFO  commandhandler.CreatePipelineCommandHandler (CreatePipelineCommandHandler.java:handle(112)) - Created Pipeline RATIS THREE #id: "253d2392-7d22-4203-82a2-9123072637c4"
.
2020-04-04 02:36:50,738 [Command processor thread] INFO  commandhandler.CreatePipelineCommandHandler (CreatePipelineCommandHandler.java:handle(112)) - Created Pipeline RATIS THREE #id: "253d2392-7d22-4203-82a2-9123072637c4"
.
2020-04-04 02:36:51,675 [main] INFO  ozone.MiniOzoneClusterImpl (MiniOzoneClusterImpl.java:lambda$waitForClusterToBeReady$0(177)) - Nodes are ready. Got 3 of 3 DN Heartbeats.
2020-04-04 02:36:51,675 [main] INFO  ozone.MiniOzoneClusterImpl (MiniOzoneClusterImpl.java:lambda$waitForClusterToBeReady$0(180)) - Waiting for cluster to exit safe mode
2020-04-04 02:36:52,676 [main] INFO  ozone.MiniOzoneClusterImpl (MiniOzoneClusterImpl.java:lambda$waitForClusterToBeReady$0(177)) - Nodes are ready. Got 3 of 3 DN Heartbeats.
2020-04-04 02:36:52,676 [main] INFO  ozone.MiniOzoneClusterImpl (MiniOzoneClusterImpl.java:lambda$waitForClusterToBeReady$0(180)) - Waiting for cluster to exit safe mode
2020-04-04 02:36:53,676 [main] INFO  ozone.MiniOzoneClusterImpl (MiniOzoneClusterImpl.java:lambda$waitForClusterToBeReady$0(177)) - Nodes are ready. Got 3 of 3 DN Heartbeats.
2020-04-04 02:36:53,676 [main] INFO  ozone.MiniOzoneClusterImpl (MiniOzoneClusterImpl.java:lambda$waitForClusterToBeReady$0(180)) - Waiting for cluster to exit safe mode
2020-04-04 02:36:54,677 [main] INFO  ozone.MiniOzoneClusterImpl (MiniOzoneClusterImpl.java:lambda$waitForClusterToBeReady$0(177)) - Nodes are ready. Got 3 of 3 DN Heartbeats.
2020-04-04 02:36:54,677 [main] INFO  ozone.MiniOzoneClusterImpl (MiniOzoneClusterImpl.java:lambda$waitForClusterToBeReady$0(180)) - Waiting for cluster to exit safe mode
2020-04-04 02:36:54,774 [Thread-178] INFO  impl.FollowerState (FollowerState.java:run(108)) - 25b95316-ab88-4802-813b-52a2b94286bf@group-4CCC45D2DFC8-FollowerState: change to CANDIDATE, lastRpcTime:5096ms, electionTimeout:5089ms
2020-04-04 02:36:54,774 [Thread-179] INFO  impl.FollowerState (FollowerState.java:run(108)) - 5138af2d-87ee-4dde-978c-195be5163f61@group-58B9DEDB993D-FollowerState: change to CANDIDATE, lastRpcTime:5094ms, electionTimeout:5074ms
2020-04-04 02:36:54,776 [Thread-178] INFO  impl.RoleInfo (RoleInfo.java:shutdownFollowerState(121)) - 25b95316-ab88-4802-813b-52a2b94286bf: shutdown FollowerState
2020-04-04 02:36:54,776 [Thread-178] INFO  impl.RaftServerImpl (RaftServerImpl.java:setRole(172)) - 25b95316-ab88-4802-813b-52a2b94286bf@group-4CCC45D2DFC8: changes role from  FOLLOWER to CANDIDATE at term 0 for changeToCandidate
2020-04-04 02:36:54,777 [Thread-179] INFO  impl.RoleInfo (RoleInfo.java:shutdownFollowerState(121)) - 5138af2d-87ee-4dde-978c-195be5163f61: shutdown FollowerState
2020-04-04 02:36:54,777 [Thread-179] INFO  impl.RaftServerImpl (RaftServerImpl.java:setRole(172)) - 5138af2d-87ee-4dde-978c-195be5163f61@group-58B9DEDB993D: changes role from  FOLLOWER to CANDIDATE at term 0 for changeToCandidate
2020-04-04 02:36:54,779 [Thread-179] INFO  impl.RoleInfo (RoleInfo.java:updateAndGet(143)) - 5138af2d-87ee-4dde-978c-195be5163f61: start LeaderElection
2020-04-04 02:36:54,779 [Thread-178] INFO  impl.RoleInfo (RoleInfo.java:updateAndGet(143)) - 25b95316-ab88-4802-813b-52a2b94286bf: start LeaderElection
2020-04-04 02:36:54,784 [5138af2d-87ee-4dde-978c-195be5163f61@group-58B9DEDB993D-LeaderElection2] INFO  impl.LeaderElection (LeaderElection.java:askForVotes(206)) - 5138af2d-87ee-4dde-978c-195be5163f61@group-58B9DEDB993D-LeaderElection2: begin an election at term 1 for -1: [5138af2d-87ee-4dde-978c-195be5163f61:172.17.0.2:41801], old=null
2020-04-04 02:36:54,784 [25b95316-ab88-4802-813b-52a2b94286bf@group-4CCC45D2DFC8-LeaderElection1] INFO  impl.LeaderElection (LeaderElection.java:askForVotes(206)) - 25b95316-ab88-4802-813b-52a2b94286bf@group-4CCC45D2DFC8-LeaderElection1: begin an election at term 1 for -1: [25b95316-ab88-4802-813b-52a2b94286bf:172.17.0.2:43301], old=null
2020-04-04 02:36:54,785 [5138af2d-87ee-4dde-978c-195be5163f61@group-58B9DEDB993D-LeaderElection2] INFO  impl.RoleInfo (RoleInfo.java:shutdownLeaderElection(134)) - 5138af2d-87ee-4dde-978c-195be5163f61: shutdown LeaderElection
2020-04-04 02:36:54,785 [25b95316-ab88-4802-813b-52a2b94286bf@group-4CCC45D2DFC8-LeaderElection1] INFO  impl.RoleInfo (RoleInfo.java:shutdownLeaderElection(134)) - 25b95316-ab88-4802-813b-52a2b94286bf: shutdown LeaderElection
2020-04-04 02:36:54,786 [5138af2d-87ee-4dde-978c-195be5163f61@group-58B9DEDB993D-LeaderElection2] INFO  impl.RaftServerImpl (RaftServerImpl.java:setRole(172)) - 5138af2d-87ee-4dde-978c-195be5163f61@group-58B9DEDB993D: changes role from CANDIDATE to LEADER at term 1 for changeToLeader
2020-04-04 02:36:54,786 [25b95316-ab88-4802-813b-52a2b94286bf@group-4CCC45D2DFC8-LeaderElection1] INFO  impl.RaftServerImpl (RaftServerImpl.java:setRole(172)) - 25b95316-ab88-4802-813b-52a2b94286bf@group-4CCC45D2DFC8: changes role from CANDIDATE to LEADER at term 1 for changeToLeader
2020-04-04 02:36:54,786 [5138af2d-87ee-4dde-978c-195be5163f61@group-58B9DEDB993D-LeaderElection2] INFO  ratis.XceiverServerRatis (XceiverServerRatis.java:handleLeaderChangedNotification(739)) - Leader change notification received for group: group-58B9DEDB993D with new leaderId: 5138af2d-87ee-4dde-978c-195be5163f61
2020-04-04 02:36:54,786 [25b95316-ab88-4802-813b-52a2b94286bf@group-4CCC45D2DFC8-LeaderElection1] INFO  ratis.XceiverServerRatis (XceiverServerRatis.java:handleLeaderChangedNotification(739)) - Leader change notification received for group: group-4CCC45D2DFC8 with new leaderId: 25b95316-ab88-4802-813b-52a2b94286bf
2020-04-04 02:36:54,789 [5138af2d-87ee-4dde-978c-195be5163f61@group-58B9DEDB993D-LeaderElection2] INFO  impl.RaftServerImpl (ServerState.java:setLeader(255)) - 5138af2d-87ee-4dde-978c-195be5163f61@group-58B9DEDB993D: change Leader from null to 5138af2d-87ee-4dde-978c-195be5163f61 at term 1 for becomeLeader, leader elected after 5161ms
2020-04-04 02:36:54,794 [5138af2d-87ee-4dde-978c-195be5163f61@group-58B9DEDB993D-LeaderElection2] INFO  server.RaftServerConfigKeys (ConfUtils.java:logGet(44)) - raft.server.staging.catchup.gap = 1000 (default)
2020-04-04 02:36:54,798 [25b95316-ab88-4802-813b-52a2b94286bf@group-4CCC45D2DFC8-LeaderElection1] INFO  impl.RaftServerImpl (ServerState.java:setLeader(255)) - 25b95316-ab88-4802-813b-52a2b94286bf@group-4CCC45D2DFC8: change Leader from null to 25b95316-ab88-4802-813b-52a2b94286bf at term 1 for becomeLeader, leader elected after 5317ms
2020-04-04 02:36:54,799 [5138af2d-87ee-4dde-978c-195be5163f61@group-58B9DEDB993D-LeaderElection2] INFO  server.RaftServerConfigKeys (ConfUtils.java:logGet(44)) - raft.server.rpc.sleep.time = 25ms (default)
2020-04-04 02:36:54,799 [25b95316-ab88-4802-813b-52a2b94286bf@group-4CCC45D2DFC8-LeaderElection1] INFO  server.RaftServerConfigKeys (ConfUtils.java:logGet(44)) - raft.server.staging.catchup.gap = 1000 (default)
2020-04-04 02:36:54,799 [25b95316-ab88-4802-813b-52a2b94286bf@group-4CCC45D2DFC8-LeaderElection1] INFO  server.RaftServerConfigKeys (ConfUtils.java:logGet(44)) - raft.server.rpc.sleep.time = 25ms (default)
2020-04-04 02:36:54,802 [5138af2d-87ee-4dde-978c-195be5163f61@group-58B9DEDB993D-LeaderElection2] INFO  metrics.RatisMetrics (RatisMetrics.java:lambda$create$0(39)) - Creating Metrics Registry : ratis.log_appender.5138af2d-87ee-4dde-978c-195be5163f61@group-58B9DEDB993D
2020-04-04 02:36:54,804 [25b95316-ab88-4802-813b-52a2b94286bf@group-4CCC45D2DFC8-LeaderElection1] INFO  metrics.RatisMetrics (RatisMetrics.java:lambda$create$0(39)) - Creating Metrics Registry : ratis.log_appender.25b95316-ab88-4802-813b-52a2b94286bf@group-4CCC45D2DFC8
2020-04-04 02:36:54,805 [5138af2d-87ee-4dde-978c-195be5163f61@group-58B9DEDB993D-LeaderElection2] INFO  server.RaftServerConfigKeys (ConfUtils.java:logGet(44)) - raft.server.write.element-limit = 1024 (custom)
2020-04-04 02:36:54,805 [5138af2d-87ee-4dde-978c-195be5163f61@group-58B9DEDB993D-LeaderElection2] INFO  server.RaftServerConfigKeys (ConfUtils.java:logGet(44)) - raft.server.write.byte-limit = 1073741824 (custom)
2020-04-04 02:36:54,807 [25b95316-ab88-4802-813b-52a2b94286bf@group-4CCC45D2DFC8-LeaderElection1] INFO  server.RaftServerConfigKeys (ConfUtils.java:logGet(44)) - raft.server.write.element-limit = 1024 (custom)
2020-04-04 02:36:54,807 [25b95316-ab88-4802-813b-52a2b94286bf@group-4CCC45D2DFC8-LeaderElection1] INFO  server.RaftServerConfigKeys (ConfUtils.java:logGet(44)) - raft.server.write.byte-limit = 1073741824 (custom)
2020-04-04 02:36:54,814 [5138af2d-87ee-4dde-978c-195be5163f61@group-58B9DEDB993D-LeaderElection2] INFO  server.RaftServerConfigKeys (ConfUtils.java:logGet(44)) - raft.server.watch.timeout = 10s (default)
2020-04-04 02:36:54,814 [25b95316-ab88-4802-813b-52a2b94286bf@group-4CCC45D2DFC8-LeaderElection1] INFO  server.RaftServerConfigKeys (ConfUtils.java:logGet(44)) - raft.server.watch.timeout = 10s (default)
2020-04-04 02:36:54,815 [5138af2d-87ee-4dde-978c-195be5163f61@group-58B9DEDB993D-LeaderElection2] INFO  server.RaftServerConfigKeys (ConfUtils.java:logGet(44)) - raft.server.watch.timeout.denomination = 1s (default)
2020-04-04 02:36:54,815 [25b95316-ab88-4802-813b-52a2b94286bf@group-4CCC45D2DFC8-LeaderElection1] INFO  server.RaftServerConfigKeys (ConfUtils.java:logGet(44)) - raft.server.watch.timeout.denomination = 1s (default)
2020-04-04 02:36:54,818 [Thread-185] INFO  impl.FollowerState (FollowerState.java:run(108)) - 3ff0e7ab-a041-46a5-80bc-26a059f3ba72@group-0C90796D2DDC-FollowerState: change to CANDIDATE, lastRpcTime:5021ms, electionTimeout:5015ms
2020-04-04 02:36:54,818 [Thread-185] INFO  impl.RoleInfo (RoleInfo.java:shutdownFollowerState(121)) - 3ff0e7ab-a041-46a5-80bc-26a059f3ba72: shutdown FollowerState
2020-04-04 02:36:54,818 [Thread-185] INFO  impl.RaftServerImpl (RaftServerImpl.java:setRole(172)) - 3ff0e7ab-a041-46a5-80bc-26a059f3ba72@group-0C90796D2DDC: changes role from  FOLLOWER to CANDIDATE at term 0 for changeToCandidate
2020-04-04 02:36:54,818 [Thread-185] INFO  impl.RoleInfo (RoleInfo.java:updateAndGet(143)) - 3ff0e7ab-a041-46a5-80bc-26a059f3ba72: start LeaderElection
2020-04-04 02:36:54,819 [25b95316-ab88-4802-813b-52a2b94286bf@group-4CCC45D2DFC8-LeaderElection1] INFO  server.RaftServerConfigKeys (ConfUtils.java:logGet(44)) - raft.server.watch.element-limit = 65536 (default)
2020-04-04 02:36:54,819 [5138af2d-87ee-4dde-978c-195be5163f61@group-58B9DEDB993D-LeaderElection2] INFO  server.RaftServerConfigKeys (ConfUtils.java:logGet(44)) - raft.server.watch.element-limit = 65536 (default)
2020-04-04 02:36:54,832 [25b95316-ab88-4802-813b-52a2b94286bf@group-4CCC45D2DFC8-LeaderElection1] INFO  impl.RoleInfo (RoleInfo.java:updateAndGet(143)) - 25b95316-ab88-4802-813b-52a2b94286bf: start LeaderState
2020-04-04 02:36:54,843 [5138af2d-87ee-4dde-978c-195be5163f61@group-58B9DEDB993D-LeaderElection2] INFO  impl.RoleInfo (RoleInfo.java:updateAndGet(143)) - 5138af2d-87ee-4dde-978c-195be5163f61: start LeaderState
2020-04-04 02:36:54,844 [3ff0e7ab-a041-46a5-80bc-26a059f3ba72@group-0C90796D2DDC-LeaderElection3] INFO  impl.LeaderElection (LeaderElection.java:askForVotes(206)) - 3ff0e7ab-a041-46a5-80bc-26a059f3ba72@group-0C90796D2DDC-LeaderElection3: begin an election at term 1 for -1: [3ff0e7ab-a041-46a5-80bc-26a059f3ba72:172.17.0.2:33219], old=null
2020-04-04 02:36:54,845 [3ff0e7ab-a041-46a5-80bc-26a059f3ba72@group-0C90796D2DDC-LeaderElection3] INFO  impl.RoleInfo (RoleInfo.java:shutdownLeaderElection(134)) - 3ff0e7ab-a041-46a5-80bc-26a059f3ba72: shutdown LeaderElection
2020-04-04 02:36:54,845 [3ff0e7ab-a041-46a5-80bc-26a059f3ba72@group-0C90796D2DDC-LeaderElection3] INFO  impl.RaftServerImpl (RaftServerImpl.java:setRole(172)) - 3ff0e7ab-a041-46a5-80bc-26a059f3ba72@group-0C90796D2DDC: changes role from CANDIDATE to LEADER at term 1 for changeToLeader
2020-04-04 02:36:54,845 [3ff0e7ab-a041-46a5-80bc-26a059f3ba72@group-0C90796D2DDC-LeaderElection3] INFO  ratis.XceiverServerRatis (XceiverServerRatis.java:handleLeaderChangedNotification(739)) - Leader change notification received for group: group-0C90796D2DDC with new leaderId: 3ff0e7ab-a041-46a5-80bc-26a059f3ba72
2020-04-04 02:36:54,845 [3ff0e7ab-a041-46a5-80bc-26a059f3ba72@group-0C90796D2DDC-LeaderElection3] INFO  impl.RaftServerImpl (ServerState.java:setLeader(255)) - 3ff0e7ab-a041-46a5-80bc-26a059f3ba72@group-0C90796D2DDC: change Leader from null to 3ff0e7ab-a041-46a5-80bc-26a059f3ba72 at term 1 for becomeLeader, leader elected after 5102ms
2020-04-04 02:36:54,845 [3ff0e7ab-a041-46a5-80bc-26a059f3ba72@group-0C90796D2DDC-LeaderElection3] INFO  server.RaftServerConfigKeys (ConfUtils.java:logGet(44)) - raft.server.staging.catchup.gap = 1000 (default)
2020-04-04 02:36:54,845 [3ff0e7ab-a041-46a5-80bc-26a059f3ba72@group-0C90796D2DDC-LeaderElection3] INFO  server.RaftServerConfigKeys (ConfUtils.java:logGet(44)) - raft.server.rpc.sleep.time = 25ms (default)
2020-04-04 02:36:54,845 [3ff0e7ab-a041-46a5-80bc-26a059f3ba72@group-0C90796D2DDC-LeaderElection3] INFO  metrics.RatisMetrics (RatisMetrics.java:lambda$create$0(39)) - Creating Metrics Registry : ratis.log_appender.3ff0e7ab-a041-46a5-80bc-26a059f3ba72@group-0C90796D2DDC
2020-04-04 02:36:54,847 [3ff0e7ab-a041-46a5-80bc-26a059f3ba72@group-0C90796D2DDC-LeaderElection3] INFO  server.RaftServerConfigKeys (ConfUtils.java:logGet(44)) - raft.server.write.element-limit = 1024 (custom)
2020-04-04 02:36:54,847 [3ff0e7ab-a041-46a5-80bc-26a059f3ba72@group-0C90796D2DDC-LeaderElection3] INFO  server.RaftServerConfigKeys (ConfUtils.java:logGet(44)) - raft.server.write.byte-limit = 1073741824 (custom)
2020-04-04 02:36:54,847 [3ff0e7ab-a041-46a5-80bc-26a059f3ba72@group-0C90796D2DDC-LeaderElection3] INFO  server.RaftServerConfigKeys (ConfUtils.java:logGet(44)) - raft.server.watch.timeout = 10s (default)
2020-04-04 02:36:54,847 [3ff0e7ab-a041-46a5-80bc-26a059f3ba72@group-0C90796D2DDC-LeaderElection3] INFO  server.RaftServerConfigKeys (ConfUtils.java:logGet(44)) - raft.server.watch.timeout.denomination = 1s (default)
2020-04-04 02:36:54,848 [3ff0e7ab-a041-46a5-80bc-26a059f3ba72@group-0C90796D2DDC-LeaderElection3] INFO  server.RaftServerConfigKeys (ConfUtils.java:logGet(44)) - raft.server.watch.element-limit = 65536 (default)
2020-04-04 02:36:54,848 [3ff0e7ab-a041-46a5-80bc-26a059f3ba72@group-0C90796D2DDC-LeaderElection3] INFO  impl.RoleInfo (RoleInfo.java:updateAndGet(143)) - 3ff0e7ab-a041-46a5-80bc-26a059f3ba72: start LeaderState
2020-04-04 02:36:54,854 [Thread-187] INFO  impl.FollowerState (FollowerState.java:run(108)) - 3ff0e7ab-a041-46a5-80bc-26a059f3ba72@group-9123072637C4-FollowerState: change to CANDIDATE, lastRpcTime:5032ms, electionTimeout:5031ms
2020-04-04 02:36:54,854 [Thread-187] INFO  impl.RoleInfo (RoleInfo.java:shutdownFollowerState(121)) - 3ff0e7ab-a041-46a5-80bc-26a059f3ba72: shutdown FollowerState
2020-04-04 02:36:54,854 [Thread-187] INFO  impl.RaftServerImpl (RaftServerImpl.java:setRole(172)) - 3ff0e7ab-a041-46a5-80bc-26a059f3ba72@group-9123072637C4: changes role from  FOLLOWER to CANDIDATE at term 0 for changeToCandidate
2020-04-04 02:36:54,855 [Thread-187] INFO  impl.RoleInfo (RoleInfo.java:updateAndGet(143)) - 3ff0e7ab-a041-46a5-80bc-26a059f3ba72: start LeaderElection
2020-04-04 02:36:54,864 [3ff0e7ab-a041-46a5-80bc-26a059f3ba72@group-9123072637C4-LeaderElection4] INFO  impl.LeaderElection (LeaderElection.java:askForVotes(206)) - 3ff0e7ab-a041-46a5-80bc-26a059f3ba72@group-9123072637C4-LeaderElection4: begin an election at term 1 for -1: [3ff0e7ab-a041-46a5-80bc-26a059f3ba72:172.17.0.2:33219, 25b95316-ab88-4802-813b-52a2b94286bf:172.17.0.2:43301, 5138af2d-87ee-4dde-978c-195be5163f61:172.17.0.2:41801], old=null
2020-04-04 02:36:54,865 [Thread-181] INFO  impl.FollowerState (FollowerState.java:run(108)) - 25b95316-ab88-4802-813b-52a2b94286bf@group-9123072637C4-FollowerState: change to CANDIDATE, lastRpcTime:5107ms, electionTimeout:5098ms
2020-04-04 02:36:54,865 [Thread-181] INFO  impl.RoleInfo (RoleInfo.java:shutdownFollowerState(121)) - 25b95316-ab88-4802-813b-52a2b94286bf: shutdown FollowerState
2020-04-04 02:36:54,865 [Thread-181] INFO  impl.RaftServerImpl (RaftServerImpl.java:setRole(172)) - 25b95316-ab88-4802-813b-52a2b94286bf@group-9123072637C4: changes role from  FOLLOWER to CANDIDATE at term 0 for changeToCandidate
2020-04-04 02:36:54,865 [Thread-181] INFO  impl.RoleInfo (RoleInfo.java:updateAndGet(143)) - 25b95316-ab88-4802-813b-52a2b94286bf: start LeaderElection
2020-04-04 02:36:54,886 [5138af2d-87ee-4dde-978c-195be5163f61@group-58B9DEDB993D-LeaderElection2] INFO  segmented.SegmentedRaftLogWorker (SegmentedRaftLogWorker.java:startLogSegment(391)) - 5138af2d-87ee-4dde-978c-195be5163f61@group-58B9DEDB993D-SegmentedRaftLogWorker: Starting segment from index:0
2020-04-04 02:36:54,887 [25b95316-ab88-4802-813b-52a2b94286bf@group-4CCC45D2DFC8-LeaderElection1] INFO  segmented.SegmentedRaftLogWorker (SegmentedRaftLogWorker.java:startLogSegment(391)) - 25b95316-ab88-4802-813b-52a2b94286bf@group-4CCC45D2DFC8-SegmentedRaftLogWorker: Starting segment from index:0
2020-04-04 02:36:54,887 [3ff0e7ab-a041-46a5-80bc-26a059f3ba72@group-0C90796D2DDC-LeaderElection3] INFO  segmented.SegmentedRaftLogWorker (SegmentedRaftLogWorker.java:startLogSegment(391)) - 3ff0e7ab-a041-46a5-80bc-26a059f3ba72@group-0C90796D2DDC-SegmentedRaftLogWorker: Starting segment from index:0
2020-04-04 02:36:54,903 [25b95316-ab88-4802-813b-52a2b94286bf@group-9123072637C4-LeaderElection5] INFO  impl.LeaderElection (LeaderElection.java:askForVotes(206)) - 25b95316-ab88-4802-813b-52a2b94286bf@group-9123072637C4-LeaderElection5: begin an election at term 1 for -1: [3ff0e7ab-a041-46a5-80bc-26a059f3ba72:172.17.0.2:33219, 25b95316-ab88-4802-813b-52a2b94286bf:172.17.0.2:43301, 5138af2d-87ee-4dde-978c-195be5163f61:172.17.0.2:41801], old=null
2020-04-04 02:36:54,912 [3ff0e7ab-a041-46a5-80bc-26a059f3ba72@group-0C90796D2DDC-LeaderElection3] INFO  impl.RaftServerImpl (ServerState.java:setRaftConf(356)) - 3ff0e7ab-a041-46a5-80bc-26a059f3ba72@group-0C90796D2DDC: set configuration 0: [3ff0e7ab-a041-46a5-80bc-26a059f3ba72:172.17.0.2:33219], old=null at 0
2020-04-04 02:36:54,913 [25b95316-ab88-4802-813b-52a2b94286bf@group-4CCC45D2DFC8-LeaderElection1] INFO  impl.RaftServerImpl (ServerState.java:setRaftConf(356)) - 25b95316-ab88-4802-813b-52a2b94286bf@group-4CCC45D2DFC8: set configuration 0: [25b95316-ab88-4802-813b-52a2b94286bf:172.17.0.2:43301], old=null at 0
2020-04-04 02:36:54,918 [5138af2d-87ee-4dde-978c-195be5163f61@group-58B9DEDB993D-LeaderElection2] INFO  impl.RaftServerImpl (ServerState.java:setRaftConf(356)) - 5138af2d-87ee-4dde-978c-195be5163f61@group-58B9DEDB993D: set configuration 0: [5138af2d-87ee-4dde-978c-195be5163f61:172.17.0.2:41801], old=null at 0
2020-04-04 02:36:54,974 [Thread-184] INFO  impl.FollowerState (FollowerState.java:run(108)) - 5138af2d-87ee-4dde-978c-195be5163f61@group-9123072637C4-FollowerState: change to CANDIDATE, lastRpcTime:5196ms, electionTimeout:5178ms
2020-04-04 02:36:54,974 [Thread-184] INFO  impl.RoleInfo (RoleInfo.java:shutdownFollowerState(121)) - 5138af2d-87ee-4dde-978c-195be5163f61: shutdown FollowerState
2020-04-04 02:36:54,974 [Thread-184] INFO  impl.RaftServerImpl (RaftServerImpl.java:setRole(172)) - 5138af2d-87ee-4dde-978c-195be5163f61@group-9123072637C4: changes role from  FOLLOWER to CANDIDATE at term 0 for changeToCandidate
2020-04-04 02:36:54,974 [Thread-184] INFO  impl.RoleInfo (RoleInfo.java:updateAndGet(143)) - 5138af2d-87ee-4dde-978c-195be5163f61: start LeaderElection
2020-04-04 02:36:54,993 [5138af2d-87ee-4dde-978c-195be5163f61@group-9123072637C4-LeaderElection6] INFO  impl.LeaderElection (LeaderElection.java:askForVotes(206)) - 5138af2d-87ee-4dde-978c-195be5163f61@group-9123072637C4-LeaderElection6: begin an election at term 1 for -1: [3ff0e7ab-a041-46a5-80bc-26a059f3ba72:172.17.0.2:33219, 25b95316-ab88-4802-813b-52a2b94286bf:172.17.0.2:43301, 5138af2d-87ee-4dde-978c-195be5163f61:172.17.0.2:41801], old=null
2020-04-04 02:36:54,997 [3ff0e7ab-a041-46a5-80bc-26a059f3ba72@group-9123072637C4-LeaderElection4] INFO  impl.LeaderElection (LeaderElection.java:logAndReturn(61)) - 3ff0e7ab-a041-46a5-80bc-26a059f3ba72@group-9123072637C4-LeaderElection4: Election REJECTED; received 2 response(s) [3ff0e7ab-a041-46a5-80bc-26a059f3ba72<-25b95316-ab88-4802-813b-52a2b94286bf#0:FAIL-t1, 3ff0e7ab-a041-46a5-80bc-26a059f3ba72<-5138af2d-87ee-4dde-978c-195be5163f61#0:FAIL-t1] and 0 exception(s); 3ff0e7ab-a041-46a5-80bc-26a059f3ba72@group-9123072637C4:t1, leader=null, voted=3ff0e7ab-a041-46a5-80bc-26a059f3ba72, raftlog=3ff0e7ab-a041-46a5-80bc-26a059f3ba72@group-9123072637C4-SegmentedRaftLog:OPENED:c-1,f-1,i0, conf=-1: [3ff0e7ab-a041-46a5-80bc-26a059f3ba72:172.17.0.2:33219, 25b95316-ab88-4802-813b-52a2b94286bf:172.17.0.2:43301, 5138af2d-87ee-4dde-978c-195be5163f61:172.17.0.2:41801], old=null
2020-04-04 02:36:54,997 [25b95316-ab88-4802-813b-52a2b94286bf@group-9123072637C4-LeaderElection5] INFO  impl.LeaderElection (LeaderElection.java:logAndReturn(61)) - 25b95316-ab88-4802-813b-52a2b94286bf@group-9123072637C4-LeaderElection5: Election REJECTED; received 2 response(s) [25b95316-ab88-4802-813b-52a2b94286bf<-3ff0e7ab-a041-46a5-80bc-26a059f3ba72#0:FAIL-t1, 25b95316-ab88-4802-813b-52a2b94286bf<-5138af2d-87ee-4dde-978c-195be5163f61#0:FAIL-t1] and 0 exception(s); 25b95316-ab88-4802-813b-52a2b94286bf@group-9123072637C4:t1, leader=null, voted=25b95316-ab88-4802-813b-52a2b94286bf, raftlog=25b95316-ab88-4802-813b-52a2b94286bf@group-9123072637C4-SegmentedRaftLog:OPENED:c-1,f-1,i0, conf=-1: [3ff0e7ab-a041-46a5-80bc-26a059f3ba72:172.17.0.2:33219, 25b95316-ab88-4802-813b-52a2b94286bf:172.17.0.2:43301, 5138af2d-87ee-4dde-978c-195be5163f61:172.17.0.2:41801], old=null
2020-04-04 02:36:54,998 [3ff0e7ab-a041-46a5-80bc-26a059f3ba72@group-9123072637C4-LeaderElection4] INFO  impl.RaftServerImpl (RaftServerImpl.java:setRole(172)) - 3ff0e7ab-a041-46a5-80bc-26a059f3ba72@group-9123072637C4: changes role from CANDIDATE to FOLLOWER at term 1 for DISCOVERED_A_NEW_TERM
2020-04-04 02:36:54,998 [25b95316-ab88-4802-813b-52a2b94286bf@group-9123072637C4-LeaderElection5] INFO  impl.RaftServerImpl (RaftServerImpl.java:setRole(172)) - 25b95316-ab88-4802-813b-52a2b94286bf@group-9123072637C4: changes role from CANDIDATE to FOLLOWER at term 1 for DISCOVERED_A_NEW_TERM
2020-04-04 02:36:55,003 [25b95316-ab88-4802-813b-52a2b94286bf@group-9123072637C4-LeaderElection5] INFO  impl.RoleInfo (RoleInfo.java:shutdownLeaderElection(134)) - 25b95316-ab88-4802-813b-52a2b94286bf: shutdown LeaderElection
2020-04-04 02:36:55,002 [3ff0e7ab-a041-46a5-80bc-26a059f3ba72@group-9123072637C4-LeaderElection4] INFO  impl.RoleInfo (RoleInfo.java:shutdownLeaderElection(134)) - 3ff0e7ab-a041-46a5-80bc-26a059f3ba72: shutdown LeaderElection
2020-04-04 02:36:55,003 [25b95316-ab88-4802-813b-52a2b94286bf@group-9123072637C4-LeaderElection5] INFO  impl.RoleInfo (RoleInfo.java:updateAndGet(143)) - 25b95316-ab88-4802-813b-52a2b94286bf: start FollowerState
2020-04-04 02:36:55,003 [3ff0e7ab-a041-46a5-80bc-26a059f3ba72@group-9123072637C4-LeaderElection4] INFO  impl.RoleInfo (RoleInfo.java:updateAndGet(143)) - 3ff0e7ab-a041-46a5-80bc-26a059f3ba72: start FollowerState
2020-04-04 02:36:55,037 [5138af2d-87ee-4dde-978c-195be5163f61@group-9123072637C4-LeaderElection6] INFO  impl.LeaderElection (LeaderElection.java:logAndReturn(61)) - 5138af2d-87ee-4dde-978c-195be5163f61@group-9123072637C4-LeaderElection6: Election REJECTED; received 2 response(s) [5138af2d-87ee-4dde-978c-195be5163f61<-3ff0e7ab-a041-46a5-80bc-26a059f3ba72#0:FAIL-t1, 5138af2d-87ee-4dde-978c-195be5163f61<-25b95316-ab88-4802-813b-52a2b94286bf#0:FAIL-t1] and 0 exception(s); 5138af2d-87ee-4dde-978c-195be5163f61@group-9123072637C4:t1, leader=null, voted=5138af2d-87ee-4dde-978c-195be5163f61, raftlog=5138af2d-87ee-4dde-978c-195be5163f61@group-9123072637C4-SegmentedRaftLog:OPENED:c-1,f-1,i0, conf=-1: [3ff0e7ab-a041-46a5-80bc-26a059f3ba72:172.17.0.2:33219, 25b95316-ab88-4802-813b-52a2b94286bf:172.17.0.2:43301, 5138af2d-87ee-4dde-978c-195be5163f61:172.17.0.2:41801], old=null
2020-04-04 02:36:55,038 [5138af2d-87ee-4dde-978c-195be5163f61@group-9123072637C4-LeaderElection6] INFO  impl.RaftServerImpl (RaftServerImpl.java:setRole(172)) - 5138af2d-87ee-4dde-978c-195be5163f61@group-9123072637C4: changes role from CANDIDATE to FOLLOWER at term 1 for DISCOVERED_A_NEW_TERM
2020-04-04 02:36:55,038 [5138af2d-87ee-4dde-978c-195be5163f61@group-9123072637C4-LeaderElection6] INFO  impl.RoleInfo (RoleInfo.java:shutdownLeaderElection(134)) - 5138af2d-87ee-4dde-978c-195be5163f61: shutdown LeaderElection
2020-04-04 02:36:55,039 [5138af2d-87ee-4dde-978c-195be5163f61@group-9123072637C4-LeaderElection6] INFO  impl.RoleInfo (RoleInfo.java:updateAndGet(143)) - 5138af2d-87ee-4dde-978c-195be5163f61: start FollowerState
2020-04-04 02:36:55,073 [5138af2d-87ee-4dde-978c-195be5163f61@group-58B9DEDB993D-SegmentedRaftLogWorker] INFO  segmented.SegmentedRaftLogWorker (SegmentedRaftLogWorker.java:execute(583)) - 5138af2d-87ee-4dde-978c-195be5163f61@group-58B9DEDB993D-SegmentedRaftLogWorker: created new log segment /github/workspace/hadoop-ozone/integration-test/target/test-dir/MiniOzoneClusterImpl-cc0439a0-e977-413a-809d-caa56196bbad/datanode-1/data/ratis/b8e36055-fd25-4476-be97-58b9dedb993d/current/log_inprogress_0
2020-04-04 02:36:55,074 [25b95316-ab88-4802-813b-52a2b94286bf@group-4CCC45D2DFC8-SegmentedRaftLogWorker] INFO  segmented.SegmentedRaftLogWorker (SegmentedRaftLogWorker.java:execute(583)) - 25b95316-ab88-4802-813b-52a2b94286bf@group-4CCC45D2DFC8-SegmentedRaftLogWorker: created new log segment /github/workspace/hadoop-ozone/integration-test/target/test-dir/MiniOzoneClusterImpl-cc0439a0-e977-413a-809d-caa56196bbad/datanode-0/data/ratis/8db060c3-8419-4dbd-82fc-4ccc45d2dfc8/current/log_inprogress_0
2020-04-04 02:36:55,074 [3ff0e7ab-a041-46a5-80bc-26a059f3ba72@group-0C90796D2DDC-SegmentedRaftLogWorker] INFO  segmented.SegmentedRaftLogWorker (SegmentedRaftLogWorker.java:execute(583)) - 3ff0e7ab-a041-46a5-80bc-26a059f3ba72@group-0C90796D2DDC-SegmentedRaftLogWorker: created new log segment /github/workspace/hadoop-ozone/integration-test/target/test-dir/MiniOzoneClusterImpl-cc0439a0-e977-413a-809d-caa56196bbad/datanode-2/data/ratis/ee28e1fe-e48a-44f8-98dc-0c90796d2ddc/current/log_inprogress_0
2020-04-04 02:36:55,677 [main] INFO  ozone.MiniOzoneClusterImpl (MiniOzoneClusterImpl.java:lambda$waitForClusterToBeReady$0(177)) - Nodes are ready. Got 3 of 3 DN Heartbeats.
2020-04-04 02:36:55,678 [main] INFO  ozone.MiniOzoneClusterImpl (MiniOzoneClusterImpl.java:lambda$waitForClusterToBeReady$0(180)) - Waiting for cluster to exit safe mode
2020-04-04 02:36:56,678 [main] INFO  ozone.MiniOzoneClusterImpl (MiniOzoneClusterImpl.java:lambda$waitForClusterToBeReady$0(177)) - Nodes are ready. Got 3 of 3 DN Heartbeats.
2020-04-04 02:36:56,679 [main] INFO  ozone.MiniOzoneClusterImpl (MiniOzoneClusterImpl.java:lambda$waitForClusterToBeReady$0(180)) - Waiting for cluster to exit safe mode
2020-04-04 02:36:57,679 [main] INFO  ozone.MiniOzoneClusterImpl (MiniOzoneClusterImpl.java:lambda$waitForClusterToBeReady$0(177)) - Nodes are ready. Got 3 of 3 DN Heartbeats.
2020-04-04 02:36:57,679 [main] INFO  ozone.MiniOzoneClusterImpl (MiniOzoneClusterImpl.java:lambda$waitForClusterToBeReady$0(180)) - Waiting for cluster to exit safe mode
2020-04-04 02:36:58,680 [main] INFO  ozone.MiniOzoneClusterImpl (MiniOzoneClusterImpl.java:lambda$waitForClusterToBeReady$0(177)) - Nodes are ready. Got 3 of 3 DN Heartbeats.
2020-04-04 02:36:58,680 [main] INFO  ozone.MiniOzoneClusterImpl (MiniOzoneClusterImpl.java:lambda$waitForClusterToBeReady$0(180)) - Waiting for cluster to exit safe mode
2020-04-04 02:36:59,681 [main] INFO  ozone.MiniOzoneClusterImpl (MiniOzoneClusterImpl.java:lambda$waitForClusterToBeReady$0(177)) - Nodes are ready. Got 3 of 3 DN Heartbeats.
2020-04-04 02:36:59,681 [main] INFO  ozone.MiniOzoneClusterImpl (MiniOzoneClusterImpl.java:lambda$waitForClusterToBeReady$0(180)) - Waiting for cluster to exit safe mode
2020-04-04 02:37:00,072 [Thread-211] INFO  impl.FollowerState (FollowerState.java:run(108)) - 5138af2d-87ee-4dde-978c-195be5163f61@group-9123072637C4-FollowerState: change to CANDIDATE, lastRpcTime:5033ms, electionTimeout:5025ms
2020-04-04 02:37:00,073 [Thread-211] INFO  impl.RoleInfo (RoleInfo.java:shutdownFollowerState(121)) - 5138af2d-87ee-4dde-978c-195be5163f61: shutdown FollowerState
2020-04-04 02:37:00,073 [Thread-211] INFO  impl.RaftServerImpl (RaftServerImpl.java:setRole(172)) - 5138af2d-87ee-4dde-978c-195be5163f61@group-9123072637C4: changes role from  FOLLOWER to CANDIDATE at term 1 for changeToCandidate
2020-04-04 02:37:00,073 [Thread-211] INFO  impl.RoleInfo (RoleInfo.java:updateAndGet(143)) - 5138af2d-87ee-4dde-978c-195be5163f61: start LeaderElection
2020-04-04 02:37:00,082 [5138af2d-87ee-4dde-978c-195be5163f61@group-9123072637C4-LeaderElection7] INFO  impl.LeaderElection (LeaderElection.java:askForVotes(206)) - 5138af2d-87ee-4dde-978c-195be5163f61@group-9123072637C4-LeaderElection7: begin an election at term 2 for -1: [3ff0e7ab-a041-46a5-80bc-26a059f3ba72:172.17.0.2:33219, 25b95316-ab88-4802-813b-52a2b94286bf:172.17.0.2:43301, 5138af2d-87ee-4dde-978c-195be5163f61:172.17.0.2:41801], old=null
2020-04-04 02:37:00,088 [grpc-default-executor-2] INFO  impl.RaftServerImpl (RaftServerImpl.java:setRole(172)) - 3ff0e7ab-a041-46a5-80bc-26a059f3ba72@group-9123072637C4: changes role from  FOLLOWER to FOLLOWER at term 2 for recognizeCandidate:5138af2d-87ee-4dde-978c-195be5163f61
2020-04-04 02:37:00,088 [grpc-default-executor-2] INFO  impl.RoleInfo (RoleInfo.java:shutdownFollowerState(121)) - 3ff0e7ab-a041-46a5-80bc-26a059f3ba72: shutdown FollowerState
2020-04-04 02:37:00,088 [grpc-default-executor-2] INFO  impl.RoleInfo (RoleInfo.java:updateAndGet(143)) - 3ff0e7ab-a041-46a5-80bc-26a059f3ba72: start FollowerState
2020-04-04 02:37:00,089 [Thread-210] INFO  impl.FollowerState (FollowerState.java:run(117)) - 3ff0e7ab-a041-46a5-80bc-26a059f3ba72@group-9123072637C4-FollowerState was interrupted: java.lang.InterruptedException: sleep interrupted
2020-04-04 02:37:00,092 [grpc-default-executor-3] INFO  impl.RaftServerImpl (RaftServerImpl.java:setRole(172)) - 25b95316-ab88-4802-813b-52a2b94286bf@group-9123072637C4: changes role from  FOLLOWER to FOLLOWER at term 2 for recognizeCandidate:5138af2d-87ee-4dde-978c-195be5163f61
2020-04-04 02:37:00,092 [grpc-default-executor-3] INFO  impl.RoleInfo (RoleInfo.java:shutdownFollowerState(121)) - 25b95316-ab88-4802-813b-52a2b94286bf: shutdown FollowerState
2020-04-04 02:37:00,093 [grpc-default-executor-3] INFO  impl.RoleInfo (RoleInfo.java:updateAndGet(143)) - 25b95316-ab88-4802-813b-52a2b94286bf: start FollowerState
2020-04-04 02:37:00,093 [Thread-209] INFO  impl.FollowerState (FollowerState.java:run(117)) - 25b95316-ab88-4802-813b-52a2b94286bf@group-9123072637C4-FollowerState was interrupted: java.lang.InterruptedException: sleep interrupted
2020-04-04 02:37:00,100 [5138af2d-87ee-4dde-978c-195be5163f61@group-9123072637C4-LeaderElection7] INFO  impl.LeaderElection (LeaderElection.java:logAndReturn(61)) - 5138af2d-87ee-4dde-978c-195be5163f61@group-9123072637C4-LeaderElection7: Election PASSED; received 1 response(s) [5138af2d-87ee-4dde-978c-195be5163f61<-25b95316-ab88-4802-813b-52a2b94286bf#0:OK-t2] and 0 exception(s); 5138af2d-87ee-4dde-978c-195be5163f61@group-9123072637C4:t2, leader=null, voted=5138af2d-87ee-4dde-978c-195be5163f61, raftlog=5138af2d-87ee-4dde-978c-195be5163f61@group-9123072637C4-SegmentedRaftLog:OPENED:c-1,f-1,i0, conf=-1: [3ff0e7ab-a041-46a5-80bc-26a059f3ba72:172.17.0.2:33219, 25b95316-ab88-4802-813b-52a2b94286bf:172.17.0.2:43301, 5138af2d-87ee-4dde-978c-195be5163f61:172.17.0.2:41801], old=null
2020-04-04 02:37:00,100 [5138af2d-87ee-4dde-978c-195be5163f61@group-9123072637C4-LeaderElection7] INFO  impl.RoleInfo (RoleInfo.java:shutdownLeaderElection(134)) - 5138af2d-87ee-4dde-978c-195be5163f61: shutdown LeaderElection
2020-04-04 02:37:00,100 [5138af2d-87ee-4dde-978c-195be5163f61@group-9123072637C4-LeaderElection7] INFO  impl.RaftServerImpl (RaftServerImpl.java:setRole(172)) - 5138af2d-87ee-4dde-978c-195be5163f61@group-9123072637C4: changes role from CANDIDATE to LEADER at term 2 for changeToLeader
2020-04-04 02:37:00,100 [5138af2d-87ee-4dde-978c-195be5163f61@group-9123072637C4-LeaderElection7] INFO  ratis.XceiverServerRatis (XceiverServerRatis.java:handleLeaderChangedNotification(739)) - Leader change notification received for group: group-9123072637C4 with new leaderId: 5138af2d-87ee-4dde-978c-195be5163f61
2020-04-04 02:37:00,101 [5138af2d-87ee-4dde-978c-195be5163f61@group-9123072637C4-LeaderElection7] INFO  impl.RaftServerImpl (ServerState.java:setLeader(255)) - 5138af2d-87ee-4dde-978c-195be5163f61@group-9123072637C4: change Leader from null to 5138af2d-87ee-4dde-978c-195be5163f61 at term 2 for becomeLeader, leader elected after 10359ms
2020-04-04 02:37:00,101 [5138af2d-87ee-4dde-978c-195be5163f61@group-9123072637C4-LeaderElection7] INFO  server.RaftServerConfigKeys (ConfUtils.java:logGet(44)) - raft.server.staging.catchup.gap = 1000 (default)
2020-04-04 02:37:00,101 [5138af2d-87ee-4dde-978c-195be5163f61@group-9123072637C4-LeaderElection7] INFO  server.RaftServerConfigKeys (ConfUtils.java:logGet(44)) - raft.server.rpc.sleep.time = 25ms (default)
2020-04-04 02:37:00,101 [5138af2d-87ee-4dde-978c-195be5163f61@group-9123072637C4-LeaderElection7] INFO  metrics.RatisMetrics (RatisMetrics.java:lambda$create$0(39)) - Creating Metrics Registry : ratis.log_appender.5138af2d-87ee-4dde-978c-195be5163f61@group-9123072637C4
2020-04-04 02:37:00,101 [5138af2d-87ee-4dde-978c-195be5163f61@group-9123072637C4-LeaderElection7] INFO  server.RaftServerConfigKeys (ConfUtils.java:logGet(44)) - raft.server.write.element-limit = 1024 (custom)
2020-04-04 02:37:00,101 [5138af2d-87ee-4dde-978c-195be5163f61@group-9123072637C4-LeaderElection7] INFO  server.RaftServerConfigKeys (ConfUtils.java:logGet(44)) - raft.server.write.byte-limit = 1073741824 (custom)
2020-04-04 02:37:00,102 [5138af2d-87ee-4dde-978c-195be5163f61@group-9123072637C4-LeaderElection7] INFO  server.RaftServerConfigKeys (ConfUtils.java:logGet(44)) - raft.server.watch.timeout = 10s (default)
2020-04-04 02:37:00,102 [5138af2d-87ee-4dde-978c-195be5163f61@group-9123072637C4-LeaderElection7] INFO  server.RaftServerConfigKeys (ConfUtils.java:logGet(44)) - raft.server.watch.timeout.denomination = 1s (default)
2020-04-04 02:37:00,102 [5138af2d-87ee-4dde-978c-195be5163f61@group-9123072637C4-LeaderElection7] INFO  server.RaftServerConfigKeys (ConfUtils.java:logGet(44)) - raft.server.watch.element-limit = 65536 (default)
2020-04-04 02:37:00,105 [EventQueue-PipelineReportForPipelineReportHandler] INFO  pipeline.PipelineStateManager (PipelineStateManager.java:openPipeline(131)) - Pipeline Pipeline[ Id: 253d2392-7d22-4203-82a2-9123072637c4, Nodes: 25b95316-ab88-4802-813b-52a2b94286bf{ip: 172.17.0.2, host: 5a8bb91e4d22, networkLocation: /default-rack, certSerialId: null}5138af2d-87ee-4dde-978c-195be5163f61{ip: 172.17.0.2, host: 5a8bb91e4d22, networkLocation: /default-rack, certSerialId: null}3ff0e7ab-a041-46a5-80bc-26a059f3ba72{ip: 172.17.0.2, host: 5a8bb91e4d22, networkLocation: /default-rack, certSerialId: null}, Type:RATIS, Factor:THREE, State:ALLOCATED, leaderId:5138af2d-87ee-4dde-978c-195be5163f61, CreationTimestamp2020-04-04T02:36:46.688Z] moved to OPEN state
2020-04-04 02:37:00,107 [EventQueue-OpenPipelineForHealthyPipelineSafeModeRule] INFO  safemode.SCMSafeModeManager (HealthyPipelineSafeModeRule.java:process(131)) - SCM in safe mode. Healthy pipelines reported count is 1, required healthy pipeline reported count is 1
2020-04-04 02:37:00,107 [EventQueue-OpenPipelineForHealthyPipelineSafeModeRule] INFO  safemode.SCMSafeModeManager (SCMSafeModeManager.java:validateSafeModeExitRules(175)) - HealthyPipelineSafeModeRule rule is successfully validated
2020-04-04 02:37:00,107 [5138af2d-87ee-4dde-978c-195be5163f61@group-9123072637C4-LeaderElection7] INFO  server.RaftServerConfigKeys (ConfUtils.java:logGet(44)) - raft.server.log.appender.snapshot.chunk.size.max = 16MB (=16777216) (default)
2020-04-04 02:37:00,108 [EventQueue-OpenPipelineForHealthyPipelineSafeModeRule] INFO  safemode.SCMSafeModeManager (SCMSafeModeManager.java:validateSafeModeExitRules(184)) - ScmSafeModeManager, all rules are successfully validated
2020-04-04 02:37:00,108 [EventQueue-OpenPipelineForHealthyPipelineSafeModeRule] INFO  safemode.SCMSafeModeManager (SCMSafeModeManager.java:exitSafeMode(200)) - SCM exiting safe mode.
2020-04-04 02:37:00,108 [5138af2d-87ee-4dde-978c-195be5163f61@group-9123072637C4-LeaderElection7] INFO  server.RaftServerConfigKeys (ConfUtils.java:logGet(44)) - raft.server.log.appender.buffer.byte-limit = 33554432 (custom)
2020-04-04 02:37:00,109 [5138af2d-87ee-4dde-978c-195be5163f61@group-9123072637C4-LeaderElection7] INFO  server.RaftServerConfigKeys (ConfUtils.java:logGet(44)) - raft.server.log.appender.buffer.element-limit = 1 (custom)
2020-04-04 02:37:00,109 [EventQueue-OpenPipelineForOneReplicaPipelineSafeModeRule] INFO  safemode.SCMSafeModeManager (SCMSafeModeManager.java:validateSafeModeExitRules(175)) - AtleastOneDatanodeReportedRule rule is successfully validated
2020-04-04 02:37:00,109 [EventQueue-OpenPipelineForOneReplicaPipelineSafeModeRule] INFO  safemode.SCMSafeModeManager (SCMSafeModeManager.java:validateSafeModeExitRules(184)) - ScmSafeModeManager, all rules are successfully validated
2020-04-04 02:37:00,109 [EventQueue-OpenPipelineForOneReplicaPipelineSafeModeRule] INFO  safemode.SCMSafeModeManager (SCMSafeModeManager.java:exitSafeMode(200)) - SCM exiting safe mode.
2020-04-04 02:37:00,116 [5138af2d-87ee-4dde-978c-195be5163f61@group-9123072637C4-LeaderElection7] INFO  grpc.GrpcConfigKeys (ConfUtils.java:logGet(44)) - raft.grpc.server.leader.outstanding.appends.max = 128 (default)
2020-04-04 02:37:00,117 [5138af2d-87ee-4dde-978c-195be5163f61@group-9123072637C4-LeaderElection7] INFO  server.RaftServerConfigKeys (ConfUtils.java:logGet(44)) - raft.server.rpc.request.timeout = 3s (default)
2020-04-04 02:37:00,118 [5138af2d-87ee-4dde-978c-195be5163f61@group-9123072637C4-LeaderElection7] INFO  server.RaftServerConfigKeys (ConfUtils.java:logGet(44)) - raft.server.log.appender.install.snapshot.enabled = false (custom)
2020-04-04 02:37:00,123 [5138af2d-87ee-4dde-978c-195be5163f61@group-9123072637C4-LeaderElection7] INFO  server.RaftServerConfigKeys (ConfUtils.java:logGet(44)) - raft.server.log.appender.snapshot.chunk.size.max = 16MB (=16777216) (default)
2020-04-04 02:37:00,123 [5138af2d-87ee-4dde-978c-195be5163f61@group-9123072637C4-LeaderElection7] INFO  server.RaftServerConfigKeys (ConfUtils.java:logGet(44)) - raft.server.log.appender.buffer.byte-limit = 33554432 (custom)
2020-04-04 02:37:00,123 [5138af2d-87ee-4dde-978c-195be5163f61@group-9123072637C4-LeaderElection7] INFO  server.RaftServerConfigKeys (ConfUtils.java:logGet(44)) - raft.server.log.appender.buffer.element-limit = 1 (custom)
2020-04-04 02:37:00,124 [5138af2d-87ee-4dde-978c-195be5163f61@group-9123072637C4-LeaderElection7] INFO  grpc.GrpcConfigKeys (ConfUtils.java:logGet(44)) - raft.grpc.server.leader.outstanding.appends.max = 128 (default)
2020-04-04 02:37:00,124 [5138af2d-87ee-4dde-978c-195be5163f61@group-9123072637C4-LeaderElection7] INFO  server.RaftServerConfigKeys (ConfUtils.java:logGet(44)) - raft.server.rpc.request.timeout = 3s (default)
2020-04-04 02:37:00,124 [5138af2d-87ee-4dde-978c-195be5163f61@group-9123072637C4-LeaderElection7] INFO  server.RaftServerConfigKeys (ConfUtils.java:logGet(44)) - raft.server.log.appender.install.snapshot.enabled = false (custom)
2020-04-04 02:37:00,126 [5138af2d-87ee-4dde-978c-195be5163f61@group-9123072637C4-LeaderElection7] INFO  impl.RoleInfo (RoleInfo.java:updateAndGet(143)) - 5138af2d-87ee-4dde-978c-195be5163f61: start LeaderState
2020-04-04 02:37:00,126 [5138af2d-87ee-4dde-978c-195be5163f61@group-9123072637C4-LeaderElection7] INFO  segmented.SegmentedRaftLogWorker (SegmentedRaftLogWorker.java:startLogSegment(391)) - 5138af2d-87ee-4dde-978c-195be5163f61@group-9123072637C4-SegmentedRaftLogWorker: Starting segment from index:0
2020-04-04 02:37:00,128 [5138af2d-87ee-4dde-978c-195be5163f61@group-9123072637C4-LeaderElection7] INFO  impl.RaftServerImpl (ServerState.java:setRaftConf(356)) - 5138af2d-87ee-4dde-978c-195be5163f61@group-9123072637C4: set configuration 0: [3ff0e7ab-a041-46a5-80bc-26a059f3ba72:172.17.0.2:33219, 25b95316-ab88-4802-813b-52a2b94286bf:172.17.0.2:43301, 5138af2d-87ee-4dde-978c-195be5163f61:172.17.0.2:41801], old=null at 0
2020-04-04 02:37:00,128 [5138af2d-87ee-4dde-978c-195be5163f61@group-9123072637C4-SegmentedRaftLogWorker] INFO  segmented.SegmentedRaftLogWorker (SegmentedRaftLogWorker.java:execute(583)) - 5138af2d-87ee-4dde-978c-195be5163f61@group-9123072637C4-SegmentedRaftLogWorker: created new log segment /github/workspace/hadoop-ozone/integration-test/target/test-dir/MiniOzoneClusterImpl-cc0439a0-e977-413a-809d-caa56196bbad/datanode-1/data/ratis/253d2392-7d22-4203-82a2-9123072637c4/current/log_inprogress_0
2020-04-04 02:37:00,166 [grpc-default-executor-0] INFO  ratis.XceiverServerRatis (XceiverServerRatis.java:handleLeaderChangedNotification(739)) - Leader change notification received for group: group-9123072637C4 with new leaderId: 5138af2d-87ee-4dde-978c-195be5163f61
2020-04-04 02:37:00,167 [grpc-default-executor-3] INFO  ratis.XceiverServerRatis (XceiverServerRatis.java:handleLeaderChangedNotification(739)) - Leader change notification received for group: group-9123072637C4 with new leaderId: 5138af2d-87ee-4dde-978c-195be5163f61
2020-04-04 02:37:00,171 [grpc-default-executor-3] INFO  impl.RaftServerImpl (ServerState.java:setLeader(255)) - 25b95316-ab88-4802-813b-52a2b94286bf@group-9123072637C4: change Leader from null to 5138af2d-87ee-4dde-978c-195be5163f61 at term 2 for appendEntries, leader elected after 10425ms
2020-04-04 02:37:00,171 [grpc-default-executor-0] INFO  impl.RaftServerImpl (ServerState.java:setLeader(255)) - 3ff0e7ab-a041-46a5-80bc-26a059f3ba72@group-9123072637C4: change Leader from null to 5138af2d-87ee-4dde-978c-195be5163f61 at term 2 for appendEntries, leader elected after 10350ms
2020-04-04 02:37:00,180 [grpc-default-executor-0] INFO  impl.RaftServerImpl (ServerState.java:setRaftConf(356)) - 3ff0e7ab-a041-46a5-80bc-26a059f3ba72@group-9123072637C4: set configuration 0: [3ff0e7ab-a041-46a5-80bc-26a059f3ba72:172.17.0.2:33219, 25b95316-ab88-4802-813b-52a2b94286bf:172.17.0.2:43301, 5138af2d-87ee-4dde-978c-195be5163f61:172.17.0.2:41801], old=null at 0
2020-04-04 02:37:00,180 [grpc-default-executor-0] INFO  segmented.SegmentedRaftLogWorker (SegmentedRaftLogWorker.java:startLogSegment(391)) - 3ff0e7ab-a041-46a5-80bc-26a059f3ba72@group-9123072637C4-SegmentedRaftLogWorker: Starting segment from index:0
2020-04-04 02:37:00,181 [3ff0e7ab-a041-46a5-80bc-26a059f3ba72@group-9123072637C4-SegmentedRaftLogWorker] INFO  segmented.SegmentedRaftLogWorker (SegmentedRaftLogWorker.java:execute(583)) - 3ff0e7ab-a041-46a5-80bc-26a059f3ba72@group-9123072637C4-SegmentedRaftLogWorker: created new log segment /github/workspace/hadoop-ozone/integration-test/target/test-dir/MiniOzoneClusterImpl-cc0439a0-e977-413a-809d-caa56196bbad/datanode-2/data/ratis/253d2392-7d22-4203-82a2-9123072637c4/current/log_inprogress_0
2020-04-04 02:37:00,184 [grpc-default-executor-3] INFO  impl.RaftServerImpl (ServerState.java:setRaftConf(356)) - 25b95316-ab88-4802-813b-52a2b94286bf@group-9123072637C4: set configuration 0: [3ff0e7ab-a041-46a5-80bc-26a059f3ba72:172.17.0.2:33219, 25b95316-ab88-4802-813b-52a2b94286bf:172.17.0.2:43301, 5138af2d-87ee-4dde-978c-195be5163f61:172.17.0.2:41801], old=null at 0
2020-04-04 02:37:00,184 [grpc-default-executor-3] INFO  segmented.SegmentedRaftLogWorker (SegmentedRaftLogWorker.java:startLogSegment(391)) - 25b95316-ab88-4802-813b-52a2b94286bf@group-9123072637C4-SegmentedRaftLogWorker: Starting segment from index:0
2020-04-04 02:37:00,188 [25b95316-ab88-4802-813b-52a2b94286bf@group-9123072637C4-SegmentedRaftLogWorker] INFO  segmented.SegmentedRaftLogWorker (SegmentedRaftLogWorker.java:execute(583)) - 25b95316-ab88-4802-813b-52a2b94286bf@group-9123072637C4-SegmentedRaftLogWorker: created new log segment /github/workspace/hadoop-ozone/integration-test/target/test-dir/MiniOzoneClusterImpl-cc0439a0-e977-413a-809d-caa56196bbad/datanode-0/data/ratis/253d2392-7d22-4203-82a2-9123072637c4/current/log_inprogress_0
2020-04-04 02:37:00,682 [main] INFO  ozone.MiniOzoneClusterImpl (MiniOzoneClusterImpl.java:lambda$waitForClusterToBeReady$0(177)) - Nodes are ready. Got 3 of 3 DN Heartbeats.
2020-04-04 02:37:00,682 [main] INFO  ozone.MiniOzoneClusterImpl (MiniOzoneClusterImpl.java:lambda$waitForClusterToBeReady$0(180)) - Cluster exits safe mode
2020-04-04 02:37:01,322 [main] INFO  rpc.RpcClient (RpcClient.java:createVolume(293)) - Creating Volume: watchforcommithandlingtest, with jenkins1001 as owner.
2020-04-04 02:37:01,393 [IPC Server handler 16 on 33723] INFO  volume.OMVolumeCreateRequest (OMVolumeCreateRequest.java:validateAndUpdateCache(209)) - created volume:watchforcommithandlingtest for user:jenkins1001
2020-04-04 02:37:01,415 [main] INFO  rpc.RpcClient (RpcClient.java:createBucket(432)) - Creating Bucket: watchforcommithandlingtest/watchforcommithandlingtest, with Versioning false and Storage Type set to DISK and Encryption set to false 
2020-04-04 02:37:01,432 [main] INFO  ozone.MiniOzoneClusterImpl (MiniOzoneClusterImpl.java:getStorageContainerLocationClient(289)) - Creating StorageContainerLocationProtocol RPC client with address /0.0.0.0:46247
2020-04-04 02:37:01,464 [main] INFO  impl.MetricsSystemImpl (MetricsSystemImpl.java:init(158)) - XceiverClientMetrics metrics system started (again)
2020-04-04 02:37:03,116 [Thread-218] INFO  container.ReplicationManager (ReplicationManager.java:start(165)) - Starting Replication Monitor Thread.
2020-04-04 02:37:03,118 [ReplicationMonitor] INFO  container.ReplicationManager (ReplicationManager.java:run(228)) - Replication Monitor Thread took 1 milliseconds for processing 1 containers.
2020-04-04 02:37:03,159 [java.util.concurrent.ThreadPoolExecutor$Worker@4de3f9ca[State = -1, empty queue]] WARN  server.GrpcLogAppender (GrpcLogAppender.java:timeoutAppendRequest(212)) - 5138af2d-87ee-4dde-978c-195be5163f61@group-9123072637C4->3ff0e7ab-a041-46a5-80bc-26a059f3ba72-GrpcLogAppender:  appendEntries Timeout, request=AppendEntriesRequest:cid=1,entriesCount=1,lastEntry=(t:2, i:0)
2020-04-04 02:37:04,635 [java.util.concurrent.ThreadPoolExecutor$Worker@4de3f9ca[State = -1, empty queue]] WARN  server.GrpcLogAppender (GrpcLogAppender.java:timeoutAppendRequest(212)) - 5138af2d-87ee-4dde-978c-195be5163f61@group-9123072637C4->3ff0e7ab-a041-46a5-80bc-26a059f3ba72-GrpcLogAppender:  appendEntries Timeout, request=AppendEntriesRequest:cid=2,entriesCount=1,lastEntry=(t:2, i:1)
2020-04-04 02:37:04,657 [java.util.concurrent.ThreadPoolExecutor$Worker@4de3f9ca[State = -1, empty queue]] WARN  server.GrpcLogAppender (GrpcLogAppender.java:timeoutAppendRequest(212)) - 5138af2d-87ee-4dde-978c-195be5163f61@group-9123072637C4->3ff0e7ab-a041-46a5-80bc-26a059f3ba72-GrpcLogAppender:  appendEntries Timeout, request=AppendEntriesRequest:cid=3,entriesCount=1,lastEntry=(t:2, i:2)
2020-04-04 02:37:04,755 [Datanode State Machine Thread - 0] INFO  statemachine.DatanodeStateMachine (DatanodeStateMachine.java:lambda$startDaemon$0(387)) - Ozone container server started.
2020-04-04 02:37:09,184 [main] INFO  ozoneimpl.OzoneContainer (OzoneContainer.java:stop(245)) - Attempting to stop container services.
2020-04-04 02:37:09,185 [main] INFO  impl.RaftServerProxy (RaftServerProxy.java:lambda$close$4(314)) - 25b95316-ab88-4802-813b-52a2b94286bf: close
2020-04-04 02:37:09,187 [main] INFO  impl.RaftServerImpl (RaftServerImpl.java:lambda$shutdown$3(249)) - 25b95316-ab88-4802-813b-52a2b94286bf@group-4CCC45D2DFC8: shutdown
2020-04-04 02:37:09,187 [main] INFO  util.JmxRegister (JmxRegister.java:unregister(73)) - Successfully un-registered JMX Bean with object name Ratis:service=RaftServer,group=group-4CCC45D2DFC8,id=25b95316-ab88-4802-813b-52a2b94286bf
2020-04-04 02:37:09,187 [main] INFO  impl.RoleInfo (RoleInfo.java:shutdownLeaderState(104)) - 25b95316-ab88-4802-813b-52a2b94286bf: shutdown LeaderState
2020-04-04 02:37:09,188 [main] INFO  impl.PendingRequests (PendingRequests.java:sendNotLeaderResponses(240)) - 25b95316-ab88-4802-813b-52a2b94286bf@group-4CCC45D2DFC8-PendingRequests: sendNotLeaderResponses
2020-04-04 02:37:09,189 [main] INFO  metrics.RatisMetrics (RatisMetrics.java:unregister(46)) - Unregistering Metrics Registry : ratis.log_appender.25b95316-ab88-4802-813b-52a2b94286bf@group-4CCC45D2DFC8
2020-04-04 02:37:09,190 [main] INFO  impl.StateMachineUpdater (StateMachineUpdater.java:stopAndJoin(139)) - 25b95316-ab88-4802-813b-52a2b94286bf@group-4CCC45D2DFC8-StateMachineUpdater: set stopIndex = 0
2020-04-04 02:37:09,191 [25b95316-ab88-4802-813b-52a2b94286bf@group-4CCC45D2DFC8-StateMachineUpdater] INFO  ratis.ContainerStateMachine (ContainerStateMachine.java:takeSnapshot(295)) - group-4CCC45D2DFC8: Taking a snapshot at:(t:1, i:0) file /github/workspace/hadoop-ozone/integration-test/target/test-dir/MiniOzoneClusterImpl-cc0439a0-e977-413a-809d-caa56196bbad/datanode-0/data/ratis/8db060c3-8419-4dbd-82fc-4ccc45d2dfc8/sm/snapshot.1_0
2020-04-04 02:37:09,314 [25b95316-ab88-4802-813b-52a2b94286bf@group-4CCC45D2DFC8-StateMachineUpdater] INFO  ratis.ContainerStateMachine (ContainerStateMachine.java:takeSnapshot(306)) - group-4CCC45D2DFC8: Finished taking a snapshot at:(t:1, i:0) file:/github/workspace/hadoop-ozone/integration-test/target/test-dir/MiniOzoneClusterImpl-cc0439a0-e977-413a-809d-caa56196bbad/datanode-0/data/ratis/8db060c3-8419-4dbd-82fc-4ccc45d2dfc8/sm/snapshot.1_0 time:124
2020-04-04 02:37:09,316 [25b95316-ab88-4802-813b-52a2b94286bf@group-4CCC45D2DFC8-StateMachineUpdater] INFO  impl.StateMachineUpdater (StateMachineUpdater.java:takeSnapshot(274)) - 25b95316-ab88-4802-813b-52a2b94286bf@group-4CCC45D2DFC8-StateMachineUpdater: Took a snapshot at index 0
2020-04-04 02:37:09,317 [25b95316-ab88-4802-813b-52a2b94286bf@group-4CCC45D2DFC8-StateMachineUpdater] INFO  impl.StateMachineUpdater (StateMachineUpdater.java:lambda$new$0(86)) - 25b95316-ab88-4802-813b-52a2b94286bf@group-4CCC45D2DFC8-StateMachineUpdater: snapshotIndex: updateIncreasingly -1 -> 0
2020-04-04 02:37:09,319 [25b95316-ab88-4802-813b-52a2b94286bf@group-4CCC45D2DFC8-StateMachineUpdater] INFO  metrics.RatisMetrics (RatisMetrics.java:unregister(46)) - Unregistering Metrics Registry : ratis.state_machine.25b95316-ab88-4802-813b-52a2b94286bf@group-4CCC45D2DFC8
2020-04-04 02:37:09,319 [main] INFO  impl.RaftServerImpl (ServerState.java:close(387)) - 25b95316-ab88-4802-813b-52a2b94286bf@group-4CCC45D2DFC8: closes. applyIndex: 0
2020-04-04 02:37:09,321 [25b95316-ab88-4802-813b-52a2b94286bf@group-4CCC45D2DFC8-SegmentedRaftLogWorker] INFO  segmented.SegmentedRaftLogWorker (SegmentedRaftLogWorker.java:run(321)) - 25b95316-ab88-4802-813b-52a2b94286bf@group-4CCC45D2DFC8-SegmentedRaftLogWorker was interrupted, exiting. There are 0 tasks remaining in the queue.
2020-04-04 02:37:09,322 [main] INFO  segmented.SegmentedRaftLogWorker (SegmentedRaftLogWorker.java:close(229)) - 25b95316-ab88-4802-813b-52a2b94286bf@group-4CCC45D2DFC8-SegmentedRaftLogWorker close()
2020-04-04 02:37:09,323 [main] INFO  metrics.RatisMetrics (RatisMetrics.java:unregister(46)) - Unregistering Metrics Registry : ratis.log_worker.25b95316-ab88-4802-813b-52a2b94286bf
2020-04-04 02:37:09,323 [main] INFO  metrics.RatisMetrics (RatisMetrics.java:unregister(46)) - Unregistering Metrics Registry : ratis.leader_election.25b95316-ab88-4802-813b-52a2b94286bf@group-4CCC45D2DFC8
2020-04-04 02:37:09,323 [main] INFO  metrics.RatisMetrics (RatisMetrics.java:unregister(46)) - Unregistering Metrics Registry : ratis.server.25b95316-ab88-4802-813b-52a2b94286bf@group-4CCC45D2DFC8
2020-04-04 02:37:09,324 [main] INFO  impl.RaftServerImpl (RaftServerImpl.java:lambda$shutdown$3(249)) - 25b95316-ab88-4802-813b-52a2b94286bf@group-9123072637C4: shutdown
2020-04-04 02:37:09,324 [main] INFO  util.JmxRegister (JmxRegister.java:unregister(73)) - Successfully un-registered JMX Bean with object name Ratis:service=RaftServer,group=group-9123072637C4,id=25b95316-ab88-4802-813b-52a2b94286bf
2020-04-04 02:37:09,324 [main] INFO  impl.RoleInfo (RoleInfo.java:shutdownFollowerState(121)) - 25b95316-ab88-4802-813b-52a2b94286bf: shutdown FollowerState
2020-04-04 02:37:09,324 [Thread-216] INFO  impl.FollowerState (FollowerState.java:run(117)) - 25b95316-ab88-4802-813b-52a2b94286bf@group-9123072637C4-FollowerState was interrupted: java.lang.InterruptedException: sleep interrupted
2020-04-04 02:37:09,325 [main] INFO  impl.StateMachineUpdater (StateMachineUpdater.java:stopAndJoin(139)) - 25b95316-ab88-4802-813b-52a2b94286bf@group-9123072637C4-StateMachineUpdater: set stopIndex = 2
2020-04-04 02:37:09,326 [25b95316-ab88-4802-813b-52a2b94286bf@group-9123072637C4-StateMachineUpdater] INFO  ratis.ContainerStateMachine (ContainerStateMachine.java:takeSnapshot(295)) - group-9123072637C4: Taking a snapshot at:(t:2, i:2) file /github/workspace/hadoop-ozone/integration-test/target/test-dir/MiniOzoneClusterImpl-cc0439a0-e977-413a-809d-caa56196bbad/datanode-0/data/ratis/253d2392-7d22-4203-82a2-9123072637c4/sm/snapshot.2_2
2020-04-04 02:37:09,331 [25b95316-ab88-4802-813b-52a2b94286bf@group-9123072637C4-StateMachineUpdater] INFO  ratis.ContainerStateMachine (ContainerStateMachine.java:takeSnapshot(306)) - group-9123072637C4: Finished taking a snapshot at:(t:2, i:2) file:/github/workspace/hadoop-ozone/integration-test/target/test-dir/MiniOzoneClusterImpl-cc0439a0-e977-413a-809d-caa56196bbad/datanode-0/data/ratis/253d2392-7d22-4203-82a2-9123072637c4/sm/snapshot.2_2 time:6
2020-04-04 02:37:09,331 [25b95316-ab88-4802-813b-52a2b94286bf@group-9123072637C4-StateMachineUpdater] INFO  impl.StateMachineUpdater (StateMachineUpdater.java:takeSnapshot(274)) - 25b95316-ab88-4802-813b-52a2b94286bf@group-9123072637C4-StateMachineUpdater: Took a snapshot at index 2
2020-04-04 02:37:09,331 [25b95316-ab88-4802-813b-52a2b94286bf@group-9123072637C4-StateMachineUpdater] INFO  impl.StateMachineUpdater (StateMachineUpdater.java:lambda$new$0(86)) - 25b95316-ab88-4802-813b-52a2b94286bf@group-9123072637C4-StateMachineUpdater: snapshotIndex: updateIncreasingly -1 -> 2
2020-04-04 02:37:09,332 [25b95316-ab88-4802-813b-52a2b94286bf@group-9123072637C4-StateMachineUpdater] INFO  metrics.RatisMetrics (RatisMetrics.java:unregister(46)) - Unregistering Metrics Registry : ratis.state_machine.25b95316-ab88-4802-813b-52a2b94286bf@group-9123072637C4
2020-04-04 02:37:09,332 [main] INFO  impl.RaftServerImpl (ServerState.java:close(387)) - 25b95316-ab88-4802-813b-52a2b94286bf@group-9123072637C4: closes. applyIndex: 2
2020-04-04 02:37:09,332 [25b95316-ab88-4802-813b-52a2b94286bf@group-9123072637C4-SegmentedRaftLogWorker] INFO  segmented.SegmentedRaftLogWorker (SegmentedRaftLogWorker.java:run(321)) - 25b95316-ab88-4802-813b-52a2b94286bf@group-9123072637C4-SegmentedRaftLogWorker was interrupted, exiting. There are 0 tasks remaining in the queue.
2020-04-04 02:37:09,333 [main] INFO  segmented.SegmentedRaftLogWorker (SegmentedRaftLogWorker.java:close(229)) - 25b95316-ab88-4802-813b-52a2b94286bf@group-9123072637C4-SegmentedRaftLogWorker close()
2020-04-04 02:37:09,333 [main] INFO  metrics.RatisMetrics (RatisMetrics.java:unregister(46)) - Unregistering Metrics Registry : ratis.log_worker.25b95316-ab88-4802-813b-52a2b94286bf
2020-04-04 02:37:09,334 [main] INFO  metrics.RatisMetrics (RatisMetrics.java:unregister(46)) - Unregistering Metrics Registry : ratis.leader_election.25b95316-ab88-4802-813b-52a2b94286bf@group-9123072637C4
2020-04-04 02:37:09,334 [main] INFO  metrics.RatisMetrics (RatisMetrics.java:unregister(46)) - Unregistering Metrics Registry : ratis.server.25b95316-ab88-4802-813b-52a2b94286bf@group-9123072637C4
2020-04-04 02:37:09,335 [main] INFO  server.GrpcService (GrpcService.java:closeImpl(164)) - 25b95316-ab88-4802-813b-52a2b94286bf: shutdown server with port 43301 now
2020-04-04 02:37:09,349 [grpc-default-executor-3] WARN  server.GrpcLogAppender (LogUtils.java:warn(122)) - 5138af2d-87ee-4dde-978c-195be5163f61@group-9123072637C4->25b95316-ab88-4802-813b-52a2b94286bf-AppendLogResponseHandler: Failed appendEntries: org.apache.ratis.thirdparty.io.grpc.StatusRuntimeException: CANCELLED: HTTP/2 error code: CANCEL
Received Rst Stream
2020-04-04 02:37:09,350 [grpc-default-executor-0] WARN  server.GrpcServerProtocolService (LogUtils.java:warn(122)) - 25b95316-ab88-4802-813b-52a2b94286bf: installSnapshot onError, lastRequest: 5138af2d-87ee-4dde-978c-195be5163f61->25b95316-ab88-4802-813b-52a2b94286bf#3-t2, previous=(t:2, i:1), leaderCommit=1, initializing? false, entries: size=1, first=(t:2, i:2), METADATAENTRY(c:1): org.apache.ratis.thirdparty.io.grpc.StatusRuntimeException: CANCELLED: cancelled before receiving half close
2020-04-04 02:37:09,354 [main] INFO  server.GrpcService (GrpcService.java:closeImpl(172)) - 25b95316-ab88-4802-813b-52a2b94286bf: shutdown server with port 43301 successfully
2020-04-04 02:37:09,356 [grpc-default-executor-3] INFO  impl.FollowerInfo (FollowerInfo.java:lambda$new$0(50)) - 5138af2d-87ee-4dde-978c-195be5163f61@group-9123072637C4->25b95316-ab88-4802-813b-52a2b94286bf: nextIndex: updateUnconditionally 3 -> 2
2020-04-04 02:37:09,378 [main] INFO  utils.BackgroundService (BackgroundService.java:shutdown(157)) - Shutting down service BlockDeletingService
2020-04-04 02:37:09,380 [main] INFO  statemachine.DatanodeStateMachine (DatanodeStateMachine.java:stopDaemon(435)) - Ozone container server stopped.
2020-04-04 02:37:09,383 [main] INFO  handler.ContextHandler (ContextHandler.java:doStop(1016)) - Stopped o.e.j.w.WebAppContext@4d081f89{hddsDatanode,/,null,UNAVAILABLE}{jar:file:/home/user/.m2/repository/org/apache/hadoop/hadoop-hdds-container-service/0.6.0-SNAPSHOT/hadoop-hdds-container-service-0.6.0-SNAPSHOT.jar!/webapps/hddsDatanode}
2020-04-04 02:37:09,389 [main] INFO  server.AbstractConnector (AbstractConnector.java:doStop(380)) - Stopped ServerConnector@44b8ad2b{HTTP/1.1,[http/1.1]}{0.0.0.0:0}
2020-04-04 02:37:09,389 [main] INFO  server.session (HouseKeeper.java:stopScavenging(158)) - node0 Stopped scavenging
2020-04-04 02:37:09,390 [main] INFO  handler.ContextHandler (ContextHandler.java:doStop(1016)) - Stopped o.e.j.s.ServletContextHandler@60cb002f{static,/static,jar:file:/home/user/.m2/repository/org/apache/hadoop/hadoop-hdds-container-service/0.6.0-SNAPSHOT/hadoop-hdds-container-service-0.6.0-SNAPSHOT.jar!/webapps/static,UNAVAILABLE}
2020-04-04 02:37:09,390 [main] INFO  handler.ContextHandler (ContextHandler.java:doStop(1016)) - Stopped o.e.j.s.ServletContextHandler@5f5c2d4b{logs,/logs,file:///github/workspace/hadoop-ozone/integration-test/target/log,UNAVAILABLE}
2020-04-04 02:37:09,409 [grpc-default-executor-0] WARN  server.GrpcLogAppender (LogUtils.java:warn(122)) - 5138af2d-87ee-4dde-978c-195be5163f61@group-9123072637C4->25b95316-ab88-4802-813b-52a2b94286bf-AppendLogResponseHandler: Failed appendEntries: org.apache.ratis.thirdparty.io.grpc.StatusRuntimeException: UNAVAILABLE: io exception
2020-04-04 02:37:09,410 [grpc-default-executor-0] INFO  impl.FollowerInfo (FollowerInfo.java:lambda$new$0(50)) - 5138af2d-87ee-4dde-978c-195be5163f61@group-9123072637C4->25b95316-ab88-4802-813b-52a2b94286bf: nextIndex: updateUnconditionally 3 -> 2
2020-04-04 02:37:11,903 [grpc-default-executor-2] WARN  server.GrpcLogAppender (LogUtils.java:warn(122)) - 5138af2d-87ee-4dde-978c-195be5163f61@group-9123072637C4->25b95316-ab88-4802-813b-52a2b94286bf-AppendLogResponseHandler: Failed appendEntries: org.apache.ratis.thirdparty.io.grpc.StatusRuntimeException: UNAVAILABLE: io exception
2020-04-04 02:37:11,905 [grpc-default-executor-2] INFO  impl.FollowerInfo (FollowerInfo.java:lambda$new$0(50)) - 5138af2d-87ee-4dde-978c-195be5163f61@group-9123072637C4->25b95316-ab88-4802-813b-52a2b94286bf: nextIndex: updateUnconditionally 3 -> 2
2020-04-04 02:37:14,409 [grpc-default-executor-3] WARN  server.GrpcLogAppender (LogUtils.java:warn(122)) - 5138af2d-87ee-4dde-978c-195be5163f61@group-9123072637C4->25b95316-ab88-4802-813b-52a2b94286bf-AppendLogResponseHandler: Failed appendEntries: org.apache.ratis.thirdparty.io.grpc.StatusRuntimeException: UNAVAILABLE: io exception
2020-04-04 02:37:14,410 [grpc-default-executor-3] INFO  impl.FollowerInfo (FollowerInfo.java:lambda$new$0(50)) - 5138af2d-87ee-4dde-978c-195be5163f61@group-9123072637C4->25b95316-ab88-4802-813b-52a2b94286bf: nextIndex: updateUnconditionally 3 -> 2
2020-04-04 02:37:16,908 [grpc-default-executor-2] WARN  server.GrpcLogAppender (LogUtils.java:warn(122)) - 5138af2d-87ee-4dde-978c-195be5163f61@group-9123072637C4->25b95316-ab88-4802-813b-52a2b94286bf-AppendLogResponseHandler: Failed appendEntries: org.apache.ratis.thirdparty.io.grpc.StatusRuntimeException: UNAVAILABLE: io exception
2020-04-04 02:37:16,908 [grpc-default-executor-2] INFO  impl.FollowerInfo (FollowerInfo.java:lambda$new$0(50)) - 5138af2d-87ee-4dde-978c-195be5163f61@group-9123072637C4->25b95316-ab88-4802-813b-52a2b94286bf: nextIndex: updateUnconditionally 3 -> 2
2020-04-04 02:37:17,399 [java.util.concurrent.ThreadPoolExecutor$Worker@4de3f9ca[State = -1, empty queue]] WARN  server.GrpcLogAppender (GrpcLogAppender.java:timeoutAppendRequest(212)) - 5138af2d-87ee-4dde-978c-195be5163f61@group-9123072637C4->3ff0e7ab-a041-46a5-80bc-26a059f3ba72-GrpcLogAppender:  appendEntries Timeout, request=AppendEntriesRequest:cid=7,entriesCount=1,lastEntry=(t:2, i:3)
2020-04-04 02:37:19,410 [grpc-default-executor-3] WARN  server.GrpcLogAppender (LogUtils.java:warn(122)) - 5138af2d-87ee-4dde-978c-195be5163f61@group-9123072637C4->25b95316-ab88-4802-813b-52a2b94286bf-AppendLogResponseHandler: Failed appendEntries: org.apache.ratis.thirdparty.io.grpc.StatusRuntimeException: UNAVAILABLE: io exception
2020-04-04 02:37:19,412 [grpc-default-executor-3] INFO  impl.FollowerInfo (FollowerInfo.java:lambda$new$0(50)) - 5138af2d-87ee-4dde-978c-195be5163f61@group-9123072637C4->25b95316-ab88-4802-813b-52a2b94286bf: nextIndex: updateUnconditionally 3 -> 2
2020-04-04 02:37:21,912 [grpc-default-executor-3] WARN  server.GrpcLogAppender (LogUtils.java:warn(122)) - 5138af2d-87ee-4dde-978c-195be5163f61@group-9123072637C4->25b95316-ab88-4802-813b-52a2b94286bf-AppendLogResponseHandler: Failed appendEntries: org.apache.ratis.thirdparty.io.grpc.StatusRuntimeException: UNAVAILABLE: io exception
2020-04-04 02:37:21,913 [grpc-default-executor-3] INFO  impl.FollowerInfo (FollowerInfo.java:lambda$new$0(50)) - 5138af2d-87ee-4dde-978c-195be5163f61@group-9123072637C4->25b95316-ab88-4802-813b-52a2b94286bf: nextIndex: updateUnconditionally 3 -> 2
2020-04-04 02:37:24,416 [grpc-default-executor-2] WARN  server.GrpcLogAppender (LogUtils.java:warn(122)) - 5138af2d-87ee-4dde-978c-195be5163f61@group-9123072637C4->25b95316-ab88-4802-813b-52a2b94286bf-AppendLogResponseHandler: Failed appendEntries: org.apache.ratis.thirdparty.io.grpc.StatusRuntimeException: UNAVAILABLE: io exception
2020-04-04 02:37:24,417 [grpc-default-executor-2] INFO  impl.FollowerInfo (FollowerInfo.java:lambda$new$0(50)) - 5138af2d-87ee-4dde-978c-195be5163f61@group-9123072637C4->25b95316-ab88-4802-813b-52a2b94286bf: nextIndex: updateUnconditionally 3 -> 2
2020-04-04 02:37:26,921 [grpc-default-executor-3] WARN  server.GrpcLogAppender (LogUtils.java:warn(122)) - 5138af2d-87ee-4dde-978c-195be5163f61@group-9123072637C4->25b95316-ab88-4802-813b-52a2b94286bf-AppendLogResponseHandler: Failed appendEntries: org.apache.ratis.thirdparty.io.grpc.StatusRuntimeException: UNAVAILABLE: io exception
2020-04-04 02:37:26,922 [grpc-default-executor-3] INFO  impl.FollowerInfo (FollowerInfo.java:lambda$new$0(50)) - 5138af2d-87ee-4dde-978c-195be5163f61@group-9123072637C4->25b95316-ab88-4802-813b-52a2b94286bf: nextIndex: updateUnconditionally 3 -> 2
2020-04-04 02:37:29,424 [grpc-default-executor-0] WARN  server.GrpcLogAppender (LogUtils.java:warn(122)) - 5138af2d-87ee-4dde-978c-195be5163f61@group-9123072637C4->25b95316-ab88-4802-813b-52a2b94286bf-AppendLogResponseHandler: Failed appendEntries: org.apache.ratis.thirdparty.io.grpc.StatusRuntimeException: UNAVAILABLE: io exception
2020-04-04 02:37:29,432 [grpc-default-executor-0] INFO  impl.FollowerInfo (FollowerInfo.java:lambda$new$0(50)) - 5138af2d-87ee-4dde-978c-195be5163f61@group-9123072637C4->25b95316-ab88-4802-813b-52a2b94286bf: nextIndex: updateUnconditionally 3 -> 2
2020-04-04 02:37:31,927 [grpc-default-executor-2] WARN  server.GrpcLogAppender (LogUtils.java:warn(122)) - 5138af2d-87ee-4dde-978c-195be5163f61@group-9123072637C4->25b95316-ab88-4802-813b-52a2b94286bf-AppendLogResponseHandler: Failed appendEntries: org.apache.ratis.thirdparty.io.grpc.StatusRuntimeException: UNAVAILABLE: io exception
2020-04-04 02:37:31,928 [grpc-default-executor-2] INFO  impl.FollowerInfo (FollowerInfo.java:lambda$new$0(50)) - 5138af2d-87ee-4dde-978c-195be5163f61@group-9123072637C4->25b95316-ab88-4802-813b-52a2b94286bf: nextIndex: updateUnconditionally 3 -> 2
2020-04-04 02:37:34,429 [grpc-default-executor-0] WARN  server.GrpcLogAppender (LogUtils.java:warn(122)) - 5138af2d-87ee-4dde-978c-195be5163f61@group-9123072637C4->25b95316-ab88-4802-813b-52a2b94286bf-AppendLogResponseHandler: Failed appendEntries: org.apache.ratis.thirdparty.io.grpc.StatusRuntimeException: UNAVAILABLE: io exception
2020-04-04 02:37:34,430 [grpc-default-executor-0] INFO  impl.FollowerInfo (FollowerInfo.java:lambda$new$0(50)) - 5138af2d-87ee-4dde-978c-195be5163f61@group-9123072637C4->25b95316-ab88-4802-813b-52a2b94286bf: nextIndex: updateUnconditionally 3 -> 2
2020-04-04 02:37:36,933 [grpc-default-executor-2] WARN  server.GrpcLogAppender (LogUtils.java:warn(122)) - 5138af2d-87ee-4dde-978c-195be5163f61@group-9123072637C4->25b95316-ab88-4802-813b-52a2b94286bf-AppendLogResponseHandler: Failed appendEntries: org.apache.ratis.thirdparty.io.grpc.StatusRuntimeException: UNAVAILABLE: io exception
2020-04-04 02:37:36,935 [grpc-default-executor-2] INFO  impl.FollowerInfo (FollowerInfo.java:lambda$new$0(50)) - 5138af2d-87ee-4dde-978c-195be5163f61@group-9123072637C4->25b95316-ab88-4802-813b-52a2b94286bf: nextIndex: updateUnconditionally 3 -> 2
2020-04-04 02:37:39,435 [grpc-default-executor-0] WARN  server.GrpcLogAppender (LogUtils.java:warn(122)) - 5138af2d-87ee-4dde-978c-195be5163f61@group-9123072637C4->25b95316-ab88-4802-813b-52a2b94286bf-AppendLogResponseHandler: Failed appendEntries: org.apache.ratis.thirdparty.io.grpc.StatusRuntimeException: UNAVAILABLE: io exception
2020-04-04 02:37:39,436 [grpc-default-executor-0] INFO  impl.FollowerInfo (FollowerInfo.java:lambda$new$0(50)) - 5138af2d-87ee-4dde-978c-195be5163f61@group-9123072637C4->25b95316-ab88-4802-813b-52a2b94286bf: nextIndex: updateUnconditionally 3 -> 2
2020-04-04 02:37:41,937 [grpc-default-executor-2] WARN  server.GrpcLogAppender (LogUtils.java:warn(122)) - 5138af2d-87ee-4dde-978c-195be5163f61@group-9123072637C4->25b95316-ab88-4802-813b-52a2b94286bf-AppendLogResponseHandler: Failed appendEntries: org.apache.ratis.thirdparty.io.grpc.StatusRuntimeException: UNAVAILABLE: io exception
2020-04-04 02:37:41,939 [grpc-default-executor-2] INFO  impl.FollowerInfo (FollowerInfo.java:lambda$new$0(50)) - 5138af2d-87ee-4dde-978c-195be5163f61@group-9123072637C4->25b95316-ab88-4802-813b-52a2b94286bf: nextIndex: updateUnconditionally 3 -> 2
2020-04-04 02:37:44,441 [grpc-default-executor-0] WARN  server.GrpcLogAppender (LogUtils.java:warn(122)) - 5138af2d-87ee-4dde-978c-195be5163f61@group-9123072637C4->25b95316-ab88-4802-813b-52a2b94286bf-AppendLogResponseHandler: Failed appendEntries: org.apache.ratis.thirdparty.io.grpc.StatusRuntimeException: UNAVAILABLE: io exception
2020-04-04 02:37:44,442 [grpc-default-executor-0] INFO  impl.FollowerInfo (FollowerInfo.java:lambda$new$0(50)) - 5138af2d-87ee-4dde-978c-195be5163f61@group-9123072637C4->25b95316-ab88-4802-813b-52a2b94286bf: nextIndex: updateUnconditionally 3 -> 2
2020-04-04 02:37:46,946 [grpc-default-executor-2] WARN  server.GrpcLogAppender (LogUtils.java:warn(122)) - 5138af2d-87ee-4dde-978c-195be5163f61@group-9123072637C4->25b95316-ab88-4802-813b-52a2b94286bf-AppendLogResponseHandler: Failed appendEntries: org.apache.ratis.thirdparty.io.grpc.StatusRuntimeException: UNAVAILABLE: io exception
2020-04-04 02:37:46,947 [grpc-default-executor-2] INFO  impl.FollowerInfo (FollowerInfo.java:lambda$new$0(50)) - 5138af2d-87ee-4dde-978c-195be5163f61@group-9123072637C4->25b95316-ab88-4802-813b-52a2b94286bf: nextIndex: updateUnconditionally 3 -> 2
2020-04-04 02:37:49,450 [grpc-default-executor-0] WARN  server.GrpcLogAppender (LogUtils.java:warn(122)) - 5138af2d-87ee-4dde-978c-195be5163f61@group-9123072637C4->25b95316-ab88-4802-813b-52a2b94286bf-AppendLogResponseHandler: Failed appendEntries: org.apache.ratis.thirdparty.io.grpc.StatusRuntimeException: UNAVAILABLE: io exception
2020-04-04 02:37:49,450 [grpc-default-executor-0] INFO  impl.FollowerInfo (FollowerInfo.java:lambda$new$0(50)) - 5138af2d-87ee-4dde-978c-195be5163f61@group-9123072637C4->25b95316-ab88-4802-813b-52a2b94286bf: nextIndex: updateUnconditionally 3 -> 2
2020-04-04 02:37:51,949 [grpc-default-executor-2] WARN  server.GrpcLogAppender (LogUtils.java:warn(122)) - 5138af2d-87ee-4dde-978c-195be5163f61@group-9123072637C4->25b95316-ab88-4802-813b-52a2b94286bf-AppendLogResponseHandler: Failed appendEntries: org.apache.ratis.thirdparty.io.grpc.StatusRuntimeException: UNAVAILABLE: io exception
2020-04-04 02:37:51,950 [grpc-default-executor-2] INFO  impl.FollowerInfo (FollowerInfo.java:lambda$new$0(50)) - 5138af2d-87ee-4dde-978c-195be5163f61@group-9123072637C4->25b95316-ab88-4802-813b-52a2b94286bf: nextIndex: updateUnconditionally 3 -> 2
2020-04-04 02:37:54,452 [grpc-default-executor-0] WARN  server.GrpcLogAppender (LogUtils.java:warn(122)) - 5138af2d-87ee-4dde-978c-195be5163f61@group-9123072637C4->25b95316-ab88-4802-813b-52a2b94286bf-AppendLogResponseHandler: Failed appendEntries: org.apache.ratis.thirdparty.io.grpc.StatusRuntimeException: UNAVAILABLE: io exception
2020-04-04 02:37:54,452 [grpc-default-executor-0] INFO  impl.FollowerInfo (FollowerInfo.java:lambda$new$0(50)) - 5138af2d-87ee-4dde-978c-195be5163f61@group-9123072637C4->25b95316-ab88-4802-813b-52a2b94286bf: nextIndex: updateUnconditionally 3 -> 2
2020-04-04 02:37:56,954 [grpc-default-executor-2] WARN  server.GrpcLogAppender (LogUtils.java:warn(122)) - 5138af2d-87ee-4dde-978c-195be5163f61@group-9123072637C4->25b95316-ab88-4802-813b-52a2b94286bf-AppendLogResponseHandler: Failed appendEntries: org.apache.ratis.thirdparty.io.grpc.StatusRuntimeException: UNAVAILABLE: io exception
2020-04-04 02:37:56,955 [grpc-default-executor-2] INFO  impl.FollowerInfo (FollowerInfo.java:lambda$new$0(50)) - 5138af2d-87ee-4dde-978c-195be5163f61@group-9123072637C4->25b95316-ab88-4802-813b-52a2b94286bf: nextIndex: updateUnconditionally 3 -> 2
2020-04-04 02:37:59,456 [grpc-default-executor-2] WARN  server.GrpcLogAppender (LogUtils.java:warn(122)) - 5138af2d-87ee-4dde-978c-195be5163f61@group-9123072637C4->25b95316-ab88-4802-813b-52a2b94286bf-AppendLogResponseHandler: Failed appendEntries: org.apache.ratis.thirdparty.io.grpc.StatusRuntimeException: UNAVAILABLE: io exception
2020-04-04 02:37:59,457 [grpc-default-executor-2] INFO  impl.FollowerInfo (FollowerInfo.java:lambda$new$0(50)) - 5138af2d-87ee-4dde-978c-195be5163f61@group-9123072637C4->25b95316-ab88-4802-813b-52a2b94286bf: nextIndex: updateUnconditionally 3 -> 2
2020-04-04 02:38:01,959 [grpc-default-executor-0] WARN  server.GrpcLogAppender (LogUtils.java:warn(122)) - 5138af2d-87ee-4dde-978c-195be5163f61@group-9123072637C4->25b95316-ab88-4802-813b-52a2b94286bf-AppendLogResponseHandler: Failed appendEntries: org.apache.ratis.thirdparty.io.grpc.StatusRuntimeException: UNAVAILABLE: io exception
2020-04-04 02:38:01,959 [grpc-default-executor-0] INFO  impl.FollowerInfo (FollowerInfo.java:lambda$new$0(50)) - 5138af2d-87ee-4dde-978c-195be5163f61@group-9123072637C4->25b95316-ab88-4802-813b-52a2b94286bf: nextIndex: updateUnconditionally 3 -> 2
2020-04-04 02:38:04,460 [grpc-default-executor-2] WARN  server.GrpcLogAppender (LogUtils.java:warn(122)) - 5138af2d-87ee-4dde-978c-195be5163f61@group-9123072637C4->25b95316-ab88-4802-813b-52a2b94286bf-AppendLogResponseHandler: Failed appendEntries: org.apache.ratis.thirdparty.io.grpc.StatusRuntimeException: UNAVAILABLE: io exception
2020-04-04 02:38:04,461 [grpc-default-executor-2] INFO  impl.FollowerInfo (FollowerInfo.java:lambda$new$0(50)) - 5138af2d-87ee-4dde-978c-195be5163f61@group-9123072637C4->25b95316-ab88-4802-813b-52a2b94286bf: nextIndex: updateUnconditionally 3 -> 2
2020-04-04 02:38:06,962 [grpc-default-executor-0] WARN  server.GrpcLogAppender (LogUtils.java:warn(122)) - 5138af2d-87ee-4dde-978c-195be5163f61@group-9123072637C4->25b95316-ab88-4802-813b-52a2b94286bf-AppendLogResponseHandler: Failed appendEntries: org.apache.ratis.thirdparty.io.grpc.StatusRuntimeException: UNAVAILABLE: io exception
2020-04-04 02:38:06,963 [grpc-default-executor-0] INFO  impl.FollowerInfo (FollowerInfo.java:lambda$new$0(50)) - 5138af2d-87ee-4dde-978c-195be5163f61@group-9123072637C4->25b95316-ab88-4802-813b-52a2b94286bf: nextIndex: updateUnconditionally 3 -> 2
2020-04-04 02:38:09,464 [grpc-default-executor-0] WARN  server.GrpcLogAppender (LogUtils.java:warn(122)) - 5138af2d-87ee-4dde-978c-195be5163f61@group-9123072637C4->25b95316-ab88-4802-813b-52a2b94286bf-AppendLogResponseHandler: Failed appendEntries: org.apache.ratis.thirdparty.io.grpc.StatusRuntimeException: UNAVAILABLE: io exception
2020-04-04 02:38:09,465 [grpc-default-executor-0] INFO  impl.FollowerInfo (FollowerInfo.java:lambda$new$0(50)) - 5138af2d-87ee-4dde-978c-195be5163f61@group-9123072637C4->25b95316-ab88-4802-813b-52a2b94286bf: nextIndex: updateUnconditionally 3 -> 2
2020-04-04 02:38:11,968 [grpc-default-executor-2] WARN  server.GrpcLogAppender (LogUtils.java:warn(122)) - 5138af2d-87ee-4dde-978c-195be5163f61@group-9123072637C4->25b95316-ab88-4802-813b-52a2b94286bf-AppendLogResponseHandler: Failed appendEntries: org.apache.ratis.thirdparty.io.grpc.StatusRuntimeException: UNAVAILABLE: io exception
2020-04-04 02:38:11,969 [grpc-default-executor-2] INFO  impl.FollowerInfo (FollowerInfo.java:lambda$new$0(50)) - 5138af2d-87ee-4dde-978c-195be5163f61@group-9123072637C4->25b95316-ab88-4802-813b-52a2b94286bf: nextIndex: updateUnconditionally 3 -> 2
2020-04-04 02:38:14,467 [grpc-default-executor-0] WARN  server.GrpcLogAppender (LogUtils.java:warn(122)) - 5138af2d-87ee-4dde-978c-195be5163f61@group-9123072637C4->25b95316-ab88-4802-813b-52a2b94286bf-AppendLogResponseHandler: Failed appendEntries: org.apache.ratis.thirdparty.io.grpc.StatusRuntimeException: UNAVAILABLE: io exception
2020-04-04 02:38:14,468 [grpc-default-executor-0] INFO  impl.FollowerInfo (FollowerInfo.java:lambda$new$0(50)) - 5138af2d-87ee-4dde-978c-195be5163f61@group-9123072637C4->25b95316-ab88-4802-813b-52a2b94286bf: nextIndex: updateUnconditionally 3 -> 2
]]></system-out>
    <system-err><![CDATA[ERROR StatusLogger No Log4j 2 configuration file found. Using default configuration (logging only errors to the console), or user programmatically provided configurations. Set system property 'log4j2.debug' to show Log4j 2 internal initialization logging. See https://logging.apache.org/log4j/2.x/manual/configuration.html for instructions on how to configure Log4j 2
Apr 04, 2020 2:37:09 AM org.apache.ratis.thirdparty.io.grpc.internal.SerializingExecutor run
SEVERE: Exception while executing runnable org.apache.ratis.thirdparty.io.grpc.internal.ServerImpl$JumpToApplicationThreadServerStreamListener$1Closed@6c1aa89d
org.apache.ratis.thirdparty.io.grpc.StatusRuntimeException: CANCELLED: call already cancelled
	at org.apache.ratis.thirdparty.io.grpc.Status.asRuntimeException(Status.java:524)
	at org.apache.ratis.thirdparty.io.grpc.stub.ServerCalls$ServerCallStreamObserverImpl.onCompleted(ServerCalls.java:368)
	at org.apache.ratis.grpc.server.GrpcServerProtocolService$ServerRequestStreamObserver.onError(GrpcServerProtocolService.java:145)
	at org.apache.ratis.thirdparty.io.grpc.stub.ServerCalls$StreamingServerCallHandler$StreamingServerCallListener.onCancel(ServerCalls.java:272)
	at org.apache.ratis.thirdparty.io.grpc.internal.ServerCallImpl$ServerStreamListenerImpl.closedInternal(ServerCallImpl.java:353)
	at org.apache.ratis.thirdparty.io.grpc.internal.ServerCallImpl$ServerStreamListenerImpl.closed(ServerCallImpl.java:341)
	at org.apache.ratis.thirdparty.io.grpc.internal.ServerImpl$JumpToApplicationThreadServerStreamListener$1Closed.runInContext(ServerImpl.java:864)
	at org.apache.ratis.thirdparty.io.grpc.internal.ContextRunnable.run(ContextRunnable.java:37)
	at org.apache.ratis.thirdparty.io.grpc.internal.SerializingExecutor.run(SerializingExecutor.java:123)
	at java.util.concurrent.ThreadPoolExecutor.runWorker(ThreadPoolExecutor.java:1149)
	at java.util.concurrent.ThreadPoolExecutor$Worker.run(ThreadPoolExecutor.java:624)
	at java.lang.Thread.run(Thread.java:748)

]]></system-err>
  </testcase>
</testsuite>