<?xml version="1.0" encoding="UTF-8"?>
<testsuite xmlns:xsi="http://www.w3.org/2001/XMLSchema-instance" xsi:noNamespaceSchemaLocation="https://maven.apache.org/surefire/maven-surefire-plugin/xsd/surefire-test-report.xsd" name="org.apache.hadoop.ozone.om.TestOzoneManagerHAWithData" time="302.61" tests="12" errors="0" skipped="1" failures="1">
  <properties>
    <property name="awt.toolkit" value="sun.awt.X11.XToolkit"/>
    <property name="file.encoding.pkg" value="sun.io"/>
    <property name="java.specification.version" value="1.8"/>
    <property name="sun.cpu.isalist" value=""/>
    <property name="sun.jnu.encoding" value="ANSI_X3.4-1968"/>
    <property name="java.class.path" value="/github/workspace/mnt/ozone/hadoop-ozone/integration-test/target/test-classes:/github/workspace/mnt/ozone/hadoop-ozone/integration-test/target/classes:/home/user/.m2/repository/org/apache/hadoop/hadoop-ozone-common/1.1.0-SNAPSHOT/hadoop-ozone-common-1.1.0-SNAPSHOT.jar:/home/user/.m2/repository/org/apache/commons/commons-compress/1.4.1/commons-compress-1.4.1.jar:/home/user/.m2/repository/org/tukaani/xz/1.0/xz-1.0.jar:/home/user/.m2/repository/org/apache/hadoop/hadoop-hdds-common/1.1.0-SNAPSHOT/hadoop-hdds-common-1.1.0-SNAPSHOT.jar:/home/user/.m2/repository/org/apache/hadoop/hadoop-hdds-hadoop-dependency-client/1.1.0-SNAPSHOT/hadoop-hdds-hadoop-dependency-client-1.1.0-SNAPSHOT.jar:/home/user/.m2/repository/info/picocli/picocli/4.4.0/picocli-4.4.0.jar:/home/user/.m2/repository/com/fasterxml/jackson/core/jackson-annotations/2.10.3/jackson-annotations-2.10.3.jar:/home/user/.m2/repository/javax/annotation/javax.annotation-api/1.2/javax.annotation-api-1.2.jar:/home/user/.m2/repository/org/apache/ratis/ratis-server/1.1.0-913f5a4-SNAPSHOT/ratis-server-1.1.0-913f5a4-SNAPSHOT.jar:/home/user/.m2/repository/org/apache/ratis/ratis-client/1.1.0-913f5a4-SNAPSHOT/ratis-client-1.1.0-913f5a4-SNAPSHOT.jar:/home/user/.m2/repository/org/apache/ratis/ratis-metrics/1.1.0-913f5a4-SNAPSHOT/ratis-metrics-1.1.0-913f5a4-SNAPSHOT.jar:/home/user/.m2/repository/org/apache/ratis/ratis-netty/1.1.0-913f5a4-SNAPSHOT/ratis-netty-1.1.0-913f5a4-SNAPSHOT.jar:/home/user/.m2/repository/org/apache/ratis/ratis-grpc/1.1.0-913f5a4-SNAPSHOT/ratis-grpc-1.1.0-913f5a4-SNAPSHOT.jar:/home/user/.m2/repository/org/apache/logging/log4j/log4j-api/2.13.3/log4j-api-2.13.3.jar:/home/user/.m2/repository/org/apache/logging/log4j/log4j-core/2.13.3/log4j-core-2.13.3.jar:/home/user/.m2/repository/com/lmax/disruptor/3.4.2/disruptor-3.4.2.jar:/home/user/.m2/repository/org/apache/commons/commons-pool2/2.6.0/commons-pool2-2.6.0.jar:/home/user/.m2/repository/org/bouncycastle/bcpkix-jdk15on/1.60/bcpkix-jdk15on-1.60.jar:/home/user/.m2/repository/commons-validator/commons-validator/1.6/commons-validator-1.6.jar:/home/user/.m2/repository/commons-digester/commons-digester/1.8.1/commons-digester-1.8.1.jar:/home/user/.m2/repository/io/jaegertracing/jaeger-client/1.2.0/jaeger-client-1.2.0.jar:/home/user/.m2/repository/io/jaegertracing/jaeger-thrift/1.2.0/jaeger-thrift-1.2.0.jar:/home/user/.m2/repository/org/apache/thrift/libthrift/0.13.0/libthrift-0.13.0.jar:/home/user/.m2/repository/com/squareup/okhttp3/okhttp/4.2.2/okhttp-4.2.2.jar:/home/user/.m2/repository/com/squareup/okio/okio/2.2.2/okio-2.2.2.jar:/home/user/.m2/repository/org/jetbrains/kotlin/kotlin-stdlib/1.3.50/kotlin-stdlib-1.3.50.jar:/home/user/.m2/repository/org/jetbrains/kotlin/kotlin-stdlib-common/1.3.50/kotlin-stdlib-common-1.3.50.jar:/home/user/.m2/repository/org/jetbrains/annotations/13.0/annotations-13.0.jar:/home/user/.m2/repository/io/jaegertracing/jaeger-core/1.2.0/jaeger-core-1.2.0.jar:/home/user/.m2/repository/io/jaegertracing/jaeger-tracerresolver/1.2.0/jaeger-tracerresolver-1.2.0.jar:/home/user/.m2/repository/io/opentracing/contrib/opentracing-tracerresolver/0.1.8/opentracing-tracerresolver-0.1.8.jar:/home/user/.m2/repository/io/opentracing/opentracing-util/0.33.0/opentracing-util-0.33.0.jar:/home/user/.m2/repository/io/opentracing/opentracing-api/0.33.0/opentracing-api-0.33.0.jar:/home/user/.m2/repository/io/opentracing/opentracing-noop/0.33.0/opentracing-noop-0.33.0.jar:/home/user/.m2/repository/org/apache/hadoop/hadoop-hdds-client/1.1.0-SNAPSHOT/hadoop-hdds-client-1.1.0-SNAPSHOT.jar:/home/user/.m2/repository/org/apache/hadoop/hadoop-ozone-interface-client/1.1.0-SNAPSHOT/hadoop-ozone-interface-client-1.1.0-SNAPSHOT.jar:/home/user/.m2/repository/org/apache/hadoop/hadoop-hdds-test-utils/1.1.0-SNAPSHOT/hadoop-hdds-test-utils-1.1.0-SNAPSHOT.jar:/home/user/.m2/repository/com/google/guava/guava/28.2-jre/guava-28.2-jre.jar:/home/user/.m2/repository/com/google/guava/failureaccess/1.0.1/failureaccess-1.0.1.jar:/home/user/.m2/repository/com/google/guava/listenablefuture/9999.0-empty-to-avoid-conflict-with-guava/listenablefuture-9999.0-empty-to-avoid-conflict-with-guava.jar:/home/user/.m2/repository/com/google/code/findbugs/jsr305/3.0.0/jsr305-3.0.0.jar:/home/user/.m2/repository/org/checkerframework/checker-qual/2.10.0/checker-qual-2.10.0.jar:/home/user/.m2/repository/com/google/errorprone/error_prone_annotations/2.2.0/error_prone_annotations-2.2.0.jar:/home/user/.m2/repository/com/google/j2objc/j2objc-annotations/1.3/j2objc-annotations-1.3.jar:/home/user/.m2/repository/commons-io/commons-io/2.5/commons-io-2.5.jar:/home/user/.m2/repository/commons-logging/commons-logging/1.2/commons-logging-1.2.jar:/home/user/.m2/repository/log4j/log4j/1.2.17/log4j-1.2.17.jar:/home/user/.m2/repository/org/slf4j/slf4j-api/1.7.25/slf4j-api-1.7.25.jar:/home/user/.m2/repository/org/apache/hadoop/hadoop-hdds-server-scm/1.1.0-SNAPSHOT/hadoop-hdds-server-scm-1.1.0-SNAPSHOT.jar:/home/user/.m2/repository/org/apache/hadoop/hadoop-hdds-container-service/1.1.0-SNAPSHOT/hadoop-hdds-container-service-1.1.0-SNAPSHOT.jar:/home/user/.m2/repository/org/apache/hadoop/hadoop-hdds-hadoop-dependency-server/1.1.0-SNAPSHOT/hadoop-hdds-hadoop-dependency-server-1.1.0-SNAPSHOT.jar:/home/user/.m2/repository/org/apache/hadoop/hadoop-hdds-server-framework/1.1.0-SNAPSHOT/hadoop-hdds-server-framework-1.1.0-SNAPSHOT.jar:/home/user/.m2/repository/org/apache/hadoop/hadoop-hdds-interface-server/1.1.0-SNAPSHOT/hadoop-hdds-interface-server-1.1.0-SNAPSHOT.jar:/home/user/.m2/repository/org/apache/hadoop/hadoop-hdds-interface-admin/1.1.0-SNAPSHOT/hadoop-hdds-interface-admin-1.1.0-SNAPSHOT.jar:/home/user/.m2/repository/org/rocksdb/rocksdbjni/6.8.1/rocksdbjni-6.8.1.jar:/home/user/.m2/repository/io/prometheus/simpleclient_dropwizard/0.7.0/simpleclient_dropwizard-0.7.0.jar:/home/user/.m2/repository/io/prometheus/simpleclient/0.7.0/simpleclient-0.7.0.jar:/home/user/.m2/repository/io/prometheus/simpleclient_common/0.7.0/simpleclient_common-0.7.0.jar:/home/user/.m2/repository/com/fasterxml/jackson/datatype/jackson-datatype-jsr310/2.10.3/jackson-datatype-jsr310-2.10.3.jar:/home/user/.m2/repository/io/dropwizard/metrics/metrics-core/3.2.4/metrics-core-3.2.4.jar:/home/user/.m2/repository/org/apache/hadoop/hadoop-hdfs-client/3.2.1/hadoop-hdfs-client-3.2.1.jar:/home/user/.m2/repository/org/bouncycastle/bcprov-jdk15on/1.60/bcprov-jdk15on-1.60.jar:/home/user/.m2/repository/org/apache/hadoop/hadoop-ozone-ozone-manager/1.1.0-SNAPSHOT/hadoop-ozone-ozone-manager-1.1.0-SNAPSHOT.jar:/home/user/.m2/repository/org/apache/hadoop/hadoop-hdds-interface-client/1.1.0-SNAPSHOT/hadoop-hdds-interface-client-1.1.0-SNAPSHOT.jar:/home/user/.m2/repository/org/apache/ratis/ratis-thirdparty-misc/0.6.0-SNAPSHOT/ratis-thirdparty-misc-0.6.0-SNAPSHOT.jar:/home/user/.m2/repository/org/apache/hadoop/hadoop-ozone-interface-storage/1.1.0-SNAPSHOT/hadoop-ozone-interface-storage-1.1.0-SNAPSHOT.jar:/home/user/.m2/repository/org/apache/hadoop/hadoop-minikdc/3.2.1/hadoop-minikdc-3.2.1.jar:/home/user/.m2/repository/org/apache/kerby/kerb-simplekdc/1.0.1/kerb-simplekdc-1.0.1.jar:/home/user/.m2/repository/org/apache/kerby/kerb-client/1.0.1/kerb-client-1.0.1.jar:/home/user/.m2/repository/org/apache/kerby/kerby-config/1.0.1/kerby-config-1.0.1.jar:/home/user/.m2/repository/org/apache/kerby/kerb-core/1.0.1/kerb-core-1.0.1.jar:/home/user/.m2/repository/org/apache/kerby/kerby-pkix/1.0.1/kerby-pkix-1.0.1.jar:/home/user/.m2/repository/org/apache/kerby/kerby-asn1/1.0.1/kerby-asn1-1.0.1.jar:/home/user/.m2/repository/org/apache/kerby/kerby-util/1.0.1/kerby-util-1.0.1.jar:/home/user/.m2/repository/org/apache/kerby/kerb-common/1.0.1/kerb-common-1.0.1.jar:/home/user/.m2/repository/org/apache/kerby/kerb-crypto/1.0.1/kerb-crypto-1.0.1.jar:/home/user/.m2/repository/org/apache/kerby/kerb-util/1.0.1/kerb-util-1.0.1.jar:/home/user/.m2/repository/org/apache/kerby/token-provider/1.0.1/token-provider-1.0.1.jar:/home/user/.m2/repository/org/apache/kerby/kerb-admin/1.0.1/kerb-admin-1.0.1.jar:/home/user/.m2/repository/org/apache/kerby/kerb-server/1.0.1/kerb-server-1.0.1.jar:/home/user/.m2/repository/org/apache/kerby/kerb-identity/1.0.1/kerb-identity-1.0.1.jar:/home/user/.m2/repository/org/apache/kerby/kerby-xdr/1.0.1/kerby-xdr-1.0.1.jar:/home/user/.m2/repository/org/slf4j/slf4j-log4j12/1.7.25/slf4j-log4j12-1.7.25.jar:/home/user/.m2/repository/org/apache/hadoop/hadoop-ozone-s3gateway/1.1.0-SNAPSHOT/hadoop-ozone-s3gateway-1.1.0-SNAPSHOT.jar:/home/user/.m2/repository/org/jboss/weld/servlet/weld-servlet/2.4.7.Final/weld-servlet-2.4.7.Final.jar:/home/user/.m2/repository/org/glassfish/jersey/containers/jersey-container-servlet-core/2.27/jersey-container-servlet-core-2.27.jar:/home/user/.m2/repository/org/glassfish/hk2/external/javax.inject/2.5.0-b42/javax.inject-2.5.0-b42.jar:/home/user/.m2/repository/org/glassfish/jersey/core/jersey-common/2.27/jersey-common-2.27.jar:/home/user/.m2/repository/org/glassfish/hk2/osgi-resource-locator/1.0.1/osgi-resource-locator-1.0.1.jar:/home/user/.m2/repository/javax/ws/rs/javax.ws.rs-api/2.1/javax.ws.rs-api-2.1.jar:/home/user/.m2/repository/org/glassfish/jersey/ext/cdi/jersey-cdi1x/2.27/jersey-cdi1x-2.27.jar:/home/user/.m2/repository/org/glassfish/jersey/inject/jersey-hk2/2.27/jersey-hk2-2.27.jar:/home/user/.m2/repository/org/glassfish/hk2/hk2-locator/2.5.0-b42/hk2-locator-2.5.0-b42.jar:/home/user/.m2/repository/org/javassist/javassist/3.22.0-CR2/javassist-3.22.0-CR2.jar:/home/user/.m2/repository/org/glassfish/hk2/hk2-api/2.5.0/hk2-api-2.5.0.jar:/home/user/.m2/repository/org/glassfish/hk2/external/jakarta.inject/2.5.0/jakarta.inject-2.5.0.jar:/home/user/.m2/repository/org/glassfish/hk2/hk2-utils/2.5.0/hk2-utils-2.5.0.jar:/home/user/.m2/repository/jakarta/annotation/jakarta.annotation-api/1.3.4/jakarta.annotation-api-1.3.4.jar:/home/user/.m2/repository/org/glassfish/hk2/external/aopalliance-repackaged/2.5.0/aopalliance-repackaged-2.5.0.jar:/home/user/.m2/repository/com/fasterxml/jackson/dataformat/jackson-dataformat-xml/2.10.3/jackson-dataformat-xml-2.10.3.jar:/home/user/.m2/repository/com/fasterxml/jackson/core/jackson-core/2.10.3/jackson-core-2.10.3.jar:/home/user/.m2/repository/com/fasterxml/jackson/module/jackson-module-jaxb-annotations/2.10.3/jackson-module-jaxb-annotations-2.10.3.jar:/home/user/.m2/repository/jakarta/xml/bind/jakarta.xml.bind-api/2.3.2/jakarta.xml.bind-api-2.3.2.jar:/home/user/.m2/repository/jakarta/activation/jakarta.activation-api/1.2.1/jakarta.activation-api-1.2.1.jar:/home/user/.m2/repository/org/codehaus/woodstox/stax2-api/3.1.4/stax2-api-3.1.4.jar:/home/user/.m2/repository/com/fasterxml/woodstox/woodstox-core/5.0.3/woodstox-core-5.0.3.jar:/home/user/.m2/repository/javax/enterprise/cdi-api/1.2/cdi-api-1.2.jar:/home/user/.m2/repository/javax/el/javax.el-api/3.0.0/javax.el-api-3.0.0.jar:/home/user/.m2/repository/javax/interceptor/javax.interceptor-api/1.2/javax.interceptor-api-1.2.jar:/home/user/.m2/repository/javax/inject/javax.inject/1/javax.inject-1.jar:/home/user/.m2/repository/com/sun/xml/bind/jaxb-impl/2.3.0.1/jaxb-impl-2.3.0.1.jar:/home/user/.m2/repository/com/sun/xml/bind/jaxb-core/2.3.0.1/jaxb-core-2.3.0.1.jar:/home/user/.m2/repository/javax/xml/bind/jaxb-api/2.3.0/jaxb-api-2.3.0.jar:/home/user/.m2/repository/javax/activation/activation/1.1.1/activation-1.1.1.jar:/home/user/.m2/repository/org/apache/hadoop/hadoop-ozone-csi/1.1.0-SNAPSHOT/hadoop-ozone-csi-1.1.0-SNAPSHOT.jar:/home/user/.m2/repository/com/google/protobuf/protobuf-java-util/3.11.0/protobuf-java-util-3.11.0.jar:/home/user/.m2/repository/com/google/code/gson/gson/2.2.4/gson-2.2.4.jar:/home/user/.m2/repository/org/apache/hadoop/hadoop-hdds-config/1.1.0-SNAPSHOT/hadoop-hdds-config-1.1.0-SNAPSHOT.jar:/home/user/.m2/repository/com/google/protobuf/protobuf-java/2.5.0/protobuf-java-2.5.0.jar:/home/user/.m2/repository/io/grpc/grpc-netty/1.29.0/grpc-netty-1.29.0.jar:/home/user/.m2/repository/io/grpc/grpc-core/1.29.0/grpc-core-1.29.0.jar:/home/user/.m2/repository/com/google/android/annotations/4.1.1.4/annotations-4.1.1.4.jar:/home/user/.m2/repository/io/perfmark/perfmark-api/0.19.0/perfmark-api-0.19.0.jar:/home/user/.m2/repository/io/netty/netty-codec-http2/4.1.48.Final/netty-codec-http2-4.1.48.Final.jar:/home/user/.m2/repository/io/netty/netty-codec/4.1.48.Final/netty-codec-4.1.48.Final.jar:/home/user/.m2/repository/io/netty/netty-handler/4.1.48.Final/netty-handler-4.1.48.Final.jar:/home/user/.m2/repository/io/netty/netty-codec-http/4.1.48.Final/netty-codec-http-4.1.48.Final.jar:/home/user/.m2/repository/io/netty/netty-handler-proxy/4.1.48.Final/netty-handler-proxy-4.1.48.Final.jar:/home/user/.m2/repository/io/netty/netty-codec-socks/4.1.48.Final/netty-codec-socks-4.1.48.Final.jar:/home/user/.m2/repository/io/netty/netty-transport-native-epoll/4.1.48.Final/netty-transport-native-epoll-4.1.48.Final.jar:/home/user/.m2/repository/io/netty/netty-common/4.1.48.Final/netty-common-4.1.48.Final.jar:/home/user/.m2/repository/io/netty/netty-buffer/4.1.48.Final/netty-buffer-4.1.48.Final.jar:/home/user/.m2/repository/io/netty/netty-transport/4.1.48.Final/netty-transport-4.1.48.Final.jar:/home/user/.m2/repository/io/netty/netty-resolver/4.1.48.Final/netty-resolver-4.1.48.Final.jar:/home/user/.m2/repository/io/netty/netty-transport-native-unix-common/4.1.48.Final/netty-transport-native-unix-common-4.1.48.Final.jar:/home/user/.m2/repository/io/grpc/grpc-protobuf/1.29.0/grpc-protobuf-1.29.0.jar:/home/user/.m2/repository/io/grpc/grpc-api/1.29.0/grpc-api-1.29.0.jar:/home/user/.m2/repository/io/grpc/grpc-context/1.29.0/grpc-context-1.29.0.jar:/home/user/.m2/repository/org/codehaus/mojo/animal-sniffer-annotations/1.18/animal-sniffer-annotations-1.18.jar:/home/user/.m2/repository/com/google/api/grpc/proto-google-common-protos/1.17.0/proto-google-common-protos-1.17.0.jar:/home/user/.m2/repository/io/grpc/grpc-protobuf-lite/1.29.0/grpc-protobuf-lite-1.29.0.jar:/home/user/.m2/repository/io/grpc/grpc-stub/1.29.0/grpc-stub-1.29.0.jar:/home/user/.m2/repository/org/apache/hadoop/hadoop-ozone-recon/1.1.0-SNAPSHOT/hadoop-ozone-recon-1.1.0-SNAPSHOT.jar:/home/user/.m2/repository/org/apache/hadoop/hadoop-ozone-reconcodegen/1.1.0-SNAPSHOT/hadoop-ozone-reconcodegen-1.1.0-SNAPSHOT.jar:/home/user/.m2/repository/com/google/inject/extensions/guice-multibindings/4.0/guice-multibindings-4.0.jar:/home/user/.m2/repository/com/google/inject/guice/4.0/guice-4.0.jar:/home/user/.m2/repository/aopalliance/aopalliance/1.0/aopalliance-1.0.jar:/home/user/.m2/repository/com/google/inject/extensions/guice-assistedinject/4.0/guice-assistedinject-4.0.jar:/home/user/.m2/repository/com/google/inject/extensions/guice-servlet/4.0/guice-servlet-4.0.jar:/home/user/.m2/repository/org/glassfish/jersey/containers/jersey-container-servlet/2.27/jersey-container-servlet-2.27.jar:/home/user/.m2/repository/org/glassfish/hk2/guice-bridge/2.5.0/guice-bridge-2.5.0.jar:/home/user/.m2/repository/org/glassfish/jersey/core/jersey-server/2.27/jersey-server-2.27.jar:/home/user/.m2/repository/org/glassfish/jersey/core/jersey-client/2.27/jersey-client-2.27.jar:/home/user/.m2/repository/org/glassfish/jersey/media/jersey-media-jaxb/2.27/jersey-media-jaxb-2.27.jar:/home/user/.m2/repository/javax/validation/validation-api/1.1.0.Final/validation-api-1.1.0.Final.jar:/home/user/.m2/repository/org/glassfish/jersey/media/jersey-media-json-jackson/2.27/jersey-media-json-jackson-2.27.jar:/home/user/.m2/repository/org/glassfish/jersey/ext/jersey-entity-filtering/2.27/jersey-entity-filtering-2.27.jar:/home/user/.m2/repository/org/jooq/jooq/3.11.10/jooq-3.11.10.jar:/home/user/.m2/repository/org/jooq/jooq-meta/3.11.10/jooq-meta-3.11.10.jar:/home/user/.m2/repository/org/jooq/jooq-codegen/3.11.10/jooq-codegen-3.11.10.jar:/home/user/.m2/repository/com/jolbox/bonecp/0.8.0.RELEASE/bonecp-0.8.0.RELEASE.jar:/home/user/.m2/repository/org/apache/derby/derby/10.14.2.0/derby-10.14.2.0.jar:/home/user/.m2/repository/org/xerial/sqlite-jdbc/3.25.2/sqlite-jdbc-3.25.2.jar:/home/user/.m2/repository/org/springframework/spring-jdbc/5.2.5.RELEASE/spring-jdbc-5.2.5.RELEASE.jar:/home/user/.m2/repository/org/springframework/spring-beans/5.2.5.RELEASE/spring-beans-5.2.5.RELEASE.jar:/home/user/.m2/repository/org/springframework/spring-core/5.2.5.RELEASE/spring-core-5.2.5.RELEASE.jar:/home/user/.m2/repository/org/springframework/spring-jcl/5.2.5.RELEASE/spring-jcl-5.2.5.RELEASE.jar:/home/user/.m2/repository/org/springframework/spring-tx/5.2.5.RELEASE/spring-tx-5.2.5.RELEASE.jar:/home/user/.m2/repository/org/apache/hadoop/hadoop-ozone-client/1.1.0-SNAPSHOT/hadoop-ozone-client-1.1.0-SNAPSHOT.jar:/home/user/.m2/repository/org/apache/hadoop/hadoop-ozone-filesystem/1.1.0-SNAPSHOT/hadoop-ozone-filesystem-1.1.0-SNAPSHOT.jar:/home/user/.m2/repository/org/apache/hadoop/hadoop-ozone-filesystem-common/1.1.0-SNAPSHOT/hadoop-ozone-filesystem-common-1.1.0-SNAPSHOT.jar:/home/user/.m2/repository/org/apache/hadoop/hadoop-ozone-tools/1.1.0-SNAPSHOT/hadoop-ozone-tools-1.1.0-SNAPSHOT.jar:/home/user/.m2/repository/org/apache/hadoop/hadoop-hdfs/3.2.1/hadoop-hdfs-3.2.1.jar:/home/user/.m2/repository/org/apache/ratis/ratis-tools/1.1.0-913f5a4-SNAPSHOT/ratis-tools-1.1.0-913f5a4-SNAPSHOT.jar:/home/user/.m2/repository/org/apache/ratis/ratis-proto/1.1.0-913f5a4-SNAPSHOT/ratis-proto-1.1.0-913f5a4-SNAPSHOT.jar:/home/user/.m2/repository/org/apache/ratis/ratis-common/1.1.0-913f5a4-SNAPSHOT/ratis-common-1.1.0-913f5a4-SNAPSHOT.jar:/home/user/.m2/repository/com/amazonaws/aws-java-sdk-core/1.11.615/aws-java-sdk-core-1.11.615.jar:/home/user/.m2/repository/org/apache/httpcomponents/httpclient/4.5.13/httpclient-4.5.13.jar:/home/user/.m2/repository/org/apache/httpcomponents/httpcore/4.4.13/httpcore-4.4.13.jar:/home/user/.m2/repository/software/amazon/ion/ion-java/1.0.2/ion-java-1.0.2.jar:/home/user/.m2/repository/com/fasterxml/jackson/dataformat/jackson-dataformat-cbor/2.10.3/jackson-dataformat-cbor-2.10.3.jar:/home/user/.m2/repository/joda-time/joda-time/2.8.1/joda-time-2.8.1.jar:/home/user/.m2/repository/com/amazonaws/aws-java-sdk-s3/1.11.615/aws-java-sdk-s3-1.11.615.jar:/home/user/.m2/repository/com/amazonaws/aws-java-sdk-kms/1.11.615/aws-java-sdk-kms-1.11.615.jar:/home/user/.m2/repository/com/amazonaws/jmespath-java/1.11.615/jmespath-java-1.11.615.jar:/home/user/.m2/repository/org/kohsuke/metainf-services/metainf-services/1.8/metainf-services-1.8.jar:/home/user/.m2/repository/org/apache/hadoop/hadoop-hdds-tools/1.1.0-SNAPSHOT/hadoop-hdds-tools-1.1.0-SNAPSHOT.jar:/home/user/.m2/repository/commons-cli/commons-cli/1.2/commons-cli-1.2.jar:/home/user/.m2/repository/org/apache/commons/commons-lang3/3.7/commons-lang3-3.7.jar:/home/user/.m2/repository/org/apache/hadoop/hadoop-ozone-ozone-manager/1.1.0-SNAPSHOT/hadoop-ozone-ozone-manager-1.1.0-SNAPSHOT-tests.jar:/home/user/.m2/repository/junit/junit/4.11/junit-4.11.jar:/home/user/.m2/repository/org/hamcrest/hamcrest-core/1.3/hamcrest-core-1.3.jar:/home/user/.m2/repository/org/openjdk/jmh/jmh-core/1.19/jmh-core-1.19.jar:/home/user/.m2/repository/net/sf/jopt-simple/jopt-simple/4.6/jopt-simple-4.6.jar:/home/user/.m2/repository/org/apache/commons/commons-math3/3.1.1/commons-math3-3.1.1.jar:/home/user/.m2/repository/org/openjdk/jmh/jmh-generator-annprocess/1.19/jmh-generator-annprocess-1.19.jar:/home/user/.m2/repository/org/mockito/mockito-all/1.8.5/mockito-all-1.8.5.jar:/home/user/.m2/repository/org/apache/hadoop/hadoop-kms/3.2.1/hadoop-kms-3.2.1.jar:/home/user/.m2/repository/org/apache/hadoop/hadoop-auth/3.2.1/hadoop-auth-3.2.1.jar:/home/user/.m2/repository/com/nimbusds/nimbus-jose-jwt/7.9/nimbus-jose-jwt-7.9.jar:/home/user/.m2/repository/com/github/stephenc/jcip/jcip-annotations/1.0-1/jcip-annotations-1.0-1.jar:/home/user/.m2/repository/net/minidev/json-smart/2.3/json-smart-2.3.jar:/home/user/.m2/repository/net/minidev/accessors-smart/1.2/accessors-smart-1.2.jar:/home/user/.m2/repository/org/ow2/asm/asm/5.0.4/asm-5.0.4.jar:/home/user/.m2/repository/org/apache/zookeeper/zookeeper/3.4.13/zookeeper-3.4.13.jar:/home/user/.m2/repository/org/apache/yetus/audience-annotations/0.5.0/audience-annotations-0.5.0.jar:/home/user/.m2/repository/org/apache/curator/curator-framework/2.13.0/curator-framework-2.13.0.jar:/home/user/.m2/repository/com/sun/jersey/jersey-core/1.19/jersey-core-1.19.jar:/home/user/.m2/repository/javax/ws/rs/jsr311-api/1.1.1/jsr311-api-1.1.1.jar:/home/user/.m2/repository/com/sun/jersey/jersey-server/1.19/jersey-server-1.19.jar:/home/user/.m2/repository/javax/servlet/javax.servlet-api/3.1.0/javax.servlet-api-3.1.0.jar:/home/user/.m2/repository/org/eclipse/jetty/jetty-server/9.4.34.v20201102/jetty-server-9.4.34.v20201102.jar:/home/user/.m2/repository/org/eclipse/jetty/jetty-http/9.4.34.v20201102/jetty-http-9.4.34.v20201102.jar:/home/user/.m2/repository/org/eclipse/jetty/jetty-io/9.4.34.v20201102/jetty-io-9.4.34.v20201102.jar:/home/user/.m2/repository/org/eclipse/jetty/jetty-webapp/9.4.34.v20201102/jetty-webapp-9.4.34.v20201102.jar:/home/user/.m2/repository/org/eclipse/jetty/jetty-xml/9.4.34.v20201102/jetty-xml-9.4.34.v20201102.jar:/home/user/.m2/repository/org/eclipse/jetty/jetty-servlet/9.4.34.v20201102/jetty-servlet-9.4.34.v20201102.jar:/home/user/.m2/repository/org/eclipse/jetty/jetty-security/9.4.34.v20201102/jetty-security-9.4.34.v20201102.jar:/home/user/.m2/repository/org/apache/hadoop/hadoop-common/3.2.1/hadoop-common-3.2.1.jar:/home/user/.m2/repository/commons-net/commons-net/3.6/commons-net-3.6.jar:/home/user/.m2/repository/commons-collections/commons-collections/3.2.2/commons-collections-3.2.2.jar:/home/user/.m2/repository/com/sun/jersey/jersey-servlet/1.19/jersey-servlet-1.19.jar:/home/user/.m2/repository/com/sun/jersey/jersey-json/1.19/jersey-json-1.19.jar:/home/user/.m2/repository/org/codehaus/jettison/jettison/1.1/jettison-1.1.jar:/home/user/.m2/repository/org/codehaus/jackson/jackson-jaxrs/1.9.2/jackson-jaxrs-1.9.2.jar:/home/user/.m2/repository/org/codehaus/jackson/jackson-xc/1.9.2/jackson-xc-1.9.2.jar:/home/user/.m2/repository/commons-beanutils/commons-beanutils/1.9.4/commons-beanutils-1.9.4.jar:/home/user/.m2/repository/org/apache/commons/commons-configuration2/2.1.1/commons-configuration2-2.1.1.jar:/home/user/.m2/repository/org/apache/commons/commons-text/1.4/commons-text-1.4.jar:/home/user/.m2/repository/com/google/re2j/re2j/1.1/re2j-1.1.jar:/home/user/.m2/repository/com/jcraft/jsch/0.1.54/jsch-0.1.54.jar:/home/user/.m2/repository/org/apache/curator/curator-client/2.13.0/curator-client-2.13.0.jar:/home/user/.m2/repository/org/apache/curator/curator-recipes/2.13.0/curator-recipes-2.13.0.jar:/home/user/.m2/repository/dnsjava/dnsjava/2.1.7/dnsjava-2.1.7.jar:/home/user/.m2/repository/org/slf4j/jul-to-slf4j/1.7.25/jul-to-slf4j-1.7.25.jar:/home/user/.m2/repository/org/eclipse/jetty/jetty-util/9.4.34.v20201102/jetty-util-9.4.34.v20201102.jar:/home/user/.m2/repository/com/fasterxml/jackson/core/jackson-databind/2.10.3/jackson-databind-2.10.3.jar:/home/user/.m2/repository/org/apache/hadoop/hadoop-kms/3.2.1/hadoop-kms-3.2.1-tests.jar:/home/user/.m2/repository/org/apache/hadoop/hadoop-hdds-server-scm/1.1.0-SNAPSHOT/hadoop-hdds-server-scm-1.1.0-SNAPSHOT-tests.jar:/home/user/.m2/repository/org/apache/hadoop/hadoop-hdds-container-service/1.1.0-SNAPSHOT/hadoop-hdds-container-service-1.1.0-SNAPSHOT-tests.jar:/home/user/.m2/repository/org/apache/hadoop/hadoop-hdds-common/1.1.0-SNAPSHOT/hadoop-hdds-common-1.1.0-SNAPSHOT-tests.jar:/home/user/.m2/repository/org/yaml/snakeyaml/1.16/snakeyaml-1.16.jar:/home/user/.m2/repository/org/apache/hadoop/hadoop-hdds-hadoop-dependency-test/1.1.0-SNAPSHOT/hadoop-hdds-hadoop-dependency-test-1.1.0-SNAPSHOT.jar:/home/user/.m2/repository/org/apache/hadoop/hadoop-common/3.2.1/hadoop-common-3.2.1-tests.jar:/home/user/.m2/repository/javax/servlet/jsp/jsp-api/2.1/jsp-api-2.1.jar:/home/user/.m2/repository/org/apache/hadoop/hadoop-hdfs/3.2.1/hadoop-hdfs-3.2.1-tests.jar:/home/user/.m2/repository/org/eclipse/jetty/jetty-util-ajax/9.4.34.v20201102/jetty-util-ajax-9.4.34.v20201102.jar:/home/user/.m2/repository/commons-codec/commons-codec/1.11/commons-codec-1.11.jar:/home/user/.m2/repository/commons-daemon/commons-daemon/1.0.13/commons-daemon-1.0.13.jar:/home/user/.m2/repository/io/netty/netty/3.10.5.Final/netty-3.10.5.Final.jar:/home/user/.m2/repository/io/netty/netty-all/4.1.48.Final/netty-all-4.1.48.Final.jar:/home/user/.m2/repository/org/apache/htrace/htrace-core4/4.1.0-incubating/htrace-core4-4.1.0-incubating.jar:/home/user/.m2/repository/org/fusesource/leveldbjni/leveldbjni-all/1.8/leveldbjni-all-1.8.jar:/home/user/.m2/repository/org/apache/hadoop/hadoop-distcp/3.2.1/hadoop-distcp-3.2.1.jar:/home/user/.m2/repository/org/apache/hadoop/hadoop-mapreduce-client-jobclient/3.2.1/hadoop-mapreduce-client-jobclient-3.2.1.jar:/home/user/.m2/repository/org/apache/hadoop/hadoop-mapreduce-client-common/3.2.1/hadoop-mapreduce-client-common-3.2.1.jar:/home/user/.m2/repository/org/apache/hadoop/hadoop-yarn-common/3.2.1/hadoop-yarn-common-3.2.1.jar:/home/user/.m2/repository/org/apache/hadoop/hadoop-yarn-api/3.2.1/hadoop-yarn-api-3.2.1.jar:/home/user/.m2/repository/com/sun/jersey/jersey-client/1.19/jersey-client-1.19.jar:/home/user/.m2/repository/com/sun/jersey/contribs/jersey-guice/1.19/jersey-guice-1.19.jar:/home/user/.m2/repository/com/fasterxml/jackson/jaxrs/jackson-jaxrs-json-provider/2.10.3/jackson-jaxrs-json-provider-2.10.3.jar:/home/user/.m2/repository/com/fasterxml/jackson/jaxrs/jackson-jaxrs-base/2.10.3/jackson-jaxrs-base-2.10.3.jar:/home/user/.m2/repository/org/apache/hadoop/hadoop-yarn-client/3.2.1/hadoop-yarn-client-3.2.1.jar:/home/user/.m2/repository/org/apache/hadoop/hadoop-mapreduce-client-core/3.2.1/hadoop-mapreduce-client-core-3.2.1.jar:/home/user/.m2/repository/org/apache/avro/avro/1.7.7/avro-1.7.7.jar:/home/user/.m2/repository/org/codehaus/jackson/jackson-core-asl/1.9.13/jackson-core-asl-1.9.13.jar:/home/user/.m2/repository/org/codehaus/jackson/jackson-mapper-asl/1.9.13/jackson-mapper-asl-1.9.13.jar:/home/user/.m2/repository/com/thoughtworks/paranamer/paranamer/2.3/paranamer-2.3.jar:/home/user/.m2/repository/org/xerial/snappy/snappy-java/1.0.5/snappy-java-1.0.5.jar:/home/user/.m2/repository/org/apache/hadoop/hadoop-annotations/3.2.1/hadoop-annotations-3.2.1.jar:/usr/lib/jvm/java-1.8.0-openjdk-1.8.0.232.b09-0.el7_7.x86_64/jre/../lib/tools.jar:/home/user/.m2/repository/org/apache/hadoop/hadoop-distcp/3.2.1/hadoop-distcp-3.2.1-tests.jar:"/>
    <property name="java.vm.vendor" value="Oracle Corporation"/>
    <property name="sun.arch.data.model" value="64"/>
    <property name="test.build.dir" value="/github/workspace/mnt/ozone/hadoop-ozone/integration-test/target/test-dir"/>
    <property name="test.cache.data" value=""/>
    <property name="java.vendor.url" value="http://java.oracle.com/"/>
    <property name="user.timezone" value=""/>
    <property name="java.vm.specification.version" value="1.8"/>
    <property name="os.name" value="Linux"/>
    <property name="test.build.data" value="/github/workspace/mnt/ozone/hadoop-ozone/integration-test/target/test-dir"/>
    <property name="user.country" value="US"/>
    <property name="sun.java.launcher" value="SUN_STANDARD"/>
    <property name="sun.boot.library.path" value="/usr/lib/jvm/java-1.8.0-openjdk-1.8.0.232.b09-0.el7_7.x86_64/jre/lib/amd64"/>
    <property name="sun.java.command" value="/github/workspace/mnt/ozone/hadoop-ozone/integration-test/target/surefire/surefirebooter2861664200795840178.jar /github/workspace/mnt/ozone/hadoop-ozone/integration-test/target/surefire 2020-11-23T01-15-05_540-jvmRun1 surefire4513240962723015916tmp surefire_153323208862027192167tmp"/>
    <property name="surefire.test.class.path" value="/github/workspace/mnt/ozone/hadoop-ozone/integration-test/target/test-classes:/github/workspace/mnt/ozone/hadoop-ozone/integration-test/target/classes:/home/user/.m2/repository/org/apache/hadoop/hadoop-ozone-common/1.1.0-SNAPSHOT/hadoop-ozone-common-1.1.0-SNAPSHOT.jar:/home/user/.m2/repository/org/apache/commons/commons-compress/1.4.1/commons-compress-1.4.1.jar:/home/user/.m2/repository/org/tukaani/xz/1.0/xz-1.0.jar:/home/user/.m2/repository/org/apache/hadoop/hadoop-hdds-common/1.1.0-SNAPSHOT/hadoop-hdds-common-1.1.0-SNAPSHOT.jar:/home/user/.m2/repository/org/apache/hadoop/hadoop-hdds-hadoop-dependency-client/1.1.0-SNAPSHOT/hadoop-hdds-hadoop-dependency-client-1.1.0-SNAPSHOT.jar:/home/user/.m2/repository/info/picocli/picocli/4.4.0/picocli-4.4.0.jar:/home/user/.m2/repository/com/fasterxml/jackson/core/jackson-annotations/2.10.3/jackson-annotations-2.10.3.jar:/home/user/.m2/repository/javax/annotation/javax.annotation-api/1.2/javax.annotation-api-1.2.jar:/home/user/.m2/repository/org/apache/ratis/ratis-server/1.1.0-913f5a4-SNAPSHOT/ratis-server-1.1.0-913f5a4-SNAPSHOT.jar:/home/user/.m2/repository/org/apache/ratis/ratis-client/1.1.0-913f5a4-SNAPSHOT/ratis-client-1.1.0-913f5a4-SNAPSHOT.jar:/home/user/.m2/repository/org/apache/ratis/ratis-metrics/1.1.0-913f5a4-SNAPSHOT/ratis-metrics-1.1.0-913f5a4-SNAPSHOT.jar:/home/user/.m2/repository/org/apache/ratis/ratis-netty/1.1.0-913f5a4-SNAPSHOT/ratis-netty-1.1.0-913f5a4-SNAPSHOT.jar:/home/user/.m2/repository/org/apache/ratis/ratis-grpc/1.1.0-913f5a4-SNAPSHOT/ratis-grpc-1.1.0-913f5a4-SNAPSHOT.jar:/home/user/.m2/repository/org/apache/logging/log4j/log4j-api/2.13.3/log4j-api-2.13.3.jar:/home/user/.m2/repository/org/apache/logging/log4j/log4j-core/2.13.3/log4j-core-2.13.3.jar:/home/user/.m2/repository/com/lmax/disruptor/3.4.2/disruptor-3.4.2.jar:/home/user/.m2/repository/org/apache/commons/commons-pool2/2.6.0/commons-pool2-2.6.0.jar:/home/user/.m2/repository/org/bouncycastle/bcpkix-jdk15on/1.60/bcpkix-jdk15on-1.60.jar:/home/user/.m2/repository/commons-validator/commons-validator/1.6/commons-validator-1.6.jar:/home/user/.m2/repository/commons-digester/commons-digester/1.8.1/commons-digester-1.8.1.jar:/home/user/.m2/repository/io/jaegertracing/jaeger-client/1.2.0/jaeger-client-1.2.0.jar:/home/user/.m2/repository/io/jaegertracing/jaeger-thrift/1.2.0/jaeger-thrift-1.2.0.jar:/home/user/.m2/repository/org/apache/thrift/libthrift/0.13.0/libthrift-0.13.0.jar:/home/user/.m2/repository/com/squareup/okhttp3/okhttp/4.2.2/okhttp-4.2.2.jar:/home/user/.m2/repository/com/squareup/okio/okio/2.2.2/okio-2.2.2.jar:/home/user/.m2/repository/org/jetbrains/kotlin/kotlin-stdlib/1.3.50/kotlin-stdlib-1.3.50.jar:/home/user/.m2/repository/org/jetbrains/kotlin/kotlin-stdlib-common/1.3.50/kotlin-stdlib-common-1.3.50.jar:/home/user/.m2/repository/org/jetbrains/annotations/13.0/annotations-13.0.jar:/home/user/.m2/repository/io/jaegertracing/jaeger-core/1.2.0/jaeger-core-1.2.0.jar:/home/user/.m2/repository/io/jaegertracing/jaeger-tracerresolver/1.2.0/jaeger-tracerresolver-1.2.0.jar:/home/user/.m2/repository/io/opentracing/contrib/opentracing-tracerresolver/0.1.8/opentracing-tracerresolver-0.1.8.jar:/home/user/.m2/repository/io/opentracing/opentracing-util/0.33.0/opentracing-util-0.33.0.jar:/home/user/.m2/repository/io/opentracing/opentracing-api/0.33.0/opentracing-api-0.33.0.jar:/home/user/.m2/repository/io/opentracing/opentracing-noop/0.33.0/opentracing-noop-0.33.0.jar:/home/user/.m2/repository/org/apache/hadoop/hadoop-hdds-client/1.1.0-SNAPSHOT/hadoop-hdds-client-1.1.0-SNAPSHOT.jar:/home/user/.m2/repository/org/apache/hadoop/hadoop-ozone-interface-client/1.1.0-SNAPSHOT/hadoop-ozone-interface-client-1.1.0-SNAPSHOT.jar:/home/user/.m2/repository/org/apache/hadoop/hadoop-hdds-test-utils/1.1.0-SNAPSHOT/hadoop-hdds-test-utils-1.1.0-SNAPSHOT.jar:/home/user/.m2/repository/com/google/guava/guava/28.2-jre/guava-28.2-jre.jar:/home/user/.m2/repository/com/google/guava/failureaccess/1.0.1/failureaccess-1.0.1.jar:/home/user/.m2/repository/com/google/guava/listenablefuture/9999.0-empty-to-avoid-conflict-with-guava/listenablefuture-9999.0-empty-to-avoid-conflict-with-guava.jar:/home/user/.m2/repository/com/google/code/findbugs/jsr305/3.0.0/jsr305-3.0.0.jar:/home/user/.m2/repository/org/checkerframework/checker-qual/2.10.0/checker-qual-2.10.0.jar:/home/user/.m2/repository/com/google/errorprone/error_prone_annotations/2.2.0/error_prone_annotations-2.2.0.jar:/home/user/.m2/repository/com/google/j2objc/j2objc-annotations/1.3/j2objc-annotations-1.3.jar:/home/user/.m2/repository/commons-io/commons-io/2.5/commons-io-2.5.jar:/home/user/.m2/repository/commons-logging/commons-logging/1.2/commons-logging-1.2.jar:/home/user/.m2/repository/log4j/log4j/1.2.17/log4j-1.2.17.jar:/home/user/.m2/repository/org/slf4j/slf4j-api/1.7.25/slf4j-api-1.7.25.jar:/home/user/.m2/repository/org/apache/hadoop/hadoop-hdds-server-scm/1.1.0-SNAPSHOT/hadoop-hdds-server-scm-1.1.0-SNAPSHOT.jar:/home/user/.m2/repository/org/apache/hadoop/hadoop-hdds-container-service/1.1.0-SNAPSHOT/hadoop-hdds-container-service-1.1.0-SNAPSHOT.jar:/home/user/.m2/repository/org/apache/hadoop/hadoop-hdds-hadoop-dependency-server/1.1.0-SNAPSHOT/hadoop-hdds-hadoop-dependency-server-1.1.0-SNAPSHOT.jar:/home/user/.m2/repository/org/apache/hadoop/hadoop-hdds-server-framework/1.1.0-SNAPSHOT/hadoop-hdds-server-framework-1.1.0-SNAPSHOT.jar:/home/user/.m2/repository/org/apache/hadoop/hadoop-hdds-interface-server/1.1.0-SNAPSHOT/hadoop-hdds-interface-server-1.1.0-SNAPSHOT.jar:/home/user/.m2/repository/org/apache/hadoop/hadoop-hdds-interface-admin/1.1.0-SNAPSHOT/hadoop-hdds-interface-admin-1.1.0-SNAPSHOT.jar:/home/user/.m2/repository/org/rocksdb/rocksdbjni/6.8.1/rocksdbjni-6.8.1.jar:/home/user/.m2/repository/io/prometheus/simpleclient_dropwizard/0.7.0/simpleclient_dropwizard-0.7.0.jar:/home/user/.m2/repository/io/prometheus/simpleclient/0.7.0/simpleclient-0.7.0.jar:/home/user/.m2/repository/io/prometheus/simpleclient_common/0.7.0/simpleclient_common-0.7.0.jar:/home/user/.m2/repository/com/fasterxml/jackson/datatype/jackson-datatype-jsr310/2.10.3/jackson-datatype-jsr310-2.10.3.jar:/home/user/.m2/repository/io/dropwizard/metrics/metrics-core/3.2.4/metrics-core-3.2.4.jar:/home/user/.m2/repository/org/apache/hadoop/hadoop-hdfs-client/3.2.1/hadoop-hdfs-client-3.2.1.jar:/home/user/.m2/repository/org/bouncycastle/bcprov-jdk15on/1.60/bcprov-jdk15on-1.60.jar:/home/user/.m2/repository/org/apache/hadoop/hadoop-ozone-ozone-manager/1.1.0-SNAPSHOT/hadoop-ozone-ozone-manager-1.1.0-SNAPSHOT.jar:/home/user/.m2/repository/org/apache/hadoop/hadoop-hdds-interface-client/1.1.0-SNAPSHOT/hadoop-hdds-interface-client-1.1.0-SNAPSHOT.jar:/home/user/.m2/repository/org/apache/ratis/ratis-thirdparty-misc/0.6.0-SNAPSHOT/ratis-thirdparty-misc-0.6.0-SNAPSHOT.jar:/home/user/.m2/repository/org/apache/hadoop/hadoop-ozone-interface-storage/1.1.0-SNAPSHOT/hadoop-ozone-interface-storage-1.1.0-SNAPSHOT.jar:/home/user/.m2/repository/org/apache/hadoop/hadoop-minikdc/3.2.1/hadoop-minikdc-3.2.1.jar:/home/user/.m2/repository/org/apache/kerby/kerb-simplekdc/1.0.1/kerb-simplekdc-1.0.1.jar:/home/user/.m2/repository/org/apache/kerby/kerb-client/1.0.1/kerb-client-1.0.1.jar:/home/user/.m2/repository/org/apache/kerby/kerby-config/1.0.1/kerby-config-1.0.1.jar:/home/user/.m2/repository/org/apache/kerby/kerb-core/1.0.1/kerb-core-1.0.1.jar:/home/user/.m2/repository/org/apache/kerby/kerby-pkix/1.0.1/kerby-pkix-1.0.1.jar:/home/user/.m2/repository/org/apache/kerby/kerby-asn1/1.0.1/kerby-asn1-1.0.1.jar:/home/user/.m2/repository/org/apache/kerby/kerby-util/1.0.1/kerby-util-1.0.1.jar:/home/user/.m2/repository/org/apache/kerby/kerb-common/1.0.1/kerb-common-1.0.1.jar:/home/user/.m2/repository/org/apache/kerby/kerb-crypto/1.0.1/kerb-crypto-1.0.1.jar:/home/user/.m2/repository/org/apache/kerby/kerb-util/1.0.1/kerb-util-1.0.1.jar:/home/user/.m2/repository/org/apache/kerby/token-provider/1.0.1/token-provider-1.0.1.jar:/home/user/.m2/repository/org/apache/kerby/kerb-admin/1.0.1/kerb-admin-1.0.1.jar:/home/user/.m2/repository/org/apache/kerby/kerb-server/1.0.1/kerb-server-1.0.1.jar:/home/user/.m2/repository/org/apache/kerby/kerb-identity/1.0.1/kerb-identity-1.0.1.jar:/home/user/.m2/repository/org/apache/kerby/kerby-xdr/1.0.1/kerby-xdr-1.0.1.jar:/home/user/.m2/repository/org/slf4j/slf4j-log4j12/1.7.25/slf4j-log4j12-1.7.25.jar:/home/user/.m2/repository/org/apache/hadoop/hadoop-ozone-s3gateway/1.1.0-SNAPSHOT/hadoop-ozone-s3gateway-1.1.0-SNAPSHOT.jar:/home/user/.m2/repository/org/jboss/weld/servlet/weld-servlet/2.4.7.Final/weld-servlet-2.4.7.Final.jar:/home/user/.m2/repository/org/glassfish/jersey/containers/jersey-container-servlet-core/2.27/jersey-container-servlet-core-2.27.jar:/home/user/.m2/repository/org/glassfish/hk2/external/javax.inject/2.5.0-b42/javax.inject-2.5.0-b42.jar:/home/user/.m2/repository/org/glassfish/jersey/core/jersey-common/2.27/jersey-common-2.27.jar:/home/user/.m2/repository/org/glassfish/hk2/osgi-resource-locator/1.0.1/osgi-resource-locator-1.0.1.jar:/home/user/.m2/repository/javax/ws/rs/javax.ws.rs-api/2.1/javax.ws.rs-api-2.1.jar:/home/user/.m2/repository/org/glassfish/jersey/ext/cdi/jersey-cdi1x/2.27/jersey-cdi1x-2.27.jar:/home/user/.m2/repository/org/glassfish/jersey/inject/jersey-hk2/2.27/jersey-hk2-2.27.jar:/home/user/.m2/repository/org/glassfish/hk2/hk2-locator/2.5.0-b42/hk2-locator-2.5.0-b42.jar:/home/user/.m2/repository/org/javassist/javassist/3.22.0-CR2/javassist-3.22.0-CR2.jar:/home/user/.m2/repository/org/glassfish/hk2/hk2-api/2.5.0/hk2-api-2.5.0.jar:/home/user/.m2/repository/org/glassfish/hk2/external/jakarta.inject/2.5.0/jakarta.inject-2.5.0.jar:/home/user/.m2/repository/org/glassfish/hk2/hk2-utils/2.5.0/hk2-utils-2.5.0.jar:/home/user/.m2/repository/jakarta/annotation/jakarta.annotation-api/1.3.4/jakarta.annotation-api-1.3.4.jar:/home/user/.m2/repository/org/glassfish/hk2/external/aopalliance-repackaged/2.5.0/aopalliance-repackaged-2.5.0.jar:/home/user/.m2/repository/com/fasterxml/jackson/dataformat/jackson-dataformat-xml/2.10.3/jackson-dataformat-xml-2.10.3.jar:/home/user/.m2/repository/com/fasterxml/jackson/core/jackson-core/2.10.3/jackson-core-2.10.3.jar:/home/user/.m2/repository/com/fasterxml/jackson/module/jackson-module-jaxb-annotations/2.10.3/jackson-module-jaxb-annotations-2.10.3.jar:/home/user/.m2/repository/jakarta/xml/bind/jakarta.xml.bind-api/2.3.2/jakarta.xml.bind-api-2.3.2.jar:/home/user/.m2/repository/jakarta/activation/jakarta.activation-api/1.2.1/jakarta.activation-api-1.2.1.jar:/home/user/.m2/repository/org/codehaus/woodstox/stax2-api/3.1.4/stax2-api-3.1.4.jar:/home/user/.m2/repository/com/fasterxml/woodstox/woodstox-core/5.0.3/woodstox-core-5.0.3.jar:/home/user/.m2/repository/javax/enterprise/cdi-api/1.2/cdi-api-1.2.jar:/home/user/.m2/repository/javax/el/javax.el-api/3.0.0/javax.el-api-3.0.0.jar:/home/user/.m2/repository/javax/interceptor/javax.interceptor-api/1.2/javax.interceptor-api-1.2.jar:/home/user/.m2/repository/javax/inject/javax.inject/1/javax.inject-1.jar:/home/user/.m2/repository/com/sun/xml/bind/jaxb-impl/2.3.0.1/jaxb-impl-2.3.0.1.jar:/home/user/.m2/repository/com/sun/xml/bind/jaxb-core/2.3.0.1/jaxb-core-2.3.0.1.jar:/home/user/.m2/repository/javax/xml/bind/jaxb-api/2.3.0/jaxb-api-2.3.0.jar:/home/user/.m2/repository/javax/activation/activation/1.1.1/activation-1.1.1.jar:/home/user/.m2/repository/org/apache/hadoop/hadoop-ozone-csi/1.1.0-SNAPSHOT/hadoop-ozone-csi-1.1.0-SNAPSHOT.jar:/home/user/.m2/repository/com/google/protobuf/protobuf-java-util/3.11.0/protobuf-java-util-3.11.0.jar:/home/user/.m2/repository/com/google/code/gson/gson/2.2.4/gson-2.2.4.jar:/home/user/.m2/repository/org/apache/hadoop/hadoop-hdds-config/1.1.0-SNAPSHOT/hadoop-hdds-config-1.1.0-SNAPSHOT.jar:/home/user/.m2/repository/com/google/protobuf/protobuf-java/2.5.0/protobuf-java-2.5.0.jar:/home/user/.m2/repository/io/grpc/grpc-netty/1.29.0/grpc-netty-1.29.0.jar:/home/user/.m2/repository/io/grpc/grpc-core/1.29.0/grpc-core-1.29.0.jar:/home/user/.m2/repository/com/google/android/annotations/4.1.1.4/annotations-4.1.1.4.jar:/home/user/.m2/repository/io/perfmark/perfmark-api/0.19.0/perfmark-api-0.19.0.jar:/home/user/.m2/repository/io/netty/netty-codec-http2/4.1.48.Final/netty-codec-http2-4.1.48.Final.jar:/home/user/.m2/repository/io/netty/netty-codec/4.1.48.Final/netty-codec-4.1.48.Final.jar:/home/user/.m2/repository/io/netty/netty-handler/4.1.48.Final/netty-handler-4.1.48.Final.jar:/home/user/.m2/repository/io/netty/netty-codec-http/4.1.48.Final/netty-codec-http-4.1.48.Final.jar:/home/user/.m2/repository/io/netty/netty-handler-proxy/4.1.48.Final/netty-handler-proxy-4.1.48.Final.jar:/home/user/.m2/repository/io/netty/netty-codec-socks/4.1.48.Final/netty-codec-socks-4.1.48.Final.jar:/home/user/.m2/repository/io/netty/netty-transport-native-epoll/4.1.48.Final/netty-transport-native-epoll-4.1.48.Final.jar:/home/user/.m2/repository/io/netty/netty-common/4.1.48.Final/netty-common-4.1.48.Final.jar:/home/user/.m2/repository/io/netty/netty-buffer/4.1.48.Final/netty-buffer-4.1.48.Final.jar:/home/user/.m2/repository/io/netty/netty-transport/4.1.48.Final/netty-transport-4.1.48.Final.jar:/home/user/.m2/repository/io/netty/netty-resolver/4.1.48.Final/netty-resolver-4.1.48.Final.jar:/home/user/.m2/repository/io/netty/netty-transport-native-unix-common/4.1.48.Final/netty-transport-native-unix-common-4.1.48.Final.jar:/home/user/.m2/repository/io/grpc/grpc-protobuf/1.29.0/grpc-protobuf-1.29.0.jar:/home/user/.m2/repository/io/grpc/grpc-api/1.29.0/grpc-api-1.29.0.jar:/home/user/.m2/repository/io/grpc/grpc-context/1.29.0/grpc-context-1.29.0.jar:/home/user/.m2/repository/org/codehaus/mojo/animal-sniffer-annotations/1.18/animal-sniffer-annotations-1.18.jar:/home/user/.m2/repository/com/google/api/grpc/proto-google-common-protos/1.17.0/proto-google-common-protos-1.17.0.jar:/home/user/.m2/repository/io/grpc/grpc-protobuf-lite/1.29.0/grpc-protobuf-lite-1.29.0.jar:/home/user/.m2/repository/io/grpc/grpc-stub/1.29.0/grpc-stub-1.29.0.jar:/home/user/.m2/repository/org/apache/hadoop/hadoop-ozone-recon/1.1.0-SNAPSHOT/hadoop-ozone-recon-1.1.0-SNAPSHOT.jar:/home/user/.m2/repository/org/apache/hadoop/hadoop-ozone-reconcodegen/1.1.0-SNAPSHOT/hadoop-ozone-reconcodegen-1.1.0-SNAPSHOT.jar:/home/user/.m2/repository/com/google/inject/extensions/guice-multibindings/4.0/guice-multibindings-4.0.jar:/home/user/.m2/repository/com/google/inject/guice/4.0/guice-4.0.jar:/home/user/.m2/repository/aopalliance/aopalliance/1.0/aopalliance-1.0.jar:/home/user/.m2/repository/com/google/inject/extensions/guice-assistedinject/4.0/guice-assistedinject-4.0.jar:/home/user/.m2/repository/com/google/inject/extensions/guice-servlet/4.0/guice-servlet-4.0.jar:/home/user/.m2/repository/org/glassfish/jersey/containers/jersey-container-servlet/2.27/jersey-container-servlet-2.27.jar:/home/user/.m2/repository/org/glassfish/hk2/guice-bridge/2.5.0/guice-bridge-2.5.0.jar:/home/user/.m2/repository/org/glassfish/jersey/core/jersey-server/2.27/jersey-server-2.27.jar:/home/user/.m2/repository/org/glassfish/jersey/core/jersey-client/2.27/jersey-client-2.27.jar:/home/user/.m2/repository/org/glassfish/jersey/media/jersey-media-jaxb/2.27/jersey-media-jaxb-2.27.jar:/home/user/.m2/repository/javax/validation/validation-api/1.1.0.Final/validation-api-1.1.0.Final.jar:/home/user/.m2/repository/org/glassfish/jersey/media/jersey-media-json-jackson/2.27/jersey-media-json-jackson-2.27.jar:/home/user/.m2/repository/org/glassfish/jersey/ext/jersey-entity-filtering/2.27/jersey-entity-filtering-2.27.jar:/home/user/.m2/repository/org/jooq/jooq/3.11.10/jooq-3.11.10.jar:/home/user/.m2/repository/org/jooq/jooq-meta/3.11.10/jooq-meta-3.11.10.jar:/home/user/.m2/repository/org/jooq/jooq-codegen/3.11.10/jooq-codegen-3.11.10.jar:/home/user/.m2/repository/com/jolbox/bonecp/0.8.0.RELEASE/bonecp-0.8.0.RELEASE.jar:/home/user/.m2/repository/org/apache/derby/derby/10.14.2.0/derby-10.14.2.0.jar:/home/user/.m2/repository/org/xerial/sqlite-jdbc/3.25.2/sqlite-jdbc-3.25.2.jar:/home/user/.m2/repository/org/springframework/spring-jdbc/5.2.5.RELEASE/spring-jdbc-5.2.5.RELEASE.jar:/home/user/.m2/repository/org/springframework/spring-beans/5.2.5.RELEASE/spring-beans-5.2.5.RELEASE.jar:/home/user/.m2/repository/org/springframework/spring-core/5.2.5.RELEASE/spring-core-5.2.5.RELEASE.jar:/home/user/.m2/repository/org/springframework/spring-jcl/5.2.5.RELEASE/spring-jcl-5.2.5.RELEASE.jar:/home/user/.m2/repository/org/springframework/spring-tx/5.2.5.RELEASE/spring-tx-5.2.5.RELEASE.jar:/home/user/.m2/repository/org/apache/hadoop/hadoop-ozone-client/1.1.0-SNAPSHOT/hadoop-ozone-client-1.1.0-SNAPSHOT.jar:/home/user/.m2/repository/org/apache/hadoop/hadoop-ozone-filesystem/1.1.0-SNAPSHOT/hadoop-ozone-filesystem-1.1.0-SNAPSHOT.jar:/home/user/.m2/repository/org/apache/hadoop/hadoop-ozone-filesystem-common/1.1.0-SNAPSHOT/hadoop-ozone-filesystem-common-1.1.0-SNAPSHOT.jar:/home/user/.m2/repository/org/apache/hadoop/hadoop-ozone-tools/1.1.0-SNAPSHOT/hadoop-ozone-tools-1.1.0-SNAPSHOT.jar:/home/user/.m2/repository/org/apache/hadoop/hadoop-hdfs/3.2.1/hadoop-hdfs-3.2.1.jar:/home/user/.m2/repository/org/apache/ratis/ratis-tools/1.1.0-913f5a4-SNAPSHOT/ratis-tools-1.1.0-913f5a4-SNAPSHOT.jar:/home/user/.m2/repository/org/apache/ratis/ratis-proto/1.1.0-913f5a4-SNAPSHOT/ratis-proto-1.1.0-913f5a4-SNAPSHOT.jar:/home/user/.m2/repository/org/apache/ratis/ratis-common/1.1.0-913f5a4-SNAPSHOT/ratis-common-1.1.0-913f5a4-SNAPSHOT.jar:/home/user/.m2/repository/com/amazonaws/aws-java-sdk-core/1.11.615/aws-java-sdk-core-1.11.615.jar:/home/user/.m2/repository/org/apache/httpcomponents/httpclient/4.5.13/httpclient-4.5.13.jar:/home/user/.m2/repository/org/apache/httpcomponents/httpcore/4.4.13/httpcore-4.4.13.jar:/home/user/.m2/repository/software/amazon/ion/ion-java/1.0.2/ion-java-1.0.2.jar:/home/user/.m2/repository/com/fasterxml/jackson/dataformat/jackson-dataformat-cbor/2.10.3/jackson-dataformat-cbor-2.10.3.jar:/home/user/.m2/repository/joda-time/joda-time/2.8.1/joda-time-2.8.1.jar:/home/user/.m2/repository/com/amazonaws/aws-java-sdk-s3/1.11.615/aws-java-sdk-s3-1.11.615.jar:/home/user/.m2/repository/com/amazonaws/aws-java-sdk-kms/1.11.615/aws-java-sdk-kms-1.11.615.jar:/home/user/.m2/repository/com/amazonaws/jmespath-java/1.11.615/jmespath-java-1.11.615.jar:/home/user/.m2/repository/org/kohsuke/metainf-services/metainf-services/1.8/metainf-services-1.8.jar:/home/user/.m2/repository/org/apache/hadoop/hadoop-hdds-tools/1.1.0-SNAPSHOT/hadoop-hdds-tools-1.1.0-SNAPSHOT.jar:/home/user/.m2/repository/commons-cli/commons-cli/1.2/commons-cli-1.2.jar:/home/user/.m2/repository/org/apache/commons/commons-lang3/3.7/commons-lang3-3.7.jar:/home/user/.m2/repository/org/apache/hadoop/hadoop-ozone-ozone-manager/1.1.0-SNAPSHOT/hadoop-ozone-ozone-manager-1.1.0-SNAPSHOT-tests.jar:/home/user/.m2/repository/junit/junit/4.11/junit-4.11.jar:/home/user/.m2/repository/org/hamcrest/hamcrest-core/1.3/hamcrest-core-1.3.jar:/home/user/.m2/repository/org/openjdk/jmh/jmh-core/1.19/jmh-core-1.19.jar:/home/user/.m2/repository/net/sf/jopt-simple/jopt-simple/4.6/jopt-simple-4.6.jar:/home/user/.m2/repository/org/apache/commons/commons-math3/3.1.1/commons-math3-3.1.1.jar:/home/user/.m2/repository/org/openjdk/jmh/jmh-generator-annprocess/1.19/jmh-generator-annprocess-1.19.jar:/home/user/.m2/repository/org/mockito/mockito-all/1.8.5/mockito-all-1.8.5.jar:/home/user/.m2/repository/org/apache/hadoop/hadoop-kms/3.2.1/hadoop-kms-3.2.1.jar:/home/user/.m2/repository/org/apache/hadoop/hadoop-auth/3.2.1/hadoop-auth-3.2.1.jar:/home/user/.m2/repository/com/nimbusds/nimbus-jose-jwt/7.9/nimbus-jose-jwt-7.9.jar:/home/user/.m2/repository/com/github/stephenc/jcip/jcip-annotations/1.0-1/jcip-annotations-1.0-1.jar:/home/user/.m2/repository/net/minidev/json-smart/2.3/json-smart-2.3.jar:/home/user/.m2/repository/net/minidev/accessors-smart/1.2/accessors-smart-1.2.jar:/home/user/.m2/repository/org/ow2/asm/asm/5.0.4/asm-5.0.4.jar:/home/user/.m2/repository/org/apache/zookeeper/zookeeper/3.4.13/zookeeper-3.4.13.jar:/home/user/.m2/repository/org/apache/yetus/audience-annotations/0.5.0/audience-annotations-0.5.0.jar:/home/user/.m2/repository/org/apache/curator/curator-framework/2.13.0/curator-framework-2.13.0.jar:/home/user/.m2/repository/com/sun/jersey/jersey-core/1.19/jersey-core-1.19.jar:/home/user/.m2/repository/javax/ws/rs/jsr311-api/1.1.1/jsr311-api-1.1.1.jar:/home/user/.m2/repository/com/sun/jersey/jersey-server/1.19/jersey-server-1.19.jar:/home/user/.m2/repository/javax/servlet/javax.servlet-api/3.1.0/javax.servlet-api-3.1.0.jar:/home/user/.m2/repository/org/eclipse/jetty/jetty-server/9.4.34.v20201102/jetty-server-9.4.34.v20201102.jar:/home/user/.m2/repository/org/eclipse/jetty/jetty-http/9.4.34.v20201102/jetty-http-9.4.34.v20201102.jar:/home/user/.m2/repository/org/eclipse/jetty/jetty-io/9.4.34.v20201102/jetty-io-9.4.34.v20201102.jar:/home/user/.m2/repository/org/eclipse/jetty/jetty-webapp/9.4.34.v20201102/jetty-webapp-9.4.34.v20201102.jar:/home/user/.m2/repository/org/eclipse/jetty/jetty-xml/9.4.34.v20201102/jetty-xml-9.4.34.v20201102.jar:/home/user/.m2/repository/org/eclipse/jetty/jetty-servlet/9.4.34.v20201102/jetty-servlet-9.4.34.v20201102.jar:/home/user/.m2/repository/org/eclipse/jetty/jetty-security/9.4.34.v20201102/jetty-security-9.4.34.v20201102.jar:/home/user/.m2/repository/org/apache/hadoop/hadoop-common/3.2.1/hadoop-common-3.2.1.jar:/home/user/.m2/repository/commons-net/commons-net/3.6/commons-net-3.6.jar:/home/user/.m2/repository/commons-collections/commons-collections/3.2.2/commons-collections-3.2.2.jar:/home/user/.m2/repository/com/sun/jersey/jersey-servlet/1.19/jersey-servlet-1.19.jar:/home/user/.m2/repository/com/sun/jersey/jersey-json/1.19/jersey-json-1.19.jar:/home/user/.m2/repository/org/codehaus/jettison/jettison/1.1/jettison-1.1.jar:/home/user/.m2/repository/org/codehaus/jackson/jackson-jaxrs/1.9.2/jackson-jaxrs-1.9.2.jar:/home/user/.m2/repository/org/codehaus/jackson/jackson-xc/1.9.2/jackson-xc-1.9.2.jar:/home/user/.m2/repository/commons-beanutils/commons-beanutils/1.9.4/commons-beanutils-1.9.4.jar:/home/user/.m2/repository/org/apache/commons/commons-configuration2/2.1.1/commons-configuration2-2.1.1.jar:/home/user/.m2/repository/org/apache/commons/commons-text/1.4/commons-text-1.4.jar:/home/user/.m2/repository/com/google/re2j/re2j/1.1/re2j-1.1.jar:/home/user/.m2/repository/com/jcraft/jsch/0.1.54/jsch-0.1.54.jar:/home/user/.m2/repository/org/apache/curator/curator-client/2.13.0/curator-client-2.13.0.jar:/home/user/.m2/repository/org/apache/curator/curator-recipes/2.13.0/curator-recipes-2.13.0.jar:/home/user/.m2/repository/dnsjava/dnsjava/2.1.7/dnsjava-2.1.7.jar:/home/user/.m2/repository/org/slf4j/jul-to-slf4j/1.7.25/jul-to-slf4j-1.7.25.jar:/home/user/.m2/repository/org/eclipse/jetty/jetty-util/9.4.34.v20201102/jetty-util-9.4.34.v20201102.jar:/home/user/.m2/repository/com/fasterxml/jackson/core/jackson-databind/2.10.3/jackson-databind-2.10.3.jar:/home/user/.m2/repository/org/apache/hadoop/hadoop-kms/3.2.1/hadoop-kms-3.2.1-tests.jar:/home/user/.m2/repository/org/apache/hadoop/hadoop-hdds-server-scm/1.1.0-SNAPSHOT/hadoop-hdds-server-scm-1.1.0-SNAPSHOT-tests.jar:/home/user/.m2/repository/org/apache/hadoop/hadoop-hdds-container-service/1.1.0-SNAPSHOT/hadoop-hdds-container-service-1.1.0-SNAPSHOT-tests.jar:/home/user/.m2/repository/org/apache/hadoop/hadoop-hdds-common/1.1.0-SNAPSHOT/hadoop-hdds-common-1.1.0-SNAPSHOT-tests.jar:/home/user/.m2/repository/org/yaml/snakeyaml/1.16/snakeyaml-1.16.jar:/home/user/.m2/repository/org/apache/hadoop/hadoop-hdds-hadoop-dependency-test/1.1.0-SNAPSHOT/hadoop-hdds-hadoop-dependency-test-1.1.0-SNAPSHOT.jar:/home/user/.m2/repository/org/apache/hadoop/hadoop-common/3.2.1/hadoop-common-3.2.1-tests.jar:/home/user/.m2/repository/javax/servlet/jsp/jsp-api/2.1/jsp-api-2.1.jar:/home/user/.m2/repository/org/apache/hadoop/hadoop-hdfs/3.2.1/hadoop-hdfs-3.2.1-tests.jar:/home/user/.m2/repository/org/eclipse/jetty/jetty-util-ajax/9.4.34.v20201102/jetty-util-ajax-9.4.34.v20201102.jar:/home/user/.m2/repository/commons-codec/commons-codec/1.11/commons-codec-1.11.jar:/home/user/.m2/repository/commons-daemon/commons-daemon/1.0.13/commons-daemon-1.0.13.jar:/home/user/.m2/repository/io/netty/netty/3.10.5.Final/netty-3.10.5.Final.jar:/home/user/.m2/repository/io/netty/netty-all/4.1.48.Final/netty-all-4.1.48.Final.jar:/home/user/.m2/repository/org/apache/htrace/htrace-core4/4.1.0-incubating/htrace-core4-4.1.0-incubating.jar:/home/user/.m2/repository/org/fusesource/leveldbjni/leveldbjni-all/1.8/leveldbjni-all-1.8.jar:/home/user/.m2/repository/org/apache/hadoop/hadoop-distcp/3.2.1/hadoop-distcp-3.2.1.jar:/home/user/.m2/repository/org/apache/hadoop/hadoop-mapreduce-client-jobclient/3.2.1/hadoop-mapreduce-client-jobclient-3.2.1.jar:/home/user/.m2/repository/org/apache/hadoop/hadoop-mapreduce-client-common/3.2.1/hadoop-mapreduce-client-common-3.2.1.jar:/home/user/.m2/repository/org/apache/hadoop/hadoop-yarn-common/3.2.1/hadoop-yarn-common-3.2.1.jar:/home/user/.m2/repository/org/apache/hadoop/hadoop-yarn-api/3.2.1/hadoop-yarn-api-3.2.1.jar:/home/user/.m2/repository/com/sun/jersey/jersey-client/1.19/jersey-client-1.19.jar:/home/user/.m2/repository/com/sun/jersey/contribs/jersey-guice/1.19/jersey-guice-1.19.jar:/home/user/.m2/repository/com/fasterxml/jackson/jaxrs/jackson-jaxrs-json-provider/2.10.3/jackson-jaxrs-json-provider-2.10.3.jar:/home/user/.m2/repository/com/fasterxml/jackson/jaxrs/jackson-jaxrs-base/2.10.3/jackson-jaxrs-base-2.10.3.jar:/home/user/.m2/repository/org/apache/hadoop/hadoop-yarn-client/3.2.1/hadoop-yarn-client-3.2.1.jar:/home/user/.m2/repository/org/apache/hadoop/hadoop-mapreduce-client-core/3.2.1/hadoop-mapreduce-client-core-3.2.1.jar:/home/user/.m2/repository/org/apache/avro/avro/1.7.7/avro-1.7.7.jar:/home/user/.m2/repository/org/codehaus/jackson/jackson-core-asl/1.9.13/jackson-core-asl-1.9.13.jar:/home/user/.m2/repository/org/codehaus/jackson/jackson-mapper-asl/1.9.13/jackson-mapper-asl-1.9.13.jar:/home/user/.m2/repository/com/thoughtworks/paranamer/paranamer/2.3/paranamer-2.3.jar:/home/user/.m2/repository/org/xerial/snappy/snappy-java/1.0.5/snappy-java-1.0.5.jar:/home/user/.m2/repository/org/apache/hadoop/hadoop-annotations/3.2.1/hadoop-annotations-3.2.1.jar:/usr/lib/jvm/java-1.8.0-openjdk-1.8.0.232.b09-0.el7_7.x86_64/jre/../lib/tools.jar:/home/user/.m2/repository/org/apache/hadoop/hadoop-distcp/3.2.1/hadoop-distcp-3.2.1-tests.jar:"/>
    <property name="sun.cpu.endian" value="little"/>
    <property name="user.home" value="/home/user"/>
    <property name="user.language" value="en"/>
    <property name="java.specification.vendor" value="Oracle Corporation"/>
    <property name="java.home" value="/usr/lib/jvm/java-1.8.0-openjdk-1.8.0.232.b09-0.el7_7.x86_64/jre"/>
    <property name="java.security.krb5.conf" value="/github/workspace/mnt/ozone/hadoop-ozone/integration-test/target/test-classes/krb5.conf"/>
    <property name="basedir" value="/github/workspace/mnt/ozone/hadoop-ozone/integration-test"/>
    <property name="file.separator" value="/"/>
    <property name="line.separator" value="&#10;"/>
    <property name="java.vm.specification.vendor" value="Oracle Corporation"/>
    <property name="java.specification.name" value="Java Platform API Specification"/>
    <property name="java.awt.graphicsenv" value="sun.awt.X11GraphicsEnvironment"/>
    <property name="skip.installnpx" value="true"/>
    <property name="surefire.real.class.path" value="/github/workspace/mnt/ozone/hadoop-ozone/integration-test/target/surefire/surefirebooter2861664200795840178.jar:/home/user/.m2/repository/org/jacoco/org.jacoco.agent/0.8.5/org.jacoco.agent-0.8.5-runtime.jar"/>
    <property name="hadoop.log.dir" value="/github/workspace/mnt/ozone/hadoop-ozone/integration-test/target/log"/>
    <property name="sun.boot.class.path" value="/usr/lib/jvm/java-1.8.0-openjdk-1.8.0.232.b09-0.el7_7.x86_64/jre/lib/resources.jar:/usr/lib/jvm/java-1.8.0-openjdk-1.8.0.232.b09-0.el7_7.x86_64/jre/lib/rt.jar:/usr/lib/jvm/java-1.8.0-openjdk-1.8.0.232.b09-0.el7_7.x86_64/jre/lib/sunrsasign.jar:/usr/lib/jvm/java-1.8.0-openjdk-1.8.0.232.b09-0.el7_7.x86_64/jre/lib/jsse.jar:/usr/lib/jvm/java-1.8.0-openjdk-1.8.0.232.b09-0.el7_7.x86_64/jre/lib/jce.jar:/usr/lib/jvm/java-1.8.0-openjdk-1.8.0.232.b09-0.el7_7.x86_64/jre/lib/charsets.jar:/usr/lib/jvm/java-1.8.0-openjdk-1.8.0.232.b09-0.el7_7.x86_64/jre/lib/jfr.jar:/usr/lib/jvm/java-1.8.0-openjdk-1.8.0.232.b09-0.el7_7.x86_64/jre/classes"/>
    <property name="sun.management.compiler" value="HotSpot 64-Bit Tiered Compilers"/>
    <property name="skip.npx" value="true"/>
    <property name="java.runtime.version" value="1.8.0_232-b09"/>
    <property name="java.net.preferIPv4Stack" value="true"/>
    <property name="user.name" value="jenkins1001"/>
    <property name="path.separator" value=":"/>
    <property name="java.security.egd" value="file:///dev/urandom"/>
    <property name="os.version" value="5.4.0-1031-azure"/>
    <property name="java.endorsed.dirs" value="/usr/lib/jvm/java-1.8.0-openjdk-1.8.0.232.b09-0.el7_7.x86_64/jre/lib/endorsed"/>
    <property name="java.runtime.name" value="OpenJDK Runtime Environment"/>
    <property name="file.encoding" value="ANSI_X3.4-1968"/>
    <property name="java.vm.name" value="OpenJDK 64-Bit Server VM"/>
    <property name="test.build.webapps" value=""/>
    <property name="localRepository" value="/home/user/.m2/repository"/>
    <property name="java.vendor.url.bug" value="http://bugreport.sun.com/bugreport/"/>
    <property name="java.io.tmpdir" value="/tmp"/>
    <property name="require.test.libhadoop" value=""/>
    <property name="java.version" value="1.8.0_232"/>
    <property name="user.dir" value="/github/workspace/mnt/ozone/hadoop-ozone/integration-test"/>
    <property name="os.arch" value="amd64"/>
    <property name="java.vm.specification.name" value="Java Virtual Machine Specification"/>
    <property name="test.build.classes" value="/github/workspace/mnt/ozone/hadoop-ozone/integration-test/target/test-classes"/>
    <property name="java.awt.printerjob" value="sun.print.PSPrinterJob"/>
    <property name="sun.os.patch.level" value="unknown"/>
    <property name="hadoop.tmp.dir" value="/github/workspace/mnt/ozone/hadoop-ozone/integration-test/target/tmp"/>
    <property name="java.library.path" value="/usr/lib:/usr/java/packages/lib/amd64:/usr/lib64:/lib64:/lib:/usr/lib"/>
    <property name="java.vm.info" value="mixed mode"/>
    <property name="java.vendor" value="Oracle Corporation"/>
    <property name="java.vm.version" value="25.232-b09"/>
    <property name="java.ext.dirs" value="/usr/lib/jvm/java-1.8.0-openjdk-1.8.0.232.b09-0.el7_7.x86_64/jre/lib/ext:/usr/java/packages/lib/ext"/>
    <property name="sun.io.unicode.encoding" value="UnicodeLittle"/>
    <property name="java.class.version" value="52.0"/>
  </properties>
  <testcase name="testMultipartUpload" classname="org.apache.hadoop.ozone.om.TestOzoneManagerHAWithData" time="30.363"/>
  <testcase name="testOMRatisSnapshot" classname="org.apache.hadoop.ozone.om.TestOzoneManagerHAWithData" time="24.353">
    <failure message="LastAppliedIndex on OM State Machine (54) is less than the saved snapshot index(55)." type="java.lang.AssertionError">java.lang.AssertionError: LastAppliedIndex on OM State Machine (54) is less than the saved snapshot index(55).
	at org.junit.Assert.fail(Assert.java:88)
	at org.junit.Assert.assertTrue(Assert.java:41)
	at org.apache.hadoop.ozone.om.TestOzoneManagerHAWithData.testOMRatisSnapshot(TestOzoneManagerHAWithData.java:503)
	at sun.reflect.NativeMethodAccessorImpl.invoke0(Native Method)
	at sun.reflect.NativeMethodAccessorImpl.invoke(NativeMethodAccessorImpl.java:62)
	at sun.reflect.DelegatingMethodAccessorImpl.invoke(DelegatingMethodAccessorImpl.java:43)
	at java.lang.reflect.Method.invoke(Method.java:498)
	at org.junit.runners.model.FrameworkMethod$1.runReflectiveCall(FrameworkMethod.java:47)
	at org.junit.internal.runners.model.ReflectiveCallable.run(ReflectiveCallable.java:12)
	at org.junit.runners.model.FrameworkMethod.invokeExplosively(FrameworkMethod.java:44)
	at org.junit.internal.runners.statements.InvokeMethod.evaluate(InvokeMethod.java:17)
	at org.junit.internal.runners.statements.RunBefores.evaluate(RunBefores.java:26)
	at org.junit.internal.runners.statements.RunAfters.evaluate(RunAfters.java:27)
	at org.junit.rules.ExpectedException$ExpectedExceptionStatement.evaluate(ExpectedException.java:168)
	at org.junit.internal.runners.statements.FailOnTimeout$StatementThread.run(FailOnTimeout.java:74)
</failure>
    <system-out><![CDATA[2020-11-23 01:30:25,009 [Thread-418] WARN  server.ServerUtils (ServerUtils.java:getScmDbDir(148)) - ozone.scm.db.dirs is not configured. We recommend adding this setting. Falling back to ozone.metadata.dirs instead.
2020-11-23 01:30:25,012 [Thread-418] WARN  server.ServerUtils (ServerUtils.java:getScmDbDir(148)) - ozone.scm.db.dirs is not configured. We recommend adding this setting. Falling back to ozone.metadata.dirs instead.
2020-11-23 01:30:25,013 [Thread-418] WARN  db.DBStoreBuilder (DBStoreBuilder.java:applyDBDefinition(145)) - ozone.scm.db.dirs is not configured. We recommend adding this setting. Falling back to ozone.metadata.dirs instead.
2020-11-23 01:30:25,042 [Thread-418] INFO  net.NodeSchemaLoader (NodeSchemaLoader.java:loadSchemaFromFile(126)) - Loading file from sun.misc.CompoundEnumeration@4fb5c39b
2020-11-23 01:30:25,043 [Thread-418] INFO  net.NodeSchemaLoader (NodeSchemaLoader.java:loadSchema(172)) - Loading network topology layer schema file
2020-11-23 01:30:25,045 [Thread-418] WARN  server.ServerUtils (ServerUtils.java:sanitizeUserArgs(73)) - ozone.scm.stale.node.interval value = 300000 is larger than max = 100000 based on the key value of ozone.scm.heartbeat.thread.interval, reset to the max value 100000.
2020-11-23 01:30:25,045 [Thread-418] WARN  server.ServerUtils (ServerUtils.java:sanitizeUserArgs(73)) - ozone.scm.stale.node.interval value = 300000 is larger than max = 100000 based on the key value of ozone.scm.heartbeat.thread.interval, reset to the max value 100000.
2020-11-23 01:30:25,046 [Thread-418] INFO  node.SCMNodeManager (SCMNodeManager.java:<init>(120)) - Entering startup safe mode.
2020-11-23 01:30:25,046 [Thread-418] INFO  algorithms.ContainerPlacementPolicyFactory (ContainerPlacementPolicyFactory.java:getPolicy(60)) - Create container placement policy of type org.apache.hadoop.hdds.scm.container.placement.algorithms.SCMContainerPlacementRandom
2020-11-23 01:30:25,047 [Thread-418] INFO  algorithms.LeaderChoosePolicyFactory (LeaderChoosePolicyFactory.java:getPolicy(57)) - Create leader choose policy of type org.apache.hadoop.hdds.scm.pipeline.leader.choose.algorithms.DefaultLeaderChoosePolicy
2020-11-23 01:30:25,047 [Thread-418] INFO  pipeline.SCMPipelineManager (SCMPipelineManager.java:initializePipelineState(161)) - No pipeline exists in current db
2020-11-23 01:30:25,047 [Thread-418] INFO  algorithms.PipelineChoosePolicyFactory (PipelineChoosePolicyFactory.java:createPipelineChoosePolicyFromClass(75)) - Create pipeline choose policy of type org.apache.hadoop.hdds.scm.pipeline.choose.algorithms.RandomPipelineChoosePolicy
2020-11-23 01:30:25,049 [Thread-418] INFO  safemode.HealthyPipelineSafeModeRule (HealthyPipelineSafeModeRule.java:<init>(89)) - Total pipeline count is 0, healthy pipeline threshold count is 0
2020-11-23 01:30:25,049 [Thread-418] INFO  safemode.OneReplicaPipelineSafeModeRule (OneReplicaPipelineSafeModeRule.java:<init>(84)) - Total pipeline count is 0, pipeline's with at least one datanode reported threshold count is 0
2020-11-23 01:30:25,050 [Thread-418] INFO  ipc.CallQueueManager (CallQueueManager.java:<init>(84)) - Using callQueue: class java.util.concurrent.LinkedBlockingQueue, queueCapacity: 2000, scheduler: class org.apache.hadoop.ipc.DefaultRpcScheduler, ipcBackoff: false.
2020-11-23 01:30:25,053 [Socket Reader #1 for port 0] INFO  ipc.Server (Server.java:run(1219)) - Starting Socket Reader #1 for port 0
2020-11-23 01:30:25,054 [Listener at 0.0.0.0/36853] INFO  ipc.CallQueueManager (CallQueueManager.java:<init>(84)) - Using callQueue: class java.util.concurrent.LinkedBlockingQueue, queueCapacity: 2000, scheduler: class org.apache.hadoop.ipc.DefaultRpcScheduler, ipcBackoff: false.
2020-11-23 01:30:25,057 [Socket Reader #1 for port 0] INFO  ipc.Server (Server.java:run(1219)) - Starting Socket Reader #1 for port 0
2020-11-23 01:30:25,058 [Listener at 0.0.0.0/41259] INFO  ipc.CallQueueManager (CallQueueManager.java:<init>(84)) - Using callQueue: class java.util.concurrent.LinkedBlockingQueue, queueCapacity: 2000, scheduler: class org.apache.hadoop.ipc.DefaultRpcScheduler, ipcBackoff: false.
2020-11-23 01:30:25,062 [Socket Reader #1 for port 0] INFO  ipc.Server (Server.java:run(1219)) - Starting Socket Reader #1 for port 0
2020-11-23 01:30:25,068 [Listener at 0.0.0.0/32775] INFO  http.BaseHttpServer (BaseHttpServer.java:newHttpServer2BuilderForOzone(207)) - Starting Web-server for scm at: http://0.0.0.0:0
2020-11-23 01:30:25,068 [Listener at 0.0.0.0/32775] INFO  http.BaseHttpServer (BaseHttpServer.java:<init>(106)) - Hadoop Security Enabled: false Ozone Security Enabled: false Ozone HTTP Security Enabled: false 
2020-11-23 01:30:25,071 [Listener at 0.0.0.0/32775] INFO  server.AuthenticationFilter (AuthenticationFilter.java:constructSecretProvider(240)) - Unable to initialize FileSignerSecretProvider, falling back to use random secrets.
2020-11-23 01:30:25,071 [Listener at 0.0.0.0/32775] WARN  http.HttpRequestLog (HttpRequestLog.java:getRequestLog(103)) - Jetty request log can only be enabled using Log4j
2020-11-23 01:30:25,072 [Listener at 0.0.0.0/32775] INFO  http.HttpServer2 (HttpServer2.java:addGlobalFilter(1019)) - Added global filter 'safety' (class=org.apache.hadoop.hdds.server.http.HttpServer2$QuotingInputFilter)
2020-11-23 01:30:25,073 [Listener at 0.0.0.0/32775] INFO  http.HttpServer2 (HttpServer2.java:addFilter(995)) - Added filter static_user_filter (class=org.apache.hadoop.http.lib.StaticUserWebFilter$StaticUserFilter) to context scm
2020-11-23 01:30:25,073 [Listener at 0.0.0.0/32775] INFO  http.HttpServer2 (HttpServer2.java:addFilter(1003)) - Added filter static_user_filter (class=org.apache.hadoop.http.lib.StaticUserWebFilter$StaticUserFilter) to context static
2020-11-23 01:30:25,073 [Listener at 0.0.0.0/32775] INFO  http.HttpServer2 (HttpServer2.java:addFilter(1003)) - Added filter static_user_filter (class=org.apache.hadoop.http.lib.StaticUserWebFilter$StaticUserFilter) to context logs
2020-11-23 01:30:25,076 [Listener at 0.0.0.0/32775] INFO  server.StorageContainerManager (StorageContainerManager.java:start(789)) - StorageContainerLocationProtocol RPC server is listening at /0.0.0.0:32775
2020-11-23 01:30:25,078 [Listener at 0.0.0.0/32775] WARN  impl.MetricsConfig (MetricsConfig.java:loadFirst(134)) - Cannot locate configuration: tried hadoop-metrics2-storagecontainermanager.properties,hadoop-metrics2.properties
2020-11-23 01:30:25,079 [Listener at 0.0.0.0/32775] INFO  impl.MetricsSystemImpl (MetricsSystemImpl.java:startTimer(374)) - Scheduled Metric snapshot period at 10 second(s).
2020-11-23 01:30:25,079 [Listener at 0.0.0.0/32775] INFO  impl.MetricsSystemImpl (MetricsSystemImpl.java:start(191)) - StorageContainerManager metrics system started
2020-11-23 01:30:25,094 [Listener at 0.0.0.0/32775] WARN  impl.MetricsSystemImpl (MetricsSystemImpl.java:register(276)) - Sink prometheus already exists!
2020-11-23 01:30:25,110 [Listener at 0.0.0.0/32775] INFO  server.SCMClientProtocolServer (SCMClientProtocolServer.java:start(156)) - RPC server for Client  is listening at /0.0.0.0:32775
2020-11-23 01:30:25,110 [IPC Server Responder] INFO  ipc.Server (Server.java:run(1460)) - IPC Server Responder: starting
2020-11-23 01:30:25,114 [IPC Server listener on 0] INFO  ipc.Server (Server.java:run(1298)) - IPC Server listener on 0: starting
2020-11-23 01:30:25,125 [Listener at 0.0.0.0/32775] INFO  server.StorageContainerManager (StorageContainerManager.java:start(801)) - ScmBlockLocationProtocol RPC server is listening at /0.0.0.0:41259
2020-11-23 01:30:25,125 [Listener at 0.0.0.0/32775] INFO  server.SCMBlockProtocolServer (SCMBlockProtocolServer.java:start(150)) - RPC server for Block Protocol is listening at /0.0.0.0:41259
2020-11-23 01:30:25,127 [IPC Server Responder] INFO  ipc.Server (Server.java:run(1460)) - IPC Server Responder: starting
2020-11-23 01:30:25,128 [IPC Server listener on 0] INFO  ipc.Server (Server.java:run(1298)) - IPC Server listener on 0: starting
2020-11-23 01:30:25,137 [Listener at 0.0.0.0/32775] INFO  server.StorageContainerManager (StorageContainerManager.java:start(807)) - ScmDatanodeProtocl RPC server is listening at /0.0.0.0:36853
2020-11-23 01:30:25,137 [Listener at 0.0.0.0/32775] INFO  server.SCMDatanodeProtocolServer (SCMDatanodeProtocolServer.java:start(172)) - RPC server for DataNodes is listening at /0.0.0.0:36853
2020-11-23 01:30:25,138 [IPC Server Responder] INFO  ipc.Server (Server.java:run(1460)) - IPC Server Responder: starting
2020-11-23 01:30:25,138 [IPC Server listener on 0] INFO  ipc.Server (Server.java:run(1298)) - IPC Server listener on 0: starting
2020-11-23 01:30:25,148 [Listener at 0.0.0.0/32775] INFO  http.HttpServer2 (HttpServer2.java:bindListener(1237)) - Jetty bound to port 42055
2020-11-23 01:30:25,148 [Listener at 0.0.0.0/32775] INFO  server.Server (Server.java:doStart(375)) - jetty-9.4.34.v20201102; built: 2020-11-02T14:15:39.302Z; git: e46af88704a893fc12cb0e3bf46e2c7b48a009e7; jvm 1.8.0_232-b09
2020-11-23 01:30:25,150 [Listener at 0.0.0.0/32775] INFO  server.session (DefaultSessionIdManager.java:doStart(334)) - DefaultSessionIdManager workerName=node0
2020-11-23 01:30:25,151 [Listener at 0.0.0.0/32775] INFO  server.session (DefaultSessionIdManager.java:doStart(339)) - No SessionScavenger set, using defaults
2020-11-23 01:30:25,151 [Listener at 0.0.0.0/32775] INFO  server.session (HouseKeeper.java:startScavenging(132)) - node0 Scavenging every 600000ms
2020-11-23 01:30:25,152 [Listener at 0.0.0.0/32775] INFO  handler.ContextHandler (ContextHandler.java:doStart(916)) - Started o.e.j.s.ServletContextHandler@6bf86ce2{logs,/logs,file:///github/workspace/mnt/ozone/hadoop-ozone/integration-test/target/log,AVAILABLE}
2020-11-23 01:30:25,152 [Listener at 0.0.0.0/32775] INFO  handler.ContextHandler (ContextHandler.java:doStart(916)) - Started o.e.j.s.ServletContextHandler@7dc4e076{static,/static,file:///github/workspace/mnt/ozone/hadoop-ozone/integration-test/target/test-classes/webapps/static,AVAILABLE}
2020-11-23 01:30:25,156 [Listener at 0.0.0.0/32775] INFO  handler.ContextHandler (ContextHandler.java:doStart(916)) - Started o.e.j.w.WebAppContext@3692055c{scm,/,file:///github/workspace/mnt/ozone/hadoop-ozone/integration-test/target/test-classes/webapps/scm/,AVAILABLE}{file:/github/workspace/mnt/ozone/hadoop-ozone/integration-test/target/test-classes/webapps/scm}
2020-11-23 01:30:25,157 [Listener at 0.0.0.0/32775] INFO  server.AbstractConnector (AbstractConnector.java:doStart(331)) - Started ServerConnector@3eadc438{HTTP/1.1, (http/1.1)}{0.0.0.0:42055}
2020-11-23 01:30:25,157 [Listener at 0.0.0.0/32775] INFO  server.Server (Server.java:doStart(415)) - Started @31391ms
2020-11-23 01:30:25,158 [Listener at 0.0.0.0/32775] WARN  impl.MetricsSystemImpl (MetricsSystemImpl.java:register(276)) - Sink prometheus already exists!
2020-11-23 01:30:25,223 [Listener at 0.0.0.0/32775] INFO  http.BaseHttpServer (BaseHttpServer.java:updateConnectorAddress(327)) - HTTP server of scm listening at http://0.0.0.0:42055
2020-11-23 01:30:25,224 [Listener at 0.0.0.0/32775] WARN  server.ServerUtils (ServerUtils.java:getDBPath(225)) - ozone.om.db.dirs is not configured. We recommend adding this setting. Falling back to ozone.metadata.dirs instead.
2020-11-23 01:30:25,225 [org.apache.hadoop.util.JvmPauseMonitor$Monitor@42294fe2] INFO  util.JvmPauseMonitor (JvmPauseMonitor.java:run(188)) - Starting JVM pause monitor
2020-11-23 01:30:25,226 [Listener at 0.0.0.0/32775] INFO  ha.OMHANodeDetails (OMHANodeDetails.java:loadOMHAConfig(110)) - ServiceID for OzoneManager is om-service-test1
2020-11-23 01:30:25,227 [Listener at 0.0.0.0/32775] INFO  ha.OMHANodeDetails (OMHANodeDetails.java:loadOMHAConfig(188)) - Found matching OM address with OMServiceId: om-service-test1, OMNodeId: omNode-1, RPC Address: localhost:11608 and Ratis port: 11612
2020-11-23 01:30:25,227 [Listener at 0.0.0.0/32775] INFO  ha.OMHANodeDetails (OMHANodeDetails.java:setOMNodeSpecificConfigs(314)) - Setting configuration key ozone.om.http-address with value of key ozone.om.http-address.omNode-1: 127.0.0.1:11610
2020-11-23 01:30:25,227 [Listener at 0.0.0.0/32775] INFO  ha.OMHANodeDetails (OMHANodeDetails.java:setOMNodeSpecificConfigs(314)) - Setting configuration key ozone.om.https-address with value of key ozone.om.https-address.omNode-1: 127.0.0.1:11611
2020-11-23 01:30:25,228 [Listener at 0.0.0.0/32775] INFO  ha.OMHANodeDetails (OMHANodeDetails.java:setOMNodeSpecificConfigs(314)) - Setting configuration key ozone.om.address with value of key ozone.om.address.omNode-1: 127.0.0.1:11608
2020-11-23 01:30:25,228 [Listener at 0.0.0.0/32775] WARN  server.ServerUtils (ServerUtils.java:getDBPath(225)) - ozone.om.db.dirs is not configured. We recommend adding this setting. Falling back to ozone.metadata.dirs instead.
2020-11-23 01:30:25,228 [Listener at 0.0.0.0/32775] WARN  server.ServerUtils (ServerUtils.java:getDBPath(225)) - ozone.om.db.dirs is not configured. We recommend adding this setting. Falling back to ozone.metadata.dirs instead.
2020-11-23 01:30:25,237 [Listener at 0.0.0.0/32775] WARN  server.ServerUtils (ServerUtils.java:getDBPath(225)) - ozone.om.db.dirs is not configured. We recommend adding this setting. Falling back to ozone.metadata.dirs instead.
2020-11-23 01:30:25,238 [Listener at 0.0.0.0/32775] INFO  codec.OmKeyInfoCodec (OmKeyInfoCodec.java:<init>(41)) - OmKeyInfoCodec ignorePipeline = true
2020-11-23 01:30:25,238 [Listener at 0.0.0.0/32775] INFO  codec.RepeatedOmKeyInfoCodec (RepeatedOmKeyInfoCodec.java:<init>(40)) - RepeatedOmKeyInfoCodec ignorePipeline = true
2020-11-23 01:30:25,299 [Listener at 0.0.0.0/32775] INFO  om.OzoneManager (OzoneManager.java:addS3GVolumeToDB(3741)) - Created Volume s3v With Owner jenkins1001 required for S3Gateway operations.
2020-11-23 01:30:25,299 [Listener at 0.0.0.0/32775] WARN  server.ServerUtils (ServerUtils.java:getDefaultRatisDirectory(237)) - Storage directory for Ratis is not configured. It is a good idea to map this to an SSD disk. Falling back to ozone.metadata.dirs
2020-11-23 01:30:25,300 [Listener at 0.0.0.0/32775] INFO  ratis.OzoneManagerRatisServer (OzoneManagerRatisServer.java:<init>(270)) - Instantiating OM Ratis server with GroupID: om-service-test1 and Raft Peers: localhost:11612, localhost:11618, localhost:11624
2020-11-23 01:30:25,302 [Listener at 0.0.0.0/32775] INFO  ratis.OzoneManagerStateMachine (OzoneManagerStateMachine.java:loadSnapshotInfoFromDB(519)) - LastAppliedIndex is set from TransactionInfo from OM DB as (t:0, i:~)
2020-11-23 01:30:25,303 [Listener at 0.0.0.0/32775] INFO  impl.RaftServerProxy (ConfUtils.java:logGet(44)) - raft.rpc.type = GRPC (default)
2020-11-23 01:30:25,303 [Listener at 0.0.0.0/32775] INFO  grpc.GrpcFactory (GrpcFactory.java:checkPooledByteBufAllocatorUseCacheForAllThreads(45)) - PERFORMANCE WARNING: useCacheForAllThreads is true that may cause Netty to create a lot garbage objects and, as a result, trigger GC.
	It is recommended to disable useCacheForAllThreads by setting -Dorg.apache.ratis.thirdparty.io.netty.allocator.useCacheForAllThreads=false in command line.
2020-11-23 01:30:25,303 [Listener at 0.0.0.0/32775] INFO  grpc.GrpcConfigKeys (ConfUtils.java:logGet(44)) - raft.grpc.server.port = 11612 (custom)
2020-11-23 01:30:25,303 [Listener at 0.0.0.0/32775] INFO  server.GrpcService (ConfUtils.java:logGet(44)) - raft.grpc.message.size.max = 33554432 (custom)
2020-11-23 01:30:25,303 [Listener at 0.0.0.0/32775] INFO  server.RaftServerConfigKeys (ConfUtils.java:logGet(44)) - raft.server.log.appender.buffer.byte-limit = 33554432 (custom)
2020-11-23 01:30:25,303 [Listener at 0.0.0.0/32775] INFO  server.GrpcService (ConfUtils.java:logGet(44)) - raft.grpc.flow.control.window = 1MB (=1048576) (default)
2020-11-23 01:30:25,304 [Listener at 0.0.0.0/32775] INFO  server.RaftServerConfigKeys (ConfUtils.java:logGet(44)) - raft.server.rpc.request.timeout = 3000ms (default)
2020-11-23 01:30:25,305 [Listener at 0.0.0.0/32775] INFO  impl.DataStreamServerImpl (ConfUtils.java:logGet(44)) - raft.datastream.type = DISABLED (default)
2020-11-23 01:30:25,305 [Listener at 0.0.0.0/32775] INFO  server.RaftServerConfigKeys (ConfUtils.java:logGet(44)) - raft.server.storage.dir = [/github/workspace/mnt/ozone/hadoop-ozone/integration-test/target/test-dir/MiniOzoneClusterImpl-9d05a325-c6bd-459e-80b5-8a813f22569b/omNode-1/ratis] (custom)
2020-11-23 01:30:25,305 [Listener at 0.0.0.0/32775] INFO  impl.RaftServerProxy (RaftServerProxy.java:addNew(93)) - omNode-1: addNew group-523986131536:[omNode-3|rpc:localhost:11624, omNode-1|rpc:localhost:11612, omNode-2|rpc:localhost:11618] returns group-523986131536:java.util.concurrent.CompletableFuture@69eaafc5[Not completed]
2020-11-23 01:30:25,306 [pool-135-thread-1] INFO  impl.RaftServerImpl (RaftServerImpl.java:<init>(121)) - omNode-1: new RaftServerImpl for group-523986131536:[omNode-3|rpc:localhost:11624, omNode-1|rpc:localhost:11612, omNode-2|rpc:localhost:11618] with OzoneManagerStateMachine:uninitialized
2020-11-23 01:30:25,308 [pool-135-thread-1] INFO  server.RaftServerConfigKeys (ConfUtils.java:logGet(44)) - raft.server.rpc.timeout.min = 1s (custom)
2020-11-23 01:30:25,309 [pool-135-thread-1] INFO  server.RaftServerConfigKeys (ConfUtils.java:logGet(44)) - raft.server.rpc.timeout.max = 1200ms (custom)
2020-11-23 01:30:25,309 [pool-135-thread-1] INFO  server.RaftServerConfigKeys (ConfUtils.java:logGet(44)) - raft.server.rpc.slowness.timeout = 2s (custom)
2020-11-23 01:30:25,309 [pool-135-thread-1] INFO  server.RaftServerConfigKeys (ConfUtils.java:logGet(44)) - raft.server.leaderelection.leader.step-down.wait-time = 10s (default)
2020-11-23 01:30:25,309 [pool-135-thread-1] INFO  server.RaftServerConfigKeys (ConfUtils.java:logGet(44)) - raft.server.sleep.deviation.threshold = 300 (default)
2020-11-23 01:30:25,309 [pool-135-thread-1] INFO  server.RaftServerConfigKeys (ConfUtils.java:logGet(44)) - raft.server.log.appender.install.snapshot.enabled = false (custom)
2020-11-23 01:30:25,309 [pool-135-thread-1] INFO  impl.RaftServerImpl (ServerState.java:<init>(104)) - omNode-1@group-523986131536: ConfigurationManager, init=-1: [omNode-3|rpc:localhost:11624, omNode-1|rpc:localhost:11612, omNode-2|rpc:localhost:11618], old=null, confs=<EMPTY_MAP>
2020-11-23 01:30:25,309 [pool-135-thread-1] INFO  server.RaftServerConfigKeys (ConfUtils.java:logGet(44)) - raft.server.storage.dir = [/github/workspace/mnt/ozone/hadoop-ozone/integration-test/target/test-dir/MiniOzoneClusterImpl-9d05a325-c6bd-459e-80b5-8a813f22569b/omNode-1/ratis] (custom)
2020-11-23 01:30:25,309 [Listener at 0.0.0.0/32775] INFO  om.OzoneManager (OzoneManager.java:initializeRatisServer(1336)) - OzoneManager Ratis server initialized at port 11612
2020-11-23 01:30:25,309 [Listener at 0.0.0.0/32775] WARN  server.ServerUtils (ServerUtils.java:getDefaultRatisDirectory(237)) - Storage directory for Ratis is not configured. It is a good idea to map this to an SSD disk. Falling back to ozone.metadata.dirs
2020-11-23 01:30:25,309 [Listener at 0.0.0.0/32775] WARN  server.ServerUtils (ServerUtils.java:getDefaultRatisDirectory(237)) - Storage directory for Ratis is not configured. It is a good idea to map this to an SSD disk. Falling back to ozone.metadata.dirs
2020-11-23 01:30:25,310 [Listener at 0.0.0.0/32775] INFO  snapshot.OzoneManagerSnapshotProvider (OzoneManagerSnapshotProvider.java:<init>(77)) - Initializing OM Snapshot Provider
2020-11-23 01:30:25,312 [Listener at 0.0.0.0/32775] INFO  ipc.CallQueueManager (CallQueueManager.java:<init>(84)) - Using callQueue: class java.util.concurrent.LinkedBlockingQueue, queueCapacity: 2000, scheduler: class org.apache.hadoop.ipc.DefaultRpcScheduler, ipcBackoff: false.
2020-11-23 01:30:25,309 [pool-135-thread-1] INFO  server.RaftServerConfigKeys (ConfUtils.java:logGet(44)) - raft.server.log.corruption.policy = EXCEPTION (default)
2020-11-23 01:30:25,312 [pool-135-thread-1] INFO  storage.RaftStorageDirectory (RaftStorageDirectory.java:analyzeStorage(261)) - The storage directory /github/workspace/mnt/ozone/hadoop-ozone/integration-test/target/test-dir/MiniOzoneClusterImpl-9d05a325-c6bd-459e-80b5-8a813f22569b/omNode-1/ratis/c9bc4cf4-3bc3-3c60-a66b-523986131536 does not exist. Creating ...
2020-11-23 01:30:25,313 [Socket Reader #1 for port 11608] INFO  ipc.Server (Server.java:run(1219)) - Starting Socket Reader #1 for port 11608
2020-11-23 01:30:25,314 [pool-135-thread-1] INFO  storage.RaftStorageDirectory (RaftStorageDirectory.java:tryLock(343)) - Lock on /github/workspace/mnt/ozone/hadoop-ozone/integration-test/target/test-dir/MiniOzoneClusterImpl-9d05a325-c6bd-459e-80b5-8a813f22569b/omNode-1/ratis/c9bc4cf4-3bc3-3c60-a66b-523986131536/in_use.lock acquired by nodename 29491@d1de218a02b0
2020-11-23 01:30:25,328 [pool-135-thread-1] INFO  storage.RaftStorage (RaftStorage.java:format(85)) - Storage directory /github/workspace/mnt/ozone/hadoop-ozone/integration-test/target/test-dir/MiniOzoneClusterImpl-9d05a325-c6bd-459e-80b5-8a813f22569b/omNode-1/ratis/c9bc4cf4-3bc3-3c60-a66b-523986131536 has been successfully formatted.
2020-11-23 01:30:25,328 [pool-135-thread-1] INFO  server.RaftServerConfigKeys (ConfUtils.java:logGet(44)) - raft.server.notification.no-leader.timeout = 2s (custom)
2020-11-23 01:30:25,329 [pool-135-thread-1] INFO  server.RaftServerConfigKeys (ConfUtils.java:logGet(44)) - raft.server.log.use.memory = false (default)
2020-11-23 01:30:25,329 [pool-135-thread-1] INFO  server.RaftServerConfigKeys (ConfUtils.java:logGet(44)) - raft.server.log.purge.gap = 50 (custom)
2020-11-23 01:30:25,329 [pool-135-thread-1] INFO  metrics.RatisMetrics (RatisMetrics.java:lambda$create$0(36)) - Creating Metrics Registry : ratis.log_worker.omNode-1@group-523986131536
2020-11-23 01:30:25,329 [pool-135-thread-1] INFO  server.RaftServerConfigKeys (ConfUtils.java:logGet(44)) - raft.server.log.appender.buffer.byte-limit = 33554432 (custom)
2020-11-23 01:30:25,329 [pool-135-thread-1] INFO  server.RaftServerConfigKeys (ConfUtils.java:logGet(44)) - raft.server.log.segment.size.max = 4194304 (custom)
2020-11-23 01:30:25,329 [pool-135-thread-1] INFO  server.RaftServerConfigKeys (ConfUtils.java:logGet(44)) - raft.server.log.segment.cache.num.max = 2 (custom)
2020-11-23 01:30:25,329 [pool-135-thread-1] INFO  segmented.SegmentedRaftLogWorker (SegmentedRaftLogWorker.java:<init>(180)) - new omNode-1@group-523986131536-SegmentedRaftLogWorker for RaftStorage:Storage Directory /github/workspace/mnt/ozone/hadoop-ozone/integration-test/target/test-dir/MiniOzoneClusterImpl-9d05a325-c6bd-459e-80b5-8a813f22569b/omNode-1/ratis/c9bc4cf4-3bc3-3c60-a66b-523986131536
2020-11-23 01:30:25,329 [pool-135-thread-1] INFO  server.RaftServerConfigKeys (ConfUtils.java:logGet(44)) - raft.server.log.queue.byte-limit = 64MB (=67108864) (default)
2020-11-23 01:30:25,330 [pool-135-thread-1] INFO  server.RaftServerConfigKeys (ConfUtils.java:logGet(44)) - raft.server.log.queue.element-limit = 4096 (default)
2020-11-23 01:30:25,330 [pool-135-thread-1] INFO  server.RaftServerConfigKeys (ConfUtils.java:logGet(44)) - raft.server.log.segment.size.max = 4194304 (custom)
2020-11-23 01:30:25,330 [pool-135-thread-1] INFO  server.RaftServerConfigKeys (ConfUtils.java:logGet(44)) - raft.server.log.preallocated.size = 4194304 (custom)
2020-11-23 01:30:25,330 [pool-135-thread-1] INFO  server.RaftServerConfigKeys (ConfUtils.java:logGet(44)) - raft.server.log.write.buffer.size = 64KB (=65536) (default)
2020-11-23 01:30:25,330 [pool-135-thread-1] INFO  server.RaftServerConfigKeys (ConfUtils.java:logGet(44)) - raft.server.log.force.sync.num = 128 (default)
2020-11-23 01:30:25,330 [pool-135-thread-1] INFO  server.RaftServerConfigKeys (ConfUtils.java:logGet(44)) - raft.server.log.statemachine.data.sync = true (default)
2020-11-23 01:30:25,330 [pool-135-thread-1] INFO  server.RaftServerConfigKeys (ConfUtils.java:logGet(44)) - raft.server.log.statemachine.data.sync.timeout = 10s (default)
2020-11-23 01:30:25,330 [pool-135-thread-1] INFO  server.RaftServerConfigKeys (ConfUtils.java:logGet(44)) - raft.server.log.statemachine.data.sync.timeout.retry = -1 (default)
2020-11-23 01:30:25,331 [pool-135-thread-1] INFO  server.RaftServerConfigKeys (ConfUtils.java:logGet(44)) - raft.server.log.statemachine.data.caching.enabled = false (default)
2020-11-23 01:30:25,331 [pool-135-thread-1] INFO  segmented.SegmentedRaftLogWorker (SegmentedRaftLogWorker.java:lambda$new$0(129)) - omNode-1@group-523986131536-SegmentedRaftLogWorker: flushIndex: setUnconditionally 0 -> -1
2020-11-23 01:30:25,331 [pool-135-thread-1] INFO  segmented.SegmentedRaftLogWorker (SegmentedRaftLogWorker.java:lambda$new$0(129)) - omNode-1@group-523986131536-SegmentedRaftLogWorker: safeCacheEvictIndex: setUnconditionally 0 -> -1
2020-11-23 01:30:25,339 [pool-135-thread-1] INFO  server.RaftServerConfigKeys (ConfUtils.java:logGet(44)) - raft.server.snapshot.auto.trigger.enabled = true (custom)
2020-11-23 01:30:25,339 [pool-135-thread-1] INFO  server.RaftServerConfigKeys (ConfUtils.java:logGet(44)) - raft.server.snapshot.auto.trigger.threshold = 50 (custom)
2020-11-23 01:30:25,339 [pool-135-thread-1] INFO  server.RaftServerConfigKeys (ConfUtils.java:logGet(44)) - raft.server.snapshot.retention.file.num = -1 (default)
2020-11-23 01:30:25,339 [pool-135-thread-1] INFO  server.RaftServerConfigKeys (ConfUtils.java:logGet(44)) - raft.server.log.purge.upto.snapshot.index = true (custom)
2020-11-23 01:30:25,339 [pool-135-thread-1] INFO  server.RaftServerConfigKeys (ConfUtils.java:logGet(44)) - raft.server.retrycache.expirytime = 600000ms (custom)
2020-11-23 01:30:25,339 [pool-135-thread-1] INFO  metrics.RatisMetrics (RatisMetrics.java:lambda$create$0(36)) - Creating Metrics Registry : ratis.leader_election.omNode-1@group-523986131536
2020-11-23 01:30:25,340 [Listener at 127.0.0.1/11608] INFO  impl.MetricsSystemImpl (MetricsSystemImpl.java:init(158)) - OzoneManager metrics system started (again)
2020-11-23 01:30:25,340 [pool-135-thread-1] INFO  metrics.RatisMetrics (RatisMetrics.java:lambda$create$0(36)) - Creating Metrics Registry : ratis.server.omNode-1@group-523986131536
2020-11-23 01:30:25,340 [Listener at 127.0.0.1/11608] INFO  om.OzoneManager (OzoneManager.java:start(1144)) - OzoneManager RPC server is listening at localhost/127.0.0.1:11608
2020-11-23 01:30:25,340 [Listener at 127.0.0.1/11608] INFO  ratis.OzoneManagerRatisServer (OzoneManagerRatisServer.java:start(381)) - Starting OzoneManagerRatisServer omNode-1 at port 11612
2020-11-23 01:30:25,341 [Listener at 127.0.0.1/11608] INFO  impl.RaftServerImpl (RaftServerImpl.java:start(215)) - omNode-1@group-523986131536: start as a follower, conf=-1: [omNode-3|rpc:localhost:11624, omNode-1|rpc:localhost:11612, omNode-2|rpc:localhost:11618], old=null
2020-11-23 01:30:25,341 [Listener at 127.0.0.1/11608] INFO  impl.RaftServerImpl (RaftServerImpl.java:setRole(204)) - omNode-1@group-523986131536: changes role from      null to FOLLOWER at term 0 for startAsFollower
2020-11-23 01:30:25,341 [Listener at 127.0.0.1/11608] INFO  impl.RoleInfo (RoleInfo.java:updateAndGet(143)) - omNode-1: start omNode-1@group-523986131536-FollowerState
2020-11-23 01:30:25,341 [Listener at 127.0.0.1/11608] INFO  util.JmxRegister (JmxRegister.java:tryRegister(44)) - Successfully registered JMX Bean with object name Ratis:service=RaftServer,group=group-523986131536,id=omNode-1
2020-11-23 01:30:25,341 [Listener at 127.0.0.1/11608] INFO  metrics.RatisMetrics (RatisMetrics.java:lambda$create$0(36)) - Creating Metrics Registry : ratis.state_machine.omNode-1@group-523986131536
2020-11-23 01:30:25,349 [Listener at 127.0.0.1/11608] INFO  impl.RaftServerProxy (RaftServerProxy.java:lambda$start$3(321)) - omNode-1: start RPC server
2020-11-23 01:30:25,354 [Listener at 127.0.0.1/11608] INFO  server.GrpcService (GrpcService.java:startImpl(177)) - omNode-1: GrpcService started, listening on 0.0.0.0/0.0.0.0:11612
2020-11-23 01:30:25,359 [org.apache.ratis.server.JvmPauseMonitor@25481bb-Monitor] INFO  server.RaftServerConfigKeys (ConfUtils.java:logGet(44)) - raft.server.leaderelection.leader.step-down.wait-time = 10s (default)
2020-11-23 01:30:25,359 [org.apache.ratis.server.JvmPauseMonitor@25481bb-Monitor] INFO  server.RaftServerConfigKeys (ConfUtils.java:logGet(44)) - raft.server.rpc.slowness.timeout = 2s (custom)
2020-11-23 01:30:25,359 [org.apache.ratis.server.JvmPauseMonitor@25481bb-Monitor] INFO  server.JvmPauseMonitor (JvmPauseMonitor.java:run(129)) - Starting Ratis JVM pause monitor
2020-11-23 01:30:25,422 [Listener at 127.0.0.1/11608] INFO  http.BaseHttpServer (BaseHttpServer.java:newHttpServer2BuilderForOzone(207)) - Starting Web-server for ozoneManager at: http://0.0.0.0:11610
2020-11-23 01:30:25,422 [Listener at 127.0.0.1/11608] INFO  http.BaseHttpServer (BaseHttpServer.java:<init>(106)) - Hadoop Security Enabled: false Ozone Security Enabled: false Ozone HTTP Security Enabled: false 
2020-11-23 01:30:25,423 [Listener at 127.0.0.1/11608] INFO  server.AuthenticationFilter (AuthenticationFilter.java:constructSecretProvider(240)) - Unable to initialize FileSignerSecretProvider, falling back to use random secrets.
2020-11-23 01:30:25,424 [Listener at 127.0.0.1/11608] WARN  http.HttpRequestLog (HttpRequestLog.java:getRequestLog(103)) - Jetty request log can only be enabled using Log4j
2020-11-23 01:30:25,425 [Listener at 127.0.0.1/11608] INFO  http.HttpServer2 (HttpServer2.java:addGlobalFilter(1019)) - Added global filter 'safety' (class=org.apache.hadoop.hdds.server.http.HttpServer2$QuotingInputFilter)
2020-11-23 01:30:25,426 [Listener at 127.0.0.1/11608] INFO  http.HttpServer2 (HttpServer2.java:addFilter(995)) - Added filter static_user_filter (class=org.apache.hadoop.http.lib.StaticUserWebFilter$StaticUserFilter) to context ozoneManager
2020-11-23 01:30:25,426 [Listener at 127.0.0.1/11608] INFO  http.HttpServer2 (HttpServer2.java:addFilter(1003)) - Added filter static_user_filter (class=org.apache.hadoop.http.lib.StaticUserWebFilter$StaticUserFilter) to context logs
2020-11-23 01:30:25,426 [Listener at 127.0.0.1/11608] INFO  http.HttpServer2 (HttpServer2.java:addFilter(1003)) - Added filter static_user_filter (class=org.apache.hadoop.http.lib.StaticUserWebFilter$StaticUserFilter) to context static
2020-11-23 01:30:25,427 [Listener at 127.0.0.1/11608] INFO  http.HttpServer2 (HttpServer2.java:bindListener(1237)) - Jetty bound to port 11610
2020-11-23 01:30:25,427 [Listener at 127.0.0.1/11608] INFO  server.Server (Server.java:doStart(375)) - jetty-9.4.34.v20201102; built: 2020-11-02T14:15:39.302Z; git: e46af88704a893fc12cb0e3bf46e2c7b48a009e7; jvm 1.8.0_232-b09
2020-11-23 01:30:25,429 [Listener at 127.0.0.1/11608] INFO  server.session (DefaultSessionIdManager.java:doStart(334)) - DefaultSessionIdManager workerName=node0
2020-11-23 01:30:25,429 [Listener at 127.0.0.1/11608] INFO  server.session (DefaultSessionIdManager.java:doStart(339)) - No SessionScavenger set, using defaults
2020-11-23 01:30:25,429 [Listener at 127.0.0.1/11608] INFO  server.session (HouseKeeper.java:startScavenging(132)) - node0 Scavenging every 600000ms
2020-11-23 01:30:25,430 [Listener at 127.0.0.1/11608] INFO  handler.ContextHandler (ContextHandler.java:doStart(916)) - Started o.e.j.s.ServletContextHandler@70db2119{logs,/logs,file:///github/workspace/mnt/ozone/hadoop-ozone/integration-test/target/log,AVAILABLE}
2020-11-23 01:30:25,430 [Listener at 127.0.0.1/11608] INFO  handler.ContextHandler (ContextHandler.java:doStart(916)) - Started o.e.j.s.ServletContextHandler@2e5aaff3{static,/static,file:///github/workspace/mnt/ozone/hadoop-ozone/integration-test/target/test-classes/webapps/static,AVAILABLE}
2020-11-23 01:30:25,434 [Listener at 127.0.0.1/11608] INFO  handler.ContextHandler (ContextHandler.java:doStart(916)) - Started o.e.j.w.WebAppContext@50ba931c{ozoneManager,/,file:///github/workspace/mnt/ozone/hadoop-ozone/integration-test/target/test-classes/webapps/ozoneManager/,AVAILABLE}{file:/github/workspace/mnt/ozone/hadoop-ozone/integration-test/target/test-classes/webapps/ozoneManager}
2020-11-23 01:30:25,442 [Listener at 127.0.0.1/11608] INFO  server.AbstractConnector (AbstractConnector.java:doStart(331)) - Started ServerConnector@610a6ab5{HTTP/1.1, (http/1.1)}{0.0.0.0:11610}
2020-11-23 01:30:25,443 [Listener at 127.0.0.1/11608] INFO  server.Server (Server.java:doStart(415)) - Started @31676ms
2020-11-23 01:30:25,443 [Listener at 127.0.0.1/11608] WARN  impl.MetricsSystemImpl (MetricsSystemImpl.java:register(276)) - Sink prometheus already exists!
2020-11-23 01:30:25,448 [Listener at 127.0.0.1/11608] INFO  http.BaseHttpServer (BaseHttpServer.java:updateConnectorAddress(327)) - HTTP server of ozoneManager listening at http://0.0.0.0:11610
2020-11-23 01:30:25,448 [IPC Server Responder] INFO  ipc.Server (Server.java:run(1460)) - IPC Server Responder: starting
2020-11-23 01:30:25,448 [IPC Server listener on 11608] INFO  ipc.Server (Server.java:run(1298)) - IPC Server listener on 11608: starting
2020-11-23 01:30:25,454 [Listener at 127.0.0.1/11608] INFO  om.OzoneManager (OzoneManager.java:startTrashEmptier(1269)) - Trash Interval set to 0. Files deleted will not move to trash
2020-11-23 01:30:25,455 [Listener at 127.0.0.1/11608] INFO  ozone.MiniOzoneHAClusterImpl (MiniOzoneHAClusterImpl.java:createOMService(380)) - Started OzoneManager RPC server at localhost/127.0.0.1:11608
2020-11-23 01:30:25,455 [Listener at 127.0.0.1/11608] WARN  server.ServerUtils (ServerUtils.java:getDBPath(225)) - ozone.om.db.dirs is not configured. We recommend adding this setting. Falling back to ozone.metadata.dirs instead.
2020-11-23 01:30:25,458 [Listener at 127.0.0.1/11608] INFO  ha.OMHANodeDetails (OMHANodeDetails.java:loadOMHAConfig(110)) - ServiceID for OzoneManager is om-service-test1
2020-11-23 01:30:25,459 [Listener at 127.0.0.1/11608] INFO  ha.OMHANodeDetails (OMHANodeDetails.java:loadOMHAConfig(188)) - Found matching OM address with OMServiceId: om-service-test1, OMNodeId: omNode-2, RPC Address: localhost:11614 and Ratis port: 11618
2020-11-23 01:30:25,459 [Listener at 127.0.0.1/11608] INFO  ha.OMHANodeDetails (OMHANodeDetails.java:setOMNodeSpecificConfigs(314)) - Setting configuration key ozone.om.http-address with value of key ozone.om.http-address.omNode-2: 127.0.0.1:11616
2020-11-23 01:30:25,459 [Listener at 127.0.0.1/11608] INFO  ha.OMHANodeDetails (OMHANodeDetails.java:setOMNodeSpecificConfigs(314)) - Setting configuration key ozone.om.https-address with value of key ozone.om.https-address.omNode-2: 127.0.0.1:11617
2020-11-23 01:30:25,459 [Listener at 127.0.0.1/11608] INFO  ha.OMHANodeDetails (OMHANodeDetails.java:setOMNodeSpecificConfigs(314)) - Setting configuration key ozone.om.address with value of key ozone.om.address.omNode-2: 127.0.0.1:11614
2020-11-23 01:30:25,459 [org.apache.hadoop.util.JvmPauseMonitor$Monitor@7b9b1a46] INFO  util.JvmPauseMonitor (JvmPauseMonitor.java:run(188)) - Starting JVM pause monitor
2020-11-23 01:30:25,459 [Listener at 127.0.0.1/11608] WARN  server.ServerUtils (ServerUtils.java:getDBPath(225)) - ozone.om.db.dirs is not configured. We recommend adding this setting. Falling back to ozone.metadata.dirs instead.
2020-11-23 01:30:25,466 [Listener at 127.0.0.1/11608] WARN  server.ServerUtils (ServerUtils.java:getDBPath(225)) - ozone.om.db.dirs is not configured. We recommend adding this setting. Falling back to ozone.metadata.dirs instead.
2020-11-23 01:30:25,468 [Listener at 127.0.0.1/11608] WARN  server.ServerUtils (ServerUtils.java:getDBPath(225)) - ozone.om.db.dirs is not configured. We recommend adding this setting. Falling back to ozone.metadata.dirs instead.
2020-11-23 01:30:25,469 [Listener at 127.0.0.1/11608] INFO  codec.OmKeyInfoCodec (OmKeyInfoCodec.java:<init>(41)) - OmKeyInfoCodec ignorePipeline = true
2020-11-23 01:30:25,469 [Listener at 127.0.0.1/11608] INFO  codec.RepeatedOmKeyInfoCodec (RepeatedOmKeyInfoCodec.java:<init>(40)) - RepeatedOmKeyInfoCodec ignorePipeline = true
2020-11-23 01:30:25,528 [Listener at 127.0.0.1/11608] INFO  om.OzoneManager (OzoneManager.java:addS3GVolumeToDB(3741)) - Created Volume s3v With Owner jenkins1001 required for S3Gateway operations.
2020-11-23 01:30:25,529 [Listener at 127.0.0.1/11608] WARN  server.ServerUtils (ServerUtils.java:getDefaultRatisDirectory(237)) - Storage directory for Ratis is not configured. It is a good idea to map this to an SSD disk. Falling back to ozone.metadata.dirs
2020-11-23 01:30:25,529 [Listener at 127.0.0.1/11608] INFO  ratis.OzoneManagerRatisServer (OzoneManagerRatisServer.java:<init>(270)) - Instantiating OM Ratis server with GroupID: om-service-test1 and Raft Peers: localhost:11618, localhost:11612, localhost:11624
2020-11-23 01:30:25,529 [Listener at 127.0.0.1/11608] INFO  ratis.OzoneManagerStateMachine (OzoneManagerStateMachine.java:loadSnapshotInfoFromDB(519)) - LastAppliedIndex is set from TransactionInfo from OM DB as (t:0, i:~)
2020-11-23 01:30:25,530 [Listener at 127.0.0.1/11608] INFO  impl.RaftServerProxy (ConfUtils.java:logGet(44)) - raft.rpc.type = GRPC (default)
2020-11-23 01:30:25,530 [Listener at 127.0.0.1/11608] INFO  grpc.GrpcFactory (GrpcFactory.java:checkPooledByteBufAllocatorUseCacheForAllThreads(45)) - PERFORMANCE WARNING: useCacheForAllThreads is true that may cause Netty to create a lot garbage objects and, as a result, trigger GC.
	It is recommended to disable useCacheForAllThreads by setting -Dorg.apache.ratis.thirdparty.io.netty.allocator.useCacheForAllThreads=false in command line.
2020-11-23 01:30:25,530 [Listener at 127.0.0.1/11608] INFO  grpc.GrpcConfigKeys (ConfUtils.java:logGet(44)) - raft.grpc.server.port = 11618 (custom)
2020-11-23 01:30:25,530 [Listener at 127.0.0.1/11608] INFO  server.GrpcService (ConfUtils.java:logGet(44)) - raft.grpc.message.size.max = 33554432 (custom)
2020-11-23 01:30:25,530 [Listener at 127.0.0.1/11608] INFO  server.RaftServerConfigKeys (ConfUtils.java:logGet(44)) - raft.server.log.appender.buffer.byte-limit = 33554432 (custom)
2020-11-23 01:30:25,530 [Listener at 127.0.0.1/11608] INFO  server.GrpcService (ConfUtils.java:logGet(44)) - raft.grpc.flow.control.window = 1MB (=1048576) (default)
2020-11-23 01:30:25,530 [Listener at 127.0.0.1/11608] INFO  server.RaftServerConfigKeys (ConfUtils.java:logGet(44)) - raft.server.rpc.request.timeout = 3000ms (default)
2020-11-23 01:30:25,531 [Listener at 127.0.0.1/11608] INFO  impl.DataStreamServerImpl (ConfUtils.java:logGet(44)) - raft.datastream.type = DISABLED (default)
2020-11-23 01:30:25,532 [Listener at 127.0.0.1/11608] INFO  server.RaftServerConfigKeys (ConfUtils.java:logGet(44)) - raft.server.storage.dir = [/github/workspace/mnt/ozone/hadoop-ozone/integration-test/target/test-dir/MiniOzoneClusterImpl-9d05a325-c6bd-459e-80b5-8a813f22569b/omNode-2/ratis] (custom)
2020-11-23 01:30:25,532 [Listener at 127.0.0.1/11608] INFO  impl.RaftServerProxy (RaftServerProxy.java:addNew(93)) - omNode-2: addNew group-523986131536:[omNode-3|rpc:localhost:11624, omNode-1|rpc:localhost:11612, omNode-2|rpc:localhost:11618] returns group-523986131536:java.util.concurrent.CompletableFuture@35a2d0d[Not completed]
2020-11-23 01:30:25,532 [pool-151-thread-1] INFO  impl.RaftServerImpl (RaftServerImpl.java:<init>(121)) - omNode-2: new RaftServerImpl for group-523986131536:[omNode-3|rpc:localhost:11624, omNode-1|rpc:localhost:11612, omNode-2|rpc:localhost:11618] with OzoneManagerStateMachine:uninitialized
2020-11-23 01:30:25,532 [Listener at 127.0.0.1/11608] INFO  om.OzoneManager (OzoneManager.java:initializeRatisServer(1336)) - OzoneManager Ratis server initialized at port 11618
2020-11-23 01:30:25,532 [Listener at 127.0.0.1/11608] WARN  server.ServerUtils (ServerUtils.java:getDefaultRatisDirectory(237)) - Storage directory for Ratis is not configured. It is a good idea to map this to an SSD disk. Falling back to ozone.metadata.dirs
2020-11-23 01:30:25,533 [Listener at 127.0.0.1/11608] WARN  server.ServerUtils (ServerUtils.java:getDefaultRatisDirectory(237)) - Storage directory for Ratis is not configured. It is a good idea to map this to an SSD disk. Falling back to ozone.metadata.dirs
2020-11-23 01:30:25,533 [Listener at 127.0.0.1/11608] INFO  snapshot.OzoneManagerSnapshotProvider (OzoneManagerSnapshotProvider.java:<init>(77)) - Initializing OM Snapshot Provider
2020-11-23 01:30:25,533 [pool-151-thread-1] INFO  server.RaftServerConfigKeys (ConfUtils.java:logGet(44)) - raft.server.rpc.timeout.min = 1s (custom)
2020-11-23 01:30:25,533 [pool-151-thread-1] INFO  server.RaftServerConfigKeys (ConfUtils.java:logGet(44)) - raft.server.rpc.timeout.max = 1200ms (custom)
2020-11-23 01:30:25,533 [pool-151-thread-1] INFO  server.RaftServerConfigKeys (ConfUtils.java:logGet(44)) - raft.server.rpc.slowness.timeout = 2s (custom)
2020-11-23 01:30:25,534 [pool-151-thread-1] INFO  server.RaftServerConfigKeys (ConfUtils.java:logGet(44)) - raft.server.leaderelection.leader.step-down.wait-time = 10s (default)
2020-11-23 01:30:25,534 [pool-151-thread-1] INFO  server.RaftServerConfigKeys (ConfUtils.java:logGet(44)) - raft.server.sleep.deviation.threshold = 300 (default)
2020-11-23 01:30:25,534 [pool-151-thread-1] INFO  server.RaftServerConfigKeys (ConfUtils.java:logGet(44)) - raft.server.log.appender.install.snapshot.enabled = false (custom)
2020-11-23 01:30:25,534 [pool-151-thread-1] INFO  impl.RaftServerImpl (ServerState.java:<init>(104)) - omNode-2@group-523986131536: ConfigurationManager, init=-1: [omNode-3|rpc:localhost:11624, omNode-1|rpc:localhost:11612, omNode-2|rpc:localhost:11618], old=null, confs=<EMPTY_MAP>
2020-11-23 01:30:25,534 [pool-151-thread-1] INFO  server.RaftServerConfigKeys (ConfUtils.java:logGet(44)) - raft.server.storage.dir = [/github/workspace/mnt/ozone/hadoop-ozone/integration-test/target/test-dir/MiniOzoneClusterImpl-9d05a325-c6bd-459e-80b5-8a813f22569b/omNode-2/ratis] (custom)
2020-11-23 01:30:25,535 [pool-151-thread-1] INFO  server.RaftServerConfigKeys (ConfUtils.java:logGet(44)) - raft.server.log.corruption.policy = EXCEPTION (default)
2020-11-23 01:30:25,535 [pool-151-thread-1] INFO  storage.RaftStorageDirectory (RaftStorageDirectory.java:analyzeStorage(261)) - The storage directory /github/workspace/mnt/ozone/hadoop-ozone/integration-test/target/test-dir/MiniOzoneClusterImpl-9d05a325-c6bd-459e-80b5-8a813f22569b/omNode-2/ratis/c9bc4cf4-3bc3-3c60-a66b-523986131536 does not exist. Creating ...
2020-11-23 01:30:25,536 [Listener at 127.0.0.1/11608] INFO  ipc.CallQueueManager (CallQueueManager.java:<init>(84)) - Using callQueue: class java.util.concurrent.LinkedBlockingQueue, queueCapacity: 2000, scheduler: class org.apache.hadoop.ipc.DefaultRpcScheduler, ipcBackoff: false.
2020-11-23 01:30:25,537 [Socket Reader #1 for port 11614] INFO  ipc.Server (Server.java:run(1219)) - Starting Socket Reader #1 for port 11614
2020-11-23 01:30:25,537 [pool-151-thread-1] INFO  storage.RaftStorageDirectory (RaftStorageDirectory.java:tryLock(343)) - Lock on /github/workspace/mnt/ozone/hadoop-ozone/integration-test/target/test-dir/MiniOzoneClusterImpl-9d05a325-c6bd-459e-80b5-8a813f22569b/omNode-2/ratis/c9bc4cf4-3bc3-3c60-a66b-523986131536/in_use.lock acquired by nodename 29491@d1de218a02b0
2020-11-23 01:30:25,540 [pool-151-thread-1] INFO  storage.RaftStorage (RaftStorage.java:format(85)) - Storage directory /github/workspace/mnt/ozone/hadoop-ozone/integration-test/target/test-dir/MiniOzoneClusterImpl-9d05a325-c6bd-459e-80b5-8a813f22569b/omNode-2/ratis/c9bc4cf4-3bc3-3c60-a66b-523986131536 has been successfully formatted.
2020-11-23 01:30:25,541 [pool-151-thread-1] INFO  server.RaftServerConfigKeys (ConfUtils.java:logGet(44)) - raft.server.notification.no-leader.timeout = 2s (custom)
2020-11-23 01:30:25,541 [pool-151-thread-1] INFO  server.RaftServerConfigKeys (ConfUtils.java:logGet(44)) - raft.server.log.use.memory = false (default)
2020-11-23 01:30:25,541 [pool-151-thread-1] INFO  server.RaftServerConfigKeys (ConfUtils.java:logGet(44)) - raft.server.log.purge.gap = 50 (custom)
2020-11-23 01:30:25,541 [pool-151-thread-1] INFO  metrics.RatisMetrics (RatisMetrics.java:lambda$create$0(36)) - Creating Metrics Registry : ratis.log_worker.omNode-2@group-523986131536
2020-11-23 01:30:25,541 [pool-151-thread-1] INFO  server.RaftServerConfigKeys (ConfUtils.java:logGet(44)) - raft.server.log.appender.buffer.byte-limit = 33554432 (custom)
2020-11-23 01:30:25,542 [pool-151-thread-1] INFO  server.RaftServerConfigKeys (ConfUtils.java:logGet(44)) - raft.server.log.segment.size.max = 4194304 (custom)
2020-11-23 01:30:25,542 [pool-151-thread-1] INFO  server.RaftServerConfigKeys (ConfUtils.java:logGet(44)) - raft.server.log.segment.cache.num.max = 2 (custom)
2020-11-23 01:30:25,542 [pool-151-thread-1] INFO  segmented.SegmentedRaftLogWorker (SegmentedRaftLogWorker.java:<init>(180)) - new omNode-2@group-523986131536-SegmentedRaftLogWorker for RaftStorage:Storage Directory /github/workspace/mnt/ozone/hadoop-ozone/integration-test/target/test-dir/MiniOzoneClusterImpl-9d05a325-c6bd-459e-80b5-8a813f22569b/omNode-2/ratis/c9bc4cf4-3bc3-3c60-a66b-523986131536
2020-11-23 01:30:25,542 [pool-151-thread-1] INFO  server.RaftServerConfigKeys (ConfUtils.java:logGet(44)) - raft.server.log.queue.byte-limit = 64MB (=67108864) (default)
2020-11-23 01:30:25,542 [pool-151-thread-1] INFO  server.RaftServerConfigKeys (ConfUtils.java:logGet(44)) - raft.server.log.queue.element-limit = 4096 (default)
2020-11-23 01:30:25,542 [pool-151-thread-1] INFO  server.RaftServerConfigKeys (ConfUtils.java:logGet(44)) - raft.server.log.segment.size.max = 4194304 (custom)
2020-11-23 01:30:25,542 [pool-151-thread-1] INFO  server.RaftServerConfigKeys (ConfUtils.java:logGet(44)) - raft.server.log.preallocated.size = 4194304 (custom)
2020-11-23 01:30:25,542 [pool-151-thread-1] INFO  server.RaftServerConfigKeys (ConfUtils.java:logGet(44)) - raft.server.log.write.buffer.size = 64KB (=65536) (default)
2020-11-23 01:30:25,542 [pool-151-thread-1] INFO  server.RaftServerConfigKeys (ConfUtils.java:logGet(44)) - raft.server.log.force.sync.num = 128 (default)
2020-11-23 01:30:25,543 [pool-151-thread-1] INFO  server.RaftServerConfigKeys (ConfUtils.java:logGet(44)) - raft.server.log.statemachine.data.sync = true (default)
2020-11-23 01:30:25,543 [pool-151-thread-1] INFO  server.RaftServerConfigKeys (ConfUtils.java:logGet(44)) - raft.server.log.statemachine.data.sync.timeout = 10s (default)
2020-11-23 01:30:25,543 [pool-151-thread-1] INFO  server.RaftServerConfigKeys (ConfUtils.java:logGet(44)) - raft.server.log.statemachine.data.sync.timeout.retry = -1 (default)
2020-11-23 01:30:25,543 [pool-151-thread-1] INFO  server.RaftServerConfigKeys (ConfUtils.java:logGet(44)) - raft.server.log.statemachine.data.caching.enabled = false (default)
2020-11-23 01:30:25,544 [pool-151-thread-1] INFO  segmented.SegmentedRaftLogWorker (SegmentedRaftLogWorker.java:lambda$new$0(129)) - omNode-2@group-523986131536-SegmentedRaftLogWorker: flushIndex: setUnconditionally 0 -> -1
2020-11-23 01:30:25,544 [pool-151-thread-1] INFO  segmented.SegmentedRaftLogWorker (SegmentedRaftLogWorker.java:lambda$new$0(129)) - omNode-2@group-523986131536-SegmentedRaftLogWorker: safeCacheEvictIndex: setUnconditionally 0 -> -1
2020-11-23 01:30:25,550 [pool-151-thread-1] INFO  server.RaftServerConfigKeys (ConfUtils.java:logGet(44)) - raft.server.snapshot.auto.trigger.enabled = true (custom)
2020-11-23 01:30:25,550 [pool-151-thread-1] INFO  server.RaftServerConfigKeys (ConfUtils.java:logGet(44)) - raft.server.snapshot.auto.trigger.threshold = 50 (custom)
2020-11-23 01:30:25,550 [pool-151-thread-1] INFO  server.RaftServerConfigKeys (ConfUtils.java:logGet(44)) - raft.server.snapshot.retention.file.num = -1 (default)
2020-11-23 01:30:25,550 [pool-151-thread-1] INFO  server.RaftServerConfigKeys (ConfUtils.java:logGet(44)) - raft.server.log.purge.upto.snapshot.index = true (custom)
2020-11-23 01:30:25,550 [pool-151-thread-1] INFO  server.RaftServerConfigKeys (ConfUtils.java:logGet(44)) - raft.server.retrycache.expirytime = 600000ms (custom)
2020-11-23 01:30:25,550 [pool-151-thread-1] INFO  metrics.RatisMetrics (RatisMetrics.java:lambda$create$0(36)) - Creating Metrics Registry : ratis.leader_election.omNode-2@group-523986131536
2020-11-23 01:30:25,551 [pool-151-thread-1] INFO  metrics.RatisMetrics (RatisMetrics.java:lambda$create$0(36)) - Creating Metrics Registry : ratis.server.omNode-2@group-523986131536
2020-11-23 01:30:25,556 [Listener at 127.0.0.1/11614] INFO  impl.MetricsSystemImpl (MetricsSystemImpl.java:init(158)) - OzoneManager metrics system started (again)
2020-11-23 01:30:25,558 [Listener at 127.0.0.1/11614] INFO  om.OzoneManager (OzoneManager.java:start(1144)) - OzoneManager RPC server is listening at localhost/127.0.0.1:11614
2020-11-23 01:30:25,558 [Listener at 127.0.0.1/11614] INFO  ratis.OzoneManagerRatisServer (OzoneManagerRatisServer.java:start(381)) - Starting OzoneManagerRatisServer omNode-2 at port 11618
2020-11-23 01:30:25,558 [Listener at 127.0.0.1/11614] INFO  impl.RaftServerImpl (RaftServerImpl.java:start(215)) - omNode-2@group-523986131536: start as a follower, conf=-1: [omNode-3|rpc:localhost:11624, omNode-1|rpc:localhost:11612, omNode-2|rpc:localhost:11618], old=null
2020-11-23 01:30:25,558 [Listener at 127.0.0.1/11614] INFO  impl.RaftServerImpl (RaftServerImpl.java:setRole(204)) - omNode-2@group-523986131536: changes role from      null to FOLLOWER at term 0 for startAsFollower
2020-11-23 01:30:25,558 [Listener at 127.0.0.1/11614] INFO  impl.RoleInfo (RoleInfo.java:updateAndGet(143)) - omNode-2: start omNode-2@group-523986131536-FollowerState
2020-11-23 01:30:25,559 [Listener at 127.0.0.1/11614] INFO  util.JmxRegister (JmxRegister.java:tryRegister(44)) - Successfully registered JMX Bean with object name Ratis:service=RaftServer,group=group-523986131536,id=omNode-2
2020-11-23 01:30:25,559 [Listener at 127.0.0.1/11614] INFO  metrics.RatisMetrics (RatisMetrics.java:lambda$create$0(36)) - Creating Metrics Registry : ratis.state_machine.omNode-2@group-523986131536
2020-11-23 01:30:25,566 [Listener at 127.0.0.1/11614] INFO  impl.RaftServerProxy (RaftServerProxy.java:lambda$start$3(321)) - omNode-2: start RPC server
2020-11-23 01:30:25,567 [Listener at 127.0.0.1/11614] INFO  server.GrpcService (GrpcService.java:startImpl(177)) - omNode-2: GrpcService started, listening on 0.0.0.0/0.0.0.0:11618
2020-11-23 01:30:25,568 [org.apache.ratis.server.JvmPauseMonitor@66f5077c-Monitor] INFO  server.RaftServerConfigKeys (ConfUtils.java:logGet(44)) - raft.server.leaderelection.leader.step-down.wait-time = 10s (default)
2020-11-23 01:30:25,568 [org.apache.ratis.server.JvmPauseMonitor@66f5077c-Monitor] INFO  server.RaftServerConfigKeys (ConfUtils.java:logGet(44)) - raft.server.rpc.slowness.timeout = 2s (custom)
2020-11-23 01:30:25,568 [org.apache.ratis.server.JvmPauseMonitor@66f5077c-Monitor] INFO  server.JvmPauseMonitor (JvmPauseMonitor.java:run(129)) - Starting Ratis JVM pause monitor
2020-11-23 01:30:25,574 [Listener at 127.0.0.1/11614] INFO  http.BaseHttpServer (BaseHttpServer.java:newHttpServer2BuilderForOzone(207)) - Starting Web-server for ozoneManager at: http://0.0.0.0:11616
2020-11-23 01:30:25,574 [Listener at 127.0.0.1/11614] INFO  http.BaseHttpServer (BaseHttpServer.java:<init>(106)) - Hadoop Security Enabled: false Ozone Security Enabled: false Ozone HTTP Security Enabled: false 
2020-11-23 01:30:25,575 [Listener at 127.0.0.1/11614] INFO  server.AuthenticationFilter (AuthenticationFilter.java:constructSecretProvider(240)) - Unable to initialize FileSignerSecretProvider, falling back to use random secrets.
2020-11-23 01:30:25,582 [Listener at 127.0.0.1/11614] WARN  http.HttpRequestLog (HttpRequestLog.java:getRequestLog(103)) - Jetty request log can only be enabled using Log4j
2020-11-23 01:30:25,583 [Listener at 127.0.0.1/11614] INFO  http.HttpServer2 (HttpServer2.java:addGlobalFilter(1019)) - Added global filter 'safety' (class=org.apache.hadoop.hdds.server.http.HttpServer2$QuotingInputFilter)
2020-11-23 01:30:25,584 [Listener at 127.0.0.1/11614] INFO  http.HttpServer2 (HttpServer2.java:addFilter(995)) - Added filter static_user_filter (class=org.apache.hadoop.http.lib.StaticUserWebFilter$StaticUserFilter) to context ozoneManager
2020-11-23 01:30:25,584 [Listener at 127.0.0.1/11614] INFO  http.HttpServer2 (HttpServer2.java:addFilter(1003)) - Added filter static_user_filter (class=org.apache.hadoop.http.lib.StaticUserWebFilter$StaticUserFilter) to context logs
2020-11-23 01:30:25,584 [Listener at 127.0.0.1/11614] INFO  http.HttpServer2 (HttpServer2.java:addFilter(1003)) - Added filter static_user_filter (class=org.apache.hadoop.http.lib.StaticUserWebFilter$StaticUserFilter) to context static
2020-11-23 01:30:25,584 [Listener at 127.0.0.1/11614] INFO  http.HttpServer2 (HttpServer2.java:bindListener(1237)) - Jetty bound to port 11616
2020-11-23 01:30:25,585 [Listener at 127.0.0.1/11614] INFO  server.Server (Server.java:doStart(375)) - jetty-9.4.34.v20201102; built: 2020-11-02T14:15:39.302Z; git: e46af88704a893fc12cb0e3bf46e2c7b48a009e7; jvm 1.8.0_232-b09
2020-11-23 01:30:25,587 [Listener at 127.0.0.1/11614] INFO  server.session (DefaultSessionIdManager.java:doStart(334)) - DefaultSessionIdManager workerName=node0
2020-11-23 01:30:25,587 [Listener at 127.0.0.1/11614] INFO  server.session (DefaultSessionIdManager.java:doStart(339)) - No SessionScavenger set, using defaults
2020-11-23 01:30:25,587 [Listener at 127.0.0.1/11614] INFO  server.session (HouseKeeper.java:startScavenging(132)) - node0 Scavenging every 600000ms
2020-11-23 01:30:25,588 [Listener at 127.0.0.1/11614] INFO  handler.ContextHandler (ContextHandler.java:doStart(916)) - Started o.e.j.s.ServletContextHandler@5a8fd90f{logs,/logs,file:///github/workspace/mnt/ozone/hadoop-ozone/integration-test/target/log,AVAILABLE}
2020-11-23 01:30:25,588 [Listener at 127.0.0.1/11614] INFO  handler.ContextHandler (ContextHandler.java:doStart(916)) - Started o.e.j.s.ServletContextHandler@15513ac7{static,/static,file:///github/workspace/mnt/ozone/hadoop-ozone/integration-test/target/test-classes/webapps/static,AVAILABLE}
2020-11-23 01:30:25,592 [Listener at 127.0.0.1/11614] INFO  handler.ContextHandler (ContextHandler.java:doStart(916)) - Started o.e.j.w.WebAppContext@51b1da2c{ozoneManager,/,file:///github/workspace/mnt/ozone/hadoop-ozone/integration-test/target/test-classes/webapps/ozoneManager/,AVAILABLE}{file:/github/workspace/mnt/ozone/hadoop-ozone/integration-test/target/test-classes/webapps/ozoneManager}
2020-11-23 01:30:25,593 [Listener at 127.0.0.1/11614] INFO  server.AbstractConnector (AbstractConnector.java:doStart(331)) - Started ServerConnector@4397fab4{HTTP/1.1, (http/1.1)}{0.0.0.0:11616}
2020-11-23 01:30:25,593 [Listener at 127.0.0.1/11614] INFO  server.Server (Server.java:doStart(415)) - Started @31827ms
2020-11-23 01:30:25,593 [Listener at 127.0.0.1/11614] WARN  impl.MetricsSystemImpl (MetricsSystemImpl.java:register(276)) - Sink prometheus already exists!
2020-11-23 01:30:25,598 [Listener at 127.0.0.1/11614] INFO  http.BaseHttpServer (BaseHttpServer.java:updateConnectorAddress(327)) - HTTP server of ozoneManager listening at http://0.0.0.0:11616
2020-11-23 01:30:25,598 [IPC Server Responder] INFO  ipc.Server (Server.java:run(1460)) - IPC Server Responder: starting
2020-11-23 01:30:25,602 [IPC Server listener on 11614] INFO  ipc.Server (Server.java:run(1298)) - IPC Server listener on 11614: starting
2020-11-23 01:30:25,612 [Listener at 127.0.0.1/11614] INFO  om.OzoneManager (OzoneManager.java:startTrashEmptier(1269)) - Trash Interval set to 0. Files deleted will not move to trash
2020-11-23 01:30:25,613 [Listener at 127.0.0.1/11614] INFO  ozone.MiniOzoneHAClusterImpl (MiniOzoneHAClusterImpl.java:createOMService(380)) - Started OzoneManager RPC server at localhost/127.0.0.1:11614
2020-11-23 01:30:25,613 [org.apache.hadoop.util.JvmPauseMonitor$Monitor@221462f9] INFO  util.JvmPauseMonitor (JvmPauseMonitor.java:run(188)) - Starting JVM pause monitor
2020-11-23 01:30:25,613 [Listener at 127.0.0.1/11614] WARN  server.ServerUtils (ServerUtils.java:getDBPath(225)) - ozone.om.db.dirs is not configured. We recommend adding this setting. Falling back to ozone.metadata.dirs instead.
2020-11-23 01:30:25,615 [Listener at 127.0.0.1/11614] INFO  ha.OMHANodeDetails (OMHANodeDetails.java:loadOMHAConfig(110)) - ServiceID for OzoneManager is om-service-test1
2020-11-23 01:30:25,615 [Listener at 127.0.0.1/11614] INFO  ha.OMHANodeDetails (OMHANodeDetails.java:loadOMHAConfig(188)) - Found matching OM address with OMServiceId: om-service-test1, OMNodeId: omNode-3, RPC Address: localhost:11620 and Ratis port: 11624
2020-11-23 01:30:25,616 [Listener at 127.0.0.1/11614] INFO  ha.OMHANodeDetails (OMHANodeDetails.java:setOMNodeSpecificConfigs(314)) - Setting configuration key ozone.om.http-address with value of key ozone.om.http-address.omNode-3: 127.0.0.1:11622
2020-11-23 01:30:25,616 [Listener at 127.0.0.1/11614] INFO  ha.OMHANodeDetails (OMHANodeDetails.java:setOMNodeSpecificConfigs(314)) - Setting configuration key ozone.om.https-address with value of key ozone.om.https-address.omNode-3: 127.0.0.1:11623
2020-11-23 01:30:25,616 [Listener at 127.0.0.1/11614] INFO  ha.OMHANodeDetails (OMHANodeDetails.java:setOMNodeSpecificConfigs(314)) - Setting configuration key ozone.om.address with value of key ozone.om.address.omNode-3: 127.0.0.1:11620
2020-11-23 01:30:25,616 [Listener at 127.0.0.1/11614] WARN  server.ServerUtils (ServerUtils.java:getDBPath(225)) - ozone.om.db.dirs is not configured. We recommend adding this setting. Falling back to ozone.metadata.dirs instead.
2020-11-23 01:30:25,616 [Listener at 127.0.0.1/11614] WARN  server.ServerUtils (ServerUtils.java:getDBPath(225)) - ozone.om.db.dirs is not configured. We recommend adding this setting. Falling back to ozone.metadata.dirs instead.
2020-11-23 01:30:25,618 [Listener at 127.0.0.1/11614] WARN  server.ServerUtils (ServerUtils.java:getDBPath(225)) - ozone.om.db.dirs is not configured. We recommend adding this setting. Falling back to ozone.metadata.dirs instead.
2020-11-23 01:30:25,619 [Listener at 127.0.0.1/11614] INFO  codec.OmKeyInfoCodec (OmKeyInfoCodec.java:<init>(41)) - OmKeyInfoCodec ignorePipeline = true
2020-11-23 01:30:25,619 [Listener at 127.0.0.1/11614] INFO  codec.RepeatedOmKeyInfoCodec (RepeatedOmKeyInfoCodec.java:<init>(40)) - RepeatedOmKeyInfoCodec ignorePipeline = true
2020-11-23 01:30:25,675 [Listener at 127.0.0.1/11614] INFO  om.OzoneManager (OzoneManager.java:addS3GVolumeToDB(3741)) - Created Volume s3v With Owner jenkins1001 required for S3Gateway operations.
2020-11-23 01:30:25,676 [Listener at 127.0.0.1/11614] WARN  server.ServerUtils (ServerUtils.java:getDefaultRatisDirectory(237)) - Storage directory for Ratis is not configured. It is a good idea to map this to an SSD disk. Falling back to ozone.metadata.dirs
2020-11-23 01:30:25,676 [Listener at 127.0.0.1/11614] INFO  ratis.OzoneManagerRatisServer (OzoneManagerRatisServer.java:<init>(270)) - Instantiating OM Ratis server with GroupID: om-service-test1 and Raft Peers: localhost:11624, localhost:11612, localhost:11618
2020-11-23 01:30:25,676 [Listener at 127.0.0.1/11614] INFO  ratis.OzoneManagerStateMachine (OzoneManagerStateMachine.java:loadSnapshotInfoFromDB(519)) - LastAppliedIndex is set from TransactionInfo from OM DB as (t:0, i:~)
2020-11-23 01:30:25,677 [Listener at 127.0.0.1/11614] INFO  impl.RaftServerProxy (ConfUtils.java:logGet(44)) - raft.rpc.type = GRPC (default)
2020-11-23 01:30:25,677 [Listener at 127.0.0.1/11614] INFO  grpc.GrpcFactory (GrpcFactory.java:checkPooledByteBufAllocatorUseCacheForAllThreads(45)) - PERFORMANCE WARNING: useCacheForAllThreads is true that may cause Netty to create a lot garbage objects and, as a result, trigger GC.
	It is recommended to disable useCacheForAllThreads by setting -Dorg.apache.ratis.thirdparty.io.netty.allocator.useCacheForAllThreads=false in command line.
2020-11-23 01:30:25,677 [Listener at 127.0.0.1/11614] INFO  grpc.GrpcConfigKeys (ConfUtils.java:logGet(44)) - raft.grpc.server.port = 11624 (custom)
2020-11-23 01:30:25,677 [Listener at 127.0.0.1/11614] INFO  server.GrpcService (ConfUtils.java:logGet(44)) - raft.grpc.message.size.max = 33554432 (custom)
2020-11-23 01:30:25,677 [Listener at 127.0.0.1/11614] INFO  server.RaftServerConfigKeys (ConfUtils.java:logGet(44)) - raft.server.log.appender.buffer.byte-limit = 33554432 (custom)
2020-11-23 01:30:25,677 [Listener at 127.0.0.1/11614] INFO  server.GrpcService (ConfUtils.java:logGet(44)) - raft.grpc.flow.control.window = 1MB (=1048576) (default)
2020-11-23 01:30:25,677 [Listener at 127.0.0.1/11614] INFO  server.RaftServerConfigKeys (ConfUtils.java:logGet(44)) - raft.server.rpc.request.timeout = 3000ms (default)
2020-11-23 01:30:25,678 [Listener at 127.0.0.1/11614] INFO  impl.DataStreamServerImpl (ConfUtils.java:logGet(44)) - raft.datastream.type = DISABLED (default)
2020-11-23 01:30:25,678 [Listener at 127.0.0.1/11614] INFO  server.RaftServerConfigKeys (ConfUtils.java:logGet(44)) - raft.server.storage.dir = [/github/workspace/mnt/ozone/hadoop-ozone/integration-test/target/test-dir/MiniOzoneClusterImpl-9d05a325-c6bd-459e-80b5-8a813f22569b/omNode-3/ratis] (custom)
2020-11-23 01:30:25,679 [Listener at 127.0.0.1/11614] INFO  impl.RaftServerProxy (RaftServerProxy.java:addNew(93)) - omNode-3: addNew group-523986131536:[omNode-3|rpc:localhost:11624, omNode-1|rpc:localhost:11612, omNode-2|rpc:localhost:11618] returns group-523986131536:java.util.concurrent.CompletableFuture@3be073a5[Not completed]
2020-11-23 01:30:25,679 [pool-167-thread-1] INFO  impl.RaftServerImpl (RaftServerImpl.java:<init>(121)) - omNode-3: new RaftServerImpl for group-523986131536:[omNode-3|rpc:localhost:11624, omNode-1|rpc:localhost:11612, omNode-2|rpc:localhost:11618] with OzoneManagerStateMachine:uninitialized
2020-11-23 01:30:25,679 [Listener at 127.0.0.1/11614] INFO  om.OzoneManager (OzoneManager.java:initializeRatisServer(1336)) - OzoneManager Ratis server initialized at port 11624
2020-11-23 01:30:25,679 [Listener at 127.0.0.1/11614] WARN  server.ServerUtils (ServerUtils.java:getDefaultRatisDirectory(237)) - Storage directory for Ratis is not configured. It is a good idea to map this to an SSD disk. Falling back to ozone.metadata.dirs
2020-11-23 01:30:25,680 [pool-167-thread-1] INFO  server.RaftServerConfigKeys (ConfUtils.java:logGet(44)) - raft.server.rpc.timeout.min = 1s (custom)
2020-11-23 01:30:25,680 [pool-167-thread-1] INFO  server.RaftServerConfigKeys (ConfUtils.java:logGet(44)) - raft.server.rpc.timeout.max = 1200ms (custom)
2020-11-23 01:30:25,680 [pool-167-thread-1] INFO  server.RaftServerConfigKeys (ConfUtils.java:logGet(44)) - raft.server.rpc.slowness.timeout = 2s (custom)
2020-11-23 01:30:25,680 [pool-167-thread-1] INFO  server.RaftServerConfigKeys (ConfUtils.java:logGet(44)) - raft.server.leaderelection.leader.step-down.wait-time = 10s (default)
2020-11-23 01:30:25,680 [pool-167-thread-1] INFO  server.RaftServerConfigKeys (ConfUtils.java:logGet(44)) - raft.server.sleep.deviation.threshold = 300 (default)
2020-11-23 01:30:25,680 [pool-167-thread-1] INFO  server.RaftServerConfigKeys (ConfUtils.java:logGet(44)) - raft.server.log.appender.install.snapshot.enabled = false (custom)
2020-11-23 01:30:25,681 [pool-167-thread-1] INFO  impl.RaftServerImpl (ServerState.java:<init>(104)) - omNode-3@group-523986131536: ConfigurationManager, init=-1: [omNode-3|rpc:localhost:11624, omNode-1|rpc:localhost:11612, omNode-2|rpc:localhost:11618], old=null, confs=<EMPTY_MAP>
2020-11-23 01:30:25,681 [pool-167-thread-1] INFO  server.RaftServerConfigKeys (ConfUtils.java:logGet(44)) - raft.server.storage.dir = [/github/workspace/mnt/ozone/hadoop-ozone/integration-test/target/test-dir/MiniOzoneClusterImpl-9d05a325-c6bd-459e-80b5-8a813f22569b/omNode-3/ratis] (custom)
2020-11-23 01:30:25,681 [pool-167-thread-1] INFO  server.RaftServerConfigKeys (ConfUtils.java:logGet(44)) - raft.server.log.corruption.policy = EXCEPTION (default)
2020-11-23 01:30:25,681 [pool-167-thread-1] INFO  storage.RaftStorageDirectory (RaftStorageDirectory.java:analyzeStorage(261)) - The storage directory /github/workspace/mnt/ozone/hadoop-ozone/integration-test/target/test-dir/MiniOzoneClusterImpl-9d05a325-c6bd-459e-80b5-8a813f22569b/omNode-3/ratis/c9bc4cf4-3bc3-3c60-a66b-523986131536 does not exist. Creating ...
2020-11-23 01:30:25,682 [Listener at 127.0.0.1/11614] WARN  server.ServerUtils (ServerUtils.java:getDefaultRatisDirectory(237)) - Storage directory for Ratis is not configured. It is a good idea to map this to an SSD disk. Falling back to ozone.metadata.dirs
2020-11-23 01:30:25,682 [Listener at 127.0.0.1/11614] INFO  snapshot.OzoneManagerSnapshotProvider (OzoneManagerSnapshotProvider.java:<init>(77)) - Initializing OM Snapshot Provider
2020-11-23 01:30:25,684 [Listener at 127.0.0.1/11614] INFO  ipc.CallQueueManager (CallQueueManager.java:<init>(84)) - Using callQueue: class java.util.concurrent.LinkedBlockingQueue, queueCapacity: 2000, scheduler: class org.apache.hadoop.ipc.DefaultRpcScheduler, ipcBackoff: false.
2020-11-23 01:30:25,684 [Socket Reader #1 for port 11620] INFO  ipc.Server (Server.java:run(1219)) - Starting Socket Reader #1 for port 11620
2020-11-23 01:30:25,690 [pool-167-thread-1] INFO  storage.RaftStorageDirectory (RaftStorageDirectory.java:tryLock(343)) - Lock on /github/workspace/mnt/ozone/hadoop-ozone/integration-test/target/test-dir/MiniOzoneClusterImpl-9d05a325-c6bd-459e-80b5-8a813f22569b/omNode-3/ratis/c9bc4cf4-3bc3-3c60-a66b-523986131536/in_use.lock acquired by nodename 29491@d1de218a02b0
2020-11-23 01:30:25,692 [pool-167-thread-1] INFO  storage.RaftStorage (RaftStorage.java:format(85)) - Storage directory /github/workspace/mnt/ozone/hadoop-ozone/integration-test/target/test-dir/MiniOzoneClusterImpl-9d05a325-c6bd-459e-80b5-8a813f22569b/omNode-3/ratis/c9bc4cf4-3bc3-3c60-a66b-523986131536 has been successfully formatted.
2020-11-23 01:30:25,692 [pool-167-thread-1] INFO  server.RaftServerConfigKeys (ConfUtils.java:logGet(44)) - raft.server.notification.no-leader.timeout = 2s (custom)
2020-11-23 01:30:25,692 [pool-167-thread-1] INFO  server.RaftServerConfigKeys (ConfUtils.java:logGet(44)) - raft.server.log.use.memory = false (default)
2020-11-23 01:30:25,692 [pool-167-thread-1] INFO  server.RaftServerConfigKeys (ConfUtils.java:logGet(44)) - raft.server.log.purge.gap = 50 (custom)
2020-11-23 01:30:25,692 [pool-167-thread-1] INFO  metrics.RatisMetrics (RatisMetrics.java:lambda$create$0(36)) - Creating Metrics Registry : ratis.log_worker.omNode-3@group-523986131536
2020-11-23 01:30:25,692 [pool-167-thread-1] INFO  server.RaftServerConfigKeys (ConfUtils.java:logGet(44)) - raft.server.log.appender.buffer.byte-limit = 33554432 (custom)
2020-11-23 01:30:25,692 [pool-167-thread-1] INFO  server.RaftServerConfigKeys (ConfUtils.java:logGet(44)) - raft.server.log.segment.size.max = 4194304 (custom)
2020-11-23 01:30:25,693 [pool-167-thread-1] INFO  server.RaftServerConfigKeys (ConfUtils.java:logGet(44)) - raft.server.log.segment.cache.num.max = 2 (custom)
2020-11-23 01:30:25,693 [pool-167-thread-1] INFO  segmented.SegmentedRaftLogWorker (SegmentedRaftLogWorker.java:<init>(180)) - new omNode-3@group-523986131536-SegmentedRaftLogWorker for RaftStorage:Storage Directory /github/workspace/mnt/ozone/hadoop-ozone/integration-test/target/test-dir/MiniOzoneClusterImpl-9d05a325-c6bd-459e-80b5-8a813f22569b/omNode-3/ratis/c9bc4cf4-3bc3-3c60-a66b-523986131536
2020-11-23 01:30:25,693 [pool-167-thread-1] INFO  server.RaftServerConfigKeys (ConfUtils.java:logGet(44)) - raft.server.log.queue.byte-limit = 64MB (=67108864) (default)
2020-11-23 01:30:25,693 [pool-167-thread-1] INFO  server.RaftServerConfigKeys (ConfUtils.java:logGet(44)) - raft.server.log.queue.element-limit = 4096 (default)
2020-11-23 01:30:25,693 [pool-167-thread-1] INFO  server.RaftServerConfigKeys (ConfUtils.java:logGet(44)) - raft.server.log.segment.size.max = 4194304 (custom)
2020-11-23 01:30:25,693 [pool-167-thread-1] INFO  server.RaftServerConfigKeys (ConfUtils.java:logGet(44)) - raft.server.log.preallocated.size = 4194304 (custom)
2020-11-23 01:30:25,693 [pool-167-thread-1] INFO  server.RaftServerConfigKeys (ConfUtils.java:logGet(44)) - raft.server.log.write.buffer.size = 64KB (=65536) (default)
2020-11-23 01:30:25,693 [pool-167-thread-1] INFO  server.RaftServerConfigKeys (ConfUtils.java:logGet(44)) - raft.server.log.force.sync.num = 128 (default)
2020-11-23 01:30:25,693 [pool-167-thread-1] INFO  server.RaftServerConfigKeys (ConfUtils.java:logGet(44)) - raft.server.log.statemachine.data.sync = true (default)
2020-11-23 01:30:25,693 [pool-167-thread-1] INFO  server.RaftServerConfigKeys (ConfUtils.java:logGet(44)) - raft.server.log.statemachine.data.sync.timeout = 10s (default)
2020-11-23 01:30:25,693 [pool-167-thread-1] INFO  server.RaftServerConfigKeys (ConfUtils.java:logGet(44)) - raft.server.log.statemachine.data.sync.timeout.retry = -1 (default)
2020-11-23 01:30:25,694 [pool-167-thread-1] INFO  server.RaftServerConfigKeys (ConfUtils.java:logGet(44)) - raft.server.log.statemachine.data.caching.enabled = false (default)
2020-11-23 01:30:25,695 [pool-167-thread-1] INFO  segmented.SegmentedRaftLogWorker (SegmentedRaftLogWorker.java:lambda$new$0(129)) - omNode-3@group-523986131536-SegmentedRaftLogWorker: flushIndex: setUnconditionally 0 -> -1
2020-11-23 01:30:25,695 [pool-167-thread-1] INFO  segmented.SegmentedRaftLogWorker (SegmentedRaftLogWorker.java:lambda$new$0(129)) - omNode-3@group-523986131536-SegmentedRaftLogWorker: safeCacheEvictIndex: setUnconditionally 0 -> -1
2020-11-23 01:30:25,703 [Listener at 127.0.0.1/11620] INFO  impl.MetricsSystemImpl (MetricsSystemImpl.java:init(158)) - OzoneManager metrics system started (again)
2020-11-23 01:30:25,704 [pool-167-thread-1] INFO  server.RaftServerConfigKeys (ConfUtils.java:logGet(44)) - raft.server.snapshot.auto.trigger.enabled = true (custom)
2020-11-23 01:30:25,704 [pool-167-thread-1] INFO  server.RaftServerConfigKeys (ConfUtils.java:logGet(44)) - raft.server.snapshot.auto.trigger.threshold = 50 (custom)
2020-11-23 01:30:25,704 [pool-167-thread-1] INFO  server.RaftServerConfigKeys (ConfUtils.java:logGet(44)) - raft.server.snapshot.retention.file.num = -1 (default)
2020-11-23 01:30:25,704 [pool-167-thread-1] INFO  server.RaftServerConfigKeys (ConfUtils.java:logGet(44)) - raft.server.log.purge.upto.snapshot.index = true (custom)
2020-11-23 01:30:25,705 [pool-167-thread-1] INFO  server.RaftServerConfigKeys (ConfUtils.java:logGet(44)) - raft.server.retrycache.expirytime = 600000ms (custom)
2020-11-23 01:30:25,705 [pool-167-thread-1] INFO  metrics.RatisMetrics (RatisMetrics.java:lambda$create$0(36)) - Creating Metrics Registry : ratis.leader_election.omNode-3@group-523986131536
2020-11-23 01:30:25,705 [Listener at 127.0.0.1/11620] INFO  om.OzoneManager (OzoneManager.java:start(1144)) - OzoneManager RPC server is listening at localhost/127.0.0.1:11620
2020-11-23 01:30:25,705 [Listener at 127.0.0.1/11620] INFO  ratis.OzoneManagerRatisServer (OzoneManagerRatisServer.java:start(381)) - Starting OzoneManagerRatisServer omNode-3 at port 11624
2020-11-23 01:30:25,705 [pool-167-thread-1] INFO  metrics.RatisMetrics (RatisMetrics.java:lambda$create$0(36)) - Creating Metrics Registry : ratis.server.omNode-3@group-523986131536
2020-11-23 01:30:25,707 [Listener at 127.0.0.1/11620] INFO  impl.RaftServerImpl (RaftServerImpl.java:start(215)) - omNode-3@group-523986131536: start as a follower, conf=-1: [omNode-3|rpc:localhost:11624, omNode-1|rpc:localhost:11612, omNode-2|rpc:localhost:11618], old=null
2020-11-23 01:30:25,707 [Listener at 127.0.0.1/11620] INFO  impl.RaftServerImpl (RaftServerImpl.java:setRole(204)) - omNode-3@group-523986131536: changes role from      null to FOLLOWER at term 0 for startAsFollower
2020-11-23 01:30:25,707 [Listener at 127.0.0.1/11620] INFO  impl.RoleInfo (RoleInfo.java:updateAndGet(143)) - omNode-3: start omNode-3@group-523986131536-FollowerState
2020-11-23 01:30:25,707 [Listener at 127.0.0.1/11620] INFO  util.JmxRegister (JmxRegister.java:tryRegister(44)) - Successfully registered JMX Bean with object name Ratis:service=RaftServer,group=group-523986131536,id=omNode-3
2020-11-23 01:30:25,708 [Listener at 127.0.0.1/11620] INFO  metrics.RatisMetrics (RatisMetrics.java:lambda$create$0(36)) - Creating Metrics Registry : ratis.state_machine.omNode-3@group-523986131536
2020-11-23 01:30:25,709 [Listener at 127.0.0.1/11620] INFO  impl.RaftServerProxy (RaftServerProxy.java:lambda$start$3(321)) - omNode-3: start RPC server
2020-11-23 01:30:25,709 [Listener at 127.0.0.1/11620] INFO  server.GrpcService (GrpcService.java:startImpl(177)) - omNode-3: GrpcService started, listening on 0.0.0.0/0.0.0.0:11624
2020-11-23 01:30:25,710 [org.apache.ratis.server.JvmPauseMonitor@7f1d9f85-Monitor] INFO  server.RaftServerConfigKeys (ConfUtils.java:logGet(44)) - raft.server.leaderelection.leader.step-down.wait-time = 10s (default)
2020-11-23 01:30:25,710 [org.apache.ratis.server.JvmPauseMonitor@7f1d9f85-Monitor] INFO  server.RaftServerConfigKeys (ConfUtils.java:logGet(44)) - raft.server.rpc.slowness.timeout = 2s (custom)
2020-11-23 01:30:25,710 [org.apache.ratis.server.JvmPauseMonitor@7f1d9f85-Monitor] INFO  server.JvmPauseMonitor (JvmPauseMonitor.java:run(129)) - Starting Ratis JVM pause monitor
2020-11-23 01:30:25,716 [Listener at 127.0.0.1/11620] INFO  http.BaseHttpServer (BaseHttpServer.java:newHttpServer2BuilderForOzone(207)) - Starting Web-server for ozoneManager at: http://0.0.0.0:11622
2020-11-23 01:30:25,716 [Listener at 127.0.0.1/11620] INFO  http.BaseHttpServer (BaseHttpServer.java:<init>(106)) - Hadoop Security Enabled: false Ozone Security Enabled: false Ozone HTTP Security Enabled: false 
2020-11-23 01:30:25,717 [Listener at 127.0.0.1/11620] INFO  server.AuthenticationFilter (AuthenticationFilter.java:constructSecretProvider(240)) - Unable to initialize FileSignerSecretProvider, falling back to use random secrets.
2020-11-23 01:30:25,717 [Listener at 127.0.0.1/11620] WARN  http.HttpRequestLog (HttpRequestLog.java:getRequestLog(103)) - Jetty request log can only be enabled using Log4j
2020-11-23 01:30:25,718 [Listener at 127.0.0.1/11620] INFO  http.HttpServer2 (HttpServer2.java:addGlobalFilter(1019)) - Added global filter 'safety' (class=org.apache.hadoop.hdds.server.http.HttpServer2$QuotingInputFilter)
2020-11-23 01:30:25,719 [Listener at 127.0.0.1/11620] INFO  http.HttpServer2 (HttpServer2.java:addFilter(995)) - Added filter static_user_filter (class=org.apache.hadoop.http.lib.StaticUserWebFilter$StaticUserFilter) to context ozoneManager
2020-11-23 01:30:25,719 [Listener at 127.0.0.1/11620] INFO  http.HttpServer2 (HttpServer2.java:addFilter(1003)) - Added filter static_user_filter (class=org.apache.hadoop.http.lib.StaticUserWebFilter$StaticUserFilter) to context logs
2020-11-23 01:30:25,719 [Listener at 127.0.0.1/11620] INFO  http.HttpServer2 (HttpServer2.java:addFilter(1003)) - Added filter static_user_filter (class=org.apache.hadoop.http.lib.StaticUserWebFilter$StaticUserFilter) to context static
2020-11-23 01:30:25,720 [Listener at 127.0.0.1/11620] INFO  http.HttpServer2 (HttpServer2.java:bindListener(1237)) - Jetty bound to port 11622
2020-11-23 01:30:25,720 [Listener at 127.0.0.1/11620] INFO  server.Server (Server.java:doStart(375)) - jetty-9.4.34.v20201102; built: 2020-11-02T14:15:39.302Z; git: e46af88704a893fc12cb0e3bf46e2c7b48a009e7; jvm 1.8.0_232-b09
2020-11-23 01:30:25,721 [Listener at 127.0.0.1/11620] INFO  server.session (DefaultSessionIdManager.java:doStart(334)) - DefaultSessionIdManager workerName=node0
2020-11-23 01:30:25,722 [Listener at 127.0.0.1/11620] INFO  server.session (DefaultSessionIdManager.java:doStart(339)) - No SessionScavenger set, using defaults
2020-11-23 01:30:25,723 [Listener at 127.0.0.1/11620] INFO  server.session (HouseKeeper.java:startScavenging(132)) - node0 Scavenging every 660000ms
2020-11-23 01:30:25,726 [Listener at 127.0.0.1/11620] INFO  handler.ContextHandler (ContextHandler.java:doStart(916)) - Started o.e.j.s.ServletContextHandler@5f4bcade{logs,/logs,file:///github/workspace/mnt/ozone/hadoop-ozone/integration-test/target/log,AVAILABLE}
2020-11-23 01:30:25,727 [Listener at 127.0.0.1/11620] INFO  handler.ContextHandler (ContextHandler.java:doStart(916)) - Started o.e.j.s.ServletContextHandler@5ed0f125{static,/static,file:///github/workspace/mnt/ozone/hadoop-ozone/integration-test/target/test-classes/webapps/static,AVAILABLE}
2020-11-23 01:30:25,730 [Listener at 127.0.0.1/11620] INFO  handler.ContextHandler (ContextHandler.java:doStart(916)) - Started o.e.j.w.WebAppContext@7bf7dda0{ozoneManager,/,file:///github/workspace/mnt/ozone/hadoop-ozone/integration-test/target/test-classes/webapps/ozoneManager/,AVAILABLE}{file:/github/workspace/mnt/ozone/hadoop-ozone/integration-test/target/test-classes/webapps/ozoneManager}
2020-11-23 01:30:25,733 [Listener at 127.0.0.1/11620] INFO  server.AbstractConnector (AbstractConnector.java:doStart(331)) - Started ServerConnector@276cc08d{HTTP/1.1, (http/1.1)}{0.0.0.0:11622}
2020-11-23 01:30:25,733 [Listener at 127.0.0.1/11620] INFO  server.Server (Server.java:doStart(415)) - Started @31967ms
2020-11-23 01:30:25,733 [Listener at 127.0.0.1/11620] WARN  impl.MetricsSystemImpl (MetricsSystemImpl.java:register(276)) - Sink prometheus already exists!
2020-11-23 01:30:25,743 [Listener at 127.0.0.1/11620] INFO  http.BaseHttpServer (BaseHttpServer.java:updateConnectorAddress(327)) - HTTP server of ozoneManager listening at http://0.0.0.0:11622
2020-11-23 01:30:25,744 [IPC Server Responder] INFO  ipc.Server (Server.java:run(1460)) - IPC Server Responder: starting
2020-11-23 01:30:25,744 [IPC Server listener on 11620] INFO  ipc.Server (Server.java:run(1298)) - IPC Server listener on 11620: starting
2020-11-23 01:30:25,752 [Listener at 127.0.0.1/11620] INFO  om.OzoneManager (OzoneManager.java:startTrashEmptier(1269)) - Trash Interval set to 0. Files deleted will not move to trash
2020-11-23 01:30:25,753 [Listener at 127.0.0.1/11620] INFO  ozone.MiniOzoneHAClusterImpl (MiniOzoneHAClusterImpl.java:createOMService(380)) - Started OzoneManager RPC server at localhost/127.0.0.1:11620
2020-11-23 01:30:25,753 [org.apache.hadoop.util.JvmPauseMonitor$Monitor@1d3c8985] INFO  util.JvmPauseMonitor (JvmPauseMonitor.java:run(188)) - Starting JVM pause monitor
2020-11-23 01:30:25,766 [Listener at 127.0.0.1/11620] INFO  impl.MetricsSystemImpl (MetricsSystemImpl.java:init(158)) - HddsDatanode metrics system started (again)
2020-11-23 01:30:25,768 [Listener at 127.0.0.1/11620] INFO  ozone.HddsDatanodeService (HddsDatanodeService.java:start(217)) - HddsDatanodeService host:d1de218a02b0 ip:172.17.0.2
2020-11-23 01:30:25,777 [Listener at 127.0.0.1/11620] INFO  volume.HddsVolume (HddsVolume.java:<init>(176)) - Creating Volume: /github/workspace/mnt/ozone/hadoop-ozone/integration-test/target/test-dir/MiniOzoneClusterImpl-9d05a325-c6bd-459e-80b5-8a813f22569b/datanode-0/data-0/containers/hdds of storage type : DISK and capacity : 9223372036854775807
2020-11-23 01:30:25,778 [Listener at 127.0.0.1/11620] INFO  volume.MutableVolumeSet (MutableVolumeSet.java:initializeVolumeSet(179)) - Added Volume : /github/workspace/mnt/ozone/hadoop-ozone/integration-test/target/test-dir/MiniOzoneClusterImpl-9d05a325-c6bd-459e-80b5-8a813f22569b/datanode-0/data-0/containers/hdds to VolumeSet
2020-11-23 01:30:25,778 [Listener at 127.0.0.1/11620] INFO  volume.ThrottledAsyncChecker (ThrottledAsyncChecker.java:schedule(141)) - Scheduling a check for /github/workspace/mnt/ozone/hadoop-ozone/integration-test/target/test-dir/MiniOzoneClusterImpl-9d05a325-c6bd-459e-80b5-8a813f22569b/datanode-0/data-0/containers/hdds
2020-11-23 01:30:25,782 [Listener at 127.0.0.1/11620] INFO  volume.HddsVolumeChecker (HddsVolumeChecker.java:checkAllVolumes(200)) - Scheduled health check for volume /github/workspace/mnt/ozone/hadoop-ozone/integration-test/target/test-dir/MiniOzoneClusterImpl-9d05a325-c6bd-459e-80b5-8a813f22569b/datanode-0/data-0/containers/hdds
2020-11-23 01:30:25,796 [Thread-623] INFO  ozoneimpl.ContainerReader (ContainerReader.java:readVolume(123)) - Start to verify containers on volume /github/workspace/mnt/ozone/hadoop-ozone/integration-test/target/test-dir/MiniOzoneClusterImpl-9d05a325-c6bd-459e-80b5-8a813f22569b/datanode-0/data-0/containers/hdds
2020-11-23 01:30:25,796 [Thread-623] INFO  ozoneimpl.ContainerReader (ContainerReader.java:readVolume(148)) - Finish verifying containers on volume /github/workspace/mnt/ozone/hadoop-ozone/integration-test/target/test-dir/MiniOzoneClusterImpl-9d05a325-c6bd-459e-80b5-8a813f22569b/datanode-0/data-0/containers/hdds
2020-11-23 01:30:25,796 [Listener at 127.0.0.1/11620] INFO  ozoneimpl.OzoneContainer (OzoneContainer.java:buildContainerSet(194)) - Build ContainerSet costs 0s
2020-11-23 01:30:25,798 [Listener at 127.0.0.1/11620] INFO  impl.RaftServerProxy (ConfUtils.java:logGet(44)) - raft.rpc.type = GRPC (default)
2020-11-23 01:30:25,798 [Listener at 127.0.0.1/11620] INFO  grpc.GrpcFactory (GrpcFactory.java:checkPooledByteBufAllocatorUseCacheForAllThreads(45)) - PERFORMANCE WARNING: useCacheForAllThreads is true that may cause Netty to create a lot garbage objects and, as a result, trigger GC.
	It is recommended to disable useCacheForAllThreads by setting -Dorg.apache.ratis.thirdparty.io.netty.allocator.useCacheForAllThreads=false in command line.
2020-11-23 01:30:25,798 [Listener at 127.0.0.1/11620] INFO  grpc.GrpcConfigKeys (ConfUtils.java:logGet(44)) - raft.grpc.server.port = 0 (default)
2020-11-23 01:30:25,798 [Listener at 127.0.0.1/11620] INFO  server.GrpcService (ConfUtils.java:logGet(44)) - raft.grpc.message.size.max = 32MB (=33554432) (custom)
2020-11-23 01:30:25,798 [Listener at 127.0.0.1/11620] INFO  server.RaftServerConfigKeys (ConfUtils.java:logGet(44)) - raft.server.log.appender.buffer.byte-limit = 33554432 (custom)
2020-11-23 01:30:25,799 [Listener at 127.0.0.1/11620] INFO  server.GrpcService (ConfUtils.java:logGet(44)) - raft.grpc.flow.control.window = 5MB (=5242880) (custom)
2020-11-23 01:30:25,799 [Listener at 127.0.0.1/11620] INFO  server.RaftServerConfigKeys (ConfUtils.java:logGet(44)) - raft.server.rpc.request.timeout = 60s (custom)
2020-11-23 01:30:25,799 [Listener at 127.0.0.1/11620] INFO  impl.DataStreamServerImpl (ConfUtils.java:logGet(44)) - raft.datastream.type = DISABLED (default)
2020-11-23 01:30:25,800 [Listener at 127.0.0.1/11620] INFO  server.RaftServerConfigKeys (ConfUtils.java:logGet(44)) - raft.server.storage.dir = [/github/workspace/mnt/ozone/hadoop-ozone/integration-test/target/test-dir/MiniOzoneClusterImpl-9d05a325-c6bd-459e-80b5-8a813f22569b/datanode-0/data/ratis] (custom)
2020-11-23 01:30:25,806 [Listener at 127.0.0.1/11620] INFO  http.BaseHttpServer (BaseHttpServer.java:newHttpServer2BuilderForOzone(207)) - Starting Web-server for hddsDatanode at: http://0.0.0.0:0
2020-11-23 01:30:25,807 [Listener at 127.0.0.1/11620] INFO  http.BaseHttpServer (BaseHttpServer.java:<init>(106)) - Hadoop Security Enabled: false Ozone Security Enabled: false Ozone HTTP Security Enabled: false 
2020-11-23 01:30:25,808 [Listener at 127.0.0.1/11620] INFO  server.AuthenticationFilter (AuthenticationFilter.java:constructSecretProvider(240)) - Unable to initialize FileSignerSecretProvider, falling back to use random secrets.
2020-11-23 01:30:25,808 [Listener at 127.0.0.1/11620] WARN  http.HttpRequestLog (HttpRequestLog.java:getRequestLog(103)) - Jetty request log can only be enabled using Log4j
2020-11-23 01:30:25,809 [Listener at 127.0.0.1/11620] INFO  http.HttpServer2 (HttpServer2.java:addGlobalFilter(1019)) - Added global filter 'safety' (class=org.apache.hadoop.hdds.server.http.HttpServer2$QuotingInputFilter)
2020-11-23 01:30:25,810 [Listener at 127.0.0.1/11620] INFO  http.HttpServer2 (HttpServer2.java:addFilter(995)) - Added filter static_user_filter (class=org.apache.hadoop.http.lib.StaticUserWebFilter$StaticUserFilter) to context hddsDatanode
2020-11-23 01:30:25,810 [Listener at 127.0.0.1/11620] INFO  http.HttpServer2 (HttpServer2.java:addFilter(1003)) - Added filter static_user_filter (class=org.apache.hadoop.http.lib.StaticUserWebFilter$StaticUserFilter) to context logs
2020-11-23 01:30:25,810 [Listener at 127.0.0.1/11620] INFO  http.HttpServer2 (HttpServer2.java:addFilter(1003)) - Added filter static_user_filter (class=org.apache.hadoop.http.lib.StaticUserWebFilter$StaticUserFilter) to context static
2020-11-23 01:30:25,810 [Listener at 127.0.0.1/11620] INFO  http.HttpServer2 (HttpServer2.java:bindListener(1237)) - Jetty bound to port 37781
2020-11-23 01:30:25,810 [Listener at 127.0.0.1/11620] INFO  server.Server (Server.java:doStart(375)) - jetty-9.4.34.v20201102; built: 2020-11-02T14:15:39.302Z; git: e46af88704a893fc12cb0e3bf46e2c7b48a009e7; jvm 1.8.0_232-b09
2020-11-23 01:30:25,812 [Listener at 127.0.0.1/11620] INFO  server.session (DefaultSessionIdManager.java:doStart(334)) - DefaultSessionIdManager workerName=node0
2020-11-23 01:30:25,812 [Listener at 127.0.0.1/11620] INFO  server.session (DefaultSessionIdManager.java:doStart(339)) - No SessionScavenger set, using defaults
2020-11-23 01:30:25,812 [Listener at 127.0.0.1/11620] INFO  server.session (HouseKeeper.java:startScavenging(132)) - node0 Scavenging every 660000ms
2020-11-23 01:30:25,813 [Listener at 127.0.0.1/11620] INFO  handler.ContextHandler (ContextHandler.java:doStart(916)) - Started o.e.j.s.ServletContextHandler@295871b0{logs,/logs,file:///github/workspace/mnt/ozone/hadoop-ozone/integration-test/target/log,AVAILABLE}
2020-11-23 01:30:25,813 [Listener at 127.0.0.1/11620] INFO  handler.ContextHandler (ContextHandler.java:doStart(916)) - Started o.e.j.s.ServletContextHandler@e54ef79{static,/static,jar:file:/home/user/.m2/repository/org/apache/hadoop/hadoop-hdds-container-service/1.1.0-SNAPSHOT/hadoop-hdds-container-service-1.1.0-SNAPSHOT.jar!/webapps/static,AVAILABLE}
2020-11-23 01:30:25,951 [Listener at 127.0.0.1/11620] INFO  handler.ContextHandler (ContextHandler.java:doStart(916)) - Started o.e.j.w.WebAppContext@6f0d8c1f{hddsDatanode,/,file:///tmp/jetty-0_0_0_0-37781-hadoop-hdds-container-service-1_1_0-SNAPSHOT_jar-_-any-7866434098542677008/webapp/,AVAILABLE}{jar:file:/home/user/.m2/repository/org/apache/hadoop/hadoop-hdds-container-service/1.1.0-SNAPSHOT/hadoop-hdds-container-service-1.1.0-SNAPSHOT.jar!/webapps/hddsDatanode}
2020-11-23 01:30:25,952 [Listener at 127.0.0.1/11620] INFO  server.AbstractConnector (AbstractConnector.java:doStart(331)) - Started ServerConnector@2b8180ba{HTTP/1.1, (http/1.1)}{0.0.0.0:37781}
2020-11-23 01:30:25,952 [Listener at 127.0.0.1/11620] INFO  server.Server (Server.java:doStart(415)) - Started @32186ms
2020-11-23 01:30:25,952 [Listener at 127.0.0.1/11620] WARN  impl.MetricsSystemImpl (MetricsSystemImpl.java:register(276)) - Sink prometheus already exists!
2020-11-23 01:30:25,957 [Listener at 127.0.0.1/11620] INFO  http.BaseHttpServer (BaseHttpServer.java:updateConnectorAddress(327)) - HTTP server of hddsDatanode listening at http://0.0.0.0:37781
2020-11-23 01:30:25,958 [Listener at 127.0.0.1/11620] INFO  impl.MetricsSystemImpl (MetricsSystemImpl.java:init(158)) - HddsDatanode metrics system started (again)
2020-11-23 01:30:25,960 [Listener at 127.0.0.1/11620] INFO  ozone.HddsDatanodeService (HddsDatanodeService.java:start(217)) - HddsDatanodeService host:d1de218a02b0 ip:172.17.0.2
2020-11-23 01:30:25,962 [Listener at 127.0.0.1/11620] INFO  volume.HddsVolume (HddsVolume.java:<init>(176)) - Creating Volume: /github/workspace/mnt/ozone/hadoop-ozone/integration-test/target/test-dir/MiniOzoneClusterImpl-9d05a325-c6bd-459e-80b5-8a813f22569b/datanode-1/data-0/containers/hdds of storage type : DISK and capacity : 9223372036854775807
2020-11-23 01:30:25,962 [Listener at 127.0.0.1/11620] INFO  volume.MutableVolumeSet (MutableVolumeSet.java:initializeVolumeSet(179)) - Added Volume : /github/workspace/mnt/ozone/hadoop-ozone/integration-test/target/test-dir/MiniOzoneClusterImpl-9d05a325-c6bd-459e-80b5-8a813f22569b/datanode-1/data-0/containers/hdds to VolumeSet
2020-11-23 01:30:25,963 [Listener at 127.0.0.1/11620] INFO  volume.ThrottledAsyncChecker (ThrottledAsyncChecker.java:schedule(141)) - Scheduling a check for /github/workspace/mnt/ozone/hadoop-ozone/integration-test/target/test-dir/MiniOzoneClusterImpl-9d05a325-c6bd-459e-80b5-8a813f22569b/datanode-1/data-0/containers/hdds
2020-11-23 01:30:25,964 [Listener at 127.0.0.1/11620] INFO  volume.HddsVolumeChecker (HddsVolumeChecker.java:checkAllVolumes(200)) - Scheduled health check for volume /github/workspace/mnt/ozone/hadoop-ozone/integration-test/target/test-dir/MiniOzoneClusterImpl-9d05a325-c6bd-459e-80b5-8a813f22569b/datanode-1/data-0/containers/hdds
2020-11-23 01:30:25,972 [org.apache.hadoop.util.JvmPauseMonitor$Monitor@10cab8aa] INFO  util.JvmPauseMonitor (JvmPauseMonitor.java:run(188)) - Starting JVM pause monitor
2020-11-23 01:30:25,980 [Datanode State Machine Task Thread - 0] INFO  datanode.InitDatanodeState (InitDatanodeState.java:persistContainerDatanodeDetails(145)) - DatanodeDetails is persisted to /github/workspace/mnt/ozone/hadoop-ozone/integration-test/target/test-dir/MiniOzoneClusterImpl-9d05a325-c6bd-459e-80b5-8a813f22569b/datanode-0/meta/datanode.id
2020-11-23 01:30:25,980 [Thread-634] INFO  ozoneimpl.ContainerReader (ContainerReader.java:readVolume(123)) - Start to verify containers on volume /github/workspace/mnt/ozone/hadoop-ozone/integration-test/target/test-dir/MiniOzoneClusterImpl-9d05a325-c6bd-459e-80b5-8a813f22569b/datanode-1/data-0/containers/hdds
2020-11-23 01:30:25,980 [Thread-634] INFO  ozoneimpl.ContainerReader (ContainerReader.java:readVolume(148)) - Finish verifying containers on volume /github/workspace/mnt/ozone/hadoop-ozone/integration-test/target/test-dir/MiniOzoneClusterImpl-9d05a325-c6bd-459e-80b5-8a813f22569b/datanode-1/data-0/containers/hdds
2020-11-23 01:30:25,980 [Listener at 127.0.0.1/11620] INFO  ozoneimpl.OzoneContainer (OzoneContainer.java:buildContainerSet(194)) - Build ContainerSet costs 0s
2020-11-23 01:30:25,983 [Listener at 127.0.0.1/11620] INFO  impl.RaftServerProxy (ConfUtils.java:logGet(44)) - raft.rpc.type = GRPC (default)
2020-11-23 01:30:25,984 [Listener at 127.0.0.1/11620] INFO  grpc.GrpcFactory (GrpcFactory.java:checkPooledByteBufAllocatorUseCacheForAllThreads(45)) - PERFORMANCE WARNING: useCacheForAllThreads is true that may cause Netty to create a lot garbage objects and, as a result, trigger GC.
	It is recommended to disable useCacheForAllThreads by setting -Dorg.apache.ratis.thirdparty.io.netty.allocator.useCacheForAllThreads=false in command line.
2020-11-23 01:30:25,984 [Listener at 127.0.0.1/11620] INFO  grpc.GrpcConfigKeys (ConfUtils.java:logGet(44)) - raft.grpc.server.port = 0 (default)
2020-11-23 01:30:25,984 [Listener at 127.0.0.1/11620] INFO  server.GrpcService (ConfUtils.java:logGet(44)) - raft.grpc.message.size.max = 32MB (=33554432) (custom)
2020-11-23 01:30:25,984 [Listener at 127.0.0.1/11620] INFO  server.RaftServerConfigKeys (ConfUtils.java:logGet(44)) - raft.server.log.appender.buffer.byte-limit = 33554432 (custom)
2020-11-23 01:30:25,984 [Listener at 127.0.0.1/11620] INFO  server.GrpcService (ConfUtils.java:logGet(44)) - raft.grpc.flow.control.window = 5MB (=5242880) (custom)
2020-11-23 01:30:25,984 [Listener at 127.0.0.1/11620] INFO  server.RaftServerConfigKeys (ConfUtils.java:logGet(44)) - raft.server.rpc.request.timeout = 60s (custom)
2020-11-23 01:30:25,985 [Listener at 127.0.0.1/11620] INFO  impl.DataStreamServerImpl (ConfUtils.java:logGet(44)) - raft.datastream.type = DISABLED (default)
2020-11-23 01:30:25,985 [Listener at 127.0.0.1/11620] INFO  server.RaftServerConfigKeys (ConfUtils.java:logGet(44)) - raft.server.storage.dir = [/github/workspace/mnt/ozone/hadoop-ozone/integration-test/target/test-dir/MiniOzoneClusterImpl-9d05a325-c6bd-459e-80b5-8a813f22569b/datanode-1/data/ratis] (custom)
2020-11-23 01:30:25,990 [Listener at 127.0.0.1/11620] INFO  http.BaseHttpServer (BaseHttpServer.java:newHttpServer2BuilderForOzone(207)) - Starting Web-server for hddsDatanode at: http://0.0.0.0:0
2020-11-23 01:30:25,990 [Listener at 127.0.0.1/11620] INFO  http.BaseHttpServer (BaseHttpServer.java:<init>(106)) - Hadoop Security Enabled: false Ozone Security Enabled: false Ozone HTTP Security Enabled: false 
2020-11-23 01:30:25,991 [Listener at 127.0.0.1/11620] INFO  server.AuthenticationFilter (AuthenticationFilter.java:constructSecretProvider(240)) - Unable to initialize FileSignerSecretProvider, falling back to use random secrets.
2020-11-23 01:30:25,992 [Listener at 127.0.0.1/11620] WARN  http.HttpRequestLog (HttpRequestLog.java:getRequestLog(103)) - Jetty request log can only be enabled using Log4j
2020-11-23 01:30:25,992 [Listener at 127.0.0.1/11620] INFO  http.HttpServer2 (HttpServer2.java:addGlobalFilter(1019)) - Added global filter 'safety' (class=org.apache.hadoop.hdds.server.http.HttpServer2$QuotingInputFilter)
2020-11-23 01:30:25,993 [Listener at 127.0.0.1/11620] INFO  http.HttpServer2 (HttpServer2.java:addFilter(995)) - Added filter static_user_filter (class=org.apache.hadoop.http.lib.StaticUserWebFilter$StaticUserFilter) to context hddsDatanode
2020-11-23 01:30:25,994 [Listener at 127.0.0.1/11620] INFO  http.HttpServer2 (HttpServer2.java:addFilter(1003)) - Added filter static_user_filter (class=org.apache.hadoop.http.lib.StaticUserWebFilter$StaticUserFilter) to context logs
2020-11-23 01:30:25,994 [Listener at 127.0.0.1/11620] INFO  http.HttpServer2 (HttpServer2.java:addFilter(1003)) - Added filter static_user_filter (class=org.apache.hadoop.http.lib.StaticUserWebFilter$StaticUserFilter) to context static
2020-11-23 01:30:25,994 [Listener at 127.0.0.1/11620] INFO  http.HttpServer2 (HttpServer2.java:bindListener(1237)) - Jetty bound to port 34115
2020-11-23 01:30:25,995 [Listener at 127.0.0.1/11620] INFO  server.Server (Server.java:doStart(375)) - jetty-9.4.34.v20201102; built: 2020-11-02T14:15:39.302Z; git: e46af88704a893fc12cb0e3bf46e2c7b48a009e7; jvm 1.8.0_232-b09
2020-11-23 01:30:25,996 [Listener at 127.0.0.1/11620] INFO  server.session (DefaultSessionIdManager.java:doStart(334)) - DefaultSessionIdManager workerName=node0
2020-11-23 01:30:25,997 [Listener at 127.0.0.1/11620] INFO  server.session (DefaultSessionIdManager.java:doStart(339)) - No SessionScavenger set, using defaults
2020-11-23 01:30:25,997 [Listener at 127.0.0.1/11620] INFO  server.session (HouseKeeper.java:startScavenging(132)) - node0 Scavenging every 600000ms
2020-11-23 01:30:25,997 [Listener at 127.0.0.1/11620] INFO  handler.ContextHandler (ContextHandler.java:doStart(916)) - Started o.e.j.s.ServletContextHandler@6c503d80{logs,/logs,file:///github/workspace/mnt/ozone/hadoop-ozone/integration-test/target/log,AVAILABLE}
2020-11-23 01:30:25,998 [Listener at 127.0.0.1/11620] INFO  handler.ContextHandler (ContextHandler.java:doStart(916)) - Started o.e.j.s.ServletContextHandler@674082d9{static,/static,jar:file:/home/user/.m2/repository/org/apache/hadoop/hadoop-hdds-container-service/1.1.0-SNAPSHOT/hadoop-hdds-container-service-1.1.0-SNAPSHOT.jar!/webapps/static,AVAILABLE}
2020-11-23 01:30:26,131 [Listener at 127.0.0.1/11620] INFO  handler.ContextHandler (ContextHandler.java:doStart(916)) - Started o.e.j.w.WebAppContext@37b9a0d0{hddsDatanode,/,file:///tmp/jetty-0_0_0_0-34115-hadoop-hdds-container-service-1_1_0-SNAPSHOT_jar-_-any-357740499718501991/webapp/,AVAILABLE}{jar:file:/home/user/.m2/repository/org/apache/hadoop/hadoop-hdds-container-service/1.1.0-SNAPSHOT/hadoop-hdds-container-service-1.1.0-SNAPSHOT.jar!/webapps/hddsDatanode}
2020-11-23 01:30:26,133 [Listener at 127.0.0.1/11620] INFO  server.AbstractConnector (AbstractConnector.java:doStart(331)) - Started ServerConnector@4fdf5b0a{HTTP/1.1, (http/1.1)}{0.0.0.0:34115}
2020-11-23 01:30:26,133 [Listener at 127.0.0.1/11620] INFO  server.Server (Server.java:doStart(415)) - Started @32366ms
2020-11-23 01:30:26,133 [Listener at 127.0.0.1/11620] WARN  impl.MetricsSystemImpl (MetricsSystemImpl.java:register(276)) - Sink prometheus already exists!
2020-11-23 01:30:26,139 [Listener at 127.0.0.1/11620] INFO  http.BaseHttpServer (BaseHttpServer.java:updateConnectorAddress(327)) - HTTP server of hddsDatanode listening at http://0.0.0.0:34115
2020-11-23 01:30:26,140 [Listener at 127.0.0.1/11620] INFO  impl.MetricsSystemImpl (MetricsSystemImpl.java:init(158)) - HddsDatanode metrics system started (again)
2020-11-23 01:30:26,142 [Listener at 127.0.0.1/11620] INFO  ozone.HddsDatanodeService (HddsDatanodeService.java:start(217)) - HddsDatanodeService host:d1de218a02b0 ip:172.17.0.2
2020-11-23 01:30:26,147 [Listener at 127.0.0.1/11620] INFO  volume.HddsVolume (HddsVolume.java:<init>(176)) - Creating Volume: /github/workspace/mnt/ozone/hadoop-ozone/integration-test/target/test-dir/MiniOzoneClusterImpl-9d05a325-c6bd-459e-80b5-8a813f22569b/datanode-2/data-0/containers/hdds of storage type : DISK and capacity : 9223372036854775807
2020-11-23 01:30:26,147 [Listener at 127.0.0.1/11620] INFO  volume.MutableVolumeSet (MutableVolumeSet.java:initializeVolumeSet(179)) - Added Volume : /github/workspace/mnt/ozone/hadoop-ozone/integration-test/target/test-dir/MiniOzoneClusterImpl-9d05a325-c6bd-459e-80b5-8a813f22569b/datanode-2/data-0/containers/hdds to VolumeSet
2020-11-23 01:30:26,147 [Listener at 127.0.0.1/11620] INFO  volume.ThrottledAsyncChecker (ThrottledAsyncChecker.java:schedule(141)) - Scheduling a check for /github/workspace/mnt/ozone/hadoop-ozone/integration-test/target/test-dir/MiniOzoneClusterImpl-9d05a325-c6bd-459e-80b5-8a813f22569b/datanode-2/data-0/containers/hdds
2020-11-23 01:30:26,150 [org.apache.hadoop.util.JvmPauseMonitor$Monitor@25f87d89] INFO  util.JvmPauseMonitor (JvmPauseMonitor.java:run(188)) - Starting JVM pause monitor
2020-11-23 01:30:26,151 [Listener at 127.0.0.1/11620] INFO  volume.HddsVolumeChecker (HddsVolumeChecker.java:checkAllVolumes(200)) - Scheduled health check for volume /github/workspace/mnt/ozone/hadoop-ozone/integration-test/target/test-dir/MiniOzoneClusterImpl-9d05a325-c6bd-459e-80b5-8a813f22569b/datanode-2/data-0/containers/hdds
2020-11-23 01:30:26,161 [Datanode State Machine Task Thread - 0] INFO  datanode.InitDatanodeState (InitDatanodeState.java:persistContainerDatanodeDetails(145)) - DatanodeDetails is persisted to /github/workspace/mnt/ozone/hadoop-ozone/integration-test/target/test-dir/MiniOzoneClusterImpl-9d05a325-c6bd-459e-80b5-8a813f22569b/datanode-1/meta/datanode.id
2020-11-23 01:30:26,165 [Thread-645] INFO  ozoneimpl.ContainerReader (ContainerReader.java:readVolume(123)) - Start to verify containers on volume /github/workspace/mnt/ozone/hadoop-ozone/integration-test/target/test-dir/MiniOzoneClusterImpl-9d05a325-c6bd-459e-80b5-8a813f22569b/datanode-2/data-0/containers/hdds
2020-11-23 01:30:26,165 [Thread-645] INFO  ozoneimpl.ContainerReader (ContainerReader.java:readVolume(148)) - Finish verifying containers on volume /github/workspace/mnt/ozone/hadoop-ozone/integration-test/target/test-dir/MiniOzoneClusterImpl-9d05a325-c6bd-459e-80b5-8a813f22569b/datanode-2/data-0/containers/hdds
2020-11-23 01:30:26,165 [Listener at 127.0.0.1/11620] INFO  ozoneimpl.OzoneContainer (OzoneContainer.java:buildContainerSet(194)) - Build ContainerSet costs 0s
2020-11-23 01:30:26,168 [Listener at 127.0.0.1/11620] INFO  impl.RaftServerProxy (ConfUtils.java:logGet(44)) - raft.rpc.type = GRPC (default)
2020-11-23 01:30:26,169 [Listener at 127.0.0.1/11620] INFO  grpc.GrpcFactory (GrpcFactory.java:checkPooledByteBufAllocatorUseCacheForAllThreads(45)) - PERFORMANCE WARNING: useCacheForAllThreads is true that may cause Netty to create a lot garbage objects and, as a result, trigger GC.
	It is recommended to disable useCacheForAllThreads by setting -Dorg.apache.ratis.thirdparty.io.netty.allocator.useCacheForAllThreads=false in command line.
2020-11-23 01:30:26,169 [Listener at 127.0.0.1/11620] INFO  grpc.GrpcConfigKeys (ConfUtils.java:logGet(44)) - raft.grpc.server.port = 0 (default)
2020-11-23 01:30:26,169 [Listener at 127.0.0.1/11620] INFO  server.GrpcService (ConfUtils.java:logGet(44)) - raft.grpc.message.size.max = 32MB (=33554432) (custom)
2020-11-23 01:30:26,169 [Listener at 127.0.0.1/11620] INFO  server.RaftServerConfigKeys (ConfUtils.java:logGet(44)) - raft.server.log.appender.buffer.byte-limit = 33554432 (custom)
2020-11-23 01:30:26,169 [Listener at 127.0.0.1/11620] INFO  server.GrpcService (ConfUtils.java:logGet(44)) - raft.grpc.flow.control.window = 5MB (=5242880) (custom)
2020-11-23 01:30:26,169 [Listener at 127.0.0.1/11620] INFO  server.RaftServerConfigKeys (ConfUtils.java:logGet(44)) - raft.server.rpc.request.timeout = 60s (custom)
2020-11-23 01:30:26,170 [Listener at 127.0.0.1/11620] INFO  impl.DataStreamServerImpl (ConfUtils.java:logGet(44)) - raft.datastream.type = DISABLED (default)
2020-11-23 01:30:26,170 [Listener at 127.0.0.1/11620] INFO  server.RaftServerConfigKeys (ConfUtils.java:logGet(44)) - raft.server.storage.dir = [/github/workspace/mnt/ozone/hadoop-ozone/integration-test/target/test-dir/MiniOzoneClusterImpl-9d05a325-c6bd-459e-80b5-8a813f22569b/datanode-2/data/ratis] (custom)
2020-11-23 01:30:26,176 [Listener at 127.0.0.1/11620] INFO  http.BaseHttpServer (BaseHttpServer.java:newHttpServer2BuilderForOzone(207)) - Starting Web-server for hddsDatanode at: http://0.0.0.0:0
2020-11-23 01:30:26,176 [Listener at 127.0.0.1/11620] INFO  http.BaseHttpServer (BaseHttpServer.java:<init>(106)) - Hadoop Security Enabled: false Ozone Security Enabled: false Ozone HTTP Security Enabled: false 
2020-11-23 01:30:26,177 [Listener at 127.0.0.1/11620] INFO  server.AuthenticationFilter (AuthenticationFilter.java:constructSecretProvider(240)) - Unable to initialize FileSignerSecretProvider, falling back to use random secrets.
2020-11-23 01:30:26,178 [Listener at 127.0.0.1/11620] WARN  http.HttpRequestLog (HttpRequestLog.java:getRequestLog(103)) - Jetty request log can only be enabled using Log4j
2020-11-23 01:30:26,178 [Listener at 127.0.0.1/11620] INFO  http.HttpServer2 (HttpServer2.java:addGlobalFilter(1019)) - Added global filter 'safety' (class=org.apache.hadoop.hdds.server.http.HttpServer2$QuotingInputFilter)
2020-11-23 01:30:26,179 [Listener at 127.0.0.1/11620] INFO  http.HttpServer2 (HttpServer2.java:addFilter(995)) - Added filter static_user_filter (class=org.apache.hadoop.http.lib.StaticUserWebFilter$StaticUserFilter) to context hddsDatanode
2020-11-23 01:30:26,179 [Listener at 127.0.0.1/11620] INFO  http.HttpServer2 (HttpServer2.java:addFilter(1003)) - Added filter static_user_filter (class=org.apache.hadoop.http.lib.StaticUserWebFilter$StaticUserFilter) to context static
2020-11-23 01:30:26,179 [Listener at 127.0.0.1/11620] INFO  http.HttpServer2 (HttpServer2.java:addFilter(1003)) - Added filter static_user_filter (class=org.apache.hadoop.http.lib.StaticUserWebFilter$StaticUserFilter) to context logs
2020-11-23 01:30:26,180 [Listener at 127.0.0.1/11620] INFO  http.HttpServer2 (HttpServer2.java:bindListener(1237)) - Jetty bound to port 38589
2020-11-23 01:30:26,180 [Listener at 127.0.0.1/11620] INFO  server.Server (Server.java:doStart(375)) - jetty-9.4.34.v20201102; built: 2020-11-02T14:15:39.302Z; git: e46af88704a893fc12cb0e3bf46e2c7b48a009e7; jvm 1.8.0_232-b09
2020-11-23 01:30:26,181 [Listener at 127.0.0.1/11620] INFO  server.session (DefaultSessionIdManager.java:doStart(334)) - DefaultSessionIdManager workerName=node0
2020-11-23 01:30:26,182 [Listener at 127.0.0.1/11620] INFO  server.session (DefaultSessionIdManager.java:doStart(339)) - No SessionScavenger set, using defaults
2020-11-23 01:30:26,182 [Listener at 127.0.0.1/11620] INFO  server.session (HouseKeeper.java:startScavenging(132)) - node0 Scavenging every 660000ms
2020-11-23 01:30:26,183 [Listener at 127.0.0.1/11620] INFO  handler.ContextHandler (ContextHandler.java:doStart(916)) - Started o.e.j.s.ServletContextHandler@2cb6de38{logs,/logs,file:///github/workspace/mnt/ozone/hadoop-ozone/integration-test/target/log,AVAILABLE}
2020-11-23 01:30:26,183 [Listener at 127.0.0.1/11620] INFO  handler.ContextHandler (ContextHandler.java:doStart(916)) - Started o.e.j.s.ServletContextHandler@b8e665{static,/static,jar:file:/home/user/.m2/repository/org/apache/hadoop/hadoop-hdds-container-service/1.1.0-SNAPSHOT/hadoop-hdds-container-service-1.1.0-SNAPSHOT.jar!/webapps/static,AVAILABLE}
2020-11-23 01:30:26,318 [Listener at 127.0.0.1/11620] INFO  handler.ContextHandler (ContextHandler.java:doStart(916)) - Started o.e.j.w.WebAppContext@4629fba1{hddsDatanode,/,file:///tmp/jetty-0_0_0_0-38589-hadoop-hdds-container-service-1_1_0-SNAPSHOT_jar-_-any-4704910068545210481/webapp/,AVAILABLE}{jar:file:/home/user/.m2/repository/org/apache/hadoop/hadoop-hdds-container-service/1.1.0-SNAPSHOT/hadoop-hdds-container-service-1.1.0-SNAPSHOT.jar!/webapps/hddsDatanode}
2020-11-23 01:30:26,319 [Listener at 127.0.0.1/11620] INFO  server.AbstractConnector (AbstractConnector.java:doStart(331)) - Started ServerConnector@57fa9602{HTTP/1.1, (http/1.1)}{0.0.0.0:38589}
2020-11-23 01:30:26,319 [Listener at 127.0.0.1/11620] INFO  server.Server (Server.java:doStart(415)) - Started @32553ms
2020-11-23 01:30:26,319 [Listener at 127.0.0.1/11620] WARN  impl.MetricsSystemImpl (MetricsSystemImpl.java:register(276)) - Sink prometheus already exists!
2020-11-23 01:30:26,381 [Thread-511] INFO  impl.FollowerState (FollowerState.java:run(128)) - omNode-1@group-523986131536-FollowerState: change to CANDIDATE, lastRpcTime:1040ms, electionTimeout:1032ms
2020-11-23 01:30:26,382 [Thread-511] INFO  impl.RoleInfo (RoleInfo.java:shutdownFollowerState(121)) - omNode-1: shutdown omNode-1@group-523986131536-FollowerState
2020-11-23 01:30:26,382 [Thread-511] INFO  impl.RaftServerImpl (RaftServerImpl.java:setRole(204)) - omNode-1@group-523986131536: changes role from  FOLLOWER to CANDIDATE at term 0 for changeToCandidate
2020-11-23 01:30:26,382 [Thread-511] INFO  impl.RoleInfo (RoleInfo.java:updateAndGet(143)) - omNode-1: start omNode-1@group-523986131536-LeaderElection9
2020-11-23 01:30:26,385 [Listener at 127.0.0.1/11620] INFO  http.BaseHttpServer (BaseHttpServer.java:updateConnectorAddress(327)) - HTTP server of hddsDatanode listening at http://0.0.0.0:38589
2020-11-23 01:30:26,385 [omNode-1@group-523986131536-LeaderElection9] INFO  impl.LeaderElection (LeaderElection.java:askForVotes(215)) - omNode-1@group-523986131536-LeaderElection9: begin an election at term 1 for -1: [omNode-3|rpc:localhost:11624, omNode-1|rpc:localhost:11612, omNode-2|rpc:localhost:11618], old=null
2020-11-23 01:30:26,386 [Listener at 127.0.0.1/11620] INFO  ozone.MiniOzoneClusterImpl (MiniOzoneClusterImpl.java:lambda$waitForClusterToBeReady$0(178)) - Waiting for nodes to be ready. Got 0 of 3 DN Heartbeats.
2020-11-23 01:30:26,386 [Listener at 127.0.0.1/11620] INFO  ozone.MiniOzoneClusterImpl (MiniOzoneClusterImpl.java:lambda$waitForClusterToBeReady$0(181)) - Waiting for cluster to exit safe mode
2020-11-23 01:30:26,396 [org.apache.hadoop.util.JvmPauseMonitor$Monitor@7c1c414d] INFO  util.JvmPauseMonitor (JvmPauseMonitor.java:run(188)) - Starting JVM pause monitor
2020-11-23 01:30:26,401 [Datanode State Machine Task Thread - 0] INFO  datanode.InitDatanodeState (InitDatanodeState.java:persistContainerDatanodeDetails(145)) - DatanodeDetails is persisted to /github/workspace/mnt/ozone/hadoop-ozone/integration-test/target/test-dir/MiniOzoneClusterImpl-9d05a325-c6bd-459e-80b5-8a813f22569b/datanode-2/meta/datanode.id
2020-11-23 01:30:26,410 [grpc-default-executor-5] INFO  impl.RaftServerImpl (RaftServerImpl.java:setRole(204)) - omNode-2@group-523986131536: changes role from  FOLLOWER to FOLLOWER at term 1 for recognizeCandidate:omNode-1
2020-11-23 01:30:26,410 [grpc-default-executor-5] INFO  impl.RoleInfo (RoleInfo.java:shutdownFollowerState(121)) - omNode-2: shutdown omNode-2@group-523986131536-FollowerState
2020-11-23 01:30:26,410 [grpc-default-executor-5] INFO  impl.RoleInfo (RoleInfo.java:updateAndGet(143)) - omNode-2: start omNode-2@group-523986131536-FollowerState
2020-11-23 01:30:26,411 [Thread-550] INFO  impl.FollowerState (FollowerState.java:run(137)) - omNode-2@group-523986131536-FollowerState was interrupted: {}
java.lang.InterruptedException: sleep interrupted
	at java.lang.Thread.sleep(Native Method)
	at org.apache.ratis.util.JavaUtils.sleep(JavaUtils.java:250)
	at org.apache.ratis.server.impl.FollowerState.run(FollowerState.java:116)
2020-11-23 01:30:26,414 [grpc-default-executor-5] INFO  impl.RaftServerImpl (RaftServerImpl.java:requestVote(963)) -  FOLLOWER omNode-2@group-523986131536:t1, leader=null, voted=null, raftlog=omNode-2@group-523986131536-SegmentedRaftLog:OPENED:c-1,f-1,i0, conf=-1: [omNode-3|rpc:localhost:11624, omNode-1|rpc:localhost:11612, omNode-2|rpc:localhost:11618], old=null RUNNING priority:0 candidate:omNode-1|rpc:localhost:11612 candidatePriority:0 compare:0
2020-11-23 01:30:26,415 [grpc-default-executor-1] INFO  impl.RaftServerImpl (RaftServerImpl.java:setRole(204)) - omNode-3@group-523986131536: changes role from  FOLLOWER to FOLLOWER at term 1 for recognizeCandidate:omNode-1
2020-11-23 01:30:26,415 [grpc-default-executor-1] INFO  impl.RoleInfo (RoleInfo.java:shutdownFollowerState(121)) - omNode-3: shutdown omNode-3@group-523986131536-FollowerState
2020-11-23 01:30:26,415 [grpc-default-executor-1] INFO  impl.RoleInfo (RoleInfo.java:updateAndGet(143)) - omNode-3: start omNode-3@group-523986131536-FollowerState
2020-11-23 01:30:26,415 [Thread-589] INFO  impl.FollowerState (FollowerState.java:run(137)) - omNode-3@group-523986131536-FollowerState was interrupted: {}
java.lang.InterruptedException: sleep interrupted
	at java.lang.Thread.sleep(Native Method)
	at org.apache.ratis.util.JavaUtils.sleep(JavaUtils.java:250)
	at org.apache.ratis.server.impl.FollowerState.run(FollowerState.java:116)
2020-11-23 01:30:26,416 [grpc-default-executor-1] INFO  impl.RaftServerImpl (RaftServerImpl.java:requestVote(963)) -  FOLLOWER omNode-3@group-523986131536:t1, leader=null, voted=null, raftlog=omNode-3@group-523986131536-SegmentedRaftLog:OPENED:c-1,f-1,i0, conf=-1: [omNode-3|rpc:localhost:11624, omNode-1|rpc:localhost:11612, omNode-2|rpc:localhost:11618], old=null RUNNING priority:0 candidate:omNode-1|rpc:localhost:11612 candidatePriority:0 compare:0
2020-11-23 01:30:26,419 [omNode-1@group-523986131536-LeaderElection9] INFO  impl.LeaderElection (LeaderElection.java:logAndReturn(65)) - omNode-1@group-523986131536-LeaderElection9: Election PASSED; received 1 response(s) [omNode-1<-omNode-2#0:OK-t1] and 0 exception(s); omNode-1@group-523986131536:t1, leader=null, voted=omNode-1, raftlog=omNode-1@group-523986131536-SegmentedRaftLog:OPENED:c-1,f-1,i0, conf=-1: [omNode-3|rpc:localhost:11624, omNode-1|rpc:localhost:11612, omNode-2|rpc:localhost:11618], old=null
2020-11-23 01:30:26,420 [omNode-1@group-523986131536-LeaderElection9] INFO  impl.RoleInfo (RoleInfo.java:shutdownLeaderElection(134)) - omNode-1: shutdown omNode-1@group-523986131536-LeaderElection9
2020-11-23 01:30:26,420 [omNode-1@group-523986131536-LeaderElection9] INFO  impl.RaftServerImpl (RaftServerImpl.java:setRole(204)) - omNode-1@group-523986131536: changes role from CANDIDATE to LEADER at term 1 for changeToLeader
2020-11-23 01:30:26,420 [omNode-1@group-523986131536-LeaderElection9] INFO  impl.RaftServerImpl (ServerState.java:setLeader(256)) - omNode-1@group-523986131536: change Leader from null to omNode-1 at term 1 for becomeLeader, leader elected after 1091ms
2020-11-23 01:30:26,420 [omNode-1@group-523986131536-LeaderElection9] INFO  server.RaftServerConfigKeys (ConfUtils.java:logGet(44)) - raft.server.staging.catchup.gap = 1000 (default)
2020-11-23 01:30:26,420 [omNode-1@group-523986131536-LeaderElection9] INFO  server.RaftServerConfigKeys (ConfUtils.java:logGet(44)) - raft.server.rpc.sleep.time = 25ms (default)
2020-11-23 01:30:26,420 [omNode-1@group-523986131536-LeaderElection9] INFO  metrics.RatisMetrics (RatisMetrics.java:lambda$create$0(36)) - Creating Metrics Registry : ratis.log_appender.omNode-1@group-523986131536
2020-11-23 01:30:26,420 [omNode-1@group-523986131536-LeaderElection9] INFO  server.RaftServerConfigKeys (ConfUtils.java:logGet(44)) - raft.server.write.element-limit = 4096 (default)
2020-11-23 01:30:26,420 [omNode-1@group-523986131536-LeaderElection9] INFO  server.RaftServerConfigKeys (ConfUtils.java:logGet(44)) - raft.server.write.byte-limit = 64MB (=67108864) (default)
2020-11-23 01:30:26,421 [omNode-1@group-523986131536-LeaderElection9] INFO  server.RaftServerConfigKeys (ConfUtils.java:logGet(44)) - raft.server.watch.timeout = 10s (default)
2020-11-23 01:30:26,421 [omNode-1@group-523986131536-LeaderElection9] INFO  server.RaftServerConfigKeys (ConfUtils.java:logGet(44)) - raft.server.watch.timeout.denomination = 1s (default)
2020-11-23 01:30:26,421 [omNode-1@group-523986131536-LeaderElection9] INFO  server.RaftServerConfigKeys (ConfUtils.java:logGet(44)) - raft.server.watch.element-limit = 65536 (default)
2020-11-23 01:30:26,421 [omNode-1@group-523986131536-LeaderElection9] INFO  server.RaftServerConfigKeys (ConfUtils.java:logGet(44)) - raft.server.log.appender.snapshot.chunk.size.max = 16MB (=16777216) (default)
2020-11-23 01:30:26,421 [omNode-1@group-523986131536-LeaderElection9] INFO  server.RaftServerConfigKeys (ConfUtils.java:logGet(44)) - raft.server.log.appender.buffer.byte-limit = 33554432 (custom)
2020-11-23 01:30:26,421 [omNode-1@group-523986131536-LeaderElection9] INFO  server.RaftServerConfigKeys (ConfUtils.java:logGet(44)) - raft.server.log.appender.buffer.element-limit = 1024 (custom)
2020-11-23 01:30:26,421 [omNode-1@group-523986131536-LeaderElection9] INFO  grpc.GrpcConfigKeys (ConfUtils.java:logGet(44)) - raft.grpc.server.leader.outstanding.appends.max = 128 (default)
2020-11-23 01:30:26,421 [omNode-1@group-523986131536-LeaderElection9] INFO  server.RaftServerConfigKeys (ConfUtils.java:logGet(44)) - raft.server.rpc.request.timeout = 3000ms (default)
2020-11-23 01:30:26,422 [omNode-1@group-523986131536-LeaderElection9] INFO  server.RaftServerConfigKeys (ConfUtils.java:logGet(44)) - raft.server.log.appender.install.snapshot.enabled = false (custom)
2020-11-23 01:30:26,422 [omNode-1@group-523986131536-LeaderElection9] INFO  metrics.RatisMetrics (RatisMetrics.java:lambda$create$0(36)) - Creating Metrics Registry : ratis_grpc.log_appender.omNode-1@group-523986131536
2020-11-23 01:30:26,423 [omNode-1@group-523986131536-LeaderElection9] INFO  server.RaftServerConfigKeys (ConfUtils.java:logGet(44)) - raft.server.log.appender.snapshot.chunk.size.max = 16MB (=16777216) (default)
2020-11-23 01:30:26,423 [omNode-1@group-523986131536-LeaderElection9] INFO  server.RaftServerConfigKeys (ConfUtils.java:logGet(44)) - raft.server.log.appender.buffer.byte-limit = 33554432 (custom)
2020-11-23 01:30:26,423 [omNode-1@group-523986131536-LeaderElection9] INFO  server.RaftServerConfigKeys (ConfUtils.java:logGet(44)) - raft.server.log.appender.buffer.element-limit = 1024 (custom)
2020-11-23 01:30:26,423 [omNode-1@group-523986131536-LeaderElection9] INFO  grpc.GrpcConfigKeys (ConfUtils.java:logGet(44)) - raft.grpc.server.leader.outstanding.appends.max = 128 (default)
2020-11-23 01:30:26,423 [omNode-1@group-523986131536-LeaderElection9] INFO  server.RaftServerConfigKeys (ConfUtils.java:logGet(44)) - raft.server.rpc.request.timeout = 3000ms (default)
2020-11-23 01:30:26,423 [omNode-1@group-523986131536-LeaderElection9] INFO  server.RaftServerConfigKeys (ConfUtils.java:logGet(44)) - raft.server.log.appender.install.snapshot.enabled = false (custom)
2020-11-23 01:30:26,424 [omNode-1@group-523986131536-LeaderElection9] INFO  impl.RoleInfo (RoleInfo.java:updateAndGet(143)) - omNode-1: start omNode-1@group-523986131536-LeaderState
2020-11-23 01:30:26,425 [omNode-1@group-523986131536-LeaderElection9] INFO  segmented.SegmentedRaftLogWorker (SegmentedRaftLogWorker.java:startLogSegment(398)) - omNode-1@group-523986131536-SegmentedRaftLogWorker: Starting segment from index:0
2020-11-23 01:30:26,431 [omNode-1@group-523986131536-LeaderElection9] INFO  impl.RaftServerImpl (ServerState.java:setRaftConf(374)) - omNode-1@group-523986131536: set configuration 0: [omNode-3|rpc:localhost:11624|dataStream:, omNode-1|rpc:localhost:11612|dataStream:, omNode-2|rpc:localhost:11618|dataStream:], old=null at 0
2020-11-23 01:30:26,438 [grpc-default-executor-5] INFO  impl.RaftServerImpl (ServerState.java:setLeader(256)) - omNode-3@group-523986131536: change Leader from null to omNode-1 at term 1 for appendEntries, leader elected after 745ms
2020-11-23 01:30:26,442 [grpc-default-executor-4] INFO  impl.RaftServerImpl (ServerState.java:setLeader(256)) - omNode-2@group-523986131536: change Leader from null to omNode-1 at term 1 for appendEntries, leader elected after 901ms
2020-11-23 01:30:26,443 [grpc-default-executor-5] INFO  impl.RaftServerImpl (ServerState.java:setRaftConf(374)) - omNode-3@group-523986131536: set configuration 0: [omNode-3|rpc:localhost:11624|dataStream:, omNode-1|rpc:localhost:11612|dataStream:, omNode-2|rpc:localhost:11618|dataStream:], old=null at 0
2020-11-23 01:30:26,443 [grpc-default-executor-4] INFO  impl.RaftServerImpl (ServerState.java:setRaftConf(374)) - omNode-2@group-523986131536: set configuration 0: [omNode-3|rpc:localhost:11624|dataStream:, omNode-1|rpc:localhost:11612|dataStream:, omNode-2|rpc:localhost:11618|dataStream:], old=null at 0
2020-11-23 01:30:26,443 [grpc-default-executor-5] INFO  segmented.SegmentedRaftLogWorker (SegmentedRaftLogWorker.java:startLogSegment(398)) - omNode-3@group-523986131536-SegmentedRaftLogWorker: Starting segment from index:0
2020-11-23 01:30:26,443 [grpc-default-executor-4] INFO  segmented.SegmentedRaftLogWorker (SegmentedRaftLogWorker.java:startLogSegment(398)) - omNode-2@group-523986131536-SegmentedRaftLogWorker: Starting segment from index:0
2020-11-23 01:30:26,589 [omNode-1@group-523986131536-SegmentedRaftLogWorker] INFO  segmented.SegmentedRaftLogWorker (SegmentedRaftLogWorker.java:execute(597)) - omNode-1@group-523986131536-SegmentedRaftLogWorker: created new log segment /github/workspace/mnt/ozone/hadoop-ozone/integration-test/target/test-dir/MiniOzoneClusterImpl-9d05a325-c6bd-459e-80b5-8a813f22569b/omNode-1/ratis/c9bc4cf4-3bc3-3c60-a66b-523986131536/current/log_inprogress_0
2020-11-23 01:30:26,589 [omNode-3@group-523986131536-SegmentedRaftLogWorker] INFO  segmented.SegmentedRaftLogWorker (SegmentedRaftLogWorker.java:execute(597)) - omNode-3@group-523986131536-SegmentedRaftLogWorker: created new log segment /github/workspace/mnt/ozone/hadoop-ozone/integration-test/target/test-dir/MiniOzoneClusterImpl-9d05a325-c6bd-459e-80b5-8a813f22569b/omNode-3/ratis/c9bc4cf4-3bc3-3c60-a66b-523986131536/current/log_inprogress_0
2020-11-23 01:30:26,590 [omNode-2@group-523986131536-SegmentedRaftLogWorker] INFO  segmented.SegmentedRaftLogWorker (SegmentedRaftLogWorker.java:execute(597)) - omNode-2@group-523986131536-SegmentedRaftLogWorker: created new log segment /github/workspace/mnt/ozone/hadoop-ozone/integration-test/target/test-dir/MiniOzoneClusterImpl-9d05a325-c6bd-459e-80b5-8a813f22569b/omNode-2/ratis/c9bc4cf4-3bc3-3c60-a66b-523986131536/current/log_inprogress_0
2020-11-23 01:30:27,386 [Listener at 127.0.0.1/11620] INFO  ozone.MiniOzoneClusterImpl (MiniOzoneClusterImpl.java:lambda$waitForClusterToBeReady$0(178)) - Waiting for nodes to be ready. Got 0 of 3 DN Heartbeats.
2020-11-23 01:30:27,386 [Listener at 127.0.0.1/11620] INFO  ozone.MiniOzoneClusterImpl (MiniOzoneClusterImpl.java:lambda$waitForClusterToBeReady$0(181)) - Waiting for cluster to exit safe mode
2020-11-23 01:30:27,978 [EndpointStateMachine task thread for /0.0.0.0:36853 - 0 ] INFO  ozoneimpl.OzoneContainer (OzoneContainer.java:start(243)) - Attempting to start container services.
2020-11-23 01:30:27,979 [EndpointStateMachine task thread for /0.0.0.0:36853 - 0 ] INFO  ozoneimpl.OzoneContainer (OzoneContainer.java:startContainerScrub(207)) - Background container scanner has been disabled.
2020-11-23 01:30:27,979 [EndpointStateMachine task thread for /0.0.0.0:36853 - 0 ] INFO  ratis.XceiverServerRatis (XceiverServerRatis.java:start(456)) - Starting XceiverServerRatis 2ffef469-2151-4b59-9d91-8a9d10d6bfea at port 0
2020-11-23 01:30:27,984 [EndpointStateMachine task thread for /0.0.0.0:36853 - 0 ] INFO  impl.RaftServerProxy (RaftServerProxy.java:lambda$start$3(321)) - 2ffef469-2151-4b59-9d91-8a9d10d6bfea: start RPC server
2020-11-23 01:30:27,984 [EndpointStateMachine task thread for /0.0.0.0:36853 - 0 ] INFO  server.GrpcService (GrpcService.java:startImpl(177)) - 2ffef469-2151-4b59-9d91-8a9d10d6bfea: GrpcService started, listening on 0.0.0.0/0.0.0.0:39551
2020-11-23 01:30:27,985 [EndpointStateMachine task thread for /0.0.0.0:36853 - 0 ] INFO  ratis.XceiverServerRatis (XceiverServerRatis.java:start(468)) - XceiverServerRatis 2ffef469-2151-4b59-9d91-8a9d10d6bfea is started using port 39551
2020-11-23 01:30:27,985 [EndpointStateMachine task thread for /0.0.0.0:36853 - 0 ] INFO  server.XceiverServerGrpc (XceiverServerGrpc.java:start(145)) - XceiverServerGrpc 2ffef469-2151-4b59-9d91-8a9d10d6bfea is started using port 39737
2020-11-23 01:30:27,990 [org.apache.ratis.server.JvmPauseMonitor@4f2d9acc-Monitor] INFO  server.RaftServerConfigKeys (ConfUtils.java:logGet(44)) - raft.server.leaderelection.leader.step-down.wait-time = 10s (default)
2020-11-23 01:30:27,991 [org.apache.ratis.server.JvmPauseMonitor@4f2d9acc-Monitor] INFO  server.RaftServerConfigKeys (ConfUtils.java:logGet(44)) - raft.server.rpc.slowness.timeout = 300s (custom)
2020-11-23 01:30:27,991 [org.apache.ratis.server.JvmPauseMonitor@4f2d9acc-Monitor] INFO  server.JvmPauseMonitor (JvmPauseMonitor.java:run(129)) - Starting Ratis JVM pause monitor
2020-11-23 01:30:28,154 [EndpointStateMachine task thread for /0.0.0.0:36853 - 0 ] INFO  ozoneimpl.OzoneContainer (OzoneContainer.java:start(243)) - Attempting to start container services.
2020-11-23 01:30:28,154 [EndpointStateMachine task thread for /0.0.0.0:36853 - 0 ] INFO  ozoneimpl.OzoneContainer (OzoneContainer.java:startContainerScrub(207)) - Background container scanner has been disabled.
2020-11-23 01:30:28,154 [EndpointStateMachine task thread for /0.0.0.0:36853 - 0 ] INFO  ratis.XceiverServerRatis (XceiverServerRatis.java:start(456)) - Starting XceiverServerRatis 22e15842-c8f0-466b-8a2b-e723933af459 at port 0
2020-11-23 01:30:28,158 [EndpointStateMachine task thread for /0.0.0.0:36853 - 0 ] INFO  impl.RaftServerProxy (RaftServerProxy.java:lambda$start$3(321)) - 22e15842-c8f0-466b-8a2b-e723933af459: start RPC server
2020-11-23 01:30:28,158 [EndpointStateMachine task thread for /0.0.0.0:36853 - 0 ] INFO  server.GrpcService (GrpcService.java:startImpl(177)) - 22e15842-c8f0-466b-8a2b-e723933af459: GrpcService started, listening on 0.0.0.0/0.0.0.0:44143
2020-11-23 01:30:28,159 [EndpointStateMachine task thread for /0.0.0.0:36853 - 0 ] INFO  ratis.XceiverServerRatis (XceiverServerRatis.java:start(468)) - XceiverServerRatis 22e15842-c8f0-466b-8a2b-e723933af459 is started using port 44143
2020-11-23 01:30:28,159 [EndpointStateMachine task thread for /0.0.0.0:36853 - 0 ] INFO  server.XceiverServerGrpc (XceiverServerGrpc.java:start(145)) - XceiverServerGrpc 22e15842-c8f0-466b-8a2b-e723933af459 is started using port 42481
2020-11-23 01:30:28,162 [org.apache.ratis.server.JvmPauseMonitor@3bc279f-Monitor] INFO  server.RaftServerConfigKeys (ConfUtils.java:logGet(44)) - raft.server.leaderelection.leader.step-down.wait-time = 10s (default)
2020-11-23 01:30:28,162 [org.apache.ratis.server.JvmPauseMonitor@3bc279f-Monitor] INFO  server.RaftServerConfigKeys (ConfUtils.java:logGet(44)) - raft.server.rpc.slowness.timeout = 300s (custom)
2020-11-23 01:30:28,162 [org.apache.ratis.server.JvmPauseMonitor@3bc279f-Monitor] INFO  server.JvmPauseMonitor (JvmPauseMonitor.java:run(129)) - Starting Ratis JVM pause monitor
2020-11-23 01:30:28,386 [Listener at 127.0.0.1/11620] INFO  ozone.MiniOzoneClusterImpl (MiniOzoneClusterImpl.java:lambda$waitForClusterToBeReady$0(178)) - Waiting for nodes to be ready. Got 0 of 3 DN Heartbeats.
2020-11-23 01:30:28,387 [Listener at 127.0.0.1/11620] INFO  ozone.MiniOzoneClusterImpl (MiniOzoneClusterImpl.java:lambda$waitForClusterToBeReady$0(181)) - Waiting for cluster to exit safe mode
2020-11-23 01:30:28,401 [EndpointStateMachine task thread for /0.0.0.0:36853 - 0 ] INFO  ozoneimpl.OzoneContainer (OzoneContainer.java:start(243)) - Attempting to start container services.
2020-11-23 01:30:28,401 [EndpointStateMachine task thread for /0.0.0.0:36853 - 0 ] INFO  ozoneimpl.OzoneContainer (OzoneContainer.java:startContainerScrub(207)) - Background container scanner has been disabled.
2020-11-23 01:30:28,401 [EndpointStateMachine task thread for /0.0.0.0:36853 - 0 ] INFO  ratis.XceiverServerRatis (XceiverServerRatis.java:start(456)) - Starting XceiverServerRatis 409b856c-adf0-49b2-b5bb-722eb6966ee0 at port 0
2020-11-23 01:30:28,403 [EndpointStateMachine task thread for /0.0.0.0:36853 - 0 ] INFO  impl.RaftServerProxy (RaftServerProxy.java:lambda$start$3(321)) - 409b856c-adf0-49b2-b5bb-722eb6966ee0: start RPC server
2020-11-23 01:30:28,404 [EndpointStateMachine task thread for /0.0.0.0:36853 - 0 ] INFO  server.GrpcService (GrpcService.java:startImpl(177)) - 409b856c-adf0-49b2-b5bb-722eb6966ee0: GrpcService started, listening on 0.0.0.0/0.0.0.0:45539
2020-11-23 01:30:28,404 [EndpointStateMachine task thread for /0.0.0.0:36853 - 0 ] INFO  ratis.XceiverServerRatis (XceiverServerRatis.java:start(468)) - XceiverServerRatis 409b856c-adf0-49b2-b5bb-722eb6966ee0 is started using port 45539
2020-11-23 01:30:28,405 [EndpointStateMachine task thread for /0.0.0.0:36853 - 0 ] INFO  server.XceiverServerGrpc (XceiverServerGrpc.java:start(145)) - XceiverServerGrpc 409b856c-adf0-49b2-b5bb-722eb6966ee0 is started using port 40549
2020-11-23 01:30:28,408 [org.apache.ratis.server.JvmPauseMonitor@1c35e175-Monitor] INFO  server.RaftServerConfigKeys (ConfUtils.java:logGet(44)) - raft.server.leaderelection.leader.step-down.wait-time = 10s (default)
2020-11-23 01:30:28,408 [org.apache.ratis.server.JvmPauseMonitor@1c35e175-Monitor] INFO  server.RaftServerConfigKeys (ConfUtils.java:logGet(44)) - raft.server.rpc.slowness.timeout = 300s (custom)
2020-11-23 01:30:28,408 [org.apache.ratis.server.JvmPauseMonitor@1c35e175-Monitor] INFO  server.JvmPauseMonitor (JvmPauseMonitor.java:run(129)) - Starting Ratis JVM pause monitor
2020-11-23 01:30:29,387 [Listener at 127.0.0.1/11620] INFO  ozone.MiniOzoneClusterImpl (MiniOzoneClusterImpl.java:lambda$waitForClusterToBeReady$0(178)) - Waiting for nodes to be ready. Got 0 of 3 DN Heartbeats.
2020-11-23 01:30:29,387 [Listener at 127.0.0.1/11620] INFO  ozone.MiniOzoneClusterImpl (MiniOzoneClusterImpl.java:lambda$waitForClusterToBeReady$0(181)) - Waiting for cluster to exit safe mode
2020-11-23 01:30:29,973 [IPC Server handler 2 on default port 36853] INFO  net.NetworkTopologyImpl (NetworkTopologyImpl.java:add(111)) - Added a new node: /default-rack/2ffef469-2151-4b59-9d91-8a9d10d6bfea
2020-11-23 01:30:29,974 [IPC Server handler 2 on default port 36853] INFO  node.SCMNodeManager (SCMNodeManager.java:register(282)) - Registered Data node : 2ffef469-2151-4b59-9d91-8a9d10d6bfea{ip: 172.17.0.2, host: d1de218a02b0, networkLocation: /default-rack, certSerialId: null}
2020-11-23 01:30:29,975 [RatisPipelineUtilsThread] INFO  pipeline.RatisPipelineProvider (RatisPipelineProvider.java:lambda$create$0(161)) - Sending CreatePipelineCommand for pipeline:PipelineID=caa9ebfa-2e91-4ccd-b52a-4fa53115a70c to datanode:2ffef469-2151-4b59-9d91-8a9d10d6bfea
2020-11-23 01:30:29,976 [EventQueue-NodeRegistrationContainerReportForDataNodeSafeModeRule] INFO  safemode.SCMSafeModeManager (DataNodeSafeModeRule.java:process(71)) - SCM in safe mode. 1 DataNodes registered, 1 required.
2020-11-23 01:30:29,976 [EventQueue-NodeRegistrationContainerReportForDataNodeSafeModeRule] INFO  safemode.SCMSafeModeManager (SCMSafeModeManager.java:validateSafeModeExitRules(214)) - DataNodeSafeModeRule rule is successfully validated
2020-11-23 01:30:29,976 [EventQueue-NodeRegistrationContainerReportForDataNodeSafeModeRule] INFO  safemode.SCMSafeModeManager (SCMSafeModeManager.java:completePreCheck(242)) - All SCM safe mode pre check rules have passed
2020-11-23 01:30:29,976 [RatisPipelineUtilsThread] INFO  pipeline.PipelineStateManager (PipelineStateManager.java:addPipeline(54)) - Created pipeline Pipeline[ Id: caa9ebfa-2e91-4ccd-b52a-4fa53115a70c, Nodes: 2ffef469-2151-4b59-9d91-8a9d10d6bfea{ip: 172.17.0.2, host: d1de218a02b0, networkLocation: /default-rack, certSerialId: null}, Type:RATIS, Factor:ONE, State:ALLOCATED, leaderId:, CreationTimestamp2020-11-23T01:30:29.975Z]
2020-11-23 01:30:29,976 [RatisPipelineUtilsThread] WARN  pipeline.PipelinePlacementPolicy (PipelinePlacementPolicy.java:filterViableNodes(138)) - Pipeline creation failed due to no sufficient healthy datanodes. Required 3. Found 1.
2020-11-23 01:30:29,980 [EventQueue-NodeRegistrationContainerReportForContainerSafeModeRule] INFO  safemode.SCMSafeModeManager (SCMSafeModeManager.java:validateSafeModeExitRules(214)) - ContainerSafeModeRule rule is successfully validated
2020-11-23 01:30:29,981 [EventQueue-PipelineReportForOneReplicaPipelineSafeModeRule] INFO  safemode.SCMSafeModeManager (SCMSafeModeManager.java:validateSafeModeExitRules(214)) - AtleastOneDatanodeReportedRule rule is successfully validated
2020-11-23 01:30:30,152 [IPC Server handler 0 on default port 36853] INFO  net.NetworkTopologyImpl (NetworkTopologyImpl.java:add(111)) - Added a new node: /default-rack/22e15842-c8f0-466b-8a2b-e723933af459
2020-11-23 01:30:30,152 [IPC Server handler 0 on default port 36853] INFO  node.SCMNodeManager (SCMNodeManager.java:register(282)) - Registered Data node : 22e15842-c8f0-466b-8a2b-e723933af459{ip: 172.17.0.2, host: d1de218a02b0, networkLocation: /default-rack, certSerialId: null}
2020-11-23 01:30:30,152 [EventQueue-PipelineReportForOneReplicaPipelineSafeModeRule] INFO  safemode.SCMSafeModeManager (SCMSafeModeManager.java:validateSafeModeExitRules(214)) - AtleastOneDatanodeReportedRule rule is successfully validated
2020-11-23 01:30:30,153 [EventQueue-NodeRegistrationContainerReportForDataNodeSafeModeRule] INFO  safemode.SCMSafeModeManager (SCMSafeModeManager.java:validateSafeModeExitRules(214)) - DataNodeSafeModeRule rule is successfully validated
2020-11-23 01:30:30,153 [EventQueue-NodeRegistrationContainerReportForContainerSafeModeRule] INFO  safemode.SCMSafeModeManager (SCMSafeModeManager.java:validateSafeModeExitRules(214)) - ContainerSafeModeRule rule is successfully validated
2020-11-23 01:30:30,154 [RatisPipelineUtilsThread] INFO  pipeline.RatisPipelineProvider (RatisPipelineProvider.java:lambda$create$0(161)) - Sending CreatePipelineCommand for pipeline:PipelineID=21f4fb02-1b69-4f6e-98a6-9fcfcb379766 to datanode:22e15842-c8f0-466b-8a2b-e723933af459
2020-11-23 01:30:30,155 [RatisPipelineUtilsThread] INFO  pipeline.PipelineStateManager (PipelineStateManager.java:addPipeline(54)) - Created pipeline Pipeline[ Id: 21f4fb02-1b69-4f6e-98a6-9fcfcb379766, Nodes: 22e15842-c8f0-466b-8a2b-e723933af459{ip: 172.17.0.2, host: d1de218a02b0, networkLocation: /default-rack, certSerialId: null}, Type:RATIS, Factor:ONE, State:ALLOCATED, leaderId:, CreationTimestamp2020-11-23T01:30:30.154Z]
2020-11-23 01:30:30,155 [RatisPipelineUtilsThread] WARN  pipeline.PipelinePlacementPolicy (PipelinePlacementPolicy.java:filterViableNodes(138)) - Pipeline creation failed due to no sufficient healthy datanodes. Required 3. Found 2.
2020-11-23 01:30:30,387 [Listener at 127.0.0.1/11620] INFO  ozone.MiniOzoneClusterImpl (MiniOzoneClusterImpl.java:lambda$waitForClusterToBeReady$0(178)) - Waiting for nodes to be ready. Got 2 of 3 DN Heartbeats.
2020-11-23 01:30:30,388 [Listener at 127.0.0.1/11620] INFO  ozone.MiniOzoneClusterImpl (MiniOzoneClusterImpl.java:lambda$waitForClusterToBeReady$0(181)) - Waiting for cluster to exit safe mode
2020-11-23 01:30:30,398 [IPC Server handler 1 on default port 36853] INFO  net.NetworkTopologyImpl (NetworkTopologyImpl.java:add(111)) - Added a new node: /default-rack/409b856c-adf0-49b2-b5bb-722eb6966ee0
2020-11-23 01:30:30,399 [IPC Server handler 1 on default port 36853] INFO  node.SCMNodeManager (SCMNodeManager.java:register(282)) - Registered Data node : 409b856c-adf0-49b2-b5bb-722eb6966ee0{ip: 172.17.0.2, host: d1de218a02b0, networkLocation: /default-rack, certSerialId: null}
2020-11-23 01:30:30,399 [EventQueue-NodeRegistrationContainerReportForDataNodeSafeModeRule] INFO  safemode.SCMSafeModeManager (SCMSafeModeManager.java:validateSafeModeExitRules(214)) - DataNodeSafeModeRule rule is successfully validated
2020-11-23 01:30:30,399 [EventQueue-NodeRegistrationContainerReportForContainerSafeModeRule] INFO  safemode.SCMSafeModeManager (SCMSafeModeManager.java:validateSafeModeExitRules(214)) - ContainerSafeModeRule rule is successfully validated
2020-11-23 01:30:30,400 [RatisPipelineUtilsThread] INFO  pipeline.RatisPipelineProvider (RatisPipelineProvider.java:lambda$create$0(161)) - Sending CreatePipelineCommand for pipeline:PipelineID=9a30bf38-ea2b-4e6e-bbaf-f17ddb8adb70 to datanode:409b856c-adf0-49b2-b5bb-722eb6966ee0
2020-11-23 01:30:30,400 [EventQueue-PipelineReportForOneReplicaPipelineSafeModeRule] INFO  safemode.SCMSafeModeManager (SCMSafeModeManager.java:validateSafeModeExitRules(214)) - AtleastOneDatanodeReportedRule rule is successfully validated
2020-11-23 01:30:30,400 [RatisPipelineUtilsThread] INFO  pipeline.PipelineStateManager (PipelineStateManager.java:addPipeline(54)) - Created pipeline Pipeline[ Id: 9a30bf38-ea2b-4e6e-bbaf-f17ddb8adb70, Nodes: 409b856c-adf0-49b2-b5bb-722eb6966ee0{ip: 172.17.0.2, host: d1de218a02b0, networkLocation: /default-rack, certSerialId: null}, Type:RATIS, Factor:ONE, State:ALLOCATED, leaderId:, CreationTimestamp2020-11-23T01:30:30.400Z]
2020-11-23 01:30:30,401 [RatisPipelineUtilsThread] INFO  pipeline.RatisPipelineProvider (RatisPipelineProvider.java:lambda$create$0(161)) - Sending CreatePipelineCommand for pipeline:PipelineID=a5b3f791-2369-44c1-a6b9-ad6ab9fe452e to datanode:22e15842-c8f0-466b-8a2b-e723933af459
2020-11-23 01:30:30,401 [RatisPipelineUtilsThread] INFO  pipeline.RatisPipelineProvider (RatisPipelineProvider.java:lambda$create$0(161)) - Sending CreatePipelineCommand for pipeline:PipelineID=a5b3f791-2369-44c1-a6b9-ad6ab9fe452e to datanode:409b856c-adf0-49b2-b5bb-722eb6966ee0
2020-11-23 01:30:30,401 [RatisPipelineUtilsThread] INFO  pipeline.RatisPipelineProvider (RatisPipelineProvider.java:lambda$create$0(161)) - Sending CreatePipelineCommand for pipeline:PipelineID=a5b3f791-2369-44c1-a6b9-ad6ab9fe452e to datanode:2ffef469-2151-4b59-9d91-8a9d10d6bfea
2020-11-23 01:30:30,402 [RatisPipelineUtilsThread] INFO  pipeline.PipelineStateManager (PipelineStateManager.java:addPipeline(54)) - Created pipeline Pipeline[ Id: a5b3f791-2369-44c1-a6b9-ad6ab9fe452e, Nodes: 22e15842-c8f0-466b-8a2b-e723933af459{ip: 172.17.0.2, host: d1de218a02b0, networkLocation: /default-rack, certSerialId: null}409b856c-adf0-49b2-b5bb-722eb6966ee0{ip: 172.17.0.2, host: d1de218a02b0, networkLocation: /default-rack, certSerialId: null}2ffef469-2151-4b59-9d91-8a9d10d6bfea{ip: 172.17.0.2, host: d1de218a02b0, networkLocation: /default-rack, certSerialId: null}, Type:RATIS, Factor:THREE, State:ALLOCATED, leaderId:, CreationTimestamp2020-11-23T01:30:30.401Z]
2020-11-23 01:30:31,388 [Listener at 127.0.0.1/11620] INFO  ozone.MiniOzoneClusterImpl (MiniOzoneClusterImpl.java:lambda$waitForClusterToBeReady$0(178)) - Nodes are ready. Got 3 of 3 DN Heartbeats.
2020-11-23 01:30:31,388 [Listener at 127.0.0.1/11620] INFO  ozone.MiniOzoneClusterImpl (MiniOzoneClusterImpl.java:lambda$waitForClusterToBeReady$0(181)) - Waiting for cluster to exit safe mode
2020-11-23 01:30:32,388 [Listener at 127.0.0.1/11620] INFO  ozone.MiniOzoneClusterImpl (MiniOzoneClusterImpl.java:lambda$waitForClusterToBeReady$0(178)) - Nodes are ready. Got 3 of 3 DN Heartbeats.
2020-11-23 01:30:32,389 [Listener at 127.0.0.1/11620] INFO  ozone.MiniOzoneClusterImpl (MiniOzoneClusterImpl.java:lambda$waitForClusterToBeReady$0(181)) - Waiting for cluster to exit safe mode
2020-11-23 01:30:32,972 [Command processor thread] INFO  impl.RaftServerProxy (RaftServerProxy.java:addNew(93)) - 2ffef469-2151-4b59-9d91-8a9d10d6bfea: addNew group-4FA53115A70C:[2ffef469-2151-4b59-9d91-8a9d10d6bfea|rpc:172.17.0.2:39551] returns group-4FA53115A70C:java.util.concurrent.CompletableFuture@67f749b4[Not completed]
2020-11-23 01:30:32,975 [pool-179-thread-1] INFO  impl.RaftServerImpl (RaftServerImpl.java:<init>(121)) - 2ffef469-2151-4b59-9d91-8a9d10d6bfea: new RaftServerImpl for group-4FA53115A70C:[2ffef469-2151-4b59-9d91-8a9d10d6bfea|rpc:172.17.0.2:39551] with ContainerStateMachine:uninitialized
2020-11-23 01:30:32,975 [pool-179-thread-1] INFO  server.RaftServerConfigKeys (ConfUtils.java:logGet(44)) - raft.server.rpc.timeout.min = 5s (custom)
2020-11-23 01:30:32,975 [pool-179-thread-1] INFO  server.RaftServerConfigKeys (ConfUtils.java:logGet(44)) - raft.server.rpc.timeout.max = 5200ms (custom)
2020-11-23 01:30:32,975 [pool-179-thread-1] INFO  server.RaftServerConfigKeys (ConfUtils.java:logGet(44)) - raft.server.rpc.slowness.timeout = 300s (custom)
2020-11-23 01:30:32,975 [pool-179-thread-1] INFO  server.RaftServerConfigKeys (ConfUtils.java:logGet(44)) - raft.server.leaderelection.leader.step-down.wait-time = 10s (default)
2020-11-23 01:30:32,976 [pool-179-thread-1] INFO  server.RaftServerConfigKeys (ConfUtils.java:logGet(44)) - raft.server.sleep.deviation.threshold = 300 (default)
2020-11-23 01:30:32,976 [pool-179-thread-1] INFO  server.RaftServerConfigKeys (ConfUtils.java:logGet(44)) - raft.server.log.appender.install.snapshot.enabled = false (custom)
2020-11-23 01:30:32,976 [pool-179-thread-1] INFO  impl.RaftServerImpl (ServerState.java:<init>(104)) - 2ffef469-2151-4b59-9d91-8a9d10d6bfea@group-4FA53115A70C: ConfigurationManager, init=-1: [2ffef469-2151-4b59-9d91-8a9d10d6bfea|rpc:172.17.0.2:39551], old=null, confs=<EMPTY_MAP>
2020-11-23 01:30:32,976 [pool-179-thread-1] INFO  server.RaftServerConfigKeys (ConfUtils.java:logGet(44)) - raft.server.storage.dir = [/github/workspace/mnt/ozone/hadoop-ozone/integration-test/target/test-dir/MiniOzoneClusterImpl-9d05a325-c6bd-459e-80b5-8a813f22569b/datanode-0/data/ratis] (custom)
2020-11-23 01:30:32,976 [pool-179-thread-1] INFO  server.RaftServerConfigKeys (ConfUtils.java:logGet(44)) - raft.server.log.corruption.policy = EXCEPTION (default)
2020-11-23 01:30:32,976 [pool-179-thread-1] INFO  storage.RaftStorageDirectory (RaftStorageDirectory.java:analyzeStorage(261)) - The storage directory /github/workspace/mnt/ozone/hadoop-ozone/integration-test/target/test-dir/MiniOzoneClusterImpl-9d05a325-c6bd-459e-80b5-8a813f22569b/datanode-0/data/ratis/caa9ebfa-2e91-4ccd-b52a-4fa53115a70c does not exist. Creating ...
2020-11-23 01:30:32,979 [pool-179-thread-1] INFO  storage.RaftStorageDirectory (RaftStorageDirectory.java:tryLock(343)) - Lock on /github/workspace/mnt/ozone/hadoop-ozone/integration-test/target/test-dir/MiniOzoneClusterImpl-9d05a325-c6bd-459e-80b5-8a813f22569b/datanode-0/data/ratis/caa9ebfa-2e91-4ccd-b52a-4fa53115a70c/in_use.lock acquired by nodename 29491@d1de218a02b0
2020-11-23 01:30:32,981 [pool-179-thread-1] INFO  storage.RaftStorage (RaftStorage.java:format(85)) - Storage directory /github/workspace/mnt/ozone/hadoop-ozone/integration-test/target/test-dir/MiniOzoneClusterImpl-9d05a325-c6bd-459e-80b5-8a813f22569b/datanode-0/data/ratis/caa9ebfa-2e91-4ccd-b52a-4fa53115a70c has been successfully formatted.
2020-11-23 01:30:32,982 [pool-179-thread-1] INFO  ratis.ContainerStateMachine (ContainerStateMachine.java:loadSnapshot(225)) - group-4FA53115A70C: The snapshot info is null. Setting the last applied indexto:(t:0, i:~)
2020-11-23 01:30:32,982 [pool-179-thread-1] INFO  server.RaftServerConfigKeys (ConfUtils.java:logGet(44)) - raft.server.notification.no-leader.timeout = 300s (custom)
2020-11-23 01:30:32,983 [EventQueue-PipelineReportForOneReplicaPipelineSafeModeRule] INFO  safemode.SCMSafeModeManager (SCMSafeModeManager.java:validateSafeModeExitRules(214)) - AtleastOneDatanodeReportedRule rule is successfully validated
2020-11-23 01:30:32,982 [EventQueue-PipelineReportForPipelineReportHandler] INFO  pipeline.PipelineStateManager (PipelineStateManager.java:openPipeline(132)) - Pipeline Pipeline[ Id: caa9ebfa-2e91-4ccd-b52a-4fa53115a70c, Nodes: 2ffef469-2151-4b59-9d91-8a9d10d6bfea{ip: 172.17.0.2, host: d1de218a02b0, networkLocation: /default-rack, certSerialId: null}, Type:RATIS, Factor:ONE, State:ALLOCATED, leaderId:2ffef469-2151-4b59-9d91-8a9d10d6bfea, CreationTimestamp2020-11-23T01:30:29.975Z] moved to OPEN state
2020-11-23 01:30:32,984 [pool-179-thread-1] INFO  server.RaftServerConfigKeys (ConfUtils.java:logGet(44)) - raft.server.log.use.memory = false (default)
2020-11-23 01:30:32,984 [pool-179-thread-1] INFO  server.RaftServerConfigKeys (ConfUtils.java:logGet(44)) - raft.server.log.purge.gap = 1000000 (custom)
2020-11-23 01:30:32,985 [pool-179-thread-1] INFO  metrics.RatisMetrics (RatisMetrics.java:lambda$create$0(36)) - Creating Metrics Registry : ratis.log_worker.2ffef469-2151-4b59-9d91-8a9d10d6bfea@group-4FA53115A70C
2020-11-23 01:30:32,985 [pool-179-thread-1] INFO  server.RaftServerConfigKeys (ConfUtils.java:logGet(44)) - raft.server.log.appender.buffer.byte-limit = 33554432 (custom)
2020-11-23 01:30:32,986 [pool-179-thread-1] INFO  server.RaftServerConfigKeys (ConfUtils.java:logGet(44)) - raft.server.log.segment.size.max = 1048576 (custom)
2020-11-23 01:30:32,987 [pool-179-thread-1] INFO  server.RaftServerConfigKeys (ConfUtils.java:logGet(44)) - raft.server.log.segment.cache.num.max = 2 (custom)
2020-11-23 01:30:32,987 [pool-179-thread-1] INFO  segmented.SegmentedRaftLogWorker (SegmentedRaftLogWorker.java:<init>(180)) - new 2ffef469-2151-4b59-9d91-8a9d10d6bfea@group-4FA53115A70C-SegmentedRaftLogWorker for RaftStorage:Storage Directory /github/workspace/mnt/ozone/hadoop-ozone/integration-test/target/test-dir/MiniOzoneClusterImpl-9d05a325-c6bd-459e-80b5-8a813f22569b/datanode-0/data/ratis/caa9ebfa-2e91-4ccd-b52a-4fa53115a70c
2020-11-23 01:30:32,987 [pool-179-thread-1] INFO  server.RaftServerConfigKeys (ConfUtils.java:logGet(44)) - raft.server.log.queue.byte-limit = 2147483647 (custom)
2020-11-23 01:30:32,987 [pool-179-thread-1] INFO  server.RaftServerConfigKeys (ConfUtils.java:logGet(44)) - raft.server.log.queue.element-limit = 1024 (custom)
2020-11-23 01:30:32,987 [pool-179-thread-1] INFO  server.RaftServerConfigKeys (ConfUtils.java:logGet(44)) - raft.server.log.segment.size.max = 1048576 (custom)
2020-11-23 01:30:32,988 [pool-179-thread-1] INFO  server.RaftServerConfigKeys (ConfUtils.java:logGet(44)) - raft.server.log.preallocated.size = 16384 (custom)
2020-11-23 01:30:32,988 [pool-179-thread-1] INFO  server.RaftServerConfigKeys (ConfUtils.java:logGet(44)) - raft.server.log.write.buffer.size = 1048576 (custom)
2020-11-23 01:30:32,988 [pool-179-thread-1] INFO  server.RaftServerConfigKeys (ConfUtils.java:logGet(44)) - raft.server.log.force.sync.num = 128 (default)
2020-11-23 01:30:32,988 [pool-179-thread-1] INFO  server.RaftServerConfigKeys (ConfUtils.java:logGet(44)) - raft.server.log.statemachine.data.sync = true (default)
2020-11-23 01:30:32,988 [pool-179-thread-1] INFO  server.RaftServerConfigKeys (ConfUtils.java:logGet(44)) - raft.server.log.statemachine.data.sync.timeout = 10s (default)
2020-11-23 01:30:32,988 [pool-179-thread-1] INFO  server.RaftServerConfigKeys (ConfUtils.java:logGet(44)) - raft.server.log.statemachine.data.sync.timeout.retry = -1 (default)
2020-11-23 01:30:32,993 [EventQueue-OpenPipelineForHealthyPipelineSafeModeRule] INFO  safemode.SCMSafeModeManager (HealthyPipelineSafeModeRule.java:process(128)) - SCM in safe mode. Healthy pipelines reported count is 0, required healthy pipeline reported count is 1
2020-11-23 01:30:32,995 [pool-179-thread-1] INFO  server.RaftServerConfigKeys (ConfUtils.java:logGet(44)) - raft.server.log.statemachine.data.caching.enabled = true (custom)
2020-11-23 01:30:32,995 [pool-179-thread-1] INFO  segmented.SegmentedRaftLogWorker (SegmentedRaftLogWorker.java:lambda$new$0(129)) - 2ffef469-2151-4b59-9d91-8a9d10d6bfea@group-4FA53115A70C-SegmentedRaftLogWorker: flushIndex: setUnconditionally 0 -> -1
2020-11-23 01:30:32,995 [pool-179-thread-1] INFO  segmented.SegmentedRaftLogWorker (SegmentedRaftLogWorker.java:lambda$new$0(129)) - 2ffef469-2151-4b59-9d91-8a9d10d6bfea@group-4FA53115A70C-SegmentedRaftLogWorker: safeCacheEvictIndex: setUnconditionally 0 -> -1
2020-11-23 01:30:32,995 [pool-179-thread-1] INFO  server.RaftServerConfigKeys (ConfUtils.java:logGet(44)) - raft.server.snapshot.auto.trigger.enabled = true (custom)
2020-11-23 01:30:32,996 [pool-179-thread-1] INFO  server.RaftServerConfigKeys (ConfUtils.java:logGet(44)) - raft.server.snapshot.auto.trigger.threshold = 10000 (custom)
2020-11-23 01:30:32,996 [pool-179-thread-1] INFO  server.RaftServerConfigKeys (ConfUtils.java:logGet(44)) - raft.server.snapshot.retention.file.num = 5 (custom)
2020-11-23 01:30:32,996 [pool-179-thread-1] INFO  server.RaftServerConfigKeys (ConfUtils.java:logGet(44)) - raft.server.log.purge.upto.snapshot.index = false (default)
2020-11-23 01:30:32,996 [pool-179-thread-1] INFO  server.RaftServerConfigKeys (ConfUtils.java:logGet(44)) - raft.server.retrycache.expirytime = 600000ms (custom)
2020-11-23 01:30:32,996 [pool-179-thread-1] INFO  metrics.RatisMetrics (RatisMetrics.java:lambda$create$0(36)) - Creating Metrics Registry : ratis.leader_election.2ffef469-2151-4b59-9d91-8a9d10d6bfea@group-4FA53115A70C
2020-11-23 01:30:32,998 [pool-179-thread-1] INFO  metrics.RatisMetrics (RatisMetrics.java:lambda$create$0(36)) - Creating Metrics Registry : ratis.server.2ffef469-2151-4b59-9d91-8a9d10d6bfea@group-4FA53115A70C
2020-11-23 01:30:32,999 [pool-179-thread-1] INFO  impl.RaftServerImpl (RaftServerImpl.java:start(215)) - 2ffef469-2151-4b59-9d91-8a9d10d6bfea@group-4FA53115A70C: start as a follower, conf=-1: [2ffef469-2151-4b59-9d91-8a9d10d6bfea|rpc:172.17.0.2:39551], old=null
2020-11-23 01:30:32,999 [pool-179-thread-1] INFO  impl.RaftServerImpl (RaftServerImpl.java:setRole(204)) - 2ffef469-2151-4b59-9d91-8a9d10d6bfea@group-4FA53115A70C: changes role from      null to FOLLOWER at term 0 for startAsFollower
2020-11-23 01:30:32,999 [pool-179-thread-1] INFO  impl.RoleInfo (RoleInfo.java:updateAndGet(143)) - 2ffef469-2151-4b59-9d91-8a9d10d6bfea: start 2ffef469-2151-4b59-9d91-8a9d10d6bfea@group-4FA53115A70C-FollowerState
2020-11-23 01:30:33,002 [pool-179-thread-1] INFO  util.JmxRegister (JmxRegister.java:tryRegister(44)) - Successfully registered JMX Bean with object name Ratis:service=RaftServer,group=group-4FA53115A70C,id=2ffef469-2151-4b59-9d91-8a9d10d6bfea
2020-11-23 01:30:33,002 [pool-179-thread-1] INFO  metrics.RatisMetrics (RatisMetrics.java:lambda$create$0(36)) - Creating Metrics Registry : ratis.state_machine.2ffef469-2151-4b59-9d91-8a9d10d6bfea@group-4FA53115A70C
2020-11-23 01:30:33,003 [Command processor thread] INFO  commandhandler.CreatePipelineCommandHandler (CreatePipelineCommandHandler.java:handle(106)) - Created Pipeline RATIS ONE PipelineID=caa9ebfa-2e91-4ccd-b52a-4fa53115a70c.
2020-11-23 01:30:33,004 [Command processor thread] INFO  impl.RaftServerProxy (RaftServerProxy.java:addNew(93)) - 2ffef469-2151-4b59-9d91-8a9d10d6bfea: addNew group-AD6AB9FE452E:[22e15842-c8f0-466b-8a2b-e723933af459|rpc:172.17.0.2:44143, 2ffef469-2151-4b59-9d91-8a9d10d6bfea|rpc:172.17.0.2:39551, 409b856c-adf0-49b2-b5bb-722eb6966ee0|rpc:172.17.0.2:45539] returns group-AD6AB9FE452E:java.util.concurrent.CompletableFuture@63c8c192[Not completed]
2020-11-23 01:30:33,005 [pool-179-thread-1] INFO  impl.RaftServerImpl (RaftServerImpl.java:<init>(121)) - 2ffef469-2151-4b59-9d91-8a9d10d6bfea: new RaftServerImpl for group-AD6AB9FE452E:[22e15842-c8f0-466b-8a2b-e723933af459|rpc:172.17.0.2:44143, 2ffef469-2151-4b59-9d91-8a9d10d6bfea|rpc:172.17.0.2:39551, 409b856c-adf0-49b2-b5bb-722eb6966ee0|rpc:172.17.0.2:45539] with ContainerStateMachine:uninitialized
2020-11-23 01:30:33,005 [pool-179-thread-1] INFO  server.RaftServerConfigKeys (ConfUtils.java:logGet(44)) - raft.server.rpc.timeout.min = 5s (custom)
2020-11-23 01:30:33,005 [pool-179-thread-1] INFO  server.RaftServerConfigKeys (ConfUtils.java:logGet(44)) - raft.server.rpc.timeout.max = 5200ms (custom)
2020-11-23 01:30:33,005 [pool-179-thread-1] INFO  server.RaftServerConfigKeys (ConfUtils.java:logGet(44)) - raft.server.rpc.slowness.timeout = 300s (custom)
2020-11-23 01:30:33,005 [pool-179-thread-1] INFO  server.RaftServerConfigKeys (ConfUtils.java:logGet(44)) - raft.server.leaderelection.leader.step-down.wait-time = 10s (default)
2020-11-23 01:30:33,005 [pool-179-thread-1] INFO  server.RaftServerConfigKeys (ConfUtils.java:logGet(44)) - raft.server.sleep.deviation.threshold = 300 (default)
2020-11-23 01:30:33,005 [pool-179-thread-1] INFO  server.RaftServerConfigKeys (ConfUtils.java:logGet(44)) - raft.server.log.appender.install.snapshot.enabled = false (custom)
2020-11-23 01:30:33,005 [pool-179-thread-1] INFO  impl.RaftServerImpl (ServerState.java:<init>(104)) - 2ffef469-2151-4b59-9d91-8a9d10d6bfea@group-AD6AB9FE452E: ConfigurationManager, init=-1: [22e15842-c8f0-466b-8a2b-e723933af459|rpc:172.17.0.2:44143, 2ffef469-2151-4b59-9d91-8a9d10d6bfea|rpc:172.17.0.2:39551, 409b856c-adf0-49b2-b5bb-722eb6966ee0|rpc:172.17.0.2:45539], old=null, confs=<EMPTY_MAP>
2020-11-23 01:30:33,005 [pool-179-thread-1] INFO  server.RaftServerConfigKeys (ConfUtils.java:logGet(44)) - raft.server.storage.dir = [/github/workspace/mnt/ozone/hadoop-ozone/integration-test/target/test-dir/MiniOzoneClusterImpl-9d05a325-c6bd-459e-80b5-8a813f22569b/datanode-0/data/ratis] (custom)
2020-11-23 01:30:33,006 [pool-179-thread-1] INFO  server.RaftServerConfigKeys (ConfUtils.java:logGet(44)) - raft.server.log.corruption.policy = EXCEPTION (default)
2020-11-23 01:30:33,006 [pool-179-thread-1] INFO  storage.RaftStorageDirectory (RaftStorageDirectory.java:analyzeStorage(261)) - The storage directory /github/workspace/mnt/ozone/hadoop-ozone/integration-test/target/test-dir/MiniOzoneClusterImpl-9d05a325-c6bd-459e-80b5-8a813f22569b/datanode-0/data/ratis/a5b3f791-2369-44c1-a6b9-ad6ab9fe452e does not exist. Creating ...
2020-11-23 01:30:33,007 [pool-179-thread-1] INFO  storage.RaftStorageDirectory (RaftStorageDirectory.java:tryLock(343)) - Lock on /github/workspace/mnt/ozone/hadoop-ozone/integration-test/target/test-dir/MiniOzoneClusterImpl-9d05a325-c6bd-459e-80b5-8a813f22569b/datanode-0/data/ratis/a5b3f791-2369-44c1-a6b9-ad6ab9fe452e/in_use.lock acquired by nodename 29491@d1de218a02b0
2020-11-23 01:30:33,009 [pool-179-thread-1] INFO  storage.RaftStorage (RaftStorage.java:format(85)) - Storage directory /github/workspace/mnt/ozone/hadoop-ozone/integration-test/target/test-dir/MiniOzoneClusterImpl-9d05a325-c6bd-459e-80b5-8a813f22569b/datanode-0/data/ratis/a5b3f791-2369-44c1-a6b9-ad6ab9fe452e has been successfully formatted.
2020-11-23 01:30:33,010 [pool-179-thread-1] INFO  ratis.ContainerStateMachine (ContainerStateMachine.java:loadSnapshot(225)) - group-AD6AB9FE452E: The snapshot info is null. Setting the last applied indexto:(t:0, i:~)
2020-11-23 01:30:33,010 [pool-179-thread-1] INFO  server.RaftServerConfigKeys (ConfUtils.java:logGet(44)) - raft.server.notification.no-leader.timeout = 300s (custom)
2020-11-23 01:30:33,010 [pool-179-thread-1] INFO  server.RaftServerConfigKeys (ConfUtils.java:logGet(44)) - raft.server.log.use.memory = false (default)
2020-11-23 01:30:33,011 [EventQueue-OpenPipelineForHealthyPipelineSafeModeRule] INFO  safemode.SCMSafeModeManager (HealthyPipelineSafeModeRule.java:process(128)) - SCM in safe mode. Healthy pipelines reported count is 0, required healthy pipeline reported count is 1
2020-11-23 01:30:33,011 [pool-179-thread-1] INFO  server.RaftServerConfigKeys (ConfUtils.java:logGet(44)) - raft.server.log.purge.gap = 1000000 (custom)
2020-11-23 01:30:33,011 [pool-179-thread-1] INFO  metrics.RatisMetrics (RatisMetrics.java:lambda$create$0(36)) - Creating Metrics Registry : ratis.log_worker.2ffef469-2151-4b59-9d91-8a9d10d6bfea@group-AD6AB9FE452E
2020-11-23 01:30:33,011 [EventQueue-PipelineReportForOneReplicaPipelineSafeModeRule] INFO  safemode.SCMSafeModeManager (SCMSafeModeManager.java:validateSafeModeExitRules(214)) - AtleastOneDatanodeReportedRule rule is successfully validated
2020-11-23 01:30:33,011 [pool-179-thread-1] INFO  server.RaftServerConfigKeys (ConfUtils.java:logGet(44)) - raft.server.log.appender.buffer.byte-limit = 33554432 (custom)
2020-11-23 01:30:33,012 [pool-179-thread-1] INFO  server.RaftServerConfigKeys (ConfUtils.java:logGet(44)) - raft.server.log.segment.size.max = 1048576 (custom)
2020-11-23 01:30:33,012 [pool-179-thread-1] INFO  server.RaftServerConfigKeys (ConfUtils.java:logGet(44)) - raft.server.log.segment.cache.num.max = 2 (custom)
2020-11-23 01:30:33,012 [pool-179-thread-1] INFO  segmented.SegmentedRaftLogWorker (SegmentedRaftLogWorker.java:<init>(180)) - new 2ffef469-2151-4b59-9d91-8a9d10d6bfea@group-AD6AB9FE452E-SegmentedRaftLogWorker for RaftStorage:Storage Directory /github/workspace/mnt/ozone/hadoop-ozone/integration-test/target/test-dir/MiniOzoneClusterImpl-9d05a325-c6bd-459e-80b5-8a813f22569b/datanode-0/data/ratis/a5b3f791-2369-44c1-a6b9-ad6ab9fe452e
2020-11-23 01:30:33,012 [pool-179-thread-1] INFO  server.RaftServerConfigKeys (ConfUtils.java:logGet(44)) - raft.server.log.queue.byte-limit = 2147483647 (custom)
2020-11-23 01:30:33,013 [pool-179-thread-1] INFO  server.RaftServerConfigKeys (ConfUtils.java:logGet(44)) - raft.server.log.queue.element-limit = 1024 (custom)
2020-11-23 01:30:33,013 [pool-179-thread-1] INFO  server.RaftServerConfigKeys (ConfUtils.java:logGet(44)) - raft.server.log.segment.size.max = 1048576 (custom)
2020-11-23 01:30:33,013 [pool-179-thread-1] INFO  server.RaftServerConfigKeys (ConfUtils.java:logGet(44)) - raft.server.log.preallocated.size = 16384 (custom)
2020-11-23 01:30:33,013 [pool-179-thread-1] INFO  server.RaftServerConfigKeys (ConfUtils.java:logGet(44)) - raft.server.log.write.buffer.size = 1048576 (custom)
2020-11-23 01:30:33,013 [pool-179-thread-1] INFO  server.RaftServerConfigKeys (ConfUtils.java:logGet(44)) - raft.server.log.force.sync.num = 128 (default)
2020-11-23 01:30:33,013 [pool-179-thread-1] INFO  server.RaftServerConfigKeys (ConfUtils.java:logGet(44)) - raft.server.log.statemachine.data.sync = true (default)
2020-11-23 01:30:33,013 [pool-179-thread-1] INFO  server.RaftServerConfigKeys (ConfUtils.java:logGet(44)) - raft.server.log.statemachine.data.sync.timeout = 10s (default)
2020-11-23 01:30:33,013 [pool-179-thread-1] INFO  server.RaftServerConfigKeys (ConfUtils.java:logGet(44)) - raft.server.log.statemachine.data.sync.timeout.retry = -1 (default)
2020-11-23 01:30:33,015 [pool-179-thread-1] INFO  server.RaftServerConfigKeys (ConfUtils.java:logGet(44)) - raft.server.log.statemachine.data.caching.enabled = true (custom)
2020-11-23 01:30:33,016 [pool-179-thread-1] INFO  segmented.SegmentedRaftLogWorker (SegmentedRaftLogWorker.java:lambda$new$0(129)) - 2ffef469-2151-4b59-9d91-8a9d10d6bfea@group-AD6AB9FE452E-SegmentedRaftLogWorker: flushIndex: setUnconditionally 0 -> -1
2020-11-23 01:30:33,016 [pool-179-thread-1] INFO  segmented.SegmentedRaftLogWorker (SegmentedRaftLogWorker.java:lambda$new$0(129)) - 2ffef469-2151-4b59-9d91-8a9d10d6bfea@group-AD6AB9FE452E-SegmentedRaftLogWorker: safeCacheEvictIndex: setUnconditionally 0 -> -1
2020-11-23 01:30:33,018 [pool-179-thread-1] INFO  server.RaftServerConfigKeys (ConfUtils.java:logGet(44)) - raft.server.snapshot.auto.trigger.enabled = true (custom)
2020-11-23 01:30:33,018 [pool-179-thread-1] INFO  server.RaftServerConfigKeys (ConfUtils.java:logGet(44)) - raft.server.snapshot.auto.trigger.threshold = 10000 (custom)
2020-11-23 01:30:33,018 [pool-179-thread-1] INFO  server.RaftServerConfigKeys (ConfUtils.java:logGet(44)) - raft.server.snapshot.retention.file.num = 5 (custom)
2020-11-23 01:30:33,018 [pool-179-thread-1] INFO  server.RaftServerConfigKeys (ConfUtils.java:logGet(44)) - raft.server.log.purge.upto.snapshot.index = false (default)
2020-11-23 01:30:33,018 [pool-179-thread-1] INFO  server.RaftServerConfigKeys (ConfUtils.java:logGet(44)) - raft.server.retrycache.expirytime = 600000ms (custom)
2020-11-23 01:30:33,018 [pool-179-thread-1] INFO  metrics.RatisMetrics (RatisMetrics.java:lambda$create$0(36)) - Creating Metrics Registry : ratis.leader_election.2ffef469-2151-4b59-9d91-8a9d10d6bfea@group-AD6AB9FE452E
2020-11-23 01:30:33,019 [pool-179-thread-1] INFO  metrics.RatisMetrics (RatisMetrics.java:lambda$create$0(36)) - Creating Metrics Registry : ratis.server.2ffef469-2151-4b59-9d91-8a9d10d6bfea@group-AD6AB9FE452E
2020-11-23 01:30:33,020 [pool-179-thread-1] INFO  impl.RaftServerImpl (RaftServerImpl.java:start(215)) - 2ffef469-2151-4b59-9d91-8a9d10d6bfea@group-AD6AB9FE452E: start as a follower, conf=-1: [22e15842-c8f0-466b-8a2b-e723933af459|rpc:172.17.0.2:44143, 2ffef469-2151-4b59-9d91-8a9d10d6bfea|rpc:172.17.0.2:39551, 409b856c-adf0-49b2-b5bb-722eb6966ee0|rpc:172.17.0.2:45539], old=null
2020-11-23 01:30:33,020 [pool-179-thread-1] INFO  impl.RaftServerImpl (RaftServerImpl.java:setRole(204)) - 2ffef469-2151-4b59-9d91-8a9d10d6bfea@group-AD6AB9FE452E: changes role from      null to FOLLOWER at term 0 for startAsFollower
2020-11-23 01:30:33,020 [pool-179-thread-1] INFO  impl.RoleInfo (RoleInfo.java:updateAndGet(143)) - 2ffef469-2151-4b59-9d91-8a9d10d6bfea: start 2ffef469-2151-4b59-9d91-8a9d10d6bfea@group-AD6AB9FE452E-FollowerState
2020-11-23 01:30:33,020 [pool-179-thread-1] INFO  util.JmxRegister (JmxRegister.java:tryRegister(44)) - Successfully registered JMX Bean with object name Ratis:service=RaftServer,group=group-AD6AB9FE452E,id=2ffef469-2151-4b59-9d91-8a9d10d6bfea
2020-11-23 01:30:33,021 [pool-179-thread-1] INFO  metrics.RatisMetrics (RatisMetrics.java:lambda$create$0(36)) - Creating Metrics Registry : ratis.state_machine.2ffef469-2151-4b59-9d91-8a9d10d6bfea@group-AD6AB9FE452E
2020-11-23 01:30:33,023 [Command processor thread] INFO  metrics.RatisMetrics (RatisMetrics.java:lambda$create$0(36)) - Creating Metrics Registry : ratis.client_message_metrics.client-D8E747552A0A->22e15842-c8f0-466b-8a2b-e723933af459
2020-11-23 01:30:33,030 [grpc-default-executor-4] INFO  metrics.RatisMetrics (RatisMetrics.java:lambda$create$0(36)) - Creating Metrics Registry : ratis.server_message_metrics.22e15842-c8f0-466b-8a2b-e723933af459
2020-11-23 01:30:33,042 [grpc-default-executor-4] INFO  impl.RaftServerProxy (RaftServerProxy.java:addNew(93)) - 22e15842-c8f0-466b-8a2b-e723933af459: addNew group-AD6AB9FE452E:[22e15842-c8f0-466b-8a2b-e723933af459|rpc:172.17.0.2:44143|dataStream:, 2ffef469-2151-4b59-9d91-8a9d10d6bfea|rpc:172.17.0.2:39551|dataStream:, 409b856c-adf0-49b2-b5bb-722eb6966ee0|rpc:172.17.0.2:45539|dataStream:] returns group-AD6AB9FE452E:java.util.concurrent.CompletableFuture@27b0538[Not completed]
2020-11-23 01:30:33,043 [pool-195-thread-1] INFO  impl.RaftServerImpl (RaftServerImpl.java:<init>(121)) - 22e15842-c8f0-466b-8a2b-e723933af459: new RaftServerImpl for group-AD6AB9FE452E:[22e15842-c8f0-466b-8a2b-e723933af459|rpc:172.17.0.2:44143|dataStream:, 2ffef469-2151-4b59-9d91-8a9d10d6bfea|rpc:172.17.0.2:39551|dataStream:, 409b856c-adf0-49b2-b5bb-722eb6966ee0|rpc:172.17.0.2:45539|dataStream:] with ContainerStateMachine:uninitialized
2020-11-23 01:30:33,043 [pool-195-thread-1] INFO  server.RaftServerConfigKeys (ConfUtils.java:logGet(44)) - raft.server.rpc.timeout.min = 5s (custom)
2020-11-23 01:30:33,043 [pool-195-thread-1] INFO  server.RaftServerConfigKeys (ConfUtils.java:logGet(44)) - raft.server.rpc.timeout.max = 5200ms (custom)
2020-11-23 01:30:33,043 [pool-195-thread-1] INFO  server.RaftServerConfigKeys (ConfUtils.java:logGet(44)) - raft.server.rpc.slowness.timeout = 300s (custom)
2020-11-23 01:30:33,043 [pool-195-thread-1] INFO  server.RaftServerConfigKeys (ConfUtils.java:logGet(44)) - raft.server.leaderelection.leader.step-down.wait-time = 10s (default)
2020-11-23 01:30:33,044 [pool-195-thread-1] INFO  server.RaftServerConfigKeys (ConfUtils.java:logGet(44)) - raft.server.sleep.deviation.threshold = 300 (default)
2020-11-23 01:30:33,044 [pool-195-thread-1] INFO  server.RaftServerConfigKeys (ConfUtils.java:logGet(44)) - raft.server.log.appender.install.snapshot.enabled = false (custom)
2020-11-23 01:30:33,044 [pool-195-thread-1] INFO  impl.RaftServerImpl (ServerState.java:<init>(104)) - 22e15842-c8f0-466b-8a2b-e723933af459@group-AD6AB9FE452E: ConfigurationManager, init=-1: [22e15842-c8f0-466b-8a2b-e723933af459|rpc:172.17.0.2:44143|dataStream:, 2ffef469-2151-4b59-9d91-8a9d10d6bfea|rpc:172.17.0.2:39551|dataStream:, 409b856c-adf0-49b2-b5bb-722eb6966ee0|rpc:172.17.0.2:45539|dataStream:], old=null, confs=<EMPTY_MAP>
2020-11-23 01:30:33,044 [pool-195-thread-1] INFO  server.RaftServerConfigKeys (ConfUtils.java:logGet(44)) - raft.server.storage.dir = [/github/workspace/mnt/ozone/hadoop-ozone/integration-test/target/test-dir/MiniOzoneClusterImpl-9d05a325-c6bd-459e-80b5-8a813f22569b/datanode-1/data/ratis] (custom)
2020-11-23 01:30:33,044 [pool-195-thread-1] INFO  server.RaftServerConfigKeys (ConfUtils.java:logGet(44)) - raft.server.log.corruption.policy = EXCEPTION (default)
2020-11-23 01:30:33,044 [pool-195-thread-1] INFO  storage.RaftStorageDirectory (RaftStorageDirectory.java:analyzeStorage(261)) - The storage directory /github/workspace/mnt/ozone/hadoop-ozone/integration-test/target/test-dir/MiniOzoneClusterImpl-9d05a325-c6bd-459e-80b5-8a813f22569b/datanode-1/data/ratis/a5b3f791-2369-44c1-a6b9-ad6ab9fe452e does not exist. Creating ...
2020-11-23 01:30:33,045 [pool-195-thread-1] INFO  storage.RaftStorageDirectory (RaftStorageDirectory.java:tryLock(343)) - Lock on /github/workspace/mnt/ozone/hadoop-ozone/integration-test/target/test-dir/MiniOzoneClusterImpl-9d05a325-c6bd-459e-80b5-8a813f22569b/datanode-1/data/ratis/a5b3f791-2369-44c1-a6b9-ad6ab9fe452e/in_use.lock acquired by nodename 29491@d1de218a02b0
2020-11-23 01:30:33,047 [pool-195-thread-1] INFO  storage.RaftStorage (RaftStorage.java:format(85)) - Storage directory /github/workspace/mnt/ozone/hadoop-ozone/integration-test/target/test-dir/MiniOzoneClusterImpl-9d05a325-c6bd-459e-80b5-8a813f22569b/datanode-1/data/ratis/a5b3f791-2369-44c1-a6b9-ad6ab9fe452e has been successfully formatted.
2020-11-23 01:30:33,048 [pool-195-thread-1] INFO  ratis.ContainerStateMachine (ContainerStateMachine.java:loadSnapshot(225)) - group-AD6AB9FE452E: The snapshot info is null. Setting the last applied indexto:(t:0, i:~)
2020-11-23 01:30:33,048 [pool-195-thread-1] INFO  server.RaftServerConfigKeys (ConfUtils.java:logGet(44)) - raft.server.notification.no-leader.timeout = 300s (custom)
2020-11-23 01:30:33,048 [pool-195-thread-1] INFO  server.RaftServerConfigKeys (ConfUtils.java:logGet(44)) - raft.server.log.use.memory = false (default)
2020-11-23 01:30:33,048 [pool-195-thread-1] INFO  server.RaftServerConfigKeys (ConfUtils.java:logGet(44)) - raft.server.log.purge.gap = 1000000 (custom)
2020-11-23 01:30:33,048 [pool-195-thread-1] INFO  metrics.RatisMetrics (RatisMetrics.java:lambda$create$0(36)) - Creating Metrics Registry : ratis.log_worker.22e15842-c8f0-466b-8a2b-e723933af459@group-AD6AB9FE452E
2020-11-23 01:30:33,049 [EventQueue-PipelineReportForOneReplicaPipelineSafeModeRule] INFO  safemode.SCMSafeModeManager (SCMSafeModeManager.java:validateSafeModeExitRules(214)) - AtleastOneDatanodeReportedRule rule is successfully validated
2020-11-23 01:30:33,050 [pool-195-thread-1] INFO  server.RaftServerConfigKeys (ConfUtils.java:logGet(44)) - raft.server.log.appender.buffer.byte-limit = 33554432 (custom)
2020-11-23 01:30:33,050 [pool-195-thread-1] INFO  server.RaftServerConfigKeys (ConfUtils.java:logGet(44)) - raft.server.log.segment.size.max = 1048576 (custom)
2020-11-23 01:30:33,051 [pool-195-thread-1] INFO  server.RaftServerConfigKeys (ConfUtils.java:logGet(44)) - raft.server.log.segment.cache.num.max = 2 (custom)
2020-11-23 01:30:33,051 [pool-195-thread-1] INFO  segmented.SegmentedRaftLogWorker (SegmentedRaftLogWorker.java:<init>(180)) - new 22e15842-c8f0-466b-8a2b-e723933af459@group-AD6AB9FE452E-SegmentedRaftLogWorker for RaftStorage:Storage Directory /github/workspace/mnt/ozone/hadoop-ozone/integration-test/target/test-dir/MiniOzoneClusterImpl-9d05a325-c6bd-459e-80b5-8a813f22569b/datanode-1/data/ratis/a5b3f791-2369-44c1-a6b9-ad6ab9fe452e
2020-11-23 01:30:33,051 [pool-195-thread-1] INFO  server.RaftServerConfigKeys (ConfUtils.java:logGet(44)) - raft.server.log.queue.byte-limit = 2147483647 (custom)
2020-11-23 01:30:33,051 [pool-195-thread-1] INFO  server.RaftServerConfigKeys (ConfUtils.java:logGet(44)) - raft.server.log.queue.element-limit = 1024 (custom)
2020-11-23 01:30:33,051 [pool-195-thread-1] INFO  server.RaftServerConfigKeys (ConfUtils.java:logGet(44)) - raft.server.log.segment.size.max = 1048576 (custom)
2020-11-23 01:30:33,051 [pool-195-thread-1] INFO  server.RaftServerConfigKeys (ConfUtils.java:logGet(44)) - raft.server.log.preallocated.size = 16384 (custom)
2020-11-23 01:30:33,051 [pool-195-thread-1] INFO  server.RaftServerConfigKeys (ConfUtils.java:logGet(44)) - raft.server.log.write.buffer.size = 1048576 (custom)
2020-11-23 01:30:33,051 [pool-195-thread-1] INFO  server.RaftServerConfigKeys (ConfUtils.java:logGet(44)) - raft.server.log.force.sync.num = 128 (default)
2020-11-23 01:30:33,052 [pool-195-thread-1] INFO  server.RaftServerConfigKeys (ConfUtils.java:logGet(44)) - raft.server.log.statemachine.data.sync = true (default)
2020-11-23 01:30:33,052 [pool-195-thread-1] INFO  server.RaftServerConfigKeys (ConfUtils.java:logGet(44)) - raft.server.log.statemachine.data.sync.timeout = 10s (default)
2020-11-23 01:30:33,052 [pool-195-thread-1] INFO  server.RaftServerConfigKeys (ConfUtils.java:logGet(44)) - raft.server.log.statemachine.data.sync.timeout.retry = -1 (default)
2020-11-23 01:30:33,054 [pool-195-thread-1] INFO  server.RaftServerConfigKeys (ConfUtils.java:logGet(44)) - raft.server.log.statemachine.data.caching.enabled = true (custom)
2020-11-23 01:30:33,054 [pool-195-thread-1] INFO  segmented.SegmentedRaftLogWorker (SegmentedRaftLogWorker.java:lambda$new$0(129)) - 22e15842-c8f0-466b-8a2b-e723933af459@group-AD6AB9FE452E-SegmentedRaftLogWorker: flushIndex: setUnconditionally 0 -> -1
2020-11-23 01:30:33,054 [pool-195-thread-1] INFO  segmented.SegmentedRaftLogWorker (SegmentedRaftLogWorker.java:lambda$new$0(129)) - 22e15842-c8f0-466b-8a2b-e723933af459@group-AD6AB9FE452E-SegmentedRaftLogWorker: safeCacheEvictIndex: setUnconditionally 0 -> -1
2020-11-23 01:30:33,058 [pool-195-thread-1] INFO  server.RaftServerConfigKeys (ConfUtils.java:logGet(44)) - raft.server.snapshot.auto.trigger.enabled = true (custom)
2020-11-23 01:30:33,058 [pool-195-thread-1] INFO  server.RaftServerConfigKeys (ConfUtils.java:logGet(44)) - raft.server.snapshot.auto.trigger.threshold = 10000 (custom)
2020-11-23 01:30:33,058 [pool-195-thread-1] INFO  server.RaftServerConfigKeys (ConfUtils.java:logGet(44)) - raft.server.snapshot.retention.file.num = 5 (custom)
2020-11-23 01:30:33,058 [pool-195-thread-1] INFO  server.RaftServerConfigKeys (ConfUtils.java:logGet(44)) - raft.server.log.purge.upto.snapshot.index = false (default)
2020-11-23 01:30:33,058 [pool-195-thread-1] INFO  server.RaftServerConfigKeys (ConfUtils.java:logGet(44)) - raft.server.retrycache.expirytime = 600000ms (custom)
2020-11-23 01:30:33,059 [pool-195-thread-1] INFO  metrics.RatisMetrics (RatisMetrics.java:lambda$create$0(36)) - Creating Metrics Registry : ratis.leader_election.22e15842-c8f0-466b-8a2b-e723933af459@group-AD6AB9FE452E
2020-11-23 01:30:33,059 [pool-195-thread-1] INFO  metrics.RatisMetrics (RatisMetrics.java:lambda$create$0(36)) - Creating Metrics Registry : ratis.server.22e15842-c8f0-466b-8a2b-e723933af459@group-AD6AB9FE452E
2020-11-23 01:30:33,061 [pool-195-thread-1] INFO  impl.RaftServerImpl (RaftServerImpl.java:start(215)) - 22e15842-c8f0-466b-8a2b-e723933af459@group-AD6AB9FE452E: start as a follower, conf=-1: [22e15842-c8f0-466b-8a2b-e723933af459|rpc:172.17.0.2:44143|dataStream:, 2ffef469-2151-4b59-9d91-8a9d10d6bfea|rpc:172.17.0.2:39551|dataStream:, 409b856c-adf0-49b2-b5bb-722eb6966ee0|rpc:172.17.0.2:45539|dataStream:], old=null
2020-11-23 01:30:33,061 [pool-195-thread-1] INFO  impl.RaftServerImpl (RaftServerImpl.java:setRole(204)) - 22e15842-c8f0-466b-8a2b-e723933af459@group-AD6AB9FE452E: changes role from      null to FOLLOWER at term 0 for startAsFollower
2020-11-23 01:30:33,061 [pool-195-thread-1] INFO  impl.RoleInfo (RoleInfo.java:updateAndGet(143)) - 22e15842-c8f0-466b-8a2b-e723933af459: start 22e15842-c8f0-466b-8a2b-e723933af459@group-AD6AB9FE452E-FollowerState
2020-11-23 01:30:33,066 [pool-195-thread-1] INFO  util.JmxRegister (JmxRegister.java:tryRegister(44)) - Successfully registered JMX Bean with object name Ratis:service=RaftServer,group=group-AD6AB9FE452E,id=22e15842-c8f0-466b-8a2b-e723933af459
2020-11-23 01:30:33,066 [pool-195-thread-1] INFO  metrics.RatisMetrics (RatisMetrics.java:lambda$create$0(36)) - Creating Metrics Registry : ratis.state_machine.22e15842-c8f0-466b-8a2b-e723933af459@group-AD6AB9FE452E
2020-11-23 01:30:33,076 [Command processor thread] INFO  metrics.RatisMetrics (RatisMetrics.java:lambda$create$0(36)) - Creating Metrics Registry : ratis.client_message_metrics.client-7C7EA7B13B24->409b856c-adf0-49b2-b5bb-722eb6966ee0
2020-11-23 01:30:33,083 [grpc-default-executor-4] INFO  metrics.RatisMetrics (RatisMetrics.java:lambda$create$0(36)) - Creating Metrics Registry : ratis.server_message_metrics.409b856c-adf0-49b2-b5bb-722eb6966ee0
2020-11-23 01:30:33,087 [grpc-default-executor-4] INFO  impl.RaftServerProxy (RaftServerProxy.java:addNew(93)) - 409b856c-adf0-49b2-b5bb-722eb6966ee0: addNew group-AD6AB9FE452E:[22e15842-c8f0-466b-8a2b-e723933af459|rpc:172.17.0.2:44143|dataStream:, 2ffef469-2151-4b59-9d91-8a9d10d6bfea|rpc:172.17.0.2:39551|dataStream:, 409b856c-adf0-49b2-b5bb-722eb6966ee0|rpc:172.17.0.2:45539|dataStream:] returns group-AD6AB9FE452E:java.util.concurrent.CompletableFuture@2c3a5d2a[Not completed]
2020-11-23 01:30:33,089 [pool-211-thread-1] INFO  impl.RaftServerImpl (RaftServerImpl.java:<init>(121)) - 409b856c-adf0-49b2-b5bb-722eb6966ee0: new RaftServerImpl for group-AD6AB9FE452E:[22e15842-c8f0-466b-8a2b-e723933af459|rpc:172.17.0.2:44143|dataStream:, 2ffef469-2151-4b59-9d91-8a9d10d6bfea|rpc:172.17.0.2:39551|dataStream:, 409b856c-adf0-49b2-b5bb-722eb6966ee0|rpc:172.17.0.2:45539|dataStream:] with ContainerStateMachine:uninitialized
2020-11-23 01:30:33,090 [pool-211-thread-1] INFO  server.RaftServerConfigKeys (ConfUtils.java:logGet(44)) - raft.server.rpc.timeout.min = 5s (custom)
2020-11-23 01:30:33,090 [pool-211-thread-1] INFO  server.RaftServerConfigKeys (ConfUtils.java:logGet(44)) - raft.server.rpc.timeout.max = 5200ms (custom)
2020-11-23 01:30:33,090 [pool-211-thread-1] INFO  server.RaftServerConfigKeys (ConfUtils.java:logGet(44)) - raft.server.rpc.slowness.timeout = 300s (custom)
2020-11-23 01:30:33,090 [pool-211-thread-1] INFO  server.RaftServerConfigKeys (ConfUtils.java:logGet(44)) - raft.server.leaderelection.leader.step-down.wait-time = 10s (default)
2020-11-23 01:30:33,090 [pool-211-thread-1] INFO  server.RaftServerConfigKeys (ConfUtils.java:logGet(44)) - raft.server.sleep.deviation.threshold = 300 (default)
2020-11-23 01:30:33,090 [pool-211-thread-1] INFO  server.RaftServerConfigKeys (ConfUtils.java:logGet(44)) - raft.server.log.appender.install.snapshot.enabled = false (custom)
2020-11-23 01:30:33,090 [pool-211-thread-1] INFO  impl.RaftServerImpl (ServerState.java:<init>(104)) - 409b856c-adf0-49b2-b5bb-722eb6966ee0@group-AD6AB9FE452E: ConfigurationManager, init=-1: [22e15842-c8f0-466b-8a2b-e723933af459|rpc:172.17.0.2:44143|dataStream:, 2ffef469-2151-4b59-9d91-8a9d10d6bfea|rpc:172.17.0.2:39551|dataStream:, 409b856c-adf0-49b2-b5bb-722eb6966ee0|rpc:172.17.0.2:45539|dataStream:], old=null, confs=<EMPTY_MAP>
2020-11-23 01:30:33,091 [pool-211-thread-1] INFO  server.RaftServerConfigKeys (ConfUtils.java:logGet(44)) - raft.server.storage.dir = [/github/workspace/mnt/ozone/hadoop-ozone/integration-test/target/test-dir/MiniOzoneClusterImpl-9d05a325-c6bd-459e-80b5-8a813f22569b/datanode-2/data/ratis] (custom)
2020-11-23 01:30:33,091 [pool-211-thread-1] INFO  server.RaftServerConfigKeys (ConfUtils.java:logGet(44)) - raft.server.log.corruption.policy = EXCEPTION (default)
2020-11-23 01:30:33,091 [pool-211-thread-1] INFO  storage.RaftStorageDirectory (RaftStorageDirectory.java:analyzeStorage(261)) - The storage directory /github/workspace/mnt/ozone/hadoop-ozone/integration-test/target/test-dir/MiniOzoneClusterImpl-9d05a325-c6bd-459e-80b5-8a813f22569b/datanode-2/data/ratis/a5b3f791-2369-44c1-a6b9-ad6ab9fe452e does not exist. Creating ...
2020-11-23 01:30:33,092 [pool-211-thread-1] INFO  storage.RaftStorageDirectory (RaftStorageDirectory.java:tryLock(343)) - Lock on /github/workspace/mnt/ozone/hadoop-ozone/integration-test/target/test-dir/MiniOzoneClusterImpl-9d05a325-c6bd-459e-80b5-8a813f22569b/datanode-2/data/ratis/a5b3f791-2369-44c1-a6b9-ad6ab9fe452e/in_use.lock acquired by nodename 29491@d1de218a02b0
2020-11-23 01:30:33,094 [pool-211-thread-1] INFO  storage.RaftStorage (RaftStorage.java:format(85)) - Storage directory /github/workspace/mnt/ozone/hadoop-ozone/integration-test/target/test-dir/MiniOzoneClusterImpl-9d05a325-c6bd-459e-80b5-8a813f22569b/datanode-2/data/ratis/a5b3f791-2369-44c1-a6b9-ad6ab9fe452e has been successfully formatted.
2020-11-23 01:30:33,095 [pool-211-thread-1] INFO  ratis.ContainerStateMachine (ContainerStateMachine.java:loadSnapshot(225)) - group-AD6AB9FE452E: The snapshot info is null. Setting the last applied indexto:(t:0, i:~)
2020-11-23 01:30:33,095 [pool-211-thread-1] INFO  server.RaftServerConfigKeys (ConfUtils.java:logGet(44)) - raft.server.notification.no-leader.timeout = 300s (custom)
2020-11-23 01:30:33,095 [pool-211-thread-1] INFO  server.RaftServerConfigKeys (ConfUtils.java:logGet(44)) - raft.server.log.use.memory = false (default)
2020-11-23 01:30:33,095 [pool-211-thread-1] INFO  server.RaftServerConfigKeys (ConfUtils.java:logGet(44)) - raft.server.log.purge.gap = 1000000 (custom)
2020-11-23 01:30:33,095 [pool-211-thread-1] INFO  metrics.RatisMetrics (RatisMetrics.java:lambda$create$0(36)) - Creating Metrics Registry : ratis.log_worker.409b856c-adf0-49b2-b5bb-722eb6966ee0@group-AD6AB9FE452E
2020-11-23 01:30:33,096 [pool-211-thread-1] INFO  server.RaftServerConfigKeys (ConfUtils.java:logGet(44)) - raft.server.log.appender.buffer.byte-limit = 33554432 (custom)
2020-11-23 01:30:33,096 [pool-211-thread-1] INFO  server.RaftServerConfigKeys (ConfUtils.java:logGet(44)) - raft.server.log.segment.size.max = 1048576 (custom)
2020-11-23 01:30:33,096 [pool-211-thread-1] INFO  server.RaftServerConfigKeys (ConfUtils.java:logGet(44)) - raft.server.log.segment.cache.num.max = 2 (custom)
2020-11-23 01:30:33,097 [pool-211-thread-1] INFO  segmented.SegmentedRaftLogWorker (SegmentedRaftLogWorker.java:<init>(180)) - new 409b856c-adf0-49b2-b5bb-722eb6966ee0@group-AD6AB9FE452E-SegmentedRaftLogWorker for RaftStorage:Storage Directory /github/workspace/mnt/ozone/hadoop-ozone/integration-test/target/test-dir/MiniOzoneClusterImpl-9d05a325-c6bd-459e-80b5-8a813f22569b/datanode-2/data/ratis/a5b3f791-2369-44c1-a6b9-ad6ab9fe452e
2020-11-23 01:30:33,097 [pool-211-thread-1] INFO  server.RaftServerConfigKeys (ConfUtils.java:logGet(44)) - raft.server.log.queue.byte-limit = 2147483647 (custom)
2020-11-23 01:30:33,097 [pool-211-thread-1] INFO  server.RaftServerConfigKeys (ConfUtils.java:logGet(44)) - raft.server.log.queue.element-limit = 1024 (custom)
2020-11-23 01:30:33,097 [pool-211-thread-1] INFO  server.RaftServerConfigKeys (ConfUtils.java:logGet(44)) - raft.server.log.segment.size.max = 1048576 (custom)
2020-11-23 01:30:33,097 [pool-211-thread-1] INFO  server.RaftServerConfigKeys (ConfUtils.java:logGet(44)) - raft.server.log.preallocated.size = 16384 (custom)
2020-11-23 01:30:33,097 [EventQueue-PipelineReportForOneReplicaPipelineSafeModeRule] INFO  safemode.SCMSafeModeManager (SCMSafeModeManager.java:validateSafeModeExitRules(214)) - AtleastOneDatanodeReportedRule rule is successfully validated
2020-11-23 01:30:33,097 [pool-211-thread-1] INFO  server.RaftServerConfigKeys (ConfUtils.java:logGet(44)) - raft.server.log.write.buffer.size = 1048576 (custom)
2020-11-23 01:30:33,097 [pool-211-thread-1] INFO  server.RaftServerConfigKeys (ConfUtils.java:logGet(44)) - raft.server.log.force.sync.num = 128 (default)
2020-11-23 01:30:33,097 [pool-211-thread-1] INFO  server.RaftServerConfigKeys (ConfUtils.java:logGet(44)) - raft.server.log.statemachine.data.sync = true (default)
2020-11-23 01:30:33,098 [pool-211-thread-1] INFO  server.RaftServerConfigKeys (ConfUtils.java:logGet(44)) - raft.server.log.statemachine.data.sync.timeout = 10s (default)
2020-11-23 01:30:33,098 [pool-211-thread-1] INFO  server.RaftServerConfigKeys (ConfUtils.java:logGet(44)) - raft.server.log.statemachine.data.sync.timeout.retry = -1 (default)
2020-11-23 01:30:33,100 [pool-211-thread-1] INFO  server.RaftServerConfigKeys (ConfUtils.java:logGet(44)) - raft.server.log.statemachine.data.caching.enabled = true (custom)
2020-11-23 01:30:33,100 [pool-211-thread-1] INFO  segmented.SegmentedRaftLogWorker (SegmentedRaftLogWorker.java:lambda$new$0(129)) - 409b856c-adf0-49b2-b5bb-722eb6966ee0@group-AD6AB9FE452E-SegmentedRaftLogWorker: flushIndex: setUnconditionally 0 -> -1
2020-11-23 01:30:33,100 [pool-211-thread-1] INFO  segmented.SegmentedRaftLogWorker (SegmentedRaftLogWorker.java:lambda$new$0(129)) - 409b856c-adf0-49b2-b5bb-722eb6966ee0@group-AD6AB9FE452E-SegmentedRaftLogWorker: safeCacheEvictIndex: setUnconditionally 0 -> -1
2020-11-23 01:30:33,100 [pool-211-thread-1] INFO  server.RaftServerConfigKeys (ConfUtils.java:logGet(44)) - raft.server.snapshot.auto.trigger.enabled = true (custom)
2020-11-23 01:30:33,100 [pool-211-thread-1] INFO  server.RaftServerConfigKeys (ConfUtils.java:logGet(44)) - raft.server.snapshot.auto.trigger.threshold = 10000 (custom)
2020-11-23 01:30:33,100 [pool-211-thread-1] INFO  server.RaftServerConfigKeys (ConfUtils.java:logGet(44)) - raft.server.snapshot.retention.file.num = 5 (custom)
2020-11-23 01:30:33,101 [pool-211-thread-1] INFO  server.RaftServerConfigKeys (ConfUtils.java:logGet(44)) - raft.server.log.purge.upto.snapshot.index = false (default)
2020-11-23 01:30:33,101 [pool-211-thread-1] INFO  server.RaftServerConfigKeys (ConfUtils.java:logGet(44)) - raft.server.retrycache.expirytime = 600000ms (custom)
2020-11-23 01:30:33,101 [pool-211-thread-1] INFO  metrics.RatisMetrics (RatisMetrics.java:lambda$create$0(36)) - Creating Metrics Registry : ratis.leader_election.409b856c-adf0-49b2-b5bb-722eb6966ee0@group-AD6AB9FE452E
2020-11-23 01:30:33,101 [pool-211-thread-1] INFO  metrics.RatisMetrics (RatisMetrics.java:lambda$create$0(36)) - Creating Metrics Registry : ratis.server.409b856c-adf0-49b2-b5bb-722eb6966ee0@group-AD6AB9FE452E
2020-11-23 01:30:33,102 [pool-211-thread-1] INFO  impl.RaftServerImpl (RaftServerImpl.java:start(215)) - 409b856c-adf0-49b2-b5bb-722eb6966ee0@group-AD6AB9FE452E: start as a follower, conf=-1: [22e15842-c8f0-466b-8a2b-e723933af459|rpc:172.17.0.2:44143|dataStream:, 2ffef469-2151-4b59-9d91-8a9d10d6bfea|rpc:172.17.0.2:39551|dataStream:, 409b856c-adf0-49b2-b5bb-722eb6966ee0|rpc:172.17.0.2:45539|dataStream:], old=null
2020-11-23 01:30:33,103 [pool-211-thread-1] INFO  impl.RaftServerImpl (RaftServerImpl.java:setRole(204)) - 409b856c-adf0-49b2-b5bb-722eb6966ee0@group-AD6AB9FE452E: changes role from      null to FOLLOWER at term 0 for startAsFollower
2020-11-23 01:30:33,103 [pool-211-thread-1] INFO  impl.RoleInfo (RoleInfo.java:updateAndGet(143)) - 409b856c-adf0-49b2-b5bb-722eb6966ee0: start 409b856c-adf0-49b2-b5bb-722eb6966ee0@group-AD6AB9FE452E-FollowerState
2020-11-23 01:30:33,103 [pool-211-thread-1] INFO  util.JmxRegister (JmxRegister.java:tryRegister(44)) - Successfully registered JMX Bean with object name Ratis:service=RaftServer,group=group-AD6AB9FE452E,id=409b856c-adf0-49b2-b5bb-722eb6966ee0
2020-11-23 01:30:33,103 [pool-211-thread-1] INFO  metrics.RatisMetrics (RatisMetrics.java:lambda$create$0(36)) - Creating Metrics Registry : ratis.state_machine.409b856c-adf0-49b2-b5bb-722eb6966ee0@group-AD6AB9FE452E
2020-11-23 01:30:33,115 [Command processor thread] INFO  commandhandler.CreatePipelineCommandHandler (CreatePipelineCommandHandler.java:handle(106)) - Created Pipeline RATIS THREE PipelineID=a5b3f791-2369-44c1-a6b9-ad6ab9fe452e.
2020-11-23 01:30:33,151 [Command processor thread] INFO  impl.RaftServerProxy (RaftServerProxy.java:addNew(93)) - 22e15842-c8f0-466b-8a2b-e723933af459: addNew group-9FCFCB379766:[22e15842-c8f0-466b-8a2b-e723933af459|rpc:172.17.0.2:44143] returns group-9FCFCB379766:java.util.concurrent.CompletableFuture@1308e45b[Not completed]
2020-11-23 01:30:33,151 [pool-195-thread-1] INFO  impl.RaftServerImpl (RaftServerImpl.java:<init>(121)) - 22e15842-c8f0-466b-8a2b-e723933af459: new RaftServerImpl for group-9FCFCB379766:[22e15842-c8f0-466b-8a2b-e723933af459|rpc:172.17.0.2:44143] with ContainerStateMachine:uninitialized
2020-11-23 01:30:33,152 [pool-195-thread-1] INFO  server.RaftServerConfigKeys (ConfUtils.java:logGet(44)) - raft.server.rpc.timeout.min = 5s (custom)
2020-11-23 01:30:33,152 [pool-195-thread-1] INFO  server.RaftServerConfigKeys (ConfUtils.java:logGet(44)) - raft.server.rpc.timeout.max = 5200ms (custom)
2020-11-23 01:30:33,152 [pool-195-thread-1] INFO  server.RaftServerConfigKeys (ConfUtils.java:logGet(44)) - raft.server.rpc.slowness.timeout = 300s (custom)
2020-11-23 01:30:33,152 [pool-195-thread-1] INFO  server.RaftServerConfigKeys (ConfUtils.java:logGet(44)) - raft.server.leaderelection.leader.step-down.wait-time = 10s (default)
2020-11-23 01:30:33,152 [pool-195-thread-1] INFO  server.RaftServerConfigKeys (ConfUtils.java:logGet(44)) - raft.server.sleep.deviation.threshold = 300 (default)
2020-11-23 01:30:33,152 [pool-195-thread-1] INFO  server.RaftServerConfigKeys (ConfUtils.java:logGet(44)) - raft.server.log.appender.install.snapshot.enabled = false (custom)
2020-11-23 01:30:33,152 [pool-195-thread-1] INFO  impl.RaftServerImpl (ServerState.java:<init>(104)) - 22e15842-c8f0-466b-8a2b-e723933af459@group-9FCFCB379766: ConfigurationManager, init=-1: [22e15842-c8f0-466b-8a2b-e723933af459|rpc:172.17.0.2:44143], old=null, confs=<EMPTY_MAP>
2020-11-23 01:30:33,152 [pool-195-thread-1] INFO  server.RaftServerConfigKeys (ConfUtils.java:logGet(44)) - raft.server.storage.dir = [/github/workspace/mnt/ozone/hadoop-ozone/integration-test/target/test-dir/MiniOzoneClusterImpl-9d05a325-c6bd-459e-80b5-8a813f22569b/datanode-1/data/ratis] (custom)
2020-11-23 01:30:33,152 [pool-195-thread-1] INFO  server.RaftServerConfigKeys (ConfUtils.java:logGet(44)) - raft.server.log.corruption.policy = EXCEPTION (default)
2020-11-23 01:30:33,153 [pool-195-thread-1] INFO  storage.RaftStorageDirectory (RaftStorageDirectory.java:analyzeStorage(261)) - The storage directory /github/workspace/mnt/ozone/hadoop-ozone/integration-test/target/test-dir/MiniOzoneClusterImpl-9d05a325-c6bd-459e-80b5-8a813f22569b/datanode-1/data/ratis/21f4fb02-1b69-4f6e-98a6-9fcfcb379766 does not exist. Creating ...
2020-11-23 01:30:33,154 [pool-195-thread-1] INFO  storage.RaftStorageDirectory (RaftStorageDirectory.java:tryLock(343)) - Lock on /github/workspace/mnt/ozone/hadoop-ozone/integration-test/target/test-dir/MiniOzoneClusterImpl-9d05a325-c6bd-459e-80b5-8a813f22569b/datanode-1/data/ratis/21f4fb02-1b69-4f6e-98a6-9fcfcb379766/in_use.lock acquired by nodename 29491@d1de218a02b0
2020-11-23 01:30:33,156 [pool-195-thread-1] INFO  storage.RaftStorage (RaftStorage.java:format(85)) - Storage directory /github/workspace/mnt/ozone/hadoop-ozone/integration-test/target/test-dir/MiniOzoneClusterImpl-9d05a325-c6bd-459e-80b5-8a813f22569b/datanode-1/data/ratis/21f4fb02-1b69-4f6e-98a6-9fcfcb379766 has been successfully formatted.
2020-11-23 01:30:33,157 [pool-195-thread-1] INFO  ratis.ContainerStateMachine (ContainerStateMachine.java:loadSnapshot(225)) - group-9FCFCB379766: The snapshot info is null. Setting the last applied indexto:(t:0, i:~)
2020-11-23 01:30:33,157 [pool-195-thread-1] INFO  server.RaftServerConfigKeys (ConfUtils.java:logGet(44)) - raft.server.notification.no-leader.timeout = 300s (custom)
2020-11-23 01:30:33,157 [pool-195-thread-1] INFO  server.RaftServerConfigKeys (ConfUtils.java:logGet(44)) - raft.server.log.use.memory = false (default)
2020-11-23 01:30:33,157 [EventQueue-PipelineReportForOneReplicaPipelineSafeModeRule] INFO  safemode.SCMSafeModeManager (SCMSafeModeManager.java:validateSafeModeExitRules(214)) - AtleastOneDatanodeReportedRule rule is successfully validated
2020-11-23 01:30:33,157 [pool-195-thread-1] INFO  server.RaftServerConfigKeys (ConfUtils.java:logGet(44)) - raft.server.log.purge.gap = 1000000 (custom)
2020-11-23 01:30:33,157 [EventQueue-PipelineReportForPipelineReportHandler] INFO  pipeline.PipelineStateManager (PipelineStateManager.java:openPipeline(132)) - Pipeline Pipeline[ Id: 21f4fb02-1b69-4f6e-98a6-9fcfcb379766, Nodes: 22e15842-c8f0-466b-8a2b-e723933af459{ip: 172.17.0.2, host: d1de218a02b0, networkLocation: /default-rack, certSerialId: null}, Type:RATIS, Factor:ONE, State:ALLOCATED, leaderId:22e15842-c8f0-466b-8a2b-e723933af459, CreationTimestamp2020-11-23T01:30:30.154Z] moved to OPEN state
2020-11-23 01:30:33,158 [EventQueue-OpenPipelineForHealthyPipelineSafeModeRule] INFO  safemode.SCMSafeModeManager (HealthyPipelineSafeModeRule.java:process(128)) - SCM in safe mode. Healthy pipelines reported count is 0, required healthy pipeline reported count is 1
2020-11-23 01:30:33,158 [pool-195-thread-1] INFO  metrics.RatisMetrics (RatisMetrics.java:lambda$create$0(36)) - Creating Metrics Registry : ratis.log_worker.22e15842-c8f0-466b-8a2b-e723933af459@group-9FCFCB379766
2020-11-23 01:30:33,158 [pool-195-thread-1] INFO  server.RaftServerConfigKeys (ConfUtils.java:logGet(44)) - raft.server.log.appender.buffer.byte-limit = 33554432 (custom)
2020-11-23 01:30:33,158 [pool-195-thread-1] INFO  server.RaftServerConfigKeys (ConfUtils.java:logGet(44)) - raft.server.log.segment.size.max = 1048576 (custom)
2020-11-23 01:30:33,159 [pool-195-thread-1] INFO  server.RaftServerConfigKeys (ConfUtils.java:logGet(44)) - raft.server.log.segment.cache.num.max = 2 (custom)
2020-11-23 01:30:33,159 [pool-195-thread-1] INFO  segmented.SegmentedRaftLogWorker (SegmentedRaftLogWorker.java:<init>(180)) - new 22e15842-c8f0-466b-8a2b-e723933af459@group-9FCFCB379766-SegmentedRaftLogWorker for RaftStorage:Storage Directory /github/workspace/mnt/ozone/hadoop-ozone/integration-test/target/test-dir/MiniOzoneClusterImpl-9d05a325-c6bd-459e-80b5-8a813f22569b/datanode-1/data/ratis/21f4fb02-1b69-4f6e-98a6-9fcfcb379766
2020-11-23 01:30:33,159 [pool-195-thread-1] INFO  server.RaftServerConfigKeys (ConfUtils.java:logGet(44)) - raft.server.log.queue.byte-limit = 2147483647 (custom)
2020-11-23 01:30:33,159 [pool-195-thread-1] INFO  server.RaftServerConfigKeys (ConfUtils.java:logGet(44)) - raft.server.log.queue.element-limit = 1024 (custom)
2020-11-23 01:30:33,159 [pool-195-thread-1] INFO  server.RaftServerConfigKeys (ConfUtils.java:logGet(44)) - raft.server.log.segment.size.max = 1048576 (custom)
2020-11-23 01:30:33,159 [pool-195-thread-1] INFO  server.RaftServerConfigKeys (ConfUtils.java:logGet(44)) - raft.server.log.preallocated.size = 16384 (custom)
2020-11-23 01:30:33,159 [pool-195-thread-1] INFO  server.RaftServerConfigKeys (ConfUtils.java:logGet(44)) - raft.server.log.write.buffer.size = 1048576 (custom)
2020-11-23 01:30:33,160 [pool-195-thread-1] INFO  server.RaftServerConfigKeys (ConfUtils.java:logGet(44)) - raft.server.log.force.sync.num = 128 (default)
2020-11-23 01:30:33,160 [pool-195-thread-1] INFO  server.RaftServerConfigKeys (ConfUtils.java:logGet(44)) - raft.server.log.statemachine.data.sync = true (default)
2020-11-23 01:30:33,160 [pool-195-thread-1] INFO  server.RaftServerConfigKeys (ConfUtils.java:logGet(44)) - raft.server.log.statemachine.data.sync.timeout = 10s (default)
2020-11-23 01:30:33,160 [pool-195-thread-1] INFO  server.RaftServerConfigKeys (ConfUtils.java:logGet(44)) - raft.server.log.statemachine.data.sync.timeout.retry = -1 (default)
2020-11-23 01:30:33,162 [pool-195-thread-1] INFO  server.RaftServerConfigKeys (ConfUtils.java:logGet(44)) - raft.server.log.statemachine.data.caching.enabled = true (custom)
2020-11-23 01:30:33,162 [pool-195-thread-1] INFO  segmented.SegmentedRaftLogWorker (SegmentedRaftLogWorker.java:lambda$new$0(129)) - 22e15842-c8f0-466b-8a2b-e723933af459@group-9FCFCB379766-SegmentedRaftLogWorker: flushIndex: setUnconditionally 0 -> -1
2020-11-23 01:30:33,162 [pool-195-thread-1] INFO  segmented.SegmentedRaftLogWorker (SegmentedRaftLogWorker.java:lambda$new$0(129)) - 22e15842-c8f0-466b-8a2b-e723933af459@group-9FCFCB379766-SegmentedRaftLogWorker: safeCacheEvictIndex: setUnconditionally 0 -> -1
2020-11-23 01:30:33,164 [pool-195-thread-1] INFO  server.RaftServerConfigKeys (ConfUtils.java:logGet(44)) - raft.server.snapshot.auto.trigger.enabled = true (custom)
2020-11-23 01:30:33,164 [pool-195-thread-1] INFO  server.RaftServerConfigKeys (ConfUtils.java:logGet(44)) - raft.server.snapshot.auto.trigger.threshold = 10000 (custom)
2020-11-23 01:30:33,164 [pool-195-thread-1] INFO  server.RaftServerConfigKeys (ConfUtils.java:logGet(44)) - raft.server.snapshot.retention.file.num = 5 (custom)
2020-11-23 01:30:33,164 [pool-195-thread-1] INFO  server.RaftServerConfigKeys (ConfUtils.java:logGet(44)) - raft.server.log.purge.upto.snapshot.index = false (default)
2020-11-23 01:30:33,164 [pool-195-thread-1] INFO  server.RaftServerConfigKeys (ConfUtils.java:logGet(44)) - raft.server.retrycache.expirytime = 600000ms (custom)
2020-11-23 01:30:33,164 [pool-195-thread-1] INFO  metrics.RatisMetrics (RatisMetrics.java:lambda$create$0(36)) - Creating Metrics Registry : ratis.leader_election.22e15842-c8f0-466b-8a2b-e723933af459@group-9FCFCB379766
2020-11-23 01:30:33,165 [pool-195-thread-1] INFO  metrics.RatisMetrics (RatisMetrics.java:lambda$create$0(36)) - Creating Metrics Registry : ratis.server.22e15842-c8f0-466b-8a2b-e723933af459@group-9FCFCB379766
2020-11-23 01:30:33,166 [pool-195-thread-1] INFO  impl.RaftServerImpl (RaftServerImpl.java:start(215)) - 22e15842-c8f0-466b-8a2b-e723933af459@group-9FCFCB379766: start as a follower, conf=-1: [22e15842-c8f0-466b-8a2b-e723933af459|rpc:172.17.0.2:44143], old=null
2020-11-23 01:30:33,166 [pool-195-thread-1] INFO  impl.RaftServerImpl (RaftServerImpl.java:setRole(204)) - 22e15842-c8f0-466b-8a2b-e723933af459@group-9FCFCB379766: changes role from      null to FOLLOWER at term 0 for startAsFollower
2020-11-23 01:30:33,166 [pool-195-thread-1] INFO  impl.RoleInfo (RoleInfo.java:updateAndGet(143)) - 22e15842-c8f0-466b-8a2b-e723933af459: start 22e15842-c8f0-466b-8a2b-e723933af459@group-9FCFCB379766-FollowerState
2020-11-23 01:30:33,167 [pool-195-thread-1] INFO  util.JmxRegister (JmxRegister.java:tryRegister(44)) - Successfully registered JMX Bean with object name Ratis:service=RaftServer,group=group-9FCFCB379766,id=22e15842-c8f0-466b-8a2b-e723933af459
2020-11-23 01:30:33,167 [pool-195-thread-1] INFO  metrics.RatisMetrics (RatisMetrics.java:lambda$create$0(36)) - Creating Metrics Registry : ratis.state_machine.22e15842-c8f0-466b-8a2b-e723933af459@group-9FCFCB379766
2020-11-23 01:30:33,168 [Command processor thread] INFO  commandhandler.CreatePipelineCommandHandler (CreatePipelineCommandHandler.java:handle(106)) - Created Pipeline RATIS ONE PipelineID=21f4fb02-1b69-4f6e-98a6-9fcfcb379766.
2020-11-23 01:30:33,389 [Listener at 127.0.0.1/11620] INFO  ozone.MiniOzoneClusterImpl (MiniOzoneClusterImpl.java:lambda$waitForClusterToBeReady$0(178)) - Nodes are ready. Got 3 of 3 DN Heartbeats.
2020-11-23 01:30:33,389 [Listener at 127.0.0.1/11620] INFO  ozone.MiniOzoneClusterImpl (MiniOzoneClusterImpl.java:lambda$waitForClusterToBeReady$0(181)) - Waiting for cluster to exit safe mode
2020-11-23 01:30:33,397 [Command processor thread] INFO  impl.RaftServerProxy (RaftServerProxy.java:addNew(93)) - 409b856c-adf0-49b2-b5bb-722eb6966ee0: addNew group-F17DDB8ADB70:[409b856c-adf0-49b2-b5bb-722eb6966ee0|rpc:172.17.0.2:45539] returns group-F17DDB8ADB70:java.util.concurrent.CompletableFuture@538d6876[Not completed]
2020-11-23 01:30:33,398 [pool-211-thread-1] INFO  impl.RaftServerImpl (RaftServerImpl.java:<init>(121)) - 409b856c-adf0-49b2-b5bb-722eb6966ee0: new RaftServerImpl for group-F17DDB8ADB70:[409b856c-adf0-49b2-b5bb-722eb6966ee0|rpc:172.17.0.2:45539] with ContainerStateMachine:uninitialized
2020-11-23 01:30:33,398 [pool-211-thread-1] INFO  server.RaftServerConfigKeys (ConfUtils.java:logGet(44)) - raft.server.rpc.timeout.min = 5s (custom)
2020-11-23 01:30:33,398 [pool-211-thread-1] INFO  server.RaftServerConfigKeys (ConfUtils.java:logGet(44)) - raft.server.rpc.timeout.max = 5200ms (custom)
2020-11-23 01:30:33,399 [pool-211-thread-1] INFO  server.RaftServerConfigKeys (ConfUtils.java:logGet(44)) - raft.server.rpc.slowness.timeout = 300s (custom)
2020-11-23 01:30:33,399 [pool-211-thread-1] INFO  server.RaftServerConfigKeys (ConfUtils.java:logGet(44)) - raft.server.leaderelection.leader.step-down.wait-time = 10s (default)
2020-11-23 01:30:33,399 [pool-211-thread-1] INFO  server.RaftServerConfigKeys (ConfUtils.java:logGet(44)) - raft.server.sleep.deviation.threshold = 300 (default)
2020-11-23 01:30:33,399 [pool-211-thread-1] INFO  server.RaftServerConfigKeys (ConfUtils.java:logGet(44)) - raft.server.log.appender.install.snapshot.enabled = false (custom)
2020-11-23 01:30:33,399 [pool-211-thread-1] INFO  impl.RaftServerImpl (ServerState.java:<init>(104)) - 409b856c-adf0-49b2-b5bb-722eb6966ee0@group-F17DDB8ADB70: ConfigurationManager, init=-1: [409b856c-adf0-49b2-b5bb-722eb6966ee0|rpc:172.17.0.2:45539], old=null, confs=<EMPTY_MAP>
2020-11-23 01:30:33,399 [pool-211-thread-1] INFO  server.RaftServerConfigKeys (ConfUtils.java:logGet(44)) - raft.server.storage.dir = [/github/workspace/mnt/ozone/hadoop-ozone/integration-test/target/test-dir/MiniOzoneClusterImpl-9d05a325-c6bd-459e-80b5-8a813f22569b/datanode-2/data/ratis] (custom)
2020-11-23 01:30:33,399 [pool-211-thread-1] INFO  server.RaftServerConfigKeys (ConfUtils.java:logGet(44)) - raft.server.log.corruption.policy = EXCEPTION (default)
2020-11-23 01:30:33,399 [pool-211-thread-1] INFO  storage.RaftStorageDirectory (RaftStorageDirectory.java:analyzeStorage(261)) - The storage directory /github/workspace/mnt/ozone/hadoop-ozone/integration-test/target/test-dir/MiniOzoneClusterImpl-9d05a325-c6bd-459e-80b5-8a813f22569b/datanode-2/data/ratis/9a30bf38-ea2b-4e6e-bbaf-f17ddb8adb70 does not exist. Creating ...
2020-11-23 01:30:33,433 [pool-211-thread-1] INFO  storage.RaftStorageDirectory (RaftStorageDirectory.java:tryLock(343)) - Lock on /github/workspace/mnt/ozone/hadoop-ozone/integration-test/target/test-dir/MiniOzoneClusterImpl-9d05a325-c6bd-459e-80b5-8a813f22569b/datanode-2/data/ratis/9a30bf38-ea2b-4e6e-bbaf-f17ddb8adb70/in_use.lock acquired by nodename 29491@d1de218a02b0
2020-11-23 01:30:33,435 [pool-211-thread-1] INFO  storage.RaftStorage (RaftStorage.java:format(85)) - Storage directory /github/workspace/mnt/ozone/hadoop-ozone/integration-test/target/test-dir/MiniOzoneClusterImpl-9d05a325-c6bd-459e-80b5-8a813f22569b/datanode-2/data/ratis/9a30bf38-ea2b-4e6e-bbaf-f17ddb8adb70 has been successfully formatted.
2020-11-23 01:30:33,436 [pool-211-thread-1] INFO  ratis.ContainerStateMachine (ContainerStateMachine.java:loadSnapshot(225)) - group-F17DDB8ADB70: The snapshot info is null. Setting the last applied indexto:(t:0, i:~)
2020-11-23 01:30:33,436 [pool-211-thread-1] INFO  server.RaftServerConfigKeys (ConfUtils.java:logGet(44)) - raft.server.notification.no-leader.timeout = 300s (custom)
2020-11-23 01:30:33,436 [pool-211-thread-1] INFO  server.RaftServerConfigKeys (ConfUtils.java:logGet(44)) - raft.server.log.use.memory = false (default)
2020-11-23 01:30:33,436 [pool-211-thread-1] INFO  server.RaftServerConfigKeys (ConfUtils.java:logGet(44)) - raft.server.log.purge.gap = 1000000 (custom)
2020-11-23 01:30:33,436 [pool-211-thread-1] INFO  metrics.RatisMetrics (RatisMetrics.java:lambda$create$0(36)) - Creating Metrics Registry : ratis.log_worker.409b856c-adf0-49b2-b5bb-722eb6966ee0@group-F17DDB8ADB70
2020-11-23 01:30:33,437 [pool-211-thread-1] INFO  server.RaftServerConfigKeys (ConfUtils.java:logGet(44)) - raft.server.log.appender.buffer.byte-limit = 33554432 (custom)
2020-11-23 01:30:33,437 [pool-211-thread-1] INFO  server.RaftServerConfigKeys (ConfUtils.java:logGet(44)) - raft.server.log.segment.size.max = 1048576 (custom)
2020-11-23 01:30:33,438 [pool-211-thread-1] INFO  server.RaftServerConfigKeys (ConfUtils.java:logGet(44)) - raft.server.log.segment.cache.num.max = 2 (custom)
2020-11-23 01:30:33,438 [pool-211-thread-1] INFO  segmented.SegmentedRaftLogWorker (SegmentedRaftLogWorker.java:<init>(180)) - new 409b856c-adf0-49b2-b5bb-722eb6966ee0@group-F17DDB8ADB70-SegmentedRaftLogWorker for RaftStorage:Storage Directory /github/workspace/mnt/ozone/hadoop-ozone/integration-test/target/test-dir/MiniOzoneClusterImpl-9d05a325-c6bd-459e-80b5-8a813f22569b/datanode-2/data/ratis/9a30bf38-ea2b-4e6e-bbaf-f17ddb8adb70
2020-11-23 01:30:33,438 [EventQueue-PipelineReportForPipelineReportHandler] INFO  pipeline.PipelineStateManager (PipelineStateManager.java:openPipeline(132)) - Pipeline Pipeline[ Id: 9a30bf38-ea2b-4e6e-bbaf-f17ddb8adb70, Nodes: 409b856c-adf0-49b2-b5bb-722eb6966ee0{ip: 172.17.0.2, host: d1de218a02b0, networkLocation: /default-rack, certSerialId: null}, Type:RATIS, Factor:ONE, State:ALLOCATED, leaderId:409b856c-adf0-49b2-b5bb-722eb6966ee0, CreationTimestamp2020-11-23T01:30:30.400Z] moved to OPEN state
2020-11-23 01:30:33,438 [EventQueue-PipelineReportForOneReplicaPipelineSafeModeRule] INFO  safemode.SCMSafeModeManager (SCMSafeModeManager.java:validateSafeModeExitRules(214)) - AtleastOneDatanodeReportedRule rule is successfully validated
2020-11-23 01:30:33,438 [EventQueue-OpenPipelineForHealthyPipelineSafeModeRule] INFO  safemode.SCMSafeModeManager (HealthyPipelineSafeModeRule.java:process(128)) - SCM in safe mode. Healthy pipelines reported count is 0, required healthy pipeline reported count is 1
2020-11-23 01:30:33,438 [pool-211-thread-1] INFO  server.RaftServerConfigKeys (ConfUtils.java:logGet(44)) - raft.server.log.queue.byte-limit = 2147483647 (custom)
2020-11-23 01:30:33,439 [pool-211-thread-1] INFO  server.RaftServerConfigKeys (ConfUtils.java:logGet(44)) - raft.server.log.queue.element-limit = 1024 (custom)
2020-11-23 01:30:33,439 [pool-211-thread-1] INFO  server.RaftServerConfigKeys (ConfUtils.java:logGet(44)) - raft.server.log.segment.size.max = 1048576 (custom)
2020-11-23 01:30:33,439 [pool-211-thread-1] INFO  server.RaftServerConfigKeys (ConfUtils.java:logGet(44)) - raft.server.log.preallocated.size = 16384 (custom)
2020-11-23 01:30:33,439 [pool-211-thread-1] INFO  server.RaftServerConfigKeys (ConfUtils.java:logGet(44)) - raft.server.log.write.buffer.size = 1048576 (custom)
2020-11-23 01:30:33,439 [pool-211-thread-1] INFO  server.RaftServerConfigKeys (ConfUtils.java:logGet(44)) - raft.server.log.force.sync.num = 128 (default)
2020-11-23 01:30:33,439 [pool-211-thread-1] INFO  server.RaftServerConfigKeys (ConfUtils.java:logGet(44)) - raft.server.log.statemachine.data.sync = true (default)
2020-11-23 01:30:33,439 [pool-211-thread-1] INFO  server.RaftServerConfigKeys (ConfUtils.java:logGet(44)) - raft.server.log.statemachine.data.sync.timeout = 10s (default)
2020-11-23 01:30:33,439 [pool-211-thread-1] INFO  server.RaftServerConfigKeys (ConfUtils.java:logGet(44)) - raft.server.log.statemachine.data.sync.timeout.retry = -1 (default)
2020-11-23 01:30:33,441 [pool-211-thread-1] INFO  server.RaftServerConfigKeys (ConfUtils.java:logGet(44)) - raft.server.log.statemachine.data.caching.enabled = true (custom)
2020-11-23 01:30:33,441 [pool-211-thread-1] INFO  segmented.SegmentedRaftLogWorker (SegmentedRaftLogWorker.java:lambda$new$0(129)) - 409b856c-adf0-49b2-b5bb-722eb6966ee0@group-F17DDB8ADB70-SegmentedRaftLogWorker: flushIndex: setUnconditionally 0 -> -1
2020-11-23 01:30:33,441 [pool-211-thread-1] INFO  segmented.SegmentedRaftLogWorker (SegmentedRaftLogWorker.java:lambda$new$0(129)) - 409b856c-adf0-49b2-b5bb-722eb6966ee0@group-F17DDB8ADB70-SegmentedRaftLogWorker: safeCacheEvictIndex: setUnconditionally 0 -> -1
2020-11-23 01:30:33,441 [pool-211-thread-1] INFO  server.RaftServerConfigKeys (ConfUtils.java:logGet(44)) - raft.server.snapshot.auto.trigger.enabled = true (custom)
2020-11-23 01:30:33,441 [pool-211-thread-1] INFO  server.RaftServerConfigKeys (ConfUtils.java:logGet(44)) - raft.server.snapshot.auto.trigger.threshold = 10000 (custom)
2020-11-23 01:30:33,442 [pool-211-thread-1] INFO  server.RaftServerConfigKeys (ConfUtils.java:logGet(44)) - raft.server.snapshot.retention.file.num = 5 (custom)
2020-11-23 01:30:33,442 [pool-211-thread-1] INFO  server.RaftServerConfigKeys (ConfUtils.java:logGet(44)) - raft.server.log.purge.upto.snapshot.index = false (default)
2020-11-23 01:30:33,442 [pool-211-thread-1] INFO  server.RaftServerConfigKeys (ConfUtils.java:logGet(44)) - raft.server.retrycache.expirytime = 600000ms (custom)
2020-11-23 01:30:33,442 [pool-211-thread-1] INFO  metrics.RatisMetrics (RatisMetrics.java:lambda$create$0(36)) - Creating Metrics Registry : ratis.leader_election.409b856c-adf0-49b2-b5bb-722eb6966ee0@group-F17DDB8ADB70
2020-11-23 01:30:33,443 [pool-211-thread-1] INFO  metrics.RatisMetrics (RatisMetrics.java:lambda$create$0(36)) - Creating Metrics Registry : ratis.server.409b856c-adf0-49b2-b5bb-722eb6966ee0@group-F17DDB8ADB70
2020-11-23 01:30:33,444 [pool-211-thread-1] INFO  impl.RaftServerImpl (RaftServerImpl.java:start(215)) - 409b856c-adf0-49b2-b5bb-722eb6966ee0@group-F17DDB8ADB70: start as a follower, conf=-1: [409b856c-adf0-49b2-b5bb-722eb6966ee0|rpc:172.17.0.2:45539], old=null
2020-11-23 01:30:33,444 [pool-211-thread-1] INFO  impl.RaftServerImpl (RaftServerImpl.java:setRole(204)) - 409b856c-adf0-49b2-b5bb-722eb6966ee0@group-F17DDB8ADB70: changes role from      null to FOLLOWER at term 0 for startAsFollower
2020-11-23 01:30:33,444 [pool-211-thread-1] INFO  impl.RoleInfo (RoleInfo.java:updateAndGet(143)) - 409b856c-adf0-49b2-b5bb-722eb6966ee0: start 409b856c-adf0-49b2-b5bb-722eb6966ee0@group-F17DDB8ADB70-FollowerState
2020-11-23 01:30:33,444 [pool-211-thread-1] INFO  util.JmxRegister (JmxRegister.java:tryRegister(44)) - Successfully registered JMX Bean with object name Ratis:service=RaftServer,group=group-F17DDB8ADB70,id=409b856c-adf0-49b2-b5bb-722eb6966ee0
2020-11-23 01:30:33,444 [pool-211-thread-1] INFO  metrics.RatisMetrics (RatisMetrics.java:lambda$create$0(36)) - Creating Metrics Registry : ratis.state_machine.409b856c-adf0-49b2-b5bb-722eb6966ee0@group-F17DDB8ADB70
2020-11-23 01:30:33,450 [Command processor thread] INFO  commandhandler.CreatePipelineCommandHandler (CreatePipelineCommandHandler.java:handle(106)) - Created Pipeline RATIS ONE PipelineID=9a30bf38-ea2b-4e6e-bbaf-f17ddb8adb70.
2020-11-23 01:30:34,389 [Listener at 127.0.0.1/11620] INFO  ozone.MiniOzoneClusterImpl (MiniOzoneClusterImpl.java:lambda$waitForClusterToBeReady$0(178)) - Nodes are ready. Got 3 of 3 DN Heartbeats.
2020-11-23 01:30:34,390 [Listener at 127.0.0.1/11620] INFO  ozone.MiniOzoneClusterImpl (MiniOzoneClusterImpl.java:lambda$waitForClusterToBeReady$0(181)) - Waiting for cluster to exit safe mode
2020-11-23 01:30:35,390 [Listener at 127.0.0.1/11620] INFO  ozone.MiniOzoneClusterImpl (MiniOzoneClusterImpl.java:lambda$waitForClusterToBeReady$0(178)) - Nodes are ready. Got 3 of 3 DN Heartbeats.
2020-11-23 01:30:35,390 [Listener at 127.0.0.1/11620] INFO  ozone.MiniOzoneClusterImpl (MiniOzoneClusterImpl.java:lambda$waitForClusterToBeReady$0(181)) - Waiting for cluster to exit safe mode
2020-11-23 01:30:36,166 [org.apache.ratis.server.JvmPauseMonitor@3bc279f-Monitor] WARN  server.JvmPauseMonitor (JvmPauseMonitor.java:run(141)) - Detected pause in JVM or host machine (eg GC): pause of approximately 1ms
No GCs detected
2020-11-23 01:30:36,390 [Listener at 127.0.0.1/11620] INFO  ozone.MiniOzoneClusterImpl (MiniOzoneClusterImpl.java:lambda$waitForClusterToBeReady$0(178)) - Nodes are ready. Got 3 of 3 DN Heartbeats.
2020-11-23 01:30:36,390 [Listener at 127.0.0.1/11620] INFO  ozone.MiniOzoneClusterImpl (MiniOzoneClusterImpl.java:lambda$waitForClusterToBeReady$0(181)) - Waiting for cluster to exit safe mode
2020-11-23 01:30:37,391 [Listener at 127.0.0.1/11620] INFO  ozone.MiniOzoneClusterImpl (MiniOzoneClusterImpl.java:lambda$waitForClusterToBeReady$0(178)) - Nodes are ready. Got 3 of 3 DN Heartbeats.
2020-11-23 01:30:37,391 [Listener at 127.0.0.1/11620] INFO  ozone.MiniOzoneClusterImpl (MiniOzoneClusterImpl.java:lambda$waitForClusterToBeReady$0(181)) - Waiting for cluster to exit safe mode
2020-11-23 01:30:37,912 [org.apache.ratis.server.JvmPauseMonitor@1c35e175-Monitor] WARN  server.JvmPauseMonitor (JvmPauseMonitor.java:run(141)) - Detected pause in JVM or host machine (eg GC): pause of approximately 1ms
No GCs detected
2020-11-23 01:30:38,017 [Thread-712] INFO  impl.FollowerState (FollowerState.java:run(128)) - 2ffef469-2151-4b59-9d91-8a9d10d6bfea@group-4FA53115A70C-FollowerState: change to CANDIDATE, lastRpcTime:5017ms, electionTimeout:5014ms
2020-11-23 01:30:38,018 [Thread-712] INFO  impl.RoleInfo (RoleInfo.java:shutdownFollowerState(121)) - 2ffef469-2151-4b59-9d91-8a9d10d6bfea: shutdown 2ffef469-2151-4b59-9d91-8a9d10d6bfea@group-4FA53115A70C-FollowerState
2020-11-23 01:30:38,018 [Thread-712] INFO  impl.RaftServerImpl (RaftServerImpl.java:setRole(204)) - 2ffef469-2151-4b59-9d91-8a9d10d6bfea@group-4FA53115A70C: changes role from  FOLLOWER to CANDIDATE at term 0 for changeToCandidate
2020-11-23 01:30:38,018 [Thread-712] INFO  impl.RoleInfo (RoleInfo.java:updateAndGet(143)) - 2ffef469-2151-4b59-9d91-8a9d10d6bfea: start 2ffef469-2151-4b59-9d91-8a9d10d6bfea@group-4FA53115A70C-LeaderElection10
2020-11-23 01:30:38,023 [2ffef469-2151-4b59-9d91-8a9d10d6bfea@group-4FA53115A70C-LeaderElection10] INFO  impl.LeaderElection (LeaderElection.java:askForVotes(215)) - 2ffef469-2151-4b59-9d91-8a9d10d6bfea@group-4FA53115A70C-LeaderElection10: begin an election at term 1 for -1: [2ffef469-2151-4b59-9d91-8a9d10d6bfea|rpc:172.17.0.2:39551], old=null
2020-11-23 01:30:38,024 [2ffef469-2151-4b59-9d91-8a9d10d6bfea@group-4FA53115A70C-LeaderElection10] INFO  impl.RoleInfo (RoleInfo.java:shutdownLeaderElection(134)) - 2ffef469-2151-4b59-9d91-8a9d10d6bfea: shutdown 2ffef469-2151-4b59-9d91-8a9d10d6bfea@group-4FA53115A70C-LeaderElection10
2020-11-23 01:30:38,024 [2ffef469-2151-4b59-9d91-8a9d10d6bfea@group-4FA53115A70C-LeaderElection10] INFO  impl.RaftServerImpl (RaftServerImpl.java:setRole(204)) - 2ffef469-2151-4b59-9d91-8a9d10d6bfea@group-4FA53115A70C: changes role from CANDIDATE to LEADER at term 1 for changeToLeader
2020-11-23 01:30:38,024 [2ffef469-2151-4b59-9d91-8a9d10d6bfea@group-4FA53115A70C-LeaderElection10] INFO  ratis.XceiverServerRatis (XceiverServerRatis.java:handleLeaderChangedNotification(854)) - Leader change notification received for group: group-4FA53115A70C with new leaderId: 2ffef469-2151-4b59-9d91-8a9d10d6bfea
2020-11-23 01:30:38,024 [2ffef469-2151-4b59-9d91-8a9d10d6bfea@group-4FA53115A70C-LeaderElection10] INFO  impl.RaftServerImpl (ServerState.java:setLeader(256)) - 2ffef469-2151-4b59-9d91-8a9d10d6bfea@group-4FA53115A70C: change Leader from null to 2ffef469-2151-4b59-9d91-8a9d10d6bfea at term 1 for becomeLeader, leader elected after 5042ms
2020-11-23 01:30:38,024 [2ffef469-2151-4b59-9d91-8a9d10d6bfea@group-4FA53115A70C-LeaderElection10] INFO  server.RaftServerConfigKeys (ConfUtils.java:logGet(44)) - raft.server.staging.catchup.gap = 1000 (default)
2020-11-23 01:30:38,025 [EventQueue-OpenPipelineForHealthyPipelineSafeModeRule] INFO  safemode.SCMSafeModeManager (HealthyPipelineSafeModeRule.java:process(128)) - SCM in safe mode. Healthy pipelines reported count is 0, required healthy pipeline reported count is 1
2020-11-23 01:30:38,026 [2ffef469-2151-4b59-9d91-8a9d10d6bfea@group-4FA53115A70C-LeaderElection10] INFO  server.RaftServerConfigKeys (ConfUtils.java:logGet(44)) - raft.server.rpc.sleep.time = 25ms (default)
2020-11-23 01:30:38,026 [2ffef469-2151-4b59-9d91-8a9d10d6bfea@group-4FA53115A70C-LeaderElection10] INFO  metrics.RatisMetrics (RatisMetrics.java:lambda$create$0(36)) - Creating Metrics Registry : ratis.log_appender.2ffef469-2151-4b59-9d91-8a9d10d6bfea@group-4FA53115A70C
2020-11-23 01:30:38,026 [EventQueue-PipelineReportForOneReplicaPipelineSafeModeRule] INFO  safemode.SCMSafeModeManager (SCMSafeModeManager.java:validateSafeModeExitRules(214)) - AtleastOneDatanodeReportedRule rule is successfully validated
2020-11-23 01:30:38,026 [2ffef469-2151-4b59-9d91-8a9d10d6bfea@group-4FA53115A70C-LeaderElection10] INFO  server.RaftServerConfigKeys (ConfUtils.java:logGet(44)) - raft.server.write.element-limit = 1024 (custom)
2020-11-23 01:30:38,026 [2ffef469-2151-4b59-9d91-8a9d10d6bfea@group-4FA53115A70C-LeaderElection10] INFO  server.RaftServerConfigKeys (ConfUtils.java:logGet(44)) - raft.server.write.byte-limit = 1073741824 (custom)
2020-11-23 01:30:38,027 [2ffef469-2151-4b59-9d91-8a9d10d6bfea@group-4FA53115A70C-LeaderElection10] INFO  server.RaftServerConfigKeys (ConfUtils.java:logGet(44)) - raft.server.watch.timeout = 180s (custom)
2020-11-23 01:30:38,027 [2ffef469-2151-4b59-9d91-8a9d10d6bfea@group-4FA53115A70C-LeaderElection10] INFO  server.RaftServerConfigKeys (ConfUtils.java:logGet(44)) - raft.server.watch.timeout.denomination = 1s (default)
2020-11-23 01:30:38,027 [2ffef469-2151-4b59-9d91-8a9d10d6bfea@group-4FA53115A70C-LeaderElection10] INFO  server.RaftServerConfigKeys (ConfUtils.java:logGet(44)) - raft.server.watch.element-limit = 65536 (default)
2020-11-23 01:30:38,027 [2ffef469-2151-4b59-9d91-8a9d10d6bfea@group-4FA53115A70C-LeaderElection10] INFO  impl.RoleInfo (RoleInfo.java:updateAndGet(143)) - 2ffef469-2151-4b59-9d91-8a9d10d6bfea: start 2ffef469-2151-4b59-9d91-8a9d10d6bfea@group-4FA53115A70C-LeaderState
2020-11-23 01:30:38,028 [2ffef469-2151-4b59-9d91-8a9d10d6bfea@group-4FA53115A70C-LeaderElection10] INFO  segmented.SegmentedRaftLogWorker (SegmentedRaftLogWorker.java:startLogSegment(398)) - 2ffef469-2151-4b59-9d91-8a9d10d6bfea@group-4FA53115A70C-SegmentedRaftLogWorker: Starting segment from index:0
2020-11-23 01:30:38,028 [2ffef469-2151-4b59-9d91-8a9d10d6bfea@group-4FA53115A70C-LeaderElection10] INFO  impl.RaftServerImpl (ServerState.java:setRaftConf(374)) - 2ffef469-2151-4b59-9d91-8a9d10d6bfea@group-4FA53115A70C: set configuration 0: [2ffef469-2151-4b59-9d91-8a9d10d6bfea|rpc:172.17.0.2:39551|dataStream:], old=null at 0
2020-11-23 01:30:38,029 [2ffef469-2151-4b59-9d91-8a9d10d6bfea@group-4FA53115A70C-SegmentedRaftLogWorker] INFO  segmented.SegmentedRaftLogWorker (SegmentedRaftLogWorker.java:execute(597)) - 2ffef469-2151-4b59-9d91-8a9d10d6bfea@group-4FA53115A70C-SegmentedRaftLogWorker: created new log segment /github/workspace/mnt/ozone/hadoop-ozone/integration-test/target/test-dir/MiniOzoneClusterImpl-9d05a325-c6bd-459e-80b5-8a813f22569b/datanode-0/data/ratis/caa9ebfa-2e91-4ccd-b52a-4fa53115a70c/current/log_inprogress_0
2020-11-23 01:30:38,071 [Thread-714] INFO  impl.FollowerState (FollowerState.java:run(128)) - 2ffef469-2151-4b59-9d91-8a9d10d6bfea@group-AD6AB9FE452E-FollowerState: change to CANDIDATE, lastRpcTime:5051ms, electionTimeout:5050ms
2020-11-23 01:30:38,072 [Thread-714] INFO  impl.RoleInfo (RoleInfo.java:shutdownFollowerState(121)) - 2ffef469-2151-4b59-9d91-8a9d10d6bfea: shutdown 2ffef469-2151-4b59-9d91-8a9d10d6bfea@group-AD6AB9FE452E-FollowerState
2020-11-23 01:30:38,072 [Thread-714] INFO  impl.RaftServerImpl (RaftServerImpl.java:setRole(204)) - 2ffef469-2151-4b59-9d91-8a9d10d6bfea@group-AD6AB9FE452E: changes role from  FOLLOWER to CANDIDATE at term 0 for changeToCandidate
2020-11-23 01:30:38,072 [Thread-714] INFO  impl.RoleInfo (RoleInfo.java:updateAndGet(143)) - 2ffef469-2151-4b59-9d91-8a9d10d6bfea: start 2ffef469-2151-4b59-9d91-8a9d10d6bfea@group-AD6AB9FE452E-LeaderElection11
2020-11-23 01:30:38,076 [2ffef469-2151-4b59-9d91-8a9d10d6bfea@group-AD6AB9FE452E-LeaderElection11] INFO  impl.LeaderElection (LeaderElection.java:askForVotes(215)) - 2ffef469-2151-4b59-9d91-8a9d10d6bfea@group-AD6AB9FE452E-LeaderElection11: begin an election at term 1 for -1: [22e15842-c8f0-466b-8a2b-e723933af459|rpc:172.17.0.2:44143, 2ffef469-2151-4b59-9d91-8a9d10d6bfea|rpc:172.17.0.2:39551, 409b856c-adf0-49b2-b5bb-722eb6966ee0|rpc:172.17.0.2:45539], old=null
2020-11-23 01:30:38,084 [Thread-716] INFO  impl.FollowerState (FollowerState.java:run(128)) - 22e15842-c8f0-466b-8a2b-e723933af459@group-AD6AB9FE452E-FollowerState: change to CANDIDATE, lastRpcTime:5023ms, electionTimeout:5018ms
2020-11-23 01:30:38,084 [grpc-default-executor-5] INFO  impl.RaftServerImpl (RaftServerImpl.java:setRole(204)) - 409b856c-adf0-49b2-b5bb-722eb6966ee0@group-AD6AB9FE452E: changes role from  FOLLOWER to FOLLOWER at term 1 for recognizeCandidate:2ffef469-2151-4b59-9d91-8a9d10d6bfea
2020-11-23 01:30:38,084 [grpc-default-executor-5] INFO  impl.RoleInfo (RoleInfo.java:shutdownFollowerState(121)) - 409b856c-adf0-49b2-b5bb-722eb6966ee0: shutdown 409b856c-adf0-49b2-b5bb-722eb6966ee0@group-AD6AB9FE452E-FollowerState
2020-11-23 01:30:38,084 [Thread-716] INFO  impl.RoleInfo (RoleInfo.java:shutdownFollowerState(121)) - 22e15842-c8f0-466b-8a2b-e723933af459: shutdown 22e15842-c8f0-466b-8a2b-e723933af459@group-AD6AB9FE452E-FollowerState
2020-11-23 01:30:38,085 [Thread-716] INFO  impl.RaftServerImpl (RaftServerImpl.java:setRole(204)) - 22e15842-c8f0-466b-8a2b-e723933af459@group-AD6AB9FE452E: changes role from  FOLLOWER to CANDIDATE at term 0 for changeToCandidate
2020-11-23 01:30:38,084 [grpc-default-executor-5] INFO  impl.RoleInfo (RoleInfo.java:updateAndGet(143)) - 409b856c-adf0-49b2-b5bb-722eb6966ee0: start 409b856c-adf0-49b2-b5bb-722eb6966ee0@group-AD6AB9FE452E-FollowerState
2020-11-23 01:30:38,085 [Thread-719] INFO  impl.FollowerState (FollowerState.java:run(137)) - 409b856c-adf0-49b2-b5bb-722eb6966ee0@group-AD6AB9FE452E-FollowerState was interrupted: {}
java.lang.InterruptedException: sleep interrupted
	at java.lang.Thread.sleep(Native Method)
	at org.apache.ratis.util.JavaUtils.sleep(JavaUtils.java:250)
	at org.apache.ratis.server.impl.FollowerState.run(FollowerState.java:116)
2020-11-23 01:30:38,085 [Thread-716] INFO  impl.RoleInfo (RoleInfo.java:updateAndGet(143)) - 22e15842-c8f0-466b-8a2b-e723933af459: start 22e15842-c8f0-466b-8a2b-e723933af459@group-AD6AB9FE452E-LeaderElection12
2020-11-23 01:30:38,086 [grpc-default-executor-5] INFO  impl.RaftServerImpl (RaftServerImpl.java:requestVote(963)) -  FOLLOWER 409b856c-adf0-49b2-b5bb-722eb6966ee0@group-AD6AB9FE452E:t1, leader=null, voted=null, raftlog=409b856c-adf0-49b2-b5bb-722eb6966ee0@group-AD6AB9FE452E-SegmentedRaftLog:OPENED:c-1,f-1,i0, conf=-1: [22e15842-c8f0-466b-8a2b-e723933af459|rpc:172.17.0.2:44143|dataStream:, 2ffef469-2151-4b59-9d91-8a9d10d6bfea|rpc:172.17.0.2:39551|dataStream:, 409b856c-adf0-49b2-b5bb-722eb6966ee0|rpc:172.17.0.2:45539|dataStream:], old=null RUNNING priority:0 candidate:2ffef469-2151-4b59-9d91-8a9d10d6bfea|rpc:172.17.0.2:39551|dataStream: candidatePriority:0 compare:0
2020-11-23 01:30:38,091 [grpc-default-executor-5] INFO  impl.RaftServerImpl (RaftServerImpl.java:setRole(204)) - 22e15842-c8f0-466b-8a2b-e723933af459@group-AD6AB9FE452E: changes role from CANDIDATE to FOLLOWER at term 1 for recognizeCandidate:2ffef469-2151-4b59-9d91-8a9d10d6bfea
2020-11-23 01:30:38,091 [grpc-default-executor-5] INFO  impl.RoleInfo (RoleInfo.java:shutdownLeaderElection(134)) - 22e15842-c8f0-466b-8a2b-e723933af459: shutdown 22e15842-c8f0-466b-8a2b-e723933af459@group-AD6AB9FE452E-LeaderElection12
2020-11-23 01:30:38,091 [grpc-default-executor-5] INFO  impl.RoleInfo (RoleInfo.java:updateAndGet(143)) - 22e15842-c8f0-466b-8a2b-e723933af459: start 22e15842-c8f0-466b-8a2b-e723933af459@group-AD6AB9FE452E-FollowerState
2020-11-23 01:30:38,097 [2ffef469-2151-4b59-9d91-8a9d10d6bfea@group-AD6AB9FE452E-LeaderElection11] INFO  impl.LeaderElection (LeaderElection.java:logAndReturn(65)) - 2ffef469-2151-4b59-9d91-8a9d10d6bfea@group-AD6AB9FE452E-LeaderElection11: Election PASSED; received 2 response(s) [2ffef469-2151-4b59-9d91-8a9d10d6bfea<-22e15842-c8f0-466b-8a2b-e723933af459#0:FAIL-t1, 2ffef469-2151-4b59-9d91-8a9d10d6bfea<-409b856c-adf0-49b2-b5bb-722eb6966ee0#0:OK-t1] and 0 exception(s); 2ffef469-2151-4b59-9d91-8a9d10d6bfea@group-AD6AB9FE452E:t1, leader=null, voted=2ffef469-2151-4b59-9d91-8a9d10d6bfea, raftlog=2ffef469-2151-4b59-9d91-8a9d10d6bfea@group-AD6AB9FE452E-SegmentedRaftLog:OPENED:c-1,f-1,i0, conf=-1: [22e15842-c8f0-466b-8a2b-e723933af459|rpc:172.17.0.2:44143, 2ffef469-2151-4b59-9d91-8a9d10d6bfea|rpc:172.17.0.2:39551, 409b856c-adf0-49b2-b5bb-722eb6966ee0|rpc:172.17.0.2:45539], old=null
2020-11-23 01:30:38,097 [2ffef469-2151-4b59-9d91-8a9d10d6bfea@group-AD6AB9FE452E-LeaderElection11] INFO  impl.RoleInfo (RoleInfo.java:shutdownLeaderElection(134)) - 2ffef469-2151-4b59-9d91-8a9d10d6bfea: shutdown 2ffef469-2151-4b59-9d91-8a9d10d6bfea@group-AD6AB9FE452E-LeaderElection11
2020-11-23 01:30:38,097 [2ffef469-2151-4b59-9d91-8a9d10d6bfea@group-AD6AB9FE452E-LeaderElection11] INFO  impl.RaftServerImpl (RaftServerImpl.java:setRole(204)) - 2ffef469-2151-4b59-9d91-8a9d10d6bfea@group-AD6AB9FE452E: changes role from CANDIDATE to LEADER at term 1 for changeToLeader
2020-11-23 01:30:38,097 [2ffef469-2151-4b59-9d91-8a9d10d6bfea@group-AD6AB9FE452E-LeaderElection11] INFO  ratis.XceiverServerRatis (XceiverServerRatis.java:handleLeaderChangedNotification(854)) - Leader change notification received for group: group-AD6AB9FE452E with new leaderId: 2ffef469-2151-4b59-9d91-8a9d10d6bfea
2020-11-23 01:30:38,097 [2ffef469-2151-4b59-9d91-8a9d10d6bfea@group-AD6AB9FE452E-LeaderElection11] INFO  impl.RaftServerImpl (ServerState.java:setLeader(256)) - 2ffef469-2151-4b59-9d91-8a9d10d6bfea@group-AD6AB9FE452E: change Leader from null to 2ffef469-2151-4b59-9d91-8a9d10d6bfea at term 1 for becomeLeader, leader elected after 5086ms
2020-11-23 01:30:38,097 [2ffef469-2151-4b59-9d91-8a9d10d6bfea@group-AD6AB9FE452E-LeaderElection11] INFO  server.RaftServerConfigKeys (ConfUtils.java:logGet(44)) - raft.server.staging.catchup.gap = 1000 (default)
2020-11-23 01:30:38,097 [2ffef469-2151-4b59-9d91-8a9d10d6bfea@group-AD6AB9FE452E-LeaderElection11] INFO  server.RaftServerConfigKeys (ConfUtils.java:logGet(44)) - raft.server.rpc.sleep.time = 25ms (default)
2020-11-23 01:30:38,097 [2ffef469-2151-4b59-9d91-8a9d10d6bfea@group-AD6AB9FE452E-LeaderElection11] INFO  metrics.RatisMetrics (RatisMetrics.java:lambda$create$0(36)) - Creating Metrics Registry : ratis.log_appender.2ffef469-2151-4b59-9d91-8a9d10d6bfea@group-AD6AB9FE452E
2020-11-23 01:30:38,098 [2ffef469-2151-4b59-9d91-8a9d10d6bfea@group-AD6AB9FE452E-LeaderElection11] INFO  server.RaftServerConfigKeys (ConfUtils.java:logGet(44)) - raft.server.write.element-limit = 1024 (custom)
2020-11-23 01:30:38,098 [2ffef469-2151-4b59-9d91-8a9d10d6bfea@group-AD6AB9FE452E-LeaderElection11] INFO  server.RaftServerConfigKeys (ConfUtils.java:logGet(44)) - raft.server.write.byte-limit = 1073741824 (custom)
2020-11-23 01:30:38,098 [2ffef469-2151-4b59-9d91-8a9d10d6bfea@group-AD6AB9FE452E-LeaderElection11] INFO  server.RaftServerConfigKeys (ConfUtils.java:logGet(44)) - raft.server.watch.timeout = 180s (custom)
2020-11-23 01:30:38,098 [2ffef469-2151-4b59-9d91-8a9d10d6bfea@group-AD6AB9FE452E-LeaderElection11] INFO  server.RaftServerConfigKeys (ConfUtils.java:logGet(44)) - raft.server.watch.timeout.denomination = 1s (default)
2020-11-23 01:30:38,098 [2ffef469-2151-4b59-9d91-8a9d10d6bfea@group-AD6AB9FE452E-LeaderElection11] INFO  server.RaftServerConfigKeys (ConfUtils.java:logGet(44)) - raft.server.watch.element-limit = 65536 (default)
2020-11-23 01:30:38,098 [2ffef469-2151-4b59-9d91-8a9d10d6bfea@group-AD6AB9FE452E-LeaderElection11] INFO  server.RaftServerConfigKeys (ConfUtils.java:logGet(44)) - raft.server.log.appender.snapshot.chunk.size.max = 16MB (=16777216) (default)
2020-11-23 01:30:38,099 [2ffef469-2151-4b59-9d91-8a9d10d6bfea@group-AD6AB9FE452E-LeaderElection11] INFO  server.RaftServerConfigKeys (ConfUtils.java:logGet(44)) - raft.server.log.appender.buffer.byte-limit = 33554432 (custom)
2020-11-23 01:30:38,099 [2ffef469-2151-4b59-9d91-8a9d10d6bfea@group-AD6AB9FE452E-LeaderElection11] INFO  server.RaftServerConfigKeys (ConfUtils.java:logGet(44)) - raft.server.log.appender.buffer.element-limit = 1 (custom)
2020-11-23 01:30:38,099 [2ffef469-2151-4b59-9d91-8a9d10d6bfea@group-AD6AB9FE452E-LeaderElection11] INFO  grpc.GrpcConfigKeys (ConfUtils.java:logGet(44)) - raft.grpc.server.leader.outstanding.appends.max = 128 (default)
2020-11-23 01:30:38,099 [2ffef469-2151-4b59-9d91-8a9d10d6bfea@group-AD6AB9FE452E-LeaderElection11] INFO  server.RaftServerConfigKeys (ConfUtils.java:logGet(44)) - raft.server.rpc.request.timeout = 60s (custom)
2020-11-23 01:30:38,099 [2ffef469-2151-4b59-9d91-8a9d10d6bfea@group-AD6AB9FE452E-LeaderElection11] INFO  server.RaftServerConfigKeys (ConfUtils.java:logGet(44)) - raft.server.log.appender.install.snapshot.enabled = false (custom)
2020-11-23 01:30:38,099 [2ffef469-2151-4b59-9d91-8a9d10d6bfea@group-AD6AB9FE452E-LeaderElection11] INFO  metrics.RatisMetrics (RatisMetrics.java:lambda$create$0(36)) - Creating Metrics Registry : ratis_grpc.log_appender.2ffef469-2151-4b59-9d91-8a9d10d6bfea@group-AD6AB9FE452E
2020-11-23 01:30:38,101 [EventQueue-PipelineReportForOneReplicaPipelineSafeModeRule] INFO  safemode.SCMSafeModeManager (SCMSafeModeManager.java:validateSafeModeExitRules(214)) - AtleastOneDatanodeReportedRule rule is successfully validated
2020-11-23 01:30:38,102 [EventQueue-OpenPipelineForHealthyPipelineSafeModeRule] INFO  safemode.SCMSafeModeManager (HealthyPipelineSafeModeRule.java:process(128)) - SCM in safe mode. Healthy pipelines reported count is 0, required healthy pipeline reported count is 1
2020-11-23 01:30:38,102 [EventQueue-PipelineReportForPipelineReportHandler] INFO  pipeline.PipelineStateManager (PipelineStateManager.java:openPipeline(132)) - Pipeline Pipeline[ Id: a5b3f791-2369-44c1-a6b9-ad6ab9fe452e, Nodes: 22e15842-c8f0-466b-8a2b-e723933af459{ip: 172.17.0.2, host: d1de218a02b0, networkLocation: /default-rack, certSerialId: null}409b856c-adf0-49b2-b5bb-722eb6966ee0{ip: 172.17.0.2, host: d1de218a02b0, networkLocation: /default-rack, certSerialId: null}2ffef469-2151-4b59-9d91-8a9d10d6bfea{ip: 172.17.0.2, host: d1de218a02b0, networkLocation: /default-rack, certSerialId: null}, Type:RATIS, Factor:THREE, State:ALLOCATED, leaderId:2ffef469-2151-4b59-9d91-8a9d10d6bfea, CreationTimestamp2020-11-23T01:30:30.401Z] moved to OPEN state
2020-11-23 01:30:38,111 [2ffef469-2151-4b59-9d91-8a9d10d6bfea@group-AD6AB9FE452E-LeaderElection11] INFO  server.RaftServerConfigKeys (ConfUtils.java:logGet(44)) - raft.server.log.appender.snapshot.chunk.size.max = 16MB (=16777216) (default)
2020-11-23 01:30:38,111 [2ffef469-2151-4b59-9d91-8a9d10d6bfea@group-AD6AB9FE452E-LeaderElection11] INFO  server.RaftServerConfigKeys (ConfUtils.java:logGet(44)) - raft.server.log.appender.buffer.byte-limit = 33554432 (custom)
2020-11-23 01:30:38,112 [2ffef469-2151-4b59-9d91-8a9d10d6bfea@group-AD6AB9FE452E-LeaderElection11] INFO  server.RaftServerConfigKeys (ConfUtils.java:logGet(44)) - raft.server.log.appender.buffer.element-limit = 1 (custom)
2020-11-23 01:30:38,112 [2ffef469-2151-4b59-9d91-8a9d10d6bfea@group-AD6AB9FE452E-LeaderElection11] INFO  grpc.GrpcConfigKeys (ConfUtils.java:logGet(44)) - raft.grpc.server.leader.outstanding.appends.max = 128 (default)
2020-11-23 01:30:38,112 [2ffef469-2151-4b59-9d91-8a9d10d6bfea@group-AD6AB9FE452E-LeaderElection11] INFO  server.RaftServerConfigKeys (ConfUtils.java:logGet(44)) - raft.server.rpc.request.timeout = 60s (custom)
2020-11-23 01:30:38,112 [EventQueue-OpenPipelineForHealthyPipelineSafeModeRule] INFO  safemode.SCMSafeModeManager (HealthyPipelineSafeModeRule.java:process(128)) - SCM in safe mode. Healthy pipelines reported count is 1, required healthy pipeline reported count is 1
2020-11-23 01:30:38,112 [EventQueue-OpenPipelineForHealthyPipelineSafeModeRule] INFO  safemode.SCMSafeModeManager (SCMSafeModeManager.java:validateSafeModeExitRules(214)) - HealthyPipelineSafeModeRule rule is successfully validated
2020-11-23 01:30:38,112 [EventQueue-OpenPipelineForHealthyPipelineSafeModeRule] INFO  safemode.SCMSafeModeManager (SCMSafeModeManager.java:validateSafeModeExitRules(228)) - ScmSafeModeManager, all rules are successfully validated
2020-11-23 01:30:38,112 [EventQueue-OpenPipelineForHealthyPipelineSafeModeRule] INFO  safemode.SCMSafeModeManager (SCMSafeModeManager.java:exitSafeMode(257)) - SCM exiting safe mode.
2020-11-23 01:30:38,112 [2ffef469-2151-4b59-9d91-8a9d10d6bfea@group-AD6AB9FE452E-LeaderElection11] INFO  server.RaftServerConfigKeys (ConfUtils.java:logGet(44)) - raft.server.log.appender.install.snapshot.enabled = false (custom)
2020-11-23 01:30:38,114 [2ffef469-2151-4b59-9d91-8a9d10d6bfea@group-AD6AB9FE452E-LeaderElection11] INFO  impl.RoleInfo (RoleInfo.java:updateAndGet(143)) - 2ffef469-2151-4b59-9d91-8a9d10d6bfea: start 2ffef469-2151-4b59-9d91-8a9d10d6bfea@group-AD6AB9FE452E-LeaderState
2020-11-23 01:30:38,114 [2ffef469-2151-4b59-9d91-8a9d10d6bfea@group-AD6AB9FE452E-LeaderElection11] INFO  segmented.SegmentedRaftLogWorker (SegmentedRaftLogWorker.java:startLogSegment(398)) - 2ffef469-2151-4b59-9d91-8a9d10d6bfea@group-AD6AB9FE452E-SegmentedRaftLogWorker: Starting segment from index:0
2020-11-23 01:30:38,115 [2ffef469-2151-4b59-9d91-8a9d10d6bfea@group-AD6AB9FE452E-SegmentedRaftLogWorker] INFO  segmented.SegmentedRaftLogWorker (SegmentedRaftLogWorker.java:execute(597)) - 2ffef469-2151-4b59-9d91-8a9d10d6bfea@group-AD6AB9FE452E-SegmentedRaftLogWorker: created new log segment /github/workspace/mnt/ozone/hadoop-ozone/integration-test/target/test-dir/MiniOzoneClusterImpl-9d05a325-c6bd-459e-80b5-8a813f22569b/datanode-0/data/ratis/a5b3f791-2369-44c1-a6b9-ad6ab9fe452e/current/log_inprogress_0
2020-11-23 01:30:38,124 [2ffef469-2151-4b59-9d91-8a9d10d6bfea@group-AD6AB9FE452E-LeaderElection11] INFO  impl.RaftServerImpl (ServerState.java:setRaftConf(374)) - 2ffef469-2151-4b59-9d91-8a9d10d6bfea@group-AD6AB9FE452E: set configuration 0: [22e15842-c8f0-466b-8a2b-e723933af459|rpc:172.17.0.2:44143|dataStream:, 2ffef469-2151-4b59-9d91-8a9d10d6bfea|rpc:172.17.0.2:39551|dataStream:, 409b856c-adf0-49b2-b5bb-722eb6966ee0|rpc:172.17.0.2:45539|dataStream:], old=null at 0
2020-11-23 01:30:38,136 [grpc-default-executor-4] INFO  ratis.XceiverServerRatis (XceiverServerRatis.java:handleLeaderChangedNotification(854)) - Leader change notification received for group: group-AD6AB9FE452E with new leaderId: 2ffef469-2151-4b59-9d91-8a9d10d6bfea
2020-11-23 01:30:38,136 [grpc-default-executor-4] INFO  impl.RaftServerImpl (ServerState.java:setLeader(256)) - 22e15842-c8f0-466b-8a2b-e723933af459@group-AD6AB9FE452E: change Leader from null to 2ffef469-2151-4b59-9d91-8a9d10d6bfea at term 1 for appendEntries, leader elected after 5087ms
2020-11-23 01:30:38,137 [grpc-default-executor-5] INFO  ratis.XceiverServerRatis (XceiverServerRatis.java:handleLeaderChangedNotification(854)) - Leader change notification received for group: group-AD6AB9FE452E with new leaderId: 2ffef469-2151-4b59-9d91-8a9d10d6bfea
2020-11-23 01:30:38,137 [grpc-default-executor-5] INFO  impl.RaftServerImpl (ServerState.java:setLeader(256)) - 409b856c-adf0-49b2-b5bb-722eb6966ee0@group-AD6AB9FE452E: change Leader from null to 2ffef469-2151-4b59-9d91-8a9d10d6bfea at term 1 for appendEntries, leader elected after 5041ms
2020-11-23 01:30:38,139 [grpc-default-executor-4] INFO  impl.RaftServerImpl (ServerState.java:setRaftConf(374)) - 22e15842-c8f0-466b-8a2b-e723933af459@group-AD6AB9FE452E: set configuration 0: [22e15842-c8f0-466b-8a2b-e723933af459|rpc:172.17.0.2:44143|dataStream:, 2ffef469-2151-4b59-9d91-8a9d10d6bfea|rpc:172.17.0.2:39551|dataStream:, 409b856c-adf0-49b2-b5bb-722eb6966ee0|rpc:172.17.0.2:45539|dataStream:], old=null at 0
2020-11-23 01:30:38,139 [grpc-default-executor-4] INFO  segmented.SegmentedRaftLogWorker (SegmentedRaftLogWorker.java:startLogSegment(398)) - 22e15842-c8f0-466b-8a2b-e723933af459@group-AD6AB9FE452E-SegmentedRaftLogWorker: Starting segment from index:0
2020-11-23 01:30:38,141 [22e15842-c8f0-466b-8a2b-e723933af459@group-AD6AB9FE452E-SegmentedRaftLogWorker] INFO  segmented.SegmentedRaftLogWorker (SegmentedRaftLogWorker.java:execute(597)) - 22e15842-c8f0-466b-8a2b-e723933af459@group-AD6AB9FE452E-SegmentedRaftLogWorker: created new log segment /github/workspace/mnt/ozone/hadoop-ozone/integration-test/target/test-dir/MiniOzoneClusterImpl-9d05a325-c6bd-459e-80b5-8a813f22569b/datanode-1/data/ratis/a5b3f791-2369-44c1-a6b9-ad6ab9fe452e/current/log_inprogress_0
2020-11-23 01:30:38,142 [grpc-default-executor-4] INFO  impl.RaftServerImpl (ServerState.java:setRaftConf(374)) - 409b856c-adf0-49b2-b5bb-722eb6966ee0@group-AD6AB9FE452E: set configuration 0: [22e15842-c8f0-466b-8a2b-e723933af459|rpc:172.17.0.2:44143|dataStream:, 2ffef469-2151-4b59-9d91-8a9d10d6bfea|rpc:172.17.0.2:39551|dataStream:, 409b856c-adf0-49b2-b5bb-722eb6966ee0|rpc:172.17.0.2:45539|dataStream:], old=null at 0
2020-11-23 01:30:38,143 [grpc-default-executor-4] INFO  segmented.SegmentedRaftLogWorker (SegmentedRaftLogWorker.java:startLogSegment(398)) - 409b856c-adf0-49b2-b5bb-722eb6966ee0@group-AD6AB9FE452E-SegmentedRaftLogWorker: Starting segment from index:0
2020-11-23 01:30:38,144 [409b856c-adf0-49b2-b5bb-722eb6966ee0@group-AD6AB9FE452E-SegmentedRaftLogWorker] INFO  segmented.SegmentedRaftLogWorker (SegmentedRaftLogWorker.java:execute(597)) - 409b856c-adf0-49b2-b5bb-722eb6966ee0@group-AD6AB9FE452E-SegmentedRaftLogWorker: created new log segment /github/workspace/mnt/ozone/hadoop-ozone/integration-test/target/test-dir/MiniOzoneClusterImpl-9d05a325-c6bd-459e-80b5-8a813f22569b/datanode-2/data/ratis/a5b3f791-2369-44c1-a6b9-ad6ab9fe452e/current/log_inprogress_0
2020-11-23 01:30:38,177 [Thread-725] INFO  impl.FollowerState (FollowerState.java:run(128)) - 22e15842-c8f0-466b-8a2b-e723933af459@group-9FCFCB379766-FollowerState: change to CANDIDATE, lastRpcTime:5010ms, electionTimeout:5009ms
2020-11-23 01:30:38,177 [Thread-725] INFO  impl.RoleInfo (RoleInfo.java:shutdownFollowerState(121)) - 22e15842-c8f0-466b-8a2b-e723933af459: shutdown 22e15842-c8f0-466b-8a2b-e723933af459@group-9FCFCB379766-FollowerState
2020-11-23 01:30:38,177 [Thread-725] INFO  impl.RaftServerImpl (RaftServerImpl.java:setRole(204)) - 22e15842-c8f0-466b-8a2b-e723933af459@group-9FCFCB379766: changes role from  FOLLOWER to CANDIDATE at term 0 for changeToCandidate
2020-11-23 01:30:38,177 [Thread-725] INFO  impl.RoleInfo (RoleInfo.java:updateAndGet(143)) - 22e15842-c8f0-466b-8a2b-e723933af459: start 22e15842-c8f0-466b-8a2b-e723933af459@group-9FCFCB379766-LeaderElection13
2020-11-23 01:30:38,182 [22e15842-c8f0-466b-8a2b-e723933af459@group-9FCFCB379766-LeaderElection13] INFO  impl.LeaderElection (LeaderElection.java:askForVotes(215)) - 22e15842-c8f0-466b-8a2b-e723933af459@group-9FCFCB379766-LeaderElection13: begin an election at term 1 for -1: [22e15842-c8f0-466b-8a2b-e723933af459|rpc:172.17.0.2:44143], old=null
2020-11-23 01:30:38,182 [22e15842-c8f0-466b-8a2b-e723933af459@group-9FCFCB379766-LeaderElection13] INFO  impl.RoleInfo (RoleInfo.java:shutdownLeaderElection(134)) - 22e15842-c8f0-466b-8a2b-e723933af459: shutdown 22e15842-c8f0-466b-8a2b-e723933af459@group-9FCFCB379766-LeaderElection13
2020-11-23 01:30:38,182 [22e15842-c8f0-466b-8a2b-e723933af459@group-9FCFCB379766-LeaderElection13] INFO  impl.RaftServerImpl (RaftServerImpl.java:setRole(204)) - 22e15842-c8f0-466b-8a2b-e723933af459@group-9FCFCB379766: changes role from CANDIDATE to LEADER at term 1 for changeToLeader
2020-11-23 01:30:38,182 [22e15842-c8f0-466b-8a2b-e723933af459@group-9FCFCB379766-LeaderElection13] INFO  ratis.XceiverServerRatis (XceiverServerRatis.java:handleLeaderChangedNotification(854)) - Leader change notification received for group: group-9FCFCB379766 with new leaderId: 22e15842-c8f0-466b-8a2b-e723933af459
2020-11-23 01:30:38,182 [22e15842-c8f0-466b-8a2b-e723933af459@group-9FCFCB379766-LeaderElection13] INFO  impl.RaftServerImpl (ServerState.java:setLeader(256)) - 22e15842-c8f0-466b-8a2b-e723933af459@group-9FCFCB379766: change Leader from null to 22e15842-c8f0-466b-8a2b-e723933af459 at term 1 for becomeLeader, leader elected after 5025ms
2020-11-23 01:30:38,183 [22e15842-c8f0-466b-8a2b-e723933af459@group-9FCFCB379766-LeaderElection13] INFO  server.RaftServerConfigKeys (ConfUtils.java:logGet(44)) - raft.server.staging.catchup.gap = 1000 (default)
2020-11-23 01:30:38,184 [22e15842-c8f0-466b-8a2b-e723933af459@group-9FCFCB379766-LeaderElection13] INFO  server.RaftServerConfigKeys (ConfUtils.java:logGet(44)) - raft.server.rpc.sleep.time = 25ms (default)
2020-11-23 01:30:38,184 [22e15842-c8f0-466b-8a2b-e723933af459@group-9FCFCB379766-LeaderElection13] INFO  metrics.RatisMetrics (RatisMetrics.java:lambda$create$0(36)) - Creating Metrics Registry : ratis.log_appender.22e15842-c8f0-466b-8a2b-e723933af459@group-9FCFCB379766
2020-11-23 01:30:38,184 [22e15842-c8f0-466b-8a2b-e723933af459@group-9FCFCB379766-LeaderElection13] INFO  server.RaftServerConfigKeys (ConfUtils.java:logGet(44)) - raft.server.write.element-limit = 1024 (custom)
2020-11-23 01:30:38,184 [22e15842-c8f0-466b-8a2b-e723933af459@group-9FCFCB379766-LeaderElection13] INFO  server.RaftServerConfigKeys (ConfUtils.java:logGet(44)) - raft.server.write.byte-limit = 1073741824 (custom)
2020-11-23 01:30:38,184 [22e15842-c8f0-466b-8a2b-e723933af459@group-9FCFCB379766-LeaderElection13] INFO  server.RaftServerConfigKeys (ConfUtils.java:logGet(44)) - raft.server.watch.timeout = 180s (custom)
2020-11-23 01:30:38,185 [22e15842-c8f0-466b-8a2b-e723933af459@group-9FCFCB379766-LeaderElection13] INFO  server.RaftServerConfigKeys (ConfUtils.java:logGet(44)) - raft.server.watch.timeout.denomination = 1s (default)
2020-11-23 01:30:38,185 [22e15842-c8f0-466b-8a2b-e723933af459@group-9FCFCB379766-LeaderElection13] INFO  server.RaftServerConfigKeys (ConfUtils.java:logGet(44)) - raft.server.watch.element-limit = 65536 (default)
2020-11-23 01:30:38,185 [22e15842-c8f0-466b-8a2b-e723933af459@group-9FCFCB379766-LeaderElection13] INFO  impl.RoleInfo (RoleInfo.java:updateAndGet(143)) - 22e15842-c8f0-466b-8a2b-e723933af459: start 22e15842-c8f0-466b-8a2b-e723933af459@group-9FCFCB379766-LeaderState
2020-11-23 01:30:38,185 [22e15842-c8f0-466b-8a2b-e723933af459@group-9FCFCB379766-LeaderElection13] INFO  segmented.SegmentedRaftLogWorker (SegmentedRaftLogWorker.java:startLogSegment(398)) - 22e15842-c8f0-466b-8a2b-e723933af459@group-9FCFCB379766-SegmentedRaftLogWorker: Starting segment from index:0
2020-11-23 01:30:38,185 [22e15842-c8f0-466b-8a2b-e723933af459@group-9FCFCB379766-LeaderElection13] INFO  impl.RaftServerImpl (ServerState.java:setRaftConf(374)) - 22e15842-c8f0-466b-8a2b-e723933af459@group-9FCFCB379766: set configuration 0: [22e15842-c8f0-466b-8a2b-e723933af459|rpc:172.17.0.2:44143|dataStream:], old=null at 0
2020-11-23 01:30:38,186 [22e15842-c8f0-466b-8a2b-e723933af459@group-9FCFCB379766-SegmentedRaftLogWorker] INFO  segmented.SegmentedRaftLogWorker (SegmentedRaftLogWorker.java:execute(597)) - 22e15842-c8f0-466b-8a2b-e723933af459@group-9FCFCB379766-SegmentedRaftLogWorker: created new log segment /github/workspace/mnt/ozone/hadoop-ozone/integration-test/target/test-dir/MiniOzoneClusterImpl-9d05a325-c6bd-459e-80b5-8a813f22569b/datanode-1/data/ratis/21f4fb02-1b69-4f6e-98a6-9fcfcb379766/current/log_inprogress_0
2020-11-23 01:30:38,391 [Listener at 127.0.0.1/11620] INFO  ozone.MiniOzoneClusterImpl (MiniOzoneClusterImpl.java:lambda$waitForClusterToBeReady$0(178)) - Nodes are ready. Got 3 of 3 DN Heartbeats.
2020-11-23 01:30:38,391 [Listener at 127.0.0.1/11620] INFO  ozone.MiniOzoneClusterImpl (MiniOzoneClusterImpl.java:lambda$waitForClusterToBeReady$0(181)) - Cluster exits safe mode
2020-11-23 01:30:38,477 [Listener at 127.0.0.1/11620] INFO  rpc.RpcClient (RpcClient.java:createVolume(272)) - Creating Volume: volume49858, with user60692 as owner.
2020-11-23 01:30:38,489 [OM StateMachine ApplyTransaction Thread - 0] INFO  volume.OMVolumeCreateRequest (OMVolumeCreateRequest.java:validateAndUpdateCache(196)) - created volume:volume49858 for user:user60692
2020-11-23 01:30:38,496 [org.apache.ratis.server.JvmPauseMonitor@4f2d9acc-Monitor] WARN  server.JvmPauseMonitor (JvmPauseMonitor.java:run(141)) - Detected pause in JVM or host machine (eg GC): pause of approximately 1ms
No GCs detected
2020-11-23 01:30:38,498 [Listener at 127.0.0.1/11620] INFO  rpc.RpcClient (RpcClient.java:createBucket(427)) - Creating Bucket: volume49858/bucket67072, with Versioning false and Storage Type set to DISK and Encryption set to false 
2020-11-23 01:30:38,503 [OM StateMachine ApplyTransaction Thread - 0] INFO  volume.OMVolumeCreateRequest (OMVolumeCreateRequest.java:validateAndUpdateCache(196)) - created volume:volume49858 for user:user60692
2020-11-23 01:30:38,504 [OM StateMachine ApplyTransaction Thread - 0] INFO  volume.OMVolumeCreateRequest (OMVolumeCreateRequest.java:validateAndUpdateCache(196)) - created volume:volume49858 for user:user60692
2020-11-23 01:30:38,504 [Thread-727] INFO  impl.FollowerState (FollowerState.java:run(128)) - 409b856c-adf0-49b2-b5bb-722eb6966ee0@group-F17DDB8ADB70-FollowerState: change to CANDIDATE, lastRpcTime:5060ms, electionTimeout:5060ms
2020-11-23 01:30:38,505 [Thread-727] INFO  impl.RoleInfo (RoleInfo.java:shutdownFollowerState(121)) - 409b856c-adf0-49b2-b5bb-722eb6966ee0: shutdown 409b856c-adf0-49b2-b5bb-722eb6966ee0@group-F17DDB8ADB70-FollowerState
2020-11-23 01:30:38,505 [Thread-727] INFO  impl.RaftServerImpl (RaftServerImpl.java:setRole(204)) - 409b856c-adf0-49b2-b5bb-722eb6966ee0@group-F17DDB8ADB70: changes role from  FOLLOWER to CANDIDATE at term 0 for changeToCandidate
2020-11-23 01:30:38,505 [Thread-727] INFO  impl.RoleInfo (RoleInfo.java:updateAndGet(143)) - 409b856c-adf0-49b2-b5bb-722eb6966ee0: start 409b856c-adf0-49b2-b5bb-722eb6966ee0@group-F17DDB8ADB70-LeaderElection14
2020-11-23 01:30:38,530 [409b856c-adf0-49b2-b5bb-722eb6966ee0@group-F17DDB8ADB70-LeaderElection14] INFO  impl.LeaderElection (LeaderElection.java:askForVotes(215)) - 409b856c-adf0-49b2-b5bb-722eb6966ee0@group-F17DDB8ADB70-LeaderElection14: begin an election at term 1 for -1: [409b856c-adf0-49b2-b5bb-722eb6966ee0|rpc:172.17.0.2:45539], old=null
2020-11-23 01:30:38,531 [409b856c-adf0-49b2-b5bb-722eb6966ee0@group-F17DDB8ADB70-LeaderElection14] INFO  impl.RoleInfo (RoleInfo.java:shutdownLeaderElection(134)) - 409b856c-adf0-49b2-b5bb-722eb6966ee0: shutdown 409b856c-adf0-49b2-b5bb-722eb6966ee0@group-F17DDB8ADB70-LeaderElection14
2020-11-23 01:30:38,532 [409b856c-adf0-49b2-b5bb-722eb6966ee0@group-F17DDB8ADB70-LeaderElection14] INFO  impl.RaftServerImpl (RaftServerImpl.java:setRole(204)) - 409b856c-adf0-49b2-b5bb-722eb6966ee0@group-F17DDB8ADB70: changes role from CANDIDATE to LEADER at term 1 for changeToLeader
2020-11-23 01:30:38,532 [409b856c-adf0-49b2-b5bb-722eb6966ee0@group-F17DDB8ADB70-LeaderElection14] INFO  ratis.XceiverServerRatis (XceiverServerRatis.java:handleLeaderChangedNotification(854)) - Leader change notification received for group: group-F17DDB8ADB70 with new leaderId: 409b856c-adf0-49b2-b5bb-722eb6966ee0
2020-11-23 01:30:38,532 [409b856c-adf0-49b2-b5bb-722eb6966ee0@group-F17DDB8ADB70-LeaderElection14] INFO  impl.RaftServerImpl (ServerState.java:setLeader(256)) - 409b856c-adf0-49b2-b5bb-722eb6966ee0@group-F17DDB8ADB70: change Leader from null to 409b856c-adf0-49b2-b5bb-722eb6966ee0 at term 1 for becomeLeader, leader elected after 5095ms
2020-11-23 01:30:38,533 [409b856c-adf0-49b2-b5bb-722eb6966ee0@group-F17DDB8ADB70-LeaderElection14] INFO  server.RaftServerConfigKeys (ConfUtils.java:logGet(44)) - raft.server.staging.catchup.gap = 1000 (default)
2020-11-23 01:30:38,533 [409b856c-adf0-49b2-b5bb-722eb6966ee0@group-F17DDB8ADB70-LeaderElection14] INFO  server.RaftServerConfigKeys (ConfUtils.java:logGet(44)) - raft.server.rpc.sleep.time = 25ms (default)
2020-11-23 01:30:38,533 [409b856c-adf0-49b2-b5bb-722eb6966ee0@group-F17DDB8ADB70-LeaderElection14] INFO  metrics.RatisMetrics (RatisMetrics.java:lambda$create$0(36)) - Creating Metrics Registry : ratis.log_appender.409b856c-adf0-49b2-b5bb-722eb6966ee0@group-F17DDB8ADB70
2020-11-23 01:30:38,534 [409b856c-adf0-49b2-b5bb-722eb6966ee0@group-F17DDB8ADB70-LeaderElection14] INFO  server.RaftServerConfigKeys (ConfUtils.java:logGet(44)) - raft.server.write.element-limit = 1024 (custom)
2020-11-23 01:30:38,534 [409b856c-adf0-49b2-b5bb-722eb6966ee0@group-F17DDB8ADB70-LeaderElection14] INFO  server.RaftServerConfigKeys (ConfUtils.java:logGet(44)) - raft.server.write.byte-limit = 1073741824 (custom)
2020-11-23 01:30:38,534 [409b856c-adf0-49b2-b5bb-722eb6966ee0@group-F17DDB8ADB70-LeaderElection14] INFO  server.RaftServerConfigKeys (ConfUtils.java:logGet(44)) - raft.server.watch.timeout = 180s (custom)
2020-11-23 01:30:38,534 [409b856c-adf0-49b2-b5bb-722eb6966ee0@group-F17DDB8ADB70-LeaderElection14] INFO  server.RaftServerConfigKeys (ConfUtils.java:logGet(44)) - raft.server.watch.timeout.denomination = 1s (default)
2020-11-23 01:30:38,534 [409b856c-adf0-49b2-b5bb-722eb6966ee0@group-F17DDB8ADB70-LeaderElection14] INFO  server.RaftServerConfigKeys (ConfUtils.java:logGet(44)) - raft.server.watch.element-limit = 65536 (default)
2020-11-23 01:30:38,534 [409b856c-adf0-49b2-b5bb-722eb6966ee0@group-F17DDB8ADB70-LeaderElection14] INFO  impl.RoleInfo (RoleInfo.java:updateAndGet(143)) - 409b856c-adf0-49b2-b5bb-722eb6966ee0: start 409b856c-adf0-49b2-b5bb-722eb6966ee0@group-F17DDB8ADB70-LeaderState
2020-11-23 01:30:38,535 [409b856c-adf0-49b2-b5bb-722eb6966ee0@group-F17DDB8ADB70-LeaderElection14] INFO  segmented.SegmentedRaftLogWorker (SegmentedRaftLogWorker.java:startLogSegment(398)) - 409b856c-adf0-49b2-b5bb-722eb6966ee0@group-F17DDB8ADB70-SegmentedRaftLogWorker: Starting segment from index:0
2020-11-23 01:30:38,535 [409b856c-adf0-49b2-b5bb-722eb6966ee0@group-F17DDB8ADB70-LeaderElection14] INFO  impl.RaftServerImpl (ServerState.java:setRaftConf(374)) - 409b856c-adf0-49b2-b5bb-722eb6966ee0@group-F17DDB8ADB70: set configuration 0: [409b856c-adf0-49b2-b5bb-722eb6966ee0|rpc:172.17.0.2:45539|dataStream:], old=null at 0
2020-11-23 01:30:38,537 [409b856c-adf0-49b2-b5bb-722eb6966ee0@group-F17DDB8ADB70-SegmentedRaftLogWorker] INFO  segmented.SegmentedRaftLogWorker (SegmentedRaftLogWorker.java:execute(597)) - 409b856c-adf0-49b2-b5bb-722eb6966ee0@group-F17DDB8ADB70-SegmentedRaftLogWorker: created new log segment /github/workspace/mnt/ozone/hadoop-ozone/integration-test/target/test-dir/MiniOzoneClusterImpl-9d05a325-c6bd-459e-80b5-8a813f22569b/datanode-2/data/ratis/9a30bf38-ea2b-4e6e-bbaf-f17ddb8adb70/current/log_inprogress_0
2020-11-23 01:30:38,543 [IPC Server handler 2 on default port 41259] INFO  pipeline.PipelineStateManager (PipelineStateManager.java:addPipeline(54)) - Created pipeline Pipeline[ Id: 39546e20-e315-4a76-b702-7e0bbb6a2488, Nodes: 22e15842-c8f0-466b-8a2b-e723933af459{ip: 172.17.0.2, host: d1de218a02b0, networkLocation: /default-rack, certSerialId: null}, Type:STAND_ALONE, Factor:ONE, State:OPEN, leaderId:, CreationTimestamp2020-11-23T01:30:38.543Z]
2020-11-23 01:30:38,573 [org.apache.ratis.server.JvmPauseMonitor@66f5077c-Monitor] WARN  server.JvmPauseMonitor (JvmPauseMonitor.java:run(141)) - Detected pause in JVM or host machine (eg GC): pause of approximately 1ms
No GCs detected
2020-11-23 01:30:39,033 [omNode-1@group-523986131536-StateMachineUpdater] INFO  ratis.OzoneManagerStateMachine (OzoneManagerStateMachine.java:takeSnapshot(345)) - Current Snapshot Index (t:1, i:49)
2020-11-23 01:30:39,033 [omNode-1@group-523986131536-StateMachineUpdater] INFO  impl.StateMachineUpdater (StateMachineUpdater.java:takeSnapshot(278)) - omNode-1@group-523986131536-StateMachineUpdater: Took a snapshot at index 49
2020-11-23 01:30:39,033 [omNode-1@group-523986131536-StateMachineUpdater] INFO  impl.StateMachineUpdater (StateMachineUpdater.java:lambda$new$0(87)) - omNode-1@group-523986131536-StateMachineUpdater: snapshotIndex: updateIncreasingly -1 -> 49
2020-11-23 01:30:39,033 [omNode-1@group-523986131536-StateMachineUpdater] INFO  raftlog.RaftLog (RaftLog.java:purge(383)) - omNode-1@group-523986131536-SegmentedRaftLog: purge 49
2020-11-23 01:30:39,033 [omNode-1@group-523986131536-StateMachineUpdater] INFO  raftlog.RaftLog (RaftLog.java:lambda$new$0(62)) - omNode-1@group-523986131536-SegmentedRaftLog: purgeIndex: updateToMax old=-1, new=49, updated? true
2020-11-23 01:30:39,043 [omNode-2@group-523986131536-StateMachineUpdater] INFO  ratis.OzoneManagerStateMachine (OzoneManagerStateMachine.java:takeSnapshot(345)) - Current Snapshot Index (t:1, i:49)
2020-11-23 01:30:39,043 [omNode-2@group-523986131536-StateMachineUpdater] INFO  impl.StateMachineUpdater (StateMachineUpdater.java:takeSnapshot(278)) - omNode-2@group-523986131536-StateMachineUpdater: Took a snapshot at index 49
2020-11-23 01:30:39,043 [omNode-2@group-523986131536-StateMachineUpdater] INFO  impl.StateMachineUpdater (StateMachineUpdater.java:lambda$new$0(87)) - omNode-2@group-523986131536-StateMachineUpdater: snapshotIndex: updateIncreasingly -1 -> 49
2020-11-23 01:30:39,043 [omNode-2@group-523986131536-StateMachineUpdater] INFO  raftlog.RaftLog (RaftLog.java:purge(383)) - omNode-2@group-523986131536-SegmentedRaftLog: purge 49
2020-11-23 01:30:39,044 [omNode-2@group-523986131536-StateMachineUpdater] INFO  raftlog.RaftLog (RaftLog.java:lambda$new$0(62)) - omNode-2@group-523986131536-SegmentedRaftLog: purgeIndex: updateToMax old=-1, new=49, updated? true
2020-11-23 01:30:39,044 [omNode-3@group-523986131536-StateMachineUpdater] INFO  ratis.OzoneManagerStateMachine (OzoneManagerStateMachine.java:takeSnapshot(345)) - Current Snapshot Index (t:1, i:49)
2020-11-23 01:30:39,044 [omNode-3@group-523986131536-StateMachineUpdater] INFO  impl.StateMachineUpdater (StateMachineUpdater.java:takeSnapshot(278)) - omNode-3@group-523986131536-StateMachineUpdater: Took a snapshot at index 49
2020-11-23 01:30:39,044 [omNode-3@group-523986131536-StateMachineUpdater] INFO  impl.StateMachineUpdater (StateMachineUpdater.java:lambda$new$0(87)) - omNode-3@group-523986131536-StateMachineUpdater: snapshotIndex: updateIncreasingly -1 -> 49
2020-11-23 01:30:39,044 [omNode-3@group-523986131536-StateMachineUpdater] INFO  raftlog.RaftLog (RaftLog.java:purge(383)) - omNode-3@group-523986131536-SegmentedRaftLog: purge 49
2020-11-23 01:30:39,044 [omNode-3@group-523986131536-StateMachineUpdater] INFO  raftlog.RaftLog (RaftLog.java:lambda$new$0(62)) - omNode-3@group-523986131536-SegmentedRaftLog: purgeIndex: updateToMax old=-1, new=49, updated? true
2020-11-23 01:30:39,079 [Listener at 127.0.0.1/11620] INFO  ozone.MiniOzoneClusterImpl (MiniOzoneClusterImpl.java:shutdown(388)) - Shutting down the Mini Ozone Cluster
2020-11-23 01:30:39,079 [Listener at 127.0.0.1/11620] INFO  ozone.MiniOzoneHAClusterImpl (MiniOzoneHAClusterImpl.java:stop(230)) - Stopping the OzoneManager omNode-3
2020-11-23 01:30:39,079 [Listener at 127.0.0.1/11620] INFO  ipc.Server (Server.java:stop(3359)) - Stopping server on 11620
2020-11-23 01:30:39,086 [IPC Server Responder] INFO  ipc.Server (Server.java:run(1465)) - Stopping IPC Server Responder
2020-11-23 01:30:39,086 [Listener at 127.0.0.1/11620] INFO  impl.RaftServerProxy (RaftServerProxy.java:lambda$close$4(338)) - omNode-3: close
2020-11-23 01:30:39,087 [Listener at 127.0.0.1/11620] INFO  impl.RaftServerImpl (RaftServerImpl.java:lambda$shutdown$3(328)) - omNode-3@group-523986131536: shutdown
2020-11-23 01:30:39,086 [IPC Server listener on 11620] INFO  ipc.Server (Server.java:run(1330)) - Stopping IPC Server listener on 11620
2020-11-23 01:30:39,087 [Listener at 127.0.0.1/11620] INFO  util.JmxRegister (JmxRegister.java:unregister(73)) - Successfully un-registered JMX Bean with object name Ratis:service=RaftServer,group=group-523986131536,id=omNode-3
2020-11-23 01:30:39,087 [Listener at 127.0.0.1/11620] INFO  impl.RoleInfo (RoleInfo.java:shutdownFollowerState(121)) - omNode-3: shutdown omNode-3@group-523986131536-FollowerState
2020-11-23 01:30:39,087 [Listener at 127.0.0.1/11620] INFO  impl.StateMachineUpdater (StateMachineUpdater.java:stopAndJoin(147)) - omNode-3@group-523986131536-StateMachineUpdater: set stopIndex = 53
2020-11-23 01:30:39,087 [omNode-3@group-523986131536-StateMachineUpdater] INFO  ratis.OzoneManagerStateMachine (OzoneManagerStateMachine.java:takeSnapshot(345)) - Current Snapshot Index (t:1, i:53)
2020-11-23 01:30:39,094 [omNode-3@group-523986131536-StateMachineUpdater] INFO  impl.StateMachineUpdater (StateMachineUpdater.java:takeSnapshot(278)) - omNode-3@group-523986131536-StateMachineUpdater: Took a snapshot at index 53
2020-11-23 01:30:39,094 [omNode-3@group-523986131536-StateMachineUpdater] INFO  impl.StateMachineUpdater (StateMachineUpdater.java:lambda$new$0(87)) - omNode-3@group-523986131536-StateMachineUpdater: snapshotIndex: updateIncreasingly 49 -> 53
2020-11-23 01:30:39,094 [omNode-3@group-523986131536-StateMachineUpdater] INFO  metrics.RatisMetrics (RatisMetrics.java:unregister(43)) - Unregistering Metrics Registry : ratis.state_machine.omNode-3@group-523986131536
2020-11-23 01:30:39,094 [Thread-660] INFO  impl.FollowerState (FollowerState.java:run(137)) - omNode-3@group-523986131536-FollowerState was interrupted: {}
java.lang.InterruptedException: sleep interrupted
	at java.lang.Thread.sleep(Native Method)
	at org.apache.ratis.util.JavaUtils.sleep(JavaUtils.java:250)
	at org.apache.ratis.server.impl.FollowerState.run(FollowerState.java:116)
2020-11-23 01:30:39,094 [Listener at 127.0.0.1/11620] INFO  impl.RaftServerImpl (ServerState.java:close(406)) - omNode-3@group-523986131536: closes. applyIndex: 53
2020-11-23 01:30:39,103 [omNode-3@group-523986131536-SegmentedRaftLogWorker] INFO  segmented.SegmentedRaftLogWorker (SegmentedRaftLogWorker.java:run(329)) - omNode-3@group-523986131536-SegmentedRaftLogWorker was interrupted, exiting. There are 0 tasks remaining in the queue.
2020-11-23 01:30:39,106 [Listener at 127.0.0.1/11620] INFO  segmented.SegmentedRaftLogWorker (SegmentedRaftLogWorker.java:close(235)) - omNode-3@group-523986131536-SegmentedRaftLogWorker close()
2020-11-23 01:30:39,114 [Listener at 127.0.0.1/11620] INFO  metrics.RatisMetrics (RatisMetrics.java:unregister(43)) - Unregistering Metrics Registry : ratis.log_worker.omNode-3@group-523986131536
2020-11-23 01:30:39,114 [Listener at 127.0.0.1/11620] INFO  metrics.RatisMetrics (RatisMetrics.java:unregister(43)) - Unregistering Metrics Registry : ratis.leader_election.omNode-3@group-523986131536
2020-11-23 01:30:39,115 [Listener at 127.0.0.1/11620] INFO  metrics.RatisMetrics (RatisMetrics.java:unregister(43)) - Unregistering Metrics Registry : ratis.server.omNode-3@group-523986131536
2020-11-23 01:30:39,115 [Listener at 127.0.0.1/11620] INFO  server.GrpcService (GrpcService.java:closeImpl(184)) - omNode-3: shutdown server with port 11624 now
2020-11-23 01:30:39,118 [Listener at 127.0.0.1/11620] INFO  server.GrpcService (GrpcService.java:closeImpl(193)) - omNode-3: shutdown server with port 11624 successfully
2020-11-23 01:30:39,118 [grpc-default-executor-4] WARN  server.GrpcLogAppender (LogUtils.java:warn(122)) - omNode-1@group-523986131536->omNode-3-AppendLogResponseHandler: Failed appendEntries: org.apache.ratis.thirdparty.io.grpc.StatusRuntimeException: CANCELLED: HTTP/2 error code: CANCEL
Received Rst Stream
2020-11-23 01:30:39,118 [Listener at 127.0.0.1/11620] INFO  ratis.OzoneManagerDoubleBuffer (OzoneManagerDoubleBuffer.java:stop(457)) - Stopping OMDoubleBuffer flush thread
2020-11-23 01:30:39,118 [OMDoubleBufferFlushThread] INFO  ratis.OzoneManagerDoubleBuffer (OzoneManagerDoubleBuffer.java:flushTransactions(356)) - OMDoubleBuffer flush thread OMDoubleBufferFlushThread is interrupted and will exit. OMDoubleBufferFlushThread
2020-11-23 01:30:39,118 [grpc-default-executor-4] INFO  impl.FollowerInfo (FollowerInfo.java:lambda$new$0(51)) - omNode-1@group-523986131536->omNode-3: nextIndex: updateUnconditionally 57 -> 55
2020-11-23 01:30:39,118 [Listener at 127.0.0.1/11620] INFO  ratis.OzoneManagerStateMachine (HadoopExecutors.java:shutdown(118)) - Gracefully shutting down executor service. Waiting max 5 SECONDS
2020-11-23 01:30:39,119 [Listener at 127.0.0.1/11620] INFO  ratis.OzoneManagerStateMachine (HadoopExecutors.java:shutdown(129)) - Succesfully shutdown executor service
2020-11-23 01:30:39,119 [Listener at 127.0.0.1/11620] INFO  ratis.OzoneManagerStateMachine (HadoopExecutors.java:shutdown(118)) - Gracefully shutting down executor service. Waiting max 5 SECONDS
2020-11-23 01:30:39,119 [Listener at 127.0.0.1/11620] INFO  ratis.OzoneManagerStateMachine (HadoopExecutors.java:shutdown(129)) - Succesfully shutdown executor service
2020-11-23 01:30:39,119 [Listener at 127.0.0.1/11620] INFO  utils.BackgroundService (BackgroundService.java:shutdown(132)) - Shutting down service KeyDeletingService
2020-11-23 01:30:39,120 [Listener at 127.0.0.1/11620] INFO  handler.ContextHandler (ContextHandler.java:doStop(1154)) - Stopped o.e.j.w.WebAppContext@7bf7dda0{ozoneManager,/,null,STOPPED}{file:/github/workspace/mnt/ozone/hadoop-ozone/integration-test/target/test-classes/webapps/ozoneManager}
2020-11-23 01:30:39,120 [Listener at 127.0.0.1/11620] INFO  server.AbstractConnector (AbstractConnector.java:doStop(381)) - Stopped ServerConnector@276cc08d{HTTP/1.1, (http/1.1)}{0.0.0.0:11622}
2020-11-23 01:30:39,120 [Listener at 127.0.0.1/11620] INFO  server.session (HouseKeeper.java:stopScavenging(149)) - node0 Stopped scavenging
2020-11-23 01:30:39,121 [Listener at 127.0.0.1/11620] INFO  handler.ContextHandler (ContextHandler.java:doStop(1154)) - Stopped o.e.j.s.ServletContextHandler@5ed0f125{static,/static,file:///github/workspace/mnt/ozone/hadoop-ozone/integration-test/target/test-classes/webapps/static,STOPPED}
2020-11-23 01:30:39,121 [Listener at 127.0.0.1/11620] INFO  handler.ContextHandler (ContextHandler.java:doStop(1154)) - Stopped o.e.j.s.ServletContextHandler@5f4bcade{logs,/logs,file:///github/workspace/mnt/ozone/hadoop-ozone/integration-test/target/log,STOPPED}
2020-11-23 01:30:39,124 [Listener at 127.0.0.1/11620] INFO  ozone.MiniOzoneHAClusterImpl (MiniOzoneHAClusterImpl.java:stop(230)) - Stopping the OzoneManager omNode-1
2020-11-23 01:30:39,124 [Listener at 127.0.0.1/11620] INFO  ipc.Server (Server.java:stop(3359)) - Stopping server on 11608
2020-11-23 01:30:39,132 [IPC Server listener on 11608] INFO  ipc.Server (Server.java:run(1330)) - Stopping IPC Server listener on 11608
2020-11-23 01:30:39,137 [grpc-default-executor-1] WARN  server.GrpcLogAppender (LogUtils.java:warn(122)) - omNode-1@group-523986131536->omNode-3-AppendLogResponseHandler: Failed appendEntries: org.apache.ratis.thirdparty.io.grpc.StatusRuntimeException: UNAVAILABLE: io exception
2020-11-23 01:30:39,137 [IPC Server Responder] INFO  ipc.Server (Server.java:run(1465)) - Stopping IPC Server Responder
2020-11-23 01:30:39,137 [grpc-default-executor-1] INFO  impl.FollowerInfo (FollowerInfo.java:lambda$new$0(51)) - omNode-1@group-523986131536->omNode-3: nextIndex: updateUnconditionally 57 -> 55
2020-11-23 01:30:39,137 [grpc-default-executor-5] ERROR impl.RaftServerImpl (RaftServerImpl.java:appendEntriesAsync(1048)) - omNode-3@group-523986131536: Failed appendEntriesAsync serverRequest {
  requestorId: "omNode-1"
  replyId: "omNode-3"
  raftGroupId {
    id: "\311\274L\364;\303<`\246kR9\206\023\0256"
  }
  callId: 243
  slidingWindowEntry {
  }
}
leaderTerm: 1
previousLog {
  term: 1
  index: 54
}
entries {
  term: 1
  index: 55
  stateMachineLogEntry {
    logData: "\b$\022\000\032\023client-29689DFB6132\"#\n\vjenkins1001\032\t127.0.0.1\"\tlocalhost\242\002\326\002\n\311\002\n\vvolume49858\022\vbucket67072\032\bkey74701 \t:\231\002\n\020\n\f\b\001\020\233\200\244\322\226\327\374\272\001\020\000\030\000 \t(\000:\376\001\n\254\001\n$22e15842-c8f0-466b-8a2b-e723933af459\022\n172.17.0.2\032\fd1de218a02b0\"\v\n\005RATIS\020\357\330\002\"\020\n\nSTANDALONE\020\361\313\0022$22e15842-c8f0-466b-8a2b-e723933af459:\r/default-rack\242\006\025\b\353\214\301\307\254\210\326\360\"\020\331\350\353\231\271\344\371\225\212\001\020\002\030\002 \001*>\n$39546e20-e315-4a76-b702-7e0bbb6a2488\242\006\025\b\366\224\325\230\216\304\233\2529\020\210\311\250\333\273\301\237\201\267\0012\000@\317\320\345\225\337.h\341\324\345\225\337.\020\234\200\250\322\226\327\374\272\001"
    clientId: "~\230g.\315\3020z\256\a:\350\365\033\271\375"
    callId: 144
  }
}
leaderCommit: 54
commitInfos {
  server {
    id: "omNode-1"
    address: "0.0.0.0:11612"
  }
  commitIndex: 54
}
commitInfos {
  server {
    id: "omNode-3"
    address: "localhost:11624"
  }
  commitIndex: 51
}
commitInfos {
  server {
    id: "omNode-2"
    address: "localhost:11618"
  }
  commitIndex: 53
}

org.apache.ratis.protocol.exceptions.ServerNotReadyException: omNode-3@group-523986131536 is not in [STARTING, RUNNING]: current state is CLOSING
	at org.apache.ratis.server.impl.RaftServerImpl.lambda$assertLifeCycleState$9(RaftServerImpl.java:600)
	at org.apache.ratis.util.LifeCycle.assertCurrentState(LifeCycle.java:205)
	at org.apache.ratis.server.impl.RaftServerImpl.assertLifeCycleState(RaftServerImpl.java:599)
	at org.apache.ratis.server.impl.RaftServerImpl.appendEntriesAsync(RaftServerImpl.java:1114)
	at org.apache.ratis.server.impl.RaftServerImpl.appendEntriesAsync(RaftServerImpl.java:1045)
	at org.apache.ratis.server.impl.RaftServerProxy.lambda$appendEntriesAsync$16(RaftServerProxy.java:490)
	at org.apache.ratis.server.impl.RaftServerProxy.lambda$null$5(RaftServerProxy.java:359)
	at org.apache.ratis.util.JavaUtils.callAsUnchecked(JavaUtils.java:116)
	at org.apache.ratis.server.impl.RaftServerProxy.lambda$submitRequest$6(RaftServerProxy.java:359)
	at java.util.concurrent.CompletableFuture.uniComposeStage(CompletableFuture.java:995)
	at java.util.concurrent.CompletableFuture.thenCompose(CompletableFuture.java:2137)
	at org.apache.ratis.server.impl.RaftServerProxy.submitRequest(RaftServerProxy.java:358)
	at org.apache.ratis.server.impl.RaftServerProxy.appendEntriesAsync(RaftServerProxy.java:490)
	at org.apache.ratis.grpc.server.GrpcServerProtocolService$1.process(GrpcServerProtocolService.java:186)
	at org.apache.ratis.grpc.server.GrpcServerProtocolService$1.process(GrpcServerProtocolService.java:183)
	at org.apache.ratis.grpc.server.GrpcServerProtocolService$ServerRequestStreamObserver.onNext(GrpcServerProtocolService.java:124)
	at org.apache.ratis.thirdparty.io.grpc.stub.ServerCalls$StreamingServerCallHandler$StreamingServerCallListener.onMessage(ServerCalls.java:251)
	at org.apache.ratis.thirdparty.io.grpc.ForwardingServerCallListener.onMessage(ForwardingServerCallListener.java:33)
	at org.apache.ratis.thirdparty.io.grpc.internal.ServerCallImpl$ServerStreamListenerImpl.messagesAvailableInternal(ServerCallImpl.java:309)
	at org.apache.ratis.thirdparty.io.grpc.internal.ServerCallImpl$ServerStreamListenerImpl.messagesAvailable(ServerCallImpl.java:292)
	at org.apache.ratis.thirdparty.io.grpc.internal.ServerImpl$JumpToApplicationThreadServerStreamListener$1MessagesAvailable.runInContext(ServerImpl.java:783)
	at org.apache.ratis.thirdparty.io.grpc.internal.ContextRunnable.run(ContextRunnable.java:37)
	at org.apache.ratis.thirdparty.io.grpc.internal.SerializingExecutor.run(SerializingExecutor.java:123)
	at java.util.concurrent.ThreadPoolExecutor.runWorker(ThreadPoolExecutor.java:1149)
	at java.util.concurrent.ThreadPoolExecutor$Worker.run(ThreadPoolExecutor.java:624)
	at java.lang.Thread.run(Thread.java:748)
2020-11-23 01:30:39,137 [Listener at 127.0.0.1/11620] INFO  impl.RaftServerProxy (RaftServerProxy.java:lambda$close$4(338)) - omNode-1: close
2020-11-23 01:30:39,138 [Listener at 127.0.0.1/11620] INFO  impl.RaftServerImpl (RaftServerImpl.java:lambda$shutdown$3(328)) - omNode-1@group-523986131536: shutdown
2020-11-23 01:30:39,138 [Listener at 127.0.0.1/11620] INFO  util.JmxRegister (JmxRegister.java:unregister(73)) - Successfully un-registered JMX Bean with object name Ratis:service=RaftServer,group=group-523986131536,id=omNode-1
2020-11-23 01:30:39,138 [Listener at 127.0.0.1/11620] INFO  impl.RoleInfo (RoleInfo.java:shutdownLeaderState(104)) - omNode-1: shutdown omNode-1@group-523986131536-LeaderState
2020-11-23 01:30:39,139 [Listener at 127.0.0.1/11620] INFO  metrics.RatisMetrics (RatisMetrics.java:unregister(43)) - Unregistering Metrics Registry : ratis_grpc.log_appender.omNode-1@group-523986131536
2020-11-23 01:30:39,139 [org.apache.ratis.server.impl.LogAppender$AppenderDaemon$$Lambda$374/1631500092@271be232] WARN  server.GrpcLogAppender (GrpcLogAppender.java:mayWait(168)) - omNode-1@group-523986131536->omNode-3-GrpcLogAppender: Wait interrupted by java.lang.InterruptedException
2020-11-23 01:30:39,139 [Listener at 127.0.0.1/11620] INFO  metrics.RatisMetrics (RatisMetrics.java:unregister(43)) - Unregistering Metrics Registry : ratis_grpc.log_appender.omNode-1@group-523986131536
2020-11-23 01:30:39,144 [Listener at 127.0.0.1/11620] INFO  impl.PendingRequests (PendingRequests.java:sendNotLeaderResponses(250)) - omNode-1@group-523986131536-PendingRequests: sendNotLeaderResponses
2020-11-23 01:30:39,144 [org.apache.ratis.server.impl.LogAppender$AppenderDaemon$$Lambda$374/1631500092@41f89c5d] WARN  server.GrpcLogAppender (GrpcLogAppender.java:mayWait(168)) - omNode-1@group-523986131536->omNode-2-GrpcLogAppender: Wait interrupted by java.lang.InterruptedException
2020-11-23 01:30:39,147 [grpc-default-executor-5] WARN  server.GrpcServerProtocolService (LogUtils.java:warn(122)) - omNode-3: installSnapshot onError, lastRequest: omNode-1->omNode-3#243-t1, previous=(t:1, i:54), leaderCommit=54, initializing? false, entries: size=1, first=(t:1, i:55), STATEMACHINELOGENTRY, client-3AE8F51BB9FD, cid=144: org.apache.ratis.thirdparty.io.grpc.StatusRuntimeException: CANCELLED: cancelled before receiving half close
2020-11-23 01:30:39,147 [grpc-default-executor-1] INFO  server.GrpcServerProtocolService (GrpcServerProtocolService.java:onCompleted(138)) - omNode-2: Completed APPEND_ENTRIES, lastRequest: omNode-1->omNode-2#240-t1, previous=(t:1, i:55), leaderCommit=55, initializing? false, entries: size=1, first=(t:1, i:56), METADATAENTRY(c:55)
2020-11-23 01:30:39,147 [grpc-default-executor-1] INFO  server.GrpcLogAppender (GrpcLogAppender.java:onCompleted(337)) - omNode-1@group-523986131536->omNode-2-AppendLogResponseHandler: follower responses appendEntries COMPLETED
2020-11-23 01:30:39,148 [grpc-default-executor-1] INFO  impl.FollowerInfo (FollowerInfo.java:lambda$new$0(51)) - omNode-1@group-523986131536->omNode-2: nextIndex: updateUnconditionally 57 -> 56
2020-11-23 01:30:39,149 [Listener at 127.0.0.1/11620] INFO  metrics.RatisMetrics (RatisMetrics.java:unregister(43)) - Unregistering Metrics Registry : ratis.log_appender.omNode-1@group-523986131536
2020-11-23 01:30:39,149 [Listener at 127.0.0.1/11620] INFO  metrics.RatisMetrics (RatisMetrics.java:unregister(43)) - Unregistering Metrics Registry : ratis.server.omNode-1@group-523986131536
2020-11-23 01:30:39,149 [Listener at 127.0.0.1/11620] INFO  impl.StateMachineUpdater (StateMachineUpdater.java:stopAndJoin(147)) - omNode-1@group-523986131536-StateMachineUpdater: set stopIndex = 56
2020-11-23 01:30:39,149 [omNode-1@group-523986131536-StateMachineUpdater] INFO  ratis.OzoneManagerStateMachine (OzoneManagerStateMachine.java:takeSnapshot(345)) - Current Snapshot Index (t:1, i:56)
2020-11-23 01:30:39,149 [omNode-1@group-523986131536-StateMachineUpdater] INFO  impl.StateMachineUpdater (StateMachineUpdater.java:takeSnapshot(278)) - omNode-1@group-523986131536-StateMachineUpdater: Took a snapshot at index 56
2020-11-23 01:30:39,149 [omNode-1@group-523986131536-StateMachineUpdater] INFO  impl.StateMachineUpdater (StateMachineUpdater.java:lambda$new$0(87)) - omNode-1@group-523986131536-StateMachineUpdater: snapshotIndex: updateIncreasingly 49 -> 56
2020-11-23 01:30:39,149 [omNode-1@group-523986131536-StateMachineUpdater] INFO  metrics.RatisMetrics (RatisMetrics.java:unregister(43)) - Unregistering Metrics Registry : ratis.state_machine.omNode-1@group-523986131536
2020-11-23 01:30:39,150 [Listener at 127.0.0.1/11620] INFO  impl.RaftServerImpl (ServerState.java:close(406)) - omNode-1@group-523986131536: closes. applyIndex: 56
2020-11-23 01:30:39,150 [omNode-1@group-523986131536-SegmentedRaftLogWorker] INFO  segmented.SegmentedRaftLogWorker (SegmentedRaftLogWorker.java:run(329)) - omNode-1@group-523986131536-SegmentedRaftLogWorker was interrupted, exiting. There are 0 tasks remaining in the queue.
2020-11-23 01:30:39,152 [Listener at 127.0.0.1/11620] INFO  segmented.SegmentedRaftLogWorker (SegmentedRaftLogWorker.java:close(235)) - omNode-1@group-523986131536-SegmentedRaftLogWorker close()
2020-11-23 01:30:39,152 [Listener at 127.0.0.1/11620] INFO  metrics.RatisMetrics (RatisMetrics.java:unregister(43)) - Unregistering Metrics Registry : ratis.log_worker.omNode-1@group-523986131536
2020-11-23 01:30:39,152 [Listener at 127.0.0.1/11620] INFO  metrics.RatisMetrics (RatisMetrics.java:unregister(43)) - Unregistering Metrics Registry : ratis.leader_election.omNode-1@group-523986131536
2020-11-23 01:30:39,152 [Listener at 127.0.0.1/11620] INFO  metrics.RatisMetrics (RatisMetrics.java:unregister(43)) - Unregistering Metrics Registry : ratis.server.omNode-1@group-523986131536
2020-11-23 01:30:39,153 [Listener at 127.0.0.1/11620] INFO  server.GrpcService (GrpcService.java:closeImpl(184)) - omNode-1: shutdown server with port 11612 now
2020-11-23 01:30:39,155 [Listener at 127.0.0.1/11620] INFO  server.GrpcService (GrpcService.java:closeImpl(193)) - omNode-1: shutdown server with port 11612 successfully
2020-11-23 01:30:39,155 [Listener at 127.0.0.1/11620] INFO  ratis.OzoneManagerDoubleBuffer (OzoneManagerDoubleBuffer.java:stop(457)) - Stopping OMDoubleBuffer flush thread
2020-11-23 01:30:39,155 [OMDoubleBufferFlushThread] INFO  ratis.OzoneManagerDoubleBuffer (OzoneManagerDoubleBuffer.java:flushTransactions(356)) - OMDoubleBuffer flush thread OMDoubleBufferFlushThread is interrupted and will exit. OMDoubleBufferFlushThread
2020-11-23 01:30:39,156 [Listener at 127.0.0.1/11620] INFO  ratis.OzoneManagerStateMachine (HadoopExecutors.java:shutdown(118)) - Gracefully shutting down executor service. Waiting max 5 SECONDS
2020-11-23 01:30:39,156 [Listener at 127.0.0.1/11620] INFO  ratis.OzoneManagerStateMachine (HadoopExecutors.java:shutdown(129)) - Succesfully shutdown executor service
2020-11-23 01:30:39,156 [Listener at 127.0.0.1/11620] INFO  ratis.OzoneManagerStateMachine (HadoopExecutors.java:shutdown(118)) - Gracefully shutting down executor service. Waiting max 5 SECONDS
2020-11-23 01:30:39,156 [Listener at 127.0.0.1/11620] INFO  ratis.OzoneManagerStateMachine (HadoopExecutors.java:shutdown(129)) - Succesfully shutdown executor service
2020-11-23 01:30:39,156 [Listener at 127.0.0.1/11620] INFO  utils.BackgroundService (BackgroundService.java:shutdown(132)) - Shutting down service KeyDeletingService
2020-11-23 01:30:39,156 [Listener at 127.0.0.1/11620] INFO  handler.ContextHandler (ContextHandler.java:doStop(1154)) - Stopped o.e.j.w.WebAppContext@50ba931c{ozoneManager,/,null,STOPPED}{file:/github/workspace/mnt/ozone/hadoop-ozone/integration-test/target/test-classes/webapps/ozoneManager}
2020-11-23 01:30:39,157 [Listener at 127.0.0.1/11620] INFO  server.AbstractConnector (AbstractConnector.java:doStop(381)) - Stopped ServerConnector@610a6ab5{HTTP/1.1, (http/1.1)}{0.0.0.0:11610}
2020-11-23 01:30:39,157 [Listener at 127.0.0.1/11620] INFO  server.session (HouseKeeper.java:stopScavenging(149)) - node0 Stopped scavenging
2020-11-23 01:30:39,157 [Listener at 127.0.0.1/11620] INFO  handler.ContextHandler (ContextHandler.java:doStop(1154)) - Stopped o.e.j.s.ServletContextHandler@2e5aaff3{static,/static,file:///github/workspace/mnt/ozone/hadoop-ozone/integration-test/target/test-classes/webapps/static,STOPPED}
2020-11-23 01:30:39,157 [Listener at 127.0.0.1/11620] INFO  handler.ContextHandler (ContextHandler.java:doStop(1154)) - Stopped o.e.j.s.ServletContextHandler@70db2119{logs,/logs,file:///github/workspace/mnt/ozone/hadoop-ozone/integration-test/target/log,STOPPED}
2020-11-23 01:30:39,159 [Listener at 127.0.0.1/11620] INFO  ozone.MiniOzoneHAClusterImpl (MiniOzoneHAClusterImpl.java:stop(230)) - Stopping the OzoneManager omNode-2
2020-11-23 01:30:39,160 [Listener at 127.0.0.1/11620] INFO  ipc.Server (Server.java:stop(3359)) - Stopping server on 11614
2020-11-23 01:30:39,162 [IPC Server listener on 11614] INFO  ipc.Server (Server.java:run(1330)) - Stopping IPC Server listener on 11614
2020-11-23 01:30:39,168 [IPC Server Responder] INFO  ipc.Server (Server.java:run(1465)) - Stopping IPC Server Responder
2020-11-23 01:30:39,168 [Listener at 127.0.0.1/11620] INFO  impl.RaftServerProxy (RaftServerProxy.java:lambda$close$4(338)) - omNode-2: close
2020-11-23 01:30:39,169 [Listener at 127.0.0.1/11620] INFO  impl.RaftServerImpl (RaftServerImpl.java:lambda$shutdown$3(328)) - omNode-2@group-523986131536: shutdown
2020-11-23 01:30:39,169 [Listener at 127.0.0.1/11620] INFO  util.JmxRegister (JmxRegister.java:unregister(73)) - Successfully un-registered JMX Bean with object name Ratis:service=RaftServer,group=group-523986131536,id=omNode-2
2020-11-23 01:30:39,169 [Listener at 127.0.0.1/11620] INFO  impl.RoleInfo (RoleInfo.java:shutdownFollowerState(121)) - omNode-2: shutdown omNode-2@group-523986131536-FollowerState
2020-11-23 01:30:39,169 [Thread-659] INFO  impl.FollowerState (FollowerState.java:run(137)) - omNode-2@group-523986131536-FollowerState was interrupted: {}
java.lang.InterruptedException: sleep interrupted
	at java.lang.Thread.sleep(Native Method)
	at org.apache.ratis.util.JavaUtils.sleep(JavaUtils.java:250)
	at org.apache.ratis.server.impl.FollowerState.run(FollowerState.java:116)
2020-11-23 01:30:39,169 [Listener at 127.0.0.1/11620] INFO  impl.StateMachineUpdater (StateMachineUpdater.java:stopAndJoin(147)) - omNode-2@group-523986131536-StateMachineUpdater: set stopIndex = 55
2020-11-23 01:30:39,169 [omNode-2@group-523986131536-StateMachineUpdater] INFO  ratis.OzoneManagerStateMachine (OzoneManagerStateMachine.java:takeSnapshot(345)) - Current Snapshot Index (t:1, i:55)
2020-11-23 01:30:39,169 [omNode-2@group-523986131536-StateMachineUpdater] INFO  impl.StateMachineUpdater (StateMachineUpdater.java:takeSnapshot(278)) - omNode-2@group-523986131536-StateMachineUpdater: Took a snapshot at index 55
2020-11-23 01:30:39,169 [omNode-2@group-523986131536-StateMachineUpdater] INFO  impl.StateMachineUpdater (StateMachineUpdater.java:lambda$new$0(87)) - omNode-2@group-523986131536-StateMachineUpdater: snapshotIndex: updateIncreasingly 49 -> 55
2020-11-23 01:30:39,169 [omNode-2@group-523986131536-StateMachineUpdater] INFO  metrics.RatisMetrics (RatisMetrics.java:unregister(43)) - Unregistering Metrics Registry : ratis.state_machine.omNode-2@group-523986131536
2020-11-23 01:30:39,170 [Listener at 127.0.0.1/11620] INFO  impl.RaftServerImpl (ServerState.java:close(406)) - omNode-2@group-523986131536: closes. applyIndex: 55
2020-11-23 01:30:39,170 [omNode-2@group-523986131536-SegmentedRaftLogWorker] INFO  segmented.SegmentedRaftLogWorker (SegmentedRaftLogWorker.java:run(329)) - omNode-2@group-523986131536-SegmentedRaftLogWorker was interrupted, exiting. There are 0 tasks remaining in the queue.
2020-11-23 01:30:39,171 [Listener at 127.0.0.1/11620] INFO  segmented.SegmentedRaftLogWorker (SegmentedRaftLogWorker.java:close(235)) - omNode-2@group-523986131536-SegmentedRaftLogWorker close()
2020-11-23 01:30:39,172 [Listener at 127.0.0.1/11620] INFO  metrics.RatisMetrics (RatisMetrics.java:unregister(43)) - Unregistering Metrics Registry : ratis.log_worker.omNode-2@group-523986131536
2020-11-23 01:30:39,172 [Listener at 127.0.0.1/11620] INFO  metrics.RatisMetrics (RatisMetrics.java:unregister(43)) - Unregistering Metrics Registry : ratis.leader_election.omNode-2@group-523986131536
2020-11-23 01:30:39,172 [Listener at 127.0.0.1/11620] INFO  metrics.RatisMetrics (RatisMetrics.java:unregister(43)) - Unregistering Metrics Registry : ratis.server.omNode-2@group-523986131536
2020-11-23 01:30:39,172 [Listener at 127.0.0.1/11620] INFO  server.GrpcService (GrpcService.java:closeImpl(184)) - omNode-2: shutdown server with port 11618 now
2020-11-23 01:30:39,178 [Listener at 127.0.0.1/11620] INFO  server.GrpcService (GrpcService.java:closeImpl(193)) - omNode-2: shutdown server with port 11618 successfully
2020-11-23 01:30:39,179 [Listener at 127.0.0.1/11620] INFO  ratis.OzoneManagerDoubleBuffer (OzoneManagerDoubleBuffer.java:stop(457)) - Stopping OMDoubleBuffer flush thread
2020-11-23 01:30:39,179 [OMDoubleBufferFlushThread] INFO  ratis.OzoneManagerDoubleBuffer (OzoneManagerDoubleBuffer.java:flushTransactions(356)) - OMDoubleBuffer flush thread OMDoubleBufferFlushThread is interrupted and will exit. OMDoubleBufferFlushThread
2020-11-23 01:30:39,179 [Listener at 127.0.0.1/11620] INFO  ratis.OzoneManagerStateMachine (HadoopExecutors.java:shutdown(118)) - Gracefully shutting down executor service. Waiting max 5 SECONDS
2020-11-23 01:30:39,179 [Listener at 127.0.0.1/11620] INFO  ratis.OzoneManagerStateMachine (HadoopExecutors.java:shutdown(129)) - Succesfully shutdown executor service
2020-11-23 01:30:39,179 [Listener at 127.0.0.1/11620] INFO  ratis.OzoneManagerStateMachine (HadoopExecutors.java:shutdown(118)) - Gracefully shutting down executor service. Waiting max 5 SECONDS
2020-11-23 01:30:39,179 [Listener at 127.0.0.1/11620] INFO  ratis.OzoneManagerStateMachine (HadoopExecutors.java:shutdown(129)) - Succesfully shutdown executor service
2020-11-23 01:30:39,179 [Listener at 127.0.0.1/11620] INFO  utils.BackgroundService (BackgroundService.java:shutdown(132)) - Shutting down service KeyDeletingService
2020-11-23 01:30:39,180 [Listener at 127.0.0.1/11620] INFO  handler.ContextHandler (ContextHandler.java:doStop(1154)) - Stopped o.e.j.w.WebAppContext@51b1da2c{ozoneManager,/,null,STOPPED}{file:/github/workspace/mnt/ozone/hadoop-ozone/integration-test/target/test-classes/webapps/ozoneManager}
2020-11-23 01:30:39,180 [Listener at 127.0.0.1/11620] INFO  server.AbstractConnector (AbstractConnector.java:doStop(381)) - Stopped ServerConnector@4397fab4{HTTP/1.1, (http/1.1)}{0.0.0.0:11616}
2020-11-23 01:30:39,180 [Listener at 127.0.0.1/11620] INFO  server.session (HouseKeeper.java:stopScavenging(149)) - node0 Stopped scavenging
2020-11-23 01:30:39,181 [Listener at 127.0.0.1/11620] INFO  handler.ContextHandler (ContextHandler.java:doStop(1154)) - Stopped o.e.j.s.ServletContextHandler@15513ac7{static,/static,file:///github/workspace/mnt/ozone/hadoop-ozone/integration-test/target/test-classes/webapps/static,STOPPED}
2020-11-23 01:30:39,181 [Listener at 127.0.0.1/11620] INFO  handler.ContextHandler (ContextHandler.java:doStop(1154)) - Stopped o.e.j.s.ServletContextHandler@5a8fd90f{logs,/logs,file:///github/workspace/mnt/ozone/hadoop-ozone/integration-test/target/log,STOPPED}
2020-11-23 01:30:39,185 [Listener at 127.0.0.1/11620] INFO  ozone.MiniOzoneClusterImpl (MiniOzoneClusterImpl.java:stop(403)) - Stopping the Mini Ozone Cluster
2020-11-23 01:30:39,185 [Listener at 127.0.0.1/11620] INFO  ozone.MiniOzoneClusterImpl (MiniOzoneClusterImpl.java:stopDatanodes(462)) - Stopping the HddsDatanodes
2020-11-23 01:30:39,673 [Datanode State Machine Thread - 0] INFO  statemachine.DatanodeStateMachine (DatanodeStateMachine.java:lambda$startDaemon$0(406)) - Ozone container server started.
2020-11-23 01:30:40,106 [Datanode State Machine Thread - 0] INFO  statemachine.DatanodeStateMachine (DatanodeStateMachine.java:lambda$startDaemon$0(406)) - Ozone container server started.
2020-11-23 01:30:41,114 [EventQueue-Delayed safe mode statusForReplicationManager] INFO  container.ReplicationManager (ReplicationManager.java:start(178)) - Starting Replication Monitor Thread.
2020-11-23 01:30:41,115 [ReplicationMonitor] INFO  container.ReplicationManager (ReplicationManager.java:run(242)) - Replication Monitor Thread took 0 milliseconds for processing 2 containers.
2020-11-23 01:30:44,186 [Listener at 127.0.0.1/11620] INFO  ozoneimpl.OzoneContainer (OzoneContainer.java:stop(257)) - Attempting to stop container services.
2020-11-23 01:30:44,186 [ForkJoinPool.commonPool-worker-0] INFO  ozoneimpl.OzoneContainer (OzoneContainer.java:stop(257)) - Attempting to stop container services.
2020-11-23 01:30:44,186 [Listener at 127.0.0.1/11620] INFO  impl.RaftServerProxy (RaftServerProxy.java:lambda$close$4(338)) - 22e15842-c8f0-466b-8a2b-e723933af459: close
2020-11-23 01:30:44,187 [Listener at 127.0.0.1/11620] INFO  impl.RaftServerImpl (RaftServerImpl.java:lambda$shutdown$3(328)) - 22e15842-c8f0-466b-8a2b-e723933af459@group-AD6AB9FE452E: shutdown
2020-11-23 01:30:44,187 [ForkJoinPool.commonPool-worker-0] INFO  impl.RaftServerProxy (RaftServerProxy.java:lambda$close$4(338)) - 2ffef469-2151-4b59-9d91-8a9d10d6bfea: close
2020-11-23 01:30:44,187 [Listener at 127.0.0.1/11620] INFO  util.JmxRegister (JmxRegister.java:unregister(73)) - Successfully un-registered JMX Bean with object name Ratis:service=RaftServer,group=group-AD6AB9FE452E,id=22e15842-c8f0-466b-8a2b-e723933af459
2020-11-23 01:30:44,187 [Listener at 127.0.0.1/11620] INFO  impl.RoleInfo (RoleInfo.java:shutdownFollowerState(121)) - 22e15842-c8f0-466b-8a2b-e723933af459: shutdown 22e15842-c8f0-466b-8a2b-e723933af459@group-AD6AB9FE452E-FollowerState
2020-11-23 01:30:44,188 [Listener at 127.0.0.1/11620] INFO  impl.StateMachineUpdater (StateMachineUpdater.java:stopAndJoin(147)) - 22e15842-c8f0-466b-8a2b-e723933af459@group-AD6AB9FE452E-StateMachineUpdater: set stopIndex = 0
2020-11-23 01:30:44,187 [ForkJoinPool.commonPool-worker-0] INFO  impl.RaftServerImpl (RaftServerImpl.java:lambda$shutdown$3(328)) - 2ffef469-2151-4b59-9d91-8a9d10d6bfea@group-4FA53115A70C: shutdown
2020-11-23 01:30:44,188 [Thread-753] INFO  impl.FollowerState (FollowerState.java:run(137)) - 22e15842-c8f0-466b-8a2b-e723933af459@group-AD6AB9FE452E-FollowerState was interrupted: {}
java.lang.InterruptedException: sleep interrupted
	at java.lang.Thread.sleep(Native Method)
	at org.apache.ratis.util.JavaUtils.sleep(JavaUtils.java:250)
	at org.apache.ratis.server.impl.FollowerState.run(FollowerState.java:116)
2020-11-23 01:30:44,189 [ForkJoinPool.commonPool-worker-0] INFO  util.JmxRegister (JmxRegister.java:unregister(73)) - Successfully un-registered JMX Bean with object name Ratis:service=RaftServer,group=group-4FA53115A70C,id=2ffef469-2151-4b59-9d91-8a9d10d6bfea
2020-11-23 01:30:44,189 [ForkJoinPool.commonPool-worker-0] INFO  impl.RoleInfo (RoleInfo.java:shutdownLeaderState(104)) - 2ffef469-2151-4b59-9d91-8a9d10d6bfea: shutdown 2ffef469-2151-4b59-9d91-8a9d10d6bfea@group-4FA53115A70C-LeaderState
2020-11-23 01:30:44,189 [ForkJoinPool.commonPool-worker-0] INFO  impl.PendingRequests (PendingRequests.java:sendNotLeaderResponses(250)) - 2ffef469-2151-4b59-9d91-8a9d10d6bfea@group-4FA53115A70C-PendingRequests: sendNotLeaderResponses
2020-11-23 01:30:44,190 [ForkJoinPool.commonPool-worker-0] INFO  metrics.RatisMetrics (RatisMetrics.java:unregister(43)) - Unregistering Metrics Registry : ratis.log_appender.2ffef469-2151-4b59-9d91-8a9d10d6bfea@group-4FA53115A70C
2020-11-23 01:30:44,190 [ForkJoinPool.commonPool-worker-0] INFO  metrics.RatisMetrics (RatisMetrics.java:unregister(43)) - Unregistering Metrics Registry : ratis.server.2ffef469-2151-4b59-9d91-8a9d10d6bfea@group-4FA53115A70C
2020-11-23 01:30:44,189 [22e15842-c8f0-466b-8a2b-e723933af459@group-AD6AB9FE452E-StateMachineUpdater] INFO  ratis.ContainerStateMachine (ContainerStateMachine.java:takeSnapshot(293)) - group-AD6AB9FE452E: Taking a snapshot at:(t:1, i:0) file /github/workspace/mnt/ozone/hadoop-ozone/integration-test/target/test-dir/MiniOzoneClusterImpl-9d05a325-c6bd-459e-80b5-8a813f22569b/datanode-1/data/ratis/a5b3f791-2369-44c1-a6b9-ad6ab9fe452e/sm/snapshot.1_0
2020-11-23 01:30:44,191 [ForkJoinPool.commonPool-worker-0] INFO  impl.StateMachineUpdater (StateMachineUpdater.java:stopAndJoin(147)) - 2ffef469-2151-4b59-9d91-8a9d10d6bfea@group-4FA53115A70C-StateMachineUpdater: set stopIndex = 0
2020-11-23 01:30:44,192 [2ffef469-2151-4b59-9d91-8a9d10d6bfea@group-4FA53115A70C-StateMachineUpdater] INFO  ratis.ContainerStateMachine (ContainerStateMachine.java:takeSnapshot(293)) - group-4FA53115A70C: Taking a snapshot at:(t:1, i:0) file /github/workspace/mnt/ozone/hadoop-ozone/integration-test/target/test-dir/MiniOzoneClusterImpl-9d05a325-c6bd-459e-80b5-8a813f22569b/datanode-0/data/ratis/caa9ebfa-2e91-4ccd-b52a-4fa53115a70c/sm/snapshot.1_0
2020-11-23 01:30:44,192 [22e15842-c8f0-466b-8a2b-e723933af459@group-AD6AB9FE452E-StateMachineUpdater] INFO  ratis.ContainerStateMachine (ContainerStateMachine.java:takeSnapshot(304)) - group-AD6AB9FE452E: Finished taking a snapshot at:(t:1, i:0) file:/github/workspace/mnt/ozone/hadoop-ozone/integration-test/target/test-dir/MiniOzoneClusterImpl-9d05a325-c6bd-459e-80b5-8a813f22569b/datanode-1/data/ratis/a5b3f791-2369-44c1-a6b9-ad6ab9fe452e/sm/snapshot.1_0 time:3
2020-11-23 01:30:44,193 [22e15842-c8f0-466b-8a2b-e723933af459@group-AD6AB9FE452E-StateMachineUpdater] INFO  impl.StateMachineUpdater (StateMachineUpdater.java:takeSnapshot(278)) - 22e15842-c8f0-466b-8a2b-e723933af459@group-AD6AB9FE452E-StateMachineUpdater: Took a snapshot at index 0
2020-11-23 01:30:44,193 [2ffef469-2151-4b59-9d91-8a9d10d6bfea@group-4FA53115A70C-StateMachineUpdater] INFO  ratis.ContainerStateMachine (ContainerStateMachine.java:takeSnapshot(304)) - group-4FA53115A70C: Finished taking a snapshot at:(t:1, i:0) file:/github/workspace/mnt/ozone/hadoop-ozone/integration-test/target/test-dir/MiniOzoneClusterImpl-9d05a325-c6bd-459e-80b5-8a813f22569b/datanode-0/data/ratis/caa9ebfa-2e91-4ccd-b52a-4fa53115a70c/sm/snapshot.1_0 time:0
2020-11-23 01:30:44,193 [2ffef469-2151-4b59-9d91-8a9d10d6bfea@group-4FA53115A70C-StateMachineUpdater] INFO  impl.StateMachineUpdater (StateMachineUpdater.java:takeSnapshot(278)) - 2ffef469-2151-4b59-9d91-8a9d10d6bfea@group-4FA53115A70C-StateMachineUpdater: Took a snapshot at index 0
2020-11-23 01:30:44,193 [2ffef469-2151-4b59-9d91-8a9d10d6bfea@group-4FA53115A70C-StateMachineUpdater] INFO  impl.StateMachineUpdater (StateMachineUpdater.java:lambda$new$0(87)) - 2ffef469-2151-4b59-9d91-8a9d10d6bfea@group-4FA53115A70C-StateMachineUpdater: snapshotIndex: updateIncreasingly -1 -> 0
2020-11-23 01:30:44,193 [22e15842-c8f0-466b-8a2b-e723933af459@group-AD6AB9FE452E-StateMachineUpdater] INFO  impl.StateMachineUpdater (StateMachineUpdater.java:lambda$new$0(87)) - 22e15842-c8f0-466b-8a2b-e723933af459@group-AD6AB9FE452E-StateMachineUpdater: snapshotIndex: updateIncreasingly -1 -> 0
2020-11-23 01:30:44,193 [2ffef469-2151-4b59-9d91-8a9d10d6bfea@group-4FA53115A70C-StateMachineUpdater] INFO  metrics.RatisMetrics (RatisMetrics.java:unregister(43)) - Unregistering Metrics Registry : ratis.state_machine.2ffef469-2151-4b59-9d91-8a9d10d6bfea@group-4FA53115A70C
2020-11-23 01:30:44,193 [22e15842-c8f0-466b-8a2b-e723933af459@group-AD6AB9FE452E-StateMachineUpdater] INFO  metrics.RatisMetrics (RatisMetrics.java:unregister(43)) - Unregistering Metrics Registry : ratis.state_machine.22e15842-c8f0-466b-8a2b-e723933af459@group-AD6AB9FE452E
2020-11-23 01:30:44,193 [Listener at 127.0.0.1/11620] INFO  impl.RaftServerImpl (ServerState.java:close(406)) - 22e15842-c8f0-466b-8a2b-e723933af459@group-AD6AB9FE452E: closes. applyIndex: 0
2020-11-23 01:30:44,195 [22e15842-c8f0-466b-8a2b-e723933af459@group-AD6AB9FE452E-SegmentedRaftLogWorker] INFO  segmented.SegmentedRaftLogWorker (SegmentedRaftLogWorker.java:run(329)) - 22e15842-c8f0-466b-8a2b-e723933af459@group-AD6AB9FE452E-SegmentedRaftLogWorker was interrupted, exiting. There are 0 tasks remaining in the queue.
2020-11-23 01:30:44,195 [ForkJoinPool.commonPool-worker-0] INFO  impl.RaftServerImpl (ServerState.java:close(406)) - 2ffef469-2151-4b59-9d91-8a9d10d6bfea@group-4FA53115A70C: closes. applyIndex: 0
2020-11-23 01:30:44,195 [Listener at 127.0.0.1/11620] INFO  segmented.SegmentedRaftLogWorker (SegmentedRaftLogWorker.java:close(235)) - 22e15842-c8f0-466b-8a2b-e723933af459@group-AD6AB9FE452E-SegmentedRaftLogWorker close()
2020-11-23 01:30:44,195 [2ffef469-2151-4b59-9d91-8a9d10d6bfea@group-4FA53115A70C-SegmentedRaftLogWorker] INFO  segmented.SegmentedRaftLogWorker (SegmentedRaftLogWorker.java:run(329)) - 2ffef469-2151-4b59-9d91-8a9d10d6bfea@group-4FA53115A70C-SegmentedRaftLogWorker was interrupted, exiting. There are 0 tasks remaining in the queue.
2020-11-23 01:30:44,196 [ForkJoinPool.commonPool-worker-0] INFO  segmented.SegmentedRaftLogWorker (SegmentedRaftLogWorker.java:close(235)) - 2ffef469-2151-4b59-9d91-8a9d10d6bfea@group-4FA53115A70C-SegmentedRaftLogWorker close()
2020-11-23 01:30:44,196 [Listener at 127.0.0.1/11620] INFO  metrics.RatisMetrics (RatisMetrics.java:unregister(43)) - Unregistering Metrics Registry : ratis.log_worker.22e15842-c8f0-466b-8a2b-e723933af459@group-AD6AB9FE452E
2020-11-23 01:30:44,196 [ForkJoinPool.commonPool-worker-0] INFO  metrics.RatisMetrics (RatisMetrics.java:unregister(43)) - Unregistering Metrics Registry : ratis.log_worker.2ffef469-2151-4b59-9d91-8a9d10d6bfea@group-4FA53115A70C
2020-11-23 01:30:44,197 [ForkJoinPool.commonPool-worker-0] INFO  metrics.RatisMetrics (RatisMetrics.java:unregister(43)) - Unregistering Metrics Registry : ratis.leader_election.2ffef469-2151-4b59-9d91-8a9d10d6bfea@group-4FA53115A70C
2020-11-23 01:30:44,197 [ForkJoinPool.commonPool-worker-0] INFO  metrics.RatisMetrics (RatisMetrics.java:unregister(43)) - Unregistering Metrics Registry : ratis.server.2ffef469-2151-4b59-9d91-8a9d10d6bfea@group-4FA53115A70C
2020-11-23 01:30:44,197 [ForkJoinPool.commonPool-worker-0] INFO  impl.RaftServerImpl (RaftServerImpl.java:lambda$shutdown$3(328)) - 2ffef469-2151-4b59-9d91-8a9d10d6bfea@group-AD6AB9FE452E: shutdown
2020-11-23 01:30:44,197 [Listener at 127.0.0.1/11620] INFO  metrics.RatisMetrics (RatisMetrics.java:unregister(43)) - Unregistering Metrics Registry : ratis.leader_election.22e15842-c8f0-466b-8a2b-e723933af459@group-AD6AB9FE452E
2020-11-23 01:30:44,197 [Listener at 127.0.0.1/11620] INFO  metrics.RatisMetrics (RatisMetrics.java:unregister(43)) - Unregistering Metrics Registry : ratis.server.22e15842-c8f0-466b-8a2b-e723933af459@group-AD6AB9FE452E
2020-11-23 01:30:44,198 [Listener at 127.0.0.1/11620] INFO  impl.RaftServerImpl (RaftServerImpl.java:lambda$shutdown$3(328)) - 22e15842-c8f0-466b-8a2b-e723933af459@group-9FCFCB379766: shutdown
2020-11-23 01:30:44,198 [Listener at 127.0.0.1/11620] INFO  util.JmxRegister (JmxRegister.java:unregister(73)) - Successfully un-registered JMX Bean with object name Ratis:service=RaftServer,group=group-9FCFCB379766,id=22e15842-c8f0-466b-8a2b-e723933af459
2020-11-23 01:30:44,198 [Listener at 127.0.0.1/11620] INFO  impl.RoleInfo (RoleInfo.java:shutdownLeaderState(104)) - 22e15842-c8f0-466b-8a2b-e723933af459: shutdown 22e15842-c8f0-466b-8a2b-e723933af459@group-9FCFCB379766-LeaderState
2020-11-23 01:30:44,198 [Listener at 127.0.0.1/11620] INFO  impl.PendingRequests (PendingRequests.java:sendNotLeaderResponses(250)) - 22e15842-c8f0-466b-8a2b-e723933af459@group-9FCFCB379766-PendingRequests: sendNotLeaderResponses
2020-11-23 01:30:44,198 [Listener at 127.0.0.1/11620] INFO  metrics.RatisMetrics (RatisMetrics.java:unregister(43)) - Unregistering Metrics Registry : ratis.log_appender.22e15842-c8f0-466b-8a2b-e723933af459@group-9FCFCB379766
2020-11-23 01:30:44,199 [Listener at 127.0.0.1/11620] INFO  metrics.RatisMetrics (RatisMetrics.java:unregister(43)) - Unregistering Metrics Registry : ratis.server.22e15842-c8f0-466b-8a2b-e723933af459@group-9FCFCB379766
2020-11-23 01:30:44,197 [ForkJoinPool.commonPool-worker-0] INFO  util.JmxRegister (JmxRegister.java:unregister(73)) - Successfully un-registered JMX Bean with object name Ratis:service=RaftServer,group=group-AD6AB9FE452E,id=2ffef469-2151-4b59-9d91-8a9d10d6bfea
2020-11-23 01:30:44,199 [ForkJoinPool.commonPool-worker-0] INFO  impl.RoleInfo (RoleInfo.java:shutdownLeaderState(104)) - 2ffef469-2151-4b59-9d91-8a9d10d6bfea: shutdown 2ffef469-2151-4b59-9d91-8a9d10d6bfea@group-AD6AB9FE452E-LeaderState
2020-11-23 01:30:44,199 [ForkJoinPool.commonPool-worker-0] INFO  metrics.RatisMetrics (RatisMetrics.java:unregister(43)) - Unregistering Metrics Registry : ratis_grpc.log_appender.2ffef469-2151-4b59-9d91-8a9d10d6bfea@group-AD6AB9FE452E
2020-11-23 01:30:44,200 [22e15842-c8f0-466b-8a2b-e723933af459@group-9FCFCB379766-StateMachineUpdater] INFO  ratis.ContainerStateMachine (ContainerStateMachine.java:takeSnapshot(293)) - group-9FCFCB379766: Taking a snapshot at:(t:1, i:0) file /github/workspace/mnt/ozone/hadoop-ozone/integration-test/target/test-dir/MiniOzoneClusterImpl-9d05a325-c6bd-459e-80b5-8a813f22569b/datanode-1/data/ratis/21f4fb02-1b69-4f6e-98a6-9fcfcb379766/sm/snapshot.1_0
2020-11-23 01:30:44,200 [Listener at 127.0.0.1/11620] INFO  impl.StateMachineUpdater (StateMachineUpdater.java:stopAndJoin(147)) - 22e15842-c8f0-466b-8a2b-e723933af459@group-9FCFCB379766-StateMachineUpdater: set stopIndex = 0
2020-11-23 01:30:44,200 [org.apache.ratis.server.impl.LogAppender$AppenderDaemon$$Lambda$374/1631500092@6e38c7b4] WARN  server.GrpcLogAppender (GrpcLogAppender.java:mayWait(168)) - 2ffef469-2151-4b59-9d91-8a9d10d6bfea@group-AD6AB9FE452E->22e15842-c8f0-466b-8a2b-e723933af459-GrpcLogAppender: Wait interrupted by java.lang.InterruptedException
2020-11-23 01:30:44,200 [ForkJoinPool.commonPool-worker-0] INFO  metrics.RatisMetrics (RatisMetrics.java:unregister(43)) - Unregistering Metrics Registry : ratis_grpc.log_appender.2ffef469-2151-4b59-9d91-8a9d10d6bfea@group-AD6AB9FE452E
2020-11-23 01:30:44,202 [grpc-default-executor-5] INFO  server.GrpcServerProtocolService (GrpcServerProtocolService.java:onCompleted(138)) - 22e15842-c8f0-466b-8a2b-e723933af459: Completed APPEND_ENTRIES, lastRequest: 2ffef469-2151-4b59-9d91-8a9d10d6bfea->22e15842-c8f0-466b-8a2b-e723933af459#1-t1, previous=(t:0, i:0), leaderCommit=0, initializing? false, entries: size=1, first=(t:1, i:0), CONFIGURATIONENTRY
2020-11-23 01:30:44,202 [org.apache.ratis.server.impl.LogAppender$AppenderDaemon$$Lambda$374/1631500092@3aff7efb] WARN  server.GrpcLogAppender (GrpcLogAppender.java:mayWait(168)) - 2ffef469-2151-4b59-9d91-8a9d10d6bfea@group-AD6AB9FE452E->409b856c-adf0-49b2-b5bb-722eb6966ee0-GrpcLogAppender: Wait interrupted by java.lang.InterruptedException
2020-11-23 01:30:44,202 [ForkJoinPool.commonPool-worker-0] INFO  impl.PendingRequests (PendingRequests.java:sendNotLeaderResponses(250)) - 2ffef469-2151-4b59-9d91-8a9d10d6bfea@group-AD6AB9FE452E-PendingRequests: sendNotLeaderResponses
2020-11-23 01:30:44,201 [22e15842-c8f0-466b-8a2b-e723933af459@group-9FCFCB379766-StateMachineUpdater] INFO  ratis.ContainerStateMachine (ContainerStateMachine.java:takeSnapshot(304)) - group-9FCFCB379766: Finished taking a snapshot at:(t:1, i:0) file:/github/workspace/mnt/ozone/hadoop-ozone/integration-test/target/test-dir/MiniOzoneClusterImpl-9d05a325-c6bd-459e-80b5-8a813f22569b/datanode-1/data/ratis/21f4fb02-1b69-4f6e-98a6-9fcfcb379766/sm/snapshot.1_0 time:1
2020-11-23 01:30:44,202 [22e15842-c8f0-466b-8a2b-e723933af459@group-9FCFCB379766-StateMachineUpdater] INFO  impl.StateMachineUpdater (StateMachineUpdater.java:takeSnapshot(278)) - 22e15842-c8f0-466b-8a2b-e723933af459@group-9FCFCB379766-StateMachineUpdater: Took a snapshot at index 0
2020-11-23 01:30:44,202 [22e15842-c8f0-466b-8a2b-e723933af459@group-9FCFCB379766-StateMachineUpdater] INFO  impl.StateMachineUpdater (StateMachineUpdater.java:lambda$new$0(87)) - 22e15842-c8f0-466b-8a2b-e723933af459@group-9FCFCB379766-StateMachineUpdater: snapshotIndex: updateIncreasingly -1 -> 0
2020-11-23 01:30:44,203 [22e15842-c8f0-466b-8a2b-e723933af459@group-9FCFCB379766-StateMachineUpdater] INFO  metrics.RatisMetrics (RatisMetrics.java:unregister(43)) - Unregistering Metrics Registry : ratis.state_machine.22e15842-c8f0-466b-8a2b-e723933af459@group-9FCFCB379766
2020-11-23 01:30:44,203 [ForkJoinPool.commonPool-worker-0] INFO  metrics.RatisMetrics (RatisMetrics.java:unregister(43)) - Unregistering Metrics Registry : ratis.log_appender.2ffef469-2151-4b59-9d91-8a9d10d6bfea@group-AD6AB9FE452E
2020-11-23 01:30:44,203 [ForkJoinPool.commonPool-worker-0] INFO  metrics.RatisMetrics (RatisMetrics.java:unregister(43)) - Unregistering Metrics Registry : ratis.server.2ffef469-2151-4b59-9d91-8a9d10d6bfea@group-AD6AB9FE452E
2020-11-23 01:30:44,204 [grpc-default-executor-1] INFO  server.GrpcServerProtocolService (GrpcServerProtocolService.java:onCompleted(138)) - 409b856c-adf0-49b2-b5bb-722eb6966ee0: Completed APPEND_ENTRIES, lastRequest: 2ffef469-2151-4b59-9d91-8a9d10d6bfea->409b856c-adf0-49b2-b5bb-722eb6966ee0#1-t1, previous=(t:0, i:0), leaderCommit=0, initializing? false, entries: size=1, first=(t:1, i:0), CONFIGURATIONENTRY
2020-11-23 01:30:44,204 [grpc-default-executor-1] INFO  server.GrpcLogAppender (GrpcLogAppender.java:onCompleted(337)) - 2ffef469-2151-4b59-9d91-8a9d10d6bfea@group-AD6AB9FE452E->22e15842-c8f0-466b-8a2b-e723933af459-AppendLogResponseHandler: follower responses appendEntries COMPLETED
2020-11-23 01:30:44,204 [grpc-default-executor-1] INFO  impl.FollowerInfo (FollowerInfo.java:lambda$new$0(51)) - 2ffef469-2151-4b59-9d91-8a9d10d6bfea@group-AD6AB9FE452E->22e15842-c8f0-466b-8a2b-e723933af459: nextIndex: updateUnconditionally 1 -> 0
2020-11-23 01:30:44,205 [grpc-default-executor-4] INFO  server.GrpcLogAppender (GrpcLogAppender.java:onCompleted(337)) - 2ffef469-2151-4b59-9d91-8a9d10d6bfea@group-AD6AB9FE452E->409b856c-adf0-49b2-b5bb-722eb6966ee0-AppendLogResponseHandler: follower responses appendEntries COMPLETED
2020-11-23 01:30:44,205 [grpc-default-executor-4] INFO  impl.FollowerInfo (FollowerInfo.java:lambda$new$0(51)) - 2ffef469-2151-4b59-9d91-8a9d10d6bfea@group-AD6AB9FE452E->409b856c-adf0-49b2-b5bb-722eb6966ee0: nextIndex: updateUnconditionally 1 -> 0
2020-11-23 01:30:44,205 [2ffef469-2151-4b59-9d91-8a9d10d6bfea@group-AD6AB9FE452E-StateMachineUpdater] INFO  ratis.ContainerStateMachine (ContainerStateMachine.java:takeSnapshot(293)) - group-AD6AB9FE452E: Taking a snapshot at:(t:1, i:0) file /github/workspace/mnt/ozone/hadoop-ozone/integration-test/target/test-dir/MiniOzoneClusterImpl-9d05a325-c6bd-459e-80b5-8a813f22569b/datanode-0/data/ratis/a5b3f791-2369-44c1-a6b9-ad6ab9fe452e/sm/snapshot.1_0
2020-11-23 01:30:44,205 [ForkJoinPool.commonPool-worker-0] INFO  impl.StateMachineUpdater (StateMachineUpdater.java:stopAndJoin(147)) - 2ffef469-2151-4b59-9d91-8a9d10d6bfea@group-AD6AB9FE452E-StateMachineUpdater: set stopIndex = 0
2020-11-23 01:30:44,206 [2ffef469-2151-4b59-9d91-8a9d10d6bfea@group-AD6AB9FE452E-StateMachineUpdater] INFO  ratis.ContainerStateMachine (ContainerStateMachine.java:takeSnapshot(304)) - group-AD6AB9FE452E: Finished taking a snapshot at:(t:1, i:0) file:/github/workspace/mnt/ozone/hadoop-ozone/integration-test/target/test-dir/MiniOzoneClusterImpl-9d05a325-c6bd-459e-80b5-8a813f22569b/datanode-0/data/ratis/a5b3f791-2369-44c1-a6b9-ad6ab9fe452e/sm/snapshot.1_0 time:1
2020-11-23 01:30:44,206 [2ffef469-2151-4b59-9d91-8a9d10d6bfea@group-AD6AB9FE452E-StateMachineUpdater] INFO  impl.StateMachineUpdater (StateMachineUpdater.java:takeSnapshot(278)) - 2ffef469-2151-4b59-9d91-8a9d10d6bfea@group-AD6AB9FE452E-StateMachineUpdater: Took a snapshot at index 0
2020-11-23 01:30:44,206 [2ffef469-2151-4b59-9d91-8a9d10d6bfea@group-AD6AB9FE452E-StateMachineUpdater] INFO  impl.StateMachineUpdater (StateMachineUpdater.java:lambda$new$0(87)) - 2ffef469-2151-4b59-9d91-8a9d10d6bfea@group-AD6AB9FE452E-StateMachineUpdater: snapshotIndex: updateIncreasingly -1 -> 0
2020-11-23 01:30:44,206 [2ffef469-2151-4b59-9d91-8a9d10d6bfea@group-AD6AB9FE452E-StateMachineUpdater] INFO  metrics.RatisMetrics (RatisMetrics.java:unregister(43)) - Unregistering Metrics Registry : ratis.state_machine.2ffef469-2151-4b59-9d91-8a9d10d6bfea@group-AD6AB9FE452E
2020-11-23 01:30:44,210 [ForkJoinPool.commonPool-worker-0] INFO  impl.RaftServerImpl (ServerState.java:close(406)) - 2ffef469-2151-4b59-9d91-8a9d10d6bfea@group-AD6AB9FE452E: closes. applyIndex: 0
2020-11-23 01:30:44,211 [Listener at 127.0.0.1/11620] INFO  impl.RaftServerImpl (ServerState.java:close(406)) - 22e15842-c8f0-466b-8a2b-e723933af459@group-9FCFCB379766: closes. applyIndex: 0
2020-11-23 01:30:44,211 [2ffef469-2151-4b59-9d91-8a9d10d6bfea@group-AD6AB9FE452E-SegmentedRaftLogWorker] INFO  segmented.SegmentedRaftLogWorker (SegmentedRaftLogWorker.java:run(329)) - 2ffef469-2151-4b59-9d91-8a9d10d6bfea@group-AD6AB9FE452E-SegmentedRaftLogWorker was interrupted, exiting. There are 0 tasks remaining in the queue.
2020-11-23 01:30:44,211 [ForkJoinPool.commonPool-worker-0] INFO  segmented.SegmentedRaftLogWorker (SegmentedRaftLogWorker.java:close(235)) - 2ffef469-2151-4b59-9d91-8a9d10d6bfea@group-AD6AB9FE452E-SegmentedRaftLogWorker close()
2020-11-23 01:30:44,212 [ForkJoinPool.commonPool-worker-0] INFO  metrics.RatisMetrics (RatisMetrics.java:unregister(43)) - Unregistering Metrics Registry : ratis.log_worker.2ffef469-2151-4b59-9d91-8a9d10d6bfea@group-AD6AB9FE452E
2020-11-23 01:30:44,212 [22e15842-c8f0-466b-8a2b-e723933af459@group-9FCFCB379766-SegmentedRaftLogWorker] INFO  segmented.SegmentedRaftLogWorker (SegmentedRaftLogWorker.java:run(329)) - 22e15842-c8f0-466b-8a2b-e723933af459@group-9FCFCB379766-SegmentedRaftLogWorker was interrupted, exiting. There are 0 tasks remaining in the queue.
2020-11-23 01:30:44,212 [Listener at 127.0.0.1/11620] INFO  segmented.SegmentedRaftLogWorker (SegmentedRaftLogWorker.java:close(235)) - 22e15842-c8f0-466b-8a2b-e723933af459@group-9FCFCB379766-SegmentedRaftLogWorker close()
2020-11-23 01:30:44,212 [ForkJoinPool.commonPool-worker-0] INFO  metrics.RatisMetrics (RatisMetrics.java:unregister(43)) - Unregistering Metrics Registry : ratis.leader_election.2ffef469-2151-4b59-9d91-8a9d10d6bfea@group-AD6AB9FE452E
2020-11-23 01:30:44,213 [ForkJoinPool.commonPool-worker-0] INFO  metrics.RatisMetrics (RatisMetrics.java:unregister(43)) - Unregistering Metrics Registry : ratis.server.2ffef469-2151-4b59-9d91-8a9d10d6bfea@group-AD6AB9FE452E
2020-11-23 01:30:44,213 [Listener at 127.0.0.1/11620] INFO  metrics.RatisMetrics (RatisMetrics.java:unregister(43)) - Unregistering Metrics Registry : ratis.log_worker.22e15842-c8f0-466b-8a2b-e723933af459@group-9FCFCB379766
2020-11-23 01:30:44,213 [ForkJoinPool.commonPool-worker-0] INFO  server.GrpcService (GrpcService.java:closeImpl(184)) - 2ffef469-2151-4b59-9d91-8a9d10d6bfea: shutdown server with port 39551 now
2020-11-23 01:30:44,213 [Listener at 127.0.0.1/11620] INFO  metrics.RatisMetrics (RatisMetrics.java:unregister(43)) - Unregistering Metrics Registry : ratis.leader_election.22e15842-c8f0-466b-8a2b-e723933af459@group-9FCFCB379766
2020-11-23 01:30:44,214 [Listener at 127.0.0.1/11620] INFO  metrics.RatisMetrics (RatisMetrics.java:unregister(43)) - Unregistering Metrics Registry : ratis.server.22e15842-c8f0-466b-8a2b-e723933af459@group-9FCFCB379766
2020-11-23 01:30:44,216 [Listener at 127.0.0.1/11620] INFO  server.GrpcService (GrpcService.java:closeImpl(184)) - 22e15842-c8f0-466b-8a2b-e723933af459: shutdown server with port 44143 now
2020-11-23 01:30:44,222 [ForkJoinPool.commonPool-worker-0] INFO  server.GrpcService (GrpcService.java:closeImpl(193)) - 2ffef469-2151-4b59-9d91-8a9d10d6bfea: shutdown server with port 39551 successfully
2020-11-23 01:30:44,224 [Listener at 127.0.0.1/11620] INFO  server.GrpcService (GrpcService.java:closeImpl(193)) - 22e15842-c8f0-466b-8a2b-e723933af459: shutdown server with port 44143 successfully
2020-11-23 01:30:44,233 [ForkJoinPool.commonPool-worker-0] INFO  utils.BackgroundService (BackgroundService.java:shutdown(132)) - Shutting down service BlockDeletingService
2020-11-23 01:30:44,235 [Listener at 127.0.0.1/11620] INFO  utils.BackgroundService (BackgroundService.java:shutdown(132)) - Shutting down service BlockDeletingService
2020-11-23 01:30:44,236 [ForkJoinPool.commonPool-worker-0] INFO  statemachine.DatanodeStateMachine (DatanodeStateMachine.java:stopDaemon(459)) - Ozone container server stopped.
2020-11-23 01:30:44,237 [Listener at 127.0.0.1/11620] INFO  statemachine.DatanodeStateMachine (DatanodeStateMachine.java:stopDaemon(459)) - Ozone container server stopped.
2020-11-23 01:30:44,253 [ForkJoinPool.commonPool-worker-0] INFO  handler.ContextHandler (ContextHandler.java:doStop(1154)) - Stopped o.e.j.w.WebAppContext@6f0d8c1f{hddsDatanode,/,null,STOPPED}{jar:file:/home/user/.m2/repository/org/apache/hadoop/hadoop-hdds-container-service/1.1.0-SNAPSHOT/hadoop-hdds-container-service-1.1.0-SNAPSHOT.jar!/webapps/hddsDatanode}
2020-11-23 01:30:44,254 [ForkJoinPool.commonPool-worker-0] INFO  server.AbstractConnector (AbstractConnector.java:doStop(381)) - Stopped ServerConnector@2b8180ba{HTTP/1.1, (http/1.1)}{0.0.0.0:0}
2020-11-23 01:30:44,254 [ForkJoinPool.commonPool-worker-0] INFO  server.session (HouseKeeper.java:stopScavenging(149)) - node0 Stopped scavenging
2020-11-23 01:30:44,256 [ForkJoinPool.commonPool-worker-0] INFO  handler.ContextHandler (ContextHandler.java:doStop(1154)) - Stopped o.e.j.s.ServletContextHandler@e54ef79{static,/static,jar:file:/home/user/.m2/repository/org/apache/hadoop/hadoop-hdds-container-service/1.1.0-SNAPSHOT/hadoop-hdds-container-service-1.1.0-SNAPSHOT.jar!/webapps/static,STOPPED}
2020-11-23 01:30:44,259 [ForkJoinPool.commonPool-worker-0] INFO  handler.ContextHandler (ContextHandler.java:doStop(1154)) - Stopped o.e.j.s.ServletContextHandler@295871b0{logs,/logs,file:///github/workspace/mnt/ozone/hadoop-ozone/integration-test/target/log,STOPPED}
2020-11-23 01:30:44,259 [Listener at 127.0.0.1/11620] INFO  handler.ContextHandler (ContextHandler.java:doStop(1154)) - Stopped o.e.j.w.WebAppContext@37b9a0d0{hddsDatanode,/,null,STOPPED}{jar:file:/home/user/.m2/repository/org/apache/hadoop/hadoop-hdds-container-service/1.1.0-SNAPSHOT/hadoop-hdds-container-service-1.1.0-SNAPSHOT.jar!/webapps/hddsDatanode}
2020-11-23 01:30:44,260 [Listener at 127.0.0.1/11620] INFO  server.AbstractConnector (AbstractConnector.java:doStop(381)) - Stopped ServerConnector@4fdf5b0a{HTTP/1.1, (http/1.1)}{0.0.0.0:0}
2020-11-23 01:30:44,260 [Listener at 127.0.0.1/11620] INFO  server.session (HouseKeeper.java:stopScavenging(149)) - node0 Stopped scavenging
2020-11-23 01:30:44,260 [Listener at 127.0.0.1/11620] INFO  handler.ContextHandler (ContextHandler.java:doStop(1154)) - Stopped o.e.j.s.ServletContextHandler@674082d9{static,/static,jar:file:/home/user/.m2/repository/org/apache/hadoop/hadoop-hdds-container-service/1.1.0-SNAPSHOT/hadoop-hdds-container-service-1.1.0-SNAPSHOT.jar!/webapps/static,STOPPED}
2020-11-23 01:30:44,260 [Listener at 127.0.0.1/11620] INFO  handler.ContextHandler (ContextHandler.java:doStop(1154)) - Stopped o.e.j.s.ServletContextHandler@6c503d80{logs,/logs,file:///github/workspace/mnt/ozone/hadoop-ozone/integration-test/target/log,STOPPED}
2020-11-23 01:30:44,532 [Datanode State Machine Thread - 0] INFO  statemachine.DatanodeStateMachine (DatanodeStateMachine.java:lambda$startDaemon$0(406)) - Ozone container server started.
2020-11-23 01:30:48,396 [Thread-751] INFO  impl.FollowerState (FollowerState.java:run(128)) - 409b856c-adf0-49b2-b5bb-722eb6966ee0@group-AD6AB9FE452E-FollowerState: change to CANDIDATE, lastRpcTime:5233ms, electionTimeout:5176ms
2020-11-23 01:30:48,397 [Thread-751] INFO  impl.RoleInfo (RoleInfo.java:shutdownFollowerState(121)) - 409b856c-adf0-49b2-b5bb-722eb6966ee0: shutdown 409b856c-adf0-49b2-b5bb-722eb6966ee0@group-AD6AB9FE452E-FollowerState
2020-11-23 01:30:48,397 [Thread-751] INFO  impl.RaftServerImpl (RaftServerImpl.java:setRole(204)) - 409b856c-adf0-49b2-b5bb-722eb6966ee0@group-AD6AB9FE452E: changes role from  FOLLOWER to CANDIDATE at term 1 for changeToCandidate
2020-11-23 01:30:48,397 [Thread-751] INFO  impl.RoleInfo (RoleInfo.java:updateAndGet(143)) - 409b856c-adf0-49b2-b5bb-722eb6966ee0: start 409b856c-adf0-49b2-b5bb-722eb6966ee0@group-AD6AB9FE452E-LeaderElection15
2020-11-23 01:30:48,398 [409b856c-adf0-49b2-b5bb-722eb6966ee0@group-AD6AB9FE452E-LeaderElection15] INFO  impl.RaftServerImpl (ServerState.java:setLeader(256)) - 409b856c-adf0-49b2-b5bb-722eb6966ee0@group-AD6AB9FE452E: change Leader from 2ffef469-2151-4b59-9d91-8a9d10d6bfea to null at term 1 for initElection
2020-11-23 01:30:48,402 [409b856c-adf0-49b2-b5bb-722eb6966ee0@group-AD6AB9FE452E-LeaderElection15] INFO  impl.LeaderElection (LeaderElection.java:askForVotes(215)) - 409b856c-adf0-49b2-b5bb-722eb6966ee0@group-AD6AB9FE452E-LeaderElection15: begin an election at term 2 for 0: [22e15842-c8f0-466b-8a2b-e723933af459|rpc:172.17.0.2:44143|dataStream:, 2ffef469-2151-4b59-9d91-8a9d10d6bfea|rpc:172.17.0.2:39551|dataStream:, 409b856c-adf0-49b2-b5bb-722eb6966ee0|rpc:172.17.0.2:45539|dataStream:], old=null
2020-11-23 01:30:48,408 [409b856c-adf0-49b2-b5bb-722eb6966ee0@group-AD6AB9FE452E-LeaderElection15] INFO  impl.LeaderElection (LogUtils.java:infoOrTrace(137)) - 409b856c-adf0-49b2-b5bb-722eb6966ee0@group-AD6AB9FE452E-LeaderElection15 got exception when requesting votes: java.util.concurrent.ExecutionException: org.apache.ratis.thirdparty.io.grpc.StatusRuntimeException: UNAVAILABLE: io exception
2020-11-23 01:30:48,410 [409b856c-adf0-49b2-b5bb-722eb6966ee0@group-AD6AB9FE452E-LeaderElection15] INFO  impl.LeaderElection (LogUtils.java:infoOrTrace(137)) - 409b856c-adf0-49b2-b5bb-722eb6966ee0@group-AD6AB9FE452E-LeaderElection15 got exception when requesting votes: java.util.concurrent.ExecutionException: org.apache.ratis.thirdparty.io.grpc.StatusRuntimeException: UNAVAILABLE: io exception
2020-11-23 01:30:48,410 [409b856c-adf0-49b2-b5bb-722eb6966ee0@group-AD6AB9FE452E-LeaderElection15] INFO  impl.LeaderElection (LeaderElection.java:logAndReturn(65)) - 409b856c-adf0-49b2-b5bb-722eb6966ee0@group-AD6AB9FE452E-LeaderElection15: Election REJECTED; received 0 response(s) [] and 2 exception(s); 409b856c-adf0-49b2-b5bb-722eb6966ee0@group-AD6AB9FE452E:t2, leader=null, voted=409b856c-adf0-49b2-b5bb-722eb6966ee0, raftlog=409b856c-adf0-49b2-b5bb-722eb6966ee0@group-AD6AB9FE452E-SegmentedRaftLog:OPENED:c0,f0,i0, conf=0: [22e15842-c8f0-466b-8a2b-e723933af459|rpc:172.17.0.2:44143|dataStream:, 2ffef469-2151-4b59-9d91-8a9d10d6bfea|rpc:172.17.0.2:39551|dataStream:, 409b856c-adf0-49b2-b5bb-722eb6966ee0|rpc:172.17.0.2:45539|dataStream:], old=null
2020-11-23 01:30:48,410 [409b856c-adf0-49b2-b5bb-722eb6966ee0@group-AD6AB9FE452E-LeaderElection15] INFO  impl.LeaderElection (LogUtils.java:infoOrTrace(137)) -   Exception 0: java.util.concurrent.ExecutionException: org.apache.ratis.thirdparty.io.grpc.StatusRuntimeException: UNAVAILABLE: io exception
2020-11-23 01:30:48,410 [409b856c-adf0-49b2-b5bb-722eb6966ee0@group-AD6AB9FE452E-LeaderElection15] INFO  impl.LeaderElection (LogUtils.java:infoOrTrace(137)) -   Exception 1: java.util.concurrent.ExecutionException: org.apache.ratis.thirdparty.io.grpc.StatusRuntimeException: UNAVAILABLE: io exception
2020-11-23 01:30:48,411 [409b856c-adf0-49b2-b5bb-722eb6966ee0@group-AD6AB9FE452E-LeaderElection15] INFO  impl.RaftServerImpl (RaftServerImpl.java:setRole(204)) - 409b856c-adf0-49b2-b5bb-722eb6966ee0@group-AD6AB9FE452E: changes role from CANDIDATE to FOLLOWER at term 2 for DISCOVERED_A_NEW_TERM
2020-11-23 01:30:48,411 [409b856c-adf0-49b2-b5bb-722eb6966ee0@group-AD6AB9FE452E-LeaderElection15] INFO  impl.RoleInfo (RoleInfo.java:shutdownLeaderElection(134)) - 409b856c-adf0-49b2-b5bb-722eb6966ee0: shutdown 409b856c-adf0-49b2-b5bb-722eb6966ee0@group-AD6AB9FE452E-LeaderElection15
2020-11-23 01:30:48,411 [409b856c-adf0-49b2-b5bb-722eb6966ee0@group-AD6AB9FE452E-LeaderElection15] INFO  impl.RoleInfo (RoleInfo.java:updateAndGet(143)) - 409b856c-adf0-49b2-b5bb-722eb6966ee0: start 409b856c-adf0-49b2-b5bb-722eb6966ee0@group-AD6AB9FE452E-FollowerState
2020-11-23 01:30:49,262 [ForkJoinPool.commonPool-worker-0] INFO  ozoneimpl.OzoneContainer (OzoneContainer.java:stop(257)) - Attempting to stop container services.
2020-11-23 01:30:49,263 [ForkJoinPool.commonPool-worker-0] INFO  impl.RaftServerProxy (RaftServerProxy.java:lambda$close$4(338)) - 409b856c-adf0-49b2-b5bb-722eb6966ee0: close
2020-11-23 01:30:49,263 [ForkJoinPool.commonPool-worker-0] INFO  impl.RaftServerImpl (RaftServerImpl.java:lambda$shutdown$3(328)) - 409b856c-adf0-49b2-b5bb-722eb6966ee0@group-F17DDB8ADB70: shutdown
2020-11-23 01:30:49,264 [ForkJoinPool.commonPool-worker-0] INFO  util.JmxRegister (JmxRegister.java:unregister(73)) - Successfully un-registered JMX Bean with object name Ratis:service=RaftServer,group=group-F17DDB8ADB70,id=409b856c-adf0-49b2-b5bb-722eb6966ee0
2020-11-23 01:30:49,264 [ForkJoinPool.commonPool-worker-0] INFO  impl.RoleInfo (RoleInfo.java:shutdownLeaderState(104)) - 409b856c-adf0-49b2-b5bb-722eb6966ee0: shutdown 409b856c-adf0-49b2-b5bb-722eb6966ee0@group-F17DDB8ADB70-LeaderState
2020-11-23 01:30:49,264 [ForkJoinPool.commonPool-worker-0] INFO  impl.PendingRequests (PendingRequests.java:sendNotLeaderResponses(250)) - 409b856c-adf0-49b2-b5bb-722eb6966ee0@group-F17DDB8ADB70-PendingRequests: sendNotLeaderResponses
2020-11-23 01:30:49,264 [ForkJoinPool.commonPool-worker-0] INFO  metrics.RatisMetrics (RatisMetrics.java:unregister(43)) - Unregistering Metrics Registry : ratis.log_appender.409b856c-adf0-49b2-b5bb-722eb6966ee0@group-F17DDB8ADB70
2020-11-23 01:30:49,264 [ForkJoinPool.commonPool-worker-0] INFO  metrics.RatisMetrics (RatisMetrics.java:unregister(43)) - Unregistering Metrics Registry : ratis.server.409b856c-adf0-49b2-b5bb-722eb6966ee0@group-F17DDB8ADB70
2020-11-23 01:30:49,265 [ForkJoinPool.commonPool-worker-0] INFO  impl.StateMachineUpdater (StateMachineUpdater.java:stopAndJoin(147)) - 409b856c-adf0-49b2-b5bb-722eb6966ee0@group-F17DDB8ADB70-StateMachineUpdater: set stopIndex = 0
2020-11-23 01:30:49,265 [409b856c-adf0-49b2-b5bb-722eb6966ee0@group-F17DDB8ADB70-StateMachineUpdater] INFO  ratis.ContainerStateMachine (ContainerStateMachine.java:takeSnapshot(293)) - group-F17DDB8ADB70: Taking a snapshot at:(t:1, i:0) file /github/workspace/mnt/ozone/hadoop-ozone/integration-test/target/test-dir/MiniOzoneClusterImpl-9d05a325-c6bd-459e-80b5-8a813f22569b/datanode-2/data/ratis/9a30bf38-ea2b-4e6e-bbaf-f17ddb8adb70/sm/snapshot.1_0
2020-11-23 01:30:49,267 [409b856c-adf0-49b2-b5bb-722eb6966ee0@group-F17DDB8ADB70-StateMachineUpdater] INFO  ratis.ContainerStateMachine (ContainerStateMachine.java:takeSnapshot(304)) - group-F17DDB8ADB70: Finished taking a snapshot at:(t:1, i:0) file:/github/workspace/mnt/ozone/hadoop-ozone/integration-test/target/test-dir/MiniOzoneClusterImpl-9d05a325-c6bd-459e-80b5-8a813f22569b/datanode-2/data/ratis/9a30bf38-ea2b-4e6e-bbaf-f17ddb8adb70/sm/snapshot.1_0 time:2
2020-11-23 01:30:49,267 [409b856c-adf0-49b2-b5bb-722eb6966ee0@group-F17DDB8ADB70-StateMachineUpdater] INFO  impl.StateMachineUpdater (StateMachineUpdater.java:takeSnapshot(278)) - 409b856c-adf0-49b2-b5bb-722eb6966ee0@group-F17DDB8ADB70-StateMachineUpdater: Took a snapshot at index 0
2020-11-23 01:30:49,268 [409b856c-adf0-49b2-b5bb-722eb6966ee0@group-F17DDB8ADB70-StateMachineUpdater] INFO  impl.StateMachineUpdater (StateMachineUpdater.java:lambda$new$0(87)) - 409b856c-adf0-49b2-b5bb-722eb6966ee0@group-F17DDB8ADB70-StateMachineUpdater: snapshotIndex: updateIncreasingly -1 -> 0
2020-11-23 01:30:49,268 [409b856c-adf0-49b2-b5bb-722eb6966ee0@group-F17DDB8ADB70-StateMachineUpdater] INFO  metrics.RatisMetrics (RatisMetrics.java:unregister(43)) - Unregistering Metrics Registry : ratis.state_machine.409b856c-adf0-49b2-b5bb-722eb6966ee0@group-F17DDB8ADB70
2020-11-23 01:30:49,268 [ForkJoinPool.commonPool-worker-0] INFO  impl.RaftServerImpl (ServerState.java:close(406)) - 409b856c-adf0-49b2-b5bb-722eb6966ee0@group-F17DDB8ADB70: closes. applyIndex: 0
2020-11-23 01:30:49,269 [409b856c-adf0-49b2-b5bb-722eb6966ee0@group-F17DDB8ADB70-SegmentedRaftLogWorker] INFO  segmented.SegmentedRaftLogWorker (SegmentedRaftLogWorker.java:run(329)) - 409b856c-adf0-49b2-b5bb-722eb6966ee0@group-F17DDB8ADB70-SegmentedRaftLogWorker was interrupted, exiting. There are 0 tasks remaining in the queue.
2020-11-23 01:30:49,269 [ForkJoinPool.commonPool-worker-0] INFO  segmented.SegmentedRaftLogWorker (SegmentedRaftLogWorker.java:close(235)) - 409b856c-adf0-49b2-b5bb-722eb6966ee0@group-F17DDB8ADB70-SegmentedRaftLogWorker close()
2020-11-23 01:30:49,270 [ForkJoinPool.commonPool-worker-0] INFO  metrics.RatisMetrics (RatisMetrics.java:unregister(43)) - Unregistering Metrics Registry : ratis.log_worker.409b856c-adf0-49b2-b5bb-722eb6966ee0@group-F17DDB8ADB70
2020-11-23 01:30:49,270 [ForkJoinPool.commonPool-worker-0] INFO  metrics.RatisMetrics (RatisMetrics.java:unregister(43)) - Unregistering Metrics Registry : ratis.leader_election.409b856c-adf0-49b2-b5bb-722eb6966ee0@group-F17DDB8ADB70
2020-11-23 01:30:49,270 [ForkJoinPool.commonPool-worker-0] INFO  metrics.RatisMetrics (RatisMetrics.java:unregister(43)) - Unregistering Metrics Registry : ratis.server.409b856c-adf0-49b2-b5bb-722eb6966ee0@group-F17DDB8ADB70
2020-11-23 01:30:49,270 [ForkJoinPool.commonPool-worker-0] INFO  impl.RaftServerImpl (RaftServerImpl.java:lambda$shutdown$3(328)) - 409b856c-adf0-49b2-b5bb-722eb6966ee0@group-AD6AB9FE452E: shutdown
2020-11-23 01:30:49,270 [ForkJoinPool.commonPool-worker-0] INFO  util.JmxRegister (JmxRegister.java:unregister(73)) - Successfully un-registered JMX Bean with object name Ratis:service=RaftServer,group=group-AD6AB9FE452E,id=409b856c-adf0-49b2-b5bb-722eb6966ee0
2020-11-23 01:30:49,270 [ForkJoinPool.commonPool-worker-0] INFO  impl.RoleInfo (RoleInfo.java:shutdownFollowerState(121)) - 409b856c-adf0-49b2-b5bb-722eb6966ee0: shutdown 409b856c-adf0-49b2-b5bb-722eb6966ee0@group-AD6AB9FE452E-FollowerState
2020-11-23 01:30:49,271 [ForkJoinPool.commonPool-worker-0] INFO  impl.StateMachineUpdater (StateMachineUpdater.java:stopAndJoin(147)) - 409b856c-adf0-49b2-b5bb-722eb6966ee0@group-AD6AB9FE452E-StateMachineUpdater: set stopIndex = 0
2020-11-23 01:30:49,271 [Thread-894] INFO  impl.FollowerState (FollowerState.java:run(137)) - 409b856c-adf0-49b2-b5bb-722eb6966ee0@group-AD6AB9FE452E-FollowerState was interrupted: {}
java.lang.InterruptedException: sleep interrupted
	at java.lang.Thread.sleep(Native Method)
	at org.apache.ratis.util.JavaUtils.sleep(JavaUtils.java:250)
	at org.apache.ratis.server.impl.FollowerState.run(FollowerState.java:116)
2020-11-23 01:30:49,271 [409b856c-adf0-49b2-b5bb-722eb6966ee0@group-AD6AB9FE452E-StateMachineUpdater] INFO  ratis.ContainerStateMachine (ContainerStateMachine.java:takeSnapshot(293)) - group-AD6AB9FE452E: Taking a snapshot at:(t:1, i:0) file /github/workspace/mnt/ozone/hadoop-ozone/integration-test/target/test-dir/MiniOzoneClusterImpl-9d05a325-c6bd-459e-80b5-8a813f22569b/datanode-2/data/ratis/a5b3f791-2369-44c1-a6b9-ad6ab9fe452e/sm/snapshot.1_0
2020-11-23 01:30:49,272 [409b856c-adf0-49b2-b5bb-722eb6966ee0@group-AD6AB9FE452E-StateMachineUpdater] INFO  ratis.ContainerStateMachine (ContainerStateMachine.java:takeSnapshot(304)) - group-AD6AB9FE452E: Finished taking a snapshot at:(t:1, i:0) file:/github/workspace/mnt/ozone/hadoop-ozone/integration-test/target/test-dir/MiniOzoneClusterImpl-9d05a325-c6bd-459e-80b5-8a813f22569b/datanode-2/data/ratis/a5b3f791-2369-44c1-a6b9-ad6ab9fe452e/sm/snapshot.1_0 time:1
2020-11-23 01:30:49,272 [409b856c-adf0-49b2-b5bb-722eb6966ee0@group-AD6AB9FE452E-StateMachineUpdater] INFO  impl.StateMachineUpdater (StateMachineUpdater.java:takeSnapshot(278)) - 409b856c-adf0-49b2-b5bb-722eb6966ee0@group-AD6AB9FE452E-StateMachineUpdater: Took a snapshot at index 0
2020-11-23 01:30:49,272 [409b856c-adf0-49b2-b5bb-722eb6966ee0@group-AD6AB9FE452E-StateMachineUpdater] INFO  impl.StateMachineUpdater (StateMachineUpdater.java:lambda$new$0(87)) - 409b856c-adf0-49b2-b5bb-722eb6966ee0@group-AD6AB9FE452E-StateMachineUpdater: snapshotIndex: updateIncreasingly -1 -> 0
2020-11-23 01:30:49,273 [409b856c-adf0-49b2-b5bb-722eb6966ee0@group-AD6AB9FE452E-StateMachineUpdater] INFO  metrics.RatisMetrics (RatisMetrics.java:unregister(43)) - Unregistering Metrics Registry : ratis.state_machine.409b856c-adf0-49b2-b5bb-722eb6966ee0@group-AD6AB9FE452E
2020-11-23 01:30:49,273 [ForkJoinPool.commonPool-worker-0] INFO  impl.RaftServerImpl (ServerState.java:close(406)) - 409b856c-adf0-49b2-b5bb-722eb6966ee0@group-AD6AB9FE452E: closes. applyIndex: 0
2020-11-23 01:30:49,273 [409b856c-adf0-49b2-b5bb-722eb6966ee0@group-AD6AB9FE452E-SegmentedRaftLogWorker] INFO  segmented.SegmentedRaftLogWorker (SegmentedRaftLogWorker.java:run(329)) - 409b856c-adf0-49b2-b5bb-722eb6966ee0@group-AD6AB9FE452E-SegmentedRaftLogWorker was interrupted, exiting. There are 0 tasks remaining in the queue.
2020-11-23 01:30:49,273 [ForkJoinPool.commonPool-worker-0] INFO  segmented.SegmentedRaftLogWorker (SegmentedRaftLogWorker.java:close(235)) - 409b856c-adf0-49b2-b5bb-722eb6966ee0@group-AD6AB9FE452E-SegmentedRaftLogWorker close()
2020-11-23 01:30:49,274 [ForkJoinPool.commonPool-worker-0] INFO  metrics.RatisMetrics (RatisMetrics.java:unregister(43)) - Unregistering Metrics Registry : ratis.log_worker.409b856c-adf0-49b2-b5bb-722eb6966ee0@group-AD6AB9FE452E
2020-11-23 01:30:49,274 [ForkJoinPool.commonPool-worker-0] INFO  metrics.RatisMetrics (RatisMetrics.java:unregister(43)) - Unregistering Metrics Registry : ratis.leader_election.409b856c-adf0-49b2-b5bb-722eb6966ee0@group-AD6AB9FE452E
2020-11-23 01:30:49,274 [ForkJoinPool.commonPool-worker-0] INFO  metrics.RatisMetrics (RatisMetrics.java:unregister(43)) - Unregistering Metrics Registry : ratis.server.409b856c-adf0-49b2-b5bb-722eb6966ee0@group-AD6AB9FE452E
2020-11-23 01:30:49,274 [ForkJoinPool.commonPool-worker-0] INFO  server.GrpcService (GrpcService.java:closeImpl(184)) - 409b856c-adf0-49b2-b5bb-722eb6966ee0: shutdown server with port 45539 now
2020-11-23 01:30:49,280 [ForkJoinPool.commonPool-worker-0] INFO  server.GrpcService (GrpcService.java:closeImpl(193)) - 409b856c-adf0-49b2-b5bb-722eb6966ee0: shutdown server with port 45539 successfully
2020-11-23 01:30:49,281 [ForkJoinPool.commonPool-worker-0] INFO  utils.BackgroundService (BackgroundService.java:shutdown(132)) - Shutting down service BlockDeletingService
2020-11-23 01:30:49,282 [ForkJoinPool.commonPool-worker-0] INFO  statemachine.DatanodeStateMachine (DatanodeStateMachine.java:stopDaemon(459)) - Ozone container server stopped.
2020-11-23 01:30:49,293 [ForkJoinPool.commonPool-worker-0] INFO  handler.ContextHandler (ContextHandler.java:doStop(1154)) - Stopped o.e.j.w.WebAppContext@4629fba1{hddsDatanode,/,null,STOPPED}{jar:file:/home/user/.m2/repository/org/apache/hadoop/hadoop-hdds-container-service/1.1.0-SNAPSHOT/hadoop-hdds-container-service-1.1.0-SNAPSHOT.jar!/webapps/hddsDatanode}
2020-11-23 01:30:49,294 [ForkJoinPool.commonPool-worker-0] INFO  server.AbstractConnector (AbstractConnector.java:doStop(381)) - Stopped ServerConnector@57fa9602{HTTP/1.1, (http/1.1)}{0.0.0.0:0}
2020-11-23 01:30:49,294 [ForkJoinPool.commonPool-worker-0] INFO  server.session (HouseKeeper.java:stopScavenging(149)) - node0 Stopped scavenging
2020-11-23 01:30:49,295 [ForkJoinPool.commonPool-worker-0] INFO  handler.ContextHandler (ContextHandler.java:doStop(1154)) - Stopped o.e.j.s.ServletContextHandler@b8e665{static,/static,jar:file:/home/user/.m2/repository/org/apache/hadoop/hadoop-hdds-container-service/1.1.0-SNAPSHOT/hadoop-hdds-container-service-1.1.0-SNAPSHOT.jar!/webapps/static,STOPPED}
2020-11-23 01:30:49,295 [ForkJoinPool.commonPool-worker-0] INFO  handler.ContextHandler (ContextHandler.java:doStop(1154)) - Stopped o.e.j.s.ServletContextHandler@2cb6de38{logs,/logs,file:///github/workspace/mnt/ozone/hadoop-ozone/integration-test/target/log,STOPPED}
2020-11-23 01:30:49,296 [Listener at 127.0.0.1/11620] INFO  ozone.MiniOzoneClusterImpl (MiniOzoneClusterImpl.java:stopSCM(477)) - Stopping the StorageContainerManager
2020-11-23 01:30:49,296 [Listener at 127.0.0.1/11620] INFO  server.StorageContainerManager (StorageContainerManager.java:stop(832)) - Stopping Replication Manager Service.
2020-11-23 01:30:49,296 [Listener at 127.0.0.1/11620] INFO  container.ReplicationManager (ReplicationManager.java:stop(219)) - Stopping Replication Monitor Thread.
2020-11-23 01:30:49,297 [Listener at 127.0.0.1/11620] INFO  server.StorageContainerManager (StorageContainerManager.java:stop(839)) - Stopping Lease Manager of the command watchers
2020-11-23 01:30:49,297 [Listener at 127.0.0.1/11620] INFO  server.StorageContainerManager (StorageContainerManager.java:stop(846)) - Stopping datanode service RPC server
2020-11-23 01:30:49,297 [CommandWatcher-LeaseManager#LeaseMonitor] ERROR lease.LeaseManager (LeaseManager.java:run(238)) - Execution was interrupted 
java.lang.InterruptedException: sleep interrupted
	at java.lang.Thread.sleep(Native Method)
	at org.apache.hadoop.ozone.lease.LeaseManager$LeaseMonitor.run(LeaseManager.java:234)
	at java.lang.Thread.run(Thread.java:748)
2020-11-23 01:30:49,297 [Listener at 127.0.0.1/11620] INFO  server.SCMDatanodeProtocolServer (SCMDatanodeProtocolServer.java:stop(361)) - Stopping the RPC server for DataNodes
2020-11-23 01:30:49,297 [Listener at 127.0.0.1/11620] INFO  ipc.Server (Server.java:stop(3359)) - Stopping server on 36853
2020-11-23 01:30:49,300 [IPC Server Responder] INFO  ipc.Server (Server.java:run(1465)) - Stopping IPC Server Responder
2020-11-23 01:30:49,300 [IPC Server listener on 0] INFO  ipc.Server (Server.java:run(1330)) - Stopping IPC Server listener on 0
2020-11-23 01:30:49,301 [SCM Heartbeat Processing Thread - 0] WARN  node.NodeStateManager (NodeStateManager.java:scheduleNextHealthCheck(661)) - Current Thread is interrupted, shutting down HB processing thread for Node Manager.
2020-11-23 01:30:49,301 [Listener at 127.0.0.1/11620] INFO  server.StorageContainerManager (StorageContainerManager.java:stop(854)) - Stopping block service RPC server
2020-11-23 01:30:49,301 [Listener at 127.0.0.1/11620] INFO  server.SCMBlockProtocolServer (SCMBlockProtocolServer.java:stop(159)) - Stopping the RPC server for Block Protocol
2020-11-23 01:30:49,301 [Listener at 127.0.0.1/11620] INFO  ipc.Server (Server.java:stop(3359)) - Stopping server on 41259
2020-11-23 01:30:49,303 [IPC Server Responder] INFO  ipc.Server (Server.java:run(1465)) - Stopping IPC Server Responder
2020-11-23 01:30:49,303 [Listener at 127.0.0.1/11620] INFO  server.StorageContainerManager (StorageContainerManager.java:stop(861)) - Stopping the StorageContainerLocationProtocol RPC server
2020-11-23 01:30:49,303 [IPC Server listener on 0] INFO  ipc.Server (Server.java:run(1330)) - Stopping IPC Server listener on 0
2020-11-23 01:30:49,303 [Listener at 127.0.0.1/11620] INFO  server.SCMClientProtocolServer (SCMClientProtocolServer.java:stop(165)) - Stopping the RPC server for Client Protocol
2020-11-23 01:30:49,303 [Listener at 127.0.0.1/11620] INFO  ipc.Server (Server.java:stop(3359)) - Stopping server on 32775
2020-11-23 01:30:49,306 [IPC Server listener on 0] INFO  ipc.Server (Server.java:run(1330)) - Stopping IPC Server listener on 0
2020-11-23 01:30:49,306 [IPC Server Responder] INFO  ipc.Server (Server.java:run(1465)) - Stopping IPC Server Responder
2020-11-23 01:30:49,306 [Listener at 127.0.0.1/11620] INFO  server.StorageContainerManager (StorageContainerManager.java:stop(868)) - Stopping Storage Container Manager HTTP server.
2020-11-23 01:30:49,307 [Listener at 127.0.0.1/11620] INFO  handler.ContextHandler (ContextHandler.java:doStop(1154)) - Stopped o.e.j.w.WebAppContext@3692055c{scm,/,null,STOPPED}{file:/github/workspace/mnt/ozone/hadoop-ozone/integration-test/target/test-classes/webapps/scm}
2020-11-23 01:30:49,307 [Listener at 127.0.0.1/11620] INFO  server.AbstractConnector (AbstractConnector.java:doStop(381)) - Stopped ServerConnector@3eadc438{HTTP/1.1, (http/1.1)}{0.0.0.0:0}
2020-11-23 01:30:49,307 [Listener at 127.0.0.1/11620] INFO  server.session (HouseKeeper.java:stopScavenging(149)) - node0 Stopped scavenging
2020-11-23 01:30:49,307 [Listener at 127.0.0.1/11620] INFO  handler.ContextHandler (ContextHandler.java:doStop(1154)) - Stopped o.e.j.s.ServletContextHandler@7dc4e076{static,/static,file:///github/workspace/mnt/ozone/hadoop-ozone/integration-test/target/test-classes/webapps/static,STOPPED}
2020-11-23 01:30:49,308 [Listener at 127.0.0.1/11620] INFO  handler.ContextHandler (ContextHandler.java:doStop(1154)) - Stopped o.e.j.s.ServletContextHandler@6bf86ce2{logs,/logs,file:///github/workspace/mnt/ozone/hadoop-ozone/integration-test/target/log,STOPPED}
2020-11-23 01:30:49,308 [Listener at 127.0.0.1/11620] INFO  server.StorageContainerManager (StorageContainerManager.java:stop(879)) - Stopping Block Manager Service.
2020-11-23 01:30:49,308 [Listener at 127.0.0.1/11620] INFO  utils.BackgroundService (BackgroundService.java:shutdown(132)) - Shutting down service SCMBlockDeletingService
2020-11-23 01:30:49,309 [Listener at 127.0.0.1/11620] INFO  utils.BackgroundService (BackgroundService.java:shutdown(132)) - Shutting down service SCMBlockDeletingService
2020-11-23 01:30:49,309 [Listener at 127.0.0.1/11620] INFO  server.StorageContainerManager (StorageContainerManager.java:stop(904)) - Stopping SCM Event Queue.
2020-11-23 01:30:49,311 [Listener at 127.0.0.1/11620] INFO  impl.MetricsSystemImpl (MetricsSystemImpl.java:stop(210)) - Stopping HddsDatanode metrics system...
2020-11-23 01:30:49,313 [Listener at 127.0.0.1/11620] INFO  impl.MetricsSystemImpl (MetricsSystemImpl.java:stop(216)) - HddsDatanode metrics system stopped.
]]></system-out>
  </testcase>
  <testcase name="testFileOperationsWithRecursive" classname="org.apache.hadoop.ozone.om.TestOzoneManagerHAWithData" time="24.246"/>
  <testcase name="testMultipartUploadWithOneOmNodeDown" classname="org.apache.hadoop.ozone.om.TestOzoneManagerHAWithData" time="27.79"/>
  <testcase name="testKeysDelete" classname="org.apache.hadoop.ozone.om.TestOzoneManagerHAWithData" time="34.162"/>
  <testcase name="testAllOMNodesRunning" classname="org.apache.hadoop.ozone.om.TestOzoneManagerHAWithData" time="24.064"/>
  <testcase name="testIncrementalWaitTimeWithSameNodeFailover" classname="org.apache.hadoop.ozone.om.TestOzoneManagerHAWithData" time="29.655"/>
  <testcase name="testListParts" classname="org.apache.hadoop.ozone.om.TestOzoneManagerHAWithData" time="27.924"/>
  <testcase name="testFileOperationsWithNonRecursive" classname="org.apache.hadoop.ozone.om.TestOzoneManagerHAWithData" time="24.018"/>
  <testcase name="testOneOMNodeDown" classname="org.apache.hadoop.ozone.om.TestOzoneManagerHAWithData" time="27.725"/>
  <testcase name="testTwoOMNodesDown" classname="org.apache.hadoop.ozone.om.TestOzoneManagerHAWithData" time="0">
    <skipped message="This test is failing randomly. It will be enabled after fixing it."/>
  </testcase>
  <testcase name="testOMRestart" classname="org.apache.hadoop.ozone.om.TestOzoneManagerHAWithData" time="28.101"/>
</testsuite>