<?xml version="1.0" encoding="UTF-8"?>
<testsuite xmlns:xsi="http://www.w3.org/2001/XMLSchema-instance" xsi:noNamespaceSchemaLocation="https://maven.apache.org/surefire/maven-surefire-plugin/xsd/surefire-test-report.xsd" name="org.apache.hadoop.ozone.om.TestOzoneManagerBootstrap" time="153.383" tests="3" errors="1" skipped="0" failures="0">
  <properties>
    <property name="awt.toolkit" value="sun.awt.X11.XToolkit"/>
    <property name="file.encoding.pkg" value="sun.io"/>
    <property name="java.specification.version" value="1.8"/>
    <property name="sun.cpu.isalist" value=""/>
    <property name="sun.jnu.encoding" value="UTF-8"/>
    <property name="java.class.path" value="/home/runner/work/ozone/ozone/mnt/ozone/hadoop-ozone/integration-test/target/test-classes:/home/runner/work/ozone/ozone/mnt/ozone/hadoop-ozone/integration-test/target/classes:/home/runner/.m2/repository/org/apache/ozone/ozone-common/1.2.0-SNAPSHOT/ozone-common-1.2.0-SNAPSHOT.jar:/home/runner/.m2/repository/org/apache/commons/commons-compress/1.20/commons-compress-1.20.jar:/home/runner/.m2/repository/org/apache/ozone/hdds-common/1.2.0-SNAPSHOT/hdds-common-1.2.0-SNAPSHOT.jar:/home/runner/.m2/repository/org/apache/ozone/hdds-client/1.2.0-SNAPSHOT/hdds-client-1.2.0-SNAPSHOT.jar:/home/runner/.m2/repository/org/apache/ozone/ozone-interface-client/1.2.0-SNAPSHOT/ozone-interface-client-1.2.0-SNAPSHOT.jar:/home/runner/.m2/repository/org/apache/ozone/hdds-server-framework/1.2.0-SNAPSHOT/hdds-server-framework-1.2.0-SNAPSHOT.jar:/home/runner/.m2/repository/org/apache/ozone/hdds-interface-server/1.2.0-SNAPSHOT/hdds-interface-server-1.2.0-SNAPSHOT.jar:/home/runner/.m2/repository/org/eclipse/jetty/jetty-servlet/9.4.35.v20201120/jetty-servlet-9.4.35.v20201120.jar:/home/runner/.m2/repository/org/eclipse/jetty/jetty-security/9.4.35.v20201120/jetty-security-9.4.35.v20201120.jar:/home/runner/.m2/repository/org/rocksdb/rocksdbjni/6.20.3/rocksdbjni-6.20.3.jar:/home/runner/.m2/repository/io/prometheus/simpleclient_dropwizard/0.7.0/simpleclient_dropwizard-0.7.0.jar:/home/runner/.m2/repository/io/prometheus/simpleclient/0.7.0/simpleclient-0.7.0.jar:/home/runner/.m2/repository/io/prometheus/simpleclient_common/0.7.0/simpleclient_common-0.7.0.jar:/home/runner/.m2/repository/com/fasterxml/jackson/datatype/jackson-datatype-jsr310/2.12.1/jackson-datatype-jsr310-2.12.1.jar:/home/runner/.m2/repository/org/apache/ozone/hdds-test-utils/1.2.0-SNAPSHOT/hdds-test-utils-1.2.0-SNAPSHOT.jar:/home/runner/.m2/repository/com/google/guava/guava/30.1.1-jre/guava-30.1.1-jre.jar:/home/runner/.m2/repository/com/google/guava/failureaccess/1.0.1/failureaccess-1.0.1.jar:/home/runner/.m2/repository/com/google/guava/listenablefuture/9999.0-empty-to-avoid-conflict-with-guava/listenablefuture-9999.0-empty-to-avoid-conflict-with-guava.jar:/home/runner/.m2/repository/com/google/code/findbugs/jsr305/3.0.0/jsr305-3.0.0.jar:/home/runner/.m2/repository/org/checkerframework/checker-qual/3.8.0/checker-qual-3.8.0.jar:/home/runner/.m2/repository/com/google/errorprone/error_prone_annotations/2.2.0/error_prone_annotations-2.2.0.jar:/home/runner/.m2/repository/com/google/j2objc/j2objc-annotations/1.3/j2objc-annotations-1.3.jar:/home/runner/.m2/repository/commons-io/commons-io/2.8.0/commons-io-2.8.0.jar:/home/runner/.m2/repository/commons-logging/commons-logging/1.2/commons-logging-1.2.jar:/home/runner/.m2/repository/log4j/log4j/1.2.17/log4j-1.2.17.jar:/home/runner/.m2/repository/org/slf4j/slf4j-api/1.7.30/slf4j-api-1.7.30.jar:/home/runner/.m2/repository/org/apache/ozone/hdds-server-scm/1.2.0-SNAPSHOT/hdds-server-scm-1.2.0-SNAPSHOT.jar:/home/runner/.m2/repository/org/apache/ozone/hdds-container-service/1.2.0-SNAPSHOT/hdds-container-service-1.2.0-SNAPSHOT.jar:/home/runner/.m2/repository/org/apache/ozone/hdds-hadoop-dependency-server/1.2.0-SNAPSHOT/hdds-hadoop-dependency-server-1.2.0-SNAPSHOT.jar:/home/runner/.m2/repository/org/apache/hadoop/hadoop-hdfs/3.3.1/hadoop-hdfs-3.3.1.jar:/home/runner/.m2/repository/io/dropwizard/metrics/metrics-core/3.2.4/metrics-core-3.2.4.jar:/home/runner/.m2/repository/org/apache/hadoop/hadoop-hdfs-client/3.3.1/hadoop-hdfs-client-3.3.1.jar:/home/runner/.m2/repository/org/bouncycastle/bcprov-jdk15on/1.67/bcprov-jdk15on-1.67.jar:/home/runner/.m2/repository/com/google/protobuf/protobuf-java/2.5.0/protobuf-java-2.5.0.jar:/home/runner/.m2/repository/org/apache/ozone/ozone-manager/1.2.0-SNAPSHOT/ozone-manager-1.2.0-SNAPSHOT.jar:/home/runner/.m2/repository/org/aspectj/aspectjrt/1.8.9/aspectjrt-1.8.9.jar:/home/runner/.m2/repository/org/aspectj/aspectjweaver/1.8.9/aspectjweaver-1.8.9.jar:/home/runner/.m2/repository/org/apache/ozone/hdds-interface-client/1.2.0-SNAPSHOT/hdds-interface-client-1.2.0-SNAPSHOT.jar:/home/runner/.m2/repository/org/apache/hadoop/thirdparty/hadoop-shaded-protobuf_3_7/1.1.1/hadoop-shaded-protobuf_3_7-1.1.1.jar:/home/runner/.m2/repository/org/apache/ratis/ratis-thirdparty-misc/0.7.0/ratis-thirdparty-misc-0.7.0.jar:/home/runner/.m2/repository/org/apache/ozone/ozone-interface-storage/1.2.0-SNAPSHOT/ozone-interface-storage-1.2.0-SNAPSHOT.jar:/home/runner/.m2/repository/org/reflections/reflections/0.9.11/reflections-0.9.11.jar:/home/runner/.m2/repository/org/apache/hadoop/hadoop-minikdc/3.3.1/hadoop-minikdc-3.3.1.jar:/home/runner/.m2/repository/org/apache/kerby/kerb-simplekdc/1.0.1/kerb-simplekdc-1.0.1.jar:/home/runner/.m2/repository/org/apache/kerby/kerb-client/1.0.1/kerb-client-1.0.1.jar:/home/runner/.m2/repository/org/apache/kerby/kerby-config/1.0.1/kerby-config-1.0.1.jar:/home/runner/.m2/repository/org/apache/kerby/kerb-common/1.0.1/kerb-common-1.0.1.jar:/home/runner/.m2/repository/org/apache/kerby/kerb-crypto/1.0.1/kerb-crypto-1.0.1.jar:/home/runner/.m2/repository/org/apache/kerby/kerb-util/1.0.1/kerb-util-1.0.1.jar:/home/runner/.m2/repository/org/apache/kerby/token-provider/1.0.1/token-provider-1.0.1.jar:/home/runner/.m2/repository/org/apache/kerby/kerb-admin/1.0.1/kerb-admin-1.0.1.jar:/home/runner/.m2/repository/org/apache/kerby/kerb-server/1.0.1/kerb-server-1.0.1.jar:/home/runner/.m2/repository/org/apache/kerby/kerb-identity/1.0.1/kerb-identity-1.0.1.jar:/home/runner/.m2/repository/org/apache/kerby/kerby-xdr/1.0.1/kerby-xdr-1.0.1.jar:/home/runner/.m2/repository/org/slf4j/slf4j-log4j12/1.7.30/slf4j-log4j12-1.7.30.jar:/home/runner/.m2/repository/org/apache/ozone/ozone-s3gateway/1.2.0-SNAPSHOT/ozone-s3gateway-1.2.0-SNAPSHOT.jar:/home/runner/.m2/repository/org/javassist/javassist/3.21.0-GA/javassist-3.21.0-GA.jar:/home/runner/.m2/repository/org/jboss/weld/servlet/weld-servlet/2.4.7.Final/weld-servlet-2.4.7.Final.jar:/home/runner/.m2/repository/org/glassfish/jersey/containers/jersey-container-servlet-core/2.33/jersey-container-servlet-core-2.33.jar:/home/runner/.m2/repository/org/glassfish/hk2/external/jakarta.inject/2.6.1/jakarta.inject-2.6.1.jar:/home/runner/.m2/repository/org/glassfish/jersey/core/jersey-common/2.33/jersey-common-2.33.jar:/home/runner/.m2/repository/jakarta/ws/rs/jakarta.ws.rs-api/2.1.6/jakarta.ws.rs-api-2.1.6.jar:/home/runner/.m2/repository/org/glassfish/jersey/ext/cdi/jersey-cdi1x/2.33/jersey-cdi1x-2.33.jar:/home/runner/.m2/repository/org/glassfish/jersey/inject/jersey-hk2/2.33/jersey-hk2-2.33.jar:/home/runner/.m2/repository/org/glassfish/hk2/hk2-locator/2.6.1/hk2-locator-2.6.1.jar:/home/runner/.m2/repository/org/glassfish/jersey/media/jersey-media-jaxb/2.33/jersey-media-jaxb-2.33.jar:/home/runner/.m2/repository/org/glassfish/hk2/osgi-resource-locator/1.0.3/osgi-resource-locator-1.0.3.jar:/home/runner/.m2/repository/org/glassfish/hk2/hk2-api/2.5.0/hk2-api-2.5.0.jar:/home/runner/.m2/repository/org/glassfish/hk2/hk2-utils/2.5.0/hk2-utils-2.5.0.jar:/home/runner/.m2/repository/org/glassfish/hk2/external/aopalliance-repackaged/2.5.0/aopalliance-repackaged-2.5.0.jar:/home/runner/.m2/repository/com/fasterxml/jackson/dataformat/jackson-dataformat-xml/2.12.1/jackson-dataformat-xml-2.12.1.jar:/home/runner/.m2/repository/com/fasterxml/jackson/core/jackson-core/2.12.1/jackson-core-2.12.1.jar:/home/runner/.m2/repository/com/fasterxml/jackson/module/jackson-module-jaxb-annotations/2.12.1/jackson-module-jaxb-annotations-2.12.1.jar:/home/runner/.m2/repository/jakarta/xml/bind/jakarta.xml.bind-api/2.3.2/jakarta.xml.bind-api-2.3.2.jar:/home/runner/.m2/repository/org/codehaus/woodstox/stax2-api/3.1.4/stax2-api-3.1.4.jar:/home/runner/.m2/repository/com/fasterxml/woodstox/woodstox-core/5.0.3/woodstox-core-5.0.3.jar:/home/runner/.m2/repository/javax/enterprise/cdi-api/1.2/cdi-api-1.2.jar:/home/runner/.m2/repository/javax/el/javax.el-api/3.0.0/javax.el-api-3.0.0.jar:/home/runner/.m2/repository/javax/interceptor/javax.interceptor-api/1.2/javax.interceptor-api-1.2.jar:/home/runner/.m2/repository/javax/inject/javax.inject/1/javax.inject-1.jar:/home/runner/.m2/repository/javax/xml/bind/jaxb-api/2.3.0/jaxb-api-2.3.0.jar:/home/runner/.m2/repository/org/glassfish/jaxb/jaxb-runtime/2.3.0.1/jaxb-runtime-2.3.0.1.jar:/home/runner/.m2/repository/org/glassfish/jaxb/jaxb-core/2.3.0.1/jaxb-core-2.3.0.1.jar:/home/runner/.m2/repository/org/glassfish/jaxb/txw2/2.3.0.1/txw2-2.3.0.1.jar:/home/runner/.m2/repository/com/sun/istack/istack-commons-runtime/3.0.5/istack-commons-runtime-3.0.5.jar:/home/runner/.m2/repository/org/jvnet/staxex/stax-ex/1.7.8/stax-ex-1.7.8.jar:/home/runner/.m2/repository/com/sun/xml/fastinfoset/FastInfoset/1.2.13/FastInfoset-1.2.13.jar:/home/runner/.m2/repository/javax/activation/activation/1.1.1/activation-1.1.1.jar:/home/runner/.m2/repository/org/apache/ozone/ozone-csi/1.2.0-SNAPSHOT/ozone-csi-1.2.0-SNAPSHOT.jar:/home/runner/.m2/repository/com/google/protobuf/protobuf-java-util/3.12.0/protobuf-java-util-3.12.0.jar:/home/runner/.m2/repository/com/google/code/gson/gson/2.2.4/gson-2.2.4.jar:/home/runner/.m2/repository/org/apache/ozone/hdds-config/1.2.0-SNAPSHOT/hdds-config-1.2.0-SNAPSHOT.jar:/home/runner/.m2/repository/io/grpc/grpc-netty/1.33.0/grpc-netty-1.33.0.jar:/home/runner/.m2/repository/io/grpc/grpc-core/1.33.0/grpc-core-1.33.0.jar:/home/runner/.m2/repository/com/google/android/annotations/4.1.1.4/annotations-4.1.1.4.jar:/home/runner/.m2/repository/io/netty/netty-codec-http2/4.1.63.Final/netty-codec-http2-4.1.63.Final.jar:/home/runner/.m2/repository/io/netty/netty-codec-http/4.1.63.Final/netty-codec-http-4.1.63.Final.jar:/home/runner/.m2/repository/io/netty/netty-handler-proxy/4.1.63.Final/netty-handler-proxy-4.1.63.Final.jar:/home/runner/.m2/repository/io/netty/netty-codec-socks/4.1.63.Final/netty-codec-socks-4.1.63.Final.jar:/home/runner/.m2/repository/io/perfmark/perfmark-api/0.19.0/perfmark-api-0.19.0.jar:/home/runner/.m2/repository/org/codehaus/mojo/animal-sniffer-annotations/1.18/animal-sniffer-annotations-1.18.jar:/home/runner/.m2/repository/io/netty/netty-transport-native-epoll/4.1.63.Final/netty-transport-native-epoll-4.1.63.Final.jar:/home/runner/.m2/repository/io/netty/netty-common/4.1.63.Final/netty-common-4.1.63.Final.jar:/home/runner/.m2/repository/io/netty/netty-buffer/4.1.63.Final/netty-buffer-4.1.63.Final.jar:/home/runner/.m2/repository/io/netty/netty-transport-native-unix-common/4.1.63.Final/netty-transport-native-unix-common-4.1.63.Final.jar:/home/runner/.m2/repository/io/grpc/grpc-protobuf/1.33.0/grpc-protobuf-1.33.0.jar:/home/runner/.m2/repository/io/grpc/grpc-api/1.33.0/grpc-api-1.33.0.jar:/home/runner/.m2/repository/io/grpc/grpc-context/1.33.0/grpc-context-1.33.0.jar:/home/runner/.m2/repository/com/google/api/grpc/proto-google-common-protos/1.17.0/proto-google-common-protos-1.17.0.jar:/home/runner/.m2/repository/io/grpc/grpc-protobuf-lite/1.33.0/grpc-protobuf-lite-1.33.0.jar:/home/runner/.m2/repository/io/grpc/grpc-stub/1.33.0/grpc-stub-1.33.0.jar:/home/runner/.m2/repository/org/apache/ozone/ozone-recon/1.2.0-SNAPSHOT/ozone-recon-1.2.0-SNAPSHOT.jar:/home/runner/.m2/repository/org/apache/ozone/ozone-reconcodegen/1.2.0-SNAPSHOT/ozone-reconcodegen-1.2.0-SNAPSHOT.jar:/home/runner/.m2/repository/com/google/inject/extensions/guice-multibindings/4.0/guice-multibindings-4.0.jar:/home/runner/.m2/repository/com/google/inject/guice/4.0/guice-4.0.jar:/home/runner/.m2/repository/aopalliance/aopalliance/1.0/aopalliance-1.0.jar:/home/runner/.m2/repository/com/google/inject/extensions/guice-assistedinject/4.0/guice-assistedinject-4.0.jar:/home/runner/.m2/repository/com/google/inject/extensions/guice-servlet/4.0/guice-servlet-4.0.jar:/home/runner/.m2/repository/org/glassfish/jersey/containers/jersey-container-servlet/2.33/jersey-container-servlet-2.33.jar:/home/runner/.m2/repository/org/glassfish/hk2/guice-bridge/2.5.0/guice-bridge-2.5.0.jar:/home/runner/.m2/repository/org/glassfish/jersey/core/jersey-server/2.33/jersey-server-2.33.jar:/home/runner/.m2/repository/org/glassfish/jersey/core/jersey-client/2.33/jersey-client-2.33.jar:/home/runner/.m2/repository/jakarta/annotation/jakarta.annotation-api/1.3.5/jakarta.annotation-api-1.3.5.jar:/home/runner/.m2/repository/jakarta/validation/jakarta.validation-api/2.0.2/jakarta.validation-api-2.0.2.jar:/home/runner/.m2/repository/org/glassfish/jersey/media/jersey-media-json-jackson/2.33/jersey-media-json-jackson-2.33.jar:/home/runner/.m2/repository/org/glassfish/jersey/ext/jersey-entity-filtering/2.33/jersey-entity-filtering-2.33.jar:/home/runner/.m2/repository/org/jooq/jooq/3.11.10/jooq-3.11.10.jar:/home/runner/.m2/repository/org/jooq/jooq-meta/3.11.10/jooq-meta-3.11.10.jar:/home/runner/.m2/repository/org/jooq/jooq-codegen/3.11.10/jooq-codegen-3.11.10.jar:/home/runner/.m2/repository/com/jolbox/bonecp/0.8.0.RELEASE/bonecp-0.8.0.RELEASE.jar:/home/runner/.m2/repository/org/apache/derby/derby/10.14.2.0/derby-10.14.2.0.jar:/home/runner/.m2/repository/org/xerial/sqlite-jdbc/3.25.2/sqlite-jdbc-3.25.2.jar:/home/runner/.m2/repository/org/springframework/spring-jdbc/5.2.11.RELEASE/spring-jdbc-5.2.11.RELEASE.jar:/home/runner/.m2/repository/org/springframework/spring-beans/5.2.11.RELEASE/spring-beans-5.2.11.RELEASE.jar:/home/runner/.m2/repository/org/springframework/spring-core/5.2.11.RELEASE/spring-core-5.2.11.RELEASE.jar:/home/runner/.m2/repository/org/springframework/spring-jcl/5.2.11.RELEASE/spring-jcl-5.2.11.RELEASE.jar:/home/runner/.m2/repository/org/springframework/spring-tx/5.2.11.RELEASE/spring-tx-5.2.11.RELEASE.jar:/home/runner/.m2/repository/org/apache/ozone/ozone-client/1.2.0-SNAPSHOT/ozone-client-1.2.0-SNAPSHOT.jar:/home/runner/.m2/repository/org/apache/ozone/ozone-filesystem/1.2.0-SNAPSHOT/ozone-filesystem-1.2.0-SNAPSHOT.jar:/home/runner/.m2/repository/org/apache/ozone/ozone-filesystem-common/1.2.0-SNAPSHOT/ozone-filesystem-common-1.2.0-SNAPSHOT.jar:/home/runner/.m2/repository/org/apache/ozone/ozone-tools/1.2.0-SNAPSHOT/ozone-tools-1.2.0-SNAPSHOT.jar:/home/runner/.m2/repository/org/apache/ratis/ratis-tools/2.1.0/ratis-tools-2.1.0.jar:/home/runner/.m2/repository/org/apache/ratis/ratis-proto/2.1.0/ratis-proto-2.1.0.jar:/home/runner/.m2/repository/org/apache/ratis/ratis-common/2.1.0/ratis-common-2.1.0.jar:/home/runner/.m2/repository/com/amazonaws/aws-java-sdk-core/1.11.901/aws-java-sdk-core-1.11.901.jar:/home/runner/.m2/repository/org/apache/httpcomponents/httpclient/4.5.13/httpclient-4.5.13.jar:/home/runner/.m2/repository/org/apache/httpcomponents/httpcore/4.4.13/httpcore-4.4.13.jar:/home/runner/.m2/repository/software/amazon/ion/ion-java/1.0.2/ion-java-1.0.2.jar:/home/runner/.m2/repository/com/fasterxml/jackson/dataformat/jackson-dataformat-cbor/2.12.1/jackson-dataformat-cbor-2.12.1.jar:/home/runner/.m2/repository/joda-time/joda-time/2.8.1/joda-time-2.8.1.jar:/home/runner/.m2/repository/com/amazonaws/aws-java-sdk-s3/1.11.901/aws-java-sdk-s3-1.11.901.jar:/home/runner/.m2/repository/com/amazonaws/aws-java-sdk-kms/1.11.901/aws-java-sdk-kms-1.11.901.jar:/home/runner/.m2/repository/com/amazonaws/jmespath-java/1.11.901/jmespath-java-1.11.901.jar:/home/runner/.m2/repository/org/kohsuke/metainf-services/metainf-services/1.8/metainf-services-1.8.jar:/home/runner/.m2/repository/org/apache/ozone/hdds-tools/1.2.0-SNAPSHOT/hdds-tools-1.2.0-SNAPSHOT.jar:/home/runner/.m2/repository/commons-cli/commons-cli/1.2/commons-cli-1.2.jar:/home/runner/.m2/repository/org/apache/commons/commons-lang3/3.7/commons-lang3-3.7.jar:/home/runner/.m2/repository/org/apache/ozone/ozone-manager/1.2.0-SNAPSHOT/ozone-manager-1.2.0-SNAPSHOT-tests.jar:/home/runner/.m2/repository/org/apache/ozone/hdds-common/1.2.0-SNAPSHOT/hdds-common-1.2.0-SNAPSHOT-tests.jar:/home/runner/.m2/repository/org/apache/ozone/hdds-hadoop-dependency-client/1.2.0-SNAPSHOT/hdds-hadoop-dependency-client-1.2.0-SNAPSHOT.jar:/home/runner/.m2/repository/info/picocli/picocli/4.4.0/picocli-4.4.0.jar:/home/runner/.m2/repository/com/fasterxml/jackson/core/jackson-annotations/2.12.1/jackson-annotations-2.12.1.jar:/home/runner/.m2/repository/javax/annotation/javax.annotation-api/1.2/javax.annotation-api-1.2.jar:/home/runner/.m2/repository/org/apache/ratis/ratis-server/2.1.0/ratis-server-2.1.0.jar:/home/runner/.m2/repository/org/apache/ratis/ratis-client/2.1.0/ratis-client-2.1.0.jar:/home/runner/.m2/repository/org/apache/ratis/ratis-server-api/2.1.0/ratis-server-api-2.1.0.jar:/home/runner/.m2/repository/org/apache/ratis/ratis-metrics/2.1.0/ratis-metrics-2.1.0.jar:/home/runner/.m2/repository/org/apache/ratis/ratis-netty/2.1.0/ratis-netty-2.1.0.jar:/home/runner/.m2/repository/org/apache/ratis/ratis-grpc/2.1.0/ratis-grpc-2.1.0.jar:/home/runner/.m2/repository/org/apache/logging/log4j/log4j-api/2.13.3/log4j-api-2.13.3.jar:/home/runner/.m2/repository/org/apache/logging/log4j/log4j-core/2.13.3/log4j-core-2.13.3.jar:/home/runner/.m2/repository/com/lmax/disruptor/3.4.2/disruptor-3.4.2.jar:/home/runner/.m2/repository/org/apache/commons/commons-pool2/2.6.0/commons-pool2-2.6.0.jar:/home/runner/.m2/repository/org/bouncycastle/bcpkix-jdk15on/1.67/bcpkix-jdk15on-1.67.jar:/home/runner/.m2/repository/commons-validator/commons-validator/1.6/commons-validator-1.6.jar:/home/runner/.m2/repository/commons-beanutils/commons-beanutils/1.9.4/commons-beanutils-1.9.4.jar:/home/runner/.m2/repository/commons-digester/commons-digester/1.8.1/commons-digester-1.8.1.jar:/home/runner/.m2/repository/commons-collections/commons-collections/3.2.2/commons-collections-3.2.2.jar:/home/runner/.m2/repository/io/jaegertracing/jaeger-client/1.6.0/jaeger-client-1.6.0.jar:/home/runner/.m2/repository/io/jaegertracing/jaeger-thrift/1.6.0/jaeger-thrift-1.6.0.jar:/home/runner/.m2/repository/org/apache/thrift/libthrift/0.14.1/libthrift-0.14.1.jar:/home/runner/.m2/repository/com/squareup/okhttp3/okhttp/4.9.0/okhttp-4.9.0.jar:/home/runner/.m2/repository/com/squareup/okio/okio/2.8.0/okio-2.8.0.jar:/home/runner/.m2/repository/io/jaegertracing/jaeger-core/1.6.0/jaeger-core-1.6.0.jar:/home/runner/.m2/repository/io/jaegertracing/jaeger-tracerresolver/1.6.0/jaeger-tracerresolver-1.6.0.jar:/home/runner/.m2/repository/io/opentracing/contrib/opentracing-tracerresolver/0.1.8/opentracing-tracerresolver-0.1.8.jar:/home/runner/.m2/repository/org/jetbrains/kotlin/kotlin-stdlib/1.4.31/kotlin-stdlib-1.4.31.jar:/home/runner/.m2/repository/org/jetbrains/kotlin/kotlin-stdlib-common/1.4.31/kotlin-stdlib-common-1.4.31.jar:/home/runner/.m2/repository/org/jetbrains/annotations/13.0/annotations-13.0.jar:/home/runner/.m2/repository/io/opentracing/opentracing-util/0.33.0/opentracing-util-0.33.0.jar:/home/runner/.m2/repository/io/opentracing/opentracing-api/0.33.0/opentracing-api-0.33.0.jar:/home/runner/.m2/repository/io/opentracing/opentracing-noop/0.33.0/opentracing-noop-0.33.0.jar:/home/runner/.m2/repository/org/yaml/snakeyaml/1.26/snakeyaml-1.26.jar:/home/runner/.m2/repository/org/apache/ozone/hdds-interface-admin/1.2.0-SNAPSHOT/hdds-interface-admin-1.2.0-SNAPSHOT.jar:/home/runner/.m2/repository/junit/junit/4.13.1/junit-4.13.1.jar:/home/runner/.m2/repository/org/hamcrest/hamcrest-core/1.3/hamcrest-core-1.3.jar:/home/runner/.m2/repository/org/junit/jupiter/junit-jupiter-api/5.7.0/junit-jupiter-api-5.7.0.jar:/home/runner/.m2/repository/org/apiguardian/apiguardian-api/1.1.0/apiguardian-api-1.1.0.jar:/home/runner/.m2/repository/org/opentest4j/opentest4j/1.2.0/opentest4j-1.2.0.jar:/home/runner/.m2/repository/org/junit/platform/junit-platform-commons/1.7.0/junit-platform-commons-1.7.0.jar:/home/runner/.m2/repository/org/junit/jupiter/junit-jupiter-engine/5.7.0/junit-jupiter-engine-5.7.0.jar:/home/runner/.m2/repository/org/junit/platform/junit-platform-engine/1.7.0/junit-platform-engine-1.7.0.jar:/home/runner/.m2/repository/org/junit/vintage/junit-vintage-engine/5.7.0/junit-vintage-engine-5.7.0.jar:/home/runner/.m2/repository/org/junit/platform/junit-platform-launcher/1.7.0/junit-platform-launcher-1.7.0.jar:/home/runner/.m2/repository/org/openjdk/jmh/jmh-core/1.19/jmh-core-1.19.jar:/home/runner/.m2/repository/net/sf/jopt-simple/jopt-simple/4.6/jopt-simple-4.6.jar:/home/runner/.m2/repository/org/apache/commons/commons-math3/3.1.1/commons-math3-3.1.1.jar:/home/runner/.m2/repository/org/openjdk/jmh/jmh-generator-annprocess/1.19/jmh-generator-annprocess-1.19.jar:/home/runner/.m2/repository/org/mockito/mockito-core/2.28.2/mockito-core-2.28.2.jar:/home/runner/.m2/repository/net/bytebuddy/byte-buddy/1.9.10/byte-buddy-1.9.10.jar:/home/runner/.m2/repository/net/bytebuddy/byte-buddy-agent/1.9.10/byte-buddy-agent-1.9.10.jar:/home/runner/.m2/repository/org/objenesis/objenesis/1.0/objenesis-1.0.jar:/home/runner/.m2/repository/org/apache/hadoop/hadoop-kms/3.3.1/hadoop-kms-3.3.1.jar:/home/runner/.m2/repository/org/apache/hadoop/hadoop-auth/3.3.1/hadoop-auth-3.3.1.jar:/home/runner/.m2/repository/com/nimbusds/nimbus-jose-jwt/7.9/nimbus-jose-jwt-7.9.jar:/home/runner/.m2/repository/com/github/stephenc/jcip/jcip-annotations/1.0-1/jcip-annotations-1.0-1.jar:/home/runner/.m2/repository/net/minidev/json-smart/2.3/json-smart-2.3.jar:/home/runner/.m2/repository/net/minidev/accessors-smart/1.2/accessors-smart-1.2.jar:/home/runner/.m2/repository/org/ow2/asm/asm/5.0.4/asm-5.0.4.jar:/home/runner/.m2/repository/org/apache/zookeeper/zookeeper/3.5.6/zookeeper-3.5.6.jar:/home/runner/.m2/repository/org/apache/zookeeper/zookeeper-jute/3.5.6/zookeeper-jute-3.5.6.jar:/home/runner/.m2/repository/org/apache/yetus/audience-annotations/0.5.0/audience-annotations-0.5.0.jar:/home/runner/.m2/repository/org/apache/curator/curator-framework/4.2.0/curator-framework-4.2.0.jar:/home/runner/.m2/repository/org/apache/hadoop/thirdparty/hadoop-shaded-guava/1.1.1/hadoop-shaded-guava-1.1.1.jar:/home/runner/.m2/repository/com/sun/jersey/jersey-core/1.19/jersey-core-1.19.jar:/home/runner/.m2/repository/javax/ws/rs/jsr311-api/1.1.1/jsr311-api-1.1.1.jar:/home/runner/.m2/repository/com/sun/jersey/jersey-server/1.19/jersey-server-1.19.jar:/home/runner/.m2/repository/javax/servlet/javax.servlet-api/3.1.0/javax.servlet-api-3.1.0.jar:/home/runner/.m2/repository/org/eclipse/jetty/jetty-server/9.4.35.v20201120/jetty-server-9.4.35.v20201120.jar:/home/runner/.m2/repository/org/eclipse/jetty/jetty-http/9.4.35.v20201120/jetty-http-9.4.35.v20201120.jar:/home/runner/.m2/repository/org/eclipse/jetty/jetty-io/9.4.35.v20201120/jetty-io-9.4.35.v20201120.jar:/home/runner/.m2/repository/org/eclipse/jetty/jetty-webapp/9.4.35.v20201120/jetty-webapp-9.4.35.v20201120.jar:/home/runner/.m2/repository/org/eclipse/jetty/jetty-xml/9.4.35.v20201120/jetty-xml-9.4.35.v20201120.jar:/home/runner/.m2/repository/org/apache/hadoop/hadoop-common/3.3.1/hadoop-common-3.3.1.jar:/home/runner/.m2/repository/commons-net/commons-net/3.6/commons-net-3.6.jar:/home/runner/.m2/repository/jakarta/activation/jakarta.activation-api/1.2.1/jakarta.activation-api-1.2.1.jar:/home/runner/.m2/repository/com/sun/jersey/jersey-servlet/1.19/jersey-servlet-1.19.jar:/home/runner/.m2/repository/com/sun/jersey/jersey-json/1.19/jersey-json-1.19.jar:/home/runner/.m2/repository/org/codehaus/jettison/jettison/1.1/jettison-1.1.jar:/home/runner/.m2/repository/com/sun/xml/bind/jaxb-impl/2.2.3-1/jaxb-impl-2.2.3-1.jar:/home/runner/.m2/repository/org/codehaus/jackson/jackson-jaxrs/1.9.2/jackson-jaxrs-1.9.2.jar:/home/runner/.m2/repository/org/codehaus/jackson/jackson-xc/1.9.2/jackson-xc-1.9.2.jar:/home/runner/.m2/repository/org/apache/commons/commons-configuration2/2.1.1/commons-configuration2-2.1.1.jar:/home/runner/.m2/repository/org/apache/commons/commons-text/1.4/commons-text-1.4.jar:/home/runner/.m2/repository/com/google/re2j/re2j/1.1/re2j-1.1.jar:/home/runner/.m2/repository/com/jcraft/jsch/0.1.54/jsch-0.1.54.jar:/home/runner/.m2/repository/org/apache/curator/curator-client/4.2.0/curator-client-4.2.0.jar:/home/runner/.m2/repository/org/apache/curator/curator-recipes/4.2.0/curator-recipes-4.2.0.jar:/home/runner/.m2/repository/org/apache/kerby/kerb-core/1.0.1/kerb-core-1.0.1.jar:/home/runner/.m2/repository/org/apache/kerby/kerby-pkix/1.0.1/kerby-pkix-1.0.1.jar:/home/runner/.m2/repository/org/apache/kerby/kerby-asn1/1.0.1/kerby-asn1-1.0.1.jar:/home/runner/.m2/repository/org/apache/kerby/kerby-util/1.0.1/kerby-util-1.0.1.jar:/home/runner/.m2/repository/dnsjava/dnsjava/2.1.7/dnsjava-2.1.7.jar:/home/runner/.m2/repository/org/xerial/snappy/snappy-java/1.1.8.2/snappy-java-1.1.8.2.jar:/home/runner/.m2/repository/org/slf4j/jul-to-slf4j/1.7.30/jul-to-slf4j-1.7.30.jar:/home/runner/.m2/repository/org/eclipse/jetty/jetty-util/9.4.35.v20201120/jetty-util-9.4.35.v20201120.jar:/home/runner/.m2/repository/com/fasterxml/jackson/core/jackson-databind/2.12.1/jackson-databind-2.12.1.jar:/home/runner/.m2/repository/org/apache/hadoop/hadoop-kms/3.3.1/hadoop-kms-3.3.1-tests.jar:/home/runner/.m2/repository/org/apache/ozone/hdds-server-scm/1.2.0-SNAPSHOT/hdds-server-scm-1.2.0-SNAPSHOT-tests.jar:/home/runner/.m2/repository/org/apache/ozone/hdds-container-service/1.2.0-SNAPSHOT/hdds-container-service-1.2.0-SNAPSHOT-tests.jar:/home/runner/.m2/repository/commons-codec/commons-codec/1.11/commons-codec-1.11.jar:/home/runner/.m2/repository/io/netty/netty-transport/4.1.63.Final/netty-transport-4.1.63.Final.jar:/home/runner/.m2/repository/io/netty/netty-resolver/4.1.63.Final/netty-resolver-4.1.63.Final.jar:/home/runner/.m2/repository/io/netty/netty-codec/4.1.63.Final/netty-codec-4.1.63.Final.jar:/home/runner/.m2/repository/io/netty/netty-handler/4.1.63.Final/netty-handler-4.1.63.Final.jar:/home/runner/.m2/repository/org/apache/ozone/hdds-hadoop-dependency-test/1.2.0-SNAPSHOT/hdds-hadoop-dependency-test-1.2.0-SNAPSHOT.jar:/home/runner/.m2/repository/org/apache/hadoop/hadoop-common/3.3.1/hadoop-common-3.3.1-tests.jar:/home/runner/.m2/repository/org/assertj/assertj-core/3.12.2/assertj-core-3.12.2.jar:/home/runner/.m2/repository/org/apache/hadoop/hadoop-hdfs/3.3.1/hadoop-hdfs-3.3.1-tests.jar:/home/runner/.m2/repository/org/eclipse/jetty/jetty-util-ajax/9.4.35.v20201120/jetty-util-ajax-9.4.35.v20201120.jar:/home/runner/.m2/repository/commons-daemon/commons-daemon/1.0.13/commons-daemon-1.0.13.jar:/home/runner/.m2/repository/io/netty/netty/3.10.6.Final/netty-3.10.6.Final.jar:/home/runner/.m2/repository/io/netty/netty-all/4.1.63.Final/netty-all-4.1.63.Final.jar:/home/runner/.m2/repository/org/apache/htrace/htrace-core4/4.1.0-incubating/htrace-core4-4.1.0-incubating.jar:/home/runner/.m2/repository/org/fusesource/leveldbjni/leveldbjni-all/1.8/leveldbjni-all-1.8.jar:/home/runner/.m2/repository/org/apache/hadoop/hadoop-distcp/3.3.1/hadoop-distcp-3.3.1.jar:/home/runner/.m2/repository/org/apache/hadoop/hadoop-mapreduce-client-jobclient/3.3.1/hadoop-mapreduce-client-jobclient-3.3.1.jar:/home/runner/.m2/repository/org/apache/hadoop/hadoop-mapreduce-client-common/3.3.1/hadoop-mapreduce-client-common-3.3.1.jar:/home/runner/.m2/repository/org/apache/hadoop/hadoop-yarn-common/3.3.1/hadoop-yarn-common-3.3.1.jar:/home/runner/.m2/repository/org/apache/hadoop/hadoop-yarn-api/3.3.1/hadoop-yarn-api-3.3.1.jar:/home/runner/.m2/repository/com/sun/jersey/jersey-client/1.19/jersey-client-1.19.jar:/home/runner/.m2/repository/com/sun/jersey/contribs/jersey-guice/1.19/jersey-guice-1.19.jar:/home/runner/.m2/repository/com/fasterxml/jackson/jaxrs/jackson-jaxrs-json-provider/2.12.1/jackson-jaxrs-json-provider-2.12.1.jar:/home/runner/.m2/repository/com/fasterxml/jackson/jaxrs/jackson-jaxrs-base/2.12.1/jackson-jaxrs-base-2.12.1.jar:/home/runner/.m2/repository/org/apache/hadoop/hadoop-yarn-client/3.3.1/hadoop-yarn-client-3.3.1.jar:/home/runner/.m2/repository/org/eclipse/jetty/websocket/websocket-client/9.4.40.v20210413/websocket-client-9.4.40.v20210413.jar:/home/runner/.m2/repository/org/eclipse/jetty/jetty-client/9.4.40.v20210413/jetty-client-9.4.40.v20210413.jar:/home/runner/.m2/repository/org/eclipse/jetty/websocket/websocket-common/9.4.40.v20210413/websocket-common-9.4.40.v20210413.jar:/home/runner/.m2/repository/org/eclipse/jetty/websocket/websocket-api/9.4.40.v20210413/websocket-api-9.4.40.v20210413.jar:/home/runner/.m2/repository/org/jline/jline/3.9.0/jline-3.9.0.jar:/home/runner/.m2/repository/org/apache/hadoop/hadoop-mapreduce-client-core/3.3.1/hadoop-mapreduce-client-core-3.3.1.jar:/home/runner/.m2/repository/org/apache/avro/avro/1.7.7/avro-1.7.7.jar:/home/runner/.m2/repository/org/codehaus/jackson/jackson-core-asl/1.9.13/jackson-core-asl-1.9.13.jar:/home/runner/.m2/repository/org/codehaus/jackson/jackson-mapper-asl/1.9.13/jackson-mapper-asl-1.9.13.jar:/home/runner/.m2/repository/com/thoughtworks/paranamer/paranamer/2.3/paranamer-2.3.jar:/home/runner/.m2/repository/org/apache/hadoop/hadoop-annotations/3.3.1/hadoop-annotations-3.3.1.jar:/usr/lib/jvm/adoptopenjdk-8-hotspot-amd64/jre/../lib/tools.jar:/home/runner/.m2/repository/org/apache/hadoop/hadoop-distcp/3.3.1/hadoop-distcp-3.3.1-tests.jar:"/>
    <property name="java.vm.vendor" value="AdoptOpenJDK"/>
    <property name="sun.arch.data.model" value="64"/>
    <property name="test.build.dir" value="/home/runner/work/ozone/ozone/mnt/ozone/hadoop-ozone/integration-test/target/test-dir"/>
    <property name="test.cache.data" value=""/>
    <property name="java.vendor.url" value="https://adoptopenjdk.net/"/>
    <property name="user.timezone" value=""/>
    <property name="java.vm.specification.version" value="1.8"/>
    <property name="os.name" value="Linux"/>
    <property name="test.build.data" value="/home/runner/work/ozone/ozone/mnt/ozone/hadoop-ozone/integration-test/target/test-dir"/>
    <property name="sun.java.launcher" value="SUN_STANDARD"/>
    <property name="sun.boot.library.path" value="/usr/lib/jvm/adoptopenjdk-8-hotspot-amd64/jre/lib/amd64"/>
    <property name="sun.java.command" value="/home/runner/work/ozone/ozone/mnt/ozone/hadoop-ozone/integration-test/target/surefire/surefirebooter1518669110121101510.jar /home/runner/work/ozone/ozone/mnt/ozone/hadoop-ozone/integration-test/target/surefire 2021-07-28T20-15-51_562-jvmRun1 surefire9003152737422297017tmp surefire_383580691396372258657tmp"/>
    <property name="surefire.test.class.path" value="/home/runner/work/ozone/ozone/mnt/ozone/hadoop-ozone/integration-test/target/test-classes:/home/runner/work/ozone/ozone/mnt/ozone/hadoop-ozone/integration-test/target/classes:/home/runner/.m2/repository/org/apache/ozone/ozone-common/1.2.0-SNAPSHOT/ozone-common-1.2.0-SNAPSHOT.jar:/home/runner/.m2/repository/org/apache/commons/commons-compress/1.20/commons-compress-1.20.jar:/home/runner/.m2/repository/org/apache/ozone/hdds-common/1.2.0-SNAPSHOT/hdds-common-1.2.0-SNAPSHOT.jar:/home/runner/.m2/repository/org/apache/ozone/hdds-client/1.2.0-SNAPSHOT/hdds-client-1.2.0-SNAPSHOT.jar:/home/runner/.m2/repository/org/apache/ozone/ozone-interface-client/1.2.0-SNAPSHOT/ozone-interface-client-1.2.0-SNAPSHOT.jar:/home/runner/.m2/repository/org/apache/ozone/hdds-server-framework/1.2.0-SNAPSHOT/hdds-server-framework-1.2.0-SNAPSHOT.jar:/home/runner/.m2/repository/org/apache/ozone/hdds-interface-server/1.2.0-SNAPSHOT/hdds-interface-server-1.2.0-SNAPSHOT.jar:/home/runner/.m2/repository/org/eclipse/jetty/jetty-servlet/9.4.35.v20201120/jetty-servlet-9.4.35.v20201120.jar:/home/runner/.m2/repository/org/eclipse/jetty/jetty-security/9.4.35.v20201120/jetty-security-9.4.35.v20201120.jar:/home/runner/.m2/repository/org/rocksdb/rocksdbjni/6.20.3/rocksdbjni-6.20.3.jar:/home/runner/.m2/repository/io/prometheus/simpleclient_dropwizard/0.7.0/simpleclient_dropwizard-0.7.0.jar:/home/runner/.m2/repository/io/prometheus/simpleclient/0.7.0/simpleclient-0.7.0.jar:/home/runner/.m2/repository/io/prometheus/simpleclient_common/0.7.0/simpleclient_common-0.7.0.jar:/home/runner/.m2/repository/com/fasterxml/jackson/datatype/jackson-datatype-jsr310/2.12.1/jackson-datatype-jsr310-2.12.1.jar:/home/runner/.m2/repository/org/apache/ozone/hdds-test-utils/1.2.0-SNAPSHOT/hdds-test-utils-1.2.0-SNAPSHOT.jar:/home/runner/.m2/repository/com/google/guava/guava/30.1.1-jre/guava-30.1.1-jre.jar:/home/runner/.m2/repository/com/google/guava/failureaccess/1.0.1/failureaccess-1.0.1.jar:/home/runner/.m2/repository/com/google/guava/listenablefuture/9999.0-empty-to-avoid-conflict-with-guava/listenablefuture-9999.0-empty-to-avoid-conflict-with-guava.jar:/home/runner/.m2/repository/com/google/code/findbugs/jsr305/3.0.0/jsr305-3.0.0.jar:/home/runner/.m2/repository/org/checkerframework/checker-qual/3.8.0/checker-qual-3.8.0.jar:/home/runner/.m2/repository/com/google/errorprone/error_prone_annotations/2.2.0/error_prone_annotations-2.2.0.jar:/home/runner/.m2/repository/com/google/j2objc/j2objc-annotations/1.3/j2objc-annotations-1.3.jar:/home/runner/.m2/repository/commons-io/commons-io/2.8.0/commons-io-2.8.0.jar:/home/runner/.m2/repository/commons-logging/commons-logging/1.2/commons-logging-1.2.jar:/home/runner/.m2/repository/log4j/log4j/1.2.17/log4j-1.2.17.jar:/home/runner/.m2/repository/org/slf4j/slf4j-api/1.7.30/slf4j-api-1.7.30.jar:/home/runner/.m2/repository/org/apache/ozone/hdds-server-scm/1.2.0-SNAPSHOT/hdds-server-scm-1.2.0-SNAPSHOT.jar:/home/runner/.m2/repository/org/apache/ozone/hdds-container-service/1.2.0-SNAPSHOT/hdds-container-service-1.2.0-SNAPSHOT.jar:/home/runner/.m2/repository/org/apache/ozone/hdds-hadoop-dependency-server/1.2.0-SNAPSHOT/hdds-hadoop-dependency-server-1.2.0-SNAPSHOT.jar:/home/runner/.m2/repository/org/apache/hadoop/hadoop-hdfs/3.3.1/hadoop-hdfs-3.3.1.jar:/home/runner/.m2/repository/io/dropwizard/metrics/metrics-core/3.2.4/metrics-core-3.2.4.jar:/home/runner/.m2/repository/org/apache/hadoop/hadoop-hdfs-client/3.3.1/hadoop-hdfs-client-3.3.1.jar:/home/runner/.m2/repository/org/bouncycastle/bcprov-jdk15on/1.67/bcprov-jdk15on-1.67.jar:/home/runner/.m2/repository/com/google/protobuf/protobuf-java/2.5.0/protobuf-java-2.5.0.jar:/home/runner/.m2/repository/org/apache/ozone/ozone-manager/1.2.0-SNAPSHOT/ozone-manager-1.2.0-SNAPSHOT.jar:/home/runner/.m2/repository/org/aspectj/aspectjrt/1.8.9/aspectjrt-1.8.9.jar:/home/runner/.m2/repository/org/aspectj/aspectjweaver/1.8.9/aspectjweaver-1.8.9.jar:/home/runner/.m2/repository/org/apache/ozone/hdds-interface-client/1.2.0-SNAPSHOT/hdds-interface-client-1.2.0-SNAPSHOT.jar:/home/runner/.m2/repository/org/apache/hadoop/thirdparty/hadoop-shaded-protobuf_3_7/1.1.1/hadoop-shaded-protobuf_3_7-1.1.1.jar:/home/runner/.m2/repository/org/apache/ratis/ratis-thirdparty-misc/0.7.0/ratis-thirdparty-misc-0.7.0.jar:/home/runner/.m2/repository/org/apache/ozone/ozone-interface-storage/1.2.0-SNAPSHOT/ozone-interface-storage-1.2.0-SNAPSHOT.jar:/home/runner/.m2/repository/org/reflections/reflections/0.9.11/reflections-0.9.11.jar:/home/runner/.m2/repository/org/apache/hadoop/hadoop-minikdc/3.3.1/hadoop-minikdc-3.3.1.jar:/home/runner/.m2/repository/org/apache/kerby/kerb-simplekdc/1.0.1/kerb-simplekdc-1.0.1.jar:/home/runner/.m2/repository/org/apache/kerby/kerb-client/1.0.1/kerb-client-1.0.1.jar:/home/runner/.m2/repository/org/apache/kerby/kerby-config/1.0.1/kerby-config-1.0.1.jar:/home/runner/.m2/repository/org/apache/kerby/kerb-common/1.0.1/kerb-common-1.0.1.jar:/home/runner/.m2/repository/org/apache/kerby/kerb-crypto/1.0.1/kerb-crypto-1.0.1.jar:/home/runner/.m2/repository/org/apache/kerby/kerb-util/1.0.1/kerb-util-1.0.1.jar:/home/runner/.m2/repository/org/apache/kerby/token-provider/1.0.1/token-provider-1.0.1.jar:/home/runner/.m2/repository/org/apache/kerby/kerb-admin/1.0.1/kerb-admin-1.0.1.jar:/home/runner/.m2/repository/org/apache/kerby/kerb-server/1.0.1/kerb-server-1.0.1.jar:/home/runner/.m2/repository/org/apache/kerby/kerb-identity/1.0.1/kerb-identity-1.0.1.jar:/home/runner/.m2/repository/org/apache/kerby/kerby-xdr/1.0.1/kerby-xdr-1.0.1.jar:/home/runner/.m2/repository/org/slf4j/slf4j-log4j12/1.7.30/slf4j-log4j12-1.7.30.jar:/home/runner/.m2/repository/org/apache/ozone/ozone-s3gateway/1.2.0-SNAPSHOT/ozone-s3gateway-1.2.0-SNAPSHOT.jar:/home/runner/.m2/repository/org/javassist/javassist/3.21.0-GA/javassist-3.21.0-GA.jar:/home/runner/.m2/repository/org/jboss/weld/servlet/weld-servlet/2.4.7.Final/weld-servlet-2.4.7.Final.jar:/home/runner/.m2/repository/org/glassfish/jersey/containers/jersey-container-servlet-core/2.33/jersey-container-servlet-core-2.33.jar:/home/runner/.m2/repository/org/glassfish/hk2/external/jakarta.inject/2.6.1/jakarta.inject-2.6.1.jar:/home/runner/.m2/repository/org/glassfish/jersey/core/jersey-common/2.33/jersey-common-2.33.jar:/home/runner/.m2/repository/jakarta/ws/rs/jakarta.ws.rs-api/2.1.6/jakarta.ws.rs-api-2.1.6.jar:/home/runner/.m2/repository/org/glassfish/jersey/ext/cdi/jersey-cdi1x/2.33/jersey-cdi1x-2.33.jar:/home/runner/.m2/repository/org/glassfish/jersey/inject/jersey-hk2/2.33/jersey-hk2-2.33.jar:/home/runner/.m2/repository/org/glassfish/hk2/hk2-locator/2.6.1/hk2-locator-2.6.1.jar:/home/runner/.m2/repository/org/glassfish/jersey/media/jersey-media-jaxb/2.33/jersey-media-jaxb-2.33.jar:/home/runner/.m2/repository/org/glassfish/hk2/osgi-resource-locator/1.0.3/osgi-resource-locator-1.0.3.jar:/home/runner/.m2/repository/org/glassfish/hk2/hk2-api/2.5.0/hk2-api-2.5.0.jar:/home/runner/.m2/repository/org/glassfish/hk2/hk2-utils/2.5.0/hk2-utils-2.5.0.jar:/home/runner/.m2/repository/org/glassfish/hk2/external/aopalliance-repackaged/2.5.0/aopalliance-repackaged-2.5.0.jar:/home/runner/.m2/repository/com/fasterxml/jackson/dataformat/jackson-dataformat-xml/2.12.1/jackson-dataformat-xml-2.12.1.jar:/home/runner/.m2/repository/com/fasterxml/jackson/core/jackson-core/2.12.1/jackson-core-2.12.1.jar:/home/runner/.m2/repository/com/fasterxml/jackson/module/jackson-module-jaxb-annotations/2.12.1/jackson-module-jaxb-annotations-2.12.1.jar:/home/runner/.m2/repository/jakarta/xml/bind/jakarta.xml.bind-api/2.3.2/jakarta.xml.bind-api-2.3.2.jar:/home/runner/.m2/repository/org/codehaus/woodstox/stax2-api/3.1.4/stax2-api-3.1.4.jar:/home/runner/.m2/repository/com/fasterxml/woodstox/woodstox-core/5.0.3/woodstox-core-5.0.3.jar:/home/runner/.m2/repository/javax/enterprise/cdi-api/1.2/cdi-api-1.2.jar:/home/runner/.m2/repository/javax/el/javax.el-api/3.0.0/javax.el-api-3.0.0.jar:/home/runner/.m2/repository/javax/interceptor/javax.interceptor-api/1.2/javax.interceptor-api-1.2.jar:/home/runner/.m2/repository/javax/inject/javax.inject/1/javax.inject-1.jar:/home/runner/.m2/repository/javax/xml/bind/jaxb-api/2.3.0/jaxb-api-2.3.0.jar:/home/runner/.m2/repository/org/glassfish/jaxb/jaxb-runtime/2.3.0.1/jaxb-runtime-2.3.0.1.jar:/home/runner/.m2/repository/org/glassfish/jaxb/jaxb-core/2.3.0.1/jaxb-core-2.3.0.1.jar:/home/runner/.m2/repository/org/glassfish/jaxb/txw2/2.3.0.1/txw2-2.3.0.1.jar:/home/runner/.m2/repository/com/sun/istack/istack-commons-runtime/3.0.5/istack-commons-runtime-3.0.5.jar:/home/runner/.m2/repository/org/jvnet/staxex/stax-ex/1.7.8/stax-ex-1.7.8.jar:/home/runner/.m2/repository/com/sun/xml/fastinfoset/FastInfoset/1.2.13/FastInfoset-1.2.13.jar:/home/runner/.m2/repository/javax/activation/activation/1.1.1/activation-1.1.1.jar:/home/runner/.m2/repository/org/apache/ozone/ozone-csi/1.2.0-SNAPSHOT/ozone-csi-1.2.0-SNAPSHOT.jar:/home/runner/.m2/repository/com/google/protobuf/protobuf-java-util/3.12.0/protobuf-java-util-3.12.0.jar:/home/runner/.m2/repository/com/google/code/gson/gson/2.2.4/gson-2.2.4.jar:/home/runner/.m2/repository/org/apache/ozone/hdds-config/1.2.0-SNAPSHOT/hdds-config-1.2.0-SNAPSHOT.jar:/home/runner/.m2/repository/io/grpc/grpc-netty/1.33.0/grpc-netty-1.33.0.jar:/home/runner/.m2/repository/io/grpc/grpc-core/1.33.0/grpc-core-1.33.0.jar:/home/runner/.m2/repository/com/google/android/annotations/4.1.1.4/annotations-4.1.1.4.jar:/home/runner/.m2/repository/io/netty/netty-codec-http2/4.1.63.Final/netty-codec-http2-4.1.63.Final.jar:/home/runner/.m2/repository/io/netty/netty-codec-http/4.1.63.Final/netty-codec-http-4.1.63.Final.jar:/home/runner/.m2/repository/io/netty/netty-handler-proxy/4.1.63.Final/netty-handler-proxy-4.1.63.Final.jar:/home/runner/.m2/repository/io/netty/netty-codec-socks/4.1.63.Final/netty-codec-socks-4.1.63.Final.jar:/home/runner/.m2/repository/io/perfmark/perfmark-api/0.19.0/perfmark-api-0.19.0.jar:/home/runner/.m2/repository/org/codehaus/mojo/animal-sniffer-annotations/1.18/animal-sniffer-annotations-1.18.jar:/home/runner/.m2/repository/io/netty/netty-transport-native-epoll/4.1.63.Final/netty-transport-native-epoll-4.1.63.Final.jar:/home/runner/.m2/repository/io/netty/netty-common/4.1.63.Final/netty-common-4.1.63.Final.jar:/home/runner/.m2/repository/io/netty/netty-buffer/4.1.63.Final/netty-buffer-4.1.63.Final.jar:/home/runner/.m2/repository/io/netty/netty-transport-native-unix-common/4.1.63.Final/netty-transport-native-unix-common-4.1.63.Final.jar:/home/runner/.m2/repository/io/grpc/grpc-protobuf/1.33.0/grpc-protobuf-1.33.0.jar:/home/runner/.m2/repository/io/grpc/grpc-api/1.33.0/grpc-api-1.33.0.jar:/home/runner/.m2/repository/io/grpc/grpc-context/1.33.0/grpc-context-1.33.0.jar:/home/runner/.m2/repository/com/google/api/grpc/proto-google-common-protos/1.17.0/proto-google-common-protos-1.17.0.jar:/home/runner/.m2/repository/io/grpc/grpc-protobuf-lite/1.33.0/grpc-protobuf-lite-1.33.0.jar:/home/runner/.m2/repository/io/grpc/grpc-stub/1.33.0/grpc-stub-1.33.0.jar:/home/runner/.m2/repository/org/apache/ozone/ozone-recon/1.2.0-SNAPSHOT/ozone-recon-1.2.0-SNAPSHOT.jar:/home/runner/.m2/repository/org/apache/ozone/ozone-reconcodegen/1.2.0-SNAPSHOT/ozone-reconcodegen-1.2.0-SNAPSHOT.jar:/home/runner/.m2/repository/com/google/inject/extensions/guice-multibindings/4.0/guice-multibindings-4.0.jar:/home/runner/.m2/repository/com/google/inject/guice/4.0/guice-4.0.jar:/home/runner/.m2/repository/aopalliance/aopalliance/1.0/aopalliance-1.0.jar:/home/runner/.m2/repository/com/google/inject/extensions/guice-assistedinject/4.0/guice-assistedinject-4.0.jar:/home/runner/.m2/repository/com/google/inject/extensions/guice-servlet/4.0/guice-servlet-4.0.jar:/home/runner/.m2/repository/org/glassfish/jersey/containers/jersey-container-servlet/2.33/jersey-container-servlet-2.33.jar:/home/runner/.m2/repository/org/glassfish/hk2/guice-bridge/2.5.0/guice-bridge-2.5.0.jar:/home/runner/.m2/repository/org/glassfish/jersey/core/jersey-server/2.33/jersey-server-2.33.jar:/home/runner/.m2/repository/org/glassfish/jersey/core/jersey-client/2.33/jersey-client-2.33.jar:/home/runner/.m2/repository/jakarta/annotation/jakarta.annotation-api/1.3.5/jakarta.annotation-api-1.3.5.jar:/home/runner/.m2/repository/jakarta/validation/jakarta.validation-api/2.0.2/jakarta.validation-api-2.0.2.jar:/home/runner/.m2/repository/org/glassfish/jersey/media/jersey-media-json-jackson/2.33/jersey-media-json-jackson-2.33.jar:/home/runner/.m2/repository/org/glassfish/jersey/ext/jersey-entity-filtering/2.33/jersey-entity-filtering-2.33.jar:/home/runner/.m2/repository/org/jooq/jooq/3.11.10/jooq-3.11.10.jar:/home/runner/.m2/repository/org/jooq/jooq-meta/3.11.10/jooq-meta-3.11.10.jar:/home/runner/.m2/repository/org/jooq/jooq-codegen/3.11.10/jooq-codegen-3.11.10.jar:/home/runner/.m2/repository/com/jolbox/bonecp/0.8.0.RELEASE/bonecp-0.8.0.RELEASE.jar:/home/runner/.m2/repository/org/apache/derby/derby/10.14.2.0/derby-10.14.2.0.jar:/home/runner/.m2/repository/org/xerial/sqlite-jdbc/3.25.2/sqlite-jdbc-3.25.2.jar:/home/runner/.m2/repository/org/springframework/spring-jdbc/5.2.11.RELEASE/spring-jdbc-5.2.11.RELEASE.jar:/home/runner/.m2/repository/org/springframework/spring-beans/5.2.11.RELEASE/spring-beans-5.2.11.RELEASE.jar:/home/runner/.m2/repository/org/springframework/spring-core/5.2.11.RELEASE/spring-core-5.2.11.RELEASE.jar:/home/runner/.m2/repository/org/springframework/spring-jcl/5.2.11.RELEASE/spring-jcl-5.2.11.RELEASE.jar:/home/runner/.m2/repository/org/springframework/spring-tx/5.2.11.RELEASE/spring-tx-5.2.11.RELEASE.jar:/home/runner/.m2/repository/org/apache/ozone/ozone-client/1.2.0-SNAPSHOT/ozone-client-1.2.0-SNAPSHOT.jar:/home/runner/.m2/repository/org/apache/ozone/ozone-filesystem/1.2.0-SNAPSHOT/ozone-filesystem-1.2.0-SNAPSHOT.jar:/home/runner/.m2/repository/org/apache/ozone/ozone-filesystem-common/1.2.0-SNAPSHOT/ozone-filesystem-common-1.2.0-SNAPSHOT.jar:/home/runner/.m2/repository/org/apache/ozone/ozone-tools/1.2.0-SNAPSHOT/ozone-tools-1.2.0-SNAPSHOT.jar:/home/runner/.m2/repository/org/apache/ratis/ratis-tools/2.1.0/ratis-tools-2.1.0.jar:/home/runner/.m2/repository/org/apache/ratis/ratis-proto/2.1.0/ratis-proto-2.1.0.jar:/home/runner/.m2/repository/org/apache/ratis/ratis-common/2.1.0/ratis-common-2.1.0.jar:/home/runner/.m2/repository/com/amazonaws/aws-java-sdk-core/1.11.901/aws-java-sdk-core-1.11.901.jar:/home/runner/.m2/repository/org/apache/httpcomponents/httpclient/4.5.13/httpclient-4.5.13.jar:/home/runner/.m2/repository/org/apache/httpcomponents/httpcore/4.4.13/httpcore-4.4.13.jar:/home/runner/.m2/repository/software/amazon/ion/ion-java/1.0.2/ion-java-1.0.2.jar:/home/runner/.m2/repository/com/fasterxml/jackson/dataformat/jackson-dataformat-cbor/2.12.1/jackson-dataformat-cbor-2.12.1.jar:/home/runner/.m2/repository/joda-time/joda-time/2.8.1/joda-time-2.8.1.jar:/home/runner/.m2/repository/com/amazonaws/aws-java-sdk-s3/1.11.901/aws-java-sdk-s3-1.11.901.jar:/home/runner/.m2/repository/com/amazonaws/aws-java-sdk-kms/1.11.901/aws-java-sdk-kms-1.11.901.jar:/home/runner/.m2/repository/com/amazonaws/jmespath-java/1.11.901/jmespath-java-1.11.901.jar:/home/runner/.m2/repository/org/kohsuke/metainf-services/metainf-services/1.8/metainf-services-1.8.jar:/home/runner/.m2/repository/org/apache/ozone/hdds-tools/1.2.0-SNAPSHOT/hdds-tools-1.2.0-SNAPSHOT.jar:/home/runner/.m2/repository/commons-cli/commons-cli/1.2/commons-cli-1.2.jar:/home/runner/.m2/repository/org/apache/commons/commons-lang3/3.7/commons-lang3-3.7.jar:/home/runner/.m2/repository/org/apache/ozone/ozone-manager/1.2.0-SNAPSHOT/ozone-manager-1.2.0-SNAPSHOT-tests.jar:/home/runner/.m2/repository/org/apache/ozone/hdds-common/1.2.0-SNAPSHOT/hdds-common-1.2.0-SNAPSHOT-tests.jar:/home/runner/.m2/repository/org/apache/ozone/hdds-hadoop-dependency-client/1.2.0-SNAPSHOT/hdds-hadoop-dependency-client-1.2.0-SNAPSHOT.jar:/home/runner/.m2/repository/info/picocli/picocli/4.4.0/picocli-4.4.0.jar:/home/runner/.m2/repository/com/fasterxml/jackson/core/jackson-annotations/2.12.1/jackson-annotations-2.12.1.jar:/home/runner/.m2/repository/javax/annotation/javax.annotation-api/1.2/javax.annotation-api-1.2.jar:/home/runner/.m2/repository/org/apache/ratis/ratis-server/2.1.0/ratis-server-2.1.0.jar:/home/runner/.m2/repository/org/apache/ratis/ratis-client/2.1.0/ratis-client-2.1.0.jar:/home/runner/.m2/repository/org/apache/ratis/ratis-server-api/2.1.0/ratis-server-api-2.1.0.jar:/home/runner/.m2/repository/org/apache/ratis/ratis-metrics/2.1.0/ratis-metrics-2.1.0.jar:/home/runner/.m2/repository/org/apache/ratis/ratis-netty/2.1.0/ratis-netty-2.1.0.jar:/home/runner/.m2/repository/org/apache/ratis/ratis-grpc/2.1.0/ratis-grpc-2.1.0.jar:/home/runner/.m2/repository/org/apache/logging/log4j/log4j-api/2.13.3/log4j-api-2.13.3.jar:/home/runner/.m2/repository/org/apache/logging/log4j/log4j-core/2.13.3/log4j-core-2.13.3.jar:/home/runner/.m2/repository/com/lmax/disruptor/3.4.2/disruptor-3.4.2.jar:/home/runner/.m2/repository/org/apache/commons/commons-pool2/2.6.0/commons-pool2-2.6.0.jar:/home/runner/.m2/repository/org/bouncycastle/bcpkix-jdk15on/1.67/bcpkix-jdk15on-1.67.jar:/home/runner/.m2/repository/commons-validator/commons-validator/1.6/commons-validator-1.6.jar:/home/runner/.m2/repository/commons-beanutils/commons-beanutils/1.9.4/commons-beanutils-1.9.4.jar:/home/runner/.m2/repository/commons-digester/commons-digester/1.8.1/commons-digester-1.8.1.jar:/home/runner/.m2/repository/commons-collections/commons-collections/3.2.2/commons-collections-3.2.2.jar:/home/runner/.m2/repository/io/jaegertracing/jaeger-client/1.6.0/jaeger-client-1.6.0.jar:/home/runner/.m2/repository/io/jaegertracing/jaeger-thrift/1.6.0/jaeger-thrift-1.6.0.jar:/home/runner/.m2/repository/org/apache/thrift/libthrift/0.14.1/libthrift-0.14.1.jar:/home/runner/.m2/repository/com/squareup/okhttp3/okhttp/4.9.0/okhttp-4.9.0.jar:/home/runner/.m2/repository/com/squareup/okio/okio/2.8.0/okio-2.8.0.jar:/home/runner/.m2/repository/io/jaegertracing/jaeger-core/1.6.0/jaeger-core-1.6.0.jar:/home/runner/.m2/repository/io/jaegertracing/jaeger-tracerresolver/1.6.0/jaeger-tracerresolver-1.6.0.jar:/home/runner/.m2/repository/io/opentracing/contrib/opentracing-tracerresolver/0.1.8/opentracing-tracerresolver-0.1.8.jar:/home/runner/.m2/repository/org/jetbrains/kotlin/kotlin-stdlib/1.4.31/kotlin-stdlib-1.4.31.jar:/home/runner/.m2/repository/org/jetbrains/kotlin/kotlin-stdlib-common/1.4.31/kotlin-stdlib-common-1.4.31.jar:/home/runner/.m2/repository/org/jetbrains/annotations/13.0/annotations-13.0.jar:/home/runner/.m2/repository/io/opentracing/opentracing-util/0.33.0/opentracing-util-0.33.0.jar:/home/runner/.m2/repository/io/opentracing/opentracing-api/0.33.0/opentracing-api-0.33.0.jar:/home/runner/.m2/repository/io/opentracing/opentracing-noop/0.33.0/opentracing-noop-0.33.0.jar:/home/runner/.m2/repository/org/yaml/snakeyaml/1.26/snakeyaml-1.26.jar:/home/runner/.m2/repository/org/apache/ozone/hdds-interface-admin/1.2.0-SNAPSHOT/hdds-interface-admin-1.2.0-SNAPSHOT.jar:/home/runner/.m2/repository/junit/junit/4.13.1/junit-4.13.1.jar:/home/runner/.m2/repository/org/hamcrest/hamcrest-core/1.3/hamcrest-core-1.3.jar:/home/runner/.m2/repository/org/junit/jupiter/junit-jupiter-api/5.7.0/junit-jupiter-api-5.7.0.jar:/home/runner/.m2/repository/org/apiguardian/apiguardian-api/1.1.0/apiguardian-api-1.1.0.jar:/home/runner/.m2/repository/org/opentest4j/opentest4j/1.2.0/opentest4j-1.2.0.jar:/home/runner/.m2/repository/org/junit/platform/junit-platform-commons/1.7.0/junit-platform-commons-1.7.0.jar:/home/runner/.m2/repository/org/junit/jupiter/junit-jupiter-engine/5.7.0/junit-jupiter-engine-5.7.0.jar:/home/runner/.m2/repository/org/junit/platform/junit-platform-engine/1.7.0/junit-platform-engine-1.7.0.jar:/home/runner/.m2/repository/org/junit/vintage/junit-vintage-engine/5.7.0/junit-vintage-engine-5.7.0.jar:/home/runner/.m2/repository/org/junit/platform/junit-platform-launcher/1.7.0/junit-platform-launcher-1.7.0.jar:/home/runner/.m2/repository/org/openjdk/jmh/jmh-core/1.19/jmh-core-1.19.jar:/home/runner/.m2/repository/net/sf/jopt-simple/jopt-simple/4.6/jopt-simple-4.6.jar:/home/runner/.m2/repository/org/apache/commons/commons-math3/3.1.1/commons-math3-3.1.1.jar:/home/runner/.m2/repository/org/openjdk/jmh/jmh-generator-annprocess/1.19/jmh-generator-annprocess-1.19.jar:/home/runner/.m2/repository/org/mockito/mockito-core/2.28.2/mockito-core-2.28.2.jar:/home/runner/.m2/repository/net/bytebuddy/byte-buddy/1.9.10/byte-buddy-1.9.10.jar:/home/runner/.m2/repository/net/bytebuddy/byte-buddy-agent/1.9.10/byte-buddy-agent-1.9.10.jar:/home/runner/.m2/repository/org/objenesis/objenesis/1.0/objenesis-1.0.jar:/home/runner/.m2/repository/org/apache/hadoop/hadoop-kms/3.3.1/hadoop-kms-3.3.1.jar:/home/runner/.m2/repository/org/apache/hadoop/hadoop-auth/3.3.1/hadoop-auth-3.3.1.jar:/home/runner/.m2/repository/com/nimbusds/nimbus-jose-jwt/7.9/nimbus-jose-jwt-7.9.jar:/home/runner/.m2/repository/com/github/stephenc/jcip/jcip-annotations/1.0-1/jcip-annotations-1.0-1.jar:/home/runner/.m2/repository/net/minidev/json-smart/2.3/json-smart-2.3.jar:/home/runner/.m2/repository/net/minidev/accessors-smart/1.2/accessors-smart-1.2.jar:/home/runner/.m2/repository/org/ow2/asm/asm/5.0.4/asm-5.0.4.jar:/home/runner/.m2/repository/org/apache/zookeeper/zookeeper/3.5.6/zookeeper-3.5.6.jar:/home/runner/.m2/repository/org/apache/zookeeper/zookeeper-jute/3.5.6/zookeeper-jute-3.5.6.jar:/home/runner/.m2/repository/org/apache/yetus/audience-annotations/0.5.0/audience-annotations-0.5.0.jar:/home/runner/.m2/repository/org/apache/curator/curator-framework/4.2.0/curator-framework-4.2.0.jar:/home/runner/.m2/repository/org/apache/hadoop/thirdparty/hadoop-shaded-guava/1.1.1/hadoop-shaded-guava-1.1.1.jar:/home/runner/.m2/repository/com/sun/jersey/jersey-core/1.19/jersey-core-1.19.jar:/home/runner/.m2/repository/javax/ws/rs/jsr311-api/1.1.1/jsr311-api-1.1.1.jar:/home/runner/.m2/repository/com/sun/jersey/jersey-server/1.19/jersey-server-1.19.jar:/home/runner/.m2/repository/javax/servlet/javax.servlet-api/3.1.0/javax.servlet-api-3.1.0.jar:/home/runner/.m2/repository/org/eclipse/jetty/jetty-server/9.4.35.v20201120/jetty-server-9.4.35.v20201120.jar:/home/runner/.m2/repository/org/eclipse/jetty/jetty-http/9.4.35.v20201120/jetty-http-9.4.35.v20201120.jar:/home/runner/.m2/repository/org/eclipse/jetty/jetty-io/9.4.35.v20201120/jetty-io-9.4.35.v20201120.jar:/home/runner/.m2/repository/org/eclipse/jetty/jetty-webapp/9.4.35.v20201120/jetty-webapp-9.4.35.v20201120.jar:/home/runner/.m2/repository/org/eclipse/jetty/jetty-xml/9.4.35.v20201120/jetty-xml-9.4.35.v20201120.jar:/home/runner/.m2/repository/org/apache/hadoop/hadoop-common/3.3.1/hadoop-common-3.3.1.jar:/home/runner/.m2/repository/commons-net/commons-net/3.6/commons-net-3.6.jar:/home/runner/.m2/repository/jakarta/activation/jakarta.activation-api/1.2.1/jakarta.activation-api-1.2.1.jar:/home/runner/.m2/repository/com/sun/jersey/jersey-servlet/1.19/jersey-servlet-1.19.jar:/home/runner/.m2/repository/com/sun/jersey/jersey-json/1.19/jersey-json-1.19.jar:/home/runner/.m2/repository/org/codehaus/jettison/jettison/1.1/jettison-1.1.jar:/home/runner/.m2/repository/com/sun/xml/bind/jaxb-impl/2.2.3-1/jaxb-impl-2.2.3-1.jar:/home/runner/.m2/repository/org/codehaus/jackson/jackson-jaxrs/1.9.2/jackson-jaxrs-1.9.2.jar:/home/runner/.m2/repository/org/codehaus/jackson/jackson-xc/1.9.2/jackson-xc-1.9.2.jar:/home/runner/.m2/repository/org/apache/commons/commons-configuration2/2.1.1/commons-configuration2-2.1.1.jar:/home/runner/.m2/repository/org/apache/commons/commons-text/1.4/commons-text-1.4.jar:/home/runner/.m2/repository/com/google/re2j/re2j/1.1/re2j-1.1.jar:/home/runner/.m2/repository/com/jcraft/jsch/0.1.54/jsch-0.1.54.jar:/home/runner/.m2/repository/org/apache/curator/curator-client/4.2.0/curator-client-4.2.0.jar:/home/runner/.m2/repository/org/apache/curator/curator-recipes/4.2.0/curator-recipes-4.2.0.jar:/home/runner/.m2/repository/org/apache/kerby/kerb-core/1.0.1/kerb-core-1.0.1.jar:/home/runner/.m2/repository/org/apache/kerby/kerby-pkix/1.0.1/kerby-pkix-1.0.1.jar:/home/runner/.m2/repository/org/apache/kerby/kerby-asn1/1.0.1/kerby-asn1-1.0.1.jar:/home/runner/.m2/repository/org/apache/kerby/kerby-util/1.0.1/kerby-util-1.0.1.jar:/home/runner/.m2/repository/dnsjava/dnsjava/2.1.7/dnsjava-2.1.7.jar:/home/runner/.m2/repository/org/xerial/snappy/snappy-java/1.1.8.2/snappy-java-1.1.8.2.jar:/home/runner/.m2/repository/org/slf4j/jul-to-slf4j/1.7.30/jul-to-slf4j-1.7.30.jar:/home/runner/.m2/repository/org/eclipse/jetty/jetty-util/9.4.35.v20201120/jetty-util-9.4.35.v20201120.jar:/home/runner/.m2/repository/com/fasterxml/jackson/core/jackson-databind/2.12.1/jackson-databind-2.12.1.jar:/home/runner/.m2/repository/org/apache/hadoop/hadoop-kms/3.3.1/hadoop-kms-3.3.1-tests.jar:/home/runner/.m2/repository/org/apache/ozone/hdds-server-scm/1.2.0-SNAPSHOT/hdds-server-scm-1.2.0-SNAPSHOT-tests.jar:/home/runner/.m2/repository/org/apache/ozone/hdds-container-service/1.2.0-SNAPSHOT/hdds-container-service-1.2.0-SNAPSHOT-tests.jar:/home/runner/.m2/repository/commons-codec/commons-codec/1.11/commons-codec-1.11.jar:/home/runner/.m2/repository/io/netty/netty-transport/4.1.63.Final/netty-transport-4.1.63.Final.jar:/home/runner/.m2/repository/io/netty/netty-resolver/4.1.63.Final/netty-resolver-4.1.63.Final.jar:/home/runner/.m2/repository/io/netty/netty-codec/4.1.63.Final/netty-codec-4.1.63.Final.jar:/home/runner/.m2/repository/io/netty/netty-handler/4.1.63.Final/netty-handler-4.1.63.Final.jar:/home/runner/.m2/repository/org/apache/ozone/hdds-hadoop-dependency-test/1.2.0-SNAPSHOT/hdds-hadoop-dependency-test-1.2.0-SNAPSHOT.jar:/home/runner/.m2/repository/org/apache/hadoop/hadoop-common/3.3.1/hadoop-common-3.3.1-tests.jar:/home/runner/.m2/repository/org/assertj/assertj-core/3.12.2/assertj-core-3.12.2.jar:/home/runner/.m2/repository/org/apache/hadoop/hadoop-hdfs/3.3.1/hadoop-hdfs-3.3.1-tests.jar:/home/runner/.m2/repository/org/eclipse/jetty/jetty-util-ajax/9.4.35.v20201120/jetty-util-ajax-9.4.35.v20201120.jar:/home/runner/.m2/repository/commons-daemon/commons-daemon/1.0.13/commons-daemon-1.0.13.jar:/home/runner/.m2/repository/io/netty/netty/3.10.6.Final/netty-3.10.6.Final.jar:/home/runner/.m2/repository/io/netty/netty-all/4.1.63.Final/netty-all-4.1.63.Final.jar:/home/runner/.m2/repository/org/apache/htrace/htrace-core4/4.1.0-incubating/htrace-core4-4.1.0-incubating.jar:/home/runner/.m2/repository/org/fusesource/leveldbjni/leveldbjni-all/1.8/leveldbjni-all-1.8.jar:/home/runner/.m2/repository/org/apache/hadoop/hadoop-distcp/3.3.1/hadoop-distcp-3.3.1.jar:/home/runner/.m2/repository/org/apache/hadoop/hadoop-mapreduce-client-jobclient/3.3.1/hadoop-mapreduce-client-jobclient-3.3.1.jar:/home/runner/.m2/repository/org/apache/hadoop/hadoop-mapreduce-client-common/3.3.1/hadoop-mapreduce-client-common-3.3.1.jar:/home/runner/.m2/repository/org/apache/hadoop/hadoop-yarn-common/3.3.1/hadoop-yarn-common-3.3.1.jar:/home/runner/.m2/repository/org/apache/hadoop/hadoop-yarn-api/3.3.1/hadoop-yarn-api-3.3.1.jar:/home/runner/.m2/repository/com/sun/jersey/jersey-client/1.19/jersey-client-1.19.jar:/home/runner/.m2/repository/com/sun/jersey/contribs/jersey-guice/1.19/jersey-guice-1.19.jar:/home/runner/.m2/repository/com/fasterxml/jackson/jaxrs/jackson-jaxrs-json-provider/2.12.1/jackson-jaxrs-json-provider-2.12.1.jar:/home/runner/.m2/repository/com/fasterxml/jackson/jaxrs/jackson-jaxrs-base/2.12.1/jackson-jaxrs-base-2.12.1.jar:/home/runner/.m2/repository/org/apache/hadoop/hadoop-yarn-client/3.3.1/hadoop-yarn-client-3.3.1.jar:/home/runner/.m2/repository/org/eclipse/jetty/websocket/websocket-client/9.4.40.v20210413/websocket-client-9.4.40.v20210413.jar:/home/runner/.m2/repository/org/eclipse/jetty/jetty-client/9.4.40.v20210413/jetty-client-9.4.40.v20210413.jar:/home/runner/.m2/repository/org/eclipse/jetty/websocket/websocket-common/9.4.40.v20210413/websocket-common-9.4.40.v20210413.jar:/home/runner/.m2/repository/org/eclipse/jetty/websocket/websocket-api/9.4.40.v20210413/websocket-api-9.4.40.v20210413.jar:/home/runner/.m2/repository/org/jline/jline/3.9.0/jline-3.9.0.jar:/home/runner/.m2/repository/org/apache/hadoop/hadoop-mapreduce-client-core/3.3.1/hadoop-mapreduce-client-core-3.3.1.jar:/home/runner/.m2/repository/org/apache/avro/avro/1.7.7/avro-1.7.7.jar:/home/runner/.m2/repository/org/codehaus/jackson/jackson-core-asl/1.9.13/jackson-core-asl-1.9.13.jar:/home/runner/.m2/repository/org/codehaus/jackson/jackson-mapper-asl/1.9.13/jackson-mapper-asl-1.9.13.jar:/home/runner/.m2/repository/com/thoughtworks/paranamer/paranamer/2.3/paranamer-2.3.jar:/home/runner/.m2/repository/org/apache/hadoop/hadoop-annotations/3.3.1/hadoop-annotations-3.3.1.jar:/usr/lib/jvm/adoptopenjdk-8-hotspot-amd64/jre/../lib/tools.jar:/home/runner/.m2/repository/org/apache/hadoop/hadoop-distcp/3.3.1/hadoop-distcp-3.3.1-tests.jar:"/>
    <property name="sun.cpu.endian" value="little"/>
    <property name="user.home" value="/home/runner"/>
    <property name="user.language" value="en"/>
    <property name="java.specification.vendor" value="Oracle Corporation"/>
    <property name="java.home" value="/usr/lib/jvm/adoptopenjdk-8-hotspot-amd64/jre"/>
    <property name="java.security.krb5.conf" value="/home/runner/work/ozone/ozone/mnt/ozone/hadoop-ozone/integration-test/target/test-classes/krb5.conf"/>
    <property name="basedir" value="/home/runner/work/ozone/ozone/mnt/ozone/hadoop-ozone/integration-test"/>
    <property name="file.separator" value="/"/>
    <property name="line.separator" value="&#10;"/>
    <property name="java.vm.specification.vendor" value="Oracle Corporation"/>
    <property name="java.specification.name" value="Java Platform API Specification"/>
    <property name="java.awt.graphicsenv" value="sun.awt.X11GraphicsEnvironment"/>
    <property name="skip.installnpx" value="true"/>
    <property name="surefire.real.class.path" value="/home/runner/work/ozone/ozone/mnt/ozone/hadoop-ozone/integration-test/target/surefire/surefirebooter1518669110121101510.jar:/home/runner/.m2/repository/org/jacoco/org.jacoco.agent/0.8.5/org.jacoco.agent-0.8.5-runtime.jar"/>
    <property name="hadoop.log.dir" value="/home/runner/work/ozone/ozone/mnt/ozone/hadoop-ozone/integration-test/target/log"/>
    <property name="sun.boot.class.path" value="/usr/lib/jvm/adoptopenjdk-8-hotspot-amd64/jre/lib/resources.jar:/usr/lib/jvm/adoptopenjdk-8-hotspot-amd64/jre/lib/rt.jar:/usr/lib/jvm/adoptopenjdk-8-hotspot-amd64/jre/lib/sunrsasign.jar:/usr/lib/jvm/adoptopenjdk-8-hotspot-amd64/jre/lib/jsse.jar:/usr/lib/jvm/adoptopenjdk-8-hotspot-amd64/jre/lib/jce.jar:/usr/lib/jvm/adoptopenjdk-8-hotspot-amd64/jre/lib/charsets.jar:/usr/lib/jvm/adoptopenjdk-8-hotspot-amd64/jre/lib/jfr.jar:/usr/lib/jvm/adoptopenjdk-8-hotspot-amd64/jre/classes"/>
    <property name="sun.management.compiler" value="HotSpot 64-Bit Tiered Compilers"/>
    <property name="skip.npx" value="true"/>
    <property name="java.runtime.version" value="1.8.0_292-b10"/>
    <property name="java.net.preferIPv4Stack" value="true"/>
    <property name="user.name" value="runner"/>
    <property name="path.separator" value=":"/>
    <property name="java.security.egd" value="file:///dev/urandom"/>
    <property name="os.version" value="5.4.0-1051-azure"/>
    <property name="java.endorsed.dirs" value="/usr/lib/jvm/adoptopenjdk-8-hotspot-amd64/jre/lib/endorsed"/>
    <property name="java.runtime.name" value="OpenJDK Runtime Environment"/>
    <property name="file.encoding" value="UTF-8"/>
    <property name="java.vm.name" value="OpenJDK 64-Bit Server VM"/>
    <property name="test.build.webapps" value=""/>
    <property name="localRepository" value="/home/runner/.m2/repository"/>
    <property name="java.vendor.url.bug" value="https://github.com/AdoptOpenJDK/openjdk-support/issues"/>
    <property name="java.io.tmpdir" value="/tmp"/>
    <property name="require.test.libhadoop" value=""/>
    <property name="java.version" value="1.8.0_292"/>
    <property name="user.dir" value="/home/runner/work/ozone/ozone/mnt/ozone/hadoop-ozone/integration-test"/>
    <property name="os.arch" value="amd64"/>
    <property name="java.vm.specification.name" value="Java Virtual Machine Specification"/>
    <property name="test.build.classes" value="/home/runner/work/ozone/ozone/mnt/ozone/hadoop-ozone/integration-test/target/test-classes"/>
    <property name="java.awt.printerjob" value="sun.print.PSPrinterJob"/>
    <property name="sun.os.patch.level" value="unknown"/>
    <property name="hadoop.tmp.dir" value="/home/runner/work/ozone/ozone/mnt/ozone/hadoop-ozone/integration-test/target/tmp"/>
    <property name="java.library.path" value="/usr/java/packages/lib/amd64:/usr/lib64:/lib64:/lib:/usr/lib"/>
    <property name="java.vm.info" value="mixed mode"/>
    <property name="java.vendor" value="AdoptOpenJDK"/>
    <property name="java.vm.version" value="25.292-b10"/>
    <property name="java.ext.dirs" value="/usr/lib/jvm/adoptopenjdk-8-hotspot-amd64/jre/lib/ext:/usr/java/packages/lib/ext"/>
    <property name="sun.io.unicode.encoding" value="UnicodeLittle"/>
    <property name="java.class.version" value="52.0"/>
  </properties>
  <testcase name="testBootstrapTwoNewOMs" classname="org.apache.hadoop.ozone.om.TestOzoneManagerBootstrap" time="42.606">
    <error message="Failed init RocksDB, db path : /home/runner/work/ozone/ozone/mnt/ozone/hadoop-ozone/integration-test/target/test-dir/MiniOzoneClusterImpl-78c7c17c-5238-474f-b89e-7e5468740183/omNode-bootstrap-1/om.db, exception :org.rocksdb.RocksDBException lock hold by current process, acquire time 1627506145 acquiring thread 139990690375424: /home/runner/work/ozone/ozone/mnt/ozone/hadoop-ozone/integration-test/target/test-dir/MiniOzoneClusterImpl-78c7c17c-5238-474f-b89e-7e5468740183/omNode-bootstrap-1/om.db/LOCK: No locks available; status : IOError; message : lock hold by current process, acquire time 1627506145 acquiring thread 139990690375424: /home/runner/work/ozone/ozone/mnt/ozone/hadoop-ozone/integration-test/target/test-dir/MiniOzoneClusterImpl-78c7c17c-5238-474f-b89e-7e5468740183/omNode-bootstrap-1/om.db/LOCK: No locks available" type="java.io.IOException"><![CDATA[java.io.IOException: Failed init RocksDB, db path : /home/runner/work/ozone/ozone/mnt/ozone/hadoop-ozone/integration-test/target/test-dir/MiniOzoneClusterImpl-78c7c17c-5238-474f-b89e-7e5468740183/omNode-bootstrap-1/om.db, exception :org.rocksdb.RocksDBException lock hold by current process, acquire time 1627506145 acquiring thread 139990690375424: /home/runner/work/ozone/ozone/mnt/ozone/hadoop-ozone/integration-test/target/test-dir/MiniOzoneClusterImpl-78c7c17c-5238-474f-b89e-7e5468740183/omNode-bootstrap-1/om.db/LOCK: No locks available; status : IOError; message : lock hold by current process, acquire time 1627506145 acquiring thread 139990690375424: /home/runner/work/ozone/ozone/mnt/ozone/hadoop-ozone/integration-test/target/test-dir/MiniOzoneClusterImpl-78c7c17c-5238-474f-b89e-7e5468740183/omNode-bootstrap-1/om.db/LOCK: No locks available
	at org.apache.hadoop.hdds.utils.HddsServerUtil.toIOException(HddsServerUtil.java:564)
	at org.apache.hadoop.hdds.utils.db.RDBStore.<init>(RDBStore.java:164)
	at org.apache.hadoop.hdds.utils.db.DBStoreBuilder.build(DBStoreBuilder.java:191)
	at org.apache.hadoop.ozone.om.OmMetadataManagerImpl.loadDB(OmMetadataManagerImpl.java:397)
	at org.apache.hadoop.ozone.om.OmMetadataManagerImpl.loadDB(OmMetadataManagerImpl.java:387)
	at org.apache.hadoop.ozone.om.OmMetadataManagerImpl.start(OmMetadataManagerImpl.java:379)
	at org.apache.hadoop.ozone.om.OmMetadataManagerImpl.<init>(OmMetadataManagerImpl.java:246)
	at org.apache.hadoop.ozone.om.OzoneManager.instantiateServices(OzoneManager.java:579)
	at org.apache.hadoop.ozone.om.OzoneManager.<init>(OzoneManager.java:503)
	at org.apache.hadoop.ozone.om.OzoneManager.createOm(OzoneManager.java:550)
	at org.apache.hadoop.ozone.MiniOzoneHAClusterImpl.bootstrapNewOM(MiniOzoneHAClusterImpl.java:791)
	at org.apache.hadoop.ozone.MiniOzoneHAClusterImpl.bootstrapOzoneManager(MiniOzoneHAClusterImpl.java:706)
	at org.apache.hadoop.ozone.om.TestOzoneManagerBootstrap.testBootstrapOMs(TestOzoneManagerBootstrap.java:156)
	at org.apache.hadoop.ozone.om.TestOzoneManagerBootstrap.testBootstrapTwoNewOMs(TestOzoneManagerBootstrap.java:180)
	at sun.reflect.NativeMethodAccessorImpl.invoke0(Native Method)
	at sun.reflect.NativeMethodAccessorImpl.invoke(NativeMethodAccessorImpl.java:62)
	at sun.reflect.DelegatingMethodAccessorImpl.invoke(DelegatingMethodAccessorImpl.java:43)
	at java.lang.reflect.Method.invoke(Method.java:498)
	at org.junit.runners.model.FrameworkMethod$1.runReflectiveCall(FrameworkMethod.java:59)
	at org.junit.internal.runners.model.ReflectiveCallable.run(ReflectiveCallable.java:12)
	at org.junit.runners.model.FrameworkMethod.invokeExplosively(FrameworkMethod.java:56)
	at org.junit.internal.runners.statements.InvokeMethod.evaluate(InvokeMethod.java:17)
	at org.junit.internal.runners.statements.RunAfters.evaluate(RunAfters.java:27)
	at org.junit.rules.ExpectedException$ExpectedExceptionStatement.evaluate(ExpectedException.java:258)
	at org.junit.internal.runners.statements.FailOnTimeout$CallableStatement.call(FailOnTimeout.java:288)
	at org.junit.internal.runners.statements.FailOnTimeout$CallableStatement.call(FailOnTimeout.java:282)
	at java.util.concurrent.FutureTask.run(FutureTask.java:266)
	at java.lang.Thread.run(Thread.java:748)
Caused by: org.rocksdb.RocksDBException: lock hold by current process, acquire time 1627506145 acquiring thread 139990690375424: /home/runner/work/ozone/ozone/mnt/ozone/hadoop-ozone/integration-test/target/test-dir/MiniOzoneClusterImpl-78c7c17c-5238-474f-b89e-7e5468740183/omNode-bootstrap-1/om.db/LOCK: No locks available
	at org.rocksdb.RocksDB.open(Native Method)
	at org.rocksdb.RocksDB.open(RocksDB.java:306)
	at org.apache.hadoop.hdds.utils.db.RDBStore.<init>(RDBStore.java:119)
	... 26 more
]]></error>
    <system-out><![CDATA[2021-07-28 21:01:55,667 [Time-limited test] WARN  server.ServerUtils (ServerUtils.java:getScmDbDir(148)) - ozone.scm.db.dirs is not configured. We recommend adding this setting. Falling back to ozone.metadata.dirs instead.
2021-07-28 21:01:55,704 [Time-limited test] INFO  ha.SCMHANodeDetails (SCMHANodeDetails.java:loadSCMHAConfig(157)) - ServiceID for StorageContainerManager is scmServiceId
2021-07-28 21:01:55,705 [Time-limited test] INFO  ha.SCMHANodeDetails (SCMHANodeDetails.java:loadSCMHAConfig(168)) - ServiceID for StorageContainerManager is scmServiceId
2021-07-28 21:01:55,771 [Time-limited test] INFO  ha.SCMHANodeDetails (SCMHANodeDetails.java:loadSCMHAConfig(250)) - Found matching SCM address with SCMServiceId: scmServiceId, SCMNodeId: scmNode-1, RPC Address: localhost:15140 and Ratis port: 15140
2021-07-28 21:01:55,772 [Time-limited test] INFO  ha.SCMHANodeDetails (ConfUtils.java:setNodeSpecificConfigs(108)) - Setting configuration key ozone.scm.datanode.address with value of key ozone.scm.datanode.address.scmServiceId.scmNode-1: 127.0.0.1:15141
2021-07-28 21:01:55,772 [Time-limited test] INFO  ha.SCMHANodeDetails (ConfUtils.java:setNodeSpecificConfigs(108)) - Setting configuration key ozone.scm.block.client.address with value of key ozone.scm.block.client.address.scmServiceId.scmNode-1: 127.0.0.1:15142
2021-07-28 21:01:55,772 [Time-limited test] INFO  ha.SCMHANodeDetails (ConfUtils.java:setNodeSpecificConfigs(108)) - Setting configuration key ozone.scm.client.address with value of key ozone.scm.client.address.scmServiceId.scmNode-1: 127.0.0.1:15143
2021-07-28 21:01:55,773 [Time-limited test] INFO  ha.SCMHANodeDetails (ConfUtils.java:setNodeSpecificConfigs(108)) - Setting configuration key ozone.scm.ratis.port with value of key ozone.scm.ratis.port.scmServiceId.scmNode-1: 15140
2021-07-28 21:01:55,773 [Time-limited test] INFO  ha.SCMHANodeDetails (ConfUtils.java:setNodeSpecificConfigs(108)) - Setting configuration key ozone.scm.grpc.port with value of key ozone.scm.grpc.port.scmServiceId.scmNode-1: 15144
2021-07-28 21:01:55,774 [Time-limited test] INFO  ha.SCMHANodeDetails (ConfUtils.java:setNodeSpecificConfigs(108)) - Setting configuration key ozone.scm.http-address with value of key ozone.scm.http-address.scmServiceId.scmNode-1: 127.0.0.1:15138
2021-07-28 21:01:55,774 [Time-limited test] INFO  ha.SCMHANodeDetails (ConfUtils.java:setNodeSpecificConfigs(108)) - Setting configuration key ozone.scm.https-address with value of key ozone.scm.https-address.scmServiceId.scmNode-1: 127.0.0.1:15139
2021-07-28 21:01:55,774 [Time-limited test] INFO  ha.SCMHANodeDetails (ConfUtils.java:setNodeSpecificConfigs(108)) - Setting configuration key ozone.scm.address with value of key ozone.scm.address.scmServiceId.scmNode-1: 127.0.0.1
2021-07-28 21:01:55,782 [Time-limited test] WARN  scm.ScmUtils (ScmUtils.java:logWarn(179)) - ConfigKey ozone.scm.block.client.address is deprecated, For configuring different ports for each SCM use PortConfigKey ozone.scm.block.client.port appended with serviceId and nodeId. If want to configure same port configure ozone.scm.block.client.port
2021-07-28 21:01:55,783 [Time-limited test] WARN  scm.ScmUtils (ScmUtils.java:logWarn(179)) - ConfigKey ozone.scm.client.address is deprecated, For configuring different ports for each SCM use PortConfigKey ozone.scm.client.port appended with serviceId and nodeId. If want to configure same port configure ozone.scm.client.port
2021-07-28 21:01:55,783 [Time-limited test] WARN  scm.ScmUtils (ScmUtils.java:logWarn(179)) - ConfigKey ozone.scm.datanode.address is deprecated, For configuring different ports for each SCM use PortConfigKey ozone.scm.datanode.port appended with serviceId and nodeId. If want to configure same port configure ozone.scm.datanode.port
2021-07-28 21:01:55,906 [Time-limited test] INFO  server.RaftServer (ConfUtils.java:logGet(44)) - raft.rpc.type = GRPC (default)
2021-07-28 21:01:55,969 [Time-limited test] INFO  grpc.GrpcFactory (GrpcFactory.java:checkPooledByteBufAllocatorUseCacheForAllThreads(48)) - PERFORMANCE WARNING: useCacheForAllThreads is true that may cause Netty to create a lot garbage objects and, as a result, trigger GC.
	It is recommended to disable useCacheForAllThreads by setting -Dorg.apache.ratis.thirdparty.io.netty.allocator.useCacheForAllThreads=false in command line.
2021-07-28 21:01:55,973 [Time-limited test] INFO  grpc.GrpcConfigKeys (ConfUtils.java:logGet(44)) - raft.grpc.admin.port = -1 (default)
2021-07-28 21:01:55,974 [Time-limited test] INFO  grpc.GrpcConfigKeys (ConfUtils.java:logGet(44)) - raft.grpc.server.port = 15140 (custom)
2021-07-28 21:01:55,975 [Time-limited test] INFO  grpc.GrpcConfigKeys (ConfUtils.java:logGet(44)) - raft.grpc.client.port = -1 (default)
2021-07-28 21:01:55,975 [Time-limited test] INFO  grpc.GrpcConfigKeys (ConfUtils.java:logGet(44)) - raft.grpc.server.port = 15140 (custom)
2021-07-28 21:01:55,975 [Time-limited test] INFO  grpc.GrpcConfigKeys (ConfUtils.java:logGet(44)) - raft.grpc.server.port = 15140 (custom)
2021-07-28 21:01:55,976 [Time-limited test] INFO  server.GrpcService (ConfUtils.java:logGet(44)) - raft.grpc.message.size.max = 32m (=33554432) (custom)
2021-07-28 21:01:55,977 [Time-limited test] INFO  server.RaftServerConfigKeys (ConfUtils.java:logGet(44)) - raft.server.log.appender.buffer.byte-limit = 33554432 (custom)
2021-07-28 21:01:55,978 [Time-limited test] INFO  server.GrpcService (ConfUtils.java:logGet(44)) - raft.grpc.flow.control.window = 1MB (=1048576) (default)
2021-07-28 21:01:55,979 [Time-limited test] INFO  server.RaftServerConfigKeys (ConfUtils.java:logGet(44)) - raft.server.rpc.request.timeout = 30000ms (custom)
2021-07-28 21:01:56,232 [Time-limited test] INFO  impl.DataStreamServerImpl (ConfUtils.java:logGet(44)) - raft.datastream.type = DISABLED (default)
2021-07-28 21:01:56,234 [Time-limited test] INFO  server.RaftServerConfigKeys (ConfUtils.java:logGet(44)) - raft.server.rpc.slowness.timeout = 120000ms (custom)
2021-07-28 21:01:56,235 [Time-limited test] INFO  server.RaftServerConfigKeys (ConfUtils.java:logGet(44)) - raft.server.leaderelection.leader.step-down.wait-time = 10s (default)
2021-07-28 21:01:56,245 [Time-limited test] INFO  server.RaftServerConfigKeys (ConfUtils.java:logGet(44)) - raft.server.storage.dir = [/home/runner/work/ozone/ozone/mnt/ozone/hadoop-ozone/integration-test/target/test-dir/MiniOzoneClusterImpl-78c7c17c-5238-474f-b89e-7e5468740183/scmNode-1/scm-ha] (custom)
2021-07-28 21:01:56,250 [Time-limited test] INFO  server.RaftServer (RaftServerProxy.java:addNew(95)) - 9f4ed4a1-d4cd-462e-b2c8-34d167a020c3: addNew group-7E5468740183:[9f4ed4a1-d4cd-462e-b2c8-34d167a020c3|rpc:localhost:15140|priority:0] returns group-7E5468740183:java.util.concurrent.CompletableFuture@19a9779e[Not completed]
2021-07-28 21:01:56,268 [pool-1-thread-1] INFO  server.RaftServer$Division (RaftServerImpl.java:<init>(181)) - 9f4ed4a1-d4cd-462e-b2c8-34d167a020c3: new RaftServerImpl for group-7E5468740183:[9f4ed4a1-d4cd-462e-b2c8-34d167a020c3|rpc:localhost:15140|priority:0] with SCMStateMachine:uninitialized
2021-07-28 21:01:56,270 [pool-1-thread-1] INFO  server.RaftServerConfigKeys (ConfUtils.java:logGet(44)) - raft.server.rpc.timeout.min = 5000ms (custom)
2021-07-28 21:01:56,270 [pool-1-thread-1] INFO  server.RaftServerConfigKeys (ConfUtils.java:logGet(44)) - raft.server.rpc.timeout.max = 5200ms (custom)
2021-07-28 21:01:56,270 [pool-1-thread-1] INFO  server.RaftServerConfigKeys (ConfUtils.java:logGet(44)) - raft.server.rpc.sleep.time = 25ms (default)
2021-07-28 21:01:56,270 [pool-1-thread-1] INFO  server.RaftServerConfigKeys (ConfUtils.java:logGet(44)) - raft.server.rpc.slowness.timeout = 120000ms (custom)
2021-07-28 21:01:56,270 [pool-1-thread-1] INFO  server.RaftServerConfigKeys (ConfUtils.java:logGet(44)) - raft.server.leaderelection.leader.step-down.wait-time = 10s (default)
2021-07-28 21:01:56,271 [pool-1-thread-1] INFO  server.RaftServerConfigKeys (ConfUtils.java:logGet(44)) - raft.server.sleep.deviation.threshold = 300ms (default)
2021-07-28 21:01:56,271 [pool-1-thread-1] INFO  server.RaftServerConfigKeys (ConfUtils.java:logGet(44)) - raft.server.log.appender.install.snapshot.enabled = false (custom)
2021-07-28 21:01:56,276 [pool-1-thread-1] INFO  server.RaftServer$Division (ServerState.java:<init>(105)) - 9f4ed4a1-d4cd-462e-b2c8-34d167a020c3@group-7E5468740183: ConfigurationManager, init=-1: [9f4ed4a1-d4cd-462e-b2c8-34d167a020c3|rpc:localhost:15140|priority:0], old=null, confs=<EMPTY_MAP>
2021-07-28 21:01:56,276 [pool-1-thread-1] INFO  server.RaftServerConfigKeys (ConfUtils.java:logGet(44)) - raft.server.storage.dir = [/home/runner/work/ozone/ozone/mnt/ozone/hadoop-ozone/integration-test/target/test-dir/MiniOzoneClusterImpl-78c7c17c-5238-474f-b89e-7e5468740183/scmNode-1/scm-ha] (custom)
2021-07-28 21:01:56,280 [pool-1-thread-1] INFO  server.RaftServerConfigKeys (ConfUtils.java:logGet(44)) - raft.server.log.corruption.policy = EXCEPTION (default)
2021-07-28 21:01:56,280 [pool-1-thread-1] INFO  server.RaftServerConfigKeys (ConfUtils.java:logGet(44)) - raft.server.storage.free-space.min = 0MB (=0) (default)
2021-07-28 21:01:56,282 [pool-1-thread-1] INFO  storage.RaftStorageDirectory (RaftStorageDirectoryImpl.java:analyzeStorage(135)) - The storage directory /home/runner/work/ozone/ozone/mnt/ozone/hadoop-ozone/integration-test/target/test-dir/MiniOzoneClusterImpl-78c7c17c-5238-474f-b89e-7e5468740183/scmNode-1/scm-ha/78c7c17c-5238-474f-b89e-7e5468740183 does not exist. Creating ...
2021-07-28 21:01:56,286 [pool-1-thread-1] INFO  storage.RaftStorageDirectory (RaftStorageDirectoryImpl.java:tryLock(230)) - Lock on /home/runner/work/ozone/ozone/mnt/ozone/hadoop-ozone/integration-test/target/test-dir/MiniOzoneClusterImpl-78c7c17c-5238-474f-b89e-7e5468740183/scmNode-1/scm-ha/78c7c17c-5238-474f-b89e-7e5468740183/in_use.lock acquired by nodename 11863@fv-az151-48
2021-07-28 21:01:56,292 [pool-1-thread-1] INFO  storage.RaftStorage (RaftStorageImpl.java:format(89)) - Storage directory /home/runner/work/ozone/ozone/mnt/ozone/hadoop-ozone/integration-test/target/test-dir/MiniOzoneClusterImpl-78c7c17c-5238-474f-b89e-7e5468740183/scmNode-1/scm-ha/78c7c17c-5238-474f-b89e-7e5468740183 has been successfully formatted.
2021-07-28 21:01:56,294 [pool-1-thread-1] INFO  server.RaftServerConfigKeys (ConfUtils.java:logGet(44)) - raft.server.notification.no-leader.timeout = 60s (default)
2021-07-28 21:01:56,296 [pool-1-thread-1] INFO  server.RaftServerConfigKeys (ConfUtils.java:logGet(44)) - raft.server.log.use.memory = false (default)
2021-07-28 21:01:56,303 [pool-1-thread-1] INFO  server.RaftServerConfigKeys (ConfUtils.java:logGet(44)) - raft.server.log.purge.gap = 1000000 (custom)
2021-07-28 21:01:56,303 [pool-1-thread-1] INFO  server.RaftServerConfigKeys (ConfUtils.java:logGet(44)) - raft.server.log.appender.buffer.byte-limit = 33554432 (custom)
2021-07-28 21:01:56,310 [pool-1-thread-1] INFO  metrics.MetricRegistries (MetricRegistriesLoader.java:load(64)) - Loaded MetricRegistries class org.apache.ratis.metrics.impl.MetricRegistriesImpl
2021-07-28 21:01:56,357 [pool-1-thread-1] INFO  server.RaftServerConfigKeys (ConfUtils.java:logGet(44)) - raft.server.log.segment.size.max = 16384 (custom)
2021-07-28 21:01:56,364 [pool-1-thread-1] INFO  server.RaftServerConfigKeys (ConfUtils.java:logGet(44)) - raft.server.log.segment.cache.num.max = 2 (custom)
2021-07-28 21:01:56,365 [pool-1-thread-1] INFO  server.RaftServerConfigKeys (ConfUtils.java:logGet(44)) - raft.server.log.segment.cache.size.max = 200MB (=209715200) (default)
2021-07-28 21:01:56,369 [pool-1-thread-1] INFO  segmented.SegmentedRaftLogWorker (SegmentedRaftLogWorker.java:<init>(182)) - new 9f4ed4a1-d4cd-462e-b2c8-34d167a020c3@group-7E5468740183-SegmentedRaftLogWorker for RaftStorageImpl:Storage Directory /home/runner/work/ozone/ozone/mnt/ozone/hadoop-ozone/integration-test/target/test-dir/MiniOzoneClusterImpl-78c7c17c-5238-474f-b89e-7e5468740183/scmNode-1/scm-ha/78c7c17c-5238-474f-b89e-7e5468740183
2021-07-28 21:01:56,370 [pool-1-thread-1] INFO  server.RaftServerConfigKeys (ConfUtils.java:logGet(44)) - raft.server.log.queue.byte-limit = 64MB (=67108864) (default)
2021-07-28 21:01:56,370 [pool-1-thread-1] INFO  server.RaftServerConfigKeys (ConfUtils.java:logGet(44)) - raft.server.log.queue.element-limit = 4096 (default)
2021-07-28 21:01:56,371 [pool-1-thread-1] INFO  server.RaftServerConfigKeys (ConfUtils.java:logGet(44)) - raft.server.log.segment.size.max = 16384 (custom)
2021-07-28 21:01:56,371 [pool-1-thread-1] INFO  server.RaftServerConfigKeys (ConfUtils.java:logGet(44)) - raft.server.log.preallocated.size = 16384 (custom)
2021-07-28 21:01:56,372 [pool-1-thread-1] INFO  server.RaftServerConfigKeys (ConfUtils.java:logGet(44)) - raft.server.log.force.sync.num = 128 (default)
2021-07-28 21:01:56,373 [pool-1-thread-1] INFO  server.RaftServerConfigKeys (ConfUtils.java:logGet(44)) - raft.server.log.statemachine.data.sync = true (default)
2021-07-28 21:01:56,373 [pool-1-thread-1] INFO  server.RaftServerConfigKeys (ConfUtils.java:logGet(44)) - raft.server.log.statemachine.data.sync.timeout = 10s (default)
2021-07-28 21:01:56,374 [pool-1-thread-1] INFO  server.RaftServerConfigKeys (ConfUtils.java:logGet(44)) - raft.server.log.statemachine.data.sync.timeout.retry = -1 (default)
2021-07-28 21:01:56,383 [pool-1-thread-1] INFO  server.RaftServerConfigKeys (ConfUtils.java:logGet(44)) - raft.server.log.write.buffer.size = 64KB (=65536) (default)
2021-07-28 21:01:56,383 [pool-1-thread-1] INFO  server.RaftServerConfigKeys (ConfUtils.java:logGet(44)) - raft.server.log.statemachine.data.caching.enabled = false (default)
2021-07-28 21:01:56,389 [pool-1-thread-1] INFO  segmented.SegmentedRaftLogWorker (SegmentedRaftLogWorker.java:lambda$new$0(133)) - 9f4ed4a1-d4cd-462e-b2c8-34d167a020c3@group-7E5468740183-SegmentedRaftLogWorker: flushIndex: setUnconditionally 0 -> -1
2021-07-28 21:01:56,389 [pool-1-thread-1] INFO  segmented.SegmentedRaftLogWorker (SegmentedRaftLogWorker.java:lambda$new$0(133)) - 9f4ed4a1-d4cd-462e-b2c8-34d167a020c3@group-7E5468740183-SegmentedRaftLogWorker: safeCacheEvictIndex: setUnconditionally 0 -> -1
2021-07-28 21:01:56,394 [pool-1-thread-1] INFO  server.RaftServerConfigKeys (ConfUtils.java:logGet(44)) - raft.server.snapshot.auto.trigger.enabled = true (custom)
2021-07-28 21:01:56,394 [pool-1-thread-1] INFO  server.RaftServerConfigKeys (ConfUtils.java:logGet(44)) - raft.server.snapshot.auto.trigger.threshold = 1000 (custom)
2021-07-28 21:01:56,395 [pool-1-thread-1] INFO  server.RaftServerConfigKeys (ConfUtils.java:logGet(44)) - raft.server.snapshot.retention.file.num = -1 (default)
2021-07-28 21:01:56,396 [pool-1-thread-1] INFO  server.RaftServerConfigKeys (ConfUtils.java:logGet(44)) - raft.server.log.purge.upto.snapshot.index = false (default)
2021-07-28 21:01:56,397 [pool-1-thread-1] INFO  server.RaftServerConfigKeys (ConfUtils.java:logGet(44)) - raft.server.retrycache.expirytime = 60000ms (default)
2021-07-28 21:01:56,397 [pool-1-thread-1] INFO  server.RaftServerConfigKeys (ConfUtils.java:logGet(44)) - raft.server.retrycache.statistics.expirytime = 100μs (default)
2021-07-28 21:01:56,423 [Time-limited test] INFO  server.RaftServer$Division (RaftServerImpl.java:start(296)) - 9f4ed4a1-d4cd-462e-b2c8-34d167a020c3@group-7E5468740183: start as a follower, conf=-1: [9f4ed4a1-d4cd-462e-b2c8-34d167a020c3|rpc:localhost:15140|priority:0], old=null
2021-07-28 21:01:56,424 [Time-limited test] INFO  server.RaftServer$Division (RaftServerImpl.java:setRole(285)) - 9f4ed4a1-d4cd-462e-b2c8-34d167a020c3@group-7E5468740183: changes role from      null to FOLLOWER at term 0 for startAsFollower
2021-07-28 21:01:56,425 [Time-limited test] INFO  impl.RoleInfo (RoleInfo.java:updateAndGet(130)) - 9f4ed4a1-d4cd-462e-b2c8-34d167a020c3: start 9f4ed4a1-d4cd-462e-b2c8-34d167a020c3@group-7E5468740183-FollowerState
2021-07-28 21:01:56,429 [Time-limited test] INFO  util.JmxRegister (JmxRegister.java:tryRegister(44)) - Successfully registered JMX Bean with object name Ratis:service=RaftServer,group=group-7E5468740183,id=9f4ed4a1-d4cd-462e-b2c8-34d167a020c3
2021-07-28 21:01:56,432 [Time-limited test] INFO  server.RaftServer (RaftServerProxy.java:lambda$start$5(374)) - 9f4ed4a1-d4cd-462e-b2c8-34d167a020c3: start RPC server
2021-07-28 21:01:56,473 [Time-limited test] INFO  server.GrpcService (GrpcService.java:startImpl(253)) - 9f4ed4a1-d4cd-462e-b2c8-34d167a020c3: GrpcService started, listening on 15140
2021-07-28 21:01:56,477 [org.apache.ratis.util.JvmPauseMonitor$$Lambda$430/1677697972@408736a2] INFO  util.JvmPauseMonitor (JvmPauseMonitor.java:run(103)) - JvmPauseMonitor-9f4ed4a1-d4cd-462e-b2c8-34d167a020c3: Started
2021-07-28 21:02:01,585 [9f4ed4a1-d4cd-462e-b2c8-34d167a020c3@group-7E5468740183-FollowerState] INFO  impl.FollowerState (FollowerState.java:run(134)) - 9f4ed4a1-d4cd-462e-b2c8-34d167a020c3@group-7E5468740183-FollowerState: change to CANDIDATE, lastRpcElapsedTime:5160801576ns, electionTimeout:5152ms
2021-07-28 21:02:01,587 [9f4ed4a1-d4cd-462e-b2c8-34d167a020c3@group-7E5468740183-FollowerState] INFO  impl.RoleInfo (RoleInfo.java:shutdownFollowerState(108)) - 9f4ed4a1-d4cd-462e-b2c8-34d167a020c3: shutdown 9f4ed4a1-d4cd-462e-b2c8-34d167a020c3@group-7E5468740183-FollowerState
2021-07-28 21:02:01,587 [9f4ed4a1-d4cd-462e-b2c8-34d167a020c3@group-7E5468740183-FollowerState] INFO  server.RaftServer$Division (RaftServerImpl.java:setRole(285)) - 9f4ed4a1-d4cd-462e-b2c8-34d167a020c3@group-7E5468740183: changes role from  FOLLOWER to CANDIDATE at term 0 for changeToCandidate
2021-07-28 21:02:01,590 [9f4ed4a1-d4cd-462e-b2c8-34d167a020c3@group-7E5468740183-FollowerState] INFO  server.RaftServerConfigKeys (ConfUtils.java:logGet(44)) - raft.server.leaderelection.pre-vote = false (custom)
2021-07-28 21:02:01,590 [9f4ed4a1-d4cd-462e-b2c8-34d167a020c3@group-7E5468740183-FollowerState] INFO  impl.RoleInfo (RoleInfo.java:updateAndGet(130)) - 9f4ed4a1-d4cd-462e-b2c8-34d167a020c3: start 9f4ed4a1-d4cd-462e-b2c8-34d167a020c3@group-7E5468740183-LeaderElection1
2021-07-28 21:02:01,594 [9f4ed4a1-d4cd-462e-b2c8-34d167a020c3@group-7E5468740183-LeaderElection1] INFO  impl.LeaderElection (LeaderElection.java:askForVotes(306)) - 9f4ed4a1-d4cd-462e-b2c8-34d167a020c3@group-7E5468740183-LeaderElection1 ELECTION round 0: submit vote requests at term 1 for -1: [9f4ed4a1-d4cd-462e-b2c8-34d167a020c3|rpc:localhost:15140|priority:0], old=null
2021-07-28 21:02:01,595 [9f4ed4a1-d4cd-462e-b2c8-34d167a020c3@group-7E5468740183-LeaderElection1] INFO  impl.LeaderElection (LeaderElection.java:askForVotes(308)) - 9f4ed4a1-d4cd-462e-b2c8-34d167a020c3@group-7E5468740183-LeaderElection1 ELECTION round 0: result PASSED (term=1)
2021-07-28 21:02:01,595 [9f4ed4a1-d4cd-462e-b2c8-34d167a020c3@group-7E5468740183-LeaderElection1] INFO  impl.RoleInfo (RoleInfo.java:shutdownLeaderElection(121)) - 9f4ed4a1-d4cd-462e-b2c8-34d167a020c3: shutdown 9f4ed4a1-d4cd-462e-b2c8-34d167a020c3@group-7E5468740183-LeaderElection1
2021-07-28 21:02:01,596 [9f4ed4a1-d4cd-462e-b2c8-34d167a020c3@group-7E5468740183-LeaderElection1] INFO  server.RaftServer$Division (RaftServerImpl.java:setRole(285)) - 9f4ed4a1-d4cd-462e-b2c8-34d167a020c3@group-7E5468740183: changes role from CANDIDATE to LEADER at term 1 for changeToLeader
2021-07-28 21:02:01,596 [9f4ed4a1-d4cd-462e-b2c8-34d167a020c3@group-7E5468740183-LeaderElection1] INFO  server.RaftServer$Division (ServerState.java:setLeader(285)) - 9f4ed4a1-d4cd-462e-b2c8-34d167a020c3@group-7E5468740183: change Leader from null to 9f4ed4a1-d4cd-462e-b2c8-34d167a020c3 at term 1 for becomeLeader, leader elected after 5302ms
2021-07-28 21:02:01,604 [9f4ed4a1-d4cd-462e-b2c8-34d167a020c3@group-7E5468740183-LeaderElection1] INFO  server.RaftServerConfigKeys (ConfUtils.java:logGet(44)) - raft.server.staging.catchup.gap = 1000 (default)
2021-07-28 21:02:01,609 [9f4ed4a1-d4cd-462e-b2c8-34d167a020c3@group-7E5468740183-LeaderElection1] INFO  server.RaftServerConfigKeys (ConfUtils.java:logGet(44)) - raft.server.write.element-limit = 4096 (default)
2021-07-28 21:02:01,610 [9f4ed4a1-d4cd-462e-b2c8-34d167a020c3@group-7E5468740183-LeaderElection1] INFO  server.RaftServerConfigKeys (ConfUtils.java:logGet(44)) - raft.server.write.byte-limit = 64MB (=67108864) (default)
2021-07-28 21:02:01,615 [9f4ed4a1-d4cd-462e-b2c8-34d167a020c3@group-7E5468740183-LeaderElection1] INFO  server.RaftServerConfigKeys (ConfUtils.java:logGet(44)) - raft.server.watch.timeout = 10s (default)
2021-07-28 21:02:01,615 [9f4ed4a1-d4cd-462e-b2c8-34d167a020c3@group-7E5468740183-LeaderElection1] INFO  server.RaftServerConfigKeys (ConfUtils.java:logGet(44)) - raft.server.watch.timeout.denomination = 1s (default)
2021-07-28 21:02:01,616 [9f4ed4a1-d4cd-462e-b2c8-34d167a020c3@group-7E5468740183-LeaderElection1] INFO  server.RaftServerConfigKeys (ConfUtils.java:logGet(44)) - raft.server.watch.element-limit = 65536 (default)
2021-07-28 21:02:01,630 [9f4ed4a1-d4cd-462e-b2c8-34d167a020c3@group-7E5468740183-LeaderElection1] INFO  impl.RoleInfo (RoleInfo.java:updateAndGet(130)) - 9f4ed4a1-d4cd-462e-b2c8-34d167a020c3: start 9f4ed4a1-d4cd-462e-b2c8-34d167a020c3@group-7E5468740183-LeaderStateImpl
2021-07-28 21:02:01,651 [9f4ed4a1-d4cd-462e-b2c8-34d167a020c3@group-7E5468740183-LeaderElection1] INFO  segmented.SegmentedRaftLogWorker (SegmentedRaftLogWorker.java:startLogSegment(394)) - 9f4ed4a1-d4cd-462e-b2c8-34d167a020c3@group-7E5468740183-SegmentedRaftLogWorker: Starting segment from index:0
2021-07-28 21:02:01,692 [9f4ed4a1-d4cd-462e-b2c8-34d167a020c3@group-7E5468740183-LeaderElection1] INFO  server.RaftServer$Division (ServerState.java:setRaftConf(387)) - 9f4ed4a1-d4cd-462e-b2c8-34d167a020c3@group-7E5468740183: set configuration 0: [9f4ed4a1-d4cd-462e-b2c8-34d167a020c3|rpc:localhost:15140|admin:|client:|dataStream:|priority:0], old=null
2021-07-28 21:02:01,748 [9f4ed4a1-d4cd-462e-b2c8-34d167a020c3@group-7E5468740183-SegmentedRaftLogWorker] INFO  segmented.SegmentedRaftLogWorker (SegmentedRaftLogWorker.java:execute(601)) - 9f4ed4a1-d4cd-462e-b2c8-34d167a020c3@group-7E5468740183-SegmentedRaftLogWorker: created new log segment /home/runner/work/ozone/ozone/mnt/ozone/hadoop-ozone/integration-test/target/test-dir/MiniOzoneClusterImpl-78c7c17c-5238-474f-b89e-7e5468740183/scmNode-1/scm-ha/78c7c17c-5238-474f-b89e-7e5468740183/current/log_inprogress_0
2021-07-28 21:02:02,479 [Time-limited test] INFO  server.RaftServer (RaftServerProxy.java:lambda$close$6(391)) - 9f4ed4a1-d4cd-462e-b2c8-34d167a020c3: close
2021-07-28 21:02:02,481 [Time-limited test] INFO  server.RaftServer$Division (RaftServerImpl.java:lambda$close$4(407)) - 9f4ed4a1-d4cd-462e-b2c8-34d167a020c3@group-7E5468740183: shutdown
2021-07-28 21:02:02,481 [Time-limited test] INFO  util.JmxRegister (JmxRegister.java:unregister(73)) - Successfully un-registered JMX Bean with object name Ratis:service=RaftServer,group=group-7E5468740183,id=9f4ed4a1-d4cd-462e-b2c8-34d167a020c3
2021-07-28 21:02:02,481 [Time-limited test] INFO  impl.RoleInfo (RoleInfo.java:shutdownLeaderState(91)) - 9f4ed4a1-d4cd-462e-b2c8-34d167a020c3: shutdown 9f4ed4a1-d4cd-462e-b2c8-34d167a020c3@group-7E5468740183-LeaderStateImpl
2021-07-28 21:02:02,487 [Time-limited test] INFO  impl.PendingRequests (PendingRequests.java:sendNotLeaderResponses(249)) - 9f4ed4a1-d4cd-462e-b2c8-34d167a020c3@group-7E5468740183-PendingRequests: sendNotLeaderResponses
2021-07-28 21:02:02,489 [9f4ed4a1-d4cd-462e-b2c8-34d167a020c3@group-7E5468740183-StateMachineUpdater] INFO  impl.StateMachineUpdater (StateMachineUpdater.java:takeSnapshot(281)) - 9f4ed4a1-d4cd-462e-b2c8-34d167a020c3@group-7E5468740183-StateMachineUpdater: Took a snapshot at index 0
2021-07-28 21:02:02,489 [9f4ed4a1-d4cd-462e-b2c8-34d167a020c3@group-7E5468740183-StateMachineUpdater] INFO  impl.StateMachineUpdater (StateMachineUpdater.java:lambda$new$0(89)) - 9f4ed4a1-d4cd-462e-b2c8-34d167a020c3@group-7E5468740183-StateMachineUpdater: snapshotIndex: updateIncreasingly -1 -> 0
2021-07-28 21:02:02,491 [Time-limited test] INFO  impl.StateMachineUpdater (StateMachineUpdater.java:stopAndJoin(149)) - 9f4ed4a1-d4cd-462e-b2c8-34d167a020c3@group-7E5468740183-StateMachineUpdater: set stopIndex = 0
2021-07-28 21:02:02,492 [Time-limited test] INFO  server.RaftServer$Division (ServerState.java:close(419)) - 9f4ed4a1-d4cd-462e-b2c8-34d167a020c3@group-7E5468740183: closes. applyIndex: 0
2021-07-28 21:02:02,493 [9f4ed4a1-d4cd-462e-b2c8-34d167a020c3@group-7E5468740183-SegmentedRaftLogWorker] INFO  segmented.SegmentedRaftLogWorker (SegmentedRaftLogWorker.java:run(327)) - 9f4ed4a1-d4cd-462e-b2c8-34d167a020c3@group-7E5468740183-SegmentedRaftLogWorker was interrupted, exiting. There are 0 tasks remaining in the queue.
2021-07-28 21:02:02,493 [Time-limited test] INFO  segmented.SegmentedRaftLogWorker (SegmentedRaftLogWorker.java:close(237)) - 9f4ed4a1-d4cd-462e-b2c8-34d167a020c3@group-7E5468740183-SegmentedRaftLogWorker close()
2021-07-28 21:02:02,494 [Time-limited test] INFO  server.GrpcService (GrpcService.java:closeImpl(262)) - 9f4ed4a1-d4cd-462e-b2c8-34d167a020c3: shutdown server with port 15140 now
2021-07-28 21:02:02,499 [Time-limited test] INFO  server.GrpcService (GrpcService.java:closeImpl(271)) - 9f4ed4a1-d4cd-462e-b2c8-34d167a020c3: shutdown server with port 15140 successfully
2021-07-28 21:02:02,499 [org.apache.ratis.util.JvmPauseMonitor$$Lambda$430/1677697972@408736a2] INFO  util.JvmPauseMonitor (JvmPauseMonitor.java:run(109)) - JvmPauseMonitor-9f4ed4a1-d4cd-462e-b2c8-34d167a020c3: Stopped
2021-07-28 21:02:02,499 [Time-limited test] WARN  server.ServerUtils (ServerUtils.java:getScmDbDir(148)) - ozone.scm.db.dirs is not configured. We recommend adding this setting. Falling back to ozone.metadata.dirs instead.
2021-07-28 21:02:02,502 [Time-limited test] INFO  server.StorageContainerManager (StorageContainerManager.java:scmInit(1018)) - SCM initialization succeeded. Current cluster id for sd=/home/runner/work/ozone/ozone/mnt/ozone/hadoop-ozone/integration-test/target/test-dir/MiniOzoneClusterImpl-78c7c17c-5238-474f-b89e-7e5468740183/scmNode-1/scm; cid=78c7c17c-5238-474f-b89e-7e5468740183; layoutVersion=2; scmId=9f4ed4a1-d4cd-462e-b2c8-34d167a020c3
2021-07-28 21:02:02,511 [Time-limited test] INFO  ha.SCMHANodeDetails (SCMHANodeDetails.java:loadSCMHAConfig(157)) - ServiceID for StorageContainerManager is scmServiceId
2021-07-28 21:02:02,512 [Time-limited test] INFO  ha.SCMHANodeDetails (SCMHANodeDetails.java:loadSCMHAConfig(168)) - ServiceID for StorageContainerManager is scmServiceId
2021-07-28 21:02:02,512 [Time-limited test] INFO  ha.SCMHANodeDetails (SCMHANodeDetails.java:loadSCMHAConfig(250)) - Found matching SCM address with SCMServiceId: scmServiceId, SCMNodeId: scmNode-1, RPC Address: localhost:15140 and Ratis port: 15140
2021-07-28 21:02:02,513 [Time-limited test] INFO  ha.SCMHANodeDetails (ConfUtils.java:setNodeSpecificConfigs(108)) - Setting configuration key ozone.scm.datanode.address with value of key ozone.scm.datanode.address.scmServiceId.scmNode-1: 127.0.0.1:15141
2021-07-28 21:02:02,513 [Time-limited test] INFO  ha.SCMHANodeDetails (ConfUtils.java:setNodeSpecificConfigs(108)) - Setting configuration key ozone.scm.block.client.address with value of key ozone.scm.block.client.address.scmServiceId.scmNode-1: 127.0.0.1:15142
2021-07-28 21:02:02,513 [Time-limited test] INFO  ha.SCMHANodeDetails (ConfUtils.java:setNodeSpecificConfigs(108)) - Setting configuration key ozone.scm.client.address with value of key ozone.scm.client.address.scmServiceId.scmNode-1: 127.0.0.1:15143
2021-07-28 21:02:02,514 [Time-limited test] INFO  ha.SCMHANodeDetails (ConfUtils.java:setNodeSpecificConfigs(108)) - Setting configuration key ozone.scm.ratis.port with value of key ozone.scm.ratis.port.scmServiceId.scmNode-1: 15140
2021-07-28 21:02:02,514 [Time-limited test] INFO  ha.SCMHANodeDetails (ConfUtils.java:setNodeSpecificConfigs(108)) - Setting configuration key ozone.scm.grpc.port with value of key ozone.scm.grpc.port.scmServiceId.scmNode-1: 15144
2021-07-28 21:02:02,515 [Time-limited test] INFO  ha.SCMHANodeDetails (ConfUtils.java:setNodeSpecificConfigs(108)) - Setting configuration key ozone.scm.http-address with value of key ozone.scm.http-address.scmServiceId.scmNode-1: 127.0.0.1:15138
2021-07-28 21:02:02,515 [Time-limited test] INFO  ha.SCMHANodeDetails (ConfUtils.java:setNodeSpecificConfigs(108)) - Setting configuration key ozone.scm.https-address with value of key ozone.scm.https-address.scmServiceId.scmNode-1: 127.0.0.1:15139
2021-07-28 21:02:02,515 [Time-limited test] INFO  ha.SCMHANodeDetails (ConfUtils.java:setNodeSpecificConfigs(108)) - Setting configuration key ozone.scm.address with value of key ozone.scm.address.scmServiceId.scmNode-1: 127.0.0.1
2021-07-28 21:02:02,515 [Time-limited test] WARN  scm.ScmUtils (ScmUtils.java:logWarn(179)) - ConfigKey ozone.scm.block.client.address is deprecated, For configuring different ports for each SCM use PortConfigKey ozone.scm.block.client.port appended with serviceId and nodeId. If want to configure same port configure ozone.scm.block.client.port
2021-07-28 21:02:02,516 [Time-limited test] WARN  scm.ScmUtils (ScmUtils.java:logWarn(179)) - ConfigKey ozone.scm.client.address is deprecated, For configuring different ports for each SCM use PortConfigKey ozone.scm.client.port appended with serviceId and nodeId. If want to configure same port configure ozone.scm.client.port
2021-07-28 21:02:02,517 [Time-limited test] WARN  scm.ScmUtils (ScmUtils.java:logWarn(179)) - ConfigKey ozone.scm.datanode.address is deprecated, For configuring different ports for each SCM use PortConfigKey ozone.scm.datanode.port appended with serviceId and nodeId. If want to configure same port configure ozone.scm.datanode.port
2021-07-28 21:02:02,539 [Time-limited test] WARN  server.ServerUtils (ServerUtils.java:getScmDbDir(148)) - ozone.scm.db.dirs is not configured. We recommend adding this setting. Falling back to ozone.metadata.dirs instead.
2021-07-28 21:02:02,540 [Time-limited test] INFO  upgrade.AbstractLayoutVersionManager (AbstractLayoutVersionManager.java:init(70)) - Initializing Layout version manager with metadata layout = SCM_HA (version = 2), software layout = SCM_HA (version = 2)
2021-07-28 21:02:02,675 [Time-limited test] INFO  reflections.Reflections (Reflections.java:scan(232)) - Reflections took 108 ms to scan 7 urls, producing 120 keys and 273 values 
2021-07-28 21:02:03,137 [Time-limited test] WARN  utils.HAUtils (HAUtils.java:getMetaDir(342)) - ozone.scm.db.dirs is not configured. We recommend adding this setting. Falling back to ozone.metadata.dirs instead.
2021-07-28 21:02:03,271 [Time-limited test] WARN  db.DBStoreBuilder (DBStoreBuilder.java:applyDBDefinition(145)) - ozone.scm.db.dirs is not configured. We recommend adding this setting. Falling back to ozone.metadata.dirs instead.
2021-07-28 21:02:03,429 [Time-limited test] INFO  net.NodeSchemaLoader (NodeSchemaLoader.java:loadSchemaFromFile(129)) - Loading schema from [jar:file:/home/runner/.m2/repository/org/apache/ozone/hdds-common/1.2.0-SNAPSHOT/hdds-common-1.2.0-SNAPSHOT.jar!/network-topology-default.xml]
2021-07-28 21:02:03,430 [Time-limited test] INFO  net.NodeSchemaLoader (NodeSchemaLoader.java:loadSchema(176)) - Loading network topology layer schema file
2021-07-28 21:02:03,477 [Time-limited test] INFO  ha.SCMRatisServerImpl (SCMRatisServerImpl.java:<init>(85)) - starting Raft server for scm:9f4ed4a1-d4cd-462e-b2c8-34d167a020c3
2021-07-28 21:02:03,482 [Time-limited test] INFO  server.RaftServer (ConfUtils.java:logGet(44)) - raft.rpc.type = GRPC (default)
2021-07-28 21:02:03,482 [Time-limited test] INFO  grpc.GrpcFactory (GrpcFactory.java:checkPooledByteBufAllocatorUseCacheForAllThreads(48)) - PERFORMANCE WARNING: useCacheForAllThreads is true that may cause Netty to create a lot garbage objects and, as a result, trigger GC.
	It is recommended to disable useCacheForAllThreads by setting -Dorg.apache.ratis.thirdparty.io.netty.allocator.useCacheForAllThreads=false in command line.
2021-07-28 21:02:03,482 [Time-limited test] INFO  grpc.GrpcConfigKeys (ConfUtils.java:logGet(44)) - raft.grpc.admin.port = -1 (default)
2021-07-28 21:02:03,483 [Time-limited test] INFO  grpc.GrpcConfigKeys (ConfUtils.java:logGet(44)) - raft.grpc.server.port = 15140 (custom)
2021-07-28 21:02:03,483 [Time-limited test] INFO  grpc.GrpcConfigKeys (ConfUtils.java:logGet(44)) - raft.grpc.client.port = -1 (default)
2021-07-28 21:02:03,483 [Time-limited test] INFO  grpc.GrpcConfigKeys (ConfUtils.java:logGet(44)) - raft.grpc.server.port = 15140 (custom)
2021-07-28 21:02:03,484 [Time-limited test] INFO  grpc.GrpcConfigKeys (ConfUtils.java:logGet(44)) - raft.grpc.server.port = 15140 (custom)
2021-07-28 21:02:03,484 [Time-limited test] INFO  server.GrpcService (ConfUtils.java:logGet(44)) - raft.grpc.message.size.max = 32m (=33554432) (custom)
2021-07-28 21:02:03,485 [Time-limited test] INFO  server.RaftServerConfigKeys (ConfUtils.java:logGet(44)) - raft.server.log.appender.buffer.byte-limit = 33554432 (custom)
2021-07-28 21:02:03,485 [Time-limited test] INFO  server.GrpcService (ConfUtils.java:logGet(44)) - raft.grpc.flow.control.window = 1MB (=1048576) (default)
2021-07-28 21:02:03,486 [Time-limited test] INFO  server.RaftServerConfigKeys (ConfUtils.java:logGet(44)) - raft.server.rpc.request.timeout = 30000ms (custom)
2021-07-28 21:02:03,487 [Time-limited test] INFO  impl.DataStreamServerImpl (ConfUtils.java:logGet(44)) - raft.datastream.type = DISABLED (default)
2021-07-28 21:02:03,488 [Time-limited test] INFO  server.RaftServerConfigKeys (ConfUtils.java:logGet(44)) - raft.server.rpc.slowness.timeout = 120000ms (custom)
2021-07-28 21:02:03,488 [Time-limited test] INFO  server.RaftServerConfigKeys (ConfUtils.java:logGet(44)) - raft.server.leaderelection.leader.step-down.wait-time = 10s (default)
2021-07-28 21:02:03,488 [Time-limited test] INFO  server.RaftServerConfigKeys (ConfUtils.java:logGet(44)) - raft.server.storage.dir = [/home/runner/work/ozone/ozone/mnt/ozone/hadoop-ozone/integration-test/target/test-dir/MiniOzoneClusterImpl-78c7c17c-5238-474f-b89e-7e5468740183/scmNode-1/scm-ha] (custom)
2021-07-28 21:02:03,489 [Time-limited test] INFO  server.RaftServer (RaftServerProxy.java:lambda$null$1(235)) - 9f4ed4a1-d4cd-462e-b2c8-34d167a020c3: found a subdirectory /home/runner/work/ozone/ozone/mnt/ozone/hadoop-ozone/integration-test/target/test-dir/MiniOzoneClusterImpl-78c7c17c-5238-474f-b89e-7e5468740183/scmNode-1/scm-ha/78c7c17c-5238-474f-b89e-7e5468740183
2021-07-28 21:02:03,492 [Time-limited test] INFO  server.RaftServer (RaftServerProxy.java:addNew(95)) - 9f4ed4a1-d4cd-462e-b2c8-34d167a020c3: addNew group-7E5468740183:[] returns group-7E5468740183:java.util.concurrent.CompletableFuture@63feb83b[Not completed]
2021-07-28 21:02:03,495 [pool-15-thread-1] INFO  server.RaftServer$Division (RaftServerImpl.java:<init>(181)) - 9f4ed4a1-d4cd-462e-b2c8-34d167a020c3: new RaftServerImpl for group-7E5468740183:[] with SCMStateMachine:uninitialized
2021-07-28 21:02:03,495 [pool-15-thread-1] INFO  server.RaftServerConfigKeys (ConfUtils.java:logGet(44)) - raft.server.rpc.timeout.min = 5000ms (custom)
2021-07-28 21:02:03,495 [pool-15-thread-1] INFO  server.RaftServerConfigKeys (ConfUtils.java:logGet(44)) - raft.server.rpc.timeout.max = 5200ms (custom)
2021-07-28 21:02:03,495 [pool-15-thread-1] INFO  server.RaftServerConfigKeys (ConfUtils.java:logGet(44)) - raft.server.rpc.sleep.time = 25ms (default)
2021-07-28 21:02:03,495 [pool-15-thread-1] INFO  server.RaftServerConfigKeys (ConfUtils.java:logGet(44)) - raft.server.rpc.slowness.timeout = 120000ms (custom)
2021-07-28 21:02:03,496 [pool-15-thread-1] INFO  server.RaftServerConfigKeys (ConfUtils.java:logGet(44)) - raft.server.leaderelection.leader.step-down.wait-time = 10s (default)
2021-07-28 21:02:03,496 [pool-15-thread-1] INFO  server.RaftServerConfigKeys (ConfUtils.java:logGet(44)) - raft.server.sleep.deviation.threshold = 300ms (default)
2021-07-28 21:02:03,496 [pool-15-thread-1] INFO  server.RaftServerConfigKeys (ConfUtils.java:logGet(44)) - raft.server.log.appender.install.snapshot.enabled = false (custom)
2021-07-28 21:02:03,496 [pool-15-thread-1] INFO  server.RaftServer$Division (ServerState.java:<init>(105)) - 9f4ed4a1-d4cd-462e-b2c8-34d167a020c3@group-7E5468740183: ConfigurationManager, init=-1: [], old=null, confs=<EMPTY_MAP>
2021-07-28 21:02:03,496 [pool-15-thread-1] INFO  server.RaftServerConfigKeys (ConfUtils.java:logGet(44)) - raft.server.storage.dir = [/home/runner/work/ozone/ozone/mnt/ozone/hadoop-ozone/integration-test/target/test-dir/MiniOzoneClusterImpl-78c7c17c-5238-474f-b89e-7e5468740183/scmNode-1/scm-ha] (custom)
2021-07-28 21:02:03,497 [pool-15-thread-1] INFO  server.RaftServerConfigKeys (ConfUtils.java:logGet(44)) - raft.server.log.corruption.policy = EXCEPTION (default)
2021-07-28 21:02:03,497 [pool-15-thread-1] INFO  server.RaftServerConfigKeys (ConfUtils.java:logGet(44)) - raft.server.storage.free-space.min = 0MB (=0) (default)
2021-07-28 21:02:03,498 [pool-15-thread-1] INFO  storage.RaftStorageDirectory (RaftStorageDirectoryImpl.java:tryLock(230)) - Lock on /home/runner/work/ozone/ozone/mnt/ozone/hadoop-ozone/integration-test/target/test-dir/MiniOzoneClusterImpl-78c7c17c-5238-474f-b89e-7e5468740183/scmNode-1/scm-ha/78c7c17c-5238-474f-b89e-7e5468740183/in_use.lock acquired by nodename 11863@fv-az151-48
2021-07-28 21:02:03,499 [pool-15-thread-1] INFO  storage.RaftStorage (RaftStorageImpl.java:analyzeAndRecoverStorage(110)) - Read RaftStorageMetadata{term=1, votedFor=9f4ed4a1-d4cd-462e-b2c8-34d167a020c3} from /home/runner/work/ozone/ozone/mnt/ozone/hadoop-ozone/integration-test/target/test-dir/MiniOzoneClusterImpl-78c7c17c-5238-474f-b89e-7e5468740183/scmNode-1/scm-ha/78c7c17c-5238-474f-b89e-7e5468740183/current/raft-meta
2021-07-28 21:02:03,507 [pool-15-thread-1] INFO  server.RaftServer$Division (ServerState.java:setRaftConf(387)) - 9f4ed4a1-d4cd-462e-b2c8-34d167a020c3@group-7E5468740183: set configuration 0: [9f4ed4a1-d4cd-462e-b2c8-34d167a020c3|rpc:localhost:15140|admin:|client:|dataStream:|priority:0], old=null
2021-07-28 21:02:03,507 [pool-15-thread-1] INFO  server.RaftServerConfigKeys (ConfUtils.java:logGet(44)) - raft.server.notification.no-leader.timeout = 60s (default)
2021-07-28 21:02:03,507 [pool-15-thread-1] INFO  server.RaftServerConfigKeys (ConfUtils.java:logGet(44)) - raft.server.log.use.memory = false (default)
2021-07-28 21:02:03,508 [pool-15-thread-1] INFO  server.RaftServerConfigKeys (ConfUtils.java:logGet(44)) - raft.server.log.purge.gap = 1000000 (custom)
2021-07-28 21:02:03,508 [pool-15-thread-1] INFO  server.RaftServerConfigKeys (ConfUtils.java:logGet(44)) - raft.server.log.appender.buffer.byte-limit = 33554432 (custom)
2021-07-28 21:02:03,508 [pool-15-thread-1] INFO  server.RaftServerConfigKeys (ConfUtils.java:logGet(44)) - raft.server.log.segment.size.max = 16384 (custom)
2021-07-28 21:02:03,509 [pool-15-thread-1] INFO  server.RaftServerConfigKeys (ConfUtils.java:logGet(44)) - raft.server.log.segment.cache.num.max = 2 (custom)
2021-07-28 21:02:03,509 [pool-15-thread-1] INFO  server.RaftServerConfigKeys (ConfUtils.java:logGet(44)) - raft.server.log.segment.cache.size.max = 200MB (=209715200) (default)
2021-07-28 21:02:03,509 [pool-15-thread-1] INFO  segmented.SegmentedRaftLogWorker (SegmentedRaftLogWorker.java:<init>(182)) - new 9f4ed4a1-d4cd-462e-b2c8-34d167a020c3@group-7E5468740183-SegmentedRaftLogWorker for RaftStorageImpl:Storage Directory /home/runner/work/ozone/ozone/mnt/ozone/hadoop-ozone/integration-test/target/test-dir/MiniOzoneClusterImpl-78c7c17c-5238-474f-b89e-7e5468740183/scmNode-1/scm-ha/78c7c17c-5238-474f-b89e-7e5468740183
2021-07-28 21:02:03,509 [pool-15-thread-1] INFO  server.RaftServerConfigKeys (ConfUtils.java:logGet(44)) - raft.server.log.queue.byte-limit = 64MB (=67108864) (default)
2021-07-28 21:02:03,509 [pool-15-thread-1] INFO  server.RaftServerConfigKeys (ConfUtils.java:logGet(44)) - raft.server.log.queue.element-limit = 4096 (default)
2021-07-28 21:02:03,509 [pool-15-thread-1] INFO  server.RaftServerConfigKeys (ConfUtils.java:logGet(44)) - raft.server.log.segment.size.max = 16384 (custom)
2021-07-28 21:02:03,509 [pool-15-thread-1] INFO  server.RaftServerConfigKeys (ConfUtils.java:logGet(44)) - raft.server.log.preallocated.size = 16384 (custom)
2021-07-28 21:02:03,509 [pool-15-thread-1] INFO  server.RaftServerConfigKeys (ConfUtils.java:logGet(44)) - raft.server.log.force.sync.num = 128 (default)
2021-07-28 21:02:03,510 [pool-15-thread-1] INFO  server.RaftServerConfigKeys (ConfUtils.java:logGet(44)) - raft.server.log.statemachine.data.sync = true (default)
2021-07-28 21:02:03,511 [pool-15-thread-1] INFO  server.RaftServerConfigKeys (ConfUtils.java:logGet(44)) - raft.server.log.statemachine.data.sync.timeout = 10s (default)
2021-07-28 21:02:03,513 [pool-15-thread-1] INFO  server.RaftServerConfigKeys (ConfUtils.java:logGet(44)) - raft.server.log.statemachine.data.sync.timeout.retry = -1 (default)
2021-07-28 21:02:03,516 [pool-15-thread-1] INFO  server.RaftServerConfigKeys (ConfUtils.java:logGet(44)) - raft.server.log.write.buffer.size = 64KB (=65536) (default)
2021-07-28 21:02:03,517 [pool-15-thread-1] INFO  server.RaftServerConfigKeys (ConfUtils.java:logGet(44)) - raft.server.log.statemachine.data.caching.enabled = false (default)
2021-07-28 21:02:03,522 [pool-15-thread-1] INFO  server.RaftServer$Division (ServerState.java:setRaftConf(387)) - 9f4ed4a1-d4cd-462e-b2c8-34d167a020c3@group-7E5468740183: set configuration 0: [9f4ed4a1-d4cd-462e-b2c8-34d167a020c3|rpc:localhost:15140|admin:|client:|dataStream:|priority:0], old=null
2021-07-28 21:02:03,523 [pool-15-thread-1] INFO  segmented.LogSegment (LogSegment.java:loadSegment(173)) - Successfully read 1 entries from segment file /home/runner/work/ozone/ozone/mnt/ozone/hadoop-ozone/integration-test/target/test-dir/MiniOzoneClusterImpl-78c7c17c-5238-474f-b89e-7e5468740183/scmNode-1/scm-ha/78c7c17c-5238-474f-b89e-7e5468740183/current/log_inprogress_0
2021-07-28 21:02:03,523 [pool-15-thread-1] INFO  segmented.SegmentedRaftLogWorker (SegmentedRaftLogWorker.java:lambda$new$0(133)) - 9f4ed4a1-d4cd-462e-b2c8-34d167a020c3@group-7E5468740183-SegmentedRaftLogWorker: flushIndex: setUnconditionally 0 -> 0
2021-07-28 21:02:03,523 [pool-15-thread-1] INFO  segmented.SegmentedRaftLogWorker (SegmentedRaftLogWorker.java:lambda$new$0(133)) - 9f4ed4a1-d4cd-462e-b2c8-34d167a020c3@group-7E5468740183-SegmentedRaftLogWorker: safeCacheEvictIndex: setUnconditionally 0 -> -1
2021-07-28 21:02:03,524 [pool-15-thread-1] INFO  server.RaftServerConfigKeys (ConfUtils.java:logGet(44)) - raft.server.snapshot.auto.trigger.enabled = true (custom)
2021-07-28 21:02:03,524 [pool-15-thread-1] INFO  server.RaftServerConfigKeys (ConfUtils.java:logGet(44)) - raft.server.snapshot.auto.trigger.threshold = 1000 (custom)
2021-07-28 21:02:03,524 [pool-15-thread-1] INFO  server.RaftServerConfigKeys (ConfUtils.java:logGet(44)) - raft.server.snapshot.retention.file.num = -1 (default)
2021-07-28 21:02:03,524 [pool-15-thread-1] INFO  server.RaftServerConfigKeys (ConfUtils.java:logGet(44)) - raft.server.log.purge.upto.snapshot.index = false (default)
2021-07-28 21:02:03,524 [pool-15-thread-1] INFO  server.RaftServerConfigKeys (ConfUtils.java:logGet(44)) - raft.server.retrycache.expirytime = 60000ms (default)
2021-07-28 21:02:03,524 [pool-15-thread-1] INFO  server.RaftServerConfigKeys (ConfUtils.java:logGet(44)) - raft.server.retrycache.statistics.expirytime = 100μs (default)
2021-07-28 21:02:03,526 [Time-limited test] INFO  ha.SCMSnapshotProvider (SCMSnapshotProvider.java:<init>(66)) - Initializing SCM Snapshot Provider
2021-07-28 21:02:03,527 [Time-limited test] WARN  server.ServerUtils (ServerUtils.java:getDefaultRatisDirectory(237)) - Storage directory for Ratis is not configured. It is a good idea to map this to an SSD disk. Falling back to ozone.metadata.dirs
2021-07-28 21:02:03,527 [Time-limited test] WARN  ha.SCMHAUtils (SCMHAUtils.java:getSCMRatisSnapshotDirectory(142)) - SCM snapshot dir is not configured. Falling back to ozone.metadata.dirs config
2021-07-28 21:02:03,549 [Time-limited test] INFO  ha.SequenceIdGenerator (SequenceIdGenerator.java:upgradeToSequenceId(327)) - upgrade localId to 107544261427200000
2021-07-28 21:02:03,550 [Time-limited test] INFO  ha.SequenceIdGenerator (SequenceIdGenerator.java:upgradeToSequenceId(337)) - upgrade delTxnId to 0
2021-07-28 21:02:03,633 [Time-limited test] INFO  ha.SequenceIdGenerator (SequenceIdGenerator.java:upgradeToSequenceId(351)) - upgrade containerId to 0
2021-07-28 21:02:03,635 [Time-limited test] INFO  ha.SequenceIdGenerator (SequenceIdGenerator.java:<init>(217)) - Init the HA SequenceIdGenerator.
2021-07-28 21:02:03,682 [Time-limited test] INFO  node.SCMNodeManager (SCMNodeManager.java:<init>(141)) - Entering startup safe mode.
2021-07-28 21:02:03,746 [Time-limited test] INFO  algorithms.ContainerPlacementPolicyFactory (ContainerPlacementPolicyFactory.java:getPolicy(60)) - Create container placement policy of type org.apache.hadoop.hdds.scm.container.placement.algorithms.SCMContainerPlacementRandom
2021-07-28 21:02:03,756 [Time-limited test] INFO  pipeline.PipelineStateManager (PipelineStateManagerV2Impl.java:initialize(78)) - No pipeline exists in current db
2021-07-28 21:02:03,787 [Time-limited test] INFO  algorithms.LeaderChoosePolicyFactory (LeaderChoosePolicyFactory.java:getPolicy(57)) - Create leader choose policy of type org.apache.hadoop.hdds.scm.pipeline.leader.choose.algorithms.MinLeaderCountChoosePolicy
2021-07-28 21:02:03,795 [Time-limited test] INFO  ha.SCMServiceManager (SCMServiceManager.java:register(43)) - Registering service BackgroundPipelineCreator.
2021-07-28 21:02:03,795 [Time-limited test] INFO  pipeline.BackgroundPipelineCreator (BackgroundPipelineCreatorV2.java:start(130)) - Starting RatisPipelineUtilsThread.
2021-07-28 21:02:03,826 [Time-limited test] INFO  algorithms.PipelineChoosePolicyFactory (PipelineChoosePolicyFactory.java:createPipelineChoosePolicyFromClass(73)) - Create pipeline choose policy of type org.apache.hadoop.hdds.scm.pipeline.choose.algorithms.RandomPipelineChoosePolicy
2021-07-28 21:02:03,841 [Time-limited test] INFO  ha.SCMServiceManager (SCMServiceManager.java:register(43)) - Registering service SCMBlockDeletingService.
2021-07-28 21:02:03,852 [Time-limited test] INFO  ha.SCMServiceManager (SCMServiceManager.java:register(43)) - Registering service ReplicationManager.
2021-07-28 21:02:03,857 [Time-limited test] INFO  container.ReplicationManager (ReplicationManager.java:start(286)) - Starting Replication Monitor Thread.
2021-07-28 21:02:03,873 [ReplicationMonitor] INFO  container.ReplicationManager (ReplicationManager.java:processAll(341)) - Replication Monitor Thread took 0 milliseconds for processing 0 containers.
2021-07-28 21:02:03,876 [Time-limited test] INFO  safemode.ContainerSafeModeRule (ContainerSafeModeRule.java:<init>(89)) - containers with one replica threshold count 0
2021-07-28 21:02:03,880 [Time-limited test] INFO  safemode.HealthyPipelineSafeModeRule (HealthyPipelineSafeModeRule.java:initializeRule(156)) - Total pipeline count is 0, healthy pipeline threshold count is 1
2021-07-28 21:02:03,883 [Time-limited test] INFO  safemode.OneReplicaPipelineSafeModeRule (OneReplicaPipelineSafeModeRule.java:initializeRule(180)) - Total pipeline count is 0, pipeline's with at least one datanode reported threshold count is 0
2021-07-28 21:02:04,241 [Time-limited test] INFO  ipc.CallQueueManager (CallQueueManager.java:<init>(90)) - Using callQueue: class java.util.concurrent.LinkedBlockingQueue, queueCapacity: 10000, scheduler: class org.apache.hadoop.ipc.DefaultRpcScheduler, ipcBackoff: false.
2021-07-28 21:02:04,279 [Socket Reader #1 for port 15141] INFO  ipc.Server (Server.java:run(1265)) - Starting Socket Reader #1 for port 15141
2021-07-28 21:02:04,317 [Listener at 0.0.0.0/15141] INFO  ipc.CallQueueManager (CallQueueManager.java:<init>(90)) - Using callQueue: class java.util.concurrent.LinkedBlockingQueue, queueCapacity: 10000, scheduler: class org.apache.hadoop.ipc.DefaultRpcScheduler, ipcBackoff: false.
2021-07-28 21:02:04,321 [Socket Reader #1 for port 15142] INFO  ipc.Server (Server.java:run(1265)) - Starting Socket Reader #1 for port 15142
2021-07-28 21:02:04,337 [Listener at 0.0.0.0/15142] INFO  ipc.CallQueueManager (CallQueueManager.java:<init>(90)) - Using callQueue: class java.util.concurrent.LinkedBlockingQueue, queueCapacity: 10000, scheduler: class org.apache.hadoop.ipc.DefaultRpcScheduler, ipcBackoff: false.
2021-07-28 21:02:04,339 [Socket Reader #1 for port 15143] INFO  ipc.Server (Server.java:run(1265)) - Starting Socket Reader #1 for port 15143
2021-07-28 21:02:04,404 [Listener at 0.0.0.0/15143] INFO  server.StorageContainerManager (StorageContainerManager.java:<init>(380)) - 
Container Balancer status:
Key                            Value
Running                        true
Container Balancer Configuration values:
Key                            Value
Threshold                      0.1
Max Datanodes to Balance       5
Max Size to Move               10737418240B

2021-07-28 21:02:04,405 [Listener at 0.0.0.0/15143] WARN  events.EventQueue (EventQueue.java:fireEvent(194)) - No event handler registered for event TypedEvent{payloadType=SafeModeStatus, name='Safe mode status'}
2021-07-28 21:02:04,405 [Listener at 0.0.0.0/15143] INFO  ha.SCMContext (SCMContext.java:updateSafeModeStatus(205)) - Update SafeModeStatus from SafeModeStatus{safeModeStatus=true, preCheckPassed=false} to SafeModeStatus{safeModeStatus=true, preCheckPassed=false}.
2021-07-28 21:02:04,407 [Listener at 0.0.0.0/15143] INFO  server.StorageContainerManager (StorageContainerManager.java:start(1245)) - StorageContainerLocationProtocol RPC server is listening at /0.0.0.0:15143
2021-07-28 21:02:04,408 [Listener at 0.0.0.0/15143] INFO  ha.SCMRatisServerImpl (SCMRatisServerImpl.java:start(170)) - starting ratis server 0.0.0.0:15140
2021-07-28 21:02:04,409 [Listener at 0.0.0.0/15143] INFO  server.RaftServer$Division (RaftServerImpl.java:start(296)) - 9f4ed4a1-d4cd-462e-b2c8-34d167a020c3@group-7E5468740183: start as a follower, conf=0: [9f4ed4a1-d4cd-462e-b2c8-34d167a020c3|rpc:localhost:15140|admin:|client:|dataStream:|priority:0], old=null
2021-07-28 21:02:04,409 [Listener at 0.0.0.0/15143] INFO  server.RaftServer$Division (RaftServerImpl.java:setRole(285)) - 9f4ed4a1-d4cd-462e-b2c8-34d167a020c3@group-7E5468740183: changes role from      null to FOLLOWER at term 1 for startAsFollower
2021-07-28 21:02:04,409 [Listener at 0.0.0.0/15143] INFO  impl.RoleInfo (RoleInfo.java:updateAndGet(130)) - 9f4ed4a1-d4cd-462e-b2c8-34d167a020c3: start 9f4ed4a1-d4cd-462e-b2c8-34d167a020c3@group-7E5468740183-FollowerState
2021-07-28 21:02:04,410 [Listener at 0.0.0.0/15143] INFO  util.JmxRegister (JmxRegister.java:tryRegister(44)) - Successfully registered JMX Bean with object name Ratis:service=RaftServer,group=group-7E5468740183,id=9f4ed4a1-d4cd-462e-b2c8-34d167a020c3
2021-07-28 21:02:04,411 [Listener at 0.0.0.0/15143] INFO  server.RaftServer (RaftServerProxy.java:lambda$start$5(374)) - 9f4ed4a1-d4cd-462e-b2c8-34d167a020c3: start RPC server
2021-07-28 21:02:04,412 [Listener at 0.0.0.0/15143] INFO  server.GrpcService (GrpcService.java:startImpl(253)) - 9f4ed4a1-d4cd-462e-b2c8-34d167a020c3: GrpcService started, listening on 15140
2021-07-28 21:02:04,413 [Listener at 0.0.0.0/15143] INFO  ha.SCMHAManagerImpl (SCMHAManagerImpl.java:start(120)) -  scm role is FOLLOWER peers [9f4ed4a1-d4cd-462e-b2c8-34d167a020c3|rpc:localhost:15140|admin:|client:|dataStream:|priority:0]
2021-07-28 21:02:04,413 [Listener at 0.0.0.0/15143] INFO  ha.InterSCMGrpcService (InterSCMGrpcProtocolService.java:start(94)) - Starting SCM Grpc Service at port 15144
2021-07-28 21:02:04,414 [org.apache.ratis.util.JvmPauseMonitor$$Lambda$430/1677697972@6589807b] INFO  util.JvmPauseMonitor (JvmPauseMonitor.java:run(103)) - JvmPauseMonitor-9f4ed4a1-d4cd-462e-b2c8-34d167a020c3: Started
2021-07-28 21:02:04,478 [Listener at 0.0.0.0/15143] WARN  impl.MetricsConfig (MetricsConfig.java:loadFirst(136)) - Cannot locate configuration: tried hadoop-metrics2-storagecontainermanager.properties,hadoop-metrics2.properties
2021-07-28 21:02:04,490 [Listener at 0.0.0.0/15143] INFO  impl.MetricsSystemImpl (MetricsSystemImpl.java:startTimer(378)) - Scheduled Metric snapshot period at 10 second(s).
2021-07-28 21:02:04,490 [Listener at 0.0.0.0/15143] INFO  impl.MetricsSystemImpl (MetricsSystemImpl.java:start(191)) - StorageContainerManager metrics system started
2021-07-28 21:02:04,734 [Listener at 0.0.0.0/15143] INFO  server.SCMClientProtocolServer (SCMClientProtocolServer.java:start(165)) - RPC server for Client  is listening at /0.0.0.0:15143
2021-07-28 21:02:04,736 [IPC Server Responder] INFO  ipc.Server (Server.java:run(1507)) - IPC Server Responder: starting
2021-07-28 21:02:04,741 [IPC Server listener on 15143] INFO  ipc.Server (Server.java:run(1344)) - IPC Server listener on 15143: starting
2021-07-28 21:02:04,760 [Listener at 0.0.0.0/15143] INFO  server.StorageContainerManager (StorageContainerManager.java:start(1260)) - ScmBlockLocationProtocol RPC server is listening at /0.0.0.0:15142
2021-07-28 21:02:04,761 [Listener at 0.0.0.0/15143] INFO  server.SCMBlockProtocolServer (SCMBlockProtocolServer.java:start(151)) - RPC server for Block Protocol is listening at /0.0.0.0:15142
2021-07-28 21:02:04,761 [IPC Server Responder] INFO  ipc.Server (Server.java:run(1507)) - IPC Server Responder: starting
2021-07-28 21:02:04,762 [IPC Server listener on 15142] INFO  ipc.Server (Server.java:run(1344)) - IPC Server listener on 15142: starting
2021-07-28 21:02:04,776 [Listener at 0.0.0.0/15143] INFO  server.StorageContainerManager (StorageContainerManager.java:start(1266)) - ScmDatanodeProtocl RPC server is listening at /0.0.0.0:15141
2021-07-28 21:02:04,811 [org.apache.hadoop.util.JvmPauseMonitor$Monitor@6f800f9d] INFO  util.JvmPauseMonitor (JvmPauseMonitor.java:run(188)) - Starting JVM pause monitor
2021-07-28 21:02:04,815 [Listener at 0.0.0.0/15143] INFO  http.BaseHttpServer (BaseHttpServer.java:newHttpServer2BuilderForOzone(209)) - Starting Web-server for scm at: http://0.0.0.0:15138
2021-07-28 21:02:04,815 [Listener at 0.0.0.0/15143] INFO  http.BaseHttpServer (BaseHttpServer.java:<init>(107)) - Hadoop Security Enabled: false Ozone Security Enabled: false Ozone HTTP Security Enabled: false 
2021-07-28 21:02:04,843 [Listener at 0.0.0.0/15143] INFO  util.log (Log.java:initialized(169)) - Logging initialized @10714ms to org.eclipse.jetty.util.log.Slf4jLog
2021-07-28 21:02:04,953 [Listener at 0.0.0.0/15143] INFO  server.AuthenticationFilter (AuthenticationFilter.java:constructSecretProvider(240)) - Unable to initialize FileSignerSecretProvider, falling back to use random secrets.
2021-07-28 21:02:04,958 [Listener at 0.0.0.0/15143] WARN  http.HttpRequestLog (HttpRequestLog.java:getRequestLog(103)) - Jetty request log can only be enabled using Log4j
2021-07-28 21:02:04,963 [Listener at 0.0.0.0/15143] INFO  http.HttpServer2 (HttpServer2.java:addGlobalFilter(1020)) - Added global filter 'safety' (class=org.apache.hadoop.hdds.server.http.HttpServer2$QuotingInputFilter)
2021-07-28 21:02:04,965 [Listener at 0.0.0.0/15143] INFO  http.HttpServer2 (HttpServer2.java:addFilter(996)) - Added filter static_user_filter (class=org.apache.hadoop.http.lib.StaticUserWebFilter$StaticUserFilter) to context scm
2021-07-28 21:02:04,965 [Listener at 0.0.0.0/15143] INFO  http.HttpServer2 (HttpServer2.java:addFilter(1004)) - Added filter static_user_filter (class=org.apache.hadoop.http.lib.StaticUserWebFilter$StaticUserFilter) to context logs
2021-07-28 21:02:04,966 [Listener at 0.0.0.0/15143] INFO  http.HttpServer2 (HttpServer2.java:addFilter(1004)) - Added filter static_user_filter (class=org.apache.hadoop.http.lib.StaticUserWebFilter$StaticUserFilter) to context static
2021-07-28 21:02:05,005 [Listener at 0.0.0.0/15143] INFO  http.HttpServer2 (HttpServer2.java:bindListener(1239)) - Jetty bound to port 15138
2021-07-28 21:02:05,006 [Listener at 0.0.0.0/15143] INFO  server.Server (Server.java:doStart(375)) - jetty-9.4.35.v20201120; built: 2020-11-20T21:17:03.964Z; git: bdc54f03a5e0a7e280fab27f55c3c75ee8da89fb; jvm 1.8.0_292-b10
2021-07-28 21:02:05,048 [Listener at 0.0.0.0/15143] INFO  server.session (DefaultSessionIdManager.java:doStart(334)) - DefaultSessionIdManager workerName=node0
2021-07-28 21:02:05,048 [Listener at 0.0.0.0/15143] INFO  server.session (DefaultSessionIdManager.java:doStart(339)) - No SessionScavenger set, using defaults
2021-07-28 21:02:05,050 [Listener at 0.0.0.0/15143] INFO  server.session (HouseKeeper.java:startScavenging(132)) - node0 Scavenging every 600000ms
2021-07-28 21:02:05,061 [Listener at 0.0.0.0/15143] INFO  handler.ContextHandler (ContextHandler.java:doStart(916)) - Started o.e.j.s.ServletContextHandler@e54c2ca{logs,/logs,file:///home/runner/work/ozone/ozone/mnt/ozone/hadoop-ozone/integration-test/target/log,AVAILABLE}
2021-07-28 21:02:05,062 [Listener at 0.0.0.0/15143] INFO  handler.ContextHandler (ContextHandler.java:doStart(916)) - Started o.e.j.s.ServletContextHandler@18ad8362{static,/static,file:///home/runner/work/ozone/ozone/mnt/ozone/hadoop-ozone/integration-test/target/test-classes/webapps/static,AVAILABLE}
2021-07-28 21:02:05,099 [Listener at 0.0.0.0/15143] INFO  handler.ContextHandler (ContextHandler.java:doStart(916)) - Started o.e.j.w.WebAppContext@2a99f998{scm,/,file:///home/runner/work/ozone/ozone/mnt/ozone/hadoop-ozone/integration-test/target/test-classes/webapps/scm/,AVAILABLE}{file:/home/runner/work/ozone/ozone/mnt/ozone/hadoop-ozone/integration-test/target/test-classes/webapps/scm}
2021-07-28 21:02:05,108 [Listener at 0.0.0.0/15143] INFO  server.AbstractConnector (AbstractConnector.java:doStart(331)) - Started ServerConnector@66cecff9{HTTP/1.1, (http/1.1)}{0.0.0.0:15138}
2021-07-28 21:02:05,109 [Listener at 0.0.0.0/15143] INFO  server.Server (Server.java:doStart(415)) - Started @10979ms
2021-07-28 21:02:05,112 [Listener at 0.0.0.0/15143] INFO  impl.MetricsSinkAdapter (MetricsSinkAdapter.java:start(204)) - Sink prometheus started
2021-07-28 21:02:05,112 [Listener at 0.0.0.0/15143] INFO  impl.MetricsSystemImpl (MetricsSystemImpl.java:registerSink(305)) - Registered sink prometheus
2021-07-28 21:02:05,114 [Listener at 0.0.0.0/15143] INFO  http.BaseHttpServer (BaseHttpServer.java:updateConnectorAddress(329)) - HTTP server of scm listening at http://0.0.0.0:15138
2021-07-28 21:02:05,114 [Listener at 0.0.0.0/15143] INFO  ozone.MiniOzoneHAClusterImpl (MiniOzoneHAClusterImpl.java:createSCMService(563)) - Started SCM RPC server at org.apache.hadoop.hdds.scm.server.SCMClientProtocolServer@1d657efc
2021-07-28 21:02:05,213 [Listener at 0.0.0.0/15143] INFO  ha.OMHANodeDetails (OMHANodeDetails.java:loadOMHAConfig(118)) - ServiceID for OzoneManager is om-bootstrap
2021-07-28 21:02:05,218 [Listener at 0.0.0.0/15143] INFO  ha.OMHANodeDetails (OMHANodeDetails.java:loadOMHAConfig(194)) - Found matching OM address with OMServiceId: om-bootstrap, OMNodeId: omNode-1, RPC Address: localhost:11600 and Ratis port: 11604
2021-07-28 21:02:05,218 [Listener at 0.0.0.0/15143] INFO  ha.OMHANodeDetails (ConfUtils.java:setNodeSpecificConfigs(108)) - Setting configuration key ozone.om.http-address with value of key ozone.om.http-address.om-bootstrap.omNode-1: 127.0.0.1:11602
2021-07-28 21:02:05,218 [Listener at 0.0.0.0/15143] INFO  ha.OMHANodeDetails (ConfUtils.java:setNodeSpecificConfigs(108)) - Setting configuration key ozone.om.https-address with value of key ozone.om.https-address.om-bootstrap.omNode-1: 127.0.0.1:11603
2021-07-28 21:02:05,218 [Listener at 0.0.0.0/15143] INFO  ha.OMHANodeDetails (ConfUtils.java:setNodeSpecificConfigs(108)) - Setting configuration key ozone.om.address with value of key ozone.om.address.om-bootstrap.omNode-1: 127.0.0.1:11600
2021-07-28 21:02:05,218 [Listener at 0.0.0.0/15143] WARN  server.ServerUtils (ServerUtils.java:getDBPath(225)) - ozone.om.db.dirs is not configured. We recommend adding this setting. Falling back to ozone.metadata.dirs instead.
2021-07-28 21:02:05,227 [Listener at 0.0.0.0/15143] INFO  ha.SCMNodeInfo (SCMNodeInfo.java:getPort(197)) - ConfigKey ozone.scm.client.address is deprecated, For configuring different ports for each SCM use PortConfigKey ozone.scm.client.port appended with serviceId and nodeId
2021-07-28 21:02:05,227 [Listener at 0.0.0.0/15143] INFO  ha.SCMNodeInfo (SCMNodeInfo.java:getPort(197)) - ConfigKey ozone.scm.block.client.address is deprecated, For configuring different ports for each SCM use PortConfigKey ozone.scm.block.client.port appended with serviceId and nodeId
2021-07-28 21:02:05,227 [Listener at 0.0.0.0/15143] INFO  ha.SCMNodeInfo (SCMNodeInfo.java:getPort(197)) - ConfigKey ozone.scm.datanode.address is deprecated, For configuring different ports for each SCM use PortConfigKey ozone.scm.datanode.port appended with serviceId and nodeId
2021-07-28 21:02:07,456 [Listener at 0.0.0.0/15143] INFO  retry.RetryInvocationHandler (RetryInvocationHandler.java:log(411)) - com.google.protobuf.ServiceException: org.apache.hadoop.ipc.RemoteException(org.apache.hadoop.hdds.ratis.ServerNotLeaderException): Server:9f4ed4a1-d4cd-462e-b2c8-34d167a020c3 is not the leader. Could not determine the leader node.
	at org.apache.hadoop.hdds.ratis.ServerNotLeaderException.convertToNotLeaderException(ServerNotLeaderException.java:109)
	at org.apache.hadoop.hdds.scm.ha.RatisUtil.checkRatisException(RatisUtil.java:196)
	at org.apache.hadoop.hdds.scm.protocol.ScmBlockLocationProtocolServerSideTranslatorPB.send(ScmBlockLocationProtocolServerSideTranslatorPB.java:108)
	at org.apache.hadoop.hdds.protocol.proto.ScmBlockLocationProtocolProtos$ScmBlockLocationProtocolService$2.callBlockingMethod(ScmBlockLocationProtocolProtos.java:13937)
	at org.apache.hadoop.ipc.ProtobufRpcEngine$Server.processCall(ProtobufRpcEngine.java:466)
	at org.apache.hadoop.ipc.ProtobufRpcEngine2$Server$ProtoBufRpcInvoker.call(ProtobufRpcEngine2.java:574)
	at org.apache.hadoop.ipc.ProtobufRpcEngine2$Server$ProtoBufRpcInvoker.call(ProtobufRpcEngine2.java:552)
	at org.apache.hadoop.ipc.RPC$Server.call(RPC.java:1093)
	at org.apache.hadoop.ipc.Server$RpcCall.run(Server.java:1035)
	at org.apache.hadoop.ipc.Server$RpcCall.run(Server.java:963)
	at java.security.AccessController.doPrivileged(Native Method)
	at javax.security.auth.Subject.doAs(Subject.java:422)
	at org.apache.hadoop.security.UserGroupInformation.doAs(UserGroupInformation.java:1878)
	at org.apache.hadoop.ipc.Server$Handler.run(Server.java:2966)
, while invoking $Proxy39.send over nodeId=scmNode-1,nodeAddress=/127.0.0.1:15142 after 1 failover attempts. Trying to failover after sleeping for 2000ms.
2021-07-28 21:02:09,422 [9f4ed4a1-d4cd-462e-b2c8-34d167a020c3@group-7E5468740183-FollowerState] INFO  impl.FollowerState (FollowerState.java:run(134)) - 9f4ed4a1-d4cd-462e-b2c8-34d167a020c3@group-7E5468740183-FollowerState: change to CANDIDATE, lastRpcElapsedTime:5012583059ns, electionTimeout:5009ms
2021-07-28 21:02:09,422 [9f4ed4a1-d4cd-462e-b2c8-34d167a020c3@group-7E5468740183-FollowerState] INFO  impl.RoleInfo (RoleInfo.java:shutdownFollowerState(108)) - 9f4ed4a1-d4cd-462e-b2c8-34d167a020c3: shutdown 9f4ed4a1-d4cd-462e-b2c8-34d167a020c3@group-7E5468740183-FollowerState
2021-07-28 21:02:09,422 [9f4ed4a1-d4cd-462e-b2c8-34d167a020c3@group-7E5468740183-FollowerState] INFO  server.RaftServer$Division (RaftServerImpl.java:setRole(285)) - 9f4ed4a1-d4cd-462e-b2c8-34d167a020c3@group-7E5468740183: changes role from  FOLLOWER to CANDIDATE at term 1 for changeToCandidate
2021-07-28 21:02:09,422 [9f4ed4a1-d4cd-462e-b2c8-34d167a020c3@group-7E5468740183-FollowerState] INFO  server.RaftServerConfigKeys (ConfUtils.java:logGet(44)) - raft.server.leaderelection.pre-vote = false (custom)
2021-07-28 21:02:09,423 [9f4ed4a1-d4cd-462e-b2c8-34d167a020c3@group-7E5468740183-FollowerState] INFO  impl.RoleInfo (RoleInfo.java:updateAndGet(130)) - 9f4ed4a1-d4cd-462e-b2c8-34d167a020c3: start 9f4ed4a1-d4cd-462e-b2c8-34d167a020c3@group-7E5468740183-LeaderElection2
2021-07-28 21:02:09,431 [9f4ed4a1-d4cd-462e-b2c8-34d167a020c3@group-7E5468740183-LeaderElection2] INFO  impl.LeaderElection (LeaderElection.java:askForVotes(306)) - 9f4ed4a1-d4cd-462e-b2c8-34d167a020c3@group-7E5468740183-LeaderElection2 ELECTION round 0: submit vote requests at term 2 for 0: [9f4ed4a1-d4cd-462e-b2c8-34d167a020c3|rpc:localhost:15140|admin:|client:|dataStream:|priority:0], old=null
2021-07-28 21:02:09,431 [9f4ed4a1-d4cd-462e-b2c8-34d167a020c3@group-7E5468740183-LeaderElection2] INFO  impl.LeaderElection (LeaderElection.java:askForVotes(308)) - 9f4ed4a1-d4cd-462e-b2c8-34d167a020c3@group-7E5468740183-LeaderElection2 ELECTION round 0: result PASSED (term=2)
2021-07-28 21:02:09,431 [9f4ed4a1-d4cd-462e-b2c8-34d167a020c3@group-7E5468740183-LeaderElection2] INFO  impl.RoleInfo (RoleInfo.java:shutdownLeaderElection(121)) - 9f4ed4a1-d4cd-462e-b2c8-34d167a020c3: shutdown 9f4ed4a1-d4cd-462e-b2c8-34d167a020c3@group-7E5468740183-LeaderElection2
2021-07-28 21:02:09,431 [9f4ed4a1-d4cd-462e-b2c8-34d167a020c3@group-7E5468740183-LeaderElection2] INFO  server.RaftServer$Division (RaftServerImpl.java:setRole(285)) - 9f4ed4a1-d4cd-462e-b2c8-34d167a020c3@group-7E5468740183: changes role from CANDIDATE to LEADER at term 2 for changeToLeader
2021-07-28 21:02:09,432 [9f4ed4a1-d4cd-462e-b2c8-34d167a020c3@group-7E5468740183-LeaderElection2] INFO  ha.SCMStateMachine (SCMStateMachine.java:notifyLeaderChanged(252)) - current SCM becomes leader of term 2.
2021-07-28 21:02:09,432 [9f4ed4a1-d4cd-462e-b2c8-34d167a020c3@group-7E5468740183-LeaderElection2] INFO  ha.SCMContext (SCMContext.java:updateLeaderAndTerm(88)) - update <isLeader,term> from <false,0> to <true,2>
2021-07-28 21:02:09,433 [9f4ed4a1-d4cd-462e-b2c8-34d167a020c3@group-7E5468740183-LeaderElection2] INFO  server.RaftServer$Division (ServerState.java:setLeader(285)) - 9f4ed4a1-d4cd-462e-b2c8-34d167a020c3@group-7E5468740183: change Leader from null to 9f4ed4a1-d4cd-462e-b2c8-34d167a020c3 at term 2 for becomeLeader, leader elected after 5924ms
2021-07-28 21:02:09,434 [9f4ed4a1-d4cd-462e-b2c8-34d167a020c3@group-7E5468740183-LeaderElection2] INFO  server.RaftServerConfigKeys (ConfUtils.java:logGet(44)) - raft.server.staging.catchup.gap = 1000 (default)
2021-07-28 21:02:09,434 [9f4ed4a1-d4cd-462e-b2c8-34d167a020c3@group-7E5468740183-LeaderElection2] INFO  server.RaftServerConfigKeys (ConfUtils.java:logGet(44)) - raft.server.write.element-limit = 4096 (default)
2021-07-28 21:02:09,434 [9f4ed4a1-d4cd-462e-b2c8-34d167a020c3@group-7E5468740183-LeaderElection2] INFO  server.RaftServerConfigKeys (ConfUtils.java:logGet(44)) - raft.server.write.byte-limit = 64MB (=67108864) (default)
2021-07-28 21:02:09,435 [9f4ed4a1-d4cd-462e-b2c8-34d167a020c3@group-7E5468740183-LeaderElection2] INFO  server.RaftServerConfigKeys (ConfUtils.java:logGet(44)) - raft.server.watch.timeout = 10s (default)
2021-07-28 21:02:09,435 [9f4ed4a1-d4cd-462e-b2c8-34d167a020c3@group-7E5468740183-LeaderElection2] INFO  server.RaftServerConfigKeys (ConfUtils.java:logGet(44)) - raft.server.watch.timeout.denomination = 1s (default)
2021-07-28 21:02:09,436 [9f4ed4a1-d4cd-462e-b2c8-34d167a020c3@group-7E5468740183-LeaderElection2] INFO  server.RaftServerConfigKeys (ConfUtils.java:logGet(44)) - raft.server.watch.element-limit = 65536 (default)
2021-07-28 21:02:09,436 [9f4ed4a1-d4cd-462e-b2c8-34d167a020c3@group-7E5468740183-LeaderElection2] INFO  impl.RoleInfo (RoleInfo.java:updateAndGet(130)) - 9f4ed4a1-d4cd-462e-b2c8-34d167a020c3: start 9f4ed4a1-d4cd-462e-b2c8-34d167a020c3@group-7E5468740183-LeaderStateImpl
2021-07-28 21:02:09,436 [9f4ed4a1-d4cd-462e-b2c8-34d167a020c3@group-7E5468740183-LeaderElection2] INFO  segmented.SegmentedRaftLogWorker (SegmentedRaftLogWorker.java:rollLogSegment(399)) - 9f4ed4a1-d4cd-462e-b2c8-34d167a020c3@group-7E5468740183-SegmentedRaftLogWorker: Rolling segment log-0_0 to index:0
2021-07-28 21:02:09,443 [9f4ed4a1-d4cd-462e-b2c8-34d167a020c3@group-7E5468740183-SegmentedRaftLogWorker] INFO  segmented.SegmentedRaftLogWorker (SegmentedRaftLogWorker.java:execute(558)) - 9f4ed4a1-d4cd-462e-b2c8-34d167a020c3@group-7E5468740183-SegmentedRaftLogWorker: Rolled log segment from /home/runner/work/ozone/ozone/mnt/ozone/hadoop-ozone/integration-test/target/test-dir/MiniOzoneClusterImpl-78c7c17c-5238-474f-b89e-7e5468740183/scmNode-1/scm-ha/78c7c17c-5238-474f-b89e-7e5468740183/current/log_inprogress_0 to /home/runner/work/ozone/ozone/mnt/ozone/hadoop-ozone/integration-test/target/test-dir/MiniOzoneClusterImpl-78c7c17c-5238-474f-b89e-7e5468740183/scmNode-1/scm-ha/78c7c17c-5238-474f-b89e-7e5468740183/current/log_0-0
2021-07-28 21:02:09,450 [9f4ed4a1-d4cd-462e-b2c8-34d167a020c3@group-7E5468740183-LeaderElection2] INFO  server.RaftServer$Division (ServerState.java:setRaftConf(387)) - 9f4ed4a1-d4cd-462e-b2c8-34d167a020c3@group-7E5468740183: set configuration 1: [9f4ed4a1-d4cd-462e-b2c8-34d167a020c3|rpc:localhost:15140|admin:|client:|dataStream:|priority:0], old=null
2021-07-28 21:02:09,450 [9f4ed4a1-d4cd-462e-b2c8-34d167a020c3@group-7E5468740183-SegmentedRaftLogWorker] INFO  segmented.SegmentedRaftLogWorker (SegmentedRaftLogWorker.java:execute(601)) - 9f4ed4a1-d4cd-462e-b2c8-34d167a020c3@group-7E5468740183-SegmentedRaftLogWorker: created new log segment /home/runner/work/ozone/ozone/mnt/ozone/hadoop-ozone/integration-test/target/test-dir/MiniOzoneClusterImpl-78c7c17c-5238-474f-b89e-7e5468740183/scmNode-1/scm-ha/78c7c17c-5238-474f-b89e-7e5468740183/current/log_inprogress_1
2021-07-28 21:02:09,452 [9f4ed4a1-d4cd-462e-b2c8-34d167a020c3@group-7E5468740183-StateMachineUpdater] INFO  ha.SCMContext (SCMContext.java:setLeaderReady(115)) - update <isLeaderReady> from <false> to <true>
2021-07-28 21:02:09,453 [9f4ed4a1-d4cd-462e-b2c8-34d167a020c3@group-7E5468740183-StateMachineUpdater] INFO  pipeline.BackgroundPipelineCreator (BackgroundPipelineCreatorV2.java:notifyStatusChanged(264)) - Service BackgroundPipelineCreator transitions to RUNNING.
2021-07-28 21:02:09,454 [9f4ed4a1-d4cd-462e-b2c8-34d167a020c3@group-7E5468740183-StateMachineUpdater] INFO  safemode.HealthyPipelineSafeModeRule (HealthyPipelineSafeModeRule.java:initializeRule(152)) - Refreshed total pipeline count is 0, healthy pipeline threshold count is 1
2021-07-28 21:02:09,457 [9f4ed4a1-d4cd-462e-b2c8-34d167a020c3@group-7E5468740183-StateMachineUpdater] INFO  safemode.ContainerSafeModeRule (ContainerSafeModeRule.java:reInitializeRule(177)) - Refreshed one replica container threshold 0, currentThreshold 0
2021-07-28 21:02:09,458 [9f4ed4a1-d4cd-462e-b2c8-34d167a020c3@group-7E5468740183-StateMachineUpdater] INFO  safemode.OneReplicaPipelineSafeModeRule (OneReplicaPipelineSafeModeRule.java:initializeRule(176)) - Refreshed Total pipeline count is 0, pipeline's with at least one datanode reported threshold count is 0
2021-07-28 21:02:09,458 [9f4ed4a1-d4cd-462e-b2c8-34d167a020c3@group-7E5468740183-StateMachineUpdater] INFO  server.SCMDatanodeProtocolServer (SCMDatanodeProtocolServer.java:start(181)) - RPC server for DataNodes is listening at /0.0.0.0:15141
2021-07-28 21:02:09,468 [IPC Server Responder] INFO  ipc.Server (Server.java:run(1507)) - IPC Server Responder: starting
2021-07-28 21:02:09,469 [IPC Server listener on 15141] INFO  ipc.Server (Server.java:run(1344)) - IPC Server listener on 15141: starting
OM initialization succeeded.Current cluster id for sd=/home/runner/work/ozone/ozone/mnt/ozone/hadoop-ozone/integration-test/target/test-dir/MiniOzoneClusterImpl-78c7c17c-5238-474f-b89e-7e5468740183/omNode-1/om;cid=78c7c17c-5238-474f-b89e-7e5468740183;layoutVersion=0
2021-07-28 21:02:09,500 [Listener at 0.0.0.0/15143] INFO  ha.OMHANodeDetails (OMHANodeDetails.java:loadOMHAConfig(118)) - ServiceID for OzoneManager is om-bootstrap
2021-07-28 21:02:09,502 [Listener at 0.0.0.0/15143] INFO  ha.OMHANodeDetails (OMHANodeDetails.java:loadOMHAConfig(194)) - Found matching OM address with OMServiceId: om-bootstrap, OMNodeId: omNode-1, RPC Address: localhost:11600 and Ratis port: 11604
2021-07-28 21:02:09,502 [Listener at 0.0.0.0/15143] INFO  ha.OMHANodeDetails (ConfUtils.java:setNodeSpecificConfigs(108)) - Setting configuration key ozone.om.http-address with value of key ozone.om.http-address.om-bootstrap.omNode-1: 127.0.0.1:11602
2021-07-28 21:02:09,502 [Listener at 0.0.0.0/15143] INFO  ha.OMHANodeDetails (ConfUtils.java:setNodeSpecificConfigs(108)) - Setting configuration key ozone.om.https-address with value of key ozone.om.https-address.om-bootstrap.omNode-1: 127.0.0.1:11603
2021-07-28 21:02:09,502 [Listener at 0.0.0.0/15143] INFO  ha.OMHANodeDetails (ConfUtils.java:setNodeSpecificConfigs(108)) - Setting configuration key ozone.om.address with value of key ozone.om.address.om-bootstrap.omNode-1: 127.0.0.1:11600
2021-07-28 21:02:09,502 [Listener at 0.0.0.0/15143] WARN  server.ServerUtils (ServerUtils.java:getDBPath(225)) - ozone.om.db.dirs is not configured. We recommend adding this setting. Falling back to ozone.metadata.dirs instead.
2021-07-28 21:02:09,504 [Listener at 0.0.0.0/15143] INFO  upgrade.AbstractLayoutVersionManager (AbstractLayoutVersionManager.java:init(70)) - Initializing Layout version manager with metadata layout = INITIAL_VERSION (version = 0), software layout = INITIAL_VERSION (version = 0)
2021-07-28 21:02:09,581 [Listener at 0.0.0.0/15143] INFO  reflections.Reflections (Reflections.java:scan(232)) - Reflections took 72 ms to scan 2 urls, producing 131 keys and 342 values [using 2 cores]
2021-07-28 21:02:09,585 [Listener at 0.0.0.0/15143] INFO  upgrade.OMLayoutVersionManager (OMLayoutVersionManager.java:lambda$0(116)) - Skipping Upgrade Action MockOmUpgradeAction since it has been finalized.
2021-07-28 21:02:09,586 [Listener at 0.0.0.0/15143] WARN  server.ServerUtils (ServerUtils.java:getDBPath(225)) - ozone.om.db.dirs is not configured. We recommend adding this setting. Falling back to ozone.metadata.dirs instead.
2021-07-28 21:02:09,592 [Listener at 0.0.0.0/15143] INFO  ha.SCMNodeInfo (SCMNodeInfo.java:getPort(197)) - ConfigKey ozone.scm.client.address is deprecated, For configuring different ports for each SCM use PortConfigKey ozone.scm.client.port appended with serviceId and nodeId
2021-07-28 21:02:09,592 [Listener at 0.0.0.0/15143] INFO  ha.SCMNodeInfo (SCMNodeInfo.java:getPort(197)) - ConfigKey ozone.scm.block.client.address is deprecated, For configuring different ports for each SCM use PortConfigKey ozone.scm.block.client.port appended with serviceId and nodeId
2021-07-28 21:02:09,592 [Listener at 0.0.0.0/15143] INFO  ha.SCMNodeInfo (SCMNodeInfo.java:getPort(197)) - ConfigKey ozone.scm.datanode.address is deprecated, For configuring different ports for each SCM use PortConfigKey ozone.scm.datanode.port appended with serviceId and nodeId
2021-07-28 21:02:09,715 [Listener at 0.0.0.0/15143] INFO  ha.SCMNodeInfo (SCMNodeInfo.java:getPort(197)) - ConfigKey ozone.scm.client.address is deprecated, For configuring different ports for each SCM use PortConfigKey ozone.scm.client.port appended with serviceId and nodeId
2021-07-28 21:02:09,716 [Listener at 0.0.0.0/15143] INFO  ha.SCMNodeInfo (SCMNodeInfo.java:getPort(197)) - ConfigKey ozone.scm.block.client.address is deprecated, For configuring different ports for each SCM use PortConfigKey ozone.scm.block.client.port appended with serviceId and nodeId
2021-07-28 21:02:09,716 [Listener at 0.0.0.0/15143] INFO  ha.SCMNodeInfo (SCMNodeInfo.java:getPort(197)) - ConfigKey ozone.scm.datanode.address is deprecated, For configuring different ports for each SCM use PortConfigKey ozone.scm.datanode.port appended with serviceId and nodeId
2021-07-28 21:02:09,717 [Listener at 0.0.0.0/15143] INFO  ha.SCMNodeInfo (SCMNodeInfo.java:getPort(197)) - ConfigKey ozone.scm.client.address is deprecated, For configuring different ports for each SCM use PortConfigKey ozone.scm.client.port appended with serviceId and nodeId
2021-07-28 21:02:09,717 [Listener at 0.0.0.0/15143] INFO  ha.SCMNodeInfo (SCMNodeInfo.java:getPort(197)) - ConfigKey ozone.scm.block.client.address is deprecated, For configuring different ports for each SCM use PortConfigKey ozone.scm.block.client.port appended with serviceId and nodeId
2021-07-28 21:02:09,718 [Listener at 0.0.0.0/15143] INFO  ha.SCMNodeInfo (SCMNodeInfo.java:getPort(197)) - ConfigKey ozone.scm.datanode.address is deprecated, For configuring different ports for each SCM use PortConfigKey ozone.scm.datanode.port appended with serviceId and nodeId
2021-07-28 21:02:09,745 [Listener at 0.0.0.0/15143] WARN  server.ServerUtils (ServerUtils.java:getDBPath(225)) - ozone.om.db.dirs is not configured. We recommend adding this setting. Falling back to ozone.metadata.dirs instead.
2021-07-28 21:02:09,752 [Listener at 0.0.0.0/15143] INFO  codec.OmKeyInfoCodec (OmKeyInfoCodec.java:<init>(51)) - OmKeyInfoCodec ignorePipeline = true
2021-07-28 21:02:09,753 [Listener at 0.0.0.0/15143] INFO  codec.RepeatedOmKeyInfoCodec (RepeatedOmKeyInfoCodec.java:<init>(42)) - RepeatedOmKeyInfoCodec ignorePipeline = true
2021-07-28 21:02:09,973 [Listener at 0.0.0.0/15143] INFO  om.OzoneManager (OzoneManager.java:addS3GVolumeToDB(4084)) - Created Volume s3v With Owner runner required for S3Gateway operations.
2021-07-28 21:02:10,052 [Listener at 0.0.0.0/15143] WARN  server.ServerUtils (ServerUtils.java:getDefaultRatisDirectory(237)) - Storage directory for Ratis is not configured. It is a good idea to map this to an SSD disk. Falling back to ozone.metadata.dirs
2021-07-28 21:02:10,053 [Listener at 0.0.0.0/15143] WARN  utils.OzoneManagerRatisUtils (OzoneManagerRatisUtils.java:getOMRatisSnapshotDirectory(391)) - ozone.om.ratis.snapshot.dir is not configured. Falling back to ozone.metadata.dirs config
2021-07-28 21:02:10,054 [Listener at 0.0.0.0/15143] INFO  snapshot.OzoneManagerSnapshotProvider (OzoneManagerSnapshotProvider.java:<init>(76)) - Initializing OM Snapshot Provider
2021-07-28 21:02:10,190 [Listener at 0.0.0.0/15143] WARN  impl.MetricRegistriesImpl (MetricRegistriesImpl.java:addReporterRegistration(111)) - New reporters are added after registries were created. Some metrics will be missing from the reporter. Please add reporter before adding any new registry.
2021-07-28 21:02:10,190 [Listener at 0.0.0.0/15143] WARN  impl.MetricRegistriesImpl (MetricRegistriesImpl.java:addReporterRegistration(111)) - New reporters are added after registries were created. Some metrics will be missing from the reporter. Please add reporter before adding any new registry.
2021-07-28 21:02:10,194 [Listener at 0.0.0.0/15143] WARN  server.ServerUtils (ServerUtils.java:getDefaultRatisDirectory(237)) - Storage directory for Ratis is not configured. It is a good idea to map this to an SSD disk. Falling back to ozone.metadata.dirs
2021-07-28 21:02:10,197 [Listener at 0.0.0.0/15143] INFO  ratis.OzoneManagerRatisServer (OzoneManagerRatisServer.java:<init>(158)) - Instantiating OM Ratis server with groupID: om-bootstrap and peers: localhost:11604, localhost:11616, localhost:11610
2021-07-28 21:02:10,200 [Listener at 0.0.0.0/15143] INFO  ratis.OzoneManagerStateMachine (OzoneManagerStateMachine.java:loadSnapshotInfoFromDB(605)) - LastAppliedIndex is set from TransactionInfo from OM DB as (t:0, i:~)
2021-07-28 21:02:10,214 [Listener at 0.0.0.0/15143] INFO  server.RaftServer (ConfUtils.java:logGet(44)) - raft.rpc.type = GRPC (default)
2021-07-28 21:02:10,214 [Listener at 0.0.0.0/15143] INFO  grpc.GrpcFactory (GrpcFactory.java:checkPooledByteBufAllocatorUseCacheForAllThreads(48)) - PERFORMANCE WARNING: useCacheForAllThreads is true that may cause Netty to create a lot garbage objects and, as a result, trigger GC.
	It is recommended to disable useCacheForAllThreads by setting -Dorg.apache.ratis.thirdparty.io.netty.allocator.useCacheForAllThreads=false in command line.
2021-07-28 21:02:10,214 [Listener at 0.0.0.0/15143] INFO  grpc.GrpcConfigKeys (ConfUtils.java:logGet(44)) - raft.grpc.admin.port = -1 (default)
2021-07-28 21:02:10,214 [Listener at 0.0.0.0/15143] INFO  grpc.GrpcConfigKeys (ConfUtils.java:logGet(44)) - raft.grpc.server.port = 11604 (custom)
2021-07-28 21:02:10,214 [Listener at 0.0.0.0/15143] INFO  grpc.GrpcConfigKeys (ConfUtils.java:logGet(44)) - raft.grpc.client.port = -1 (default)
2021-07-28 21:02:10,215 [Listener at 0.0.0.0/15143] INFO  grpc.GrpcConfigKeys (ConfUtils.java:logGet(44)) - raft.grpc.server.port = 11604 (custom)
2021-07-28 21:02:10,216 [Listener at 0.0.0.0/15143] INFO  grpc.GrpcConfigKeys (ConfUtils.java:logGet(44)) - raft.grpc.server.port = 11604 (custom)
2021-07-28 21:02:10,216 [Listener at 0.0.0.0/15143] INFO  server.GrpcService (ConfUtils.java:logGet(44)) - raft.grpc.message.size.max = 33554432 (custom)
2021-07-28 21:02:10,216 [Listener at 0.0.0.0/15143] INFO  server.RaftServerConfigKeys (ConfUtils.java:logGet(44)) - raft.server.log.appender.buffer.byte-limit = 33554432 (custom)
2021-07-28 21:02:10,216 [Listener at 0.0.0.0/15143] INFO  server.GrpcService (ConfUtils.java:logGet(44)) - raft.grpc.flow.control.window = 1MB (=1048576) (default)
2021-07-28 21:02:10,217 [Listener at 0.0.0.0/15143] INFO  server.RaftServerConfigKeys (ConfUtils.java:logGet(44)) - raft.server.rpc.request.timeout = 3000ms (default)
2021-07-28 21:02:10,218 [Listener at 0.0.0.0/15143] INFO  impl.DataStreamServerImpl (ConfUtils.java:logGet(44)) - raft.datastream.type = DISABLED (default)
2021-07-28 21:02:10,218 [Listener at 0.0.0.0/15143] INFO  server.RaftServerConfigKeys (ConfUtils.java:logGet(44)) - raft.server.rpc.slowness.timeout = 2s (custom)
2021-07-28 21:02:10,218 [Listener at 0.0.0.0/15143] INFO  server.RaftServerConfigKeys (ConfUtils.java:logGet(44)) - raft.server.leaderelection.leader.step-down.wait-time = 10s (default)
2021-07-28 21:02:10,219 [Listener at 0.0.0.0/15143] INFO  server.RaftServerConfigKeys (ConfUtils.java:logGet(44)) - raft.server.storage.dir = [/home/runner/work/ozone/ozone/mnt/ozone/hadoop-ozone/integration-test/target/test-dir/MiniOzoneClusterImpl-78c7c17c-5238-474f-b89e-7e5468740183/omNode-1/ratis] (custom)
2021-07-28 21:02:10,219 [Listener at 0.0.0.0/15143] INFO  server.RaftServer (RaftServerProxy.java:addNew(95)) - omNode-1: addNew group-33FC8B15A7E9:[omNode-3|rpc:localhost:11616|priority:0, omNode-1|rpc:localhost:11604|priority:0, omNode-2|rpc:localhost:11610|priority:0] returns group-33FC8B15A7E9:java.util.concurrent.CompletableFuture@50aa4385[Not completed]
2021-07-28 21:02:10,219 [Listener at 0.0.0.0/15143] INFO  om.OzoneManager (OzoneManager.java:initializeRatisServer(1542)) - OzoneManager Ratis server initialized at port 11604
2021-07-28 21:02:10,224 [pool-44-thread-1] INFO  server.RaftServer$Division (RaftServerImpl.java:<init>(181)) - omNode-1: new RaftServerImpl for group-33FC8B15A7E9:[omNode-3|rpc:localhost:11616|priority:0, omNode-1|rpc:localhost:11604|priority:0, omNode-2|rpc:localhost:11610|priority:0] with OzoneManagerStateMachine:uninitialized
2021-07-28 21:02:10,229 [pool-44-thread-1] INFO  server.RaftServerConfigKeys (ConfUtils.java:logGet(44)) - raft.server.rpc.timeout.min = 1s (custom)
2021-07-28 21:02:10,229 [pool-44-thread-1] INFO  server.RaftServerConfigKeys (ConfUtils.java:logGet(44)) - raft.server.rpc.timeout.max = 1200ms (custom)
2021-07-28 21:02:10,229 [pool-44-thread-1] INFO  server.RaftServerConfigKeys (ConfUtils.java:logGet(44)) - raft.server.rpc.sleep.time = 25ms (default)
2021-07-28 21:02:10,229 [pool-44-thread-1] INFO  server.RaftServerConfigKeys (ConfUtils.java:logGet(44)) - raft.server.rpc.slowness.timeout = 2s (custom)
2021-07-28 21:02:10,229 [pool-44-thread-1] INFO  server.RaftServerConfigKeys (ConfUtils.java:logGet(44)) - raft.server.leaderelection.leader.step-down.wait-time = 10s (default)
2021-07-28 21:02:10,229 [pool-44-thread-1] INFO  server.RaftServerConfigKeys (ConfUtils.java:logGet(44)) - raft.server.sleep.deviation.threshold = 300ms (default)
2021-07-28 21:02:10,230 [pool-44-thread-1] INFO  server.RaftServerConfigKeys (ConfUtils.java:logGet(44)) - raft.server.log.appender.install.snapshot.enabled = false (custom)
2021-07-28 21:02:10,230 [pool-44-thread-1] INFO  server.RaftServer$Division (ServerState.java:<init>(105)) - omNode-1@group-33FC8B15A7E9: ConfigurationManager, init=-1: [omNode-3|rpc:localhost:11616|priority:0, omNode-1|rpc:localhost:11604|priority:0, omNode-2|rpc:localhost:11610|priority:0], old=null, confs=<EMPTY_MAP>
2021-07-28 21:02:10,230 [pool-44-thread-1] INFO  server.RaftServerConfigKeys (ConfUtils.java:logGet(44)) - raft.server.storage.dir = [/home/runner/work/ozone/ozone/mnt/ozone/hadoop-ozone/integration-test/target/test-dir/MiniOzoneClusterImpl-78c7c17c-5238-474f-b89e-7e5468740183/omNode-1/ratis] (custom)
2021-07-28 21:02:10,230 [pool-44-thread-1] INFO  server.RaftServerConfigKeys (ConfUtils.java:logGet(44)) - raft.server.log.corruption.policy = EXCEPTION (default)
2021-07-28 21:02:10,230 [pool-44-thread-1] INFO  server.RaftServerConfigKeys (ConfUtils.java:logGet(44)) - raft.server.storage.free-space.min = 0MB (=0) (default)
2021-07-28 21:02:10,230 [pool-44-thread-1] INFO  storage.RaftStorageDirectory (RaftStorageDirectoryImpl.java:analyzeStorage(135)) - The storage directory /home/runner/work/ozone/ozone/mnt/ozone/hadoop-ozone/integration-test/target/test-dir/MiniOzoneClusterImpl-78c7c17c-5238-474f-b89e-7e5468740183/omNode-1/ratis/a5a8c63e-4922-3a03-b163-33fc8b15a7e9 does not exist. Creating ...
2021-07-28 21:02:10,231 [pool-44-thread-1] INFO  storage.RaftStorageDirectory (RaftStorageDirectoryImpl.java:tryLock(230)) - Lock on /home/runner/work/ozone/ozone/mnt/ozone/hadoop-ozone/integration-test/target/test-dir/MiniOzoneClusterImpl-78c7c17c-5238-474f-b89e-7e5468740183/omNode-1/ratis/a5a8c63e-4922-3a03-b163-33fc8b15a7e9/in_use.lock acquired by nodename 11863@fv-az151-48
2021-07-28 21:02:10,233 [pool-44-thread-1] INFO  storage.RaftStorage (RaftStorageImpl.java:format(89)) - Storage directory /home/runner/work/ozone/ozone/mnt/ozone/hadoop-ozone/integration-test/target/test-dir/MiniOzoneClusterImpl-78c7c17c-5238-474f-b89e-7e5468740183/omNode-1/ratis/a5a8c63e-4922-3a03-b163-33fc8b15a7e9 has been successfully formatted.
2021-07-28 21:02:10,234 [pool-44-thread-1] INFO  server.RaftServerConfigKeys (ConfUtils.java:logGet(44)) - raft.server.notification.no-leader.timeout = 2s (custom)
2021-07-28 21:02:10,234 [pool-44-thread-1] INFO  server.RaftServerConfigKeys (ConfUtils.java:logGet(44)) - raft.server.log.use.memory = false (default)
2021-07-28 21:02:10,234 [pool-44-thread-1] INFO  server.RaftServerConfigKeys (ConfUtils.java:logGet(44)) - raft.server.log.purge.gap = 1000000 (custom)
2021-07-28 21:02:10,235 [pool-44-thread-1] INFO  server.RaftServerConfigKeys (ConfUtils.java:logGet(44)) - raft.server.log.appender.buffer.byte-limit = 33554432 (custom)
2021-07-28 21:02:10,239 [pool-44-thread-1] INFO  server.RaftServerConfigKeys (ConfUtils.java:logGet(44)) - raft.server.log.segment.size.max = 4194304 (custom)
2021-07-28 21:02:10,243 [pool-44-thread-1] INFO  server.RaftServerConfigKeys (ConfUtils.java:logGet(44)) - raft.server.log.segment.cache.num.max = 2 (custom)
2021-07-28 21:02:10,248 [pool-44-thread-1] INFO  server.RaftServerConfigKeys (ConfUtils.java:logGet(44)) - raft.server.log.segment.cache.size.max = 200MB (=209715200) (default)
2021-07-28 21:02:10,248 [pool-44-thread-1] INFO  segmented.SegmentedRaftLogWorker (SegmentedRaftLogWorker.java:<init>(182)) - new omNode-1@group-33FC8B15A7E9-SegmentedRaftLogWorker for RaftStorageImpl:Storage Directory /home/runner/work/ozone/ozone/mnt/ozone/hadoop-ozone/integration-test/target/test-dir/MiniOzoneClusterImpl-78c7c17c-5238-474f-b89e-7e5468740183/omNode-1/ratis/a5a8c63e-4922-3a03-b163-33fc8b15a7e9
2021-07-28 21:02:10,248 [pool-44-thread-1] INFO  server.RaftServerConfigKeys (ConfUtils.java:logGet(44)) - raft.server.log.queue.byte-limit = 64MB (=67108864) (default)
2021-07-28 21:02:10,248 [pool-44-thread-1] INFO  server.RaftServerConfigKeys (ConfUtils.java:logGet(44)) - raft.server.log.queue.element-limit = 4096 (default)
2021-07-28 21:02:10,248 [pool-44-thread-1] INFO  server.RaftServerConfigKeys (ConfUtils.java:logGet(44)) - raft.server.log.segment.size.max = 4194304 (custom)
2021-07-28 21:02:10,248 [pool-44-thread-1] INFO  server.RaftServerConfigKeys (ConfUtils.java:logGet(44)) - raft.server.log.preallocated.size = 4194304 (custom)
2021-07-28 21:02:10,248 [pool-44-thread-1] INFO  server.RaftServerConfigKeys (ConfUtils.java:logGet(44)) - raft.server.log.force.sync.num = 128 (default)
2021-07-28 21:02:10,248 [pool-44-thread-1] INFO  server.RaftServerConfigKeys (ConfUtils.java:logGet(44)) - raft.server.log.statemachine.data.sync = true (default)
2021-07-28 21:02:10,249 [pool-44-thread-1] INFO  server.RaftServerConfigKeys (ConfUtils.java:logGet(44)) - raft.server.log.statemachine.data.sync.timeout = 10s (default)
2021-07-28 21:02:10,249 [pool-44-thread-1] INFO  server.RaftServerConfigKeys (ConfUtils.java:logGet(44)) - raft.server.log.statemachine.data.sync.timeout.retry = -1 (default)
2021-07-28 21:02:10,249 [pool-44-thread-1] INFO  server.RaftServerConfigKeys (ConfUtils.java:logGet(44)) - raft.server.log.write.buffer.size = 64KB (=65536) (default)
2021-07-28 21:02:10,254 [pool-44-thread-1] INFO  server.RaftServerConfigKeys (ConfUtils.java:logGet(44)) - raft.server.log.statemachine.data.caching.enabled = false (default)
2021-07-28 21:02:10,254 [pool-44-thread-1] INFO  segmented.SegmentedRaftLogWorker (SegmentedRaftLogWorker.java:lambda$new$0(133)) - omNode-1@group-33FC8B15A7E9-SegmentedRaftLogWorker: flushIndex: setUnconditionally 0 -> -1
2021-07-28 21:02:10,254 [pool-44-thread-1] INFO  segmented.SegmentedRaftLogWorker (SegmentedRaftLogWorker.java:lambda$new$0(133)) - omNode-1@group-33FC8B15A7E9-SegmentedRaftLogWorker: safeCacheEvictIndex: setUnconditionally 0 -> -1
2021-07-28 21:02:10,255 [Listener at 0.0.0.0/15143] INFO  ipc.CallQueueManager (CallQueueManager.java:<init>(90)) - Using callQueue: class java.util.concurrent.LinkedBlockingQueue, queueCapacity: 2000, scheduler: class org.apache.hadoop.ipc.DefaultRpcScheduler, ipcBackoff: false.
2021-07-28 21:02:10,256 [pool-44-thread-1] INFO  server.RaftServerConfigKeys (ConfUtils.java:logGet(44)) - raft.server.snapshot.auto.trigger.enabled = true (custom)
2021-07-28 21:02:10,256 [pool-44-thread-1] INFO  server.RaftServerConfigKeys (ConfUtils.java:logGet(44)) - raft.server.snapshot.auto.trigger.threshold = 400000 (default)
2021-07-28 21:02:10,256 [pool-44-thread-1] INFO  server.RaftServerConfigKeys (ConfUtils.java:logGet(44)) - raft.server.snapshot.retention.file.num = -1 (default)
2021-07-28 21:02:10,256 [pool-44-thread-1] INFO  server.RaftServerConfigKeys (ConfUtils.java:logGet(44)) - raft.server.log.purge.upto.snapshot.index = true (custom)
2021-07-28 21:02:10,256 [pool-44-thread-1] INFO  server.RaftServerConfigKeys (ConfUtils.java:logGet(44)) - raft.server.retrycache.expirytime = 300s (custom)
2021-07-28 21:02:10,256 [pool-44-thread-1] INFO  server.RaftServerConfigKeys (ConfUtils.java:logGet(44)) - raft.server.retrycache.statistics.expirytime = 100μs (default)
2021-07-28 21:02:10,258 [Socket Reader #1 for port 11600] INFO  ipc.Server (Server.java:run(1265)) - Starting Socket Reader #1 for port 11600
2021-07-28 21:02:10,291 [Listener at 127.0.0.1/11600] INFO  om.OzoneManager (OzoneManager.java:initFSOLayout(4290)) - Configured ozone.om.metadata.layout=SIMPLE and disabled optimized OM FS operations
2021-07-28 21:02:10,292 [Listener at 127.0.0.1/11600] INFO  impl.MetricsSystemImpl (MetricsSystemImpl.java:init(158)) - OzoneManager metrics system started (again)
2021-07-28 21:02:10,315 [Listener at 127.0.0.1/11600] INFO  om.OzoneManager (OzoneManager.java:start(1239)) - OzoneManager RPC server is listening at localhost/127.0.0.1:11600
2021-07-28 21:02:10,316 [Listener at 127.0.0.1/11600] INFO  ratis.OzoneManagerRatisServer (OzoneManagerRatisServer.java:start(516)) - Starting OzoneManagerRatisServer omNode-1 at port 11604
2021-07-28 21:02:10,316 [Listener at 127.0.0.1/11600] INFO  server.RaftServer$Division (RaftServerImpl.java:start(296)) - omNode-1@group-33FC8B15A7E9: start as a follower, conf=-1: [omNode-3|rpc:localhost:11616|priority:0, omNode-1|rpc:localhost:11604|priority:0, omNode-2|rpc:localhost:11610|priority:0], old=null
2021-07-28 21:02:10,317 [Listener at 127.0.0.1/11600] INFO  server.RaftServer$Division (RaftServerImpl.java:setRole(285)) - omNode-1@group-33FC8B15A7E9: changes role from      null to FOLLOWER at term 0 for startAsFollower
2021-07-28 21:02:10,317 [Listener at 127.0.0.1/11600] INFO  impl.RoleInfo (RoleInfo.java:updateAndGet(130)) - omNode-1: start omNode-1@group-33FC8B15A7E9-FollowerState
2021-07-28 21:02:10,317 [Listener at 127.0.0.1/11600] INFO  util.JmxRegister (JmxRegister.java:tryRegister(44)) - Successfully registered JMX Bean with object name Ratis:service=RaftServer,group=group-33FC8B15A7E9,id=omNode-1
2021-07-28 21:02:10,325 [Listener at 127.0.0.1/11600] INFO  server.RaftServer (RaftServerProxy.java:lambda$start$5(374)) - omNode-1: start RPC server
2021-07-28 21:02:10,329 [Listener at 127.0.0.1/11600] INFO  server.GrpcService (GrpcService.java:startImpl(253)) - omNode-1: GrpcService started, listening on 11604
2021-07-28 21:02:10,330 [Listener at 127.0.0.1/11600] INFO  om.OzoneManager (OzoneManager.java:start(1257)) - Version File has different layout version (0) than OM DB (null). That is expected if this OM has never been finalized to a newer layout version.
2021-07-28 21:02:10,331 [org.apache.ratis.util.JvmPauseMonitor$$Lambda$430/1677697972@6f59238a] INFO  util.JvmPauseMonitor (JvmPauseMonitor.java:run(103)) - JvmPauseMonitor-omNode-1: Started
2021-07-28 21:02:10,337 [Listener at 127.0.0.1/11600] INFO  http.BaseHttpServer (BaseHttpServer.java:newHttpServer2BuilderForOzone(209)) - Starting Web-server for ozoneManager at: http://0.0.0.0:11602
2021-07-28 21:02:10,337 [Listener at 127.0.0.1/11600] INFO  http.BaseHttpServer (BaseHttpServer.java:<init>(107)) - Hadoop Security Enabled: false Ozone Security Enabled: false Ozone HTTP Security Enabled: false 
2021-07-28 21:02:10,339 [Listener at 127.0.0.1/11600] INFO  server.AuthenticationFilter (AuthenticationFilter.java:constructSecretProvider(240)) - Unable to initialize FileSignerSecretProvider, falling back to use random secrets.
2021-07-28 21:02:10,347 [Listener at 127.0.0.1/11600] WARN  http.HttpRequestLog (HttpRequestLog.java:getRequestLog(103)) - Jetty request log can only be enabled using Log4j
2021-07-28 21:02:10,348 [Listener at 127.0.0.1/11600] INFO  http.HttpServer2 (HttpServer2.java:addGlobalFilter(1020)) - Added global filter 'safety' (class=org.apache.hadoop.hdds.server.http.HttpServer2$QuotingInputFilter)
2021-07-28 21:02:10,349 [Listener at 127.0.0.1/11600] INFO  http.HttpServer2 (HttpServer2.java:addFilter(996)) - Added filter static_user_filter (class=org.apache.hadoop.http.lib.StaticUserWebFilter$StaticUserFilter) to context ozoneManager
2021-07-28 21:02:10,349 [Listener at 127.0.0.1/11600] INFO  http.HttpServer2 (HttpServer2.java:addFilter(1004)) - Added filter static_user_filter (class=org.apache.hadoop.http.lib.StaticUserWebFilter$StaticUserFilter) to context static
2021-07-28 21:02:10,349 [Listener at 127.0.0.1/11600] INFO  http.HttpServer2 (HttpServer2.java:addFilter(1004)) - Added filter static_user_filter (class=org.apache.hadoop.http.lib.StaticUserWebFilter$StaticUserFilter) to context logs
2021-07-28 21:02:10,351 [Listener at 127.0.0.1/11600] INFO  http.HttpServer2 (HttpServer2.java:bindListener(1239)) - Jetty bound to port 11602
2021-07-28 21:02:10,351 [Listener at 127.0.0.1/11600] INFO  server.Server (Server.java:doStart(375)) - jetty-9.4.35.v20201120; built: 2020-11-20T21:17:03.964Z; git: bdc54f03a5e0a7e280fab27f55c3c75ee8da89fb; jvm 1.8.0_292-b10
2021-07-28 21:02:10,355 [Listener at 127.0.0.1/11600] INFO  server.session (DefaultSessionIdManager.java:doStart(334)) - DefaultSessionIdManager workerName=node0
2021-07-28 21:02:10,355 [Listener at 127.0.0.1/11600] INFO  server.session (DefaultSessionIdManager.java:doStart(339)) - No SessionScavenger set, using defaults
2021-07-28 21:02:10,355 [Listener at 127.0.0.1/11600] INFO  server.session (HouseKeeper.java:startScavenging(132)) - node0 Scavenging every 600000ms
2021-07-28 21:02:10,357 [Listener at 127.0.0.1/11600] INFO  handler.ContextHandler (ContextHandler.java:doStart(916)) - Started o.e.j.s.ServletContextHandler@19cee821{logs,/logs,file:///home/runner/work/ozone/ozone/mnt/ozone/hadoop-ozone/integration-test/target/log,AVAILABLE}
2021-07-28 21:02:10,357 [Listener at 127.0.0.1/11600] INFO  handler.ContextHandler (ContextHandler.java:doStart(916)) - Started o.e.j.s.ServletContextHandler@6219b5a1{static,/static,file:///home/runner/work/ozone/ozone/mnt/ozone/hadoop-ozone/integration-test/target/test-classes/webapps/static,AVAILABLE}
2021-07-28 21:02:10,360 [Listener at 127.0.0.1/11600] INFO  handler.ContextHandler (ContextHandler.java:doStart(916)) - Started o.e.j.w.WebAppContext@746440b9{ozoneManager,/,file:///home/runner/work/ozone/ozone/mnt/ozone/hadoop-ozone/integration-test/target/test-classes/webapps/ozoneManager/,AVAILABLE}{file:/home/runner/work/ozone/ozone/mnt/ozone/hadoop-ozone/integration-test/target/test-classes/webapps/ozoneManager}
2021-07-28 21:02:10,368 [Listener at 127.0.0.1/11600] INFO  server.AbstractConnector (AbstractConnector.java:doStart(331)) - Started ServerConnector@7db4d759{HTTP/1.1, (http/1.1)}{0.0.0.0:11602}
2021-07-28 21:02:10,369 [Listener at 127.0.0.1/11600] INFO  server.Server (Server.java:doStart(415)) - Started @16239ms
2021-07-28 21:02:10,369 [Listener at 127.0.0.1/11600] WARN  impl.MetricsSystemImpl (MetricsSystemImpl.java:register(279)) - Sink prometheus already exists!
2021-07-28 21:02:10,369 [Listener at 127.0.0.1/11600] INFO  http.BaseHttpServer (BaseHttpServer.java:updateConnectorAddress(329)) - HTTP server of ozoneManager listening at http://0.0.0.0:11602
2021-07-28 21:02:10,370 [IPC Server Responder] INFO  ipc.Server (Server.java:run(1507)) - IPC Server Responder: starting
2021-07-28 21:02:10,372 [IPC Server listener on 11600] INFO  ipc.Server (Server.java:run(1344)) - IPC Server listener on 11600: starting
2021-07-28 21:02:10,377 [Listener at 127.0.0.1/11600] INFO  om.OzoneManager (OzoneManager.java:startTrashEmptier(1500)) - Trash Interval set to 0. Files deleted will not move to trash
2021-07-28 21:02:10,379 [Listener at 127.0.0.1/11600] INFO  ozone.MiniOzoneHAClusterImpl (MiniOzoneHAClusterImpl.java:createOMService(484)) - Started OzoneManager omNode-1 RPC server at localhost/127.0.0.1:11600
2021-07-28 21:02:10,379 [Listener at 127.0.0.1/11600] INFO  ha.OMHANodeDetails (OMHANodeDetails.java:loadOMHAConfig(118)) - ServiceID for OzoneManager is om-bootstrap
2021-07-28 21:02:10,380 [Listener at 127.0.0.1/11600] INFO  ha.OMHANodeDetails (OMHANodeDetails.java:loadOMHAConfig(194)) - Found matching OM address with OMServiceId: om-bootstrap, OMNodeId: omNode-2, RPC Address: localhost:11606 and Ratis port: 11610
2021-07-28 21:02:10,380 [Listener at 127.0.0.1/11600] INFO  ha.OMHANodeDetails (ConfUtils.java:setNodeSpecificConfigs(108)) - Setting configuration key ozone.om.http-address with value of key ozone.om.http-address.om-bootstrap.omNode-2: 127.0.0.1:11608
2021-07-28 21:02:10,389 [Listener at 127.0.0.1/11600] INFO  ha.OMHANodeDetails (ConfUtils.java:setNodeSpecificConfigs(108)) - Setting configuration key ozone.om.https-address with value of key ozone.om.https-address.om-bootstrap.omNode-2: 127.0.0.1:11609
2021-07-28 21:02:10,389 [Listener at 127.0.0.1/11600] INFO  ha.OMHANodeDetails (ConfUtils.java:setNodeSpecificConfigs(108)) - Setting configuration key ozone.om.address with value of key ozone.om.address.om-bootstrap.omNode-2: 127.0.0.1:11606
2021-07-28 21:02:10,389 [Listener at 127.0.0.1/11600] WARN  server.ServerUtils (ServerUtils.java:getDBPath(225)) - ozone.om.db.dirs is not configured. We recommend adding this setting. Falling back to ozone.metadata.dirs instead.
2021-07-28 21:02:10,390 [Listener at 127.0.0.1/11600] INFO  ha.SCMNodeInfo (SCMNodeInfo.java:getPort(197)) - ConfigKey ozone.scm.client.address is deprecated, For configuring different ports for each SCM use PortConfigKey ozone.scm.client.port appended with serviceId and nodeId
2021-07-28 21:02:10,390 [Listener at 127.0.0.1/11600] INFO  ha.SCMNodeInfo (SCMNodeInfo.java:getPort(197)) - ConfigKey ozone.scm.block.client.address is deprecated, For configuring different ports for each SCM use PortConfigKey ozone.scm.block.client.port appended with serviceId and nodeId
2021-07-28 21:02:10,391 [Listener at 127.0.0.1/11600] INFO  ha.SCMNodeInfo (SCMNodeInfo.java:getPort(197)) - ConfigKey ozone.scm.datanode.address is deprecated, For configuring different ports for each SCM use PortConfigKey ozone.scm.datanode.port appended with serviceId and nodeId
2021-07-28 21:02:10,392 [org.apache.hadoop.util.JvmPauseMonitor$Monitor@45cc3e42] INFO  util.JvmPauseMonitor (JvmPauseMonitor.java:run(188)) - Starting JVM pause monitor
OM initialization succeeded.Current cluster id for sd=/home/runner/work/ozone/ozone/mnt/ozone/hadoop-ozone/integration-test/target/test-dir/MiniOzoneClusterImpl-78c7c17c-5238-474f-b89e-7e5468740183/omNode-2/om;cid=78c7c17c-5238-474f-b89e-7e5468740183;layoutVersion=0
2021-07-28 21:02:10,402 [Listener at 127.0.0.1/11600] INFO  ha.OMHANodeDetails (OMHANodeDetails.java:loadOMHAConfig(118)) - ServiceID for OzoneManager is om-bootstrap
2021-07-28 21:02:10,403 [Listener at 127.0.0.1/11600] INFO  ha.OMHANodeDetails (OMHANodeDetails.java:loadOMHAConfig(194)) - Found matching OM address with OMServiceId: om-bootstrap, OMNodeId: omNode-2, RPC Address: localhost:11606 and Ratis port: 11610
2021-07-28 21:02:10,403 [Listener at 127.0.0.1/11600] INFO  ha.OMHANodeDetails (ConfUtils.java:setNodeSpecificConfigs(108)) - Setting configuration key ozone.om.http-address with value of key ozone.om.http-address.om-bootstrap.omNode-2: 127.0.0.1:11608
2021-07-28 21:02:10,403 [Listener at 127.0.0.1/11600] INFO  ha.OMHANodeDetails (ConfUtils.java:setNodeSpecificConfigs(108)) - Setting configuration key ozone.om.https-address with value of key ozone.om.https-address.om-bootstrap.omNode-2: 127.0.0.1:11609
2021-07-28 21:02:10,403 [Listener at 127.0.0.1/11600] INFO  ha.OMHANodeDetails (ConfUtils.java:setNodeSpecificConfigs(108)) - Setting configuration key ozone.om.address with value of key ozone.om.address.om-bootstrap.omNode-2: 127.0.0.1:11606
2021-07-28 21:02:10,403 [Listener at 127.0.0.1/11600] WARN  server.ServerUtils (ServerUtils.java:getDBPath(225)) - ozone.om.db.dirs is not configured. We recommend adding this setting. Falling back to ozone.metadata.dirs instead.
2021-07-28 21:02:10,403 [Listener at 127.0.0.1/11600] INFO  upgrade.AbstractLayoutVersionManager (AbstractLayoutVersionManager.java:init(70)) - Initializing Layout version manager with metadata layout = INITIAL_VERSION (version = 0), software layout = INITIAL_VERSION (version = 0)
2021-07-28 21:02:10,450 [Listener at 127.0.0.1/11600] INFO  reflections.Reflections (Reflections.java:scan(232)) - Reflections took 45 ms to scan 2 urls, producing 131 keys and 342 values [using 2 cores]
2021-07-28 21:02:10,450 [Listener at 127.0.0.1/11600] INFO  upgrade.OMLayoutVersionManager (OMLayoutVersionManager.java:lambda$0(116)) - Skipping Upgrade Action MockOmUpgradeAction since it has been finalized.
2021-07-28 21:02:10,450 [Listener at 127.0.0.1/11600] WARN  server.ServerUtils (ServerUtils.java:getDBPath(225)) - ozone.om.db.dirs is not configured. We recommend adding this setting. Falling back to ozone.metadata.dirs instead.
2021-07-28 21:02:10,451 [Listener at 127.0.0.1/11600] INFO  ha.SCMNodeInfo (SCMNodeInfo.java:getPort(197)) - ConfigKey ozone.scm.client.address is deprecated, For configuring different ports for each SCM use PortConfigKey ozone.scm.client.port appended with serviceId and nodeId
2021-07-28 21:02:10,451 [Listener at 127.0.0.1/11600] INFO  ha.SCMNodeInfo (SCMNodeInfo.java:getPort(197)) - ConfigKey ozone.scm.block.client.address is deprecated, For configuring different ports for each SCM use PortConfigKey ozone.scm.block.client.port appended with serviceId and nodeId
2021-07-28 21:02:10,451 [Listener at 127.0.0.1/11600] INFO  ha.SCMNodeInfo (SCMNodeInfo.java:getPort(197)) - ConfigKey ozone.scm.datanode.address is deprecated, For configuring different ports for each SCM use PortConfigKey ozone.scm.datanode.port appended with serviceId and nodeId
2021-07-28 21:02:10,451 [Listener at 127.0.0.1/11600] INFO  ha.SCMNodeInfo (SCMNodeInfo.java:getPort(197)) - ConfigKey ozone.scm.client.address is deprecated, For configuring different ports for each SCM use PortConfigKey ozone.scm.client.port appended with serviceId and nodeId
2021-07-28 21:02:10,451 [Listener at 127.0.0.1/11600] INFO  ha.SCMNodeInfo (SCMNodeInfo.java:getPort(197)) - ConfigKey ozone.scm.block.client.address is deprecated, For configuring different ports for each SCM use PortConfigKey ozone.scm.block.client.port appended with serviceId and nodeId
2021-07-28 21:02:10,451 [Listener at 127.0.0.1/11600] INFO  ha.SCMNodeInfo (SCMNodeInfo.java:getPort(197)) - ConfigKey ozone.scm.datanode.address is deprecated, For configuring different ports for each SCM use PortConfigKey ozone.scm.datanode.port appended with serviceId and nodeId
2021-07-28 21:02:10,453 [Listener at 127.0.0.1/11600] INFO  ha.SCMNodeInfo (SCMNodeInfo.java:getPort(197)) - ConfigKey ozone.scm.client.address is deprecated, For configuring different ports for each SCM use PortConfigKey ozone.scm.client.port appended with serviceId and nodeId
2021-07-28 21:02:10,453 [Listener at 127.0.0.1/11600] INFO  ha.SCMNodeInfo (SCMNodeInfo.java:getPort(197)) - ConfigKey ozone.scm.block.client.address is deprecated, For configuring different ports for each SCM use PortConfigKey ozone.scm.block.client.port appended with serviceId and nodeId
2021-07-28 21:02:10,453 [Listener at 127.0.0.1/11600] INFO  ha.SCMNodeInfo (SCMNodeInfo.java:getPort(197)) - ConfigKey ozone.scm.datanode.address is deprecated, For configuring different ports for each SCM use PortConfigKey ozone.scm.datanode.port appended with serviceId and nodeId
2021-07-28 21:02:10,463 [Listener at 127.0.0.1/11600] WARN  server.ServerUtils (ServerUtils.java:getDBPath(225)) - ozone.om.db.dirs is not configured. We recommend adding this setting. Falling back to ozone.metadata.dirs instead.
2021-07-28 21:02:10,464 [Listener at 127.0.0.1/11600] INFO  codec.OmKeyInfoCodec (OmKeyInfoCodec.java:<init>(51)) - OmKeyInfoCodec ignorePipeline = true
2021-07-28 21:02:10,464 [Listener at 127.0.0.1/11600] INFO  codec.RepeatedOmKeyInfoCodec (RepeatedOmKeyInfoCodec.java:<init>(42)) - RepeatedOmKeyInfoCodec ignorePipeline = true
2021-07-28 21:02:10,586 [Listener at 127.0.0.1/11600] INFO  om.OzoneManager (OzoneManager.java:addS3GVolumeToDB(4084)) - Created Volume s3v With Owner runner required for S3Gateway operations.
2021-07-28 21:02:10,586 [Listener at 127.0.0.1/11600] WARN  server.ServerUtils (ServerUtils.java:getDefaultRatisDirectory(237)) - Storage directory for Ratis is not configured. It is a good idea to map this to an SSD disk. Falling back to ozone.metadata.dirs
2021-07-28 21:02:10,586 [Listener at 127.0.0.1/11600] WARN  utils.OzoneManagerRatisUtils (OzoneManagerRatisUtils.java:getOMRatisSnapshotDirectory(391)) - ozone.om.ratis.snapshot.dir is not configured. Falling back to ozone.metadata.dirs config
2021-07-28 21:02:10,587 [Listener at 127.0.0.1/11600] INFO  snapshot.OzoneManagerSnapshotProvider (OzoneManagerSnapshotProvider.java:<init>(76)) - Initializing OM Snapshot Provider
2021-07-28 21:02:10,588 [Listener at 127.0.0.1/11600] WARN  impl.MetricRegistriesImpl (MetricRegistriesImpl.java:addReporterRegistration(111)) - New reporters are added after registries were created. Some metrics will be missing from the reporter. Please add reporter before adding any new registry.
2021-07-28 21:02:10,588 [Listener at 127.0.0.1/11600] WARN  impl.MetricRegistriesImpl (MetricRegistriesImpl.java:addReporterRegistration(111)) - New reporters are added after registries were created. Some metrics will be missing from the reporter. Please add reporter before adding any new registry.
2021-07-28 21:02:10,588 [Listener at 127.0.0.1/11600] WARN  server.ServerUtils (ServerUtils.java:getDefaultRatisDirectory(237)) - Storage directory for Ratis is not configured. It is a good idea to map this to an SSD disk. Falling back to ozone.metadata.dirs
2021-07-28 21:02:10,589 [Listener at 127.0.0.1/11600] INFO  ratis.OzoneManagerRatisServer (OzoneManagerRatisServer.java:<init>(158)) - Instantiating OM Ratis server with groupID: om-bootstrap and peers: localhost:11610, localhost:11616, localhost:11604
2021-07-28 21:02:10,590 [Listener at 127.0.0.1/11600] INFO  ratis.OzoneManagerStateMachine (OzoneManagerStateMachine.java:loadSnapshotInfoFromDB(605)) - LastAppliedIndex is set from TransactionInfo from OM DB as (t:0, i:~)
2021-07-28 21:02:10,590 [Listener at 127.0.0.1/11600] INFO  server.RaftServer (ConfUtils.java:logGet(44)) - raft.rpc.type = GRPC (default)
2021-07-28 21:02:10,590 [Listener at 127.0.0.1/11600] INFO  grpc.GrpcFactory (GrpcFactory.java:checkPooledByteBufAllocatorUseCacheForAllThreads(48)) - PERFORMANCE WARNING: useCacheForAllThreads is true that may cause Netty to create a lot garbage objects and, as a result, trigger GC.
	It is recommended to disable useCacheForAllThreads by setting -Dorg.apache.ratis.thirdparty.io.netty.allocator.useCacheForAllThreads=false in command line.
2021-07-28 21:02:10,590 [Listener at 127.0.0.1/11600] INFO  grpc.GrpcConfigKeys (ConfUtils.java:logGet(44)) - raft.grpc.admin.port = -1 (default)
2021-07-28 21:02:10,590 [Listener at 127.0.0.1/11600] INFO  grpc.GrpcConfigKeys (ConfUtils.java:logGet(44)) - raft.grpc.server.port = 11610 (custom)
2021-07-28 21:02:10,591 [Listener at 127.0.0.1/11600] INFO  grpc.GrpcConfigKeys (ConfUtils.java:logGet(44)) - raft.grpc.client.port = -1 (default)
2021-07-28 21:02:10,591 [Listener at 127.0.0.1/11600] INFO  grpc.GrpcConfigKeys (ConfUtils.java:logGet(44)) - raft.grpc.server.port = 11610 (custom)
2021-07-28 21:02:10,591 [Listener at 127.0.0.1/11600] INFO  grpc.GrpcConfigKeys (ConfUtils.java:logGet(44)) - raft.grpc.server.port = 11610 (custom)
2021-07-28 21:02:10,591 [Listener at 127.0.0.1/11600] INFO  server.GrpcService (ConfUtils.java:logGet(44)) - raft.grpc.message.size.max = 33554432 (custom)
2021-07-28 21:02:10,591 [Listener at 127.0.0.1/11600] INFO  server.RaftServerConfigKeys (ConfUtils.java:logGet(44)) - raft.server.log.appender.buffer.byte-limit = 33554432 (custom)
2021-07-28 21:02:10,591 [Listener at 127.0.0.1/11600] INFO  server.GrpcService (ConfUtils.java:logGet(44)) - raft.grpc.flow.control.window = 1MB (=1048576) (default)
2021-07-28 21:02:10,591 [Listener at 127.0.0.1/11600] INFO  server.RaftServerConfigKeys (ConfUtils.java:logGet(44)) - raft.server.rpc.request.timeout = 3000ms (default)
2021-07-28 21:02:10,592 [Listener at 127.0.0.1/11600] INFO  impl.DataStreamServerImpl (ConfUtils.java:logGet(44)) - raft.datastream.type = DISABLED (default)
2021-07-28 21:02:10,592 [Listener at 127.0.0.1/11600] INFO  server.RaftServerConfigKeys (ConfUtils.java:logGet(44)) - raft.server.rpc.slowness.timeout = 2s (custom)
2021-07-28 21:02:10,592 [Listener at 127.0.0.1/11600] INFO  server.RaftServerConfigKeys (ConfUtils.java:logGet(44)) - raft.server.leaderelection.leader.step-down.wait-time = 10s (default)
2021-07-28 21:02:10,593 [Listener at 127.0.0.1/11600] INFO  server.RaftServerConfigKeys (ConfUtils.java:logGet(44)) - raft.server.storage.dir = [/home/runner/work/ozone/ozone/mnt/ozone/hadoop-ozone/integration-test/target/test-dir/MiniOzoneClusterImpl-78c7c17c-5238-474f-b89e-7e5468740183/omNode-2/ratis] (custom)
2021-07-28 21:02:10,596 [Listener at 127.0.0.1/11600] INFO  server.RaftServer (RaftServerProxy.java:addNew(95)) - omNode-2: addNew group-33FC8B15A7E9:[omNode-3|rpc:localhost:11616|priority:0, omNode-1|rpc:localhost:11604|priority:0, omNode-2|rpc:localhost:11610|priority:0] returns group-33FC8B15A7E9:java.util.concurrent.CompletableFuture@1a7aa7a6[Not completed]
2021-07-28 21:02:10,596 [Listener at 127.0.0.1/11600] INFO  om.OzoneManager (OzoneManager.java:initializeRatisServer(1542)) - OzoneManager Ratis server initialized at port 11610
2021-07-28 21:02:10,598 [Listener at 127.0.0.1/11600] INFO  ipc.CallQueueManager (CallQueueManager.java:<init>(90)) - Using callQueue: class java.util.concurrent.LinkedBlockingQueue, queueCapacity: 2000, scheduler: class org.apache.hadoop.ipc.DefaultRpcScheduler, ipcBackoff: false.
2021-07-28 21:02:10,599 [pool-66-thread-1] INFO  server.RaftServer$Division (RaftServerImpl.java:<init>(181)) - omNode-2: new RaftServerImpl for group-33FC8B15A7E9:[omNode-3|rpc:localhost:11616|priority:0, omNode-1|rpc:localhost:11604|priority:0, omNode-2|rpc:localhost:11610|priority:0] with OzoneManagerStateMachine:uninitialized
2021-07-28 21:02:10,602 [Socket Reader #1 for port 11606] INFO  ipc.Server (Server.java:run(1265)) - Starting Socket Reader #1 for port 11606
2021-07-28 21:02:10,612 [pool-66-thread-1] INFO  server.RaftServerConfigKeys (ConfUtils.java:logGet(44)) - raft.server.rpc.timeout.min = 1s (custom)
2021-07-28 21:02:10,612 [pool-66-thread-1] INFO  server.RaftServerConfigKeys (ConfUtils.java:logGet(44)) - raft.server.rpc.timeout.max = 1200ms (custom)
2021-07-28 21:02:10,612 [pool-66-thread-1] INFO  server.RaftServerConfigKeys (ConfUtils.java:logGet(44)) - raft.server.rpc.sleep.time = 25ms (default)
2021-07-28 21:02:10,613 [pool-66-thread-1] INFO  server.RaftServerConfigKeys (ConfUtils.java:logGet(44)) - raft.server.rpc.slowness.timeout = 2s (custom)
2021-07-28 21:02:10,613 [pool-66-thread-1] INFO  server.RaftServerConfigKeys (ConfUtils.java:logGet(44)) - raft.server.leaderelection.leader.step-down.wait-time = 10s (default)
2021-07-28 21:02:10,613 [pool-66-thread-1] INFO  server.RaftServerConfigKeys (ConfUtils.java:logGet(44)) - raft.server.sleep.deviation.threshold = 300ms (default)
2021-07-28 21:02:10,613 [pool-66-thread-1] INFO  server.RaftServerConfigKeys (ConfUtils.java:logGet(44)) - raft.server.log.appender.install.snapshot.enabled = false (custom)
2021-07-28 21:02:10,613 [pool-66-thread-1] INFO  server.RaftServer$Division (ServerState.java:<init>(105)) - omNode-2@group-33FC8B15A7E9: ConfigurationManager, init=-1: [omNode-3|rpc:localhost:11616|priority:0, omNode-1|rpc:localhost:11604|priority:0, omNode-2|rpc:localhost:11610|priority:0], old=null, confs=<EMPTY_MAP>
2021-07-28 21:02:10,613 [pool-66-thread-1] INFO  server.RaftServerConfigKeys (ConfUtils.java:logGet(44)) - raft.server.storage.dir = [/home/runner/work/ozone/ozone/mnt/ozone/hadoop-ozone/integration-test/target/test-dir/MiniOzoneClusterImpl-78c7c17c-5238-474f-b89e-7e5468740183/omNode-2/ratis] (custom)
2021-07-28 21:02:10,613 [pool-66-thread-1] INFO  server.RaftServerConfigKeys (ConfUtils.java:logGet(44)) - raft.server.log.corruption.policy = EXCEPTION (default)
2021-07-28 21:02:10,613 [pool-66-thread-1] INFO  server.RaftServerConfigKeys (ConfUtils.java:logGet(44)) - raft.server.storage.free-space.min = 0MB (=0) (default)
2021-07-28 21:02:10,613 [pool-66-thread-1] INFO  storage.RaftStorageDirectory (RaftStorageDirectoryImpl.java:analyzeStorage(135)) - The storage directory /home/runner/work/ozone/ozone/mnt/ozone/hadoop-ozone/integration-test/target/test-dir/MiniOzoneClusterImpl-78c7c17c-5238-474f-b89e-7e5468740183/omNode-2/ratis/a5a8c63e-4922-3a03-b163-33fc8b15a7e9 does not exist. Creating ...
2021-07-28 21:02:10,614 [pool-66-thread-1] INFO  storage.RaftStorageDirectory (RaftStorageDirectoryImpl.java:tryLock(230)) - Lock on /home/runner/work/ozone/ozone/mnt/ozone/hadoop-ozone/integration-test/target/test-dir/MiniOzoneClusterImpl-78c7c17c-5238-474f-b89e-7e5468740183/omNode-2/ratis/a5a8c63e-4922-3a03-b163-33fc8b15a7e9/in_use.lock acquired by nodename 11863@fv-az151-48
2021-07-28 21:02:10,616 [pool-66-thread-1] INFO  storage.RaftStorage (RaftStorageImpl.java:format(89)) - Storage directory /home/runner/work/ozone/ozone/mnt/ozone/hadoop-ozone/integration-test/target/test-dir/MiniOzoneClusterImpl-78c7c17c-5238-474f-b89e-7e5468740183/omNode-2/ratis/a5a8c63e-4922-3a03-b163-33fc8b15a7e9 has been successfully formatted.
2021-07-28 21:02:10,616 [pool-66-thread-1] INFO  server.RaftServerConfigKeys (ConfUtils.java:logGet(44)) - raft.server.notification.no-leader.timeout = 2s (custom)
2021-07-28 21:02:10,616 [pool-66-thread-1] INFO  server.RaftServerConfigKeys (ConfUtils.java:logGet(44)) - raft.server.log.use.memory = false (default)
2021-07-28 21:02:10,616 [pool-66-thread-1] INFO  server.RaftServerConfigKeys (ConfUtils.java:logGet(44)) - raft.server.log.purge.gap = 1000000 (custom)
2021-07-28 21:02:10,616 [pool-66-thread-1] INFO  server.RaftServerConfigKeys (ConfUtils.java:logGet(44)) - raft.server.log.appender.buffer.byte-limit = 33554432 (custom)
2021-07-28 21:02:10,617 [pool-66-thread-1] INFO  server.RaftServerConfigKeys (ConfUtils.java:logGet(44)) - raft.server.log.segment.size.max = 4194304 (custom)
2021-07-28 21:02:10,617 [pool-66-thread-1] INFO  server.RaftServerConfigKeys (ConfUtils.java:logGet(44)) - raft.server.log.segment.cache.num.max = 2 (custom)
2021-07-28 21:02:10,617 [pool-66-thread-1] INFO  server.RaftServerConfigKeys (ConfUtils.java:logGet(44)) - raft.server.log.segment.cache.size.max = 200MB (=209715200) (default)
2021-07-28 21:02:10,617 [pool-66-thread-1] INFO  segmented.SegmentedRaftLogWorker (SegmentedRaftLogWorker.java:<init>(182)) - new omNode-2@group-33FC8B15A7E9-SegmentedRaftLogWorker for RaftStorageImpl:Storage Directory /home/runner/work/ozone/ozone/mnt/ozone/hadoop-ozone/integration-test/target/test-dir/MiniOzoneClusterImpl-78c7c17c-5238-474f-b89e-7e5468740183/omNode-2/ratis/a5a8c63e-4922-3a03-b163-33fc8b15a7e9
2021-07-28 21:02:10,617 [pool-66-thread-1] INFO  server.RaftServerConfigKeys (ConfUtils.java:logGet(44)) - raft.server.log.queue.byte-limit = 64MB (=67108864) (default)
2021-07-28 21:02:10,617 [pool-66-thread-1] INFO  server.RaftServerConfigKeys (ConfUtils.java:logGet(44)) - raft.server.log.queue.element-limit = 4096 (default)
2021-07-28 21:02:10,617 [pool-66-thread-1] INFO  server.RaftServerConfigKeys (ConfUtils.java:logGet(44)) - raft.server.log.segment.size.max = 4194304 (custom)
2021-07-28 21:02:10,617 [pool-66-thread-1] INFO  server.RaftServerConfigKeys (ConfUtils.java:logGet(44)) - raft.server.log.preallocated.size = 4194304 (custom)
2021-07-28 21:02:10,617 [pool-66-thread-1] INFO  server.RaftServerConfigKeys (ConfUtils.java:logGet(44)) - raft.server.log.force.sync.num = 128 (default)
2021-07-28 21:02:10,617 [pool-66-thread-1] INFO  server.RaftServerConfigKeys (ConfUtils.java:logGet(44)) - raft.server.log.statemachine.data.sync = true (default)
2021-07-28 21:02:10,618 [pool-66-thread-1] INFO  server.RaftServerConfigKeys (ConfUtils.java:logGet(44)) - raft.server.log.statemachine.data.sync.timeout = 10s (default)
2021-07-28 21:02:10,618 [pool-66-thread-1] INFO  server.RaftServerConfigKeys (ConfUtils.java:logGet(44)) - raft.server.log.statemachine.data.sync.timeout.retry = -1 (default)
2021-07-28 21:02:10,618 [pool-66-thread-1] INFO  server.RaftServerConfigKeys (ConfUtils.java:logGet(44)) - raft.server.log.write.buffer.size = 64KB (=65536) (default)
2021-07-28 21:02:10,619 [pool-66-thread-1] INFO  server.RaftServerConfigKeys (ConfUtils.java:logGet(44)) - raft.server.log.statemachine.data.caching.enabled = false (default)
2021-07-28 21:02:10,619 [pool-66-thread-1] INFO  segmented.SegmentedRaftLogWorker (SegmentedRaftLogWorker.java:lambda$new$0(133)) - omNode-2@group-33FC8B15A7E9-SegmentedRaftLogWorker: flushIndex: setUnconditionally 0 -> -1
2021-07-28 21:02:10,619 [pool-66-thread-1] INFO  segmented.SegmentedRaftLogWorker (SegmentedRaftLogWorker.java:lambda$new$0(133)) - omNode-2@group-33FC8B15A7E9-SegmentedRaftLogWorker: safeCacheEvictIndex: setUnconditionally 0 -> -1
2021-07-28 21:02:10,623 [pool-66-thread-1] INFO  server.RaftServerConfigKeys (ConfUtils.java:logGet(44)) - raft.server.snapshot.auto.trigger.enabled = true (custom)
2021-07-28 21:02:10,623 [pool-66-thread-1] INFO  server.RaftServerConfigKeys (ConfUtils.java:logGet(44)) - raft.server.snapshot.auto.trigger.threshold = 400000 (default)
2021-07-28 21:02:10,623 [pool-66-thread-1] INFO  server.RaftServerConfigKeys (ConfUtils.java:logGet(44)) - raft.server.snapshot.retention.file.num = -1 (default)
2021-07-28 21:02:10,623 [pool-66-thread-1] INFO  server.RaftServerConfigKeys (ConfUtils.java:logGet(44)) - raft.server.log.purge.upto.snapshot.index = true (custom)
2021-07-28 21:02:10,623 [pool-66-thread-1] INFO  server.RaftServerConfigKeys (ConfUtils.java:logGet(44)) - raft.server.retrycache.expirytime = 300s (custom)
2021-07-28 21:02:10,623 [pool-66-thread-1] INFO  server.RaftServerConfigKeys (ConfUtils.java:logGet(44)) - raft.server.retrycache.statistics.expirytime = 100μs (default)
2021-07-28 21:02:10,632 [Listener at 127.0.0.1/11606] INFO  om.OzoneManager (OzoneManager.java:initFSOLayout(4290)) - Configured ozone.om.metadata.layout=SIMPLE and disabled optimized OM FS operations
2021-07-28 21:02:10,633 [Listener at 127.0.0.1/11606] INFO  impl.MetricsSystemImpl (MetricsSystemImpl.java:init(158)) - OzoneManager metrics system started (again)
2021-07-28 21:02:10,646 [Listener at 127.0.0.1/11606] INFO  om.OzoneManager (OzoneManager.java:start(1239)) - OzoneManager RPC server is listening at localhost/127.0.0.1:11606
2021-07-28 21:02:10,647 [Listener at 127.0.0.1/11606] INFO  ratis.OzoneManagerRatisServer (OzoneManagerRatisServer.java:start(516)) - Starting OzoneManagerRatisServer omNode-2 at port 11610
2021-07-28 21:02:10,647 [Listener at 127.0.0.1/11606] INFO  server.RaftServer$Division (RaftServerImpl.java:start(296)) - omNode-2@group-33FC8B15A7E9: start as a follower, conf=-1: [omNode-3|rpc:localhost:11616|priority:0, omNode-1|rpc:localhost:11604|priority:0, omNode-2|rpc:localhost:11610|priority:0], old=null
2021-07-28 21:02:10,647 [Listener at 127.0.0.1/11606] INFO  server.RaftServer$Division (RaftServerImpl.java:setRole(285)) - omNode-2@group-33FC8B15A7E9: changes role from      null to FOLLOWER at term 0 for startAsFollower
2021-07-28 21:02:10,647 [Listener at 127.0.0.1/11606] INFO  impl.RoleInfo (RoleInfo.java:updateAndGet(130)) - omNode-2: start omNode-2@group-33FC8B15A7E9-FollowerState
2021-07-28 21:02:10,648 [Listener at 127.0.0.1/11606] INFO  util.JmxRegister (JmxRegister.java:tryRegister(44)) - Successfully registered JMX Bean with object name Ratis:service=RaftServer,group=group-33FC8B15A7E9,id=omNode-2
2021-07-28 21:02:10,649 [Listener at 127.0.0.1/11606] INFO  server.RaftServer (RaftServerProxy.java:lambda$start$5(374)) - omNode-2: start RPC server
2021-07-28 21:02:10,651 [Listener at 127.0.0.1/11606] INFO  server.GrpcService (GrpcService.java:startImpl(253)) - omNode-2: GrpcService started, listening on 11610
2021-07-28 21:02:10,651 [Listener at 127.0.0.1/11606] INFO  om.OzoneManager (OzoneManager.java:start(1257)) - Version File has different layout version (0) than OM DB (null). That is expected if this OM has never been finalized to a newer layout version.
2021-07-28 21:02:10,651 [org.apache.ratis.util.JvmPauseMonitor$$Lambda$430/1677697972@173612ed] INFO  util.JvmPauseMonitor (JvmPauseMonitor.java:run(103)) - JvmPauseMonitor-omNode-2: Started
2021-07-28 21:02:10,654 [Listener at 127.0.0.1/11606] INFO  http.BaseHttpServer (BaseHttpServer.java:newHttpServer2BuilderForOzone(209)) - Starting Web-server for ozoneManager at: http://0.0.0.0:11608
2021-07-28 21:02:10,654 [Listener at 127.0.0.1/11606] INFO  http.BaseHttpServer (BaseHttpServer.java:<init>(107)) - Hadoop Security Enabled: false Ozone Security Enabled: false Ozone HTTP Security Enabled: false 
2021-07-28 21:02:10,655 [Listener at 127.0.0.1/11606] INFO  server.AuthenticationFilter (AuthenticationFilter.java:constructSecretProvider(240)) - Unable to initialize FileSignerSecretProvider, falling back to use random secrets.
2021-07-28 21:02:10,656 [Listener at 127.0.0.1/11606] WARN  http.HttpRequestLog (HttpRequestLog.java:getRequestLog(103)) - Jetty request log can only be enabled using Log4j
2021-07-28 21:02:10,657 [Listener at 127.0.0.1/11606] INFO  http.HttpServer2 (HttpServer2.java:addGlobalFilter(1020)) - Added global filter 'safety' (class=org.apache.hadoop.hdds.server.http.HttpServer2$QuotingInputFilter)
2021-07-28 21:02:10,658 [Listener at 127.0.0.1/11606] INFO  http.HttpServer2 (HttpServer2.java:addFilter(996)) - Added filter static_user_filter (class=org.apache.hadoop.http.lib.StaticUserWebFilter$StaticUserFilter) to context ozoneManager
2021-07-28 21:02:10,658 [Listener at 127.0.0.1/11606] INFO  http.HttpServer2 (HttpServer2.java:addFilter(1004)) - Added filter static_user_filter (class=org.apache.hadoop.http.lib.StaticUserWebFilter$StaticUserFilter) to context logs
2021-07-28 21:02:10,658 [Listener at 127.0.0.1/11606] INFO  http.HttpServer2 (HttpServer2.java:addFilter(1004)) - Added filter static_user_filter (class=org.apache.hadoop.http.lib.StaticUserWebFilter$StaticUserFilter) to context static
2021-07-28 21:02:10,658 [Listener at 127.0.0.1/11606] INFO  http.HttpServer2 (HttpServer2.java:bindListener(1239)) - Jetty bound to port 11608
2021-07-28 21:02:10,659 [Listener at 127.0.0.1/11606] INFO  server.Server (Server.java:doStart(375)) - jetty-9.4.35.v20201120; built: 2020-11-20T21:17:03.964Z; git: bdc54f03a5e0a7e280fab27f55c3c75ee8da89fb; jvm 1.8.0_292-b10
2021-07-28 21:02:10,665 [Listener at 127.0.0.1/11606] INFO  server.session (DefaultSessionIdManager.java:doStart(334)) - DefaultSessionIdManager workerName=node0
2021-07-28 21:02:10,665 [Listener at 127.0.0.1/11606] INFO  server.session (DefaultSessionIdManager.java:doStart(339)) - No SessionScavenger set, using defaults
2021-07-28 21:02:10,665 [Listener at 127.0.0.1/11606] INFO  server.session (HouseKeeper.java:startScavenging(132)) - node0 Scavenging every 600000ms
2021-07-28 21:02:10,666 [Listener at 127.0.0.1/11606] INFO  handler.ContextHandler (ContextHandler.java:doStart(916)) - Started o.e.j.s.ServletContextHandler@218a2232{logs,/logs,file:///home/runner/work/ozone/ozone/mnt/ozone/hadoop-ozone/integration-test/target/log,AVAILABLE}
2021-07-28 21:02:10,667 [Listener at 127.0.0.1/11606] INFO  handler.ContextHandler (ContextHandler.java:doStart(916)) - Started o.e.j.s.ServletContextHandler@309e0030{static,/static,file:///home/runner/work/ozone/ozone/mnt/ozone/hadoop-ozone/integration-test/target/test-classes/webapps/static,AVAILABLE}
2021-07-28 21:02:10,673 [Listener at 127.0.0.1/11606] INFO  handler.ContextHandler (ContextHandler.java:doStart(916)) - Started o.e.j.w.WebAppContext@71019832{ozoneManager,/,file:///home/runner/work/ozone/ozone/mnt/ozone/hadoop-ozone/integration-test/target/test-classes/webapps/ozoneManager/,AVAILABLE}{file:/home/runner/work/ozone/ozone/mnt/ozone/hadoop-ozone/integration-test/target/test-classes/webapps/ozoneManager}
2021-07-28 21:02:10,674 [Listener at 127.0.0.1/11606] INFO  server.AbstractConnector (AbstractConnector.java:doStart(331)) - Started ServerConnector@1fc872e2{HTTP/1.1, (http/1.1)}{0.0.0.0:11608}
2021-07-28 21:02:10,674 [Listener at 127.0.0.1/11606] INFO  server.Server (Server.java:doStart(415)) - Started @16544ms
2021-07-28 21:02:10,674 [Listener at 127.0.0.1/11606] WARN  impl.MetricsSystemImpl (MetricsSystemImpl.java:register(279)) - Sink prometheus already exists!
2021-07-28 21:02:10,675 [Listener at 127.0.0.1/11606] INFO  http.BaseHttpServer (BaseHttpServer.java:updateConnectorAddress(329)) - HTTP server of ozoneManager listening at http://0.0.0.0:11608
2021-07-28 21:02:10,675 [IPC Server Responder] INFO  ipc.Server (Server.java:run(1507)) - IPC Server Responder: starting
2021-07-28 21:02:10,675 [IPC Server listener on 11606] INFO  ipc.Server (Server.java:run(1344)) - IPC Server listener on 11606: starting
2021-07-28 21:02:10,682 [Listener at 127.0.0.1/11606] INFO  om.OzoneManager (OzoneManager.java:startTrashEmptier(1500)) - Trash Interval set to 0. Files deleted will not move to trash
2021-07-28 21:02:10,682 [Listener at 127.0.0.1/11606] INFO  ozone.MiniOzoneHAClusterImpl (MiniOzoneHAClusterImpl.java:createOMService(484)) - Started OzoneManager omNode-2 RPC server at localhost/127.0.0.1:11606
2021-07-28 21:02:10,683 [Listener at 127.0.0.1/11606] INFO  ha.OMHANodeDetails (OMHANodeDetails.java:loadOMHAConfig(118)) - ServiceID for OzoneManager is om-bootstrap
2021-07-28 21:02:10,683 [Listener at 127.0.0.1/11606] INFO  ha.OMHANodeDetails (OMHANodeDetails.java:loadOMHAConfig(194)) - Found matching OM address with OMServiceId: om-bootstrap, OMNodeId: omNode-3, RPC Address: localhost:11612 and Ratis port: 11616
2021-07-28 21:02:10,683 [Listener at 127.0.0.1/11606] INFO  ha.OMHANodeDetails (ConfUtils.java:setNodeSpecificConfigs(108)) - Setting configuration key ozone.om.http-address with value of key ozone.om.http-address.om-bootstrap.omNode-3: 127.0.0.1:11614
2021-07-28 21:02:10,683 [Listener at 127.0.0.1/11606] INFO  ha.OMHANodeDetails (ConfUtils.java:setNodeSpecificConfigs(108)) - Setting configuration key ozone.om.https-address with value of key ozone.om.https-address.om-bootstrap.omNode-3: 127.0.0.1:11615
2021-07-28 21:02:10,683 [Listener at 127.0.0.1/11606] INFO  ha.OMHANodeDetails (ConfUtils.java:setNodeSpecificConfigs(108)) - Setting configuration key ozone.om.address with value of key ozone.om.address.om-bootstrap.omNode-3: 127.0.0.1:11612
2021-07-28 21:02:10,684 [Listener at 127.0.0.1/11606] WARN  server.ServerUtils (ServerUtils.java:getDBPath(225)) - ozone.om.db.dirs is not configured. We recommend adding this setting. Falling back to ozone.metadata.dirs instead.
2021-07-28 21:02:10,685 [Listener at 127.0.0.1/11606] INFO  ha.SCMNodeInfo (SCMNodeInfo.java:getPort(197)) - ConfigKey ozone.scm.client.address is deprecated, For configuring different ports for each SCM use PortConfigKey ozone.scm.client.port appended with serviceId and nodeId
2021-07-28 21:02:10,685 [Listener at 127.0.0.1/11606] INFO  ha.SCMNodeInfo (SCMNodeInfo.java:getPort(197)) - ConfigKey ozone.scm.block.client.address is deprecated, For configuring different ports for each SCM use PortConfigKey ozone.scm.block.client.port appended with serviceId and nodeId
2021-07-28 21:02:10,685 [Listener at 127.0.0.1/11606] INFO  ha.SCMNodeInfo (SCMNodeInfo.java:getPort(197)) - ConfigKey ozone.scm.datanode.address is deprecated, For configuring different ports for each SCM use PortConfigKey ozone.scm.datanode.port appended with serviceId and nodeId
2021-07-28 21:02:10,686 [org.apache.hadoop.util.JvmPauseMonitor$Monitor@1dccac86] INFO  util.JvmPauseMonitor (JvmPauseMonitor.java:run(188)) - Starting JVM pause monitor
OM initialization succeeded.Current cluster id for sd=/home/runner/work/ozone/ozone/mnt/ozone/hadoop-ozone/integration-test/target/test-dir/MiniOzoneClusterImpl-78c7c17c-5238-474f-b89e-7e5468740183/omNode-3/om;cid=78c7c17c-5238-474f-b89e-7e5468740183;layoutVersion=0
2021-07-28 21:02:10,691 [Listener at 127.0.0.1/11606] INFO  ha.OMHANodeDetails (OMHANodeDetails.java:loadOMHAConfig(118)) - ServiceID for OzoneManager is om-bootstrap
2021-07-28 21:02:10,692 [Listener at 127.0.0.1/11606] INFO  ha.OMHANodeDetails (OMHANodeDetails.java:loadOMHAConfig(194)) - Found matching OM address with OMServiceId: om-bootstrap, OMNodeId: omNode-3, RPC Address: localhost:11612 and Ratis port: 11616
2021-07-28 21:02:10,692 [Listener at 127.0.0.1/11606] INFO  ha.OMHANodeDetails (ConfUtils.java:setNodeSpecificConfigs(108)) - Setting configuration key ozone.om.http-address with value of key ozone.om.http-address.om-bootstrap.omNode-3: 127.0.0.1:11614
2021-07-28 21:02:10,693 [Listener at 127.0.0.1/11606] INFO  ha.OMHANodeDetails (ConfUtils.java:setNodeSpecificConfigs(108)) - Setting configuration key ozone.om.https-address with value of key ozone.om.https-address.om-bootstrap.omNode-3: 127.0.0.1:11615
2021-07-28 21:02:10,693 [Listener at 127.0.0.1/11606] INFO  ha.OMHANodeDetails (ConfUtils.java:setNodeSpecificConfigs(108)) - Setting configuration key ozone.om.address with value of key ozone.om.address.om-bootstrap.omNode-3: 127.0.0.1:11612
2021-07-28 21:02:10,693 [Listener at 127.0.0.1/11606] WARN  server.ServerUtils (ServerUtils.java:getDBPath(225)) - ozone.om.db.dirs is not configured. We recommend adding this setting. Falling back to ozone.metadata.dirs instead.
2021-07-28 21:02:10,694 [Listener at 127.0.0.1/11606] INFO  upgrade.AbstractLayoutVersionManager (AbstractLayoutVersionManager.java:init(70)) - Initializing Layout version manager with metadata layout = INITIAL_VERSION (version = 0), software layout = INITIAL_VERSION (version = 0)
2021-07-28 21:02:10,741 [Listener at 127.0.0.1/11606] INFO  reflections.Reflections (Reflections.java:scan(232)) - Reflections took 46 ms to scan 2 urls, producing 131 keys and 342 values [using 2 cores]
2021-07-28 21:02:10,742 [Listener at 127.0.0.1/11606] INFO  upgrade.OMLayoutVersionManager (OMLayoutVersionManager.java:lambda$0(116)) - Skipping Upgrade Action MockOmUpgradeAction since it has been finalized.
2021-07-28 21:02:10,742 [Listener at 127.0.0.1/11606] WARN  server.ServerUtils (ServerUtils.java:getDBPath(225)) - ozone.om.db.dirs is not configured. We recommend adding this setting. Falling back to ozone.metadata.dirs instead.
2021-07-28 21:02:10,743 [Listener at 127.0.0.1/11606] INFO  ha.SCMNodeInfo (SCMNodeInfo.java:getPort(197)) - ConfigKey ozone.scm.client.address is deprecated, For configuring different ports for each SCM use PortConfigKey ozone.scm.client.port appended with serviceId and nodeId
2021-07-28 21:02:10,743 [Listener at 127.0.0.1/11606] INFO  ha.SCMNodeInfo (SCMNodeInfo.java:getPort(197)) - ConfigKey ozone.scm.block.client.address is deprecated, For configuring different ports for each SCM use PortConfigKey ozone.scm.block.client.port appended with serviceId and nodeId
2021-07-28 21:02:10,743 [Listener at 127.0.0.1/11606] INFO  ha.SCMNodeInfo (SCMNodeInfo.java:getPort(197)) - ConfigKey ozone.scm.datanode.address is deprecated, For configuring different ports for each SCM use PortConfigKey ozone.scm.datanode.port appended with serviceId and nodeId
2021-07-28 21:02:10,743 [Listener at 127.0.0.1/11606] INFO  ha.SCMNodeInfo (SCMNodeInfo.java:getPort(197)) - ConfigKey ozone.scm.client.address is deprecated, For configuring different ports for each SCM use PortConfigKey ozone.scm.client.port appended with serviceId and nodeId
2021-07-28 21:02:10,743 [Listener at 127.0.0.1/11606] INFO  ha.SCMNodeInfo (SCMNodeInfo.java:getPort(197)) - ConfigKey ozone.scm.block.client.address is deprecated, For configuring different ports for each SCM use PortConfigKey ozone.scm.block.client.port appended with serviceId and nodeId
2021-07-28 21:02:10,743 [Listener at 127.0.0.1/11606] INFO  ha.SCMNodeInfo (SCMNodeInfo.java:getPort(197)) - ConfigKey ozone.scm.datanode.address is deprecated, For configuring different ports for each SCM use PortConfigKey ozone.scm.datanode.port appended with serviceId and nodeId
2021-07-28 21:02:10,745 [Listener at 127.0.0.1/11606] INFO  ha.SCMNodeInfo (SCMNodeInfo.java:getPort(197)) - ConfigKey ozone.scm.client.address is deprecated, For configuring different ports for each SCM use PortConfigKey ozone.scm.client.port appended with serviceId and nodeId
2021-07-28 21:02:10,745 [Listener at 127.0.0.1/11606] INFO  ha.SCMNodeInfo (SCMNodeInfo.java:getPort(197)) - ConfigKey ozone.scm.block.client.address is deprecated, For configuring different ports for each SCM use PortConfigKey ozone.scm.block.client.port appended with serviceId and nodeId
2021-07-28 21:02:10,745 [Listener at 127.0.0.1/11606] INFO  ha.SCMNodeInfo (SCMNodeInfo.java:getPort(197)) - ConfigKey ozone.scm.datanode.address is deprecated, For configuring different ports for each SCM use PortConfigKey ozone.scm.datanode.port appended with serviceId and nodeId
2021-07-28 21:02:10,757 [Listener at 127.0.0.1/11606] WARN  server.ServerUtils (ServerUtils.java:getDBPath(225)) - ozone.om.db.dirs is not configured. We recommend adding this setting. Falling back to ozone.metadata.dirs instead.
2021-07-28 21:02:10,758 [Listener at 127.0.0.1/11606] INFO  codec.OmKeyInfoCodec (OmKeyInfoCodec.java:<init>(51)) - OmKeyInfoCodec ignorePipeline = true
2021-07-28 21:02:10,758 [Listener at 127.0.0.1/11606] INFO  codec.RepeatedOmKeyInfoCodec (RepeatedOmKeyInfoCodec.java:<init>(42)) - RepeatedOmKeyInfoCodec ignorePipeline = true
2021-07-28 21:02:10,885 [Listener at 127.0.0.1/11606] INFO  om.OzoneManager (OzoneManager.java:addS3GVolumeToDB(4084)) - Created Volume s3v With Owner runner required for S3Gateway operations.
2021-07-28 21:02:10,885 [Listener at 127.0.0.1/11606] WARN  server.ServerUtils (ServerUtils.java:getDefaultRatisDirectory(237)) - Storage directory for Ratis is not configured. It is a good idea to map this to an SSD disk. Falling back to ozone.metadata.dirs
2021-07-28 21:02:10,885 [Listener at 127.0.0.1/11606] WARN  utils.OzoneManagerRatisUtils (OzoneManagerRatisUtils.java:getOMRatisSnapshotDirectory(391)) - ozone.om.ratis.snapshot.dir is not configured. Falling back to ozone.metadata.dirs config
2021-07-28 21:02:10,885 [Listener at 127.0.0.1/11606] INFO  snapshot.OzoneManagerSnapshotProvider (OzoneManagerSnapshotProvider.java:<init>(76)) - Initializing OM Snapshot Provider
2021-07-28 21:02:10,887 [Listener at 127.0.0.1/11606] WARN  impl.MetricRegistriesImpl (MetricRegistriesImpl.java:addReporterRegistration(111)) - New reporters are added after registries were created. Some metrics will be missing from the reporter. Please add reporter before adding any new registry.
2021-07-28 21:02:10,887 [Listener at 127.0.0.1/11606] WARN  impl.MetricRegistriesImpl (MetricRegistriesImpl.java:addReporterRegistration(111)) - New reporters are added after registries were created. Some metrics will be missing from the reporter. Please add reporter before adding any new registry.
2021-07-28 21:02:10,888 [Listener at 127.0.0.1/11606] WARN  server.ServerUtils (ServerUtils.java:getDefaultRatisDirectory(237)) - Storage directory for Ratis is not configured. It is a good idea to map this to an SSD disk. Falling back to ozone.metadata.dirs
2021-07-28 21:02:10,889 [Listener at 127.0.0.1/11606] INFO  ratis.OzoneManagerRatisServer (OzoneManagerRatisServer.java:<init>(158)) - Instantiating OM Ratis server with groupID: om-bootstrap and peers: localhost:11616, localhost:11604, localhost:11610
2021-07-28 21:02:10,889 [Listener at 127.0.0.1/11606] INFO  ratis.OzoneManagerStateMachine (OzoneManagerStateMachine.java:loadSnapshotInfoFromDB(605)) - LastAppliedIndex is set from TransactionInfo from OM DB as (t:0, i:~)
2021-07-28 21:02:10,889 [Listener at 127.0.0.1/11606] INFO  server.RaftServer (ConfUtils.java:logGet(44)) - raft.rpc.type = GRPC (default)
2021-07-28 21:02:10,889 [Listener at 127.0.0.1/11606] INFO  grpc.GrpcFactory (GrpcFactory.java:checkPooledByteBufAllocatorUseCacheForAllThreads(48)) - PERFORMANCE WARNING: useCacheForAllThreads is true that may cause Netty to create a lot garbage objects and, as a result, trigger GC.
	It is recommended to disable useCacheForAllThreads by setting -Dorg.apache.ratis.thirdparty.io.netty.allocator.useCacheForAllThreads=false in command line.
2021-07-28 21:02:10,890 [Listener at 127.0.0.1/11606] INFO  grpc.GrpcConfigKeys (ConfUtils.java:logGet(44)) - raft.grpc.admin.port = -1 (default)
2021-07-28 21:02:10,890 [Listener at 127.0.0.1/11606] INFO  grpc.GrpcConfigKeys (ConfUtils.java:logGet(44)) - raft.grpc.server.port = 11616 (custom)
2021-07-28 21:02:10,890 [Listener at 127.0.0.1/11606] INFO  grpc.GrpcConfigKeys (ConfUtils.java:logGet(44)) - raft.grpc.client.port = -1 (default)
2021-07-28 21:02:10,890 [Listener at 127.0.0.1/11606] INFO  grpc.GrpcConfigKeys (ConfUtils.java:logGet(44)) - raft.grpc.server.port = 11616 (custom)
2021-07-28 21:02:10,890 [Listener at 127.0.0.1/11606] INFO  grpc.GrpcConfigKeys (ConfUtils.java:logGet(44)) - raft.grpc.server.port = 11616 (custom)
2021-07-28 21:02:10,890 [Listener at 127.0.0.1/11606] INFO  server.GrpcService (ConfUtils.java:logGet(44)) - raft.grpc.message.size.max = 33554432 (custom)
2021-07-28 21:02:10,890 [Listener at 127.0.0.1/11606] INFO  server.RaftServerConfigKeys (ConfUtils.java:logGet(44)) - raft.server.log.appender.buffer.byte-limit = 33554432 (custom)
2021-07-28 21:02:10,890 [Listener at 127.0.0.1/11606] INFO  server.GrpcService (ConfUtils.java:logGet(44)) - raft.grpc.flow.control.window = 1MB (=1048576) (default)
2021-07-28 21:02:10,890 [Listener at 127.0.0.1/11606] INFO  server.RaftServerConfigKeys (ConfUtils.java:logGet(44)) - raft.server.rpc.request.timeout = 3000ms (default)
2021-07-28 21:02:10,892 [Listener at 127.0.0.1/11606] INFO  impl.DataStreamServerImpl (ConfUtils.java:logGet(44)) - raft.datastream.type = DISABLED (default)
2021-07-28 21:02:10,892 [Listener at 127.0.0.1/11606] INFO  server.RaftServerConfigKeys (ConfUtils.java:logGet(44)) - raft.server.rpc.slowness.timeout = 2s (custom)
2021-07-28 21:02:10,892 [Listener at 127.0.0.1/11606] INFO  server.RaftServerConfigKeys (ConfUtils.java:logGet(44)) - raft.server.leaderelection.leader.step-down.wait-time = 10s (default)
2021-07-28 21:02:10,892 [Listener at 127.0.0.1/11606] INFO  server.RaftServerConfigKeys (ConfUtils.java:logGet(44)) - raft.server.storage.dir = [/home/runner/work/ozone/ozone/mnt/ozone/hadoop-ozone/integration-test/target/test-dir/MiniOzoneClusterImpl-78c7c17c-5238-474f-b89e-7e5468740183/omNode-3/ratis] (custom)
2021-07-28 21:02:10,892 [Listener at 127.0.0.1/11606] INFO  server.RaftServer (RaftServerProxy.java:addNew(95)) - omNode-3: addNew group-33FC8B15A7E9:[omNode-3|rpc:localhost:11616|priority:0, omNode-1|rpc:localhost:11604|priority:0, omNode-2|rpc:localhost:11610|priority:0] returns group-33FC8B15A7E9:java.util.concurrent.CompletableFuture@385aaaa[Not completed]
2021-07-28 21:02:10,892 [Listener at 127.0.0.1/11606] INFO  om.OzoneManager (OzoneManager.java:initializeRatisServer(1542)) - OzoneManager Ratis server initialized at port 11616
2021-07-28 21:02:10,894 [pool-87-thread-1] INFO  server.RaftServer$Division (RaftServerImpl.java:<init>(181)) - omNode-3: new RaftServerImpl for group-33FC8B15A7E9:[omNode-3|rpc:localhost:11616|priority:0, omNode-1|rpc:localhost:11604|priority:0, omNode-2|rpc:localhost:11610|priority:0] with OzoneManagerStateMachine:uninitialized
2021-07-28 21:02:10,897 [Listener at 127.0.0.1/11606] INFO  ipc.CallQueueManager (CallQueueManager.java:<init>(90)) - Using callQueue: class java.util.concurrent.LinkedBlockingQueue, queueCapacity: 2000, scheduler: class org.apache.hadoop.ipc.DefaultRpcScheduler, ipcBackoff: false.
2021-07-28 21:02:10,898 [Socket Reader #1 for port 11612] INFO  ipc.Server (Server.java:run(1265)) - Starting Socket Reader #1 for port 11612
2021-07-28 21:02:10,908 [pool-87-thread-1] INFO  server.RaftServerConfigKeys (ConfUtils.java:logGet(44)) - raft.server.rpc.timeout.min = 1s (custom)
2021-07-28 21:02:10,908 [pool-87-thread-1] INFO  server.RaftServerConfigKeys (ConfUtils.java:logGet(44)) - raft.server.rpc.timeout.max = 1200ms (custom)
2021-07-28 21:02:10,908 [pool-87-thread-1] INFO  server.RaftServerConfigKeys (ConfUtils.java:logGet(44)) - raft.server.rpc.sleep.time = 25ms (default)
2021-07-28 21:02:10,908 [pool-87-thread-1] INFO  server.RaftServerConfigKeys (ConfUtils.java:logGet(44)) - raft.server.rpc.slowness.timeout = 2s (custom)
2021-07-28 21:02:10,908 [pool-87-thread-1] INFO  server.RaftServerConfigKeys (ConfUtils.java:logGet(44)) - raft.server.leaderelection.leader.step-down.wait-time = 10s (default)
2021-07-28 21:02:10,908 [pool-87-thread-1] INFO  server.RaftServerConfigKeys (ConfUtils.java:logGet(44)) - raft.server.sleep.deviation.threshold = 300ms (default)
2021-07-28 21:02:10,908 [pool-87-thread-1] INFO  server.RaftServerConfigKeys (ConfUtils.java:logGet(44)) - raft.server.log.appender.install.snapshot.enabled = false (custom)
2021-07-28 21:02:10,909 [pool-87-thread-1] INFO  server.RaftServer$Division (ServerState.java:<init>(105)) - omNode-3@group-33FC8B15A7E9: ConfigurationManager, init=-1: [omNode-3|rpc:localhost:11616|priority:0, omNode-1|rpc:localhost:11604|priority:0, omNode-2|rpc:localhost:11610|priority:0], old=null, confs=<EMPTY_MAP>
2021-07-28 21:02:10,909 [pool-87-thread-1] INFO  server.RaftServerConfigKeys (ConfUtils.java:logGet(44)) - raft.server.storage.dir = [/home/runner/work/ozone/ozone/mnt/ozone/hadoop-ozone/integration-test/target/test-dir/MiniOzoneClusterImpl-78c7c17c-5238-474f-b89e-7e5468740183/omNode-3/ratis] (custom)
2021-07-28 21:02:10,920 [pool-87-thread-1] INFO  server.RaftServerConfigKeys (ConfUtils.java:logGet(44)) - raft.server.log.corruption.policy = EXCEPTION (default)
2021-07-28 21:02:10,920 [pool-87-thread-1] INFO  server.RaftServerConfigKeys (ConfUtils.java:logGet(44)) - raft.server.storage.free-space.min = 0MB (=0) (default)
2021-07-28 21:02:10,921 [pool-87-thread-1] INFO  storage.RaftStorageDirectory (RaftStorageDirectoryImpl.java:analyzeStorage(135)) - The storage directory /home/runner/work/ozone/ozone/mnt/ozone/hadoop-ozone/integration-test/target/test-dir/MiniOzoneClusterImpl-78c7c17c-5238-474f-b89e-7e5468740183/omNode-3/ratis/a5a8c63e-4922-3a03-b163-33fc8b15a7e9 does not exist. Creating ...
2021-07-28 21:02:10,922 [pool-87-thread-1] INFO  storage.RaftStorageDirectory (RaftStorageDirectoryImpl.java:tryLock(230)) - Lock on /home/runner/work/ozone/ozone/mnt/ozone/hadoop-ozone/integration-test/target/test-dir/MiniOzoneClusterImpl-78c7c17c-5238-474f-b89e-7e5468740183/omNode-3/ratis/a5a8c63e-4922-3a03-b163-33fc8b15a7e9/in_use.lock acquired by nodename 11863@fv-az151-48
2021-07-28 21:02:10,923 [pool-87-thread-1] INFO  storage.RaftStorage (RaftStorageImpl.java:format(89)) - Storage directory /home/runner/work/ozone/ozone/mnt/ozone/hadoop-ozone/integration-test/target/test-dir/MiniOzoneClusterImpl-78c7c17c-5238-474f-b89e-7e5468740183/omNode-3/ratis/a5a8c63e-4922-3a03-b163-33fc8b15a7e9 has been successfully formatted.
2021-07-28 21:02:10,923 [pool-87-thread-1] INFO  server.RaftServerConfigKeys (ConfUtils.java:logGet(44)) - raft.server.notification.no-leader.timeout = 2s (custom)
2021-07-28 21:02:10,923 [pool-87-thread-1] INFO  server.RaftServerConfigKeys (ConfUtils.java:logGet(44)) - raft.server.log.use.memory = false (default)
2021-07-28 21:02:10,923 [pool-87-thread-1] INFO  server.RaftServerConfigKeys (ConfUtils.java:logGet(44)) - raft.server.log.purge.gap = 1000000 (custom)
2021-07-28 21:02:10,923 [pool-87-thread-1] INFO  server.RaftServerConfigKeys (ConfUtils.java:logGet(44)) - raft.server.log.appender.buffer.byte-limit = 33554432 (custom)
2021-07-28 21:02:10,924 [pool-87-thread-1] INFO  server.RaftServerConfigKeys (ConfUtils.java:logGet(44)) - raft.server.log.segment.size.max = 4194304 (custom)
2021-07-28 21:02:10,924 [pool-87-thread-1] INFO  server.RaftServerConfigKeys (ConfUtils.java:logGet(44)) - raft.server.log.segment.cache.num.max = 2 (custom)
2021-07-28 21:02:10,924 [pool-87-thread-1] INFO  server.RaftServerConfigKeys (ConfUtils.java:logGet(44)) - raft.server.log.segment.cache.size.max = 200MB (=209715200) (default)
2021-07-28 21:02:10,924 [pool-87-thread-1] INFO  segmented.SegmentedRaftLogWorker (SegmentedRaftLogWorker.java:<init>(182)) - new omNode-3@group-33FC8B15A7E9-SegmentedRaftLogWorker for RaftStorageImpl:Storage Directory /home/runner/work/ozone/ozone/mnt/ozone/hadoop-ozone/integration-test/target/test-dir/MiniOzoneClusterImpl-78c7c17c-5238-474f-b89e-7e5468740183/omNode-3/ratis/a5a8c63e-4922-3a03-b163-33fc8b15a7e9
2021-07-28 21:02:10,924 [pool-87-thread-1] INFO  server.RaftServerConfigKeys (ConfUtils.java:logGet(44)) - raft.server.log.queue.byte-limit = 64MB (=67108864) (default)
2021-07-28 21:02:10,924 [pool-87-thread-1] INFO  server.RaftServerConfigKeys (ConfUtils.java:logGet(44)) - raft.server.log.queue.element-limit = 4096 (default)
2021-07-28 21:02:10,924 [pool-87-thread-1] INFO  server.RaftServerConfigKeys (ConfUtils.java:logGet(44)) - raft.server.log.segment.size.max = 4194304 (custom)
2021-07-28 21:02:10,924 [pool-87-thread-1] INFO  server.RaftServerConfigKeys (ConfUtils.java:logGet(44)) - raft.server.log.preallocated.size = 4194304 (custom)
2021-07-28 21:02:10,924 [pool-87-thread-1] INFO  server.RaftServerConfigKeys (ConfUtils.java:logGet(44)) - raft.server.log.force.sync.num = 128 (default)
2021-07-28 21:02:10,925 [pool-87-thread-1] INFO  server.RaftServerConfigKeys (ConfUtils.java:logGet(44)) - raft.server.log.statemachine.data.sync = true (default)
2021-07-28 21:02:10,925 [pool-87-thread-1] INFO  server.RaftServerConfigKeys (ConfUtils.java:logGet(44)) - raft.server.log.statemachine.data.sync.timeout = 10s (default)
2021-07-28 21:02:10,925 [pool-87-thread-1] INFO  server.RaftServerConfigKeys (ConfUtils.java:logGet(44)) - raft.server.log.statemachine.data.sync.timeout.retry = -1 (default)
2021-07-28 21:02:10,926 [pool-87-thread-1] INFO  server.RaftServerConfigKeys (ConfUtils.java:logGet(44)) - raft.server.log.write.buffer.size = 64KB (=65536) (default)
2021-07-28 21:02:10,926 [pool-87-thread-1] INFO  server.RaftServerConfigKeys (ConfUtils.java:logGet(44)) - raft.server.log.statemachine.data.caching.enabled = false (default)
2021-07-28 21:02:10,926 [pool-87-thread-1] INFO  segmented.SegmentedRaftLogWorker (SegmentedRaftLogWorker.java:lambda$new$0(133)) - omNode-3@group-33FC8B15A7E9-SegmentedRaftLogWorker: flushIndex: setUnconditionally 0 -> -1
2021-07-28 21:02:10,926 [pool-87-thread-1] INFO  segmented.SegmentedRaftLogWorker (SegmentedRaftLogWorker.java:lambda$new$0(133)) - omNode-3@group-33FC8B15A7E9-SegmentedRaftLogWorker: safeCacheEvictIndex: setUnconditionally 0 -> -1
2021-07-28 21:02:10,936 [pool-87-thread-1] INFO  server.RaftServerConfigKeys (ConfUtils.java:logGet(44)) - raft.server.snapshot.auto.trigger.enabled = true (custom)
2021-07-28 21:02:10,936 [pool-87-thread-1] INFO  server.RaftServerConfigKeys (ConfUtils.java:logGet(44)) - raft.server.snapshot.auto.trigger.threshold = 400000 (default)
2021-07-28 21:02:10,936 [pool-87-thread-1] INFO  server.RaftServerConfigKeys (ConfUtils.java:logGet(44)) - raft.server.snapshot.retention.file.num = -1 (default)
2021-07-28 21:02:10,936 [pool-87-thread-1] INFO  server.RaftServerConfigKeys (ConfUtils.java:logGet(44)) - raft.server.log.purge.upto.snapshot.index = true (custom)
2021-07-28 21:02:10,936 [pool-87-thread-1] INFO  server.RaftServerConfigKeys (ConfUtils.java:logGet(44)) - raft.server.retrycache.expirytime = 300s (custom)
2021-07-28 21:02:10,936 [pool-87-thread-1] INFO  server.RaftServerConfigKeys (ConfUtils.java:logGet(44)) - raft.server.retrycache.statistics.expirytime = 100μs (default)
2021-07-28 21:02:10,946 [Listener at 127.0.0.1/11612] INFO  om.OzoneManager (OzoneManager.java:initFSOLayout(4290)) - Configured ozone.om.metadata.layout=SIMPLE and disabled optimized OM FS operations
2021-07-28 21:02:10,949 [Listener at 127.0.0.1/11612] INFO  impl.MetricsSystemImpl (MetricsSystemImpl.java:init(158)) - OzoneManager metrics system started (again)
2021-07-28 21:02:10,965 [Listener at 127.0.0.1/11612] INFO  om.OzoneManager (OzoneManager.java:start(1239)) - OzoneManager RPC server is listening at localhost/127.0.0.1:11612
2021-07-28 21:02:10,966 [Listener at 127.0.0.1/11612] INFO  ratis.OzoneManagerRatisServer (OzoneManagerRatisServer.java:start(516)) - Starting OzoneManagerRatisServer omNode-3 at port 11616
2021-07-28 21:02:10,966 [Listener at 127.0.0.1/11612] INFO  server.RaftServer$Division (RaftServerImpl.java:start(296)) - omNode-3@group-33FC8B15A7E9: start as a follower, conf=-1: [omNode-3|rpc:localhost:11616|priority:0, omNode-1|rpc:localhost:11604|priority:0, omNode-2|rpc:localhost:11610|priority:0], old=null
2021-07-28 21:02:10,966 [Listener at 127.0.0.1/11612] INFO  server.RaftServer$Division (RaftServerImpl.java:setRole(285)) - omNode-3@group-33FC8B15A7E9: changes role from      null to FOLLOWER at term 0 for startAsFollower
2021-07-28 21:02:10,966 [Listener at 127.0.0.1/11612] INFO  impl.RoleInfo (RoleInfo.java:updateAndGet(130)) - omNode-3: start omNode-3@group-33FC8B15A7E9-FollowerState
2021-07-28 21:02:10,966 [Listener at 127.0.0.1/11612] INFO  util.JmxRegister (JmxRegister.java:tryRegister(44)) - Successfully registered JMX Bean with object name Ratis:service=RaftServer,group=group-33FC8B15A7E9,id=omNode-3
2021-07-28 21:02:10,969 [Listener at 127.0.0.1/11612] INFO  server.RaftServer (RaftServerProxy.java:lambda$start$5(374)) - omNode-3: start RPC server
2021-07-28 21:02:10,977 [Listener at 127.0.0.1/11612] INFO  server.GrpcService (GrpcService.java:startImpl(253)) - omNode-3: GrpcService started, listening on 11616
2021-07-28 21:02:10,978 [Listener at 127.0.0.1/11612] INFO  om.OzoneManager (OzoneManager.java:start(1257)) - Version File has different layout version (0) than OM DB (null). That is expected if this OM has never been finalized to a newer layout version.
2021-07-28 21:02:10,978 [org.apache.ratis.util.JvmPauseMonitor$$Lambda$430/1677697972@517922de] INFO  util.JvmPauseMonitor (JvmPauseMonitor.java:run(103)) - JvmPauseMonitor-omNode-3: Started
2021-07-28 21:02:10,979 [Listener at 127.0.0.1/11612] INFO  http.BaseHttpServer (BaseHttpServer.java:newHttpServer2BuilderForOzone(209)) - Starting Web-server for ozoneManager at: http://0.0.0.0:11614
2021-07-28 21:02:10,979 [Listener at 127.0.0.1/11612] INFO  http.BaseHttpServer (BaseHttpServer.java:<init>(107)) - Hadoop Security Enabled: false Ozone Security Enabled: false Ozone HTTP Security Enabled: false 
2021-07-28 21:02:10,981 [Listener at 127.0.0.1/11612] INFO  server.AuthenticationFilter (AuthenticationFilter.java:constructSecretProvider(240)) - Unable to initialize FileSignerSecretProvider, falling back to use random secrets.
2021-07-28 21:02:10,981 [Listener at 127.0.0.1/11612] WARN  http.HttpRequestLog (HttpRequestLog.java:getRequestLog(103)) - Jetty request log can only be enabled using Log4j
2021-07-28 21:02:10,982 [Listener at 127.0.0.1/11612] INFO  http.HttpServer2 (HttpServer2.java:addGlobalFilter(1020)) - Added global filter 'safety' (class=org.apache.hadoop.hdds.server.http.HttpServer2$QuotingInputFilter)
2021-07-28 21:02:10,983 [Listener at 127.0.0.1/11612] INFO  http.HttpServer2 (HttpServer2.java:addFilter(996)) - Added filter static_user_filter (class=org.apache.hadoop.http.lib.StaticUserWebFilter$StaticUserFilter) to context ozoneManager
2021-07-28 21:02:10,983 [Listener at 127.0.0.1/11612] INFO  http.HttpServer2 (HttpServer2.java:addFilter(1004)) - Added filter static_user_filter (class=org.apache.hadoop.http.lib.StaticUserWebFilter$StaticUserFilter) to context logs
2021-07-28 21:02:10,983 [Listener at 127.0.0.1/11612] INFO  http.HttpServer2 (HttpServer2.java:addFilter(1004)) - Added filter static_user_filter (class=org.apache.hadoop.http.lib.StaticUserWebFilter$StaticUserFilter) to context static
2021-07-28 21:02:10,983 [Listener at 127.0.0.1/11612] INFO  http.HttpServer2 (HttpServer2.java:bindListener(1239)) - Jetty bound to port 11614
2021-07-28 21:02:10,984 [Listener at 127.0.0.1/11612] INFO  server.Server (Server.java:doStart(375)) - jetty-9.4.35.v20201120; built: 2020-11-20T21:17:03.964Z; git: bdc54f03a5e0a7e280fab27f55c3c75ee8da89fb; jvm 1.8.0_292-b10
2021-07-28 21:02:10,985 [Listener at 127.0.0.1/11612] INFO  server.session (DefaultSessionIdManager.java:doStart(334)) - DefaultSessionIdManager workerName=node0
2021-07-28 21:02:10,985 [Listener at 127.0.0.1/11612] INFO  server.session (DefaultSessionIdManager.java:doStart(339)) - No SessionScavenger set, using defaults
2021-07-28 21:02:10,985 [Listener at 127.0.0.1/11612] INFO  server.session (HouseKeeper.java:startScavenging(132)) - node0 Scavenging every 600000ms
2021-07-28 21:02:10,986 [Listener at 127.0.0.1/11612] INFO  handler.ContextHandler (ContextHandler.java:doStart(916)) - Started o.e.j.s.ServletContextHandler@4eb32262{logs,/logs,file:///home/runner/work/ozone/ozone/mnt/ozone/hadoop-ozone/integration-test/target/log,AVAILABLE}
2021-07-28 21:02:10,987 [Listener at 127.0.0.1/11612] INFO  handler.ContextHandler (ContextHandler.java:doStart(916)) - Started o.e.j.s.ServletContextHandler@6bc2ab9c{static,/static,file:///home/runner/work/ozone/ozone/mnt/ozone/hadoop-ozone/integration-test/target/test-classes/webapps/static,AVAILABLE}
2021-07-28 21:02:10,991 [Listener at 127.0.0.1/11612] INFO  handler.ContextHandler (ContextHandler.java:doStart(916)) - Started o.e.j.w.WebAppContext@18df7b38{ozoneManager,/,file:///home/runner/work/ozone/ozone/mnt/ozone/hadoop-ozone/integration-test/target/test-classes/webapps/ozoneManager/,AVAILABLE}{file:/home/runner/work/ozone/ozone/mnt/ozone/hadoop-ozone/integration-test/target/test-classes/webapps/ozoneManager}
2021-07-28 21:02:10,995 [Listener at 127.0.0.1/11612] INFO  server.AbstractConnector (AbstractConnector.java:doStart(331)) - Started ServerConnector@1fc122c{HTTP/1.1, (http/1.1)}{0.0.0.0:11614}
2021-07-28 21:02:10,995 [Listener at 127.0.0.1/11612] INFO  server.Server (Server.java:doStart(415)) - Started @16865ms
2021-07-28 21:02:10,995 [Listener at 127.0.0.1/11612] WARN  impl.MetricsSystemImpl (MetricsSystemImpl.java:register(279)) - Sink prometheus already exists!
2021-07-28 21:02:10,996 [Listener at 127.0.0.1/11612] INFO  http.BaseHttpServer (BaseHttpServer.java:updateConnectorAddress(329)) - HTTP server of ozoneManager listening at http://0.0.0.0:11614
2021-07-28 21:02:10,996 [IPC Server Responder] INFO  ipc.Server (Server.java:run(1507)) - IPC Server Responder: starting
2021-07-28 21:02:10,996 [IPC Server listener on 11612] INFO  ipc.Server (Server.java:run(1344)) - IPC Server listener on 11612: starting
2021-07-28 21:02:11,006 [Listener at 127.0.0.1/11612] INFO  om.OzoneManager (OzoneManager.java:startTrashEmptier(1500)) - Trash Interval set to 0. Files deleted will not move to trash
2021-07-28 21:02:11,006 [Listener at 127.0.0.1/11612] INFO  ozone.MiniOzoneHAClusterImpl (MiniOzoneHAClusterImpl.java:createOMService(484)) - Started OzoneManager omNode-3 RPC server at localhost/127.0.0.1:11612
2021-07-28 21:02:11,007 [org.apache.hadoop.util.JvmPauseMonitor$Monitor@13470e9d] INFO  util.JvmPauseMonitor (JvmPauseMonitor.java:run(188)) - Starting JVM pause monitor
2021-07-28 21:02:11,326 [Listener at 127.0.0.1/11612] WARN  impl.MetricRegistriesImpl (MetricRegistriesImpl.java:addReporterRegistration(111)) - New reporters are added after registries were created. Some metrics will be missing from the reporter. Please add reporter before adding any new registry.
2021-07-28 21:02:11,326 [Listener at 127.0.0.1/11612] WARN  impl.MetricRegistriesImpl (MetricRegistriesImpl.java:addReporterRegistration(111)) - New reporters are added after registries were created. Some metrics will be missing from the reporter. Please add reporter before adding any new registry.
2021-07-28 21:02:11,326 [Listener at 127.0.0.1/11612] INFO  impl.MetricsSystemImpl (MetricsSystemImpl.java:init(158)) - HddsDatanode metrics system started (again)
2021-07-28 21:02:11,345 [Listener at 127.0.0.1/11612] INFO  ozone.HddsDatanodeService (HddsDatanodeService.java:start(234)) - HddsDatanodeService host:fv-az151-48.yf2hydr00wburbhx3j5hxtcipe.bx.internal.cloudapp.net ip:10.1.0.18
2021-07-28 21:02:11,375 [Listener at 127.0.0.1/11612] INFO  upgrade.AbstractLayoutVersionManager (AbstractLayoutVersionManager.java:init(70)) - Initializing Layout version manager with metadata layout = SCM_HA (version = 2), software layout = SCM_HA (version = 2)
2021-07-28 21:02:11,414 [omNode-1@group-33FC8B15A7E9-FollowerState] INFO  impl.FollowerState (FollowerState.java:run(134)) - omNode-1@group-33FC8B15A7E9-FollowerState: change to CANDIDATE, lastRpcElapsedTime:1097011911ns, electionTimeout:1088ms
2021-07-28 21:02:11,414 [omNode-1@group-33FC8B15A7E9-FollowerState] INFO  impl.RoleInfo (RoleInfo.java:shutdownFollowerState(108)) - omNode-1: shutdown omNode-1@group-33FC8B15A7E9-FollowerState
2021-07-28 21:02:11,414 [omNode-1@group-33FC8B15A7E9-FollowerState] INFO  server.RaftServer$Division (RaftServerImpl.java:setRole(285)) - omNode-1@group-33FC8B15A7E9: changes role from  FOLLOWER to CANDIDATE at term 0 for changeToCandidate
2021-07-28 21:02:11,414 [omNode-1@group-33FC8B15A7E9-FollowerState] INFO  server.RaftServerConfigKeys (ConfUtils.java:logGet(44)) - raft.server.leaderelection.pre-vote = false (custom)
2021-07-28 21:02:11,414 [omNode-1@group-33FC8B15A7E9-FollowerState] INFO  impl.RoleInfo (RoleInfo.java:updateAndGet(130)) - omNode-1: start omNode-1@group-33FC8B15A7E9-LeaderElection3
2021-07-28 21:02:11,430 [omNode-1@group-33FC8B15A7E9-LeaderElection3] INFO  impl.LeaderElection (LeaderElection.java:askForVotes(306)) - omNode-1@group-33FC8B15A7E9-LeaderElection3 ELECTION round 0: submit vote requests at term 1 for -1: [omNode-3|rpc:localhost:11616|priority:0, omNode-1|rpc:localhost:11604|priority:0, omNode-2|rpc:localhost:11610|priority:0], old=null
2021-07-28 21:02:11,439 [Listener at 127.0.0.1/11612] INFO  reflections.Reflections (Reflections.java:scan(232)) - Reflections took 60 ms to scan 7 urls, producing 120 keys and 273 values 
2021-07-28 21:02:11,444 [Listener at 127.0.0.1/11612] INFO  ha.SCMNodeInfo (SCMNodeInfo.java:getPort(197)) - ConfigKey ozone.scm.client.address is deprecated, For configuring different ports for each SCM use PortConfigKey ozone.scm.client.port appended with serviceId and nodeId
2021-07-28 21:02:11,449 [Listener at 127.0.0.1/11612] INFO  ha.SCMNodeInfo (SCMNodeInfo.java:getPort(197)) - ConfigKey ozone.scm.block.client.address is deprecated, For configuring different ports for each SCM use PortConfigKey ozone.scm.block.client.port appended with serviceId and nodeId
2021-07-28 21:02:11,450 [Listener at 127.0.0.1/11612] INFO  ha.SCMNodeInfo (SCMNodeInfo.java:getPort(197)) - ConfigKey ozone.scm.datanode.address is deprecated, For configuring different ports for each SCM use PortConfigKey ozone.scm.datanode.port appended with serviceId and nodeId
2021-07-28 21:02:11,542 [Listener at 127.0.0.1/11612] INFO  volume.HddsVolume (HddsVolume.java:<init>(120)) - Creating HddsVolume: /home/runner/work/ozone/ozone/mnt/ozone/hadoop-ozone/integration-test/target/test-dir/MiniOzoneClusterImpl-78c7c17c-5238-474f-b89e-7e5468740183/datanode-0/data-0/containers/hdds of storage type : DISK capacity : 9223372036854775807
2021-07-28 21:02:11,550 [Listener at 127.0.0.1/11612] INFO  volume.MutableVolumeSet (MutableVolumeSet.java:initializeVolumeSet(181)) - Added Volume : /home/runner/work/ozone/ozone/mnt/ozone/hadoop-ozone/integration-test/target/test-dir/MiniOzoneClusterImpl-78c7c17c-5238-474f-b89e-7e5468740183/datanode-0/data-0/containers/hdds to VolumeSet
2021-07-28 21:02:11,551 [Listener at 127.0.0.1/11612] INFO  volume.ThrottledAsyncChecker (ThrottledAsyncChecker.java:schedule(141)) - Scheduling a check for /home/runner/work/ozone/ozone/mnt/ozone/hadoop-ozone/integration-test/target/test-dir/MiniOzoneClusterImpl-78c7c17c-5238-474f-b89e-7e5468740183/datanode-0/data-0/containers/hdds
2021-07-28 21:02:11,578 [Listener at 127.0.0.1/11612] INFO  volume.StorageVolumeChecker (StorageVolumeChecker.java:checkAllVolumes(202)) - Scheduled health check for volume /home/runner/work/ozone/ozone/mnt/ozone/hadoop-ozone/integration-test/target/test-dir/MiniOzoneClusterImpl-78c7c17c-5238-474f-b89e-7e5468740183/datanode-0/data-0/containers/hdds
2021-07-28 21:02:11,642 [Listener at 127.0.0.1/11612] INFO  volume.MutableVolumeSet (MutableVolumeSet.java:initializeVolumeSet(181)) - Added Volume : /home/runner/work/ozone/ozone/mnt/ozone/hadoop-ozone/integration-test/target/test-dir/MiniOzoneClusterImpl-78c7c17c-5238-474f-b89e-7e5468740183/datanode-0/data/ratis to VolumeSet
2021-07-28 21:02:11,642 [Listener at 127.0.0.1/11612] INFO  volume.ThrottledAsyncChecker (ThrottledAsyncChecker.java:schedule(141)) - Scheduling a check for /home/runner/work/ozone/ozone/mnt/ozone/hadoop-ozone/integration-test/target/test-dir/MiniOzoneClusterImpl-78c7c17c-5238-474f-b89e-7e5468740183/datanode-0/data/ratis
2021-07-28 21:02:11,642 [Listener at 127.0.0.1/11612] INFO  volume.StorageVolumeChecker (StorageVolumeChecker.java:checkAllVolumes(202)) - Scheduled health check for volume /home/runner/work/ozone/ozone/mnt/ozone/hadoop-ozone/integration-test/target/test-dir/MiniOzoneClusterImpl-78c7c17c-5238-474f-b89e-7e5468740183/datanode-0/data/ratis
2021-07-28 21:02:11,684 [Listener at 127.0.0.1/11612] INFO  ozoneimpl.ContainerReader (ContainerReader.java:<init>(98)) - Running in upgrade mode:true
2021-07-28 21:02:11,695 [Thread-465] INFO  ozoneimpl.ContainerReader (ContainerReader.java:readVolume(142)) - Start to verify containers on volume /home/runner/work/ozone/ozone/mnt/ozone/hadoop-ozone/integration-test/target/test-dir/MiniOzoneClusterImpl-78c7c17c-5238-474f-b89e-7e5468740183/datanode-0/data-0/containers/hdds
2021-07-28 21:02:11,696 [Thread-465] INFO  ozoneimpl.ContainerReader (ContainerReader.java:readVolume(174)) - Finish verifying containers on volume /home/runner/work/ozone/ozone/mnt/ozone/hadoop-ozone/integration-test/target/test-dir/MiniOzoneClusterImpl-78c7c17c-5238-474f-b89e-7e5468740183/datanode-0/data-0/containers/hdds
2021-07-28 21:02:11,696 [Listener at 127.0.0.1/11612] INFO  ozoneimpl.OzoneContainer (OzoneContainer.java:buildContainerSet(237)) - Build ContainerSet costs 0s
2021-07-28 21:02:11,747 [omNode-2@group-33FC8B15A7E9-FollowerState] INFO  impl.FollowerState (FollowerState.java:run(134)) - omNode-2@group-33FC8B15A7E9-FollowerState: change to CANDIDATE, lastRpcElapsedTime:1099807468ns, electionTimeout:1098ms
2021-07-28 21:02:11,747 [omNode-2@group-33FC8B15A7E9-FollowerState] INFO  impl.RoleInfo (RoleInfo.java:shutdownFollowerState(108)) - omNode-2: shutdown omNode-2@group-33FC8B15A7E9-FollowerState
2021-07-28 21:02:11,747 [omNode-2@group-33FC8B15A7E9-FollowerState] INFO  server.RaftServer$Division (RaftServerImpl.java:setRole(285)) - omNode-2@group-33FC8B15A7E9: changes role from  FOLLOWER to CANDIDATE at term 0 for changeToCandidate
2021-07-28 21:02:11,747 [omNode-2@group-33FC8B15A7E9-FollowerState] INFO  server.RaftServerConfigKeys (ConfUtils.java:logGet(44)) - raft.server.leaderelection.pre-vote = false (custom)
2021-07-28 21:02:11,748 [omNode-2@group-33FC8B15A7E9-FollowerState] INFO  impl.RoleInfo (RoleInfo.java:updateAndGet(130)) - omNode-2: start omNode-2@group-33FC8B15A7E9-LeaderElection4
2021-07-28 21:02:11,767 [omNode-2@group-33FC8B15A7E9-LeaderElection4] INFO  impl.LeaderElection (LeaderElection.java:askForVotes(306)) - omNode-2@group-33FC8B15A7E9-LeaderElection4 ELECTION round 0: submit vote requests at term 1 for -1: [omNode-3|rpc:localhost:11616|priority:0, omNode-1|rpc:localhost:11604|priority:0, omNode-2|rpc:localhost:11610|priority:0], old=null
2021-07-28 21:02:11,840 [Listener at 127.0.0.1/11612] INFO  server.RaftServer (ConfUtils.java:logGet(44)) - raft.rpc.type = GRPC (default)
2021-07-28 21:02:11,841 [Listener at 127.0.0.1/11612] INFO  grpc.GrpcFactory (GrpcFactory.java:checkPooledByteBufAllocatorUseCacheForAllThreads(48)) - PERFORMANCE WARNING: useCacheForAllThreads is true that may cause Netty to create a lot garbage objects and, as a result, trigger GC.
	It is recommended to disable useCacheForAllThreads by setting -Dorg.apache.ratis.thirdparty.io.netty.allocator.useCacheForAllThreads=false in command line.
2021-07-28 21:02:11,841 [Listener at 127.0.0.1/11612] INFO  grpc.GrpcConfigKeys (ConfUtils.java:logGet(44)) - raft.grpc.admin.port = 0 (custom)
2021-07-28 21:02:11,841 [Listener at 127.0.0.1/11612] INFO  grpc.GrpcConfigKeys (ConfUtils.java:logGet(44)) - raft.grpc.client.port = 0 (custom)
2021-07-28 21:02:11,841 [Listener at 127.0.0.1/11612] INFO  grpc.GrpcConfigKeys (ConfUtils.java:logGet(44)) - raft.grpc.server.port = 0 (default)
2021-07-28 21:02:11,841 [Listener at 127.0.0.1/11612] INFO  server.GrpcService (ConfUtils.java:logGet(44)) - raft.grpc.message.size.max = 32MB (=33554432) (custom)
2021-07-28 21:02:11,841 [Listener at 127.0.0.1/11612] INFO  server.RaftServerConfigKeys (ConfUtils.java:logGet(44)) - raft.server.log.appender.buffer.byte-limit = 33554432 (custom)
2021-07-28 21:02:11,841 [Listener at 127.0.0.1/11612] INFO  server.GrpcService (ConfUtils.java:logGet(44)) - raft.grpc.flow.control.window = 5MB (=5242880) (custom)
2021-07-28 21:02:11,841 [Listener at 127.0.0.1/11612] INFO  server.RaftServerConfigKeys (ConfUtils.java:logGet(44)) - raft.server.rpc.request.timeout = 60s (custom)
2021-07-28 21:02:11,842 [Listener at 127.0.0.1/11612] INFO  impl.DataStreamServerImpl (ConfUtils.java:logGet(44)) - raft.datastream.type = DISABLED (default)
2021-07-28 21:02:11,843 [Listener at 127.0.0.1/11612] INFO  server.RaftServerConfigKeys (ConfUtils.java:logGet(44)) - raft.server.rpc.slowness.timeout = 300s (custom)
2021-07-28 21:02:11,843 [Listener at 127.0.0.1/11612] INFO  server.RaftServerConfigKeys (ConfUtils.java:logGet(44)) - raft.server.leaderelection.leader.step-down.wait-time = 10s (default)
2021-07-28 21:02:11,843 [Listener at 127.0.0.1/11612] INFO  server.RaftServerConfigKeys (ConfUtils.java:logGet(44)) - raft.server.storage.dir = [/home/runner/work/ozone/ozone/mnt/ozone/hadoop-ozone/integration-test/target/test-dir/MiniOzoneClusterImpl-78c7c17c-5238-474f-b89e-7e5468740183/datanode-0/data/ratis] (custom)
2021-07-28 21:02:11,977 [grpc-default-executor-3] INFO  server.RaftServer$Division (RaftServerImpl.java:requestVote(1043)) - omNode-3@group-33FC8B15A7E9: receive requestVote(ELECTION, omNode-2, group-33FC8B15A7E9, 1, (t:0, i:~))
2021-07-28 21:02:11,979 [grpc-default-executor-3] INFO  impl.VoteContext (VoteContext.java:log(48)) - omNode-3@group-33FC8B15A7E9-FOLLOWER: accept ELECTION from omNode-2: our priority 0 <= candidate's priority 0
2021-07-28 21:02:11,979 [grpc-default-executor-3] INFO  server.RaftServer$Division (RaftServerImpl.java:setRole(285)) - omNode-3@group-33FC8B15A7E9: changes role from  FOLLOWER to FOLLOWER at term 1 for candidate:omNode-2
2021-07-28 21:02:11,979 [grpc-default-executor-3] INFO  impl.RoleInfo (RoleInfo.java:shutdownFollowerState(108)) - omNode-3: shutdown omNode-3@group-33FC8B15A7E9-FollowerState
2021-07-28 21:02:11,979 [grpc-default-executor-0] INFO  server.RaftServer$Division (RaftServerImpl.java:requestVote(1043)) - omNode-3@group-33FC8B15A7E9: receive requestVote(ELECTION, omNode-1, group-33FC8B15A7E9, 1, (t:0, i:~))
2021-07-28 21:02:11,980 [grpc-default-executor-1] INFO  server.RaftServer$Division (RaftServerImpl.java:requestVote(1043)) - omNode-1@group-33FC8B15A7E9: receive requestVote(ELECTION, omNode-2, group-33FC8B15A7E9, 1, (t:0, i:~))
2021-07-28 21:02:11,980 [omNode-3@group-33FC8B15A7E9-FollowerState] INFO  impl.FollowerState (FollowerState.java:run(143)) - omNode-3@group-33FC8B15A7E9-FollowerState was interrupted: {}
java.lang.InterruptedException: sleep interrupted
	at java.lang.Thread.sleep(Native Method)
	at java.lang.Thread.sleep(Thread.java:340)
	at java.util.concurrent.TimeUnit.sleep(TimeUnit.java:386)
	at org.apache.ratis.util.TimeDuration.sleep(TimeDuration.java:324)
	at org.apache.ratis.util.TimeDuration.sleep(TimeDuration.java:309)
	at org.apache.ratis.server.impl.FollowerState.run(FollowerState.java:118)
2021-07-28 21:02:11,981 [grpc-default-executor-3] INFO  impl.RoleInfo (RoleInfo.java:updateAndGet(130)) - omNode-3: start omNode-3@group-33FC8B15A7E9-FollowerState
2021-07-28 21:02:11,982 [grpc-default-executor-2] INFO  server.RaftServer$Division (RaftServerImpl.java:requestVote(1043)) - omNode-2@group-33FC8B15A7E9: receive requestVote(ELECTION, omNode-1, group-33FC8B15A7E9, 1, (t:0, i:~))
2021-07-28 21:02:11,980 [grpc-default-executor-1] INFO  impl.VoteContext (VoteContext.java:log(48)) - omNode-1@group-33FC8B15A7E9-CANDIDATE: reject ELECTION from omNode-2: already has voted for omNode-1 at current term 1
2021-07-28 21:02:11,982 [grpc-default-executor-2] INFO  impl.VoteContext (VoteContext.java:log(48)) - omNode-2@group-33FC8B15A7E9-CANDIDATE: reject ELECTION from omNode-1: already has voted for omNode-2 at current term 1
2021-07-28 21:02:11,997 [grpc-default-executor-2] INFO  server.RaftServer$Division (RaftServerImpl.java:requestVote(1075)) - omNode-2@group-33FC8B15A7E9 replies to ELECTION vote request: omNode-1<-omNode-2#0:FAIL-t1. Peer's state: omNode-2@group-33FC8B15A7E9:t1, leader=null, voted=omNode-2, raftlog=omNode-2@group-33FC8B15A7E9-SegmentedRaftLog:OPENED:c-1,f-1,i0, conf=-1: [omNode-3|rpc:localhost:11616|priority:0, omNode-1|rpc:localhost:11604|priority:0, omNode-2|rpc:localhost:11610|priority:0], old=null
2021-07-28 21:02:11,998 [grpc-default-executor-3] INFO  server.RaftServer$Division (RaftServerImpl.java:requestVote(1075)) - omNode-3@group-33FC8B15A7E9 replies to ELECTION vote request: omNode-2<-omNode-3#0:OK-t1. Peer's state: omNode-3@group-33FC8B15A7E9:t1, leader=null, voted=omNode-2, raftlog=omNode-3@group-33FC8B15A7E9-SegmentedRaftLog:OPENED:c-1,f-1,i0, conf=-1: [omNode-3|rpc:localhost:11616|priority:0, omNode-1|rpc:localhost:11604|priority:0, omNode-2|rpc:localhost:11610|priority:0], old=null
2021-07-28 21:02:12,001 [grpc-default-executor-0] INFO  impl.VoteContext (VoteContext.java:log(48)) - omNode-3@group-33FC8B15A7E9-FOLLOWER: reject ELECTION from omNode-1: already has voted for omNode-2 at current term 1
2021-07-28 21:02:12,001 [grpc-default-executor-0] INFO  server.RaftServer$Division (RaftServerImpl.java:requestVote(1075)) - omNode-3@group-33FC8B15A7E9 replies to ELECTION vote request: omNode-1<-omNode-3#0:FAIL-t1. Peer's state: omNode-3@group-33FC8B15A7E9:t1, leader=null, voted=omNode-2, raftlog=omNode-3@group-33FC8B15A7E9-SegmentedRaftLog:OPENED:c-1,f-1,i0, conf=-1: [omNode-3|rpc:localhost:11616|priority:0, omNode-1|rpc:localhost:11604|priority:0, omNode-2|rpc:localhost:11610|priority:0], old=null
2021-07-28 21:02:12,009 [Listener at 127.0.0.1/11612] INFO  http.BaseHttpServer (BaseHttpServer.java:newHttpServer2BuilderForOzone(209)) - Starting Web-server for hddsDatanode at: http://0.0.0.0:0
2021-07-28 21:02:12,009 [Listener at 127.0.0.1/11612] INFO  http.BaseHttpServer (BaseHttpServer.java:<init>(107)) - Hadoop Security Enabled: false Ozone Security Enabled: false Ozone HTTP Security Enabled: false 
2021-07-28 21:02:12,009 [grpc-default-executor-1] INFO  server.RaftServer$Division (RaftServerImpl.java:requestVote(1075)) - omNode-1@group-33FC8B15A7E9 replies to ELECTION vote request: omNode-2<-omNode-1#0:FAIL-t1. Peer's state: omNode-1@group-33FC8B15A7E9:t1, leader=null, voted=omNode-1, raftlog=omNode-1@group-33FC8B15A7E9-SegmentedRaftLog:OPENED:c-1,f-1,i0, conf=-1: [omNode-3|rpc:localhost:11616|priority:0, omNode-1|rpc:localhost:11604|priority:0, omNode-2|rpc:localhost:11610|priority:0], old=null
2021-07-28 21:02:12,014 [Listener at 127.0.0.1/11612] INFO  server.AuthenticationFilter (AuthenticationFilter.java:constructSecretProvider(240)) - Unable to initialize FileSignerSecretProvider, falling back to use random secrets.
2021-07-28 21:02:12,021 [Listener at 127.0.0.1/11612] WARN  http.HttpRequestLog (HttpRequestLog.java:getRequestLog(103)) - Jetty request log can only be enabled using Log4j
2021-07-28 21:02:12,022 [Listener at 127.0.0.1/11612] INFO  http.HttpServer2 (HttpServer2.java:addGlobalFilter(1020)) - Added global filter 'safety' (class=org.apache.hadoop.hdds.server.http.HttpServer2$QuotingInputFilter)
2021-07-28 21:02:12,023 [Listener at 127.0.0.1/11612] INFO  http.HttpServer2 (HttpServer2.java:addFilter(996)) - Added filter static_user_filter (class=org.apache.hadoop.http.lib.StaticUserWebFilter$StaticUserFilter) to context hddsDatanode
2021-07-28 21:02:12,023 [Listener at 127.0.0.1/11612] INFO  http.HttpServer2 (HttpServer2.java:addFilter(1004)) - Added filter static_user_filter (class=org.apache.hadoop.http.lib.StaticUserWebFilter$StaticUserFilter) to context static
2021-07-28 21:02:12,023 [Listener at 127.0.0.1/11612] INFO  http.HttpServer2 (HttpServer2.java:addFilter(1004)) - Added filter static_user_filter (class=org.apache.hadoop.http.lib.StaticUserWebFilter$StaticUserFilter) to context logs
2021-07-28 21:02:12,023 [Listener at 127.0.0.1/11612] INFO  http.HttpServer2 (HttpServer2.java:bindListener(1239)) - Jetty bound to port 38115
2021-07-28 21:02:12,023 [Listener at 127.0.0.1/11612] INFO  server.Server (Server.java:doStart(375)) - jetty-9.4.35.v20201120; built: 2020-11-20T21:17:03.964Z; git: bdc54f03a5e0a7e280fab27f55c3c75ee8da89fb; jvm 1.8.0_292-b10
2021-07-28 21:02:12,039 [omNode-1@group-33FC8B15A7E9-LeaderElection3] INFO  impl.LeaderElection (LeaderElection.java:logAndReturn(89)) - omNode-1@group-33FC8B15A7E9-LeaderElection3: ELECTION REJECTED received 2 response(s) and 0 exception(s):
2021-07-28 21:02:12,039 [omNode-2@group-33FC8B15A7E9-LeaderElection4] INFO  impl.LeaderElection (LeaderElection.java:logAndReturn(89)) - omNode-2@group-33FC8B15A7E9-LeaderElection4: ELECTION PASSED received 2 response(s) and 0 exception(s):
2021-07-28 21:02:12,039 [omNode-1@group-33FC8B15A7E9-LeaderElection3] INFO  impl.LeaderElection (LeaderElection.java:logAndReturn(93)) -   Response 0: omNode-1<-omNode-3#0:FAIL-t1
2021-07-28 21:02:12,039 [omNode-1@group-33FC8B15A7E9-LeaderElection3] INFO  impl.LeaderElection (LeaderElection.java:logAndReturn(93)) -   Response 1: omNode-1<-omNode-2#0:FAIL-t1
2021-07-28 21:02:12,039 [omNode-2@group-33FC8B15A7E9-LeaderElection4] INFO  impl.LeaderElection (LeaderElection.java:logAndReturn(93)) -   Response 0: omNode-2<-omNode-3#0:OK-t1
2021-07-28 21:02:12,039 [omNode-2@group-33FC8B15A7E9-LeaderElection4] INFO  impl.LeaderElection (LeaderElection.java:logAndReturn(93)) -   Response 1: omNode-2<-omNode-1#0:FAIL-t1
2021-07-28 21:02:12,048 [Listener at 127.0.0.1/11612] INFO  server.session (DefaultSessionIdManager.java:doStart(334)) - DefaultSessionIdManager workerName=node0
2021-07-28 21:02:12,049 [Listener at 127.0.0.1/11612] INFO  server.session (DefaultSessionIdManager.java:doStart(339)) - No SessionScavenger set, using defaults
2021-07-28 21:02:12,049 [Listener at 127.0.0.1/11612] INFO  server.session (HouseKeeper.java:startScavenging(132)) - node0 Scavenging every 600000ms
2021-07-28 21:02:12,050 [Listener at 127.0.0.1/11612] INFO  handler.ContextHandler (ContextHandler.java:doStart(916)) - Started o.e.j.s.ServletContextHandler@796affef{logs,/logs,file:///home/runner/work/ozone/ozone/mnt/ozone/hadoop-ozone/integration-test/target/log,AVAILABLE}
2021-07-28 21:02:12,050 [Listener at 127.0.0.1/11612] INFO  handler.ContextHandler (ContextHandler.java:doStart(916)) - Started o.e.j.s.ServletContextHandler@64a1a5a5{static,/static,jar:file:/home/runner/.m2/repository/org/apache/ozone/hdds-container-service/1.2.0-SNAPSHOT/hdds-container-service-1.2.0-SNAPSHOT.jar!/webapps/static,AVAILABLE}
2021-07-28 21:02:12,061 [omNode-2@group-33FC8B15A7E9-LeaderElection4] INFO  impl.LeaderElection (LeaderElection.java:askForVotes(308)) - omNode-2@group-33FC8B15A7E9-LeaderElection4 ELECTION round 0: result PASSED
2021-07-28 21:02:12,061 [omNode-1@group-33FC8B15A7E9-LeaderElection3] INFO  impl.LeaderElection (LeaderElection.java:askForVotes(308)) - omNode-1@group-33FC8B15A7E9-LeaderElection3 ELECTION round 0: result REJECTED
2021-07-28 21:02:12,061 [omNode-1@group-33FC8B15A7E9-LeaderElection3] INFO  server.RaftServer$Division (RaftServerImpl.java:setRole(285)) - omNode-1@group-33FC8B15A7E9: changes role from CANDIDATE to FOLLOWER at term 1 for REJECTED
2021-07-28 21:02:12,061 [omNode-1@group-33FC8B15A7E9-LeaderElection3] INFO  impl.RoleInfo (RoleInfo.java:shutdownLeaderElection(121)) - omNode-1: shutdown omNode-1@group-33FC8B15A7E9-LeaderElection3
2021-07-28 21:02:12,061 [omNode-1@group-33FC8B15A7E9-LeaderElection3] INFO  impl.RoleInfo (RoleInfo.java:updateAndGet(130)) - omNode-1: start omNode-1@group-33FC8B15A7E9-FollowerState
2021-07-28 21:02:12,061 [omNode-2@group-33FC8B15A7E9-LeaderElection4] INFO  impl.RoleInfo (RoleInfo.java:shutdownLeaderElection(121)) - omNode-2: shutdown omNode-2@group-33FC8B15A7E9-LeaderElection4
2021-07-28 21:02:12,061 [omNode-2@group-33FC8B15A7E9-LeaderElection4] INFO  server.RaftServer$Division (RaftServerImpl.java:setRole(285)) - omNode-2@group-33FC8B15A7E9: changes role from CANDIDATE to LEADER at term 1 for changeToLeader
2021-07-28 21:02:12,061 [omNode-2@group-33FC8B15A7E9-LeaderElection4] INFO  server.RaftServer$Division (ServerState.java:setLeader(285)) - omNode-2@group-33FC8B15A7E9: change Leader from null to omNode-2 at term 1 for becomeLeader, leader elected after 1445ms
2021-07-28 21:02:12,061 [omNode-2@group-33FC8B15A7E9-LeaderElection4] INFO  server.RaftServerConfigKeys (ConfUtils.java:logGet(44)) - raft.server.staging.catchup.gap = 1000 (default)
2021-07-28 21:02:12,080 [omNode-2@group-33FC8B15A7E9-LeaderElection4] INFO  server.RaftServerConfigKeys (ConfUtils.java:logGet(44)) - raft.server.write.element-limit = 4096 (default)
2021-07-28 21:02:12,080 [omNode-2@group-33FC8B15A7E9-LeaderElection4] INFO  server.RaftServerConfigKeys (ConfUtils.java:logGet(44)) - raft.server.write.byte-limit = 64MB (=67108864) (default)
2021-07-28 21:02:12,080 [omNode-2@group-33FC8B15A7E9-LeaderElection4] INFO  server.RaftServerConfigKeys (ConfUtils.java:logGet(44)) - raft.server.watch.timeout = 10s (default)
2021-07-28 21:02:12,080 [omNode-2@group-33FC8B15A7E9-LeaderElection4] INFO  server.RaftServerConfigKeys (ConfUtils.java:logGet(44)) - raft.server.watch.timeout.denomination = 1s (default)
2021-07-28 21:02:12,080 [omNode-2@group-33FC8B15A7E9-LeaderElection4] INFO  server.RaftServerConfigKeys (ConfUtils.java:logGet(44)) - raft.server.watch.element-limit = 65536 (default)
2021-07-28 21:02:12,085 [omNode-2@group-33FC8B15A7E9-LeaderElection4] INFO  server.RaftServerConfigKeys (ConfUtils.java:logGet(44)) - raft.server.log.appender.snapshot.chunk.size.max = 16MB (=16777216) (default)
2021-07-28 21:02:12,088 [omNode-2@group-33FC8B15A7E9-LeaderElection4] INFO  server.RaftServerConfigKeys (ConfUtils.java:logGet(44)) - raft.server.log.appender.buffer.byte-limit = 33554432 (custom)
2021-07-28 21:02:12,088 [omNode-2@group-33FC8B15A7E9-LeaderElection4] INFO  server.RaftServerConfigKeys (ConfUtils.java:logGet(44)) - raft.server.log.appender.buffer.element-limit = 1024 (custom)
2021-07-28 21:02:12,099 [omNode-2@group-33FC8B15A7E9-LeaderElection4] INFO  grpc.GrpcConfigKeys (ConfUtils.java:logGet(44)) - raft.grpc.server.leader.outstanding.appends.max = 128 (default)
2021-07-28 21:02:12,100 [omNode-2@group-33FC8B15A7E9-LeaderElection4] INFO  server.RaftServerConfigKeys (ConfUtils.java:logGet(44)) - raft.server.rpc.request.timeout = 3000ms (default)
2021-07-28 21:02:12,100 [omNode-2@group-33FC8B15A7E9-LeaderElection4] INFO  server.RaftServerConfigKeys (ConfUtils.java:logGet(44)) - raft.server.log.appender.install.snapshot.enabled = false (custom)
2021-07-28 21:02:12,106 [omNode-2@group-33FC8B15A7E9-LeaderElection4] INFO  server.RaftServerConfigKeys (ConfUtils.java:logGet(44)) - raft.server.log.appender.snapshot.chunk.size.max = 16MB (=16777216) (default)
2021-07-28 21:02:12,106 [omNode-2@group-33FC8B15A7E9-LeaderElection4] INFO  server.RaftServerConfigKeys (ConfUtils.java:logGet(44)) - raft.server.log.appender.buffer.byte-limit = 33554432 (custom)
2021-07-28 21:02:12,106 [omNode-2@group-33FC8B15A7E9-LeaderElection4] INFO  server.RaftServerConfigKeys (ConfUtils.java:logGet(44)) - raft.server.log.appender.buffer.element-limit = 1024 (custom)
2021-07-28 21:02:12,107 [omNode-2@group-33FC8B15A7E9-LeaderElection4] INFO  grpc.GrpcConfigKeys (ConfUtils.java:logGet(44)) - raft.grpc.server.leader.outstanding.appends.max = 128 (default)
2021-07-28 21:02:12,107 [omNode-2@group-33FC8B15A7E9-LeaderElection4] INFO  server.RaftServerConfigKeys (ConfUtils.java:logGet(44)) - raft.server.rpc.request.timeout = 3000ms (default)
2021-07-28 21:02:12,107 [omNode-2@group-33FC8B15A7E9-LeaderElection4] INFO  server.RaftServerConfigKeys (ConfUtils.java:logGet(44)) - raft.server.log.appender.install.snapshot.enabled = false (custom)
2021-07-28 21:02:12,123 [omNode-2@group-33FC8B15A7E9-LeaderElection4] INFO  impl.RoleInfo (RoleInfo.java:updateAndGet(130)) - omNode-2: start omNode-2@group-33FC8B15A7E9-LeaderStateImpl
2021-07-28 21:02:12,123 [omNode-2@group-33FC8B15A7E9-LeaderElection4] INFO  segmented.SegmentedRaftLogWorker (SegmentedRaftLogWorker.java:startLogSegment(394)) - omNode-2@group-33FC8B15A7E9-SegmentedRaftLogWorker: Starting segment from index:0
2021-07-28 21:02:12,130 [omNode-2@group-33FC8B15A7E9-SegmentedRaftLogWorker] INFO  segmented.SegmentedRaftLogWorker (SegmentedRaftLogWorker.java:execute(601)) - omNode-2@group-33FC8B15A7E9-SegmentedRaftLogWorker: created new log segment /home/runner/work/ozone/ozone/mnt/ozone/hadoop-ozone/integration-test/target/test-dir/MiniOzoneClusterImpl-78c7c17c-5238-474f-b89e-7e5468740183/omNode-2/ratis/a5a8c63e-4922-3a03-b163-33fc8b15a7e9/current/log_inprogress_0
2021-07-28 21:02:12,151 [Listener at 127.0.0.1/11612] INFO  handler.ContextHandler (ContextHandler.java:doStart(916)) - Started o.e.j.w.WebAppContext@6291764d{hddsDatanode,/,file:///tmp/jetty-0_0_0_0-38115-hdds-container-service-1_2_0-SNAPSHOT_jar-_-any-5824800880128276356/webapp/,AVAILABLE}{jar:file:/home/runner/.m2/repository/org/apache/ozone/hdds-container-service/1.2.0-SNAPSHOT/hdds-container-service-1.2.0-SNAPSHOT.jar!/webapps/hddsDatanode}
2021-07-28 21:02:12,166 [omNode-2@group-33FC8B15A7E9-LeaderElection4] INFO  server.RaftServer$Division (ServerState.java:setRaftConf(387)) - omNode-2@group-33FC8B15A7E9: set configuration 0: [omNode-3|rpc:localhost:11616|admin:|client:|dataStream:|priority:0, omNode-1|rpc:localhost:11604|admin:|client:|dataStream:|priority:0, omNode-2|rpc:localhost:11610|admin:|client:|dataStream:|priority:0], old=null
2021-07-28 21:02:12,167 [Listener at 127.0.0.1/11612] INFO  server.AbstractConnector (AbstractConnector.java:doStart(331)) - Started ServerConnector@6aee7038{HTTP/1.1, (http/1.1)}{0.0.0.0:38115}
2021-07-28 21:02:12,168 [Listener at 127.0.0.1/11612] INFO  server.Server (Server.java:doStart(415)) - Started @18038ms
2021-07-28 21:02:12,168 [Listener at 127.0.0.1/11612] WARN  impl.MetricsSystemImpl (MetricsSystemImpl.java:register(279)) - Sink prometheus already exists!
2021-07-28 21:02:12,170 [Listener at 127.0.0.1/11612] INFO  http.BaseHttpServer (BaseHttpServer.java:updateConnectorAddress(329)) - HTTP server of hddsDatanode listening at http://0.0.0.0:38115
2021-07-28 21:02:12,181 [Listener at 127.0.0.1/11612] WARN  impl.MetricRegistriesImpl (MetricRegistriesImpl.java:addReporterRegistration(111)) - New reporters are added after registries were created. Some metrics will be missing from the reporter. Please add reporter before adding any new registry.
2021-07-28 21:02:12,181 [Listener at 127.0.0.1/11612] WARN  impl.MetricRegistriesImpl (MetricRegistriesImpl.java:addReporterRegistration(111)) - New reporters are added after registries were created. Some metrics will be missing from the reporter. Please add reporter before adding any new registry.
2021-07-28 21:02:12,181 [Listener at 127.0.0.1/11612] INFO  impl.MetricsSystemImpl (MetricsSystemImpl.java:init(158)) - HddsDatanode metrics system started (again)
2021-07-28 21:02:12,229 [Listener at 127.0.0.1/11612] INFO  ozone.HddsDatanodeService (HddsDatanodeService.java:start(234)) - HddsDatanodeService host:fv-az151-48.yf2hydr00wburbhx3j5hxtcipe.bx.internal.cloudapp.net ip:10.1.0.18
2021-07-28 21:02:12,299 [Listener at 127.0.0.1/11612] INFO  upgrade.AbstractLayoutVersionManager (AbstractLayoutVersionManager.java:init(70)) - Initializing Layout version manager with metadata layout = SCM_HA (version = 2), software layout = SCM_HA (version = 2)
2021-07-28 21:02:12,304 [grpc-default-executor-3] INFO  server.RaftServer$Division (ServerState.java:setLeader(285)) - omNode-3@group-33FC8B15A7E9: change Leader from null to omNode-2 at term 1 for appendEntries, leader elected after 1380ms
2021-07-28 21:02:12,309 [grpc-default-executor-1] INFO  server.RaftServer$Division (ServerState.java:setLeader(285)) - omNode-1@group-33FC8B15A7E9: change Leader from null to omNode-2 at term 1 for appendEntries, leader elected after 2074ms
2021-07-28 21:02:12,318 [omNode-2@group-33FC8B15A7E9-StateMachineUpdater] INFO  ratis.OzoneManagerStateMachine (OzoneManagerStateMachine.java:notifyConfigurationChanged(188)) - Received Configuration change notification from Ratis. New Peer list:
[id: "omNode-3"
address: "localhost:11616"
, id: "omNode-1"
address: "localhost:11604"
, id: "omNode-2"
address: "localhost:11610"
]
2021-07-28 21:02:12,330 [org.apache.hadoop.util.JvmPauseMonitor$Monitor@3de2df78] INFO  util.JvmPauseMonitor (JvmPauseMonitor.java:run(188)) - Starting JVM pause monitor
2021-07-28 21:02:12,358 [grpc-default-executor-1] INFO  server.RaftServer$Division (ServerState.java:setRaftConf(387)) - omNode-1@group-33FC8B15A7E9: set configuration 0: [omNode-3|rpc:localhost:11616|admin:|client:|dataStream:|priority:0, omNode-1|rpc:localhost:11604|admin:|client:|dataStream:|priority:0, omNode-2|rpc:localhost:11610|admin:|client:|dataStream:|priority:0], old=null
2021-07-28 21:02:12,359 [grpc-default-executor-1] INFO  segmented.SegmentedRaftLogWorker (SegmentedRaftLogWorker.java:startLogSegment(394)) - omNode-1@group-33FC8B15A7E9-SegmentedRaftLogWorker: Starting segment from index:0
2021-07-28 21:02:12,378 [grpc-default-executor-3] INFO  server.RaftServer$Division (ServerState.java:setRaftConf(387)) - omNode-3@group-33FC8B15A7E9: set configuration 0: [omNode-3|rpc:localhost:11616|admin:|client:|dataStream:|priority:0, omNode-1|rpc:localhost:11604|admin:|client:|dataStream:|priority:0, omNode-2|rpc:localhost:11610|admin:|client:|dataStream:|priority:0], old=null
2021-07-28 21:02:12,379 [grpc-default-executor-3] INFO  segmented.SegmentedRaftLogWorker (SegmentedRaftLogWorker.java:startLogSegment(394)) - omNode-3@group-33FC8B15A7E9-SegmentedRaftLogWorker: Starting segment from index:0
2021-07-28 21:02:12,378 [Datanode State Machine Task Thread - 0] INFO  ha.SCMNodeInfo (SCMNodeInfo.java:getPort(197)) - ConfigKey ozone.scm.client.address is deprecated, For configuring different ports for each SCM use PortConfigKey ozone.scm.client.port appended with serviceId and nodeId
2021-07-28 21:02:12,380 [Datanode State Machine Task Thread - 0] INFO  ha.SCMNodeInfo (SCMNodeInfo.java:getPort(197)) - ConfigKey ozone.scm.block.client.address is deprecated, For configuring different ports for each SCM use PortConfigKey ozone.scm.block.client.port appended with serviceId and nodeId
2021-07-28 21:02:12,380 [Datanode State Machine Task Thread - 0] INFO  ha.SCMNodeInfo (SCMNodeInfo.java:getPort(197)) - ConfigKey ozone.scm.datanode.address is deprecated, For configuring different ports for each SCM use PortConfigKey ozone.scm.datanode.port appended with serviceId and nodeId
2021-07-28 21:02:12,389 [omNode-3@group-33FC8B15A7E9-SegmentedRaftLogWorker] INFO  segmented.SegmentedRaftLogWorker (SegmentedRaftLogWorker.java:execute(601)) - omNode-3@group-33FC8B15A7E9-SegmentedRaftLogWorker: created new log segment /home/runner/work/ozone/ozone/mnt/ozone/hadoop-ozone/integration-test/target/test-dir/MiniOzoneClusterImpl-78c7c17c-5238-474f-b89e-7e5468740183/omNode-3/ratis/a5a8c63e-4922-3a03-b163-33fc8b15a7e9/current/log_inprogress_0
2021-07-28 21:02:12,393 [omNode-1@group-33FC8B15A7E9-SegmentedRaftLogWorker] INFO  segmented.SegmentedRaftLogWorker (SegmentedRaftLogWorker.java:execute(601)) - omNode-1@group-33FC8B15A7E9-SegmentedRaftLogWorker: created new log segment /home/runner/work/ozone/ozone/mnt/ozone/hadoop-ozone/integration-test/target/test-dir/MiniOzoneClusterImpl-78c7c17c-5238-474f-b89e-7e5468740183/omNode-1/ratis/a5a8c63e-4922-3a03-b163-33fc8b15a7e9/current/log_inprogress_0
2021-07-28 21:02:12,399 [omNode-3@group-33FC8B15A7E9-StateMachineUpdater] INFO  ratis.OzoneManagerStateMachine (OzoneManagerStateMachine.java:notifyConfigurationChanged(188)) - Received Configuration change notification from Ratis. New Peer list:
[id: "omNode-3"
address: "localhost:11616"
, id: "omNode-1"
address: "localhost:11604"
, id: "omNode-2"
address: "localhost:11610"
]
2021-07-28 21:02:12,406 [Listener at 127.0.0.1/11612] INFO  reflections.Reflections (Reflections.java:scan(232)) - Reflections took 106 ms to scan 7 urls, producing 120 keys and 273 values 
2021-07-28 21:02:12,414 [Listener at 127.0.0.1/11612] INFO  ha.SCMNodeInfo (SCMNodeInfo.java:getPort(197)) - ConfigKey ozone.scm.client.address is deprecated, For configuring different ports for each SCM use PortConfigKey ozone.scm.client.port appended with serviceId and nodeId
2021-07-28 21:02:12,414 [Listener at 127.0.0.1/11612] INFO  ha.SCMNodeInfo (SCMNodeInfo.java:getPort(197)) - ConfigKey ozone.scm.block.client.address is deprecated, For configuring different ports for each SCM use PortConfigKey ozone.scm.block.client.port appended with serviceId and nodeId
2021-07-28 21:02:12,414 [Listener at 127.0.0.1/11612] INFO  ha.SCMNodeInfo (SCMNodeInfo.java:getPort(197)) - ConfigKey ozone.scm.datanode.address is deprecated, For configuring different ports for each SCM use PortConfigKey ozone.scm.datanode.port appended with serviceId and nodeId
2021-07-28 21:02:12,422 [omNode-1@group-33FC8B15A7E9-StateMachineUpdater] INFO  ratis.OzoneManagerStateMachine (OzoneManagerStateMachine.java:notifyConfigurationChanged(188)) - Received Configuration change notification from Ratis. New Peer list:
[id: "omNode-3"
address: "localhost:11616"
, id: "omNode-1"
address: "localhost:11604"
, id: "omNode-2"
address: "localhost:11610"
]
2021-07-28 21:02:12,429 [Listener at 127.0.0.1/11612] INFO  volume.HddsVolume (HddsVolume.java:<init>(120)) - Creating HddsVolume: /home/runner/work/ozone/ozone/mnt/ozone/hadoop-ozone/integration-test/target/test-dir/MiniOzoneClusterImpl-78c7c17c-5238-474f-b89e-7e5468740183/datanode-1/data-0/containers/hdds of storage type : DISK capacity : 9223372036854775807
2021-07-28 21:02:12,429 [Listener at 127.0.0.1/11612] INFO  volume.MutableVolumeSet (MutableVolumeSet.java:initializeVolumeSet(181)) - Added Volume : /home/runner/work/ozone/ozone/mnt/ozone/hadoop-ozone/integration-test/target/test-dir/MiniOzoneClusterImpl-78c7c17c-5238-474f-b89e-7e5468740183/datanode-1/data-0/containers/hdds to VolumeSet
2021-07-28 21:02:12,429 [Listener at 127.0.0.1/11612] INFO  volume.ThrottledAsyncChecker (ThrottledAsyncChecker.java:schedule(141)) - Scheduling a check for /home/runner/work/ozone/ozone/mnt/ozone/hadoop-ozone/integration-test/target/test-dir/MiniOzoneClusterImpl-78c7c17c-5238-474f-b89e-7e5468740183/datanode-1/data-0/containers/hdds
2021-07-28 21:02:12,432 [Listener at 127.0.0.1/11612] INFO  volume.StorageVolumeChecker (StorageVolumeChecker.java:checkAllVolumes(202)) - Scheduled health check for volume /home/runner/work/ozone/ozone/mnt/ozone/hadoop-ozone/integration-test/target/test-dir/MiniOzoneClusterImpl-78c7c17c-5238-474f-b89e-7e5468740183/datanode-1/data-0/containers/hdds
2021-07-28 21:02:12,451 [Listener at 127.0.0.1/11612] INFO  volume.MutableVolumeSet (MutableVolumeSet.java:initializeVolumeSet(181)) - Added Volume : /home/runner/work/ozone/ozone/mnt/ozone/hadoop-ozone/integration-test/target/test-dir/MiniOzoneClusterImpl-78c7c17c-5238-474f-b89e-7e5468740183/datanode-1/data/ratis to VolumeSet
2021-07-28 21:02:12,451 [Listener at 127.0.0.1/11612] INFO  volume.ThrottledAsyncChecker (ThrottledAsyncChecker.java:schedule(141)) - Scheduling a check for /home/runner/work/ozone/ozone/mnt/ozone/hadoop-ozone/integration-test/target/test-dir/MiniOzoneClusterImpl-78c7c17c-5238-474f-b89e-7e5468740183/datanode-1/data/ratis
2021-07-28 21:02:12,451 [Listener at 127.0.0.1/11612] INFO  volume.StorageVolumeChecker (StorageVolumeChecker.java:checkAllVolumes(202)) - Scheduled health check for volume /home/runner/work/ozone/ozone/mnt/ozone/hadoop-ozone/integration-test/target/test-dir/MiniOzoneClusterImpl-78c7c17c-5238-474f-b89e-7e5468740183/datanode-1/data/ratis
2021-07-28 21:02:12,464 [Listener at 127.0.0.1/11612] INFO  ozoneimpl.ContainerReader (ContainerReader.java:<init>(98)) - Running in upgrade mode:true
2021-07-28 21:02:12,465 [Thread-491] INFO  ozoneimpl.ContainerReader (ContainerReader.java:readVolume(142)) - Start to verify containers on volume /home/runner/work/ozone/ozone/mnt/ozone/hadoop-ozone/integration-test/target/test-dir/MiniOzoneClusterImpl-78c7c17c-5238-474f-b89e-7e5468740183/datanode-1/data-0/containers/hdds
2021-07-28 21:02:12,465 [Thread-491] INFO  ozoneimpl.ContainerReader (ContainerReader.java:readVolume(174)) - Finish verifying containers on volume /home/runner/work/ozone/ozone/mnt/ozone/hadoop-ozone/integration-test/target/test-dir/MiniOzoneClusterImpl-78c7c17c-5238-474f-b89e-7e5468740183/datanode-1/data-0/containers/hdds
2021-07-28 21:02:12,465 [Listener at 127.0.0.1/11612] INFO  ozoneimpl.OzoneContainer (OzoneContainer.java:buildContainerSet(237)) - Build ContainerSet costs 0s
2021-07-28 21:02:12,467 [Listener at 127.0.0.1/11612] INFO  server.RaftServer (ConfUtils.java:logGet(44)) - raft.rpc.type = GRPC (default)
2021-07-28 21:02:12,467 [Listener at 127.0.0.1/11612] INFO  grpc.GrpcFactory (GrpcFactory.java:checkPooledByteBufAllocatorUseCacheForAllThreads(48)) - PERFORMANCE WARNING: useCacheForAllThreads is true that may cause Netty to create a lot garbage objects and, as a result, trigger GC.
	It is recommended to disable useCacheForAllThreads by setting -Dorg.apache.ratis.thirdparty.io.netty.allocator.useCacheForAllThreads=false in command line.
2021-07-28 21:02:12,467 [Listener at 127.0.0.1/11612] INFO  grpc.GrpcConfigKeys (ConfUtils.java:logGet(44)) - raft.grpc.admin.port = 0 (custom)
2021-07-28 21:02:12,468 [Listener at 127.0.0.1/11612] INFO  grpc.GrpcConfigKeys (ConfUtils.java:logGet(44)) - raft.grpc.client.port = 0 (custom)
2021-07-28 21:02:12,468 [Listener at 127.0.0.1/11612] INFO  grpc.GrpcConfigKeys (ConfUtils.java:logGet(44)) - raft.grpc.server.port = 0 (default)
2021-07-28 21:02:12,468 [Listener at 127.0.0.1/11612] INFO  server.GrpcService (ConfUtils.java:logGet(44)) - raft.grpc.message.size.max = 32MB (=33554432) (custom)
2021-07-28 21:02:12,468 [Listener at 127.0.0.1/11612] INFO  server.RaftServerConfigKeys (ConfUtils.java:logGet(44)) - raft.server.log.appender.buffer.byte-limit = 33554432 (custom)
2021-07-28 21:02:12,468 [Listener at 127.0.0.1/11612] INFO  server.GrpcService (ConfUtils.java:logGet(44)) - raft.grpc.flow.control.window = 5MB (=5242880) (custom)
2021-07-28 21:02:12,468 [Listener at 127.0.0.1/11612] INFO  server.RaftServerConfigKeys (ConfUtils.java:logGet(44)) - raft.server.rpc.request.timeout = 60s (custom)
2021-07-28 21:02:12,469 [Listener at 127.0.0.1/11612] INFO  impl.DataStreamServerImpl (ConfUtils.java:logGet(44)) - raft.datastream.type = DISABLED (default)
2021-07-28 21:02:12,469 [Listener at 127.0.0.1/11612] INFO  server.RaftServerConfigKeys (ConfUtils.java:logGet(44)) - raft.server.rpc.slowness.timeout = 300s (custom)
2021-07-28 21:02:12,469 [Listener at 127.0.0.1/11612] INFO  server.RaftServerConfigKeys (ConfUtils.java:logGet(44)) - raft.server.leaderelection.leader.step-down.wait-time = 10s (default)
2021-07-28 21:02:12,469 [Listener at 127.0.0.1/11612] INFO  server.RaftServerConfigKeys (ConfUtils.java:logGet(44)) - raft.server.storage.dir = [/home/runner/work/ozone/ozone/mnt/ozone/hadoop-ozone/integration-test/target/test-dir/MiniOzoneClusterImpl-78c7c17c-5238-474f-b89e-7e5468740183/datanode-1/data/ratis] (custom)
2021-07-28 21:02:12,473 [Listener at 127.0.0.1/11612] INFO  http.BaseHttpServer (BaseHttpServer.java:newHttpServer2BuilderForOzone(209)) - Starting Web-server for hddsDatanode at: http://0.0.0.0:0
2021-07-28 21:02:12,473 [Listener at 127.0.0.1/11612] INFO  http.BaseHttpServer (BaseHttpServer.java:<init>(107)) - Hadoop Security Enabled: false Ozone Security Enabled: false Ozone HTTP Security Enabled: false 
2021-07-28 21:02:12,477 [Listener at 127.0.0.1/11612] INFO  server.AuthenticationFilter (AuthenticationFilter.java:constructSecretProvider(240)) - Unable to initialize FileSignerSecretProvider, falling back to use random secrets.
2021-07-28 21:02:12,487 [Listener at 127.0.0.1/11612] WARN  http.HttpRequestLog (HttpRequestLog.java:getRequestLog(103)) - Jetty request log can only be enabled using Log4j
2021-07-28 21:02:12,488 [Listener at 127.0.0.1/11612] INFO  http.HttpServer2 (HttpServer2.java:addGlobalFilter(1020)) - Added global filter 'safety' (class=org.apache.hadoop.hdds.server.http.HttpServer2$QuotingInputFilter)
2021-07-28 21:02:12,489 [Listener at 127.0.0.1/11612] INFO  http.HttpServer2 (HttpServer2.java:addFilter(996)) - Added filter static_user_filter (class=org.apache.hadoop.http.lib.StaticUserWebFilter$StaticUserFilter) to context hddsDatanode
2021-07-28 21:02:12,489 [Listener at 127.0.0.1/11612] INFO  http.HttpServer2 (HttpServer2.java:addFilter(1004)) - Added filter static_user_filter (class=org.apache.hadoop.http.lib.StaticUserWebFilter$StaticUserFilter) to context static
2021-07-28 21:02:12,489 [Listener at 127.0.0.1/11612] INFO  http.HttpServer2 (HttpServer2.java:addFilter(1004)) - Added filter static_user_filter (class=org.apache.hadoop.http.lib.StaticUserWebFilter$StaticUserFilter) to context logs
2021-07-28 21:02:12,490 [Listener at 127.0.0.1/11612] INFO  http.HttpServer2 (HttpServer2.java:bindListener(1239)) - Jetty bound to port 33459
2021-07-28 21:02:12,490 [Listener at 127.0.0.1/11612] INFO  server.Server (Server.java:doStart(375)) - jetty-9.4.35.v20201120; built: 2020-11-20T21:17:03.964Z; git: bdc54f03a5e0a7e280fab27f55c3c75ee8da89fb; jvm 1.8.0_292-b10
2021-07-28 21:02:12,497 [Listener at 127.0.0.1/11612] INFO  server.session (DefaultSessionIdManager.java:doStart(334)) - DefaultSessionIdManager workerName=node0
2021-07-28 21:02:12,497 [Listener at 127.0.0.1/11612] INFO  server.session (DefaultSessionIdManager.java:doStart(339)) - No SessionScavenger set, using defaults
2021-07-28 21:02:12,497 [Listener at 127.0.0.1/11612] INFO  server.session (HouseKeeper.java:startScavenging(132)) - node0 Scavenging every 600000ms
2021-07-28 21:02:12,498 [Listener at 127.0.0.1/11612] INFO  handler.ContextHandler (ContextHandler.java:doStart(916)) - Started o.e.j.s.ServletContextHandler@2f46c64a{logs,/logs,file:///home/runner/work/ozone/ozone/mnt/ozone/hadoop-ozone/integration-test/target/log,AVAILABLE}
2021-07-28 21:02:12,498 [Listener at 127.0.0.1/11612] INFO  handler.ContextHandler (ContextHandler.java:doStart(916)) - Started o.e.j.s.ServletContextHandler@39026576{static,/static,jar:file:/home/runner/.m2/repository/org/apache/ozone/hdds-container-service/1.2.0-SNAPSHOT/hdds-container-service-1.2.0-SNAPSHOT.jar!/webapps/static,AVAILABLE}
2021-07-28 21:02:12,571 [Datanode State Machine Task Thread - 0] INFO  datanode.InitDatanodeState (InitDatanodeState.java:persistContainerDatanodeDetails(145)) - DatanodeDetails is persisted to /home/runner/work/ozone/ozone/mnt/ozone/hadoop-ozone/integration-test/target/test-dir/MiniOzoneClusterImpl-78c7c17c-5238-474f-b89e-7e5468740183/datanode-0/meta/datanode.id
2021-07-28 21:02:12,581 [Listener at 127.0.0.1/11612] INFO  handler.ContextHandler (ContextHandler.java:doStart(916)) - Started o.e.j.w.WebAppContext@6f0bcb93{hddsDatanode,/,file:///tmp/jetty-0_0_0_0-33459-hdds-container-service-1_2_0-SNAPSHOT_jar-_-any-3193423279510160551/webapp/,AVAILABLE}{jar:file:/home/runner/.m2/repository/org/apache/ozone/hdds-container-service/1.2.0-SNAPSHOT/hdds-container-service-1.2.0-SNAPSHOT.jar!/webapps/hddsDatanode}
2021-07-28 21:02:12,583 [Listener at 127.0.0.1/11612] INFO  server.AbstractConnector (AbstractConnector.java:doStart(331)) - Started ServerConnector@66aa8c9e{HTTP/1.1, (http/1.1)}{0.0.0.0:33459}
2021-07-28 21:02:12,583 [Listener at 127.0.0.1/11612] INFO  server.Server (Server.java:doStart(415)) - Started @18454ms
2021-07-28 21:02:12,584 [Listener at 127.0.0.1/11612] WARN  impl.MetricsSystemImpl (MetricsSystemImpl.java:register(279)) - Sink prometheus already exists!
2021-07-28 21:02:12,584 [Listener at 127.0.0.1/11612] INFO  http.BaseHttpServer (BaseHttpServer.java:updateConnectorAddress(329)) - HTTP server of hddsDatanode listening at http://0.0.0.0:33459
2021-07-28 21:02:12,585 [Listener at 127.0.0.1/11612] WARN  impl.MetricRegistriesImpl (MetricRegistriesImpl.java:addReporterRegistration(111)) - New reporters are added after registries were created. Some metrics will be missing from the reporter. Please add reporter before adding any new registry.
2021-07-28 21:02:12,585 [Listener at 127.0.0.1/11612] WARN  impl.MetricRegistriesImpl (MetricRegistriesImpl.java:addReporterRegistration(111)) - New reporters are added after registries were created. Some metrics will be missing from the reporter. Please add reporter before adding any new registry.
2021-07-28 21:02:12,585 [Listener at 127.0.0.1/11612] INFO  impl.MetricsSystemImpl (MetricsSystemImpl.java:init(158)) - HddsDatanode metrics system started (again)
2021-07-28 21:02:12,604 [Listener at 127.0.0.1/11612] INFO  ozone.HddsDatanodeService (HddsDatanodeService.java:start(234)) - HddsDatanodeService host:fv-az151-48.yf2hydr00wburbhx3j5hxtcipe.bx.internal.cloudapp.net ip:10.1.0.18
2021-07-28 21:02:12,607 [org.apache.hadoop.util.JvmPauseMonitor$Monitor@11cd1718] INFO  util.JvmPauseMonitor (JvmPauseMonitor.java:run(188)) - Starting JVM pause monitor
2021-07-28 21:02:12,608 [Datanode State Machine Task Thread - 0] INFO  ha.SCMNodeInfo (SCMNodeInfo.java:getPort(197)) - ConfigKey ozone.scm.client.address is deprecated, For configuring different ports for each SCM use PortConfigKey ozone.scm.client.port appended with serviceId and nodeId
2021-07-28 21:02:12,608 [Datanode State Machine Task Thread - 0] INFO  ha.SCMNodeInfo (SCMNodeInfo.java:getPort(197)) - ConfigKey ozone.scm.block.client.address is deprecated, For configuring different ports for each SCM use PortConfigKey ozone.scm.block.client.port appended with serviceId and nodeId
2021-07-28 21:02:12,608 [Datanode State Machine Task Thread - 0] INFO  ha.SCMNodeInfo (SCMNodeInfo.java:getPort(197)) - ConfigKey ozone.scm.datanode.address is deprecated, For configuring different ports for each SCM use PortConfigKey ozone.scm.datanode.port appended with serviceId and nodeId
2021-07-28 21:02:12,616 [Datanode State Machine Task Thread - 0] INFO  datanode.InitDatanodeState (InitDatanodeState.java:persistContainerDatanodeDetails(145)) - DatanodeDetails is persisted to /home/runner/work/ozone/ozone/mnt/ozone/hadoop-ozone/integration-test/target/test-dir/MiniOzoneClusterImpl-78c7c17c-5238-474f-b89e-7e5468740183/datanode-1/meta/datanode.id
2021-07-28 21:02:12,626 [Listener at 127.0.0.1/11612] INFO  upgrade.AbstractLayoutVersionManager (AbstractLayoutVersionManager.java:init(70)) - Initializing Layout version manager with metadata layout = SCM_HA (version = 2), software layout = SCM_HA (version = 2)
2021-07-28 21:02:12,671 [Listener at 127.0.0.1/11612] INFO  reflections.Reflections (Reflections.java:scan(232)) - Reflections took 44 ms to scan 7 urls, producing 120 keys and 273 values 
2021-07-28 21:02:12,673 [Listener at 127.0.0.1/11612] INFO  ha.SCMNodeInfo (SCMNodeInfo.java:getPort(197)) - ConfigKey ozone.scm.client.address is deprecated, For configuring different ports for each SCM use PortConfigKey ozone.scm.client.port appended with serviceId and nodeId
2021-07-28 21:02:12,673 [Listener at 127.0.0.1/11612] INFO  ha.SCMNodeInfo (SCMNodeInfo.java:getPort(197)) - ConfigKey ozone.scm.block.client.address is deprecated, For configuring different ports for each SCM use PortConfigKey ozone.scm.block.client.port appended with serviceId and nodeId
2021-07-28 21:02:12,673 [Listener at 127.0.0.1/11612] INFO  ha.SCMNodeInfo (SCMNodeInfo.java:getPort(197)) - ConfigKey ozone.scm.datanode.address is deprecated, For configuring different ports for each SCM use PortConfigKey ozone.scm.datanode.port appended with serviceId and nodeId
2021-07-28 21:02:12,675 [Listener at 127.0.0.1/11612] INFO  volume.HddsVolume (HddsVolume.java:<init>(120)) - Creating HddsVolume: /home/runner/work/ozone/ozone/mnt/ozone/hadoop-ozone/integration-test/target/test-dir/MiniOzoneClusterImpl-78c7c17c-5238-474f-b89e-7e5468740183/datanode-2/data-0/containers/hdds of storage type : DISK capacity : 9223372036854775807
2021-07-28 21:02:12,675 [Listener at 127.0.0.1/11612] INFO  volume.MutableVolumeSet (MutableVolumeSet.java:initializeVolumeSet(181)) - Added Volume : /home/runner/work/ozone/ozone/mnt/ozone/hadoop-ozone/integration-test/target/test-dir/MiniOzoneClusterImpl-78c7c17c-5238-474f-b89e-7e5468740183/datanode-2/data-0/containers/hdds to VolumeSet
2021-07-28 21:02:12,676 [Listener at 127.0.0.1/11612] INFO  volume.ThrottledAsyncChecker (ThrottledAsyncChecker.java:schedule(141)) - Scheduling a check for /home/runner/work/ozone/ozone/mnt/ozone/hadoop-ozone/integration-test/target/test-dir/MiniOzoneClusterImpl-78c7c17c-5238-474f-b89e-7e5468740183/datanode-2/data-0/containers/hdds
2021-07-28 21:02:12,684 [Listener at 127.0.0.1/11612] INFO  volume.StorageVolumeChecker (StorageVolumeChecker.java:checkAllVolumes(202)) - Scheduled health check for volume /home/runner/work/ozone/ozone/mnt/ozone/hadoop-ozone/integration-test/target/test-dir/MiniOzoneClusterImpl-78c7c17c-5238-474f-b89e-7e5468740183/datanode-2/data-0/containers/hdds
2021-07-28 21:02:12,699 [Listener at 127.0.0.1/11612] INFO  volume.MutableVolumeSet (MutableVolumeSet.java:initializeVolumeSet(181)) - Added Volume : /home/runner/work/ozone/ozone/mnt/ozone/hadoop-ozone/integration-test/target/test-dir/MiniOzoneClusterImpl-78c7c17c-5238-474f-b89e-7e5468740183/datanode-2/data/ratis to VolumeSet
2021-07-28 21:02:12,700 [Listener at 127.0.0.1/11612] INFO  volume.ThrottledAsyncChecker (ThrottledAsyncChecker.java:schedule(141)) - Scheduling a check for /home/runner/work/ozone/ozone/mnt/ozone/hadoop-ozone/integration-test/target/test-dir/MiniOzoneClusterImpl-78c7c17c-5238-474f-b89e-7e5468740183/datanode-2/data/ratis
2021-07-28 21:02:12,700 [Listener at 127.0.0.1/11612] INFO  volume.StorageVolumeChecker (StorageVolumeChecker.java:checkAllVolumes(202)) - Scheduled health check for volume /home/runner/work/ozone/ozone/mnt/ozone/hadoop-ozone/integration-test/target/test-dir/MiniOzoneClusterImpl-78c7c17c-5238-474f-b89e-7e5468740183/datanode-2/data/ratis
2021-07-28 21:02:12,715 [Listener at 127.0.0.1/11612] INFO  ozoneimpl.ContainerReader (ContainerReader.java:<init>(98)) - Running in upgrade mode:true
2021-07-28 21:02:12,716 [Thread-502] INFO  ozoneimpl.ContainerReader (ContainerReader.java:readVolume(142)) - Start to verify containers on volume /home/runner/work/ozone/ozone/mnt/ozone/hadoop-ozone/integration-test/target/test-dir/MiniOzoneClusterImpl-78c7c17c-5238-474f-b89e-7e5468740183/datanode-2/data-0/containers/hdds
2021-07-28 21:02:12,716 [Thread-502] INFO  ozoneimpl.ContainerReader (ContainerReader.java:readVolume(174)) - Finish verifying containers on volume /home/runner/work/ozone/ozone/mnt/ozone/hadoop-ozone/integration-test/target/test-dir/MiniOzoneClusterImpl-78c7c17c-5238-474f-b89e-7e5468740183/datanode-2/data-0/containers/hdds
2021-07-28 21:02:12,717 [Listener at 127.0.0.1/11612] INFO  ozoneimpl.OzoneContainer (OzoneContainer.java:buildContainerSet(237)) - Build ContainerSet costs 0s
2021-07-28 21:02:12,719 [Listener at 127.0.0.1/11612] INFO  server.RaftServer (ConfUtils.java:logGet(44)) - raft.rpc.type = GRPC (default)
2021-07-28 21:02:12,719 [Listener at 127.0.0.1/11612] INFO  grpc.GrpcFactory (GrpcFactory.java:checkPooledByteBufAllocatorUseCacheForAllThreads(48)) - PERFORMANCE WARNING: useCacheForAllThreads is true that may cause Netty to create a lot garbage objects and, as a result, trigger GC.
	It is recommended to disable useCacheForAllThreads by setting -Dorg.apache.ratis.thirdparty.io.netty.allocator.useCacheForAllThreads=false in command line.
2021-07-28 21:02:12,719 [Listener at 127.0.0.1/11612] INFO  grpc.GrpcConfigKeys (ConfUtils.java:logGet(44)) - raft.grpc.admin.port = 0 (custom)
2021-07-28 21:02:12,719 [Listener at 127.0.0.1/11612] INFO  grpc.GrpcConfigKeys (ConfUtils.java:logGet(44)) - raft.grpc.client.port = 0 (custom)
2021-07-28 21:02:12,719 [Listener at 127.0.0.1/11612] INFO  grpc.GrpcConfigKeys (ConfUtils.java:logGet(44)) - raft.grpc.server.port = 0 (default)
2021-07-28 21:02:12,719 [Listener at 127.0.0.1/11612] INFO  server.GrpcService (ConfUtils.java:logGet(44)) - raft.grpc.message.size.max = 32MB (=33554432) (custom)
2021-07-28 21:02:12,720 [Listener at 127.0.0.1/11612] INFO  server.RaftServerConfigKeys (ConfUtils.java:logGet(44)) - raft.server.log.appender.buffer.byte-limit = 33554432 (custom)
2021-07-28 21:02:12,720 [Listener at 127.0.0.1/11612] INFO  server.GrpcService (ConfUtils.java:logGet(44)) - raft.grpc.flow.control.window = 5MB (=5242880) (custom)
2021-07-28 21:02:12,720 [Listener at 127.0.0.1/11612] INFO  server.RaftServerConfigKeys (ConfUtils.java:logGet(44)) - raft.server.rpc.request.timeout = 60s (custom)
2021-07-28 21:02:12,723 [Listener at 127.0.0.1/11612] INFO  impl.DataStreamServerImpl (ConfUtils.java:logGet(44)) - raft.datastream.type = DISABLED (default)
2021-07-28 21:02:12,724 [Listener at 127.0.0.1/11612] INFO  server.RaftServerConfigKeys (ConfUtils.java:logGet(44)) - raft.server.rpc.slowness.timeout = 300s (custom)
2021-07-28 21:02:12,724 [Listener at 127.0.0.1/11612] INFO  server.RaftServerConfigKeys (ConfUtils.java:logGet(44)) - raft.server.leaderelection.leader.step-down.wait-time = 10s (default)
2021-07-28 21:02:12,724 [Listener at 127.0.0.1/11612] INFO  server.RaftServerConfigKeys (ConfUtils.java:logGet(44)) - raft.server.storage.dir = [/home/runner/work/ozone/ozone/mnt/ozone/hadoop-ozone/integration-test/target/test-dir/MiniOzoneClusterImpl-78c7c17c-5238-474f-b89e-7e5468740183/datanode-2/data/ratis] (custom)
2021-07-28 21:02:12,728 [Listener at 127.0.0.1/11612] INFO  http.BaseHttpServer (BaseHttpServer.java:newHttpServer2BuilderForOzone(209)) - Starting Web-server for hddsDatanode at: http://0.0.0.0:0
2021-07-28 21:02:12,728 [Listener at 127.0.0.1/11612] INFO  http.BaseHttpServer (BaseHttpServer.java:<init>(107)) - Hadoop Security Enabled: false Ozone Security Enabled: false Ozone HTTP Security Enabled: false 
2021-07-28 21:02:12,730 [Listener at 127.0.0.1/11612] INFO  server.AuthenticationFilter (AuthenticationFilter.java:constructSecretProvider(240)) - Unable to initialize FileSignerSecretProvider, falling back to use random secrets.
2021-07-28 21:02:12,731 [Listener at 127.0.0.1/11612] WARN  http.HttpRequestLog (HttpRequestLog.java:getRequestLog(103)) - Jetty request log can only be enabled using Log4j
2021-07-28 21:02:12,731 [Listener at 127.0.0.1/11612] INFO  http.HttpServer2 (HttpServer2.java:addGlobalFilter(1020)) - Added global filter 'safety' (class=org.apache.hadoop.hdds.server.http.HttpServer2$QuotingInputFilter)
2021-07-28 21:02:12,732 [Listener at 127.0.0.1/11612] INFO  http.HttpServer2 (HttpServer2.java:addFilter(996)) - Added filter static_user_filter (class=org.apache.hadoop.http.lib.StaticUserWebFilter$StaticUserFilter) to context hddsDatanode
2021-07-28 21:02:12,732 [Listener at 127.0.0.1/11612] INFO  http.HttpServer2 (HttpServer2.java:addFilter(1004)) - Added filter static_user_filter (class=org.apache.hadoop.http.lib.StaticUserWebFilter$StaticUserFilter) to context static
2021-07-28 21:02:12,732 [Listener at 127.0.0.1/11612] INFO  http.HttpServer2 (HttpServer2.java:addFilter(1004)) - Added filter static_user_filter (class=org.apache.hadoop.http.lib.StaticUserWebFilter$StaticUserFilter) to context logs
2021-07-28 21:02:12,733 [Listener at 127.0.0.1/11612] INFO  http.HttpServer2 (HttpServer2.java:bindListener(1239)) - Jetty bound to port 45139
2021-07-28 21:02:12,733 [Listener at 127.0.0.1/11612] INFO  server.Server (Server.java:doStart(375)) - jetty-9.4.35.v20201120; built: 2020-11-20T21:17:03.964Z; git: bdc54f03a5e0a7e280fab27f55c3c75ee8da89fb; jvm 1.8.0_292-b10
2021-07-28 21:02:12,735 [Listener at 127.0.0.1/11612] INFO  server.session (DefaultSessionIdManager.java:doStart(334)) - DefaultSessionIdManager workerName=node0
2021-07-28 21:02:12,735 [Listener at 127.0.0.1/11612] INFO  server.session (DefaultSessionIdManager.java:doStart(339)) - No SessionScavenger set, using defaults
2021-07-28 21:02:12,735 [Listener at 127.0.0.1/11612] INFO  server.session (HouseKeeper.java:startScavenging(132)) - node0 Scavenging every 600000ms
2021-07-28 21:02:12,737 [Listener at 127.0.0.1/11612] INFO  handler.ContextHandler (ContextHandler.java:doStart(916)) - Started o.e.j.s.ServletContextHandler@d688c42{logs,/logs,file:///home/runner/work/ozone/ozone/mnt/ozone/hadoop-ozone/integration-test/target/log,AVAILABLE}
2021-07-28 21:02:12,737 [Listener at 127.0.0.1/11612] INFO  handler.ContextHandler (ContextHandler.java:doStart(916)) - Started o.e.j.s.ServletContextHandler@7cf7e6c6{static,/static,jar:file:/home/runner/.m2/repository/org/apache/ozone/hdds-container-service/1.2.0-SNAPSHOT/hdds-container-service-1.2.0-SNAPSHOT.jar!/webapps/static,AVAILABLE}
2021-07-28 21:02:12,787 [Listener at 127.0.0.1/11612] INFO  handler.ContextHandler (ContextHandler.java:doStart(916)) - Started o.e.j.w.WebAppContext@33e4d78f{hddsDatanode,/,file:///tmp/jetty-0_0_0_0-45139-hdds-container-service-1_2_0-SNAPSHOT_jar-_-any-5587727625345991769/webapp/,AVAILABLE}{jar:file:/home/runner/.m2/repository/org/apache/ozone/hdds-container-service/1.2.0-SNAPSHOT/hdds-container-service-1.2.0-SNAPSHOT.jar!/webapps/hddsDatanode}
2021-07-28 21:02:12,789 [Listener at 127.0.0.1/11612] INFO  server.AbstractConnector (AbstractConnector.java:doStart(331)) - Started ServerConnector@5e4a0623{HTTP/1.1, (http/1.1)}{0.0.0.0:45139}
2021-07-28 21:02:12,789 [Listener at 127.0.0.1/11612] INFO  server.Server (Server.java:doStart(415)) - Started @18660ms
2021-07-28 21:02:12,790 [Listener at 127.0.0.1/11612] WARN  impl.MetricsSystemImpl (MetricsSystemImpl.java:register(279)) - Sink prometheus already exists!
2021-07-28 21:02:12,791 [Listener at 127.0.0.1/11612] INFO  http.BaseHttpServer (BaseHttpServer.java:updateConnectorAddress(329)) - HTTP server of hddsDatanode listening at http://0.0.0.0:45139
2021-07-28 21:02:12,792 [Listener at 127.0.0.1/11612] INFO  ozone.MiniOzoneClusterImpl (MiniOzoneClusterImpl.java:lambda$waitForClusterToBeReady$0(235)) - Waiting for nodes to be ready. Got 0 of 3 DN Heartbeats.
2021-07-28 21:02:12,792 [Listener at 127.0.0.1/11612] INFO  ozone.MiniOzoneClusterImpl (MiniOzoneClusterImpl.java:lambda$waitForClusterToBeReady$0(238)) - Waiting for cluster to exit safe mode
2021-07-28 21:02:12,792 [Listener at 127.0.0.1/11612] INFO  ozone.MiniOzoneClusterImpl (MiniOzoneClusterImpl.java:lambda$waitForClusterToBeReady$0(240)) - SCM became leader
2021-07-28 21:02:12,808 [org.apache.hadoop.util.JvmPauseMonitor$Monitor@4ca4dfaa] INFO  util.JvmPauseMonitor (JvmPauseMonitor.java:run(188)) - Starting JVM pause monitor
2021-07-28 21:02:12,808 [Datanode State Machine Task Thread - 0] INFO  ha.SCMNodeInfo (SCMNodeInfo.java:getPort(197)) - ConfigKey ozone.scm.client.address is deprecated, For configuring different ports for each SCM use PortConfigKey ozone.scm.client.port appended with serviceId and nodeId
2021-07-28 21:02:12,809 [Datanode State Machine Task Thread - 0] INFO  ha.SCMNodeInfo (SCMNodeInfo.java:getPort(197)) - ConfigKey ozone.scm.block.client.address is deprecated, For configuring different ports for each SCM use PortConfigKey ozone.scm.block.client.port appended with serviceId and nodeId
2021-07-28 21:02:12,809 [Datanode State Machine Task Thread - 0] INFO  ha.SCMNodeInfo (SCMNodeInfo.java:getPort(197)) - ConfigKey ozone.scm.datanode.address is deprecated, For configuring different ports for each SCM use PortConfigKey ozone.scm.datanode.port appended with serviceId and nodeId
2021-07-28 21:02:12,811 [Datanode State Machine Task Thread - 0] INFO  datanode.InitDatanodeState (InitDatanodeState.java:persistContainerDatanodeDetails(145)) - DatanodeDetails is persisted to /home/runner/work/ozone/ozone/mnt/ozone/hadoop-ozone/integration-test/target/test-dir/MiniOzoneClusterImpl-78c7c17c-5238-474f-b89e-7e5468740183/datanode-2/meta/datanode.id
2021-07-28 21:02:13,793 [Listener at 127.0.0.1/11612] INFO  ozone.MiniOzoneClusterImpl (MiniOzoneClusterImpl.java:lambda$waitForClusterToBeReady$0(235)) - Waiting for nodes to be ready. Got 0 of 3 DN Heartbeats.
2021-07-28 21:02:13,793 [Listener at 127.0.0.1/11612] INFO  ozone.MiniOzoneClusterImpl (MiniOzoneClusterImpl.java:lambda$waitForClusterToBeReady$0(238)) - Waiting for cluster to exit safe mode
2021-07-28 21:02:13,793 [Listener at 127.0.0.1/11612] INFO  ozone.MiniOzoneClusterImpl (MiniOzoneClusterImpl.java:lambda$waitForClusterToBeReady$0(240)) - SCM became leader
2021-07-28 21:02:14,412 [EndpointStateMachine task thread for /127.0.0.1:15141 - 0 ] INFO  ozoneimpl.OzoneContainer (OzoneContainer.java:start(305)) - Attempting to start container services.
2021-07-28 21:02:14,414 [EndpointStateMachine task thread for /127.0.0.1:15141 - 0 ] INFO  ozoneimpl.OzoneContainer (OzoneContainer.java:startContainerScrub(250)) - Background container scanner has been disabled.
2021-07-28 21:02:14,416 [EndpointStateMachine task thread for /127.0.0.1:15141 - 0 ] INFO  replication.ReplicationServer (ReplicationServer.java:start(106)) - ReplicationServer is started using port 43569
2021-07-28 21:02:14,420 [EndpointStateMachine task thread for /127.0.0.1:15141 - 0 ] INFO  ratis.XceiverServerRatis (XceiverServerRatis.java:start(478)) - Starting XceiverServerRatis d76cbe35-1465-4027-b77e-516590b33ba3
2021-07-28 21:02:14,428 [EndpointStateMachine task thread for /127.0.0.1:15141 - 0 ] INFO  server.RaftServer (RaftServerProxy.java:lambda$start$5(374)) - d76cbe35-1465-4027-b77e-516590b33ba3: start RPC server
2021-07-28 21:02:14,430 [EndpointStateMachine task thread for /127.0.0.1:15141 - 0 ] INFO  server.GrpcService (GrpcService.java:startImpl(253)) - d76cbe35-1465-4027-b77e-516590b33ba3: GrpcService started, listening on 33679
2021-07-28 21:02:14,431 [EndpointStateMachine task thread for /127.0.0.1:15141 - 0 ] INFO  ratis.XceiverServerRatis (XceiverServerRatis.java:getRealPort(499)) - XceiverServerRatis d76cbe35-1465-4027-b77e-516590b33ba3 is started using port 33679 for RATIS
2021-07-28 21:02:14,431 [EndpointStateMachine task thread for /127.0.0.1:15141 - 0 ] INFO  ratis.XceiverServerRatis (XceiverServerRatis.java:getRealPort(499)) - XceiverServerRatis d76cbe35-1465-4027-b77e-516590b33ba3 is started using port 33679 for RATIS_ADMIN
2021-07-28 21:02:14,431 [EndpointStateMachine task thread for /127.0.0.1:15141 - 0 ] INFO  ratis.XceiverServerRatis (XceiverServerRatis.java:getRealPort(499)) - XceiverServerRatis d76cbe35-1465-4027-b77e-516590b33ba3 is started using port 33679 for RATIS_SERVER
2021-07-28 21:02:14,432 [EndpointStateMachine task thread for /127.0.0.1:15141 - 0 ] INFO  server.XceiverServerGrpc (XceiverServerGrpc.java:start(135)) - XceiverServerGrpc d76cbe35-1465-4027-b77e-516590b33ba3 is started using port 46735
2021-07-28 21:02:14,431 [org.apache.ratis.util.JvmPauseMonitor$$Lambda$430/1677697972@19d3d636] INFO  util.JvmPauseMonitor (JvmPauseMonitor.java:run(103)) - JvmPauseMonitor-d76cbe35-1465-4027-b77e-516590b33ba3: Started
2021-07-28 21:02:14,614 [EndpointStateMachine task thread for /127.0.0.1:15141 - 0 ] INFO  ozoneimpl.OzoneContainer (OzoneContainer.java:start(305)) - Attempting to start container services.
2021-07-28 21:02:14,614 [EndpointStateMachine task thread for /127.0.0.1:15141 - 0 ] INFO  ozoneimpl.OzoneContainer (OzoneContainer.java:startContainerScrub(250)) - Background container scanner has been disabled.
2021-07-28 21:02:14,616 [EndpointStateMachine task thread for /127.0.0.1:15141 - 0 ] INFO  replication.ReplicationServer (ReplicationServer.java:start(106)) - ReplicationServer is started using port 35827
2021-07-28 21:02:14,617 [EndpointStateMachine task thread for /127.0.0.1:15141 - 0 ] INFO  ratis.XceiverServerRatis (XceiverServerRatis.java:start(478)) - Starting XceiverServerRatis 8ca710da-f90c-4f5c-8e20-a506923d7d86
2021-07-28 21:02:14,618 [EndpointStateMachine task thread for /127.0.0.1:15141 - 0 ] INFO  server.RaftServer (RaftServerProxy.java:lambda$start$5(374)) - 8ca710da-f90c-4f5c-8e20-a506923d7d86: start RPC server
2021-07-28 21:02:14,621 [EndpointStateMachine task thread for /127.0.0.1:15141 - 0 ] INFO  server.GrpcService (GrpcService.java:startImpl(253)) - 8ca710da-f90c-4f5c-8e20-a506923d7d86: GrpcService started, listening on 44271
2021-07-28 21:02:14,621 [EndpointStateMachine task thread for /127.0.0.1:15141 - 0 ] INFO  ratis.XceiverServerRatis (XceiverServerRatis.java:getRealPort(499)) - XceiverServerRatis 8ca710da-f90c-4f5c-8e20-a506923d7d86 is started using port 44271 for RATIS
2021-07-28 21:02:14,621 [EndpointStateMachine task thread for /127.0.0.1:15141 - 0 ] INFO  ratis.XceiverServerRatis (XceiverServerRatis.java:getRealPort(499)) - XceiverServerRatis 8ca710da-f90c-4f5c-8e20-a506923d7d86 is started using port 44271 for RATIS_ADMIN
2021-07-28 21:02:14,621 [EndpointStateMachine task thread for /127.0.0.1:15141 - 0 ] INFO  ratis.XceiverServerRatis (XceiverServerRatis.java:getRealPort(499)) - XceiverServerRatis 8ca710da-f90c-4f5c-8e20-a506923d7d86 is started using port 44271 for RATIS_SERVER
2021-07-28 21:02:14,621 [org.apache.ratis.util.JvmPauseMonitor$$Lambda$430/1677697972@3095927f] INFO  util.JvmPauseMonitor (JvmPauseMonitor.java:run(103)) - JvmPauseMonitor-8ca710da-f90c-4f5c-8e20-a506923d7d86: Started
2021-07-28 21:02:14,623 [EndpointStateMachine task thread for /127.0.0.1:15141 - 0 ] INFO  server.XceiverServerGrpc (XceiverServerGrpc.java:start(135)) - XceiverServerGrpc 8ca710da-f90c-4f5c-8e20-a506923d7d86 is started using port 41275
2021-07-28 21:02:14,793 [Listener at 127.0.0.1/11612] INFO  ozone.MiniOzoneClusterImpl (MiniOzoneClusterImpl.java:lambda$waitForClusterToBeReady$0(235)) - Waiting for nodes to be ready. Got 0 of 3 DN Heartbeats.
2021-07-28 21:02:14,794 [Listener at 127.0.0.1/11612] INFO  ozone.MiniOzoneClusterImpl (MiniOzoneClusterImpl.java:lambda$waitForClusterToBeReady$0(238)) - Waiting for cluster to exit safe mode
2021-07-28 21:02:14,794 [Listener at 127.0.0.1/11612] INFO  ozone.MiniOzoneClusterImpl (MiniOzoneClusterImpl.java:lambda$waitForClusterToBeReady$0(240)) - SCM became leader
2021-07-28 21:02:14,817 [EndpointStateMachine task thread for /127.0.0.1:15141 - 0 ] INFO  ozoneimpl.OzoneContainer (OzoneContainer.java:start(305)) - Attempting to start container services.
2021-07-28 21:02:14,817 [EndpointStateMachine task thread for /127.0.0.1:15141 - 0 ] INFO  ozoneimpl.OzoneContainer (OzoneContainer.java:startContainerScrub(250)) - Background container scanner has been disabled.
2021-07-28 21:02:14,820 [EndpointStateMachine task thread for /127.0.0.1:15141 - 0 ] INFO  replication.ReplicationServer (ReplicationServer.java:start(106)) - ReplicationServer is started using port 44009
2021-07-28 21:02:14,821 [EndpointStateMachine task thread for /127.0.0.1:15141 - 0 ] INFO  ratis.XceiverServerRatis (XceiverServerRatis.java:start(478)) - Starting XceiverServerRatis 1c1a15f6-b9e2-4fe7-bd0e-049086cdca18
2021-07-28 21:02:14,822 [EndpointStateMachine task thread for /127.0.0.1:15141 - 0 ] INFO  server.RaftServer (RaftServerProxy.java:lambda$start$5(374)) - 1c1a15f6-b9e2-4fe7-bd0e-049086cdca18: start RPC server
2021-07-28 21:02:14,823 [EndpointStateMachine task thread for /127.0.0.1:15141 - 0 ] INFO  server.GrpcService (GrpcService.java:startImpl(253)) - 1c1a15f6-b9e2-4fe7-bd0e-049086cdca18: GrpcService started, listening on 36645
2021-07-28 21:02:14,823 [EndpointStateMachine task thread for /127.0.0.1:15141 - 0 ] INFO  ratis.XceiverServerRatis (XceiverServerRatis.java:getRealPort(499)) - XceiverServerRatis 1c1a15f6-b9e2-4fe7-bd0e-049086cdca18 is started using port 36645 for RATIS
2021-07-28 21:02:14,823 [EndpointStateMachine task thread for /127.0.0.1:15141 - 0 ] INFO  ratis.XceiverServerRatis (XceiverServerRatis.java:getRealPort(499)) - XceiverServerRatis 1c1a15f6-b9e2-4fe7-bd0e-049086cdca18 is started using port 36645 for RATIS_ADMIN
2021-07-28 21:02:14,823 [org.apache.ratis.util.JvmPauseMonitor$$Lambda$430/1677697972@cdc0cbc] INFO  util.JvmPauseMonitor (JvmPauseMonitor.java:run(103)) - JvmPauseMonitor-1c1a15f6-b9e2-4fe7-bd0e-049086cdca18: Started
2021-07-28 21:02:14,823 [EndpointStateMachine task thread for /127.0.0.1:15141 - 0 ] INFO  ratis.XceiverServerRatis (XceiverServerRatis.java:getRealPort(499)) - XceiverServerRatis 1c1a15f6-b9e2-4fe7-bd0e-049086cdca18 is started using port 36645 for RATIS_SERVER
2021-07-28 21:02:14,825 [EndpointStateMachine task thread for /127.0.0.1:15141 - 0 ] INFO  server.XceiverServerGrpc (XceiverServerGrpc.java:start(135)) - XceiverServerGrpc 1c1a15f6-b9e2-4fe7-bd0e-049086cdca18 is started using port 43711
2021-07-28 21:02:15,794 [Listener at 127.0.0.1/11612] INFO  ozone.MiniOzoneClusterImpl (MiniOzoneClusterImpl.java:lambda$waitForClusterToBeReady$0(235)) - Waiting for nodes to be ready. Got 0 of 3 DN Heartbeats.
2021-07-28 21:02:15,794 [Listener at 127.0.0.1/11612] INFO  ozone.MiniOzoneClusterImpl (MiniOzoneClusterImpl.java:lambda$waitForClusterToBeReady$0(238)) - Waiting for cluster to exit safe mode
2021-07-28 21:02:15,795 [Listener at 127.0.0.1/11612] INFO  ozone.MiniOzoneClusterImpl (MiniOzoneClusterImpl.java:lambda$waitForClusterToBeReady$0(240)) - SCM became leader
2021-07-28 21:02:16,366 [IPC Server handler 3 on default port 15141] INFO  net.NetworkTopologyImpl (NetworkTopologyImpl.java:add(112)) - Added a new node: /default-rack/d76cbe35-1465-4027-b77e-516590b33ba3
2021-07-28 21:02:16,367 [IPC Server handler 3 on default port 15141] INFO  node.SCMNodeManager (SCMNodeManager.java:register(386)) - Registered Data node : d76cbe35-1465-4027-b77e-516590b33ba3{ip: 127.0.0.1, host: localhost, ports: [REPLICATION=43569, RATIS=33679, RATIS_ADMIN=33679, RATIS_SERVER=33679, STANDALONE=46735], networkLocation: /default-rack, certSerialId: null, persistedOpState: null, persistedOpStateExpiryEpochSec: 0}
2021-07-28 21:02:16,372 [EventQueue-NewNodeForNewNodeHandler] INFO  pipeline.BackgroundPipelineCreator (BackgroundPipelineCreatorV2.java:notifyEventTriggered(285)) - trigger a one-shot run on RatisPipelineUtilsThread.
2021-07-28 21:02:16,384 [RatisPipelineUtilsThread - 0] INFO  pipeline.RatisPipelineProvider (RatisPipelineProvider.java:lambda$create$0(183)) - Sending CreatePipelineCommand for pipeline:PipelineID=1e4e6a81-9076-48b4-b2e5-765cb7123c7d to datanode:d76cbe35-1465-4027-b77e-516590b33ba3
2021-07-28 21:02:16,384 [EventQueue-NodeRegistrationContainerReportForDataNodeSafeModeRule] INFO  safemode.SCMSafeModeManager (DataNodeSafeModeRule.java:process(71)) - SCM in safe mode. 1 DataNodes registered, 3 required.
2021-07-28 21:02:16,408 [EventQueue-NodeRegistrationContainerReportForContainerSafeModeRule] INFO  safemode.SCMSafeModeManager (SCMSafeModeManager.java:validateSafeModeExitRules(204)) - ContainerSafeModeRule rule is successfully validated
2021-07-28 21:02:16,411 [EventQueue-PipelineReportForOneReplicaPipelineSafeModeRule] INFO  safemode.SCMSafeModeManager (SCMSafeModeManager.java:validateSafeModeExitRules(204)) - AtleastOneDatanodeReportedRule rule is successfully validated
2021-07-28 21:02:16,490 [9f4ed4a1-d4cd-462e-b2c8-34d167a020c3@group-7E5468740183-StateMachineUpdater] INFO  pipeline.PipelineStateManager (PipelineStateManagerV2Impl.java:addPipeline(101)) - Created pipeline Pipeline[ Id: 1e4e6a81-9076-48b4-b2e5-765cb7123c7d, Nodes: d76cbe35-1465-4027-b77e-516590b33ba3{ip: 127.0.0.1, host: localhost, ports: [REPLICATION=43569, RATIS=33679, RATIS_ADMIN=33679, RATIS_SERVER=33679, STANDALONE=46735], networkLocation: /default-rack, certSerialId: null, persistedOpState: IN_SERVICE, persistedOpStateExpiryEpochSec: 0}, ReplicationConfig: RATIS/ONE, State:ALLOCATED, leaderId:, CreationTimestamp2021-07-28T21:02:16.380Z[Etc/UTC]].
2021-07-28 21:02:16,491 [9f4ed4a1-d4cd-462e-b2c8-34d167a020c3@group-7E5468740183-StateMachineUpdater] INFO  safemode.HealthyPipelineSafeModeRule (HealthyPipelineSafeModeRule.java:initializeRule(152)) - Refreshed total pipeline count is 0, healthy pipeline threshold count is 1
2021-07-28 21:02:16,495 [RatisPipelineUtilsThread - 0] INFO  ha.SCMHAInvocationHandler (SCMHAInvocationHandler.java:invokeRatis(113)) - Invoking method public abstract void org.apache.hadoop.hdds.scm.pipeline.StateManager.addPipeline(org.apache.hadoop.hdds.protocol.proto.HddsProtos$Pipeline) throws java.io.IOException on target org.apache.hadoop.hdds.scm.ha.SCMRatisServerImpl@12ff6d7b, cost 101659.216us
2021-07-28 21:02:16,611 [IPC Server handler 0 on default port 15141] INFO  net.NetworkTopologyImpl (NetworkTopologyImpl.java:add(112)) - Added a new node: /default-rack/8ca710da-f90c-4f5c-8e20-a506923d7d86
2021-07-28 21:02:16,611 [IPC Server handler 0 on default port 15141] INFO  node.SCMNodeManager (SCMNodeManager.java:register(386)) - Registered Data node : 8ca710da-f90c-4f5c-8e20-a506923d7d86{ip: 127.0.0.1, host: localhost, ports: [REPLICATION=35827, RATIS=44271, RATIS_ADMIN=44271, RATIS_SERVER=44271, STANDALONE=41275], networkLocation: /default-rack, certSerialId: null, persistedOpState: null, persistedOpStateExpiryEpochSec: 0}
2021-07-28 21:02:16,613 [EventQueue-NewNodeForNewNodeHandler] INFO  pipeline.BackgroundPipelineCreator (BackgroundPipelineCreatorV2.java:notifyEventTriggered(285)) - trigger a one-shot run on RatisPipelineUtilsThread.
2021-07-28 21:02:16,613 [EventQueue-NodeRegistrationContainerReportForDataNodeSafeModeRule] INFO  safemode.SCMSafeModeManager (DataNodeSafeModeRule.java:process(71)) - SCM in safe mode. 2 DataNodes registered, 3 required.
2021-07-28 21:02:16,617 [RatisPipelineUtilsThread - 0] INFO  pipeline.RatisPipelineProvider (RatisPipelineProvider.java:lambda$create$0(183)) - Sending CreatePipelineCommand for pipeline:PipelineID=3edeb008-6d90-4397-ac3a-38fdfb7daf8f to datanode:8ca710da-f90c-4f5c-8e20-a506923d7d86
2021-07-28 21:02:16,619 [9f4ed4a1-d4cd-462e-b2c8-34d167a020c3@group-7E5468740183-StateMachineUpdater] INFO  pipeline.PipelineStateManager (PipelineStateManagerV2Impl.java:addPipeline(101)) - Created pipeline Pipeline[ Id: 3edeb008-6d90-4397-ac3a-38fdfb7daf8f, Nodes: 8ca710da-f90c-4f5c-8e20-a506923d7d86{ip: 127.0.0.1, host: localhost, ports: [REPLICATION=35827, RATIS=44271, RATIS_ADMIN=44271, RATIS_SERVER=44271, STANDALONE=41275], networkLocation: /default-rack, certSerialId: null, persistedOpState: IN_SERVICE, persistedOpStateExpiryEpochSec: 0}, ReplicationConfig: RATIS/ONE, State:ALLOCATED, leaderId:, CreationTimestamp2021-07-28T21:02:16.617Z[Etc/UTC]].
2021-07-28 21:02:16,620 [9f4ed4a1-d4cd-462e-b2c8-34d167a020c3@group-7E5468740183-StateMachineUpdater] INFO  safemode.HealthyPipelineSafeModeRule (HealthyPipelineSafeModeRule.java:initializeRule(152)) - Refreshed total pipeline count is 0, healthy pipeline threshold count is 1
2021-07-28 21:02:16,620 [RatisPipelineUtilsThread - 0] INFO  ha.SCMHAInvocationHandler (SCMHAInvocationHandler.java:invokeRatis(113)) - Invoking method public abstract void org.apache.hadoop.hdds.scm.pipeline.StateManager.addPipeline(org.apache.hadoop.hdds.protocol.proto.HddsProtos$Pipeline) throws java.io.IOException on target org.apache.hadoop.hdds.scm.ha.SCMRatisServerImpl@12ff6d7b, cost 2578.947us
2021-07-28 21:02:16,795 [Listener at 127.0.0.1/11612] INFO  ozone.MiniOzoneClusterImpl (MiniOzoneClusterImpl.java:lambda$waitForClusterToBeReady$0(235)) - Waiting for nodes to be ready. Got 2 of 3 DN Heartbeats.
2021-07-28 21:02:16,795 [Listener at 127.0.0.1/11612] INFO  ozone.MiniOzoneClusterImpl (MiniOzoneClusterImpl.java:lambda$waitForClusterToBeReady$0(238)) - Waiting for cluster to exit safe mode
2021-07-28 21:02:16,795 [Listener at 127.0.0.1/11612] INFO  ozone.MiniOzoneClusterImpl (MiniOzoneClusterImpl.java:lambda$waitForClusterToBeReady$0(240)) - SCM became leader
2021-07-28 21:02:16,812 [IPC Server handler 2 on default port 15141] INFO  net.NetworkTopologyImpl (NetworkTopologyImpl.java:add(112)) - Added a new node: /default-rack/1c1a15f6-b9e2-4fe7-bd0e-049086cdca18
2021-07-28 21:02:16,813 [IPC Server handler 2 on default port 15141] INFO  node.SCMNodeManager (SCMNodeManager.java:register(386)) - Registered Data node : 1c1a15f6-b9e2-4fe7-bd0e-049086cdca18{ip: 127.0.0.1, host: localhost, ports: [REPLICATION=44009, RATIS=36645, RATIS_ADMIN=36645, RATIS_SERVER=36645, STANDALONE=43711], networkLocation: /default-rack, certSerialId: null, persistedOpState: null, persistedOpStateExpiryEpochSec: 0}
2021-07-28 21:02:16,814 [EventQueue-NewNodeForNewNodeHandler] INFO  pipeline.BackgroundPipelineCreator (BackgroundPipelineCreatorV2.java:notifyEventTriggered(285)) - trigger a one-shot run on RatisPipelineUtilsThread.
2021-07-28 21:02:16,814 [EventQueue-NodeRegistrationContainerReportForDataNodeSafeModeRule] INFO  safemode.SCMSafeModeManager (DataNodeSafeModeRule.java:process(71)) - SCM in safe mode. 3 DataNodes registered, 3 required.
2021-07-28 21:02:16,814 [EventQueue-NodeRegistrationContainerReportForDataNodeSafeModeRule] INFO  safemode.SCMSafeModeManager (SCMSafeModeManager.java:validateSafeModeExitRules(204)) - DataNodeSafeModeRule rule is successfully validated
2021-07-28 21:02:16,814 [EventQueue-NodeRegistrationContainerReportForDataNodeSafeModeRule] INFO  safemode.SCMSafeModeManager (SCMSafeModeManager.java:completePreCheck(233)) - All SCM safe mode pre check rules have passed
2021-07-28 21:02:16,815 [EventQueue-NodeRegistrationContainerReportForDataNodeSafeModeRule] WARN  events.EventQueue (EventQueue.java:fireEvent(194)) - No event handler registered for event TypedEvent{payloadType=SafeModeStatus, name='Safe mode status'}
2021-07-28 21:02:16,815 [EventQueue-NodeRegistrationContainerReportForDataNodeSafeModeRule] INFO  ha.SCMContext (SCMContext.java:updateSafeModeStatus(205)) - Update SafeModeStatus from SafeModeStatus{safeModeStatus=true, preCheckPassed=false} to SafeModeStatus{safeModeStatus=true, preCheckPassed=true}.
2021-07-28 21:02:16,815 [RatisPipelineUtilsThread - 0] INFO  pipeline.RatisPipelineProvider (RatisPipelineProvider.java:lambda$create$0(183)) - Sending CreatePipelineCommand for pipeline:PipelineID=3f1bb2a1-9cb8-45f5-9dfe-ded3473bb816 to datanode:1c1a15f6-b9e2-4fe7-bd0e-049086cdca18
2021-07-28 21:02:16,815 [EventQueue-NodeRegistrationContainerReportForDataNodeSafeModeRule] INFO  pipeline.BackgroundPipelineCreator (BackgroundPipelineCreatorV2.java:notifyEventTriggered(285)) - trigger a one-shot run on RatisPipelineUtilsThread.
2021-07-28 21:02:16,819 [9f4ed4a1-d4cd-462e-b2c8-34d167a020c3@group-7E5468740183-StateMachineUpdater] INFO  pipeline.PipelineStateManager (PipelineStateManagerV2Impl.java:addPipeline(101)) - Created pipeline Pipeline[ Id: 3f1bb2a1-9cb8-45f5-9dfe-ded3473bb816, Nodes: 1c1a15f6-b9e2-4fe7-bd0e-049086cdca18{ip: 127.0.0.1, host: localhost, ports: [REPLICATION=44009, RATIS=36645, RATIS_ADMIN=36645, RATIS_SERVER=36645, STANDALONE=43711], networkLocation: /default-rack, certSerialId: null, persistedOpState: IN_SERVICE, persistedOpStateExpiryEpochSec: 0}, ReplicationConfig: RATIS/ONE, State:ALLOCATED, leaderId:, CreationTimestamp2021-07-28T21:02:16.815Z[Etc/UTC]].
2021-07-28 21:02:16,819 [9f4ed4a1-d4cd-462e-b2c8-34d167a020c3@group-7E5468740183-StateMachineUpdater] INFO  safemode.HealthyPipelineSafeModeRule (HealthyPipelineSafeModeRule.java:initializeRule(152)) - Refreshed total pipeline count is 0, healthy pipeline threshold count is 1
2021-07-28 21:02:16,819 [RatisPipelineUtilsThread - 0] INFO  ha.SCMHAInvocationHandler (SCMHAInvocationHandler.java:invokeRatis(113)) - Invoking method public abstract void org.apache.hadoop.hdds.scm.pipeline.StateManager.addPipeline(org.apache.hadoop.hdds.protocol.proto.HddsProtos$Pipeline) throws java.io.IOException on target org.apache.hadoop.hdds.scm.ha.SCMRatisServerImpl@12ff6d7b, cost 3909.124us
2021-07-28 21:02:16,822 [RatisPipelineUtilsThread - 0] INFO  pipeline.RatisPipelineProvider (RatisPipelineProvider.java:lambda$create$0(183)) - Sending CreatePipelineCommand for pipeline:PipelineID=5350f93b-9e88-4f26-9f2e-acd1d8b65187 to datanode:1c1a15f6-b9e2-4fe7-bd0e-049086cdca18
2021-07-28 21:02:16,822 [RatisPipelineUtilsThread - 0] INFO  pipeline.RatisPipelineProvider (RatisPipelineProvider.java:lambda$create$0(183)) - Sending CreatePipelineCommand for pipeline:PipelineID=5350f93b-9e88-4f26-9f2e-acd1d8b65187 to datanode:d76cbe35-1465-4027-b77e-516590b33ba3
2021-07-28 21:02:16,823 [RatisPipelineUtilsThread - 0] INFO  pipeline.RatisPipelineProvider (RatisPipelineProvider.java:lambda$create$0(183)) - Sending CreatePipelineCommand for pipeline:PipelineID=5350f93b-9e88-4f26-9f2e-acd1d8b65187 to datanode:8ca710da-f90c-4f5c-8e20-a506923d7d86
2021-07-28 21:02:16,825 [9f4ed4a1-d4cd-462e-b2c8-34d167a020c3@group-7E5468740183-StateMachineUpdater] INFO  pipeline.PipelineStateManager (PipelineStateManagerV2Impl.java:addPipeline(101)) - Created pipeline Pipeline[ Id: 5350f93b-9e88-4f26-9f2e-acd1d8b65187, Nodes: 1c1a15f6-b9e2-4fe7-bd0e-049086cdca18{ip: 127.0.0.1, host: localhost, ports: [REPLICATION=44009, RATIS=36645, RATIS_ADMIN=36645, RATIS_SERVER=36645, STANDALONE=43711], networkLocation: /default-rack, certSerialId: null, persistedOpState: IN_SERVICE, persistedOpStateExpiryEpochSec: 0}d76cbe35-1465-4027-b77e-516590b33ba3{ip: 127.0.0.1, host: localhost, ports: [REPLICATION=43569, RATIS=33679, RATIS_ADMIN=33679, RATIS_SERVER=33679, STANDALONE=46735], networkLocation: /default-rack, certSerialId: null, persistedOpState: IN_SERVICE, persistedOpStateExpiryEpochSec: 0}8ca710da-f90c-4f5c-8e20-a506923d7d86{ip: 127.0.0.1, host: localhost, ports: [REPLICATION=35827, RATIS=44271, RATIS_ADMIN=44271, RATIS_SERVER=44271, STANDALONE=41275], networkLocation: /default-rack, certSerialId: null, persistedOpState: IN_SERVICE, persistedOpStateExpiryEpochSec: 0}, ReplicationConfig: RATIS/THREE, State:ALLOCATED, leaderId:, CreationTimestamp2021-07-28T21:02:16.822Z[Etc/UTC]].
2021-07-28 21:02:16,825 [9f4ed4a1-d4cd-462e-b2c8-34d167a020c3@group-7E5468740183-StateMachineUpdater] INFO  safemode.HealthyPipelineSafeModeRule (HealthyPipelineSafeModeRule.java:initializeRule(152)) - Refreshed total pipeline count is 0, healthy pipeline threshold count is 1
2021-07-28 21:02:16,826 [RatisPipelineUtilsThread - 0] INFO  ha.SCMHAInvocationHandler (SCMHAInvocationHandler.java:invokeRatis(113)) - Invoking method public abstract void org.apache.hadoop.hdds.scm.pipeline.StateManager.addPipeline(org.apache.hadoop.hdds.protocol.proto.HddsProtos$Pipeline) throws java.io.IOException on target org.apache.hadoop.hdds.scm.ha.SCMRatisServerImpl@12ff6d7b, cost 2771.358us
2021-07-28 21:02:16,827 [RatisPipelineUtilsThread - 0] INFO  pipeline.RatisPipelineProvider (RatisPipelineProvider.java:lambda$create$0(183)) - Sending CreatePipelineCommand for pipeline:PipelineID=ffc08a69-289a-48e5-b1d7-82557db05f40 to datanode:1c1a15f6-b9e2-4fe7-bd0e-049086cdca18
2021-07-28 21:02:16,827 [RatisPipelineUtilsThread - 0] INFO  pipeline.RatisPipelineProvider (RatisPipelineProvider.java:lambda$create$0(183)) - Sending CreatePipelineCommand for pipeline:PipelineID=ffc08a69-289a-48e5-b1d7-82557db05f40 to datanode:8ca710da-f90c-4f5c-8e20-a506923d7d86
2021-07-28 21:02:16,828 [RatisPipelineUtilsThread - 0] INFO  pipeline.RatisPipelineProvider (RatisPipelineProvider.java:lambda$create$0(183)) - Sending CreatePipelineCommand for pipeline:PipelineID=ffc08a69-289a-48e5-b1d7-82557db05f40 to datanode:d76cbe35-1465-4027-b77e-516590b33ba3
2021-07-28 21:02:16,832 [9f4ed4a1-d4cd-462e-b2c8-34d167a020c3@group-7E5468740183-StateMachineUpdater] INFO  pipeline.PipelineStateManager (PipelineStateManagerV2Impl.java:addPipeline(101)) - Created pipeline Pipeline[ Id: ffc08a69-289a-48e5-b1d7-82557db05f40, Nodes: 1c1a15f6-b9e2-4fe7-bd0e-049086cdca18{ip: 127.0.0.1, host: localhost, ports: [REPLICATION=44009, RATIS=36645, RATIS_ADMIN=36645, RATIS_SERVER=36645, STANDALONE=43711], networkLocation: /default-rack, certSerialId: null, persistedOpState: IN_SERVICE, persistedOpStateExpiryEpochSec: 0}8ca710da-f90c-4f5c-8e20-a506923d7d86{ip: 127.0.0.1, host: localhost, ports: [REPLICATION=35827, RATIS=44271, RATIS_ADMIN=44271, RATIS_SERVER=44271, STANDALONE=41275], networkLocation: /default-rack, certSerialId: null, persistedOpState: IN_SERVICE, persistedOpStateExpiryEpochSec: 0}d76cbe35-1465-4027-b77e-516590b33ba3{ip: 127.0.0.1, host: localhost, ports: [REPLICATION=43569, RATIS=33679, RATIS_ADMIN=33679, RATIS_SERVER=33679, STANDALONE=46735], networkLocation: /default-rack, certSerialId: null, persistedOpState: IN_SERVICE, persistedOpStateExpiryEpochSec: 0}, ReplicationConfig: RATIS/THREE, State:ALLOCATED, leaderId:, CreationTimestamp2021-07-28T21:02:16.827Z[Etc/UTC]].
2021-07-28 21:02:16,832 [9f4ed4a1-d4cd-462e-b2c8-34d167a020c3@group-7E5468740183-StateMachineUpdater] INFO  safemode.HealthyPipelineSafeModeRule (HealthyPipelineSafeModeRule.java:initializeRule(152)) - Refreshed total pipeline count is 0, healthy pipeline threshold count is 1
2021-07-28 21:02:16,833 [RatisPipelineUtilsThread - 0] INFO  ha.SCMHAInvocationHandler (SCMHAInvocationHandler.java:invokeRatis(113)) - Invoking method public abstract void org.apache.hadoop.hdds.scm.pipeline.StateManager.addPipeline(org.apache.hadoop.hdds.protocol.proto.HddsProtos$Pipeline) throws java.io.IOException on target org.apache.hadoop.hdds.scm.ha.SCMRatisServerImpl@12ff6d7b, cost 4960.384us
2021-07-28 21:02:16,834 [RatisPipelineUtilsThread - 0] INFO  pipeline.PipelineManagerV2Impl (PipelineManagerV2Impl.java:recordMetricsForPipeline(614)) - Pipeline: PipelineID=ffc08a69-289a-48e5-b1d7-82557db05f40 contains same datanodes as previous pipelines: PipelineID=5350f93b-9e88-4f26-9f2e-acd1d8b65187 nodeIds: 1c1a15f6-b9e2-4fe7-bd0e-049086cdca18, 8ca710da-f90c-4f5c-8e20-a506923d7d86, d76cbe35-1465-4027-b77e-516590b33ba3
2021-07-28 21:02:17,796 [Listener at 127.0.0.1/11612] INFO  ozone.MiniOzoneClusterImpl (MiniOzoneClusterImpl.java:lambda$waitForClusterToBeReady$0(235)) - Nodes are ready. Got 3 of 3 DN Heartbeats.
2021-07-28 21:02:17,796 [Listener at 127.0.0.1/11612] INFO  ozone.MiniOzoneClusterImpl (MiniOzoneClusterImpl.java:lambda$waitForClusterToBeReady$0(238)) - Waiting for cluster to exit safe mode
2021-07-28 21:02:17,796 [Listener at 127.0.0.1/11612] INFO  ozone.MiniOzoneClusterImpl (MiniOzoneClusterImpl.java:lambda$waitForClusterToBeReady$0(240)) - SCM became leader
2021-07-28 21:02:18,796 [Listener at 127.0.0.1/11612] INFO  ozone.MiniOzoneClusterImpl (MiniOzoneClusterImpl.java:lambda$waitForClusterToBeReady$0(235)) - Nodes are ready. Got 3 of 3 DN Heartbeats.
2021-07-28 21:02:18,797 [Listener at 127.0.0.1/11612] INFO  ozone.MiniOzoneClusterImpl (MiniOzoneClusterImpl.java:lambda$waitForClusterToBeReady$0(238)) - Waiting for cluster to exit safe mode
2021-07-28 21:02:18,797 [Listener at 127.0.0.1/11612] INFO  ozone.MiniOzoneClusterImpl (MiniOzoneClusterImpl.java:lambda$waitForClusterToBeReady$0(240)) - SCM became leader
2021-07-28 21:02:19,333 [Command processor thread] INFO  server.RaftServer (RaftServerProxy.java:addNew(95)) - d76cbe35-1465-4027-b77e-516590b33ba3: addNew group-765CB7123C7D:[d76cbe35-1465-4027-b77e-516590b33ba3|rpc:127.0.0.1:33679|priority:1] returns group-765CB7123C7D:java.util.concurrent.CompletableFuture@50962775[Not completed]
2021-07-28 21:02:19,347 [pool-101-thread-1] INFO  server.RaftServer$Division (RaftServerImpl.java:<init>(181)) - d76cbe35-1465-4027-b77e-516590b33ba3: new RaftServerImpl for group-765CB7123C7D:[d76cbe35-1465-4027-b77e-516590b33ba3|rpc:127.0.0.1:33679|priority:1] with ContainerStateMachine:uninitialized
2021-07-28 21:02:19,348 [pool-101-thread-1] INFO  server.RaftServerConfigKeys (ConfUtils.java:logGet(44)) - raft.server.rpc.timeout.min = 5s (custom)
2021-07-28 21:02:19,348 [pool-101-thread-1] INFO  server.RaftServerConfigKeys (ConfUtils.java:logGet(44)) - raft.server.rpc.timeout.max = 5200ms (custom)
2021-07-28 21:02:19,348 [pool-101-thread-1] INFO  server.RaftServerConfigKeys (ConfUtils.java:logGet(44)) - raft.server.rpc.sleep.time = 25ms (default)
2021-07-28 21:02:19,348 [pool-101-thread-1] INFO  server.RaftServerConfigKeys (ConfUtils.java:logGet(44)) - raft.server.rpc.slowness.timeout = 300s (custom)
2021-07-28 21:02:19,348 [pool-101-thread-1] INFO  server.RaftServerConfigKeys (ConfUtils.java:logGet(44)) - raft.server.leaderelection.leader.step-down.wait-time = 10s (default)
2021-07-28 21:02:19,348 [pool-101-thread-1] INFO  server.RaftServerConfigKeys (ConfUtils.java:logGet(44)) - raft.server.sleep.deviation.threshold = 300ms (default)
2021-07-28 21:02:19,349 [pool-101-thread-1] INFO  server.RaftServerConfigKeys (ConfUtils.java:logGet(44)) - raft.server.log.appender.install.snapshot.enabled = false (custom)
2021-07-28 21:02:19,349 [pool-101-thread-1] INFO  server.RaftServer$Division (ServerState.java:<init>(105)) - d76cbe35-1465-4027-b77e-516590b33ba3@group-765CB7123C7D: ConfigurationManager, init=-1: [d76cbe35-1465-4027-b77e-516590b33ba3|rpc:127.0.0.1:33679|priority:1], old=null, confs=<EMPTY_MAP>
2021-07-28 21:02:19,349 [pool-101-thread-1] INFO  server.RaftServerConfigKeys (ConfUtils.java:logGet(44)) - raft.server.storage.dir = [/home/runner/work/ozone/ozone/mnt/ozone/hadoop-ozone/integration-test/target/test-dir/MiniOzoneClusterImpl-78c7c17c-5238-474f-b89e-7e5468740183/datanode-0/data/ratis] (custom)
2021-07-28 21:02:19,349 [pool-101-thread-1] INFO  server.RaftServerConfigKeys (ConfUtils.java:logGet(44)) - raft.server.log.corruption.policy = EXCEPTION (default)
2021-07-28 21:02:19,349 [pool-101-thread-1] INFO  server.RaftServerConfigKeys (ConfUtils.java:logGet(44)) - raft.server.storage.free-space.min = 0MB (=0) (default)
2021-07-28 21:02:19,349 [pool-101-thread-1] INFO  storage.RaftStorageDirectory (RaftStorageDirectoryImpl.java:analyzeStorage(135)) - The storage directory /home/runner/work/ozone/ozone/mnt/ozone/hadoop-ozone/integration-test/target/test-dir/MiniOzoneClusterImpl-78c7c17c-5238-474f-b89e-7e5468740183/datanode-0/data/ratis/1e4e6a81-9076-48b4-b2e5-765cb7123c7d does not exist. Creating ...
2021-07-28 21:02:19,350 [pool-101-thread-1] INFO  storage.RaftStorageDirectory (RaftStorageDirectoryImpl.java:tryLock(230)) - Lock on /home/runner/work/ozone/ozone/mnt/ozone/hadoop-ozone/integration-test/target/test-dir/MiniOzoneClusterImpl-78c7c17c-5238-474f-b89e-7e5468740183/datanode-0/data/ratis/1e4e6a81-9076-48b4-b2e5-765cb7123c7d/in_use.lock acquired by nodename 11863@fv-az151-48
2021-07-28 21:02:19,352 [pool-101-thread-1] INFO  storage.RaftStorage (RaftStorageImpl.java:format(89)) - Storage directory /home/runner/work/ozone/ozone/mnt/ozone/hadoop-ozone/integration-test/target/test-dir/MiniOzoneClusterImpl-78c7c17c-5238-474f-b89e-7e5468740183/datanode-0/data/ratis/1e4e6a81-9076-48b4-b2e5-765cb7123c7d has been successfully formatted.
2021-07-28 21:02:19,356 [pool-101-thread-1] INFO  ratis.ContainerStateMachine (ContainerStateMachine.java:loadSnapshot(223)) - group-765CB7123C7D: The snapshot info is null. Setting the last applied indexto:(t:0, i:~)
2021-07-28 21:02:19,356 [pool-101-thread-1] INFO  server.RaftServerConfigKeys (ConfUtils.java:logGet(44)) - raft.server.notification.no-leader.timeout = 300s (custom)
2021-07-28 21:02:19,356 [Datanode State Machine Thread - 0] WARN  statemachine.StateContext (StateContext.java:execute(621)) - No available thread in pool for past 1 seconds.
2021-07-28 21:02:19,356 [pool-101-thread-1] INFO  server.RaftServerConfigKeys (ConfUtils.java:logGet(44)) - raft.server.log.use.memory = false (default)
2021-07-28 21:02:19,356 [pool-101-thread-1] INFO  server.RaftServerConfigKeys (ConfUtils.java:logGet(44)) - raft.server.log.purge.gap = 1000000 (custom)
2021-07-28 21:02:19,356 [pool-101-thread-1] INFO  server.RaftServerConfigKeys (ConfUtils.java:logGet(44)) - raft.server.log.appender.buffer.byte-limit = 33554432 (custom)
2021-07-28 21:02:19,356 [pool-101-thread-1] INFO  server.RaftServerConfigKeys (ConfUtils.java:logGet(44)) - raft.server.log.segment.size.max = 1048576 (custom)
2021-07-28 21:02:19,357 [pool-101-thread-1] INFO  server.RaftServerConfigKeys (ConfUtils.java:logGet(44)) - raft.server.log.segment.cache.num.max = 2 (custom)
2021-07-28 21:02:19,357 [pool-101-thread-1] INFO  server.RaftServerConfigKeys (ConfUtils.java:logGet(44)) - raft.server.log.segment.cache.size.max = 200MB (=209715200) (default)
2021-07-28 21:02:19,357 [pool-101-thread-1] INFO  segmented.SegmentedRaftLogWorker (SegmentedRaftLogWorker.java:<init>(182)) - new d76cbe35-1465-4027-b77e-516590b33ba3@group-765CB7123C7D-SegmentedRaftLogWorker for RaftStorageImpl:Storage Directory /home/runner/work/ozone/ozone/mnt/ozone/hadoop-ozone/integration-test/target/test-dir/MiniOzoneClusterImpl-78c7c17c-5238-474f-b89e-7e5468740183/datanode-0/data/ratis/1e4e6a81-9076-48b4-b2e5-765cb7123c7d
2021-07-28 21:02:19,357 [pool-101-thread-1] INFO  server.RaftServerConfigKeys (ConfUtils.java:logGet(44)) - raft.server.log.queue.byte-limit = 2147483647 (custom)
2021-07-28 21:02:19,357 [pool-101-thread-1] INFO  server.RaftServerConfigKeys (ConfUtils.java:logGet(44)) - raft.server.log.queue.element-limit = 1024 (custom)
2021-07-28 21:02:19,357 [pool-101-thread-1] INFO  server.RaftServerConfigKeys (ConfUtils.java:logGet(44)) - raft.server.log.segment.size.max = 1048576 (custom)
2021-07-28 21:02:19,357 [pool-101-thread-1] INFO  server.RaftServerConfigKeys (ConfUtils.java:logGet(44)) - raft.server.log.preallocated.size = 16384 (custom)
2021-07-28 21:02:19,357 [pool-101-thread-1] INFO  server.RaftServerConfigKeys (ConfUtils.java:logGet(44)) - raft.server.log.force.sync.num = 128 (default)
2021-07-28 21:02:19,357 [pool-101-thread-1] INFO  server.RaftServerConfigKeys (ConfUtils.java:logGet(44)) - raft.server.log.statemachine.data.sync = true (default)
2021-07-28 21:02:19,357 [pool-101-thread-1] INFO  server.RaftServerConfigKeys (ConfUtils.java:logGet(44)) - raft.server.log.statemachine.data.sync.timeout = 10s (default)
2021-07-28 21:02:19,358 [pool-101-thread-1] INFO  server.RaftServerConfigKeys (ConfUtils.java:logGet(44)) - raft.server.log.statemachine.data.sync.timeout.retry = -1 (default)
2021-07-28 21:02:19,359 [pool-101-thread-1] INFO  server.RaftServerConfigKeys (ConfUtils.java:logGet(44)) - raft.server.log.write.buffer.size = 1048576 (custom)
2021-07-28 21:02:19,360 [pool-101-thread-1] INFO  server.RaftServerConfigKeys (ConfUtils.java:logGet(44)) - raft.server.log.statemachine.data.caching.enabled = true (custom)
2021-07-28 21:02:19,360 [pool-101-thread-1] INFO  segmented.SegmentedRaftLogWorker (SegmentedRaftLogWorker.java:lambda$new$0(133)) - d76cbe35-1465-4027-b77e-516590b33ba3@group-765CB7123C7D-SegmentedRaftLogWorker: flushIndex: setUnconditionally 0 -> -1
2021-07-28 21:02:19,360 [pool-101-thread-1] INFO  segmented.SegmentedRaftLogWorker (SegmentedRaftLogWorker.java:lambda$new$0(133)) - d76cbe35-1465-4027-b77e-516590b33ba3@group-765CB7123C7D-SegmentedRaftLogWorker: safeCacheEvictIndex: setUnconditionally 0 -> -1
2021-07-28 21:02:19,376 [pool-101-thread-1] INFO  server.RaftServerConfigKeys (ConfUtils.java:logGet(44)) - raft.server.snapshot.auto.trigger.enabled = true (custom)
2021-07-28 21:02:19,377 [pool-101-thread-1] INFO  server.RaftServerConfigKeys (ConfUtils.java:logGet(44)) - raft.server.snapshot.auto.trigger.threshold = 10000 (custom)
2021-07-28 21:02:19,377 [pool-101-thread-1] INFO  server.RaftServerConfigKeys (ConfUtils.java:logGet(44)) - raft.server.snapshot.retention.file.num = 5 (custom)
2021-07-28 21:02:19,377 [pool-101-thread-1] INFO  server.RaftServerConfigKeys (ConfUtils.java:logGet(44)) - raft.server.log.purge.upto.snapshot.index = false (default)
2021-07-28 21:02:19,377 [pool-101-thread-1] INFO  server.RaftServerConfigKeys (ConfUtils.java:logGet(44)) - raft.server.retrycache.expirytime = 600000ms (custom)
2021-07-28 21:02:19,377 [pool-101-thread-1] INFO  server.RaftServerConfigKeys (ConfUtils.java:logGet(44)) - raft.server.retrycache.statistics.expirytime = 100μs (default)
2021-07-28 21:02:19,379 [pool-101-thread-1] INFO  server.RaftServer$Division (RaftServerImpl.java:start(296)) - d76cbe35-1465-4027-b77e-516590b33ba3@group-765CB7123C7D: start as a follower, conf=-1: [d76cbe35-1465-4027-b77e-516590b33ba3|rpc:127.0.0.1:33679|priority:1], old=null
2021-07-28 21:02:19,379 [pool-101-thread-1] INFO  server.RaftServer$Division (RaftServerImpl.java:setRole(285)) - d76cbe35-1465-4027-b77e-516590b33ba3@group-765CB7123C7D: changes role from      null to FOLLOWER at term 0 for startAsFollower
2021-07-28 21:02:19,379 [pool-101-thread-1] INFO  impl.RoleInfo (RoleInfo.java:updateAndGet(130)) - d76cbe35-1465-4027-b77e-516590b33ba3: start d76cbe35-1465-4027-b77e-516590b33ba3@group-765CB7123C7D-FollowerState
2021-07-28 21:02:19,380 [pool-101-thread-1] INFO  util.JmxRegister (JmxRegister.java:tryRegister(44)) - Successfully registered JMX Bean with object name Ratis:service=RaftServer,group=group-765CB7123C7D,id=d76cbe35-1465-4027-b77e-516590b33ba3
2021-07-28 21:02:19,378 [EventQueue-PipelineReportForPipelineReportHandler] INFO  pipeline.PipelineManagerV2Impl (PipelineManagerV2Impl.java:openPipeline(283)) - Pipeline Pipeline[ Id: 1e4e6a81-9076-48b4-b2e5-765cb7123c7d, Nodes: d76cbe35-1465-4027-b77e-516590b33ba3{ip: 127.0.0.1, host: localhost, ports: [REPLICATION=43569, RATIS=33679, RATIS_ADMIN=33679, RATIS_SERVER=33679, STANDALONE=46735], networkLocation: /default-rack, certSerialId: null, persistedOpState: IN_SERVICE, persistedOpStateExpiryEpochSec: 0}, ReplicationConfig: RATIS/ONE, State:ALLOCATED, leaderId:d76cbe35-1465-4027-b77e-516590b33ba3, CreationTimestamp2021-07-28T21:02:16.380Z[Etc/UTC]] moved to OPEN state
2021-07-28 21:02:19,394 [Command processor thread] INFO  ratis.XceiverServerRatis (XceiverServerRatis.java:addGroup(759)) - Created group PipelineID=1e4e6a81-9076-48b4-b2e5-765cb7123c7d
2021-07-28 21:02:19,395 [Command processor thread] INFO  commandhandler.CreatePipelineCommandHandler (CreatePipelineCommandHandler.java:handle(106)) - Created Pipeline RATIS ONE PipelineID=1e4e6a81-9076-48b4-b2e5-765cb7123c7d.
2021-07-28 21:02:19,395 [Command processor thread] INFO  server.RaftServer (RaftServerProxy.java:addNew(95)) - d76cbe35-1465-4027-b77e-516590b33ba3: addNew group-ACD1D8B65187:[1c1a15f6-b9e2-4fe7-bd0e-049086cdca18|rpc:127.0.0.1:36645|priority:0, 8ca710da-f90c-4f5c-8e20-a506923d7d86|rpc:127.0.0.1:44271|priority:0, d76cbe35-1465-4027-b77e-516590b33ba3|rpc:127.0.0.1:33679|priority:1] returns group-ACD1D8B65187:java.util.concurrent.CompletableFuture@3dcbe0e7[Not completed]
2021-07-28 21:02:19,396 [9f4ed4a1-d4cd-462e-b2c8-34d167a020c3@group-7E5468740183-StateMachineUpdater] INFO  safemode.HealthyPipelineSafeModeRule (HealthyPipelineSafeModeRule.java:initializeRule(152)) - Refreshed total pipeline count is 0, healthy pipeline threshold count is 1
2021-07-28 21:02:19,398 [EventQueue-PipelineReportForPipelineReportHandler] INFO  ha.SCMHAInvocationHandler (SCMHAInvocationHandler.java:invokeRatis(113)) - Invoking method public abstract void org.apache.hadoop.hdds.scm.pipeline.StateManager.updatePipelineState(org.apache.hadoop.hdds.protocol.proto.HddsProtos$PipelineID,org.apache.hadoop.hdds.protocol.proto.HddsProtos$PipelineState) throws java.io.IOException on target org.apache.hadoop.hdds.scm.ha.SCMRatisServerImpl@12ff6d7b, cost 11020.83us
2021-07-28 21:02:19,400 [pool-101-thread-1] INFO  server.RaftServer$Division (RaftServerImpl.java:<init>(181)) - d76cbe35-1465-4027-b77e-516590b33ba3: new RaftServerImpl for group-ACD1D8B65187:[1c1a15f6-b9e2-4fe7-bd0e-049086cdca18|rpc:127.0.0.1:36645|priority:0, 8ca710da-f90c-4f5c-8e20-a506923d7d86|rpc:127.0.0.1:44271|priority:0, d76cbe35-1465-4027-b77e-516590b33ba3|rpc:127.0.0.1:33679|priority:1] with ContainerStateMachine:uninitialized
2021-07-28 21:02:19,400 [pool-101-thread-1] INFO  server.RaftServerConfigKeys (ConfUtils.java:logGet(44)) - raft.server.rpc.timeout.min = 5s (custom)
2021-07-28 21:02:19,400 [pool-101-thread-1] INFO  server.RaftServerConfigKeys (ConfUtils.java:logGet(44)) - raft.server.rpc.timeout.max = 5200ms (custom)
2021-07-28 21:02:19,400 [pool-101-thread-1] INFO  server.RaftServerConfigKeys (ConfUtils.java:logGet(44)) - raft.server.rpc.sleep.time = 25ms (default)
2021-07-28 21:02:19,400 [pool-101-thread-1] INFO  server.RaftServerConfigKeys (ConfUtils.java:logGet(44)) - raft.server.rpc.slowness.timeout = 300s (custom)
2021-07-28 21:02:19,400 [pool-101-thread-1] INFO  server.RaftServerConfigKeys (ConfUtils.java:logGet(44)) - raft.server.leaderelection.leader.step-down.wait-time = 10s (default)
2021-07-28 21:02:19,400 [pool-101-thread-1] INFO  server.RaftServerConfigKeys (ConfUtils.java:logGet(44)) - raft.server.sleep.deviation.threshold = 300ms (default)
2021-07-28 21:02:19,400 [pool-101-thread-1] INFO  server.RaftServerConfigKeys (ConfUtils.java:logGet(44)) - raft.server.log.appender.install.snapshot.enabled = false (custom)
2021-07-28 21:02:19,400 [pool-101-thread-1] INFO  server.RaftServer$Division (ServerState.java:<init>(105)) - d76cbe35-1465-4027-b77e-516590b33ba3@group-ACD1D8B65187: ConfigurationManager, init=-1: [1c1a15f6-b9e2-4fe7-bd0e-049086cdca18|rpc:127.0.0.1:36645|priority:0, 8ca710da-f90c-4f5c-8e20-a506923d7d86|rpc:127.0.0.1:44271|priority:0, d76cbe35-1465-4027-b77e-516590b33ba3|rpc:127.0.0.1:33679|priority:1], old=null, confs=<EMPTY_MAP>
2021-07-28 21:02:19,401 [pool-101-thread-1] INFO  server.RaftServerConfigKeys (ConfUtils.java:logGet(44)) - raft.server.storage.dir = [/home/runner/work/ozone/ozone/mnt/ozone/hadoop-ozone/integration-test/target/test-dir/MiniOzoneClusterImpl-78c7c17c-5238-474f-b89e-7e5468740183/datanode-0/data/ratis] (custom)
2021-07-28 21:02:19,405 [pool-101-thread-1] INFO  server.RaftServerConfigKeys (ConfUtils.java:logGet(44)) - raft.server.log.corruption.policy = EXCEPTION (default)
2021-07-28 21:02:19,405 [pool-101-thread-1] INFO  server.RaftServerConfigKeys (ConfUtils.java:logGet(44)) - raft.server.storage.free-space.min = 0MB (=0) (default)
2021-07-28 21:02:19,405 [pool-101-thread-1] INFO  storage.RaftStorageDirectory (RaftStorageDirectoryImpl.java:analyzeStorage(135)) - The storage directory /home/runner/work/ozone/ozone/mnt/ozone/hadoop-ozone/integration-test/target/test-dir/MiniOzoneClusterImpl-78c7c17c-5238-474f-b89e-7e5468740183/datanode-0/data/ratis/5350f93b-9e88-4f26-9f2e-acd1d8b65187 does not exist. Creating ...
2021-07-28 21:02:19,405 [EventQueue-OpenPipelineForHealthyPipelineSafeModeRule] INFO  safemode.SCMSafeModeManager (HealthyPipelineSafeModeRule.java:process(124)) - SCM in safe mode. Healthy pipelines reported count is 0, required healthy pipeline reported count is 1
2021-07-28 21:02:19,406 [pool-101-thread-1] INFO  storage.RaftStorageDirectory (RaftStorageDirectoryImpl.java:tryLock(230)) - Lock on /home/runner/work/ozone/ozone/mnt/ozone/hadoop-ozone/integration-test/target/test-dir/MiniOzoneClusterImpl-78c7c17c-5238-474f-b89e-7e5468740183/datanode-0/data/ratis/5350f93b-9e88-4f26-9f2e-acd1d8b65187/in_use.lock acquired by nodename 11863@fv-az151-48
2021-07-28 21:02:19,408 [pool-101-thread-1] INFO  storage.RaftStorage (RaftStorageImpl.java:format(89)) - Storage directory /home/runner/work/ozone/ozone/mnt/ozone/hadoop-ozone/integration-test/target/test-dir/MiniOzoneClusterImpl-78c7c17c-5238-474f-b89e-7e5468740183/datanode-0/data/ratis/5350f93b-9e88-4f26-9f2e-acd1d8b65187 has been successfully formatted.
2021-07-28 21:02:19,409 [Datanode State Machine Thread - 0] WARN  statemachine.StateContext (StateContext.java:execute(621)) - No available thread in pool for past 1 seconds.
2021-07-28 21:02:19,415 [pool-101-thread-1] INFO  ratis.ContainerStateMachine (ContainerStateMachine.java:loadSnapshot(223)) - group-ACD1D8B65187: The snapshot info is null. Setting the last applied indexto:(t:0, i:~)
2021-07-28 21:02:19,415 [pool-101-thread-1] INFO  server.RaftServerConfigKeys (ConfUtils.java:logGet(44)) - raft.server.notification.no-leader.timeout = 300s (custom)
2021-07-28 21:02:19,415 [pool-101-thread-1] INFO  server.RaftServerConfigKeys (ConfUtils.java:logGet(44)) - raft.server.log.use.memory = false (default)
2021-07-28 21:02:19,416 [pool-101-thread-1] INFO  server.RaftServerConfigKeys (ConfUtils.java:logGet(44)) - raft.server.log.purge.gap = 1000000 (custom)
2021-07-28 21:02:19,416 [pool-101-thread-1] INFO  server.RaftServerConfigKeys (ConfUtils.java:logGet(44)) - raft.server.log.appender.buffer.byte-limit = 33554432 (custom)
2021-07-28 21:02:19,416 [pool-101-thread-1] INFO  server.RaftServerConfigKeys (ConfUtils.java:logGet(44)) - raft.server.log.segment.size.max = 1048576 (custom)
2021-07-28 21:02:19,416 [pool-101-thread-1] INFO  server.RaftServerConfigKeys (ConfUtils.java:logGet(44)) - raft.server.log.segment.cache.num.max = 2 (custom)
2021-07-28 21:02:19,416 [pool-101-thread-1] INFO  server.RaftServerConfigKeys (ConfUtils.java:logGet(44)) - raft.server.log.segment.cache.size.max = 200MB (=209715200) (default)
2021-07-28 21:02:19,417 [pool-101-thread-1] INFO  segmented.SegmentedRaftLogWorker (SegmentedRaftLogWorker.java:<init>(182)) - new d76cbe35-1465-4027-b77e-516590b33ba3@group-ACD1D8B65187-SegmentedRaftLogWorker for RaftStorageImpl:Storage Directory /home/runner/work/ozone/ozone/mnt/ozone/hadoop-ozone/integration-test/target/test-dir/MiniOzoneClusterImpl-78c7c17c-5238-474f-b89e-7e5468740183/datanode-0/data/ratis/5350f93b-9e88-4f26-9f2e-acd1d8b65187
2021-07-28 21:02:19,417 [pool-101-thread-1] INFO  server.RaftServerConfigKeys (ConfUtils.java:logGet(44)) - raft.server.log.queue.byte-limit = 2147483647 (custom)
2021-07-28 21:02:19,417 [pool-101-thread-1] INFO  server.RaftServerConfigKeys (ConfUtils.java:logGet(44)) - raft.server.log.queue.element-limit = 1024 (custom)
2021-07-28 21:02:19,417 [pool-101-thread-1] INFO  server.RaftServerConfigKeys (ConfUtils.java:logGet(44)) - raft.server.log.segment.size.max = 1048576 (custom)
2021-07-28 21:02:19,417 [pool-101-thread-1] INFO  server.RaftServerConfigKeys (ConfUtils.java:logGet(44)) - raft.server.log.preallocated.size = 16384 (custom)
2021-07-28 21:02:19,417 [pool-101-thread-1] INFO  server.RaftServerConfigKeys (ConfUtils.java:logGet(44)) - raft.server.log.force.sync.num = 128 (default)
2021-07-28 21:02:19,417 [pool-101-thread-1] INFO  server.RaftServerConfigKeys (ConfUtils.java:logGet(44)) - raft.server.log.statemachine.data.sync = true (default)
2021-07-28 21:02:19,417 [pool-101-thread-1] INFO  server.RaftServerConfigKeys (ConfUtils.java:logGet(44)) - raft.server.log.statemachine.data.sync.timeout = 10s (default)
2021-07-28 21:02:19,417 [pool-101-thread-1] INFO  server.RaftServerConfigKeys (ConfUtils.java:logGet(44)) - raft.server.log.statemachine.data.sync.timeout.retry = -1 (default)
2021-07-28 21:02:19,418 [pool-101-thread-1] INFO  server.RaftServerConfigKeys (ConfUtils.java:logGet(44)) - raft.server.log.write.buffer.size = 1048576 (custom)
2021-07-28 21:02:19,419 [pool-101-thread-1] INFO  server.RaftServerConfigKeys (ConfUtils.java:logGet(44)) - raft.server.log.statemachine.data.caching.enabled = true (custom)
2021-07-28 21:02:19,419 [pool-101-thread-1] INFO  segmented.SegmentedRaftLogWorker (SegmentedRaftLogWorker.java:lambda$new$0(133)) - d76cbe35-1465-4027-b77e-516590b33ba3@group-ACD1D8B65187-SegmentedRaftLogWorker: flushIndex: setUnconditionally 0 -> -1
2021-07-28 21:02:19,419 [pool-101-thread-1] INFO  segmented.SegmentedRaftLogWorker (SegmentedRaftLogWorker.java:lambda$new$0(133)) - d76cbe35-1465-4027-b77e-516590b33ba3@group-ACD1D8B65187-SegmentedRaftLogWorker: safeCacheEvictIndex: setUnconditionally 0 -> -1
2021-07-28 21:02:19,419 [EventQueue-OpenPipelineForHealthyPipelineSafeModeRule] INFO  safemode.SCMSafeModeManager (HealthyPipelineSafeModeRule.java:process(124)) - SCM in safe mode. Healthy pipelines reported count is 0, required healthy pipeline reported count is 1
2021-07-28 21:02:19,421 [pool-101-thread-1] INFO  server.RaftServerConfigKeys (ConfUtils.java:logGet(44)) - raft.server.snapshot.auto.trigger.enabled = true (custom)
2021-07-28 21:02:19,421 [pool-101-thread-1] INFO  server.RaftServerConfigKeys (ConfUtils.java:logGet(44)) - raft.server.snapshot.auto.trigger.threshold = 10000 (custom)
2021-07-28 21:02:19,421 [pool-101-thread-1] INFO  server.RaftServerConfigKeys (ConfUtils.java:logGet(44)) - raft.server.snapshot.retention.file.num = 5 (custom)
2021-07-28 21:02:19,422 [pool-101-thread-1] INFO  server.RaftServerConfigKeys (ConfUtils.java:logGet(44)) - raft.server.log.purge.upto.snapshot.index = false (default)
2021-07-28 21:02:19,422 [pool-101-thread-1] INFO  server.RaftServerConfigKeys (ConfUtils.java:logGet(44)) - raft.server.retrycache.expirytime = 600000ms (custom)
2021-07-28 21:02:19,422 [pool-101-thread-1] INFO  server.RaftServerConfigKeys (ConfUtils.java:logGet(44)) - raft.server.retrycache.statistics.expirytime = 100μs (default)
2021-07-28 21:02:19,423 [pool-101-thread-1] INFO  server.RaftServer$Division (RaftServerImpl.java:start(296)) - d76cbe35-1465-4027-b77e-516590b33ba3@group-ACD1D8B65187: start as a follower, conf=-1: [1c1a15f6-b9e2-4fe7-bd0e-049086cdca18|rpc:127.0.0.1:36645|priority:0, 8ca710da-f90c-4f5c-8e20-a506923d7d86|rpc:127.0.0.1:44271|priority:0, d76cbe35-1465-4027-b77e-516590b33ba3|rpc:127.0.0.1:33679|priority:1], old=null
2021-07-28 21:02:19,423 [pool-101-thread-1] INFO  server.RaftServer$Division (RaftServerImpl.java:setRole(285)) - d76cbe35-1465-4027-b77e-516590b33ba3@group-ACD1D8B65187: changes role from      null to FOLLOWER at term 0 for startAsFollower
2021-07-28 21:02:19,423 [pool-101-thread-1] INFO  impl.RoleInfo (RoleInfo.java:updateAndGet(130)) - d76cbe35-1465-4027-b77e-516590b33ba3: start d76cbe35-1465-4027-b77e-516590b33ba3@group-ACD1D8B65187-FollowerState
2021-07-28 21:02:19,425 [pool-101-thread-1] INFO  util.JmxRegister (JmxRegister.java:tryRegister(44)) - Successfully registered JMX Bean with object name Ratis:service=RaftServer,group=group-ACD1D8B65187,id=d76cbe35-1465-4027-b77e-516590b33ba3
2021-07-28 21:02:19,425 [Command processor thread] INFO  ratis.XceiverServerRatis (XceiverServerRatis.java:addGroup(759)) - Created group PipelineID=5350f93b-9e88-4f26-9f2e-acd1d8b65187
2021-07-28 21:02:19,484 [grpc-default-executor-1] INFO  server.RaftServer (RaftServerProxy.java:addNew(95)) - 1c1a15f6-b9e2-4fe7-bd0e-049086cdca18: addNew group-ACD1D8B65187:[1c1a15f6-b9e2-4fe7-bd0e-049086cdca18|rpc:127.0.0.1:36645|dataStream:|priority:0, 8ca710da-f90c-4f5c-8e20-a506923d7d86|rpc:127.0.0.1:44271|dataStream:|priority:0, d76cbe35-1465-4027-b77e-516590b33ba3|rpc:127.0.0.1:33679|dataStream:|priority:1] returns group-ACD1D8B65187:java.util.concurrent.CompletableFuture@54cad6d9[Not completed]
2021-07-28 21:02:19,488 [pool-137-thread-1] INFO  server.RaftServer$Division (RaftServerImpl.java:<init>(181)) - 1c1a15f6-b9e2-4fe7-bd0e-049086cdca18: new RaftServerImpl for group-ACD1D8B65187:[1c1a15f6-b9e2-4fe7-bd0e-049086cdca18|rpc:127.0.0.1:36645|dataStream:|priority:0, 8ca710da-f90c-4f5c-8e20-a506923d7d86|rpc:127.0.0.1:44271|dataStream:|priority:0, d76cbe35-1465-4027-b77e-516590b33ba3|rpc:127.0.0.1:33679|dataStream:|priority:1] with ContainerStateMachine:uninitialized
2021-07-28 21:02:19,489 [pool-137-thread-1] INFO  server.RaftServerConfigKeys (ConfUtils.java:logGet(44)) - raft.server.rpc.timeout.min = 5s (custom)
2021-07-28 21:02:19,489 [pool-137-thread-1] INFO  server.RaftServerConfigKeys (ConfUtils.java:logGet(44)) - raft.server.rpc.timeout.max = 5200ms (custom)
2021-07-28 21:02:19,489 [pool-137-thread-1] INFO  server.RaftServerConfigKeys (ConfUtils.java:logGet(44)) - raft.server.rpc.sleep.time = 25ms (default)
2021-07-28 21:02:19,489 [pool-137-thread-1] INFO  server.RaftServerConfigKeys (ConfUtils.java:logGet(44)) - raft.server.rpc.slowness.timeout = 300s (custom)
2021-07-28 21:02:19,489 [pool-137-thread-1] INFO  server.RaftServerConfigKeys (ConfUtils.java:logGet(44)) - raft.server.leaderelection.leader.step-down.wait-time = 10s (default)
2021-07-28 21:02:19,489 [pool-137-thread-1] INFO  server.RaftServerConfigKeys (ConfUtils.java:logGet(44)) - raft.server.sleep.deviation.threshold = 300ms (default)
2021-07-28 21:02:19,489 [pool-137-thread-1] INFO  server.RaftServerConfigKeys (ConfUtils.java:logGet(44)) - raft.server.log.appender.install.snapshot.enabled = false (custom)
2021-07-28 21:02:19,489 [pool-137-thread-1] INFO  server.RaftServer$Division (ServerState.java:<init>(105)) - 1c1a15f6-b9e2-4fe7-bd0e-049086cdca18@group-ACD1D8B65187: ConfigurationManager, init=-1: [1c1a15f6-b9e2-4fe7-bd0e-049086cdca18|rpc:127.0.0.1:36645|dataStream:|priority:0, 8ca710da-f90c-4f5c-8e20-a506923d7d86|rpc:127.0.0.1:44271|dataStream:|priority:0, d76cbe35-1465-4027-b77e-516590b33ba3|rpc:127.0.0.1:33679|dataStream:|priority:1], old=null, confs=<EMPTY_MAP>
2021-07-28 21:02:19,489 [pool-137-thread-1] INFO  server.RaftServerConfigKeys (ConfUtils.java:logGet(44)) - raft.server.storage.dir = [/home/runner/work/ozone/ozone/mnt/ozone/hadoop-ozone/integration-test/target/test-dir/MiniOzoneClusterImpl-78c7c17c-5238-474f-b89e-7e5468740183/datanode-2/data/ratis] (custom)
2021-07-28 21:02:19,490 [pool-137-thread-1] INFO  server.RaftServerConfigKeys (ConfUtils.java:logGet(44)) - raft.server.log.corruption.policy = EXCEPTION (default)
2021-07-28 21:02:19,490 [pool-137-thread-1] INFO  server.RaftServerConfigKeys (ConfUtils.java:logGet(44)) - raft.server.storage.free-space.min = 0MB (=0) (default)
2021-07-28 21:02:19,491 [pool-137-thread-1] INFO  storage.RaftStorageDirectory (RaftStorageDirectoryImpl.java:analyzeStorage(135)) - The storage directory /home/runner/work/ozone/ozone/mnt/ozone/hadoop-ozone/integration-test/target/test-dir/MiniOzoneClusterImpl-78c7c17c-5238-474f-b89e-7e5468740183/datanode-2/data/ratis/5350f93b-9e88-4f26-9f2e-acd1d8b65187 does not exist. Creating ...
2021-07-28 21:02:19,492 [pool-137-thread-1] INFO  storage.RaftStorageDirectory (RaftStorageDirectoryImpl.java:tryLock(230)) - Lock on /home/runner/work/ozone/ozone/mnt/ozone/hadoop-ozone/integration-test/target/test-dir/MiniOzoneClusterImpl-78c7c17c-5238-474f-b89e-7e5468740183/datanode-2/data/ratis/5350f93b-9e88-4f26-9f2e-acd1d8b65187/in_use.lock acquired by nodename 11863@fv-az151-48
2021-07-28 21:02:19,493 [pool-137-thread-1] INFO  storage.RaftStorage (RaftStorageImpl.java:format(89)) - Storage directory /home/runner/work/ozone/ozone/mnt/ozone/hadoop-ozone/integration-test/target/test-dir/MiniOzoneClusterImpl-78c7c17c-5238-474f-b89e-7e5468740183/datanode-2/data/ratis/5350f93b-9e88-4f26-9f2e-acd1d8b65187 has been successfully formatted.
2021-07-28 21:02:19,494 [Datanode State Machine Thread - 0] WARN  statemachine.StateContext (StateContext.java:execute(621)) - No available thread in pool for past 1 seconds.
2021-07-28 21:02:19,497 [pool-137-thread-1] INFO  ratis.ContainerStateMachine (ContainerStateMachine.java:loadSnapshot(223)) - group-ACD1D8B65187: The snapshot info is null. Setting the last applied indexto:(t:0, i:~)
2021-07-28 21:02:19,498 [pool-137-thread-1] INFO  server.RaftServerConfigKeys (ConfUtils.java:logGet(44)) - raft.server.notification.no-leader.timeout = 300s (custom)
2021-07-28 21:02:19,498 [pool-137-thread-1] INFO  server.RaftServerConfigKeys (ConfUtils.java:logGet(44)) - raft.server.log.use.memory = false (default)
2021-07-28 21:02:19,498 [pool-137-thread-1] INFO  server.RaftServerConfigKeys (ConfUtils.java:logGet(44)) - raft.server.log.purge.gap = 1000000 (custom)
2021-07-28 21:02:19,498 [pool-137-thread-1] INFO  server.RaftServerConfigKeys (ConfUtils.java:logGet(44)) - raft.server.log.appender.buffer.byte-limit = 33554432 (custom)
2021-07-28 21:02:19,504 [pool-137-thread-1] INFO  server.RaftServerConfigKeys (ConfUtils.java:logGet(44)) - raft.server.log.segment.size.max = 1048576 (custom)
2021-07-28 21:02:19,505 [pool-137-thread-1] INFO  server.RaftServerConfigKeys (ConfUtils.java:logGet(44)) - raft.server.log.segment.cache.num.max = 2 (custom)
2021-07-28 21:02:19,505 [pool-137-thread-1] INFO  server.RaftServerConfigKeys (ConfUtils.java:logGet(44)) - raft.server.log.segment.cache.size.max = 200MB (=209715200) (default)
2021-07-28 21:02:19,505 [pool-137-thread-1] INFO  segmented.SegmentedRaftLogWorker (SegmentedRaftLogWorker.java:<init>(182)) - new 1c1a15f6-b9e2-4fe7-bd0e-049086cdca18@group-ACD1D8B65187-SegmentedRaftLogWorker for RaftStorageImpl:Storage Directory /home/runner/work/ozone/ozone/mnt/ozone/hadoop-ozone/integration-test/target/test-dir/MiniOzoneClusterImpl-78c7c17c-5238-474f-b89e-7e5468740183/datanode-2/data/ratis/5350f93b-9e88-4f26-9f2e-acd1d8b65187
2021-07-28 21:02:19,505 [pool-137-thread-1] INFO  server.RaftServerConfigKeys (ConfUtils.java:logGet(44)) - raft.server.log.queue.byte-limit = 2147483647 (custom)
2021-07-28 21:02:19,505 [pool-137-thread-1] INFO  server.RaftServerConfigKeys (ConfUtils.java:logGet(44)) - raft.server.log.queue.element-limit = 1024 (custom)
2021-07-28 21:02:19,505 [pool-137-thread-1] INFO  server.RaftServerConfigKeys (ConfUtils.java:logGet(44)) - raft.server.log.segment.size.max = 1048576 (custom)
2021-07-28 21:02:19,505 [pool-137-thread-1] INFO  server.RaftServerConfigKeys (ConfUtils.java:logGet(44)) - raft.server.log.preallocated.size = 16384 (custom)
2021-07-28 21:02:19,505 [pool-137-thread-1] INFO  server.RaftServerConfigKeys (ConfUtils.java:logGet(44)) - raft.server.log.force.sync.num = 128 (default)
2021-07-28 21:02:19,505 [pool-137-thread-1] INFO  server.RaftServerConfigKeys (ConfUtils.java:logGet(44)) - raft.server.log.statemachine.data.sync = true (default)
2021-07-28 21:02:19,505 [pool-137-thread-1] INFO  server.RaftServerConfigKeys (ConfUtils.java:logGet(44)) - raft.server.log.statemachine.data.sync.timeout = 10s (default)
2021-07-28 21:02:19,505 [pool-137-thread-1] INFO  server.RaftServerConfigKeys (ConfUtils.java:logGet(44)) - raft.server.log.statemachine.data.sync.timeout.retry = -1 (default)
2021-07-28 21:02:19,509 [pool-137-thread-1] INFO  server.RaftServerConfigKeys (ConfUtils.java:logGet(44)) - raft.server.log.write.buffer.size = 1048576 (custom)
2021-07-28 21:02:19,510 [pool-137-thread-1] INFO  server.RaftServerConfigKeys (ConfUtils.java:logGet(44)) - raft.server.log.statemachine.data.caching.enabled = true (custom)
2021-07-28 21:02:19,510 [pool-137-thread-1] INFO  segmented.SegmentedRaftLogWorker (SegmentedRaftLogWorker.java:lambda$new$0(133)) - 1c1a15f6-b9e2-4fe7-bd0e-049086cdca18@group-ACD1D8B65187-SegmentedRaftLogWorker: flushIndex: setUnconditionally 0 -> -1
2021-07-28 21:02:19,510 [pool-137-thread-1] INFO  segmented.SegmentedRaftLogWorker (SegmentedRaftLogWorker.java:lambda$new$0(133)) - 1c1a15f6-b9e2-4fe7-bd0e-049086cdca18@group-ACD1D8B65187-SegmentedRaftLogWorker: safeCacheEvictIndex: setUnconditionally 0 -> -1
2021-07-28 21:02:19,516 [pool-137-thread-1] INFO  server.RaftServerConfigKeys (ConfUtils.java:logGet(44)) - raft.server.snapshot.auto.trigger.enabled = true (custom)
2021-07-28 21:02:19,516 [pool-137-thread-1] INFO  server.RaftServerConfigKeys (ConfUtils.java:logGet(44)) - raft.server.snapshot.auto.trigger.threshold = 10000 (custom)
2021-07-28 21:02:19,516 [pool-137-thread-1] INFO  server.RaftServerConfigKeys (ConfUtils.java:logGet(44)) - raft.server.snapshot.retention.file.num = 5 (custom)
2021-07-28 21:02:19,516 [pool-137-thread-1] INFO  server.RaftServerConfigKeys (ConfUtils.java:logGet(44)) - raft.server.log.purge.upto.snapshot.index = false (default)
2021-07-28 21:02:19,516 [pool-137-thread-1] INFO  server.RaftServerConfigKeys (ConfUtils.java:logGet(44)) - raft.server.retrycache.expirytime = 600000ms (custom)
2021-07-28 21:02:19,516 [pool-137-thread-1] INFO  server.RaftServerConfigKeys (ConfUtils.java:logGet(44)) - raft.server.retrycache.statistics.expirytime = 100μs (default)
2021-07-28 21:02:19,517 [pool-137-thread-1] INFO  server.RaftServer$Division (RaftServerImpl.java:start(296)) - 1c1a15f6-b9e2-4fe7-bd0e-049086cdca18@group-ACD1D8B65187: start as a follower, conf=-1: [1c1a15f6-b9e2-4fe7-bd0e-049086cdca18|rpc:127.0.0.1:36645|dataStream:|priority:0, 8ca710da-f90c-4f5c-8e20-a506923d7d86|rpc:127.0.0.1:44271|dataStream:|priority:0, d76cbe35-1465-4027-b77e-516590b33ba3|rpc:127.0.0.1:33679|dataStream:|priority:1], old=null
2021-07-28 21:02:19,517 [pool-137-thread-1] INFO  server.RaftServer$Division (RaftServerImpl.java:setRole(285)) - 1c1a15f6-b9e2-4fe7-bd0e-049086cdca18@group-ACD1D8B65187: changes role from      null to FOLLOWER at term 0 for startAsFollower
2021-07-28 21:02:19,517 [pool-137-thread-1] INFO  impl.RoleInfo (RoleInfo.java:updateAndGet(130)) - 1c1a15f6-b9e2-4fe7-bd0e-049086cdca18: start 1c1a15f6-b9e2-4fe7-bd0e-049086cdca18@group-ACD1D8B65187-FollowerState
2021-07-28 21:02:19,518 [pool-137-thread-1] INFO  util.JmxRegister (JmxRegister.java:tryRegister(44)) - Successfully registered JMX Bean with object name Ratis:service=RaftServer,group=group-ACD1D8B65187,id=1c1a15f6-b9e2-4fe7-bd0e-049086cdca18
2021-07-28 21:02:19,571 [grpc-default-executor-1] INFO  server.RaftServer (RaftServerProxy.java:addNew(95)) - 8ca710da-f90c-4f5c-8e20-a506923d7d86: addNew group-ACD1D8B65187:[1c1a15f6-b9e2-4fe7-bd0e-049086cdca18|rpc:127.0.0.1:36645|dataStream:|priority:0, 8ca710da-f90c-4f5c-8e20-a506923d7d86|rpc:127.0.0.1:44271|dataStream:|priority:0, d76cbe35-1465-4027-b77e-516590b33ba3|rpc:127.0.0.1:33679|dataStream:|priority:1] returns group-ACD1D8B65187:java.util.concurrent.CompletableFuture@f2c12bf[Not completed]
2021-07-28 21:02:19,574 [pool-118-thread-1] INFO  server.RaftServer$Division (RaftServerImpl.java:<init>(181)) - 8ca710da-f90c-4f5c-8e20-a506923d7d86: new RaftServerImpl for group-ACD1D8B65187:[1c1a15f6-b9e2-4fe7-bd0e-049086cdca18|rpc:127.0.0.1:36645|dataStream:|priority:0, 8ca710da-f90c-4f5c-8e20-a506923d7d86|rpc:127.0.0.1:44271|dataStream:|priority:0, d76cbe35-1465-4027-b77e-516590b33ba3|rpc:127.0.0.1:33679|dataStream:|priority:1] with ContainerStateMachine:uninitialized
2021-07-28 21:02:19,576 [pool-118-thread-1] INFO  server.RaftServerConfigKeys (ConfUtils.java:logGet(44)) - raft.server.rpc.timeout.min = 5s (custom)
2021-07-28 21:02:19,580 [pool-118-thread-1] INFO  server.RaftServerConfigKeys (ConfUtils.java:logGet(44)) - raft.server.rpc.timeout.max = 5200ms (custom)
2021-07-28 21:02:19,580 [pool-118-thread-1] INFO  server.RaftServerConfigKeys (ConfUtils.java:logGet(44)) - raft.server.rpc.sleep.time = 25ms (default)
2021-07-28 21:02:19,580 [pool-118-thread-1] INFO  server.RaftServerConfigKeys (ConfUtils.java:logGet(44)) - raft.server.rpc.slowness.timeout = 300s (custom)
2021-07-28 21:02:19,580 [pool-118-thread-1] INFO  server.RaftServerConfigKeys (ConfUtils.java:logGet(44)) - raft.server.leaderelection.leader.step-down.wait-time = 10s (default)
2021-07-28 21:02:19,581 [pool-118-thread-1] INFO  server.RaftServerConfigKeys (ConfUtils.java:logGet(44)) - raft.server.sleep.deviation.threshold = 300ms (default)
2021-07-28 21:02:19,581 [pool-118-thread-1] INFO  server.RaftServerConfigKeys (ConfUtils.java:logGet(44)) - raft.server.log.appender.install.snapshot.enabled = false (custom)
2021-07-28 21:02:19,581 [pool-118-thread-1] INFO  server.RaftServer$Division (ServerState.java:<init>(105)) - 8ca710da-f90c-4f5c-8e20-a506923d7d86@group-ACD1D8B65187: ConfigurationManager, init=-1: [1c1a15f6-b9e2-4fe7-bd0e-049086cdca18|rpc:127.0.0.1:36645|dataStream:|priority:0, 8ca710da-f90c-4f5c-8e20-a506923d7d86|rpc:127.0.0.1:44271|dataStream:|priority:0, d76cbe35-1465-4027-b77e-516590b33ba3|rpc:127.0.0.1:33679|dataStream:|priority:1], old=null, confs=<EMPTY_MAP>
2021-07-28 21:02:19,581 [pool-118-thread-1] INFO  server.RaftServerConfigKeys (ConfUtils.java:logGet(44)) - raft.server.storage.dir = [/home/runner/work/ozone/ozone/mnt/ozone/hadoop-ozone/integration-test/target/test-dir/MiniOzoneClusterImpl-78c7c17c-5238-474f-b89e-7e5468740183/datanode-1/data/ratis] (custom)
2021-07-28 21:02:19,581 [pool-118-thread-1] INFO  server.RaftServerConfigKeys (ConfUtils.java:logGet(44)) - raft.server.log.corruption.policy = EXCEPTION (default)
2021-07-28 21:02:19,581 [pool-118-thread-1] INFO  server.RaftServerConfigKeys (ConfUtils.java:logGet(44)) - raft.server.storage.free-space.min = 0MB (=0) (default)
2021-07-28 21:02:19,581 [pool-118-thread-1] INFO  storage.RaftStorageDirectory (RaftStorageDirectoryImpl.java:analyzeStorage(135)) - The storage directory /home/runner/work/ozone/ozone/mnt/ozone/hadoop-ozone/integration-test/target/test-dir/MiniOzoneClusterImpl-78c7c17c-5238-474f-b89e-7e5468740183/datanode-1/data/ratis/5350f93b-9e88-4f26-9f2e-acd1d8b65187 does not exist. Creating ...
2021-07-28 21:02:19,583 [pool-118-thread-1] INFO  storage.RaftStorageDirectory (RaftStorageDirectoryImpl.java:tryLock(230)) - Lock on /home/runner/work/ozone/ozone/mnt/ozone/hadoop-ozone/integration-test/target/test-dir/MiniOzoneClusterImpl-78c7c17c-5238-474f-b89e-7e5468740183/datanode-1/data/ratis/5350f93b-9e88-4f26-9f2e-acd1d8b65187/in_use.lock acquired by nodename 11863@fv-az151-48
2021-07-28 21:02:19,585 [pool-118-thread-1] INFO  storage.RaftStorage (RaftStorageImpl.java:format(89)) - Storage directory /home/runner/work/ozone/ozone/mnt/ozone/hadoop-ozone/integration-test/target/test-dir/MiniOzoneClusterImpl-78c7c17c-5238-474f-b89e-7e5468740183/datanode-1/data/ratis/5350f93b-9e88-4f26-9f2e-acd1d8b65187 has been successfully formatted.
2021-07-28 21:02:19,586 [Datanode State Machine Thread - 0] WARN  statemachine.StateContext (StateContext.java:execute(621)) - No available thread in pool for past 1 seconds.
2021-07-28 21:02:19,586 [pool-118-thread-1] INFO  ratis.ContainerStateMachine (ContainerStateMachine.java:loadSnapshot(223)) - group-ACD1D8B65187: The snapshot info is null. Setting the last applied indexto:(t:0, i:~)
2021-07-28 21:02:19,586 [pool-118-thread-1] INFO  server.RaftServerConfigKeys (ConfUtils.java:logGet(44)) - raft.server.notification.no-leader.timeout = 300s (custom)
2021-07-28 21:02:19,587 [pool-118-thread-1] INFO  server.RaftServerConfigKeys (ConfUtils.java:logGet(44)) - raft.server.log.use.memory = false (default)
2021-07-28 21:02:19,587 [pool-118-thread-1] INFO  server.RaftServerConfigKeys (ConfUtils.java:logGet(44)) - raft.server.log.purge.gap = 1000000 (custom)
2021-07-28 21:02:19,587 [pool-118-thread-1] INFO  server.RaftServerConfigKeys (ConfUtils.java:logGet(44)) - raft.server.log.appender.buffer.byte-limit = 33554432 (custom)
2021-07-28 21:02:19,590 [pool-118-thread-1] INFO  server.RaftServerConfigKeys (ConfUtils.java:logGet(44)) - raft.server.log.segment.size.max = 1048576 (custom)
2021-07-28 21:02:19,591 [pool-118-thread-1] INFO  server.RaftServerConfigKeys (ConfUtils.java:logGet(44)) - raft.server.log.segment.cache.num.max = 2 (custom)
2021-07-28 21:02:19,591 [pool-118-thread-1] INFO  server.RaftServerConfigKeys (ConfUtils.java:logGet(44)) - raft.server.log.segment.cache.size.max = 200MB (=209715200) (default)
2021-07-28 21:02:19,591 [pool-118-thread-1] INFO  segmented.SegmentedRaftLogWorker (SegmentedRaftLogWorker.java:<init>(182)) - new 8ca710da-f90c-4f5c-8e20-a506923d7d86@group-ACD1D8B65187-SegmentedRaftLogWorker for RaftStorageImpl:Storage Directory /home/runner/work/ozone/ozone/mnt/ozone/hadoop-ozone/integration-test/target/test-dir/MiniOzoneClusterImpl-78c7c17c-5238-474f-b89e-7e5468740183/datanode-1/data/ratis/5350f93b-9e88-4f26-9f2e-acd1d8b65187
2021-07-28 21:02:19,591 [pool-118-thread-1] INFO  server.RaftServerConfigKeys (ConfUtils.java:logGet(44)) - raft.server.log.queue.byte-limit = 2147483647 (custom)
2021-07-28 21:02:19,591 [pool-118-thread-1] INFO  server.RaftServerConfigKeys (ConfUtils.java:logGet(44)) - raft.server.log.queue.element-limit = 1024 (custom)
2021-07-28 21:02:19,591 [pool-118-thread-1] INFO  server.RaftServerConfigKeys (ConfUtils.java:logGet(44)) - raft.server.log.segment.size.max = 1048576 (custom)
2021-07-28 21:02:19,592 [pool-118-thread-1] INFO  server.RaftServerConfigKeys (ConfUtils.java:logGet(44)) - raft.server.log.preallocated.size = 16384 (custom)
2021-07-28 21:02:19,592 [pool-118-thread-1] INFO  server.RaftServerConfigKeys (ConfUtils.java:logGet(44)) - raft.server.log.force.sync.num = 128 (default)
2021-07-28 21:02:19,592 [pool-118-thread-1] INFO  server.RaftServerConfigKeys (ConfUtils.java:logGet(44)) - raft.server.log.statemachine.data.sync = true (default)
2021-07-28 21:02:19,592 [pool-118-thread-1] INFO  server.RaftServerConfigKeys (ConfUtils.java:logGet(44)) - raft.server.log.statemachine.data.sync.timeout = 10s (default)
2021-07-28 21:02:19,592 [pool-118-thread-1] INFO  server.RaftServerConfigKeys (ConfUtils.java:logGet(44)) - raft.server.log.statemachine.data.sync.timeout.retry = -1 (default)
2021-07-28 21:02:19,594 [pool-118-thread-1] INFO  server.RaftServerConfigKeys (ConfUtils.java:logGet(44)) - raft.server.log.write.buffer.size = 1048576 (custom)
2021-07-28 21:02:19,595 [pool-118-thread-1] INFO  server.RaftServerConfigKeys (ConfUtils.java:logGet(44)) - raft.server.log.statemachine.data.caching.enabled = true (custom)
2021-07-28 21:02:19,595 [pool-118-thread-1] INFO  segmented.SegmentedRaftLogWorker (SegmentedRaftLogWorker.java:lambda$new$0(133)) - 8ca710da-f90c-4f5c-8e20-a506923d7d86@group-ACD1D8B65187-SegmentedRaftLogWorker: flushIndex: setUnconditionally 0 -> -1
2021-07-28 21:02:19,595 [pool-118-thread-1] INFO  segmented.SegmentedRaftLogWorker (SegmentedRaftLogWorker.java:lambda$new$0(133)) - 8ca710da-f90c-4f5c-8e20-a506923d7d86@group-ACD1D8B65187-SegmentedRaftLogWorker: safeCacheEvictIndex: setUnconditionally 0 -> -1
2021-07-28 21:02:19,595 [pool-118-thread-1] INFO  server.RaftServerConfigKeys (ConfUtils.java:logGet(44)) - raft.server.snapshot.auto.trigger.enabled = true (custom)
2021-07-28 21:02:19,595 [pool-118-thread-1] INFO  server.RaftServerConfigKeys (ConfUtils.java:logGet(44)) - raft.server.snapshot.auto.trigger.threshold = 10000 (custom)
2021-07-28 21:02:19,595 [pool-118-thread-1] INFO  server.RaftServerConfigKeys (ConfUtils.java:logGet(44)) - raft.server.snapshot.retention.file.num = 5 (custom)
2021-07-28 21:02:19,595 [pool-118-thread-1] INFO  server.RaftServerConfigKeys (ConfUtils.java:logGet(44)) - raft.server.log.purge.upto.snapshot.index = false (default)
2021-07-28 21:02:19,596 [pool-118-thread-1] INFO  server.RaftServerConfigKeys (ConfUtils.java:logGet(44)) - raft.server.retrycache.expirytime = 600000ms (custom)
2021-07-28 21:02:19,596 [pool-118-thread-1] INFO  server.RaftServerConfigKeys (ConfUtils.java:logGet(44)) - raft.server.retrycache.statistics.expirytime = 100μs (default)
2021-07-28 21:02:19,597 [pool-118-thread-1] INFO  server.RaftServer$Division (RaftServerImpl.java:start(296)) - 8ca710da-f90c-4f5c-8e20-a506923d7d86@group-ACD1D8B65187: start as a follower, conf=-1: [1c1a15f6-b9e2-4fe7-bd0e-049086cdca18|rpc:127.0.0.1:36645|dataStream:|priority:0, 8ca710da-f90c-4f5c-8e20-a506923d7d86|rpc:127.0.0.1:44271|dataStream:|priority:0, d76cbe35-1465-4027-b77e-516590b33ba3|rpc:127.0.0.1:33679|dataStream:|priority:1], old=null
2021-07-28 21:02:19,597 [pool-118-thread-1] INFO  server.RaftServer$Division (RaftServerImpl.java:setRole(285)) - 8ca710da-f90c-4f5c-8e20-a506923d7d86@group-ACD1D8B65187: changes role from      null to FOLLOWER at term 0 for startAsFollower
2021-07-28 21:02:19,597 [pool-118-thread-1] INFO  impl.RoleInfo (RoleInfo.java:updateAndGet(130)) - 8ca710da-f90c-4f5c-8e20-a506923d7d86: start 8ca710da-f90c-4f5c-8e20-a506923d7d86@group-ACD1D8B65187-FollowerState
2021-07-28 21:02:19,597 [pool-118-thread-1] INFO  util.JmxRegister (JmxRegister.java:tryRegister(44)) - Successfully registered JMX Bean with object name Ratis:service=RaftServer,group=group-ACD1D8B65187,id=8ca710da-f90c-4f5c-8e20-a506923d7d86
2021-07-28 21:02:19,604 [Command processor thread] INFO  commandhandler.CreatePipelineCommandHandler (CreatePipelineCommandHandler.java:handle(106)) - Created Pipeline RATIS THREE PipelineID=5350f93b-9e88-4f26-9f2e-acd1d8b65187.
2021-07-28 21:02:19,604 [Command processor thread] INFO  server.RaftServer (RaftServerProxy.java:addNew(95)) - d76cbe35-1465-4027-b77e-516590b33ba3: addNew group-82557DB05F40:[1c1a15f6-b9e2-4fe7-bd0e-049086cdca18|rpc:127.0.0.1:36645|priority:0, 8ca710da-f90c-4f5c-8e20-a506923d7d86|rpc:127.0.0.1:44271|priority:1, d76cbe35-1465-4027-b77e-516590b33ba3|rpc:127.0.0.1:33679|priority:0] returns group-82557DB05F40:java.util.concurrent.CompletableFuture@6c84cf22[Not completed]
2021-07-28 21:02:19,605 [pool-101-thread-1] INFO  server.RaftServer$Division (RaftServerImpl.java:<init>(181)) - d76cbe35-1465-4027-b77e-516590b33ba3: new RaftServerImpl for group-82557DB05F40:[1c1a15f6-b9e2-4fe7-bd0e-049086cdca18|rpc:127.0.0.1:36645|priority:0, 8ca710da-f90c-4f5c-8e20-a506923d7d86|rpc:127.0.0.1:44271|priority:1, d76cbe35-1465-4027-b77e-516590b33ba3|rpc:127.0.0.1:33679|priority:0] with ContainerStateMachine:uninitialized
2021-07-28 21:02:19,605 [pool-101-thread-1] INFO  server.RaftServerConfigKeys (ConfUtils.java:logGet(44)) - raft.server.rpc.timeout.min = 5s (custom)
2021-07-28 21:02:19,606 [pool-101-thread-1] INFO  server.RaftServerConfigKeys (ConfUtils.java:logGet(44)) - raft.server.rpc.timeout.max = 5200ms (custom)
2021-07-28 21:02:19,606 [pool-101-thread-1] INFO  server.RaftServerConfigKeys (ConfUtils.java:logGet(44)) - raft.server.rpc.sleep.time = 25ms (default)
2021-07-28 21:02:19,606 [pool-101-thread-1] INFO  server.RaftServerConfigKeys (ConfUtils.java:logGet(44)) - raft.server.rpc.slowness.timeout = 300s (custom)
2021-07-28 21:02:19,606 [pool-101-thread-1] INFO  server.RaftServerConfigKeys (ConfUtils.java:logGet(44)) - raft.server.leaderelection.leader.step-down.wait-time = 10s (default)
2021-07-28 21:02:19,606 [pool-101-thread-1] INFO  server.RaftServerConfigKeys (ConfUtils.java:logGet(44)) - raft.server.sleep.deviation.threshold = 300ms (default)
2021-07-28 21:02:19,606 [pool-101-thread-1] INFO  server.RaftServerConfigKeys (ConfUtils.java:logGet(44)) - raft.server.log.appender.install.snapshot.enabled = false (custom)
2021-07-28 21:02:19,606 [pool-101-thread-1] INFO  server.RaftServer$Division (ServerState.java:<init>(105)) - d76cbe35-1465-4027-b77e-516590b33ba3@group-82557DB05F40: ConfigurationManager, init=-1: [1c1a15f6-b9e2-4fe7-bd0e-049086cdca18|rpc:127.0.0.1:36645|priority:0, 8ca710da-f90c-4f5c-8e20-a506923d7d86|rpc:127.0.0.1:44271|priority:1, d76cbe35-1465-4027-b77e-516590b33ba3|rpc:127.0.0.1:33679|priority:0], old=null, confs=<EMPTY_MAP>
2021-07-28 21:02:19,606 [pool-101-thread-1] INFO  server.RaftServerConfigKeys (ConfUtils.java:logGet(44)) - raft.server.storage.dir = [/home/runner/work/ozone/ozone/mnt/ozone/hadoop-ozone/integration-test/target/test-dir/MiniOzoneClusterImpl-78c7c17c-5238-474f-b89e-7e5468740183/datanode-0/data/ratis] (custom)
2021-07-28 21:02:19,606 [pool-101-thread-1] INFO  server.RaftServerConfigKeys (ConfUtils.java:logGet(44)) - raft.server.log.corruption.policy = EXCEPTION (default)
2021-07-28 21:02:19,606 [pool-101-thread-1] INFO  server.RaftServerConfigKeys (ConfUtils.java:logGet(44)) - raft.server.storage.free-space.min = 0MB (=0) (default)
2021-07-28 21:02:19,606 [pool-101-thread-1] INFO  storage.RaftStorageDirectory (RaftStorageDirectoryImpl.java:analyzeStorage(135)) - The storage directory /home/runner/work/ozone/ozone/mnt/ozone/hadoop-ozone/integration-test/target/test-dir/MiniOzoneClusterImpl-78c7c17c-5238-474f-b89e-7e5468740183/datanode-0/data/ratis/ffc08a69-289a-48e5-b1d7-82557db05f40 does not exist. Creating ...
2021-07-28 21:02:19,607 [pool-101-thread-1] INFO  storage.RaftStorageDirectory (RaftStorageDirectoryImpl.java:tryLock(230)) - Lock on /home/runner/work/ozone/ozone/mnt/ozone/hadoop-ozone/integration-test/target/test-dir/MiniOzoneClusterImpl-78c7c17c-5238-474f-b89e-7e5468740183/datanode-0/data/ratis/ffc08a69-289a-48e5-b1d7-82557db05f40/in_use.lock acquired by nodename 11863@fv-az151-48
2021-07-28 21:02:19,608 [Command processor thread] INFO  server.RaftServer (RaftServerProxy.java:addNew(95)) - 8ca710da-f90c-4f5c-8e20-a506923d7d86: addNew group-38FDFB7DAF8F:[8ca710da-f90c-4f5c-8e20-a506923d7d86|rpc:127.0.0.1:44271|priority:1] returns group-38FDFB7DAF8F:java.util.concurrent.CompletableFuture@5e1bb81b[Not completed]
2021-07-28 21:02:19,609 [pool-118-thread-1] INFO  server.RaftServer$Division (RaftServerImpl.java:<init>(181)) - 8ca710da-f90c-4f5c-8e20-a506923d7d86: new RaftServerImpl for group-38FDFB7DAF8F:[8ca710da-f90c-4f5c-8e20-a506923d7d86|rpc:127.0.0.1:44271|priority:1] with ContainerStateMachine:uninitialized
2021-07-28 21:02:19,609 [pool-118-thread-1] INFO  server.RaftServerConfigKeys (ConfUtils.java:logGet(44)) - raft.server.rpc.timeout.min = 5s (custom)
2021-07-28 21:02:19,609 [pool-118-thread-1] INFO  server.RaftServerConfigKeys (ConfUtils.java:logGet(44)) - raft.server.rpc.timeout.max = 5200ms (custom)
2021-07-28 21:02:19,609 [pool-118-thread-1] INFO  server.RaftServerConfigKeys (ConfUtils.java:logGet(44)) - raft.server.rpc.sleep.time = 25ms (default)
2021-07-28 21:02:19,609 [pool-118-thread-1] INFO  server.RaftServerConfigKeys (ConfUtils.java:logGet(44)) - raft.server.rpc.slowness.timeout = 300s (custom)
2021-07-28 21:02:19,609 [pool-118-thread-1] INFO  server.RaftServerConfigKeys (ConfUtils.java:logGet(44)) - raft.server.leaderelection.leader.step-down.wait-time = 10s (default)
2021-07-28 21:02:19,609 [pool-118-thread-1] INFO  server.RaftServerConfigKeys (ConfUtils.java:logGet(44)) - raft.server.sleep.deviation.threshold = 300ms (default)
2021-07-28 21:02:19,609 [pool-118-thread-1] INFO  server.RaftServerConfigKeys (ConfUtils.java:logGet(44)) - raft.server.log.appender.install.snapshot.enabled = false (custom)
2021-07-28 21:02:19,609 [pool-118-thread-1] INFO  server.RaftServer$Division (ServerState.java:<init>(105)) - 8ca710da-f90c-4f5c-8e20-a506923d7d86@group-38FDFB7DAF8F: ConfigurationManager, init=-1: [8ca710da-f90c-4f5c-8e20-a506923d7d86|rpc:127.0.0.1:44271|priority:1], old=null, confs=<EMPTY_MAP>
2021-07-28 21:02:19,609 [pool-118-thread-1] INFO  server.RaftServerConfigKeys (ConfUtils.java:logGet(44)) - raft.server.storage.dir = [/home/runner/work/ozone/ozone/mnt/ozone/hadoop-ozone/integration-test/target/test-dir/MiniOzoneClusterImpl-78c7c17c-5238-474f-b89e-7e5468740183/datanode-1/data/ratis] (custom)
2021-07-28 21:02:19,609 [pool-118-thread-1] INFO  server.RaftServerConfigKeys (ConfUtils.java:logGet(44)) - raft.server.log.corruption.policy = EXCEPTION (default)
2021-07-28 21:02:19,609 [pool-118-thread-1] INFO  server.RaftServerConfigKeys (ConfUtils.java:logGet(44)) - raft.server.storage.free-space.min = 0MB (=0) (default)
2021-07-28 21:02:19,610 [pool-118-thread-1] INFO  storage.RaftStorageDirectory (RaftStorageDirectoryImpl.java:analyzeStorage(135)) - The storage directory /home/runner/work/ozone/ozone/mnt/ozone/hadoop-ozone/integration-test/target/test-dir/MiniOzoneClusterImpl-78c7c17c-5238-474f-b89e-7e5468740183/datanode-1/data/ratis/3edeb008-6d90-4397-ac3a-38fdfb7daf8f does not exist. Creating ...
2021-07-28 21:02:19,610 [pool-118-thread-1] INFO  storage.RaftStorageDirectory (RaftStorageDirectoryImpl.java:tryLock(230)) - Lock on /home/runner/work/ozone/ozone/mnt/ozone/hadoop-ozone/integration-test/target/test-dir/MiniOzoneClusterImpl-78c7c17c-5238-474f-b89e-7e5468740183/datanode-1/data/ratis/3edeb008-6d90-4397-ac3a-38fdfb7daf8f/in_use.lock acquired by nodename 11863@fv-az151-48
2021-07-28 21:02:19,611 [pool-101-thread-1] INFO  storage.RaftStorage (RaftStorageImpl.java:format(89)) - Storage directory /home/runner/work/ozone/ozone/mnt/ozone/hadoop-ozone/integration-test/target/test-dir/MiniOzoneClusterImpl-78c7c17c-5238-474f-b89e-7e5468740183/datanode-0/data/ratis/ffc08a69-289a-48e5-b1d7-82557db05f40 has been successfully formatted.
2021-07-28 21:02:19,611 [pool-101-thread-1] INFO  ratis.ContainerStateMachine (ContainerStateMachine.java:loadSnapshot(223)) - group-82557DB05F40: The snapshot info is null. Setting the last applied indexto:(t:0, i:~)
2021-07-28 21:02:19,611 [Datanode State Machine Thread - 0] WARN  statemachine.StateContext (StateContext.java:execute(621)) - No available thread in pool for past 1 seconds.
2021-07-28 21:02:19,611 [pool-118-thread-1] INFO  storage.RaftStorage (RaftStorageImpl.java:format(89)) - Storage directory /home/runner/work/ozone/ozone/mnt/ozone/hadoop-ozone/integration-test/target/test-dir/MiniOzoneClusterImpl-78c7c17c-5238-474f-b89e-7e5468740183/datanode-1/data/ratis/3edeb008-6d90-4397-ac3a-38fdfb7daf8f has been successfully formatted.
2021-07-28 21:02:19,612 [Datanode State Machine Thread - 0] WARN  statemachine.StateContext (StateContext.java:execute(621)) - No available thread in pool for past 1 seconds.
2021-07-28 21:02:19,613 [pool-101-thread-1] INFO  server.RaftServerConfigKeys (ConfUtils.java:logGet(44)) - raft.server.notification.no-leader.timeout = 300s (custom)
2021-07-28 21:02:19,617 [pool-118-thread-1] INFO  ratis.ContainerStateMachine (ContainerStateMachine.java:loadSnapshot(223)) - group-38FDFB7DAF8F: The snapshot info is null. Setting the last applied indexto:(t:0, i:~)
2021-07-28 21:02:19,618 [EventQueue-PipelineReportForPipelineReportHandler] INFO  pipeline.PipelineManagerV2Impl (PipelineManagerV2Impl.java:openPipeline(283)) - Pipeline Pipeline[ Id: 3edeb008-6d90-4397-ac3a-38fdfb7daf8f, Nodes: 8ca710da-f90c-4f5c-8e20-a506923d7d86{ip: 127.0.0.1, host: localhost, ports: [REPLICATION=35827, RATIS=44271, RATIS_ADMIN=44271, RATIS_SERVER=44271, STANDALONE=41275], networkLocation: /default-rack, certSerialId: null, persistedOpState: IN_SERVICE, persistedOpStateExpiryEpochSec: 0}, ReplicationConfig: RATIS/ONE, State:ALLOCATED, leaderId:8ca710da-f90c-4f5c-8e20-a506923d7d86, CreationTimestamp2021-07-28T21:02:16.617Z[Etc/UTC]] moved to OPEN state
2021-07-28 21:02:19,619 [pool-118-thread-1] INFO  server.RaftServerConfigKeys (ConfUtils.java:logGet(44)) - raft.server.notification.no-leader.timeout = 300s (custom)
2021-07-28 21:02:19,619 [pool-118-thread-1] INFO  server.RaftServerConfigKeys (ConfUtils.java:logGet(44)) - raft.server.log.use.memory = false (default)
2021-07-28 21:02:19,619 [pool-118-thread-1] INFO  server.RaftServerConfigKeys (ConfUtils.java:logGet(44)) - raft.server.log.purge.gap = 1000000 (custom)
2021-07-28 21:02:19,619 [pool-118-thread-1] INFO  server.RaftServerConfigKeys (ConfUtils.java:logGet(44)) - raft.server.log.appender.buffer.byte-limit = 33554432 (custom)
2021-07-28 21:02:19,620 [9f4ed4a1-d4cd-462e-b2c8-34d167a020c3@group-7E5468740183-StateMachineUpdater] INFO  safemode.HealthyPipelineSafeModeRule (HealthyPipelineSafeModeRule.java:initializeRule(152)) - Refreshed total pipeline count is 0, healthy pipeline threshold count is 1
2021-07-28 21:02:19,621 [pool-101-thread-1] INFO  server.RaftServerConfigKeys (ConfUtils.java:logGet(44)) - raft.server.log.use.memory = false (default)
2021-07-28 21:02:19,621 [pool-101-thread-1] INFO  server.RaftServerConfigKeys (ConfUtils.java:logGet(44)) - raft.server.log.purge.gap = 1000000 (custom)
2021-07-28 21:02:19,621 [pool-101-thread-1] INFO  server.RaftServerConfigKeys (ConfUtils.java:logGet(44)) - raft.server.log.appender.buffer.byte-limit = 33554432 (custom)
2021-07-28 21:02:19,621 [pool-118-thread-1] INFO  server.RaftServerConfigKeys (ConfUtils.java:logGet(44)) - raft.server.log.segment.size.max = 1048576 (custom)
2021-07-28 21:02:19,622 [EventQueue-PipelineReportForPipelineReportHandler] INFO  ha.SCMHAInvocationHandler (SCMHAInvocationHandler.java:invokeRatis(113)) - Invoking method public abstract void org.apache.hadoop.hdds.scm.pipeline.StateManager.updatePipelineState(org.apache.hadoop.hdds.protocol.proto.HddsProtos$PipelineID,org.apache.hadoop.hdds.protocol.proto.HddsProtos$PipelineState) throws java.io.IOException on target org.apache.hadoop.hdds.scm.ha.SCMRatisServerImpl@12ff6d7b, cost 4290.145us
2021-07-28 21:02:19,624 [EventQueue-OpenPipelineForHealthyPipelineSafeModeRule] INFO  safemode.SCMSafeModeManager (HealthyPipelineSafeModeRule.java:process(124)) - SCM in safe mode. Healthy pipelines reported count is 0, required healthy pipeline reported count is 1
2021-07-28 21:02:19,624 [EventQueue-OpenPipelineForHealthyPipelineSafeModeRule] INFO  safemode.SCMSafeModeManager (HealthyPipelineSafeModeRule.java:process(124)) - SCM in safe mode. Healthy pipelines reported count is 0, required healthy pipeline reported count is 1
2021-07-28 21:02:19,625 [pool-118-thread-1] INFO  server.RaftServerConfigKeys (ConfUtils.java:logGet(44)) - raft.server.log.segment.cache.num.max = 2 (custom)
2021-07-28 21:02:19,626 [pool-118-thread-1] INFO  server.RaftServerConfigKeys (ConfUtils.java:logGet(44)) - raft.server.log.segment.cache.size.max = 200MB (=209715200) (default)
2021-07-28 21:02:19,626 [pool-118-thread-1] INFO  segmented.SegmentedRaftLogWorker (SegmentedRaftLogWorker.java:<init>(182)) - new 8ca710da-f90c-4f5c-8e20-a506923d7d86@group-38FDFB7DAF8F-SegmentedRaftLogWorker for RaftStorageImpl:Storage Directory /home/runner/work/ozone/ozone/mnt/ozone/hadoop-ozone/integration-test/target/test-dir/MiniOzoneClusterImpl-78c7c17c-5238-474f-b89e-7e5468740183/datanode-1/data/ratis/3edeb008-6d90-4397-ac3a-38fdfb7daf8f
2021-07-28 21:02:19,626 [pool-118-thread-1] INFO  server.RaftServerConfigKeys (ConfUtils.java:logGet(44)) - raft.server.log.queue.byte-limit = 2147483647 (custom)
2021-07-28 21:02:19,626 [pool-118-thread-1] INFO  server.RaftServerConfigKeys (ConfUtils.java:logGet(44)) - raft.server.log.queue.element-limit = 1024 (custom)
2021-07-28 21:02:19,626 [pool-118-thread-1] INFO  server.RaftServerConfigKeys (ConfUtils.java:logGet(44)) - raft.server.log.segment.size.max = 1048576 (custom)
2021-07-28 21:02:19,626 [pool-118-thread-1] INFO  server.RaftServerConfigKeys (ConfUtils.java:logGet(44)) - raft.server.log.preallocated.size = 16384 (custom)
2021-07-28 21:02:19,626 [pool-118-thread-1] INFO  server.RaftServerConfigKeys (ConfUtils.java:logGet(44)) - raft.server.log.force.sync.num = 128 (default)
2021-07-28 21:02:19,626 [pool-118-thread-1] INFO  server.RaftServerConfigKeys (ConfUtils.java:logGet(44)) - raft.server.log.statemachine.data.sync = true (default)
2021-07-28 21:02:19,626 [pool-118-thread-1] INFO  server.RaftServerConfigKeys (ConfUtils.java:logGet(44)) - raft.server.log.statemachine.data.sync.timeout = 10s (default)
2021-07-28 21:02:19,626 [pool-118-thread-1] INFO  server.RaftServerConfigKeys (ConfUtils.java:logGet(44)) - raft.server.log.statemachine.data.sync.timeout.retry = -1 (default)
2021-07-28 21:02:19,627 [pool-118-thread-1] INFO  server.RaftServerConfigKeys (ConfUtils.java:logGet(44)) - raft.server.log.write.buffer.size = 1048576 (custom)
2021-07-28 21:02:19,628 [pool-118-thread-1] INFO  server.RaftServerConfigKeys (ConfUtils.java:logGet(44)) - raft.server.log.statemachine.data.caching.enabled = true (custom)
2021-07-28 21:02:19,628 [pool-118-thread-1] INFO  segmented.SegmentedRaftLogWorker (SegmentedRaftLogWorker.java:lambda$new$0(133)) - 8ca710da-f90c-4f5c-8e20-a506923d7d86@group-38FDFB7DAF8F-SegmentedRaftLogWorker: flushIndex: setUnconditionally 0 -> -1
2021-07-28 21:02:19,626 [pool-101-thread-1] INFO  server.RaftServerConfigKeys (ConfUtils.java:logGet(44)) - raft.server.log.segment.size.max = 1048576 (custom)
2021-07-28 21:02:19,628 [pool-101-thread-1] INFO  server.RaftServerConfigKeys (ConfUtils.java:logGet(44)) - raft.server.log.segment.cache.num.max = 2 (custom)
2021-07-28 21:02:19,630 [pool-101-thread-1] INFO  server.RaftServerConfigKeys (ConfUtils.java:logGet(44)) - raft.server.log.segment.cache.size.max = 200MB (=209715200) (default)
2021-07-28 21:02:19,630 [pool-101-thread-1] INFO  segmented.SegmentedRaftLogWorker (SegmentedRaftLogWorker.java:<init>(182)) - new d76cbe35-1465-4027-b77e-516590b33ba3@group-82557DB05F40-SegmentedRaftLogWorker for RaftStorageImpl:Storage Directory /home/runner/work/ozone/ozone/mnt/ozone/hadoop-ozone/integration-test/target/test-dir/MiniOzoneClusterImpl-78c7c17c-5238-474f-b89e-7e5468740183/datanode-0/data/ratis/ffc08a69-289a-48e5-b1d7-82557db05f40
2021-07-28 21:02:19,630 [pool-101-thread-1] INFO  server.RaftServerConfigKeys (ConfUtils.java:logGet(44)) - raft.server.log.queue.byte-limit = 2147483647 (custom)
2021-07-28 21:02:19,630 [pool-101-thread-1] INFO  server.RaftServerConfigKeys (ConfUtils.java:logGet(44)) - raft.server.log.queue.element-limit = 1024 (custom)
2021-07-28 21:02:19,630 [pool-101-thread-1] INFO  server.RaftServerConfigKeys (ConfUtils.java:logGet(44)) - raft.server.log.segment.size.max = 1048576 (custom)
2021-07-28 21:02:19,630 [pool-101-thread-1] INFO  server.RaftServerConfigKeys (ConfUtils.java:logGet(44)) - raft.server.log.preallocated.size = 16384 (custom)
2021-07-28 21:02:19,630 [pool-101-thread-1] INFO  server.RaftServerConfigKeys (ConfUtils.java:logGet(44)) - raft.server.log.force.sync.num = 128 (default)
2021-07-28 21:02:19,631 [pool-101-thread-1] INFO  server.RaftServerConfigKeys (ConfUtils.java:logGet(44)) - raft.server.log.statemachine.data.sync = true (default)
2021-07-28 21:02:19,631 [pool-101-thread-1] INFO  server.RaftServerConfigKeys (ConfUtils.java:logGet(44)) - raft.server.log.statemachine.data.sync.timeout = 10s (default)
2021-07-28 21:02:19,631 [pool-101-thread-1] INFO  server.RaftServerConfigKeys (ConfUtils.java:logGet(44)) - raft.server.log.statemachine.data.sync.timeout.retry = -1 (default)
2021-07-28 21:02:19,631 [pool-101-thread-1] INFO  server.RaftServerConfigKeys (ConfUtils.java:logGet(44)) - raft.server.log.write.buffer.size = 1048576 (custom)
2021-07-28 21:02:19,632 [pool-101-thread-1] INFO  server.RaftServerConfigKeys (ConfUtils.java:logGet(44)) - raft.server.log.statemachine.data.caching.enabled = true (custom)
2021-07-28 21:02:19,632 [pool-101-thread-1] INFO  segmented.SegmentedRaftLogWorker (SegmentedRaftLogWorker.java:lambda$new$0(133)) - d76cbe35-1465-4027-b77e-516590b33ba3@group-82557DB05F40-SegmentedRaftLogWorker: flushIndex: setUnconditionally 0 -> -1
2021-07-28 21:02:19,632 [pool-101-thread-1] INFO  segmented.SegmentedRaftLogWorker (SegmentedRaftLogWorker.java:lambda$new$0(133)) - d76cbe35-1465-4027-b77e-516590b33ba3@group-82557DB05F40-SegmentedRaftLogWorker: safeCacheEvictIndex: setUnconditionally 0 -> -1
2021-07-28 21:02:19,633 [pool-101-thread-1] INFO  server.RaftServerConfigKeys (ConfUtils.java:logGet(44)) - raft.server.snapshot.auto.trigger.enabled = true (custom)
2021-07-28 21:02:19,633 [pool-101-thread-1] INFO  server.RaftServerConfigKeys (ConfUtils.java:logGet(44)) - raft.server.snapshot.auto.trigger.threshold = 10000 (custom)
2021-07-28 21:02:19,633 [pool-101-thread-1] INFO  server.RaftServerConfigKeys (ConfUtils.java:logGet(44)) - raft.server.snapshot.retention.file.num = 5 (custom)
2021-07-28 21:02:19,633 [pool-101-thread-1] INFO  server.RaftServerConfigKeys (ConfUtils.java:logGet(44)) - raft.server.log.purge.upto.snapshot.index = false (default)
2021-07-28 21:02:19,633 [pool-101-thread-1] INFO  server.RaftServerConfigKeys (ConfUtils.java:logGet(44)) - raft.server.retrycache.expirytime = 600000ms (custom)
2021-07-28 21:02:19,633 [pool-101-thread-1] INFO  server.RaftServerConfigKeys (ConfUtils.java:logGet(44)) - raft.server.retrycache.statistics.expirytime = 100μs (default)
2021-07-28 21:02:19,634 [pool-101-thread-1] INFO  server.RaftServer$Division (RaftServerImpl.java:start(296)) - d76cbe35-1465-4027-b77e-516590b33ba3@group-82557DB05F40: start as a follower, conf=-1: [1c1a15f6-b9e2-4fe7-bd0e-049086cdca18|rpc:127.0.0.1:36645|priority:0, 8ca710da-f90c-4f5c-8e20-a506923d7d86|rpc:127.0.0.1:44271|priority:1, d76cbe35-1465-4027-b77e-516590b33ba3|rpc:127.0.0.1:33679|priority:0], old=null
2021-07-28 21:02:19,634 [pool-101-thread-1] INFO  server.RaftServer$Division (RaftServerImpl.java:setRole(285)) - d76cbe35-1465-4027-b77e-516590b33ba3@group-82557DB05F40: changes role from      null to FOLLOWER at term 0 for startAsFollower
2021-07-28 21:02:19,634 [pool-101-thread-1] INFO  impl.RoleInfo (RoleInfo.java:updateAndGet(130)) - d76cbe35-1465-4027-b77e-516590b33ba3: start d76cbe35-1465-4027-b77e-516590b33ba3@group-82557DB05F40-FollowerState
2021-07-28 21:02:19,634 [pool-101-thread-1] INFO  util.JmxRegister (JmxRegister.java:tryRegister(44)) - Successfully registered JMX Bean with object name Ratis:service=RaftServer,group=group-82557DB05F40,id=d76cbe35-1465-4027-b77e-516590b33ba3
2021-07-28 21:02:19,634 [pool-118-thread-1] INFO  segmented.SegmentedRaftLogWorker (SegmentedRaftLogWorker.java:lambda$new$0(133)) - 8ca710da-f90c-4f5c-8e20-a506923d7d86@group-38FDFB7DAF8F-SegmentedRaftLogWorker: safeCacheEvictIndex: setUnconditionally 0 -> -1
2021-07-28 21:02:19,635 [Command processor thread] INFO  ratis.XceiverServerRatis (XceiverServerRatis.java:addGroup(759)) - Created group PipelineID=ffc08a69-289a-48e5-b1d7-82557db05f40
2021-07-28 21:02:19,638 [pool-118-thread-1] INFO  server.RaftServerConfigKeys (ConfUtils.java:logGet(44)) - raft.server.snapshot.auto.trigger.enabled = true (custom)
2021-07-28 21:02:19,639 [pool-118-thread-1] INFO  server.RaftServerConfigKeys (ConfUtils.java:logGet(44)) - raft.server.snapshot.auto.trigger.threshold = 10000 (custom)
2021-07-28 21:02:19,639 [pool-118-thread-1] INFO  server.RaftServerConfigKeys (ConfUtils.java:logGet(44)) - raft.server.snapshot.retention.file.num = 5 (custom)
2021-07-28 21:02:19,639 [pool-118-thread-1] INFO  server.RaftServerConfigKeys (ConfUtils.java:logGet(44)) - raft.server.log.purge.upto.snapshot.index = false (default)
2021-07-28 21:02:19,639 [pool-118-thread-1] INFO  server.RaftServerConfigKeys (ConfUtils.java:logGet(44)) - raft.server.retrycache.expirytime = 600000ms (custom)
2021-07-28 21:02:19,639 [pool-118-thread-1] INFO  server.RaftServerConfigKeys (ConfUtils.java:logGet(44)) - raft.server.retrycache.statistics.expirytime = 100μs (default)
2021-07-28 21:02:19,641 [pool-118-thread-1] INFO  server.RaftServer$Division (RaftServerImpl.java:start(296)) - 8ca710da-f90c-4f5c-8e20-a506923d7d86@group-38FDFB7DAF8F: start as a follower, conf=-1: [8ca710da-f90c-4f5c-8e20-a506923d7d86|rpc:127.0.0.1:44271|priority:1], old=null
2021-07-28 21:02:19,641 [pool-118-thread-1] INFO  server.RaftServer$Division (RaftServerImpl.java:setRole(285)) - 8ca710da-f90c-4f5c-8e20-a506923d7d86@group-38FDFB7DAF8F: changes role from      null to FOLLOWER at term 0 for startAsFollower
2021-07-28 21:02:19,641 [pool-118-thread-1] INFO  impl.RoleInfo (RoleInfo.java:updateAndGet(130)) - 8ca710da-f90c-4f5c-8e20-a506923d7d86: start 8ca710da-f90c-4f5c-8e20-a506923d7d86@group-38FDFB7DAF8F-FollowerState
2021-07-28 21:02:19,641 [pool-118-thread-1] INFO  util.JmxRegister (JmxRegister.java:tryRegister(44)) - Successfully registered JMX Bean with object name Ratis:service=RaftServer,group=group-38FDFB7DAF8F,id=8ca710da-f90c-4f5c-8e20-a506923d7d86
2021-07-28 21:02:19,642 [Command processor thread] INFO  ratis.XceiverServerRatis (XceiverServerRatis.java:addGroup(759)) - Created group PipelineID=3edeb008-6d90-4397-ac3a-38fdfb7daf8f
2021-07-28 21:02:19,643 [Command processor thread] INFO  commandhandler.CreatePipelineCommandHandler (CreatePipelineCommandHandler.java:handle(106)) - Created Pipeline RATIS ONE PipelineID=3edeb008-6d90-4397-ac3a-38fdfb7daf8f.
2021-07-28 21:02:19,645 [Command processor thread] INFO  server.RaftServer (RaftServerProxy.java:addNew(95)) - 8ca710da-f90c-4f5c-8e20-a506923d7d86: addNew group-82557DB05F40:[1c1a15f6-b9e2-4fe7-bd0e-049086cdca18|rpc:127.0.0.1:36645|priority:0, 8ca710da-f90c-4f5c-8e20-a506923d7d86|rpc:127.0.0.1:44271|priority:1, d76cbe35-1465-4027-b77e-516590b33ba3|rpc:127.0.0.1:33679|priority:0] returns group-82557DB05F40:java.util.concurrent.CompletableFuture@50dc5da8[Not completed]
2021-07-28 21:02:19,646 [pool-118-thread-1] INFO  server.RaftServer$Division (RaftServerImpl.java:<init>(181)) - 8ca710da-f90c-4f5c-8e20-a506923d7d86: new RaftServerImpl for group-82557DB05F40:[1c1a15f6-b9e2-4fe7-bd0e-049086cdca18|rpc:127.0.0.1:36645|priority:0, 8ca710da-f90c-4f5c-8e20-a506923d7d86|rpc:127.0.0.1:44271|priority:1, d76cbe35-1465-4027-b77e-516590b33ba3|rpc:127.0.0.1:33679|priority:0] with ContainerStateMachine:uninitialized
2021-07-28 21:02:19,646 [pool-118-thread-1] INFO  server.RaftServerConfigKeys (ConfUtils.java:logGet(44)) - raft.server.rpc.timeout.min = 5s (custom)
2021-07-28 21:02:19,646 [pool-118-thread-1] INFO  server.RaftServerConfigKeys (ConfUtils.java:logGet(44)) - raft.server.rpc.timeout.max = 5200ms (custom)
2021-07-28 21:02:19,646 [pool-118-thread-1] INFO  server.RaftServerConfigKeys (ConfUtils.java:logGet(44)) - raft.server.rpc.sleep.time = 25ms (default)
2021-07-28 21:02:19,646 [pool-118-thread-1] INFO  server.RaftServerConfigKeys (ConfUtils.java:logGet(44)) - raft.server.rpc.slowness.timeout = 300s (custom)
2021-07-28 21:02:19,646 [pool-118-thread-1] INFO  server.RaftServerConfigKeys (ConfUtils.java:logGet(44)) - raft.server.leaderelection.leader.step-down.wait-time = 10s (default)
2021-07-28 21:02:19,646 [pool-118-thread-1] INFO  server.RaftServerConfigKeys (ConfUtils.java:logGet(44)) - raft.server.sleep.deviation.threshold = 300ms (default)
2021-07-28 21:02:19,646 [pool-118-thread-1] INFO  server.RaftServerConfigKeys (ConfUtils.java:logGet(44)) - raft.server.log.appender.install.snapshot.enabled = false (custom)
2021-07-28 21:02:19,646 [pool-118-thread-1] INFO  server.RaftServer$Division (ServerState.java:<init>(105)) - 8ca710da-f90c-4f5c-8e20-a506923d7d86@group-82557DB05F40: ConfigurationManager, init=-1: [1c1a15f6-b9e2-4fe7-bd0e-049086cdca18|rpc:127.0.0.1:36645|priority:0, 8ca710da-f90c-4f5c-8e20-a506923d7d86|rpc:127.0.0.1:44271|priority:1, d76cbe35-1465-4027-b77e-516590b33ba3|rpc:127.0.0.1:33679|priority:0], old=null, confs=<EMPTY_MAP>
2021-07-28 21:02:19,647 [pool-118-thread-1] INFO  server.RaftServerConfigKeys (ConfUtils.java:logGet(44)) - raft.server.storage.dir = [/home/runner/work/ozone/ozone/mnt/ozone/hadoop-ozone/integration-test/target/test-dir/MiniOzoneClusterImpl-78c7c17c-5238-474f-b89e-7e5468740183/datanode-1/data/ratis] (custom)
2021-07-28 21:02:19,647 [pool-118-thread-1] INFO  server.RaftServerConfigKeys (ConfUtils.java:logGet(44)) - raft.server.log.corruption.policy = EXCEPTION (default)
2021-07-28 21:02:19,647 [pool-118-thread-1] INFO  server.RaftServerConfigKeys (ConfUtils.java:logGet(44)) - raft.server.storage.free-space.min = 0MB (=0) (default)
2021-07-28 21:02:19,647 [pool-118-thread-1] INFO  storage.RaftStorageDirectory (RaftStorageDirectoryImpl.java:analyzeStorage(135)) - The storage directory /home/runner/work/ozone/ozone/mnt/ozone/hadoop-ozone/integration-test/target/test-dir/MiniOzoneClusterImpl-78c7c17c-5238-474f-b89e-7e5468740183/datanode-1/data/ratis/ffc08a69-289a-48e5-b1d7-82557db05f40 does not exist. Creating ...
2021-07-28 21:02:19,648 [pool-118-thread-1] INFO  storage.RaftStorageDirectory (RaftStorageDirectoryImpl.java:tryLock(230)) - Lock on /home/runner/work/ozone/ozone/mnt/ozone/hadoop-ozone/integration-test/target/test-dir/MiniOzoneClusterImpl-78c7c17c-5238-474f-b89e-7e5468740183/datanode-1/data/ratis/ffc08a69-289a-48e5-b1d7-82557db05f40/in_use.lock acquired by nodename 11863@fv-az151-48
2021-07-28 21:02:19,649 [pool-118-thread-1] INFO  storage.RaftStorage (RaftStorageImpl.java:format(89)) - Storage directory /home/runner/work/ozone/ozone/mnt/ozone/hadoop-ozone/integration-test/target/test-dir/MiniOzoneClusterImpl-78c7c17c-5238-474f-b89e-7e5468740183/datanode-1/data/ratis/ffc08a69-289a-48e5-b1d7-82557db05f40 has been successfully formatted.
2021-07-28 21:02:19,649 [pool-118-thread-1] INFO  ratis.ContainerStateMachine (ContainerStateMachine.java:loadSnapshot(223)) - group-82557DB05F40: The snapshot info is null. Setting the last applied indexto:(t:0, i:~)
2021-07-28 21:02:19,650 [pool-118-thread-1] INFO  server.RaftServerConfigKeys (ConfUtils.java:logGet(44)) - raft.server.notification.no-leader.timeout = 300s (custom)
2021-07-28 21:02:19,650 [pool-118-thread-1] INFO  server.RaftServerConfigKeys (ConfUtils.java:logGet(44)) - raft.server.log.use.memory = false (default)
2021-07-28 21:02:19,650 [pool-118-thread-1] INFO  server.RaftServerConfigKeys (ConfUtils.java:logGet(44)) - raft.server.log.purge.gap = 1000000 (custom)
2021-07-28 21:02:19,650 [pool-118-thread-1] INFO  server.RaftServerConfigKeys (ConfUtils.java:logGet(44)) - raft.server.log.appender.buffer.byte-limit = 33554432 (custom)
2021-07-28 21:02:19,650 [Datanode State Machine Thread - 0] WARN  statemachine.StateContext (StateContext.java:execute(621)) - No available thread in pool for past 1 seconds.
2021-07-28 21:02:19,650 [pool-118-thread-1] INFO  server.RaftServerConfigKeys (ConfUtils.java:logGet(44)) - raft.server.log.segment.size.max = 1048576 (custom)
2021-07-28 21:02:19,651 [grpc-default-executor-1] INFO  server.RaftServer (RaftServerProxy.java:addNew(95)) - 1c1a15f6-b9e2-4fe7-bd0e-049086cdca18: addNew group-82557DB05F40:[1c1a15f6-b9e2-4fe7-bd0e-049086cdca18|rpc:127.0.0.1:36645|dataStream:|priority:0, 8ca710da-f90c-4f5c-8e20-a506923d7d86|rpc:127.0.0.1:44271|dataStream:|priority:1, d76cbe35-1465-4027-b77e-516590b33ba3|rpc:127.0.0.1:33679|dataStream:|priority:0] returns group-82557DB05F40:java.util.concurrent.CompletableFuture@6e190f7c[Not completed]
2021-07-28 21:02:19,652 [pool-137-thread-1] INFO  server.RaftServer$Division (RaftServerImpl.java:<init>(181)) - 1c1a15f6-b9e2-4fe7-bd0e-049086cdca18: new RaftServerImpl for group-82557DB05F40:[1c1a15f6-b9e2-4fe7-bd0e-049086cdca18|rpc:127.0.0.1:36645|dataStream:|priority:0, 8ca710da-f90c-4f5c-8e20-a506923d7d86|rpc:127.0.0.1:44271|dataStream:|priority:1, d76cbe35-1465-4027-b77e-516590b33ba3|rpc:127.0.0.1:33679|dataStream:|priority:0] with ContainerStateMachine:uninitialized
2021-07-28 21:02:19,652 [pool-137-thread-1] INFO  server.RaftServerConfigKeys (ConfUtils.java:logGet(44)) - raft.server.rpc.timeout.min = 5s (custom)
2021-07-28 21:02:19,652 [pool-137-thread-1] INFO  server.RaftServerConfigKeys (ConfUtils.java:logGet(44)) - raft.server.rpc.timeout.max = 5200ms (custom)
2021-07-28 21:02:19,652 [pool-137-thread-1] INFO  server.RaftServerConfigKeys (ConfUtils.java:logGet(44)) - raft.server.rpc.sleep.time = 25ms (default)
2021-07-28 21:02:19,652 [pool-137-thread-1] INFO  server.RaftServerConfigKeys (ConfUtils.java:logGet(44)) - raft.server.rpc.slowness.timeout = 300s (custom)
2021-07-28 21:02:19,652 [pool-137-thread-1] INFO  server.RaftServerConfigKeys (ConfUtils.java:logGet(44)) - raft.server.leaderelection.leader.step-down.wait-time = 10s (default)
2021-07-28 21:02:19,652 [pool-137-thread-1] INFO  server.RaftServerConfigKeys (ConfUtils.java:logGet(44)) - raft.server.sleep.deviation.threshold = 300ms (default)
2021-07-28 21:02:19,653 [pool-137-thread-1] INFO  server.RaftServerConfigKeys (ConfUtils.java:logGet(44)) - raft.server.log.appender.install.snapshot.enabled = false (custom)
2021-07-28 21:02:19,653 [pool-137-thread-1] INFO  server.RaftServer$Division (ServerState.java:<init>(105)) - 1c1a15f6-b9e2-4fe7-bd0e-049086cdca18@group-82557DB05F40: ConfigurationManager, init=-1: [1c1a15f6-b9e2-4fe7-bd0e-049086cdca18|rpc:127.0.0.1:36645|dataStream:|priority:0, 8ca710da-f90c-4f5c-8e20-a506923d7d86|rpc:127.0.0.1:44271|dataStream:|priority:1, d76cbe35-1465-4027-b77e-516590b33ba3|rpc:127.0.0.1:33679|dataStream:|priority:0], old=null, confs=<EMPTY_MAP>
2021-07-28 21:02:19,653 [pool-137-thread-1] INFO  server.RaftServerConfigKeys (ConfUtils.java:logGet(44)) - raft.server.storage.dir = [/home/runner/work/ozone/ozone/mnt/ozone/hadoop-ozone/integration-test/target/test-dir/MiniOzoneClusterImpl-78c7c17c-5238-474f-b89e-7e5468740183/datanode-2/data/ratis] (custom)
2021-07-28 21:02:19,653 [pool-137-thread-1] INFO  server.RaftServerConfigKeys (ConfUtils.java:logGet(44)) - raft.server.log.corruption.policy = EXCEPTION (default)
2021-07-28 21:02:19,653 [pool-137-thread-1] INFO  server.RaftServerConfigKeys (ConfUtils.java:logGet(44)) - raft.server.storage.free-space.min = 0MB (=0) (default)
2021-07-28 21:02:19,653 [pool-137-thread-1] INFO  storage.RaftStorageDirectory (RaftStorageDirectoryImpl.java:analyzeStorage(135)) - The storage directory /home/runner/work/ozone/ozone/mnt/ozone/hadoop-ozone/integration-test/target/test-dir/MiniOzoneClusterImpl-78c7c17c-5238-474f-b89e-7e5468740183/datanode-2/data/ratis/ffc08a69-289a-48e5-b1d7-82557db05f40 does not exist. Creating ...
2021-07-28 21:02:19,653 [pool-118-thread-1] INFO  server.RaftServerConfigKeys (ConfUtils.java:logGet(44)) - raft.server.log.segment.cache.num.max = 2 (custom)
2021-07-28 21:02:19,654 [pool-137-thread-1] INFO  storage.RaftStorageDirectory (RaftStorageDirectoryImpl.java:tryLock(230)) - Lock on /home/runner/work/ozone/ozone/mnt/ozone/hadoop-ozone/integration-test/target/test-dir/MiniOzoneClusterImpl-78c7c17c-5238-474f-b89e-7e5468740183/datanode-2/data/ratis/ffc08a69-289a-48e5-b1d7-82557db05f40/in_use.lock acquired by nodename 11863@fv-az151-48
2021-07-28 21:02:19,655 [pool-118-thread-1] INFO  server.RaftServerConfigKeys (ConfUtils.java:logGet(44)) - raft.server.log.segment.cache.size.max = 200MB (=209715200) (default)
2021-07-28 21:02:19,657 [pool-118-thread-1] INFO  segmented.SegmentedRaftLogWorker (SegmentedRaftLogWorker.java:<init>(182)) - new 8ca710da-f90c-4f5c-8e20-a506923d7d86@group-82557DB05F40-SegmentedRaftLogWorker for RaftStorageImpl:Storage Directory /home/runner/work/ozone/ozone/mnt/ozone/hadoop-ozone/integration-test/target/test-dir/MiniOzoneClusterImpl-78c7c17c-5238-474f-b89e-7e5468740183/datanode-1/data/ratis/ffc08a69-289a-48e5-b1d7-82557db05f40
2021-07-28 21:02:19,657 [pool-118-thread-1] INFO  server.RaftServerConfigKeys (ConfUtils.java:logGet(44)) - raft.server.log.queue.byte-limit = 2147483647 (custom)
2021-07-28 21:02:19,657 [pool-118-thread-1] INFO  server.RaftServerConfigKeys (ConfUtils.java:logGet(44)) - raft.server.log.queue.element-limit = 1024 (custom)
2021-07-28 21:02:19,657 [pool-118-thread-1] INFO  server.RaftServerConfigKeys (ConfUtils.java:logGet(44)) - raft.server.log.segment.size.max = 1048576 (custom)
2021-07-28 21:02:19,657 [pool-118-thread-1] INFO  server.RaftServerConfigKeys (ConfUtils.java:logGet(44)) - raft.server.log.preallocated.size = 16384 (custom)
2021-07-28 21:02:19,658 [pool-118-thread-1] INFO  server.RaftServerConfigKeys (ConfUtils.java:logGet(44)) - raft.server.log.force.sync.num = 128 (default)
2021-07-28 21:02:19,658 [pool-118-thread-1] INFO  server.RaftServerConfigKeys (ConfUtils.java:logGet(44)) - raft.server.log.statemachine.data.sync = true (default)
2021-07-28 21:02:19,658 [pool-118-thread-1] INFO  server.RaftServerConfigKeys (ConfUtils.java:logGet(44)) - raft.server.log.statemachine.data.sync.timeout = 10s (default)
2021-07-28 21:02:19,658 [pool-118-thread-1] INFO  server.RaftServerConfigKeys (ConfUtils.java:logGet(44)) - raft.server.log.statemachine.data.sync.timeout.retry = -1 (default)
2021-07-28 21:02:19,658 [pool-118-thread-1] INFO  server.RaftServerConfigKeys (ConfUtils.java:logGet(44)) - raft.server.log.write.buffer.size = 1048576 (custom)
2021-07-28 21:02:19,658 [EventQueue-OpenPipelineForHealthyPipelineSafeModeRule] INFO  safemode.SCMSafeModeManager (HealthyPipelineSafeModeRule.java:process(124)) - SCM in safe mode. Healthy pipelines reported count is 0, required healthy pipeline reported count is 1
2021-07-28 21:02:19,659 [pool-137-thread-1] INFO  storage.RaftStorage (RaftStorageImpl.java:format(89)) - Storage directory /home/runner/work/ozone/ozone/mnt/ozone/hadoop-ozone/integration-test/target/test-dir/MiniOzoneClusterImpl-78c7c17c-5238-474f-b89e-7e5468740183/datanode-2/data/ratis/ffc08a69-289a-48e5-b1d7-82557db05f40 has been successfully formatted.
2021-07-28 21:02:19,659 [pool-137-thread-1] INFO  ratis.ContainerStateMachine (ContainerStateMachine.java:loadSnapshot(223)) - group-82557DB05F40: The snapshot info is null. Setting the last applied indexto:(t:0, i:~)
2021-07-28 21:02:19,659 [pool-137-thread-1] INFO  server.RaftServerConfigKeys (ConfUtils.java:logGet(44)) - raft.server.notification.no-leader.timeout = 300s (custom)
2021-07-28 21:02:19,659 [pool-137-thread-1] INFO  server.RaftServerConfigKeys (ConfUtils.java:logGet(44)) - raft.server.log.use.memory = false (default)
2021-07-28 21:02:19,659 [Datanode State Machine Thread - 0] WARN  statemachine.StateContext (StateContext.java:execute(621)) - No available thread in pool for past 1 seconds.
2021-07-28 21:02:19,659 [pool-118-thread-1] INFO  server.RaftServerConfigKeys (ConfUtils.java:logGet(44)) - raft.server.log.statemachine.data.caching.enabled = true (custom)
2021-07-28 21:02:19,660 [pool-118-thread-1] INFO  segmented.SegmentedRaftLogWorker (SegmentedRaftLogWorker.java:lambda$new$0(133)) - 8ca710da-f90c-4f5c-8e20-a506923d7d86@group-82557DB05F40-SegmentedRaftLogWorker: flushIndex: setUnconditionally 0 -> -1
2021-07-28 21:02:19,660 [pool-118-thread-1] INFO  segmented.SegmentedRaftLogWorker (SegmentedRaftLogWorker.java:lambda$new$0(133)) - 8ca710da-f90c-4f5c-8e20-a506923d7d86@group-82557DB05F40-SegmentedRaftLogWorker: safeCacheEvictIndex: setUnconditionally 0 -> -1
2021-07-28 21:02:19,659 [pool-137-thread-1] INFO  server.RaftServerConfigKeys (ConfUtils.java:logGet(44)) - raft.server.log.purge.gap = 1000000 (custom)
2021-07-28 21:02:19,660 [pool-137-thread-1] INFO  server.RaftServerConfigKeys (ConfUtils.java:logGet(44)) - raft.server.log.appender.buffer.byte-limit = 33554432 (custom)
2021-07-28 21:02:19,660 [pool-137-thread-1] INFO  server.RaftServerConfigKeys (ConfUtils.java:logGet(44)) - raft.server.log.segment.size.max = 1048576 (custom)
2021-07-28 21:02:19,660 [pool-137-thread-1] INFO  server.RaftServerConfigKeys (ConfUtils.java:logGet(44)) - raft.server.log.segment.cache.num.max = 2 (custom)
2021-07-28 21:02:19,660 [pool-137-thread-1] INFO  server.RaftServerConfigKeys (ConfUtils.java:logGet(44)) - raft.server.log.segment.cache.size.max = 200MB (=209715200) (default)
2021-07-28 21:02:19,660 [pool-137-thread-1] INFO  segmented.SegmentedRaftLogWorker (SegmentedRaftLogWorker.java:<init>(182)) - new 1c1a15f6-b9e2-4fe7-bd0e-049086cdca18@group-82557DB05F40-SegmentedRaftLogWorker for RaftStorageImpl:Storage Directory /home/runner/work/ozone/ozone/mnt/ozone/hadoop-ozone/integration-test/target/test-dir/MiniOzoneClusterImpl-78c7c17c-5238-474f-b89e-7e5468740183/datanode-2/data/ratis/ffc08a69-289a-48e5-b1d7-82557db05f40
2021-07-28 21:02:19,661 [pool-137-thread-1] INFO  server.RaftServerConfigKeys (ConfUtils.java:logGet(44)) - raft.server.log.queue.byte-limit = 2147483647 (custom)
2021-07-28 21:02:19,661 [pool-137-thread-1] INFO  server.RaftServerConfigKeys (ConfUtils.java:logGet(44)) - raft.server.log.queue.element-limit = 1024 (custom)
2021-07-28 21:02:19,661 [pool-137-thread-1] INFO  server.RaftServerConfigKeys (ConfUtils.java:logGet(44)) - raft.server.log.segment.size.max = 1048576 (custom)
2021-07-28 21:02:19,661 [pool-137-thread-1] INFO  server.RaftServerConfigKeys (ConfUtils.java:logGet(44)) - raft.server.log.preallocated.size = 16384 (custom)
2021-07-28 21:02:19,661 [pool-137-thread-1] INFO  server.RaftServerConfigKeys (ConfUtils.java:logGet(44)) - raft.server.log.force.sync.num = 128 (default)
2021-07-28 21:02:19,661 [pool-137-thread-1] INFO  server.RaftServerConfigKeys (ConfUtils.java:logGet(44)) - raft.server.log.statemachine.data.sync = true (default)
2021-07-28 21:02:19,661 [pool-137-thread-1] INFO  server.RaftServerConfigKeys (ConfUtils.java:logGet(44)) - raft.server.log.statemachine.data.sync.timeout = 10s (default)
2021-07-28 21:02:19,661 [pool-137-thread-1] INFO  server.RaftServerConfigKeys (ConfUtils.java:logGet(44)) - raft.server.log.statemachine.data.sync.timeout.retry = -1 (default)
2021-07-28 21:02:19,661 [pool-118-thread-1] INFO  server.RaftServerConfigKeys (ConfUtils.java:logGet(44)) - raft.server.snapshot.auto.trigger.enabled = true (custom)
2021-07-28 21:02:19,661 [pool-118-thread-1] INFO  server.RaftServerConfigKeys (ConfUtils.java:logGet(44)) - raft.server.snapshot.auto.trigger.threshold = 10000 (custom)
2021-07-28 21:02:19,662 [pool-137-thread-1] INFO  server.RaftServerConfigKeys (ConfUtils.java:logGet(44)) - raft.server.log.write.buffer.size = 1048576 (custom)
2021-07-28 21:02:19,668 [pool-137-thread-1] INFO  server.RaftServerConfigKeys (ConfUtils.java:logGet(44)) - raft.server.log.statemachine.data.caching.enabled = true (custom)
2021-07-28 21:02:19,667 [pool-118-thread-1] INFO  server.RaftServerConfigKeys (ConfUtils.java:logGet(44)) - raft.server.snapshot.retention.file.num = 5 (custom)
2021-07-28 21:02:19,668 [pool-118-thread-1] INFO  server.RaftServerConfigKeys (ConfUtils.java:logGet(44)) - raft.server.log.purge.upto.snapshot.index = false (default)
2021-07-28 21:02:19,668 [pool-137-thread-1] INFO  segmented.SegmentedRaftLogWorker (SegmentedRaftLogWorker.java:lambda$new$0(133)) - 1c1a15f6-b9e2-4fe7-bd0e-049086cdca18@group-82557DB05F40-SegmentedRaftLogWorker: flushIndex: setUnconditionally 0 -> -1
2021-07-28 21:02:19,669 [pool-118-thread-1] INFO  server.RaftServerConfigKeys (ConfUtils.java:logGet(44)) - raft.server.retrycache.expirytime = 600000ms (custom)
2021-07-28 21:02:19,669 [pool-118-thread-1] INFO  server.RaftServerConfigKeys (ConfUtils.java:logGet(44)) - raft.server.retrycache.statistics.expirytime = 100μs (default)
2021-07-28 21:02:19,669 [pool-137-thread-1] INFO  segmented.SegmentedRaftLogWorker (SegmentedRaftLogWorker.java:lambda$new$0(133)) - 1c1a15f6-b9e2-4fe7-bd0e-049086cdca18@group-82557DB05F40-SegmentedRaftLogWorker: safeCacheEvictIndex: setUnconditionally 0 -> -1
2021-07-28 21:02:19,669 [pool-118-thread-1] INFO  server.RaftServer$Division (RaftServerImpl.java:start(296)) - 8ca710da-f90c-4f5c-8e20-a506923d7d86@group-82557DB05F40: start as a follower, conf=-1: [1c1a15f6-b9e2-4fe7-bd0e-049086cdca18|rpc:127.0.0.1:36645|priority:0, 8ca710da-f90c-4f5c-8e20-a506923d7d86|rpc:127.0.0.1:44271|priority:1, d76cbe35-1465-4027-b77e-516590b33ba3|rpc:127.0.0.1:33679|priority:0], old=null
2021-07-28 21:02:19,670 [pool-118-thread-1] INFO  server.RaftServer$Division (RaftServerImpl.java:setRole(285)) - 8ca710da-f90c-4f5c-8e20-a506923d7d86@group-82557DB05F40: changes role from      null to FOLLOWER at term 0 for startAsFollower
2021-07-28 21:02:19,672 [pool-118-thread-1] INFO  impl.RoleInfo (RoleInfo.java:updateAndGet(130)) - 8ca710da-f90c-4f5c-8e20-a506923d7d86: start 8ca710da-f90c-4f5c-8e20-a506923d7d86@group-82557DB05F40-FollowerState
2021-07-28 21:02:19,672 [pool-137-thread-1] INFO  server.RaftServerConfigKeys (ConfUtils.java:logGet(44)) - raft.server.snapshot.auto.trigger.enabled = true (custom)
2021-07-28 21:02:19,672 [pool-137-thread-1] INFO  server.RaftServerConfigKeys (ConfUtils.java:logGet(44)) - raft.server.snapshot.auto.trigger.threshold = 10000 (custom)
2021-07-28 21:02:19,672 [pool-137-thread-1] INFO  server.RaftServerConfigKeys (ConfUtils.java:logGet(44)) - raft.server.snapshot.retention.file.num = 5 (custom)
2021-07-28 21:02:19,673 [pool-137-thread-1] INFO  server.RaftServerConfigKeys (ConfUtils.java:logGet(44)) - raft.server.log.purge.upto.snapshot.index = false (default)
2021-07-28 21:02:19,676 [pool-137-thread-1] INFO  server.RaftServerConfigKeys (ConfUtils.java:logGet(44)) - raft.server.retrycache.expirytime = 600000ms (custom)
2021-07-28 21:02:19,676 [pool-118-thread-1] INFO  util.JmxRegister (JmxRegister.java:tryRegister(44)) - Successfully registered JMX Bean with object name Ratis:service=RaftServer,group=group-82557DB05F40,id=8ca710da-f90c-4f5c-8e20-a506923d7d86
2021-07-28 21:02:19,676 [pool-137-thread-1] INFO  server.RaftServerConfigKeys (ConfUtils.java:logGet(44)) - raft.server.retrycache.statistics.expirytime = 100μs (default)
2021-07-28 21:02:19,677 [pool-137-thread-1] INFO  server.RaftServer$Division (RaftServerImpl.java:start(296)) - 1c1a15f6-b9e2-4fe7-bd0e-049086cdca18@group-82557DB05F40: start as a follower, conf=-1: [1c1a15f6-b9e2-4fe7-bd0e-049086cdca18|rpc:127.0.0.1:36645|dataStream:|priority:0, 8ca710da-f90c-4f5c-8e20-a506923d7d86|rpc:127.0.0.1:44271|dataStream:|priority:1, d76cbe35-1465-4027-b77e-516590b33ba3|rpc:127.0.0.1:33679|dataStream:|priority:0], old=null
2021-07-28 21:02:19,677 [pool-137-thread-1] INFO  server.RaftServer$Division (RaftServerImpl.java:setRole(285)) - 1c1a15f6-b9e2-4fe7-bd0e-049086cdca18@group-82557DB05F40: changes role from      null to FOLLOWER at term 0 for startAsFollower
2021-07-28 21:02:19,680 [pool-137-thread-1] INFO  impl.RoleInfo (RoleInfo.java:updateAndGet(130)) - 1c1a15f6-b9e2-4fe7-bd0e-049086cdca18: start 1c1a15f6-b9e2-4fe7-bd0e-049086cdca18@group-82557DB05F40-FollowerState
2021-07-28 21:02:19,680 [Command processor thread] INFO  ratis.XceiverServerRatis (XceiverServerRatis.java:addGroup(759)) - Created group PipelineID=ffc08a69-289a-48e5-b1d7-82557db05f40
2021-07-28 21:02:19,681 [pool-137-thread-1] INFO  util.JmxRegister (JmxRegister.java:tryRegister(44)) - Successfully registered JMX Bean with object name Ratis:service=RaftServer,group=group-82557DB05F40,id=1c1a15f6-b9e2-4fe7-bd0e-049086cdca18
2021-07-28 21:02:19,744 [Command processor thread] INFO  commandhandler.CreatePipelineCommandHandler (CreatePipelineCommandHandler.java:handle(106)) - Created Pipeline RATIS THREE PipelineID=ffc08a69-289a-48e5-b1d7-82557db05f40.
2021-07-28 21:02:19,761 [Command processor thread] INFO  commandhandler.CreatePipelineCommandHandler (CreatePipelineCommandHandler.java:handle(106)) - Created Pipeline RATIS THREE PipelineID=ffc08a69-289a-48e5-b1d7-82557db05f40.
2021-07-28 21:02:19,797 [Listener at 127.0.0.1/11612] INFO  ozone.MiniOzoneClusterImpl (MiniOzoneClusterImpl.java:lambda$waitForClusterToBeReady$0(235)) - Nodes are ready. Got 3 of 3 DN Heartbeats.
2021-07-28 21:02:19,797 [Listener at 127.0.0.1/11612] INFO  ozone.MiniOzoneClusterImpl (MiniOzoneClusterImpl.java:lambda$waitForClusterToBeReady$0(238)) - Waiting for cluster to exit safe mode
2021-07-28 21:02:19,797 [Listener at 127.0.0.1/11612] INFO  ozone.MiniOzoneClusterImpl (MiniOzoneClusterImpl.java:lambda$waitForClusterToBeReady$0(240)) - SCM became leader
2021-07-28 21:02:19,809 [Command processor thread] INFO  server.RaftServer (RaftServerProxy.java:addNew(95)) - 1c1a15f6-b9e2-4fe7-bd0e-049086cdca18: addNew group-DED3473BB816:[1c1a15f6-b9e2-4fe7-bd0e-049086cdca18|rpc:127.0.0.1:36645|priority:1] returns group-DED3473BB816:java.util.concurrent.CompletableFuture@21fb5b0f[Not completed]
2021-07-28 21:02:19,810 [pool-137-thread-1] INFO  server.RaftServer$Division (RaftServerImpl.java:<init>(181)) - 1c1a15f6-b9e2-4fe7-bd0e-049086cdca18: new RaftServerImpl for group-DED3473BB816:[1c1a15f6-b9e2-4fe7-bd0e-049086cdca18|rpc:127.0.0.1:36645|priority:1] with ContainerStateMachine:uninitialized
2021-07-28 21:02:19,811 [pool-137-thread-1] INFO  server.RaftServerConfigKeys (ConfUtils.java:logGet(44)) - raft.server.rpc.timeout.min = 5s (custom)
2021-07-28 21:02:19,811 [pool-137-thread-1] INFO  server.RaftServerConfigKeys (ConfUtils.java:logGet(44)) - raft.server.rpc.timeout.max = 5200ms (custom)
2021-07-28 21:02:19,811 [pool-137-thread-1] INFO  server.RaftServerConfigKeys (ConfUtils.java:logGet(44)) - raft.server.rpc.sleep.time = 25ms (default)
2021-07-28 21:02:19,811 [pool-137-thread-1] INFO  server.RaftServerConfigKeys (ConfUtils.java:logGet(44)) - raft.server.rpc.slowness.timeout = 300s (custom)
2021-07-28 21:02:19,811 [pool-137-thread-1] INFO  server.RaftServerConfigKeys (ConfUtils.java:logGet(44)) - raft.server.leaderelection.leader.step-down.wait-time = 10s (default)
2021-07-28 21:02:19,811 [pool-137-thread-1] INFO  server.RaftServerConfigKeys (ConfUtils.java:logGet(44)) - raft.server.sleep.deviation.threshold = 300ms (default)
2021-07-28 21:02:19,811 [pool-137-thread-1] INFO  server.RaftServerConfigKeys (ConfUtils.java:logGet(44)) - raft.server.log.appender.install.snapshot.enabled = false (custom)
2021-07-28 21:02:19,811 [pool-137-thread-1] INFO  server.RaftServer$Division (ServerState.java:<init>(105)) - 1c1a15f6-b9e2-4fe7-bd0e-049086cdca18@group-DED3473BB816: ConfigurationManager, init=-1: [1c1a15f6-b9e2-4fe7-bd0e-049086cdca18|rpc:127.0.0.1:36645|priority:1], old=null, confs=<EMPTY_MAP>
2021-07-28 21:02:19,811 [pool-137-thread-1] INFO  server.RaftServerConfigKeys (ConfUtils.java:logGet(44)) - raft.server.storage.dir = [/home/runner/work/ozone/ozone/mnt/ozone/hadoop-ozone/integration-test/target/test-dir/MiniOzoneClusterImpl-78c7c17c-5238-474f-b89e-7e5468740183/datanode-2/data/ratis] (custom)
2021-07-28 21:02:19,811 [pool-137-thread-1] INFO  server.RaftServerConfigKeys (ConfUtils.java:logGet(44)) - raft.server.log.corruption.policy = EXCEPTION (default)
2021-07-28 21:02:19,811 [pool-137-thread-1] INFO  server.RaftServerConfigKeys (ConfUtils.java:logGet(44)) - raft.server.storage.free-space.min = 0MB (=0) (default)
2021-07-28 21:02:19,812 [pool-137-thread-1] INFO  storage.RaftStorageDirectory (RaftStorageDirectoryImpl.java:analyzeStorage(135)) - The storage directory /home/runner/work/ozone/ozone/mnt/ozone/hadoop-ozone/integration-test/target/test-dir/MiniOzoneClusterImpl-78c7c17c-5238-474f-b89e-7e5468740183/datanode-2/data/ratis/3f1bb2a1-9cb8-45f5-9dfe-ded3473bb816 does not exist. Creating ...
2021-07-28 21:02:19,813 [pool-137-thread-1] INFO  storage.RaftStorageDirectory (RaftStorageDirectoryImpl.java:tryLock(230)) - Lock on /home/runner/work/ozone/ozone/mnt/ozone/hadoop-ozone/integration-test/target/test-dir/MiniOzoneClusterImpl-78c7c17c-5238-474f-b89e-7e5468740183/datanode-2/data/ratis/3f1bb2a1-9cb8-45f5-9dfe-ded3473bb816/in_use.lock acquired by nodename 11863@fv-az151-48
2021-07-28 21:02:19,814 [pool-137-thread-1] INFO  storage.RaftStorage (RaftStorageImpl.java:format(89)) - Storage directory /home/runner/work/ozone/ozone/mnt/ozone/hadoop-ozone/integration-test/target/test-dir/MiniOzoneClusterImpl-78c7c17c-5238-474f-b89e-7e5468740183/datanode-2/data/ratis/3f1bb2a1-9cb8-45f5-9dfe-ded3473bb816 has been successfully formatted.
2021-07-28 21:02:19,815 [pool-137-thread-1] INFO  ratis.ContainerStateMachine (ContainerStateMachine.java:loadSnapshot(223)) - group-DED3473BB816: The snapshot info is null. Setting the last applied indexto:(t:0, i:~)
2021-07-28 21:02:19,815 [pool-137-thread-1] INFO  server.RaftServerConfigKeys (ConfUtils.java:logGet(44)) - raft.server.notification.no-leader.timeout = 300s (custom)
2021-07-28 21:02:19,815 [pool-137-thread-1] INFO  server.RaftServerConfigKeys (ConfUtils.java:logGet(44)) - raft.server.log.use.memory = false (default)
2021-07-28 21:02:19,816 [pool-137-thread-1] INFO  server.RaftServerConfigKeys (ConfUtils.java:logGet(44)) - raft.server.log.purge.gap = 1000000 (custom)
2021-07-28 21:02:19,820 [pool-137-thread-1] INFO  server.RaftServerConfigKeys (ConfUtils.java:logGet(44)) - raft.server.log.appender.buffer.byte-limit = 33554432 (custom)
2021-07-28 21:02:19,820 [pool-137-thread-1] INFO  server.RaftServerConfigKeys (ConfUtils.java:logGet(44)) - raft.server.log.segment.size.max = 1048576 (custom)
2021-07-28 21:02:19,818 [EventQueue-PipelineReportForPipelineReportHandler] INFO  pipeline.PipelineManagerV2Impl (PipelineManagerV2Impl.java:openPipeline(283)) - Pipeline Pipeline[ Id: 3f1bb2a1-9cb8-45f5-9dfe-ded3473bb816, Nodes: 1c1a15f6-b9e2-4fe7-bd0e-049086cdca18{ip: 127.0.0.1, host: localhost, ports: [REPLICATION=44009, RATIS=36645, RATIS_ADMIN=36645, RATIS_SERVER=36645, STANDALONE=43711], networkLocation: /default-rack, certSerialId: null, persistedOpState: IN_SERVICE, persistedOpStateExpiryEpochSec: 0}, ReplicationConfig: RATIS/ONE, State:ALLOCATED, leaderId:1c1a15f6-b9e2-4fe7-bd0e-049086cdca18, CreationTimestamp2021-07-28T21:02:16.815Z[Etc/UTC]] moved to OPEN state
2021-07-28 21:02:19,820 [pool-137-thread-1] INFO  server.RaftServerConfigKeys (ConfUtils.java:logGet(44)) - raft.server.log.segment.cache.num.max = 2 (custom)
2021-07-28 21:02:19,822 [pool-137-thread-1] INFO  server.RaftServerConfigKeys (ConfUtils.java:logGet(44)) - raft.server.log.segment.cache.size.max = 200MB (=209715200) (default)
2021-07-28 21:02:19,822 [pool-137-thread-1] INFO  segmented.SegmentedRaftLogWorker (SegmentedRaftLogWorker.java:<init>(182)) - new 1c1a15f6-b9e2-4fe7-bd0e-049086cdca18@group-DED3473BB816-SegmentedRaftLogWorker for RaftStorageImpl:Storage Directory /home/runner/work/ozone/ozone/mnt/ozone/hadoop-ozone/integration-test/target/test-dir/MiniOzoneClusterImpl-78c7c17c-5238-474f-b89e-7e5468740183/datanode-2/data/ratis/3f1bb2a1-9cb8-45f5-9dfe-ded3473bb816
2021-07-28 21:02:19,823 [9f4ed4a1-d4cd-462e-b2c8-34d167a020c3@group-7E5468740183-StateMachineUpdater] INFO  safemode.HealthyPipelineSafeModeRule (HealthyPipelineSafeModeRule.java:initializeRule(152)) - Refreshed total pipeline count is 0, healthy pipeline threshold count is 1
2021-07-28 21:02:19,829 [EventQueue-PipelineReportForPipelineReportHandler] INFO  ha.SCMHAInvocationHandler (SCMHAInvocationHandler.java:invokeRatis(113)) - Invoking method public abstract void org.apache.hadoop.hdds.scm.pipeline.StateManager.updatePipelineState(org.apache.hadoop.hdds.protocol.proto.HddsProtos$PipelineID,org.apache.hadoop.hdds.protocol.proto.HddsProtos$PipelineState) throws java.io.IOException on target org.apache.hadoop.hdds.scm.ha.SCMRatisServerImpl@12ff6d7b, cost 8672.996us
2021-07-28 21:02:19,829 [EventQueue-OpenPipelineForHealthyPipelineSafeModeRule] INFO  safemode.SCMSafeModeManager (HealthyPipelineSafeModeRule.java:process(124)) - SCM in safe mode. Healthy pipelines reported count is 0, required healthy pipeline reported count is 1
2021-07-28 21:02:19,829 [pool-137-thread-1] INFO  server.RaftServerConfigKeys (ConfUtils.java:logGet(44)) - raft.server.log.queue.byte-limit = 2147483647 (custom)
2021-07-28 21:02:19,829 [pool-137-thread-1] INFO  server.RaftServerConfigKeys (ConfUtils.java:logGet(44)) - raft.server.log.queue.element-limit = 1024 (custom)
2021-07-28 21:02:19,830 [pool-137-thread-1] INFO  server.RaftServerConfigKeys (ConfUtils.java:logGet(44)) - raft.server.log.segment.size.max = 1048576 (custom)
2021-07-28 21:02:19,830 [pool-137-thread-1] INFO  server.RaftServerConfigKeys (ConfUtils.java:logGet(44)) - raft.server.log.preallocated.size = 16384 (custom)
2021-07-28 21:02:19,830 [pool-137-thread-1] INFO  server.RaftServerConfigKeys (ConfUtils.java:logGet(44)) - raft.server.log.force.sync.num = 128 (default)
2021-07-28 21:02:19,830 [pool-137-thread-1] INFO  server.RaftServerConfigKeys (ConfUtils.java:logGet(44)) - raft.server.log.statemachine.data.sync = true (default)
2021-07-28 21:02:19,830 [pool-137-thread-1] INFO  server.RaftServerConfigKeys (ConfUtils.java:logGet(44)) - raft.server.log.statemachine.data.sync.timeout = 10s (default)
2021-07-28 21:02:19,830 [pool-137-thread-1] INFO  server.RaftServerConfigKeys (ConfUtils.java:logGet(44)) - raft.server.log.statemachine.data.sync.timeout.retry = -1 (default)
2021-07-28 21:02:19,831 [pool-137-thread-1] INFO  server.RaftServerConfigKeys (ConfUtils.java:logGet(44)) - raft.server.log.write.buffer.size = 1048576 (custom)
2021-07-28 21:02:19,832 [pool-137-thread-1] INFO  server.RaftServerConfigKeys (ConfUtils.java:logGet(44)) - raft.server.log.statemachine.data.caching.enabled = true (custom)
2021-07-28 21:02:19,832 [pool-137-thread-1] INFO  segmented.SegmentedRaftLogWorker (SegmentedRaftLogWorker.java:lambda$new$0(133)) - 1c1a15f6-b9e2-4fe7-bd0e-049086cdca18@group-DED3473BB816-SegmentedRaftLogWorker: flushIndex: setUnconditionally 0 -> -1
2021-07-28 21:02:19,832 [pool-137-thread-1] INFO  segmented.SegmentedRaftLogWorker (SegmentedRaftLogWorker.java:lambda$new$0(133)) - 1c1a15f6-b9e2-4fe7-bd0e-049086cdca18@group-DED3473BB816-SegmentedRaftLogWorker: safeCacheEvictIndex: setUnconditionally 0 -> -1
2021-07-28 21:02:19,832 [pool-137-thread-1] INFO  server.RaftServerConfigKeys (ConfUtils.java:logGet(44)) - raft.server.snapshot.auto.trigger.enabled = true (custom)
2021-07-28 21:02:19,832 [pool-137-thread-1] INFO  server.RaftServerConfigKeys (ConfUtils.java:logGet(44)) - raft.server.snapshot.auto.trigger.threshold = 10000 (custom)
2021-07-28 21:02:19,832 [pool-137-thread-1] INFO  server.RaftServerConfigKeys (ConfUtils.java:logGet(44)) - raft.server.snapshot.retention.file.num = 5 (custom)
2021-07-28 21:02:19,832 [pool-137-thread-1] INFO  server.RaftServerConfigKeys (ConfUtils.java:logGet(44)) - raft.server.log.purge.upto.snapshot.index = false (default)
2021-07-28 21:02:19,832 [pool-137-thread-1] INFO  server.RaftServerConfigKeys (ConfUtils.java:logGet(44)) - raft.server.retrycache.expirytime = 600000ms (custom)
2021-07-28 21:02:19,832 [pool-137-thread-1] INFO  server.RaftServerConfigKeys (ConfUtils.java:logGet(44)) - raft.server.retrycache.statistics.expirytime = 100μs (default)
2021-07-28 21:02:19,833 [pool-137-thread-1] INFO  server.RaftServer$Division (RaftServerImpl.java:start(296)) - 1c1a15f6-b9e2-4fe7-bd0e-049086cdca18@group-DED3473BB816: start as a follower, conf=-1: [1c1a15f6-b9e2-4fe7-bd0e-049086cdca18|rpc:127.0.0.1:36645|priority:1], old=null
2021-07-28 21:02:19,833 [pool-137-thread-1] INFO  server.RaftServer$Division (RaftServerImpl.java:setRole(285)) - 1c1a15f6-b9e2-4fe7-bd0e-049086cdca18@group-DED3473BB816: changes role from      null to FOLLOWER at term 0 for startAsFollower
2021-07-28 21:02:19,833 [pool-137-thread-1] INFO  impl.RoleInfo (RoleInfo.java:updateAndGet(130)) - 1c1a15f6-b9e2-4fe7-bd0e-049086cdca18: start 1c1a15f6-b9e2-4fe7-bd0e-049086cdca18@group-DED3473BB816-FollowerState
2021-07-28 21:02:19,834 [pool-137-thread-1] INFO  util.JmxRegister (JmxRegister.java:tryRegister(44)) - Successfully registered JMX Bean with object name Ratis:service=RaftServer,group=group-DED3473BB816,id=1c1a15f6-b9e2-4fe7-bd0e-049086cdca18
2021-07-28 21:02:19,837 [Command processor thread] INFO  ratis.XceiverServerRatis (XceiverServerRatis.java:addGroup(759)) - Created group PipelineID=3f1bb2a1-9cb8-45f5-9dfe-ded3473bb816
2021-07-28 21:02:19,837 [Command processor thread] INFO  commandhandler.CreatePipelineCommandHandler (CreatePipelineCommandHandler.java:handle(106)) - Created Pipeline RATIS ONE PipelineID=3f1bb2a1-9cb8-45f5-9dfe-ded3473bb816.
2021-07-28 21:02:20,798 [Listener at 127.0.0.1/11612] INFO  ozone.MiniOzoneClusterImpl (MiniOzoneClusterImpl.java:lambda$waitForClusterToBeReady$0(235)) - Nodes are ready. Got 3 of 3 DN Heartbeats.
2021-07-28 21:02:20,798 [Listener at 127.0.0.1/11612] INFO  ozone.MiniOzoneClusterImpl (MiniOzoneClusterImpl.java:lambda$waitForClusterToBeReady$0(238)) - Waiting for cluster to exit safe mode
2021-07-28 21:02:20,798 [Listener at 127.0.0.1/11612] INFO  ozone.MiniOzoneClusterImpl (MiniOzoneClusterImpl.java:lambda$waitForClusterToBeReady$0(240)) - SCM became leader
2021-07-28 21:02:21,798 [Listener at 127.0.0.1/11612] INFO  ozone.MiniOzoneClusterImpl (MiniOzoneClusterImpl.java:lambda$waitForClusterToBeReady$0(235)) - Nodes are ready. Got 3 of 3 DN Heartbeats.
2021-07-28 21:02:21,799 [Listener at 127.0.0.1/11612] INFO  ozone.MiniOzoneClusterImpl (MiniOzoneClusterImpl.java:lambda$waitForClusterToBeReady$0(238)) - Waiting for cluster to exit safe mode
2021-07-28 21:02:21,799 [Listener at 127.0.0.1/11612] INFO  ozone.MiniOzoneClusterImpl (MiniOzoneClusterImpl.java:lambda$waitForClusterToBeReady$0(240)) - SCM became leader
2021-07-28 21:02:22,799 [Listener at 127.0.0.1/11612] INFO  ozone.MiniOzoneClusterImpl (MiniOzoneClusterImpl.java:lambda$waitForClusterToBeReady$0(235)) - Nodes are ready. Got 3 of 3 DN Heartbeats.
2021-07-28 21:02:22,799 [Listener at 127.0.0.1/11612] INFO  ozone.MiniOzoneClusterImpl (MiniOzoneClusterImpl.java:lambda$waitForClusterToBeReady$0(238)) - Waiting for cluster to exit safe mode
2021-07-28 21:02:22,800 [Listener at 127.0.0.1/11612] INFO  ozone.MiniOzoneClusterImpl (MiniOzoneClusterImpl.java:lambda$waitForClusterToBeReady$0(240)) - SCM became leader
2021-07-28 21:02:23,800 [Listener at 127.0.0.1/11612] INFO  ozone.MiniOzoneClusterImpl (MiniOzoneClusterImpl.java:lambda$waitForClusterToBeReady$0(235)) - Nodes are ready. Got 3 of 3 DN Heartbeats.
2021-07-28 21:02:23,800 [Listener at 127.0.0.1/11612] INFO  ozone.MiniOzoneClusterImpl (MiniOzoneClusterImpl.java:lambda$waitForClusterToBeReady$0(238)) - Waiting for cluster to exit safe mode
2021-07-28 21:02:23,800 [Listener at 127.0.0.1/11612] INFO  ozone.MiniOzoneClusterImpl (MiniOzoneClusterImpl.java:lambda$waitForClusterToBeReady$0(240)) - SCM became leader
2021-07-28 21:02:24,428 [d76cbe35-1465-4027-b77e-516590b33ba3@group-765CB7123C7D-FollowerState] INFO  impl.FollowerState (FollowerState.java:run(134)) - d76cbe35-1465-4027-b77e-516590b33ba3@group-765CB7123C7D-FollowerState: change to CANDIDATE, lastRpcElapsedTime:5048597131ns, electionTimeout:5041ms
2021-07-28 21:02:24,428 [d76cbe35-1465-4027-b77e-516590b33ba3@group-765CB7123C7D-FollowerState] INFO  impl.RoleInfo (RoleInfo.java:shutdownFollowerState(108)) - d76cbe35-1465-4027-b77e-516590b33ba3: shutdown d76cbe35-1465-4027-b77e-516590b33ba3@group-765CB7123C7D-FollowerState
2021-07-28 21:02:24,429 [d76cbe35-1465-4027-b77e-516590b33ba3@group-765CB7123C7D-FollowerState] INFO  server.RaftServer$Division (RaftServerImpl.java:setRole(285)) - d76cbe35-1465-4027-b77e-516590b33ba3@group-765CB7123C7D: changes role from  FOLLOWER to CANDIDATE at term 0 for changeToCandidate
2021-07-28 21:02:24,429 [d76cbe35-1465-4027-b77e-516590b33ba3@group-765CB7123C7D-FollowerState] INFO  server.RaftServerConfigKeys (ConfUtils.java:logGet(44)) - raft.server.leaderelection.pre-vote = false (custom)
2021-07-28 21:02:24,429 [d76cbe35-1465-4027-b77e-516590b33ba3@group-765CB7123C7D-FollowerState] INFO  impl.RoleInfo (RoleInfo.java:updateAndGet(130)) - d76cbe35-1465-4027-b77e-516590b33ba3: start d76cbe35-1465-4027-b77e-516590b33ba3@group-765CB7123C7D-LeaderElection5
2021-07-28 21:02:24,438 [d76cbe35-1465-4027-b77e-516590b33ba3@group-765CB7123C7D-LeaderElection5] INFO  impl.LeaderElection (LeaderElection.java:askForVotes(306)) - d76cbe35-1465-4027-b77e-516590b33ba3@group-765CB7123C7D-LeaderElection5 ELECTION round 0: submit vote requests at term 1 for -1: [d76cbe35-1465-4027-b77e-516590b33ba3|rpc:127.0.0.1:33679|priority:1], old=null
2021-07-28 21:02:24,438 [d76cbe35-1465-4027-b77e-516590b33ba3@group-765CB7123C7D-LeaderElection5] INFO  impl.LeaderElection (LeaderElection.java:askForVotes(308)) - d76cbe35-1465-4027-b77e-516590b33ba3@group-765CB7123C7D-LeaderElection5 ELECTION round 0: result PASSED (term=1)
2021-07-28 21:02:24,438 [d76cbe35-1465-4027-b77e-516590b33ba3@group-765CB7123C7D-LeaderElection5] INFO  impl.RoleInfo (RoleInfo.java:shutdownLeaderElection(121)) - d76cbe35-1465-4027-b77e-516590b33ba3: shutdown d76cbe35-1465-4027-b77e-516590b33ba3@group-765CB7123C7D-LeaderElection5
2021-07-28 21:02:24,438 [d76cbe35-1465-4027-b77e-516590b33ba3@group-765CB7123C7D-LeaderElection5] INFO  server.RaftServer$Division (RaftServerImpl.java:setRole(285)) - d76cbe35-1465-4027-b77e-516590b33ba3@group-765CB7123C7D: changes role from CANDIDATE to LEADER at term 1 for changeToLeader
2021-07-28 21:02:24,439 [d76cbe35-1465-4027-b77e-516590b33ba3@group-765CB7123C7D-LeaderElection5] INFO  ratis.XceiverServerRatis (XceiverServerRatis.java:handleLeaderChangedNotification(857)) - Leader change notification received for group: group-765CB7123C7D with new leaderId: d76cbe35-1465-4027-b77e-516590b33ba3
2021-07-28 21:02:24,439 [Datanode State Machine Thread - 0] WARN  statemachine.StateContext (StateContext.java:execute(621)) - No available thread in pool for past 1 seconds.
2021-07-28 21:02:24,439 [d76cbe35-1465-4027-b77e-516590b33ba3@group-765CB7123C7D-LeaderElection5] INFO  server.RaftServer$Division (ServerState.java:setLeader(285)) - d76cbe35-1465-4027-b77e-516590b33ba3@group-765CB7123C7D: change Leader from null to d76cbe35-1465-4027-b77e-516590b33ba3 at term 1 for becomeLeader, leader elected after 5082ms
2021-07-28 21:02:24,439 [d76cbe35-1465-4027-b77e-516590b33ba3@group-765CB7123C7D-LeaderElection5] INFO  server.RaftServerConfigKeys (ConfUtils.java:logGet(44)) - raft.server.staging.catchup.gap = 1000 (default)
2021-07-28 21:02:24,440 [d76cbe35-1465-4027-b77e-516590b33ba3@group-765CB7123C7D-LeaderElection5] INFO  server.RaftServerConfigKeys (ConfUtils.java:logGet(44)) - raft.server.write.element-limit = 1024 (custom)
2021-07-28 21:02:24,440 [d76cbe35-1465-4027-b77e-516590b33ba3@group-765CB7123C7D-LeaderElection5] INFO  server.RaftServerConfigKeys (ConfUtils.java:logGet(44)) - raft.server.write.byte-limit = 1073741824 (custom)
2021-07-28 21:02:24,441 [EventQueue-OpenPipelineForHealthyPipelineSafeModeRule] INFO  safemode.SCMSafeModeManager (HealthyPipelineSafeModeRule.java:process(124)) - SCM in safe mode. Healthy pipelines reported count is 0, required healthy pipeline reported count is 1
2021-07-28 21:02:24,441 [d76cbe35-1465-4027-b77e-516590b33ba3@group-765CB7123C7D-LeaderElection5] INFO  server.RaftServerConfigKeys (ConfUtils.java:logGet(44)) - raft.server.watch.timeout = 180s (custom)
2021-07-28 21:02:24,441 [d76cbe35-1465-4027-b77e-516590b33ba3@group-765CB7123C7D-LeaderElection5] INFO  server.RaftServerConfigKeys (ConfUtils.java:logGet(44)) - raft.server.watch.timeout.denomination = 1s (default)
2021-07-28 21:02:24,441 [d76cbe35-1465-4027-b77e-516590b33ba3@group-765CB7123C7D-LeaderElection5] INFO  server.RaftServerConfigKeys (ConfUtils.java:logGet(44)) - raft.server.watch.element-limit = 65536 (default)
2021-07-28 21:02:24,441 [d76cbe35-1465-4027-b77e-516590b33ba3@group-765CB7123C7D-LeaderElection5] INFO  impl.RoleInfo (RoleInfo.java:updateAndGet(130)) - d76cbe35-1465-4027-b77e-516590b33ba3: start d76cbe35-1465-4027-b77e-516590b33ba3@group-765CB7123C7D-LeaderStateImpl
2021-07-28 21:02:24,442 [d76cbe35-1465-4027-b77e-516590b33ba3@group-765CB7123C7D-LeaderElection5] INFO  segmented.SegmentedRaftLogWorker (SegmentedRaftLogWorker.java:startLogSegment(394)) - d76cbe35-1465-4027-b77e-516590b33ba3@group-765CB7123C7D-SegmentedRaftLogWorker: Starting segment from index:0
2021-07-28 21:02:24,444 [d76cbe35-1465-4027-b77e-516590b33ba3@group-765CB7123C7D-SegmentedRaftLogWorker] INFO  segmented.SegmentedRaftLogWorker (SegmentedRaftLogWorker.java:execute(601)) - d76cbe35-1465-4027-b77e-516590b33ba3@group-765CB7123C7D-SegmentedRaftLogWorker: created new log segment /home/runner/work/ozone/ozone/mnt/ozone/hadoop-ozone/integration-test/target/test-dir/MiniOzoneClusterImpl-78c7c17c-5238-474f-b89e-7e5468740183/datanode-0/data/ratis/1e4e6a81-9076-48b4-b2e5-765cb7123c7d/current/log_inprogress_0
2021-07-28 21:02:24,444 [d76cbe35-1465-4027-b77e-516590b33ba3@group-765CB7123C7D-LeaderElection5] INFO  server.RaftServer$Division (ServerState.java:setRaftConf(387)) - d76cbe35-1465-4027-b77e-516590b33ba3@group-765CB7123C7D: set configuration 0: [d76cbe35-1465-4027-b77e-516590b33ba3|rpc:127.0.0.1:33679|dataStream:|priority:1], old=null
2021-07-28 21:02:24,476 [d76cbe35-1465-4027-b77e-516590b33ba3@group-ACD1D8B65187-FollowerState] INFO  impl.FollowerState (FollowerState.java:run(134)) - d76cbe35-1465-4027-b77e-516590b33ba3@group-ACD1D8B65187-FollowerState: change to CANDIDATE, lastRpcElapsedTime:5053463107ns, electionTimeout:5051ms
2021-07-28 21:02:24,477 [d76cbe35-1465-4027-b77e-516590b33ba3@group-ACD1D8B65187-FollowerState] INFO  impl.RoleInfo (RoleInfo.java:shutdownFollowerState(108)) - d76cbe35-1465-4027-b77e-516590b33ba3: shutdown d76cbe35-1465-4027-b77e-516590b33ba3@group-ACD1D8B65187-FollowerState
2021-07-28 21:02:24,478 [d76cbe35-1465-4027-b77e-516590b33ba3@group-ACD1D8B65187-FollowerState] INFO  server.RaftServer$Division (RaftServerImpl.java:setRole(285)) - d76cbe35-1465-4027-b77e-516590b33ba3@group-ACD1D8B65187: changes role from  FOLLOWER to CANDIDATE at term 0 for changeToCandidate
2021-07-28 21:02:24,478 [d76cbe35-1465-4027-b77e-516590b33ba3@group-ACD1D8B65187-FollowerState] INFO  server.RaftServerConfigKeys (ConfUtils.java:logGet(44)) - raft.server.leaderelection.pre-vote = false (custom)
2021-07-28 21:02:24,478 [d76cbe35-1465-4027-b77e-516590b33ba3@group-ACD1D8B65187-FollowerState] INFO  impl.RoleInfo (RoleInfo.java:updateAndGet(130)) - d76cbe35-1465-4027-b77e-516590b33ba3: start d76cbe35-1465-4027-b77e-516590b33ba3@group-ACD1D8B65187-LeaderElection6
2021-07-28 21:02:24,481 [d76cbe35-1465-4027-b77e-516590b33ba3@group-ACD1D8B65187-LeaderElection6] INFO  impl.LeaderElection (LeaderElection.java:askForVotes(306)) - d76cbe35-1465-4027-b77e-516590b33ba3@group-ACD1D8B65187-LeaderElection6 ELECTION round 0: submit vote requests at term 1 for -1: [1c1a15f6-b9e2-4fe7-bd0e-049086cdca18|rpc:127.0.0.1:36645|priority:0, 8ca710da-f90c-4f5c-8e20-a506923d7d86|rpc:127.0.0.1:44271|priority:0, d76cbe35-1465-4027-b77e-516590b33ba3|rpc:127.0.0.1:33679|priority:1], old=null
2021-07-28 21:02:24,503 [grpc-default-executor-3] INFO  server.RaftServer$Division (RaftServerImpl.java:requestVote(1043)) - 1c1a15f6-b9e2-4fe7-bd0e-049086cdca18@group-ACD1D8B65187: receive requestVote(ELECTION, d76cbe35-1465-4027-b77e-516590b33ba3, group-ACD1D8B65187, 1, (t:0, i:0))
2021-07-28 21:02:24,503 [grpc-default-executor-3] INFO  impl.VoteContext (VoteContext.java:log(48)) - 1c1a15f6-b9e2-4fe7-bd0e-049086cdca18@group-ACD1D8B65187-FOLLOWER: accept ELECTION from d76cbe35-1465-4027-b77e-516590b33ba3: our priority 0 <= candidate's priority 1
2021-07-28 21:02:24,503 [grpc-default-executor-3] INFO  server.RaftServer$Division (RaftServerImpl.java:setRole(285)) - 1c1a15f6-b9e2-4fe7-bd0e-049086cdca18@group-ACD1D8B65187: changes role from  FOLLOWER to FOLLOWER at term 1 for candidate:d76cbe35-1465-4027-b77e-516590b33ba3
2021-07-28 21:02:24,503 [grpc-default-executor-3] INFO  impl.RoleInfo (RoleInfo.java:shutdownFollowerState(108)) - 1c1a15f6-b9e2-4fe7-bd0e-049086cdca18: shutdown 1c1a15f6-b9e2-4fe7-bd0e-049086cdca18@group-ACD1D8B65187-FollowerState
2021-07-28 21:02:24,503 [grpc-default-executor-3] INFO  impl.RoleInfo (RoleInfo.java:updateAndGet(130)) - 1c1a15f6-b9e2-4fe7-bd0e-049086cdca18: start 1c1a15f6-b9e2-4fe7-bd0e-049086cdca18@group-ACD1D8B65187-FollowerState
2021-07-28 21:02:24,503 [1c1a15f6-b9e2-4fe7-bd0e-049086cdca18@group-ACD1D8B65187-FollowerState] INFO  impl.FollowerState (FollowerState.java:run(143)) - 1c1a15f6-b9e2-4fe7-bd0e-049086cdca18@group-ACD1D8B65187-FollowerState was interrupted: {}
java.lang.InterruptedException: sleep interrupted
	at java.lang.Thread.sleep(Native Method)
	at java.lang.Thread.sleep(Thread.java:340)
	at java.util.concurrent.TimeUnit.sleep(TimeUnit.java:386)
	at org.apache.ratis.util.TimeDuration.sleep(TimeDuration.java:324)
	at org.apache.ratis.util.TimeDuration.sleep(TimeDuration.java:309)
	at org.apache.ratis.server.impl.FollowerState.run(FollowerState.java:118)
2021-07-28 21:02:24,513 [grpc-default-executor-3] INFO  server.RaftServer$Division (RaftServerImpl.java:requestVote(1075)) - 1c1a15f6-b9e2-4fe7-bd0e-049086cdca18@group-ACD1D8B65187 replies to ELECTION vote request: d76cbe35-1465-4027-b77e-516590b33ba3<-1c1a15f6-b9e2-4fe7-bd0e-049086cdca18#0:OK-t1. Peer's state: 1c1a15f6-b9e2-4fe7-bd0e-049086cdca18@group-ACD1D8B65187:t1, leader=null, voted=d76cbe35-1465-4027-b77e-516590b33ba3, raftlog=1c1a15f6-b9e2-4fe7-bd0e-049086cdca18@group-ACD1D8B65187-SegmentedRaftLog:OPENED:c-1,f-1,i0, conf=-1: [1c1a15f6-b9e2-4fe7-bd0e-049086cdca18|rpc:127.0.0.1:36645|dataStream:|priority:0, 8ca710da-f90c-4f5c-8e20-a506923d7d86|rpc:127.0.0.1:44271|dataStream:|priority:0, d76cbe35-1465-4027-b77e-516590b33ba3|rpc:127.0.0.1:33679|dataStream:|priority:1], old=null
2021-07-28 21:02:24,514 [grpc-default-executor-1] INFO  server.RaftServer$Division (RaftServerImpl.java:requestVote(1043)) - 8ca710da-f90c-4f5c-8e20-a506923d7d86@group-ACD1D8B65187: receive requestVote(ELECTION, d76cbe35-1465-4027-b77e-516590b33ba3, group-ACD1D8B65187, 1, (t:0, i:0))
2021-07-28 21:02:24,515 [grpc-default-executor-1] INFO  impl.VoteContext (VoteContext.java:log(48)) - 8ca710da-f90c-4f5c-8e20-a506923d7d86@group-ACD1D8B65187-FOLLOWER: accept ELECTION from d76cbe35-1465-4027-b77e-516590b33ba3: our priority 0 <= candidate's priority 1
2021-07-28 21:02:24,515 [grpc-default-executor-1] INFO  server.RaftServer$Division (RaftServerImpl.java:setRole(285)) - 8ca710da-f90c-4f5c-8e20-a506923d7d86@group-ACD1D8B65187: changes role from  FOLLOWER to FOLLOWER at term 1 for candidate:d76cbe35-1465-4027-b77e-516590b33ba3
2021-07-28 21:02:24,515 [grpc-default-executor-1] INFO  impl.RoleInfo (RoleInfo.java:shutdownFollowerState(108)) - 8ca710da-f90c-4f5c-8e20-a506923d7d86: shutdown 8ca710da-f90c-4f5c-8e20-a506923d7d86@group-ACD1D8B65187-FollowerState
2021-07-28 21:02:24,515 [grpc-default-executor-1] INFO  impl.RoleInfo (RoleInfo.java:updateAndGet(130)) - 8ca710da-f90c-4f5c-8e20-a506923d7d86: start 8ca710da-f90c-4f5c-8e20-a506923d7d86@group-ACD1D8B65187-FollowerState
2021-07-28 21:02:24,515 [8ca710da-f90c-4f5c-8e20-a506923d7d86@group-ACD1D8B65187-FollowerState] INFO  impl.FollowerState (FollowerState.java:run(143)) - 8ca710da-f90c-4f5c-8e20-a506923d7d86@group-ACD1D8B65187-FollowerState was interrupted: {}
java.lang.InterruptedException: sleep interrupted
	at java.lang.Thread.sleep(Native Method)
	at java.lang.Thread.sleep(Thread.java:340)
	at java.util.concurrent.TimeUnit.sleep(TimeUnit.java:386)
	at org.apache.ratis.util.TimeDuration.sleep(TimeDuration.java:324)
	at org.apache.ratis.util.TimeDuration.sleep(TimeDuration.java:309)
	at org.apache.ratis.server.impl.FollowerState.run(FollowerState.java:118)
2021-07-28 21:02:24,521 [d76cbe35-1465-4027-b77e-516590b33ba3@group-ACD1D8B65187-LeaderElection6] INFO  impl.LeaderElection (LeaderElection.java:logAndReturn(89)) - d76cbe35-1465-4027-b77e-516590b33ba3@group-ACD1D8B65187-LeaderElection6: ELECTION PASSED received 1 response(s) and 0 exception(s):
2021-07-28 21:02:24,521 [d76cbe35-1465-4027-b77e-516590b33ba3@group-ACD1D8B65187-LeaderElection6] INFO  impl.LeaderElection (LeaderElection.java:logAndReturn(93)) -   Response 0: d76cbe35-1465-4027-b77e-516590b33ba3<-1c1a15f6-b9e2-4fe7-bd0e-049086cdca18#0:OK-t1
2021-07-28 21:02:24,521 [d76cbe35-1465-4027-b77e-516590b33ba3@group-ACD1D8B65187-LeaderElection6] INFO  impl.LeaderElection (LeaderElection.java:askForVotes(308)) - d76cbe35-1465-4027-b77e-516590b33ba3@group-ACD1D8B65187-LeaderElection6 ELECTION round 0: result PASSED
2021-07-28 21:02:24,521 [d76cbe35-1465-4027-b77e-516590b33ba3@group-ACD1D8B65187-LeaderElection6] INFO  impl.RoleInfo (RoleInfo.java:shutdownLeaderElection(121)) - d76cbe35-1465-4027-b77e-516590b33ba3: shutdown d76cbe35-1465-4027-b77e-516590b33ba3@group-ACD1D8B65187-LeaderElection6
2021-07-28 21:02:24,521 [d76cbe35-1465-4027-b77e-516590b33ba3@group-ACD1D8B65187-LeaderElection6] INFO  server.RaftServer$Division (RaftServerImpl.java:setRole(285)) - d76cbe35-1465-4027-b77e-516590b33ba3@group-ACD1D8B65187: changes role from CANDIDATE to LEADER at term 1 for changeToLeader
2021-07-28 21:02:24,521 [d76cbe35-1465-4027-b77e-516590b33ba3@group-ACD1D8B65187-LeaderElection6] INFO  ratis.XceiverServerRatis (XceiverServerRatis.java:handleLeaderChangedNotification(857)) - Leader change notification received for group: group-ACD1D8B65187 with new leaderId: d76cbe35-1465-4027-b77e-516590b33ba3
2021-07-28 21:02:24,521 [d76cbe35-1465-4027-b77e-516590b33ba3@group-ACD1D8B65187-LeaderElection6] INFO  server.RaftServer$Division (ServerState.java:setLeader(285)) - d76cbe35-1465-4027-b77e-516590b33ba3@group-ACD1D8B65187: change Leader from null to d76cbe35-1465-4027-b77e-516590b33ba3 at term 1 for becomeLeader, leader elected after 5105ms
2021-07-28 21:02:24,521 [d76cbe35-1465-4027-b77e-516590b33ba3@group-ACD1D8B65187-LeaderElection6] INFO  server.RaftServerConfigKeys (ConfUtils.java:logGet(44)) - raft.server.staging.catchup.gap = 1000 (default)
2021-07-28 21:02:24,522 [d76cbe35-1465-4027-b77e-516590b33ba3@group-ACD1D8B65187-LeaderElection6] INFO  server.RaftServerConfigKeys (ConfUtils.java:logGet(44)) - raft.server.write.element-limit = 1024 (custom)
2021-07-28 21:02:24,522 [d76cbe35-1465-4027-b77e-516590b33ba3@group-ACD1D8B65187-LeaderElection6] INFO  server.RaftServerConfigKeys (ConfUtils.java:logGet(44)) - raft.server.write.byte-limit = 1073741824 (custom)
2021-07-28 21:02:24,522 [d76cbe35-1465-4027-b77e-516590b33ba3@group-ACD1D8B65187-LeaderElection6] INFO  server.RaftServerConfigKeys (ConfUtils.java:logGet(44)) - raft.server.watch.timeout = 180s (custom)
2021-07-28 21:02:24,522 [d76cbe35-1465-4027-b77e-516590b33ba3@group-ACD1D8B65187-LeaderElection6] INFO  server.RaftServerConfigKeys (ConfUtils.java:logGet(44)) - raft.server.watch.timeout.denomination = 1s (default)
2021-07-28 21:02:24,522 [d76cbe35-1465-4027-b77e-516590b33ba3@group-ACD1D8B65187-LeaderElection6] INFO  server.RaftServerConfigKeys (ConfUtils.java:logGet(44)) - raft.server.watch.element-limit = 65536 (default)
2021-07-28 21:02:24,522 [d76cbe35-1465-4027-b77e-516590b33ba3@group-ACD1D8B65187-LeaderElection6] INFO  server.RaftServerConfigKeys (ConfUtils.java:logGet(44)) - raft.server.log.appender.snapshot.chunk.size.max = 16MB (=16777216) (default)
2021-07-28 21:02:24,522 [d76cbe35-1465-4027-b77e-516590b33ba3@group-ACD1D8B65187-LeaderElection6] INFO  server.RaftServerConfigKeys (ConfUtils.java:logGet(44)) - raft.server.log.appender.buffer.byte-limit = 33554432 (custom)
2021-07-28 21:02:24,522 [d76cbe35-1465-4027-b77e-516590b33ba3@group-ACD1D8B65187-LeaderElection6] INFO  server.RaftServerConfigKeys (ConfUtils.java:logGet(44)) - raft.server.log.appender.buffer.element-limit = 1 (custom)
2021-07-28 21:02:24,523 [d76cbe35-1465-4027-b77e-516590b33ba3@group-ACD1D8B65187-LeaderElection6] INFO  grpc.GrpcConfigKeys (ConfUtils.java:logGet(44)) - raft.grpc.server.leader.outstanding.appends.max = 128 (default)
2021-07-28 21:02:24,523 [d76cbe35-1465-4027-b77e-516590b33ba3@group-ACD1D8B65187-LeaderElection6] INFO  server.RaftServerConfigKeys (ConfUtils.java:logGet(44)) - raft.server.rpc.request.timeout = 60s (custom)
2021-07-28 21:02:24,523 [d76cbe35-1465-4027-b77e-516590b33ba3@group-ACD1D8B65187-LeaderElection6] INFO  server.RaftServerConfigKeys (ConfUtils.java:logGet(44)) - raft.server.log.appender.install.snapshot.enabled = false (custom)
2021-07-28 21:02:24,524 [Datanode State Machine Thread - 0] WARN  statemachine.StateContext (StateContext.java:execute(621)) - No available thread in pool for past 1 seconds.
2021-07-28 21:02:24,524 [d76cbe35-1465-4027-b77e-516590b33ba3@group-ACD1D8B65187-LeaderElection6] INFO  server.RaftServerConfigKeys (ConfUtils.java:logGet(44)) - raft.server.log.appender.snapshot.chunk.size.max = 16MB (=16777216) (default)
2021-07-28 21:02:24,524 [d76cbe35-1465-4027-b77e-516590b33ba3@group-ACD1D8B65187-LeaderElection6] INFO  server.RaftServerConfigKeys (ConfUtils.java:logGet(44)) - raft.server.log.appender.buffer.byte-limit = 33554432 (custom)
2021-07-28 21:02:24,525 [d76cbe35-1465-4027-b77e-516590b33ba3@group-ACD1D8B65187-LeaderElection6] INFO  server.RaftServerConfigKeys (ConfUtils.java:logGet(44)) - raft.server.log.appender.buffer.element-limit = 1 (custom)
2021-07-28 21:02:24,525 [d76cbe35-1465-4027-b77e-516590b33ba3@group-ACD1D8B65187-LeaderElection6] INFO  grpc.GrpcConfigKeys (ConfUtils.java:logGet(44)) - raft.grpc.server.leader.outstanding.appends.max = 128 (default)
2021-07-28 21:02:24,525 [d76cbe35-1465-4027-b77e-516590b33ba3@group-ACD1D8B65187-LeaderElection6] INFO  server.RaftServerConfigKeys (ConfUtils.java:logGet(44)) - raft.server.rpc.request.timeout = 60s (custom)
2021-07-28 21:02:24,525 [d76cbe35-1465-4027-b77e-516590b33ba3@group-ACD1D8B65187-LeaderElection6] INFO  server.RaftServerConfigKeys (ConfUtils.java:logGet(44)) - raft.server.log.appender.install.snapshot.enabled = false (custom)
2021-07-28 21:02:24,525 [d76cbe35-1465-4027-b77e-516590b33ba3@group-ACD1D8B65187-LeaderElection6] INFO  impl.RoleInfo (RoleInfo.java:updateAndGet(130)) - d76cbe35-1465-4027-b77e-516590b33ba3: start d76cbe35-1465-4027-b77e-516590b33ba3@group-ACD1D8B65187-LeaderStateImpl
2021-07-28 21:02:24,526 [d76cbe35-1465-4027-b77e-516590b33ba3@group-ACD1D8B65187-LeaderElection6] INFO  segmented.SegmentedRaftLogWorker (SegmentedRaftLogWorker.java:startLogSegment(394)) - d76cbe35-1465-4027-b77e-516590b33ba3@group-ACD1D8B65187-SegmentedRaftLogWorker: Starting segment from index:0
2021-07-28 21:02:24,528 [d76cbe35-1465-4027-b77e-516590b33ba3@group-ACD1D8B65187-SegmentedRaftLogWorker] INFO  segmented.SegmentedRaftLogWorker (SegmentedRaftLogWorker.java:execute(601)) - d76cbe35-1465-4027-b77e-516590b33ba3@group-ACD1D8B65187-SegmentedRaftLogWorker: created new log segment /home/runner/work/ozone/ozone/mnt/ozone/hadoop-ozone/integration-test/target/test-dir/MiniOzoneClusterImpl-78c7c17c-5238-474f-b89e-7e5468740183/datanode-0/data/ratis/5350f93b-9e88-4f26-9f2e-acd1d8b65187/current/log_inprogress_0
2021-07-28 21:02:24,544 [EventQueue-PipelineReportForPipelineReportHandler] INFO  pipeline.PipelineManagerV2Impl (PipelineManagerV2Impl.java:openPipeline(283)) - Pipeline Pipeline[ Id: 5350f93b-9e88-4f26-9f2e-acd1d8b65187, Nodes: 1c1a15f6-b9e2-4fe7-bd0e-049086cdca18{ip: 127.0.0.1, host: localhost, ports: [REPLICATION=44009, RATIS=36645, RATIS_ADMIN=36645, RATIS_SERVER=36645, STANDALONE=43711], networkLocation: /default-rack, certSerialId: null, persistedOpState: IN_SERVICE, persistedOpStateExpiryEpochSec: 0}d76cbe35-1465-4027-b77e-516590b33ba3{ip: 127.0.0.1, host: localhost, ports: [REPLICATION=43569, RATIS=33679, RATIS_ADMIN=33679, RATIS_SERVER=33679, STANDALONE=46735], networkLocation: /default-rack, certSerialId: null, persistedOpState: IN_SERVICE, persistedOpStateExpiryEpochSec: 0}8ca710da-f90c-4f5c-8e20-a506923d7d86{ip: 127.0.0.1, host: localhost, ports: [REPLICATION=35827, RATIS=44271, RATIS_ADMIN=44271, RATIS_SERVER=44271, STANDALONE=41275], networkLocation: /default-rack, certSerialId: null, persistedOpState: IN_SERVICE, persistedOpStateExpiryEpochSec: 0}, ReplicationConfig: RATIS/THREE, State:ALLOCATED, leaderId:d76cbe35-1465-4027-b77e-516590b33ba3, CreationTimestamp2021-07-28T21:02:16.822Z[Etc/UTC]] moved to OPEN state
2021-07-28 21:02:24,549 [d76cbe35-1465-4027-b77e-516590b33ba3@group-ACD1D8B65187-LeaderElection6] INFO  server.RaftServer$Division (ServerState.java:setRaftConf(387)) - d76cbe35-1465-4027-b77e-516590b33ba3@group-ACD1D8B65187: set configuration 0: [1c1a15f6-b9e2-4fe7-bd0e-049086cdca18|rpc:127.0.0.1:36645|dataStream:|priority:0, 8ca710da-f90c-4f5c-8e20-a506923d7d86|rpc:127.0.0.1:44271|dataStream:|priority:0, d76cbe35-1465-4027-b77e-516590b33ba3|rpc:127.0.0.1:33679|dataStream:|priority:1], old=null
2021-07-28 21:02:24,551 [EventQueue-OpenPipelineForHealthyPipelineSafeModeRule] INFO  safemode.SCMSafeModeManager (HealthyPipelineSafeModeRule.java:process(124)) - SCM in safe mode. Healthy pipelines reported count is 0, required healthy pipeline reported count is 1
2021-07-28 21:02:24,557 [grpc-default-executor-1] INFO  server.RaftServer$Division (RaftServerImpl.java:requestVote(1075)) - 8ca710da-f90c-4f5c-8e20-a506923d7d86@group-ACD1D8B65187 replies to ELECTION vote request: d76cbe35-1465-4027-b77e-516590b33ba3<-8ca710da-f90c-4f5c-8e20-a506923d7d86#0:OK-t1. Peer's state: 8ca710da-f90c-4f5c-8e20-a506923d7d86@group-ACD1D8B65187:t1, leader=null, voted=d76cbe35-1465-4027-b77e-516590b33ba3, raftlog=8ca710da-f90c-4f5c-8e20-a506923d7d86@group-ACD1D8B65187-SegmentedRaftLog:OPENED:c-1,f-1,i0, conf=-1: [1c1a15f6-b9e2-4fe7-bd0e-049086cdca18|rpc:127.0.0.1:36645|dataStream:|priority:0, 8ca710da-f90c-4f5c-8e20-a506923d7d86|rpc:127.0.0.1:44271|dataStream:|priority:0, d76cbe35-1465-4027-b77e-516590b33ba3|rpc:127.0.0.1:33679|dataStream:|priority:1], old=null
2021-07-28 21:02:24,561 [9f4ed4a1-d4cd-462e-b2c8-34d167a020c3@group-7E5468740183-StateMachineUpdater] INFO  safemode.HealthyPipelineSafeModeRule (HealthyPipelineSafeModeRule.java:initializeRule(152)) - Refreshed total pipeline count is 1, healthy pipeline threshold count is 1
2021-07-28 21:02:24,562 [grpc-default-executor-0] INFO  ratis.XceiverServerRatis (XceiverServerRatis.java:handleLeaderChangedNotification(857)) - Leader change notification received for group: group-ACD1D8B65187 with new leaderId: d76cbe35-1465-4027-b77e-516590b33ba3
2021-07-28 21:02:24,568 [grpc-default-executor-0] INFO  server.RaftServer$Division (ServerState.java:setLeader(285)) - 8ca710da-f90c-4f5c-8e20-a506923d7d86@group-ACD1D8B65187: change Leader from null to d76cbe35-1465-4027-b77e-516590b33ba3 at term 1 for appendEntries, leader elected after 4975ms
2021-07-28 21:02:24,570 [EventQueue-PipelineReportForPipelineReportHandler] INFO  ha.SCMHAInvocationHandler (SCMHAInvocationHandler.java:invokeRatis(113)) - Invoking method public abstract void org.apache.hadoop.hdds.scm.pipeline.StateManager.updatePipelineState(org.apache.hadoop.hdds.protocol.proto.HddsProtos$PipelineID,org.apache.hadoop.hdds.protocol.proto.HddsProtos$PipelineState) throws java.io.IOException on target org.apache.hadoop.hdds.scm.ha.SCMRatisServerImpl@12ff6d7b, cost 25762.072us
2021-07-28 21:02:24,570 [grpc-default-executor-3] INFO  ratis.XceiverServerRatis (XceiverServerRatis.java:handleLeaderChangedNotification(857)) - Leader change notification received for group: group-ACD1D8B65187 with new leaderId: d76cbe35-1465-4027-b77e-516590b33ba3
2021-07-28 21:02:24,570 [grpc-default-executor-3] INFO  server.RaftServer$Division (ServerState.java:setLeader(285)) - 1c1a15f6-b9e2-4fe7-bd0e-049086cdca18@group-ACD1D8B65187: change Leader from null to d76cbe35-1465-4027-b77e-516590b33ba3 at term 1 for appendEntries, leader elected after 5072ms
2021-07-28 21:02:24,570 [EventQueue-OpenPipelineForHealthyPipelineSafeModeRule] INFO  safemode.SCMSafeModeManager (HealthyPipelineSafeModeRule.java:process(124)) - SCM in safe mode. Healthy pipelines reported count is 1, required healthy pipeline reported count is 1
2021-07-28 21:02:24,570 [EventQueue-OpenPipelineForHealthyPipelineSafeModeRule] INFO  safemode.SCMSafeModeManager (SCMSafeModeManager.java:validateSafeModeExitRules(204)) - HealthyPipelineSafeModeRule rule is successfully validated
2021-07-28 21:02:24,570 [EventQueue-OpenPipelineForHealthyPipelineSafeModeRule] INFO  safemode.SCMSafeModeManager (SCMSafeModeManager.java:validateSafeModeExitRules(219)) - ScmSafeModeManager, all rules are successfully validated
2021-07-28 21:02:24,570 [EventQueue-OpenPipelineForHealthyPipelineSafeModeRule] INFO  safemode.SCMSafeModeManager (SCMSafeModeManager.java:exitSafeMode(248)) - SCM exiting safe mode.
2021-07-28 21:02:24,574 [grpc-default-executor-0] INFO  server.RaftServer$Division (ServerState.java:setRaftConf(387)) - 8ca710da-f90c-4f5c-8e20-a506923d7d86@group-ACD1D8B65187: set configuration 0: [1c1a15f6-b9e2-4fe7-bd0e-049086cdca18|rpc:127.0.0.1:36645|dataStream:|priority:0, 8ca710da-f90c-4f5c-8e20-a506923d7d86|rpc:127.0.0.1:44271|dataStream:|priority:0, d76cbe35-1465-4027-b77e-516590b33ba3|rpc:127.0.0.1:33679|dataStream:|priority:1], old=null
2021-07-28 21:02:24,574 [grpc-default-executor-0] INFO  segmented.SegmentedRaftLogWorker (SegmentedRaftLogWorker.java:startLogSegment(394)) - 8ca710da-f90c-4f5c-8e20-a506923d7d86@group-ACD1D8B65187-SegmentedRaftLogWorker: Starting segment from index:0
2021-07-28 21:02:24,570 [EventQueue-OpenPipelineForHealthyPipelineSafeModeRule] WARN  events.EventQueue (EventQueue.java:fireEvent(194)) - No event handler registered for event TypedEvent{payloadType=SafeModeStatus, name='Safe mode status'}
2021-07-28 21:02:24,575 [EventQueue-OpenPipelineForHealthyPipelineSafeModeRule] INFO  ha.SCMContext (SCMContext.java:updateSafeModeStatus(205)) - Update SafeModeStatus from SafeModeStatus{safeModeStatus=true, preCheckPassed=true} to SafeModeStatus{safeModeStatus=false, preCheckPassed=true}.
2021-07-28 21:02:24,575 [EventQueue-OpenPipelineForHealthyPipelineSafeModeRule] INFO  container.ReplicationManager (ReplicationManager.java:notifyStatusChanged(1686)) - Service ReplicationManager transitions to RUNNING.
2021-07-28 21:02:24,575 [grpc-default-executor-3] INFO  server.RaftServer$Division (ServerState.java:setRaftConf(387)) - 1c1a15f6-b9e2-4fe7-bd0e-049086cdca18@group-ACD1D8B65187: set configuration 0: [1c1a15f6-b9e2-4fe7-bd0e-049086cdca18|rpc:127.0.0.1:36645|dataStream:|priority:0, 8ca710da-f90c-4f5c-8e20-a506923d7d86|rpc:127.0.0.1:44271|dataStream:|priority:0, d76cbe35-1465-4027-b77e-516590b33ba3|rpc:127.0.0.1:33679|dataStream:|priority:1], old=null
2021-07-28 21:02:24,577 [grpc-default-executor-3] INFO  segmented.SegmentedRaftLogWorker (SegmentedRaftLogWorker.java:startLogSegment(394)) - 1c1a15f6-b9e2-4fe7-bd0e-049086cdca18@group-ACD1D8B65187-SegmentedRaftLogWorker: Starting segment from index:0
2021-07-28 21:02:24,579 [1c1a15f6-b9e2-4fe7-bd0e-049086cdca18@group-ACD1D8B65187-SegmentedRaftLogWorker] INFO  segmented.SegmentedRaftLogWorker (SegmentedRaftLogWorker.java:execute(601)) - 1c1a15f6-b9e2-4fe7-bd0e-049086cdca18@group-ACD1D8B65187-SegmentedRaftLogWorker: created new log segment /home/runner/work/ozone/ozone/mnt/ozone/hadoop-ozone/integration-test/target/test-dir/MiniOzoneClusterImpl-78c7c17c-5238-474f-b89e-7e5468740183/datanode-2/data/ratis/5350f93b-9e88-4f26-9f2e-acd1d8b65187/current/log_inprogress_0
2021-07-28 21:02:24,579 [8ca710da-f90c-4f5c-8e20-a506923d7d86@group-ACD1D8B65187-SegmentedRaftLogWorker] INFO  segmented.SegmentedRaftLogWorker (SegmentedRaftLogWorker.java:execute(601)) - 8ca710da-f90c-4f5c-8e20-a506923d7d86@group-ACD1D8B65187-SegmentedRaftLogWorker: created new log segment /home/runner/work/ozone/ozone/mnt/ozone/hadoop-ozone/integration-test/target/test-dir/MiniOzoneClusterImpl-78c7c17c-5238-474f-b89e-7e5468740183/datanode-1/data/ratis/5350f93b-9e88-4f26-9f2e-acd1d8b65187/current/log_inprogress_0
2021-07-28 21:02:24,745 [8ca710da-f90c-4f5c-8e20-a506923d7d86@group-38FDFB7DAF8F-FollowerState] INFO  impl.FollowerState (FollowerState.java:run(134)) - 8ca710da-f90c-4f5c-8e20-a506923d7d86@group-38FDFB7DAF8F-FollowerState: change to CANDIDATE, lastRpcElapsedTime:5104682026ns, electionTimeout:5103ms
2021-07-28 21:02:24,747 [8ca710da-f90c-4f5c-8e20-a506923d7d86@group-38FDFB7DAF8F-FollowerState] INFO  impl.RoleInfo (RoleInfo.java:shutdownFollowerState(108)) - 8ca710da-f90c-4f5c-8e20-a506923d7d86: shutdown 8ca710da-f90c-4f5c-8e20-a506923d7d86@group-38FDFB7DAF8F-FollowerState
2021-07-28 21:02:24,747 [8ca710da-f90c-4f5c-8e20-a506923d7d86@group-38FDFB7DAF8F-FollowerState] INFO  server.RaftServer$Division (RaftServerImpl.java:setRole(285)) - 8ca710da-f90c-4f5c-8e20-a506923d7d86@group-38FDFB7DAF8F: changes role from  FOLLOWER to CANDIDATE at term 0 for changeToCandidate
2021-07-28 21:02:24,747 [8ca710da-f90c-4f5c-8e20-a506923d7d86@group-38FDFB7DAF8F-FollowerState] INFO  server.RaftServerConfigKeys (ConfUtils.java:logGet(44)) - raft.server.leaderelection.pre-vote = false (custom)
2021-07-28 21:02:24,747 [8ca710da-f90c-4f5c-8e20-a506923d7d86@group-38FDFB7DAF8F-FollowerState] INFO  impl.RoleInfo (RoleInfo.java:updateAndGet(130)) - 8ca710da-f90c-4f5c-8e20-a506923d7d86: start 8ca710da-f90c-4f5c-8e20-a506923d7d86@group-38FDFB7DAF8F-LeaderElection7
2021-07-28 21:02:24,752 [8ca710da-f90c-4f5c-8e20-a506923d7d86@group-38FDFB7DAF8F-LeaderElection7] INFO  impl.LeaderElection (LeaderElection.java:askForVotes(306)) - 8ca710da-f90c-4f5c-8e20-a506923d7d86@group-38FDFB7DAF8F-LeaderElection7 ELECTION round 0: submit vote requests at term 1 for -1: [8ca710da-f90c-4f5c-8e20-a506923d7d86|rpc:127.0.0.1:44271|priority:1], old=null
2021-07-28 21:02:24,753 [8ca710da-f90c-4f5c-8e20-a506923d7d86@group-38FDFB7DAF8F-LeaderElection7] INFO  impl.LeaderElection (LeaderElection.java:askForVotes(308)) - 8ca710da-f90c-4f5c-8e20-a506923d7d86@group-38FDFB7DAF8F-LeaderElection7 ELECTION round 0: result PASSED (term=1)
2021-07-28 21:02:24,753 [8ca710da-f90c-4f5c-8e20-a506923d7d86@group-38FDFB7DAF8F-LeaderElection7] INFO  impl.RoleInfo (RoleInfo.java:shutdownLeaderElection(121)) - 8ca710da-f90c-4f5c-8e20-a506923d7d86: shutdown 8ca710da-f90c-4f5c-8e20-a506923d7d86@group-38FDFB7DAF8F-LeaderElection7
2021-07-28 21:02:24,753 [8ca710da-f90c-4f5c-8e20-a506923d7d86@group-38FDFB7DAF8F-LeaderElection7] INFO  server.RaftServer$Division (RaftServerImpl.java:setRole(285)) - 8ca710da-f90c-4f5c-8e20-a506923d7d86@group-38FDFB7DAF8F: changes role from CANDIDATE to LEADER at term 1 for changeToLeader
2021-07-28 21:02:24,753 [8ca710da-f90c-4f5c-8e20-a506923d7d86@group-38FDFB7DAF8F-LeaderElection7] INFO  ratis.XceiverServerRatis (XceiverServerRatis.java:handleLeaderChangedNotification(857)) - Leader change notification received for group: group-38FDFB7DAF8F with new leaderId: 8ca710da-f90c-4f5c-8e20-a506923d7d86
2021-07-28 21:02:24,753 [8ca710da-f90c-4f5c-8e20-a506923d7d86@group-38FDFB7DAF8F-LeaderElection7] INFO  server.RaftServer$Division (ServerState.java:setLeader(285)) - 8ca710da-f90c-4f5c-8e20-a506923d7d86@group-38FDFB7DAF8F: change Leader from null to 8ca710da-f90c-4f5c-8e20-a506923d7d86 at term 1 for becomeLeader, leader elected after 5134ms
2021-07-28 21:02:24,753 [8ca710da-f90c-4f5c-8e20-a506923d7d86@group-38FDFB7DAF8F-LeaderElection7] INFO  server.RaftServerConfigKeys (ConfUtils.java:logGet(44)) - raft.server.staging.catchup.gap = 1000 (default)
2021-07-28 21:02:24,753 [Datanode State Machine Thread - 0] WARN  statemachine.StateContext (StateContext.java:execute(621)) - No available thread in pool for past 1 seconds.
2021-07-28 21:02:24,754 [8ca710da-f90c-4f5c-8e20-a506923d7d86@group-38FDFB7DAF8F-LeaderElection7] INFO  server.RaftServerConfigKeys (ConfUtils.java:logGet(44)) - raft.server.write.element-limit = 1024 (custom)
2021-07-28 21:02:24,755 [8ca710da-f90c-4f5c-8e20-a506923d7d86@group-38FDFB7DAF8F-LeaderElection7] INFO  server.RaftServerConfigKeys (ConfUtils.java:logGet(44)) - raft.server.write.byte-limit = 1073741824 (custom)
2021-07-28 21:02:24,756 [8ca710da-f90c-4f5c-8e20-a506923d7d86@group-38FDFB7DAF8F-LeaderElection7] INFO  server.RaftServerConfigKeys (ConfUtils.java:logGet(44)) - raft.server.watch.timeout = 180s (custom)
2021-07-28 21:02:24,756 [8ca710da-f90c-4f5c-8e20-a506923d7d86@group-38FDFB7DAF8F-LeaderElection7] INFO  server.RaftServerConfigKeys (ConfUtils.java:logGet(44)) - raft.server.watch.timeout.denomination = 1s (default)
2021-07-28 21:02:24,756 [8ca710da-f90c-4f5c-8e20-a506923d7d86@group-38FDFB7DAF8F-LeaderElection7] INFO  server.RaftServerConfigKeys (ConfUtils.java:logGet(44)) - raft.server.watch.element-limit = 65536 (default)
2021-07-28 21:02:24,756 [8ca710da-f90c-4f5c-8e20-a506923d7d86@group-38FDFB7DAF8F-LeaderElection7] INFO  impl.RoleInfo (RoleInfo.java:updateAndGet(130)) - 8ca710da-f90c-4f5c-8e20-a506923d7d86: start 8ca710da-f90c-4f5c-8e20-a506923d7d86@group-38FDFB7DAF8F-LeaderStateImpl
2021-07-28 21:02:24,756 [8ca710da-f90c-4f5c-8e20-a506923d7d86@group-38FDFB7DAF8F-LeaderElection7] INFO  segmented.SegmentedRaftLogWorker (SegmentedRaftLogWorker.java:startLogSegment(394)) - 8ca710da-f90c-4f5c-8e20-a506923d7d86@group-38FDFB7DAF8F-SegmentedRaftLogWorker: Starting segment from index:0
2021-07-28 21:02:24,758 [8ca710da-f90c-4f5c-8e20-a506923d7d86@group-38FDFB7DAF8F-SegmentedRaftLogWorker] INFO  segmented.SegmentedRaftLogWorker (SegmentedRaftLogWorker.java:execute(601)) - 8ca710da-f90c-4f5c-8e20-a506923d7d86@group-38FDFB7DAF8F-SegmentedRaftLogWorker: created new log segment /home/runner/work/ozone/ozone/mnt/ozone/hadoop-ozone/integration-test/target/test-dir/MiniOzoneClusterImpl-78c7c17c-5238-474f-b89e-7e5468740183/datanode-1/data/ratis/3edeb008-6d90-4397-ac3a-38fdfb7daf8f/current/log_inprogress_0
2021-07-28 21:02:24,763 [8ca710da-f90c-4f5c-8e20-a506923d7d86@group-38FDFB7DAF8F-LeaderElection7] INFO  server.RaftServer$Division (ServerState.java:setRaftConf(387)) - 8ca710da-f90c-4f5c-8e20-a506923d7d86@group-38FDFB7DAF8F: set configuration 0: [8ca710da-f90c-4f5c-8e20-a506923d7d86|rpc:127.0.0.1:44271|dataStream:|priority:1], old=null
2021-07-28 21:02:24,775 [d76cbe35-1465-4027-b77e-516590b33ba3@group-82557DB05F40-FollowerState] INFO  impl.FollowerState (FollowerState.java:run(134)) - d76cbe35-1465-4027-b77e-516590b33ba3@group-82557DB05F40-FollowerState: change to CANDIDATE, lastRpcElapsedTime:5140932798ns, electionTimeout:5140ms
2021-07-28 21:02:24,778 [d76cbe35-1465-4027-b77e-516590b33ba3@group-82557DB05F40-FollowerState] INFO  impl.RoleInfo (RoleInfo.java:shutdownFollowerState(108)) - d76cbe35-1465-4027-b77e-516590b33ba3: shutdown d76cbe35-1465-4027-b77e-516590b33ba3@group-82557DB05F40-FollowerState
2021-07-28 21:02:24,778 [d76cbe35-1465-4027-b77e-516590b33ba3@group-82557DB05F40-FollowerState] INFO  server.RaftServer$Division (RaftServerImpl.java:setRole(285)) - d76cbe35-1465-4027-b77e-516590b33ba3@group-82557DB05F40: changes role from  FOLLOWER to CANDIDATE at term 0 for changeToCandidate
2021-07-28 21:02:24,778 [d76cbe35-1465-4027-b77e-516590b33ba3@group-82557DB05F40-FollowerState] INFO  server.RaftServerConfigKeys (ConfUtils.java:logGet(44)) - raft.server.leaderelection.pre-vote = false (custom)
2021-07-28 21:02:24,778 [d76cbe35-1465-4027-b77e-516590b33ba3@group-82557DB05F40-FollowerState] INFO  impl.RoleInfo (RoleInfo.java:updateAndGet(130)) - d76cbe35-1465-4027-b77e-516590b33ba3: start d76cbe35-1465-4027-b77e-516590b33ba3@group-82557DB05F40-LeaderElection8
2021-07-28 21:02:24,781 [d76cbe35-1465-4027-b77e-516590b33ba3@group-82557DB05F40-LeaderElection8] INFO  impl.LeaderElection (LeaderElection.java:askForVotes(306)) - d76cbe35-1465-4027-b77e-516590b33ba3@group-82557DB05F40-LeaderElection8 ELECTION round 0: submit vote requests at term 1 for -1: [1c1a15f6-b9e2-4fe7-bd0e-049086cdca18|rpc:127.0.0.1:36645|priority:0, 8ca710da-f90c-4f5c-8e20-a506923d7d86|rpc:127.0.0.1:44271|priority:1, d76cbe35-1465-4027-b77e-516590b33ba3|rpc:127.0.0.1:33679|priority:0], old=null
2021-07-28 21:02:24,787 [grpc-default-executor-3] INFO  server.RaftServer$Division (RaftServerImpl.java:requestVote(1043)) - 8ca710da-f90c-4f5c-8e20-a506923d7d86@group-82557DB05F40: receive requestVote(ELECTION, d76cbe35-1465-4027-b77e-516590b33ba3, group-82557DB05F40, 1, (t:0, i:0))
2021-07-28 21:02:24,787 [grpc-default-executor-3] INFO  impl.VoteContext (VoteContext.java:log(48)) - 8ca710da-f90c-4f5c-8e20-a506923d7d86@group-82557DB05F40-FOLLOWER: reject ELECTION from d76cbe35-1465-4027-b77e-516590b33ba3: our priority 1 > candidate's priority 0
2021-07-28 21:02:24,787 [grpc-default-executor-3] INFO  server.RaftServer$Division (RaftServerImpl.java:setRole(285)) - 8ca710da-f90c-4f5c-8e20-a506923d7d86@group-82557DB05F40: changes role from  FOLLOWER to FOLLOWER at term 1 for candidate:d76cbe35-1465-4027-b77e-516590b33ba3
2021-07-28 21:02:24,787 [grpc-default-executor-3] INFO  impl.RoleInfo (RoleInfo.java:shutdownFollowerState(108)) - 8ca710da-f90c-4f5c-8e20-a506923d7d86: shutdown 8ca710da-f90c-4f5c-8e20-a506923d7d86@group-82557DB05F40-FollowerState
2021-07-28 21:02:24,787 [grpc-default-executor-3] INFO  impl.RoleInfo (RoleInfo.java:updateAndGet(130)) - 8ca710da-f90c-4f5c-8e20-a506923d7d86: start 8ca710da-f90c-4f5c-8e20-a506923d7d86@group-82557DB05F40-FollowerState
2021-07-28 21:02:24,788 [8ca710da-f90c-4f5c-8e20-a506923d7d86@group-82557DB05F40-FollowerState] INFO  impl.FollowerState (FollowerState.java:run(143)) - 8ca710da-f90c-4f5c-8e20-a506923d7d86@group-82557DB05F40-FollowerState was interrupted: {}
java.lang.InterruptedException: sleep interrupted
	at java.lang.Thread.sleep(Native Method)
	at java.lang.Thread.sleep(Thread.java:340)
	at java.util.concurrent.TimeUnit.sleep(TimeUnit.java:386)
	at org.apache.ratis.util.TimeDuration.sleep(TimeDuration.java:324)
	at org.apache.ratis.util.TimeDuration.sleep(TimeDuration.java:309)
	at org.apache.ratis.server.impl.FollowerState.run(FollowerState.java:118)
2021-07-28 21:02:24,789 [grpc-default-executor-1] INFO  server.RaftServer$Division (RaftServerImpl.java:requestVote(1043)) - 1c1a15f6-b9e2-4fe7-bd0e-049086cdca18@group-82557DB05F40: receive requestVote(ELECTION, d76cbe35-1465-4027-b77e-516590b33ba3, group-82557DB05F40, 1, (t:0, i:0))
2021-07-28 21:02:24,789 [grpc-default-executor-1] INFO  impl.VoteContext (VoteContext.java:log(48)) - 1c1a15f6-b9e2-4fe7-bd0e-049086cdca18@group-82557DB05F40-FOLLOWER: accept ELECTION from d76cbe35-1465-4027-b77e-516590b33ba3: our priority 0 <= candidate's priority 0
2021-07-28 21:02:24,789 [grpc-default-executor-1] INFO  server.RaftServer$Division (RaftServerImpl.java:setRole(285)) - 1c1a15f6-b9e2-4fe7-bd0e-049086cdca18@group-82557DB05F40: changes role from  FOLLOWER to FOLLOWER at term 1 for candidate:d76cbe35-1465-4027-b77e-516590b33ba3
2021-07-28 21:02:24,789 [grpc-default-executor-1] INFO  impl.RoleInfo (RoleInfo.java:shutdownFollowerState(108)) - 1c1a15f6-b9e2-4fe7-bd0e-049086cdca18: shutdown 1c1a15f6-b9e2-4fe7-bd0e-049086cdca18@group-82557DB05F40-FollowerState
2021-07-28 21:02:24,789 [grpc-default-executor-1] INFO  impl.RoleInfo (RoleInfo.java:updateAndGet(130)) - 1c1a15f6-b9e2-4fe7-bd0e-049086cdca18: start 1c1a15f6-b9e2-4fe7-bd0e-049086cdca18@group-82557DB05F40-FollowerState
2021-07-28 21:02:24,789 [1c1a15f6-b9e2-4fe7-bd0e-049086cdca18@group-82557DB05F40-FollowerState] INFO  impl.FollowerState (FollowerState.java:run(143)) - 1c1a15f6-b9e2-4fe7-bd0e-049086cdca18@group-82557DB05F40-FollowerState was interrupted: {}
java.lang.InterruptedException: sleep interrupted
	at java.lang.Thread.sleep(Native Method)
	at java.lang.Thread.sleep(Thread.java:340)
	at java.util.concurrent.TimeUnit.sleep(TimeUnit.java:386)
	at org.apache.ratis.util.TimeDuration.sleep(TimeDuration.java:324)
	at org.apache.ratis.util.TimeDuration.sleep(TimeDuration.java:309)
	at org.apache.ratis.server.impl.FollowerState.run(FollowerState.java:118)
2021-07-28 21:02:24,792 [grpc-default-executor-3] INFO  server.RaftServer$Division (RaftServerImpl.java:requestVote(1075)) - 8ca710da-f90c-4f5c-8e20-a506923d7d86@group-82557DB05F40 replies to ELECTION vote request: d76cbe35-1465-4027-b77e-516590b33ba3<-8ca710da-f90c-4f5c-8e20-a506923d7d86#0:FAIL-t1. Peer's state: 8ca710da-f90c-4f5c-8e20-a506923d7d86@group-82557DB05F40:t1, leader=null, voted=null, raftlog=8ca710da-f90c-4f5c-8e20-a506923d7d86@group-82557DB05F40-SegmentedRaftLog:OPENED:c-1,f-1,i0, conf=-1: [1c1a15f6-b9e2-4fe7-bd0e-049086cdca18|rpc:127.0.0.1:36645|priority:0, 8ca710da-f90c-4f5c-8e20-a506923d7d86|rpc:127.0.0.1:44271|priority:1, d76cbe35-1465-4027-b77e-516590b33ba3|rpc:127.0.0.1:33679|priority:0], old=null
2021-07-28 21:02:24,793 [grpc-default-executor-1] INFO  server.RaftServer$Division (RaftServerImpl.java:requestVote(1075)) - 1c1a15f6-b9e2-4fe7-bd0e-049086cdca18@group-82557DB05F40 replies to ELECTION vote request: d76cbe35-1465-4027-b77e-516590b33ba3<-1c1a15f6-b9e2-4fe7-bd0e-049086cdca18#0:OK-t1. Peer's state: 1c1a15f6-b9e2-4fe7-bd0e-049086cdca18@group-82557DB05F40:t1, leader=null, voted=d76cbe35-1465-4027-b77e-516590b33ba3, raftlog=1c1a15f6-b9e2-4fe7-bd0e-049086cdca18@group-82557DB05F40-SegmentedRaftLog:OPENED:c-1,f-1,i0, conf=-1: [1c1a15f6-b9e2-4fe7-bd0e-049086cdca18|rpc:127.0.0.1:36645|dataStream:|priority:0, 8ca710da-f90c-4f5c-8e20-a506923d7d86|rpc:127.0.0.1:44271|dataStream:|priority:1, d76cbe35-1465-4027-b77e-516590b33ba3|rpc:127.0.0.1:33679|dataStream:|priority:0], old=null
2021-07-28 21:02:24,795 [d76cbe35-1465-4027-b77e-516590b33ba3@group-82557DB05F40-LeaderElection8] INFO  impl.LeaderElection (LeaderElection.java:logAndReturn(89)) - d76cbe35-1465-4027-b77e-516590b33ba3@group-82557DB05F40-LeaderElection8: ELECTION REJECTED received 1 response(s) and 0 exception(s):
2021-07-28 21:02:24,796 [d76cbe35-1465-4027-b77e-516590b33ba3@group-82557DB05F40-LeaderElection8] INFO  impl.LeaderElection (LeaderElection.java:logAndReturn(93)) -   Response 0: d76cbe35-1465-4027-b77e-516590b33ba3<-8ca710da-f90c-4f5c-8e20-a506923d7d86#0:FAIL-t1
2021-07-28 21:02:24,796 [d76cbe35-1465-4027-b77e-516590b33ba3@group-82557DB05F40-LeaderElection8] INFO  impl.LeaderElection (LeaderElection.java:askForVotes(308)) - d76cbe35-1465-4027-b77e-516590b33ba3@group-82557DB05F40-LeaderElection8 ELECTION round 0: result REJECTED
2021-07-28 21:02:24,796 [d76cbe35-1465-4027-b77e-516590b33ba3@group-82557DB05F40-LeaderElection8] INFO  server.RaftServer$Division (RaftServerImpl.java:setRole(285)) - d76cbe35-1465-4027-b77e-516590b33ba3@group-82557DB05F40: changes role from CANDIDATE to FOLLOWER at term 1 for REJECTED
2021-07-28 21:02:24,796 [d76cbe35-1465-4027-b77e-516590b33ba3@group-82557DB05F40-LeaderElection8] INFO  impl.RoleInfo (RoleInfo.java:shutdownLeaderElection(121)) - d76cbe35-1465-4027-b77e-516590b33ba3: shutdown d76cbe35-1465-4027-b77e-516590b33ba3@group-82557DB05F40-LeaderElection8
2021-07-28 21:02:24,796 [d76cbe35-1465-4027-b77e-516590b33ba3@group-82557DB05F40-LeaderElection8] INFO  impl.RoleInfo (RoleInfo.java:updateAndGet(130)) - d76cbe35-1465-4027-b77e-516590b33ba3: start d76cbe35-1465-4027-b77e-516590b33ba3@group-82557DB05F40-FollowerState
2021-07-28 21:02:24,801 [Listener at 127.0.0.1/11612] INFO  ozone.MiniOzoneClusterImpl (MiniOzoneClusterImpl.java:lambda$waitForClusterToBeReady$0(235)) - Nodes are ready. Got 3 of 3 DN Heartbeats.
2021-07-28 21:02:24,801 [Listener at 127.0.0.1/11612] INFO  ozone.MiniOzoneClusterImpl (MiniOzoneClusterImpl.java:lambda$waitForClusterToBeReady$0(238)) - Cluster exits safe mode
2021-07-28 21:02:24,801 [Listener at 127.0.0.1/11612] INFO  ozone.MiniOzoneClusterImpl (MiniOzoneClusterImpl.java:lambda$waitForClusterToBeReady$0(240)) - SCM became leader
2021-07-28 21:02:25,021 [1c1a15f6-b9e2-4fe7-bd0e-049086cdca18@group-DED3473BB816-FollowerState] INFO  impl.FollowerState (FollowerState.java:run(134)) - 1c1a15f6-b9e2-4fe7-bd0e-049086cdca18@group-DED3473BB816-FollowerState: change to CANDIDATE, lastRpcElapsedTime:5187648960ns, electionTimeout:5187ms
2021-07-28 21:02:25,021 [1c1a15f6-b9e2-4fe7-bd0e-049086cdca18@group-DED3473BB816-FollowerState] INFO  impl.RoleInfo (RoleInfo.java:shutdownFollowerState(108)) - 1c1a15f6-b9e2-4fe7-bd0e-049086cdca18: shutdown 1c1a15f6-b9e2-4fe7-bd0e-049086cdca18@group-DED3473BB816-FollowerState
2021-07-28 21:02:25,021 [1c1a15f6-b9e2-4fe7-bd0e-049086cdca18@group-DED3473BB816-FollowerState] INFO  server.RaftServer$Division (RaftServerImpl.java:setRole(285)) - 1c1a15f6-b9e2-4fe7-bd0e-049086cdca18@group-DED3473BB816: changes role from  FOLLOWER to CANDIDATE at term 0 for changeToCandidate
2021-07-28 21:02:25,021 [1c1a15f6-b9e2-4fe7-bd0e-049086cdca18@group-DED3473BB816-FollowerState] INFO  server.RaftServerConfigKeys (ConfUtils.java:logGet(44)) - raft.server.leaderelection.pre-vote = false (custom)
2021-07-28 21:02:25,022 [1c1a15f6-b9e2-4fe7-bd0e-049086cdca18@group-DED3473BB816-FollowerState] INFO  impl.RoleInfo (RoleInfo.java:updateAndGet(130)) - 1c1a15f6-b9e2-4fe7-bd0e-049086cdca18: start 1c1a15f6-b9e2-4fe7-bd0e-049086cdca18@group-DED3473BB816-LeaderElection9
2021-07-28 21:02:25,029 [1c1a15f6-b9e2-4fe7-bd0e-049086cdca18@group-DED3473BB816-LeaderElection9] INFO  impl.LeaderElection (LeaderElection.java:askForVotes(306)) - 1c1a15f6-b9e2-4fe7-bd0e-049086cdca18@group-DED3473BB816-LeaderElection9 ELECTION round 0: submit vote requests at term 1 for -1: [1c1a15f6-b9e2-4fe7-bd0e-049086cdca18|rpc:127.0.0.1:36645|priority:1], old=null
2021-07-28 21:02:25,029 [1c1a15f6-b9e2-4fe7-bd0e-049086cdca18@group-DED3473BB816-LeaderElection9] INFO  impl.LeaderElection (LeaderElection.java:askForVotes(308)) - 1c1a15f6-b9e2-4fe7-bd0e-049086cdca18@group-DED3473BB816-LeaderElection9 ELECTION round 0: result PASSED (term=1)
2021-07-28 21:02:25,029 [1c1a15f6-b9e2-4fe7-bd0e-049086cdca18@group-DED3473BB816-LeaderElection9] INFO  impl.RoleInfo (RoleInfo.java:shutdownLeaderElection(121)) - 1c1a15f6-b9e2-4fe7-bd0e-049086cdca18: shutdown 1c1a15f6-b9e2-4fe7-bd0e-049086cdca18@group-DED3473BB816-LeaderElection9
2021-07-28 21:02:25,029 [1c1a15f6-b9e2-4fe7-bd0e-049086cdca18@group-DED3473BB816-LeaderElection9] INFO  server.RaftServer$Division (RaftServerImpl.java:setRole(285)) - 1c1a15f6-b9e2-4fe7-bd0e-049086cdca18@group-DED3473BB816: changes role from CANDIDATE to LEADER at term 1 for changeToLeader
2021-07-28 21:02:25,029 [1c1a15f6-b9e2-4fe7-bd0e-049086cdca18@group-DED3473BB816-LeaderElection9] INFO  ratis.XceiverServerRatis (XceiverServerRatis.java:handleLeaderChangedNotification(857)) - Leader change notification received for group: group-DED3473BB816 with new leaderId: 1c1a15f6-b9e2-4fe7-bd0e-049086cdca18
2021-07-28 21:02:25,029 [Datanode State Machine Thread - 0] WARN  statemachine.StateContext (StateContext.java:execute(621)) - No available thread in pool for past 1 seconds.
2021-07-28 21:02:25,031 [1c1a15f6-b9e2-4fe7-bd0e-049086cdca18@group-DED3473BB816-LeaderElection9] INFO  server.RaftServer$Division (ServerState.java:setLeader(285)) - 1c1a15f6-b9e2-4fe7-bd0e-049086cdca18@group-DED3473BB816: change Leader from null to 1c1a15f6-b9e2-4fe7-bd0e-049086cdca18 at term 1 for becomeLeader, leader elected after 5213ms
2021-07-28 21:02:25,031 [1c1a15f6-b9e2-4fe7-bd0e-049086cdca18@group-DED3473BB816-LeaderElection9] INFO  server.RaftServerConfigKeys (ConfUtils.java:logGet(44)) - raft.server.staging.catchup.gap = 1000 (default)
2021-07-28 21:02:25,031 [1c1a15f6-b9e2-4fe7-bd0e-049086cdca18@group-DED3473BB816-LeaderElection9] INFO  server.RaftServerConfigKeys (ConfUtils.java:logGet(44)) - raft.server.write.element-limit = 1024 (custom)
2021-07-28 21:02:25,032 [1c1a15f6-b9e2-4fe7-bd0e-049086cdca18@group-DED3473BB816-LeaderElection9] INFO  server.RaftServerConfigKeys (ConfUtils.java:logGet(44)) - raft.server.write.byte-limit = 1073741824 (custom)
2021-07-28 21:02:25,032 [1c1a15f6-b9e2-4fe7-bd0e-049086cdca18@group-DED3473BB816-LeaderElection9] INFO  server.RaftServerConfigKeys (ConfUtils.java:logGet(44)) - raft.server.watch.timeout = 180s (custom)
2021-07-28 21:02:25,032 [1c1a15f6-b9e2-4fe7-bd0e-049086cdca18@group-DED3473BB816-LeaderElection9] INFO  server.RaftServerConfigKeys (ConfUtils.java:logGet(44)) - raft.server.watch.timeout.denomination = 1s (default)
2021-07-28 21:02:25,032 [1c1a15f6-b9e2-4fe7-bd0e-049086cdca18@group-DED3473BB816-LeaderElection9] INFO  server.RaftServerConfigKeys (ConfUtils.java:logGet(44)) - raft.server.watch.element-limit = 65536 (default)
2021-07-28 21:02:25,032 [1c1a15f6-b9e2-4fe7-bd0e-049086cdca18@group-DED3473BB816-LeaderElection9] INFO  impl.RoleInfo (RoleInfo.java:updateAndGet(130)) - 1c1a15f6-b9e2-4fe7-bd0e-049086cdca18: start 1c1a15f6-b9e2-4fe7-bd0e-049086cdca18@group-DED3473BB816-LeaderStateImpl
2021-07-28 21:02:25,032 [1c1a15f6-b9e2-4fe7-bd0e-049086cdca18@group-DED3473BB816-LeaderElection9] INFO  segmented.SegmentedRaftLogWorker (SegmentedRaftLogWorker.java:startLogSegment(394)) - 1c1a15f6-b9e2-4fe7-bd0e-049086cdca18@group-DED3473BB816-SegmentedRaftLogWorker: Starting segment from index:0
2021-07-28 21:02:25,034 [1c1a15f6-b9e2-4fe7-bd0e-049086cdca18@group-DED3473BB816-SegmentedRaftLogWorker] INFO  segmented.SegmentedRaftLogWorker (SegmentedRaftLogWorker.java:execute(601)) - 1c1a15f6-b9e2-4fe7-bd0e-049086cdca18@group-DED3473BB816-SegmentedRaftLogWorker: created new log segment /home/runner/work/ozone/ozone/mnt/ozone/hadoop-ozone/integration-test/target/test-dir/MiniOzoneClusterImpl-78c7c17c-5238-474f-b89e-7e5468740183/datanode-2/data/ratis/3f1bb2a1-9cb8-45f5-9dfe-ded3473bb816/current/log_inprogress_0
2021-07-28 21:02:25,034 [1c1a15f6-b9e2-4fe7-bd0e-049086cdca18@group-DED3473BB816-LeaderElection9] INFO  server.RaftServer$Division (ServerState.java:setRaftConf(387)) - 1c1a15f6-b9e2-4fe7-bd0e-049086cdca18@group-DED3473BB816: set configuration 0: [1c1a15f6-b9e2-4fe7-bd0e-049086cdca18|rpc:127.0.0.1:36645|dataStream:|priority:1], old=null
2021-07-28 21:02:25,273 [IPC Server handler 1 on default port 11606] INFO  ha.SCMNodeInfo (SCMNodeInfo.java:getPort(197)) - ConfigKey ozone.scm.client.address is deprecated, For configuring different ports for each SCM use PortConfigKey ozone.scm.client.port appended with serviceId and nodeId
2021-07-28 21:02:25,274 [IPC Server handler 1 on default port 11606] INFO  ha.SCMNodeInfo (SCMNodeInfo.java:getPort(197)) - ConfigKey ozone.scm.block.client.address is deprecated, For configuring different ports for each SCM use PortConfigKey ozone.scm.block.client.port appended with serviceId and nodeId
2021-07-28 21:02:25,274 [IPC Server handler 1 on default port 11606] INFO  ha.SCMNodeInfo (SCMNodeInfo.java:getPort(197)) - ConfigKey ozone.scm.datanode.address is deprecated, For configuring different ports for each SCM use PortConfigKey ozone.scm.datanode.port appended with serviceId and nodeId
2021-07-28 21:02:25,288 [Listener at 127.0.0.1/11612] INFO  rpc.RpcClient (RpcClient.java:createVolume(341)) - Creating Volume: volume69987, with runner as owner and space quota set to -1 bytes, counts quota set to -1
2021-07-28 21:02:25,332 [OM StateMachine ApplyTransaction Thread - 0] INFO  volume.OMVolumeCreateRequest (OMVolumeCreateRequest.java:validateAndUpdateCache(195)) - created volume:volume69987 for user:runner
2021-07-28 21:02:25,333 [OM StateMachine ApplyTransaction Thread - 0] INFO  volume.OMVolumeCreateRequest (OMVolumeCreateRequest.java:validateAndUpdateCache(195)) - created volume:volume69987 for user:runner
2021-07-28 21:02:25,359 [OM StateMachine ApplyTransaction Thread - 0] INFO  volume.OMVolumeCreateRequest (OMVolumeCreateRequest.java:validateAndUpdateCache(195)) - created volume:volume69987 for user:runner
2021-07-28 21:02:25,374 [Listener at 127.0.0.1/11612] INFO  rpc.RpcClient (RpcClient.java:createBucket(500)) - Creating Bucket: volume69987/bucket70195, with Versioning false and Storage Type set to DISK and Encryption set to false 
2021-07-28 21:02:25,444 [9f4ed4a1-d4cd-462e-b2c8-34d167a020c3@group-7E5468740183-StateMachineUpdater] INFO  pipeline.PipelineStateManager (PipelineStateManagerV2Impl.java:addPipeline(101)) - Created pipeline Pipeline[ Id: 4a8ecaa9-4597-4060-9087-8d41ce318026, Nodes: d76cbe35-1465-4027-b77e-516590b33ba3{ip: 127.0.0.1, host: localhost, ports: [REPLICATION=43569, RATIS=33679, RATIS_ADMIN=33679, RATIS_SERVER=33679, STANDALONE=46735], networkLocation: /default-rack, certSerialId: null, persistedOpState: IN_SERVICE, persistedOpStateExpiryEpochSec: 0}, ReplicationConfig: STANDALONE/ONE, State:OPEN, leaderId:, CreationTimestamp2021-07-28T21:02:25.440Z[Etc/UTC]].
2021-07-28 21:02:25,444 [IPC Server handler 1 on default port 15142] INFO  ha.SCMHAInvocationHandler (SCMHAInvocationHandler.java:invokeRatis(113)) - Invoking method public abstract void org.apache.hadoop.hdds.scm.pipeline.StateManager.addPipeline(org.apache.hadoop.hdds.protocol.proto.HddsProtos$Pipeline) throws java.io.IOException on target org.apache.hadoop.hdds.scm.ha.SCMRatisServerImpl@12ff6d7b, cost 4191.839us
2021-07-28 21:02:25,452 [IPC Server handler 1 on default port 15142] INFO  ha.SCMHAInvocationHandler (SCMHAInvocationHandler.java:invokeRatis(113)) - Invoking method public abstract java.lang.Boolean org.apache.hadoop.hdds.scm.ha.SequenceIdGenerator$StateManager.allocateBatch(java.lang.String,java.lang.Long,java.lang.Long) on target org.apache.hadoop.hdds.scm.ha.SCMRatisServerImpl@12ff6d7b, cost 6049.145us
2021-07-28 21:02:25,452 [IPC Server handler 1 on default port 15142] INFO  ha.SequenceIdGenerator (SequenceIdGenerator.java:getNextId(127)) - Allocate a batch for containerId, change lastId from 0 to 1000.
2021-07-28 21:02:25,461 [IPC Server handler 1 on default port 15142] INFO  ha.SCMHAInvocationHandler (SCMHAInvocationHandler.java:invokeRatis(113)) - Invoking method public abstract void org.apache.hadoop.hdds.scm.container.ContainerStateManagerV2.addContainer(org.apache.hadoop.hdds.protocol.proto.HddsProtos$ContainerInfoProto) throws java.io.IOException on target org.apache.hadoop.hdds.scm.ha.SCMRatisServerImpl@12ff6d7b, cost 6450.768us
2021-07-28 21:02:25,466 [9f4ed4a1-d4cd-462e-b2c8-34d167a020c3@group-7E5468740183-StateMachineUpdater] WARN  ha.SequenceIdGenerator (SequenceIdGenerator.java:allocateBatch(234)) - Failed to allocate a batch for localId, expected lastId is 0, actual lastId is 107544261427200000.
2021-07-28 21:02:25,468 [IPC Server handler 1 on default port 15142] INFO  ha.SCMHAInvocationHandler (SCMHAInvocationHandler.java:invokeRatis(113)) - Invoking method public abstract java.lang.Boolean org.apache.hadoop.hdds.scm.ha.SequenceIdGenerator$StateManager.allocateBatch(java.lang.String,java.lang.Long,java.lang.Long) on target org.apache.hadoop.hdds.scm.ha.SCMRatisServerImpl@12ff6d7b, cost 3720.613us
2021-07-28 21:02:25,470 [IPC Server handler 1 on default port 15142] INFO  ha.SCMHAInvocationHandler (SCMHAInvocationHandler.java:invokeRatis(113)) - Invoking method public abstract java.lang.Boolean org.apache.hadoop.hdds.scm.ha.SequenceIdGenerator$StateManager.allocateBatch(java.lang.String,java.lang.Long,java.lang.Long) on target org.apache.hadoop.hdds.scm.ha.SCMRatisServerImpl@12ff6d7b, cost 1960.012us
2021-07-28 21:02:25,470 [IPC Server handler 1 on default port 15142] INFO  ha.SequenceIdGenerator (SequenceIdGenerator.java:getNextId(127)) - Allocate a batch for localId, change lastId from 107544261427200000 to 107544261427201000.
2021-07-28 21:02:25,559 [Listener at 127.0.0.1/11612] INFO  impl.MetricsSystemImpl (MetricsSystemImpl.java:init(158)) - XceiverClientMetrics metrics system started (again)
2021-07-28 21:02:25,743 [Datanode State Machine Thread - 0] WARN  statemachine.StateContext (StateContext.java:execute(621)) - No available thread in pool for past 1 seconds.
2021-07-28 21:02:25,843 [Listener at 127.0.0.1/11612] INFO  ha.OMHANodeDetails (OMHANodeDetails.java:loadOMHAConfig(118)) - ServiceID for OzoneManager is om-bootstrap
2021-07-28 21:02:25,844 [Listener at 127.0.0.1/11612] INFO  ha.OMHANodeDetails (OMHANodeDetails.java:loadOMHAConfig(194)) - Found matching OM address with OMServiceId: om-bootstrap, OMNodeId: omNode-bootstrap-1, RPC Address: localhost:11616 and Ratis port: 11620
2021-07-28 21:02:25,845 [Listener at 127.0.0.1/11612] INFO  ha.OMHANodeDetails (ConfUtils.java:setNodeSpecificConfigs(108)) - Setting configuration key ozone.om.http-address with value of key ozone.om.http-address.om-bootstrap.omNode-bootstrap-1: 127.0.0.1:11618
2021-07-28 21:02:25,845 [Listener at 127.0.0.1/11612] INFO  ha.OMHANodeDetails (ConfUtils.java:setNodeSpecificConfigs(108)) - Setting configuration key ozone.om.https-address with value of key ozone.om.https-address.om-bootstrap.omNode-bootstrap-1: 127.0.0.1:11619
2021-07-28 21:02:25,845 [Listener at 127.0.0.1/11612] INFO  ha.OMHANodeDetails (ConfUtils.java:setNodeSpecificConfigs(108)) - Setting configuration key ozone.om.address with value of key ozone.om.address.om-bootstrap.omNode-bootstrap-1: 127.0.0.1:11616
2021-07-28 21:02:25,845 [Listener at 127.0.0.1/11612] WARN  server.ServerUtils (ServerUtils.java:getDBPath(225)) - ozone.om.db.dirs is not configured. We recommend adding this setting. Falling back to ozone.metadata.dirs instead.
2021-07-28 21:02:25,846 [Listener at 127.0.0.1/11612] INFO  ha.SCMNodeInfo (SCMNodeInfo.java:getPort(197)) - ConfigKey ozone.scm.client.address is deprecated, For configuring different ports for each SCM use PortConfigKey ozone.scm.client.port appended with serviceId and nodeId
2021-07-28 21:02:25,847 [Listener at 127.0.0.1/11612] INFO  ha.SCMNodeInfo (SCMNodeInfo.java:getPort(197)) - ConfigKey ozone.scm.block.client.address is deprecated, For configuring different ports for each SCM use PortConfigKey ozone.scm.block.client.port appended with serviceId and nodeId
2021-07-28 21:02:25,847 [Listener at 127.0.0.1/11612] INFO  ha.SCMNodeInfo (SCMNodeInfo.java:getPort(197)) - ConfigKey ozone.scm.datanode.address is deprecated, For configuring different ports for each SCM use PortConfigKey ozone.scm.datanode.port appended with serviceId and nodeId
OM initialization succeeded.Current cluster id for sd=/home/runner/work/ozone/ozone/mnt/ozone/hadoop-ozone/integration-test/target/test-dir/MiniOzoneClusterImpl-78c7c17c-5238-474f-b89e-7e5468740183/omNode-bootstrap-1/om;cid=78c7c17c-5238-474f-b89e-7e5468740183;layoutVersion=0
2021-07-28 21:02:25,889 [Listener at 127.0.0.1/11612] INFO  ha.OMHANodeDetails (OMHANodeDetails.java:loadOMHAConfig(118)) - ServiceID for OzoneManager is om-bootstrap
2021-07-28 21:02:25,889 [Listener at 127.0.0.1/11612] INFO  ha.OMHANodeDetails (OMHANodeDetails.java:loadOMHAConfig(194)) - Found matching OM address with OMServiceId: om-bootstrap, OMNodeId: omNode-bootstrap-1, RPC Address: localhost:11616 and Ratis port: 11620
2021-07-28 21:02:25,889 [Listener at 127.0.0.1/11612] INFO  ha.OMHANodeDetails (ConfUtils.java:setNodeSpecificConfigs(108)) - Setting configuration key ozone.om.http-address with value of key ozone.om.http-address.om-bootstrap.omNode-bootstrap-1: 127.0.0.1:11618
2021-07-28 21:02:25,889 [Listener at 127.0.0.1/11612] INFO  ha.OMHANodeDetails (ConfUtils.java:setNodeSpecificConfigs(108)) - Setting configuration key ozone.om.https-address with value of key ozone.om.https-address.om-bootstrap.omNode-bootstrap-1: 127.0.0.1:11619
2021-07-28 21:02:25,890 [Listener at 127.0.0.1/11612] INFO  ha.OMHANodeDetails (ConfUtils.java:setNodeSpecificConfigs(108)) - Setting configuration key ozone.om.address with value of key ozone.om.address.om-bootstrap.omNode-bootstrap-1: 127.0.0.1:11616
2021-07-28 21:02:25,890 [Listener at 127.0.0.1/11612] WARN  server.ServerUtils (ServerUtils.java:getDBPath(225)) - ozone.om.db.dirs is not configured. We recommend adding this setting. Falling back to ozone.metadata.dirs instead.
2021-07-28 21:02:25,890 [Listener at 127.0.0.1/11612] INFO  upgrade.AbstractLayoutVersionManager (AbstractLayoutVersionManager.java:init(70)) - Initializing Layout version manager with metadata layout = INITIAL_VERSION (version = 0), software layout = INITIAL_VERSION (version = 0)
2021-07-28 21:02:25,947 [Listener at 127.0.0.1/11612] INFO  reflections.Reflections (Reflections.java:scan(232)) - Reflections took 56 ms to scan 2 urls, producing 131 keys and 342 values [using 2 cores]
2021-07-28 21:02:25,947 [Listener at 127.0.0.1/11612] INFO  upgrade.OMLayoutVersionManager (OMLayoutVersionManager.java:lambda$0(116)) - Skipping Upgrade Action MockOmUpgradeAction since it has been finalized.
2021-07-28 21:02:25,947 [Listener at 127.0.0.1/11612] WARN  server.ServerUtils (ServerUtils.java:getDBPath(225)) - ozone.om.db.dirs is not configured. We recommend adding this setting. Falling back to ozone.metadata.dirs instead.
2021-07-28 21:02:25,948 [Listener at 127.0.0.1/11612] INFO  ha.SCMNodeInfo (SCMNodeInfo.java:getPort(197)) - ConfigKey ozone.scm.client.address is deprecated, For configuring different ports for each SCM use PortConfigKey ozone.scm.client.port appended with serviceId and nodeId
2021-07-28 21:02:25,948 [Listener at 127.0.0.1/11612] INFO  ha.SCMNodeInfo (SCMNodeInfo.java:getPort(197)) - ConfigKey ozone.scm.block.client.address is deprecated, For configuring different ports for each SCM use PortConfigKey ozone.scm.block.client.port appended with serviceId and nodeId
2021-07-28 21:02:25,948 [Listener at 127.0.0.1/11612] INFO  ha.SCMNodeInfo (SCMNodeInfo.java:getPort(197)) - ConfigKey ozone.scm.datanode.address is deprecated, For configuring different ports for each SCM use PortConfigKey ozone.scm.datanode.port appended with serviceId and nodeId
2021-07-28 21:02:25,948 [Listener at 127.0.0.1/11612] INFO  ha.SCMNodeInfo (SCMNodeInfo.java:getPort(197)) - ConfigKey ozone.scm.client.address is deprecated, For configuring different ports for each SCM use PortConfigKey ozone.scm.client.port appended with serviceId and nodeId
2021-07-28 21:02:25,948 [Listener at 127.0.0.1/11612] INFO  ha.SCMNodeInfo (SCMNodeInfo.java:getPort(197)) - ConfigKey ozone.scm.block.client.address is deprecated, For configuring different ports for each SCM use PortConfigKey ozone.scm.block.client.port appended with serviceId and nodeId
2021-07-28 21:02:25,948 [Listener at 127.0.0.1/11612] INFO  ha.SCMNodeInfo (SCMNodeInfo.java:getPort(197)) - ConfigKey ozone.scm.datanode.address is deprecated, For configuring different ports for each SCM use PortConfigKey ozone.scm.datanode.port appended with serviceId and nodeId
2021-07-28 21:02:25,950 [Listener at 127.0.0.1/11612] INFO  ha.SCMNodeInfo (SCMNodeInfo.java:getPort(197)) - ConfigKey ozone.scm.client.address is deprecated, For configuring different ports for each SCM use PortConfigKey ozone.scm.client.port appended with serviceId and nodeId
2021-07-28 21:02:25,950 [Listener at 127.0.0.1/11612] INFO  ha.SCMNodeInfo (SCMNodeInfo.java:getPort(197)) - ConfigKey ozone.scm.block.client.address is deprecated, For configuring different ports for each SCM use PortConfigKey ozone.scm.block.client.port appended with serviceId and nodeId
2021-07-28 21:02:25,950 [Listener at 127.0.0.1/11612] INFO  ha.SCMNodeInfo (SCMNodeInfo.java:getPort(197)) - ConfigKey ozone.scm.datanode.address is deprecated, For configuring different ports for each SCM use PortConfigKey ozone.scm.datanode.port appended with serviceId and nodeId
2021-07-28 21:02:25,957 [Listener at 127.0.0.1/11612] WARN  server.ServerUtils (ServerUtils.java:getDBPath(225)) - ozone.om.db.dirs is not configured. We recommend adding this setting. Falling back to ozone.metadata.dirs instead.
2021-07-28 21:02:25,957 [Listener at 127.0.0.1/11612] INFO  codec.OmKeyInfoCodec (OmKeyInfoCodec.java:<init>(51)) - OmKeyInfoCodec ignorePipeline = true
2021-07-28 21:02:25,957 [Listener at 127.0.0.1/11612] INFO  codec.RepeatedOmKeyInfoCodec (RepeatedOmKeyInfoCodec.java:<init>(42)) - RepeatedOmKeyInfoCodec ignorePipeline = true
2021-07-28 21:02:26,079 [Listener at 127.0.0.1/11612] INFO  om.OzoneManager (OzoneManager.java:addS3GVolumeToDB(4084)) - Created Volume s3v With Owner runner required for S3Gateway operations.
2021-07-28 21:02:26,079 [Listener at 127.0.0.1/11612] WARN  server.ServerUtils (ServerUtils.java:getDefaultRatisDirectory(237)) - Storage directory for Ratis is not configured. It is a good idea to map this to an SSD disk. Falling back to ozone.metadata.dirs
2021-07-28 21:02:26,079 [Listener at 127.0.0.1/11612] WARN  utils.OzoneManagerRatisUtils (OzoneManagerRatisUtils.java:getOMRatisSnapshotDirectory(391)) - ozone.om.ratis.snapshot.dir is not configured. Falling back to ozone.metadata.dirs config
2021-07-28 21:02:26,079 [Listener at 127.0.0.1/11612] INFO  snapshot.OzoneManagerSnapshotProvider (OzoneManagerSnapshotProvider.java:<init>(76)) - Initializing OM Snapshot Provider
2021-07-28 21:02:26,080 [Listener at 127.0.0.1/11612] WARN  impl.MetricRegistriesImpl (MetricRegistriesImpl.java:addReporterRegistration(111)) - New reporters are added after registries were created. Some metrics will be missing from the reporter. Please add reporter before adding any new registry.
2021-07-28 21:02:26,081 [Listener at 127.0.0.1/11612] WARN  impl.MetricRegistriesImpl (MetricRegistriesImpl.java:addReporterRegistration(111)) - New reporters are added after registries were created. Some metrics will be missing from the reporter. Please add reporter before adding any new registry.
2021-07-28 21:02:26,081 [Listener at 127.0.0.1/11612] WARN  server.ServerUtils (ServerUtils.java:getDefaultRatisDirectory(237)) - Storage directory for Ratis is not configured. It is a good idea to map this to an SSD disk. Falling back to ozone.metadata.dirs
2021-07-28 21:02:26,082 [Listener at 127.0.0.1/11612] INFO  ratis.OzoneManagerRatisServer (OzoneManagerRatisServer.java:<init>(151)) - OM started in Bootstrap mode. Instantiating OM Ratis server with groupID: om-bootstrap
2021-07-28 21:02:26,082 [Listener at 127.0.0.1/11612] INFO  ratis.OzoneManagerStateMachine (OzoneManagerStateMachine.java:loadSnapshotInfoFromDB(605)) - LastAppliedIndex is set from TransactionInfo from OM DB as (t:0, i:~)
2021-07-28 21:02:26,082 [Listener at 127.0.0.1/11612] INFO  server.RaftServer (ConfUtils.java:logGet(44)) - raft.rpc.type = GRPC (default)
2021-07-28 21:02:26,083 [Listener at 127.0.0.1/11612] INFO  grpc.GrpcFactory (GrpcFactory.java:checkPooledByteBufAllocatorUseCacheForAllThreads(48)) - PERFORMANCE WARNING: useCacheForAllThreads is true that may cause Netty to create a lot garbage objects and, as a result, trigger GC.
	It is recommended to disable useCacheForAllThreads by setting -Dorg.apache.ratis.thirdparty.io.netty.allocator.useCacheForAllThreads=false in command line.
2021-07-28 21:02:26,083 [Listener at 127.0.0.1/11612] INFO  grpc.GrpcConfigKeys (ConfUtils.java:logGet(44)) - raft.grpc.admin.port = -1 (default)
2021-07-28 21:02:26,083 [Listener at 127.0.0.1/11612] INFO  grpc.GrpcConfigKeys (ConfUtils.java:logGet(44)) - raft.grpc.server.port = 11620 (custom)
2021-07-28 21:02:26,083 [Listener at 127.0.0.1/11612] INFO  grpc.GrpcConfigKeys (ConfUtils.java:logGet(44)) - raft.grpc.client.port = -1 (default)
2021-07-28 21:02:26,083 [Listener at 127.0.0.1/11612] INFO  grpc.GrpcConfigKeys (ConfUtils.java:logGet(44)) - raft.grpc.server.port = 11620 (custom)
2021-07-28 21:02:26,083 [Listener at 127.0.0.1/11612] INFO  grpc.GrpcConfigKeys (ConfUtils.java:logGet(44)) - raft.grpc.server.port = 11620 (custom)
2021-07-28 21:02:26,083 [Listener at 127.0.0.1/11612] INFO  server.GrpcService (ConfUtils.java:logGet(44)) - raft.grpc.message.size.max = 33554432 (custom)
2021-07-28 21:02:26,083 [Listener at 127.0.0.1/11612] INFO  server.RaftServerConfigKeys (ConfUtils.java:logGet(44)) - raft.server.log.appender.buffer.byte-limit = 33554432 (custom)
2021-07-28 21:02:26,083 [Listener at 127.0.0.1/11612] INFO  server.GrpcService (ConfUtils.java:logGet(44)) - raft.grpc.flow.control.window = 1MB (=1048576) (default)
2021-07-28 21:02:26,083 [Listener at 127.0.0.1/11612] INFO  server.RaftServerConfigKeys (ConfUtils.java:logGet(44)) - raft.server.rpc.request.timeout = 3000ms (default)
2021-07-28 21:02:26,084 [Listener at 127.0.0.1/11612] INFO  impl.DataStreamServerImpl (ConfUtils.java:logGet(44)) - raft.datastream.type = DISABLED (default)
2021-07-28 21:02:26,085 [Listener at 127.0.0.1/11612] INFO  server.RaftServerConfigKeys (ConfUtils.java:logGet(44)) - raft.server.rpc.slowness.timeout = 2s (custom)
2021-07-28 21:02:26,085 [Listener at 127.0.0.1/11612] INFO  server.RaftServerConfigKeys (ConfUtils.java:logGet(44)) - raft.server.leaderelection.leader.step-down.wait-time = 10s (default)
2021-07-28 21:02:26,085 [Listener at 127.0.0.1/11612] INFO  server.RaftServerConfigKeys (ConfUtils.java:logGet(44)) - raft.server.storage.dir = [/home/runner/work/ozone/ozone/mnt/ozone/hadoop-ozone/integration-test/target/test-dir/MiniOzoneClusterImpl-78c7c17c-5238-474f-b89e-7e5468740183/omNode-bootstrap-1/ratis] (custom)
2021-07-28 21:02:26,085 [Listener at 127.0.0.1/11612] INFO  server.RaftServer (RaftServerProxy.java:addNew(95)) - omNode-bootstrap-1: addNew group-33FC8B15A7E9:[] returns group-33FC8B15A7E9:java.util.concurrent.CompletableFuture@37c7a160[Not completed]
2021-07-28 21:02:26,085 [pool-177-thread-1] INFO  server.RaftServer$Division (RaftServerImpl.java:<init>(181)) - omNode-bootstrap-1: new RaftServerImpl for group-33FC8B15A7E9:[] with OzoneManagerStateMachine:uninitialized
2021-07-28 21:02:26,085 [Listener at 127.0.0.1/11612] INFO  om.OzoneManager (OzoneManager.java:initializeRatisServer(1542)) - OzoneManager Ratis server initialized at port 11620
2021-07-28 21:02:26,087 [pool-177-thread-1] INFO  server.RaftServerConfigKeys (ConfUtils.java:logGet(44)) - raft.server.rpc.timeout.min = 1s (custom)
2021-07-28 21:02:26,092 [pool-177-thread-1] INFO  server.RaftServerConfigKeys (ConfUtils.java:logGet(44)) - raft.server.rpc.timeout.max = 1200ms (custom)
2021-07-28 21:02:26,093 [pool-177-thread-1] INFO  server.RaftServerConfigKeys (ConfUtils.java:logGet(44)) - raft.server.rpc.sleep.time = 25ms (default)
2021-07-28 21:02:26,093 [pool-177-thread-1] INFO  server.RaftServerConfigKeys (ConfUtils.java:logGet(44)) - raft.server.rpc.slowness.timeout = 2s (custom)
2021-07-28 21:02:26,093 [pool-177-thread-1] INFO  server.RaftServerConfigKeys (ConfUtils.java:logGet(44)) - raft.server.leaderelection.leader.step-down.wait-time = 10s (default)
2021-07-28 21:02:26,093 [pool-177-thread-1] INFO  server.RaftServerConfigKeys (ConfUtils.java:logGet(44)) - raft.server.sleep.deviation.threshold = 300ms (default)
2021-07-28 21:02:26,093 [pool-177-thread-1] INFO  server.RaftServerConfigKeys (ConfUtils.java:logGet(44)) - raft.server.log.appender.install.snapshot.enabled = false (custom)
2021-07-28 21:02:26,093 [pool-177-thread-1] INFO  server.RaftServer$Division (ServerState.java:<init>(105)) - omNode-bootstrap-1@group-33FC8B15A7E9: ConfigurationManager, init=-1: [], old=null, confs=<EMPTY_MAP>
2021-07-28 21:02:26,093 [pool-177-thread-1] INFO  server.RaftServerConfigKeys (ConfUtils.java:logGet(44)) - raft.server.storage.dir = [/home/runner/work/ozone/ozone/mnt/ozone/hadoop-ozone/integration-test/target/test-dir/MiniOzoneClusterImpl-78c7c17c-5238-474f-b89e-7e5468740183/omNode-bootstrap-1/ratis] (custom)
2021-07-28 21:02:26,093 [pool-177-thread-1] INFO  server.RaftServerConfigKeys (ConfUtils.java:logGet(44)) - raft.server.log.corruption.policy = EXCEPTION (default)
2021-07-28 21:02:26,093 [pool-177-thread-1] INFO  server.RaftServerConfigKeys (ConfUtils.java:logGet(44)) - raft.server.storage.free-space.min = 0MB (=0) (default)
2021-07-28 21:02:26,093 [pool-177-thread-1] INFO  storage.RaftStorageDirectory (RaftStorageDirectoryImpl.java:analyzeStorage(135)) - The storage directory /home/runner/work/ozone/ozone/mnt/ozone/hadoop-ozone/integration-test/target/test-dir/MiniOzoneClusterImpl-78c7c17c-5238-474f-b89e-7e5468740183/omNode-bootstrap-1/ratis/a5a8c63e-4922-3a03-b163-33fc8b15a7e9 does not exist. Creating ...
2021-07-28 21:02:26,088 [Listener at 127.0.0.1/11612] INFO  ipc.CallQueueManager (CallQueueManager.java:<init>(90)) - Using callQueue: class java.util.concurrent.LinkedBlockingQueue, queueCapacity: 2000, scheduler: class org.apache.hadoop.ipc.DefaultRpcScheduler, ipcBackoff: false.
2021-07-28 21:02:26,094 [Listener at 127.0.0.1/11612] INFO  ozone.MiniOzoneHAClusterImpl (MiniOzoneHAClusterImpl.java:bootstrapOzoneManager(724)) - MiniOzoneHACluster port conflicts, retried 1 times
2021-07-28 21:02:26,097 [Listener at 127.0.0.1/11612] INFO  ha.OMHANodeDetails (OMHANodeDetails.java:loadOMHAConfig(118)) - ServiceID for OzoneManager is om-bootstrap
2021-07-28 21:02:26,100 [Listener at 127.0.0.1/11612] INFO  ha.OMHANodeDetails (OMHANodeDetails.java:loadOMHAConfig(194)) - Found matching OM address with OMServiceId: om-bootstrap, OMNodeId: omNode-bootstrap-1, RPC Address: localhost:12448 and Ratis port: 12452
2021-07-28 21:02:26,100 [Listener at 127.0.0.1/11612] INFO  ha.OMHANodeDetails (ConfUtils.java:setNodeSpecificConfigs(108)) - Setting configuration key ozone.om.http-address with value of key ozone.om.http-address.om-bootstrap.omNode-bootstrap-1: 127.0.0.1:12450
2021-07-28 21:02:26,100 [Listener at 127.0.0.1/11612] INFO  ha.OMHANodeDetails (ConfUtils.java:setNodeSpecificConfigs(108)) - Setting configuration key ozone.om.https-address with value of key ozone.om.https-address.om-bootstrap.omNode-bootstrap-1: 127.0.0.1:12451
2021-07-28 21:02:26,101 [pool-177-thread-1] INFO  storage.RaftStorageDirectory (RaftStorageDirectoryImpl.java:tryLock(230)) - Lock on /home/runner/work/ozone/ozone/mnt/ozone/hadoop-ozone/integration-test/target/test-dir/MiniOzoneClusterImpl-78c7c17c-5238-474f-b89e-7e5468740183/omNode-bootstrap-1/ratis/a5a8c63e-4922-3a03-b163-33fc8b15a7e9/in_use.lock acquired by nodename 11863@fv-az151-48
2021-07-28 21:02:26,101 [Listener at 127.0.0.1/11612] INFO  ha.OMHANodeDetails (ConfUtils.java:setNodeSpecificConfigs(108)) - Setting configuration key ozone.om.address with value of key ozone.om.address.om-bootstrap.omNode-bootstrap-1: 127.0.0.1:12448
2021-07-28 21:02:26,101 [Listener at 127.0.0.1/11612] WARN  server.ServerUtils (ServerUtils.java:getDBPath(225)) - ozone.om.db.dirs is not configured. We recommend adding this setting. Falling back to ozone.metadata.dirs instead.
OM already initialized.Reusing existing cluster id for sd=/home/runner/work/ozone/ozone/mnt/ozone/hadoop-ozone/integration-test/target/test-dir/MiniOzoneClusterImpl-78c7c17c-5238-474f-b89e-7e5468740183/omNode-bootstrap-1/om;cid=78c7c17c-5238-474f-b89e-7e5468740183;layoutVersion=0
2021-07-28 21:02:26,101 [Listener at 127.0.0.1/11612] INFO  ha.OMHANodeDetails (OMHANodeDetails.java:loadOMHAConfig(118)) - ServiceID for OzoneManager is om-bootstrap
2021-07-28 21:02:26,102 [Listener at 127.0.0.1/11612] INFO  ha.OMHANodeDetails (OMHANodeDetails.java:loadOMHAConfig(194)) - Found matching OM address with OMServiceId: om-bootstrap, OMNodeId: omNode-bootstrap-1, RPC Address: localhost:12448 and Ratis port: 12452
2021-07-28 21:02:26,102 [Listener at 127.0.0.1/11612] INFO  ha.OMHANodeDetails (ConfUtils.java:setNodeSpecificConfigs(108)) - Setting configuration key ozone.om.http-address with value of key ozone.om.http-address.om-bootstrap.omNode-bootstrap-1: 127.0.0.1:12450
2021-07-28 21:02:26,102 [Listener at 127.0.0.1/11612] INFO  ha.OMHANodeDetails (ConfUtils.java:setNodeSpecificConfigs(108)) - Setting configuration key ozone.om.https-address with value of key ozone.om.https-address.om-bootstrap.omNode-bootstrap-1: 127.0.0.1:12451
2021-07-28 21:02:26,102 [Listener at 127.0.0.1/11612] INFO  ha.OMHANodeDetails (ConfUtils.java:setNodeSpecificConfigs(108)) - Setting configuration key ozone.om.address with value of key ozone.om.address.om-bootstrap.omNode-bootstrap-1: 127.0.0.1:12448
2021-07-28 21:02:26,102 [Listener at 127.0.0.1/11612] WARN  server.ServerUtils (ServerUtils.java:getDBPath(225)) - ozone.om.db.dirs is not configured. We recommend adding this setting. Falling back to ozone.metadata.dirs instead.
2021-07-28 21:02:26,102 [Listener at 127.0.0.1/11612] INFO  upgrade.AbstractLayoutVersionManager (AbstractLayoutVersionManager.java:init(70)) - Initializing Layout version manager with metadata layout = INITIAL_VERSION (version = 0), software layout = INITIAL_VERSION (version = 0)
2021-07-28 21:02:26,105 [pool-177-thread-1] INFO  storage.RaftStorage (RaftStorageImpl.java:format(89)) - Storage directory /home/runner/work/ozone/ozone/mnt/ozone/hadoop-ozone/integration-test/target/test-dir/MiniOzoneClusterImpl-78c7c17c-5238-474f-b89e-7e5468740183/omNode-bootstrap-1/ratis/a5a8c63e-4922-3a03-b163-33fc8b15a7e9 has been successfully formatted.
2021-07-28 21:02:26,106 [pool-177-thread-1] INFO  server.RaftServerConfigKeys (ConfUtils.java:logGet(44)) - raft.server.notification.no-leader.timeout = 2s (custom)
2021-07-28 21:02:26,106 [pool-177-thread-1] INFO  server.RaftServerConfigKeys (ConfUtils.java:logGet(44)) - raft.server.log.use.memory = false (default)
2021-07-28 21:02:26,106 [pool-177-thread-1] INFO  server.RaftServerConfigKeys (ConfUtils.java:logGet(44)) - raft.server.log.purge.gap = 1000000 (custom)
2021-07-28 21:02:26,106 [pool-177-thread-1] INFO  server.RaftServerConfigKeys (ConfUtils.java:logGet(44)) - raft.server.log.appender.buffer.byte-limit = 33554432 (custom)
2021-07-28 21:02:26,106 [pool-177-thread-1] INFO  server.RaftServerConfigKeys (ConfUtils.java:logGet(44)) - raft.server.log.segment.size.max = 4194304 (custom)
2021-07-28 21:02:26,106 [pool-177-thread-1] INFO  server.RaftServerConfigKeys (ConfUtils.java:logGet(44)) - raft.server.log.segment.cache.num.max = 2 (custom)
2021-07-28 21:02:26,106 [pool-177-thread-1] INFO  server.RaftServerConfigKeys (ConfUtils.java:logGet(44)) - raft.server.log.segment.cache.size.max = 200MB (=209715200) (default)
2021-07-28 21:02:26,106 [pool-177-thread-1] INFO  segmented.SegmentedRaftLogWorker (SegmentedRaftLogWorker.java:<init>(182)) - new omNode-bootstrap-1@group-33FC8B15A7E9-SegmentedRaftLogWorker for RaftStorageImpl:Storage Directory /home/runner/work/ozone/ozone/mnt/ozone/hadoop-ozone/integration-test/target/test-dir/MiniOzoneClusterImpl-78c7c17c-5238-474f-b89e-7e5468740183/omNode-bootstrap-1/ratis/a5a8c63e-4922-3a03-b163-33fc8b15a7e9
2021-07-28 21:02:26,106 [pool-177-thread-1] INFO  server.RaftServerConfigKeys (ConfUtils.java:logGet(44)) - raft.server.log.queue.byte-limit = 64MB (=67108864) (default)
2021-07-28 21:02:26,107 [pool-177-thread-1] INFO  server.RaftServerConfigKeys (ConfUtils.java:logGet(44)) - raft.server.log.queue.element-limit = 4096 (default)
2021-07-28 21:02:26,107 [pool-177-thread-1] INFO  server.RaftServerConfigKeys (ConfUtils.java:logGet(44)) - raft.server.log.segment.size.max = 4194304 (custom)
2021-07-28 21:02:26,107 [pool-177-thread-1] INFO  server.RaftServerConfigKeys (ConfUtils.java:logGet(44)) - raft.server.log.preallocated.size = 4194304 (custom)
2021-07-28 21:02:26,107 [pool-177-thread-1] INFO  server.RaftServerConfigKeys (ConfUtils.java:logGet(44)) - raft.server.log.force.sync.num = 128 (default)
2021-07-28 21:02:26,107 [pool-177-thread-1] INFO  server.RaftServerConfigKeys (ConfUtils.java:logGet(44)) - raft.server.log.statemachine.data.sync = true (default)
2021-07-28 21:02:26,107 [pool-177-thread-1] INFO  server.RaftServerConfigKeys (ConfUtils.java:logGet(44)) - raft.server.log.statemachine.data.sync.timeout = 10s (default)
2021-07-28 21:02:26,107 [pool-177-thread-1] INFO  server.RaftServerConfigKeys (ConfUtils.java:logGet(44)) - raft.server.log.statemachine.data.sync.timeout.retry = -1 (default)
2021-07-28 21:02:26,113 [pool-177-thread-1] INFO  server.RaftServerConfigKeys (ConfUtils.java:logGet(44)) - raft.server.log.write.buffer.size = 64KB (=65536) (default)
2021-07-28 21:02:26,114 [pool-177-thread-1] INFO  server.RaftServerConfigKeys (ConfUtils.java:logGet(44)) - raft.server.log.statemachine.data.caching.enabled = false (default)
2021-07-28 21:02:26,114 [pool-177-thread-1] INFO  segmented.SegmentedRaftLogWorker (SegmentedRaftLogWorker.java:lambda$new$0(133)) - omNode-bootstrap-1@group-33FC8B15A7E9-SegmentedRaftLogWorker: flushIndex: setUnconditionally 0 -> -1
2021-07-28 21:02:26,114 [pool-177-thread-1] INFO  segmented.SegmentedRaftLogWorker (SegmentedRaftLogWorker.java:lambda$new$0(133)) - omNode-bootstrap-1@group-33FC8B15A7E9-SegmentedRaftLogWorker: safeCacheEvictIndex: setUnconditionally 0 -> -1
2021-07-28 21:02:26,117 [pool-177-thread-1] INFO  server.RaftServerConfigKeys (ConfUtils.java:logGet(44)) - raft.server.snapshot.auto.trigger.enabled = true (custom)
2021-07-28 21:02:26,117 [pool-177-thread-1] INFO  server.RaftServerConfigKeys (ConfUtils.java:logGet(44)) - raft.server.snapshot.auto.trigger.threshold = 400000 (default)
2021-07-28 21:02:26,117 [pool-177-thread-1] INFO  server.RaftServerConfigKeys (ConfUtils.java:logGet(44)) - raft.server.snapshot.retention.file.num = -1 (default)
2021-07-28 21:02:26,117 [pool-177-thread-1] INFO  server.RaftServerConfigKeys (ConfUtils.java:logGet(44)) - raft.server.log.purge.upto.snapshot.index = true (custom)
2021-07-28 21:02:26,117 [pool-177-thread-1] INFO  server.RaftServerConfigKeys (ConfUtils.java:logGet(44)) - raft.server.retrycache.expirytime = 300s (custom)
2021-07-28 21:02:26,117 [pool-177-thread-1] INFO  server.RaftServerConfigKeys (ConfUtils.java:logGet(44)) - raft.server.retrycache.statistics.expirytime = 100μs (default)
2021-07-28 21:02:26,163 [Listener at 127.0.0.1/11612] INFO  reflections.Reflections (Reflections.java:scan(232)) - Reflections took 60 ms to scan 2 urls, producing 131 keys and 342 values [using 2 cores]
2021-07-28 21:02:26,163 [Listener at 127.0.0.1/11612] INFO  upgrade.OMLayoutVersionManager (OMLayoutVersionManager.java:lambda$0(116)) - Skipping Upgrade Action MockOmUpgradeAction since it has been finalized.
2021-07-28 21:02:26,164 [Listener at 127.0.0.1/11612] WARN  server.ServerUtils (ServerUtils.java:getDBPath(225)) - ozone.om.db.dirs is not configured. We recommend adding this setting. Falling back to ozone.metadata.dirs instead.
2021-07-28 21:02:26,164 [Listener at 127.0.0.1/11612] INFO  ha.SCMNodeInfo (SCMNodeInfo.java:getPort(197)) - ConfigKey ozone.scm.client.address is deprecated, For configuring different ports for each SCM use PortConfigKey ozone.scm.client.port appended with serviceId and nodeId
2021-07-28 21:02:26,164 [Listener at 127.0.0.1/11612] INFO  ha.SCMNodeInfo (SCMNodeInfo.java:getPort(197)) - ConfigKey ozone.scm.block.client.address is deprecated, For configuring different ports for each SCM use PortConfigKey ozone.scm.block.client.port appended with serviceId and nodeId
2021-07-28 21:02:26,164 [Listener at 127.0.0.1/11612] INFO  ha.SCMNodeInfo (SCMNodeInfo.java:getPort(197)) - ConfigKey ozone.scm.datanode.address is deprecated, For configuring different ports for each SCM use PortConfigKey ozone.scm.datanode.port appended with serviceId and nodeId
2021-07-28 21:02:26,164 [Listener at 127.0.0.1/11612] INFO  ha.SCMNodeInfo (SCMNodeInfo.java:getPort(197)) - ConfigKey ozone.scm.client.address is deprecated, For configuring different ports for each SCM use PortConfigKey ozone.scm.client.port appended with serviceId and nodeId
2021-07-28 21:02:26,165 [Listener at 127.0.0.1/11612] INFO  ha.SCMNodeInfo (SCMNodeInfo.java:getPort(197)) - ConfigKey ozone.scm.block.client.address is deprecated, For configuring different ports for each SCM use PortConfigKey ozone.scm.block.client.port appended with serviceId and nodeId
2021-07-28 21:02:26,165 [Listener at 127.0.0.1/11612] INFO  ha.SCMNodeInfo (SCMNodeInfo.java:getPort(197)) - ConfigKey ozone.scm.datanode.address is deprecated, For configuring different ports for each SCM use PortConfigKey ozone.scm.datanode.port appended with serviceId and nodeId
2021-07-28 21:02:26,166 [Listener at 127.0.0.1/11612] INFO  ha.SCMNodeInfo (SCMNodeInfo.java:getPort(197)) - ConfigKey ozone.scm.client.address is deprecated, For configuring different ports for each SCM use PortConfigKey ozone.scm.client.port appended with serviceId and nodeId
2021-07-28 21:02:26,166 [Listener at 127.0.0.1/11612] INFO  ha.SCMNodeInfo (SCMNodeInfo.java:getPort(197)) - ConfigKey ozone.scm.block.client.address is deprecated, For configuring different ports for each SCM use PortConfigKey ozone.scm.block.client.port appended with serviceId and nodeId
2021-07-28 21:02:26,166 [Listener at 127.0.0.1/11612] INFO  ha.SCMNodeInfo (SCMNodeInfo.java:getPort(197)) - ConfigKey ozone.scm.datanode.address is deprecated, For configuring different ports for each SCM use PortConfigKey ozone.scm.datanode.port appended with serviceId and nodeId
2021-07-28 21:02:26,171 [Listener at 127.0.0.1/11612] WARN  server.ServerUtils (ServerUtils.java:getDBPath(225)) - ozone.om.db.dirs is not configured. We recommend adding this setting. Falling back to ozone.metadata.dirs instead.
2021-07-28 21:02:26,171 [Listener at 127.0.0.1/11612] INFO  codec.OmKeyInfoCodec (OmKeyInfoCodec.java:<init>(51)) - OmKeyInfoCodec ignorePipeline = true
2021-07-28 21:02:26,171 [Listener at 127.0.0.1/11612] INFO  codec.RepeatedOmKeyInfoCodec (RepeatedOmKeyInfoCodec.java:<init>(42)) - RepeatedOmKeyInfoCodec ignorePipeline = true
2021-07-28 21:02:26,180 [Listener at 127.0.0.1/11612] INFO  ozone.MiniOzoneClusterImpl (MiniOzoneClusterImpl.java:shutdown(453)) - Shutting down the Mini Ozone Cluster
2021-07-28 21:02:26,181 [Listener at 127.0.0.1/11612] INFO  ozone.MiniOzoneHAClusterImpl (MiniOzoneHAClusterImpl.java:stop(297)) - Stopping the OzoneManager omNode-3
2021-07-28 21:02:26,181 [Listener at 127.0.0.1/11612] INFO  om.OzoneManager (OzoneManager.java:stop(1601)) - Stopping Ozone Manager
2021-07-28 21:02:26,181 [Listener at 127.0.0.1/11612] INFO  ipc.Server (Server.java:stop(3414)) - Stopping server on 11612
2021-07-28 21:02:26,187 [IPC Server listener on 11612] INFO  ipc.Server (Server.java:run(1376)) - Stopping IPC Server listener on 11612
2021-07-28 21:02:26,188 [IPC Server Responder] INFO  ipc.Server (Server.java:run(1512)) - Stopping IPC Server Responder
2021-07-28 21:02:26,188 [Listener at 127.0.0.1/11612] INFO  server.RaftServer (RaftServerProxy.java:lambda$close$6(391)) - omNode-3: close
2021-07-28 21:02:26,188 [Listener at 127.0.0.1/11612] INFO  server.RaftServer$Division (RaftServerImpl.java:lambda$close$4(407)) - omNode-3@group-33FC8B15A7E9: shutdown
2021-07-28 21:02:26,188 [Listener at 127.0.0.1/11612] INFO  util.JmxRegister (JmxRegister.java:unregister(73)) - Successfully un-registered JMX Bean with object name Ratis:service=RaftServer,group=group-33FC8B15A7E9,id=omNode-3
2021-07-28 21:02:26,188 [Listener at 127.0.0.1/11612] INFO  impl.RoleInfo (RoleInfo.java:shutdownFollowerState(108)) - omNode-3: shutdown omNode-3@group-33FC8B15A7E9-FollowerState
2021-07-28 21:02:26,189 [omNode-3@group-33FC8B15A7E9-FollowerState] INFO  impl.FollowerState (FollowerState.java:run(143)) - omNode-3@group-33FC8B15A7E9-FollowerState was interrupted: {}
java.lang.InterruptedException: sleep interrupted
	at java.lang.Thread.sleep(Native Method)
	at java.lang.Thread.sleep(Thread.java:340)
	at java.util.concurrent.TimeUnit.sleep(TimeUnit.java:386)
	at org.apache.ratis.util.TimeDuration.sleep(TimeDuration.java:324)
	at org.apache.ratis.util.TimeDuration.sleep(TimeDuration.java:309)
	at org.apache.ratis.server.impl.FollowerState.run(FollowerState.java:118)
2021-07-28 21:02:26,189 [omNode-3@group-33FC8B15A7E9-StateMachineUpdater] INFO  ratis.OzoneManagerStateMachine (OzoneManagerStateMachine.java:takeSnapshot(417)) - Current Snapshot Index (t:1, i:7)
2021-07-28 21:02:26,189 [omNode-3@group-33FC8B15A7E9-StateMachineUpdater] INFO  impl.StateMachineUpdater (StateMachineUpdater.java:takeSnapshot(281)) - omNode-3@group-33FC8B15A7E9-StateMachineUpdater: Took a snapshot at index 7
2021-07-28 21:02:26,189 [omNode-3@group-33FC8B15A7E9-StateMachineUpdater] INFO  impl.StateMachineUpdater (StateMachineUpdater.java:lambda$new$0(89)) - omNode-3@group-33FC8B15A7E9-StateMachineUpdater: snapshotIndex: updateIncreasingly -1 -> 7
2021-07-28 21:02:26,189 [omNode-3@group-33FC8B15A7E9-StateMachineUpdater] INFO  ratis.OzoneManagerStateMachine (OzoneManagerStateMachine.java:close(471)) - StateMachine has shutdown. Shutdown OzoneManager if not already shutdown.
2021-07-28 21:02:26,190 [Listener at 127.0.0.1/11612] INFO  impl.StateMachineUpdater (StateMachineUpdater.java:stopAndJoin(149)) - omNode-3@group-33FC8B15A7E9-StateMachineUpdater: set stopIndex = 7
2021-07-28 21:02:26,190 [Listener at 127.0.0.1/11612] INFO  server.RaftServer$Division (ServerState.java:close(419)) - omNode-3@group-33FC8B15A7E9: closes. applyIndex: 7
2021-07-28 21:02:26,192 [omNode-3@group-33FC8B15A7E9-SegmentedRaftLogWorker] INFO  segmented.SegmentedRaftLogWorker (SegmentedRaftLogWorker.java:run(327)) - omNode-3@group-33FC8B15A7E9-SegmentedRaftLogWorker was interrupted, exiting. There are 0 tasks remaining in the queue.
2021-07-28 21:02:26,194 [Listener at 127.0.0.1/11612] INFO  segmented.SegmentedRaftLogWorker (SegmentedRaftLogWorker.java:close(237)) - omNode-3@group-33FC8B15A7E9-SegmentedRaftLogWorker close()
2021-07-28 21:02:26,196 [Listener at 127.0.0.1/11612] INFO  server.GrpcService (GrpcService.java:closeImpl(262)) - omNode-3: shutdown server with port 11616 now
2021-07-28 21:02:26,199 [grpc-default-executor-3] WARN  server.GrpcServerProtocolService (LogUtils.java:warn(122)) - omNode-3: installSnapshot onError, lastRequest: omNode-2->omNode-3#94-t1,previous=(t:1, i:7),leaderCommit=7,initializing? true,entries: size=1, first=(t:1, i:8), METADATAENTRY(c:7): org.apache.ratis.thirdparty.io.grpc.StatusRuntimeException: CANCELLED: client cancelled
2021-07-28 21:02:26,203 [grpc-default-executor-1] WARN  server.GrpcLogAppender (LogUtils.java:warn(122)) - omNode-2@group-33FC8B15A7E9->omNode-3-AppendLogResponseHandler: Failed appendEntries: org.apache.ratis.thirdparty.io.grpc.StatusRuntimeException: CANCELLED: HTTP/2 error code: CANCEL
Received Rst Stream
2021-07-28 21:02:26,205 [grpc-default-executor-1] INFO  leader.FollowerInfo (FollowerInfoImpl.java:lambda$new$0(46)) - omNode-2@group-33FC8B15A7E9->omNode-3: nextIndex: updateUnconditionally 9 -> 8
2021-07-28 21:02:26,205 [Listener at 127.0.0.1/11612] INFO  server.GrpcService (GrpcService.java:closeImpl(271)) - omNode-3: shutdown server with port 11616 successfully
2021-07-28 21:02:26,206 [org.apache.ratis.util.JvmPauseMonitor$$Lambda$430/1677697972@517922de] INFO  util.JvmPauseMonitor (JvmPauseMonitor.java:run(109)) - JvmPauseMonitor-omNode-3: Stopped
2021-07-28 21:02:26,206 [Listener at 127.0.0.1/11612] INFO  ratis.OzoneManagerDoubleBuffer (OzoneManagerDoubleBuffer.java:stop(437)) - Stopping OMDoubleBuffer flush thread
2021-07-28 21:02:26,206 [OMDoubleBufferFlushThread] INFO  ratis.OzoneManagerDoubleBuffer (OzoneManagerDoubleBuffer.java:flushTransactions(356)) - OMDoubleBuffer flush thread OMDoubleBufferFlushThread is interrupted and will exit. OMDoubleBufferFlushThread
2021-07-28 21:02:26,207 [Listener at 127.0.0.1/11612] INFO  utils.BackgroundService (BackgroundService.java:shutdown(132)) - Shutting down service KeyDeletingService
2021-07-28 21:02:26,209 [Listener at 127.0.0.1/11612] INFO  handler.ContextHandler (ContextHandler.java:doStop(1154)) - Stopped o.e.j.w.WebAppContext@18df7b38{ozoneManager,/,null,STOPPED}{file:/home/runner/work/ozone/ozone/mnt/ozone/hadoop-ozone/integration-test/target/test-classes/webapps/ozoneManager}
2021-07-28 21:02:26,223 [grpc-default-executor-3] WARN  server.GrpcLogAppender (LogUtils.java:warn(122)) - omNode-2@group-33FC8B15A7E9->omNode-3-AppendLogResponseHandler: Failed appendEntries: org.apache.ratis.thirdparty.io.grpc.StatusRuntimeException: UNAVAILABLE: io exception
2021-07-28 21:02:26,224 [grpc-default-executor-3] INFO  leader.FollowerInfo (FollowerInfoImpl.java:lambda$new$0(46)) - omNode-2@group-33FC8B15A7E9->omNode-3: nextIndex: updateUnconditionally 9 -> 8
2021-07-28 21:02:26,230 [Listener at 127.0.0.1/11612] INFO  server.AbstractConnector (AbstractConnector.java:doStop(381)) - Stopped ServerConnector@1fc122c{HTTP/1.1, (http/1.1)}{0.0.0.0:11614}
2021-07-28 21:02:26,233 [Listener at 127.0.0.1/11612] INFO  server.session (HouseKeeper.java:stopScavenging(149)) - node0 Stopped scavenging
2021-07-28 21:02:26,234 [Listener at 127.0.0.1/11612] INFO  handler.ContextHandler (ContextHandler.java:doStop(1154)) - Stopped o.e.j.s.ServletContextHandler@6bc2ab9c{static,/static,file:///home/runner/work/ozone/ozone/mnt/ozone/hadoop-ozone/integration-test/target/test-classes/webapps/static,STOPPED}
2021-07-28 21:02:26,234 [Listener at 127.0.0.1/11612] INFO  handler.ContextHandler (ContextHandler.java:doStop(1154)) - Stopped o.e.j.s.ServletContextHandler@4eb32262{logs,/logs,file:///home/runner/work/ozone/ozone/mnt/ozone/hadoop-ozone/integration-test/target/log,STOPPED}
2021-07-28 21:02:26,237 [Listener at 127.0.0.1/11612] INFO  ozone.MiniOzoneHAClusterImpl (MiniOzoneHAClusterImpl.java:stop(297)) - Stopping the OzoneManager omNode-1
2021-07-28 21:02:26,237 [Listener at 127.0.0.1/11612] INFO  om.OzoneManager (OzoneManager.java:stop(1601)) - Stopping Ozone Manager
2021-07-28 21:02:26,238 [Listener at 127.0.0.1/11612] INFO  ipc.Server (Server.java:stop(3414)) - Stopping server on 11600
2021-07-28 21:02:26,242 [IPC Server listener on 11600] INFO  ipc.Server (Server.java:run(1376)) - Stopping IPC Server listener on 11600
2021-07-28 21:02:26,243 [IPC Server Responder] INFO  ipc.Server (Server.java:run(1512)) - Stopping IPC Server Responder
2021-07-28 21:02:26,243 [Listener at 127.0.0.1/11612] INFO  server.RaftServer (RaftServerProxy.java:lambda$close$6(391)) - omNode-1: close
2021-07-28 21:02:26,243 [Listener at 127.0.0.1/11612] INFO  server.RaftServer$Division (RaftServerImpl.java:lambda$close$4(407)) - omNode-1@group-33FC8B15A7E9: shutdown
2021-07-28 21:02:26,243 [Listener at 127.0.0.1/11612] INFO  util.JmxRegister (JmxRegister.java:unregister(73)) - Successfully un-registered JMX Bean with object name Ratis:service=RaftServer,group=group-33FC8B15A7E9,id=omNode-1
2021-07-28 21:02:26,243 [Listener at 127.0.0.1/11612] INFO  impl.RoleInfo (RoleInfo.java:shutdownFollowerState(108)) - omNode-1: shutdown omNode-1@group-33FC8B15A7E9-FollowerState
2021-07-28 21:02:26,243 [Listener at 127.0.0.1/11612] INFO  impl.StateMachineUpdater (StateMachineUpdater.java:stopAndJoin(149)) - omNode-1@group-33FC8B15A7E9-StateMachineUpdater: set stopIndex = 7
2021-07-28 21:02:26,243 [omNode-1@group-33FC8B15A7E9-StateMachineUpdater] INFO  ratis.OzoneManagerStateMachine (OzoneManagerStateMachine.java:takeSnapshot(417)) - Current Snapshot Index (t:1, i:7)
2021-07-28 21:02:26,244 [omNode-1@group-33FC8B15A7E9-StateMachineUpdater] INFO  impl.StateMachineUpdater (StateMachineUpdater.java:takeSnapshot(281)) - omNode-1@group-33FC8B15A7E9-StateMachineUpdater: Took a snapshot at index 7
2021-07-28 21:02:26,244 [omNode-1@group-33FC8B15A7E9-StateMachineUpdater] INFO  impl.StateMachineUpdater (StateMachineUpdater.java:lambda$new$0(89)) - omNode-1@group-33FC8B15A7E9-StateMachineUpdater: snapshotIndex: updateIncreasingly -1 -> 7
2021-07-28 21:02:26,244 [omNode-1@group-33FC8B15A7E9-StateMachineUpdater] INFO  ratis.OzoneManagerStateMachine (OzoneManagerStateMachine.java:close(471)) - StateMachine has shutdown. Shutdown OzoneManager if not already shutdown.
2021-07-28 21:02:26,244 [Listener at 127.0.0.1/11612] INFO  server.RaftServer$Division (ServerState.java:close(419)) - omNode-1@group-33FC8B15A7E9: closes. applyIndex: 7
2021-07-28 21:02:26,243 [omNode-1@group-33FC8B15A7E9-FollowerState] INFO  impl.FollowerState (FollowerState.java:run(143)) - omNode-1@group-33FC8B15A7E9-FollowerState was interrupted: {}
java.lang.InterruptedException: sleep interrupted
	at java.lang.Thread.sleep(Native Method)
	at java.lang.Thread.sleep(Thread.java:340)
	at java.util.concurrent.TimeUnit.sleep(TimeUnit.java:386)
	at org.apache.ratis.util.TimeDuration.sleep(TimeDuration.java:324)
	at org.apache.ratis.util.TimeDuration.sleep(TimeDuration.java:309)
	at org.apache.ratis.server.impl.FollowerState.run(FollowerState.java:118)
2021-07-28 21:02:26,244 [omNode-1@group-33FC8B15A7E9-SegmentedRaftLogWorker] INFO  segmented.SegmentedRaftLogWorker (SegmentedRaftLogWorker.java:run(327)) - omNode-1@group-33FC8B15A7E9-SegmentedRaftLogWorker was interrupted, exiting. There are 0 tasks remaining in the queue.
2021-07-28 21:02:26,247 [Listener at 127.0.0.1/11612] INFO  segmented.SegmentedRaftLogWorker (SegmentedRaftLogWorker.java:close(237)) - omNode-1@group-33FC8B15A7E9-SegmentedRaftLogWorker close()
2021-07-28 21:02:26,249 [Listener at 127.0.0.1/11612] INFO  server.GrpcService (GrpcService.java:closeImpl(262)) - omNode-1: shutdown server with port 11604 now
2021-07-28 21:02:26,250 [grpc-default-executor-1] WARN  server.GrpcServerProtocolService (LogUtils.java:warn(122)) - omNode-1: installSnapshot onError, lastRequest: omNode-2->omNode-1#98-t1,previous=(t:1, i:7),leaderCommit=7,initializing? true,entries: size=1, first=(t:1, i:8), METADATAENTRY(c:7): org.apache.ratis.thirdparty.io.grpc.StatusRuntimeException: CANCELLED: client cancelled
2021-07-28 21:02:26,251 [grpc-default-executor-2] WARN  server.GrpcLogAppender (LogUtils.java:warn(122)) - omNode-2@group-33FC8B15A7E9->omNode-1-AppendLogResponseHandler: Failed appendEntries: org.apache.ratis.thirdparty.io.grpc.StatusRuntimeException: CANCELLED: HTTP/2 error code: CANCEL
Received Rst Stream
2021-07-28 21:02:26,251 [grpc-default-executor-2] INFO  leader.FollowerInfo (FollowerInfoImpl.java:lambda$new$0(46)) - omNode-2@group-33FC8B15A7E9->omNode-1: nextIndex: updateUnconditionally 9 -> 8
2021-07-28 21:02:26,254 [Listener at 127.0.0.1/11612] INFO  server.GrpcService (GrpcService.java:closeImpl(271)) - omNode-1: shutdown server with port 11604 successfully
2021-07-28 21:02:26,256 [org.apache.ratis.util.JvmPauseMonitor$$Lambda$430/1677697972@6f59238a] INFO  util.JvmPauseMonitor (JvmPauseMonitor.java:run(109)) - JvmPauseMonitor-omNode-1: Stopped
2021-07-28 21:02:26,256 [Listener at 127.0.0.1/11612] INFO  ratis.OzoneManagerDoubleBuffer (OzoneManagerDoubleBuffer.java:stop(437)) - Stopping OMDoubleBuffer flush thread
2021-07-28 21:02:26,256 [OMDoubleBufferFlushThread] INFO  ratis.OzoneManagerDoubleBuffer (OzoneManagerDoubleBuffer.java:flushTransactions(356)) - OMDoubleBuffer flush thread OMDoubleBufferFlushThread is interrupted and will exit. OMDoubleBufferFlushThread
2021-07-28 21:02:26,257 [grpc-default-executor-2] WARN  server.GrpcLogAppender (LogUtils.java:warn(122)) - omNode-2@group-33FC8B15A7E9->omNode-1-AppendLogResponseHandler: Failed appendEntries: org.apache.ratis.thirdparty.io.grpc.StatusRuntimeException: UNAVAILABLE: io exception
2021-07-28 21:02:26,257 [grpc-default-executor-2] INFO  leader.FollowerInfo (FollowerInfoImpl.java:lambda$new$0(46)) - omNode-2@group-33FC8B15A7E9->omNode-1: nextIndex: updateUnconditionally 9 -> 8
2021-07-28 21:02:26,257 [Listener at 127.0.0.1/11612] INFO  utils.BackgroundService (BackgroundService.java:shutdown(132)) - Shutting down service KeyDeletingService
2021-07-28 21:02:26,258 [Listener at 127.0.0.1/11612] INFO  handler.ContextHandler (ContextHandler.java:doStop(1154)) - Stopped o.e.j.w.WebAppContext@746440b9{ozoneManager,/,null,STOPPED}{file:/home/runner/work/ozone/ozone/mnt/ozone/hadoop-ozone/integration-test/target/test-classes/webapps/ozoneManager}
2021-07-28 21:02:26,260 [Listener at 127.0.0.1/11612] INFO  server.AbstractConnector (AbstractConnector.java:doStop(381)) - Stopped ServerConnector@7db4d759{HTTP/1.1, (http/1.1)}{0.0.0.0:11602}
2021-07-28 21:02:26,260 [Listener at 127.0.0.1/11612] INFO  server.session (HouseKeeper.java:stopScavenging(149)) - node0 Stopped scavenging
2021-07-28 21:02:26,261 [Listener at 127.0.0.1/11612] INFO  handler.ContextHandler (ContextHandler.java:doStop(1154)) - Stopped o.e.j.s.ServletContextHandler@6219b5a1{static,/static,file:///home/runner/work/ozone/ozone/mnt/ozone/hadoop-ozone/integration-test/target/test-classes/webapps/static,STOPPED}
2021-07-28 21:02:26,261 [Listener at 127.0.0.1/11612] INFO  handler.ContextHandler (ContextHandler.java:doStop(1154)) - Stopped o.e.j.s.ServletContextHandler@19cee821{logs,/logs,file:///home/runner/work/ozone/ozone/mnt/ozone/hadoop-ozone/integration-test/target/log,STOPPED}
2021-07-28 21:02:26,262 [Listener at 127.0.0.1/11612] INFO  ozone.MiniOzoneHAClusterImpl (MiniOzoneHAClusterImpl.java:stop(297)) - Stopping the OzoneManager omNode-2
2021-07-28 21:02:26,262 [Listener at 127.0.0.1/11612] INFO  om.OzoneManager (OzoneManager.java:stop(1601)) - Stopping Ozone Manager
2021-07-28 21:02:26,262 [Listener at 127.0.0.1/11612] INFO  ipc.Server (Server.java:stop(3414)) - Stopping server on 11606
2021-07-28 21:02:26,264 [IPC Server Responder] INFO  ipc.Server (Server.java:run(1512)) - Stopping IPC Server Responder
2021-07-28 21:02:26,264 [Listener at 127.0.0.1/11612] INFO  server.RaftServer (RaftServerProxy.java:lambda$close$6(391)) - omNode-2: close
2021-07-28 21:02:26,265 [IPC Server listener on 11606] INFO  ipc.Server (Server.java:run(1376)) - Stopping IPC Server listener on 11606
2021-07-28 21:02:26,265 [Listener at 127.0.0.1/11612] INFO  server.RaftServer$Division (RaftServerImpl.java:lambda$close$4(407)) - omNode-2@group-33FC8B15A7E9: shutdown
2021-07-28 21:02:26,265 [Listener at 127.0.0.1/11612] INFO  util.JmxRegister (JmxRegister.java:unregister(73)) - Successfully un-registered JMX Bean with object name Ratis:service=RaftServer,group=group-33FC8B15A7E9,id=omNode-2
2021-07-28 21:02:26,267 [Listener at 127.0.0.1/11612] INFO  impl.RoleInfo (RoleInfo.java:shutdownLeaderState(91)) - omNode-2: shutdown omNode-2@group-33FC8B15A7E9-LeaderStateImpl
2021-07-28 21:02:26,268 [Listener at 127.0.0.1/11612] INFO  impl.PendingRequests (PendingRequests.java:sendNotLeaderResponses(249)) - omNode-2@group-33FC8B15A7E9-PendingRequests: sendNotLeaderResponses
2021-07-28 21:02:26,268 [omNode-2@group-33FC8B15A7E9->omNode-1-GrpcLogAppender-LogAppenderDaemon] WARN  server.GrpcLogAppender (GrpcLogAppender.java:mayWait(175)) - omNode-2@group-33FC8B15A7E9->omNode-1-GrpcLogAppender: Wait interrupted by java.lang.InterruptedException
2021-07-28 21:02:26,268 [omNode-2@group-33FC8B15A7E9->omNode-3-GrpcLogAppender-LogAppenderDaemon] WARN  server.GrpcLogAppender (GrpcLogAppender.java:mayWait(175)) - omNode-2@group-33FC8B15A7E9->omNode-3-GrpcLogAppender: Wait interrupted by java.lang.InterruptedException
2021-07-28 21:02:26,270 [Listener at 127.0.0.1/11612] INFO  impl.StateMachineUpdater (StateMachineUpdater.java:stopAndJoin(149)) - omNode-2@group-33FC8B15A7E9-StateMachineUpdater: set stopIndex = 8
2021-07-28 21:02:26,270 [omNode-2@group-33FC8B15A7E9-StateMachineUpdater] INFO  ratis.OzoneManagerStateMachine (OzoneManagerStateMachine.java:takeSnapshot(417)) - Current Snapshot Index (t:1, i:8)
2021-07-28 21:02:26,270 [omNode-2@group-33FC8B15A7E9-StateMachineUpdater] INFO  impl.StateMachineUpdater (StateMachineUpdater.java:takeSnapshot(281)) - omNode-2@group-33FC8B15A7E9-StateMachineUpdater: Took a snapshot at index 8
2021-07-28 21:02:26,270 [omNode-2@group-33FC8B15A7E9-StateMachineUpdater] INFO  impl.StateMachineUpdater (StateMachineUpdater.java:lambda$new$0(89)) - omNode-2@group-33FC8B15A7E9-StateMachineUpdater: snapshotIndex: updateIncreasingly -1 -> 8
2021-07-28 21:02:26,270 [omNode-2@group-33FC8B15A7E9-StateMachineUpdater] INFO  ratis.OzoneManagerStateMachine (OzoneManagerStateMachine.java:close(471)) - StateMachine has shutdown. Shutdown OzoneManager if not already shutdown.
2021-07-28 21:02:26,270 [Listener at 127.0.0.1/11612] INFO  server.RaftServer$Division (ServerState.java:close(419)) - omNode-2@group-33FC8B15A7E9: closes. applyIndex: 8
2021-07-28 21:02:26,271 [omNode-2@group-33FC8B15A7E9-SegmentedRaftLogWorker] INFO  segmented.SegmentedRaftLogWorker (SegmentedRaftLogWorker.java:run(327)) - omNode-2@group-33FC8B15A7E9-SegmentedRaftLogWorker was interrupted, exiting. There are 0 tasks remaining in the queue.
2021-07-28 21:02:26,272 [Listener at 127.0.0.1/11612] INFO  segmented.SegmentedRaftLogWorker (SegmentedRaftLogWorker.java:close(237)) - omNode-2@group-33FC8B15A7E9-SegmentedRaftLogWorker close()
2021-07-28 21:02:26,273 [Listener at 127.0.0.1/11612] INFO  server.GrpcService (GrpcService.java:closeImpl(262)) - omNode-2: shutdown server with port 11610 now
2021-07-28 21:02:26,275 [Listener at 127.0.0.1/11612] INFO  server.GrpcService (GrpcService.java:closeImpl(271)) - omNode-2: shutdown server with port 11610 successfully
2021-07-28 21:02:26,275 [org.apache.ratis.util.JvmPauseMonitor$$Lambda$430/1677697972@173612ed] INFO  util.JvmPauseMonitor (JvmPauseMonitor.java:run(109)) - JvmPauseMonitor-omNode-2: Stopped
2021-07-28 21:02:26,275 [Listener at 127.0.0.1/11612] INFO  ratis.OzoneManagerDoubleBuffer (OzoneManagerDoubleBuffer.java:stop(437)) - Stopping OMDoubleBuffer flush thread
2021-07-28 21:02:26,275 [OMDoubleBufferFlushThread] INFO  ratis.OzoneManagerDoubleBuffer (OzoneManagerDoubleBuffer.java:flushTransactions(356)) - OMDoubleBuffer flush thread OMDoubleBufferFlushThread is interrupted and will exit. OMDoubleBufferFlushThread
2021-07-28 21:02:26,276 [Listener at 127.0.0.1/11612] INFO  utils.BackgroundService (BackgroundService.java:shutdown(132)) - Shutting down service KeyDeletingService
2021-07-28 21:02:26,277 [Listener at 127.0.0.1/11612] INFO  handler.ContextHandler (ContextHandler.java:doStop(1154)) - Stopped o.e.j.w.WebAppContext@71019832{ozoneManager,/,null,STOPPED}{file:/home/runner/work/ozone/ozone/mnt/ozone/hadoop-ozone/integration-test/target/test-classes/webapps/ozoneManager}
2021-07-28 21:02:26,277 [Listener at 127.0.0.1/11612] INFO  server.AbstractConnector (AbstractConnector.java:doStop(381)) - Stopped ServerConnector@1fc872e2{HTTP/1.1, (http/1.1)}{0.0.0.0:11608}
2021-07-28 21:02:26,277 [Listener at 127.0.0.1/11612] INFO  server.session (HouseKeeper.java:stopScavenging(149)) - node0 Stopped scavenging
2021-07-28 21:02:26,277 [Listener at 127.0.0.1/11612] INFO  handler.ContextHandler (ContextHandler.java:doStop(1154)) - Stopped o.e.j.s.ServletContextHandler@309e0030{static,/static,file:///home/runner/work/ozone/ozone/mnt/ozone/hadoop-ozone/integration-test/target/test-classes/webapps/static,STOPPED}
2021-07-28 21:02:26,278 [Listener at 127.0.0.1/11612] INFO  handler.ContextHandler (ContextHandler.java:doStop(1154)) - Stopped o.e.j.s.ServletContextHandler@218a2232{logs,/logs,file:///home/runner/work/ozone/ozone/mnt/ozone/hadoop-ozone/integration-test/target/log,STOPPED}
2021-07-28 21:02:26,279 [Listener at 127.0.0.1/11612] INFO  ozone.MiniOzoneHAClusterImpl (MiniOzoneHAClusterImpl.java:stop(305)) - Stopping the StorageContainerManager 9f4ed4a1-d4cd-462e-b2c8-34d167a020c3
2021-07-28 21:02:26,279 [Listener at 127.0.0.1/11612] INFO  server.StorageContainerManager (StorageContainerManager.java:stop(1337)) - Stopping Replication Manager Service.
2021-07-28 21:02:26,279 [Listener at 127.0.0.1/11612] INFO  container.ReplicationManager (ReplicationManager.java:stop(317)) - Stopping Replication Monitor Thread.
2021-07-28 21:02:26,280 [Listener at 127.0.0.1/11612] INFO  server.StorageContainerManager (StorageContainerManager.java:stop(1344)) - Stopping the Datanode Admin Monitor.
2021-07-28 21:02:26,280 [Listener at 127.0.0.1/11612] INFO  server.StorageContainerManager (StorageContainerManager.java:stop(1351)) - Stopping Lease Manager of the command watchers
2021-07-28 21:02:26,280 [Listener at 127.0.0.1/11612] INFO  server.StorageContainerManager (StorageContainerManager.java:stop(1358)) - Stopping datanode service RPC server
2021-07-28 21:02:26,280 [Listener at 127.0.0.1/11612] INFO  server.SCMDatanodeProtocolServer (SCMDatanodeProtocolServer.java:stop(389)) - Stopping the RPC server for DataNodes
2021-07-28 21:02:26,280 [Listener at 127.0.0.1/11612] INFO  ipc.Server (Server.java:stop(3414)) - Stopping server on 15141
2021-07-28 21:02:26,286 [IPC Server listener on 15141] INFO  ipc.Server (Server.java:run(1376)) - Stopping IPC Server listener on 15141
2021-07-28 21:02:26,288 [IPC Server Responder] INFO  ipc.Server (Server.java:run(1512)) - Stopping IPC Server Responder
2021-07-28 21:02:26,746 [EndpointStateMachine task thread for /127.0.0.1:15141 - 0 ] WARN  statemachine.EndpointStateMachine (EndpointStateMachine.java:logIfNeeded(236)) - Unable to communicate to SCM server at localhost:15141 for past 0 seconds.
java.io.EOFException: End of File Exception between local host is: "fv-az151-48/10.1.0.18"; destination host is: "localhost":15141; : java.io.EOFException; For more details see:  http://wiki.apache.org/hadoop/EOFException
	at sun.reflect.NativeConstructorAccessorImpl.newInstance0(Native Method)
	at sun.reflect.NativeConstructorAccessorImpl.newInstance(NativeConstructorAccessorImpl.java:62)
	at sun.reflect.DelegatingConstructorAccessorImpl.newInstance(DelegatingConstructorAccessorImpl.java:45)
	at java.lang.reflect.Constructor.newInstance(Constructor.java:423)
	at org.apache.hadoop.net.NetUtils.wrapWithMessage(NetUtils.java:913)
	at org.apache.hadoop.net.NetUtils.wrapException(NetUtils.java:862)
	at org.apache.hadoop.ipc.Client.getRpcResponse(Client.java:1577)
	at org.apache.hadoop.ipc.Client.call(Client.java:1519)
	at org.apache.hadoop.ipc.Client.call(Client.java:1416)
	at org.apache.hadoop.ipc.ProtobufRpcEngine$Invoker.invoke(ProtobufRpcEngine.java:236)
	at org.apache.hadoop.ipc.ProtobufRpcEngine$Invoker.invoke(ProtobufRpcEngine.java:123)
	at com.sun.proxy.$Proxy46.submitRequest(Unknown Source)
	at org.apache.hadoop.ozone.protocolPB.StorageContainerDatanodeProtocolClientSideTranslatorPB.submitRequest(StorageContainerDatanodeProtocolClientSideTranslatorPB.java:117)
	at org.apache.hadoop.ozone.protocolPB.StorageContainerDatanodeProtocolClientSideTranslatorPB.sendHeartbeat(StorageContainerDatanodeProtocolClientSideTranslatorPB.java:149)
	at org.apache.hadoop.ozone.container.common.states.endpoint.HeartbeatEndpointTask.call(HeartbeatEndpointTask.java:179)
	at org.apache.hadoop.ozone.container.common.states.endpoint.HeartbeatEndpointTask.call(HeartbeatEndpointTask.java:82)
	at java.util.concurrent.FutureTask.run(FutureTask.java:266)
	at java.util.concurrent.ThreadPoolExecutor.runWorker(ThreadPoolExecutor.java:1149)
	at java.util.concurrent.ThreadPoolExecutor$Worker.run(ThreadPoolExecutor.java:624)
	at java.lang.Thread.run(Thread.java:748)
Caused by: java.io.EOFException
	at java.io.DataInputStream.readInt(DataInputStream.java:392)
	at org.apache.hadoop.ipc.Client$IpcStreams.readResponse(Client.java:1892)
	at org.apache.hadoop.ipc.Client$Connection.receiveRpcResponse(Client.java:1202)
	at org.apache.hadoop.ipc.Client$Connection.run(Client.java:1098)
2021-07-28 21:02:27,684 [SCM Heartbeat Processing Thread - 0] WARN  node.NodeStateManager (NodeStateManager.java:scheduleNextHealthCheck(799)) - Current Thread is interrupted, shutting down HB processing thread for Node Manager.
2021-07-28 21:02:27,686 [Listener at 127.0.0.1/11612] INFO  server.StorageContainerManager (StorageContainerManager.java:stop(1366)) - Stopping block service RPC server
2021-07-28 21:02:27,686 [Listener at 127.0.0.1/11612] INFO  server.SCMBlockProtocolServer (SCMBlockProtocolServer.java:stop(160)) - Stopping the RPC server for Block Protocol
2021-07-28 21:02:27,686 [Listener at 127.0.0.1/11612] INFO  ipc.Server (Server.java:stop(3414)) - Stopping server on 15142
2021-07-28 21:02:27,693 [IPC Server listener on 15142] INFO  ipc.Server (Server.java:run(1376)) - Stopping IPC Server listener on 15142
2021-07-28 21:02:27,693 [IPC Server Responder] INFO  ipc.Server (Server.java:run(1512)) - Stopping IPC Server Responder
2021-07-28 21:02:27,693 [Listener at 127.0.0.1/11612] INFO  server.StorageContainerManager (StorageContainerManager.java:stop(1373)) - Stopping the StorageContainerLocationProtocol RPC server
2021-07-28 21:02:27,693 [Listener at 127.0.0.1/11612] INFO  server.SCMClientProtocolServer (SCMClientProtocolServer.java:stop(174)) - Stopping the RPC server for Client Protocol
2021-07-28 21:02:27,693 [Listener at 127.0.0.1/11612] INFO  ipc.Server (Server.java:stop(3414)) - Stopping server on 15143
2021-07-28 21:02:27,699 [Listener at 127.0.0.1/11612] INFO  server.StorageContainerManager (StorageContainerManager.java:stop(1380)) - Stopping Storage Container Manager HTTP server.
2021-07-28 21:02:27,699 [IPC Server Responder] INFO  ipc.Server (Server.java:run(1512)) - Stopping IPC Server Responder
2021-07-28 21:02:27,699 [Listener at 127.0.0.1/11612] INFO  handler.ContextHandler (ContextHandler.java:doStop(1154)) - Stopped o.e.j.w.WebAppContext@2a99f998{scm,/,null,STOPPED}{file:/home/runner/work/ozone/ozone/mnt/ozone/hadoop-ozone/integration-test/target/test-classes/webapps/scm}
2021-07-28 21:02:27,701 [Listener at 127.0.0.1/11612] INFO  server.AbstractConnector (AbstractConnector.java:doStop(381)) - Stopped ServerConnector@66cecff9{HTTP/1.1, (http/1.1)}{0.0.0.0:15138}
2021-07-28 21:02:27,701 [Listener at 127.0.0.1/11612] INFO  server.session (HouseKeeper.java:stopScavenging(149)) - node0 Stopped scavenging
2021-07-28 21:02:27,701 [Listener at 127.0.0.1/11612] INFO  handler.ContextHandler (ContextHandler.java:doStop(1154)) - Stopped o.e.j.s.ServletContextHandler@18ad8362{static,/static,file:///home/runner/work/ozone/ozone/mnt/ozone/hadoop-ozone/integration-test/target/test-classes/webapps/static,STOPPED}
2021-07-28 21:02:27,701 [Listener at 127.0.0.1/11612] INFO  handler.ContextHandler (ContextHandler.java:doStop(1154)) - Stopped o.e.j.s.ServletContextHandler@e54c2ca{logs,/logs,file:///home/runner/work/ozone/ozone/mnt/ozone/hadoop-ozone/integration-test/target/log,STOPPED}
2021-07-28 21:02:27,702 [IPC Server listener on 15143] INFO  ipc.Server (Server.java:run(1376)) - Stopping IPC Server listener on 15143
2021-07-28 21:02:27,704 [Listener at 127.0.0.1/11612] INFO  server.StorageContainerManager (StorageContainerManager.java:stop(1391)) - Stopping Block Manager Service.
2021-07-28 21:02:27,704 [Listener at 127.0.0.1/11612] INFO  utils.BackgroundService (BackgroundService.java:shutdown(132)) - Shutting down service SCMBlockDeletingService
2021-07-28 21:02:27,706 [Listener at 127.0.0.1/11612] INFO  utils.BackgroundService (BackgroundService.java:shutdown(132)) - Shutting down service SCMBlockDeletingService
2021-07-28 21:02:27,706 [Listener at 127.0.0.1/11612] INFO  server.StorageContainerManager (StorageContainerManager.java:stop(1418)) - Stopping SCM Event Queue.
2021-07-28 21:02:27,708 [Listener at 127.0.0.1/11612] INFO  server.StorageContainerManager (StorageContainerManager.java:stop(1429)) - Stopping SCM HA services.
2021-07-28 21:02:27,709 [Listener at 127.0.0.1/11612] INFO  ha.SCMRatisServerImpl (SCMRatisServerImpl.java:stop(226)) - stopping ratis server 0.0.0.0:15140
2021-07-28 21:02:27,709 [Listener at 127.0.0.1/11612] INFO  server.RaftServer (RaftServerProxy.java:lambda$close$6(391)) - 9f4ed4a1-d4cd-462e-b2c8-34d167a020c3: close
2021-07-28 21:02:27,709 [Listener at 127.0.0.1/11612] INFO  server.RaftServer$Division (RaftServerImpl.java:lambda$close$4(407)) - 9f4ed4a1-d4cd-462e-b2c8-34d167a020c3@group-7E5468740183: shutdown
2021-07-28 21:02:27,709 [Listener at 127.0.0.1/11612] INFO  util.JmxRegister (JmxRegister.java:unregister(73)) - Successfully un-registered JMX Bean with object name Ratis:service=RaftServer,group=group-7E5468740183,id=9f4ed4a1-d4cd-462e-b2c8-34d167a020c3
2021-07-28 21:02:27,709 [Listener at 127.0.0.1/11612] INFO  impl.RoleInfo (RoleInfo.java:shutdownLeaderState(91)) - 9f4ed4a1-d4cd-462e-b2c8-34d167a020c3: shutdown 9f4ed4a1-d4cd-462e-b2c8-34d167a020c3@group-7E5468740183-LeaderStateImpl
2021-07-28 21:02:27,709 [Listener at 127.0.0.1/11612] INFO  impl.PendingRequests (PendingRequests.java:sendNotLeaderResponses(249)) - 9f4ed4a1-d4cd-462e-b2c8-34d167a020c3@group-7E5468740183-PendingRequests: sendNotLeaderResponses
2021-07-28 21:02:27,709 [Listener at 127.0.0.1/11612] INFO  ha.SCMStateMachine (SCMStateMachine.java:notifyNotLeader(183)) - current leader SCM steps down.
2021-07-28 21:02:27,710 [Listener at 127.0.0.1/11612] INFO  ha.SCMContext (SCMContext.java:updateLeaderAndTerm(88)) - update <isLeader,term> from <true,2> to <false,0>
2021-07-28 21:02:27,710 [Listener at 127.0.0.1/11612] INFO  ha.SCMContext (SCMContext.java:updateLeaderAndTerm(95)) - update <isLeaderReady> from <false> to <false>
2021-07-28 21:02:27,711 [9f4ed4a1-d4cd-462e-b2c8-34d167a020c3@group-7E5468740183-StateMachineUpdater] INFO  ha.SCMStateMachine (SCMStateMachine.java:takeSnapshot(290)) - Current Snapshot Index 30, takeSnapshot took 0 ms
2021-07-28 21:02:27,711 [9f4ed4a1-d4cd-462e-b2c8-34d167a020c3@group-7E5468740183-StateMachineUpdater] INFO  impl.StateMachineUpdater (StateMachineUpdater.java:takeSnapshot(281)) - 9f4ed4a1-d4cd-462e-b2c8-34d167a020c3@group-7E5468740183-StateMachineUpdater: Took a snapshot at index 30
2021-07-28 21:02:27,711 [9f4ed4a1-d4cd-462e-b2c8-34d167a020c3@group-7E5468740183-StateMachineUpdater] INFO  impl.StateMachineUpdater (StateMachineUpdater.java:lambda$new$0(89)) - 9f4ed4a1-d4cd-462e-b2c8-34d167a020c3@group-7E5468740183-StateMachineUpdater: snapshotIndex: updateIncreasingly -1 -> 30
2021-07-28 21:02:27,712 [Listener at 127.0.0.1/11612] INFO  impl.StateMachineUpdater (StateMachineUpdater.java:stopAndJoin(149)) - 9f4ed4a1-d4cd-462e-b2c8-34d167a020c3@group-7E5468740183-StateMachineUpdater: set stopIndex = 30
2021-07-28 21:02:27,712 [Listener at 127.0.0.1/11612] INFO  server.RaftServer$Division (ServerState.java:close(419)) - 9f4ed4a1-d4cd-462e-b2c8-34d167a020c3@group-7E5468740183: closes. applyIndex: 30
2021-07-28 21:02:27,712 [9f4ed4a1-d4cd-462e-b2c8-34d167a020c3@group-7E5468740183-SegmentedRaftLogWorker] INFO  segmented.SegmentedRaftLogWorker (SegmentedRaftLogWorker.java:run(327)) - 9f4ed4a1-d4cd-462e-b2c8-34d167a020c3@group-7E5468740183-SegmentedRaftLogWorker was interrupted, exiting. There are 0 tasks remaining in the queue.
2021-07-28 21:02:27,713 [Listener at 127.0.0.1/11612] INFO  segmented.SegmentedRaftLogWorker (SegmentedRaftLogWorker.java:close(237)) - 9f4ed4a1-d4cd-462e-b2c8-34d167a020c3@group-7E5468740183-SegmentedRaftLogWorker close()
2021-07-28 21:02:27,713 [Listener at 127.0.0.1/11612] INFO  server.GrpcService (GrpcService.java:closeImpl(262)) - 9f4ed4a1-d4cd-462e-b2c8-34d167a020c3: shutdown server with port 15140 now
2021-07-28 21:02:27,714 [Listener at 127.0.0.1/11612] INFO  server.GrpcService (GrpcService.java:closeImpl(271)) - 9f4ed4a1-d4cd-462e-b2c8-34d167a020c3: shutdown server with port 15140 successfully
2021-07-28 21:02:27,714 [org.apache.ratis.util.JvmPauseMonitor$$Lambda$430/1677697972@6589807b] INFO  util.JvmPauseMonitor (JvmPauseMonitor.java:run(109)) - JvmPauseMonitor-9f4ed4a1-d4cd-462e-b2c8-34d167a020c3: Stopped
2021-07-28 21:02:27,714 [Listener at 127.0.0.1/11612] INFO  pipeline.BackgroundPipelineCreator (BackgroundPipelineCreatorV2.java:stop(158)) - Stopping RatisPipelineUtilsThread.
2021-07-28 21:02:27,715 [Listener at 127.0.0.1/11612] INFO  server.StorageContainerManager (StorageContainerManager.java:stop(1439)) - Stopping SCM MetadataStore.
2021-07-28 21:02:27,716 [Listener at 127.0.0.1/11612] INFO  impl.MetricsSystemImpl (MetricsSystemImpl.java:stop(210)) - Stopping XceiverClientMetrics metrics system...
2021-07-28 21:02:27,720 [prometheus] INFO  impl.MetricsSinkAdapter (MetricsSinkAdapter.java:publishMetricsFromQueue(141)) - prometheus thread interrupted.
2021-07-28 21:02:27,720 [Listener at 127.0.0.1/11612] INFO  impl.MetricsSystemImpl (MetricsSystemImpl.java:stop(216)) - XceiverClientMetrics metrics system stopped.
2021-07-28 21:02:27,721 [Listener at 127.0.0.1/11612] INFO  ozone.MiniOzoneClusterImpl (MiniOzoneClusterImpl.java:stop(468)) - Stopping the Mini Ozone Cluster
2021-07-28 21:02:27,724 [Listener at 127.0.0.1/11612] INFO  ozone.MiniOzoneClusterImpl (MiniOzoneClusterImpl.java:stopDatanodes(527)) - Stopping the HddsDatanodes
2021-07-28 21:02:27,744 [Datanode State Machine Thread - 0] INFO  statemachine.DatanodeStateMachine (DatanodeStateMachine.java:lambda$startDaemon$0(456)) - Ozone container server started.
2021-07-28 21:02:27,754 [Datanode State Machine Thread - 0] WARN  statemachine.StateContext (StateContext.java:setState(246)) - Ignore disallowed transition from SHUTDOWN to RUNNING
2021-07-28 21:02:27,754 [Datanode State Machine Thread - 0] INFO  statemachine.DatanodeStateMachine (DatanodeStateMachine.java:lambda$startDaemon$0(456)) - Ozone container server started.
2021-07-28 21:02:27,754 [EndpointStateMachine task thread for /127.0.0.1:15141 - 0 ] INFO  ipc.Client (Client.java:handleConnectionFailure(977)) - Retrying connect to server: localhost/127.0.0.1:15141. Already tried 0 time(s); retry policy is RetryUpToMaximumCountWithFixedSleep(maxRetries=15, sleepTime=1000 MILLISECONDS)
2021-07-28 21:02:28,755 [EndpointStateMachine task thread for /127.0.0.1:15141 - 0 ] INFO  ipc.Client (Client.java:handleConnectionFailure(977)) - Retrying connect to server: localhost/127.0.0.1:15141. Already tried 1 time(s); retry policy is RetryUpToMaximumCountWithFixedSleep(maxRetries=15, sleepTime=1000 MILLISECONDS)
2021-07-28 21:02:29,756 [EndpointStateMachine task thread for /127.0.0.1:15141 - 0 ] INFO  ipc.Client (Client.java:handleConnectionFailure(977)) - Retrying connect to server: localhost/127.0.0.1:15141. Already tried 2 time(s); retry policy is RetryUpToMaximumCountWithFixedSleep(maxRetries=15, sleepTime=1000 MILLISECONDS)
2021-07-28 21:02:29,796 [8ca710da-f90c-4f5c-8e20-a506923d7d86@group-82557DB05F40-FollowerState] INFO  impl.FollowerState (FollowerState.java:run(134)) - 8ca710da-f90c-4f5c-8e20-a506923d7d86@group-82557DB05F40-FollowerState: change to CANDIDATE, lastRpcElapsedTime:5008370124ns, electionTimeout:5007ms
2021-07-28 21:02:29,796 [8ca710da-f90c-4f5c-8e20-a506923d7d86@group-82557DB05F40-FollowerState] INFO  impl.RoleInfo (RoleInfo.java:shutdownFollowerState(108)) - 8ca710da-f90c-4f5c-8e20-a506923d7d86: shutdown 8ca710da-f90c-4f5c-8e20-a506923d7d86@group-82557DB05F40-FollowerState
2021-07-28 21:02:29,796 [8ca710da-f90c-4f5c-8e20-a506923d7d86@group-82557DB05F40-FollowerState] INFO  server.RaftServer$Division (RaftServerImpl.java:setRole(285)) - 8ca710da-f90c-4f5c-8e20-a506923d7d86@group-82557DB05F40: changes role from  FOLLOWER to CANDIDATE at term 1 for changeToCandidate
2021-07-28 21:02:29,796 [8ca710da-f90c-4f5c-8e20-a506923d7d86@group-82557DB05F40-FollowerState] INFO  server.RaftServerConfigKeys (ConfUtils.java:logGet(44)) - raft.server.leaderelection.pre-vote = false (custom)
2021-07-28 21:02:29,797 [8ca710da-f90c-4f5c-8e20-a506923d7d86@group-82557DB05F40-FollowerState] INFO  impl.RoleInfo (RoleInfo.java:updateAndGet(130)) - 8ca710da-f90c-4f5c-8e20-a506923d7d86: start 8ca710da-f90c-4f5c-8e20-a506923d7d86@group-82557DB05F40-LeaderElection10
2021-07-28 21:02:29,799 [8ca710da-f90c-4f5c-8e20-a506923d7d86@group-82557DB05F40-LeaderElection10] INFO  impl.LeaderElection (LeaderElection.java:askForVotes(306)) - 8ca710da-f90c-4f5c-8e20-a506923d7d86@group-82557DB05F40-LeaderElection10 ELECTION round 0: submit vote requests at term 2 for -1: [1c1a15f6-b9e2-4fe7-bd0e-049086cdca18|rpc:127.0.0.1:36645|priority:0, 8ca710da-f90c-4f5c-8e20-a506923d7d86|rpc:127.0.0.1:44271|priority:1, d76cbe35-1465-4027-b77e-516590b33ba3|rpc:127.0.0.1:33679|priority:0], old=null
2021-07-28 21:02:29,805 [d76cbe35-1465-4027-b77e-516590b33ba3@group-82557DB05F40-FollowerState] INFO  impl.FollowerState (FollowerState.java:run(134)) - d76cbe35-1465-4027-b77e-516590b33ba3@group-82557DB05F40-FollowerState: change to CANDIDATE, lastRpcElapsedTime:5008564435ns, electionTimeout:5008ms
2021-07-28 21:02:29,805 [d76cbe35-1465-4027-b77e-516590b33ba3@group-82557DB05F40-FollowerState] INFO  impl.RoleInfo (RoleInfo.java:shutdownFollowerState(108)) - d76cbe35-1465-4027-b77e-516590b33ba3: shutdown d76cbe35-1465-4027-b77e-516590b33ba3@group-82557DB05F40-FollowerState
2021-07-28 21:02:29,805 [d76cbe35-1465-4027-b77e-516590b33ba3@group-82557DB05F40-FollowerState] INFO  server.RaftServer$Division (RaftServerImpl.java:setRole(285)) - d76cbe35-1465-4027-b77e-516590b33ba3@group-82557DB05F40: changes role from  FOLLOWER to CANDIDATE at term 1 for changeToCandidate
2021-07-28 21:02:29,805 [d76cbe35-1465-4027-b77e-516590b33ba3@group-82557DB05F40-FollowerState] INFO  server.RaftServerConfigKeys (ConfUtils.java:logGet(44)) - raft.server.leaderelection.pre-vote = false (custom)
2021-07-28 21:02:29,805 [d76cbe35-1465-4027-b77e-516590b33ba3@group-82557DB05F40-FollowerState] INFO  impl.RoleInfo (RoleInfo.java:updateAndGet(130)) - d76cbe35-1465-4027-b77e-516590b33ba3: start d76cbe35-1465-4027-b77e-516590b33ba3@group-82557DB05F40-LeaderElection11
2021-07-28 21:02:29,811 [d76cbe35-1465-4027-b77e-516590b33ba3@group-82557DB05F40-LeaderElection11] INFO  impl.LeaderElection (LeaderElection.java:askForVotes(306)) - d76cbe35-1465-4027-b77e-516590b33ba3@group-82557DB05F40-LeaderElection11 ELECTION round 0: submit vote requests at term 2 for -1: [1c1a15f6-b9e2-4fe7-bd0e-049086cdca18|rpc:127.0.0.1:36645|priority:0, 8ca710da-f90c-4f5c-8e20-a506923d7d86|rpc:127.0.0.1:44271|priority:1, d76cbe35-1465-4027-b77e-516590b33ba3|rpc:127.0.0.1:33679|priority:0], old=null
2021-07-28 21:02:29,816 [grpc-default-executor-2] INFO  server.RaftServer$Division (RaftServerImpl.java:requestVote(1043)) - 1c1a15f6-b9e2-4fe7-bd0e-049086cdca18@group-82557DB05F40: receive requestVote(ELECTION, 8ca710da-f90c-4f5c-8e20-a506923d7d86, group-82557DB05F40, 2, (t:0, i:0))
2021-07-28 21:02:29,816 [grpc-default-executor-2] INFO  impl.VoteContext (VoteContext.java:log(48)) - 1c1a15f6-b9e2-4fe7-bd0e-049086cdca18@group-82557DB05F40-FOLLOWER: accept ELECTION from 8ca710da-f90c-4f5c-8e20-a506923d7d86: our priority 0 <= candidate's priority 1
2021-07-28 21:02:29,816 [grpc-default-executor-2] INFO  server.RaftServer$Division (RaftServerImpl.java:setRole(285)) - 1c1a15f6-b9e2-4fe7-bd0e-049086cdca18@group-82557DB05F40: changes role from  FOLLOWER to FOLLOWER at term 2 for candidate:8ca710da-f90c-4f5c-8e20-a506923d7d86
2021-07-28 21:02:29,816 [grpc-default-executor-2] INFO  impl.RoleInfo (RoleInfo.java:shutdownFollowerState(108)) - 1c1a15f6-b9e2-4fe7-bd0e-049086cdca18: shutdown 1c1a15f6-b9e2-4fe7-bd0e-049086cdca18@group-82557DB05F40-FollowerState
2021-07-28 21:02:29,819 [grpc-default-executor-3] INFO  server.RaftServer$Division (RaftServerImpl.java:requestVote(1043)) - d76cbe35-1465-4027-b77e-516590b33ba3@group-82557DB05F40: receive requestVote(ELECTION, 8ca710da-f90c-4f5c-8e20-a506923d7d86, group-82557DB05F40, 2, (t:0, i:0))
2021-07-28 21:02:29,820 [grpc-default-executor-2] INFO  impl.RoleInfo (RoleInfo.java:updateAndGet(130)) - 1c1a15f6-b9e2-4fe7-bd0e-049086cdca18: start 1c1a15f6-b9e2-4fe7-bd0e-049086cdca18@group-82557DB05F40-FollowerState
2021-07-28 21:02:29,820 [grpc-default-executor-3] INFO  impl.VoteContext (VoteContext.java:log(48)) - d76cbe35-1465-4027-b77e-516590b33ba3@group-82557DB05F40-CANDIDATE: reject ELECTION from 8ca710da-f90c-4f5c-8e20-a506923d7d86: already has voted for d76cbe35-1465-4027-b77e-516590b33ba3 at current term 2
2021-07-28 21:02:29,820 [grpc-default-executor-3] INFO  server.RaftServer$Division (RaftServerImpl.java:requestVote(1075)) - d76cbe35-1465-4027-b77e-516590b33ba3@group-82557DB05F40 replies to ELECTION vote request: 8ca710da-f90c-4f5c-8e20-a506923d7d86<-d76cbe35-1465-4027-b77e-516590b33ba3#0:FAIL-t2. Peer's state: d76cbe35-1465-4027-b77e-516590b33ba3@group-82557DB05F40:t2, leader=null, voted=d76cbe35-1465-4027-b77e-516590b33ba3, raftlog=d76cbe35-1465-4027-b77e-516590b33ba3@group-82557DB05F40-SegmentedRaftLog:OPENED:c-1,f-1,i0, conf=-1: [1c1a15f6-b9e2-4fe7-bd0e-049086cdca18|rpc:127.0.0.1:36645|priority:0, 8ca710da-f90c-4f5c-8e20-a506923d7d86|rpc:127.0.0.1:44271|priority:1, d76cbe35-1465-4027-b77e-516590b33ba3|rpc:127.0.0.1:33679|priority:0], old=null
2021-07-28 21:02:29,822 [grpc-default-executor-2] INFO  server.RaftServer$Division (RaftServerImpl.java:requestVote(1075)) - 1c1a15f6-b9e2-4fe7-bd0e-049086cdca18@group-82557DB05F40 replies to ELECTION vote request: 8ca710da-f90c-4f5c-8e20-a506923d7d86<-1c1a15f6-b9e2-4fe7-bd0e-049086cdca18#0:OK-t2. Peer's state: 1c1a15f6-b9e2-4fe7-bd0e-049086cdca18@group-82557DB05F40:t2, leader=null, voted=8ca710da-f90c-4f5c-8e20-a506923d7d86, raftlog=1c1a15f6-b9e2-4fe7-bd0e-049086cdca18@group-82557DB05F40-SegmentedRaftLog:OPENED:c-1,f-1,i0, conf=-1: [1c1a15f6-b9e2-4fe7-bd0e-049086cdca18|rpc:127.0.0.1:36645|dataStream:|priority:0, 8ca710da-f90c-4f5c-8e20-a506923d7d86|rpc:127.0.0.1:44271|dataStream:|priority:1, d76cbe35-1465-4027-b77e-516590b33ba3|rpc:127.0.0.1:33679|dataStream:|priority:0], old=null
2021-07-28 21:02:29,822 [1c1a15f6-b9e2-4fe7-bd0e-049086cdca18@group-82557DB05F40-FollowerState] INFO  impl.FollowerState (FollowerState.java:run(134)) - 1c1a15f6-b9e2-4fe7-bd0e-049086cdca18@group-82557DB05F40-FollowerState: change to CANDIDATE, lastRpcElapsedTime:5029175813ns, electionTimeout:5023ms
2021-07-28 21:02:29,825 [1c1a15f6-b9e2-4fe7-bd0e-049086cdca18@group-82557DB05F40-FollowerState] INFO  impl.RoleInfo (RoleInfo.java:shutdownFollowerState(108)) - 1c1a15f6-b9e2-4fe7-bd0e-049086cdca18: shutdown 1c1a15f6-b9e2-4fe7-bd0e-049086cdca18@group-82557DB05F40-FollowerState
2021-07-28 21:02:29,825 [1c1a15f6-b9e2-4fe7-bd0e-049086cdca18@group-82557DB05F40-FollowerState] INFO  server.RaftServer$Division (RaftServerImpl.java:setRole(285)) - 1c1a15f6-b9e2-4fe7-bd0e-049086cdca18@group-82557DB05F40: changes role from  FOLLOWER to CANDIDATE at term 2 for changeToCandidate
2021-07-28 21:02:29,825 [1c1a15f6-b9e2-4fe7-bd0e-049086cdca18@group-82557DB05F40-FollowerState] INFO  server.RaftServerConfigKeys (ConfUtils.java:logGet(44)) - raft.server.leaderelection.pre-vote = false (custom)
2021-07-28 21:02:29,825 [1c1a15f6-b9e2-4fe7-bd0e-049086cdca18@group-82557DB05F40-FollowerState] INFO  impl.RoleInfo (RoleInfo.java:updateAndGet(130)) - 1c1a15f6-b9e2-4fe7-bd0e-049086cdca18: start 1c1a15f6-b9e2-4fe7-bd0e-049086cdca18@group-82557DB05F40-LeaderElection12
2021-07-28 21:02:29,825 [1c1a15f6-b9e2-4fe7-bd0e-049086cdca18@group-82557DB05F40-FollowerState] INFO  impl.FollowerState (FollowerState.java:run(143)) - 1c1a15f6-b9e2-4fe7-bd0e-049086cdca18@group-82557DB05F40-FollowerState was interrupted: {}
java.lang.InterruptedException: sleep interrupted
	at java.lang.Thread.sleep(Native Method)
	at java.lang.Thread.sleep(Thread.java:340)
	at java.util.concurrent.TimeUnit.sleep(TimeUnit.java:386)
	at org.apache.ratis.util.TimeDuration.sleep(TimeDuration.java:324)
	at org.apache.ratis.util.TimeDuration.sleep(TimeDuration.java:309)
	at org.apache.ratis.server.impl.FollowerState.run(FollowerState.java:118)
2021-07-28 21:02:29,831 [8ca710da-f90c-4f5c-8e20-a506923d7d86@group-82557DB05F40-LeaderElection10] INFO  impl.LeaderElection (LeaderElection.java:logAndReturn(89)) - 8ca710da-f90c-4f5c-8e20-a506923d7d86@group-82557DB05F40-LeaderElection10: ELECTION PASSED received 2 response(s) and 0 exception(s):
2021-07-28 21:02:29,831 [8ca710da-f90c-4f5c-8e20-a506923d7d86@group-82557DB05F40-LeaderElection10] INFO  impl.LeaderElection (LeaderElection.java:logAndReturn(93)) -   Response 0: 8ca710da-f90c-4f5c-8e20-a506923d7d86<-1c1a15f6-b9e2-4fe7-bd0e-049086cdca18#0:OK-t2
2021-07-28 21:02:29,831 [8ca710da-f90c-4f5c-8e20-a506923d7d86@group-82557DB05F40-LeaderElection10] INFO  impl.LeaderElection (LeaderElection.java:logAndReturn(93)) -   Response 1: 8ca710da-f90c-4f5c-8e20-a506923d7d86<-d76cbe35-1465-4027-b77e-516590b33ba3#0:FAIL-t2
2021-07-28 21:02:29,831 [8ca710da-f90c-4f5c-8e20-a506923d7d86@group-82557DB05F40-LeaderElection10] INFO  impl.LeaderElection (LeaderElection.java:askForVotes(308)) - 8ca710da-f90c-4f5c-8e20-a506923d7d86@group-82557DB05F40-LeaderElection10 ELECTION round 0: result PASSED
2021-07-28 21:02:29,831 [8ca710da-f90c-4f5c-8e20-a506923d7d86@group-82557DB05F40-LeaderElection10] INFO  impl.RoleInfo (RoleInfo.java:shutdownLeaderElection(121)) - 8ca710da-f90c-4f5c-8e20-a506923d7d86: shutdown 8ca710da-f90c-4f5c-8e20-a506923d7d86@group-82557DB05F40-LeaderElection10
2021-07-28 21:02:29,832 [8ca710da-f90c-4f5c-8e20-a506923d7d86@group-82557DB05F40-LeaderElection10] INFO  server.RaftServer$Division (RaftServerImpl.java:setRole(285)) - 8ca710da-f90c-4f5c-8e20-a506923d7d86@group-82557DB05F40: changes role from CANDIDATE to LEADER at term 2 for changeToLeader
2021-07-28 21:02:29,832 [8ca710da-f90c-4f5c-8e20-a506923d7d86@group-82557DB05F40-LeaderElection10] INFO  ratis.XceiverServerRatis (XceiverServerRatis.java:handleLeaderChangedNotification(857)) - Leader change notification received for group: group-82557DB05F40 with new leaderId: 8ca710da-f90c-4f5c-8e20-a506923d7d86
2021-07-28 21:02:29,833 [grpc-default-executor-2] INFO  server.RaftServer$Division (RaftServerImpl.java:requestVote(1043)) - 8ca710da-f90c-4f5c-8e20-a506923d7d86@group-82557DB05F40: receive requestVote(ELECTION, d76cbe35-1465-4027-b77e-516590b33ba3, group-82557DB05F40, 2, (t:0, i:0))
2021-07-28 21:02:29,833 [8ca710da-f90c-4f5c-8e20-a506923d7d86@group-82557DB05F40-LeaderElection10] INFO  server.RaftServer$Division (ServerState.java:setLeader(285)) - 8ca710da-f90c-4f5c-8e20-a506923d7d86@group-82557DB05F40: change Leader from null to 8ca710da-f90c-4f5c-8e20-a506923d7d86 at term 2 for becomeLeader, leader elected after 10182ms
2021-07-28 21:02:29,833 [8ca710da-f90c-4f5c-8e20-a506923d7d86@group-82557DB05F40-LeaderElection10] INFO  server.RaftServerConfigKeys (ConfUtils.java:logGet(44)) - raft.server.staging.catchup.gap = 1000 (default)
2021-07-28 21:02:29,833 [8ca710da-f90c-4f5c-8e20-a506923d7d86@group-82557DB05F40-LeaderElection10] INFO  server.RaftServerConfigKeys (ConfUtils.java:logGet(44)) - raft.server.write.element-limit = 1024 (custom)
2021-07-28 21:02:29,833 [8ca710da-f90c-4f5c-8e20-a506923d7d86@group-82557DB05F40-LeaderElection10] INFO  server.RaftServerConfigKeys (ConfUtils.java:logGet(44)) - raft.server.write.byte-limit = 1073741824 (custom)
2021-07-28 21:02:29,833 [8ca710da-f90c-4f5c-8e20-a506923d7d86@group-82557DB05F40-LeaderElection10] INFO  server.RaftServerConfigKeys (ConfUtils.java:logGet(44)) - raft.server.watch.timeout = 180s (custom)
2021-07-28 21:02:29,833 [8ca710da-f90c-4f5c-8e20-a506923d7d86@group-82557DB05F40-LeaderElection10] INFO  server.RaftServerConfigKeys (ConfUtils.java:logGet(44)) - raft.server.watch.timeout.denomination = 1s (default)
2021-07-28 21:02:29,833 [8ca710da-f90c-4f5c-8e20-a506923d7d86@group-82557DB05F40-LeaderElection10] INFO  server.RaftServerConfigKeys (ConfUtils.java:logGet(44)) - raft.server.watch.element-limit = 65536 (default)
2021-07-28 21:02:29,834 [8ca710da-f90c-4f5c-8e20-a506923d7d86@group-82557DB05F40-LeaderElection10] INFO  server.RaftServerConfigKeys (ConfUtils.java:logGet(44)) - raft.server.log.appender.snapshot.chunk.size.max = 16MB (=16777216) (default)
2021-07-28 21:02:29,834 [8ca710da-f90c-4f5c-8e20-a506923d7d86@group-82557DB05F40-LeaderElection10] INFO  server.RaftServerConfigKeys (ConfUtils.java:logGet(44)) - raft.server.log.appender.buffer.byte-limit = 33554432 (custom)
2021-07-28 21:02:29,834 [8ca710da-f90c-4f5c-8e20-a506923d7d86@group-82557DB05F40-LeaderElection10] INFO  server.RaftServerConfigKeys (ConfUtils.java:logGet(44)) - raft.server.log.appender.buffer.element-limit = 1 (custom)
2021-07-28 21:02:29,834 [8ca710da-f90c-4f5c-8e20-a506923d7d86@group-82557DB05F40-LeaderElection10] INFO  grpc.GrpcConfigKeys (ConfUtils.java:logGet(44)) - raft.grpc.server.leader.outstanding.appends.max = 128 (default)
2021-07-28 21:02:29,834 [8ca710da-f90c-4f5c-8e20-a506923d7d86@group-82557DB05F40-LeaderElection10] INFO  server.RaftServerConfigKeys (ConfUtils.java:logGet(44)) - raft.server.rpc.request.timeout = 60s (custom)
2021-07-28 21:02:29,834 [8ca710da-f90c-4f5c-8e20-a506923d7d86@group-82557DB05F40-LeaderElection10] INFO  server.RaftServerConfigKeys (ConfUtils.java:logGet(44)) - raft.server.log.appender.install.snapshot.enabled = false (custom)
2021-07-28 21:02:29,834 [grpc-default-executor-3] INFO  server.RaftServer$Division (RaftServerImpl.java:requestVote(1043)) - 1c1a15f6-b9e2-4fe7-bd0e-049086cdca18@group-82557DB05F40: receive requestVote(ELECTION, d76cbe35-1465-4027-b77e-516590b33ba3, group-82557DB05F40, 2, (t:0, i:0))
2021-07-28 21:02:29,834 [grpc-default-executor-3] INFO  impl.VoteContext (VoteContext.java:log(48)) - 1c1a15f6-b9e2-4fe7-bd0e-049086cdca18@group-82557DB05F40-CANDIDATE: reject ELECTION from d76cbe35-1465-4027-b77e-516590b33ba3: already has voted for 8ca710da-f90c-4f5c-8e20-a506923d7d86 at current term 2
2021-07-28 21:02:29,834 [grpc-default-executor-3] INFO  server.RaftServer$Division (RaftServerImpl.java:requestVote(1075)) - 1c1a15f6-b9e2-4fe7-bd0e-049086cdca18@group-82557DB05F40 replies to ELECTION vote request: d76cbe35-1465-4027-b77e-516590b33ba3<-1c1a15f6-b9e2-4fe7-bd0e-049086cdca18#0:FAIL-t2. Peer's state: 1c1a15f6-b9e2-4fe7-bd0e-049086cdca18@group-82557DB05F40:t2, leader=null, voted=8ca710da-f90c-4f5c-8e20-a506923d7d86, raftlog=1c1a15f6-b9e2-4fe7-bd0e-049086cdca18@group-82557DB05F40-SegmentedRaftLog:OPENED:c-1,f-1,i0, conf=-1: [1c1a15f6-b9e2-4fe7-bd0e-049086cdca18|rpc:127.0.0.1:36645|dataStream:|priority:0, 8ca710da-f90c-4f5c-8e20-a506923d7d86|rpc:127.0.0.1:44271|dataStream:|priority:1, d76cbe35-1465-4027-b77e-516590b33ba3|rpc:127.0.0.1:33679|dataStream:|priority:0], old=null
2021-07-28 21:02:29,835 [8ca710da-f90c-4f5c-8e20-a506923d7d86@group-82557DB05F40-LeaderElection10] INFO  server.RaftServerConfigKeys (ConfUtils.java:logGet(44)) - raft.server.log.appender.snapshot.chunk.size.max = 16MB (=16777216) (default)
2021-07-28 21:02:29,835 [8ca710da-f90c-4f5c-8e20-a506923d7d86@group-82557DB05F40-LeaderElection10] INFO  server.RaftServerConfigKeys (ConfUtils.java:logGet(44)) - raft.server.log.appender.buffer.byte-limit = 33554432 (custom)
2021-07-28 21:02:29,836 [8ca710da-f90c-4f5c-8e20-a506923d7d86@group-82557DB05F40-LeaderElection10] INFO  server.RaftServerConfigKeys (ConfUtils.java:logGet(44)) - raft.server.log.appender.buffer.element-limit = 1 (custom)
2021-07-28 21:02:29,836 [8ca710da-f90c-4f5c-8e20-a506923d7d86@group-82557DB05F40-LeaderElection10] INFO  grpc.GrpcConfigKeys (ConfUtils.java:logGet(44)) - raft.grpc.server.leader.outstanding.appends.max = 128 (default)
2021-07-28 21:02:29,836 [8ca710da-f90c-4f5c-8e20-a506923d7d86@group-82557DB05F40-LeaderElection10] INFO  server.RaftServerConfigKeys (ConfUtils.java:logGet(44)) - raft.server.rpc.request.timeout = 60s (custom)
2021-07-28 21:02:29,836 [8ca710da-f90c-4f5c-8e20-a506923d7d86@group-82557DB05F40-LeaderElection10] INFO  server.RaftServerConfigKeys (ConfUtils.java:logGet(44)) - raft.server.log.appender.install.snapshot.enabled = false (custom)
2021-07-28 21:02:29,836 [8ca710da-f90c-4f5c-8e20-a506923d7d86@group-82557DB05F40-LeaderElection10] INFO  impl.RoleInfo (RoleInfo.java:updateAndGet(130)) - 8ca710da-f90c-4f5c-8e20-a506923d7d86: start 8ca710da-f90c-4f5c-8e20-a506923d7d86@group-82557DB05F40-LeaderStateImpl
2021-07-28 21:02:29,837 [8ca710da-f90c-4f5c-8e20-a506923d7d86@group-82557DB05F40-LeaderElection10] INFO  segmented.SegmentedRaftLogWorker (SegmentedRaftLogWorker.java:startLogSegment(394)) - 8ca710da-f90c-4f5c-8e20-a506923d7d86@group-82557DB05F40-SegmentedRaftLogWorker: Starting segment from index:0
2021-07-28 21:02:29,838 [8ca710da-f90c-4f5c-8e20-a506923d7d86@group-82557DB05F40-SegmentedRaftLogWorker] INFO  segmented.SegmentedRaftLogWorker (SegmentedRaftLogWorker.java:execute(601)) - 8ca710da-f90c-4f5c-8e20-a506923d7d86@group-82557DB05F40-SegmentedRaftLogWorker: created new log segment /home/runner/work/ozone/ozone/mnt/ozone/hadoop-ozone/integration-test/target/test-dir/MiniOzoneClusterImpl-78c7c17c-5238-474f-b89e-7e5468740183/datanode-1/data/ratis/ffc08a69-289a-48e5-b1d7-82557db05f40/current/log_inprogress_0
2021-07-28 21:02:29,854 [8ca710da-f90c-4f5c-8e20-a506923d7d86@group-82557DB05F40-LeaderElection10] INFO  server.RaftServer$Division (ServerState.java:setRaftConf(387)) - 8ca710da-f90c-4f5c-8e20-a506923d7d86@group-82557DB05F40: set configuration 0: [1c1a15f6-b9e2-4fe7-bd0e-049086cdca18|rpc:127.0.0.1:36645|dataStream:|priority:0, 8ca710da-f90c-4f5c-8e20-a506923d7d86|rpc:127.0.0.1:44271|dataStream:|priority:1, d76cbe35-1465-4027-b77e-516590b33ba3|rpc:127.0.0.1:33679|dataStream:|priority:0], old=null
2021-07-28 21:02:29,845 [1c1a15f6-b9e2-4fe7-bd0e-049086cdca18@group-82557DB05F40-LeaderElection12] INFO  impl.LeaderElection (LeaderElection.java:askForVotes(306)) - 1c1a15f6-b9e2-4fe7-bd0e-049086cdca18@group-82557DB05F40-LeaderElection12 ELECTION round 0: submit vote requests at term 3 for -1: [1c1a15f6-b9e2-4fe7-bd0e-049086cdca18|rpc:127.0.0.1:36645|dataStream:|priority:0, 8ca710da-f90c-4f5c-8e20-a506923d7d86|rpc:127.0.0.1:44271|dataStream:|priority:1, d76cbe35-1465-4027-b77e-516590b33ba3|rpc:127.0.0.1:33679|dataStream:|priority:0], old=null
2021-07-28 21:02:29,854 [8ca710da-f90c-4f5c-8e20-a506923d7d86@group-82557DB05F40-LeaderStateImpl] INFO  server.RaftServer$Division (ServerState.java:setLeader(285)) - 8ca710da-f90c-4f5c-8e20-a506923d7d86@group-82557DB05F40: change Leader from 8ca710da-f90c-4f5c-8e20-a506923d7d86 to null at term 3 for updateCurrentTerm
2021-07-28 21:02:29,857 [8ca710da-f90c-4f5c-8e20-a506923d7d86@group-82557DB05F40-LeaderStateImpl] INFO  server.RaftServer$Division (RaftServerImpl.java:setRole(285)) - 8ca710da-f90c-4f5c-8e20-a506923d7d86@group-82557DB05F40: changes role from    LEADER to FOLLOWER at term 3 for StepDownReason:HIGHER_TERM
2021-07-28 21:02:29,857 [8ca710da-f90c-4f5c-8e20-a506923d7d86@group-82557DB05F40-LeaderStateImpl] INFO  impl.RoleInfo (RoleInfo.java:shutdownLeaderState(91)) - 8ca710da-f90c-4f5c-8e20-a506923d7d86: shutdown 8ca710da-f90c-4f5c-8e20-a506923d7d86@group-82557DB05F40-LeaderStateImpl
2021-07-28 21:02:29,858 [grpc-default-executor-0] INFO  server.GrpcServerProtocolService (GrpcServerProtocolService.java:onCompleted(140)) - 1c1a15f6-b9e2-4fe7-bd0e-049086cdca18: Completed APPEND_ENTRIES, lastRequest: 8ca710da-f90c-4f5c-8e20-a506923d7d86->1c1a15f6-b9e2-4fe7-bd0e-049086cdca18#1-t2,previous=(t:0, i:0),leaderCommit=-1,initializing? true,entries: size=1, first=(t:2, i:0), CONFIGURATIONENTRY
2021-07-28 21:02:29,862 [8ca710da-f90c-4f5c-8e20-a506923d7d86@group-82557DB05F40->d76cbe35-1465-4027-b77e-516590b33ba3-GrpcLogAppender-LogAppenderDaemon] WARN  server.GrpcLogAppender (GrpcLogAppender.java:mayWait(175)) - 8ca710da-f90c-4f5c-8e20-a506923d7d86@group-82557DB05F40->d76cbe35-1465-4027-b77e-516590b33ba3-GrpcLogAppender: Wait interrupted by java.lang.InterruptedException
2021-07-28 21:02:29,861 [8ca710da-f90c-4f5c-8e20-a506923d7d86@group-82557DB05F40-LeaderStateImpl] INFO  impl.PendingRequests (PendingRequests.java:sendNotLeaderResponses(249)) - 8ca710da-f90c-4f5c-8e20-a506923d7d86@group-82557DB05F40-PendingRequests: sendNotLeaderResponses
2021-07-28 21:02:29,868 [8ca710da-f90c-4f5c-8e20-a506923d7d86@group-82557DB05F40-LeaderStateImpl] INFO  impl.RoleInfo (RoleInfo.java:updateAndGet(130)) - 8ca710da-f90c-4f5c-8e20-a506923d7d86: start 8ca710da-f90c-4f5c-8e20-a506923d7d86@group-82557DB05F40-FollowerState
2021-07-28 21:02:29,858 [grpc-default-executor-1] INFO  server.RaftServer$Division (RaftServerImpl.java:setRole(285)) - d76cbe35-1465-4027-b77e-516590b33ba3@group-82557DB05F40: changes role from CANDIDATE to FOLLOWER at term 2 for appendEntries
2021-07-28 21:02:29,868 [grpc-default-executor-1] INFO  impl.RoleInfo (RoleInfo.java:shutdownLeaderElection(121)) - d76cbe35-1465-4027-b77e-516590b33ba3: shutdown d76cbe35-1465-4027-b77e-516590b33ba3@group-82557DB05F40-LeaderElection11
2021-07-28 21:02:29,868 [grpc-default-executor-1] INFO  impl.RoleInfo (RoleInfo.java:updateAndGet(130)) - d76cbe35-1465-4027-b77e-516590b33ba3: start d76cbe35-1465-4027-b77e-516590b33ba3@group-82557DB05F40-FollowerState
2021-07-28 21:02:29,869 [grpc-default-executor-1] INFO  ratis.XceiverServerRatis (XceiverServerRatis.java:handleLeaderChangedNotification(857)) - Leader change notification received for group: group-82557DB05F40 with new leaderId: 8ca710da-f90c-4f5c-8e20-a506923d7d86
2021-07-28 21:02:29,869 [grpc-default-executor-1] INFO  server.RaftServer$Division (ServerState.java:setLeader(285)) - d76cbe35-1465-4027-b77e-516590b33ba3@group-82557DB05F40: change Leader from null to 8ca710da-f90c-4f5c-8e20-a506923d7d86 at term 2 for appendEntries, leader elected after 10257ms
2021-07-28 21:02:29,870 [grpc-default-executor-2] INFO  impl.VoteContext (VoteContext.java:log(48)) - 8ca710da-f90c-4f5c-8e20-a506923d7d86@group-82557DB05F40-FOLLOWER: reject ELECTION from d76cbe35-1465-4027-b77e-516590b33ba3: current term 3 > candidate's term 2
2021-07-28 21:02:29,870 [grpc-default-executor-2] INFO  server.RaftServer$Division (RaftServerImpl.java:requestVote(1075)) - 8ca710da-f90c-4f5c-8e20-a506923d7d86@group-82557DB05F40 replies to ELECTION vote request: d76cbe35-1465-4027-b77e-516590b33ba3<-8ca710da-f90c-4f5c-8e20-a506923d7d86#0:FAIL-t3. Peer's state: 8ca710da-f90c-4f5c-8e20-a506923d7d86@group-82557DB05F40:t3, leader=null, voted=null, raftlog=8ca710da-f90c-4f5c-8e20-a506923d7d86@group-82557DB05F40-SegmentedRaftLog:OPENED:c-1,f0,i0, conf=0: [1c1a15f6-b9e2-4fe7-bd0e-049086cdca18|rpc:127.0.0.1:36645|dataStream:|priority:0, 8ca710da-f90c-4f5c-8e20-a506923d7d86|rpc:127.0.0.1:44271|dataStream:|priority:1, d76cbe35-1465-4027-b77e-516590b33ba3|rpc:127.0.0.1:33679|dataStream:|priority:0], old=null
2021-07-28 21:02:29,874 [grpc-default-executor-3] INFO  server.GrpcLogAppender (GrpcLogAppender.java:onCompleted(344)) - 8ca710da-f90c-4f5c-8e20-a506923d7d86@group-82557DB05F40->1c1a15f6-b9e2-4fe7-bd0e-049086cdca18-AppendLogResponseHandler: follower responses appendEntries COMPLETED
2021-07-28 21:02:29,874 [grpc-default-executor-1] INFO  server.RaftServer$Division (ServerState.java:setRaftConf(387)) - d76cbe35-1465-4027-b77e-516590b33ba3@group-82557DB05F40: set configuration 0: [1c1a15f6-b9e2-4fe7-bd0e-049086cdca18|rpc:127.0.0.1:36645|dataStream:|priority:0, 8ca710da-f90c-4f5c-8e20-a506923d7d86|rpc:127.0.0.1:44271|dataStream:|priority:1, d76cbe35-1465-4027-b77e-516590b33ba3|rpc:127.0.0.1:33679|dataStream:|priority:0], old=null
2021-07-28 21:02:29,881 [grpc-default-executor-5] INFO  server.RaftServer$Division (RaftServerImpl.java:requestVote(1043)) - 8ca710da-f90c-4f5c-8e20-a506923d7d86@group-82557DB05F40: receive requestVote(ELECTION, 1c1a15f6-b9e2-4fe7-bd0e-049086cdca18, group-82557DB05F40, 3, (t:0, i:0))
2021-07-28 21:02:29,881 [grpc-default-executor-1] INFO  segmented.SegmentedRaftLogWorker (SegmentedRaftLogWorker.java:startLogSegment(394)) - d76cbe35-1465-4027-b77e-516590b33ba3@group-82557DB05F40-SegmentedRaftLogWorker: Starting segment from index:0
2021-07-28 21:02:29,881 [grpc-default-executor-1] INFO  server.GrpcServerProtocolService (GrpcServerProtocolService.java:onCompleted(140)) - d76cbe35-1465-4027-b77e-516590b33ba3: Completed APPEND_ENTRIES, lastRequest: 8ca710da-f90c-4f5c-8e20-a506923d7d86->d76cbe35-1465-4027-b77e-516590b33ba3#1-t2,previous=(t:0, i:0),leaderCommit=-1,initializing? true,entries: size=1, first=(t:2, i:0), CONFIGURATIONENTRY
2021-07-28 21:02:29,875 [d76cbe35-1465-4027-b77e-516590b33ba3@group-82557DB05F40-LeaderElection11] INFO  impl.LeaderElection (LeaderElection.java:logAndReturn(89)) - d76cbe35-1465-4027-b77e-516590b33ba3@group-82557DB05F40-LeaderElection11: ELECTION DISCOVERED_A_NEW_TERM (term=3) received 2 response(s) and 0 exception(s):
2021-07-28 21:02:29,874 [grpc-default-executor-3] INFO  leader.FollowerInfo (FollowerInfoImpl.java:lambda$new$0(46)) - 8ca710da-f90c-4f5c-8e20-a506923d7d86@group-82557DB05F40->1c1a15f6-b9e2-4fe7-bd0e-049086cdca18: nextIndex: updateUnconditionally 1 -> 0
2021-07-28 21:02:29,882 [d76cbe35-1465-4027-b77e-516590b33ba3@group-82557DB05F40-LeaderElection11] INFO  impl.LeaderElection (LeaderElection.java:logAndReturn(93)) -   Response 0: d76cbe35-1465-4027-b77e-516590b33ba3<-1c1a15f6-b9e2-4fe7-bd0e-049086cdca18#0:FAIL-t2
2021-07-28 21:02:29,882 [d76cbe35-1465-4027-b77e-516590b33ba3@group-82557DB05F40-LeaderElection11] INFO  impl.LeaderElection (LeaderElection.java:logAndReturn(93)) -   Response 1: d76cbe35-1465-4027-b77e-516590b33ba3<-8ca710da-f90c-4f5c-8e20-a506923d7d86#0:FAIL-t3
2021-07-28 21:02:29,882 [d76cbe35-1465-4027-b77e-516590b33ba3@group-82557DB05F40-LeaderElection11] INFO  impl.LeaderElection (LeaderElection.java:askForVotes(308)) - d76cbe35-1465-4027-b77e-516590b33ba3@group-82557DB05F40-LeaderElection11 ELECTION round 0: result DISCOVERED_A_NEW_TERM (term=3)
2021-07-28 21:02:29,881 [grpc-default-executor-5] INFO  impl.VoteContext (VoteContext.java:log(48)) - 8ca710da-f90c-4f5c-8e20-a506923d7d86@group-82557DB05F40-FOLLOWER: reject ELECTION from 1c1a15f6-b9e2-4fe7-bd0e-049086cdca18: our last entry (t:2, i:0) > candidate's last entry (t:0, i:0)
2021-07-28 21:02:29,883 [grpc-default-executor-5] INFO  server.RaftServer$Division (RaftServerImpl.java:setRole(285)) - 8ca710da-f90c-4f5c-8e20-a506923d7d86@group-82557DB05F40: changes role from  FOLLOWER to FOLLOWER at term 3 for candidate:1c1a15f6-b9e2-4fe7-bd0e-049086cdca18
2021-07-28 21:02:29,883 [grpc-default-executor-5] INFO  impl.RoleInfo (RoleInfo.java:shutdownFollowerState(108)) - 8ca710da-f90c-4f5c-8e20-a506923d7d86: shutdown 8ca710da-f90c-4f5c-8e20-a506923d7d86@group-82557DB05F40-FollowerState
2021-07-28 21:02:29,883 [grpc-default-executor-5] INFO  impl.RoleInfo (RoleInfo.java:updateAndGet(130)) - 8ca710da-f90c-4f5c-8e20-a506923d7d86: start 8ca710da-f90c-4f5c-8e20-a506923d7d86@group-82557DB05F40-FollowerState
2021-07-28 21:02:29,883 [grpc-default-executor-1] INFO  server.GrpcLogAppender (GrpcLogAppender.java:onCompleted(344)) - 8ca710da-f90c-4f5c-8e20-a506923d7d86@group-82557DB05F40->d76cbe35-1465-4027-b77e-516590b33ba3-AppendLogResponseHandler: follower responses appendEntries COMPLETED
2021-07-28 21:02:29,883 [grpc-default-executor-1] INFO  leader.FollowerInfo (FollowerInfoImpl.java:lambda$new$0(46)) - 8ca710da-f90c-4f5c-8e20-a506923d7d86@group-82557DB05F40->d76cbe35-1465-4027-b77e-516590b33ba3: nextIndex: updateUnconditionally 1 -> 0
2021-07-28 21:02:29,883 [8ca710da-f90c-4f5c-8e20-a506923d7d86@group-82557DB05F40-FollowerState] INFO  impl.FollowerState (FollowerState.java:run(143)) - 8ca710da-f90c-4f5c-8e20-a506923d7d86@group-82557DB05F40-FollowerState was interrupted: {}
java.lang.InterruptedException: sleep interrupted
	at java.lang.Thread.sleep(Native Method)
	at java.lang.Thread.sleep(Thread.java:340)
	at java.util.concurrent.TimeUnit.sleep(TimeUnit.java:386)
	at org.apache.ratis.util.TimeDuration.sleep(TimeDuration.java:324)
	at org.apache.ratis.util.TimeDuration.sleep(TimeDuration.java:309)
	at org.apache.ratis.server.impl.FollowerState.run(FollowerState.java:118)
2021-07-28 21:02:29,883 [grpc-default-executor-4] INFO  server.RaftServer$Division (RaftServerImpl.java:requestVote(1043)) - d76cbe35-1465-4027-b77e-516590b33ba3@group-82557DB05F40: receive requestVote(ELECTION, 1c1a15f6-b9e2-4fe7-bd0e-049086cdca18, group-82557DB05F40, 3, (t:0, i:0))
2021-07-28 21:02:29,883 [d76cbe35-1465-4027-b77e-516590b33ba3@group-82557DB05F40-SegmentedRaftLogWorker] INFO  segmented.SegmentedRaftLogWorker (SegmentedRaftLogWorker.java:execute(601)) - d76cbe35-1465-4027-b77e-516590b33ba3@group-82557DB05F40-SegmentedRaftLogWorker: created new log segment /home/runner/work/ozone/ozone/mnt/ozone/hadoop-ozone/integration-test/target/test-dir/MiniOzoneClusterImpl-78c7c17c-5238-474f-b89e-7e5468740183/datanode-0/data/ratis/ffc08a69-289a-48e5-b1d7-82557db05f40/current/log_inprogress_0
2021-07-28 21:02:29,884 [grpc-default-executor-4] INFO  impl.VoteContext (VoteContext.java:log(48)) - d76cbe35-1465-4027-b77e-516590b33ba3@group-82557DB05F40-FOLLOWER: reject ELECTION from 1c1a15f6-b9e2-4fe7-bd0e-049086cdca18: our last entry (t:2, i:0) > candidate's last entry (t:0, i:0)
2021-07-28 21:02:29,884 [grpc-default-executor-4] INFO  server.RaftServer$Division (ServerState.java:setLeader(285)) - d76cbe35-1465-4027-b77e-516590b33ba3@group-82557DB05F40: change Leader from 8ca710da-f90c-4f5c-8e20-a506923d7d86 to null at term 3 for updateCurrentTerm
2021-07-28 21:02:29,884 [grpc-default-executor-4] INFO  server.RaftServer$Division (RaftServerImpl.java:setRole(285)) - d76cbe35-1465-4027-b77e-516590b33ba3@group-82557DB05F40: changes role from  FOLLOWER to FOLLOWER at term 3 for candidate:1c1a15f6-b9e2-4fe7-bd0e-049086cdca18
2021-07-28 21:02:29,884 [grpc-default-executor-4] INFO  impl.RoleInfo (RoleInfo.java:shutdownFollowerState(108)) - d76cbe35-1465-4027-b77e-516590b33ba3: shutdown d76cbe35-1465-4027-b77e-516590b33ba3@group-82557DB05F40-FollowerState
2021-07-28 21:02:29,885 [grpc-default-executor-5] INFO  server.RaftServer$Division (RaftServerImpl.java:requestVote(1075)) - 8ca710da-f90c-4f5c-8e20-a506923d7d86@group-82557DB05F40 replies to ELECTION vote request: 1c1a15f6-b9e2-4fe7-bd0e-049086cdca18<-8ca710da-f90c-4f5c-8e20-a506923d7d86#0:FAIL-t3. Peer's state: 8ca710da-f90c-4f5c-8e20-a506923d7d86@group-82557DB05F40:t3, leader=null, voted=null, raftlog=8ca710da-f90c-4f5c-8e20-a506923d7d86@group-82557DB05F40-SegmentedRaftLog:OPENED:c-1,f0,i0, conf=0: [1c1a15f6-b9e2-4fe7-bd0e-049086cdca18|rpc:127.0.0.1:36645|dataStream:|priority:0, 8ca710da-f90c-4f5c-8e20-a506923d7d86|rpc:127.0.0.1:44271|dataStream:|priority:1, d76cbe35-1465-4027-b77e-516590b33ba3|rpc:127.0.0.1:33679|dataStream:|priority:0], old=null
2021-07-28 21:02:29,885 [d76cbe35-1465-4027-b77e-516590b33ba3@group-82557DB05F40-FollowerState] INFO  impl.FollowerState (FollowerState.java:run(143)) - d76cbe35-1465-4027-b77e-516590b33ba3@group-82557DB05F40-FollowerState was interrupted: {}
java.lang.InterruptedException: sleep interrupted
	at java.lang.Thread.sleep(Native Method)
	at java.lang.Thread.sleep(Thread.java:340)
	at java.util.concurrent.TimeUnit.sleep(TimeUnit.java:386)
	at org.apache.ratis.util.TimeDuration.sleep(TimeDuration.java:324)
	at org.apache.ratis.util.TimeDuration.sleep(TimeDuration.java:309)
	at org.apache.ratis.server.impl.FollowerState.run(FollowerState.java:118)
2021-07-28 21:02:29,885 [grpc-default-executor-4] INFO  impl.RoleInfo (RoleInfo.java:updateAndGet(130)) - d76cbe35-1465-4027-b77e-516590b33ba3: start d76cbe35-1465-4027-b77e-516590b33ba3@group-82557DB05F40-FollowerState
2021-07-28 21:02:29,887 [1c1a15f6-b9e2-4fe7-bd0e-049086cdca18@group-82557DB05F40-LeaderElection12] INFO  impl.LeaderElection (LeaderElection.java:logAndReturn(89)) - 1c1a15f6-b9e2-4fe7-bd0e-049086cdca18@group-82557DB05F40-LeaderElection12: ELECTION REJECTED received 1 response(s) and 0 exception(s):
2021-07-28 21:02:29,890 [1c1a15f6-b9e2-4fe7-bd0e-049086cdca18@group-82557DB05F40-LeaderElection12] INFO  impl.LeaderElection (LeaderElection.java:logAndReturn(93)) -   Response 0: 1c1a15f6-b9e2-4fe7-bd0e-049086cdca18<-8ca710da-f90c-4f5c-8e20-a506923d7d86#0:FAIL-t3
2021-07-28 21:02:29,890 [1c1a15f6-b9e2-4fe7-bd0e-049086cdca18@group-82557DB05F40-LeaderElection12] INFO  impl.LeaderElection (LeaderElection.java:askForVotes(308)) - 1c1a15f6-b9e2-4fe7-bd0e-049086cdca18@group-82557DB05F40-LeaderElection12 ELECTION round 0: result REJECTED
2021-07-28 21:02:29,890 [1c1a15f6-b9e2-4fe7-bd0e-049086cdca18@group-82557DB05F40-LeaderElection12] INFO  server.RaftServer$Division (RaftServerImpl.java:setRole(285)) - 1c1a15f6-b9e2-4fe7-bd0e-049086cdca18@group-82557DB05F40: changes role from CANDIDATE to FOLLOWER at term 3 for REJECTED
2021-07-28 21:02:29,891 [1c1a15f6-b9e2-4fe7-bd0e-049086cdca18@group-82557DB05F40-LeaderElection12] INFO  impl.RoleInfo (RoleInfo.java:shutdownLeaderElection(121)) - 1c1a15f6-b9e2-4fe7-bd0e-049086cdca18: shutdown 1c1a15f6-b9e2-4fe7-bd0e-049086cdca18@group-82557DB05F40-LeaderElection12
2021-07-28 21:02:29,891 [1c1a15f6-b9e2-4fe7-bd0e-049086cdca18@group-82557DB05F40-LeaderElection12] INFO  impl.RoleInfo (RoleInfo.java:updateAndGet(130)) - 1c1a15f6-b9e2-4fe7-bd0e-049086cdca18: start 1c1a15f6-b9e2-4fe7-bd0e-049086cdca18@group-82557DB05F40-FollowerState
2021-07-28 21:02:29,897 [grpc-default-executor-4] INFO  server.RaftServer$Division (RaftServerImpl.java:requestVote(1075)) - d76cbe35-1465-4027-b77e-516590b33ba3@group-82557DB05F40 replies to ELECTION vote request: 1c1a15f6-b9e2-4fe7-bd0e-049086cdca18<-d76cbe35-1465-4027-b77e-516590b33ba3#0:FAIL-t3. Peer's state: d76cbe35-1465-4027-b77e-516590b33ba3@group-82557DB05F40:t3, leader=null, voted=null, raftlog=d76cbe35-1465-4027-b77e-516590b33ba3@group-82557DB05F40-SegmentedRaftLog:OPENED:c-1,f0,i0, conf=0: [1c1a15f6-b9e2-4fe7-bd0e-049086cdca18|rpc:127.0.0.1:36645|dataStream:|priority:0, 8ca710da-f90c-4f5c-8e20-a506923d7d86|rpc:127.0.0.1:44271|dataStream:|priority:1, d76cbe35-1465-4027-b77e-516590b33ba3|rpc:127.0.0.1:33679|dataStream:|priority:0], old=null
2021-07-28 21:02:30,756 [EndpointStateMachine task thread for /127.0.0.1:15141 - 0 ] INFO  ipc.Client (Client.java:handleConnectionFailure(977)) - Retrying connect to server: localhost/127.0.0.1:15141. Already tried 3 time(s); retry policy is RetryUpToMaximumCountWithFixedSleep(maxRetries=15, sleepTime=1000 MILLISECONDS)
2021-07-28 21:02:31,757 [EndpointStateMachine task thread for /127.0.0.1:15141 - 0 ] INFO  ipc.Client (Client.java:handleConnectionFailure(977)) - Retrying connect to server: localhost/127.0.0.1:15141. Already tried 4 time(s); retry policy is RetryUpToMaximumCountWithFixedSleep(maxRetries=15, sleepTime=1000 MILLISECONDS)
2021-07-28 21:02:32,726 [Listener at 127.0.0.1/11612] INFO  ozoneimpl.OzoneContainer (OzoneContainer.java:stop(326)) - Attempting to stop container services.
2021-07-28 21:02:32,726 [ForkJoinPool.commonPool-worker-1] INFO  ozoneimpl.OzoneContainer (OzoneContainer.java:stop(326)) - Attempting to stop container services.
2021-07-28 21:02:32,728 [Listener at 127.0.0.1/11612] INFO  server.RaftServer (RaftServerProxy.java:lambda$close$6(391)) - 8ca710da-f90c-4f5c-8e20-a506923d7d86: close
2021-07-28 21:02:32,728 [Listener at 127.0.0.1/11612] INFO  server.RaftServer$Division (RaftServerImpl.java:lambda$close$4(407)) - 8ca710da-f90c-4f5c-8e20-a506923d7d86@group-38FDFB7DAF8F: shutdown
2021-07-28 21:02:32,729 [Listener at 127.0.0.1/11612] INFO  util.JmxRegister (JmxRegister.java:unregister(73)) - Successfully un-registered JMX Bean with object name Ratis:service=RaftServer,group=group-38FDFB7DAF8F,id=8ca710da-f90c-4f5c-8e20-a506923d7d86
2021-07-28 21:02:32,729 [Listener at 127.0.0.1/11612] INFO  impl.RoleInfo (RoleInfo.java:shutdownLeaderState(91)) - 8ca710da-f90c-4f5c-8e20-a506923d7d86: shutdown 8ca710da-f90c-4f5c-8e20-a506923d7d86@group-38FDFB7DAF8F-LeaderStateImpl
2021-07-28 21:02:32,729 [Listener at 127.0.0.1/11612] INFO  impl.PendingRequests (PendingRequests.java:sendNotLeaderResponses(249)) - 8ca710da-f90c-4f5c-8e20-a506923d7d86@group-38FDFB7DAF8F-PendingRequests: sendNotLeaderResponses
2021-07-28 21:02:32,730 [Listener at 127.0.0.1/11612] INFO  impl.StateMachineUpdater (StateMachineUpdater.java:stopAndJoin(149)) - 8ca710da-f90c-4f5c-8e20-a506923d7d86@group-38FDFB7DAF8F-StateMachineUpdater: set stopIndex = 0
2021-07-28 21:02:32,730 [ForkJoinPool.commonPool-worker-1] INFO  server.RaftServer (RaftServerProxy.java:lambda$close$6(391)) - d76cbe35-1465-4027-b77e-516590b33ba3: close
2021-07-28 21:02:32,730 [8ca710da-f90c-4f5c-8e20-a506923d7d86@group-38FDFB7DAF8F-StateMachineUpdater] INFO  ratis.ContainerStateMachine (ContainerStateMachine.java:takeSnapshot(291)) - group-38FDFB7DAF8F: Taking a snapshot at:(t:1, i:0) file /home/runner/work/ozone/ozone/mnt/ozone/hadoop-ozone/integration-test/target/test-dir/MiniOzoneClusterImpl-78c7c17c-5238-474f-b89e-7e5468740183/datanode-1/data/ratis/3edeb008-6d90-4397-ac3a-38fdfb7daf8f/sm/snapshot.1_0
2021-07-28 21:02:32,730 [ForkJoinPool.commonPool-worker-1] INFO  server.RaftServer$Division (RaftServerImpl.java:lambda$close$4(407)) - d76cbe35-1465-4027-b77e-516590b33ba3@group-82557DB05F40: shutdown
2021-07-28 21:02:32,736 [ForkJoinPool.commonPool-worker-1] INFO  util.JmxRegister (JmxRegister.java:unregister(73)) - Successfully un-registered JMX Bean with object name Ratis:service=RaftServer,group=group-82557DB05F40,id=d76cbe35-1465-4027-b77e-516590b33ba3
2021-07-28 21:02:32,736 [ForkJoinPool.commonPool-worker-1] INFO  impl.RoleInfo (RoleInfo.java:shutdownFollowerState(108)) - d76cbe35-1465-4027-b77e-516590b33ba3: shutdown d76cbe35-1465-4027-b77e-516590b33ba3@group-82557DB05F40-FollowerState
2021-07-28 21:02:32,737 [ForkJoinPool.commonPool-worker-1] INFO  impl.StateMachineUpdater (StateMachineUpdater.java:stopAndJoin(149)) - d76cbe35-1465-4027-b77e-516590b33ba3@group-82557DB05F40-StateMachineUpdater: set stopIndex = -1
2021-07-28 21:02:32,737 [d76cbe35-1465-4027-b77e-516590b33ba3@group-82557DB05F40-FollowerState] INFO  impl.FollowerState (FollowerState.java:run(143)) - d76cbe35-1465-4027-b77e-516590b33ba3@group-82557DB05F40-FollowerState was interrupted: {}
java.lang.InterruptedException: sleep interrupted
	at java.lang.Thread.sleep(Native Method)
	at java.lang.Thread.sleep(Thread.java:340)
	at java.util.concurrent.TimeUnit.sleep(TimeUnit.java:386)
	at org.apache.ratis.util.TimeDuration.sleep(TimeDuration.java:324)
	at org.apache.ratis.util.TimeDuration.sleep(TimeDuration.java:309)
	at org.apache.ratis.server.impl.FollowerState.run(FollowerState.java:118)
2021-07-28 21:02:32,738 [ForkJoinPool.commonPool-worker-1] INFO  server.RaftServer$Division (ServerState.java:close(419)) - d76cbe35-1465-4027-b77e-516590b33ba3@group-82557DB05F40: closes. applyIndex: -1
2021-07-28 21:02:32,738 [d76cbe35-1465-4027-b77e-516590b33ba3@group-82557DB05F40-SegmentedRaftLogWorker] INFO  segmented.SegmentedRaftLogWorker (SegmentedRaftLogWorker.java:run(327)) - d76cbe35-1465-4027-b77e-516590b33ba3@group-82557DB05F40-SegmentedRaftLogWorker was interrupted, exiting. There are 0 tasks remaining in the queue.
2021-07-28 21:02:32,741 [ForkJoinPool.commonPool-worker-1] INFO  segmented.SegmentedRaftLogWorker (SegmentedRaftLogWorker.java:close(237)) - d76cbe35-1465-4027-b77e-516590b33ba3@group-82557DB05F40-SegmentedRaftLogWorker close()
2021-07-28 21:02:32,741 [ForkJoinPool.commonPool-worker-1] INFO  server.RaftServer$Division (RaftServerImpl.java:lambda$close$4(407)) - d76cbe35-1465-4027-b77e-516590b33ba3@group-765CB7123C7D: shutdown
2021-07-28 21:02:32,741 [ForkJoinPool.commonPool-worker-1] INFO  util.JmxRegister (JmxRegister.java:unregister(73)) - Successfully un-registered JMX Bean with object name Ratis:service=RaftServer,group=group-765CB7123C7D,id=d76cbe35-1465-4027-b77e-516590b33ba3
2021-07-28 21:02:32,741 [ForkJoinPool.commonPool-worker-1] INFO  impl.RoleInfo (RoleInfo.java:shutdownLeaderState(91)) - d76cbe35-1465-4027-b77e-516590b33ba3: shutdown d76cbe35-1465-4027-b77e-516590b33ba3@group-765CB7123C7D-LeaderStateImpl
2021-07-28 21:02:32,742 [ForkJoinPool.commonPool-worker-1] INFO  impl.PendingRequests (PendingRequests.java:sendNotLeaderResponses(249)) - d76cbe35-1465-4027-b77e-516590b33ba3@group-765CB7123C7D-PendingRequests: sendNotLeaderResponses
2021-07-28 21:02:32,742 [ForkJoinPool.commonPool-worker-1] INFO  impl.StateMachineUpdater (StateMachineUpdater.java:stopAndJoin(149)) - d76cbe35-1465-4027-b77e-516590b33ba3@group-765CB7123C7D-StateMachineUpdater: set stopIndex = 0
2021-07-28 21:02:32,742 [d76cbe35-1465-4027-b77e-516590b33ba3@group-765CB7123C7D-StateMachineUpdater] INFO  ratis.ContainerStateMachine (ContainerStateMachine.java:takeSnapshot(291)) - group-765CB7123C7D: Taking a snapshot at:(t:1, i:0) file /home/runner/work/ozone/ozone/mnt/ozone/hadoop-ozone/integration-test/target/test-dir/MiniOzoneClusterImpl-78c7c17c-5238-474f-b89e-7e5468740183/datanode-0/data/ratis/1e4e6a81-9076-48b4-b2e5-765cb7123c7d/sm/snapshot.1_0
2021-07-28 21:02:32,758 [EndpointStateMachine task thread for /127.0.0.1:15141 - 0 ] INFO  ipc.Client (Client.java:handleConnectionFailure(977)) - Retrying connect to server: localhost/127.0.0.1:15141. Already tried 5 time(s); retry policy is RetryUpToMaximumCountWithFixedSleep(maxRetries=15, sleepTime=1000 MILLISECONDS)
2021-07-28 21:02:32,765 [8ca710da-f90c-4f5c-8e20-a506923d7d86@group-38FDFB7DAF8F-StateMachineUpdater] INFO  ratis.ContainerStateMachine (ContainerStateMachine.java:takeSnapshot(302)) - group-38FDFB7DAF8F: Finished taking a snapshot at:(t:1, i:0) file:/home/runner/work/ozone/ozone/mnt/ozone/hadoop-ozone/integration-test/target/test-dir/MiniOzoneClusterImpl-78c7c17c-5238-474f-b89e-7e5468740183/datanode-1/data/ratis/3edeb008-6d90-4397-ac3a-38fdfb7daf8f/sm/snapshot.1_0 took: 35 ms
2021-07-28 21:02:32,767 [8ca710da-f90c-4f5c-8e20-a506923d7d86@group-38FDFB7DAF8F-StateMachineUpdater] INFO  impl.StateMachineUpdater (StateMachineUpdater.java:takeSnapshot(281)) - 8ca710da-f90c-4f5c-8e20-a506923d7d86@group-38FDFB7DAF8F-StateMachineUpdater: Took a snapshot at index 0
2021-07-28 21:02:32,767 [8ca710da-f90c-4f5c-8e20-a506923d7d86@group-38FDFB7DAF8F-StateMachineUpdater] INFO  impl.StateMachineUpdater (StateMachineUpdater.java:lambda$new$0(89)) - 8ca710da-f90c-4f5c-8e20-a506923d7d86@group-38FDFB7DAF8F-StateMachineUpdater: snapshotIndex: updateIncreasingly -1 -> 0
2021-07-28 21:02:32,767 [Listener at 127.0.0.1/11612] INFO  server.RaftServer$Division (ServerState.java:close(419)) - 8ca710da-f90c-4f5c-8e20-a506923d7d86@group-38FDFB7DAF8F: closes. applyIndex: 0
2021-07-28 21:02:32,767 [d76cbe35-1465-4027-b77e-516590b33ba3@group-765CB7123C7D-StateMachineUpdater] INFO  ratis.ContainerStateMachine (ContainerStateMachine.java:takeSnapshot(302)) - group-765CB7123C7D: Finished taking a snapshot at:(t:1, i:0) file:/home/runner/work/ozone/ozone/mnt/ozone/hadoop-ozone/integration-test/target/test-dir/MiniOzoneClusterImpl-78c7c17c-5238-474f-b89e-7e5468740183/datanode-0/data/ratis/1e4e6a81-9076-48b4-b2e5-765cb7123c7d/sm/snapshot.1_0 took: 25 ms
2021-07-28 21:02:32,768 [8ca710da-f90c-4f5c-8e20-a506923d7d86@group-38FDFB7DAF8F-SegmentedRaftLogWorker] INFO  segmented.SegmentedRaftLogWorker (SegmentedRaftLogWorker.java:run(327)) - 8ca710da-f90c-4f5c-8e20-a506923d7d86@group-38FDFB7DAF8F-SegmentedRaftLogWorker was interrupted, exiting. There are 0 tasks remaining in the queue.
2021-07-28 21:02:32,771 [Listener at 127.0.0.1/11612] INFO  segmented.SegmentedRaftLogWorker (SegmentedRaftLogWorker.java:close(237)) - 8ca710da-f90c-4f5c-8e20-a506923d7d86@group-38FDFB7DAF8F-SegmentedRaftLogWorker close()
2021-07-28 21:02:32,772 [Listener at 127.0.0.1/11612] INFO  server.RaftServer$Division (RaftServerImpl.java:lambda$close$4(407)) - 8ca710da-f90c-4f5c-8e20-a506923d7d86@group-82557DB05F40: shutdown
2021-07-28 21:02:32,772 [Listener at 127.0.0.1/11612] INFO  util.JmxRegister (JmxRegister.java:unregister(73)) - Successfully un-registered JMX Bean with object name Ratis:service=RaftServer,group=group-82557DB05F40,id=8ca710da-f90c-4f5c-8e20-a506923d7d86
2021-07-28 21:02:32,772 [Listener at 127.0.0.1/11612] INFO  impl.RoleInfo (RoleInfo.java:shutdownFollowerState(108)) - 8ca710da-f90c-4f5c-8e20-a506923d7d86: shutdown 8ca710da-f90c-4f5c-8e20-a506923d7d86@group-82557DB05F40-FollowerState
2021-07-28 21:02:32,772 [Listener at 127.0.0.1/11612] INFO  impl.StateMachineUpdater (StateMachineUpdater.java:stopAndJoin(149)) - 8ca710da-f90c-4f5c-8e20-a506923d7d86@group-82557DB05F40-StateMachineUpdater: set stopIndex = -1
2021-07-28 21:02:32,772 [Listener at 127.0.0.1/11612] INFO  server.RaftServer$Division (ServerState.java:close(419)) - 8ca710da-f90c-4f5c-8e20-a506923d7d86@group-82557DB05F40: closes. applyIndex: -1
2021-07-28 21:02:32,772 [8ca710da-f90c-4f5c-8e20-a506923d7d86@group-82557DB05F40-FollowerState] INFO  impl.FollowerState (FollowerState.java:run(143)) - 8ca710da-f90c-4f5c-8e20-a506923d7d86@group-82557DB05F40-FollowerState was interrupted: {}
java.lang.InterruptedException: sleep interrupted
	at java.lang.Thread.sleep(Native Method)
	at java.lang.Thread.sleep(Thread.java:340)
	at java.util.concurrent.TimeUnit.sleep(TimeUnit.java:386)
	at org.apache.ratis.util.TimeDuration.sleep(TimeDuration.java:324)
	at org.apache.ratis.util.TimeDuration.sleep(TimeDuration.java:309)
	at org.apache.ratis.server.impl.FollowerState.run(FollowerState.java:118)
2021-07-28 21:02:32,773 [8ca710da-f90c-4f5c-8e20-a506923d7d86@group-82557DB05F40-SegmentedRaftLogWorker] INFO  segmented.SegmentedRaftLogWorker (SegmentedRaftLogWorker.java:run(327)) - 8ca710da-f90c-4f5c-8e20-a506923d7d86@group-82557DB05F40-SegmentedRaftLogWorker was interrupted, exiting. There are 0 tasks remaining in the queue.
2021-07-28 21:02:32,773 [Listener at 127.0.0.1/11612] INFO  segmented.SegmentedRaftLogWorker (SegmentedRaftLogWorker.java:close(237)) - 8ca710da-f90c-4f5c-8e20-a506923d7d86@group-82557DB05F40-SegmentedRaftLogWorker close()
2021-07-28 21:02:32,774 [Listener at 127.0.0.1/11612] INFO  server.RaftServer$Division (RaftServerImpl.java:lambda$close$4(407)) - 8ca710da-f90c-4f5c-8e20-a506923d7d86@group-ACD1D8B65187: shutdown
2021-07-28 21:02:32,774 [Listener at 127.0.0.1/11612] INFO  util.JmxRegister (JmxRegister.java:unregister(73)) - Successfully un-registered JMX Bean with object name Ratis:service=RaftServer,group=group-ACD1D8B65187,id=8ca710da-f90c-4f5c-8e20-a506923d7d86
2021-07-28 21:02:32,774 [Listener at 127.0.0.1/11612] INFO  impl.RoleInfo (RoleInfo.java:shutdownFollowerState(108)) - 8ca710da-f90c-4f5c-8e20-a506923d7d86: shutdown 8ca710da-f90c-4f5c-8e20-a506923d7d86@group-ACD1D8B65187-FollowerState
2021-07-28 21:02:32,774 [Listener at 127.0.0.1/11612] INFO  impl.StateMachineUpdater (StateMachineUpdater.java:stopAndJoin(149)) - 8ca710da-f90c-4f5c-8e20-a506923d7d86@group-ACD1D8B65187-StateMachineUpdater: set stopIndex = 0
2021-07-28 21:02:32,774 [8ca710da-f90c-4f5c-8e20-a506923d7d86@group-ACD1D8B65187-StateMachineUpdater] INFO  ratis.ContainerStateMachine (ContainerStateMachine.java:takeSnapshot(291)) - group-ACD1D8B65187: Taking a snapshot at:(t:1, i:0) file /home/runner/work/ozone/ozone/mnt/ozone/hadoop-ozone/integration-test/target/test-dir/MiniOzoneClusterImpl-78c7c17c-5238-474f-b89e-7e5468740183/datanode-1/data/ratis/5350f93b-9e88-4f26-9f2e-acd1d8b65187/sm/snapshot.1_0
2021-07-28 21:02:32,774 [8ca710da-f90c-4f5c-8e20-a506923d7d86@group-ACD1D8B65187-FollowerState] INFO  impl.FollowerState (FollowerState.java:run(143)) - 8ca710da-f90c-4f5c-8e20-a506923d7d86@group-ACD1D8B65187-FollowerState was interrupted: {}
java.lang.InterruptedException: sleep interrupted
	at java.lang.Thread.sleep(Native Method)
	at java.lang.Thread.sleep(Thread.java:340)
	at java.util.concurrent.TimeUnit.sleep(TimeUnit.java:386)
	at org.apache.ratis.util.TimeDuration.sleep(TimeDuration.java:324)
	at org.apache.ratis.util.TimeDuration.sleep(TimeDuration.java:309)
	at org.apache.ratis.server.impl.FollowerState.run(FollowerState.java:118)
2021-07-28 21:02:32,775 [d76cbe35-1465-4027-b77e-516590b33ba3@group-765CB7123C7D-StateMachineUpdater] INFO  impl.StateMachineUpdater (StateMachineUpdater.java:takeSnapshot(281)) - d76cbe35-1465-4027-b77e-516590b33ba3@group-765CB7123C7D-StateMachineUpdater: Took a snapshot at index 0
2021-07-28 21:02:32,776 [8ca710da-f90c-4f5c-8e20-a506923d7d86@group-ACD1D8B65187-StateMachineUpdater] INFO  ratis.ContainerStateMachine (ContainerStateMachine.java:takeSnapshot(302)) - group-ACD1D8B65187: Finished taking a snapshot at:(t:1, i:0) file:/home/runner/work/ozone/ozone/mnt/ozone/hadoop-ozone/integration-test/target/test-dir/MiniOzoneClusterImpl-78c7c17c-5238-474f-b89e-7e5468740183/datanode-1/data/ratis/5350f93b-9e88-4f26-9f2e-acd1d8b65187/sm/snapshot.1_0 took: 1 ms
2021-07-28 21:02:32,776 [d76cbe35-1465-4027-b77e-516590b33ba3@group-765CB7123C7D-StateMachineUpdater] INFO  impl.StateMachineUpdater (StateMachineUpdater.java:lambda$new$0(89)) - d76cbe35-1465-4027-b77e-516590b33ba3@group-765CB7123C7D-StateMachineUpdater: snapshotIndex: updateIncreasingly -1 -> 0
2021-07-28 21:02:32,776 [8ca710da-f90c-4f5c-8e20-a506923d7d86@group-ACD1D8B65187-StateMachineUpdater] INFO  impl.StateMachineUpdater (StateMachineUpdater.java:takeSnapshot(281)) - 8ca710da-f90c-4f5c-8e20-a506923d7d86@group-ACD1D8B65187-StateMachineUpdater: Took a snapshot at index 0
2021-07-28 21:02:32,776 [8ca710da-f90c-4f5c-8e20-a506923d7d86@group-ACD1D8B65187-StateMachineUpdater] INFO  impl.StateMachineUpdater (StateMachineUpdater.java:lambda$new$0(89)) - 8ca710da-f90c-4f5c-8e20-a506923d7d86@group-ACD1D8B65187-StateMachineUpdater: snapshotIndex: updateIncreasingly -1 -> 0
2021-07-28 21:02:32,776 [ForkJoinPool.commonPool-worker-1] INFO  server.RaftServer$Division (ServerState.java:close(419)) - d76cbe35-1465-4027-b77e-516590b33ba3@group-765CB7123C7D: closes. applyIndex: 0
2021-07-28 21:02:32,777 [Listener at 127.0.0.1/11612] INFO  server.RaftServer$Division (ServerState.java:close(419)) - 8ca710da-f90c-4f5c-8e20-a506923d7d86@group-ACD1D8B65187: closes. applyIndex: 0
2021-07-28 21:02:32,777 [d76cbe35-1465-4027-b77e-516590b33ba3@group-765CB7123C7D-SegmentedRaftLogWorker] INFO  segmented.SegmentedRaftLogWorker (SegmentedRaftLogWorker.java:run(327)) - d76cbe35-1465-4027-b77e-516590b33ba3@group-765CB7123C7D-SegmentedRaftLogWorker was interrupted, exiting. There are 0 tasks remaining in the queue.
2021-07-28 21:02:32,777 [8ca710da-f90c-4f5c-8e20-a506923d7d86@group-ACD1D8B65187-SegmentedRaftLogWorker] INFO  segmented.SegmentedRaftLogWorker (SegmentedRaftLogWorker.java:run(327)) - 8ca710da-f90c-4f5c-8e20-a506923d7d86@group-ACD1D8B65187-SegmentedRaftLogWorker was interrupted, exiting. There are 0 tasks remaining in the queue.
2021-07-28 21:02:32,777 [ForkJoinPool.commonPool-worker-1] INFO  segmented.SegmentedRaftLogWorker (SegmentedRaftLogWorker.java:close(237)) - d76cbe35-1465-4027-b77e-516590b33ba3@group-765CB7123C7D-SegmentedRaftLogWorker close()
2021-07-28 21:02:32,777 [Listener at 127.0.0.1/11612] INFO  segmented.SegmentedRaftLogWorker (SegmentedRaftLogWorker.java:close(237)) - 8ca710da-f90c-4f5c-8e20-a506923d7d86@group-ACD1D8B65187-SegmentedRaftLogWorker close()
2021-07-28 21:02:32,778 [ForkJoinPool.commonPool-worker-1] INFO  server.RaftServer$Division (RaftServerImpl.java:lambda$close$4(407)) - d76cbe35-1465-4027-b77e-516590b33ba3@group-ACD1D8B65187: shutdown
2021-07-28 21:02:32,779 [ForkJoinPool.commonPool-worker-1] INFO  util.JmxRegister (JmxRegister.java:unregister(73)) - Successfully un-registered JMX Bean with object name Ratis:service=RaftServer,group=group-ACD1D8B65187,id=d76cbe35-1465-4027-b77e-516590b33ba3
2021-07-28 21:02:32,779 [ForkJoinPool.commonPool-worker-1] INFO  impl.RoleInfo (RoleInfo.java:shutdownLeaderState(91)) - d76cbe35-1465-4027-b77e-516590b33ba3: shutdown d76cbe35-1465-4027-b77e-516590b33ba3@group-ACD1D8B65187-LeaderStateImpl
2021-07-28 21:02:32,779 [d76cbe35-1465-4027-b77e-516590b33ba3@group-ACD1D8B65187->8ca710da-f90c-4f5c-8e20-a506923d7d86-GrpcLogAppender-LogAppenderDaemon] WARN  server.GrpcLogAppender (GrpcLogAppender.java:mayWait(175)) - d76cbe35-1465-4027-b77e-516590b33ba3@group-ACD1D8B65187->8ca710da-f90c-4f5c-8e20-a506923d7d86-GrpcLogAppender: Wait interrupted by java.lang.InterruptedException
2021-07-28 21:02:32,779 [d76cbe35-1465-4027-b77e-516590b33ba3@group-ACD1D8B65187->1c1a15f6-b9e2-4fe7-bd0e-049086cdca18-GrpcLogAppender-LogAppenderDaemon] WARN  server.GrpcLogAppender (GrpcLogAppender.java:mayWait(175)) - d76cbe35-1465-4027-b77e-516590b33ba3@group-ACD1D8B65187->1c1a15f6-b9e2-4fe7-bd0e-049086cdca18-GrpcLogAppender: Wait interrupted by java.lang.InterruptedException
2021-07-28 21:02:32,780 [grpc-default-executor-5] INFO  server.GrpcServerProtocolService (GrpcServerProtocolService.java:onCompleted(140)) - 8ca710da-f90c-4f5c-8e20-a506923d7d86: Completed APPEND_ENTRIES, lastRequest: d76cbe35-1465-4027-b77e-516590b33ba3->8ca710da-f90c-4f5c-8e20-a506923d7d86#1-t1,previous=(t:0, i:0),leaderCommit=0,initializing? true,entries: size=1, first=(t:1, i:0), CONFIGURATIONENTRY
2021-07-28 21:02:32,779 [ForkJoinPool.commonPool-worker-1] INFO  impl.PendingRequests (PendingRequests.java:sendNotLeaderResponses(249)) - d76cbe35-1465-4027-b77e-516590b33ba3@group-ACD1D8B65187-PendingRequests: sendNotLeaderResponses
2021-07-28 21:02:32,780 [grpc-default-executor-4] INFO  server.GrpcServerProtocolService (GrpcServerProtocolService.java:onCompleted(140)) - 1c1a15f6-b9e2-4fe7-bd0e-049086cdca18: Completed APPEND_ENTRIES, lastRequest: d76cbe35-1465-4027-b77e-516590b33ba3->1c1a15f6-b9e2-4fe7-bd0e-049086cdca18#1-t1,previous=(t:0, i:0),leaderCommit=0,initializing? true,entries: size=1, first=(t:1, i:0), CONFIGURATIONENTRY
2021-07-28 21:02:32,781 [d76cbe35-1465-4027-b77e-516590b33ba3@group-ACD1D8B65187-StateMachineUpdater] INFO  ratis.ContainerStateMachine (ContainerStateMachine.java:takeSnapshot(291)) - group-ACD1D8B65187: Taking a snapshot at:(t:1, i:0) file /home/runner/work/ozone/ozone/mnt/ozone/hadoop-ozone/integration-test/target/test-dir/MiniOzoneClusterImpl-78c7c17c-5238-474f-b89e-7e5468740183/datanode-0/data/ratis/5350f93b-9e88-4f26-9f2e-acd1d8b65187/sm/snapshot.1_0
2021-07-28 21:02:32,781 [grpc-default-executor-3] INFO  server.GrpcLogAppender (GrpcLogAppender.java:onCompleted(344)) - d76cbe35-1465-4027-b77e-516590b33ba3@group-ACD1D8B65187->8ca710da-f90c-4f5c-8e20-a506923d7d86-AppendLogResponseHandler: follower responses appendEntries COMPLETED
2021-07-28 21:02:32,781 [grpc-default-executor-3] INFO  leader.FollowerInfo (FollowerInfoImpl.java:lambda$new$0(46)) - d76cbe35-1465-4027-b77e-516590b33ba3@group-ACD1D8B65187->8ca710da-f90c-4f5c-8e20-a506923d7d86: nextIndex: updateUnconditionally 1 -> 0
2021-07-28 21:02:32,782 [grpc-default-executor-4] INFO  server.GrpcLogAppender (GrpcLogAppender.java:onCompleted(344)) - d76cbe35-1465-4027-b77e-516590b33ba3@group-ACD1D8B65187->1c1a15f6-b9e2-4fe7-bd0e-049086cdca18-AppendLogResponseHandler: follower responses appendEntries COMPLETED
2021-07-28 21:02:32,782 [grpc-default-executor-4] INFO  leader.FollowerInfo (FollowerInfoImpl.java:lambda$new$0(46)) - d76cbe35-1465-4027-b77e-516590b33ba3@group-ACD1D8B65187->1c1a15f6-b9e2-4fe7-bd0e-049086cdca18: nextIndex: updateUnconditionally 1 -> 0
2021-07-28 21:02:32,780 [ForkJoinPool.commonPool-worker-1] INFO  impl.StateMachineUpdater (StateMachineUpdater.java:stopAndJoin(149)) - d76cbe35-1465-4027-b77e-516590b33ba3@group-ACD1D8B65187-StateMachineUpdater: set stopIndex = 0
2021-07-28 21:02:32,782 [d76cbe35-1465-4027-b77e-516590b33ba3@group-ACD1D8B65187-StateMachineUpdater] INFO  ratis.ContainerStateMachine (ContainerStateMachine.java:takeSnapshot(302)) - group-ACD1D8B65187: Finished taking a snapshot at:(t:1, i:0) file:/home/runner/work/ozone/ozone/mnt/ozone/hadoop-ozone/integration-test/target/test-dir/MiniOzoneClusterImpl-78c7c17c-5238-474f-b89e-7e5468740183/datanode-0/data/ratis/5350f93b-9e88-4f26-9f2e-acd1d8b65187/sm/snapshot.1_0 took: 2 ms
2021-07-28 21:02:32,782 [Listener at 127.0.0.1/11612] INFO  server.GrpcService (GrpcService.java:closeImpl(262)) - 8ca710da-f90c-4f5c-8e20-a506923d7d86: shutdown server with port 44271 now
2021-07-28 21:02:32,782 [d76cbe35-1465-4027-b77e-516590b33ba3@group-ACD1D8B65187-StateMachineUpdater] INFO  impl.StateMachineUpdater (StateMachineUpdater.java:takeSnapshot(281)) - d76cbe35-1465-4027-b77e-516590b33ba3@group-ACD1D8B65187-StateMachineUpdater: Took a snapshot at index 0
2021-07-28 21:02:32,782 [d76cbe35-1465-4027-b77e-516590b33ba3@group-ACD1D8B65187-StateMachineUpdater] INFO  impl.StateMachineUpdater (StateMachineUpdater.java:lambda$new$0(89)) - d76cbe35-1465-4027-b77e-516590b33ba3@group-ACD1D8B65187-StateMachineUpdater: snapshotIndex: updateIncreasingly -1 -> 0
2021-07-28 21:02:32,784 [ForkJoinPool.commonPool-worker-1] INFO  server.RaftServer$Division (ServerState.java:close(419)) - d76cbe35-1465-4027-b77e-516590b33ba3@group-ACD1D8B65187: closes. applyIndex: 0
2021-07-28 21:02:32,784 [d76cbe35-1465-4027-b77e-516590b33ba3@group-ACD1D8B65187-SegmentedRaftLogWorker] INFO  segmented.SegmentedRaftLogWorker (SegmentedRaftLogWorker.java:run(327)) - d76cbe35-1465-4027-b77e-516590b33ba3@group-ACD1D8B65187-SegmentedRaftLogWorker was interrupted, exiting. There are 0 tasks remaining in the queue.
2021-07-28 21:02:32,784 [ForkJoinPool.commonPool-worker-1] INFO  segmented.SegmentedRaftLogWorker (SegmentedRaftLogWorker.java:close(237)) - d76cbe35-1465-4027-b77e-516590b33ba3@group-ACD1D8B65187-SegmentedRaftLogWorker close()
2021-07-28 21:02:32,784 [ForkJoinPool.commonPool-worker-1] INFO  server.GrpcService (GrpcService.java:closeImpl(262)) - d76cbe35-1465-4027-b77e-516590b33ba3: shutdown server with port 33679 now
2021-07-28 21:02:32,788 [Listener at 127.0.0.1/11612] INFO  server.GrpcService (GrpcService.java:closeImpl(271)) - 8ca710da-f90c-4f5c-8e20-a506923d7d86: shutdown server with port 44271 successfully
2021-07-28 21:02:32,788 [org.apache.ratis.util.JvmPauseMonitor$$Lambda$430/1677697972@3095927f] INFO  util.JvmPauseMonitor (JvmPauseMonitor.java:run(109)) - JvmPauseMonitor-8ca710da-f90c-4f5c-8e20-a506923d7d86: Stopped
2021-07-28 21:02:32,790 [ForkJoinPool.commonPool-worker-1] INFO  server.GrpcService (GrpcService.java:closeImpl(271)) - d76cbe35-1465-4027-b77e-516590b33ba3: shutdown server with port 33679 successfully
2021-07-28 21:02:32,790 [org.apache.ratis.util.JvmPauseMonitor$$Lambda$430/1677697972@19d3d636] INFO  util.JvmPauseMonitor (JvmPauseMonitor.java:run(109)) - JvmPauseMonitor-d76cbe35-1465-4027-b77e-516590b33ba3: Stopped
2021-07-28 21:02:32,792 [Listener at 127.0.0.1/11612] INFO  utils.BackgroundService (BackgroundService.java:shutdown(132)) - Shutting down service BlockDeletingService
2021-07-28 21:02:32,792 [ForkJoinPool.commonPool-worker-1] INFO  utils.BackgroundService (BackgroundService.java:shutdown(132)) - Shutting down service BlockDeletingService
2021-07-28 21:02:32,794 [ForkJoinPool.commonPool-worker-1] INFO  statemachine.DatanodeStateMachine (DatanodeStateMachine.java:stopDaemon(514)) - Ozone container server stopped.
2021-07-28 21:02:32,795 [Listener at 127.0.0.1/11612] INFO  statemachine.DatanodeStateMachine (DatanodeStateMachine.java:stopDaemon(514)) - Ozone container server stopped.
2021-07-28 21:02:32,798 [Listener at 127.0.0.1/11612] INFO  handler.ContextHandler (ContextHandler.java:doStop(1154)) - Stopped o.e.j.w.WebAppContext@6f0bcb93{hddsDatanode,/,null,STOPPED}{jar:file:/home/runner/.m2/repository/org/apache/ozone/hdds-container-service/1.2.0-SNAPSHOT/hdds-container-service-1.2.0-SNAPSHOT.jar!/webapps/hddsDatanode}
2021-07-28 21:02:32,806 [ForkJoinPool.commonPool-worker-1] INFO  handler.ContextHandler (ContextHandler.java:doStop(1154)) - Stopped o.e.j.w.WebAppContext@6291764d{hddsDatanode,/,null,STOPPED}{jar:file:/home/runner/.m2/repository/org/apache/ozone/hdds-container-service/1.2.0-SNAPSHOT/hdds-container-service-1.2.0-SNAPSHOT.jar!/webapps/hddsDatanode}
2021-07-28 21:02:32,807 [ForkJoinPool.commonPool-worker-1] INFO  server.AbstractConnector (AbstractConnector.java:doStop(381)) - Stopped ServerConnector@6aee7038{HTTP/1.1, (http/1.1)}{0.0.0.0:0}
2021-07-28 21:02:32,807 [ForkJoinPool.commonPool-worker-1] INFO  server.session (HouseKeeper.java:stopScavenging(149)) - node0 Stopped scavenging
2021-07-28 21:02:32,808 [ForkJoinPool.commonPool-worker-1] INFO  handler.ContextHandler (ContextHandler.java:doStop(1154)) - Stopped o.e.j.s.ServletContextHandler@64a1a5a5{static,/static,jar:file:/home/runner/.m2/repository/org/apache/ozone/hdds-container-service/1.2.0-SNAPSHOT/hdds-container-service-1.2.0-SNAPSHOT.jar!/webapps/static,STOPPED}
2021-07-28 21:02:32,808 [Listener at 127.0.0.1/11612] INFO  server.AbstractConnector (AbstractConnector.java:doStop(381)) - Stopped ServerConnector@66aa8c9e{HTTP/1.1, (http/1.1)}{0.0.0.0:0}
2021-07-28 21:02:32,809 [Listener at 127.0.0.1/11612] INFO  server.session (HouseKeeper.java:stopScavenging(149)) - node0 Stopped scavenging
2021-07-28 21:02:32,809 [Listener at 127.0.0.1/11612] INFO  handler.ContextHandler (ContextHandler.java:doStop(1154)) - Stopped o.e.j.s.ServletContextHandler@39026576{static,/static,jar:file:/home/runner/.m2/repository/org/apache/ozone/hdds-container-service/1.2.0-SNAPSHOT/hdds-container-service-1.2.0-SNAPSHOT.jar!/webapps/static,STOPPED}
2021-07-28 21:02:32,809 [Listener at 127.0.0.1/11612] INFO  handler.ContextHandler (ContextHandler.java:doStop(1154)) - Stopped o.e.j.s.ServletContextHandler@2f46c64a{logs,/logs,file:///home/runner/work/ozone/ozone/mnt/ozone/hadoop-ozone/integration-test/target/log,STOPPED}
2021-07-28 21:02:32,809 [ForkJoinPool.commonPool-worker-1] INFO  handler.ContextHandler (ContextHandler.java:doStop(1154)) - Stopped o.e.j.s.ServletContextHandler@796affef{logs,/logs,file:///home/runner/work/ozone/ozone/mnt/ozone/hadoop-ozone/integration-test/target/log,STOPPED}
2021-07-28 21:02:33,032 [Datanode State Machine Thread - 0] WARN  statemachine.StateContext (StateContext.java:setState(246)) - Ignore disallowed transition from SHUTDOWN to RUNNING
2021-07-28 21:02:33,032 [Datanode State Machine Thread - 0] INFO  statemachine.DatanodeStateMachine (DatanodeStateMachine.java:lambda$startDaemon$0(456)) - Ozone container server started.
2021-07-28 21:02:33,758 [EndpointStateMachine task thread for /127.0.0.1:15141 - 0 ] INFO  ipc.Client (Client.java:handleConnectionFailure(977)) - Retrying connect to server: localhost/127.0.0.1:15141. Already tried 6 time(s); retry policy is RetryUpToMaximumCountWithFixedSleep(maxRetries=15, sleepTime=1000 MILLISECONDS)
2021-07-28 21:02:34,759 [EndpointStateMachine task thread for /127.0.0.1:15141 - 0 ] INFO  ipc.Client (Client.java:handleConnectionFailure(977)) - Retrying connect to server: localhost/127.0.0.1:15141. Already tried 7 time(s); retry policy is RetryUpToMaximumCountWithFixedSleep(maxRetries=15, sleepTime=1000 MILLISECONDS)
2021-07-28 21:02:35,035 [1c1a15f6-b9e2-4fe7-bd0e-049086cdca18@group-82557DB05F40-FollowerState] INFO  impl.FollowerState (FollowerState.java:run(134)) - 1c1a15f6-b9e2-4fe7-bd0e-049086cdca18@group-82557DB05F40-FollowerState: change to CANDIDATE, lastRpcElapsedTime:5144849320ns, electionTimeout:5139ms
2021-07-28 21:02:35,036 [1c1a15f6-b9e2-4fe7-bd0e-049086cdca18@group-82557DB05F40-FollowerState] INFO  impl.RoleInfo (RoleInfo.java:shutdownFollowerState(108)) - 1c1a15f6-b9e2-4fe7-bd0e-049086cdca18: shutdown 1c1a15f6-b9e2-4fe7-bd0e-049086cdca18@group-82557DB05F40-FollowerState
2021-07-28 21:02:35,036 [1c1a15f6-b9e2-4fe7-bd0e-049086cdca18@group-82557DB05F40-FollowerState] INFO  server.RaftServer$Division (RaftServerImpl.java:setRole(285)) - 1c1a15f6-b9e2-4fe7-bd0e-049086cdca18@group-82557DB05F40: changes role from  FOLLOWER to CANDIDATE at term 3 for changeToCandidate
2021-07-28 21:02:35,036 [1c1a15f6-b9e2-4fe7-bd0e-049086cdca18@group-82557DB05F40-FollowerState] INFO  server.RaftServerConfigKeys (ConfUtils.java:logGet(44)) - raft.server.leaderelection.pre-vote = false (custom)
2021-07-28 21:02:35,036 [1c1a15f6-b9e2-4fe7-bd0e-049086cdca18@group-82557DB05F40-FollowerState] INFO  impl.RoleInfo (RoleInfo.java:updateAndGet(130)) - 1c1a15f6-b9e2-4fe7-bd0e-049086cdca18: start 1c1a15f6-b9e2-4fe7-bd0e-049086cdca18@group-82557DB05F40-LeaderElection13
2021-07-28 21:02:35,038 [1c1a15f6-b9e2-4fe7-bd0e-049086cdca18@group-82557DB05F40-LeaderElection13] INFO  impl.LeaderElection (LeaderElection.java:askForVotes(306)) - 1c1a15f6-b9e2-4fe7-bd0e-049086cdca18@group-82557DB05F40-LeaderElection13 ELECTION round 0: submit vote requests at term 4 for -1: [1c1a15f6-b9e2-4fe7-bd0e-049086cdca18|rpc:127.0.0.1:36645|dataStream:|priority:0, 8ca710da-f90c-4f5c-8e20-a506923d7d86|rpc:127.0.0.1:44271|dataStream:|priority:1, d76cbe35-1465-4027-b77e-516590b33ba3|rpc:127.0.0.1:33679|dataStream:|priority:0], old=null
2021-07-28 21:02:35,042 [1c1a15f6-b9e2-4fe7-bd0e-049086cdca18@group-82557DB05F40-LeaderElection13] INFO  impl.LeaderElection (LogUtils.java:infoOrTrace(137)) - 1c1a15f6-b9e2-4fe7-bd0e-049086cdca18@group-82557DB05F40-LeaderElection13 got exception when requesting votes: java.util.concurrent.ExecutionException: org.apache.ratis.thirdparty.io.grpc.StatusRuntimeException: UNAVAILABLE: io exception
2021-07-28 21:02:35,044 [1c1a15f6-b9e2-4fe7-bd0e-049086cdca18@group-82557DB05F40-LeaderElection13] INFO  impl.LeaderElection (LogUtils.java:infoOrTrace(137)) - 1c1a15f6-b9e2-4fe7-bd0e-049086cdca18@group-82557DB05F40-LeaderElection13 got exception when requesting votes: java.util.concurrent.ExecutionException: org.apache.ratis.thirdparty.io.grpc.StatusRuntimeException: UNAVAILABLE: io exception
2021-07-28 21:02:35,044 [1c1a15f6-b9e2-4fe7-bd0e-049086cdca18@group-82557DB05F40-LeaderElection13] INFO  impl.LeaderElection (LeaderElection.java:logAndReturn(89)) - 1c1a15f6-b9e2-4fe7-bd0e-049086cdca18@group-82557DB05F40-LeaderElection13: ELECTION REJECTED received 0 response(s) and 2 exception(s):
2021-07-28 21:02:35,044 [1c1a15f6-b9e2-4fe7-bd0e-049086cdca18@group-82557DB05F40-LeaderElection13] INFO  impl.LeaderElection (LogUtils.java:infoOrTrace(137)) -   Exception 0: java.util.concurrent.ExecutionException: org.apache.ratis.thirdparty.io.grpc.StatusRuntimeException: UNAVAILABLE: io exception
2021-07-28 21:02:35,044 [1c1a15f6-b9e2-4fe7-bd0e-049086cdca18@group-82557DB05F40-LeaderElection13] INFO  impl.LeaderElection (LogUtils.java:infoOrTrace(137)) -   Exception 1: java.util.concurrent.ExecutionException: org.apache.ratis.thirdparty.io.grpc.StatusRuntimeException: UNAVAILABLE: io exception
2021-07-28 21:02:35,044 [1c1a15f6-b9e2-4fe7-bd0e-049086cdca18@group-82557DB05F40-LeaderElection13] INFO  impl.LeaderElection (LeaderElection.java:askForVotes(308)) - 1c1a15f6-b9e2-4fe7-bd0e-049086cdca18@group-82557DB05F40-LeaderElection13 ELECTION round 0: result REJECTED
2021-07-28 21:02:35,044 [1c1a15f6-b9e2-4fe7-bd0e-049086cdca18@group-82557DB05F40-LeaderElection13] INFO  server.RaftServer$Division (RaftServerImpl.java:setRole(285)) - 1c1a15f6-b9e2-4fe7-bd0e-049086cdca18@group-82557DB05F40: changes role from CANDIDATE to FOLLOWER at term 4 for REJECTED
2021-07-28 21:02:35,044 [1c1a15f6-b9e2-4fe7-bd0e-049086cdca18@group-82557DB05F40-LeaderElection13] INFO  impl.RoleInfo (RoleInfo.java:shutdownLeaderElection(121)) - 1c1a15f6-b9e2-4fe7-bd0e-049086cdca18: shutdown 1c1a15f6-b9e2-4fe7-bd0e-049086cdca18@group-82557DB05F40-LeaderElection13
2021-07-28 21:02:35,044 [1c1a15f6-b9e2-4fe7-bd0e-049086cdca18@group-82557DB05F40-LeaderElection13] INFO  impl.RoleInfo (RoleInfo.java:updateAndGet(130)) - 1c1a15f6-b9e2-4fe7-bd0e-049086cdca18: start 1c1a15f6-b9e2-4fe7-bd0e-049086cdca18@group-82557DB05F40-FollowerState
2021-07-28 21:02:35,760 [EndpointStateMachine task thread for /127.0.0.1:15141 - 0 ] INFO  ipc.Client (Client.java:handleConnectionFailure(977)) - Retrying connect to server: localhost/127.0.0.1:15141. Already tried 8 time(s); retry policy is RetryUpToMaximumCountWithFixedSleep(maxRetries=15, sleepTime=1000 MILLISECONDS)
2021-07-28 21:02:36,762 [EndpointStateMachine task thread for /127.0.0.1:15141 - 0 ] INFO  ipc.Client (Client.java:handleConnectionFailure(977)) - Retrying connect to server: localhost/127.0.0.1:15141. Already tried 9 time(s); retry policy is RetryUpToMaximumCountWithFixedSleep(maxRetries=15, sleepTime=1000 MILLISECONDS)
2021-07-28 21:02:37,763 [EndpointStateMachine task thread for /127.0.0.1:15141 - 0 ] INFO  ipc.Client (Client.java:handleConnectionFailure(977)) - Retrying connect to server: localhost/127.0.0.1:15141. Already tried 10 time(s); retry policy is RetryUpToMaximumCountWithFixedSleep(maxRetries=15, sleepTime=1000 MILLISECONDS)
2021-07-28 21:02:37,812 [Listener at 127.0.0.1/11612] INFO  ozoneimpl.OzoneContainer (OzoneContainer.java:stop(326)) - Attempting to stop container services.
2021-07-28 21:02:37,812 [Listener at 127.0.0.1/11612] INFO  server.RaftServer (RaftServerProxy.java:lambda$close$6(391)) - 1c1a15f6-b9e2-4fe7-bd0e-049086cdca18: close
2021-07-28 21:02:37,812 [Listener at 127.0.0.1/11612] INFO  server.RaftServer$Division (RaftServerImpl.java:lambda$close$4(407)) - 1c1a15f6-b9e2-4fe7-bd0e-049086cdca18@group-82557DB05F40: shutdown
2021-07-28 21:02:37,812 [ForkJoinPool.commonPool-worker-0] INFO  server.RaftServer$Division (RaftServerImpl.java:lambda$close$4(407)) - 1c1a15f6-b9e2-4fe7-bd0e-049086cdca18@group-ACD1D8B65187: shutdown
2021-07-28 21:02:37,813 [Listener at 127.0.0.1/11612] INFO  util.JmxRegister (JmxRegister.java:unregister(73)) - Successfully un-registered JMX Bean with object name Ratis:service=RaftServer,group=group-82557DB05F40,id=1c1a15f6-b9e2-4fe7-bd0e-049086cdca18
2021-07-28 21:02:37,813 [Listener at 127.0.0.1/11612] INFO  impl.RoleInfo (RoleInfo.java:shutdownFollowerState(108)) - 1c1a15f6-b9e2-4fe7-bd0e-049086cdca18: shutdown 1c1a15f6-b9e2-4fe7-bd0e-049086cdca18@group-82557DB05F40-FollowerState
2021-07-28 21:02:37,813 [Listener at 127.0.0.1/11612] INFO  impl.StateMachineUpdater (StateMachineUpdater.java:stopAndJoin(149)) - 1c1a15f6-b9e2-4fe7-bd0e-049086cdca18@group-82557DB05F40-StateMachineUpdater: set stopIndex = -1
2021-07-28 21:02:37,813 [ForkJoinPool.commonPool-worker-0] INFO  util.JmxRegister (JmxRegister.java:unregister(73)) - Successfully un-registered JMX Bean with object name Ratis:service=RaftServer,group=group-ACD1D8B65187,id=1c1a15f6-b9e2-4fe7-bd0e-049086cdca18
2021-07-28 21:02:37,813 [1c1a15f6-b9e2-4fe7-bd0e-049086cdca18@group-82557DB05F40-FollowerState] INFO  impl.FollowerState (FollowerState.java:run(143)) - 1c1a15f6-b9e2-4fe7-bd0e-049086cdca18@group-82557DB05F40-FollowerState was interrupted: {}
java.lang.InterruptedException: sleep interrupted
	at java.lang.Thread.sleep(Native Method)
	at java.lang.Thread.sleep(Thread.java:340)
	at java.util.concurrent.TimeUnit.sleep(TimeUnit.java:386)
	at org.apache.ratis.util.TimeDuration.sleep(TimeDuration.java:324)
	at org.apache.ratis.util.TimeDuration.sleep(TimeDuration.java:309)
	at org.apache.ratis.server.impl.FollowerState.run(FollowerState.java:118)
2021-07-28 21:02:37,813 [Listener at 127.0.0.1/11612] INFO  server.RaftServer$Division (ServerState.java:close(419)) - 1c1a15f6-b9e2-4fe7-bd0e-049086cdca18@group-82557DB05F40: closes. applyIndex: -1
2021-07-28 21:02:37,817 [ForkJoinPool.commonPool-worker-0] INFO  impl.RoleInfo (RoleInfo.java:shutdownFollowerState(108)) - 1c1a15f6-b9e2-4fe7-bd0e-049086cdca18: shutdown 1c1a15f6-b9e2-4fe7-bd0e-049086cdca18@group-ACD1D8B65187-FollowerState
2021-07-28 21:02:37,817 [1c1a15f6-b9e2-4fe7-bd0e-049086cdca18@group-82557DB05F40-SegmentedRaftLogWorker] INFO  segmented.SegmentedRaftLogWorker (SegmentedRaftLogWorker.java:run(327)) - 1c1a15f6-b9e2-4fe7-bd0e-049086cdca18@group-82557DB05F40-SegmentedRaftLogWorker was interrupted, exiting. There are 0 tasks remaining in the queue.
2021-07-28 21:02:37,817 [1c1a15f6-b9e2-4fe7-bd0e-049086cdca18@group-ACD1D8B65187-FollowerState] INFO  impl.FollowerState (FollowerState.java:run(143)) - 1c1a15f6-b9e2-4fe7-bd0e-049086cdca18@group-ACD1D8B65187-FollowerState was interrupted: {}
java.lang.InterruptedException: sleep interrupted
	at java.lang.Thread.sleep(Native Method)
	at java.lang.Thread.sleep(Thread.java:340)
	at java.util.concurrent.TimeUnit.sleep(TimeUnit.java:386)
	at org.apache.ratis.util.TimeDuration.sleep(TimeDuration.java:324)
	at org.apache.ratis.util.TimeDuration.sleep(TimeDuration.java:309)
	at org.apache.ratis.server.impl.FollowerState.run(FollowerState.java:118)
2021-07-28 21:02:37,817 [ForkJoinPool.commonPool-worker-0] INFO  impl.StateMachineUpdater (StateMachineUpdater.java:stopAndJoin(149)) - 1c1a15f6-b9e2-4fe7-bd0e-049086cdca18@group-ACD1D8B65187-StateMachineUpdater: set stopIndex = 0
2021-07-28 21:02:37,817 [Listener at 127.0.0.1/11612] INFO  segmented.SegmentedRaftLogWorker (SegmentedRaftLogWorker.java:close(237)) - 1c1a15f6-b9e2-4fe7-bd0e-049086cdca18@group-82557DB05F40-SegmentedRaftLogWorker close()
2021-07-28 21:02:37,817 [1c1a15f6-b9e2-4fe7-bd0e-049086cdca18@group-ACD1D8B65187-StateMachineUpdater] INFO  ratis.ContainerStateMachine (ContainerStateMachine.java:takeSnapshot(291)) - group-ACD1D8B65187: Taking a snapshot at:(t:1, i:0) file /home/runner/work/ozone/ozone/mnt/ozone/hadoop-ozone/integration-test/target/test-dir/MiniOzoneClusterImpl-78c7c17c-5238-474f-b89e-7e5468740183/datanode-2/data/ratis/5350f93b-9e88-4f26-9f2e-acd1d8b65187/sm/snapshot.1_0
2021-07-28 21:02:37,819 [Listener at 127.0.0.1/11612] INFO  server.RaftServer$Division (RaftServerImpl.java:lambda$close$4(407)) - 1c1a15f6-b9e2-4fe7-bd0e-049086cdca18@group-DED3473BB816: shutdown
2021-07-28 21:02:37,820 [Listener at 127.0.0.1/11612] INFO  util.JmxRegister (JmxRegister.java:unregister(73)) - Successfully un-registered JMX Bean with object name Ratis:service=RaftServer,group=group-DED3473BB816,id=1c1a15f6-b9e2-4fe7-bd0e-049086cdca18
2021-07-28 21:02:37,820 [Listener at 127.0.0.1/11612] INFO  impl.RoleInfo (RoleInfo.java:shutdownLeaderState(91)) - 1c1a15f6-b9e2-4fe7-bd0e-049086cdca18: shutdown 1c1a15f6-b9e2-4fe7-bd0e-049086cdca18@group-DED3473BB816-LeaderStateImpl
2021-07-28 21:02:37,820 [Listener at 127.0.0.1/11612] INFO  impl.PendingRequests (PendingRequests.java:sendNotLeaderResponses(249)) - 1c1a15f6-b9e2-4fe7-bd0e-049086cdca18@group-DED3473BB816-PendingRequests: sendNotLeaderResponses
2021-07-28 21:02:37,820 [1c1a15f6-b9e2-4fe7-bd0e-049086cdca18@group-ACD1D8B65187-StateMachineUpdater] INFO  ratis.ContainerStateMachine (ContainerStateMachine.java:takeSnapshot(302)) - group-ACD1D8B65187: Finished taking a snapshot at:(t:1, i:0) file:/home/runner/work/ozone/ozone/mnt/ozone/hadoop-ozone/integration-test/target/test-dir/MiniOzoneClusterImpl-78c7c17c-5238-474f-b89e-7e5468740183/datanode-2/data/ratis/5350f93b-9e88-4f26-9f2e-acd1d8b65187/sm/snapshot.1_0 took: 3 ms
2021-07-28 21:02:37,821 [Listener at 127.0.0.1/11612] INFO  impl.StateMachineUpdater (StateMachineUpdater.java:stopAndJoin(149)) - 1c1a15f6-b9e2-4fe7-bd0e-049086cdca18@group-DED3473BB816-StateMachineUpdater: set stopIndex = 0
2021-07-28 21:02:37,821 [1c1a15f6-b9e2-4fe7-bd0e-049086cdca18@group-DED3473BB816-StateMachineUpdater] INFO  ratis.ContainerStateMachine (ContainerStateMachine.java:takeSnapshot(291)) - group-DED3473BB816: Taking a snapshot at:(t:1, i:0) file /home/runner/work/ozone/ozone/mnt/ozone/hadoop-ozone/integration-test/target/test-dir/MiniOzoneClusterImpl-78c7c17c-5238-474f-b89e-7e5468740183/datanode-2/data/ratis/3f1bb2a1-9cb8-45f5-9dfe-ded3473bb816/sm/snapshot.1_0
2021-07-28 21:02:37,823 [1c1a15f6-b9e2-4fe7-bd0e-049086cdca18@group-DED3473BB816-StateMachineUpdater] INFO  ratis.ContainerStateMachine (ContainerStateMachine.java:takeSnapshot(302)) - group-DED3473BB816: Finished taking a snapshot at:(t:1, i:0) file:/home/runner/work/ozone/ozone/mnt/ozone/hadoop-ozone/integration-test/target/test-dir/MiniOzoneClusterImpl-78c7c17c-5238-474f-b89e-7e5468740183/datanode-2/data/ratis/3f1bb2a1-9cb8-45f5-9dfe-ded3473bb816/sm/snapshot.1_0 took: 2 ms
2021-07-28 21:02:37,823 [1c1a15f6-b9e2-4fe7-bd0e-049086cdca18@group-DED3473BB816-StateMachineUpdater] INFO  impl.StateMachineUpdater (StateMachineUpdater.java:takeSnapshot(281)) - 1c1a15f6-b9e2-4fe7-bd0e-049086cdca18@group-DED3473BB816-StateMachineUpdater: Took a snapshot at index 0
2021-07-28 21:02:37,823 [1c1a15f6-b9e2-4fe7-bd0e-049086cdca18@group-DED3473BB816-StateMachineUpdater] INFO  impl.StateMachineUpdater (StateMachineUpdater.java:lambda$new$0(89)) - 1c1a15f6-b9e2-4fe7-bd0e-049086cdca18@group-DED3473BB816-StateMachineUpdater: snapshotIndex: updateIncreasingly -1 -> 0
2021-07-28 21:02:37,824 [Listener at 127.0.0.1/11612] INFO  server.RaftServer$Division (ServerState.java:close(419)) - 1c1a15f6-b9e2-4fe7-bd0e-049086cdca18@group-DED3473BB816: closes. applyIndex: 0
2021-07-28 21:02:37,821 [1c1a15f6-b9e2-4fe7-bd0e-049086cdca18@group-ACD1D8B65187-StateMachineUpdater] INFO  impl.StateMachineUpdater (StateMachineUpdater.java:takeSnapshot(281)) - 1c1a15f6-b9e2-4fe7-bd0e-049086cdca18@group-ACD1D8B65187-StateMachineUpdater: Took a snapshot at index 0
2021-07-28 21:02:37,824 [1c1a15f6-b9e2-4fe7-bd0e-049086cdca18@group-ACD1D8B65187-StateMachineUpdater] INFO  impl.StateMachineUpdater (StateMachineUpdater.java:lambda$new$0(89)) - 1c1a15f6-b9e2-4fe7-bd0e-049086cdca18@group-ACD1D8B65187-StateMachineUpdater: snapshotIndex: updateIncreasingly -1 -> 0
2021-07-28 21:02:37,824 [ForkJoinPool.commonPool-worker-0] INFO  server.RaftServer$Division (ServerState.java:close(419)) - 1c1a15f6-b9e2-4fe7-bd0e-049086cdca18@group-ACD1D8B65187: closes. applyIndex: 0
2021-07-28 21:02:37,824 [1c1a15f6-b9e2-4fe7-bd0e-049086cdca18@group-DED3473BB816-SegmentedRaftLogWorker] INFO  segmented.SegmentedRaftLogWorker (SegmentedRaftLogWorker.java:run(327)) - 1c1a15f6-b9e2-4fe7-bd0e-049086cdca18@group-DED3473BB816-SegmentedRaftLogWorker was interrupted, exiting. There are 0 tasks remaining in the queue.
2021-07-28 21:02:37,824 [1c1a15f6-b9e2-4fe7-bd0e-049086cdca18@group-ACD1D8B65187-SegmentedRaftLogWorker] INFO  segmented.SegmentedRaftLogWorker (SegmentedRaftLogWorker.java:run(327)) - 1c1a15f6-b9e2-4fe7-bd0e-049086cdca18@group-ACD1D8B65187-SegmentedRaftLogWorker was interrupted, exiting. There are 0 tasks remaining in the queue.
2021-07-28 21:02:37,824 [Listener at 127.0.0.1/11612] INFO  segmented.SegmentedRaftLogWorker (SegmentedRaftLogWorker.java:close(237)) - 1c1a15f6-b9e2-4fe7-bd0e-049086cdca18@group-DED3473BB816-SegmentedRaftLogWorker close()
2021-07-28 21:02:37,825 [ForkJoinPool.commonPool-worker-0] INFO  segmented.SegmentedRaftLogWorker (SegmentedRaftLogWorker.java:close(237)) - 1c1a15f6-b9e2-4fe7-bd0e-049086cdca18@group-ACD1D8B65187-SegmentedRaftLogWorker close()
2021-07-28 21:02:37,825 [Listener at 127.0.0.1/11612] INFO  server.GrpcService (GrpcService.java:closeImpl(262)) - 1c1a15f6-b9e2-4fe7-bd0e-049086cdca18: shutdown server with port 36645 now
2021-07-28 21:02:37,827 [Listener at 127.0.0.1/11612] INFO  server.GrpcService (GrpcService.java:closeImpl(271)) - 1c1a15f6-b9e2-4fe7-bd0e-049086cdca18: shutdown server with port 36645 successfully
2021-07-28 21:02:37,827 [org.apache.ratis.util.JvmPauseMonitor$$Lambda$430/1677697972@cdc0cbc] INFO  util.JvmPauseMonitor (JvmPauseMonitor.java:run(109)) - JvmPauseMonitor-1c1a15f6-b9e2-4fe7-bd0e-049086cdca18: Stopped
2021-07-28 21:02:37,828 [Listener at 127.0.0.1/11612] INFO  utils.BackgroundService (BackgroundService.java:shutdown(132)) - Shutting down service BlockDeletingService
2021-07-28 21:02:37,828 [Listener at 127.0.0.1/11612] INFO  statemachine.DatanodeStateMachine (DatanodeStateMachine.java:stopDaemon(514)) - Ozone container server stopped.
2021-07-28 21:02:37,829 [Listener at 127.0.0.1/11612] INFO  handler.ContextHandler (ContextHandler.java:doStop(1154)) - Stopped o.e.j.w.WebAppContext@33e4d78f{hddsDatanode,/,null,STOPPED}{jar:file:/home/runner/.m2/repository/org/apache/ozone/hdds-container-service/1.2.0-SNAPSHOT/hdds-container-service-1.2.0-SNAPSHOT.jar!/webapps/hddsDatanode}
2021-07-28 21:02:37,830 [Listener at 127.0.0.1/11612] INFO  server.AbstractConnector (AbstractConnector.java:doStop(381)) - Stopped ServerConnector@5e4a0623{HTTP/1.1, (http/1.1)}{0.0.0.0:0}
2021-07-28 21:02:37,830 [Listener at 127.0.0.1/11612] INFO  server.session (HouseKeeper.java:stopScavenging(149)) - node0 Stopped scavenging
2021-07-28 21:02:37,830 [Listener at 127.0.0.1/11612] INFO  handler.ContextHandler (ContextHandler.java:doStop(1154)) - Stopped o.e.j.s.ServletContextHandler@7cf7e6c6{static,/static,jar:file:/home/runner/.m2/repository/org/apache/ozone/hdds-container-service/1.2.0-SNAPSHOT/hdds-container-service-1.2.0-SNAPSHOT.jar!/webapps/static,STOPPED}
2021-07-28 21:02:37,830 [Listener at 127.0.0.1/11612] INFO  handler.ContextHandler (ContextHandler.java:doStop(1154)) - Stopped o.e.j.s.ServletContextHandler@d688c42{logs,/logs,file:///home/runner/work/ozone/ozone/mnt/ozone/hadoop-ozone/integration-test/target/log,STOPPED}
]]></system-out>
  </testcase>
  <testcase name="testBootstrapOneNewOM" classname="org.apache.hadoop.ozone.om.TestOzoneManagerBootstrap" time="40.422"/>
  <testcase name="testLeaderChangeToNewOM" classname="org.apache.hadoop.ozone.om.TestOzoneManagerBootstrap" time="70.341"/>
</testsuite>