<?xml version="1.0" encoding="UTF-8"?>
<testsuite xmlns:xsi="http://www.w3.org/2001/XMLSchema-instance" xsi:noNamespaceSchemaLocation="https://maven.apache.org/surefire/maven-surefire-plugin/xsd/surefire-test-report.xsd" name="org.apache.hadoop.ozone.container.common.statemachine.commandhandler.TestBlockDeletion" time="173.93" tests="2" errors="0" skipped="0" failures="1">
  <properties>
    <property name="awt.toolkit" value="sun.awt.X11.XToolkit"/>
    <property name="file.encoding.pkg" value="sun.io"/>
    <property name="java.specification.version" value="1.8"/>
    <property name="sun.cpu.isalist" value=""/>
    <property name="sun.jnu.encoding" value="UTF-8"/>
    <property name="java.class.path" value="/home/runner/work/ozone/ozone/mnt/ozone/hadoop-ozone/integration-test/target/test-classes:/home/runner/work/ozone/ozone/mnt/ozone/hadoop-ozone/integration-test/target/classes:/home/runner/.m2/repository/org/apache/ozone/ozone-common/1.2.0-SNAPSHOT/ozone-common-1.2.0-SNAPSHOT.jar:/home/runner/.m2/repository/org/apache/commons/commons-compress/1.20/commons-compress-1.20.jar:/home/runner/.m2/repository/org/apache/ozone/hdds-common/1.2.0-SNAPSHOT/hdds-common-1.2.0-SNAPSHOT.jar:/home/runner/.m2/repository/org/apache/ozone/hdds-client/1.2.0-SNAPSHOT/hdds-client-1.2.0-SNAPSHOT.jar:/home/runner/.m2/repository/org/apache/ozone/ozone-interface-client/1.2.0-SNAPSHOT/ozone-interface-client-1.2.0-SNAPSHOT.jar:/home/runner/.m2/repository/org/apache/ozone/hdds-server-framework/1.2.0-SNAPSHOT/hdds-server-framework-1.2.0-SNAPSHOT.jar:/home/runner/.m2/repository/org/apache/ozone/hdds-interface-server/1.2.0-SNAPSHOT/hdds-interface-server-1.2.0-SNAPSHOT.jar:/home/runner/.m2/repository/org/eclipse/jetty/jetty-servlet/9.4.35.v20201120/jetty-servlet-9.4.35.v20201120.jar:/home/runner/.m2/repository/org/eclipse/jetty/jetty-security/9.4.35.v20201120/jetty-security-9.4.35.v20201120.jar:/home/runner/.m2/repository/org/rocksdb/rocksdbjni/6.20.3/rocksdbjni-6.20.3.jar:/home/runner/.m2/repository/io/prometheus/simpleclient_dropwizard/0.7.0/simpleclient_dropwizard-0.7.0.jar:/home/runner/.m2/repository/io/prometheus/simpleclient/0.7.0/simpleclient-0.7.0.jar:/home/runner/.m2/repository/io/prometheus/simpleclient_common/0.7.0/simpleclient_common-0.7.0.jar:/home/runner/.m2/repository/com/fasterxml/jackson/datatype/jackson-datatype-jsr310/2.12.1/jackson-datatype-jsr310-2.12.1.jar:/home/runner/.m2/repository/org/apache/ozone/hdds-test-utils/1.2.0-SNAPSHOT/hdds-test-utils-1.2.0-SNAPSHOT.jar:/home/runner/.m2/repository/com/google/guava/guava/30.1.1-jre/guava-30.1.1-jre.jar:/home/runner/.m2/repository/com/google/guava/failureaccess/1.0.1/failureaccess-1.0.1.jar:/home/runner/.m2/repository/com/google/guava/listenablefuture/9999.0-empty-to-avoid-conflict-with-guava/listenablefuture-9999.0-empty-to-avoid-conflict-with-guava.jar:/home/runner/.m2/repository/com/google/code/findbugs/jsr305/3.0.0/jsr305-3.0.0.jar:/home/runner/.m2/repository/org/checkerframework/checker-qual/3.8.0/checker-qual-3.8.0.jar:/home/runner/.m2/repository/com/google/errorprone/error_prone_annotations/2.2.0/error_prone_annotations-2.2.0.jar:/home/runner/.m2/repository/com/google/j2objc/j2objc-annotations/1.3/j2objc-annotations-1.3.jar:/home/runner/.m2/repository/commons-io/commons-io/2.8.0/commons-io-2.8.0.jar:/home/runner/.m2/repository/commons-logging/commons-logging/1.2/commons-logging-1.2.jar:/home/runner/.m2/repository/log4j/log4j/1.2.17/log4j-1.2.17.jar:/home/runner/.m2/repository/org/slf4j/slf4j-api/1.7.30/slf4j-api-1.7.30.jar:/home/runner/.m2/repository/org/apache/ozone/hdds-server-scm/1.2.0-SNAPSHOT/hdds-server-scm-1.2.0-SNAPSHOT.jar:/home/runner/.m2/repository/org/apache/ozone/hdds-container-service/1.2.0-SNAPSHOT/hdds-container-service-1.2.0-SNAPSHOT.jar:/home/runner/.m2/repository/org/apache/ozone/hdds-hadoop-dependency-server/1.2.0-SNAPSHOT/hdds-hadoop-dependency-server-1.2.0-SNAPSHOT.jar:/home/runner/.m2/repository/org/apache/hadoop/hadoop-hdfs/3.3.1/hadoop-hdfs-3.3.1.jar:/home/runner/.m2/repository/io/dropwizard/metrics/metrics-core/3.2.4/metrics-core-3.2.4.jar:/home/runner/.m2/repository/org/apache/hadoop/hadoop-hdfs-client/3.3.1/hadoop-hdfs-client-3.3.1.jar:/home/runner/.m2/repository/org/bouncycastle/bcprov-jdk15on/1.67/bcprov-jdk15on-1.67.jar:/home/runner/.m2/repository/com/google/protobuf/protobuf-java/2.5.0/protobuf-java-2.5.0.jar:/home/runner/.m2/repository/org/apache/ozone/ozone-manager/1.2.0-SNAPSHOT/ozone-manager-1.2.0-SNAPSHOT.jar:/home/runner/.m2/repository/org/aspectj/aspectjrt/1.8.9/aspectjrt-1.8.9.jar:/home/runner/.m2/repository/org/aspectj/aspectjweaver/1.8.9/aspectjweaver-1.8.9.jar:/home/runner/.m2/repository/org/apache/ozone/hdds-interface-client/1.2.0-SNAPSHOT/hdds-interface-client-1.2.0-SNAPSHOT.jar:/home/runner/.m2/repository/org/apache/hadoop/thirdparty/hadoop-shaded-protobuf_3_7/1.1.1/hadoop-shaded-protobuf_3_7-1.1.1.jar:/home/runner/.m2/repository/org/apache/ratis/ratis-thirdparty-misc/0.7.0/ratis-thirdparty-misc-0.7.0.jar:/home/runner/.m2/repository/org/apache/ozone/ozone-interface-storage/1.2.0-SNAPSHOT/ozone-interface-storage-1.2.0-SNAPSHOT.jar:/home/runner/.m2/repository/org/reflections/reflections/0.9.11/reflections-0.9.11.jar:/home/runner/.m2/repository/org/apache/hadoop/hadoop-minikdc/3.3.1/hadoop-minikdc-3.3.1.jar:/home/runner/.m2/repository/org/apache/kerby/kerb-simplekdc/1.0.1/kerb-simplekdc-1.0.1.jar:/home/runner/.m2/repository/org/apache/kerby/kerb-client/1.0.1/kerb-client-1.0.1.jar:/home/runner/.m2/repository/org/apache/kerby/kerby-config/1.0.1/kerby-config-1.0.1.jar:/home/runner/.m2/repository/org/apache/kerby/kerb-common/1.0.1/kerb-common-1.0.1.jar:/home/runner/.m2/repository/org/apache/kerby/kerb-crypto/1.0.1/kerb-crypto-1.0.1.jar:/home/runner/.m2/repository/org/apache/kerby/kerb-util/1.0.1/kerb-util-1.0.1.jar:/home/runner/.m2/repository/org/apache/kerby/token-provider/1.0.1/token-provider-1.0.1.jar:/home/runner/.m2/repository/org/apache/kerby/kerb-admin/1.0.1/kerb-admin-1.0.1.jar:/home/runner/.m2/repository/org/apache/kerby/kerb-server/1.0.1/kerb-server-1.0.1.jar:/home/runner/.m2/repository/org/apache/kerby/kerb-identity/1.0.1/kerb-identity-1.0.1.jar:/home/runner/.m2/repository/org/apache/kerby/kerby-xdr/1.0.1/kerby-xdr-1.0.1.jar:/home/runner/.m2/repository/org/slf4j/slf4j-log4j12/1.7.30/slf4j-log4j12-1.7.30.jar:/home/runner/.m2/repository/org/apache/ozone/ozone-s3gateway/1.2.0-SNAPSHOT/ozone-s3gateway-1.2.0-SNAPSHOT.jar:/home/runner/.m2/repository/org/javassist/javassist/3.21.0-GA/javassist-3.21.0-GA.jar:/home/runner/.m2/repository/org/jboss/weld/servlet/weld-servlet/2.4.7.Final/weld-servlet-2.4.7.Final.jar:/home/runner/.m2/repository/org/glassfish/jersey/containers/jersey-container-servlet-core/2.33/jersey-container-servlet-core-2.33.jar:/home/runner/.m2/repository/org/glassfish/hk2/external/jakarta.inject/2.6.1/jakarta.inject-2.6.1.jar:/home/runner/.m2/repository/org/glassfish/jersey/core/jersey-common/2.33/jersey-common-2.33.jar:/home/runner/.m2/repository/jakarta/ws/rs/jakarta.ws.rs-api/2.1.6/jakarta.ws.rs-api-2.1.6.jar:/home/runner/.m2/repository/org/glassfish/jersey/ext/cdi/jersey-cdi1x/2.33/jersey-cdi1x-2.33.jar:/home/runner/.m2/repository/org/glassfish/jersey/inject/jersey-hk2/2.33/jersey-hk2-2.33.jar:/home/runner/.m2/repository/org/glassfish/hk2/hk2-locator/2.6.1/hk2-locator-2.6.1.jar:/home/runner/.m2/repository/org/glassfish/jersey/media/jersey-media-jaxb/2.33/jersey-media-jaxb-2.33.jar:/home/runner/.m2/repository/org/glassfish/hk2/osgi-resource-locator/1.0.3/osgi-resource-locator-1.0.3.jar:/home/runner/.m2/repository/org/glassfish/hk2/hk2-api/2.5.0/hk2-api-2.5.0.jar:/home/runner/.m2/repository/org/glassfish/hk2/hk2-utils/2.5.0/hk2-utils-2.5.0.jar:/home/runner/.m2/repository/org/glassfish/hk2/external/aopalliance-repackaged/2.5.0/aopalliance-repackaged-2.5.0.jar:/home/runner/.m2/repository/com/fasterxml/jackson/dataformat/jackson-dataformat-xml/2.12.1/jackson-dataformat-xml-2.12.1.jar:/home/runner/.m2/repository/com/fasterxml/jackson/core/jackson-core/2.12.1/jackson-core-2.12.1.jar:/home/runner/.m2/repository/com/fasterxml/jackson/module/jackson-module-jaxb-annotations/2.12.1/jackson-module-jaxb-annotations-2.12.1.jar:/home/runner/.m2/repository/jakarta/xml/bind/jakarta.xml.bind-api/2.3.2/jakarta.xml.bind-api-2.3.2.jar:/home/runner/.m2/repository/org/codehaus/woodstox/stax2-api/3.1.4/stax2-api-3.1.4.jar:/home/runner/.m2/repository/com/fasterxml/woodstox/woodstox-core/5.0.3/woodstox-core-5.0.3.jar:/home/runner/.m2/repository/javax/enterprise/cdi-api/1.2/cdi-api-1.2.jar:/home/runner/.m2/repository/javax/el/javax.el-api/3.0.0/javax.el-api-3.0.0.jar:/home/runner/.m2/repository/javax/interceptor/javax.interceptor-api/1.2/javax.interceptor-api-1.2.jar:/home/runner/.m2/repository/javax/inject/javax.inject/1/javax.inject-1.jar:/home/runner/.m2/repository/javax/xml/bind/jaxb-api/2.3.0/jaxb-api-2.3.0.jar:/home/runner/.m2/repository/org/glassfish/jaxb/jaxb-runtime/2.3.0.1/jaxb-runtime-2.3.0.1.jar:/home/runner/.m2/repository/org/glassfish/jaxb/jaxb-core/2.3.0.1/jaxb-core-2.3.0.1.jar:/home/runner/.m2/repository/org/glassfish/jaxb/txw2/2.3.0.1/txw2-2.3.0.1.jar:/home/runner/.m2/repository/com/sun/istack/istack-commons-runtime/3.0.5/istack-commons-runtime-3.0.5.jar:/home/runner/.m2/repository/org/jvnet/staxex/stax-ex/1.7.8/stax-ex-1.7.8.jar:/home/runner/.m2/repository/com/sun/xml/fastinfoset/FastInfoset/1.2.13/FastInfoset-1.2.13.jar:/home/runner/.m2/repository/javax/activation/activation/1.1.1/activation-1.1.1.jar:/home/runner/.m2/repository/org/apache/ozone/ozone-csi/1.2.0-SNAPSHOT/ozone-csi-1.2.0-SNAPSHOT.jar:/home/runner/.m2/repository/com/google/protobuf/protobuf-java-util/3.12.0/protobuf-java-util-3.12.0.jar:/home/runner/.m2/repository/com/google/code/gson/gson/2.2.4/gson-2.2.4.jar:/home/runner/.m2/repository/org/apache/ozone/hdds-config/1.2.0-SNAPSHOT/hdds-config-1.2.0-SNAPSHOT.jar:/home/runner/.m2/repository/io/grpc/grpc-netty/1.33.0/grpc-netty-1.33.0.jar:/home/runner/.m2/repository/io/grpc/grpc-core/1.33.0/grpc-core-1.33.0.jar:/home/runner/.m2/repository/com/google/android/annotations/4.1.1.4/annotations-4.1.1.4.jar:/home/runner/.m2/repository/io/netty/netty-codec-http2/4.1.63.Final/netty-codec-http2-4.1.63.Final.jar:/home/runner/.m2/repository/io/netty/netty-codec-http/4.1.63.Final/netty-codec-http-4.1.63.Final.jar:/home/runner/.m2/repository/io/netty/netty-handler-proxy/4.1.63.Final/netty-handler-proxy-4.1.63.Final.jar:/home/runner/.m2/repository/io/netty/netty-codec-socks/4.1.63.Final/netty-codec-socks-4.1.63.Final.jar:/home/runner/.m2/repository/io/perfmark/perfmark-api/0.19.0/perfmark-api-0.19.0.jar:/home/runner/.m2/repository/org/codehaus/mojo/animal-sniffer-annotations/1.18/animal-sniffer-annotations-1.18.jar:/home/runner/.m2/repository/io/netty/netty-transport-native-epoll/4.1.63.Final/netty-transport-native-epoll-4.1.63.Final.jar:/home/runner/.m2/repository/io/netty/netty-common/4.1.63.Final/netty-common-4.1.63.Final.jar:/home/runner/.m2/repository/io/netty/netty-buffer/4.1.63.Final/netty-buffer-4.1.63.Final.jar:/home/runner/.m2/repository/io/netty/netty-transport-native-unix-common/4.1.63.Final/netty-transport-native-unix-common-4.1.63.Final.jar:/home/runner/.m2/repository/io/grpc/grpc-protobuf/1.33.0/grpc-protobuf-1.33.0.jar:/home/runner/.m2/repository/io/grpc/grpc-api/1.33.0/grpc-api-1.33.0.jar:/home/runner/.m2/repository/io/grpc/grpc-context/1.33.0/grpc-context-1.33.0.jar:/home/runner/.m2/repository/com/google/api/grpc/proto-google-common-protos/1.17.0/proto-google-common-protos-1.17.0.jar:/home/runner/.m2/repository/io/grpc/grpc-protobuf-lite/1.33.0/grpc-protobuf-lite-1.33.0.jar:/home/runner/.m2/repository/io/grpc/grpc-stub/1.33.0/grpc-stub-1.33.0.jar:/home/runner/.m2/repository/org/apache/ozone/ozone-recon/1.2.0-SNAPSHOT/ozone-recon-1.2.0-SNAPSHOT.jar:/home/runner/.m2/repository/org/apache/ozone/ozone-reconcodegen/1.2.0-SNAPSHOT/ozone-reconcodegen-1.2.0-SNAPSHOT.jar:/home/runner/.m2/repository/com/google/inject/extensions/guice-multibindings/4.0/guice-multibindings-4.0.jar:/home/runner/.m2/repository/com/google/inject/guice/4.0/guice-4.0.jar:/home/runner/.m2/repository/aopalliance/aopalliance/1.0/aopalliance-1.0.jar:/home/runner/.m2/repository/com/google/inject/extensions/guice-assistedinject/4.0/guice-assistedinject-4.0.jar:/home/runner/.m2/repository/com/google/inject/extensions/guice-servlet/4.0/guice-servlet-4.0.jar:/home/runner/.m2/repository/org/glassfish/jersey/containers/jersey-container-servlet/2.33/jersey-container-servlet-2.33.jar:/home/runner/.m2/repository/org/glassfish/hk2/guice-bridge/2.5.0/guice-bridge-2.5.0.jar:/home/runner/.m2/repository/org/glassfish/jersey/core/jersey-server/2.33/jersey-server-2.33.jar:/home/runner/.m2/repository/org/glassfish/jersey/core/jersey-client/2.33/jersey-client-2.33.jar:/home/runner/.m2/repository/jakarta/annotation/jakarta.annotation-api/1.3.5/jakarta.annotation-api-1.3.5.jar:/home/runner/.m2/repository/jakarta/validation/jakarta.validation-api/2.0.2/jakarta.validation-api-2.0.2.jar:/home/runner/.m2/repository/org/glassfish/jersey/media/jersey-media-json-jackson/2.33/jersey-media-json-jackson-2.33.jar:/home/runner/.m2/repository/org/glassfish/jersey/ext/jersey-entity-filtering/2.33/jersey-entity-filtering-2.33.jar:/home/runner/.m2/repository/org/jooq/jooq/3.11.10/jooq-3.11.10.jar:/home/runner/.m2/repository/org/jooq/jooq-meta/3.11.10/jooq-meta-3.11.10.jar:/home/runner/.m2/repository/org/jooq/jooq-codegen/3.11.10/jooq-codegen-3.11.10.jar:/home/runner/.m2/repository/com/jolbox/bonecp/0.8.0.RELEASE/bonecp-0.8.0.RELEASE.jar:/home/runner/.m2/repository/org/apache/derby/derby/10.14.2.0/derby-10.14.2.0.jar:/home/runner/.m2/repository/org/xerial/sqlite-jdbc/3.25.2/sqlite-jdbc-3.25.2.jar:/home/runner/.m2/repository/org/springframework/spring-jdbc/5.2.11.RELEASE/spring-jdbc-5.2.11.RELEASE.jar:/home/runner/.m2/repository/org/springframework/spring-beans/5.2.11.RELEASE/spring-beans-5.2.11.RELEASE.jar:/home/runner/.m2/repository/org/springframework/spring-core/5.2.11.RELEASE/spring-core-5.2.11.RELEASE.jar:/home/runner/.m2/repository/org/springframework/spring-jcl/5.2.11.RELEASE/spring-jcl-5.2.11.RELEASE.jar:/home/runner/.m2/repository/org/springframework/spring-tx/5.2.11.RELEASE/spring-tx-5.2.11.RELEASE.jar:/home/runner/.m2/repository/org/apache/ozone/ozone-client/1.2.0-SNAPSHOT/ozone-client-1.2.0-SNAPSHOT.jar:/home/runner/.m2/repository/org/apache/ozone/ozone-filesystem/1.2.0-SNAPSHOT/ozone-filesystem-1.2.0-SNAPSHOT.jar:/home/runner/.m2/repository/org/apache/ozone/ozone-filesystem-common/1.2.0-SNAPSHOT/ozone-filesystem-common-1.2.0-SNAPSHOT.jar:/home/runner/.m2/repository/org/apache/ozone/ozone-tools/1.2.0-SNAPSHOT/ozone-tools-1.2.0-SNAPSHOT.jar:/home/runner/.m2/repository/org/apache/ratis/ratis-tools/2.1.0/ratis-tools-2.1.0.jar:/home/runner/.m2/repository/org/apache/ratis/ratis-proto/2.1.0/ratis-proto-2.1.0.jar:/home/runner/.m2/repository/org/apache/ratis/ratis-common/2.1.0/ratis-common-2.1.0.jar:/home/runner/.m2/repository/com/amazonaws/aws-java-sdk-core/1.11.901/aws-java-sdk-core-1.11.901.jar:/home/runner/.m2/repository/org/apache/httpcomponents/httpclient/4.5.13/httpclient-4.5.13.jar:/home/runner/.m2/repository/org/apache/httpcomponents/httpcore/4.4.13/httpcore-4.4.13.jar:/home/runner/.m2/repository/software/amazon/ion/ion-java/1.0.2/ion-java-1.0.2.jar:/home/runner/.m2/repository/com/fasterxml/jackson/dataformat/jackson-dataformat-cbor/2.12.1/jackson-dataformat-cbor-2.12.1.jar:/home/runner/.m2/repository/joda-time/joda-time/2.8.1/joda-time-2.8.1.jar:/home/runner/.m2/repository/com/amazonaws/aws-java-sdk-s3/1.11.901/aws-java-sdk-s3-1.11.901.jar:/home/runner/.m2/repository/com/amazonaws/aws-java-sdk-kms/1.11.901/aws-java-sdk-kms-1.11.901.jar:/home/runner/.m2/repository/com/amazonaws/jmespath-java/1.11.901/jmespath-java-1.11.901.jar:/home/runner/.m2/repository/org/kohsuke/metainf-services/metainf-services/1.8/metainf-services-1.8.jar:/home/runner/.m2/repository/org/apache/ozone/hdds-tools/1.2.0-SNAPSHOT/hdds-tools-1.2.0-SNAPSHOT.jar:/home/runner/.m2/repository/commons-cli/commons-cli/1.2/commons-cli-1.2.jar:/home/runner/.m2/repository/org/apache/commons/commons-lang3/3.7/commons-lang3-3.7.jar:/home/runner/.m2/repository/org/apache/ozone/ozone-manager/1.2.0-SNAPSHOT/ozone-manager-1.2.0-SNAPSHOT-tests.jar:/home/runner/.m2/repository/org/apache/ozone/hdds-common/1.2.0-SNAPSHOT/hdds-common-1.2.0-SNAPSHOT-tests.jar:/home/runner/.m2/repository/org/apache/ozone/hdds-hadoop-dependency-client/1.2.0-SNAPSHOT/hdds-hadoop-dependency-client-1.2.0-SNAPSHOT.jar:/home/runner/.m2/repository/info/picocli/picocli/4.4.0/picocli-4.4.0.jar:/home/runner/.m2/repository/com/fasterxml/jackson/core/jackson-annotations/2.12.1/jackson-annotations-2.12.1.jar:/home/runner/.m2/repository/javax/annotation/javax.annotation-api/1.2/javax.annotation-api-1.2.jar:/home/runner/.m2/repository/org/apache/ratis/ratis-server/2.1.0/ratis-server-2.1.0.jar:/home/runner/.m2/repository/org/apache/ratis/ratis-client/2.1.0/ratis-client-2.1.0.jar:/home/runner/.m2/repository/org/apache/ratis/ratis-server-api/2.1.0/ratis-server-api-2.1.0.jar:/home/runner/.m2/repository/org/apache/ratis/ratis-metrics/2.1.0/ratis-metrics-2.1.0.jar:/home/runner/.m2/repository/org/apache/ratis/ratis-netty/2.1.0/ratis-netty-2.1.0.jar:/home/runner/.m2/repository/org/apache/ratis/ratis-grpc/2.1.0/ratis-grpc-2.1.0.jar:/home/runner/.m2/repository/org/apache/logging/log4j/log4j-api/2.13.3/log4j-api-2.13.3.jar:/home/runner/.m2/repository/org/apache/logging/log4j/log4j-core/2.13.3/log4j-core-2.13.3.jar:/home/runner/.m2/repository/com/lmax/disruptor/3.4.2/disruptor-3.4.2.jar:/home/runner/.m2/repository/org/apache/commons/commons-pool2/2.6.0/commons-pool2-2.6.0.jar:/home/runner/.m2/repository/org/bouncycastle/bcpkix-jdk15on/1.67/bcpkix-jdk15on-1.67.jar:/home/runner/.m2/repository/commons-validator/commons-validator/1.6/commons-validator-1.6.jar:/home/runner/.m2/repository/commons-beanutils/commons-beanutils/1.9.4/commons-beanutils-1.9.4.jar:/home/runner/.m2/repository/commons-digester/commons-digester/1.8.1/commons-digester-1.8.1.jar:/home/runner/.m2/repository/commons-collections/commons-collections/3.2.2/commons-collections-3.2.2.jar:/home/runner/.m2/repository/io/jaegertracing/jaeger-client/1.6.0/jaeger-client-1.6.0.jar:/home/runner/.m2/repository/io/jaegertracing/jaeger-thrift/1.6.0/jaeger-thrift-1.6.0.jar:/home/runner/.m2/repository/org/apache/thrift/libthrift/0.14.1/libthrift-0.14.1.jar:/home/runner/.m2/repository/com/squareup/okhttp3/okhttp/4.9.0/okhttp-4.9.0.jar:/home/runner/.m2/repository/com/squareup/okio/okio/2.8.0/okio-2.8.0.jar:/home/runner/.m2/repository/io/jaegertracing/jaeger-core/1.6.0/jaeger-core-1.6.0.jar:/home/runner/.m2/repository/io/jaegertracing/jaeger-tracerresolver/1.6.0/jaeger-tracerresolver-1.6.0.jar:/home/runner/.m2/repository/io/opentracing/contrib/opentracing-tracerresolver/0.1.8/opentracing-tracerresolver-0.1.8.jar:/home/runner/.m2/repository/org/jetbrains/kotlin/kotlin-stdlib/1.4.31/kotlin-stdlib-1.4.31.jar:/home/runner/.m2/repository/org/jetbrains/kotlin/kotlin-stdlib-common/1.4.31/kotlin-stdlib-common-1.4.31.jar:/home/runner/.m2/repository/org/jetbrains/annotations/13.0/annotations-13.0.jar:/home/runner/.m2/repository/io/opentracing/opentracing-util/0.33.0/opentracing-util-0.33.0.jar:/home/runner/.m2/repository/io/opentracing/opentracing-api/0.33.0/opentracing-api-0.33.0.jar:/home/runner/.m2/repository/io/opentracing/opentracing-noop/0.33.0/opentracing-noop-0.33.0.jar:/home/runner/.m2/repository/org/yaml/snakeyaml/1.26/snakeyaml-1.26.jar:/home/runner/.m2/repository/org/apache/ozone/hdds-interface-admin/1.2.0-SNAPSHOT/hdds-interface-admin-1.2.0-SNAPSHOT.jar:/home/runner/.m2/repository/junit/junit/4.13.1/junit-4.13.1.jar:/home/runner/.m2/repository/org/hamcrest/hamcrest-core/1.3/hamcrest-core-1.3.jar:/home/runner/.m2/repository/org/junit/jupiter/junit-jupiter-api/5.7.0/junit-jupiter-api-5.7.0.jar:/home/runner/.m2/repository/org/apiguardian/apiguardian-api/1.1.0/apiguardian-api-1.1.0.jar:/home/runner/.m2/repository/org/opentest4j/opentest4j/1.2.0/opentest4j-1.2.0.jar:/home/runner/.m2/repository/org/junit/platform/junit-platform-commons/1.7.0/junit-platform-commons-1.7.0.jar:/home/runner/.m2/repository/org/junit/jupiter/junit-jupiter-engine/5.7.0/junit-jupiter-engine-5.7.0.jar:/home/runner/.m2/repository/org/junit/platform/junit-platform-engine/1.7.0/junit-platform-engine-1.7.0.jar:/home/runner/.m2/repository/org/junit/vintage/junit-vintage-engine/5.7.0/junit-vintage-engine-5.7.0.jar:/home/runner/.m2/repository/org/junit/platform/junit-platform-launcher/1.7.0/junit-platform-launcher-1.7.0.jar:/home/runner/.m2/repository/org/openjdk/jmh/jmh-core/1.19/jmh-core-1.19.jar:/home/runner/.m2/repository/net/sf/jopt-simple/jopt-simple/4.6/jopt-simple-4.6.jar:/home/runner/.m2/repository/org/apache/commons/commons-math3/3.1.1/commons-math3-3.1.1.jar:/home/runner/.m2/repository/org/openjdk/jmh/jmh-generator-annprocess/1.19/jmh-generator-annprocess-1.19.jar:/home/runner/.m2/repository/org/mockito/mockito-core/2.28.2/mockito-core-2.28.2.jar:/home/runner/.m2/repository/net/bytebuddy/byte-buddy/1.9.10/byte-buddy-1.9.10.jar:/home/runner/.m2/repository/net/bytebuddy/byte-buddy-agent/1.9.10/byte-buddy-agent-1.9.10.jar:/home/runner/.m2/repository/org/objenesis/objenesis/1.0/objenesis-1.0.jar:/home/runner/.m2/repository/org/apache/hadoop/hadoop-kms/3.3.1/hadoop-kms-3.3.1.jar:/home/runner/.m2/repository/org/apache/hadoop/hadoop-auth/3.3.1/hadoop-auth-3.3.1.jar:/home/runner/.m2/repository/com/nimbusds/nimbus-jose-jwt/7.9/nimbus-jose-jwt-7.9.jar:/home/runner/.m2/repository/com/github/stephenc/jcip/jcip-annotations/1.0-1/jcip-annotations-1.0-1.jar:/home/runner/.m2/repository/net/minidev/json-smart/2.3/json-smart-2.3.jar:/home/runner/.m2/repository/net/minidev/accessors-smart/1.2/accessors-smart-1.2.jar:/home/runner/.m2/repository/org/ow2/asm/asm/5.0.4/asm-5.0.4.jar:/home/runner/.m2/repository/org/apache/zookeeper/zookeeper/3.5.6/zookeeper-3.5.6.jar:/home/runner/.m2/repository/org/apache/zookeeper/zookeeper-jute/3.5.6/zookeeper-jute-3.5.6.jar:/home/runner/.m2/repository/org/apache/yetus/audience-annotations/0.5.0/audience-annotations-0.5.0.jar:/home/runner/.m2/repository/org/apache/curator/curator-framework/4.2.0/curator-framework-4.2.0.jar:/home/runner/.m2/repository/org/apache/hadoop/thirdparty/hadoop-shaded-guava/1.1.1/hadoop-shaded-guava-1.1.1.jar:/home/runner/.m2/repository/com/sun/jersey/jersey-core/1.19/jersey-core-1.19.jar:/home/runner/.m2/repository/javax/ws/rs/jsr311-api/1.1.1/jsr311-api-1.1.1.jar:/home/runner/.m2/repository/com/sun/jersey/jersey-server/1.19/jersey-server-1.19.jar:/home/runner/.m2/repository/javax/servlet/javax.servlet-api/3.1.0/javax.servlet-api-3.1.0.jar:/home/runner/.m2/repository/org/eclipse/jetty/jetty-server/9.4.35.v20201120/jetty-server-9.4.35.v20201120.jar:/home/runner/.m2/repository/org/eclipse/jetty/jetty-http/9.4.35.v20201120/jetty-http-9.4.35.v20201120.jar:/home/runner/.m2/repository/org/eclipse/jetty/jetty-io/9.4.35.v20201120/jetty-io-9.4.35.v20201120.jar:/home/runner/.m2/repository/org/eclipse/jetty/jetty-webapp/9.4.35.v20201120/jetty-webapp-9.4.35.v20201120.jar:/home/runner/.m2/repository/org/eclipse/jetty/jetty-xml/9.4.35.v20201120/jetty-xml-9.4.35.v20201120.jar:/home/runner/.m2/repository/org/apache/hadoop/hadoop-common/3.3.1/hadoop-common-3.3.1.jar:/home/runner/.m2/repository/commons-net/commons-net/3.6/commons-net-3.6.jar:/home/runner/.m2/repository/jakarta/activation/jakarta.activation-api/1.2.1/jakarta.activation-api-1.2.1.jar:/home/runner/.m2/repository/com/sun/jersey/jersey-servlet/1.19/jersey-servlet-1.19.jar:/home/runner/.m2/repository/com/sun/jersey/jersey-json/1.19/jersey-json-1.19.jar:/home/runner/.m2/repository/org/codehaus/jettison/jettison/1.1/jettison-1.1.jar:/home/runner/.m2/repository/com/sun/xml/bind/jaxb-impl/2.2.3-1/jaxb-impl-2.2.3-1.jar:/home/runner/.m2/repository/org/codehaus/jackson/jackson-jaxrs/1.9.2/jackson-jaxrs-1.9.2.jar:/home/runner/.m2/repository/org/codehaus/jackson/jackson-xc/1.9.2/jackson-xc-1.9.2.jar:/home/runner/.m2/repository/org/apache/commons/commons-configuration2/2.1.1/commons-configuration2-2.1.1.jar:/home/runner/.m2/repository/org/apache/commons/commons-text/1.4/commons-text-1.4.jar:/home/runner/.m2/repository/com/google/re2j/re2j/1.1/re2j-1.1.jar:/home/runner/.m2/repository/com/jcraft/jsch/0.1.54/jsch-0.1.54.jar:/home/runner/.m2/repository/org/apache/curator/curator-client/4.2.0/curator-client-4.2.0.jar:/home/runner/.m2/repository/org/apache/curator/curator-recipes/4.2.0/curator-recipes-4.2.0.jar:/home/runner/.m2/repository/org/apache/kerby/kerb-core/1.0.1/kerb-core-1.0.1.jar:/home/runner/.m2/repository/org/apache/kerby/kerby-pkix/1.0.1/kerby-pkix-1.0.1.jar:/home/runner/.m2/repository/org/apache/kerby/kerby-asn1/1.0.1/kerby-asn1-1.0.1.jar:/home/runner/.m2/repository/org/apache/kerby/kerby-util/1.0.1/kerby-util-1.0.1.jar:/home/runner/.m2/repository/dnsjava/dnsjava/2.1.7/dnsjava-2.1.7.jar:/home/runner/.m2/repository/org/xerial/snappy/snappy-java/1.1.8.2/snappy-java-1.1.8.2.jar:/home/runner/.m2/repository/org/slf4j/jul-to-slf4j/1.7.30/jul-to-slf4j-1.7.30.jar:/home/runner/.m2/repository/org/eclipse/jetty/jetty-util/9.4.35.v20201120/jetty-util-9.4.35.v20201120.jar:/home/runner/.m2/repository/com/fasterxml/jackson/core/jackson-databind/2.12.1/jackson-databind-2.12.1.jar:/home/runner/.m2/repository/org/apache/hadoop/hadoop-kms/3.3.1/hadoop-kms-3.3.1-tests.jar:/home/runner/.m2/repository/org/apache/ozone/hdds-server-scm/1.2.0-SNAPSHOT/hdds-server-scm-1.2.0-SNAPSHOT-tests.jar:/home/runner/.m2/repository/org/apache/ozone/hdds-container-service/1.2.0-SNAPSHOT/hdds-container-service-1.2.0-SNAPSHOT-tests.jar:/home/runner/.m2/repository/commons-codec/commons-codec/1.11/commons-codec-1.11.jar:/home/runner/.m2/repository/io/netty/netty-transport/4.1.63.Final/netty-transport-4.1.63.Final.jar:/home/runner/.m2/repository/io/netty/netty-resolver/4.1.63.Final/netty-resolver-4.1.63.Final.jar:/home/runner/.m2/repository/io/netty/netty-codec/4.1.63.Final/netty-codec-4.1.63.Final.jar:/home/runner/.m2/repository/io/netty/netty-handler/4.1.63.Final/netty-handler-4.1.63.Final.jar:/home/runner/.m2/repository/org/apache/ozone/hdds-hadoop-dependency-test/1.2.0-SNAPSHOT/hdds-hadoop-dependency-test-1.2.0-SNAPSHOT.jar:/home/runner/.m2/repository/org/apache/hadoop/hadoop-common/3.3.1/hadoop-common-3.3.1-tests.jar:/home/runner/.m2/repository/org/assertj/assertj-core/3.12.2/assertj-core-3.12.2.jar:/home/runner/.m2/repository/org/apache/hadoop/hadoop-hdfs/3.3.1/hadoop-hdfs-3.3.1-tests.jar:/home/runner/.m2/repository/org/eclipse/jetty/jetty-util-ajax/9.4.35.v20201120/jetty-util-ajax-9.4.35.v20201120.jar:/home/runner/.m2/repository/commons-daemon/commons-daemon/1.0.13/commons-daemon-1.0.13.jar:/home/runner/.m2/repository/io/netty/netty/3.10.6.Final/netty-3.10.6.Final.jar:/home/runner/.m2/repository/io/netty/netty-all/4.1.63.Final/netty-all-4.1.63.Final.jar:/home/runner/.m2/repository/org/apache/htrace/htrace-core4/4.1.0-incubating/htrace-core4-4.1.0-incubating.jar:/home/runner/.m2/repository/org/fusesource/leveldbjni/leveldbjni-all/1.8/leveldbjni-all-1.8.jar:/home/runner/.m2/repository/org/apache/hadoop/hadoop-distcp/3.3.1/hadoop-distcp-3.3.1.jar:/home/runner/.m2/repository/org/apache/hadoop/hadoop-mapreduce-client-jobclient/3.3.1/hadoop-mapreduce-client-jobclient-3.3.1.jar:/home/runner/.m2/repository/org/apache/hadoop/hadoop-mapreduce-client-common/3.3.1/hadoop-mapreduce-client-common-3.3.1.jar:/home/runner/.m2/repository/org/apache/hadoop/hadoop-yarn-common/3.3.1/hadoop-yarn-common-3.3.1.jar:/home/runner/.m2/repository/org/apache/hadoop/hadoop-yarn-api/3.3.1/hadoop-yarn-api-3.3.1.jar:/home/runner/.m2/repository/com/sun/jersey/jersey-client/1.19/jersey-client-1.19.jar:/home/runner/.m2/repository/com/sun/jersey/contribs/jersey-guice/1.19/jersey-guice-1.19.jar:/home/runner/.m2/repository/com/fasterxml/jackson/jaxrs/jackson-jaxrs-json-provider/2.12.1/jackson-jaxrs-json-provider-2.12.1.jar:/home/runner/.m2/repository/com/fasterxml/jackson/jaxrs/jackson-jaxrs-base/2.12.1/jackson-jaxrs-base-2.12.1.jar:/home/runner/.m2/repository/org/apache/hadoop/hadoop-yarn-client/3.3.1/hadoop-yarn-client-3.3.1.jar:/home/runner/.m2/repository/org/eclipse/jetty/websocket/websocket-client/9.4.40.v20210413/websocket-client-9.4.40.v20210413.jar:/home/runner/.m2/repository/org/eclipse/jetty/jetty-client/9.4.40.v20210413/jetty-client-9.4.40.v20210413.jar:/home/runner/.m2/repository/org/eclipse/jetty/websocket/websocket-common/9.4.40.v20210413/websocket-common-9.4.40.v20210413.jar:/home/runner/.m2/repository/org/eclipse/jetty/websocket/websocket-api/9.4.40.v20210413/websocket-api-9.4.40.v20210413.jar:/home/runner/.m2/repository/org/jline/jline/3.9.0/jline-3.9.0.jar:/home/runner/.m2/repository/org/apache/hadoop/hadoop-mapreduce-client-core/3.3.1/hadoop-mapreduce-client-core-3.3.1.jar:/home/runner/.m2/repository/org/apache/avro/avro/1.7.7/avro-1.7.7.jar:/home/runner/.m2/repository/org/codehaus/jackson/jackson-core-asl/1.9.13/jackson-core-asl-1.9.13.jar:/home/runner/.m2/repository/org/codehaus/jackson/jackson-mapper-asl/1.9.13/jackson-mapper-asl-1.9.13.jar:/home/runner/.m2/repository/com/thoughtworks/paranamer/paranamer/2.3/paranamer-2.3.jar:/home/runner/.m2/repository/org/apache/hadoop/hadoop-annotations/3.3.1/hadoop-annotations-3.3.1.jar:/usr/lib/jvm/adoptopenjdk-8-hotspot-amd64/jre/../lib/tools.jar:/home/runner/.m2/repository/org/apache/hadoop/hadoop-distcp/3.3.1/hadoop-distcp-3.3.1-tests.jar:"/>
    <property name="java.vm.vendor" value="AdoptOpenJDK"/>
    <property name="sun.arch.data.model" value="64"/>
    <property name="test.build.dir" value="/home/runner/work/ozone/ozone/mnt/ozone/hadoop-ozone/integration-test/target/test-dir"/>
    <property name="test.cache.data" value=""/>
    <property name="java.vendor.url" value="https://adoptopenjdk.net/"/>
    <property name="user.timezone" value=""/>
    <property name="java.vm.specification.version" value="1.8"/>
    <property name="os.name" value="Linux"/>
    <property name="test.build.data" value="/home/runner/work/ozone/ozone/mnt/ozone/hadoop-ozone/integration-test/target/test-dir"/>
    <property name="sun.java.launcher" value="SUN_STANDARD"/>
    <property name="sun.boot.library.path" value="/usr/lib/jvm/adoptopenjdk-8-hotspot-amd64/jre/lib/amd64"/>
    <property name="sun.java.command" value="/home/runner/work/ozone/ozone/mnt/ozone/hadoop-ozone/integration-test/target/surefire/surefirebooter6734232595886881069.jar /home/runner/work/ozone/ozone/mnt/ozone/hadoop-ozone/integration-test/target/surefire 2021-07-28T20-15-51_562-jvmRun1 surefire3742055516072935684tmp surefire_558384959502991481863tmp"/>
    <property name="surefire.test.class.path" value="/home/runner/work/ozone/ozone/mnt/ozone/hadoop-ozone/integration-test/target/test-classes:/home/runner/work/ozone/ozone/mnt/ozone/hadoop-ozone/integration-test/target/classes:/home/runner/.m2/repository/org/apache/ozone/ozone-common/1.2.0-SNAPSHOT/ozone-common-1.2.0-SNAPSHOT.jar:/home/runner/.m2/repository/org/apache/commons/commons-compress/1.20/commons-compress-1.20.jar:/home/runner/.m2/repository/org/apache/ozone/hdds-common/1.2.0-SNAPSHOT/hdds-common-1.2.0-SNAPSHOT.jar:/home/runner/.m2/repository/org/apache/ozone/hdds-client/1.2.0-SNAPSHOT/hdds-client-1.2.0-SNAPSHOT.jar:/home/runner/.m2/repository/org/apache/ozone/ozone-interface-client/1.2.0-SNAPSHOT/ozone-interface-client-1.2.0-SNAPSHOT.jar:/home/runner/.m2/repository/org/apache/ozone/hdds-server-framework/1.2.0-SNAPSHOT/hdds-server-framework-1.2.0-SNAPSHOT.jar:/home/runner/.m2/repository/org/apache/ozone/hdds-interface-server/1.2.0-SNAPSHOT/hdds-interface-server-1.2.0-SNAPSHOT.jar:/home/runner/.m2/repository/org/eclipse/jetty/jetty-servlet/9.4.35.v20201120/jetty-servlet-9.4.35.v20201120.jar:/home/runner/.m2/repository/org/eclipse/jetty/jetty-security/9.4.35.v20201120/jetty-security-9.4.35.v20201120.jar:/home/runner/.m2/repository/org/rocksdb/rocksdbjni/6.20.3/rocksdbjni-6.20.3.jar:/home/runner/.m2/repository/io/prometheus/simpleclient_dropwizard/0.7.0/simpleclient_dropwizard-0.7.0.jar:/home/runner/.m2/repository/io/prometheus/simpleclient/0.7.0/simpleclient-0.7.0.jar:/home/runner/.m2/repository/io/prometheus/simpleclient_common/0.7.0/simpleclient_common-0.7.0.jar:/home/runner/.m2/repository/com/fasterxml/jackson/datatype/jackson-datatype-jsr310/2.12.1/jackson-datatype-jsr310-2.12.1.jar:/home/runner/.m2/repository/org/apache/ozone/hdds-test-utils/1.2.0-SNAPSHOT/hdds-test-utils-1.2.0-SNAPSHOT.jar:/home/runner/.m2/repository/com/google/guava/guava/30.1.1-jre/guava-30.1.1-jre.jar:/home/runner/.m2/repository/com/google/guava/failureaccess/1.0.1/failureaccess-1.0.1.jar:/home/runner/.m2/repository/com/google/guava/listenablefuture/9999.0-empty-to-avoid-conflict-with-guava/listenablefuture-9999.0-empty-to-avoid-conflict-with-guava.jar:/home/runner/.m2/repository/com/google/code/findbugs/jsr305/3.0.0/jsr305-3.0.0.jar:/home/runner/.m2/repository/org/checkerframework/checker-qual/3.8.0/checker-qual-3.8.0.jar:/home/runner/.m2/repository/com/google/errorprone/error_prone_annotations/2.2.0/error_prone_annotations-2.2.0.jar:/home/runner/.m2/repository/com/google/j2objc/j2objc-annotations/1.3/j2objc-annotations-1.3.jar:/home/runner/.m2/repository/commons-io/commons-io/2.8.0/commons-io-2.8.0.jar:/home/runner/.m2/repository/commons-logging/commons-logging/1.2/commons-logging-1.2.jar:/home/runner/.m2/repository/log4j/log4j/1.2.17/log4j-1.2.17.jar:/home/runner/.m2/repository/org/slf4j/slf4j-api/1.7.30/slf4j-api-1.7.30.jar:/home/runner/.m2/repository/org/apache/ozone/hdds-server-scm/1.2.0-SNAPSHOT/hdds-server-scm-1.2.0-SNAPSHOT.jar:/home/runner/.m2/repository/org/apache/ozone/hdds-container-service/1.2.0-SNAPSHOT/hdds-container-service-1.2.0-SNAPSHOT.jar:/home/runner/.m2/repository/org/apache/ozone/hdds-hadoop-dependency-server/1.2.0-SNAPSHOT/hdds-hadoop-dependency-server-1.2.0-SNAPSHOT.jar:/home/runner/.m2/repository/org/apache/hadoop/hadoop-hdfs/3.3.1/hadoop-hdfs-3.3.1.jar:/home/runner/.m2/repository/io/dropwizard/metrics/metrics-core/3.2.4/metrics-core-3.2.4.jar:/home/runner/.m2/repository/org/apache/hadoop/hadoop-hdfs-client/3.3.1/hadoop-hdfs-client-3.3.1.jar:/home/runner/.m2/repository/org/bouncycastle/bcprov-jdk15on/1.67/bcprov-jdk15on-1.67.jar:/home/runner/.m2/repository/com/google/protobuf/protobuf-java/2.5.0/protobuf-java-2.5.0.jar:/home/runner/.m2/repository/org/apache/ozone/ozone-manager/1.2.0-SNAPSHOT/ozone-manager-1.2.0-SNAPSHOT.jar:/home/runner/.m2/repository/org/aspectj/aspectjrt/1.8.9/aspectjrt-1.8.9.jar:/home/runner/.m2/repository/org/aspectj/aspectjweaver/1.8.9/aspectjweaver-1.8.9.jar:/home/runner/.m2/repository/org/apache/ozone/hdds-interface-client/1.2.0-SNAPSHOT/hdds-interface-client-1.2.0-SNAPSHOT.jar:/home/runner/.m2/repository/org/apache/hadoop/thirdparty/hadoop-shaded-protobuf_3_7/1.1.1/hadoop-shaded-protobuf_3_7-1.1.1.jar:/home/runner/.m2/repository/org/apache/ratis/ratis-thirdparty-misc/0.7.0/ratis-thirdparty-misc-0.7.0.jar:/home/runner/.m2/repository/org/apache/ozone/ozone-interface-storage/1.2.0-SNAPSHOT/ozone-interface-storage-1.2.0-SNAPSHOT.jar:/home/runner/.m2/repository/org/reflections/reflections/0.9.11/reflections-0.9.11.jar:/home/runner/.m2/repository/org/apache/hadoop/hadoop-minikdc/3.3.1/hadoop-minikdc-3.3.1.jar:/home/runner/.m2/repository/org/apache/kerby/kerb-simplekdc/1.0.1/kerb-simplekdc-1.0.1.jar:/home/runner/.m2/repository/org/apache/kerby/kerb-client/1.0.1/kerb-client-1.0.1.jar:/home/runner/.m2/repository/org/apache/kerby/kerby-config/1.0.1/kerby-config-1.0.1.jar:/home/runner/.m2/repository/org/apache/kerby/kerb-common/1.0.1/kerb-common-1.0.1.jar:/home/runner/.m2/repository/org/apache/kerby/kerb-crypto/1.0.1/kerb-crypto-1.0.1.jar:/home/runner/.m2/repository/org/apache/kerby/kerb-util/1.0.1/kerb-util-1.0.1.jar:/home/runner/.m2/repository/org/apache/kerby/token-provider/1.0.1/token-provider-1.0.1.jar:/home/runner/.m2/repository/org/apache/kerby/kerb-admin/1.0.1/kerb-admin-1.0.1.jar:/home/runner/.m2/repository/org/apache/kerby/kerb-server/1.0.1/kerb-server-1.0.1.jar:/home/runner/.m2/repository/org/apache/kerby/kerb-identity/1.0.1/kerb-identity-1.0.1.jar:/home/runner/.m2/repository/org/apache/kerby/kerby-xdr/1.0.1/kerby-xdr-1.0.1.jar:/home/runner/.m2/repository/org/slf4j/slf4j-log4j12/1.7.30/slf4j-log4j12-1.7.30.jar:/home/runner/.m2/repository/org/apache/ozone/ozone-s3gateway/1.2.0-SNAPSHOT/ozone-s3gateway-1.2.0-SNAPSHOT.jar:/home/runner/.m2/repository/org/javassist/javassist/3.21.0-GA/javassist-3.21.0-GA.jar:/home/runner/.m2/repository/org/jboss/weld/servlet/weld-servlet/2.4.7.Final/weld-servlet-2.4.7.Final.jar:/home/runner/.m2/repository/org/glassfish/jersey/containers/jersey-container-servlet-core/2.33/jersey-container-servlet-core-2.33.jar:/home/runner/.m2/repository/org/glassfish/hk2/external/jakarta.inject/2.6.1/jakarta.inject-2.6.1.jar:/home/runner/.m2/repository/org/glassfish/jersey/core/jersey-common/2.33/jersey-common-2.33.jar:/home/runner/.m2/repository/jakarta/ws/rs/jakarta.ws.rs-api/2.1.6/jakarta.ws.rs-api-2.1.6.jar:/home/runner/.m2/repository/org/glassfish/jersey/ext/cdi/jersey-cdi1x/2.33/jersey-cdi1x-2.33.jar:/home/runner/.m2/repository/org/glassfish/jersey/inject/jersey-hk2/2.33/jersey-hk2-2.33.jar:/home/runner/.m2/repository/org/glassfish/hk2/hk2-locator/2.6.1/hk2-locator-2.6.1.jar:/home/runner/.m2/repository/org/glassfish/jersey/media/jersey-media-jaxb/2.33/jersey-media-jaxb-2.33.jar:/home/runner/.m2/repository/org/glassfish/hk2/osgi-resource-locator/1.0.3/osgi-resource-locator-1.0.3.jar:/home/runner/.m2/repository/org/glassfish/hk2/hk2-api/2.5.0/hk2-api-2.5.0.jar:/home/runner/.m2/repository/org/glassfish/hk2/hk2-utils/2.5.0/hk2-utils-2.5.0.jar:/home/runner/.m2/repository/org/glassfish/hk2/external/aopalliance-repackaged/2.5.0/aopalliance-repackaged-2.5.0.jar:/home/runner/.m2/repository/com/fasterxml/jackson/dataformat/jackson-dataformat-xml/2.12.1/jackson-dataformat-xml-2.12.1.jar:/home/runner/.m2/repository/com/fasterxml/jackson/core/jackson-core/2.12.1/jackson-core-2.12.1.jar:/home/runner/.m2/repository/com/fasterxml/jackson/module/jackson-module-jaxb-annotations/2.12.1/jackson-module-jaxb-annotations-2.12.1.jar:/home/runner/.m2/repository/jakarta/xml/bind/jakarta.xml.bind-api/2.3.2/jakarta.xml.bind-api-2.3.2.jar:/home/runner/.m2/repository/org/codehaus/woodstox/stax2-api/3.1.4/stax2-api-3.1.4.jar:/home/runner/.m2/repository/com/fasterxml/woodstox/woodstox-core/5.0.3/woodstox-core-5.0.3.jar:/home/runner/.m2/repository/javax/enterprise/cdi-api/1.2/cdi-api-1.2.jar:/home/runner/.m2/repository/javax/el/javax.el-api/3.0.0/javax.el-api-3.0.0.jar:/home/runner/.m2/repository/javax/interceptor/javax.interceptor-api/1.2/javax.interceptor-api-1.2.jar:/home/runner/.m2/repository/javax/inject/javax.inject/1/javax.inject-1.jar:/home/runner/.m2/repository/javax/xml/bind/jaxb-api/2.3.0/jaxb-api-2.3.0.jar:/home/runner/.m2/repository/org/glassfish/jaxb/jaxb-runtime/2.3.0.1/jaxb-runtime-2.3.0.1.jar:/home/runner/.m2/repository/org/glassfish/jaxb/jaxb-core/2.3.0.1/jaxb-core-2.3.0.1.jar:/home/runner/.m2/repository/org/glassfish/jaxb/txw2/2.3.0.1/txw2-2.3.0.1.jar:/home/runner/.m2/repository/com/sun/istack/istack-commons-runtime/3.0.5/istack-commons-runtime-3.0.5.jar:/home/runner/.m2/repository/org/jvnet/staxex/stax-ex/1.7.8/stax-ex-1.7.8.jar:/home/runner/.m2/repository/com/sun/xml/fastinfoset/FastInfoset/1.2.13/FastInfoset-1.2.13.jar:/home/runner/.m2/repository/javax/activation/activation/1.1.1/activation-1.1.1.jar:/home/runner/.m2/repository/org/apache/ozone/ozone-csi/1.2.0-SNAPSHOT/ozone-csi-1.2.0-SNAPSHOT.jar:/home/runner/.m2/repository/com/google/protobuf/protobuf-java-util/3.12.0/protobuf-java-util-3.12.0.jar:/home/runner/.m2/repository/com/google/code/gson/gson/2.2.4/gson-2.2.4.jar:/home/runner/.m2/repository/org/apache/ozone/hdds-config/1.2.0-SNAPSHOT/hdds-config-1.2.0-SNAPSHOT.jar:/home/runner/.m2/repository/io/grpc/grpc-netty/1.33.0/grpc-netty-1.33.0.jar:/home/runner/.m2/repository/io/grpc/grpc-core/1.33.0/grpc-core-1.33.0.jar:/home/runner/.m2/repository/com/google/android/annotations/4.1.1.4/annotations-4.1.1.4.jar:/home/runner/.m2/repository/io/netty/netty-codec-http2/4.1.63.Final/netty-codec-http2-4.1.63.Final.jar:/home/runner/.m2/repository/io/netty/netty-codec-http/4.1.63.Final/netty-codec-http-4.1.63.Final.jar:/home/runner/.m2/repository/io/netty/netty-handler-proxy/4.1.63.Final/netty-handler-proxy-4.1.63.Final.jar:/home/runner/.m2/repository/io/netty/netty-codec-socks/4.1.63.Final/netty-codec-socks-4.1.63.Final.jar:/home/runner/.m2/repository/io/perfmark/perfmark-api/0.19.0/perfmark-api-0.19.0.jar:/home/runner/.m2/repository/org/codehaus/mojo/animal-sniffer-annotations/1.18/animal-sniffer-annotations-1.18.jar:/home/runner/.m2/repository/io/netty/netty-transport-native-epoll/4.1.63.Final/netty-transport-native-epoll-4.1.63.Final.jar:/home/runner/.m2/repository/io/netty/netty-common/4.1.63.Final/netty-common-4.1.63.Final.jar:/home/runner/.m2/repository/io/netty/netty-buffer/4.1.63.Final/netty-buffer-4.1.63.Final.jar:/home/runner/.m2/repository/io/netty/netty-transport-native-unix-common/4.1.63.Final/netty-transport-native-unix-common-4.1.63.Final.jar:/home/runner/.m2/repository/io/grpc/grpc-protobuf/1.33.0/grpc-protobuf-1.33.0.jar:/home/runner/.m2/repository/io/grpc/grpc-api/1.33.0/grpc-api-1.33.0.jar:/home/runner/.m2/repository/io/grpc/grpc-context/1.33.0/grpc-context-1.33.0.jar:/home/runner/.m2/repository/com/google/api/grpc/proto-google-common-protos/1.17.0/proto-google-common-protos-1.17.0.jar:/home/runner/.m2/repository/io/grpc/grpc-protobuf-lite/1.33.0/grpc-protobuf-lite-1.33.0.jar:/home/runner/.m2/repository/io/grpc/grpc-stub/1.33.0/grpc-stub-1.33.0.jar:/home/runner/.m2/repository/org/apache/ozone/ozone-recon/1.2.0-SNAPSHOT/ozone-recon-1.2.0-SNAPSHOT.jar:/home/runner/.m2/repository/org/apache/ozone/ozone-reconcodegen/1.2.0-SNAPSHOT/ozone-reconcodegen-1.2.0-SNAPSHOT.jar:/home/runner/.m2/repository/com/google/inject/extensions/guice-multibindings/4.0/guice-multibindings-4.0.jar:/home/runner/.m2/repository/com/google/inject/guice/4.0/guice-4.0.jar:/home/runner/.m2/repository/aopalliance/aopalliance/1.0/aopalliance-1.0.jar:/home/runner/.m2/repository/com/google/inject/extensions/guice-assistedinject/4.0/guice-assistedinject-4.0.jar:/home/runner/.m2/repository/com/google/inject/extensions/guice-servlet/4.0/guice-servlet-4.0.jar:/home/runner/.m2/repository/org/glassfish/jersey/containers/jersey-container-servlet/2.33/jersey-container-servlet-2.33.jar:/home/runner/.m2/repository/org/glassfish/hk2/guice-bridge/2.5.0/guice-bridge-2.5.0.jar:/home/runner/.m2/repository/org/glassfish/jersey/core/jersey-server/2.33/jersey-server-2.33.jar:/home/runner/.m2/repository/org/glassfish/jersey/core/jersey-client/2.33/jersey-client-2.33.jar:/home/runner/.m2/repository/jakarta/annotation/jakarta.annotation-api/1.3.5/jakarta.annotation-api-1.3.5.jar:/home/runner/.m2/repository/jakarta/validation/jakarta.validation-api/2.0.2/jakarta.validation-api-2.0.2.jar:/home/runner/.m2/repository/org/glassfish/jersey/media/jersey-media-json-jackson/2.33/jersey-media-json-jackson-2.33.jar:/home/runner/.m2/repository/org/glassfish/jersey/ext/jersey-entity-filtering/2.33/jersey-entity-filtering-2.33.jar:/home/runner/.m2/repository/org/jooq/jooq/3.11.10/jooq-3.11.10.jar:/home/runner/.m2/repository/org/jooq/jooq-meta/3.11.10/jooq-meta-3.11.10.jar:/home/runner/.m2/repository/org/jooq/jooq-codegen/3.11.10/jooq-codegen-3.11.10.jar:/home/runner/.m2/repository/com/jolbox/bonecp/0.8.0.RELEASE/bonecp-0.8.0.RELEASE.jar:/home/runner/.m2/repository/org/apache/derby/derby/10.14.2.0/derby-10.14.2.0.jar:/home/runner/.m2/repository/org/xerial/sqlite-jdbc/3.25.2/sqlite-jdbc-3.25.2.jar:/home/runner/.m2/repository/org/springframework/spring-jdbc/5.2.11.RELEASE/spring-jdbc-5.2.11.RELEASE.jar:/home/runner/.m2/repository/org/springframework/spring-beans/5.2.11.RELEASE/spring-beans-5.2.11.RELEASE.jar:/home/runner/.m2/repository/org/springframework/spring-core/5.2.11.RELEASE/spring-core-5.2.11.RELEASE.jar:/home/runner/.m2/repository/org/springframework/spring-jcl/5.2.11.RELEASE/spring-jcl-5.2.11.RELEASE.jar:/home/runner/.m2/repository/org/springframework/spring-tx/5.2.11.RELEASE/spring-tx-5.2.11.RELEASE.jar:/home/runner/.m2/repository/org/apache/ozone/ozone-client/1.2.0-SNAPSHOT/ozone-client-1.2.0-SNAPSHOT.jar:/home/runner/.m2/repository/org/apache/ozone/ozone-filesystem/1.2.0-SNAPSHOT/ozone-filesystem-1.2.0-SNAPSHOT.jar:/home/runner/.m2/repository/org/apache/ozone/ozone-filesystem-common/1.2.0-SNAPSHOT/ozone-filesystem-common-1.2.0-SNAPSHOT.jar:/home/runner/.m2/repository/org/apache/ozone/ozone-tools/1.2.0-SNAPSHOT/ozone-tools-1.2.0-SNAPSHOT.jar:/home/runner/.m2/repository/org/apache/ratis/ratis-tools/2.1.0/ratis-tools-2.1.0.jar:/home/runner/.m2/repository/org/apache/ratis/ratis-proto/2.1.0/ratis-proto-2.1.0.jar:/home/runner/.m2/repository/org/apache/ratis/ratis-common/2.1.0/ratis-common-2.1.0.jar:/home/runner/.m2/repository/com/amazonaws/aws-java-sdk-core/1.11.901/aws-java-sdk-core-1.11.901.jar:/home/runner/.m2/repository/org/apache/httpcomponents/httpclient/4.5.13/httpclient-4.5.13.jar:/home/runner/.m2/repository/org/apache/httpcomponents/httpcore/4.4.13/httpcore-4.4.13.jar:/home/runner/.m2/repository/software/amazon/ion/ion-java/1.0.2/ion-java-1.0.2.jar:/home/runner/.m2/repository/com/fasterxml/jackson/dataformat/jackson-dataformat-cbor/2.12.1/jackson-dataformat-cbor-2.12.1.jar:/home/runner/.m2/repository/joda-time/joda-time/2.8.1/joda-time-2.8.1.jar:/home/runner/.m2/repository/com/amazonaws/aws-java-sdk-s3/1.11.901/aws-java-sdk-s3-1.11.901.jar:/home/runner/.m2/repository/com/amazonaws/aws-java-sdk-kms/1.11.901/aws-java-sdk-kms-1.11.901.jar:/home/runner/.m2/repository/com/amazonaws/jmespath-java/1.11.901/jmespath-java-1.11.901.jar:/home/runner/.m2/repository/org/kohsuke/metainf-services/metainf-services/1.8/metainf-services-1.8.jar:/home/runner/.m2/repository/org/apache/ozone/hdds-tools/1.2.0-SNAPSHOT/hdds-tools-1.2.0-SNAPSHOT.jar:/home/runner/.m2/repository/commons-cli/commons-cli/1.2/commons-cli-1.2.jar:/home/runner/.m2/repository/org/apache/commons/commons-lang3/3.7/commons-lang3-3.7.jar:/home/runner/.m2/repository/org/apache/ozone/ozone-manager/1.2.0-SNAPSHOT/ozone-manager-1.2.0-SNAPSHOT-tests.jar:/home/runner/.m2/repository/org/apache/ozone/hdds-common/1.2.0-SNAPSHOT/hdds-common-1.2.0-SNAPSHOT-tests.jar:/home/runner/.m2/repository/org/apache/ozone/hdds-hadoop-dependency-client/1.2.0-SNAPSHOT/hdds-hadoop-dependency-client-1.2.0-SNAPSHOT.jar:/home/runner/.m2/repository/info/picocli/picocli/4.4.0/picocli-4.4.0.jar:/home/runner/.m2/repository/com/fasterxml/jackson/core/jackson-annotations/2.12.1/jackson-annotations-2.12.1.jar:/home/runner/.m2/repository/javax/annotation/javax.annotation-api/1.2/javax.annotation-api-1.2.jar:/home/runner/.m2/repository/org/apache/ratis/ratis-server/2.1.0/ratis-server-2.1.0.jar:/home/runner/.m2/repository/org/apache/ratis/ratis-client/2.1.0/ratis-client-2.1.0.jar:/home/runner/.m2/repository/org/apache/ratis/ratis-server-api/2.1.0/ratis-server-api-2.1.0.jar:/home/runner/.m2/repository/org/apache/ratis/ratis-metrics/2.1.0/ratis-metrics-2.1.0.jar:/home/runner/.m2/repository/org/apache/ratis/ratis-netty/2.1.0/ratis-netty-2.1.0.jar:/home/runner/.m2/repository/org/apache/ratis/ratis-grpc/2.1.0/ratis-grpc-2.1.0.jar:/home/runner/.m2/repository/org/apache/logging/log4j/log4j-api/2.13.3/log4j-api-2.13.3.jar:/home/runner/.m2/repository/org/apache/logging/log4j/log4j-core/2.13.3/log4j-core-2.13.3.jar:/home/runner/.m2/repository/com/lmax/disruptor/3.4.2/disruptor-3.4.2.jar:/home/runner/.m2/repository/org/apache/commons/commons-pool2/2.6.0/commons-pool2-2.6.0.jar:/home/runner/.m2/repository/org/bouncycastle/bcpkix-jdk15on/1.67/bcpkix-jdk15on-1.67.jar:/home/runner/.m2/repository/commons-validator/commons-validator/1.6/commons-validator-1.6.jar:/home/runner/.m2/repository/commons-beanutils/commons-beanutils/1.9.4/commons-beanutils-1.9.4.jar:/home/runner/.m2/repository/commons-digester/commons-digester/1.8.1/commons-digester-1.8.1.jar:/home/runner/.m2/repository/commons-collections/commons-collections/3.2.2/commons-collections-3.2.2.jar:/home/runner/.m2/repository/io/jaegertracing/jaeger-client/1.6.0/jaeger-client-1.6.0.jar:/home/runner/.m2/repository/io/jaegertracing/jaeger-thrift/1.6.0/jaeger-thrift-1.6.0.jar:/home/runner/.m2/repository/org/apache/thrift/libthrift/0.14.1/libthrift-0.14.1.jar:/home/runner/.m2/repository/com/squareup/okhttp3/okhttp/4.9.0/okhttp-4.9.0.jar:/home/runner/.m2/repository/com/squareup/okio/okio/2.8.0/okio-2.8.0.jar:/home/runner/.m2/repository/io/jaegertracing/jaeger-core/1.6.0/jaeger-core-1.6.0.jar:/home/runner/.m2/repository/io/jaegertracing/jaeger-tracerresolver/1.6.0/jaeger-tracerresolver-1.6.0.jar:/home/runner/.m2/repository/io/opentracing/contrib/opentracing-tracerresolver/0.1.8/opentracing-tracerresolver-0.1.8.jar:/home/runner/.m2/repository/org/jetbrains/kotlin/kotlin-stdlib/1.4.31/kotlin-stdlib-1.4.31.jar:/home/runner/.m2/repository/org/jetbrains/kotlin/kotlin-stdlib-common/1.4.31/kotlin-stdlib-common-1.4.31.jar:/home/runner/.m2/repository/org/jetbrains/annotations/13.0/annotations-13.0.jar:/home/runner/.m2/repository/io/opentracing/opentracing-util/0.33.0/opentracing-util-0.33.0.jar:/home/runner/.m2/repository/io/opentracing/opentracing-api/0.33.0/opentracing-api-0.33.0.jar:/home/runner/.m2/repository/io/opentracing/opentracing-noop/0.33.0/opentracing-noop-0.33.0.jar:/home/runner/.m2/repository/org/yaml/snakeyaml/1.26/snakeyaml-1.26.jar:/home/runner/.m2/repository/org/apache/ozone/hdds-interface-admin/1.2.0-SNAPSHOT/hdds-interface-admin-1.2.0-SNAPSHOT.jar:/home/runner/.m2/repository/junit/junit/4.13.1/junit-4.13.1.jar:/home/runner/.m2/repository/org/hamcrest/hamcrest-core/1.3/hamcrest-core-1.3.jar:/home/runner/.m2/repository/org/junit/jupiter/junit-jupiter-api/5.7.0/junit-jupiter-api-5.7.0.jar:/home/runner/.m2/repository/org/apiguardian/apiguardian-api/1.1.0/apiguardian-api-1.1.0.jar:/home/runner/.m2/repository/org/opentest4j/opentest4j/1.2.0/opentest4j-1.2.0.jar:/home/runner/.m2/repository/org/junit/platform/junit-platform-commons/1.7.0/junit-platform-commons-1.7.0.jar:/home/runner/.m2/repository/org/junit/jupiter/junit-jupiter-engine/5.7.0/junit-jupiter-engine-5.7.0.jar:/home/runner/.m2/repository/org/junit/platform/junit-platform-engine/1.7.0/junit-platform-engine-1.7.0.jar:/home/runner/.m2/repository/org/junit/vintage/junit-vintage-engine/5.7.0/junit-vintage-engine-5.7.0.jar:/home/runner/.m2/repository/org/junit/platform/junit-platform-launcher/1.7.0/junit-platform-launcher-1.7.0.jar:/home/runner/.m2/repository/org/openjdk/jmh/jmh-core/1.19/jmh-core-1.19.jar:/home/runner/.m2/repository/net/sf/jopt-simple/jopt-simple/4.6/jopt-simple-4.6.jar:/home/runner/.m2/repository/org/apache/commons/commons-math3/3.1.1/commons-math3-3.1.1.jar:/home/runner/.m2/repository/org/openjdk/jmh/jmh-generator-annprocess/1.19/jmh-generator-annprocess-1.19.jar:/home/runner/.m2/repository/org/mockito/mockito-core/2.28.2/mockito-core-2.28.2.jar:/home/runner/.m2/repository/net/bytebuddy/byte-buddy/1.9.10/byte-buddy-1.9.10.jar:/home/runner/.m2/repository/net/bytebuddy/byte-buddy-agent/1.9.10/byte-buddy-agent-1.9.10.jar:/home/runner/.m2/repository/org/objenesis/objenesis/1.0/objenesis-1.0.jar:/home/runner/.m2/repository/org/apache/hadoop/hadoop-kms/3.3.1/hadoop-kms-3.3.1.jar:/home/runner/.m2/repository/org/apache/hadoop/hadoop-auth/3.3.1/hadoop-auth-3.3.1.jar:/home/runner/.m2/repository/com/nimbusds/nimbus-jose-jwt/7.9/nimbus-jose-jwt-7.9.jar:/home/runner/.m2/repository/com/github/stephenc/jcip/jcip-annotations/1.0-1/jcip-annotations-1.0-1.jar:/home/runner/.m2/repository/net/minidev/json-smart/2.3/json-smart-2.3.jar:/home/runner/.m2/repository/net/minidev/accessors-smart/1.2/accessors-smart-1.2.jar:/home/runner/.m2/repository/org/ow2/asm/asm/5.0.4/asm-5.0.4.jar:/home/runner/.m2/repository/org/apache/zookeeper/zookeeper/3.5.6/zookeeper-3.5.6.jar:/home/runner/.m2/repository/org/apache/zookeeper/zookeeper-jute/3.5.6/zookeeper-jute-3.5.6.jar:/home/runner/.m2/repository/org/apache/yetus/audience-annotations/0.5.0/audience-annotations-0.5.0.jar:/home/runner/.m2/repository/org/apache/curator/curator-framework/4.2.0/curator-framework-4.2.0.jar:/home/runner/.m2/repository/org/apache/hadoop/thirdparty/hadoop-shaded-guava/1.1.1/hadoop-shaded-guava-1.1.1.jar:/home/runner/.m2/repository/com/sun/jersey/jersey-core/1.19/jersey-core-1.19.jar:/home/runner/.m2/repository/javax/ws/rs/jsr311-api/1.1.1/jsr311-api-1.1.1.jar:/home/runner/.m2/repository/com/sun/jersey/jersey-server/1.19/jersey-server-1.19.jar:/home/runner/.m2/repository/javax/servlet/javax.servlet-api/3.1.0/javax.servlet-api-3.1.0.jar:/home/runner/.m2/repository/org/eclipse/jetty/jetty-server/9.4.35.v20201120/jetty-server-9.4.35.v20201120.jar:/home/runner/.m2/repository/org/eclipse/jetty/jetty-http/9.4.35.v20201120/jetty-http-9.4.35.v20201120.jar:/home/runner/.m2/repository/org/eclipse/jetty/jetty-io/9.4.35.v20201120/jetty-io-9.4.35.v20201120.jar:/home/runner/.m2/repository/org/eclipse/jetty/jetty-webapp/9.4.35.v20201120/jetty-webapp-9.4.35.v20201120.jar:/home/runner/.m2/repository/org/eclipse/jetty/jetty-xml/9.4.35.v20201120/jetty-xml-9.4.35.v20201120.jar:/home/runner/.m2/repository/org/apache/hadoop/hadoop-common/3.3.1/hadoop-common-3.3.1.jar:/home/runner/.m2/repository/commons-net/commons-net/3.6/commons-net-3.6.jar:/home/runner/.m2/repository/jakarta/activation/jakarta.activation-api/1.2.1/jakarta.activation-api-1.2.1.jar:/home/runner/.m2/repository/com/sun/jersey/jersey-servlet/1.19/jersey-servlet-1.19.jar:/home/runner/.m2/repository/com/sun/jersey/jersey-json/1.19/jersey-json-1.19.jar:/home/runner/.m2/repository/org/codehaus/jettison/jettison/1.1/jettison-1.1.jar:/home/runner/.m2/repository/com/sun/xml/bind/jaxb-impl/2.2.3-1/jaxb-impl-2.2.3-1.jar:/home/runner/.m2/repository/org/codehaus/jackson/jackson-jaxrs/1.9.2/jackson-jaxrs-1.9.2.jar:/home/runner/.m2/repository/org/codehaus/jackson/jackson-xc/1.9.2/jackson-xc-1.9.2.jar:/home/runner/.m2/repository/org/apache/commons/commons-configuration2/2.1.1/commons-configuration2-2.1.1.jar:/home/runner/.m2/repository/org/apache/commons/commons-text/1.4/commons-text-1.4.jar:/home/runner/.m2/repository/com/google/re2j/re2j/1.1/re2j-1.1.jar:/home/runner/.m2/repository/com/jcraft/jsch/0.1.54/jsch-0.1.54.jar:/home/runner/.m2/repository/org/apache/curator/curator-client/4.2.0/curator-client-4.2.0.jar:/home/runner/.m2/repository/org/apache/curator/curator-recipes/4.2.0/curator-recipes-4.2.0.jar:/home/runner/.m2/repository/org/apache/kerby/kerb-core/1.0.1/kerb-core-1.0.1.jar:/home/runner/.m2/repository/org/apache/kerby/kerby-pkix/1.0.1/kerby-pkix-1.0.1.jar:/home/runner/.m2/repository/org/apache/kerby/kerby-asn1/1.0.1/kerby-asn1-1.0.1.jar:/home/runner/.m2/repository/org/apache/kerby/kerby-util/1.0.1/kerby-util-1.0.1.jar:/home/runner/.m2/repository/dnsjava/dnsjava/2.1.7/dnsjava-2.1.7.jar:/home/runner/.m2/repository/org/xerial/snappy/snappy-java/1.1.8.2/snappy-java-1.1.8.2.jar:/home/runner/.m2/repository/org/slf4j/jul-to-slf4j/1.7.30/jul-to-slf4j-1.7.30.jar:/home/runner/.m2/repository/org/eclipse/jetty/jetty-util/9.4.35.v20201120/jetty-util-9.4.35.v20201120.jar:/home/runner/.m2/repository/com/fasterxml/jackson/core/jackson-databind/2.12.1/jackson-databind-2.12.1.jar:/home/runner/.m2/repository/org/apache/hadoop/hadoop-kms/3.3.1/hadoop-kms-3.3.1-tests.jar:/home/runner/.m2/repository/org/apache/ozone/hdds-server-scm/1.2.0-SNAPSHOT/hdds-server-scm-1.2.0-SNAPSHOT-tests.jar:/home/runner/.m2/repository/org/apache/ozone/hdds-container-service/1.2.0-SNAPSHOT/hdds-container-service-1.2.0-SNAPSHOT-tests.jar:/home/runner/.m2/repository/commons-codec/commons-codec/1.11/commons-codec-1.11.jar:/home/runner/.m2/repository/io/netty/netty-transport/4.1.63.Final/netty-transport-4.1.63.Final.jar:/home/runner/.m2/repository/io/netty/netty-resolver/4.1.63.Final/netty-resolver-4.1.63.Final.jar:/home/runner/.m2/repository/io/netty/netty-codec/4.1.63.Final/netty-codec-4.1.63.Final.jar:/home/runner/.m2/repository/io/netty/netty-handler/4.1.63.Final/netty-handler-4.1.63.Final.jar:/home/runner/.m2/repository/org/apache/ozone/hdds-hadoop-dependency-test/1.2.0-SNAPSHOT/hdds-hadoop-dependency-test-1.2.0-SNAPSHOT.jar:/home/runner/.m2/repository/org/apache/hadoop/hadoop-common/3.3.1/hadoop-common-3.3.1-tests.jar:/home/runner/.m2/repository/org/assertj/assertj-core/3.12.2/assertj-core-3.12.2.jar:/home/runner/.m2/repository/org/apache/hadoop/hadoop-hdfs/3.3.1/hadoop-hdfs-3.3.1-tests.jar:/home/runner/.m2/repository/org/eclipse/jetty/jetty-util-ajax/9.4.35.v20201120/jetty-util-ajax-9.4.35.v20201120.jar:/home/runner/.m2/repository/commons-daemon/commons-daemon/1.0.13/commons-daemon-1.0.13.jar:/home/runner/.m2/repository/io/netty/netty/3.10.6.Final/netty-3.10.6.Final.jar:/home/runner/.m2/repository/io/netty/netty-all/4.1.63.Final/netty-all-4.1.63.Final.jar:/home/runner/.m2/repository/org/apache/htrace/htrace-core4/4.1.0-incubating/htrace-core4-4.1.0-incubating.jar:/home/runner/.m2/repository/org/fusesource/leveldbjni/leveldbjni-all/1.8/leveldbjni-all-1.8.jar:/home/runner/.m2/repository/org/apache/hadoop/hadoop-distcp/3.3.1/hadoop-distcp-3.3.1.jar:/home/runner/.m2/repository/org/apache/hadoop/hadoop-mapreduce-client-jobclient/3.3.1/hadoop-mapreduce-client-jobclient-3.3.1.jar:/home/runner/.m2/repository/org/apache/hadoop/hadoop-mapreduce-client-common/3.3.1/hadoop-mapreduce-client-common-3.3.1.jar:/home/runner/.m2/repository/org/apache/hadoop/hadoop-yarn-common/3.3.1/hadoop-yarn-common-3.3.1.jar:/home/runner/.m2/repository/org/apache/hadoop/hadoop-yarn-api/3.3.1/hadoop-yarn-api-3.3.1.jar:/home/runner/.m2/repository/com/sun/jersey/jersey-client/1.19/jersey-client-1.19.jar:/home/runner/.m2/repository/com/sun/jersey/contribs/jersey-guice/1.19/jersey-guice-1.19.jar:/home/runner/.m2/repository/com/fasterxml/jackson/jaxrs/jackson-jaxrs-json-provider/2.12.1/jackson-jaxrs-json-provider-2.12.1.jar:/home/runner/.m2/repository/com/fasterxml/jackson/jaxrs/jackson-jaxrs-base/2.12.1/jackson-jaxrs-base-2.12.1.jar:/home/runner/.m2/repository/org/apache/hadoop/hadoop-yarn-client/3.3.1/hadoop-yarn-client-3.3.1.jar:/home/runner/.m2/repository/org/eclipse/jetty/websocket/websocket-client/9.4.40.v20210413/websocket-client-9.4.40.v20210413.jar:/home/runner/.m2/repository/org/eclipse/jetty/jetty-client/9.4.40.v20210413/jetty-client-9.4.40.v20210413.jar:/home/runner/.m2/repository/org/eclipse/jetty/websocket/websocket-common/9.4.40.v20210413/websocket-common-9.4.40.v20210413.jar:/home/runner/.m2/repository/org/eclipse/jetty/websocket/websocket-api/9.4.40.v20210413/websocket-api-9.4.40.v20210413.jar:/home/runner/.m2/repository/org/jline/jline/3.9.0/jline-3.9.0.jar:/home/runner/.m2/repository/org/apache/hadoop/hadoop-mapreduce-client-core/3.3.1/hadoop-mapreduce-client-core-3.3.1.jar:/home/runner/.m2/repository/org/apache/avro/avro/1.7.7/avro-1.7.7.jar:/home/runner/.m2/repository/org/codehaus/jackson/jackson-core-asl/1.9.13/jackson-core-asl-1.9.13.jar:/home/runner/.m2/repository/org/codehaus/jackson/jackson-mapper-asl/1.9.13/jackson-mapper-asl-1.9.13.jar:/home/runner/.m2/repository/com/thoughtworks/paranamer/paranamer/2.3/paranamer-2.3.jar:/home/runner/.m2/repository/org/apache/hadoop/hadoop-annotations/3.3.1/hadoop-annotations-3.3.1.jar:/usr/lib/jvm/adoptopenjdk-8-hotspot-amd64/jre/../lib/tools.jar:/home/runner/.m2/repository/org/apache/hadoop/hadoop-distcp/3.3.1/hadoop-distcp-3.3.1-tests.jar:"/>
    <property name="sun.cpu.endian" value="little"/>
    <property name="user.home" value="/home/runner"/>
    <property name="user.language" value="en"/>
    <property name="java.specification.vendor" value="Oracle Corporation"/>
    <property name="java.home" value="/usr/lib/jvm/adoptopenjdk-8-hotspot-amd64/jre"/>
    <property name="java.security.krb5.conf" value="/home/runner/work/ozone/ozone/mnt/ozone/hadoop-ozone/integration-test/target/test-classes/krb5.conf"/>
    <property name="basedir" value="/home/runner/work/ozone/ozone/mnt/ozone/hadoop-ozone/integration-test"/>
    <property name="file.separator" value="/"/>
    <property name="line.separator" value="&#10;"/>
    <property name="java.vm.specification.vendor" value="Oracle Corporation"/>
    <property name="java.specification.name" value="Java Platform API Specification"/>
    <property name="java.awt.graphicsenv" value="sun.awt.X11GraphicsEnvironment"/>
    <property name="skip.installnpx" value="true"/>
    <property name="surefire.real.class.path" value="/home/runner/work/ozone/ozone/mnt/ozone/hadoop-ozone/integration-test/target/surefire/surefirebooter6734232595886881069.jar:/home/runner/.m2/repository/org/jacoco/org.jacoco.agent/0.8.5/org.jacoco.agent-0.8.5-runtime.jar"/>
    <property name="hadoop.log.dir" value="/home/runner/work/ozone/ozone/mnt/ozone/hadoop-ozone/integration-test/target/log"/>
    <property name="sun.boot.class.path" value="/usr/lib/jvm/adoptopenjdk-8-hotspot-amd64/jre/lib/resources.jar:/usr/lib/jvm/adoptopenjdk-8-hotspot-amd64/jre/lib/rt.jar:/usr/lib/jvm/adoptopenjdk-8-hotspot-amd64/jre/lib/sunrsasign.jar:/usr/lib/jvm/adoptopenjdk-8-hotspot-amd64/jre/lib/jsse.jar:/usr/lib/jvm/adoptopenjdk-8-hotspot-amd64/jre/lib/jce.jar:/usr/lib/jvm/adoptopenjdk-8-hotspot-amd64/jre/lib/charsets.jar:/usr/lib/jvm/adoptopenjdk-8-hotspot-amd64/jre/lib/jfr.jar:/usr/lib/jvm/adoptopenjdk-8-hotspot-amd64/jre/classes"/>
    <property name="sun.management.compiler" value="HotSpot 64-Bit Tiered Compilers"/>
    <property name="skip.npx" value="true"/>
    <property name="java.runtime.version" value="1.8.0_292-b10"/>
    <property name="java.net.preferIPv4Stack" value="true"/>
    <property name="user.name" value="runner"/>
    <property name="path.separator" value=":"/>
    <property name="java.security.egd" value="file:///dev/urandom"/>
    <property name="os.version" value="5.4.0-1051-azure"/>
    <property name="java.endorsed.dirs" value="/usr/lib/jvm/adoptopenjdk-8-hotspot-amd64/jre/lib/endorsed"/>
    <property name="java.runtime.name" value="OpenJDK Runtime Environment"/>
    <property name="file.encoding" value="UTF-8"/>
    <property name="java.vm.name" value="OpenJDK 64-Bit Server VM"/>
    <property name="test.build.webapps" value=""/>
    <property name="localRepository" value="/home/runner/.m2/repository"/>
    <property name="java.vendor.url.bug" value="https://github.com/AdoptOpenJDK/openjdk-support/issues"/>
    <property name="java.io.tmpdir" value="/tmp"/>
    <property name="require.test.libhadoop" value=""/>
    <property name="java.version" value="1.8.0_292"/>
    <property name="user.dir" value="/home/runner/work/ozone/ozone/mnt/ozone/hadoop-ozone/integration-test"/>
    <property name="os.arch" value="amd64"/>
    <property name="java.vm.specification.name" value="Java Virtual Machine Specification"/>
    <property name="test.build.classes" value="/home/runner/work/ozone/ozone/mnt/ozone/hadoop-ozone/integration-test/target/test-classes"/>
    <property name="java.awt.printerjob" value="sun.print.PSPrinterJob"/>
    <property name="sun.os.patch.level" value="unknown"/>
    <property name="hadoop.tmp.dir" value="/home/runner/work/ozone/ozone/mnt/ozone/hadoop-ozone/integration-test/target/tmp"/>
    <property name="java.library.path" value="/usr/java/packages/lib/amd64:/usr/lib64:/lib64:/lib:/usr/lib"/>
    <property name="java.vm.info" value="mixed mode"/>
    <property name="java.vendor" value="AdoptOpenJDK"/>
    <property name="java.vm.version" value="25.292-b10"/>
    <property name="java.ext.dirs" value="/usr/lib/jvm/adoptopenjdk-8-hotspot-amd64/jre/lib/ext:/usr/java/packages/lib/ext"/>
    <property name="sun.io.unicode.encoding" value="UnicodeLittle"/>
    <property name="java.class.version" value="52.0"/>
  </properties>
  <testcase name="testContainerStatisticsAfterDelete" classname="org.apache.hadoop.ozone.container.common.statemachine.commandhandler.TestBlockDeletion" time="104.792">
    <failure message="expected:&lt;DELETED&gt; but was:&lt;DELETING&gt;" type="java.lang.AssertionError"><![CDATA[java.lang.AssertionError: expected:<DELETED> but was:<DELETING>
	at org.junit.Assert.fail(Assert.java:89)
	at org.junit.Assert.failNotEquals(Assert.java:835)
	at org.junit.Assert.assertEquals(Assert.java:120)
	at org.junit.Assert.assertEquals(Assert.java:146)
	at org.apache.hadoop.ozone.container.common.statemachine.commandhandler.TestBlockDeletion.lambda$testContainerStatisticsAfterDelete$13(TestBlockDeletion.java:356)
	at java.util.ArrayList$ArrayListSpliterator.forEachRemaining(ArrayList.java:1384)
	at java.util.stream.ReferencePipeline$Head.forEach(ReferencePipeline.java:647)
	at org.apache.hadoop.ozone.container.common.statemachine.commandhandler.TestBlockDeletion.testContainerStatisticsAfterDelete(TestBlockDeletion.java:355)
	at sun.reflect.NativeMethodAccessorImpl.invoke0(Native Method)
	at sun.reflect.NativeMethodAccessorImpl.invoke(NativeMethodAccessorImpl.java:62)
	at sun.reflect.DelegatingMethodAccessorImpl.invoke(DelegatingMethodAccessorImpl.java:43)
	at java.lang.reflect.Method.invoke(Method.java:498)
	at org.junit.runners.model.FrameworkMethod$1.runReflectiveCall(FrameworkMethod.java:59)
	at org.junit.internal.runners.model.ReflectiveCallable.run(ReflectiveCallable.java:12)
	at org.junit.runners.model.FrameworkMethod.invokeExplosively(FrameworkMethod.java:56)
	at org.junit.internal.runners.statements.InvokeMethod.evaluate(InvokeMethod.java:17)
	at org.junit.internal.runners.statements.RunBefores.evaluate(RunBefores.java:26)
	at org.junit.internal.runners.statements.RunAfters.evaluate(RunAfters.java:27)
	at org.junit.runners.ParentRunner$3.evaluate(ParentRunner.java:306)
	at org.junit.runners.BlockJUnit4ClassRunner$1.evaluate(BlockJUnit4ClassRunner.java:100)
	at org.junit.runners.ParentRunner.runLeaf(ParentRunner.java:366)
	at org.junit.runners.BlockJUnit4ClassRunner.runChild(BlockJUnit4ClassRunner.java:103)
	at org.junit.runners.BlockJUnit4ClassRunner.runChild(BlockJUnit4ClassRunner.java:63)
	at org.junit.runners.ParentRunner$4.run(ParentRunner.java:331)
	at org.junit.runners.ParentRunner$1.schedule(ParentRunner.java:79)
	at org.junit.runners.ParentRunner.runChildren(ParentRunner.java:329)
	at org.junit.runners.ParentRunner.access$100(ParentRunner.java:66)
	at org.junit.runners.ParentRunner$2.evaluate(ParentRunner.java:293)
	at org.junit.runners.ParentRunner$3.evaluate(ParentRunner.java:306)
	at org.junit.runners.ParentRunner.run(ParentRunner.java:413)
	at org.junit.runner.JUnitCore.run(JUnitCore.java:137)
	at org.junit.runner.JUnitCore.run(JUnitCore.java:115)
	at org.junit.vintage.engine.execution.RunnerExecutor.execute(RunnerExecutor.java:43)
	at java.util.stream.ForEachOps$ForEachOp$OfRef.accept(ForEachOps.java:183)
	at java.util.stream.ReferencePipeline$3$1.accept(ReferencePipeline.java:193)
	at java.util.Iterator.forEachRemaining(Iterator.java:116)
	at java.util.Spliterators$IteratorSpliterator.forEachRemaining(Spliterators.java:1801)
	at java.util.stream.AbstractPipeline.copyInto(AbstractPipeline.java:482)
	at java.util.stream.AbstractPipeline.wrapAndCopyInto(AbstractPipeline.java:472)
	at java.util.stream.ForEachOps$ForEachOp.evaluateSequential(ForEachOps.java:150)
	at java.util.stream.ForEachOps$ForEachOp$OfRef.evaluateSequential(ForEachOps.java:173)
	at java.util.stream.AbstractPipeline.evaluate(AbstractPipeline.java:234)
	at java.util.stream.ReferencePipeline.forEach(ReferencePipeline.java:485)
	at org.junit.vintage.engine.VintageTestEngine.executeAllChildren(VintageTestEngine.java:82)
	at org.junit.vintage.engine.VintageTestEngine.execute(VintageTestEngine.java:73)
	at org.junit.platform.launcher.core.EngineExecutionOrchestrator.execute(EngineExecutionOrchestrator.java:108)
	at org.junit.platform.launcher.core.EngineExecutionOrchestrator.execute(EngineExecutionOrchestrator.java:88)
	at org.junit.platform.launcher.core.EngineExecutionOrchestrator.lambda$execute$0(EngineExecutionOrchestrator.java:54)
	at org.junit.platform.launcher.core.EngineExecutionOrchestrator.withInterceptedStreams(EngineExecutionOrchestrator.java:67)
	at org.junit.platform.launcher.core.EngineExecutionOrchestrator.execute(EngineExecutionOrchestrator.java:52)
	at org.junit.platform.launcher.core.DefaultLauncher.execute(DefaultLauncher.java:96)
	at org.junit.platform.launcher.core.DefaultLauncher.execute(DefaultLauncher.java:75)
	at org.apache.maven.surefire.junitplatform.JUnitPlatformProvider.invokeAllTests(JUnitPlatformProvider.java:142)
	at org.apache.maven.surefire.junitplatform.JUnitPlatformProvider.invoke(JUnitPlatformProvider.java:113)
	at org.apache.maven.surefire.booter.ForkedBooter.invokeProviderInSameClassLoader(ForkedBooter.java:384)
	at org.apache.maven.surefire.booter.ForkedBooter.runSuitesInProcess(ForkedBooter.java:345)
	at org.apache.maven.surefire.booter.ForkedBooter.execute(ForkedBooter.java:126)
	at org.apache.maven.surefire.booter.ForkedBooter.main(ForkedBooter.java:418)
]]></failure>
    <system-out><![CDATA[2021-07-28 21:19:34,646 [main] WARN  server.ServerUtils (ServerUtils.java:getScmDbDir(148)) - ozone.scm.db.dirs is not configured. We recommend adding this setting. Falling back to ozone.metadata.dirs instead.
2021-07-28 21:19:34,697 [main] INFO  ha.SCMHANodeDetails (SCMHANodeDetails.java:loadSCMHAConfig(157)) - ServiceID for StorageContainerManager is null
2021-07-28 21:19:34,698 [main] INFO  ha.SCMHANodeDetails (SCMHANodeDetails.java:loadSCMHAConfig(162)) - ozone.scm.default.service.id is not defined, falling back to ozone.scm.service.ids to find serviceID for StorageContainerManager if it is HA enabled cluster
2021-07-28 21:19:34,783 [main] WARN  server.ServerUtils (ServerUtils.java:getScmDbDir(148)) - ozone.scm.db.dirs is not configured. We recommend adding this setting. Falling back to ozone.metadata.dirs instead.
2021-07-28 21:19:34,785 [main] INFO  upgrade.AbstractLayoutVersionManager (AbstractLayoutVersionManager.java:init(70)) - Initializing Layout version manager with metadata layout = SCM_HA (version = 2), software layout = SCM_HA (version = 2)
2021-07-28 21:19:35,037 [main] INFO  reflections.Reflections (Reflections.java:scan(232)) - Reflections took 178 ms to scan 7 urls, producing 120 keys and 273 values 
2021-07-28 21:19:35,559 [main] WARN  utils.HAUtils (HAUtils.java:getMetaDir(342)) - ozone.scm.db.dirs is not configured. We recommend adding this setting. Falling back to ozone.metadata.dirs instead.
2021-07-28 21:19:35,695 [main] WARN  db.DBStoreBuilder (DBStoreBuilder.java:applyDBDefinition(145)) - ozone.scm.db.dirs is not configured. We recommend adding this setting. Falling back to ozone.metadata.dirs instead.
2021-07-28 21:19:35,832 [main] INFO  net.NodeSchemaLoader (NodeSchemaLoader.java:loadSchemaFromFile(129)) - Loading schema from [jar:file:/home/runner/.m2/repository/org/apache/ozone/hdds-common/1.2.0-SNAPSHOT/hdds-common-1.2.0-SNAPSHOT.jar!/network-topology-default.xml]
2021-07-28 21:19:35,833 [main] INFO  net.NodeSchemaLoader (NodeSchemaLoader.java:loadSchema(176)) - Loading network topology layer schema file
2021-07-28 21:19:35,874 [main] INFO  ha.SequenceIdGenerator (SequenceIdGenerator.java:upgradeToSequenceId(327)) - upgrade localId to 107544261427200000
2021-07-28 21:19:35,874 [main] INFO  ha.SequenceIdGenerator (SequenceIdGenerator.java:upgradeToSequenceId(337)) - upgrade delTxnId to 0
2021-07-28 21:19:35,877 [main] INFO  ha.SequenceIdGenerator (SequenceIdGenerator.java:upgradeToSequenceId(351)) - upgrade containerId to 0
2021-07-28 21:19:35,878 [main] INFO  ha.SequenceIdGenerator (SequenceIdGenerator.java:<init>(217)) - Init the HA SequenceIdGenerator.
2021-07-28 21:19:35,916 [main] INFO  node.SCMNodeManager (SCMNodeManager.java:<init>(141)) - Entering startup safe mode.
2021-07-28 21:19:35,972 [main] INFO  algorithms.ContainerPlacementPolicyFactory (ContainerPlacementPolicyFactory.java:getPolicy(60)) - Create container placement policy of type org.apache.hadoop.hdds.scm.container.placement.algorithms.SCMContainerPlacementRandom
2021-07-28 21:19:35,981 [main] INFO  pipeline.PipelineStateManager (PipelineStateManagerV2Impl.java:initialize(78)) - No pipeline exists in current db
2021-07-28 21:19:36,009 [main] INFO  algorithms.LeaderChoosePolicyFactory (LeaderChoosePolicyFactory.java:getPolicy(57)) - Create leader choose policy of type org.apache.hadoop.hdds.scm.pipeline.leader.choose.algorithms.MinLeaderCountChoosePolicy
2021-07-28 21:19:36,019 [main] INFO  ha.SCMServiceManager (SCMServiceManager.java:register(43)) - Registering service BackgroundPipelineCreator.
2021-07-28 21:19:36,019 [main] INFO  pipeline.BackgroundPipelineCreator (BackgroundPipelineCreatorV2.java:start(130)) - Starting RatisPipelineUtilsThread.
2021-07-28 21:19:36,049 [main] INFO  algorithms.PipelineChoosePolicyFactory (PipelineChoosePolicyFactory.java:createPipelineChoosePolicyFromClass(73)) - Create pipeline choose policy of type org.apache.hadoop.hdds.scm.pipeline.choose.algorithms.RandomPipelineChoosePolicy
2021-07-28 21:19:36,062 [main] INFO  ha.SCMServiceManager (SCMServiceManager.java:register(43)) - Registering service SCMBlockDeletingService.
2021-07-28 21:19:36,063 [main] INFO  ha.SCMServiceManager (SCMServiceManager.java:register(43)) - Registering service ReplicationManager.
2021-07-28 21:19:36,066 [main] INFO  container.ReplicationManager (ReplicationManager.java:start(286)) - Starting Replication Monitor Thread.
2021-07-28 21:19:36,079 [ReplicationMonitor] INFO  container.ReplicationManager (ReplicationManager.java:processAll(341)) - Replication Monitor Thread took 1 milliseconds for processing 0 containers.
2021-07-28 21:19:36,080 [main] INFO  safemode.ContainerSafeModeRule (ContainerSafeModeRule.java:<init>(89)) - containers with one replica threshold count 0
2021-07-28 21:19:36,083 [main] INFO  safemode.HealthyPipelineSafeModeRule (HealthyPipelineSafeModeRule.java:initializeRule(156)) - Total pipeline count is 0, healthy pipeline threshold count is 1
2021-07-28 21:19:36,086 [main] INFO  safemode.OneReplicaPipelineSafeModeRule (OneReplicaPipelineSafeModeRule.java:initializeRule(180)) - Total pipeline count is 0, pipeline's with at least one datanode reported threshold count is 0
2021-07-28 21:19:36,456 [main] INFO  ipc.CallQueueManager (CallQueueManager.java:<init>(90)) - Using callQueue: class java.util.concurrent.LinkedBlockingQueue, queueCapacity: 2000, scheduler: class org.apache.hadoop.ipc.DefaultRpcScheduler, ipcBackoff: false.
2021-07-28 21:19:36,488 [Socket Reader #1 for port 0] INFO  ipc.Server (Server.java:run(1265)) - Starting Socket Reader #1 for port 0
2021-07-28 21:19:36,523 [Listener at 0.0.0.0/37617] INFO  ipc.CallQueueManager (CallQueueManager.java:<init>(90)) - Using callQueue: class java.util.concurrent.LinkedBlockingQueue, queueCapacity: 2000, scheduler: class org.apache.hadoop.ipc.DefaultRpcScheduler, ipcBackoff: false.
2021-07-28 21:19:36,524 [Socket Reader #1 for port 0] INFO  ipc.Server (Server.java:run(1265)) - Starting Socket Reader #1 for port 0
2021-07-28 21:19:36,539 [Listener at 0.0.0.0/46425] INFO  ipc.CallQueueManager (CallQueueManager.java:<init>(90)) - Using callQueue: class java.util.concurrent.LinkedBlockingQueue, queueCapacity: 2000, scheduler: class org.apache.hadoop.ipc.DefaultRpcScheduler, ipcBackoff: false.
2021-07-28 21:19:36,544 [Socket Reader #1 for port 0] INFO  ipc.Server (Server.java:run(1265)) - Starting Socket Reader #1 for port 0
2021-07-28 21:19:36,584 [Listener at 0.0.0.0/40731] INFO  server.StorageContainerManager (StorageContainerManager.java:<init>(380)) - 
Container Balancer status:
Key                            Value
Running                        true
Container Balancer Configuration values:
Key                            Value
Threshold                      0.1
Max Datanodes to Balance       5
Max Size to Move               10737418240B

2021-07-28 21:19:36,585 [Listener at 0.0.0.0/40731] WARN  events.EventQueue (EventQueue.java:fireEvent(194)) - No event handler registered for event TypedEvent{payloadType=SafeModeStatus, name='Safe mode status'}
2021-07-28 21:19:36,585 [Listener at 0.0.0.0/40731] INFO  ha.SCMContext (SCMContext.java:updateSafeModeStatus(205)) - Update SafeModeStatus from SafeModeStatus{safeModeStatus=true, preCheckPassed=false} to SafeModeStatus{safeModeStatus=true, preCheckPassed=false}.
2021-07-28 21:19:36,587 [Listener at 0.0.0.0/40731] INFO  server.StorageContainerManager (StorageContainerManager.java:start(1245)) - StorageContainerLocationProtocol RPC server is listening at /0.0.0.0:40731
2021-07-28 21:19:36,646 [Listener at 0.0.0.0/40731] WARN  impl.MetricsConfig (MetricsConfig.java:loadFirst(136)) - Cannot locate configuration: tried hadoop-metrics2-storagecontainermanager.properties,hadoop-metrics2.properties
2021-07-28 21:19:36,657 [Listener at 0.0.0.0/40731] INFO  impl.MetricsSystemImpl (MetricsSystemImpl.java:startTimer(378)) - Scheduled Metric snapshot period at 10 second(s).
2021-07-28 21:19:36,657 [Listener at 0.0.0.0/40731] INFO  impl.MetricsSystemImpl (MetricsSystemImpl.java:start(191)) - StorageContainerManager metrics system started
2021-07-28 21:19:36,993 [Listener at 0.0.0.0/40731] INFO  server.SCMClientProtocolServer (SCMClientProtocolServer.java:start(165)) - RPC server for Client  is listening at /0.0.0.0:40731
2021-07-28 21:19:36,996 [IPC Server Responder] INFO  ipc.Server (Server.java:run(1507)) - IPC Server Responder: starting
2021-07-28 21:19:37,001 [IPC Server listener on 0] INFO  ipc.Server (Server.java:run(1344)) - IPC Server listener on 0: starting
2021-07-28 21:19:37,006 [Listener at 0.0.0.0/40731] INFO  server.StorageContainerManager (StorageContainerManager.java:start(1260)) - ScmBlockLocationProtocol RPC server is listening at /0.0.0.0:46425
2021-07-28 21:19:37,006 [Listener at 0.0.0.0/40731] INFO  server.SCMBlockProtocolServer (SCMBlockProtocolServer.java:start(151)) - RPC server for Block Protocol is listening at /0.0.0.0:46425
2021-07-28 21:19:37,007 [IPC Server Responder] INFO  ipc.Server (Server.java:run(1507)) - IPC Server Responder: starting
2021-07-28 21:19:37,007 [IPC Server listener on 0] INFO  ipc.Server (Server.java:run(1344)) - IPC Server listener on 0: starting
2021-07-28 21:19:37,010 [Listener at 0.0.0.0/40731] INFO  server.StorageContainerManager (StorageContainerManager.java:start(1266)) - ScmDatanodeProtocl RPC server is listening at /0.0.0.0:37617
2021-07-28 21:19:37,011 [Listener at 0.0.0.0/40731] INFO  server.SCMDatanodeProtocolServer (SCMDatanodeProtocolServer.java:start(181)) - RPC server for DataNodes is listening at /0.0.0.0:37617
2021-07-28 21:19:37,011 [IPC Server Responder] INFO  ipc.Server (Server.java:run(1507)) - IPC Server Responder: starting
2021-07-28 21:19:37,011 [IPC Server listener on 0] INFO  ipc.Server (Server.java:run(1344)) - IPC Server listener on 0: starting
2021-07-28 21:19:37,037 [org.apache.hadoop.util.JvmPauseMonitor$Monitor@912747d] INFO  util.JvmPauseMonitor (JvmPauseMonitor.java:run(188)) - Starting JVM pause monitor
2021-07-28 21:19:37,046 [Listener at 0.0.0.0/40731] INFO  http.BaseHttpServer (BaseHttpServer.java:newHttpServer2BuilderForOzone(209)) - Starting Web-server for scm at: http://0.0.0.0:0
2021-07-28 21:19:37,046 [Listener at 0.0.0.0/40731] INFO  http.BaseHttpServer (BaseHttpServer.java:<init>(107)) - Hadoop Security Enabled: false Ozone Security Enabled: false Ozone HTTP Security Enabled: false 
2021-07-28 21:19:37,074 [Listener at 0.0.0.0/40731] INFO  util.log (Log.java:initialized(169)) - Logging initialized @3784ms to org.eclipse.jetty.util.log.Slf4jLog
2021-07-28 21:19:37,180 [Listener at 0.0.0.0/40731] INFO  server.AuthenticationFilter (AuthenticationFilter.java:constructSecretProvider(240)) - Unable to initialize FileSignerSecretProvider, falling back to use random secrets.
2021-07-28 21:19:37,184 [Listener at 0.0.0.0/40731] WARN  http.HttpRequestLog (HttpRequestLog.java:getRequestLog(103)) - Jetty request log can only be enabled using Log4j
2021-07-28 21:19:37,189 [Listener at 0.0.0.0/40731] INFO  http.HttpServer2 (HttpServer2.java:addGlobalFilter(1020)) - Added global filter 'safety' (class=org.apache.hadoop.hdds.server.http.HttpServer2$QuotingInputFilter)
2021-07-28 21:19:37,192 [Listener at 0.0.0.0/40731] INFO  http.HttpServer2 (HttpServer2.java:addFilter(996)) - Added filter static_user_filter (class=org.apache.hadoop.http.lib.StaticUserWebFilter$StaticUserFilter) to context scm
2021-07-28 21:19:37,192 [Listener at 0.0.0.0/40731] INFO  http.HttpServer2 (HttpServer2.java:addFilter(1004)) - Added filter static_user_filter (class=org.apache.hadoop.http.lib.StaticUserWebFilter$StaticUserFilter) to context logs
2021-07-28 21:19:37,192 [Listener at 0.0.0.0/40731] INFO  http.HttpServer2 (HttpServer2.java:addFilter(1004)) - Added filter static_user_filter (class=org.apache.hadoop.http.lib.StaticUserWebFilter$StaticUserFilter) to context static
2021-07-28 21:19:37,227 [Listener at 0.0.0.0/40731] INFO  http.HttpServer2 (HttpServer2.java:bindListener(1239)) - Jetty bound to port 39835
2021-07-28 21:19:37,229 [Listener at 0.0.0.0/40731] INFO  server.Server (Server.java:doStart(375)) - jetty-9.4.35.v20201120; built: 2020-11-20T21:17:03.964Z; git: bdc54f03a5e0a7e280fab27f55c3c75ee8da89fb; jvm 1.8.0_292-b10
2021-07-28 21:19:37,260 [Listener at 0.0.0.0/40731] INFO  server.session (DefaultSessionIdManager.java:doStart(334)) - DefaultSessionIdManager workerName=node0
2021-07-28 21:19:37,261 [Listener at 0.0.0.0/40731] INFO  server.session (DefaultSessionIdManager.java:doStart(339)) - No SessionScavenger set, using defaults
2021-07-28 21:19:37,263 [Listener at 0.0.0.0/40731] INFO  server.session (HouseKeeper.java:startScavenging(132)) - node0 Scavenging every 660000ms
2021-07-28 21:19:37,275 [Listener at 0.0.0.0/40731] INFO  handler.ContextHandler (ContextHandler.java:doStart(916)) - Started o.e.j.s.ServletContextHandler@3ec211cc{logs,/logs,file:///home/runner/work/ozone/ozone/mnt/ozone/hadoop-ozone/integration-test/target/log,AVAILABLE}
2021-07-28 21:19:37,276 [Listener at 0.0.0.0/40731] INFO  handler.ContextHandler (ContextHandler.java:doStart(916)) - Started o.e.j.s.ServletContextHandler@630c3af3{static,/static,file:///home/runner/work/ozone/ozone/mnt/ozone/hadoop-ozone/integration-test/target/test-classes/webapps/static,AVAILABLE}
2021-07-28 21:19:37,318 [Listener at 0.0.0.0/40731] INFO  handler.ContextHandler (ContextHandler.java:doStart(916)) - Started o.e.j.w.WebAppContext@58945295{scm,/,file:///home/runner/work/ozone/ozone/mnt/ozone/hadoop-ozone/integration-test/target/test-classes/webapps/scm/,AVAILABLE}{file:/home/runner/work/ozone/ozone/mnt/ozone/hadoop-ozone/integration-test/target/test-classes/webapps/scm}
2021-07-28 21:19:37,327 [Listener at 0.0.0.0/40731] INFO  server.AbstractConnector (AbstractConnector.java:doStart(331)) - Started ServerConnector@6b32b678{HTTP/1.1, (http/1.1)}{0.0.0.0:39835}
2021-07-28 21:19:37,327 [Listener at 0.0.0.0/40731] INFO  server.Server (Server.java:doStart(415)) - Started @4036ms
2021-07-28 21:19:37,329 [Listener at 0.0.0.0/40731] INFO  impl.MetricsSinkAdapter (MetricsSinkAdapter.java:start(204)) - Sink prometheus started
2021-07-28 21:19:37,329 [Listener at 0.0.0.0/40731] INFO  impl.MetricsSystemImpl (MetricsSystemImpl.java:registerSink(305)) - Registered sink prometheus
2021-07-28 21:19:37,330 [Listener at 0.0.0.0/40731] INFO  http.BaseHttpServer (BaseHttpServer.java:updateConnectorAddress(329)) - HTTP server of scm listening at http://0.0.0.0:39835
2021-07-28 21:19:37,331 [Listener at 0.0.0.0/40731] WARN  server.ServerUtils (ServerUtils.java:getDBPath(225)) - ozone.om.db.dirs is not configured. We recommend adding this setting. Falling back to ozone.metadata.dirs instead.
2021-07-28 21:19:37,423 [Listener at 0.0.0.0/40731] INFO  ha.OMHANodeDetails (OMHANodeDetails.java:loadOMHAConfig(112)) - ozone.om.internal.service.id is not defined, falling back to ozone.om.service.ids to find serviceID for OzoneManager if it is HA enabled cluster
2021-07-28 21:19:37,426 [Listener at 0.0.0.0/40731] INFO  ha.OMHANodeDetails (OMHANodeDetails.java:loadOMHAConfig(219)) - Configuration does not have ozone.om.address set. Falling back to the default OM address /127.0.0.1:0
2021-07-28 21:19:37,426 [Listener at 0.0.0.0/40731] INFO  ha.OMHANodeDetails (OMHANodeDetails.java:getOMNodeDetails(247)) - OM Service ID is not set. Setting it to the default ID: omServiceIdDefault
2021-07-28 21:19:37,426 [Listener at 0.0.0.0/40731] INFO  ha.OMHANodeDetails (OMHANodeDetails.java:getOMNodeDetails(254)) - OM Node ID is not set. Setting it to the default ID: om1
2021-07-28 21:19:37,430 [Listener at 0.0.0.0/40731] WARN  server.ServerUtils (ServerUtils.java:getDBPath(225)) - ozone.om.db.dirs is not configured. We recommend adding this setting. Falling back to ozone.metadata.dirs instead.
2021-07-28 21:19:37,432 [Listener at 0.0.0.0/40731] INFO  upgrade.AbstractLayoutVersionManager (AbstractLayoutVersionManager.java:init(70)) - Initializing Layout version manager with metadata layout = INITIAL_VERSION (version = 0), software layout = INITIAL_VERSION (version = 0)
2021-07-28 21:19:37,488 [Listener at 0.0.0.0/40731] INFO  reflections.Reflections (Reflections.java:scan(232)) - Reflections took 52 ms to scan 2 urls, producing 131 keys and 342 values [using 2 cores]
2021-07-28 21:19:37,493 [Listener at 0.0.0.0/40731] INFO  upgrade.OMLayoutVersionManager (OMLayoutVersionManager.java:lambda$0(116)) - Skipping Upgrade Action MockOmUpgradeAction since it has been finalized.
2021-07-28 21:19:37,494 [Listener at 0.0.0.0/40731] WARN  server.ServerUtils (ServerUtils.java:getDBPath(225)) - ozone.om.db.dirs is not configured. We recommend adding this setting. Falling back to ozone.metadata.dirs instead.
2021-07-28 21:19:37,907 [Listener at 0.0.0.0/40731] WARN  server.ServerUtils (ServerUtils.java:getDBPath(225)) - ozone.om.db.dirs is not configured. We recommend adding this setting. Falling back to ozone.metadata.dirs instead.
2021-07-28 21:19:37,915 [Listener at 0.0.0.0/40731] INFO  codec.OmKeyInfoCodec (OmKeyInfoCodec.java:<init>(51)) - OmKeyInfoCodec ignorePipeline = true
2021-07-28 21:19:37,916 [Listener at 0.0.0.0/40731] INFO  codec.RepeatedOmKeyInfoCodec (RepeatedOmKeyInfoCodec.java:<init>(42)) - RepeatedOmKeyInfoCodec ignorePipeline = true
2021-07-28 21:19:38,133 [Listener at 0.0.0.0/40731] INFO  om.OzoneManager (OzoneManager.java:addS3GVolumeToDB(4084)) - Created Volume s3v With Owner runner required for S3Gateway operations.
2021-07-28 21:19:38,202 [Listener at 0.0.0.0/40731] WARN  server.ServerUtils (ServerUtils.java:getDefaultRatisDirectory(237)) - Storage directory for Ratis is not configured. It is a good idea to map this to an SSD disk. Falling back to ozone.metadata.dirs
2021-07-28 21:19:38,202 [Listener at 0.0.0.0/40731] WARN  utils.OzoneManagerRatisUtils (OzoneManagerRatisUtils.java:getOMRatisSnapshotDirectory(391)) - ozone.om.ratis.snapshot.dir is not configured. Falling back to ozone.metadata.dirs config
2021-07-28 21:19:38,212 [Listener at 0.0.0.0/40731] INFO  metrics.MetricRegistries (MetricRegistriesLoader.java:load(64)) - Loaded MetricRegistries class org.apache.ratis.metrics.impl.MetricRegistriesImpl
2021-07-28 21:19:38,238 [Listener at 0.0.0.0/40731] WARN  server.ServerUtils (ServerUtils.java:getDefaultRatisDirectory(237)) - Storage directory for Ratis is not configured. It is a good idea to map this to an SSD disk. Falling back to ozone.metadata.dirs
2021-07-28 21:19:38,272 [Listener at 0.0.0.0/40731] INFO  ratis.OzoneManagerRatisServer (OzoneManagerRatisServer.java:<init>(158)) - Instantiating OM Ratis server with groupID: omServiceIdDefault and peers: localhost:9872
2021-07-28 21:19:38,279 [Listener at 0.0.0.0/40731] INFO  ratis.OzoneManagerStateMachine (OzoneManagerStateMachine.java:loadSnapshotInfoFromDB(605)) - LastAppliedIndex is set from TransactionInfo from OM DB as (t:0, i:~)
2021-07-28 21:19:38,318 [Listener at 0.0.0.0/40731] INFO  server.RaftServer (ConfUtils.java:logGet(44)) - raft.rpc.type = GRPC (default)
2021-07-28 21:19:38,377 [Listener at 0.0.0.0/40731] INFO  grpc.GrpcFactory (GrpcFactory.java:checkPooledByteBufAllocatorUseCacheForAllThreads(48)) - PERFORMANCE WARNING: useCacheForAllThreads is true that may cause Netty to create a lot garbage objects and, as a result, trigger GC.
	It is recommended to disable useCacheForAllThreads by setting -Dorg.apache.ratis.thirdparty.io.netty.allocator.useCacheForAllThreads=false in command line.
2021-07-28 21:19:38,380 [Listener at 0.0.0.0/40731] INFO  grpc.GrpcConfigKeys (ConfUtils.java:logGet(44)) - raft.grpc.admin.port = -1 (default)
2021-07-28 21:19:38,381 [Listener at 0.0.0.0/40731] INFO  grpc.GrpcConfigKeys (ConfUtils.java:logGet(44)) - raft.grpc.server.port = 9872 (custom)
2021-07-28 21:19:38,382 [Listener at 0.0.0.0/40731] INFO  grpc.GrpcConfigKeys (ConfUtils.java:logGet(44)) - raft.grpc.client.port = -1 (default)
2021-07-28 21:19:38,382 [Listener at 0.0.0.0/40731] INFO  grpc.GrpcConfigKeys (ConfUtils.java:logGet(44)) - raft.grpc.server.port = 9872 (custom)
2021-07-28 21:19:38,382 [Listener at 0.0.0.0/40731] INFO  grpc.GrpcConfigKeys (ConfUtils.java:logGet(44)) - raft.grpc.server.port = 9872 (custom)
2021-07-28 21:19:38,383 [Listener at 0.0.0.0/40731] INFO  server.GrpcService (ConfUtils.java:logGet(44)) - raft.grpc.message.size.max = 33554432 (custom)
2021-07-28 21:19:38,384 [Listener at 0.0.0.0/40731] INFO  server.RaftServerConfigKeys (ConfUtils.java:logGet(44)) - raft.server.log.appender.buffer.byte-limit = 33554432 (custom)
2021-07-28 21:19:38,385 [Listener at 0.0.0.0/40731] INFO  server.GrpcService (ConfUtils.java:logGet(44)) - raft.grpc.flow.control.window = 1MB (=1048576) (default)
2021-07-28 21:19:38,385 [Listener at 0.0.0.0/40731] INFO  server.RaftServerConfigKeys (ConfUtils.java:logGet(44)) - raft.server.rpc.request.timeout = 3000ms (default)
2021-07-28 21:19:38,577 [Listener at 0.0.0.0/40731] INFO  impl.DataStreamServerImpl (ConfUtils.java:logGet(44)) - raft.datastream.type = DISABLED (default)
2021-07-28 21:19:38,579 [Listener at 0.0.0.0/40731] INFO  server.RaftServerConfigKeys (ConfUtils.java:logGet(44)) - raft.server.rpc.slowness.timeout = 120s (custom)
2021-07-28 21:19:38,579 [Listener at 0.0.0.0/40731] INFO  server.RaftServerConfigKeys (ConfUtils.java:logGet(44)) - raft.server.leaderelection.leader.step-down.wait-time = 10s (default)
2021-07-28 21:19:38,590 [Listener at 0.0.0.0/40731] INFO  server.RaftServerConfigKeys (ConfUtils.java:logGet(44)) - raft.server.storage.dir = [/home/runner/work/ozone/ozone/mnt/ozone/hadoop-ozone/integration-test/target/test-dir/MiniOzoneClusterImpl-4602a15a-46b8-476b-8e6e-aec7ac1b4dac/ozone-meta/ratis] (custom)
2021-07-28 21:19:38,596 [Listener at 0.0.0.0/40731] INFO  server.RaftServer (RaftServerProxy.java:addNew(95)) - om1: addNew group-C5BA1605619E:[om1|rpc:localhost:9872|priority:0] returns group-C5BA1605619E:java.util.concurrent.CompletableFuture@59e5ecab[Not completed]
2021-07-28 21:19:38,596 [Listener at 0.0.0.0/40731] INFO  om.OzoneManager (OzoneManager.java:initializeRatisServer(1542)) - OzoneManager Ratis server initialized at port 9872
2021-07-28 21:19:38,640 [Listener at 0.0.0.0/40731] INFO  ipc.CallQueueManager (CallQueueManager.java:<init>(90)) - Using callQueue: class java.util.concurrent.LinkedBlockingQueue, queueCapacity: 2000, scheduler: class org.apache.hadoop.ipc.DefaultRpcScheduler, ipcBackoff: false.
2021-07-28 21:19:38,648 [Socket Reader #1 for port 0] INFO  ipc.Server (Server.java:run(1265)) - Starting Socket Reader #1 for port 0
2021-07-28 21:19:38,649 [pool-38-thread-1] INFO  server.RaftServer$Division (RaftServerImpl.java:<init>(181)) - om1: new RaftServerImpl for group-C5BA1605619E:[om1|rpc:localhost:9872|priority:0] with OzoneManagerStateMachine:uninitialized
2021-07-28 21:19:38,663 [pool-38-thread-1] INFO  server.RaftServerConfigKeys (ConfUtils.java:logGet(44)) - raft.server.rpc.timeout.min = 1s (custom)
2021-07-28 21:19:38,663 [pool-38-thread-1] INFO  server.RaftServerConfigKeys (ConfUtils.java:logGet(44)) - raft.server.rpc.timeout.max = 1200ms (custom)
2021-07-28 21:19:38,663 [pool-38-thread-1] INFO  server.RaftServerConfigKeys (ConfUtils.java:logGet(44)) - raft.server.rpc.sleep.time = 25ms (default)
2021-07-28 21:19:38,663 [pool-38-thread-1] INFO  server.RaftServerConfigKeys (ConfUtils.java:logGet(44)) - raft.server.rpc.slowness.timeout = 120s (custom)
2021-07-28 21:19:38,663 [pool-38-thread-1] INFO  server.RaftServerConfigKeys (ConfUtils.java:logGet(44)) - raft.server.leaderelection.leader.step-down.wait-time = 10s (default)
2021-07-28 21:19:38,663 [pool-38-thread-1] INFO  server.RaftServerConfigKeys (ConfUtils.java:logGet(44)) - raft.server.sleep.deviation.threshold = 300ms (default)
2021-07-28 21:19:38,664 [pool-38-thread-1] INFO  server.RaftServerConfigKeys (ConfUtils.java:logGet(44)) - raft.server.log.appender.install.snapshot.enabled = false (custom)
2021-07-28 21:19:38,669 [pool-38-thread-1] INFO  server.RaftServer$Division (ServerState.java:<init>(105)) - om1@group-C5BA1605619E: ConfigurationManager, init=-1: [om1|rpc:localhost:9872|priority:0], old=null, confs=<EMPTY_MAP>
2021-07-28 21:19:38,676 [pool-38-thread-1] INFO  server.RaftServerConfigKeys (ConfUtils.java:logGet(44)) - raft.server.storage.dir = [/home/runner/work/ozone/ozone/mnt/ozone/hadoop-ozone/integration-test/target/test-dir/MiniOzoneClusterImpl-4602a15a-46b8-476b-8e6e-aec7ac1b4dac/ozone-meta/ratis] (custom)
2021-07-28 21:19:38,681 [pool-38-thread-1] INFO  server.RaftServerConfigKeys (ConfUtils.java:logGet(44)) - raft.server.log.corruption.policy = EXCEPTION (default)
2021-07-28 21:19:38,688 [pool-38-thread-1] INFO  server.RaftServerConfigKeys (ConfUtils.java:logGet(44)) - raft.server.storage.free-space.min = 0MB (=0) (default)
2021-07-28 21:19:38,690 [pool-38-thread-1] INFO  storage.RaftStorageDirectory (RaftStorageDirectoryImpl.java:analyzeStorage(135)) - The storage directory /home/runner/work/ozone/ozone/mnt/ozone/hadoop-ozone/integration-test/target/test-dir/MiniOzoneClusterImpl-4602a15a-46b8-476b-8e6e-aec7ac1b4dac/ozone-meta/ratis/bf265839-605b-3f16-9796-c5ba1605619e does not exist. Creating ...
2021-07-28 21:19:38,688 [Listener at 127.0.0.1/35523] INFO  om.OzoneManager (OzoneManager.java:initFSOLayout(4290)) - Configured ozone.om.metadata.layout=SIMPLE and disabled optimized OM FS operations
2021-07-28 21:19:38,693 [pool-38-thread-1] INFO  storage.RaftStorageDirectory (RaftStorageDirectoryImpl.java:tryLock(230)) - Lock on /home/runner/work/ozone/ozone/mnt/ozone/hadoop-ozone/integration-test/target/test-dir/MiniOzoneClusterImpl-4602a15a-46b8-476b-8e6e-aec7ac1b4dac/ozone-meta/ratis/bf265839-605b-3f16-9796-c5ba1605619e/in_use.lock acquired by nodename 31090@fv-az151-48
2021-07-28 21:19:38,697 [Listener at 127.0.0.1/35523] INFO  impl.MetricsSystemImpl (MetricsSystemImpl.java:init(158)) - OzoneManager metrics system started (again)
2021-07-28 21:19:38,704 [pool-38-thread-1] INFO  storage.RaftStorage (RaftStorageImpl.java:format(89)) - Storage directory /home/runner/work/ozone/ozone/mnt/ozone/hadoop-ozone/integration-test/target/test-dir/MiniOzoneClusterImpl-4602a15a-46b8-476b-8e6e-aec7ac1b4dac/ozone-meta/ratis/bf265839-605b-3f16-9796-c5ba1605619e has been successfully formatted.
2021-07-28 21:19:38,706 [pool-38-thread-1] INFO  server.RaftServerConfigKeys (ConfUtils.java:logGet(44)) - raft.server.notification.no-leader.timeout = 120s (custom)
2021-07-28 21:19:38,714 [pool-38-thread-1] INFO  server.RaftServerConfigKeys (ConfUtils.java:logGet(44)) - raft.server.log.use.memory = false (default)
2021-07-28 21:19:38,722 [Listener at 127.0.0.1/35523] INFO  om.OzoneManager (OzoneManager.java:start(1239)) - OzoneManager RPC server is listening at localhost/127.0.0.1:35523
2021-07-28 21:19:38,722 [Listener at 127.0.0.1/35523] INFO  ratis.OzoneManagerRatisServer (OzoneManagerRatisServer.java:start(516)) - Starting OzoneManagerRatisServer om1 at port 9872
2021-07-28 21:19:38,725 [pool-38-thread-1] INFO  server.RaftServerConfigKeys (ConfUtils.java:logGet(44)) - raft.server.log.purge.gap = 1000000 (custom)
2021-07-28 21:19:38,727 [pool-38-thread-1] INFO  server.RaftServerConfigKeys (ConfUtils.java:logGet(44)) - raft.server.log.appender.buffer.byte-limit = 33554432 (custom)
2021-07-28 21:19:38,738 [pool-38-thread-1] INFO  server.RaftServerConfigKeys (ConfUtils.java:logGet(44)) - raft.server.log.segment.size.max = 4194304 (custom)
2021-07-28 21:19:38,745 [pool-38-thread-1] INFO  server.RaftServerConfigKeys (ConfUtils.java:logGet(44)) - raft.server.log.segment.cache.num.max = 2 (custom)
2021-07-28 21:19:38,746 [pool-38-thread-1] INFO  server.RaftServerConfigKeys (ConfUtils.java:logGet(44)) - raft.server.log.segment.cache.size.max = 200MB (=209715200) (default)
2021-07-28 21:19:38,752 [pool-38-thread-1] INFO  segmented.SegmentedRaftLogWorker (SegmentedRaftLogWorker.java:<init>(182)) - new om1@group-C5BA1605619E-SegmentedRaftLogWorker for RaftStorageImpl:Storage Directory /home/runner/work/ozone/ozone/mnt/ozone/hadoop-ozone/integration-test/target/test-dir/MiniOzoneClusterImpl-4602a15a-46b8-476b-8e6e-aec7ac1b4dac/ozone-meta/ratis/bf265839-605b-3f16-9796-c5ba1605619e
2021-07-28 21:19:38,752 [pool-38-thread-1] INFO  server.RaftServerConfigKeys (ConfUtils.java:logGet(44)) - raft.server.log.queue.byte-limit = 64MB (=67108864) (default)
2021-07-28 21:19:38,752 [pool-38-thread-1] INFO  server.RaftServerConfigKeys (ConfUtils.java:logGet(44)) - raft.server.log.queue.element-limit = 4096 (default)
2021-07-28 21:19:38,753 [pool-38-thread-1] INFO  server.RaftServerConfigKeys (ConfUtils.java:logGet(44)) - raft.server.log.segment.size.max = 4194304 (custom)
2021-07-28 21:19:38,754 [pool-38-thread-1] INFO  server.RaftServerConfigKeys (ConfUtils.java:logGet(44)) - raft.server.log.preallocated.size = 4194304 (custom)
2021-07-28 21:19:38,754 [pool-38-thread-1] INFO  server.RaftServerConfigKeys (ConfUtils.java:logGet(44)) - raft.server.log.force.sync.num = 128 (default)
2021-07-28 21:19:38,755 [pool-38-thread-1] INFO  server.RaftServerConfigKeys (ConfUtils.java:logGet(44)) - raft.server.log.statemachine.data.sync = true (default)
2021-07-28 21:19:38,755 [pool-38-thread-1] INFO  server.RaftServerConfigKeys (ConfUtils.java:logGet(44)) - raft.server.log.statemachine.data.sync.timeout = 10s (default)
2021-07-28 21:19:38,756 [pool-38-thread-1] INFO  server.RaftServerConfigKeys (ConfUtils.java:logGet(44)) - raft.server.log.statemachine.data.sync.timeout.retry = -1 (default)
2021-07-28 21:19:38,764 [pool-38-thread-1] INFO  server.RaftServerConfigKeys (ConfUtils.java:logGet(44)) - raft.server.log.write.buffer.size = 64KB (=65536) (default)
2021-07-28 21:19:38,765 [pool-38-thread-1] INFO  server.RaftServerConfigKeys (ConfUtils.java:logGet(44)) - raft.server.log.statemachine.data.caching.enabled = false (default)
2021-07-28 21:19:38,774 [pool-38-thread-1] INFO  segmented.SegmentedRaftLogWorker (SegmentedRaftLogWorker.java:lambda$new$0(133)) - om1@group-C5BA1605619E-SegmentedRaftLogWorker: flushIndex: setUnconditionally 0 -> -1
2021-07-28 21:19:38,774 [pool-38-thread-1] INFO  segmented.SegmentedRaftLogWorker (SegmentedRaftLogWorker.java:lambda$new$0(133)) - om1@group-C5BA1605619E-SegmentedRaftLogWorker: safeCacheEvictIndex: setUnconditionally 0 -> -1
2021-07-28 21:19:38,778 [pool-38-thread-1] INFO  server.RaftServerConfigKeys (ConfUtils.java:logGet(44)) - raft.server.snapshot.auto.trigger.enabled = true (custom)
2021-07-28 21:19:38,778 [pool-38-thread-1] INFO  server.RaftServerConfigKeys (ConfUtils.java:logGet(44)) - raft.server.snapshot.auto.trigger.threshold = 400000 (default)
2021-07-28 21:19:38,779 [pool-38-thread-1] INFO  server.RaftServerConfigKeys (ConfUtils.java:logGet(44)) - raft.server.snapshot.retention.file.num = -1 (default)
2021-07-28 21:19:38,779 [pool-38-thread-1] INFO  server.RaftServerConfigKeys (ConfUtils.java:logGet(44)) - raft.server.log.purge.upto.snapshot.index = true (custom)
2021-07-28 21:19:38,781 [pool-38-thread-1] INFO  server.RaftServerConfigKeys (ConfUtils.java:logGet(44)) - raft.server.retrycache.expirytime = 300s (custom)
2021-07-28 21:19:38,781 [pool-38-thread-1] INFO  server.RaftServerConfigKeys (ConfUtils.java:logGet(44)) - raft.server.retrycache.statistics.expirytime = 100μs (default)
2021-07-28 21:19:38,807 [Listener at 127.0.0.1/35523] INFO  server.RaftServer$Division (RaftServerImpl.java:start(296)) - om1@group-C5BA1605619E: start as a follower, conf=-1: [om1|rpc:localhost:9872|priority:0], old=null
2021-07-28 21:19:38,809 [Listener at 127.0.0.1/35523] INFO  server.RaftServer$Division (RaftServerImpl.java:setRole(285)) - om1@group-C5BA1605619E: changes role from      null to FOLLOWER at term 0 for startAsFollower
2021-07-28 21:19:38,810 [Listener at 127.0.0.1/35523] INFO  impl.RoleInfo (RoleInfo.java:updateAndGet(130)) - om1: start om1@group-C5BA1605619E-FollowerState
2021-07-28 21:19:38,812 [Listener at 127.0.0.1/35523] INFO  util.JmxRegister (JmxRegister.java:tryRegister(44)) - Successfully registered JMX Bean with object name Ratis:service=RaftServer,group=group-C5BA1605619E,id=om1
2021-07-28 21:19:38,815 [Listener at 127.0.0.1/35523] INFO  server.RaftServer (RaftServerProxy.java:lambda$start$5(374)) - om1: start RPC server
2021-07-28 21:19:38,857 [Listener at 127.0.0.1/35523] INFO  server.GrpcService (GrpcService.java:startImpl(253)) - om1: GrpcService started, listening on 9872
2021-07-28 21:19:38,859 [Listener at 127.0.0.1/35523] INFO  om.OzoneManager (OzoneManager.java:start(1257)) - Version File has different layout version (0) than OM DB (null). That is expected if this OM has never been finalized to a newer layout version.
2021-07-28 21:19:38,866 [org.apache.ratis.util.JvmPauseMonitor$$Lambda$526/117902049@236ec794] INFO  util.JvmPauseMonitor (JvmPauseMonitor.java:run(103)) - JvmPauseMonitor-om1: Started
2021-07-28 21:19:38,873 [Listener at 127.0.0.1/35523] INFO  http.BaseHttpServer (BaseHttpServer.java:newHttpServer2BuilderForOzone(209)) - Starting Web-server for ozoneManager at: http://0.0.0.0:0
2021-07-28 21:19:38,873 [Listener at 127.0.0.1/35523] INFO  http.BaseHttpServer (BaseHttpServer.java:<init>(107)) - Hadoop Security Enabled: false Ozone Security Enabled: false Ozone HTTP Security Enabled: false 
2021-07-28 21:19:38,875 [Listener at 127.0.0.1/35523] INFO  server.AuthenticationFilter (AuthenticationFilter.java:constructSecretProvider(240)) - Unable to initialize FileSignerSecretProvider, falling back to use random secrets.
2021-07-28 21:19:38,884 [Listener at 127.0.0.1/35523] WARN  http.HttpRequestLog (HttpRequestLog.java:getRequestLog(103)) - Jetty request log can only be enabled using Log4j
2021-07-28 21:19:38,885 [Listener at 127.0.0.1/35523] INFO  http.HttpServer2 (HttpServer2.java:addGlobalFilter(1020)) - Added global filter 'safety' (class=org.apache.hadoop.hdds.server.http.HttpServer2$QuotingInputFilter)
2021-07-28 21:19:38,886 [Listener at 127.0.0.1/35523] INFO  http.HttpServer2 (HttpServer2.java:addFilter(996)) - Added filter static_user_filter (class=org.apache.hadoop.http.lib.StaticUserWebFilter$StaticUserFilter) to context ozoneManager
2021-07-28 21:19:38,886 [Listener at 127.0.0.1/35523] INFO  http.HttpServer2 (HttpServer2.java:addFilter(1004)) - Added filter static_user_filter (class=org.apache.hadoop.http.lib.StaticUserWebFilter$StaticUserFilter) to context logs
2021-07-28 21:19:38,886 [Listener at 127.0.0.1/35523] INFO  http.HttpServer2 (HttpServer2.java:addFilter(1004)) - Added filter static_user_filter (class=org.apache.hadoop.http.lib.StaticUserWebFilter$StaticUserFilter) to context static
2021-07-28 21:19:38,890 [Listener at 127.0.0.1/35523] INFO  http.HttpServer2 (HttpServer2.java:bindListener(1239)) - Jetty bound to port 34337
2021-07-28 21:19:38,890 [Listener at 127.0.0.1/35523] INFO  server.Server (Server.java:doStart(375)) - jetty-9.4.35.v20201120; built: 2020-11-20T21:17:03.964Z; git: bdc54f03a5e0a7e280fab27f55c3c75ee8da89fb; jvm 1.8.0_292-b10
2021-07-28 21:19:38,891 [Listener at 127.0.0.1/35523] INFO  server.session (DefaultSessionIdManager.java:doStart(334)) - DefaultSessionIdManager workerName=node0
2021-07-28 21:19:38,892 [Listener at 127.0.0.1/35523] INFO  server.session (DefaultSessionIdManager.java:doStart(339)) - No SessionScavenger set, using defaults
2021-07-28 21:19:38,892 [Listener at 127.0.0.1/35523] INFO  server.session (HouseKeeper.java:startScavenging(132)) - node0 Scavenging every 660000ms
2021-07-28 21:19:38,893 [Listener at 127.0.0.1/35523] INFO  handler.ContextHandler (ContextHandler.java:doStart(916)) - Started o.e.j.s.ServletContextHandler@3d872a12{logs,/logs,file:///home/runner/work/ozone/ozone/mnt/ozone/hadoop-ozone/integration-test/target/log,AVAILABLE}
2021-07-28 21:19:38,893 [Listener at 127.0.0.1/35523] INFO  handler.ContextHandler (ContextHandler.java:doStart(916)) - Started o.e.j.s.ServletContextHandler@e08853d{static,/static,file:///home/runner/work/ozone/ozone/mnt/ozone/hadoop-ozone/integration-test/target/test-classes/webapps/static,AVAILABLE}
2021-07-28 21:19:38,897 [Listener at 127.0.0.1/35523] INFO  handler.ContextHandler (ContextHandler.java:doStart(916)) - Started o.e.j.w.WebAppContext@5331be15{ozoneManager,/,file:///home/runner/work/ozone/ozone/mnt/ozone/hadoop-ozone/integration-test/target/test-classes/webapps/ozoneManager/,AVAILABLE}{file:/home/runner/work/ozone/ozone/mnt/ozone/hadoop-ozone/integration-test/target/test-classes/webapps/ozoneManager}
2021-07-28 21:19:38,898 [Listener at 127.0.0.1/35523] INFO  server.AbstractConnector (AbstractConnector.java:doStart(331)) - Started ServerConnector@4251b1ed{HTTP/1.1, (http/1.1)}{0.0.0.0:34337}
2021-07-28 21:19:38,898 [Listener at 127.0.0.1/35523] INFO  server.Server (Server.java:doStart(415)) - Started @5608ms
2021-07-28 21:19:38,899 [Listener at 127.0.0.1/35523] WARN  impl.MetricsSystemImpl (MetricsSystemImpl.java:register(279)) - Sink prometheus already exists!
2021-07-28 21:19:38,899 [Listener at 127.0.0.1/35523] INFO  http.BaseHttpServer (BaseHttpServer.java:updateConnectorAddress(329)) - HTTP server of ozoneManager listening at http://0.0.0.0:34337
2021-07-28 21:19:38,900 [IPC Server Responder] INFO  ipc.Server (Server.java:run(1507)) - IPC Server Responder: starting
2021-07-28 21:19:38,900 [IPC Server listener on 0] INFO  ipc.Server (Server.java:run(1344)) - IPC Server listener on 0: starting
2021-07-28 21:19:38,906 [Listener at 127.0.0.1/35523] INFO  om.OzoneManager (OzoneManager.java:startTrashEmptier(1500)) - Trash Interval set to 0. Files deleted will not move to trash
2021-07-28 21:19:38,913 [org.apache.hadoop.util.JvmPauseMonitor$Monitor@531245fe] INFO  util.JvmPauseMonitor (JvmPauseMonitor.java:run(188)) - Starting JVM pause monitor
2021-07-28 21:19:39,059 [Listener at 127.0.0.1/35523] WARN  impl.MetricRegistriesImpl (MetricRegistriesImpl.java:addReporterRegistration(111)) - New reporters are added after registries were created. Some metrics will be missing from the reporter. Please add reporter before adding any new registry.
2021-07-28 21:19:39,060 [Listener at 127.0.0.1/35523] WARN  impl.MetricRegistriesImpl (MetricRegistriesImpl.java:addReporterRegistration(111)) - New reporters are added after registries were created. Some metrics will be missing from the reporter. Please add reporter before adding any new registry.
2021-07-28 21:19:39,060 [Listener at 127.0.0.1/35523] INFO  impl.MetricsSystemImpl (MetricsSystemImpl.java:init(158)) - HddsDatanode metrics system started (again)
2021-07-28 21:19:39,077 [Listener at 127.0.0.1/35523] INFO  ozone.HddsDatanodeService (HddsDatanodeService.java:start(234)) - HddsDatanodeService host:fv-az151-48.yf2hydr00wburbhx3j5hxtcipe.bx.internal.cloudapp.net ip:10.1.0.18
2021-07-28 21:19:39,103 [Listener at 127.0.0.1/35523] INFO  upgrade.AbstractLayoutVersionManager (AbstractLayoutVersionManager.java:init(70)) - Initializing Layout version manager with metadata layout = SCM_HA (version = 2), software layout = SCM_HA (version = 2)
2021-07-28 21:19:39,145 [Listener at 127.0.0.1/35523] INFO  reflections.Reflections (Reflections.java:scan(232)) - Reflections took 41 ms to scan 7 urls, producing 120 keys and 273 values 
2021-07-28 21:19:39,196 [Listener at 127.0.0.1/35523] INFO  volume.HddsVolume (HddsVolume.java:<init>(120)) - Creating HddsVolume: /home/runner/work/ozone/ozone/mnt/ozone/hadoop-ozone/integration-test/target/test-dir/MiniOzoneClusterImpl-4602a15a-46b8-476b-8e6e-aec7ac1b4dac/datanode-0/data-0/containers/hdds of storage type : DISK capacity : 9223372036854775807
2021-07-28 21:19:39,198 [Listener at 127.0.0.1/35523] INFO  volume.MutableVolumeSet (MutableVolumeSet.java:initializeVolumeSet(181)) - Added Volume : /home/runner/work/ozone/ozone/mnt/ozone/hadoop-ozone/integration-test/target/test-dir/MiniOzoneClusterImpl-4602a15a-46b8-476b-8e6e-aec7ac1b4dac/datanode-0/data-0/containers/hdds to VolumeSet
2021-07-28 21:19:39,199 [Listener at 127.0.0.1/35523] INFO  volume.ThrottledAsyncChecker (ThrottledAsyncChecker.java:schedule(141)) - Scheduling a check for /home/runner/work/ozone/ozone/mnt/ozone/hadoop-ozone/integration-test/target/test-dir/MiniOzoneClusterImpl-4602a15a-46b8-476b-8e6e-aec7ac1b4dac/datanode-0/data-0/containers/hdds
2021-07-28 21:19:39,222 [Listener at 127.0.0.1/35523] INFO  volume.StorageVolumeChecker (StorageVolumeChecker.java:checkAllVolumes(202)) - Scheduled health check for volume /home/runner/work/ozone/ozone/mnt/ozone/hadoop-ozone/integration-test/target/test-dir/MiniOzoneClusterImpl-4602a15a-46b8-476b-8e6e-aec7ac1b4dac/datanode-0/data-0/containers/hdds
2021-07-28 21:19:39,241 [Listener at 127.0.0.1/35523] INFO  volume.MutableVolumeSet (MutableVolumeSet.java:initializeVolumeSet(181)) - Added Volume : /home/runner/work/ozone/ozone/mnt/ozone/hadoop-ozone/integration-test/target/test-dir/MiniOzoneClusterImpl-4602a15a-46b8-476b-8e6e-aec7ac1b4dac/datanode-0/data/ratis to VolumeSet
2021-07-28 21:19:39,242 [Listener at 127.0.0.1/35523] INFO  volume.ThrottledAsyncChecker (ThrottledAsyncChecker.java:schedule(141)) - Scheduling a check for /home/runner/work/ozone/ozone/mnt/ozone/hadoop-ozone/integration-test/target/test-dir/MiniOzoneClusterImpl-4602a15a-46b8-476b-8e6e-aec7ac1b4dac/datanode-0/data/ratis
2021-07-28 21:19:39,242 [Listener at 127.0.0.1/35523] INFO  volume.StorageVolumeChecker (StorageVolumeChecker.java:checkAllVolumes(202)) - Scheduled health check for volume /home/runner/work/ozone/ozone/mnt/ozone/hadoop-ozone/integration-test/target/test-dir/MiniOzoneClusterImpl-4602a15a-46b8-476b-8e6e-aec7ac1b4dac/datanode-0/data/ratis
2021-07-28 21:19:39,256 [Listener at 127.0.0.1/35523] INFO  ozoneimpl.ContainerReader (ContainerReader.java:<init>(98)) - Running in upgrade mode:true
2021-07-28 21:19:39,257 [Thread-128] INFO  ozoneimpl.ContainerReader (ContainerReader.java:readVolume(142)) - Start to verify containers on volume /home/runner/work/ozone/ozone/mnt/ozone/hadoop-ozone/integration-test/target/test-dir/MiniOzoneClusterImpl-4602a15a-46b8-476b-8e6e-aec7ac1b4dac/datanode-0/data-0/containers/hdds
2021-07-28 21:19:39,257 [Thread-128] INFO  ozoneimpl.ContainerReader (ContainerReader.java:readVolume(174)) - Finish verifying containers on volume /home/runner/work/ozone/ozone/mnt/ozone/hadoop-ozone/integration-test/target/test-dir/MiniOzoneClusterImpl-4602a15a-46b8-476b-8e6e-aec7ac1b4dac/datanode-0/data-0/containers/hdds
2021-07-28 21:19:39,257 [Listener at 127.0.0.1/35523] INFO  ozoneimpl.OzoneContainer (OzoneContainer.java:buildContainerSet(237)) - Build ContainerSet costs 0s
2021-07-28 21:19:39,319 [Listener at 127.0.0.1/35523] INFO  server.RaftServer (ConfUtils.java:logGet(44)) - raft.rpc.type = GRPC (default)
2021-07-28 21:19:39,321 [Listener at 127.0.0.1/35523] INFO  grpc.GrpcFactory (GrpcFactory.java:checkPooledByteBufAllocatorUseCacheForAllThreads(48)) - PERFORMANCE WARNING: useCacheForAllThreads is true that may cause Netty to create a lot garbage objects and, as a result, trigger GC.
	It is recommended to disable useCacheForAllThreads by setting -Dorg.apache.ratis.thirdparty.io.netty.allocator.useCacheForAllThreads=false in command line.
2021-07-28 21:19:39,322 [Listener at 127.0.0.1/35523] INFO  grpc.GrpcConfigKeys (ConfUtils.java:logGet(44)) - raft.grpc.admin.port = 0 (custom)
2021-07-28 21:19:39,322 [Listener at 127.0.0.1/35523] INFO  grpc.GrpcConfigKeys (ConfUtils.java:logGet(44)) - raft.grpc.client.port = 0 (custom)
2021-07-28 21:19:39,322 [Listener at 127.0.0.1/35523] INFO  grpc.GrpcConfigKeys (ConfUtils.java:logGet(44)) - raft.grpc.server.port = 0 (default)
2021-07-28 21:19:39,323 [Listener at 127.0.0.1/35523] INFO  server.GrpcService (ConfUtils.java:logGet(44)) - raft.grpc.message.size.max = 32MB (=33554432) (custom)
2021-07-28 21:19:39,324 [Listener at 127.0.0.1/35523] INFO  server.RaftServerConfigKeys (ConfUtils.java:logGet(44)) - raft.server.log.appender.buffer.byte-limit = 33554432 (custom)
2021-07-28 21:19:39,324 [Listener at 127.0.0.1/35523] INFO  server.GrpcService (ConfUtils.java:logGet(44)) - raft.grpc.flow.control.window = 5MB (=5242880) (custom)
2021-07-28 21:19:39,324 [Listener at 127.0.0.1/35523] INFO  server.RaftServerConfigKeys (ConfUtils.java:logGet(44)) - raft.server.rpc.request.timeout = 60s (custom)
2021-07-28 21:19:39,327 [Listener at 127.0.0.1/35523] INFO  impl.DataStreamServerImpl (ConfUtils.java:logGet(44)) - raft.datastream.type = DISABLED (default)
2021-07-28 21:19:39,327 [Listener at 127.0.0.1/35523] INFO  server.RaftServerConfigKeys (ConfUtils.java:logGet(44)) - raft.server.rpc.slowness.timeout = 300s (custom)
2021-07-28 21:19:39,327 [Listener at 127.0.0.1/35523] INFO  server.RaftServerConfigKeys (ConfUtils.java:logGet(44)) - raft.server.leaderelection.leader.step-down.wait-time = 10s (default)
2021-07-28 21:19:39,328 [Listener at 127.0.0.1/35523] INFO  server.RaftServerConfigKeys (ConfUtils.java:logGet(44)) - raft.server.storage.dir = [/home/runner/work/ozone/ozone/mnt/ozone/hadoop-ozone/integration-test/target/test-dir/MiniOzoneClusterImpl-4602a15a-46b8-476b-8e6e-aec7ac1b4dac/datanode-0/data/ratis] (custom)
2021-07-28 21:19:39,382 [Listener at 127.0.0.1/35523] INFO  http.BaseHttpServer (BaseHttpServer.java:newHttpServer2BuilderForOzone(209)) - Starting Web-server for hddsDatanode at: http://0.0.0.0:0
2021-07-28 21:19:39,383 [Listener at 127.0.0.1/35523] INFO  http.BaseHttpServer (BaseHttpServer.java:<init>(107)) - Hadoop Security Enabled: false Ozone Security Enabled: false Ozone HTTP Security Enabled: false 
2021-07-28 21:19:39,384 [Listener at 127.0.0.1/35523] INFO  server.AuthenticationFilter (AuthenticationFilter.java:constructSecretProvider(240)) - Unable to initialize FileSignerSecretProvider, falling back to use random secrets.
2021-07-28 21:19:39,385 [Listener at 127.0.0.1/35523] WARN  http.HttpRequestLog (HttpRequestLog.java:getRequestLog(103)) - Jetty request log can only be enabled using Log4j
2021-07-28 21:19:39,385 [Listener at 127.0.0.1/35523] INFO  http.HttpServer2 (HttpServer2.java:addGlobalFilter(1020)) - Added global filter 'safety' (class=org.apache.hadoop.hdds.server.http.HttpServer2$QuotingInputFilter)
2021-07-28 21:19:39,386 [Listener at 127.0.0.1/35523] INFO  http.HttpServer2 (HttpServer2.java:addFilter(996)) - Added filter static_user_filter (class=org.apache.hadoop.http.lib.StaticUserWebFilter$StaticUserFilter) to context hddsDatanode
2021-07-28 21:19:39,386 [Listener at 127.0.0.1/35523] INFO  http.HttpServer2 (HttpServer2.java:addFilter(1004)) - Added filter static_user_filter (class=org.apache.hadoop.http.lib.StaticUserWebFilter$StaticUserFilter) to context logs
2021-07-28 21:19:39,386 [Listener at 127.0.0.1/35523] INFO  http.HttpServer2 (HttpServer2.java:addFilter(1004)) - Added filter static_user_filter (class=org.apache.hadoop.http.lib.StaticUserWebFilter$StaticUserFilter) to context static
2021-07-28 21:19:39,387 [Listener at 127.0.0.1/35523] INFO  http.HttpServer2 (HttpServer2.java:bindListener(1239)) - Jetty bound to port 33899
2021-07-28 21:19:39,387 [Listener at 127.0.0.1/35523] INFO  server.Server (Server.java:doStart(375)) - jetty-9.4.35.v20201120; built: 2020-11-20T21:17:03.964Z; git: bdc54f03a5e0a7e280fab27f55c3c75ee8da89fb; jvm 1.8.0_292-b10
2021-07-28 21:19:39,393 [Listener at 127.0.0.1/35523] INFO  server.session (DefaultSessionIdManager.java:doStart(334)) - DefaultSessionIdManager workerName=node0
2021-07-28 21:19:39,393 [Listener at 127.0.0.1/35523] INFO  server.session (DefaultSessionIdManager.java:doStart(339)) - No SessionScavenger set, using defaults
2021-07-28 21:19:39,394 [Listener at 127.0.0.1/35523] INFO  server.session (HouseKeeper.java:startScavenging(132)) - node0 Scavenging every 660000ms
2021-07-28 21:19:39,394 [Listener at 127.0.0.1/35523] INFO  handler.ContextHandler (ContextHandler.java:doStart(916)) - Started o.e.j.s.ServletContextHandler@2de77ecf{logs,/logs,file:///home/runner/work/ozone/ozone/mnt/ozone/hadoop-ozone/integration-test/target/log,AVAILABLE}
2021-07-28 21:19:39,395 [Listener at 127.0.0.1/35523] INFO  handler.ContextHandler (ContextHandler.java:doStart(916)) - Started o.e.j.s.ServletContextHandler@27688fc6{static,/static,jar:file:/home/runner/.m2/repository/org/apache/ozone/hdds-container-service/1.2.0-SNAPSHOT/hdds-container-service-1.2.0-SNAPSHOT.jar!/webapps/static,AVAILABLE}
2021-07-28 21:19:39,453 [Listener at 127.0.0.1/35523] INFO  handler.ContextHandler (ContextHandler.java:doStart(916)) - Started o.e.j.w.WebAppContext@785d194d{hddsDatanode,/,file:///tmp/jetty-0_0_0_0-33899-hdds-container-service-1_2_0-SNAPSHOT_jar-_-any-6369501558033574217/webapp/,AVAILABLE}{jar:file:/home/runner/.m2/repository/org/apache/ozone/hdds-container-service/1.2.0-SNAPSHOT/hdds-container-service-1.2.0-SNAPSHOT.jar!/webapps/hddsDatanode}
2021-07-28 21:19:39,456 [Listener at 127.0.0.1/35523] INFO  server.AbstractConnector (AbstractConnector.java:doStart(331)) - Started ServerConnector@6587f977{HTTP/1.1, (http/1.1)}{0.0.0.0:33899}
2021-07-28 21:19:39,456 [Listener at 127.0.0.1/35523] INFO  server.Server (Server.java:doStart(415)) - Started @6165ms
2021-07-28 21:19:39,456 [Listener at 127.0.0.1/35523] WARN  impl.MetricsSystemImpl (MetricsSystemImpl.java:register(279)) - Sink prometheus already exists!
2021-07-28 21:19:39,457 [Listener at 127.0.0.1/35523] INFO  http.BaseHttpServer (BaseHttpServer.java:updateConnectorAddress(329)) - HTTP server of hddsDatanode listening at http://0.0.0.0:33899
2021-07-28 21:19:39,459 [Listener at 127.0.0.1/35523] WARN  impl.MetricRegistriesImpl (MetricRegistriesImpl.java:addReporterRegistration(111)) - New reporters are added after registries were created. Some metrics will be missing from the reporter. Please add reporter before adding any new registry.
2021-07-28 21:19:39,459 [Listener at 127.0.0.1/35523] WARN  impl.MetricRegistriesImpl (MetricRegistriesImpl.java:addReporterRegistration(111)) - New reporters are added after registries were created. Some metrics will be missing from the reporter. Please add reporter before adding any new registry.
2021-07-28 21:19:39,459 [Listener at 127.0.0.1/35523] INFO  impl.MetricsSystemImpl (MetricsSystemImpl.java:init(158)) - HddsDatanode metrics system started (again)
2021-07-28 21:19:39,478 [Listener at 127.0.0.1/35523] INFO  ozone.HddsDatanodeService (HddsDatanodeService.java:start(234)) - HddsDatanodeService host:fv-az151-48.yf2hydr00wburbhx3j5hxtcipe.bx.internal.cloudapp.net ip:10.1.0.18
2021-07-28 21:19:39,488 [org.apache.hadoop.util.JvmPauseMonitor$Monitor@786bc3ab] INFO  util.JvmPauseMonitor (JvmPauseMonitor.java:run(188)) - Starting JVM pause monitor
2021-07-28 21:19:39,501 [Listener at 127.0.0.1/35523] INFO  upgrade.AbstractLayoutVersionManager (AbstractLayoutVersionManager.java:init(70)) - Initializing Layout version manager with metadata layout = SCM_HA (version = 2), software layout = SCM_HA (version = 2)
2021-07-28 21:19:39,589 [Listener at 127.0.0.1/35523] INFO  reflections.Reflections (Reflections.java:scan(232)) - Reflections took 86 ms to scan 7 urls, producing 120 keys and 273 values 
2021-07-28 21:19:39,609 [Listener at 127.0.0.1/35523] INFO  volume.HddsVolume (HddsVolume.java:<init>(120)) - Creating HddsVolume: /home/runner/work/ozone/ozone/mnt/ozone/hadoop-ozone/integration-test/target/test-dir/MiniOzoneClusterImpl-4602a15a-46b8-476b-8e6e-aec7ac1b4dac/datanode-1/data-0/containers/hdds of storage type : DISK capacity : 9223372036854775807
2021-07-28 21:19:39,610 [Listener at 127.0.0.1/35523] INFO  volume.MutableVolumeSet (MutableVolumeSet.java:initializeVolumeSet(181)) - Added Volume : /home/runner/work/ozone/ozone/mnt/ozone/hadoop-ozone/integration-test/target/test-dir/MiniOzoneClusterImpl-4602a15a-46b8-476b-8e6e-aec7ac1b4dac/datanode-1/data-0/containers/hdds to VolumeSet
2021-07-28 21:19:39,610 [Listener at 127.0.0.1/35523] INFO  volume.ThrottledAsyncChecker (ThrottledAsyncChecker.java:schedule(141)) - Scheduling a check for /home/runner/work/ozone/ozone/mnt/ozone/hadoop-ozone/integration-test/target/test-dir/MiniOzoneClusterImpl-4602a15a-46b8-476b-8e6e-aec7ac1b4dac/datanode-1/data-0/containers/hdds
2021-07-28 21:19:39,620 [Datanode State Machine Task Thread - 0] INFO  datanode.InitDatanodeState (InitDatanodeState.java:persistContainerDatanodeDetails(145)) - DatanodeDetails is persisted to /home/runner/work/ozone/ozone/mnt/ozone/hadoop-ozone/integration-test/target/test-dir/MiniOzoneClusterImpl-4602a15a-46b8-476b-8e6e-aec7ac1b4dac/datanode-0/meta/datanode.id
2021-07-28 21:19:39,624 [Listener at 127.0.0.1/35523] INFO  volume.StorageVolumeChecker (StorageVolumeChecker.java:checkAllVolumes(202)) - Scheduled health check for volume /home/runner/work/ozone/ozone/mnt/ozone/hadoop-ozone/integration-test/target/test-dir/MiniOzoneClusterImpl-4602a15a-46b8-476b-8e6e-aec7ac1b4dac/datanode-1/data-0/containers/hdds
2021-07-28 21:19:39,639 [Listener at 127.0.0.1/35523] INFO  volume.MutableVolumeSet (MutableVolumeSet.java:initializeVolumeSet(181)) - Added Volume : /home/runner/work/ozone/ozone/mnt/ozone/hadoop-ozone/integration-test/target/test-dir/MiniOzoneClusterImpl-4602a15a-46b8-476b-8e6e-aec7ac1b4dac/datanode-1/data/ratis to VolumeSet
2021-07-28 21:19:39,639 [Listener at 127.0.0.1/35523] INFO  volume.ThrottledAsyncChecker (ThrottledAsyncChecker.java:schedule(141)) - Scheduling a check for /home/runner/work/ozone/ozone/mnt/ozone/hadoop-ozone/integration-test/target/test-dir/MiniOzoneClusterImpl-4602a15a-46b8-476b-8e6e-aec7ac1b4dac/datanode-1/data/ratis
2021-07-28 21:19:39,639 [Listener at 127.0.0.1/35523] INFO  volume.StorageVolumeChecker (StorageVolumeChecker.java:checkAllVolumes(202)) - Scheduled health check for volume /home/runner/work/ozone/ozone/mnt/ozone/hadoop-ozone/integration-test/target/test-dir/MiniOzoneClusterImpl-4602a15a-46b8-476b-8e6e-aec7ac1b4dac/datanode-1/data/ratis
2021-07-28 21:19:39,654 [Listener at 127.0.0.1/35523] INFO  ozoneimpl.ContainerReader (ContainerReader.java:<init>(98)) - Running in upgrade mode:true
2021-07-28 21:19:39,659 [Thread-139] INFO  ozoneimpl.ContainerReader (ContainerReader.java:readVolume(142)) - Start to verify containers on volume /home/runner/work/ozone/ozone/mnt/ozone/hadoop-ozone/integration-test/target/test-dir/MiniOzoneClusterImpl-4602a15a-46b8-476b-8e6e-aec7ac1b4dac/datanode-1/data-0/containers/hdds
2021-07-28 21:19:39,659 [Thread-139] INFO  ozoneimpl.ContainerReader (ContainerReader.java:readVolume(174)) - Finish verifying containers on volume /home/runner/work/ozone/ozone/mnt/ozone/hadoop-ozone/integration-test/target/test-dir/MiniOzoneClusterImpl-4602a15a-46b8-476b-8e6e-aec7ac1b4dac/datanode-1/data-0/containers/hdds
2021-07-28 21:19:39,659 [Listener at 127.0.0.1/35523] INFO  ozoneimpl.OzoneContainer (OzoneContainer.java:buildContainerSet(237)) - Build ContainerSet costs 0s
2021-07-28 21:19:39,662 [Listener at 127.0.0.1/35523] INFO  server.RaftServer (ConfUtils.java:logGet(44)) - raft.rpc.type = GRPC (default)
2021-07-28 21:19:39,662 [Listener at 127.0.0.1/35523] INFO  grpc.GrpcFactory (GrpcFactory.java:checkPooledByteBufAllocatorUseCacheForAllThreads(48)) - PERFORMANCE WARNING: useCacheForAllThreads is true that may cause Netty to create a lot garbage objects and, as a result, trigger GC.
	It is recommended to disable useCacheForAllThreads by setting -Dorg.apache.ratis.thirdparty.io.netty.allocator.useCacheForAllThreads=false in command line.
2021-07-28 21:19:39,662 [Listener at 127.0.0.1/35523] INFO  grpc.GrpcConfigKeys (ConfUtils.java:logGet(44)) - raft.grpc.admin.port = 0 (custom)
2021-07-28 21:19:39,662 [Listener at 127.0.0.1/35523] INFO  grpc.GrpcConfigKeys (ConfUtils.java:logGet(44)) - raft.grpc.client.port = 0 (custom)
2021-07-28 21:19:39,663 [Listener at 127.0.0.1/35523] INFO  grpc.GrpcConfigKeys (ConfUtils.java:logGet(44)) - raft.grpc.server.port = 0 (default)
2021-07-28 21:19:39,663 [Listener at 127.0.0.1/35523] INFO  server.GrpcService (ConfUtils.java:logGet(44)) - raft.grpc.message.size.max = 32MB (=33554432) (custom)
2021-07-28 21:19:39,663 [Listener at 127.0.0.1/35523] INFO  server.RaftServerConfigKeys (ConfUtils.java:logGet(44)) - raft.server.log.appender.buffer.byte-limit = 33554432 (custom)
2021-07-28 21:19:39,663 [Listener at 127.0.0.1/35523] INFO  server.GrpcService (ConfUtils.java:logGet(44)) - raft.grpc.flow.control.window = 5MB (=5242880) (custom)
2021-07-28 21:19:39,663 [Listener at 127.0.0.1/35523] INFO  server.RaftServerConfigKeys (ConfUtils.java:logGet(44)) - raft.server.rpc.request.timeout = 60s (custom)
2021-07-28 21:19:39,664 [Listener at 127.0.0.1/35523] INFO  impl.DataStreamServerImpl (ConfUtils.java:logGet(44)) - raft.datastream.type = DISABLED (default)
2021-07-28 21:19:39,665 [Listener at 127.0.0.1/35523] INFO  server.RaftServerConfigKeys (ConfUtils.java:logGet(44)) - raft.server.rpc.slowness.timeout = 300s (custom)
2021-07-28 21:19:39,665 [Listener at 127.0.0.1/35523] INFO  server.RaftServerConfigKeys (ConfUtils.java:logGet(44)) - raft.server.leaderelection.leader.step-down.wait-time = 10s (default)
2021-07-28 21:19:39,665 [Listener at 127.0.0.1/35523] INFO  server.RaftServerConfigKeys (ConfUtils.java:logGet(44)) - raft.server.storage.dir = [/home/runner/work/ozone/ozone/mnt/ozone/hadoop-ozone/integration-test/target/test-dir/MiniOzoneClusterImpl-4602a15a-46b8-476b-8e6e-aec7ac1b4dac/datanode-1/data/ratis] (custom)
2021-07-28 21:19:39,668 [Listener at 127.0.0.1/35523] INFO  http.BaseHttpServer (BaseHttpServer.java:newHttpServer2BuilderForOzone(209)) - Starting Web-server for hddsDatanode at: http://0.0.0.0:0
2021-07-28 21:19:39,668 [Listener at 127.0.0.1/35523] INFO  http.BaseHttpServer (BaseHttpServer.java:<init>(107)) - Hadoop Security Enabled: false Ozone Security Enabled: false Ozone HTTP Security Enabled: false 
2021-07-28 21:19:39,669 [Listener at 127.0.0.1/35523] INFO  server.AuthenticationFilter (AuthenticationFilter.java:constructSecretProvider(240)) - Unable to initialize FileSignerSecretProvider, falling back to use random secrets.
2021-07-28 21:19:39,670 [Listener at 127.0.0.1/35523] WARN  http.HttpRequestLog (HttpRequestLog.java:getRequestLog(103)) - Jetty request log can only be enabled using Log4j
2021-07-28 21:19:39,670 [Listener at 127.0.0.1/35523] INFO  http.HttpServer2 (HttpServer2.java:addGlobalFilter(1020)) - Added global filter 'safety' (class=org.apache.hadoop.hdds.server.http.HttpServer2$QuotingInputFilter)
2021-07-28 21:19:39,671 [Listener at 127.0.0.1/35523] INFO  http.HttpServer2 (HttpServer2.java:addFilter(996)) - Added filter static_user_filter (class=org.apache.hadoop.http.lib.StaticUserWebFilter$StaticUserFilter) to context hddsDatanode
2021-07-28 21:19:39,671 [Listener at 127.0.0.1/35523] INFO  http.HttpServer2 (HttpServer2.java:addFilter(1004)) - Added filter static_user_filter (class=org.apache.hadoop.http.lib.StaticUserWebFilter$StaticUserFilter) to context logs
2021-07-28 21:19:39,671 [Listener at 127.0.0.1/35523] INFO  http.HttpServer2 (HttpServer2.java:addFilter(1004)) - Added filter static_user_filter (class=org.apache.hadoop.http.lib.StaticUserWebFilter$StaticUserFilter) to context static
2021-07-28 21:19:39,672 [Listener at 127.0.0.1/35523] INFO  http.HttpServer2 (HttpServer2.java:bindListener(1239)) - Jetty bound to port 43115
2021-07-28 21:19:39,672 [Listener at 127.0.0.1/35523] INFO  server.Server (Server.java:doStart(375)) - jetty-9.4.35.v20201120; built: 2020-11-20T21:17:03.964Z; git: bdc54f03a5e0a7e280fab27f55c3c75ee8da89fb; jvm 1.8.0_292-b10
2021-07-28 21:19:39,673 [Listener at 127.0.0.1/35523] INFO  server.session (DefaultSessionIdManager.java:doStart(334)) - DefaultSessionIdManager workerName=node0
2021-07-28 21:19:39,674 [Listener at 127.0.0.1/35523] INFO  server.session (DefaultSessionIdManager.java:doStart(339)) - No SessionScavenger set, using defaults
2021-07-28 21:19:39,674 [Listener at 127.0.0.1/35523] INFO  server.session (HouseKeeper.java:startScavenging(132)) - node0 Scavenging every 660000ms
2021-07-28 21:19:39,675 [Listener at 127.0.0.1/35523] INFO  handler.ContextHandler (ContextHandler.java:doStart(916)) - Started o.e.j.s.ServletContextHandler@6b4848d9{logs,/logs,file:///home/runner/work/ozone/ozone/mnt/ozone/hadoop-ozone/integration-test/target/log,AVAILABLE}
2021-07-28 21:19:39,675 [Listener at 127.0.0.1/35523] INFO  handler.ContextHandler (ContextHandler.java:doStart(916)) - Started o.e.j.s.ServletContextHandler@551be7b1{static,/static,jar:file:/home/runner/.m2/repository/org/apache/ozone/hdds-container-service/1.2.0-SNAPSHOT/hdds-container-service-1.2.0-SNAPSHOT.jar!/webapps/static,AVAILABLE}
2021-07-28 21:19:39,721 [Listener at 127.0.0.1/35523] INFO  handler.ContextHandler (ContextHandler.java:doStart(916)) - Started o.e.j.w.WebAppContext@3ac3cae8{hddsDatanode,/,file:///tmp/jetty-0_0_0_0-43115-hdds-container-service-1_2_0-SNAPSHOT_jar-_-any-7812958080407202385/webapp/,AVAILABLE}{jar:file:/home/runner/.m2/repository/org/apache/ozone/hdds-container-service/1.2.0-SNAPSHOT/hdds-container-service-1.2.0-SNAPSHOT.jar!/webapps/hddsDatanode}
2021-07-28 21:19:39,723 [Listener at 127.0.0.1/35523] INFO  server.AbstractConnector (AbstractConnector.java:doStart(331)) - Started ServerConnector@62b7a9e8{HTTP/1.1, (http/1.1)}{0.0.0.0:43115}
2021-07-28 21:19:39,723 [Listener at 127.0.0.1/35523] INFO  server.Server (Server.java:doStart(415)) - Started @6433ms
2021-07-28 21:19:39,724 [Listener at 127.0.0.1/35523] WARN  impl.MetricsSystemImpl (MetricsSystemImpl.java:register(279)) - Sink prometheus already exists!
2021-07-28 21:19:39,724 [Listener at 127.0.0.1/35523] INFO  http.BaseHttpServer (BaseHttpServer.java:updateConnectorAddress(329)) - HTTP server of hddsDatanode listening at http://0.0.0.0:43115
2021-07-28 21:19:39,725 [Listener at 127.0.0.1/35523] WARN  impl.MetricRegistriesImpl (MetricRegistriesImpl.java:addReporterRegistration(111)) - New reporters are added after registries were created. Some metrics will be missing from the reporter. Please add reporter before adding any new registry.
2021-07-28 21:19:39,725 [Listener at 127.0.0.1/35523] WARN  impl.MetricRegistriesImpl (MetricRegistriesImpl.java:addReporterRegistration(111)) - New reporters are added after registries were created. Some metrics will be missing from the reporter. Please add reporter before adding any new registry.
2021-07-28 21:19:39,729 [Listener at 127.0.0.1/35523] INFO  impl.MetricsSystemImpl (MetricsSystemImpl.java:init(158)) - HddsDatanode metrics system started (again)
2021-07-28 21:19:39,747 [Listener at 127.0.0.1/35523] INFO  ozone.HddsDatanodeService (HddsDatanodeService.java:start(234)) - HddsDatanodeService host:fv-az151-48.yf2hydr00wburbhx3j5hxtcipe.bx.internal.cloudapp.net ip:10.1.0.18
2021-07-28 21:19:39,761 [org.apache.hadoop.util.JvmPauseMonitor$Monitor@30b50c2b] INFO  util.JvmPauseMonitor (JvmPauseMonitor.java:run(188)) - Starting JVM pause monitor
2021-07-28 21:19:39,772 [Listener at 127.0.0.1/35523] INFO  upgrade.AbstractLayoutVersionManager (AbstractLayoutVersionManager.java:init(70)) - Initializing Layout version manager with metadata layout = SCM_HA (version = 2), software layout = SCM_HA (version = 2)
2021-07-28 21:19:39,780 [Datanode State Machine Task Thread - 0] INFO  datanode.InitDatanodeState (InitDatanodeState.java:persistContainerDatanodeDetails(145)) - DatanodeDetails is persisted to /home/runner/work/ozone/ozone/mnt/ozone/hadoop-ozone/integration-test/target/test-dir/MiniOzoneClusterImpl-4602a15a-46b8-476b-8e6e-aec7ac1b4dac/datanode-1/meta/datanode.id
2021-07-28 21:19:39,824 [Listener at 127.0.0.1/35523] INFO  reflections.Reflections (Reflections.java:scan(232)) - Reflections took 51 ms to scan 7 urls, producing 120 keys and 273 values 
2021-07-28 21:19:39,827 [Listener at 127.0.0.1/35523] INFO  volume.HddsVolume (HddsVolume.java:<init>(120)) - Creating HddsVolume: /home/runner/work/ozone/ozone/mnt/ozone/hadoop-ozone/integration-test/target/test-dir/MiniOzoneClusterImpl-4602a15a-46b8-476b-8e6e-aec7ac1b4dac/datanode-2/data-0/containers/hdds of storage type : DISK capacity : 9223372036854775807
2021-07-28 21:19:39,827 [Listener at 127.0.0.1/35523] INFO  volume.MutableVolumeSet (MutableVolumeSet.java:initializeVolumeSet(181)) - Added Volume : /home/runner/work/ozone/ozone/mnt/ozone/hadoop-ozone/integration-test/target/test-dir/MiniOzoneClusterImpl-4602a15a-46b8-476b-8e6e-aec7ac1b4dac/datanode-2/data-0/containers/hdds to VolumeSet
2021-07-28 21:19:39,828 [Listener at 127.0.0.1/35523] INFO  volume.ThrottledAsyncChecker (ThrottledAsyncChecker.java:schedule(141)) - Scheduling a check for /home/runner/work/ozone/ozone/mnt/ozone/hadoop-ozone/integration-test/target/test-dir/MiniOzoneClusterImpl-4602a15a-46b8-476b-8e6e-aec7ac1b4dac/datanode-2/data-0/containers/hdds
2021-07-28 21:19:39,829 [Listener at 127.0.0.1/35523] INFO  volume.StorageVolumeChecker (StorageVolumeChecker.java:checkAllVolumes(202)) - Scheduled health check for volume /home/runner/work/ozone/ozone/mnt/ozone/hadoop-ozone/integration-test/target/test-dir/MiniOzoneClusterImpl-4602a15a-46b8-476b-8e6e-aec7ac1b4dac/datanode-2/data-0/containers/hdds
2021-07-28 21:19:39,843 [Listener at 127.0.0.1/35523] INFO  volume.MutableVolumeSet (MutableVolumeSet.java:initializeVolumeSet(181)) - Added Volume : /home/runner/work/ozone/ozone/mnt/ozone/hadoop-ozone/integration-test/target/test-dir/MiniOzoneClusterImpl-4602a15a-46b8-476b-8e6e-aec7ac1b4dac/datanode-2/data/ratis to VolumeSet
2021-07-28 21:19:39,843 [Listener at 127.0.0.1/35523] INFO  volume.ThrottledAsyncChecker (ThrottledAsyncChecker.java:schedule(141)) - Scheduling a check for /home/runner/work/ozone/ozone/mnt/ozone/hadoop-ozone/integration-test/target/test-dir/MiniOzoneClusterImpl-4602a15a-46b8-476b-8e6e-aec7ac1b4dac/datanode-2/data/ratis
2021-07-28 21:19:39,844 [Listener at 127.0.0.1/35523] INFO  volume.StorageVolumeChecker (StorageVolumeChecker.java:checkAllVolumes(202)) - Scheduled health check for volume /home/runner/work/ozone/ozone/mnt/ozone/hadoop-ozone/integration-test/target/test-dir/MiniOzoneClusterImpl-4602a15a-46b8-476b-8e6e-aec7ac1b4dac/datanode-2/data/ratis
2021-07-28 21:19:39,856 [Listener at 127.0.0.1/35523] INFO  ozoneimpl.ContainerReader (ContainerReader.java:<init>(98)) - Running in upgrade mode:true
2021-07-28 21:19:39,860 [Thread-150] INFO  ozoneimpl.ContainerReader (ContainerReader.java:readVolume(142)) - Start to verify containers on volume /home/runner/work/ozone/ozone/mnt/ozone/hadoop-ozone/integration-test/target/test-dir/MiniOzoneClusterImpl-4602a15a-46b8-476b-8e6e-aec7ac1b4dac/datanode-2/data-0/containers/hdds
2021-07-28 21:19:39,860 [Thread-150] INFO  ozoneimpl.ContainerReader (ContainerReader.java:readVolume(174)) - Finish verifying containers on volume /home/runner/work/ozone/ozone/mnt/ozone/hadoop-ozone/integration-test/target/test-dir/MiniOzoneClusterImpl-4602a15a-46b8-476b-8e6e-aec7ac1b4dac/datanode-2/data-0/containers/hdds
2021-07-28 21:19:39,861 [Listener at 127.0.0.1/35523] INFO  ozoneimpl.OzoneContainer (OzoneContainer.java:buildContainerSet(237)) - Build ContainerSet costs 0s
2021-07-28 21:19:39,863 [Listener at 127.0.0.1/35523] INFO  server.RaftServer (ConfUtils.java:logGet(44)) - raft.rpc.type = GRPC (default)
2021-07-28 21:19:39,863 [Listener at 127.0.0.1/35523] INFO  grpc.GrpcFactory (GrpcFactory.java:checkPooledByteBufAllocatorUseCacheForAllThreads(48)) - PERFORMANCE WARNING: useCacheForAllThreads is true that may cause Netty to create a lot garbage objects and, as a result, trigger GC.
	It is recommended to disable useCacheForAllThreads by setting -Dorg.apache.ratis.thirdparty.io.netty.allocator.useCacheForAllThreads=false in command line.
2021-07-28 21:19:39,864 [Listener at 127.0.0.1/35523] INFO  grpc.GrpcConfigKeys (ConfUtils.java:logGet(44)) - raft.grpc.admin.port = 0 (custom)
2021-07-28 21:19:39,864 [Listener at 127.0.0.1/35523] INFO  grpc.GrpcConfigKeys (ConfUtils.java:logGet(44)) - raft.grpc.client.port = 0 (custom)
2021-07-28 21:19:39,864 [Listener at 127.0.0.1/35523] INFO  grpc.GrpcConfigKeys (ConfUtils.java:logGet(44)) - raft.grpc.server.port = 0 (default)
2021-07-28 21:19:39,864 [Listener at 127.0.0.1/35523] INFO  server.GrpcService (ConfUtils.java:logGet(44)) - raft.grpc.message.size.max = 32MB (=33554432) (custom)
2021-07-28 21:19:39,864 [Listener at 127.0.0.1/35523] INFO  server.RaftServerConfigKeys (ConfUtils.java:logGet(44)) - raft.server.log.appender.buffer.byte-limit = 33554432 (custom)
2021-07-28 21:19:39,864 [Listener at 127.0.0.1/35523] INFO  server.GrpcService (ConfUtils.java:logGet(44)) - raft.grpc.flow.control.window = 5MB (=5242880) (custom)
2021-07-28 21:19:39,865 [Listener at 127.0.0.1/35523] INFO  server.RaftServerConfigKeys (ConfUtils.java:logGet(44)) - raft.server.rpc.request.timeout = 60s (custom)
2021-07-28 21:19:39,866 [Listener at 127.0.0.1/35523] INFO  impl.DataStreamServerImpl (ConfUtils.java:logGet(44)) - raft.datastream.type = DISABLED (default)
2021-07-28 21:19:39,866 [Listener at 127.0.0.1/35523] INFO  server.RaftServerConfigKeys (ConfUtils.java:logGet(44)) - raft.server.rpc.slowness.timeout = 300s (custom)
2021-07-28 21:19:39,866 [Listener at 127.0.0.1/35523] INFO  server.RaftServerConfigKeys (ConfUtils.java:logGet(44)) - raft.server.leaderelection.leader.step-down.wait-time = 10s (default)
2021-07-28 21:19:39,866 [Listener at 127.0.0.1/35523] INFO  server.RaftServerConfigKeys (ConfUtils.java:logGet(44)) - raft.server.storage.dir = [/home/runner/work/ozone/ozone/mnt/ozone/hadoop-ozone/integration-test/target/test-dir/MiniOzoneClusterImpl-4602a15a-46b8-476b-8e6e-aec7ac1b4dac/datanode-2/data/ratis] (custom)
2021-07-28 21:19:39,870 [Listener at 127.0.0.1/35523] INFO  http.BaseHttpServer (BaseHttpServer.java:newHttpServer2BuilderForOzone(209)) - Starting Web-server for hddsDatanode at: http://0.0.0.0:0
2021-07-28 21:19:39,870 [Listener at 127.0.0.1/35523] INFO  http.BaseHttpServer (BaseHttpServer.java:<init>(107)) - Hadoop Security Enabled: false Ozone Security Enabled: false Ozone HTTP Security Enabled: false 
2021-07-28 21:19:39,871 [Listener at 127.0.0.1/35523] INFO  server.AuthenticationFilter (AuthenticationFilter.java:constructSecretProvider(240)) - Unable to initialize FileSignerSecretProvider, falling back to use random secrets.
2021-07-28 21:19:39,872 [Listener at 127.0.0.1/35523] WARN  http.HttpRequestLog (HttpRequestLog.java:getRequestLog(103)) - Jetty request log can only be enabled using Log4j
2021-07-28 21:19:39,873 [Listener at 127.0.0.1/35523] INFO  http.HttpServer2 (HttpServer2.java:addGlobalFilter(1020)) - Added global filter 'safety' (class=org.apache.hadoop.hdds.server.http.HttpServer2$QuotingInputFilter)
2021-07-28 21:19:39,874 [Listener at 127.0.0.1/35523] INFO  http.HttpServer2 (HttpServer2.java:addFilter(996)) - Added filter static_user_filter (class=org.apache.hadoop.http.lib.StaticUserWebFilter$StaticUserFilter) to context hddsDatanode
2021-07-28 21:19:39,874 [Listener at 127.0.0.1/35523] INFO  http.HttpServer2 (HttpServer2.java:addFilter(1004)) - Added filter static_user_filter (class=org.apache.hadoop.http.lib.StaticUserWebFilter$StaticUserFilter) to context logs
2021-07-28 21:19:39,874 [Listener at 127.0.0.1/35523] INFO  http.HttpServer2 (HttpServer2.java:addFilter(1004)) - Added filter static_user_filter (class=org.apache.hadoop.http.lib.StaticUserWebFilter$StaticUserFilter) to context static
2021-07-28 21:19:39,875 [Listener at 127.0.0.1/35523] INFO  http.HttpServer2 (HttpServer2.java:bindListener(1239)) - Jetty bound to port 42595
2021-07-28 21:19:39,875 [Listener at 127.0.0.1/35523] INFO  server.Server (Server.java:doStart(375)) - jetty-9.4.35.v20201120; built: 2020-11-20T21:17:03.964Z; git: bdc54f03a5e0a7e280fab27f55c3c75ee8da89fb; jvm 1.8.0_292-b10
2021-07-28 21:19:39,882 [Listener at 127.0.0.1/35523] INFO  server.session (DefaultSessionIdManager.java:doStart(334)) - DefaultSessionIdManager workerName=node0
2021-07-28 21:19:39,882 [Listener at 127.0.0.1/35523] INFO  server.session (DefaultSessionIdManager.java:doStart(339)) - No SessionScavenger set, using defaults
2021-07-28 21:19:39,882 [Listener at 127.0.0.1/35523] INFO  server.session (HouseKeeper.java:startScavenging(132)) - node0 Scavenging every 660000ms
2021-07-28 21:19:39,885 [Listener at 127.0.0.1/35523] INFO  handler.ContextHandler (ContextHandler.java:doStart(916)) - Started o.e.j.s.ServletContextHandler@4ac73165{logs,/logs,file:///home/runner/work/ozone/ozone/mnt/ozone/hadoop-ozone/integration-test/target/log,AVAILABLE}
2021-07-28 21:19:39,885 [Listener at 127.0.0.1/35523] INFO  handler.ContextHandler (ContextHandler.java:doStart(916)) - Started o.e.j.s.ServletContextHandler@756d28cb{static,/static,jar:file:/home/runner/.m2/repository/org/apache/ozone/hdds-container-service/1.2.0-SNAPSHOT/hdds-container-service-1.2.0-SNAPSHOT.jar!/webapps/static,AVAILABLE}
2021-07-28 21:19:39,926 [Listener at 127.0.0.1/35523] INFO  handler.ContextHandler (ContextHandler.java:doStart(916)) - Started o.e.j.w.WebAppContext@2331ac37{hddsDatanode,/,file:///tmp/jetty-0_0_0_0-42595-hdds-container-service-1_2_0-SNAPSHOT_jar-_-any-4873755649742324914/webapp/,AVAILABLE}{jar:file:/home/runner/.m2/repository/org/apache/ozone/hdds-container-service/1.2.0-SNAPSHOT/hdds-container-service-1.2.0-SNAPSHOT.jar!/webapps/hddsDatanode}
2021-07-28 21:19:39,931 [Listener at 127.0.0.1/35523] INFO  server.AbstractConnector (AbstractConnector.java:doStart(331)) - Started ServerConnector@a56277b{HTTP/1.1, (http/1.1)}{0.0.0.0:42595}
2021-07-28 21:19:39,931 [Listener at 127.0.0.1/35523] INFO  server.Server (Server.java:doStart(415)) - Started @6641ms
2021-07-28 21:19:39,931 [Listener at 127.0.0.1/35523] WARN  impl.MetricsSystemImpl (MetricsSystemImpl.java:register(279)) - Sink prometheus already exists!
2021-07-28 21:19:39,932 [Listener at 127.0.0.1/35523] INFO  http.BaseHttpServer (BaseHttpServer.java:updateConnectorAddress(329)) - HTTP server of hddsDatanode listening at http://0.0.0.0:42595
2021-07-28 21:19:39,934 [Listener at 127.0.0.1/35523] INFO  ozone.MiniOzoneClusterImpl (MiniOzoneClusterImpl.java:lambda$waitForClusterToBeReady$0(235)) - Waiting for nodes to be ready. Got 0 of 3 DN Heartbeats.
2021-07-28 21:19:39,934 [Listener at 127.0.0.1/35523] INFO  ozone.MiniOzoneClusterImpl (MiniOzoneClusterImpl.java:lambda$waitForClusterToBeReady$0(238)) - Waiting for cluster to exit safe mode
2021-07-28 21:19:39,934 [Listener at 127.0.0.1/35523] INFO  ozone.MiniOzoneClusterImpl (MiniOzoneClusterImpl.java:lambda$waitForClusterToBeReady$0(240)) - SCM became leader
2021-07-28 21:19:39,942 [om1@group-C5BA1605619E-FollowerState] INFO  impl.FollowerState (FollowerState.java:run(134)) - om1@group-C5BA1605619E-FollowerState: change to CANDIDATE, lastRpcElapsedTime:1132258206ns, electionTimeout:1130ms
2021-07-28 21:19:39,943 [om1@group-C5BA1605619E-FollowerState] INFO  impl.RoleInfo (RoleInfo.java:shutdownFollowerState(108)) - om1: shutdown om1@group-C5BA1605619E-FollowerState
2021-07-28 21:19:39,953 [om1@group-C5BA1605619E-FollowerState] INFO  server.RaftServer$Division (RaftServerImpl.java:setRole(285)) - om1@group-C5BA1605619E: changes role from  FOLLOWER to CANDIDATE at term 0 for changeToCandidate
2021-07-28 21:19:39,956 [om1@group-C5BA1605619E-FollowerState] INFO  server.RaftServerConfigKeys (ConfUtils.java:logGet(44)) - raft.server.leaderelection.pre-vote = false (custom)
2021-07-28 21:19:39,956 [om1@group-C5BA1605619E-FollowerState] INFO  impl.RoleInfo (RoleInfo.java:updateAndGet(130)) - om1: start om1@group-C5BA1605619E-LeaderElection1
2021-07-28 21:19:39,956 [org.apache.hadoop.util.JvmPauseMonitor$Monitor@6647e806] INFO  util.JvmPauseMonitor (JvmPauseMonitor.java:run(188)) - Starting JVM pause monitor
2021-07-28 21:19:39,958 [Datanode State Machine Task Thread - 0] INFO  datanode.InitDatanodeState (InitDatanodeState.java:persistContainerDatanodeDetails(145)) - DatanodeDetails is persisted to /home/runner/work/ozone/ozone/mnt/ozone/hadoop-ozone/integration-test/target/test-dir/MiniOzoneClusterImpl-4602a15a-46b8-476b-8e6e-aec7ac1b4dac/datanode-2/meta/datanode.id
2021-07-28 21:19:39,966 [om1@group-C5BA1605619E-LeaderElection1] INFO  impl.LeaderElection (LeaderElection.java:askForVotes(306)) - om1@group-C5BA1605619E-LeaderElection1 ELECTION round 0: submit vote requests at term 1 for -1: [om1|rpc:localhost:9872|priority:0], old=null
2021-07-28 21:19:39,967 [om1@group-C5BA1605619E-LeaderElection1] INFO  impl.LeaderElection (LeaderElection.java:askForVotes(308)) - om1@group-C5BA1605619E-LeaderElection1 ELECTION round 0: result PASSED (term=1)
2021-07-28 21:19:39,967 [om1@group-C5BA1605619E-LeaderElection1] INFO  impl.RoleInfo (RoleInfo.java:shutdownLeaderElection(121)) - om1: shutdown om1@group-C5BA1605619E-LeaderElection1
2021-07-28 21:19:39,968 [om1@group-C5BA1605619E-LeaderElection1] INFO  server.RaftServer$Division (RaftServerImpl.java:setRole(285)) - om1@group-C5BA1605619E: changes role from CANDIDATE to LEADER at term 1 for changeToLeader
2021-07-28 21:19:39,968 [om1@group-C5BA1605619E-LeaderElection1] INFO  server.RaftServer$Division (ServerState.java:setLeader(285)) - om1@group-C5BA1605619E: change Leader from null to om1 at term 1 for becomeLeader, leader elected after 1261ms
2021-07-28 21:19:39,974 [om1@group-C5BA1605619E-LeaderElection1] INFO  server.RaftServerConfigKeys (ConfUtils.java:logGet(44)) - raft.server.staging.catchup.gap = 1000 (default)
2021-07-28 21:19:40,148 [om1@group-C5BA1605619E-LeaderElection1] INFO  server.RaftServerConfigKeys (ConfUtils.java:logGet(44)) - raft.server.write.element-limit = 4096 (default)
2021-07-28 21:19:40,151 [om1@group-C5BA1605619E-LeaderElection1] INFO  server.RaftServerConfigKeys (ConfUtils.java:logGet(44)) - raft.server.write.byte-limit = 64MB (=67108864) (default)
2021-07-28 21:19:40,156 [om1@group-C5BA1605619E-LeaderElection1] INFO  server.RaftServerConfigKeys (ConfUtils.java:logGet(44)) - raft.server.watch.timeout = 10s (default)
2021-07-28 21:19:40,157 [om1@group-C5BA1605619E-LeaderElection1] INFO  server.RaftServerConfigKeys (ConfUtils.java:logGet(44)) - raft.server.watch.timeout.denomination = 1s (default)
2021-07-28 21:19:40,158 [om1@group-C5BA1605619E-LeaderElection1] INFO  server.RaftServerConfigKeys (ConfUtils.java:logGet(44)) - raft.server.watch.element-limit = 65536 (default)
2021-07-28 21:19:40,169 [om1@group-C5BA1605619E-LeaderElection1] INFO  impl.RoleInfo (RoleInfo.java:updateAndGet(130)) - om1: start om1@group-C5BA1605619E-LeaderStateImpl
2021-07-28 21:19:40,189 [om1@group-C5BA1605619E-LeaderElection1] INFO  segmented.SegmentedRaftLogWorker (SegmentedRaftLogWorker.java:startLogSegment(394)) - om1@group-C5BA1605619E-SegmentedRaftLogWorker: Starting segment from index:0
2021-07-28 21:19:40,207 [om1@group-C5BA1605619E-LeaderElection1] INFO  server.RaftServer$Division (ServerState.java:setRaftConf(387)) - om1@group-C5BA1605619E: set configuration 0: [om1|rpc:localhost:9872|admin:|client:|dataStream:|priority:0], old=null
2021-07-28 21:19:40,271 [om1@group-C5BA1605619E-SegmentedRaftLogWorker] INFO  segmented.SegmentedRaftLogWorker (SegmentedRaftLogWorker.java:execute(601)) - om1@group-C5BA1605619E-SegmentedRaftLogWorker: created new log segment /home/runner/work/ozone/ozone/mnt/ozone/hadoop-ozone/integration-test/target/test-dir/MiniOzoneClusterImpl-4602a15a-46b8-476b-8e6e-aec7ac1b4dac/ozone-meta/ratis/bf265839-605b-3f16-9796-c5ba1605619e/current/log_inprogress_0
2021-07-28 21:19:40,330 [om1@group-C5BA1605619E-StateMachineUpdater] INFO  ratis.OzoneManagerStateMachine (OzoneManagerStateMachine.java:notifyConfigurationChanged(188)) - Received Configuration change notification from Ratis. New Peer list:
[id: "om1"
address: "localhost:9872"
]
2021-07-28 21:19:40,935 [Listener at 127.0.0.1/35523] INFO  ozone.MiniOzoneClusterImpl (MiniOzoneClusterImpl.java:lambda$waitForClusterToBeReady$0(235)) - Waiting for nodes to be ready. Got 0 of 3 DN Heartbeats.
2021-07-28 21:19:40,935 [Listener at 127.0.0.1/35523] INFO  ozone.MiniOzoneClusterImpl (MiniOzoneClusterImpl.java:lambda$waitForClusterToBeReady$0(238)) - Waiting for cluster to exit safe mode
2021-07-28 21:19:40,935 [Listener at 127.0.0.1/35523] INFO  ozone.MiniOzoneClusterImpl (MiniOzoneClusterImpl.java:lambda$waitForClusterToBeReady$0(240)) - SCM became leader
2021-07-28 21:19:41,552 [EndpointStateMachine task thread for /0.0.0.0:37617 - 0 ] INFO  ozoneimpl.OzoneContainer (OzoneContainer.java:start(305)) - Attempting to start container services.
2021-07-28 21:19:41,553 [EndpointStateMachine task thread for /0.0.0.0:37617 - 0 ] INFO  ozoneimpl.OzoneContainer (OzoneContainer.java:startContainerScrub(250)) - Background container scanner has been disabled.
2021-07-28 21:19:41,555 [EndpointStateMachine task thread for /0.0.0.0:37617 - 0 ] INFO  replication.ReplicationServer (ReplicationServer.java:start(106)) - ReplicationServer is started using port 44483
2021-07-28 21:19:41,558 [EndpointStateMachine task thread for /0.0.0.0:37617 - 0 ] INFO  ratis.XceiverServerRatis (XceiverServerRatis.java:start(478)) - Starting XceiverServerRatis 31a275a1-7e4f-41f8-9eef-5428a3a9a47f
2021-07-28 21:19:41,565 [EndpointStateMachine task thread for /0.0.0.0:37617 - 0 ] INFO  server.RaftServer (RaftServerProxy.java:lambda$start$5(374)) - 31a275a1-7e4f-41f8-9eef-5428a3a9a47f: start RPC server
2021-07-28 21:19:41,570 [EndpointStateMachine task thread for /0.0.0.0:37617 - 0 ] INFO  server.GrpcService (GrpcService.java:startImpl(253)) - 31a275a1-7e4f-41f8-9eef-5428a3a9a47f: GrpcService started, listening on 39893
2021-07-28 21:19:41,571 [EndpointStateMachine task thread for /0.0.0.0:37617 - 0 ] INFO  ratis.XceiverServerRatis (XceiverServerRatis.java:getRealPort(499)) - XceiverServerRatis 31a275a1-7e4f-41f8-9eef-5428a3a9a47f is started using port 39893 for RATIS
2021-07-28 21:19:41,571 [EndpointStateMachine task thread for /0.0.0.0:37617 - 0 ] INFO  ratis.XceiverServerRatis (XceiverServerRatis.java:getRealPort(499)) - XceiverServerRatis 31a275a1-7e4f-41f8-9eef-5428a3a9a47f is started using port 39893 for RATIS_ADMIN
2021-07-28 21:19:41,571 [EndpointStateMachine task thread for /0.0.0.0:37617 - 0 ] INFO  ratis.XceiverServerRatis (XceiverServerRatis.java:getRealPort(499)) - XceiverServerRatis 31a275a1-7e4f-41f8-9eef-5428a3a9a47f is started using port 39893 for RATIS_SERVER
2021-07-28 21:19:41,573 [EndpointStateMachine task thread for /0.0.0.0:37617 - 0 ] INFO  server.XceiverServerGrpc (XceiverServerGrpc.java:start(135)) - XceiverServerGrpc 31a275a1-7e4f-41f8-9eef-5428a3a9a47f is started using port 45995
2021-07-28 21:19:41,578 [org.apache.ratis.util.JvmPauseMonitor$$Lambda$526/117902049@43f8bcd3] INFO  util.JvmPauseMonitor (JvmPauseMonitor.java:run(103)) - JvmPauseMonitor-31a275a1-7e4f-41f8-9eef-5428a3a9a47f: Started
2021-07-28 21:19:41,767 [EndpointStateMachine task thread for /0.0.0.0:37617 - 0 ] INFO  ozoneimpl.OzoneContainer (OzoneContainer.java:start(305)) - Attempting to start container services.
2021-07-28 21:19:41,768 [EndpointStateMachine task thread for /0.0.0.0:37617 - 0 ] INFO  ozoneimpl.OzoneContainer (OzoneContainer.java:startContainerScrub(250)) - Background container scanner has been disabled.
2021-07-28 21:19:41,769 [EndpointStateMachine task thread for /0.0.0.0:37617 - 0 ] INFO  replication.ReplicationServer (ReplicationServer.java:start(106)) - ReplicationServer is started using port 43563
2021-07-28 21:19:41,769 [EndpointStateMachine task thread for /0.0.0.0:37617 - 0 ] INFO  ratis.XceiverServerRatis (XceiverServerRatis.java:start(478)) - Starting XceiverServerRatis 684a6605-a0ea-4f4a-a756-567e88d15665
2021-07-28 21:19:41,770 [EndpointStateMachine task thread for /0.0.0.0:37617 - 0 ] INFO  server.RaftServer (RaftServerProxy.java:lambda$start$5(374)) - 684a6605-a0ea-4f4a-a756-567e88d15665: start RPC server
2021-07-28 21:19:41,773 [EndpointStateMachine task thread for /0.0.0.0:37617 - 0 ] INFO  server.GrpcService (GrpcService.java:startImpl(253)) - 684a6605-a0ea-4f4a-a756-567e88d15665: GrpcService started, listening on 41617
2021-07-28 21:19:41,773 [EndpointStateMachine task thread for /0.0.0.0:37617 - 0 ] INFO  ratis.XceiverServerRatis (XceiverServerRatis.java:getRealPort(499)) - XceiverServerRatis 684a6605-a0ea-4f4a-a756-567e88d15665 is started using port 41617 for RATIS
2021-07-28 21:19:41,773 [org.apache.ratis.util.JvmPauseMonitor$$Lambda$526/117902049@2b31247c] INFO  util.JvmPauseMonitor (JvmPauseMonitor.java:run(103)) - JvmPauseMonitor-684a6605-a0ea-4f4a-a756-567e88d15665: Started
2021-07-28 21:19:41,773 [EndpointStateMachine task thread for /0.0.0.0:37617 - 0 ] INFO  ratis.XceiverServerRatis (XceiverServerRatis.java:getRealPort(499)) - XceiverServerRatis 684a6605-a0ea-4f4a-a756-567e88d15665 is started using port 41617 for RATIS_ADMIN
2021-07-28 21:19:41,773 [EndpointStateMachine task thread for /0.0.0.0:37617 - 0 ] INFO  ratis.XceiverServerRatis (XceiverServerRatis.java:getRealPort(499)) - XceiverServerRatis 684a6605-a0ea-4f4a-a756-567e88d15665 is started using port 41617 for RATIS_SERVER
2021-07-28 21:19:41,775 [EndpointStateMachine task thread for /0.0.0.0:37617 - 0 ] INFO  server.XceiverServerGrpc (XceiverServerGrpc.java:start(135)) - XceiverServerGrpc 684a6605-a0ea-4f4a-a756-567e88d15665 is started using port 41527
2021-07-28 21:19:41,936 [Listener at 127.0.0.1/35523] INFO  ozone.MiniOzoneClusterImpl (MiniOzoneClusterImpl.java:lambda$waitForClusterToBeReady$0(235)) - Waiting for nodes to be ready. Got 0 of 3 DN Heartbeats.
2021-07-28 21:19:41,936 [Listener at 127.0.0.1/35523] INFO  ozone.MiniOzoneClusterImpl (MiniOzoneClusterImpl.java:lambda$waitForClusterToBeReady$0(238)) - Waiting for cluster to exit safe mode
2021-07-28 21:19:41,937 [Listener at 127.0.0.1/35523] INFO  ozone.MiniOzoneClusterImpl (MiniOzoneClusterImpl.java:lambda$waitForClusterToBeReady$0(240)) - SCM became leader
2021-07-28 21:19:41,963 [EndpointStateMachine task thread for /0.0.0.0:37617 - 0 ] INFO  ozoneimpl.OzoneContainer (OzoneContainer.java:start(305)) - Attempting to start container services.
2021-07-28 21:19:41,964 [EndpointStateMachine task thread for /0.0.0.0:37617 - 0 ] INFO  ozoneimpl.OzoneContainer (OzoneContainer.java:startContainerScrub(250)) - Background container scanner has been disabled.
2021-07-28 21:19:41,965 [EndpointStateMachine task thread for /0.0.0.0:37617 - 0 ] INFO  replication.ReplicationServer (ReplicationServer.java:start(106)) - ReplicationServer is started using port 34339
2021-07-28 21:19:41,966 [EndpointStateMachine task thread for /0.0.0.0:37617 - 0 ] INFO  ratis.XceiverServerRatis (XceiverServerRatis.java:start(478)) - Starting XceiverServerRatis 9c0f3aab-f21e-4a40-b90a-e278bd611599
2021-07-28 21:19:41,970 [EndpointStateMachine task thread for /0.0.0.0:37617 - 0 ] INFO  server.RaftServer (RaftServerProxy.java:lambda$start$5(374)) - 9c0f3aab-f21e-4a40-b90a-e278bd611599: start RPC server
2021-07-28 21:19:41,971 [EndpointStateMachine task thread for /0.0.0.0:37617 - 0 ] INFO  server.GrpcService (GrpcService.java:startImpl(253)) - 9c0f3aab-f21e-4a40-b90a-e278bd611599: GrpcService started, listening on 40769
2021-07-28 21:19:41,971 [EndpointStateMachine task thread for /0.0.0.0:37617 - 0 ] INFO  ratis.XceiverServerRatis (XceiverServerRatis.java:getRealPort(499)) - XceiverServerRatis 9c0f3aab-f21e-4a40-b90a-e278bd611599 is started using port 40769 for RATIS
2021-07-28 21:19:41,971 [org.apache.ratis.util.JvmPauseMonitor$$Lambda$526/117902049@1a7df1b4] INFO  util.JvmPauseMonitor (JvmPauseMonitor.java:run(103)) - JvmPauseMonitor-9c0f3aab-f21e-4a40-b90a-e278bd611599: Started
2021-07-28 21:19:41,971 [EndpointStateMachine task thread for /0.0.0.0:37617 - 0 ] INFO  ratis.XceiverServerRatis (XceiverServerRatis.java:getRealPort(499)) - XceiverServerRatis 9c0f3aab-f21e-4a40-b90a-e278bd611599 is started using port 40769 for RATIS_ADMIN
2021-07-28 21:19:41,972 [EndpointStateMachine task thread for /0.0.0.0:37617 - 0 ] INFO  ratis.XceiverServerRatis (XceiverServerRatis.java:getRealPort(499)) - XceiverServerRatis 9c0f3aab-f21e-4a40-b90a-e278bd611599 is started using port 40769 for RATIS_SERVER
2021-07-28 21:19:41,972 [EndpointStateMachine task thread for /0.0.0.0:37617 - 0 ] INFO  server.XceiverServerGrpc (XceiverServerGrpc.java:start(135)) - XceiverServerGrpc 9c0f3aab-f21e-4a40-b90a-e278bd611599 is started using port 39191
2021-07-28 21:19:42,937 [Listener at 127.0.0.1/35523] INFO  ozone.MiniOzoneClusterImpl (MiniOzoneClusterImpl.java:lambda$waitForClusterToBeReady$0(235)) - Waiting for nodes to be ready. Got 0 of 3 DN Heartbeats.
2021-07-28 21:19:42,937 [Listener at 127.0.0.1/35523] INFO  ozone.MiniOzoneClusterImpl (MiniOzoneClusterImpl.java:lambda$waitForClusterToBeReady$0(238)) - Waiting for cluster to exit safe mode
2021-07-28 21:19:42,938 [Listener at 127.0.0.1/35523] INFO  ozone.MiniOzoneClusterImpl (MiniOzoneClusterImpl.java:lambda$waitForClusterToBeReady$0(240)) - SCM became leader
2021-07-28 21:19:43,519 [IPC Server handler 16 on default port 37617] INFO  net.NetworkTopologyImpl (NetworkTopologyImpl.java:add(112)) - Added a new node: /default-rack/31a275a1-7e4f-41f8-9eef-5428a3a9a47f
2021-07-28 21:19:43,521 [IPC Server handler 16 on default port 37617] INFO  node.SCMNodeManager (SCMNodeManager.java:register(386)) - Registered Data node : 31a275a1-7e4f-41f8-9eef-5428a3a9a47f{ip: 10.1.0.18, host: fv-az151-48.yf2hydr00wburbhx3j5hxtcipe.bx.internal.cloudapp.net, ports: [REPLICATION=44483, RATIS=39893, RATIS_ADMIN=39893, RATIS_SERVER=39893, STANDALONE=45995], networkLocation: /default-rack, certSerialId: null, persistedOpState: null, persistedOpStateExpiryEpochSec: 0}
2021-07-28 21:19:43,523 [EventQueue-NewNodeForNewNodeHandler] INFO  pipeline.BackgroundPipelineCreator (BackgroundPipelineCreatorV2.java:notifyEventTriggered(285)) - trigger a one-shot run on RatisPipelineUtilsThread.
2021-07-28 21:19:43,525 [EventQueue-NodeRegistrationContainerReportForContainerSafeModeRule] INFO  safemode.SCMSafeModeManager (SCMSafeModeManager.java:validateSafeModeExitRules(204)) - ContainerSafeModeRule rule is successfully validated
2021-07-28 21:19:43,525 [EventQueue-NodeRegistrationContainerReportForDataNodeSafeModeRule] INFO  safemode.SCMSafeModeManager (DataNodeSafeModeRule.java:process(71)) - SCM in safe mode. 1 DataNodes registered, 3 required.
2021-07-28 21:19:43,526 [EventQueue-PipelineReportForOneReplicaPipelineSafeModeRule] INFO  safemode.SCMSafeModeManager (SCMSafeModeManager.java:validateSafeModeExitRules(204)) - AtleastOneDatanodeReportedRule rule is successfully validated
2021-07-28 21:19:43,763 [IPC Server handler 18 on default port 37617] INFO  net.NetworkTopologyImpl (NetworkTopologyImpl.java:add(112)) - Added a new node: /default-rack/684a6605-a0ea-4f4a-a756-567e88d15665
2021-07-28 21:19:43,763 [IPC Server handler 18 on default port 37617] INFO  node.SCMNodeManager (SCMNodeManager.java:register(386)) - Registered Data node : 684a6605-a0ea-4f4a-a756-567e88d15665{ip: 10.1.0.18, host: fv-az151-48.yf2hydr00wburbhx3j5hxtcipe.bx.internal.cloudapp.net, ports: [REPLICATION=43563, RATIS=41617, RATIS_ADMIN=41617, RATIS_SERVER=41617, STANDALONE=41527], networkLocation: /default-rack, certSerialId: null, persistedOpState: null, persistedOpStateExpiryEpochSec: 0}
2021-07-28 21:19:43,763 [EventQueue-NewNodeForNewNodeHandler] INFO  pipeline.BackgroundPipelineCreator (BackgroundPipelineCreatorV2.java:notifyEventTriggered(285)) - trigger a one-shot run on RatisPipelineUtilsThread.
2021-07-28 21:19:43,763 [EventQueue-NodeRegistrationContainerReportForDataNodeSafeModeRule] INFO  safemode.SCMSafeModeManager (DataNodeSafeModeRule.java:process(71)) - SCM in safe mode. 2 DataNodes registered, 3 required.
2021-07-28 21:19:43,938 [Listener at 127.0.0.1/35523] INFO  ozone.MiniOzoneClusterImpl (MiniOzoneClusterImpl.java:lambda$waitForClusterToBeReady$0(235)) - Waiting for nodes to be ready. Got 2 of 3 DN Heartbeats.
2021-07-28 21:19:43,939 [Listener at 127.0.0.1/35523] INFO  ozone.MiniOzoneClusterImpl (MiniOzoneClusterImpl.java:lambda$waitForClusterToBeReady$0(238)) - Waiting for cluster to exit safe mode
2021-07-28 21:19:43,939 [Listener at 127.0.0.1/35523] INFO  ozone.MiniOzoneClusterImpl (MiniOzoneClusterImpl.java:lambda$waitForClusterToBeReady$0(240)) - SCM became leader
2021-07-28 21:19:43,959 [IPC Server handler 13 on default port 37617] INFO  net.NetworkTopologyImpl (NetworkTopologyImpl.java:add(112)) - Added a new node: /default-rack/9c0f3aab-f21e-4a40-b90a-e278bd611599
2021-07-28 21:19:43,959 [IPC Server handler 13 on default port 37617] INFO  node.SCMNodeManager (SCMNodeManager.java:register(386)) - Registered Data node : 9c0f3aab-f21e-4a40-b90a-e278bd611599{ip: 10.1.0.18, host: fv-az151-48.yf2hydr00wburbhx3j5hxtcipe.bx.internal.cloudapp.net, ports: [REPLICATION=34339, RATIS=40769, RATIS_ADMIN=40769, RATIS_SERVER=40769, STANDALONE=39191], networkLocation: /default-rack, certSerialId: null, persistedOpState: null, persistedOpStateExpiryEpochSec: 0}
2021-07-28 21:19:43,959 [EventQueue-NewNodeForNewNodeHandler] INFO  pipeline.BackgroundPipelineCreator (BackgroundPipelineCreatorV2.java:notifyEventTriggered(285)) - trigger a one-shot run on RatisPipelineUtilsThread.
2021-07-28 21:19:43,961 [EventQueue-NodeRegistrationContainerReportForDataNodeSafeModeRule] INFO  safemode.SCMSafeModeManager (DataNodeSafeModeRule.java:process(71)) - SCM in safe mode. 3 DataNodes registered, 3 required.
2021-07-28 21:19:43,961 [EventQueue-NodeRegistrationContainerReportForDataNodeSafeModeRule] INFO  safemode.SCMSafeModeManager (SCMSafeModeManager.java:validateSafeModeExitRules(204)) - DataNodeSafeModeRule rule is successfully validated
2021-07-28 21:19:43,961 [EventQueue-NodeRegistrationContainerReportForDataNodeSafeModeRule] INFO  safemode.SCMSafeModeManager (SCMSafeModeManager.java:completePreCheck(233)) - All SCM safe mode pre check rules have passed
2021-07-28 21:19:43,961 [EventQueue-NodeRegistrationContainerReportForDataNodeSafeModeRule] WARN  events.EventQueue (EventQueue.java:fireEvent(194)) - No event handler registered for event TypedEvent{payloadType=SafeModeStatus, name='Safe mode status'}
2021-07-28 21:19:43,961 [EventQueue-NodeRegistrationContainerReportForDataNodeSafeModeRule] INFO  ha.SCMContext (SCMContext.java:updateSafeModeStatus(205)) - Update SafeModeStatus from SafeModeStatus{safeModeStatus=true, preCheckPassed=false} to SafeModeStatus{safeModeStatus=true, preCheckPassed=true}.
2021-07-28 21:19:43,961 [EventQueue-NodeRegistrationContainerReportForDataNodeSafeModeRule] INFO  pipeline.BackgroundPipelineCreator (BackgroundPipelineCreatorV2.java:notifyEventTriggered(285)) - trigger a one-shot run on RatisPipelineUtilsThread.
2021-07-28 21:19:43,974 [RatisPipelineUtilsThread - 0] INFO  pipeline.RatisPipelineProvider (RatisPipelineProvider.java:lambda$create$0(183)) - Sending CreatePipelineCommand for pipeline:PipelineID=fcf11422-afc2-4eea-9cef-4f9c023e6286 to datanode:31a275a1-7e4f-41f8-9eef-5428a3a9a47f
2021-07-28 21:19:43,975 [RatisPipelineUtilsThread - 0] INFO  pipeline.RatisPipelineProvider (RatisPipelineProvider.java:lambda$create$0(183)) - Sending CreatePipelineCommand for pipeline:PipelineID=fcf11422-afc2-4eea-9cef-4f9c023e6286 to datanode:9c0f3aab-f21e-4a40-b90a-e278bd611599
2021-07-28 21:19:43,975 [RatisPipelineUtilsThread - 0] INFO  pipeline.RatisPipelineProvider (RatisPipelineProvider.java:lambda$create$0(183)) - Sending CreatePipelineCommand for pipeline:PipelineID=fcf11422-afc2-4eea-9cef-4f9c023e6286 to datanode:684a6605-a0ea-4f4a-a756-567e88d15665
2021-07-28 21:19:43,982 [RatisPipelineUtilsThread - 0] INFO  pipeline.PipelineStateManager (PipelineStateManagerV2Impl.java:addPipeline(101)) - Created pipeline Pipeline[ Id: fcf11422-afc2-4eea-9cef-4f9c023e6286, Nodes: 31a275a1-7e4f-41f8-9eef-5428a3a9a47f{ip: 10.1.0.18, host: fv-az151-48.yf2hydr00wburbhx3j5hxtcipe.bx.internal.cloudapp.net, ports: [REPLICATION=44483, RATIS=39893, RATIS_ADMIN=39893, RATIS_SERVER=39893, STANDALONE=45995], networkLocation: /default-rack, certSerialId: null, persistedOpState: IN_SERVICE, persistedOpStateExpiryEpochSec: 0}9c0f3aab-f21e-4a40-b90a-e278bd611599{ip: 10.1.0.18, host: fv-az151-48.yf2hydr00wburbhx3j5hxtcipe.bx.internal.cloudapp.net, ports: [REPLICATION=34339, RATIS=40769, RATIS_ADMIN=40769, RATIS_SERVER=40769, STANDALONE=39191], networkLocation: /default-rack, certSerialId: null, persistedOpState: IN_SERVICE, persistedOpStateExpiryEpochSec: 0}684a6605-a0ea-4f4a-a756-567e88d15665{ip: 10.1.0.18, host: fv-az151-48.yf2hydr00wburbhx3j5hxtcipe.bx.internal.cloudapp.net, ports: [REPLICATION=43563, RATIS=41617, RATIS_ADMIN=41617, RATIS_SERVER=41617, STANDALONE=41527], networkLocation: /default-rack, certSerialId: null, persistedOpState: IN_SERVICE, persistedOpStateExpiryEpochSec: 0}, ReplicationConfig: RATIS/THREE, State:ALLOCATED, leaderId:, CreationTimestamp2021-07-28T21:19:43.970Z[Etc/UTC]].
2021-07-28 21:19:44,939 [Listener at 127.0.0.1/35523] INFO  ozone.MiniOzoneClusterImpl (MiniOzoneClusterImpl.java:lambda$waitForClusterToBeReady$0(235)) - Nodes are ready. Got 3 of 3 DN Heartbeats.
2021-07-28 21:19:44,940 [Listener at 127.0.0.1/35523] INFO  ozone.MiniOzoneClusterImpl (MiniOzoneClusterImpl.java:lambda$waitForClusterToBeReady$0(238)) - Waiting for cluster to exit safe mode
2021-07-28 21:19:44,940 [Listener at 127.0.0.1/35523] INFO  ozone.MiniOzoneClusterImpl (MiniOzoneClusterImpl.java:lambda$waitForClusterToBeReady$0(240)) - SCM became leader
2021-07-28 21:19:45,940 [Listener at 127.0.0.1/35523] INFO  ozone.MiniOzoneClusterImpl (MiniOzoneClusterImpl.java:lambda$waitForClusterToBeReady$0(235)) - Nodes are ready. Got 3 of 3 DN Heartbeats.
2021-07-28 21:19:45,941 [Listener at 127.0.0.1/35523] INFO  ozone.MiniOzoneClusterImpl (MiniOzoneClusterImpl.java:lambda$waitForClusterToBeReady$0(238)) - Waiting for cluster to exit safe mode
2021-07-28 21:19:45,941 [Listener at 127.0.0.1/35523] INFO  ozone.MiniOzoneClusterImpl (MiniOzoneClusterImpl.java:lambda$waitForClusterToBeReady$0(240)) - SCM became leader
2021-07-28 21:19:46,504 [Command processor thread] INFO  server.RaftServer (RaftServerProxy.java:addNew(95)) - 31a275a1-7e4f-41f8-9eef-5428a3a9a47f: addNew group-4F9C023E6286:[31a275a1-7e4f-41f8-9eef-5428a3a9a47f|rpc:10.1.0.18:39893|priority:0, 9c0f3aab-f21e-4a40-b90a-e278bd611599|rpc:10.1.0.18:40769|priority:1, 684a6605-a0ea-4f4a-a756-567e88d15665|rpc:10.1.0.18:41617|priority:0] returns group-4F9C023E6286:java.util.concurrent.CompletableFuture@69398930[Not completed]
2021-07-28 21:19:46,519 [pool-54-thread-1] INFO  server.RaftServer$Division (RaftServerImpl.java:<init>(181)) - 31a275a1-7e4f-41f8-9eef-5428a3a9a47f: new RaftServerImpl for group-4F9C023E6286:[31a275a1-7e4f-41f8-9eef-5428a3a9a47f|rpc:10.1.0.18:39893|priority:0, 9c0f3aab-f21e-4a40-b90a-e278bd611599|rpc:10.1.0.18:40769|priority:1, 684a6605-a0ea-4f4a-a756-567e88d15665|rpc:10.1.0.18:41617|priority:0] with ContainerStateMachine:uninitialized
2021-07-28 21:19:46,520 [pool-54-thread-1] INFO  server.RaftServerConfigKeys (ConfUtils.java:logGet(44)) - raft.server.rpc.timeout.min = 5s (custom)
2021-07-28 21:19:46,520 [pool-54-thread-1] INFO  server.RaftServerConfigKeys (ConfUtils.java:logGet(44)) - raft.server.rpc.timeout.max = 5200ms (custom)
2021-07-28 21:19:46,520 [pool-54-thread-1] INFO  server.RaftServerConfigKeys (ConfUtils.java:logGet(44)) - raft.server.rpc.sleep.time = 25ms (default)
2021-07-28 21:19:46,520 [pool-54-thread-1] INFO  server.RaftServerConfigKeys (ConfUtils.java:logGet(44)) - raft.server.rpc.slowness.timeout = 300s (custom)
2021-07-28 21:19:46,520 [pool-54-thread-1] INFO  server.RaftServerConfigKeys (ConfUtils.java:logGet(44)) - raft.server.leaderelection.leader.step-down.wait-time = 10s (default)
2021-07-28 21:19:46,520 [pool-54-thread-1] INFO  server.RaftServerConfigKeys (ConfUtils.java:logGet(44)) - raft.server.sleep.deviation.threshold = 300ms (default)
2021-07-28 21:19:46,520 [pool-54-thread-1] INFO  server.RaftServerConfigKeys (ConfUtils.java:logGet(44)) - raft.server.log.appender.install.snapshot.enabled = false (custom)
2021-07-28 21:19:46,520 [pool-54-thread-1] INFO  server.RaftServer$Division (ServerState.java:<init>(105)) - 31a275a1-7e4f-41f8-9eef-5428a3a9a47f@group-4F9C023E6286: ConfigurationManager, init=-1: [31a275a1-7e4f-41f8-9eef-5428a3a9a47f|rpc:10.1.0.18:39893|priority:0, 9c0f3aab-f21e-4a40-b90a-e278bd611599|rpc:10.1.0.18:40769|priority:1, 684a6605-a0ea-4f4a-a756-567e88d15665|rpc:10.1.0.18:41617|priority:0], old=null, confs=<EMPTY_MAP>
2021-07-28 21:19:46,520 [pool-54-thread-1] INFO  server.RaftServerConfigKeys (ConfUtils.java:logGet(44)) - raft.server.storage.dir = [/home/runner/work/ozone/ozone/mnt/ozone/hadoop-ozone/integration-test/target/test-dir/MiniOzoneClusterImpl-4602a15a-46b8-476b-8e6e-aec7ac1b4dac/datanode-0/data/ratis] (custom)
2021-07-28 21:19:46,521 [pool-54-thread-1] INFO  server.RaftServerConfigKeys (ConfUtils.java:logGet(44)) - raft.server.log.corruption.policy = EXCEPTION (default)
2021-07-28 21:19:46,521 [pool-54-thread-1] INFO  server.RaftServerConfigKeys (ConfUtils.java:logGet(44)) - raft.server.storage.free-space.min = 0MB (=0) (default)
2021-07-28 21:19:46,521 [pool-54-thread-1] INFO  storage.RaftStorageDirectory (RaftStorageDirectoryImpl.java:analyzeStorage(135)) - The storage directory /home/runner/work/ozone/ozone/mnt/ozone/hadoop-ozone/integration-test/target/test-dir/MiniOzoneClusterImpl-4602a15a-46b8-476b-8e6e-aec7ac1b4dac/datanode-0/data/ratis/fcf11422-afc2-4eea-9cef-4f9c023e6286 does not exist. Creating ...
2021-07-28 21:19:46,524 [pool-54-thread-1] INFO  storage.RaftStorageDirectory (RaftStorageDirectoryImpl.java:tryLock(230)) - Lock on /home/runner/work/ozone/ozone/mnt/ozone/hadoop-ozone/integration-test/target/test-dir/MiniOzoneClusterImpl-4602a15a-46b8-476b-8e6e-aec7ac1b4dac/datanode-0/data/ratis/fcf11422-afc2-4eea-9cef-4f9c023e6286/in_use.lock acquired by nodename 31090@fv-az151-48
2021-07-28 21:19:46,525 [pool-54-thread-1] INFO  storage.RaftStorage (RaftStorageImpl.java:format(89)) - Storage directory /home/runner/work/ozone/ozone/mnt/ozone/hadoop-ozone/integration-test/target/test-dir/MiniOzoneClusterImpl-4602a15a-46b8-476b-8e6e-aec7ac1b4dac/datanode-0/data/ratis/fcf11422-afc2-4eea-9cef-4f9c023e6286 has been successfully formatted.
2021-07-28 21:19:46,528 [pool-54-thread-1] INFO  ratis.ContainerStateMachine (ContainerStateMachine.java:loadSnapshot(223)) - group-4F9C023E6286: The snapshot info is null. Setting the last applied indexto:(t:0, i:~)
2021-07-28 21:19:46,528 [pool-54-thread-1] INFO  server.RaftServerConfigKeys (ConfUtils.java:logGet(44)) - raft.server.notification.no-leader.timeout = 300s (custom)
2021-07-28 21:19:46,528 [Datanode State Machine Thread - 0] WARN  statemachine.StateContext (StateContext.java:execute(621)) - No available thread in pool for past 0 seconds.
2021-07-28 21:19:46,528 [pool-54-thread-1] INFO  server.RaftServerConfigKeys (ConfUtils.java:logGet(44)) - raft.server.log.use.memory = false (default)
2021-07-28 21:19:46,530 [pool-54-thread-1] INFO  server.RaftServerConfigKeys (ConfUtils.java:logGet(44)) - raft.server.log.purge.gap = 1000000 (custom)
2021-07-28 21:19:46,532 [pool-54-thread-1] INFO  server.RaftServerConfigKeys (ConfUtils.java:logGet(44)) - raft.server.log.appender.buffer.byte-limit = 33554432 (custom)
2021-07-28 21:19:46,536 [pool-54-thread-1] INFO  server.RaftServerConfigKeys (ConfUtils.java:logGet(44)) - raft.server.log.segment.size.max = 1048576 (custom)
2021-07-28 21:19:46,537 [pool-54-thread-1] INFO  server.RaftServerConfigKeys (ConfUtils.java:logGet(44)) - raft.server.log.segment.cache.num.max = 2 (custom)
2021-07-28 21:19:46,538 [pool-54-thread-1] INFO  server.RaftServerConfigKeys (ConfUtils.java:logGet(44)) - raft.server.log.segment.cache.size.max = 200MB (=209715200) (default)
2021-07-28 21:19:46,538 [pool-54-thread-1] INFO  segmented.SegmentedRaftLogWorker (SegmentedRaftLogWorker.java:<init>(182)) - new 31a275a1-7e4f-41f8-9eef-5428a3a9a47f@group-4F9C023E6286-SegmentedRaftLogWorker for RaftStorageImpl:Storage Directory /home/runner/work/ozone/ozone/mnt/ozone/hadoop-ozone/integration-test/target/test-dir/MiniOzoneClusterImpl-4602a15a-46b8-476b-8e6e-aec7ac1b4dac/datanode-0/data/ratis/fcf11422-afc2-4eea-9cef-4f9c023e6286
2021-07-28 21:19:46,538 [pool-54-thread-1] INFO  server.RaftServerConfigKeys (ConfUtils.java:logGet(44)) - raft.server.log.queue.byte-limit = 2147483647 (custom)
2021-07-28 21:19:46,538 [pool-54-thread-1] INFO  server.RaftServerConfigKeys (ConfUtils.java:logGet(44)) - raft.server.log.queue.element-limit = 1024 (custom)
2021-07-28 21:19:46,539 [pool-54-thread-1] INFO  server.RaftServerConfigKeys (ConfUtils.java:logGet(44)) - raft.server.log.segment.size.max = 1048576 (custom)
2021-07-28 21:19:46,539 [pool-54-thread-1] INFO  server.RaftServerConfigKeys (ConfUtils.java:logGet(44)) - raft.server.log.preallocated.size = 16384 (custom)
2021-07-28 21:19:46,539 [pool-54-thread-1] INFO  server.RaftServerConfigKeys (ConfUtils.java:logGet(44)) - raft.server.log.force.sync.num = 128 (default)
2021-07-28 21:19:46,539 [pool-54-thread-1] INFO  server.RaftServerConfigKeys (ConfUtils.java:logGet(44)) - raft.server.log.statemachine.data.sync = true (default)
2021-07-28 21:19:46,539 [pool-54-thread-1] INFO  server.RaftServerConfigKeys (ConfUtils.java:logGet(44)) - raft.server.log.statemachine.data.sync.timeout = 10s (default)
2021-07-28 21:19:46,539 [pool-54-thread-1] INFO  server.RaftServerConfigKeys (ConfUtils.java:logGet(44)) - raft.server.log.statemachine.data.sync.timeout.retry = -1 (default)
2021-07-28 21:19:46,540 [pool-54-thread-1] INFO  server.RaftServerConfigKeys (ConfUtils.java:logGet(44)) - raft.server.log.write.buffer.size = 1048576 (custom)
2021-07-28 21:19:46,542 [pool-54-thread-1] INFO  server.RaftServerConfigKeys (ConfUtils.java:logGet(44)) - raft.server.log.statemachine.data.caching.enabled = true (custom)
2021-07-28 21:19:46,543 [pool-54-thread-1] INFO  segmented.SegmentedRaftLogWorker (SegmentedRaftLogWorker.java:lambda$new$0(133)) - 31a275a1-7e4f-41f8-9eef-5428a3a9a47f@group-4F9C023E6286-SegmentedRaftLogWorker: flushIndex: setUnconditionally 0 -> -1
2021-07-28 21:19:46,543 [pool-54-thread-1] INFO  segmented.SegmentedRaftLogWorker (SegmentedRaftLogWorker.java:lambda$new$0(133)) - 31a275a1-7e4f-41f8-9eef-5428a3a9a47f@group-4F9C023E6286-SegmentedRaftLogWorker: safeCacheEvictIndex: setUnconditionally 0 -> -1
2021-07-28 21:19:46,547 [pool-54-thread-1] INFO  server.RaftServerConfigKeys (ConfUtils.java:logGet(44)) - raft.server.snapshot.auto.trigger.enabled = true (custom)
2021-07-28 21:19:46,547 [pool-54-thread-1] INFO  server.RaftServerConfigKeys (ConfUtils.java:logGet(44)) - raft.server.snapshot.auto.trigger.threshold = 10000 (custom)
2021-07-28 21:19:46,547 [pool-54-thread-1] INFO  server.RaftServerConfigKeys (ConfUtils.java:logGet(44)) - raft.server.snapshot.retention.file.num = 5 (custom)
2021-07-28 21:19:46,547 [pool-54-thread-1] INFO  server.RaftServerConfigKeys (ConfUtils.java:logGet(44)) - raft.server.log.purge.upto.snapshot.index = false (default)
2021-07-28 21:19:46,547 [pool-54-thread-1] INFO  server.RaftServerConfigKeys (ConfUtils.java:logGet(44)) - raft.server.retrycache.expirytime = 600000ms (custom)
2021-07-28 21:19:46,547 [pool-54-thread-1] INFO  server.RaftServerConfigKeys (ConfUtils.java:logGet(44)) - raft.server.retrycache.statistics.expirytime = 100μs (default)
2021-07-28 21:19:46,548 [pool-54-thread-1] INFO  server.RaftServer$Division (RaftServerImpl.java:start(296)) - 31a275a1-7e4f-41f8-9eef-5428a3a9a47f@group-4F9C023E6286: start as a follower, conf=-1: [31a275a1-7e4f-41f8-9eef-5428a3a9a47f|rpc:10.1.0.18:39893|priority:0, 9c0f3aab-f21e-4a40-b90a-e278bd611599|rpc:10.1.0.18:40769|priority:1, 684a6605-a0ea-4f4a-a756-567e88d15665|rpc:10.1.0.18:41617|priority:0], old=null
2021-07-28 21:19:46,549 [pool-54-thread-1] INFO  server.RaftServer$Division (RaftServerImpl.java:setRole(285)) - 31a275a1-7e4f-41f8-9eef-5428a3a9a47f@group-4F9C023E6286: changes role from      null to FOLLOWER at term 0 for startAsFollower
2021-07-28 21:19:46,549 [pool-54-thread-1] INFO  impl.RoleInfo (RoleInfo.java:updateAndGet(130)) - 31a275a1-7e4f-41f8-9eef-5428a3a9a47f: start 31a275a1-7e4f-41f8-9eef-5428a3a9a47f@group-4F9C023E6286-FollowerState
2021-07-28 21:19:46,550 [pool-54-thread-1] INFO  util.JmxRegister (JmxRegister.java:tryRegister(44)) - Successfully registered JMX Bean with object name Ratis:service=RaftServer,group=group-4F9C023E6286,id=31a275a1-7e4f-41f8-9eef-5428a3a9a47f
2021-07-28 21:19:46,559 [Command processor thread] INFO  ratis.XceiverServerRatis (XceiverServerRatis.java:addGroup(759)) - Created group PipelineID=fcf11422-afc2-4eea-9cef-4f9c023e6286
2021-07-28 21:19:46,772 [Command processor thread] INFO  server.RaftServer (RaftServerProxy.java:addNew(95)) - 684a6605-a0ea-4f4a-a756-567e88d15665: addNew group-4F9C023E6286:[31a275a1-7e4f-41f8-9eef-5428a3a9a47f|rpc:10.1.0.18:39893|priority:0, 9c0f3aab-f21e-4a40-b90a-e278bd611599|rpc:10.1.0.18:40769|priority:1, 684a6605-a0ea-4f4a-a756-567e88d15665|rpc:10.1.0.18:41617|priority:0] returns group-4F9C023E6286:java.util.concurrent.CompletableFuture@7ff7bdfd[Not completed]
2021-07-28 21:19:46,779 [pool-72-thread-1] INFO  server.RaftServer$Division (RaftServerImpl.java:<init>(181)) - 684a6605-a0ea-4f4a-a756-567e88d15665: new RaftServerImpl for group-4F9C023E6286:[31a275a1-7e4f-41f8-9eef-5428a3a9a47f|rpc:10.1.0.18:39893|priority:0, 9c0f3aab-f21e-4a40-b90a-e278bd611599|rpc:10.1.0.18:40769|priority:1, 684a6605-a0ea-4f4a-a756-567e88d15665|rpc:10.1.0.18:41617|priority:0] with ContainerStateMachine:uninitialized
2021-07-28 21:19:46,784 [pool-72-thread-1] INFO  server.RaftServerConfigKeys (ConfUtils.java:logGet(44)) - raft.server.rpc.timeout.min = 5s (custom)
2021-07-28 21:19:46,785 [pool-72-thread-1] INFO  server.RaftServerConfigKeys (ConfUtils.java:logGet(44)) - raft.server.rpc.timeout.max = 5200ms (custom)
2021-07-28 21:19:46,785 [pool-72-thread-1] INFO  server.RaftServerConfigKeys (ConfUtils.java:logGet(44)) - raft.server.rpc.sleep.time = 25ms (default)
2021-07-28 21:19:46,785 [pool-72-thread-1] INFO  server.RaftServerConfigKeys (ConfUtils.java:logGet(44)) - raft.server.rpc.slowness.timeout = 300s (custom)
2021-07-28 21:19:46,785 [pool-72-thread-1] INFO  server.RaftServerConfigKeys (ConfUtils.java:logGet(44)) - raft.server.leaderelection.leader.step-down.wait-time = 10s (default)
2021-07-28 21:19:46,785 [pool-72-thread-1] INFO  server.RaftServerConfigKeys (ConfUtils.java:logGet(44)) - raft.server.sleep.deviation.threshold = 300ms (default)
2021-07-28 21:19:46,785 [pool-72-thread-1] INFO  server.RaftServerConfigKeys (ConfUtils.java:logGet(44)) - raft.server.log.appender.install.snapshot.enabled = false (custom)
2021-07-28 21:19:46,785 [pool-72-thread-1] INFO  server.RaftServer$Division (ServerState.java:<init>(105)) - 684a6605-a0ea-4f4a-a756-567e88d15665@group-4F9C023E6286: ConfigurationManager, init=-1: [31a275a1-7e4f-41f8-9eef-5428a3a9a47f|rpc:10.1.0.18:39893|priority:0, 9c0f3aab-f21e-4a40-b90a-e278bd611599|rpc:10.1.0.18:40769|priority:1, 684a6605-a0ea-4f4a-a756-567e88d15665|rpc:10.1.0.18:41617|priority:0], old=null, confs=<EMPTY_MAP>
2021-07-28 21:19:46,785 [pool-72-thread-1] INFO  server.RaftServerConfigKeys (ConfUtils.java:logGet(44)) - raft.server.storage.dir = [/home/runner/work/ozone/ozone/mnt/ozone/hadoop-ozone/integration-test/target/test-dir/MiniOzoneClusterImpl-4602a15a-46b8-476b-8e6e-aec7ac1b4dac/datanode-1/data/ratis] (custom)
2021-07-28 21:19:46,785 [pool-72-thread-1] INFO  server.RaftServerConfigKeys (ConfUtils.java:logGet(44)) - raft.server.log.corruption.policy = EXCEPTION (default)
2021-07-28 21:19:46,785 [pool-72-thread-1] INFO  server.RaftServerConfigKeys (ConfUtils.java:logGet(44)) - raft.server.storage.free-space.min = 0MB (=0) (default)
2021-07-28 21:19:46,785 [pool-72-thread-1] INFO  storage.RaftStorageDirectory (RaftStorageDirectoryImpl.java:analyzeStorage(135)) - The storage directory /home/runner/work/ozone/ozone/mnt/ozone/hadoop-ozone/integration-test/target/test-dir/MiniOzoneClusterImpl-4602a15a-46b8-476b-8e6e-aec7ac1b4dac/datanode-1/data/ratis/fcf11422-afc2-4eea-9cef-4f9c023e6286 does not exist. Creating ...
2021-07-28 21:19:46,790 [pool-72-thread-1] INFO  storage.RaftStorageDirectory (RaftStorageDirectoryImpl.java:tryLock(230)) - Lock on /home/runner/work/ozone/ozone/mnt/ozone/hadoop-ozone/integration-test/target/test-dir/MiniOzoneClusterImpl-4602a15a-46b8-476b-8e6e-aec7ac1b4dac/datanode-1/data/ratis/fcf11422-afc2-4eea-9cef-4f9c023e6286/in_use.lock acquired by nodename 31090@fv-az151-48
2021-07-28 21:19:46,791 [pool-72-thread-1] INFO  storage.RaftStorage (RaftStorageImpl.java:format(89)) - Storage directory /home/runner/work/ozone/ozone/mnt/ozone/hadoop-ozone/integration-test/target/test-dir/MiniOzoneClusterImpl-4602a15a-46b8-476b-8e6e-aec7ac1b4dac/datanode-1/data/ratis/fcf11422-afc2-4eea-9cef-4f9c023e6286 has been successfully formatted.
2021-07-28 21:19:46,794 [Datanode State Machine Thread - 0] WARN  statemachine.StateContext (StateContext.java:execute(621)) - No available thread in pool for past 0 seconds.
2021-07-28 21:19:46,795 [pool-72-thread-1] INFO  ratis.ContainerStateMachine (ContainerStateMachine.java:loadSnapshot(223)) - group-4F9C023E6286: The snapshot info is null. Setting the last applied indexto:(t:0, i:~)
2021-07-28 21:19:46,804 [pool-72-thread-1] INFO  server.RaftServerConfigKeys (ConfUtils.java:logGet(44)) - raft.server.notification.no-leader.timeout = 300s (custom)
2021-07-28 21:19:46,805 [pool-72-thread-1] INFO  server.RaftServerConfigKeys (ConfUtils.java:logGet(44)) - raft.server.log.use.memory = false (default)
2021-07-28 21:19:46,805 [pool-72-thread-1] INFO  server.RaftServerConfigKeys (ConfUtils.java:logGet(44)) - raft.server.log.purge.gap = 1000000 (custom)
2021-07-28 21:19:46,805 [pool-72-thread-1] INFO  server.RaftServerConfigKeys (ConfUtils.java:logGet(44)) - raft.server.log.appender.buffer.byte-limit = 33554432 (custom)
2021-07-28 21:19:46,805 [pool-72-thread-1] INFO  server.RaftServerConfigKeys (ConfUtils.java:logGet(44)) - raft.server.log.segment.size.max = 1048576 (custom)
2021-07-28 21:19:46,805 [pool-72-thread-1] INFO  server.RaftServerConfigKeys (ConfUtils.java:logGet(44)) - raft.server.log.segment.cache.num.max = 2 (custom)
2021-07-28 21:19:46,805 [pool-72-thread-1] INFO  server.RaftServerConfigKeys (ConfUtils.java:logGet(44)) - raft.server.log.segment.cache.size.max = 200MB (=209715200) (default)
2021-07-28 21:19:46,806 [pool-72-thread-1] INFO  segmented.SegmentedRaftLogWorker (SegmentedRaftLogWorker.java:<init>(182)) - new 684a6605-a0ea-4f4a-a756-567e88d15665@group-4F9C023E6286-SegmentedRaftLogWorker for RaftStorageImpl:Storage Directory /home/runner/work/ozone/ozone/mnt/ozone/hadoop-ozone/integration-test/target/test-dir/MiniOzoneClusterImpl-4602a15a-46b8-476b-8e6e-aec7ac1b4dac/datanode-1/data/ratis/fcf11422-afc2-4eea-9cef-4f9c023e6286
2021-07-28 21:19:46,806 [pool-72-thread-1] INFO  server.RaftServerConfigKeys (ConfUtils.java:logGet(44)) - raft.server.log.queue.byte-limit = 2147483647 (custom)
2021-07-28 21:19:46,806 [pool-72-thread-1] INFO  server.RaftServerConfigKeys (ConfUtils.java:logGet(44)) - raft.server.log.queue.element-limit = 1024 (custom)
2021-07-28 21:19:46,806 [pool-72-thread-1] INFO  server.RaftServerConfigKeys (ConfUtils.java:logGet(44)) - raft.server.log.segment.size.max = 1048576 (custom)
2021-07-28 21:19:46,806 [pool-72-thread-1] INFO  server.RaftServerConfigKeys (ConfUtils.java:logGet(44)) - raft.server.log.preallocated.size = 16384 (custom)
2021-07-28 21:19:46,806 [pool-72-thread-1] INFO  server.RaftServerConfigKeys (ConfUtils.java:logGet(44)) - raft.server.log.force.sync.num = 128 (default)
2021-07-28 21:19:46,806 [pool-72-thread-1] INFO  server.RaftServerConfigKeys (ConfUtils.java:logGet(44)) - raft.server.log.statemachine.data.sync = true (default)
2021-07-28 21:19:46,806 [pool-72-thread-1] INFO  server.RaftServerConfigKeys (ConfUtils.java:logGet(44)) - raft.server.log.statemachine.data.sync.timeout = 10s (default)
2021-07-28 21:19:46,806 [pool-72-thread-1] INFO  server.RaftServerConfigKeys (ConfUtils.java:logGet(44)) - raft.server.log.statemachine.data.sync.timeout.retry = -1 (default)
2021-07-28 21:19:46,807 [pool-72-thread-1] INFO  server.RaftServerConfigKeys (ConfUtils.java:logGet(44)) - raft.server.log.write.buffer.size = 1048576 (custom)
2021-07-28 21:19:46,808 [pool-72-thread-1] INFO  server.RaftServerConfigKeys (ConfUtils.java:logGet(44)) - raft.server.log.statemachine.data.caching.enabled = true (custom)
2021-07-28 21:19:46,808 [pool-72-thread-1] INFO  segmented.SegmentedRaftLogWorker (SegmentedRaftLogWorker.java:lambda$new$0(133)) - 684a6605-a0ea-4f4a-a756-567e88d15665@group-4F9C023E6286-SegmentedRaftLogWorker: flushIndex: setUnconditionally 0 -> -1
2021-07-28 21:19:46,808 [pool-72-thread-1] INFO  segmented.SegmentedRaftLogWorker (SegmentedRaftLogWorker.java:lambda$new$0(133)) - 684a6605-a0ea-4f4a-a756-567e88d15665@group-4F9C023E6286-SegmentedRaftLogWorker: safeCacheEvictIndex: setUnconditionally 0 -> -1
2021-07-28 21:19:46,810 [pool-72-thread-1] INFO  server.RaftServerConfigKeys (ConfUtils.java:logGet(44)) - raft.server.snapshot.auto.trigger.enabled = true (custom)
2021-07-28 21:19:46,810 [pool-72-thread-1] INFO  server.RaftServerConfigKeys (ConfUtils.java:logGet(44)) - raft.server.snapshot.auto.trigger.threshold = 10000 (custom)
2021-07-28 21:19:46,811 [pool-72-thread-1] INFO  server.RaftServerConfigKeys (ConfUtils.java:logGet(44)) - raft.server.snapshot.retention.file.num = 5 (custom)
2021-07-28 21:19:46,811 [pool-72-thread-1] INFO  server.RaftServerConfigKeys (ConfUtils.java:logGet(44)) - raft.server.log.purge.upto.snapshot.index = false (default)
2021-07-28 21:19:46,811 [pool-72-thread-1] INFO  server.RaftServerConfigKeys (ConfUtils.java:logGet(44)) - raft.server.retrycache.expirytime = 600000ms (custom)
2021-07-28 21:19:46,811 [pool-72-thread-1] INFO  server.RaftServerConfigKeys (ConfUtils.java:logGet(44)) - raft.server.retrycache.statistics.expirytime = 100μs (default)
2021-07-28 21:19:46,812 [pool-72-thread-1] INFO  server.RaftServer$Division (RaftServerImpl.java:start(296)) - 684a6605-a0ea-4f4a-a756-567e88d15665@group-4F9C023E6286: start as a follower, conf=-1: [31a275a1-7e4f-41f8-9eef-5428a3a9a47f|rpc:10.1.0.18:39893|priority:0, 9c0f3aab-f21e-4a40-b90a-e278bd611599|rpc:10.1.0.18:40769|priority:1, 684a6605-a0ea-4f4a-a756-567e88d15665|rpc:10.1.0.18:41617|priority:0], old=null
2021-07-28 21:19:46,812 [pool-72-thread-1] INFO  server.RaftServer$Division (RaftServerImpl.java:setRole(285)) - 684a6605-a0ea-4f4a-a756-567e88d15665@group-4F9C023E6286: changes role from      null to FOLLOWER at term 0 for startAsFollower
2021-07-28 21:19:46,812 [pool-72-thread-1] INFO  impl.RoleInfo (RoleInfo.java:updateAndGet(130)) - 684a6605-a0ea-4f4a-a756-567e88d15665: start 684a6605-a0ea-4f4a-a756-567e88d15665@group-4F9C023E6286-FollowerState
2021-07-28 21:19:46,821 [pool-72-thread-1] INFO  util.JmxRegister (JmxRegister.java:tryRegister(44)) - Successfully registered JMX Bean with object name Ratis:service=RaftServer,group=group-4F9C023E6286,id=684a6605-a0ea-4f4a-a756-567e88d15665
2021-07-28 21:19:46,828 [Command processor thread] INFO  ratis.XceiverServerRatis (XceiverServerRatis.java:addGroup(759)) - Created group PipelineID=fcf11422-afc2-4eea-9cef-4f9c023e6286
2021-07-28 21:19:46,941 [Listener at 127.0.0.1/35523] INFO  ozone.MiniOzoneClusterImpl (MiniOzoneClusterImpl.java:lambda$waitForClusterToBeReady$0(235)) - Nodes are ready. Got 3 of 3 DN Heartbeats.
2021-07-28 21:19:46,941 [Listener at 127.0.0.1/35523] INFO  ozone.MiniOzoneClusterImpl (MiniOzoneClusterImpl.java:lambda$waitForClusterToBeReady$0(238)) - Waiting for cluster to exit safe mode
2021-07-28 21:19:46,941 [Listener at 127.0.0.1/35523] INFO  ozone.MiniOzoneClusterImpl (MiniOzoneClusterImpl.java:lambda$waitForClusterToBeReady$0(240)) - SCM became leader
2021-07-28 21:19:46,957 [Command processor thread] INFO  server.RaftServer (RaftServerProxy.java:addNew(95)) - 9c0f3aab-f21e-4a40-b90a-e278bd611599: addNew group-4F9C023E6286:[31a275a1-7e4f-41f8-9eef-5428a3a9a47f|rpc:10.1.0.18:39893|priority:0, 9c0f3aab-f21e-4a40-b90a-e278bd611599|rpc:10.1.0.18:40769|priority:1, 684a6605-a0ea-4f4a-a756-567e88d15665|rpc:10.1.0.18:41617|priority:0] returns group-4F9C023E6286:java.util.concurrent.CompletableFuture@26b30811[Not completed]
2021-07-28 21:19:46,970 [pool-90-thread-1] INFO  server.RaftServer$Division (RaftServerImpl.java:<init>(181)) - 9c0f3aab-f21e-4a40-b90a-e278bd611599: new RaftServerImpl for group-4F9C023E6286:[31a275a1-7e4f-41f8-9eef-5428a3a9a47f|rpc:10.1.0.18:39893|priority:0, 9c0f3aab-f21e-4a40-b90a-e278bd611599|rpc:10.1.0.18:40769|priority:1, 684a6605-a0ea-4f4a-a756-567e88d15665|rpc:10.1.0.18:41617|priority:0] with ContainerStateMachine:uninitialized
2021-07-28 21:19:46,971 [pool-90-thread-1] INFO  server.RaftServerConfigKeys (ConfUtils.java:logGet(44)) - raft.server.rpc.timeout.min = 5s (custom)
2021-07-28 21:19:46,971 [pool-90-thread-1] INFO  server.RaftServerConfigKeys (ConfUtils.java:logGet(44)) - raft.server.rpc.timeout.max = 5200ms (custom)
2021-07-28 21:19:46,971 [pool-90-thread-1] INFO  server.RaftServerConfigKeys (ConfUtils.java:logGet(44)) - raft.server.rpc.sleep.time = 25ms (default)
2021-07-28 21:19:46,971 [pool-90-thread-1] INFO  server.RaftServerConfigKeys (ConfUtils.java:logGet(44)) - raft.server.rpc.slowness.timeout = 300s (custom)
2021-07-28 21:19:46,973 [pool-90-thread-1] INFO  server.RaftServerConfigKeys (ConfUtils.java:logGet(44)) - raft.server.leaderelection.leader.step-down.wait-time = 10s (default)
2021-07-28 21:19:46,973 [pool-90-thread-1] INFO  server.RaftServerConfigKeys (ConfUtils.java:logGet(44)) - raft.server.sleep.deviation.threshold = 300ms (default)
2021-07-28 21:19:46,973 [pool-90-thread-1] INFO  server.RaftServerConfigKeys (ConfUtils.java:logGet(44)) - raft.server.log.appender.install.snapshot.enabled = false (custom)
2021-07-28 21:19:46,973 [pool-90-thread-1] INFO  server.RaftServer$Division (ServerState.java:<init>(105)) - 9c0f3aab-f21e-4a40-b90a-e278bd611599@group-4F9C023E6286: ConfigurationManager, init=-1: [31a275a1-7e4f-41f8-9eef-5428a3a9a47f|rpc:10.1.0.18:39893|priority:0, 9c0f3aab-f21e-4a40-b90a-e278bd611599|rpc:10.1.0.18:40769|priority:1, 684a6605-a0ea-4f4a-a756-567e88d15665|rpc:10.1.0.18:41617|priority:0], old=null, confs=<EMPTY_MAP>
2021-07-28 21:19:46,973 [pool-90-thread-1] INFO  server.RaftServerConfigKeys (ConfUtils.java:logGet(44)) - raft.server.storage.dir = [/home/runner/work/ozone/ozone/mnt/ozone/hadoop-ozone/integration-test/target/test-dir/MiniOzoneClusterImpl-4602a15a-46b8-476b-8e6e-aec7ac1b4dac/datanode-2/data/ratis] (custom)
2021-07-28 21:19:46,973 [pool-90-thread-1] INFO  server.RaftServerConfigKeys (ConfUtils.java:logGet(44)) - raft.server.log.corruption.policy = EXCEPTION (default)
2021-07-28 21:19:46,974 [pool-90-thread-1] INFO  server.RaftServerConfigKeys (ConfUtils.java:logGet(44)) - raft.server.storage.free-space.min = 0MB (=0) (default)
2021-07-28 21:19:46,974 [pool-90-thread-1] INFO  storage.RaftStorageDirectory (RaftStorageDirectoryImpl.java:analyzeStorage(135)) - The storage directory /home/runner/work/ozone/ozone/mnt/ozone/hadoop-ozone/integration-test/target/test-dir/MiniOzoneClusterImpl-4602a15a-46b8-476b-8e6e-aec7ac1b4dac/datanode-2/data/ratis/fcf11422-afc2-4eea-9cef-4f9c023e6286 does not exist. Creating ...
2021-07-28 21:19:46,975 [pool-90-thread-1] INFO  storage.RaftStorageDirectory (RaftStorageDirectoryImpl.java:tryLock(230)) - Lock on /home/runner/work/ozone/ozone/mnt/ozone/hadoop-ozone/integration-test/target/test-dir/MiniOzoneClusterImpl-4602a15a-46b8-476b-8e6e-aec7ac1b4dac/datanode-2/data/ratis/fcf11422-afc2-4eea-9cef-4f9c023e6286/in_use.lock acquired by nodename 31090@fv-az151-48
2021-07-28 21:19:46,983 [pool-90-thread-1] INFO  storage.RaftStorage (RaftStorageImpl.java:format(89)) - Storage directory /home/runner/work/ozone/ozone/mnt/ozone/hadoop-ozone/integration-test/target/test-dir/MiniOzoneClusterImpl-4602a15a-46b8-476b-8e6e-aec7ac1b4dac/datanode-2/data/ratis/fcf11422-afc2-4eea-9cef-4f9c023e6286 has been successfully formatted.
2021-07-28 21:19:46,989 [pool-90-thread-1] INFO  ratis.ContainerStateMachine (ContainerStateMachine.java:loadSnapshot(223)) - group-4F9C023E6286: The snapshot info is null. Setting the last applied indexto:(t:0, i:~)
2021-07-28 21:19:46,989 [pool-90-thread-1] INFO  server.RaftServerConfigKeys (ConfUtils.java:logGet(44)) - raft.server.notification.no-leader.timeout = 300s (custom)
2021-07-28 21:19:46,989 [pool-90-thread-1] INFO  server.RaftServerConfigKeys (ConfUtils.java:logGet(44)) - raft.server.log.use.memory = false (default)
2021-07-28 21:19:46,989 [pool-90-thread-1] INFO  server.RaftServerConfigKeys (ConfUtils.java:logGet(44)) - raft.server.log.purge.gap = 1000000 (custom)
2021-07-28 21:19:46,989 [pool-90-thread-1] INFO  server.RaftServerConfigKeys (ConfUtils.java:logGet(44)) - raft.server.log.appender.buffer.byte-limit = 33554432 (custom)
2021-07-28 21:19:46,989 [pool-90-thread-1] INFO  server.RaftServerConfigKeys (ConfUtils.java:logGet(44)) - raft.server.log.segment.size.max = 1048576 (custom)
2021-07-28 21:19:46,990 [pool-90-thread-1] INFO  server.RaftServerConfigKeys (ConfUtils.java:logGet(44)) - raft.server.log.segment.cache.num.max = 2 (custom)
2021-07-28 21:19:46,990 [pool-90-thread-1] INFO  server.RaftServerConfigKeys (ConfUtils.java:logGet(44)) - raft.server.log.segment.cache.size.max = 200MB (=209715200) (default)
2021-07-28 21:19:46,990 [pool-90-thread-1] INFO  segmented.SegmentedRaftLogWorker (SegmentedRaftLogWorker.java:<init>(182)) - new 9c0f3aab-f21e-4a40-b90a-e278bd611599@group-4F9C023E6286-SegmentedRaftLogWorker for RaftStorageImpl:Storage Directory /home/runner/work/ozone/ozone/mnt/ozone/hadoop-ozone/integration-test/target/test-dir/MiniOzoneClusterImpl-4602a15a-46b8-476b-8e6e-aec7ac1b4dac/datanode-2/data/ratis/fcf11422-afc2-4eea-9cef-4f9c023e6286
2021-07-28 21:19:46,990 [pool-90-thread-1] INFO  server.RaftServerConfigKeys (ConfUtils.java:logGet(44)) - raft.server.log.queue.byte-limit = 2147483647 (custom)
2021-07-28 21:19:46,990 [pool-90-thread-1] INFO  server.RaftServerConfigKeys (ConfUtils.java:logGet(44)) - raft.server.log.queue.element-limit = 1024 (custom)
2021-07-28 21:19:46,990 [pool-90-thread-1] INFO  server.RaftServerConfigKeys (ConfUtils.java:logGet(44)) - raft.server.log.segment.size.max = 1048576 (custom)
2021-07-28 21:19:46,990 [pool-90-thread-1] INFO  server.RaftServerConfigKeys (ConfUtils.java:logGet(44)) - raft.server.log.preallocated.size = 16384 (custom)
2021-07-28 21:19:46,990 [pool-90-thread-1] INFO  server.RaftServerConfigKeys (ConfUtils.java:logGet(44)) - raft.server.log.force.sync.num = 128 (default)
2021-07-28 21:19:46,990 [pool-90-thread-1] INFO  server.RaftServerConfigKeys (ConfUtils.java:logGet(44)) - raft.server.log.statemachine.data.sync = true (default)
2021-07-28 21:19:46,990 [pool-90-thread-1] INFO  server.RaftServerConfigKeys (ConfUtils.java:logGet(44)) - raft.server.log.statemachine.data.sync.timeout = 10s (default)
2021-07-28 21:19:46,991 [pool-90-thread-1] INFO  server.RaftServerConfigKeys (ConfUtils.java:logGet(44)) - raft.server.log.statemachine.data.sync.timeout.retry = -1 (default)
2021-07-28 21:19:46,992 [pool-90-thread-1] INFO  server.RaftServerConfigKeys (ConfUtils.java:logGet(44)) - raft.server.log.write.buffer.size = 1048576 (custom)
2021-07-28 21:19:46,992 [pool-90-thread-1] INFO  server.RaftServerConfigKeys (ConfUtils.java:logGet(44)) - raft.server.log.statemachine.data.caching.enabled = true (custom)
2021-07-28 21:19:46,993 [pool-90-thread-1] INFO  segmented.SegmentedRaftLogWorker (SegmentedRaftLogWorker.java:lambda$new$0(133)) - 9c0f3aab-f21e-4a40-b90a-e278bd611599@group-4F9C023E6286-SegmentedRaftLogWorker: flushIndex: setUnconditionally 0 -> -1
2021-07-28 21:19:46,993 [pool-90-thread-1] INFO  segmented.SegmentedRaftLogWorker (SegmentedRaftLogWorker.java:lambda$new$0(133)) - 9c0f3aab-f21e-4a40-b90a-e278bd611599@group-4F9C023E6286-SegmentedRaftLogWorker: safeCacheEvictIndex: setUnconditionally 0 -> -1
2021-07-28 21:19:46,993 [pool-90-thread-1] INFO  server.RaftServerConfigKeys (ConfUtils.java:logGet(44)) - raft.server.snapshot.auto.trigger.enabled = true (custom)
2021-07-28 21:19:46,993 [pool-90-thread-1] INFO  server.RaftServerConfigKeys (ConfUtils.java:logGet(44)) - raft.server.snapshot.auto.trigger.threshold = 10000 (custom)
2021-07-28 21:19:46,993 [pool-90-thread-1] INFO  server.RaftServerConfigKeys (ConfUtils.java:logGet(44)) - raft.server.snapshot.retention.file.num = 5 (custom)
2021-07-28 21:19:46,993 [pool-90-thread-1] INFO  server.RaftServerConfigKeys (ConfUtils.java:logGet(44)) - raft.server.log.purge.upto.snapshot.index = false (default)
2021-07-28 21:19:46,993 [pool-90-thread-1] INFO  server.RaftServerConfigKeys (ConfUtils.java:logGet(44)) - raft.server.retrycache.expirytime = 600000ms (custom)
2021-07-28 21:19:46,993 [pool-90-thread-1] INFO  server.RaftServerConfigKeys (ConfUtils.java:logGet(44)) - raft.server.retrycache.statistics.expirytime = 100μs (default)
2021-07-28 21:19:46,996 [pool-90-thread-1] INFO  server.RaftServer$Division (RaftServerImpl.java:start(296)) - 9c0f3aab-f21e-4a40-b90a-e278bd611599@group-4F9C023E6286: start as a follower, conf=-1: [31a275a1-7e4f-41f8-9eef-5428a3a9a47f|rpc:10.1.0.18:39893|priority:0, 9c0f3aab-f21e-4a40-b90a-e278bd611599|rpc:10.1.0.18:40769|priority:1, 684a6605-a0ea-4f4a-a756-567e88d15665|rpc:10.1.0.18:41617|priority:0], old=null
2021-07-28 21:19:46,996 [pool-90-thread-1] INFO  server.RaftServer$Division (RaftServerImpl.java:setRole(285)) - 9c0f3aab-f21e-4a40-b90a-e278bd611599@group-4F9C023E6286: changes role from      null to FOLLOWER at term 0 for startAsFollower
2021-07-28 21:19:47,001 [pool-90-thread-1] INFO  impl.RoleInfo (RoleInfo.java:updateAndGet(130)) - 9c0f3aab-f21e-4a40-b90a-e278bd611599: start 9c0f3aab-f21e-4a40-b90a-e278bd611599@group-4F9C023E6286-FollowerState
2021-07-28 21:19:47,003 [pool-90-thread-1] INFO  util.JmxRegister (JmxRegister.java:tryRegister(44)) - Successfully registered JMX Bean with object name Ratis:service=RaftServer,group=group-4F9C023E6286,id=9c0f3aab-f21e-4a40-b90a-e278bd611599
2021-07-28 21:19:47,004 [Command processor thread] INFO  ratis.XceiverServerRatis (XceiverServerRatis.java:addGroup(759)) - Created group PipelineID=fcf11422-afc2-4eea-9cef-4f9c023e6286
2021-07-28 21:19:47,123 [Command processor thread] INFO  commandhandler.CreatePipelineCommandHandler (CreatePipelineCommandHandler.java:handle(106)) - Created Pipeline RATIS THREE PipelineID=fcf11422-afc2-4eea-9cef-4f9c023e6286.
2021-07-28 21:19:47,125 [Command processor thread] INFO  commandhandler.CreatePipelineCommandHandler (CreatePipelineCommandHandler.java:handle(106)) - Created Pipeline RATIS THREE PipelineID=fcf11422-afc2-4eea-9cef-4f9c023e6286.
2021-07-28 21:19:47,139 [Command processor thread] INFO  commandhandler.CreatePipelineCommandHandler (CreatePipelineCommandHandler.java:handle(106)) - Created Pipeline RATIS THREE PipelineID=fcf11422-afc2-4eea-9cef-4f9c023e6286.
2021-07-28 21:19:47,941 [Listener at 127.0.0.1/35523] INFO  ozone.MiniOzoneClusterImpl (MiniOzoneClusterImpl.java:lambda$waitForClusterToBeReady$0(235)) - Nodes are ready. Got 3 of 3 DN Heartbeats.
2021-07-28 21:19:47,942 [Listener at 127.0.0.1/35523] INFO  ozone.MiniOzoneClusterImpl (MiniOzoneClusterImpl.java:lambda$waitForClusterToBeReady$0(238)) - Waiting for cluster to exit safe mode
2021-07-28 21:19:47,942 [Listener at 127.0.0.1/35523] INFO  ozone.MiniOzoneClusterImpl (MiniOzoneClusterImpl.java:lambda$waitForClusterToBeReady$0(240)) - SCM became leader
2021-07-28 21:19:48,942 [Listener at 127.0.0.1/35523] INFO  ozone.MiniOzoneClusterImpl (MiniOzoneClusterImpl.java:lambda$waitForClusterToBeReady$0(235)) - Nodes are ready. Got 3 of 3 DN Heartbeats.
2021-07-28 21:19:48,942 [Listener at 127.0.0.1/35523] INFO  ozone.MiniOzoneClusterImpl (MiniOzoneClusterImpl.java:lambda$waitForClusterToBeReady$0(238)) - Waiting for cluster to exit safe mode
2021-07-28 21:19:48,943 [Listener at 127.0.0.1/35523] INFO  ozone.MiniOzoneClusterImpl (MiniOzoneClusterImpl.java:lambda$waitForClusterToBeReady$0(240)) - SCM became leader
2021-07-28 21:19:49,946 [Listener at 127.0.0.1/35523] INFO  ozone.MiniOzoneClusterImpl (MiniOzoneClusterImpl.java:lambda$waitForClusterToBeReady$0(235)) - Nodes are ready. Got 3 of 3 DN Heartbeats.
2021-07-28 21:19:49,946 [Listener at 127.0.0.1/35523] INFO  ozone.MiniOzoneClusterImpl (MiniOzoneClusterImpl.java:lambda$waitForClusterToBeReady$0(238)) - Waiting for cluster to exit safe mode
2021-07-28 21:19:49,946 [Listener at 127.0.0.1/35523] INFO  ozone.MiniOzoneClusterImpl (MiniOzoneClusterImpl.java:lambda$waitForClusterToBeReady$0(240)) - SCM became leader
2021-07-28 21:19:50,946 [Listener at 127.0.0.1/35523] INFO  ozone.MiniOzoneClusterImpl (MiniOzoneClusterImpl.java:lambda$waitForClusterToBeReady$0(235)) - Nodes are ready. Got 3 of 3 DN Heartbeats.
2021-07-28 21:19:50,947 [Listener at 127.0.0.1/35523] INFO  ozone.MiniOzoneClusterImpl (MiniOzoneClusterImpl.java:lambda$waitForClusterToBeReady$0(238)) - Waiting for cluster to exit safe mode
2021-07-28 21:19:50,947 [Listener at 127.0.0.1/35523] INFO  ozone.MiniOzoneClusterImpl (MiniOzoneClusterImpl.java:lambda$waitForClusterToBeReady$0(240)) - SCM became leader
2021-07-28 21:19:51,670 [31a275a1-7e4f-41f8-9eef-5428a3a9a47f@group-4F9C023E6286-FollowerState] INFO  impl.FollowerState (FollowerState.java:run(134)) - 31a275a1-7e4f-41f8-9eef-5428a3a9a47f@group-4F9C023E6286-FollowerState: change to CANDIDATE, lastRpcElapsedTime:5121453418ns, electionTimeout:5120ms
2021-07-28 21:19:51,671 [31a275a1-7e4f-41f8-9eef-5428a3a9a47f@group-4F9C023E6286-FollowerState] INFO  impl.RoleInfo (RoleInfo.java:shutdownFollowerState(108)) - 31a275a1-7e4f-41f8-9eef-5428a3a9a47f: shutdown 31a275a1-7e4f-41f8-9eef-5428a3a9a47f@group-4F9C023E6286-FollowerState
2021-07-28 21:19:51,671 [31a275a1-7e4f-41f8-9eef-5428a3a9a47f@group-4F9C023E6286-FollowerState] INFO  server.RaftServer$Division (RaftServerImpl.java:setRole(285)) - 31a275a1-7e4f-41f8-9eef-5428a3a9a47f@group-4F9C023E6286: changes role from  FOLLOWER to CANDIDATE at term 0 for changeToCandidate
2021-07-28 21:19:51,671 [31a275a1-7e4f-41f8-9eef-5428a3a9a47f@group-4F9C023E6286-FollowerState] INFO  server.RaftServerConfigKeys (ConfUtils.java:logGet(44)) - raft.server.leaderelection.pre-vote = false (custom)
2021-07-28 21:19:51,671 [31a275a1-7e4f-41f8-9eef-5428a3a9a47f@group-4F9C023E6286-FollowerState] INFO  impl.RoleInfo (RoleInfo.java:updateAndGet(130)) - 31a275a1-7e4f-41f8-9eef-5428a3a9a47f: start 31a275a1-7e4f-41f8-9eef-5428a3a9a47f@group-4F9C023E6286-LeaderElection2
2021-07-28 21:19:51,674 [31a275a1-7e4f-41f8-9eef-5428a3a9a47f@group-4F9C023E6286-LeaderElection2] INFO  impl.LeaderElection (LeaderElection.java:askForVotes(306)) - 31a275a1-7e4f-41f8-9eef-5428a3a9a47f@group-4F9C023E6286-LeaderElection2 ELECTION round 0: submit vote requests at term 1 for -1: [31a275a1-7e4f-41f8-9eef-5428a3a9a47f|rpc:10.1.0.18:39893|priority:0, 9c0f3aab-f21e-4a40-b90a-e278bd611599|rpc:10.1.0.18:40769|priority:1, 684a6605-a0ea-4f4a-a756-567e88d15665|rpc:10.1.0.18:41617|priority:0], old=null
2021-07-28 21:19:51,700 [grpc-default-executor-0] INFO  server.RaftServer$Division (RaftServerImpl.java:requestVote(1043)) - 684a6605-a0ea-4f4a-a756-567e88d15665@group-4F9C023E6286: receive requestVote(ELECTION, 31a275a1-7e4f-41f8-9eef-5428a3a9a47f, group-4F9C023E6286, 1, (t:0, i:0))
2021-07-28 21:19:51,701 [grpc-default-executor-1] INFO  server.RaftServer$Division (RaftServerImpl.java:requestVote(1043)) - 9c0f3aab-f21e-4a40-b90a-e278bd611599@group-4F9C023E6286: receive requestVote(ELECTION, 31a275a1-7e4f-41f8-9eef-5428a3a9a47f, group-4F9C023E6286, 1, (t:0, i:0))
2021-07-28 21:19:51,702 [grpc-default-executor-1] INFO  impl.VoteContext (VoteContext.java:log(48)) - 9c0f3aab-f21e-4a40-b90a-e278bd611599@group-4F9C023E6286-FOLLOWER: reject ELECTION from 31a275a1-7e4f-41f8-9eef-5428a3a9a47f: our priority 1 > candidate's priority 0
2021-07-28 21:19:51,702 [grpc-default-executor-1] INFO  server.RaftServer$Division (RaftServerImpl.java:setRole(285)) - 9c0f3aab-f21e-4a40-b90a-e278bd611599@group-4F9C023E6286: changes role from  FOLLOWER to FOLLOWER at term 1 for candidate:31a275a1-7e4f-41f8-9eef-5428a3a9a47f
2021-07-28 21:19:51,702 [grpc-default-executor-1] INFO  impl.RoleInfo (RoleInfo.java:shutdownFollowerState(108)) - 9c0f3aab-f21e-4a40-b90a-e278bd611599: shutdown 9c0f3aab-f21e-4a40-b90a-e278bd611599@group-4F9C023E6286-FollowerState
2021-07-28 21:19:51,702 [grpc-default-executor-1] INFO  impl.RoleInfo (RoleInfo.java:updateAndGet(130)) - 9c0f3aab-f21e-4a40-b90a-e278bd611599: start 9c0f3aab-f21e-4a40-b90a-e278bd611599@group-4F9C023E6286-FollowerState
2021-07-28 21:19:51,702 [grpc-default-executor-0] INFO  impl.VoteContext (VoteContext.java:log(48)) - 684a6605-a0ea-4f4a-a756-567e88d15665@group-4F9C023E6286-FOLLOWER: accept ELECTION from 31a275a1-7e4f-41f8-9eef-5428a3a9a47f: our priority 0 <= candidate's priority 0
2021-07-28 21:19:51,703 [9c0f3aab-f21e-4a40-b90a-e278bd611599@group-4F9C023E6286-FollowerState] INFO  impl.FollowerState (FollowerState.java:run(143)) - 9c0f3aab-f21e-4a40-b90a-e278bd611599@group-4F9C023E6286-FollowerState was interrupted: {}
java.lang.InterruptedException: sleep interrupted
	at java.lang.Thread.sleep(Native Method)
	at java.lang.Thread.sleep(Thread.java:340)
	at java.util.concurrent.TimeUnit.sleep(TimeUnit.java:386)
	at org.apache.ratis.util.TimeDuration.sleep(TimeDuration.java:324)
	at org.apache.ratis.util.TimeDuration.sleep(TimeDuration.java:309)
	at org.apache.ratis.server.impl.FollowerState.run(FollowerState.java:118)
2021-07-28 21:19:51,705 [grpc-default-executor-0] INFO  server.RaftServer$Division (RaftServerImpl.java:setRole(285)) - 684a6605-a0ea-4f4a-a756-567e88d15665@group-4F9C023E6286: changes role from  FOLLOWER to FOLLOWER at term 1 for candidate:31a275a1-7e4f-41f8-9eef-5428a3a9a47f
2021-07-28 21:19:51,706 [grpc-default-executor-0] INFO  impl.RoleInfo (RoleInfo.java:shutdownFollowerState(108)) - 684a6605-a0ea-4f4a-a756-567e88d15665: shutdown 684a6605-a0ea-4f4a-a756-567e88d15665@group-4F9C023E6286-FollowerState
2021-07-28 21:19:51,707 [grpc-default-executor-0] INFO  impl.RoleInfo (RoleInfo.java:updateAndGet(130)) - 684a6605-a0ea-4f4a-a756-567e88d15665: start 684a6605-a0ea-4f4a-a756-567e88d15665@group-4F9C023E6286-FollowerState
2021-07-28 21:19:51,707 [684a6605-a0ea-4f4a-a756-567e88d15665@group-4F9C023E6286-FollowerState] INFO  impl.FollowerState (FollowerState.java:run(143)) - 684a6605-a0ea-4f4a-a756-567e88d15665@group-4F9C023E6286-FollowerState was interrupted: {}
java.lang.InterruptedException: sleep interrupted
	at java.lang.Thread.sleep(Native Method)
	at java.lang.Thread.sleep(Thread.java:340)
	at java.util.concurrent.TimeUnit.sleep(TimeUnit.java:386)
	at org.apache.ratis.util.TimeDuration.sleep(TimeDuration.java:324)
	at org.apache.ratis.util.TimeDuration.sleep(TimeDuration.java:309)
	at org.apache.ratis.server.impl.FollowerState.run(FollowerState.java:118)
2021-07-28 21:19:51,716 [grpc-default-executor-0] INFO  server.RaftServer$Division (RaftServerImpl.java:requestVote(1075)) - 684a6605-a0ea-4f4a-a756-567e88d15665@group-4F9C023E6286 replies to ELECTION vote request: 31a275a1-7e4f-41f8-9eef-5428a3a9a47f<-684a6605-a0ea-4f4a-a756-567e88d15665#0:OK-t1. Peer's state: 684a6605-a0ea-4f4a-a756-567e88d15665@group-4F9C023E6286:t1, leader=null, voted=31a275a1-7e4f-41f8-9eef-5428a3a9a47f, raftlog=684a6605-a0ea-4f4a-a756-567e88d15665@group-4F9C023E6286-SegmentedRaftLog:OPENED:c-1,f-1,i0, conf=-1: [31a275a1-7e4f-41f8-9eef-5428a3a9a47f|rpc:10.1.0.18:39893|priority:0, 9c0f3aab-f21e-4a40-b90a-e278bd611599|rpc:10.1.0.18:40769|priority:1, 684a6605-a0ea-4f4a-a756-567e88d15665|rpc:10.1.0.18:41617|priority:0], old=null
2021-07-28 21:19:51,720 [grpc-default-executor-1] INFO  server.RaftServer$Division (RaftServerImpl.java:requestVote(1075)) - 9c0f3aab-f21e-4a40-b90a-e278bd611599@group-4F9C023E6286 replies to ELECTION vote request: 31a275a1-7e4f-41f8-9eef-5428a3a9a47f<-9c0f3aab-f21e-4a40-b90a-e278bd611599#0:FAIL-t1. Peer's state: 9c0f3aab-f21e-4a40-b90a-e278bd611599@group-4F9C023E6286:t1, leader=null, voted=null, raftlog=9c0f3aab-f21e-4a40-b90a-e278bd611599@group-4F9C023E6286-SegmentedRaftLog:OPENED:c-1,f-1,i0, conf=-1: [31a275a1-7e4f-41f8-9eef-5428a3a9a47f|rpc:10.1.0.18:39893|priority:0, 9c0f3aab-f21e-4a40-b90a-e278bd611599|rpc:10.1.0.18:40769|priority:1, 684a6605-a0ea-4f4a-a756-567e88d15665|rpc:10.1.0.18:41617|priority:0], old=null
2021-07-28 21:19:51,725 [31a275a1-7e4f-41f8-9eef-5428a3a9a47f@group-4F9C023E6286-LeaderElection2] INFO  impl.LeaderElection (LeaderElection.java:logAndReturn(89)) - 31a275a1-7e4f-41f8-9eef-5428a3a9a47f@group-4F9C023E6286-LeaderElection2: ELECTION REJECTED received 2 response(s) and 0 exception(s):
2021-07-28 21:19:51,725 [31a275a1-7e4f-41f8-9eef-5428a3a9a47f@group-4F9C023E6286-LeaderElection2] INFO  impl.LeaderElection (LeaderElection.java:logAndReturn(93)) -   Response 0: 31a275a1-7e4f-41f8-9eef-5428a3a9a47f<-9c0f3aab-f21e-4a40-b90a-e278bd611599#0:FAIL-t1
2021-07-28 21:19:51,725 [31a275a1-7e4f-41f8-9eef-5428a3a9a47f@group-4F9C023E6286-LeaderElection2] INFO  impl.LeaderElection (LeaderElection.java:logAndReturn(93)) -   Response 1: 31a275a1-7e4f-41f8-9eef-5428a3a9a47f<-684a6605-a0ea-4f4a-a756-567e88d15665#0:OK-t1
2021-07-28 21:19:51,725 [31a275a1-7e4f-41f8-9eef-5428a3a9a47f@group-4F9C023E6286-LeaderElection2] INFO  impl.LeaderElection (LeaderElection.java:askForVotes(308)) - 31a275a1-7e4f-41f8-9eef-5428a3a9a47f@group-4F9C023E6286-LeaderElection2 ELECTION round 0: result REJECTED
2021-07-28 21:19:51,725 [31a275a1-7e4f-41f8-9eef-5428a3a9a47f@group-4F9C023E6286-LeaderElection2] INFO  server.RaftServer$Division (RaftServerImpl.java:setRole(285)) - 31a275a1-7e4f-41f8-9eef-5428a3a9a47f@group-4F9C023E6286: changes role from CANDIDATE to FOLLOWER at term 1 for REJECTED
2021-07-28 21:19:51,726 [31a275a1-7e4f-41f8-9eef-5428a3a9a47f@group-4F9C023E6286-LeaderElection2] INFO  impl.RoleInfo (RoleInfo.java:shutdownLeaderElection(121)) - 31a275a1-7e4f-41f8-9eef-5428a3a9a47f: shutdown 31a275a1-7e4f-41f8-9eef-5428a3a9a47f@group-4F9C023E6286-LeaderElection2
2021-07-28 21:19:51,726 [31a275a1-7e4f-41f8-9eef-5428a3a9a47f@group-4F9C023E6286-LeaderElection2] INFO  impl.RoleInfo (RoleInfo.java:updateAndGet(130)) - 31a275a1-7e4f-41f8-9eef-5428a3a9a47f: start 31a275a1-7e4f-41f8-9eef-5428a3a9a47f@group-4F9C023E6286-FollowerState
2021-07-28 21:19:51,947 [Listener at 127.0.0.1/35523] INFO  ozone.MiniOzoneClusterImpl (MiniOzoneClusterImpl.java:lambda$waitForClusterToBeReady$0(235)) - Nodes are ready. Got 3 of 3 DN Heartbeats.
2021-07-28 21:19:51,948 [Listener at 127.0.0.1/35523] INFO  ozone.MiniOzoneClusterImpl (MiniOzoneClusterImpl.java:lambda$waitForClusterToBeReady$0(238)) - Waiting for cluster to exit safe mode
2021-07-28 21:19:51,948 [Listener at 127.0.0.1/35523] INFO  ozone.MiniOzoneClusterImpl (MiniOzoneClusterImpl.java:lambda$waitForClusterToBeReady$0(240)) - SCM became leader
2021-07-28 21:19:52,948 [Listener at 127.0.0.1/35523] INFO  ozone.MiniOzoneClusterImpl (MiniOzoneClusterImpl.java:lambda$waitForClusterToBeReady$0(235)) - Nodes are ready. Got 3 of 3 DN Heartbeats.
2021-07-28 21:19:52,949 [Listener at 127.0.0.1/35523] INFO  ozone.MiniOzoneClusterImpl (MiniOzoneClusterImpl.java:lambda$waitForClusterToBeReady$0(238)) - Waiting for cluster to exit safe mode
2021-07-28 21:19:52,949 [Listener at 127.0.0.1/35523] INFO  ozone.MiniOzoneClusterImpl (MiniOzoneClusterImpl.java:lambda$waitForClusterToBeReady$0(240)) - SCM became leader
2021-07-28 21:19:53,949 [Listener at 127.0.0.1/35523] INFO  ozone.MiniOzoneClusterImpl (MiniOzoneClusterImpl.java:lambda$waitForClusterToBeReady$0(235)) - Nodes are ready. Got 3 of 3 DN Heartbeats.
2021-07-28 21:19:53,950 [Listener at 127.0.0.1/35523] INFO  ozone.MiniOzoneClusterImpl (MiniOzoneClusterImpl.java:lambda$waitForClusterToBeReady$0(238)) - Waiting for cluster to exit safe mode
2021-07-28 21:19:53,950 [Listener at 127.0.0.1/35523] INFO  ozone.MiniOzoneClusterImpl (MiniOzoneClusterImpl.java:lambda$waitForClusterToBeReady$0(240)) - SCM became leader
2021-07-28 21:19:54,950 [Listener at 127.0.0.1/35523] INFO  ozone.MiniOzoneClusterImpl (MiniOzoneClusterImpl.java:lambda$waitForClusterToBeReady$0(235)) - Nodes are ready. Got 3 of 3 DN Heartbeats.
2021-07-28 21:19:54,950 [Listener at 127.0.0.1/35523] INFO  ozone.MiniOzoneClusterImpl (MiniOzoneClusterImpl.java:lambda$waitForClusterToBeReady$0(238)) - Waiting for cluster to exit safe mode
2021-07-28 21:19:54,950 [Listener at 127.0.0.1/35523] INFO  ozone.MiniOzoneClusterImpl (MiniOzoneClusterImpl.java:lambda$waitForClusterToBeReady$0(240)) - SCM became leader
2021-07-28 21:19:55,951 [Listener at 127.0.0.1/35523] INFO  ozone.MiniOzoneClusterImpl (MiniOzoneClusterImpl.java:lambda$waitForClusterToBeReady$0(235)) - Nodes are ready. Got 3 of 3 DN Heartbeats.
2021-07-28 21:19:55,951 [Listener at 127.0.0.1/35523] INFO  ozone.MiniOzoneClusterImpl (MiniOzoneClusterImpl.java:lambda$waitForClusterToBeReady$0(238)) - Waiting for cluster to exit safe mode
2021-07-28 21:19:55,951 [Listener at 127.0.0.1/35523] INFO  ozone.MiniOzoneClusterImpl (MiniOzoneClusterImpl.java:lambda$waitForClusterToBeReady$0(240)) - SCM became leader
2021-07-28 21:19:56,835 [31a275a1-7e4f-41f8-9eef-5428a3a9a47f@group-4F9C023E6286-FollowerState] INFO  impl.FollowerState (FollowerState.java:run(134)) - 31a275a1-7e4f-41f8-9eef-5428a3a9a47f@group-4F9C023E6286-FollowerState: change to CANDIDATE, lastRpcElapsedTime:5108699090ns, electionTimeout:5108ms
2021-07-28 21:19:56,835 [31a275a1-7e4f-41f8-9eef-5428a3a9a47f@group-4F9C023E6286-FollowerState] INFO  impl.RoleInfo (RoleInfo.java:shutdownFollowerState(108)) - 31a275a1-7e4f-41f8-9eef-5428a3a9a47f: shutdown 31a275a1-7e4f-41f8-9eef-5428a3a9a47f@group-4F9C023E6286-FollowerState
2021-07-28 21:19:56,835 [31a275a1-7e4f-41f8-9eef-5428a3a9a47f@group-4F9C023E6286-FollowerState] INFO  server.RaftServer$Division (RaftServerImpl.java:setRole(285)) - 31a275a1-7e4f-41f8-9eef-5428a3a9a47f@group-4F9C023E6286: changes role from  FOLLOWER to CANDIDATE at term 1 for changeToCandidate
2021-07-28 21:19:56,835 [31a275a1-7e4f-41f8-9eef-5428a3a9a47f@group-4F9C023E6286-FollowerState] INFO  server.RaftServerConfigKeys (ConfUtils.java:logGet(44)) - raft.server.leaderelection.pre-vote = false (custom)
2021-07-28 21:19:56,835 [31a275a1-7e4f-41f8-9eef-5428a3a9a47f@group-4F9C023E6286-FollowerState] INFO  impl.RoleInfo (RoleInfo.java:updateAndGet(130)) - 31a275a1-7e4f-41f8-9eef-5428a3a9a47f: start 31a275a1-7e4f-41f8-9eef-5428a3a9a47f@group-4F9C023E6286-LeaderElection3
2021-07-28 21:19:56,838 [31a275a1-7e4f-41f8-9eef-5428a3a9a47f@group-4F9C023E6286-LeaderElection3] INFO  impl.LeaderElection (LeaderElection.java:askForVotes(306)) - 31a275a1-7e4f-41f8-9eef-5428a3a9a47f@group-4F9C023E6286-LeaderElection3 ELECTION round 0: submit vote requests at term 2 for -1: [31a275a1-7e4f-41f8-9eef-5428a3a9a47f|rpc:10.1.0.18:39893|priority:0, 9c0f3aab-f21e-4a40-b90a-e278bd611599|rpc:10.1.0.18:40769|priority:1, 684a6605-a0ea-4f4a-a756-567e88d15665|rpc:10.1.0.18:41617|priority:0], old=null
2021-07-28 21:19:56,844 [grpc-default-executor-1] INFO  server.RaftServer$Division (RaftServerImpl.java:requestVote(1043)) - 684a6605-a0ea-4f4a-a756-567e88d15665@group-4F9C023E6286: receive requestVote(ELECTION, 31a275a1-7e4f-41f8-9eef-5428a3a9a47f, group-4F9C023E6286, 2, (t:0, i:0))
2021-07-28 21:19:56,845 [grpc-default-executor-1] INFO  impl.VoteContext (VoteContext.java:log(48)) - 684a6605-a0ea-4f4a-a756-567e88d15665@group-4F9C023E6286-FOLLOWER: accept ELECTION from 31a275a1-7e4f-41f8-9eef-5428a3a9a47f: our priority 0 <= candidate's priority 0
2021-07-28 21:19:56,845 [grpc-default-executor-1] INFO  server.RaftServer$Division (RaftServerImpl.java:setRole(285)) - 684a6605-a0ea-4f4a-a756-567e88d15665@group-4F9C023E6286: changes role from  FOLLOWER to FOLLOWER at term 2 for candidate:31a275a1-7e4f-41f8-9eef-5428a3a9a47f
2021-07-28 21:19:56,845 [grpc-default-executor-1] INFO  impl.RoleInfo (RoleInfo.java:shutdownFollowerState(108)) - 684a6605-a0ea-4f4a-a756-567e88d15665: shutdown 684a6605-a0ea-4f4a-a756-567e88d15665@group-4F9C023E6286-FollowerState
2021-07-28 21:19:56,845 [grpc-default-executor-1] INFO  impl.RoleInfo (RoleInfo.java:updateAndGet(130)) - 684a6605-a0ea-4f4a-a756-567e88d15665: start 684a6605-a0ea-4f4a-a756-567e88d15665@group-4F9C023E6286-FollowerState
2021-07-28 21:19:56,845 [684a6605-a0ea-4f4a-a756-567e88d15665@group-4F9C023E6286-FollowerState] INFO  impl.FollowerState (FollowerState.java:run(143)) - 684a6605-a0ea-4f4a-a756-567e88d15665@group-4F9C023E6286-FollowerState was interrupted: {}
java.lang.InterruptedException: sleep interrupted
	at java.lang.Thread.sleep(Native Method)
	at java.lang.Thread.sleep(Thread.java:340)
	at java.util.concurrent.TimeUnit.sleep(TimeUnit.java:386)
	at org.apache.ratis.util.TimeDuration.sleep(TimeDuration.java:324)
	at org.apache.ratis.util.TimeDuration.sleep(TimeDuration.java:309)
	at org.apache.ratis.server.impl.FollowerState.run(FollowerState.java:118)
2021-07-28 21:19:56,849 [9c0f3aab-f21e-4a40-b90a-e278bd611599@group-4F9C023E6286-FollowerState] INFO  impl.FollowerState (FollowerState.java:run(134)) - 9c0f3aab-f21e-4a40-b90a-e278bd611599@group-4F9C023E6286-FollowerState: change to CANDIDATE, lastRpcElapsedTime:5147016609ns, electionTimeout:5132ms
2021-07-28 21:19:56,850 [9c0f3aab-f21e-4a40-b90a-e278bd611599@group-4F9C023E6286-FollowerState] INFO  impl.RoleInfo (RoleInfo.java:shutdownFollowerState(108)) - 9c0f3aab-f21e-4a40-b90a-e278bd611599: shutdown 9c0f3aab-f21e-4a40-b90a-e278bd611599@group-4F9C023E6286-FollowerState
2021-07-28 21:19:56,850 [9c0f3aab-f21e-4a40-b90a-e278bd611599@group-4F9C023E6286-FollowerState] INFO  server.RaftServer$Division (RaftServerImpl.java:setRole(285)) - 9c0f3aab-f21e-4a40-b90a-e278bd611599@group-4F9C023E6286: changes role from  FOLLOWER to CANDIDATE at term 1 for changeToCandidate
2021-07-28 21:19:56,850 [9c0f3aab-f21e-4a40-b90a-e278bd611599@group-4F9C023E6286-FollowerState] INFO  server.RaftServerConfigKeys (ConfUtils.java:logGet(44)) - raft.server.leaderelection.pre-vote = false (custom)
2021-07-28 21:19:56,850 [9c0f3aab-f21e-4a40-b90a-e278bd611599@group-4F9C023E6286-FollowerState] INFO  impl.RoleInfo (RoleInfo.java:updateAndGet(130)) - 9c0f3aab-f21e-4a40-b90a-e278bd611599: start 9c0f3aab-f21e-4a40-b90a-e278bd611599@group-4F9C023E6286-LeaderElection4
2021-07-28 21:19:56,851 [grpc-default-executor-1] INFO  server.RaftServer$Division (RaftServerImpl.java:requestVote(1075)) - 684a6605-a0ea-4f4a-a756-567e88d15665@group-4F9C023E6286 replies to ELECTION vote request: 31a275a1-7e4f-41f8-9eef-5428a3a9a47f<-684a6605-a0ea-4f4a-a756-567e88d15665#0:OK-t2. Peer's state: 684a6605-a0ea-4f4a-a756-567e88d15665@group-4F9C023E6286:t2, leader=null, voted=31a275a1-7e4f-41f8-9eef-5428a3a9a47f, raftlog=684a6605-a0ea-4f4a-a756-567e88d15665@group-4F9C023E6286-SegmentedRaftLog:OPENED:c-1,f-1,i0, conf=-1: [31a275a1-7e4f-41f8-9eef-5428a3a9a47f|rpc:10.1.0.18:39893|priority:0, 9c0f3aab-f21e-4a40-b90a-e278bd611599|rpc:10.1.0.18:40769|priority:1, 684a6605-a0ea-4f4a-a756-567e88d15665|rpc:10.1.0.18:41617|priority:0], old=null
2021-07-28 21:19:56,854 [9c0f3aab-f21e-4a40-b90a-e278bd611599@group-4F9C023E6286-LeaderElection4] INFO  impl.LeaderElection (LeaderElection.java:askForVotes(306)) - 9c0f3aab-f21e-4a40-b90a-e278bd611599@group-4F9C023E6286-LeaderElection4 ELECTION round 0: submit vote requests at term 2 for -1: [31a275a1-7e4f-41f8-9eef-5428a3a9a47f|rpc:10.1.0.18:39893|priority:0, 9c0f3aab-f21e-4a40-b90a-e278bd611599|rpc:10.1.0.18:40769|priority:1, 684a6605-a0ea-4f4a-a756-567e88d15665|rpc:10.1.0.18:41617|priority:0], old=null
2021-07-28 21:19:56,854 [grpc-default-executor-1] INFO  server.RaftServer$Division (RaftServerImpl.java:requestVote(1043)) - 9c0f3aab-f21e-4a40-b90a-e278bd611599@group-4F9C023E6286: receive requestVote(ELECTION, 31a275a1-7e4f-41f8-9eef-5428a3a9a47f, group-4F9C023E6286, 2, (t:0, i:0))
2021-07-28 21:19:56,861 [grpc-default-executor-1] INFO  impl.VoteContext (VoteContext.java:log(48)) - 9c0f3aab-f21e-4a40-b90a-e278bd611599@group-4F9C023E6286-CANDIDATE: reject ELECTION from 31a275a1-7e4f-41f8-9eef-5428a3a9a47f: already has voted for 9c0f3aab-f21e-4a40-b90a-e278bd611599 at current term 2
2021-07-28 21:19:56,862 [grpc-default-executor-1] INFO  server.RaftServer$Division (RaftServerImpl.java:requestVote(1075)) - 9c0f3aab-f21e-4a40-b90a-e278bd611599@group-4F9C023E6286 replies to ELECTION vote request: 31a275a1-7e4f-41f8-9eef-5428a3a9a47f<-9c0f3aab-f21e-4a40-b90a-e278bd611599#0:FAIL-t2. Peer's state: 9c0f3aab-f21e-4a40-b90a-e278bd611599@group-4F9C023E6286:t2, leader=null, voted=9c0f3aab-f21e-4a40-b90a-e278bd611599, raftlog=9c0f3aab-f21e-4a40-b90a-e278bd611599@group-4F9C023E6286-SegmentedRaftLog:OPENED:c-1,f-1,i0, conf=-1: [31a275a1-7e4f-41f8-9eef-5428a3a9a47f|rpc:10.1.0.18:39893|priority:0, 9c0f3aab-f21e-4a40-b90a-e278bd611599|rpc:10.1.0.18:40769|priority:1, 684a6605-a0ea-4f4a-a756-567e88d15665|rpc:10.1.0.18:41617|priority:0], old=null
2021-07-28 21:19:56,863 [31a275a1-7e4f-41f8-9eef-5428a3a9a47f@group-4F9C023E6286-LeaderElection3] INFO  impl.LeaderElection (LeaderElection.java:logAndReturn(89)) - 31a275a1-7e4f-41f8-9eef-5428a3a9a47f@group-4F9C023E6286-LeaderElection3: ELECTION REJECTED received 2 response(s) and 0 exception(s):
2021-07-28 21:19:56,863 [31a275a1-7e4f-41f8-9eef-5428a3a9a47f@group-4F9C023E6286-LeaderElection3] INFO  impl.LeaderElection (LeaderElection.java:logAndReturn(93)) -   Response 0: 31a275a1-7e4f-41f8-9eef-5428a3a9a47f<-9c0f3aab-f21e-4a40-b90a-e278bd611599#0:FAIL-t2
2021-07-28 21:19:56,863 [31a275a1-7e4f-41f8-9eef-5428a3a9a47f@group-4F9C023E6286-LeaderElection3] INFO  impl.LeaderElection (LeaderElection.java:logAndReturn(93)) -   Response 1: 31a275a1-7e4f-41f8-9eef-5428a3a9a47f<-684a6605-a0ea-4f4a-a756-567e88d15665#0:OK-t2
2021-07-28 21:19:56,863 [31a275a1-7e4f-41f8-9eef-5428a3a9a47f@group-4F9C023E6286-LeaderElection3] INFO  impl.LeaderElection (LeaderElection.java:askForVotes(308)) - 31a275a1-7e4f-41f8-9eef-5428a3a9a47f@group-4F9C023E6286-LeaderElection3 ELECTION round 0: result REJECTED
2021-07-28 21:19:56,863 [31a275a1-7e4f-41f8-9eef-5428a3a9a47f@group-4F9C023E6286-LeaderElection3] INFO  server.RaftServer$Division (RaftServerImpl.java:setRole(285)) - 31a275a1-7e4f-41f8-9eef-5428a3a9a47f@group-4F9C023E6286: changes role from CANDIDATE to FOLLOWER at term 2 for REJECTED
2021-07-28 21:19:56,863 [31a275a1-7e4f-41f8-9eef-5428a3a9a47f@group-4F9C023E6286-LeaderElection3] INFO  impl.RoleInfo (RoleInfo.java:shutdownLeaderElection(121)) - 31a275a1-7e4f-41f8-9eef-5428a3a9a47f: shutdown 31a275a1-7e4f-41f8-9eef-5428a3a9a47f@group-4F9C023E6286-LeaderElection3
2021-07-28 21:19:56,863 [31a275a1-7e4f-41f8-9eef-5428a3a9a47f@group-4F9C023E6286-LeaderElection3] INFO  impl.RoleInfo (RoleInfo.java:updateAndGet(130)) - 31a275a1-7e4f-41f8-9eef-5428a3a9a47f: start 31a275a1-7e4f-41f8-9eef-5428a3a9a47f@group-4F9C023E6286-FollowerState
2021-07-28 21:19:56,877 [grpc-default-executor-1] INFO  server.RaftServer$Division (RaftServerImpl.java:requestVote(1043)) - 684a6605-a0ea-4f4a-a756-567e88d15665@group-4F9C023E6286: receive requestVote(ELECTION, 9c0f3aab-f21e-4a40-b90a-e278bd611599, group-4F9C023E6286, 2, (t:0, i:0))
2021-07-28 21:19:56,877 [grpc-default-executor-1] INFO  impl.VoteContext (VoteContext.java:log(48)) - 684a6605-a0ea-4f4a-a756-567e88d15665@group-4F9C023E6286-FOLLOWER: reject ELECTION from 9c0f3aab-f21e-4a40-b90a-e278bd611599: already has voted for 31a275a1-7e4f-41f8-9eef-5428a3a9a47f at current term 2
2021-07-28 21:19:56,877 [grpc-default-executor-1] INFO  server.RaftServer$Division (RaftServerImpl.java:requestVote(1075)) - 684a6605-a0ea-4f4a-a756-567e88d15665@group-4F9C023E6286 replies to ELECTION vote request: 9c0f3aab-f21e-4a40-b90a-e278bd611599<-684a6605-a0ea-4f4a-a756-567e88d15665#0:FAIL-t2. Peer's state: 684a6605-a0ea-4f4a-a756-567e88d15665@group-4F9C023E6286:t2, leader=null, voted=31a275a1-7e4f-41f8-9eef-5428a3a9a47f, raftlog=684a6605-a0ea-4f4a-a756-567e88d15665@group-4F9C023E6286-SegmentedRaftLog:OPENED:c-1,f-1,i0, conf=-1: [31a275a1-7e4f-41f8-9eef-5428a3a9a47f|rpc:10.1.0.18:39893|priority:0, 9c0f3aab-f21e-4a40-b90a-e278bd611599|rpc:10.1.0.18:40769|priority:1, 684a6605-a0ea-4f4a-a756-567e88d15665|rpc:10.1.0.18:41617|priority:0], old=null
2021-07-28 21:19:56,877 [grpc-default-executor-0] INFO  server.RaftServer$Division (RaftServerImpl.java:requestVote(1043)) - 31a275a1-7e4f-41f8-9eef-5428a3a9a47f@group-4F9C023E6286: receive requestVote(ELECTION, 9c0f3aab-f21e-4a40-b90a-e278bd611599, group-4F9C023E6286, 2, (t:0, i:0))
2021-07-28 21:19:56,878 [grpc-default-executor-0] INFO  impl.VoteContext (VoteContext.java:log(48)) - 31a275a1-7e4f-41f8-9eef-5428a3a9a47f@group-4F9C023E6286-FOLLOWER: reject ELECTION from 9c0f3aab-f21e-4a40-b90a-e278bd611599: already has voted for 31a275a1-7e4f-41f8-9eef-5428a3a9a47f at current term 2
2021-07-28 21:19:56,878 [grpc-default-executor-0] INFO  server.RaftServer$Division (RaftServerImpl.java:requestVote(1075)) - 31a275a1-7e4f-41f8-9eef-5428a3a9a47f@group-4F9C023E6286 replies to ELECTION vote request: 9c0f3aab-f21e-4a40-b90a-e278bd611599<-31a275a1-7e4f-41f8-9eef-5428a3a9a47f#0:FAIL-t2. Peer's state: 31a275a1-7e4f-41f8-9eef-5428a3a9a47f@group-4F9C023E6286:t2, leader=null, voted=31a275a1-7e4f-41f8-9eef-5428a3a9a47f, raftlog=31a275a1-7e4f-41f8-9eef-5428a3a9a47f@group-4F9C023E6286-SegmentedRaftLog:OPENED:c-1,f-1,i0, conf=-1: [31a275a1-7e4f-41f8-9eef-5428a3a9a47f|rpc:10.1.0.18:39893|priority:0, 9c0f3aab-f21e-4a40-b90a-e278bd611599|rpc:10.1.0.18:40769|priority:1, 684a6605-a0ea-4f4a-a756-567e88d15665|rpc:10.1.0.18:41617|priority:0], old=null
2021-07-28 21:19:56,880 [9c0f3aab-f21e-4a40-b90a-e278bd611599@group-4F9C023E6286-LeaderElection4] INFO  impl.LeaderElection (LeaderElection.java:logAndReturn(89)) - 9c0f3aab-f21e-4a40-b90a-e278bd611599@group-4F9C023E6286-LeaderElection4: ELECTION REJECTED received 2 response(s) and 0 exception(s):
2021-07-28 21:19:56,880 [9c0f3aab-f21e-4a40-b90a-e278bd611599@group-4F9C023E6286-LeaderElection4] INFO  impl.LeaderElection (LeaderElection.java:logAndReturn(93)) -   Response 0: 9c0f3aab-f21e-4a40-b90a-e278bd611599<-31a275a1-7e4f-41f8-9eef-5428a3a9a47f#0:FAIL-t2
2021-07-28 21:19:56,880 [9c0f3aab-f21e-4a40-b90a-e278bd611599@group-4F9C023E6286-LeaderElection4] INFO  impl.LeaderElection (LeaderElection.java:logAndReturn(93)) -   Response 1: 9c0f3aab-f21e-4a40-b90a-e278bd611599<-684a6605-a0ea-4f4a-a756-567e88d15665#0:FAIL-t2
2021-07-28 21:19:56,880 [9c0f3aab-f21e-4a40-b90a-e278bd611599@group-4F9C023E6286-LeaderElection4] INFO  impl.LeaderElection (LeaderElection.java:askForVotes(308)) - 9c0f3aab-f21e-4a40-b90a-e278bd611599@group-4F9C023E6286-LeaderElection4 ELECTION round 0: result REJECTED
2021-07-28 21:19:56,881 [9c0f3aab-f21e-4a40-b90a-e278bd611599@group-4F9C023E6286-LeaderElection4] INFO  server.RaftServer$Division (RaftServerImpl.java:setRole(285)) - 9c0f3aab-f21e-4a40-b90a-e278bd611599@group-4F9C023E6286: changes role from CANDIDATE to FOLLOWER at term 2 for REJECTED
2021-07-28 21:19:56,881 [9c0f3aab-f21e-4a40-b90a-e278bd611599@group-4F9C023E6286-LeaderElection4] INFO  impl.RoleInfo (RoleInfo.java:shutdownLeaderElection(121)) - 9c0f3aab-f21e-4a40-b90a-e278bd611599: shutdown 9c0f3aab-f21e-4a40-b90a-e278bd611599@group-4F9C023E6286-LeaderElection4
2021-07-28 21:19:56,881 [9c0f3aab-f21e-4a40-b90a-e278bd611599@group-4F9C023E6286-LeaderElection4] INFO  impl.RoleInfo (RoleInfo.java:updateAndGet(130)) - 9c0f3aab-f21e-4a40-b90a-e278bd611599: start 9c0f3aab-f21e-4a40-b90a-e278bd611599@group-4F9C023E6286-FollowerState
2021-07-28 21:19:56,952 [Listener at 127.0.0.1/35523] INFO  ozone.MiniOzoneClusterImpl (MiniOzoneClusterImpl.java:lambda$waitForClusterToBeReady$0(235)) - Nodes are ready. Got 3 of 3 DN Heartbeats.
2021-07-28 21:19:56,952 [Listener at 127.0.0.1/35523] INFO  ozone.MiniOzoneClusterImpl (MiniOzoneClusterImpl.java:lambda$waitForClusterToBeReady$0(238)) - Waiting for cluster to exit safe mode
2021-07-28 21:19:56,952 [Listener at 127.0.0.1/35523] INFO  ozone.MiniOzoneClusterImpl (MiniOzoneClusterImpl.java:lambda$waitForClusterToBeReady$0(240)) - SCM became leader
2021-07-28 21:19:57,953 [Listener at 127.0.0.1/35523] INFO  ozone.MiniOzoneClusterImpl (MiniOzoneClusterImpl.java:lambda$waitForClusterToBeReady$0(235)) - Nodes are ready. Got 3 of 3 DN Heartbeats.
2021-07-28 21:19:57,953 [Listener at 127.0.0.1/35523] INFO  ozone.MiniOzoneClusterImpl (MiniOzoneClusterImpl.java:lambda$waitForClusterToBeReady$0(238)) - Waiting for cluster to exit safe mode
2021-07-28 21:19:57,953 [Listener at 127.0.0.1/35523] INFO  ozone.MiniOzoneClusterImpl (MiniOzoneClusterImpl.java:lambda$waitForClusterToBeReady$0(240)) - SCM became leader
2021-07-28 21:19:58,953 [Listener at 127.0.0.1/35523] INFO  ozone.MiniOzoneClusterImpl (MiniOzoneClusterImpl.java:lambda$waitForClusterToBeReady$0(235)) - Nodes are ready. Got 3 of 3 DN Heartbeats.
2021-07-28 21:19:58,954 [Listener at 127.0.0.1/35523] INFO  ozone.MiniOzoneClusterImpl (MiniOzoneClusterImpl.java:lambda$waitForClusterToBeReady$0(238)) - Waiting for cluster to exit safe mode
2021-07-28 21:19:58,954 [Listener at 127.0.0.1/35523] INFO  ozone.MiniOzoneClusterImpl (MiniOzoneClusterImpl.java:lambda$waitForClusterToBeReady$0(240)) - SCM became leader
2021-07-28 21:19:59,954 [Listener at 127.0.0.1/35523] INFO  ozone.MiniOzoneClusterImpl (MiniOzoneClusterImpl.java:lambda$waitForClusterToBeReady$0(235)) - Nodes are ready. Got 3 of 3 DN Heartbeats.
2021-07-28 21:19:59,955 [Listener at 127.0.0.1/35523] INFO  ozone.MiniOzoneClusterImpl (MiniOzoneClusterImpl.java:lambda$waitForClusterToBeReady$0(238)) - Waiting for cluster to exit safe mode
2021-07-28 21:19:59,955 [Listener at 127.0.0.1/35523] INFO  ozone.MiniOzoneClusterImpl (MiniOzoneClusterImpl.java:lambda$waitForClusterToBeReady$0(240)) - SCM became leader
2021-07-28 21:20:00,955 [Listener at 127.0.0.1/35523] INFO  ozone.MiniOzoneClusterImpl (MiniOzoneClusterImpl.java:lambda$waitForClusterToBeReady$0(235)) - Nodes are ready. Got 3 of 3 DN Heartbeats.
2021-07-28 21:20:00,956 [Listener at 127.0.0.1/35523] INFO  ozone.MiniOzoneClusterImpl (MiniOzoneClusterImpl.java:lambda$waitForClusterToBeReady$0(238)) - Waiting for cluster to exit safe mode
2021-07-28 21:20:00,956 [Listener at 127.0.0.1/35523] INFO  ozone.MiniOzoneClusterImpl (MiniOzoneClusterImpl.java:lambda$waitForClusterToBeReady$0(240)) - SCM became leader
2021-07-28 21:20:01,899 [31a275a1-7e4f-41f8-9eef-5428a3a9a47f@group-4F9C023E6286-FollowerState] INFO  impl.FollowerState (FollowerState.java:run(134)) - 31a275a1-7e4f-41f8-9eef-5428a3a9a47f@group-4F9C023E6286-FollowerState: change to CANDIDATE, lastRpcElapsedTime:5035186933ns, electionTimeout:5029ms
2021-07-28 21:20:01,899 [31a275a1-7e4f-41f8-9eef-5428a3a9a47f@group-4F9C023E6286-FollowerState] INFO  impl.RoleInfo (RoleInfo.java:shutdownFollowerState(108)) - 31a275a1-7e4f-41f8-9eef-5428a3a9a47f: shutdown 31a275a1-7e4f-41f8-9eef-5428a3a9a47f@group-4F9C023E6286-FollowerState
2021-07-28 21:20:01,899 [31a275a1-7e4f-41f8-9eef-5428a3a9a47f@group-4F9C023E6286-FollowerState] INFO  server.RaftServer$Division (RaftServerImpl.java:setRole(285)) - 31a275a1-7e4f-41f8-9eef-5428a3a9a47f@group-4F9C023E6286: changes role from  FOLLOWER to CANDIDATE at term 2 for changeToCandidate
2021-07-28 21:20:01,899 [31a275a1-7e4f-41f8-9eef-5428a3a9a47f@group-4F9C023E6286-FollowerState] INFO  server.RaftServerConfigKeys (ConfUtils.java:logGet(44)) - raft.server.leaderelection.pre-vote = false (custom)
2021-07-28 21:20:01,899 [31a275a1-7e4f-41f8-9eef-5428a3a9a47f@group-4F9C023E6286-FollowerState] INFO  impl.RoleInfo (RoleInfo.java:updateAndGet(130)) - 31a275a1-7e4f-41f8-9eef-5428a3a9a47f: start 31a275a1-7e4f-41f8-9eef-5428a3a9a47f@group-4F9C023E6286-LeaderElection5
2021-07-28 21:20:01,905 [31a275a1-7e4f-41f8-9eef-5428a3a9a47f@group-4F9C023E6286-LeaderElection5] INFO  impl.LeaderElection (LeaderElection.java:askForVotes(306)) - 31a275a1-7e4f-41f8-9eef-5428a3a9a47f@group-4F9C023E6286-LeaderElection5 ELECTION round 0: submit vote requests at term 3 for -1: [31a275a1-7e4f-41f8-9eef-5428a3a9a47f|rpc:10.1.0.18:39893|priority:0, 9c0f3aab-f21e-4a40-b90a-e278bd611599|rpc:10.1.0.18:40769|priority:1, 684a6605-a0ea-4f4a-a756-567e88d15665|rpc:10.1.0.18:41617|priority:0], old=null
2021-07-28 21:20:01,908 [grpc-default-executor-1] INFO  server.RaftServer$Division (RaftServerImpl.java:requestVote(1043)) - 684a6605-a0ea-4f4a-a756-567e88d15665@group-4F9C023E6286: receive requestVote(ELECTION, 31a275a1-7e4f-41f8-9eef-5428a3a9a47f, group-4F9C023E6286, 3, (t:0, i:0))
2021-07-28 21:20:01,909 [grpc-default-executor-1] INFO  impl.VoteContext (VoteContext.java:log(48)) - 684a6605-a0ea-4f4a-a756-567e88d15665@group-4F9C023E6286-FOLLOWER: accept ELECTION from 31a275a1-7e4f-41f8-9eef-5428a3a9a47f: our priority 0 <= candidate's priority 0
2021-07-28 21:20:01,909 [grpc-default-executor-1] INFO  server.RaftServer$Division (RaftServerImpl.java:setRole(285)) - 684a6605-a0ea-4f4a-a756-567e88d15665@group-4F9C023E6286: changes role from  FOLLOWER to FOLLOWER at term 3 for candidate:31a275a1-7e4f-41f8-9eef-5428a3a9a47f
2021-07-28 21:20:01,909 [grpc-default-executor-1] INFO  impl.RoleInfo (RoleInfo.java:shutdownFollowerState(108)) - 684a6605-a0ea-4f4a-a756-567e88d15665: shutdown 684a6605-a0ea-4f4a-a756-567e88d15665@group-4F9C023E6286-FollowerState
2021-07-28 21:20:01,909 [grpc-default-executor-1] INFO  impl.RoleInfo (RoleInfo.java:updateAndGet(130)) - 684a6605-a0ea-4f4a-a756-567e88d15665: start 684a6605-a0ea-4f4a-a756-567e88d15665@group-4F9C023E6286-FollowerState
2021-07-28 21:20:01,910 [684a6605-a0ea-4f4a-a756-567e88d15665@group-4F9C023E6286-FollowerState] INFO  impl.FollowerState (FollowerState.java:run(143)) - 684a6605-a0ea-4f4a-a756-567e88d15665@group-4F9C023E6286-FollowerState was interrupted: {}
java.lang.InterruptedException: sleep interrupted
	at java.lang.Thread.sleep(Native Method)
	at java.lang.Thread.sleep(Thread.java:340)
	at java.util.concurrent.TimeUnit.sleep(TimeUnit.java:386)
	at org.apache.ratis.util.TimeDuration.sleep(TimeDuration.java:324)
	at org.apache.ratis.util.TimeDuration.sleep(TimeDuration.java:309)
	at org.apache.ratis.server.impl.FollowerState.run(FollowerState.java:118)
2021-07-28 21:20:01,911 [grpc-default-executor-0] INFO  server.RaftServer$Division (RaftServerImpl.java:requestVote(1043)) - 9c0f3aab-f21e-4a40-b90a-e278bd611599@group-4F9C023E6286: receive requestVote(ELECTION, 31a275a1-7e4f-41f8-9eef-5428a3a9a47f, group-4F9C023E6286, 3, (t:0, i:0))
2021-07-28 21:20:01,911 [grpc-default-executor-0] INFO  impl.VoteContext (VoteContext.java:log(48)) - 9c0f3aab-f21e-4a40-b90a-e278bd611599@group-4F9C023E6286-FOLLOWER: reject ELECTION from 31a275a1-7e4f-41f8-9eef-5428a3a9a47f: our priority 1 > candidate's priority 0
2021-07-28 21:20:01,911 [grpc-default-executor-0] INFO  server.RaftServer$Division (RaftServerImpl.java:setRole(285)) - 9c0f3aab-f21e-4a40-b90a-e278bd611599@group-4F9C023E6286: changes role from  FOLLOWER to FOLLOWER at term 3 for candidate:31a275a1-7e4f-41f8-9eef-5428a3a9a47f
2021-07-28 21:20:01,912 [grpc-default-executor-0] INFO  impl.RoleInfo (RoleInfo.java:shutdownFollowerState(108)) - 9c0f3aab-f21e-4a40-b90a-e278bd611599: shutdown 9c0f3aab-f21e-4a40-b90a-e278bd611599@group-4F9C023E6286-FollowerState
2021-07-28 21:20:01,912 [grpc-default-executor-0] INFO  impl.RoleInfo (RoleInfo.java:updateAndGet(130)) - 9c0f3aab-f21e-4a40-b90a-e278bd611599: start 9c0f3aab-f21e-4a40-b90a-e278bd611599@group-4F9C023E6286-FollowerState
2021-07-28 21:20:01,912 [9c0f3aab-f21e-4a40-b90a-e278bd611599@group-4F9C023E6286-FollowerState] INFO  impl.FollowerState (FollowerState.java:run(143)) - 9c0f3aab-f21e-4a40-b90a-e278bd611599@group-4F9C023E6286-FollowerState was interrupted: {}
java.lang.InterruptedException: sleep interrupted
	at java.lang.Thread.sleep(Native Method)
	at java.lang.Thread.sleep(Thread.java:340)
	at java.util.concurrent.TimeUnit.sleep(TimeUnit.java:386)
	at org.apache.ratis.util.TimeDuration.sleep(TimeDuration.java:324)
	at org.apache.ratis.util.TimeDuration.sleep(TimeDuration.java:309)
	at org.apache.ratis.server.impl.FollowerState.run(FollowerState.java:118)
2021-07-28 21:20:01,912 [grpc-default-executor-1] INFO  server.RaftServer$Division (RaftServerImpl.java:requestVote(1075)) - 684a6605-a0ea-4f4a-a756-567e88d15665@group-4F9C023E6286 replies to ELECTION vote request: 31a275a1-7e4f-41f8-9eef-5428a3a9a47f<-684a6605-a0ea-4f4a-a756-567e88d15665#0:OK-t3. Peer's state: 684a6605-a0ea-4f4a-a756-567e88d15665@group-4F9C023E6286:t3, leader=null, voted=31a275a1-7e4f-41f8-9eef-5428a3a9a47f, raftlog=684a6605-a0ea-4f4a-a756-567e88d15665@group-4F9C023E6286-SegmentedRaftLog:OPENED:c-1,f-1,i0, conf=-1: [31a275a1-7e4f-41f8-9eef-5428a3a9a47f|rpc:10.1.0.18:39893|priority:0, 9c0f3aab-f21e-4a40-b90a-e278bd611599|rpc:10.1.0.18:40769|priority:1, 684a6605-a0ea-4f4a-a756-567e88d15665|rpc:10.1.0.18:41617|priority:0], old=null
2021-07-28 21:20:01,917 [grpc-default-executor-0] INFO  server.RaftServer$Division (RaftServerImpl.java:requestVote(1075)) - 9c0f3aab-f21e-4a40-b90a-e278bd611599@group-4F9C023E6286 replies to ELECTION vote request: 31a275a1-7e4f-41f8-9eef-5428a3a9a47f<-9c0f3aab-f21e-4a40-b90a-e278bd611599#0:FAIL-t3. Peer's state: 9c0f3aab-f21e-4a40-b90a-e278bd611599@group-4F9C023E6286:t3, leader=null, voted=null, raftlog=9c0f3aab-f21e-4a40-b90a-e278bd611599@group-4F9C023E6286-SegmentedRaftLog:OPENED:c-1,f-1,i0, conf=-1: [31a275a1-7e4f-41f8-9eef-5428a3a9a47f|rpc:10.1.0.18:39893|priority:0, 9c0f3aab-f21e-4a40-b90a-e278bd611599|rpc:10.1.0.18:40769|priority:1, 684a6605-a0ea-4f4a-a756-567e88d15665|rpc:10.1.0.18:41617|priority:0], old=null
2021-07-28 21:20:01,919 [31a275a1-7e4f-41f8-9eef-5428a3a9a47f@group-4F9C023E6286-LeaderElection5] INFO  impl.LeaderElection (LeaderElection.java:logAndReturn(89)) - 31a275a1-7e4f-41f8-9eef-5428a3a9a47f@group-4F9C023E6286-LeaderElection5: ELECTION REJECTED received 2 response(s) and 0 exception(s):
2021-07-28 21:20:01,920 [31a275a1-7e4f-41f8-9eef-5428a3a9a47f@group-4F9C023E6286-LeaderElection5] INFO  impl.LeaderElection (LeaderElection.java:logAndReturn(93)) -   Response 0: 31a275a1-7e4f-41f8-9eef-5428a3a9a47f<-9c0f3aab-f21e-4a40-b90a-e278bd611599#0:FAIL-t3
2021-07-28 21:20:01,920 [31a275a1-7e4f-41f8-9eef-5428a3a9a47f@group-4F9C023E6286-LeaderElection5] INFO  impl.LeaderElection (LeaderElection.java:logAndReturn(93)) -   Response 1: 31a275a1-7e4f-41f8-9eef-5428a3a9a47f<-684a6605-a0ea-4f4a-a756-567e88d15665#0:OK-t3
2021-07-28 21:20:01,920 [31a275a1-7e4f-41f8-9eef-5428a3a9a47f@group-4F9C023E6286-LeaderElection5] INFO  impl.LeaderElection (LeaderElection.java:askForVotes(308)) - 31a275a1-7e4f-41f8-9eef-5428a3a9a47f@group-4F9C023E6286-LeaderElection5 ELECTION round 0: result REJECTED
2021-07-28 21:20:01,920 [31a275a1-7e4f-41f8-9eef-5428a3a9a47f@group-4F9C023E6286-LeaderElection5] INFO  server.RaftServer$Division (RaftServerImpl.java:setRole(285)) - 31a275a1-7e4f-41f8-9eef-5428a3a9a47f@group-4F9C023E6286: changes role from CANDIDATE to FOLLOWER at term 3 for REJECTED
2021-07-28 21:20:01,920 [31a275a1-7e4f-41f8-9eef-5428a3a9a47f@group-4F9C023E6286-LeaderElection5] INFO  impl.RoleInfo (RoleInfo.java:shutdownLeaderElection(121)) - 31a275a1-7e4f-41f8-9eef-5428a3a9a47f: shutdown 31a275a1-7e4f-41f8-9eef-5428a3a9a47f@group-4F9C023E6286-LeaderElection5
2021-07-28 21:20:01,920 [31a275a1-7e4f-41f8-9eef-5428a3a9a47f@group-4F9C023E6286-LeaderElection5] INFO  impl.RoleInfo (RoleInfo.java:updateAndGet(130)) - 31a275a1-7e4f-41f8-9eef-5428a3a9a47f: start 31a275a1-7e4f-41f8-9eef-5428a3a9a47f@group-4F9C023E6286-FollowerState
2021-07-28 21:20:01,956 [Listener at 127.0.0.1/35523] INFO  ozone.MiniOzoneClusterImpl (MiniOzoneClusterImpl.java:lambda$waitForClusterToBeReady$0(235)) - Nodes are ready. Got 3 of 3 DN Heartbeats.
2021-07-28 21:20:01,957 [Listener at 127.0.0.1/35523] INFO  ozone.MiniOzoneClusterImpl (MiniOzoneClusterImpl.java:lambda$waitForClusterToBeReady$0(238)) - Waiting for cluster to exit safe mode
2021-07-28 21:20:01,957 [Listener at 127.0.0.1/35523] INFO  ozone.MiniOzoneClusterImpl (MiniOzoneClusterImpl.java:lambda$waitForClusterToBeReady$0(240)) - SCM became leader
2021-07-28 21:20:02,957 [Listener at 127.0.0.1/35523] INFO  ozone.MiniOzoneClusterImpl (MiniOzoneClusterImpl.java:lambda$waitForClusterToBeReady$0(235)) - Nodes are ready. Got 3 of 3 DN Heartbeats.
2021-07-28 21:20:02,958 [Listener at 127.0.0.1/35523] INFO  ozone.MiniOzoneClusterImpl (MiniOzoneClusterImpl.java:lambda$waitForClusterToBeReady$0(238)) - Waiting for cluster to exit safe mode
2021-07-28 21:20:02,958 [Listener at 127.0.0.1/35523] INFO  ozone.MiniOzoneClusterImpl (MiniOzoneClusterImpl.java:lambda$waitForClusterToBeReady$0(240)) - SCM became leader
2021-07-28 21:20:03,958 [Listener at 127.0.0.1/35523] INFO  ozone.MiniOzoneClusterImpl (MiniOzoneClusterImpl.java:lambda$waitForClusterToBeReady$0(235)) - Nodes are ready. Got 3 of 3 DN Heartbeats.
2021-07-28 21:20:03,959 [Listener at 127.0.0.1/35523] INFO  ozone.MiniOzoneClusterImpl (MiniOzoneClusterImpl.java:lambda$waitForClusterToBeReady$0(238)) - Waiting for cluster to exit safe mode
2021-07-28 21:20:03,959 [Listener at 127.0.0.1/35523] INFO  ozone.MiniOzoneClusterImpl (MiniOzoneClusterImpl.java:lambda$waitForClusterToBeReady$0(240)) - SCM became leader
2021-07-28 21:20:04,959 [Listener at 127.0.0.1/35523] INFO  ozone.MiniOzoneClusterImpl (MiniOzoneClusterImpl.java:lambda$waitForClusterToBeReady$0(235)) - Nodes are ready. Got 3 of 3 DN Heartbeats.
2021-07-28 21:20:04,959 [Listener at 127.0.0.1/35523] INFO  ozone.MiniOzoneClusterImpl (MiniOzoneClusterImpl.java:lambda$waitForClusterToBeReady$0(238)) - Waiting for cluster to exit safe mode
2021-07-28 21:20:04,959 [Listener at 127.0.0.1/35523] INFO  ozone.MiniOzoneClusterImpl (MiniOzoneClusterImpl.java:lambda$waitForClusterToBeReady$0(240)) - SCM became leader
2021-07-28 21:20:05,960 [Listener at 127.0.0.1/35523] INFO  ozone.MiniOzoneClusterImpl (MiniOzoneClusterImpl.java:lambda$waitForClusterToBeReady$0(235)) - Nodes are ready. Got 3 of 3 DN Heartbeats.
2021-07-28 21:20:05,960 [Listener at 127.0.0.1/35523] INFO  ozone.MiniOzoneClusterImpl (MiniOzoneClusterImpl.java:lambda$waitForClusterToBeReady$0(238)) - Waiting for cluster to exit safe mode
2021-07-28 21:20:05,960 [Listener at 127.0.0.1/35523] INFO  ozone.MiniOzoneClusterImpl (MiniOzoneClusterImpl.java:lambda$waitForClusterToBeReady$0(240)) - SCM became leader
2021-07-28 21:20:06,924 [684a6605-a0ea-4f4a-a756-567e88d15665@group-4F9C023E6286-FollowerState] INFO  impl.FollowerState (FollowerState.java:run(134)) - 684a6605-a0ea-4f4a-a756-567e88d15665@group-4F9C023E6286-FollowerState: change to CANDIDATE, lastRpcElapsedTime:5011657348ns, electionTimeout:5011ms
2021-07-28 21:20:06,925 [684a6605-a0ea-4f4a-a756-567e88d15665@group-4F9C023E6286-FollowerState] INFO  impl.RoleInfo (RoleInfo.java:shutdownFollowerState(108)) - 684a6605-a0ea-4f4a-a756-567e88d15665: shutdown 684a6605-a0ea-4f4a-a756-567e88d15665@group-4F9C023E6286-FollowerState
2021-07-28 21:20:06,925 [684a6605-a0ea-4f4a-a756-567e88d15665@group-4F9C023E6286-FollowerState] INFO  server.RaftServer$Division (RaftServerImpl.java:setRole(285)) - 684a6605-a0ea-4f4a-a756-567e88d15665@group-4F9C023E6286: changes role from  FOLLOWER to CANDIDATE at term 3 for changeToCandidate
2021-07-28 21:20:06,925 [684a6605-a0ea-4f4a-a756-567e88d15665@group-4F9C023E6286-FollowerState] INFO  server.RaftServerConfigKeys (ConfUtils.java:logGet(44)) - raft.server.leaderelection.pre-vote = false (custom)
2021-07-28 21:20:06,925 [684a6605-a0ea-4f4a-a756-567e88d15665@group-4F9C023E6286-FollowerState] INFO  impl.RoleInfo (RoleInfo.java:updateAndGet(130)) - 684a6605-a0ea-4f4a-a756-567e88d15665: start 684a6605-a0ea-4f4a-a756-567e88d15665@group-4F9C023E6286-LeaderElection6
2021-07-28 21:20:06,931 [684a6605-a0ea-4f4a-a756-567e88d15665@group-4F9C023E6286-LeaderElection6] INFO  impl.LeaderElection (LeaderElection.java:askForVotes(306)) - 684a6605-a0ea-4f4a-a756-567e88d15665@group-4F9C023E6286-LeaderElection6 ELECTION round 0: submit vote requests at term 4 for -1: [31a275a1-7e4f-41f8-9eef-5428a3a9a47f|rpc:10.1.0.18:39893|priority:0, 9c0f3aab-f21e-4a40-b90a-e278bd611599|rpc:10.1.0.18:40769|priority:1, 684a6605-a0ea-4f4a-a756-567e88d15665|rpc:10.1.0.18:41617|priority:0], old=null
2021-07-28 21:20:06,939 [grpc-default-executor-1] INFO  server.RaftServer$Division (RaftServerImpl.java:requestVote(1043)) - 31a275a1-7e4f-41f8-9eef-5428a3a9a47f@group-4F9C023E6286: receive requestVote(ELECTION, 684a6605-a0ea-4f4a-a756-567e88d15665, group-4F9C023E6286, 4, (t:0, i:0))
2021-07-28 21:20:06,940 [grpc-default-executor-1] INFO  impl.VoteContext (VoteContext.java:log(48)) - 31a275a1-7e4f-41f8-9eef-5428a3a9a47f@group-4F9C023E6286-FOLLOWER: accept ELECTION from 684a6605-a0ea-4f4a-a756-567e88d15665: our priority 0 <= candidate's priority 0
2021-07-28 21:20:06,940 [grpc-default-executor-1] INFO  server.RaftServer$Division (RaftServerImpl.java:setRole(285)) - 31a275a1-7e4f-41f8-9eef-5428a3a9a47f@group-4F9C023E6286: changes role from  FOLLOWER to FOLLOWER at term 4 for candidate:684a6605-a0ea-4f4a-a756-567e88d15665
2021-07-28 21:20:06,940 [grpc-default-executor-1] INFO  impl.RoleInfo (RoleInfo.java:shutdownFollowerState(108)) - 31a275a1-7e4f-41f8-9eef-5428a3a9a47f: shutdown 31a275a1-7e4f-41f8-9eef-5428a3a9a47f@group-4F9C023E6286-FollowerState
2021-07-28 21:20:06,940 [grpc-default-executor-1] INFO  impl.RoleInfo (RoleInfo.java:updateAndGet(130)) - 31a275a1-7e4f-41f8-9eef-5428a3a9a47f: start 31a275a1-7e4f-41f8-9eef-5428a3a9a47f@group-4F9C023E6286-FollowerState
2021-07-28 21:20:06,940 [31a275a1-7e4f-41f8-9eef-5428a3a9a47f@group-4F9C023E6286-FollowerState] INFO  impl.FollowerState (FollowerState.java:run(143)) - 31a275a1-7e4f-41f8-9eef-5428a3a9a47f@group-4F9C023E6286-FollowerState was interrupted: {}
java.lang.InterruptedException: sleep interrupted
	at java.lang.Thread.sleep(Native Method)
	at java.lang.Thread.sleep(Thread.java:340)
	at java.util.concurrent.TimeUnit.sleep(TimeUnit.java:386)
	at org.apache.ratis.util.TimeDuration.sleep(TimeDuration.java:324)
	at org.apache.ratis.util.TimeDuration.sleep(TimeDuration.java:309)
	at org.apache.ratis.server.impl.FollowerState.run(FollowerState.java:118)
2021-07-28 21:20:06,942 [grpc-default-executor-1] INFO  server.RaftServer$Division (RaftServerImpl.java:requestVote(1075)) - 31a275a1-7e4f-41f8-9eef-5428a3a9a47f@group-4F9C023E6286 replies to ELECTION vote request: 684a6605-a0ea-4f4a-a756-567e88d15665<-31a275a1-7e4f-41f8-9eef-5428a3a9a47f#0:OK-t4. Peer's state: 31a275a1-7e4f-41f8-9eef-5428a3a9a47f@group-4F9C023E6286:t4, leader=null, voted=684a6605-a0ea-4f4a-a756-567e88d15665, raftlog=31a275a1-7e4f-41f8-9eef-5428a3a9a47f@group-4F9C023E6286-SegmentedRaftLog:OPENED:c-1,f-1,i0, conf=-1: [31a275a1-7e4f-41f8-9eef-5428a3a9a47f|rpc:10.1.0.18:39893|priority:0, 9c0f3aab-f21e-4a40-b90a-e278bd611599|rpc:10.1.0.18:40769|priority:1, 684a6605-a0ea-4f4a-a756-567e88d15665|rpc:10.1.0.18:41617|priority:0], old=null
2021-07-28 21:20:06,951 [grpc-default-executor-1] INFO  server.RaftServer$Division (RaftServerImpl.java:requestVote(1043)) - 9c0f3aab-f21e-4a40-b90a-e278bd611599@group-4F9C023E6286: receive requestVote(ELECTION, 684a6605-a0ea-4f4a-a756-567e88d15665, group-4F9C023E6286, 4, (t:0, i:0))
2021-07-28 21:20:06,951 [grpc-default-executor-1] INFO  impl.VoteContext (VoteContext.java:log(48)) - 9c0f3aab-f21e-4a40-b90a-e278bd611599@group-4F9C023E6286-FOLLOWER: reject ELECTION from 684a6605-a0ea-4f4a-a756-567e88d15665: our priority 1 > candidate's priority 0
2021-07-28 21:20:06,951 [grpc-default-executor-1] INFO  server.RaftServer$Division (RaftServerImpl.java:setRole(285)) - 9c0f3aab-f21e-4a40-b90a-e278bd611599@group-4F9C023E6286: changes role from  FOLLOWER to FOLLOWER at term 4 for candidate:684a6605-a0ea-4f4a-a756-567e88d15665
2021-07-28 21:20:06,951 [grpc-default-executor-1] INFO  impl.RoleInfo (RoleInfo.java:shutdownFollowerState(108)) - 9c0f3aab-f21e-4a40-b90a-e278bd611599: shutdown 9c0f3aab-f21e-4a40-b90a-e278bd611599@group-4F9C023E6286-FollowerState
2021-07-28 21:20:06,951 [grpc-default-executor-1] INFO  impl.RoleInfo (RoleInfo.java:updateAndGet(130)) - 9c0f3aab-f21e-4a40-b90a-e278bd611599: start 9c0f3aab-f21e-4a40-b90a-e278bd611599@group-4F9C023E6286-FollowerState
2021-07-28 21:20:06,952 [9c0f3aab-f21e-4a40-b90a-e278bd611599@group-4F9C023E6286-FollowerState] INFO  impl.FollowerState (FollowerState.java:run(143)) - 9c0f3aab-f21e-4a40-b90a-e278bd611599@group-4F9C023E6286-FollowerState was interrupted: {}
java.lang.InterruptedException: sleep interrupted
	at java.lang.Thread.sleep(Native Method)
	at java.lang.Thread.sleep(Thread.java:340)
	at java.util.concurrent.TimeUnit.sleep(TimeUnit.java:386)
	at org.apache.ratis.util.TimeDuration.sleep(TimeDuration.java:324)
	at org.apache.ratis.util.TimeDuration.sleep(TimeDuration.java:309)
	at org.apache.ratis.server.impl.FollowerState.run(FollowerState.java:118)
2021-07-28 21:20:06,957 [grpc-default-executor-1] INFO  server.RaftServer$Division (RaftServerImpl.java:requestVote(1075)) - 9c0f3aab-f21e-4a40-b90a-e278bd611599@group-4F9C023E6286 replies to ELECTION vote request: 684a6605-a0ea-4f4a-a756-567e88d15665<-9c0f3aab-f21e-4a40-b90a-e278bd611599#0:FAIL-t4. Peer's state: 9c0f3aab-f21e-4a40-b90a-e278bd611599@group-4F9C023E6286:t4, leader=null, voted=null, raftlog=9c0f3aab-f21e-4a40-b90a-e278bd611599@group-4F9C023E6286-SegmentedRaftLog:OPENED:c-1,f-1,i0, conf=-1: [31a275a1-7e4f-41f8-9eef-5428a3a9a47f|rpc:10.1.0.18:39893|priority:0, 9c0f3aab-f21e-4a40-b90a-e278bd611599|rpc:10.1.0.18:40769|priority:1, 684a6605-a0ea-4f4a-a756-567e88d15665|rpc:10.1.0.18:41617|priority:0], old=null
2021-07-28 21:20:06,959 [684a6605-a0ea-4f4a-a756-567e88d15665@group-4F9C023E6286-LeaderElection6] INFO  impl.LeaderElection (LeaderElection.java:logAndReturn(89)) - 684a6605-a0ea-4f4a-a756-567e88d15665@group-4F9C023E6286-LeaderElection6: ELECTION REJECTED received 2 response(s) and 0 exception(s):
2021-07-28 21:20:06,959 [684a6605-a0ea-4f4a-a756-567e88d15665@group-4F9C023E6286-LeaderElection6] INFO  impl.LeaderElection (LeaderElection.java:logAndReturn(93)) -   Response 0: 684a6605-a0ea-4f4a-a756-567e88d15665<-31a275a1-7e4f-41f8-9eef-5428a3a9a47f#0:OK-t4
2021-07-28 21:20:06,959 [684a6605-a0ea-4f4a-a756-567e88d15665@group-4F9C023E6286-LeaderElection6] INFO  impl.LeaderElection (LeaderElection.java:logAndReturn(93)) -   Response 1: 684a6605-a0ea-4f4a-a756-567e88d15665<-9c0f3aab-f21e-4a40-b90a-e278bd611599#0:FAIL-t4
2021-07-28 21:20:06,959 [684a6605-a0ea-4f4a-a756-567e88d15665@group-4F9C023E6286-LeaderElection6] INFO  impl.LeaderElection (LeaderElection.java:askForVotes(308)) - 684a6605-a0ea-4f4a-a756-567e88d15665@group-4F9C023E6286-LeaderElection6 ELECTION round 0: result REJECTED
2021-07-28 21:20:06,959 [684a6605-a0ea-4f4a-a756-567e88d15665@group-4F9C023E6286-LeaderElection6] INFO  server.RaftServer$Division (RaftServerImpl.java:setRole(285)) - 684a6605-a0ea-4f4a-a756-567e88d15665@group-4F9C023E6286: changes role from CANDIDATE to FOLLOWER at term 4 for REJECTED
2021-07-28 21:20:06,959 [684a6605-a0ea-4f4a-a756-567e88d15665@group-4F9C023E6286-LeaderElection6] INFO  impl.RoleInfo (RoleInfo.java:shutdownLeaderElection(121)) - 684a6605-a0ea-4f4a-a756-567e88d15665: shutdown 684a6605-a0ea-4f4a-a756-567e88d15665@group-4F9C023E6286-LeaderElection6
2021-07-28 21:20:06,959 [684a6605-a0ea-4f4a-a756-567e88d15665@group-4F9C023E6286-LeaderElection6] INFO  impl.RoleInfo (RoleInfo.java:updateAndGet(130)) - 684a6605-a0ea-4f4a-a756-567e88d15665: start 684a6605-a0ea-4f4a-a756-567e88d15665@group-4F9C023E6286-FollowerState
2021-07-28 21:20:06,965 [Listener at 127.0.0.1/35523] INFO  ozone.MiniOzoneClusterImpl (MiniOzoneClusterImpl.java:lambda$waitForClusterToBeReady$0(235)) - Nodes are ready. Got 3 of 3 DN Heartbeats.
2021-07-28 21:20:06,965 [Listener at 127.0.0.1/35523] INFO  ozone.MiniOzoneClusterImpl (MiniOzoneClusterImpl.java:lambda$waitForClusterToBeReady$0(238)) - Waiting for cluster to exit safe mode
2021-07-28 21:20:06,965 [Listener at 127.0.0.1/35523] INFO  ozone.MiniOzoneClusterImpl (MiniOzoneClusterImpl.java:lambda$waitForClusterToBeReady$0(240)) - SCM became leader
2021-07-28 21:20:07,966 [Listener at 127.0.0.1/35523] INFO  ozone.MiniOzoneClusterImpl (MiniOzoneClusterImpl.java:lambda$waitForClusterToBeReady$0(235)) - Nodes are ready. Got 3 of 3 DN Heartbeats.
2021-07-28 21:20:07,966 [Listener at 127.0.0.1/35523] INFO  ozone.MiniOzoneClusterImpl (MiniOzoneClusterImpl.java:lambda$waitForClusterToBeReady$0(238)) - Waiting for cluster to exit safe mode
2021-07-28 21:20:07,966 [Listener at 127.0.0.1/35523] INFO  ozone.MiniOzoneClusterImpl (MiniOzoneClusterImpl.java:lambda$waitForClusterToBeReady$0(240)) - SCM became leader
2021-07-28 21:20:08,967 [Listener at 127.0.0.1/35523] INFO  ozone.MiniOzoneClusterImpl (MiniOzoneClusterImpl.java:lambda$waitForClusterToBeReady$0(235)) - Nodes are ready. Got 3 of 3 DN Heartbeats.
2021-07-28 21:20:08,967 [Listener at 127.0.0.1/35523] INFO  ozone.MiniOzoneClusterImpl (MiniOzoneClusterImpl.java:lambda$waitForClusterToBeReady$0(238)) - Waiting for cluster to exit safe mode
2021-07-28 21:20:08,967 [Listener at 127.0.0.1/35523] INFO  ozone.MiniOzoneClusterImpl (MiniOzoneClusterImpl.java:lambda$waitForClusterToBeReady$0(240)) - SCM became leader
2021-07-28 21:20:09,968 [Listener at 127.0.0.1/35523] INFO  ozone.MiniOzoneClusterImpl (MiniOzoneClusterImpl.java:lambda$waitForClusterToBeReady$0(235)) - Nodes are ready. Got 3 of 3 DN Heartbeats.
2021-07-28 21:20:09,968 [Listener at 127.0.0.1/35523] INFO  ozone.MiniOzoneClusterImpl (MiniOzoneClusterImpl.java:lambda$waitForClusterToBeReady$0(238)) - Waiting for cluster to exit safe mode
2021-07-28 21:20:09,968 [Listener at 127.0.0.1/35523] INFO  ozone.MiniOzoneClusterImpl (MiniOzoneClusterImpl.java:lambda$waitForClusterToBeReady$0(240)) - SCM became leader
2021-07-28 21:20:10,968 [Listener at 127.0.0.1/35523] INFO  ozone.MiniOzoneClusterImpl (MiniOzoneClusterImpl.java:lambda$waitForClusterToBeReady$0(235)) - Nodes are ready. Got 3 of 3 DN Heartbeats.
2021-07-28 21:20:10,969 [Listener at 127.0.0.1/35523] INFO  ozone.MiniOzoneClusterImpl (MiniOzoneClusterImpl.java:lambda$waitForClusterToBeReady$0(238)) - Waiting for cluster to exit safe mode
2021-07-28 21:20:10,969 [Listener at 127.0.0.1/35523] INFO  ozone.MiniOzoneClusterImpl (MiniOzoneClusterImpl.java:lambda$waitForClusterToBeReady$0(240)) - SCM became leader
2021-07-28 21:20:11,969 [Listener at 127.0.0.1/35523] INFO  ozone.MiniOzoneClusterImpl (MiniOzoneClusterImpl.java:lambda$waitForClusterToBeReady$0(235)) - Nodes are ready. Got 3 of 3 DN Heartbeats.
2021-07-28 21:20:11,969 [Listener at 127.0.0.1/35523] INFO  ozone.MiniOzoneClusterImpl (MiniOzoneClusterImpl.java:lambda$waitForClusterToBeReady$0(238)) - Waiting for cluster to exit safe mode
2021-07-28 21:20:11,969 [Listener at 127.0.0.1/35523] INFO  ozone.MiniOzoneClusterImpl (MiniOzoneClusterImpl.java:lambda$waitForClusterToBeReady$0(240)) - SCM became leader
2021-07-28 21:20:12,043 [31a275a1-7e4f-41f8-9eef-5428a3a9a47f@group-4F9C023E6286-FollowerState] INFO  impl.FollowerState (FollowerState.java:run(134)) - 31a275a1-7e4f-41f8-9eef-5428a3a9a47f@group-4F9C023E6286-FollowerState: change to CANDIDATE, lastRpcElapsedTime:5101491742ns, electionTimeout:5096ms
2021-07-28 21:20:12,043 [31a275a1-7e4f-41f8-9eef-5428a3a9a47f@group-4F9C023E6286-FollowerState] INFO  impl.RoleInfo (RoleInfo.java:shutdownFollowerState(108)) - 31a275a1-7e4f-41f8-9eef-5428a3a9a47f: shutdown 31a275a1-7e4f-41f8-9eef-5428a3a9a47f@group-4F9C023E6286-FollowerState
2021-07-28 21:20:12,043 [31a275a1-7e4f-41f8-9eef-5428a3a9a47f@group-4F9C023E6286-FollowerState] INFO  server.RaftServer$Division (RaftServerImpl.java:setRole(285)) - 31a275a1-7e4f-41f8-9eef-5428a3a9a47f@group-4F9C023E6286: changes role from  FOLLOWER to CANDIDATE at term 4 for changeToCandidate
2021-07-28 21:20:12,043 [31a275a1-7e4f-41f8-9eef-5428a3a9a47f@group-4F9C023E6286-FollowerState] INFO  server.RaftServerConfigKeys (ConfUtils.java:logGet(44)) - raft.server.leaderelection.pre-vote = false (custom)
2021-07-28 21:20:12,043 [31a275a1-7e4f-41f8-9eef-5428a3a9a47f@group-4F9C023E6286-FollowerState] INFO  impl.RoleInfo (RoleInfo.java:updateAndGet(130)) - 31a275a1-7e4f-41f8-9eef-5428a3a9a47f: start 31a275a1-7e4f-41f8-9eef-5428a3a9a47f@group-4F9C023E6286-LeaderElection7
2021-07-28 21:20:12,047 [31a275a1-7e4f-41f8-9eef-5428a3a9a47f@group-4F9C023E6286-LeaderElection7] INFO  impl.LeaderElection (LeaderElection.java:askForVotes(306)) - 31a275a1-7e4f-41f8-9eef-5428a3a9a47f@group-4F9C023E6286-LeaderElection7 ELECTION round 0: submit vote requests at term 5 for -1: [31a275a1-7e4f-41f8-9eef-5428a3a9a47f|rpc:10.1.0.18:39893|priority:0, 9c0f3aab-f21e-4a40-b90a-e278bd611599|rpc:10.1.0.18:40769|priority:1, 684a6605-a0ea-4f4a-a756-567e88d15665|rpc:10.1.0.18:41617|priority:0], old=null
2021-07-28 21:20:12,051 [grpc-default-executor-1] INFO  server.RaftServer$Division (RaftServerImpl.java:requestVote(1043)) - 684a6605-a0ea-4f4a-a756-567e88d15665@group-4F9C023E6286: receive requestVote(ELECTION, 31a275a1-7e4f-41f8-9eef-5428a3a9a47f, group-4F9C023E6286, 5, (t:0, i:0))
2021-07-28 21:20:12,051 [grpc-default-executor-1] INFO  impl.VoteContext (VoteContext.java:log(48)) - 684a6605-a0ea-4f4a-a756-567e88d15665@group-4F9C023E6286-FOLLOWER: accept ELECTION from 31a275a1-7e4f-41f8-9eef-5428a3a9a47f: our priority 0 <= candidate's priority 0
2021-07-28 21:20:12,051 [grpc-default-executor-1] INFO  server.RaftServer$Division (RaftServerImpl.java:setRole(285)) - 684a6605-a0ea-4f4a-a756-567e88d15665@group-4F9C023E6286: changes role from  FOLLOWER to FOLLOWER at term 5 for candidate:31a275a1-7e4f-41f8-9eef-5428a3a9a47f
2021-07-28 21:20:12,051 [grpc-default-executor-1] INFO  impl.RoleInfo (RoleInfo.java:shutdownFollowerState(108)) - 684a6605-a0ea-4f4a-a756-567e88d15665: shutdown 684a6605-a0ea-4f4a-a756-567e88d15665@group-4F9C023E6286-FollowerState
2021-07-28 21:20:12,051 [grpc-default-executor-1] INFO  impl.RoleInfo (RoleInfo.java:updateAndGet(130)) - 684a6605-a0ea-4f4a-a756-567e88d15665: start 684a6605-a0ea-4f4a-a756-567e88d15665@group-4F9C023E6286-FollowerState
2021-07-28 21:20:12,051 [684a6605-a0ea-4f4a-a756-567e88d15665@group-4F9C023E6286-FollowerState] INFO  impl.FollowerState (FollowerState.java:run(143)) - 684a6605-a0ea-4f4a-a756-567e88d15665@group-4F9C023E6286-FollowerState was interrupted: {}
java.lang.InterruptedException: sleep interrupted
	at java.lang.Thread.sleep(Native Method)
	at java.lang.Thread.sleep(Thread.java:340)
	at java.util.concurrent.TimeUnit.sleep(TimeUnit.java:386)
	at org.apache.ratis.util.TimeDuration.sleep(TimeDuration.java:324)
	at org.apache.ratis.util.TimeDuration.sleep(TimeDuration.java:309)
	at org.apache.ratis.server.impl.FollowerState.run(FollowerState.java:118)
2021-07-28 21:20:12,053 [grpc-default-executor-0] INFO  server.RaftServer$Division (RaftServerImpl.java:requestVote(1043)) - 9c0f3aab-f21e-4a40-b90a-e278bd611599@group-4F9C023E6286: receive requestVote(ELECTION, 31a275a1-7e4f-41f8-9eef-5428a3a9a47f, group-4F9C023E6286, 5, (t:0, i:0))
2021-07-28 21:20:12,053 [grpc-default-executor-0] INFO  impl.VoteContext (VoteContext.java:log(48)) - 9c0f3aab-f21e-4a40-b90a-e278bd611599@group-4F9C023E6286-FOLLOWER: reject ELECTION from 31a275a1-7e4f-41f8-9eef-5428a3a9a47f: our priority 1 > candidate's priority 0
2021-07-28 21:20:12,053 [grpc-default-executor-0] INFO  server.RaftServer$Division (RaftServerImpl.java:setRole(285)) - 9c0f3aab-f21e-4a40-b90a-e278bd611599@group-4F9C023E6286: changes role from  FOLLOWER to FOLLOWER at term 5 for candidate:31a275a1-7e4f-41f8-9eef-5428a3a9a47f
2021-07-28 21:20:12,053 [grpc-default-executor-0] INFO  impl.RoleInfo (RoleInfo.java:shutdownFollowerState(108)) - 9c0f3aab-f21e-4a40-b90a-e278bd611599: shutdown 9c0f3aab-f21e-4a40-b90a-e278bd611599@group-4F9C023E6286-FollowerState
2021-07-28 21:20:12,053 [grpc-default-executor-1] INFO  server.RaftServer$Division (RaftServerImpl.java:requestVote(1075)) - 684a6605-a0ea-4f4a-a756-567e88d15665@group-4F9C023E6286 replies to ELECTION vote request: 31a275a1-7e4f-41f8-9eef-5428a3a9a47f<-684a6605-a0ea-4f4a-a756-567e88d15665#0:OK-t5. Peer's state: 684a6605-a0ea-4f4a-a756-567e88d15665@group-4F9C023E6286:t5, leader=null, voted=31a275a1-7e4f-41f8-9eef-5428a3a9a47f, raftlog=684a6605-a0ea-4f4a-a756-567e88d15665@group-4F9C023E6286-SegmentedRaftLog:OPENED:c-1,f-1,i0, conf=-1: [31a275a1-7e4f-41f8-9eef-5428a3a9a47f|rpc:10.1.0.18:39893|priority:0, 9c0f3aab-f21e-4a40-b90a-e278bd611599|rpc:10.1.0.18:40769|priority:1, 684a6605-a0ea-4f4a-a756-567e88d15665|rpc:10.1.0.18:41617|priority:0], old=null
2021-07-28 21:20:12,053 [grpc-default-executor-0] INFO  impl.RoleInfo (RoleInfo.java:updateAndGet(130)) - 9c0f3aab-f21e-4a40-b90a-e278bd611599: start 9c0f3aab-f21e-4a40-b90a-e278bd611599@group-4F9C023E6286-FollowerState
2021-07-28 21:20:12,054 [9c0f3aab-f21e-4a40-b90a-e278bd611599@group-4F9C023E6286-FollowerState] INFO  impl.FollowerState (FollowerState.java:run(143)) - 9c0f3aab-f21e-4a40-b90a-e278bd611599@group-4F9C023E6286-FollowerState was interrupted: {}
java.lang.InterruptedException: sleep interrupted
	at java.lang.Thread.sleep(Native Method)
	at java.lang.Thread.sleep(Thread.java:340)
	at java.util.concurrent.TimeUnit.sleep(TimeUnit.java:386)
	at org.apache.ratis.util.TimeDuration.sleep(TimeDuration.java:324)
	at org.apache.ratis.util.TimeDuration.sleep(TimeDuration.java:309)
	at org.apache.ratis.server.impl.FollowerState.run(FollowerState.java:118)
2021-07-28 21:20:12,059 [grpc-default-executor-0] INFO  server.RaftServer$Division (RaftServerImpl.java:requestVote(1075)) - 9c0f3aab-f21e-4a40-b90a-e278bd611599@group-4F9C023E6286 replies to ELECTION vote request: 31a275a1-7e4f-41f8-9eef-5428a3a9a47f<-9c0f3aab-f21e-4a40-b90a-e278bd611599#0:FAIL-t5. Peer's state: 9c0f3aab-f21e-4a40-b90a-e278bd611599@group-4F9C023E6286:t5, leader=null, voted=null, raftlog=9c0f3aab-f21e-4a40-b90a-e278bd611599@group-4F9C023E6286-SegmentedRaftLog:OPENED:c-1,f-1,i0, conf=-1: [31a275a1-7e4f-41f8-9eef-5428a3a9a47f|rpc:10.1.0.18:39893|priority:0, 9c0f3aab-f21e-4a40-b90a-e278bd611599|rpc:10.1.0.18:40769|priority:1, 684a6605-a0ea-4f4a-a756-567e88d15665|rpc:10.1.0.18:41617|priority:0], old=null
2021-07-28 21:20:12,062 [31a275a1-7e4f-41f8-9eef-5428a3a9a47f@group-4F9C023E6286-LeaderElection7] INFO  impl.LeaderElection (LeaderElection.java:logAndReturn(89)) - 31a275a1-7e4f-41f8-9eef-5428a3a9a47f@group-4F9C023E6286-LeaderElection7: ELECTION REJECTED received 2 response(s) and 0 exception(s):
2021-07-28 21:20:12,062 [31a275a1-7e4f-41f8-9eef-5428a3a9a47f@group-4F9C023E6286-LeaderElection7] INFO  impl.LeaderElection (LeaderElection.java:logAndReturn(93)) -   Response 0: 31a275a1-7e4f-41f8-9eef-5428a3a9a47f<-9c0f3aab-f21e-4a40-b90a-e278bd611599#0:FAIL-t5
2021-07-28 21:20:12,062 [31a275a1-7e4f-41f8-9eef-5428a3a9a47f@group-4F9C023E6286-LeaderElection7] INFO  impl.LeaderElection (LeaderElection.java:logAndReturn(93)) -   Response 1: 31a275a1-7e4f-41f8-9eef-5428a3a9a47f<-684a6605-a0ea-4f4a-a756-567e88d15665#0:OK-t5
2021-07-28 21:20:12,062 [31a275a1-7e4f-41f8-9eef-5428a3a9a47f@group-4F9C023E6286-LeaderElection7] INFO  impl.LeaderElection (LeaderElection.java:askForVotes(308)) - 31a275a1-7e4f-41f8-9eef-5428a3a9a47f@group-4F9C023E6286-LeaderElection7 ELECTION round 0: result REJECTED
2021-07-28 21:20:12,062 [31a275a1-7e4f-41f8-9eef-5428a3a9a47f@group-4F9C023E6286-LeaderElection7] INFO  server.RaftServer$Division (RaftServerImpl.java:setRole(285)) - 31a275a1-7e4f-41f8-9eef-5428a3a9a47f@group-4F9C023E6286: changes role from CANDIDATE to FOLLOWER at term 5 for REJECTED
2021-07-28 21:20:12,062 [31a275a1-7e4f-41f8-9eef-5428a3a9a47f@group-4F9C023E6286-LeaderElection7] INFO  impl.RoleInfo (RoleInfo.java:shutdownLeaderElection(121)) - 31a275a1-7e4f-41f8-9eef-5428a3a9a47f: shutdown 31a275a1-7e4f-41f8-9eef-5428a3a9a47f@group-4F9C023E6286-LeaderElection7
2021-07-28 21:20:12,062 [31a275a1-7e4f-41f8-9eef-5428a3a9a47f@group-4F9C023E6286-LeaderElection7] INFO  impl.RoleInfo (RoleInfo.java:updateAndGet(130)) - 31a275a1-7e4f-41f8-9eef-5428a3a9a47f: start 31a275a1-7e4f-41f8-9eef-5428a3a9a47f@group-4F9C023E6286-FollowerState
2021-07-28 21:20:12,970 [Listener at 127.0.0.1/35523] INFO  ozone.MiniOzoneClusterImpl (MiniOzoneClusterImpl.java:lambda$waitForClusterToBeReady$0(235)) - Nodes are ready. Got 3 of 3 DN Heartbeats.
2021-07-28 21:20:12,971 [Listener at 127.0.0.1/35523] INFO  ozone.MiniOzoneClusterImpl (MiniOzoneClusterImpl.java:lambda$waitForClusterToBeReady$0(238)) - Waiting for cluster to exit safe mode
2021-07-28 21:20:12,971 [Listener at 127.0.0.1/35523] INFO  ozone.MiniOzoneClusterImpl (MiniOzoneClusterImpl.java:lambda$waitForClusterToBeReady$0(240)) - SCM became leader
2021-07-28 21:20:13,972 [Listener at 127.0.0.1/35523] INFO  ozone.MiniOzoneClusterImpl (MiniOzoneClusterImpl.java:lambda$waitForClusterToBeReady$0(235)) - Nodes are ready. Got 3 of 3 DN Heartbeats.
2021-07-28 21:20:13,972 [Listener at 127.0.0.1/35523] INFO  ozone.MiniOzoneClusterImpl (MiniOzoneClusterImpl.java:lambda$waitForClusterToBeReady$0(238)) - Waiting for cluster to exit safe mode
2021-07-28 21:20:13,972 [Listener at 127.0.0.1/35523] INFO  ozone.MiniOzoneClusterImpl (MiniOzoneClusterImpl.java:lambda$waitForClusterToBeReady$0(240)) - SCM became leader
2021-07-28 21:20:14,972 [Listener at 127.0.0.1/35523] INFO  ozone.MiniOzoneClusterImpl (MiniOzoneClusterImpl.java:lambda$waitForClusterToBeReady$0(235)) - Nodes are ready. Got 3 of 3 DN Heartbeats.
2021-07-28 21:20:14,973 [Listener at 127.0.0.1/35523] INFO  ozone.MiniOzoneClusterImpl (MiniOzoneClusterImpl.java:lambda$waitForClusterToBeReady$0(238)) - Waiting for cluster to exit safe mode
2021-07-28 21:20:14,973 [Listener at 127.0.0.1/35523] INFO  ozone.MiniOzoneClusterImpl (MiniOzoneClusterImpl.java:lambda$waitForClusterToBeReady$0(240)) - SCM became leader
2021-07-28 21:20:15,973 [Listener at 127.0.0.1/35523] INFO  ozone.MiniOzoneClusterImpl (MiniOzoneClusterImpl.java:lambda$waitForClusterToBeReady$0(235)) - Nodes are ready. Got 3 of 3 DN Heartbeats.
2021-07-28 21:20:15,973 [Listener at 127.0.0.1/35523] INFO  ozone.MiniOzoneClusterImpl (MiniOzoneClusterImpl.java:lambda$waitForClusterToBeReady$0(238)) - Waiting for cluster to exit safe mode
2021-07-28 21:20:15,974 [Listener at 127.0.0.1/35523] INFO  ozone.MiniOzoneClusterImpl (MiniOzoneClusterImpl.java:lambda$waitForClusterToBeReady$0(240)) - SCM became leader
2021-07-28 21:20:16,974 [Listener at 127.0.0.1/35523] INFO  ozone.MiniOzoneClusterImpl (MiniOzoneClusterImpl.java:lambda$waitForClusterToBeReady$0(235)) - Nodes are ready. Got 3 of 3 DN Heartbeats.
2021-07-28 21:20:16,974 [Listener at 127.0.0.1/35523] INFO  ozone.MiniOzoneClusterImpl (MiniOzoneClusterImpl.java:lambda$waitForClusterToBeReady$0(238)) - Waiting for cluster to exit safe mode
2021-07-28 21:20:16,974 [Listener at 127.0.0.1/35523] INFO  ozone.MiniOzoneClusterImpl (MiniOzoneClusterImpl.java:lambda$waitForClusterToBeReady$0(240)) - SCM became leader
2021-07-28 21:20:17,076 [31a275a1-7e4f-41f8-9eef-5428a3a9a47f@group-4F9C023E6286-FollowerState] INFO  impl.FollowerState (FollowerState.java:run(134)) - 31a275a1-7e4f-41f8-9eef-5428a3a9a47f@group-4F9C023E6286-FollowerState: change to CANDIDATE, lastRpcElapsedTime:5013518290ns, electionTimeout:5010ms
2021-07-28 21:20:17,076 [31a275a1-7e4f-41f8-9eef-5428a3a9a47f@group-4F9C023E6286-FollowerState] INFO  impl.RoleInfo (RoleInfo.java:shutdownFollowerState(108)) - 31a275a1-7e4f-41f8-9eef-5428a3a9a47f: shutdown 31a275a1-7e4f-41f8-9eef-5428a3a9a47f@group-4F9C023E6286-FollowerState
2021-07-28 21:20:17,076 [31a275a1-7e4f-41f8-9eef-5428a3a9a47f@group-4F9C023E6286-FollowerState] INFO  server.RaftServer$Division (RaftServerImpl.java:setRole(285)) - 31a275a1-7e4f-41f8-9eef-5428a3a9a47f@group-4F9C023E6286: changes role from  FOLLOWER to CANDIDATE at term 5 for changeToCandidate
2021-07-28 21:20:17,077 [31a275a1-7e4f-41f8-9eef-5428a3a9a47f@group-4F9C023E6286-FollowerState] INFO  server.RaftServerConfigKeys (ConfUtils.java:logGet(44)) - raft.server.leaderelection.pre-vote = false (custom)
2021-07-28 21:20:17,077 [31a275a1-7e4f-41f8-9eef-5428a3a9a47f@group-4F9C023E6286-FollowerState] INFO  impl.RoleInfo (RoleInfo.java:updateAndGet(130)) - 31a275a1-7e4f-41f8-9eef-5428a3a9a47f: start 31a275a1-7e4f-41f8-9eef-5428a3a9a47f@group-4F9C023E6286-LeaderElection8
2021-07-28 21:20:17,086 [31a275a1-7e4f-41f8-9eef-5428a3a9a47f@group-4F9C023E6286-LeaderElection8] INFO  impl.LeaderElection (LeaderElection.java:askForVotes(306)) - 31a275a1-7e4f-41f8-9eef-5428a3a9a47f@group-4F9C023E6286-LeaderElection8 ELECTION round 0: submit vote requests at term 6 for -1: [31a275a1-7e4f-41f8-9eef-5428a3a9a47f|rpc:10.1.0.18:39893|priority:0, 9c0f3aab-f21e-4a40-b90a-e278bd611599|rpc:10.1.0.18:40769|priority:1, 684a6605-a0ea-4f4a-a756-567e88d15665|rpc:10.1.0.18:41617|priority:0], old=null
2021-07-28 21:20:17,091 [grpc-default-executor-0] INFO  server.RaftServer$Division (RaftServerImpl.java:requestVote(1043)) - 684a6605-a0ea-4f4a-a756-567e88d15665@group-4F9C023E6286: receive requestVote(ELECTION, 31a275a1-7e4f-41f8-9eef-5428a3a9a47f, group-4F9C023E6286, 6, (t:0, i:0))
2021-07-28 21:20:17,092 [grpc-default-executor-0] INFO  impl.VoteContext (VoteContext.java:log(48)) - 684a6605-a0ea-4f4a-a756-567e88d15665@group-4F9C023E6286-FOLLOWER: accept ELECTION from 31a275a1-7e4f-41f8-9eef-5428a3a9a47f: our priority 0 <= candidate's priority 0
2021-07-28 21:20:17,092 [grpc-default-executor-0] INFO  server.RaftServer$Division (RaftServerImpl.java:setRole(285)) - 684a6605-a0ea-4f4a-a756-567e88d15665@group-4F9C023E6286: changes role from  FOLLOWER to FOLLOWER at term 6 for candidate:31a275a1-7e4f-41f8-9eef-5428a3a9a47f
2021-07-28 21:20:17,092 [grpc-default-executor-0] INFO  impl.RoleInfo (RoleInfo.java:shutdownFollowerState(108)) - 684a6605-a0ea-4f4a-a756-567e88d15665: shutdown 684a6605-a0ea-4f4a-a756-567e88d15665@group-4F9C023E6286-FollowerState
2021-07-28 21:20:17,092 [grpc-default-executor-0] INFO  impl.RoleInfo (RoleInfo.java:updateAndGet(130)) - 684a6605-a0ea-4f4a-a756-567e88d15665: start 684a6605-a0ea-4f4a-a756-567e88d15665@group-4F9C023E6286-FollowerState
2021-07-28 21:20:17,092 [684a6605-a0ea-4f4a-a756-567e88d15665@group-4F9C023E6286-FollowerState] INFO  impl.FollowerState (FollowerState.java:run(143)) - 684a6605-a0ea-4f4a-a756-567e88d15665@group-4F9C023E6286-FollowerState was interrupted: {}
java.lang.InterruptedException: sleep interrupted
	at java.lang.Thread.sleep(Native Method)
	at java.lang.Thread.sleep(Thread.java:340)
	at java.util.concurrent.TimeUnit.sleep(TimeUnit.java:386)
	at org.apache.ratis.util.TimeDuration.sleep(TimeDuration.java:324)
	at org.apache.ratis.util.TimeDuration.sleep(TimeDuration.java:309)
	at org.apache.ratis.server.impl.FollowerState.run(FollowerState.java:118)
2021-07-28 21:20:17,094 [grpc-default-executor-0] INFO  server.RaftServer$Division (RaftServerImpl.java:requestVote(1075)) - 684a6605-a0ea-4f4a-a756-567e88d15665@group-4F9C023E6286 replies to ELECTION vote request: 31a275a1-7e4f-41f8-9eef-5428a3a9a47f<-684a6605-a0ea-4f4a-a756-567e88d15665#0:OK-t6. Peer's state: 684a6605-a0ea-4f4a-a756-567e88d15665@group-4F9C023E6286:t6, leader=null, voted=31a275a1-7e4f-41f8-9eef-5428a3a9a47f, raftlog=684a6605-a0ea-4f4a-a756-567e88d15665@group-4F9C023E6286-SegmentedRaftLog:OPENED:c-1,f-1,i0, conf=-1: [31a275a1-7e4f-41f8-9eef-5428a3a9a47f|rpc:10.1.0.18:39893|priority:0, 9c0f3aab-f21e-4a40-b90a-e278bd611599|rpc:10.1.0.18:40769|priority:1, 684a6605-a0ea-4f4a-a756-567e88d15665|rpc:10.1.0.18:41617|priority:0], old=null
2021-07-28 21:20:17,094 [grpc-default-executor-1] INFO  server.RaftServer$Division (RaftServerImpl.java:requestVote(1043)) - 9c0f3aab-f21e-4a40-b90a-e278bd611599@group-4F9C023E6286: receive requestVote(ELECTION, 31a275a1-7e4f-41f8-9eef-5428a3a9a47f, group-4F9C023E6286, 6, (t:0, i:0))
2021-07-28 21:20:17,094 [grpc-default-executor-1] INFO  impl.VoteContext (VoteContext.java:log(48)) - 9c0f3aab-f21e-4a40-b90a-e278bd611599@group-4F9C023E6286-FOLLOWER: reject ELECTION from 31a275a1-7e4f-41f8-9eef-5428a3a9a47f: our priority 1 > candidate's priority 0
2021-07-28 21:20:17,094 [grpc-default-executor-1] INFO  server.RaftServer$Division (RaftServerImpl.java:setRole(285)) - 9c0f3aab-f21e-4a40-b90a-e278bd611599@group-4F9C023E6286: changes role from  FOLLOWER to FOLLOWER at term 6 for candidate:31a275a1-7e4f-41f8-9eef-5428a3a9a47f
2021-07-28 21:20:17,094 [grpc-default-executor-1] INFO  impl.RoleInfo (RoleInfo.java:shutdownFollowerState(108)) - 9c0f3aab-f21e-4a40-b90a-e278bd611599: shutdown 9c0f3aab-f21e-4a40-b90a-e278bd611599@group-4F9C023E6286-FollowerState
2021-07-28 21:20:17,094 [grpc-default-executor-1] INFO  impl.RoleInfo (RoleInfo.java:updateAndGet(130)) - 9c0f3aab-f21e-4a40-b90a-e278bd611599: start 9c0f3aab-f21e-4a40-b90a-e278bd611599@group-4F9C023E6286-FollowerState
2021-07-28 21:20:17,094 [9c0f3aab-f21e-4a40-b90a-e278bd611599@group-4F9C023E6286-FollowerState] INFO  impl.FollowerState (FollowerState.java:run(143)) - 9c0f3aab-f21e-4a40-b90a-e278bd611599@group-4F9C023E6286-FollowerState was interrupted: {}
java.lang.InterruptedException: sleep interrupted
	at java.lang.Thread.sleep(Native Method)
	at java.lang.Thread.sleep(Thread.java:340)
	at java.util.concurrent.TimeUnit.sleep(TimeUnit.java:386)
	at org.apache.ratis.util.TimeDuration.sleep(TimeDuration.java:324)
	at org.apache.ratis.util.TimeDuration.sleep(TimeDuration.java:309)
	at org.apache.ratis.server.impl.FollowerState.run(FollowerState.java:118)
2021-07-28 21:20:17,101 [grpc-default-executor-1] INFO  server.RaftServer$Division (RaftServerImpl.java:requestVote(1075)) - 9c0f3aab-f21e-4a40-b90a-e278bd611599@group-4F9C023E6286 replies to ELECTION vote request: 31a275a1-7e4f-41f8-9eef-5428a3a9a47f<-9c0f3aab-f21e-4a40-b90a-e278bd611599#0:FAIL-t6. Peer's state: 9c0f3aab-f21e-4a40-b90a-e278bd611599@group-4F9C023E6286:t6, leader=null, voted=null, raftlog=9c0f3aab-f21e-4a40-b90a-e278bd611599@group-4F9C023E6286-SegmentedRaftLog:OPENED:c-1,f-1,i0, conf=-1: [31a275a1-7e4f-41f8-9eef-5428a3a9a47f|rpc:10.1.0.18:39893|priority:0, 9c0f3aab-f21e-4a40-b90a-e278bd611599|rpc:10.1.0.18:40769|priority:1, 684a6605-a0ea-4f4a-a756-567e88d15665|rpc:10.1.0.18:41617|priority:0], old=null
2021-07-28 21:20:17,102 [31a275a1-7e4f-41f8-9eef-5428a3a9a47f@group-4F9C023E6286-LeaderElection8] INFO  impl.LeaderElection (LeaderElection.java:logAndReturn(89)) - 31a275a1-7e4f-41f8-9eef-5428a3a9a47f@group-4F9C023E6286-LeaderElection8: ELECTION REJECTED received 2 response(s) and 0 exception(s):
2021-07-28 21:20:17,102 [31a275a1-7e4f-41f8-9eef-5428a3a9a47f@group-4F9C023E6286-LeaderElection8] INFO  impl.LeaderElection (LeaderElection.java:logAndReturn(93)) -   Response 0: 31a275a1-7e4f-41f8-9eef-5428a3a9a47f<-9c0f3aab-f21e-4a40-b90a-e278bd611599#0:FAIL-t6
2021-07-28 21:20:17,102 [31a275a1-7e4f-41f8-9eef-5428a3a9a47f@group-4F9C023E6286-LeaderElection8] INFO  impl.LeaderElection (LeaderElection.java:logAndReturn(93)) -   Response 1: 31a275a1-7e4f-41f8-9eef-5428a3a9a47f<-684a6605-a0ea-4f4a-a756-567e88d15665#0:OK-t6
2021-07-28 21:20:17,103 [31a275a1-7e4f-41f8-9eef-5428a3a9a47f@group-4F9C023E6286-LeaderElection8] INFO  impl.LeaderElection (LeaderElection.java:askForVotes(308)) - 31a275a1-7e4f-41f8-9eef-5428a3a9a47f@group-4F9C023E6286-LeaderElection8 ELECTION round 0: result REJECTED
2021-07-28 21:20:17,103 [31a275a1-7e4f-41f8-9eef-5428a3a9a47f@group-4F9C023E6286-LeaderElection8] INFO  server.RaftServer$Division (RaftServerImpl.java:setRole(285)) - 31a275a1-7e4f-41f8-9eef-5428a3a9a47f@group-4F9C023E6286: changes role from CANDIDATE to FOLLOWER at term 6 for REJECTED
2021-07-28 21:20:17,103 [31a275a1-7e4f-41f8-9eef-5428a3a9a47f@group-4F9C023E6286-LeaderElection8] INFO  impl.RoleInfo (RoleInfo.java:shutdownLeaderElection(121)) - 31a275a1-7e4f-41f8-9eef-5428a3a9a47f: shutdown 31a275a1-7e4f-41f8-9eef-5428a3a9a47f@group-4F9C023E6286-LeaderElection8
2021-07-28 21:20:17,103 [31a275a1-7e4f-41f8-9eef-5428a3a9a47f@group-4F9C023E6286-LeaderElection8] INFO  impl.RoleInfo (RoleInfo.java:updateAndGet(130)) - 31a275a1-7e4f-41f8-9eef-5428a3a9a47f: start 31a275a1-7e4f-41f8-9eef-5428a3a9a47f@group-4F9C023E6286-FollowerState
2021-07-28 21:20:17,975 [Listener at 127.0.0.1/35523] INFO  ozone.MiniOzoneClusterImpl (MiniOzoneClusterImpl.java:lambda$waitForClusterToBeReady$0(235)) - Nodes are ready. Got 3 of 3 DN Heartbeats.
2021-07-28 21:20:17,976 [Listener at 127.0.0.1/35523] INFO  ozone.MiniOzoneClusterImpl (MiniOzoneClusterImpl.java:lambda$waitForClusterToBeReady$0(238)) - Waiting for cluster to exit safe mode
2021-07-28 21:20:17,976 [Listener at 127.0.0.1/35523] INFO  ozone.MiniOzoneClusterImpl (MiniOzoneClusterImpl.java:lambda$waitForClusterToBeReady$0(240)) - SCM became leader
2021-07-28 21:20:18,976 [Listener at 127.0.0.1/35523] INFO  ozone.MiniOzoneClusterImpl (MiniOzoneClusterImpl.java:lambda$waitForClusterToBeReady$0(235)) - Nodes are ready. Got 3 of 3 DN Heartbeats.
2021-07-28 21:20:18,977 [Listener at 127.0.0.1/35523] INFO  ozone.MiniOzoneClusterImpl (MiniOzoneClusterImpl.java:lambda$waitForClusterToBeReady$0(238)) - Waiting for cluster to exit safe mode
2021-07-28 21:20:18,977 [Listener at 127.0.0.1/35523] INFO  ozone.MiniOzoneClusterImpl (MiniOzoneClusterImpl.java:lambda$waitForClusterToBeReady$0(240)) - SCM became leader
2021-07-28 21:20:19,977 [Listener at 127.0.0.1/35523] INFO  ozone.MiniOzoneClusterImpl (MiniOzoneClusterImpl.java:lambda$waitForClusterToBeReady$0(235)) - Nodes are ready. Got 3 of 3 DN Heartbeats.
2021-07-28 21:20:19,977 [Listener at 127.0.0.1/35523] INFO  ozone.MiniOzoneClusterImpl (MiniOzoneClusterImpl.java:lambda$waitForClusterToBeReady$0(238)) - Waiting for cluster to exit safe mode
2021-07-28 21:20:19,977 [Listener at 127.0.0.1/35523] INFO  ozone.MiniOzoneClusterImpl (MiniOzoneClusterImpl.java:lambda$waitForClusterToBeReady$0(240)) - SCM became leader
2021-07-28 21:20:20,978 [Listener at 127.0.0.1/35523] INFO  ozone.MiniOzoneClusterImpl (MiniOzoneClusterImpl.java:lambda$waitForClusterToBeReady$0(235)) - Nodes are ready. Got 3 of 3 DN Heartbeats.
2021-07-28 21:20:20,978 [Listener at 127.0.0.1/35523] INFO  ozone.MiniOzoneClusterImpl (MiniOzoneClusterImpl.java:lambda$waitForClusterToBeReady$0(238)) - Waiting for cluster to exit safe mode
2021-07-28 21:20:20,978 [Listener at 127.0.0.1/35523] INFO  ozone.MiniOzoneClusterImpl (MiniOzoneClusterImpl.java:lambda$waitForClusterToBeReady$0(240)) - SCM became leader
2021-07-28 21:20:21,978 [Listener at 127.0.0.1/35523] INFO  ozone.MiniOzoneClusterImpl (MiniOzoneClusterImpl.java:lambda$waitForClusterToBeReady$0(235)) - Nodes are ready. Got 3 of 3 DN Heartbeats.
2021-07-28 21:20:21,979 [Listener at 127.0.0.1/35523] INFO  ozone.MiniOzoneClusterImpl (MiniOzoneClusterImpl.java:lambda$waitForClusterToBeReady$0(238)) - Waiting for cluster to exit safe mode
2021-07-28 21:20:21,979 [Listener at 127.0.0.1/35523] INFO  ozone.MiniOzoneClusterImpl (MiniOzoneClusterImpl.java:lambda$waitForClusterToBeReady$0(240)) - SCM became leader
2021-07-28 21:20:22,203 [31a275a1-7e4f-41f8-9eef-5428a3a9a47f@group-4F9C023E6286-FollowerState] INFO  impl.FollowerState (FollowerState.java:run(134)) - 31a275a1-7e4f-41f8-9eef-5428a3a9a47f@group-4F9C023E6286-FollowerState: change to CANDIDATE, lastRpcElapsedTime:5100261534ns, electionTimeout:5098ms
2021-07-28 21:20:22,203 [31a275a1-7e4f-41f8-9eef-5428a3a9a47f@group-4F9C023E6286-FollowerState] INFO  impl.RoleInfo (RoleInfo.java:shutdownFollowerState(108)) - 31a275a1-7e4f-41f8-9eef-5428a3a9a47f: shutdown 31a275a1-7e4f-41f8-9eef-5428a3a9a47f@group-4F9C023E6286-FollowerState
2021-07-28 21:20:22,203 [31a275a1-7e4f-41f8-9eef-5428a3a9a47f@group-4F9C023E6286-FollowerState] INFO  server.RaftServer$Division (RaftServerImpl.java:setRole(285)) - 31a275a1-7e4f-41f8-9eef-5428a3a9a47f@group-4F9C023E6286: changes role from  FOLLOWER to CANDIDATE at term 6 for changeToCandidate
2021-07-28 21:20:22,203 [31a275a1-7e4f-41f8-9eef-5428a3a9a47f@group-4F9C023E6286-FollowerState] INFO  server.RaftServerConfigKeys (ConfUtils.java:logGet(44)) - raft.server.leaderelection.pre-vote = false (custom)
2021-07-28 21:20:22,203 [31a275a1-7e4f-41f8-9eef-5428a3a9a47f@group-4F9C023E6286-FollowerState] INFO  impl.RoleInfo (RoleInfo.java:updateAndGet(130)) - 31a275a1-7e4f-41f8-9eef-5428a3a9a47f: start 31a275a1-7e4f-41f8-9eef-5428a3a9a47f@group-4F9C023E6286-LeaderElection9
2021-07-28 21:20:22,207 [31a275a1-7e4f-41f8-9eef-5428a3a9a47f@group-4F9C023E6286-LeaderElection9] INFO  impl.LeaderElection (LeaderElection.java:askForVotes(306)) - 31a275a1-7e4f-41f8-9eef-5428a3a9a47f@group-4F9C023E6286-LeaderElection9 ELECTION round 0: submit vote requests at term 7 for -1: [31a275a1-7e4f-41f8-9eef-5428a3a9a47f|rpc:10.1.0.18:39893|priority:0, 9c0f3aab-f21e-4a40-b90a-e278bd611599|rpc:10.1.0.18:40769|priority:1, 684a6605-a0ea-4f4a-a756-567e88d15665|rpc:10.1.0.18:41617|priority:0], old=null
2021-07-28 21:20:22,210 [grpc-default-executor-1] INFO  server.RaftServer$Division (RaftServerImpl.java:requestVote(1043)) - 9c0f3aab-f21e-4a40-b90a-e278bd611599@group-4F9C023E6286: receive requestVote(ELECTION, 31a275a1-7e4f-41f8-9eef-5428a3a9a47f, group-4F9C023E6286, 7, (t:0, i:0))
2021-07-28 21:20:22,210 [grpc-default-executor-1] INFO  impl.VoteContext (VoteContext.java:log(48)) - 9c0f3aab-f21e-4a40-b90a-e278bd611599@group-4F9C023E6286-FOLLOWER: reject ELECTION from 31a275a1-7e4f-41f8-9eef-5428a3a9a47f: our priority 1 > candidate's priority 0
2021-07-28 21:20:22,210 [grpc-default-executor-1] INFO  server.RaftServer$Division (RaftServerImpl.java:setRole(285)) - 9c0f3aab-f21e-4a40-b90a-e278bd611599@group-4F9C023E6286: changes role from  FOLLOWER to FOLLOWER at term 7 for candidate:31a275a1-7e4f-41f8-9eef-5428a3a9a47f
2021-07-28 21:20:22,210 [grpc-default-executor-1] INFO  impl.RoleInfo (RoleInfo.java:shutdownFollowerState(108)) - 9c0f3aab-f21e-4a40-b90a-e278bd611599: shutdown 9c0f3aab-f21e-4a40-b90a-e278bd611599@group-4F9C023E6286-FollowerState
2021-07-28 21:20:22,210 [grpc-default-executor-1] INFO  impl.RoleInfo (RoleInfo.java:updateAndGet(130)) - 9c0f3aab-f21e-4a40-b90a-e278bd611599: start 9c0f3aab-f21e-4a40-b90a-e278bd611599@group-4F9C023E6286-FollowerState
2021-07-28 21:20:22,210 [9c0f3aab-f21e-4a40-b90a-e278bd611599@group-4F9C023E6286-FollowerState] INFO  impl.FollowerState (FollowerState.java:run(143)) - 9c0f3aab-f21e-4a40-b90a-e278bd611599@group-4F9C023E6286-FollowerState was interrupted: {}
java.lang.InterruptedException: sleep interrupted
	at java.lang.Thread.sleep(Native Method)
	at java.lang.Thread.sleep(Thread.java:340)
	at java.util.concurrent.TimeUnit.sleep(TimeUnit.java:386)
	at org.apache.ratis.util.TimeDuration.sleep(TimeDuration.java:324)
	at org.apache.ratis.util.TimeDuration.sleep(TimeDuration.java:309)
	at org.apache.ratis.server.impl.FollowerState.run(FollowerState.java:118)
2021-07-28 21:20:22,212 [grpc-default-executor-1] INFO  server.RaftServer$Division (RaftServerImpl.java:requestVote(1075)) - 9c0f3aab-f21e-4a40-b90a-e278bd611599@group-4F9C023E6286 replies to ELECTION vote request: 31a275a1-7e4f-41f8-9eef-5428a3a9a47f<-9c0f3aab-f21e-4a40-b90a-e278bd611599#0:FAIL-t7. Peer's state: 9c0f3aab-f21e-4a40-b90a-e278bd611599@group-4F9C023E6286:t7, leader=null, voted=null, raftlog=9c0f3aab-f21e-4a40-b90a-e278bd611599@group-4F9C023E6286-SegmentedRaftLog:OPENED:c-1,f-1,i0, conf=-1: [31a275a1-7e4f-41f8-9eef-5428a3a9a47f|rpc:10.1.0.18:39893|priority:0, 9c0f3aab-f21e-4a40-b90a-e278bd611599|rpc:10.1.0.18:40769|priority:1, 684a6605-a0ea-4f4a-a756-567e88d15665|rpc:10.1.0.18:41617|priority:0], old=null
2021-07-28 21:20:22,214 [grpc-default-executor-0] INFO  server.RaftServer$Division (RaftServerImpl.java:requestVote(1043)) - 684a6605-a0ea-4f4a-a756-567e88d15665@group-4F9C023E6286: receive requestVote(ELECTION, 31a275a1-7e4f-41f8-9eef-5428a3a9a47f, group-4F9C023E6286, 7, (t:0, i:0))
2021-07-28 21:20:22,214 [grpc-default-executor-0] INFO  impl.VoteContext (VoteContext.java:log(48)) - 684a6605-a0ea-4f4a-a756-567e88d15665@group-4F9C023E6286-FOLLOWER: accept ELECTION from 31a275a1-7e4f-41f8-9eef-5428a3a9a47f: our priority 0 <= candidate's priority 0
2021-07-28 21:20:22,214 [grpc-default-executor-0] INFO  server.RaftServer$Division (RaftServerImpl.java:setRole(285)) - 684a6605-a0ea-4f4a-a756-567e88d15665@group-4F9C023E6286: changes role from  FOLLOWER to FOLLOWER at term 7 for candidate:31a275a1-7e4f-41f8-9eef-5428a3a9a47f
2021-07-28 21:20:22,214 [grpc-default-executor-0] INFO  impl.RoleInfo (RoleInfo.java:shutdownFollowerState(108)) - 684a6605-a0ea-4f4a-a756-567e88d15665: shutdown 684a6605-a0ea-4f4a-a756-567e88d15665@group-4F9C023E6286-FollowerState
2021-07-28 21:20:22,215 [grpc-default-executor-0] INFO  impl.RoleInfo (RoleInfo.java:updateAndGet(130)) - 684a6605-a0ea-4f4a-a756-567e88d15665: start 684a6605-a0ea-4f4a-a756-567e88d15665@group-4F9C023E6286-FollowerState
2021-07-28 21:20:22,215 [684a6605-a0ea-4f4a-a756-567e88d15665@group-4F9C023E6286-FollowerState] INFO  impl.FollowerState (FollowerState.java:run(143)) - 684a6605-a0ea-4f4a-a756-567e88d15665@group-4F9C023E6286-FollowerState was interrupted: {}
java.lang.InterruptedException: sleep interrupted
	at java.lang.Thread.sleep(Native Method)
	at java.lang.Thread.sleep(Thread.java:340)
	at java.util.concurrent.TimeUnit.sleep(TimeUnit.java:386)
	at org.apache.ratis.util.TimeDuration.sleep(TimeDuration.java:324)
	at org.apache.ratis.util.TimeDuration.sleep(TimeDuration.java:309)
	at org.apache.ratis.server.impl.FollowerState.run(FollowerState.java:118)
2021-07-28 21:20:22,223 [grpc-default-executor-0] INFO  server.RaftServer$Division (RaftServerImpl.java:requestVote(1075)) - 684a6605-a0ea-4f4a-a756-567e88d15665@group-4F9C023E6286 replies to ELECTION vote request: 31a275a1-7e4f-41f8-9eef-5428a3a9a47f<-684a6605-a0ea-4f4a-a756-567e88d15665#0:OK-t7. Peer's state: 684a6605-a0ea-4f4a-a756-567e88d15665@group-4F9C023E6286:t7, leader=null, voted=31a275a1-7e4f-41f8-9eef-5428a3a9a47f, raftlog=684a6605-a0ea-4f4a-a756-567e88d15665@group-4F9C023E6286-SegmentedRaftLog:OPENED:c-1,f-1,i0, conf=-1: [31a275a1-7e4f-41f8-9eef-5428a3a9a47f|rpc:10.1.0.18:39893|priority:0, 9c0f3aab-f21e-4a40-b90a-e278bd611599|rpc:10.1.0.18:40769|priority:1, 684a6605-a0ea-4f4a-a756-567e88d15665|rpc:10.1.0.18:41617|priority:0], old=null
2021-07-28 21:20:22,222 [31a275a1-7e4f-41f8-9eef-5428a3a9a47f@group-4F9C023E6286-LeaderElection9] INFO  impl.LeaderElection (LeaderElection.java:logAndReturn(89)) - 31a275a1-7e4f-41f8-9eef-5428a3a9a47f@group-4F9C023E6286-LeaderElection9: ELECTION REJECTED received 1 response(s) and 0 exception(s):
2021-07-28 21:20:22,226 [31a275a1-7e4f-41f8-9eef-5428a3a9a47f@group-4F9C023E6286-LeaderElection9] INFO  impl.LeaderElection (LeaderElection.java:logAndReturn(93)) -   Response 0: 31a275a1-7e4f-41f8-9eef-5428a3a9a47f<-9c0f3aab-f21e-4a40-b90a-e278bd611599#0:FAIL-t7
2021-07-28 21:20:22,226 [31a275a1-7e4f-41f8-9eef-5428a3a9a47f@group-4F9C023E6286-LeaderElection9] INFO  impl.LeaderElection (LeaderElection.java:askForVotes(308)) - 31a275a1-7e4f-41f8-9eef-5428a3a9a47f@group-4F9C023E6286-LeaderElection9 ELECTION round 0: result REJECTED
2021-07-28 21:20:22,226 [31a275a1-7e4f-41f8-9eef-5428a3a9a47f@group-4F9C023E6286-LeaderElection9] INFO  server.RaftServer$Division (RaftServerImpl.java:setRole(285)) - 31a275a1-7e4f-41f8-9eef-5428a3a9a47f@group-4F9C023E6286: changes role from CANDIDATE to FOLLOWER at term 7 for REJECTED
2021-07-28 21:20:22,226 [31a275a1-7e4f-41f8-9eef-5428a3a9a47f@group-4F9C023E6286-LeaderElection9] INFO  impl.RoleInfo (RoleInfo.java:shutdownLeaderElection(121)) - 31a275a1-7e4f-41f8-9eef-5428a3a9a47f: shutdown 31a275a1-7e4f-41f8-9eef-5428a3a9a47f@group-4F9C023E6286-LeaderElection9
2021-07-28 21:20:22,226 [31a275a1-7e4f-41f8-9eef-5428a3a9a47f@group-4F9C023E6286-LeaderElection9] INFO  impl.RoleInfo (RoleInfo.java:updateAndGet(130)) - 31a275a1-7e4f-41f8-9eef-5428a3a9a47f: start 31a275a1-7e4f-41f8-9eef-5428a3a9a47f@group-4F9C023E6286-FollowerState
2021-07-28 21:20:22,979 [Listener at 127.0.0.1/35523] INFO  ozone.MiniOzoneClusterImpl (MiniOzoneClusterImpl.java:lambda$waitForClusterToBeReady$0(235)) - Nodes are ready. Got 3 of 3 DN Heartbeats.
2021-07-28 21:20:22,980 [Listener at 127.0.0.1/35523] INFO  ozone.MiniOzoneClusterImpl (MiniOzoneClusterImpl.java:lambda$waitForClusterToBeReady$0(238)) - Waiting for cluster to exit safe mode
2021-07-28 21:20:22,980 [Listener at 127.0.0.1/35523] INFO  ozone.MiniOzoneClusterImpl (MiniOzoneClusterImpl.java:lambda$waitForClusterToBeReady$0(240)) - SCM became leader
2021-07-28 21:20:23,981 [Listener at 127.0.0.1/35523] INFO  ozone.MiniOzoneClusterImpl (MiniOzoneClusterImpl.java:lambda$waitForClusterToBeReady$0(235)) - Nodes are ready. Got 3 of 3 DN Heartbeats.
2021-07-28 21:20:23,981 [Listener at 127.0.0.1/35523] INFO  ozone.MiniOzoneClusterImpl (MiniOzoneClusterImpl.java:lambda$waitForClusterToBeReady$0(238)) - Waiting for cluster to exit safe mode
2021-07-28 21:20:23,981 [Listener at 127.0.0.1/35523] INFO  ozone.MiniOzoneClusterImpl (MiniOzoneClusterImpl.java:lambda$waitForClusterToBeReady$0(240)) - SCM became leader
2021-07-28 21:20:24,981 [Listener at 127.0.0.1/35523] INFO  ozone.MiniOzoneClusterImpl (MiniOzoneClusterImpl.java:lambda$waitForClusterToBeReady$0(235)) - Nodes are ready. Got 3 of 3 DN Heartbeats.
2021-07-28 21:20:24,982 [Listener at 127.0.0.1/35523] INFO  ozone.MiniOzoneClusterImpl (MiniOzoneClusterImpl.java:lambda$waitForClusterToBeReady$0(238)) - Waiting for cluster to exit safe mode
2021-07-28 21:20:24,982 [Listener at 127.0.0.1/35523] INFO  ozone.MiniOzoneClusterImpl (MiniOzoneClusterImpl.java:lambda$waitForClusterToBeReady$0(240)) - SCM became leader
2021-07-28 21:20:25,982 [Listener at 127.0.0.1/35523] INFO  ozone.MiniOzoneClusterImpl (MiniOzoneClusterImpl.java:lambda$waitForClusterToBeReady$0(235)) - Nodes are ready. Got 3 of 3 DN Heartbeats.
2021-07-28 21:20:25,983 [Listener at 127.0.0.1/35523] INFO  ozone.MiniOzoneClusterImpl (MiniOzoneClusterImpl.java:lambda$waitForClusterToBeReady$0(238)) - Waiting for cluster to exit safe mode
2021-07-28 21:20:25,983 [Listener at 127.0.0.1/35523] INFO  ozone.MiniOzoneClusterImpl (MiniOzoneClusterImpl.java:lambda$waitForClusterToBeReady$0(240)) - SCM became leader
2021-07-28 21:20:26,983 [Listener at 127.0.0.1/35523] INFO  ozone.MiniOzoneClusterImpl (MiniOzoneClusterImpl.java:lambda$waitForClusterToBeReady$0(235)) - Nodes are ready. Got 3 of 3 DN Heartbeats.
2021-07-28 21:20:26,983 [Listener at 127.0.0.1/35523] INFO  ozone.MiniOzoneClusterImpl (MiniOzoneClusterImpl.java:lambda$waitForClusterToBeReady$0(238)) - Waiting for cluster to exit safe mode
2021-07-28 21:20:26,983 [Listener at 127.0.0.1/35523] INFO  ozone.MiniOzoneClusterImpl (MiniOzoneClusterImpl.java:lambda$waitForClusterToBeReady$0(240)) - SCM became leader
2021-07-28 21:20:27,287 [31a275a1-7e4f-41f8-9eef-5428a3a9a47f@group-4F9C023E6286-FollowerState] INFO  impl.FollowerState (FollowerState.java:run(134)) - 31a275a1-7e4f-41f8-9eef-5428a3a9a47f@group-4F9C023E6286-FollowerState: change to CANDIDATE, lastRpcElapsedTime:5060558303ns, electionTimeout:5060ms
2021-07-28 21:20:27,287 [31a275a1-7e4f-41f8-9eef-5428a3a9a47f@group-4F9C023E6286-FollowerState] INFO  impl.RoleInfo (RoleInfo.java:shutdownFollowerState(108)) - 31a275a1-7e4f-41f8-9eef-5428a3a9a47f: shutdown 31a275a1-7e4f-41f8-9eef-5428a3a9a47f@group-4F9C023E6286-FollowerState
2021-07-28 21:20:27,287 [31a275a1-7e4f-41f8-9eef-5428a3a9a47f@group-4F9C023E6286-FollowerState] INFO  server.RaftServer$Division (RaftServerImpl.java:setRole(285)) - 31a275a1-7e4f-41f8-9eef-5428a3a9a47f@group-4F9C023E6286: changes role from  FOLLOWER to CANDIDATE at term 7 for changeToCandidate
2021-07-28 21:20:27,287 [31a275a1-7e4f-41f8-9eef-5428a3a9a47f@group-4F9C023E6286-FollowerState] INFO  server.RaftServerConfigKeys (ConfUtils.java:logGet(44)) - raft.server.leaderelection.pre-vote = false (custom)
2021-07-28 21:20:27,287 [31a275a1-7e4f-41f8-9eef-5428a3a9a47f@group-4F9C023E6286-FollowerState] INFO  impl.RoleInfo (RoleInfo.java:updateAndGet(130)) - 31a275a1-7e4f-41f8-9eef-5428a3a9a47f: start 31a275a1-7e4f-41f8-9eef-5428a3a9a47f@group-4F9C023E6286-LeaderElection10
2021-07-28 21:20:27,290 [31a275a1-7e4f-41f8-9eef-5428a3a9a47f@group-4F9C023E6286-LeaderElection10] INFO  impl.LeaderElection (LeaderElection.java:askForVotes(306)) - 31a275a1-7e4f-41f8-9eef-5428a3a9a47f@group-4F9C023E6286-LeaderElection10 ELECTION round 0: submit vote requests at term 8 for -1: [31a275a1-7e4f-41f8-9eef-5428a3a9a47f|rpc:10.1.0.18:39893|priority:0, 9c0f3aab-f21e-4a40-b90a-e278bd611599|rpc:10.1.0.18:40769|priority:1, 684a6605-a0ea-4f4a-a756-567e88d15665|rpc:10.1.0.18:41617|priority:0], old=null
2021-07-28 21:20:27,294 [grpc-default-executor-0] INFO  server.RaftServer$Division (RaftServerImpl.java:requestVote(1043)) - 9c0f3aab-f21e-4a40-b90a-e278bd611599@group-4F9C023E6286: receive requestVote(ELECTION, 31a275a1-7e4f-41f8-9eef-5428a3a9a47f, group-4F9C023E6286, 8, (t:0, i:0))
2021-07-28 21:20:27,294 [grpc-default-executor-0] INFO  impl.VoteContext (VoteContext.java:log(48)) - 9c0f3aab-f21e-4a40-b90a-e278bd611599@group-4F9C023E6286-FOLLOWER: reject ELECTION from 31a275a1-7e4f-41f8-9eef-5428a3a9a47f: our priority 1 > candidate's priority 0
2021-07-28 21:20:27,295 [grpc-default-executor-0] INFO  server.RaftServer$Division (RaftServerImpl.java:setRole(285)) - 9c0f3aab-f21e-4a40-b90a-e278bd611599@group-4F9C023E6286: changes role from  FOLLOWER to FOLLOWER at term 8 for candidate:31a275a1-7e4f-41f8-9eef-5428a3a9a47f
2021-07-28 21:20:27,295 [grpc-default-executor-0] INFO  impl.RoleInfo (RoleInfo.java:shutdownFollowerState(108)) - 9c0f3aab-f21e-4a40-b90a-e278bd611599: shutdown 9c0f3aab-f21e-4a40-b90a-e278bd611599@group-4F9C023E6286-FollowerState
2021-07-28 21:20:27,295 [grpc-default-executor-0] INFO  impl.RoleInfo (RoleInfo.java:updateAndGet(130)) - 9c0f3aab-f21e-4a40-b90a-e278bd611599: start 9c0f3aab-f21e-4a40-b90a-e278bd611599@group-4F9C023E6286-FollowerState
2021-07-28 21:20:27,295 [9c0f3aab-f21e-4a40-b90a-e278bd611599@group-4F9C023E6286-FollowerState] INFO  impl.FollowerState (FollowerState.java:run(143)) - 9c0f3aab-f21e-4a40-b90a-e278bd611599@group-4F9C023E6286-FollowerState was interrupted: {}
java.lang.InterruptedException: sleep interrupted
	at java.lang.Thread.sleep(Native Method)
	at java.lang.Thread.sleep(Thread.java:340)
	at java.util.concurrent.TimeUnit.sleep(TimeUnit.java:386)
	at org.apache.ratis.util.TimeDuration.sleep(TimeDuration.java:324)
	at org.apache.ratis.util.TimeDuration.sleep(TimeDuration.java:309)
	at org.apache.ratis.server.impl.FollowerState.run(FollowerState.java:118)
2021-07-28 21:20:27,303 [grpc-default-executor-1] INFO  server.RaftServer$Division (RaftServerImpl.java:requestVote(1043)) - 684a6605-a0ea-4f4a-a756-567e88d15665@group-4F9C023E6286: receive requestVote(ELECTION, 31a275a1-7e4f-41f8-9eef-5428a3a9a47f, group-4F9C023E6286, 8, (t:0, i:0))
2021-07-28 21:20:27,303 [grpc-default-executor-0] INFO  server.RaftServer$Division (RaftServerImpl.java:requestVote(1075)) - 9c0f3aab-f21e-4a40-b90a-e278bd611599@group-4F9C023E6286 replies to ELECTION vote request: 31a275a1-7e4f-41f8-9eef-5428a3a9a47f<-9c0f3aab-f21e-4a40-b90a-e278bd611599#0:FAIL-t8. Peer's state: 9c0f3aab-f21e-4a40-b90a-e278bd611599@group-4F9C023E6286:t8, leader=null, voted=null, raftlog=9c0f3aab-f21e-4a40-b90a-e278bd611599@group-4F9C023E6286-SegmentedRaftLog:OPENED:c-1,f-1,i0, conf=-1: [31a275a1-7e4f-41f8-9eef-5428a3a9a47f|rpc:10.1.0.18:39893|priority:0, 9c0f3aab-f21e-4a40-b90a-e278bd611599|rpc:10.1.0.18:40769|priority:1, 684a6605-a0ea-4f4a-a756-567e88d15665|rpc:10.1.0.18:41617|priority:0], old=null
2021-07-28 21:20:27,303 [grpc-default-executor-1] INFO  impl.VoteContext (VoteContext.java:log(48)) - 684a6605-a0ea-4f4a-a756-567e88d15665@group-4F9C023E6286-FOLLOWER: accept ELECTION from 31a275a1-7e4f-41f8-9eef-5428a3a9a47f: our priority 0 <= candidate's priority 0
2021-07-28 21:20:27,303 [grpc-default-executor-1] INFO  server.RaftServer$Division (RaftServerImpl.java:setRole(285)) - 684a6605-a0ea-4f4a-a756-567e88d15665@group-4F9C023E6286: changes role from  FOLLOWER to FOLLOWER at term 8 for candidate:31a275a1-7e4f-41f8-9eef-5428a3a9a47f
2021-07-28 21:20:27,303 [grpc-default-executor-1] INFO  impl.RoleInfo (RoleInfo.java:shutdownFollowerState(108)) - 684a6605-a0ea-4f4a-a756-567e88d15665: shutdown 684a6605-a0ea-4f4a-a756-567e88d15665@group-4F9C023E6286-FollowerState
2021-07-28 21:20:27,303 [grpc-default-executor-1] INFO  impl.RoleInfo (RoleInfo.java:updateAndGet(130)) - 684a6605-a0ea-4f4a-a756-567e88d15665: start 684a6605-a0ea-4f4a-a756-567e88d15665@group-4F9C023E6286-FollowerState
2021-07-28 21:20:27,303 [684a6605-a0ea-4f4a-a756-567e88d15665@group-4F9C023E6286-FollowerState] INFO  impl.FollowerState (FollowerState.java:run(143)) - 684a6605-a0ea-4f4a-a756-567e88d15665@group-4F9C023E6286-FollowerState was interrupted: {}
java.lang.InterruptedException: sleep interrupted
	at java.lang.Thread.sleep(Native Method)
	at java.lang.Thread.sleep(Thread.java:340)
	at java.util.concurrent.TimeUnit.sleep(TimeUnit.java:386)
	at org.apache.ratis.util.TimeDuration.sleep(TimeDuration.java:324)
	at org.apache.ratis.util.TimeDuration.sleep(TimeDuration.java:309)
	at org.apache.ratis.server.impl.FollowerState.run(FollowerState.java:118)
2021-07-28 21:20:27,304 [grpc-default-executor-1] INFO  server.RaftServer$Division (RaftServerImpl.java:requestVote(1075)) - 684a6605-a0ea-4f4a-a756-567e88d15665@group-4F9C023E6286 replies to ELECTION vote request: 31a275a1-7e4f-41f8-9eef-5428a3a9a47f<-684a6605-a0ea-4f4a-a756-567e88d15665#0:OK-t8. Peer's state: 684a6605-a0ea-4f4a-a756-567e88d15665@group-4F9C023E6286:t8, leader=null, voted=31a275a1-7e4f-41f8-9eef-5428a3a9a47f, raftlog=684a6605-a0ea-4f4a-a756-567e88d15665@group-4F9C023E6286-SegmentedRaftLog:OPENED:c-1,f-1,i0, conf=-1: [31a275a1-7e4f-41f8-9eef-5428a3a9a47f|rpc:10.1.0.18:39893|priority:0, 9c0f3aab-f21e-4a40-b90a-e278bd611599|rpc:10.1.0.18:40769|priority:1, 684a6605-a0ea-4f4a-a756-567e88d15665|rpc:10.1.0.18:41617|priority:0], old=null
2021-07-28 21:20:27,304 [31a275a1-7e4f-41f8-9eef-5428a3a9a47f@group-4F9C023E6286-LeaderElection10] INFO  impl.LeaderElection (LeaderElection.java:logAndReturn(89)) - 31a275a1-7e4f-41f8-9eef-5428a3a9a47f@group-4F9C023E6286-LeaderElection10: ELECTION REJECTED received 1 response(s) and 0 exception(s):
2021-07-28 21:20:27,305 [31a275a1-7e4f-41f8-9eef-5428a3a9a47f@group-4F9C023E6286-LeaderElection10] INFO  impl.LeaderElection (LeaderElection.java:logAndReturn(93)) -   Response 0: 31a275a1-7e4f-41f8-9eef-5428a3a9a47f<-9c0f3aab-f21e-4a40-b90a-e278bd611599#0:FAIL-t8
2021-07-28 21:20:27,305 [31a275a1-7e4f-41f8-9eef-5428a3a9a47f@group-4F9C023E6286-LeaderElection10] INFO  impl.LeaderElection (LeaderElection.java:askForVotes(308)) - 31a275a1-7e4f-41f8-9eef-5428a3a9a47f@group-4F9C023E6286-LeaderElection10 ELECTION round 0: result REJECTED
2021-07-28 21:20:27,305 [31a275a1-7e4f-41f8-9eef-5428a3a9a47f@group-4F9C023E6286-LeaderElection10] INFO  server.RaftServer$Division (RaftServerImpl.java:setRole(285)) - 31a275a1-7e4f-41f8-9eef-5428a3a9a47f@group-4F9C023E6286: changes role from CANDIDATE to FOLLOWER at term 8 for REJECTED
2021-07-28 21:20:27,305 [31a275a1-7e4f-41f8-9eef-5428a3a9a47f@group-4F9C023E6286-LeaderElection10] INFO  impl.RoleInfo (RoleInfo.java:shutdownLeaderElection(121)) - 31a275a1-7e4f-41f8-9eef-5428a3a9a47f: shutdown 31a275a1-7e4f-41f8-9eef-5428a3a9a47f@group-4F9C023E6286-LeaderElection10
2021-07-28 21:20:27,305 [31a275a1-7e4f-41f8-9eef-5428a3a9a47f@group-4F9C023E6286-LeaderElection10] INFO  impl.RoleInfo (RoleInfo.java:updateAndGet(130)) - 31a275a1-7e4f-41f8-9eef-5428a3a9a47f: start 31a275a1-7e4f-41f8-9eef-5428a3a9a47f@group-4F9C023E6286-FollowerState
2021-07-28 21:20:27,984 [Listener at 127.0.0.1/35523] INFO  ozone.MiniOzoneClusterImpl (MiniOzoneClusterImpl.java:lambda$waitForClusterToBeReady$0(235)) - Nodes are ready. Got 3 of 3 DN Heartbeats.
2021-07-28 21:20:27,985 [Listener at 127.0.0.1/35523] INFO  ozone.MiniOzoneClusterImpl (MiniOzoneClusterImpl.java:lambda$waitForClusterToBeReady$0(238)) - Waiting for cluster to exit safe mode
2021-07-28 21:20:27,985 [Listener at 127.0.0.1/35523] INFO  ozone.MiniOzoneClusterImpl (MiniOzoneClusterImpl.java:lambda$waitForClusterToBeReady$0(240)) - SCM became leader
2021-07-28 21:20:28,986 [Listener at 127.0.0.1/35523] INFO  ozone.MiniOzoneClusterImpl (MiniOzoneClusterImpl.java:lambda$waitForClusterToBeReady$0(235)) - Nodes are ready. Got 3 of 3 DN Heartbeats.
2021-07-28 21:20:28,986 [Listener at 127.0.0.1/35523] INFO  ozone.MiniOzoneClusterImpl (MiniOzoneClusterImpl.java:lambda$waitForClusterToBeReady$0(238)) - Waiting for cluster to exit safe mode
2021-07-28 21:20:28,986 [Listener at 127.0.0.1/35523] INFO  ozone.MiniOzoneClusterImpl (MiniOzoneClusterImpl.java:lambda$waitForClusterToBeReady$0(240)) - SCM became leader
2021-07-28 21:20:29,986 [Listener at 127.0.0.1/35523] INFO  ozone.MiniOzoneClusterImpl (MiniOzoneClusterImpl.java:lambda$waitForClusterToBeReady$0(235)) - Nodes are ready. Got 3 of 3 DN Heartbeats.
2021-07-28 21:20:29,987 [Listener at 127.0.0.1/35523] INFO  ozone.MiniOzoneClusterImpl (MiniOzoneClusterImpl.java:lambda$waitForClusterToBeReady$0(238)) - Waiting for cluster to exit safe mode
2021-07-28 21:20:29,987 [Listener at 127.0.0.1/35523] INFO  ozone.MiniOzoneClusterImpl (MiniOzoneClusterImpl.java:lambda$waitForClusterToBeReady$0(240)) - SCM became leader
2021-07-28 21:20:30,987 [Listener at 127.0.0.1/35523] INFO  ozone.MiniOzoneClusterImpl (MiniOzoneClusterImpl.java:lambda$waitForClusterToBeReady$0(235)) - Nodes are ready. Got 3 of 3 DN Heartbeats.
2021-07-28 21:20:30,987 [Listener at 127.0.0.1/35523] INFO  ozone.MiniOzoneClusterImpl (MiniOzoneClusterImpl.java:lambda$waitForClusterToBeReady$0(238)) - Waiting for cluster to exit safe mode
2021-07-28 21:20:30,988 [Listener at 127.0.0.1/35523] INFO  ozone.MiniOzoneClusterImpl (MiniOzoneClusterImpl.java:lambda$waitForClusterToBeReady$0(240)) - SCM became leader
2021-07-28 21:20:31,988 [Listener at 127.0.0.1/35523] INFO  ozone.MiniOzoneClusterImpl (MiniOzoneClusterImpl.java:lambda$waitForClusterToBeReady$0(235)) - Nodes are ready. Got 3 of 3 DN Heartbeats.
2021-07-28 21:20:31,988 [Listener at 127.0.0.1/35523] INFO  ozone.MiniOzoneClusterImpl (MiniOzoneClusterImpl.java:lambda$waitForClusterToBeReady$0(238)) - Waiting for cluster to exit safe mode
2021-07-28 21:20:31,988 [Listener at 127.0.0.1/35523] INFO  ozone.MiniOzoneClusterImpl (MiniOzoneClusterImpl.java:lambda$waitForClusterToBeReady$0(240)) - SCM became leader
2021-07-28 21:20:32,321 [31a275a1-7e4f-41f8-9eef-5428a3a9a47f@group-4F9C023E6286-FollowerState] INFO  impl.FollowerState (FollowerState.java:run(134)) - 31a275a1-7e4f-41f8-9eef-5428a3a9a47f@group-4F9C023E6286-FollowerState: change to CANDIDATE, lastRpcElapsedTime:5015605712ns, electionTimeout:5011ms
2021-07-28 21:20:32,321 [31a275a1-7e4f-41f8-9eef-5428a3a9a47f@group-4F9C023E6286-FollowerState] INFO  impl.RoleInfo (RoleInfo.java:shutdownFollowerState(108)) - 31a275a1-7e4f-41f8-9eef-5428a3a9a47f: shutdown 31a275a1-7e4f-41f8-9eef-5428a3a9a47f@group-4F9C023E6286-FollowerState
2021-07-28 21:20:32,321 [31a275a1-7e4f-41f8-9eef-5428a3a9a47f@group-4F9C023E6286-FollowerState] INFO  server.RaftServer$Division (RaftServerImpl.java:setRole(285)) - 31a275a1-7e4f-41f8-9eef-5428a3a9a47f@group-4F9C023E6286: changes role from  FOLLOWER to CANDIDATE at term 8 for changeToCandidate
2021-07-28 21:20:32,321 [31a275a1-7e4f-41f8-9eef-5428a3a9a47f@group-4F9C023E6286-FollowerState] INFO  server.RaftServerConfigKeys (ConfUtils.java:logGet(44)) - raft.server.leaderelection.pre-vote = false (custom)
2021-07-28 21:20:32,321 [31a275a1-7e4f-41f8-9eef-5428a3a9a47f@group-4F9C023E6286-FollowerState] INFO  impl.RoleInfo (RoleInfo.java:updateAndGet(130)) - 31a275a1-7e4f-41f8-9eef-5428a3a9a47f: start 31a275a1-7e4f-41f8-9eef-5428a3a9a47f@group-4F9C023E6286-LeaderElection11
2021-07-28 21:20:32,324 [31a275a1-7e4f-41f8-9eef-5428a3a9a47f@group-4F9C023E6286-LeaderElection11] INFO  impl.LeaderElection (LeaderElection.java:askForVotes(306)) - 31a275a1-7e4f-41f8-9eef-5428a3a9a47f@group-4F9C023E6286-LeaderElection11 ELECTION round 0: submit vote requests at term 9 for -1: [31a275a1-7e4f-41f8-9eef-5428a3a9a47f|rpc:10.1.0.18:39893|priority:0, 9c0f3aab-f21e-4a40-b90a-e278bd611599|rpc:10.1.0.18:40769|priority:1, 684a6605-a0ea-4f4a-a756-567e88d15665|rpc:10.1.0.18:41617|priority:0], old=null
2021-07-28 21:20:32,327 [grpc-default-executor-1] INFO  server.RaftServer$Division (RaftServerImpl.java:requestVote(1043)) - 9c0f3aab-f21e-4a40-b90a-e278bd611599@group-4F9C023E6286: receive requestVote(ELECTION, 31a275a1-7e4f-41f8-9eef-5428a3a9a47f, group-4F9C023E6286, 9, (t:0, i:0))
2021-07-28 21:20:32,328 [grpc-default-executor-1] INFO  impl.VoteContext (VoteContext.java:log(48)) - 9c0f3aab-f21e-4a40-b90a-e278bd611599@group-4F9C023E6286-FOLLOWER: reject ELECTION from 31a275a1-7e4f-41f8-9eef-5428a3a9a47f: our priority 1 > candidate's priority 0
2021-07-28 21:20:32,328 [grpc-default-executor-1] INFO  server.RaftServer$Division (RaftServerImpl.java:setRole(285)) - 9c0f3aab-f21e-4a40-b90a-e278bd611599@group-4F9C023E6286: changes role from  FOLLOWER to FOLLOWER at term 9 for candidate:31a275a1-7e4f-41f8-9eef-5428a3a9a47f
2021-07-28 21:20:32,328 [grpc-default-executor-1] INFO  impl.RoleInfo (RoleInfo.java:shutdownFollowerState(108)) - 9c0f3aab-f21e-4a40-b90a-e278bd611599: shutdown 9c0f3aab-f21e-4a40-b90a-e278bd611599@group-4F9C023E6286-FollowerState
2021-07-28 21:20:32,328 [grpc-default-executor-1] INFO  impl.RoleInfo (RoleInfo.java:updateAndGet(130)) - 9c0f3aab-f21e-4a40-b90a-e278bd611599: start 9c0f3aab-f21e-4a40-b90a-e278bd611599@group-4F9C023E6286-FollowerState
2021-07-28 21:20:32,328 [9c0f3aab-f21e-4a40-b90a-e278bd611599@group-4F9C023E6286-FollowerState] INFO  impl.FollowerState (FollowerState.java:run(143)) - 9c0f3aab-f21e-4a40-b90a-e278bd611599@group-4F9C023E6286-FollowerState was interrupted: {}
java.lang.InterruptedException: sleep interrupted
	at java.lang.Thread.sleep(Native Method)
	at java.lang.Thread.sleep(Thread.java:340)
	at java.util.concurrent.TimeUnit.sleep(TimeUnit.java:386)
	at org.apache.ratis.util.TimeDuration.sleep(TimeDuration.java:324)
	at org.apache.ratis.util.TimeDuration.sleep(TimeDuration.java:309)
	at org.apache.ratis.server.impl.FollowerState.run(FollowerState.java:118)
2021-07-28 21:20:32,334 [grpc-default-executor-0] INFO  server.RaftServer$Division (RaftServerImpl.java:requestVote(1043)) - 684a6605-a0ea-4f4a-a756-567e88d15665@group-4F9C023E6286: receive requestVote(ELECTION, 31a275a1-7e4f-41f8-9eef-5428a3a9a47f, group-4F9C023E6286, 9, (t:0, i:0))
2021-07-28 21:20:32,335 [grpc-default-executor-0] INFO  impl.VoteContext (VoteContext.java:log(48)) - 684a6605-a0ea-4f4a-a756-567e88d15665@group-4F9C023E6286-FOLLOWER: accept ELECTION from 31a275a1-7e4f-41f8-9eef-5428a3a9a47f: our priority 0 <= candidate's priority 0
2021-07-28 21:20:32,335 [grpc-default-executor-0] INFO  server.RaftServer$Division (RaftServerImpl.java:setRole(285)) - 684a6605-a0ea-4f4a-a756-567e88d15665@group-4F9C023E6286: changes role from  FOLLOWER to FOLLOWER at term 9 for candidate:31a275a1-7e4f-41f8-9eef-5428a3a9a47f
2021-07-28 21:20:32,335 [grpc-default-executor-0] INFO  impl.RoleInfo (RoleInfo.java:shutdownFollowerState(108)) - 684a6605-a0ea-4f4a-a756-567e88d15665: shutdown 684a6605-a0ea-4f4a-a756-567e88d15665@group-4F9C023E6286-FollowerState
2021-07-28 21:20:32,335 [grpc-default-executor-0] INFO  impl.RoleInfo (RoleInfo.java:updateAndGet(130)) - 684a6605-a0ea-4f4a-a756-567e88d15665: start 684a6605-a0ea-4f4a-a756-567e88d15665@group-4F9C023E6286-FollowerState
2021-07-28 21:20:32,335 [684a6605-a0ea-4f4a-a756-567e88d15665@group-4F9C023E6286-FollowerState] INFO  impl.FollowerState (FollowerState.java:run(143)) - 684a6605-a0ea-4f4a-a756-567e88d15665@group-4F9C023E6286-FollowerState was interrupted: {}
java.lang.InterruptedException: sleep interrupted
	at java.lang.Thread.sleep(Native Method)
	at java.lang.Thread.sleep(Thread.java:340)
	at java.util.concurrent.TimeUnit.sleep(TimeUnit.java:386)
	at org.apache.ratis.util.TimeDuration.sleep(TimeDuration.java:324)
	at org.apache.ratis.util.TimeDuration.sleep(TimeDuration.java:309)
	at org.apache.ratis.server.impl.FollowerState.run(FollowerState.java:118)
2021-07-28 21:20:32,336 [grpc-default-executor-1] INFO  server.RaftServer$Division (RaftServerImpl.java:requestVote(1075)) - 9c0f3aab-f21e-4a40-b90a-e278bd611599@group-4F9C023E6286 replies to ELECTION vote request: 31a275a1-7e4f-41f8-9eef-5428a3a9a47f<-9c0f3aab-f21e-4a40-b90a-e278bd611599#0:FAIL-t9. Peer's state: 9c0f3aab-f21e-4a40-b90a-e278bd611599@group-4F9C023E6286:t9, leader=null, voted=null, raftlog=9c0f3aab-f21e-4a40-b90a-e278bd611599@group-4F9C023E6286-SegmentedRaftLog:OPENED:c-1,f-1,i0, conf=-1: [31a275a1-7e4f-41f8-9eef-5428a3a9a47f|rpc:10.1.0.18:39893|priority:0, 9c0f3aab-f21e-4a40-b90a-e278bd611599|rpc:10.1.0.18:40769|priority:1, 684a6605-a0ea-4f4a-a756-567e88d15665|rpc:10.1.0.18:41617|priority:0], old=null
2021-07-28 21:20:32,341 [grpc-default-executor-0] INFO  server.RaftServer$Division (RaftServerImpl.java:requestVote(1075)) - 684a6605-a0ea-4f4a-a756-567e88d15665@group-4F9C023E6286 replies to ELECTION vote request: 31a275a1-7e4f-41f8-9eef-5428a3a9a47f<-684a6605-a0ea-4f4a-a756-567e88d15665#0:OK-t9. Peer's state: 684a6605-a0ea-4f4a-a756-567e88d15665@group-4F9C023E6286:t9, leader=null, voted=31a275a1-7e4f-41f8-9eef-5428a3a9a47f, raftlog=684a6605-a0ea-4f4a-a756-567e88d15665@group-4F9C023E6286-SegmentedRaftLog:OPENED:c-1,f-1,i0, conf=-1: [31a275a1-7e4f-41f8-9eef-5428a3a9a47f|rpc:10.1.0.18:39893|priority:0, 9c0f3aab-f21e-4a40-b90a-e278bd611599|rpc:10.1.0.18:40769|priority:1, 684a6605-a0ea-4f4a-a756-567e88d15665|rpc:10.1.0.18:41617|priority:0], old=null
2021-07-28 21:20:32,343 [31a275a1-7e4f-41f8-9eef-5428a3a9a47f@group-4F9C023E6286-LeaderElection11] INFO  impl.LeaderElection (LeaderElection.java:logAndReturn(89)) - 31a275a1-7e4f-41f8-9eef-5428a3a9a47f@group-4F9C023E6286-LeaderElection11: ELECTION REJECTED received 2 response(s) and 0 exception(s):
2021-07-28 21:20:32,345 [31a275a1-7e4f-41f8-9eef-5428a3a9a47f@group-4F9C023E6286-LeaderElection11] INFO  impl.LeaderElection (LeaderElection.java:logAndReturn(93)) -   Response 0: 31a275a1-7e4f-41f8-9eef-5428a3a9a47f<-9c0f3aab-f21e-4a40-b90a-e278bd611599#0:FAIL-t9
2021-07-28 21:20:32,345 [31a275a1-7e4f-41f8-9eef-5428a3a9a47f@group-4F9C023E6286-LeaderElection11] INFO  impl.LeaderElection (LeaderElection.java:logAndReturn(93)) -   Response 1: 31a275a1-7e4f-41f8-9eef-5428a3a9a47f<-684a6605-a0ea-4f4a-a756-567e88d15665#0:OK-t9
2021-07-28 21:20:32,345 [31a275a1-7e4f-41f8-9eef-5428a3a9a47f@group-4F9C023E6286-LeaderElection11] INFO  impl.LeaderElection (LeaderElection.java:askForVotes(308)) - 31a275a1-7e4f-41f8-9eef-5428a3a9a47f@group-4F9C023E6286-LeaderElection11 ELECTION round 0: result REJECTED
2021-07-28 21:20:32,345 [31a275a1-7e4f-41f8-9eef-5428a3a9a47f@group-4F9C023E6286-LeaderElection11] INFO  server.RaftServer$Division (RaftServerImpl.java:setRole(285)) - 31a275a1-7e4f-41f8-9eef-5428a3a9a47f@group-4F9C023E6286: changes role from CANDIDATE to FOLLOWER at term 9 for REJECTED
2021-07-28 21:20:32,345 [31a275a1-7e4f-41f8-9eef-5428a3a9a47f@group-4F9C023E6286-LeaderElection11] INFO  impl.RoleInfo (RoleInfo.java:shutdownLeaderElection(121)) - 31a275a1-7e4f-41f8-9eef-5428a3a9a47f: shutdown 31a275a1-7e4f-41f8-9eef-5428a3a9a47f@group-4F9C023E6286-LeaderElection11
2021-07-28 21:20:32,345 [31a275a1-7e4f-41f8-9eef-5428a3a9a47f@group-4F9C023E6286-LeaderElection11] INFO  impl.RoleInfo (RoleInfo.java:updateAndGet(130)) - 31a275a1-7e4f-41f8-9eef-5428a3a9a47f: start 31a275a1-7e4f-41f8-9eef-5428a3a9a47f@group-4F9C023E6286-FollowerState
2021-07-28 21:20:32,989 [Listener at 127.0.0.1/35523] INFO  ozone.MiniOzoneClusterImpl (MiniOzoneClusterImpl.java:lambda$waitForClusterToBeReady$0(235)) - Nodes are ready. Got 3 of 3 DN Heartbeats.
2021-07-28 21:20:32,990 [Listener at 127.0.0.1/35523] INFO  ozone.MiniOzoneClusterImpl (MiniOzoneClusterImpl.java:lambda$waitForClusterToBeReady$0(238)) - Waiting for cluster to exit safe mode
2021-07-28 21:20:32,990 [Listener at 127.0.0.1/35523] INFO  ozone.MiniOzoneClusterImpl (MiniOzoneClusterImpl.java:lambda$waitForClusterToBeReady$0(240)) - SCM became leader
2021-07-28 21:20:33,991 [Listener at 127.0.0.1/35523] INFO  ozone.MiniOzoneClusterImpl (MiniOzoneClusterImpl.java:lambda$waitForClusterToBeReady$0(235)) - Nodes are ready. Got 3 of 3 DN Heartbeats.
2021-07-28 21:20:33,991 [Listener at 127.0.0.1/35523] INFO  ozone.MiniOzoneClusterImpl (MiniOzoneClusterImpl.java:lambda$waitForClusterToBeReady$0(238)) - Waiting for cluster to exit safe mode
2021-07-28 21:20:33,991 [Listener at 127.0.0.1/35523] INFO  ozone.MiniOzoneClusterImpl (MiniOzoneClusterImpl.java:lambda$waitForClusterToBeReady$0(240)) - SCM became leader
2021-07-28 21:20:34,991 [Listener at 127.0.0.1/35523] INFO  ozone.MiniOzoneClusterImpl (MiniOzoneClusterImpl.java:lambda$waitForClusterToBeReady$0(235)) - Nodes are ready. Got 3 of 3 DN Heartbeats.
2021-07-28 21:20:34,992 [Listener at 127.0.0.1/35523] INFO  ozone.MiniOzoneClusterImpl (MiniOzoneClusterImpl.java:lambda$waitForClusterToBeReady$0(238)) - Waiting for cluster to exit safe mode
2021-07-28 21:20:34,992 [Listener at 127.0.0.1/35523] INFO  ozone.MiniOzoneClusterImpl (MiniOzoneClusterImpl.java:lambda$waitForClusterToBeReady$0(240)) - SCM became leader
2021-07-28 21:20:35,993 [Listener at 127.0.0.1/35523] INFO  ozone.MiniOzoneClusterImpl (MiniOzoneClusterImpl.java:lambda$waitForClusterToBeReady$0(235)) - Nodes are ready. Got 3 of 3 DN Heartbeats.
2021-07-28 21:20:35,993 [Listener at 127.0.0.1/35523] INFO  ozone.MiniOzoneClusterImpl (MiniOzoneClusterImpl.java:lambda$waitForClusterToBeReady$0(238)) - Waiting for cluster to exit safe mode
2021-07-28 21:20:35,993 [Listener at 127.0.0.1/35523] INFO  ozone.MiniOzoneClusterImpl (MiniOzoneClusterImpl.java:lambda$waitForClusterToBeReady$0(240)) - SCM became leader
2021-07-28 21:20:36,994 [Listener at 127.0.0.1/35523] INFO  ozone.MiniOzoneClusterImpl (MiniOzoneClusterImpl.java:lambda$waitForClusterToBeReady$0(235)) - Nodes are ready. Got 3 of 3 DN Heartbeats.
2021-07-28 21:20:36,994 [Listener at 127.0.0.1/35523] INFO  ozone.MiniOzoneClusterImpl (MiniOzoneClusterImpl.java:lambda$waitForClusterToBeReady$0(238)) - Waiting for cluster to exit safe mode
2021-07-28 21:20:36,994 [Listener at 127.0.0.1/35523] INFO  ozone.MiniOzoneClusterImpl (MiniOzoneClusterImpl.java:lambda$waitForClusterToBeReady$0(240)) - SCM became leader
2021-07-28 21:20:37,363 [684a6605-a0ea-4f4a-a756-567e88d15665@group-4F9C023E6286-FollowerState] INFO  impl.FollowerState (FollowerState.java:run(134)) - 684a6605-a0ea-4f4a-a756-567e88d15665@group-4F9C023E6286-FollowerState: change to CANDIDATE, lastRpcElapsedTime:5022038576ns, electionTimeout:5022ms
2021-07-28 21:20:37,363 [684a6605-a0ea-4f4a-a756-567e88d15665@group-4F9C023E6286-FollowerState] INFO  impl.RoleInfo (RoleInfo.java:shutdownFollowerState(108)) - 684a6605-a0ea-4f4a-a756-567e88d15665: shutdown 684a6605-a0ea-4f4a-a756-567e88d15665@group-4F9C023E6286-FollowerState
2021-07-28 21:20:37,363 [684a6605-a0ea-4f4a-a756-567e88d15665@group-4F9C023E6286-FollowerState] INFO  server.RaftServer$Division (RaftServerImpl.java:setRole(285)) - 684a6605-a0ea-4f4a-a756-567e88d15665@group-4F9C023E6286: changes role from  FOLLOWER to CANDIDATE at term 9 for changeToCandidate
2021-07-28 21:20:37,363 [684a6605-a0ea-4f4a-a756-567e88d15665@group-4F9C023E6286-FollowerState] INFO  server.RaftServerConfigKeys (ConfUtils.java:logGet(44)) - raft.server.leaderelection.pre-vote = false (custom)
2021-07-28 21:20:37,363 [684a6605-a0ea-4f4a-a756-567e88d15665@group-4F9C023E6286-FollowerState] INFO  impl.RoleInfo (RoleInfo.java:updateAndGet(130)) - 684a6605-a0ea-4f4a-a756-567e88d15665: start 684a6605-a0ea-4f4a-a756-567e88d15665@group-4F9C023E6286-LeaderElection12
2021-07-28 21:20:37,367 [684a6605-a0ea-4f4a-a756-567e88d15665@group-4F9C023E6286-LeaderElection12] INFO  impl.LeaderElection (LeaderElection.java:askForVotes(306)) - 684a6605-a0ea-4f4a-a756-567e88d15665@group-4F9C023E6286-LeaderElection12 ELECTION round 0: submit vote requests at term 10 for -1: [31a275a1-7e4f-41f8-9eef-5428a3a9a47f|rpc:10.1.0.18:39893|priority:0, 9c0f3aab-f21e-4a40-b90a-e278bd611599|rpc:10.1.0.18:40769|priority:1, 684a6605-a0ea-4f4a-a756-567e88d15665|rpc:10.1.0.18:41617|priority:0], old=null
2021-07-28 21:20:37,376 [grpc-default-executor-0] INFO  server.RaftServer$Division (RaftServerImpl.java:requestVote(1043)) - 31a275a1-7e4f-41f8-9eef-5428a3a9a47f@group-4F9C023E6286: receive requestVote(ELECTION, 684a6605-a0ea-4f4a-a756-567e88d15665, group-4F9C023E6286, 10, (t:0, i:0))
2021-07-28 21:20:37,376 [grpc-default-executor-0] INFO  impl.VoteContext (VoteContext.java:log(48)) - 31a275a1-7e4f-41f8-9eef-5428a3a9a47f@group-4F9C023E6286-FOLLOWER: accept ELECTION from 684a6605-a0ea-4f4a-a756-567e88d15665: our priority 0 <= candidate's priority 0
2021-07-28 21:20:37,376 [grpc-default-executor-0] INFO  server.RaftServer$Division (RaftServerImpl.java:setRole(285)) - 31a275a1-7e4f-41f8-9eef-5428a3a9a47f@group-4F9C023E6286: changes role from  FOLLOWER to FOLLOWER at term 10 for candidate:684a6605-a0ea-4f4a-a756-567e88d15665
2021-07-28 21:20:37,376 [grpc-default-executor-0] INFO  impl.RoleInfo (RoleInfo.java:shutdownFollowerState(108)) - 31a275a1-7e4f-41f8-9eef-5428a3a9a47f: shutdown 31a275a1-7e4f-41f8-9eef-5428a3a9a47f@group-4F9C023E6286-FollowerState
2021-07-28 21:20:37,376 [grpc-default-executor-0] INFO  impl.RoleInfo (RoleInfo.java:updateAndGet(130)) - 31a275a1-7e4f-41f8-9eef-5428a3a9a47f: start 31a275a1-7e4f-41f8-9eef-5428a3a9a47f@group-4F9C023E6286-FollowerState
2021-07-28 21:20:37,377 [31a275a1-7e4f-41f8-9eef-5428a3a9a47f@group-4F9C023E6286-FollowerState] INFO  impl.FollowerState (FollowerState.java:run(143)) - 31a275a1-7e4f-41f8-9eef-5428a3a9a47f@group-4F9C023E6286-FollowerState was interrupted: {}
java.lang.InterruptedException: sleep interrupted
	at java.lang.Thread.sleep(Native Method)
	at java.lang.Thread.sleep(Thread.java:340)
	at java.util.concurrent.TimeUnit.sleep(TimeUnit.java:386)
	at org.apache.ratis.util.TimeDuration.sleep(TimeDuration.java:324)
	at org.apache.ratis.util.TimeDuration.sleep(TimeDuration.java:309)
	at org.apache.ratis.server.impl.FollowerState.run(FollowerState.java:118)
2021-07-28 21:20:37,381 [grpc-default-executor-1] INFO  server.RaftServer$Division (RaftServerImpl.java:requestVote(1043)) - 9c0f3aab-f21e-4a40-b90a-e278bd611599@group-4F9C023E6286: receive requestVote(ELECTION, 684a6605-a0ea-4f4a-a756-567e88d15665, group-4F9C023E6286, 10, (t:0, i:0))
2021-07-28 21:20:37,382 [grpc-default-executor-1] INFO  impl.VoteContext (VoteContext.java:log(48)) - 9c0f3aab-f21e-4a40-b90a-e278bd611599@group-4F9C023E6286-FOLLOWER: reject ELECTION from 684a6605-a0ea-4f4a-a756-567e88d15665: our priority 1 > candidate's priority 0
2021-07-28 21:20:37,382 [grpc-default-executor-1] INFO  server.RaftServer$Division (RaftServerImpl.java:setRole(285)) - 9c0f3aab-f21e-4a40-b90a-e278bd611599@group-4F9C023E6286: changes role from  FOLLOWER to FOLLOWER at term 10 for candidate:684a6605-a0ea-4f4a-a756-567e88d15665
2021-07-28 21:20:37,382 [grpc-default-executor-1] INFO  impl.RoleInfo (RoleInfo.java:shutdownFollowerState(108)) - 9c0f3aab-f21e-4a40-b90a-e278bd611599: shutdown 9c0f3aab-f21e-4a40-b90a-e278bd611599@group-4F9C023E6286-FollowerState
2021-07-28 21:20:37,382 [grpc-default-executor-1] INFO  impl.RoleInfo (RoleInfo.java:updateAndGet(130)) - 9c0f3aab-f21e-4a40-b90a-e278bd611599: start 9c0f3aab-f21e-4a40-b90a-e278bd611599@group-4F9C023E6286-FollowerState
2021-07-28 21:20:37,382 [9c0f3aab-f21e-4a40-b90a-e278bd611599@group-4F9C023E6286-FollowerState] INFO  impl.FollowerState (FollowerState.java:run(143)) - 9c0f3aab-f21e-4a40-b90a-e278bd611599@group-4F9C023E6286-FollowerState was interrupted: {}
java.lang.InterruptedException: sleep interrupted
	at java.lang.Thread.sleep(Native Method)
	at java.lang.Thread.sleep(Thread.java:340)
	at java.util.concurrent.TimeUnit.sleep(TimeUnit.java:386)
	at org.apache.ratis.util.TimeDuration.sleep(TimeDuration.java:324)
	at org.apache.ratis.util.TimeDuration.sleep(TimeDuration.java:309)
	at org.apache.ratis.server.impl.FollowerState.run(FollowerState.java:118)
2021-07-28 21:20:37,383 [grpc-default-executor-0] INFO  server.RaftServer$Division (RaftServerImpl.java:requestVote(1075)) - 31a275a1-7e4f-41f8-9eef-5428a3a9a47f@group-4F9C023E6286 replies to ELECTION vote request: 684a6605-a0ea-4f4a-a756-567e88d15665<-31a275a1-7e4f-41f8-9eef-5428a3a9a47f#0:OK-t10. Peer's state: 31a275a1-7e4f-41f8-9eef-5428a3a9a47f@group-4F9C023E6286:t10, leader=null, voted=684a6605-a0ea-4f4a-a756-567e88d15665, raftlog=31a275a1-7e4f-41f8-9eef-5428a3a9a47f@group-4F9C023E6286-SegmentedRaftLog:OPENED:c-1,f-1,i0, conf=-1: [31a275a1-7e4f-41f8-9eef-5428a3a9a47f|rpc:10.1.0.18:39893|priority:0, 9c0f3aab-f21e-4a40-b90a-e278bd611599|rpc:10.1.0.18:40769|priority:1, 684a6605-a0ea-4f4a-a756-567e88d15665|rpc:10.1.0.18:41617|priority:0], old=null
2021-07-28 21:20:37,384 [grpc-default-executor-1] INFO  server.RaftServer$Division (RaftServerImpl.java:requestVote(1075)) - 9c0f3aab-f21e-4a40-b90a-e278bd611599@group-4F9C023E6286 replies to ELECTION vote request: 684a6605-a0ea-4f4a-a756-567e88d15665<-9c0f3aab-f21e-4a40-b90a-e278bd611599#0:FAIL-t10. Peer's state: 9c0f3aab-f21e-4a40-b90a-e278bd611599@group-4F9C023E6286:t10, leader=null, voted=null, raftlog=9c0f3aab-f21e-4a40-b90a-e278bd611599@group-4F9C023E6286-SegmentedRaftLog:OPENED:c-1,f-1,i0, conf=-1: [31a275a1-7e4f-41f8-9eef-5428a3a9a47f|rpc:10.1.0.18:39893|priority:0, 9c0f3aab-f21e-4a40-b90a-e278bd611599|rpc:10.1.0.18:40769|priority:1, 684a6605-a0ea-4f4a-a756-567e88d15665|rpc:10.1.0.18:41617|priority:0], old=null
2021-07-28 21:20:37,386 [684a6605-a0ea-4f4a-a756-567e88d15665@group-4F9C023E6286-LeaderElection12] INFO  impl.LeaderElection (LeaderElection.java:logAndReturn(89)) - 684a6605-a0ea-4f4a-a756-567e88d15665@group-4F9C023E6286-LeaderElection12: ELECTION REJECTED received 2 response(s) and 0 exception(s):
2021-07-28 21:20:37,386 [684a6605-a0ea-4f4a-a756-567e88d15665@group-4F9C023E6286-LeaderElection12] INFO  impl.LeaderElection (LeaderElection.java:logAndReturn(93)) -   Response 0: 684a6605-a0ea-4f4a-a756-567e88d15665<-31a275a1-7e4f-41f8-9eef-5428a3a9a47f#0:OK-t10
2021-07-28 21:20:37,386 [684a6605-a0ea-4f4a-a756-567e88d15665@group-4F9C023E6286-LeaderElection12] INFO  impl.LeaderElection (LeaderElection.java:logAndReturn(93)) -   Response 1: 684a6605-a0ea-4f4a-a756-567e88d15665<-9c0f3aab-f21e-4a40-b90a-e278bd611599#0:FAIL-t10
2021-07-28 21:20:37,386 [684a6605-a0ea-4f4a-a756-567e88d15665@group-4F9C023E6286-LeaderElection12] INFO  impl.LeaderElection (LeaderElection.java:askForVotes(308)) - 684a6605-a0ea-4f4a-a756-567e88d15665@group-4F9C023E6286-LeaderElection12 ELECTION round 0: result REJECTED
2021-07-28 21:20:37,387 [684a6605-a0ea-4f4a-a756-567e88d15665@group-4F9C023E6286-LeaderElection12] INFO  server.RaftServer$Division (RaftServerImpl.java:setRole(285)) - 684a6605-a0ea-4f4a-a756-567e88d15665@group-4F9C023E6286: changes role from CANDIDATE to FOLLOWER at term 10 for REJECTED
2021-07-28 21:20:37,389 [684a6605-a0ea-4f4a-a756-567e88d15665@group-4F9C023E6286-LeaderElection12] INFO  impl.RoleInfo (RoleInfo.java:shutdownLeaderElection(121)) - 684a6605-a0ea-4f4a-a756-567e88d15665: shutdown 684a6605-a0ea-4f4a-a756-567e88d15665@group-4F9C023E6286-LeaderElection12
2021-07-28 21:20:37,389 [684a6605-a0ea-4f4a-a756-567e88d15665@group-4F9C023E6286-LeaderElection12] INFO  impl.RoleInfo (RoleInfo.java:updateAndGet(130)) - 684a6605-a0ea-4f4a-a756-567e88d15665: start 684a6605-a0ea-4f4a-a756-567e88d15665@group-4F9C023E6286-FollowerState
2021-07-28 21:20:37,994 [Listener at 127.0.0.1/35523] INFO  ozone.MiniOzoneClusterImpl (MiniOzoneClusterImpl.java:lambda$waitForClusterToBeReady$0(235)) - Nodes are ready. Got 3 of 3 DN Heartbeats.
2021-07-28 21:20:37,995 [Listener at 127.0.0.1/35523] INFO  ozone.MiniOzoneClusterImpl (MiniOzoneClusterImpl.java:lambda$waitForClusterToBeReady$0(238)) - Waiting for cluster to exit safe mode
2021-07-28 21:20:37,995 [Listener at 127.0.0.1/35523] INFO  ozone.MiniOzoneClusterImpl (MiniOzoneClusterImpl.java:lambda$waitForClusterToBeReady$0(240)) - SCM became leader
2021-07-28 21:20:38,996 [Listener at 127.0.0.1/35523] INFO  ozone.MiniOzoneClusterImpl (MiniOzoneClusterImpl.java:lambda$waitForClusterToBeReady$0(235)) - Nodes are ready. Got 3 of 3 DN Heartbeats.
2021-07-28 21:20:38,996 [Listener at 127.0.0.1/35523] INFO  ozone.MiniOzoneClusterImpl (MiniOzoneClusterImpl.java:lambda$waitForClusterToBeReady$0(238)) - Waiting for cluster to exit safe mode
2021-07-28 21:20:38,996 [Listener at 127.0.0.1/35523] INFO  ozone.MiniOzoneClusterImpl (MiniOzoneClusterImpl.java:lambda$waitForClusterToBeReady$0(240)) - SCM became leader
2021-07-28 21:20:39,997 [Listener at 127.0.0.1/35523] INFO  ozone.MiniOzoneClusterImpl (MiniOzoneClusterImpl.java:lambda$waitForClusterToBeReady$0(235)) - Nodes are ready. Got 3 of 3 DN Heartbeats.
2021-07-28 21:20:39,997 [Listener at 127.0.0.1/35523] INFO  ozone.MiniOzoneClusterImpl (MiniOzoneClusterImpl.java:lambda$waitForClusterToBeReady$0(238)) - Waiting for cluster to exit safe mode
2021-07-28 21:20:39,997 [Listener at 127.0.0.1/35523] INFO  ozone.MiniOzoneClusterImpl (MiniOzoneClusterImpl.java:lambda$waitForClusterToBeReady$0(240)) - SCM became leader
2021-07-28 21:20:40,997 [Listener at 127.0.0.1/35523] INFO  ozone.MiniOzoneClusterImpl (MiniOzoneClusterImpl.java:lambda$waitForClusterToBeReady$0(235)) - Nodes are ready. Got 3 of 3 DN Heartbeats.
2021-07-28 21:20:40,998 [Listener at 127.0.0.1/35523] INFO  ozone.MiniOzoneClusterImpl (MiniOzoneClusterImpl.java:lambda$waitForClusterToBeReady$0(238)) - Waiting for cluster to exit safe mode
2021-07-28 21:20:40,998 [Listener at 127.0.0.1/35523] INFO  ozone.MiniOzoneClusterImpl (MiniOzoneClusterImpl.java:lambda$waitForClusterToBeReady$0(240)) - SCM became leader
2021-07-28 21:20:41,998 [Listener at 127.0.0.1/35523] INFO  ozone.MiniOzoneClusterImpl (MiniOzoneClusterImpl.java:lambda$waitForClusterToBeReady$0(235)) - Nodes are ready. Got 3 of 3 DN Heartbeats.
2021-07-28 21:20:41,998 [Listener at 127.0.0.1/35523] INFO  ozone.MiniOzoneClusterImpl (MiniOzoneClusterImpl.java:lambda$waitForClusterToBeReady$0(238)) - Waiting for cluster to exit safe mode
2021-07-28 21:20:41,999 [Listener at 127.0.0.1/35523] INFO  ozone.MiniOzoneClusterImpl (MiniOzoneClusterImpl.java:lambda$waitForClusterToBeReady$0(240)) - SCM became leader
2021-07-28 21:20:42,422 [9c0f3aab-f21e-4a40-b90a-e278bd611599@group-4F9C023E6286-FollowerState] INFO  impl.FollowerState (FollowerState.java:run(134)) - 9c0f3aab-f21e-4a40-b90a-e278bd611599@group-4F9C023E6286-FollowerState: change to CANDIDATE, lastRpcElapsedTime:5040391425ns, electionTimeout:5040ms
2021-07-28 21:20:42,422 [9c0f3aab-f21e-4a40-b90a-e278bd611599@group-4F9C023E6286-FollowerState] INFO  impl.RoleInfo (RoleInfo.java:shutdownFollowerState(108)) - 9c0f3aab-f21e-4a40-b90a-e278bd611599: shutdown 9c0f3aab-f21e-4a40-b90a-e278bd611599@group-4F9C023E6286-FollowerState
2021-07-28 21:20:42,422 [9c0f3aab-f21e-4a40-b90a-e278bd611599@group-4F9C023E6286-FollowerState] INFO  server.RaftServer$Division (RaftServerImpl.java:setRole(285)) - 9c0f3aab-f21e-4a40-b90a-e278bd611599@group-4F9C023E6286: changes role from  FOLLOWER to CANDIDATE at term 10 for changeToCandidate
2021-07-28 21:20:42,423 [9c0f3aab-f21e-4a40-b90a-e278bd611599@group-4F9C023E6286-FollowerState] INFO  server.RaftServerConfigKeys (ConfUtils.java:logGet(44)) - raft.server.leaderelection.pre-vote = false (custom)
2021-07-28 21:20:42,423 [9c0f3aab-f21e-4a40-b90a-e278bd611599@group-4F9C023E6286-FollowerState] INFO  impl.RoleInfo (RoleInfo.java:updateAndGet(130)) - 9c0f3aab-f21e-4a40-b90a-e278bd611599: start 9c0f3aab-f21e-4a40-b90a-e278bd611599@group-4F9C023E6286-LeaderElection13
2021-07-28 21:20:42,425 [9c0f3aab-f21e-4a40-b90a-e278bd611599@group-4F9C023E6286-LeaderElection13] INFO  impl.LeaderElection (LeaderElection.java:askForVotes(306)) - 9c0f3aab-f21e-4a40-b90a-e278bd611599@group-4F9C023E6286-LeaderElection13 ELECTION round 0: submit vote requests at term 11 for -1: [31a275a1-7e4f-41f8-9eef-5428a3a9a47f|rpc:10.1.0.18:39893|priority:0, 9c0f3aab-f21e-4a40-b90a-e278bd611599|rpc:10.1.0.18:40769|priority:1, 684a6605-a0ea-4f4a-a756-567e88d15665|rpc:10.1.0.18:41617|priority:0], old=null
2021-07-28 21:20:42,429 [grpc-default-executor-1] INFO  server.RaftServer$Division (RaftServerImpl.java:requestVote(1043)) - 684a6605-a0ea-4f4a-a756-567e88d15665@group-4F9C023E6286: receive requestVote(ELECTION, 9c0f3aab-f21e-4a40-b90a-e278bd611599, group-4F9C023E6286, 11, (t:0, i:0))
2021-07-28 21:20:42,429 [grpc-default-executor-1] INFO  impl.VoteContext (VoteContext.java:log(48)) - 684a6605-a0ea-4f4a-a756-567e88d15665@group-4F9C023E6286-FOLLOWER: accept ELECTION from 9c0f3aab-f21e-4a40-b90a-e278bd611599: our priority 0 <= candidate's priority 1
2021-07-28 21:20:42,429 [grpc-default-executor-1] INFO  server.RaftServer$Division (RaftServerImpl.java:setRole(285)) - 684a6605-a0ea-4f4a-a756-567e88d15665@group-4F9C023E6286: changes role from  FOLLOWER to FOLLOWER at term 11 for candidate:9c0f3aab-f21e-4a40-b90a-e278bd611599
2021-07-28 21:20:42,429 [grpc-default-executor-1] INFO  impl.RoleInfo (RoleInfo.java:shutdownFollowerState(108)) - 684a6605-a0ea-4f4a-a756-567e88d15665: shutdown 684a6605-a0ea-4f4a-a756-567e88d15665@group-4F9C023E6286-FollowerState
2021-07-28 21:20:42,429 [grpc-default-executor-1] INFO  impl.RoleInfo (RoleInfo.java:updateAndGet(130)) - 684a6605-a0ea-4f4a-a756-567e88d15665: start 684a6605-a0ea-4f4a-a756-567e88d15665@group-4F9C023E6286-FollowerState
2021-07-28 21:20:42,430 [684a6605-a0ea-4f4a-a756-567e88d15665@group-4F9C023E6286-FollowerState] INFO  impl.FollowerState (FollowerState.java:run(143)) - 684a6605-a0ea-4f4a-a756-567e88d15665@group-4F9C023E6286-FollowerState was interrupted: {}
java.lang.InterruptedException: sleep interrupted
	at java.lang.Thread.sleep(Native Method)
	at java.lang.Thread.sleep(Thread.java:340)
	at java.util.concurrent.TimeUnit.sleep(TimeUnit.java:386)
	at org.apache.ratis.util.TimeDuration.sleep(TimeDuration.java:324)
	at org.apache.ratis.util.TimeDuration.sleep(TimeDuration.java:309)
	at org.apache.ratis.server.impl.FollowerState.run(FollowerState.java:118)
2021-07-28 21:20:42,443 [grpc-default-executor-0] INFO  server.RaftServer$Division (RaftServerImpl.java:requestVote(1043)) - 31a275a1-7e4f-41f8-9eef-5428a3a9a47f@group-4F9C023E6286: receive requestVote(ELECTION, 9c0f3aab-f21e-4a40-b90a-e278bd611599, group-4F9C023E6286, 11, (t:0, i:0))
2021-07-28 21:20:42,443 [grpc-default-executor-0] INFO  impl.VoteContext (VoteContext.java:log(48)) - 31a275a1-7e4f-41f8-9eef-5428a3a9a47f@group-4F9C023E6286-FOLLOWER: accept ELECTION from 9c0f3aab-f21e-4a40-b90a-e278bd611599: our priority 0 <= candidate's priority 1
2021-07-28 21:20:42,443 [grpc-default-executor-0] INFO  server.RaftServer$Division (RaftServerImpl.java:setRole(285)) - 31a275a1-7e4f-41f8-9eef-5428a3a9a47f@group-4F9C023E6286: changes role from  FOLLOWER to FOLLOWER at term 11 for candidate:9c0f3aab-f21e-4a40-b90a-e278bd611599
2021-07-28 21:20:42,443 [grpc-default-executor-0] INFO  impl.RoleInfo (RoleInfo.java:shutdownFollowerState(108)) - 31a275a1-7e4f-41f8-9eef-5428a3a9a47f: shutdown 31a275a1-7e4f-41f8-9eef-5428a3a9a47f@group-4F9C023E6286-FollowerState
2021-07-28 21:20:42,443 [grpc-default-executor-0] INFO  impl.RoleInfo (RoleInfo.java:updateAndGet(130)) - 31a275a1-7e4f-41f8-9eef-5428a3a9a47f: start 31a275a1-7e4f-41f8-9eef-5428a3a9a47f@group-4F9C023E6286-FollowerState
2021-07-28 21:20:42,443 [31a275a1-7e4f-41f8-9eef-5428a3a9a47f@group-4F9C023E6286-FollowerState] INFO  impl.FollowerState (FollowerState.java:run(143)) - 31a275a1-7e4f-41f8-9eef-5428a3a9a47f@group-4F9C023E6286-FollowerState was interrupted: {}
java.lang.InterruptedException: sleep interrupted
	at java.lang.Thread.sleep(Native Method)
	at java.lang.Thread.sleep(Thread.java:340)
	at java.util.concurrent.TimeUnit.sleep(TimeUnit.java:386)
	at org.apache.ratis.util.TimeDuration.sleep(TimeDuration.java:324)
	at org.apache.ratis.util.TimeDuration.sleep(TimeDuration.java:309)
	at org.apache.ratis.server.impl.FollowerState.run(FollowerState.java:118)
2021-07-28 21:20:42,445 [grpc-default-executor-1] INFO  server.RaftServer$Division (RaftServerImpl.java:requestVote(1075)) - 684a6605-a0ea-4f4a-a756-567e88d15665@group-4F9C023E6286 replies to ELECTION vote request: 9c0f3aab-f21e-4a40-b90a-e278bd611599<-684a6605-a0ea-4f4a-a756-567e88d15665#0:OK-t11. Peer's state: 684a6605-a0ea-4f4a-a756-567e88d15665@group-4F9C023E6286:t11, leader=null, voted=9c0f3aab-f21e-4a40-b90a-e278bd611599, raftlog=684a6605-a0ea-4f4a-a756-567e88d15665@group-4F9C023E6286-SegmentedRaftLog:OPENED:c-1,f-1,i0, conf=-1: [31a275a1-7e4f-41f8-9eef-5428a3a9a47f|rpc:10.1.0.18:39893|priority:0, 9c0f3aab-f21e-4a40-b90a-e278bd611599|rpc:10.1.0.18:40769|priority:1, 684a6605-a0ea-4f4a-a756-567e88d15665|rpc:10.1.0.18:41617|priority:0], old=null
2021-07-28 21:20:42,452 [9c0f3aab-f21e-4a40-b90a-e278bd611599@group-4F9C023E6286-LeaderElection13] INFO  impl.LeaderElection (LeaderElection.java:logAndReturn(89)) - 9c0f3aab-f21e-4a40-b90a-e278bd611599@group-4F9C023E6286-LeaderElection13: ELECTION PASSED received 1 response(s) and 0 exception(s):
2021-07-28 21:20:42,452 [9c0f3aab-f21e-4a40-b90a-e278bd611599@group-4F9C023E6286-LeaderElection13] INFO  impl.LeaderElection (LeaderElection.java:logAndReturn(93)) -   Response 0: 9c0f3aab-f21e-4a40-b90a-e278bd611599<-684a6605-a0ea-4f4a-a756-567e88d15665#0:OK-t11
2021-07-28 21:20:42,453 [9c0f3aab-f21e-4a40-b90a-e278bd611599@group-4F9C023E6286-LeaderElection13] INFO  impl.LeaderElection (LeaderElection.java:askForVotes(308)) - 9c0f3aab-f21e-4a40-b90a-e278bd611599@group-4F9C023E6286-LeaderElection13 ELECTION round 0: result PASSED
2021-07-28 21:20:42,453 [9c0f3aab-f21e-4a40-b90a-e278bd611599@group-4F9C023E6286-LeaderElection13] INFO  impl.RoleInfo (RoleInfo.java:shutdownLeaderElection(121)) - 9c0f3aab-f21e-4a40-b90a-e278bd611599: shutdown 9c0f3aab-f21e-4a40-b90a-e278bd611599@group-4F9C023E6286-LeaderElection13
2021-07-28 21:20:42,453 [9c0f3aab-f21e-4a40-b90a-e278bd611599@group-4F9C023E6286-LeaderElection13] INFO  server.RaftServer$Division (RaftServerImpl.java:setRole(285)) - 9c0f3aab-f21e-4a40-b90a-e278bd611599@group-4F9C023E6286: changes role from CANDIDATE to LEADER at term 11 for changeToLeader
2021-07-28 21:20:42,453 [9c0f3aab-f21e-4a40-b90a-e278bd611599@group-4F9C023E6286-LeaderElection13] INFO  ratis.XceiverServerRatis (XceiverServerRatis.java:handleLeaderChangedNotification(857)) - Leader change notification received for group: group-4F9C023E6286 with new leaderId: 9c0f3aab-f21e-4a40-b90a-e278bd611599
2021-07-28 21:20:42,453 [grpc-default-executor-0] INFO  server.RaftServer$Division (RaftServerImpl.java:requestVote(1075)) - 31a275a1-7e4f-41f8-9eef-5428a3a9a47f@group-4F9C023E6286 replies to ELECTION vote request: 9c0f3aab-f21e-4a40-b90a-e278bd611599<-31a275a1-7e4f-41f8-9eef-5428a3a9a47f#0:OK-t11. Peer's state: 31a275a1-7e4f-41f8-9eef-5428a3a9a47f@group-4F9C023E6286:t11, leader=null, voted=9c0f3aab-f21e-4a40-b90a-e278bd611599, raftlog=31a275a1-7e4f-41f8-9eef-5428a3a9a47f@group-4F9C023E6286-SegmentedRaftLog:OPENED:c-1,f-1,i0, conf=-1: [31a275a1-7e4f-41f8-9eef-5428a3a9a47f|rpc:10.1.0.18:39893|priority:0, 9c0f3aab-f21e-4a40-b90a-e278bd611599|rpc:10.1.0.18:40769|priority:1, 684a6605-a0ea-4f4a-a756-567e88d15665|rpc:10.1.0.18:41617|priority:0], old=null
2021-07-28 21:20:42,454 [9c0f3aab-f21e-4a40-b90a-e278bd611599@group-4F9C023E6286-LeaderElection13] INFO  server.RaftServer$Division (ServerState.java:setLeader(285)) - 9c0f3aab-f21e-4a40-b90a-e278bd611599@group-4F9C023E6286: change Leader from null to 9c0f3aab-f21e-4a40-b90a-e278bd611599 at term 11 for becomeLeader, leader elected after 55463ms
2021-07-28 21:20:42,454 [9c0f3aab-f21e-4a40-b90a-e278bd611599@group-4F9C023E6286-LeaderElection13] INFO  server.RaftServerConfigKeys (ConfUtils.java:logGet(44)) - raft.server.staging.catchup.gap = 1000 (default)
2021-07-28 21:20:42,455 [9c0f3aab-f21e-4a40-b90a-e278bd611599@group-4F9C023E6286-LeaderElection13] INFO  server.RaftServerConfigKeys (ConfUtils.java:logGet(44)) - raft.server.write.element-limit = 1024 (custom)
2021-07-28 21:20:42,455 [9c0f3aab-f21e-4a40-b90a-e278bd611599@group-4F9C023E6286-LeaderElection13] INFO  server.RaftServerConfigKeys (ConfUtils.java:logGet(44)) - raft.server.write.byte-limit = 1073741824 (custom)
2021-07-28 21:20:42,455 [9c0f3aab-f21e-4a40-b90a-e278bd611599@group-4F9C023E6286-LeaderElection13] INFO  server.RaftServerConfigKeys (ConfUtils.java:logGet(44)) - raft.server.watch.timeout = 180s (custom)
2021-07-28 21:20:42,455 [9c0f3aab-f21e-4a40-b90a-e278bd611599@group-4F9C023E6286-LeaderElection13] INFO  server.RaftServerConfigKeys (ConfUtils.java:logGet(44)) - raft.server.watch.timeout.denomination = 1s (default)
2021-07-28 21:20:42,455 [9c0f3aab-f21e-4a40-b90a-e278bd611599@group-4F9C023E6286-LeaderElection13] INFO  server.RaftServerConfigKeys (ConfUtils.java:logGet(44)) - raft.server.watch.element-limit = 65536 (default)
2021-07-28 21:20:42,456 [Datanode State Machine Thread - 0] WARN  statemachine.StateContext (StateContext.java:execute(621)) - No available thread in pool for past 0 seconds.
2021-07-28 21:20:42,461 [EventQueue-PipelineReportForPipelineReportHandler] INFO  pipeline.PipelineManagerV2Impl (PipelineManagerV2Impl.java:openPipeline(283)) - Pipeline Pipeline[ Id: fcf11422-afc2-4eea-9cef-4f9c023e6286, Nodes: 31a275a1-7e4f-41f8-9eef-5428a3a9a47f{ip: 10.1.0.18, host: fv-az151-48.yf2hydr00wburbhx3j5hxtcipe.bx.internal.cloudapp.net, ports: [REPLICATION=44483, RATIS=39893, RATIS_ADMIN=39893, RATIS_SERVER=39893, STANDALONE=45995], networkLocation: /default-rack, certSerialId: null, persistedOpState: IN_SERVICE, persistedOpStateExpiryEpochSec: 0}9c0f3aab-f21e-4a40-b90a-e278bd611599{ip: 10.1.0.18, host: fv-az151-48.yf2hydr00wburbhx3j5hxtcipe.bx.internal.cloudapp.net, ports: [REPLICATION=34339, RATIS=40769, RATIS_ADMIN=40769, RATIS_SERVER=40769, STANDALONE=39191], networkLocation: /default-rack, certSerialId: null, persistedOpState: IN_SERVICE, persistedOpStateExpiryEpochSec: 0}684a6605-a0ea-4f4a-a756-567e88d15665{ip: 10.1.0.18, host: fv-az151-48.yf2hydr00wburbhx3j5hxtcipe.bx.internal.cloudapp.net, ports: [REPLICATION=43563, RATIS=41617, RATIS_ADMIN=41617, RATIS_SERVER=41617, STANDALONE=41527], networkLocation: /default-rack, certSerialId: null, persistedOpState: IN_SERVICE, persistedOpStateExpiryEpochSec: 0}, ReplicationConfig: RATIS/THREE, State:ALLOCATED, leaderId:9c0f3aab-f21e-4a40-b90a-e278bd611599, CreationTimestamp2021-07-28T21:19:43.970Z[Etc/UTC]] moved to OPEN state
2021-07-28 21:20:42,486 [9c0f3aab-f21e-4a40-b90a-e278bd611599@group-4F9C023E6286-LeaderElection13] INFO  server.RaftServerConfigKeys (ConfUtils.java:logGet(44)) - raft.server.log.appender.snapshot.chunk.size.max = 16MB (=16777216) (default)
2021-07-28 21:20:42,487 [9c0f3aab-f21e-4a40-b90a-e278bd611599@group-4F9C023E6286-LeaderElection13] INFO  server.RaftServerConfigKeys (ConfUtils.java:logGet(44)) - raft.server.log.appender.buffer.byte-limit = 33554432 (custom)
2021-07-28 21:20:42,487 [9c0f3aab-f21e-4a40-b90a-e278bd611599@group-4F9C023E6286-LeaderElection13] INFO  server.RaftServerConfigKeys (ConfUtils.java:logGet(44)) - raft.server.log.appender.buffer.element-limit = 1 (custom)
2021-07-28 21:20:42,493 [EventQueue-OpenPipelineForHealthyPipelineSafeModeRule] INFO  safemode.SCMSafeModeManager (HealthyPipelineSafeModeRule.java:process(124)) - SCM in safe mode. Healthy pipelines reported count is 1, required healthy pipeline reported count is 1
2021-07-28 21:20:42,494 [EventQueue-OpenPipelineForHealthyPipelineSafeModeRule] INFO  safemode.SCMSafeModeManager (SCMSafeModeManager.java:validateSafeModeExitRules(204)) - HealthyPipelineSafeModeRule rule is successfully validated
2021-07-28 21:20:42,494 [EventQueue-OpenPipelineForHealthyPipelineSafeModeRule] INFO  safemode.SCMSafeModeManager (SCMSafeModeManager.java:validateSafeModeExitRules(219)) - ScmSafeModeManager, all rules are successfully validated
2021-07-28 21:20:42,494 [EventQueue-OpenPipelineForHealthyPipelineSafeModeRule] INFO  safemode.SCMSafeModeManager (SCMSafeModeManager.java:exitSafeMode(248)) - SCM exiting safe mode.
2021-07-28 21:20:42,493 [9c0f3aab-f21e-4a40-b90a-e278bd611599@group-4F9C023E6286-LeaderElection13] INFO  grpc.GrpcConfigKeys (ConfUtils.java:logGet(44)) - raft.grpc.server.leader.outstanding.appends.max = 128 (default)
2021-07-28 21:20:42,494 [EventQueue-OpenPipelineForHealthyPipelineSafeModeRule] WARN  events.EventQueue (EventQueue.java:fireEvent(194)) - No event handler registered for event TypedEvent{payloadType=SafeModeStatus, name='Safe mode status'}
2021-07-28 21:20:42,494 [EventQueue-OpenPipelineForHealthyPipelineSafeModeRule] INFO  ha.SCMContext (SCMContext.java:updateSafeModeStatus(205)) - Update SafeModeStatus from SafeModeStatus{safeModeStatus=true, preCheckPassed=true} to SafeModeStatus{safeModeStatus=false, preCheckPassed=true}.
2021-07-28 21:20:42,494 [9c0f3aab-f21e-4a40-b90a-e278bd611599@group-4F9C023E6286-LeaderElection13] INFO  server.RaftServerConfigKeys (ConfUtils.java:logGet(44)) - raft.server.rpc.request.timeout = 60s (custom)
2021-07-28 21:20:42,494 [EventQueue-OpenPipelineForHealthyPipelineSafeModeRule] INFO  pipeline.BackgroundPipelineCreator (BackgroundPipelineCreatorV2.java:notifyStatusChanged(264)) - Service BackgroundPipelineCreator transitions to RUNNING.
2021-07-28 21:20:42,494 [9c0f3aab-f21e-4a40-b90a-e278bd611599@group-4F9C023E6286-LeaderElection13] INFO  server.RaftServerConfigKeys (ConfUtils.java:logGet(44)) - raft.server.log.appender.install.snapshot.enabled = false (custom)
2021-07-28 21:20:42,494 [EventQueue-OpenPipelineForHealthyPipelineSafeModeRule] INFO  container.ReplicationManager (ReplicationManager.java:notifyStatusChanged(1686)) - Service ReplicationManager transitions to RUNNING.
2021-07-28 21:20:42,498 [9c0f3aab-f21e-4a40-b90a-e278bd611599@group-4F9C023E6286-LeaderElection13] INFO  server.RaftServerConfigKeys (ConfUtils.java:logGet(44)) - raft.server.log.appender.snapshot.chunk.size.max = 16MB (=16777216) (default)
2021-07-28 21:20:42,498 [9c0f3aab-f21e-4a40-b90a-e278bd611599@group-4F9C023E6286-LeaderElection13] INFO  server.RaftServerConfigKeys (ConfUtils.java:logGet(44)) - raft.server.log.appender.buffer.byte-limit = 33554432 (custom)
2021-07-28 21:20:42,498 [9c0f3aab-f21e-4a40-b90a-e278bd611599@group-4F9C023E6286-LeaderElection13] INFO  server.RaftServerConfigKeys (ConfUtils.java:logGet(44)) - raft.server.log.appender.buffer.element-limit = 1 (custom)
2021-07-28 21:20:42,498 [9c0f3aab-f21e-4a40-b90a-e278bd611599@group-4F9C023E6286-LeaderElection13] INFO  grpc.GrpcConfigKeys (ConfUtils.java:logGet(44)) - raft.grpc.server.leader.outstanding.appends.max = 128 (default)
2021-07-28 21:20:42,498 [9c0f3aab-f21e-4a40-b90a-e278bd611599@group-4F9C023E6286-LeaderElection13] INFO  server.RaftServerConfigKeys (ConfUtils.java:logGet(44)) - raft.server.rpc.request.timeout = 60s (custom)
2021-07-28 21:20:42,498 [9c0f3aab-f21e-4a40-b90a-e278bd611599@group-4F9C023E6286-LeaderElection13] INFO  server.RaftServerConfigKeys (ConfUtils.java:logGet(44)) - raft.server.log.appender.install.snapshot.enabled = false (custom)
2021-07-28 21:20:42,500 [9c0f3aab-f21e-4a40-b90a-e278bd611599@group-4F9C023E6286-LeaderElection13] INFO  impl.RoleInfo (RoleInfo.java:updateAndGet(130)) - 9c0f3aab-f21e-4a40-b90a-e278bd611599: start 9c0f3aab-f21e-4a40-b90a-e278bd611599@group-4F9C023E6286-LeaderStateImpl
2021-07-28 21:20:42,500 [9c0f3aab-f21e-4a40-b90a-e278bd611599@group-4F9C023E6286-LeaderElection13] INFO  segmented.SegmentedRaftLogWorker (SegmentedRaftLogWorker.java:startLogSegment(394)) - 9c0f3aab-f21e-4a40-b90a-e278bd611599@group-4F9C023E6286-SegmentedRaftLogWorker: Starting segment from index:0
2021-07-28 21:20:42,503 [9c0f3aab-f21e-4a40-b90a-e278bd611599@group-4F9C023E6286-SegmentedRaftLogWorker] INFO  segmented.SegmentedRaftLogWorker (SegmentedRaftLogWorker.java:execute(601)) - 9c0f3aab-f21e-4a40-b90a-e278bd611599@group-4F9C023E6286-SegmentedRaftLogWorker: created new log segment /home/runner/work/ozone/ozone/mnt/ozone/hadoop-ozone/integration-test/target/test-dir/MiniOzoneClusterImpl-4602a15a-46b8-476b-8e6e-aec7ac1b4dac/datanode-2/data/ratis/fcf11422-afc2-4eea-9cef-4f9c023e6286/current/log_inprogress_0
2021-07-28 21:20:42,512 [9c0f3aab-f21e-4a40-b90a-e278bd611599@group-4F9C023E6286-LeaderElection13] INFO  server.RaftServer$Division (ServerState.java:setRaftConf(387)) - 9c0f3aab-f21e-4a40-b90a-e278bd611599@group-4F9C023E6286: set configuration 0: [31a275a1-7e4f-41f8-9eef-5428a3a9a47f|rpc:10.1.0.18:39893|dataStream:|priority:0, 9c0f3aab-f21e-4a40-b90a-e278bd611599|rpc:10.1.0.18:40769|dataStream:|priority:1, 684a6605-a0ea-4f4a-a756-567e88d15665|rpc:10.1.0.18:41617|dataStream:|priority:0], old=null
2021-07-28 21:20:42,522 [grpc-default-executor-1] INFO  ratis.XceiverServerRatis (XceiverServerRatis.java:handleLeaderChangedNotification(857)) - Leader change notification received for group: group-4F9C023E6286 with new leaderId: 9c0f3aab-f21e-4a40-b90a-e278bd611599
2021-07-28 21:20:42,523 [grpc-default-executor-1] INFO  server.RaftServer$Division (ServerState.java:setLeader(285)) - 31a275a1-7e4f-41f8-9eef-5428a3a9a47f@group-4F9C023E6286: change Leader from null to 9c0f3aab-f21e-4a40-b90a-e278bd611599 at term 11 for appendEntries, leader elected after 55993ms
2021-07-28 21:20:42,527 [grpc-default-executor-0] INFO  ratis.XceiverServerRatis (XceiverServerRatis.java:handleLeaderChangedNotification(857)) - Leader change notification received for group: group-4F9C023E6286 with new leaderId: 9c0f3aab-f21e-4a40-b90a-e278bd611599
2021-07-28 21:20:42,527 [grpc-default-executor-0] INFO  server.RaftServer$Division (ServerState.java:setLeader(285)) - 684a6605-a0ea-4f4a-a756-567e88d15665@group-4F9C023E6286: change Leader from null to 9c0f3aab-f21e-4a40-b90a-e278bd611599 at term 11 for appendEntries, leader elected after 55722ms
2021-07-28 21:20:42,542 [grpc-default-executor-0] INFO  server.RaftServer$Division (ServerState.java:setRaftConf(387)) - 31a275a1-7e4f-41f8-9eef-5428a3a9a47f@group-4F9C023E6286: set configuration 0: [31a275a1-7e4f-41f8-9eef-5428a3a9a47f|rpc:10.1.0.18:39893|dataStream:|priority:0, 9c0f3aab-f21e-4a40-b90a-e278bd611599|rpc:10.1.0.18:40769|dataStream:|priority:1, 684a6605-a0ea-4f4a-a756-567e88d15665|rpc:10.1.0.18:41617|dataStream:|priority:0], old=null
2021-07-28 21:20:42,542 [grpc-default-executor-0] INFO  segmented.SegmentedRaftLogWorker (SegmentedRaftLogWorker.java:startLogSegment(394)) - 31a275a1-7e4f-41f8-9eef-5428a3a9a47f@group-4F9C023E6286-SegmentedRaftLogWorker: Starting segment from index:0
2021-07-28 21:20:42,544 [31a275a1-7e4f-41f8-9eef-5428a3a9a47f@group-4F9C023E6286-SegmentedRaftLogWorker] INFO  segmented.SegmentedRaftLogWorker (SegmentedRaftLogWorker.java:execute(601)) - 31a275a1-7e4f-41f8-9eef-5428a3a9a47f@group-4F9C023E6286-SegmentedRaftLogWorker: created new log segment /home/runner/work/ozone/ozone/mnt/ozone/hadoop-ozone/integration-test/target/test-dir/MiniOzoneClusterImpl-4602a15a-46b8-476b-8e6e-aec7ac1b4dac/datanode-0/data/ratis/fcf11422-afc2-4eea-9cef-4f9c023e6286/current/log_inprogress_0
2021-07-28 21:20:42,545 [grpc-default-executor-1] INFO  server.RaftServer$Division (ServerState.java:setRaftConf(387)) - 684a6605-a0ea-4f4a-a756-567e88d15665@group-4F9C023E6286: set configuration 0: [31a275a1-7e4f-41f8-9eef-5428a3a9a47f|rpc:10.1.0.18:39893|dataStream:|priority:0, 9c0f3aab-f21e-4a40-b90a-e278bd611599|rpc:10.1.0.18:40769|dataStream:|priority:1, 684a6605-a0ea-4f4a-a756-567e88d15665|rpc:10.1.0.18:41617|dataStream:|priority:0], old=null
2021-07-28 21:20:42,545 [grpc-default-executor-1] INFO  segmented.SegmentedRaftLogWorker (SegmentedRaftLogWorker.java:startLogSegment(394)) - 684a6605-a0ea-4f4a-a756-567e88d15665@group-4F9C023E6286-SegmentedRaftLogWorker: Starting segment from index:0
2021-07-28 21:20:42,547 [684a6605-a0ea-4f4a-a756-567e88d15665@group-4F9C023E6286-SegmentedRaftLogWorker] INFO  segmented.SegmentedRaftLogWorker (SegmentedRaftLogWorker.java:execute(601)) - 684a6605-a0ea-4f4a-a756-567e88d15665@group-4F9C023E6286-SegmentedRaftLogWorker: created new log segment /home/runner/work/ozone/ozone/mnt/ozone/hadoop-ozone/integration-test/target/test-dir/MiniOzoneClusterImpl-4602a15a-46b8-476b-8e6e-aec7ac1b4dac/datanode-1/data/ratis/fcf11422-afc2-4eea-9cef-4f9c023e6286/current/log_inprogress_0
2021-07-28 21:20:42,552 [SCMBlockDeletingService#0] DEBUG block.SCMBlockDeletingService (SCMBlockDeletingService.java:call(131)) - Running DeletedBlockTransactionScanner
2021-07-28 21:20:42,652 [SCMBlockDeletingService#0] DEBUG block.SCMBlockDeletingService (SCMBlockDeletingService.java:call(131)) - Running DeletedBlockTransactionScanner
2021-07-28 21:20:42,752 [SCMBlockDeletingService#0] DEBUG block.SCMBlockDeletingService (SCMBlockDeletingService.java:call(131)) - Running DeletedBlockTransactionScanner
2021-07-28 21:20:42,852 [SCMBlockDeletingService#0] DEBUG block.SCMBlockDeletingService (SCMBlockDeletingService.java:call(131)) - Running DeletedBlockTransactionScanner
2021-07-28 21:20:42,953 [SCMBlockDeletingService#0] DEBUG block.SCMBlockDeletingService (SCMBlockDeletingService.java:call(131)) - Running DeletedBlockTransactionScanner
2021-07-28 21:20:42,999 [Listener at 127.0.0.1/35523] INFO  ozone.MiniOzoneClusterImpl (MiniOzoneClusterImpl.java:lambda$waitForClusterToBeReady$0(235)) - Nodes are ready. Got 3 of 3 DN Heartbeats.
2021-07-28 21:20:43,000 [Listener at 127.0.0.1/35523] INFO  ozone.MiniOzoneClusterImpl (MiniOzoneClusterImpl.java:lambda$waitForClusterToBeReady$0(238)) - Cluster exits safe mode
2021-07-28 21:20:43,000 [Listener at 127.0.0.1/35523] INFO  ozone.MiniOzoneClusterImpl (MiniOzoneClusterImpl.java:lambda$waitForClusterToBeReady$0(240)) - SCM became leader
2021-07-28 21:20:43,053 [SCMBlockDeletingService#0] DEBUG block.SCMBlockDeletingService (SCMBlockDeletingService.java:call(131)) - Running DeletedBlockTransactionScanner
2021-07-28 21:20:43,153 [SCMBlockDeletingService#0] DEBUG block.SCMBlockDeletingService (SCMBlockDeletingService.java:call(131)) - Running DeletedBlockTransactionScanner
2021-07-28 21:20:43,253 [SCMBlockDeletingService#0] DEBUG block.SCMBlockDeletingService (SCMBlockDeletingService.java:call(131)) - Running DeletedBlockTransactionScanner
2021-07-28 21:20:43,353 [SCMBlockDeletingService#0] DEBUG block.SCMBlockDeletingService (SCMBlockDeletingService.java:call(131)) - Running DeletedBlockTransactionScanner
2021-07-28 21:20:43,453 [SCMBlockDeletingService#0] DEBUG block.SCMBlockDeletingService (SCMBlockDeletingService.java:call(131)) - Running DeletedBlockTransactionScanner
2021-07-28 21:20:43,553 [SCMBlockDeletingService#0] DEBUG block.SCMBlockDeletingService (SCMBlockDeletingService.java:call(131)) - Running DeletedBlockTransactionScanner
2021-07-28 21:20:43,592 [Listener at 127.0.0.1/35523] INFO  rpc.RpcClient (RpcClient.java:createVolume(341)) - Creating Volume: 1bb939a9-f84f-49d8-abf9-b1e111d2cc9f, with runner as owner and space quota set to -1 bytes, counts quota set to -1
2021-07-28 21:20:43,655 [OM StateMachine ApplyTransaction Thread - 0] INFO  volume.OMVolumeCreateRequest (OMVolumeCreateRequest.java:validateAndUpdateCache(195)) - created volume:1bb939a9-f84f-49d8-abf9-b1e111d2cc9f for user:runner
2021-07-28 21:20:43,655 [SCMBlockDeletingService#0] DEBUG block.SCMBlockDeletingService (SCMBlockDeletingService.java:call(131)) - Running DeletedBlockTransactionScanner
2021-07-28 21:20:43,677 [Listener at 127.0.0.1/35523] INFO  rpc.RpcClient (RpcClient.java:createBucket(500)) - Creating Bucket: 1bb939a9-f84f-49d8-abf9-b1e111d2cc9f/b145ec47-d208-4cef-995d-04fb32552562, with Versioning false and Storage Type set to DISK and Encryption set to false 
2021-07-28 21:20:43,747 [IPC Server handler 0 on default port 46425] INFO  ha.SequenceIdGenerator (SequenceIdGenerator.java:getNextId(127)) - Allocate a batch for containerId, change lastId from 0 to 1000.
2021-07-28 21:20:43,753 [SCMBlockDeletingService#0] DEBUG block.SCMBlockDeletingService (SCMBlockDeletingService.java:call(131)) - Running DeletedBlockTransactionScanner
2021-07-28 21:20:43,758 [IPC Server handler 0 on default port 46425] WARN  ha.SequenceIdGenerator (SequenceIdGenerator.java:allocateBatch(234)) - Failed to allocate a batch for localId, expected lastId is 0, actual lastId is 107544261427200000.
2021-07-28 21:20:43,758 [IPC Server handler 0 on default port 46425] INFO  ha.SequenceIdGenerator (SequenceIdGenerator.java:getNextId(127)) - Allocate a batch for localId, change lastId from 107544261427200000 to 107544261427201000.
2021-07-28 21:20:43,853 [SCMBlockDeletingService#0] DEBUG block.SCMBlockDeletingService (SCMBlockDeletingService.java:call(131)) - Running DeletedBlockTransactionScanner
2021-07-28 21:20:43,877 [Listener at 127.0.0.1/35523] INFO  impl.MetricsSystemImpl (MetricsSystemImpl.java:init(158)) - XceiverClientMetrics metrics system started (again)
2021-07-28 21:20:43,954 [SCMBlockDeletingService#0] DEBUG block.SCMBlockDeletingService (SCMBlockDeletingService.java:call(131)) - Running DeletedBlockTransactionScanner
2021-07-28 21:20:44,054 [SCMBlockDeletingService#0] DEBUG block.SCMBlockDeletingService (SCMBlockDeletingService.java:call(131)) - Running DeletedBlockTransactionScanner
2021-07-28 21:20:44,154 [SCMBlockDeletingService#0] DEBUG block.SCMBlockDeletingService (SCMBlockDeletingService.java:call(131)) - Running DeletedBlockTransactionScanner
2021-07-28 21:20:44,180 [Datanode State Machine Thread - 0] WARN  statemachine.StateContext (StateContext.java:execute(621)) - No available thread in pool for past 0 seconds.
2021-07-28 21:20:44,181 [Datanode State Machine Thread - 0] WARN  statemachine.StateContext (StateContext.java:execute(621)) - No available thread in pool for past 0 seconds.
2021-07-28 21:20:44,192 [Datanode State Machine Thread - 0] WARN  statemachine.StateContext (StateContext.java:execute(621)) - No available thread in pool for past 0 seconds.
2021-07-28 21:20:44,254 [SCMBlockDeletingService#0] DEBUG block.SCMBlockDeletingService (SCMBlockDeletingService.java:call(131)) - Running DeletedBlockTransactionScanner
2021-07-28 21:20:44,354 [SCMBlockDeletingService#0] DEBUG block.SCMBlockDeletingService (SCMBlockDeletingService.java:call(131)) - Running DeletedBlockTransactionScanner
2021-07-28 21:20:44,454 [SCMBlockDeletingService#0] DEBUG block.SCMBlockDeletingService (SCMBlockDeletingService.java:call(131)) - Running DeletedBlockTransactionScanner
2021-07-28 21:20:44,554 [SCMBlockDeletingService#0] DEBUG block.SCMBlockDeletingService (SCMBlockDeletingService.java:call(131)) - Running DeletedBlockTransactionScanner
2021-07-28 21:20:44,654 [SCMBlockDeletingService#0] DEBUG block.SCMBlockDeletingService (SCMBlockDeletingService.java:call(131)) - Running DeletedBlockTransactionScanner
2021-07-28 21:20:44,754 [SCMBlockDeletingService#0] DEBUG block.SCMBlockDeletingService (SCMBlockDeletingService.java:call(131)) - Running DeletedBlockTransactionScanner
2021-07-28 21:20:44,855 [SCMBlockDeletingService#0] DEBUG block.SCMBlockDeletingService (SCMBlockDeletingService.java:call(131)) - Running DeletedBlockTransactionScanner
2021-07-28 21:20:44,955 [SCMBlockDeletingService#0] DEBUG block.SCMBlockDeletingService (SCMBlockDeletingService.java:call(131)) - Running DeletedBlockTransactionScanner
2021-07-28 21:20:45,055 [SCMBlockDeletingService#0] DEBUG block.SCMBlockDeletingService (SCMBlockDeletingService.java:call(131)) - Running DeletedBlockTransactionScanner
2021-07-28 21:20:45,155 [SCMBlockDeletingService#0] DEBUG block.SCMBlockDeletingService (SCMBlockDeletingService.java:call(131)) - Running DeletedBlockTransactionScanner
2021-07-28 21:20:45,255 [SCMBlockDeletingService#0] DEBUG block.SCMBlockDeletingService (SCMBlockDeletingService.java:call(131)) - Running DeletedBlockTransactionScanner
2021-07-28 21:20:45,355 [SCMBlockDeletingService#0] DEBUG block.SCMBlockDeletingService (SCMBlockDeletingService.java:call(131)) - Running DeletedBlockTransactionScanner
2021-07-28 21:20:45,456 [SCMBlockDeletingService#0] DEBUG block.SCMBlockDeletingService (SCMBlockDeletingService.java:call(131)) - Running DeletedBlockTransactionScanner
2021-07-28 21:20:45,556 [SCMBlockDeletingService#0] DEBUG block.SCMBlockDeletingService (SCMBlockDeletingService.java:call(131)) - Running DeletedBlockTransactionScanner
2021-07-28 21:20:45,656 [SCMBlockDeletingService#0] DEBUG block.SCMBlockDeletingService (SCMBlockDeletingService.java:call(131)) - Running DeletedBlockTransactionScanner
2021-07-28 21:20:45,756 [SCMBlockDeletingService#0] DEBUG block.SCMBlockDeletingService (SCMBlockDeletingService.java:call(131)) - Running DeletedBlockTransactionScanner
2021-07-28 21:20:45,856 [SCMBlockDeletingService#0] DEBUG block.SCMBlockDeletingService (SCMBlockDeletingService.java:call(131)) - Running DeletedBlockTransactionScanner
2021-07-28 21:20:45,956 [SCMBlockDeletingService#0] DEBUG block.SCMBlockDeletingService (SCMBlockDeletingService.java:call(131)) - Running DeletedBlockTransactionScanner
2021-07-28 21:20:46,057 [SCMBlockDeletingService#0] DEBUG block.SCMBlockDeletingService (SCMBlockDeletingService.java:call(131)) - Running DeletedBlockTransactionScanner
2021-07-28 21:20:46,157 [SCMBlockDeletingService#0] DEBUG block.SCMBlockDeletingService (SCMBlockDeletingService.java:call(131)) - Running DeletedBlockTransactionScanner
2021-07-28 21:20:46,257 [SCMBlockDeletingService#0] DEBUG block.SCMBlockDeletingService (SCMBlockDeletingService.java:call(131)) - Running DeletedBlockTransactionScanner
2021-07-28 21:20:46,357 [SCMBlockDeletingService#0] DEBUG block.SCMBlockDeletingService (SCMBlockDeletingService.java:call(131)) - Running DeletedBlockTransactionScanner
2021-07-28 21:20:46,457 [SCMBlockDeletingService#0] DEBUG block.SCMBlockDeletingService (SCMBlockDeletingService.java:call(131)) - Running DeletedBlockTransactionScanner
2021-07-28 21:20:46,557 [SCMBlockDeletingService#0] DEBUG block.SCMBlockDeletingService (SCMBlockDeletingService.java:call(131)) - Running DeletedBlockTransactionScanner
2021-07-28 21:20:46,657 [SCMBlockDeletingService#0] DEBUG block.SCMBlockDeletingService (SCMBlockDeletingService.java:call(131)) - Running DeletedBlockTransactionScanner
2021-07-28 21:20:46,758 [SCMBlockDeletingService#0] DEBUG block.SCMBlockDeletingService (SCMBlockDeletingService.java:call(131)) - Running DeletedBlockTransactionScanner
2021-07-28 21:20:46,858 [SCMBlockDeletingService#0] DEBUG block.SCMBlockDeletingService (SCMBlockDeletingService.java:call(131)) - Running DeletedBlockTransactionScanner
2021-07-28 21:20:46,958 [SCMBlockDeletingService#0] DEBUG block.SCMBlockDeletingService (SCMBlockDeletingService.java:call(131)) - Running DeletedBlockTransactionScanner
2021-07-28 21:20:47,058 [SCMBlockDeletingService#0] DEBUG block.SCMBlockDeletingService (SCMBlockDeletingService.java:call(131)) - Running DeletedBlockTransactionScanner
2021-07-28 21:20:47,158 [SCMBlockDeletingService#0] DEBUG block.SCMBlockDeletingService (SCMBlockDeletingService.java:call(131)) - Running DeletedBlockTransactionScanner
2021-07-28 21:20:47,258 [SCMBlockDeletingService#0] DEBUG block.SCMBlockDeletingService (SCMBlockDeletingService.java:call(131)) - Running DeletedBlockTransactionScanner
2021-07-28 21:20:47,358 [SCMBlockDeletingService#0] DEBUG block.SCMBlockDeletingService (SCMBlockDeletingService.java:call(131)) - Running DeletedBlockTransactionScanner
2021-07-28 21:20:47,459 [SCMBlockDeletingService#0] DEBUG block.SCMBlockDeletingService (SCMBlockDeletingService.java:call(131)) - Running DeletedBlockTransactionScanner
2021-07-28 21:20:47,559 [SCMBlockDeletingService#0] DEBUG block.SCMBlockDeletingService (SCMBlockDeletingService.java:call(131)) - Running DeletedBlockTransactionScanner
2021-07-28 21:20:47,659 [SCMBlockDeletingService#0] DEBUG block.SCMBlockDeletingService (SCMBlockDeletingService.java:call(131)) - Running DeletedBlockTransactionScanner
2021-07-28 21:20:47,759 [SCMBlockDeletingService#0] DEBUG block.SCMBlockDeletingService (SCMBlockDeletingService.java:call(131)) - Running DeletedBlockTransactionScanner
2021-07-28 21:20:47,859 [SCMBlockDeletingService#0] DEBUG block.SCMBlockDeletingService (SCMBlockDeletingService.java:call(131)) - Running DeletedBlockTransactionScanner
2021-07-28 21:20:47,959 [SCMBlockDeletingService#0] DEBUG block.SCMBlockDeletingService (SCMBlockDeletingService.java:call(131)) - Running DeletedBlockTransactionScanner
2021-07-28 21:20:48,060 [SCMBlockDeletingService#0] DEBUG block.SCMBlockDeletingService (SCMBlockDeletingService.java:call(131)) - Running DeletedBlockTransactionScanner
2021-07-28 21:20:48,160 [SCMBlockDeletingService#0] DEBUG block.SCMBlockDeletingService (SCMBlockDeletingService.java:call(131)) - Running DeletedBlockTransactionScanner
2021-07-28 21:20:48,260 [SCMBlockDeletingService#0] DEBUG block.SCMBlockDeletingService (SCMBlockDeletingService.java:call(131)) - Running DeletedBlockTransactionScanner
2021-07-28 21:20:48,360 [SCMBlockDeletingService#0] DEBUG block.SCMBlockDeletingService (SCMBlockDeletingService.java:call(131)) - Running DeletedBlockTransactionScanner
2021-07-28 21:20:48,460 [SCMBlockDeletingService#0] DEBUG block.SCMBlockDeletingService (SCMBlockDeletingService.java:call(131)) - Running DeletedBlockTransactionScanner
2021-07-28 21:20:48,560 [SCMBlockDeletingService#0] DEBUG block.SCMBlockDeletingService (SCMBlockDeletingService.java:call(131)) - Running DeletedBlockTransactionScanner
2021-07-28 21:20:48,661 [SCMBlockDeletingService#0] DEBUG block.SCMBlockDeletingService (SCMBlockDeletingService.java:call(131)) - Running DeletedBlockTransactionScanner
2021-07-28 21:20:48,761 [SCMBlockDeletingService#0] DEBUG block.SCMBlockDeletingService (SCMBlockDeletingService.java:call(131)) - Running DeletedBlockTransactionScanner
2021-07-28 21:20:48,861 [SCMBlockDeletingService#0] DEBUG block.SCMBlockDeletingService (SCMBlockDeletingService.java:call(131)) - Running DeletedBlockTransactionScanner
2021-07-28 21:20:48,961 [SCMBlockDeletingService#0] DEBUG block.SCMBlockDeletingService (SCMBlockDeletingService.java:call(131)) - Running DeletedBlockTransactionScanner
2021-07-28 21:20:49,061 [SCMBlockDeletingService#0] DEBUG block.SCMBlockDeletingService (SCMBlockDeletingService.java:call(131)) - Running DeletedBlockTransactionScanner
2021-07-28 21:20:49,161 [SCMBlockDeletingService#0] DEBUG block.SCMBlockDeletingService (SCMBlockDeletingService.java:call(131)) - Running DeletedBlockTransactionScanner
2021-07-28 21:20:49,262 [SCMBlockDeletingService#0] DEBUG block.SCMBlockDeletingService (SCMBlockDeletingService.java:call(131)) - Running DeletedBlockTransactionScanner
2021-07-28 21:20:49,362 [SCMBlockDeletingService#0] DEBUG block.SCMBlockDeletingService (SCMBlockDeletingService.java:call(131)) - Running DeletedBlockTransactionScanner
2021-07-28 21:20:49,462 [SCMBlockDeletingService#0] DEBUG block.SCMBlockDeletingService (SCMBlockDeletingService.java:call(131)) - Running DeletedBlockTransactionScanner
2021-07-28 21:20:49,538 [EventQueue-CloseContainerForCloseContainerEventHandler] INFO  container.CloseContainerEventHandler (CloseContainerEventHandler.java:onMessage(69)) - Close container Event triggered for container : #1
2021-07-28 21:20:49,562 [SCMBlockDeletingService#0] DEBUG block.SCMBlockDeletingService (SCMBlockDeletingService.java:call(131)) - Running DeletedBlockTransactionScanner
2021-07-28 21:20:49,662 [SCMBlockDeletingService#0] DEBUG block.SCMBlockDeletingService (SCMBlockDeletingService.java:call(131)) - Running DeletedBlockTransactionScanner
2021-07-28 21:20:49,762 [SCMBlockDeletingService#0] DEBUG block.SCMBlockDeletingService (SCMBlockDeletingService.java:call(131)) - Running DeletedBlockTransactionScanner
2021-07-28 21:20:49,803 [Datanode State Machine Thread - 0] WARN  statemachine.StateContext (StateContext.java:execute(621)) - No available thread in pool for past 0 seconds.
2021-07-28 21:20:49,819 [pool-99-thread-7] INFO  keyvalue.KeyValueContainer (KeyValueContainer.java:flushAndSyncDB(397)) - Container 1 is synced with bcsId 10.
2021-07-28 21:20:49,820 [pool-99-thread-7] INFO  keyvalue.KeyValueContainer (KeyValueContainer.java:flushAndSyncDB(397)) - Container 1 is synced with bcsId 10.
2021-07-28 21:20:49,824 [pool-99-thread-7] INFO  keyvalue.KeyValueContainer (KeyValueContainer.java:close(334)) - Container 1 is closed with bcsId 10.
2021-07-28 21:20:49,824 [Datanode State Machine Thread - 0] WARN  statemachine.StateContext (StateContext.java:execute(621)) - No available thread in pool for past 0 seconds.
2021-07-28 21:20:49,825 [Datanode State Machine Thread - 0] WARN  statemachine.StateContext (StateContext.java:execute(621)) - No available thread in pool for past 0 seconds.
2021-07-28 21:20:49,825 [pool-97-thread-7] INFO  keyvalue.KeyValueContainer (KeyValueContainer.java:flushAndSyncDB(397)) - Container 1 is synced with bcsId 10.
2021-07-28 21:20:49,826 [pool-97-thread-7] INFO  keyvalue.KeyValueContainer (KeyValueContainer.java:flushAndSyncDB(397)) - Container 1 is synced with bcsId 10.
2021-07-28 21:20:49,828 [Datanode State Machine Thread - 0] WARN  statemachine.StateContext (StateContext.java:execute(621)) - No available thread in pool for past 0 seconds.
2021-07-28 21:20:49,829 [EventQueue-IncrementalContainerReportForIncrementalContainerReportHandler] INFO  container.IncrementalContainerReportHandler (AbstractContainerReportHandler.java:updateContainerState(223)) - Moving container #1 to CLOSED state, datanode 9c0f3aab-f21e-4a40-b90a-e278bd611599{ip: 10.1.0.18, host: fv-az151-48.yf2hydr00wburbhx3j5hxtcipe.bx.internal.cloudapp.net, ports: [REPLICATION=34339, RATIS=40769, RATIS_ADMIN=40769, RATIS_SERVER=40769, STANDALONE=39191], networkLocation: /default-rack, certSerialId: null, persistedOpState: IN_SERVICE, persistedOpStateExpiryEpochSec: 0} reported CLOSED replica.
2021-07-28 21:20:49,829 [pool-98-thread-7] INFO  keyvalue.KeyValueContainer (KeyValueContainer.java:flushAndSyncDB(397)) - Container 1 is synced with bcsId 10.
2021-07-28 21:20:49,829 [pool-98-thread-7] INFO  keyvalue.KeyValueContainer (KeyValueContainer.java:flushAndSyncDB(397)) - Container 1 is synced with bcsId 10.
2021-07-28 21:20:49,831 [pool-97-thread-7] INFO  keyvalue.KeyValueContainer (KeyValueContainer.java:close(334)) - Container 1 is closed with bcsId 10.
2021-07-28 21:20:49,833 [pool-98-thread-7] INFO  keyvalue.KeyValueContainer (KeyValueContainer.java:close(334)) - Container 1 is closed with bcsId 10.
2021-07-28 21:20:49,862 [SCMBlockDeletingService#0] DEBUG block.SCMBlockDeletingService (SCMBlockDeletingService.java:call(131)) - Running DeletedBlockTransactionScanner
2021-07-28 21:20:49,963 [SCMBlockDeletingService#0] DEBUG block.SCMBlockDeletingService (SCMBlockDeletingService.java:call(131)) - Running DeletedBlockTransactionScanner
2021-07-28 21:20:50,063 [SCMBlockDeletingService#0] DEBUG block.SCMBlockDeletingService (SCMBlockDeletingService.java:call(131)) - Running DeletedBlockTransactionScanner
2021-07-28 21:20:50,163 [SCMBlockDeletingService#0] DEBUG block.SCMBlockDeletingService (SCMBlockDeletingService.java:call(131)) - Running DeletedBlockTransactionScanner
2021-07-28 21:20:50,263 [SCMBlockDeletingService#0] DEBUG block.SCMBlockDeletingService (SCMBlockDeletingService.java:call(131)) - Running DeletedBlockTransactionScanner
2021-07-28 21:20:50,363 [SCMBlockDeletingService#0] DEBUG block.SCMBlockDeletingService (SCMBlockDeletingService.java:call(131)) - Running DeletedBlockTransactionScanner
2021-07-28 21:20:50,463 [SCMBlockDeletingService#0] DEBUG block.SCMBlockDeletingService (SCMBlockDeletingService.java:call(131)) - Running DeletedBlockTransactionScanner
2021-07-28 21:20:50,564 [SCMBlockDeletingService#0] DEBUG block.SCMBlockDeletingService (SCMBlockDeletingService.java:call(131)) - Running DeletedBlockTransactionScanner
2021-07-28 21:20:50,664 [SCMBlockDeletingService#0] DEBUG block.SCMBlockDeletingService (SCMBlockDeletingService.java:call(131)) - Running DeletedBlockTransactionScanner
2021-07-28 21:20:50,764 [SCMBlockDeletingService#0] DEBUG block.SCMBlockDeletingService (SCMBlockDeletingService.java:call(131)) - Running DeletedBlockTransactionScanner
2021-07-28 21:20:50,864 [SCMBlockDeletingService#0] DEBUG block.SCMBlockDeletingService (SCMBlockDeletingService.java:call(131)) - Running DeletedBlockTransactionScanner
2021-07-28 21:20:50,964 [SCMBlockDeletingService#0] DEBUG block.SCMBlockDeletingService (SCMBlockDeletingService.java:call(131)) - Running DeletedBlockTransactionScanner
2021-07-28 21:20:51,064 [SCMBlockDeletingService#0] DEBUG block.SCMBlockDeletingService (SCMBlockDeletingService.java:call(131)) - Running DeletedBlockTransactionScanner
2021-07-28 21:20:51,164 [SCMBlockDeletingService#0] DEBUG block.SCMBlockDeletingService (SCMBlockDeletingService.java:call(131)) - Running DeletedBlockTransactionScanner
2021-07-28 21:20:51,265 [SCMBlockDeletingService#0] DEBUG block.SCMBlockDeletingService (SCMBlockDeletingService.java:call(131)) - Running DeletedBlockTransactionScanner
2021-07-28 21:20:51,365 [SCMBlockDeletingService#0] DEBUG block.SCMBlockDeletingService (SCMBlockDeletingService.java:call(131)) - Running DeletedBlockTransactionScanner
2021-07-28 21:20:51,465 [SCMBlockDeletingService#0] DEBUG block.SCMBlockDeletingService (SCMBlockDeletingService.java:call(131)) - Running DeletedBlockTransactionScanner
2021-07-28 21:20:51,565 [SCMBlockDeletingService#0] DEBUG block.SCMBlockDeletingService (SCMBlockDeletingService.java:call(131)) - Running DeletedBlockTransactionScanner
2021-07-28 21:20:51,605 [IPC Server handler 0 on default port 46425] INFO  ha.SequenceIdGenerator (SequenceIdGenerator.java:getNextId(127)) - Allocate a batch for delTxnId, change lastId from 0 to 1000.
2021-07-28 21:20:51,665 [SCMBlockDeletingService#0] DEBUG block.SCMBlockDeletingService (SCMBlockDeletingService.java:call(131)) - Running DeletedBlockTransactionScanner
2021-07-28 21:20:51,666 [SCMBlockDeletingService#0] DEBUG block.SCMBlockDeletingService (DatanodeDeletedBlockTransactions.java:addTransactionToDN(50)) - Transaction added: 684a6605-a0ea-4f4a-a756-567e88d15665 <- TX(1)
2021-07-28 21:20:51,666 [SCMBlockDeletingService#0] DEBUG block.SCMBlockDeletingService (DatanodeDeletedBlockTransactions.java:addTransactionToDN(50)) - Transaction added: 9c0f3aab-f21e-4a40-b90a-e278bd611599 <- TX(1)
2021-07-28 21:20:51,666 [SCMBlockDeletingService#0] DEBUG block.SCMBlockDeletingService (DatanodeDeletedBlockTransactions.java:addTransactionToDN(50)) - Transaction added: 31a275a1-7e4f-41f8-9eef-5428a3a9a47f <- TX(1)
2021-07-28 21:20:51,667 [SCMBlockDeletingService#0] DEBUG block.SCMBlockDeletingService (SCMBlockDeletingService.java:call(160)) - Added delete block command for datanode 9c0f3aab-f21e-4a40-b90a-e278bd611599 in the queue, number of delete block transactions: 1
2021-07-28 21:20:51,667 [SCMBlockDeletingService#0] DEBUG block.SCMBlockDeletingService (SCMBlockDeletingService.java:call(160)) - Added delete block command for datanode 684a6605-a0ea-4f4a-a756-567e88d15665 in the queue, number of delete block transactions: 1
2021-07-28 21:20:51,667 [SCMBlockDeletingService#0] DEBUG block.SCMBlockDeletingService (SCMBlockDeletingService.java:call(160)) - Added delete block command for datanode 31a275a1-7e4f-41f8-9eef-5428a3a9a47f in the queue, number of delete block transactions: 1
2021-07-28 21:20:51,667 [SCMBlockDeletingService#0] INFO  block.SCMBlockDeletingService (SCMBlockDeletingService.java:call(170)) - Totally added 3 blocks to be deleted for 3 datanodes, task elapsed time: 2ms
2021-07-28 21:20:51,765 [SCMBlockDeletingService#0] DEBUG block.SCMBlockDeletingService (SCMBlockDeletingService.java:call(131)) - Running DeletedBlockTransactionScanner
2021-07-28 21:20:51,766 [SCMBlockDeletingService#0] DEBUG block.SCMBlockDeletingService (DatanodeDeletedBlockTransactions.java:addTransactionToDN(50)) - Transaction added: 684a6605-a0ea-4f4a-a756-567e88d15665 <- TX(1)
2021-07-28 21:20:51,766 [SCMBlockDeletingService#0] DEBUG block.SCMBlockDeletingService (DatanodeDeletedBlockTransactions.java:addTransactionToDN(50)) - Transaction added: 9c0f3aab-f21e-4a40-b90a-e278bd611599 <- TX(1)
2021-07-28 21:20:51,766 [SCMBlockDeletingService#0] DEBUG block.SCMBlockDeletingService (DatanodeDeletedBlockTransactions.java:addTransactionToDN(50)) - Transaction added: 31a275a1-7e4f-41f8-9eef-5428a3a9a47f <- TX(1)
2021-07-28 21:20:51,766 [SCMBlockDeletingService#0] DEBUG block.SCMBlockDeletingService (SCMBlockDeletingService.java:call(160)) - Added delete block command for datanode 9c0f3aab-f21e-4a40-b90a-e278bd611599 in the queue, number of delete block transactions: 1
2021-07-28 21:20:51,766 [SCMBlockDeletingService#0] DEBUG block.SCMBlockDeletingService (SCMBlockDeletingService.java:call(160)) - Added delete block command for datanode 684a6605-a0ea-4f4a-a756-567e88d15665 in the queue, number of delete block transactions: 1
2021-07-28 21:20:51,766 [SCMBlockDeletingService#0] DEBUG block.SCMBlockDeletingService (SCMBlockDeletingService.java:call(160)) - Added delete block command for datanode 31a275a1-7e4f-41f8-9eef-5428a3a9a47f in the queue, number of delete block transactions: 1
2021-07-28 21:20:51,766 [SCMBlockDeletingService#0] INFO  block.SCMBlockDeletingService (SCMBlockDeletingService.java:call(170)) - Totally added 3 blocks to be deleted for 3 datanodes, task elapsed time: 1ms
2021-07-28 21:20:51,866 [SCMBlockDeletingService#0] DEBUG block.SCMBlockDeletingService (SCMBlockDeletingService.java:call(131)) - Running DeletedBlockTransactionScanner
2021-07-28 21:20:51,866 [SCMBlockDeletingService#0] DEBUG block.SCMBlockDeletingService (DatanodeDeletedBlockTransactions.java:addTransactionToDN(50)) - Transaction added: 684a6605-a0ea-4f4a-a756-567e88d15665 <- TX(1)
2021-07-28 21:20:51,866 [SCMBlockDeletingService#0] DEBUG block.SCMBlockDeletingService (DatanodeDeletedBlockTransactions.java:addTransactionToDN(50)) - Transaction added: 9c0f3aab-f21e-4a40-b90a-e278bd611599 <- TX(1)
2021-07-28 21:20:51,866 [SCMBlockDeletingService#0] DEBUG block.SCMBlockDeletingService (DatanodeDeletedBlockTransactions.java:addTransactionToDN(50)) - Transaction added: 31a275a1-7e4f-41f8-9eef-5428a3a9a47f <- TX(1)
2021-07-28 21:20:51,866 [SCMBlockDeletingService#0] DEBUG block.SCMBlockDeletingService (SCMBlockDeletingService.java:call(160)) - Added delete block command for datanode 9c0f3aab-f21e-4a40-b90a-e278bd611599 in the queue, number of delete block transactions: 1
2021-07-28 21:20:51,866 [SCMBlockDeletingService#0] DEBUG block.SCMBlockDeletingService (SCMBlockDeletingService.java:call(160)) - Added delete block command for datanode 684a6605-a0ea-4f4a-a756-567e88d15665 in the queue, number of delete block transactions: 1
2021-07-28 21:20:51,867 [SCMBlockDeletingService#0] DEBUG block.SCMBlockDeletingService (SCMBlockDeletingService.java:call(160)) - Added delete block command for datanode 31a275a1-7e4f-41f8-9eef-5428a3a9a47f in the queue, number of delete block transactions: 1
2021-07-28 21:20:51,867 [SCMBlockDeletingService#0] INFO  block.SCMBlockDeletingService (SCMBlockDeletingService.java:call(170)) - Totally added 3 blocks to be deleted for 3 datanodes, task elapsed time: 1ms
2021-07-28 21:20:51,966 [SCMBlockDeletingService#0] DEBUG block.SCMBlockDeletingService (SCMBlockDeletingService.java:call(131)) - Running DeletedBlockTransactionScanner
2021-07-28 21:20:51,966 [SCMBlockDeletingService#0] DEBUG block.SCMBlockDeletingService (DatanodeDeletedBlockTransactions.java:addTransactionToDN(50)) - Transaction added: 684a6605-a0ea-4f4a-a756-567e88d15665 <- TX(1)
2021-07-28 21:20:51,966 [SCMBlockDeletingService#0] DEBUG block.SCMBlockDeletingService (DatanodeDeletedBlockTransactions.java:addTransactionToDN(50)) - Transaction added: 9c0f3aab-f21e-4a40-b90a-e278bd611599 <- TX(1)
2021-07-28 21:20:51,966 [SCMBlockDeletingService#0] DEBUG block.SCMBlockDeletingService (DatanodeDeletedBlockTransactions.java:addTransactionToDN(50)) - Transaction added: 31a275a1-7e4f-41f8-9eef-5428a3a9a47f <- TX(1)
2021-07-28 21:20:51,966 [SCMBlockDeletingService#0] DEBUG block.SCMBlockDeletingService (SCMBlockDeletingService.java:call(160)) - Added delete block command for datanode 9c0f3aab-f21e-4a40-b90a-e278bd611599 in the queue, number of delete block transactions: 1
2021-07-28 21:20:51,966 [SCMBlockDeletingService#0] DEBUG block.SCMBlockDeletingService (SCMBlockDeletingService.java:call(160)) - Added delete block command for datanode 684a6605-a0ea-4f4a-a756-567e88d15665 in the queue, number of delete block transactions: 1
2021-07-28 21:20:51,966 [SCMBlockDeletingService#0] DEBUG block.SCMBlockDeletingService (SCMBlockDeletingService.java:call(160)) - Added delete block command for datanode 31a275a1-7e4f-41f8-9eef-5428a3a9a47f in the queue, number of delete block transactions: 1
2021-07-28 21:20:51,966 [SCMBlockDeletingService#0] INFO  block.SCMBlockDeletingService (SCMBlockDeletingService.java:call(170)) - Totally added 3 blocks to be deleted for 3 datanodes, task elapsed time: 1ms
2021-07-28 21:20:52,029 [Command processor thread] INFO  commandhandler.DeleteBlocksCommandHandler (DeleteBlocksCommandHandler.java:handle(110)) - Start to delete container blocks, TXIDs=[1(0)], numOfContainers=1, numOfBlocks=1
2021-07-28 21:20:52,043 [Command processor thread] INFO  commandhandler.DeleteBlocksCommandHandler (DeleteBlocksCommandHandler.java:handle(110)) - Start to delete container blocks, TXIDs=[1(0)], numOfContainers=1, numOfBlocks=1
2021-07-28 21:20:52,043 [Command processor thread] INFO  commandhandler.DeleteBlocksCommandHandler (DeleteBlocksCommandHandler.java:handle(110)) - Start to delete container blocks, TXIDs=[1(0)], numOfContainers=1, numOfBlocks=1
2021-07-28 21:20:52,044 [Command processor thread] INFO  commandhandler.DeleteBlocksCommandHandler (DeleteBlocksCommandHandler.java:handle(110)) - Start to delete container blocks, TXIDs=[1(0)], numOfContainers=1, numOfBlocks=1
2021-07-28 21:20:52,066 [SCMBlockDeletingService#0] DEBUG block.SCMBlockDeletingService (SCMBlockDeletingService.java:call(131)) - Running DeletedBlockTransactionScanner
2021-07-28 21:20:52,066 [SCMBlockDeletingService#0] DEBUG block.SCMBlockDeletingService (DatanodeDeletedBlockTransactions.java:addTransactionToDN(50)) - Transaction added: 684a6605-a0ea-4f4a-a756-567e88d15665 <- TX(1)
2021-07-28 21:20:52,066 [SCMBlockDeletingService#0] DEBUG block.SCMBlockDeletingService (DatanodeDeletedBlockTransactions.java:addTransactionToDN(50)) - Transaction added: 9c0f3aab-f21e-4a40-b90a-e278bd611599 <- TX(1)
2021-07-28 21:20:52,066 [SCMBlockDeletingService#0] DEBUG block.SCMBlockDeletingService (DatanodeDeletedBlockTransactions.java:addTransactionToDN(50)) - Transaction added: 31a275a1-7e4f-41f8-9eef-5428a3a9a47f <- TX(1)
2021-07-28 21:20:52,066 [SCMBlockDeletingService#0] DEBUG block.SCMBlockDeletingService (SCMBlockDeletingService.java:call(160)) - Added delete block command for datanode 9c0f3aab-f21e-4a40-b90a-e278bd611599 in the queue, number of delete block transactions: 1
2021-07-28 21:20:52,066 [SCMBlockDeletingService#0] DEBUG block.SCMBlockDeletingService (SCMBlockDeletingService.java:call(160)) - Added delete block command for datanode 684a6605-a0ea-4f4a-a756-567e88d15665 in the queue, number of delete block transactions: 1
2021-07-28 21:20:52,066 [SCMBlockDeletingService#0] DEBUG block.SCMBlockDeletingService (SCMBlockDeletingService.java:call(160)) - Added delete block command for datanode 31a275a1-7e4f-41f8-9eef-5428a3a9a47f in the queue, number of delete block transactions: 1
2021-07-28 21:20:52,066 [SCMBlockDeletingService#0] INFO  block.SCMBlockDeletingService (SCMBlockDeletingService.java:call(170)) - Totally added 3 blocks to be deleted for 3 datanodes, task elapsed time: 0ms
2021-07-28 21:20:52,148 [BlockDeletingService#2] INFO  background.BlockDeletingService (BlockDeletingService.java:getTasks(158)) - Plan to choose 5000 blocks for block deletion, actually deleting 1 blocks.
2021-07-28 21:20:52,161 [BlockDeletingService#4] INFO  impl.FilePerBlockStrategy (FilePerBlockStrategy.java:deleteChunk(227)) - Deleted block file: /home/runner/work/ozone/ozone/mnt/ozone/hadoop-ozone/integration-test/target/test-dir/MiniOzoneClusterImpl-4602a15a-46b8-476b-8e6e-aec7ac1b4dac/datanode-2/data-0/containers/hdds/4602a15a-46b8-476b-8e6e-aec7ac1b4dac/current/containerDir0/1/chunks/107544261427200001.block
2021-07-28 21:20:52,162 [BlockDeletingService#4] INFO  background.BlockDeletingService (BlockDeletingService.java:deleteViaSchema2(447)) - Container: 1, deleted blocks: 1, task elapsed time: 13ms
2021-07-28 21:20:52,166 [SCMBlockDeletingService#0] DEBUG block.SCMBlockDeletingService (SCMBlockDeletingService.java:call(131)) - Running DeletedBlockTransactionScanner
2021-07-28 21:20:52,166 [SCMBlockDeletingService#0] DEBUG block.SCMBlockDeletingService (DatanodeDeletedBlockTransactions.java:addTransactionToDN(50)) - Transaction added: 684a6605-a0ea-4f4a-a756-567e88d15665 <- TX(1)
2021-07-28 21:20:52,166 [SCMBlockDeletingService#0] DEBUG block.SCMBlockDeletingService (DatanodeDeletedBlockTransactions.java:addTransactionToDN(50)) - Transaction added: 9c0f3aab-f21e-4a40-b90a-e278bd611599 <- TX(1)
2021-07-28 21:20:52,166 [SCMBlockDeletingService#0] DEBUG block.SCMBlockDeletingService (DatanodeDeletedBlockTransactions.java:addTransactionToDN(50)) - Transaction added: 31a275a1-7e4f-41f8-9eef-5428a3a9a47f <- TX(1)
2021-07-28 21:20:52,166 [SCMBlockDeletingService#0] DEBUG block.SCMBlockDeletingService (SCMBlockDeletingService.java:call(160)) - Added delete block command for datanode 9c0f3aab-f21e-4a40-b90a-e278bd611599 in the queue, number of delete block transactions: 1
2021-07-28 21:20:52,166 [SCMBlockDeletingService#0] DEBUG block.SCMBlockDeletingService (SCMBlockDeletingService.java:call(160)) - Added delete block command for datanode 684a6605-a0ea-4f4a-a756-567e88d15665 in the queue, number of delete block transactions: 1
2021-07-28 21:20:52,166 [SCMBlockDeletingService#0] DEBUG block.SCMBlockDeletingService (SCMBlockDeletingService.java:call(160)) - Added delete block command for datanode 31a275a1-7e4f-41f8-9eef-5428a3a9a47f in the queue, number of delete block transactions: 1
2021-07-28 21:20:52,166 [SCMBlockDeletingService#0] INFO  block.SCMBlockDeletingService (SCMBlockDeletingService.java:call(170)) - Totally added 3 blocks to be deleted for 3 datanodes, task elapsed time: 0ms
2021-07-28 21:20:52,232 [EventQueue-DeleteBlockStatusForDeletedBlockLogImplV2] DEBUG block.DeletedBlockLogImpl (DeletedBlockLogImplV2.java:isTransactionFailed(270)) - Got block deletion ACK from datanode, TXIDs=1, success=true
2021-07-28 21:20:52,232 [EventQueue-DeleteBlockStatusForDeletedBlockLogImplV2] DEBUG block.DeletedBlockLogImpl (DeletedBlockLogImplV2.java:commitTransactions(249)) - Datanode txId=1 containerId=#1 committed by dnId=9c0f3aab-f21e-4a40-b90a-e278bd611599
2021-07-28 21:20:52,232 [EventQueue-DeleteBlockStatusForDeletedBlockLogImplV2] DEBUG block.DeletedBlockLogImpl (DeletedBlockLogImplV2.java:isTransactionFailed(270)) - Got block deletion ACK from datanode, TXIDs=1, success=true
2021-07-28 21:20:52,232 [EventQueue-DeleteBlockStatusForDeletedBlockLogImplV2] DEBUG block.DeletedBlockLogImpl (DeletedBlockLogImplV2.java:commitTransactions(249)) - Datanode txId=1 containerId=#1 committed by dnId=9c0f3aab-f21e-4a40-b90a-e278bd611599
2021-07-28 21:20:52,232 [EventQueue-DeleteBlockStatusForDeletedBlockLogImplV2] DEBUG block.DeletedBlockLogImpl (DeletedBlockLogImplV2.java:isTransactionFailed(270)) - Got block deletion ACK from datanode, TXIDs=1, success=true
2021-07-28 21:20:52,232 [EventQueue-DeleteBlockStatusForDeletedBlockLogImplV2] DEBUG block.DeletedBlockLogImpl (DeletedBlockLogImplV2.java:commitTransactions(249)) - Datanode txId=1 containerId=#1 committed by dnId=9c0f3aab-f21e-4a40-b90a-e278bd611599
2021-07-28 21:20:52,232 [EventQueue-DeleteBlockStatusForDeletedBlockLogImplV2] DEBUG block.DeletedBlockLogImpl (DeletedBlockLogImplV2.java:isTransactionFailed(270)) - Got block deletion ACK from datanode, TXIDs=1, success=true
2021-07-28 21:20:52,232 [EventQueue-DeleteBlockStatusForDeletedBlockLogImplV2] DEBUG block.DeletedBlockLogImpl (DeletedBlockLogImplV2.java:commitTransactions(249)) - Datanode txId=1 containerId=#1 committed by dnId=9c0f3aab-f21e-4a40-b90a-e278bd611599
2021-07-28 21:20:52,240 [Command processor thread] INFO  commandhandler.DeleteBlocksCommandHandler (DeleteBlocksCommandHandler.java:handle(110)) - Start to delete container blocks, TXIDs=[1(0)], numOfContainers=1, numOfBlocks=1
2021-07-28 21:20:52,241 [Command processor thread] INFO  commandhandler.DeleteBlocksCommandHandler (DeleteBlocksCommandHandler.java:handle(110)) - Start to delete container blocks, TXIDs=[1(0)], numOfContainers=1, numOfBlocks=1
2021-07-28 21:20:52,241 [Command processor thread] INFO  commandhandler.DeleteBlocksCommandHandler (DeleteBlocksCommandHandler.java:handle(110)) - Start to delete container blocks, TXIDs=[1(0)], numOfContainers=1, numOfBlocks=1
2021-07-28 21:20:52,241 [Command processor thread] INFO  commandhandler.DeleteBlocksCommandHandler (DeleteBlocksCommandHandler.java:handle(110)) - Start to delete container blocks, TXIDs=[1(0)], numOfContainers=1, numOfBlocks=1
2021-07-28 21:20:52,264 [BlockDeletingService#2] INFO  background.BlockDeletingService (BlockDeletingService.java:getTasks(158)) - Plan to choose 5000 blocks for block deletion, actually deleting 1 blocks.
2021-07-28 21:20:52,266 [SCMBlockDeletingService#0] DEBUG block.SCMBlockDeletingService (SCMBlockDeletingService.java:call(131)) - Running DeletedBlockTransactionScanner
2021-07-28 21:20:52,267 [SCMBlockDeletingService#0] DEBUG block.SCMBlockDeletingService (DatanodeDeletedBlockTransactions.java:addTransactionToDN(50)) - Transaction added: 684a6605-a0ea-4f4a-a756-567e88d15665 <- TX(1)
2021-07-28 21:20:52,267 [SCMBlockDeletingService#0] DEBUG block.SCMBlockDeletingService (DatanodeDeletedBlockTransactions.java:addTransactionToDN(50)) - Transaction added: 31a275a1-7e4f-41f8-9eef-5428a3a9a47f <- TX(1)
2021-07-28 21:20:52,267 [SCMBlockDeletingService#0] DEBUG block.SCMBlockDeletingService (SCMBlockDeletingService.java:call(160)) - Added delete block command for datanode 684a6605-a0ea-4f4a-a756-567e88d15665 in the queue, number of delete block transactions: 1
2021-07-28 21:20:52,267 [SCMBlockDeletingService#0] DEBUG block.SCMBlockDeletingService (SCMBlockDeletingService.java:call(160)) - Added delete block command for datanode 31a275a1-7e4f-41f8-9eef-5428a3a9a47f in the queue, number of delete block transactions: 1
2021-07-28 21:20:52,267 [SCMBlockDeletingService#0] INFO  block.SCMBlockDeletingService (SCMBlockDeletingService.java:call(170)) - Totally added 2 blocks to be deleted for 2 datanodes, task elapsed time: 1ms
2021-07-28 21:20:52,265 [BlockDeletingService#2] INFO  impl.FilePerBlockStrategy (FilePerBlockStrategy.java:deleteChunk(227)) - Deleted block file: /home/runner/work/ozone/ozone/mnt/ozone/hadoop-ozone/integration-test/target/test-dir/MiniOzoneClusterImpl-4602a15a-46b8-476b-8e6e-aec7ac1b4dac/datanode-0/data-0/containers/hdds/4602a15a-46b8-476b-8e6e-aec7ac1b4dac/current/containerDir0/1/chunks/107544261427200001.block
2021-07-28 21:20:52,268 [BlockDeletingService#2] INFO  background.BlockDeletingService (BlockDeletingService.java:deleteViaSchema2(447)) - Container: 1, deleted blocks: 1, task elapsed time: 4ms
2021-07-28 21:20:52,367 [SCMBlockDeletingService#0] DEBUG block.SCMBlockDeletingService (SCMBlockDeletingService.java:call(131)) - Running DeletedBlockTransactionScanner
2021-07-28 21:20:52,367 [SCMBlockDeletingService#0] DEBUG block.SCMBlockDeletingService (DatanodeDeletedBlockTransactions.java:addTransactionToDN(50)) - Transaction added: 684a6605-a0ea-4f4a-a756-567e88d15665 <- TX(1)
2021-07-28 21:20:52,367 [SCMBlockDeletingService#0] DEBUG block.SCMBlockDeletingService (DatanodeDeletedBlockTransactions.java:addTransactionToDN(50)) - Transaction added: 31a275a1-7e4f-41f8-9eef-5428a3a9a47f <- TX(1)
2021-07-28 21:20:52,367 [SCMBlockDeletingService#0] DEBUG block.SCMBlockDeletingService (SCMBlockDeletingService.java:call(160)) - Added delete block command for datanode 684a6605-a0ea-4f4a-a756-567e88d15665 in the queue, number of delete block transactions: 1
2021-07-28 21:20:52,367 [SCMBlockDeletingService#0] DEBUG block.SCMBlockDeletingService (SCMBlockDeletingService.java:call(160)) - Added delete block command for datanode 31a275a1-7e4f-41f8-9eef-5428a3a9a47f in the queue, number of delete block transactions: 1
2021-07-28 21:20:52,367 [SCMBlockDeletingService#0] INFO  block.SCMBlockDeletingService (SCMBlockDeletingService.java:call(170)) - Totally added 2 blocks to be deleted for 2 datanodes, task elapsed time: 1ms
2021-07-28 21:20:52,438 [EventQueue-DeleteBlockStatusForDeletedBlockLogImplV2] DEBUG block.DeletedBlockLogImpl (DeletedBlockLogImplV2.java:isTransactionFailed(270)) - Got block deletion ACK from datanode, TXIDs=1, success=true
2021-07-28 21:20:52,438 [EventQueue-DeleteBlockStatusForDeletedBlockLogImplV2] DEBUG block.DeletedBlockLogImpl (DeletedBlockLogImplV2.java:commitTransactions(249)) - Datanode txId=1 containerId=#1 committed by dnId=31a275a1-7e4f-41f8-9eef-5428a3a9a47f
2021-07-28 21:20:52,438 [EventQueue-DeleteBlockStatusForDeletedBlockLogImplV2] DEBUG block.DeletedBlockLogImpl (DeletedBlockLogImplV2.java:isTransactionFailed(270)) - Got block deletion ACK from datanode, TXIDs=1, success=true
2021-07-28 21:20:52,438 [EventQueue-DeleteBlockStatusForDeletedBlockLogImplV2] DEBUG block.DeletedBlockLogImpl (DeletedBlockLogImplV2.java:commitTransactions(249)) - Datanode txId=1 containerId=#1 committed by dnId=31a275a1-7e4f-41f8-9eef-5428a3a9a47f
2021-07-28 21:20:52,438 [EventQueue-DeleteBlockStatusForDeletedBlockLogImplV2] DEBUG block.DeletedBlockLogImpl (DeletedBlockLogImplV2.java:isTransactionFailed(270)) - Got block deletion ACK from datanode, TXIDs=1, success=true
2021-07-28 21:20:52,438 [EventQueue-DeleteBlockStatusForDeletedBlockLogImplV2] DEBUG block.DeletedBlockLogImpl (DeletedBlockLogImplV2.java:commitTransactions(249)) - Datanode txId=1 containerId=#1 committed by dnId=31a275a1-7e4f-41f8-9eef-5428a3a9a47f
2021-07-28 21:20:52,438 [EventQueue-DeleteBlockStatusForDeletedBlockLogImplV2] DEBUG block.DeletedBlockLogImpl (DeletedBlockLogImplV2.java:isTransactionFailed(270)) - Got block deletion ACK from datanode, TXIDs=1, success=true
2021-07-28 21:20:52,438 [EventQueue-DeleteBlockStatusForDeletedBlockLogImplV2] DEBUG block.DeletedBlockLogImpl (DeletedBlockLogImplV2.java:commitTransactions(249)) - Datanode txId=1 containerId=#1 committed by dnId=31a275a1-7e4f-41f8-9eef-5428a3a9a47f
2021-07-28 21:20:52,467 [SCMBlockDeletingService#0] DEBUG block.SCMBlockDeletingService (SCMBlockDeletingService.java:call(131)) - Running DeletedBlockTransactionScanner
2021-07-28 21:20:52,467 [SCMBlockDeletingService#0] DEBUG block.SCMBlockDeletingService (DatanodeDeletedBlockTransactions.java:addTransactionToDN(50)) - Transaction added: 684a6605-a0ea-4f4a-a756-567e88d15665 <- TX(1)
2021-07-28 21:20:52,467 [SCMBlockDeletingService#0] DEBUG block.SCMBlockDeletingService (SCMBlockDeletingService.java:call(160)) - Added delete block command for datanode 684a6605-a0ea-4f4a-a756-567e88d15665 in the queue, number of delete block transactions: 1
2021-07-28 21:20:52,467 [SCMBlockDeletingService#0] INFO  block.SCMBlockDeletingService (SCMBlockDeletingService.java:call(170)) - Totally added 1 blocks to be deleted for 1 datanodes, task elapsed time: 1ms
2021-07-28 21:20:52,567 [SCMBlockDeletingService#0] DEBUG block.SCMBlockDeletingService (SCMBlockDeletingService.java:call(131)) - Running DeletedBlockTransactionScanner
2021-07-28 21:20:52,567 [SCMBlockDeletingService#0] DEBUG block.SCMBlockDeletingService (DatanodeDeletedBlockTransactions.java:addTransactionToDN(50)) - Transaction added: 684a6605-a0ea-4f4a-a756-567e88d15665 <- TX(1)
2021-07-28 21:20:52,567 [SCMBlockDeletingService#0] DEBUG block.SCMBlockDeletingService (SCMBlockDeletingService.java:call(160)) - Added delete block command for datanode 684a6605-a0ea-4f4a-a756-567e88d15665 in the queue, number of delete block transactions: 1
2021-07-28 21:20:52,568 [SCMBlockDeletingService#0] INFO  block.SCMBlockDeletingService (SCMBlockDeletingService.java:call(170)) - Totally added 1 blocks to be deleted for 1 datanodes, task elapsed time: 0ms
2021-07-28 21:20:52,633 [Command processor thread] INFO  commandhandler.DeleteBlocksCommandHandler (DeleteBlocksCommandHandler.java:handle(110)) - Start to delete container blocks, TXIDs=[1(0)], numOfContainers=1, numOfBlocks=1
2021-07-28 21:20:52,634 [Command processor thread] INFO  commandhandler.DeleteBlocksCommandHandler (DeleteBlocksCommandHandler.java:handle(110)) - Start to delete container blocks, TXIDs=[1(0)], numOfContainers=1, numOfBlocks=1
2021-07-28 21:20:52,634 [Command processor thread] INFO  commandhandler.DeleteBlocksCommandHandler (DeleteBlocksCommandHandler.java:handle(110)) - Start to delete container blocks, TXIDs=[1(0)], numOfContainers=1, numOfBlocks=1
2021-07-28 21:20:52,635 [Command processor thread] INFO  commandhandler.DeleteBlocksCommandHandler (DeleteBlocksCommandHandler.java:handle(110)) - Start to delete container blocks, TXIDs=[1(0)], numOfContainers=1, numOfBlocks=1
2021-07-28 21:20:52,635 [Command processor thread] INFO  commandhandler.DeleteBlocksCommandHandler (DeleteBlocksCommandHandler.java:handle(110)) - Start to delete container blocks, TXIDs=[1(0)], numOfContainers=1, numOfBlocks=1
2021-07-28 21:20:52,635 [Command processor thread] INFO  commandhandler.DeleteBlocksCommandHandler (DeleteBlocksCommandHandler.java:handle(110)) - Start to delete container blocks, TXIDs=[1(0)], numOfContainers=1, numOfBlocks=1
2021-07-28 21:20:52,635 [Command processor thread] INFO  commandhandler.DeleteBlocksCommandHandler (DeleteBlocksCommandHandler.java:handle(110)) - Start to delete container blocks, TXIDs=[1(0)], numOfContainers=1, numOfBlocks=1
2021-07-28 21:20:52,635 [Command processor thread] INFO  commandhandler.DeleteBlocksCommandHandler (DeleteBlocksCommandHandler.java:handle(110)) - Start to delete container blocks, TXIDs=[1(0)], numOfContainers=1, numOfBlocks=1
2021-07-28 21:20:52,651 [BlockDeletingService#4] INFO  background.BlockDeletingService (BlockDeletingService.java:getTasks(158)) - Plan to choose 5000 blocks for block deletion, actually deleting 1 blocks.
2021-07-28 21:20:52,653 [BlockDeletingService#4] INFO  impl.FilePerBlockStrategy (FilePerBlockStrategy.java:deleteChunk(227)) - Deleted block file: /home/runner/work/ozone/ozone/mnt/ozone/hadoop-ozone/integration-test/target/test-dir/MiniOzoneClusterImpl-4602a15a-46b8-476b-8e6e-aec7ac1b4dac/datanode-1/data-0/containers/hdds/4602a15a-46b8-476b-8e6e-aec7ac1b4dac/current/containerDir0/1/chunks/107544261427200001.block
2021-07-28 21:20:52,653 [BlockDeletingService#4] INFO  background.BlockDeletingService (BlockDeletingService.java:deleteViaSchema2(447)) - Container: 1, deleted blocks: 1, task elapsed time: 2ms
2021-07-28 21:20:52,667 [SCMBlockDeletingService#0] DEBUG block.SCMBlockDeletingService (SCMBlockDeletingService.java:call(131)) - Running DeletedBlockTransactionScanner
2021-07-28 21:20:52,667 [SCMBlockDeletingService#0] DEBUG block.SCMBlockDeletingService (DatanodeDeletedBlockTransactions.java:addTransactionToDN(50)) - Transaction added: 684a6605-a0ea-4f4a-a756-567e88d15665 <- TX(1)
2021-07-28 21:20:52,667 [SCMBlockDeletingService#0] DEBUG block.SCMBlockDeletingService (SCMBlockDeletingService.java:call(160)) - Added delete block command for datanode 684a6605-a0ea-4f4a-a756-567e88d15665 in the queue, number of delete block transactions: 1
2021-07-28 21:20:52,667 [SCMBlockDeletingService#0] INFO  block.SCMBlockDeletingService (SCMBlockDeletingService.java:call(170)) - Totally added 1 blocks to be deleted for 1 datanodes, task elapsed time: 0ms
2021-07-28 21:20:52,767 [SCMBlockDeletingService#0] DEBUG block.SCMBlockDeletingService (SCMBlockDeletingService.java:call(131)) - Running DeletedBlockTransactionScanner
2021-07-28 21:20:52,768 [SCMBlockDeletingService#0] DEBUG block.SCMBlockDeletingService (DatanodeDeletedBlockTransactions.java:addTransactionToDN(50)) - Transaction added: 684a6605-a0ea-4f4a-a756-567e88d15665 <- TX(1)
2021-07-28 21:20:52,768 [SCMBlockDeletingService#0] DEBUG block.SCMBlockDeletingService (SCMBlockDeletingService.java:call(160)) - Added delete block command for datanode 684a6605-a0ea-4f4a-a756-567e88d15665 in the queue, number of delete block transactions: 1
2021-07-28 21:20:52,768 [SCMBlockDeletingService#0] INFO  block.SCMBlockDeletingService (SCMBlockDeletingService.java:call(170)) - Totally added 1 blocks to be deleted for 1 datanodes, task elapsed time: 1ms
2021-07-28 21:20:52,835 [EventQueue-DeleteBlockStatusForDeletedBlockLogImplV2] DEBUG block.DeletedBlockLogImpl (DeletedBlockLogImplV2.java:isTransactionFailed(270)) - Got block deletion ACK from datanode, TXIDs=1, success=true
2021-07-28 21:20:52,836 [EventQueue-DeleteBlockStatusForDeletedBlockLogImplV2] DEBUG block.DeletedBlockLogImpl (DeletedBlockLogImplV2.java:commitTransactions(243)) - Purging txId=1 from block deletion log
2021-07-28 21:20:52,837 [EventQueue-DeleteBlockStatusForDeletedBlockLogImplV2] DEBUG block.DeletedBlockLogImpl (DeletedBlockLogImplV2.java:commitTransactions(249)) - Datanode txId=1 containerId=#1 committed by dnId=684a6605-a0ea-4f4a-a756-567e88d15665
2021-07-28 21:20:52,837 [EventQueue-DeleteBlockStatusForDeletedBlockLogImplV2] DEBUG block.DeletedBlockLogImpl (DeletedBlockLogImplV2.java:isTransactionFailed(270)) - Got block deletion ACK from datanode, TXIDs=1, success=true
2021-07-28 21:20:52,837 [EventQueue-DeleteBlockStatusForDeletedBlockLogImplV2] DEBUG block.DeletedBlockLogImpl (DeletedBlockLogImplV2.java:commitTransactions(217)) - Transaction txId=1 commit by dnId=684a6605-a0ea-4f4a-a756-567e88d15665 for containerID=#1 failed. Corresponding entry not found.
2021-07-28 21:20:52,837 [EventQueue-DeleteBlockStatusForDeletedBlockLogImplV2] DEBUG block.DeletedBlockLogImpl (DeletedBlockLogImplV2.java:isTransactionFailed(270)) - Got block deletion ACK from datanode, TXIDs=1, success=true
2021-07-28 21:20:52,837 [EventQueue-DeleteBlockStatusForDeletedBlockLogImplV2] DEBUG block.DeletedBlockLogImpl (DeletedBlockLogImplV2.java:commitTransactions(217)) - Transaction txId=1 commit by dnId=684a6605-a0ea-4f4a-a756-567e88d15665 for containerID=#1 failed. Corresponding entry not found.
2021-07-28 21:20:52,837 [EventQueue-DeleteBlockStatusForDeletedBlockLogImplV2] DEBUG block.DeletedBlockLogImpl (DeletedBlockLogImplV2.java:isTransactionFailed(270)) - Got block deletion ACK from datanode, TXIDs=1, success=true
2021-07-28 21:20:52,837 [EventQueue-DeleteBlockStatusForDeletedBlockLogImplV2] DEBUG block.DeletedBlockLogImpl (DeletedBlockLogImplV2.java:commitTransactions(217)) - Transaction txId=1 commit by dnId=684a6605-a0ea-4f4a-a756-567e88d15665 for containerID=#1 failed. Corresponding entry not found.
2021-07-28 21:20:52,837 [EventQueue-DeleteBlockStatusForDeletedBlockLogImplV2] DEBUG block.DeletedBlockLogImpl (DeletedBlockLogImplV2.java:isTransactionFailed(270)) - Got block deletion ACK from datanode, TXIDs=1, success=true
2021-07-28 21:20:52,837 [EventQueue-DeleteBlockStatusForDeletedBlockLogImplV2] DEBUG block.DeletedBlockLogImpl (DeletedBlockLogImplV2.java:commitTransactions(217)) - Transaction txId=1 commit by dnId=684a6605-a0ea-4f4a-a756-567e88d15665 for containerID=#1 failed. Corresponding entry not found.
2021-07-28 21:20:52,837 [EventQueue-DeleteBlockStatusForDeletedBlockLogImplV2] DEBUG block.DeletedBlockLogImpl (DeletedBlockLogImplV2.java:isTransactionFailed(270)) - Got block deletion ACK from datanode, TXIDs=1, success=true
2021-07-28 21:20:52,837 [EventQueue-DeleteBlockStatusForDeletedBlockLogImplV2] DEBUG block.DeletedBlockLogImpl (DeletedBlockLogImplV2.java:commitTransactions(217)) - Transaction txId=1 commit by dnId=684a6605-a0ea-4f4a-a756-567e88d15665 for containerID=#1 failed. Corresponding entry not found.
2021-07-28 21:20:52,837 [EventQueue-DeleteBlockStatusForDeletedBlockLogImplV2] DEBUG block.DeletedBlockLogImpl (DeletedBlockLogImplV2.java:isTransactionFailed(270)) - Got block deletion ACK from datanode, TXIDs=1, success=true
2021-07-28 21:20:52,838 [EventQueue-DeleteBlockStatusForDeletedBlockLogImplV2] DEBUG block.DeletedBlockLogImpl (DeletedBlockLogImplV2.java:commitTransactions(217)) - Transaction txId=1 commit by dnId=684a6605-a0ea-4f4a-a756-567e88d15665 for containerID=#1 failed. Corresponding entry not found.
2021-07-28 21:20:52,838 [EventQueue-DeleteBlockStatusForDeletedBlockLogImplV2] DEBUG block.DeletedBlockLogImpl (DeletedBlockLogImplV2.java:isTransactionFailed(270)) - Got block deletion ACK from datanode, TXIDs=1, success=true
2021-07-28 21:20:52,838 [EventQueue-DeleteBlockStatusForDeletedBlockLogImplV2] DEBUG block.DeletedBlockLogImpl (DeletedBlockLogImplV2.java:commitTransactions(217)) - Transaction txId=1 commit by dnId=684a6605-a0ea-4f4a-a756-567e88d15665 for containerID=#1 failed. Corresponding entry not found.
2021-07-28 21:20:52,867 [SCMBlockDeletingService#0] DEBUG block.SCMBlockDeletingService (SCMBlockDeletingService.java:call(131)) - Running DeletedBlockTransactionScanner
2021-07-28 21:20:52,967 [SCMBlockDeletingService#0] DEBUG block.SCMBlockDeletingService (SCMBlockDeletingService.java:call(131)) - Running DeletedBlockTransactionScanner
2021-07-28 21:20:53,068 [SCMBlockDeletingService#0] DEBUG block.SCMBlockDeletingService (SCMBlockDeletingService.java:call(131)) - Running DeletedBlockTransactionScanner
2021-07-28 21:20:53,168 [SCMBlockDeletingService#0] DEBUG block.SCMBlockDeletingService (SCMBlockDeletingService.java:call(131)) - Running DeletedBlockTransactionScanner
2021-07-28 21:20:53,227 [Command processor thread] INFO  commandhandler.DeleteBlocksCommandHandler (DeleteBlocksCommandHandler.java:handle(110)) - Start to delete container blocks, TXIDs=[1(0)], numOfContainers=1, numOfBlocks=1
2021-07-28 21:20:53,227 [Command processor thread] INFO  commandhandler.DeleteBlocksCommandHandler (DeleteBlocksCommandHandler.java:handle(110)) - Start to delete container blocks, TXIDs=[1(0)], numOfContainers=1, numOfBlocks=1
2021-07-28 21:20:53,268 [SCMBlockDeletingService#0] DEBUG block.SCMBlockDeletingService (SCMBlockDeletingService.java:call(131)) - Running DeletedBlockTransactionScanner
2021-07-28 21:20:53,368 [SCMBlockDeletingService#0] DEBUG block.SCMBlockDeletingService (SCMBlockDeletingService.java:call(131)) - Running DeletedBlockTransactionScanner
2021-07-28 21:20:53,429 [EventQueue-DeleteBlockStatusForDeletedBlockLogImplV2] DEBUG block.DeletedBlockLogImpl (DeletedBlockLogImplV2.java:isTransactionFailed(270)) - Got block deletion ACK from datanode, TXIDs=1, success=true
2021-07-28 21:20:53,429 [EventQueue-DeleteBlockStatusForDeletedBlockLogImplV2] DEBUG block.DeletedBlockLogImpl (DeletedBlockLogImplV2.java:commitTransactions(217)) - Transaction txId=1 commit by dnId=9c0f3aab-f21e-4a40-b90a-e278bd611599 for containerID=#1 failed. Corresponding entry not found.
2021-07-28 21:20:53,429 [EventQueue-DeleteBlockStatusForDeletedBlockLogImplV2] DEBUG block.DeletedBlockLogImpl (DeletedBlockLogImplV2.java:isTransactionFailed(270)) - Got block deletion ACK from datanode, TXIDs=1, success=true
2021-07-28 21:20:53,429 [EventQueue-DeleteBlockStatusForDeletedBlockLogImplV2] DEBUG block.DeletedBlockLogImpl (DeletedBlockLogImplV2.java:commitTransactions(217)) - Transaction txId=1 commit by dnId=9c0f3aab-f21e-4a40-b90a-e278bd611599 for containerID=#1 failed. Corresponding entry not found.
2021-07-28 21:20:53,437 [Command processor thread] INFO  commandhandler.DeleteBlocksCommandHandler (DeleteBlocksCommandHandler.java:handle(110)) - Start to delete container blocks, TXIDs=[1(0)], numOfContainers=1, numOfBlocks=1
2021-07-28 21:20:53,437 [Command processor thread] INFO  commandhandler.DeleteBlocksCommandHandler (DeleteBlocksCommandHandler.java:handle(110)) - Start to delete container blocks, TXIDs=[1(0)], numOfContainers=1, numOfBlocks=1
2021-07-28 21:20:53,437 [Command processor thread] INFO  commandhandler.DeleteBlocksCommandHandler (DeleteBlocksCommandHandler.java:handle(110)) - Start to delete container blocks, TXIDs=[1(0)], numOfContainers=1, numOfBlocks=1
2021-07-28 21:20:53,437 [Command processor thread] INFO  commandhandler.DeleteBlocksCommandHandler (DeleteBlocksCommandHandler.java:handle(110)) - Start to delete container blocks, TXIDs=[1(0)], numOfContainers=1, numOfBlocks=1
2021-07-28 21:20:53,468 [SCMBlockDeletingService#0] DEBUG block.SCMBlockDeletingService (SCMBlockDeletingService.java:call(131)) - Running DeletedBlockTransactionScanner
2021-07-28 21:20:53,568 [SCMBlockDeletingService#0] DEBUG block.SCMBlockDeletingService (SCMBlockDeletingService.java:call(131)) - Running DeletedBlockTransactionScanner
2021-07-28 21:20:53,639 [EventQueue-DeleteBlockStatusForDeletedBlockLogImplV2] DEBUG block.DeletedBlockLogImpl (DeletedBlockLogImplV2.java:isTransactionFailed(270)) - Got block deletion ACK from datanode, TXIDs=1, success=true
2021-07-28 21:20:53,639 [EventQueue-DeleteBlockStatusForDeletedBlockLogImplV2] DEBUG block.DeletedBlockLogImpl (DeletedBlockLogImplV2.java:commitTransactions(217)) - Transaction txId=1 commit by dnId=31a275a1-7e4f-41f8-9eef-5428a3a9a47f for containerID=#1 failed. Corresponding entry not found.
2021-07-28 21:20:53,639 [EventQueue-DeleteBlockStatusForDeletedBlockLogImplV2] DEBUG block.DeletedBlockLogImpl (DeletedBlockLogImplV2.java:isTransactionFailed(270)) - Got block deletion ACK from datanode, TXIDs=1, success=true
2021-07-28 21:20:53,640 [EventQueue-DeleteBlockStatusForDeletedBlockLogImplV2] DEBUG block.DeletedBlockLogImpl (DeletedBlockLogImplV2.java:commitTransactions(217)) - Transaction txId=1 commit by dnId=31a275a1-7e4f-41f8-9eef-5428a3a9a47f for containerID=#1 failed. Corresponding entry not found.
2021-07-28 21:20:53,640 [EventQueue-DeleteBlockStatusForDeletedBlockLogImplV2] DEBUG block.DeletedBlockLogImpl (DeletedBlockLogImplV2.java:isTransactionFailed(270)) - Got block deletion ACK from datanode, TXIDs=1, success=true
2021-07-28 21:20:53,640 [EventQueue-DeleteBlockStatusForDeletedBlockLogImplV2] DEBUG block.DeletedBlockLogImpl (DeletedBlockLogImplV2.java:commitTransactions(217)) - Transaction txId=1 commit by dnId=31a275a1-7e4f-41f8-9eef-5428a3a9a47f for containerID=#1 failed. Corresponding entry not found.
2021-07-28 21:20:53,640 [EventQueue-DeleteBlockStatusForDeletedBlockLogImplV2] DEBUG block.DeletedBlockLogImpl (DeletedBlockLogImplV2.java:isTransactionFailed(270)) - Got block deletion ACK from datanode, TXIDs=1, success=true
2021-07-28 21:20:53,640 [EventQueue-DeleteBlockStatusForDeletedBlockLogImplV2] DEBUG block.DeletedBlockLogImpl (DeletedBlockLogImplV2.java:commitTransactions(217)) - Transaction txId=1 commit by dnId=31a275a1-7e4f-41f8-9eef-5428a3a9a47f for containerID=#1 failed. Corresponding entry not found.
2021-07-28 21:20:53,669 [SCMBlockDeletingService#0] DEBUG block.SCMBlockDeletingService (SCMBlockDeletingService.java:call(131)) - Running DeletedBlockTransactionScanner
2021-07-28 21:20:53,769 [SCMBlockDeletingService#0] DEBUG block.SCMBlockDeletingService (SCMBlockDeletingService.java:call(131)) - Running DeletedBlockTransactionScanner
2021-07-28 21:20:53,833 [Command processor thread] INFO  commandhandler.DeleteBlocksCommandHandler (DeleteBlocksCommandHandler.java:handle(110)) - Start to delete container blocks, TXIDs=[1(0)], numOfContainers=1, numOfBlocks=1
2021-07-28 21:20:53,834 [Command processor thread] INFO  commandhandler.DeleteBlocksCommandHandler (DeleteBlocksCommandHandler.java:handle(110)) - Start to delete container blocks, TXIDs=[1(0)], numOfContainers=1, numOfBlocks=1
2021-07-28 21:20:53,834 [Command processor thread] INFO  commandhandler.DeleteBlocksCommandHandler (DeleteBlocksCommandHandler.java:handle(110)) - Start to delete container blocks, TXIDs=[1(0)], numOfContainers=1, numOfBlocks=1
2021-07-28 21:20:53,834 [Command processor thread] INFO  commandhandler.DeleteBlocksCommandHandler (DeleteBlocksCommandHandler.java:handle(110)) - Start to delete container blocks, TXIDs=[1(0)], numOfContainers=1, numOfBlocks=1
2021-07-28 21:20:53,869 [SCMBlockDeletingService#0] DEBUG block.SCMBlockDeletingService (SCMBlockDeletingService.java:call(131)) - Running DeletedBlockTransactionScanner
2021-07-28 21:20:53,969 [SCMBlockDeletingService#0] DEBUG block.SCMBlockDeletingService (SCMBlockDeletingService.java:call(131)) - Running DeletedBlockTransactionScanner
2021-07-28 21:20:54,034 [EventQueue-DeleteBlockStatusForDeletedBlockLogImplV2] DEBUG block.DeletedBlockLogImpl (DeletedBlockLogImplV2.java:isTransactionFailed(270)) - Got block deletion ACK from datanode, TXIDs=1, success=true
2021-07-28 21:20:54,035 [EventQueue-DeleteBlockStatusForDeletedBlockLogImplV2] DEBUG block.DeletedBlockLogImpl (DeletedBlockLogImplV2.java:commitTransactions(217)) - Transaction txId=1 commit by dnId=684a6605-a0ea-4f4a-a756-567e88d15665 for containerID=#1 failed. Corresponding entry not found.
2021-07-28 21:20:54,035 [EventQueue-DeleteBlockStatusForDeletedBlockLogImplV2] DEBUG block.DeletedBlockLogImpl (DeletedBlockLogImplV2.java:isTransactionFailed(270)) - Got block deletion ACK from datanode, TXIDs=1, success=true
2021-07-28 21:20:54,035 [EventQueue-DeleteBlockStatusForDeletedBlockLogImplV2] DEBUG block.DeletedBlockLogImpl (DeletedBlockLogImplV2.java:commitTransactions(217)) - Transaction txId=1 commit by dnId=684a6605-a0ea-4f4a-a756-567e88d15665 for containerID=#1 failed. Corresponding entry not found.
2021-07-28 21:20:54,035 [EventQueue-DeleteBlockStatusForDeletedBlockLogImplV2] DEBUG block.DeletedBlockLogImpl (DeletedBlockLogImplV2.java:isTransactionFailed(270)) - Got block deletion ACK from datanode, TXIDs=1, success=true
2021-07-28 21:20:54,035 [EventQueue-DeleteBlockStatusForDeletedBlockLogImplV2] DEBUG block.DeletedBlockLogImpl (DeletedBlockLogImplV2.java:commitTransactions(217)) - Transaction txId=1 commit by dnId=684a6605-a0ea-4f4a-a756-567e88d15665 for containerID=#1 failed. Corresponding entry not found.
2021-07-28 21:20:54,035 [EventQueue-DeleteBlockStatusForDeletedBlockLogImplV2] DEBUG block.DeletedBlockLogImpl (DeletedBlockLogImplV2.java:isTransactionFailed(270)) - Got block deletion ACK from datanode, TXIDs=1, success=true
2021-07-28 21:20:54,035 [EventQueue-DeleteBlockStatusForDeletedBlockLogImplV2] DEBUG block.DeletedBlockLogImpl (DeletedBlockLogImplV2.java:commitTransactions(217)) - Transaction txId=1 commit by dnId=684a6605-a0ea-4f4a-a756-567e88d15665 for containerID=#1 failed. Corresponding entry not found.
2021-07-28 21:20:54,069 [SCMBlockDeletingService#0] DEBUG block.SCMBlockDeletingService (SCMBlockDeletingService.java:call(131)) - Running DeletedBlockTransactionScanner
2021-07-28 21:20:54,169 [SCMBlockDeletingService#0] DEBUG block.SCMBlockDeletingService (SCMBlockDeletingService.java:call(131)) - Running DeletedBlockTransactionScanner
2021-07-28 21:20:54,269 [SCMBlockDeletingService#0] DEBUG block.SCMBlockDeletingService (SCMBlockDeletingService.java:call(131)) - Running DeletedBlockTransactionScanner
2021-07-28 21:20:54,369 [SCMBlockDeletingService#0] DEBUG block.SCMBlockDeletingService (SCMBlockDeletingService.java:call(131)) - Running DeletedBlockTransactionScanner
2021-07-28 21:20:54,469 [SCMBlockDeletingService#0] DEBUG block.SCMBlockDeletingService (SCMBlockDeletingService.java:call(131)) - Running DeletedBlockTransactionScanner
2021-07-28 21:20:54,570 [SCMBlockDeletingService#0] DEBUG block.SCMBlockDeletingService (SCMBlockDeletingService.java:call(131)) - Running DeletedBlockTransactionScanner
2021-07-28 21:20:54,670 [SCMBlockDeletingService#0] DEBUG block.SCMBlockDeletingService (SCMBlockDeletingService.java:call(131)) - Running DeletedBlockTransactionScanner
2021-07-28 21:20:54,770 [SCMBlockDeletingService#0] DEBUG block.SCMBlockDeletingService (SCMBlockDeletingService.java:call(131)) - Running DeletedBlockTransactionScanner
2021-07-28 21:20:54,870 [SCMBlockDeletingService#0] DEBUG block.SCMBlockDeletingService (SCMBlockDeletingService.java:call(131)) - Running DeletedBlockTransactionScanner
2021-07-28 21:20:54,970 [SCMBlockDeletingService#0] DEBUG block.SCMBlockDeletingService (SCMBlockDeletingService.java:call(131)) - Running DeletedBlockTransactionScanner
2021-07-28 21:20:55,070 [SCMBlockDeletingService#0] DEBUG block.SCMBlockDeletingService (SCMBlockDeletingService.java:call(131)) - Running DeletedBlockTransactionScanner
2021-07-28 21:20:55,170 [SCMBlockDeletingService#0] DEBUG block.SCMBlockDeletingService (SCMBlockDeletingService.java:call(131)) - Running DeletedBlockTransactionScanner
2021-07-28 21:20:55,271 [SCMBlockDeletingService#0] DEBUG block.SCMBlockDeletingService (SCMBlockDeletingService.java:call(131)) - Running DeletedBlockTransactionScanner
2021-07-28 21:20:55,371 [SCMBlockDeletingService#0] DEBUG block.SCMBlockDeletingService (SCMBlockDeletingService.java:call(131)) - Running DeletedBlockTransactionScanner
2021-07-28 21:20:55,471 [SCMBlockDeletingService#0] DEBUG block.SCMBlockDeletingService (SCMBlockDeletingService.java:call(131)) - Running DeletedBlockTransactionScanner
2021-07-28 21:20:55,571 [SCMBlockDeletingService#0] DEBUG block.SCMBlockDeletingService (SCMBlockDeletingService.java:call(131)) - Running DeletedBlockTransactionScanner
2021-07-28 21:20:55,671 [SCMBlockDeletingService#0] DEBUG block.SCMBlockDeletingService (SCMBlockDeletingService.java:call(131)) - Running DeletedBlockTransactionScanner
2021-07-28 21:20:55,771 [SCMBlockDeletingService#0] DEBUG block.SCMBlockDeletingService (SCMBlockDeletingService.java:call(131)) - Running DeletedBlockTransactionScanner
2021-07-28 21:20:55,871 [SCMBlockDeletingService#0] DEBUG block.SCMBlockDeletingService (SCMBlockDeletingService.java:call(131)) - Running DeletedBlockTransactionScanner
2021-07-28 21:20:55,972 [SCMBlockDeletingService#0] DEBUG block.SCMBlockDeletingService (SCMBlockDeletingService.java:call(131)) - Running DeletedBlockTransactionScanner
2021-07-28 21:20:56,072 [SCMBlockDeletingService#0] DEBUG block.SCMBlockDeletingService (SCMBlockDeletingService.java:call(131)) - Running DeletedBlockTransactionScanner
2021-07-28 21:20:56,172 [SCMBlockDeletingService#0] DEBUG block.SCMBlockDeletingService (SCMBlockDeletingService.java:call(131)) - Running DeletedBlockTransactionScanner
2021-07-28 21:20:56,272 [SCMBlockDeletingService#0] DEBUG block.SCMBlockDeletingService (SCMBlockDeletingService.java:call(131)) - Running DeletedBlockTransactionScanner
2021-07-28 21:20:56,372 [SCMBlockDeletingService#0] DEBUG block.SCMBlockDeletingService (SCMBlockDeletingService.java:call(131)) - Running DeletedBlockTransactionScanner
2021-07-28 21:20:56,472 [SCMBlockDeletingService#0] DEBUG block.SCMBlockDeletingService (SCMBlockDeletingService.java:call(131)) - Running DeletedBlockTransactionScanner
2021-07-28 21:20:56,572 [SCMBlockDeletingService#0] DEBUG block.SCMBlockDeletingService (SCMBlockDeletingService.java:call(131)) - Running DeletedBlockTransactionScanner
2021-07-28 21:20:56,645 [Datanode State Machine Thread - 0] INFO  statemachine.DatanodeStateMachine (DatanodeStateMachine.java:lambda$startDaemon$0(456)) - Ozone container server started.
2021-07-28 21:20:56,673 [SCMBlockDeletingService#0] DEBUG block.SCMBlockDeletingService (SCMBlockDeletingService.java:call(131)) - Running DeletedBlockTransactionScanner
2021-07-28 21:20:56,773 [SCMBlockDeletingService#0] DEBUG block.SCMBlockDeletingService (SCMBlockDeletingService.java:call(131)) - Running DeletedBlockTransactionScanner
2021-07-28 21:20:56,873 [SCMBlockDeletingService#0] DEBUG block.SCMBlockDeletingService (SCMBlockDeletingService.java:call(131)) - Running DeletedBlockTransactionScanner
2021-07-28 21:20:56,973 [SCMBlockDeletingService#0] DEBUG block.SCMBlockDeletingService (SCMBlockDeletingService.java:call(131)) - Running DeletedBlockTransactionScanner
2021-07-28 21:20:57,073 [SCMBlockDeletingService#0] DEBUG block.SCMBlockDeletingService (SCMBlockDeletingService.java:call(131)) - Running DeletedBlockTransactionScanner
2021-07-28 21:20:57,173 [SCMBlockDeletingService#0] DEBUG block.SCMBlockDeletingService (SCMBlockDeletingService.java:call(131)) - Running DeletedBlockTransactionScanner
2021-07-28 21:20:57,274 [SCMBlockDeletingService#0] DEBUG block.SCMBlockDeletingService (SCMBlockDeletingService.java:call(131)) - Running DeletedBlockTransactionScanner
2021-07-28 21:20:57,374 [SCMBlockDeletingService#0] DEBUG block.SCMBlockDeletingService (SCMBlockDeletingService.java:call(131)) - Running DeletedBlockTransactionScanner
2021-07-28 21:20:57,474 [SCMBlockDeletingService#0] DEBUG block.SCMBlockDeletingService (SCMBlockDeletingService.java:call(131)) - Running DeletedBlockTransactionScanner
2021-07-28 21:20:57,574 [SCMBlockDeletingService#0] DEBUG block.SCMBlockDeletingService (SCMBlockDeletingService.java:call(131)) - Running DeletedBlockTransactionScanner
2021-07-28 21:20:57,674 [SCMBlockDeletingService#0] DEBUG block.SCMBlockDeletingService (SCMBlockDeletingService.java:call(131)) - Running DeletedBlockTransactionScanner
2021-07-28 21:20:57,774 [SCMBlockDeletingService#0] DEBUG block.SCMBlockDeletingService (SCMBlockDeletingService.java:call(131)) - Running DeletedBlockTransactionScanner
2021-07-28 21:20:57,875 [SCMBlockDeletingService#0] DEBUG block.SCMBlockDeletingService (SCMBlockDeletingService.java:call(131)) - Running DeletedBlockTransactionScanner
2021-07-28 21:20:57,975 [SCMBlockDeletingService#0] DEBUG block.SCMBlockDeletingService (SCMBlockDeletingService.java:call(131)) - Running DeletedBlockTransactionScanner
2021-07-28 21:20:58,075 [SCMBlockDeletingService#0] DEBUG block.SCMBlockDeletingService (SCMBlockDeletingService.java:call(131)) - Running DeletedBlockTransactionScanner
2021-07-28 21:20:58,175 [SCMBlockDeletingService#0] DEBUG block.SCMBlockDeletingService (SCMBlockDeletingService.java:call(131)) - Running DeletedBlockTransactionScanner
2021-07-28 21:20:58,276 [SCMBlockDeletingService#0] DEBUG block.SCMBlockDeletingService (SCMBlockDeletingService.java:call(131)) - Running DeletedBlockTransactionScanner
2021-07-28 21:20:58,376 [SCMBlockDeletingService#0] DEBUG block.SCMBlockDeletingService (SCMBlockDeletingService.java:call(131)) - Running DeletedBlockTransactionScanner
2021-07-28 21:20:58,476 [SCMBlockDeletingService#0] DEBUG block.SCMBlockDeletingService (SCMBlockDeletingService.java:call(131)) - Running DeletedBlockTransactionScanner
2021-07-28 21:20:58,576 [SCMBlockDeletingService#0] DEBUG block.SCMBlockDeletingService (SCMBlockDeletingService.java:call(131)) - Running DeletedBlockTransactionScanner
2021-07-28 21:20:58,676 [SCMBlockDeletingService#0] DEBUG block.SCMBlockDeletingService (SCMBlockDeletingService.java:call(131)) - Running DeletedBlockTransactionScanner
2021-07-28 21:20:58,776 [SCMBlockDeletingService#0] DEBUG block.SCMBlockDeletingService (SCMBlockDeletingService.java:call(131)) - Running DeletedBlockTransactionScanner
2021-07-28 21:20:58,877 [SCMBlockDeletingService#0] DEBUG block.SCMBlockDeletingService (SCMBlockDeletingService.java:call(131)) - Running DeletedBlockTransactionScanner
2021-07-28 21:20:58,977 [SCMBlockDeletingService#0] DEBUG block.SCMBlockDeletingService (SCMBlockDeletingService.java:call(131)) - Running DeletedBlockTransactionScanner
2021-07-28 21:20:59,077 [SCMBlockDeletingService#0] DEBUG block.SCMBlockDeletingService (SCMBlockDeletingService.java:call(131)) - Running DeletedBlockTransactionScanner
2021-07-28 21:20:59,177 [SCMBlockDeletingService#0] DEBUG block.SCMBlockDeletingService (SCMBlockDeletingService.java:call(131)) - Running DeletedBlockTransactionScanner
2021-07-28 21:20:59,277 [SCMBlockDeletingService#0] DEBUG block.SCMBlockDeletingService (SCMBlockDeletingService.java:call(131)) - Running DeletedBlockTransactionScanner
2021-07-28 21:20:59,377 [SCMBlockDeletingService#0] DEBUG block.SCMBlockDeletingService (SCMBlockDeletingService.java:call(131)) - Running DeletedBlockTransactionScanner
2021-07-28 21:20:59,478 [SCMBlockDeletingService#0] DEBUG block.SCMBlockDeletingService (SCMBlockDeletingService.java:call(131)) - Running DeletedBlockTransactionScanner
2021-07-28 21:20:59,518 [EventQueue-StaleNodeForStaleNodeHandler] INFO  node.StaleNodeHandler (StaleNodeHandler.java:onMessage(58)) - Datanode 31a275a1-7e4f-41f8-9eef-5428a3a9a47f{ip: 10.1.0.18, host: fv-az151-48.yf2hydr00wburbhx3j5hxtcipe.bx.internal.cloudapp.net, ports: [REPLICATION=44483, RATIS=39893, RATIS_ADMIN=39893, RATIS_SERVER=39893, STANDALONE=45995], networkLocation: /default-rack, certSerialId: null, persistedOpState: IN_SERVICE, persistedOpStateExpiryEpochSec: 0} moved to stale state. Finalizing its pipelines [PipelineID=fcf11422-afc2-4eea-9cef-4f9c023e6286]
2021-07-28 21:20:59,520 [EventQueue-StaleNodeForStaleNodeHandler] INFO  pipeline.PipelineManagerV2Impl (PipelineManagerV2Impl.java:closePipeline(343)) - Pipeline Pipeline[ Id: fcf11422-afc2-4eea-9cef-4f9c023e6286, Nodes: 31a275a1-7e4f-41f8-9eef-5428a3a9a47f{ip: 10.1.0.18, host: fv-az151-48.yf2hydr00wburbhx3j5hxtcipe.bx.internal.cloudapp.net, ports: [REPLICATION=44483, RATIS=39893, RATIS_ADMIN=39893, RATIS_SERVER=39893, STANDALONE=45995], networkLocation: /default-rack, certSerialId: null, persistedOpState: IN_SERVICE, persistedOpStateExpiryEpochSec: 0}9c0f3aab-f21e-4a40-b90a-e278bd611599{ip: 10.1.0.18, host: fv-az151-48.yf2hydr00wburbhx3j5hxtcipe.bx.internal.cloudapp.net, ports: [REPLICATION=34339, RATIS=40769, RATIS_ADMIN=40769, RATIS_SERVER=40769, STANDALONE=39191], networkLocation: /default-rack, certSerialId: null, persistedOpState: IN_SERVICE, persistedOpStateExpiryEpochSec: 0}684a6605-a0ea-4f4a-a756-567e88d15665{ip: 10.1.0.18, host: fv-az151-48.yf2hydr00wburbhx3j5hxtcipe.bx.internal.cloudapp.net, ports: [REPLICATION=43563, RATIS=41617, RATIS_ADMIN=41617, RATIS_SERVER=41617, STANDALONE=41527], networkLocation: /default-rack, certSerialId: null, persistedOpState: IN_SERVICE, persistedOpStateExpiryEpochSec: 0}, ReplicationConfig: RATIS/THREE, State:OPEN, leaderId:9c0f3aab-f21e-4a40-b90a-e278bd611599, CreationTimestamp2021-07-28T21:19:43.970Z[Etc/UTC]] moved to CLOSED state
2021-07-28 21:20:59,578 [SCMBlockDeletingService#0] DEBUG block.SCMBlockDeletingService (SCMBlockDeletingService.java:call(131)) - Running DeletedBlockTransactionScanner
2021-07-28 21:20:59,678 [SCMBlockDeletingService#0] DEBUG block.SCMBlockDeletingService (SCMBlockDeletingService.java:call(131)) - Running DeletedBlockTransactionScanner
2021-07-28 21:20:59,778 [SCMBlockDeletingService#0] DEBUG block.SCMBlockDeletingService (SCMBlockDeletingService.java:call(131)) - Running DeletedBlockTransactionScanner
2021-07-28 21:20:59,878 [SCMBlockDeletingService#0] DEBUG block.SCMBlockDeletingService (SCMBlockDeletingService.java:call(131)) - Running DeletedBlockTransactionScanner
2021-07-28 21:20:59,978 [SCMBlockDeletingService#0] DEBUG block.SCMBlockDeletingService (SCMBlockDeletingService.java:call(131)) - Running DeletedBlockTransactionScanner
2021-07-28 21:21:00,079 [SCMBlockDeletingService#0] DEBUG block.SCMBlockDeletingService (SCMBlockDeletingService.java:call(131)) - Running DeletedBlockTransactionScanner
2021-07-28 21:21:00,179 [SCMBlockDeletingService#0] DEBUG block.SCMBlockDeletingService (SCMBlockDeletingService.java:call(131)) - Running DeletedBlockTransactionScanner
2021-07-28 21:21:00,279 [SCMBlockDeletingService#0] DEBUG block.SCMBlockDeletingService (SCMBlockDeletingService.java:call(131)) - Running DeletedBlockTransactionScanner
2021-07-28 21:21:00,379 [SCMBlockDeletingService#0] DEBUG block.SCMBlockDeletingService (SCMBlockDeletingService.java:call(131)) - Running DeletedBlockTransactionScanner
2021-07-28 21:21:00,479 [SCMBlockDeletingService#0] DEBUG block.SCMBlockDeletingService (SCMBlockDeletingService.java:call(131)) - Running DeletedBlockTransactionScanner
2021-07-28 21:21:00,579 [SCMBlockDeletingService#0] DEBUG block.SCMBlockDeletingService (SCMBlockDeletingService.java:call(131)) - Running DeletedBlockTransactionScanner
2021-07-28 21:21:00,680 [SCMBlockDeletingService#0] DEBUG block.SCMBlockDeletingService (SCMBlockDeletingService.java:call(131)) - Running DeletedBlockTransactionScanner
2021-07-28 21:21:00,780 [SCMBlockDeletingService#0] DEBUG block.SCMBlockDeletingService (SCMBlockDeletingService.java:call(131)) - Running DeletedBlockTransactionScanner
2021-07-28 21:21:00,880 [SCMBlockDeletingService#0] DEBUG block.SCMBlockDeletingService (SCMBlockDeletingService.java:call(131)) - Running DeletedBlockTransactionScanner
2021-07-28 21:21:00,980 [SCMBlockDeletingService#0] DEBUG block.SCMBlockDeletingService (SCMBlockDeletingService.java:call(131)) - Running DeletedBlockTransactionScanner
2021-07-28 21:21:01,080 [SCMBlockDeletingService#0] DEBUG block.SCMBlockDeletingService (SCMBlockDeletingService.java:call(131)) - Running DeletedBlockTransactionScanner
2021-07-28 21:21:01,180 [SCMBlockDeletingService#0] DEBUG block.SCMBlockDeletingService (SCMBlockDeletingService.java:call(131)) - Running DeletedBlockTransactionScanner
2021-07-28 21:21:01,281 [SCMBlockDeletingService#0] DEBUG block.SCMBlockDeletingService (SCMBlockDeletingService.java:call(131)) - Running DeletedBlockTransactionScanner
2021-07-28 21:21:01,381 [SCMBlockDeletingService#0] DEBUG block.SCMBlockDeletingService (SCMBlockDeletingService.java:call(131)) - Running DeletedBlockTransactionScanner
2021-07-28 21:21:01,481 [SCMBlockDeletingService#0] DEBUG block.SCMBlockDeletingService (SCMBlockDeletingService.java:call(131)) - Running DeletedBlockTransactionScanner
2021-07-28 21:21:01,549 [Listener at 127.0.0.1/35523] INFO  ozoneimpl.OzoneContainer (OzoneContainer.java:stop(326)) - Attempting to stop container services.
2021-07-28 21:21:01,551 [Listener at 127.0.0.1/35523] INFO  server.RaftServer (RaftServerProxy.java:lambda$close$6(391)) - 31a275a1-7e4f-41f8-9eef-5428a3a9a47f: close
2021-07-28 21:21:01,552 [Listener at 127.0.0.1/35523] INFO  server.RaftServer$Division (RaftServerImpl.java:lambda$close$4(407)) - 31a275a1-7e4f-41f8-9eef-5428a3a9a47f@group-4F9C023E6286: shutdown
2021-07-28 21:21:01,552 [Listener at 127.0.0.1/35523] INFO  util.JmxRegister (JmxRegister.java:unregister(73)) - Successfully un-registered JMX Bean with object name Ratis:service=RaftServer,group=group-4F9C023E6286,id=31a275a1-7e4f-41f8-9eef-5428a3a9a47f
2021-07-28 21:21:01,552 [Listener at 127.0.0.1/35523] INFO  impl.RoleInfo (RoleInfo.java:shutdownFollowerState(108)) - 31a275a1-7e4f-41f8-9eef-5428a3a9a47f: shutdown 31a275a1-7e4f-41f8-9eef-5428a3a9a47f@group-4F9C023E6286-FollowerState
2021-07-28 21:21:01,553 [31a275a1-7e4f-41f8-9eef-5428a3a9a47f@group-4F9C023E6286-FollowerState] INFO  impl.FollowerState (FollowerState.java:run(143)) - 31a275a1-7e4f-41f8-9eef-5428a3a9a47f@group-4F9C023E6286-FollowerState was interrupted: {}
java.lang.InterruptedException: sleep interrupted
	at java.lang.Thread.sleep(Native Method)
	at java.lang.Thread.sleep(Thread.java:340)
	at java.util.concurrent.TimeUnit.sleep(TimeUnit.java:386)
	at org.apache.ratis.util.TimeDuration.sleep(TimeDuration.java:324)
	at org.apache.ratis.util.TimeDuration.sleep(TimeDuration.java:309)
	at org.apache.ratis.server.impl.FollowerState.run(FollowerState.java:118)
2021-07-28 21:21:01,554 [31a275a1-7e4f-41f8-9eef-5428a3a9a47f@group-4F9C023E6286-StateMachineUpdater] INFO  ratis.ContainerStateMachine (ContainerStateMachine.java:takeSnapshot(291)) - group-4F9C023E6286: Taking a snapshot at:(t:11, i:14) file /home/runner/work/ozone/ozone/mnt/ozone/hadoop-ozone/integration-test/target/test-dir/MiniOzoneClusterImpl-4602a15a-46b8-476b-8e6e-aec7ac1b4dac/datanode-0/data/ratis/fcf11422-afc2-4eea-9cef-4f9c023e6286/sm/snapshot.11_14
2021-07-28 21:21:01,556 [Listener at 127.0.0.1/35523] INFO  impl.StateMachineUpdater (StateMachineUpdater.java:stopAndJoin(149)) - 31a275a1-7e4f-41f8-9eef-5428a3a9a47f@group-4F9C023E6286-StateMachineUpdater: set stopIndex = 14
2021-07-28 21:21:01,569 [31a275a1-7e4f-41f8-9eef-5428a3a9a47f@group-4F9C023E6286-StateMachineUpdater] INFO  ratis.ContainerStateMachine (ContainerStateMachine.java:takeSnapshot(302)) - group-4F9C023E6286: Finished taking a snapshot at:(t:11, i:14) file:/home/runner/work/ozone/ozone/mnt/ozone/hadoop-ozone/integration-test/target/test-dir/MiniOzoneClusterImpl-4602a15a-46b8-476b-8e6e-aec7ac1b4dac/datanode-0/data/ratis/fcf11422-afc2-4eea-9cef-4f9c023e6286/sm/snapshot.11_14 took: 14 ms
2021-07-28 21:21:01,570 [31a275a1-7e4f-41f8-9eef-5428a3a9a47f@group-4F9C023E6286-StateMachineUpdater] INFO  impl.StateMachineUpdater (StateMachineUpdater.java:takeSnapshot(281)) - 31a275a1-7e4f-41f8-9eef-5428a3a9a47f@group-4F9C023E6286-StateMachineUpdater: Took a snapshot at index 14
2021-07-28 21:21:01,571 [31a275a1-7e4f-41f8-9eef-5428a3a9a47f@group-4F9C023E6286-StateMachineUpdater] INFO  impl.StateMachineUpdater (StateMachineUpdater.java:lambda$new$0(89)) - 31a275a1-7e4f-41f8-9eef-5428a3a9a47f@group-4F9C023E6286-StateMachineUpdater: snapshotIndex: updateIncreasingly -1 -> 14
2021-07-28 21:21:01,575 [Listener at 127.0.0.1/35523] INFO  server.RaftServer$Division (ServerState.java:close(419)) - 31a275a1-7e4f-41f8-9eef-5428a3a9a47f@group-4F9C023E6286: closes. applyIndex: 14
2021-07-28 21:21:01,576 [31a275a1-7e4f-41f8-9eef-5428a3a9a47f@group-4F9C023E6286-SegmentedRaftLogWorker] INFO  segmented.SegmentedRaftLogWorker (SegmentedRaftLogWorker.java:run(327)) - 31a275a1-7e4f-41f8-9eef-5428a3a9a47f@group-4F9C023E6286-SegmentedRaftLogWorker was interrupted, exiting. There are 0 tasks remaining in the queue.
2021-07-28 21:21:01,576 [Listener at 127.0.0.1/35523] INFO  segmented.SegmentedRaftLogWorker (SegmentedRaftLogWorker.java:close(237)) - 31a275a1-7e4f-41f8-9eef-5428a3a9a47f@group-4F9C023E6286-SegmentedRaftLogWorker close()
2021-07-28 21:21:01,577 [Listener at 127.0.0.1/35523] INFO  server.GrpcService (GrpcService.java:closeImpl(262)) - 31a275a1-7e4f-41f8-9eef-5428a3a9a47f: shutdown server with port 39893 now
2021-07-28 21:21:01,581 [SCMBlockDeletingService#0] DEBUG block.SCMBlockDeletingService (SCMBlockDeletingService.java:call(131)) - Running DeletedBlockTransactionScanner
2021-07-28 21:21:01,581 [grpc-default-executor-1] WARN  server.GrpcServerProtocolService (LogUtils.java:warn(122)) - 31a275a1-7e4f-41f8-9eef-5428a3a9a47f: installSnapshot onError, lastRequest: 9c0f3aab-f21e-4a40-b90a-e278bd611599->31a275a1-7e4f-41f8-9eef-5428a3a9a47f#283-t11,previous=(t:11, i:13),leaderCommit=13,initializing? true,entries: size=1, first=(t:11, i:14), METADATAENTRY(c:13): org.apache.ratis.thirdparty.io.grpc.StatusRuntimeException: CANCELLED: client cancelled
2021-07-28 21:21:01,584 [grpc-default-executor-0] WARN  server.GrpcLogAppender (LogUtils.java:warn(122)) - 9c0f3aab-f21e-4a40-b90a-e278bd611599@group-4F9C023E6286->31a275a1-7e4f-41f8-9eef-5428a3a9a47f-AppendLogResponseHandler: Failed appendEntries: org.apache.ratis.thirdparty.io.grpc.StatusRuntimeException: CANCELLED: HTTP/2 error code: CANCEL
Received Rst Stream
2021-07-28 21:21:01,586 [grpc-default-executor-0] INFO  leader.FollowerInfo (FollowerInfoImpl.java:lambda$new$0(46)) - 9c0f3aab-f21e-4a40-b90a-e278bd611599@group-4F9C023E6286->31a275a1-7e4f-41f8-9eef-5428a3a9a47f: nextIndex: updateUnconditionally 15 -> 14
2021-07-28 21:21:01,591 [Listener at 127.0.0.1/35523] INFO  server.GrpcService (GrpcService.java:closeImpl(271)) - 31a275a1-7e4f-41f8-9eef-5428a3a9a47f: shutdown server with port 39893 successfully
2021-07-28 21:21:01,591 [org.apache.ratis.util.JvmPauseMonitor$$Lambda$526/117902049@43f8bcd3] INFO  util.JvmPauseMonitor (JvmPauseMonitor.java:run(109)) - JvmPauseMonitor-31a275a1-7e4f-41f8-9eef-5428a3a9a47f: Stopped
2021-07-28 21:21:01,594 [Listener at 127.0.0.1/35523] INFO  utils.BackgroundService (BackgroundService.java:shutdown(132)) - Shutting down service BlockDeletingService
2021-07-28 21:21:01,595 [grpc-default-executor-0] WARN  server.GrpcLogAppender (LogUtils.java:warn(122)) - 9c0f3aab-f21e-4a40-b90a-e278bd611599@group-4F9C023E6286->31a275a1-7e4f-41f8-9eef-5428a3a9a47f-AppendLogResponseHandler: Failed appendEntries: org.apache.ratis.thirdparty.io.grpc.StatusRuntimeException: UNAVAILABLE: io exception
2021-07-28 21:21:01,596 [grpc-default-executor-0] INFO  leader.FollowerInfo (FollowerInfoImpl.java:lambda$new$0(46)) - 9c0f3aab-f21e-4a40-b90a-e278bd611599@group-4F9C023E6286->31a275a1-7e4f-41f8-9eef-5428a3a9a47f: nextIndex: updateUnconditionally 15 -> 14
2021-07-28 21:21:01,597 [Listener at 127.0.0.1/35523] INFO  statemachine.DatanodeStateMachine (DatanodeStateMachine.java:stopDaemon(514)) - Ozone container server stopped.
2021-07-28 21:21:01,600 [Listener at 127.0.0.1/35523] INFO  handler.ContextHandler (ContextHandler.java:doStop(1154)) - Stopped o.e.j.w.WebAppContext@785d194d{hddsDatanode,/,null,STOPPED}{jar:file:/home/runner/.m2/repository/org/apache/ozone/hdds-container-service/1.2.0-SNAPSHOT/hdds-container-service-1.2.0-SNAPSHOT.jar!/webapps/hddsDatanode}
2021-07-28 21:21:01,603 [Listener at 127.0.0.1/35523] INFO  server.AbstractConnector (AbstractConnector.java:doStop(381)) - Stopped ServerConnector@6587f977{HTTP/1.1, (http/1.1)}{0.0.0.0:0}
2021-07-28 21:21:01,603 [Listener at 127.0.0.1/35523] INFO  server.session (HouseKeeper.java:stopScavenging(149)) - node0 Stopped scavenging
2021-07-28 21:21:01,603 [Listener at 127.0.0.1/35523] INFO  handler.ContextHandler (ContextHandler.java:doStop(1154)) - Stopped o.e.j.s.ServletContextHandler@27688fc6{static,/static,jar:file:/home/runner/.m2/repository/org/apache/ozone/hdds-container-service/1.2.0-SNAPSHOT/hdds-container-service-1.2.0-SNAPSHOT.jar!/webapps/static,STOPPED}
2021-07-28 21:21:01,604 [Listener at 127.0.0.1/35523] INFO  handler.ContextHandler (ContextHandler.java:doStop(1154)) - Stopped o.e.j.s.ServletContextHandler@2de77ecf{logs,/logs,file:///home/runner/work/ozone/ozone/mnt/ozone/hadoop-ozone/integration-test/target/log,STOPPED}
2021-07-28 21:21:01,607 [Listener at 127.0.0.1/35523] INFO  container.ReplicationManager (ReplicationManager.java:sendDeleteCommand(1456)) - Sending delete container command for container #1 to datanode 684a6605-a0ea-4f4a-a756-567e88d15665{ip: 10.1.0.18, host: fv-az151-48.yf2hydr00wburbhx3j5hxtcipe.bx.internal.cloudapp.net, ports: [REPLICATION=43563, RATIS=41617, RATIS_ADMIN=41617, RATIS_SERVER=41617, STANDALONE=41527], networkLocation: /default-rack, certSerialId: null, persistedOpState: IN_SERVICE, persistedOpStateExpiryEpochSec: 0}
2021-07-28 21:21:01,608 [Listener at 127.0.0.1/35523] INFO  container.ReplicationManager (ReplicationManager.java:sendDeleteCommand(1456)) - Sending delete container command for container #1 to datanode 9c0f3aab-f21e-4a40-b90a-e278bd611599{ip: 10.1.0.18, host: fv-az151-48.yf2hydr00wburbhx3j5hxtcipe.bx.internal.cloudapp.net, ports: [REPLICATION=34339, RATIS=40769, RATIS_ADMIN=40769, RATIS_SERVER=40769, STANDALONE=39191], networkLocation: /default-rack, certSerialId: null, persistedOpState: IN_SERVICE, persistedOpStateExpiryEpochSec: 0}
2021-07-28 21:21:01,609 [Listener at 127.0.0.1/35523] INFO  container.ReplicationManager (ReplicationManager.java:sendDeleteCommand(1456)) - Sending delete container command for container #1 to datanode 31a275a1-7e4f-41f8-9eef-5428a3a9a47f{ip: 10.1.0.18, host: fv-az151-48.yf2hydr00wburbhx3j5hxtcipe.bx.internal.cloudapp.net, ports: [REPLICATION=44483, RATIS=39893, RATIS_ADMIN=39893, RATIS_SERVER=39893, STANDALONE=45995], networkLocation: /default-rack, certSerialId: null, persistedOpState: IN_SERVICE, persistedOpStateExpiryEpochSec: 0}
2021-07-28 21:21:01,609 [Listener at 127.0.0.1/35523] DEBUG container.ReplicationManager (ReplicationManager.java:deleteContainerReplicas(929)) - Deleting empty container replicas for ContainerInfo{id=1, state=DELETING, pipelineID=PipelineID=fcf11422-afc2-4eea-9cef-4f9c023e6286, stateEnterTime=2021-07-28T21:20:43.750Z, owner=om1},
2021-07-28 21:21:01,609 [Listener at 127.0.0.1/35523] INFO  container.ReplicationManager (ReplicationManager.java:processAll(341)) - Replication Monitor Thread took 3 milliseconds for processing 1 containers.
2021-07-28 21:21:01,611 [Listener at 127.0.0.1/35523] INFO  container.ReplicationManager (ReplicationManager.java:sendDeleteCommand(1456)) - Sending delete container command for container #1 to datanode 31a275a1-7e4f-41f8-9eef-5428a3a9a47f{ip: 10.1.0.18, host: fv-az151-48.yf2hydr00wburbhx3j5hxtcipe.bx.internal.cloudapp.net, ports: [REPLICATION=44483, RATIS=39893, RATIS_ADMIN=39893, RATIS_SERVER=39893, STANDALONE=45995], networkLocation: /default-rack, certSerialId: null, persistedOpState: IN_SERVICE, persistedOpStateExpiryEpochSec: 0}
2021-07-28 21:21:01,611 [Listener at 127.0.0.1/35523] DEBUG container.ReplicationManager (ReplicationManager.java:handleContainerUnderDelete(960)) - Resend delete Container command for ContainerInfo{id=1, state=DELETING, pipelineID=PipelineID=fcf11422-afc2-4eea-9cef-4f9c023e6286, stateEnterTime=2021-07-28T21:20:43.750Z, owner=om1}
2021-07-28 21:21:01,611 [Listener at 127.0.0.1/35523] INFO  container.ReplicationManager (ReplicationManager.java:processAll(341)) - Replication Monitor Thread took 1 milliseconds for processing 1 containers.
2021-07-28 21:21:01,613 [Listener at 127.0.0.1/35523] WARN  impl.MetricRegistriesImpl (MetricRegistriesImpl.java:addReporterRegistration(111)) - New reporters are added after registries were created. Some metrics will be missing from the reporter. Please add reporter before adding any new registry.
2021-07-28 21:21:01,614 [Listener at 127.0.0.1/35523] WARN  impl.MetricRegistriesImpl (MetricRegistriesImpl.java:addReporterRegistration(111)) - New reporters are added after registries were created. Some metrics will be missing from the reporter. Please add reporter before adding any new registry.
2021-07-28 21:21:01,614 [Listener at 127.0.0.1/35523] INFO  impl.MetricsSystemImpl (MetricsSystemImpl.java:init(158)) - HddsDatanode metrics system started (again)
2021-07-28 21:21:01,650 [Listener at 127.0.0.1/35523] INFO  ozone.HddsDatanodeService (HddsDatanodeService.java:start(234)) - HddsDatanodeService host:fv-az151-48.yf2hydr00wburbhx3j5hxtcipe.bx.internal.cloudapp.net ip:10.1.0.18
2021-07-28 21:21:01,662 [Listener at 127.0.0.1/35523] INFO  upgrade.AbstractLayoutVersionManager (AbstractLayoutVersionManager.java:init(70)) - Initializing Layout version manager with metadata layout = SCM_HA (version = 2), software layout = SCM_HA (version = 2)
2021-07-28 21:21:01,681 [SCMBlockDeletingService#0] DEBUG block.SCMBlockDeletingService (SCMBlockDeletingService.java:call(131)) - Running DeletedBlockTransactionScanner
2021-07-28 21:21:01,699 [Listener at 127.0.0.1/35523] INFO  reflections.Reflections (Reflections.java:scan(232)) - Reflections took 36 ms to scan 7 urls, producing 120 keys and 273 values 
2021-07-28 21:21:01,702 [Listener at 127.0.0.1/35523] INFO  volume.HddsVolume (HddsVolume.java:<init>(120)) - Creating HddsVolume: /home/runner/work/ozone/ozone/mnt/ozone/hadoop-ozone/integration-test/target/test-dir/MiniOzoneClusterImpl-4602a15a-46b8-476b-8e6e-aec7ac1b4dac/datanode-0/data-0/containers/hdds of storage type : DISK capacity : 9223372036854775807
2021-07-28 21:21:01,702 [Listener at 127.0.0.1/35523] INFO  volume.MutableVolumeSet (MutableVolumeSet.java:initializeVolumeSet(181)) - Added Volume : /home/runner/work/ozone/ozone/mnt/ozone/hadoop-ozone/integration-test/target/test-dir/MiniOzoneClusterImpl-4602a15a-46b8-476b-8e6e-aec7ac1b4dac/datanode-0/data-0/containers/hdds to VolumeSet
2021-07-28 21:21:01,703 [Listener at 127.0.0.1/35523] INFO  volume.ThrottledAsyncChecker (ThrottledAsyncChecker.java:schedule(141)) - Scheduling a check for /home/runner/work/ozone/ozone/mnt/ozone/hadoop-ozone/integration-test/target/test-dir/MiniOzoneClusterImpl-4602a15a-46b8-476b-8e6e-aec7ac1b4dac/datanode-0/data-0/containers/hdds
2021-07-28 21:21:01,708 [Listener at 127.0.0.1/35523] INFO  volume.StorageVolumeChecker (StorageVolumeChecker.java:checkAllVolumes(202)) - Scheduled health check for volume /home/runner/work/ozone/ozone/mnt/ozone/hadoop-ozone/integration-test/target/test-dir/MiniOzoneClusterImpl-4602a15a-46b8-476b-8e6e-aec7ac1b4dac/datanode-0/data-0/containers/hdds
2021-07-28 21:21:01,723 [Listener at 127.0.0.1/35523] INFO  volume.MutableVolumeSet (MutableVolumeSet.java:initializeVolumeSet(181)) - Added Volume : /home/runner/work/ozone/ozone/mnt/ozone/hadoop-ozone/integration-test/target/test-dir/MiniOzoneClusterImpl-4602a15a-46b8-476b-8e6e-aec7ac1b4dac/datanode-0/data/ratis to VolumeSet
2021-07-28 21:21:01,723 [Listener at 127.0.0.1/35523] INFO  volume.ThrottledAsyncChecker (ThrottledAsyncChecker.java:schedule(141)) - Scheduling a check for /home/runner/work/ozone/ozone/mnt/ozone/hadoop-ozone/integration-test/target/test-dir/MiniOzoneClusterImpl-4602a15a-46b8-476b-8e6e-aec7ac1b4dac/datanode-0/data/ratis
2021-07-28 21:21:01,723 [Listener at 127.0.0.1/35523] INFO  volume.StorageVolumeChecker (StorageVolumeChecker.java:checkAllVolumes(202)) - Scheduled health check for volume /home/runner/work/ozone/ozone/mnt/ozone/hadoop-ozone/integration-test/target/test-dir/MiniOzoneClusterImpl-4602a15a-46b8-476b-8e6e-aec7ac1b4dac/datanode-0/data/ratis
2021-07-28 21:21:01,735 [Listener at 127.0.0.1/35523] INFO  ozoneimpl.ContainerReader (ContainerReader.java:<init>(98)) - Running in upgrade mode:true
2021-07-28 21:21:01,736 [Thread-710] INFO  ozoneimpl.ContainerReader (ContainerReader.java:readVolume(142)) - Start to verify containers on volume /home/runner/work/ozone/ozone/mnt/ozone/hadoop-ozone/integration-test/target/test-dir/MiniOzoneClusterImpl-4602a15a-46b8-476b-8e6e-aec7ac1b4dac/datanode-0/data-0/containers/hdds
2021-07-28 21:21:01,766 [Thread-710] INFO  ozoneimpl.ContainerReader (ContainerReader.java:readVolume(174)) - Finish verifying containers on volume /home/runner/work/ozone/ozone/mnt/ozone/hadoop-ozone/integration-test/target/test-dir/MiniOzoneClusterImpl-4602a15a-46b8-476b-8e6e-aec7ac1b4dac/datanode-0/data-0/containers/hdds
2021-07-28 21:21:01,767 [Listener at 127.0.0.1/35523] INFO  ozoneimpl.OzoneContainer (OzoneContainer.java:buildContainerSet(237)) - Build ContainerSet costs 0s
2021-07-28 21:21:01,769 [Listener at 127.0.0.1/35523] INFO  server.RaftServer (ConfUtils.java:logGet(44)) - raft.rpc.type = GRPC (default)
2021-07-28 21:21:01,769 [Listener at 127.0.0.1/35523] INFO  grpc.GrpcFactory (GrpcFactory.java:checkPooledByteBufAllocatorUseCacheForAllThreads(48)) - PERFORMANCE WARNING: useCacheForAllThreads is true that may cause Netty to create a lot garbage objects and, as a result, trigger GC.
	It is recommended to disable useCacheForAllThreads by setting -Dorg.apache.ratis.thirdparty.io.netty.allocator.useCacheForAllThreads=false in command line.
2021-07-28 21:21:01,769 [Listener at 127.0.0.1/35523] INFO  grpc.GrpcConfigKeys (ConfUtils.java:logGet(44)) - raft.grpc.admin.port = 39893 (custom)
2021-07-28 21:21:01,770 [Listener at 127.0.0.1/35523] INFO  grpc.GrpcConfigKeys (ConfUtils.java:logGet(44)) - raft.grpc.client.port = 39893 (custom)
2021-07-28 21:21:01,770 [Listener at 127.0.0.1/35523] INFO  grpc.GrpcConfigKeys (ConfUtils.java:logGet(44)) - raft.grpc.server.port = 39893 (custom)
2021-07-28 21:21:01,770 [Listener at 127.0.0.1/35523] INFO  server.GrpcService (ConfUtils.java:logGet(44)) - raft.grpc.message.size.max = 32MB (=33554432) (custom)
2021-07-28 21:21:01,770 [Listener at 127.0.0.1/35523] INFO  server.RaftServerConfigKeys (ConfUtils.java:logGet(44)) - raft.server.log.appender.buffer.byte-limit = 33554432 (custom)
2021-07-28 21:21:01,771 [Listener at 127.0.0.1/35523] INFO  server.GrpcService (ConfUtils.java:logGet(44)) - raft.grpc.flow.control.window = 5MB (=5242880) (custom)
2021-07-28 21:21:01,771 [Listener at 127.0.0.1/35523] INFO  server.RaftServerConfigKeys (ConfUtils.java:logGet(44)) - raft.server.rpc.request.timeout = 60s (custom)
2021-07-28 21:21:01,772 [Listener at 127.0.0.1/35523] INFO  impl.DataStreamServerImpl (ConfUtils.java:logGet(44)) - raft.datastream.type = DISABLED (default)
2021-07-28 21:21:01,772 [Listener at 127.0.0.1/35523] INFO  server.RaftServerConfigKeys (ConfUtils.java:logGet(44)) - raft.server.rpc.slowness.timeout = 300s (custom)
2021-07-28 21:21:01,772 [Listener at 127.0.0.1/35523] INFO  server.RaftServerConfigKeys (ConfUtils.java:logGet(44)) - raft.server.leaderelection.leader.step-down.wait-time = 10s (default)
2021-07-28 21:21:01,772 [Listener at 127.0.0.1/35523] INFO  server.RaftServerConfigKeys (ConfUtils.java:logGet(44)) - raft.server.storage.dir = [/home/runner/work/ozone/ozone/mnt/ozone/hadoop-ozone/integration-test/target/test-dir/MiniOzoneClusterImpl-4602a15a-46b8-476b-8e6e-aec7ac1b4dac/datanode-0/data/ratis] (custom)
2021-07-28 21:21:01,772 [Listener at 127.0.0.1/35523] INFO  server.RaftServer (RaftServerProxy.java:lambda$null$1(235)) - 31a275a1-7e4f-41f8-9eef-5428a3a9a47f: found a subdirectory /home/runner/work/ozone/ozone/mnt/ozone/hadoop-ozone/integration-test/target/test-dir/MiniOzoneClusterImpl-4602a15a-46b8-476b-8e6e-aec7ac1b4dac/datanode-0/data/ratis/fcf11422-afc2-4eea-9cef-4f9c023e6286
2021-07-28 21:21:01,773 [Listener at 127.0.0.1/35523] INFO  server.RaftServer (RaftServerProxy.java:addNew(95)) - 31a275a1-7e4f-41f8-9eef-5428a3a9a47f: addNew group-4F9C023E6286:[] returns group-4F9C023E6286:java.util.concurrent.CompletableFuture@296c2483[Not completed]
2021-07-28 21:21:01,776 [Listener at 127.0.0.1/35523] INFO  http.BaseHttpServer (BaseHttpServer.java:newHttpServer2BuilderForOzone(209)) - Starting Web-server for hddsDatanode at: http://0.0.0.0:33899
2021-07-28 21:21:01,776 [Listener at 127.0.0.1/35523] INFO  http.BaseHttpServer (BaseHttpServer.java:<init>(107)) - Hadoop Security Enabled: false Ozone Security Enabled: false Ozone HTTP Security Enabled: false 
2021-07-28 21:21:01,777 [Listener at 127.0.0.1/35523] INFO  server.AuthenticationFilter (AuthenticationFilter.java:constructSecretProvider(240)) - Unable to initialize FileSignerSecretProvider, falling back to use random secrets.
2021-07-28 21:21:01,777 [Listener at 127.0.0.1/35523] WARN  http.HttpRequestLog (HttpRequestLog.java:getRequestLog(103)) - Jetty request log can only be enabled using Log4j
2021-07-28 21:21:01,778 [Listener at 127.0.0.1/35523] INFO  http.HttpServer2 (HttpServer2.java:addGlobalFilter(1020)) - Added global filter 'safety' (class=org.apache.hadoop.hdds.server.http.HttpServer2$QuotingInputFilter)
2021-07-28 21:21:01,779 [Listener at 127.0.0.1/35523] INFO  http.HttpServer2 (HttpServer2.java:addFilter(996)) - Added filter static_user_filter (class=org.apache.hadoop.http.lib.StaticUserWebFilter$StaticUserFilter) to context hddsDatanode
2021-07-28 21:21:01,779 [Listener at 127.0.0.1/35523] INFO  http.HttpServer2 (HttpServer2.java:addFilter(1004)) - Added filter static_user_filter (class=org.apache.hadoop.http.lib.StaticUserWebFilter$StaticUserFilter) to context static
2021-07-28 21:21:01,779 [Listener at 127.0.0.1/35523] INFO  http.HttpServer2 (HttpServer2.java:addFilter(1004)) - Added filter static_user_filter (class=org.apache.hadoop.http.lib.StaticUserWebFilter$StaticUserFilter) to context logs
2021-07-28 21:21:01,779 [pool-128-thread-1] INFO  server.RaftServer$Division (RaftServerImpl.java:<init>(181)) - 31a275a1-7e4f-41f8-9eef-5428a3a9a47f: new RaftServerImpl for group-4F9C023E6286:[] with ContainerStateMachine:uninitialized
2021-07-28 21:21:01,779 [Listener at 127.0.0.1/35523] INFO  http.HttpServer2 (HttpServer2.java:bindListener(1239)) - Jetty bound to port 33899
2021-07-28 21:21:01,780 [Listener at 127.0.0.1/35523] INFO  server.Server (Server.java:doStart(375)) - jetty-9.4.35.v20201120; built: 2020-11-20T21:17:03.964Z; git: bdc54f03a5e0a7e280fab27f55c3c75ee8da89fb; jvm 1.8.0_292-b10
2021-07-28 21:21:01,781 [pool-128-thread-1] INFO  server.RaftServerConfigKeys (ConfUtils.java:logGet(44)) - raft.server.rpc.timeout.min = 5s (custom)
2021-07-28 21:21:01,781 [pool-128-thread-1] INFO  server.RaftServerConfigKeys (ConfUtils.java:logGet(44)) - raft.server.rpc.timeout.max = 5200ms (custom)
2021-07-28 21:21:01,781 [pool-128-thread-1] INFO  server.RaftServerConfigKeys (ConfUtils.java:logGet(44)) - raft.server.rpc.sleep.time = 25ms (default)
2021-07-28 21:21:01,781 [pool-128-thread-1] INFO  server.RaftServerConfigKeys (ConfUtils.java:logGet(44)) - raft.server.rpc.slowness.timeout = 300s (custom)
2021-07-28 21:21:01,781 [pool-128-thread-1] INFO  server.RaftServerConfigKeys (ConfUtils.java:logGet(44)) - raft.server.leaderelection.leader.step-down.wait-time = 10s (default)
2021-07-28 21:21:01,781 [pool-128-thread-1] INFO  server.RaftServerConfigKeys (ConfUtils.java:logGet(44)) - raft.server.sleep.deviation.threshold = 300ms (default)
2021-07-28 21:21:01,781 [SCMBlockDeletingService#0] DEBUG block.SCMBlockDeletingService (SCMBlockDeletingService.java:call(131)) - Running DeletedBlockTransactionScanner
2021-07-28 21:21:01,783 [pool-128-thread-1] INFO  server.RaftServerConfigKeys (ConfUtils.java:logGet(44)) - raft.server.log.appender.install.snapshot.enabled = false (custom)
2021-07-28 21:21:01,783 [pool-128-thread-1] INFO  server.RaftServer$Division (ServerState.java:<init>(105)) - 31a275a1-7e4f-41f8-9eef-5428a3a9a47f@group-4F9C023E6286: ConfigurationManager, init=-1: [], old=null, confs=<EMPTY_MAP>
2021-07-28 21:21:01,784 [pool-128-thread-1] INFO  server.RaftServerConfigKeys (ConfUtils.java:logGet(44)) - raft.server.storage.dir = [/home/runner/work/ozone/ozone/mnt/ozone/hadoop-ozone/integration-test/target/test-dir/MiniOzoneClusterImpl-4602a15a-46b8-476b-8e6e-aec7ac1b4dac/datanode-0/data/ratis] (custom)
2021-07-28 21:21:01,784 [pool-128-thread-1] INFO  server.RaftServerConfigKeys (ConfUtils.java:logGet(44)) - raft.server.log.corruption.policy = EXCEPTION (default)
2021-07-28 21:21:01,784 [pool-128-thread-1] INFO  server.RaftServerConfigKeys (ConfUtils.java:logGet(44)) - raft.server.storage.free-space.min = 0MB (=0) (default)
2021-07-28 21:21:01,784 [pool-128-thread-1] INFO  storage.RaftStorageDirectory (RaftStorageDirectoryImpl.java:tryLock(230)) - Lock on /home/runner/work/ozone/ozone/mnt/ozone/hadoop-ozone/integration-test/target/test-dir/MiniOzoneClusterImpl-4602a15a-46b8-476b-8e6e-aec7ac1b4dac/datanode-0/data/ratis/fcf11422-afc2-4eea-9cef-4f9c023e6286/in_use.lock acquired by nodename 31090@fv-az151-48
2021-07-28 21:21:01,785 [pool-128-thread-1] INFO  storage.RaftStorage (RaftStorageImpl.java:analyzeAndRecoverStorage(110)) - Read RaftStorageMetadata{term=11, votedFor=9c0f3aab-f21e-4a40-b90a-e278bd611599} from /home/runner/work/ozone/ozone/mnt/ozone/hadoop-ozone/integration-test/target/test-dir/MiniOzoneClusterImpl-4602a15a-46b8-476b-8e6e-aec7ac1b4dac/datanode-0/data/ratis/fcf11422-afc2-4eea-9cef-4f9c023e6286/current/raft-meta
2021-07-28 21:21:01,789 [Listener at 127.0.0.1/35523] INFO  server.session (DefaultSessionIdManager.java:doStart(334)) - DefaultSessionIdManager workerName=node0
2021-07-28 21:21:01,789 [Listener at 127.0.0.1/35523] INFO  server.session (DefaultSessionIdManager.java:doStart(339)) - No SessionScavenger set, using defaults
2021-07-28 21:21:01,789 [Listener at 127.0.0.1/35523] INFO  server.session (HouseKeeper.java:startScavenging(132)) - node0 Scavenging every 600000ms
2021-07-28 21:21:01,797 [pool-128-thread-1] INFO  ratis.ContainerStateMachine (ContainerStateMachine.java:loadSnapshot(232)) - group-4F9C023E6286: Setting the last applied index to (t:11, i:14)
2021-07-28 21:21:01,797 [Listener at 127.0.0.1/35523] INFO  handler.ContextHandler (ContextHandler.java:doStart(916)) - Started o.e.j.s.ServletContextHandler@6674f28a{logs,/logs,file:///home/runner/work/ozone/ozone/mnt/ozone/hadoop-ozone/integration-test/target/log,AVAILABLE}
2021-07-28 21:21:01,798 [Listener at 127.0.0.1/35523] INFO  handler.ContextHandler (ContextHandler.java:doStart(916)) - Started o.e.j.s.ServletContextHandler@29f71567{static,/static,jar:file:/home/runner/.m2/repository/org/apache/ozone/hdds-container-service/1.2.0-SNAPSHOT/hdds-container-service-1.2.0-SNAPSHOT.jar!/webapps/static,AVAILABLE}
2021-07-28 21:21:01,800 [pool-128-thread-1] INFO  server.RaftServer$Division (ServerState.java:setRaftConf(387)) - 31a275a1-7e4f-41f8-9eef-5428a3a9a47f@group-4F9C023E6286: set configuration 0: [31a275a1-7e4f-41f8-9eef-5428a3a9a47f|rpc:10.1.0.18:39893|dataStream:|priority:0, 9c0f3aab-f21e-4a40-b90a-e278bd611599|rpc:10.1.0.18:40769|dataStream:|priority:1, 684a6605-a0ea-4f4a-a756-567e88d15665|rpc:10.1.0.18:41617|dataStream:|priority:0], old=null
2021-07-28 21:21:01,800 [pool-128-thread-1] INFO  server.RaftServerConfigKeys (ConfUtils.java:logGet(44)) - raft.server.notification.no-leader.timeout = 300s (custom)
2021-07-28 21:21:01,800 [pool-128-thread-1] INFO  server.RaftServerConfigKeys (ConfUtils.java:logGet(44)) - raft.server.log.use.memory = false (default)
2021-07-28 21:21:01,800 [pool-128-thread-1] INFO  server.RaftServerConfigKeys (ConfUtils.java:logGet(44)) - raft.server.log.purge.gap = 1000000 (custom)
2021-07-28 21:21:01,800 [pool-128-thread-1] INFO  server.RaftServerConfigKeys (ConfUtils.java:logGet(44)) - raft.server.log.appender.buffer.byte-limit = 33554432 (custom)
2021-07-28 21:21:01,800 [pool-128-thread-1] INFO  server.RaftServerConfigKeys (ConfUtils.java:logGet(44)) - raft.server.log.segment.size.max = 1048576 (custom)
2021-07-28 21:21:01,801 [pool-128-thread-1] INFO  server.RaftServerConfigKeys (ConfUtils.java:logGet(44)) - raft.server.log.segment.cache.num.max = 2 (custom)
2021-07-28 21:21:01,801 [pool-128-thread-1] INFO  server.RaftServerConfigKeys (ConfUtils.java:logGet(44)) - raft.server.log.segment.cache.size.max = 200MB (=209715200) (default)
2021-07-28 21:21:01,801 [pool-128-thread-1] INFO  segmented.SegmentedRaftLogWorker (SegmentedRaftLogWorker.java:<init>(182)) - new 31a275a1-7e4f-41f8-9eef-5428a3a9a47f@group-4F9C023E6286-SegmentedRaftLogWorker for RaftStorageImpl:Storage Directory /home/runner/work/ozone/ozone/mnt/ozone/hadoop-ozone/integration-test/target/test-dir/MiniOzoneClusterImpl-4602a15a-46b8-476b-8e6e-aec7ac1b4dac/datanode-0/data/ratis/fcf11422-afc2-4eea-9cef-4f9c023e6286
2021-07-28 21:21:01,801 [pool-128-thread-1] INFO  server.RaftServerConfigKeys (ConfUtils.java:logGet(44)) - raft.server.log.queue.byte-limit = 2147483647 (custom)
2021-07-28 21:21:01,801 [pool-128-thread-1] INFO  server.RaftServerConfigKeys (ConfUtils.java:logGet(44)) - raft.server.log.queue.element-limit = 1024 (custom)
2021-07-28 21:21:01,801 [pool-128-thread-1] INFO  server.RaftServerConfigKeys (ConfUtils.java:logGet(44)) - raft.server.log.segment.size.max = 1048576 (custom)
2021-07-28 21:21:01,801 [pool-128-thread-1] INFO  server.RaftServerConfigKeys (ConfUtils.java:logGet(44)) - raft.server.log.preallocated.size = 16384 (custom)
2021-07-28 21:21:01,801 [pool-128-thread-1] INFO  server.RaftServerConfigKeys (ConfUtils.java:logGet(44)) - raft.server.log.force.sync.num = 128 (default)
2021-07-28 21:21:01,801 [pool-128-thread-1] INFO  server.RaftServerConfigKeys (ConfUtils.java:logGet(44)) - raft.server.log.statemachine.data.sync = true (default)
2021-07-28 21:21:01,801 [pool-128-thread-1] INFO  server.RaftServerConfigKeys (ConfUtils.java:logGet(44)) - raft.server.log.statemachine.data.sync.timeout = 10s (default)
2021-07-28 21:21:01,801 [pool-128-thread-1] INFO  server.RaftServerConfigKeys (ConfUtils.java:logGet(44)) - raft.server.log.statemachine.data.sync.timeout.retry = -1 (default)
2021-07-28 21:21:01,802 [pool-128-thread-1] INFO  server.RaftServerConfigKeys (ConfUtils.java:logGet(44)) - raft.server.log.write.buffer.size = 1048576 (custom)
2021-07-28 21:21:01,803 [pool-128-thread-1] INFO  server.RaftServerConfigKeys (ConfUtils.java:logGet(44)) - raft.server.log.statemachine.data.caching.enabled = true (custom)
2021-07-28 21:21:01,807 [pool-128-thread-1] INFO  server.RaftServer$Division (ServerState.java:setRaftConf(387)) - 31a275a1-7e4f-41f8-9eef-5428a3a9a47f@group-4F9C023E6286: set configuration 0: [31a275a1-7e4f-41f8-9eef-5428a3a9a47f|rpc:10.1.0.18:39893|dataStream:|priority:0, 9c0f3aab-f21e-4a40-b90a-e278bd611599|rpc:10.1.0.18:40769|dataStream:|priority:1, 684a6605-a0ea-4f4a-a756-567e88d15665|rpc:10.1.0.18:41617|dataStream:|priority:0], old=null
2021-07-28 21:21:01,813 [pool-128-thread-1] INFO  segmented.LogSegment (LogSegment.java:loadSegment(173)) - Successfully read 15 entries from segment file /home/runner/work/ozone/ozone/mnt/ozone/hadoop-ozone/integration-test/target/test-dir/MiniOzoneClusterImpl-4602a15a-46b8-476b-8e6e-aec7ac1b4dac/datanode-0/data/ratis/fcf11422-afc2-4eea-9cef-4f9c023e6286/current/log_inprogress_0
2021-07-28 21:21:01,814 [pool-128-thread-1] INFO  segmented.SegmentedRaftLogWorker (SegmentedRaftLogWorker.java:lambda$new$0(133)) - 31a275a1-7e4f-41f8-9eef-5428a3a9a47f@group-4F9C023E6286-SegmentedRaftLogWorker: flushIndex: setUnconditionally 0 -> 14
2021-07-28 21:21:01,815 [pool-128-thread-1] INFO  segmented.SegmentedRaftLogWorker (SegmentedRaftLogWorker.java:lambda$new$0(133)) - 31a275a1-7e4f-41f8-9eef-5428a3a9a47f@group-4F9C023E6286-SegmentedRaftLogWorker: safeCacheEvictIndex: setUnconditionally 0 -> -1
2021-07-28 21:21:01,819 [pool-128-thread-1] INFO  raftlog.RaftLog (RaftLogBase.java:lambda$new$0(53)) - 31a275a1-7e4f-41f8-9eef-5428a3a9a47f@group-4F9C023E6286-SegmentedRaftLog: commitIndex: updateToMax old=14, new=13, updated? false
2021-07-28 21:21:01,819 [pool-128-thread-1] INFO  server.RaftServerConfigKeys (ConfUtils.java:logGet(44)) - raft.server.snapshot.auto.trigger.enabled = true (custom)
2021-07-28 21:21:01,819 [pool-128-thread-1] INFO  server.RaftServerConfigKeys (ConfUtils.java:logGet(44)) - raft.server.snapshot.auto.trigger.threshold = 10000 (custom)
2021-07-28 21:21:01,819 [pool-128-thread-1] INFO  server.RaftServerConfigKeys (ConfUtils.java:logGet(44)) - raft.server.snapshot.retention.file.num = 5 (custom)
2021-07-28 21:21:01,819 [pool-128-thread-1] INFO  server.RaftServerConfigKeys (ConfUtils.java:logGet(44)) - raft.server.log.purge.upto.snapshot.index = false (default)
2021-07-28 21:21:01,819 [pool-128-thread-1] INFO  server.RaftServerConfigKeys (ConfUtils.java:logGet(44)) - raft.server.retrycache.expirytime = 600000ms (custom)
2021-07-28 21:21:01,819 [pool-128-thread-1] INFO  server.RaftServerConfigKeys (ConfUtils.java:logGet(44)) - raft.server.retrycache.statistics.expirytime = 100μs (default)
2021-07-28 21:21:01,848 [Listener at 127.0.0.1/35523] INFO  handler.ContextHandler (ContextHandler.java:doStart(916)) - Started o.e.j.w.WebAppContext@62d9d684{hddsDatanode,/,file:///tmp/jetty-0_0_0_0-33899-hdds-container-service-1_2_0-SNAPSHOT_jar-_-any-1373323884846327765/webapp/,AVAILABLE}{jar:file:/home/runner/.m2/repository/org/apache/ozone/hdds-container-service/1.2.0-SNAPSHOT/hdds-container-service-1.2.0-SNAPSHOT.jar!/webapps/hddsDatanode}
2021-07-28 21:21:01,849 [Listener at 127.0.0.1/35523] INFO  server.AbstractConnector (AbstractConnector.java:doStart(331)) - Started ServerConnector@4d2a9d6{HTTP/1.1, (http/1.1)}{0.0.0.0:33899}
2021-07-28 21:21:01,849 [Listener at 127.0.0.1/35523] INFO  server.Server (Server.java:doStart(415)) - Started @88559ms
2021-07-28 21:21:01,849 [Listener at 127.0.0.1/35523] WARN  impl.MetricsSystemImpl (MetricsSystemImpl.java:register(279)) - Sink prometheus already exists!
2021-07-28 21:21:01,850 [Listener at 127.0.0.1/35523] INFO  http.BaseHttpServer (BaseHttpServer.java:updateConnectorAddress(329)) - HTTP server of hddsDatanode listening at http://0.0.0.0:33899
2021-07-28 21:21:01,852 [Listener at 127.0.0.1/35523] INFO  ozone.MiniOzoneClusterImpl (MiniOzoneClusterImpl.java:lambda$waitForClusterToBeReady$0(235)) - Waiting for nodes to be ready. Got 2 of 3 DN Heartbeats.
2021-07-28 21:21:01,852 [Listener at 127.0.0.1/35523] INFO  ozone.MiniOzoneClusterImpl (MiniOzoneClusterImpl.java:lambda$waitForClusterToBeReady$0(238)) - Cluster exits safe mode
2021-07-28 21:21:01,852 [Listener at 127.0.0.1/35523] INFO  ozone.MiniOzoneClusterImpl (MiniOzoneClusterImpl.java:lambda$waitForClusterToBeReady$0(240)) - SCM became leader
2021-07-28 21:21:01,863 [org.apache.hadoop.util.JvmPauseMonitor$Monitor@49b8048a] INFO  util.JvmPauseMonitor (JvmPauseMonitor.java:run(188)) - Starting JVM pause monitor
2021-07-28 21:21:01,881 [SCMBlockDeletingService#0] DEBUG block.SCMBlockDeletingService (SCMBlockDeletingService.java:call(131)) - Running DeletedBlockTransactionScanner
2021-07-28 21:21:01,981 [SCMBlockDeletingService#0] DEBUG block.SCMBlockDeletingService (SCMBlockDeletingService.java:call(131)) - Running DeletedBlockTransactionScanner
2021-07-28 21:21:02,082 [SCMBlockDeletingService#0] DEBUG block.SCMBlockDeletingService (SCMBlockDeletingService.java:call(131)) - Running DeletedBlockTransactionScanner
2021-07-28 21:21:02,182 [SCMBlockDeletingService#0] DEBUG block.SCMBlockDeletingService (SCMBlockDeletingService.java:call(131)) - Running DeletedBlockTransactionScanner
2021-07-28 21:21:02,282 [SCMBlockDeletingService#0] DEBUG block.SCMBlockDeletingService (SCMBlockDeletingService.java:call(131)) - Running DeletedBlockTransactionScanner
2021-07-28 21:21:02,382 [SCMBlockDeletingService#0] DEBUG block.SCMBlockDeletingService (SCMBlockDeletingService.java:call(131)) - Running DeletedBlockTransactionScanner
2021-07-28 21:21:02,482 [SCMBlockDeletingService#0] DEBUG block.SCMBlockDeletingService (SCMBlockDeletingService.java:call(131)) - Running DeletedBlockTransactionScanner
2021-07-28 21:21:02,582 [SCMBlockDeletingService#0] DEBUG block.SCMBlockDeletingService (SCMBlockDeletingService.java:call(131)) - Running DeletedBlockTransactionScanner
2021-07-28 21:21:02,682 [SCMBlockDeletingService#0] DEBUG block.SCMBlockDeletingService (SCMBlockDeletingService.java:call(131)) - Running DeletedBlockTransactionScanner
2021-07-28 21:21:02,783 [SCMBlockDeletingService#0] DEBUG block.SCMBlockDeletingService (SCMBlockDeletingService.java:call(131)) - Running DeletedBlockTransactionScanner
2021-07-28 21:21:02,852 [Listener at 127.0.0.1/35523] INFO  ozone.MiniOzoneClusterImpl (MiniOzoneClusterImpl.java:lambda$waitForClusterToBeReady$0(235)) - Waiting for nodes to be ready. Got 2 of 3 DN Heartbeats.
2021-07-28 21:21:02,853 [Listener at 127.0.0.1/35523] INFO  ozone.MiniOzoneClusterImpl (MiniOzoneClusterImpl.java:lambda$waitForClusterToBeReady$0(238)) - Cluster exits safe mode
2021-07-28 21:21:02,853 [Listener at 127.0.0.1/35523] INFO  ozone.MiniOzoneClusterImpl (MiniOzoneClusterImpl.java:lambda$waitForClusterToBeReady$0(240)) - SCM became leader
2021-07-28 21:21:02,883 [SCMBlockDeletingService#0] DEBUG block.SCMBlockDeletingService (SCMBlockDeletingService.java:call(131)) - Running DeletedBlockTransactionScanner
2021-07-28 21:21:02,983 [SCMBlockDeletingService#0] DEBUG block.SCMBlockDeletingService (SCMBlockDeletingService.java:call(131)) - Running DeletedBlockTransactionScanner
2021-07-28 21:21:03,083 [SCMBlockDeletingService#0] DEBUG block.SCMBlockDeletingService (SCMBlockDeletingService.java:call(131)) - Running DeletedBlockTransactionScanner
2021-07-28 21:21:03,183 [SCMBlockDeletingService#0] DEBUG block.SCMBlockDeletingService (SCMBlockDeletingService.java:call(131)) - Running DeletedBlockTransactionScanner
2021-07-28 21:21:03,284 [SCMBlockDeletingService#0] DEBUG block.SCMBlockDeletingService (SCMBlockDeletingService.java:call(131)) - Running DeletedBlockTransactionScanner
2021-07-28 21:21:03,384 [SCMBlockDeletingService#0] DEBUG block.SCMBlockDeletingService (SCMBlockDeletingService.java:call(131)) - Running DeletedBlockTransactionScanner
2021-07-28 21:21:03,484 [SCMBlockDeletingService#0] DEBUG block.SCMBlockDeletingService (SCMBlockDeletingService.java:call(131)) - Running DeletedBlockTransactionScanner
2021-07-28 21:21:03,584 [SCMBlockDeletingService#0] DEBUG block.SCMBlockDeletingService (SCMBlockDeletingService.java:call(131)) - Running DeletedBlockTransactionScanner
2021-07-28 21:21:03,684 [SCMBlockDeletingService#0] DEBUG block.SCMBlockDeletingService (SCMBlockDeletingService.java:call(131)) - Running DeletedBlockTransactionScanner
2021-07-28 21:21:03,784 [SCMBlockDeletingService#0] DEBUG block.SCMBlockDeletingService (SCMBlockDeletingService.java:call(131)) - Running DeletedBlockTransactionScanner
2021-07-28 21:21:03,853 [Listener at 127.0.0.1/35523] INFO  ozone.MiniOzoneClusterImpl (MiniOzoneClusterImpl.java:lambda$waitForClusterToBeReady$0(235)) - Waiting for nodes to be ready. Got 2 of 3 DN Heartbeats.
2021-07-28 21:21:03,853 [Listener at 127.0.0.1/35523] INFO  ozone.MiniOzoneClusterImpl (MiniOzoneClusterImpl.java:lambda$waitForClusterToBeReady$0(238)) - Cluster exits safe mode
2021-07-28 21:21:03,853 [Listener at 127.0.0.1/35523] INFO  ozone.MiniOzoneClusterImpl (MiniOzoneClusterImpl.java:lambda$waitForClusterToBeReady$0(240)) - SCM became leader
2021-07-28 21:21:03,865 [EndpointStateMachine task thread for /0.0.0.0:37617 - 0 ] INFO  ozoneimpl.OzoneContainer (OzoneContainer.java:start(305)) - Attempting to start container services.
2021-07-28 21:21:03,866 [EndpointStateMachine task thread for /0.0.0.0:37617 - 0 ] INFO  ozoneimpl.OzoneContainer (OzoneContainer.java:startContainerScrub(250)) - Background container scanner has been disabled.
2021-07-28 21:21:03,867 [EndpointStateMachine task thread for /0.0.0.0:37617 - 0 ] INFO  replication.ReplicationServer (ReplicationServer.java:start(106)) - ReplicationServer is started using port 37533
2021-07-28 21:21:03,867 [EndpointStateMachine task thread for /0.0.0.0:37617 - 0 ] INFO  ratis.XceiverServerRatis (XceiverServerRatis.java:start(478)) - Starting XceiverServerRatis 31a275a1-7e4f-41f8-9eef-5428a3a9a47f
2021-07-28 21:21:03,870 [EndpointStateMachine task thread for /0.0.0.0:37617 - 0 ] INFO  server.RaftServer$Division (RaftServerImpl.java:start(296)) - 31a275a1-7e4f-41f8-9eef-5428a3a9a47f@group-4F9C023E6286: start as a follower, conf=0: [31a275a1-7e4f-41f8-9eef-5428a3a9a47f|rpc:10.1.0.18:39893|dataStream:|priority:0, 9c0f3aab-f21e-4a40-b90a-e278bd611599|rpc:10.1.0.18:40769|dataStream:|priority:1, 684a6605-a0ea-4f4a-a756-567e88d15665|rpc:10.1.0.18:41617|dataStream:|priority:0], old=null
2021-07-28 21:21:03,870 [EndpointStateMachine task thread for /0.0.0.0:37617 - 0 ] INFO  server.RaftServer$Division (RaftServerImpl.java:setRole(285)) - 31a275a1-7e4f-41f8-9eef-5428a3a9a47f@group-4F9C023E6286: changes role from      null to FOLLOWER at term 11 for startAsFollower
2021-07-28 21:21:03,870 [EndpointStateMachine task thread for /0.0.0.0:37617 - 0 ] INFO  impl.RoleInfo (RoleInfo.java:updateAndGet(130)) - 31a275a1-7e4f-41f8-9eef-5428a3a9a47f: start 31a275a1-7e4f-41f8-9eef-5428a3a9a47f@group-4F9C023E6286-FollowerState
2021-07-28 21:21:03,871 [EndpointStateMachine task thread for /0.0.0.0:37617 - 0 ] INFO  util.JmxRegister (JmxRegister.java:tryRegister(44)) - Successfully registered JMX Bean with object name Ratis:service=RaftServer,group=group-4F9C023E6286,id=31a275a1-7e4f-41f8-9eef-5428a3a9a47f
2021-07-28 21:21:03,873 [EndpointStateMachine task thread for /0.0.0.0:37617 - 0 ] INFO  server.RaftServer (RaftServerProxy.java:lambda$start$5(374)) - 31a275a1-7e4f-41f8-9eef-5428a3a9a47f: start RPC server
2021-07-28 21:21:03,880 [EndpointStateMachine task thread for /0.0.0.0:37617 - 0 ] INFO  server.GrpcService (GrpcService.java:startImpl(253)) - 31a275a1-7e4f-41f8-9eef-5428a3a9a47f: GrpcService started, listening on 39893
2021-07-28 21:21:03,880 [EndpointStateMachine task thread for /0.0.0.0:37617 - 0 ] INFO  ratis.XceiverServerRatis (XceiverServerRatis.java:getRealPort(499)) - XceiverServerRatis 31a275a1-7e4f-41f8-9eef-5428a3a9a47f is started using port 39893 for RATIS
2021-07-28 21:21:03,880 [EndpointStateMachine task thread for /0.0.0.0:37617 - 0 ] INFO  ratis.XceiverServerRatis (XceiverServerRatis.java:getRealPort(499)) - XceiverServerRatis 31a275a1-7e4f-41f8-9eef-5428a3a9a47f is started using port 39893 for RATIS_ADMIN
2021-07-28 21:21:03,881 [EndpointStateMachine task thread for /0.0.0.0:37617 - 0 ] INFO  ratis.XceiverServerRatis (XceiverServerRatis.java:getRealPort(499)) - XceiverServerRatis 31a275a1-7e4f-41f8-9eef-5428a3a9a47f is started using port 39893 for RATIS_SERVER
2021-07-28 21:21:03,881 [org.apache.ratis.util.JvmPauseMonitor$$Lambda$526/117902049@1b1a27b5] INFO  util.JvmPauseMonitor (JvmPauseMonitor.java:run(103)) - JvmPauseMonitor-31a275a1-7e4f-41f8-9eef-5428a3a9a47f: Started
2021-07-28 21:21:03,885 [SCMBlockDeletingService#0] DEBUG block.SCMBlockDeletingService (SCMBlockDeletingService.java:call(131)) - Running DeletedBlockTransactionScanner
2021-07-28 21:21:03,985 [SCMBlockDeletingService#0] DEBUG block.SCMBlockDeletingService (SCMBlockDeletingService.java:call(131)) - Running DeletedBlockTransactionScanner
2021-07-28 21:21:04,085 [SCMBlockDeletingService#0] DEBUG block.SCMBlockDeletingService (SCMBlockDeletingService.java:call(131)) - Running DeletedBlockTransactionScanner
2021-07-28 21:21:04,091 [grpc-default-executor-0] INFO  ratis.XceiverServerRatis (XceiverServerRatis.java:handleLeaderChangedNotification(857)) - Leader change notification received for group: group-4F9C023E6286 with new leaderId: 9c0f3aab-f21e-4a40-b90a-e278bd611599
2021-07-28 21:21:04,091 [grpc-default-executor-0] INFO  server.RaftServer$Division (ServerState.java:setLeader(285)) - 31a275a1-7e4f-41f8-9eef-5428a3a9a47f@group-4F9C023E6286: change Leader from null to 9c0f3aab-f21e-4a40-b90a-e278bd611599 at term 11 for appendEntries, leader elected after 2291ms
2021-07-28 21:21:04,092 [grpc-default-executor-0] INFO  server.RaftServer$Division (RaftServerImpl.java:checkInconsistentAppendEntries(1303)) - 31a275a1-7e4f-41f8-9eef-5428a3a9a47f@group-4F9C023E6286: Failed appendEntries: the first entry (index 14) is already in snapshot (snapshot index: 14)
2021-07-28 21:21:04,092 [grpc-default-executor-0] INFO  server.RaftServer$Division (RaftServerImpl.java:checkInconsistentAppendEntries(1285)) - 31a275a1-7e4f-41f8-9eef-5428a3a9a47f@group-4F9C023E6286: inconsistency entries. Reply:9c0f3aab-f21e-4a40-b90a-e278bd611599<-31a275a1-7e4f-41f8-9eef-5428a3a9a47f#541:FAIL-t11,INCONSISTENCY,nextIndex=15,followerCommit=14
2021-07-28 21:21:04,095 [grpc-default-executor-0] INFO  leader.FollowerInfo (FollowerInfoImpl.java:lambda$new$0(46)) - 9c0f3aab-f21e-4a40-b90a-e278bd611599@group-4F9C023E6286->31a275a1-7e4f-41f8-9eef-5428a3a9a47f: nextIndex: updateUnconditionally 15 -> 15
2021-07-28 21:21:04,185 [SCMBlockDeletingService#0] DEBUG block.SCMBlockDeletingService (SCMBlockDeletingService.java:call(131)) - Running DeletedBlockTransactionScanner
2021-07-28 21:21:04,285 [SCMBlockDeletingService#0] DEBUG block.SCMBlockDeletingService (SCMBlockDeletingService.java:call(131)) - Running DeletedBlockTransactionScanner
2021-07-28 21:21:04,385 [SCMBlockDeletingService#0] DEBUG block.SCMBlockDeletingService (SCMBlockDeletingService.java:call(131)) - Running DeletedBlockTransactionScanner
2021-07-28 21:21:04,485 [SCMBlockDeletingService#0] DEBUG block.SCMBlockDeletingService (SCMBlockDeletingService.java:call(131)) - Running DeletedBlockTransactionScanner
2021-07-28 21:21:04,586 [SCMBlockDeletingService#0] DEBUG block.SCMBlockDeletingService (SCMBlockDeletingService.java:call(131)) - Running DeletedBlockTransactionScanner
2021-07-28 21:21:04,686 [SCMBlockDeletingService#0] DEBUG block.SCMBlockDeletingService (SCMBlockDeletingService.java:call(131)) - Running DeletedBlockTransactionScanner
2021-07-28 21:21:04,786 [SCMBlockDeletingService#0] DEBUG block.SCMBlockDeletingService (SCMBlockDeletingService.java:call(131)) - Running DeletedBlockTransactionScanner
2021-07-28 21:21:04,853 [Listener at 127.0.0.1/35523] INFO  ozone.MiniOzoneClusterImpl (MiniOzoneClusterImpl.java:lambda$waitForClusterToBeReady$0(235)) - Waiting for nodes to be ready. Got 2 of 3 DN Heartbeats.
2021-07-28 21:21:04,854 [Listener at 127.0.0.1/35523] INFO  ozone.MiniOzoneClusterImpl (MiniOzoneClusterImpl.java:lambda$waitForClusterToBeReady$0(238)) - Cluster exits safe mode
2021-07-28 21:21:04,854 [Listener at 127.0.0.1/35523] INFO  ozone.MiniOzoneClusterImpl (MiniOzoneClusterImpl.java:lambda$waitForClusterToBeReady$0(240)) - SCM became leader
2021-07-28 21:21:04,886 [SCMBlockDeletingService#0] DEBUG block.SCMBlockDeletingService (SCMBlockDeletingService.java:call(131)) - Running DeletedBlockTransactionScanner
2021-07-28 21:21:04,986 [SCMBlockDeletingService#0] DEBUG block.SCMBlockDeletingService (SCMBlockDeletingService.java:call(131)) - Running DeletedBlockTransactionScanner
2021-07-28 21:21:05,086 [SCMBlockDeletingService#0] DEBUG block.SCMBlockDeletingService (SCMBlockDeletingService.java:call(131)) - Running DeletedBlockTransactionScanner
2021-07-28 21:21:05,186 [SCMBlockDeletingService#0] DEBUG block.SCMBlockDeletingService (SCMBlockDeletingService.java:call(131)) - Running DeletedBlockTransactionScanner
2021-07-28 21:21:05,287 [SCMBlockDeletingService#0] DEBUG block.SCMBlockDeletingService (SCMBlockDeletingService.java:call(131)) - Running DeletedBlockTransactionScanner
2021-07-28 21:21:05,387 [SCMBlockDeletingService#0] DEBUG block.SCMBlockDeletingService (SCMBlockDeletingService.java:call(131)) - Running DeletedBlockTransactionScanner
2021-07-28 21:21:05,487 [SCMBlockDeletingService#0] DEBUG block.SCMBlockDeletingService (SCMBlockDeletingService.java:call(131)) - Running DeletedBlockTransactionScanner
2021-07-28 21:21:05,587 [SCMBlockDeletingService#0] DEBUG block.SCMBlockDeletingService (SCMBlockDeletingService.java:call(131)) - Running DeletedBlockTransactionScanner
2021-07-28 21:21:05,687 [SCMBlockDeletingService#0] DEBUG block.SCMBlockDeletingService (SCMBlockDeletingService.java:call(131)) - Running DeletedBlockTransactionScanner
2021-07-28 21:21:05,787 [SCMBlockDeletingService#0] DEBUG block.SCMBlockDeletingService (SCMBlockDeletingService.java:call(131)) - Running DeletedBlockTransactionScanner
2021-07-28 21:21:05,854 [Listener at 127.0.0.1/35523] INFO  ozone.MiniOzoneClusterImpl (MiniOzoneClusterImpl.java:lambda$waitForClusterToBeReady$0(235)) - Waiting for nodes to be ready. Got 2 of 3 DN Heartbeats.
2021-07-28 21:21:05,854 [Listener at 127.0.0.1/35523] INFO  ozone.MiniOzoneClusterImpl (MiniOzoneClusterImpl.java:lambda$waitForClusterToBeReady$0(238)) - Cluster exits safe mode
2021-07-28 21:21:05,854 [Listener at 127.0.0.1/35523] INFO  ozone.MiniOzoneClusterImpl (MiniOzoneClusterImpl.java:lambda$waitForClusterToBeReady$0(240)) - SCM became leader
2021-07-28 21:21:05,887 [SCMBlockDeletingService#0] DEBUG block.SCMBlockDeletingService (SCMBlockDeletingService.java:call(131)) - Running DeletedBlockTransactionScanner
2021-07-28 21:21:05,987 [SCMBlockDeletingService#0] DEBUG block.SCMBlockDeletingService (SCMBlockDeletingService.java:call(131)) - Running DeletedBlockTransactionScanner
2021-07-28 21:21:06,088 [SCMBlockDeletingService#0] DEBUG block.SCMBlockDeletingService (SCMBlockDeletingService.java:call(131)) - Running DeletedBlockTransactionScanner
2021-07-28 21:21:06,188 [SCMBlockDeletingService#0] DEBUG block.SCMBlockDeletingService (SCMBlockDeletingService.java:call(131)) - Running DeletedBlockTransactionScanner
2021-07-28 21:21:06,288 [SCMBlockDeletingService#0] DEBUG block.SCMBlockDeletingService (SCMBlockDeletingService.java:call(131)) - Running DeletedBlockTransactionScanner
2021-07-28 21:21:06,388 [SCMBlockDeletingService#0] DEBUG block.SCMBlockDeletingService (SCMBlockDeletingService.java:call(131)) - Running DeletedBlockTransactionScanner
2021-07-28 21:21:06,489 [SCMBlockDeletingService#0] DEBUG block.SCMBlockDeletingService (SCMBlockDeletingService.java:call(131)) - Running DeletedBlockTransactionScanner
2021-07-28 21:21:06,589 [SCMBlockDeletingService#0] DEBUG block.SCMBlockDeletingService (SCMBlockDeletingService.java:call(131)) - Running DeletedBlockTransactionScanner
2021-07-28 21:21:06,689 [SCMBlockDeletingService#0] DEBUG block.SCMBlockDeletingService (SCMBlockDeletingService.java:call(131)) - Running DeletedBlockTransactionScanner
2021-07-28 21:21:06,789 [SCMBlockDeletingService#0] DEBUG block.SCMBlockDeletingService (SCMBlockDeletingService.java:call(131)) - Running DeletedBlockTransactionScanner
2021-07-28 21:21:06,855 [Listener at 127.0.0.1/35523] INFO  ozone.MiniOzoneClusterImpl (MiniOzoneClusterImpl.java:lambda$waitForClusterToBeReady$0(235)) - Waiting for nodes to be ready. Got 2 of 3 DN Heartbeats.
2021-07-28 21:21:06,855 [Listener at 127.0.0.1/35523] INFO  ozone.MiniOzoneClusterImpl (MiniOzoneClusterImpl.java:lambda$waitForClusterToBeReady$0(238)) - Cluster exits safe mode
2021-07-28 21:21:06,855 [Listener at 127.0.0.1/35523] INFO  ozone.MiniOzoneClusterImpl (MiniOzoneClusterImpl.java:lambda$waitForClusterToBeReady$0(240)) - SCM became leader
2021-07-28 21:21:06,889 [SCMBlockDeletingService#0] DEBUG block.SCMBlockDeletingService (SCMBlockDeletingService.java:call(131)) - Running DeletedBlockTransactionScanner
2021-07-28 21:21:06,989 [SCMBlockDeletingService#0] DEBUG block.SCMBlockDeletingService (SCMBlockDeletingService.java:call(131)) - Running DeletedBlockTransactionScanner
2021-07-28 21:21:07,089 [SCMBlockDeletingService#0] DEBUG block.SCMBlockDeletingService (SCMBlockDeletingService.java:call(131)) - Running DeletedBlockTransactionScanner
2021-07-28 21:21:07,189 [SCMBlockDeletingService#0] DEBUG block.SCMBlockDeletingService (SCMBlockDeletingService.java:call(131)) - Running DeletedBlockTransactionScanner
2021-07-28 21:21:07,290 [SCMBlockDeletingService#0] DEBUG block.SCMBlockDeletingService (SCMBlockDeletingService.java:call(131)) - Running DeletedBlockTransactionScanner
2021-07-28 21:21:07,390 [SCMBlockDeletingService#0] DEBUG block.SCMBlockDeletingService (SCMBlockDeletingService.java:call(131)) - Running DeletedBlockTransactionScanner
2021-07-28 21:21:07,490 [SCMBlockDeletingService#0] DEBUG block.SCMBlockDeletingService (SCMBlockDeletingService.java:call(131)) - Running DeletedBlockTransactionScanner
2021-07-28 21:21:07,590 [SCMBlockDeletingService#0] DEBUG block.SCMBlockDeletingService (SCMBlockDeletingService.java:call(131)) - Running DeletedBlockTransactionScanner
2021-07-28 21:21:07,690 [SCMBlockDeletingService#0] DEBUG block.SCMBlockDeletingService (SCMBlockDeletingService.java:call(131)) - Running DeletedBlockTransactionScanner
2021-07-28 21:21:07,790 [SCMBlockDeletingService#0] DEBUG block.SCMBlockDeletingService (SCMBlockDeletingService.java:call(131)) - Running DeletedBlockTransactionScanner
2021-07-28 21:21:07,855 [Listener at 127.0.0.1/35523] INFO  ozone.MiniOzoneClusterImpl (MiniOzoneClusterImpl.java:lambda$waitForClusterToBeReady$0(235)) - Waiting for nodes to be ready. Got 2 of 3 DN Heartbeats.
2021-07-28 21:21:07,856 [Listener at 127.0.0.1/35523] INFO  ozone.MiniOzoneClusterImpl (MiniOzoneClusterImpl.java:lambda$waitForClusterToBeReady$0(238)) - Cluster exits safe mode
2021-07-28 21:21:07,856 [Listener at 127.0.0.1/35523] INFO  ozone.MiniOzoneClusterImpl (MiniOzoneClusterImpl.java:lambda$waitForClusterToBeReady$0(240)) - SCM became leader
2021-07-28 21:21:07,891 [SCMBlockDeletingService#0] DEBUG block.SCMBlockDeletingService (SCMBlockDeletingService.java:call(131)) - Running DeletedBlockTransactionScanner
2021-07-28 21:21:07,934 [EventQueue-HealthyReadonlyNodeForHealthyReadOnlyNodeHandler] INFO  node.HealthyReadOnlyNodeHandler (HealthyReadOnlyNodeHandler.java:onMessage(56)) - Datanode 31a275a1-7e4f-41f8-9eef-5428a3a9a47f{ip: 10.1.0.18, host: fv-az151-48.yf2hydr00wburbhx3j5hxtcipe.bx.internal.cloudapp.net, ports: [REPLICATION=44483, RATIS=39893, RATIS_ADMIN=39893, RATIS_SERVER=39893, STANDALONE=45995], networkLocation: /default-rack, certSerialId: null, persistedOpState: IN_SERVICE, persistedOpStateExpiryEpochSec: 0} moved to HEALTHY READONLY state.
2021-07-28 21:21:07,935 [EventQueue-HealthyReadonlyNodeForHealthyReadOnlyNodeHandler] INFO  node.HealthyReadOnlyNodeHandler (HealthyReadOnlyNodeHandler.java:onMessage(60)) - Closing pipeline PipelineID=fcf11422-afc2-4eea-9cef-4f9c023e6286 which uses HEALTHY READONLY datanode 31a275a1-7e4f-41f8-9eef-5428a3a9a47f{ip: 10.1.0.18, host: fv-az151-48.yf2hydr00wburbhx3j5hxtcipe.bx.internal.cloudapp.net, ports: [REPLICATION=44483, RATIS=39893, RATIS_ADMIN=39893, RATIS_SERVER=39893, STANDALONE=45995], networkLocation: /default-rack, certSerialId: null, persistedOpState: IN_SERVICE, persistedOpStateExpiryEpochSec: 0} 
2021-07-28 21:21:07,935 [EventQueue-HealthyReadonlyNodeForHealthyReadOnlyNodeHandler] INFO  pipeline.RatisPipelineProvider (RatisPipelineProvider.java:lambda$close$1(222)) - Send pipeline:PipelineID=fcf11422-afc2-4eea-9cef-4f9c023e6286 close command to datanode 31a275a1-7e4f-41f8-9eef-5428a3a9a47f
2021-07-28 21:21:07,935 [EventQueue-HealthyReadonlyNodeForHealthyReadOnlyNodeHandler] INFO  pipeline.RatisPipelineProvider (RatisPipelineProvider.java:lambda$close$1(222)) - Send pipeline:PipelineID=fcf11422-afc2-4eea-9cef-4f9c023e6286 close command to datanode 9c0f3aab-f21e-4a40-b90a-e278bd611599
2021-07-28 21:21:07,935 [EventQueue-HealthyReadonlyNodeForHealthyReadOnlyNodeHandler] INFO  pipeline.RatisPipelineProvider (RatisPipelineProvider.java:lambda$close$1(222)) - Send pipeline:PipelineID=fcf11422-afc2-4eea-9cef-4f9c023e6286 close command to datanode 684a6605-a0ea-4f4a-a756-567e88d15665
2021-07-28 21:21:07,936 [EventQueue-HealthyReadonlyNodeForHealthyReadOnlyNodeHandler] INFO  pipeline.PipelineStateManager (PipelineStateManagerV2Impl.java:removePipeline(211)) - Pipeline Pipeline[ Id: fcf11422-afc2-4eea-9cef-4f9c023e6286, Nodes: 31a275a1-7e4f-41f8-9eef-5428a3a9a47f{ip: 10.1.0.18, host: fv-az151-48.yf2hydr00wburbhx3j5hxtcipe.bx.internal.cloudapp.net, ports: [REPLICATION=44483, RATIS=39893, RATIS_ADMIN=39893, RATIS_SERVER=39893, STANDALONE=45995], networkLocation: /default-rack, certSerialId: null, persistedOpState: IN_SERVICE, persistedOpStateExpiryEpochSec: 0}9c0f3aab-f21e-4a40-b90a-e278bd611599{ip: 10.1.0.18, host: fv-az151-48.yf2hydr00wburbhx3j5hxtcipe.bx.internal.cloudapp.net, ports: [REPLICATION=34339, RATIS=40769, RATIS_ADMIN=40769, RATIS_SERVER=40769, STANDALONE=39191], networkLocation: /default-rack, certSerialId: null, persistedOpState: IN_SERVICE, persistedOpStateExpiryEpochSec: 0}684a6605-a0ea-4f4a-a756-567e88d15665{ip: 10.1.0.18, host: fv-az151-48.yf2hydr00wburbhx3j5hxtcipe.bx.internal.cloudapp.net, ports: [REPLICATION=43563, RATIS=41617, RATIS_ADMIN=41617, RATIS_SERVER=41617, STANDALONE=41527], networkLocation: /default-rack, certSerialId: null, persistedOpState: IN_SERVICE, persistedOpStateExpiryEpochSec: 0}, ReplicationConfig: RATIS/THREE, State:CLOSED, leaderId:9c0f3aab-f21e-4a40-b90a-e278bd611599, CreationTimestamp2021-07-28T21:19:43.970Z[Etc/UTC]] removed.
2021-07-28 21:21:07,991 [SCMBlockDeletingService#0] DEBUG block.SCMBlockDeletingService (SCMBlockDeletingService.java:call(131)) - Running DeletedBlockTransactionScanner
2021-07-28 21:21:08,035 [EventQueue-HealthyReadonlyToHealthyNodeForReadOnlyHealthyToHealthyNodeHandler] INFO  node.ReadOnlyHealthyToHealthyNodeHandler (ReadOnlyHealthyToHealthyNodeHandler.java:onMessage(51)) - Datanode 31a275a1-7e4f-41f8-9eef-5428a3a9a47f{ip: 10.1.0.18, host: fv-az151-48.yf2hydr00wburbhx3j5hxtcipe.bx.internal.cloudapp.net, ports: [REPLICATION=44483, RATIS=39893, RATIS_ADMIN=39893, RATIS_SERVER=39893, STANDALONE=45995], networkLocation: /default-rack, certSerialId: null, persistedOpState: IN_SERVICE, persistedOpStateExpiryEpochSec: 0} moved to HEALTHY state.
2021-07-28 21:21:08,036 [EventQueue-HealthyReadonlyToHealthyNodeForReadOnlyHealthyToHealthyNodeHandler] INFO  pipeline.BackgroundPipelineCreator (BackgroundPipelineCreatorV2.java:notifyEventTriggered(285)) - trigger a one-shot run on RatisPipelineUtilsThread.
2021-07-28 21:21:08,037 [RatisPipelineUtilsThread - 0] INFO  pipeline.RatisPipelineProvider (RatisPipelineProvider.java:lambda$create$0(183)) - Sending CreatePipelineCommand for pipeline:PipelineID=b2245f73-ed63-4306-962e-d6b3473ba663 to datanode:9c0f3aab-f21e-4a40-b90a-e278bd611599
2021-07-28 21:21:08,038 [RatisPipelineUtilsThread - 0] INFO  pipeline.RatisPipelineProvider (RatisPipelineProvider.java:lambda$create$0(183)) - Sending CreatePipelineCommand for pipeline:PipelineID=b2245f73-ed63-4306-962e-d6b3473ba663 to datanode:684a6605-a0ea-4f4a-a756-567e88d15665
2021-07-28 21:21:08,038 [RatisPipelineUtilsThread - 0] INFO  pipeline.RatisPipelineProvider (RatisPipelineProvider.java:lambda$create$0(183)) - Sending CreatePipelineCommand for pipeline:PipelineID=b2245f73-ed63-4306-962e-d6b3473ba663 to datanode:31a275a1-7e4f-41f8-9eef-5428a3a9a47f
2021-07-28 21:21:08,038 [RatisPipelineUtilsThread - 0] INFO  pipeline.PipelineStateManager (PipelineStateManagerV2Impl.java:addPipeline(101)) - Created pipeline Pipeline[ Id: b2245f73-ed63-4306-962e-d6b3473ba663, Nodes: 9c0f3aab-f21e-4a40-b90a-e278bd611599{ip: 10.1.0.18, host: fv-az151-48.yf2hydr00wburbhx3j5hxtcipe.bx.internal.cloudapp.net, ports: [REPLICATION=34339, RATIS=40769, RATIS_ADMIN=40769, RATIS_SERVER=40769, STANDALONE=39191], networkLocation: /default-rack, certSerialId: null, persistedOpState: IN_SERVICE, persistedOpStateExpiryEpochSec: 0}684a6605-a0ea-4f4a-a756-567e88d15665{ip: 10.1.0.18, host: fv-az151-48.yf2hydr00wburbhx3j5hxtcipe.bx.internal.cloudapp.net, ports: [REPLICATION=43563, RATIS=41617, RATIS_ADMIN=41617, RATIS_SERVER=41617, STANDALONE=41527], networkLocation: /default-rack, certSerialId: null, persistedOpState: IN_SERVICE, persistedOpStateExpiryEpochSec: 0}31a275a1-7e4f-41f8-9eef-5428a3a9a47f{ip: 10.1.0.18, host: fv-az151-48.yf2hydr00wburbhx3j5hxtcipe.bx.internal.cloudapp.net, ports: [REPLICATION=44483, RATIS=39893, RATIS_ADMIN=39893, RATIS_SERVER=39893, STANDALONE=45995], networkLocation: /default-rack, certSerialId: null, persistedOpState: IN_SERVICE, persistedOpStateExpiryEpochSec: 0}, ReplicationConfig: RATIS/THREE, State:ALLOCATED, leaderId:, CreationTimestamp2021-07-28T21:21:08.037Z[Etc/UTC]].
2021-07-28 21:21:08,091 [SCMBlockDeletingService#0] DEBUG block.SCMBlockDeletingService (SCMBlockDeletingService.java:call(131)) - Running DeletedBlockTransactionScanner
2021-07-28 21:21:08,191 [SCMBlockDeletingService#0] DEBUG block.SCMBlockDeletingService (SCMBlockDeletingService.java:call(131)) - Running DeletedBlockTransactionScanner
2021-07-28 21:21:08,250 [Command processor thread] INFO  server.RaftServer (RaftServerProxy.java:remove(106)) - 9c0f3aab-f21e-4a40-b90a-e278bd611599: remove    LEADER 9c0f3aab-f21e-4a40-b90a-e278bd611599@group-4F9C023E6286:t11, leader=9c0f3aab-f21e-4a40-b90a-e278bd611599, voted=9c0f3aab-f21e-4a40-b90a-e278bd611599, raftlog=9c0f3aab-f21e-4a40-b90a-e278bd611599@group-4F9C023E6286-SegmentedRaftLog:OPENED:c14,f14,i14, conf=0: [31a275a1-7e4f-41f8-9eef-5428a3a9a47f|rpc:10.1.0.18:39893|dataStream:|priority:0, 9c0f3aab-f21e-4a40-b90a-e278bd611599|rpc:10.1.0.18:40769|dataStream:|priority:1, 684a6605-a0ea-4f4a-a756-567e88d15665|rpc:10.1.0.18:41617|dataStream:|priority:0], old=null RUNNING
2021-07-28 21:21:08,253 [Command processor thread] INFO  server.RaftServer$Division (RaftServerImpl.java:lambda$close$4(407)) - 9c0f3aab-f21e-4a40-b90a-e278bd611599@group-4F9C023E6286: shutdown
2021-07-28 21:21:08,253 [Command processor thread] INFO  util.JmxRegister (JmxRegister.java:unregister(73)) - Successfully un-registered JMX Bean with object name Ratis:service=RaftServer,group=group-4F9C023E6286,id=9c0f3aab-f21e-4a40-b90a-e278bd611599
2021-07-28 21:21:08,253 [Command processor thread] INFO  impl.RoleInfo (RoleInfo.java:shutdownLeaderState(91)) - 9c0f3aab-f21e-4a40-b90a-e278bd611599: shutdown 9c0f3aab-f21e-4a40-b90a-e278bd611599@group-4F9C023E6286-LeaderStateImpl
2021-07-28 21:21:08,254 [Command processor thread] INFO  impl.PendingRequests (PendingRequests.java:sendNotLeaderResponses(249)) - 9c0f3aab-f21e-4a40-b90a-e278bd611599@group-4F9C023E6286-PendingRequests: sendNotLeaderResponses
2021-07-28 21:21:08,254 [9c0f3aab-f21e-4a40-b90a-e278bd611599@group-4F9C023E6286->31a275a1-7e4f-41f8-9eef-5428a3a9a47f-GrpcLogAppender-LogAppenderDaemon] WARN  server.GrpcLogAppender (GrpcLogAppender.java:mayWait(175)) - 9c0f3aab-f21e-4a40-b90a-e278bd611599@group-4F9C023E6286->31a275a1-7e4f-41f8-9eef-5428a3a9a47f-GrpcLogAppender: Wait interrupted by java.lang.InterruptedException
2021-07-28 21:21:08,254 [9c0f3aab-f21e-4a40-b90a-e278bd611599@group-4F9C023E6286->684a6605-a0ea-4f4a-a756-567e88d15665-GrpcLogAppender-LogAppenderDaemon] WARN  server.GrpcLogAppender (GrpcLogAppender.java:mayWait(175)) - 9c0f3aab-f21e-4a40-b90a-e278bd611599@group-4F9C023E6286->684a6605-a0ea-4f4a-a756-567e88d15665-GrpcLogAppender: Wait interrupted by java.lang.InterruptedException
2021-07-28 21:21:08,259 [9c0f3aab-f21e-4a40-b90a-e278bd611599@group-4F9C023E6286-StateMachineUpdater] INFO  ratis.ContainerStateMachine (ContainerStateMachine.java:takeSnapshot(291)) - group-4F9C023E6286: Taking a snapshot at:(t:11, i:14) file /home/runner/work/ozone/ozone/mnt/ozone/hadoop-ozone/integration-test/target/test-dir/MiniOzoneClusterImpl-4602a15a-46b8-476b-8e6e-aec7ac1b4dac/datanode-2/data/ratis/fcf11422-afc2-4eea-9cef-4f9c023e6286/sm/snapshot.11_14
2021-07-28 21:21:08,259 [Command processor thread] INFO  impl.StateMachineUpdater (StateMachineUpdater.java:stopAndJoin(149)) - 9c0f3aab-f21e-4a40-b90a-e278bd611599@group-4F9C023E6286-StateMachineUpdater: set stopIndex = 14
2021-07-28 21:21:08,260 [9c0f3aab-f21e-4a40-b90a-e278bd611599@group-4F9C023E6286-StateMachineUpdater] INFO  ratis.ContainerStateMachine (ContainerStateMachine.java:takeSnapshot(302)) - group-4F9C023E6286: Finished taking a snapshot at:(t:11, i:14) file:/home/runner/work/ozone/ozone/mnt/ozone/hadoop-ozone/integration-test/target/test-dir/MiniOzoneClusterImpl-4602a15a-46b8-476b-8e6e-aec7ac1b4dac/datanode-2/data/ratis/fcf11422-afc2-4eea-9cef-4f9c023e6286/sm/snapshot.11_14 took: 1 ms
2021-07-28 21:21:08,260 [9c0f3aab-f21e-4a40-b90a-e278bd611599@group-4F9C023E6286-StateMachineUpdater] INFO  impl.StateMachineUpdater (StateMachineUpdater.java:takeSnapshot(281)) - 9c0f3aab-f21e-4a40-b90a-e278bd611599@group-4F9C023E6286-StateMachineUpdater: Took a snapshot at index 14
2021-07-28 21:21:08,260 [9c0f3aab-f21e-4a40-b90a-e278bd611599@group-4F9C023E6286-StateMachineUpdater] INFO  impl.StateMachineUpdater (StateMachineUpdater.java:lambda$new$0(89)) - 9c0f3aab-f21e-4a40-b90a-e278bd611599@group-4F9C023E6286-StateMachineUpdater: snapshotIndex: updateIncreasingly -1 -> 14
2021-07-28 21:21:08,260 [grpc-default-executor-2] INFO  server.GrpcServerProtocolService (GrpcServerProtocolService.java:onCompleted(140)) - 31a275a1-7e4f-41f8-9eef-5428a3a9a47f: Completed APPEND_ENTRIES, lastRequest: 9c0f3aab-f21e-4a40-b90a-e278bd611599->31a275a1-7e4f-41f8-9eef-5428a3a9a47f#541-t11,previous=(t:11, i:13),leaderCommit=14,initializing? true,entries: size=1, first=(t:11, i:14), METADATAENTRY(c:13)
2021-07-28 21:21:08,261 [grpc-default-executor-3] INFO  server.GrpcServerProtocolService (GrpcServerProtocolService.java:onCompleted(140)) - 684a6605-a0ea-4f4a-a756-567e88d15665: Completed APPEND_ENTRIES, lastRequest: 9c0f3aab-f21e-4a40-b90a-e278bd611599->684a6605-a0ea-4f4a-a756-567e88d15665#284-t11,previous=(t:11, i:13),leaderCommit=13,initializing? true,entries: size=1, first=(t:11, i:14), METADATAENTRY(c:13)
2021-07-28 21:21:08,263 [grpc-default-executor-1] INFO  server.GrpcLogAppender (GrpcLogAppender.java:onCompleted(344)) - 9c0f3aab-f21e-4a40-b90a-e278bd611599@group-4F9C023E6286->31a275a1-7e4f-41f8-9eef-5428a3a9a47f-AppendLogResponseHandler: follower responses appendEntries COMPLETED
2021-07-28 21:21:08,264 [grpc-default-executor-0] INFO  server.GrpcLogAppender (GrpcLogAppender.java:onCompleted(344)) - 9c0f3aab-f21e-4a40-b90a-e278bd611599@group-4F9C023E6286->684a6605-a0ea-4f4a-a756-567e88d15665-AppendLogResponseHandler: follower responses appendEntries COMPLETED
2021-07-28 21:21:08,264 [grpc-default-executor-0] INFO  leader.FollowerInfo (FollowerInfoImpl.java:lambda$new$0(46)) - 9c0f3aab-f21e-4a40-b90a-e278bd611599@group-4F9C023E6286->684a6605-a0ea-4f4a-a756-567e88d15665: nextIndex: updateUnconditionally 15 -> 14
2021-07-28 21:21:08,264 [Command processor thread] INFO  server.RaftServer$Division (ServerState.java:close(419)) - 9c0f3aab-f21e-4a40-b90a-e278bd611599@group-4F9C023E6286: closes. applyIndex: 14
2021-07-28 21:21:08,263 [grpc-default-executor-1] INFO  leader.FollowerInfo (FollowerInfoImpl.java:lambda$new$0(46)) - 9c0f3aab-f21e-4a40-b90a-e278bd611599@group-4F9C023E6286->31a275a1-7e4f-41f8-9eef-5428a3a9a47f: nextIndex: updateUnconditionally 15 -> 14
2021-07-28 21:21:08,265 [9c0f3aab-f21e-4a40-b90a-e278bd611599@group-4F9C023E6286-SegmentedRaftLogWorker] INFO  segmented.SegmentedRaftLogWorker (SegmentedRaftLogWorker.java:run(327)) - 9c0f3aab-f21e-4a40-b90a-e278bd611599@group-4F9C023E6286-SegmentedRaftLogWorker was interrupted, exiting. There are 0 tasks remaining in the queue.
2021-07-28 21:21:08,266 [Command processor thread] INFO  segmented.SegmentedRaftLogWorker (SegmentedRaftLogWorker.java:close(237)) - 9c0f3aab-f21e-4a40-b90a-e278bd611599@group-4F9C023E6286-SegmentedRaftLogWorker close()
2021-07-28 21:21:08,266 [Command processor thread] ERROR commandhandler.ClosePipelineCommandHandler (ClosePipelineCommandHandler.java:handle(78)) - Can't close pipeline PipelineID=fcf11422-afc2-4eea-9cef-4f9c023e6286
java.io.IOException: java.lang.NullPointerException
	at org.apache.hadoop.ozone.container.common.transport.server.ratis.XceiverServerRatis.removeGroup(XceiverServerRatis.java:777)
	at org.apache.hadoop.ozone.container.common.statemachine.commandhandler.ClosePipelineCommandHandler.handle(ClosePipelineCommandHandler.java:74)
	at org.apache.hadoop.ozone.container.common.statemachine.commandhandler.CommandDispatcher.handle(CommandDispatcher.java:99)
	at org.apache.hadoop.ozone.container.common.statemachine.DatanodeStateMachine.lambda$initCommandHandlerThread$2(DatanodeStateMachine.java:551)
	at java.lang.Thread.run(Thread.java:748)
Caused by: java.io.IOException: java.lang.NullPointerException
	at org.apache.ratis.util.IOUtils.asIOException(IOUtils.java:56)
	at org.apache.ratis.server.impl.RaftServerImpl.waitForReply(RaftServerImpl.java:898)
	at org.apache.ratis.server.impl.RaftServerProxy.groupManagement(RaftServerProxy.java:440)
	at org.apache.hadoop.ozone.container.common.transport.server.ratis.XceiverServerRatis.removeGroup(XceiverServerRatis.java:775)
	... 4 more
Caused by: java.lang.NullPointerException
	at org.apache.hadoop.ozone.container.ozoneimpl.ContainerController.markContainerForClose(ContainerController.java:83)
	at org.apache.hadoop.ozone.container.common.transport.server.ratis.ContainerStateMachine.notifyGroupRemove(ContainerStateMachine.java:901)
	at org.apache.ratis.server.impl.RaftServerImpl.groupRemove(RaftServerImpl.java:372)
	at org.apache.ratis.server.impl.RaftServerProxy.lambda$groupRemoveAsync$14(RaftServerProxy.java:507)
	at java.util.concurrent.CompletableFuture.uniApply(CompletableFuture.java:616)
	at java.util.concurrent.CompletableFuture.uniApplyStage(CompletableFuture.java:628)
	at java.util.concurrent.CompletableFuture.thenApply(CompletableFuture.java:1996)
	at org.apache.ratis.server.impl.RaftServerProxy.groupRemoveAsync(RaftServerProxy.java:506)
	at org.apache.ratis.server.impl.RaftServerProxy.groupManagementAsync(RaftServerProxy.java:460)
	... 6 more
2021-07-28 21:21:08,268 [pool-90-thread-1] INFO  server.RaftServer$Division (RaftServerImpl.java:<init>(181)) - 9c0f3aab-f21e-4a40-b90a-e278bd611599: new RaftServerImpl for group-D6B3473BA663:[31a275a1-7e4f-41f8-9eef-5428a3a9a47f|rpc:10.1.0.18:39893|priority:0, 9c0f3aab-f21e-4a40-b90a-e278bd611599|rpc:10.1.0.18:40769|priority:1, 684a6605-a0ea-4f4a-a756-567e88d15665|rpc:10.1.0.18:41617|priority:0] with ContainerStateMachine:uninitialized
2021-07-28 21:21:08,268 [pool-90-thread-1] INFO  server.RaftServerConfigKeys (ConfUtils.java:logGet(44)) - raft.server.rpc.timeout.min = 5s (custom)
2021-07-28 21:21:08,268 [pool-90-thread-1] INFO  server.RaftServerConfigKeys (ConfUtils.java:logGet(44)) - raft.server.rpc.timeout.max = 5200ms (custom)
2021-07-28 21:21:08,268 [pool-90-thread-1] INFO  server.RaftServerConfigKeys (ConfUtils.java:logGet(44)) - raft.server.rpc.sleep.time = 25ms (default)
2021-07-28 21:21:08,269 [pool-90-thread-1] INFO  server.RaftServerConfigKeys (ConfUtils.java:logGet(44)) - raft.server.rpc.slowness.timeout = 300s (custom)
2021-07-28 21:21:08,269 [pool-90-thread-1] INFO  server.RaftServerConfigKeys (ConfUtils.java:logGet(44)) - raft.server.leaderelection.leader.step-down.wait-time = 10s (default)
2021-07-28 21:21:08,269 [pool-90-thread-1] INFO  server.RaftServerConfigKeys (ConfUtils.java:logGet(44)) - raft.server.sleep.deviation.threshold = 300ms (default)
2021-07-28 21:21:08,269 [pool-90-thread-1] INFO  server.RaftServerConfigKeys (ConfUtils.java:logGet(44)) - raft.server.log.appender.install.snapshot.enabled = false (custom)
2021-07-28 21:21:08,269 [pool-90-thread-1] INFO  server.RaftServer$Division (ServerState.java:<init>(105)) - 9c0f3aab-f21e-4a40-b90a-e278bd611599@group-D6B3473BA663: ConfigurationManager, init=-1: [31a275a1-7e4f-41f8-9eef-5428a3a9a47f|rpc:10.1.0.18:39893|priority:0, 9c0f3aab-f21e-4a40-b90a-e278bd611599|rpc:10.1.0.18:40769|priority:1, 684a6605-a0ea-4f4a-a756-567e88d15665|rpc:10.1.0.18:41617|priority:0], old=null, confs=<EMPTY_MAP>
2021-07-28 21:21:08,269 [pool-90-thread-1] INFO  server.RaftServerConfigKeys (ConfUtils.java:logGet(44)) - raft.server.storage.dir = [/home/runner/work/ozone/ozone/mnt/ozone/hadoop-ozone/integration-test/target/test-dir/MiniOzoneClusterImpl-4602a15a-46b8-476b-8e6e-aec7ac1b4dac/datanode-2/data/ratis] (custom)
2021-07-28 21:21:08,269 [pool-90-thread-1] INFO  server.RaftServerConfigKeys (ConfUtils.java:logGet(44)) - raft.server.log.corruption.policy = EXCEPTION (default)
2021-07-28 21:21:08,269 [pool-90-thread-1] INFO  server.RaftServerConfigKeys (ConfUtils.java:logGet(44)) - raft.server.storage.free-space.min = 0MB (=0) (default)
2021-07-28 21:21:08,269 [pool-90-thread-1] INFO  storage.RaftStorageDirectory (RaftStorageDirectoryImpl.java:analyzeStorage(135)) - The storage directory /home/runner/work/ozone/ozone/mnt/ozone/hadoop-ozone/integration-test/target/test-dir/MiniOzoneClusterImpl-4602a15a-46b8-476b-8e6e-aec7ac1b4dac/datanode-2/data/ratis/b2245f73-ed63-4306-962e-d6b3473ba663 does not exist. Creating ...
2021-07-28 21:21:08,270 [pool-90-thread-1] INFO  storage.RaftStorageDirectory (RaftStorageDirectoryImpl.java:tryLock(230)) - Lock on /home/runner/work/ozone/ozone/mnt/ozone/hadoop-ozone/integration-test/target/test-dir/MiniOzoneClusterImpl-4602a15a-46b8-476b-8e6e-aec7ac1b4dac/datanode-2/data/ratis/b2245f73-ed63-4306-962e-d6b3473ba663/in_use.lock acquired by nodename 31090@fv-az151-48
2021-07-28 21:21:08,271 [Command processor thread] INFO  server.RaftServer (RaftServerProxy.java:addNew(95)) - 9c0f3aab-f21e-4a40-b90a-e278bd611599: addNew group-D6B3473BA663:[31a275a1-7e4f-41f8-9eef-5428a3a9a47f|rpc:10.1.0.18:39893|priority:0, 9c0f3aab-f21e-4a40-b90a-e278bd611599|rpc:10.1.0.18:40769|priority:1, 684a6605-a0ea-4f4a-a756-567e88d15665|rpc:10.1.0.18:41617|priority:0] returns group-D6B3473BA663:java.util.concurrent.CompletableFuture@1c6babec[Not completed]
2021-07-28 21:21:08,271 [pool-90-thread-1] INFO  storage.RaftStorage (RaftStorageImpl.java:format(89)) - Storage directory /home/runner/work/ozone/ozone/mnt/ozone/hadoop-ozone/integration-test/target/test-dir/MiniOzoneClusterImpl-4602a15a-46b8-476b-8e6e-aec7ac1b4dac/datanode-2/data/ratis/b2245f73-ed63-4306-962e-d6b3473ba663 has been successfully formatted.
2021-07-28 21:21:08,274 [pool-90-thread-1] INFO  ratis.ContainerStateMachine (ContainerStateMachine.java:loadSnapshot(223)) - group-D6B3473BA663: The snapshot info is null. Setting the last applied indexto:(t:0, i:~)
2021-07-28 21:21:08,274 [Datanode State Machine Thread - 0] WARN  statemachine.StateContext (StateContext.java:execute(621)) - No available thread in pool for past 0 seconds.
2021-07-28 21:21:08,274 [pool-90-thread-1] INFO  server.RaftServerConfigKeys (ConfUtils.java:logGet(44)) - raft.server.notification.no-leader.timeout = 300s (custom)
2021-07-28 21:21:08,274 [pool-90-thread-1] INFO  server.RaftServerConfigKeys (ConfUtils.java:logGet(44)) - raft.server.log.use.memory = false (default)
2021-07-28 21:21:08,275 [pool-90-thread-1] INFO  server.RaftServerConfigKeys (ConfUtils.java:logGet(44)) - raft.server.log.purge.gap = 1000000 (custom)
2021-07-28 21:21:08,275 [pool-90-thread-1] INFO  server.RaftServerConfigKeys (ConfUtils.java:logGet(44)) - raft.server.log.appender.buffer.byte-limit = 33554432 (custom)
2021-07-28 21:21:08,275 [pool-90-thread-1] INFO  server.RaftServerConfigKeys (ConfUtils.java:logGet(44)) - raft.server.log.segment.size.max = 1048576 (custom)
2021-07-28 21:21:08,275 [pool-90-thread-1] INFO  server.RaftServerConfigKeys (ConfUtils.java:logGet(44)) - raft.server.log.segment.cache.num.max = 2 (custom)
2021-07-28 21:21:08,275 [pool-90-thread-1] INFO  server.RaftServerConfigKeys (ConfUtils.java:logGet(44)) - raft.server.log.segment.cache.size.max = 200MB (=209715200) (default)
2021-07-28 21:21:08,275 [pool-90-thread-1] INFO  segmented.SegmentedRaftLogWorker (SegmentedRaftLogWorker.java:<init>(182)) - new 9c0f3aab-f21e-4a40-b90a-e278bd611599@group-D6B3473BA663-SegmentedRaftLogWorker for RaftStorageImpl:Storage Directory /home/runner/work/ozone/ozone/mnt/ozone/hadoop-ozone/integration-test/target/test-dir/MiniOzoneClusterImpl-4602a15a-46b8-476b-8e6e-aec7ac1b4dac/datanode-2/data/ratis/b2245f73-ed63-4306-962e-d6b3473ba663
2021-07-28 21:21:08,275 [pool-90-thread-1] INFO  server.RaftServerConfigKeys (ConfUtils.java:logGet(44)) - raft.server.log.queue.byte-limit = 2147483647 (custom)
2021-07-28 21:21:08,275 [pool-90-thread-1] INFO  server.RaftServerConfigKeys (ConfUtils.java:logGet(44)) - raft.server.log.queue.element-limit = 1024 (custom)
2021-07-28 21:21:08,276 [pool-90-thread-1] INFO  server.RaftServerConfigKeys (ConfUtils.java:logGet(44)) - raft.server.log.segment.size.max = 1048576 (custom)
2021-07-28 21:21:08,276 [pool-90-thread-1] INFO  server.RaftServerConfigKeys (ConfUtils.java:logGet(44)) - raft.server.log.preallocated.size = 16384 (custom)
2021-07-28 21:21:08,276 [pool-90-thread-1] INFO  server.RaftServerConfigKeys (ConfUtils.java:logGet(44)) - raft.server.log.force.sync.num = 128 (default)
2021-07-28 21:21:08,276 [pool-90-thread-1] INFO  server.RaftServerConfigKeys (ConfUtils.java:logGet(44)) - raft.server.log.statemachine.data.sync = true (default)
2021-07-28 21:21:08,276 [pool-90-thread-1] INFO  server.RaftServerConfigKeys (ConfUtils.java:logGet(44)) - raft.server.log.statemachine.data.sync.timeout = 10s (default)
2021-07-28 21:21:08,276 [pool-90-thread-1] INFO  server.RaftServerConfigKeys (ConfUtils.java:logGet(44)) - raft.server.log.statemachine.data.sync.timeout.retry = -1 (default)
2021-07-28 21:21:08,276 [pool-90-thread-1] INFO  server.RaftServerConfigKeys (ConfUtils.java:logGet(44)) - raft.server.log.write.buffer.size = 1048576 (custom)
2021-07-28 21:21:08,277 [pool-90-thread-1] INFO  server.RaftServerConfigKeys (ConfUtils.java:logGet(44)) - raft.server.log.statemachine.data.caching.enabled = true (custom)
2021-07-28 21:21:08,277 [pool-90-thread-1] INFO  segmented.SegmentedRaftLogWorker (SegmentedRaftLogWorker.java:lambda$new$0(133)) - 9c0f3aab-f21e-4a40-b90a-e278bd611599@group-D6B3473BA663-SegmentedRaftLogWorker: flushIndex: setUnconditionally 0 -> -1
2021-07-28 21:21:08,277 [pool-90-thread-1] INFO  segmented.SegmentedRaftLogWorker (SegmentedRaftLogWorker.java:lambda$new$0(133)) - 9c0f3aab-f21e-4a40-b90a-e278bd611599@group-D6B3473BA663-SegmentedRaftLogWorker: safeCacheEvictIndex: setUnconditionally 0 -> -1
2021-07-28 21:21:08,277 [pool-90-thread-1] INFO  server.RaftServerConfigKeys (ConfUtils.java:logGet(44)) - raft.server.snapshot.auto.trigger.enabled = true (custom)
2021-07-28 21:21:08,277 [pool-90-thread-1] INFO  server.RaftServerConfigKeys (ConfUtils.java:logGet(44)) - raft.server.snapshot.auto.trigger.threshold = 10000 (custom)
2021-07-28 21:21:08,277 [pool-90-thread-1] INFO  server.RaftServerConfigKeys (ConfUtils.java:logGet(44)) - raft.server.snapshot.retention.file.num = 5 (custom)
2021-07-28 21:21:08,278 [pool-90-thread-1] INFO  server.RaftServerConfigKeys (ConfUtils.java:logGet(44)) - raft.server.log.purge.upto.snapshot.index = false (default)
2021-07-28 21:21:08,278 [pool-90-thread-1] INFO  server.RaftServerConfigKeys (ConfUtils.java:logGet(44)) - raft.server.retrycache.expirytime = 600000ms (custom)
2021-07-28 21:21:08,278 [pool-90-thread-1] INFO  server.RaftServerConfigKeys (ConfUtils.java:logGet(44)) - raft.server.retrycache.statistics.expirytime = 100μs (default)
2021-07-28 21:21:08,279 [pool-90-thread-1] INFO  server.RaftServer$Division (RaftServerImpl.java:start(296)) - 9c0f3aab-f21e-4a40-b90a-e278bd611599@group-D6B3473BA663: start as a follower, conf=-1: [31a275a1-7e4f-41f8-9eef-5428a3a9a47f|rpc:10.1.0.18:39893|priority:0, 9c0f3aab-f21e-4a40-b90a-e278bd611599|rpc:10.1.0.18:40769|priority:1, 684a6605-a0ea-4f4a-a756-567e88d15665|rpc:10.1.0.18:41617|priority:0], old=null
2021-07-28 21:21:08,279 [pool-90-thread-1] INFO  server.RaftServer$Division (RaftServerImpl.java:setRole(285)) - 9c0f3aab-f21e-4a40-b90a-e278bd611599@group-D6B3473BA663: changes role from      null to FOLLOWER at term 0 for startAsFollower
2021-07-28 21:21:08,279 [pool-90-thread-1] INFO  impl.RoleInfo (RoleInfo.java:updateAndGet(130)) - 9c0f3aab-f21e-4a40-b90a-e278bd611599: start 9c0f3aab-f21e-4a40-b90a-e278bd611599@group-D6B3473BA663-FollowerState
2021-07-28 21:21:08,288 [pool-90-thread-1] INFO  util.JmxRegister (JmxRegister.java:tryRegister(44)) - Successfully registered JMX Bean with object name Ratis:service=RaftServer,group=group-D6B3473BA663,id=9c0f3aab-f21e-4a40-b90a-e278bd611599
2021-07-28 21:21:08,289 [Command processor thread] INFO  ratis.XceiverServerRatis (XceiverServerRatis.java:addGroup(759)) - Created group PipelineID=b2245f73-ed63-4306-962e-d6b3473ba663
2021-07-28 21:21:08,291 [SCMBlockDeletingService#0] DEBUG block.SCMBlockDeletingService (SCMBlockDeletingService.java:call(131)) - Running DeletedBlockTransactionScanner
2021-07-28 21:21:08,297 [grpc-default-executor-1] INFO  server.RaftServer (RaftServerProxy.java:addNew(95)) - 684a6605-a0ea-4f4a-a756-567e88d15665: addNew group-D6B3473BA663:[31a275a1-7e4f-41f8-9eef-5428a3a9a47f|rpc:10.1.0.18:39893|dataStream:|priority:0, 9c0f3aab-f21e-4a40-b90a-e278bd611599|rpc:10.1.0.18:40769|dataStream:|priority:1, 684a6605-a0ea-4f4a-a756-567e88d15665|rpc:10.1.0.18:41617|dataStream:|priority:0] returns group-D6B3473BA663:java.util.concurrent.CompletableFuture@53e26093[Not completed]
2021-07-28 21:21:08,298 [pool-72-thread-1] INFO  server.RaftServer$Division (RaftServerImpl.java:<init>(181)) - 684a6605-a0ea-4f4a-a756-567e88d15665: new RaftServerImpl for group-D6B3473BA663:[31a275a1-7e4f-41f8-9eef-5428a3a9a47f|rpc:10.1.0.18:39893|dataStream:|priority:0, 9c0f3aab-f21e-4a40-b90a-e278bd611599|rpc:10.1.0.18:40769|dataStream:|priority:1, 684a6605-a0ea-4f4a-a756-567e88d15665|rpc:10.1.0.18:41617|dataStream:|priority:0] with ContainerStateMachine:uninitialized
2021-07-28 21:21:08,298 [pool-72-thread-1] INFO  server.RaftServerConfigKeys (ConfUtils.java:logGet(44)) - raft.server.rpc.timeout.min = 5s (custom)
2021-07-28 21:21:08,298 [pool-72-thread-1] INFO  server.RaftServerConfigKeys (ConfUtils.java:logGet(44)) - raft.server.rpc.timeout.max = 5200ms (custom)
2021-07-28 21:21:08,298 [pool-72-thread-1] INFO  server.RaftServerConfigKeys (ConfUtils.java:logGet(44)) - raft.server.rpc.sleep.time = 25ms (default)
2021-07-28 21:21:08,298 [pool-72-thread-1] INFO  server.RaftServerConfigKeys (ConfUtils.java:logGet(44)) - raft.server.rpc.slowness.timeout = 300s (custom)
2021-07-28 21:21:08,298 [pool-72-thread-1] INFO  server.RaftServerConfigKeys (ConfUtils.java:logGet(44)) - raft.server.leaderelection.leader.step-down.wait-time = 10s (default)
2021-07-28 21:21:08,298 [pool-72-thread-1] INFO  server.RaftServerConfigKeys (ConfUtils.java:logGet(44)) - raft.server.sleep.deviation.threshold = 300ms (default)
2021-07-28 21:21:08,298 [pool-72-thread-1] INFO  server.RaftServerConfigKeys (ConfUtils.java:logGet(44)) - raft.server.log.appender.install.snapshot.enabled = false (custom)
2021-07-28 21:21:08,299 [pool-72-thread-1] INFO  server.RaftServer$Division (ServerState.java:<init>(105)) - 684a6605-a0ea-4f4a-a756-567e88d15665@group-D6B3473BA663: ConfigurationManager, init=-1: [31a275a1-7e4f-41f8-9eef-5428a3a9a47f|rpc:10.1.0.18:39893|dataStream:|priority:0, 9c0f3aab-f21e-4a40-b90a-e278bd611599|rpc:10.1.0.18:40769|dataStream:|priority:1, 684a6605-a0ea-4f4a-a756-567e88d15665|rpc:10.1.0.18:41617|dataStream:|priority:0], old=null, confs=<EMPTY_MAP>
2021-07-28 21:21:08,299 [pool-72-thread-1] INFO  server.RaftServerConfigKeys (ConfUtils.java:logGet(44)) - raft.server.storage.dir = [/home/runner/work/ozone/ozone/mnt/ozone/hadoop-ozone/integration-test/target/test-dir/MiniOzoneClusterImpl-4602a15a-46b8-476b-8e6e-aec7ac1b4dac/datanode-1/data/ratis] (custom)
2021-07-28 21:21:08,299 [pool-72-thread-1] INFO  server.RaftServerConfigKeys (ConfUtils.java:logGet(44)) - raft.server.log.corruption.policy = EXCEPTION (default)
2021-07-28 21:21:08,299 [pool-72-thread-1] INFO  server.RaftServerConfigKeys (ConfUtils.java:logGet(44)) - raft.server.storage.free-space.min = 0MB (=0) (default)
2021-07-28 21:21:08,299 [pool-72-thread-1] INFO  storage.RaftStorageDirectory (RaftStorageDirectoryImpl.java:analyzeStorage(135)) - The storage directory /home/runner/work/ozone/ozone/mnt/ozone/hadoop-ozone/integration-test/target/test-dir/MiniOzoneClusterImpl-4602a15a-46b8-476b-8e6e-aec7ac1b4dac/datanode-1/data/ratis/b2245f73-ed63-4306-962e-d6b3473ba663 does not exist. Creating ...
2021-07-28 21:21:08,300 [pool-72-thread-1] INFO  storage.RaftStorageDirectory (RaftStorageDirectoryImpl.java:tryLock(230)) - Lock on /home/runner/work/ozone/ozone/mnt/ozone/hadoop-ozone/integration-test/target/test-dir/MiniOzoneClusterImpl-4602a15a-46b8-476b-8e6e-aec7ac1b4dac/datanode-1/data/ratis/b2245f73-ed63-4306-962e-d6b3473ba663/in_use.lock acquired by nodename 31090@fv-az151-48
2021-07-28 21:21:08,301 [pool-72-thread-1] INFO  storage.RaftStorage (RaftStorageImpl.java:format(89)) - Storage directory /home/runner/work/ozone/ozone/mnt/ozone/hadoop-ozone/integration-test/target/test-dir/MiniOzoneClusterImpl-4602a15a-46b8-476b-8e6e-aec7ac1b4dac/datanode-1/data/ratis/b2245f73-ed63-4306-962e-d6b3473ba663 has been successfully formatted.
2021-07-28 21:21:08,302 [EventQueue-PipelineReportForPipelineReportHandler] INFO  pipeline.PipelineReportHandler (PipelineReportHandler.java:processPipelineReport(111)) - Reported pipeline PipelineID=fcf11422-afc2-4eea-9cef-4f9c023e6286 is not found
2021-07-28 21:21:08,302 [pool-72-thread-1] INFO  ratis.ContainerStateMachine (ContainerStateMachine.java:loadSnapshot(223)) - group-D6B3473BA663: The snapshot info is null. Setting the last applied indexto:(t:0, i:~)
2021-07-28 21:21:08,303 [pool-72-thread-1] INFO  server.RaftServerConfigKeys (ConfUtils.java:logGet(44)) - raft.server.notification.no-leader.timeout = 300s (custom)
2021-07-28 21:21:08,303 [pool-72-thread-1] INFO  server.RaftServerConfigKeys (ConfUtils.java:logGet(44)) - raft.server.log.use.memory = false (default)
2021-07-28 21:21:08,303 [pool-72-thread-1] INFO  server.RaftServerConfigKeys (ConfUtils.java:logGet(44)) - raft.server.log.purge.gap = 1000000 (custom)
2021-07-28 21:21:08,303 [pool-72-thread-1] INFO  server.RaftServerConfigKeys (ConfUtils.java:logGet(44)) - raft.server.log.appender.buffer.byte-limit = 33554432 (custom)
2021-07-28 21:21:08,303 [pool-72-thread-1] INFO  server.RaftServerConfigKeys (ConfUtils.java:logGet(44)) - raft.server.log.segment.size.max = 1048576 (custom)
2021-07-28 21:21:08,304 [pool-72-thread-1] INFO  server.RaftServerConfigKeys (ConfUtils.java:logGet(44)) - raft.server.log.segment.cache.num.max = 2 (custom)
2021-07-28 21:21:08,304 [pool-72-thread-1] INFO  server.RaftServerConfigKeys (ConfUtils.java:logGet(44)) - raft.server.log.segment.cache.size.max = 200MB (=209715200) (default)
2021-07-28 21:21:08,304 [pool-72-thread-1] INFO  segmented.SegmentedRaftLogWorker (SegmentedRaftLogWorker.java:<init>(182)) - new 684a6605-a0ea-4f4a-a756-567e88d15665@group-D6B3473BA663-SegmentedRaftLogWorker for RaftStorageImpl:Storage Directory /home/runner/work/ozone/ozone/mnt/ozone/hadoop-ozone/integration-test/target/test-dir/MiniOzoneClusterImpl-4602a15a-46b8-476b-8e6e-aec7ac1b4dac/datanode-1/data/ratis/b2245f73-ed63-4306-962e-d6b3473ba663
2021-07-28 21:21:08,304 [pool-72-thread-1] INFO  server.RaftServerConfigKeys (ConfUtils.java:logGet(44)) - raft.server.log.queue.byte-limit = 2147483647 (custom)
2021-07-28 21:21:08,304 [pool-72-thread-1] INFO  server.RaftServerConfigKeys (ConfUtils.java:logGet(44)) - raft.server.log.queue.element-limit = 1024 (custom)
2021-07-28 21:21:08,304 [pool-72-thread-1] INFO  server.RaftServerConfigKeys (ConfUtils.java:logGet(44)) - raft.server.log.segment.size.max = 1048576 (custom)
2021-07-28 21:21:08,304 [pool-72-thread-1] INFO  server.RaftServerConfigKeys (ConfUtils.java:logGet(44)) - raft.server.log.preallocated.size = 16384 (custom)
2021-07-28 21:21:08,304 [pool-72-thread-1] INFO  server.RaftServerConfigKeys (ConfUtils.java:logGet(44)) - raft.server.log.force.sync.num = 128 (default)
2021-07-28 21:21:08,304 [pool-72-thread-1] INFO  server.RaftServerConfigKeys (ConfUtils.java:logGet(44)) - raft.server.log.statemachine.data.sync = true (default)
2021-07-28 21:21:08,304 [pool-72-thread-1] INFO  server.RaftServerConfigKeys (ConfUtils.java:logGet(44)) - raft.server.log.statemachine.data.sync.timeout = 10s (default)
2021-07-28 21:21:08,304 [pool-72-thread-1] INFO  server.RaftServerConfigKeys (ConfUtils.java:logGet(44)) - raft.server.log.statemachine.data.sync.timeout.retry = -1 (default)
2021-07-28 21:21:08,306 [pool-72-thread-1] INFO  server.RaftServerConfigKeys (ConfUtils.java:logGet(44)) - raft.server.log.write.buffer.size = 1048576 (custom)
2021-07-28 21:21:08,307 [pool-72-thread-1] INFO  server.RaftServerConfigKeys (ConfUtils.java:logGet(44)) - raft.server.log.statemachine.data.caching.enabled = true (custom)
2021-07-28 21:21:08,307 [pool-72-thread-1] INFO  segmented.SegmentedRaftLogWorker (SegmentedRaftLogWorker.java:lambda$new$0(133)) - 684a6605-a0ea-4f4a-a756-567e88d15665@group-D6B3473BA663-SegmentedRaftLogWorker: flushIndex: setUnconditionally 0 -> -1
2021-07-28 21:21:08,307 [pool-72-thread-1] INFO  segmented.SegmentedRaftLogWorker (SegmentedRaftLogWorker.java:lambda$new$0(133)) - 684a6605-a0ea-4f4a-a756-567e88d15665@group-D6B3473BA663-SegmentedRaftLogWorker: safeCacheEvictIndex: setUnconditionally 0 -> -1
2021-07-28 21:21:08,316 [pool-72-thread-1] INFO  server.RaftServerConfigKeys (ConfUtils.java:logGet(44)) - raft.server.snapshot.auto.trigger.enabled = true (custom)
2021-07-28 21:21:08,316 [pool-72-thread-1] INFO  server.RaftServerConfigKeys (ConfUtils.java:logGet(44)) - raft.server.snapshot.auto.trigger.threshold = 10000 (custom)
2021-07-28 21:21:08,316 [pool-72-thread-1] INFO  server.RaftServerConfigKeys (ConfUtils.java:logGet(44)) - raft.server.snapshot.retention.file.num = 5 (custom)
2021-07-28 21:21:08,316 [pool-72-thread-1] INFO  server.RaftServerConfigKeys (ConfUtils.java:logGet(44)) - raft.server.log.purge.upto.snapshot.index = false (default)
2021-07-28 21:21:08,316 [pool-72-thread-1] INFO  server.RaftServerConfigKeys (ConfUtils.java:logGet(44)) - raft.server.retrycache.expirytime = 600000ms (custom)
2021-07-28 21:21:08,317 [pool-72-thread-1] INFO  server.RaftServerConfigKeys (ConfUtils.java:logGet(44)) - raft.server.retrycache.statistics.expirytime = 100μs (default)
2021-07-28 21:21:08,317 [pool-72-thread-1] INFO  server.RaftServer$Division (RaftServerImpl.java:start(296)) - 684a6605-a0ea-4f4a-a756-567e88d15665@group-D6B3473BA663: start as a follower, conf=-1: [31a275a1-7e4f-41f8-9eef-5428a3a9a47f|rpc:10.1.0.18:39893|dataStream:|priority:0, 9c0f3aab-f21e-4a40-b90a-e278bd611599|rpc:10.1.0.18:40769|dataStream:|priority:1, 684a6605-a0ea-4f4a-a756-567e88d15665|rpc:10.1.0.18:41617|dataStream:|priority:0], old=null
2021-07-28 21:21:08,317 [pool-72-thread-1] INFO  server.RaftServer$Division (RaftServerImpl.java:setRole(285)) - 684a6605-a0ea-4f4a-a756-567e88d15665@group-D6B3473BA663: changes role from      null to FOLLOWER at term 0 for startAsFollower
2021-07-28 21:21:08,317 [pool-72-thread-1] INFO  impl.RoleInfo (RoleInfo.java:updateAndGet(130)) - 684a6605-a0ea-4f4a-a756-567e88d15665: start 684a6605-a0ea-4f4a-a756-567e88d15665@group-D6B3473BA663-FollowerState
2021-07-28 21:21:08,320 [pool-72-thread-1] INFO  util.JmxRegister (JmxRegister.java:tryRegister(44)) - Successfully registered JMX Bean with object name Ratis:service=RaftServer,group=group-D6B3473BA663,id=684a6605-a0ea-4f4a-a756-567e88d15665
2021-07-28 21:21:08,333 [grpc-default-executor-1] INFO  server.RaftServer (RaftServerProxy.java:addNew(95)) - 31a275a1-7e4f-41f8-9eef-5428a3a9a47f: addNew group-D6B3473BA663:[31a275a1-7e4f-41f8-9eef-5428a3a9a47f|rpc:10.1.0.18:39893|dataStream:|priority:0, 9c0f3aab-f21e-4a40-b90a-e278bd611599|rpc:10.1.0.18:40769|dataStream:|priority:1, 684a6605-a0ea-4f4a-a756-567e88d15665|rpc:10.1.0.18:41617|dataStream:|priority:0] returns group-D6B3473BA663:java.util.concurrent.CompletableFuture@2e07875d[Not completed]
2021-07-28 21:21:08,334 [pool-128-thread-1] INFO  server.RaftServer$Division (RaftServerImpl.java:<init>(181)) - 31a275a1-7e4f-41f8-9eef-5428a3a9a47f: new RaftServerImpl for group-D6B3473BA663:[31a275a1-7e4f-41f8-9eef-5428a3a9a47f|rpc:10.1.0.18:39893|dataStream:|priority:0, 9c0f3aab-f21e-4a40-b90a-e278bd611599|rpc:10.1.0.18:40769|dataStream:|priority:1, 684a6605-a0ea-4f4a-a756-567e88d15665|rpc:10.1.0.18:41617|dataStream:|priority:0] with ContainerStateMachine:uninitialized
2021-07-28 21:21:08,334 [pool-128-thread-1] INFO  server.RaftServerConfigKeys (ConfUtils.java:logGet(44)) - raft.server.rpc.timeout.min = 5s (custom)
2021-07-28 21:21:08,334 [pool-128-thread-1] INFO  server.RaftServerConfigKeys (ConfUtils.java:logGet(44)) - raft.server.rpc.timeout.max = 5200ms (custom)
2021-07-28 21:21:08,334 [pool-128-thread-1] INFO  server.RaftServerConfigKeys (ConfUtils.java:logGet(44)) - raft.server.rpc.sleep.time = 25ms (default)
2021-07-28 21:21:08,334 [pool-128-thread-1] INFO  server.RaftServerConfigKeys (ConfUtils.java:logGet(44)) - raft.server.rpc.slowness.timeout = 300s (custom)
2021-07-28 21:21:08,334 [pool-128-thread-1] INFO  server.RaftServerConfigKeys (ConfUtils.java:logGet(44)) - raft.server.leaderelection.leader.step-down.wait-time = 10s (default)
2021-07-28 21:21:08,334 [pool-128-thread-1] INFO  server.RaftServerConfigKeys (ConfUtils.java:logGet(44)) - raft.server.sleep.deviation.threshold = 300ms (default)
2021-07-28 21:21:08,334 [pool-128-thread-1] INFO  server.RaftServerConfigKeys (ConfUtils.java:logGet(44)) - raft.server.log.appender.install.snapshot.enabled = false (custom)
2021-07-28 21:21:08,334 [pool-128-thread-1] INFO  server.RaftServer$Division (ServerState.java:<init>(105)) - 31a275a1-7e4f-41f8-9eef-5428a3a9a47f@group-D6B3473BA663: ConfigurationManager, init=-1: [31a275a1-7e4f-41f8-9eef-5428a3a9a47f|rpc:10.1.0.18:39893|dataStream:|priority:0, 9c0f3aab-f21e-4a40-b90a-e278bd611599|rpc:10.1.0.18:40769|dataStream:|priority:1, 684a6605-a0ea-4f4a-a756-567e88d15665|rpc:10.1.0.18:41617|dataStream:|priority:0], old=null, confs=<EMPTY_MAP>
2021-07-28 21:21:08,334 [pool-128-thread-1] INFO  server.RaftServerConfigKeys (ConfUtils.java:logGet(44)) - raft.server.storage.dir = [/home/runner/work/ozone/ozone/mnt/ozone/hadoop-ozone/integration-test/target/test-dir/MiniOzoneClusterImpl-4602a15a-46b8-476b-8e6e-aec7ac1b4dac/datanode-0/data/ratis] (custom)
2021-07-28 21:21:08,334 [pool-128-thread-1] INFO  server.RaftServerConfigKeys (ConfUtils.java:logGet(44)) - raft.server.log.corruption.policy = EXCEPTION (default)
2021-07-28 21:21:08,334 [pool-128-thread-1] INFO  server.RaftServerConfigKeys (ConfUtils.java:logGet(44)) - raft.server.storage.free-space.min = 0MB (=0) (default)
2021-07-28 21:21:08,335 [pool-128-thread-1] INFO  storage.RaftStorageDirectory (RaftStorageDirectoryImpl.java:analyzeStorage(135)) - The storage directory /home/runner/work/ozone/ozone/mnt/ozone/hadoop-ozone/integration-test/target/test-dir/MiniOzoneClusterImpl-4602a15a-46b8-476b-8e6e-aec7ac1b4dac/datanode-0/data/ratis/b2245f73-ed63-4306-962e-d6b3473ba663 does not exist. Creating ...
2021-07-28 21:21:08,336 [pool-128-thread-1] INFO  storage.RaftStorageDirectory (RaftStorageDirectoryImpl.java:tryLock(230)) - Lock on /home/runner/work/ozone/ozone/mnt/ozone/hadoop-ozone/integration-test/target/test-dir/MiniOzoneClusterImpl-4602a15a-46b8-476b-8e6e-aec7ac1b4dac/datanode-0/data/ratis/b2245f73-ed63-4306-962e-d6b3473ba663/in_use.lock acquired by nodename 31090@fv-az151-48
2021-07-28 21:21:08,337 [pool-128-thread-1] INFO  storage.RaftStorage (RaftStorageImpl.java:format(89)) - Storage directory /home/runner/work/ozone/ozone/mnt/ozone/hadoop-ozone/integration-test/target/test-dir/MiniOzoneClusterImpl-4602a15a-46b8-476b-8e6e-aec7ac1b4dac/datanode-0/data/ratis/b2245f73-ed63-4306-962e-d6b3473ba663 has been successfully formatted.
2021-07-28 21:21:08,337 [pool-128-thread-1] INFO  ratis.ContainerStateMachine (ContainerStateMachine.java:loadSnapshot(223)) - group-D6B3473BA663: The snapshot info is null. Setting the last applied indexto:(t:0, i:~)
2021-07-28 21:21:08,337 [Datanode State Machine Thread - 0] WARN  statemachine.StateContext (StateContext.java:execute(621)) - No available thread in pool for past 0 seconds.
2021-07-28 21:21:08,337 [pool-128-thread-1] INFO  server.RaftServerConfigKeys (ConfUtils.java:logGet(44)) - raft.server.notification.no-leader.timeout = 300s (custom)
2021-07-28 21:21:08,338 [pool-128-thread-1] INFO  server.RaftServerConfigKeys (ConfUtils.java:logGet(44)) - raft.server.log.use.memory = false (default)
2021-07-28 21:21:08,338 [pool-128-thread-1] INFO  server.RaftServerConfigKeys (ConfUtils.java:logGet(44)) - raft.server.log.purge.gap = 1000000 (custom)
2021-07-28 21:21:08,338 [pool-128-thread-1] INFO  server.RaftServerConfigKeys (ConfUtils.java:logGet(44)) - raft.server.log.appender.buffer.byte-limit = 33554432 (custom)
2021-07-28 21:21:08,338 [EventQueue-PipelineReportForPipelineReportHandler] INFO  pipeline.PipelineReportHandler (PipelineReportHandler.java:processPipelineReport(111)) - Reported pipeline PipelineID=fcf11422-afc2-4eea-9cef-4f9c023e6286 is not found
2021-07-28 21:21:08,338 [pool-128-thread-1] INFO  server.RaftServerConfigKeys (ConfUtils.java:logGet(44)) - raft.server.log.segment.size.max = 1048576 (custom)
2021-07-28 21:21:08,338 [pool-128-thread-1] INFO  server.RaftServerConfigKeys (ConfUtils.java:logGet(44)) - raft.server.log.segment.cache.num.max = 2 (custom)
2021-07-28 21:21:08,339 [pool-128-thread-1] INFO  server.RaftServerConfigKeys (ConfUtils.java:logGet(44)) - raft.server.log.segment.cache.size.max = 200MB (=209715200) (default)
2021-07-28 21:21:08,339 [pool-128-thread-1] INFO  segmented.SegmentedRaftLogWorker (SegmentedRaftLogWorker.java:<init>(182)) - new 31a275a1-7e4f-41f8-9eef-5428a3a9a47f@group-D6B3473BA663-SegmentedRaftLogWorker for RaftStorageImpl:Storage Directory /home/runner/work/ozone/ozone/mnt/ozone/hadoop-ozone/integration-test/target/test-dir/MiniOzoneClusterImpl-4602a15a-46b8-476b-8e6e-aec7ac1b4dac/datanode-0/data/ratis/b2245f73-ed63-4306-962e-d6b3473ba663
2021-07-28 21:21:08,339 [pool-128-thread-1] INFO  server.RaftServerConfigKeys (ConfUtils.java:logGet(44)) - raft.server.log.queue.byte-limit = 2147483647 (custom)
2021-07-28 21:21:08,339 [pool-128-thread-1] INFO  server.RaftServerConfigKeys (ConfUtils.java:logGet(44)) - raft.server.log.queue.element-limit = 1024 (custom)
2021-07-28 21:21:08,339 [pool-128-thread-1] INFO  server.RaftServerConfigKeys (ConfUtils.java:logGet(44)) - raft.server.log.segment.size.max = 1048576 (custom)
2021-07-28 21:21:08,339 [pool-128-thread-1] INFO  server.RaftServerConfigKeys (ConfUtils.java:logGet(44)) - raft.server.log.preallocated.size = 16384 (custom)
2021-07-28 21:21:08,339 [pool-128-thread-1] INFO  server.RaftServerConfigKeys (ConfUtils.java:logGet(44)) - raft.server.log.force.sync.num = 128 (default)
2021-07-28 21:21:08,339 [pool-128-thread-1] INFO  server.RaftServerConfigKeys (ConfUtils.java:logGet(44)) - raft.server.log.statemachine.data.sync = true (default)
2021-07-28 21:21:08,339 [pool-128-thread-1] INFO  server.RaftServerConfigKeys (ConfUtils.java:logGet(44)) - raft.server.log.statemachine.data.sync.timeout = 10s (default)
2021-07-28 21:21:08,339 [pool-128-thread-1] INFO  server.RaftServerConfigKeys (ConfUtils.java:logGet(44)) - raft.server.log.statemachine.data.sync.timeout.retry = -1 (default)
2021-07-28 21:21:08,340 [pool-128-thread-1] INFO  server.RaftServerConfigKeys (ConfUtils.java:logGet(44)) - raft.server.log.write.buffer.size = 1048576 (custom)
2021-07-28 21:21:08,340 [pool-128-thread-1] INFO  server.RaftServerConfigKeys (ConfUtils.java:logGet(44)) - raft.server.log.statemachine.data.caching.enabled = true (custom)
2021-07-28 21:21:08,341 [pool-128-thread-1] INFO  segmented.SegmentedRaftLogWorker (SegmentedRaftLogWorker.java:lambda$new$0(133)) - 31a275a1-7e4f-41f8-9eef-5428a3a9a47f@group-D6B3473BA663-SegmentedRaftLogWorker: flushIndex: setUnconditionally 0 -> -1
2021-07-28 21:21:08,341 [pool-128-thread-1] INFO  segmented.SegmentedRaftLogWorker (SegmentedRaftLogWorker.java:lambda$new$0(133)) - 31a275a1-7e4f-41f8-9eef-5428a3a9a47f@group-D6B3473BA663-SegmentedRaftLogWorker: safeCacheEvictIndex: setUnconditionally 0 -> -1
2021-07-28 21:21:08,341 [pool-128-thread-1] INFO  server.RaftServerConfigKeys (ConfUtils.java:logGet(44)) - raft.server.snapshot.auto.trigger.enabled = true (custom)
2021-07-28 21:21:08,341 [pool-128-thread-1] INFO  server.RaftServerConfigKeys (ConfUtils.java:logGet(44)) - raft.server.snapshot.auto.trigger.threshold = 10000 (custom)
2021-07-28 21:21:08,341 [pool-128-thread-1] INFO  server.RaftServerConfigKeys (ConfUtils.java:logGet(44)) - raft.server.snapshot.retention.file.num = 5 (custom)
2021-07-28 21:21:08,341 [pool-128-thread-1] INFO  server.RaftServerConfigKeys (ConfUtils.java:logGet(44)) - raft.server.log.purge.upto.snapshot.index = false (default)
2021-07-28 21:21:08,341 [pool-128-thread-1] INFO  server.RaftServerConfigKeys (ConfUtils.java:logGet(44)) - raft.server.retrycache.expirytime = 600000ms (custom)
2021-07-28 21:21:08,341 [pool-128-thread-1] INFO  server.RaftServerConfigKeys (ConfUtils.java:logGet(44)) - raft.server.retrycache.statistics.expirytime = 100μs (default)
2021-07-28 21:21:08,342 [pool-128-thread-1] INFO  server.RaftServer$Division (RaftServerImpl.java:start(296)) - 31a275a1-7e4f-41f8-9eef-5428a3a9a47f@group-D6B3473BA663: start as a follower, conf=-1: [31a275a1-7e4f-41f8-9eef-5428a3a9a47f|rpc:10.1.0.18:39893|dataStream:|priority:0, 9c0f3aab-f21e-4a40-b90a-e278bd611599|rpc:10.1.0.18:40769|dataStream:|priority:1, 684a6605-a0ea-4f4a-a756-567e88d15665|rpc:10.1.0.18:41617|dataStream:|priority:0], old=null
2021-07-28 21:21:08,342 [pool-128-thread-1] INFO  server.RaftServer$Division (RaftServerImpl.java:setRole(285)) - 31a275a1-7e4f-41f8-9eef-5428a3a9a47f@group-D6B3473BA663: changes role from      null to FOLLOWER at term 0 for startAsFollower
2021-07-28 21:21:08,342 [pool-128-thread-1] INFO  impl.RoleInfo (RoleInfo.java:updateAndGet(130)) - 31a275a1-7e4f-41f8-9eef-5428a3a9a47f: start 31a275a1-7e4f-41f8-9eef-5428a3a9a47f@group-D6B3473BA663-FollowerState
2021-07-28 21:21:08,343 [pool-128-thread-1] INFO  util.JmxRegister (JmxRegister.java:tryRegister(44)) - Successfully registered JMX Bean with object name Ratis:service=RaftServer,group=group-D6B3473BA663,id=31a275a1-7e4f-41f8-9eef-5428a3a9a47f
2021-07-28 21:21:08,345 [Command processor thread] INFO  commandhandler.CreatePipelineCommandHandler (CreatePipelineCommandHandler.java:handle(106)) - Created Pipeline RATIS THREE PipelineID=b2245f73-ed63-4306-962e-d6b3473ba663.
2021-07-28 21:21:08,391 [SCMBlockDeletingService#0] DEBUG block.SCMBlockDeletingService (SCMBlockDeletingService.java:call(131)) - Running DeletedBlockTransactionScanner
2021-07-28 21:21:08,491 [SCMBlockDeletingService#0] DEBUG block.SCMBlockDeletingService (SCMBlockDeletingService.java:call(131)) - Running DeletedBlockTransactionScanner
2021-07-28 21:21:08,591 [SCMBlockDeletingService#0] DEBUG block.SCMBlockDeletingService (SCMBlockDeletingService.java:call(131)) - Running DeletedBlockTransactionScanner
2021-07-28 21:21:08,692 [SCMBlockDeletingService#0] DEBUG block.SCMBlockDeletingService (SCMBlockDeletingService.java:call(131)) - Running DeletedBlockTransactionScanner
2021-07-28 21:21:08,792 [SCMBlockDeletingService#0] DEBUG block.SCMBlockDeletingService (SCMBlockDeletingService.java:call(131)) - Running DeletedBlockTransactionScanner
2021-07-28 21:21:08,856 [Listener at 127.0.0.1/35523] INFO  ozone.MiniOzoneClusterImpl (MiniOzoneClusterImpl.java:lambda$waitForClusterToBeReady$0(235)) - Nodes are ready. Got 3 of 3 DN Heartbeats.
2021-07-28 21:21:08,856 [Listener at 127.0.0.1/35523] INFO  ozone.MiniOzoneClusterImpl (MiniOzoneClusterImpl.java:lambda$waitForClusterToBeReady$0(238)) - Cluster exits safe mode
2021-07-28 21:21:08,857 [Listener at 127.0.0.1/35523] INFO  ozone.MiniOzoneClusterImpl (MiniOzoneClusterImpl.java:lambda$waitForClusterToBeReady$0(240)) - SCM became leader
2021-07-28 21:21:08,864 [Command processor thread] INFO  server.RaftServer (RaftServerProxy.java:remove(106)) - 31a275a1-7e4f-41f8-9eef-5428a3a9a47f: remove  FOLLOWER 31a275a1-7e4f-41f8-9eef-5428a3a9a47f@group-4F9C023E6286:t11, leader=9c0f3aab-f21e-4a40-b90a-e278bd611599, voted=9c0f3aab-f21e-4a40-b90a-e278bd611599, raftlog=31a275a1-7e4f-41f8-9eef-5428a3a9a47f@group-4F9C023E6286-SegmentedRaftLog:OPENED:c14,f14,i14, conf=0: [31a275a1-7e4f-41f8-9eef-5428a3a9a47f|rpc:10.1.0.18:39893|dataStream:|priority:0, 9c0f3aab-f21e-4a40-b90a-e278bd611599|rpc:10.1.0.18:40769|dataStream:|priority:1, 684a6605-a0ea-4f4a-a756-567e88d15665|rpc:10.1.0.18:41617|dataStream:|priority:0], old=null RUNNING
2021-07-28 21:21:08,864 [Command processor thread] INFO  server.RaftServer$Division (RaftServerImpl.java:lambda$close$4(407)) - 31a275a1-7e4f-41f8-9eef-5428a3a9a47f@group-4F9C023E6286: shutdown
2021-07-28 21:21:08,864 [Command processor thread] INFO  util.JmxRegister (JmxRegister.java:unregister(73)) - Successfully un-registered JMX Bean with object name Ratis:service=RaftServer,group=group-4F9C023E6286,id=31a275a1-7e4f-41f8-9eef-5428a3a9a47f
2021-07-28 21:21:08,865 [Command processor thread] INFO  impl.RoleInfo (RoleInfo.java:shutdownFollowerState(108)) - 31a275a1-7e4f-41f8-9eef-5428a3a9a47f: shutdown 31a275a1-7e4f-41f8-9eef-5428a3a9a47f@group-4F9C023E6286-FollowerState
2021-07-28 21:21:08,865 [Command processor thread] INFO  impl.StateMachineUpdater (StateMachineUpdater.java:stopAndJoin(149)) - 31a275a1-7e4f-41f8-9eef-5428a3a9a47f@group-4F9C023E6286-StateMachineUpdater: set stopIndex = 14
2021-07-28 21:21:08,865 [31a275a1-7e4f-41f8-9eef-5428a3a9a47f@group-4F9C023E6286-FollowerState] INFO  impl.FollowerState (FollowerState.java:run(143)) - 31a275a1-7e4f-41f8-9eef-5428a3a9a47f@group-4F9C023E6286-FollowerState was interrupted: {}
java.lang.InterruptedException: sleep interrupted
	at java.lang.Thread.sleep(Native Method)
	at java.lang.Thread.sleep(Thread.java:340)
	at java.util.concurrent.TimeUnit.sleep(TimeUnit.java:386)
	at org.apache.ratis.util.TimeDuration.sleep(TimeDuration.java:324)
	at org.apache.ratis.util.TimeDuration.sleep(TimeDuration.java:309)
	at org.apache.ratis.server.impl.FollowerState.run(FollowerState.java:118)
2021-07-28 21:21:08,867 [Command processor thread] INFO  server.RaftServer$Division (ServerState.java:close(419)) - 31a275a1-7e4f-41f8-9eef-5428a3a9a47f@group-4F9C023E6286: closes. applyIndex: 14
2021-07-28 21:21:08,868 [31a275a1-7e4f-41f8-9eef-5428a3a9a47f@group-4F9C023E6286-SegmentedRaftLogWorker] INFO  segmented.SegmentedRaftLogWorker (SegmentedRaftLogWorker.java:run(327)) - 31a275a1-7e4f-41f8-9eef-5428a3a9a47f@group-4F9C023E6286-SegmentedRaftLogWorker was interrupted, exiting. There are 0 tasks remaining in the queue.
2021-07-28 21:21:08,868 [Command processor thread] INFO  segmented.SegmentedRaftLogWorker (SegmentedRaftLogWorker.java:close(237)) - 31a275a1-7e4f-41f8-9eef-5428a3a9a47f@group-4F9C023E6286-SegmentedRaftLogWorker close()
2021-07-28 21:21:08,869 [Command processor thread] ERROR commandhandler.ClosePipelineCommandHandler (ClosePipelineCommandHandler.java:handle(78)) - Can't close pipeline PipelineID=fcf11422-afc2-4eea-9cef-4f9c023e6286
java.io.IOException: java.lang.NullPointerException
	at org.apache.hadoop.ozone.container.common.transport.server.ratis.XceiverServerRatis.removeGroup(XceiverServerRatis.java:777)
	at org.apache.hadoop.ozone.container.common.statemachine.commandhandler.ClosePipelineCommandHandler.handle(ClosePipelineCommandHandler.java:74)
	at org.apache.hadoop.ozone.container.common.statemachine.commandhandler.CommandDispatcher.handle(CommandDispatcher.java:99)
	at org.apache.hadoop.ozone.container.common.statemachine.DatanodeStateMachine.lambda$initCommandHandlerThread$2(DatanodeStateMachine.java:551)
	at java.lang.Thread.run(Thread.java:748)
Caused by: java.io.IOException: java.lang.NullPointerException
	at org.apache.ratis.util.IOUtils.asIOException(IOUtils.java:56)
	at org.apache.ratis.server.impl.RaftServerImpl.waitForReply(RaftServerImpl.java:898)
	at org.apache.ratis.server.impl.RaftServerProxy.groupManagement(RaftServerProxy.java:440)
	at org.apache.hadoop.ozone.container.common.transport.server.ratis.XceiverServerRatis.removeGroup(XceiverServerRatis.java:775)
	... 4 more
Caused by: java.lang.NullPointerException
	at org.apache.hadoop.ozone.container.ozoneimpl.ContainerController.markContainerForClose(ContainerController.java:83)
	at org.apache.hadoop.ozone.container.common.transport.server.ratis.ContainerStateMachine.notifyGroupRemove(ContainerStateMachine.java:901)
	at org.apache.ratis.server.impl.RaftServerImpl.groupRemove(RaftServerImpl.java:372)
	at org.apache.ratis.server.impl.RaftServerProxy.lambda$groupRemoveAsync$14(RaftServerProxy.java:507)
	at java.util.concurrent.CompletableFuture.uniApply(CompletableFuture.java:616)
	at java.util.concurrent.CompletableFuture.uniApplyStage(CompletableFuture.java:628)
	at java.util.concurrent.CompletableFuture.thenApply(CompletableFuture.java:1996)
	at org.apache.ratis.server.impl.RaftServerProxy.groupRemoveAsync(RaftServerProxy.java:506)
	at org.apache.ratis.server.impl.RaftServerProxy.groupManagementAsync(RaftServerProxy.java:460)
	... 6 more
2021-07-28 21:21:08,870 [Command processor thread] WARN  server.RaftServer (RaftServerProxy.java:remove(101)) - 31a275a1-7e4f-41f8-9eef-5428a3a9a47f: does not contain group: group-4F9C023E6286
2021-07-28 21:21:08,870 [Command processor thread] ERROR commandhandler.ClosePipelineCommandHandler (ClosePipelineCommandHandler.java:handle(78)) - Can't close pipeline PipelineID=fcf11422-afc2-4eea-9cef-4f9c023e6286
java.io.IOException: 31a275a1-7e4f-41f8-9eef-5428a3a9a47f: Group group-4F9C023E6286 not found.
	at org.apache.hadoop.ozone.container.common.transport.server.ratis.XceiverServerRatis.removeGroup(XceiverServerRatis.java:777)
	at org.apache.hadoop.ozone.container.common.statemachine.commandhandler.ClosePipelineCommandHandler.handle(ClosePipelineCommandHandler.java:74)
	at org.apache.hadoop.ozone.container.common.statemachine.commandhandler.CommandDispatcher.handle(CommandDispatcher.java:99)
	at org.apache.hadoop.ozone.container.common.statemachine.DatanodeStateMachine.lambda$initCommandHandlerThread$2(DatanodeStateMachine.java:551)
	at java.lang.Thread.run(Thread.java:748)
Caused by: org.apache.ratis.protocol.exceptions.GroupMismatchException: 31a275a1-7e4f-41f8-9eef-5428a3a9a47f: Group group-4F9C023E6286 not found.
	at org.apache.ratis.server.impl.RaftServerProxy.groupRemoveAsync(RaftServerProxy.java:504)
	at org.apache.ratis.server.impl.RaftServerProxy.groupManagementAsync(RaftServerProxy.java:460)
	at org.apache.ratis.server.impl.RaftServerProxy.groupManagement(RaftServerProxy.java:440)
	at org.apache.hadoop.ozone.container.common.transport.server.ratis.XceiverServerRatis.removeGroup(XceiverServerRatis.java:775)
	... 4 more
2021-07-28 21:21:08,892 [SCMBlockDeletingService#0] DEBUG block.SCMBlockDeletingService (SCMBlockDeletingService.java:call(131)) - Running DeletedBlockTransactionScanner
2021-07-28 21:21:08,957 [Listener at 127.0.0.1/35523] INFO  container.ReplicationManager (ReplicationManager.java:sendDeleteCommand(1456)) - Sending delete container command for container #1 to datanode 31a275a1-7e4f-41f8-9eef-5428a3a9a47f{ip: 10.1.0.18, host: fv-az151-48.yf2hydr00wburbhx3j5hxtcipe.bx.internal.cloudapp.net, ports: [REPLICATION=44483, RATIS=39893, RATIS_ADMIN=39893, RATIS_SERVER=39893, STANDALONE=45995], networkLocation: /default-rack, certSerialId: null, persistedOpState: IN_SERVICE, persistedOpStateExpiryEpochSec: 0}
2021-07-28 21:21:08,958 [Listener at 127.0.0.1/35523] DEBUG container.ReplicationManager (ReplicationManager.java:handleContainerUnderDelete(960)) - Resend delete Container command for ContainerInfo{id=1, state=DELETING, pipelineID=PipelineID=fcf11422-afc2-4eea-9cef-4f9c023e6286, stateEnterTime=2021-07-28T21:20:43.750Z, owner=om1}
2021-07-28 21:21:08,958 [Listener at 127.0.0.1/35523] INFO  container.ReplicationManager (ReplicationManager.java:processAll(341)) - Replication Monitor Thread took 1 milliseconds for processing 1 containers.
2021-07-28 21:21:08,959 [Listener at 127.0.0.1/35523] INFO  ozone.MiniOzoneClusterImpl (MiniOzoneClusterImpl.java:shutdown(453)) - Shutting down the Mini Ozone Cluster
2021-07-28 21:21:08,959 [Listener at 127.0.0.1/35523] INFO  ozone.MiniOzoneClusterImpl (MiniOzoneClusterImpl.java:stop(468)) - Stopping the Mini Ozone Cluster
2021-07-28 21:21:08,960 [Listener at 127.0.0.1/35523] INFO  ozone.MiniOzoneClusterImpl (MiniOzoneClusterImpl.java:stopOM(550)) - Stopping the OzoneManager
2021-07-28 21:21:08,960 [Listener at 127.0.0.1/35523] INFO  om.OzoneManager (OzoneManager.java:stop(1601)) - Stopping Ozone Manager
2021-07-28 21:21:08,960 [Listener at 127.0.0.1/35523] INFO  ipc.Server (Server.java:stop(3414)) - Stopping server on 35523
2021-07-28 21:21:08,965 [IPC Server listener on 0] INFO  ipc.Server (Server.java:run(1376)) - Stopping IPC Server listener on 0
2021-07-28 21:21:08,967 [Listener at 127.0.0.1/35523] INFO  server.RaftServer (RaftServerProxy.java:lambda$close$6(391)) - om1: close
2021-07-28 21:21:08,967 [IPC Server Responder] INFO  ipc.Server (Server.java:run(1512)) - Stopping IPC Server Responder
2021-07-28 21:21:08,969 [Listener at 127.0.0.1/35523] INFO  server.RaftServer$Division (RaftServerImpl.java:lambda$close$4(407)) - om1@group-C5BA1605619E: shutdown
2021-07-28 21:21:08,969 [Listener at 127.0.0.1/35523] INFO  util.JmxRegister (JmxRegister.java:unregister(73)) - Successfully un-registered JMX Bean with object name Ratis:service=RaftServer,group=group-C5BA1605619E,id=om1
2021-07-28 21:21:08,969 [Listener at 127.0.0.1/35523] INFO  impl.RoleInfo (RoleInfo.java:shutdownLeaderState(91)) - om1: shutdown om1@group-C5BA1605619E-LeaderStateImpl
2021-07-28 21:21:08,969 [Listener at 127.0.0.1/35523] INFO  impl.PendingRequests (PendingRequests.java:sendNotLeaderResponses(249)) - om1@group-C5BA1605619E-PendingRequests: sendNotLeaderResponses
2021-07-28 21:21:08,972 [om1@group-C5BA1605619E-StateMachineUpdater] INFO  ratis.OzoneManagerStateMachine (OzoneManagerStateMachine.java:takeSnapshot(417)) - Current Snapshot Index (t:1, i:10)
2021-07-28 21:21:08,973 [om1@group-C5BA1605619E-StateMachineUpdater] INFO  impl.StateMachineUpdater (StateMachineUpdater.java:takeSnapshot(281)) - om1@group-C5BA1605619E-StateMachineUpdater: Took a snapshot at index 10
2021-07-28 21:21:08,973 [om1@group-C5BA1605619E-StateMachineUpdater] INFO  impl.StateMachineUpdater (StateMachineUpdater.java:lambda$new$0(89)) - om1@group-C5BA1605619E-StateMachineUpdater: snapshotIndex: updateIncreasingly -1 -> 10
2021-07-28 21:21:08,973 [om1@group-C5BA1605619E-StateMachineUpdater] INFO  ratis.OzoneManagerStateMachine (OzoneManagerStateMachine.java:close(471)) - StateMachine has shutdown. Shutdown OzoneManager if not already shutdown.
2021-07-28 21:21:08,973 [Listener at 127.0.0.1/35523] INFO  impl.StateMachineUpdater (StateMachineUpdater.java:stopAndJoin(149)) - om1@group-C5BA1605619E-StateMachineUpdater: set stopIndex = 10
2021-07-28 21:21:08,973 [Listener at 127.0.0.1/35523] INFO  server.RaftServer$Division (ServerState.java:close(419)) - om1@group-C5BA1605619E: closes. applyIndex: 10
2021-07-28 21:21:08,974 [om1@group-C5BA1605619E-SegmentedRaftLogWorker] INFO  segmented.SegmentedRaftLogWorker (SegmentedRaftLogWorker.java:run(327)) - om1@group-C5BA1605619E-SegmentedRaftLogWorker was interrupted, exiting. There are 0 tasks remaining in the queue.
2021-07-28 21:21:08,975 [Listener at 127.0.0.1/35523] INFO  segmented.SegmentedRaftLogWorker (SegmentedRaftLogWorker.java:close(237)) - om1@group-C5BA1605619E-SegmentedRaftLogWorker close()
2021-07-28 21:21:08,975 [Listener at 127.0.0.1/35523] INFO  server.GrpcService (GrpcService.java:closeImpl(262)) - om1: shutdown server with port 9872 now
2021-07-28 21:21:08,976 [Listener at 127.0.0.1/35523] INFO  server.GrpcService (GrpcService.java:closeImpl(271)) - om1: shutdown server with port 9872 successfully
2021-07-28 21:21:08,976 [org.apache.ratis.util.JvmPauseMonitor$$Lambda$526/117902049@236ec794] INFO  util.JvmPauseMonitor (JvmPauseMonitor.java:run(109)) - JvmPauseMonitor-om1: Stopped
2021-07-28 21:21:08,976 [Listener at 127.0.0.1/35523] INFO  ratis.OzoneManagerDoubleBuffer (OzoneManagerDoubleBuffer.java:stop(437)) - Stopping OMDoubleBuffer flush thread
2021-07-28 21:21:08,976 [OMDoubleBufferFlushThread] INFO  ratis.OzoneManagerDoubleBuffer (OzoneManagerDoubleBuffer.java:flushTransactions(356)) - OMDoubleBuffer flush thread OMDoubleBufferFlushThread is interrupted and will exit. OMDoubleBufferFlushThread
2021-07-28 21:21:08,978 [Listener at 127.0.0.1/35523] INFO  utils.BackgroundService (BackgroundService.java:shutdown(132)) - Shutting down service KeyDeletingService
2021-07-28 21:21:08,978 [Listener at 127.0.0.1/35523] INFO  handler.ContextHandler (ContextHandler.java:doStop(1154)) - Stopped o.e.j.w.WebAppContext@5331be15{ozoneManager,/,null,STOPPED}{file:/home/runner/work/ozone/ozone/mnt/ozone/hadoop-ozone/integration-test/target/test-classes/webapps/ozoneManager}
2021-07-28 21:21:08,979 [Listener at 127.0.0.1/35523] INFO  server.AbstractConnector (AbstractConnector.java:doStop(381)) - Stopped ServerConnector@4251b1ed{HTTP/1.1, (http/1.1)}{0.0.0.0:0}
2021-07-28 21:21:08,979 [Listener at 127.0.0.1/35523] INFO  server.session (HouseKeeper.java:stopScavenging(149)) - node0 Stopped scavenging
2021-07-28 21:21:08,979 [Listener at 127.0.0.1/35523] INFO  handler.ContextHandler (ContextHandler.java:doStop(1154)) - Stopped o.e.j.s.ServletContextHandler@e08853d{static,/static,file:///home/runner/work/ozone/ozone/mnt/ozone/hadoop-ozone/integration-test/target/test-classes/webapps/static,STOPPED}
2021-07-28 21:21:08,979 [Listener at 127.0.0.1/35523] INFO  handler.ContextHandler (ContextHandler.java:doStop(1154)) - Stopped o.e.j.s.ServletContextHandler@3d872a12{logs,/logs,file:///home/runner/work/ozone/ozone/mnt/ozone/hadoop-ozone/integration-test/target/log,STOPPED}
2021-07-28 21:21:08,981 [Listener at 127.0.0.1/35523] INFO  ozone.MiniOzoneClusterImpl (MiniOzoneClusterImpl.java:stopDatanodes(527)) - Stopping the HddsDatanodes
2021-07-28 21:21:08,992 [SCMBlockDeletingService#0] DEBUG block.SCMBlockDeletingService (SCMBlockDeletingService.java:call(131)) - Running DeletedBlockTransactionScanner
2021-07-28 21:21:09,070 [Datanode State Machine Thread - 0] INFO  statemachine.DatanodeStateMachine (DatanodeStateMachine.java:lambda$startDaemon$0(456)) - Ozone container server started.
2021-07-28 21:21:09,092 [SCMBlockDeletingService#0] DEBUG block.SCMBlockDeletingService (SCMBlockDeletingService.java:call(131)) - Running DeletedBlockTransactionScanner
2021-07-28 21:21:09,101 [Datanode State Machine Thread - 0] INFO  statemachine.DatanodeStateMachine (DatanodeStateMachine.java:lambda$startDaemon$0(456)) - Ozone container server started.
2021-07-28 21:21:09,193 [SCMBlockDeletingService#0] DEBUG block.SCMBlockDeletingService (SCMBlockDeletingService.java:call(131)) - Running DeletedBlockTransactionScanner
2021-07-28 21:21:09,293 [SCMBlockDeletingService#0] DEBUG block.SCMBlockDeletingService (SCMBlockDeletingService.java:call(131)) - Running DeletedBlockTransactionScanner
2021-07-28 21:21:09,393 [SCMBlockDeletingService#0] DEBUG block.SCMBlockDeletingService (SCMBlockDeletingService.java:call(131)) - Running DeletedBlockTransactionScanner
2021-07-28 21:21:09,493 [SCMBlockDeletingService#0] DEBUG block.SCMBlockDeletingService (SCMBlockDeletingService.java:call(131)) - Running DeletedBlockTransactionScanner
2021-07-28 21:21:09,593 [SCMBlockDeletingService#0] DEBUG block.SCMBlockDeletingService (SCMBlockDeletingService.java:call(131)) - Running DeletedBlockTransactionScanner
2021-07-28 21:21:09,693 [SCMBlockDeletingService#0] DEBUG block.SCMBlockDeletingService (SCMBlockDeletingService.java:call(131)) - Running DeletedBlockTransactionScanner
2021-07-28 21:21:09,794 [SCMBlockDeletingService#0] DEBUG block.SCMBlockDeletingService (SCMBlockDeletingService.java:call(131)) - Running DeletedBlockTransactionScanner
2021-07-28 21:21:09,894 [SCMBlockDeletingService#0] DEBUG block.SCMBlockDeletingService (SCMBlockDeletingService.java:call(131)) - Running DeletedBlockTransactionScanner
2021-07-28 21:21:09,994 [SCMBlockDeletingService#0] DEBUG block.SCMBlockDeletingService (SCMBlockDeletingService.java:call(131)) - Running DeletedBlockTransactionScanner
2021-07-28 21:21:10,094 [SCMBlockDeletingService#0] DEBUG block.SCMBlockDeletingService (SCMBlockDeletingService.java:call(131)) - Running DeletedBlockTransactionScanner
2021-07-28 21:21:10,194 [SCMBlockDeletingService#0] DEBUG block.SCMBlockDeletingService (SCMBlockDeletingService.java:call(131)) - Running DeletedBlockTransactionScanner
2021-07-28 21:21:10,294 [SCMBlockDeletingService#0] DEBUG block.SCMBlockDeletingService (SCMBlockDeletingService.java:call(131)) - Running DeletedBlockTransactionScanner
2021-07-28 21:21:10,395 [SCMBlockDeletingService#0] DEBUG block.SCMBlockDeletingService (SCMBlockDeletingService.java:call(131)) - Running DeletedBlockTransactionScanner
2021-07-28 21:21:10,495 [SCMBlockDeletingService#0] DEBUG block.SCMBlockDeletingService (SCMBlockDeletingService.java:call(131)) - Running DeletedBlockTransactionScanner
2021-07-28 21:21:10,595 [SCMBlockDeletingService#0] DEBUG block.SCMBlockDeletingService (SCMBlockDeletingService.java:call(131)) - Running DeletedBlockTransactionScanner
2021-07-28 21:21:10,695 [SCMBlockDeletingService#0] DEBUG block.SCMBlockDeletingService (SCMBlockDeletingService.java:call(131)) - Running DeletedBlockTransactionScanner
2021-07-28 21:21:10,795 [SCMBlockDeletingService#0] DEBUG block.SCMBlockDeletingService (SCMBlockDeletingService.java:call(131)) - Running DeletedBlockTransactionScanner
2021-07-28 21:21:10,895 [SCMBlockDeletingService#0] DEBUG block.SCMBlockDeletingService (SCMBlockDeletingService.java:call(131)) - Running DeletedBlockTransactionScanner
2021-07-28 21:21:10,996 [SCMBlockDeletingService#0] DEBUG block.SCMBlockDeletingService (SCMBlockDeletingService.java:call(131)) - Running DeletedBlockTransactionScanner
2021-07-28 21:21:11,096 [SCMBlockDeletingService#0] DEBUG block.SCMBlockDeletingService (SCMBlockDeletingService.java:call(131)) - Running DeletedBlockTransactionScanner
2021-07-28 21:21:11,196 [SCMBlockDeletingService#0] DEBUG block.SCMBlockDeletingService (SCMBlockDeletingService.java:call(131)) - Running DeletedBlockTransactionScanner
2021-07-28 21:21:11,296 [SCMBlockDeletingService#0] DEBUG block.SCMBlockDeletingService (SCMBlockDeletingService.java:call(131)) - Running DeletedBlockTransactionScanner
2021-07-28 21:21:11,396 [SCMBlockDeletingService#0] DEBUG block.SCMBlockDeletingService (SCMBlockDeletingService.java:call(131)) - Running DeletedBlockTransactionScanner
2021-07-28 21:21:11,497 [SCMBlockDeletingService#0] DEBUG block.SCMBlockDeletingService (SCMBlockDeletingService.java:call(131)) - Running DeletedBlockTransactionScanner
2021-07-28 21:21:11,597 [SCMBlockDeletingService#0] DEBUG block.SCMBlockDeletingService (SCMBlockDeletingService.java:call(131)) - Running DeletedBlockTransactionScanner
2021-07-28 21:21:11,697 [SCMBlockDeletingService#0] DEBUG block.SCMBlockDeletingService (SCMBlockDeletingService.java:call(131)) - Running DeletedBlockTransactionScanner
2021-07-28 21:21:11,797 [SCMBlockDeletingService#0] DEBUG block.SCMBlockDeletingService (SCMBlockDeletingService.java:call(131)) - Running DeletedBlockTransactionScanner
2021-07-28 21:21:11,897 [SCMBlockDeletingService#0] DEBUG block.SCMBlockDeletingService (SCMBlockDeletingService.java:call(131)) - Running DeletedBlockTransactionScanner
2021-07-28 21:21:11,942 [EventQueue-StaleNodeForStaleNodeHandler] INFO  node.StaleNodeHandler (StaleNodeHandler.java:onMessage(58)) - Datanode 684a6605-a0ea-4f4a-a756-567e88d15665{ip: 10.1.0.18, host: fv-az151-48.yf2hydr00wburbhx3j5hxtcipe.bx.internal.cloudapp.net, ports: [REPLICATION=43563, RATIS=41617, RATIS_ADMIN=41617, RATIS_SERVER=41617, STANDALONE=41527], networkLocation: /default-rack, certSerialId: null, persistedOpState: IN_SERVICE, persistedOpStateExpiryEpochSec: 0} moved to stale state. Finalizing its pipelines [PipelineID=b2245f73-ed63-4306-962e-d6b3473ba663]
2021-07-28 21:21:11,943 [EventQueue-StaleNodeForStaleNodeHandler] INFO  pipeline.PipelineManagerV2Impl (PipelineManagerV2Impl.java:closePipeline(343)) - Pipeline Pipeline[ Id: b2245f73-ed63-4306-962e-d6b3473ba663, Nodes: 9c0f3aab-f21e-4a40-b90a-e278bd611599{ip: 10.1.0.18, host: fv-az151-48.yf2hydr00wburbhx3j5hxtcipe.bx.internal.cloudapp.net, ports: [REPLICATION=34339, RATIS=40769, RATIS_ADMIN=40769, RATIS_SERVER=40769, STANDALONE=39191], networkLocation: /default-rack, certSerialId: null, persistedOpState: IN_SERVICE, persistedOpStateExpiryEpochSec: 0}684a6605-a0ea-4f4a-a756-567e88d15665{ip: 10.1.0.18, host: fv-az151-48.yf2hydr00wburbhx3j5hxtcipe.bx.internal.cloudapp.net, ports: [REPLICATION=43563, RATIS=41617, RATIS_ADMIN=41617, RATIS_SERVER=41617, STANDALONE=41527], networkLocation: /default-rack, certSerialId: null, persistedOpState: IN_SERVICE, persistedOpStateExpiryEpochSec: 0}31a275a1-7e4f-41f8-9eef-5428a3a9a47f{ip: 10.1.0.18, host: fv-az151-48.yf2hydr00wburbhx3j5hxtcipe.bx.internal.cloudapp.net, ports: [REPLICATION=44483, RATIS=39893, RATIS_ADMIN=39893, RATIS_SERVER=39893, STANDALONE=45995], networkLocation: /default-rack, certSerialId: null, persistedOpState: IN_SERVICE, persistedOpStateExpiryEpochSec: 0}, ReplicationConfig: RATIS/THREE, State:ALLOCATED, leaderId:, CreationTimestamp2021-07-28T21:21:08.037Z[Etc/UTC]] moved to CLOSED state
2021-07-28 21:21:11,943 [EventQueue-StaleNodeForStaleNodeHandler] INFO  node.StaleNodeHandler (StaleNodeHandler.java:onMessage(58)) - Datanode 31a275a1-7e4f-41f8-9eef-5428a3a9a47f{ip: 10.1.0.18, host: fv-az151-48.yf2hydr00wburbhx3j5hxtcipe.bx.internal.cloudapp.net, ports: [REPLICATION=44483, RATIS=39893, RATIS_ADMIN=39893, RATIS_SERVER=39893, STANDALONE=45995], networkLocation: /default-rack, certSerialId: null, persistedOpState: IN_SERVICE, persistedOpStateExpiryEpochSec: 0} moved to stale state. Finalizing its pipelines [PipelineID=b2245f73-ed63-4306-962e-d6b3473ba663]
2021-07-28 21:21:11,997 [SCMBlockDeletingService#0] DEBUG block.SCMBlockDeletingService (SCMBlockDeletingService.java:call(131)) - Running DeletedBlockTransactionScanner
2021-07-28 21:21:12,097 [SCMBlockDeletingService#0] DEBUG block.SCMBlockDeletingService (SCMBlockDeletingService.java:call(131)) - Running DeletedBlockTransactionScanner
2021-07-28 21:21:12,198 [SCMBlockDeletingService#0] DEBUG block.SCMBlockDeletingService (SCMBlockDeletingService.java:call(131)) - Running DeletedBlockTransactionScanner
2021-07-28 21:21:12,298 [SCMBlockDeletingService#0] DEBUG block.SCMBlockDeletingService (SCMBlockDeletingService.java:call(131)) - Running DeletedBlockTransactionScanner
2021-07-28 21:21:12,398 [SCMBlockDeletingService#0] DEBUG block.SCMBlockDeletingService (SCMBlockDeletingService.java:call(131)) - Running DeletedBlockTransactionScanner
2021-07-28 21:21:12,498 [SCMBlockDeletingService#0] DEBUG block.SCMBlockDeletingService (SCMBlockDeletingService.java:call(131)) - Running DeletedBlockTransactionScanner
2021-07-28 21:21:12,598 [SCMBlockDeletingService#0] DEBUG block.SCMBlockDeletingService (SCMBlockDeletingService.java:call(131)) - Running DeletedBlockTransactionScanner
2021-07-28 21:21:12,699 [SCMBlockDeletingService#0] DEBUG block.SCMBlockDeletingService (SCMBlockDeletingService.java:call(131)) - Running DeletedBlockTransactionScanner
2021-07-28 21:21:12,799 [SCMBlockDeletingService#0] DEBUG block.SCMBlockDeletingService (SCMBlockDeletingService.java:call(131)) - Running DeletedBlockTransactionScanner
2021-07-28 21:21:12,899 [SCMBlockDeletingService#0] DEBUG block.SCMBlockDeletingService (SCMBlockDeletingService.java:call(131)) - Running DeletedBlockTransactionScanner
2021-07-28 21:21:12,999 [SCMBlockDeletingService#0] DEBUG block.SCMBlockDeletingService (SCMBlockDeletingService.java:call(131)) - Running DeletedBlockTransactionScanner
2021-07-28 21:21:13,106 [SCMBlockDeletingService#0] DEBUG block.SCMBlockDeletingService (SCMBlockDeletingService.java:call(131)) - Running DeletedBlockTransactionScanner
2021-07-28 21:21:13,120 [684a6605-a0ea-4f4a-a756-567e88d15665@group-4F9C023E6286-FollowerState] INFO  impl.FollowerState (FollowerState.java:run(134)) - 684a6605-a0ea-4f4a-a756-567e88d15665@group-4F9C023E6286-FollowerState: change to CANDIDATE, lastRpcElapsedTime:5779510461ns, electionTimeout:5133ms
2021-07-28 21:21:13,121 [684a6605-a0ea-4f4a-a756-567e88d15665@group-4F9C023E6286-FollowerState] INFO  impl.RoleInfo (RoleInfo.java:shutdownFollowerState(108)) - 684a6605-a0ea-4f4a-a756-567e88d15665: shutdown 684a6605-a0ea-4f4a-a756-567e88d15665@group-4F9C023E6286-FollowerState
2021-07-28 21:21:13,121 [684a6605-a0ea-4f4a-a756-567e88d15665@group-4F9C023E6286-FollowerState] INFO  server.RaftServer$Division (RaftServerImpl.java:setRole(285)) - 684a6605-a0ea-4f4a-a756-567e88d15665@group-4F9C023E6286: changes role from  FOLLOWER to CANDIDATE at term 11 for changeToCandidate
2021-07-28 21:21:13,121 [684a6605-a0ea-4f4a-a756-567e88d15665@group-4F9C023E6286-FollowerState] INFO  server.RaftServerConfigKeys (ConfUtils.java:logGet(44)) - raft.server.leaderelection.pre-vote = false (custom)
2021-07-28 21:21:13,121 [684a6605-a0ea-4f4a-a756-567e88d15665@group-4F9C023E6286-FollowerState] INFO  impl.RoleInfo (RoleInfo.java:updateAndGet(130)) - 684a6605-a0ea-4f4a-a756-567e88d15665: start 684a6605-a0ea-4f4a-a756-567e88d15665@group-4F9C023E6286-LeaderElection14
2021-07-28 21:21:13,121 [684a6605-a0ea-4f4a-a756-567e88d15665@group-4F9C023E6286-LeaderElection14] INFO  server.RaftServer$Division (ServerState.java:setLeader(285)) - 684a6605-a0ea-4f4a-a756-567e88d15665@group-4F9C023E6286: change Leader from 9c0f3aab-f21e-4a40-b90a-e278bd611599 to null at term 11 for ELECTION
2021-07-28 21:21:13,123 [684a6605-a0ea-4f4a-a756-567e88d15665@group-4F9C023E6286-LeaderElection14] INFO  impl.LeaderElection (LeaderElection.java:askForVotes(306)) - 684a6605-a0ea-4f4a-a756-567e88d15665@group-4F9C023E6286-LeaderElection14 ELECTION round 0: submit vote requests at term 12 for 0: [31a275a1-7e4f-41f8-9eef-5428a3a9a47f|rpc:10.1.0.18:39893|dataStream:|priority:0, 9c0f3aab-f21e-4a40-b90a-e278bd611599|rpc:10.1.0.18:40769|dataStream:|priority:1, 684a6605-a0ea-4f4a-a756-567e88d15665|rpc:10.1.0.18:41617|dataStream:|priority:0], old=null
2021-07-28 21:21:13,129 [grpc-default-executor-1] WARN  server.GrpcServerProtocolService (LogUtils.java:warn(124)) - 9c0f3aab-f21e-4a40-b90a-e278bd611599: Failed requestVote 684a6605-a0ea-4f4a-a756-567e88d15665->9c0f3aab-f21e-4a40-b90a-e278bd611599#0
org.apache.ratis.protocol.exceptions.GroupMismatchException: 9c0f3aab-f21e-4a40-b90a-e278bd611599: group-4F9C023E6286 not found.
	at org.apache.ratis.server.impl.RaftServerProxy$ImplMap.get(RaftServerProxy.java:147)
	at org.apache.ratis.server.impl.RaftServerProxy.getImplFuture(RaftServerProxy.java:339)
	at org.apache.ratis.server.impl.RaftServerProxy.getImpl(RaftServerProxy.java:348)
	at org.apache.ratis.server.impl.RaftServerProxy.getImpl(RaftServerProxy.java:343)
	at org.apache.ratis.server.impl.RaftServerProxy.requestVote(RaftServerProxy.java:548)
	at org.apache.ratis.grpc.server.GrpcServerProtocolService.requestVote(GrpcServerProtocolService.java:172)
	at org.apache.ratis.proto.grpc.RaftServerProtocolServiceGrpc$MethodHandlers.invoke(RaftServerProtocolServiceGrpc.java:394)
	at org.apache.ratis.thirdparty.io.grpc.stub.ServerCalls$UnaryServerCallHandler$UnaryServerCallListener.onHalfClose(ServerCalls.java:182)
	at org.apache.ratis.thirdparty.io.grpc.PartialForwardingServerCallListener.onHalfClose(PartialForwardingServerCallListener.java:35)
	at org.apache.ratis.thirdparty.io.grpc.ForwardingServerCallListener.onHalfClose(ForwardingServerCallListener.java:23)
	at org.apache.ratis.thirdparty.io.grpc.internal.ServerCallImpl$ServerStreamListenerImpl.halfClosed(ServerCallImpl.java:331)
	at org.apache.ratis.thirdparty.io.grpc.internal.ServerImpl$JumpToApplicationThreadServerStreamListener$1HalfClosed.runInContext(ServerImpl.java:814)
	at org.apache.ratis.thirdparty.io.grpc.internal.ContextRunnable.run(ContextRunnable.java:37)
	at org.apache.ratis.thirdparty.io.grpc.internal.SerializingExecutor.run(SerializingExecutor.java:123)
	at java.util.concurrent.ThreadPoolExecutor.runWorker(ThreadPoolExecutor.java:1149)
	at java.util.concurrent.ThreadPoolExecutor$Worker.run(ThreadPoolExecutor.java:624)
	at java.lang.Thread.run(Thread.java:748)
2021-07-28 21:21:13,137 [684a6605-a0ea-4f4a-a756-567e88d15665@group-4F9C023E6286-LeaderElection14] INFO  impl.LeaderElection (LogUtils.java:infoOrTrace(137)) - 684a6605-a0ea-4f4a-a756-567e88d15665@group-4F9C023E6286-LeaderElection14 got exception when requesting votes: java.util.concurrent.ExecutionException: org.apache.ratis.thirdparty.io.grpc.StatusRuntimeException: INTERNAL: 9c0f3aab-f21e-4a40-b90a-e278bd611599: group-4F9C023E6286 not found.
2021-07-28 21:21:13,140 [grpc-default-executor-1] WARN  server.GrpcServerProtocolService (LogUtils.java:warn(124)) - 31a275a1-7e4f-41f8-9eef-5428a3a9a47f: Failed requestVote 684a6605-a0ea-4f4a-a756-567e88d15665->31a275a1-7e4f-41f8-9eef-5428a3a9a47f#0
org.apache.ratis.protocol.exceptions.GroupMismatchException: 31a275a1-7e4f-41f8-9eef-5428a3a9a47f: group-4F9C023E6286 not found.
	at org.apache.ratis.server.impl.RaftServerProxy$ImplMap.get(RaftServerProxy.java:147)
	at org.apache.ratis.server.impl.RaftServerProxy.getImplFuture(RaftServerProxy.java:339)
	at org.apache.ratis.server.impl.RaftServerProxy.getImpl(RaftServerProxy.java:348)
	at org.apache.ratis.server.impl.RaftServerProxy.getImpl(RaftServerProxy.java:343)
	at org.apache.ratis.server.impl.RaftServerProxy.requestVote(RaftServerProxy.java:548)
	at org.apache.ratis.grpc.server.GrpcServerProtocolService.requestVote(GrpcServerProtocolService.java:172)
	at org.apache.ratis.proto.grpc.RaftServerProtocolServiceGrpc$MethodHandlers.invoke(RaftServerProtocolServiceGrpc.java:394)
	at org.apache.ratis.thirdparty.io.grpc.stub.ServerCalls$UnaryServerCallHandler$UnaryServerCallListener.onHalfClose(ServerCalls.java:182)
	at org.apache.ratis.thirdparty.io.grpc.PartialForwardingServerCallListener.onHalfClose(PartialForwardingServerCallListener.java:35)
	at org.apache.ratis.thirdparty.io.grpc.ForwardingServerCallListener.onHalfClose(ForwardingServerCallListener.java:23)
	at org.apache.ratis.thirdparty.io.grpc.internal.ServerCallImpl$ServerStreamListenerImpl.halfClosed(ServerCallImpl.java:331)
	at org.apache.ratis.thirdparty.io.grpc.internal.ServerImpl$JumpToApplicationThreadServerStreamListener$1HalfClosed.runInContext(ServerImpl.java:814)
	at org.apache.ratis.thirdparty.io.grpc.internal.ContextRunnable.run(ContextRunnable.java:37)
	at org.apache.ratis.thirdparty.io.grpc.internal.SerializingExecutor.run(SerializingExecutor.java:123)
	at java.util.concurrent.ThreadPoolExecutor.runWorker(ThreadPoolExecutor.java:1149)
	at java.util.concurrent.ThreadPoolExecutor$Worker.run(ThreadPoolExecutor.java:624)
	at java.lang.Thread.run(Thread.java:748)
2021-07-28 21:21:13,143 [684a6605-a0ea-4f4a-a756-567e88d15665@group-4F9C023E6286-LeaderElection14] INFO  impl.LeaderElection (LogUtils.java:infoOrTrace(137)) - 684a6605-a0ea-4f4a-a756-567e88d15665@group-4F9C023E6286-LeaderElection14 got exception when requesting votes: java.util.concurrent.ExecutionException: org.apache.ratis.thirdparty.io.grpc.StatusRuntimeException: INTERNAL: 31a275a1-7e4f-41f8-9eef-5428a3a9a47f: group-4F9C023E6286 not found.
2021-07-28 21:21:13,143 [684a6605-a0ea-4f4a-a756-567e88d15665@group-4F9C023E6286-LeaderElection14] INFO  impl.LeaderElection (LeaderElection.java:logAndReturn(89)) - 684a6605-a0ea-4f4a-a756-567e88d15665@group-4F9C023E6286-LeaderElection14: ELECTION REJECTED received 0 response(s) and 2 exception(s):
2021-07-28 21:21:13,143 [684a6605-a0ea-4f4a-a756-567e88d15665@group-4F9C023E6286-LeaderElection14] INFO  impl.LeaderElection (LogUtils.java:infoOrTrace(137)) -   Exception 0: java.util.concurrent.ExecutionException: org.apache.ratis.thirdparty.io.grpc.StatusRuntimeException: INTERNAL: 9c0f3aab-f21e-4a40-b90a-e278bd611599: group-4F9C023E6286 not found.
2021-07-28 21:21:13,143 [684a6605-a0ea-4f4a-a756-567e88d15665@group-4F9C023E6286-LeaderElection14] INFO  impl.LeaderElection (LogUtils.java:infoOrTrace(137)) -   Exception 1: java.util.concurrent.ExecutionException: org.apache.ratis.thirdparty.io.grpc.StatusRuntimeException: INTERNAL: 31a275a1-7e4f-41f8-9eef-5428a3a9a47f: group-4F9C023E6286 not found.
2021-07-28 21:21:13,143 [684a6605-a0ea-4f4a-a756-567e88d15665@group-4F9C023E6286-LeaderElection14] INFO  impl.LeaderElection (LeaderElection.java:askForVotes(308)) - 684a6605-a0ea-4f4a-a756-567e88d15665@group-4F9C023E6286-LeaderElection14 ELECTION round 0: result REJECTED
2021-07-28 21:21:13,144 [684a6605-a0ea-4f4a-a756-567e88d15665@group-4F9C023E6286-LeaderElection14] INFO  server.RaftServer$Division (RaftServerImpl.java:setRole(285)) - 684a6605-a0ea-4f4a-a756-567e88d15665@group-4F9C023E6286: changes role from CANDIDATE to FOLLOWER at term 12 for REJECTED
2021-07-28 21:21:13,144 [684a6605-a0ea-4f4a-a756-567e88d15665@group-4F9C023E6286-LeaderElection14] INFO  impl.RoleInfo (RoleInfo.java:shutdownLeaderElection(121)) - 684a6605-a0ea-4f4a-a756-567e88d15665: shutdown 684a6605-a0ea-4f4a-a756-567e88d15665@group-4F9C023E6286-LeaderElection14
2021-07-28 21:21:13,144 [684a6605-a0ea-4f4a-a756-567e88d15665@group-4F9C023E6286-LeaderElection14] INFO  impl.RoleInfo (RoleInfo.java:updateAndGet(130)) - 684a6605-a0ea-4f4a-a756-567e88d15665: start 684a6605-a0ea-4f4a-a756-567e88d15665@group-4F9C023E6286-FollowerState
2021-07-28 21:21:13,206 [SCMBlockDeletingService#0] DEBUG block.SCMBlockDeletingService (SCMBlockDeletingService.java:call(131)) - Running DeletedBlockTransactionScanner
2021-07-28 21:21:13,306 [SCMBlockDeletingService#0] DEBUG block.SCMBlockDeletingService (SCMBlockDeletingService.java:call(131)) - Running DeletedBlockTransactionScanner
2021-07-28 21:21:13,310 [9c0f3aab-f21e-4a40-b90a-e278bd611599@group-D6B3473BA663-FollowerState] INFO  impl.FollowerState (FollowerState.java:run(134)) - 9c0f3aab-f21e-4a40-b90a-e278bd611599@group-D6B3473BA663-FollowerState: change to CANDIDATE, lastRpcElapsedTime:5031670237ns, electionTimeout:5018ms
2021-07-28 21:21:13,311 [9c0f3aab-f21e-4a40-b90a-e278bd611599@group-D6B3473BA663-FollowerState] INFO  impl.RoleInfo (RoleInfo.java:shutdownFollowerState(108)) - 9c0f3aab-f21e-4a40-b90a-e278bd611599: shutdown 9c0f3aab-f21e-4a40-b90a-e278bd611599@group-D6B3473BA663-FollowerState
2021-07-28 21:21:13,311 [9c0f3aab-f21e-4a40-b90a-e278bd611599@group-D6B3473BA663-FollowerState] INFO  server.RaftServer$Division (RaftServerImpl.java:setRole(285)) - 9c0f3aab-f21e-4a40-b90a-e278bd611599@group-D6B3473BA663: changes role from  FOLLOWER to CANDIDATE at term 0 for changeToCandidate
2021-07-28 21:21:13,311 [9c0f3aab-f21e-4a40-b90a-e278bd611599@group-D6B3473BA663-FollowerState] INFO  server.RaftServerConfigKeys (ConfUtils.java:logGet(44)) - raft.server.leaderelection.pre-vote = false (custom)
2021-07-28 21:21:13,311 [9c0f3aab-f21e-4a40-b90a-e278bd611599@group-D6B3473BA663-FollowerState] INFO  impl.RoleInfo (RoleInfo.java:updateAndGet(130)) - 9c0f3aab-f21e-4a40-b90a-e278bd611599: start 9c0f3aab-f21e-4a40-b90a-e278bd611599@group-D6B3473BA663-LeaderElection15
2021-07-28 21:21:13,318 [9c0f3aab-f21e-4a40-b90a-e278bd611599@group-D6B3473BA663-LeaderElection15] INFO  impl.LeaderElection (LeaderElection.java:askForVotes(306)) - 9c0f3aab-f21e-4a40-b90a-e278bd611599@group-D6B3473BA663-LeaderElection15 ELECTION round 0: submit vote requests at term 1 for -1: [31a275a1-7e4f-41f8-9eef-5428a3a9a47f|rpc:10.1.0.18:39893|priority:0, 9c0f3aab-f21e-4a40-b90a-e278bd611599|rpc:10.1.0.18:40769|priority:1, 684a6605-a0ea-4f4a-a756-567e88d15665|rpc:10.1.0.18:41617|priority:0], old=null
2021-07-28 21:21:13,323 [grpc-default-executor-1] INFO  server.RaftServer$Division (RaftServerImpl.java:requestVote(1043)) - 684a6605-a0ea-4f4a-a756-567e88d15665@group-D6B3473BA663: receive requestVote(ELECTION, 9c0f3aab-f21e-4a40-b90a-e278bd611599, group-D6B3473BA663, 1, (t:0, i:0))
2021-07-28 21:21:13,324 [grpc-default-executor-1] INFO  impl.VoteContext (VoteContext.java:log(48)) - 684a6605-a0ea-4f4a-a756-567e88d15665@group-D6B3473BA663-FOLLOWER: accept ELECTION from 9c0f3aab-f21e-4a40-b90a-e278bd611599: our priority 0 <= candidate's priority 1
2021-07-28 21:21:13,324 [grpc-default-executor-1] INFO  server.RaftServer$Division (RaftServerImpl.java:setRole(285)) - 684a6605-a0ea-4f4a-a756-567e88d15665@group-D6B3473BA663: changes role from  FOLLOWER to FOLLOWER at term 1 for candidate:9c0f3aab-f21e-4a40-b90a-e278bd611599
2021-07-28 21:21:13,324 [grpc-default-executor-1] INFO  impl.RoleInfo (RoleInfo.java:shutdownFollowerState(108)) - 684a6605-a0ea-4f4a-a756-567e88d15665: shutdown 684a6605-a0ea-4f4a-a756-567e88d15665@group-D6B3473BA663-FollowerState
2021-07-28 21:21:13,324 [grpc-default-executor-1] INFO  impl.RoleInfo (RoleInfo.java:updateAndGet(130)) - 684a6605-a0ea-4f4a-a756-567e88d15665: start 684a6605-a0ea-4f4a-a756-567e88d15665@group-D6B3473BA663-FollowerState
2021-07-28 21:21:13,329 [grpc-default-executor-1] INFO  server.RaftServer$Division (RaftServerImpl.java:requestVote(1075)) - 684a6605-a0ea-4f4a-a756-567e88d15665@group-D6B3473BA663 replies to ELECTION vote request: 9c0f3aab-f21e-4a40-b90a-e278bd611599<-684a6605-a0ea-4f4a-a756-567e88d15665#0:OK-t1. Peer's state: 684a6605-a0ea-4f4a-a756-567e88d15665@group-D6B3473BA663:t1, leader=null, voted=9c0f3aab-f21e-4a40-b90a-e278bd611599, raftlog=684a6605-a0ea-4f4a-a756-567e88d15665@group-D6B3473BA663-SegmentedRaftLog:OPENED:c-1,f-1,i0, conf=-1: [31a275a1-7e4f-41f8-9eef-5428a3a9a47f|rpc:10.1.0.18:39893|dataStream:|priority:0, 9c0f3aab-f21e-4a40-b90a-e278bd611599|rpc:10.1.0.18:40769|dataStream:|priority:1, 684a6605-a0ea-4f4a-a756-567e88d15665|rpc:10.1.0.18:41617|dataStream:|priority:0], old=null
2021-07-28 21:21:13,332 [684a6605-a0ea-4f4a-a756-567e88d15665@group-D6B3473BA663-FollowerState] INFO  impl.FollowerState (FollowerState.java:run(143)) - 684a6605-a0ea-4f4a-a756-567e88d15665@group-D6B3473BA663-FollowerState was interrupted: {}
java.lang.InterruptedException: sleep interrupted
	at java.lang.Thread.sleep(Native Method)
	at java.lang.Thread.sleep(Thread.java:340)
	at java.util.concurrent.TimeUnit.sleep(TimeUnit.java:386)
	at org.apache.ratis.util.TimeDuration.sleep(TimeDuration.java:324)
	at org.apache.ratis.util.TimeDuration.sleep(TimeDuration.java:309)
	at org.apache.ratis.server.impl.FollowerState.run(FollowerState.java:118)
2021-07-28 21:21:13,333 [9c0f3aab-f21e-4a40-b90a-e278bd611599@group-D6B3473BA663-LeaderElection15] INFO  impl.LeaderElection (LeaderElection.java:logAndReturn(89)) - 9c0f3aab-f21e-4a40-b90a-e278bd611599@group-D6B3473BA663-LeaderElection15: ELECTION PASSED received 1 response(s) and 0 exception(s):
2021-07-28 21:21:13,337 [9c0f3aab-f21e-4a40-b90a-e278bd611599@group-D6B3473BA663-LeaderElection15] INFO  impl.LeaderElection (LeaderElection.java:logAndReturn(93)) -   Response 0: 9c0f3aab-f21e-4a40-b90a-e278bd611599<-684a6605-a0ea-4f4a-a756-567e88d15665#0:OK-t1
2021-07-28 21:21:13,337 [9c0f3aab-f21e-4a40-b90a-e278bd611599@group-D6B3473BA663-LeaderElection15] INFO  impl.LeaderElection (LeaderElection.java:askForVotes(308)) - 9c0f3aab-f21e-4a40-b90a-e278bd611599@group-D6B3473BA663-LeaderElection15 ELECTION round 0: result PASSED
2021-07-28 21:21:13,337 [9c0f3aab-f21e-4a40-b90a-e278bd611599@group-D6B3473BA663-LeaderElection15] INFO  impl.RoleInfo (RoleInfo.java:shutdownLeaderElection(121)) - 9c0f3aab-f21e-4a40-b90a-e278bd611599: shutdown 9c0f3aab-f21e-4a40-b90a-e278bd611599@group-D6B3473BA663-LeaderElection15
2021-07-28 21:21:13,337 [9c0f3aab-f21e-4a40-b90a-e278bd611599@group-D6B3473BA663-LeaderElection15] INFO  server.RaftServer$Division (RaftServerImpl.java:setRole(285)) - 9c0f3aab-f21e-4a40-b90a-e278bd611599@group-D6B3473BA663: changes role from CANDIDATE to LEADER at term 1 for changeToLeader
2021-07-28 21:21:13,337 [9c0f3aab-f21e-4a40-b90a-e278bd611599@group-D6B3473BA663-LeaderElection15] INFO  ratis.XceiverServerRatis (XceiverServerRatis.java:handleLeaderChangedNotification(857)) - Leader change notification received for group: group-D6B3473BA663 with new leaderId: 9c0f3aab-f21e-4a40-b90a-e278bd611599
2021-07-28 21:21:13,337 [9c0f3aab-f21e-4a40-b90a-e278bd611599@group-D6B3473BA663-LeaderElection15] INFO  server.RaftServer$Division (ServerState.java:setLeader(285)) - 9c0f3aab-f21e-4a40-b90a-e278bd611599@group-D6B3473BA663: change Leader from null to 9c0f3aab-f21e-4a40-b90a-e278bd611599 at term 1 for becomeLeader, leader elected after 5062ms
2021-07-28 21:21:13,337 [9c0f3aab-f21e-4a40-b90a-e278bd611599@group-D6B3473BA663-LeaderElection15] INFO  server.RaftServerConfigKeys (ConfUtils.java:logGet(44)) - raft.server.staging.catchup.gap = 1000 (default)
2021-07-28 21:21:13,337 [Datanode State Machine Thread - 0] WARN  statemachine.StateContext (StateContext.java:execute(621)) - No available thread in pool for past 0 seconds.
2021-07-28 21:21:13,333 [grpc-default-executor-1] INFO  server.RaftServer$Division (RaftServerImpl.java:requestVote(1043)) - 31a275a1-7e4f-41f8-9eef-5428a3a9a47f@group-D6B3473BA663: receive requestVote(ELECTION, 9c0f3aab-f21e-4a40-b90a-e278bd611599, group-D6B3473BA663, 1, (t:0, i:0))
2021-07-28 21:21:13,337 [9c0f3aab-f21e-4a40-b90a-e278bd611599@group-D6B3473BA663-LeaderElection15] INFO  server.RaftServerConfigKeys (ConfUtils.java:logGet(44)) - raft.server.write.element-limit = 1024 (custom)
2021-07-28 21:21:13,337 [grpc-default-executor-1] INFO  impl.VoteContext (VoteContext.java:log(48)) - 31a275a1-7e4f-41f8-9eef-5428a3a9a47f@group-D6B3473BA663-FOLLOWER: accept ELECTION from 9c0f3aab-f21e-4a40-b90a-e278bd611599: our priority 0 <= candidate's priority 1
2021-07-28 21:21:13,337 [9c0f3aab-f21e-4a40-b90a-e278bd611599@group-D6B3473BA663-LeaderElection15] INFO  server.RaftServerConfigKeys (ConfUtils.java:logGet(44)) - raft.server.write.byte-limit = 1073741824 (custom)
2021-07-28 21:21:13,337 [grpc-default-executor-1] INFO  server.RaftServer$Division (RaftServerImpl.java:setRole(285)) - 31a275a1-7e4f-41f8-9eef-5428a3a9a47f@group-D6B3473BA663: changes role from  FOLLOWER to FOLLOWER at term 1 for candidate:9c0f3aab-f21e-4a40-b90a-e278bd611599
2021-07-28 21:21:13,338 [grpc-default-executor-1] INFO  impl.RoleInfo (RoleInfo.java:shutdownFollowerState(108)) - 31a275a1-7e4f-41f8-9eef-5428a3a9a47f: shutdown 31a275a1-7e4f-41f8-9eef-5428a3a9a47f@group-D6B3473BA663-FollowerState
2021-07-28 21:21:13,338 [grpc-default-executor-1] INFO  impl.RoleInfo (RoleInfo.java:updateAndGet(130)) - 31a275a1-7e4f-41f8-9eef-5428a3a9a47f: start 31a275a1-7e4f-41f8-9eef-5428a3a9a47f@group-D6B3473BA663-FollowerState
2021-07-28 21:21:13,338 [9c0f3aab-f21e-4a40-b90a-e278bd611599@group-D6B3473BA663-LeaderElection15] INFO  server.RaftServerConfigKeys (ConfUtils.java:logGet(44)) - raft.server.watch.timeout = 180s (custom)
2021-07-28 21:21:13,338 [9c0f3aab-f21e-4a40-b90a-e278bd611599@group-D6B3473BA663-LeaderElection15] INFO  server.RaftServerConfigKeys (ConfUtils.java:logGet(44)) - raft.server.watch.timeout.denomination = 1s (default)
2021-07-28 21:21:13,338 [9c0f3aab-f21e-4a40-b90a-e278bd611599@group-D6B3473BA663-LeaderElection15] INFO  server.RaftServerConfigKeys (ConfUtils.java:logGet(44)) - raft.server.watch.element-limit = 65536 (default)
2021-07-28 21:21:13,338 [31a275a1-7e4f-41f8-9eef-5428a3a9a47f@group-D6B3473BA663-FollowerState] INFO  impl.FollowerState (FollowerState.java:run(143)) - 31a275a1-7e4f-41f8-9eef-5428a3a9a47f@group-D6B3473BA663-FollowerState was interrupted: {}
java.lang.InterruptedException: sleep interrupted
	at java.lang.Thread.sleep(Native Method)
	at java.lang.Thread.sleep(Thread.java:340)
	at java.util.concurrent.TimeUnit.sleep(TimeUnit.java:386)
	at org.apache.ratis.util.TimeDuration.sleep(TimeDuration.java:324)
	at org.apache.ratis.util.TimeDuration.sleep(TimeDuration.java:309)
	at org.apache.ratis.server.impl.FollowerState.run(FollowerState.java:118)
2021-07-28 21:21:13,338 [9c0f3aab-f21e-4a40-b90a-e278bd611599@group-D6B3473BA663-LeaderElection15] INFO  server.RaftServerConfigKeys (ConfUtils.java:logGet(44)) - raft.server.log.appender.snapshot.chunk.size.max = 16MB (=16777216) (default)
2021-07-28 21:21:13,341 [9c0f3aab-f21e-4a40-b90a-e278bd611599@group-D6B3473BA663-LeaderElection15] INFO  server.RaftServerConfigKeys (ConfUtils.java:logGet(44)) - raft.server.log.appender.buffer.byte-limit = 33554432 (custom)
2021-07-28 21:21:13,341 [9c0f3aab-f21e-4a40-b90a-e278bd611599@group-D6B3473BA663-LeaderElection15] INFO  server.RaftServerConfigKeys (ConfUtils.java:logGet(44)) - raft.server.log.appender.buffer.element-limit = 1 (custom)
2021-07-28 21:21:13,341 [9c0f3aab-f21e-4a40-b90a-e278bd611599@group-D6B3473BA663-LeaderElection15] INFO  grpc.GrpcConfigKeys (ConfUtils.java:logGet(44)) - raft.grpc.server.leader.outstanding.appends.max = 128 (default)
2021-07-28 21:21:13,341 [9c0f3aab-f21e-4a40-b90a-e278bd611599@group-D6B3473BA663-LeaderElection15] INFO  server.RaftServerConfigKeys (ConfUtils.java:logGet(44)) - raft.server.rpc.request.timeout = 60s (custom)
2021-07-28 21:21:13,341 [9c0f3aab-f21e-4a40-b90a-e278bd611599@group-D6B3473BA663-LeaderElection15] INFO  server.RaftServerConfigKeys (ConfUtils.java:logGet(44)) - raft.server.log.appender.install.snapshot.enabled = false (custom)
2021-07-28 21:21:13,341 [9c0f3aab-f21e-4a40-b90a-e278bd611599@group-D6B3473BA663-LeaderElection15] INFO  server.RaftServerConfigKeys (ConfUtils.java:logGet(44)) - raft.server.log.appender.snapshot.chunk.size.max = 16MB (=16777216) (default)
2021-07-28 21:21:13,342 [9c0f3aab-f21e-4a40-b90a-e278bd611599@group-D6B3473BA663-LeaderElection15] INFO  server.RaftServerConfigKeys (ConfUtils.java:logGet(44)) - raft.server.log.appender.buffer.byte-limit = 33554432 (custom)
2021-07-28 21:21:13,342 [9c0f3aab-f21e-4a40-b90a-e278bd611599@group-D6B3473BA663-LeaderElection15] INFO  server.RaftServerConfigKeys (ConfUtils.java:logGet(44)) - raft.server.log.appender.buffer.element-limit = 1 (custom)
2021-07-28 21:21:13,342 [9c0f3aab-f21e-4a40-b90a-e278bd611599@group-D6B3473BA663-LeaderElection15] INFO  grpc.GrpcConfigKeys (ConfUtils.java:logGet(44)) - raft.grpc.server.leader.outstanding.appends.max = 128 (default)
2021-07-28 21:21:13,342 [9c0f3aab-f21e-4a40-b90a-e278bd611599@group-D6B3473BA663-LeaderElection15] INFO  server.RaftServerConfigKeys (ConfUtils.java:logGet(44)) - raft.server.rpc.request.timeout = 60s (custom)
2021-07-28 21:21:13,342 [9c0f3aab-f21e-4a40-b90a-e278bd611599@group-D6B3473BA663-LeaderElection15] INFO  server.RaftServerConfigKeys (ConfUtils.java:logGet(44)) - raft.server.log.appender.install.snapshot.enabled = false (custom)
2021-07-28 21:21:13,342 [9c0f3aab-f21e-4a40-b90a-e278bd611599@group-D6B3473BA663-LeaderElection15] INFO  impl.RoleInfo (RoleInfo.java:updateAndGet(130)) - 9c0f3aab-f21e-4a40-b90a-e278bd611599: start 9c0f3aab-f21e-4a40-b90a-e278bd611599@group-D6B3473BA663-LeaderStateImpl
2021-07-28 21:21:13,343 [9c0f3aab-f21e-4a40-b90a-e278bd611599@group-D6B3473BA663-LeaderElection15] INFO  segmented.SegmentedRaftLogWorker (SegmentedRaftLogWorker.java:startLogSegment(394)) - 9c0f3aab-f21e-4a40-b90a-e278bd611599@group-D6B3473BA663-SegmentedRaftLogWorker: Starting segment from index:0
2021-07-28 21:21:13,344 [9c0f3aab-f21e-4a40-b90a-e278bd611599@group-D6B3473BA663-SegmentedRaftLogWorker] INFO  segmented.SegmentedRaftLogWorker (SegmentedRaftLogWorker.java:execute(601)) - 9c0f3aab-f21e-4a40-b90a-e278bd611599@group-D6B3473BA663-SegmentedRaftLogWorker: created new log segment /home/runner/work/ozone/ozone/mnt/ozone/hadoop-ozone/integration-test/target/test-dir/MiniOzoneClusterImpl-4602a15a-46b8-476b-8e6e-aec7ac1b4dac/datanode-2/data/ratis/b2245f73-ed63-4306-962e-d6b3473ba663/current/log_inprogress_0
2021-07-28 21:21:13,350 [9c0f3aab-f21e-4a40-b90a-e278bd611599@group-D6B3473BA663-LeaderElection15] INFO  server.RaftServer$Division (ServerState.java:setRaftConf(387)) - 9c0f3aab-f21e-4a40-b90a-e278bd611599@group-D6B3473BA663: set configuration 0: [31a275a1-7e4f-41f8-9eef-5428a3a9a47f|rpc:10.1.0.18:39893|dataStream:|priority:0, 9c0f3aab-f21e-4a40-b90a-e278bd611599|rpc:10.1.0.18:40769|dataStream:|priority:1, 684a6605-a0ea-4f4a-a756-567e88d15665|rpc:10.1.0.18:41617|dataStream:|priority:0], old=null
2021-07-28 21:21:13,351 [grpc-default-executor-1] INFO  server.RaftServer$Division (RaftServerImpl.java:requestVote(1075)) - 31a275a1-7e4f-41f8-9eef-5428a3a9a47f@group-D6B3473BA663 replies to ELECTION vote request: 9c0f3aab-f21e-4a40-b90a-e278bd611599<-31a275a1-7e4f-41f8-9eef-5428a3a9a47f#0:OK-t1. Peer's state: 31a275a1-7e4f-41f8-9eef-5428a3a9a47f@group-D6B3473BA663:t1, leader=null, voted=9c0f3aab-f21e-4a40-b90a-e278bd611599, raftlog=31a275a1-7e4f-41f8-9eef-5428a3a9a47f@group-D6B3473BA663-SegmentedRaftLog:OPENED:c-1,f-1,i0, conf=-1: [31a275a1-7e4f-41f8-9eef-5428a3a9a47f|rpc:10.1.0.18:39893|dataStream:|priority:0, 9c0f3aab-f21e-4a40-b90a-e278bd611599|rpc:10.1.0.18:40769|dataStream:|priority:1, 684a6605-a0ea-4f4a-a756-567e88d15665|rpc:10.1.0.18:41617|dataStream:|priority:0], old=null
2021-07-28 21:21:13,353 [grpc-default-executor-3] INFO  ratis.XceiverServerRatis (XceiverServerRatis.java:handleLeaderChangedNotification(857)) - Leader change notification received for group: group-D6B3473BA663 with new leaderId: 9c0f3aab-f21e-4a40-b90a-e278bd611599
2021-07-28 21:21:13,353 [grpc-default-executor-3] INFO  server.RaftServer$Division (ServerState.java:setLeader(285)) - 31a275a1-7e4f-41f8-9eef-5428a3a9a47f@group-D6B3473BA663: change Leader from null to 9c0f3aab-f21e-4a40-b90a-e278bd611599 at term 1 for appendEntries, leader elected after 5015ms
2021-07-28 21:21:13,364 [grpc-default-executor-3] INFO  ratis.XceiverServerRatis (XceiverServerRatis.java:handleLeaderChangedNotification(857)) - Leader change notification received for group: group-D6B3473BA663 with new leaderId: 9c0f3aab-f21e-4a40-b90a-e278bd611599
2021-07-28 21:21:13,364 [grpc-default-executor-3] INFO  server.RaftServer$Division (ServerState.java:setLeader(285)) - 684a6605-a0ea-4f4a-a756-567e88d15665@group-D6B3473BA663: change Leader from null to 9c0f3aab-f21e-4a40-b90a-e278bd611599 at term 1 for appendEntries, leader elected after 5060ms
2021-07-28 21:21:13,364 [grpc-default-executor-1] INFO  server.RaftServer$Division (ServerState.java:setRaftConf(387)) - 31a275a1-7e4f-41f8-9eef-5428a3a9a47f@group-D6B3473BA663: set configuration 0: [31a275a1-7e4f-41f8-9eef-5428a3a9a47f|rpc:10.1.0.18:39893|dataStream:|priority:0, 9c0f3aab-f21e-4a40-b90a-e278bd611599|rpc:10.1.0.18:40769|dataStream:|priority:1, 684a6605-a0ea-4f4a-a756-567e88d15665|rpc:10.1.0.18:41617|dataStream:|priority:0], old=null
2021-07-28 21:21:13,365 [grpc-default-executor-1] INFO  segmented.SegmentedRaftLogWorker (SegmentedRaftLogWorker.java:startLogSegment(394)) - 31a275a1-7e4f-41f8-9eef-5428a3a9a47f@group-D6B3473BA663-SegmentedRaftLogWorker: Starting segment from index:0
2021-07-28 21:21:13,366 [grpc-default-executor-3] INFO  server.RaftServer$Division (ServerState.java:setRaftConf(387)) - 684a6605-a0ea-4f4a-a756-567e88d15665@group-D6B3473BA663: set configuration 0: [31a275a1-7e4f-41f8-9eef-5428a3a9a47f|rpc:10.1.0.18:39893|dataStream:|priority:0, 9c0f3aab-f21e-4a40-b90a-e278bd611599|rpc:10.1.0.18:40769|dataStream:|priority:1, 684a6605-a0ea-4f4a-a756-567e88d15665|rpc:10.1.0.18:41617|dataStream:|priority:0], old=null
2021-07-28 21:21:13,366 [grpc-default-executor-3] INFO  segmented.SegmentedRaftLogWorker (SegmentedRaftLogWorker.java:startLogSegment(394)) - 684a6605-a0ea-4f4a-a756-567e88d15665@group-D6B3473BA663-SegmentedRaftLogWorker: Starting segment from index:0
2021-07-28 21:21:13,367 [31a275a1-7e4f-41f8-9eef-5428a3a9a47f@group-D6B3473BA663-SegmentedRaftLogWorker] INFO  segmented.SegmentedRaftLogWorker (SegmentedRaftLogWorker.java:execute(601)) - 31a275a1-7e4f-41f8-9eef-5428a3a9a47f@group-D6B3473BA663-SegmentedRaftLogWorker: created new log segment /home/runner/work/ozone/ozone/mnt/ozone/hadoop-ozone/integration-test/target/test-dir/MiniOzoneClusterImpl-4602a15a-46b8-476b-8e6e-aec7ac1b4dac/datanode-0/data/ratis/b2245f73-ed63-4306-962e-d6b3473ba663/current/log_inprogress_0
2021-07-28 21:21:13,367 [684a6605-a0ea-4f4a-a756-567e88d15665@group-D6B3473BA663-SegmentedRaftLogWorker] INFO  segmented.SegmentedRaftLogWorker (SegmentedRaftLogWorker.java:execute(601)) - 684a6605-a0ea-4f4a-a756-567e88d15665@group-D6B3473BA663-SegmentedRaftLogWorker: created new log segment /home/runner/work/ozone/ozone/mnt/ozone/hadoop-ozone/integration-test/target/test-dir/MiniOzoneClusterImpl-4602a15a-46b8-476b-8e6e-aec7ac1b4dac/datanode-1/data/ratis/b2245f73-ed63-4306-962e-d6b3473ba663/current/log_inprogress_0
2021-07-28 21:21:13,406 [SCMBlockDeletingService#0] DEBUG block.SCMBlockDeletingService (SCMBlockDeletingService.java:call(131)) - Running DeletedBlockTransactionScanner
2021-07-28 21:21:13,507 [SCMBlockDeletingService#0] DEBUG block.SCMBlockDeletingService (SCMBlockDeletingService.java:call(131)) - Running DeletedBlockTransactionScanner
2021-07-28 21:21:13,607 [SCMBlockDeletingService#0] DEBUG block.SCMBlockDeletingService (SCMBlockDeletingService.java:call(131)) - Running DeletedBlockTransactionScanner
2021-07-28 21:21:13,707 [SCMBlockDeletingService#0] DEBUG block.SCMBlockDeletingService (SCMBlockDeletingService.java:call(131)) - Running DeletedBlockTransactionScanner
2021-07-28 21:21:13,807 [SCMBlockDeletingService#0] DEBUG block.SCMBlockDeletingService (SCMBlockDeletingService.java:call(131)) - Running DeletedBlockTransactionScanner
2021-07-28 21:21:13,907 [SCMBlockDeletingService#0] DEBUG block.SCMBlockDeletingService (SCMBlockDeletingService.java:call(131)) - Running DeletedBlockTransactionScanner
2021-07-28 21:21:13,982 [ForkJoinPool.commonPool-worker-1] INFO  ozoneimpl.OzoneContainer (OzoneContainer.java:stop(326)) - Attempting to stop container services.
2021-07-28 21:21:13,983 [Listener at 127.0.0.1/35523] INFO  ozoneimpl.OzoneContainer (OzoneContainer.java:stop(326)) - Attempting to stop container services.
2021-07-28 21:21:13,984 [ForkJoinPool.commonPool-worker-1] INFO  server.RaftServer (RaftServerProxy.java:lambda$close$6(391)) - 31a275a1-7e4f-41f8-9eef-5428a3a9a47f: close
2021-07-28 21:21:13,984 [ForkJoinPool.commonPool-worker-1] INFO  server.RaftServer$Division (RaftServerImpl.java:lambda$close$4(407)) - 31a275a1-7e4f-41f8-9eef-5428a3a9a47f@group-D6B3473BA663: shutdown
2021-07-28 21:21:13,984 [ForkJoinPool.commonPool-worker-1] INFO  util.JmxRegister (JmxRegister.java:unregister(73)) - Successfully un-registered JMX Bean with object name Ratis:service=RaftServer,group=group-D6B3473BA663,id=31a275a1-7e4f-41f8-9eef-5428a3a9a47f
2021-07-28 21:21:13,985 [ForkJoinPool.commonPool-worker-1] INFO  impl.RoleInfo (RoleInfo.java:shutdownFollowerState(108)) - 31a275a1-7e4f-41f8-9eef-5428a3a9a47f: shutdown 31a275a1-7e4f-41f8-9eef-5428a3a9a47f@group-D6B3473BA663-FollowerState
2021-07-28 21:21:13,985 [Listener at 127.0.0.1/35523] INFO  server.RaftServer (RaftServerProxy.java:lambda$close$6(391)) - 684a6605-a0ea-4f4a-a756-567e88d15665: close
2021-07-28 21:21:13,985 [31a275a1-7e4f-41f8-9eef-5428a3a9a47f@group-D6B3473BA663-FollowerState] INFO  impl.FollowerState (FollowerState.java:run(143)) - 31a275a1-7e4f-41f8-9eef-5428a3a9a47f@group-D6B3473BA663-FollowerState was interrupted: {}
java.lang.InterruptedException: sleep interrupted
	at java.lang.Thread.sleep(Native Method)
	at java.lang.Thread.sleep(Thread.java:340)
	at java.util.concurrent.TimeUnit.sleep(TimeUnit.java:386)
	at org.apache.ratis.util.TimeDuration.sleep(TimeDuration.java:324)
	at org.apache.ratis.util.TimeDuration.sleep(TimeDuration.java:309)
	at org.apache.ratis.server.impl.FollowerState.run(FollowerState.java:118)
2021-07-28 21:21:13,985 [ForkJoinPool.commonPool-worker-1] INFO  impl.StateMachineUpdater (StateMachineUpdater.java:stopAndJoin(149)) - 31a275a1-7e4f-41f8-9eef-5428a3a9a47f@group-D6B3473BA663-StateMachineUpdater: set stopIndex = -1
2021-07-28 21:21:13,986 [ForkJoinPool.commonPool-worker-1] INFO  server.RaftServer$Division (ServerState.java:close(419)) - 31a275a1-7e4f-41f8-9eef-5428a3a9a47f@group-D6B3473BA663: closes. applyIndex: -1
2021-07-28 21:21:13,985 [Listener at 127.0.0.1/35523] INFO  server.RaftServer$Division (RaftServerImpl.java:lambda$close$4(407)) - 684a6605-a0ea-4f4a-a756-567e88d15665@group-4F9C023E6286: shutdown
2021-07-28 21:21:13,987 [Listener at 127.0.0.1/35523] INFO  util.JmxRegister (JmxRegister.java:unregister(73)) - Successfully un-registered JMX Bean with object name Ratis:service=RaftServer,group=group-4F9C023E6286,id=684a6605-a0ea-4f4a-a756-567e88d15665
2021-07-28 21:21:13,987 [Listener at 127.0.0.1/35523] INFO  impl.RoleInfo (RoleInfo.java:shutdownFollowerState(108)) - 684a6605-a0ea-4f4a-a756-567e88d15665: shutdown 684a6605-a0ea-4f4a-a756-567e88d15665@group-4F9C023E6286-FollowerState
2021-07-28 21:21:13,987 [Listener at 127.0.0.1/35523] INFO  impl.StateMachineUpdater (StateMachineUpdater.java:stopAndJoin(149)) - 684a6605-a0ea-4f4a-a756-567e88d15665@group-4F9C023E6286-StateMachineUpdater: set stopIndex = 14
2021-07-28 21:21:13,986 [31a275a1-7e4f-41f8-9eef-5428a3a9a47f@group-D6B3473BA663-SegmentedRaftLogWorker] INFO  segmented.SegmentedRaftLogWorker (SegmentedRaftLogWorker.java:run(327)) - 31a275a1-7e4f-41f8-9eef-5428a3a9a47f@group-D6B3473BA663-SegmentedRaftLogWorker was interrupted, exiting. There are 0 tasks remaining in the queue.
2021-07-28 21:21:13,989 [684a6605-a0ea-4f4a-a756-567e88d15665@group-4F9C023E6286-StateMachineUpdater] INFO  ratis.ContainerStateMachine (ContainerStateMachine.java:takeSnapshot(291)) - group-4F9C023E6286: Taking a snapshot at:(t:11, i:14) file /home/runner/work/ozone/ozone/mnt/ozone/hadoop-ozone/integration-test/target/test-dir/MiniOzoneClusterImpl-4602a15a-46b8-476b-8e6e-aec7ac1b4dac/datanode-1/data/ratis/fcf11422-afc2-4eea-9cef-4f9c023e6286/sm/snapshot.11_14
2021-07-28 21:21:13,987 [684a6605-a0ea-4f4a-a756-567e88d15665@group-4F9C023E6286-FollowerState] INFO  impl.FollowerState (FollowerState.java:run(143)) - 684a6605-a0ea-4f4a-a756-567e88d15665@group-4F9C023E6286-FollowerState was interrupted: {}
java.lang.InterruptedException: sleep interrupted
	at java.lang.Thread.sleep(Native Method)
	at java.lang.Thread.sleep(Thread.java:340)
	at java.util.concurrent.TimeUnit.sleep(TimeUnit.java:386)
	at org.apache.ratis.util.TimeDuration.sleep(TimeDuration.java:324)
	at org.apache.ratis.util.TimeDuration.sleep(TimeDuration.java:309)
	at org.apache.ratis.server.impl.FollowerState.run(FollowerState.java:118)
2021-07-28 21:21:13,990 [ForkJoinPool.commonPool-worker-1] INFO  segmented.SegmentedRaftLogWorker (SegmentedRaftLogWorker.java:close(237)) - 31a275a1-7e4f-41f8-9eef-5428a3a9a47f@group-D6B3473BA663-SegmentedRaftLogWorker close()
2021-07-28 21:21:13,991 [684a6605-a0ea-4f4a-a756-567e88d15665@group-4F9C023E6286-StateMachineUpdater] INFO  ratis.ContainerStateMachine (ContainerStateMachine.java:takeSnapshot(302)) - group-4F9C023E6286: Finished taking a snapshot at:(t:11, i:14) file:/home/runner/work/ozone/ozone/mnt/ozone/hadoop-ozone/integration-test/target/test-dir/MiniOzoneClusterImpl-4602a15a-46b8-476b-8e6e-aec7ac1b4dac/datanode-1/data/ratis/fcf11422-afc2-4eea-9cef-4f9c023e6286/sm/snapshot.11_14 took: 2 ms
2021-07-28 21:21:13,991 [684a6605-a0ea-4f4a-a756-567e88d15665@group-4F9C023E6286-StateMachineUpdater] INFO  impl.StateMachineUpdater (StateMachineUpdater.java:takeSnapshot(281)) - 684a6605-a0ea-4f4a-a756-567e88d15665@group-4F9C023E6286-StateMachineUpdater: Took a snapshot at index 14
2021-07-28 21:21:13,991 [684a6605-a0ea-4f4a-a756-567e88d15665@group-4F9C023E6286-StateMachineUpdater] INFO  impl.StateMachineUpdater (StateMachineUpdater.java:lambda$new$0(89)) - 684a6605-a0ea-4f4a-a756-567e88d15665@group-4F9C023E6286-StateMachineUpdater: snapshotIndex: updateIncreasingly -1 -> 14
2021-07-28 21:21:13,991 [Listener at 127.0.0.1/35523] INFO  server.RaftServer$Division (ServerState.java:close(419)) - 684a6605-a0ea-4f4a-a756-567e88d15665@group-4F9C023E6286: closes. applyIndex: 14
2021-07-28 21:21:13,992 [684a6605-a0ea-4f4a-a756-567e88d15665@group-4F9C023E6286-SegmentedRaftLogWorker] INFO  segmented.SegmentedRaftLogWorker (SegmentedRaftLogWorker.java:run(327)) - 684a6605-a0ea-4f4a-a756-567e88d15665@group-4F9C023E6286-SegmentedRaftLogWorker was interrupted, exiting. There are 0 tasks remaining in the queue.
2021-07-28 21:21:13,993 [ForkJoinPool.commonPool-worker-1] INFO  server.GrpcService (GrpcService.java:closeImpl(262)) - 31a275a1-7e4f-41f8-9eef-5428a3a9a47f: shutdown server with port 39893 now
2021-07-28 21:21:13,993 [Listener at 127.0.0.1/35523] INFO  segmented.SegmentedRaftLogWorker (SegmentedRaftLogWorker.java:close(237)) - 684a6605-a0ea-4f4a-a756-567e88d15665@group-4F9C023E6286-SegmentedRaftLogWorker close()
2021-07-28 21:21:13,994 [Listener at 127.0.0.1/35523] INFO  server.RaftServer$Division (RaftServerImpl.java:lambda$close$4(407)) - 684a6605-a0ea-4f4a-a756-567e88d15665@group-D6B3473BA663: shutdown
2021-07-28 21:21:13,994 [Listener at 127.0.0.1/35523] INFO  util.JmxRegister (JmxRegister.java:unregister(73)) - Successfully un-registered JMX Bean with object name Ratis:service=RaftServer,group=group-D6B3473BA663,id=684a6605-a0ea-4f4a-a756-567e88d15665
2021-07-28 21:21:13,994 [Listener at 127.0.0.1/35523] INFO  impl.RoleInfo (RoleInfo.java:shutdownFollowerState(108)) - 684a6605-a0ea-4f4a-a756-567e88d15665: shutdown 684a6605-a0ea-4f4a-a756-567e88d15665@group-D6B3473BA663-FollowerState
2021-07-28 21:21:13,994 [684a6605-a0ea-4f4a-a756-567e88d15665@group-D6B3473BA663-FollowerState] INFO  impl.FollowerState (FollowerState.java:run(143)) - 684a6605-a0ea-4f4a-a756-567e88d15665@group-D6B3473BA663-FollowerState was interrupted: {}
java.lang.InterruptedException: sleep interrupted
	at java.lang.Thread.sleep(Native Method)
	at java.lang.Thread.sleep(Thread.java:340)
	at java.util.concurrent.TimeUnit.sleep(TimeUnit.java:386)
	at org.apache.ratis.util.TimeDuration.sleep(TimeDuration.java:324)
	at org.apache.ratis.util.TimeDuration.sleep(TimeDuration.java:309)
	at org.apache.ratis.server.impl.FollowerState.run(FollowerState.java:118)
2021-07-28 21:21:13,994 [684a6605-a0ea-4f4a-a756-567e88d15665@group-D6B3473BA663-StateMachineUpdater] INFO  ratis.ContainerStateMachine (ContainerStateMachine.java:takeSnapshot(291)) - group-D6B3473BA663: Taking a snapshot at:(t:1, i:0) file /home/runner/work/ozone/ozone/mnt/ozone/hadoop-ozone/integration-test/target/test-dir/MiniOzoneClusterImpl-4602a15a-46b8-476b-8e6e-aec7ac1b4dac/datanode-1/data/ratis/b2245f73-ed63-4306-962e-d6b3473ba663/sm/snapshot.1_0
2021-07-28 21:21:13,995 [Listener at 127.0.0.1/35523] INFO  impl.StateMachineUpdater (StateMachineUpdater.java:stopAndJoin(149)) - 684a6605-a0ea-4f4a-a756-567e88d15665@group-D6B3473BA663-StateMachineUpdater: set stopIndex = 0
2021-07-28 21:21:13,995 [684a6605-a0ea-4f4a-a756-567e88d15665@group-D6B3473BA663-StateMachineUpdater] INFO  ratis.ContainerStateMachine (ContainerStateMachine.java:takeSnapshot(302)) - group-D6B3473BA663: Finished taking a snapshot at:(t:1, i:0) file:/home/runner/work/ozone/ozone/mnt/ozone/hadoop-ozone/integration-test/target/test-dir/MiniOzoneClusterImpl-4602a15a-46b8-476b-8e6e-aec7ac1b4dac/datanode-1/data/ratis/b2245f73-ed63-4306-962e-d6b3473ba663/sm/snapshot.1_0 took: 1 ms
2021-07-28 21:21:13,997 [684a6605-a0ea-4f4a-a756-567e88d15665@group-D6B3473BA663-StateMachineUpdater] INFO  impl.StateMachineUpdater (StateMachineUpdater.java:takeSnapshot(281)) - 684a6605-a0ea-4f4a-a756-567e88d15665@group-D6B3473BA663-StateMachineUpdater: Took a snapshot at index 0
2021-07-28 21:21:13,997 [684a6605-a0ea-4f4a-a756-567e88d15665@group-D6B3473BA663-StateMachineUpdater] INFO  impl.StateMachineUpdater (StateMachineUpdater.java:lambda$new$0(89)) - 684a6605-a0ea-4f4a-a756-567e88d15665@group-D6B3473BA663-StateMachineUpdater: snapshotIndex: updateIncreasingly -1 -> 0
2021-07-28 21:21:13,997 [Listener at 127.0.0.1/35523] INFO  server.RaftServer$Division (ServerState.java:close(419)) - 684a6605-a0ea-4f4a-a756-567e88d15665@group-D6B3473BA663: closes. applyIndex: 0
2021-07-28 21:21:13,998 [684a6605-a0ea-4f4a-a756-567e88d15665@group-D6B3473BA663-SegmentedRaftLogWorker] INFO  segmented.SegmentedRaftLogWorker (SegmentedRaftLogWorker.java:run(327)) - 684a6605-a0ea-4f4a-a756-567e88d15665@group-D6B3473BA663-SegmentedRaftLogWorker was interrupted, exiting. There are 0 tasks remaining in the queue.
2021-07-28 21:21:13,998 [grpc-default-executor-3] WARN  server.GrpcLogAppender (LogUtils.java:warn(122)) - 9c0f3aab-f21e-4a40-b90a-e278bd611599@group-D6B3473BA663->31a275a1-7e4f-41f8-9eef-5428a3a9a47f-AppendLogResponseHandler: Failed appendEntries: org.apache.ratis.thirdparty.io.grpc.StatusRuntimeException: CANCELLED: HTTP/2 error code: CANCEL
Received Rst Stream
2021-07-28 21:21:13,998 [grpc-default-executor-1] WARN  server.GrpcServerProtocolService (LogUtils.java:warn(122)) - 31a275a1-7e4f-41f8-9eef-5428a3a9a47f: installSnapshot onError, lastRequest: 9c0f3aab-f21e-4a40-b90a-e278bd611599->31a275a1-7e4f-41f8-9eef-5428a3a9a47f#1-t1,previous=(t:0, i:0),leaderCommit=-1,initializing? true,entries: size=1, first=(t:1, i:0), CONFIGURATIONENTRY: org.apache.ratis.thirdparty.io.grpc.StatusRuntimeException: CANCELLED: client cancelled
2021-07-28 21:21:13,998 [ForkJoinPool.commonPool-worker-1] INFO  server.GrpcService (GrpcService.java:closeImpl(271)) - 31a275a1-7e4f-41f8-9eef-5428a3a9a47f: shutdown server with port 39893 successfully
2021-07-28 21:21:13,998 [grpc-default-executor-3] WARN  server.GrpcLogAppender (GrpcLogAppender.java:resetClient(111)) - 9c0f3aab-f21e-4a40-b90a-e278bd611599@group-D6B3473BA663->31a275a1-7e4f-41f8-9eef-5428a3a9a47f-GrpcLogAppender: Leader has not got in touch with Follower 9c0f3aab-f21e-4a40-b90a-e278bd611599@group-D6B3473BA663->31a275a1-7e4f-41f8-9eef-5428a3a9a47f(c-1,m0,n1, attendVote=true, lastRpcSendTime=645, lastRpcResponseTime=624) yet, just keep nextIndex unchanged and retry.
2021-07-28 21:21:13,999 [org.apache.ratis.util.JvmPauseMonitor$$Lambda$526/117902049@1b1a27b5] INFO  util.JvmPauseMonitor (JvmPauseMonitor.java:run(109)) - JvmPauseMonitor-31a275a1-7e4f-41f8-9eef-5428a3a9a47f: Stopped
2021-07-28 21:21:13,999 [Listener at 127.0.0.1/35523] INFO  segmented.SegmentedRaftLogWorker (SegmentedRaftLogWorker.java:close(237)) - 684a6605-a0ea-4f4a-a756-567e88d15665@group-D6B3473BA663-SegmentedRaftLogWorker close()
2021-07-28 21:21:14,000 [Listener at 127.0.0.1/35523] INFO  server.GrpcService (GrpcService.java:closeImpl(262)) - 684a6605-a0ea-4f4a-a756-567e88d15665: shutdown server with port 41617 now
2021-07-28 21:21:14,002 [ForkJoinPool.commonPool-worker-1] INFO  utils.BackgroundService (BackgroundService.java:shutdown(132)) - Shutting down service BlockDeletingService
2021-07-28 21:21:14,008 [SCMBlockDeletingService#0] DEBUG block.SCMBlockDeletingService (SCMBlockDeletingService.java:call(131)) - Running DeletedBlockTransactionScanner
2021-07-28 21:21:14,009 [ForkJoinPool.commonPool-worker-1] INFO  statemachine.DatanodeStateMachine (DatanodeStateMachine.java:stopDaemon(514)) - Ozone container server stopped.
2021-07-28 21:21:14,010 [grpc-default-executor-2] WARN  server.GrpcLogAppender (LogUtils.java:warn(122)) - 9c0f3aab-f21e-4a40-b90a-e278bd611599@group-D6B3473BA663->684a6605-a0ea-4f4a-a756-567e88d15665-AppendLogResponseHandler: Failed appendEntries: org.apache.ratis.thirdparty.io.grpc.StatusRuntimeException: CANCELLED: HTTP/2 error code: CANCEL
Received Rst Stream
2021-07-28 21:21:14,010 [grpc-default-executor-2] WARN  server.GrpcLogAppender (GrpcLogAppender.java:resetClient(111)) - 9c0f3aab-f21e-4a40-b90a-e278bd611599@group-D6B3473BA663->684a6605-a0ea-4f4a-a756-567e88d15665-GrpcLogAppender: Leader has not got in touch with Follower 9c0f3aab-f21e-4a40-b90a-e278bd611599@group-D6B3473BA663->684a6605-a0ea-4f4a-a756-567e88d15665(c0,m0,n1, attendVote=true, lastRpcSendTime=649, lastRpcResponseTime=630) yet, just keep nextIndex unchanged and retry.
2021-07-28 21:21:14,011 [grpc-default-executor-3] WARN  server.GrpcServerProtocolService (LogUtils.java:warn(122)) - 684a6605-a0ea-4f4a-a756-567e88d15665: installSnapshot onError, lastRequest: 9c0f3aab-f21e-4a40-b90a-e278bd611599->684a6605-a0ea-4f4a-a756-567e88d15665#1-t1,previous=(t:0, i:0),leaderCommit=0,initializing? true,entries: size=1, first=(t:1, i:0), CONFIGURATIONENTRY: org.apache.ratis.thirdparty.io.grpc.StatusRuntimeException: CANCELLED: client cancelled
2021-07-28 21:21:14,012 [ForkJoinPool.commonPool-worker-1] INFO  handler.ContextHandler (ContextHandler.java:doStop(1154)) - Stopped o.e.j.w.WebAppContext@62d9d684{hddsDatanode,/,null,STOPPED}{jar:file:/home/runner/.m2/repository/org/apache/ozone/hdds-container-service/1.2.0-SNAPSHOT/hdds-container-service-1.2.0-SNAPSHOT.jar!/webapps/hddsDatanode}
2021-07-28 21:21:14,012 [ForkJoinPool.commonPool-worker-1] INFO  server.AbstractConnector (AbstractConnector.java:doStop(381)) - Stopped ServerConnector@4d2a9d6{HTTP/1.1, (http/1.1)}{0.0.0.0:33899}
2021-07-28 21:21:14,012 [ForkJoinPool.commonPool-worker-1] INFO  server.session (HouseKeeper.java:stopScavenging(149)) - node0 Stopped scavenging
2021-07-28 21:21:14,013 [ForkJoinPool.commonPool-worker-1] INFO  handler.ContextHandler (ContextHandler.java:doStop(1154)) - Stopped o.e.j.s.ServletContextHandler@29f71567{static,/static,jar:file:/home/runner/.m2/repository/org/apache/ozone/hdds-container-service/1.2.0-SNAPSHOT/hdds-container-service-1.2.0-SNAPSHOT.jar!/webapps/static,STOPPED}
2021-07-28 21:21:14,016 [ForkJoinPool.commonPool-worker-1] INFO  handler.ContextHandler (ContextHandler.java:doStop(1154)) - Stopped o.e.j.s.ServletContextHandler@6674f28a{logs,/logs,file:///home/runner/work/ozone/ozone/mnt/ozone/hadoop-ozone/integration-test/target/log,STOPPED}
2021-07-28 21:21:14,017 [Listener at 127.0.0.1/35523] INFO  server.GrpcService (GrpcService.java:closeImpl(271)) - 684a6605-a0ea-4f4a-a756-567e88d15665: shutdown server with port 41617 successfully
2021-07-28 21:21:14,018 [org.apache.ratis.util.JvmPauseMonitor$$Lambda$526/117902049@2b31247c] INFO  util.JvmPauseMonitor (JvmPauseMonitor.java:run(109)) - JvmPauseMonitor-684a6605-a0ea-4f4a-a756-567e88d15665: Stopped
2021-07-28 21:21:14,018 [Listener at 127.0.0.1/35523] INFO  utils.BackgroundService (BackgroundService.java:shutdown(132)) - Shutting down service BlockDeletingService
2021-07-28 21:21:14,040 [Listener at 127.0.0.1/35523] INFO  statemachine.DatanodeStateMachine (DatanodeStateMachine.java:stopDaemon(514)) - Ozone container server stopped.
2021-07-28 21:21:14,041 [Listener at 127.0.0.1/35523] INFO  handler.ContextHandler (ContextHandler.java:doStop(1154)) - Stopped o.e.j.w.WebAppContext@3ac3cae8{hddsDatanode,/,null,STOPPED}{jar:file:/home/runner/.m2/repository/org/apache/ozone/hdds-container-service/1.2.0-SNAPSHOT/hdds-container-service-1.2.0-SNAPSHOT.jar!/webapps/hddsDatanode}
2021-07-28 21:21:14,041 [Listener at 127.0.0.1/35523] INFO  server.AbstractConnector (AbstractConnector.java:doStop(381)) - Stopped ServerConnector@62b7a9e8{HTTP/1.1, (http/1.1)}{0.0.0.0:0}
2021-07-28 21:21:14,042 [Listener at 127.0.0.1/35523] INFO  server.session (HouseKeeper.java:stopScavenging(149)) - node0 Stopped scavenging
2021-07-28 21:21:14,042 [Listener at 127.0.0.1/35523] INFO  handler.ContextHandler (ContextHandler.java:doStop(1154)) - Stopped o.e.j.s.ServletContextHandler@551be7b1{static,/static,jar:file:/home/runner/.m2/repository/org/apache/ozone/hdds-container-service/1.2.0-SNAPSHOT/hdds-container-service-1.2.0-SNAPSHOT.jar!/webapps/static,STOPPED}
2021-07-28 21:21:14,042 [Listener at 127.0.0.1/35523] INFO  handler.ContextHandler (ContextHandler.java:doStop(1154)) - Stopped o.e.j.s.ServletContextHandler@6b4848d9{logs,/logs,file:///home/runner/work/ozone/ozone/mnt/ozone/hadoop-ozone/integration-test/target/log,STOPPED}
2021-07-28 21:21:14,108 [SCMBlockDeletingService#0] DEBUG block.SCMBlockDeletingService (SCMBlockDeletingService.java:call(131)) - Running DeletedBlockTransactionScanner
2021-07-28 21:21:14,137 [Datanode State Machine Thread - 0] INFO  statemachine.DatanodeStateMachine (DatanodeStateMachine.java:lambda$startDaemon$0(456)) - Ozone container server started.
2021-07-28 21:21:14,208 [SCMBlockDeletingService#0] DEBUG block.SCMBlockDeletingService (SCMBlockDeletingService.java:call(131)) - Running DeletedBlockTransactionScanner
2021-07-28 21:21:14,308 [SCMBlockDeletingService#0] DEBUG block.SCMBlockDeletingService (SCMBlockDeletingService.java:call(131)) - Running DeletedBlockTransactionScanner
2021-07-28 21:21:14,408 [SCMBlockDeletingService#0] DEBUG block.SCMBlockDeletingService (SCMBlockDeletingService.java:call(131)) - Running DeletedBlockTransactionScanner
2021-07-28 21:21:14,508 [SCMBlockDeletingService#0] DEBUG block.SCMBlockDeletingService (SCMBlockDeletingService.java:call(131)) - Running DeletedBlockTransactionScanner
2021-07-28 21:21:14,608 [SCMBlockDeletingService#0] DEBUG block.SCMBlockDeletingService (SCMBlockDeletingService.java:call(131)) - Running DeletedBlockTransactionScanner
2021-07-28 21:21:14,708 [SCMBlockDeletingService#0] DEBUG block.SCMBlockDeletingService (SCMBlockDeletingService.java:call(131)) - Running DeletedBlockTransactionScanner
2021-07-28 21:21:14,808 [SCMBlockDeletingService#0] DEBUG block.SCMBlockDeletingService (SCMBlockDeletingService.java:call(131)) - Running DeletedBlockTransactionScanner
2021-07-28 21:21:14,908 [SCMBlockDeletingService#0] DEBUG block.SCMBlockDeletingService (SCMBlockDeletingService.java:call(131)) - Running DeletedBlockTransactionScanner
2021-07-28 21:21:15,008 [SCMBlockDeletingService#0] DEBUG block.SCMBlockDeletingService (SCMBlockDeletingService.java:call(131)) - Running DeletedBlockTransactionScanner
2021-07-28 21:21:15,109 [SCMBlockDeletingService#0] DEBUG block.SCMBlockDeletingService (SCMBlockDeletingService.java:call(131)) - Running DeletedBlockTransactionScanner
2021-07-28 21:21:15,209 [SCMBlockDeletingService#0] DEBUG block.SCMBlockDeletingService (SCMBlockDeletingService.java:call(131)) - Running DeletedBlockTransactionScanner
2021-07-28 21:21:15,309 [SCMBlockDeletingService#0] DEBUG block.SCMBlockDeletingService (SCMBlockDeletingService.java:call(131)) - Running DeletedBlockTransactionScanner
2021-07-28 21:21:15,409 [SCMBlockDeletingService#0] DEBUG block.SCMBlockDeletingService (SCMBlockDeletingService.java:call(131)) - Running DeletedBlockTransactionScanner
2021-07-28 21:21:15,509 [SCMBlockDeletingService#0] DEBUG block.SCMBlockDeletingService (SCMBlockDeletingService.java:call(131)) - Running DeletedBlockTransactionScanner
2021-07-28 21:21:15,609 [SCMBlockDeletingService#0] DEBUG block.SCMBlockDeletingService (SCMBlockDeletingService.java:call(131)) - Running DeletedBlockTransactionScanner
2021-07-28 21:21:15,709 [SCMBlockDeletingService#0] DEBUG block.SCMBlockDeletingService (SCMBlockDeletingService.java:call(131)) - Running DeletedBlockTransactionScanner
2021-07-28 21:21:15,809 [SCMBlockDeletingService#0] DEBUG block.SCMBlockDeletingService (SCMBlockDeletingService.java:call(131)) - Running DeletedBlockTransactionScanner
2021-07-28 21:21:15,882 [grpc-default-executor-3] WARN  server.GrpcLogAppender (LogUtils.java:warn(122)) - 9c0f3aab-f21e-4a40-b90a-e278bd611599@group-D6B3473BA663->31a275a1-7e4f-41f8-9eef-5428a3a9a47f-AppendLogResponseHandler: Failed appendEntries: org.apache.ratis.thirdparty.io.grpc.StatusRuntimeException: UNAVAILABLE: io exception
2021-07-28 21:21:15,883 [grpc-default-executor-3] WARN  server.GrpcLogAppender (GrpcLogAppender.java:resetClient(111)) - 9c0f3aab-f21e-4a40-b90a-e278bd611599@group-D6B3473BA663->31a275a1-7e4f-41f8-9eef-5428a3a9a47f-GrpcLogAppender: Leader has not got in touch with Follower 9c0f3aab-f21e-4a40-b90a-e278bd611599@group-D6B3473BA663->31a275a1-7e4f-41f8-9eef-5428a3a9a47f(c-1,m0,n1, attendVote=true, lastRpcSendTime=2529, lastRpcResponseTime=2508) yet, just keep nextIndex unchanged and retry.
2021-07-28 21:21:15,892 [grpc-default-executor-3] WARN  server.GrpcLogAppender (LogUtils.java:warn(122)) - 9c0f3aab-f21e-4a40-b90a-e278bd611599@group-D6B3473BA663->684a6605-a0ea-4f4a-a756-567e88d15665-AppendLogResponseHandler: Failed appendEntries: org.apache.ratis.thirdparty.io.grpc.StatusRuntimeException: UNAVAILABLE: io exception
2021-07-28 21:21:15,892 [grpc-default-executor-3] WARN  server.GrpcLogAppender (GrpcLogAppender.java:resetClient(111)) - 9c0f3aab-f21e-4a40-b90a-e278bd611599@group-D6B3473BA663->684a6605-a0ea-4f4a-a756-567e88d15665-GrpcLogAppender: Leader has not got in touch with Follower 9c0f3aab-f21e-4a40-b90a-e278bd611599@group-D6B3473BA663->684a6605-a0ea-4f4a-a756-567e88d15665(c0,m0,n1, attendVote=true, lastRpcSendTime=2531, lastRpcResponseTime=2512) yet, just keep nextIndex unchanged and retry.
2021-07-28 21:21:15,909 [SCMBlockDeletingService#0] DEBUG block.SCMBlockDeletingService (SCMBlockDeletingService.java:call(131)) - Running DeletedBlockTransactionScanner
2021-07-28 21:21:16,009 [SCMBlockDeletingService#0] DEBUG block.SCMBlockDeletingService (SCMBlockDeletingService.java:call(131)) - Running DeletedBlockTransactionScanner
2021-07-28 21:21:16,109 [SCMBlockDeletingService#0] DEBUG block.SCMBlockDeletingService (SCMBlockDeletingService.java:call(131)) - Running DeletedBlockTransactionScanner
2021-07-28 21:21:16,210 [SCMBlockDeletingService#0] DEBUG block.SCMBlockDeletingService (SCMBlockDeletingService.java:call(131)) - Running DeletedBlockTransactionScanner
2021-07-28 21:21:16,310 [SCMBlockDeletingService#0] DEBUG block.SCMBlockDeletingService (SCMBlockDeletingService.java:call(131)) - Running DeletedBlockTransactionScanner
2021-07-28 21:21:16,410 [SCMBlockDeletingService#0] DEBUG block.SCMBlockDeletingService (SCMBlockDeletingService.java:call(131)) - Running DeletedBlockTransactionScanner
2021-07-28 21:21:16,510 [SCMBlockDeletingService#0] DEBUG block.SCMBlockDeletingService (SCMBlockDeletingService.java:call(131)) - Running DeletedBlockTransactionScanner
2021-07-28 21:21:16,610 [SCMBlockDeletingService#0] DEBUG block.SCMBlockDeletingService (SCMBlockDeletingService.java:call(131)) - Running DeletedBlockTransactionScanner
2021-07-28 21:21:16,710 [SCMBlockDeletingService#0] DEBUG block.SCMBlockDeletingService (SCMBlockDeletingService.java:call(131)) - Running DeletedBlockTransactionScanner
2021-07-28 21:21:16,810 [SCMBlockDeletingService#0] DEBUG block.SCMBlockDeletingService (SCMBlockDeletingService.java:call(131)) - Running DeletedBlockTransactionScanner
2021-07-28 21:21:16,910 [SCMBlockDeletingService#0] DEBUG block.SCMBlockDeletingService (SCMBlockDeletingService.java:call(131)) - Running DeletedBlockTransactionScanner
2021-07-28 21:21:16,969 [EventQueue-StaleNodeForStaleNodeHandler] INFO  node.StaleNodeHandler (StaleNodeHandler.java:onMessage(58)) - Datanode 9c0f3aab-f21e-4a40-b90a-e278bd611599{ip: 10.1.0.18, host: fv-az151-48.yf2hydr00wburbhx3j5hxtcipe.bx.internal.cloudapp.net, ports: [REPLICATION=34339, RATIS=40769, RATIS_ADMIN=40769, RATIS_SERVER=40769, STANDALONE=39191], networkLocation: /default-rack, certSerialId: null, persistedOpState: IN_SERVICE, persistedOpStateExpiryEpochSec: 0} moved to stale state. Finalizing its pipelines [PipelineID=b2245f73-ed63-4306-962e-d6b3473ba663]
2021-07-28 21:21:17,010 [SCMBlockDeletingService#0] DEBUG block.SCMBlockDeletingService (SCMBlockDeletingService.java:call(131)) - Running DeletedBlockTransactionScanner
2021-07-28 21:21:17,110 [SCMBlockDeletingService#0] DEBUG block.SCMBlockDeletingService (SCMBlockDeletingService.java:call(131)) - Running DeletedBlockTransactionScanner
2021-07-28 21:21:17,210 [SCMBlockDeletingService#0] DEBUG block.SCMBlockDeletingService (SCMBlockDeletingService.java:call(131)) - Running DeletedBlockTransactionScanner
2021-07-28 21:21:17,311 [SCMBlockDeletingService#0] DEBUG block.SCMBlockDeletingService (SCMBlockDeletingService.java:call(131)) - Running DeletedBlockTransactionScanner
2021-07-28 21:21:17,411 [SCMBlockDeletingService#0] DEBUG block.SCMBlockDeletingService (SCMBlockDeletingService.java:call(131)) - Running DeletedBlockTransactionScanner
2021-07-28 21:21:17,511 [SCMBlockDeletingService#0] DEBUG block.SCMBlockDeletingService (SCMBlockDeletingService.java:call(131)) - Running DeletedBlockTransactionScanner
2021-07-28 21:21:17,611 [SCMBlockDeletingService#0] DEBUG block.SCMBlockDeletingService (SCMBlockDeletingService.java:call(131)) - Running DeletedBlockTransactionScanner
2021-07-28 21:21:17,711 [SCMBlockDeletingService#0] DEBUG block.SCMBlockDeletingService (SCMBlockDeletingService.java:call(131)) - Running DeletedBlockTransactionScanner
2021-07-28 21:21:17,811 [SCMBlockDeletingService#0] DEBUG block.SCMBlockDeletingService (SCMBlockDeletingService.java:call(131)) - Running DeletedBlockTransactionScanner
2021-07-28 21:21:17,911 [SCMBlockDeletingService#0] DEBUG block.SCMBlockDeletingService (SCMBlockDeletingService.java:call(131)) - Running DeletedBlockTransactionScanner
2021-07-28 21:21:18,011 [SCMBlockDeletingService#0] DEBUG block.SCMBlockDeletingService (SCMBlockDeletingService.java:call(131)) - Running DeletedBlockTransactionScanner
2021-07-28 21:21:18,111 [SCMBlockDeletingService#0] DEBUG block.SCMBlockDeletingService (SCMBlockDeletingService.java:call(131)) - Running DeletedBlockTransactionScanner
2021-07-28 21:21:18,211 [SCMBlockDeletingService#0] DEBUG block.SCMBlockDeletingService (SCMBlockDeletingService.java:call(131)) - Running DeletedBlockTransactionScanner
2021-07-28 21:21:18,311 [SCMBlockDeletingService#0] DEBUG block.SCMBlockDeletingService (SCMBlockDeletingService.java:call(131)) - Running DeletedBlockTransactionScanner
2021-07-28 21:21:18,385 [grpc-default-executor-3] WARN  server.GrpcLogAppender (LogUtils.java:warn(122)) - 9c0f3aab-f21e-4a40-b90a-e278bd611599@group-D6B3473BA663->31a275a1-7e4f-41f8-9eef-5428a3a9a47f-AppendLogResponseHandler: Failed appendEntries: org.apache.ratis.thirdparty.io.grpc.StatusRuntimeException: UNAVAILABLE: io exception
2021-07-28 21:21:18,389 [grpc-default-executor-3] WARN  server.GrpcLogAppender (GrpcLogAppender.java:resetClient(111)) - 9c0f3aab-f21e-4a40-b90a-e278bd611599@group-D6B3473BA663->31a275a1-7e4f-41f8-9eef-5428a3a9a47f-GrpcLogAppender: Leader has not got in touch with Follower 9c0f3aab-f21e-4a40-b90a-e278bd611599@group-D6B3473BA663->31a275a1-7e4f-41f8-9eef-5428a3a9a47f(c-1,m0,n1, attendVote=true, lastRpcSendTime=0, lastRpcResponseTime=5015) yet, just keep nextIndex unchanged and retry.
2021-07-28 21:21:18,394 [grpc-default-executor-3] WARN  server.GrpcLogAppender (LogUtils.java:warn(122)) - 9c0f3aab-f21e-4a40-b90a-e278bd611599@group-D6B3473BA663->684a6605-a0ea-4f4a-a756-567e88d15665-AppendLogResponseHandler: Failed appendEntries: org.apache.ratis.thirdparty.io.grpc.StatusRuntimeException: UNAVAILABLE: io exception
2021-07-28 21:21:18,395 [grpc-default-executor-3] WARN  server.GrpcLogAppender (GrpcLogAppender.java:resetClient(111)) - 9c0f3aab-f21e-4a40-b90a-e278bd611599@group-D6B3473BA663->684a6605-a0ea-4f4a-a756-567e88d15665-GrpcLogAppender: Leader has not got in touch with Follower 9c0f3aab-f21e-4a40-b90a-e278bd611599@group-D6B3473BA663->684a6605-a0ea-4f4a-a756-567e88d15665(c0,m0,n1, attendVote=true, lastRpcSendTime=0, lastRpcResponseTime=5014) yet, just keep nextIndex unchanged and retry.
2021-07-28 21:21:18,411 [SCMBlockDeletingService#0] DEBUG block.SCMBlockDeletingService (SCMBlockDeletingService.java:call(131)) - Running DeletedBlockTransactionScanner
2021-07-28 21:21:18,512 [SCMBlockDeletingService#0] DEBUG block.SCMBlockDeletingService (SCMBlockDeletingService.java:call(131)) - Running DeletedBlockTransactionScanner
2021-07-28 21:21:18,612 [SCMBlockDeletingService#0] DEBUG block.SCMBlockDeletingService (SCMBlockDeletingService.java:call(131)) - Running DeletedBlockTransactionScanner
2021-07-28 21:21:18,712 [SCMBlockDeletingService#0] DEBUG block.SCMBlockDeletingService (SCMBlockDeletingService.java:call(131)) - Running DeletedBlockTransactionScanner
2021-07-28 21:21:18,812 [SCMBlockDeletingService#0] DEBUG block.SCMBlockDeletingService (SCMBlockDeletingService.java:call(131)) - Running DeletedBlockTransactionScanner
2021-07-28 21:21:18,912 [SCMBlockDeletingService#0] DEBUG block.SCMBlockDeletingService (SCMBlockDeletingService.java:call(131)) - Running DeletedBlockTransactionScanner
2021-07-28 21:21:19,012 [SCMBlockDeletingService#0] DEBUG block.SCMBlockDeletingService (SCMBlockDeletingService.java:call(131)) - Running DeletedBlockTransactionScanner
2021-07-28 21:21:19,044 [Listener at 127.0.0.1/35523] INFO  ozoneimpl.OzoneContainer (OzoneContainer.java:stop(326)) - Attempting to stop container services.
2021-07-28 21:21:19,044 [Listener at 127.0.0.1/35523] INFO  server.RaftServer (RaftServerProxy.java:lambda$close$6(391)) - 9c0f3aab-f21e-4a40-b90a-e278bd611599: close
2021-07-28 21:21:19,045 [Listener at 127.0.0.1/35523] INFO  server.RaftServer$Division (RaftServerImpl.java:lambda$close$4(407)) - 9c0f3aab-f21e-4a40-b90a-e278bd611599@group-D6B3473BA663: shutdown
2021-07-28 21:21:19,045 [Listener at 127.0.0.1/35523] INFO  util.JmxRegister (JmxRegister.java:unregister(73)) - Successfully un-registered JMX Bean with object name Ratis:service=RaftServer,group=group-D6B3473BA663,id=9c0f3aab-f21e-4a40-b90a-e278bd611599
2021-07-28 21:21:19,045 [Listener at 127.0.0.1/35523] INFO  impl.RoleInfo (RoleInfo.java:shutdownLeaderState(91)) - 9c0f3aab-f21e-4a40-b90a-e278bd611599: shutdown 9c0f3aab-f21e-4a40-b90a-e278bd611599@group-D6B3473BA663-LeaderStateImpl
2021-07-28 21:21:19,045 [Listener at 127.0.0.1/35523] INFO  impl.PendingRequests (PendingRequests.java:sendNotLeaderResponses(249)) - 9c0f3aab-f21e-4a40-b90a-e278bd611599@group-D6B3473BA663-PendingRequests: sendNotLeaderResponses
2021-07-28 21:21:19,045 [Listener at 127.0.0.1/35523] INFO  impl.StateMachineUpdater (StateMachineUpdater.java:stopAndJoin(149)) - 9c0f3aab-f21e-4a40-b90a-e278bd611599@group-D6B3473BA663-StateMachineUpdater: set stopIndex = 0
2021-07-28 21:21:19,046 [9c0f3aab-f21e-4a40-b90a-e278bd611599@group-D6B3473BA663-StateMachineUpdater] INFO  ratis.ContainerStateMachine (ContainerStateMachine.java:takeSnapshot(291)) - group-D6B3473BA663: Taking a snapshot at:(t:1, i:0) file /home/runner/work/ozone/ozone/mnt/ozone/hadoop-ozone/integration-test/target/test-dir/MiniOzoneClusterImpl-4602a15a-46b8-476b-8e6e-aec7ac1b4dac/datanode-2/data/ratis/b2245f73-ed63-4306-962e-d6b3473ba663/sm/snapshot.1_0
2021-07-28 21:21:19,048 [9c0f3aab-f21e-4a40-b90a-e278bd611599@group-D6B3473BA663-StateMachineUpdater] INFO  ratis.ContainerStateMachine (ContainerStateMachine.java:takeSnapshot(302)) - group-D6B3473BA663: Finished taking a snapshot at:(t:1, i:0) file:/home/runner/work/ozone/ozone/mnt/ozone/hadoop-ozone/integration-test/target/test-dir/MiniOzoneClusterImpl-4602a15a-46b8-476b-8e6e-aec7ac1b4dac/datanode-2/data/ratis/b2245f73-ed63-4306-962e-d6b3473ba663/sm/snapshot.1_0 took: 2 ms
2021-07-28 21:21:19,048 [9c0f3aab-f21e-4a40-b90a-e278bd611599@group-D6B3473BA663-StateMachineUpdater] INFO  impl.StateMachineUpdater (StateMachineUpdater.java:takeSnapshot(281)) - 9c0f3aab-f21e-4a40-b90a-e278bd611599@group-D6B3473BA663-StateMachineUpdater: Took a snapshot at index 0
2021-07-28 21:21:19,048 [9c0f3aab-f21e-4a40-b90a-e278bd611599@group-D6B3473BA663-StateMachineUpdater] INFO  impl.StateMachineUpdater (StateMachineUpdater.java:lambda$new$0(89)) - 9c0f3aab-f21e-4a40-b90a-e278bd611599@group-D6B3473BA663-StateMachineUpdater: snapshotIndex: updateIncreasingly -1 -> 0
2021-07-28 21:21:19,048 [Listener at 127.0.0.1/35523] INFO  server.RaftServer$Division (ServerState.java:close(419)) - 9c0f3aab-f21e-4a40-b90a-e278bd611599@group-D6B3473BA663: closes. applyIndex: 0
2021-07-28 21:21:19,048 [9c0f3aab-f21e-4a40-b90a-e278bd611599@group-D6B3473BA663-SegmentedRaftLogWorker] INFO  segmented.SegmentedRaftLogWorker (SegmentedRaftLogWorker.java:run(327)) - 9c0f3aab-f21e-4a40-b90a-e278bd611599@group-D6B3473BA663-SegmentedRaftLogWorker was interrupted, exiting. There are 0 tasks remaining in the queue.
2021-07-28 21:21:19,049 [Listener at 127.0.0.1/35523] INFO  segmented.SegmentedRaftLogWorker (SegmentedRaftLogWorker.java:close(237)) - 9c0f3aab-f21e-4a40-b90a-e278bd611599@group-D6B3473BA663-SegmentedRaftLogWorker close()
2021-07-28 21:21:19,050 [Listener at 127.0.0.1/35523] INFO  server.GrpcService (GrpcService.java:closeImpl(262)) - 9c0f3aab-f21e-4a40-b90a-e278bd611599: shutdown server with port 40769 now
2021-07-28 21:21:19,051 [grpc-default-executor-1] WARN  client.GrpcClientProtocolService (LogUtils.java:warn(122)) - 1-UnorderedRequestStreamObserver1: onError: org.apache.ratis.thirdparty.io.grpc.StatusRuntimeException: CANCELLED: client cancelled
2021-07-28 21:21:19,055 [Listener at 127.0.0.1/35523] INFO  server.GrpcService (GrpcService.java:closeImpl(271)) - 9c0f3aab-f21e-4a40-b90a-e278bd611599: shutdown server with port 40769 successfully
2021-07-28 21:21:19,055 [org.apache.ratis.util.JvmPauseMonitor$$Lambda$526/117902049@1a7df1b4] INFO  util.JvmPauseMonitor (JvmPauseMonitor.java:run(109)) - JvmPauseMonitor-9c0f3aab-f21e-4a40-b90a-e278bd611599: Stopped
2021-07-28 21:21:19,057 [Listener at 127.0.0.1/35523] INFO  utils.BackgroundService (BackgroundService.java:shutdown(132)) - Shutting down service BlockDeletingService
2021-07-28 21:21:19,059 [Listener at 127.0.0.1/35523] INFO  statemachine.DatanodeStateMachine (DatanodeStateMachine.java:stopDaemon(514)) - Ozone container server stopped.
2021-07-28 21:21:19,059 [Listener at 127.0.0.1/35523] INFO  handler.ContextHandler (ContextHandler.java:doStop(1154)) - Stopped o.e.j.w.WebAppContext@2331ac37{hddsDatanode,/,null,STOPPED}{jar:file:/home/runner/.m2/repository/org/apache/ozone/hdds-container-service/1.2.0-SNAPSHOT/hdds-container-service-1.2.0-SNAPSHOT.jar!/webapps/hddsDatanode}
2021-07-28 21:21:19,061 [Listener at 127.0.0.1/35523] INFO  server.AbstractConnector (AbstractConnector.java:doStop(381)) - Stopped ServerConnector@a56277b{HTTP/1.1, (http/1.1)}{0.0.0.0:0}
2021-07-28 21:21:19,061 [Listener at 127.0.0.1/35523] INFO  server.session (HouseKeeper.java:stopScavenging(149)) - node0 Stopped scavenging
2021-07-28 21:21:19,062 [Listener at 127.0.0.1/35523] INFO  handler.ContextHandler (ContextHandler.java:doStop(1154)) - Stopped o.e.j.s.ServletContextHandler@756d28cb{static,/static,jar:file:/home/runner/.m2/repository/org/apache/ozone/hdds-container-service/1.2.0-SNAPSHOT/hdds-container-service-1.2.0-SNAPSHOT.jar!/webapps/static,STOPPED}
2021-07-28 21:21:19,062 [Listener at 127.0.0.1/35523] INFO  handler.ContextHandler (ContextHandler.java:doStop(1154)) - Stopped o.e.j.s.ServletContextHandler@4ac73165{logs,/logs,file:///home/runner/work/ozone/ozone/mnt/ozone/hadoop-ozone/integration-test/target/log,STOPPED}
2021-07-28 21:21:19,064 [Listener at 127.0.0.1/35523] INFO  ozone.MiniOzoneClusterImpl (MiniOzoneClusterImpl.java:stopSCM(542)) - Stopping the StorageContainerManager
2021-07-28 21:21:19,064 [Listener at 127.0.0.1/35523] INFO  server.StorageContainerManager (StorageContainerManager.java:stop(1337)) - Stopping Replication Manager Service.
2021-07-28 21:21:19,064 [Listener at 127.0.0.1/35523] INFO  container.ReplicationManager (ReplicationManager.java:stop(317)) - Stopping Replication Monitor Thread.
2021-07-28 21:21:19,064 [Listener at 127.0.0.1/35523] INFO  server.StorageContainerManager (StorageContainerManager.java:stop(1344)) - Stopping the Datanode Admin Monitor.
2021-07-28 21:21:19,064 [Listener at 127.0.0.1/35523] INFO  server.StorageContainerManager (StorageContainerManager.java:stop(1351)) - Stopping Lease Manager of the command watchers
2021-07-28 21:21:19,065 [Listener at 127.0.0.1/35523] INFO  server.StorageContainerManager (StorageContainerManager.java:stop(1358)) - Stopping datanode service RPC server
2021-07-28 21:21:19,065 [Listener at 127.0.0.1/35523] INFO  server.SCMDatanodeProtocolServer (SCMDatanodeProtocolServer.java:stop(389)) - Stopping the RPC server for DataNodes
2021-07-28 21:21:19,065 [Listener at 127.0.0.1/35523] INFO  ipc.Server (Server.java:stop(3414)) - Stopping server on 37617
2021-07-28 21:21:19,066 [IPC Server listener on 0] INFO  ipc.Server (Server.java:run(1376)) - Stopping IPC Server listener on 0
2021-07-28 21:21:19,067 [IPC Server Responder] INFO  ipc.Server (Server.java:run(1512)) - Stopping IPC Server Responder
2021-07-28 21:21:19,072 [SCM Heartbeat Processing Thread - 0] WARN  node.NodeStateManager (NodeStateManager.java:scheduleNextHealthCheck(799)) - Current Thread is interrupted, shutting down HB processing thread for Node Manager.
2021-07-28 21:21:19,073 [Listener at 127.0.0.1/35523] INFO  server.StorageContainerManager (StorageContainerManager.java:stop(1366)) - Stopping block service RPC server
2021-07-28 21:21:19,073 [Listener at 127.0.0.1/35523] INFO  server.SCMBlockProtocolServer (SCMBlockProtocolServer.java:stop(160)) - Stopping the RPC server for Block Protocol
2021-07-28 21:21:19,073 [Listener at 127.0.0.1/35523] INFO  ipc.Server (Server.java:stop(3414)) - Stopping server on 46425
2021-07-28 21:21:19,075 [IPC Server Responder] INFO  ipc.Server (Server.java:run(1512)) - Stopping IPC Server Responder
2021-07-28 21:21:19,075 [Listener at 127.0.0.1/35523] INFO  server.StorageContainerManager (StorageContainerManager.java:stop(1373)) - Stopping the StorageContainerLocationProtocol RPC server
2021-07-28 21:21:19,075 [Listener at 127.0.0.1/35523] INFO  server.SCMClientProtocolServer (SCMClientProtocolServer.java:stop(174)) - Stopping the RPC server for Client Protocol
2021-07-28 21:21:19,075 [Listener at 127.0.0.1/35523] INFO  ipc.Server (Server.java:stop(3414)) - Stopping server on 40731
2021-07-28 21:21:19,075 [IPC Server listener on 0] INFO  ipc.Server (Server.java:run(1376)) - Stopping IPC Server listener on 0
2021-07-28 21:21:19,076 [IPC Server listener on 0] INFO  ipc.Server (Server.java:run(1376)) - Stopping IPC Server listener on 0
2021-07-28 21:21:19,076 [IPC Server Responder] INFO  ipc.Server (Server.java:run(1512)) - Stopping IPC Server Responder
2021-07-28 21:21:19,077 [Listener at 127.0.0.1/35523] INFO  server.StorageContainerManager (StorageContainerManager.java:stop(1380)) - Stopping Storage Container Manager HTTP server.
2021-07-28 21:21:19,077 [Listener at 127.0.0.1/35523] INFO  handler.ContextHandler (ContextHandler.java:doStop(1154)) - Stopped o.e.j.w.WebAppContext@58945295{scm,/,null,STOPPED}{file:/home/runner/work/ozone/ozone/mnt/ozone/hadoop-ozone/integration-test/target/test-classes/webapps/scm}
2021-07-28 21:21:19,078 [Listener at 127.0.0.1/35523] INFO  server.AbstractConnector (AbstractConnector.java:doStop(381)) - Stopped ServerConnector@6b32b678{HTTP/1.1, (http/1.1)}{0.0.0.0:0}
2021-07-28 21:21:19,078 [Listener at 127.0.0.1/35523] INFO  server.session (HouseKeeper.java:stopScavenging(149)) - node0 Stopped scavenging
2021-07-28 21:21:19,079 [Listener at 127.0.0.1/35523] INFO  handler.ContextHandler (ContextHandler.java:doStop(1154)) - Stopped o.e.j.s.ServletContextHandler@630c3af3{static,/static,file:///home/runner/work/ozone/ozone/mnt/ozone/hadoop-ozone/integration-test/target/test-classes/webapps/static,STOPPED}
2021-07-28 21:21:19,080 [Listener at 127.0.0.1/35523] INFO  handler.ContextHandler (ContextHandler.java:doStop(1154)) - Stopped o.e.j.s.ServletContextHandler@3ec211cc{logs,/logs,file:///home/runner/work/ozone/ozone/mnt/ozone/hadoop-ozone/integration-test/target/log,STOPPED}
2021-07-28 21:21:19,083 [Listener at 127.0.0.1/35523] INFO  server.StorageContainerManager (StorageContainerManager.java:stop(1391)) - Stopping Block Manager Service.
2021-07-28 21:21:19,083 [Listener at 127.0.0.1/35523] INFO  utils.BackgroundService (BackgroundService.java:shutdown(132)) - Shutting down service SCMBlockDeletingService
2021-07-28 21:21:19,083 [Listener at 127.0.0.1/35523] INFO  utils.BackgroundService (BackgroundService.java:shutdown(132)) - Shutting down service SCMBlockDeletingService
2021-07-28 21:21:19,083 [Listener at 127.0.0.1/35523] INFO  server.StorageContainerManager (StorageContainerManager.java:stop(1418)) - Stopping SCM Event Queue.
2021-07-28 21:21:19,086 [Listener at 127.0.0.1/35523] INFO  server.StorageContainerManager (StorageContainerManager.java:stop(1429)) - Stopping SCM HA services.
2021-07-28 21:21:19,086 [Listener at 127.0.0.1/35523] INFO  pipeline.BackgroundPipelineCreator (BackgroundPipelineCreatorV2.java:stop(158)) - Stopping RatisPipelineUtilsThread.
2021-07-28 21:21:19,086 [Listener at 127.0.0.1/35523] INFO  server.StorageContainerManager (StorageContainerManager.java:stop(1439)) - Stopping SCM MetadataStore.
2021-07-28 21:21:19,087 [Listener at 127.0.0.1/35523] INFO  impl.MetricsSystemImpl (MetricsSystemImpl.java:stop(210)) - Stopping HddsDatanode metrics system...
2021-07-28 21:21:19,089 [prometheus] INFO  impl.MetricsSinkAdapter (MetricsSinkAdapter.java:publishMetricsFromQueue(141)) - prometheus thread interrupted.
2021-07-28 21:21:19,089 [Listener at 127.0.0.1/35523] INFO  impl.MetricsSystemImpl (MetricsSystemImpl.java:stop(216)) - HddsDatanode metrics system stopped.
]]></system-out>
  </testcase>
  <testcase name="testBlockDeletion" classname="org.apache.hadoop.ozone.container.common.statemachine.commandhandler.TestBlockDeletion" time="69.129"/>
</testsuite>