<?xml version="1.0" encoding="UTF-8"?>
<testsuite xmlns:xsi="http://www.w3.org/2001/XMLSchema-instance" xsi:noNamespaceSchemaLocation="https://maven.apache.org/surefire/maven-surefire-plugin/xsd/surefire-test-report.xsd" name="org.apache.hadoop.ozone.client.rpc.TestCommitWatcher" time="85.683" tests="2" errors="1" skipped="0" failures="0">
  <properties>
    <property name="awt.toolkit" value="sun.awt.X11.XToolkit"/>
    <property name="file.encoding.pkg" value="sun.io"/>
    <property name="java.specification.version" value="1.8"/>
    <property name="sun.cpu.isalist" value=""/>
    <property name="sun.jnu.encoding" value="ANSI_X3.4-1968"/>
    <property name="java.class.path" value="/github/workspace/mnt/ozone/hadoop-ozone/integration-test/target/test-classes:/github/workspace/mnt/ozone/hadoop-ozone/integration-test/target/classes:/home/user/.m2/repository/org/apache/hadoop/hadoop-ozone-common/1.1.0-SNAPSHOT/hadoop-ozone-common-1.1.0-SNAPSHOT.jar:/home/user/.m2/repository/org/apache/commons/commons-compress/1.4.1/commons-compress-1.4.1.jar:/home/user/.m2/repository/org/tukaani/xz/1.0/xz-1.0.jar:/home/user/.m2/repository/org/apache/hadoop/hadoop-hdds-common/1.1.0-SNAPSHOT/hadoop-hdds-common-1.1.0-SNAPSHOT.jar:/home/user/.m2/repository/org/apache/hadoop/hadoop-hdds-client/1.1.0-SNAPSHOT/hadoop-hdds-client-1.1.0-SNAPSHOT.jar:/home/user/.m2/repository/org/apache/hadoop/hadoop-ozone-interface-client/1.1.0-SNAPSHOT/hadoop-ozone-interface-client-1.1.0-SNAPSHOT.jar:/home/user/.m2/repository/org/apache/hadoop/hadoop-hdds-test-utils/1.1.0-SNAPSHOT/hadoop-hdds-test-utils-1.1.0-SNAPSHOT.jar:/home/user/.m2/repository/com/google/guava/guava/28.2-jre/guava-28.2-jre.jar:/home/user/.m2/repository/com/google/guava/failureaccess/1.0.1/failureaccess-1.0.1.jar:/home/user/.m2/repository/com/google/guava/listenablefuture/9999.0-empty-to-avoid-conflict-with-guava/listenablefuture-9999.0-empty-to-avoid-conflict-with-guava.jar:/home/user/.m2/repository/com/google/code/findbugs/jsr305/3.0.0/jsr305-3.0.0.jar:/home/user/.m2/repository/org/checkerframework/checker-qual/2.10.0/checker-qual-2.10.0.jar:/home/user/.m2/repository/com/google/errorprone/error_prone_annotations/2.2.0/error_prone_annotations-2.2.0.jar:/home/user/.m2/repository/com/google/j2objc/j2objc-annotations/1.3/j2objc-annotations-1.3.jar:/home/user/.m2/repository/commons-io/commons-io/2.5/commons-io-2.5.jar:/home/user/.m2/repository/commons-logging/commons-logging/1.2/commons-logging-1.2.jar:/home/user/.m2/repository/log4j/log4j/1.2.17/log4j-1.2.17.jar:/home/user/.m2/repository/org/slf4j/slf4j-api/1.7.30/slf4j-api-1.7.30.jar:/home/user/.m2/repository/org/apache/hadoop/hadoop-hdds-server-scm/1.1.0-SNAPSHOT/hadoop-hdds-server-scm-1.1.0-SNAPSHOT.jar:/home/user/.m2/repository/org/apache/hadoop/hadoop-hdds-container-service/1.1.0-SNAPSHOT/hadoop-hdds-container-service-1.1.0-SNAPSHOT.jar:/home/user/.m2/repository/org/apache/hadoop/hadoop-hdds-hadoop-dependency-server/1.1.0-SNAPSHOT/hadoop-hdds-hadoop-dependency-server-1.1.0-SNAPSHOT.jar:/home/user/.m2/repository/org/apache/hadoop/hadoop-hdfs/3.2.2/hadoop-hdfs-3.2.2.jar:/home/user/.m2/repository/org/apache/hadoop/hadoop-hdds-server-framework/1.1.0-SNAPSHOT/hadoop-hdds-server-framework-1.1.0-SNAPSHOT.jar:/home/user/.m2/repository/org/apache/hadoop/hadoop-hdds-interface-server/1.1.0-SNAPSHOT/hadoop-hdds-interface-server-1.1.0-SNAPSHOT.jar:/home/user/.m2/repository/org/apache/hadoop/hadoop-hdds-interface-admin/1.1.0-SNAPSHOT/hadoop-hdds-interface-admin-1.1.0-SNAPSHOT.jar:/home/user/.m2/repository/org/eclipse/jetty/jetty-servlet/9.4.34.v20201102/jetty-servlet-9.4.34.v20201102.jar:/home/user/.m2/repository/org/eclipse/jetty/jetty-security/9.4.34.v20201102/jetty-security-9.4.34.v20201102.jar:/home/user/.m2/repository/org/rocksdb/rocksdbjni/6.8.1/rocksdbjni-6.8.1.jar:/home/user/.m2/repository/io/prometheus/simpleclient_dropwizard/0.7.0/simpleclient_dropwizard-0.7.0.jar:/home/user/.m2/repository/io/prometheus/simpleclient/0.7.0/simpleclient-0.7.0.jar:/home/user/.m2/repository/io/prometheus/simpleclient_common/0.7.0/simpleclient_common-0.7.0.jar:/home/user/.m2/repository/com/fasterxml/jackson/datatype/jackson-datatype-jsr310/2.10.3/jackson-datatype-jsr310-2.10.3.jar:/home/user/.m2/repository/io/dropwizard/metrics/metrics-core/3.2.4/metrics-core-3.2.4.jar:/home/user/.m2/repository/org/apache/hadoop/hadoop-hdfs-client/3.2.2/hadoop-hdfs-client-3.2.2.jar:/home/user/.m2/repository/org/bouncycastle/bcprov-jdk15on/1.67/bcprov-jdk15on-1.67.jar:/home/user/.m2/repository/org/apache/hadoop/hadoop-ozone-ozone-manager/1.1.0-SNAPSHOT/hadoop-ozone-ozone-manager-1.1.0-SNAPSHOT.jar:/home/user/.m2/repository/org/apache/hadoop/hadoop-hdds-interface-client/1.1.0-SNAPSHOT/hadoop-hdds-interface-client-1.1.0-SNAPSHOT.jar:/home/user/.m2/repository/org/apache/ratis/ratis-thirdparty-misc/0.6.0/ratis-thirdparty-misc-0.6.0.jar:/home/user/.m2/repository/org/apache/hadoop/hadoop-ozone-interface-storage/1.1.0-SNAPSHOT/hadoop-ozone-interface-storage-1.1.0-SNAPSHOT.jar:/home/user/.m2/repository/org/apache/hadoop/hadoop-minikdc/3.2.2/hadoop-minikdc-3.2.2.jar:/home/user/.m2/repository/org/apache/kerby/kerb-simplekdc/1.0.1/kerb-simplekdc-1.0.1.jar:/home/user/.m2/repository/org/apache/kerby/kerb-client/1.0.1/kerb-client-1.0.1.jar:/home/user/.m2/repository/org/apache/kerby/kerby-config/1.0.1/kerby-config-1.0.1.jar:/home/user/.m2/repository/org/apache/kerby/kerb-core/1.0.1/kerb-core-1.0.1.jar:/home/user/.m2/repository/org/apache/kerby/kerby-pkix/1.0.1/kerby-pkix-1.0.1.jar:/home/user/.m2/repository/org/apache/kerby/kerby-asn1/1.0.1/kerby-asn1-1.0.1.jar:/home/user/.m2/repository/org/apache/kerby/kerby-util/1.0.1/kerby-util-1.0.1.jar:/home/user/.m2/repository/org/apache/kerby/kerb-common/1.0.1/kerb-common-1.0.1.jar:/home/user/.m2/repository/org/apache/kerby/kerb-crypto/1.0.1/kerb-crypto-1.0.1.jar:/home/user/.m2/repository/org/apache/kerby/kerb-util/1.0.1/kerb-util-1.0.1.jar:/home/user/.m2/repository/org/apache/kerby/token-provider/1.0.1/token-provider-1.0.1.jar:/home/user/.m2/repository/org/apache/kerby/kerb-admin/1.0.1/kerb-admin-1.0.1.jar:/home/user/.m2/repository/org/apache/kerby/kerb-server/1.0.1/kerb-server-1.0.1.jar:/home/user/.m2/repository/org/apache/kerby/kerb-identity/1.0.1/kerb-identity-1.0.1.jar:/home/user/.m2/repository/org/apache/kerby/kerby-xdr/1.0.1/kerby-xdr-1.0.1.jar:/home/user/.m2/repository/org/slf4j/slf4j-log4j12/1.7.30/slf4j-log4j12-1.7.30.jar:/home/user/.m2/repository/org/apache/hadoop/hadoop-ozone-s3gateway/1.1.0-SNAPSHOT/hadoop-ozone-s3gateway-1.1.0-SNAPSHOT.jar:/home/user/.m2/repository/org/jboss/weld/servlet/weld-servlet/2.4.7.Final/weld-servlet-2.4.7.Final.jar:/home/user/.m2/repository/org/glassfish/jersey/containers/jersey-container-servlet-core/2.27/jersey-container-servlet-core-2.27.jar:/home/user/.m2/repository/org/glassfish/hk2/external/javax.inject/2.5.0-b42/javax.inject-2.5.0-b42.jar:/home/user/.m2/repository/org/glassfish/jersey/core/jersey-common/2.27/jersey-common-2.27.jar:/home/user/.m2/repository/org/glassfish/hk2/osgi-resource-locator/1.0.1/osgi-resource-locator-1.0.1.jar:/home/user/.m2/repository/javax/ws/rs/javax.ws.rs-api/2.1/javax.ws.rs-api-2.1.jar:/home/user/.m2/repository/org/glassfish/jersey/ext/cdi/jersey-cdi1x/2.27/jersey-cdi1x-2.27.jar:/home/user/.m2/repository/org/glassfish/jersey/inject/jersey-hk2/2.27/jersey-hk2-2.27.jar:/home/user/.m2/repository/org/glassfish/hk2/hk2-locator/2.5.0-b42/hk2-locator-2.5.0-b42.jar:/home/user/.m2/repository/org/javassist/javassist/3.22.0-CR2/javassist-3.22.0-CR2.jar:/home/user/.m2/repository/org/glassfish/hk2/hk2-api/2.5.0/hk2-api-2.5.0.jar:/home/user/.m2/repository/org/glassfish/hk2/external/jakarta.inject/2.5.0/jakarta.inject-2.5.0.jar:/home/user/.m2/repository/org/glassfish/hk2/hk2-utils/2.5.0/hk2-utils-2.5.0.jar:/home/user/.m2/repository/jakarta/annotation/jakarta.annotation-api/1.3.4/jakarta.annotation-api-1.3.4.jar:/home/user/.m2/repository/org/glassfish/hk2/external/aopalliance-repackaged/2.5.0/aopalliance-repackaged-2.5.0.jar:/home/user/.m2/repository/com/fasterxml/jackson/dataformat/jackson-dataformat-xml/2.10.3/jackson-dataformat-xml-2.10.3.jar:/home/user/.m2/repository/com/fasterxml/jackson/core/jackson-core/2.10.3/jackson-core-2.10.3.jar:/home/user/.m2/repository/com/fasterxml/jackson/module/jackson-module-jaxb-annotations/2.10.3/jackson-module-jaxb-annotations-2.10.3.jar:/home/user/.m2/repository/jakarta/xml/bind/jakarta.xml.bind-api/2.3.2/jakarta.xml.bind-api-2.3.2.jar:/home/user/.m2/repository/jakarta/activation/jakarta.activation-api/1.2.1/jakarta.activation-api-1.2.1.jar:/home/user/.m2/repository/org/codehaus/woodstox/stax2-api/3.1.4/stax2-api-3.1.4.jar:/home/user/.m2/repository/com/fasterxml/woodstox/woodstox-core/5.0.3/woodstox-core-5.0.3.jar:/home/user/.m2/repository/javax/enterprise/cdi-api/1.2/cdi-api-1.2.jar:/home/user/.m2/repository/javax/el/javax.el-api/3.0.0/javax.el-api-3.0.0.jar:/home/user/.m2/repository/javax/interceptor/javax.interceptor-api/1.2/javax.interceptor-api-1.2.jar:/home/user/.m2/repository/javax/inject/javax.inject/1/javax.inject-1.jar:/home/user/.m2/repository/com/sun/xml/bind/jaxb-impl/2.3.0.1/jaxb-impl-2.3.0.1.jar:/home/user/.m2/repository/com/sun/xml/bind/jaxb-core/2.3.0.1/jaxb-core-2.3.0.1.jar:/home/user/.m2/repository/javax/xml/bind/jaxb-api/2.3.0/jaxb-api-2.3.0.jar:/home/user/.m2/repository/javax/activation/activation/1.1.1/activation-1.1.1.jar:/home/user/.m2/repository/org/apache/hadoop/hadoop-ozone-csi/1.1.0-SNAPSHOT/hadoop-ozone-csi-1.1.0-SNAPSHOT.jar:/home/user/.m2/repository/com/google/protobuf/protobuf-java-util/3.12.0/protobuf-java-util-3.12.0.jar:/home/user/.m2/repository/com/google/code/gson/gson/2.2.4/gson-2.2.4.jar:/home/user/.m2/repository/org/apache/hadoop/hadoop-hdds-config/1.1.0-SNAPSHOT/hadoop-hdds-config-1.1.0-SNAPSHOT.jar:/home/user/.m2/repository/com/google/protobuf/protobuf-java/2.5.0/protobuf-java-2.5.0.jar:/home/user/.m2/repository/io/grpc/grpc-netty/1.33.0/grpc-netty-1.33.0.jar:/home/user/.m2/repository/io/grpc/grpc-core/1.33.0/grpc-core-1.33.0.jar:/home/user/.m2/repository/com/google/android/annotations/4.1.1.4/annotations-4.1.1.4.jar:/home/user/.m2/repository/io/netty/netty-codec-http2/4.1.51.Final/netty-codec-http2-4.1.51.Final.jar:/home/user/.m2/repository/io/netty/netty-codec/4.1.51.Final/netty-codec-4.1.51.Final.jar:/home/user/.m2/repository/io/netty/netty-handler/4.1.51.Final/netty-handler-4.1.51.Final.jar:/home/user/.m2/repository/io/netty/netty-codec-http/4.1.51.Final/netty-codec-http-4.1.51.Final.jar:/home/user/.m2/repository/io/netty/netty-handler-proxy/4.1.51.Final/netty-handler-proxy-4.1.51.Final.jar:/home/user/.m2/repository/io/netty/netty-codec-socks/4.1.51.Final/netty-codec-socks-4.1.51.Final.jar:/home/user/.m2/repository/io/perfmark/perfmark-api/0.19.0/perfmark-api-0.19.0.jar:/home/user/.m2/repository/org/codehaus/mojo/animal-sniffer-annotations/1.18/animal-sniffer-annotations-1.18.jar:/home/user/.m2/repository/io/netty/netty-transport-native-epoll/4.1.51.Final/netty-transport-native-epoll-4.1.51.Final.jar:/home/user/.m2/repository/io/netty/netty-common/4.1.51.Final/netty-common-4.1.51.Final.jar:/home/user/.m2/repository/io/netty/netty-buffer/4.1.51.Final/netty-buffer-4.1.51.Final.jar:/home/user/.m2/repository/io/netty/netty-transport/4.1.51.Final/netty-transport-4.1.51.Final.jar:/home/user/.m2/repository/io/netty/netty-resolver/4.1.51.Final/netty-resolver-4.1.51.Final.jar:/home/user/.m2/repository/io/netty/netty-transport-native-unix-common/4.1.51.Final/netty-transport-native-unix-common-4.1.51.Final.jar:/home/user/.m2/repository/io/grpc/grpc-protobuf/1.33.0/grpc-protobuf-1.33.0.jar:/home/user/.m2/repository/io/grpc/grpc-api/1.33.0/grpc-api-1.33.0.jar:/home/user/.m2/repository/io/grpc/grpc-context/1.33.0/grpc-context-1.33.0.jar:/home/user/.m2/repository/com/google/api/grpc/proto-google-common-protos/1.17.0/proto-google-common-protos-1.17.0.jar:/home/user/.m2/repository/io/grpc/grpc-protobuf-lite/1.33.0/grpc-protobuf-lite-1.33.0.jar:/home/user/.m2/repository/io/grpc/grpc-stub/1.33.0/grpc-stub-1.33.0.jar:/home/user/.m2/repository/org/apache/hadoop/hadoop-ozone-recon/1.1.0-SNAPSHOT/hadoop-ozone-recon-1.1.0-SNAPSHOT.jar:/home/user/.m2/repository/org/apache/hadoop/hadoop-ozone-reconcodegen/1.1.0-SNAPSHOT/hadoop-ozone-reconcodegen-1.1.0-SNAPSHOT.jar:/home/user/.m2/repository/com/google/inject/extensions/guice-multibindings/4.0/guice-multibindings-4.0.jar:/home/user/.m2/repository/com/google/inject/guice/4.0/guice-4.0.jar:/home/user/.m2/repository/aopalliance/aopalliance/1.0/aopalliance-1.0.jar:/home/user/.m2/repository/com/google/inject/extensions/guice-assistedinject/4.0/guice-assistedinject-4.0.jar:/home/user/.m2/repository/com/google/inject/extensions/guice-servlet/4.0/guice-servlet-4.0.jar:/home/user/.m2/repository/org/glassfish/jersey/containers/jersey-container-servlet/2.27/jersey-container-servlet-2.27.jar:/home/user/.m2/repository/org/glassfish/hk2/guice-bridge/2.5.0/guice-bridge-2.5.0.jar:/home/user/.m2/repository/org/glassfish/jersey/core/jersey-server/2.27/jersey-server-2.27.jar:/home/user/.m2/repository/org/glassfish/jersey/core/jersey-client/2.27/jersey-client-2.27.jar:/home/user/.m2/repository/org/glassfish/jersey/media/jersey-media-jaxb/2.27/jersey-media-jaxb-2.27.jar:/home/user/.m2/repository/javax/validation/validation-api/1.1.0.Final/validation-api-1.1.0.Final.jar:/home/user/.m2/repository/org/glassfish/jersey/media/jersey-media-json-jackson/2.27/jersey-media-json-jackson-2.27.jar:/home/user/.m2/repository/org/glassfish/jersey/ext/jersey-entity-filtering/2.27/jersey-entity-filtering-2.27.jar:/home/user/.m2/repository/org/jooq/jooq/3.11.10/jooq-3.11.10.jar:/home/user/.m2/repository/org/jooq/jooq-meta/3.11.10/jooq-meta-3.11.10.jar:/home/user/.m2/repository/org/jooq/jooq-codegen/3.11.10/jooq-codegen-3.11.10.jar:/home/user/.m2/repository/com/jolbox/bonecp/0.8.0.RELEASE/bonecp-0.8.0.RELEASE.jar:/home/user/.m2/repository/org/apache/derby/derby/10.14.2.0/derby-10.14.2.0.jar:/home/user/.m2/repository/org/xerial/sqlite-jdbc/3.25.2/sqlite-jdbc-3.25.2.jar:/home/user/.m2/repository/org/springframework/spring-jdbc/5.2.11.RELEASE/spring-jdbc-5.2.11.RELEASE.jar:/home/user/.m2/repository/org/springframework/spring-beans/5.2.11.RELEASE/spring-beans-5.2.11.RELEASE.jar:/home/user/.m2/repository/org/springframework/spring-core/5.2.11.RELEASE/spring-core-5.2.11.RELEASE.jar:/home/user/.m2/repository/org/springframework/spring-jcl/5.2.11.RELEASE/spring-jcl-5.2.11.RELEASE.jar:/home/user/.m2/repository/org/springframework/spring-tx/5.2.11.RELEASE/spring-tx-5.2.11.RELEASE.jar:/home/user/.m2/repository/org/apache/hadoop/hadoop-ozone-client/1.1.0-SNAPSHOT/hadoop-ozone-client-1.1.0-SNAPSHOT.jar:/home/user/.m2/repository/org/apache/hadoop/hadoop-ozone-filesystem/1.1.0-SNAPSHOT/hadoop-ozone-filesystem-1.1.0-SNAPSHOT.jar:/home/user/.m2/repository/org/apache/hadoop/hadoop-ozone-filesystem-common/1.1.0-SNAPSHOT/hadoop-ozone-filesystem-common-1.1.0-SNAPSHOT.jar:/home/user/.m2/repository/org/apache/hadoop/hadoop-ozone-tools/1.1.0-SNAPSHOT/hadoop-ozone-tools-1.1.0-SNAPSHOT.jar:/home/user/.m2/repository/org/apache/ratis/ratis-tools/1.1.0-0bdf24f-SNAPSHOT/ratis-tools-1.1.0-0bdf24f-SNAPSHOT.jar:/home/user/.m2/repository/org/apache/ratis/ratis-proto/1.1.0-0bdf24f-SNAPSHOT/ratis-proto-1.1.0-0bdf24f-SNAPSHOT.jar:/home/user/.m2/repository/org/apache/ratis/ratis-common/1.1.0-0bdf24f-SNAPSHOT/ratis-common-1.1.0-0bdf24f-SNAPSHOT.jar:/home/user/.m2/repository/com/amazonaws/aws-java-sdk-core/1.11.901/aws-java-sdk-core-1.11.901.jar:/home/user/.m2/repository/org/apache/httpcomponents/httpclient/4.5.13/httpclient-4.5.13.jar:/home/user/.m2/repository/org/apache/httpcomponents/httpcore/4.4.13/httpcore-4.4.13.jar:/home/user/.m2/repository/software/amazon/ion/ion-java/1.0.2/ion-java-1.0.2.jar:/home/user/.m2/repository/com/fasterxml/jackson/dataformat/jackson-dataformat-cbor/2.10.3/jackson-dataformat-cbor-2.10.3.jar:/home/user/.m2/repository/joda-time/joda-time/2.8.1/joda-time-2.8.1.jar:/home/user/.m2/repository/com/amazonaws/aws-java-sdk-s3/1.11.901/aws-java-sdk-s3-1.11.901.jar:/home/user/.m2/repository/com/amazonaws/aws-java-sdk-kms/1.11.901/aws-java-sdk-kms-1.11.901.jar:/home/user/.m2/repository/com/amazonaws/jmespath-java/1.11.901/jmespath-java-1.11.901.jar:/home/user/.m2/repository/org/kohsuke/metainf-services/metainf-services/1.8/metainf-services-1.8.jar:/home/user/.m2/repository/org/apache/hadoop/hadoop-hdds-tools/1.1.0-SNAPSHOT/hadoop-hdds-tools-1.1.0-SNAPSHOT.jar:/home/user/.m2/repository/commons-cli/commons-cli/1.2/commons-cli-1.2.jar:/home/user/.m2/repository/org/apache/commons/commons-lang3/3.7/commons-lang3-3.7.jar:/home/user/.m2/repository/org/apache/hadoop/hadoop-ozone-ozone-manager/1.1.0-SNAPSHOT/hadoop-ozone-ozone-manager-1.1.0-SNAPSHOT-tests.jar:/home/user/.m2/repository/org/apache/hadoop/hadoop-hdds-common/1.1.0-SNAPSHOT/hadoop-hdds-common-1.1.0-SNAPSHOT-tests.jar:/home/user/.m2/repository/org/apache/hadoop/hadoop-hdds-hadoop-dependency-client/1.1.0-SNAPSHOT/hadoop-hdds-hadoop-dependency-client-1.1.0-SNAPSHOT.jar:/home/user/.m2/repository/info/picocli/picocli/4.4.0/picocli-4.4.0.jar:/home/user/.m2/repository/com/fasterxml/jackson/core/jackson-annotations/2.10.3/jackson-annotations-2.10.3.jar:/home/user/.m2/repository/javax/annotation/javax.annotation-api/1.2/javax.annotation-api-1.2.jar:/home/user/.m2/repository/org/fusesource/leveldbjni/leveldbjni-all/1.8/leveldbjni-all-1.8.jar:/home/user/.m2/repository/org/apache/ratis/ratis-server/1.1.0-0bdf24f-SNAPSHOT/ratis-server-1.1.0-0bdf24f-SNAPSHOT.jar:/home/user/.m2/repository/org/apache/ratis/ratis-client/1.1.0-0bdf24f-SNAPSHOT/ratis-client-1.1.0-0bdf24f-SNAPSHOT.jar:/home/user/.m2/repository/org/apache/ratis/ratis-server-api/1.1.0-0bdf24f-SNAPSHOT/ratis-server-api-1.1.0-0bdf24f-SNAPSHOT.jar:/home/user/.m2/repository/org/apache/ratis/ratis-metrics/1.1.0-0bdf24f-SNAPSHOT/ratis-metrics-1.1.0-0bdf24f-SNAPSHOT.jar:/home/user/.m2/repository/org/apache/ratis/ratis-netty/1.1.0-0bdf24f-SNAPSHOT/ratis-netty-1.1.0-0bdf24f-SNAPSHOT.jar:/home/user/.m2/repository/org/apache/ratis/ratis-grpc/1.1.0-0bdf24f-SNAPSHOT/ratis-grpc-1.1.0-0bdf24f-SNAPSHOT.jar:/home/user/.m2/repository/org/apache/logging/log4j/log4j-api/2.13.3/log4j-api-2.13.3.jar:/home/user/.m2/repository/org/apache/logging/log4j/log4j-core/2.13.3/log4j-core-2.13.3.jar:/home/user/.m2/repository/com/lmax/disruptor/3.4.2/disruptor-3.4.2.jar:/home/user/.m2/repository/org/apache/commons/commons-pool2/2.6.0/commons-pool2-2.6.0.jar:/home/user/.m2/repository/org/bouncycastle/bcpkix-jdk15on/1.67/bcpkix-jdk15on-1.67.jar:/home/user/.m2/repository/commons-validator/commons-validator/1.6/commons-validator-1.6.jar:/home/user/.m2/repository/commons-beanutils/commons-beanutils/1.9.4/commons-beanutils-1.9.4.jar:/home/user/.m2/repository/commons-digester/commons-digester/1.8.1/commons-digester-1.8.1.jar:/home/user/.m2/repository/commons-collections/commons-collections/3.2.2/commons-collections-3.2.2.jar:/home/user/.m2/repository/io/jaegertracing/jaeger-client/1.2.0/jaeger-client-1.2.0.jar:/home/user/.m2/repository/io/jaegertracing/jaeger-thrift/1.2.0/jaeger-thrift-1.2.0.jar:/home/user/.m2/repository/org/apache/thrift/libthrift/0.13.0/libthrift-0.13.0.jar:/home/user/.m2/repository/com/squareup/okhttp3/okhttp/4.2.2/okhttp-4.2.2.jar:/home/user/.m2/repository/com/squareup/okio/okio/2.2.2/okio-2.2.2.jar:/home/user/.m2/repository/org/jetbrains/kotlin/kotlin-stdlib/1.3.50/kotlin-stdlib-1.3.50.jar:/home/user/.m2/repository/org/jetbrains/kotlin/kotlin-stdlib-common/1.3.50/kotlin-stdlib-common-1.3.50.jar:/home/user/.m2/repository/org/jetbrains/annotations/13.0/annotations-13.0.jar:/home/user/.m2/repository/io/jaegertracing/jaeger-core/1.2.0/jaeger-core-1.2.0.jar:/home/user/.m2/repository/io/jaegertracing/jaeger-tracerresolver/1.2.0/jaeger-tracerresolver-1.2.0.jar:/home/user/.m2/repository/io/opentracing/contrib/opentracing-tracerresolver/0.1.8/opentracing-tracerresolver-0.1.8.jar:/home/user/.m2/repository/io/opentracing/opentracing-util/0.33.0/opentracing-util-0.33.0.jar:/home/user/.m2/repository/io/opentracing/opentracing-api/0.33.0/opentracing-api-0.33.0.jar:/home/user/.m2/repository/io/opentracing/opentracing-noop/0.33.0/opentracing-noop-0.33.0.jar:/home/user/.m2/repository/org/yaml/snakeyaml/1.26/snakeyaml-1.26.jar:/home/user/.m2/repository/junit/junit/4.13.1/junit-4.13.1.jar:/home/user/.m2/repository/org/hamcrest/hamcrest-core/1.3/hamcrest-core-1.3.jar:/home/user/.m2/repository/org/junit/jupiter/junit-jupiter-api/5.7.0/junit-jupiter-api-5.7.0.jar:/home/user/.m2/repository/org/apiguardian/apiguardian-api/1.1.0/apiguardian-api-1.1.0.jar:/home/user/.m2/repository/org/opentest4j/opentest4j/1.2.0/opentest4j-1.2.0.jar:/home/user/.m2/repository/org/junit/platform/junit-platform-commons/1.7.0/junit-platform-commons-1.7.0.jar:/home/user/.m2/repository/org/junit/jupiter/junit-jupiter-engine/5.7.0/junit-jupiter-engine-5.7.0.jar:/home/user/.m2/repository/org/junit/platform/junit-platform-engine/1.7.0/junit-platform-engine-1.7.0.jar:/home/user/.m2/repository/org/junit/vintage/junit-vintage-engine/5.7.0/junit-vintage-engine-5.7.0.jar:/home/user/.m2/repository/org/junit/platform/junit-platform-launcher/1.7.0/junit-platform-launcher-1.7.0.jar:/home/user/.m2/repository/org/openjdk/jmh/jmh-core/1.19/jmh-core-1.19.jar:/home/user/.m2/repository/net/sf/jopt-simple/jopt-simple/4.6/jopt-simple-4.6.jar:/home/user/.m2/repository/org/apache/commons/commons-math3/3.1.1/commons-math3-3.1.1.jar:/home/user/.m2/repository/org/openjdk/jmh/jmh-generator-annprocess/1.19/jmh-generator-annprocess-1.19.jar:/home/user/.m2/repository/org/mockito/mockito-all/1.8.5/mockito-all-1.8.5.jar:/home/user/.m2/repository/org/apache/hadoop/hadoop-kms/3.2.2/hadoop-kms-3.2.2.jar:/home/user/.m2/repository/org/apache/hadoop/hadoop-auth/3.2.2/hadoop-auth-3.2.2.jar:/home/user/.m2/repository/com/nimbusds/nimbus-jose-jwt/7.9/nimbus-jose-jwt-7.9.jar:/home/user/.m2/repository/com/github/stephenc/jcip/jcip-annotations/1.0-1/jcip-annotations-1.0-1.jar:/home/user/.m2/repository/net/minidev/json-smart/2.3/json-smart-2.3.jar:/home/user/.m2/repository/net/minidev/accessors-smart/1.2/accessors-smart-1.2.jar:/home/user/.m2/repository/org/ow2/asm/asm/5.0.4/asm-5.0.4.jar:/home/user/.m2/repository/org/apache/zookeeper/zookeeper/3.4.13/zookeeper-3.4.13.jar:/home/user/.m2/repository/org/apache/yetus/audience-annotations/0.5.0/audience-annotations-0.5.0.jar:/home/user/.m2/repository/org/apache/curator/curator-framework/2.13.0/curator-framework-2.13.0.jar:/home/user/.m2/repository/com/sun/jersey/jersey-core/1.19/jersey-core-1.19.jar:/home/user/.m2/repository/javax/ws/rs/jsr311-api/1.1.1/jsr311-api-1.1.1.jar:/home/user/.m2/repository/com/sun/jersey/jersey-server/1.19/jersey-server-1.19.jar:/home/user/.m2/repository/javax/servlet/javax.servlet-api/3.1.0/javax.servlet-api-3.1.0.jar:/home/user/.m2/repository/org/eclipse/jetty/jetty-server/9.4.34.v20201102/jetty-server-9.4.34.v20201102.jar:/home/user/.m2/repository/org/eclipse/jetty/jetty-http/9.4.34.v20201102/jetty-http-9.4.34.v20201102.jar:/home/user/.m2/repository/org/eclipse/jetty/jetty-io/9.4.34.v20201102/jetty-io-9.4.34.v20201102.jar:/home/user/.m2/repository/org/eclipse/jetty/jetty-webapp/9.4.34.v20201102/jetty-webapp-9.4.34.v20201102.jar:/home/user/.m2/repository/org/eclipse/jetty/jetty-xml/9.4.34.v20201102/jetty-xml-9.4.34.v20201102.jar:/home/user/.m2/repository/org/apache/hadoop/hadoop-common/3.2.2/hadoop-common-3.2.2.jar:/home/user/.m2/repository/commons-net/commons-net/3.6/commons-net-3.6.jar:/home/user/.m2/repository/javax/activation/javax.activation-api/1.2.0/javax.activation-api-1.2.0.jar:/home/user/.m2/repository/com/sun/jersey/jersey-servlet/1.19/jersey-servlet-1.19.jar:/home/user/.m2/repository/com/sun/jersey/jersey-json/1.19/jersey-json-1.19.jar:/home/user/.m2/repository/org/codehaus/jettison/jettison/1.1/jettison-1.1.jar:/home/user/.m2/repository/org/codehaus/jackson/jackson-jaxrs/1.9.2/jackson-jaxrs-1.9.2.jar:/home/user/.m2/repository/org/codehaus/jackson/jackson-xc/1.9.2/jackson-xc-1.9.2.jar:/home/user/.m2/repository/org/apache/commons/commons-configuration2/2.1.1/commons-configuration2-2.1.1.jar:/home/user/.m2/repository/org/apache/commons/commons-text/1.4/commons-text-1.4.jar:/home/user/.m2/repository/com/google/re2j/re2j/1.1/re2j-1.1.jar:/home/user/.m2/repository/com/jcraft/jsch/0.1.54/jsch-0.1.54.jar:/home/user/.m2/repository/org/apache/curator/curator-client/2.13.0/curator-client-2.13.0.jar:/home/user/.m2/repository/org/apache/curator/curator-recipes/2.13.0/curator-recipes-2.13.0.jar:/home/user/.m2/repository/dnsjava/dnsjava/2.1.7/dnsjava-2.1.7.jar:/home/user/.m2/repository/org/slf4j/jul-to-slf4j/1.7.30/jul-to-slf4j-1.7.30.jar:/home/user/.m2/repository/org/eclipse/jetty/jetty-util/9.4.34.v20201102/jetty-util-9.4.34.v20201102.jar:/home/user/.m2/repository/com/fasterxml/jackson/core/jackson-databind/2.10.3/jackson-databind-2.10.3.jar:/home/user/.m2/repository/org/apache/hadoop/hadoop-kms/3.2.2/hadoop-kms-3.2.2-tests.jar:/home/user/.m2/repository/org/apache/hadoop/hadoop-hdds-server-scm/1.1.0-SNAPSHOT/hadoop-hdds-server-scm-1.1.0-SNAPSHOT-tests.jar:/home/user/.m2/repository/org/apache/hadoop/hadoop-hdds-container-service/1.1.0-SNAPSHOT/hadoop-hdds-container-service-1.1.0-SNAPSHOT-tests.jar:/home/user/.m2/repository/commons-codec/commons-codec/1.11/commons-codec-1.11.jar:/home/user/.m2/repository/org/apache/hadoop/hadoop-hdds-hadoop-dependency-test/1.1.0-SNAPSHOT/hadoop-hdds-hadoop-dependency-test-1.1.0-SNAPSHOT.jar:/home/user/.m2/repository/org/apache/hadoop/hadoop-common/3.2.2/hadoop-common-3.2.2-tests.jar:/home/user/.m2/repository/org/apache/hadoop/hadoop-hdfs/3.2.2/hadoop-hdfs-3.2.2-tests.jar:/home/user/.m2/repository/org/eclipse/jetty/jetty-util-ajax/9.4.34.v20201102/jetty-util-ajax-9.4.34.v20201102.jar:/home/user/.m2/repository/commons-daemon/commons-daemon/1.0.13/commons-daemon-1.0.13.jar:/home/user/.m2/repository/io/netty/netty/3.10.6.Final/netty-3.10.6.Final.jar:/home/user/.m2/repository/io/netty/netty-all/4.1.51.Final/netty-all-4.1.51.Final.jar:/home/user/.m2/repository/org/apache/htrace/htrace-core4/4.1.0-incubating/htrace-core4-4.1.0-incubating.jar:/home/user/.m2/repository/org/apache/hadoop/hadoop-distcp/3.2.2/hadoop-distcp-3.2.2.jar:/home/user/.m2/repository/org/apache/hadoop/hadoop-mapreduce-client-jobclient/3.2.2/hadoop-mapreduce-client-jobclient-3.2.2.jar:/home/user/.m2/repository/org/apache/hadoop/hadoop-mapreduce-client-common/3.2.2/hadoop-mapreduce-client-common-3.2.2.jar:/home/user/.m2/repository/org/apache/hadoop/hadoop-yarn-common/3.2.2/hadoop-yarn-common-3.2.2.jar:/home/user/.m2/repository/org/apache/hadoop/hadoop-yarn-api/3.2.2/hadoop-yarn-api-3.2.2.jar:/home/user/.m2/repository/com/sun/jersey/jersey-client/1.19/jersey-client-1.19.jar:/home/user/.m2/repository/com/sun/jersey/contribs/jersey-guice/1.19/jersey-guice-1.19.jar:/home/user/.m2/repository/com/fasterxml/jackson/jaxrs/jackson-jaxrs-json-provider/2.10.3/jackson-jaxrs-json-provider-2.10.3.jar:/home/user/.m2/repository/com/fasterxml/jackson/jaxrs/jackson-jaxrs-base/2.10.3/jackson-jaxrs-base-2.10.3.jar:/home/user/.m2/repository/org/apache/hadoop/hadoop-yarn-client/3.2.2/hadoop-yarn-client-3.2.2.jar:/home/user/.m2/repository/org/apache/hadoop/hadoop-mapreduce-client-core/3.2.2/hadoop-mapreduce-client-core-3.2.2.jar:/home/user/.m2/repository/org/apache/avro/avro/1.7.7/avro-1.7.7.jar:/home/user/.m2/repository/org/codehaus/jackson/jackson-core-asl/1.9.13/jackson-core-asl-1.9.13.jar:/home/user/.m2/repository/org/codehaus/jackson/jackson-mapper-asl/1.9.13/jackson-mapper-asl-1.9.13.jar:/home/user/.m2/repository/com/thoughtworks/paranamer/paranamer/2.3/paranamer-2.3.jar:/home/user/.m2/repository/org/xerial/snappy/snappy-java/1.0.5/snappy-java-1.0.5.jar:/home/user/.m2/repository/org/apache/hadoop/hadoop-annotations/3.2.2/hadoop-annotations-3.2.2.jar:/usr/lib/jvm/java-1.8.0-openjdk-1.8.0.232.b09-0.el7_7.x86_64/jre/../lib/tools.jar:/home/user/.m2/repository/org/apache/hadoop/hadoop-distcp/3.2.2/hadoop-distcp-3.2.2-tests.jar:"/>
    <property name="java.vm.vendor" value="Oracle Corporation"/>
    <property name="sun.arch.data.model" value="64"/>
    <property name="test.build.dir" value="/github/workspace/mnt/ozone/hadoop-ozone/integration-test/target/test-dir"/>
    <property name="test.cache.data" value=""/>
    <property name="java.vendor.url" value="http://java.oracle.com/"/>
    <property name="user.timezone" value=""/>
    <property name="java.vm.specification.version" value="1.8"/>
    <property name="os.name" value="Linux"/>
    <property name="test.build.data" value="/github/workspace/mnt/ozone/hadoop-ozone/integration-test/target/test-dir"/>
    <property name="user.country" value="US"/>
    <property name="sun.java.launcher" value="SUN_STANDARD"/>
    <property name="sun.boot.library.path" value="/usr/lib/jvm/java-1.8.0-openjdk-1.8.0.232.b09-0.el7_7.x86_64/jre/lib/amd64"/>
    <property name="sun.java.command" value="/github/workspace/mnt/ozone/hadoop-ozone/integration-test/target/surefire/surefirebooter3510177948036999323.jar /github/workspace/mnt/ozone/hadoop-ozone/integration-test/target/surefire 2021-02-08T12-39-58_760-jvmRun1 surefire2505986378662094212tmp surefire_167227163005515258894tmp"/>
    <property name="surefire.test.class.path" value="/github/workspace/mnt/ozone/hadoop-ozone/integration-test/target/test-classes:/github/workspace/mnt/ozone/hadoop-ozone/integration-test/target/classes:/home/user/.m2/repository/org/apache/hadoop/hadoop-ozone-common/1.1.0-SNAPSHOT/hadoop-ozone-common-1.1.0-SNAPSHOT.jar:/home/user/.m2/repository/org/apache/commons/commons-compress/1.4.1/commons-compress-1.4.1.jar:/home/user/.m2/repository/org/tukaani/xz/1.0/xz-1.0.jar:/home/user/.m2/repository/org/apache/hadoop/hadoop-hdds-common/1.1.0-SNAPSHOT/hadoop-hdds-common-1.1.0-SNAPSHOT.jar:/home/user/.m2/repository/org/apache/hadoop/hadoop-hdds-client/1.1.0-SNAPSHOT/hadoop-hdds-client-1.1.0-SNAPSHOT.jar:/home/user/.m2/repository/org/apache/hadoop/hadoop-ozone-interface-client/1.1.0-SNAPSHOT/hadoop-ozone-interface-client-1.1.0-SNAPSHOT.jar:/home/user/.m2/repository/org/apache/hadoop/hadoop-hdds-test-utils/1.1.0-SNAPSHOT/hadoop-hdds-test-utils-1.1.0-SNAPSHOT.jar:/home/user/.m2/repository/com/google/guava/guava/28.2-jre/guava-28.2-jre.jar:/home/user/.m2/repository/com/google/guava/failureaccess/1.0.1/failureaccess-1.0.1.jar:/home/user/.m2/repository/com/google/guava/listenablefuture/9999.0-empty-to-avoid-conflict-with-guava/listenablefuture-9999.0-empty-to-avoid-conflict-with-guava.jar:/home/user/.m2/repository/com/google/code/findbugs/jsr305/3.0.0/jsr305-3.0.0.jar:/home/user/.m2/repository/org/checkerframework/checker-qual/2.10.0/checker-qual-2.10.0.jar:/home/user/.m2/repository/com/google/errorprone/error_prone_annotations/2.2.0/error_prone_annotations-2.2.0.jar:/home/user/.m2/repository/com/google/j2objc/j2objc-annotations/1.3/j2objc-annotations-1.3.jar:/home/user/.m2/repository/commons-io/commons-io/2.5/commons-io-2.5.jar:/home/user/.m2/repository/commons-logging/commons-logging/1.2/commons-logging-1.2.jar:/home/user/.m2/repository/log4j/log4j/1.2.17/log4j-1.2.17.jar:/home/user/.m2/repository/org/slf4j/slf4j-api/1.7.30/slf4j-api-1.7.30.jar:/home/user/.m2/repository/org/apache/hadoop/hadoop-hdds-server-scm/1.1.0-SNAPSHOT/hadoop-hdds-server-scm-1.1.0-SNAPSHOT.jar:/home/user/.m2/repository/org/apache/hadoop/hadoop-hdds-container-service/1.1.0-SNAPSHOT/hadoop-hdds-container-service-1.1.0-SNAPSHOT.jar:/home/user/.m2/repository/org/apache/hadoop/hadoop-hdds-hadoop-dependency-server/1.1.0-SNAPSHOT/hadoop-hdds-hadoop-dependency-server-1.1.0-SNAPSHOT.jar:/home/user/.m2/repository/org/apache/hadoop/hadoop-hdfs/3.2.2/hadoop-hdfs-3.2.2.jar:/home/user/.m2/repository/org/apache/hadoop/hadoop-hdds-server-framework/1.1.0-SNAPSHOT/hadoop-hdds-server-framework-1.1.0-SNAPSHOT.jar:/home/user/.m2/repository/org/apache/hadoop/hadoop-hdds-interface-server/1.1.0-SNAPSHOT/hadoop-hdds-interface-server-1.1.0-SNAPSHOT.jar:/home/user/.m2/repository/org/apache/hadoop/hadoop-hdds-interface-admin/1.1.0-SNAPSHOT/hadoop-hdds-interface-admin-1.1.0-SNAPSHOT.jar:/home/user/.m2/repository/org/eclipse/jetty/jetty-servlet/9.4.34.v20201102/jetty-servlet-9.4.34.v20201102.jar:/home/user/.m2/repository/org/eclipse/jetty/jetty-security/9.4.34.v20201102/jetty-security-9.4.34.v20201102.jar:/home/user/.m2/repository/org/rocksdb/rocksdbjni/6.8.1/rocksdbjni-6.8.1.jar:/home/user/.m2/repository/io/prometheus/simpleclient_dropwizard/0.7.0/simpleclient_dropwizard-0.7.0.jar:/home/user/.m2/repository/io/prometheus/simpleclient/0.7.0/simpleclient-0.7.0.jar:/home/user/.m2/repository/io/prometheus/simpleclient_common/0.7.0/simpleclient_common-0.7.0.jar:/home/user/.m2/repository/com/fasterxml/jackson/datatype/jackson-datatype-jsr310/2.10.3/jackson-datatype-jsr310-2.10.3.jar:/home/user/.m2/repository/io/dropwizard/metrics/metrics-core/3.2.4/metrics-core-3.2.4.jar:/home/user/.m2/repository/org/apache/hadoop/hadoop-hdfs-client/3.2.2/hadoop-hdfs-client-3.2.2.jar:/home/user/.m2/repository/org/bouncycastle/bcprov-jdk15on/1.67/bcprov-jdk15on-1.67.jar:/home/user/.m2/repository/org/apache/hadoop/hadoop-ozone-ozone-manager/1.1.0-SNAPSHOT/hadoop-ozone-ozone-manager-1.1.0-SNAPSHOT.jar:/home/user/.m2/repository/org/apache/hadoop/hadoop-hdds-interface-client/1.1.0-SNAPSHOT/hadoop-hdds-interface-client-1.1.0-SNAPSHOT.jar:/home/user/.m2/repository/org/apache/ratis/ratis-thirdparty-misc/0.6.0/ratis-thirdparty-misc-0.6.0.jar:/home/user/.m2/repository/org/apache/hadoop/hadoop-ozone-interface-storage/1.1.0-SNAPSHOT/hadoop-ozone-interface-storage-1.1.0-SNAPSHOT.jar:/home/user/.m2/repository/org/apache/hadoop/hadoop-minikdc/3.2.2/hadoop-minikdc-3.2.2.jar:/home/user/.m2/repository/org/apache/kerby/kerb-simplekdc/1.0.1/kerb-simplekdc-1.0.1.jar:/home/user/.m2/repository/org/apache/kerby/kerb-client/1.0.1/kerb-client-1.0.1.jar:/home/user/.m2/repository/org/apache/kerby/kerby-config/1.0.1/kerby-config-1.0.1.jar:/home/user/.m2/repository/org/apache/kerby/kerb-core/1.0.1/kerb-core-1.0.1.jar:/home/user/.m2/repository/org/apache/kerby/kerby-pkix/1.0.1/kerby-pkix-1.0.1.jar:/home/user/.m2/repository/org/apache/kerby/kerby-asn1/1.0.1/kerby-asn1-1.0.1.jar:/home/user/.m2/repository/org/apache/kerby/kerby-util/1.0.1/kerby-util-1.0.1.jar:/home/user/.m2/repository/org/apache/kerby/kerb-common/1.0.1/kerb-common-1.0.1.jar:/home/user/.m2/repository/org/apache/kerby/kerb-crypto/1.0.1/kerb-crypto-1.0.1.jar:/home/user/.m2/repository/org/apache/kerby/kerb-util/1.0.1/kerb-util-1.0.1.jar:/home/user/.m2/repository/org/apache/kerby/token-provider/1.0.1/token-provider-1.0.1.jar:/home/user/.m2/repository/org/apache/kerby/kerb-admin/1.0.1/kerb-admin-1.0.1.jar:/home/user/.m2/repository/org/apache/kerby/kerb-server/1.0.1/kerb-server-1.0.1.jar:/home/user/.m2/repository/org/apache/kerby/kerb-identity/1.0.1/kerb-identity-1.0.1.jar:/home/user/.m2/repository/org/apache/kerby/kerby-xdr/1.0.1/kerby-xdr-1.0.1.jar:/home/user/.m2/repository/org/slf4j/slf4j-log4j12/1.7.30/slf4j-log4j12-1.7.30.jar:/home/user/.m2/repository/org/apache/hadoop/hadoop-ozone-s3gateway/1.1.0-SNAPSHOT/hadoop-ozone-s3gateway-1.1.0-SNAPSHOT.jar:/home/user/.m2/repository/org/jboss/weld/servlet/weld-servlet/2.4.7.Final/weld-servlet-2.4.7.Final.jar:/home/user/.m2/repository/org/glassfish/jersey/containers/jersey-container-servlet-core/2.27/jersey-container-servlet-core-2.27.jar:/home/user/.m2/repository/org/glassfish/hk2/external/javax.inject/2.5.0-b42/javax.inject-2.5.0-b42.jar:/home/user/.m2/repository/org/glassfish/jersey/core/jersey-common/2.27/jersey-common-2.27.jar:/home/user/.m2/repository/org/glassfish/hk2/osgi-resource-locator/1.0.1/osgi-resource-locator-1.0.1.jar:/home/user/.m2/repository/javax/ws/rs/javax.ws.rs-api/2.1/javax.ws.rs-api-2.1.jar:/home/user/.m2/repository/org/glassfish/jersey/ext/cdi/jersey-cdi1x/2.27/jersey-cdi1x-2.27.jar:/home/user/.m2/repository/org/glassfish/jersey/inject/jersey-hk2/2.27/jersey-hk2-2.27.jar:/home/user/.m2/repository/org/glassfish/hk2/hk2-locator/2.5.0-b42/hk2-locator-2.5.0-b42.jar:/home/user/.m2/repository/org/javassist/javassist/3.22.0-CR2/javassist-3.22.0-CR2.jar:/home/user/.m2/repository/org/glassfish/hk2/hk2-api/2.5.0/hk2-api-2.5.0.jar:/home/user/.m2/repository/org/glassfish/hk2/external/jakarta.inject/2.5.0/jakarta.inject-2.5.0.jar:/home/user/.m2/repository/org/glassfish/hk2/hk2-utils/2.5.0/hk2-utils-2.5.0.jar:/home/user/.m2/repository/jakarta/annotation/jakarta.annotation-api/1.3.4/jakarta.annotation-api-1.3.4.jar:/home/user/.m2/repository/org/glassfish/hk2/external/aopalliance-repackaged/2.5.0/aopalliance-repackaged-2.5.0.jar:/home/user/.m2/repository/com/fasterxml/jackson/dataformat/jackson-dataformat-xml/2.10.3/jackson-dataformat-xml-2.10.3.jar:/home/user/.m2/repository/com/fasterxml/jackson/core/jackson-core/2.10.3/jackson-core-2.10.3.jar:/home/user/.m2/repository/com/fasterxml/jackson/module/jackson-module-jaxb-annotations/2.10.3/jackson-module-jaxb-annotations-2.10.3.jar:/home/user/.m2/repository/jakarta/xml/bind/jakarta.xml.bind-api/2.3.2/jakarta.xml.bind-api-2.3.2.jar:/home/user/.m2/repository/jakarta/activation/jakarta.activation-api/1.2.1/jakarta.activation-api-1.2.1.jar:/home/user/.m2/repository/org/codehaus/woodstox/stax2-api/3.1.4/stax2-api-3.1.4.jar:/home/user/.m2/repository/com/fasterxml/woodstox/woodstox-core/5.0.3/woodstox-core-5.0.3.jar:/home/user/.m2/repository/javax/enterprise/cdi-api/1.2/cdi-api-1.2.jar:/home/user/.m2/repository/javax/el/javax.el-api/3.0.0/javax.el-api-3.0.0.jar:/home/user/.m2/repository/javax/interceptor/javax.interceptor-api/1.2/javax.interceptor-api-1.2.jar:/home/user/.m2/repository/javax/inject/javax.inject/1/javax.inject-1.jar:/home/user/.m2/repository/com/sun/xml/bind/jaxb-impl/2.3.0.1/jaxb-impl-2.3.0.1.jar:/home/user/.m2/repository/com/sun/xml/bind/jaxb-core/2.3.0.1/jaxb-core-2.3.0.1.jar:/home/user/.m2/repository/javax/xml/bind/jaxb-api/2.3.0/jaxb-api-2.3.0.jar:/home/user/.m2/repository/javax/activation/activation/1.1.1/activation-1.1.1.jar:/home/user/.m2/repository/org/apache/hadoop/hadoop-ozone-csi/1.1.0-SNAPSHOT/hadoop-ozone-csi-1.1.0-SNAPSHOT.jar:/home/user/.m2/repository/com/google/protobuf/protobuf-java-util/3.12.0/protobuf-java-util-3.12.0.jar:/home/user/.m2/repository/com/google/code/gson/gson/2.2.4/gson-2.2.4.jar:/home/user/.m2/repository/org/apache/hadoop/hadoop-hdds-config/1.1.0-SNAPSHOT/hadoop-hdds-config-1.1.0-SNAPSHOT.jar:/home/user/.m2/repository/com/google/protobuf/protobuf-java/2.5.0/protobuf-java-2.5.0.jar:/home/user/.m2/repository/io/grpc/grpc-netty/1.33.0/grpc-netty-1.33.0.jar:/home/user/.m2/repository/io/grpc/grpc-core/1.33.0/grpc-core-1.33.0.jar:/home/user/.m2/repository/com/google/android/annotations/4.1.1.4/annotations-4.1.1.4.jar:/home/user/.m2/repository/io/netty/netty-codec-http2/4.1.51.Final/netty-codec-http2-4.1.51.Final.jar:/home/user/.m2/repository/io/netty/netty-codec/4.1.51.Final/netty-codec-4.1.51.Final.jar:/home/user/.m2/repository/io/netty/netty-handler/4.1.51.Final/netty-handler-4.1.51.Final.jar:/home/user/.m2/repository/io/netty/netty-codec-http/4.1.51.Final/netty-codec-http-4.1.51.Final.jar:/home/user/.m2/repository/io/netty/netty-handler-proxy/4.1.51.Final/netty-handler-proxy-4.1.51.Final.jar:/home/user/.m2/repository/io/netty/netty-codec-socks/4.1.51.Final/netty-codec-socks-4.1.51.Final.jar:/home/user/.m2/repository/io/perfmark/perfmark-api/0.19.0/perfmark-api-0.19.0.jar:/home/user/.m2/repository/org/codehaus/mojo/animal-sniffer-annotations/1.18/animal-sniffer-annotations-1.18.jar:/home/user/.m2/repository/io/netty/netty-transport-native-epoll/4.1.51.Final/netty-transport-native-epoll-4.1.51.Final.jar:/home/user/.m2/repository/io/netty/netty-common/4.1.51.Final/netty-common-4.1.51.Final.jar:/home/user/.m2/repository/io/netty/netty-buffer/4.1.51.Final/netty-buffer-4.1.51.Final.jar:/home/user/.m2/repository/io/netty/netty-transport/4.1.51.Final/netty-transport-4.1.51.Final.jar:/home/user/.m2/repository/io/netty/netty-resolver/4.1.51.Final/netty-resolver-4.1.51.Final.jar:/home/user/.m2/repository/io/netty/netty-transport-native-unix-common/4.1.51.Final/netty-transport-native-unix-common-4.1.51.Final.jar:/home/user/.m2/repository/io/grpc/grpc-protobuf/1.33.0/grpc-protobuf-1.33.0.jar:/home/user/.m2/repository/io/grpc/grpc-api/1.33.0/grpc-api-1.33.0.jar:/home/user/.m2/repository/io/grpc/grpc-context/1.33.0/grpc-context-1.33.0.jar:/home/user/.m2/repository/com/google/api/grpc/proto-google-common-protos/1.17.0/proto-google-common-protos-1.17.0.jar:/home/user/.m2/repository/io/grpc/grpc-protobuf-lite/1.33.0/grpc-protobuf-lite-1.33.0.jar:/home/user/.m2/repository/io/grpc/grpc-stub/1.33.0/grpc-stub-1.33.0.jar:/home/user/.m2/repository/org/apache/hadoop/hadoop-ozone-recon/1.1.0-SNAPSHOT/hadoop-ozone-recon-1.1.0-SNAPSHOT.jar:/home/user/.m2/repository/org/apache/hadoop/hadoop-ozone-reconcodegen/1.1.0-SNAPSHOT/hadoop-ozone-reconcodegen-1.1.0-SNAPSHOT.jar:/home/user/.m2/repository/com/google/inject/extensions/guice-multibindings/4.0/guice-multibindings-4.0.jar:/home/user/.m2/repository/com/google/inject/guice/4.0/guice-4.0.jar:/home/user/.m2/repository/aopalliance/aopalliance/1.0/aopalliance-1.0.jar:/home/user/.m2/repository/com/google/inject/extensions/guice-assistedinject/4.0/guice-assistedinject-4.0.jar:/home/user/.m2/repository/com/google/inject/extensions/guice-servlet/4.0/guice-servlet-4.0.jar:/home/user/.m2/repository/org/glassfish/jersey/containers/jersey-container-servlet/2.27/jersey-container-servlet-2.27.jar:/home/user/.m2/repository/org/glassfish/hk2/guice-bridge/2.5.0/guice-bridge-2.5.0.jar:/home/user/.m2/repository/org/glassfish/jersey/core/jersey-server/2.27/jersey-server-2.27.jar:/home/user/.m2/repository/org/glassfish/jersey/core/jersey-client/2.27/jersey-client-2.27.jar:/home/user/.m2/repository/org/glassfish/jersey/media/jersey-media-jaxb/2.27/jersey-media-jaxb-2.27.jar:/home/user/.m2/repository/javax/validation/validation-api/1.1.0.Final/validation-api-1.1.0.Final.jar:/home/user/.m2/repository/org/glassfish/jersey/media/jersey-media-json-jackson/2.27/jersey-media-json-jackson-2.27.jar:/home/user/.m2/repository/org/glassfish/jersey/ext/jersey-entity-filtering/2.27/jersey-entity-filtering-2.27.jar:/home/user/.m2/repository/org/jooq/jooq/3.11.10/jooq-3.11.10.jar:/home/user/.m2/repository/org/jooq/jooq-meta/3.11.10/jooq-meta-3.11.10.jar:/home/user/.m2/repository/org/jooq/jooq-codegen/3.11.10/jooq-codegen-3.11.10.jar:/home/user/.m2/repository/com/jolbox/bonecp/0.8.0.RELEASE/bonecp-0.8.0.RELEASE.jar:/home/user/.m2/repository/org/apache/derby/derby/10.14.2.0/derby-10.14.2.0.jar:/home/user/.m2/repository/org/xerial/sqlite-jdbc/3.25.2/sqlite-jdbc-3.25.2.jar:/home/user/.m2/repository/org/springframework/spring-jdbc/5.2.11.RELEASE/spring-jdbc-5.2.11.RELEASE.jar:/home/user/.m2/repository/org/springframework/spring-beans/5.2.11.RELEASE/spring-beans-5.2.11.RELEASE.jar:/home/user/.m2/repository/org/springframework/spring-core/5.2.11.RELEASE/spring-core-5.2.11.RELEASE.jar:/home/user/.m2/repository/org/springframework/spring-jcl/5.2.11.RELEASE/spring-jcl-5.2.11.RELEASE.jar:/home/user/.m2/repository/org/springframework/spring-tx/5.2.11.RELEASE/spring-tx-5.2.11.RELEASE.jar:/home/user/.m2/repository/org/apache/hadoop/hadoop-ozone-client/1.1.0-SNAPSHOT/hadoop-ozone-client-1.1.0-SNAPSHOT.jar:/home/user/.m2/repository/org/apache/hadoop/hadoop-ozone-filesystem/1.1.0-SNAPSHOT/hadoop-ozone-filesystem-1.1.0-SNAPSHOT.jar:/home/user/.m2/repository/org/apache/hadoop/hadoop-ozone-filesystem-common/1.1.0-SNAPSHOT/hadoop-ozone-filesystem-common-1.1.0-SNAPSHOT.jar:/home/user/.m2/repository/org/apache/hadoop/hadoop-ozone-tools/1.1.0-SNAPSHOT/hadoop-ozone-tools-1.1.0-SNAPSHOT.jar:/home/user/.m2/repository/org/apache/ratis/ratis-tools/1.1.0-0bdf24f-SNAPSHOT/ratis-tools-1.1.0-0bdf24f-SNAPSHOT.jar:/home/user/.m2/repository/org/apache/ratis/ratis-proto/1.1.0-0bdf24f-SNAPSHOT/ratis-proto-1.1.0-0bdf24f-SNAPSHOT.jar:/home/user/.m2/repository/org/apache/ratis/ratis-common/1.1.0-0bdf24f-SNAPSHOT/ratis-common-1.1.0-0bdf24f-SNAPSHOT.jar:/home/user/.m2/repository/com/amazonaws/aws-java-sdk-core/1.11.901/aws-java-sdk-core-1.11.901.jar:/home/user/.m2/repository/org/apache/httpcomponents/httpclient/4.5.13/httpclient-4.5.13.jar:/home/user/.m2/repository/org/apache/httpcomponents/httpcore/4.4.13/httpcore-4.4.13.jar:/home/user/.m2/repository/software/amazon/ion/ion-java/1.0.2/ion-java-1.0.2.jar:/home/user/.m2/repository/com/fasterxml/jackson/dataformat/jackson-dataformat-cbor/2.10.3/jackson-dataformat-cbor-2.10.3.jar:/home/user/.m2/repository/joda-time/joda-time/2.8.1/joda-time-2.8.1.jar:/home/user/.m2/repository/com/amazonaws/aws-java-sdk-s3/1.11.901/aws-java-sdk-s3-1.11.901.jar:/home/user/.m2/repository/com/amazonaws/aws-java-sdk-kms/1.11.901/aws-java-sdk-kms-1.11.901.jar:/home/user/.m2/repository/com/amazonaws/jmespath-java/1.11.901/jmespath-java-1.11.901.jar:/home/user/.m2/repository/org/kohsuke/metainf-services/metainf-services/1.8/metainf-services-1.8.jar:/home/user/.m2/repository/org/apache/hadoop/hadoop-hdds-tools/1.1.0-SNAPSHOT/hadoop-hdds-tools-1.1.0-SNAPSHOT.jar:/home/user/.m2/repository/commons-cli/commons-cli/1.2/commons-cli-1.2.jar:/home/user/.m2/repository/org/apache/commons/commons-lang3/3.7/commons-lang3-3.7.jar:/home/user/.m2/repository/org/apache/hadoop/hadoop-ozone-ozone-manager/1.1.0-SNAPSHOT/hadoop-ozone-ozone-manager-1.1.0-SNAPSHOT-tests.jar:/home/user/.m2/repository/org/apache/hadoop/hadoop-hdds-common/1.1.0-SNAPSHOT/hadoop-hdds-common-1.1.0-SNAPSHOT-tests.jar:/home/user/.m2/repository/org/apache/hadoop/hadoop-hdds-hadoop-dependency-client/1.1.0-SNAPSHOT/hadoop-hdds-hadoop-dependency-client-1.1.0-SNAPSHOT.jar:/home/user/.m2/repository/info/picocli/picocli/4.4.0/picocli-4.4.0.jar:/home/user/.m2/repository/com/fasterxml/jackson/core/jackson-annotations/2.10.3/jackson-annotations-2.10.3.jar:/home/user/.m2/repository/javax/annotation/javax.annotation-api/1.2/javax.annotation-api-1.2.jar:/home/user/.m2/repository/org/fusesource/leveldbjni/leveldbjni-all/1.8/leveldbjni-all-1.8.jar:/home/user/.m2/repository/org/apache/ratis/ratis-server/1.1.0-0bdf24f-SNAPSHOT/ratis-server-1.1.0-0bdf24f-SNAPSHOT.jar:/home/user/.m2/repository/org/apache/ratis/ratis-client/1.1.0-0bdf24f-SNAPSHOT/ratis-client-1.1.0-0bdf24f-SNAPSHOT.jar:/home/user/.m2/repository/org/apache/ratis/ratis-server-api/1.1.0-0bdf24f-SNAPSHOT/ratis-server-api-1.1.0-0bdf24f-SNAPSHOT.jar:/home/user/.m2/repository/org/apache/ratis/ratis-metrics/1.1.0-0bdf24f-SNAPSHOT/ratis-metrics-1.1.0-0bdf24f-SNAPSHOT.jar:/home/user/.m2/repository/org/apache/ratis/ratis-netty/1.1.0-0bdf24f-SNAPSHOT/ratis-netty-1.1.0-0bdf24f-SNAPSHOT.jar:/home/user/.m2/repository/org/apache/ratis/ratis-grpc/1.1.0-0bdf24f-SNAPSHOT/ratis-grpc-1.1.0-0bdf24f-SNAPSHOT.jar:/home/user/.m2/repository/org/apache/logging/log4j/log4j-api/2.13.3/log4j-api-2.13.3.jar:/home/user/.m2/repository/org/apache/logging/log4j/log4j-core/2.13.3/log4j-core-2.13.3.jar:/home/user/.m2/repository/com/lmax/disruptor/3.4.2/disruptor-3.4.2.jar:/home/user/.m2/repository/org/apache/commons/commons-pool2/2.6.0/commons-pool2-2.6.0.jar:/home/user/.m2/repository/org/bouncycastle/bcpkix-jdk15on/1.67/bcpkix-jdk15on-1.67.jar:/home/user/.m2/repository/commons-validator/commons-validator/1.6/commons-validator-1.6.jar:/home/user/.m2/repository/commons-beanutils/commons-beanutils/1.9.4/commons-beanutils-1.9.4.jar:/home/user/.m2/repository/commons-digester/commons-digester/1.8.1/commons-digester-1.8.1.jar:/home/user/.m2/repository/commons-collections/commons-collections/3.2.2/commons-collections-3.2.2.jar:/home/user/.m2/repository/io/jaegertracing/jaeger-client/1.2.0/jaeger-client-1.2.0.jar:/home/user/.m2/repository/io/jaegertracing/jaeger-thrift/1.2.0/jaeger-thrift-1.2.0.jar:/home/user/.m2/repository/org/apache/thrift/libthrift/0.13.0/libthrift-0.13.0.jar:/home/user/.m2/repository/com/squareup/okhttp3/okhttp/4.2.2/okhttp-4.2.2.jar:/home/user/.m2/repository/com/squareup/okio/okio/2.2.2/okio-2.2.2.jar:/home/user/.m2/repository/org/jetbrains/kotlin/kotlin-stdlib/1.3.50/kotlin-stdlib-1.3.50.jar:/home/user/.m2/repository/org/jetbrains/kotlin/kotlin-stdlib-common/1.3.50/kotlin-stdlib-common-1.3.50.jar:/home/user/.m2/repository/org/jetbrains/annotations/13.0/annotations-13.0.jar:/home/user/.m2/repository/io/jaegertracing/jaeger-core/1.2.0/jaeger-core-1.2.0.jar:/home/user/.m2/repository/io/jaegertracing/jaeger-tracerresolver/1.2.0/jaeger-tracerresolver-1.2.0.jar:/home/user/.m2/repository/io/opentracing/contrib/opentracing-tracerresolver/0.1.8/opentracing-tracerresolver-0.1.8.jar:/home/user/.m2/repository/io/opentracing/opentracing-util/0.33.0/opentracing-util-0.33.0.jar:/home/user/.m2/repository/io/opentracing/opentracing-api/0.33.0/opentracing-api-0.33.0.jar:/home/user/.m2/repository/io/opentracing/opentracing-noop/0.33.0/opentracing-noop-0.33.0.jar:/home/user/.m2/repository/org/yaml/snakeyaml/1.26/snakeyaml-1.26.jar:/home/user/.m2/repository/junit/junit/4.13.1/junit-4.13.1.jar:/home/user/.m2/repository/org/hamcrest/hamcrest-core/1.3/hamcrest-core-1.3.jar:/home/user/.m2/repository/org/junit/jupiter/junit-jupiter-api/5.7.0/junit-jupiter-api-5.7.0.jar:/home/user/.m2/repository/org/apiguardian/apiguardian-api/1.1.0/apiguardian-api-1.1.0.jar:/home/user/.m2/repository/org/opentest4j/opentest4j/1.2.0/opentest4j-1.2.0.jar:/home/user/.m2/repository/org/junit/platform/junit-platform-commons/1.7.0/junit-platform-commons-1.7.0.jar:/home/user/.m2/repository/org/junit/jupiter/junit-jupiter-engine/5.7.0/junit-jupiter-engine-5.7.0.jar:/home/user/.m2/repository/org/junit/platform/junit-platform-engine/1.7.0/junit-platform-engine-1.7.0.jar:/home/user/.m2/repository/org/junit/vintage/junit-vintage-engine/5.7.0/junit-vintage-engine-5.7.0.jar:/home/user/.m2/repository/org/junit/platform/junit-platform-launcher/1.7.0/junit-platform-launcher-1.7.0.jar:/home/user/.m2/repository/org/openjdk/jmh/jmh-core/1.19/jmh-core-1.19.jar:/home/user/.m2/repository/net/sf/jopt-simple/jopt-simple/4.6/jopt-simple-4.6.jar:/home/user/.m2/repository/org/apache/commons/commons-math3/3.1.1/commons-math3-3.1.1.jar:/home/user/.m2/repository/org/openjdk/jmh/jmh-generator-annprocess/1.19/jmh-generator-annprocess-1.19.jar:/home/user/.m2/repository/org/mockito/mockito-all/1.8.5/mockito-all-1.8.5.jar:/home/user/.m2/repository/org/apache/hadoop/hadoop-kms/3.2.2/hadoop-kms-3.2.2.jar:/home/user/.m2/repository/org/apache/hadoop/hadoop-auth/3.2.2/hadoop-auth-3.2.2.jar:/home/user/.m2/repository/com/nimbusds/nimbus-jose-jwt/7.9/nimbus-jose-jwt-7.9.jar:/home/user/.m2/repository/com/github/stephenc/jcip/jcip-annotations/1.0-1/jcip-annotations-1.0-1.jar:/home/user/.m2/repository/net/minidev/json-smart/2.3/json-smart-2.3.jar:/home/user/.m2/repository/net/minidev/accessors-smart/1.2/accessors-smart-1.2.jar:/home/user/.m2/repository/org/ow2/asm/asm/5.0.4/asm-5.0.4.jar:/home/user/.m2/repository/org/apache/zookeeper/zookeeper/3.4.13/zookeeper-3.4.13.jar:/home/user/.m2/repository/org/apache/yetus/audience-annotations/0.5.0/audience-annotations-0.5.0.jar:/home/user/.m2/repository/org/apache/curator/curator-framework/2.13.0/curator-framework-2.13.0.jar:/home/user/.m2/repository/com/sun/jersey/jersey-core/1.19/jersey-core-1.19.jar:/home/user/.m2/repository/javax/ws/rs/jsr311-api/1.1.1/jsr311-api-1.1.1.jar:/home/user/.m2/repository/com/sun/jersey/jersey-server/1.19/jersey-server-1.19.jar:/home/user/.m2/repository/javax/servlet/javax.servlet-api/3.1.0/javax.servlet-api-3.1.0.jar:/home/user/.m2/repository/org/eclipse/jetty/jetty-server/9.4.34.v20201102/jetty-server-9.4.34.v20201102.jar:/home/user/.m2/repository/org/eclipse/jetty/jetty-http/9.4.34.v20201102/jetty-http-9.4.34.v20201102.jar:/home/user/.m2/repository/org/eclipse/jetty/jetty-io/9.4.34.v20201102/jetty-io-9.4.34.v20201102.jar:/home/user/.m2/repository/org/eclipse/jetty/jetty-webapp/9.4.34.v20201102/jetty-webapp-9.4.34.v20201102.jar:/home/user/.m2/repository/org/eclipse/jetty/jetty-xml/9.4.34.v20201102/jetty-xml-9.4.34.v20201102.jar:/home/user/.m2/repository/org/apache/hadoop/hadoop-common/3.2.2/hadoop-common-3.2.2.jar:/home/user/.m2/repository/commons-net/commons-net/3.6/commons-net-3.6.jar:/home/user/.m2/repository/javax/activation/javax.activation-api/1.2.0/javax.activation-api-1.2.0.jar:/home/user/.m2/repository/com/sun/jersey/jersey-servlet/1.19/jersey-servlet-1.19.jar:/home/user/.m2/repository/com/sun/jersey/jersey-json/1.19/jersey-json-1.19.jar:/home/user/.m2/repository/org/codehaus/jettison/jettison/1.1/jettison-1.1.jar:/home/user/.m2/repository/org/codehaus/jackson/jackson-jaxrs/1.9.2/jackson-jaxrs-1.9.2.jar:/home/user/.m2/repository/org/codehaus/jackson/jackson-xc/1.9.2/jackson-xc-1.9.2.jar:/home/user/.m2/repository/org/apache/commons/commons-configuration2/2.1.1/commons-configuration2-2.1.1.jar:/home/user/.m2/repository/org/apache/commons/commons-text/1.4/commons-text-1.4.jar:/home/user/.m2/repository/com/google/re2j/re2j/1.1/re2j-1.1.jar:/home/user/.m2/repository/com/jcraft/jsch/0.1.54/jsch-0.1.54.jar:/home/user/.m2/repository/org/apache/curator/curator-client/2.13.0/curator-client-2.13.0.jar:/home/user/.m2/repository/org/apache/curator/curator-recipes/2.13.0/curator-recipes-2.13.0.jar:/home/user/.m2/repository/dnsjava/dnsjava/2.1.7/dnsjava-2.1.7.jar:/home/user/.m2/repository/org/slf4j/jul-to-slf4j/1.7.30/jul-to-slf4j-1.7.30.jar:/home/user/.m2/repository/org/eclipse/jetty/jetty-util/9.4.34.v20201102/jetty-util-9.4.34.v20201102.jar:/home/user/.m2/repository/com/fasterxml/jackson/core/jackson-databind/2.10.3/jackson-databind-2.10.3.jar:/home/user/.m2/repository/org/apache/hadoop/hadoop-kms/3.2.2/hadoop-kms-3.2.2-tests.jar:/home/user/.m2/repository/org/apache/hadoop/hadoop-hdds-server-scm/1.1.0-SNAPSHOT/hadoop-hdds-server-scm-1.1.0-SNAPSHOT-tests.jar:/home/user/.m2/repository/org/apache/hadoop/hadoop-hdds-container-service/1.1.0-SNAPSHOT/hadoop-hdds-container-service-1.1.0-SNAPSHOT-tests.jar:/home/user/.m2/repository/commons-codec/commons-codec/1.11/commons-codec-1.11.jar:/home/user/.m2/repository/org/apache/hadoop/hadoop-hdds-hadoop-dependency-test/1.1.0-SNAPSHOT/hadoop-hdds-hadoop-dependency-test-1.1.0-SNAPSHOT.jar:/home/user/.m2/repository/org/apache/hadoop/hadoop-common/3.2.2/hadoop-common-3.2.2-tests.jar:/home/user/.m2/repository/org/apache/hadoop/hadoop-hdfs/3.2.2/hadoop-hdfs-3.2.2-tests.jar:/home/user/.m2/repository/org/eclipse/jetty/jetty-util-ajax/9.4.34.v20201102/jetty-util-ajax-9.4.34.v20201102.jar:/home/user/.m2/repository/commons-daemon/commons-daemon/1.0.13/commons-daemon-1.0.13.jar:/home/user/.m2/repository/io/netty/netty/3.10.6.Final/netty-3.10.6.Final.jar:/home/user/.m2/repository/io/netty/netty-all/4.1.51.Final/netty-all-4.1.51.Final.jar:/home/user/.m2/repository/org/apache/htrace/htrace-core4/4.1.0-incubating/htrace-core4-4.1.0-incubating.jar:/home/user/.m2/repository/org/apache/hadoop/hadoop-distcp/3.2.2/hadoop-distcp-3.2.2.jar:/home/user/.m2/repository/org/apache/hadoop/hadoop-mapreduce-client-jobclient/3.2.2/hadoop-mapreduce-client-jobclient-3.2.2.jar:/home/user/.m2/repository/org/apache/hadoop/hadoop-mapreduce-client-common/3.2.2/hadoop-mapreduce-client-common-3.2.2.jar:/home/user/.m2/repository/org/apache/hadoop/hadoop-yarn-common/3.2.2/hadoop-yarn-common-3.2.2.jar:/home/user/.m2/repository/org/apache/hadoop/hadoop-yarn-api/3.2.2/hadoop-yarn-api-3.2.2.jar:/home/user/.m2/repository/com/sun/jersey/jersey-client/1.19/jersey-client-1.19.jar:/home/user/.m2/repository/com/sun/jersey/contribs/jersey-guice/1.19/jersey-guice-1.19.jar:/home/user/.m2/repository/com/fasterxml/jackson/jaxrs/jackson-jaxrs-json-provider/2.10.3/jackson-jaxrs-json-provider-2.10.3.jar:/home/user/.m2/repository/com/fasterxml/jackson/jaxrs/jackson-jaxrs-base/2.10.3/jackson-jaxrs-base-2.10.3.jar:/home/user/.m2/repository/org/apache/hadoop/hadoop-yarn-client/3.2.2/hadoop-yarn-client-3.2.2.jar:/home/user/.m2/repository/org/apache/hadoop/hadoop-mapreduce-client-core/3.2.2/hadoop-mapreduce-client-core-3.2.2.jar:/home/user/.m2/repository/org/apache/avro/avro/1.7.7/avro-1.7.7.jar:/home/user/.m2/repository/org/codehaus/jackson/jackson-core-asl/1.9.13/jackson-core-asl-1.9.13.jar:/home/user/.m2/repository/org/codehaus/jackson/jackson-mapper-asl/1.9.13/jackson-mapper-asl-1.9.13.jar:/home/user/.m2/repository/com/thoughtworks/paranamer/paranamer/2.3/paranamer-2.3.jar:/home/user/.m2/repository/org/xerial/snappy/snappy-java/1.0.5/snappy-java-1.0.5.jar:/home/user/.m2/repository/org/apache/hadoop/hadoop-annotations/3.2.2/hadoop-annotations-3.2.2.jar:/usr/lib/jvm/java-1.8.0-openjdk-1.8.0.232.b09-0.el7_7.x86_64/jre/../lib/tools.jar:/home/user/.m2/repository/org/apache/hadoop/hadoop-distcp/3.2.2/hadoop-distcp-3.2.2-tests.jar:"/>
    <property name="sun.cpu.endian" value="little"/>
    <property name="user.home" value="/home/user"/>
    <property name="user.language" value="en"/>
    <property name="java.specification.vendor" value="Oracle Corporation"/>
    <property name="java.home" value="/usr/lib/jvm/java-1.8.0-openjdk-1.8.0.232.b09-0.el7_7.x86_64/jre"/>
    <property name="java.security.krb5.conf" value="/github/workspace/mnt/ozone/hadoop-ozone/integration-test/target/test-classes/krb5.conf"/>
    <property name="basedir" value="/github/workspace/mnt/ozone/hadoop-ozone/integration-test"/>
    <property name="file.separator" value="/"/>
    <property name="line.separator" value="&#10;"/>
    <property name="java.vm.specification.vendor" value="Oracle Corporation"/>
    <property name="java.specification.name" value="Java Platform API Specification"/>
    <property name="java.awt.graphicsenv" value="sun.awt.X11GraphicsEnvironment"/>
    <property name="skip.installnpx" value="true"/>
    <property name="surefire.real.class.path" value="/github/workspace/mnt/ozone/hadoop-ozone/integration-test/target/surefire/surefirebooter3510177948036999323.jar:/home/user/.m2/repository/org/jacoco/org.jacoco.agent/0.8.5/org.jacoco.agent-0.8.5-runtime.jar"/>
    <property name="hadoop.log.dir" value="/github/workspace/mnt/ozone/hadoop-ozone/integration-test/target/log"/>
    <property name="sun.boot.class.path" value="/usr/lib/jvm/java-1.8.0-openjdk-1.8.0.232.b09-0.el7_7.x86_64/jre/lib/resources.jar:/usr/lib/jvm/java-1.8.0-openjdk-1.8.0.232.b09-0.el7_7.x86_64/jre/lib/rt.jar:/usr/lib/jvm/java-1.8.0-openjdk-1.8.0.232.b09-0.el7_7.x86_64/jre/lib/sunrsasign.jar:/usr/lib/jvm/java-1.8.0-openjdk-1.8.0.232.b09-0.el7_7.x86_64/jre/lib/jsse.jar:/usr/lib/jvm/java-1.8.0-openjdk-1.8.0.232.b09-0.el7_7.x86_64/jre/lib/jce.jar:/usr/lib/jvm/java-1.8.0-openjdk-1.8.0.232.b09-0.el7_7.x86_64/jre/lib/charsets.jar:/usr/lib/jvm/java-1.8.0-openjdk-1.8.0.232.b09-0.el7_7.x86_64/jre/lib/jfr.jar:/usr/lib/jvm/java-1.8.0-openjdk-1.8.0.232.b09-0.el7_7.x86_64/jre/classes"/>
    <property name="sun.management.compiler" value="HotSpot 64-Bit Tiered Compilers"/>
    <property name="skip.npx" value="true"/>
    <property name="java.runtime.version" value="1.8.0_232-b09"/>
    <property name="java.net.preferIPv4Stack" value="true"/>
    <property name="user.name" value="jenkins1001"/>
    <property name="path.separator" value=":"/>
    <property name="java.security.egd" value="file:///dev/urandom"/>
    <property name="os.version" value="5.4.0-1039-azure"/>
    <property name="java.endorsed.dirs" value="/usr/lib/jvm/java-1.8.0-openjdk-1.8.0.232.b09-0.el7_7.x86_64/jre/lib/endorsed"/>
    <property name="java.runtime.name" value="OpenJDK Runtime Environment"/>
    <property name="file.encoding" value="ANSI_X3.4-1968"/>
    <property name="java.vm.name" value="OpenJDK 64-Bit Server VM"/>
    <property name="test.build.webapps" value=""/>
    <property name="localRepository" value="/home/user/.m2/repository"/>
    <property name="java.vendor.url.bug" value="http://bugreport.sun.com/bugreport/"/>
    <property name="java.io.tmpdir" value="/tmp"/>
    <property name="require.test.libhadoop" value=""/>
    <property name="java.version" value="1.8.0_232"/>
    <property name="user.dir" value="/github/workspace/mnt/ozone/hadoop-ozone/integration-test"/>
    <property name="os.arch" value="amd64"/>
    <property name="java.vm.specification.name" value="Java Virtual Machine Specification"/>
    <property name="test.build.classes" value="/github/workspace/mnt/ozone/hadoop-ozone/integration-test/target/test-classes"/>
    <property name="java.awt.printerjob" value="sun.print.PSPrinterJob"/>
    <property name="sun.os.patch.level" value="unknown"/>
    <property name="hadoop.tmp.dir" value="/github/workspace/mnt/ozone/hadoop-ozone/integration-test/target/tmp"/>
    <property name="java.library.path" value="/usr/lib:/usr/java/packages/lib/amd64:/usr/lib64:/lib64:/lib:/usr/lib"/>
    <property name="java.vm.info" value="mixed mode"/>
    <property name="java.vendor" value="Oracle Corporation"/>
    <property name="java.vm.version" value="25.232-b09"/>
    <property name="java.ext.dirs" value="/usr/lib/jvm/java-1.8.0-openjdk-1.8.0.232.b09-0.el7_7.x86_64/jre/lib/ext:/usr/java/packages/lib/ext"/>
    <property name="sun.io.unicode.encoding" value="UnicodeLittle"/>
    <property name="java.class.version" value="52.0"/>
  </properties>
  <testcase name="testReleaseBuffers" classname="org.apache.hadoop.ozone.client.rpc.TestCommitWatcher" time="40.161"/>
  <testcase name="testReleaseBuffersOnException" classname="org.apache.hadoop.ozone.client.rpc.TestCommitWatcher" time="45.512">
    <error message="org.apache.ratis.protocol.exceptions.AlreadyClosedException: SlidingWindow$Client:client-F13A4C6BFB47-&gt;RAFT is closed." type="java.util.concurrent.ExecutionException">java.util.concurrent.ExecutionException: org.apache.ratis.protocol.exceptions.AlreadyClosedException: SlidingWindow$Client:client-F13A4C6BFB47->RAFT is closed.
	at java.util.concurrent.CompletableFuture.reportGet(CompletableFuture.java:357)
	at java.util.concurrent.CompletableFuture.get(CompletableFuture.java:1908)
	at org.apache.hadoop.ozone.client.rpc.TestCommitWatcher.testReleaseBuffersOnException(TestCommitWatcher.java:294)
	at sun.reflect.NativeMethodAccessorImpl.invoke0(Native Method)
	at sun.reflect.NativeMethodAccessorImpl.invoke(NativeMethodAccessorImpl.java:62)
	at sun.reflect.DelegatingMethodAccessorImpl.invoke(DelegatingMethodAccessorImpl.java:43)
	at java.lang.reflect.Method.invoke(Method.java:498)
	at org.junit.runners.model.FrameworkMethod$1.runReflectiveCall(FrameworkMethod.java:59)
	at org.junit.internal.runners.model.ReflectiveCallable.run(ReflectiveCallable.java:12)
	at org.junit.runners.model.FrameworkMethod.invokeExplosively(FrameworkMethod.java:56)
	at org.junit.internal.runners.statements.InvokeMethod.evaluate(InvokeMethod.java:17)
	at org.junit.internal.runners.statements.RunBefores.evaluate(RunBefores.java:26)
	at org.junit.internal.runners.statements.RunAfters.evaluate(RunAfters.java:27)
	at org.junit.internal.runners.statements.FailOnTimeout$CallableStatement.call(FailOnTimeout.java:288)
	at org.junit.internal.runners.statements.FailOnTimeout$CallableStatement.call(FailOnTimeout.java:282)
	at java.util.concurrent.FutureTask.run(FutureTask.java:266)
	at java.lang.Thread.run(Thread.java:748)
Caused by: org.apache.ratis.protocol.exceptions.AlreadyClosedException: SlidingWindow$Client:client-F13A4C6BFB47->RAFT is closed.
	at org.apache.ratis.util.SlidingWindow$Client.alreadyClosed(SlidingWindow.java:376)
	at org.apache.ratis.util.SlidingWindow$Client.fail(SlidingWindow.java:364)
	at org.apache.ratis.client.impl.OrderedAsync.failAllAsyncRequests(OrderedAsync.java:148)
	at org.apache.ratis.client.impl.OrderedAsync.handleAsyncRetryFailure(OrderedAsync.java:152)
	at org.apache.ratis.client.impl.OrderedAsync.lambda$sendRequest$10(OrderedAsync.java:252)
	at java.util.concurrent.CompletableFuture.uniExceptionally(CompletableFuture.java:884)
	at java.util.concurrent.CompletableFuture$UniExceptionally.tryFire(CompletableFuture.java:866)
	at java.util.concurrent.CompletableFuture.postComplete(CompletableFuture.java:488)
	at java.util.concurrent.CompletableFuture.completeExceptionally(CompletableFuture.java:1990)
	at org.apache.ratis.grpc.client.GrpcClientProtocolClient$AsyncStreamObservers.completeReplyExceptionally(GrpcClientProtocolClient.java:388)
	at org.apache.ratis.grpc.client.GrpcClientProtocolClient$AsyncStreamObservers.access$000(GrpcClientProtocolClient.java:294)
	at org.apache.ratis.grpc.client.GrpcClientProtocolClient$AsyncStreamObservers$1.onNext(GrpcClientProtocolClient.java:308)
	at org.apache.ratis.grpc.client.GrpcClientProtocolClient$AsyncStreamObservers$1.onNext(GrpcClientProtocolClient.java:299)
	at org.apache.ratis.thirdparty.io.grpc.stub.ClientCalls$StreamObserverToCallListenerAdapter.onMessage(ClientCalls.java:465)
	at org.apache.ratis.thirdparty.io.grpc.ForwardingClientCallListener.onMessage(ForwardingClientCallListener.java:33)
	at org.apache.ratis.thirdparty.io.grpc.internal.DelayedClientCall$DelayedListener.onMessage(DelayedClientCall.java:447)
	at org.apache.ratis.thirdparty.io.grpc.internal.ClientCallImpl$ClientStreamListenerImpl$1MessagesAvailable.runInternal(ClientCallImpl.java:715)
	at org.apache.ratis.thirdparty.io.grpc.internal.ClientCallImpl$ClientStreamListenerImpl$1MessagesAvailable.runInContext(ClientCallImpl.java:700)
	at org.apache.ratis.thirdparty.io.grpc.internal.ContextRunnable.run(ContextRunnable.java:37)
	at org.apache.ratis.thirdparty.io.grpc.internal.SerializingExecutor.run(SerializingExecutor.java:123)
	at java.util.concurrent.ThreadPoolExecutor.runWorker(ThreadPoolExecutor.java:1149)
	at java.util.concurrent.ThreadPoolExecutor$Worker.run(ThreadPoolExecutor.java:624)
	... 1 more
Caused by: org.apache.ratis.protocol.exceptions.RaftRetryFailureException: Failed RaftClientRequest:client-F13A4C6BFB47->61a3106f-4412-450d-ae4e-54e9a62c2593@group-CB02C2DB3C87, cid=27, seq=1*, Watch(0), null for 3 attempts with RequestTypeDependentRetryPolicy{WRITE->org.apache.ratis.retry.ExceptionDependentRetry@b0ad894, WATCH->org.apache.ratis.retry.ExceptionDependentRetry@ceac917}
	at org.apache.ratis.client.impl.RaftClientImpl.noMoreRetries(RaftClientImpl.java:254)
	... 20 more
Caused by: org.apache.ratis.protocol.exceptions.NotLeaderException: Server 61a3106f-4412-450d-ae4e-54e9a62c2593@group-CB02C2DB3C87 is not the leader fc0eeb26-f5a4-40eb-8987-0eeb9e81290f|rpc:172.17.0.2:39069|dataStream:|priority:1
	at org.apache.ratis.client.impl.ClientProtoUtils.toRaftClientReply(ClientProtoUtils.java:368)
	at org.apache.ratis.grpc.client.GrpcClientProtocolClient$AsyncStreamObservers$1.onNext(GrpcClientProtocolClient.java:304)
	... 11 more
</error>
    <system-out><![CDATA[2021-02-08 13:07:03,682 [Time-limited test] WARN  server.ServerUtils (ServerUtils.java:getScmDbDir(148)) - ozone.scm.db.dirs is not configured. We recommend adding this setting. Falling back to ozone.metadata.dirs instead.
2021-02-08 13:07:03,684 [Time-limited test] WARN  server.ServerUtils (ServerUtils.java:getScmDbDir(148)) - ozone.scm.db.dirs is not configured. We recommend adding this setting. Falling back to ozone.metadata.dirs instead.
2021-02-08 13:07:03,685 [Time-limited test] WARN  db.DBStoreBuilder (DBStoreBuilder.java:applyDBDefinition(145)) - ozone.scm.db.dirs is not configured. We recommend adding this setting. Falling back to ozone.metadata.dirs instead.
2021-02-08 13:07:03,712 [Time-limited test] INFO  net.NodeSchemaLoader (NodeSchemaLoader.java:loadSchemaFromFile(126)) - Loading file from sun.misc.CompoundEnumeration@51abffd7
2021-02-08 13:07:03,712 [Time-limited test] INFO  net.NodeSchemaLoader (NodeSchemaLoader.java:loadSchema(172)) - Loading network topology layer schema file
2021-02-08 13:07:03,715 [Time-limited test] WARN  server.ServerUtils (ServerUtils.java:sanitizeUserArgs(73)) - ozone.scm.stale.node.interval value = 1000000 is larger than max = 100000 based on the key value of ozone.scm.heartbeat.thread.interval, reset to the max value 100000.
2021-02-08 13:07:03,715 [Time-limited test] WARN  server.ServerUtils (ServerUtils.java:sanitizeUserArgs(73)) - ozone.scm.stale.node.interval value = 1000000 is larger than max = 100000 based on the key value of ozone.scm.heartbeat.thread.interval, reset to the max value 100000.
2021-02-08 13:07:03,715 [Time-limited test] INFO  node.SCMNodeManager (SCMNodeManager.java:<init>(123)) - Entering startup safe mode.
2021-02-08 13:07:03,716 [Time-limited test] INFO  algorithms.ContainerPlacementPolicyFactory (ContainerPlacementPolicyFactory.java:getPolicy(60)) - Create container placement policy of type org.apache.hadoop.hdds.scm.container.placement.algorithms.SCMContainerPlacementRandom
2021-02-08 13:07:03,716 [Time-limited test] INFO  algorithms.LeaderChoosePolicyFactory (LeaderChoosePolicyFactory.java:getPolicy(57)) - Create leader choose policy of type org.apache.hadoop.hdds.scm.pipeline.leader.choose.algorithms.MinLeaderCountChoosePolicy
2021-02-08 13:07:03,716 [Time-limited test] INFO  pipeline.SCMPipelineManager (SCMPipelineManager.java:initializePipelineState(161)) - No pipeline exists in current db
2021-02-08 13:07:03,717 [Time-limited test] INFO  algorithms.PipelineChoosePolicyFactory (PipelineChoosePolicyFactory.java:createPipelineChoosePolicyFromClass(73)) - Create pipeline choose policy of type org.apache.hadoop.hdds.scm.pipeline.choose.algorithms.RandomPipelineChoosePolicy
2021-02-08 13:07:03,718 [Time-limited test] INFO  safemode.HealthyPipelineSafeModeRule (HealthyPipelineSafeModeRule.java:<init>(89)) - Total pipeline count is 0, healthy pipeline threshold count is 0
2021-02-08 13:07:03,718 [Time-limited test] INFO  safemode.OneReplicaPipelineSafeModeRule (OneReplicaPipelineSafeModeRule.java:<init>(85)) - Total pipeline count is 0, pipeline's with at least one datanode reported threshold count is 0
2021-02-08 13:07:03,724 [Time-limited test] INFO  ipc.CallQueueManager (CallQueueManager.java:<init>(85)) - Using callQueue: class java.util.concurrent.LinkedBlockingQueue, queueCapacity: 2000, scheduler: class org.apache.hadoop.ipc.DefaultRpcScheduler, ipcBackoff: false.
2021-02-08 13:07:03,725 [Socket Reader #1 for port 0] INFO  ipc.Server (Server.java:run(1255)) - Starting Socket Reader #1 for port 0
2021-02-08 13:07:03,725 [Listener at 0.0.0.0/44043] INFO  ipc.CallQueueManager (CallQueueManager.java:<init>(85)) - Using callQueue: class java.util.concurrent.LinkedBlockingQueue, queueCapacity: 2000, scheduler: class org.apache.hadoop.ipc.DefaultRpcScheduler, ipcBackoff: false.
2021-02-08 13:07:03,726 [Socket Reader #1 for port 0] INFO  ipc.Server (Server.java:run(1255)) - Starting Socket Reader #1 for port 0
2021-02-08 13:07:03,728 [Listener at 0.0.0.0/45637] INFO  ipc.CallQueueManager (CallQueueManager.java:<init>(85)) - Using callQueue: class java.util.concurrent.LinkedBlockingQueue, queueCapacity: 2000, scheduler: class org.apache.hadoop.ipc.DefaultRpcScheduler, ipcBackoff: false.
2021-02-08 13:07:03,728 [Socket Reader #1 for port 0] INFO  ipc.Server (Server.java:run(1255)) - Starting Socket Reader #1 for port 0
2021-02-08 13:07:03,736 [Listener at 0.0.0.0/37191] INFO  http.BaseHttpServer (BaseHttpServer.java:newHttpServer2BuilderForOzone(207)) - Starting Web-server for scm at: http://0.0.0.0:0
2021-02-08 13:07:03,736 [Listener at 0.0.0.0/37191] INFO  http.BaseHttpServer (BaseHttpServer.java:<init>(106)) - Hadoop Security Enabled: false Ozone Security Enabled: false Ozone HTTP Security Enabled: false 
2021-02-08 13:07:03,738 [Listener at 0.0.0.0/37191] INFO  server.AuthenticationFilter (AuthenticationFilter.java:constructSecretProvider(240)) - Unable to initialize FileSignerSecretProvider, falling back to use random secrets.
2021-02-08 13:07:03,738 [Listener at 0.0.0.0/37191] WARN  http.HttpRequestLog (HttpRequestLog.java:getRequestLog(103)) - Jetty request log can only be enabled using Log4j
2021-02-08 13:07:03,739 [Listener at 0.0.0.0/37191] INFO  http.HttpServer2 (HttpServer2.java:addGlobalFilter(1020)) - Added global filter 'safety' (class=org.apache.hadoop.hdds.server.http.HttpServer2$QuotingInputFilter)
2021-02-08 13:07:03,740 [Listener at 0.0.0.0/37191] INFO  http.HttpServer2 (HttpServer2.java:addFilter(996)) - Added filter static_user_filter (class=org.apache.hadoop.http.lib.StaticUserWebFilter$StaticUserFilter) to context scm
2021-02-08 13:07:03,740 [Listener at 0.0.0.0/37191] INFO  http.HttpServer2 (HttpServer2.java:addFilter(1004)) - Added filter static_user_filter (class=org.apache.hadoop.http.lib.StaticUserWebFilter$StaticUserFilter) to context logs
2021-02-08 13:07:03,740 [Listener at 0.0.0.0/37191] INFO  http.HttpServer2 (HttpServer2.java:addFilter(1004)) - Added filter static_user_filter (class=org.apache.hadoop.http.lib.StaticUserWebFilter$StaticUserFilter) to context static
2021-02-08 13:07:03,743 [Listener at 0.0.0.0/37191] INFO  server.StorageContainerManager (StorageContainerManager.java:start(791)) - StorageContainerLocationProtocol RPC server is listening at /0.0.0.0:37191
2021-02-08 13:07:03,744 [Listener at 0.0.0.0/37191] WARN  impl.MetricsConfig (MetricsConfig.java:loadFirst(136)) - Cannot locate configuration: tried hadoop-metrics2-storagecontainermanager.properties,hadoop-metrics2.properties
2021-02-08 13:07:03,746 [Listener at 0.0.0.0/37191] INFO  impl.MetricsSystemImpl (MetricsSystemImpl.java:startTimer(378)) - Scheduled Metric snapshot period at 10 second(s).
2021-02-08 13:07:03,746 [Listener at 0.0.0.0/37191] INFO  impl.MetricsSystemImpl (MetricsSystemImpl.java:start(191)) - StorageContainerManager metrics system started
2021-02-08 13:07:03,777 [Listener at 0.0.0.0/37191] INFO  impl.MetricsSinkAdapter (MetricsSinkAdapter.java:start(204)) - Sink prometheus started
2021-02-08 13:07:03,777 [Listener at 0.0.0.0/37191] INFO  impl.MetricsSystemImpl (MetricsSystemImpl.java:registerSink(305)) - Registered sink prometheus
2021-02-08 13:07:03,782 [Listener at 0.0.0.0/37191] INFO  server.SCMClientProtocolServer (SCMClientProtocolServer.java:start(159)) - RPC server for Client  is listening at /0.0.0.0:37191
2021-02-08 13:07:03,782 [IPC Server Responder] INFO  ipc.Server (Server.java:run(1497)) - IPC Server Responder: starting
2021-02-08 13:07:03,782 [IPC Server listener on 0] INFO  ipc.Server (Server.java:run(1334)) - IPC Server listener on 0: starting
2021-02-08 13:07:03,789 [Listener at 0.0.0.0/37191] INFO  server.StorageContainerManager (StorageContainerManager.java:start(803)) - ScmBlockLocationProtocol RPC server is listening at /0.0.0.0:45637
2021-02-08 13:07:03,790 [Listener at 0.0.0.0/37191] INFO  server.SCMBlockProtocolServer (SCMBlockProtocolServer.java:start(150)) - RPC server for Block Protocol is listening at /0.0.0.0:45637
2021-02-08 13:07:03,790 [IPC Server Responder] INFO  ipc.Server (Server.java:run(1497)) - IPC Server Responder: starting
2021-02-08 13:07:03,790 [IPC Server listener on 0] INFO  ipc.Server (Server.java:run(1334)) - IPC Server listener on 0: starting
2021-02-08 13:07:03,793 [Listener at 0.0.0.0/37191] INFO  server.StorageContainerManager (StorageContainerManager.java:start(809)) - ScmDatanodeProtocl RPC server is listening at /0.0.0.0:44043
2021-02-08 13:07:03,794 [Listener at 0.0.0.0/37191] INFO  server.SCMDatanodeProtocolServer (SCMDatanodeProtocolServer.java:start(174)) - RPC server for DataNodes is listening at /0.0.0.0:44043
2021-02-08 13:07:03,794 [IPC Server Responder] INFO  ipc.Server (Server.java:run(1497)) - IPC Server Responder: starting
2021-02-08 13:07:03,794 [IPC Server listener on 0] INFO  ipc.Server (Server.java:run(1334)) - IPC Server listener on 0: starting
2021-02-08 13:07:03,797 [Listener at 0.0.0.0/37191] INFO  http.HttpServer2 (HttpServer2.java:bindListener(1238)) - Jetty bound to port 37303
2021-02-08 13:07:03,797 [Listener at 0.0.0.0/37191] INFO  server.Server (Server.java:doStart(375)) - jetty-9.4.34.v20201102; built: 2020-11-02T14:15:39.302Z; git: e46af88704a893fc12cb0e3bf46e2c7b48a009e7; jvm 1.8.0_232-b09
2021-02-08 13:07:03,799 [Listener at 0.0.0.0/37191] INFO  server.session (DefaultSessionIdManager.java:doStart(334)) - DefaultSessionIdManager workerName=node0
2021-02-08 13:07:03,799 [Listener at 0.0.0.0/37191] INFO  server.session (DefaultSessionIdManager.java:doStart(339)) - No SessionScavenger set, using defaults
2021-02-08 13:07:03,799 [Listener at 0.0.0.0/37191] INFO  server.session (HouseKeeper.java:startScavenging(132)) - node0 Scavenging every 600000ms
2021-02-08 13:07:03,802 [Listener at 0.0.0.0/37191] INFO  handler.ContextHandler (ContextHandler.java:doStart(916)) - Started o.e.j.s.ServletContextHandler@4dcc68d{logs,/logs,file:///github/workspace/mnt/ozone/hadoop-ozone/integration-test/target/log,AVAILABLE}
2021-02-08 13:07:03,802 [Listener at 0.0.0.0/37191] INFO  handler.ContextHandler (ContextHandler.java:doStart(916)) - Started o.e.j.s.ServletContextHandler@272f8601{static,/static,file:///github/workspace/mnt/ozone/hadoop-ozone/integration-test/target/test-classes/webapps/static,AVAILABLE}
2021-02-08 13:07:03,805 [Listener at 0.0.0.0/37191] INFO  handler.ContextHandler (ContextHandler.java:doStart(916)) - Started o.e.j.w.WebAppContext@68a51109{scm,/,file:///github/workspace/mnt/ozone/hadoop-ozone/integration-test/target/test-classes/webapps/scm/,AVAILABLE}{file:/github/workspace/mnt/ozone/hadoop-ozone/integration-test/target/test-classes/webapps/scm}
2021-02-08 13:07:03,811 [Listener at 0.0.0.0/37191] INFO  server.AbstractConnector (AbstractConnector.java:doStart(331)) - Started ServerConnector@775d0916{HTTP/1.1, (http/1.1)}{0.0.0.0:37303}
2021-02-08 13:07:03,811 [Listener at 0.0.0.0/37191] INFO  server.Server (Server.java:doStart(415)) - Started @41375ms
2021-02-08 13:07:03,811 [Listener at 0.0.0.0/37191] WARN  impl.MetricsSystemImpl (MetricsSystemImpl.java:register(279)) - Sink prometheus already exists!
2021-02-08 13:07:03,817 [Listener at 0.0.0.0/37191] INFO  http.BaseHttpServer (BaseHttpServer.java:updateConnectorAddress(327)) - HTTP server of scm listening at http://0.0.0.0:37303
2021-02-08 13:07:03,817 [Listener at 0.0.0.0/37191] WARN  server.ServerUtils (ServerUtils.java:getDBPath(225)) - ozone.om.db.dirs is not configured. We recommend adding this setting. Falling back to ozone.metadata.dirs instead.
2021-02-08 13:07:03,817 [org.apache.hadoop.util.JvmPauseMonitor$Monitor@839d699] INFO  util.JvmPauseMonitor (JvmPauseMonitor.java:run(188)) - Starting JVM pause monitor
2021-02-08 13:07:03,819 [Listener at 0.0.0.0/37191] INFO  ha.OMHANodeDetails (OMHANodeDetails.java:loadOMHAConfig(104)) - ozone.om.internal.service.id is not defined, falling back to ozone.om.service.ids to find serviceID for OzoneManager if it is HA enabled cluster
2021-02-08 13:07:03,819 [Listener at 0.0.0.0/37191] INFO  ha.OMHANodeDetails (OMHANodeDetails.java:loadOMHAConfig(210)) - Configuration does not have ozone.om.address set. Falling back to the default OM address /127.0.0.1:0
2021-02-08 13:07:03,819 [Listener at 0.0.0.0/37191] INFO  ha.OMHANodeDetails (OMHANodeDetails.java:getOMNodeDetails(238)) - OM Service ID is not set. Setting it to the default ID: omServiceIdDefault
2021-02-08 13:07:03,819 [Listener at 0.0.0.0/37191] INFO  ha.OMHANodeDetails (OMHANodeDetails.java:getOMNodeDetails(245)) - OM Node ID is not set. Setting it to the default ID: om1
2021-02-08 13:07:03,820 [Listener at 0.0.0.0/37191] WARN  server.ServerUtils (ServerUtils.java:getDBPath(225)) - ozone.om.db.dirs is not configured. We recommend adding this setting. Falling back to ozone.metadata.dirs instead.
2021-02-08 13:07:03,820 [Listener at 0.0.0.0/37191] WARN  server.ServerUtils (ServerUtils.java:getDBPath(225)) - ozone.om.db.dirs is not configured. We recommend adding this setting. Falling back to ozone.metadata.dirs instead.
2021-02-08 13:07:03,826 [Listener at 0.0.0.0/37191] WARN  server.ServerUtils (ServerUtils.java:getDBPath(225)) - ozone.om.db.dirs is not configured. We recommend adding this setting. Falling back to ozone.metadata.dirs instead.
2021-02-08 13:07:03,827 [Listener at 0.0.0.0/37191] INFO  codec.OmKeyInfoCodec (OmKeyInfoCodec.java:<init>(43)) - OmKeyInfoCodec ignorePipeline = true
2021-02-08 13:07:03,827 [Listener at 0.0.0.0/37191] INFO  codec.RepeatedOmKeyInfoCodec (RepeatedOmKeyInfoCodec.java:<init>(42)) - RepeatedOmKeyInfoCodec ignorePipeline = true
2021-02-08 13:07:03,878 [Listener at 0.0.0.0/37191] INFO  om.OzoneManager (OzoneManager.java:addS3GVolumeToDB(3747)) - Created Volume s3v With Owner jenkins1001 required for S3Gateway operations.
2021-02-08 13:07:03,878 [Listener at 0.0.0.0/37191] WARN  server.ServerUtils (ServerUtils.java:getDefaultRatisDirectory(237)) - Storage directory for Ratis is not configured. It is a good idea to map this to an SSD disk. Falling back to ozone.metadata.dirs
2021-02-08 13:07:03,879 [Listener at 0.0.0.0/37191] WARN  ratis.OzoneManagerRatisServer (OzoneManagerRatisServer.java:getOMRatisSnapshotDirectory(623)) - ozone.om.ratis.snapshot.dir is not configured. Falling back to ozone.metadata.dirs config
2021-02-08 13:07:03,879 [Listener at 0.0.0.0/37191] WARN  server.ServerUtils (ServerUtils.java:getDefaultRatisDirectory(237)) - Storage directory for Ratis is not configured. It is a good idea to map this to an SSD disk. Falling back to ozone.metadata.dirs
2021-02-08 13:07:03,881 [Listener at 0.0.0.0/37191] INFO  ratis.OzoneManagerRatisServer (OzoneManagerRatisServer.java:<init>(280)) - Instantiating OM Ratis server with GroupID: omServiceIdDefault and Raft Peers: localhost:9872
2021-02-08 13:07:03,881 [Listener at 0.0.0.0/37191] INFO  ratis.OzoneManagerStateMachine (OzoneManagerStateMachine.java:loadSnapshotInfoFromDB(518)) - LastAppliedIndex is set from TransactionInfo from OM DB as (t:0, i:~)
2021-02-08 13:07:03,881 [Listener at 0.0.0.0/37191] INFO  server.RaftServer (ConfUtils.java:logGet(44)) - raft.rpc.type = GRPC (default)
2021-02-08 13:07:03,881 [Listener at 0.0.0.0/37191] INFO  grpc.GrpcFactory (GrpcFactory.java:checkPooledByteBufAllocatorUseCacheForAllThreads(48)) - PERFORMANCE WARNING: useCacheForAllThreads is true that may cause Netty to create a lot garbage objects and, as a result, trigger GC.
	It is recommended to disable useCacheForAllThreads by setting -Dorg.apache.ratis.thirdparty.io.netty.allocator.useCacheForAllThreads=false in command line.
2021-02-08 13:07:03,882 [Listener at 0.0.0.0/37191] INFO  grpc.GrpcConfigKeys (ConfUtils.java:logGet(44)) - raft.grpc.admin.port = -1 (default)
2021-02-08 13:07:03,882 [Listener at 0.0.0.0/37191] INFO  grpc.GrpcConfigKeys (ConfUtils.java:logGet(44)) - raft.grpc.server.port = 9872 (custom)
2021-02-08 13:07:03,882 [Listener at 0.0.0.0/37191] INFO  grpc.GrpcConfigKeys (ConfUtils.java:logGet(44)) - raft.grpc.client.port = -1 (default)
2021-02-08 13:07:03,882 [Listener at 0.0.0.0/37191] INFO  grpc.GrpcConfigKeys (ConfUtils.java:logGet(44)) - raft.grpc.server.port = 9872 (custom)
2021-02-08 13:07:03,882 [Listener at 0.0.0.0/37191] INFO  grpc.GrpcConfigKeys (ConfUtils.java:logGet(44)) - raft.grpc.server.port = 9872 (custom)
2021-02-08 13:07:03,882 [Listener at 0.0.0.0/37191] INFO  server.GrpcService (ConfUtils.java:logGet(44)) - raft.grpc.message.size.max = 33554432 (custom)
2021-02-08 13:07:03,882 [Listener at 0.0.0.0/37191] INFO  server.RaftServerConfigKeys (ConfUtils.java:logGet(44)) - raft.server.log.appender.buffer.byte-limit = 33554432 (custom)
2021-02-08 13:07:03,882 [Listener at 0.0.0.0/37191] INFO  server.GrpcService (ConfUtils.java:logGet(44)) - raft.grpc.flow.control.window = 1MB (=1048576) (default)
2021-02-08 13:07:03,882 [Listener at 0.0.0.0/37191] INFO  server.RaftServerConfigKeys (ConfUtils.java:logGet(44)) - raft.server.rpc.request.timeout = 3000ms (default)
2021-02-08 13:07:03,883 [Listener at 0.0.0.0/37191] INFO  impl.DataStreamServerImpl (ConfUtils.java:logGet(44)) - raft.datastream.type = DISABLED (default)
2021-02-08 13:07:03,884 [Listener at 0.0.0.0/37191] INFO  server.RaftServerConfigKeys (ConfUtils.java:logGet(44)) - raft.server.rpc.slowness.timeout = 120s (custom)
2021-02-08 13:07:03,884 [Listener at 0.0.0.0/37191] INFO  server.RaftServerConfigKeys (ConfUtils.java:logGet(44)) - raft.server.leaderelection.leader.step-down.wait-time = 10s (default)
2021-02-08 13:07:03,884 [Listener at 0.0.0.0/37191] INFO  server.RaftServerConfigKeys (ConfUtils.java:logGet(44)) - raft.server.storage.dir = [/github/workspace/mnt/ozone/hadoop-ozone/integration-test/target/test-dir/MiniOzoneClusterImpl-489e5869-bfe0-4080-b73d-d7b53c96c8d8/ozone-meta/ratis] (custom)
2021-02-08 13:07:03,884 [Listener at 0.0.0.0/37191] INFO  server.RaftServer (RaftServerProxy.java:addNew(95)) - om1: addNew group-C5BA1605619E:[om1|rpc:localhost:9872|priority:0] returns group-C5BA1605619E:java.util.concurrent.CompletableFuture@68b74cd1[Not completed]
2021-02-08 13:07:03,884 [pool-176-thread-1] INFO  server.RaftServer$Division (RaftServerImpl.java:<init>(180)) - om1: new RaftServerImpl for group-C5BA1605619E:[om1|rpc:localhost:9872|priority:0] with OzoneManagerStateMachine:uninitialized
2021-02-08 13:07:03,884 [Listener at 0.0.0.0/37191] INFO  om.OzoneManager (OzoneManager.java:initializeRatisServer(1333)) - OzoneManager Ratis server initialized at port 9872
2021-02-08 13:07:03,886 [Listener at 0.0.0.0/37191] INFO  ipc.CallQueueManager (CallQueueManager.java:<init>(85)) - Using callQueue: class java.util.concurrent.LinkedBlockingQueue, queueCapacity: 2000, scheduler: class org.apache.hadoop.ipc.DefaultRpcScheduler, ipcBackoff: false.
2021-02-08 13:07:03,891 [pool-176-thread-1] INFO  server.RaftServerConfigKeys (ConfUtils.java:logGet(44)) - raft.server.rpc.timeout.min = 1s (custom)
2021-02-08 13:07:03,891 [pool-176-thread-1] INFO  server.RaftServerConfigKeys (ConfUtils.java:logGet(44)) - raft.server.rpc.timeout.max = 1200ms (custom)
2021-02-08 13:07:03,891 [pool-176-thread-1] INFO  server.RaftServerConfigKeys (ConfUtils.java:logGet(44)) - raft.server.rpc.sleep.time = 25ms (default)
2021-02-08 13:07:03,891 [pool-176-thread-1] INFO  server.RaftServerConfigKeys (ConfUtils.java:logGet(44)) - raft.server.rpc.slowness.timeout = 120s (custom)
2021-02-08 13:07:03,891 [pool-176-thread-1] INFO  server.RaftServerConfigKeys (ConfUtils.java:logGet(44)) - raft.server.leaderelection.leader.step-down.wait-time = 10s (default)
2021-02-08 13:07:03,891 [pool-176-thread-1] INFO  server.RaftServerConfigKeys (ConfUtils.java:logGet(44)) - raft.server.sleep.deviation.threshold = 300ms (default)
2021-02-08 13:07:03,891 [pool-176-thread-1] INFO  server.RaftServerConfigKeys (ConfUtils.java:logGet(44)) - raft.server.log.appender.install.snapshot.enabled = false (custom)
2021-02-08 13:07:03,891 [pool-176-thread-1] INFO  server.RaftServer$Division (ServerState.java:<init>(105)) - om1@group-C5BA1605619E: ConfigurationManager, init=-1: [om1|rpc:localhost:9872|priority:0], old=null, confs=<EMPTY_MAP>
2021-02-08 13:07:03,892 [pool-176-thread-1] INFO  server.RaftServerConfigKeys (ConfUtils.java:logGet(44)) - raft.server.storage.dir = [/github/workspace/mnt/ozone/hadoop-ozone/integration-test/target/test-dir/MiniOzoneClusterImpl-489e5869-bfe0-4080-b73d-d7b53c96c8d8/ozone-meta/ratis] (custom)
2021-02-08 13:07:03,892 [pool-176-thread-1] INFO  server.RaftServerConfigKeys (ConfUtils.java:logGet(44)) - raft.server.log.corruption.policy = EXCEPTION (default)
2021-02-08 13:07:03,892 [pool-176-thread-1] INFO  storage.RaftStorageDirectory (RaftStorageDirectoryImpl.java:analyzeStorage(132)) - The storage directory /github/workspace/mnt/ozone/hadoop-ozone/integration-test/target/test-dir/MiniOzoneClusterImpl-489e5869-bfe0-4080-b73d-d7b53c96c8d8/ozone-meta/ratis/bf265839-605b-3f16-9796-c5ba1605619e does not exist. Creating ...
2021-02-08 13:07:03,892 [Socket Reader #1 for port 0] INFO  ipc.Server (Server.java:run(1255)) - Starting Socket Reader #1 for port 0
2021-02-08 13:07:03,894 [pool-176-thread-1] INFO  storage.RaftStorageDirectory (RaftStorageDirectoryImpl.java:tryLock(215)) - Lock on /github/workspace/mnt/ozone/hadoop-ozone/integration-test/target/test-dir/MiniOzoneClusterImpl-489e5869-bfe0-4080-b73d-d7b53c96c8d8/ozone-meta/ratis/bf265839-605b-3f16-9796-c5ba1605619e/in_use.lock acquired by nodename 30729@c20f386514e7
2021-02-08 13:07:03,895 [pool-176-thread-1] INFO  storage.RaftStorage (RaftStorageImpl.java:format(87)) - Storage directory /github/workspace/mnt/ozone/hadoop-ozone/integration-test/target/test-dir/MiniOzoneClusterImpl-489e5869-bfe0-4080-b73d-d7b53c96c8d8/ozone-meta/ratis/bf265839-605b-3f16-9796-c5ba1605619e has been successfully formatted.
2021-02-08 13:07:03,895 [pool-176-thread-1] ERROR storage.RaftStorage (RaftStorageImpl.java:readRaftConfiguration(147)) - Failed reading configuration from file:/github/workspace/mnt/ozone/hadoop-ozone/integration-test/target/test-dir/MiniOzoneClusterImpl-489e5869-bfe0-4080-b73d-d7b53c96c8d8/ozone-meta/ratis/bf265839-605b-3f16-9796-c5ba1605619e/current/raft-meta.conf
java.io.FileNotFoundException: /github/workspace/mnt/ozone/hadoop-ozone/integration-test/target/test-dir/MiniOzoneClusterImpl-489e5869-bfe0-4080-b73d-d7b53c96c8d8/ozone-meta/ratis/bf265839-605b-3f16-9796-c5ba1605619e/current/raft-meta.conf (No such file or directory)
	at java.io.FileInputStream.open0(Native Method)
	at java.io.FileInputStream.open(FileInputStream.java:195)
	at java.io.FileInputStream.<init>(FileInputStream.java:138)
	at org.apache.ratis.server.storage.RaftStorageImpl.readRaftConfiguration(RaftStorageImpl.java:143)
	at org.apache.ratis.server.impl.ServerState.<init>(ServerState.java:122)
	at org.apache.ratis.server.impl.RaftServerImpl.<init>(RaftServerImpl.java:193)
	at org.apache.ratis.server.impl.RaftServerProxy.lambda$newRaftServerImpl$4(RaftServerProxy.java:266)
	at java.util.concurrent.CompletableFuture$AsyncSupply.run(CompletableFuture.java:1604)
	at java.util.concurrent.ThreadPoolExecutor.runWorker(ThreadPoolExecutor.java:1149)
	at java.util.concurrent.ThreadPoolExecutor$Worker.run(ThreadPoolExecutor.java:624)
	at java.lang.Thread.run(Thread.java:748)
2021-02-08 13:07:03,896 [pool-176-thread-1] INFO  server.RaftServerConfigKeys (ConfUtils.java:logGet(44)) - raft.server.notification.no-leader.timeout = 120s (custom)
2021-02-08 13:07:03,896 [pool-176-thread-1] INFO  server.RaftServerConfigKeys (ConfUtils.java:logGet(44)) - raft.server.log.use.memory = false (default)
2021-02-08 13:07:03,896 [pool-176-thread-1] INFO  server.RaftServerConfigKeys (ConfUtils.java:logGet(44)) - raft.server.log.purge.gap = 1000000 (custom)
2021-02-08 13:07:03,896 [pool-176-thread-1] INFO  server.RaftServerConfigKeys (ConfUtils.java:logGet(44)) - raft.server.log.appender.buffer.byte-limit = 33554432 (custom)
2021-02-08 13:07:03,896 [pool-176-thread-1] INFO  metrics.RatisMetrics (RatisMetrics.java:lambda$create$0(36)) - Creating Metrics Registry : ratis.log_worker.om1@group-C5BA1605619E
2021-02-08 13:07:03,896 [pool-176-thread-1] INFO  server.RaftServerConfigKeys (ConfUtils.java:logGet(44)) - raft.server.log.segment.size.max = 4194304 (custom)
2021-02-08 13:07:03,896 [pool-176-thread-1] INFO  server.RaftServerConfigKeys (ConfUtils.java:logGet(44)) - raft.server.log.segment.cache.num.max = 2 (custom)
2021-02-08 13:07:03,896 [pool-176-thread-1] INFO  server.RaftServerConfigKeys (ConfUtils.java:logGet(44)) - raft.server.log.segment.cache.size.max = 200MB (=209715200) (default)
2021-02-08 13:07:03,896 [pool-176-thread-1] INFO  segmented.SegmentedRaftLogWorker (SegmentedRaftLogWorker.java:<init>(181)) - new om1@group-C5BA1605619E-SegmentedRaftLogWorker for RaftStorageImpl:Storage Directory /github/workspace/mnt/ozone/hadoop-ozone/integration-test/target/test-dir/MiniOzoneClusterImpl-489e5869-bfe0-4080-b73d-d7b53c96c8d8/ozone-meta/ratis/bf265839-605b-3f16-9796-c5ba1605619e
2021-02-08 13:07:03,896 [pool-176-thread-1] INFO  server.RaftServerConfigKeys (ConfUtils.java:logGet(44)) - raft.server.log.queue.byte-limit = 64MB (=67108864) (default)
2021-02-08 13:07:03,896 [pool-176-thread-1] INFO  server.RaftServerConfigKeys (ConfUtils.java:logGet(44)) - raft.server.log.queue.element-limit = 4096 (default)
2021-02-08 13:07:03,896 [pool-176-thread-1] INFO  server.RaftServerConfigKeys (ConfUtils.java:logGet(44)) - raft.server.log.segment.size.max = 4194304 (custom)
2021-02-08 13:07:03,897 [pool-176-thread-1] INFO  server.RaftServerConfigKeys (ConfUtils.java:logGet(44)) - raft.server.log.preallocated.size = 4194304 (custom)
2021-02-08 13:07:03,897 [pool-176-thread-1] INFO  server.RaftServerConfigKeys (ConfUtils.java:logGet(44)) - raft.server.log.force.sync.num = 128 (default)
2021-02-08 13:07:03,897 [pool-176-thread-1] INFO  server.RaftServerConfigKeys (ConfUtils.java:logGet(44)) - raft.server.log.statemachine.data.sync = true (default)
2021-02-08 13:07:03,897 [pool-176-thread-1] INFO  server.RaftServerConfigKeys (ConfUtils.java:logGet(44)) - raft.server.log.statemachine.data.sync.timeout = 10s (default)
2021-02-08 13:07:03,897 [pool-176-thread-1] INFO  server.RaftServerConfigKeys (ConfUtils.java:logGet(44)) - raft.server.log.statemachine.data.sync.timeout.retry = -1 (default)
2021-02-08 13:07:03,897 [pool-176-thread-1] INFO  server.RaftServerConfigKeys (ConfUtils.java:logGet(44)) - raft.server.log.write.buffer.size = 64KB (=65536) (default)
2021-02-08 13:07:03,897 [pool-176-thread-1] INFO  server.RaftServerConfigKeys (ConfUtils.java:logGet(44)) - raft.server.log.statemachine.data.caching.enabled = false (default)
2021-02-08 13:07:03,898 [pool-176-thread-1] INFO  segmented.SegmentedRaftLogWorker (SegmentedRaftLogWorker.java:lambda$new$0(132)) - om1@group-C5BA1605619E-SegmentedRaftLogWorker: flushIndex: setUnconditionally 0 -> -1
2021-02-08 13:07:03,898 [pool-176-thread-1] INFO  segmented.SegmentedRaftLogWorker (SegmentedRaftLogWorker.java:lambda$new$0(132)) - om1@group-C5BA1605619E-SegmentedRaftLogWorker: safeCacheEvictIndex: setUnconditionally 0 -> -1
2021-02-08 13:07:03,898 [pool-176-thread-1] INFO  server.RaftServerConfigKeys (ConfUtils.java:logGet(44)) - raft.server.snapshot.auto.trigger.enabled = true (custom)
2021-02-08 13:07:03,898 [pool-176-thread-1] INFO  server.RaftServerConfigKeys (ConfUtils.java:logGet(44)) - raft.server.snapshot.auto.trigger.threshold = 400000 (default)
2021-02-08 13:07:03,898 [pool-176-thread-1] INFO  server.RaftServerConfigKeys (ConfUtils.java:logGet(44)) - raft.server.snapshot.retention.file.num = -1 (default)
2021-02-08 13:07:03,898 [pool-176-thread-1] INFO  server.RaftServerConfigKeys (ConfUtils.java:logGet(44)) - raft.server.log.purge.upto.snapshot.index = true (custom)
2021-02-08 13:07:03,898 [pool-176-thread-1] INFO  server.RaftServerConfigKeys (ConfUtils.java:logGet(44)) - raft.server.retrycache.expirytime = 300s (custom)
2021-02-08 13:07:03,898 [pool-176-thread-1] INFO  server.RaftServerConfigKeys (ConfUtils.java:logGet(44)) - raft.server.retrycache.statistics.expirytime = 100?s (default)
2021-02-08 13:07:03,898 [pool-176-thread-1] INFO  metrics.RatisMetrics (RatisMetrics.java:lambda$create$0(36)) - Creating Metrics Registry : ratis.leader_election.om1@group-C5BA1605619E
2021-02-08 13:07:03,899 [pool-176-thread-1] INFO  metrics.RatisMetrics (RatisMetrics.java:lambda$create$0(36)) - Creating Metrics Registry : ratis.server.om1@group-C5BA1605619E
2021-02-08 13:07:03,910 [Listener at 127.0.0.1/38393] INFO  impl.MetricsSystemImpl (MetricsSystemImpl.java:init(158)) - OzoneManager metrics system started (again)
2021-02-08 13:07:03,911 [Listener at 127.0.0.1/38393] INFO  om.OzoneManager (OzoneManager.java:start(1153)) - OzoneManager RPC server is listening at localhost/127.0.0.1:38393
2021-02-08 13:07:03,911 [Listener at 127.0.0.1/38393] INFO  ratis.OzoneManagerRatisServer (OzoneManagerRatisServer.java:start(377)) - Starting OzoneManagerRatisServer om1 at port 9872
2021-02-08 13:07:03,911 [Listener at 127.0.0.1/38393] INFO  server.RaftServer$Division (RaftServerImpl.java:start(295)) - om1@group-C5BA1605619E: start as a follower, conf=-1: [om1|rpc:localhost:9872|priority:0], old=null
2021-02-08 13:07:03,911 [Listener at 127.0.0.1/38393] INFO  server.RaftServer$Division (RaftServerImpl.java:setRole(284)) - om1@group-C5BA1605619E: changes role from      null to FOLLOWER at term 0 for startAsFollower
2021-02-08 13:07:03,911 [Listener at 127.0.0.1/38393] INFO  impl.RoleInfo (RoleInfo.java:updateAndGet(130)) - om1: start om1@group-C5BA1605619E-FollowerState
2021-02-08 13:07:03,912 [Listener at 127.0.0.1/38393] INFO  util.JmxRegister (JmxRegister.java:tryRegister(44)) - Successfully registered JMX Bean with object name Ratis:service=RaftServer,group=group-C5BA1605619E,id=om1
2021-02-08 13:07:03,912 [Listener at 127.0.0.1/38393] INFO  metrics.RatisMetrics (RatisMetrics.java:lambda$create$0(36)) - Creating Metrics Registry : ratis.state_machine.om1@group-C5BA1605619E
2021-02-08 13:07:03,912 [Listener at 127.0.0.1/38393] INFO  server.RaftServer (RaftServerProxy.java:lambda$start$5(374)) - om1: start RPC server
2021-02-08 13:07:03,913 [Listener at 127.0.0.1/38393] INFO  server.GrpcService (GrpcService.java:startImpl(253)) - om1: GrpcService started, listening on 9872
2021-02-08 13:07:03,913 [org.apache.ratis.util.JvmPauseMonitor$$Lambda$504/1698180828@10539910] INFO  util.JvmPauseMonitor (JvmPauseMonitor.java:run(103)) - JvmPauseMonitor-om1: Started
2021-02-08 13:07:04,045 [Listener at 127.0.0.1/38393] INFO  http.BaseHttpServer (BaseHttpServer.java:newHttpServer2BuilderForOzone(207)) - Starting Web-server for ozoneManager at: http://0.0.0.0:0
2021-02-08 13:07:04,046 [Listener at 127.0.0.1/38393] INFO  http.BaseHttpServer (BaseHttpServer.java:<init>(106)) - Hadoop Security Enabled: false Ozone Security Enabled: false Ozone HTTP Security Enabled: false 
2021-02-08 13:07:04,047 [Listener at 127.0.0.1/38393] INFO  server.AuthenticationFilter (AuthenticationFilter.java:constructSecretProvider(240)) - Unable to initialize FileSignerSecretProvider, falling back to use random secrets.
2021-02-08 13:07:04,048 [Listener at 127.0.0.1/38393] WARN  http.HttpRequestLog (HttpRequestLog.java:getRequestLog(103)) - Jetty request log can only be enabled using Log4j
2021-02-08 13:07:04,049 [Listener at 127.0.0.1/38393] INFO  http.HttpServer2 (HttpServer2.java:addGlobalFilter(1020)) - Added global filter 'safety' (class=org.apache.hadoop.hdds.server.http.HttpServer2$QuotingInputFilter)
2021-02-08 13:07:04,050 [Listener at 127.0.0.1/38393] INFO  http.HttpServer2 (HttpServer2.java:addFilter(996)) - Added filter static_user_filter (class=org.apache.hadoop.http.lib.StaticUserWebFilter$StaticUserFilter) to context ozoneManager
2021-02-08 13:07:04,051 [Listener at 127.0.0.1/38393] INFO  http.HttpServer2 (HttpServer2.java:addFilter(1004)) - Added filter static_user_filter (class=org.apache.hadoop.http.lib.StaticUserWebFilter$StaticUserFilter) to context logs
2021-02-08 13:07:04,051 [Listener at 127.0.0.1/38393] INFO  http.HttpServer2 (HttpServer2.java:addFilter(1004)) - Added filter static_user_filter (class=org.apache.hadoop.http.lib.StaticUserWebFilter$StaticUserFilter) to context static
2021-02-08 13:07:04,052 [Listener at 127.0.0.1/38393] INFO  http.HttpServer2 (HttpServer2.java:bindListener(1238)) - Jetty bound to port 41781
2021-02-08 13:07:04,052 [Listener at 127.0.0.1/38393] INFO  server.Server (Server.java:doStart(375)) - jetty-9.4.34.v20201102; built: 2020-11-02T14:15:39.302Z; git: e46af88704a893fc12cb0e3bf46e2c7b48a009e7; jvm 1.8.0_232-b09
2021-02-08 13:07:04,053 [Listener at 127.0.0.1/38393] INFO  server.session (DefaultSessionIdManager.java:doStart(334)) - DefaultSessionIdManager workerName=node0
2021-02-08 13:07:04,053 [Listener at 127.0.0.1/38393] INFO  server.session (DefaultSessionIdManager.java:doStart(339)) - No SessionScavenger set, using defaults
2021-02-08 13:07:04,054 [Listener at 127.0.0.1/38393] INFO  server.session (HouseKeeper.java:startScavenging(132)) - node0 Scavenging every 600000ms
2021-02-08 13:07:04,054 [Listener at 127.0.0.1/38393] INFO  handler.ContextHandler (ContextHandler.java:doStart(916)) - Started o.e.j.s.ServletContextHandler@56442ee8{logs,/logs,file:///github/workspace/mnt/ozone/hadoop-ozone/integration-test/target/log,AVAILABLE}
2021-02-08 13:07:04,055 [Listener at 127.0.0.1/38393] INFO  handler.ContextHandler (ContextHandler.java:doStart(916)) - Started o.e.j.s.ServletContextHandler@66d403aa{static,/static,file:///github/workspace/mnt/ozone/hadoop-ozone/integration-test/target/test-classes/webapps/static,AVAILABLE}
2021-02-08 13:07:04,057 [Listener at 127.0.0.1/38393] INFO  handler.ContextHandler (ContextHandler.java:doStart(916)) - Started o.e.j.w.WebAppContext@128f1a96{ozoneManager,/,file:///github/workspace/mnt/ozone/hadoop-ozone/integration-test/target/test-classes/webapps/ozoneManager/,AVAILABLE}{file:/github/workspace/mnt/ozone/hadoop-ozone/integration-test/target/test-classes/webapps/ozoneManager}
2021-02-08 13:07:04,059 [Listener at 127.0.0.1/38393] INFO  server.AbstractConnector (AbstractConnector.java:doStart(331)) - Started ServerConnector@e0afcd4{HTTP/1.1, (http/1.1)}{0.0.0.0:41781}
2021-02-08 13:07:04,059 [Listener at 127.0.0.1/38393] INFO  server.Server (Server.java:doStart(415)) - Started @41623ms
2021-02-08 13:07:04,059 [Listener at 127.0.0.1/38393] WARN  impl.MetricsSystemImpl (MetricsSystemImpl.java:register(279)) - Sink prometheus already exists!
2021-02-08 13:07:04,064 [Listener at 127.0.0.1/38393] INFO  http.BaseHttpServer (BaseHttpServer.java:updateConnectorAddress(327)) - HTTP server of ozoneManager listening at http://0.0.0.0:41781
2021-02-08 13:07:04,065 [IPC Server Responder] INFO  ipc.Server (Server.java:run(1497)) - IPC Server Responder: starting
2021-02-08 13:07:04,070 [IPC Server listener on 0] INFO  ipc.Server (Server.java:run(1334)) - IPC Server listener on 0: starting
2021-02-08 13:07:04,075 [Listener at 127.0.0.1/38393] INFO  om.OzoneManager (OzoneManager.java:startTrashEmptier(1274)) - Trash Interval set to 0. Files deleted will not move to trash
2021-02-08 13:07:04,075 [org.apache.hadoop.util.JvmPauseMonitor$Monitor@23786891] INFO  util.JvmPauseMonitor (JvmPauseMonitor.java:run(188)) - Starting JVM pause monitor
2021-02-08 13:07:04,096 [Listener at 127.0.0.1/38393] INFO  impl.MetricsSystemImpl (MetricsSystemImpl.java:init(158)) - HddsDatanode metrics system started (again)
2021-02-08 13:07:04,097 [Listener at 127.0.0.1/38393] INFO  ozone.HddsDatanodeService (HddsDatanodeService.java:start(217)) - HddsDatanodeService host:c20f386514e7 ip:172.17.0.2
2021-02-08 13:07:04,099 [Listener at 127.0.0.1/38393] INFO  volume.HddsVolume (HddsVolume.java:<init>(176)) - Creating Volume: /github/workspace/mnt/ozone/hadoop-ozone/integration-test/target/test-dir/MiniOzoneClusterImpl-489e5869-bfe0-4080-b73d-d7b53c96c8d8/datanode-0/data-0/containers/hdds of storage type : DISK and capacity : 9223372036854775807
2021-02-08 13:07:04,099 [Listener at 127.0.0.1/38393] INFO  volume.MutableVolumeSet (MutableVolumeSet.java:initializeVolumeSet(179)) - Added Volume : /github/workspace/mnt/ozone/hadoop-ozone/integration-test/target/test-dir/MiniOzoneClusterImpl-489e5869-bfe0-4080-b73d-d7b53c96c8d8/datanode-0/data-0/containers/hdds to VolumeSet
2021-02-08 13:07:04,100 [Listener at 127.0.0.1/38393] INFO  volume.ThrottledAsyncChecker (ThrottledAsyncChecker.java:schedule(141)) - Scheduling a check for /github/workspace/mnt/ozone/hadoop-ozone/integration-test/target/test-dir/MiniOzoneClusterImpl-489e5869-bfe0-4080-b73d-d7b53c96c8d8/datanode-0/data-0/containers/hdds
2021-02-08 13:07:04,101 [Listener at 127.0.0.1/38393] INFO  volume.HddsVolumeChecker (HddsVolumeChecker.java:checkAllVolumes(200)) - Scheduled health check for volume /github/workspace/mnt/ozone/hadoop-ozone/integration-test/target/test-dir/MiniOzoneClusterImpl-489e5869-bfe0-4080-b73d-d7b53c96c8d8/datanode-0/data-0/containers/hdds
2021-02-08 13:07:04,114 [Thread-562] INFO  ozoneimpl.ContainerReader (ContainerReader.java:readVolume(123)) - Start to verify containers on volume /github/workspace/mnt/ozone/hadoop-ozone/integration-test/target/test-dir/MiniOzoneClusterImpl-489e5869-bfe0-4080-b73d-d7b53c96c8d8/datanode-0/data-0/containers/hdds
2021-02-08 13:07:04,114 [Thread-562] INFO  ozoneimpl.ContainerReader (ContainerReader.java:readVolume(148)) - Finish verifying containers on volume /github/workspace/mnt/ozone/hadoop-ozone/integration-test/target/test-dir/MiniOzoneClusterImpl-489e5869-bfe0-4080-b73d-d7b53c96c8d8/datanode-0/data-0/containers/hdds
2021-02-08 13:07:04,114 [Listener at 127.0.0.1/38393] INFO  ozoneimpl.OzoneContainer (OzoneContainer.java:buildContainerSet(206)) - Build ContainerSet costs 0s
2021-02-08 13:07:04,116 [Listener at 127.0.0.1/38393] INFO  server.RaftServer (ConfUtils.java:logGet(44)) - raft.rpc.type = GRPC (default)
2021-02-08 13:07:04,116 [Listener at 127.0.0.1/38393] INFO  grpc.GrpcFactory (GrpcFactory.java:checkPooledByteBufAllocatorUseCacheForAllThreads(48)) - PERFORMANCE WARNING: useCacheForAllThreads is true that may cause Netty to create a lot garbage objects and, as a result, trigger GC.
	It is recommended to disable useCacheForAllThreads by setting -Dorg.apache.ratis.thirdparty.io.netty.allocator.useCacheForAllThreads=false in command line.
2021-02-08 13:07:04,116 [Listener at 127.0.0.1/38393] INFO  grpc.GrpcConfigKeys (ConfUtils.java:logGet(44)) - raft.grpc.admin.port = 0 (custom)
2021-02-08 13:07:04,116 [Listener at 127.0.0.1/38393] INFO  grpc.GrpcConfigKeys (ConfUtils.java:logGet(44)) - raft.grpc.client.port = 0 (custom)
2021-02-08 13:07:04,116 [Listener at 127.0.0.1/38393] INFO  grpc.GrpcConfigKeys (ConfUtils.java:logGet(44)) - raft.grpc.server.port = 0 (default)
2021-02-08 13:07:04,116 [Listener at 127.0.0.1/38393] INFO  server.GrpcService (ConfUtils.java:logGet(44)) - raft.grpc.message.size.max = 32MB (=33554432) (custom)
2021-02-08 13:07:04,117 [Listener at 127.0.0.1/38393] INFO  server.RaftServerConfigKeys (ConfUtils.java:logGet(44)) - raft.server.log.appender.buffer.byte-limit = 33554432 (custom)
2021-02-08 13:07:04,117 [Listener at 127.0.0.1/38393] INFO  server.GrpcService (ConfUtils.java:logGet(44)) - raft.grpc.flow.control.window = 5MB (=5242880) (custom)
2021-02-08 13:07:04,117 [Listener at 127.0.0.1/38393] INFO  server.RaftServerConfigKeys (ConfUtils.java:logGet(44)) - raft.server.rpc.request.timeout = 3000ms (default)
2021-02-08 13:07:04,118 [Listener at 127.0.0.1/38393] INFO  impl.DataStreamServerImpl (ConfUtils.java:logGet(44)) - raft.datastream.type = DISABLED (default)
2021-02-08 13:07:04,118 [Listener at 127.0.0.1/38393] INFO  server.RaftServerConfigKeys (ConfUtils.java:logGet(44)) - raft.server.rpc.slowness.timeout = 300000ms (custom)
2021-02-08 13:07:04,118 [Listener at 127.0.0.1/38393] INFO  server.RaftServerConfigKeys (ConfUtils.java:logGet(44)) - raft.server.leaderelection.leader.step-down.wait-time = 10s (default)
2021-02-08 13:07:04,118 [Listener at 127.0.0.1/38393] INFO  server.RaftServerConfigKeys (ConfUtils.java:logGet(44)) - raft.server.storage.dir = [/github/workspace/mnt/ozone/hadoop-ozone/integration-test/target/test-dir/MiniOzoneClusterImpl-489e5869-bfe0-4080-b73d-d7b53c96c8d8/datanode-0/data/ratis] (custom)
2021-02-08 13:07:04,126 [Listener at 127.0.0.1/38393] INFO  http.BaseHttpServer (BaseHttpServer.java:newHttpServer2BuilderForOzone(207)) - Starting Web-server for hddsDatanode at: http://0.0.0.0:0
2021-02-08 13:07:04,126 [Listener at 127.0.0.1/38393] INFO  http.BaseHttpServer (BaseHttpServer.java:<init>(106)) - Hadoop Security Enabled: false Ozone Security Enabled: false Ozone HTTP Security Enabled: false 
2021-02-08 13:07:04,127 [Listener at 127.0.0.1/38393] INFO  server.AuthenticationFilter (AuthenticationFilter.java:constructSecretProvider(240)) - Unable to initialize FileSignerSecretProvider, falling back to use random secrets.
2021-02-08 13:07:04,127 [Listener at 127.0.0.1/38393] WARN  http.HttpRequestLog (HttpRequestLog.java:getRequestLog(103)) - Jetty request log can only be enabled using Log4j
2021-02-08 13:07:04,128 [Listener at 127.0.0.1/38393] INFO  http.HttpServer2 (HttpServer2.java:addGlobalFilter(1020)) - Added global filter 'safety' (class=org.apache.hadoop.hdds.server.http.HttpServer2$QuotingInputFilter)
2021-02-08 13:07:04,128 [Listener at 127.0.0.1/38393] INFO  http.HttpServer2 (HttpServer2.java:addFilter(996)) - Added filter static_user_filter (class=org.apache.hadoop.http.lib.StaticUserWebFilter$StaticUserFilter) to context hddsDatanode
2021-02-08 13:07:04,129 [Listener at 127.0.0.1/38393] INFO  http.HttpServer2 (HttpServer2.java:addFilter(1004)) - Added filter static_user_filter (class=org.apache.hadoop.http.lib.StaticUserWebFilter$StaticUserFilter) to context logs
2021-02-08 13:07:04,129 [Listener at 127.0.0.1/38393] INFO  http.HttpServer2 (HttpServer2.java:addFilter(1004)) - Added filter static_user_filter (class=org.apache.hadoop.http.lib.StaticUserWebFilter$StaticUserFilter) to context static
2021-02-08 13:07:04,129 [Listener at 127.0.0.1/38393] INFO  http.HttpServer2 (HttpServer2.java:bindListener(1238)) - Jetty bound to port 43493
2021-02-08 13:07:04,129 [Listener at 127.0.0.1/38393] INFO  server.Server (Server.java:doStart(375)) - jetty-9.4.34.v20201102; built: 2020-11-02T14:15:39.302Z; git: e46af88704a893fc12cb0e3bf46e2c7b48a009e7; jvm 1.8.0_232-b09
2021-02-08 13:07:04,130 [Listener at 127.0.0.1/38393] INFO  server.session (DefaultSessionIdManager.java:doStart(334)) - DefaultSessionIdManager workerName=node0
2021-02-08 13:07:04,130 [Listener at 127.0.0.1/38393] INFO  server.session (DefaultSessionIdManager.java:doStart(339)) - No SessionScavenger set, using defaults
2021-02-08 13:07:04,131 [Listener at 127.0.0.1/38393] INFO  server.session (HouseKeeper.java:startScavenging(132)) - node0 Scavenging every 600000ms
2021-02-08 13:07:04,131 [Listener at 127.0.0.1/38393] INFO  handler.ContextHandler (ContextHandler.java:doStart(916)) - Started o.e.j.s.ServletContextHandler@7413a3c6{logs,/logs,file:///github/workspace/mnt/ozone/hadoop-ozone/integration-test/target/log,AVAILABLE}
2021-02-08 13:07:04,131 [Listener at 127.0.0.1/38393] INFO  handler.ContextHandler (ContextHandler.java:doStart(916)) - Started o.e.j.s.ServletContextHandler@3a44995e{static,/static,jar:file:/home/user/.m2/repository/org/apache/hadoop/hadoop-hdds-container-service/1.1.0-SNAPSHOT/hadoop-hdds-container-service-1.1.0-SNAPSHOT.jar!/webapps/static,AVAILABLE}
2021-02-08 13:07:04,275 [Listener at 127.0.0.1/38393] INFO  handler.ContextHandler (ContextHandler.java:doStart(916)) - Started o.e.j.w.WebAppContext@55a3ed9c{hddsDatanode,/,file:///tmp/jetty-0_0_0_0-43493-hadoop-hdds-container-service-1_1_0-SNAPSHOT_jar-_-any-9133858013049645564/webapp/,AVAILABLE}{jar:file:/home/user/.m2/repository/org/apache/hadoop/hadoop-hdds-container-service/1.1.0-SNAPSHOT/hadoop-hdds-container-service-1.1.0-SNAPSHOT.jar!/webapps/hddsDatanode}
2021-02-08 13:07:04,276 [Listener at 127.0.0.1/38393] INFO  server.AbstractConnector (AbstractConnector.java:doStart(331)) - Started ServerConnector@ffe1b12{HTTP/1.1, (http/1.1)}{0.0.0.0:43493}
2021-02-08 13:07:04,276 [Listener at 127.0.0.1/38393] INFO  server.Server (Server.java:doStart(415)) - Started @41840ms
2021-02-08 13:07:04,276 [Listener at 127.0.0.1/38393] WARN  impl.MetricsSystemImpl (MetricsSystemImpl.java:register(279)) - Sink prometheus already exists!
2021-02-08 13:07:04,282 [Listener at 127.0.0.1/38393] INFO  http.BaseHttpServer (BaseHttpServer.java:updateConnectorAddress(327)) - HTTP server of hddsDatanode listening at http://0.0.0.0:43493
2021-02-08 13:07:04,284 [Listener at 127.0.0.1/38393] INFO  impl.MetricsSystemImpl (MetricsSystemImpl.java:init(158)) - HddsDatanode metrics system started (again)
2021-02-08 13:07:04,285 [Listener at 127.0.0.1/38393] INFO  ozone.HddsDatanodeService (HddsDatanodeService.java:start(217)) - HddsDatanodeService host:c20f386514e7 ip:172.17.0.2
2021-02-08 13:07:04,290 [Listener at 127.0.0.1/38393] INFO  volume.HddsVolume (HddsVolume.java:<init>(176)) - Creating Volume: /github/workspace/mnt/ozone/hadoop-ozone/integration-test/target/test-dir/MiniOzoneClusterImpl-489e5869-bfe0-4080-b73d-d7b53c96c8d8/datanode-1/data-0/containers/hdds of storage type : DISK and capacity : 9223372036854775807
2021-02-08 13:07:04,290 [Listener at 127.0.0.1/38393] INFO  volume.MutableVolumeSet (MutableVolumeSet.java:initializeVolumeSet(179)) - Added Volume : /github/workspace/mnt/ozone/hadoop-ozone/integration-test/target/test-dir/MiniOzoneClusterImpl-489e5869-bfe0-4080-b73d-d7b53c96c8d8/datanode-1/data-0/containers/hdds to VolumeSet
2021-02-08 13:07:04,290 [Listener at 127.0.0.1/38393] INFO  volume.ThrottledAsyncChecker (ThrottledAsyncChecker.java:schedule(141)) - Scheduling a check for /github/workspace/mnt/ozone/hadoop-ozone/integration-test/target/test-dir/MiniOzoneClusterImpl-489e5869-bfe0-4080-b73d-d7b53c96c8d8/datanode-1/data-0/containers/hdds
2021-02-08 13:07:04,290 [org.apache.hadoop.util.JvmPauseMonitor$Monitor@48f5d9d6] INFO  util.JvmPauseMonitor (JvmPauseMonitor.java:run(188)) - Starting JVM pause monitor
2021-02-08 13:07:04,291 [Listener at 127.0.0.1/38393] INFO  volume.HddsVolumeChecker (HddsVolumeChecker.java:checkAllVolumes(200)) - Scheduled health check for volume /github/workspace/mnt/ozone/hadoop-ozone/integration-test/target/test-dir/MiniOzoneClusterImpl-489e5869-bfe0-4080-b73d-d7b53c96c8d8/datanode-1/data-0/containers/hdds
2021-02-08 13:07:04,298 [Datanode State Machine Task Thread - 0] INFO  datanode.InitDatanodeState (InitDatanodeState.java:persistContainerDatanodeDetails(145)) - DatanodeDetails is persisted to /github/workspace/mnt/ozone/hadoop-ozone/integration-test/target/test-dir/MiniOzoneClusterImpl-489e5869-bfe0-4080-b73d-d7b53c96c8d8/datanode-0/meta/datanode.id
2021-02-08 13:07:04,303 [Thread-573] INFO  ozoneimpl.ContainerReader (ContainerReader.java:readVolume(123)) - Start to verify containers on volume /github/workspace/mnt/ozone/hadoop-ozone/integration-test/target/test-dir/MiniOzoneClusterImpl-489e5869-bfe0-4080-b73d-d7b53c96c8d8/datanode-1/data-0/containers/hdds
2021-02-08 13:07:04,303 [Thread-573] INFO  ozoneimpl.ContainerReader (ContainerReader.java:readVolume(148)) - Finish verifying containers on volume /github/workspace/mnt/ozone/hadoop-ozone/integration-test/target/test-dir/MiniOzoneClusterImpl-489e5869-bfe0-4080-b73d-d7b53c96c8d8/datanode-1/data-0/containers/hdds
2021-02-08 13:07:04,303 [Listener at 127.0.0.1/38393] INFO  ozoneimpl.OzoneContainer (OzoneContainer.java:buildContainerSet(206)) - Build ContainerSet costs 0s
2021-02-08 13:07:04,305 [Listener at 127.0.0.1/38393] INFO  server.RaftServer (ConfUtils.java:logGet(44)) - raft.rpc.type = GRPC (default)
2021-02-08 13:07:04,305 [Listener at 127.0.0.1/38393] INFO  grpc.GrpcFactory (GrpcFactory.java:checkPooledByteBufAllocatorUseCacheForAllThreads(48)) - PERFORMANCE WARNING: useCacheForAllThreads is true that may cause Netty to create a lot garbage objects and, as a result, trigger GC.
	It is recommended to disable useCacheForAllThreads by setting -Dorg.apache.ratis.thirdparty.io.netty.allocator.useCacheForAllThreads=false in command line.
2021-02-08 13:07:04,305 [Listener at 127.0.0.1/38393] INFO  grpc.GrpcConfigKeys (ConfUtils.java:logGet(44)) - raft.grpc.admin.port = 0 (custom)
2021-02-08 13:07:04,305 [Listener at 127.0.0.1/38393] INFO  grpc.GrpcConfigKeys (ConfUtils.java:logGet(44)) - raft.grpc.client.port = 0 (custom)
2021-02-08 13:07:04,305 [Listener at 127.0.0.1/38393] INFO  grpc.GrpcConfigKeys (ConfUtils.java:logGet(44)) - raft.grpc.server.port = 0 (default)
2021-02-08 13:07:04,305 [Listener at 127.0.0.1/38393] INFO  server.GrpcService (ConfUtils.java:logGet(44)) - raft.grpc.message.size.max = 32MB (=33554432) (custom)
2021-02-08 13:07:04,305 [Listener at 127.0.0.1/38393] INFO  server.RaftServerConfigKeys (ConfUtils.java:logGet(44)) - raft.server.log.appender.buffer.byte-limit = 33554432 (custom)
2021-02-08 13:07:04,306 [Listener at 127.0.0.1/38393] INFO  server.GrpcService (ConfUtils.java:logGet(44)) - raft.grpc.flow.control.window = 5MB (=5242880) (custom)
2021-02-08 13:07:04,306 [Listener at 127.0.0.1/38393] INFO  server.RaftServerConfigKeys (ConfUtils.java:logGet(44)) - raft.server.rpc.request.timeout = 3000ms (default)
2021-02-08 13:07:04,306 [Listener at 127.0.0.1/38393] INFO  impl.DataStreamServerImpl (ConfUtils.java:logGet(44)) - raft.datastream.type = DISABLED (default)
2021-02-08 13:07:04,307 [Listener at 127.0.0.1/38393] INFO  server.RaftServerConfigKeys (ConfUtils.java:logGet(44)) - raft.server.rpc.slowness.timeout = 300000ms (custom)
2021-02-08 13:07:04,307 [Listener at 127.0.0.1/38393] INFO  server.RaftServerConfigKeys (ConfUtils.java:logGet(44)) - raft.server.leaderelection.leader.step-down.wait-time = 10s (default)
2021-02-08 13:07:04,307 [Listener at 127.0.0.1/38393] INFO  server.RaftServerConfigKeys (ConfUtils.java:logGet(44)) - raft.server.storage.dir = [/github/workspace/mnt/ozone/hadoop-ozone/integration-test/target/test-dir/MiniOzoneClusterImpl-489e5869-bfe0-4080-b73d-d7b53c96c8d8/datanode-1/data/ratis] (custom)
2021-02-08 13:07:04,314 [Listener at 127.0.0.1/38393] INFO  http.BaseHttpServer (BaseHttpServer.java:newHttpServer2BuilderForOzone(207)) - Starting Web-server for hddsDatanode at: http://0.0.0.0:0
2021-02-08 13:07:04,314 [Listener at 127.0.0.1/38393] INFO  http.BaseHttpServer (BaseHttpServer.java:<init>(106)) - Hadoop Security Enabled: false Ozone Security Enabled: false Ozone HTTP Security Enabled: false 
2021-02-08 13:07:04,315 [Listener at 127.0.0.1/38393] INFO  server.AuthenticationFilter (AuthenticationFilter.java:constructSecretProvider(240)) - Unable to initialize FileSignerSecretProvider, falling back to use random secrets.
2021-02-08 13:07:04,315 [Listener at 127.0.0.1/38393] WARN  http.HttpRequestLog (HttpRequestLog.java:getRequestLog(103)) - Jetty request log can only be enabled using Log4j
2021-02-08 13:07:04,316 [Listener at 127.0.0.1/38393] INFO  http.HttpServer2 (HttpServer2.java:addGlobalFilter(1020)) - Added global filter 'safety' (class=org.apache.hadoop.hdds.server.http.HttpServer2$QuotingInputFilter)
2021-02-08 13:07:04,317 [Listener at 127.0.0.1/38393] INFO  http.HttpServer2 (HttpServer2.java:addFilter(996)) - Added filter static_user_filter (class=org.apache.hadoop.http.lib.StaticUserWebFilter$StaticUserFilter) to context hddsDatanode
2021-02-08 13:07:04,317 [Listener at 127.0.0.1/38393] INFO  http.HttpServer2 (HttpServer2.java:addFilter(1004)) - Added filter static_user_filter (class=org.apache.hadoop.http.lib.StaticUserWebFilter$StaticUserFilter) to context static
2021-02-08 13:07:04,317 [Listener at 127.0.0.1/38393] INFO  http.HttpServer2 (HttpServer2.java:addFilter(1004)) - Added filter static_user_filter (class=org.apache.hadoop.http.lib.StaticUserWebFilter$StaticUserFilter) to context logs
2021-02-08 13:07:04,317 [Listener at 127.0.0.1/38393] INFO  http.HttpServer2 (HttpServer2.java:bindListener(1238)) - Jetty bound to port 46489
2021-02-08 13:07:04,317 [Listener at 127.0.0.1/38393] INFO  server.Server (Server.java:doStart(375)) - jetty-9.4.34.v20201102; built: 2020-11-02T14:15:39.302Z; git: e46af88704a893fc12cb0e3bf46e2c7b48a009e7; jvm 1.8.0_232-b09
2021-02-08 13:07:04,322 [Listener at 127.0.0.1/38393] INFO  server.session (DefaultSessionIdManager.java:doStart(334)) - DefaultSessionIdManager workerName=node0
2021-02-08 13:07:04,322 [Listener at 127.0.0.1/38393] INFO  server.session (DefaultSessionIdManager.java:doStart(339)) - No SessionScavenger set, using defaults
2021-02-08 13:07:04,322 [Listener at 127.0.0.1/38393] INFO  server.session (HouseKeeper.java:startScavenging(132)) - node0 Scavenging every 660000ms
2021-02-08 13:07:04,323 [Listener at 127.0.0.1/38393] INFO  handler.ContextHandler (ContextHandler.java:doStart(916)) - Started o.e.j.s.ServletContextHandler@1a696ede{logs,/logs,file:///github/workspace/mnt/ozone/hadoop-ozone/integration-test/target/log,AVAILABLE}
2021-02-08 13:07:04,323 [Listener at 127.0.0.1/38393] INFO  handler.ContextHandler (ContextHandler.java:doStart(916)) - Started o.e.j.s.ServletContextHandler@155b190a{static,/static,jar:file:/home/user/.m2/repository/org/apache/hadoop/hadoop-hdds-container-service/1.1.0-SNAPSHOT/hadoop-hdds-container-service-1.1.0-SNAPSHOT.jar!/webapps/static,AVAILABLE}
2021-02-08 13:07:04,477 [Listener at 127.0.0.1/38393] INFO  handler.ContextHandler (ContextHandler.java:doStart(916)) - Started o.e.j.w.WebAppContext@4d4dc292{hddsDatanode,/,file:///tmp/jetty-0_0_0_0-46489-hadoop-hdds-container-service-1_1_0-SNAPSHOT_jar-_-any-7416887924373239020/webapp/,AVAILABLE}{jar:file:/home/user/.m2/repository/org/apache/hadoop/hadoop-hdds-container-service/1.1.0-SNAPSHOT/hadoop-hdds-container-service-1.1.0-SNAPSHOT.jar!/webapps/hddsDatanode}
2021-02-08 13:07:04,479 [Listener at 127.0.0.1/38393] INFO  server.AbstractConnector (AbstractConnector.java:doStart(331)) - Started ServerConnector@6d96b90a{HTTP/1.1, (http/1.1)}{0.0.0.0:46489}
2021-02-08 13:07:04,479 [Listener at 127.0.0.1/38393] INFO  server.Server (Server.java:doStart(415)) - Started @42043ms
2021-02-08 13:07:04,479 [Listener at 127.0.0.1/38393] WARN  impl.MetricsSystemImpl (MetricsSystemImpl.java:register(279)) - Sink prometheus already exists!
2021-02-08 13:07:04,485 [Listener at 127.0.0.1/38393] INFO  http.BaseHttpServer (BaseHttpServer.java:updateConnectorAddress(327)) - HTTP server of hddsDatanode listening at http://0.0.0.0:46489
2021-02-08 13:07:04,486 [Listener at 127.0.0.1/38393] INFO  impl.MetricsSystemImpl (MetricsSystemImpl.java:init(158)) - HddsDatanode metrics system started (again)
2021-02-08 13:07:04,487 [Listener at 127.0.0.1/38393] INFO  ozone.HddsDatanodeService (HddsDatanodeService.java:start(217)) - HddsDatanodeService host:c20f386514e7 ip:172.17.0.2
2021-02-08 13:07:04,488 [Listener at 127.0.0.1/38393] INFO  volume.HddsVolume (HddsVolume.java:<init>(176)) - Creating Volume: /github/workspace/mnt/ozone/hadoop-ozone/integration-test/target/test-dir/MiniOzoneClusterImpl-489e5869-bfe0-4080-b73d-d7b53c96c8d8/datanode-2/data-0/containers/hdds of storage type : DISK and capacity : 9223372036854775807
2021-02-08 13:07:04,488 [Listener at 127.0.0.1/38393] INFO  volume.MutableVolumeSet (MutableVolumeSet.java:initializeVolumeSet(179)) - Added Volume : /github/workspace/mnt/ozone/hadoop-ozone/integration-test/target/test-dir/MiniOzoneClusterImpl-489e5869-bfe0-4080-b73d-d7b53c96c8d8/datanode-2/data-0/containers/hdds to VolumeSet
2021-02-08 13:07:04,488 [Listener at 127.0.0.1/38393] INFO  volume.ThrottledAsyncChecker (ThrottledAsyncChecker.java:schedule(141)) - Scheduling a check for /github/workspace/mnt/ozone/hadoop-ozone/integration-test/target/test-dir/MiniOzoneClusterImpl-489e5869-bfe0-4080-b73d-d7b53c96c8d8/datanode-2/data-0/containers/hdds
2021-02-08 13:07:04,489 [Listener at 127.0.0.1/38393] INFO  volume.HddsVolumeChecker (HddsVolumeChecker.java:checkAllVolumes(200)) - Scheduled health check for volume /github/workspace/mnt/ozone/hadoop-ozone/integration-test/target/test-dir/MiniOzoneClusterImpl-489e5869-bfe0-4080-b73d-d7b53c96c8d8/datanode-2/data-0/containers/hdds
2021-02-08 13:07:04,502 [org.apache.hadoop.util.JvmPauseMonitor$Monitor@7a39461d] INFO  util.JvmPauseMonitor (JvmPauseMonitor.java:run(188)) - Starting JVM pause monitor
2021-02-08 13:07:04,514 [Thread-584] INFO  ozoneimpl.ContainerReader (ContainerReader.java:readVolume(123)) - Start to verify containers on volume /github/workspace/mnt/ozone/hadoop-ozone/integration-test/target/test-dir/MiniOzoneClusterImpl-489e5869-bfe0-4080-b73d-d7b53c96c8d8/datanode-2/data-0/containers/hdds
2021-02-08 13:07:04,516 [Thread-584] INFO  ozoneimpl.ContainerReader (ContainerReader.java:readVolume(148)) - Finish verifying containers on volume /github/workspace/mnt/ozone/hadoop-ozone/integration-test/target/test-dir/MiniOzoneClusterImpl-489e5869-bfe0-4080-b73d-d7b53c96c8d8/datanode-2/data-0/containers/hdds
2021-02-08 13:07:04,516 [Datanode State Machine Task Thread - 0] INFO  datanode.InitDatanodeState (InitDatanodeState.java:persistContainerDatanodeDetails(145)) - DatanodeDetails is persisted to /github/workspace/mnt/ozone/hadoop-ozone/integration-test/target/test-dir/MiniOzoneClusterImpl-489e5869-bfe0-4080-b73d-d7b53c96c8d8/datanode-1/meta/datanode.id
2021-02-08 13:07:04,517 [Listener at 127.0.0.1/38393] INFO  ozoneimpl.OzoneContainer (OzoneContainer.java:buildContainerSet(206)) - Build ContainerSet costs 0s
2021-02-08 13:07:04,521 [Listener at 127.0.0.1/38393] INFO  server.RaftServer (ConfUtils.java:logGet(44)) - raft.rpc.type = GRPC (default)
2021-02-08 13:07:04,521 [Listener at 127.0.0.1/38393] INFO  grpc.GrpcFactory (GrpcFactory.java:checkPooledByteBufAllocatorUseCacheForAllThreads(48)) - PERFORMANCE WARNING: useCacheForAllThreads is true that may cause Netty to create a lot garbage objects and, as a result, trigger GC.
	It is recommended to disable useCacheForAllThreads by setting -Dorg.apache.ratis.thirdparty.io.netty.allocator.useCacheForAllThreads=false in command line.
2021-02-08 13:07:04,522 [Listener at 127.0.0.1/38393] INFO  grpc.GrpcConfigKeys (ConfUtils.java:logGet(44)) - raft.grpc.admin.port = 0 (custom)
2021-02-08 13:07:04,522 [Listener at 127.0.0.1/38393] INFO  grpc.GrpcConfigKeys (ConfUtils.java:logGet(44)) - raft.grpc.client.port = 0 (custom)
2021-02-08 13:07:04,522 [Listener at 127.0.0.1/38393] INFO  grpc.GrpcConfigKeys (ConfUtils.java:logGet(44)) - raft.grpc.server.port = 0 (default)
2021-02-08 13:07:04,522 [Listener at 127.0.0.1/38393] INFO  server.GrpcService (ConfUtils.java:logGet(44)) - raft.grpc.message.size.max = 32MB (=33554432) (custom)
2021-02-08 13:07:04,522 [Listener at 127.0.0.1/38393] INFO  server.RaftServerConfigKeys (ConfUtils.java:logGet(44)) - raft.server.log.appender.buffer.byte-limit = 33554432 (custom)
2021-02-08 13:07:04,522 [Listener at 127.0.0.1/38393] INFO  server.GrpcService (ConfUtils.java:logGet(44)) - raft.grpc.flow.control.window = 5MB (=5242880) (custom)
2021-02-08 13:07:04,522 [Listener at 127.0.0.1/38393] INFO  server.RaftServerConfigKeys (ConfUtils.java:logGet(44)) - raft.server.rpc.request.timeout = 3000ms (default)
2021-02-08 13:07:04,523 [Listener at 127.0.0.1/38393] INFO  impl.DataStreamServerImpl (ConfUtils.java:logGet(44)) - raft.datastream.type = DISABLED (default)
2021-02-08 13:07:04,523 [Listener at 127.0.0.1/38393] INFO  server.RaftServerConfigKeys (ConfUtils.java:logGet(44)) - raft.server.rpc.slowness.timeout = 300000ms (custom)
2021-02-08 13:07:04,524 [Listener at 127.0.0.1/38393] INFO  server.RaftServerConfigKeys (ConfUtils.java:logGet(44)) - raft.server.leaderelection.leader.step-down.wait-time = 10s (default)
2021-02-08 13:07:04,524 [Listener at 127.0.0.1/38393] INFO  server.RaftServerConfigKeys (ConfUtils.java:logGet(44)) - raft.server.storage.dir = [/github/workspace/mnt/ozone/hadoop-ozone/integration-test/target/test-dir/MiniOzoneClusterImpl-489e5869-bfe0-4080-b73d-d7b53c96c8d8/datanode-2/data/ratis] (custom)
2021-02-08 13:07:04,531 [Listener at 127.0.0.1/38393] INFO  http.BaseHttpServer (BaseHttpServer.java:newHttpServer2BuilderForOzone(207)) - Starting Web-server for hddsDatanode at: http://0.0.0.0:0
2021-02-08 13:07:04,531 [Listener at 127.0.0.1/38393] INFO  http.BaseHttpServer (BaseHttpServer.java:<init>(106)) - Hadoop Security Enabled: false Ozone Security Enabled: false Ozone HTTP Security Enabled: false 
2021-02-08 13:07:04,532 [Listener at 127.0.0.1/38393] INFO  server.AuthenticationFilter (AuthenticationFilter.java:constructSecretProvider(240)) - Unable to initialize FileSignerSecretProvider, falling back to use random secrets.
2021-02-08 13:07:04,532 [Listener at 127.0.0.1/38393] WARN  http.HttpRequestLog (HttpRequestLog.java:getRequestLog(103)) - Jetty request log can only be enabled using Log4j
2021-02-08 13:07:04,533 [Listener at 127.0.0.1/38393] INFO  http.HttpServer2 (HttpServer2.java:addGlobalFilter(1020)) - Added global filter 'safety' (class=org.apache.hadoop.hdds.server.http.HttpServer2$QuotingInputFilter)
2021-02-08 13:07:04,534 [Listener at 127.0.0.1/38393] INFO  http.HttpServer2 (HttpServer2.java:addFilter(996)) - Added filter static_user_filter (class=org.apache.hadoop.http.lib.StaticUserWebFilter$StaticUserFilter) to context hddsDatanode
2021-02-08 13:07:04,534 [Listener at 127.0.0.1/38393] INFO  http.HttpServer2 (HttpServer2.java:addFilter(1004)) - Added filter static_user_filter (class=org.apache.hadoop.http.lib.StaticUserWebFilter$StaticUserFilter) to context logs
2021-02-08 13:07:04,534 [Listener at 127.0.0.1/38393] INFO  http.HttpServer2 (HttpServer2.java:addFilter(1004)) - Added filter static_user_filter (class=org.apache.hadoop.http.lib.StaticUserWebFilter$StaticUserFilter) to context static
2021-02-08 13:07:04,534 [Listener at 127.0.0.1/38393] INFO  http.HttpServer2 (HttpServer2.java:bindListener(1238)) - Jetty bound to port 45101
2021-02-08 13:07:04,534 [Listener at 127.0.0.1/38393] INFO  server.Server (Server.java:doStart(375)) - jetty-9.4.34.v20201102; built: 2020-11-02T14:15:39.302Z; git: e46af88704a893fc12cb0e3bf46e2c7b48a009e7; jvm 1.8.0_232-b09
2021-02-08 13:07:04,537 [Listener at 127.0.0.1/38393] INFO  server.session (DefaultSessionIdManager.java:doStart(334)) - DefaultSessionIdManager workerName=node0
2021-02-08 13:07:04,537 [Listener at 127.0.0.1/38393] INFO  server.session (DefaultSessionIdManager.java:doStart(339)) - No SessionScavenger set, using defaults
2021-02-08 13:07:04,537 [Listener at 127.0.0.1/38393] INFO  server.session (HouseKeeper.java:startScavenging(132)) - node0 Scavenging every 600000ms
2021-02-08 13:07:04,538 [Listener at 127.0.0.1/38393] INFO  handler.ContextHandler (ContextHandler.java:doStart(916)) - Started o.e.j.s.ServletContextHandler@62a7c847{logs,/logs,file:///github/workspace/mnt/ozone/hadoop-ozone/integration-test/target/log,AVAILABLE}
2021-02-08 13:07:04,538 [Listener at 127.0.0.1/38393] INFO  handler.ContextHandler (ContextHandler.java:doStart(916)) - Started o.e.j.s.ServletContextHandler@7fbf8c5b{static,/static,jar:file:/home/user/.m2/repository/org/apache/hadoop/hadoop-hdds-container-service/1.1.0-SNAPSHOT/hadoop-hdds-container-service-1.1.0-SNAPSHOT.jar!/webapps/static,AVAILABLE}
2021-02-08 13:07:04,687 [Listener at 127.0.0.1/38393] INFO  handler.ContextHandler (ContextHandler.java:doStart(916)) - Started o.e.j.w.WebAppContext@562a8b19{hddsDatanode,/,file:///tmp/jetty-0_0_0_0-45101-hadoop-hdds-container-service-1_1_0-SNAPSHOT_jar-_-any-7874645505763781364/webapp/,AVAILABLE}{jar:file:/home/user/.m2/repository/org/apache/hadoop/hadoop-hdds-container-service/1.1.0-SNAPSHOT/hadoop-hdds-container-service-1.1.0-SNAPSHOT.jar!/webapps/hddsDatanode}
2021-02-08 13:07:04,688 [Listener at 127.0.0.1/38393] INFO  server.AbstractConnector (AbstractConnector.java:doStart(331)) - Started ServerConnector@66064559{HTTP/1.1, (http/1.1)}{0.0.0.0:45101}
2021-02-08 13:07:04,688 [Listener at 127.0.0.1/38393] INFO  server.Server (Server.java:doStart(415)) - Started @42253ms
2021-02-08 13:07:04,688 [Listener at 127.0.0.1/38393] WARN  impl.MetricsSystemImpl (MetricsSystemImpl.java:register(279)) - Sink prometheus already exists!
2021-02-08 13:07:04,694 [Listener at 127.0.0.1/38393] INFO  http.BaseHttpServer (BaseHttpServer.java:updateConnectorAddress(327)) - HTTP server of hddsDatanode listening at http://0.0.0.0:45101
2021-02-08 13:07:04,695 [Listener at 127.0.0.1/38393] INFO  impl.MetricsSystemImpl (MetricsSystemImpl.java:init(158)) - HddsDatanode metrics system started (again)
2021-02-08 13:07:04,697 [Listener at 127.0.0.1/38393] INFO  ozone.HddsDatanodeService (HddsDatanodeService.java:start(217)) - HddsDatanodeService host:c20f386514e7 ip:172.17.0.2
2021-02-08 13:07:04,701 [org.apache.hadoop.util.JvmPauseMonitor$Monitor@1cdc96e8] INFO  util.JvmPauseMonitor (JvmPauseMonitor.java:run(188)) - Starting JVM pause monitor
2021-02-08 13:07:04,706 [Datanode State Machine Task Thread - 0] INFO  datanode.InitDatanodeState (InitDatanodeState.java:persistContainerDatanodeDetails(145)) - DatanodeDetails is persisted to /github/workspace/mnt/ozone/hadoop-ozone/integration-test/target/test-dir/MiniOzoneClusterImpl-489e5869-bfe0-4080-b73d-d7b53c96c8d8/datanode-2/meta/datanode.id
2021-02-08 13:07:04,706 [Listener at 127.0.0.1/38393] INFO  volume.HddsVolume (HddsVolume.java:<init>(176)) - Creating Volume: /github/workspace/mnt/ozone/hadoop-ozone/integration-test/target/test-dir/MiniOzoneClusterImpl-489e5869-bfe0-4080-b73d-d7b53c96c8d8/datanode-3/data-0/containers/hdds of storage type : DISK and capacity : 9223372036854775807
2021-02-08 13:07:04,708 [Listener at 127.0.0.1/38393] INFO  volume.MutableVolumeSet (MutableVolumeSet.java:initializeVolumeSet(179)) - Added Volume : /github/workspace/mnt/ozone/hadoop-ozone/integration-test/target/test-dir/MiniOzoneClusterImpl-489e5869-bfe0-4080-b73d-d7b53c96c8d8/datanode-3/data-0/containers/hdds to VolumeSet
2021-02-08 13:07:04,708 [Listener at 127.0.0.1/38393] INFO  volume.ThrottledAsyncChecker (ThrottledAsyncChecker.java:schedule(141)) - Scheduling a check for /github/workspace/mnt/ozone/hadoop-ozone/integration-test/target/test-dir/MiniOzoneClusterImpl-489e5869-bfe0-4080-b73d-d7b53c96c8d8/datanode-3/data-0/containers/hdds
2021-02-08 13:07:04,708 [Listener at 127.0.0.1/38393] INFO  volume.HddsVolumeChecker (HddsVolumeChecker.java:checkAllVolumes(200)) - Scheduled health check for volume /github/workspace/mnt/ozone/hadoop-ozone/integration-test/target/test-dir/MiniOzoneClusterImpl-489e5869-bfe0-4080-b73d-d7b53c96c8d8/datanode-3/data-0/containers/hdds
2021-02-08 13:07:04,723 [Thread-595] INFO  ozoneimpl.ContainerReader (ContainerReader.java:readVolume(123)) - Start to verify containers on volume /github/workspace/mnt/ozone/hadoop-ozone/integration-test/target/test-dir/MiniOzoneClusterImpl-489e5869-bfe0-4080-b73d-d7b53c96c8d8/datanode-3/data-0/containers/hdds
2021-02-08 13:07:04,723 [Thread-595] INFO  ozoneimpl.ContainerReader (ContainerReader.java:readVolume(148)) - Finish verifying containers on volume /github/workspace/mnt/ozone/hadoop-ozone/integration-test/target/test-dir/MiniOzoneClusterImpl-489e5869-bfe0-4080-b73d-d7b53c96c8d8/datanode-3/data-0/containers/hdds
2021-02-08 13:07:04,724 [Listener at 127.0.0.1/38393] INFO  ozoneimpl.OzoneContainer (OzoneContainer.java:buildContainerSet(206)) - Build ContainerSet costs 0s
2021-02-08 13:07:04,725 [Listener at 127.0.0.1/38393] INFO  server.RaftServer (ConfUtils.java:logGet(44)) - raft.rpc.type = GRPC (default)
2021-02-08 13:07:04,726 [Listener at 127.0.0.1/38393] INFO  grpc.GrpcFactory (GrpcFactory.java:checkPooledByteBufAllocatorUseCacheForAllThreads(48)) - PERFORMANCE WARNING: useCacheForAllThreads is true that may cause Netty to create a lot garbage objects and, as a result, trigger GC.
	It is recommended to disable useCacheForAllThreads by setting -Dorg.apache.ratis.thirdparty.io.netty.allocator.useCacheForAllThreads=false in command line.
2021-02-08 13:07:04,726 [Listener at 127.0.0.1/38393] INFO  grpc.GrpcConfigKeys (ConfUtils.java:logGet(44)) - raft.grpc.admin.port = 0 (custom)
2021-02-08 13:07:04,726 [Listener at 127.0.0.1/38393] INFO  grpc.GrpcConfigKeys (ConfUtils.java:logGet(44)) - raft.grpc.client.port = 0 (custom)
2021-02-08 13:07:04,726 [Listener at 127.0.0.1/38393] INFO  grpc.GrpcConfigKeys (ConfUtils.java:logGet(44)) - raft.grpc.server.port = 0 (default)
2021-02-08 13:07:04,726 [Listener at 127.0.0.1/38393] INFO  server.GrpcService (ConfUtils.java:logGet(44)) - raft.grpc.message.size.max = 32MB (=33554432) (custom)
2021-02-08 13:07:04,726 [Listener at 127.0.0.1/38393] INFO  server.RaftServerConfigKeys (ConfUtils.java:logGet(44)) - raft.server.log.appender.buffer.byte-limit = 33554432 (custom)
2021-02-08 13:07:04,726 [Listener at 127.0.0.1/38393] INFO  server.GrpcService (ConfUtils.java:logGet(44)) - raft.grpc.flow.control.window = 5MB (=5242880) (custom)
2021-02-08 13:07:04,726 [Listener at 127.0.0.1/38393] INFO  server.RaftServerConfigKeys (ConfUtils.java:logGet(44)) - raft.server.rpc.request.timeout = 3000ms (default)
2021-02-08 13:07:04,727 [Listener at 127.0.0.1/38393] INFO  impl.DataStreamServerImpl (ConfUtils.java:logGet(44)) - raft.datastream.type = DISABLED (default)
2021-02-08 13:07:04,728 [Listener at 127.0.0.1/38393] INFO  server.RaftServerConfigKeys (ConfUtils.java:logGet(44)) - raft.server.rpc.slowness.timeout = 300000ms (custom)
2021-02-08 13:07:04,728 [Listener at 127.0.0.1/38393] INFO  server.RaftServerConfigKeys (ConfUtils.java:logGet(44)) - raft.server.leaderelection.leader.step-down.wait-time = 10s (default)
2021-02-08 13:07:04,728 [Listener at 127.0.0.1/38393] INFO  server.RaftServerConfigKeys (ConfUtils.java:logGet(44)) - raft.server.storage.dir = [/github/workspace/mnt/ozone/hadoop-ozone/integration-test/target/test-dir/MiniOzoneClusterImpl-489e5869-bfe0-4080-b73d-d7b53c96c8d8/datanode-3/data/ratis] (custom)
2021-02-08 13:07:04,736 [Listener at 127.0.0.1/38393] INFO  http.BaseHttpServer (BaseHttpServer.java:newHttpServer2BuilderForOzone(207)) - Starting Web-server for hddsDatanode at: http://0.0.0.0:0
2021-02-08 13:07:04,736 [Listener at 127.0.0.1/38393] INFO  http.BaseHttpServer (BaseHttpServer.java:<init>(106)) - Hadoop Security Enabled: false Ozone Security Enabled: false Ozone HTTP Security Enabled: false 
2021-02-08 13:07:04,737 [Listener at 127.0.0.1/38393] INFO  server.AuthenticationFilter (AuthenticationFilter.java:constructSecretProvider(240)) - Unable to initialize FileSignerSecretProvider, falling back to use random secrets.
2021-02-08 13:07:04,737 [Listener at 127.0.0.1/38393] WARN  http.HttpRequestLog (HttpRequestLog.java:getRequestLog(103)) - Jetty request log can only be enabled using Log4j
2021-02-08 13:07:04,738 [Listener at 127.0.0.1/38393] INFO  http.HttpServer2 (HttpServer2.java:addGlobalFilter(1020)) - Added global filter 'safety' (class=org.apache.hadoop.hdds.server.http.HttpServer2$QuotingInputFilter)
2021-02-08 13:07:04,738 [Listener at 127.0.0.1/38393] INFO  http.HttpServer2 (HttpServer2.java:addFilter(996)) - Added filter static_user_filter (class=org.apache.hadoop.http.lib.StaticUserWebFilter$StaticUserFilter) to context hddsDatanode
2021-02-08 13:07:04,739 [Listener at 127.0.0.1/38393] INFO  http.HttpServer2 (HttpServer2.java:addFilter(1004)) - Added filter static_user_filter (class=org.apache.hadoop.http.lib.StaticUserWebFilter$StaticUserFilter) to context static
2021-02-08 13:07:04,739 [Listener at 127.0.0.1/38393] INFO  http.HttpServer2 (HttpServer2.java:addFilter(1004)) - Added filter static_user_filter (class=org.apache.hadoop.http.lib.StaticUserWebFilter$StaticUserFilter) to context logs
2021-02-08 13:07:04,739 [Listener at 127.0.0.1/38393] INFO  http.HttpServer2 (HttpServer2.java:bindListener(1238)) - Jetty bound to port 46649
2021-02-08 13:07:04,739 [Listener at 127.0.0.1/38393] INFO  server.Server (Server.java:doStart(375)) - jetty-9.4.34.v20201102; built: 2020-11-02T14:15:39.302Z; git: e46af88704a893fc12cb0e3bf46e2c7b48a009e7; jvm 1.8.0_232-b09
2021-02-08 13:07:04,740 [Listener at 127.0.0.1/38393] INFO  server.session (DefaultSessionIdManager.java:doStart(334)) - DefaultSessionIdManager workerName=node0
2021-02-08 13:07:04,740 [Listener at 127.0.0.1/38393] INFO  server.session (DefaultSessionIdManager.java:doStart(339)) - No SessionScavenger set, using defaults
2021-02-08 13:07:04,741 [Listener at 127.0.0.1/38393] INFO  server.session (HouseKeeper.java:startScavenging(132)) - node0 Scavenging every 660000ms
2021-02-08 13:07:04,741 [Listener at 127.0.0.1/38393] INFO  handler.ContextHandler (ContextHandler.java:doStart(916)) - Started o.e.j.s.ServletContextHandler@4f174dbe{logs,/logs,file:///github/workspace/mnt/ozone/hadoop-ozone/integration-test/target/log,AVAILABLE}
2021-02-08 13:07:04,741 [Listener at 127.0.0.1/38393] INFO  handler.ContextHandler (ContextHandler.java:doStart(916)) - Started o.e.j.s.ServletContextHandler@53e8acee{static,/static,jar:file:/home/user/.m2/repository/org/apache/hadoop/hadoop-hdds-container-service/1.1.0-SNAPSHOT/hadoop-hdds-container-service-1.1.0-SNAPSHOT.jar!/webapps/static,AVAILABLE}
2021-02-08 13:07:04,887 [Listener at 127.0.0.1/38393] INFO  handler.ContextHandler (ContextHandler.java:doStart(916)) - Started o.e.j.w.WebAppContext@59ee81d7{hddsDatanode,/,file:///tmp/jetty-0_0_0_0-46649-hadoop-hdds-container-service-1_1_0-SNAPSHOT_jar-_-any-3802642679531186439/webapp/,AVAILABLE}{jar:file:/home/user/.m2/repository/org/apache/hadoop/hadoop-hdds-container-service/1.1.0-SNAPSHOT/hadoop-hdds-container-service-1.1.0-SNAPSHOT.jar!/webapps/hddsDatanode}
2021-02-08 13:07:04,888 [Listener at 127.0.0.1/38393] INFO  server.AbstractConnector (AbstractConnector.java:doStart(331)) - Started ServerConnector@17194540{HTTP/1.1, (http/1.1)}{0.0.0.0:46649}
2021-02-08 13:07:04,889 [Listener at 127.0.0.1/38393] INFO  server.Server (Server.java:doStart(415)) - Started @42453ms
2021-02-08 13:07:04,889 [Listener at 127.0.0.1/38393] WARN  impl.MetricsSystemImpl (MetricsSystemImpl.java:register(279)) - Sink prometheus already exists!
2021-02-08 13:07:04,986 [Thread-529] INFO  impl.FollowerState (FollowerState.java:run(133)) - om1@group-C5BA1605619E-FollowerState: change to CANDIDATE, lastRpcElapsedTime:1075109987ns, electionTimeout:1074ms
2021-02-08 13:07:04,987 [Thread-529] INFO  impl.RoleInfo (RoleInfo.java:shutdownFollowerState(108)) - om1: shutdown om1@group-C5BA1605619E-FollowerState
2021-02-08 13:07:04,987 [Thread-529] INFO  server.RaftServer$Division (RaftServerImpl.java:setRole(284)) - om1@group-C5BA1605619E: changes role from  FOLLOWER to CANDIDATE at term 0 for changeToCandidate
2021-02-08 13:07:04,987 [Thread-529] INFO  server.RaftServerConfigKeys (ConfUtils.java:logGet(44)) - raft.server.leaderelection.pre-vote = false (custom)
2021-02-08 13:07:04,987 [Thread-529] INFO  impl.RoleInfo (RoleInfo.java:updateAndGet(130)) - om1: start om1@group-C5BA1605619E-LeaderElection22
2021-02-08 13:07:04,991 [om1@group-C5BA1605619E-LeaderElection22] INFO  impl.LeaderElection (LeaderElection.java:askForVotes(307)) - om1@group-C5BA1605619E-LeaderElection22 ELECTION round 0: submit vote requests at term 1 for -1: [om1|rpc:localhost:9872|priority:0], old=null
2021-02-08 13:07:04,991 [om1@group-C5BA1605619E-LeaderElection22] INFO  impl.LeaderElection (LeaderElection.java:askForVotes(309)) - om1@group-C5BA1605619E-LeaderElection22 ELECTION round 0: result PASSED (term=1)
2021-02-08 13:07:04,991 [om1@group-C5BA1605619E-LeaderElection22] INFO  impl.RoleInfo (RoleInfo.java:shutdownLeaderElection(121)) - om1: shutdown om1@group-C5BA1605619E-LeaderElection22
2021-02-08 13:07:04,991 [om1@group-C5BA1605619E-LeaderElection22] INFO  server.RaftServer$Division (RaftServerImpl.java:setRole(284)) - om1@group-C5BA1605619E: changes role from CANDIDATE to LEADER at term 1 for changeToLeader
2021-02-08 13:07:04,991 [om1@group-C5BA1605619E-LeaderElection22] INFO  server.RaftServer$Division (ServerState.java:setLeader(271)) - om1@group-C5BA1605619E: change Leader from null to om1 at term 1 for becomeLeader, leader elected after 1095ms
2021-02-08 13:07:04,991 [om1@group-C5BA1605619E-LeaderElection22] INFO  server.RaftServerConfigKeys (ConfUtils.java:logGet(44)) - raft.server.staging.catchup.gap = 1000 (default)
2021-02-08 13:07:04,991 [om1@group-C5BA1605619E-LeaderElection22] INFO  metrics.RatisMetrics (RatisMetrics.java:lambda$create$0(36)) - Creating Metrics Registry : ratis.log_appender.om1@group-C5BA1605619E
2021-02-08 13:07:04,991 [om1@group-C5BA1605619E-LeaderElection22] INFO  server.RaftServerConfigKeys (ConfUtils.java:logGet(44)) - raft.server.write.element-limit = 4096 (default)
2021-02-08 13:07:04,992 [om1@group-C5BA1605619E-LeaderElection22] INFO  server.RaftServerConfigKeys (ConfUtils.java:logGet(44)) - raft.server.write.byte-limit = 64MB (=67108864) (default)
2021-02-08 13:07:04,992 [om1@group-C5BA1605619E-LeaderElection22] INFO  server.RaftServerConfigKeys (ConfUtils.java:logGet(44)) - raft.server.watch.timeout = 10s (default)
2021-02-08 13:07:04,992 [om1@group-C5BA1605619E-LeaderElection22] INFO  server.RaftServerConfigKeys (ConfUtils.java:logGet(44)) - raft.server.watch.timeout.denomination = 1s (default)
2021-02-08 13:07:04,992 [om1@group-C5BA1605619E-LeaderElection22] INFO  server.RaftServerConfigKeys (ConfUtils.java:logGet(44)) - raft.server.watch.element-limit = 65536 (default)
2021-02-08 13:07:04,992 [om1@group-C5BA1605619E-LeaderElection22] INFO  impl.RoleInfo (RoleInfo.java:updateAndGet(130)) - om1: start om1@group-C5BA1605619E-LeaderStateImpl
2021-02-08 13:07:04,993 [om1@group-C5BA1605619E-LeaderElection22] INFO  segmented.SegmentedRaftLogWorker (SegmentedRaftLogWorker.java:startLogSegment(392)) - om1@group-C5BA1605619E-SegmentedRaftLogWorker: Starting segment from index:0
2021-02-08 13:07:04,997 [om1@group-C5BA1605619E-LeaderElection22] INFO  server.RaftServer$Division (ServerState.java:setRaftConf(373)) - om1@group-C5BA1605619E: set configuration 0: [om1|rpc:localhost:9872|admin:|client:|dataStream:|priority:0], old=null
2021-02-08 13:07:05,013 [om1@group-C5BA1605619E-SegmentedRaftLogWorker] INFO  segmented.SegmentedRaftLogWorker (SegmentedRaftLogWorker.java:execute(599)) - om1@group-C5BA1605619E-SegmentedRaftLogWorker: created new log segment /github/workspace/mnt/ozone/hadoop-ozone/integration-test/target/test-dir/MiniOzoneClusterImpl-489e5869-bfe0-4080-b73d-d7b53c96c8d8/ozone-meta/ratis/bf265839-605b-3f16-9796-c5ba1605619e/current/log_inprogress_0
2021-02-08 13:07:05,020 [Listener at 127.0.0.1/38393] INFO  http.BaseHttpServer (BaseHttpServer.java:updateConnectorAddress(327)) - HTTP server of hddsDatanode listening at http://0.0.0.0:46649
2021-02-08 13:07:05,021 [Listener at 127.0.0.1/38393] INFO  impl.MetricsSystemImpl (MetricsSystemImpl.java:init(158)) - HddsDatanode metrics system started (again)
2021-02-08 13:07:05,024 [org.apache.hadoop.util.JvmPauseMonitor$Monitor@4801ca0a] INFO  util.JvmPauseMonitor (JvmPauseMonitor.java:run(188)) - Starting JVM pause monitor
2021-02-08 13:07:05,025 [Listener at 127.0.0.1/38393] INFO  ozone.HddsDatanodeService (HddsDatanodeService.java:start(217)) - HddsDatanodeService host:c20f386514e7 ip:172.17.0.2
2021-02-08 13:07:05,026 [Listener at 127.0.0.1/38393] INFO  volume.HddsVolume (HddsVolume.java:<init>(176)) - Creating Volume: /github/workspace/mnt/ozone/hadoop-ozone/integration-test/target/test-dir/MiniOzoneClusterImpl-489e5869-bfe0-4080-b73d-d7b53c96c8d8/datanode-4/data-0/containers/hdds of storage type : DISK and capacity : 9223372036854775807
2021-02-08 13:07:05,027 [Listener at 127.0.0.1/38393] INFO  volume.MutableVolumeSet (MutableVolumeSet.java:initializeVolumeSet(179)) - Added Volume : /github/workspace/mnt/ozone/hadoop-ozone/integration-test/target/test-dir/MiniOzoneClusterImpl-489e5869-bfe0-4080-b73d-d7b53c96c8d8/datanode-4/data-0/containers/hdds to VolumeSet
2021-02-08 13:07:05,027 [Listener at 127.0.0.1/38393] INFO  volume.ThrottledAsyncChecker (ThrottledAsyncChecker.java:schedule(141)) - Scheduling a check for /github/workspace/mnt/ozone/hadoop-ozone/integration-test/target/test-dir/MiniOzoneClusterImpl-489e5869-bfe0-4080-b73d-d7b53c96c8d8/datanode-4/data-0/containers/hdds
2021-02-08 13:07:05,027 [Listener at 127.0.0.1/38393] INFO  volume.HddsVolumeChecker (HddsVolumeChecker.java:checkAllVolumes(200)) - Scheduled health check for volume /github/workspace/mnt/ozone/hadoop-ozone/integration-test/target/test-dir/MiniOzoneClusterImpl-489e5869-bfe0-4080-b73d-d7b53c96c8d8/datanode-4/data-0/containers/hdds
2021-02-08 13:07:05,029 [Datanode State Machine Task Thread - 0] INFO  datanode.InitDatanodeState (InitDatanodeState.java:persistContainerDatanodeDetails(145)) - DatanodeDetails is persisted to /github/workspace/mnt/ozone/hadoop-ozone/integration-test/target/test-dir/MiniOzoneClusterImpl-489e5869-bfe0-4080-b73d-d7b53c96c8d8/datanode-3/meta/datanode.id
2021-02-08 13:07:05,041 [Thread-608] INFO  ozoneimpl.ContainerReader (ContainerReader.java:readVolume(123)) - Start to verify containers on volume /github/workspace/mnt/ozone/hadoop-ozone/integration-test/target/test-dir/MiniOzoneClusterImpl-489e5869-bfe0-4080-b73d-d7b53c96c8d8/datanode-4/data-0/containers/hdds
2021-02-08 13:07:05,041 [Thread-608] INFO  ozoneimpl.ContainerReader (ContainerReader.java:readVolume(148)) - Finish verifying containers on volume /github/workspace/mnt/ozone/hadoop-ozone/integration-test/target/test-dir/MiniOzoneClusterImpl-489e5869-bfe0-4080-b73d-d7b53c96c8d8/datanode-4/data-0/containers/hdds
2021-02-08 13:07:05,041 [Listener at 127.0.0.1/38393] INFO  ozoneimpl.OzoneContainer (OzoneContainer.java:buildContainerSet(206)) - Build ContainerSet costs 0s
2021-02-08 13:07:05,043 [Listener at 127.0.0.1/38393] INFO  server.RaftServer (ConfUtils.java:logGet(44)) - raft.rpc.type = GRPC (default)
2021-02-08 13:07:05,043 [Listener at 127.0.0.1/38393] INFO  grpc.GrpcFactory (GrpcFactory.java:checkPooledByteBufAllocatorUseCacheForAllThreads(48)) - PERFORMANCE WARNING: useCacheForAllThreads is true that may cause Netty to create a lot garbage objects and, as a result, trigger GC.
	It is recommended to disable useCacheForAllThreads by setting -Dorg.apache.ratis.thirdparty.io.netty.allocator.useCacheForAllThreads=false in command line.
2021-02-08 13:07:05,043 [Listener at 127.0.0.1/38393] INFO  grpc.GrpcConfigKeys (ConfUtils.java:logGet(44)) - raft.grpc.admin.port = 0 (custom)
2021-02-08 13:07:05,043 [Listener at 127.0.0.1/38393] INFO  grpc.GrpcConfigKeys (ConfUtils.java:logGet(44)) - raft.grpc.client.port = 0 (custom)
2021-02-08 13:07:05,043 [Listener at 127.0.0.1/38393] INFO  grpc.GrpcConfigKeys (ConfUtils.java:logGet(44)) - raft.grpc.server.port = 0 (default)
2021-02-08 13:07:05,043 [Listener at 127.0.0.1/38393] INFO  server.GrpcService (ConfUtils.java:logGet(44)) - raft.grpc.message.size.max = 32MB (=33554432) (custom)
2021-02-08 13:07:05,043 [Listener at 127.0.0.1/38393] INFO  server.RaftServerConfigKeys (ConfUtils.java:logGet(44)) - raft.server.log.appender.buffer.byte-limit = 33554432 (custom)
2021-02-08 13:07:05,043 [Listener at 127.0.0.1/38393] INFO  server.GrpcService (ConfUtils.java:logGet(44)) - raft.grpc.flow.control.window = 5MB (=5242880) (custom)
2021-02-08 13:07:05,044 [Listener at 127.0.0.1/38393] INFO  server.RaftServerConfigKeys (ConfUtils.java:logGet(44)) - raft.server.rpc.request.timeout = 3000ms (default)
2021-02-08 13:07:05,045 [Listener at 127.0.0.1/38393] INFO  impl.DataStreamServerImpl (ConfUtils.java:logGet(44)) - raft.datastream.type = DISABLED (default)
2021-02-08 13:07:05,045 [Listener at 127.0.0.1/38393] INFO  server.RaftServerConfigKeys (ConfUtils.java:logGet(44)) - raft.server.rpc.slowness.timeout = 300000ms (custom)
2021-02-08 13:07:05,045 [Listener at 127.0.0.1/38393] INFO  server.RaftServerConfigKeys (ConfUtils.java:logGet(44)) - raft.server.leaderelection.leader.step-down.wait-time = 10s (default)
2021-02-08 13:07:05,045 [Listener at 127.0.0.1/38393] INFO  server.RaftServerConfigKeys (ConfUtils.java:logGet(44)) - raft.server.storage.dir = [/github/workspace/mnt/ozone/hadoop-ozone/integration-test/target/test-dir/MiniOzoneClusterImpl-489e5869-bfe0-4080-b73d-d7b53c96c8d8/datanode-4/data/ratis] (custom)
2021-02-08 13:07:05,052 [Listener at 127.0.0.1/38393] INFO  http.BaseHttpServer (BaseHttpServer.java:newHttpServer2BuilderForOzone(207)) - Starting Web-server for hddsDatanode at: http://0.0.0.0:0
2021-02-08 13:07:05,052 [Listener at 127.0.0.1/38393] INFO  http.BaseHttpServer (BaseHttpServer.java:<init>(106)) - Hadoop Security Enabled: false Ozone Security Enabled: false Ozone HTTP Security Enabled: false 
2021-02-08 13:07:05,054 [Listener at 127.0.0.1/38393] INFO  server.AuthenticationFilter (AuthenticationFilter.java:constructSecretProvider(240)) - Unable to initialize FileSignerSecretProvider, falling back to use random secrets.
2021-02-08 13:07:05,054 [Listener at 127.0.0.1/38393] WARN  http.HttpRequestLog (HttpRequestLog.java:getRequestLog(103)) - Jetty request log can only be enabled using Log4j
2021-02-08 13:07:05,055 [Listener at 127.0.0.1/38393] INFO  http.HttpServer2 (HttpServer2.java:addGlobalFilter(1020)) - Added global filter 'safety' (class=org.apache.hadoop.hdds.server.http.HttpServer2$QuotingInputFilter)
2021-02-08 13:07:05,055 [Listener at 127.0.0.1/38393] INFO  http.HttpServer2 (HttpServer2.java:addFilter(996)) - Added filter static_user_filter (class=org.apache.hadoop.http.lib.StaticUserWebFilter$StaticUserFilter) to context hddsDatanode
2021-02-08 13:07:05,055 [Listener at 127.0.0.1/38393] INFO  http.HttpServer2 (HttpServer2.java:addFilter(1004)) - Added filter static_user_filter (class=org.apache.hadoop.http.lib.StaticUserWebFilter$StaticUserFilter) to context logs
2021-02-08 13:07:05,055 [Listener at 127.0.0.1/38393] INFO  http.HttpServer2 (HttpServer2.java:addFilter(1004)) - Added filter static_user_filter (class=org.apache.hadoop.http.lib.StaticUserWebFilter$StaticUserFilter) to context static
2021-02-08 13:07:05,056 [Listener at 127.0.0.1/38393] INFO  http.HttpServer2 (HttpServer2.java:bindListener(1238)) - Jetty bound to port 40733
2021-02-08 13:07:05,056 [Listener at 127.0.0.1/38393] INFO  server.Server (Server.java:doStart(375)) - jetty-9.4.34.v20201102; built: 2020-11-02T14:15:39.302Z; git: e46af88704a893fc12cb0e3bf46e2c7b48a009e7; jvm 1.8.0_232-b09
2021-02-08 13:07:05,058 [Listener at 127.0.0.1/38393] INFO  server.session (DefaultSessionIdManager.java:doStart(334)) - DefaultSessionIdManager workerName=node0
2021-02-08 13:07:05,059 [Listener at 127.0.0.1/38393] INFO  server.session (DefaultSessionIdManager.java:doStart(339)) - No SessionScavenger set, using defaults
2021-02-08 13:07:05,059 [Listener at 127.0.0.1/38393] INFO  server.session (HouseKeeper.java:startScavenging(132)) - node0 Scavenging every 600000ms
2021-02-08 13:07:05,060 [Listener at 127.0.0.1/38393] INFO  handler.ContextHandler (ContextHandler.java:doStart(916)) - Started o.e.j.s.ServletContextHandler@716868ba{logs,/logs,file:///github/workspace/mnt/ozone/hadoop-ozone/integration-test/target/log,AVAILABLE}
2021-02-08 13:07:05,061 [Listener at 127.0.0.1/38393] INFO  handler.ContextHandler (ContextHandler.java:doStart(916)) - Started o.e.j.s.ServletContextHandler@226ad7f1{static,/static,jar:file:/home/user/.m2/repository/org/apache/hadoop/hadoop-hdds-container-service/1.1.0-SNAPSHOT/hadoop-hdds-container-service-1.1.0-SNAPSHOT.jar!/webapps/static,AVAILABLE}
2021-02-08 13:07:05,208 [Listener at 127.0.0.1/38393] INFO  handler.ContextHandler (ContextHandler.java:doStart(916)) - Started o.e.j.w.WebAppContext@1cc87e5f{hddsDatanode,/,file:///tmp/jetty-0_0_0_0-40733-hadoop-hdds-container-service-1_1_0-SNAPSHOT_jar-_-any-2247796101820617502/webapp/,AVAILABLE}{jar:file:/home/user/.m2/repository/org/apache/hadoop/hadoop-hdds-container-service/1.1.0-SNAPSHOT/hadoop-hdds-container-service-1.1.0-SNAPSHOT.jar!/webapps/hddsDatanode}
2021-02-08 13:07:05,209 [Listener at 127.0.0.1/38393] INFO  server.AbstractConnector (AbstractConnector.java:doStart(331)) - Started ServerConnector@4855f26c{HTTP/1.1, (http/1.1)}{0.0.0.0:40733}
2021-02-08 13:07:05,209 [Listener at 127.0.0.1/38393] INFO  server.Server (Server.java:doStart(415)) - Started @42774ms
2021-02-08 13:07:05,210 [Listener at 127.0.0.1/38393] WARN  impl.MetricsSystemImpl (MetricsSystemImpl.java:register(279)) - Sink prometheus already exists!
2021-02-08 13:07:05,216 [Listener at 127.0.0.1/38393] INFO  http.BaseHttpServer (BaseHttpServer.java:updateConnectorAddress(327)) - HTTP server of hddsDatanode listening at http://0.0.0.0:40733
2021-02-08 13:07:05,217 [Listener at 127.0.0.1/38393] INFO  impl.MetricsSystemImpl (MetricsSystemImpl.java:init(158)) - HddsDatanode metrics system started (again)
2021-02-08 13:07:05,219 [Listener at 127.0.0.1/38393] INFO  ozone.HddsDatanodeService (HddsDatanodeService.java:start(217)) - HddsDatanodeService host:c20f386514e7 ip:172.17.0.2
2021-02-08 13:07:05,220 [Listener at 127.0.0.1/38393] INFO  volume.HddsVolume (HddsVolume.java:<init>(176)) - Creating Volume: /github/workspace/mnt/ozone/hadoop-ozone/integration-test/target/test-dir/MiniOzoneClusterImpl-489e5869-bfe0-4080-b73d-d7b53c96c8d8/datanode-5/data-0/containers/hdds of storage type : DISK and capacity : 9223372036854775807
2021-02-08 13:07:05,221 [Listener at 127.0.0.1/38393] INFO  volume.MutableVolumeSet (MutableVolumeSet.java:initializeVolumeSet(179)) - Added Volume : /github/workspace/mnt/ozone/hadoop-ozone/integration-test/target/test-dir/MiniOzoneClusterImpl-489e5869-bfe0-4080-b73d-d7b53c96c8d8/datanode-5/data-0/containers/hdds to VolumeSet
2021-02-08 13:07:05,221 [Listener at 127.0.0.1/38393] INFO  volume.ThrottledAsyncChecker (ThrottledAsyncChecker.java:schedule(141)) - Scheduling a check for /github/workspace/mnt/ozone/hadoop-ozone/integration-test/target/test-dir/MiniOzoneClusterImpl-489e5869-bfe0-4080-b73d-d7b53c96c8d8/datanode-5/data-0/containers/hdds
2021-02-08 13:07:05,221 [org.apache.hadoop.util.JvmPauseMonitor$Monitor@32c3785d] INFO  util.JvmPauseMonitor (JvmPauseMonitor.java:run(188)) - Starting JVM pause monitor
2021-02-08 13:07:05,224 [Datanode State Machine Task Thread - 0] INFO  datanode.InitDatanodeState (InitDatanodeState.java:persistContainerDatanodeDetails(145)) - DatanodeDetails is persisted to /github/workspace/mnt/ozone/hadoop-ozone/integration-test/target/test-dir/MiniOzoneClusterImpl-489e5869-bfe0-4080-b73d-d7b53c96c8d8/datanode-4/meta/datanode.id
2021-02-08 13:07:05,224 [Listener at 127.0.0.1/38393] INFO  volume.HddsVolumeChecker (HddsVolumeChecker.java:checkAllVolumes(200)) - Scheduled health check for volume /github/workspace/mnt/ozone/hadoop-ozone/integration-test/target/test-dir/MiniOzoneClusterImpl-489e5869-bfe0-4080-b73d-d7b53c96c8d8/datanode-5/data-0/containers/hdds
2021-02-08 13:07:05,237 [Thread-619] INFO  ozoneimpl.ContainerReader (ContainerReader.java:readVolume(123)) - Start to verify containers on volume /github/workspace/mnt/ozone/hadoop-ozone/integration-test/target/test-dir/MiniOzoneClusterImpl-489e5869-bfe0-4080-b73d-d7b53c96c8d8/datanode-5/data-0/containers/hdds
2021-02-08 13:07:05,237 [Thread-619] INFO  ozoneimpl.ContainerReader (ContainerReader.java:readVolume(148)) - Finish verifying containers on volume /github/workspace/mnt/ozone/hadoop-ozone/integration-test/target/test-dir/MiniOzoneClusterImpl-489e5869-bfe0-4080-b73d-d7b53c96c8d8/datanode-5/data-0/containers/hdds
2021-02-08 13:07:05,237 [Listener at 127.0.0.1/38393] INFO  ozoneimpl.OzoneContainer (OzoneContainer.java:buildContainerSet(206)) - Build ContainerSet costs 0s
2021-02-08 13:07:05,238 [Listener at 127.0.0.1/38393] INFO  server.RaftServer (ConfUtils.java:logGet(44)) - raft.rpc.type = GRPC (default)
2021-02-08 13:07:05,238 [Listener at 127.0.0.1/38393] INFO  grpc.GrpcFactory (GrpcFactory.java:checkPooledByteBufAllocatorUseCacheForAllThreads(48)) - PERFORMANCE WARNING: useCacheForAllThreads is true that may cause Netty to create a lot garbage objects and, as a result, trigger GC.
	It is recommended to disable useCacheForAllThreads by setting -Dorg.apache.ratis.thirdparty.io.netty.allocator.useCacheForAllThreads=false in command line.
2021-02-08 13:07:05,238 [Listener at 127.0.0.1/38393] INFO  grpc.GrpcConfigKeys (ConfUtils.java:logGet(44)) - raft.grpc.admin.port = 0 (custom)
2021-02-08 13:07:05,239 [Listener at 127.0.0.1/38393] INFO  grpc.GrpcConfigKeys (ConfUtils.java:logGet(44)) - raft.grpc.client.port = 0 (custom)
2021-02-08 13:07:05,239 [Listener at 127.0.0.1/38393] INFO  grpc.GrpcConfigKeys (ConfUtils.java:logGet(44)) - raft.grpc.server.port = 0 (default)
2021-02-08 13:07:05,239 [Listener at 127.0.0.1/38393] INFO  server.GrpcService (ConfUtils.java:logGet(44)) - raft.grpc.message.size.max = 32MB (=33554432) (custom)
2021-02-08 13:07:05,239 [Listener at 127.0.0.1/38393] INFO  server.RaftServerConfigKeys (ConfUtils.java:logGet(44)) - raft.server.log.appender.buffer.byte-limit = 33554432 (custom)
2021-02-08 13:07:05,239 [Listener at 127.0.0.1/38393] INFO  server.GrpcService (ConfUtils.java:logGet(44)) - raft.grpc.flow.control.window = 5MB (=5242880) (custom)
2021-02-08 13:07:05,239 [Listener at 127.0.0.1/38393] INFO  server.RaftServerConfigKeys (ConfUtils.java:logGet(44)) - raft.server.rpc.request.timeout = 3000ms (default)
2021-02-08 13:07:05,240 [Listener at 127.0.0.1/38393] INFO  impl.DataStreamServerImpl (ConfUtils.java:logGet(44)) - raft.datastream.type = DISABLED (default)
2021-02-08 13:07:05,240 [Listener at 127.0.0.1/38393] INFO  server.RaftServerConfigKeys (ConfUtils.java:logGet(44)) - raft.server.rpc.slowness.timeout = 300000ms (custom)
2021-02-08 13:07:05,240 [Listener at 127.0.0.1/38393] INFO  server.RaftServerConfigKeys (ConfUtils.java:logGet(44)) - raft.server.leaderelection.leader.step-down.wait-time = 10s (default)
2021-02-08 13:07:05,240 [Listener at 127.0.0.1/38393] INFO  server.RaftServerConfigKeys (ConfUtils.java:logGet(44)) - raft.server.storage.dir = [/github/workspace/mnt/ozone/hadoop-ozone/integration-test/target/test-dir/MiniOzoneClusterImpl-489e5869-bfe0-4080-b73d-d7b53c96c8d8/datanode-5/data/ratis] (custom)
2021-02-08 13:07:05,248 [Listener at 127.0.0.1/38393] INFO  http.BaseHttpServer (BaseHttpServer.java:newHttpServer2BuilderForOzone(207)) - Starting Web-server for hddsDatanode at: http://0.0.0.0:0
2021-02-08 13:07:05,248 [Listener at 127.0.0.1/38393] INFO  http.BaseHttpServer (BaseHttpServer.java:<init>(106)) - Hadoop Security Enabled: false Ozone Security Enabled: false Ozone HTTP Security Enabled: false 
2021-02-08 13:07:05,249 [Listener at 127.0.0.1/38393] INFO  server.AuthenticationFilter (AuthenticationFilter.java:constructSecretProvider(240)) - Unable to initialize FileSignerSecretProvider, falling back to use random secrets.
2021-02-08 13:07:05,249 [Listener at 127.0.0.1/38393] WARN  http.HttpRequestLog (HttpRequestLog.java:getRequestLog(103)) - Jetty request log can only be enabled using Log4j
2021-02-08 13:07:05,250 [Listener at 127.0.0.1/38393] INFO  http.HttpServer2 (HttpServer2.java:addGlobalFilter(1020)) - Added global filter 'safety' (class=org.apache.hadoop.hdds.server.http.HttpServer2$QuotingInputFilter)
2021-02-08 13:07:05,250 [Listener at 127.0.0.1/38393] INFO  http.HttpServer2 (HttpServer2.java:addFilter(996)) - Added filter static_user_filter (class=org.apache.hadoop.http.lib.StaticUserWebFilter$StaticUserFilter) to context hddsDatanode
2021-02-08 13:07:05,250 [Listener at 127.0.0.1/38393] INFO  http.HttpServer2 (HttpServer2.java:addFilter(1004)) - Added filter static_user_filter (class=org.apache.hadoop.http.lib.StaticUserWebFilter$StaticUserFilter) to context logs
2021-02-08 13:07:05,251 [Listener at 127.0.0.1/38393] INFO  http.HttpServer2 (HttpServer2.java:addFilter(1004)) - Added filter static_user_filter (class=org.apache.hadoop.http.lib.StaticUserWebFilter$StaticUserFilter) to context static
2021-02-08 13:07:05,251 [Listener at 127.0.0.1/38393] INFO  http.HttpServer2 (HttpServer2.java:bindListener(1238)) - Jetty bound to port 44409
2021-02-08 13:07:05,251 [Listener at 127.0.0.1/38393] INFO  server.Server (Server.java:doStart(375)) - jetty-9.4.34.v20201102; built: 2020-11-02T14:15:39.302Z; git: e46af88704a893fc12cb0e3bf46e2c7b48a009e7; jvm 1.8.0_232-b09
2021-02-08 13:07:05,257 [Listener at 127.0.0.1/38393] INFO  server.session (DefaultSessionIdManager.java:doStart(334)) - DefaultSessionIdManager workerName=node0
2021-02-08 13:07:05,258 [Listener at 127.0.0.1/38393] INFO  server.session (DefaultSessionIdManager.java:doStart(339)) - No SessionScavenger set, using defaults
2021-02-08 13:07:05,258 [Listener at 127.0.0.1/38393] INFO  server.session (HouseKeeper.java:startScavenging(132)) - node0 Scavenging every 660000ms
2021-02-08 13:07:05,258 [Listener at 127.0.0.1/38393] INFO  handler.ContextHandler (ContextHandler.java:doStart(916)) - Started o.e.j.s.ServletContextHandler@2da8c799{logs,/logs,file:///github/workspace/mnt/ozone/hadoop-ozone/integration-test/target/log,AVAILABLE}
2021-02-08 13:07:05,259 [Listener at 127.0.0.1/38393] INFO  handler.ContextHandler (ContextHandler.java:doStart(916)) - Started o.e.j.s.ServletContextHandler@22fe9d7f{static,/static,jar:file:/home/user/.m2/repository/org/apache/hadoop/hadoop-hdds-container-service/1.1.0-SNAPSHOT/hadoop-hdds-container-service-1.1.0-SNAPSHOT.jar!/webapps/static,AVAILABLE}
2021-02-08 13:07:05,408 [Listener at 127.0.0.1/38393] INFO  handler.ContextHandler (ContextHandler.java:doStart(916)) - Started o.e.j.w.WebAppContext@69a619cc{hddsDatanode,/,file:///tmp/jetty-0_0_0_0-44409-hadoop-hdds-container-service-1_1_0-SNAPSHOT_jar-_-any-8985100550246609696/webapp/,AVAILABLE}{jar:file:/home/user/.m2/repository/org/apache/hadoop/hadoop-hdds-container-service/1.1.0-SNAPSHOT/hadoop-hdds-container-service-1.1.0-SNAPSHOT.jar!/webapps/hddsDatanode}
2021-02-08 13:07:05,409 [Listener at 127.0.0.1/38393] INFO  server.AbstractConnector (AbstractConnector.java:doStart(331)) - Started ServerConnector@7f3812b1{HTTP/1.1, (http/1.1)}{0.0.0.0:44409}
2021-02-08 13:07:05,409 [Listener at 127.0.0.1/38393] INFO  server.Server (Server.java:doStart(415)) - Started @42974ms
2021-02-08 13:07:05,409 [Listener at 127.0.0.1/38393] WARN  impl.MetricsSystemImpl (MetricsSystemImpl.java:register(279)) - Sink prometheus already exists!
2021-02-08 13:07:05,415 [Listener at 127.0.0.1/38393] INFO  http.BaseHttpServer (BaseHttpServer.java:updateConnectorAddress(327)) - HTTP server of hddsDatanode listening at http://0.0.0.0:44409
2021-02-08 13:07:05,416 [Listener at 127.0.0.1/38393] INFO  impl.MetricsSystemImpl (MetricsSystemImpl.java:init(158)) - HddsDatanode metrics system started (again)
2021-02-08 13:07:05,418 [Listener at 127.0.0.1/38393] INFO  ozone.HddsDatanodeService (HddsDatanodeService.java:start(217)) - HddsDatanodeService host:c20f386514e7 ip:172.17.0.2
2021-02-08 13:07:05,419 [Listener at 127.0.0.1/38393] INFO  volume.HddsVolume (HddsVolume.java:<init>(176)) - Creating Volume: /github/workspace/mnt/ozone/hadoop-ozone/integration-test/target/test-dir/MiniOzoneClusterImpl-489e5869-bfe0-4080-b73d-d7b53c96c8d8/datanode-6/data-0/containers/hdds of storage type : DISK and capacity : 9223372036854775807
2021-02-08 13:07:05,420 [Listener at 127.0.0.1/38393] INFO  volume.MutableVolumeSet (MutableVolumeSet.java:initializeVolumeSet(179)) - Added Volume : /github/workspace/mnt/ozone/hadoop-ozone/integration-test/target/test-dir/MiniOzoneClusterImpl-489e5869-bfe0-4080-b73d-d7b53c96c8d8/datanode-6/data-0/containers/hdds to VolumeSet
2021-02-08 13:07:05,420 [Listener at 127.0.0.1/38393] INFO  volume.ThrottledAsyncChecker (ThrottledAsyncChecker.java:schedule(141)) - Scheduling a check for /github/workspace/mnt/ozone/hadoop-ozone/integration-test/target/test-dir/MiniOzoneClusterImpl-489e5869-bfe0-4080-b73d-d7b53c96c8d8/datanode-6/data-0/containers/hdds
2021-02-08 13:07:05,420 [Listener at 127.0.0.1/38393] INFO  volume.HddsVolumeChecker (HddsVolumeChecker.java:checkAllVolumes(200)) - Scheduled health check for volume /github/workspace/mnt/ozone/hadoop-ozone/integration-test/target/test-dir/MiniOzoneClusterImpl-489e5869-bfe0-4080-b73d-d7b53c96c8d8/datanode-6/data-0/containers/hdds
2021-02-08 13:07:05,433 [org.apache.hadoop.util.JvmPauseMonitor$Monitor@12deea65] INFO  util.JvmPauseMonitor (JvmPauseMonitor.java:run(188)) - Starting JVM pause monitor
2021-02-08 13:07:05,434 [Thread-630] INFO  ozoneimpl.ContainerReader (ContainerReader.java:readVolume(123)) - Start to verify containers on volume /github/workspace/mnt/ozone/hadoop-ozone/integration-test/target/test-dir/MiniOzoneClusterImpl-489e5869-bfe0-4080-b73d-d7b53c96c8d8/datanode-6/data-0/containers/hdds
2021-02-08 13:07:05,435 [Thread-630] INFO  ozoneimpl.ContainerReader (ContainerReader.java:readVolume(148)) - Finish verifying containers on volume /github/workspace/mnt/ozone/hadoop-ozone/integration-test/target/test-dir/MiniOzoneClusterImpl-489e5869-bfe0-4080-b73d-d7b53c96c8d8/datanode-6/data-0/containers/hdds
2021-02-08 13:07:05,435 [Listener at 127.0.0.1/38393] INFO  ozoneimpl.OzoneContainer (OzoneContainer.java:buildContainerSet(206)) - Build ContainerSet costs 0s
2021-02-08 13:07:05,437 [Listener at 127.0.0.1/38393] INFO  server.RaftServer (ConfUtils.java:logGet(44)) - raft.rpc.type = GRPC (default)
2021-02-08 13:07:05,438 [Listener at 127.0.0.1/38393] INFO  grpc.GrpcFactory (GrpcFactory.java:checkPooledByteBufAllocatorUseCacheForAllThreads(48)) - PERFORMANCE WARNING: useCacheForAllThreads is true that may cause Netty to create a lot garbage objects and, as a result, trigger GC.
	It is recommended to disable useCacheForAllThreads by setting -Dorg.apache.ratis.thirdparty.io.netty.allocator.useCacheForAllThreads=false in command line.
2021-02-08 13:07:05,438 [Listener at 127.0.0.1/38393] INFO  grpc.GrpcConfigKeys (ConfUtils.java:logGet(44)) - raft.grpc.admin.port = 0 (custom)
2021-02-08 13:07:05,438 [Listener at 127.0.0.1/38393] INFO  grpc.GrpcConfigKeys (ConfUtils.java:logGet(44)) - raft.grpc.client.port = 0 (custom)
2021-02-08 13:07:05,438 [Listener at 127.0.0.1/38393] INFO  grpc.GrpcConfigKeys (ConfUtils.java:logGet(44)) - raft.grpc.server.port = 0 (default)
2021-02-08 13:07:05,438 [Listener at 127.0.0.1/38393] INFO  server.GrpcService (ConfUtils.java:logGet(44)) - raft.grpc.message.size.max = 32MB (=33554432) (custom)
2021-02-08 13:07:05,438 [Listener at 127.0.0.1/38393] INFO  server.RaftServerConfigKeys (ConfUtils.java:logGet(44)) - raft.server.log.appender.buffer.byte-limit = 33554432 (custom)
2021-02-08 13:07:05,438 [Listener at 127.0.0.1/38393] INFO  server.GrpcService (ConfUtils.java:logGet(44)) - raft.grpc.flow.control.window = 5MB (=5242880) (custom)
2021-02-08 13:07:05,438 [Listener at 127.0.0.1/38393] INFO  server.RaftServerConfigKeys (ConfUtils.java:logGet(44)) - raft.server.rpc.request.timeout = 3000ms (default)
2021-02-08 13:07:05,437 [Datanode State Machine Task Thread - 0] INFO  datanode.InitDatanodeState (InitDatanodeState.java:persistContainerDatanodeDetails(145)) - DatanodeDetails is persisted to /github/workspace/mnt/ozone/hadoop-ozone/integration-test/target/test-dir/MiniOzoneClusterImpl-489e5869-bfe0-4080-b73d-d7b53c96c8d8/datanode-5/meta/datanode.id
2021-02-08 13:07:05,439 [Listener at 127.0.0.1/38393] INFO  impl.DataStreamServerImpl (ConfUtils.java:logGet(44)) - raft.datastream.type = DISABLED (default)
2021-02-08 13:07:05,440 [Listener at 127.0.0.1/38393] INFO  server.RaftServerConfigKeys (ConfUtils.java:logGet(44)) - raft.server.rpc.slowness.timeout = 300000ms (custom)
2021-02-08 13:07:05,440 [Listener at 127.0.0.1/38393] INFO  server.RaftServerConfigKeys (ConfUtils.java:logGet(44)) - raft.server.leaderelection.leader.step-down.wait-time = 10s (default)
2021-02-08 13:07:05,440 [Listener at 127.0.0.1/38393] INFO  server.RaftServerConfigKeys (ConfUtils.java:logGet(44)) - raft.server.storage.dir = [/github/workspace/mnt/ozone/hadoop-ozone/integration-test/target/test-dir/MiniOzoneClusterImpl-489e5869-bfe0-4080-b73d-d7b53c96c8d8/datanode-6/data/ratis] (custom)
2021-02-08 13:07:05,448 [Listener at 127.0.0.1/38393] INFO  http.BaseHttpServer (BaseHttpServer.java:newHttpServer2BuilderForOzone(207)) - Starting Web-server for hddsDatanode at: http://0.0.0.0:0
2021-02-08 13:07:05,448 [Listener at 127.0.0.1/38393] INFO  http.BaseHttpServer (BaseHttpServer.java:<init>(106)) - Hadoop Security Enabled: false Ozone Security Enabled: false Ozone HTTP Security Enabled: false 
2021-02-08 13:07:05,449 [Listener at 127.0.0.1/38393] INFO  server.AuthenticationFilter (AuthenticationFilter.java:constructSecretProvider(240)) - Unable to initialize FileSignerSecretProvider, falling back to use random secrets.
2021-02-08 13:07:05,449 [Listener at 127.0.0.1/38393] WARN  http.HttpRequestLog (HttpRequestLog.java:getRequestLog(103)) - Jetty request log can only be enabled using Log4j
2021-02-08 13:07:05,450 [Listener at 127.0.0.1/38393] INFO  http.HttpServer2 (HttpServer2.java:addGlobalFilter(1020)) - Added global filter 'safety' (class=org.apache.hadoop.hdds.server.http.HttpServer2$QuotingInputFilter)
2021-02-08 13:07:05,450 [Listener at 127.0.0.1/38393] INFO  http.HttpServer2 (HttpServer2.java:addFilter(996)) - Added filter static_user_filter (class=org.apache.hadoop.http.lib.StaticUserWebFilter$StaticUserFilter) to context hddsDatanode
2021-02-08 13:07:05,450 [Listener at 127.0.0.1/38393] INFO  http.HttpServer2 (HttpServer2.java:addFilter(1004)) - Added filter static_user_filter (class=org.apache.hadoop.http.lib.StaticUserWebFilter$StaticUserFilter) to context logs
2021-02-08 13:07:05,450 [Listener at 127.0.0.1/38393] INFO  http.HttpServer2 (HttpServer2.java:addFilter(1004)) - Added filter static_user_filter (class=org.apache.hadoop.http.lib.StaticUserWebFilter$StaticUserFilter) to context static
2021-02-08 13:07:05,451 [Listener at 127.0.0.1/38393] INFO  http.HttpServer2 (HttpServer2.java:bindListener(1238)) - Jetty bound to port 40201
2021-02-08 13:07:05,451 [Listener at 127.0.0.1/38393] INFO  server.Server (Server.java:doStart(375)) - jetty-9.4.34.v20201102; built: 2020-11-02T14:15:39.302Z; git: e46af88704a893fc12cb0e3bf46e2c7b48a009e7; jvm 1.8.0_232-b09
2021-02-08 13:07:05,457 [Listener at 127.0.0.1/38393] INFO  server.session (DefaultSessionIdManager.java:doStart(334)) - DefaultSessionIdManager workerName=node0
2021-02-08 13:07:05,457 [Listener at 127.0.0.1/38393] INFO  server.session (DefaultSessionIdManager.java:doStart(339)) - No SessionScavenger set, using defaults
2021-02-08 13:07:05,457 [Listener at 127.0.0.1/38393] INFO  server.session (HouseKeeper.java:startScavenging(132)) - node0 Scavenging every 600000ms
2021-02-08 13:07:05,458 [Listener at 127.0.0.1/38393] INFO  handler.ContextHandler (ContextHandler.java:doStart(916)) - Started o.e.j.s.ServletContextHandler@5735aa9{logs,/logs,file:///github/workspace/mnt/ozone/hadoop-ozone/integration-test/target/log,AVAILABLE}
2021-02-08 13:07:05,458 [Listener at 127.0.0.1/38393] INFO  handler.ContextHandler (ContextHandler.java:doStart(916)) - Started o.e.j.s.ServletContextHandler@163376fc{static,/static,jar:file:/home/user/.m2/repository/org/apache/hadoop/hadoop-hdds-container-service/1.1.0-SNAPSHOT/hadoop-hdds-container-service-1.1.0-SNAPSHOT.jar!/webapps/static,AVAILABLE}
2021-02-08 13:07:05,611 [Listener at 127.0.0.1/38393] INFO  handler.ContextHandler (ContextHandler.java:doStart(916)) - Started o.e.j.w.WebAppContext@730ac028{hddsDatanode,/,file:///tmp/jetty-0_0_0_0-40201-hadoop-hdds-container-service-1_1_0-SNAPSHOT_jar-_-any-3144053122816125119/webapp/,AVAILABLE}{jar:file:/home/user/.m2/repository/org/apache/hadoop/hadoop-hdds-container-service/1.1.0-SNAPSHOT/hadoop-hdds-container-service-1.1.0-SNAPSHOT.jar!/webapps/hddsDatanode}
2021-02-08 13:07:05,613 [Listener at 127.0.0.1/38393] INFO  server.AbstractConnector (AbstractConnector.java:doStart(331)) - Started ServerConnector@7334074f{HTTP/1.1, (http/1.1)}{0.0.0.0:40201}
2021-02-08 13:07:05,613 [Listener at 127.0.0.1/38393] INFO  server.Server (Server.java:doStart(415)) - Started @43177ms
2021-02-08 13:07:05,613 [Listener at 127.0.0.1/38393] WARN  impl.MetricsSystemImpl (MetricsSystemImpl.java:register(279)) - Sink prometheus already exists!
2021-02-08 13:07:05,618 [Listener at 127.0.0.1/38393] INFO  http.BaseHttpServer (BaseHttpServer.java:updateConnectorAddress(327)) - HTTP server of hddsDatanode listening at http://0.0.0.0:40201
2021-02-08 13:07:05,622 [Listener at 127.0.0.1/38393] INFO  ozone.MiniOzoneClusterImpl (MiniOzoneClusterImpl.java:lambda$waitForClusterToBeReady$0(187)) - Waiting for nodes to be ready. Got 0 of 7 DN Heartbeats.
2021-02-08 13:07:05,622 [Listener at 127.0.0.1/38393] INFO  ozone.MiniOzoneClusterImpl (MiniOzoneClusterImpl.java:lambda$waitForClusterToBeReady$0(190)) - Waiting for cluster to exit safe mode
2021-02-08 13:07:05,625 [org.apache.hadoop.util.JvmPauseMonitor$Monitor@60ca983a] INFO  util.JvmPauseMonitor (JvmPauseMonitor.java:run(188)) - Starting JVM pause monitor
2021-02-08 13:07:05,628 [Datanode State Machine Task Thread - 0] INFO  datanode.InitDatanodeState (InitDatanodeState.java:persistContainerDatanodeDetails(145)) - DatanodeDetails is persisted to /github/workspace/mnt/ozone/hadoop-ozone/integration-test/target/test-dir/MiniOzoneClusterImpl-489e5869-bfe0-4080-b73d-d7b53c96c8d8/datanode-6/meta/datanode.id
2021-02-08 13:07:06,303 [EndpointStateMachine task thread for /0.0.0.0:44043 - 0 ] INFO  ozoneimpl.OzoneContainer (OzoneContainer.java:start(255)) - Attempting to start container services.
2021-02-08 13:07:06,303 [EndpointStateMachine task thread for /0.0.0.0:44043 - 0 ] INFO  ozoneimpl.OzoneContainer (OzoneContainer.java:startContainerScrub(219)) - Background container scanner has been disabled.
2021-02-08 13:07:06,303 [EndpointStateMachine task thread for /0.0.0.0:44043 - 0 ] INFO  replication.ReplicationServer (ReplicationServer.java:start(106)) - ReplicationServer is started using port 34163
2021-02-08 13:07:06,304 [EndpointStateMachine task thread for /0.0.0.0:44043 - 0 ] INFO  ratis.XceiverServerRatis (XceiverServerRatis.java:start(486)) - Starting XceiverServerRatis 61a3106f-4412-450d-ae4e-54e9a62c2593
2021-02-08 13:07:06,305 [EndpointStateMachine task thread for /0.0.0.0:44043 - 0 ] INFO  server.RaftServer (RaftServerProxy.java:lambda$start$5(374)) - 61a3106f-4412-450d-ae4e-54e9a62c2593: start RPC server
2021-02-08 13:07:06,306 [EndpointStateMachine task thread for /0.0.0.0:44043 - 0 ] INFO  server.GrpcService (GrpcService.java:startImpl(253)) - 61a3106f-4412-450d-ae4e-54e9a62c2593: GrpcService started, listening on 44185
2021-02-08 13:07:06,309 [EndpointStateMachine task thread for /0.0.0.0:44043 - 0 ] INFO  ratis.XceiverServerRatis (XceiverServerRatis.java:getRealPort(507)) - XceiverServerRatis 61a3106f-4412-450d-ae4e-54e9a62c2593 is started using port 44185 for RATIS
2021-02-08 13:07:06,309 [EndpointStateMachine task thread for /0.0.0.0:44043 - 0 ] INFO  ratis.XceiverServerRatis (XceiverServerRatis.java:getRealPort(507)) - XceiverServerRatis 61a3106f-4412-450d-ae4e-54e9a62c2593 is started using port 44185 for RATIS_ADMIN
2021-02-08 13:07:06,309 [EndpointStateMachine task thread for /0.0.0.0:44043 - 0 ] INFO  ratis.XceiverServerRatis (XceiverServerRatis.java:getRealPort(507)) - XceiverServerRatis 61a3106f-4412-450d-ae4e-54e9a62c2593 is started using port 44185 for RATIS_SERVER
2021-02-08 13:07:06,310 [EndpointStateMachine task thread for /0.0.0.0:44043 - 0 ] INFO  server.XceiverServerGrpc (XceiverServerGrpc.java:start(135)) - XceiverServerGrpc 61a3106f-4412-450d-ae4e-54e9a62c2593 is started using port 42293
2021-02-08 13:07:06,312 [org.apache.ratis.util.JvmPauseMonitor$$Lambda$504/1698180828@17f1aa1] INFO  util.JvmPauseMonitor (JvmPauseMonitor.java:run(103)) - JvmPauseMonitor-61a3106f-4412-450d-ae4e-54e9a62c2593: Started
2021-02-08 13:07:06,506 [EndpointStateMachine task thread for /0.0.0.0:44043 - 0 ] INFO  ozoneimpl.OzoneContainer (OzoneContainer.java:start(255)) - Attempting to start container services.
2021-02-08 13:07:06,507 [EndpointStateMachine task thread for /0.0.0.0:44043 - 0 ] INFO  ozoneimpl.OzoneContainer (OzoneContainer.java:startContainerScrub(219)) - Background container scanner has been disabled.
2021-02-08 13:07:06,508 [EndpointStateMachine task thread for /0.0.0.0:44043 - 0 ] INFO  replication.ReplicationServer (ReplicationServer.java:start(106)) - ReplicationServer is started using port 42573
2021-02-08 13:07:06,509 [EndpointStateMachine task thread for /0.0.0.0:44043 - 0 ] INFO  ratis.XceiverServerRatis (XceiverServerRatis.java:start(486)) - Starting XceiverServerRatis 76df9516-c5cc-44f1-9ecc-163502ad41b5
2021-02-08 13:07:06,511 [EndpointStateMachine task thread for /0.0.0.0:44043 - 0 ] INFO  server.RaftServer (RaftServerProxy.java:lambda$start$5(374)) - 76df9516-c5cc-44f1-9ecc-163502ad41b5: start RPC server
2021-02-08 13:07:06,511 [EndpointStateMachine task thread for /0.0.0.0:44043 - 0 ] INFO  server.GrpcService (GrpcService.java:startImpl(253)) - 76df9516-c5cc-44f1-9ecc-163502ad41b5: GrpcService started, listening on 33219
2021-02-08 13:07:06,512 [EndpointStateMachine task thread for /0.0.0.0:44043 - 0 ] INFO  ratis.XceiverServerRatis (XceiverServerRatis.java:getRealPort(507)) - XceiverServerRatis 76df9516-c5cc-44f1-9ecc-163502ad41b5 is started using port 33219 for RATIS
2021-02-08 13:07:06,512 [EndpointStateMachine task thread for /0.0.0.0:44043 - 0 ] INFO  ratis.XceiverServerRatis (XceiverServerRatis.java:getRealPort(507)) - XceiverServerRatis 76df9516-c5cc-44f1-9ecc-163502ad41b5 is started using port 33219 for RATIS_ADMIN
2021-02-08 13:07:06,512 [org.apache.ratis.util.JvmPauseMonitor$$Lambda$504/1698180828@487110f6] INFO  util.JvmPauseMonitor (JvmPauseMonitor.java:run(103)) - JvmPauseMonitor-76df9516-c5cc-44f1-9ecc-163502ad41b5: Started
2021-02-08 13:07:06,512 [EndpointStateMachine task thread for /0.0.0.0:44043 - 0 ] INFO  ratis.XceiverServerRatis (XceiverServerRatis.java:getRealPort(507)) - XceiverServerRatis 76df9516-c5cc-44f1-9ecc-163502ad41b5 is started using port 33219 for RATIS_SERVER
2021-02-08 13:07:06,512 [EndpointStateMachine task thread for /0.0.0.0:44043 - 0 ] INFO  server.XceiverServerGrpc (XceiverServerGrpc.java:start(135)) - XceiverServerGrpc 76df9516-c5cc-44f1-9ecc-163502ad41b5 is started using port 41883
2021-02-08 13:07:06,623 [Listener at 127.0.0.1/38393] INFO  ozone.MiniOzoneClusterImpl (MiniOzoneClusterImpl.java:lambda$waitForClusterToBeReady$0(187)) - Waiting for nodes to be ready. Got 0 of 7 DN Heartbeats.
2021-02-08 13:07:06,623 [Listener at 127.0.0.1/38393] INFO  ozone.MiniOzoneClusterImpl (MiniOzoneClusterImpl.java:lambda$waitForClusterToBeReady$0(190)) - Waiting for cluster to exit safe mode
2021-02-08 13:07:06,704 [EndpointStateMachine task thread for /0.0.0.0:44043 - 0 ] INFO  ozoneimpl.OzoneContainer (OzoneContainer.java:start(255)) - Attempting to start container services.
2021-02-08 13:07:06,705 [EndpointStateMachine task thread for /0.0.0.0:44043 - 0 ] INFO  ozoneimpl.OzoneContainer (OzoneContainer.java:startContainerScrub(219)) - Background container scanner has been disabled.
2021-02-08 13:07:06,705 [EndpointStateMachine task thread for /0.0.0.0:44043 - 0 ] INFO  replication.ReplicationServer (ReplicationServer.java:start(106)) - ReplicationServer is started using port 32897
2021-02-08 13:07:06,705 [EndpointStateMachine task thread for /0.0.0.0:44043 - 0 ] INFO  ratis.XceiverServerRatis (XceiverServerRatis.java:start(486)) - Starting XceiverServerRatis fc0eeb26-f5a4-40eb-8987-0eeb9e81290f
2021-02-08 13:07:06,706 [EndpointStateMachine task thread for /0.0.0.0:44043 - 0 ] INFO  server.RaftServer (RaftServerProxy.java:lambda$start$5(374)) - fc0eeb26-f5a4-40eb-8987-0eeb9e81290f: start RPC server
2021-02-08 13:07:06,706 [EndpointStateMachine task thread for /0.0.0.0:44043 - 0 ] INFO  server.GrpcService (GrpcService.java:startImpl(253)) - fc0eeb26-f5a4-40eb-8987-0eeb9e81290f: GrpcService started, listening on 39069
2021-02-08 13:07:06,708 [EndpointStateMachine task thread for /0.0.0.0:44043 - 0 ] INFO  ratis.XceiverServerRatis (XceiverServerRatis.java:getRealPort(507)) - XceiverServerRatis fc0eeb26-f5a4-40eb-8987-0eeb9e81290f is started using port 39069 for RATIS
2021-02-08 13:07:06,708 [org.apache.ratis.util.JvmPauseMonitor$$Lambda$504/1698180828@2b6948f8] INFO  util.JvmPauseMonitor (JvmPauseMonitor.java:run(103)) - JvmPauseMonitor-fc0eeb26-f5a4-40eb-8987-0eeb9e81290f: Started
2021-02-08 13:07:06,708 [EndpointStateMachine task thread for /0.0.0.0:44043 - 0 ] INFO  ratis.XceiverServerRatis (XceiverServerRatis.java:getRealPort(507)) - XceiverServerRatis fc0eeb26-f5a4-40eb-8987-0eeb9e81290f is started using port 39069 for RATIS_ADMIN
2021-02-08 13:07:06,708 [EndpointStateMachine task thread for /0.0.0.0:44043 - 0 ] INFO  ratis.XceiverServerRatis (XceiverServerRatis.java:getRealPort(507)) - XceiverServerRatis fc0eeb26-f5a4-40eb-8987-0eeb9e81290f is started using port 39069 for RATIS_SERVER
2021-02-08 13:07:06,709 [EndpointStateMachine task thread for /0.0.0.0:44043 - 0 ] INFO  server.XceiverServerGrpc (XceiverServerGrpc.java:start(135)) - XceiverServerGrpc fc0eeb26-f5a4-40eb-8987-0eeb9e81290f is started using port 34631
2021-02-08 13:07:07,027 [EndpointStateMachine task thread for /0.0.0.0:44043 - 0 ] INFO  ozoneimpl.OzoneContainer (OzoneContainer.java:start(255)) - Attempting to start container services.
2021-02-08 13:07:07,028 [EndpointStateMachine task thread for /0.0.0.0:44043 - 0 ] INFO  ozoneimpl.OzoneContainer (OzoneContainer.java:startContainerScrub(219)) - Background container scanner has been disabled.
2021-02-08 13:07:07,029 [EndpointStateMachine task thread for /0.0.0.0:44043 - 0 ] INFO  replication.ReplicationServer (ReplicationServer.java:start(106)) - ReplicationServer is started using port 34847
2021-02-08 13:07:07,029 [EndpointStateMachine task thread for /0.0.0.0:44043 - 0 ] INFO  ratis.XceiverServerRatis (XceiverServerRatis.java:start(486)) - Starting XceiverServerRatis 2b6c692d-bd16-4e2f-be54-cf6999516ba1
2021-02-08 13:07:07,030 [EndpointStateMachine task thread for /0.0.0.0:44043 - 0 ] INFO  server.RaftServer (RaftServerProxy.java:lambda$start$5(374)) - 2b6c692d-bd16-4e2f-be54-cf6999516ba1: start RPC server
2021-02-08 13:07:07,030 [EndpointStateMachine task thread for /0.0.0.0:44043 - 0 ] INFO  server.GrpcService (GrpcService.java:startImpl(253)) - 2b6c692d-bd16-4e2f-be54-cf6999516ba1: GrpcService started, listening on 33969
2021-02-08 13:07:07,031 [EndpointStateMachine task thread for /0.0.0.0:44043 - 0 ] INFO  ratis.XceiverServerRatis (XceiverServerRatis.java:getRealPort(507)) - XceiverServerRatis 2b6c692d-bd16-4e2f-be54-cf6999516ba1 is started using port 33969 for RATIS
2021-02-08 13:07:07,031 [org.apache.ratis.util.JvmPauseMonitor$$Lambda$504/1698180828@e592e08] INFO  util.JvmPauseMonitor (JvmPauseMonitor.java:run(103)) - JvmPauseMonitor-2b6c692d-bd16-4e2f-be54-cf6999516ba1: Started
2021-02-08 13:07:07,031 [EndpointStateMachine task thread for /0.0.0.0:44043 - 0 ] INFO  ratis.XceiverServerRatis (XceiverServerRatis.java:getRealPort(507)) - XceiverServerRatis 2b6c692d-bd16-4e2f-be54-cf6999516ba1 is started using port 33969 for RATIS_ADMIN
2021-02-08 13:07:07,032 [EndpointStateMachine task thread for /0.0.0.0:44043 - 0 ] INFO  ratis.XceiverServerRatis (XceiverServerRatis.java:getRealPort(507)) - XceiverServerRatis 2b6c692d-bd16-4e2f-be54-cf6999516ba1 is started using port 33969 for RATIS_SERVER
2021-02-08 13:07:07,032 [EndpointStateMachine task thread for /0.0.0.0:44043 - 0 ] INFO  server.XceiverServerGrpc (XceiverServerGrpc.java:start(135)) - XceiverServerGrpc 2b6c692d-bd16-4e2f-be54-cf6999516ba1 is started using port 39767
2021-02-08 13:07:07,225 [EndpointStateMachine task thread for /0.0.0.0:44043 - 0 ] INFO  ozoneimpl.OzoneContainer (OzoneContainer.java:start(255)) - Attempting to start container services.
2021-02-08 13:07:07,226 [EndpointStateMachine task thread for /0.0.0.0:44043 - 0 ] INFO  ozoneimpl.OzoneContainer (OzoneContainer.java:startContainerScrub(219)) - Background container scanner has been disabled.
2021-02-08 13:07:07,227 [EndpointStateMachine task thread for /0.0.0.0:44043 - 0 ] INFO  replication.ReplicationServer (ReplicationServer.java:start(106)) - ReplicationServer is started using port 38183
2021-02-08 13:07:07,227 [EndpointStateMachine task thread for /0.0.0.0:44043 - 0 ] INFO  ratis.XceiverServerRatis (XceiverServerRatis.java:start(486)) - Starting XceiverServerRatis 81ab00b2-2f95-4a2f-a7cf-2c0713c6a9d2
2021-02-08 13:07:07,228 [EndpointStateMachine task thread for /0.0.0.0:44043 - 0 ] INFO  server.RaftServer (RaftServerProxy.java:lambda$start$5(374)) - 81ab00b2-2f95-4a2f-a7cf-2c0713c6a9d2: start RPC server
2021-02-08 13:07:07,229 [EndpointStateMachine task thread for /0.0.0.0:44043 - 0 ] INFO  server.GrpcService (GrpcService.java:startImpl(253)) - 81ab00b2-2f95-4a2f-a7cf-2c0713c6a9d2: GrpcService started, listening on 43993
2021-02-08 13:07:07,229 [EndpointStateMachine task thread for /0.0.0.0:44043 - 0 ] INFO  ratis.XceiverServerRatis (XceiverServerRatis.java:getRealPort(507)) - XceiverServerRatis 81ab00b2-2f95-4a2f-a7cf-2c0713c6a9d2 is started using port 43993 for RATIS
2021-02-08 13:07:07,229 [EndpointStateMachine task thread for /0.0.0.0:44043 - 0 ] INFO  ratis.XceiverServerRatis (XceiverServerRatis.java:getRealPort(507)) - XceiverServerRatis 81ab00b2-2f95-4a2f-a7cf-2c0713c6a9d2 is started using port 43993 for RATIS_ADMIN
2021-02-08 13:07:07,229 [EndpointStateMachine task thread for /0.0.0.0:44043 - 0 ] INFO  ratis.XceiverServerRatis (XceiverServerRatis.java:getRealPort(507)) - XceiverServerRatis 81ab00b2-2f95-4a2f-a7cf-2c0713c6a9d2 is started using port 43993 for RATIS_SERVER
2021-02-08 13:07:07,230 [EndpointStateMachine task thread for /0.0.0.0:44043 - 0 ] INFO  server.XceiverServerGrpc (XceiverServerGrpc.java:start(135)) - XceiverServerGrpc 81ab00b2-2f95-4a2f-a7cf-2c0713c6a9d2 is started using port 44517
2021-02-08 13:07:07,231 [org.apache.ratis.util.JvmPauseMonitor$$Lambda$504/1698180828@754dcd00] INFO  util.JvmPauseMonitor (JvmPauseMonitor.java:run(103)) - JvmPauseMonitor-81ab00b2-2f95-4a2f-a7cf-2c0713c6a9d2: Started
2021-02-08 13:07:07,437 [EndpointStateMachine task thread for /0.0.0.0:44043 - 0 ] INFO  ozoneimpl.OzoneContainer (OzoneContainer.java:start(255)) - Attempting to start container services.
2021-02-08 13:07:07,437 [EndpointStateMachine task thread for /0.0.0.0:44043 - 0 ] INFO  ozoneimpl.OzoneContainer (OzoneContainer.java:startContainerScrub(219)) - Background container scanner has been disabled.
2021-02-08 13:07:07,438 [EndpointStateMachine task thread for /0.0.0.0:44043 - 0 ] INFO  replication.ReplicationServer (ReplicationServer.java:start(106)) - ReplicationServer is started using port 36513
2021-02-08 13:07:07,438 [EndpointStateMachine task thread for /0.0.0.0:44043 - 0 ] INFO  ratis.XceiverServerRatis (XceiverServerRatis.java:start(486)) - Starting XceiverServerRatis 2534f833-6bfe-45b3-bb55-3e90c3f01f9c
2021-02-08 13:07:07,439 [EndpointStateMachine task thread for /0.0.0.0:44043 - 0 ] INFO  server.RaftServer (RaftServerProxy.java:lambda$start$5(374)) - 2534f833-6bfe-45b3-bb55-3e90c3f01f9c: start RPC server
2021-02-08 13:07:07,440 [EndpointStateMachine task thread for /0.0.0.0:44043 - 0 ] INFO  server.GrpcService (GrpcService.java:startImpl(253)) - 2534f833-6bfe-45b3-bb55-3e90c3f01f9c: GrpcService started, listening on 41421
2021-02-08 13:07:07,441 [EndpointStateMachine task thread for /0.0.0.0:44043 - 0 ] INFO  ratis.XceiverServerRatis (XceiverServerRatis.java:getRealPort(507)) - XceiverServerRatis 2534f833-6bfe-45b3-bb55-3e90c3f01f9c is started using port 41421 for RATIS
2021-02-08 13:07:07,441 [org.apache.ratis.util.JvmPauseMonitor$$Lambda$504/1698180828@285c3b60] INFO  util.JvmPauseMonitor (JvmPauseMonitor.java:run(103)) - JvmPauseMonitor-2534f833-6bfe-45b3-bb55-3e90c3f01f9c: Started
2021-02-08 13:07:07,441 [EndpointStateMachine task thread for /0.0.0.0:44043 - 0 ] INFO  ratis.XceiverServerRatis (XceiverServerRatis.java:getRealPort(507)) - XceiverServerRatis 2534f833-6bfe-45b3-bb55-3e90c3f01f9c is started using port 41421 for RATIS_ADMIN
2021-02-08 13:07:07,441 [EndpointStateMachine task thread for /0.0.0.0:44043 - 0 ] INFO  ratis.XceiverServerRatis (XceiverServerRatis.java:getRealPort(507)) - XceiverServerRatis 2534f833-6bfe-45b3-bb55-3e90c3f01f9c is started using port 41421 for RATIS_SERVER
2021-02-08 13:07:07,441 [EndpointStateMachine task thread for /0.0.0.0:44043 - 0 ] INFO  server.XceiverServerGrpc (XceiverServerGrpc.java:start(135)) - XceiverServerGrpc 2534f833-6bfe-45b3-bb55-3e90c3f01f9c is started using port 37831
2021-02-08 13:07:07,623 [Listener at 127.0.0.1/38393] INFO  ozone.MiniOzoneClusterImpl (MiniOzoneClusterImpl.java:lambda$waitForClusterToBeReady$0(187)) - Waiting for nodes to be ready. Got 0 of 7 DN Heartbeats.
2021-02-08 13:07:07,624 [Listener at 127.0.0.1/38393] INFO  ozone.MiniOzoneClusterImpl (MiniOzoneClusterImpl.java:lambda$waitForClusterToBeReady$0(190)) - Waiting for cluster to exit safe mode
2021-02-08 13:07:07,629 [EndpointStateMachine task thread for /0.0.0.0:44043 - 0 ] INFO  ozoneimpl.OzoneContainer (OzoneContainer.java:start(255)) - Attempting to start container services.
2021-02-08 13:07:07,630 [EndpointStateMachine task thread for /0.0.0.0:44043 - 0 ] INFO  ozoneimpl.OzoneContainer (OzoneContainer.java:startContainerScrub(219)) - Background container scanner has been disabled.
2021-02-08 13:07:07,631 [EndpointStateMachine task thread for /0.0.0.0:44043 - 0 ] INFO  replication.ReplicationServer (ReplicationServer.java:start(106)) - ReplicationServer is started using port 33127
2021-02-08 13:07:07,631 [EndpointStateMachine task thread for /0.0.0.0:44043 - 0 ] INFO  ratis.XceiverServerRatis (XceiverServerRatis.java:start(486)) - Starting XceiverServerRatis f93bfba0-937c-4ad5-aa8e-b62a4ac7242c
2021-02-08 13:07:07,631 [EndpointStateMachine task thread for /0.0.0.0:44043 - 0 ] INFO  server.RaftServer (RaftServerProxy.java:lambda$start$5(374)) - f93bfba0-937c-4ad5-aa8e-b62a4ac7242c: start RPC server
2021-02-08 13:07:07,632 [EndpointStateMachine task thread for /0.0.0.0:44043 - 0 ] INFO  server.GrpcService (GrpcService.java:startImpl(253)) - f93bfba0-937c-4ad5-aa8e-b62a4ac7242c: GrpcService started, listening on 37989
2021-02-08 13:07:07,632 [EndpointStateMachine task thread for /0.0.0.0:44043 - 0 ] INFO  ratis.XceiverServerRatis (XceiverServerRatis.java:getRealPort(507)) - XceiverServerRatis f93bfba0-937c-4ad5-aa8e-b62a4ac7242c is started using port 37989 for RATIS
2021-02-08 13:07:07,632 [org.apache.ratis.util.JvmPauseMonitor$$Lambda$504/1698180828@6bd1654] INFO  util.JvmPauseMonitor (JvmPauseMonitor.java:run(103)) - JvmPauseMonitor-f93bfba0-937c-4ad5-aa8e-b62a4ac7242c: Started
2021-02-08 13:07:07,632 [EndpointStateMachine task thread for /0.0.0.0:44043 - 0 ] INFO  ratis.XceiverServerRatis (XceiverServerRatis.java:getRealPort(507)) - XceiverServerRatis f93bfba0-937c-4ad5-aa8e-b62a4ac7242c is started using port 37989 for RATIS_ADMIN
2021-02-08 13:07:07,632 [EndpointStateMachine task thread for /0.0.0.0:44043 - 0 ] INFO  ratis.XceiverServerRatis (XceiverServerRatis.java:getRealPort(507)) - XceiverServerRatis f93bfba0-937c-4ad5-aa8e-b62a4ac7242c is started using port 37989 for RATIS_SERVER
2021-02-08 13:07:07,635 [EndpointStateMachine task thread for /0.0.0.0:44043 - 0 ] INFO  server.XceiverServerGrpc (XceiverServerGrpc.java:start(135)) - XceiverServerGrpc f93bfba0-937c-4ad5-aa8e-b62a4ac7242c is started using port 42159
2021-02-08 13:07:08,292 [IPC Server handler 2 on default port 44043] INFO  net.NetworkTopologyImpl (NetworkTopologyImpl.java:add(112)) - Added a new node: /default-rack/61a3106f-4412-450d-ae4e-54e9a62c2593
2021-02-08 13:07:08,294 [IPC Server handler 2 on default port 44043] INFO  node.SCMNodeManager (SCMNodeManager.java:register(341)) - Registered Data node : 61a3106f-4412-450d-ae4e-54e9a62c2593{ip: 172.17.0.2, host: c20f386514e7, ports: [REPLICATION=34163, RATIS=44185, RATIS_ADMIN=44185, RATIS_SERVER=44185, STANDALONE=42293], networkLocation: /default-rack, certSerialId: null, persistedOpState: null, persistedOpStateExpiryEpochSec: 0}
2021-02-08 13:07:08,294 [RatisPipelineUtilsThread] INFO  pipeline.RatisPipelineProvider (RatisPipelineProvider.java:lambda$create$0(161)) - Sending CreatePipelineCommand for pipeline:PipelineID=319e87cf-fe30-450f-beb4-00049fe86969 to datanode:61a3106f-4412-450d-ae4e-54e9a62c2593
2021-02-08 13:07:08,295 [RatisPipelineUtilsThread] INFO  pipeline.PipelineStateManager (PipelineStateManager.java:addPipeline(54)) - Created pipeline Pipeline[ Id: 319e87cf-fe30-450f-beb4-00049fe86969, Nodes: 61a3106f-4412-450d-ae4e-54e9a62c2593{ip: 172.17.0.2, host: c20f386514e7, ports: [REPLICATION=34163, RATIS=44185, RATIS_ADMIN=44185, RATIS_SERVER=44185, STANDALONE=42293], networkLocation: /default-rack, certSerialId: null, persistedOpState: IN_SERVICE, persistedOpStateExpiryEpochSec: 0}, Type:RATIS, Factor:ONE, State:ALLOCATED, leaderId:, CreationTimestamp2021-02-08T13:07:08.294Z]
2021-02-08 13:07:08,295 [EventQueue-NodeRegistrationContainerReportForDataNodeSafeModeRule] INFO  safemode.SCMSafeModeManager (DataNodeSafeModeRule.java:process(71)) - SCM in safe mode. 1 DataNodes registered, 1 required.
2021-02-08 13:07:08,295 [EventQueue-NodeRegistrationContainerReportForDataNodeSafeModeRule] INFO  safemode.SCMSafeModeManager (SCMSafeModeManager.java:validateSafeModeExitRules(214)) - DataNodeSafeModeRule rule is successfully validated
2021-02-08 13:07:08,295 [EventQueue-NodeRegistrationContainerReportForDataNodeSafeModeRule] INFO  safemode.SCMSafeModeManager (SCMSafeModeManager.java:completePreCheck(242)) - All SCM safe mode pre check rules have passed
2021-02-08 13:07:08,295 [RatisPipelineUtilsThread] WARN  pipeline.PipelinePlacementPolicy (PipelinePlacementPolicy.java:filterViableNodes(142)) - Pipeline creation failed due to no sufficient healthy datanodes. Required 3. Found 1.
2021-02-08 13:07:08,298 [EventQueue-NodeRegistrationContainerReportForContainerSafeModeRule] INFO  safemode.SCMSafeModeManager (SCMSafeModeManager.java:validateSafeModeExitRules(214)) - ContainerSafeModeRule rule is successfully validated
2021-02-08 13:07:08,298 [EventQueue-PipelineReportForOneReplicaPipelineSafeModeRule] INFO  safemode.SCMSafeModeManager (SCMSafeModeManager.java:validateSafeModeExitRules(214)) - AtleastOneDatanodeReportedRule rule is successfully validated
2021-02-08 13:07:08,504 [IPC Server handler 3 on default port 44043] INFO  net.NetworkTopologyImpl (NetworkTopologyImpl.java:add(112)) - Added a new node: /default-rack/76df9516-c5cc-44f1-9ecc-163502ad41b5
2021-02-08 13:07:08,504 [IPC Server handler 3 on default port 44043] INFO  node.SCMNodeManager (SCMNodeManager.java:register(341)) - Registered Data node : 76df9516-c5cc-44f1-9ecc-163502ad41b5{ip: 172.17.0.2, host: c20f386514e7, ports: [REPLICATION=42573, RATIS=33219, RATIS_ADMIN=33219, RATIS_SERVER=33219, STANDALONE=41883], networkLocation: /default-rack, certSerialId: null, persistedOpState: null, persistedOpStateExpiryEpochSec: 0}
2021-02-08 13:07:08,505 [EventQueue-NodeRegistrationContainerReportForDataNodeSafeModeRule] INFO  safemode.SCMSafeModeManager (SCMSafeModeManager.java:validateSafeModeExitRules(214)) - DataNodeSafeModeRule rule is successfully validated
2021-02-08 13:07:08,505 [EventQueue-PipelineReportForOneReplicaPipelineSafeModeRule] INFO  safemode.SCMSafeModeManager (SCMSafeModeManager.java:validateSafeModeExitRules(214)) - AtleastOneDatanodeReportedRule rule is successfully validated
2021-02-08 13:07:08,505 [EventQueue-NodeRegistrationContainerReportForContainerSafeModeRule] INFO  safemode.SCMSafeModeManager (SCMSafeModeManager.java:validateSafeModeExitRules(214)) - ContainerSafeModeRule rule is successfully validated
2021-02-08 13:07:08,505 [RatisPipelineUtilsThread] INFO  pipeline.RatisPipelineProvider (RatisPipelineProvider.java:lambda$create$0(161)) - Sending CreatePipelineCommand for pipeline:PipelineID=ac69dcba-67ec-453a-b871-437eafe741a7 to datanode:76df9516-c5cc-44f1-9ecc-163502ad41b5
2021-02-08 13:07:08,506 [RatisPipelineUtilsThread] INFO  pipeline.PipelineStateManager (PipelineStateManager.java:addPipeline(54)) - Created pipeline Pipeline[ Id: ac69dcba-67ec-453a-b871-437eafe741a7, Nodes: 76df9516-c5cc-44f1-9ecc-163502ad41b5{ip: 172.17.0.2, host: c20f386514e7, ports: [REPLICATION=42573, RATIS=33219, RATIS_ADMIN=33219, RATIS_SERVER=33219, STANDALONE=41883], networkLocation: /default-rack, certSerialId: null, persistedOpState: IN_SERVICE, persistedOpStateExpiryEpochSec: 0}, Type:RATIS, Factor:ONE, State:ALLOCATED, leaderId:, CreationTimestamp2021-02-08T13:07:08.505Z]
2021-02-08 13:07:08,506 [RatisPipelineUtilsThread] WARN  pipeline.PipelinePlacementPolicy (PipelinePlacementPolicy.java:filterViableNodes(142)) - Pipeline creation failed due to no sufficient healthy datanodes. Required 3. Found 2.
2021-02-08 13:07:08,624 [Listener at 127.0.0.1/38393] INFO  ozone.MiniOzoneClusterImpl (MiniOzoneClusterImpl.java:lambda$waitForClusterToBeReady$0(187)) - Waiting for nodes to be ready. Got 2 of 7 DN Heartbeats.
2021-02-08 13:07:08,624 [Listener at 127.0.0.1/38393] INFO  ozone.MiniOzoneClusterImpl (MiniOzoneClusterImpl.java:lambda$waitForClusterToBeReady$0(190)) - Waiting for cluster to exit safe mode
2021-02-08 13:07:08,704 [IPC Server handler 4 on default port 44043] INFO  net.NetworkTopologyImpl (NetworkTopologyImpl.java:add(112)) - Added a new node: /default-rack/fc0eeb26-f5a4-40eb-8987-0eeb9e81290f
2021-02-08 13:07:08,704 [IPC Server handler 4 on default port 44043] INFO  node.SCMNodeManager (SCMNodeManager.java:register(341)) - Registered Data node : fc0eeb26-f5a4-40eb-8987-0eeb9e81290f{ip: 172.17.0.2, host: c20f386514e7, ports: [REPLICATION=32897, RATIS=39069, RATIS_ADMIN=39069, RATIS_SERVER=39069, STANDALONE=34631], networkLocation: /default-rack, certSerialId: null, persistedOpState: null, persistedOpStateExpiryEpochSec: 0}
2021-02-08 13:07:08,705 [EventQueue-NodeRegistrationContainerReportForDataNodeSafeModeRule] INFO  safemode.SCMSafeModeManager (SCMSafeModeManager.java:validateSafeModeExitRules(214)) - DataNodeSafeModeRule rule is successfully validated
2021-02-08 13:07:08,705 [EventQueue-NodeRegistrationContainerReportForContainerSafeModeRule] INFO  safemode.SCMSafeModeManager (SCMSafeModeManager.java:validateSafeModeExitRules(214)) - ContainerSafeModeRule rule is successfully validated
2021-02-08 13:07:08,705 [EventQueue-PipelineReportForOneReplicaPipelineSafeModeRule] INFO  safemode.SCMSafeModeManager (SCMSafeModeManager.java:validateSafeModeExitRules(214)) - AtleastOneDatanodeReportedRule rule is successfully validated
2021-02-08 13:07:08,707 [RatisPipelineUtilsThread] INFO  pipeline.RatisPipelineProvider (RatisPipelineProvider.java:lambda$create$0(161)) - Sending CreatePipelineCommand for pipeline:PipelineID=c705e97d-344b-41b0-aafb-2693516f719d to datanode:fc0eeb26-f5a4-40eb-8987-0eeb9e81290f
2021-02-08 13:07:08,708 [RatisPipelineUtilsThread] INFO  pipeline.PipelineStateManager (PipelineStateManager.java:addPipeline(54)) - Created pipeline Pipeline[ Id: c705e97d-344b-41b0-aafb-2693516f719d, Nodes: fc0eeb26-f5a4-40eb-8987-0eeb9e81290f{ip: 172.17.0.2, host: c20f386514e7, ports: [REPLICATION=32897, RATIS=39069, RATIS_ADMIN=39069, RATIS_SERVER=39069, STANDALONE=34631], networkLocation: /default-rack, certSerialId: null, persistedOpState: IN_SERVICE, persistedOpStateExpiryEpochSec: 0}, Type:RATIS, Factor:ONE, State:ALLOCATED, leaderId:, CreationTimestamp2021-02-08T13:07:08.707Z]
2021-02-08 13:07:08,713 [RatisPipelineUtilsThread] INFO  pipeline.RatisPipelineProvider (RatisPipelineProvider.java:lambda$create$0(161)) - Sending CreatePipelineCommand for pipeline:PipelineID=a11de40c-9c50-46d9-a87a-cb02c2db3c87 to datanode:fc0eeb26-f5a4-40eb-8987-0eeb9e81290f
2021-02-08 13:07:08,713 [RatisPipelineUtilsThread] INFO  pipeline.RatisPipelineProvider (RatisPipelineProvider.java:lambda$create$0(161)) - Sending CreatePipelineCommand for pipeline:PipelineID=a11de40c-9c50-46d9-a87a-cb02c2db3c87 to datanode:61a3106f-4412-450d-ae4e-54e9a62c2593
2021-02-08 13:07:08,713 [RatisPipelineUtilsThread] INFO  pipeline.RatisPipelineProvider (RatisPipelineProvider.java:lambda$create$0(161)) - Sending CreatePipelineCommand for pipeline:PipelineID=a11de40c-9c50-46d9-a87a-cb02c2db3c87 to datanode:76df9516-c5cc-44f1-9ecc-163502ad41b5
2021-02-08 13:07:08,714 [RatisPipelineUtilsThread] INFO  pipeline.PipelineStateManager (PipelineStateManager.java:addPipeline(54)) - Created pipeline Pipeline[ Id: a11de40c-9c50-46d9-a87a-cb02c2db3c87, Nodes: fc0eeb26-f5a4-40eb-8987-0eeb9e81290f{ip: 172.17.0.2, host: c20f386514e7, ports: [REPLICATION=32897, RATIS=39069, RATIS_ADMIN=39069, RATIS_SERVER=39069, STANDALONE=34631], networkLocation: /default-rack, certSerialId: null, persistedOpState: IN_SERVICE, persistedOpStateExpiryEpochSec: 0}61a3106f-4412-450d-ae4e-54e9a62c2593{ip: 172.17.0.2, host: c20f386514e7, ports: [REPLICATION=34163, RATIS=44185, RATIS_ADMIN=44185, RATIS_SERVER=44185, STANDALONE=42293], networkLocation: /default-rack, certSerialId: null, persistedOpState: IN_SERVICE, persistedOpStateExpiryEpochSec: 0}76df9516-c5cc-44f1-9ecc-163502ad41b5{ip: 172.17.0.2, host: c20f386514e7, ports: [REPLICATION=42573, RATIS=33219, RATIS_ADMIN=33219, RATIS_SERVER=33219, STANDALONE=41883], networkLocation: /default-rack, certSerialId: null, persistedOpState: IN_SERVICE, persistedOpStateExpiryEpochSec: 0}, Type:RATIS, Factor:THREE, State:ALLOCATED, leaderId:, CreationTimestamp2021-02-08T13:07:08.713Z]
2021-02-08 13:07:08,714 [RatisPipelineUtilsThread] INFO  pipeline.RatisPipelineProvider (RatisPipelineProvider.java:lambda$create$0(161)) - Sending CreatePipelineCommand for pipeline:PipelineID=d16511c0-ad72-4a36-9e78-a9061cc89c88 to datanode:61a3106f-4412-450d-ae4e-54e9a62c2593
2021-02-08 13:07:08,714 [RatisPipelineUtilsThread] INFO  pipeline.RatisPipelineProvider (RatisPipelineProvider.java:lambda$create$0(161)) - Sending CreatePipelineCommand for pipeline:PipelineID=d16511c0-ad72-4a36-9e78-a9061cc89c88 to datanode:76df9516-c5cc-44f1-9ecc-163502ad41b5
2021-02-08 13:07:08,715 [RatisPipelineUtilsThread] INFO  pipeline.RatisPipelineProvider (RatisPipelineProvider.java:lambda$create$0(161)) - Sending CreatePipelineCommand for pipeline:PipelineID=d16511c0-ad72-4a36-9e78-a9061cc89c88 to datanode:fc0eeb26-f5a4-40eb-8987-0eeb9e81290f
2021-02-08 13:07:08,715 [RatisPipelineUtilsThread] INFO  pipeline.PipelineStateManager (PipelineStateManager.java:addPipeline(54)) - Created pipeline Pipeline[ Id: d16511c0-ad72-4a36-9e78-a9061cc89c88, Nodes: 61a3106f-4412-450d-ae4e-54e9a62c2593{ip: 172.17.0.2, host: c20f386514e7, ports: [REPLICATION=34163, RATIS=44185, RATIS_ADMIN=44185, RATIS_SERVER=44185, STANDALONE=42293], networkLocation: /default-rack, certSerialId: null, persistedOpState: IN_SERVICE, persistedOpStateExpiryEpochSec: 0}76df9516-c5cc-44f1-9ecc-163502ad41b5{ip: 172.17.0.2, host: c20f386514e7, ports: [REPLICATION=42573, RATIS=33219, RATIS_ADMIN=33219, RATIS_SERVER=33219, STANDALONE=41883], networkLocation: /default-rack, certSerialId: null, persistedOpState: IN_SERVICE, persistedOpStateExpiryEpochSec: 0}fc0eeb26-f5a4-40eb-8987-0eeb9e81290f{ip: 172.17.0.2, host: c20f386514e7, ports: [REPLICATION=32897, RATIS=39069, RATIS_ADMIN=39069, RATIS_SERVER=39069, STANDALONE=34631], networkLocation: /default-rack, certSerialId: null, persistedOpState: IN_SERVICE, persistedOpStateExpiryEpochSec: 0}, Type:RATIS, Factor:THREE, State:ALLOCATED, leaderId:, CreationTimestamp2021-02-08T13:07:08.714Z]
2021-02-08 13:07:08,715 [RatisPipelineUtilsThread] INFO  pipeline.SCMPipelineManager (SCMPipelineManager.java:recordMetricsForPipeline(243)) - Pipeline: PipelineID=d16511c0-ad72-4a36-9e78-a9061cc89c88 contains same datanodes as previous pipelines: PipelineID=a11de40c-9c50-46d9-a87a-cb02c2db3c87 nodeIds: 61a3106f-4412-450d-ae4e-54e9a62c2593, 76df9516-c5cc-44f1-9ecc-163502ad41b5, fc0eeb26-f5a4-40eb-8987-0eeb9e81290f
2021-02-08 13:07:09,025 [IPC Server handler 0 on default port 44043] INFO  net.NetworkTopologyImpl (NetworkTopologyImpl.java:add(112)) - Added a new node: /default-rack/2b6c692d-bd16-4e2f-be54-cf6999516ba1
2021-02-08 13:07:09,026 [IPC Server handler 0 on default port 44043] INFO  node.SCMNodeManager (SCMNodeManager.java:register(341)) - Registered Data node : 2b6c692d-bd16-4e2f-be54-cf6999516ba1{ip: 172.17.0.2, host: c20f386514e7, ports: [REPLICATION=34847, RATIS=33969, RATIS_ADMIN=33969, RATIS_SERVER=33969, STANDALONE=39767], networkLocation: /default-rack, certSerialId: null, persistedOpState: null, persistedOpStateExpiryEpochSec: 0}
2021-02-08 13:07:09,026 [EventQueue-NodeRegistrationContainerReportForContainerSafeModeRule] INFO  safemode.SCMSafeModeManager (SCMSafeModeManager.java:validateSafeModeExitRules(214)) - ContainerSafeModeRule rule is successfully validated
2021-02-08 13:07:09,026 [EventQueue-PipelineReportForOneReplicaPipelineSafeModeRule] INFO  safemode.SCMSafeModeManager (SCMSafeModeManager.java:validateSafeModeExitRules(214)) - AtleastOneDatanodeReportedRule rule is successfully validated
2021-02-08 13:07:09,026 [EventQueue-NodeRegistrationContainerReportForDataNodeSafeModeRule] INFO  safemode.SCMSafeModeManager (SCMSafeModeManager.java:validateSafeModeExitRules(214)) - DataNodeSafeModeRule rule is successfully validated
2021-02-08 13:07:09,027 [RatisPipelineUtilsThread] INFO  pipeline.RatisPipelineProvider (RatisPipelineProvider.java:lambda$create$0(161)) - Sending CreatePipelineCommand for pipeline:PipelineID=c2e0b6b3-cec5-4931-bfd3-e9b3b8c96706 to datanode:2b6c692d-bd16-4e2f-be54-cf6999516ba1
2021-02-08 13:07:09,027 [RatisPipelineUtilsThread] INFO  pipeline.PipelineStateManager (PipelineStateManager.java:addPipeline(54)) - Created pipeline Pipeline[ Id: c2e0b6b3-cec5-4931-bfd3-e9b3b8c96706, Nodes: 2b6c692d-bd16-4e2f-be54-cf6999516ba1{ip: 172.17.0.2, host: c20f386514e7, ports: [REPLICATION=34847, RATIS=33969, RATIS_ADMIN=33969, RATIS_SERVER=33969, STANDALONE=39767], networkLocation: /default-rack, certSerialId: null, persistedOpState: IN_SERVICE, persistedOpStateExpiryEpochSec: 0}, Type:RATIS, Factor:ONE, State:ALLOCATED, leaderId:, CreationTimestamp2021-02-08T13:07:09.027Z]
2021-02-08 13:07:09,223 [IPC Server handler 1 on default port 44043] INFO  net.NetworkTopologyImpl (NetworkTopologyImpl.java:add(112)) - Added a new node: /default-rack/81ab00b2-2f95-4a2f-a7cf-2c0713c6a9d2
2021-02-08 13:07:09,224 [IPC Server handler 1 on default port 44043] INFO  node.SCMNodeManager (SCMNodeManager.java:register(341)) - Registered Data node : 81ab00b2-2f95-4a2f-a7cf-2c0713c6a9d2{ip: 172.17.0.2, host: c20f386514e7, ports: [REPLICATION=38183, RATIS=43993, RATIS_ADMIN=43993, RATIS_SERVER=43993, STANDALONE=44517], networkLocation: /default-rack, certSerialId: null, persistedOpState: null, persistedOpStateExpiryEpochSec: 0}
2021-02-08 13:07:09,224 [RatisPipelineUtilsThread] INFO  pipeline.RatisPipelineProvider (RatisPipelineProvider.java:lambda$create$0(161)) - Sending CreatePipelineCommand for pipeline:PipelineID=d5abc75a-9b88-4f3d-b224-4caae4725cbc to datanode:81ab00b2-2f95-4a2f-a7cf-2c0713c6a9d2
2021-02-08 13:07:09,224 [EventQueue-NodeRegistrationContainerReportForDataNodeSafeModeRule] INFO  safemode.SCMSafeModeManager (SCMSafeModeManager.java:validateSafeModeExitRules(214)) - DataNodeSafeModeRule rule is successfully validated
2021-02-08 13:07:09,225 [EventQueue-PipelineReportForOneReplicaPipelineSafeModeRule] INFO  safemode.SCMSafeModeManager (SCMSafeModeManager.java:validateSafeModeExitRules(214)) - AtleastOneDatanodeReportedRule rule is successfully validated
2021-02-08 13:07:09,225 [EventQueue-NodeRegistrationContainerReportForContainerSafeModeRule] INFO  safemode.SCMSafeModeManager (SCMSafeModeManager.java:validateSafeModeExitRules(214)) - ContainerSafeModeRule rule is successfully validated
2021-02-08 13:07:09,225 [RatisPipelineUtilsThread] INFO  pipeline.PipelineStateManager (PipelineStateManager.java:addPipeline(54)) - Created pipeline Pipeline[ Id: d5abc75a-9b88-4f3d-b224-4caae4725cbc, Nodes: 81ab00b2-2f95-4a2f-a7cf-2c0713c6a9d2{ip: 172.17.0.2, host: c20f386514e7, ports: [REPLICATION=38183, RATIS=43993, RATIS_ADMIN=43993, RATIS_SERVER=43993, STANDALONE=44517], networkLocation: /default-rack, certSerialId: null, persistedOpState: IN_SERVICE, persistedOpStateExpiryEpochSec: 0}, Type:RATIS, Factor:ONE, State:ALLOCATED, leaderId:, CreationTimestamp2021-02-08T13:07:09.224Z]
2021-02-08 13:07:09,435 [IPC Server handler 3 on default port 44043] INFO  net.NetworkTopologyImpl (NetworkTopologyImpl.java:add(112)) - Added a new node: /default-rack/2534f833-6bfe-45b3-bb55-3e90c3f01f9c
2021-02-08 13:07:09,435 [IPC Server handler 3 on default port 44043] INFO  node.SCMNodeManager (SCMNodeManager.java:register(341)) - Registered Data node : 2534f833-6bfe-45b3-bb55-3e90c3f01f9c{ip: 172.17.0.2, host: c20f386514e7, ports: [REPLICATION=36513, RATIS=41421, RATIS_ADMIN=41421, RATIS_SERVER=41421, STANDALONE=37831], networkLocation: /default-rack, certSerialId: null, persistedOpState: null, persistedOpStateExpiryEpochSec: 0}
2021-02-08 13:07:09,436 [RatisPipelineUtilsThread] INFO  pipeline.RatisPipelineProvider (RatisPipelineProvider.java:lambda$create$0(161)) - Sending CreatePipelineCommand for pipeline:PipelineID=82cd6639-bd6e-4324-8bae-af9ccea08de5 to datanode:2534f833-6bfe-45b3-bb55-3e90c3f01f9c
2021-02-08 13:07:09,436 [EventQueue-NodeRegistrationContainerReportForDataNodeSafeModeRule] INFO  safemode.SCMSafeModeManager (SCMSafeModeManager.java:validateSafeModeExitRules(214)) - DataNodeSafeModeRule rule is successfully validated
2021-02-08 13:07:09,436 [EventQueue-PipelineReportForOneReplicaPipelineSafeModeRule] INFO  safemode.SCMSafeModeManager (SCMSafeModeManager.java:validateSafeModeExitRules(214)) - AtleastOneDatanodeReportedRule rule is successfully validated
2021-02-08 13:07:09,437 [EventQueue-NodeRegistrationContainerReportForContainerSafeModeRule] INFO  safemode.SCMSafeModeManager (SCMSafeModeManager.java:validateSafeModeExitRules(214)) - ContainerSafeModeRule rule is successfully validated
2021-02-08 13:07:09,437 [RatisPipelineUtilsThread] INFO  pipeline.PipelineStateManager (PipelineStateManager.java:addPipeline(54)) - Created pipeline Pipeline[ Id: 82cd6639-bd6e-4324-8bae-af9ccea08de5, Nodes: 2534f833-6bfe-45b3-bb55-3e90c3f01f9c{ip: 172.17.0.2, host: c20f386514e7, ports: [REPLICATION=36513, RATIS=41421, RATIS_ADMIN=41421, RATIS_SERVER=41421, STANDALONE=37831], networkLocation: /default-rack, certSerialId: null, persistedOpState: IN_SERVICE, persistedOpStateExpiryEpochSec: 0}, Type:RATIS, Factor:ONE, State:ALLOCATED, leaderId:, CreationTimestamp2021-02-08T13:07:09.436Z]
2021-02-08 13:07:09,438 [RatisPipelineUtilsThread] INFO  pipeline.RatisPipelineProvider (RatisPipelineProvider.java:lambda$create$0(161)) - Sending CreatePipelineCommand for pipeline:PipelineID=a13e55f8-f91e-44ff-ac34-f2089c8f114b to datanode:2534f833-6bfe-45b3-bb55-3e90c3f01f9c
2021-02-08 13:07:09,438 [RatisPipelineUtilsThread] INFO  pipeline.RatisPipelineProvider (RatisPipelineProvider.java:lambda$create$0(161)) - Sending CreatePipelineCommand for pipeline:PipelineID=a13e55f8-f91e-44ff-ac34-f2089c8f114b to datanode:2b6c692d-bd16-4e2f-be54-cf6999516ba1
2021-02-08 13:07:09,438 [RatisPipelineUtilsThread] INFO  pipeline.RatisPipelineProvider (RatisPipelineProvider.java:lambda$create$0(161)) - Sending CreatePipelineCommand for pipeline:PipelineID=a13e55f8-f91e-44ff-ac34-f2089c8f114b to datanode:81ab00b2-2f95-4a2f-a7cf-2c0713c6a9d2
2021-02-08 13:07:09,439 [RatisPipelineUtilsThread] INFO  pipeline.PipelineStateManager (PipelineStateManager.java:addPipeline(54)) - Created pipeline Pipeline[ Id: a13e55f8-f91e-44ff-ac34-f2089c8f114b, Nodes: 2534f833-6bfe-45b3-bb55-3e90c3f01f9c{ip: 172.17.0.2, host: c20f386514e7, ports: [REPLICATION=36513, RATIS=41421, RATIS_ADMIN=41421, RATIS_SERVER=41421, STANDALONE=37831], networkLocation: /default-rack, certSerialId: null, persistedOpState: IN_SERVICE, persistedOpStateExpiryEpochSec: 0}2b6c692d-bd16-4e2f-be54-cf6999516ba1{ip: 172.17.0.2, host: c20f386514e7, ports: [REPLICATION=34847, RATIS=33969, RATIS_ADMIN=33969, RATIS_SERVER=33969, STANDALONE=39767], networkLocation: /default-rack, certSerialId: null, persistedOpState: IN_SERVICE, persistedOpStateExpiryEpochSec: 0}81ab00b2-2f95-4a2f-a7cf-2c0713c6a9d2{ip: 172.17.0.2, host: c20f386514e7, ports: [REPLICATION=38183, RATIS=43993, RATIS_ADMIN=43993, RATIS_SERVER=43993, STANDALONE=44517], networkLocation: /default-rack, certSerialId: null, persistedOpState: IN_SERVICE, persistedOpStateExpiryEpochSec: 0}, Type:RATIS, Factor:THREE, State:ALLOCATED, leaderId:, CreationTimestamp2021-02-08T13:07:09.438Z]
2021-02-08 13:07:09,440 [RatisPipelineUtilsThread] INFO  pipeline.RatisPipelineProvider (RatisPipelineProvider.java:lambda$create$0(161)) - Sending CreatePipelineCommand for pipeline:PipelineID=0d252d6c-e75d-41e6-bbb0-655d07119256 to datanode:2b6c692d-bd16-4e2f-be54-cf6999516ba1
2021-02-08 13:07:09,440 [RatisPipelineUtilsThread] INFO  pipeline.RatisPipelineProvider (RatisPipelineProvider.java:lambda$create$0(161)) - Sending CreatePipelineCommand for pipeline:PipelineID=0d252d6c-e75d-41e6-bbb0-655d07119256 to datanode:81ab00b2-2f95-4a2f-a7cf-2c0713c6a9d2
2021-02-08 13:07:09,440 [RatisPipelineUtilsThread] INFO  pipeline.RatisPipelineProvider (RatisPipelineProvider.java:lambda$create$0(161)) - Sending CreatePipelineCommand for pipeline:PipelineID=0d252d6c-e75d-41e6-bbb0-655d07119256 to datanode:2534f833-6bfe-45b3-bb55-3e90c3f01f9c
2021-02-08 13:07:09,440 [RatisPipelineUtilsThread] INFO  pipeline.PipelineStateManager (PipelineStateManager.java:addPipeline(54)) - Created pipeline Pipeline[ Id: 0d252d6c-e75d-41e6-bbb0-655d07119256, Nodes: 2b6c692d-bd16-4e2f-be54-cf6999516ba1{ip: 172.17.0.2, host: c20f386514e7, ports: [REPLICATION=34847, RATIS=33969, RATIS_ADMIN=33969, RATIS_SERVER=33969, STANDALONE=39767], networkLocation: /default-rack, certSerialId: null, persistedOpState: IN_SERVICE, persistedOpStateExpiryEpochSec: 0}81ab00b2-2f95-4a2f-a7cf-2c0713c6a9d2{ip: 172.17.0.2, host: c20f386514e7, ports: [REPLICATION=38183, RATIS=43993, RATIS_ADMIN=43993, RATIS_SERVER=43993, STANDALONE=44517], networkLocation: /default-rack, certSerialId: null, persistedOpState: IN_SERVICE, persistedOpStateExpiryEpochSec: 0}2534f833-6bfe-45b3-bb55-3e90c3f01f9c{ip: 172.17.0.2, host: c20f386514e7, ports: [REPLICATION=36513, RATIS=41421, RATIS_ADMIN=41421, RATIS_SERVER=41421, STANDALONE=37831], networkLocation: /default-rack, certSerialId: null, persistedOpState: IN_SERVICE, persistedOpStateExpiryEpochSec: 0}, Type:RATIS, Factor:THREE, State:ALLOCATED, leaderId:, CreationTimestamp2021-02-08T13:07:09.440Z]
2021-02-08 13:07:09,441 [RatisPipelineUtilsThread] INFO  pipeline.SCMPipelineManager (SCMPipelineManager.java:recordMetricsForPipeline(243)) - Pipeline: PipelineID=0d252d6c-e75d-41e6-bbb0-655d07119256 contains same datanodes as previous pipelines: PipelineID=a13e55f8-f91e-44ff-ac34-f2089c8f114b nodeIds: 2b6c692d-bd16-4e2f-be54-cf6999516ba1, 81ab00b2-2f95-4a2f-a7cf-2c0713c6a9d2, 2534f833-6bfe-45b3-bb55-3e90c3f01f9c
2021-02-08 13:07:09,625 [Listener at 127.0.0.1/38393] INFO  ozone.MiniOzoneClusterImpl (MiniOzoneClusterImpl.java:lambda$waitForClusterToBeReady$0(187)) - Waiting for nodes to be ready. Got 6 of 7 DN Heartbeats.
2021-02-08 13:07:09,625 [Listener at 127.0.0.1/38393] INFO  ozone.MiniOzoneClusterImpl (MiniOzoneClusterImpl.java:lambda$waitForClusterToBeReady$0(190)) - Waiting for cluster to exit safe mode
2021-02-08 13:07:09,627 [IPC Server handler 4 on default port 44043] INFO  net.NetworkTopologyImpl (NetworkTopologyImpl.java:add(112)) - Added a new node: /default-rack/f93bfba0-937c-4ad5-aa8e-b62a4ac7242c
2021-02-08 13:07:09,627 [IPC Server handler 4 on default port 44043] INFO  node.SCMNodeManager (SCMNodeManager.java:register(341)) - Registered Data node : f93bfba0-937c-4ad5-aa8e-b62a4ac7242c{ip: 172.17.0.2, host: c20f386514e7, ports: [REPLICATION=33127, RATIS=37989, RATIS_ADMIN=37989, RATIS_SERVER=37989, STANDALONE=42159], networkLocation: /default-rack, certSerialId: null, persistedOpState: null, persistedOpStateExpiryEpochSec: 0}
2021-02-08 13:07:09,628 [RatisPipelineUtilsThread] INFO  pipeline.RatisPipelineProvider (RatisPipelineProvider.java:lambda$create$0(161)) - Sending CreatePipelineCommand for pipeline:PipelineID=e2e39ad5-77a1-4458-b7fc-2878b0d1256a to datanode:f93bfba0-937c-4ad5-aa8e-b62a4ac7242c
2021-02-08 13:07:09,628 [EventQueue-NodeRegistrationContainerReportForDataNodeSafeModeRule] INFO  safemode.SCMSafeModeManager (SCMSafeModeManager.java:validateSafeModeExitRules(214)) - DataNodeSafeModeRule rule is successfully validated
2021-02-08 13:07:09,628 [EventQueue-NodeRegistrationContainerReportForContainerSafeModeRule] INFO  safemode.SCMSafeModeManager (SCMSafeModeManager.java:validateSafeModeExitRules(214)) - ContainerSafeModeRule rule is successfully validated
2021-02-08 13:07:09,628 [RatisPipelineUtilsThread] INFO  pipeline.PipelineStateManager (PipelineStateManager.java:addPipeline(54)) - Created pipeline Pipeline[ Id: e2e39ad5-77a1-4458-b7fc-2878b0d1256a, Nodes: f93bfba0-937c-4ad5-aa8e-b62a4ac7242c{ip: 172.17.0.2, host: c20f386514e7, ports: [REPLICATION=33127, RATIS=37989, RATIS_ADMIN=37989, RATIS_SERVER=37989, STANDALONE=42159], networkLocation: /default-rack, certSerialId: null, persistedOpState: IN_SERVICE, persistedOpStateExpiryEpochSec: 0}, Type:RATIS, Factor:ONE, State:ALLOCATED, leaderId:, CreationTimestamp2021-02-08T13:07:09.627Z]
2021-02-08 13:07:09,628 [EventQueue-PipelineReportForOneReplicaPipelineSafeModeRule] INFO  safemode.SCMSafeModeManager (SCMSafeModeManager.java:validateSafeModeExitRules(214)) - AtleastOneDatanodeReportedRule rule is successfully validated
2021-02-08 13:07:10,625 [Listener at 127.0.0.1/38393] INFO  ozone.MiniOzoneClusterImpl (MiniOzoneClusterImpl.java:lambda$waitForClusterToBeReady$0(187)) - Nodes are ready. Got 7 of 7 DN Heartbeats.
2021-02-08 13:07:10,625 [Listener at 127.0.0.1/38393] INFO  ozone.MiniOzoneClusterImpl (MiniOzoneClusterImpl.java:lambda$waitForClusterToBeReady$0(190)) - Waiting for cluster to exit safe mode
2021-02-08 13:07:11,294 [Command processor thread] INFO  server.RaftServer (RaftServerProxy.java:addNew(95)) - 61a3106f-4412-450d-ae4e-54e9a62c2593: addNew group-00049FE86969:[61a3106f-4412-450d-ae4e-54e9a62c2593|rpc:172.17.0.2:44185|priority:1] returns group-00049FE86969:java.util.concurrent.CompletableFuture@5e728498[Not completed]
2021-02-08 13:07:11,295 [pool-187-thread-1] INFO  server.RaftServer$Division (RaftServerImpl.java:<init>(180)) - 61a3106f-4412-450d-ae4e-54e9a62c2593: new RaftServerImpl for group-00049FE86969:[61a3106f-4412-450d-ae4e-54e9a62c2593|rpc:172.17.0.2:44185|priority:1] with ContainerStateMachine:uninitialized
2021-02-08 13:07:11,296 [pool-187-thread-1] INFO  server.RaftServerConfigKeys (ConfUtils.java:logGet(44)) - raft.server.rpc.timeout.min = 5s (custom)
2021-02-08 13:07:11,297 [pool-187-thread-1] INFO  server.RaftServerConfigKeys (ConfUtils.java:logGet(44)) - raft.server.rpc.timeout.max = 5200ms (custom)
2021-02-08 13:07:11,297 [pool-187-thread-1] INFO  server.RaftServerConfigKeys (ConfUtils.java:logGet(44)) - raft.server.rpc.sleep.time = 25ms (default)
2021-02-08 13:07:11,297 [pool-187-thread-1] INFO  server.RaftServerConfigKeys (ConfUtils.java:logGet(44)) - raft.server.rpc.slowness.timeout = 300000ms (custom)
2021-02-08 13:07:11,297 [pool-187-thread-1] INFO  server.RaftServerConfigKeys (ConfUtils.java:logGet(44)) - raft.server.leaderelection.leader.step-down.wait-time = 10s (default)
2021-02-08 13:07:11,297 [pool-187-thread-1] INFO  server.RaftServerConfigKeys (ConfUtils.java:logGet(44)) - raft.server.sleep.deviation.threshold = 300ms (default)
2021-02-08 13:07:11,297 [pool-187-thread-1] INFO  server.RaftServerConfigKeys (ConfUtils.java:logGet(44)) - raft.server.log.appender.install.snapshot.enabled = false (custom)
2021-02-08 13:07:11,297 [pool-187-thread-1] INFO  server.RaftServer$Division (ServerState.java:<init>(105)) - 61a3106f-4412-450d-ae4e-54e9a62c2593@group-00049FE86969: ConfigurationManager, init=-1: [61a3106f-4412-450d-ae4e-54e9a62c2593|rpc:172.17.0.2:44185|priority:1], old=null, confs=<EMPTY_MAP>
2021-02-08 13:07:11,297 [pool-187-thread-1] INFO  server.RaftServerConfigKeys (ConfUtils.java:logGet(44)) - raft.server.storage.dir = [/github/workspace/mnt/ozone/hadoop-ozone/integration-test/target/test-dir/MiniOzoneClusterImpl-489e5869-bfe0-4080-b73d-d7b53c96c8d8/datanode-0/data/ratis] (custom)
2021-02-08 13:07:11,298 [pool-187-thread-1] INFO  server.RaftServerConfigKeys (ConfUtils.java:logGet(44)) - raft.server.log.corruption.policy = EXCEPTION (default)
2021-02-08 13:07:11,298 [pool-187-thread-1] INFO  storage.RaftStorageDirectory (RaftStorageDirectoryImpl.java:analyzeStorage(132)) - The storage directory /github/workspace/mnt/ozone/hadoop-ozone/integration-test/target/test-dir/MiniOzoneClusterImpl-489e5869-bfe0-4080-b73d-d7b53c96c8d8/datanode-0/data/ratis/319e87cf-fe30-450f-beb4-00049fe86969 does not exist. Creating ...
2021-02-08 13:07:11,299 [pool-187-thread-1] INFO  storage.RaftStorageDirectory (RaftStorageDirectoryImpl.java:tryLock(215)) - Lock on /github/workspace/mnt/ozone/hadoop-ozone/integration-test/target/test-dir/MiniOzoneClusterImpl-489e5869-bfe0-4080-b73d-d7b53c96c8d8/datanode-0/data/ratis/319e87cf-fe30-450f-beb4-00049fe86969/in_use.lock acquired by nodename 30729@c20f386514e7
2021-02-08 13:07:11,301 [pool-187-thread-1] INFO  storage.RaftStorage (RaftStorageImpl.java:format(87)) - Storage directory /github/workspace/mnt/ozone/hadoop-ozone/integration-test/target/test-dir/MiniOzoneClusterImpl-489e5869-bfe0-4080-b73d-d7b53c96c8d8/datanode-0/data/ratis/319e87cf-fe30-450f-beb4-00049fe86969 has been successfully formatted.
2021-02-08 13:07:11,301 [pool-187-thread-1] INFO  ratis.ContainerStateMachine (ContainerStateMachine.java:loadSnapshot(223)) - group-00049FE86969: The snapshot info is null. Setting the last applied indexto:(t:0, i:~)
2021-02-08 13:07:11,301 [pool-187-thread-1] ERROR storage.RaftStorage (RaftStorageImpl.java:readRaftConfiguration(147)) - Failed reading configuration from file:/github/workspace/mnt/ozone/hadoop-ozone/integration-test/target/test-dir/MiniOzoneClusterImpl-489e5869-bfe0-4080-b73d-d7b53c96c8d8/datanode-0/data/ratis/319e87cf-fe30-450f-beb4-00049fe86969/current/raft-meta.conf
java.io.FileNotFoundException: /github/workspace/mnt/ozone/hadoop-ozone/integration-test/target/test-dir/MiniOzoneClusterImpl-489e5869-bfe0-4080-b73d-d7b53c96c8d8/datanode-0/data/ratis/319e87cf-fe30-450f-beb4-00049fe86969/current/raft-meta.conf (No such file or directory)
	at java.io.FileInputStream.open0(Native Method)
	at java.io.FileInputStream.open(FileInputStream.java:195)
	at java.io.FileInputStream.<init>(FileInputStream.java:138)
	at org.apache.ratis.server.storage.RaftStorageImpl.readRaftConfiguration(RaftStorageImpl.java:143)
	at org.apache.ratis.server.impl.ServerState.<init>(ServerState.java:122)
	at org.apache.ratis.server.impl.RaftServerImpl.<init>(RaftServerImpl.java:193)
	at org.apache.ratis.server.impl.RaftServerProxy.lambda$newRaftServerImpl$4(RaftServerProxy.java:266)
	at java.util.concurrent.CompletableFuture$AsyncSupply.run(CompletableFuture.java:1604)
	at java.util.concurrent.ThreadPoolExecutor.runWorker(ThreadPoolExecutor.java:1149)
	at java.util.concurrent.ThreadPoolExecutor$Worker.run(ThreadPoolExecutor.java:624)
	at java.lang.Thread.run(Thread.java:748)
2021-02-08 13:07:11,304 [pool-187-thread-1] INFO  server.RaftServerConfigKeys (ConfUtils.java:logGet(44)) - raft.server.notification.no-leader.timeout = 300000ms (custom)
2021-02-08 13:07:11,304 [pool-187-thread-1] INFO  server.RaftServerConfigKeys (ConfUtils.java:logGet(44)) - raft.server.log.use.memory = false (default)
2021-02-08 13:07:11,302 [EventQueue-PipelineReportForOneReplicaPipelineSafeModeRule] INFO  safemode.SCMSafeModeManager (SCMSafeModeManager.java:validateSafeModeExitRules(214)) - AtleastOneDatanodeReportedRule rule is successfully validated
2021-02-08 13:07:11,302 [EventQueue-PipelineReportForPipelineReportHandler] INFO  pipeline.PipelineStateManager (PipelineStateManager.java:openPipeline(132)) - Pipeline Pipeline[ Id: 319e87cf-fe30-450f-beb4-00049fe86969, Nodes: 61a3106f-4412-450d-ae4e-54e9a62c2593{ip: 172.17.0.2, host: c20f386514e7, ports: [REPLICATION=34163, RATIS=44185, RATIS_ADMIN=44185, RATIS_SERVER=44185, STANDALONE=42293], networkLocation: /default-rack, certSerialId: null, persistedOpState: IN_SERVICE, persistedOpStateExpiryEpochSec: 0}, Type:RATIS, Factor:ONE, State:ALLOCATED, leaderId:61a3106f-4412-450d-ae4e-54e9a62c2593, CreationTimestamp2021-02-08T13:07:08.294Z] moved to OPEN state
2021-02-08 13:07:11,304 [pool-187-thread-1] INFO  server.RaftServerConfigKeys (ConfUtils.java:logGet(44)) - raft.server.log.purge.gap = 1000000 (custom)
2021-02-08 13:07:11,305 [pool-187-thread-1] INFO  server.RaftServerConfigKeys (ConfUtils.java:logGet(44)) - raft.server.log.appender.buffer.byte-limit = 33554432 (custom)
2021-02-08 13:07:11,305 [pool-187-thread-1] INFO  metrics.RatisMetrics (RatisMetrics.java:lambda$create$0(36)) - Creating Metrics Registry : ratis.log_worker.61a3106f-4412-450d-ae4e-54e9a62c2593@group-00049FE86969
2021-02-08 13:07:11,307 [EventQueue-OpenPipelineForHealthyPipelineSafeModeRule] INFO  safemode.SCMSafeModeManager (HealthyPipelineSafeModeRule.java:process(128)) - SCM in safe mode. Healthy pipelines reported count is 0, required healthy pipeline reported count is 1
2021-02-08 13:07:11,308 [pool-187-thread-1] INFO  server.RaftServerConfigKeys (ConfUtils.java:logGet(44)) - raft.server.log.segment.size.max = 1048576 (custom)
2021-02-08 13:07:11,308 [pool-187-thread-1] INFO  server.RaftServerConfigKeys (ConfUtils.java:logGet(44)) - raft.server.log.segment.cache.num.max = 2 (custom)
2021-02-08 13:07:11,309 [pool-187-thread-1] INFO  server.RaftServerConfigKeys (ConfUtils.java:logGet(44)) - raft.server.log.segment.cache.size.max = 200MB (=209715200) (default)
2021-02-08 13:07:11,309 [pool-187-thread-1] INFO  segmented.SegmentedRaftLogWorker (SegmentedRaftLogWorker.java:<init>(181)) - new 61a3106f-4412-450d-ae4e-54e9a62c2593@group-00049FE86969-SegmentedRaftLogWorker for RaftStorageImpl:Storage Directory /github/workspace/mnt/ozone/hadoop-ozone/integration-test/target/test-dir/MiniOzoneClusterImpl-489e5869-bfe0-4080-b73d-d7b53c96c8d8/datanode-0/data/ratis/319e87cf-fe30-450f-beb4-00049fe86969
2021-02-08 13:07:11,309 [pool-187-thread-1] INFO  server.RaftServerConfigKeys (ConfUtils.java:logGet(44)) - raft.server.log.queue.byte-limit = 2147483647 (custom)
2021-02-08 13:07:11,309 [pool-187-thread-1] INFO  server.RaftServerConfigKeys (ConfUtils.java:logGet(44)) - raft.server.log.queue.element-limit = 1024 (custom)
2021-02-08 13:07:11,309 [pool-187-thread-1] INFO  server.RaftServerConfigKeys (ConfUtils.java:logGet(44)) - raft.server.log.segment.size.max = 1048576 (custom)
2021-02-08 13:07:11,309 [pool-187-thread-1] INFO  server.RaftServerConfigKeys (ConfUtils.java:logGet(44)) - raft.server.log.preallocated.size = 16384 (custom)
2021-02-08 13:07:11,309 [pool-187-thread-1] INFO  server.RaftServerConfigKeys (ConfUtils.java:logGet(44)) - raft.server.log.force.sync.num = 128 (default)
2021-02-08 13:07:11,309 [pool-187-thread-1] INFO  server.RaftServerConfigKeys (ConfUtils.java:logGet(44)) - raft.server.log.statemachine.data.sync = true (default)
2021-02-08 13:07:11,310 [pool-187-thread-1] INFO  server.RaftServerConfigKeys (ConfUtils.java:logGet(44)) - raft.server.log.statemachine.data.sync.timeout = 10s (default)
2021-02-08 13:07:11,310 [pool-187-thread-1] INFO  server.RaftServerConfigKeys (ConfUtils.java:logGet(44)) - raft.server.log.statemachine.data.sync.timeout.retry = -1 (default)
2021-02-08 13:07:11,311 [pool-187-thread-1] INFO  server.RaftServerConfigKeys (ConfUtils.java:logGet(44)) - raft.server.log.write.buffer.size = 1048576 (custom)
2021-02-08 13:07:11,311 [pool-187-thread-1] INFO  server.RaftServerConfigKeys (ConfUtils.java:logGet(44)) - raft.server.log.statemachine.data.caching.enabled = true (custom)
2021-02-08 13:07:11,311 [pool-187-thread-1] INFO  segmented.SegmentedRaftLogWorker (SegmentedRaftLogWorker.java:lambda$new$0(132)) - 61a3106f-4412-450d-ae4e-54e9a62c2593@group-00049FE86969-SegmentedRaftLogWorker: flushIndex: setUnconditionally 0 -> -1
2021-02-08 13:07:11,312 [pool-187-thread-1] INFO  segmented.SegmentedRaftLogWorker (SegmentedRaftLogWorker.java:lambda$new$0(132)) - 61a3106f-4412-450d-ae4e-54e9a62c2593@group-00049FE86969-SegmentedRaftLogWorker: safeCacheEvictIndex: setUnconditionally 0 -> -1
2021-02-08 13:07:11,312 [pool-187-thread-1] INFO  server.RaftServerConfigKeys (ConfUtils.java:logGet(44)) - raft.server.snapshot.auto.trigger.enabled = true (custom)
2021-02-08 13:07:11,312 [pool-187-thread-1] INFO  server.RaftServerConfigKeys (ConfUtils.java:logGet(44)) - raft.server.snapshot.auto.trigger.threshold = 10000 (custom)
2021-02-08 13:07:11,312 [pool-187-thread-1] INFO  server.RaftServerConfigKeys (ConfUtils.java:logGet(44)) - raft.server.snapshot.retention.file.num = 5 (custom)
2021-02-08 13:07:11,312 [pool-187-thread-1] INFO  server.RaftServerConfigKeys (ConfUtils.java:logGet(44)) - raft.server.log.purge.upto.snapshot.index = false (default)
2021-02-08 13:07:11,312 [pool-187-thread-1] INFO  server.RaftServerConfigKeys (ConfUtils.java:logGet(44)) - raft.server.retrycache.expirytime = 600000ms (custom)
2021-02-08 13:07:11,312 [pool-187-thread-1] INFO  server.RaftServerConfigKeys (ConfUtils.java:logGet(44)) - raft.server.retrycache.statistics.expirytime = 100?s (default)
2021-02-08 13:07:11,312 [pool-187-thread-1] INFO  metrics.RatisMetrics (RatisMetrics.java:lambda$create$0(36)) - Creating Metrics Registry : ratis.leader_election.61a3106f-4412-450d-ae4e-54e9a62c2593@group-00049FE86969
2021-02-08 13:07:11,313 [pool-187-thread-1] INFO  metrics.RatisMetrics (RatisMetrics.java:lambda$create$0(36)) - Creating Metrics Registry : ratis.server.61a3106f-4412-450d-ae4e-54e9a62c2593@group-00049FE86969
2021-02-08 13:07:11,314 [pool-187-thread-1] INFO  server.RaftServer$Division (RaftServerImpl.java:start(295)) - 61a3106f-4412-450d-ae4e-54e9a62c2593@group-00049FE86969: start as a follower, conf=-1: [61a3106f-4412-450d-ae4e-54e9a62c2593|rpc:172.17.0.2:44185|priority:1], old=null
2021-02-08 13:07:11,314 [pool-187-thread-1] INFO  server.RaftServer$Division (RaftServerImpl.java:setRole(284)) - 61a3106f-4412-450d-ae4e-54e9a62c2593@group-00049FE86969: changes role from      null to FOLLOWER at term 0 for startAsFollower
2021-02-08 13:07:11,314 [pool-187-thread-1] INFO  impl.RoleInfo (RoleInfo.java:updateAndGet(130)) - 61a3106f-4412-450d-ae4e-54e9a62c2593: start 61a3106f-4412-450d-ae4e-54e9a62c2593@group-00049FE86969-FollowerState
2021-02-08 13:07:11,316 [pool-187-thread-1] INFO  util.JmxRegister (JmxRegister.java:tryRegister(44)) - Successfully registered JMX Bean with object name Ratis:service=RaftServer,group=group-00049FE86969,id=61a3106f-4412-450d-ae4e-54e9a62c2593
2021-02-08 13:07:11,316 [pool-187-thread-1] INFO  metrics.RatisMetrics (RatisMetrics.java:lambda$create$0(36)) - Creating Metrics Registry : ratis.state_machine.61a3106f-4412-450d-ae4e-54e9a62c2593@group-00049FE86969
2021-02-08 13:07:11,317 [Command processor thread] INFO  commandhandler.CreatePipelineCommandHandler (CreatePipelineCommandHandler.java:handle(106)) - Created Pipeline RATIS ONE PipelineID=319e87cf-fe30-450f-beb4-00049fe86969.
2021-02-08 13:07:11,317 [Command processor thread] INFO  server.RaftServer (RaftServerProxy.java:addNew(95)) - 61a3106f-4412-450d-ae4e-54e9a62c2593: addNew group-CB02C2DB3C87:[76df9516-c5cc-44f1-9ecc-163502ad41b5|rpc:172.17.0.2:33219|priority:0, fc0eeb26-f5a4-40eb-8987-0eeb9e81290f|rpc:172.17.0.2:39069|priority:1, 61a3106f-4412-450d-ae4e-54e9a62c2593|rpc:172.17.0.2:44185|priority:0] returns group-CB02C2DB3C87:java.util.concurrent.CompletableFuture@5a4d0b8e[Not completed]
2021-02-08 13:07:11,318 [pool-187-thread-1] INFO  server.RaftServer$Division (RaftServerImpl.java:<init>(180)) - 61a3106f-4412-450d-ae4e-54e9a62c2593: new RaftServerImpl for group-CB02C2DB3C87:[76df9516-c5cc-44f1-9ecc-163502ad41b5|rpc:172.17.0.2:33219|priority:0, fc0eeb26-f5a4-40eb-8987-0eeb9e81290f|rpc:172.17.0.2:39069|priority:1, 61a3106f-4412-450d-ae4e-54e9a62c2593|rpc:172.17.0.2:44185|priority:0] with ContainerStateMachine:uninitialized
2021-02-08 13:07:11,318 [pool-187-thread-1] INFO  server.RaftServerConfigKeys (ConfUtils.java:logGet(44)) - raft.server.rpc.timeout.min = 5s (custom)
2021-02-08 13:07:11,318 [pool-187-thread-1] INFO  server.RaftServerConfigKeys (ConfUtils.java:logGet(44)) - raft.server.rpc.timeout.max = 5200ms (custom)
2021-02-08 13:07:11,318 [pool-187-thread-1] INFO  server.RaftServerConfigKeys (ConfUtils.java:logGet(44)) - raft.server.rpc.sleep.time = 25ms (default)
2021-02-08 13:07:11,318 [pool-187-thread-1] INFO  server.RaftServerConfigKeys (ConfUtils.java:logGet(44)) - raft.server.rpc.slowness.timeout = 300000ms (custom)
2021-02-08 13:07:11,318 [pool-187-thread-1] INFO  server.RaftServerConfigKeys (ConfUtils.java:logGet(44)) - raft.server.leaderelection.leader.step-down.wait-time = 10s (default)
2021-02-08 13:07:11,318 [pool-187-thread-1] INFO  server.RaftServerConfigKeys (ConfUtils.java:logGet(44)) - raft.server.sleep.deviation.threshold = 300ms (default)
2021-02-08 13:07:11,318 [pool-187-thread-1] INFO  server.RaftServerConfigKeys (ConfUtils.java:logGet(44)) - raft.server.log.appender.install.snapshot.enabled = false (custom)
2021-02-08 13:07:11,318 [pool-187-thread-1] INFO  server.RaftServer$Division (ServerState.java:<init>(105)) - 61a3106f-4412-450d-ae4e-54e9a62c2593@group-CB02C2DB3C87: ConfigurationManager, init=-1: [76df9516-c5cc-44f1-9ecc-163502ad41b5|rpc:172.17.0.2:33219|priority:0, fc0eeb26-f5a4-40eb-8987-0eeb9e81290f|rpc:172.17.0.2:39069|priority:1, 61a3106f-4412-450d-ae4e-54e9a62c2593|rpc:172.17.0.2:44185|priority:0], old=null, confs=<EMPTY_MAP>
2021-02-08 13:07:11,318 [pool-187-thread-1] INFO  server.RaftServerConfigKeys (ConfUtils.java:logGet(44)) - raft.server.storage.dir = [/github/workspace/mnt/ozone/hadoop-ozone/integration-test/target/test-dir/MiniOzoneClusterImpl-489e5869-bfe0-4080-b73d-d7b53c96c8d8/datanode-0/data/ratis] (custom)
2021-02-08 13:07:11,318 [pool-187-thread-1] INFO  server.RaftServerConfigKeys (ConfUtils.java:logGet(44)) - raft.server.log.corruption.policy = EXCEPTION (default)
2021-02-08 13:07:11,319 [pool-187-thread-1] INFO  storage.RaftStorageDirectory (RaftStorageDirectoryImpl.java:analyzeStorage(132)) - The storage directory /github/workspace/mnt/ozone/hadoop-ozone/integration-test/target/test-dir/MiniOzoneClusterImpl-489e5869-bfe0-4080-b73d-d7b53c96c8d8/datanode-0/data/ratis/a11de40c-9c50-46d9-a87a-cb02c2db3c87 does not exist. Creating ...
2021-02-08 13:07:11,319 [pool-187-thread-1] INFO  storage.RaftStorageDirectory (RaftStorageDirectoryImpl.java:tryLock(215)) - Lock on /github/workspace/mnt/ozone/hadoop-ozone/integration-test/target/test-dir/MiniOzoneClusterImpl-489e5869-bfe0-4080-b73d-d7b53c96c8d8/datanode-0/data/ratis/a11de40c-9c50-46d9-a87a-cb02c2db3c87/in_use.lock acquired by nodename 30729@c20f386514e7
2021-02-08 13:07:11,320 [pool-187-thread-1] INFO  storage.RaftStorage (RaftStorageImpl.java:format(87)) - Storage directory /github/workspace/mnt/ozone/hadoop-ozone/integration-test/target/test-dir/MiniOzoneClusterImpl-489e5869-bfe0-4080-b73d-d7b53c96c8d8/datanode-0/data/ratis/a11de40c-9c50-46d9-a87a-cb02c2db3c87 has been successfully formatted.
2021-02-08 13:07:11,321 [pool-187-thread-1] INFO  ratis.ContainerStateMachine (ContainerStateMachine.java:loadSnapshot(223)) - group-CB02C2DB3C87: The snapshot info is null. Setting the last applied indexto:(t:0, i:~)
2021-02-08 13:07:11,324 [EventQueue-PipelineReportForOneReplicaPipelineSafeModeRule] INFO  safemode.SCMSafeModeManager (SCMSafeModeManager.java:validateSafeModeExitRules(214)) - AtleastOneDatanodeReportedRule rule is successfully validated
2021-02-08 13:07:11,321 [EventQueue-OpenPipelineForHealthyPipelineSafeModeRule] INFO  safemode.SCMSafeModeManager (HealthyPipelineSafeModeRule.java:process(128)) - SCM in safe mode. Healthy pipelines reported count is 0, required healthy pipeline reported count is 1
2021-02-08 13:07:11,325 [pool-187-thread-1] ERROR storage.RaftStorage (RaftStorageImpl.java:readRaftConfiguration(147)) - Failed reading configuration from file:/github/workspace/mnt/ozone/hadoop-ozone/integration-test/target/test-dir/MiniOzoneClusterImpl-489e5869-bfe0-4080-b73d-d7b53c96c8d8/datanode-0/data/ratis/a11de40c-9c50-46d9-a87a-cb02c2db3c87/current/raft-meta.conf
java.io.FileNotFoundException: /github/workspace/mnt/ozone/hadoop-ozone/integration-test/target/test-dir/MiniOzoneClusterImpl-489e5869-bfe0-4080-b73d-d7b53c96c8d8/datanode-0/data/ratis/a11de40c-9c50-46d9-a87a-cb02c2db3c87/current/raft-meta.conf (No such file or directory)
	at java.io.FileInputStream.open0(Native Method)
	at java.io.FileInputStream.open(FileInputStream.java:195)
	at java.io.FileInputStream.<init>(FileInputStream.java:138)
	at org.apache.ratis.server.storage.RaftStorageImpl.readRaftConfiguration(RaftStorageImpl.java:143)
	at org.apache.ratis.server.impl.ServerState.<init>(ServerState.java:122)
	at org.apache.ratis.server.impl.RaftServerImpl.<init>(RaftServerImpl.java:193)
	at org.apache.ratis.server.impl.RaftServerProxy.lambda$newRaftServerImpl$4(RaftServerProxy.java:266)
	at java.util.concurrent.CompletableFuture$AsyncSupply.run(CompletableFuture.java:1604)
	at java.util.concurrent.ThreadPoolExecutor.runWorker(ThreadPoolExecutor.java:1149)
	at java.util.concurrent.ThreadPoolExecutor$Worker.run(ThreadPoolExecutor.java:624)
	at java.lang.Thread.run(Thread.java:748)
2021-02-08 13:07:11,325 [pool-187-thread-1] INFO  server.RaftServerConfigKeys (ConfUtils.java:logGet(44)) - raft.server.notification.no-leader.timeout = 300000ms (custom)
2021-02-08 13:07:11,325 [pool-187-thread-1] INFO  server.RaftServerConfigKeys (ConfUtils.java:logGet(44)) - raft.server.log.use.memory = false (default)
2021-02-08 13:07:11,325 [pool-187-thread-1] INFO  server.RaftServerConfigKeys (ConfUtils.java:logGet(44)) - raft.server.log.purge.gap = 1000000 (custom)
2021-02-08 13:07:11,325 [pool-187-thread-1] INFO  server.RaftServerConfigKeys (ConfUtils.java:logGet(44)) - raft.server.log.appender.buffer.byte-limit = 33554432 (custom)
2021-02-08 13:07:11,325 [pool-187-thread-1] INFO  metrics.RatisMetrics (RatisMetrics.java:lambda$create$0(36)) - Creating Metrics Registry : ratis.log_worker.61a3106f-4412-450d-ae4e-54e9a62c2593@group-CB02C2DB3C87
2021-02-08 13:07:11,325 [pool-187-thread-1] INFO  server.RaftServerConfigKeys (ConfUtils.java:logGet(44)) - raft.server.log.segment.size.max = 1048576 (custom)
2021-02-08 13:07:11,326 [pool-187-thread-1] INFO  server.RaftServerConfigKeys (ConfUtils.java:logGet(44)) - raft.server.log.segment.cache.num.max = 2 (custom)
2021-02-08 13:07:11,326 [pool-187-thread-1] INFO  server.RaftServerConfigKeys (ConfUtils.java:logGet(44)) - raft.server.log.segment.cache.size.max = 200MB (=209715200) (default)
2021-02-08 13:07:11,326 [pool-187-thread-1] INFO  segmented.SegmentedRaftLogWorker (SegmentedRaftLogWorker.java:<init>(181)) - new 61a3106f-4412-450d-ae4e-54e9a62c2593@group-CB02C2DB3C87-SegmentedRaftLogWorker for RaftStorageImpl:Storage Directory /github/workspace/mnt/ozone/hadoop-ozone/integration-test/target/test-dir/MiniOzoneClusterImpl-489e5869-bfe0-4080-b73d-d7b53c96c8d8/datanode-0/data/ratis/a11de40c-9c50-46d9-a87a-cb02c2db3c87
2021-02-08 13:07:11,326 [pool-187-thread-1] INFO  server.RaftServerConfigKeys (ConfUtils.java:logGet(44)) - raft.server.log.queue.byte-limit = 2147483647 (custom)
2021-02-08 13:07:11,326 [pool-187-thread-1] INFO  server.RaftServerConfigKeys (ConfUtils.java:logGet(44)) - raft.server.log.queue.element-limit = 1024 (custom)
2021-02-08 13:07:11,326 [pool-187-thread-1] INFO  server.RaftServerConfigKeys (ConfUtils.java:logGet(44)) - raft.server.log.segment.size.max = 1048576 (custom)
2021-02-08 13:07:11,326 [pool-187-thread-1] INFO  server.RaftServerConfigKeys (ConfUtils.java:logGet(44)) - raft.server.log.preallocated.size = 16384 (custom)
2021-02-08 13:07:11,326 [pool-187-thread-1] INFO  server.RaftServerConfigKeys (ConfUtils.java:logGet(44)) - raft.server.log.force.sync.num = 128 (default)
2021-02-08 13:07:11,327 [pool-187-thread-1] INFO  server.RaftServerConfigKeys (ConfUtils.java:logGet(44)) - raft.server.log.statemachine.data.sync = true (default)
2021-02-08 13:07:11,327 [pool-187-thread-1] INFO  server.RaftServerConfigKeys (ConfUtils.java:logGet(44)) - raft.server.log.statemachine.data.sync.timeout = 10s (default)
2021-02-08 13:07:11,327 [pool-187-thread-1] INFO  server.RaftServerConfigKeys (ConfUtils.java:logGet(44)) - raft.server.log.statemachine.data.sync.timeout.retry = -1 (default)
2021-02-08 13:07:11,328 [pool-187-thread-1] INFO  server.RaftServerConfigKeys (ConfUtils.java:logGet(44)) - raft.server.log.write.buffer.size = 1048576 (custom)
2021-02-08 13:07:11,328 [pool-187-thread-1] INFO  server.RaftServerConfigKeys (ConfUtils.java:logGet(44)) - raft.server.log.statemachine.data.caching.enabled = true (custom)
2021-02-08 13:07:11,329 [pool-187-thread-1] INFO  segmented.SegmentedRaftLogWorker (SegmentedRaftLogWorker.java:lambda$new$0(132)) - 61a3106f-4412-450d-ae4e-54e9a62c2593@group-CB02C2DB3C87-SegmentedRaftLogWorker: flushIndex: setUnconditionally 0 -> -1
2021-02-08 13:07:11,329 [pool-187-thread-1] INFO  segmented.SegmentedRaftLogWorker (SegmentedRaftLogWorker.java:lambda$new$0(132)) - 61a3106f-4412-450d-ae4e-54e9a62c2593@group-CB02C2DB3C87-SegmentedRaftLogWorker: safeCacheEvictIndex: setUnconditionally 0 -> -1
2021-02-08 13:07:11,329 [pool-187-thread-1] INFO  server.RaftServerConfigKeys (ConfUtils.java:logGet(44)) - raft.server.snapshot.auto.trigger.enabled = true (custom)
2021-02-08 13:07:11,329 [pool-187-thread-1] INFO  server.RaftServerConfigKeys (ConfUtils.java:logGet(44)) - raft.server.snapshot.auto.trigger.threshold = 10000 (custom)
2021-02-08 13:07:11,329 [pool-187-thread-1] INFO  server.RaftServerConfigKeys (ConfUtils.java:logGet(44)) - raft.server.snapshot.retention.file.num = 5 (custom)
2021-02-08 13:07:11,329 [pool-187-thread-1] INFO  server.RaftServerConfigKeys (ConfUtils.java:logGet(44)) - raft.server.log.purge.upto.snapshot.index = false (default)
2021-02-08 13:07:11,329 [pool-187-thread-1] INFO  server.RaftServerConfigKeys (ConfUtils.java:logGet(44)) - raft.server.retrycache.expirytime = 600000ms (custom)
2021-02-08 13:07:11,330 [pool-187-thread-1] INFO  server.RaftServerConfigKeys (ConfUtils.java:logGet(44)) - raft.server.retrycache.statistics.expirytime = 100?s (default)
2021-02-08 13:07:11,330 [pool-187-thread-1] INFO  metrics.RatisMetrics (RatisMetrics.java:lambda$create$0(36)) - Creating Metrics Registry : ratis.leader_election.61a3106f-4412-450d-ae4e-54e9a62c2593@group-CB02C2DB3C87
2021-02-08 13:07:11,330 [pool-187-thread-1] INFO  metrics.RatisMetrics (RatisMetrics.java:lambda$create$0(36)) - Creating Metrics Registry : ratis.server.61a3106f-4412-450d-ae4e-54e9a62c2593@group-CB02C2DB3C87
2021-02-08 13:07:11,331 [pool-187-thread-1] INFO  server.RaftServer$Division (RaftServerImpl.java:start(295)) - 61a3106f-4412-450d-ae4e-54e9a62c2593@group-CB02C2DB3C87: start as a follower, conf=-1: [76df9516-c5cc-44f1-9ecc-163502ad41b5|rpc:172.17.0.2:33219|priority:0, fc0eeb26-f5a4-40eb-8987-0eeb9e81290f|rpc:172.17.0.2:39069|priority:1, 61a3106f-4412-450d-ae4e-54e9a62c2593|rpc:172.17.0.2:44185|priority:0], old=null
2021-02-08 13:07:11,331 [pool-187-thread-1] INFO  server.RaftServer$Division (RaftServerImpl.java:setRole(284)) - 61a3106f-4412-450d-ae4e-54e9a62c2593@group-CB02C2DB3C87: changes role from      null to FOLLOWER at term 0 for startAsFollower
2021-02-08 13:07:11,331 [pool-187-thread-1] INFO  impl.RoleInfo (RoleInfo.java:updateAndGet(130)) - 61a3106f-4412-450d-ae4e-54e9a62c2593: start 61a3106f-4412-450d-ae4e-54e9a62c2593@group-CB02C2DB3C87-FollowerState
2021-02-08 13:07:11,332 [pool-187-thread-1] INFO  util.JmxRegister (JmxRegister.java:tryRegister(44)) - Successfully registered JMX Bean with object name Ratis:service=RaftServer,group=group-CB02C2DB3C87,id=61a3106f-4412-450d-ae4e-54e9a62c2593
2021-02-08 13:07:11,332 [pool-187-thread-1] INFO  metrics.RatisMetrics (RatisMetrics.java:lambda$create$0(36)) - Creating Metrics Registry : ratis.state_machine.61a3106f-4412-450d-ae4e-54e9a62c2593@group-CB02C2DB3C87
2021-02-08 13:07:11,334 [Command processor thread] INFO  metrics.RatisMetrics (RatisMetrics.java:lambda$create$0(36)) - Creating Metrics Registry : ratis.client_message_metrics.client-C5B9633FAD77->fc0eeb26-f5a4-40eb-8987-0eeb9e81290f
2021-02-08 13:07:11,341 [grpc-default-executor-3] INFO  metrics.RatisMetrics (RatisMetrics.java:lambda$create$0(36)) - Creating Metrics Registry : ratis.server_message_metrics.fc0eeb26-f5a4-40eb-8987-0eeb9e81290f
2021-02-08 13:07:11,343 [grpc-default-executor-3] INFO  server.RaftServer (RaftServerProxy.java:addNew(95)) - fc0eeb26-f5a4-40eb-8987-0eeb9e81290f: addNew group-CB02C2DB3C87:[76df9516-c5cc-44f1-9ecc-163502ad41b5|rpc:172.17.0.2:33219|dataStream:|priority:0, fc0eeb26-f5a4-40eb-8987-0eeb9e81290f|rpc:172.17.0.2:39069|dataStream:|priority:1, 61a3106f-4412-450d-ae4e-54e9a62c2593|rpc:172.17.0.2:44185|dataStream:|priority:0] returns group-CB02C2DB3C87:java.util.concurrent.CompletableFuture@4df5effc[Not completed]
2021-02-08 13:07:11,344 [pool-219-thread-1] INFO  server.RaftServer$Division (RaftServerImpl.java:<init>(180)) - fc0eeb26-f5a4-40eb-8987-0eeb9e81290f: new RaftServerImpl for group-CB02C2DB3C87:[76df9516-c5cc-44f1-9ecc-163502ad41b5|rpc:172.17.0.2:33219|dataStream:|priority:0, fc0eeb26-f5a4-40eb-8987-0eeb9e81290f|rpc:172.17.0.2:39069|dataStream:|priority:1, 61a3106f-4412-450d-ae4e-54e9a62c2593|rpc:172.17.0.2:44185|dataStream:|priority:0] with ContainerStateMachine:uninitialized
2021-02-08 13:07:11,346 [pool-219-thread-1] INFO  server.RaftServerConfigKeys (ConfUtils.java:logGet(44)) - raft.server.rpc.timeout.min = 5s (custom)
2021-02-08 13:07:11,346 [pool-219-thread-1] INFO  server.RaftServerConfigKeys (ConfUtils.java:logGet(44)) - raft.server.rpc.timeout.max = 5200ms (custom)
2021-02-08 13:07:11,346 [pool-219-thread-1] INFO  server.RaftServerConfigKeys (ConfUtils.java:logGet(44)) - raft.server.rpc.sleep.time = 25ms (default)
2021-02-08 13:07:11,346 [pool-219-thread-1] INFO  server.RaftServerConfigKeys (ConfUtils.java:logGet(44)) - raft.server.rpc.slowness.timeout = 300000ms (custom)
2021-02-08 13:07:11,346 [pool-219-thread-1] INFO  server.RaftServerConfigKeys (ConfUtils.java:logGet(44)) - raft.server.leaderelection.leader.step-down.wait-time = 10s (default)
2021-02-08 13:07:11,346 [pool-219-thread-1] INFO  server.RaftServerConfigKeys (ConfUtils.java:logGet(44)) - raft.server.sleep.deviation.threshold = 300ms (default)
2021-02-08 13:07:11,346 [pool-219-thread-1] INFO  server.RaftServerConfigKeys (ConfUtils.java:logGet(44)) - raft.server.log.appender.install.snapshot.enabled = false (custom)
2021-02-08 13:07:11,346 [pool-219-thread-1] INFO  server.RaftServer$Division (ServerState.java:<init>(105)) - fc0eeb26-f5a4-40eb-8987-0eeb9e81290f@group-CB02C2DB3C87: ConfigurationManager, init=-1: [76df9516-c5cc-44f1-9ecc-163502ad41b5|rpc:172.17.0.2:33219|dataStream:|priority:0, fc0eeb26-f5a4-40eb-8987-0eeb9e81290f|rpc:172.17.0.2:39069|dataStream:|priority:1, 61a3106f-4412-450d-ae4e-54e9a62c2593|rpc:172.17.0.2:44185|dataStream:|priority:0], old=null, confs=<EMPTY_MAP>
2021-02-08 13:07:11,347 [pool-219-thread-1] INFO  server.RaftServerConfigKeys (ConfUtils.java:logGet(44)) - raft.server.storage.dir = [/github/workspace/mnt/ozone/hadoop-ozone/integration-test/target/test-dir/MiniOzoneClusterImpl-489e5869-bfe0-4080-b73d-d7b53c96c8d8/datanode-2/data/ratis] (custom)
2021-02-08 13:07:11,347 [pool-219-thread-1] INFO  server.RaftServerConfigKeys (ConfUtils.java:logGet(44)) - raft.server.log.corruption.policy = EXCEPTION (default)
2021-02-08 13:07:11,347 [pool-219-thread-1] INFO  storage.RaftStorageDirectory (RaftStorageDirectoryImpl.java:analyzeStorage(132)) - The storage directory /github/workspace/mnt/ozone/hadoop-ozone/integration-test/target/test-dir/MiniOzoneClusterImpl-489e5869-bfe0-4080-b73d-d7b53c96c8d8/datanode-2/data/ratis/a11de40c-9c50-46d9-a87a-cb02c2db3c87 does not exist. Creating ...
2021-02-08 13:07:11,348 [pool-219-thread-1] INFO  storage.RaftStorageDirectory (RaftStorageDirectoryImpl.java:tryLock(215)) - Lock on /github/workspace/mnt/ozone/hadoop-ozone/integration-test/target/test-dir/MiniOzoneClusterImpl-489e5869-bfe0-4080-b73d-d7b53c96c8d8/datanode-2/data/ratis/a11de40c-9c50-46d9-a87a-cb02c2db3c87/in_use.lock acquired by nodename 30729@c20f386514e7
2021-02-08 13:07:11,349 [pool-219-thread-1] INFO  storage.RaftStorage (RaftStorageImpl.java:format(87)) - Storage directory /github/workspace/mnt/ozone/hadoop-ozone/integration-test/target/test-dir/MiniOzoneClusterImpl-489e5869-bfe0-4080-b73d-d7b53c96c8d8/datanode-2/data/ratis/a11de40c-9c50-46d9-a87a-cb02c2db3c87 has been successfully formatted.
2021-02-08 13:07:11,349 [pool-219-thread-1] INFO  ratis.ContainerStateMachine (ContainerStateMachine.java:loadSnapshot(223)) - group-CB02C2DB3C87: The snapshot info is null. Setting the last applied indexto:(t:0, i:~)
2021-02-08 13:07:11,349 [pool-219-thread-1] ERROR storage.RaftStorage (RaftStorageImpl.java:readRaftConfiguration(147)) - Failed reading configuration from file:/github/workspace/mnt/ozone/hadoop-ozone/integration-test/target/test-dir/MiniOzoneClusterImpl-489e5869-bfe0-4080-b73d-d7b53c96c8d8/datanode-2/data/ratis/a11de40c-9c50-46d9-a87a-cb02c2db3c87/current/raft-meta.conf
java.io.FileNotFoundException: /github/workspace/mnt/ozone/hadoop-ozone/integration-test/target/test-dir/MiniOzoneClusterImpl-489e5869-bfe0-4080-b73d-d7b53c96c8d8/datanode-2/data/ratis/a11de40c-9c50-46d9-a87a-cb02c2db3c87/current/raft-meta.conf (No such file or directory)
	at java.io.FileInputStream.open0(Native Method)
	at java.io.FileInputStream.open(FileInputStream.java:195)
	at java.io.FileInputStream.<init>(FileInputStream.java:138)
	at org.apache.ratis.server.storage.RaftStorageImpl.readRaftConfiguration(RaftStorageImpl.java:143)
	at org.apache.ratis.server.impl.ServerState.<init>(ServerState.java:122)
	at org.apache.ratis.server.impl.RaftServerImpl.<init>(RaftServerImpl.java:193)
	at org.apache.ratis.server.impl.RaftServerProxy.lambda$newRaftServerImpl$4(RaftServerProxy.java:266)
	at java.util.concurrent.CompletableFuture$AsyncSupply.run(CompletableFuture.java:1604)
	at java.util.concurrent.ThreadPoolExecutor.runWorker(ThreadPoolExecutor.java:1149)
	at java.util.concurrent.ThreadPoolExecutor$Worker.run(ThreadPoolExecutor.java:624)
	at java.lang.Thread.run(Thread.java:748)
2021-02-08 13:07:11,349 [pool-219-thread-1] INFO  server.RaftServerConfigKeys (ConfUtils.java:logGet(44)) - raft.server.notification.no-leader.timeout = 300000ms (custom)
2021-02-08 13:07:11,350 [pool-219-thread-1] INFO  server.RaftServerConfigKeys (ConfUtils.java:logGet(44)) - raft.server.log.use.memory = false (default)
2021-02-08 13:07:11,350 [pool-219-thread-1] INFO  server.RaftServerConfigKeys (ConfUtils.java:logGet(44)) - raft.server.log.purge.gap = 1000000 (custom)
2021-02-08 13:07:11,350 [EventQueue-PipelineReportForOneReplicaPipelineSafeModeRule] INFO  safemode.SCMSafeModeManager (SCMSafeModeManager.java:validateSafeModeExitRules(214)) - AtleastOneDatanodeReportedRule rule is successfully validated
2021-02-08 13:07:11,350 [pool-219-thread-1] INFO  server.RaftServerConfigKeys (ConfUtils.java:logGet(44)) - raft.server.log.appender.buffer.byte-limit = 33554432 (custom)
2021-02-08 13:07:11,350 [pool-219-thread-1] INFO  metrics.RatisMetrics (RatisMetrics.java:lambda$create$0(36)) - Creating Metrics Registry : ratis.log_worker.fc0eeb26-f5a4-40eb-8987-0eeb9e81290f@group-CB02C2DB3C87
2021-02-08 13:07:11,350 [pool-219-thread-1] INFO  server.RaftServerConfigKeys (ConfUtils.java:logGet(44)) - raft.server.log.segment.size.max = 1048576 (custom)
2021-02-08 13:07:11,351 [pool-219-thread-1] INFO  server.RaftServerConfigKeys (ConfUtils.java:logGet(44)) - raft.server.log.segment.cache.num.max = 2 (custom)
2021-02-08 13:07:11,351 [pool-219-thread-1] INFO  server.RaftServerConfigKeys (ConfUtils.java:logGet(44)) - raft.server.log.segment.cache.size.max = 200MB (=209715200) (default)
2021-02-08 13:07:11,351 [pool-219-thread-1] INFO  segmented.SegmentedRaftLogWorker (SegmentedRaftLogWorker.java:<init>(181)) - new fc0eeb26-f5a4-40eb-8987-0eeb9e81290f@group-CB02C2DB3C87-SegmentedRaftLogWorker for RaftStorageImpl:Storage Directory /github/workspace/mnt/ozone/hadoop-ozone/integration-test/target/test-dir/MiniOzoneClusterImpl-489e5869-bfe0-4080-b73d-d7b53c96c8d8/datanode-2/data/ratis/a11de40c-9c50-46d9-a87a-cb02c2db3c87
2021-02-08 13:07:11,351 [pool-219-thread-1] INFO  server.RaftServerConfigKeys (ConfUtils.java:logGet(44)) - raft.server.log.queue.byte-limit = 2147483647 (custom)
2021-02-08 13:07:11,351 [pool-219-thread-1] INFO  server.RaftServerConfigKeys (ConfUtils.java:logGet(44)) - raft.server.log.queue.element-limit = 1024 (custom)
2021-02-08 13:07:11,351 [pool-219-thread-1] INFO  server.RaftServerConfigKeys (ConfUtils.java:logGet(44)) - raft.server.log.segment.size.max = 1048576 (custom)
2021-02-08 13:07:11,351 [pool-219-thread-1] INFO  server.RaftServerConfigKeys (ConfUtils.java:logGet(44)) - raft.server.log.preallocated.size = 16384 (custom)
2021-02-08 13:07:11,351 [pool-219-thread-1] INFO  server.RaftServerConfigKeys (ConfUtils.java:logGet(44)) - raft.server.log.force.sync.num = 128 (default)
2021-02-08 13:07:11,351 [pool-219-thread-1] INFO  server.RaftServerConfigKeys (ConfUtils.java:logGet(44)) - raft.server.log.statemachine.data.sync = true (default)
2021-02-08 13:07:11,351 [pool-219-thread-1] INFO  server.RaftServerConfigKeys (ConfUtils.java:logGet(44)) - raft.server.log.statemachine.data.sync.timeout = 10s (default)
2021-02-08 13:07:11,351 [pool-219-thread-1] INFO  server.RaftServerConfigKeys (ConfUtils.java:logGet(44)) - raft.server.log.statemachine.data.sync.timeout.retry = -1 (default)
2021-02-08 13:07:11,352 [pool-219-thread-1] INFO  server.RaftServerConfigKeys (ConfUtils.java:logGet(44)) - raft.server.log.write.buffer.size = 1048576 (custom)
2021-02-08 13:07:11,353 [pool-219-thread-1] INFO  server.RaftServerConfigKeys (ConfUtils.java:logGet(44)) - raft.server.log.statemachine.data.caching.enabled = true (custom)
2021-02-08 13:07:11,353 [pool-219-thread-1] INFO  segmented.SegmentedRaftLogWorker (SegmentedRaftLogWorker.java:lambda$new$0(132)) - fc0eeb26-f5a4-40eb-8987-0eeb9e81290f@group-CB02C2DB3C87-SegmentedRaftLogWorker: flushIndex: setUnconditionally 0 -> -1
2021-02-08 13:07:11,353 [pool-219-thread-1] INFO  segmented.SegmentedRaftLogWorker (SegmentedRaftLogWorker.java:lambda$new$0(132)) - fc0eeb26-f5a4-40eb-8987-0eeb9e81290f@group-CB02C2DB3C87-SegmentedRaftLogWorker: safeCacheEvictIndex: setUnconditionally 0 -> -1
2021-02-08 13:07:11,357 [pool-219-thread-1] INFO  server.RaftServerConfigKeys (ConfUtils.java:logGet(44)) - raft.server.snapshot.auto.trigger.enabled = true (custom)
2021-02-08 13:07:11,357 [pool-219-thread-1] INFO  server.RaftServerConfigKeys (ConfUtils.java:logGet(44)) - raft.server.snapshot.auto.trigger.threshold = 10000 (custom)
2021-02-08 13:07:11,358 [pool-219-thread-1] INFO  server.RaftServerConfigKeys (ConfUtils.java:logGet(44)) - raft.server.snapshot.retention.file.num = 5 (custom)
2021-02-08 13:07:11,358 [pool-219-thread-1] INFO  server.RaftServerConfigKeys (ConfUtils.java:logGet(44)) - raft.server.log.purge.upto.snapshot.index = false (default)
2021-02-08 13:07:11,358 [pool-219-thread-1] INFO  server.RaftServerConfigKeys (ConfUtils.java:logGet(44)) - raft.server.retrycache.expirytime = 600000ms (custom)
2021-02-08 13:07:11,358 [pool-219-thread-1] INFO  server.RaftServerConfigKeys (ConfUtils.java:logGet(44)) - raft.server.retrycache.statistics.expirytime = 100?s (default)
2021-02-08 13:07:11,358 [pool-219-thread-1] INFO  metrics.RatisMetrics (RatisMetrics.java:lambda$create$0(36)) - Creating Metrics Registry : ratis.leader_election.fc0eeb26-f5a4-40eb-8987-0eeb9e81290f@group-CB02C2DB3C87
2021-02-08 13:07:11,358 [pool-219-thread-1] INFO  metrics.RatisMetrics (RatisMetrics.java:lambda$create$0(36)) - Creating Metrics Registry : ratis.server.fc0eeb26-f5a4-40eb-8987-0eeb9e81290f@group-CB02C2DB3C87
2021-02-08 13:07:11,360 [pool-219-thread-1] INFO  server.RaftServer$Division (RaftServerImpl.java:start(295)) - fc0eeb26-f5a4-40eb-8987-0eeb9e81290f@group-CB02C2DB3C87: start as a follower, conf=-1: [76df9516-c5cc-44f1-9ecc-163502ad41b5|rpc:172.17.0.2:33219|dataStream:|priority:0, fc0eeb26-f5a4-40eb-8987-0eeb9e81290f|rpc:172.17.0.2:39069|dataStream:|priority:1, 61a3106f-4412-450d-ae4e-54e9a62c2593|rpc:172.17.0.2:44185|dataStream:|priority:0], old=null
2021-02-08 13:07:11,360 [pool-219-thread-1] INFO  server.RaftServer$Division (RaftServerImpl.java:setRole(284)) - fc0eeb26-f5a4-40eb-8987-0eeb9e81290f@group-CB02C2DB3C87: changes role from      null to FOLLOWER at term 0 for startAsFollower
2021-02-08 13:07:11,360 [pool-219-thread-1] INFO  impl.RoleInfo (RoleInfo.java:updateAndGet(130)) - fc0eeb26-f5a4-40eb-8987-0eeb9e81290f: start fc0eeb26-f5a4-40eb-8987-0eeb9e81290f@group-CB02C2DB3C87-FollowerState
2021-02-08 13:07:11,360 [pool-219-thread-1] INFO  util.JmxRegister (JmxRegister.java:tryRegister(44)) - Successfully registered JMX Bean with object name Ratis:service=RaftServer,group=group-CB02C2DB3C87,id=fc0eeb26-f5a4-40eb-8987-0eeb9e81290f
2021-02-08 13:07:11,360 [pool-219-thread-1] INFO  metrics.RatisMetrics (RatisMetrics.java:lambda$create$0(36)) - Creating Metrics Registry : ratis.state_machine.fc0eeb26-f5a4-40eb-8987-0eeb9e81290f@group-CB02C2DB3C87
2021-02-08 13:07:11,366 [Command processor thread] INFO  metrics.RatisMetrics (RatisMetrics.java:lambda$create$0(36)) - Creating Metrics Registry : ratis.client_message_metrics.client-1EE17AF44B16->76df9516-c5cc-44f1-9ecc-163502ad41b5
2021-02-08 13:07:11,370 [grpc-default-executor-3] INFO  metrics.RatisMetrics (RatisMetrics.java:lambda$create$0(36)) - Creating Metrics Registry : ratis.server_message_metrics.76df9516-c5cc-44f1-9ecc-163502ad41b5
2021-02-08 13:07:11,372 [grpc-default-executor-3] INFO  server.RaftServer (RaftServerProxy.java:addNew(95)) - 76df9516-c5cc-44f1-9ecc-163502ad41b5: addNew group-CB02C2DB3C87:[76df9516-c5cc-44f1-9ecc-163502ad41b5|rpc:172.17.0.2:33219|dataStream:|priority:0, fc0eeb26-f5a4-40eb-8987-0eeb9e81290f|rpc:172.17.0.2:39069|dataStream:|priority:1, 61a3106f-4412-450d-ae4e-54e9a62c2593|rpc:172.17.0.2:44185|dataStream:|priority:0] returns group-CB02C2DB3C87:java.util.concurrent.CompletableFuture@151561b7[Not completed]
2021-02-08 13:07:11,373 [pool-203-thread-1] INFO  server.RaftServer$Division (RaftServerImpl.java:<init>(180)) - 76df9516-c5cc-44f1-9ecc-163502ad41b5: new RaftServerImpl for group-CB02C2DB3C87:[76df9516-c5cc-44f1-9ecc-163502ad41b5|rpc:172.17.0.2:33219|dataStream:|priority:0, fc0eeb26-f5a4-40eb-8987-0eeb9e81290f|rpc:172.17.0.2:39069|dataStream:|priority:1, 61a3106f-4412-450d-ae4e-54e9a62c2593|rpc:172.17.0.2:44185|dataStream:|priority:0] with ContainerStateMachine:uninitialized
2021-02-08 13:07:11,373 [pool-203-thread-1] INFO  server.RaftServerConfigKeys (ConfUtils.java:logGet(44)) - raft.server.rpc.timeout.min = 5s (custom)
2021-02-08 13:07:11,373 [pool-203-thread-1] INFO  server.RaftServerConfigKeys (ConfUtils.java:logGet(44)) - raft.server.rpc.timeout.max = 5200ms (custom)
2021-02-08 13:07:11,373 [pool-203-thread-1] INFO  server.RaftServerConfigKeys (ConfUtils.java:logGet(44)) - raft.server.rpc.sleep.time = 25ms (default)
2021-02-08 13:07:11,374 [pool-203-thread-1] INFO  server.RaftServerConfigKeys (ConfUtils.java:logGet(44)) - raft.server.rpc.slowness.timeout = 300000ms (custom)
2021-02-08 13:07:11,374 [pool-203-thread-1] INFO  server.RaftServerConfigKeys (ConfUtils.java:logGet(44)) - raft.server.leaderelection.leader.step-down.wait-time = 10s (default)
2021-02-08 13:07:11,374 [pool-203-thread-1] INFO  server.RaftServerConfigKeys (ConfUtils.java:logGet(44)) - raft.server.sleep.deviation.threshold = 300ms (default)
2021-02-08 13:07:11,374 [pool-203-thread-1] INFO  server.RaftServerConfigKeys (ConfUtils.java:logGet(44)) - raft.server.log.appender.install.snapshot.enabled = false (custom)
2021-02-08 13:07:11,374 [pool-203-thread-1] INFO  server.RaftServer$Division (ServerState.java:<init>(105)) - 76df9516-c5cc-44f1-9ecc-163502ad41b5@group-CB02C2DB3C87: ConfigurationManager, init=-1: [76df9516-c5cc-44f1-9ecc-163502ad41b5|rpc:172.17.0.2:33219|dataStream:|priority:0, fc0eeb26-f5a4-40eb-8987-0eeb9e81290f|rpc:172.17.0.2:39069|dataStream:|priority:1, 61a3106f-4412-450d-ae4e-54e9a62c2593|rpc:172.17.0.2:44185|dataStream:|priority:0], old=null, confs=<EMPTY_MAP>
2021-02-08 13:07:11,374 [pool-203-thread-1] INFO  server.RaftServerConfigKeys (ConfUtils.java:logGet(44)) - raft.server.storage.dir = [/github/workspace/mnt/ozone/hadoop-ozone/integration-test/target/test-dir/MiniOzoneClusterImpl-489e5869-bfe0-4080-b73d-d7b53c96c8d8/datanode-1/data/ratis] (custom)
2021-02-08 13:07:11,374 [pool-203-thread-1] INFO  server.RaftServerConfigKeys (ConfUtils.java:logGet(44)) - raft.server.log.corruption.policy = EXCEPTION (default)
2021-02-08 13:07:11,374 [pool-203-thread-1] INFO  storage.RaftStorageDirectory (RaftStorageDirectoryImpl.java:analyzeStorage(132)) - The storage directory /github/workspace/mnt/ozone/hadoop-ozone/integration-test/target/test-dir/MiniOzoneClusterImpl-489e5869-bfe0-4080-b73d-d7b53c96c8d8/datanode-1/data/ratis/a11de40c-9c50-46d9-a87a-cb02c2db3c87 does not exist. Creating ...
2021-02-08 13:07:11,375 [pool-203-thread-1] INFO  storage.RaftStorageDirectory (RaftStorageDirectoryImpl.java:tryLock(215)) - Lock on /github/workspace/mnt/ozone/hadoop-ozone/integration-test/target/test-dir/MiniOzoneClusterImpl-489e5869-bfe0-4080-b73d-d7b53c96c8d8/datanode-1/data/ratis/a11de40c-9c50-46d9-a87a-cb02c2db3c87/in_use.lock acquired by nodename 30729@c20f386514e7
2021-02-08 13:07:11,377 [pool-203-thread-1] INFO  storage.RaftStorage (RaftStorageImpl.java:format(87)) - Storage directory /github/workspace/mnt/ozone/hadoop-ozone/integration-test/target/test-dir/MiniOzoneClusterImpl-489e5869-bfe0-4080-b73d-d7b53c96c8d8/datanode-1/data/ratis/a11de40c-9c50-46d9-a87a-cb02c2db3c87 has been successfully formatted.
2021-02-08 13:07:11,377 [pool-203-thread-1] INFO  ratis.ContainerStateMachine (ContainerStateMachine.java:loadSnapshot(223)) - group-CB02C2DB3C87: The snapshot info is null. Setting the last applied indexto:(t:0, i:~)
2021-02-08 13:07:11,377 [pool-203-thread-1] ERROR storage.RaftStorage (RaftStorageImpl.java:readRaftConfiguration(147)) - Failed reading configuration from file:/github/workspace/mnt/ozone/hadoop-ozone/integration-test/target/test-dir/MiniOzoneClusterImpl-489e5869-bfe0-4080-b73d-d7b53c96c8d8/datanode-1/data/ratis/a11de40c-9c50-46d9-a87a-cb02c2db3c87/current/raft-meta.conf
java.io.FileNotFoundException: /github/workspace/mnt/ozone/hadoop-ozone/integration-test/target/test-dir/MiniOzoneClusterImpl-489e5869-bfe0-4080-b73d-d7b53c96c8d8/datanode-1/data/ratis/a11de40c-9c50-46d9-a87a-cb02c2db3c87/current/raft-meta.conf (No such file or directory)
	at java.io.FileInputStream.open0(Native Method)
	at java.io.FileInputStream.open(FileInputStream.java:195)
	at java.io.FileInputStream.<init>(FileInputStream.java:138)
	at org.apache.ratis.server.storage.RaftStorageImpl.readRaftConfiguration(RaftStorageImpl.java:143)
	at org.apache.ratis.server.impl.ServerState.<init>(ServerState.java:122)
	at org.apache.ratis.server.impl.RaftServerImpl.<init>(RaftServerImpl.java:193)
	at org.apache.ratis.server.impl.RaftServerProxy.lambda$newRaftServerImpl$4(RaftServerProxy.java:266)
	at java.util.concurrent.CompletableFuture$AsyncSupply.run(CompletableFuture.java:1604)
	at java.util.concurrent.ThreadPoolExecutor.runWorker(ThreadPoolExecutor.java:1149)
	at java.util.concurrent.ThreadPoolExecutor$Worker.run(ThreadPoolExecutor.java:624)
	at java.lang.Thread.run(Thread.java:748)
2021-02-08 13:07:11,378 [pool-203-thread-1] INFO  server.RaftServerConfigKeys (ConfUtils.java:logGet(44)) - raft.server.notification.no-leader.timeout = 300000ms (custom)
2021-02-08 13:07:11,378 [pool-203-thread-1] INFO  server.RaftServerConfigKeys (ConfUtils.java:logGet(44)) - raft.server.log.use.memory = false (default)
2021-02-08 13:07:11,378 [pool-203-thread-1] INFO  server.RaftServerConfigKeys (ConfUtils.java:logGet(44)) - raft.server.log.purge.gap = 1000000 (custom)
2021-02-08 13:07:11,378 [pool-203-thread-1] INFO  server.RaftServerConfigKeys (ConfUtils.java:logGet(44)) - raft.server.log.appender.buffer.byte-limit = 33554432 (custom)
2021-02-08 13:07:11,378 [pool-203-thread-1] INFO  metrics.RatisMetrics (RatisMetrics.java:lambda$create$0(36)) - Creating Metrics Registry : ratis.log_worker.76df9516-c5cc-44f1-9ecc-163502ad41b5@group-CB02C2DB3C87
2021-02-08 13:07:11,378 [EventQueue-PipelineReportForOneReplicaPipelineSafeModeRule] INFO  safemode.SCMSafeModeManager (SCMSafeModeManager.java:validateSafeModeExitRules(214)) - AtleastOneDatanodeReportedRule rule is successfully validated
2021-02-08 13:07:11,379 [pool-203-thread-1] INFO  server.RaftServerConfigKeys (ConfUtils.java:logGet(44)) - raft.server.log.segment.size.max = 1048576 (custom)
2021-02-08 13:07:11,379 [pool-203-thread-1] INFO  server.RaftServerConfigKeys (ConfUtils.java:logGet(44)) - raft.server.log.segment.cache.num.max = 2 (custom)
2021-02-08 13:07:11,379 [pool-203-thread-1] INFO  server.RaftServerConfigKeys (ConfUtils.java:logGet(44)) - raft.server.log.segment.cache.size.max = 200MB (=209715200) (default)
2021-02-08 13:07:11,379 [pool-203-thread-1] INFO  segmented.SegmentedRaftLogWorker (SegmentedRaftLogWorker.java:<init>(181)) - new 76df9516-c5cc-44f1-9ecc-163502ad41b5@group-CB02C2DB3C87-SegmentedRaftLogWorker for RaftStorageImpl:Storage Directory /github/workspace/mnt/ozone/hadoop-ozone/integration-test/target/test-dir/MiniOzoneClusterImpl-489e5869-bfe0-4080-b73d-d7b53c96c8d8/datanode-1/data/ratis/a11de40c-9c50-46d9-a87a-cb02c2db3c87
2021-02-08 13:07:11,379 [pool-203-thread-1] INFO  server.RaftServerConfigKeys (ConfUtils.java:logGet(44)) - raft.server.log.queue.byte-limit = 2147483647 (custom)
2021-02-08 13:07:11,379 [pool-203-thread-1] INFO  server.RaftServerConfigKeys (ConfUtils.java:logGet(44)) - raft.server.log.queue.element-limit = 1024 (custom)
2021-02-08 13:07:11,379 [pool-203-thread-1] INFO  server.RaftServerConfigKeys (ConfUtils.java:logGet(44)) - raft.server.log.segment.size.max = 1048576 (custom)
2021-02-08 13:07:11,379 [pool-203-thread-1] INFO  server.RaftServerConfigKeys (ConfUtils.java:logGet(44)) - raft.server.log.preallocated.size = 16384 (custom)
2021-02-08 13:07:11,379 [pool-203-thread-1] INFO  server.RaftServerConfigKeys (ConfUtils.java:logGet(44)) - raft.server.log.force.sync.num = 128 (default)
2021-02-08 13:07:11,380 [pool-203-thread-1] INFO  server.RaftServerConfigKeys (ConfUtils.java:logGet(44)) - raft.server.log.statemachine.data.sync = true (default)
2021-02-08 13:07:11,380 [pool-203-thread-1] INFO  server.RaftServerConfigKeys (ConfUtils.java:logGet(44)) - raft.server.log.statemachine.data.sync.timeout = 10s (default)
2021-02-08 13:07:11,380 [pool-203-thread-1] INFO  server.RaftServerConfigKeys (ConfUtils.java:logGet(44)) - raft.server.log.statemachine.data.sync.timeout.retry = -1 (default)
2021-02-08 13:07:11,381 [pool-203-thread-1] INFO  server.RaftServerConfigKeys (ConfUtils.java:logGet(44)) - raft.server.log.write.buffer.size = 1048576 (custom)
2021-02-08 13:07:11,381 [pool-203-thread-1] INFO  server.RaftServerConfigKeys (ConfUtils.java:logGet(44)) - raft.server.log.statemachine.data.caching.enabled = true (custom)
2021-02-08 13:07:11,382 [pool-203-thread-1] INFO  segmented.SegmentedRaftLogWorker (SegmentedRaftLogWorker.java:lambda$new$0(132)) - 76df9516-c5cc-44f1-9ecc-163502ad41b5@group-CB02C2DB3C87-SegmentedRaftLogWorker: flushIndex: setUnconditionally 0 -> -1
2021-02-08 13:07:11,382 [pool-203-thread-1] INFO  segmented.SegmentedRaftLogWorker (SegmentedRaftLogWorker.java:lambda$new$0(132)) - 76df9516-c5cc-44f1-9ecc-163502ad41b5@group-CB02C2DB3C87-SegmentedRaftLogWorker: safeCacheEvictIndex: setUnconditionally 0 -> -1
2021-02-08 13:07:11,385 [pool-203-thread-1] INFO  server.RaftServerConfigKeys (ConfUtils.java:logGet(44)) - raft.server.snapshot.auto.trigger.enabled = true (custom)
2021-02-08 13:07:11,385 [pool-203-thread-1] INFO  server.RaftServerConfigKeys (ConfUtils.java:logGet(44)) - raft.server.snapshot.auto.trigger.threshold = 10000 (custom)
2021-02-08 13:07:11,385 [pool-203-thread-1] INFO  server.RaftServerConfigKeys (ConfUtils.java:logGet(44)) - raft.server.snapshot.retention.file.num = 5 (custom)
2021-02-08 13:07:11,385 [pool-203-thread-1] INFO  server.RaftServerConfigKeys (ConfUtils.java:logGet(44)) - raft.server.log.purge.upto.snapshot.index = false (default)
2021-02-08 13:07:11,386 [pool-203-thread-1] INFO  server.RaftServerConfigKeys (ConfUtils.java:logGet(44)) - raft.server.retrycache.expirytime = 600000ms (custom)
2021-02-08 13:07:11,386 [pool-203-thread-1] INFO  server.RaftServerConfigKeys (ConfUtils.java:logGet(44)) - raft.server.retrycache.statistics.expirytime = 100?s (default)
2021-02-08 13:07:11,386 [pool-203-thread-1] INFO  metrics.RatisMetrics (RatisMetrics.java:lambda$create$0(36)) - Creating Metrics Registry : ratis.leader_election.76df9516-c5cc-44f1-9ecc-163502ad41b5@group-CB02C2DB3C87
2021-02-08 13:07:11,386 [pool-203-thread-1] INFO  metrics.RatisMetrics (RatisMetrics.java:lambda$create$0(36)) - Creating Metrics Registry : ratis.server.76df9516-c5cc-44f1-9ecc-163502ad41b5@group-CB02C2DB3C87
2021-02-08 13:07:11,388 [pool-203-thread-1] INFO  server.RaftServer$Division (RaftServerImpl.java:start(295)) - 76df9516-c5cc-44f1-9ecc-163502ad41b5@group-CB02C2DB3C87: start as a follower, conf=-1: [76df9516-c5cc-44f1-9ecc-163502ad41b5|rpc:172.17.0.2:33219|dataStream:|priority:0, fc0eeb26-f5a4-40eb-8987-0eeb9e81290f|rpc:172.17.0.2:39069|dataStream:|priority:1, 61a3106f-4412-450d-ae4e-54e9a62c2593|rpc:172.17.0.2:44185|dataStream:|priority:0], old=null
2021-02-08 13:07:11,388 [pool-203-thread-1] INFO  server.RaftServer$Division (RaftServerImpl.java:setRole(284)) - 76df9516-c5cc-44f1-9ecc-163502ad41b5@group-CB02C2DB3C87: changes role from      null to FOLLOWER at term 0 for startAsFollower
2021-02-08 13:07:11,388 [pool-203-thread-1] INFO  impl.RoleInfo (RoleInfo.java:updateAndGet(130)) - 76df9516-c5cc-44f1-9ecc-163502ad41b5: start 76df9516-c5cc-44f1-9ecc-163502ad41b5@group-CB02C2DB3C87-FollowerState
2021-02-08 13:07:11,389 [pool-203-thread-1] INFO  util.JmxRegister (JmxRegister.java:tryRegister(44)) - Successfully registered JMX Bean with object name Ratis:service=RaftServer,group=group-CB02C2DB3C87,id=76df9516-c5cc-44f1-9ecc-163502ad41b5
2021-02-08 13:07:11,389 [pool-203-thread-1] INFO  metrics.RatisMetrics (RatisMetrics.java:lambda$create$0(36)) - Creating Metrics Registry : ratis.state_machine.76df9516-c5cc-44f1-9ecc-163502ad41b5@group-CB02C2DB3C87
2021-02-08 13:07:11,393 [Command processor thread] INFO  commandhandler.CreatePipelineCommandHandler (CreatePipelineCommandHandler.java:handle(106)) - Created Pipeline RATIS THREE PipelineID=a11de40c-9c50-46d9-a87a-cb02c2db3c87.
2021-02-08 13:07:11,393 [Command processor thread] INFO  server.RaftServer (RaftServerProxy.java:addNew(95)) - 61a3106f-4412-450d-ae4e-54e9a62c2593: addNew group-A9061CC89C88:[76df9516-c5cc-44f1-9ecc-163502ad41b5|rpc:172.17.0.2:33219|priority:1, fc0eeb26-f5a4-40eb-8987-0eeb9e81290f|rpc:172.17.0.2:39069|priority:0, 61a3106f-4412-450d-ae4e-54e9a62c2593|rpc:172.17.0.2:44185|priority:0] returns group-A9061CC89C88:java.util.concurrent.CompletableFuture@506f1106[Not completed]
2021-02-08 13:07:11,394 [pool-187-thread-1] INFO  server.RaftServer$Division (RaftServerImpl.java:<init>(180)) - 61a3106f-4412-450d-ae4e-54e9a62c2593: new RaftServerImpl for group-A9061CC89C88:[76df9516-c5cc-44f1-9ecc-163502ad41b5|rpc:172.17.0.2:33219|priority:1, fc0eeb26-f5a4-40eb-8987-0eeb9e81290f|rpc:172.17.0.2:39069|priority:0, 61a3106f-4412-450d-ae4e-54e9a62c2593|rpc:172.17.0.2:44185|priority:0] with ContainerStateMachine:uninitialized
2021-02-08 13:07:11,394 [pool-187-thread-1] INFO  server.RaftServerConfigKeys (ConfUtils.java:logGet(44)) - raft.server.rpc.timeout.min = 5s (custom)
2021-02-08 13:07:11,394 [pool-187-thread-1] INFO  server.RaftServerConfigKeys (ConfUtils.java:logGet(44)) - raft.server.rpc.timeout.max = 5200ms (custom)
2021-02-08 13:07:11,394 [pool-187-thread-1] INFO  server.RaftServerConfigKeys (ConfUtils.java:logGet(44)) - raft.server.rpc.sleep.time = 25ms (default)
2021-02-08 13:07:11,394 [pool-187-thread-1] INFO  server.RaftServerConfigKeys (ConfUtils.java:logGet(44)) - raft.server.rpc.slowness.timeout = 300000ms (custom)
2021-02-08 13:07:11,394 [pool-187-thread-1] INFO  server.RaftServerConfigKeys (ConfUtils.java:logGet(44)) - raft.server.leaderelection.leader.step-down.wait-time = 10s (default)
2021-02-08 13:07:11,394 [pool-187-thread-1] INFO  server.RaftServerConfigKeys (ConfUtils.java:logGet(44)) - raft.server.sleep.deviation.threshold = 300ms (default)
2021-02-08 13:07:11,394 [pool-187-thread-1] INFO  server.RaftServerConfigKeys (ConfUtils.java:logGet(44)) - raft.server.log.appender.install.snapshot.enabled = false (custom)
2021-02-08 13:07:11,394 [pool-187-thread-1] INFO  server.RaftServer$Division (ServerState.java:<init>(105)) - 61a3106f-4412-450d-ae4e-54e9a62c2593@group-A9061CC89C88: ConfigurationManager, init=-1: [76df9516-c5cc-44f1-9ecc-163502ad41b5|rpc:172.17.0.2:33219|priority:1, fc0eeb26-f5a4-40eb-8987-0eeb9e81290f|rpc:172.17.0.2:39069|priority:0, 61a3106f-4412-450d-ae4e-54e9a62c2593|rpc:172.17.0.2:44185|priority:0], old=null, confs=<EMPTY_MAP>
2021-02-08 13:07:11,394 [pool-187-thread-1] INFO  server.RaftServerConfigKeys (ConfUtils.java:logGet(44)) - raft.server.storage.dir = [/github/workspace/mnt/ozone/hadoop-ozone/integration-test/target/test-dir/MiniOzoneClusterImpl-489e5869-bfe0-4080-b73d-d7b53c96c8d8/datanode-0/data/ratis] (custom)
2021-02-08 13:07:11,395 [pool-187-thread-1] INFO  server.RaftServerConfigKeys (ConfUtils.java:logGet(44)) - raft.server.log.corruption.policy = EXCEPTION (default)
2021-02-08 13:07:11,395 [pool-187-thread-1] INFO  storage.RaftStorageDirectory (RaftStorageDirectoryImpl.java:analyzeStorage(132)) - The storage directory /github/workspace/mnt/ozone/hadoop-ozone/integration-test/target/test-dir/MiniOzoneClusterImpl-489e5869-bfe0-4080-b73d-d7b53c96c8d8/datanode-0/data/ratis/d16511c0-ad72-4a36-9e78-a9061cc89c88 does not exist. Creating ...
2021-02-08 13:07:11,396 [pool-187-thread-1] INFO  storage.RaftStorageDirectory (RaftStorageDirectoryImpl.java:tryLock(215)) - Lock on /github/workspace/mnt/ozone/hadoop-ozone/integration-test/target/test-dir/MiniOzoneClusterImpl-489e5869-bfe0-4080-b73d-d7b53c96c8d8/datanode-0/data/ratis/d16511c0-ad72-4a36-9e78-a9061cc89c88/in_use.lock acquired by nodename 30729@c20f386514e7
2021-02-08 13:07:11,398 [pool-187-thread-1] INFO  storage.RaftStorage (RaftStorageImpl.java:format(87)) - Storage directory /github/workspace/mnt/ozone/hadoop-ozone/integration-test/target/test-dir/MiniOzoneClusterImpl-489e5869-bfe0-4080-b73d-d7b53c96c8d8/datanode-0/data/ratis/d16511c0-ad72-4a36-9e78-a9061cc89c88 has been successfully formatted.
2021-02-08 13:07:11,398 [pool-187-thread-1] INFO  ratis.ContainerStateMachine (ContainerStateMachine.java:loadSnapshot(223)) - group-A9061CC89C88: The snapshot info is null. Setting the last applied indexto:(t:0, i:~)
2021-02-08 13:07:11,398 [pool-187-thread-1] ERROR storage.RaftStorage (RaftStorageImpl.java:readRaftConfiguration(147)) - Failed reading configuration from file:/github/workspace/mnt/ozone/hadoop-ozone/integration-test/target/test-dir/MiniOzoneClusterImpl-489e5869-bfe0-4080-b73d-d7b53c96c8d8/datanode-0/data/ratis/d16511c0-ad72-4a36-9e78-a9061cc89c88/current/raft-meta.conf
java.io.FileNotFoundException: /github/workspace/mnt/ozone/hadoop-ozone/integration-test/target/test-dir/MiniOzoneClusterImpl-489e5869-bfe0-4080-b73d-d7b53c96c8d8/datanode-0/data/ratis/d16511c0-ad72-4a36-9e78-a9061cc89c88/current/raft-meta.conf (No such file or directory)
	at java.io.FileInputStream.open0(Native Method)
	at java.io.FileInputStream.open(FileInputStream.java:195)
	at java.io.FileInputStream.<init>(FileInputStream.java:138)
	at org.apache.ratis.server.storage.RaftStorageImpl.readRaftConfiguration(RaftStorageImpl.java:143)
	at org.apache.ratis.server.impl.ServerState.<init>(ServerState.java:122)
	at org.apache.ratis.server.impl.RaftServerImpl.<init>(RaftServerImpl.java:193)
	at org.apache.ratis.server.impl.RaftServerProxy.lambda$newRaftServerImpl$4(RaftServerProxy.java:266)
	at java.util.concurrent.CompletableFuture$AsyncSupply.run(CompletableFuture.java:1604)
	at java.util.concurrent.ThreadPoolExecutor.runWorker(ThreadPoolExecutor.java:1149)
	at java.util.concurrent.ThreadPoolExecutor$Worker.run(ThreadPoolExecutor.java:624)
	at java.lang.Thread.run(Thread.java:748)
2021-02-08 13:07:11,398 [pool-187-thread-1] INFO  server.RaftServerConfigKeys (ConfUtils.java:logGet(44)) - raft.server.notification.no-leader.timeout = 300000ms (custom)
2021-02-08 13:07:11,398 [pool-187-thread-1] INFO  server.RaftServerConfigKeys (ConfUtils.java:logGet(44)) - raft.server.log.use.memory = false (default)
2021-02-08 13:07:11,398 [pool-187-thread-1] INFO  server.RaftServerConfigKeys (ConfUtils.java:logGet(44)) - raft.server.log.purge.gap = 1000000 (custom)
2021-02-08 13:07:11,398 [pool-187-thread-1] INFO  server.RaftServerConfigKeys (ConfUtils.java:logGet(44)) - raft.server.log.appender.buffer.byte-limit = 33554432 (custom)
2021-02-08 13:07:11,398 [pool-187-thread-1] INFO  metrics.RatisMetrics (RatisMetrics.java:lambda$create$0(36)) - Creating Metrics Registry : ratis.log_worker.61a3106f-4412-450d-ae4e-54e9a62c2593@group-A9061CC89C88
2021-02-08 13:07:11,398 [pool-187-thread-1] INFO  server.RaftServerConfigKeys (ConfUtils.java:logGet(44)) - raft.server.log.segment.size.max = 1048576 (custom)
2021-02-08 13:07:11,399 [EventQueue-PipelineReportForOneReplicaPipelineSafeModeRule] INFO  safemode.SCMSafeModeManager (SCMSafeModeManager.java:validateSafeModeExitRules(214)) - AtleastOneDatanodeReportedRule rule is successfully validated
2021-02-08 13:07:11,399 [EventQueue-OpenPipelineForHealthyPipelineSafeModeRule] INFO  safemode.SCMSafeModeManager (HealthyPipelineSafeModeRule.java:process(128)) - SCM in safe mode. Healthy pipelines reported count is 0, required healthy pipeline reported count is 1
2021-02-08 13:07:11,399 [pool-187-thread-1] INFO  server.RaftServerConfigKeys (ConfUtils.java:logGet(44)) - raft.server.log.segment.cache.num.max = 2 (custom)
2021-02-08 13:07:11,399 [pool-187-thread-1] INFO  server.RaftServerConfigKeys (ConfUtils.java:logGet(44)) - raft.server.log.segment.cache.size.max = 200MB (=209715200) (default)
2021-02-08 13:07:11,399 [pool-187-thread-1] INFO  segmented.SegmentedRaftLogWorker (SegmentedRaftLogWorker.java:<init>(181)) - new 61a3106f-4412-450d-ae4e-54e9a62c2593@group-A9061CC89C88-SegmentedRaftLogWorker for RaftStorageImpl:Storage Directory /github/workspace/mnt/ozone/hadoop-ozone/integration-test/target/test-dir/MiniOzoneClusterImpl-489e5869-bfe0-4080-b73d-d7b53c96c8d8/datanode-0/data/ratis/d16511c0-ad72-4a36-9e78-a9061cc89c88
2021-02-08 13:07:11,399 [pool-187-thread-1] INFO  server.RaftServerConfigKeys (ConfUtils.java:logGet(44)) - raft.server.log.queue.byte-limit = 2147483647 (custom)
2021-02-08 13:07:11,399 [pool-187-thread-1] INFO  server.RaftServerConfigKeys (ConfUtils.java:logGet(44)) - raft.server.log.queue.element-limit = 1024 (custom)
2021-02-08 13:07:11,399 [pool-187-thread-1] INFO  server.RaftServerConfigKeys (ConfUtils.java:logGet(44)) - raft.server.log.segment.size.max = 1048576 (custom)
2021-02-08 13:07:11,399 [pool-187-thread-1] INFO  server.RaftServerConfigKeys (ConfUtils.java:logGet(44)) - raft.server.log.preallocated.size = 16384 (custom)
2021-02-08 13:07:11,399 [pool-187-thread-1] INFO  server.RaftServerConfigKeys (ConfUtils.java:logGet(44)) - raft.server.log.force.sync.num = 128 (default)
2021-02-08 13:07:11,399 [pool-187-thread-1] INFO  server.RaftServerConfigKeys (ConfUtils.java:logGet(44)) - raft.server.log.statemachine.data.sync = true (default)
2021-02-08 13:07:11,400 [pool-187-thread-1] INFO  server.RaftServerConfigKeys (ConfUtils.java:logGet(44)) - raft.server.log.statemachine.data.sync.timeout = 10s (default)
2021-02-08 13:07:11,400 [pool-187-thread-1] INFO  server.RaftServerConfigKeys (ConfUtils.java:logGet(44)) - raft.server.log.statemachine.data.sync.timeout.retry = -1 (default)
2021-02-08 13:07:11,400 [pool-187-thread-1] INFO  server.RaftServerConfigKeys (ConfUtils.java:logGet(44)) - raft.server.log.write.buffer.size = 1048576 (custom)
2021-02-08 13:07:11,401 [pool-187-thread-1] INFO  server.RaftServerConfigKeys (ConfUtils.java:logGet(44)) - raft.server.log.statemachine.data.caching.enabled = true (custom)
2021-02-08 13:07:11,401 [pool-187-thread-1] INFO  segmented.SegmentedRaftLogWorker (SegmentedRaftLogWorker.java:lambda$new$0(132)) - 61a3106f-4412-450d-ae4e-54e9a62c2593@group-A9061CC89C88-SegmentedRaftLogWorker: flushIndex: setUnconditionally 0 -> -1
2021-02-08 13:07:11,401 [pool-187-thread-1] INFO  segmented.SegmentedRaftLogWorker (SegmentedRaftLogWorker.java:lambda$new$0(132)) - 61a3106f-4412-450d-ae4e-54e9a62c2593@group-A9061CC89C88-SegmentedRaftLogWorker: safeCacheEvictIndex: setUnconditionally 0 -> -1
2021-02-08 13:07:11,402 [pool-187-thread-1] INFO  server.RaftServerConfigKeys (ConfUtils.java:logGet(44)) - raft.server.snapshot.auto.trigger.enabled = true (custom)
2021-02-08 13:07:11,402 [pool-187-thread-1] INFO  server.RaftServerConfigKeys (ConfUtils.java:logGet(44)) - raft.server.snapshot.auto.trigger.threshold = 10000 (custom)
2021-02-08 13:07:11,402 [pool-187-thread-1] INFO  server.RaftServerConfigKeys (ConfUtils.java:logGet(44)) - raft.server.snapshot.retention.file.num = 5 (custom)
2021-02-08 13:07:11,402 [pool-187-thread-1] INFO  server.RaftServerConfigKeys (ConfUtils.java:logGet(44)) - raft.server.log.purge.upto.snapshot.index = false (default)
2021-02-08 13:07:11,402 [pool-187-thread-1] INFO  server.RaftServerConfigKeys (ConfUtils.java:logGet(44)) - raft.server.retrycache.expirytime = 600000ms (custom)
2021-02-08 13:07:11,402 [pool-187-thread-1] INFO  server.RaftServerConfigKeys (ConfUtils.java:logGet(44)) - raft.server.retrycache.statistics.expirytime = 100?s (default)
2021-02-08 13:07:11,402 [pool-187-thread-1] INFO  metrics.RatisMetrics (RatisMetrics.java:lambda$create$0(36)) - Creating Metrics Registry : ratis.leader_election.61a3106f-4412-450d-ae4e-54e9a62c2593@group-A9061CC89C88
2021-02-08 13:07:11,403 [pool-187-thread-1] INFO  metrics.RatisMetrics (RatisMetrics.java:lambda$create$0(36)) - Creating Metrics Registry : ratis.server.61a3106f-4412-450d-ae4e-54e9a62c2593@group-A9061CC89C88
2021-02-08 13:07:11,404 [pool-187-thread-1] INFO  server.RaftServer$Division (RaftServerImpl.java:start(295)) - 61a3106f-4412-450d-ae4e-54e9a62c2593@group-A9061CC89C88: start as a follower, conf=-1: [76df9516-c5cc-44f1-9ecc-163502ad41b5|rpc:172.17.0.2:33219|priority:1, fc0eeb26-f5a4-40eb-8987-0eeb9e81290f|rpc:172.17.0.2:39069|priority:0, 61a3106f-4412-450d-ae4e-54e9a62c2593|rpc:172.17.0.2:44185|priority:0], old=null
2021-02-08 13:07:11,404 [pool-187-thread-1] INFO  server.RaftServer$Division (RaftServerImpl.java:setRole(284)) - 61a3106f-4412-450d-ae4e-54e9a62c2593@group-A9061CC89C88: changes role from      null to FOLLOWER at term 0 for startAsFollower
2021-02-08 13:07:11,404 [pool-187-thread-1] INFO  impl.RoleInfo (RoleInfo.java:updateAndGet(130)) - 61a3106f-4412-450d-ae4e-54e9a62c2593: start 61a3106f-4412-450d-ae4e-54e9a62c2593@group-A9061CC89C88-FollowerState
2021-02-08 13:07:11,406 [pool-187-thread-1] INFO  util.JmxRegister (JmxRegister.java:tryRegister(44)) - Successfully registered JMX Bean with object name Ratis:service=RaftServer,group=group-A9061CC89C88,id=61a3106f-4412-450d-ae4e-54e9a62c2593
2021-02-08 13:07:11,406 [pool-187-thread-1] INFO  metrics.RatisMetrics (RatisMetrics.java:lambda$create$0(36)) - Creating Metrics Registry : ratis.state_machine.61a3106f-4412-450d-ae4e-54e9a62c2593@group-A9061CC89C88
2021-02-08 13:07:11,407 [Command processor thread] INFO  metrics.RatisMetrics (RatisMetrics.java:lambda$create$0(36)) - Creating Metrics Registry : ratis.client_message_metrics.client-60AD20CA758C->76df9516-c5cc-44f1-9ecc-163502ad41b5
2021-02-08 13:07:11,413 [grpc-default-executor-3] INFO  server.RaftServer (RaftServerProxy.java:addNew(95)) - 76df9516-c5cc-44f1-9ecc-163502ad41b5: addNew group-A9061CC89C88:[76df9516-c5cc-44f1-9ecc-163502ad41b5|rpc:172.17.0.2:33219|dataStream:|priority:1, fc0eeb26-f5a4-40eb-8987-0eeb9e81290f|rpc:172.17.0.2:39069|dataStream:|priority:0, 61a3106f-4412-450d-ae4e-54e9a62c2593|rpc:172.17.0.2:44185|dataStream:|priority:0] returns group-A9061CC89C88:java.util.concurrent.CompletableFuture@394f2e89[Not completed]
2021-02-08 13:07:11,414 [pool-203-thread-1] INFO  server.RaftServer$Division (RaftServerImpl.java:<init>(180)) - 76df9516-c5cc-44f1-9ecc-163502ad41b5: new RaftServerImpl for group-A9061CC89C88:[76df9516-c5cc-44f1-9ecc-163502ad41b5|rpc:172.17.0.2:33219|dataStream:|priority:1, fc0eeb26-f5a4-40eb-8987-0eeb9e81290f|rpc:172.17.0.2:39069|dataStream:|priority:0, 61a3106f-4412-450d-ae4e-54e9a62c2593|rpc:172.17.0.2:44185|dataStream:|priority:0] with ContainerStateMachine:uninitialized
2021-02-08 13:07:11,414 [pool-203-thread-1] INFO  server.RaftServerConfigKeys (ConfUtils.java:logGet(44)) - raft.server.rpc.timeout.min = 5s (custom)
2021-02-08 13:07:11,414 [pool-203-thread-1] INFO  server.RaftServerConfigKeys (ConfUtils.java:logGet(44)) - raft.server.rpc.timeout.max = 5200ms (custom)
2021-02-08 13:07:11,414 [pool-203-thread-1] INFO  server.RaftServerConfigKeys (ConfUtils.java:logGet(44)) - raft.server.rpc.sleep.time = 25ms (default)
2021-02-08 13:07:11,414 [pool-203-thread-1] INFO  server.RaftServerConfigKeys (ConfUtils.java:logGet(44)) - raft.server.rpc.slowness.timeout = 300000ms (custom)
2021-02-08 13:07:11,414 [pool-203-thread-1] INFO  server.RaftServerConfigKeys (ConfUtils.java:logGet(44)) - raft.server.leaderelection.leader.step-down.wait-time = 10s (default)
2021-02-08 13:07:11,414 [pool-203-thread-1] INFO  server.RaftServerConfigKeys (ConfUtils.java:logGet(44)) - raft.server.sleep.deviation.threshold = 300ms (default)
2021-02-08 13:07:11,415 [pool-203-thread-1] INFO  server.RaftServerConfigKeys (ConfUtils.java:logGet(44)) - raft.server.log.appender.install.snapshot.enabled = false (custom)
2021-02-08 13:07:11,415 [pool-203-thread-1] INFO  server.RaftServer$Division (ServerState.java:<init>(105)) - 76df9516-c5cc-44f1-9ecc-163502ad41b5@group-A9061CC89C88: ConfigurationManager, init=-1: [76df9516-c5cc-44f1-9ecc-163502ad41b5|rpc:172.17.0.2:33219|dataStream:|priority:1, fc0eeb26-f5a4-40eb-8987-0eeb9e81290f|rpc:172.17.0.2:39069|dataStream:|priority:0, 61a3106f-4412-450d-ae4e-54e9a62c2593|rpc:172.17.0.2:44185|dataStream:|priority:0], old=null, confs=<EMPTY_MAP>
2021-02-08 13:07:11,415 [pool-203-thread-1] INFO  server.RaftServerConfigKeys (ConfUtils.java:logGet(44)) - raft.server.storage.dir = [/github/workspace/mnt/ozone/hadoop-ozone/integration-test/target/test-dir/MiniOzoneClusterImpl-489e5869-bfe0-4080-b73d-d7b53c96c8d8/datanode-1/data/ratis] (custom)
2021-02-08 13:07:11,415 [pool-203-thread-1] INFO  server.RaftServerConfigKeys (ConfUtils.java:logGet(44)) - raft.server.log.corruption.policy = EXCEPTION (default)
2021-02-08 13:07:11,415 [pool-203-thread-1] INFO  storage.RaftStorageDirectory (RaftStorageDirectoryImpl.java:analyzeStorage(132)) - The storage directory /github/workspace/mnt/ozone/hadoop-ozone/integration-test/target/test-dir/MiniOzoneClusterImpl-489e5869-bfe0-4080-b73d-d7b53c96c8d8/datanode-1/data/ratis/d16511c0-ad72-4a36-9e78-a9061cc89c88 does not exist. Creating ...
2021-02-08 13:07:11,416 [pool-203-thread-1] INFO  storage.RaftStorageDirectory (RaftStorageDirectoryImpl.java:tryLock(215)) - Lock on /github/workspace/mnt/ozone/hadoop-ozone/integration-test/target/test-dir/MiniOzoneClusterImpl-489e5869-bfe0-4080-b73d-d7b53c96c8d8/datanode-1/data/ratis/d16511c0-ad72-4a36-9e78-a9061cc89c88/in_use.lock acquired by nodename 30729@c20f386514e7
2021-02-08 13:07:11,417 [pool-203-thread-1] INFO  storage.RaftStorage (RaftStorageImpl.java:format(87)) - Storage directory /github/workspace/mnt/ozone/hadoop-ozone/integration-test/target/test-dir/MiniOzoneClusterImpl-489e5869-bfe0-4080-b73d-d7b53c96c8d8/datanode-1/data/ratis/d16511c0-ad72-4a36-9e78-a9061cc89c88 has been successfully formatted.
2021-02-08 13:07:11,418 [EventQueue-PipelineReportForOneReplicaPipelineSafeModeRule] INFO  safemode.SCMSafeModeManager (SCMSafeModeManager.java:validateSafeModeExitRules(214)) - AtleastOneDatanodeReportedRule rule is successfully validated
2021-02-08 13:07:11,419 [pool-203-thread-1] INFO  ratis.ContainerStateMachine (ContainerStateMachine.java:loadSnapshot(223)) - group-A9061CC89C88: The snapshot info is null. Setting the last applied indexto:(t:0, i:~)
2021-02-08 13:07:11,419 [pool-203-thread-1] ERROR storage.RaftStorage (RaftStorageImpl.java:readRaftConfiguration(147)) - Failed reading configuration from file:/github/workspace/mnt/ozone/hadoop-ozone/integration-test/target/test-dir/MiniOzoneClusterImpl-489e5869-bfe0-4080-b73d-d7b53c96c8d8/datanode-1/data/ratis/d16511c0-ad72-4a36-9e78-a9061cc89c88/current/raft-meta.conf
java.io.FileNotFoundException: /github/workspace/mnt/ozone/hadoop-ozone/integration-test/target/test-dir/MiniOzoneClusterImpl-489e5869-bfe0-4080-b73d-d7b53c96c8d8/datanode-1/data/ratis/d16511c0-ad72-4a36-9e78-a9061cc89c88/current/raft-meta.conf (No such file or directory)
	at java.io.FileInputStream.open0(Native Method)
	at java.io.FileInputStream.open(FileInputStream.java:195)
	at java.io.FileInputStream.<init>(FileInputStream.java:138)
	at org.apache.ratis.server.storage.RaftStorageImpl.readRaftConfiguration(RaftStorageImpl.java:143)
	at org.apache.ratis.server.impl.ServerState.<init>(ServerState.java:122)
	at org.apache.ratis.server.impl.RaftServerImpl.<init>(RaftServerImpl.java:193)
	at org.apache.ratis.server.impl.RaftServerProxy.lambda$newRaftServerImpl$4(RaftServerProxy.java:266)
	at java.util.concurrent.CompletableFuture$AsyncSupply.run(CompletableFuture.java:1604)
	at java.util.concurrent.ThreadPoolExecutor.runWorker(ThreadPoolExecutor.java:1149)
	at java.util.concurrent.ThreadPoolExecutor$Worker.run(ThreadPoolExecutor.java:624)
	at java.lang.Thread.run(Thread.java:748)
2021-02-08 13:07:11,419 [pool-203-thread-1] INFO  server.RaftServerConfigKeys (ConfUtils.java:logGet(44)) - raft.server.notification.no-leader.timeout = 300000ms (custom)
2021-02-08 13:07:11,419 [pool-203-thread-1] INFO  server.RaftServerConfigKeys (ConfUtils.java:logGet(44)) - raft.server.log.use.memory = false (default)
2021-02-08 13:07:11,419 [pool-203-thread-1] INFO  server.RaftServerConfigKeys (ConfUtils.java:logGet(44)) - raft.server.log.purge.gap = 1000000 (custom)
2021-02-08 13:07:11,419 [pool-203-thread-1] INFO  server.RaftServerConfigKeys (ConfUtils.java:logGet(44)) - raft.server.log.appender.buffer.byte-limit = 33554432 (custom)
2021-02-08 13:07:11,419 [pool-203-thread-1] INFO  metrics.RatisMetrics (RatisMetrics.java:lambda$create$0(36)) - Creating Metrics Registry : ratis.log_worker.76df9516-c5cc-44f1-9ecc-163502ad41b5@group-A9061CC89C88
2021-02-08 13:07:11,420 [pool-203-thread-1] INFO  server.RaftServerConfigKeys (ConfUtils.java:logGet(44)) - raft.server.log.segment.size.max = 1048576 (custom)
2021-02-08 13:07:11,420 [pool-203-thread-1] INFO  server.RaftServerConfigKeys (ConfUtils.java:logGet(44)) - raft.server.log.segment.cache.num.max = 2 (custom)
2021-02-08 13:07:11,420 [pool-203-thread-1] INFO  server.RaftServerConfigKeys (ConfUtils.java:logGet(44)) - raft.server.log.segment.cache.size.max = 200MB (=209715200) (default)
2021-02-08 13:07:11,420 [pool-203-thread-1] INFO  segmented.SegmentedRaftLogWorker (SegmentedRaftLogWorker.java:<init>(181)) - new 76df9516-c5cc-44f1-9ecc-163502ad41b5@group-A9061CC89C88-SegmentedRaftLogWorker for RaftStorageImpl:Storage Directory /github/workspace/mnt/ozone/hadoop-ozone/integration-test/target/test-dir/MiniOzoneClusterImpl-489e5869-bfe0-4080-b73d-d7b53c96c8d8/datanode-1/data/ratis/d16511c0-ad72-4a36-9e78-a9061cc89c88
2021-02-08 13:07:11,420 [pool-203-thread-1] INFO  server.RaftServerConfigKeys (ConfUtils.java:logGet(44)) - raft.server.log.queue.byte-limit = 2147483647 (custom)
2021-02-08 13:07:11,420 [pool-203-thread-1] INFO  server.RaftServerConfigKeys (ConfUtils.java:logGet(44)) - raft.server.log.queue.element-limit = 1024 (custom)
2021-02-08 13:07:11,420 [pool-203-thread-1] INFO  server.RaftServerConfigKeys (ConfUtils.java:logGet(44)) - raft.server.log.segment.size.max = 1048576 (custom)
2021-02-08 13:07:11,420 [pool-203-thread-1] INFO  server.RaftServerConfigKeys (ConfUtils.java:logGet(44)) - raft.server.log.preallocated.size = 16384 (custom)
2021-02-08 13:07:11,421 [pool-203-thread-1] INFO  server.RaftServerConfigKeys (ConfUtils.java:logGet(44)) - raft.server.log.force.sync.num = 128 (default)
2021-02-08 13:07:11,421 [pool-203-thread-1] INFO  server.RaftServerConfigKeys (ConfUtils.java:logGet(44)) - raft.server.log.statemachine.data.sync = true (default)
2021-02-08 13:07:11,421 [pool-203-thread-1] INFO  server.RaftServerConfigKeys (ConfUtils.java:logGet(44)) - raft.server.log.statemachine.data.sync.timeout = 10s (default)
2021-02-08 13:07:11,421 [pool-203-thread-1] INFO  server.RaftServerConfigKeys (ConfUtils.java:logGet(44)) - raft.server.log.statemachine.data.sync.timeout.retry = -1 (default)
2021-02-08 13:07:11,422 [pool-203-thread-1] INFO  server.RaftServerConfigKeys (ConfUtils.java:logGet(44)) - raft.server.log.write.buffer.size = 1048576 (custom)
2021-02-08 13:07:11,422 [pool-203-thread-1] INFO  server.RaftServerConfigKeys (ConfUtils.java:logGet(44)) - raft.server.log.statemachine.data.caching.enabled = true (custom)
2021-02-08 13:07:11,423 [pool-203-thread-1] INFO  segmented.SegmentedRaftLogWorker (SegmentedRaftLogWorker.java:lambda$new$0(132)) - 76df9516-c5cc-44f1-9ecc-163502ad41b5@group-A9061CC89C88-SegmentedRaftLogWorker: flushIndex: setUnconditionally 0 -> -1
2021-02-08 13:07:11,423 [pool-203-thread-1] INFO  segmented.SegmentedRaftLogWorker (SegmentedRaftLogWorker.java:lambda$new$0(132)) - 76df9516-c5cc-44f1-9ecc-163502ad41b5@group-A9061CC89C88-SegmentedRaftLogWorker: safeCacheEvictIndex: setUnconditionally 0 -> -1
2021-02-08 13:07:11,423 [pool-203-thread-1] INFO  server.RaftServerConfigKeys (ConfUtils.java:logGet(44)) - raft.server.snapshot.auto.trigger.enabled = true (custom)
2021-02-08 13:07:11,423 [pool-203-thread-1] INFO  server.RaftServerConfigKeys (ConfUtils.java:logGet(44)) - raft.server.snapshot.auto.trigger.threshold = 10000 (custom)
2021-02-08 13:07:11,423 [pool-203-thread-1] INFO  server.RaftServerConfigKeys (ConfUtils.java:logGet(44)) - raft.server.snapshot.retention.file.num = 5 (custom)
2021-02-08 13:07:11,423 [pool-203-thread-1] INFO  server.RaftServerConfigKeys (ConfUtils.java:logGet(44)) - raft.server.log.purge.upto.snapshot.index = false (default)
2021-02-08 13:07:11,423 [pool-203-thread-1] INFO  server.RaftServerConfigKeys (ConfUtils.java:logGet(44)) - raft.server.retrycache.expirytime = 600000ms (custom)
2021-02-08 13:07:11,423 [pool-203-thread-1] INFO  server.RaftServerConfigKeys (ConfUtils.java:logGet(44)) - raft.server.retrycache.statistics.expirytime = 100?s (default)
2021-02-08 13:07:11,423 [pool-203-thread-1] INFO  metrics.RatisMetrics (RatisMetrics.java:lambda$create$0(36)) - Creating Metrics Registry : ratis.leader_election.76df9516-c5cc-44f1-9ecc-163502ad41b5@group-A9061CC89C88
2021-02-08 13:07:11,424 [pool-203-thread-1] INFO  metrics.RatisMetrics (RatisMetrics.java:lambda$create$0(36)) - Creating Metrics Registry : ratis.server.76df9516-c5cc-44f1-9ecc-163502ad41b5@group-A9061CC89C88
2021-02-08 13:07:11,424 [pool-203-thread-1] INFO  server.RaftServer$Division (RaftServerImpl.java:start(295)) - 76df9516-c5cc-44f1-9ecc-163502ad41b5@group-A9061CC89C88: start as a follower, conf=-1: [76df9516-c5cc-44f1-9ecc-163502ad41b5|rpc:172.17.0.2:33219|dataStream:|priority:1, fc0eeb26-f5a4-40eb-8987-0eeb9e81290f|rpc:172.17.0.2:39069|dataStream:|priority:0, 61a3106f-4412-450d-ae4e-54e9a62c2593|rpc:172.17.0.2:44185|dataStream:|priority:0], old=null
2021-02-08 13:07:11,425 [pool-203-thread-1] INFO  server.RaftServer$Division (RaftServerImpl.java:setRole(284)) - 76df9516-c5cc-44f1-9ecc-163502ad41b5@group-A9061CC89C88: changes role from      null to FOLLOWER at term 0 for startAsFollower
2021-02-08 13:07:11,425 [pool-203-thread-1] INFO  impl.RoleInfo (RoleInfo.java:updateAndGet(130)) - 76df9516-c5cc-44f1-9ecc-163502ad41b5: start 76df9516-c5cc-44f1-9ecc-163502ad41b5@group-A9061CC89C88-FollowerState
2021-02-08 13:07:11,425 [pool-203-thread-1] INFO  util.JmxRegister (JmxRegister.java:tryRegister(44)) - Successfully registered JMX Bean with object name Ratis:service=RaftServer,group=group-A9061CC89C88,id=76df9516-c5cc-44f1-9ecc-163502ad41b5
2021-02-08 13:07:11,425 [pool-203-thread-1] INFO  metrics.RatisMetrics (RatisMetrics.java:lambda$create$0(36)) - Creating Metrics Registry : ratis.state_machine.76df9516-c5cc-44f1-9ecc-163502ad41b5@group-A9061CC89C88
2021-02-08 13:07:11,433 [Command processor thread] INFO  metrics.RatisMetrics (RatisMetrics.java:lambda$create$0(36)) - Creating Metrics Registry : ratis.client_message_metrics.client-46F51C813072->fc0eeb26-f5a4-40eb-8987-0eeb9e81290f
2021-02-08 13:07:11,440 [grpc-default-executor-3] INFO  server.RaftServer (RaftServerProxy.java:addNew(95)) - fc0eeb26-f5a4-40eb-8987-0eeb9e81290f: addNew group-A9061CC89C88:[76df9516-c5cc-44f1-9ecc-163502ad41b5|rpc:172.17.0.2:33219|dataStream:|priority:1, fc0eeb26-f5a4-40eb-8987-0eeb9e81290f|rpc:172.17.0.2:39069|dataStream:|priority:0, 61a3106f-4412-450d-ae4e-54e9a62c2593|rpc:172.17.0.2:44185|dataStream:|priority:0] returns group-A9061CC89C88:java.util.concurrent.CompletableFuture@67412a4a[Not completed]
2021-02-08 13:07:11,442 [pool-219-thread-1] INFO  server.RaftServer$Division (RaftServerImpl.java:<init>(180)) - fc0eeb26-f5a4-40eb-8987-0eeb9e81290f: new RaftServerImpl for group-A9061CC89C88:[76df9516-c5cc-44f1-9ecc-163502ad41b5|rpc:172.17.0.2:33219|dataStream:|priority:1, fc0eeb26-f5a4-40eb-8987-0eeb9e81290f|rpc:172.17.0.2:39069|dataStream:|priority:0, 61a3106f-4412-450d-ae4e-54e9a62c2593|rpc:172.17.0.2:44185|dataStream:|priority:0] with ContainerStateMachine:uninitialized
2021-02-08 13:07:11,442 [pool-219-thread-1] INFO  server.RaftServerConfigKeys (ConfUtils.java:logGet(44)) - raft.server.rpc.timeout.min = 5s (custom)
2021-02-08 13:07:11,442 [pool-219-thread-1] INFO  server.RaftServerConfigKeys (ConfUtils.java:logGet(44)) - raft.server.rpc.timeout.max = 5200ms (custom)
2021-02-08 13:07:11,442 [pool-219-thread-1] INFO  server.RaftServerConfigKeys (ConfUtils.java:logGet(44)) - raft.server.rpc.sleep.time = 25ms (default)
2021-02-08 13:07:11,442 [pool-219-thread-1] INFO  server.RaftServerConfigKeys (ConfUtils.java:logGet(44)) - raft.server.rpc.slowness.timeout = 300000ms (custom)
2021-02-08 13:07:11,442 [pool-219-thread-1] INFO  server.RaftServerConfigKeys (ConfUtils.java:logGet(44)) - raft.server.leaderelection.leader.step-down.wait-time = 10s (default)
2021-02-08 13:07:11,442 [pool-219-thread-1] INFO  server.RaftServerConfigKeys (ConfUtils.java:logGet(44)) - raft.server.sleep.deviation.threshold = 300ms (default)
2021-02-08 13:07:11,442 [pool-219-thread-1] INFO  server.RaftServerConfigKeys (ConfUtils.java:logGet(44)) - raft.server.log.appender.install.snapshot.enabled = false (custom)
2021-02-08 13:07:11,442 [pool-219-thread-1] INFO  server.RaftServer$Division (ServerState.java:<init>(105)) - fc0eeb26-f5a4-40eb-8987-0eeb9e81290f@group-A9061CC89C88: ConfigurationManager, init=-1: [76df9516-c5cc-44f1-9ecc-163502ad41b5|rpc:172.17.0.2:33219|dataStream:|priority:1, fc0eeb26-f5a4-40eb-8987-0eeb9e81290f|rpc:172.17.0.2:39069|dataStream:|priority:0, 61a3106f-4412-450d-ae4e-54e9a62c2593|rpc:172.17.0.2:44185|dataStream:|priority:0], old=null, confs=<EMPTY_MAP>
2021-02-08 13:07:11,442 [pool-219-thread-1] INFO  server.RaftServerConfigKeys (ConfUtils.java:logGet(44)) - raft.server.storage.dir = [/github/workspace/mnt/ozone/hadoop-ozone/integration-test/target/test-dir/MiniOzoneClusterImpl-489e5869-bfe0-4080-b73d-d7b53c96c8d8/datanode-2/data/ratis] (custom)
2021-02-08 13:07:11,442 [pool-219-thread-1] INFO  server.RaftServerConfigKeys (ConfUtils.java:logGet(44)) - raft.server.log.corruption.policy = EXCEPTION (default)
2021-02-08 13:07:11,443 [pool-219-thread-1] INFO  storage.RaftStorageDirectory (RaftStorageDirectoryImpl.java:analyzeStorage(132)) - The storage directory /github/workspace/mnt/ozone/hadoop-ozone/integration-test/target/test-dir/MiniOzoneClusterImpl-489e5869-bfe0-4080-b73d-d7b53c96c8d8/datanode-2/data/ratis/d16511c0-ad72-4a36-9e78-a9061cc89c88 does not exist. Creating ...
2021-02-08 13:07:11,443 [pool-219-thread-1] INFO  storage.RaftStorageDirectory (RaftStorageDirectoryImpl.java:tryLock(215)) - Lock on /github/workspace/mnt/ozone/hadoop-ozone/integration-test/target/test-dir/MiniOzoneClusterImpl-489e5869-bfe0-4080-b73d-d7b53c96c8d8/datanode-2/data/ratis/d16511c0-ad72-4a36-9e78-a9061cc89c88/in_use.lock acquired by nodename 30729@c20f386514e7
2021-02-08 13:07:11,444 [pool-219-thread-1] INFO  storage.RaftStorage (RaftStorageImpl.java:format(87)) - Storage directory /github/workspace/mnt/ozone/hadoop-ozone/integration-test/target/test-dir/MiniOzoneClusterImpl-489e5869-bfe0-4080-b73d-d7b53c96c8d8/datanode-2/data/ratis/d16511c0-ad72-4a36-9e78-a9061cc89c88 has been successfully formatted.
2021-02-08 13:07:11,446 [EventQueue-PipelineReportForOneReplicaPipelineSafeModeRule] INFO  safemode.SCMSafeModeManager (SCMSafeModeManager.java:validateSafeModeExitRules(214)) - AtleastOneDatanodeReportedRule rule is successfully validated
2021-02-08 13:07:11,446 [pool-219-thread-1] INFO  ratis.ContainerStateMachine (ContainerStateMachine.java:loadSnapshot(223)) - group-A9061CC89C88: The snapshot info is null. Setting the last applied indexto:(t:0, i:~)
2021-02-08 13:07:11,446 [pool-219-thread-1] ERROR storage.RaftStorage (RaftStorageImpl.java:readRaftConfiguration(147)) - Failed reading configuration from file:/github/workspace/mnt/ozone/hadoop-ozone/integration-test/target/test-dir/MiniOzoneClusterImpl-489e5869-bfe0-4080-b73d-d7b53c96c8d8/datanode-2/data/ratis/d16511c0-ad72-4a36-9e78-a9061cc89c88/current/raft-meta.conf
java.io.FileNotFoundException: /github/workspace/mnt/ozone/hadoop-ozone/integration-test/target/test-dir/MiniOzoneClusterImpl-489e5869-bfe0-4080-b73d-d7b53c96c8d8/datanode-2/data/ratis/d16511c0-ad72-4a36-9e78-a9061cc89c88/current/raft-meta.conf (No such file or directory)
	at java.io.FileInputStream.open0(Native Method)
	at java.io.FileInputStream.open(FileInputStream.java:195)
	at java.io.FileInputStream.<init>(FileInputStream.java:138)
	at org.apache.ratis.server.storage.RaftStorageImpl.readRaftConfiguration(RaftStorageImpl.java:143)
	at org.apache.ratis.server.impl.ServerState.<init>(ServerState.java:122)
	at org.apache.ratis.server.impl.RaftServerImpl.<init>(RaftServerImpl.java:193)
	at org.apache.ratis.server.impl.RaftServerProxy.lambda$newRaftServerImpl$4(RaftServerProxy.java:266)
	at java.util.concurrent.CompletableFuture$AsyncSupply.run(CompletableFuture.java:1604)
	at java.util.concurrent.ThreadPoolExecutor.runWorker(ThreadPoolExecutor.java:1149)
	at java.util.concurrent.ThreadPoolExecutor$Worker.run(ThreadPoolExecutor.java:624)
	at java.lang.Thread.run(Thread.java:748)
2021-02-08 13:07:11,446 [pool-219-thread-1] INFO  server.RaftServerConfigKeys (ConfUtils.java:logGet(44)) - raft.server.notification.no-leader.timeout = 300000ms (custom)
2021-02-08 13:07:11,446 [pool-219-thread-1] INFO  server.RaftServerConfigKeys (ConfUtils.java:logGet(44)) - raft.server.log.use.memory = false (default)
2021-02-08 13:07:11,446 [pool-219-thread-1] INFO  server.RaftServerConfigKeys (ConfUtils.java:logGet(44)) - raft.server.log.purge.gap = 1000000 (custom)
2021-02-08 13:07:11,447 [pool-219-thread-1] INFO  server.RaftServerConfigKeys (ConfUtils.java:logGet(44)) - raft.server.log.appender.buffer.byte-limit = 33554432 (custom)
2021-02-08 13:07:11,447 [pool-219-thread-1] INFO  metrics.RatisMetrics (RatisMetrics.java:lambda$create$0(36)) - Creating Metrics Registry : ratis.log_worker.fc0eeb26-f5a4-40eb-8987-0eeb9e81290f@group-A9061CC89C88
2021-02-08 13:07:11,447 [pool-219-thread-1] INFO  server.RaftServerConfigKeys (ConfUtils.java:logGet(44)) - raft.server.log.segment.size.max = 1048576 (custom)
2021-02-08 13:07:11,447 [pool-219-thread-1] INFO  server.RaftServerConfigKeys (ConfUtils.java:logGet(44)) - raft.server.log.segment.cache.num.max = 2 (custom)
2021-02-08 13:07:11,447 [pool-219-thread-1] INFO  server.RaftServerConfigKeys (ConfUtils.java:logGet(44)) - raft.server.log.segment.cache.size.max = 200MB (=209715200) (default)
2021-02-08 13:07:11,447 [pool-219-thread-1] INFO  segmented.SegmentedRaftLogWorker (SegmentedRaftLogWorker.java:<init>(181)) - new fc0eeb26-f5a4-40eb-8987-0eeb9e81290f@group-A9061CC89C88-SegmentedRaftLogWorker for RaftStorageImpl:Storage Directory /github/workspace/mnt/ozone/hadoop-ozone/integration-test/target/test-dir/MiniOzoneClusterImpl-489e5869-bfe0-4080-b73d-d7b53c96c8d8/datanode-2/data/ratis/d16511c0-ad72-4a36-9e78-a9061cc89c88
2021-02-08 13:07:11,447 [pool-219-thread-1] INFO  server.RaftServerConfigKeys (ConfUtils.java:logGet(44)) - raft.server.log.queue.byte-limit = 2147483647 (custom)
2021-02-08 13:07:11,448 [pool-219-thread-1] INFO  server.RaftServerConfigKeys (ConfUtils.java:logGet(44)) - raft.server.log.queue.element-limit = 1024 (custom)
2021-02-08 13:07:11,448 [pool-219-thread-1] INFO  server.RaftServerConfigKeys (ConfUtils.java:logGet(44)) - raft.server.log.segment.size.max = 1048576 (custom)
2021-02-08 13:07:11,448 [pool-219-thread-1] INFO  server.RaftServerConfigKeys (ConfUtils.java:logGet(44)) - raft.server.log.preallocated.size = 16384 (custom)
2021-02-08 13:07:11,448 [pool-219-thread-1] INFO  server.RaftServerConfigKeys (ConfUtils.java:logGet(44)) - raft.server.log.force.sync.num = 128 (default)
2021-02-08 13:07:11,448 [pool-219-thread-1] INFO  server.RaftServerConfigKeys (ConfUtils.java:logGet(44)) - raft.server.log.statemachine.data.sync = true (default)
2021-02-08 13:07:11,448 [pool-219-thread-1] INFO  server.RaftServerConfigKeys (ConfUtils.java:logGet(44)) - raft.server.log.statemachine.data.sync.timeout = 10s (default)
2021-02-08 13:07:11,448 [pool-219-thread-1] INFO  server.RaftServerConfigKeys (ConfUtils.java:logGet(44)) - raft.server.log.statemachine.data.sync.timeout.retry = -1 (default)
2021-02-08 13:07:11,471 [pool-219-thread-1] INFO  server.RaftServerConfigKeys (ConfUtils.java:logGet(44)) - raft.server.log.write.buffer.size = 1048576 (custom)
2021-02-08 13:07:11,472 [pool-219-thread-1] INFO  server.RaftServerConfigKeys (ConfUtils.java:logGet(44)) - raft.server.log.statemachine.data.caching.enabled = true (custom)
2021-02-08 13:07:11,472 [pool-219-thread-1] INFO  segmented.SegmentedRaftLogWorker (SegmentedRaftLogWorker.java:lambda$new$0(132)) - fc0eeb26-f5a4-40eb-8987-0eeb9e81290f@group-A9061CC89C88-SegmentedRaftLogWorker: flushIndex: setUnconditionally 0 -> -1
2021-02-08 13:07:11,472 [pool-219-thread-1] INFO  segmented.SegmentedRaftLogWorker (SegmentedRaftLogWorker.java:lambda$new$0(132)) - fc0eeb26-f5a4-40eb-8987-0eeb9e81290f@group-A9061CC89C88-SegmentedRaftLogWorker: safeCacheEvictIndex: setUnconditionally 0 -> -1
2021-02-08 13:07:11,473 [pool-219-thread-1] INFO  server.RaftServerConfigKeys (ConfUtils.java:logGet(44)) - raft.server.snapshot.auto.trigger.enabled = true (custom)
2021-02-08 13:07:11,473 [pool-219-thread-1] INFO  server.RaftServerConfigKeys (ConfUtils.java:logGet(44)) - raft.server.snapshot.auto.trigger.threshold = 10000 (custom)
2021-02-08 13:07:11,473 [pool-219-thread-1] INFO  server.RaftServerConfigKeys (ConfUtils.java:logGet(44)) - raft.server.snapshot.retention.file.num = 5 (custom)
2021-02-08 13:07:11,473 [pool-219-thread-1] INFO  server.RaftServerConfigKeys (ConfUtils.java:logGet(44)) - raft.server.log.purge.upto.snapshot.index = false (default)
2021-02-08 13:07:11,473 [pool-219-thread-1] INFO  server.RaftServerConfigKeys (ConfUtils.java:logGet(44)) - raft.server.retrycache.expirytime = 600000ms (custom)
2021-02-08 13:07:11,473 [pool-219-thread-1] INFO  server.RaftServerConfigKeys (ConfUtils.java:logGet(44)) - raft.server.retrycache.statistics.expirytime = 100?s (default)
2021-02-08 13:07:11,473 [pool-219-thread-1] INFO  metrics.RatisMetrics (RatisMetrics.java:lambda$create$0(36)) - Creating Metrics Registry : ratis.leader_election.fc0eeb26-f5a4-40eb-8987-0eeb9e81290f@group-A9061CC89C88
2021-02-08 13:07:11,474 [pool-219-thread-1] INFO  metrics.RatisMetrics (RatisMetrics.java:lambda$create$0(36)) - Creating Metrics Registry : ratis.server.fc0eeb26-f5a4-40eb-8987-0eeb9e81290f@group-A9061CC89C88
2021-02-08 13:07:11,474 [pool-219-thread-1] INFO  server.RaftServer$Division (RaftServerImpl.java:start(295)) - fc0eeb26-f5a4-40eb-8987-0eeb9e81290f@group-A9061CC89C88: start as a follower, conf=-1: [76df9516-c5cc-44f1-9ecc-163502ad41b5|rpc:172.17.0.2:33219|dataStream:|priority:1, fc0eeb26-f5a4-40eb-8987-0eeb9e81290f|rpc:172.17.0.2:39069|dataStream:|priority:0, 61a3106f-4412-450d-ae4e-54e9a62c2593|rpc:172.17.0.2:44185|dataStream:|priority:0], old=null
2021-02-08 13:07:11,475 [pool-219-thread-1] INFO  server.RaftServer$Division (RaftServerImpl.java:setRole(284)) - fc0eeb26-f5a4-40eb-8987-0eeb9e81290f@group-A9061CC89C88: changes role from      null to FOLLOWER at term 0 for startAsFollower
2021-02-08 13:07:11,475 [pool-219-thread-1] INFO  impl.RoleInfo (RoleInfo.java:updateAndGet(130)) - fc0eeb26-f5a4-40eb-8987-0eeb9e81290f: start fc0eeb26-f5a4-40eb-8987-0eeb9e81290f@group-A9061CC89C88-FollowerState
2021-02-08 13:07:11,475 [pool-219-thread-1] INFO  util.JmxRegister (JmxRegister.java:tryRegister(44)) - Successfully registered JMX Bean with object name Ratis:service=RaftServer,group=group-A9061CC89C88,id=fc0eeb26-f5a4-40eb-8987-0eeb9e81290f
2021-02-08 13:07:11,475 [pool-219-thread-1] INFO  metrics.RatisMetrics (RatisMetrics.java:lambda$create$0(36)) - Creating Metrics Registry : ratis.state_machine.fc0eeb26-f5a4-40eb-8987-0eeb9e81290f@group-A9061CC89C88
2021-02-08 13:07:11,499 [Command processor thread] INFO  commandhandler.CreatePipelineCommandHandler (CreatePipelineCommandHandler.java:handle(106)) - Created Pipeline RATIS THREE PipelineID=d16511c0-ad72-4a36-9e78-a9061cc89c88.
2021-02-08 13:07:11,504 [Command processor thread] INFO  server.RaftServer (RaftServerProxy.java:addNew(95)) - 76df9516-c5cc-44f1-9ecc-163502ad41b5: addNew group-437EAFE741A7:[76df9516-c5cc-44f1-9ecc-163502ad41b5|rpc:172.17.0.2:33219|priority:1] returns group-437EAFE741A7:java.util.concurrent.CompletableFuture@7df7b519[Not completed]
2021-02-08 13:07:11,505 [pool-203-thread-1] INFO  server.RaftServer$Division (RaftServerImpl.java:<init>(180)) - 76df9516-c5cc-44f1-9ecc-163502ad41b5: new RaftServerImpl for group-437EAFE741A7:[76df9516-c5cc-44f1-9ecc-163502ad41b5|rpc:172.17.0.2:33219|priority:1] with ContainerStateMachine:uninitialized
2021-02-08 13:07:11,505 [pool-203-thread-1] INFO  server.RaftServerConfigKeys (ConfUtils.java:logGet(44)) - raft.server.rpc.timeout.min = 5s (custom)
2021-02-08 13:07:11,505 [pool-203-thread-1] INFO  server.RaftServerConfigKeys (ConfUtils.java:logGet(44)) - raft.server.rpc.timeout.max = 5200ms (custom)
2021-02-08 13:07:11,505 [pool-203-thread-1] INFO  server.RaftServerConfigKeys (ConfUtils.java:logGet(44)) - raft.server.rpc.sleep.time = 25ms (default)
2021-02-08 13:07:11,505 [pool-203-thread-1] INFO  server.RaftServerConfigKeys (ConfUtils.java:logGet(44)) - raft.server.rpc.slowness.timeout = 300000ms (custom)
2021-02-08 13:07:11,505 [pool-203-thread-1] INFO  server.RaftServerConfigKeys (ConfUtils.java:logGet(44)) - raft.server.leaderelection.leader.step-down.wait-time = 10s (default)
2021-02-08 13:07:11,505 [pool-203-thread-1] INFO  server.RaftServerConfigKeys (ConfUtils.java:logGet(44)) - raft.server.sleep.deviation.threshold = 300ms (default)
2021-02-08 13:07:11,505 [pool-203-thread-1] INFO  server.RaftServerConfigKeys (ConfUtils.java:logGet(44)) - raft.server.log.appender.install.snapshot.enabled = false (custom)
2021-02-08 13:07:11,505 [pool-203-thread-1] INFO  server.RaftServer$Division (ServerState.java:<init>(105)) - 76df9516-c5cc-44f1-9ecc-163502ad41b5@group-437EAFE741A7: ConfigurationManager, init=-1: [76df9516-c5cc-44f1-9ecc-163502ad41b5|rpc:172.17.0.2:33219|priority:1], old=null, confs=<EMPTY_MAP>
2021-02-08 13:07:11,505 [pool-203-thread-1] INFO  server.RaftServerConfigKeys (ConfUtils.java:logGet(44)) - raft.server.storage.dir = [/github/workspace/mnt/ozone/hadoop-ozone/integration-test/target/test-dir/MiniOzoneClusterImpl-489e5869-bfe0-4080-b73d-d7b53c96c8d8/datanode-1/data/ratis] (custom)
2021-02-08 13:07:11,506 [pool-203-thread-1] INFO  server.RaftServerConfigKeys (ConfUtils.java:logGet(44)) - raft.server.log.corruption.policy = EXCEPTION (default)
2021-02-08 13:07:11,506 [pool-203-thread-1] INFO  storage.RaftStorageDirectory (RaftStorageDirectoryImpl.java:analyzeStorage(132)) - The storage directory /github/workspace/mnt/ozone/hadoop-ozone/integration-test/target/test-dir/MiniOzoneClusterImpl-489e5869-bfe0-4080-b73d-d7b53c96c8d8/datanode-1/data/ratis/ac69dcba-67ec-453a-b871-437eafe741a7 does not exist. Creating ...
2021-02-08 13:07:11,507 [pool-203-thread-1] INFO  storage.RaftStorageDirectory (RaftStorageDirectoryImpl.java:tryLock(215)) - Lock on /github/workspace/mnt/ozone/hadoop-ozone/integration-test/target/test-dir/MiniOzoneClusterImpl-489e5869-bfe0-4080-b73d-d7b53c96c8d8/datanode-1/data/ratis/ac69dcba-67ec-453a-b871-437eafe741a7/in_use.lock acquired by nodename 30729@c20f386514e7
2021-02-08 13:07:11,508 [pool-203-thread-1] INFO  storage.RaftStorage (RaftStorageImpl.java:format(87)) - Storage directory /github/workspace/mnt/ozone/hadoop-ozone/integration-test/target/test-dir/MiniOzoneClusterImpl-489e5869-bfe0-4080-b73d-d7b53c96c8d8/datanode-1/data/ratis/ac69dcba-67ec-453a-b871-437eafe741a7 has been successfully formatted.
2021-02-08 13:07:11,508 [pool-203-thread-1] INFO  ratis.ContainerStateMachine (ContainerStateMachine.java:loadSnapshot(223)) - group-437EAFE741A7: The snapshot info is null. Setting the last applied indexto:(t:0, i:~)
2021-02-08 13:07:11,508 [pool-203-thread-1] ERROR storage.RaftStorage (RaftStorageImpl.java:readRaftConfiguration(147)) - Failed reading configuration from file:/github/workspace/mnt/ozone/hadoop-ozone/integration-test/target/test-dir/MiniOzoneClusterImpl-489e5869-bfe0-4080-b73d-d7b53c96c8d8/datanode-1/data/ratis/ac69dcba-67ec-453a-b871-437eafe741a7/current/raft-meta.conf
java.io.FileNotFoundException: /github/workspace/mnt/ozone/hadoop-ozone/integration-test/target/test-dir/MiniOzoneClusterImpl-489e5869-bfe0-4080-b73d-d7b53c96c8d8/datanode-1/data/ratis/ac69dcba-67ec-453a-b871-437eafe741a7/current/raft-meta.conf (No such file or directory)
	at java.io.FileInputStream.open0(Native Method)
	at java.io.FileInputStream.open(FileInputStream.java:195)
	at java.io.FileInputStream.<init>(FileInputStream.java:138)
	at org.apache.ratis.server.storage.RaftStorageImpl.readRaftConfiguration(RaftStorageImpl.java:143)
	at org.apache.ratis.server.impl.ServerState.<init>(ServerState.java:122)
	at org.apache.ratis.server.impl.RaftServerImpl.<init>(RaftServerImpl.java:193)
	at org.apache.ratis.server.impl.RaftServerProxy.lambda$newRaftServerImpl$4(RaftServerProxy.java:266)
	at java.util.concurrent.CompletableFuture$AsyncSupply.run(CompletableFuture.java:1604)
	at java.util.concurrent.ThreadPoolExecutor.runWorker(ThreadPoolExecutor.java:1149)
	at java.util.concurrent.ThreadPoolExecutor$Worker.run(ThreadPoolExecutor.java:624)
	at java.lang.Thread.run(Thread.java:748)
2021-02-08 13:07:11,509 [EventQueue-PipelineReportForPipelineReportHandler] INFO  pipeline.PipelineStateManager (PipelineStateManager.java:openPipeline(132)) - Pipeline Pipeline[ Id: ac69dcba-67ec-453a-b871-437eafe741a7, Nodes: 76df9516-c5cc-44f1-9ecc-163502ad41b5{ip: 172.17.0.2, host: c20f386514e7, ports: [REPLICATION=42573, RATIS=33219, RATIS_ADMIN=33219, RATIS_SERVER=33219, STANDALONE=41883], networkLocation: /default-rack, certSerialId: null, persistedOpState: IN_SERVICE, persistedOpStateExpiryEpochSec: 0}, Type:RATIS, Factor:ONE, State:ALLOCATED, leaderId:76df9516-c5cc-44f1-9ecc-163502ad41b5, CreationTimestamp2021-02-08T13:07:08.505Z] moved to OPEN state
2021-02-08 13:07:11,509 [EventQueue-PipelineReportForOneReplicaPipelineSafeModeRule] INFO  safemode.SCMSafeModeManager (SCMSafeModeManager.java:validateSafeModeExitRules(214)) - AtleastOneDatanodeReportedRule rule is successfully validated
2021-02-08 13:07:11,509 [pool-203-thread-1] INFO  server.RaftServerConfigKeys (ConfUtils.java:logGet(44)) - raft.server.notification.no-leader.timeout = 300000ms (custom)
2021-02-08 13:07:11,510 [pool-203-thread-1] INFO  server.RaftServerConfigKeys (ConfUtils.java:logGet(44)) - raft.server.log.use.memory = false (default)
2021-02-08 13:07:11,510 [pool-203-thread-1] INFO  server.RaftServerConfigKeys (ConfUtils.java:logGet(44)) - raft.server.log.purge.gap = 1000000 (custom)
2021-02-08 13:07:11,510 [EventQueue-OpenPipelineForHealthyPipelineSafeModeRule] INFO  safemode.SCMSafeModeManager (HealthyPipelineSafeModeRule.java:process(128)) - SCM in safe mode. Healthy pipelines reported count is 0, required healthy pipeline reported count is 1
2021-02-08 13:07:11,510 [pool-203-thread-1] INFO  server.RaftServerConfigKeys (ConfUtils.java:logGet(44)) - raft.server.log.appender.buffer.byte-limit = 33554432 (custom)
2021-02-08 13:07:11,510 [pool-203-thread-1] INFO  metrics.RatisMetrics (RatisMetrics.java:lambda$create$0(36)) - Creating Metrics Registry : ratis.log_worker.76df9516-c5cc-44f1-9ecc-163502ad41b5@group-437EAFE741A7
2021-02-08 13:07:11,510 [pool-203-thread-1] INFO  server.RaftServerConfigKeys (ConfUtils.java:logGet(44)) - raft.server.log.segment.size.max = 1048576 (custom)
2021-02-08 13:07:11,511 [pool-203-thread-1] INFO  server.RaftServerConfigKeys (ConfUtils.java:logGet(44)) - raft.server.log.segment.cache.num.max = 2 (custom)
2021-02-08 13:07:11,511 [pool-203-thread-1] INFO  server.RaftServerConfigKeys (ConfUtils.java:logGet(44)) - raft.server.log.segment.cache.size.max = 200MB (=209715200) (default)
2021-02-08 13:07:11,511 [pool-203-thread-1] INFO  segmented.SegmentedRaftLogWorker (SegmentedRaftLogWorker.java:<init>(181)) - new 76df9516-c5cc-44f1-9ecc-163502ad41b5@group-437EAFE741A7-SegmentedRaftLogWorker for RaftStorageImpl:Storage Directory /github/workspace/mnt/ozone/hadoop-ozone/integration-test/target/test-dir/MiniOzoneClusterImpl-489e5869-bfe0-4080-b73d-d7b53c96c8d8/datanode-1/data/ratis/ac69dcba-67ec-453a-b871-437eafe741a7
2021-02-08 13:07:11,511 [pool-203-thread-1] INFO  server.RaftServerConfigKeys (ConfUtils.java:logGet(44)) - raft.server.log.queue.byte-limit = 2147483647 (custom)
2021-02-08 13:07:11,511 [pool-203-thread-1] INFO  server.RaftServerConfigKeys (ConfUtils.java:logGet(44)) - raft.server.log.queue.element-limit = 1024 (custom)
2021-02-08 13:07:11,511 [pool-203-thread-1] INFO  server.RaftServerConfigKeys (ConfUtils.java:logGet(44)) - raft.server.log.segment.size.max = 1048576 (custom)
2021-02-08 13:07:11,511 [pool-203-thread-1] INFO  server.RaftServerConfigKeys (ConfUtils.java:logGet(44)) - raft.server.log.preallocated.size = 16384 (custom)
2021-02-08 13:07:11,511 [pool-203-thread-1] INFO  server.RaftServerConfigKeys (ConfUtils.java:logGet(44)) - raft.server.log.force.sync.num = 128 (default)
2021-02-08 13:07:11,511 [pool-203-thread-1] INFO  server.RaftServerConfigKeys (ConfUtils.java:logGet(44)) - raft.server.log.statemachine.data.sync = true (default)
2021-02-08 13:07:11,511 [pool-203-thread-1] INFO  server.RaftServerConfigKeys (ConfUtils.java:logGet(44)) - raft.server.log.statemachine.data.sync.timeout = 10s (default)
2021-02-08 13:07:11,512 [pool-203-thread-1] INFO  server.RaftServerConfigKeys (ConfUtils.java:logGet(44)) - raft.server.log.statemachine.data.sync.timeout.retry = -1 (default)
2021-02-08 13:07:11,514 [pool-203-thread-1] INFO  server.RaftServerConfigKeys (ConfUtils.java:logGet(44)) - raft.server.log.write.buffer.size = 1048576 (custom)
2021-02-08 13:07:11,515 [pool-203-thread-1] INFO  server.RaftServerConfigKeys (ConfUtils.java:logGet(44)) - raft.server.log.statemachine.data.caching.enabled = true (custom)
2021-02-08 13:07:11,515 [pool-203-thread-1] INFO  segmented.SegmentedRaftLogWorker (SegmentedRaftLogWorker.java:lambda$new$0(132)) - 76df9516-c5cc-44f1-9ecc-163502ad41b5@group-437EAFE741A7-SegmentedRaftLogWorker: flushIndex: setUnconditionally 0 -> -1
2021-02-08 13:07:11,515 [pool-203-thread-1] INFO  segmented.SegmentedRaftLogWorker (SegmentedRaftLogWorker.java:lambda$new$0(132)) - 76df9516-c5cc-44f1-9ecc-163502ad41b5@group-437EAFE741A7-SegmentedRaftLogWorker: safeCacheEvictIndex: setUnconditionally 0 -> -1
2021-02-08 13:07:11,521 [pool-203-thread-1] INFO  server.RaftServerConfigKeys (ConfUtils.java:logGet(44)) - raft.server.snapshot.auto.trigger.enabled = true (custom)
2021-02-08 13:07:11,521 [pool-203-thread-1] INFO  server.RaftServerConfigKeys (ConfUtils.java:logGet(44)) - raft.server.snapshot.auto.trigger.threshold = 10000 (custom)
2021-02-08 13:07:11,521 [pool-203-thread-1] INFO  server.RaftServerConfigKeys (ConfUtils.java:logGet(44)) - raft.server.snapshot.retention.file.num = 5 (custom)
2021-02-08 13:07:11,521 [pool-203-thread-1] INFO  server.RaftServerConfigKeys (ConfUtils.java:logGet(44)) - raft.server.log.purge.upto.snapshot.index = false (default)
2021-02-08 13:07:11,521 [pool-203-thread-1] INFO  server.RaftServerConfigKeys (ConfUtils.java:logGet(44)) - raft.server.retrycache.expirytime = 600000ms (custom)
2021-02-08 13:07:11,522 [pool-203-thread-1] INFO  server.RaftServerConfigKeys (ConfUtils.java:logGet(44)) - raft.server.retrycache.statistics.expirytime = 100?s (default)
2021-02-08 13:07:11,522 [pool-203-thread-1] INFO  metrics.RatisMetrics (RatisMetrics.java:lambda$create$0(36)) - Creating Metrics Registry : ratis.leader_election.76df9516-c5cc-44f1-9ecc-163502ad41b5@group-437EAFE741A7
2021-02-08 13:07:11,522 [pool-203-thread-1] INFO  metrics.RatisMetrics (RatisMetrics.java:lambda$create$0(36)) - Creating Metrics Registry : ratis.server.76df9516-c5cc-44f1-9ecc-163502ad41b5@group-437EAFE741A7
2021-02-08 13:07:11,523 [pool-203-thread-1] INFO  server.RaftServer$Division (RaftServerImpl.java:start(295)) - 76df9516-c5cc-44f1-9ecc-163502ad41b5@group-437EAFE741A7: start as a follower, conf=-1: [76df9516-c5cc-44f1-9ecc-163502ad41b5|rpc:172.17.0.2:33219|priority:1], old=null
2021-02-08 13:07:11,523 [pool-203-thread-1] INFO  server.RaftServer$Division (RaftServerImpl.java:setRole(284)) - 76df9516-c5cc-44f1-9ecc-163502ad41b5@group-437EAFE741A7: changes role from      null to FOLLOWER at term 0 for startAsFollower
2021-02-08 13:07:11,523 [pool-203-thread-1] INFO  impl.RoleInfo (RoleInfo.java:updateAndGet(130)) - 76df9516-c5cc-44f1-9ecc-163502ad41b5: start 76df9516-c5cc-44f1-9ecc-163502ad41b5@group-437EAFE741A7-FollowerState
2021-02-08 13:07:11,525 [pool-203-thread-1] INFO  util.JmxRegister (JmxRegister.java:tryRegister(44)) - Successfully registered JMX Bean with object name Ratis:service=RaftServer,group=group-437EAFE741A7,id=76df9516-c5cc-44f1-9ecc-163502ad41b5
2021-02-08 13:07:11,525 [pool-203-thread-1] INFO  metrics.RatisMetrics (RatisMetrics.java:lambda$create$0(36)) - Creating Metrics Registry : ratis.state_machine.76df9516-c5cc-44f1-9ecc-163502ad41b5@group-437EAFE741A7
2021-02-08 13:07:11,530 [Command processor thread] INFO  commandhandler.CreatePipelineCommandHandler (CreatePipelineCommandHandler.java:handle(106)) - Created Pipeline RATIS ONE PipelineID=ac69dcba-67ec-453a-b871-437eafe741a7.
2021-02-08 13:07:11,626 [Listener at 127.0.0.1/38393] INFO  ozone.MiniOzoneClusterImpl (MiniOzoneClusterImpl.java:lambda$waitForClusterToBeReady$0(187)) - Nodes are ready. Got 7 of 7 DN Heartbeats.
2021-02-08 13:07:11,626 [Listener at 127.0.0.1/38393] INFO  ozone.MiniOzoneClusterImpl (MiniOzoneClusterImpl.java:lambda$waitForClusterToBeReady$0(190)) - Waiting for cluster to exit safe mode
2021-02-08 13:07:11,703 [Command processor thread] INFO  server.RaftServer (RaftServerProxy.java:addNew(95)) - fc0eeb26-f5a4-40eb-8987-0eeb9e81290f: addNew group-2693516F719D:[fc0eeb26-f5a4-40eb-8987-0eeb9e81290f|rpc:172.17.0.2:39069|priority:1] returns group-2693516F719D:java.util.concurrent.CompletableFuture@4b9627db[Not completed]
2021-02-08 13:07:11,704 [pool-219-thread-1] INFO  server.RaftServer$Division (RaftServerImpl.java:<init>(180)) - fc0eeb26-f5a4-40eb-8987-0eeb9e81290f: new RaftServerImpl for group-2693516F719D:[fc0eeb26-f5a4-40eb-8987-0eeb9e81290f|rpc:172.17.0.2:39069|priority:1] with ContainerStateMachine:uninitialized
2021-02-08 13:07:11,704 [pool-219-thread-1] INFO  server.RaftServerConfigKeys (ConfUtils.java:logGet(44)) - raft.server.rpc.timeout.min = 5s (custom)
2021-02-08 13:07:11,704 [pool-219-thread-1] INFO  server.RaftServerConfigKeys (ConfUtils.java:logGet(44)) - raft.server.rpc.timeout.max = 5200ms (custom)
2021-02-08 13:07:11,705 [pool-219-thread-1] INFO  server.RaftServerConfigKeys (ConfUtils.java:logGet(44)) - raft.server.rpc.sleep.time = 25ms (default)
2021-02-08 13:07:11,705 [pool-219-thread-1] INFO  server.RaftServerConfigKeys (ConfUtils.java:logGet(44)) - raft.server.rpc.slowness.timeout = 300000ms (custom)
2021-02-08 13:07:11,705 [pool-219-thread-1] INFO  server.RaftServerConfigKeys (ConfUtils.java:logGet(44)) - raft.server.leaderelection.leader.step-down.wait-time = 10s (default)
2021-02-08 13:07:11,705 [pool-219-thread-1] INFO  server.RaftServerConfigKeys (ConfUtils.java:logGet(44)) - raft.server.sleep.deviation.threshold = 300ms (default)
2021-02-08 13:07:11,705 [pool-219-thread-1] INFO  server.RaftServerConfigKeys (ConfUtils.java:logGet(44)) - raft.server.log.appender.install.snapshot.enabled = false (custom)
2021-02-08 13:07:11,705 [pool-219-thread-1] INFO  server.RaftServer$Division (ServerState.java:<init>(105)) - fc0eeb26-f5a4-40eb-8987-0eeb9e81290f@group-2693516F719D: ConfigurationManager, init=-1: [fc0eeb26-f5a4-40eb-8987-0eeb9e81290f|rpc:172.17.0.2:39069|priority:1], old=null, confs=<EMPTY_MAP>
2021-02-08 13:07:11,705 [pool-219-thread-1] INFO  server.RaftServerConfigKeys (ConfUtils.java:logGet(44)) - raft.server.storage.dir = [/github/workspace/mnt/ozone/hadoop-ozone/integration-test/target/test-dir/MiniOzoneClusterImpl-489e5869-bfe0-4080-b73d-d7b53c96c8d8/datanode-2/data/ratis] (custom)
2021-02-08 13:07:11,705 [pool-219-thread-1] INFO  server.RaftServerConfigKeys (ConfUtils.java:logGet(44)) - raft.server.log.corruption.policy = EXCEPTION (default)
2021-02-08 13:07:11,706 [pool-219-thread-1] INFO  storage.RaftStorageDirectory (RaftStorageDirectoryImpl.java:analyzeStorage(132)) - The storage directory /github/workspace/mnt/ozone/hadoop-ozone/integration-test/target/test-dir/MiniOzoneClusterImpl-489e5869-bfe0-4080-b73d-d7b53c96c8d8/datanode-2/data/ratis/c705e97d-344b-41b0-aafb-2693516f719d does not exist. Creating ...
2021-02-08 13:07:11,707 [pool-219-thread-1] INFO  storage.RaftStorageDirectory (RaftStorageDirectoryImpl.java:tryLock(215)) - Lock on /github/workspace/mnt/ozone/hadoop-ozone/integration-test/target/test-dir/MiniOzoneClusterImpl-489e5869-bfe0-4080-b73d-d7b53c96c8d8/datanode-2/data/ratis/c705e97d-344b-41b0-aafb-2693516f719d/in_use.lock acquired by nodename 30729@c20f386514e7
2021-02-08 13:07:11,709 [pool-219-thread-1] INFO  storage.RaftStorage (RaftStorageImpl.java:format(87)) - Storage directory /github/workspace/mnt/ozone/hadoop-ozone/integration-test/target/test-dir/MiniOzoneClusterImpl-489e5869-bfe0-4080-b73d-d7b53c96c8d8/datanode-2/data/ratis/c705e97d-344b-41b0-aafb-2693516f719d has been successfully formatted.
2021-02-08 13:07:11,709 [pool-219-thread-1] INFO  ratis.ContainerStateMachine (ContainerStateMachine.java:loadSnapshot(223)) - group-2693516F719D: The snapshot info is null. Setting the last applied indexto:(t:0, i:~)
2021-02-08 13:07:11,709 [pool-219-thread-1] ERROR storage.RaftStorage (RaftStorageImpl.java:readRaftConfiguration(147)) - Failed reading configuration from file:/github/workspace/mnt/ozone/hadoop-ozone/integration-test/target/test-dir/MiniOzoneClusterImpl-489e5869-bfe0-4080-b73d-d7b53c96c8d8/datanode-2/data/ratis/c705e97d-344b-41b0-aafb-2693516f719d/current/raft-meta.conf
java.io.FileNotFoundException: /github/workspace/mnt/ozone/hadoop-ozone/integration-test/target/test-dir/MiniOzoneClusterImpl-489e5869-bfe0-4080-b73d-d7b53c96c8d8/datanode-2/data/ratis/c705e97d-344b-41b0-aafb-2693516f719d/current/raft-meta.conf (No such file or directory)
	at java.io.FileInputStream.open0(Native Method)
	at java.io.FileInputStream.open(FileInputStream.java:195)
	at java.io.FileInputStream.<init>(FileInputStream.java:138)
	at org.apache.ratis.server.storage.RaftStorageImpl.readRaftConfiguration(RaftStorageImpl.java:143)
	at org.apache.ratis.server.impl.ServerState.<init>(ServerState.java:122)
	at org.apache.ratis.server.impl.RaftServerImpl.<init>(RaftServerImpl.java:193)
	at org.apache.ratis.server.impl.RaftServerProxy.lambda$newRaftServerImpl$4(RaftServerProxy.java:266)
	at java.util.concurrent.CompletableFuture$AsyncSupply.run(CompletableFuture.java:1604)
	at java.util.concurrent.ThreadPoolExecutor.runWorker(ThreadPoolExecutor.java:1149)
	at java.util.concurrent.ThreadPoolExecutor$Worker.run(ThreadPoolExecutor.java:624)
	at java.lang.Thread.run(Thread.java:748)
2021-02-08 13:07:11,710 [EventQueue-PipelineReportForOneReplicaPipelineSafeModeRule] INFO  safemode.SCMSafeModeManager (SCMSafeModeManager.java:validateSafeModeExitRules(214)) - AtleastOneDatanodeReportedRule rule is successfully validated
2021-02-08 13:07:11,710 [EventQueue-PipelineReportForPipelineReportHandler] INFO  pipeline.PipelineStateManager (PipelineStateManager.java:openPipeline(132)) - Pipeline Pipeline[ Id: c705e97d-344b-41b0-aafb-2693516f719d, Nodes: fc0eeb26-f5a4-40eb-8987-0eeb9e81290f{ip: 172.17.0.2, host: c20f386514e7, ports: [REPLICATION=32897, RATIS=39069, RATIS_ADMIN=39069, RATIS_SERVER=39069, STANDALONE=34631], networkLocation: /default-rack, certSerialId: null, persistedOpState: IN_SERVICE, persistedOpStateExpiryEpochSec: 0}, Type:RATIS, Factor:ONE, State:ALLOCATED, leaderId:fc0eeb26-f5a4-40eb-8987-0eeb9e81290f, CreationTimestamp2021-02-08T13:07:08.707Z] moved to OPEN state
2021-02-08 13:07:11,711 [EventQueue-OpenPipelineForHealthyPipelineSafeModeRule] INFO  safemode.SCMSafeModeManager (HealthyPipelineSafeModeRule.java:process(128)) - SCM in safe mode. Healthy pipelines reported count is 0, required healthy pipeline reported count is 1
2021-02-08 13:07:11,711 [pool-219-thread-1] INFO  server.RaftServerConfigKeys (ConfUtils.java:logGet(44)) - raft.server.notification.no-leader.timeout = 300000ms (custom)
2021-02-08 13:07:11,712 [pool-219-thread-1] INFO  server.RaftServerConfigKeys (ConfUtils.java:logGet(44)) - raft.server.log.use.memory = false (default)
2021-02-08 13:07:11,712 [pool-219-thread-1] INFO  server.RaftServerConfigKeys (ConfUtils.java:logGet(44)) - raft.server.log.purge.gap = 1000000 (custom)
2021-02-08 13:07:11,712 [pool-219-thread-1] INFO  server.RaftServerConfigKeys (ConfUtils.java:logGet(44)) - raft.server.log.appender.buffer.byte-limit = 33554432 (custom)
2021-02-08 13:07:11,712 [pool-219-thread-1] INFO  metrics.RatisMetrics (RatisMetrics.java:lambda$create$0(36)) - Creating Metrics Registry : ratis.log_worker.fc0eeb26-f5a4-40eb-8987-0eeb9e81290f@group-2693516F719D
2021-02-08 13:07:11,712 [pool-219-thread-1] INFO  server.RaftServerConfigKeys (ConfUtils.java:logGet(44)) - raft.server.log.segment.size.max = 1048576 (custom)
2021-02-08 13:07:11,712 [pool-219-thread-1] INFO  server.RaftServerConfigKeys (ConfUtils.java:logGet(44)) - raft.server.log.segment.cache.num.max = 2 (custom)
2021-02-08 13:07:11,713 [pool-219-thread-1] INFO  server.RaftServerConfigKeys (ConfUtils.java:logGet(44)) - raft.server.log.segment.cache.size.max = 200MB (=209715200) (default)
2021-02-08 13:07:11,713 [pool-219-thread-1] INFO  segmented.SegmentedRaftLogWorker (SegmentedRaftLogWorker.java:<init>(181)) - new fc0eeb26-f5a4-40eb-8987-0eeb9e81290f@group-2693516F719D-SegmentedRaftLogWorker for RaftStorageImpl:Storage Directory /github/workspace/mnt/ozone/hadoop-ozone/integration-test/target/test-dir/MiniOzoneClusterImpl-489e5869-bfe0-4080-b73d-d7b53c96c8d8/datanode-2/data/ratis/c705e97d-344b-41b0-aafb-2693516f719d
2021-02-08 13:07:11,713 [pool-219-thread-1] INFO  server.RaftServerConfigKeys (ConfUtils.java:logGet(44)) - raft.server.log.queue.byte-limit = 2147483647 (custom)
2021-02-08 13:07:11,713 [pool-219-thread-1] INFO  server.RaftServerConfigKeys (ConfUtils.java:logGet(44)) - raft.server.log.queue.element-limit = 1024 (custom)
2021-02-08 13:07:11,713 [pool-219-thread-1] INFO  server.RaftServerConfigKeys (ConfUtils.java:logGet(44)) - raft.server.log.segment.size.max = 1048576 (custom)
2021-02-08 13:07:11,713 [pool-219-thread-1] INFO  server.RaftServerConfigKeys (ConfUtils.java:logGet(44)) - raft.server.log.preallocated.size = 16384 (custom)
2021-02-08 13:07:11,713 [pool-219-thread-1] INFO  server.RaftServerConfigKeys (ConfUtils.java:logGet(44)) - raft.server.log.force.sync.num = 128 (default)
2021-02-08 13:07:11,713 [pool-219-thread-1] INFO  server.RaftServerConfigKeys (ConfUtils.java:logGet(44)) - raft.server.log.statemachine.data.sync = true (default)
2021-02-08 13:07:11,713 [pool-219-thread-1] INFO  server.RaftServerConfigKeys (ConfUtils.java:logGet(44)) - raft.server.log.statemachine.data.sync.timeout = 10s (default)
2021-02-08 13:07:11,713 [pool-219-thread-1] INFO  server.RaftServerConfigKeys (ConfUtils.java:logGet(44)) - raft.server.log.statemachine.data.sync.timeout.retry = -1 (default)
2021-02-08 13:07:11,714 [pool-219-thread-1] INFO  server.RaftServerConfigKeys (ConfUtils.java:logGet(44)) - raft.server.log.write.buffer.size = 1048576 (custom)
2021-02-08 13:07:11,715 [pool-219-thread-1] INFO  server.RaftServerConfigKeys (ConfUtils.java:logGet(44)) - raft.server.log.statemachine.data.caching.enabled = true (custom)
2021-02-08 13:07:11,715 [pool-219-thread-1] INFO  segmented.SegmentedRaftLogWorker (SegmentedRaftLogWorker.java:lambda$new$0(132)) - fc0eeb26-f5a4-40eb-8987-0eeb9e81290f@group-2693516F719D-SegmentedRaftLogWorker: flushIndex: setUnconditionally 0 -> -1
2021-02-08 13:07:11,715 [pool-219-thread-1] INFO  segmented.SegmentedRaftLogWorker (SegmentedRaftLogWorker.java:lambda$new$0(132)) - fc0eeb26-f5a4-40eb-8987-0eeb9e81290f@group-2693516F719D-SegmentedRaftLogWorker: safeCacheEvictIndex: setUnconditionally 0 -> -1
2021-02-08 13:07:11,715 [pool-219-thread-1] INFO  server.RaftServerConfigKeys (ConfUtils.java:logGet(44)) - raft.server.snapshot.auto.trigger.enabled = true (custom)
2021-02-08 13:07:11,715 [pool-219-thread-1] INFO  server.RaftServerConfigKeys (ConfUtils.java:logGet(44)) - raft.server.snapshot.auto.trigger.threshold = 10000 (custom)
2021-02-08 13:07:11,715 [pool-219-thread-1] INFO  server.RaftServerConfigKeys (ConfUtils.java:logGet(44)) - raft.server.snapshot.retention.file.num = 5 (custom)
2021-02-08 13:07:11,715 [pool-219-thread-1] INFO  server.RaftServerConfigKeys (ConfUtils.java:logGet(44)) - raft.server.log.purge.upto.snapshot.index = false (default)
2021-02-08 13:07:11,715 [pool-219-thread-1] INFO  server.RaftServerConfigKeys (ConfUtils.java:logGet(44)) - raft.server.retrycache.expirytime = 600000ms (custom)
2021-02-08 13:07:11,716 [pool-219-thread-1] INFO  server.RaftServerConfigKeys (ConfUtils.java:logGet(44)) - raft.server.retrycache.statistics.expirytime = 100?s (default)
2021-02-08 13:07:11,716 [pool-219-thread-1] INFO  metrics.RatisMetrics (RatisMetrics.java:lambda$create$0(36)) - Creating Metrics Registry : ratis.leader_election.fc0eeb26-f5a4-40eb-8987-0eeb9e81290f@group-2693516F719D
2021-02-08 13:07:11,716 [pool-219-thread-1] INFO  metrics.RatisMetrics (RatisMetrics.java:lambda$create$0(36)) - Creating Metrics Registry : ratis.server.fc0eeb26-f5a4-40eb-8987-0eeb9e81290f@group-2693516F719D
2021-02-08 13:07:11,717 [pool-219-thread-1] INFO  server.RaftServer$Division (RaftServerImpl.java:start(295)) - fc0eeb26-f5a4-40eb-8987-0eeb9e81290f@group-2693516F719D: start as a follower, conf=-1: [fc0eeb26-f5a4-40eb-8987-0eeb9e81290f|rpc:172.17.0.2:39069|priority:1], old=null
2021-02-08 13:07:11,717 [pool-219-thread-1] INFO  server.RaftServer$Division (RaftServerImpl.java:setRole(284)) - fc0eeb26-f5a4-40eb-8987-0eeb9e81290f@group-2693516F719D: changes role from      null to FOLLOWER at term 0 for startAsFollower
2021-02-08 13:07:11,717 [pool-219-thread-1] INFO  impl.RoleInfo (RoleInfo.java:updateAndGet(130)) - fc0eeb26-f5a4-40eb-8987-0eeb9e81290f: start fc0eeb26-f5a4-40eb-8987-0eeb9e81290f@group-2693516F719D-FollowerState
2021-02-08 13:07:11,717 [pool-219-thread-1] INFO  util.JmxRegister (JmxRegister.java:tryRegister(44)) - Successfully registered JMX Bean with object name Ratis:service=RaftServer,group=group-2693516F719D,id=fc0eeb26-f5a4-40eb-8987-0eeb9e81290f
2021-02-08 13:07:11,717 [pool-219-thread-1] INFO  metrics.RatisMetrics (RatisMetrics.java:lambda$create$0(36)) - Creating Metrics Registry : ratis.state_machine.fc0eeb26-f5a4-40eb-8987-0eeb9e81290f@group-2693516F719D
2021-02-08 13:07:11,718 [Command processor thread] INFO  commandhandler.CreatePipelineCommandHandler (CreatePipelineCommandHandler.java:handle(106)) - Created Pipeline RATIS ONE PipelineID=c705e97d-344b-41b0-aafb-2693516f719d.
2021-02-08 13:07:12,025 [Command processor thread] INFO  server.RaftServer (RaftServerProxy.java:addNew(95)) - 2b6c692d-bd16-4e2f-be54-cf6999516ba1: addNew group-E9B3B8C96706:[2b6c692d-bd16-4e2f-be54-cf6999516ba1|rpc:172.17.0.2:33969|priority:1] returns group-E9B3B8C96706:java.util.concurrent.CompletableFuture@32728e7a[Not completed]
2021-02-08 13:07:12,027 [pool-235-thread-1] INFO  server.RaftServer$Division (RaftServerImpl.java:<init>(180)) - 2b6c692d-bd16-4e2f-be54-cf6999516ba1: new RaftServerImpl for group-E9B3B8C96706:[2b6c692d-bd16-4e2f-be54-cf6999516ba1|rpc:172.17.0.2:33969|priority:1] with ContainerStateMachine:uninitialized
2021-02-08 13:07:12,027 [pool-235-thread-1] INFO  server.RaftServerConfigKeys (ConfUtils.java:logGet(44)) - raft.server.rpc.timeout.min = 5s (custom)
2021-02-08 13:07:12,028 [pool-235-thread-1] INFO  server.RaftServerConfigKeys (ConfUtils.java:logGet(44)) - raft.server.rpc.timeout.max = 5200ms (custom)
2021-02-08 13:07:12,028 [pool-235-thread-1] INFO  server.RaftServerConfigKeys (ConfUtils.java:logGet(44)) - raft.server.rpc.sleep.time = 25ms (default)
2021-02-08 13:07:12,028 [pool-235-thread-1] INFO  server.RaftServerConfigKeys (ConfUtils.java:logGet(44)) - raft.server.rpc.slowness.timeout = 300000ms (custom)
2021-02-08 13:07:12,028 [pool-235-thread-1] INFO  server.RaftServerConfigKeys (ConfUtils.java:logGet(44)) - raft.server.leaderelection.leader.step-down.wait-time = 10s (default)
2021-02-08 13:07:12,028 [pool-235-thread-1] INFO  server.RaftServerConfigKeys (ConfUtils.java:logGet(44)) - raft.server.sleep.deviation.threshold = 300ms (default)
2021-02-08 13:07:12,028 [pool-235-thread-1] INFO  server.RaftServerConfigKeys (ConfUtils.java:logGet(44)) - raft.server.log.appender.install.snapshot.enabled = false (custom)
2021-02-08 13:07:12,028 [pool-235-thread-1] INFO  server.RaftServer$Division (ServerState.java:<init>(105)) - 2b6c692d-bd16-4e2f-be54-cf6999516ba1@group-E9B3B8C96706: ConfigurationManager, init=-1: [2b6c692d-bd16-4e2f-be54-cf6999516ba1|rpc:172.17.0.2:33969|priority:1], old=null, confs=<EMPTY_MAP>
2021-02-08 13:07:12,028 [pool-235-thread-1] INFO  server.RaftServerConfigKeys (ConfUtils.java:logGet(44)) - raft.server.storage.dir = [/github/workspace/mnt/ozone/hadoop-ozone/integration-test/target/test-dir/MiniOzoneClusterImpl-489e5869-bfe0-4080-b73d-d7b53c96c8d8/datanode-3/data/ratis] (custom)
2021-02-08 13:07:12,029 [pool-235-thread-1] INFO  server.RaftServerConfigKeys (ConfUtils.java:logGet(44)) - raft.server.log.corruption.policy = EXCEPTION (default)
2021-02-08 13:07:12,029 [pool-235-thread-1] INFO  storage.RaftStorageDirectory (RaftStorageDirectoryImpl.java:analyzeStorage(132)) - The storage directory /github/workspace/mnt/ozone/hadoop-ozone/integration-test/target/test-dir/MiniOzoneClusterImpl-489e5869-bfe0-4080-b73d-d7b53c96c8d8/datanode-3/data/ratis/c2e0b6b3-cec5-4931-bfd3-e9b3b8c96706 does not exist. Creating ...
2021-02-08 13:07:12,030 [pool-235-thread-1] INFO  storage.RaftStorageDirectory (RaftStorageDirectoryImpl.java:tryLock(215)) - Lock on /github/workspace/mnt/ozone/hadoop-ozone/integration-test/target/test-dir/MiniOzoneClusterImpl-489e5869-bfe0-4080-b73d-d7b53c96c8d8/datanode-3/data/ratis/c2e0b6b3-cec5-4931-bfd3-e9b3b8c96706/in_use.lock acquired by nodename 30729@c20f386514e7
2021-02-08 13:07:12,032 [pool-235-thread-1] INFO  storage.RaftStorage (RaftStorageImpl.java:format(87)) - Storage directory /github/workspace/mnt/ozone/hadoop-ozone/integration-test/target/test-dir/MiniOzoneClusterImpl-489e5869-bfe0-4080-b73d-d7b53c96c8d8/datanode-3/data/ratis/c2e0b6b3-cec5-4931-bfd3-e9b3b8c96706 has been successfully formatted.
2021-02-08 13:07:12,032 [pool-235-thread-1] INFO  ratis.ContainerStateMachine (ContainerStateMachine.java:loadSnapshot(223)) - group-E9B3B8C96706: The snapshot info is null. Setting the last applied indexto:(t:0, i:~)
2021-02-08 13:07:12,032 [pool-235-thread-1] ERROR storage.RaftStorage (RaftStorageImpl.java:readRaftConfiguration(147)) - Failed reading configuration from file:/github/workspace/mnt/ozone/hadoop-ozone/integration-test/target/test-dir/MiniOzoneClusterImpl-489e5869-bfe0-4080-b73d-d7b53c96c8d8/datanode-3/data/ratis/c2e0b6b3-cec5-4931-bfd3-e9b3b8c96706/current/raft-meta.conf
java.io.FileNotFoundException: /github/workspace/mnt/ozone/hadoop-ozone/integration-test/target/test-dir/MiniOzoneClusterImpl-489e5869-bfe0-4080-b73d-d7b53c96c8d8/datanode-3/data/ratis/c2e0b6b3-cec5-4931-bfd3-e9b3b8c96706/current/raft-meta.conf (No such file or directory)
	at java.io.FileInputStream.open0(Native Method)
	at java.io.FileInputStream.open(FileInputStream.java:195)
	at java.io.FileInputStream.<init>(FileInputStream.java:138)
	at org.apache.ratis.server.storage.RaftStorageImpl.readRaftConfiguration(RaftStorageImpl.java:143)
	at org.apache.ratis.server.impl.ServerState.<init>(ServerState.java:122)
	at org.apache.ratis.server.impl.RaftServerImpl.<init>(RaftServerImpl.java:193)
	at org.apache.ratis.server.impl.RaftServerProxy.lambda$newRaftServerImpl$4(RaftServerProxy.java:266)
	at java.util.concurrent.CompletableFuture$AsyncSupply.run(CompletableFuture.java:1604)
	at java.util.concurrent.ThreadPoolExecutor.runWorker(ThreadPoolExecutor.java:1149)
	at java.util.concurrent.ThreadPoolExecutor$Worker.run(ThreadPoolExecutor.java:624)
	at java.lang.Thread.run(Thread.java:748)
2021-02-08 13:07:12,033 [pool-235-thread-1] INFO  server.RaftServerConfigKeys (ConfUtils.java:logGet(44)) - raft.server.notification.no-leader.timeout = 300000ms (custom)
2021-02-08 13:07:12,033 [pool-235-thread-1] INFO  server.RaftServerConfigKeys (ConfUtils.java:logGet(44)) - raft.server.log.use.memory = false (default)
2021-02-08 13:07:12,034 [EventQueue-PipelineReportForOneReplicaPipelineSafeModeRule] INFO  safemode.SCMSafeModeManager (SCMSafeModeManager.java:validateSafeModeExitRules(214)) - AtleastOneDatanodeReportedRule rule is successfully validated
2021-02-08 13:07:12,034 [EventQueue-PipelineReportForPipelineReportHandler] INFO  pipeline.PipelineStateManager (PipelineStateManager.java:openPipeline(132)) - Pipeline Pipeline[ Id: c2e0b6b3-cec5-4931-bfd3-e9b3b8c96706, Nodes: 2b6c692d-bd16-4e2f-be54-cf6999516ba1{ip: 172.17.0.2, host: c20f386514e7, ports: [REPLICATION=34847, RATIS=33969, RATIS_ADMIN=33969, RATIS_SERVER=33969, STANDALONE=39767], networkLocation: /default-rack, certSerialId: null, persistedOpState: IN_SERVICE, persistedOpStateExpiryEpochSec: 0}, Type:RATIS, Factor:ONE, State:ALLOCATED, leaderId:2b6c692d-bd16-4e2f-be54-cf6999516ba1, CreationTimestamp2021-02-08T13:07:09.027Z] moved to OPEN state
2021-02-08 13:07:12,034 [pool-235-thread-1] INFO  server.RaftServerConfigKeys (ConfUtils.java:logGet(44)) - raft.server.log.purge.gap = 1000000 (custom)
2021-02-08 13:07:12,034 [pool-235-thread-1] INFO  server.RaftServerConfigKeys (ConfUtils.java:logGet(44)) - raft.server.log.appender.buffer.byte-limit = 33554432 (custom)
2021-02-08 13:07:12,034 [pool-235-thread-1] INFO  metrics.RatisMetrics (RatisMetrics.java:lambda$create$0(36)) - Creating Metrics Registry : ratis.log_worker.2b6c692d-bd16-4e2f-be54-cf6999516ba1@group-E9B3B8C96706
2021-02-08 13:07:12,034 [EventQueue-OpenPipelineForHealthyPipelineSafeModeRule] INFO  safemode.SCMSafeModeManager (HealthyPipelineSafeModeRule.java:process(128)) - SCM in safe mode. Healthy pipelines reported count is 0, required healthy pipeline reported count is 1
2021-02-08 13:07:12,034 [pool-235-thread-1] INFO  server.RaftServerConfigKeys (ConfUtils.java:logGet(44)) - raft.server.log.segment.size.max = 1048576 (custom)
2021-02-08 13:07:12,035 [pool-235-thread-1] INFO  server.RaftServerConfigKeys (ConfUtils.java:logGet(44)) - raft.server.log.segment.cache.num.max = 2 (custom)
2021-02-08 13:07:12,035 [pool-235-thread-1] INFO  server.RaftServerConfigKeys (ConfUtils.java:logGet(44)) - raft.server.log.segment.cache.size.max = 200MB (=209715200) (default)
2021-02-08 13:07:12,035 [pool-235-thread-1] INFO  segmented.SegmentedRaftLogWorker (SegmentedRaftLogWorker.java:<init>(181)) - new 2b6c692d-bd16-4e2f-be54-cf6999516ba1@group-E9B3B8C96706-SegmentedRaftLogWorker for RaftStorageImpl:Storage Directory /github/workspace/mnt/ozone/hadoop-ozone/integration-test/target/test-dir/MiniOzoneClusterImpl-489e5869-bfe0-4080-b73d-d7b53c96c8d8/datanode-3/data/ratis/c2e0b6b3-cec5-4931-bfd3-e9b3b8c96706
2021-02-08 13:07:12,035 [pool-235-thread-1] INFO  server.RaftServerConfigKeys (ConfUtils.java:logGet(44)) - raft.server.log.queue.byte-limit = 2147483647 (custom)
2021-02-08 13:07:12,035 [pool-235-thread-1] INFO  server.RaftServerConfigKeys (ConfUtils.java:logGet(44)) - raft.server.log.queue.element-limit = 1024 (custom)
2021-02-08 13:07:12,035 [pool-235-thread-1] INFO  server.RaftServerConfigKeys (ConfUtils.java:logGet(44)) - raft.server.log.segment.size.max = 1048576 (custom)
2021-02-08 13:07:12,035 [pool-235-thread-1] INFO  server.RaftServerConfigKeys (ConfUtils.java:logGet(44)) - raft.server.log.preallocated.size = 16384 (custom)
2021-02-08 13:07:12,036 [pool-235-thread-1] INFO  server.RaftServerConfigKeys (ConfUtils.java:logGet(44)) - raft.server.log.force.sync.num = 128 (default)
2021-02-08 13:07:12,036 [pool-235-thread-1] INFO  server.RaftServerConfigKeys (ConfUtils.java:logGet(44)) - raft.server.log.statemachine.data.sync = true (default)
2021-02-08 13:07:12,036 [pool-235-thread-1] INFO  server.RaftServerConfigKeys (ConfUtils.java:logGet(44)) - raft.server.log.statemachine.data.sync.timeout = 10s (default)
2021-02-08 13:07:12,036 [pool-235-thread-1] INFO  server.RaftServerConfigKeys (ConfUtils.java:logGet(44)) - raft.server.log.statemachine.data.sync.timeout.retry = -1 (default)
2021-02-08 13:07:12,036 [pool-235-thread-1] INFO  server.RaftServerConfigKeys (ConfUtils.java:logGet(44)) - raft.server.log.write.buffer.size = 1048576 (custom)
2021-02-08 13:07:12,037 [pool-235-thread-1] INFO  server.RaftServerConfigKeys (ConfUtils.java:logGet(44)) - raft.server.log.statemachine.data.caching.enabled = true (custom)
2021-02-08 13:07:12,037 [pool-235-thread-1] INFO  segmented.SegmentedRaftLogWorker (SegmentedRaftLogWorker.java:lambda$new$0(132)) - 2b6c692d-bd16-4e2f-be54-cf6999516ba1@group-E9B3B8C96706-SegmentedRaftLogWorker: flushIndex: setUnconditionally 0 -> -1
2021-02-08 13:07:12,037 [pool-235-thread-1] INFO  segmented.SegmentedRaftLogWorker (SegmentedRaftLogWorker.java:lambda$new$0(132)) - 2b6c692d-bd16-4e2f-be54-cf6999516ba1@group-E9B3B8C96706-SegmentedRaftLogWorker: safeCacheEvictIndex: setUnconditionally 0 -> -1
2021-02-08 13:07:12,038 [pool-235-thread-1] INFO  server.RaftServerConfigKeys (ConfUtils.java:logGet(44)) - raft.server.snapshot.auto.trigger.enabled = true (custom)
2021-02-08 13:07:12,038 [pool-235-thread-1] INFO  server.RaftServerConfigKeys (ConfUtils.java:logGet(44)) - raft.server.snapshot.auto.trigger.threshold = 10000 (custom)
2021-02-08 13:07:12,038 [pool-235-thread-1] INFO  server.RaftServerConfigKeys (ConfUtils.java:logGet(44)) - raft.server.snapshot.retention.file.num = 5 (custom)
2021-02-08 13:07:12,038 [pool-235-thread-1] INFO  server.RaftServerConfigKeys (ConfUtils.java:logGet(44)) - raft.server.log.purge.upto.snapshot.index = false (default)
2021-02-08 13:07:12,038 [pool-235-thread-1] INFO  server.RaftServerConfigKeys (ConfUtils.java:logGet(44)) - raft.server.retrycache.expirytime = 600000ms (custom)
2021-02-08 13:07:12,038 [pool-235-thread-1] INFO  server.RaftServerConfigKeys (ConfUtils.java:logGet(44)) - raft.server.retrycache.statistics.expirytime = 100?s (default)
2021-02-08 13:07:12,038 [pool-235-thread-1] INFO  metrics.RatisMetrics (RatisMetrics.java:lambda$create$0(36)) - Creating Metrics Registry : ratis.leader_election.2b6c692d-bd16-4e2f-be54-cf6999516ba1@group-E9B3B8C96706
2021-02-08 13:07:12,039 [pool-235-thread-1] INFO  metrics.RatisMetrics (RatisMetrics.java:lambda$create$0(36)) - Creating Metrics Registry : ratis.server.2b6c692d-bd16-4e2f-be54-cf6999516ba1@group-E9B3B8C96706
2021-02-08 13:07:12,039 [pool-235-thread-1] INFO  server.RaftServer$Division (RaftServerImpl.java:start(295)) - 2b6c692d-bd16-4e2f-be54-cf6999516ba1@group-E9B3B8C96706: start as a follower, conf=-1: [2b6c692d-bd16-4e2f-be54-cf6999516ba1|rpc:172.17.0.2:33969|priority:1], old=null
2021-02-08 13:07:12,039 [pool-235-thread-1] INFO  server.RaftServer$Division (RaftServerImpl.java:setRole(284)) - 2b6c692d-bd16-4e2f-be54-cf6999516ba1@group-E9B3B8C96706: changes role from      null to FOLLOWER at term 0 for startAsFollower
2021-02-08 13:07:12,039 [pool-235-thread-1] INFO  impl.RoleInfo (RoleInfo.java:updateAndGet(130)) - 2b6c692d-bd16-4e2f-be54-cf6999516ba1: start 2b6c692d-bd16-4e2f-be54-cf6999516ba1@group-E9B3B8C96706-FollowerState
2021-02-08 13:07:12,040 [pool-235-thread-1] INFO  util.JmxRegister (JmxRegister.java:tryRegister(44)) - Successfully registered JMX Bean with object name Ratis:service=RaftServer,group=group-E9B3B8C96706,id=2b6c692d-bd16-4e2f-be54-cf6999516ba1
2021-02-08 13:07:12,040 [pool-235-thread-1] INFO  metrics.RatisMetrics (RatisMetrics.java:lambda$create$0(36)) - Creating Metrics Registry : ratis.state_machine.2b6c692d-bd16-4e2f-be54-cf6999516ba1@group-E9B3B8C96706
2021-02-08 13:07:12,045 [Command processor thread] INFO  commandhandler.CreatePipelineCommandHandler (CreatePipelineCommandHandler.java:handle(106)) - Created Pipeline RATIS ONE PipelineID=c2e0b6b3-cec5-4931-bfd3-e9b3b8c96706.
2021-02-08 13:07:12,046 [Command processor thread] INFO  server.RaftServer (RaftServerProxy.java:addNew(95)) - 2b6c692d-bd16-4e2f-be54-cf6999516ba1: addNew group-F2089C8F114B:[2534f833-6bfe-45b3-bb55-3e90c3f01f9c|rpc:172.17.0.2:41421|priority:1, 81ab00b2-2f95-4a2f-a7cf-2c0713c6a9d2|rpc:172.17.0.2:43993|priority:0, 2b6c692d-bd16-4e2f-be54-cf6999516ba1|rpc:172.17.0.2:33969|priority:0] returns group-F2089C8F114B:java.util.concurrent.CompletableFuture@364d1cec[Not completed]
2021-02-08 13:07:12,046 [pool-235-thread-1] INFO  server.RaftServer$Division (RaftServerImpl.java:<init>(180)) - 2b6c692d-bd16-4e2f-be54-cf6999516ba1: new RaftServerImpl for group-F2089C8F114B:[2534f833-6bfe-45b3-bb55-3e90c3f01f9c|rpc:172.17.0.2:41421|priority:1, 81ab00b2-2f95-4a2f-a7cf-2c0713c6a9d2|rpc:172.17.0.2:43993|priority:0, 2b6c692d-bd16-4e2f-be54-cf6999516ba1|rpc:172.17.0.2:33969|priority:0] with ContainerStateMachine:uninitialized
2021-02-08 13:07:12,046 [pool-235-thread-1] INFO  server.RaftServerConfigKeys (ConfUtils.java:logGet(44)) - raft.server.rpc.timeout.min = 5s (custom)
2021-02-08 13:07:12,046 [pool-235-thread-1] INFO  server.RaftServerConfigKeys (ConfUtils.java:logGet(44)) - raft.server.rpc.timeout.max = 5200ms (custom)
2021-02-08 13:07:12,046 [pool-235-thread-1] INFO  server.RaftServerConfigKeys (ConfUtils.java:logGet(44)) - raft.server.rpc.sleep.time = 25ms (default)
2021-02-08 13:07:12,046 [pool-235-thread-1] INFO  server.RaftServerConfigKeys (ConfUtils.java:logGet(44)) - raft.server.rpc.slowness.timeout = 300000ms (custom)
2021-02-08 13:07:12,047 [pool-235-thread-1] INFO  server.RaftServerConfigKeys (ConfUtils.java:logGet(44)) - raft.server.leaderelection.leader.step-down.wait-time = 10s (default)
2021-02-08 13:07:12,047 [pool-235-thread-1] INFO  server.RaftServerConfigKeys (ConfUtils.java:logGet(44)) - raft.server.sleep.deviation.threshold = 300ms (default)
2021-02-08 13:07:12,047 [pool-235-thread-1] INFO  server.RaftServerConfigKeys (ConfUtils.java:logGet(44)) - raft.server.log.appender.install.snapshot.enabled = false (custom)
2021-02-08 13:07:12,047 [pool-235-thread-1] INFO  server.RaftServer$Division (ServerState.java:<init>(105)) - 2b6c692d-bd16-4e2f-be54-cf6999516ba1@group-F2089C8F114B: ConfigurationManager, init=-1: [2534f833-6bfe-45b3-bb55-3e90c3f01f9c|rpc:172.17.0.2:41421|priority:1, 81ab00b2-2f95-4a2f-a7cf-2c0713c6a9d2|rpc:172.17.0.2:43993|priority:0, 2b6c692d-bd16-4e2f-be54-cf6999516ba1|rpc:172.17.0.2:33969|priority:0], old=null, confs=<EMPTY_MAP>
2021-02-08 13:07:12,047 [pool-235-thread-1] INFO  server.RaftServerConfigKeys (ConfUtils.java:logGet(44)) - raft.server.storage.dir = [/github/workspace/mnt/ozone/hadoop-ozone/integration-test/target/test-dir/MiniOzoneClusterImpl-489e5869-bfe0-4080-b73d-d7b53c96c8d8/datanode-3/data/ratis] (custom)
2021-02-08 13:07:12,047 [pool-235-thread-1] INFO  server.RaftServerConfigKeys (ConfUtils.java:logGet(44)) - raft.server.log.corruption.policy = EXCEPTION (default)
2021-02-08 13:07:12,047 [pool-235-thread-1] INFO  storage.RaftStorageDirectory (RaftStorageDirectoryImpl.java:analyzeStorage(132)) - The storage directory /github/workspace/mnt/ozone/hadoop-ozone/integration-test/target/test-dir/MiniOzoneClusterImpl-489e5869-bfe0-4080-b73d-d7b53c96c8d8/datanode-3/data/ratis/a13e55f8-f91e-44ff-ac34-f2089c8f114b does not exist. Creating ...
2021-02-08 13:07:12,048 [pool-235-thread-1] INFO  storage.RaftStorageDirectory (RaftStorageDirectoryImpl.java:tryLock(215)) - Lock on /github/workspace/mnt/ozone/hadoop-ozone/integration-test/target/test-dir/MiniOzoneClusterImpl-489e5869-bfe0-4080-b73d-d7b53c96c8d8/datanode-3/data/ratis/a13e55f8-f91e-44ff-ac34-f2089c8f114b/in_use.lock acquired by nodename 30729@c20f386514e7
2021-02-08 13:07:12,049 [pool-235-thread-1] INFO  storage.RaftStorage (RaftStorageImpl.java:format(87)) - Storage directory /github/workspace/mnt/ozone/hadoop-ozone/integration-test/target/test-dir/MiniOzoneClusterImpl-489e5869-bfe0-4080-b73d-d7b53c96c8d8/datanode-3/data/ratis/a13e55f8-f91e-44ff-ac34-f2089c8f114b has been successfully formatted.
2021-02-08 13:07:12,050 [pool-235-thread-1] INFO  ratis.ContainerStateMachine (ContainerStateMachine.java:loadSnapshot(223)) - group-F2089C8F114B: The snapshot info is null. Setting the last applied indexto:(t:0, i:~)
2021-02-08 13:07:12,050 [pool-235-thread-1] ERROR storage.RaftStorage (RaftStorageImpl.java:readRaftConfiguration(147)) - Failed reading configuration from file:/github/workspace/mnt/ozone/hadoop-ozone/integration-test/target/test-dir/MiniOzoneClusterImpl-489e5869-bfe0-4080-b73d-d7b53c96c8d8/datanode-3/data/ratis/a13e55f8-f91e-44ff-ac34-f2089c8f114b/current/raft-meta.conf
java.io.FileNotFoundException: /github/workspace/mnt/ozone/hadoop-ozone/integration-test/target/test-dir/MiniOzoneClusterImpl-489e5869-bfe0-4080-b73d-d7b53c96c8d8/datanode-3/data/ratis/a13e55f8-f91e-44ff-ac34-f2089c8f114b/current/raft-meta.conf (No such file or directory)
	at java.io.FileInputStream.open0(Native Method)
	at java.io.FileInputStream.open(FileInputStream.java:195)
	at java.io.FileInputStream.<init>(FileInputStream.java:138)
	at org.apache.ratis.server.storage.RaftStorageImpl.readRaftConfiguration(RaftStorageImpl.java:143)
	at org.apache.ratis.server.impl.ServerState.<init>(ServerState.java:122)
	at org.apache.ratis.server.impl.RaftServerImpl.<init>(RaftServerImpl.java:193)
	at org.apache.ratis.server.impl.RaftServerProxy.lambda$newRaftServerImpl$4(RaftServerProxy.java:266)
	at java.util.concurrent.CompletableFuture$AsyncSupply.run(CompletableFuture.java:1604)
	at java.util.concurrent.ThreadPoolExecutor.runWorker(ThreadPoolExecutor.java:1149)
	at java.util.concurrent.ThreadPoolExecutor$Worker.run(ThreadPoolExecutor.java:624)
	at java.lang.Thread.run(Thread.java:748)
2021-02-08 13:07:12,050 [pool-235-thread-1] INFO  server.RaftServerConfigKeys (ConfUtils.java:logGet(44)) - raft.server.notification.no-leader.timeout = 300000ms (custom)
2021-02-08 13:07:12,050 [pool-235-thread-1] INFO  server.RaftServerConfigKeys (ConfUtils.java:logGet(44)) - raft.server.log.use.memory = false (default)
2021-02-08 13:07:12,050 [pool-235-thread-1] INFO  server.RaftServerConfigKeys (ConfUtils.java:logGet(44)) - raft.server.log.purge.gap = 1000000 (custom)
2021-02-08 13:07:12,050 [pool-235-thread-1] INFO  server.RaftServerConfigKeys (ConfUtils.java:logGet(44)) - raft.server.log.appender.buffer.byte-limit = 33554432 (custom)
2021-02-08 13:07:12,050 [pool-235-thread-1] INFO  metrics.RatisMetrics (RatisMetrics.java:lambda$create$0(36)) - Creating Metrics Registry : ratis.log_worker.2b6c692d-bd16-4e2f-be54-cf6999516ba1@group-F2089C8F114B
2021-02-08 13:07:12,050 [pool-235-thread-1] INFO  server.RaftServerConfigKeys (ConfUtils.java:logGet(44)) - raft.server.log.segment.size.max = 1048576 (custom)
2021-02-08 13:07:12,051 [pool-235-thread-1] INFO  server.RaftServerConfigKeys (ConfUtils.java:logGet(44)) - raft.server.log.segment.cache.num.max = 2 (custom)
2021-02-08 13:07:12,051 [pool-235-thread-1] INFO  server.RaftServerConfigKeys (ConfUtils.java:logGet(44)) - raft.server.log.segment.cache.size.max = 200MB (=209715200) (default)
2021-02-08 13:07:12,051 [pool-235-thread-1] INFO  segmented.SegmentedRaftLogWorker (SegmentedRaftLogWorker.java:<init>(181)) - new 2b6c692d-bd16-4e2f-be54-cf6999516ba1@group-F2089C8F114B-SegmentedRaftLogWorker for RaftStorageImpl:Storage Directory /github/workspace/mnt/ozone/hadoop-ozone/integration-test/target/test-dir/MiniOzoneClusterImpl-489e5869-bfe0-4080-b73d-d7b53c96c8d8/datanode-3/data/ratis/a13e55f8-f91e-44ff-ac34-f2089c8f114b
2021-02-08 13:07:12,051 [pool-235-thread-1] INFO  server.RaftServerConfigKeys (ConfUtils.java:logGet(44)) - raft.server.log.queue.byte-limit = 2147483647 (custom)
2021-02-08 13:07:12,051 [pool-235-thread-1] INFO  server.RaftServerConfigKeys (ConfUtils.java:logGet(44)) - raft.server.log.queue.element-limit = 1024 (custom)
2021-02-08 13:07:12,051 [pool-235-thread-1] INFO  server.RaftServerConfigKeys (ConfUtils.java:logGet(44)) - raft.server.log.segment.size.max = 1048576 (custom)
2021-02-08 13:07:12,051 [pool-235-thread-1] INFO  server.RaftServerConfigKeys (ConfUtils.java:logGet(44)) - raft.server.log.preallocated.size = 16384 (custom)
2021-02-08 13:07:12,051 [pool-235-thread-1] INFO  server.RaftServerConfigKeys (ConfUtils.java:logGet(44)) - raft.server.log.force.sync.num = 128 (default)
2021-02-08 13:07:12,051 [pool-235-thread-1] INFO  server.RaftServerConfigKeys (ConfUtils.java:logGet(44)) - raft.server.log.statemachine.data.sync = true (default)
2021-02-08 13:07:12,051 [pool-235-thread-1] INFO  server.RaftServerConfigKeys (ConfUtils.java:logGet(44)) - raft.server.log.statemachine.data.sync.timeout = 10s (default)
2021-02-08 13:07:12,051 [pool-235-thread-1] INFO  server.RaftServerConfigKeys (ConfUtils.java:logGet(44)) - raft.server.log.statemachine.data.sync.timeout.retry = -1 (default)
2021-02-08 13:07:12,052 [pool-235-thread-1] INFO  server.RaftServerConfigKeys (ConfUtils.java:logGet(44)) - raft.server.log.write.buffer.size = 1048576 (custom)
2021-02-08 13:07:12,053 [pool-235-thread-1] INFO  server.RaftServerConfigKeys (ConfUtils.java:logGet(44)) - raft.server.log.statemachine.data.caching.enabled = true (custom)
2021-02-08 13:07:12,053 [pool-235-thread-1] INFO  segmented.SegmentedRaftLogWorker (SegmentedRaftLogWorker.java:lambda$new$0(132)) - 2b6c692d-bd16-4e2f-be54-cf6999516ba1@group-F2089C8F114B-SegmentedRaftLogWorker: flushIndex: setUnconditionally 0 -> -1
2021-02-08 13:07:12,053 [pool-235-thread-1] INFO  segmented.SegmentedRaftLogWorker (SegmentedRaftLogWorker.java:lambda$new$0(132)) - 2b6c692d-bd16-4e2f-be54-cf6999516ba1@group-F2089C8F114B-SegmentedRaftLogWorker: safeCacheEvictIndex: setUnconditionally 0 -> -1
2021-02-08 13:07:12,054 [EventQueue-PipelineReportForOneReplicaPipelineSafeModeRule] INFO  safemode.SCMSafeModeManager (SCMSafeModeManager.java:validateSafeModeExitRules(214)) - AtleastOneDatanodeReportedRule rule is successfully validated
2021-02-08 13:07:12,054 [EventQueue-OpenPipelineForHealthyPipelineSafeModeRule] INFO  safemode.SCMSafeModeManager (HealthyPipelineSafeModeRule.java:process(128)) - SCM in safe mode. Healthy pipelines reported count is 0, required healthy pipeline reported count is 1
2021-02-08 13:07:12,055 [pool-235-thread-1] INFO  server.RaftServerConfigKeys (ConfUtils.java:logGet(44)) - raft.server.snapshot.auto.trigger.enabled = true (custom)
2021-02-08 13:07:12,055 [pool-235-thread-1] INFO  server.RaftServerConfigKeys (ConfUtils.java:logGet(44)) - raft.server.snapshot.auto.trigger.threshold = 10000 (custom)
2021-02-08 13:07:12,055 [pool-235-thread-1] INFO  server.RaftServerConfigKeys (ConfUtils.java:logGet(44)) - raft.server.snapshot.retention.file.num = 5 (custom)
2021-02-08 13:07:12,056 [pool-235-thread-1] INFO  server.RaftServerConfigKeys (ConfUtils.java:logGet(44)) - raft.server.log.purge.upto.snapshot.index = false (default)
2021-02-08 13:07:12,056 [pool-235-thread-1] INFO  server.RaftServerConfigKeys (ConfUtils.java:logGet(44)) - raft.server.retrycache.expirytime = 600000ms (custom)
2021-02-08 13:07:12,056 [pool-235-thread-1] INFO  server.RaftServerConfigKeys (ConfUtils.java:logGet(44)) - raft.server.retrycache.statistics.expirytime = 100?s (default)
2021-02-08 13:07:12,056 [pool-235-thread-1] INFO  metrics.RatisMetrics (RatisMetrics.java:lambda$create$0(36)) - Creating Metrics Registry : ratis.leader_election.2b6c692d-bd16-4e2f-be54-cf6999516ba1@group-F2089C8F114B
2021-02-08 13:07:12,056 [pool-235-thread-1] INFO  metrics.RatisMetrics (RatisMetrics.java:lambda$create$0(36)) - Creating Metrics Registry : ratis.server.2b6c692d-bd16-4e2f-be54-cf6999516ba1@group-F2089C8F114B
2021-02-08 13:07:12,057 [pool-235-thread-1] INFO  server.RaftServer$Division (RaftServerImpl.java:start(295)) - 2b6c692d-bd16-4e2f-be54-cf6999516ba1@group-F2089C8F114B: start as a follower, conf=-1: [2534f833-6bfe-45b3-bb55-3e90c3f01f9c|rpc:172.17.0.2:41421|priority:1, 81ab00b2-2f95-4a2f-a7cf-2c0713c6a9d2|rpc:172.17.0.2:43993|priority:0, 2b6c692d-bd16-4e2f-be54-cf6999516ba1|rpc:172.17.0.2:33969|priority:0], old=null
2021-02-08 13:07:12,058 [pool-235-thread-1] INFO  server.RaftServer$Division (RaftServerImpl.java:setRole(284)) - 2b6c692d-bd16-4e2f-be54-cf6999516ba1@group-F2089C8F114B: changes role from      null to FOLLOWER at term 0 for startAsFollower
2021-02-08 13:07:12,058 [pool-235-thread-1] INFO  impl.RoleInfo (RoleInfo.java:updateAndGet(130)) - 2b6c692d-bd16-4e2f-be54-cf6999516ba1: start 2b6c692d-bd16-4e2f-be54-cf6999516ba1@group-F2089C8F114B-FollowerState
2021-02-08 13:07:12,061 [pool-235-thread-1] INFO  util.JmxRegister (JmxRegister.java:tryRegister(44)) - Successfully registered JMX Bean with object name Ratis:service=RaftServer,group=group-F2089C8F114B,id=2b6c692d-bd16-4e2f-be54-cf6999516ba1
2021-02-08 13:07:12,061 [pool-235-thread-1] INFO  metrics.RatisMetrics (RatisMetrics.java:lambda$create$0(36)) - Creating Metrics Registry : ratis.state_machine.2b6c692d-bd16-4e2f-be54-cf6999516ba1@group-F2089C8F114B
2021-02-08 13:07:12,063 [Command processor thread] INFO  metrics.RatisMetrics (RatisMetrics.java:lambda$create$0(36)) - Creating Metrics Registry : ratis.client_message_metrics.client-72E5CE617A61->2534f833-6bfe-45b3-bb55-3e90c3f01f9c
2021-02-08 13:07:12,069 [grpc-default-executor-3] INFO  metrics.RatisMetrics (RatisMetrics.java:lambda$create$0(36)) - Creating Metrics Registry : ratis.server_message_metrics.2534f833-6bfe-45b3-bb55-3e90c3f01f9c
2021-02-08 13:07:12,072 [grpc-default-executor-3] INFO  server.RaftServer (RaftServerProxy.java:addNew(95)) - 2534f833-6bfe-45b3-bb55-3e90c3f01f9c: addNew group-F2089C8F114B:[2534f833-6bfe-45b3-bb55-3e90c3f01f9c|rpc:172.17.0.2:41421|dataStream:|priority:1, 81ab00b2-2f95-4a2f-a7cf-2c0713c6a9d2|rpc:172.17.0.2:43993|dataStream:|priority:0, 2b6c692d-bd16-4e2f-be54-cf6999516ba1|rpc:172.17.0.2:33969|dataStream:|priority:0] returns group-F2089C8F114B:java.util.concurrent.CompletableFuture@27cfbf9f[Not completed]
2021-02-08 13:07:12,073 [pool-267-thread-1] INFO  server.RaftServer$Division (RaftServerImpl.java:<init>(180)) - 2534f833-6bfe-45b3-bb55-3e90c3f01f9c: new RaftServerImpl for group-F2089C8F114B:[2534f833-6bfe-45b3-bb55-3e90c3f01f9c|rpc:172.17.0.2:41421|dataStream:|priority:1, 81ab00b2-2f95-4a2f-a7cf-2c0713c6a9d2|rpc:172.17.0.2:43993|dataStream:|priority:0, 2b6c692d-bd16-4e2f-be54-cf6999516ba1|rpc:172.17.0.2:33969|dataStream:|priority:0] with ContainerStateMachine:uninitialized
2021-02-08 13:07:12,073 [pool-267-thread-1] INFO  server.RaftServerConfigKeys (ConfUtils.java:logGet(44)) - raft.server.rpc.timeout.min = 5s (custom)
2021-02-08 13:07:12,074 [pool-267-thread-1] INFO  server.RaftServerConfigKeys (ConfUtils.java:logGet(44)) - raft.server.rpc.timeout.max = 5200ms (custom)
2021-02-08 13:07:12,074 [pool-267-thread-1] INFO  server.RaftServerConfigKeys (ConfUtils.java:logGet(44)) - raft.server.rpc.sleep.time = 25ms (default)
2021-02-08 13:07:12,074 [pool-267-thread-1] INFO  server.RaftServerConfigKeys (ConfUtils.java:logGet(44)) - raft.server.rpc.slowness.timeout = 300000ms (custom)
2021-02-08 13:07:12,074 [pool-267-thread-1] INFO  server.RaftServerConfigKeys (ConfUtils.java:logGet(44)) - raft.server.leaderelection.leader.step-down.wait-time = 10s (default)
2021-02-08 13:07:12,074 [pool-267-thread-1] INFO  server.RaftServerConfigKeys (ConfUtils.java:logGet(44)) - raft.server.sleep.deviation.threshold = 300ms (default)
2021-02-08 13:07:12,074 [pool-267-thread-1] INFO  server.RaftServerConfigKeys (ConfUtils.java:logGet(44)) - raft.server.log.appender.install.snapshot.enabled = false (custom)
2021-02-08 13:07:12,074 [pool-267-thread-1] INFO  server.RaftServer$Division (ServerState.java:<init>(105)) - 2534f833-6bfe-45b3-bb55-3e90c3f01f9c@group-F2089C8F114B: ConfigurationManager, init=-1: [2534f833-6bfe-45b3-bb55-3e90c3f01f9c|rpc:172.17.0.2:41421|dataStream:|priority:1, 81ab00b2-2f95-4a2f-a7cf-2c0713c6a9d2|rpc:172.17.0.2:43993|dataStream:|priority:0, 2b6c692d-bd16-4e2f-be54-cf6999516ba1|rpc:172.17.0.2:33969|dataStream:|priority:0], old=null, confs=<EMPTY_MAP>
2021-02-08 13:07:12,074 [pool-267-thread-1] INFO  server.RaftServerConfigKeys (ConfUtils.java:logGet(44)) - raft.server.storage.dir = [/github/workspace/mnt/ozone/hadoop-ozone/integration-test/target/test-dir/MiniOzoneClusterImpl-489e5869-bfe0-4080-b73d-d7b53c96c8d8/datanode-5/data/ratis] (custom)
2021-02-08 13:07:12,074 [pool-267-thread-1] INFO  server.RaftServerConfigKeys (ConfUtils.java:logGet(44)) - raft.server.log.corruption.policy = EXCEPTION (default)
2021-02-08 13:07:12,074 [pool-267-thread-1] INFO  storage.RaftStorageDirectory (RaftStorageDirectoryImpl.java:analyzeStorage(132)) - The storage directory /github/workspace/mnt/ozone/hadoop-ozone/integration-test/target/test-dir/MiniOzoneClusterImpl-489e5869-bfe0-4080-b73d-d7b53c96c8d8/datanode-5/data/ratis/a13e55f8-f91e-44ff-ac34-f2089c8f114b does not exist. Creating ...
2021-02-08 13:07:12,075 [pool-267-thread-1] INFO  storage.RaftStorageDirectory (RaftStorageDirectoryImpl.java:tryLock(215)) - Lock on /github/workspace/mnt/ozone/hadoop-ozone/integration-test/target/test-dir/MiniOzoneClusterImpl-489e5869-bfe0-4080-b73d-d7b53c96c8d8/datanode-5/data/ratis/a13e55f8-f91e-44ff-ac34-f2089c8f114b/in_use.lock acquired by nodename 30729@c20f386514e7
2021-02-08 13:07:12,076 [pool-267-thread-1] INFO  storage.RaftStorage (RaftStorageImpl.java:format(87)) - Storage directory /github/workspace/mnt/ozone/hadoop-ozone/integration-test/target/test-dir/MiniOzoneClusterImpl-489e5869-bfe0-4080-b73d-d7b53c96c8d8/datanode-5/data/ratis/a13e55f8-f91e-44ff-ac34-f2089c8f114b has been successfully formatted.
2021-02-08 13:07:12,077 [EventQueue-PipelineReportForOneReplicaPipelineSafeModeRule] INFO  safemode.SCMSafeModeManager (SCMSafeModeManager.java:validateSafeModeExitRules(214)) - AtleastOneDatanodeReportedRule rule is successfully validated
2021-02-08 13:07:12,078 [pool-267-thread-1] INFO  ratis.ContainerStateMachine (ContainerStateMachine.java:loadSnapshot(223)) - group-F2089C8F114B: The snapshot info is null. Setting the last applied indexto:(t:0, i:~)
2021-02-08 13:07:12,078 [pool-267-thread-1] ERROR storage.RaftStorage (RaftStorageImpl.java:readRaftConfiguration(147)) - Failed reading configuration from file:/github/workspace/mnt/ozone/hadoop-ozone/integration-test/target/test-dir/MiniOzoneClusterImpl-489e5869-bfe0-4080-b73d-d7b53c96c8d8/datanode-5/data/ratis/a13e55f8-f91e-44ff-ac34-f2089c8f114b/current/raft-meta.conf
java.io.FileNotFoundException: /github/workspace/mnt/ozone/hadoop-ozone/integration-test/target/test-dir/MiniOzoneClusterImpl-489e5869-bfe0-4080-b73d-d7b53c96c8d8/datanode-5/data/ratis/a13e55f8-f91e-44ff-ac34-f2089c8f114b/current/raft-meta.conf (No such file or directory)
	at java.io.FileInputStream.open0(Native Method)
	at java.io.FileInputStream.open(FileInputStream.java:195)
	at java.io.FileInputStream.<init>(FileInputStream.java:138)
	at org.apache.ratis.server.storage.RaftStorageImpl.readRaftConfiguration(RaftStorageImpl.java:143)
	at org.apache.ratis.server.impl.ServerState.<init>(ServerState.java:122)
	at org.apache.ratis.server.impl.RaftServerImpl.<init>(RaftServerImpl.java:193)
	at org.apache.ratis.server.impl.RaftServerProxy.lambda$newRaftServerImpl$4(RaftServerProxy.java:266)
	at java.util.concurrent.CompletableFuture$AsyncSupply.run(CompletableFuture.java:1604)
	at java.util.concurrent.ThreadPoolExecutor.runWorker(ThreadPoolExecutor.java:1149)
	at java.util.concurrent.ThreadPoolExecutor$Worker.run(ThreadPoolExecutor.java:624)
	at java.lang.Thread.run(Thread.java:748)
2021-02-08 13:07:12,078 [pool-267-thread-1] INFO  server.RaftServerConfigKeys (ConfUtils.java:logGet(44)) - raft.server.notification.no-leader.timeout = 300000ms (custom)
2021-02-08 13:07:12,078 [pool-267-thread-1] INFO  server.RaftServerConfigKeys (ConfUtils.java:logGet(44)) - raft.server.log.use.memory = false (default)
2021-02-08 13:07:12,079 [pool-267-thread-1] INFO  server.RaftServerConfigKeys (ConfUtils.java:logGet(44)) - raft.server.log.purge.gap = 1000000 (custom)
2021-02-08 13:07:12,079 [pool-267-thread-1] INFO  server.RaftServerConfigKeys (ConfUtils.java:logGet(44)) - raft.server.log.appender.buffer.byte-limit = 33554432 (custom)
2021-02-08 13:07:12,079 [pool-267-thread-1] INFO  metrics.RatisMetrics (RatisMetrics.java:lambda$create$0(36)) - Creating Metrics Registry : ratis.log_worker.2534f833-6bfe-45b3-bb55-3e90c3f01f9c@group-F2089C8F114B
2021-02-08 13:07:12,079 [pool-267-thread-1] INFO  server.RaftServerConfigKeys (ConfUtils.java:logGet(44)) - raft.server.log.segment.size.max = 1048576 (custom)
2021-02-08 13:07:12,080 [pool-267-thread-1] INFO  server.RaftServerConfigKeys (ConfUtils.java:logGet(44)) - raft.server.log.segment.cache.num.max = 2 (custom)
2021-02-08 13:07:12,080 [pool-267-thread-1] INFO  server.RaftServerConfigKeys (ConfUtils.java:logGet(44)) - raft.server.log.segment.cache.size.max = 200MB (=209715200) (default)
2021-02-08 13:07:12,080 [pool-267-thread-1] INFO  segmented.SegmentedRaftLogWorker (SegmentedRaftLogWorker.java:<init>(181)) - new 2534f833-6bfe-45b3-bb55-3e90c3f01f9c@group-F2089C8F114B-SegmentedRaftLogWorker for RaftStorageImpl:Storage Directory /github/workspace/mnt/ozone/hadoop-ozone/integration-test/target/test-dir/MiniOzoneClusterImpl-489e5869-bfe0-4080-b73d-d7b53c96c8d8/datanode-5/data/ratis/a13e55f8-f91e-44ff-ac34-f2089c8f114b
2021-02-08 13:07:12,080 [pool-267-thread-1] INFO  server.RaftServerConfigKeys (ConfUtils.java:logGet(44)) - raft.server.log.queue.byte-limit = 2147483647 (custom)
2021-02-08 13:07:12,080 [pool-267-thread-1] INFO  server.RaftServerConfigKeys (ConfUtils.java:logGet(44)) - raft.server.log.queue.element-limit = 1024 (custom)
2021-02-08 13:07:12,080 [pool-267-thread-1] INFO  server.RaftServerConfigKeys (ConfUtils.java:logGet(44)) - raft.server.log.segment.size.max = 1048576 (custom)
2021-02-08 13:07:12,080 [pool-267-thread-1] INFO  server.RaftServerConfigKeys (ConfUtils.java:logGet(44)) - raft.server.log.preallocated.size = 16384 (custom)
2021-02-08 13:07:12,080 [pool-267-thread-1] INFO  server.RaftServerConfigKeys (ConfUtils.java:logGet(44)) - raft.server.log.force.sync.num = 128 (default)
2021-02-08 13:07:12,080 [pool-267-thread-1] INFO  server.RaftServerConfigKeys (ConfUtils.java:logGet(44)) - raft.server.log.statemachine.data.sync = true (default)
2021-02-08 13:07:12,080 [pool-267-thread-1] INFO  server.RaftServerConfigKeys (ConfUtils.java:logGet(44)) - raft.server.log.statemachine.data.sync.timeout = 10s (default)
2021-02-08 13:07:12,080 [pool-267-thread-1] INFO  server.RaftServerConfigKeys (ConfUtils.java:logGet(44)) - raft.server.log.statemachine.data.sync.timeout.retry = -1 (default)
2021-02-08 13:07:12,081 [pool-267-thread-1] INFO  server.RaftServerConfigKeys (ConfUtils.java:logGet(44)) - raft.server.log.write.buffer.size = 1048576 (custom)
2021-02-08 13:07:12,081 [pool-267-thread-1] INFO  server.RaftServerConfigKeys (ConfUtils.java:logGet(44)) - raft.server.log.statemachine.data.caching.enabled = true (custom)
2021-02-08 13:07:12,082 [pool-267-thread-1] INFO  segmented.SegmentedRaftLogWorker (SegmentedRaftLogWorker.java:lambda$new$0(132)) - 2534f833-6bfe-45b3-bb55-3e90c3f01f9c@group-F2089C8F114B-SegmentedRaftLogWorker: flushIndex: setUnconditionally 0 -> -1
2021-02-08 13:07:12,082 [pool-267-thread-1] INFO  segmented.SegmentedRaftLogWorker (SegmentedRaftLogWorker.java:lambda$new$0(132)) - 2534f833-6bfe-45b3-bb55-3e90c3f01f9c@group-F2089C8F114B-SegmentedRaftLogWorker: safeCacheEvictIndex: setUnconditionally 0 -> -1
2021-02-08 13:07:12,082 [pool-267-thread-1] INFO  server.RaftServerConfigKeys (ConfUtils.java:logGet(44)) - raft.server.snapshot.auto.trigger.enabled = true (custom)
2021-02-08 13:07:12,082 [pool-267-thread-1] INFO  server.RaftServerConfigKeys (ConfUtils.java:logGet(44)) - raft.server.snapshot.auto.trigger.threshold = 10000 (custom)
2021-02-08 13:07:12,082 [pool-267-thread-1] INFO  server.RaftServerConfigKeys (ConfUtils.java:logGet(44)) - raft.server.snapshot.retention.file.num = 5 (custom)
2021-02-08 13:07:12,082 [pool-267-thread-1] INFO  server.RaftServerConfigKeys (ConfUtils.java:logGet(44)) - raft.server.log.purge.upto.snapshot.index = false (default)
2021-02-08 13:07:12,082 [pool-267-thread-1] INFO  server.RaftServerConfigKeys (ConfUtils.java:logGet(44)) - raft.server.retrycache.expirytime = 600000ms (custom)
2021-02-08 13:07:12,082 [pool-267-thread-1] INFO  server.RaftServerConfigKeys (ConfUtils.java:logGet(44)) - raft.server.retrycache.statistics.expirytime = 100?s (default)
2021-02-08 13:07:12,082 [pool-267-thread-1] INFO  metrics.RatisMetrics (RatisMetrics.java:lambda$create$0(36)) - Creating Metrics Registry : ratis.leader_election.2534f833-6bfe-45b3-bb55-3e90c3f01f9c@group-F2089C8F114B
2021-02-08 13:07:12,083 [pool-267-thread-1] INFO  metrics.RatisMetrics (RatisMetrics.java:lambda$create$0(36)) - Creating Metrics Registry : ratis.server.2534f833-6bfe-45b3-bb55-3e90c3f01f9c@group-F2089C8F114B
2021-02-08 13:07:12,083 [pool-267-thread-1] INFO  server.RaftServer$Division (RaftServerImpl.java:start(295)) - 2534f833-6bfe-45b3-bb55-3e90c3f01f9c@group-F2089C8F114B: start as a follower, conf=-1: [2534f833-6bfe-45b3-bb55-3e90c3f01f9c|rpc:172.17.0.2:41421|dataStream:|priority:1, 81ab00b2-2f95-4a2f-a7cf-2c0713c6a9d2|rpc:172.17.0.2:43993|dataStream:|priority:0, 2b6c692d-bd16-4e2f-be54-cf6999516ba1|rpc:172.17.0.2:33969|dataStream:|priority:0], old=null
2021-02-08 13:07:12,083 [pool-267-thread-1] INFO  server.RaftServer$Division (RaftServerImpl.java:setRole(284)) - 2534f833-6bfe-45b3-bb55-3e90c3f01f9c@group-F2089C8F114B: changes role from      null to FOLLOWER at term 0 for startAsFollower
2021-02-08 13:07:12,084 [pool-267-thread-1] INFO  impl.RoleInfo (RoleInfo.java:updateAndGet(130)) - 2534f833-6bfe-45b3-bb55-3e90c3f01f9c: start 2534f833-6bfe-45b3-bb55-3e90c3f01f9c@group-F2089C8F114B-FollowerState
2021-02-08 13:07:12,084 [pool-267-thread-1] INFO  util.JmxRegister (JmxRegister.java:tryRegister(44)) - Successfully registered JMX Bean with object name Ratis:service=RaftServer,group=group-F2089C8F114B,id=2534f833-6bfe-45b3-bb55-3e90c3f01f9c
2021-02-08 13:07:12,085 [pool-267-thread-1] INFO  metrics.RatisMetrics (RatisMetrics.java:lambda$create$0(36)) - Creating Metrics Registry : ratis.state_machine.2534f833-6bfe-45b3-bb55-3e90c3f01f9c@group-F2089C8F114B
2021-02-08 13:07:12,095 [Command processor thread] INFO  metrics.RatisMetrics (RatisMetrics.java:lambda$create$0(36)) - Creating Metrics Registry : ratis.client_message_metrics.client-B4BAD307B069->81ab00b2-2f95-4a2f-a7cf-2c0713c6a9d2
2021-02-08 13:07:12,099 [grpc-default-executor-3] INFO  metrics.RatisMetrics (RatisMetrics.java:lambda$create$0(36)) - Creating Metrics Registry : ratis.server_message_metrics.81ab00b2-2f95-4a2f-a7cf-2c0713c6a9d2
2021-02-08 13:07:12,103 [grpc-default-executor-3] INFO  server.RaftServer (RaftServerProxy.java:addNew(95)) - 81ab00b2-2f95-4a2f-a7cf-2c0713c6a9d2: addNew group-F2089C8F114B:[2534f833-6bfe-45b3-bb55-3e90c3f01f9c|rpc:172.17.0.2:41421|dataStream:|priority:1, 81ab00b2-2f95-4a2f-a7cf-2c0713c6a9d2|rpc:172.17.0.2:43993|dataStream:|priority:0, 2b6c692d-bd16-4e2f-be54-cf6999516ba1|rpc:172.17.0.2:33969|dataStream:|priority:0] returns group-F2089C8F114B:java.util.concurrent.CompletableFuture@24ac060c[Not completed]
2021-02-08 13:07:12,104 [pool-251-thread-1] INFO  server.RaftServer$Division (RaftServerImpl.java:<init>(180)) - 81ab00b2-2f95-4a2f-a7cf-2c0713c6a9d2: new RaftServerImpl for group-F2089C8F114B:[2534f833-6bfe-45b3-bb55-3e90c3f01f9c|rpc:172.17.0.2:41421|dataStream:|priority:1, 81ab00b2-2f95-4a2f-a7cf-2c0713c6a9d2|rpc:172.17.0.2:43993|dataStream:|priority:0, 2b6c692d-bd16-4e2f-be54-cf6999516ba1|rpc:172.17.0.2:33969|dataStream:|priority:0] with ContainerStateMachine:uninitialized
2021-02-08 13:07:12,104 [pool-251-thread-1] INFO  server.RaftServerConfigKeys (ConfUtils.java:logGet(44)) - raft.server.rpc.timeout.min = 5s (custom)
2021-02-08 13:07:12,104 [pool-251-thread-1] INFO  server.RaftServerConfigKeys (ConfUtils.java:logGet(44)) - raft.server.rpc.timeout.max = 5200ms (custom)
2021-02-08 13:07:12,104 [pool-251-thread-1] INFO  server.RaftServerConfigKeys (ConfUtils.java:logGet(44)) - raft.server.rpc.sleep.time = 25ms (default)
2021-02-08 13:07:12,104 [pool-251-thread-1] INFO  server.RaftServerConfigKeys (ConfUtils.java:logGet(44)) - raft.server.rpc.slowness.timeout = 300000ms (custom)
2021-02-08 13:07:12,104 [pool-251-thread-1] INFO  server.RaftServerConfigKeys (ConfUtils.java:logGet(44)) - raft.server.leaderelection.leader.step-down.wait-time = 10s (default)
2021-02-08 13:07:12,104 [pool-251-thread-1] INFO  server.RaftServerConfigKeys (ConfUtils.java:logGet(44)) - raft.server.sleep.deviation.threshold = 300ms (default)
2021-02-08 13:07:12,104 [pool-251-thread-1] INFO  server.RaftServerConfigKeys (ConfUtils.java:logGet(44)) - raft.server.log.appender.install.snapshot.enabled = false (custom)
2021-02-08 13:07:12,104 [pool-251-thread-1] INFO  server.RaftServer$Division (ServerState.java:<init>(105)) - 81ab00b2-2f95-4a2f-a7cf-2c0713c6a9d2@group-F2089C8F114B: ConfigurationManager, init=-1: [2534f833-6bfe-45b3-bb55-3e90c3f01f9c|rpc:172.17.0.2:41421|dataStream:|priority:1, 81ab00b2-2f95-4a2f-a7cf-2c0713c6a9d2|rpc:172.17.0.2:43993|dataStream:|priority:0, 2b6c692d-bd16-4e2f-be54-cf6999516ba1|rpc:172.17.0.2:33969|dataStream:|priority:0], old=null, confs=<EMPTY_MAP>
2021-02-08 13:07:12,104 [pool-251-thread-1] INFO  server.RaftServerConfigKeys (ConfUtils.java:logGet(44)) - raft.server.storage.dir = [/github/workspace/mnt/ozone/hadoop-ozone/integration-test/target/test-dir/MiniOzoneClusterImpl-489e5869-bfe0-4080-b73d-d7b53c96c8d8/datanode-4/data/ratis] (custom)
2021-02-08 13:07:12,104 [pool-251-thread-1] INFO  server.RaftServerConfigKeys (ConfUtils.java:logGet(44)) - raft.server.log.corruption.policy = EXCEPTION (default)
2021-02-08 13:07:12,104 [pool-251-thread-1] INFO  storage.RaftStorageDirectory (RaftStorageDirectoryImpl.java:analyzeStorage(132)) - The storage directory /github/workspace/mnt/ozone/hadoop-ozone/integration-test/target/test-dir/MiniOzoneClusterImpl-489e5869-bfe0-4080-b73d-d7b53c96c8d8/datanode-4/data/ratis/a13e55f8-f91e-44ff-ac34-f2089c8f114b does not exist. Creating ...
2021-02-08 13:07:12,105 [pool-251-thread-1] INFO  storage.RaftStorageDirectory (RaftStorageDirectoryImpl.java:tryLock(215)) - Lock on /github/workspace/mnt/ozone/hadoop-ozone/integration-test/target/test-dir/MiniOzoneClusterImpl-489e5869-bfe0-4080-b73d-d7b53c96c8d8/datanode-4/data/ratis/a13e55f8-f91e-44ff-ac34-f2089c8f114b/in_use.lock acquired by nodename 30729@c20f386514e7
2021-02-08 13:07:12,106 [pool-251-thread-1] INFO  storage.RaftStorage (RaftStorageImpl.java:format(87)) - Storage directory /github/workspace/mnt/ozone/hadoop-ozone/integration-test/target/test-dir/MiniOzoneClusterImpl-489e5869-bfe0-4080-b73d-d7b53c96c8d8/datanode-4/data/ratis/a13e55f8-f91e-44ff-ac34-f2089c8f114b has been successfully formatted.
2021-02-08 13:07:12,107 [pool-251-thread-1] INFO  ratis.ContainerStateMachine (ContainerStateMachine.java:loadSnapshot(223)) - group-F2089C8F114B: The snapshot info is null. Setting the last applied indexto:(t:0, i:~)
2021-02-08 13:07:12,107 [pool-251-thread-1] ERROR storage.RaftStorage (RaftStorageImpl.java:readRaftConfiguration(147)) - Failed reading configuration from file:/github/workspace/mnt/ozone/hadoop-ozone/integration-test/target/test-dir/MiniOzoneClusterImpl-489e5869-bfe0-4080-b73d-d7b53c96c8d8/datanode-4/data/ratis/a13e55f8-f91e-44ff-ac34-f2089c8f114b/current/raft-meta.conf
java.io.FileNotFoundException: /github/workspace/mnt/ozone/hadoop-ozone/integration-test/target/test-dir/MiniOzoneClusterImpl-489e5869-bfe0-4080-b73d-d7b53c96c8d8/datanode-4/data/ratis/a13e55f8-f91e-44ff-ac34-f2089c8f114b/current/raft-meta.conf (No such file or directory)
	at java.io.FileInputStream.open0(Native Method)
	at java.io.FileInputStream.open(FileInputStream.java:195)
	at java.io.FileInputStream.<init>(FileInputStream.java:138)
	at org.apache.ratis.server.storage.RaftStorageImpl.readRaftConfiguration(RaftStorageImpl.java:143)
	at org.apache.ratis.server.impl.ServerState.<init>(ServerState.java:122)
	at org.apache.ratis.server.impl.RaftServerImpl.<init>(RaftServerImpl.java:193)
	at org.apache.ratis.server.impl.RaftServerProxy.lambda$newRaftServerImpl$4(RaftServerProxy.java:266)
	at java.util.concurrent.CompletableFuture$AsyncSupply.run(CompletableFuture.java:1604)
	at java.util.concurrent.ThreadPoolExecutor.runWorker(ThreadPoolExecutor.java:1149)
	at java.util.concurrent.ThreadPoolExecutor$Worker.run(ThreadPoolExecutor.java:624)
	at java.lang.Thread.run(Thread.java:748)
2021-02-08 13:07:12,107 [pool-251-thread-1] INFO  server.RaftServerConfigKeys (ConfUtils.java:logGet(44)) - raft.server.notification.no-leader.timeout = 300000ms (custom)
2021-02-08 13:07:12,107 [pool-251-thread-1] INFO  server.RaftServerConfigKeys (ConfUtils.java:logGet(44)) - raft.server.log.use.memory = false (default)
2021-02-08 13:07:12,108 [EventQueue-PipelineReportForOneReplicaPipelineSafeModeRule] INFO  safemode.SCMSafeModeManager (SCMSafeModeManager.java:validateSafeModeExitRules(214)) - AtleastOneDatanodeReportedRule rule is successfully validated
2021-02-08 13:07:12,108 [pool-251-thread-1] INFO  server.RaftServerConfigKeys (ConfUtils.java:logGet(44)) - raft.server.log.purge.gap = 1000000 (custom)
2021-02-08 13:07:12,108 [pool-251-thread-1] INFO  server.RaftServerConfigKeys (ConfUtils.java:logGet(44)) - raft.server.log.appender.buffer.byte-limit = 33554432 (custom)
2021-02-08 13:07:12,109 [pool-251-thread-1] INFO  metrics.RatisMetrics (RatisMetrics.java:lambda$create$0(36)) - Creating Metrics Registry : ratis.log_worker.81ab00b2-2f95-4a2f-a7cf-2c0713c6a9d2@group-F2089C8F114B
2021-02-08 13:07:12,109 [pool-251-thread-1] INFO  server.RaftServerConfigKeys (ConfUtils.java:logGet(44)) - raft.server.log.segment.size.max = 1048576 (custom)
2021-02-08 13:07:12,109 [pool-251-thread-1] INFO  server.RaftServerConfigKeys (ConfUtils.java:logGet(44)) - raft.server.log.segment.cache.num.max = 2 (custom)
2021-02-08 13:07:12,109 [pool-251-thread-1] INFO  server.RaftServerConfigKeys (ConfUtils.java:logGet(44)) - raft.server.log.segment.cache.size.max = 200MB (=209715200) (default)
2021-02-08 13:07:12,109 [pool-251-thread-1] INFO  segmented.SegmentedRaftLogWorker (SegmentedRaftLogWorker.java:<init>(181)) - new 81ab00b2-2f95-4a2f-a7cf-2c0713c6a9d2@group-F2089C8F114B-SegmentedRaftLogWorker for RaftStorageImpl:Storage Directory /github/workspace/mnt/ozone/hadoop-ozone/integration-test/target/test-dir/MiniOzoneClusterImpl-489e5869-bfe0-4080-b73d-d7b53c96c8d8/datanode-4/data/ratis/a13e55f8-f91e-44ff-ac34-f2089c8f114b
2021-02-08 13:07:12,109 [pool-251-thread-1] INFO  server.RaftServerConfigKeys (ConfUtils.java:logGet(44)) - raft.server.log.queue.byte-limit = 2147483647 (custom)
2021-02-08 13:07:12,109 [pool-251-thread-1] INFO  server.RaftServerConfigKeys (ConfUtils.java:logGet(44)) - raft.server.log.queue.element-limit = 1024 (custom)
2021-02-08 13:07:12,110 [pool-251-thread-1] INFO  server.RaftServerConfigKeys (ConfUtils.java:logGet(44)) - raft.server.log.segment.size.max = 1048576 (custom)
2021-02-08 13:07:12,110 [pool-251-thread-1] INFO  server.RaftServerConfigKeys (ConfUtils.java:logGet(44)) - raft.server.log.preallocated.size = 16384 (custom)
2021-02-08 13:07:12,110 [pool-251-thread-1] INFO  server.RaftServerConfigKeys (ConfUtils.java:logGet(44)) - raft.server.log.force.sync.num = 128 (default)
2021-02-08 13:07:12,110 [pool-251-thread-1] INFO  server.RaftServerConfigKeys (ConfUtils.java:logGet(44)) - raft.server.log.statemachine.data.sync = true (default)
2021-02-08 13:07:12,111 [pool-251-thread-1] INFO  server.RaftServerConfigKeys (ConfUtils.java:logGet(44)) - raft.server.log.statemachine.data.sync.timeout = 10s (default)
2021-02-08 13:07:12,111 [pool-251-thread-1] INFO  server.RaftServerConfigKeys (ConfUtils.java:logGet(44)) - raft.server.log.statemachine.data.sync.timeout.retry = -1 (default)
2021-02-08 13:07:12,112 [pool-251-thread-1] INFO  server.RaftServerConfigKeys (ConfUtils.java:logGet(44)) - raft.server.log.write.buffer.size = 1048576 (custom)
2021-02-08 13:07:12,112 [pool-251-thread-1] INFO  server.RaftServerConfigKeys (ConfUtils.java:logGet(44)) - raft.server.log.statemachine.data.caching.enabled = true (custom)
2021-02-08 13:07:12,113 [pool-251-thread-1] INFO  segmented.SegmentedRaftLogWorker (SegmentedRaftLogWorker.java:lambda$new$0(132)) - 81ab00b2-2f95-4a2f-a7cf-2c0713c6a9d2@group-F2089C8F114B-SegmentedRaftLogWorker: flushIndex: setUnconditionally 0 -> -1
2021-02-08 13:07:12,113 [pool-251-thread-1] INFO  segmented.SegmentedRaftLogWorker (SegmentedRaftLogWorker.java:lambda$new$0(132)) - 81ab00b2-2f95-4a2f-a7cf-2c0713c6a9d2@group-F2089C8F114B-SegmentedRaftLogWorker: safeCacheEvictIndex: setUnconditionally 0 -> -1
2021-02-08 13:07:12,113 [pool-251-thread-1] INFO  server.RaftServerConfigKeys (ConfUtils.java:logGet(44)) - raft.server.snapshot.auto.trigger.enabled = true (custom)
2021-02-08 13:07:12,113 [pool-251-thread-1] INFO  server.RaftServerConfigKeys (ConfUtils.java:logGet(44)) - raft.server.snapshot.auto.trigger.threshold = 10000 (custom)
2021-02-08 13:07:12,113 [pool-251-thread-1] INFO  server.RaftServerConfigKeys (ConfUtils.java:logGet(44)) - raft.server.snapshot.retention.file.num = 5 (custom)
2021-02-08 13:07:12,113 [pool-251-thread-1] INFO  server.RaftServerConfigKeys (ConfUtils.java:logGet(44)) - raft.server.log.purge.upto.snapshot.index = false (default)
2021-02-08 13:07:12,113 [pool-251-thread-1] INFO  server.RaftServerConfigKeys (ConfUtils.java:logGet(44)) - raft.server.retrycache.expirytime = 600000ms (custom)
2021-02-08 13:07:12,113 [pool-251-thread-1] INFO  server.RaftServerConfigKeys (ConfUtils.java:logGet(44)) - raft.server.retrycache.statistics.expirytime = 100?s (default)
2021-02-08 13:07:12,114 [pool-251-thread-1] INFO  metrics.RatisMetrics (RatisMetrics.java:lambda$create$0(36)) - Creating Metrics Registry : ratis.leader_election.81ab00b2-2f95-4a2f-a7cf-2c0713c6a9d2@group-F2089C8F114B
2021-02-08 13:07:12,114 [pool-251-thread-1] INFO  metrics.RatisMetrics (RatisMetrics.java:lambda$create$0(36)) - Creating Metrics Registry : ratis.server.81ab00b2-2f95-4a2f-a7cf-2c0713c6a9d2@group-F2089C8F114B
2021-02-08 13:07:12,115 [pool-251-thread-1] INFO  server.RaftServer$Division (RaftServerImpl.java:start(295)) - 81ab00b2-2f95-4a2f-a7cf-2c0713c6a9d2@group-F2089C8F114B: start as a follower, conf=-1: [2534f833-6bfe-45b3-bb55-3e90c3f01f9c|rpc:172.17.0.2:41421|dataStream:|priority:1, 81ab00b2-2f95-4a2f-a7cf-2c0713c6a9d2|rpc:172.17.0.2:43993|dataStream:|priority:0, 2b6c692d-bd16-4e2f-be54-cf6999516ba1|rpc:172.17.0.2:33969|dataStream:|priority:0], old=null
2021-02-08 13:07:12,115 [pool-251-thread-1] INFO  server.RaftServer$Division (RaftServerImpl.java:setRole(284)) - 81ab00b2-2f95-4a2f-a7cf-2c0713c6a9d2@group-F2089C8F114B: changes role from      null to FOLLOWER at term 0 for startAsFollower
2021-02-08 13:07:12,115 [pool-251-thread-1] INFO  impl.RoleInfo (RoleInfo.java:updateAndGet(130)) - 81ab00b2-2f95-4a2f-a7cf-2c0713c6a9d2: start 81ab00b2-2f95-4a2f-a7cf-2c0713c6a9d2@group-F2089C8F114B-FollowerState
2021-02-08 13:07:12,115 [pool-251-thread-1] INFO  util.JmxRegister (JmxRegister.java:tryRegister(44)) - Successfully registered JMX Bean with object name Ratis:service=RaftServer,group=group-F2089C8F114B,id=81ab00b2-2f95-4a2f-a7cf-2c0713c6a9d2
2021-02-08 13:07:12,115 [pool-251-thread-1] INFO  metrics.RatisMetrics (RatisMetrics.java:lambda$create$0(36)) - Creating Metrics Registry : ratis.state_machine.81ab00b2-2f95-4a2f-a7cf-2c0713c6a9d2@group-F2089C8F114B
2021-02-08 13:07:12,121 [Command processor thread] INFO  commandhandler.CreatePipelineCommandHandler (CreatePipelineCommandHandler.java:handle(106)) - Created Pipeline RATIS THREE PipelineID=a13e55f8-f91e-44ff-ac34-f2089c8f114b.
2021-02-08 13:07:12,122 [Command processor thread] INFO  server.RaftServer (RaftServerProxy.java:addNew(95)) - 2b6c692d-bd16-4e2f-be54-cf6999516ba1: addNew group-655D07119256:[2534f833-6bfe-45b3-bb55-3e90c3f01f9c|rpc:172.17.0.2:41421|priority:0, 81ab00b2-2f95-4a2f-a7cf-2c0713c6a9d2|rpc:172.17.0.2:43993|priority:0, 2b6c692d-bd16-4e2f-be54-cf6999516ba1|rpc:172.17.0.2:33969|priority:1] returns group-655D07119256:java.util.concurrent.CompletableFuture@5c986fd[Not completed]
2021-02-08 13:07:12,122 [pool-235-thread-1] INFO  server.RaftServer$Division (RaftServerImpl.java:<init>(180)) - 2b6c692d-bd16-4e2f-be54-cf6999516ba1: new RaftServerImpl for group-655D07119256:[2534f833-6bfe-45b3-bb55-3e90c3f01f9c|rpc:172.17.0.2:41421|priority:0, 81ab00b2-2f95-4a2f-a7cf-2c0713c6a9d2|rpc:172.17.0.2:43993|priority:0, 2b6c692d-bd16-4e2f-be54-cf6999516ba1|rpc:172.17.0.2:33969|priority:1] with ContainerStateMachine:uninitialized
2021-02-08 13:07:12,122 [pool-235-thread-1] INFO  server.RaftServerConfigKeys (ConfUtils.java:logGet(44)) - raft.server.rpc.timeout.min = 5s (custom)
2021-02-08 13:07:12,122 [pool-235-thread-1] INFO  server.RaftServerConfigKeys (ConfUtils.java:logGet(44)) - raft.server.rpc.timeout.max = 5200ms (custom)
2021-02-08 13:07:12,122 [pool-235-thread-1] INFO  server.RaftServerConfigKeys (ConfUtils.java:logGet(44)) - raft.server.rpc.sleep.time = 25ms (default)
2021-02-08 13:07:12,122 [pool-235-thread-1] INFO  server.RaftServerConfigKeys (ConfUtils.java:logGet(44)) - raft.server.rpc.slowness.timeout = 300000ms (custom)
2021-02-08 13:07:12,122 [pool-235-thread-1] INFO  server.RaftServerConfigKeys (ConfUtils.java:logGet(44)) - raft.server.leaderelection.leader.step-down.wait-time = 10s (default)
2021-02-08 13:07:12,122 [pool-235-thread-1] INFO  server.RaftServerConfigKeys (ConfUtils.java:logGet(44)) - raft.server.sleep.deviation.threshold = 300ms (default)
2021-02-08 13:07:12,123 [pool-235-thread-1] INFO  server.RaftServerConfigKeys (ConfUtils.java:logGet(44)) - raft.server.log.appender.install.snapshot.enabled = false (custom)
2021-02-08 13:07:12,123 [pool-235-thread-1] INFO  server.RaftServer$Division (ServerState.java:<init>(105)) - 2b6c692d-bd16-4e2f-be54-cf6999516ba1@group-655D07119256: ConfigurationManager, init=-1: [2534f833-6bfe-45b3-bb55-3e90c3f01f9c|rpc:172.17.0.2:41421|priority:0, 81ab00b2-2f95-4a2f-a7cf-2c0713c6a9d2|rpc:172.17.0.2:43993|priority:0, 2b6c692d-bd16-4e2f-be54-cf6999516ba1|rpc:172.17.0.2:33969|priority:1], old=null, confs=<EMPTY_MAP>
2021-02-08 13:07:12,123 [pool-235-thread-1] INFO  server.RaftServerConfigKeys (ConfUtils.java:logGet(44)) - raft.server.storage.dir = [/github/workspace/mnt/ozone/hadoop-ozone/integration-test/target/test-dir/MiniOzoneClusterImpl-489e5869-bfe0-4080-b73d-d7b53c96c8d8/datanode-3/data/ratis] (custom)
2021-02-08 13:07:12,123 [pool-235-thread-1] INFO  server.RaftServerConfigKeys (ConfUtils.java:logGet(44)) - raft.server.log.corruption.policy = EXCEPTION (default)
2021-02-08 13:07:12,123 [pool-235-thread-1] INFO  storage.RaftStorageDirectory (RaftStorageDirectoryImpl.java:analyzeStorage(132)) - The storage directory /github/workspace/mnt/ozone/hadoop-ozone/integration-test/target/test-dir/MiniOzoneClusterImpl-489e5869-bfe0-4080-b73d-d7b53c96c8d8/datanode-3/data/ratis/0d252d6c-e75d-41e6-bbb0-655d07119256 does not exist. Creating ...
2021-02-08 13:07:12,124 [pool-235-thread-1] INFO  storage.RaftStorageDirectory (RaftStorageDirectoryImpl.java:tryLock(215)) - Lock on /github/workspace/mnt/ozone/hadoop-ozone/integration-test/target/test-dir/MiniOzoneClusterImpl-489e5869-bfe0-4080-b73d-d7b53c96c8d8/datanode-3/data/ratis/0d252d6c-e75d-41e6-bbb0-655d07119256/in_use.lock acquired by nodename 30729@c20f386514e7
2021-02-08 13:07:12,125 [pool-235-thread-1] INFO  storage.RaftStorage (RaftStorageImpl.java:format(87)) - Storage directory /github/workspace/mnt/ozone/hadoop-ozone/integration-test/target/test-dir/MiniOzoneClusterImpl-489e5869-bfe0-4080-b73d-d7b53c96c8d8/datanode-3/data/ratis/0d252d6c-e75d-41e6-bbb0-655d07119256 has been successfully formatted.
2021-02-08 13:07:12,125 [pool-235-thread-1] INFO  ratis.ContainerStateMachine (ContainerStateMachine.java:loadSnapshot(223)) - group-655D07119256: The snapshot info is null. Setting the last applied indexto:(t:0, i:~)
2021-02-08 13:07:12,125 [pool-235-thread-1] ERROR storage.RaftStorage (RaftStorageImpl.java:readRaftConfiguration(147)) - Failed reading configuration from file:/github/workspace/mnt/ozone/hadoop-ozone/integration-test/target/test-dir/MiniOzoneClusterImpl-489e5869-bfe0-4080-b73d-d7b53c96c8d8/datanode-3/data/ratis/0d252d6c-e75d-41e6-bbb0-655d07119256/current/raft-meta.conf
java.io.FileNotFoundException: /github/workspace/mnt/ozone/hadoop-ozone/integration-test/target/test-dir/MiniOzoneClusterImpl-489e5869-bfe0-4080-b73d-d7b53c96c8d8/datanode-3/data/ratis/0d252d6c-e75d-41e6-bbb0-655d07119256/current/raft-meta.conf (No such file or directory)
	at java.io.FileInputStream.open0(Native Method)
	at java.io.FileInputStream.open(FileInputStream.java:195)
	at java.io.FileInputStream.<init>(FileInputStream.java:138)
	at org.apache.ratis.server.storage.RaftStorageImpl.readRaftConfiguration(RaftStorageImpl.java:143)
	at org.apache.ratis.server.impl.ServerState.<init>(ServerState.java:122)
	at org.apache.ratis.server.impl.RaftServerImpl.<init>(RaftServerImpl.java:193)
	at org.apache.ratis.server.impl.RaftServerProxy.lambda$newRaftServerImpl$4(RaftServerProxy.java:266)
	at java.util.concurrent.CompletableFuture$AsyncSupply.run(CompletableFuture.java:1604)
	at java.util.concurrent.ThreadPoolExecutor.runWorker(ThreadPoolExecutor.java:1149)
	at java.util.concurrent.ThreadPoolExecutor$Worker.run(ThreadPoolExecutor.java:624)
	at java.lang.Thread.run(Thread.java:748)
2021-02-08 13:07:12,126 [pool-235-thread-1] INFO  server.RaftServerConfigKeys (ConfUtils.java:logGet(44)) - raft.server.notification.no-leader.timeout = 300000ms (custom)
2021-02-08 13:07:12,126 [pool-235-thread-1] INFO  server.RaftServerConfigKeys (ConfUtils.java:logGet(44)) - raft.server.log.use.memory = false (default)
2021-02-08 13:07:12,126 [EventQueue-OpenPipelineForHealthyPipelineSafeModeRule] INFO  safemode.SCMSafeModeManager (HealthyPipelineSafeModeRule.java:process(128)) - SCM in safe mode. Healthy pipelines reported count is 0, required healthy pipeline reported count is 1
2021-02-08 13:07:12,126 [EventQueue-PipelineReportForOneReplicaPipelineSafeModeRule] INFO  safemode.SCMSafeModeManager (SCMSafeModeManager.java:validateSafeModeExitRules(214)) - AtleastOneDatanodeReportedRule rule is successfully validated
2021-02-08 13:07:12,126 [pool-235-thread-1] INFO  server.RaftServerConfigKeys (ConfUtils.java:logGet(44)) - raft.server.log.purge.gap = 1000000 (custom)
2021-02-08 13:07:12,127 [pool-235-thread-1] INFO  server.RaftServerConfigKeys (ConfUtils.java:logGet(44)) - raft.server.log.appender.buffer.byte-limit = 33554432 (custom)
2021-02-08 13:07:12,127 [pool-235-thread-1] INFO  metrics.RatisMetrics (RatisMetrics.java:lambda$create$0(36)) - Creating Metrics Registry : ratis.log_worker.2b6c692d-bd16-4e2f-be54-cf6999516ba1@group-655D07119256
2021-02-08 13:07:12,127 [pool-235-thread-1] INFO  server.RaftServerConfigKeys (ConfUtils.java:logGet(44)) - raft.server.log.segment.size.max = 1048576 (custom)
2021-02-08 13:07:12,127 [pool-235-thread-1] INFO  server.RaftServerConfigKeys (ConfUtils.java:logGet(44)) - raft.server.log.segment.cache.num.max = 2 (custom)
2021-02-08 13:07:12,127 [pool-235-thread-1] INFO  server.RaftServerConfigKeys (ConfUtils.java:logGet(44)) - raft.server.log.segment.cache.size.max = 200MB (=209715200) (default)
2021-02-08 13:07:12,127 [pool-235-thread-1] INFO  segmented.SegmentedRaftLogWorker (SegmentedRaftLogWorker.java:<init>(181)) - new 2b6c692d-bd16-4e2f-be54-cf6999516ba1@group-655D07119256-SegmentedRaftLogWorker for RaftStorageImpl:Storage Directory /github/workspace/mnt/ozone/hadoop-ozone/integration-test/target/test-dir/MiniOzoneClusterImpl-489e5869-bfe0-4080-b73d-d7b53c96c8d8/datanode-3/data/ratis/0d252d6c-e75d-41e6-bbb0-655d07119256
2021-02-08 13:07:12,127 [pool-235-thread-1] INFO  server.RaftServerConfigKeys (ConfUtils.java:logGet(44)) - raft.server.log.queue.byte-limit = 2147483647 (custom)
2021-02-08 13:07:12,127 [pool-235-thread-1] INFO  server.RaftServerConfigKeys (ConfUtils.java:logGet(44)) - raft.server.log.queue.element-limit = 1024 (custom)
2021-02-08 13:07:12,127 [pool-235-thread-1] INFO  server.RaftServerConfigKeys (ConfUtils.java:logGet(44)) - raft.server.log.segment.size.max = 1048576 (custom)
2021-02-08 13:07:12,127 [pool-235-thread-1] INFO  server.RaftServerConfigKeys (ConfUtils.java:logGet(44)) - raft.server.log.preallocated.size = 16384 (custom)
2021-02-08 13:07:12,127 [pool-235-thread-1] INFO  server.RaftServerConfigKeys (ConfUtils.java:logGet(44)) - raft.server.log.force.sync.num = 128 (default)
2021-02-08 13:07:12,127 [pool-235-thread-1] INFO  server.RaftServerConfigKeys (ConfUtils.java:logGet(44)) - raft.server.log.statemachine.data.sync = true (default)
2021-02-08 13:07:12,127 [pool-235-thread-1] INFO  server.RaftServerConfigKeys (ConfUtils.java:logGet(44)) - raft.server.log.statemachine.data.sync.timeout = 10s (default)
2021-02-08 13:07:12,128 [pool-235-thread-1] INFO  server.RaftServerConfigKeys (ConfUtils.java:logGet(44)) - raft.server.log.statemachine.data.sync.timeout.retry = -1 (default)
2021-02-08 13:07:12,128 [pool-235-thread-1] INFO  server.RaftServerConfigKeys (ConfUtils.java:logGet(44)) - raft.server.log.write.buffer.size = 1048576 (custom)
2021-02-08 13:07:12,129 [pool-235-thread-1] INFO  server.RaftServerConfigKeys (ConfUtils.java:logGet(44)) - raft.server.log.statemachine.data.caching.enabled = true (custom)
2021-02-08 13:07:12,129 [pool-235-thread-1] INFO  segmented.SegmentedRaftLogWorker (SegmentedRaftLogWorker.java:lambda$new$0(132)) - 2b6c692d-bd16-4e2f-be54-cf6999516ba1@group-655D07119256-SegmentedRaftLogWorker: flushIndex: setUnconditionally 0 -> -1
2021-02-08 13:07:12,129 [pool-235-thread-1] INFO  segmented.SegmentedRaftLogWorker (SegmentedRaftLogWorker.java:lambda$new$0(132)) - 2b6c692d-bd16-4e2f-be54-cf6999516ba1@group-655D07119256-SegmentedRaftLogWorker: safeCacheEvictIndex: setUnconditionally 0 -> -1
2021-02-08 13:07:12,129 [pool-235-thread-1] INFO  server.RaftServerConfigKeys (ConfUtils.java:logGet(44)) - raft.server.snapshot.auto.trigger.enabled = true (custom)
2021-02-08 13:07:12,129 [pool-235-thread-1] INFO  server.RaftServerConfigKeys (ConfUtils.java:logGet(44)) - raft.server.snapshot.auto.trigger.threshold = 10000 (custom)
2021-02-08 13:07:12,129 [pool-235-thread-1] INFO  server.RaftServerConfigKeys (ConfUtils.java:logGet(44)) - raft.server.snapshot.retention.file.num = 5 (custom)
2021-02-08 13:07:12,130 [pool-235-thread-1] INFO  server.RaftServerConfigKeys (ConfUtils.java:logGet(44)) - raft.server.log.purge.upto.snapshot.index = false (default)
2021-02-08 13:07:12,130 [pool-235-thread-1] INFO  server.RaftServerConfigKeys (ConfUtils.java:logGet(44)) - raft.server.retrycache.expirytime = 600000ms (custom)
2021-02-08 13:07:12,130 [pool-235-thread-1] INFO  server.RaftServerConfigKeys (ConfUtils.java:logGet(44)) - raft.server.retrycache.statistics.expirytime = 100?s (default)
2021-02-08 13:07:12,130 [pool-235-thread-1] INFO  metrics.RatisMetrics (RatisMetrics.java:lambda$create$0(36)) - Creating Metrics Registry : ratis.leader_election.2b6c692d-bd16-4e2f-be54-cf6999516ba1@group-655D07119256
2021-02-08 13:07:12,130 [pool-235-thread-1] INFO  metrics.RatisMetrics (RatisMetrics.java:lambda$create$0(36)) - Creating Metrics Registry : ratis.server.2b6c692d-bd16-4e2f-be54-cf6999516ba1@group-655D07119256
2021-02-08 13:07:12,131 [pool-235-thread-1] INFO  server.RaftServer$Division (RaftServerImpl.java:start(295)) - 2b6c692d-bd16-4e2f-be54-cf6999516ba1@group-655D07119256: start as a follower, conf=-1: [2534f833-6bfe-45b3-bb55-3e90c3f01f9c|rpc:172.17.0.2:41421|priority:0, 81ab00b2-2f95-4a2f-a7cf-2c0713c6a9d2|rpc:172.17.0.2:43993|priority:0, 2b6c692d-bd16-4e2f-be54-cf6999516ba1|rpc:172.17.0.2:33969|priority:1], old=null
2021-02-08 13:07:12,131 [pool-235-thread-1] INFO  server.RaftServer$Division (RaftServerImpl.java:setRole(284)) - 2b6c692d-bd16-4e2f-be54-cf6999516ba1@group-655D07119256: changes role from      null to FOLLOWER at term 0 for startAsFollower
2021-02-08 13:07:12,131 [pool-235-thread-1] INFO  impl.RoleInfo (RoleInfo.java:updateAndGet(130)) - 2b6c692d-bd16-4e2f-be54-cf6999516ba1: start 2b6c692d-bd16-4e2f-be54-cf6999516ba1@group-655D07119256-FollowerState
2021-02-08 13:07:12,131 [pool-235-thread-1] INFO  util.JmxRegister (JmxRegister.java:tryRegister(44)) - Successfully registered JMX Bean with object name Ratis:service=RaftServer,group=group-655D07119256,id=2b6c692d-bd16-4e2f-be54-cf6999516ba1
2021-02-08 13:07:12,131 [pool-235-thread-1] INFO  metrics.RatisMetrics (RatisMetrics.java:lambda$create$0(36)) - Creating Metrics Registry : ratis.state_machine.2b6c692d-bd16-4e2f-be54-cf6999516ba1@group-655D07119256
2021-02-08 13:07:12,133 [Command processor thread] INFO  metrics.RatisMetrics (RatisMetrics.java:lambda$create$0(36)) - Creating Metrics Registry : ratis.client_message_metrics.client-A55C6CFC5911->81ab00b2-2f95-4a2f-a7cf-2c0713c6a9d2
2021-02-08 13:07:12,139 [grpc-default-executor-3] INFO  server.RaftServer (RaftServerProxy.java:addNew(95)) - 81ab00b2-2f95-4a2f-a7cf-2c0713c6a9d2: addNew group-655D07119256:[2534f833-6bfe-45b3-bb55-3e90c3f01f9c|rpc:172.17.0.2:41421|dataStream:|priority:0, 81ab00b2-2f95-4a2f-a7cf-2c0713c6a9d2|rpc:172.17.0.2:43993|dataStream:|priority:0, 2b6c692d-bd16-4e2f-be54-cf6999516ba1|rpc:172.17.0.2:33969|dataStream:|priority:1] returns group-655D07119256:java.util.concurrent.CompletableFuture@14881fbd[Not completed]
2021-02-08 13:07:12,140 [pool-251-thread-1] INFO  server.RaftServer$Division (RaftServerImpl.java:<init>(180)) - 81ab00b2-2f95-4a2f-a7cf-2c0713c6a9d2: new RaftServerImpl for group-655D07119256:[2534f833-6bfe-45b3-bb55-3e90c3f01f9c|rpc:172.17.0.2:41421|dataStream:|priority:0, 81ab00b2-2f95-4a2f-a7cf-2c0713c6a9d2|rpc:172.17.0.2:43993|dataStream:|priority:0, 2b6c692d-bd16-4e2f-be54-cf6999516ba1|rpc:172.17.0.2:33969|dataStream:|priority:1] with ContainerStateMachine:uninitialized
2021-02-08 13:07:12,140 [pool-251-thread-1] INFO  server.RaftServerConfigKeys (ConfUtils.java:logGet(44)) - raft.server.rpc.timeout.min = 5s (custom)
2021-02-08 13:07:12,140 [pool-251-thread-1] INFO  server.RaftServerConfigKeys (ConfUtils.java:logGet(44)) - raft.server.rpc.timeout.max = 5200ms (custom)
2021-02-08 13:07:12,140 [pool-251-thread-1] INFO  server.RaftServerConfigKeys (ConfUtils.java:logGet(44)) - raft.server.rpc.sleep.time = 25ms (default)
2021-02-08 13:07:12,140 [pool-251-thread-1] INFO  server.RaftServerConfigKeys (ConfUtils.java:logGet(44)) - raft.server.rpc.slowness.timeout = 300000ms (custom)
2021-02-08 13:07:12,140 [pool-251-thread-1] INFO  server.RaftServerConfigKeys (ConfUtils.java:logGet(44)) - raft.server.leaderelection.leader.step-down.wait-time = 10s (default)
2021-02-08 13:07:12,140 [pool-251-thread-1] INFO  server.RaftServerConfigKeys (ConfUtils.java:logGet(44)) - raft.server.sleep.deviation.threshold = 300ms (default)
2021-02-08 13:07:12,140 [pool-251-thread-1] INFO  server.RaftServerConfigKeys (ConfUtils.java:logGet(44)) - raft.server.log.appender.install.snapshot.enabled = false (custom)
2021-02-08 13:07:12,140 [pool-251-thread-1] INFO  server.RaftServer$Division (ServerState.java:<init>(105)) - 81ab00b2-2f95-4a2f-a7cf-2c0713c6a9d2@group-655D07119256: ConfigurationManager, init=-1: [2534f833-6bfe-45b3-bb55-3e90c3f01f9c|rpc:172.17.0.2:41421|dataStream:|priority:0, 81ab00b2-2f95-4a2f-a7cf-2c0713c6a9d2|rpc:172.17.0.2:43993|dataStream:|priority:0, 2b6c692d-bd16-4e2f-be54-cf6999516ba1|rpc:172.17.0.2:33969|dataStream:|priority:1], old=null, confs=<EMPTY_MAP>
2021-02-08 13:07:12,140 [pool-251-thread-1] INFO  server.RaftServerConfigKeys (ConfUtils.java:logGet(44)) - raft.server.storage.dir = [/github/workspace/mnt/ozone/hadoop-ozone/integration-test/target/test-dir/MiniOzoneClusterImpl-489e5869-bfe0-4080-b73d-d7b53c96c8d8/datanode-4/data/ratis] (custom)
2021-02-08 13:07:12,140 [pool-251-thread-1] INFO  server.RaftServerConfigKeys (ConfUtils.java:logGet(44)) - raft.server.log.corruption.policy = EXCEPTION (default)
2021-02-08 13:07:12,140 [pool-251-thread-1] INFO  storage.RaftStorageDirectory (RaftStorageDirectoryImpl.java:analyzeStorage(132)) - The storage directory /github/workspace/mnt/ozone/hadoop-ozone/integration-test/target/test-dir/MiniOzoneClusterImpl-489e5869-bfe0-4080-b73d-d7b53c96c8d8/datanode-4/data/ratis/0d252d6c-e75d-41e6-bbb0-655d07119256 does not exist. Creating ...
2021-02-08 13:07:12,142 [pool-251-thread-1] INFO  storage.RaftStorageDirectory (RaftStorageDirectoryImpl.java:tryLock(215)) - Lock on /github/workspace/mnt/ozone/hadoop-ozone/integration-test/target/test-dir/MiniOzoneClusterImpl-489e5869-bfe0-4080-b73d-d7b53c96c8d8/datanode-4/data/ratis/0d252d6c-e75d-41e6-bbb0-655d07119256/in_use.lock acquired by nodename 30729@c20f386514e7
2021-02-08 13:07:12,143 [pool-251-thread-1] INFO  storage.RaftStorage (RaftStorageImpl.java:format(87)) - Storage directory /github/workspace/mnt/ozone/hadoop-ozone/integration-test/target/test-dir/MiniOzoneClusterImpl-489e5869-bfe0-4080-b73d-d7b53c96c8d8/datanode-4/data/ratis/0d252d6c-e75d-41e6-bbb0-655d07119256 has been successfully formatted.
2021-02-08 13:07:12,143 [pool-251-thread-1] INFO  ratis.ContainerStateMachine (ContainerStateMachine.java:loadSnapshot(223)) - group-655D07119256: The snapshot info is null. Setting the last applied indexto:(t:0, i:~)
2021-02-08 13:07:12,143 [pool-251-thread-1] ERROR storage.RaftStorage (RaftStorageImpl.java:readRaftConfiguration(147)) - Failed reading configuration from file:/github/workspace/mnt/ozone/hadoop-ozone/integration-test/target/test-dir/MiniOzoneClusterImpl-489e5869-bfe0-4080-b73d-d7b53c96c8d8/datanode-4/data/ratis/0d252d6c-e75d-41e6-bbb0-655d07119256/current/raft-meta.conf
java.io.FileNotFoundException: /github/workspace/mnt/ozone/hadoop-ozone/integration-test/target/test-dir/MiniOzoneClusterImpl-489e5869-bfe0-4080-b73d-d7b53c96c8d8/datanode-4/data/ratis/0d252d6c-e75d-41e6-bbb0-655d07119256/current/raft-meta.conf (No such file or directory)
	at java.io.FileInputStream.open0(Native Method)
	at java.io.FileInputStream.open(FileInputStream.java:195)
	at java.io.FileInputStream.<init>(FileInputStream.java:138)
	at org.apache.ratis.server.storage.RaftStorageImpl.readRaftConfiguration(RaftStorageImpl.java:143)
	at org.apache.ratis.server.impl.ServerState.<init>(ServerState.java:122)
	at org.apache.ratis.server.impl.RaftServerImpl.<init>(RaftServerImpl.java:193)
	at org.apache.ratis.server.impl.RaftServerProxy.lambda$newRaftServerImpl$4(RaftServerProxy.java:266)
	at java.util.concurrent.CompletableFuture$AsyncSupply.run(CompletableFuture.java:1604)
	at java.util.concurrent.ThreadPoolExecutor.runWorker(ThreadPoolExecutor.java:1149)
	at java.util.concurrent.ThreadPoolExecutor$Worker.run(ThreadPoolExecutor.java:624)
	at java.lang.Thread.run(Thread.java:748)
2021-02-08 13:07:12,143 [pool-251-thread-1] INFO  server.RaftServerConfigKeys (ConfUtils.java:logGet(44)) - raft.server.notification.no-leader.timeout = 300000ms (custom)
2021-02-08 13:07:12,143 [pool-251-thread-1] INFO  server.RaftServerConfigKeys (ConfUtils.java:logGet(44)) - raft.server.log.use.memory = false (default)
2021-02-08 13:07:12,143 [pool-251-thread-1] INFO  server.RaftServerConfigKeys (ConfUtils.java:logGet(44)) - raft.server.log.purge.gap = 1000000 (custom)
2021-02-08 13:07:12,143 [pool-251-thread-1] INFO  server.RaftServerConfigKeys (ConfUtils.java:logGet(44)) - raft.server.log.appender.buffer.byte-limit = 33554432 (custom)
2021-02-08 13:07:12,143 [pool-251-thread-1] INFO  metrics.RatisMetrics (RatisMetrics.java:lambda$create$0(36)) - Creating Metrics Registry : ratis.log_worker.81ab00b2-2f95-4a2f-a7cf-2c0713c6a9d2@group-655D07119256
2021-02-08 13:07:12,143 [pool-251-thread-1] INFO  server.RaftServerConfigKeys (ConfUtils.java:logGet(44)) - raft.server.log.segment.size.max = 1048576 (custom)
2021-02-08 13:07:12,144 [pool-251-thread-1] INFO  server.RaftServerConfigKeys (ConfUtils.java:logGet(44)) - raft.server.log.segment.cache.num.max = 2 (custom)
2021-02-08 13:07:12,144 [pool-251-thread-1] INFO  server.RaftServerConfigKeys (ConfUtils.java:logGet(44)) - raft.server.log.segment.cache.size.max = 200MB (=209715200) (default)
2021-02-08 13:07:12,144 [pool-251-thread-1] INFO  segmented.SegmentedRaftLogWorker (SegmentedRaftLogWorker.java:<init>(181)) - new 81ab00b2-2f95-4a2f-a7cf-2c0713c6a9d2@group-655D07119256-SegmentedRaftLogWorker for RaftStorageImpl:Storage Directory /github/workspace/mnt/ozone/hadoop-ozone/integration-test/target/test-dir/MiniOzoneClusterImpl-489e5869-bfe0-4080-b73d-d7b53c96c8d8/datanode-4/data/ratis/0d252d6c-e75d-41e6-bbb0-655d07119256
2021-02-08 13:07:12,144 [pool-251-thread-1] INFO  server.RaftServerConfigKeys (ConfUtils.java:logGet(44)) - raft.server.log.queue.byte-limit = 2147483647 (custom)
2021-02-08 13:07:12,144 [pool-251-thread-1] INFO  server.RaftServerConfigKeys (ConfUtils.java:logGet(44)) - raft.server.log.queue.element-limit = 1024 (custom)
2021-02-08 13:07:12,144 [pool-251-thread-1] INFO  server.RaftServerConfigKeys (ConfUtils.java:logGet(44)) - raft.server.log.segment.size.max = 1048576 (custom)
2021-02-08 13:07:12,144 [pool-251-thread-1] INFO  server.RaftServerConfigKeys (ConfUtils.java:logGet(44)) - raft.server.log.preallocated.size = 16384 (custom)
2021-02-08 13:07:12,144 [pool-251-thread-1] INFO  server.RaftServerConfigKeys (ConfUtils.java:logGet(44)) - raft.server.log.force.sync.num = 128 (default)
2021-02-08 13:07:12,144 [pool-251-thread-1] INFO  server.RaftServerConfigKeys (ConfUtils.java:logGet(44)) - raft.server.log.statemachine.data.sync = true (default)
2021-02-08 13:07:12,144 [pool-251-thread-1] INFO  server.RaftServerConfigKeys (ConfUtils.java:logGet(44)) - raft.server.log.statemachine.data.sync.timeout = 10s (default)
2021-02-08 13:07:12,144 [pool-251-thread-1] INFO  server.RaftServerConfigKeys (ConfUtils.java:logGet(44)) - raft.server.log.statemachine.data.sync.timeout.retry = -1 (default)
2021-02-08 13:07:12,146 [EventQueue-PipelineReportForOneReplicaPipelineSafeModeRule] INFO  safemode.SCMSafeModeManager (SCMSafeModeManager.java:validateSafeModeExitRules(214)) - AtleastOneDatanodeReportedRule rule is successfully validated
2021-02-08 13:07:12,148 [pool-251-thread-1] INFO  server.RaftServerConfigKeys (ConfUtils.java:logGet(44)) - raft.server.log.write.buffer.size = 1048576 (custom)
2021-02-08 13:07:12,149 [pool-251-thread-1] INFO  server.RaftServerConfigKeys (ConfUtils.java:logGet(44)) - raft.server.log.statemachine.data.caching.enabled = true (custom)
2021-02-08 13:07:12,149 [pool-251-thread-1] INFO  segmented.SegmentedRaftLogWorker (SegmentedRaftLogWorker.java:lambda$new$0(132)) - 81ab00b2-2f95-4a2f-a7cf-2c0713c6a9d2@group-655D07119256-SegmentedRaftLogWorker: flushIndex: setUnconditionally 0 -> -1
2021-02-08 13:07:12,149 [pool-251-thread-1] INFO  segmented.SegmentedRaftLogWorker (SegmentedRaftLogWorker.java:lambda$new$0(132)) - 81ab00b2-2f95-4a2f-a7cf-2c0713c6a9d2@group-655D07119256-SegmentedRaftLogWorker: safeCacheEvictIndex: setUnconditionally 0 -> -1
2021-02-08 13:07:12,149 [pool-251-thread-1] INFO  server.RaftServerConfigKeys (ConfUtils.java:logGet(44)) - raft.server.snapshot.auto.trigger.enabled = true (custom)
2021-02-08 13:07:12,149 [pool-251-thread-1] INFO  server.RaftServerConfigKeys (ConfUtils.java:logGet(44)) - raft.server.snapshot.auto.trigger.threshold = 10000 (custom)
2021-02-08 13:07:12,149 [pool-251-thread-1] INFO  server.RaftServerConfigKeys (ConfUtils.java:logGet(44)) - raft.server.snapshot.retention.file.num = 5 (custom)
2021-02-08 13:07:12,149 [pool-251-thread-1] INFO  server.RaftServerConfigKeys (ConfUtils.java:logGet(44)) - raft.server.log.purge.upto.snapshot.index = false (default)
2021-02-08 13:07:12,150 [pool-251-thread-1] INFO  server.RaftServerConfigKeys (ConfUtils.java:logGet(44)) - raft.server.retrycache.expirytime = 600000ms (custom)
2021-02-08 13:07:12,150 [pool-251-thread-1] INFO  server.RaftServerConfigKeys (ConfUtils.java:logGet(44)) - raft.server.retrycache.statistics.expirytime = 100?s (default)
2021-02-08 13:07:12,150 [pool-251-thread-1] INFO  metrics.RatisMetrics (RatisMetrics.java:lambda$create$0(36)) - Creating Metrics Registry : ratis.leader_election.81ab00b2-2f95-4a2f-a7cf-2c0713c6a9d2@group-655D07119256
2021-02-08 13:07:12,150 [pool-251-thread-1] INFO  metrics.RatisMetrics (RatisMetrics.java:lambda$create$0(36)) - Creating Metrics Registry : ratis.server.81ab00b2-2f95-4a2f-a7cf-2c0713c6a9d2@group-655D07119256
2021-02-08 13:07:12,151 [pool-251-thread-1] INFO  server.RaftServer$Division (RaftServerImpl.java:start(295)) - 81ab00b2-2f95-4a2f-a7cf-2c0713c6a9d2@group-655D07119256: start as a follower, conf=-1: [2534f833-6bfe-45b3-bb55-3e90c3f01f9c|rpc:172.17.0.2:41421|dataStream:|priority:0, 81ab00b2-2f95-4a2f-a7cf-2c0713c6a9d2|rpc:172.17.0.2:43993|dataStream:|priority:0, 2b6c692d-bd16-4e2f-be54-cf6999516ba1|rpc:172.17.0.2:33969|dataStream:|priority:1], old=null
2021-02-08 13:07:12,151 [pool-251-thread-1] INFO  server.RaftServer$Division (RaftServerImpl.java:setRole(284)) - 81ab00b2-2f95-4a2f-a7cf-2c0713c6a9d2@group-655D07119256: changes role from      null to FOLLOWER at term 0 for startAsFollower
2021-02-08 13:07:12,151 [pool-251-thread-1] INFO  impl.RoleInfo (RoleInfo.java:updateAndGet(130)) - 81ab00b2-2f95-4a2f-a7cf-2c0713c6a9d2: start 81ab00b2-2f95-4a2f-a7cf-2c0713c6a9d2@group-655D07119256-FollowerState
2021-02-08 13:07:12,151 [pool-251-thread-1] INFO  util.JmxRegister (JmxRegister.java:tryRegister(44)) - Successfully registered JMX Bean with object name Ratis:service=RaftServer,group=group-655D07119256,id=81ab00b2-2f95-4a2f-a7cf-2c0713c6a9d2
2021-02-08 13:07:12,151 [pool-251-thread-1] INFO  metrics.RatisMetrics (RatisMetrics.java:lambda$create$0(36)) - Creating Metrics Registry : ratis.state_machine.81ab00b2-2f95-4a2f-a7cf-2c0713c6a9d2@group-655D07119256
2021-02-08 13:07:12,160 [Command processor thread] INFO  metrics.RatisMetrics (RatisMetrics.java:lambda$create$0(36)) - Creating Metrics Registry : ratis.client_message_metrics.client-AF86751227FF->2534f833-6bfe-45b3-bb55-3e90c3f01f9c
2021-02-08 13:07:12,167 [grpc-default-executor-3] INFO  server.RaftServer (RaftServerProxy.java:addNew(95)) - 2534f833-6bfe-45b3-bb55-3e90c3f01f9c: addNew group-655D07119256:[2534f833-6bfe-45b3-bb55-3e90c3f01f9c|rpc:172.17.0.2:41421|dataStream:|priority:0, 81ab00b2-2f95-4a2f-a7cf-2c0713c6a9d2|rpc:172.17.0.2:43993|dataStream:|priority:0, 2b6c692d-bd16-4e2f-be54-cf6999516ba1|rpc:172.17.0.2:33969|dataStream:|priority:1] returns group-655D07119256:java.util.concurrent.CompletableFuture@3eb84c06[Not completed]
2021-02-08 13:07:12,168 [pool-267-thread-1] INFO  server.RaftServer$Division (RaftServerImpl.java:<init>(180)) - 2534f833-6bfe-45b3-bb55-3e90c3f01f9c: new RaftServerImpl for group-655D07119256:[2534f833-6bfe-45b3-bb55-3e90c3f01f9c|rpc:172.17.0.2:41421|dataStream:|priority:0, 81ab00b2-2f95-4a2f-a7cf-2c0713c6a9d2|rpc:172.17.0.2:43993|dataStream:|priority:0, 2b6c692d-bd16-4e2f-be54-cf6999516ba1|rpc:172.17.0.2:33969|dataStream:|priority:1] with ContainerStateMachine:uninitialized
2021-02-08 13:07:12,168 [pool-267-thread-1] INFO  server.RaftServerConfigKeys (ConfUtils.java:logGet(44)) - raft.server.rpc.timeout.min = 5s (custom)
2021-02-08 13:07:12,168 [pool-267-thread-1] INFO  server.RaftServerConfigKeys (ConfUtils.java:logGet(44)) - raft.server.rpc.timeout.max = 5200ms (custom)
2021-02-08 13:07:12,168 [pool-267-thread-1] INFO  server.RaftServerConfigKeys (ConfUtils.java:logGet(44)) - raft.server.rpc.sleep.time = 25ms (default)
2021-02-08 13:07:12,168 [pool-267-thread-1] INFO  server.RaftServerConfigKeys (ConfUtils.java:logGet(44)) - raft.server.rpc.slowness.timeout = 300000ms (custom)
2021-02-08 13:07:12,168 [pool-267-thread-1] INFO  server.RaftServerConfigKeys (ConfUtils.java:logGet(44)) - raft.server.leaderelection.leader.step-down.wait-time = 10s (default)
2021-02-08 13:07:12,168 [pool-267-thread-1] INFO  server.RaftServerConfigKeys (ConfUtils.java:logGet(44)) - raft.server.sleep.deviation.threshold = 300ms (default)
2021-02-08 13:07:12,168 [pool-267-thread-1] INFO  server.RaftServerConfigKeys (ConfUtils.java:logGet(44)) - raft.server.log.appender.install.snapshot.enabled = false (custom)
2021-02-08 13:07:12,168 [pool-267-thread-1] INFO  server.RaftServer$Division (ServerState.java:<init>(105)) - 2534f833-6bfe-45b3-bb55-3e90c3f01f9c@group-655D07119256: ConfigurationManager, init=-1: [2534f833-6bfe-45b3-bb55-3e90c3f01f9c|rpc:172.17.0.2:41421|dataStream:|priority:0, 81ab00b2-2f95-4a2f-a7cf-2c0713c6a9d2|rpc:172.17.0.2:43993|dataStream:|priority:0, 2b6c692d-bd16-4e2f-be54-cf6999516ba1|rpc:172.17.0.2:33969|dataStream:|priority:1], old=null, confs=<EMPTY_MAP>
2021-02-08 13:07:12,169 [pool-267-thread-1] INFO  server.RaftServerConfigKeys (ConfUtils.java:logGet(44)) - raft.server.storage.dir = [/github/workspace/mnt/ozone/hadoop-ozone/integration-test/target/test-dir/MiniOzoneClusterImpl-489e5869-bfe0-4080-b73d-d7b53c96c8d8/datanode-5/data/ratis] (custom)
2021-02-08 13:07:12,169 [pool-267-thread-1] INFO  server.RaftServerConfigKeys (ConfUtils.java:logGet(44)) - raft.server.log.corruption.policy = EXCEPTION (default)
2021-02-08 13:07:12,169 [pool-267-thread-1] INFO  storage.RaftStorageDirectory (RaftStorageDirectoryImpl.java:analyzeStorage(132)) - The storage directory /github/workspace/mnt/ozone/hadoop-ozone/integration-test/target/test-dir/MiniOzoneClusterImpl-489e5869-bfe0-4080-b73d-d7b53c96c8d8/datanode-5/data/ratis/0d252d6c-e75d-41e6-bbb0-655d07119256 does not exist. Creating ...
2021-02-08 13:07:12,170 [pool-267-thread-1] INFO  storage.RaftStorageDirectory (RaftStorageDirectoryImpl.java:tryLock(215)) - Lock on /github/workspace/mnt/ozone/hadoop-ozone/integration-test/target/test-dir/MiniOzoneClusterImpl-489e5869-bfe0-4080-b73d-d7b53c96c8d8/datanode-5/data/ratis/0d252d6c-e75d-41e6-bbb0-655d07119256/in_use.lock acquired by nodename 30729@c20f386514e7
2021-02-08 13:07:12,171 [pool-267-thread-1] INFO  storage.RaftStorage (RaftStorageImpl.java:format(87)) - Storage directory /github/workspace/mnt/ozone/hadoop-ozone/integration-test/target/test-dir/MiniOzoneClusterImpl-489e5869-bfe0-4080-b73d-d7b53c96c8d8/datanode-5/data/ratis/0d252d6c-e75d-41e6-bbb0-655d07119256 has been successfully formatted.
2021-02-08 13:07:12,171 [pool-267-thread-1] INFO  ratis.ContainerStateMachine (ContainerStateMachine.java:loadSnapshot(223)) - group-655D07119256: The snapshot info is null. Setting the last applied indexto:(t:0, i:~)
2021-02-08 13:07:12,171 [pool-267-thread-1] ERROR storage.RaftStorage (RaftStorageImpl.java:readRaftConfiguration(147)) - Failed reading configuration from file:/github/workspace/mnt/ozone/hadoop-ozone/integration-test/target/test-dir/MiniOzoneClusterImpl-489e5869-bfe0-4080-b73d-d7b53c96c8d8/datanode-5/data/ratis/0d252d6c-e75d-41e6-bbb0-655d07119256/current/raft-meta.conf
java.io.FileNotFoundException: /github/workspace/mnt/ozone/hadoop-ozone/integration-test/target/test-dir/MiniOzoneClusterImpl-489e5869-bfe0-4080-b73d-d7b53c96c8d8/datanode-5/data/ratis/0d252d6c-e75d-41e6-bbb0-655d07119256/current/raft-meta.conf (No such file or directory)
	at java.io.FileInputStream.open0(Native Method)
	at java.io.FileInputStream.open(FileInputStream.java:195)
	at java.io.FileInputStream.<init>(FileInputStream.java:138)
	at org.apache.ratis.server.storage.RaftStorageImpl.readRaftConfiguration(RaftStorageImpl.java:143)
	at org.apache.ratis.server.impl.ServerState.<init>(ServerState.java:122)
	at org.apache.ratis.server.impl.RaftServerImpl.<init>(RaftServerImpl.java:193)
	at org.apache.ratis.server.impl.RaftServerProxy.lambda$newRaftServerImpl$4(RaftServerProxy.java:266)
	at java.util.concurrent.CompletableFuture$AsyncSupply.run(CompletableFuture.java:1604)
	at java.util.concurrent.ThreadPoolExecutor.runWorker(ThreadPoolExecutor.java:1149)
	at java.util.concurrent.ThreadPoolExecutor$Worker.run(ThreadPoolExecutor.java:624)
	at java.lang.Thread.run(Thread.java:748)
2021-02-08 13:07:12,172 [pool-267-thread-1] INFO  server.RaftServerConfigKeys (ConfUtils.java:logGet(44)) - raft.server.notification.no-leader.timeout = 300000ms (custom)
2021-02-08 13:07:12,172 [EventQueue-PipelineReportForOneReplicaPipelineSafeModeRule] INFO  safemode.SCMSafeModeManager (SCMSafeModeManager.java:validateSafeModeExitRules(214)) - AtleastOneDatanodeReportedRule rule is successfully validated
2021-02-08 13:07:12,172 [pool-267-thread-1] INFO  server.RaftServerConfigKeys (ConfUtils.java:logGet(44)) - raft.server.log.use.memory = false (default)
2021-02-08 13:07:12,172 [pool-267-thread-1] INFO  server.RaftServerConfigKeys (ConfUtils.java:logGet(44)) - raft.server.log.purge.gap = 1000000 (custom)
2021-02-08 13:07:12,172 [pool-267-thread-1] INFO  server.RaftServerConfigKeys (ConfUtils.java:logGet(44)) - raft.server.log.appender.buffer.byte-limit = 33554432 (custom)
2021-02-08 13:07:12,172 [pool-267-thread-1] INFO  metrics.RatisMetrics (RatisMetrics.java:lambda$create$0(36)) - Creating Metrics Registry : ratis.log_worker.2534f833-6bfe-45b3-bb55-3e90c3f01f9c@group-655D07119256
2021-02-08 13:07:12,172 [pool-267-thread-1] INFO  server.RaftServerConfigKeys (ConfUtils.java:logGet(44)) - raft.server.log.segment.size.max = 1048576 (custom)
2021-02-08 13:07:12,173 [pool-267-thread-1] INFO  server.RaftServerConfigKeys (ConfUtils.java:logGet(44)) - raft.server.log.segment.cache.num.max = 2 (custom)
2021-02-08 13:07:12,173 [pool-267-thread-1] INFO  server.RaftServerConfigKeys (ConfUtils.java:logGet(44)) - raft.server.log.segment.cache.size.max = 200MB (=209715200) (default)
2021-02-08 13:07:12,173 [pool-267-thread-1] INFO  segmented.SegmentedRaftLogWorker (SegmentedRaftLogWorker.java:<init>(181)) - new 2534f833-6bfe-45b3-bb55-3e90c3f01f9c@group-655D07119256-SegmentedRaftLogWorker for RaftStorageImpl:Storage Directory /github/workspace/mnt/ozone/hadoop-ozone/integration-test/target/test-dir/MiniOzoneClusterImpl-489e5869-bfe0-4080-b73d-d7b53c96c8d8/datanode-5/data/ratis/0d252d6c-e75d-41e6-bbb0-655d07119256
2021-02-08 13:07:12,173 [pool-267-thread-1] INFO  server.RaftServerConfigKeys (ConfUtils.java:logGet(44)) - raft.server.log.queue.byte-limit = 2147483647 (custom)
2021-02-08 13:07:12,173 [pool-267-thread-1] INFO  server.RaftServerConfigKeys (ConfUtils.java:logGet(44)) - raft.server.log.queue.element-limit = 1024 (custom)
2021-02-08 13:07:12,173 [pool-267-thread-1] INFO  server.RaftServerConfigKeys (ConfUtils.java:logGet(44)) - raft.server.log.segment.size.max = 1048576 (custom)
2021-02-08 13:07:12,173 [pool-267-thread-1] INFO  server.RaftServerConfigKeys (ConfUtils.java:logGet(44)) - raft.server.log.preallocated.size = 16384 (custom)
2021-02-08 13:07:12,173 [pool-267-thread-1] INFO  server.RaftServerConfigKeys (ConfUtils.java:logGet(44)) - raft.server.log.force.sync.num = 128 (default)
2021-02-08 13:07:12,173 [pool-267-thread-1] INFO  server.RaftServerConfigKeys (ConfUtils.java:logGet(44)) - raft.server.log.statemachine.data.sync = true (default)
2021-02-08 13:07:12,173 [pool-267-thread-1] INFO  server.RaftServerConfigKeys (ConfUtils.java:logGet(44)) - raft.server.log.statemachine.data.sync.timeout = 10s (default)
2021-02-08 13:07:12,173 [pool-267-thread-1] INFO  server.RaftServerConfigKeys (ConfUtils.java:logGet(44)) - raft.server.log.statemachine.data.sync.timeout.retry = -1 (default)
2021-02-08 13:07:12,174 [pool-267-thread-1] INFO  server.RaftServerConfigKeys (ConfUtils.java:logGet(44)) - raft.server.log.write.buffer.size = 1048576 (custom)
2021-02-08 13:07:12,174 [pool-267-thread-1] INFO  server.RaftServerConfigKeys (ConfUtils.java:logGet(44)) - raft.server.log.statemachine.data.caching.enabled = true (custom)
2021-02-08 13:07:12,174 [pool-267-thread-1] INFO  segmented.SegmentedRaftLogWorker (SegmentedRaftLogWorker.java:lambda$new$0(132)) - 2534f833-6bfe-45b3-bb55-3e90c3f01f9c@group-655D07119256-SegmentedRaftLogWorker: flushIndex: setUnconditionally 0 -> -1
2021-02-08 13:07:12,174 [pool-267-thread-1] INFO  segmented.SegmentedRaftLogWorker (SegmentedRaftLogWorker.java:lambda$new$0(132)) - 2534f833-6bfe-45b3-bb55-3e90c3f01f9c@group-655D07119256-SegmentedRaftLogWorker: safeCacheEvictIndex: setUnconditionally 0 -> -1
2021-02-08 13:07:12,175 [pool-267-thread-1] INFO  server.RaftServerConfigKeys (ConfUtils.java:logGet(44)) - raft.server.snapshot.auto.trigger.enabled = true (custom)
2021-02-08 13:07:12,175 [pool-267-thread-1] INFO  server.RaftServerConfigKeys (ConfUtils.java:logGet(44)) - raft.server.snapshot.auto.trigger.threshold = 10000 (custom)
2021-02-08 13:07:12,175 [pool-267-thread-1] INFO  server.RaftServerConfigKeys (ConfUtils.java:logGet(44)) - raft.server.snapshot.retention.file.num = 5 (custom)
2021-02-08 13:07:12,175 [pool-267-thread-1] INFO  server.RaftServerConfigKeys (ConfUtils.java:logGet(44)) - raft.server.log.purge.upto.snapshot.index = false (default)
2021-02-08 13:07:12,175 [pool-267-thread-1] INFO  server.RaftServerConfigKeys (ConfUtils.java:logGet(44)) - raft.server.retrycache.expirytime = 600000ms (custom)
2021-02-08 13:07:12,175 [pool-267-thread-1] INFO  server.RaftServerConfigKeys (ConfUtils.java:logGet(44)) - raft.server.retrycache.statistics.expirytime = 100?s (default)
2021-02-08 13:07:12,175 [pool-267-thread-1] INFO  metrics.RatisMetrics (RatisMetrics.java:lambda$create$0(36)) - Creating Metrics Registry : ratis.leader_election.2534f833-6bfe-45b3-bb55-3e90c3f01f9c@group-655D07119256
2021-02-08 13:07:12,175 [pool-267-thread-1] INFO  metrics.RatisMetrics (RatisMetrics.java:lambda$create$0(36)) - Creating Metrics Registry : ratis.server.2534f833-6bfe-45b3-bb55-3e90c3f01f9c@group-655D07119256
2021-02-08 13:07:12,176 [pool-267-thread-1] INFO  server.RaftServer$Division (RaftServerImpl.java:start(295)) - 2534f833-6bfe-45b3-bb55-3e90c3f01f9c@group-655D07119256: start as a follower, conf=-1: [2534f833-6bfe-45b3-bb55-3e90c3f01f9c|rpc:172.17.0.2:41421|dataStream:|priority:0, 81ab00b2-2f95-4a2f-a7cf-2c0713c6a9d2|rpc:172.17.0.2:43993|dataStream:|priority:0, 2b6c692d-bd16-4e2f-be54-cf6999516ba1|rpc:172.17.0.2:33969|dataStream:|priority:1], old=null
2021-02-08 13:07:12,176 [pool-267-thread-1] INFO  server.RaftServer$Division (RaftServerImpl.java:setRole(284)) - 2534f833-6bfe-45b3-bb55-3e90c3f01f9c@group-655D07119256: changes role from      null to FOLLOWER at term 0 for startAsFollower
2021-02-08 13:07:12,176 [pool-267-thread-1] INFO  impl.RoleInfo (RoleInfo.java:updateAndGet(130)) - 2534f833-6bfe-45b3-bb55-3e90c3f01f9c: start 2534f833-6bfe-45b3-bb55-3e90c3f01f9c@group-655D07119256-FollowerState
2021-02-08 13:07:12,176 [pool-267-thread-1] INFO  util.JmxRegister (JmxRegister.java:tryRegister(44)) - Successfully registered JMX Bean with object name Ratis:service=RaftServer,group=group-655D07119256,id=2534f833-6bfe-45b3-bb55-3e90c3f01f9c
2021-02-08 13:07:12,176 [pool-267-thread-1] INFO  metrics.RatisMetrics (RatisMetrics.java:lambda$create$0(36)) - Creating Metrics Registry : ratis.state_machine.2534f833-6bfe-45b3-bb55-3e90c3f01f9c@group-655D07119256
2021-02-08 13:07:12,187 [Command processor thread] INFO  commandhandler.CreatePipelineCommandHandler (CreatePipelineCommandHandler.java:handle(106)) - Created Pipeline RATIS THREE PipelineID=0d252d6c-e75d-41e6-bbb0-655d07119256.
2021-02-08 13:07:12,222 [Command processor thread] INFO  server.RaftServer (RaftServerProxy.java:addNew(95)) - 81ab00b2-2f95-4a2f-a7cf-2c0713c6a9d2: addNew group-4CAAE4725CBC:[81ab00b2-2f95-4a2f-a7cf-2c0713c6a9d2|rpc:172.17.0.2:43993|priority:1] returns group-4CAAE4725CBC:java.util.concurrent.CompletableFuture@3ada7f98[Not completed]
2021-02-08 13:07:12,222 [pool-251-thread-1] INFO  server.RaftServer$Division (RaftServerImpl.java:<init>(180)) - 81ab00b2-2f95-4a2f-a7cf-2c0713c6a9d2: new RaftServerImpl for group-4CAAE4725CBC:[81ab00b2-2f95-4a2f-a7cf-2c0713c6a9d2|rpc:172.17.0.2:43993|priority:1] with ContainerStateMachine:uninitialized
2021-02-08 13:07:12,222 [pool-251-thread-1] INFO  server.RaftServerConfigKeys (ConfUtils.java:logGet(44)) - raft.server.rpc.timeout.min = 5s (custom)
2021-02-08 13:07:12,222 [pool-251-thread-1] INFO  server.RaftServerConfigKeys (ConfUtils.java:logGet(44)) - raft.server.rpc.timeout.max = 5200ms (custom)
2021-02-08 13:07:12,222 [pool-251-thread-1] INFO  server.RaftServerConfigKeys (ConfUtils.java:logGet(44)) - raft.server.rpc.sleep.time = 25ms (default)
2021-02-08 13:07:12,222 [pool-251-thread-1] INFO  server.RaftServerConfigKeys (ConfUtils.java:logGet(44)) - raft.server.rpc.slowness.timeout = 300000ms (custom)
2021-02-08 13:07:12,222 [pool-251-thread-1] INFO  server.RaftServerConfigKeys (ConfUtils.java:logGet(44)) - raft.server.leaderelection.leader.step-down.wait-time = 10s (default)
2021-02-08 13:07:12,222 [pool-251-thread-1] INFO  server.RaftServerConfigKeys (ConfUtils.java:logGet(44)) - raft.server.sleep.deviation.threshold = 300ms (default)
2021-02-08 13:07:12,223 [pool-251-thread-1] INFO  server.RaftServerConfigKeys (ConfUtils.java:logGet(44)) - raft.server.log.appender.install.snapshot.enabled = false (custom)
2021-02-08 13:07:12,223 [pool-251-thread-1] INFO  server.RaftServer$Division (ServerState.java:<init>(105)) - 81ab00b2-2f95-4a2f-a7cf-2c0713c6a9d2@group-4CAAE4725CBC: ConfigurationManager, init=-1: [81ab00b2-2f95-4a2f-a7cf-2c0713c6a9d2|rpc:172.17.0.2:43993|priority:1], old=null, confs=<EMPTY_MAP>
2021-02-08 13:07:12,223 [pool-251-thread-1] INFO  server.RaftServerConfigKeys (ConfUtils.java:logGet(44)) - raft.server.storage.dir = [/github/workspace/mnt/ozone/hadoop-ozone/integration-test/target/test-dir/MiniOzoneClusterImpl-489e5869-bfe0-4080-b73d-d7b53c96c8d8/datanode-4/data/ratis] (custom)
2021-02-08 13:07:12,223 [pool-251-thread-1] INFO  server.RaftServerConfigKeys (ConfUtils.java:logGet(44)) - raft.server.log.corruption.policy = EXCEPTION (default)
2021-02-08 13:07:12,223 [pool-251-thread-1] INFO  storage.RaftStorageDirectory (RaftStorageDirectoryImpl.java:analyzeStorage(132)) - The storage directory /github/workspace/mnt/ozone/hadoop-ozone/integration-test/target/test-dir/MiniOzoneClusterImpl-489e5869-bfe0-4080-b73d-d7b53c96c8d8/datanode-4/data/ratis/d5abc75a-9b88-4f3d-b224-4caae4725cbc does not exist. Creating ...
2021-02-08 13:07:12,224 [pool-251-thread-1] INFO  storage.RaftStorageDirectory (RaftStorageDirectoryImpl.java:tryLock(215)) - Lock on /github/workspace/mnt/ozone/hadoop-ozone/integration-test/target/test-dir/MiniOzoneClusterImpl-489e5869-bfe0-4080-b73d-d7b53c96c8d8/datanode-4/data/ratis/d5abc75a-9b88-4f3d-b224-4caae4725cbc/in_use.lock acquired by nodename 30729@c20f386514e7
2021-02-08 13:07:12,226 [pool-251-thread-1] INFO  storage.RaftStorage (RaftStorageImpl.java:format(87)) - Storage directory /github/workspace/mnt/ozone/hadoop-ozone/integration-test/target/test-dir/MiniOzoneClusterImpl-489e5869-bfe0-4080-b73d-d7b53c96c8d8/datanode-4/data/ratis/d5abc75a-9b88-4f3d-b224-4caae4725cbc has been successfully formatted.
2021-02-08 13:07:12,227 [pool-251-thread-1] INFO  ratis.ContainerStateMachine (ContainerStateMachine.java:loadSnapshot(223)) - group-4CAAE4725CBC: The snapshot info is null. Setting the last applied indexto:(t:0, i:~)
2021-02-08 13:07:12,227 [pool-251-thread-1] ERROR storage.RaftStorage (RaftStorageImpl.java:readRaftConfiguration(147)) - Failed reading configuration from file:/github/workspace/mnt/ozone/hadoop-ozone/integration-test/target/test-dir/MiniOzoneClusterImpl-489e5869-bfe0-4080-b73d-d7b53c96c8d8/datanode-4/data/ratis/d5abc75a-9b88-4f3d-b224-4caae4725cbc/current/raft-meta.conf
java.io.FileNotFoundException: /github/workspace/mnt/ozone/hadoop-ozone/integration-test/target/test-dir/MiniOzoneClusterImpl-489e5869-bfe0-4080-b73d-d7b53c96c8d8/datanode-4/data/ratis/d5abc75a-9b88-4f3d-b224-4caae4725cbc/current/raft-meta.conf (No such file or directory)
	at java.io.FileInputStream.open0(Native Method)
	at java.io.FileInputStream.open(FileInputStream.java:195)
	at java.io.FileInputStream.<init>(FileInputStream.java:138)
	at org.apache.ratis.server.storage.RaftStorageImpl.readRaftConfiguration(RaftStorageImpl.java:143)
	at org.apache.ratis.server.impl.ServerState.<init>(ServerState.java:122)
	at org.apache.ratis.server.impl.RaftServerImpl.<init>(RaftServerImpl.java:193)
	at org.apache.ratis.server.impl.RaftServerProxy.lambda$newRaftServerImpl$4(RaftServerProxy.java:266)
	at java.util.concurrent.CompletableFuture$AsyncSupply.run(CompletableFuture.java:1604)
	at java.util.concurrent.ThreadPoolExecutor.runWorker(ThreadPoolExecutor.java:1149)
	at java.util.concurrent.ThreadPoolExecutor$Worker.run(ThreadPoolExecutor.java:624)
	at java.lang.Thread.run(Thread.java:748)
2021-02-08 13:07:12,227 [pool-251-thread-1] INFO  server.RaftServerConfigKeys (ConfUtils.java:logGet(44)) - raft.server.notification.no-leader.timeout = 300000ms (custom)
2021-02-08 13:07:12,227 [pool-251-thread-1] INFO  server.RaftServerConfigKeys (ConfUtils.java:logGet(44)) - raft.server.log.use.memory = false (default)
2021-02-08 13:07:12,227 [pool-251-thread-1] INFO  server.RaftServerConfigKeys (ConfUtils.java:logGet(44)) - raft.server.log.purge.gap = 1000000 (custom)
2021-02-08 13:07:12,227 [pool-251-thread-1] INFO  server.RaftServerConfigKeys (ConfUtils.java:logGet(44)) - raft.server.log.appender.buffer.byte-limit = 33554432 (custom)
2021-02-08 13:07:12,227 [pool-251-thread-1] INFO  metrics.RatisMetrics (RatisMetrics.java:lambda$create$0(36)) - Creating Metrics Registry : ratis.log_worker.81ab00b2-2f95-4a2f-a7cf-2c0713c6a9d2@group-4CAAE4725CBC
2021-02-08 13:07:12,227 [pool-251-thread-1] INFO  server.RaftServerConfigKeys (ConfUtils.java:logGet(44)) - raft.server.log.segment.size.max = 1048576 (custom)
2021-02-08 13:07:12,228 [pool-251-thread-1] INFO  server.RaftServerConfigKeys (ConfUtils.java:logGet(44)) - raft.server.log.segment.cache.num.max = 2 (custom)
2021-02-08 13:07:12,228 [pool-251-thread-1] INFO  server.RaftServerConfigKeys (ConfUtils.java:logGet(44)) - raft.server.log.segment.cache.size.max = 200MB (=209715200) (default)
2021-02-08 13:07:12,228 [pool-251-thread-1] INFO  segmented.SegmentedRaftLogWorker (SegmentedRaftLogWorker.java:<init>(181)) - new 81ab00b2-2f95-4a2f-a7cf-2c0713c6a9d2@group-4CAAE4725CBC-SegmentedRaftLogWorker for RaftStorageImpl:Storage Directory /github/workspace/mnt/ozone/hadoop-ozone/integration-test/target/test-dir/MiniOzoneClusterImpl-489e5869-bfe0-4080-b73d-d7b53c96c8d8/datanode-4/data/ratis/d5abc75a-9b88-4f3d-b224-4caae4725cbc
2021-02-08 13:07:12,228 [pool-251-thread-1] INFO  server.RaftServerConfigKeys (ConfUtils.java:logGet(44)) - raft.server.log.queue.byte-limit = 2147483647 (custom)
2021-02-08 13:07:12,228 [pool-251-thread-1] INFO  server.RaftServerConfigKeys (ConfUtils.java:logGet(44)) - raft.server.log.queue.element-limit = 1024 (custom)
2021-02-08 13:07:12,228 [pool-251-thread-1] INFO  server.RaftServerConfigKeys (ConfUtils.java:logGet(44)) - raft.server.log.segment.size.max = 1048576 (custom)
2021-02-08 13:07:12,228 [pool-251-thread-1] INFO  server.RaftServerConfigKeys (ConfUtils.java:logGet(44)) - raft.server.log.preallocated.size = 16384 (custom)
2021-02-08 13:07:12,228 [pool-251-thread-1] INFO  server.RaftServerConfigKeys (ConfUtils.java:logGet(44)) - raft.server.log.force.sync.num = 128 (default)
2021-02-08 13:07:12,228 [pool-251-thread-1] INFO  server.RaftServerConfigKeys (ConfUtils.java:logGet(44)) - raft.server.log.statemachine.data.sync = true (default)
2021-02-08 13:07:12,228 [pool-251-thread-1] INFO  server.RaftServerConfigKeys (ConfUtils.java:logGet(44)) - raft.server.log.statemachine.data.sync.timeout = 10s (default)
2021-02-08 13:07:12,228 [pool-251-thread-1] INFO  server.RaftServerConfigKeys (ConfUtils.java:logGet(44)) - raft.server.log.statemachine.data.sync.timeout.retry = -1 (default)
2021-02-08 13:07:12,229 [pool-251-thread-1] INFO  server.RaftServerConfigKeys (ConfUtils.java:logGet(44)) - raft.server.log.write.buffer.size = 1048576 (custom)
2021-02-08 13:07:12,230 [pool-251-thread-1] INFO  server.RaftServerConfigKeys (ConfUtils.java:logGet(44)) - raft.server.log.statemachine.data.caching.enabled = true (custom)
2021-02-08 13:07:12,230 [pool-251-thread-1] INFO  segmented.SegmentedRaftLogWorker (SegmentedRaftLogWorker.java:lambda$new$0(132)) - 81ab00b2-2f95-4a2f-a7cf-2c0713c6a9d2@group-4CAAE4725CBC-SegmentedRaftLogWorker: flushIndex: setUnconditionally 0 -> -1
2021-02-08 13:07:12,230 [pool-251-thread-1] INFO  segmented.SegmentedRaftLogWorker (SegmentedRaftLogWorker.java:lambda$new$0(132)) - 81ab00b2-2f95-4a2f-a7cf-2c0713c6a9d2@group-4CAAE4725CBC-SegmentedRaftLogWorker: safeCacheEvictIndex: setUnconditionally 0 -> -1
2021-02-08 13:07:12,230 [pool-251-thread-1] INFO  server.RaftServerConfigKeys (ConfUtils.java:logGet(44)) - raft.server.snapshot.auto.trigger.enabled = true (custom)
2021-02-08 13:07:12,230 [pool-251-thread-1] INFO  server.RaftServerConfigKeys (ConfUtils.java:logGet(44)) - raft.server.snapshot.auto.trigger.threshold = 10000 (custom)
2021-02-08 13:07:12,230 [pool-251-thread-1] INFO  server.RaftServerConfigKeys (ConfUtils.java:logGet(44)) - raft.server.snapshot.retention.file.num = 5 (custom)
2021-02-08 13:07:12,230 [pool-251-thread-1] INFO  server.RaftServerConfigKeys (ConfUtils.java:logGet(44)) - raft.server.log.purge.upto.snapshot.index = false (default)
2021-02-08 13:07:12,231 [pool-251-thread-1] INFO  server.RaftServerConfigKeys (ConfUtils.java:logGet(44)) - raft.server.retrycache.expirytime = 600000ms (custom)
2021-02-08 13:07:12,231 [pool-251-thread-1] INFO  server.RaftServerConfigKeys (ConfUtils.java:logGet(44)) - raft.server.retrycache.statistics.expirytime = 100?s (default)
2021-02-08 13:07:12,231 [pool-251-thread-1] INFO  metrics.RatisMetrics (RatisMetrics.java:lambda$create$0(36)) - Creating Metrics Registry : ratis.leader_election.81ab00b2-2f95-4a2f-a7cf-2c0713c6a9d2@group-4CAAE4725CBC
2021-02-08 13:07:12,231 [EventQueue-PipelineReportForOneReplicaPipelineSafeModeRule] INFO  safemode.SCMSafeModeManager (SCMSafeModeManager.java:validateSafeModeExitRules(214)) - AtleastOneDatanodeReportedRule rule is successfully validated
2021-02-08 13:07:12,231 [EventQueue-PipelineReportForPipelineReportHandler] INFO  pipeline.PipelineStateManager (PipelineStateManager.java:openPipeline(132)) - Pipeline Pipeline[ Id: d5abc75a-9b88-4f3d-b224-4caae4725cbc, Nodes: 81ab00b2-2f95-4a2f-a7cf-2c0713c6a9d2{ip: 172.17.0.2, host: c20f386514e7, ports: [REPLICATION=38183, RATIS=43993, RATIS_ADMIN=43993, RATIS_SERVER=43993, STANDALONE=44517], networkLocation: /default-rack, certSerialId: null, persistedOpState: IN_SERVICE, persistedOpStateExpiryEpochSec: 0}, Type:RATIS, Factor:ONE, State:ALLOCATED, leaderId:81ab00b2-2f95-4a2f-a7cf-2c0713c6a9d2, CreationTimestamp2021-02-08T13:07:09.224Z] moved to OPEN state
2021-02-08 13:07:12,231 [pool-251-thread-1] INFO  metrics.RatisMetrics (RatisMetrics.java:lambda$create$0(36)) - Creating Metrics Registry : ratis.server.81ab00b2-2f95-4a2f-a7cf-2c0713c6a9d2@group-4CAAE4725CBC
2021-02-08 13:07:12,231 [EventQueue-OpenPipelineForHealthyPipelineSafeModeRule] INFO  safemode.SCMSafeModeManager (HealthyPipelineSafeModeRule.java:process(128)) - SCM in safe mode. Healthy pipelines reported count is 0, required healthy pipeline reported count is 1
2021-02-08 13:07:12,232 [pool-251-thread-1] INFO  server.RaftServer$Division (RaftServerImpl.java:start(295)) - 81ab00b2-2f95-4a2f-a7cf-2c0713c6a9d2@group-4CAAE4725CBC: start as a follower, conf=-1: [81ab00b2-2f95-4a2f-a7cf-2c0713c6a9d2|rpc:172.17.0.2:43993|priority:1], old=null
2021-02-08 13:07:12,233 [pool-251-thread-1] INFO  server.RaftServer$Division (RaftServerImpl.java:setRole(284)) - 81ab00b2-2f95-4a2f-a7cf-2c0713c6a9d2@group-4CAAE4725CBC: changes role from      null to FOLLOWER at term 0 for startAsFollower
2021-02-08 13:07:12,233 [pool-251-thread-1] INFO  impl.RoleInfo (RoleInfo.java:updateAndGet(130)) - 81ab00b2-2f95-4a2f-a7cf-2c0713c6a9d2: start 81ab00b2-2f95-4a2f-a7cf-2c0713c6a9d2@group-4CAAE4725CBC-FollowerState
2021-02-08 13:07:12,233 [pool-251-thread-1] INFO  util.JmxRegister (JmxRegister.java:tryRegister(44)) - Successfully registered JMX Bean with object name Ratis:service=RaftServer,group=group-4CAAE4725CBC,id=81ab00b2-2f95-4a2f-a7cf-2c0713c6a9d2
2021-02-08 13:07:12,233 [pool-251-thread-1] INFO  metrics.RatisMetrics (RatisMetrics.java:lambda$create$0(36)) - Creating Metrics Registry : ratis.state_machine.81ab00b2-2f95-4a2f-a7cf-2c0713c6a9d2@group-4CAAE4725CBC
2021-02-08 13:07:12,234 [Command processor thread] INFO  commandhandler.CreatePipelineCommandHandler (CreatePipelineCommandHandler.java:handle(106)) - Created Pipeline RATIS ONE PipelineID=d5abc75a-9b88-4f3d-b224-4caae4725cbc.
2021-02-08 13:07:12,399 [EventQueue-OpenPipelineForHealthyPipelineSafeModeRule] INFO  safemode.SCMSafeModeManager (HealthyPipelineSafeModeRule.java:process(128)) - SCM in safe mode. Healthy pipelines reported count is 0, required healthy pipeline reported count is 1
2021-02-08 13:07:12,399 [EventQueue-PipelineReportForOneReplicaPipelineSafeModeRule] INFO  safemode.SCMSafeModeManager (SCMSafeModeManager.java:validateSafeModeExitRules(214)) - AtleastOneDatanodeReportedRule rule is successfully validated
2021-02-08 13:07:12,434 [Command processor thread] INFO  server.RaftServer (RaftServerProxy.java:addNew(95)) - 2534f833-6bfe-45b3-bb55-3e90c3f01f9c: addNew group-AF9CCEA08DE5:[2534f833-6bfe-45b3-bb55-3e90c3f01f9c|rpc:172.17.0.2:41421|priority:1] returns group-AF9CCEA08DE5:java.util.concurrent.CompletableFuture@6a686f46[Not completed]
2021-02-08 13:07:12,435 [pool-267-thread-1] INFO  server.RaftServer$Division (RaftServerImpl.java:<init>(180)) - 2534f833-6bfe-45b3-bb55-3e90c3f01f9c: new RaftServerImpl for group-AF9CCEA08DE5:[2534f833-6bfe-45b3-bb55-3e90c3f01f9c|rpc:172.17.0.2:41421|priority:1] with ContainerStateMachine:uninitialized
2021-02-08 13:07:12,436 [pool-267-thread-1] INFO  server.RaftServerConfigKeys (ConfUtils.java:logGet(44)) - raft.server.rpc.timeout.min = 5s (custom)
2021-02-08 13:07:12,436 [pool-267-thread-1] INFO  server.RaftServerConfigKeys (ConfUtils.java:logGet(44)) - raft.server.rpc.timeout.max = 5200ms (custom)
2021-02-08 13:07:12,436 [pool-267-thread-1] INFO  server.RaftServerConfigKeys (ConfUtils.java:logGet(44)) - raft.server.rpc.sleep.time = 25ms (default)
2021-02-08 13:07:12,436 [pool-267-thread-1] INFO  server.RaftServerConfigKeys (ConfUtils.java:logGet(44)) - raft.server.rpc.slowness.timeout = 300000ms (custom)
2021-02-08 13:07:12,436 [pool-267-thread-1] INFO  server.RaftServerConfigKeys (ConfUtils.java:logGet(44)) - raft.server.leaderelection.leader.step-down.wait-time = 10s (default)
2021-02-08 13:07:12,436 [pool-267-thread-1] INFO  server.RaftServerConfigKeys (ConfUtils.java:logGet(44)) - raft.server.sleep.deviation.threshold = 300ms (default)
2021-02-08 13:07:12,436 [pool-267-thread-1] INFO  server.RaftServerConfigKeys (ConfUtils.java:logGet(44)) - raft.server.log.appender.install.snapshot.enabled = false (custom)
2021-02-08 13:07:12,436 [pool-267-thread-1] INFO  server.RaftServer$Division (ServerState.java:<init>(105)) - 2534f833-6bfe-45b3-bb55-3e90c3f01f9c@group-AF9CCEA08DE5: ConfigurationManager, init=-1: [2534f833-6bfe-45b3-bb55-3e90c3f01f9c|rpc:172.17.0.2:41421|priority:1], old=null, confs=<EMPTY_MAP>
2021-02-08 13:07:12,436 [pool-267-thread-1] INFO  server.RaftServerConfigKeys (ConfUtils.java:logGet(44)) - raft.server.storage.dir = [/github/workspace/mnt/ozone/hadoop-ozone/integration-test/target/test-dir/MiniOzoneClusterImpl-489e5869-bfe0-4080-b73d-d7b53c96c8d8/datanode-5/data/ratis] (custom)
2021-02-08 13:07:12,437 [pool-267-thread-1] INFO  server.RaftServerConfigKeys (ConfUtils.java:logGet(44)) - raft.server.log.corruption.policy = EXCEPTION (default)
2021-02-08 13:07:12,437 [pool-267-thread-1] INFO  storage.RaftStorageDirectory (RaftStorageDirectoryImpl.java:analyzeStorage(132)) - The storage directory /github/workspace/mnt/ozone/hadoop-ozone/integration-test/target/test-dir/MiniOzoneClusterImpl-489e5869-bfe0-4080-b73d-d7b53c96c8d8/datanode-5/data/ratis/82cd6639-bd6e-4324-8bae-af9ccea08de5 does not exist. Creating ...
2021-02-08 13:07:12,438 [pool-267-thread-1] INFO  storage.RaftStorageDirectory (RaftStorageDirectoryImpl.java:tryLock(215)) - Lock on /github/workspace/mnt/ozone/hadoop-ozone/integration-test/target/test-dir/MiniOzoneClusterImpl-489e5869-bfe0-4080-b73d-d7b53c96c8d8/datanode-5/data/ratis/82cd6639-bd6e-4324-8bae-af9ccea08de5/in_use.lock acquired by nodename 30729@c20f386514e7
2021-02-08 13:07:12,440 [pool-267-thread-1] INFO  storage.RaftStorage (RaftStorageImpl.java:format(87)) - Storage directory /github/workspace/mnt/ozone/hadoop-ozone/integration-test/target/test-dir/MiniOzoneClusterImpl-489e5869-bfe0-4080-b73d-d7b53c96c8d8/datanode-5/data/ratis/82cd6639-bd6e-4324-8bae-af9ccea08de5 has been successfully formatted.
2021-02-08 13:07:12,440 [pool-267-thread-1] INFO  ratis.ContainerStateMachine (ContainerStateMachine.java:loadSnapshot(223)) - group-AF9CCEA08DE5: The snapshot info is null. Setting the last applied indexto:(t:0, i:~)
2021-02-08 13:07:12,440 [pool-267-thread-1] ERROR storage.RaftStorage (RaftStorageImpl.java:readRaftConfiguration(147)) - Failed reading configuration from file:/github/workspace/mnt/ozone/hadoop-ozone/integration-test/target/test-dir/MiniOzoneClusterImpl-489e5869-bfe0-4080-b73d-d7b53c96c8d8/datanode-5/data/ratis/82cd6639-bd6e-4324-8bae-af9ccea08de5/current/raft-meta.conf
java.io.FileNotFoundException: /github/workspace/mnt/ozone/hadoop-ozone/integration-test/target/test-dir/MiniOzoneClusterImpl-489e5869-bfe0-4080-b73d-d7b53c96c8d8/datanode-5/data/ratis/82cd6639-bd6e-4324-8bae-af9ccea08de5/current/raft-meta.conf (No such file or directory)
	at java.io.FileInputStream.open0(Native Method)
	at java.io.FileInputStream.open(FileInputStream.java:195)
	at java.io.FileInputStream.<init>(FileInputStream.java:138)
	at org.apache.ratis.server.storage.RaftStorageImpl.readRaftConfiguration(RaftStorageImpl.java:143)
	at org.apache.ratis.server.impl.ServerState.<init>(ServerState.java:122)
	at org.apache.ratis.server.impl.RaftServerImpl.<init>(RaftServerImpl.java:193)
	at org.apache.ratis.server.impl.RaftServerProxy.lambda$newRaftServerImpl$4(RaftServerProxy.java:266)
	at java.util.concurrent.CompletableFuture$AsyncSupply.run(CompletableFuture.java:1604)
	at java.util.concurrent.ThreadPoolExecutor.runWorker(ThreadPoolExecutor.java:1149)
	at java.util.concurrent.ThreadPoolExecutor$Worker.run(ThreadPoolExecutor.java:624)
	at java.lang.Thread.run(Thread.java:748)
2021-02-08 13:07:12,441 [pool-267-thread-1] INFO  server.RaftServerConfigKeys (ConfUtils.java:logGet(44)) - raft.server.notification.no-leader.timeout = 300000ms (custom)
2021-02-08 13:07:12,441 [pool-267-thread-1] INFO  server.RaftServerConfigKeys (ConfUtils.java:logGet(44)) - raft.server.log.use.memory = false (default)
2021-02-08 13:07:12,441 [pool-267-thread-1] INFO  server.RaftServerConfigKeys (ConfUtils.java:logGet(44)) - raft.server.log.purge.gap = 1000000 (custom)
2021-02-08 13:07:12,441 [pool-267-thread-1] INFO  server.RaftServerConfigKeys (ConfUtils.java:logGet(44)) - raft.server.log.appender.buffer.byte-limit = 33554432 (custom)
2021-02-08 13:07:12,441 [pool-267-thread-1] INFO  metrics.RatisMetrics (RatisMetrics.java:lambda$create$0(36)) - Creating Metrics Registry : ratis.log_worker.2534f833-6bfe-45b3-bb55-3e90c3f01f9c@group-AF9CCEA08DE5
2021-02-08 13:07:12,441 [EventQueue-PipelineReportForPipelineReportHandler] INFO  pipeline.PipelineStateManager (PipelineStateManager.java:openPipeline(132)) - Pipeline Pipeline[ Id: 82cd6639-bd6e-4324-8bae-af9ccea08de5, Nodes: 2534f833-6bfe-45b3-bb55-3e90c3f01f9c{ip: 172.17.0.2, host: c20f386514e7, ports: [REPLICATION=36513, RATIS=41421, RATIS_ADMIN=41421, RATIS_SERVER=41421, STANDALONE=37831], networkLocation: /default-rack, certSerialId: null, persistedOpState: IN_SERVICE, persistedOpStateExpiryEpochSec: 0}, Type:RATIS, Factor:ONE, State:ALLOCATED, leaderId:2534f833-6bfe-45b3-bb55-3e90c3f01f9c, CreationTimestamp2021-02-08T13:07:09.436Z] moved to OPEN state
2021-02-08 13:07:12,441 [EventQueue-PipelineReportForOneReplicaPipelineSafeModeRule] INFO  safemode.SCMSafeModeManager (SCMSafeModeManager.java:validateSafeModeExitRules(214)) - AtleastOneDatanodeReportedRule rule is successfully validated
2021-02-08 13:07:12,441 [EventQueue-OpenPipelineForHealthyPipelineSafeModeRule] INFO  safemode.SCMSafeModeManager (HealthyPipelineSafeModeRule.java:process(128)) - SCM in safe mode. Healthy pipelines reported count is 0, required healthy pipeline reported count is 1
2021-02-08 13:07:12,442 [pool-267-thread-1] INFO  server.RaftServerConfigKeys (ConfUtils.java:logGet(44)) - raft.server.log.segment.size.max = 1048576 (custom)
2021-02-08 13:07:12,442 [pool-267-thread-1] INFO  server.RaftServerConfigKeys (ConfUtils.java:logGet(44)) - raft.server.log.segment.cache.num.max = 2 (custom)
2021-02-08 13:07:12,442 [pool-267-thread-1] INFO  server.RaftServerConfigKeys (ConfUtils.java:logGet(44)) - raft.server.log.segment.cache.size.max = 200MB (=209715200) (default)
2021-02-08 13:07:12,442 [pool-267-thread-1] INFO  segmented.SegmentedRaftLogWorker (SegmentedRaftLogWorker.java:<init>(181)) - new 2534f833-6bfe-45b3-bb55-3e90c3f01f9c@group-AF9CCEA08DE5-SegmentedRaftLogWorker for RaftStorageImpl:Storage Directory /github/workspace/mnt/ozone/hadoop-ozone/integration-test/target/test-dir/MiniOzoneClusterImpl-489e5869-bfe0-4080-b73d-d7b53c96c8d8/datanode-5/data/ratis/82cd6639-bd6e-4324-8bae-af9ccea08de5
2021-02-08 13:07:12,442 [pool-267-thread-1] INFO  server.RaftServerConfigKeys (ConfUtils.java:logGet(44)) - raft.server.log.queue.byte-limit = 2147483647 (custom)
2021-02-08 13:07:12,442 [pool-267-thread-1] INFO  server.RaftServerConfigKeys (ConfUtils.java:logGet(44)) - raft.server.log.queue.element-limit = 1024 (custom)
2021-02-08 13:07:12,442 [pool-267-thread-1] INFO  server.RaftServerConfigKeys (ConfUtils.java:logGet(44)) - raft.server.log.segment.size.max = 1048576 (custom)
2021-02-08 13:07:12,442 [pool-267-thread-1] INFO  server.RaftServerConfigKeys (ConfUtils.java:logGet(44)) - raft.server.log.preallocated.size = 16384 (custom)
2021-02-08 13:07:12,442 [pool-267-thread-1] INFO  server.RaftServerConfigKeys (ConfUtils.java:logGet(44)) - raft.server.log.force.sync.num = 128 (default)
2021-02-08 13:07:12,442 [pool-267-thread-1] INFO  server.RaftServerConfigKeys (ConfUtils.java:logGet(44)) - raft.server.log.statemachine.data.sync = true (default)
2021-02-08 13:07:12,442 [pool-267-thread-1] INFO  server.RaftServerConfigKeys (ConfUtils.java:logGet(44)) - raft.server.log.statemachine.data.sync.timeout = 10s (default)
2021-02-08 13:07:12,443 [pool-267-thread-1] INFO  server.RaftServerConfigKeys (ConfUtils.java:logGet(44)) - raft.server.log.statemachine.data.sync.timeout.retry = -1 (default)
2021-02-08 13:07:12,443 [pool-267-thread-1] INFO  server.RaftServerConfigKeys (ConfUtils.java:logGet(44)) - raft.server.log.write.buffer.size = 1048576 (custom)
2021-02-08 13:07:12,444 [pool-267-thread-1] INFO  server.RaftServerConfigKeys (ConfUtils.java:logGet(44)) - raft.server.log.statemachine.data.caching.enabled = true (custom)
2021-02-08 13:07:12,444 [pool-267-thread-1] INFO  segmented.SegmentedRaftLogWorker (SegmentedRaftLogWorker.java:lambda$new$0(132)) - 2534f833-6bfe-45b3-bb55-3e90c3f01f9c@group-AF9CCEA08DE5-SegmentedRaftLogWorker: flushIndex: setUnconditionally 0 -> -1
2021-02-08 13:07:12,444 [pool-267-thread-1] INFO  segmented.SegmentedRaftLogWorker (SegmentedRaftLogWorker.java:lambda$new$0(132)) - 2534f833-6bfe-45b3-bb55-3e90c3f01f9c@group-AF9CCEA08DE5-SegmentedRaftLogWorker: safeCacheEvictIndex: setUnconditionally 0 -> -1
2021-02-08 13:07:12,444 [pool-267-thread-1] INFO  server.RaftServerConfigKeys (ConfUtils.java:logGet(44)) - raft.server.snapshot.auto.trigger.enabled = true (custom)
2021-02-08 13:07:12,444 [pool-267-thread-1] INFO  server.RaftServerConfigKeys (ConfUtils.java:logGet(44)) - raft.server.snapshot.auto.trigger.threshold = 10000 (custom)
2021-02-08 13:07:12,444 [pool-267-thread-1] INFO  server.RaftServerConfigKeys (ConfUtils.java:logGet(44)) - raft.server.snapshot.retention.file.num = 5 (custom)
2021-02-08 13:07:12,444 [pool-267-thread-1] INFO  server.RaftServerConfigKeys (ConfUtils.java:logGet(44)) - raft.server.log.purge.upto.snapshot.index = false (default)
2021-02-08 13:07:12,444 [pool-267-thread-1] INFO  server.RaftServerConfigKeys (ConfUtils.java:logGet(44)) - raft.server.retrycache.expirytime = 600000ms (custom)
2021-02-08 13:07:12,444 [pool-267-thread-1] INFO  server.RaftServerConfigKeys (ConfUtils.java:logGet(44)) - raft.server.retrycache.statistics.expirytime = 100?s (default)
2021-02-08 13:07:12,444 [pool-267-thread-1] INFO  metrics.RatisMetrics (RatisMetrics.java:lambda$create$0(36)) - Creating Metrics Registry : ratis.leader_election.2534f833-6bfe-45b3-bb55-3e90c3f01f9c@group-AF9CCEA08DE5
2021-02-08 13:07:12,445 [pool-267-thread-1] INFO  metrics.RatisMetrics (RatisMetrics.java:lambda$create$0(36)) - Creating Metrics Registry : ratis.server.2534f833-6bfe-45b3-bb55-3e90c3f01f9c@group-AF9CCEA08DE5
2021-02-08 13:07:12,446 [pool-267-thread-1] INFO  server.RaftServer$Division (RaftServerImpl.java:start(295)) - 2534f833-6bfe-45b3-bb55-3e90c3f01f9c@group-AF9CCEA08DE5: start as a follower, conf=-1: [2534f833-6bfe-45b3-bb55-3e90c3f01f9c|rpc:172.17.0.2:41421|priority:1], old=null
2021-02-08 13:07:12,446 [pool-267-thread-1] INFO  server.RaftServer$Division (RaftServerImpl.java:setRole(284)) - 2534f833-6bfe-45b3-bb55-3e90c3f01f9c@group-AF9CCEA08DE5: changes role from      null to FOLLOWER at term 0 for startAsFollower
2021-02-08 13:07:12,446 [pool-267-thread-1] INFO  impl.RoleInfo (RoleInfo.java:updateAndGet(130)) - 2534f833-6bfe-45b3-bb55-3e90c3f01f9c: start 2534f833-6bfe-45b3-bb55-3e90c3f01f9c@group-AF9CCEA08DE5-FollowerState
2021-02-08 13:07:12,446 [pool-267-thread-1] INFO  util.JmxRegister (JmxRegister.java:tryRegister(44)) - Successfully registered JMX Bean with object name Ratis:service=RaftServer,group=group-AF9CCEA08DE5,id=2534f833-6bfe-45b3-bb55-3e90c3f01f9c
2021-02-08 13:07:12,446 [pool-267-thread-1] INFO  metrics.RatisMetrics (RatisMetrics.java:lambda$create$0(36)) - Creating Metrics Registry : ratis.state_machine.2534f833-6bfe-45b3-bb55-3e90c3f01f9c@group-AF9CCEA08DE5
2021-02-08 13:07:12,447 [Command processor thread] INFO  commandhandler.CreatePipelineCommandHandler (CreatePipelineCommandHandler.java:handle(106)) - Created Pipeline RATIS ONE PipelineID=82cd6639-bd6e-4324-8bae-af9ccea08de5.
2021-02-08 13:07:12,510 [EventQueue-PipelineReportForOneReplicaPipelineSafeModeRule] INFO  safemode.SCMSafeModeManager (SCMSafeModeManager.java:validateSafeModeExitRules(214)) - AtleastOneDatanodeReportedRule rule is successfully validated
2021-02-08 13:07:12,510 [EventQueue-OpenPipelineForHealthyPipelineSafeModeRule] INFO  safemode.SCMSafeModeManager (HealthyPipelineSafeModeRule.java:process(128)) - SCM in safe mode. Healthy pipelines reported count is 0, required healthy pipeline reported count is 1
2021-02-08 13:07:12,627 [Listener at 127.0.0.1/38393] INFO  ozone.MiniOzoneClusterImpl (MiniOzoneClusterImpl.java:lambda$waitForClusterToBeReady$0(187)) - Nodes are ready. Got 7 of 7 DN Heartbeats.
2021-02-08 13:07:12,628 [Listener at 127.0.0.1/38393] INFO  ozone.MiniOzoneClusterImpl (MiniOzoneClusterImpl.java:lambda$waitForClusterToBeReady$0(190)) - Waiting for cluster to exit safe mode
2021-02-08 13:07:12,627 [Command processor thread] INFO  server.RaftServer (RaftServerProxy.java:addNew(95)) - f93bfba0-937c-4ad5-aa8e-b62a4ac7242c: addNew group-2878B0D1256A:[f93bfba0-937c-4ad5-aa8e-b62a4ac7242c|rpc:172.17.0.2:37989|priority:1] returns group-2878B0D1256A:java.util.concurrent.CompletableFuture@1142eedd[Not completed]
2021-02-08 13:07:12,628 [pool-283-thread-1] INFO  server.RaftServer$Division (RaftServerImpl.java:<init>(180)) - f93bfba0-937c-4ad5-aa8e-b62a4ac7242c: new RaftServerImpl for group-2878B0D1256A:[f93bfba0-937c-4ad5-aa8e-b62a4ac7242c|rpc:172.17.0.2:37989|priority:1] with ContainerStateMachine:uninitialized
2021-02-08 13:07:12,628 [pool-283-thread-1] INFO  server.RaftServerConfigKeys (ConfUtils.java:logGet(44)) - raft.server.rpc.timeout.min = 5s (custom)
2021-02-08 13:07:12,629 [pool-283-thread-1] INFO  server.RaftServerConfigKeys (ConfUtils.java:logGet(44)) - raft.server.rpc.timeout.max = 5200ms (custom)
2021-02-08 13:07:12,629 [pool-283-thread-1] INFO  server.RaftServerConfigKeys (ConfUtils.java:logGet(44)) - raft.server.rpc.sleep.time = 25ms (default)
2021-02-08 13:07:12,629 [pool-283-thread-1] INFO  server.RaftServerConfigKeys (ConfUtils.java:logGet(44)) - raft.server.rpc.slowness.timeout = 300000ms (custom)
2021-02-08 13:07:12,629 [pool-283-thread-1] INFO  server.RaftServerConfigKeys (ConfUtils.java:logGet(44)) - raft.server.leaderelection.leader.step-down.wait-time = 10s (default)
2021-02-08 13:07:12,629 [pool-283-thread-1] INFO  server.RaftServerConfigKeys (ConfUtils.java:logGet(44)) - raft.server.sleep.deviation.threshold = 300ms (default)
2021-02-08 13:07:12,629 [pool-283-thread-1] INFO  server.RaftServerConfigKeys (ConfUtils.java:logGet(44)) - raft.server.log.appender.install.snapshot.enabled = false (custom)
2021-02-08 13:07:12,629 [pool-283-thread-1] INFO  server.RaftServer$Division (ServerState.java:<init>(105)) - f93bfba0-937c-4ad5-aa8e-b62a4ac7242c@group-2878B0D1256A: ConfigurationManager, init=-1: [f93bfba0-937c-4ad5-aa8e-b62a4ac7242c|rpc:172.17.0.2:37989|priority:1], old=null, confs=<EMPTY_MAP>
2021-02-08 13:07:12,629 [pool-283-thread-1] INFO  server.RaftServerConfigKeys (ConfUtils.java:logGet(44)) - raft.server.storage.dir = [/github/workspace/mnt/ozone/hadoop-ozone/integration-test/target/test-dir/MiniOzoneClusterImpl-489e5869-bfe0-4080-b73d-d7b53c96c8d8/datanode-6/data/ratis] (custom)
2021-02-08 13:07:12,629 [pool-283-thread-1] INFO  server.RaftServerConfigKeys (ConfUtils.java:logGet(44)) - raft.server.log.corruption.policy = EXCEPTION (default)
2021-02-08 13:07:12,629 [pool-283-thread-1] INFO  storage.RaftStorageDirectory (RaftStorageDirectoryImpl.java:analyzeStorage(132)) - The storage directory /github/workspace/mnt/ozone/hadoop-ozone/integration-test/target/test-dir/MiniOzoneClusterImpl-489e5869-bfe0-4080-b73d-d7b53c96c8d8/datanode-6/data/ratis/e2e39ad5-77a1-4458-b7fc-2878b0d1256a does not exist. Creating ...
2021-02-08 13:07:12,630 [pool-283-thread-1] INFO  storage.RaftStorageDirectory (RaftStorageDirectoryImpl.java:tryLock(215)) - Lock on /github/workspace/mnt/ozone/hadoop-ozone/integration-test/target/test-dir/MiniOzoneClusterImpl-489e5869-bfe0-4080-b73d-d7b53c96c8d8/datanode-6/data/ratis/e2e39ad5-77a1-4458-b7fc-2878b0d1256a/in_use.lock acquired by nodename 30729@c20f386514e7
2021-02-08 13:07:12,631 [pool-283-thread-1] INFO  storage.RaftStorage (RaftStorageImpl.java:format(87)) - Storage directory /github/workspace/mnt/ozone/hadoop-ozone/integration-test/target/test-dir/MiniOzoneClusterImpl-489e5869-bfe0-4080-b73d-d7b53c96c8d8/datanode-6/data/ratis/e2e39ad5-77a1-4458-b7fc-2878b0d1256a has been successfully formatted.
2021-02-08 13:07:12,632 [pool-283-thread-1] INFO  ratis.ContainerStateMachine (ContainerStateMachine.java:loadSnapshot(223)) - group-2878B0D1256A: The snapshot info is null. Setting the last applied indexto:(t:0, i:~)
2021-02-08 13:07:12,632 [pool-283-thread-1] ERROR storage.RaftStorage (RaftStorageImpl.java:readRaftConfiguration(147)) - Failed reading configuration from file:/github/workspace/mnt/ozone/hadoop-ozone/integration-test/target/test-dir/MiniOzoneClusterImpl-489e5869-bfe0-4080-b73d-d7b53c96c8d8/datanode-6/data/ratis/e2e39ad5-77a1-4458-b7fc-2878b0d1256a/current/raft-meta.conf
java.io.FileNotFoundException: /github/workspace/mnt/ozone/hadoop-ozone/integration-test/target/test-dir/MiniOzoneClusterImpl-489e5869-bfe0-4080-b73d-d7b53c96c8d8/datanode-6/data/ratis/e2e39ad5-77a1-4458-b7fc-2878b0d1256a/current/raft-meta.conf (No such file or directory)
	at java.io.FileInputStream.open0(Native Method)
	at java.io.FileInputStream.open(FileInputStream.java:195)
	at java.io.FileInputStream.<init>(FileInputStream.java:138)
	at org.apache.ratis.server.storage.RaftStorageImpl.readRaftConfiguration(RaftStorageImpl.java:143)
	at org.apache.ratis.server.impl.ServerState.<init>(ServerState.java:122)
	at org.apache.ratis.server.impl.RaftServerImpl.<init>(RaftServerImpl.java:193)
	at org.apache.ratis.server.impl.RaftServerProxy.lambda$newRaftServerImpl$4(RaftServerProxy.java:266)
	at java.util.concurrent.CompletableFuture$AsyncSupply.run(CompletableFuture.java:1604)
	at java.util.concurrent.ThreadPoolExecutor.runWorker(ThreadPoolExecutor.java:1149)
	at java.util.concurrent.ThreadPoolExecutor$Worker.run(ThreadPoolExecutor.java:624)
	at java.lang.Thread.run(Thread.java:748)
2021-02-08 13:07:12,635 [pool-283-thread-1] INFO  server.RaftServerConfigKeys (ConfUtils.java:logGet(44)) - raft.server.notification.no-leader.timeout = 300000ms (custom)
2021-02-08 13:07:12,635 [pool-283-thread-1] INFO  server.RaftServerConfigKeys (ConfUtils.java:logGet(44)) - raft.server.log.use.memory = false (default)
2021-02-08 13:07:12,635 [EventQueue-PipelineReportForPipelineReportHandler] INFO  pipeline.PipelineStateManager (PipelineStateManager.java:openPipeline(132)) - Pipeline Pipeline[ Id: e2e39ad5-77a1-4458-b7fc-2878b0d1256a, Nodes: f93bfba0-937c-4ad5-aa8e-b62a4ac7242c{ip: 172.17.0.2, host: c20f386514e7, ports: [REPLICATION=33127, RATIS=37989, RATIS_ADMIN=37989, RATIS_SERVER=37989, STANDALONE=42159], networkLocation: /default-rack, certSerialId: null, persistedOpState: IN_SERVICE, persistedOpStateExpiryEpochSec: 0}, Type:RATIS, Factor:ONE, State:ALLOCATED, leaderId:f93bfba0-937c-4ad5-aa8e-b62a4ac7242c, CreationTimestamp2021-02-08T13:07:09.627Z] moved to OPEN state
2021-02-08 13:07:12,635 [EventQueue-PipelineReportForOneReplicaPipelineSafeModeRule] INFO  safemode.SCMSafeModeManager (SCMSafeModeManager.java:validateSafeModeExitRules(214)) - AtleastOneDatanodeReportedRule rule is successfully validated
2021-02-08 13:07:12,636 [EventQueue-OpenPipelineForHealthyPipelineSafeModeRule] INFO  safemode.SCMSafeModeManager (HealthyPipelineSafeModeRule.java:process(128)) - SCM in safe mode. Healthy pipelines reported count is 0, required healthy pipeline reported count is 1
2021-02-08 13:07:12,636 [pool-283-thread-1] INFO  server.RaftServerConfigKeys (ConfUtils.java:logGet(44)) - raft.server.log.purge.gap = 1000000 (custom)
2021-02-08 13:07:12,636 [pool-283-thread-1] INFO  server.RaftServerConfigKeys (ConfUtils.java:logGet(44)) - raft.server.log.appender.buffer.byte-limit = 33554432 (custom)
2021-02-08 13:07:12,636 [pool-283-thread-1] INFO  metrics.RatisMetrics (RatisMetrics.java:lambda$create$0(36)) - Creating Metrics Registry : ratis.log_worker.f93bfba0-937c-4ad5-aa8e-b62a4ac7242c@group-2878B0D1256A
2021-02-08 13:07:12,636 [pool-283-thread-1] INFO  server.RaftServerConfigKeys (ConfUtils.java:logGet(44)) - raft.server.log.segment.size.max = 1048576 (custom)
2021-02-08 13:07:12,636 [pool-283-thread-1] INFO  server.RaftServerConfigKeys (ConfUtils.java:logGet(44)) - raft.server.log.segment.cache.num.max = 2 (custom)
2021-02-08 13:07:12,636 [pool-283-thread-1] INFO  server.RaftServerConfigKeys (ConfUtils.java:logGet(44)) - raft.server.log.segment.cache.size.max = 200MB (=209715200) (default)
2021-02-08 13:07:12,636 [pool-283-thread-1] INFO  segmented.SegmentedRaftLogWorker (SegmentedRaftLogWorker.java:<init>(181)) - new f93bfba0-937c-4ad5-aa8e-b62a4ac7242c@group-2878B0D1256A-SegmentedRaftLogWorker for RaftStorageImpl:Storage Directory /github/workspace/mnt/ozone/hadoop-ozone/integration-test/target/test-dir/MiniOzoneClusterImpl-489e5869-bfe0-4080-b73d-d7b53c96c8d8/datanode-6/data/ratis/e2e39ad5-77a1-4458-b7fc-2878b0d1256a
2021-02-08 13:07:12,637 [pool-283-thread-1] INFO  server.RaftServerConfigKeys (ConfUtils.java:logGet(44)) - raft.server.log.queue.byte-limit = 2147483647 (custom)
2021-02-08 13:07:12,637 [pool-283-thread-1] INFO  server.RaftServerConfigKeys (ConfUtils.java:logGet(44)) - raft.server.log.queue.element-limit = 1024 (custom)
2021-02-08 13:07:12,637 [pool-283-thread-1] INFO  server.RaftServerConfigKeys (ConfUtils.java:logGet(44)) - raft.server.log.segment.size.max = 1048576 (custom)
2021-02-08 13:07:12,637 [pool-283-thread-1] INFO  server.RaftServerConfigKeys (ConfUtils.java:logGet(44)) - raft.server.log.preallocated.size = 16384 (custom)
2021-02-08 13:07:12,637 [pool-283-thread-1] INFO  server.RaftServerConfigKeys (ConfUtils.java:logGet(44)) - raft.server.log.force.sync.num = 128 (default)
2021-02-08 13:07:12,637 [pool-283-thread-1] INFO  server.RaftServerConfigKeys (ConfUtils.java:logGet(44)) - raft.server.log.statemachine.data.sync = true (default)
2021-02-08 13:07:12,637 [pool-283-thread-1] INFO  server.RaftServerConfigKeys (ConfUtils.java:logGet(44)) - raft.server.log.statemachine.data.sync.timeout = 10s (default)
2021-02-08 13:07:12,637 [pool-283-thread-1] INFO  server.RaftServerConfigKeys (ConfUtils.java:logGet(44)) - raft.server.log.statemachine.data.sync.timeout.retry = -1 (default)
2021-02-08 13:07:12,638 [pool-283-thread-1] INFO  server.RaftServerConfigKeys (ConfUtils.java:logGet(44)) - raft.server.log.write.buffer.size = 1048576 (custom)
2021-02-08 13:07:12,639 [pool-283-thread-1] INFO  server.RaftServerConfigKeys (ConfUtils.java:logGet(44)) - raft.server.log.statemachine.data.caching.enabled = true (custom)
2021-02-08 13:07:12,639 [pool-283-thread-1] INFO  segmented.SegmentedRaftLogWorker (SegmentedRaftLogWorker.java:lambda$new$0(132)) - f93bfba0-937c-4ad5-aa8e-b62a4ac7242c@group-2878B0D1256A-SegmentedRaftLogWorker: flushIndex: setUnconditionally 0 -> -1
2021-02-08 13:07:12,639 [pool-283-thread-1] INFO  segmented.SegmentedRaftLogWorker (SegmentedRaftLogWorker.java:lambda$new$0(132)) - f93bfba0-937c-4ad5-aa8e-b62a4ac7242c@group-2878B0D1256A-SegmentedRaftLogWorker: safeCacheEvictIndex: setUnconditionally 0 -> -1
2021-02-08 13:07:12,639 [pool-283-thread-1] INFO  server.RaftServerConfigKeys (ConfUtils.java:logGet(44)) - raft.server.snapshot.auto.trigger.enabled = true (custom)
2021-02-08 13:07:12,639 [pool-283-thread-1] INFO  server.RaftServerConfigKeys (ConfUtils.java:logGet(44)) - raft.server.snapshot.auto.trigger.threshold = 10000 (custom)
2021-02-08 13:07:12,639 [pool-283-thread-1] INFO  server.RaftServerConfigKeys (ConfUtils.java:logGet(44)) - raft.server.snapshot.retention.file.num = 5 (custom)
2021-02-08 13:07:12,639 [pool-283-thread-1] INFO  server.RaftServerConfigKeys (ConfUtils.java:logGet(44)) - raft.server.log.purge.upto.snapshot.index = false (default)
2021-02-08 13:07:12,639 [pool-283-thread-1] INFO  server.RaftServerConfigKeys (ConfUtils.java:logGet(44)) - raft.server.retrycache.expirytime = 600000ms (custom)
2021-02-08 13:07:12,640 [pool-283-thread-1] INFO  server.RaftServerConfigKeys (ConfUtils.java:logGet(44)) - raft.server.retrycache.statistics.expirytime = 100?s (default)
2021-02-08 13:07:12,640 [pool-283-thread-1] INFO  metrics.RatisMetrics (RatisMetrics.java:lambda$create$0(36)) - Creating Metrics Registry : ratis.leader_election.f93bfba0-937c-4ad5-aa8e-b62a4ac7242c@group-2878B0D1256A
2021-02-08 13:07:12,640 [pool-283-thread-1] INFO  metrics.RatisMetrics (RatisMetrics.java:lambda$create$0(36)) - Creating Metrics Registry : ratis.server.f93bfba0-937c-4ad5-aa8e-b62a4ac7242c@group-2878B0D1256A
2021-02-08 13:07:12,641 [pool-283-thread-1] INFO  server.RaftServer$Division (RaftServerImpl.java:start(295)) - f93bfba0-937c-4ad5-aa8e-b62a4ac7242c@group-2878B0D1256A: start as a follower, conf=-1: [f93bfba0-937c-4ad5-aa8e-b62a4ac7242c|rpc:172.17.0.2:37989|priority:1], old=null
2021-02-08 13:07:12,641 [pool-283-thread-1] INFO  server.RaftServer$Division (RaftServerImpl.java:setRole(284)) - f93bfba0-937c-4ad5-aa8e-b62a4ac7242c@group-2878B0D1256A: changes role from      null to FOLLOWER at term 0 for startAsFollower
2021-02-08 13:07:12,641 [pool-283-thread-1] INFO  impl.RoleInfo (RoleInfo.java:updateAndGet(130)) - f93bfba0-937c-4ad5-aa8e-b62a4ac7242c: start f93bfba0-937c-4ad5-aa8e-b62a4ac7242c@group-2878B0D1256A-FollowerState
2021-02-08 13:07:12,643 [pool-283-thread-1] INFO  util.JmxRegister (JmxRegister.java:tryRegister(44)) - Successfully registered JMX Bean with object name Ratis:service=RaftServer,group=group-2878B0D1256A,id=f93bfba0-937c-4ad5-aa8e-b62a4ac7242c
2021-02-08 13:07:12,643 [pool-283-thread-1] INFO  metrics.RatisMetrics (RatisMetrics.java:lambda$create$0(36)) - Creating Metrics Registry : ratis.state_machine.f93bfba0-937c-4ad5-aa8e-b62a4ac7242c@group-2878B0D1256A
2021-02-08 13:07:12,644 [Command processor thread] INFO  commandhandler.CreatePipelineCommandHandler (CreatePipelineCommandHandler.java:handle(106)) - Created Pipeline RATIS ONE PipelineID=e2e39ad5-77a1-4458-b7fc-2878b0d1256a.
2021-02-08 13:07:12,710 [EventQueue-PipelineReportForOneReplicaPipelineSafeModeRule] INFO  safemode.SCMSafeModeManager (SCMSafeModeManager.java:validateSafeModeExitRules(214)) - AtleastOneDatanodeReportedRule rule is successfully validated
2021-02-08 13:07:12,711 [EventQueue-OpenPipelineForHealthyPipelineSafeModeRule] INFO  safemode.SCMSafeModeManager (HealthyPipelineSafeModeRule.java:process(128)) - SCM in safe mode. Healthy pipelines reported count is 0, required healthy pipeline reported count is 1
2021-02-08 13:07:13,127 [EventQueue-OpenPipelineForHealthyPipelineSafeModeRule] INFO  safemode.SCMSafeModeManager (HealthyPipelineSafeModeRule.java:process(128)) - SCM in safe mode. Healthy pipelines reported count is 0, required healthy pipeline reported count is 1
2021-02-08 13:07:13,127 [EventQueue-PipelineReportForOneReplicaPipelineSafeModeRule] INFO  safemode.SCMSafeModeManager (SCMSafeModeManager.java:validateSafeModeExitRules(214)) - AtleastOneDatanodeReportedRule rule is successfully validated
2021-02-08 13:07:13,232 [EventQueue-OpenPipelineForHealthyPipelineSafeModeRule] INFO  safemode.SCMSafeModeManager (HealthyPipelineSafeModeRule.java:process(128)) - SCM in safe mode. Healthy pipelines reported count is 0, required healthy pipeline reported count is 1
2021-02-08 13:07:13,232 [EventQueue-PipelineReportForOneReplicaPipelineSafeModeRule] INFO  safemode.SCMSafeModeManager (SCMSafeModeManager.java:validateSafeModeExitRules(214)) - AtleastOneDatanodeReportedRule rule is successfully validated
2021-02-08 13:07:13,399 [EventQueue-PipelineReportForOneReplicaPipelineSafeModeRule] INFO  safemode.SCMSafeModeManager (SCMSafeModeManager.java:validateSafeModeExitRules(214)) - AtleastOneDatanodeReportedRule rule is successfully validated
2021-02-08 13:07:13,399 [EventQueue-OpenPipelineForHealthyPipelineSafeModeRule] INFO  safemode.SCMSafeModeManager (HealthyPipelineSafeModeRule.java:process(128)) - SCM in safe mode. Healthy pipelines reported count is 0, required healthy pipeline reported count is 1
2021-02-08 13:07:13,442 [EventQueue-PipelineReportForOneReplicaPipelineSafeModeRule] INFO  safemode.SCMSafeModeManager (SCMSafeModeManager.java:validateSafeModeExitRules(214)) - AtleastOneDatanodeReportedRule rule is successfully validated
2021-02-08 13:07:13,442 [EventQueue-OpenPipelineForHealthyPipelineSafeModeRule] INFO  safemode.SCMSafeModeManager (HealthyPipelineSafeModeRule.java:process(128)) - SCM in safe mode. Healthy pipelines reported count is 0, required healthy pipeline reported count is 1
2021-02-08 13:07:13,510 [EventQueue-PipelineReportForOneReplicaPipelineSafeModeRule] INFO  safemode.SCMSafeModeManager (SCMSafeModeManager.java:validateSafeModeExitRules(214)) - AtleastOneDatanodeReportedRule rule is successfully validated
2021-02-08 13:07:13,510 [EventQueue-OpenPipelineForHealthyPipelineSafeModeRule] INFO  safemode.SCMSafeModeManager (HealthyPipelineSafeModeRule.java:process(128)) - SCM in safe mode. Healthy pipelines reported count is 0, required healthy pipeline reported count is 1
2021-02-08 13:07:13,628 [Listener at 127.0.0.1/38393] INFO  ozone.MiniOzoneClusterImpl (MiniOzoneClusterImpl.java:lambda$waitForClusterToBeReady$0(187)) - Nodes are ready. Got 7 of 7 DN Heartbeats.
2021-02-08 13:07:13,628 [Listener at 127.0.0.1/38393] INFO  ozone.MiniOzoneClusterImpl (MiniOzoneClusterImpl.java:lambda$waitForClusterToBeReady$0(190)) - Waiting for cluster to exit safe mode
2021-02-08 13:07:13,633 [EventQueue-OpenPipelineForHealthyPipelineSafeModeRule] INFO  safemode.SCMSafeModeManager (HealthyPipelineSafeModeRule.java:process(128)) - SCM in safe mode. Healthy pipelines reported count is 0, required healthy pipeline reported count is 1
2021-02-08 13:07:13,634 [EventQueue-PipelineReportForOneReplicaPipelineSafeModeRule] INFO  safemode.SCMSafeModeManager (SCMSafeModeManager.java:validateSafeModeExitRules(214)) - AtleastOneDatanodeReportedRule rule is successfully validated
2021-02-08 13:07:13,710 [EventQueue-OpenPipelineForHealthyPipelineSafeModeRule] INFO  safemode.SCMSafeModeManager (HealthyPipelineSafeModeRule.java:process(128)) - SCM in safe mode. Healthy pipelines reported count is 0, required healthy pipeline reported count is 1
2021-02-08 13:07:13,711 [EventQueue-PipelineReportForOneReplicaPipelineSafeModeRule] INFO  safemode.SCMSafeModeManager (SCMSafeModeManager.java:validateSafeModeExitRules(214)) - AtleastOneDatanodeReportedRule rule is successfully validated
2021-02-08 13:07:14,128 [EventQueue-PipelineReportForOneReplicaPipelineSafeModeRule] INFO  safemode.SCMSafeModeManager (SCMSafeModeManager.java:validateSafeModeExitRules(214)) - AtleastOneDatanodeReportedRule rule is successfully validated
2021-02-08 13:07:14,129 [EventQueue-OpenPipelineForHealthyPipelineSafeModeRule] INFO  safemode.SCMSafeModeManager (HealthyPipelineSafeModeRule.java:process(128)) - SCM in safe mode. Healthy pipelines reported count is 0, required healthy pipeline reported count is 1
2021-02-08 13:07:14,232 [EventQueue-PipelineReportForOneReplicaPipelineSafeModeRule] INFO  safemode.SCMSafeModeManager (SCMSafeModeManager.java:validateSafeModeExitRules(214)) - AtleastOneDatanodeReportedRule rule is successfully validated
2021-02-08 13:07:14,233 [EventQueue-OpenPipelineForHealthyPipelineSafeModeRule] INFO  safemode.SCMSafeModeManager (HealthyPipelineSafeModeRule.java:process(128)) - SCM in safe mode. Healthy pipelines reported count is 0, required healthy pipeline reported count is 1
2021-02-08 13:07:14,399 [EventQueue-PipelineReportForOneReplicaPipelineSafeModeRule] INFO  safemode.SCMSafeModeManager (SCMSafeModeManager.java:validateSafeModeExitRules(214)) - AtleastOneDatanodeReportedRule rule is successfully validated
2021-02-08 13:07:14,399 [EventQueue-OpenPipelineForHealthyPipelineSafeModeRule] INFO  safemode.SCMSafeModeManager (HealthyPipelineSafeModeRule.java:process(128)) - SCM in safe mode. Healthy pipelines reported count is 0, required healthy pipeline reported count is 1
2021-02-08 13:07:14,442 [EventQueue-OpenPipelineForHealthyPipelineSafeModeRule] INFO  safemode.SCMSafeModeManager (HealthyPipelineSafeModeRule.java:process(128)) - SCM in safe mode. Healthy pipelines reported count is 0, required healthy pipeline reported count is 1
2021-02-08 13:07:14,443 [EventQueue-PipelineReportForOneReplicaPipelineSafeModeRule] INFO  safemode.SCMSafeModeManager (SCMSafeModeManager.java:validateSafeModeExitRules(214)) - AtleastOneDatanodeReportedRule rule is successfully validated
2021-02-08 13:07:14,510 [EventQueue-OpenPipelineForHealthyPipelineSafeModeRule] INFO  safemode.SCMSafeModeManager (HealthyPipelineSafeModeRule.java:process(128)) - SCM in safe mode. Healthy pipelines reported count is 0, required healthy pipeline reported count is 1
2021-02-08 13:07:14,510 [EventQueue-PipelineReportForOneReplicaPipelineSafeModeRule] INFO  safemode.SCMSafeModeManager (SCMSafeModeManager.java:validateSafeModeExitRules(214)) - AtleastOneDatanodeReportedRule rule is successfully validated
2021-02-08 13:07:14,628 [Listener at 127.0.0.1/38393] INFO  ozone.MiniOzoneClusterImpl (MiniOzoneClusterImpl.java:lambda$waitForClusterToBeReady$0(187)) - Nodes are ready. Got 7 of 7 DN Heartbeats.
2021-02-08 13:07:14,628 [Listener at 127.0.0.1/38393] INFO  ozone.MiniOzoneClusterImpl (MiniOzoneClusterImpl.java:lambda$waitForClusterToBeReady$0(190)) - Waiting for cluster to exit safe mode
2021-02-08 13:07:14,633 [EventQueue-PipelineReportForOneReplicaPipelineSafeModeRule] INFO  safemode.SCMSafeModeManager (SCMSafeModeManager.java:validateSafeModeExitRules(214)) - AtleastOneDatanodeReportedRule rule is successfully validated
2021-02-08 13:07:14,634 [EventQueue-OpenPipelineForHealthyPipelineSafeModeRule] INFO  safemode.SCMSafeModeManager (HealthyPipelineSafeModeRule.java:process(128)) - SCM in safe mode. Healthy pipelines reported count is 0, required healthy pipeline reported count is 1
2021-02-08 13:07:14,710 [EventQueue-PipelineReportForOneReplicaPipelineSafeModeRule] INFO  safemode.SCMSafeModeManager (SCMSafeModeManager.java:validateSafeModeExitRules(214)) - AtleastOneDatanodeReportedRule rule is successfully validated
2021-02-08 13:07:14,712 [EventQueue-OpenPipelineForHealthyPipelineSafeModeRule] INFO  safemode.SCMSafeModeManager (HealthyPipelineSafeModeRule.java:process(128)) - SCM in safe mode. Healthy pipelines reported count is 0, required healthy pipeline reported count is 1
2021-02-08 13:07:15,127 [EventQueue-PipelineReportForOneReplicaPipelineSafeModeRule] INFO  safemode.SCMSafeModeManager (SCMSafeModeManager.java:validateSafeModeExitRules(214)) - AtleastOneDatanodeReportedRule rule is successfully validated
2021-02-08 13:07:15,127 [EventQueue-OpenPipelineForHealthyPipelineSafeModeRule] INFO  safemode.SCMSafeModeManager (HealthyPipelineSafeModeRule.java:process(128)) - SCM in safe mode. Healthy pipelines reported count is 0, required healthy pipeline reported count is 1
2021-02-08 13:07:15,232 [EventQueue-PipelineReportForOneReplicaPipelineSafeModeRule] INFO  safemode.SCMSafeModeManager (SCMSafeModeManager.java:validateSafeModeExitRules(214)) - AtleastOneDatanodeReportedRule rule is successfully validated
2021-02-08 13:07:15,233 [EventQueue-OpenPipelineForHealthyPipelineSafeModeRule] INFO  safemode.SCMSafeModeManager (HealthyPipelineSafeModeRule.java:process(128)) - SCM in safe mode. Healthy pipelines reported count is 0, required healthy pipeline reported count is 1
2021-02-08 13:07:15,399 [EventQueue-PipelineReportForOneReplicaPipelineSafeModeRule] INFO  safemode.SCMSafeModeManager (SCMSafeModeManager.java:validateSafeModeExitRules(214)) - AtleastOneDatanodeReportedRule rule is successfully validated
2021-02-08 13:07:15,400 [EventQueue-OpenPipelineForHealthyPipelineSafeModeRule] INFO  safemode.SCMSafeModeManager (HealthyPipelineSafeModeRule.java:process(128)) - SCM in safe mode. Healthy pipelines reported count is 0, required healthy pipeline reported count is 1
2021-02-08 13:07:15,442 [EventQueue-PipelineReportForOneReplicaPipelineSafeModeRule] INFO  safemode.SCMSafeModeManager (SCMSafeModeManager.java:validateSafeModeExitRules(214)) - AtleastOneDatanodeReportedRule rule is successfully validated
2021-02-08 13:07:15,442 [EventQueue-OpenPipelineForHealthyPipelineSafeModeRule] INFO  safemode.SCMSafeModeManager (HealthyPipelineSafeModeRule.java:process(128)) - SCM in safe mode. Healthy pipelines reported count is 0, required healthy pipeline reported count is 1
2021-02-08 13:07:15,510 [EventQueue-PipelineReportForOneReplicaPipelineSafeModeRule] INFO  safemode.SCMSafeModeManager (SCMSafeModeManager.java:validateSafeModeExitRules(214)) - AtleastOneDatanodeReportedRule rule is successfully validated
2021-02-08 13:07:15,511 [EventQueue-OpenPipelineForHealthyPipelineSafeModeRule] INFO  safemode.SCMSafeModeManager (HealthyPipelineSafeModeRule.java:process(128)) - SCM in safe mode. Healthy pipelines reported count is 0, required healthy pipeline reported count is 1
2021-02-08 13:07:15,629 [Listener at 127.0.0.1/38393] INFO  ozone.MiniOzoneClusterImpl (MiniOzoneClusterImpl.java:lambda$waitForClusterToBeReady$0(187)) - Nodes are ready. Got 7 of 7 DN Heartbeats.
2021-02-08 13:07:15,629 [Listener at 127.0.0.1/38393] INFO  ozone.MiniOzoneClusterImpl (MiniOzoneClusterImpl.java:lambda$waitForClusterToBeReady$0(190)) - Waiting for cluster to exit safe mode
2021-02-08 13:07:15,634 [EventQueue-OpenPipelineForHealthyPipelineSafeModeRule] INFO  safemode.SCMSafeModeManager (HealthyPipelineSafeModeRule.java:process(128)) - SCM in safe mode. Healthy pipelines reported count is 0, required healthy pipeline reported count is 1
2021-02-08 13:07:15,635 [EventQueue-PipelineReportForOneReplicaPipelineSafeModeRule] INFO  safemode.SCMSafeModeManager (SCMSafeModeManager.java:validateSafeModeExitRules(214)) - AtleastOneDatanodeReportedRule rule is successfully validated
2021-02-08 13:07:15,712 [EventQueue-OpenPipelineForHealthyPipelineSafeModeRule] INFO  safemode.SCMSafeModeManager (HealthyPipelineSafeModeRule.java:process(128)) - SCM in safe mode. Healthy pipelines reported count is 0, required healthy pipeline reported count is 1
2021-02-08 13:07:15,712 [EventQueue-PipelineReportForOneReplicaPipelineSafeModeRule] INFO  safemode.SCMSafeModeManager (SCMSafeModeManager.java:validateSafeModeExitRules(214)) - AtleastOneDatanodeReportedRule rule is successfully validated
2021-02-08 13:07:16,127 [EventQueue-OpenPipelineForHealthyPipelineSafeModeRule] INFO  safemode.SCMSafeModeManager (HealthyPipelineSafeModeRule.java:process(128)) - SCM in safe mode. Healthy pipelines reported count is 0, required healthy pipeline reported count is 1
2021-02-08 13:07:16,127 [EventQueue-PipelineReportForOneReplicaPipelineSafeModeRule] INFO  safemode.SCMSafeModeManager (SCMSafeModeManager.java:validateSafeModeExitRules(214)) - AtleastOneDatanodeReportedRule rule is successfully validated
2021-02-08 13:07:16,232 [EventQueue-PipelineReportForOneReplicaPipelineSafeModeRule] INFO  safemode.SCMSafeModeManager (SCMSafeModeManager.java:validateSafeModeExitRules(214)) - AtleastOneDatanodeReportedRule rule is successfully validated
2021-02-08 13:07:16,232 [EventQueue-OpenPipelineForHealthyPipelineSafeModeRule] INFO  safemode.SCMSafeModeManager (HealthyPipelineSafeModeRule.java:process(128)) - SCM in safe mode. Healthy pipelines reported count is 0, required healthy pipeline reported count is 1
2021-02-08 13:07:16,399 [EventQueue-PipelineReportForOneReplicaPipelineSafeModeRule] INFO  safemode.SCMSafeModeManager (SCMSafeModeManager.java:validateSafeModeExitRules(214)) - AtleastOneDatanodeReportedRule rule is successfully validated
2021-02-08 13:07:16,400 [EventQueue-OpenPipelineForHealthyPipelineSafeModeRule] INFO  safemode.SCMSafeModeManager (HealthyPipelineSafeModeRule.java:process(128)) - SCM in safe mode. Healthy pipelines reported count is 0, required healthy pipeline reported count is 1
2021-02-08 13:07:16,442 [EventQueue-PipelineReportForOneReplicaPipelineSafeModeRule] INFO  safemode.SCMSafeModeManager (SCMSafeModeManager.java:validateSafeModeExitRules(214)) - AtleastOneDatanodeReportedRule rule is successfully validated
2021-02-08 13:07:16,442 [EventQueue-OpenPipelineForHealthyPipelineSafeModeRule] INFO  safemode.SCMSafeModeManager (HealthyPipelineSafeModeRule.java:process(128)) - SCM in safe mode. Healthy pipelines reported count is 0, required healthy pipeline reported count is 1
2021-02-08 13:07:16,449 [Thread-672] INFO  impl.FollowerState (FollowerState.java:run(133)) - 61a3106f-4412-450d-ae4e-54e9a62c2593@group-00049FE86969-FollowerState: change to CANDIDATE, lastRpcElapsedTime:5134575456ns, electionTimeout:5132ms
2021-02-08 13:07:16,449 [Thread-672] INFO  impl.RoleInfo (RoleInfo.java:shutdownFollowerState(108)) - 61a3106f-4412-450d-ae4e-54e9a62c2593: shutdown 61a3106f-4412-450d-ae4e-54e9a62c2593@group-00049FE86969-FollowerState
2021-02-08 13:07:16,449 [Thread-672] INFO  server.RaftServer$Division (RaftServerImpl.java:setRole(284)) - 61a3106f-4412-450d-ae4e-54e9a62c2593@group-00049FE86969: changes role from  FOLLOWER to CANDIDATE at term 0 for changeToCandidate
2021-02-08 13:07:16,449 [Thread-672] INFO  server.RaftServerConfigKeys (ConfUtils.java:logGet(44)) - raft.server.leaderelection.pre-vote = false (custom)
2021-02-08 13:07:16,449 [Thread-672] INFO  impl.RoleInfo (RoleInfo.java:updateAndGet(130)) - 61a3106f-4412-450d-ae4e-54e9a62c2593: start 61a3106f-4412-450d-ae4e-54e9a62c2593@group-00049FE86969-LeaderElection23
2021-02-08 13:07:16,452 [61a3106f-4412-450d-ae4e-54e9a62c2593@group-00049FE86969-LeaderElection23] INFO  impl.LeaderElection (LeaderElection.java:askForVotes(307)) - 61a3106f-4412-450d-ae4e-54e9a62c2593@group-00049FE86969-LeaderElection23 ELECTION round 0: submit vote requests at term 1 for -1: [61a3106f-4412-450d-ae4e-54e9a62c2593|rpc:172.17.0.2:44185|priority:1], old=null
2021-02-08 13:07:16,452 [61a3106f-4412-450d-ae4e-54e9a62c2593@group-00049FE86969-LeaderElection23] INFO  impl.LeaderElection (LeaderElection.java:askForVotes(309)) - 61a3106f-4412-450d-ae4e-54e9a62c2593@group-00049FE86969-LeaderElection23 ELECTION round 0: result PASSED (term=1)
2021-02-08 13:07:16,452 [61a3106f-4412-450d-ae4e-54e9a62c2593@group-00049FE86969-LeaderElection23] INFO  impl.RoleInfo (RoleInfo.java:shutdownLeaderElection(121)) - 61a3106f-4412-450d-ae4e-54e9a62c2593: shutdown 61a3106f-4412-450d-ae4e-54e9a62c2593@group-00049FE86969-LeaderElection23
2021-02-08 13:07:16,453 [61a3106f-4412-450d-ae4e-54e9a62c2593@group-00049FE86969-LeaderElection23] INFO  server.RaftServer$Division (RaftServerImpl.java:setRole(284)) - 61a3106f-4412-450d-ae4e-54e9a62c2593@group-00049FE86969: changes role from CANDIDATE to LEADER at term 1 for changeToLeader
2021-02-08 13:07:16,453 [61a3106f-4412-450d-ae4e-54e9a62c2593@group-00049FE86969-LeaderElection23] INFO  ratis.XceiverServerRatis (XceiverServerRatis.java:handleLeaderChangedNotification(899)) - Leader change notification received for group: group-00049FE86969 with new leaderId: 61a3106f-4412-450d-ae4e-54e9a62c2593
2021-02-08 13:07:16,453 [61a3106f-4412-450d-ae4e-54e9a62c2593@group-00049FE86969-LeaderElection23] INFO  server.RaftServer$Division (ServerState.java:setLeader(271)) - 61a3106f-4412-450d-ae4e-54e9a62c2593@group-00049FE86969: change Leader from null to 61a3106f-4412-450d-ae4e-54e9a62c2593 at term 1 for becomeLeader, leader elected after 5148ms
2021-02-08 13:07:16,453 [61a3106f-4412-450d-ae4e-54e9a62c2593@group-00049FE86969-LeaderElection23] INFO  server.RaftServerConfigKeys (ConfUtils.java:logGet(44)) - raft.server.staging.catchup.gap = 1000 (default)
2021-02-08 13:07:16,453 [61a3106f-4412-450d-ae4e-54e9a62c2593@group-00049FE86969-LeaderElection23] INFO  metrics.RatisMetrics (RatisMetrics.java:lambda$create$0(36)) - Creating Metrics Registry : ratis.log_appender.61a3106f-4412-450d-ae4e-54e9a62c2593@group-00049FE86969
2021-02-08 13:07:16,453 [61a3106f-4412-450d-ae4e-54e9a62c2593@group-00049FE86969-LeaderElection23] INFO  server.RaftServerConfigKeys (ConfUtils.java:logGet(44)) - raft.server.write.element-limit = 1024 (custom)
2021-02-08 13:07:16,453 [61a3106f-4412-450d-ae4e-54e9a62c2593@group-00049FE86969-LeaderElection23] INFO  server.RaftServerConfigKeys (ConfUtils.java:logGet(44)) - raft.server.write.byte-limit = 1073741824 (custom)
2021-02-08 13:07:16,454 [EventQueue-PipelineReportForOneReplicaPipelineSafeModeRule] INFO  safemode.SCMSafeModeManager (SCMSafeModeManager.java:validateSafeModeExitRules(214)) - AtleastOneDatanodeReportedRule rule is successfully validated
2021-02-08 13:07:16,454 [EventQueue-OpenPipelineForHealthyPipelineSafeModeRule] INFO  safemode.SCMSafeModeManager (HealthyPipelineSafeModeRule.java:process(128)) - SCM in safe mode. Healthy pipelines reported count is 0, required healthy pipeline reported count is 1
2021-02-08 13:07:16,454 [61a3106f-4412-450d-ae4e-54e9a62c2593@group-00049FE86969-LeaderElection23] INFO  server.RaftServerConfigKeys (ConfUtils.java:logGet(44)) - raft.server.watch.timeout = 3000ms (custom)
2021-02-08 13:07:16,454 [61a3106f-4412-450d-ae4e-54e9a62c2593@group-00049FE86969-LeaderElection23] INFO  server.RaftServerConfigKeys (ConfUtils.java:logGet(44)) - raft.server.watch.timeout.denomination = 1s (default)
2021-02-08 13:07:16,454 [61a3106f-4412-450d-ae4e-54e9a62c2593@group-00049FE86969-LeaderElection23] INFO  server.RaftServerConfigKeys (ConfUtils.java:logGet(44)) - raft.server.watch.element-limit = 65536 (default)
2021-02-08 13:07:16,454 [61a3106f-4412-450d-ae4e-54e9a62c2593@group-00049FE86969-LeaderElection23] INFO  impl.RoleInfo (RoleInfo.java:updateAndGet(130)) - 61a3106f-4412-450d-ae4e-54e9a62c2593: start 61a3106f-4412-450d-ae4e-54e9a62c2593@group-00049FE86969-LeaderStateImpl
2021-02-08 13:07:16,455 [61a3106f-4412-450d-ae4e-54e9a62c2593@group-00049FE86969-LeaderElection23] INFO  segmented.SegmentedRaftLogWorker (SegmentedRaftLogWorker.java:startLogSegment(392)) - 61a3106f-4412-450d-ae4e-54e9a62c2593@group-00049FE86969-SegmentedRaftLogWorker: Starting segment from index:0
2021-02-08 13:07:16,456 [61a3106f-4412-450d-ae4e-54e9a62c2593@group-00049FE86969-SegmentedRaftLogWorker] INFO  segmented.SegmentedRaftLogWorker (SegmentedRaftLogWorker.java:execute(599)) - 61a3106f-4412-450d-ae4e-54e9a62c2593@group-00049FE86969-SegmentedRaftLogWorker: created new log segment /github/workspace/mnt/ozone/hadoop-ozone/integration-test/target/test-dir/MiniOzoneClusterImpl-489e5869-bfe0-4080-b73d-d7b53c96c8d8/datanode-0/data/ratis/319e87cf-fe30-450f-beb4-00049fe86969/current/log_inprogress_0
2021-02-08 13:07:16,459 [61a3106f-4412-450d-ae4e-54e9a62c2593@group-00049FE86969-LeaderElection23] INFO  server.RaftServer$Division (ServerState.java:setRaftConf(373)) - 61a3106f-4412-450d-ae4e-54e9a62c2593@group-00049FE86969: set configuration 0: [61a3106f-4412-450d-ae4e-54e9a62c2593|rpc:172.17.0.2:44185|dataStream:|priority:1], old=null
2021-02-08 13:07:16,480 [Thread-676] INFO  impl.FollowerState (FollowerState.java:run(133)) - fc0eeb26-f5a4-40eb-8987-0eeb9e81290f@group-CB02C2DB3C87-FollowerState: change to CANDIDATE, lastRpcElapsedTime:5120026232ns, electionTimeout:5119ms
2021-02-08 13:07:16,480 [Thread-676] INFO  impl.RoleInfo (RoleInfo.java:shutdownFollowerState(108)) - fc0eeb26-f5a4-40eb-8987-0eeb9e81290f: shutdown fc0eeb26-f5a4-40eb-8987-0eeb9e81290f@group-CB02C2DB3C87-FollowerState
2021-02-08 13:07:16,480 [Thread-676] INFO  server.RaftServer$Division (RaftServerImpl.java:setRole(284)) - fc0eeb26-f5a4-40eb-8987-0eeb9e81290f@group-CB02C2DB3C87: changes role from  FOLLOWER to CANDIDATE at term 0 for changeToCandidate
2021-02-08 13:07:16,481 [Thread-676] INFO  server.RaftServerConfigKeys (ConfUtils.java:logGet(44)) - raft.server.leaderelection.pre-vote = false (custom)
2021-02-08 13:07:16,481 [Thread-676] INFO  impl.RoleInfo (RoleInfo.java:updateAndGet(130)) - fc0eeb26-f5a4-40eb-8987-0eeb9e81290f: start fc0eeb26-f5a4-40eb-8987-0eeb9e81290f@group-CB02C2DB3C87-LeaderElection24
2021-02-08 13:07:16,484 [fc0eeb26-f5a4-40eb-8987-0eeb9e81290f@group-CB02C2DB3C87-LeaderElection24] INFO  impl.LeaderElection (LeaderElection.java:askForVotes(307)) - fc0eeb26-f5a4-40eb-8987-0eeb9e81290f@group-CB02C2DB3C87-LeaderElection24 ELECTION round 0: submit vote requests at term 1 for -1: [76df9516-c5cc-44f1-9ecc-163502ad41b5|rpc:172.17.0.2:33219|dataStream:|priority:0, fc0eeb26-f5a4-40eb-8987-0eeb9e81290f|rpc:172.17.0.2:39069|dataStream:|priority:1, 61a3106f-4412-450d-ae4e-54e9a62c2593|rpc:172.17.0.2:44185|dataStream:|priority:0], old=null
2021-02-08 13:07:16,490 [Thread-684] INFO  impl.FollowerState (FollowerState.java:run(133)) - 76df9516-c5cc-44f1-9ecc-163502ad41b5@group-A9061CC89C88-FollowerState: change to CANDIDATE, lastRpcElapsedTime:5065002152ns, electionTimeout:5064ms
2021-02-08 13:07:16,490 [Thread-684] INFO  impl.RoleInfo (RoleInfo.java:shutdownFollowerState(108)) - 76df9516-c5cc-44f1-9ecc-163502ad41b5: shutdown 76df9516-c5cc-44f1-9ecc-163502ad41b5@group-A9061CC89C88-FollowerState
2021-02-08 13:07:16,490 [Thread-684] INFO  server.RaftServer$Division (RaftServerImpl.java:setRole(284)) - 76df9516-c5cc-44f1-9ecc-163502ad41b5@group-A9061CC89C88: changes role from  FOLLOWER to CANDIDATE at term 0 for changeToCandidate
2021-02-08 13:07:16,491 [Thread-684] INFO  server.RaftServerConfigKeys (ConfUtils.java:logGet(44)) - raft.server.leaderelection.pre-vote = false (custom)
2021-02-08 13:07:16,491 [Thread-684] INFO  impl.RoleInfo (RoleInfo.java:updateAndGet(130)) - 76df9516-c5cc-44f1-9ecc-163502ad41b5: start 76df9516-c5cc-44f1-9ecc-163502ad41b5@group-A9061CC89C88-LeaderElection25
2021-02-08 13:07:16,497 [Thread-679] INFO  impl.FollowerState (FollowerState.java:run(133)) - 76df9516-c5cc-44f1-9ecc-163502ad41b5@group-CB02C2DB3C87-FollowerState: change to CANDIDATE, lastRpcElapsedTime:5108954715ns, electionTimeout:5107ms
2021-02-08 13:07:16,497 [grpc-default-executor-3] INFO  server.RaftServer$Division (RaftServerImpl.java:requestVote(1025)) - 76df9516-c5cc-44f1-9ecc-163502ad41b5@group-CB02C2DB3C87: receive requestVote(ELECTION, fc0eeb26-f5a4-40eb-8987-0eeb9e81290f, group-CB02C2DB3C87, 1, (t:0, i:0))
2021-02-08 13:07:16,497 [Thread-679] INFO  impl.RoleInfo (RoleInfo.java:shutdownFollowerState(108)) - 76df9516-c5cc-44f1-9ecc-163502ad41b5: shutdown 76df9516-c5cc-44f1-9ecc-163502ad41b5@group-CB02C2DB3C87-FollowerState
2021-02-08 13:07:16,497 [Thread-679] INFO  server.RaftServer$Division (RaftServerImpl.java:setRole(284)) - 76df9516-c5cc-44f1-9ecc-163502ad41b5@group-CB02C2DB3C87: changes role from  FOLLOWER to CANDIDATE at term 0 for changeToCandidate
2021-02-08 13:07:16,497 [Thread-679] INFO  server.RaftServerConfigKeys (ConfUtils.java:logGet(44)) - raft.server.leaderelection.pre-vote = false (custom)
2021-02-08 13:07:16,497 [Thread-679] INFO  impl.RoleInfo (RoleInfo.java:updateAndGet(130)) - 76df9516-c5cc-44f1-9ecc-163502ad41b5: start 76df9516-c5cc-44f1-9ecc-163502ad41b5@group-CB02C2DB3C87-LeaderElection26
2021-02-08 13:07:16,502 [grpc-default-executor-3] INFO  impl.VoteContext (VoteContext.java:log(48)) - 76df9516-c5cc-44f1-9ecc-163502ad41b5@group-CB02C2DB3C87-CANDIDATE: accept ELECTION from fc0eeb26-f5a4-40eb-8987-0eeb9e81290f: our priority 0 <= candidate's priority 1
2021-02-08 13:07:16,502 [grpc-default-executor-3] INFO  server.RaftServer$Division (RaftServerImpl.java:setRole(284)) - 76df9516-c5cc-44f1-9ecc-163502ad41b5@group-CB02C2DB3C87: changes role from CANDIDATE to FOLLOWER at term 1 for candidate:fc0eeb26-f5a4-40eb-8987-0eeb9e81290f
2021-02-08 13:07:16,502 [grpc-default-executor-3] INFO  impl.RoleInfo (RoleInfo.java:shutdownLeaderElection(121)) - 76df9516-c5cc-44f1-9ecc-163502ad41b5: shutdown 76df9516-c5cc-44f1-9ecc-163502ad41b5@group-CB02C2DB3C87-LeaderElection26
2021-02-08 13:07:16,502 [grpc-default-executor-3] INFO  impl.RoleInfo (RoleInfo.java:updateAndGet(130)) - 76df9516-c5cc-44f1-9ecc-163502ad41b5: start 76df9516-c5cc-44f1-9ecc-163502ad41b5@group-CB02C2DB3C87-FollowerState
2021-02-08 13:07:16,504 [grpc-default-executor-2] INFO  metrics.RatisMetrics (RatisMetrics.java:lambda$create$0(36)) - Creating Metrics Registry : ratis.server_message_metrics.61a3106f-4412-450d-ae4e-54e9a62c2593
2021-02-08 13:07:16,504 [grpc-default-executor-3] INFO  server.RaftServer$Division (RaftServerImpl.java:requestVote(1057)) - 76df9516-c5cc-44f1-9ecc-163502ad41b5@group-CB02C2DB3C87 replies to ELECTION vote request: fc0eeb26-f5a4-40eb-8987-0eeb9e81290f<-76df9516-c5cc-44f1-9ecc-163502ad41b5#0:OK-t1. Peer's state: 76df9516-c5cc-44f1-9ecc-163502ad41b5@group-CB02C2DB3C87:t1, leader=null, voted=fc0eeb26-f5a4-40eb-8987-0eeb9e81290f, raftlog=76df9516-c5cc-44f1-9ecc-163502ad41b5@group-CB02C2DB3C87-SegmentedRaftLog:OPENED:c-1,f-1,i0, conf=-1: [76df9516-c5cc-44f1-9ecc-163502ad41b5|rpc:172.17.0.2:33219|dataStream:|priority:0, fc0eeb26-f5a4-40eb-8987-0eeb9e81290f|rpc:172.17.0.2:39069|dataStream:|priority:1, 61a3106f-4412-450d-ae4e-54e9a62c2593|rpc:172.17.0.2:44185|dataStream:|priority:0], old=null
2021-02-08 13:07:16,505 [76df9516-c5cc-44f1-9ecc-163502ad41b5@group-A9061CC89C88-LeaderElection25] INFO  impl.LeaderElection (LeaderElection.java:askForVotes(307)) - 76df9516-c5cc-44f1-9ecc-163502ad41b5@group-A9061CC89C88-LeaderElection25 ELECTION round 0: submit vote requests at term 1 for -1: [76df9516-c5cc-44f1-9ecc-163502ad41b5|rpc:172.17.0.2:33219|dataStream:|priority:1, fc0eeb26-f5a4-40eb-8987-0eeb9e81290f|rpc:172.17.0.2:39069|dataStream:|priority:0, 61a3106f-4412-450d-ae4e-54e9a62c2593|rpc:172.17.0.2:44185|dataStream:|priority:0], old=null
2021-02-08 13:07:16,506 [grpc-default-executor-2] INFO  server.RaftServer$Division (RaftServerImpl.java:requestVote(1025)) - 61a3106f-4412-450d-ae4e-54e9a62c2593@group-CB02C2DB3C87: receive requestVote(ELECTION, fc0eeb26-f5a4-40eb-8987-0eeb9e81290f, group-CB02C2DB3C87, 1, (t:0, i:0))
2021-02-08 13:07:16,511 [EventQueue-OpenPipelineForHealthyPipelineSafeModeRule] INFO  safemode.SCMSafeModeManager (HealthyPipelineSafeModeRule.java:process(128)) - SCM in safe mode. Healthy pipelines reported count is 0, required healthy pipeline reported count is 1
2021-02-08 13:07:16,511 [EventQueue-PipelineReportForOneReplicaPipelineSafeModeRule] INFO  safemode.SCMSafeModeManager (SCMSafeModeManager.java:validateSafeModeExitRules(214)) - AtleastOneDatanodeReportedRule rule is successfully validated
2021-02-08 13:07:16,510 [fc0eeb26-f5a4-40eb-8987-0eeb9e81290f@group-CB02C2DB3C87-LeaderElection24] INFO  impl.LeaderElection (LeaderElection.java:logAndReturn(89)) - fc0eeb26-f5a4-40eb-8987-0eeb9e81290f@group-CB02C2DB3C87-LeaderElection24: ELECTION PASSED received 1 response(s) and 0 exception(s):
2021-02-08 13:07:16,513 [fc0eeb26-f5a4-40eb-8987-0eeb9e81290f@group-CB02C2DB3C87-LeaderElection24] INFO  impl.LeaderElection (LeaderElection.java:logAndReturn(93)) -   Response 0: fc0eeb26-f5a4-40eb-8987-0eeb9e81290f<-76df9516-c5cc-44f1-9ecc-163502ad41b5#0:OK-t1
2021-02-08 13:07:16,513 [fc0eeb26-f5a4-40eb-8987-0eeb9e81290f@group-CB02C2DB3C87-LeaderElection24] INFO  impl.LeaderElection (LeaderElection.java:askForVotes(309)) - fc0eeb26-f5a4-40eb-8987-0eeb9e81290f@group-CB02C2DB3C87-LeaderElection24 ELECTION round 0: result PASSED
2021-02-08 13:07:16,513 [fc0eeb26-f5a4-40eb-8987-0eeb9e81290f@group-CB02C2DB3C87-LeaderElection24] INFO  impl.RoleInfo (RoleInfo.java:shutdownLeaderElection(121)) - fc0eeb26-f5a4-40eb-8987-0eeb9e81290f: shutdown fc0eeb26-f5a4-40eb-8987-0eeb9e81290f@group-CB02C2DB3C87-LeaderElection24
2021-02-08 13:07:16,513 [fc0eeb26-f5a4-40eb-8987-0eeb9e81290f@group-CB02C2DB3C87-LeaderElection24] INFO  server.RaftServer$Division (RaftServerImpl.java:setRole(284)) - fc0eeb26-f5a4-40eb-8987-0eeb9e81290f@group-CB02C2DB3C87: changes role from CANDIDATE to LEADER at term 1 for changeToLeader
2021-02-08 13:07:16,513 [fc0eeb26-f5a4-40eb-8987-0eeb9e81290f@group-CB02C2DB3C87-LeaderElection24] INFO  ratis.XceiverServerRatis (XceiverServerRatis.java:handleLeaderChangedNotification(899)) - Leader change notification received for group: group-CB02C2DB3C87 with new leaderId: fc0eeb26-f5a4-40eb-8987-0eeb9e81290f
2021-02-08 13:07:16,513 [fc0eeb26-f5a4-40eb-8987-0eeb9e81290f@group-CB02C2DB3C87-LeaderElection24] INFO  server.RaftServer$Division (ServerState.java:setLeader(271)) - fc0eeb26-f5a4-40eb-8987-0eeb9e81290f@group-CB02C2DB3C87: change Leader from null to fc0eeb26-f5a4-40eb-8987-0eeb9e81290f at term 1 for becomeLeader, leader elected after 5163ms
2021-02-08 13:07:16,513 [fc0eeb26-f5a4-40eb-8987-0eeb9e81290f@group-CB02C2DB3C87-LeaderElection24] INFO  server.RaftServerConfigKeys (ConfUtils.java:logGet(44)) - raft.server.staging.catchup.gap = 1000 (default)
2021-02-08 13:07:16,513 [fc0eeb26-f5a4-40eb-8987-0eeb9e81290f@group-CB02C2DB3C87-LeaderElection24] INFO  metrics.RatisMetrics (RatisMetrics.java:lambda$create$0(36)) - Creating Metrics Registry : ratis.log_appender.fc0eeb26-f5a4-40eb-8987-0eeb9e81290f@group-CB02C2DB3C87
2021-02-08 13:07:16,514 [fc0eeb26-f5a4-40eb-8987-0eeb9e81290f@group-CB02C2DB3C87-LeaderElection24] INFO  server.RaftServerConfigKeys (ConfUtils.java:logGet(44)) - raft.server.write.element-limit = 1024 (custom)
2021-02-08 13:07:16,514 [fc0eeb26-f5a4-40eb-8987-0eeb9e81290f@group-CB02C2DB3C87-LeaderElection24] INFO  server.RaftServerConfigKeys (ConfUtils.java:logGet(44)) - raft.server.write.byte-limit = 1073741824 (custom)
2021-02-08 13:07:16,514 [fc0eeb26-f5a4-40eb-8987-0eeb9e81290f@group-CB02C2DB3C87-LeaderElection24] INFO  server.RaftServerConfigKeys (ConfUtils.java:logGet(44)) - raft.server.watch.timeout = 3000ms (custom)
2021-02-08 13:07:16,514 [fc0eeb26-f5a4-40eb-8987-0eeb9e81290f@group-CB02C2DB3C87-LeaderElection24] INFO  server.RaftServerConfigKeys (ConfUtils.java:logGet(44)) - raft.server.watch.timeout.denomination = 1s (default)
2021-02-08 13:07:16,514 [fc0eeb26-f5a4-40eb-8987-0eeb9e81290f@group-CB02C2DB3C87-LeaderElection24] INFO  server.RaftServerConfigKeys (ConfUtils.java:logGet(44)) - raft.server.watch.element-limit = 65536 (default)
2021-02-08 13:07:16,514 [fc0eeb26-f5a4-40eb-8987-0eeb9e81290f@group-CB02C2DB3C87-LeaderElection24] INFO  server.RaftServerConfigKeys (ConfUtils.java:logGet(44)) - raft.server.log.appender.snapshot.chunk.size.max = 16MB (=16777216) (default)
2021-02-08 13:07:16,514 [fc0eeb26-f5a4-40eb-8987-0eeb9e81290f@group-CB02C2DB3C87-LeaderElection24] INFO  server.RaftServerConfigKeys (ConfUtils.java:logGet(44)) - raft.server.log.appender.buffer.byte-limit = 33554432 (custom)
2021-02-08 13:07:16,514 [fc0eeb26-f5a4-40eb-8987-0eeb9e81290f@group-CB02C2DB3C87-LeaderElection24] INFO  server.RaftServerConfigKeys (ConfUtils.java:logGet(44)) - raft.server.log.appender.buffer.element-limit = 1 (custom)
2021-02-08 13:07:16,514 [fc0eeb26-f5a4-40eb-8987-0eeb9e81290f@group-CB02C2DB3C87-LeaderElection24] INFO  grpc.GrpcConfigKeys (ConfUtils.java:logGet(44)) - raft.grpc.server.leader.outstanding.appends.max = 128 (default)
2021-02-08 13:07:16,515 [fc0eeb26-f5a4-40eb-8987-0eeb9e81290f@group-CB02C2DB3C87-LeaderElection24] INFO  server.RaftServerConfigKeys (ConfUtils.java:logGet(44)) - raft.server.rpc.request.timeout = 3000ms (default)
2021-02-08 13:07:16,515 [fc0eeb26-f5a4-40eb-8987-0eeb9e81290f@group-CB02C2DB3C87-LeaderElection24] INFO  server.RaftServerConfigKeys (ConfUtils.java:logGet(44)) - raft.server.log.appender.install.snapshot.enabled = false (custom)
2021-02-08 13:07:16,515 [fc0eeb26-f5a4-40eb-8987-0eeb9e81290f@group-CB02C2DB3C87-LeaderElection24] INFO  metrics.RatisMetrics (RatisMetrics.java:lambda$create$0(36)) - Creating Metrics Registry : ratis_grpc.log_appender.fc0eeb26-f5a4-40eb-8987-0eeb9e81290f@group-CB02C2DB3C87
2021-02-08 13:07:16,512 [grpc-default-executor-2] INFO  impl.VoteContext (VoteContext.java:log(48)) - 61a3106f-4412-450d-ae4e-54e9a62c2593@group-CB02C2DB3C87-FOLLOWER: accept ELECTION from fc0eeb26-f5a4-40eb-8987-0eeb9e81290f: our priority 0 <= candidate's priority 1
2021-02-08 13:07:16,516 [grpc-default-executor-2] INFO  server.RaftServer$Division (RaftServerImpl.java:setRole(284)) - 61a3106f-4412-450d-ae4e-54e9a62c2593@group-CB02C2DB3C87: changes role from  FOLLOWER to FOLLOWER at term 1 for candidate:fc0eeb26-f5a4-40eb-8987-0eeb9e81290f
2021-02-08 13:07:16,516 [grpc-default-executor-2] INFO  impl.RoleInfo (RoleInfo.java:shutdownFollowerState(108)) - 61a3106f-4412-450d-ae4e-54e9a62c2593: shutdown 61a3106f-4412-450d-ae4e-54e9a62c2593@group-CB02C2DB3C87-FollowerState
2021-02-08 13:07:16,516 [grpc-default-executor-2] INFO  impl.RoleInfo (RoleInfo.java:updateAndGet(130)) - 61a3106f-4412-450d-ae4e-54e9a62c2593: start 61a3106f-4412-450d-ae4e-54e9a62c2593@group-CB02C2DB3C87-FollowerState
2021-02-08 13:07:16,516 [fc0eeb26-f5a4-40eb-8987-0eeb9e81290f@group-CB02C2DB3C87-LeaderElection24] INFO  server.RaftServerConfigKeys (ConfUtils.java:logGet(44)) - raft.server.log.appender.snapshot.chunk.size.max = 16MB (=16777216) (default)
2021-02-08 13:07:16,516 [fc0eeb26-f5a4-40eb-8987-0eeb9e81290f@group-CB02C2DB3C87-LeaderElection24] INFO  server.RaftServerConfigKeys (ConfUtils.java:logGet(44)) - raft.server.log.appender.buffer.byte-limit = 33554432 (custom)
2021-02-08 13:07:16,517 [fc0eeb26-f5a4-40eb-8987-0eeb9e81290f@group-CB02C2DB3C87-LeaderElection24] INFO  server.RaftServerConfigKeys (ConfUtils.java:logGet(44)) - raft.server.log.appender.buffer.element-limit = 1 (custom)
2021-02-08 13:07:16,522 [fc0eeb26-f5a4-40eb-8987-0eeb9e81290f@group-CB02C2DB3C87-LeaderElection24] INFO  grpc.GrpcConfigKeys (ConfUtils.java:logGet(44)) - raft.grpc.server.leader.outstanding.appends.max = 128 (default)
2021-02-08 13:07:16,522 [fc0eeb26-f5a4-40eb-8987-0eeb9e81290f@group-CB02C2DB3C87-LeaderElection24] INFO  server.RaftServerConfigKeys (ConfUtils.java:logGet(44)) - raft.server.rpc.request.timeout = 3000ms (default)
2021-02-08 13:07:16,522 [fc0eeb26-f5a4-40eb-8987-0eeb9e81290f@group-CB02C2DB3C87-LeaderElection24] INFO  server.RaftServerConfigKeys (ConfUtils.java:logGet(44)) - raft.server.log.appender.install.snapshot.enabled = false (custom)
2021-02-08 13:07:16,525 [EventQueue-PipelineReportForPipelineReportHandler] INFO  pipeline.PipelineStateManager (PipelineStateManager.java:openPipeline(132)) - Pipeline Pipeline[ Id: a11de40c-9c50-46d9-a87a-cb02c2db3c87, Nodes: fc0eeb26-f5a4-40eb-8987-0eeb9e81290f{ip: 172.17.0.2, host: c20f386514e7, ports: [REPLICATION=32897, RATIS=39069, RATIS_ADMIN=39069, RATIS_SERVER=39069, STANDALONE=34631], networkLocation: /default-rack, certSerialId: null, persistedOpState: IN_SERVICE, persistedOpStateExpiryEpochSec: 0}61a3106f-4412-450d-ae4e-54e9a62c2593{ip: 172.17.0.2, host: c20f386514e7, ports: [REPLICATION=34163, RATIS=44185, RATIS_ADMIN=44185, RATIS_SERVER=44185, STANDALONE=42293], networkLocation: /default-rack, certSerialId: null, persistedOpState: IN_SERVICE, persistedOpStateExpiryEpochSec: 0}76df9516-c5cc-44f1-9ecc-163502ad41b5{ip: 172.17.0.2, host: c20f386514e7, ports: [REPLICATION=42573, RATIS=33219, RATIS_ADMIN=33219, RATIS_SERVER=33219, STANDALONE=41883], networkLocation: /default-rack, certSerialId: null, persistedOpState: IN_SERVICE, persistedOpStateExpiryEpochSec: 0}, Type:RATIS, Factor:THREE, State:ALLOCATED, leaderId:fc0eeb26-f5a4-40eb-8987-0eeb9e81290f, CreationTimestamp2021-02-08T13:07:08.713Z] moved to OPEN state
2021-02-08 13:07:16,525 [EventQueue-PipelineReportForOneReplicaPipelineSafeModeRule] INFO  safemode.SCMSafeModeManager (SCMSafeModeManager.java:validateSafeModeExitRules(214)) - AtleastOneDatanodeReportedRule rule is successfully validated
2021-02-08 13:07:16,525 [EventQueue-OpenPipelineForHealthyPipelineSafeModeRule] INFO  safemode.SCMSafeModeManager (HealthyPipelineSafeModeRule.java:process(128)) - SCM in safe mode. Healthy pipelines reported count is 0, required healthy pipeline reported count is 1
2021-02-08 13:07:16,525 [EventQueue-OpenPipelineForHealthyPipelineSafeModeRule] INFO  safemode.SCMSafeModeManager (HealthyPipelineSafeModeRule.java:process(128)) - SCM in safe mode. Healthy pipelines reported count is 1, required healthy pipeline reported count is 1
2021-02-08 13:07:16,525 [EventQueue-OpenPipelineForHealthyPipelineSafeModeRule] INFO  safemode.SCMSafeModeManager (SCMSafeModeManager.java:validateSafeModeExitRules(214)) - HealthyPipelineSafeModeRule rule is successfully validated
2021-02-08 13:07:16,526 [EventQueue-OpenPipelineForHealthyPipelineSafeModeRule] INFO  safemode.SCMSafeModeManager (SCMSafeModeManager.java:validateSafeModeExitRules(228)) - ScmSafeModeManager, all rules are successfully validated
2021-02-08 13:07:16,526 [EventQueue-OpenPipelineForHealthyPipelineSafeModeRule] INFO  safemode.SCMSafeModeManager (SCMSafeModeManager.java:exitSafeMode(257)) - SCM exiting safe mode.
2021-02-08 13:07:16,526 [grpc-default-executor-2] INFO  server.RaftServer$Division (RaftServerImpl.java:requestVote(1057)) - 61a3106f-4412-450d-ae4e-54e9a62c2593@group-CB02C2DB3C87 replies to ELECTION vote request: fc0eeb26-f5a4-40eb-8987-0eeb9e81290f<-61a3106f-4412-450d-ae4e-54e9a62c2593#0:OK-t1. Peer's state: 61a3106f-4412-450d-ae4e-54e9a62c2593@group-CB02C2DB3C87:t1, leader=null, voted=fc0eeb26-f5a4-40eb-8987-0eeb9e81290f, raftlog=61a3106f-4412-450d-ae4e-54e9a62c2593@group-CB02C2DB3C87-SegmentedRaftLog:OPENED:c-1,f-1,i0, conf=-1: [76df9516-c5cc-44f1-9ecc-163502ad41b5|rpc:172.17.0.2:33219|priority:0, fc0eeb26-f5a4-40eb-8987-0eeb9e81290f|rpc:172.17.0.2:39069|priority:1, 61a3106f-4412-450d-ae4e-54e9a62c2593|rpc:172.17.0.2:44185|priority:0], old=null
2021-02-08 13:07:16,526 [Thread-674] INFO  impl.FollowerState (FollowerState.java:run(133)) - 61a3106f-4412-450d-ae4e-54e9a62c2593@group-CB02C2DB3C87-FollowerState: change to CANDIDATE, lastRpcElapsedTime:5194771045ns, electionTimeout:5183ms
2021-02-08 13:07:16,526 [Thread-674] INFO  impl.RoleInfo (RoleInfo.java:shutdownFollowerState(108)) - 61a3106f-4412-450d-ae4e-54e9a62c2593: shutdown 61a3106f-4412-450d-ae4e-54e9a62c2593@group-CB02C2DB3C87-FollowerState
2021-02-08 13:07:16,529 [fc0eeb26-f5a4-40eb-8987-0eeb9e81290f@group-CB02C2DB3C87-LeaderElection24] INFO  impl.RoleInfo (RoleInfo.java:updateAndGet(130)) - fc0eeb26-f5a4-40eb-8987-0eeb9e81290f: start fc0eeb26-f5a4-40eb-8987-0eeb9e81290f@group-CB02C2DB3C87-LeaderStateImpl
2021-02-08 13:07:16,534 [Thread-674] INFO  server.RaftServer$Division (RaftServerImpl.java:setRole(284)) - 61a3106f-4412-450d-ae4e-54e9a62c2593@group-CB02C2DB3C87: changes role from  FOLLOWER to CANDIDATE at term 1 for changeToCandidate
2021-02-08 13:07:16,534 [Thread-674] INFO  server.RaftServerConfigKeys (ConfUtils.java:logGet(44)) - raft.server.leaderelection.pre-vote = false (custom)
2021-02-08 13:07:16,534 [Thread-674] INFO  impl.RoleInfo (RoleInfo.java:updateAndGet(130)) - 61a3106f-4412-450d-ae4e-54e9a62c2593: start 61a3106f-4412-450d-ae4e-54e9a62c2593@group-CB02C2DB3C87-LeaderElection27
2021-02-08 13:07:16,535 [grpc-default-executor-3] INFO  server.RaftServer$Division (RaftServerImpl.java:requestVote(1025)) - fc0eeb26-f5a4-40eb-8987-0eeb9e81290f@group-A9061CC89C88: receive requestVote(ELECTION, 76df9516-c5cc-44f1-9ecc-163502ad41b5, group-A9061CC89C88, 1, (t:0, i:0))
2021-02-08 13:07:16,535 [grpc-default-executor-3] INFO  impl.VoteContext (VoteContext.java:log(48)) - fc0eeb26-f5a4-40eb-8987-0eeb9e81290f@group-A9061CC89C88-FOLLOWER: accept ELECTION from 76df9516-c5cc-44f1-9ecc-163502ad41b5: our priority 0 <= candidate's priority 1
2021-02-08 13:07:16,535 [grpc-default-executor-3] INFO  server.RaftServer$Division (RaftServerImpl.java:setRole(284)) - fc0eeb26-f5a4-40eb-8987-0eeb9e81290f@group-A9061CC89C88: changes role from  FOLLOWER to FOLLOWER at term 1 for candidate:76df9516-c5cc-44f1-9ecc-163502ad41b5
2021-02-08 13:07:16,535 [grpc-default-executor-3] INFO  impl.RoleInfo (RoleInfo.java:shutdownFollowerState(108)) - fc0eeb26-f5a4-40eb-8987-0eeb9e81290f: shutdown fc0eeb26-f5a4-40eb-8987-0eeb9e81290f@group-A9061CC89C88-FollowerState
2021-02-08 13:07:16,535 [grpc-default-executor-3] INFO  impl.RoleInfo (RoleInfo.java:updateAndGet(130)) - fc0eeb26-f5a4-40eb-8987-0eeb9e81290f: start fc0eeb26-f5a4-40eb-8987-0eeb9e81290f@group-A9061CC89C88-FollowerState
2021-02-08 13:07:16,535 [Thread-687] INFO  impl.FollowerState (FollowerState.java:run(142)) - fc0eeb26-f5a4-40eb-8987-0eeb9e81290f@group-A9061CC89C88-FollowerState was interrupted: {}
java.lang.InterruptedException: sleep interrupted
	at java.lang.Thread.sleep(Native Method)
	at java.lang.Thread.sleep(Thread.java:340)
	at java.util.concurrent.TimeUnit.sleep(TimeUnit.java:386)
	at org.apache.ratis.util.TimeDuration.sleep(TimeDuration.java:324)
	at org.apache.ratis.util.TimeDuration.sleep(TimeDuration.java:309)
	at org.apache.ratis.server.impl.FollowerState.run(FollowerState.java:117)
2021-02-08 13:07:16,545 [grpc-default-executor-2] INFO  server.RaftServer$Division (RaftServerImpl.java:requestVote(1025)) - 61a3106f-4412-450d-ae4e-54e9a62c2593@group-A9061CC89C88: receive requestVote(ELECTION, 76df9516-c5cc-44f1-9ecc-163502ad41b5, group-A9061CC89C88, 1, (t:0, i:0))
2021-02-08 13:07:16,545 [grpc-default-executor-2] INFO  impl.VoteContext (VoteContext.java:log(48)) - 61a3106f-4412-450d-ae4e-54e9a62c2593@group-A9061CC89C88-FOLLOWER: accept ELECTION from 76df9516-c5cc-44f1-9ecc-163502ad41b5: our priority 0 <= candidate's priority 1
2021-02-08 13:07:16,545 [grpc-default-executor-2] INFO  server.RaftServer$Division (RaftServerImpl.java:setRole(284)) - 61a3106f-4412-450d-ae4e-54e9a62c2593@group-A9061CC89C88: changes role from  FOLLOWER to FOLLOWER at term 1 for candidate:76df9516-c5cc-44f1-9ecc-163502ad41b5
2021-02-08 13:07:16,545 [61a3106f-4412-450d-ae4e-54e9a62c2593@group-CB02C2DB3C87-LeaderElection27] INFO  impl.LeaderElection (LeaderElection.java:askForVotes(307)) - 61a3106f-4412-450d-ae4e-54e9a62c2593@group-CB02C2DB3C87-LeaderElection27 ELECTION round 0: submit vote requests at term 2 for -1: [76df9516-c5cc-44f1-9ecc-163502ad41b5|rpc:172.17.0.2:33219|priority:0, fc0eeb26-f5a4-40eb-8987-0eeb9e81290f|rpc:172.17.0.2:39069|priority:1, 61a3106f-4412-450d-ae4e-54e9a62c2593|rpc:172.17.0.2:44185|priority:0], old=null
2021-02-08 13:07:16,545 [grpc-default-executor-2] INFO  impl.RoleInfo (RoleInfo.java:shutdownFollowerState(108)) - 61a3106f-4412-450d-ae4e-54e9a62c2593: shutdown 61a3106f-4412-450d-ae4e-54e9a62c2593@group-A9061CC89C88-FollowerState
2021-02-08 13:07:16,546 [fc0eeb26-f5a4-40eb-8987-0eeb9e81290f@group-CB02C2DB3C87-LeaderElection24] INFO  segmented.SegmentedRaftLogWorker (SegmentedRaftLogWorker.java:startLogSegment(392)) - fc0eeb26-f5a4-40eb-8987-0eeb9e81290f@group-CB02C2DB3C87-SegmentedRaftLogWorker: Starting segment from index:0
2021-02-08 13:07:16,562 [grpc-default-executor-1] INFO  server.RaftServer$Division (RaftServerImpl.java:requestVote(1025)) - 76df9516-c5cc-44f1-9ecc-163502ad41b5@group-CB02C2DB3C87: receive requestVote(ELECTION, 61a3106f-4412-450d-ae4e-54e9a62c2593, group-CB02C2DB3C87, 2, (t:0, i:0))
2021-02-08 13:07:16,562 [grpc-default-executor-1] INFO  impl.VoteContext (VoteContext.java:log(48)) - 76df9516-c5cc-44f1-9ecc-163502ad41b5@group-CB02C2DB3C87-FOLLOWER: accept ELECTION from 61a3106f-4412-450d-ae4e-54e9a62c2593: our priority 0 <= candidate's priority 0
2021-02-08 13:07:16,562 [grpc-default-executor-1] INFO  server.RaftServer$Division (RaftServerImpl.java:setRole(284)) - 76df9516-c5cc-44f1-9ecc-163502ad41b5@group-CB02C2DB3C87: changes role from  FOLLOWER to FOLLOWER at term 2 for candidate:61a3106f-4412-450d-ae4e-54e9a62c2593
2021-02-08 13:07:16,562 [grpc-default-executor-1] INFO  impl.RoleInfo (RoleInfo.java:shutdownFollowerState(108)) - 76df9516-c5cc-44f1-9ecc-163502ad41b5: shutdown 76df9516-c5cc-44f1-9ecc-163502ad41b5@group-CB02C2DB3C87-FollowerState
2021-02-08 13:07:16,562 [Thread-682] INFO  impl.FollowerState (FollowerState.java:run(142)) - 61a3106f-4412-450d-ae4e-54e9a62c2593@group-A9061CC89C88-FollowerState was interrupted: {}
java.lang.InterruptedException: sleep interrupted
	at java.lang.Thread.sleep(Native Method)
	at java.lang.Thread.sleep(Thread.java:340)
	at java.util.concurrent.TimeUnit.sleep(TimeUnit.java:386)
	at org.apache.ratis.util.TimeDuration.sleep(TimeDuration.java:324)
	at org.apache.ratis.util.TimeDuration.sleep(TimeDuration.java:309)
	at org.apache.ratis.server.impl.FollowerState.run(FollowerState.java:117)
2021-02-08 13:07:16,563 [grpc-default-executor-1] INFO  impl.RoleInfo (RoleInfo.java:updateAndGet(130)) - 76df9516-c5cc-44f1-9ecc-163502ad41b5: start 76df9516-c5cc-44f1-9ecc-163502ad41b5@group-CB02C2DB3C87-FollowerState
2021-02-08 13:07:16,563 [fc0eeb26-f5a4-40eb-8987-0eeb9e81290f@group-CB02C2DB3C87-SegmentedRaftLogWorker] INFO  segmented.SegmentedRaftLogWorker (SegmentedRaftLogWorker.java:execute(599)) - fc0eeb26-f5a4-40eb-8987-0eeb9e81290f@group-CB02C2DB3C87-SegmentedRaftLogWorker: created new log segment /github/workspace/mnt/ozone/hadoop-ozone/integration-test/target/test-dir/MiniOzoneClusterImpl-489e5869-bfe0-4080-b73d-d7b53c96c8d8/datanode-2/data/ratis/a11de40c-9c50-46d9-a87a-cb02c2db3c87/current/log_inprogress_0
2021-02-08 13:07:16,563 [Thread-724] INFO  impl.FollowerState (FollowerState.java:run(142)) - 76df9516-c5cc-44f1-9ecc-163502ad41b5@group-CB02C2DB3C87-FollowerState was interrupted: {}
java.lang.InterruptedException: sleep interrupted
	at java.lang.Thread.sleep(Native Method)
	at java.lang.Thread.sleep(Thread.java:340)
	at java.util.concurrent.TimeUnit.sleep(TimeUnit.java:386)
	at org.apache.ratis.util.TimeDuration.sleep(TimeDuration.java:324)
	at org.apache.ratis.util.TimeDuration.sleep(TimeDuration.java:309)
	at org.apache.ratis.server.impl.FollowerState.run(FollowerState.java:117)
2021-02-08 13:07:16,565 [grpc-default-executor-3] INFO  server.RaftServer$Division (RaftServerImpl.java:requestVote(1057)) - fc0eeb26-f5a4-40eb-8987-0eeb9e81290f@group-A9061CC89C88 replies to ELECTION vote request: 76df9516-c5cc-44f1-9ecc-163502ad41b5<-fc0eeb26-f5a4-40eb-8987-0eeb9e81290f#0:OK-t1. Peer's state: fc0eeb26-f5a4-40eb-8987-0eeb9e81290f@group-A9061CC89C88:t1, leader=null, voted=76df9516-c5cc-44f1-9ecc-163502ad41b5, raftlog=fc0eeb26-f5a4-40eb-8987-0eeb9e81290f@group-A9061CC89C88-SegmentedRaftLog:OPENED:c-1,f-1,i0, conf=-1: [76df9516-c5cc-44f1-9ecc-163502ad41b5|rpc:172.17.0.2:33219|dataStream:|priority:1, fc0eeb26-f5a4-40eb-8987-0eeb9e81290f|rpc:172.17.0.2:39069|dataStream:|priority:0, 61a3106f-4412-450d-ae4e-54e9a62c2593|rpc:172.17.0.2:44185|dataStream:|priority:0], old=null
2021-02-08 13:07:16,568 [grpc-default-executor-2] INFO  impl.RoleInfo (RoleInfo.java:updateAndGet(130)) - 61a3106f-4412-450d-ae4e-54e9a62c2593: start 61a3106f-4412-450d-ae4e-54e9a62c2593@group-A9061CC89C88-FollowerState
2021-02-08 13:07:16,569 [fc0eeb26-f5a4-40eb-8987-0eeb9e81290f@group-CB02C2DB3C87-LeaderElection24] INFO  server.RaftServer$Division (ServerState.java:setRaftConf(373)) - fc0eeb26-f5a4-40eb-8987-0eeb9e81290f@group-CB02C2DB3C87: set configuration 0: [76df9516-c5cc-44f1-9ecc-163502ad41b5|rpc:172.17.0.2:33219|dataStream:|priority:0, fc0eeb26-f5a4-40eb-8987-0eeb9e81290f|rpc:172.17.0.2:39069|dataStream:|priority:1, 61a3106f-4412-450d-ae4e-54e9a62c2593|rpc:172.17.0.2:44185|dataStream:|priority:0], old=null
2021-02-08 13:07:16,570 [grpc-default-executor-1] INFO  server.RaftServer$Division (RaftServerImpl.java:requestVote(1057)) - 76df9516-c5cc-44f1-9ecc-163502ad41b5@group-CB02C2DB3C87 replies to ELECTION vote request: 61a3106f-4412-450d-ae4e-54e9a62c2593<-76df9516-c5cc-44f1-9ecc-163502ad41b5#0:OK-t2. Peer's state: 76df9516-c5cc-44f1-9ecc-163502ad41b5@group-CB02C2DB3C87:t2, leader=null, voted=61a3106f-4412-450d-ae4e-54e9a62c2593, raftlog=76df9516-c5cc-44f1-9ecc-163502ad41b5@group-CB02C2DB3C87-SegmentedRaftLog:OPENED:c-1,f-1,i0, conf=-1: [76df9516-c5cc-44f1-9ecc-163502ad41b5|rpc:172.17.0.2:33219|dataStream:|priority:0, fc0eeb26-f5a4-40eb-8987-0eeb9e81290f|rpc:172.17.0.2:39069|dataStream:|priority:1, 61a3106f-4412-450d-ae4e-54e9a62c2593|rpc:172.17.0.2:44185|dataStream:|priority:0], old=null
2021-02-08 13:07:16,572 [grpc-default-executor-2] INFO  server.RaftServer$Division (RaftServerImpl.java:requestVote(1057)) - 61a3106f-4412-450d-ae4e-54e9a62c2593@group-A9061CC89C88 replies to ELECTION vote request: 76df9516-c5cc-44f1-9ecc-163502ad41b5<-61a3106f-4412-450d-ae4e-54e9a62c2593#0:OK-t1. Peer's state: 61a3106f-4412-450d-ae4e-54e9a62c2593@group-A9061CC89C88:t1, leader=null, voted=76df9516-c5cc-44f1-9ecc-163502ad41b5, raftlog=61a3106f-4412-450d-ae4e-54e9a62c2593@group-A9061CC89C88-SegmentedRaftLog:OPENED:c-1,f-1,i0, conf=-1: [76df9516-c5cc-44f1-9ecc-163502ad41b5|rpc:172.17.0.2:33219|priority:1, fc0eeb26-f5a4-40eb-8987-0eeb9e81290f|rpc:172.17.0.2:39069|priority:0, 61a3106f-4412-450d-ae4e-54e9a62c2593|rpc:172.17.0.2:44185|priority:0], old=null
2021-02-08 13:07:16,575 [grpc-default-executor-1] INFO  server.RaftServer$Division (RaftServerImpl.java:requestVote(1025)) - fc0eeb26-f5a4-40eb-8987-0eeb9e81290f@group-CB02C2DB3C87: receive requestVote(ELECTION, 61a3106f-4412-450d-ae4e-54e9a62c2593, group-CB02C2DB3C87, 2, (t:0, i:0))
2021-02-08 13:07:16,576 [76df9516-c5cc-44f1-9ecc-163502ad41b5@group-A9061CC89C88-LeaderElection25] INFO  impl.LeaderElection (LeaderElection.java:logAndReturn(89)) - 76df9516-c5cc-44f1-9ecc-163502ad41b5@group-A9061CC89C88-LeaderElection25: ELECTION PASSED received 1 response(s) and 0 exception(s):
2021-02-08 13:07:16,577 [76df9516-c5cc-44f1-9ecc-163502ad41b5@group-A9061CC89C88-LeaderElection25] INFO  impl.LeaderElection (LeaderElection.java:logAndReturn(93)) -   Response 0: 76df9516-c5cc-44f1-9ecc-163502ad41b5<-61a3106f-4412-450d-ae4e-54e9a62c2593#0:OK-t1
2021-02-08 13:07:16,577 [76df9516-c5cc-44f1-9ecc-163502ad41b5@group-A9061CC89C88-LeaderElection25] INFO  impl.LeaderElection (LeaderElection.java:askForVotes(309)) - 76df9516-c5cc-44f1-9ecc-163502ad41b5@group-A9061CC89C88-LeaderElection25 ELECTION round 0: result PASSED
2021-02-08 13:07:16,577 [76df9516-c5cc-44f1-9ecc-163502ad41b5@group-A9061CC89C88-LeaderElection25] INFO  impl.RoleInfo (RoleInfo.java:shutdownLeaderElection(121)) - 76df9516-c5cc-44f1-9ecc-163502ad41b5: shutdown 76df9516-c5cc-44f1-9ecc-163502ad41b5@group-A9061CC89C88-LeaderElection25
2021-02-08 13:07:16,577 [76df9516-c5cc-44f1-9ecc-163502ad41b5@group-A9061CC89C88-LeaderElection25] INFO  server.RaftServer$Division (RaftServerImpl.java:setRole(284)) - 76df9516-c5cc-44f1-9ecc-163502ad41b5@group-A9061CC89C88: changes role from CANDIDATE to LEADER at term 1 for changeToLeader
2021-02-08 13:07:16,577 [76df9516-c5cc-44f1-9ecc-163502ad41b5@group-A9061CC89C88-LeaderElection25] INFO  ratis.XceiverServerRatis (XceiverServerRatis.java:handleLeaderChangedNotification(899)) - Leader change notification received for group: group-A9061CC89C88 with new leaderId: 76df9516-c5cc-44f1-9ecc-163502ad41b5
2021-02-08 13:07:16,577 [grpc-default-executor-1] INFO  impl.VoteContext (VoteContext.java:log(48)) - fc0eeb26-f5a4-40eb-8987-0eeb9e81290f@group-CB02C2DB3C87-LEADER: reject ELECTION from 61a3106f-4412-450d-ae4e-54e9a62c2593: our last entry (t:1, i:0) > candidate's last entry (t:0, i:0)
2021-02-08 13:07:16,577 [grpc-default-executor-1] INFO  server.RaftServer$Division (ServerState.java:setLeader(271)) - fc0eeb26-f5a4-40eb-8987-0eeb9e81290f@group-CB02C2DB3C87: change Leader from fc0eeb26-f5a4-40eb-8987-0eeb9e81290f to null at term 2 for updateCurrentTerm
2021-02-08 13:07:16,577 [grpc-default-executor-1] INFO  server.RaftServer$Division (RaftServerImpl.java:setRole(284)) - fc0eeb26-f5a4-40eb-8987-0eeb9e81290f@group-CB02C2DB3C87: changes role from    LEADER to FOLLOWER at term 2 for candidate:61a3106f-4412-450d-ae4e-54e9a62c2593
2021-02-08 13:07:16,577 [grpc-default-executor-1] INFO  impl.RoleInfo (RoleInfo.java:shutdownLeaderState(91)) - fc0eeb26-f5a4-40eb-8987-0eeb9e81290f: shutdown fc0eeb26-f5a4-40eb-8987-0eeb9e81290f@group-CB02C2DB3C87-LeaderStateImpl
2021-02-08 13:07:16,577 [grpc-default-executor-1] INFO  metrics.RatisMetrics (RatisMetrics.java:unregister(43)) - Unregistering Metrics Registry : ratis_grpc.log_appender.fc0eeb26-f5a4-40eb-8987-0eeb9e81290f@group-CB02C2DB3C87
2021-02-08 13:07:16,577 [grpc-default-executor-1] INFO  metrics.RatisMetrics (RatisMetrics.java:unregister(43)) - Unregistering Metrics Registry : ratis_grpc.log_appender.fc0eeb26-f5a4-40eb-8987-0eeb9e81290f@group-CB02C2DB3C87
2021-02-08 13:07:16,578 [grpc-default-executor-1] INFO  impl.PendingRequests (PendingRequests.java:sendNotLeaderResponses(249)) - fc0eeb26-f5a4-40eb-8987-0eeb9e81290f@group-CB02C2DB3C87-PendingRequests: sendNotLeaderResponses
2021-02-08 13:07:16,578 [grpc-default-executor-1] INFO  metrics.RatisMetrics (RatisMetrics.java:unregister(43)) - Unregistering Metrics Registry : ratis.log_appender.fc0eeb26-f5a4-40eb-8987-0eeb9e81290f@group-CB02C2DB3C87
2021-02-08 13:07:16,578 [grpc-default-executor-1] INFO  metrics.RatisMetrics (RatisMetrics.java:unregister(43)) - Unregistering Metrics Registry : ratis.server.fc0eeb26-f5a4-40eb-8987-0eeb9e81290f@group-CB02C2DB3C87
2021-02-08 13:07:16,577 [76df9516-c5cc-44f1-9ecc-163502ad41b5@group-A9061CC89C88-LeaderElection25] INFO  server.RaftServer$Division (ServerState.java:setLeader(271)) - 76df9516-c5cc-44f1-9ecc-163502ad41b5@group-A9061CC89C88: change Leader from null to 76df9516-c5cc-44f1-9ecc-163502ad41b5 at term 1 for becomeLeader, leader elected after 5157ms
2021-02-08 13:07:16,579 [76df9516-c5cc-44f1-9ecc-163502ad41b5@group-A9061CC89C88-LeaderElection25] INFO  server.RaftServerConfigKeys (ConfUtils.java:logGet(44)) - raft.server.staging.catchup.gap = 1000 (default)
2021-02-08 13:07:16,579 [76df9516-c5cc-44f1-9ecc-163502ad41b5@group-A9061CC89C88-LeaderElection25] INFO  metrics.RatisMetrics (RatisMetrics.java:lambda$create$0(36)) - Creating Metrics Registry : ratis.log_appender.76df9516-c5cc-44f1-9ecc-163502ad41b5@group-A9061CC89C88
2021-02-08 13:07:16,579 [76df9516-c5cc-44f1-9ecc-163502ad41b5@group-A9061CC89C88-LeaderElection25] INFO  server.RaftServerConfigKeys (ConfUtils.java:logGet(44)) - raft.server.write.element-limit = 1024 (custom)
2021-02-08 13:07:16,579 [76df9516-c5cc-44f1-9ecc-163502ad41b5@group-A9061CC89C88-LeaderElection25] INFO  server.RaftServerConfigKeys (ConfUtils.java:logGet(44)) - raft.server.write.byte-limit = 1073741824 (custom)
2021-02-08 13:07:16,580 [EventQueue-PipelineReportForPipelineReportHandler] INFO  pipeline.PipelineStateManager (PipelineStateManager.java:openPipeline(132)) - Pipeline Pipeline[ Id: d16511c0-ad72-4a36-9e78-a9061cc89c88, Nodes: 61a3106f-4412-450d-ae4e-54e9a62c2593{ip: 172.17.0.2, host: c20f386514e7, ports: [REPLICATION=34163, RATIS=44185, RATIS_ADMIN=44185, RATIS_SERVER=44185, STANDALONE=42293], networkLocation: /default-rack, certSerialId: null, persistedOpState: IN_SERVICE, persistedOpStateExpiryEpochSec: 0}76df9516-c5cc-44f1-9ecc-163502ad41b5{ip: 172.17.0.2, host: c20f386514e7, ports: [REPLICATION=42573, RATIS=33219, RATIS_ADMIN=33219, RATIS_SERVER=33219, STANDALONE=41883], networkLocation: /default-rack, certSerialId: null, persistedOpState: IN_SERVICE, persistedOpStateExpiryEpochSec: 0}fc0eeb26-f5a4-40eb-8987-0eeb9e81290f{ip: 172.17.0.2, host: c20f386514e7, ports: [REPLICATION=32897, RATIS=39069, RATIS_ADMIN=39069, RATIS_SERVER=39069, STANDALONE=34631], networkLocation: /default-rack, certSerialId: null, persistedOpState: IN_SERVICE, persistedOpStateExpiryEpochSec: 0}, Type:RATIS, Factor:THREE, State:ALLOCATED, leaderId:76df9516-c5cc-44f1-9ecc-163502ad41b5, CreationTimestamp2021-02-08T13:07:08.714Z] moved to OPEN state
2021-02-08 13:07:16,581 [76df9516-c5cc-44f1-9ecc-163502ad41b5@group-A9061CC89C88-LeaderElection25] INFO  server.RaftServerConfigKeys (ConfUtils.java:logGet(44)) - raft.server.watch.timeout = 3000ms (custom)
2021-02-08 13:07:16,581 [76df9516-c5cc-44f1-9ecc-163502ad41b5@group-A9061CC89C88-LeaderElection25] INFO  server.RaftServerConfigKeys (ConfUtils.java:logGet(44)) - raft.server.watch.timeout.denomination = 1s (default)
2021-02-08 13:07:16,581 [76df9516-c5cc-44f1-9ecc-163502ad41b5@group-A9061CC89C88-LeaderElection25] INFO  server.RaftServerConfigKeys (ConfUtils.java:logGet(44)) - raft.server.watch.element-limit = 65536 (default)
2021-02-08 13:07:16,581 [76df9516-c5cc-44f1-9ecc-163502ad41b5@group-A9061CC89C88-LeaderElection25] INFO  server.RaftServerConfigKeys (ConfUtils.java:logGet(44)) - raft.server.log.appender.snapshot.chunk.size.max = 16MB (=16777216) (default)
2021-02-08 13:07:16,581 [76df9516-c5cc-44f1-9ecc-163502ad41b5@group-A9061CC89C88-LeaderElection25] INFO  server.RaftServerConfigKeys (ConfUtils.java:logGet(44)) - raft.server.log.appender.buffer.byte-limit = 33554432 (custom)
2021-02-08 13:07:16,581 [76df9516-c5cc-44f1-9ecc-163502ad41b5@group-A9061CC89C88-LeaderElection25] INFO  server.RaftServerConfigKeys (ConfUtils.java:logGet(44)) - raft.server.log.appender.buffer.element-limit = 1 (custom)
2021-02-08 13:07:16,581 [76df9516-c5cc-44f1-9ecc-163502ad41b5@group-A9061CC89C88-LeaderElection25] INFO  grpc.GrpcConfigKeys (ConfUtils.java:logGet(44)) - raft.grpc.server.leader.outstanding.appends.max = 128 (default)
2021-02-08 13:07:16,582 [76df9516-c5cc-44f1-9ecc-163502ad41b5@group-A9061CC89C88-LeaderElection25] INFO  server.RaftServerConfigKeys (ConfUtils.java:logGet(44)) - raft.server.rpc.request.timeout = 3000ms (default)
2021-02-08 13:07:16,582 [76df9516-c5cc-44f1-9ecc-163502ad41b5@group-A9061CC89C88-LeaderElection25] INFO  server.RaftServerConfigKeys (ConfUtils.java:logGet(44)) - raft.server.log.appender.install.snapshot.enabled = false (custom)
2021-02-08 13:07:16,582 [76df9516-c5cc-44f1-9ecc-163502ad41b5@group-A9061CC89C88-LeaderElection25] INFO  metrics.RatisMetrics (RatisMetrics.java:lambda$create$0(36)) - Creating Metrics Registry : ratis_grpc.log_appender.76df9516-c5cc-44f1-9ecc-163502ad41b5@group-A9061CC89C88
2021-02-08 13:07:16,583 [76df9516-c5cc-44f1-9ecc-163502ad41b5@group-A9061CC89C88-LeaderElection25] INFO  server.RaftServerConfigKeys (ConfUtils.java:logGet(44)) - raft.server.log.appender.snapshot.chunk.size.max = 16MB (=16777216) (default)
2021-02-08 13:07:16,583 [76df9516-c5cc-44f1-9ecc-163502ad41b5@group-A9061CC89C88-LeaderElection25] INFO  server.RaftServerConfigKeys (ConfUtils.java:logGet(44)) - raft.server.log.appender.buffer.byte-limit = 33554432 (custom)
2021-02-08 13:07:16,583 [76df9516-c5cc-44f1-9ecc-163502ad41b5@group-A9061CC89C88-LeaderElection25] INFO  server.RaftServerConfigKeys (ConfUtils.java:logGet(44)) - raft.server.log.appender.buffer.element-limit = 1 (custom)
2021-02-08 13:07:16,583 [76df9516-c5cc-44f1-9ecc-163502ad41b5@group-A9061CC89C88-LeaderElection25] INFO  grpc.GrpcConfigKeys (ConfUtils.java:logGet(44)) - raft.grpc.server.leader.outstanding.appends.max = 128 (default)
2021-02-08 13:07:16,583 [76df9516-c5cc-44f1-9ecc-163502ad41b5@group-A9061CC89C88-LeaderElection25] INFO  server.RaftServerConfigKeys (ConfUtils.java:logGet(44)) - raft.server.rpc.request.timeout = 3000ms (default)
2021-02-08 13:07:16,583 [76df9516-c5cc-44f1-9ecc-163502ad41b5@group-A9061CC89C88-LeaderElection25] INFO  server.RaftServerConfigKeys (ConfUtils.java:logGet(44)) - raft.server.log.appender.install.snapshot.enabled = false (custom)
2021-02-08 13:07:16,584 [76df9516-c5cc-44f1-9ecc-163502ad41b5@group-A9061CC89C88-LeaderElection25] INFO  impl.RoleInfo (RoleInfo.java:updateAndGet(130)) - 76df9516-c5cc-44f1-9ecc-163502ad41b5: start 76df9516-c5cc-44f1-9ecc-163502ad41b5@group-A9061CC89C88-LeaderStateImpl
2021-02-08 13:07:16,584 [76df9516-c5cc-44f1-9ecc-163502ad41b5@group-A9061CC89C88-LeaderElection25] INFO  segmented.SegmentedRaftLogWorker (SegmentedRaftLogWorker.java:startLogSegment(392)) - 76df9516-c5cc-44f1-9ecc-163502ad41b5@group-A9061CC89C88-SegmentedRaftLogWorker: Starting segment from index:0
2021-02-08 13:07:16,584 [grpc-default-executor-1] INFO  impl.RoleInfo (RoleInfo.java:updateAndGet(130)) - fc0eeb26-f5a4-40eb-8987-0eeb9e81290f: start fc0eeb26-f5a4-40eb-8987-0eeb9e81290f@group-CB02C2DB3C87-FollowerState
2021-02-08 13:07:16,586 [76df9516-c5cc-44f1-9ecc-163502ad41b5@group-A9061CC89C88-SegmentedRaftLogWorker] INFO  segmented.SegmentedRaftLogWorker (SegmentedRaftLogWorker.java:execute(599)) - 76df9516-c5cc-44f1-9ecc-163502ad41b5@group-A9061CC89C88-SegmentedRaftLogWorker: created new log segment /github/workspace/mnt/ozone/hadoop-ozone/integration-test/target/test-dir/MiniOzoneClusterImpl-489e5869-bfe0-4080-b73d-d7b53c96c8d8/datanode-1/data/ratis/d16511c0-ad72-4a36-9e78-a9061cc89c88/current/log_inprogress_0
2021-02-08 13:07:16,587 [grpc-default-executor-1] INFO  server.RaftServer$Division (RaftServerImpl.java:requestVote(1057)) - fc0eeb26-f5a4-40eb-8987-0eeb9e81290f@group-CB02C2DB3C87 replies to ELECTION vote request: 61a3106f-4412-450d-ae4e-54e9a62c2593<-fc0eeb26-f5a4-40eb-8987-0eeb9e81290f#0:FAIL-t2. Peer's state: fc0eeb26-f5a4-40eb-8987-0eeb9e81290f@group-CB02C2DB3C87:t2, leader=null, voted=null, raftlog=fc0eeb26-f5a4-40eb-8987-0eeb9e81290f@group-CB02C2DB3C87-SegmentedRaftLog:OPENED:c0,f0,i0, conf=0: [76df9516-c5cc-44f1-9ecc-163502ad41b5|rpc:172.17.0.2:33219|dataStream:|priority:0, fc0eeb26-f5a4-40eb-8987-0eeb9e81290f|rpc:172.17.0.2:39069|dataStream:|priority:1, 61a3106f-4412-450d-ae4e-54e9a62c2593|rpc:172.17.0.2:44185|dataStream:|priority:0], old=null
2021-02-08 13:07:16,588 [grpc-default-executor-2] INFO  server.GrpcServerProtocolService (GrpcServerProtocolService.java:onCompleted(138)) - 61a3106f-4412-450d-ae4e-54e9a62c2593: Completed APPEND_ENTRIES, lastRequest: null
2021-02-08 13:07:16,596 [76df9516-c5cc-44f1-9ecc-163502ad41b5@group-A9061CC89C88-LeaderElection25] INFO  server.RaftServer$Division (ServerState.java:setRaftConf(373)) - 76df9516-c5cc-44f1-9ecc-163502ad41b5@group-A9061CC89C88: set configuration 0: [76df9516-c5cc-44f1-9ecc-163502ad41b5|rpc:172.17.0.2:33219|dataStream:|priority:1, fc0eeb26-f5a4-40eb-8987-0eeb9e81290f|rpc:172.17.0.2:39069|dataStream:|priority:0, 61a3106f-4412-450d-ae4e-54e9a62c2593|rpc:172.17.0.2:44185|dataStream:|priority:0], old=null
2021-02-08 13:07:16,598 [grpc-default-executor-3] INFO  server.GrpcServerProtocolService (GrpcServerProtocolService.java:onCompleted(138)) - 76df9516-c5cc-44f1-9ecc-163502ad41b5: Completed APPEND_ENTRIES, lastRequest: fc0eeb26-f5a4-40eb-8987-0eeb9e81290f->76df9516-c5cc-44f1-9ecc-163502ad41b5#1-t1,previous=(t:0, i:0),leaderCommit=-1,initializing? true,entries: size=1, first=(t:1, i:0), CONFIGURATIONENTRY
2021-02-08 13:07:16,600 [grpc-default-executor-2] INFO  ratis.XceiverServerRatis (XceiverServerRatis.java:handleLeaderChangedNotification(899)) - Leader change notification received for group: group-A9061CC89C88 with new leaderId: 76df9516-c5cc-44f1-9ecc-163502ad41b5
2021-02-08 13:07:16,600 [grpc-default-executor-2] INFO  server.RaftServer$Division (ServerState.java:setLeader(271)) - fc0eeb26-f5a4-40eb-8987-0eeb9e81290f@group-A9061CC89C88: change Leader from null to 76df9516-c5cc-44f1-9ecc-163502ad41b5 at term 1 for appendEntries, leader elected after 5153ms
2021-02-08 13:07:16,602 [grpc-default-executor-2] INFO  server.RaftServer$Division (ServerState.java:setRaftConf(373)) - fc0eeb26-f5a4-40eb-8987-0eeb9e81290f@group-A9061CC89C88: set configuration 0: [76df9516-c5cc-44f1-9ecc-163502ad41b5|rpc:172.17.0.2:33219|dataStream:|priority:1, fc0eeb26-f5a4-40eb-8987-0eeb9e81290f|rpc:172.17.0.2:39069|dataStream:|priority:0, 61a3106f-4412-450d-ae4e-54e9a62c2593|rpc:172.17.0.2:44185|dataStream:|priority:0], old=null
2021-02-08 13:07:16,602 [grpc-default-executor-2] INFO  segmented.SegmentedRaftLogWorker (SegmentedRaftLogWorker.java:startLogSegment(392)) - fc0eeb26-f5a4-40eb-8987-0eeb9e81290f@group-A9061CC89C88-SegmentedRaftLogWorker: Starting segment from index:0
2021-02-08 13:07:16,603 [61a3106f-4412-450d-ae4e-54e9a62c2593@group-CB02C2DB3C87-LeaderElection27] INFO  impl.LeaderElection (LeaderElection.java:logAndReturn(89)) - 61a3106f-4412-450d-ae4e-54e9a62c2593@group-CB02C2DB3C87-LeaderElection27: ELECTION REJECTED received 2 response(s) and 0 exception(s):
2021-02-08 13:07:16,603 [61a3106f-4412-450d-ae4e-54e9a62c2593@group-CB02C2DB3C87-LeaderElection27] INFO  impl.LeaderElection (LeaderElection.java:logAndReturn(93)) -   Response 0: 61a3106f-4412-450d-ae4e-54e9a62c2593<-76df9516-c5cc-44f1-9ecc-163502ad41b5#0:OK-t2
2021-02-08 13:07:16,603 [61a3106f-4412-450d-ae4e-54e9a62c2593@group-CB02C2DB3C87-LeaderElection27] INFO  impl.LeaderElection (LeaderElection.java:logAndReturn(93)) -   Response 1: 61a3106f-4412-450d-ae4e-54e9a62c2593<-fc0eeb26-f5a4-40eb-8987-0eeb9e81290f#0:FAIL-t2
2021-02-08 13:07:16,603 [61a3106f-4412-450d-ae4e-54e9a62c2593@group-CB02C2DB3C87-LeaderElection27] INFO  impl.LeaderElection (LeaderElection.java:askForVotes(309)) - 61a3106f-4412-450d-ae4e-54e9a62c2593@group-CB02C2DB3C87-LeaderElection27 ELECTION round 0: result REJECTED
2021-02-08 13:07:16,603 [61a3106f-4412-450d-ae4e-54e9a62c2593@group-CB02C2DB3C87-LeaderElection27] INFO  server.RaftServer$Division (RaftServerImpl.java:setRole(284)) - 61a3106f-4412-450d-ae4e-54e9a62c2593@group-CB02C2DB3C87: changes role from CANDIDATE to FOLLOWER at term 2 for REJECTED
2021-02-08 13:07:16,603 [61a3106f-4412-450d-ae4e-54e9a62c2593@group-CB02C2DB3C87-LeaderElection27] INFO  impl.RoleInfo (RoleInfo.java:shutdownLeaderElection(121)) - 61a3106f-4412-450d-ae4e-54e9a62c2593: shutdown 61a3106f-4412-450d-ae4e-54e9a62c2593@group-CB02C2DB3C87-LeaderElection27
2021-02-08 13:07:16,603 [61a3106f-4412-450d-ae4e-54e9a62c2593@group-CB02C2DB3C87-LeaderElection27] INFO  impl.RoleInfo (RoleInfo.java:updateAndGet(130)) - 61a3106f-4412-450d-ae4e-54e9a62c2593: start 61a3106f-4412-450d-ae4e-54e9a62c2593@group-CB02C2DB3C87-FollowerState
2021-02-08 13:07:16,603 [grpc-default-executor-0] INFO  server.GrpcLogAppender (GrpcLogAppender.java:onCompleted(344)) - fc0eeb26-f5a4-40eb-8987-0eeb9e81290f@group-CB02C2DB3C87->76df9516-c5cc-44f1-9ecc-163502ad41b5-AppendLogResponseHandler: follower responses appendEntries COMPLETED
2021-02-08 13:07:16,603 [grpc-default-executor-0] INFO  leader.FollowerInfo (FollowerInfoImpl.java:lambda$new$0(46)) - fc0eeb26-f5a4-40eb-8987-0eeb9e81290f@group-CB02C2DB3C87->76df9516-c5cc-44f1-9ecc-163502ad41b5: nextIndex: updateUnconditionally 1 -> 0
2021-02-08 13:07:16,603 [grpc-default-executor-2] INFO  server.GrpcLogAppender (GrpcLogAppender.java:onCompleted(344)) - fc0eeb26-f5a4-40eb-8987-0eeb9e81290f@group-CB02C2DB3C87->61a3106f-4412-450d-ae4e-54e9a62c2593-AppendLogResponseHandler: follower responses appendEntries COMPLETED
2021-02-08 13:07:16,603 [grpc-default-executor-2] INFO  leader.FollowerInfo (FollowerInfoImpl.java:lambda$new$0(46)) - fc0eeb26-f5a4-40eb-8987-0eeb9e81290f@group-CB02C2DB3C87->61a3106f-4412-450d-ae4e-54e9a62c2593: nextIndex: updateUnconditionally 0 -> 0
2021-02-08 13:07:16,604 [fc0eeb26-f5a4-40eb-8987-0eeb9e81290f@group-A9061CC89C88-SegmentedRaftLogWorker] INFO  segmented.SegmentedRaftLogWorker (SegmentedRaftLogWorker.java:execute(599)) - fc0eeb26-f5a4-40eb-8987-0eeb9e81290f@group-A9061CC89C88-SegmentedRaftLogWorker: created new log segment /github/workspace/mnt/ozone/hadoop-ozone/integration-test/target/test-dir/MiniOzoneClusterImpl-489e5869-bfe0-4080-b73d-d7b53c96c8d8/datanode-2/data/ratis/d16511c0-ad72-4a36-9e78-a9061cc89c88/current/log_inprogress_0
2021-02-08 13:07:16,618 [grpc-default-executor-0] INFO  ratis.XceiverServerRatis (XceiverServerRatis.java:handleLeaderChangedNotification(899)) - Leader change notification received for group: group-A9061CC89C88 with new leaderId: 76df9516-c5cc-44f1-9ecc-163502ad41b5
2021-02-08 13:07:16,618 [grpc-default-executor-0] INFO  server.RaftServer$Division (ServerState.java:setLeader(271)) - 61a3106f-4412-450d-ae4e-54e9a62c2593@group-A9061CC89C88: change Leader from null to 76df9516-c5cc-44f1-9ecc-163502ad41b5 at term 1 for appendEntries, leader elected after 5219ms
2021-02-08 13:07:16,619 [grpc-default-executor-0] INFO  server.RaftServer$Division (ServerState.java:setRaftConf(373)) - 61a3106f-4412-450d-ae4e-54e9a62c2593@group-A9061CC89C88: set configuration 0: [76df9516-c5cc-44f1-9ecc-163502ad41b5|rpc:172.17.0.2:33219|dataStream:|priority:1, fc0eeb26-f5a4-40eb-8987-0eeb9e81290f|rpc:172.17.0.2:39069|dataStream:|priority:0, 61a3106f-4412-450d-ae4e-54e9a62c2593|rpc:172.17.0.2:44185|dataStream:|priority:0], old=null
2021-02-08 13:07:16,620 [grpc-default-executor-0] INFO  segmented.SegmentedRaftLogWorker (SegmentedRaftLogWorker.java:startLogSegment(392)) - 61a3106f-4412-450d-ae4e-54e9a62c2593@group-A9061CC89C88-SegmentedRaftLogWorker: Starting segment from index:0
2021-02-08 13:07:16,623 [61a3106f-4412-450d-ae4e-54e9a62c2593@group-A9061CC89C88-SegmentedRaftLogWorker] INFO  segmented.SegmentedRaftLogWorker (SegmentedRaftLogWorker.java:execute(599)) - 61a3106f-4412-450d-ae4e-54e9a62c2593@group-A9061CC89C88-SegmentedRaftLogWorker: created new log segment /github/workspace/mnt/ozone/hadoop-ozone/integration-test/target/test-dir/MiniOzoneClusterImpl-489e5869-bfe0-4080-b73d-d7b53c96c8d8/datanode-0/data/ratis/d16511c0-ad72-4a36-9e78-a9061cc89c88/current/log_inprogress_0
2021-02-08 13:07:16,629 [Listener at 127.0.0.1/38393] INFO  ozone.MiniOzoneClusterImpl (MiniOzoneClusterImpl.java:lambda$waitForClusterToBeReady$0(187)) - Nodes are ready. Got 7 of 7 DN Heartbeats.
2021-02-08 13:07:16,629 [Listener at 127.0.0.1/38393] INFO  ozone.MiniOzoneClusterImpl (MiniOzoneClusterImpl.java:lambda$waitForClusterToBeReady$0(190)) - Cluster exits safe mode
2021-02-08 13:07:16,640 [Listener at 127.0.0.1/38393] INFO  rpc.RpcClient (RpcClient.java:createVolume(277)) - Creating Volume: testblockoutputstream, with jenkins1001 as owner and space quota set to -1 bytes, counts quota set to -1
2021-02-08 13:07:16,644 [OM StateMachine ApplyTransaction Thread - 0] INFO  volume.OMVolumeCreateRequest (OMVolumeCreateRequest.java:validateAndUpdateCache(196)) - created volume:testblockoutputstream for user:jenkins1001
2021-02-08 13:07:16,655 [Listener at 127.0.0.1/38393] INFO  rpc.RpcClient (RpcClient.java:createBucket(439)) - Creating Bucket: testblockoutputstream/testblockoutputstream, with Versioning false and Storage Type set to DISK and Encryption set to false 
2021-02-08 13:07:16,658 [Listener at 127.0.0.1/38393] INFO  ozone.MiniOzoneClusterImpl (MiniOzoneClusterImpl.java:getStorageContainerLocationClient(299)) - Creating StorageContainerLocationProtocol RPC client with address /0.0.0.0:37191
2021-02-08 13:07:16,666 [Thread-690] INFO  impl.FollowerState (FollowerState.java:run(133)) - 76df9516-c5cc-44f1-9ecc-163502ad41b5@group-437EAFE741A7-FollowerState: change to CANDIDATE, lastRpcElapsedTime:5143168503ns, electionTimeout:5140ms
2021-02-08 13:07:16,666 [Thread-690] INFO  impl.RoleInfo (RoleInfo.java:shutdownFollowerState(108)) - 76df9516-c5cc-44f1-9ecc-163502ad41b5: shutdown 76df9516-c5cc-44f1-9ecc-163502ad41b5@group-437EAFE741A7-FollowerState
2021-02-08 13:07:16,666 [Thread-690] INFO  server.RaftServer$Division (RaftServerImpl.java:setRole(284)) - 76df9516-c5cc-44f1-9ecc-163502ad41b5@group-437EAFE741A7: changes role from  FOLLOWER to CANDIDATE at term 0 for changeToCandidate
2021-02-08 13:07:16,666 [Thread-690] INFO  server.RaftServerConfigKeys (ConfUtils.java:logGet(44)) - raft.server.leaderelection.pre-vote = false (custom)
2021-02-08 13:07:16,666 [Thread-690] INFO  impl.RoleInfo (RoleInfo.java:updateAndGet(130)) - 76df9516-c5cc-44f1-9ecc-163502ad41b5: start 76df9516-c5cc-44f1-9ecc-163502ad41b5@group-437EAFE741A7-LeaderElection28
2021-02-08 13:07:16,670 [76df9516-c5cc-44f1-9ecc-163502ad41b5@group-437EAFE741A7-LeaderElection28] INFO  impl.LeaderElection (LeaderElection.java:askForVotes(307)) - 76df9516-c5cc-44f1-9ecc-163502ad41b5@group-437EAFE741A7-LeaderElection28 ELECTION round 0: submit vote requests at term 1 for -1: [76df9516-c5cc-44f1-9ecc-163502ad41b5|rpc:172.17.0.2:33219|priority:1], old=null
2021-02-08 13:07:16,670 [76df9516-c5cc-44f1-9ecc-163502ad41b5@group-437EAFE741A7-LeaderElection28] INFO  impl.LeaderElection (LeaderElection.java:askForVotes(309)) - 76df9516-c5cc-44f1-9ecc-163502ad41b5@group-437EAFE741A7-LeaderElection28 ELECTION round 0: result PASSED (term=1)
2021-02-08 13:07:16,671 [76df9516-c5cc-44f1-9ecc-163502ad41b5@group-437EAFE741A7-LeaderElection28] INFO  impl.RoleInfo (RoleInfo.java:shutdownLeaderElection(121)) - 76df9516-c5cc-44f1-9ecc-163502ad41b5: shutdown 76df9516-c5cc-44f1-9ecc-163502ad41b5@group-437EAFE741A7-LeaderElection28
2021-02-08 13:07:16,671 [76df9516-c5cc-44f1-9ecc-163502ad41b5@group-437EAFE741A7-LeaderElection28] INFO  server.RaftServer$Division (RaftServerImpl.java:setRole(284)) - 76df9516-c5cc-44f1-9ecc-163502ad41b5@group-437EAFE741A7: changes role from CANDIDATE to LEADER at term 1 for changeToLeader
2021-02-08 13:07:16,671 [76df9516-c5cc-44f1-9ecc-163502ad41b5@group-437EAFE741A7-LeaderElection28] INFO  ratis.XceiverServerRatis (XceiverServerRatis.java:handleLeaderChangedNotification(899)) - Leader change notification received for group: group-437EAFE741A7 with new leaderId: 76df9516-c5cc-44f1-9ecc-163502ad41b5
2021-02-08 13:07:16,671 [76df9516-c5cc-44f1-9ecc-163502ad41b5@group-437EAFE741A7-LeaderElection28] INFO  server.RaftServer$Division (ServerState.java:setLeader(271)) - 76df9516-c5cc-44f1-9ecc-163502ad41b5@group-437EAFE741A7: change Leader from null to 76df9516-c5cc-44f1-9ecc-163502ad41b5 at term 1 for becomeLeader, leader elected after 5161ms
2021-02-08 13:07:16,671 [76df9516-c5cc-44f1-9ecc-163502ad41b5@group-437EAFE741A7-LeaderElection28] INFO  server.RaftServerConfigKeys (ConfUtils.java:logGet(44)) - raft.server.staging.catchup.gap = 1000 (default)
2021-02-08 13:07:16,671 [76df9516-c5cc-44f1-9ecc-163502ad41b5@group-437EAFE741A7-LeaderElection28] INFO  metrics.RatisMetrics (RatisMetrics.java:lambda$create$0(36)) - Creating Metrics Registry : ratis.log_appender.76df9516-c5cc-44f1-9ecc-163502ad41b5@group-437EAFE741A7
2021-02-08 13:07:16,675 [76df9516-c5cc-44f1-9ecc-163502ad41b5@group-437EAFE741A7-LeaderElection28] INFO  server.RaftServerConfigKeys (ConfUtils.java:logGet(44)) - raft.server.write.element-limit = 1024 (custom)
2021-02-08 13:07:16,675 [76df9516-c5cc-44f1-9ecc-163502ad41b5@group-437EAFE741A7-LeaderElection28] INFO  server.RaftServerConfigKeys (ConfUtils.java:logGet(44)) - raft.server.write.byte-limit = 1073741824 (custom)
2021-02-08 13:07:16,675 [76df9516-c5cc-44f1-9ecc-163502ad41b5@group-437EAFE741A7-LeaderElection28] INFO  server.RaftServerConfigKeys (ConfUtils.java:logGet(44)) - raft.server.watch.timeout = 3000ms (custom)
2021-02-08 13:07:16,676 [76df9516-c5cc-44f1-9ecc-163502ad41b5@group-437EAFE741A7-LeaderElection28] INFO  server.RaftServerConfigKeys (ConfUtils.java:logGet(44)) - raft.server.watch.timeout.denomination = 1s (default)
2021-02-08 13:07:16,676 [76df9516-c5cc-44f1-9ecc-163502ad41b5@group-437EAFE741A7-LeaderElection28] INFO  server.RaftServerConfigKeys (ConfUtils.java:logGet(44)) - raft.server.watch.element-limit = 65536 (default)
2021-02-08 13:07:16,676 [76df9516-c5cc-44f1-9ecc-163502ad41b5@group-437EAFE741A7-LeaderElection28] INFO  impl.RoleInfo (RoleInfo.java:updateAndGet(130)) - 76df9516-c5cc-44f1-9ecc-163502ad41b5: start 76df9516-c5cc-44f1-9ecc-163502ad41b5@group-437EAFE741A7-LeaderStateImpl
2021-02-08 13:07:16,676 [76df9516-c5cc-44f1-9ecc-163502ad41b5@group-437EAFE741A7-LeaderElection28] INFO  segmented.SegmentedRaftLogWorker (SegmentedRaftLogWorker.java:startLogSegment(392)) - 76df9516-c5cc-44f1-9ecc-163502ad41b5@group-437EAFE741A7-SegmentedRaftLogWorker: Starting segment from index:0
2021-02-08 13:07:16,677 [76df9516-c5cc-44f1-9ecc-163502ad41b5@group-437EAFE741A7-LeaderElection28] INFO  server.RaftServer$Division (ServerState.java:setRaftConf(373)) - 76df9516-c5cc-44f1-9ecc-163502ad41b5@group-437EAFE741A7: set configuration 0: [76df9516-c5cc-44f1-9ecc-163502ad41b5|rpc:172.17.0.2:33219|dataStream:|priority:1], old=null
2021-02-08 13:07:16,677 [76df9516-c5cc-44f1-9ecc-163502ad41b5@group-437EAFE741A7-SegmentedRaftLogWorker] INFO  segmented.SegmentedRaftLogWorker (SegmentedRaftLogWorker.java:execute(599)) - 76df9516-c5cc-44f1-9ecc-163502ad41b5@group-437EAFE741A7-SegmentedRaftLogWorker: created new log segment /github/workspace/mnt/ozone/hadoop-ozone/integration-test/target/test-dir/MiniOzoneClusterImpl-489e5869-bfe0-4080-b73d-d7b53c96c8d8/datanode-1/data/ratis/ac69dcba-67ec-453a-b871-437eafe741a7/current/log_inprogress_0
2021-02-08 13:07:16,686 [Listener at 127.0.0.1/38393] INFO  metrics.RatisMetrics (RatisMetrics.java:lambda$create$0(36)) - Creating Metrics Registry : ratis.client_message_metrics.client-F13A4C6BFB47->fc0eeb26-f5a4-40eb-8987-0eeb9e81290f
2021-02-08 13:07:16,758 [Thread-692] INFO  impl.FollowerState (FollowerState.java:run(133)) - fc0eeb26-f5a4-40eb-8987-0eeb9e81290f@group-2693516F719D-FollowerState: change to CANDIDATE, lastRpcElapsedTime:5041334359ns, electionTimeout:5041ms
2021-02-08 13:07:16,759 [Thread-692] INFO  impl.RoleInfo (RoleInfo.java:shutdownFollowerState(108)) - fc0eeb26-f5a4-40eb-8987-0eeb9e81290f: shutdown fc0eeb26-f5a4-40eb-8987-0eeb9e81290f@group-2693516F719D-FollowerState
2021-02-08 13:07:16,759 [Thread-692] INFO  server.RaftServer$Division (RaftServerImpl.java:setRole(284)) - fc0eeb26-f5a4-40eb-8987-0eeb9e81290f@group-2693516F719D: changes role from  FOLLOWER to CANDIDATE at term 0 for changeToCandidate
2021-02-08 13:07:16,759 [Thread-692] INFO  server.RaftServerConfigKeys (ConfUtils.java:logGet(44)) - raft.server.leaderelection.pre-vote = false (custom)
2021-02-08 13:07:16,759 [Thread-692] INFO  impl.RoleInfo (RoleInfo.java:updateAndGet(130)) - fc0eeb26-f5a4-40eb-8987-0eeb9e81290f: start fc0eeb26-f5a4-40eb-8987-0eeb9e81290f@group-2693516F719D-LeaderElection29
2021-02-08 13:07:16,763 [fc0eeb26-f5a4-40eb-8987-0eeb9e81290f@group-2693516F719D-LeaderElection29] INFO  impl.LeaderElection (LeaderElection.java:askForVotes(307)) - fc0eeb26-f5a4-40eb-8987-0eeb9e81290f@group-2693516F719D-LeaderElection29 ELECTION round 0: submit vote requests at term 1 for -1: [fc0eeb26-f5a4-40eb-8987-0eeb9e81290f|rpc:172.17.0.2:39069|priority:1], old=null
2021-02-08 13:07:16,763 [fc0eeb26-f5a4-40eb-8987-0eeb9e81290f@group-2693516F719D-LeaderElection29] INFO  impl.LeaderElection (LeaderElection.java:askForVotes(309)) - fc0eeb26-f5a4-40eb-8987-0eeb9e81290f@group-2693516F719D-LeaderElection29 ELECTION round 0: result PASSED (term=1)
2021-02-08 13:07:16,763 [fc0eeb26-f5a4-40eb-8987-0eeb9e81290f@group-2693516F719D-LeaderElection29] INFO  impl.RoleInfo (RoleInfo.java:shutdownLeaderElection(121)) - fc0eeb26-f5a4-40eb-8987-0eeb9e81290f: shutdown fc0eeb26-f5a4-40eb-8987-0eeb9e81290f@group-2693516F719D-LeaderElection29
2021-02-08 13:07:16,763 [fc0eeb26-f5a4-40eb-8987-0eeb9e81290f@group-2693516F719D-LeaderElection29] INFO  server.RaftServer$Division (RaftServerImpl.java:setRole(284)) - fc0eeb26-f5a4-40eb-8987-0eeb9e81290f@group-2693516F719D: changes role from CANDIDATE to LEADER at term 1 for changeToLeader
2021-02-08 13:07:16,763 [fc0eeb26-f5a4-40eb-8987-0eeb9e81290f@group-2693516F719D-LeaderElection29] INFO  ratis.XceiverServerRatis (XceiverServerRatis.java:handleLeaderChangedNotification(899)) - Leader change notification received for group: group-2693516F719D with new leaderId: fc0eeb26-f5a4-40eb-8987-0eeb9e81290f
2021-02-08 13:07:16,763 [fc0eeb26-f5a4-40eb-8987-0eeb9e81290f@group-2693516F719D-LeaderElection29] INFO  server.RaftServer$Division (ServerState.java:setLeader(271)) - fc0eeb26-f5a4-40eb-8987-0eeb9e81290f@group-2693516F719D: change Leader from null to fc0eeb26-f5a4-40eb-8987-0eeb9e81290f at term 1 for becomeLeader, leader elected after 5051ms
2021-02-08 13:07:16,764 [fc0eeb26-f5a4-40eb-8987-0eeb9e81290f@group-2693516F719D-LeaderElection29] INFO  server.RaftServerConfigKeys (ConfUtils.java:logGet(44)) - raft.server.staging.catchup.gap = 1000 (default)
2021-02-08 13:07:16,764 [fc0eeb26-f5a4-40eb-8987-0eeb9e81290f@group-2693516F719D-LeaderElection29] INFO  metrics.RatisMetrics (RatisMetrics.java:lambda$create$0(36)) - Creating Metrics Registry : ratis.log_appender.fc0eeb26-f5a4-40eb-8987-0eeb9e81290f@group-2693516F719D
2021-02-08 13:07:16,764 [fc0eeb26-f5a4-40eb-8987-0eeb9e81290f@group-2693516F719D-LeaderElection29] INFO  server.RaftServerConfigKeys (ConfUtils.java:logGet(44)) - raft.server.write.element-limit = 1024 (custom)
2021-02-08 13:07:16,764 [fc0eeb26-f5a4-40eb-8987-0eeb9e81290f@group-2693516F719D-LeaderElection29] INFO  server.RaftServerConfigKeys (ConfUtils.java:logGet(44)) - raft.server.write.byte-limit = 1073741824 (custom)
2021-02-08 13:07:16,765 [fc0eeb26-f5a4-40eb-8987-0eeb9e81290f@group-2693516F719D-LeaderElection29] INFO  server.RaftServerConfigKeys (ConfUtils.java:logGet(44)) - raft.server.watch.timeout = 3000ms (custom)
2021-02-08 13:07:16,765 [fc0eeb26-f5a4-40eb-8987-0eeb9e81290f@group-2693516F719D-LeaderElection29] INFO  server.RaftServerConfigKeys (ConfUtils.java:logGet(44)) - raft.server.watch.timeout.denomination = 1s (default)
2021-02-08 13:07:16,766 [fc0eeb26-f5a4-40eb-8987-0eeb9e81290f@group-2693516F719D-LeaderElection29] INFO  server.RaftServerConfigKeys (ConfUtils.java:logGet(44)) - raft.server.watch.element-limit = 65536 (default)
2021-02-08 13:07:16,766 [fc0eeb26-f5a4-40eb-8987-0eeb9e81290f@group-2693516F719D-LeaderElection29] INFO  impl.RoleInfo (RoleInfo.java:updateAndGet(130)) - fc0eeb26-f5a4-40eb-8987-0eeb9e81290f: start fc0eeb26-f5a4-40eb-8987-0eeb9e81290f@group-2693516F719D-LeaderStateImpl
2021-02-08 13:07:16,766 [fc0eeb26-f5a4-40eb-8987-0eeb9e81290f@group-2693516F719D-LeaderElection29] INFO  segmented.SegmentedRaftLogWorker (SegmentedRaftLogWorker.java:startLogSegment(392)) - fc0eeb26-f5a4-40eb-8987-0eeb9e81290f@group-2693516F719D-SegmentedRaftLogWorker: Starting segment from index:0
2021-02-08 13:07:16,767 [fc0eeb26-f5a4-40eb-8987-0eeb9e81290f@group-2693516F719D-LeaderElection29] INFO  server.RaftServer$Division (ServerState.java:setRaftConf(373)) - fc0eeb26-f5a4-40eb-8987-0eeb9e81290f@group-2693516F719D: set configuration 0: [fc0eeb26-f5a4-40eb-8987-0eeb9e81290f|rpc:172.17.0.2:39069|dataStream:|priority:1], old=null
2021-02-08 13:07:16,768 [fc0eeb26-f5a4-40eb-8987-0eeb9e81290f@group-2693516F719D-SegmentedRaftLogWorker] INFO  segmented.SegmentedRaftLogWorker (SegmentedRaftLogWorker.java:execute(599)) - fc0eeb26-f5a4-40eb-8987-0eeb9e81290f@group-2693516F719D-SegmentedRaftLogWorker: created new log segment /github/workspace/mnt/ozone/hadoop-ozone/integration-test/target/test-dir/MiniOzoneClusterImpl-489e5869-bfe0-4080-b73d-d7b53c96c8d8/datanode-2/data/ratis/c705e97d-344b-41b0-aafb-2693516f719d/current/log_inprogress_0
2021-02-08 13:07:17,049 [Thread-694] INFO  impl.FollowerState (FollowerState.java:run(133)) - 2b6c692d-bd16-4e2f-be54-cf6999516ba1@group-E9B3B8C96706-FollowerState: change to CANDIDATE, lastRpcElapsedTime:5009978598ns, electionTimeout:5009ms
2021-02-08 13:07:17,050 [Thread-694] INFO  impl.RoleInfo (RoleInfo.java:shutdownFollowerState(108)) - 2b6c692d-bd16-4e2f-be54-cf6999516ba1: shutdown 2b6c692d-bd16-4e2f-be54-cf6999516ba1@group-E9B3B8C96706-FollowerState
2021-02-08 13:07:17,050 [Thread-694] INFO  server.RaftServer$Division (RaftServerImpl.java:setRole(284)) - 2b6c692d-bd16-4e2f-be54-cf6999516ba1@group-E9B3B8C96706: changes role from  FOLLOWER to CANDIDATE at term 0 for changeToCandidate
2021-02-08 13:07:17,051 [Thread-694] INFO  server.RaftServerConfigKeys (ConfUtils.java:logGet(44)) - raft.server.leaderelection.pre-vote = false (custom)
2021-02-08 13:07:17,052 [Thread-694] INFO  impl.RoleInfo (RoleInfo.java:updateAndGet(130)) - 2b6c692d-bd16-4e2f-be54-cf6999516ba1: start 2b6c692d-bd16-4e2f-be54-cf6999516ba1@group-E9B3B8C96706-LeaderElection30
2021-02-08 13:07:17,055 [2b6c692d-bd16-4e2f-be54-cf6999516ba1@group-E9B3B8C96706-LeaderElection30] INFO  impl.LeaderElection (LeaderElection.java:askForVotes(307)) - 2b6c692d-bd16-4e2f-be54-cf6999516ba1@group-E9B3B8C96706-LeaderElection30 ELECTION round 0: submit vote requests at term 1 for -1: [2b6c692d-bd16-4e2f-be54-cf6999516ba1|rpc:172.17.0.2:33969|priority:1], old=null
2021-02-08 13:07:17,055 [2b6c692d-bd16-4e2f-be54-cf6999516ba1@group-E9B3B8C96706-LeaderElection30] INFO  impl.LeaderElection (LeaderElection.java:askForVotes(309)) - 2b6c692d-bd16-4e2f-be54-cf6999516ba1@group-E9B3B8C96706-LeaderElection30 ELECTION round 0: result PASSED (term=1)
2021-02-08 13:07:17,055 [2b6c692d-bd16-4e2f-be54-cf6999516ba1@group-E9B3B8C96706-LeaderElection30] INFO  impl.RoleInfo (RoleInfo.java:shutdownLeaderElection(121)) - 2b6c692d-bd16-4e2f-be54-cf6999516ba1: shutdown 2b6c692d-bd16-4e2f-be54-cf6999516ba1@group-E9B3B8C96706-LeaderElection30
2021-02-08 13:07:17,055 [2b6c692d-bd16-4e2f-be54-cf6999516ba1@group-E9B3B8C96706-LeaderElection30] INFO  server.RaftServer$Division (RaftServerImpl.java:setRole(284)) - 2b6c692d-bd16-4e2f-be54-cf6999516ba1@group-E9B3B8C96706: changes role from CANDIDATE to LEADER at term 1 for changeToLeader
2021-02-08 13:07:17,055 [2b6c692d-bd16-4e2f-be54-cf6999516ba1@group-E9B3B8C96706-LeaderElection30] INFO  ratis.XceiverServerRatis (XceiverServerRatis.java:handleLeaderChangedNotification(899)) - Leader change notification received for group: group-E9B3B8C96706 with new leaderId: 2b6c692d-bd16-4e2f-be54-cf6999516ba1
2021-02-08 13:07:17,055 [2b6c692d-bd16-4e2f-be54-cf6999516ba1@group-E9B3B8C96706-LeaderElection30] INFO  server.RaftServer$Division (ServerState.java:setLeader(271)) - 2b6c692d-bd16-4e2f-be54-cf6999516ba1@group-E9B3B8C96706: change Leader from null to 2b6c692d-bd16-4e2f-be54-cf6999516ba1 at term 1 for becomeLeader, leader elected after 5022ms
2021-02-08 13:07:17,055 [2b6c692d-bd16-4e2f-be54-cf6999516ba1@group-E9B3B8C96706-LeaderElection30] INFO  server.RaftServerConfigKeys (ConfUtils.java:logGet(44)) - raft.server.staging.catchup.gap = 1000 (default)
2021-02-08 13:07:17,056 [2b6c692d-bd16-4e2f-be54-cf6999516ba1@group-E9B3B8C96706-LeaderElection30] INFO  metrics.RatisMetrics (RatisMetrics.java:lambda$create$0(36)) - Creating Metrics Registry : ratis.log_appender.2b6c692d-bd16-4e2f-be54-cf6999516ba1@group-E9B3B8C96706
2021-02-08 13:07:17,056 [2b6c692d-bd16-4e2f-be54-cf6999516ba1@group-E9B3B8C96706-LeaderElection30] INFO  server.RaftServerConfigKeys (ConfUtils.java:logGet(44)) - raft.server.write.element-limit = 1024 (custom)
2021-02-08 13:07:17,056 [2b6c692d-bd16-4e2f-be54-cf6999516ba1@group-E9B3B8C96706-LeaderElection30] INFO  server.RaftServerConfigKeys (ConfUtils.java:logGet(44)) - raft.server.write.byte-limit = 1073741824 (custom)
2021-02-08 13:07:17,057 [2b6c692d-bd16-4e2f-be54-cf6999516ba1@group-E9B3B8C96706-LeaderElection30] INFO  server.RaftServerConfigKeys (ConfUtils.java:logGet(44)) - raft.server.watch.timeout = 3000ms (custom)
2021-02-08 13:07:17,057 [2b6c692d-bd16-4e2f-be54-cf6999516ba1@group-E9B3B8C96706-LeaderElection30] INFO  server.RaftServerConfigKeys (ConfUtils.java:logGet(44)) - raft.server.watch.timeout.denomination = 1s (default)
2021-02-08 13:07:17,057 [2b6c692d-bd16-4e2f-be54-cf6999516ba1@group-E9B3B8C96706-LeaderElection30] INFO  server.RaftServerConfigKeys (ConfUtils.java:logGet(44)) - raft.server.watch.element-limit = 65536 (default)
2021-02-08 13:07:17,057 [2b6c692d-bd16-4e2f-be54-cf6999516ba1@group-E9B3B8C96706-LeaderElection30] INFO  impl.RoleInfo (RoleInfo.java:updateAndGet(130)) - 2b6c692d-bd16-4e2f-be54-cf6999516ba1: start 2b6c692d-bd16-4e2f-be54-cf6999516ba1@group-E9B3B8C96706-LeaderStateImpl
2021-02-08 13:07:17,057 [2b6c692d-bd16-4e2f-be54-cf6999516ba1@group-E9B3B8C96706-LeaderElection30] INFO  segmented.SegmentedRaftLogWorker (SegmentedRaftLogWorker.java:startLogSegment(392)) - 2b6c692d-bd16-4e2f-be54-cf6999516ba1@group-E9B3B8C96706-SegmentedRaftLogWorker: Starting segment from index:0
2021-02-08 13:07:17,058 [2b6c692d-bd16-4e2f-be54-cf6999516ba1@group-E9B3B8C96706-LeaderElection30] INFO  server.RaftServer$Division (ServerState.java:setRaftConf(373)) - 2b6c692d-bd16-4e2f-be54-cf6999516ba1@group-E9B3B8C96706: set configuration 0: [2b6c692d-bd16-4e2f-be54-cf6999516ba1|rpc:172.17.0.2:33969|dataStream:|priority:1], old=null
2021-02-08 13:07:17,059 [2b6c692d-bd16-4e2f-be54-cf6999516ba1@group-E9B3B8C96706-SegmentedRaftLogWorker] INFO  segmented.SegmentedRaftLogWorker (SegmentedRaftLogWorker.java:execute(599)) - 2b6c692d-bd16-4e2f-be54-cf6999516ba1@group-E9B3B8C96706-SegmentedRaftLogWorker: created new log segment /github/workspace/mnt/ozone/hadoop-ozone/integration-test/target/test-dir/MiniOzoneClusterImpl-489e5869-bfe0-4080-b73d-d7b53c96c8d8/datanode-3/data/ratis/c2e0b6b3-cec5-4931-bfd3-e9b3b8c96706/current/log_inprogress_0
2021-02-08 13:07:17,099 [Thread-696] INFO  impl.FollowerState (FollowerState.java:run(133)) - 2b6c692d-bd16-4e2f-be54-cf6999516ba1@group-F2089C8F114B-FollowerState: change to CANDIDATE, lastRpcElapsedTime:5041544191ns, electionTimeout:5037ms
2021-02-08 13:07:17,100 [Thread-696] INFO  impl.RoleInfo (RoleInfo.java:shutdownFollowerState(108)) - 2b6c692d-bd16-4e2f-be54-cf6999516ba1: shutdown 2b6c692d-bd16-4e2f-be54-cf6999516ba1@group-F2089C8F114B-FollowerState
2021-02-08 13:07:17,100 [Thread-696] INFO  server.RaftServer$Division (RaftServerImpl.java:setRole(284)) - 2b6c692d-bd16-4e2f-be54-cf6999516ba1@group-F2089C8F114B: changes role from  FOLLOWER to CANDIDATE at term 0 for changeToCandidate
2021-02-08 13:07:17,100 [Thread-696] INFO  server.RaftServerConfigKeys (ConfUtils.java:logGet(44)) - raft.server.leaderelection.pre-vote = false (custom)
2021-02-08 13:07:17,100 [Thread-696] INFO  impl.RoleInfo (RoleInfo.java:updateAndGet(130)) - 2b6c692d-bd16-4e2f-be54-cf6999516ba1: start 2b6c692d-bd16-4e2f-be54-cf6999516ba1@group-F2089C8F114B-LeaderElection31
2021-02-08 13:07:17,104 [2b6c692d-bd16-4e2f-be54-cf6999516ba1@group-F2089C8F114B-LeaderElection31] INFO  impl.LeaderElection (LeaderElection.java:askForVotes(307)) - 2b6c692d-bd16-4e2f-be54-cf6999516ba1@group-F2089C8F114B-LeaderElection31 ELECTION round 0: submit vote requests at term 1 for -1: [2534f833-6bfe-45b3-bb55-3e90c3f01f9c|rpc:172.17.0.2:41421|priority:1, 81ab00b2-2f95-4a2f-a7cf-2c0713c6a9d2|rpc:172.17.0.2:43993|priority:0, 2b6c692d-bd16-4e2f-be54-cf6999516ba1|rpc:172.17.0.2:33969|priority:0], old=null
2021-02-08 13:07:17,110 [grpc-default-executor-1] INFO  server.RaftServer$Division (RaftServerImpl.java:requestVote(1025)) - 2534f833-6bfe-45b3-bb55-3e90c3f01f9c@group-F2089C8F114B: receive requestVote(ELECTION, 2b6c692d-bd16-4e2f-be54-cf6999516ba1, group-F2089C8F114B, 1, (t:0, i:0))
2021-02-08 13:07:17,110 [grpc-default-executor-1] INFO  impl.VoteContext (VoteContext.java:log(48)) - 2534f833-6bfe-45b3-bb55-3e90c3f01f9c@group-F2089C8F114B-FOLLOWER: reject ELECTION from 2b6c692d-bd16-4e2f-be54-cf6999516ba1: our priority 1 > candidate's priority 0
2021-02-08 13:07:17,110 [grpc-default-executor-1] INFO  server.RaftServer$Division (RaftServerImpl.java:setRole(284)) - 2534f833-6bfe-45b3-bb55-3e90c3f01f9c@group-F2089C8F114B: changes role from  FOLLOWER to FOLLOWER at term 1 for candidate:2b6c692d-bd16-4e2f-be54-cf6999516ba1
2021-02-08 13:07:17,110 [grpc-default-executor-1] INFO  impl.RoleInfo (RoleInfo.java:shutdownFollowerState(108)) - 2534f833-6bfe-45b3-bb55-3e90c3f01f9c: shutdown 2534f833-6bfe-45b3-bb55-3e90c3f01f9c@group-F2089C8F114B-FollowerState
2021-02-08 13:07:17,110 [grpc-default-executor-1] INFO  impl.RoleInfo (RoleInfo.java:updateAndGet(130)) - 2534f833-6bfe-45b3-bb55-3e90c3f01f9c: start 2534f833-6bfe-45b3-bb55-3e90c3f01f9c@group-F2089C8F114B-FollowerState
2021-02-08 13:07:17,110 [Thread-698] INFO  impl.FollowerState (FollowerState.java:run(142)) - 2534f833-6bfe-45b3-bb55-3e90c3f01f9c@group-F2089C8F114B-FollowerState was interrupted: {}
java.lang.InterruptedException: sleep interrupted
	at java.lang.Thread.sleep(Native Method)
	at java.lang.Thread.sleep(Thread.java:340)
	at java.util.concurrent.TimeUnit.sleep(TimeUnit.java:386)
	at org.apache.ratis.util.TimeDuration.sleep(TimeDuration.java:324)
	at org.apache.ratis.util.TimeDuration.sleep(TimeDuration.java:309)
	at org.apache.ratis.server.impl.FollowerState.run(FollowerState.java:117)
2021-02-08 13:07:17,116 [grpc-default-executor-1] INFO  server.RaftServer$Division (RaftServerImpl.java:requestVote(1057)) - 2534f833-6bfe-45b3-bb55-3e90c3f01f9c@group-F2089C8F114B replies to ELECTION vote request: 2b6c692d-bd16-4e2f-be54-cf6999516ba1<-2534f833-6bfe-45b3-bb55-3e90c3f01f9c#0:FAIL-t1. Peer's state: 2534f833-6bfe-45b3-bb55-3e90c3f01f9c@group-F2089C8F114B:t1, leader=null, voted=null, raftlog=2534f833-6bfe-45b3-bb55-3e90c3f01f9c@group-F2089C8F114B-SegmentedRaftLog:OPENED:c-1,f-1,i0, conf=-1: [2534f833-6bfe-45b3-bb55-3e90c3f01f9c|rpc:172.17.0.2:41421|dataStream:|priority:1, 81ab00b2-2f95-4a2f-a7cf-2c0713c6a9d2|rpc:172.17.0.2:43993|dataStream:|priority:0, 2b6c692d-bd16-4e2f-be54-cf6999516ba1|rpc:172.17.0.2:33969|dataStream:|priority:0], old=null
2021-02-08 13:07:17,118 [2b6c692d-bd16-4e2f-be54-cf6999516ba1@group-F2089C8F114B-LeaderElection31] INFO  impl.LeaderElection (LeaderElection.java:logAndReturn(89)) - 2b6c692d-bd16-4e2f-be54-cf6999516ba1@group-F2089C8F114B-LeaderElection31: ELECTION REJECTED received 1 response(s) and 0 exception(s):
2021-02-08 13:07:17,118 [2b6c692d-bd16-4e2f-be54-cf6999516ba1@group-F2089C8F114B-LeaderElection31] INFO  impl.LeaderElection (LeaderElection.java:logAndReturn(93)) -   Response 0: 2b6c692d-bd16-4e2f-be54-cf6999516ba1<-2534f833-6bfe-45b3-bb55-3e90c3f01f9c#0:FAIL-t1
2021-02-08 13:07:17,118 [2b6c692d-bd16-4e2f-be54-cf6999516ba1@group-F2089C8F114B-LeaderElection31] INFO  impl.LeaderElection (LeaderElection.java:askForVotes(309)) - 2b6c692d-bd16-4e2f-be54-cf6999516ba1@group-F2089C8F114B-LeaderElection31 ELECTION round 0: result REJECTED
2021-02-08 13:07:17,118 [2b6c692d-bd16-4e2f-be54-cf6999516ba1@group-F2089C8F114B-LeaderElection31] INFO  server.RaftServer$Division (RaftServerImpl.java:setRole(284)) - 2b6c692d-bd16-4e2f-be54-cf6999516ba1@group-F2089C8F114B: changes role from CANDIDATE to FOLLOWER at term 1 for REJECTED
2021-02-08 13:07:17,118 [2b6c692d-bd16-4e2f-be54-cf6999516ba1@group-F2089C8F114B-LeaderElection31] INFO  impl.RoleInfo (RoleInfo.java:shutdownLeaderElection(121)) - 2b6c692d-bd16-4e2f-be54-cf6999516ba1: shutdown 2b6c692d-bd16-4e2f-be54-cf6999516ba1@group-F2089C8F114B-LeaderElection31
2021-02-08 13:07:17,118 [2b6c692d-bd16-4e2f-be54-cf6999516ba1@group-F2089C8F114B-LeaderElection31] INFO  impl.RoleInfo (RoleInfo.java:updateAndGet(130)) - 2b6c692d-bd16-4e2f-be54-cf6999516ba1: start 2b6c692d-bd16-4e2f-be54-cf6999516ba1@group-F2089C8F114B-FollowerState
2021-02-08 13:07:17,125 [grpc-default-executor-1] INFO  server.RaftServer$Division (RaftServerImpl.java:requestVote(1025)) - 81ab00b2-2f95-4a2f-a7cf-2c0713c6a9d2@group-F2089C8F114B: receive requestVote(ELECTION, 2b6c692d-bd16-4e2f-be54-cf6999516ba1, group-F2089C8F114B, 1, (t:0, i:0))
2021-02-08 13:07:17,125 [grpc-default-executor-1] INFO  impl.VoteContext (VoteContext.java:log(48)) - 81ab00b2-2f95-4a2f-a7cf-2c0713c6a9d2@group-F2089C8F114B-FOLLOWER: accept ELECTION from 2b6c692d-bd16-4e2f-be54-cf6999516ba1: our priority 0 <= candidate's priority 0
2021-02-08 13:07:17,125 [grpc-default-executor-1] INFO  server.RaftServer$Division (RaftServerImpl.java:setRole(284)) - 81ab00b2-2f95-4a2f-a7cf-2c0713c6a9d2@group-F2089C8F114B: changes role from  FOLLOWER to FOLLOWER at term 1 for candidate:2b6c692d-bd16-4e2f-be54-cf6999516ba1
2021-02-08 13:07:17,125 [grpc-default-executor-1] INFO  impl.RoleInfo (RoleInfo.java:shutdownFollowerState(108)) - 81ab00b2-2f95-4a2f-a7cf-2c0713c6a9d2: shutdown 81ab00b2-2f95-4a2f-a7cf-2c0713c6a9d2@group-F2089C8F114B-FollowerState
2021-02-08 13:07:17,125 [grpc-default-executor-1] INFO  impl.RoleInfo (RoleInfo.java:updateAndGet(130)) - 81ab00b2-2f95-4a2f-a7cf-2c0713c6a9d2: start 81ab00b2-2f95-4a2f-a7cf-2c0713c6a9d2@group-F2089C8F114B-FollowerState
2021-02-08 13:07:17,125 [Thread-701] INFO  impl.FollowerState (FollowerState.java:run(142)) - 81ab00b2-2f95-4a2f-a7cf-2c0713c6a9d2@group-F2089C8F114B-FollowerState was interrupted: {}
java.lang.InterruptedException: sleep interrupted
	at java.lang.Thread.sleep(Native Method)
	at java.lang.Thread.sleep(Thread.java:340)
	at java.util.concurrent.TimeUnit.sleep(TimeUnit.java:386)
	at org.apache.ratis.util.TimeDuration.sleep(TimeDuration.java:324)
	at org.apache.ratis.util.TimeDuration.sleep(TimeDuration.java:309)
	at org.apache.ratis.server.impl.FollowerState.run(FollowerState.java:117)
2021-02-08 13:07:17,127 [grpc-default-executor-1] INFO  server.RaftServer$Division (RaftServerImpl.java:requestVote(1057)) - 81ab00b2-2f95-4a2f-a7cf-2c0713c6a9d2@group-F2089C8F114B replies to ELECTION vote request: 2b6c692d-bd16-4e2f-be54-cf6999516ba1<-81ab00b2-2f95-4a2f-a7cf-2c0713c6a9d2#0:OK-t1. Peer's state: 81ab00b2-2f95-4a2f-a7cf-2c0713c6a9d2@group-F2089C8F114B:t1, leader=null, voted=2b6c692d-bd16-4e2f-be54-cf6999516ba1, raftlog=81ab00b2-2f95-4a2f-a7cf-2c0713c6a9d2@group-F2089C8F114B-SegmentedRaftLog:OPENED:c-1,f-1,i0, conf=-1: [2534f833-6bfe-45b3-bb55-3e90c3f01f9c|rpc:172.17.0.2:41421|dataStream:|priority:1, 81ab00b2-2f95-4a2f-a7cf-2c0713c6a9d2|rpc:172.17.0.2:43993|dataStream:|priority:0, 2b6c692d-bd16-4e2f-be54-cf6999516ba1|rpc:172.17.0.2:33969|dataStream:|priority:0], old=null
2021-02-08 13:07:17,218 [Thread-709] INFO  impl.FollowerState (FollowerState.java:run(133)) - 2534f833-6bfe-45b3-bb55-3e90c3f01f9c@group-655D07119256-FollowerState: change to CANDIDATE, lastRpcElapsedTime:5041999884ns, electionTimeout:5041ms
2021-02-08 13:07:17,218 [Thread-709] INFO  impl.RoleInfo (RoleInfo.java:shutdownFollowerState(108)) - 2534f833-6bfe-45b3-bb55-3e90c3f01f9c: shutdown 2534f833-6bfe-45b3-bb55-3e90c3f01f9c@group-655D07119256-FollowerState
2021-02-08 13:07:17,219 [Thread-709] INFO  server.RaftServer$Division (RaftServerImpl.java:setRole(284)) - 2534f833-6bfe-45b3-bb55-3e90c3f01f9c@group-655D07119256: changes role from  FOLLOWER to CANDIDATE at term 0 for changeToCandidate
2021-02-08 13:07:17,220 [Thread-709] INFO  server.RaftServerConfigKeys (ConfUtils.java:logGet(44)) - raft.server.leaderelection.pre-vote = false (custom)
2021-02-08 13:07:17,220 [Thread-709] INFO  impl.RoleInfo (RoleInfo.java:updateAndGet(130)) - 2534f833-6bfe-45b3-bb55-3e90c3f01f9c: start 2534f833-6bfe-45b3-bb55-3e90c3f01f9c@group-655D07119256-LeaderElection32
2021-02-08 13:07:17,223 [2534f833-6bfe-45b3-bb55-3e90c3f01f9c@group-655D07119256-LeaderElection32] INFO  impl.LeaderElection (LeaderElection.java:askForVotes(307)) - 2534f833-6bfe-45b3-bb55-3e90c3f01f9c@group-655D07119256-LeaderElection32 ELECTION round 0: submit vote requests at term 1 for -1: [2534f833-6bfe-45b3-bb55-3e90c3f01f9c|rpc:172.17.0.2:41421|dataStream:|priority:0, 81ab00b2-2f95-4a2f-a7cf-2c0713c6a9d2|rpc:172.17.0.2:43993|dataStream:|priority:0, 2b6c692d-bd16-4e2f-be54-cf6999516ba1|rpc:172.17.0.2:33969|dataStream:|priority:1], old=null
2021-02-08 13:07:17,229 [grpc-default-executor-1] INFO  metrics.RatisMetrics (RatisMetrics.java:lambda$create$0(36)) - Creating Metrics Registry : ratis.server_message_metrics.2b6c692d-bd16-4e2f-be54-cf6999516ba1
2021-02-08 13:07:17,236 [grpc-default-executor-1] INFO  server.RaftServer$Division (RaftServerImpl.java:requestVote(1025)) - 2b6c692d-bd16-4e2f-be54-cf6999516ba1@group-655D07119256: receive requestVote(ELECTION, 2534f833-6bfe-45b3-bb55-3e90c3f01f9c, group-655D07119256, 1, (t:0, i:0))
2021-02-08 13:07:17,236 [grpc-default-executor-1] INFO  impl.VoteContext (VoteContext.java:log(48)) - 2b6c692d-bd16-4e2f-be54-cf6999516ba1@group-655D07119256-FOLLOWER: reject ELECTION from 2534f833-6bfe-45b3-bb55-3e90c3f01f9c: our priority 1 > candidate's priority 0
2021-02-08 13:07:17,236 [grpc-default-executor-1] INFO  server.RaftServer$Division (RaftServerImpl.java:setRole(284)) - 2b6c692d-bd16-4e2f-be54-cf6999516ba1@group-655D07119256: changes role from  FOLLOWER to FOLLOWER at term 1 for candidate:2534f833-6bfe-45b3-bb55-3e90c3f01f9c
2021-02-08 13:07:17,237 [grpc-default-executor-1] INFO  impl.RoleInfo (RoleInfo.java:shutdownFollowerState(108)) - 2b6c692d-bd16-4e2f-be54-cf6999516ba1: shutdown 2b6c692d-bd16-4e2f-be54-cf6999516ba1@group-655D07119256-FollowerState
2021-02-08 13:07:17,237 [grpc-default-executor-1] INFO  impl.RoleInfo (RoleInfo.java:updateAndGet(130)) - 2b6c692d-bd16-4e2f-be54-cf6999516ba1: start 2b6c692d-bd16-4e2f-be54-cf6999516ba1@group-655D07119256-FollowerState
2021-02-08 13:07:17,237 [Thread-704] INFO  impl.FollowerState (FollowerState.java:run(142)) - 2b6c692d-bd16-4e2f-be54-cf6999516ba1@group-655D07119256-FollowerState was interrupted: {}
java.lang.InterruptedException: sleep interrupted
	at java.lang.Thread.sleep(Native Method)
	at java.lang.Thread.sleep(Thread.java:340)
	at java.util.concurrent.TimeUnit.sleep(TimeUnit.java:386)
	at org.apache.ratis.util.TimeDuration.sleep(TimeDuration.java:324)
	at org.apache.ratis.util.TimeDuration.sleep(TimeDuration.java:309)
	at org.apache.ratis.server.impl.FollowerState.run(FollowerState.java:117)
2021-02-08 13:07:17,238 [grpc-default-executor-1] INFO  server.RaftServer$Division (RaftServerImpl.java:requestVote(1057)) - 2b6c692d-bd16-4e2f-be54-cf6999516ba1@group-655D07119256 replies to ELECTION vote request: 2534f833-6bfe-45b3-bb55-3e90c3f01f9c<-2b6c692d-bd16-4e2f-be54-cf6999516ba1#0:FAIL-t1. Peer's state: 2b6c692d-bd16-4e2f-be54-cf6999516ba1@group-655D07119256:t1, leader=null, voted=null, raftlog=2b6c692d-bd16-4e2f-be54-cf6999516ba1@group-655D07119256-SegmentedRaftLog:OPENED:c-1,f-1,i0, conf=-1: [2534f833-6bfe-45b3-bb55-3e90c3f01f9c|rpc:172.17.0.2:41421|priority:0, 81ab00b2-2f95-4a2f-a7cf-2c0713c6a9d2|rpc:172.17.0.2:43993|priority:0, 2b6c692d-bd16-4e2f-be54-cf6999516ba1|rpc:172.17.0.2:33969|priority:1], old=null
2021-02-08 13:07:17,241 [2534f833-6bfe-45b3-bb55-3e90c3f01f9c@group-655D07119256-LeaderElection32] INFO  impl.LeaderElection (LeaderElection.java:logAndReturn(89)) - 2534f833-6bfe-45b3-bb55-3e90c3f01f9c@group-655D07119256-LeaderElection32: ELECTION REJECTED received 1 response(s) and 0 exception(s):
2021-02-08 13:07:17,241 [2534f833-6bfe-45b3-bb55-3e90c3f01f9c@group-655D07119256-LeaderElection32] INFO  impl.LeaderElection (LeaderElection.java:logAndReturn(93)) -   Response 0: 2534f833-6bfe-45b3-bb55-3e90c3f01f9c<-2b6c692d-bd16-4e2f-be54-cf6999516ba1#0:FAIL-t1
2021-02-08 13:07:17,241 [grpc-default-executor-1] INFO  server.RaftServer$Division (RaftServerImpl.java:requestVote(1025)) - 81ab00b2-2f95-4a2f-a7cf-2c0713c6a9d2@group-655D07119256: receive requestVote(ELECTION, 2534f833-6bfe-45b3-bb55-3e90c3f01f9c, group-655D07119256, 1, (t:0, i:0))
2021-02-08 13:07:17,241 [2534f833-6bfe-45b3-bb55-3e90c3f01f9c@group-655D07119256-LeaderElection32] INFO  impl.LeaderElection (LeaderElection.java:askForVotes(309)) - 2534f833-6bfe-45b3-bb55-3e90c3f01f9c@group-655D07119256-LeaderElection32 ELECTION round 0: result REJECTED
2021-02-08 13:07:17,241 [2534f833-6bfe-45b3-bb55-3e90c3f01f9c@group-655D07119256-LeaderElection32] INFO  server.RaftServer$Division (RaftServerImpl.java:setRole(284)) - 2534f833-6bfe-45b3-bb55-3e90c3f01f9c@group-655D07119256: changes role from CANDIDATE to FOLLOWER at term 1 for REJECTED
2021-02-08 13:07:17,241 [2534f833-6bfe-45b3-bb55-3e90c3f01f9c@group-655D07119256-LeaderElection32] INFO  impl.RoleInfo (RoleInfo.java:shutdownLeaderElection(121)) - 2534f833-6bfe-45b3-bb55-3e90c3f01f9c: shutdown 2534f833-6bfe-45b3-bb55-3e90c3f01f9c@group-655D07119256-LeaderElection32
2021-02-08 13:07:17,241 [2534f833-6bfe-45b3-bb55-3e90c3f01f9c@group-655D07119256-LeaderElection32] INFO  impl.RoleInfo (RoleInfo.java:updateAndGet(130)) - 2534f833-6bfe-45b3-bb55-3e90c3f01f9c: start 2534f833-6bfe-45b3-bb55-3e90c3f01f9c@group-655D07119256-FollowerState
2021-02-08 13:07:17,242 [grpc-default-executor-1] INFO  impl.VoteContext (VoteContext.java:log(48)) - 81ab00b2-2f95-4a2f-a7cf-2c0713c6a9d2@group-655D07119256-FOLLOWER: accept ELECTION from 2534f833-6bfe-45b3-bb55-3e90c3f01f9c: our priority 0 <= candidate's priority 0
2021-02-08 13:07:17,242 [grpc-default-executor-1] INFO  server.RaftServer$Division (RaftServerImpl.java:setRole(284)) - 81ab00b2-2f95-4a2f-a7cf-2c0713c6a9d2@group-655D07119256: changes role from  FOLLOWER to FOLLOWER at term 1 for candidate:2534f833-6bfe-45b3-bb55-3e90c3f01f9c
2021-02-08 13:07:17,242 [grpc-default-executor-1] INFO  impl.RoleInfo (RoleInfo.java:shutdownFollowerState(108)) - 81ab00b2-2f95-4a2f-a7cf-2c0713c6a9d2: shutdown 81ab00b2-2f95-4a2f-a7cf-2c0713c6a9d2@group-655D07119256-FollowerState
2021-02-08 13:07:17,242 [grpc-default-executor-1] INFO  impl.RoleInfo (RoleInfo.java:updateAndGet(130)) - 81ab00b2-2f95-4a2f-a7cf-2c0713c6a9d2: start 81ab00b2-2f95-4a2f-a7cf-2c0713c6a9d2@group-655D07119256-FollowerState
2021-02-08 13:07:17,242 [Thread-706] INFO  impl.FollowerState (FollowerState.java:run(142)) - 81ab00b2-2f95-4a2f-a7cf-2c0713c6a9d2@group-655D07119256-FollowerState was interrupted: {}
java.lang.InterruptedException: sleep interrupted
	at java.lang.Thread.sleep(Native Method)
	at java.lang.Thread.sleep(Thread.java:340)
	at java.util.concurrent.TimeUnit.sleep(TimeUnit.java:386)
	at org.apache.ratis.util.TimeDuration.sleep(TimeDuration.java:324)
	at org.apache.ratis.util.TimeDuration.sleep(TimeDuration.java:309)
	at org.apache.ratis.server.impl.FollowerState.run(FollowerState.java:117)
2021-02-08 13:07:17,244 [grpc-default-executor-1] INFO  server.RaftServer$Division (RaftServerImpl.java:requestVote(1057)) - 81ab00b2-2f95-4a2f-a7cf-2c0713c6a9d2@group-655D07119256 replies to ELECTION vote request: 2534f833-6bfe-45b3-bb55-3e90c3f01f9c<-81ab00b2-2f95-4a2f-a7cf-2c0713c6a9d2#0:OK-t1. Peer's state: 81ab00b2-2f95-4a2f-a7cf-2c0713c6a9d2@group-655D07119256:t1, leader=null, voted=2534f833-6bfe-45b3-bb55-3e90c3f01f9c, raftlog=81ab00b2-2f95-4a2f-a7cf-2c0713c6a9d2@group-655D07119256-SegmentedRaftLog:OPENED:c-1,f-1,i0, conf=-1: [2534f833-6bfe-45b3-bb55-3e90c3f01f9c|rpc:172.17.0.2:41421|dataStream:|priority:0, 81ab00b2-2f95-4a2f-a7cf-2c0713c6a9d2|rpc:172.17.0.2:43993|dataStream:|priority:0, 2b6c692d-bd16-4e2f-be54-cf6999516ba1|rpc:172.17.0.2:33969|dataStream:|priority:1], old=null
2021-02-08 13:07:17,411 [Thread-712] INFO  impl.FollowerState (FollowerState.java:run(133)) - 81ab00b2-2f95-4a2f-a7cf-2c0713c6a9d2@group-4CAAE4725CBC-FollowerState: change to CANDIDATE, lastRpcElapsedTime:5178068069ns, electionTimeout:5177ms
2021-02-08 13:07:17,411 [Thread-712] INFO  impl.RoleInfo (RoleInfo.java:shutdownFollowerState(108)) - 81ab00b2-2f95-4a2f-a7cf-2c0713c6a9d2: shutdown 81ab00b2-2f95-4a2f-a7cf-2c0713c6a9d2@group-4CAAE4725CBC-FollowerState
2021-02-08 13:07:17,411 [Thread-712] INFO  server.RaftServer$Division (RaftServerImpl.java:setRole(284)) - 81ab00b2-2f95-4a2f-a7cf-2c0713c6a9d2@group-4CAAE4725CBC: changes role from  FOLLOWER to CANDIDATE at term 0 for changeToCandidate
2021-02-08 13:07:17,412 [Thread-712] INFO  server.RaftServerConfigKeys (ConfUtils.java:logGet(44)) - raft.server.leaderelection.pre-vote = false (custom)
2021-02-08 13:07:17,413 [Thread-712] INFO  impl.RoleInfo (RoleInfo.java:updateAndGet(130)) - 81ab00b2-2f95-4a2f-a7cf-2c0713c6a9d2: start 81ab00b2-2f95-4a2f-a7cf-2c0713c6a9d2@group-4CAAE4725CBC-LeaderElection33
2021-02-08 13:07:17,421 [81ab00b2-2f95-4a2f-a7cf-2c0713c6a9d2@group-4CAAE4725CBC-LeaderElection33] INFO  impl.LeaderElection (LeaderElection.java:askForVotes(307)) - 81ab00b2-2f95-4a2f-a7cf-2c0713c6a9d2@group-4CAAE4725CBC-LeaderElection33 ELECTION round 0: submit vote requests at term 1 for -1: [81ab00b2-2f95-4a2f-a7cf-2c0713c6a9d2|rpc:172.17.0.2:43993|priority:1], old=null
2021-02-08 13:07:17,421 [81ab00b2-2f95-4a2f-a7cf-2c0713c6a9d2@group-4CAAE4725CBC-LeaderElection33] INFO  impl.LeaderElection (LeaderElection.java:askForVotes(309)) - 81ab00b2-2f95-4a2f-a7cf-2c0713c6a9d2@group-4CAAE4725CBC-LeaderElection33 ELECTION round 0: result PASSED (term=1)
2021-02-08 13:07:17,421 [81ab00b2-2f95-4a2f-a7cf-2c0713c6a9d2@group-4CAAE4725CBC-LeaderElection33] INFO  impl.RoleInfo (RoleInfo.java:shutdownLeaderElection(121)) - 81ab00b2-2f95-4a2f-a7cf-2c0713c6a9d2: shutdown 81ab00b2-2f95-4a2f-a7cf-2c0713c6a9d2@group-4CAAE4725CBC-LeaderElection33
2021-02-08 13:07:17,421 [81ab00b2-2f95-4a2f-a7cf-2c0713c6a9d2@group-4CAAE4725CBC-LeaderElection33] INFO  server.RaftServer$Division (RaftServerImpl.java:setRole(284)) - 81ab00b2-2f95-4a2f-a7cf-2c0713c6a9d2@group-4CAAE4725CBC: changes role from CANDIDATE to LEADER at term 1 for changeToLeader
2021-02-08 13:07:17,421 [81ab00b2-2f95-4a2f-a7cf-2c0713c6a9d2@group-4CAAE4725CBC-LeaderElection33] INFO  ratis.XceiverServerRatis (XceiverServerRatis.java:handleLeaderChangedNotification(899)) - Leader change notification received for group: group-4CAAE4725CBC with new leaderId: 81ab00b2-2f95-4a2f-a7cf-2c0713c6a9d2
2021-02-08 13:07:17,422 [81ab00b2-2f95-4a2f-a7cf-2c0713c6a9d2@group-4CAAE4725CBC-LeaderElection33] INFO  server.RaftServer$Division (ServerState.java:setLeader(271)) - 81ab00b2-2f95-4a2f-a7cf-2c0713c6a9d2@group-4CAAE4725CBC: change Leader from null to 81ab00b2-2f95-4a2f-a7cf-2c0713c6a9d2 at term 1 for becomeLeader, leader elected after 5194ms
2021-02-08 13:07:17,422 [81ab00b2-2f95-4a2f-a7cf-2c0713c6a9d2@group-4CAAE4725CBC-LeaderElection33] INFO  server.RaftServerConfigKeys (ConfUtils.java:logGet(44)) - raft.server.staging.catchup.gap = 1000 (default)
2021-02-08 13:07:17,422 [81ab00b2-2f95-4a2f-a7cf-2c0713c6a9d2@group-4CAAE4725CBC-LeaderElection33] INFO  metrics.RatisMetrics (RatisMetrics.java:lambda$create$0(36)) - Creating Metrics Registry : ratis.log_appender.81ab00b2-2f95-4a2f-a7cf-2c0713c6a9d2@group-4CAAE4725CBC
2021-02-08 13:07:17,422 [81ab00b2-2f95-4a2f-a7cf-2c0713c6a9d2@group-4CAAE4725CBC-LeaderElection33] INFO  server.RaftServerConfigKeys (ConfUtils.java:logGet(44)) - raft.server.write.element-limit = 1024 (custom)
2021-02-08 13:07:17,422 [81ab00b2-2f95-4a2f-a7cf-2c0713c6a9d2@group-4CAAE4725CBC-LeaderElection33] INFO  server.RaftServerConfigKeys (ConfUtils.java:logGet(44)) - raft.server.write.byte-limit = 1073741824 (custom)
2021-02-08 13:07:17,423 [81ab00b2-2f95-4a2f-a7cf-2c0713c6a9d2@group-4CAAE4725CBC-LeaderElection33] INFO  server.RaftServerConfigKeys (ConfUtils.java:logGet(44)) - raft.server.watch.timeout = 3000ms (custom)
2021-02-08 13:07:17,423 [81ab00b2-2f95-4a2f-a7cf-2c0713c6a9d2@group-4CAAE4725CBC-LeaderElection33] INFO  server.RaftServerConfigKeys (ConfUtils.java:logGet(44)) - raft.server.watch.timeout.denomination = 1s (default)
2021-02-08 13:07:17,423 [81ab00b2-2f95-4a2f-a7cf-2c0713c6a9d2@group-4CAAE4725CBC-LeaderElection33] INFO  server.RaftServerConfigKeys (ConfUtils.java:logGet(44)) - raft.server.watch.element-limit = 65536 (default)
2021-02-08 13:07:17,423 [81ab00b2-2f95-4a2f-a7cf-2c0713c6a9d2@group-4CAAE4725CBC-LeaderElection33] INFO  impl.RoleInfo (RoleInfo.java:updateAndGet(130)) - 81ab00b2-2f95-4a2f-a7cf-2c0713c6a9d2: start 81ab00b2-2f95-4a2f-a7cf-2c0713c6a9d2@group-4CAAE4725CBC-LeaderStateImpl
2021-02-08 13:07:17,424 [81ab00b2-2f95-4a2f-a7cf-2c0713c6a9d2@group-4CAAE4725CBC-LeaderElection33] INFO  segmented.SegmentedRaftLogWorker (SegmentedRaftLogWorker.java:startLogSegment(392)) - 81ab00b2-2f95-4a2f-a7cf-2c0713c6a9d2@group-4CAAE4725CBC-SegmentedRaftLogWorker: Starting segment from index:0
2021-02-08 13:07:17,424 [81ab00b2-2f95-4a2f-a7cf-2c0713c6a9d2@group-4CAAE4725CBC-LeaderElection33] INFO  server.RaftServer$Division (ServerState.java:setRaftConf(373)) - 81ab00b2-2f95-4a2f-a7cf-2c0713c6a9d2@group-4CAAE4725CBC: set configuration 0: [81ab00b2-2f95-4a2f-a7cf-2c0713c6a9d2|rpc:172.17.0.2:43993|dataStream:|priority:1], old=null
2021-02-08 13:07:17,425 [81ab00b2-2f95-4a2f-a7cf-2c0713c6a9d2@group-4CAAE4725CBC-SegmentedRaftLogWorker] INFO  segmented.SegmentedRaftLogWorker (SegmentedRaftLogWorker.java:execute(599)) - 81ab00b2-2f95-4a2f-a7cf-2c0713c6a9d2@group-4CAAE4725CBC-SegmentedRaftLogWorker: created new log segment /github/workspace/mnt/ozone/hadoop-ozone/integration-test/target/test-dir/MiniOzoneClusterImpl-489e5869-bfe0-4080-b73d-d7b53c96c8d8/datanode-4/data/ratis/d5abc75a-9b88-4f3d-b224-4caae4725cbc/current/log_inprogress_0
2021-02-08 13:07:17,464 [Thread-714] INFO  impl.FollowerState (FollowerState.java:run(133)) - 2534f833-6bfe-45b3-bb55-3e90c3f01f9c@group-AF9CCEA08DE5-FollowerState: change to CANDIDATE, lastRpcElapsedTime:5018604501ns, electionTimeout:5018ms
2021-02-08 13:07:17,465 [Thread-714] INFO  impl.RoleInfo (RoleInfo.java:shutdownFollowerState(108)) - 2534f833-6bfe-45b3-bb55-3e90c3f01f9c: shutdown 2534f833-6bfe-45b3-bb55-3e90c3f01f9c@group-AF9CCEA08DE5-FollowerState
2021-02-08 13:07:17,465 [Thread-714] INFO  server.RaftServer$Division (RaftServerImpl.java:setRole(284)) - 2534f833-6bfe-45b3-bb55-3e90c3f01f9c@group-AF9CCEA08DE5: changes role from  FOLLOWER to CANDIDATE at term 0 for changeToCandidate
2021-02-08 13:07:17,465 [Thread-714] INFO  server.RaftServerConfigKeys (ConfUtils.java:logGet(44)) - raft.server.leaderelection.pre-vote = false (custom)
2021-02-08 13:07:17,465 [Thread-714] INFO  impl.RoleInfo (RoleInfo.java:updateAndGet(130)) - 2534f833-6bfe-45b3-bb55-3e90c3f01f9c: start 2534f833-6bfe-45b3-bb55-3e90c3f01f9c@group-AF9CCEA08DE5-LeaderElection34
2021-02-08 13:07:17,469 [2534f833-6bfe-45b3-bb55-3e90c3f01f9c@group-AF9CCEA08DE5-LeaderElection34] INFO  impl.LeaderElection (LeaderElection.java:askForVotes(307)) - 2534f833-6bfe-45b3-bb55-3e90c3f01f9c@group-AF9CCEA08DE5-LeaderElection34 ELECTION round 0: submit vote requests at term 1 for -1: [2534f833-6bfe-45b3-bb55-3e90c3f01f9c|rpc:172.17.0.2:41421|priority:1], old=null
2021-02-08 13:07:17,469 [2534f833-6bfe-45b3-bb55-3e90c3f01f9c@group-AF9CCEA08DE5-LeaderElection34] INFO  impl.LeaderElection (LeaderElection.java:askForVotes(309)) - 2534f833-6bfe-45b3-bb55-3e90c3f01f9c@group-AF9CCEA08DE5-LeaderElection34 ELECTION round 0: result PASSED (term=1)
2021-02-08 13:07:17,469 [2534f833-6bfe-45b3-bb55-3e90c3f01f9c@group-AF9CCEA08DE5-LeaderElection34] INFO  impl.RoleInfo (RoleInfo.java:shutdownLeaderElection(121)) - 2534f833-6bfe-45b3-bb55-3e90c3f01f9c: shutdown 2534f833-6bfe-45b3-bb55-3e90c3f01f9c@group-AF9CCEA08DE5-LeaderElection34
2021-02-08 13:07:17,469 [2534f833-6bfe-45b3-bb55-3e90c3f01f9c@group-AF9CCEA08DE5-LeaderElection34] INFO  server.RaftServer$Division (RaftServerImpl.java:setRole(284)) - 2534f833-6bfe-45b3-bb55-3e90c3f01f9c@group-AF9CCEA08DE5: changes role from CANDIDATE to LEADER at term 1 for changeToLeader
2021-02-08 13:07:17,469 [2534f833-6bfe-45b3-bb55-3e90c3f01f9c@group-AF9CCEA08DE5-LeaderElection34] INFO  ratis.XceiverServerRatis (XceiverServerRatis.java:handleLeaderChangedNotification(899)) - Leader change notification received for group: group-AF9CCEA08DE5 with new leaderId: 2534f833-6bfe-45b3-bb55-3e90c3f01f9c
2021-02-08 13:07:17,470 [2534f833-6bfe-45b3-bb55-3e90c3f01f9c@group-AF9CCEA08DE5-LeaderElection34] INFO  server.RaftServer$Division (ServerState.java:setLeader(271)) - 2534f833-6bfe-45b3-bb55-3e90c3f01f9c@group-AF9CCEA08DE5: change Leader from null to 2534f833-6bfe-45b3-bb55-3e90c3f01f9c at term 1 for becomeLeader, leader elected after 5028ms
2021-02-08 13:07:17,470 [2534f833-6bfe-45b3-bb55-3e90c3f01f9c@group-AF9CCEA08DE5-LeaderElection34] INFO  server.RaftServerConfigKeys (ConfUtils.java:logGet(44)) - raft.server.staging.catchup.gap = 1000 (default)
2021-02-08 13:07:17,470 [2534f833-6bfe-45b3-bb55-3e90c3f01f9c@group-AF9CCEA08DE5-LeaderElection34] INFO  metrics.RatisMetrics (RatisMetrics.java:lambda$create$0(36)) - Creating Metrics Registry : ratis.log_appender.2534f833-6bfe-45b3-bb55-3e90c3f01f9c@group-AF9CCEA08DE5
2021-02-08 13:07:17,470 [2534f833-6bfe-45b3-bb55-3e90c3f01f9c@group-AF9CCEA08DE5-LeaderElection34] INFO  server.RaftServerConfigKeys (ConfUtils.java:logGet(44)) - raft.server.write.element-limit = 1024 (custom)
2021-02-08 13:07:17,472 [2534f833-6bfe-45b3-bb55-3e90c3f01f9c@group-AF9CCEA08DE5-LeaderElection34] INFO  server.RaftServerConfigKeys (ConfUtils.java:logGet(44)) - raft.server.write.byte-limit = 1073741824 (custom)
2021-02-08 13:07:17,472 [2534f833-6bfe-45b3-bb55-3e90c3f01f9c@group-AF9CCEA08DE5-LeaderElection34] INFO  server.RaftServerConfigKeys (ConfUtils.java:logGet(44)) - raft.server.watch.timeout = 3000ms (custom)
2021-02-08 13:07:17,472 [2534f833-6bfe-45b3-bb55-3e90c3f01f9c@group-AF9CCEA08DE5-LeaderElection34] INFO  server.RaftServerConfigKeys (ConfUtils.java:logGet(44)) - raft.server.watch.timeout.denomination = 1s (default)
2021-02-08 13:07:17,472 [2534f833-6bfe-45b3-bb55-3e90c3f01f9c@group-AF9CCEA08DE5-LeaderElection34] INFO  server.RaftServerConfigKeys (ConfUtils.java:logGet(44)) - raft.server.watch.element-limit = 65536 (default)
2021-02-08 13:07:17,472 [2534f833-6bfe-45b3-bb55-3e90c3f01f9c@group-AF9CCEA08DE5-LeaderElection34] INFO  impl.RoleInfo (RoleInfo.java:updateAndGet(130)) - 2534f833-6bfe-45b3-bb55-3e90c3f01f9c: start 2534f833-6bfe-45b3-bb55-3e90c3f01f9c@group-AF9CCEA08DE5-LeaderStateImpl
2021-02-08 13:07:17,472 [2534f833-6bfe-45b3-bb55-3e90c3f01f9c@group-AF9CCEA08DE5-LeaderElection34] INFO  segmented.SegmentedRaftLogWorker (SegmentedRaftLogWorker.java:startLogSegment(392)) - 2534f833-6bfe-45b3-bb55-3e90c3f01f9c@group-AF9CCEA08DE5-SegmentedRaftLogWorker: Starting segment from index:0
2021-02-08 13:07:17,473 [2534f833-6bfe-45b3-bb55-3e90c3f01f9c@group-AF9CCEA08DE5-LeaderElection34] INFO  server.RaftServer$Division (ServerState.java:setRaftConf(373)) - 2534f833-6bfe-45b3-bb55-3e90c3f01f9c@group-AF9CCEA08DE5: set configuration 0: [2534f833-6bfe-45b3-bb55-3e90c3f01f9c|rpc:172.17.0.2:41421|dataStream:|priority:1], old=null
2021-02-08 13:07:17,474 [2534f833-6bfe-45b3-bb55-3e90c3f01f9c@group-AF9CCEA08DE5-SegmentedRaftLogWorker] INFO  segmented.SegmentedRaftLogWorker (SegmentedRaftLogWorker.java:execute(599)) - 2534f833-6bfe-45b3-bb55-3e90c3f01f9c@group-AF9CCEA08DE5-SegmentedRaftLogWorker: created new log segment /github/workspace/mnt/ozone/hadoop-ozone/integration-test/target/test-dir/MiniOzoneClusterImpl-489e5869-bfe0-4080-b73d-d7b53c96c8d8/datanode-5/data/ratis/82cd6639-bd6e-4324-8bae-af9ccea08de5/current/log_inprogress_0
2021-02-08 13:07:17,781 [Thread-716] INFO  impl.FollowerState (FollowerState.java:run(133)) - f93bfba0-937c-4ad5-aa8e-b62a4ac7242c@group-2878B0D1256A-FollowerState: change to CANDIDATE, lastRpcElapsedTime:5140661324ns, electionTimeout:5140ms
2021-02-08 13:07:17,782 [Thread-716] INFO  impl.RoleInfo (RoleInfo.java:shutdownFollowerState(108)) - f93bfba0-937c-4ad5-aa8e-b62a4ac7242c: shutdown f93bfba0-937c-4ad5-aa8e-b62a4ac7242c@group-2878B0D1256A-FollowerState
2021-02-08 13:07:17,782 [Thread-716] INFO  server.RaftServer$Division (RaftServerImpl.java:setRole(284)) - f93bfba0-937c-4ad5-aa8e-b62a4ac7242c@group-2878B0D1256A: changes role from  FOLLOWER to CANDIDATE at term 0 for changeToCandidate
2021-02-08 13:07:17,783 [Thread-716] INFO  server.RaftServerConfigKeys (ConfUtils.java:logGet(44)) - raft.server.leaderelection.pre-vote = false (custom)
2021-02-08 13:07:17,783 [Thread-716] INFO  impl.RoleInfo (RoleInfo.java:updateAndGet(130)) - f93bfba0-937c-4ad5-aa8e-b62a4ac7242c: start f93bfba0-937c-4ad5-aa8e-b62a4ac7242c@group-2878B0D1256A-LeaderElection35
2021-02-08 13:07:17,786 [f93bfba0-937c-4ad5-aa8e-b62a4ac7242c@group-2878B0D1256A-LeaderElection35] INFO  impl.LeaderElection (LeaderElection.java:askForVotes(307)) - f93bfba0-937c-4ad5-aa8e-b62a4ac7242c@group-2878B0D1256A-LeaderElection35 ELECTION round 0: submit vote requests at term 1 for -1: [f93bfba0-937c-4ad5-aa8e-b62a4ac7242c|rpc:172.17.0.2:37989|priority:1], old=null
2021-02-08 13:07:17,786 [f93bfba0-937c-4ad5-aa8e-b62a4ac7242c@group-2878B0D1256A-LeaderElection35] INFO  impl.LeaderElection (LeaderElection.java:askForVotes(309)) - f93bfba0-937c-4ad5-aa8e-b62a4ac7242c@group-2878B0D1256A-LeaderElection35 ELECTION round 0: result PASSED (term=1)
2021-02-08 13:07:17,786 [f93bfba0-937c-4ad5-aa8e-b62a4ac7242c@group-2878B0D1256A-LeaderElection35] INFO  impl.RoleInfo (RoleInfo.java:shutdownLeaderElection(121)) - f93bfba0-937c-4ad5-aa8e-b62a4ac7242c: shutdown f93bfba0-937c-4ad5-aa8e-b62a4ac7242c@group-2878B0D1256A-LeaderElection35
2021-02-08 13:07:17,786 [f93bfba0-937c-4ad5-aa8e-b62a4ac7242c@group-2878B0D1256A-LeaderElection35] INFO  server.RaftServer$Division (RaftServerImpl.java:setRole(284)) - f93bfba0-937c-4ad5-aa8e-b62a4ac7242c@group-2878B0D1256A: changes role from CANDIDATE to LEADER at term 1 for changeToLeader
2021-02-08 13:07:17,786 [f93bfba0-937c-4ad5-aa8e-b62a4ac7242c@group-2878B0D1256A-LeaderElection35] INFO  ratis.XceiverServerRatis (XceiverServerRatis.java:handleLeaderChangedNotification(899)) - Leader change notification received for group: group-2878B0D1256A with new leaderId: f93bfba0-937c-4ad5-aa8e-b62a4ac7242c
2021-02-08 13:07:17,786 [f93bfba0-937c-4ad5-aa8e-b62a4ac7242c@group-2878B0D1256A-LeaderElection35] INFO  server.RaftServer$Division (ServerState.java:setLeader(271)) - f93bfba0-937c-4ad5-aa8e-b62a4ac7242c@group-2878B0D1256A: change Leader from null to f93bfba0-937c-4ad5-aa8e-b62a4ac7242c at term 1 for becomeLeader, leader elected after 5151ms
2021-02-08 13:07:17,786 [f93bfba0-937c-4ad5-aa8e-b62a4ac7242c@group-2878B0D1256A-LeaderElection35] INFO  server.RaftServerConfigKeys (ConfUtils.java:logGet(44)) - raft.server.staging.catchup.gap = 1000 (default)
2021-02-08 13:07:17,786 [f93bfba0-937c-4ad5-aa8e-b62a4ac7242c@group-2878B0D1256A-LeaderElection35] INFO  metrics.RatisMetrics (RatisMetrics.java:lambda$create$0(36)) - Creating Metrics Registry : ratis.log_appender.f93bfba0-937c-4ad5-aa8e-b62a4ac7242c@group-2878B0D1256A
2021-02-08 13:07:17,787 [f93bfba0-937c-4ad5-aa8e-b62a4ac7242c@group-2878B0D1256A-LeaderElection35] INFO  server.RaftServerConfigKeys (ConfUtils.java:logGet(44)) - raft.server.write.element-limit = 1024 (custom)
2021-02-08 13:07:17,787 [f93bfba0-937c-4ad5-aa8e-b62a4ac7242c@group-2878B0D1256A-LeaderElection35] INFO  server.RaftServerConfigKeys (ConfUtils.java:logGet(44)) - raft.server.write.byte-limit = 1073741824 (custom)
2021-02-08 13:07:17,787 [f93bfba0-937c-4ad5-aa8e-b62a4ac7242c@group-2878B0D1256A-LeaderElection35] INFO  server.RaftServerConfigKeys (ConfUtils.java:logGet(44)) - raft.server.watch.timeout = 3000ms (custom)
2021-02-08 13:07:17,787 [f93bfba0-937c-4ad5-aa8e-b62a4ac7242c@group-2878B0D1256A-LeaderElection35] INFO  server.RaftServerConfigKeys (ConfUtils.java:logGet(44)) - raft.server.watch.timeout.denomination = 1s (default)
2021-02-08 13:07:17,787 [f93bfba0-937c-4ad5-aa8e-b62a4ac7242c@group-2878B0D1256A-LeaderElection35] INFO  server.RaftServerConfigKeys (ConfUtils.java:logGet(44)) - raft.server.watch.element-limit = 65536 (default)
2021-02-08 13:07:17,787 [f93bfba0-937c-4ad5-aa8e-b62a4ac7242c@group-2878B0D1256A-LeaderElection35] INFO  impl.RoleInfo (RoleInfo.java:updateAndGet(130)) - f93bfba0-937c-4ad5-aa8e-b62a4ac7242c: start f93bfba0-937c-4ad5-aa8e-b62a4ac7242c@group-2878B0D1256A-LeaderStateImpl
2021-02-08 13:07:17,789 [f93bfba0-937c-4ad5-aa8e-b62a4ac7242c@group-2878B0D1256A-LeaderElection35] INFO  segmented.SegmentedRaftLogWorker (SegmentedRaftLogWorker.java:startLogSegment(392)) - f93bfba0-937c-4ad5-aa8e-b62a4ac7242c@group-2878B0D1256A-SegmentedRaftLogWorker: Starting segment from index:0
2021-02-08 13:07:17,789 [f93bfba0-937c-4ad5-aa8e-b62a4ac7242c@group-2878B0D1256A-LeaderElection35] INFO  server.RaftServer$Division (ServerState.java:setRaftConf(373)) - f93bfba0-937c-4ad5-aa8e-b62a4ac7242c@group-2878B0D1256A: set configuration 0: [f93bfba0-937c-4ad5-aa8e-b62a4ac7242c|rpc:172.17.0.2:37989|dataStream:|priority:1], old=null
2021-02-08 13:07:17,790 [f93bfba0-937c-4ad5-aa8e-b62a4ac7242c@group-2878B0D1256A-SegmentedRaftLogWorker] INFO  segmented.SegmentedRaftLogWorker (SegmentedRaftLogWorker.java:execute(599)) - f93bfba0-937c-4ad5-aa8e-b62a4ac7242c@group-2878B0D1256A-SegmentedRaftLogWorker: created new log segment /github/workspace/mnt/ozone/hadoop-ozone/integration-test/target/test-dir/MiniOzoneClusterImpl-489e5869-bfe0-4080-b73d-d7b53c96c8d8/datanode-6/data/ratis/e2e39ad5-77a1-4458-b7fc-2878b0d1256a/current/log_inprogress_0
2021-02-08 13:07:19,555 [EventQueue-Delayed safe mode statusForReplicationManager] INFO  container.ReplicationManager (ReplicationManager.java:start(186)) - Starting Replication Monitor Thread.
2021-02-08 13:07:19,556 [ReplicationMonitor] INFO  container.ReplicationManager (ReplicationManager.java:run(250)) - Replication Monitor Thread took 0 milliseconds for processing 1 containers.
2021-02-08 13:07:21,424 [java.util.concurrent.ThreadPoolExecutor$Worker@64674f92[State = -1, empty queue]] INFO  metrics.RatisMetrics (RatisMetrics.java:lambda$create$0(36)) - Creating Metrics Registry : ratis.client_message_metrics.client-F13A4C6BFB47->76df9516-c5cc-44f1-9ecc-163502ad41b5
2021-02-08 13:07:21,602 [Thread-742] INFO  impl.FollowerState (FollowerState.java:run(133)) - fc0eeb26-f5a4-40eb-8987-0eeb9e81290f@group-CB02C2DB3C87-FollowerState: change to CANDIDATE, lastRpcElapsedTime:5017715420ns, electionTimeout:5005ms
2021-02-08 13:07:21,602 [Thread-742] INFO  impl.RoleInfo (RoleInfo.java:shutdownFollowerState(108)) - fc0eeb26-f5a4-40eb-8987-0eeb9e81290f: shutdown fc0eeb26-f5a4-40eb-8987-0eeb9e81290f@group-CB02C2DB3C87-FollowerState
2021-02-08 13:07:21,602 [Thread-742] INFO  server.RaftServer$Division (RaftServerImpl.java:setRole(284)) - fc0eeb26-f5a4-40eb-8987-0eeb9e81290f@group-CB02C2DB3C87: changes role from  FOLLOWER to CANDIDATE at term 2 for changeToCandidate
2021-02-08 13:07:21,602 [Thread-742] INFO  server.RaftServerConfigKeys (ConfUtils.java:logGet(44)) - raft.server.leaderelection.pre-vote = false (custom)
2021-02-08 13:07:21,602 [Thread-742] INFO  impl.RoleInfo (RoleInfo.java:updateAndGet(130)) - fc0eeb26-f5a4-40eb-8987-0eeb9e81290f: start fc0eeb26-f5a4-40eb-8987-0eeb9e81290f@group-CB02C2DB3C87-LeaderElection36
2021-02-08 13:07:21,604 [fc0eeb26-f5a4-40eb-8987-0eeb9e81290f@group-CB02C2DB3C87-LeaderElection36] INFO  impl.LeaderElection (LeaderElection.java:askForVotes(307)) - fc0eeb26-f5a4-40eb-8987-0eeb9e81290f@group-CB02C2DB3C87-LeaderElection36 ELECTION round 0: submit vote requests at term 3 for 0: [76df9516-c5cc-44f1-9ecc-163502ad41b5|rpc:172.17.0.2:33219|dataStream:|priority:0, fc0eeb26-f5a4-40eb-8987-0eeb9e81290f|rpc:172.17.0.2:39069|dataStream:|priority:1, 61a3106f-4412-450d-ae4e-54e9a62c2593|rpc:172.17.0.2:44185|dataStream:|priority:0], old=null
2021-02-08 13:07:21,610 [grpc-default-executor-1] INFO  server.RaftServer$Division (RaftServerImpl.java:requestVote(1025)) - 76df9516-c5cc-44f1-9ecc-163502ad41b5@group-CB02C2DB3C87: receive requestVote(ELECTION, fc0eeb26-f5a4-40eb-8987-0eeb9e81290f, group-CB02C2DB3C87, 3, (t:1, i:0))
2021-02-08 13:07:21,610 [grpc-default-executor-1] INFO  impl.VoteContext (VoteContext.java:log(48)) - 76df9516-c5cc-44f1-9ecc-163502ad41b5@group-CB02C2DB3C87-FOLLOWER: accept ELECTION from fc0eeb26-f5a4-40eb-8987-0eeb9e81290f: our last entry null < candidate's last entry (t:1, i:0)
2021-02-08 13:07:21,610 [grpc-default-executor-1] INFO  server.RaftServer$Division (RaftServerImpl.java:setRole(284)) - 76df9516-c5cc-44f1-9ecc-163502ad41b5@group-CB02C2DB3C87: changes role from  FOLLOWER to FOLLOWER at term 3 for candidate:fc0eeb26-f5a4-40eb-8987-0eeb9e81290f
2021-02-08 13:07:21,610 [grpc-default-executor-1] INFO  impl.RoleInfo (RoleInfo.java:shutdownFollowerState(108)) - 76df9516-c5cc-44f1-9ecc-163502ad41b5: shutdown 76df9516-c5cc-44f1-9ecc-163502ad41b5@group-CB02C2DB3C87-FollowerState
2021-02-08 13:07:21,610 [grpc-default-executor-1] INFO  impl.RoleInfo (RoleInfo.java:updateAndGet(130)) - 76df9516-c5cc-44f1-9ecc-163502ad41b5: start 76df9516-c5cc-44f1-9ecc-163502ad41b5@group-CB02C2DB3C87-FollowerState
2021-02-08 13:07:21,610 [grpc-default-executor-2] INFO  server.RaftServer$Division (RaftServerImpl.java:requestVote(1025)) - 61a3106f-4412-450d-ae4e-54e9a62c2593@group-CB02C2DB3C87: receive requestVote(ELECTION, fc0eeb26-f5a4-40eb-8987-0eeb9e81290f, group-CB02C2DB3C87, 3, (t:1, i:0))
2021-02-08 13:07:21,610 [grpc-default-executor-2] INFO  impl.VoteContext (VoteContext.java:log(48)) - 61a3106f-4412-450d-ae4e-54e9a62c2593@group-CB02C2DB3C87-FOLLOWER: accept ELECTION from fc0eeb26-f5a4-40eb-8987-0eeb9e81290f: our last entry null < candidate's last entry (t:1, i:0)
2021-02-08 13:07:21,610 [grpc-default-executor-2] INFO  server.RaftServer$Division (RaftServerImpl.java:setRole(284)) - 61a3106f-4412-450d-ae4e-54e9a62c2593@group-CB02C2DB3C87: changes role from  FOLLOWER to FOLLOWER at term 3 for candidate:fc0eeb26-f5a4-40eb-8987-0eeb9e81290f
2021-02-08 13:07:21,610 [grpc-default-executor-2] INFO  impl.RoleInfo (RoleInfo.java:shutdownFollowerState(108)) - 61a3106f-4412-450d-ae4e-54e9a62c2593: shutdown 61a3106f-4412-450d-ae4e-54e9a62c2593@group-CB02C2DB3C87-FollowerState
2021-02-08 13:07:21,611 [grpc-default-executor-2] INFO  impl.RoleInfo (RoleInfo.java:updateAndGet(130)) - 61a3106f-4412-450d-ae4e-54e9a62c2593: start 61a3106f-4412-450d-ae4e-54e9a62c2593@group-CB02C2DB3C87-FollowerState
2021-02-08 13:07:21,611 [Thread-744] INFO  impl.FollowerState (FollowerState.java:run(142)) - 61a3106f-4412-450d-ae4e-54e9a62c2593@group-CB02C2DB3C87-FollowerState was interrupted: {}
java.lang.InterruptedException: sleep interrupted
	at java.lang.Thread.sleep(Native Method)
	at java.lang.Thread.sleep(Thread.java:340)
	at java.util.concurrent.TimeUnit.sleep(TimeUnit.java:386)
	at org.apache.ratis.util.TimeDuration.sleep(TimeDuration.java:324)
	at org.apache.ratis.util.TimeDuration.sleep(TimeDuration.java:309)
	at org.apache.ratis.server.impl.FollowerState.run(FollowerState.java:117)
2021-02-08 13:07:21,610 [Thread-737] INFO  impl.FollowerState (FollowerState.java:run(142)) - 76df9516-c5cc-44f1-9ecc-163502ad41b5@group-CB02C2DB3C87-FollowerState was interrupted: {}
java.lang.InterruptedException: sleep interrupted
	at java.lang.Thread.sleep(Native Method)
	at java.lang.Thread.sleep(Thread.java:340)
	at java.util.concurrent.TimeUnit.sleep(TimeUnit.java:386)
	at org.apache.ratis.util.TimeDuration.sleep(TimeDuration.java:324)
	at org.apache.ratis.util.TimeDuration.sleep(TimeDuration.java:309)
	at org.apache.ratis.server.impl.FollowerState.run(FollowerState.java:117)
2021-02-08 13:07:21,612 [grpc-default-executor-1] INFO  server.RaftServer$Division (RaftServerImpl.java:requestVote(1057)) - 76df9516-c5cc-44f1-9ecc-163502ad41b5@group-CB02C2DB3C87 replies to ELECTION vote request: fc0eeb26-f5a4-40eb-8987-0eeb9e81290f<-76df9516-c5cc-44f1-9ecc-163502ad41b5#0:OK-t3. Peer's state: 76df9516-c5cc-44f1-9ecc-163502ad41b5@group-CB02C2DB3C87:t3, leader=null, voted=fc0eeb26-f5a4-40eb-8987-0eeb9e81290f, raftlog=76df9516-c5cc-44f1-9ecc-163502ad41b5@group-CB02C2DB3C87-SegmentedRaftLog:OPENED:c-1,f-1,i0, conf=-1: [76df9516-c5cc-44f1-9ecc-163502ad41b5|rpc:172.17.0.2:33219|dataStream:|priority:0, fc0eeb26-f5a4-40eb-8987-0eeb9e81290f|rpc:172.17.0.2:39069|dataStream:|priority:1, 61a3106f-4412-450d-ae4e-54e9a62c2593|rpc:172.17.0.2:44185|dataStream:|priority:0], old=null
2021-02-08 13:07:21,612 [grpc-default-executor-2] INFO  server.RaftServer$Division (RaftServerImpl.java:requestVote(1057)) - 61a3106f-4412-450d-ae4e-54e9a62c2593@group-CB02C2DB3C87 replies to ELECTION vote request: fc0eeb26-f5a4-40eb-8987-0eeb9e81290f<-61a3106f-4412-450d-ae4e-54e9a62c2593#0:OK-t3. Peer's state: 61a3106f-4412-450d-ae4e-54e9a62c2593@group-CB02C2DB3C87:t3, leader=null, voted=fc0eeb26-f5a4-40eb-8987-0eeb9e81290f, raftlog=61a3106f-4412-450d-ae4e-54e9a62c2593@group-CB02C2DB3C87-SegmentedRaftLog:OPENED:c-1,f-1,i0, conf=-1: [76df9516-c5cc-44f1-9ecc-163502ad41b5|rpc:172.17.0.2:33219|priority:0, fc0eeb26-f5a4-40eb-8987-0eeb9e81290f|rpc:172.17.0.2:39069|priority:1, 61a3106f-4412-450d-ae4e-54e9a62c2593|rpc:172.17.0.2:44185|priority:0], old=null
2021-02-08 13:07:21,613 [fc0eeb26-f5a4-40eb-8987-0eeb9e81290f@group-CB02C2DB3C87-LeaderElection36] INFO  impl.LeaderElection (LeaderElection.java:logAndReturn(89)) - fc0eeb26-f5a4-40eb-8987-0eeb9e81290f@group-CB02C2DB3C87-LeaderElection36: ELECTION PASSED received 1 response(s) and 0 exception(s):
2021-02-08 13:07:21,613 [fc0eeb26-f5a4-40eb-8987-0eeb9e81290f@group-CB02C2DB3C87-LeaderElection36] INFO  impl.LeaderElection (LeaderElection.java:logAndReturn(93)) -   Response 0: fc0eeb26-f5a4-40eb-8987-0eeb9e81290f<-76df9516-c5cc-44f1-9ecc-163502ad41b5#0:OK-t3
2021-02-08 13:07:21,613 [fc0eeb26-f5a4-40eb-8987-0eeb9e81290f@group-CB02C2DB3C87-LeaderElection36] INFO  impl.LeaderElection (LeaderElection.java:askForVotes(309)) - fc0eeb26-f5a4-40eb-8987-0eeb9e81290f@group-CB02C2DB3C87-LeaderElection36 ELECTION round 0: result PASSED
2021-02-08 13:07:21,613 [fc0eeb26-f5a4-40eb-8987-0eeb9e81290f@group-CB02C2DB3C87-LeaderElection36] INFO  impl.RoleInfo (RoleInfo.java:shutdownLeaderElection(121)) - fc0eeb26-f5a4-40eb-8987-0eeb9e81290f: shutdown fc0eeb26-f5a4-40eb-8987-0eeb9e81290f@group-CB02C2DB3C87-LeaderElection36
2021-02-08 13:07:21,613 [fc0eeb26-f5a4-40eb-8987-0eeb9e81290f@group-CB02C2DB3C87-LeaderElection36] INFO  server.RaftServer$Division (RaftServerImpl.java:setRole(284)) - fc0eeb26-f5a4-40eb-8987-0eeb9e81290f@group-CB02C2DB3C87: changes role from CANDIDATE to LEADER at term 3 for changeToLeader
2021-02-08 13:07:21,613 [fc0eeb26-f5a4-40eb-8987-0eeb9e81290f@group-CB02C2DB3C87-LeaderElection36] INFO  ratis.XceiverServerRatis (XceiverServerRatis.java:handleLeaderChangedNotification(899)) - Leader change notification received for group: group-CB02C2DB3C87 with new leaderId: fc0eeb26-f5a4-40eb-8987-0eeb9e81290f
2021-02-08 13:07:21,614 [fc0eeb26-f5a4-40eb-8987-0eeb9e81290f@group-CB02C2DB3C87-LeaderElection36] INFO  server.RaftServer$Division (ServerState.java:setLeader(271)) - fc0eeb26-f5a4-40eb-8987-0eeb9e81290f@group-CB02C2DB3C87: change Leader from null to fc0eeb26-f5a4-40eb-8987-0eeb9e81290f at term 3 for becomeLeader, leader elected after 5036ms
2021-02-08 13:07:21,614 [fc0eeb26-f5a4-40eb-8987-0eeb9e81290f@group-CB02C2DB3C87-LeaderElection36] INFO  server.RaftServerConfigKeys (ConfUtils.java:logGet(44)) - raft.server.staging.catchup.gap = 1000 (default)
2021-02-08 13:07:21,614 [fc0eeb26-f5a4-40eb-8987-0eeb9e81290f@group-CB02C2DB3C87-LeaderElection36] INFO  metrics.RatisMetrics (RatisMetrics.java:lambda$create$0(36)) - Creating Metrics Registry : ratis.log_appender.fc0eeb26-f5a4-40eb-8987-0eeb9e81290f@group-CB02C2DB3C87
2021-02-08 13:07:21,614 [fc0eeb26-f5a4-40eb-8987-0eeb9e81290f@group-CB02C2DB3C87-LeaderElection36] INFO  server.RaftServerConfigKeys (ConfUtils.java:logGet(44)) - raft.server.write.element-limit = 1024 (custom)
2021-02-08 13:07:21,614 [fc0eeb26-f5a4-40eb-8987-0eeb9e81290f@group-CB02C2DB3C87-LeaderElection36] INFO  server.RaftServerConfigKeys (ConfUtils.java:logGet(44)) - raft.server.write.byte-limit = 1073741824 (custom)
2021-02-08 13:07:21,614 [fc0eeb26-f5a4-40eb-8987-0eeb9e81290f@group-CB02C2DB3C87-LeaderElection36] INFO  server.RaftServerConfigKeys (ConfUtils.java:logGet(44)) - raft.server.watch.timeout = 3000ms (custom)
2021-02-08 13:07:21,614 [fc0eeb26-f5a4-40eb-8987-0eeb9e81290f@group-CB02C2DB3C87-LeaderElection36] INFO  server.RaftServerConfigKeys (ConfUtils.java:logGet(44)) - raft.server.watch.timeout.denomination = 1s (default)
2021-02-08 13:07:21,614 [fc0eeb26-f5a4-40eb-8987-0eeb9e81290f@group-CB02C2DB3C87-LeaderElection36] INFO  server.RaftServerConfigKeys (ConfUtils.java:logGet(44)) - raft.server.watch.element-limit = 65536 (default)
2021-02-08 13:07:21,614 [fc0eeb26-f5a4-40eb-8987-0eeb9e81290f@group-CB02C2DB3C87-LeaderElection36] INFO  server.RaftServerConfigKeys (ConfUtils.java:logGet(44)) - raft.server.log.appender.snapshot.chunk.size.max = 16MB (=16777216) (default)
2021-02-08 13:07:21,614 [fc0eeb26-f5a4-40eb-8987-0eeb9e81290f@group-CB02C2DB3C87-LeaderElection36] INFO  server.RaftServerConfigKeys (ConfUtils.java:logGet(44)) - raft.server.log.appender.buffer.byte-limit = 33554432 (custom)
2021-02-08 13:07:21,615 [fc0eeb26-f5a4-40eb-8987-0eeb9e81290f@group-CB02C2DB3C87-LeaderElection36] INFO  server.RaftServerConfigKeys (ConfUtils.java:logGet(44)) - raft.server.log.appender.buffer.element-limit = 1 (custom)
2021-02-08 13:07:21,615 [fc0eeb26-f5a4-40eb-8987-0eeb9e81290f@group-CB02C2DB3C87-LeaderElection36] INFO  grpc.GrpcConfigKeys (ConfUtils.java:logGet(44)) - raft.grpc.server.leader.outstanding.appends.max = 128 (default)
2021-02-08 13:07:21,615 [fc0eeb26-f5a4-40eb-8987-0eeb9e81290f@group-CB02C2DB3C87-LeaderElection36] INFO  server.RaftServerConfigKeys (ConfUtils.java:logGet(44)) - raft.server.rpc.request.timeout = 3000ms (default)
2021-02-08 13:07:21,615 [fc0eeb26-f5a4-40eb-8987-0eeb9e81290f@group-CB02C2DB3C87-LeaderElection36] INFO  server.RaftServerConfigKeys (ConfUtils.java:logGet(44)) - raft.server.log.appender.install.snapshot.enabled = false (custom)
2021-02-08 13:07:21,615 [fc0eeb26-f5a4-40eb-8987-0eeb9e81290f@group-CB02C2DB3C87-LeaderElection36] INFO  metrics.RatisMetrics (RatisMetrics.java:lambda$create$0(36)) - Creating Metrics Registry : ratis_grpc.log_appender.fc0eeb26-f5a4-40eb-8987-0eeb9e81290f@group-CB02C2DB3C87
2021-02-08 13:07:21,616 [fc0eeb26-f5a4-40eb-8987-0eeb9e81290f@group-CB02C2DB3C87-LeaderElection36] INFO  server.RaftServerConfigKeys (ConfUtils.java:logGet(44)) - raft.server.log.appender.snapshot.chunk.size.max = 16MB (=16777216) (default)
2021-02-08 13:07:21,616 [fc0eeb26-f5a4-40eb-8987-0eeb9e81290f@group-CB02C2DB3C87-LeaderElection36] INFO  server.RaftServerConfigKeys (ConfUtils.java:logGet(44)) - raft.server.log.appender.buffer.byte-limit = 33554432 (custom)
2021-02-08 13:07:21,616 [fc0eeb26-f5a4-40eb-8987-0eeb9e81290f@group-CB02C2DB3C87-LeaderElection36] INFO  server.RaftServerConfigKeys (ConfUtils.java:logGet(44)) - raft.server.log.appender.buffer.element-limit = 1 (custom)
2021-02-08 13:07:21,616 [fc0eeb26-f5a4-40eb-8987-0eeb9e81290f@group-CB02C2DB3C87-LeaderElection36] INFO  grpc.GrpcConfigKeys (ConfUtils.java:logGet(44)) - raft.grpc.server.leader.outstanding.appends.max = 128 (default)
2021-02-08 13:07:21,616 [fc0eeb26-f5a4-40eb-8987-0eeb9e81290f@group-CB02C2DB3C87-LeaderElection36] INFO  server.RaftServerConfigKeys (ConfUtils.java:logGet(44)) - raft.server.rpc.request.timeout = 3000ms (default)
2021-02-08 13:07:21,616 [fc0eeb26-f5a4-40eb-8987-0eeb9e81290f@group-CB02C2DB3C87-LeaderElection36] INFO  server.RaftServerConfigKeys (ConfUtils.java:logGet(44)) - raft.server.log.appender.install.snapshot.enabled = false (custom)
2021-02-08 13:07:21,617 [fc0eeb26-f5a4-40eb-8987-0eeb9e81290f@group-CB02C2DB3C87-LeaderElection36] INFO  impl.RoleInfo (RoleInfo.java:updateAndGet(130)) - fc0eeb26-f5a4-40eb-8987-0eeb9e81290f: start fc0eeb26-f5a4-40eb-8987-0eeb9e81290f@group-CB02C2DB3C87-LeaderStateImpl
2021-02-08 13:07:21,617 [fc0eeb26-f5a4-40eb-8987-0eeb9e81290f@group-CB02C2DB3C87-LeaderElection36] INFO  segmented.SegmentedRaftLogWorker (SegmentedRaftLogWorker.java:rollLogSegment(397)) - fc0eeb26-f5a4-40eb-8987-0eeb9e81290f@group-CB02C2DB3C87-SegmentedRaftLogWorker: Rolling segment log-0_0 to index:0
2021-02-08 13:07:21,618 [fc0eeb26-f5a4-40eb-8987-0eeb9e81290f@group-CB02C2DB3C87-SegmentedRaftLogWorker] INFO  segmented.SegmentedRaftLogWorker (SegmentedRaftLogWorker.java:execute(556)) - fc0eeb26-f5a4-40eb-8987-0eeb9e81290f@group-CB02C2DB3C87-SegmentedRaftLogWorker: Rolled log segment from /github/workspace/mnt/ozone/hadoop-ozone/integration-test/target/test-dir/MiniOzoneClusterImpl-489e5869-bfe0-4080-b73d-d7b53c96c8d8/datanode-2/data/ratis/a11de40c-9c50-46d9-a87a-cb02c2db3c87/current/log_inprogress_0 to /github/workspace/mnt/ozone/hadoop-ozone/integration-test/target/test-dir/MiniOzoneClusterImpl-489e5869-bfe0-4080-b73d-d7b53c96c8d8/datanode-2/data/ratis/a11de40c-9c50-46d9-a87a-cb02c2db3c87/current/log_0-0
2021-02-08 13:07:21,622 [fc0eeb26-f5a4-40eb-8987-0eeb9e81290f@group-CB02C2DB3C87-LeaderElection36] INFO  server.RaftServer$Division (ServerState.java:setRaftConf(373)) - fc0eeb26-f5a4-40eb-8987-0eeb9e81290f@group-CB02C2DB3C87: set configuration 1: [76df9516-c5cc-44f1-9ecc-163502ad41b5|rpc:172.17.0.2:33219|dataStream:|priority:0, fc0eeb26-f5a4-40eb-8987-0eeb9e81290f|rpc:172.17.0.2:39069|dataStream:|priority:1, 61a3106f-4412-450d-ae4e-54e9a62c2593|rpc:172.17.0.2:44185|dataStream:|priority:0], old=null
2021-02-08 13:07:21,622 [fc0eeb26-f5a4-40eb-8987-0eeb9e81290f@group-CB02C2DB3C87-SegmentedRaftLogWorker] INFO  segmented.SegmentedRaftLogWorker (SegmentedRaftLogWorker.java:execute(599)) - fc0eeb26-f5a4-40eb-8987-0eeb9e81290f@group-CB02C2DB3C87-SegmentedRaftLogWorker: created new log segment /github/workspace/mnt/ozone/hadoop-ozone/integration-test/target/test-dir/MiniOzoneClusterImpl-489e5869-bfe0-4080-b73d-d7b53c96c8d8/datanode-2/data/ratis/a11de40c-9c50-46d9-a87a-cb02c2db3c87/current/log_inprogress_1
2021-02-08 13:07:21,625 [grpc-default-executor-0] INFO  ratis.XceiverServerRatis (XceiverServerRatis.java:handleLeaderChangedNotification(899)) - Leader change notification received for group: group-CB02C2DB3C87 with new leaderId: fc0eeb26-f5a4-40eb-8987-0eeb9e81290f
2021-02-08 13:07:21,625 [grpc-default-executor-0] INFO  server.RaftServer$Division (ServerState.java:setLeader(271)) - 76df9516-c5cc-44f1-9ecc-163502ad41b5@group-CB02C2DB3C87: change Leader from null to fc0eeb26-f5a4-40eb-8987-0eeb9e81290f at term 3 for appendEntries, leader elected after 10246ms
2021-02-08 13:07:21,625 [grpc-default-executor-0] INFO  server.RaftServer$Division (RaftServerImpl.java:checkInconsistentAppendEntries(1301)) - 76df9516-c5cc-44f1-9ecc-163502ad41b5@group-CB02C2DB3C87: Failed appendEntries as previous log entry ((t:1, i:0)) is not found
2021-02-08 13:07:21,625 [grpc-default-executor-0] INFO  server.RaftServer$Division (RaftServerImpl.java:checkInconsistentAppendEntries(1267)) - 76df9516-c5cc-44f1-9ecc-163502ad41b5@group-CB02C2DB3C87: inconsistency entries. Reply:fc0eeb26-f5a4-40eb-8987-0eeb9e81290f<-76df9516-c5cc-44f1-9ecc-163502ad41b5#0:FAIL-t3,INCONSISTENCY,nextIndex=0,followerCommit=-1
2021-02-08 13:07:21,626 [grpc-default-executor-3] INFO  ratis.XceiverServerRatis (XceiverServerRatis.java:handleLeaderChangedNotification(899)) - Leader change notification received for group: group-CB02C2DB3C87 with new leaderId: fc0eeb26-f5a4-40eb-8987-0eeb9e81290f
2021-02-08 13:07:21,626 [grpc-default-executor-3] INFO  server.RaftServer$Division (ServerState.java:setLeader(271)) - 61a3106f-4412-450d-ae4e-54e9a62c2593@group-CB02C2DB3C87: change Leader from null to fc0eeb26-f5a4-40eb-8987-0eeb9e81290f at term 3 for appendEntries, leader elected after 10300ms
2021-02-08 13:07:21,626 [grpc-default-executor-3] INFO  server.RaftServer$Division (RaftServerImpl.java:checkInconsistentAppendEntries(1301)) - 61a3106f-4412-450d-ae4e-54e9a62c2593@group-CB02C2DB3C87: Failed appendEntries as previous log entry ((t:1, i:0)) is not found
2021-02-08 13:07:21,626 [grpc-default-executor-3] INFO  server.RaftServer$Division (RaftServerImpl.java:checkInconsistentAppendEntries(1267)) - 61a3106f-4412-450d-ae4e-54e9a62c2593@group-CB02C2DB3C87: inconsistency entries. Reply:fc0eeb26-f5a4-40eb-8987-0eeb9e81290f<-61a3106f-4412-450d-ae4e-54e9a62c2593#0:FAIL-t3,INCONSISTENCY,nextIndex=0,followerCommit=-1
2021-02-08 13:07:21,627 [grpc-default-executor-3] INFO  server.RaftServer$Division (RaftServerImpl.java:checkInconsistentAppendEntries(1301)) - 61a3106f-4412-450d-ae4e-54e9a62c2593@group-CB02C2DB3C87: Failed appendEntries as previous log entry ((t:1, i:0)) is not found
2021-02-08 13:07:21,627 [grpc-default-executor-3] INFO  server.RaftServer$Division (RaftServerImpl.java:checkInconsistentAppendEntries(1267)) - 61a3106f-4412-450d-ae4e-54e9a62c2593@group-CB02C2DB3C87: inconsistency entries. Reply:fc0eeb26-f5a4-40eb-8987-0eeb9e81290f<-61a3106f-4412-450d-ae4e-54e9a62c2593#1:FAIL-t3,INCONSISTENCY,nextIndex=0,followerCommit=-1
2021-02-08 13:07:21,629 [grpc-default-executor-2] INFO  leader.FollowerInfo (FollowerInfoImpl.java:lambda$new$0(46)) - fc0eeb26-f5a4-40eb-8987-0eeb9e81290f@group-CB02C2DB3C87->61a3106f-4412-450d-ae4e-54e9a62c2593: nextIndex: updateUnconditionally 2 -> 0
2021-02-08 13:07:21,629 [grpc-default-executor-2] INFO  server.RaftServer$Division (RaftServerImpl.java:checkInconsistentAppendEntries(1301)) - 76df9516-c5cc-44f1-9ecc-163502ad41b5@group-CB02C2DB3C87: Failed appendEntries as previous log entry ((t:1, i:0)) is not found
2021-02-08 13:07:21,629 [grpc-default-executor-2] INFO  server.RaftServer$Division (RaftServerImpl.java:checkInconsistentAppendEntries(1267)) - 76df9516-c5cc-44f1-9ecc-163502ad41b5@group-CB02C2DB3C87: inconsistency entries. Reply:fc0eeb26-f5a4-40eb-8987-0eeb9e81290f<-76df9516-c5cc-44f1-9ecc-163502ad41b5#1:FAIL-t3,INCONSISTENCY,nextIndex=0,followerCommit=-1
2021-02-08 13:07:21,633 [grpc-default-executor-3] INFO  leader.FollowerInfo (FollowerInfoImpl.java:lambda$new$0(46)) - fc0eeb26-f5a4-40eb-8987-0eeb9e81290f@group-CB02C2DB3C87->61a3106f-4412-450d-ae4e-54e9a62c2593: nextIndex: updateUnconditionally 2 -> 0
2021-02-08 13:07:21,645 [grpc-default-executor-0] INFO  leader.FollowerInfo (FollowerInfoImpl.java:lambda$new$0(46)) - fc0eeb26-f5a4-40eb-8987-0eeb9e81290f@group-CB02C2DB3C87->76df9516-c5cc-44f1-9ecc-163502ad41b5: nextIndex: updateUnconditionally 2 -> 0
2021-02-08 13:07:21,645 [grpc-default-executor-0] INFO  leader.FollowerInfo (FollowerInfoImpl.java:lambda$new$0(46)) - fc0eeb26-f5a4-40eb-8987-0eeb9e81290f@group-CB02C2DB3C87->76df9516-c5cc-44f1-9ecc-163502ad41b5: nextIndex: updateUnconditionally 0 -> 0
2021-02-08 13:07:21,646 [grpc-default-executor-0] INFO  server.RaftServer$Division (ServerState.java:setRaftConf(373)) - 76df9516-c5cc-44f1-9ecc-163502ad41b5@group-CB02C2DB3C87: set configuration 0: [76df9516-c5cc-44f1-9ecc-163502ad41b5|rpc:172.17.0.2:33219|dataStream:|priority:0, fc0eeb26-f5a4-40eb-8987-0eeb9e81290f|rpc:172.17.0.2:39069|dataStream:|priority:1, 61a3106f-4412-450d-ae4e-54e9a62c2593|rpc:172.17.0.2:44185|dataStream:|priority:0], old=null
2021-02-08 13:07:21,646 [grpc-default-executor-0] INFO  segmented.SegmentedRaftLogWorker (SegmentedRaftLogWorker.java:startLogSegment(392)) - 76df9516-c5cc-44f1-9ecc-163502ad41b5@group-CB02C2DB3C87-SegmentedRaftLogWorker: Starting segment from index:0
2021-02-08 13:07:21,647 [grpc-default-executor-0] INFO  server.RaftServer$Division (ServerState.java:setRaftConf(373)) - 76df9516-c5cc-44f1-9ecc-163502ad41b5@group-CB02C2DB3C87: set configuration 1: [76df9516-c5cc-44f1-9ecc-163502ad41b5|rpc:172.17.0.2:33219|dataStream:|priority:0, fc0eeb26-f5a4-40eb-8987-0eeb9e81290f|rpc:172.17.0.2:39069|dataStream:|priority:1, 61a3106f-4412-450d-ae4e-54e9a62c2593|rpc:172.17.0.2:44185|dataStream:|priority:0], old=null
2021-02-08 13:07:21,648 [grpc-default-executor-0] INFO  segmented.SegmentedRaftLogWorker (SegmentedRaftLogWorker.java:rollLogSegment(397)) - 76df9516-c5cc-44f1-9ecc-163502ad41b5@group-CB02C2DB3C87-SegmentedRaftLogWorker: Rolling segment log-0_0 to index:0
2021-02-08 13:07:21,648 [76df9516-c5cc-44f1-9ecc-163502ad41b5@group-CB02C2DB3C87-SegmentedRaftLogWorker] INFO  segmented.SegmentedRaftLogWorker (SegmentedRaftLogWorker.java:execute(599)) - 76df9516-c5cc-44f1-9ecc-163502ad41b5@group-CB02C2DB3C87-SegmentedRaftLogWorker: created new log segment /github/workspace/mnt/ozone/hadoop-ozone/integration-test/target/test-dir/MiniOzoneClusterImpl-489e5869-bfe0-4080-b73d-d7b53c96c8d8/datanode-1/data/ratis/a11de40c-9c50-46d9-a87a-cb02c2db3c87/current/log_inprogress_0
2021-02-08 13:07:21,649 [76df9516-c5cc-44f1-9ecc-163502ad41b5@group-CB02C2DB3C87-SegmentedRaftLogWorker] INFO  segmented.SegmentedRaftLogWorker (SegmentedRaftLogWorker.java:execute(556)) - 76df9516-c5cc-44f1-9ecc-163502ad41b5@group-CB02C2DB3C87-SegmentedRaftLogWorker: Rolled log segment from /github/workspace/mnt/ozone/hadoop-ozone/integration-test/target/test-dir/MiniOzoneClusterImpl-489e5869-bfe0-4080-b73d-d7b53c96c8d8/datanode-1/data/ratis/a11de40c-9c50-46d9-a87a-cb02c2db3c87/current/log_inprogress_0 to /github/workspace/mnt/ozone/hadoop-ozone/integration-test/target/test-dir/MiniOzoneClusterImpl-489e5869-bfe0-4080-b73d-d7b53c96c8d8/datanode-1/data/ratis/a11de40c-9c50-46d9-a87a-cb02c2db3c87/current/log_0-0
2021-02-08 13:07:21,650 [76df9516-c5cc-44f1-9ecc-163502ad41b5@group-CB02C2DB3C87-SegmentedRaftLogWorker] INFO  segmented.SegmentedRaftLogWorker (SegmentedRaftLogWorker.java:execute(599)) - 76df9516-c5cc-44f1-9ecc-163502ad41b5@group-CB02C2DB3C87-SegmentedRaftLogWorker: created new log segment /github/workspace/mnt/ozone/hadoop-ozone/integration-test/target/test-dir/MiniOzoneClusterImpl-489e5869-bfe0-4080-b73d-d7b53c96c8d8/datanode-1/data/ratis/a11de40c-9c50-46d9-a87a-cb02c2db3c87/current/log_inprogress_1
2021-02-08 13:07:21,653 [grpc-default-executor-5] INFO  server.RaftServer$Division (ServerState.java:setRaftConf(373)) - 61a3106f-4412-450d-ae4e-54e9a62c2593@group-CB02C2DB3C87: set configuration 0: [76df9516-c5cc-44f1-9ecc-163502ad41b5|rpc:172.17.0.2:33219|dataStream:|priority:0, fc0eeb26-f5a4-40eb-8987-0eeb9e81290f|rpc:172.17.0.2:39069|dataStream:|priority:1, 61a3106f-4412-450d-ae4e-54e9a62c2593|rpc:172.17.0.2:44185|dataStream:|priority:0], old=null
2021-02-08 13:07:21,654 [grpc-default-executor-5] INFO  segmented.SegmentedRaftLogWorker (SegmentedRaftLogWorker.java:startLogSegment(392)) - 61a3106f-4412-450d-ae4e-54e9a62c2593@group-CB02C2DB3C87-SegmentedRaftLogWorker: Starting segment from index:0
2021-02-08 13:07:21,656 [61a3106f-4412-450d-ae4e-54e9a62c2593@group-CB02C2DB3C87-SegmentedRaftLogWorker] INFO  segmented.SegmentedRaftLogWorker (SegmentedRaftLogWorker.java:execute(599)) - 61a3106f-4412-450d-ae4e-54e9a62c2593@group-CB02C2DB3C87-SegmentedRaftLogWorker: created new log segment /github/workspace/mnt/ozone/hadoop-ozone/integration-test/target/test-dir/MiniOzoneClusterImpl-489e5869-bfe0-4080-b73d-d7b53c96c8d8/datanode-0/data/ratis/a11de40c-9c50-46d9-a87a-cb02c2db3c87/current/log_inprogress_0
2021-02-08 13:07:21,657 [grpc-default-executor-5] INFO  server.RaftServer$Division (ServerState.java:setRaftConf(373)) - 61a3106f-4412-450d-ae4e-54e9a62c2593@group-CB02C2DB3C87: set configuration 1: [76df9516-c5cc-44f1-9ecc-163502ad41b5|rpc:172.17.0.2:33219|dataStream:|priority:0, fc0eeb26-f5a4-40eb-8987-0eeb9e81290f|rpc:172.17.0.2:39069|dataStream:|priority:1, 61a3106f-4412-450d-ae4e-54e9a62c2593|rpc:172.17.0.2:44185|dataStream:|priority:0], old=null
2021-02-08 13:07:21,657 [grpc-default-executor-5] INFO  segmented.SegmentedRaftLogWorker (SegmentedRaftLogWorker.java:rollLogSegment(397)) - 61a3106f-4412-450d-ae4e-54e9a62c2593@group-CB02C2DB3C87-SegmentedRaftLogWorker: Rolling segment log-0_0 to index:0
2021-02-08 13:07:21,659 [grpc-default-executor-5] INFO  server.RaftServer$Division (ServerState.java:setRaftConf(373)) - 61a3106f-4412-450d-ae4e-54e9a62c2593@group-CB02C2DB3C87: set configuration 0: [76df9516-c5cc-44f1-9ecc-163502ad41b5|rpc:172.17.0.2:33219|dataStream:|priority:0, fc0eeb26-f5a4-40eb-8987-0eeb9e81290f|rpc:172.17.0.2:39069|dataStream:|priority:1, 61a3106f-4412-450d-ae4e-54e9a62c2593|rpc:172.17.0.2:44185|dataStream:|priority:0], old=null
2021-02-08 13:07:21,661 [61a3106f-4412-450d-ae4e-54e9a62c2593@group-CB02C2DB3C87-SegmentedRaftLogWorker] INFO  segmented.SegmentedRaftLogWorker (SegmentedRaftLogWorker.java:execute(556)) - 61a3106f-4412-450d-ae4e-54e9a62c2593@group-CB02C2DB3C87-SegmentedRaftLogWorker: Rolled log segment from /github/workspace/mnt/ozone/hadoop-ozone/integration-test/target/test-dir/MiniOzoneClusterImpl-489e5869-bfe0-4080-b73d-d7b53c96c8d8/datanode-0/data/ratis/a11de40c-9c50-46d9-a87a-cb02c2db3c87/current/log_inprogress_0 to /github/workspace/mnt/ozone/hadoop-ozone/integration-test/target/test-dir/MiniOzoneClusterImpl-489e5869-bfe0-4080-b73d-d7b53c96c8d8/datanode-0/data/ratis/a11de40c-9c50-46d9-a87a-cb02c2db3c87/current/log_0-0
2021-02-08 13:07:21,667 [61a3106f-4412-450d-ae4e-54e9a62c2593@group-CB02C2DB3C87-SegmentedRaftLogWorker] INFO  segmented.SegmentedRaftLogWorker (SegmentedRaftLogWorker.java:execute(599)) - 61a3106f-4412-450d-ae4e-54e9a62c2593@group-CB02C2DB3C87-SegmentedRaftLogWorker: created new log segment /github/workspace/mnt/ozone/hadoop-ozone/integration-test/target/test-dir/MiniOzoneClusterImpl-489e5869-bfe0-4080-b73d-d7b53c96c8d8/datanode-0/data/ratis/a11de40c-9c50-46d9-a87a-cb02c2db3c87/current/log_inprogress_1
2021-02-08 13:07:21,667 [grpc-default-executor-5] INFO  server.RaftServer$Division (ServerState.java:setRaftConf(373)) - 61a3106f-4412-450d-ae4e-54e9a62c2593@group-CB02C2DB3C87: set configuration 1: [76df9516-c5cc-44f1-9ecc-163502ad41b5|rpc:172.17.0.2:33219|dataStream:|priority:0, fc0eeb26-f5a4-40eb-8987-0eeb9e81290f|rpc:172.17.0.2:39069|dataStream:|priority:1, 61a3106f-4412-450d-ae4e-54e9a62c2593|rpc:172.17.0.2:44185|dataStream:|priority:0], old=null
2021-02-08 13:07:22,170 [Thread-763] INFO  impl.FollowerState (FollowerState.java:run(133)) - 2534f833-6bfe-45b3-bb55-3e90c3f01f9c@group-F2089C8F114B-FollowerState: change to CANDIDATE, lastRpcElapsedTime:5059448611ns, electionTimeout:5052ms
2021-02-08 13:07:22,170 [Thread-763] INFO  impl.RoleInfo (RoleInfo.java:shutdownFollowerState(108)) - 2534f833-6bfe-45b3-bb55-3e90c3f01f9c: shutdown 2534f833-6bfe-45b3-bb55-3e90c3f01f9c@group-F2089C8F114B-FollowerState
2021-02-08 13:07:22,170 [Thread-763] INFO  server.RaftServer$Division (RaftServerImpl.java:setRole(284)) - 2534f833-6bfe-45b3-bb55-3e90c3f01f9c@group-F2089C8F114B: changes role from  FOLLOWER to CANDIDATE at term 1 for changeToCandidate
2021-02-08 13:07:22,170 [Thread-763] INFO  server.RaftServerConfigKeys (ConfUtils.java:logGet(44)) - raft.server.leaderelection.pre-vote = false (custom)
2021-02-08 13:07:22,170 [Thread-763] INFO  impl.RoleInfo (RoleInfo.java:updateAndGet(130)) - 2534f833-6bfe-45b3-bb55-3e90c3f01f9c: start 2534f833-6bfe-45b3-bb55-3e90c3f01f9c@group-F2089C8F114B-LeaderElection37
2021-02-08 13:07:22,172 [2534f833-6bfe-45b3-bb55-3e90c3f01f9c@group-F2089C8F114B-LeaderElection37] INFO  impl.LeaderElection (LeaderElection.java:askForVotes(307)) - 2534f833-6bfe-45b3-bb55-3e90c3f01f9c@group-F2089C8F114B-LeaderElection37 ELECTION round 0: submit vote requests at term 2 for -1: [2534f833-6bfe-45b3-bb55-3e90c3f01f9c|rpc:172.17.0.2:41421|dataStream:|priority:1, 81ab00b2-2f95-4a2f-a7cf-2c0713c6a9d2|rpc:172.17.0.2:43993|dataStream:|priority:0, 2b6c692d-bd16-4e2f-be54-cf6999516ba1|rpc:172.17.0.2:33969|dataStream:|priority:0], old=null
2021-02-08 13:07:22,176 [grpc-default-executor-0] INFO  server.RaftServer$Division (RaftServerImpl.java:requestVote(1025)) - 81ab00b2-2f95-4a2f-a7cf-2c0713c6a9d2@group-F2089C8F114B: receive requestVote(ELECTION, 2534f833-6bfe-45b3-bb55-3e90c3f01f9c, group-F2089C8F114B, 2, (t:0, i:0))
2021-02-08 13:07:22,177 [grpc-default-executor-0] INFO  impl.VoteContext (VoteContext.java:log(48)) - 81ab00b2-2f95-4a2f-a7cf-2c0713c6a9d2@group-F2089C8F114B-FOLLOWER: accept ELECTION from 2534f833-6bfe-45b3-bb55-3e90c3f01f9c: our priority 0 <= candidate's priority 1
2021-02-08 13:07:22,177 [grpc-default-executor-0] INFO  server.RaftServer$Division (RaftServerImpl.java:setRole(284)) - 81ab00b2-2f95-4a2f-a7cf-2c0713c6a9d2@group-F2089C8F114B: changes role from  FOLLOWER to FOLLOWER at term 2 for candidate:2534f833-6bfe-45b3-bb55-3e90c3f01f9c
2021-02-08 13:07:22,177 [grpc-default-executor-0] INFO  impl.RoleInfo (RoleInfo.java:shutdownFollowerState(108)) - 81ab00b2-2f95-4a2f-a7cf-2c0713c6a9d2: shutdown 81ab00b2-2f95-4a2f-a7cf-2c0713c6a9d2@group-F2089C8F114B-FollowerState
2021-02-08 13:07:22,177 [grpc-default-executor-0] INFO  impl.RoleInfo (RoleInfo.java:updateAndGet(130)) - 81ab00b2-2f95-4a2f-a7cf-2c0713c6a9d2: start 81ab00b2-2f95-4a2f-a7cf-2c0713c6a9d2@group-F2089C8F114B-FollowerState
2021-02-08 13:07:22,177 [Thread-765] INFO  impl.FollowerState (FollowerState.java:run(142)) - 81ab00b2-2f95-4a2f-a7cf-2c0713c6a9d2@group-F2089C8F114B-FollowerState was interrupted: {}
java.lang.InterruptedException: sleep interrupted
	at java.lang.Thread.sleep(Native Method)
	at java.lang.Thread.sleep(Thread.java:340)
	at java.util.concurrent.TimeUnit.sleep(TimeUnit.java:386)
	at org.apache.ratis.util.TimeDuration.sleep(TimeDuration.java:324)
	at org.apache.ratis.util.TimeDuration.sleep(TimeDuration.java:309)
	at org.apache.ratis.server.impl.FollowerState.run(FollowerState.java:117)
2021-02-08 13:07:22,178 [grpc-default-executor-5] INFO  server.RaftServer$Division (RaftServerImpl.java:requestVote(1025)) - 2b6c692d-bd16-4e2f-be54-cf6999516ba1@group-F2089C8F114B: receive requestVote(ELECTION, 2534f833-6bfe-45b3-bb55-3e90c3f01f9c, group-F2089C8F114B, 2, (t:0, i:0))
2021-02-08 13:07:22,178 [grpc-default-executor-5] INFO  impl.VoteContext (VoteContext.java:log(48)) - 2b6c692d-bd16-4e2f-be54-cf6999516ba1@group-F2089C8F114B-FOLLOWER: accept ELECTION from 2534f833-6bfe-45b3-bb55-3e90c3f01f9c: our priority 0 <= candidate's priority 1
2021-02-08 13:07:22,178 [grpc-default-executor-5] INFO  server.RaftServer$Division (RaftServerImpl.java:setRole(284)) - 2b6c692d-bd16-4e2f-be54-cf6999516ba1@group-F2089C8F114B: changes role from  FOLLOWER to FOLLOWER at term 2 for candidate:2534f833-6bfe-45b3-bb55-3e90c3f01f9c
2021-02-08 13:07:22,178 [grpc-default-executor-5] INFO  impl.RoleInfo (RoleInfo.java:shutdownFollowerState(108)) - 2b6c692d-bd16-4e2f-be54-cf6999516ba1: shutdown 2b6c692d-bd16-4e2f-be54-cf6999516ba1@group-F2089C8F114B-FollowerState
2021-02-08 13:07:22,178 [grpc-default-executor-5] INFO  impl.RoleInfo (RoleInfo.java:updateAndGet(130)) - 2b6c692d-bd16-4e2f-be54-cf6999516ba1: start 2b6c692d-bd16-4e2f-be54-cf6999516ba1@group-F2089C8F114B-FollowerState
2021-02-08 13:07:22,178 [Thread-764] INFO  impl.FollowerState (FollowerState.java:run(142)) - 2b6c692d-bd16-4e2f-be54-cf6999516ba1@group-F2089C8F114B-FollowerState was interrupted: {}
java.lang.InterruptedException: sleep interrupted
	at java.lang.Thread.sleep(Native Method)
	at java.lang.Thread.sleep(Thread.java:340)
	at java.util.concurrent.TimeUnit.sleep(TimeUnit.java:386)
	at org.apache.ratis.util.TimeDuration.sleep(TimeDuration.java:324)
	at org.apache.ratis.util.TimeDuration.sleep(TimeDuration.java:309)
	at org.apache.ratis.server.impl.FollowerState.run(FollowerState.java:117)
2021-02-08 13:07:22,179 [grpc-default-executor-0] INFO  server.RaftServer$Division (RaftServerImpl.java:requestVote(1057)) - 81ab00b2-2f95-4a2f-a7cf-2c0713c6a9d2@group-F2089C8F114B replies to ELECTION vote request: 2534f833-6bfe-45b3-bb55-3e90c3f01f9c<-81ab00b2-2f95-4a2f-a7cf-2c0713c6a9d2#0:OK-t2. Peer's state: 81ab00b2-2f95-4a2f-a7cf-2c0713c6a9d2@group-F2089C8F114B:t2, leader=null, voted=2534f833-6bfe-45b3-bb55-3e90c3f01f9c, raftlog=81ab00b2-2f95-4a2f-a7cf-2c0713c6a9d2@group-F2089C8F114B-SegmentedRaftLog:OPENED:c-1,f-1,i0, conf=-1: [2534f833-6bfe-45b3-bb55-3e90c3f01f9c|rpc:172.17.0.2:41421|dataStream:|priority:1, 81ab00b2-2f95-4a2f-a7cf-2c0713c6a9d2|rpc:172.17.0.2:43993|dataStream:|priority:0, 2b6c692d-bd16-4e2f-be54-cf6999516ba1|rpc:172.17.0.2:33969|dataStream:|priority:0], old=null
2021-02-08 13:07:22,180 [grpc-default-executor-5] INFO  server.RaftServer$Division (RaftServerImpl.java:requestVote(1057)) - 2b6c692d-bd16-4e2f-be54-cf6999516ba1@group-F2089C8F114B replies to ELECTION vote request: 2534f833-6bfe-45b3-bb55-3e90c3f01f9c<-2b6c692d-bd16-4e2f-be54-cf6999516ba1#0:OK-t2. Peer's state: 2b6c692d-bd16-4e2f-be54-cf6999516ba1@group-F2089C8F114B:t2, leader=null, voted=2534f833-6bfe-45b3-bb55-3e90c3f01f9c, raftlog=2b6c692d-bd16-4e2f-be54-cf6999516ba1@group-F2089C8F114B-SegmentedRaftLog:OPENED:c-1,f-1,i0, conf=-1: [2534f833-6bfe-45b3-bb55-3e90c3f01f9c|rpc:172.17.0.2:41421|priority:1, 81ab00b2-2f95-4a2f-a7cf-2c0713c6a9d2|rpc:172.17.0.2:43993|priority:0, 2b6c692d-bd16-4e2f-be54-cf6999516ba1|rpc:172.17.0.2:33969|priority:0], old=null
2021-02-08 13:07:22,181 [2534f833-6bfe-45b3-bb55-3e90c3f01f9c@group-F2089C8F114B-LeaderElection37] INFO  impl.LeaderElection (LeaderElection.java:logAndReturn(89)) - 2534f833-6bfe-45b3-bb55-3e90c3f01f9c@group-F2089C8F114B-LeaderElection37: ELECTION PASSED received 1 response(s) and 0 exception(s):
2021-02-08 13:07:22,181 [2534f833-6bfe-45b3-bb55-3e90c3f01f9c@group-F2089C8F114B-LeaderElection37] INFO  impl.LeaderElection (LeaderElection.java:logAndReturn(93)) -   Response 0: 2534f833-6bfe-45b3-bb55-3e90c3f01f9c<-81ab00b2-2f95-4a2f-a7cf-2c0713c6a9d2#0:OK-t2
2021-02-08 13:07:22,181 [2534f833-6bfe-45b3-bb55-3e90c3f01f9c@group-F2089C8F114B-LeaderElection37] INFO  impl.LeaderElection (LeaderElection.java:askForVotes(309)) - 2534f833-6bfe-45b3-bb55-3e90c3f01f9c@group-F2089C8F114B-LeaderElection37 ELECTION round 0: result PASSED
2021-02-08 13:07:22,181 [2534f833-6bfe-45b3-bb55-3e90c3f01f9c@group-F2089C8F114B-LeaderElection37] INFO  impl.RoleInfo (RoleInfo.java:shutdownLeaderElection(121)) - 2534f833-6bfe-45b3-bb55-3e90c3f01f9c: shutdown 2534f833-6bfe-45b3-bb55-3e90c3f01f9c@group-F2089C8F114B-LeaderElection37
2021-02-08 13:07:22,181 [2534f833-6bfe-45b3-bb55-3e90c3f01f9c@group-F2089C8F114B-LeaderElection37] INFO  server.RaftServer$Division (RaftServerImpl.java:setRole(284)) - 2534f833-6bfe-45b3-bb55-3e90c3f01f9c@group-F2089C8F114B: changes role from CANDIDATE to LEADER at term 2 for changeToLeader
2021-02-08 13:07:22,181 [2534f833-6bfe-45b3-bb55-3e90c3f01f9c@group-F2089C8F114B-LeaderElection37] INFO  ratis.XceiverServerRatis (XceiverServerRatis.java:handleLeaderChangedNotification(899)) - Leader change notification received for group: group-F2089C8F114B with new leaderId: 2534f833-6bfe-45b3-bb55-3e90c3f01f9c
2021-02-08 13:07:22,182 [2534f833-6bfe-45b3-bb55-3e90c3f01f9c@group-F2089C8F114B-LeaderElection37] INFO  server.RaftServer$Division (ServerState.java:setLeader(271)) - 2534f833-6bfe-45b3-bb55-3e90c3f01f9c@group-F2089C8F114B: change Leader from null to 2534f833-6bfe-45b3-bb55-3e90c3f01f9c at term 2 for becomeLeader, leader elected after 10103ms
2021-02-08 13:07:22,182 [2534f833-6bfe-45b3-bb55-3e90c3f01f9c@group-F2089C8F114B-LeaderElection37] INFO  server.RaftServerConfigKeys (ConfUtils.java:logGet(44)) - raft.server.staging.catchup.gap = 1000 (default)
2021-02-08 13:07:22,182 [2534f833-6bfe-45b3-bb55-3e90c3f01f9c@group-F2089C8F114B-LeaderElection37] INFO  metrics.RatisMetrics (RatisMetrics.java:lambda$create$0(36)) - Creating Metrics Registry : ratis.log_appender.2534f833-6bfe-45b3-bb55-3e90c3f01f9c@group-F2089C8F114B
2021-02-08 13:07:22,182 [2534f833-6bfe-45b3-bb55-3e90c3f01f9c@group-F2089C8F114B-LeaderElection37] INFO  server.RaftServerConfigKeys (ConfUtils.java:logGet(44)) - raft.server.write.element-limit = 1024 (custom)
2021-02-08 13:07:22,182 [2534f833-6bfe-45b3-bb55-3e90c3f01f9c@group-F2089C8F114B-LeaderElection37] INFO  server.RaftServerConfigKeys (ConfUtils.java:logGet(44)) - raft.server.write.byte-limit = 1073741824 (custom)
2021-02-08 13:07:22,182 [2534f833-6bfe-45b3-bb55-3e90c3f01f9c@group-F2089C8F114B-LeaderElection37] INFO  server.RaftServerConfigKeys (ConfUtils.java:logGet(44)) - raft.server.watch.timeout = 3000ms (custom)
2021-02-08 13:07:22,182 [2534f833-6bfe-45b3-bb55-3e90c3f01f9c@group-F2089C8F114B-LeaderElection37] INFO  server.RaftServerConfigKeys (ConfUtils.java:logGet(44)) - raft.server.watch.timeout.denomination = 1s (default)
2021-02-08 13:07:22,182 [2534f833-6bfe-45b3-bb55-3e90c3f01f9c@group-F2089C8F114B-LeaderElection37] INFO  server.RaftServerConfigKeys (ConfUtils.java:logGet(44)) - raft.server.watch.element-limit = 65536 (default)
2021-02-08 13:07:22,183 [2534f833-6bfe-45b3-bb55-3e90c3f01f9c@group-F2089C8F114B-LeaderElection37] INFO  server.RaftServerConfigKeys (ConfUtils.java:logGet(44)) - raft.server.log.appender.snapshot.chunk.size.max = 16MB (=16777216) (default)
2021-02-08 13:07:22,183 [2534f833-6bfe-45b3-bb55-3e90c3f01f9c@group-F2089C8F114B-LeaderElection37] INFO  server.RaftServerConfigKeys (ConfUtils.java:logGet(44)) - raft.server.log.appender.buffer.byte-limit = 33554432 (custom)
2021-02-08 13:07:22,183 [2534f833-6bfe-45b3-bb55-3e90c3f01f9c@group-F2089C8F114B-LeaderElection37] INFO  server.RaftServerConfigKeys (ConfUtils.java:logGet(44)) - raft.server.log.appender.buffer.element-limit = 1 (custom)
2021-02-08 13:07:22,183 [2534f833-6bfe-45b3-bb55-3e90c3f01f9c@group-F2089C8F114B-LeaderElection37] INFO  grpc.GrpcConfigKeys (ConfUtils.java:logGet(44)) - raft.grpc.server.leader.outstanding.appends.max = 128 (default)
2021-02-08 13:07:22,183 [2534f833-6bfe-45b3-bb55-3e90c3f01f9c@group-F2089C8F114B-LeaderElection37] INFO  server.RaftServerConfigKeys (ConfUtils.java:logGet(44)) - raft.server.rpc.request.timeout = 3000ms (default)
2021-02-08 13:07:22,183 [2534f833-6bfe-45b3-bb55-3e90c3f01f9c@group-F2089C8F114B-LeaderElection37] INFO  server.RaftServerConfigKeys (ConfUtils.java:logGet(44)) - raft.server.log.appender.install.snapshot.enabled = false (custom)
2021-02-08 13:07:22,183 [2534f833-6bfe-45b3-bb55-3e90c3f01f9c@group-F2089C8F114B-LeaderElection37] INFO  metrics.RatisMetrics (RatisMetrics.java:lambda$create$0(36)) - Creating Metrics Registry : ratis_grpc.log_appender.2534f833-6bfe-45b3-bb55-3e90c3f01f9c@group-F2089C8F114B
2021-02-08 13:07:22,184 [2534f833-6bfe-45b3-bb55-3e90c3f01f9c@group-F2089C8F114B-LeaderElection37] INFO  server.RaftServerConfigKeys (ConfUtils.java:logGet(44)) - raft.server.log.appender.snapshot.chunk.size.max = 16MB (=16777216) (default)
2021-02-08 13:07:22,184 [2534f833-6bfe-45b3-bb55-3e90c3f01f9c@group-F2089C8F114B-LeaderElection37] INFO  server.RaftServerConfigKeys (ConfUtils.java:logGet(44)) - raft.server.log.appender.buffer.byte-limit = 33554432 (custom)
2021-02-08 13:07:22,184 [2534f833-6bfe-45b3-bb55-3e90c3f01f9c@group-F2089C8F114B-LeaderElection37] INFO  server.RaftServerConfigKeys (ConfUtils.java:logGet(44)) - raft.server.log.appender.buffer.element-limit = 1 (custom)
2021-02-08 13:07:22,184 [2534f833-6bfe-45b3-bb55-3e90c3f01f9c@group-F2089C8F114B-LeaderElection37] INFO  grpc.GrpcConfigKeys (ConfUtils.java:logGet(44)) - raft.grpc.server.leader.outstanding.appends.max = 128 (default)
2021-02-08 13:07:22,184 [2534f833-6bfe-45b3-bb55-3e90c3f01f9c@group-F2089C8F114B-LeaderElection37] INFO  server.RaftServerConfigKeys (ConfUtils.java:logGet(44)) - raft.server.rpc.request.timeout = 3000ms (default)
2021-02-08 13:07:22,184 [2534f833-6bfe-45b3-bb55-3e90c3f01f9c@group-F2089C8F114B-LeaderElection37] INFO  server.RaftServerConfigKeys (ConfUtils.java:logGet(44)) - raft.server.log.appender.install.snapshot.enabled = false (custom)
2021-02-08 13:07:22,188 [2534f833-6bfe-45b3-bb55-3e90c3f01f9c@group-F2089C8F114B-LeaderElection37] INFO  impl.RoleInfo (RoleInfo.java:updateAndGet(130)) - 2534f833-6bfe-45b3-bb55-3e90c3f01f9c: start 2534f833-6bfe-45b3-bb55-3e90c3f01f9c@group-F2089C8F114B-LeaderStateImpl
2021-02-08 13:07:22,188 [2534f833-6bfe-45b3-bb55-3e90c3f01f9c@group-F2089C8F114B-LeaderElection37] INFO  segmented.SegmentedRaftLogWorker (SegmentedRaftLogWorker.java:startLogSegment(392)) - 2534f833-6bfe-45b3-bb55-3e90c3f01f9c@group-F2089C8F114B-SegmentedRaftLogWorker: Starting segment from index:0
2021-02-08 13:07:22,189 [EventQueue-PipelineReportForPipelineReportHandler] INFO  pipeline.PipelineStateManager (PipelineStateManager.java:openPipeline(132)) - Pipeline Pipeline[ Id: a13e55f8-f91e-44ff-ac34-f2089c8f114b, Nodes: 2534f833-6bfe-45b3-bb55-3e90c3f01f9c{ip: 172.17.0.2, host: c20f386514e7, ports: [REPLICATION=36513, RATIS=41421, RATIS_ADMIN=41421, RATIS_SERVER=41421, STANDALONE=37831], networkLocation: /default-rack, certSerialId: null, persistedOpState: IN_SERVICE, persistedOpStateExpiryEpochSec: 0}2b6c692d-bd16-4e2f-be54-cf6999516ba1{ip: 172.17.0.2, host: c20f386514e7, ports: [REPLICATION=34847, RATIS=33969, RATIS_ADMIN=33969, RATIS_SERVER=33969, STANDALONE=39767], networkLocation: /default-rack, certSerialId: null, persistedOpState: IN_SERVICE, persistedOpStateExpiryEpochSec: 0}81ab00b2-2f95-4a2f-a7cf-2c0713c6a9d2{ip: 172.17.0.2, host: c20f386514e7, ports: [REPLICATION=38183, RATIS=43993, RATIS_ADMIN=43993, RATIS_SERVER=43993, STANDALONE=44517], networkLocation: /default-rack, certSerialId: null, persistedOpState: IN_SERVICE, persistedOpStateExpiryEpochSec: 0}, Type:RATIS, Factor:THREE, State:ALLOCATED, leaderId:2534f833-6bfe-45b3-bb55-3e90c3f01f9c, CreationTimestamp2021-02-08T13:07:09.438Z] moved to OPEN state
2021-02-08 13:07:22,190 [2534f833-6bfe-45b3-bb55-3e90c3f01f9c@group-F2089C8F114B-SegmentedRaftLogWorker] INFO  segmented.SegmentedRaftLogWorker (SegmentedRaftLogWorker.java:execute(599)) - 2534f833-6bfe-45b3-bb55-3e90c3f01f9c@group-F2089C8F114B-SegmentedRaftLogWorker: created new log segment /github/workspace/mnt/ozone/hadoop-ozone/integration-test/target/test-dir/MiniOzoneClusterImpl-489e5869-bfe0-4080-b73d-d7b53c96c8d8/datanode-5/data/ratis/a13e55f8-f91e-44ff-ac34-f2089c8f114b/current/log_inprogress_0
2021-02-08 13:07:22,190 [2534f833-6bfe-45b3-bb55-3e90c3f01f9c@group-F2089C8F114B-LeaderElection37] INFO  server.RaftServer$Division (ServerState.java:setRaftConf(373)) - 2534f833-6bfe-45b3-bb55-3e90c3f01f9c@group-F2089C8F114B: set configuration 0: [2534f833-6bfe-45b3-bb55-3e90c3f01f9c|rpc:172.17.0.2:41421|dataStream:|priority:1, 81ab00b2-2f95-4a2f-a7cf-2c0713c6a9d2|rpc:172.17.0.2:43993|dataStream:|priority:0, 2b6c692d-bd16-4e2f-be54-cf6999516ba1|rpc:172.17.0.2:33969|dataStream:|priority:0], old=null
2021-02-08 13:07:22,199 [grpc-default-executor-5] INFO  ratis.XceiverServerRatis (XceiverServerRatis.java:handleLeaderChangedNotification(899)) - Leader change notification received for group: group-F2089C8F114B with new leaderId: 2534f833-6bfe-45b3-bb55-3e90c3f01f9c
2021-02-08 13:07:22,199 [grpc-default-executor-5] INFO  server.RaftServer$Division (ServerState.java:setLeader(271)) - 81ab00b2-2f95-4a2f-a7cf-2c0713c6a9d2@group-F2089C8F114B: change Leader from null to 2534f833-6bfe-45b3-bb55-3e90c3f01f9c at term 2 for appendEntries, leader elected after 10091ms
2021-02-08 13:07:22,200 [grpc-default-executor-2] INFO  ratis.XceiverServerRatis (XceiverServerRatis.java:handleLeaderChangedNotification(899)) - Leader change notification received for group: group-F2089C8F114B with new leaderId: 2534f833-6bfe-45b3-bb55-3e90c3f01f9c
2021-02-08 13:07:22,200 [grpc-default-executor-2] INFO  server.RaftServer$Division (ServerState.java:setLeader(271)) - 2b6c692d-bd16-4e2f-be54-cf6999516ba1@group-F2089C8F114B: change Leader from null to 2534f833-6bfe-45b3-bb55-3e90c3f01f9c at term 2 for appendEntries, leader elected after 10149ms
2021-02-08 13:07:22,204 [grpc-default-executor-5] INFO  server.RaftServer$Division (ServerState.java:setRaftConf(373)) - 2b6c692d-bd16-4e2f-be54-cf6999516ba1@group-F2089C8F114B: set configuration 0: [2534f833-6bfe-45b3-bb55-3e90c3f01f9c|rpc:172.17.0.2:41421|dataStream:|priority:1, 81ab00b2-2f95-4a2f-a7cf-2c0713c6a9d2|rpc:172.17.0.2:43993|dataStream:|priority:0, 2b6c692d-bd16-4e2f-be54-cf6999516ba1|rpc:172.17.0.2:33969|dataStream:|priority:0], old=null
2021-02-08 13:07:22,204 [grpc-default-executor-2] INFO  server.RaftServer$Division (ServerState.java:setRaftConf(373)) - 81ab00b2-2f95-4a2f-a7cf-2c0713c6a9d2@group-F2089C8F114B: set configuration 0: [2534f833-6bfe-45b3-bb55-3e90c3f01f9c|rpc:172.17.0.2:41421|dataStream:|priority:1, 81ab00b2-2f95-4a2f-a7cf-2c0713c6a9d2|rpc:172.17.0.2:43993|dataStream:|priority:0, 2b6c692d-bd16-4e2f-be54-cf6999516ba1|rpc:172.17.0.2:33969|dataStream:|priority:0], old=null
2021-02-08 13:07:22,205 [grpc-default-executor-5] INFO  segmented.SegmentedRaftLogWorker (SegmentedRaftLogWorker.java:startLogSegment(392)) - 2b6c692d-bd16-4e2f-be54-cf6999516ba1@group-F2089C8F114B-SegmentedRaftLogWorker: Starting segment from index:0
2021-02-08 13:07:22,205 [grpc-default-executor-2] INFO  segmented.SegmentedRaftLogWorker (SegmentedRaftLogWorker.java:startLogSegment(392)) - 81ab00b2-2f95-4a2f-a7cf-2c0713c6a9d2@group-F2089C8F114B-SegmentedRaftLogWorker: Starting segment from index:0
2021-02-08 13:07:22,206 [2b6c692d-bd16-4e2f-be54-cf6999516ba1@group-F2089C8F114B-SegmentedRaftLogWorker] INFO  segmented.SegmentedRaftLogWorker (SegmentedRaftLogWorker.java:execute(599)) - 2b6c692d-bd16-4e2f-be54-cf6999516ba1@group-F2089C8F114B-SegmentedRaftLogWorker: created new log segment /github/workspace/mnt/ozone/hadoop-ozone/integration-test/target/test-dir/MiniOzoneClusterImpl-489e5869-bfe0-4080-b73d-d7b53c96c8d8/datanode-3/data/ratis/a13e55f8-f91e-44ff-ac34-f2089c8f114b/current/log_inprogress_0
2021-02-08 13:07:22,207 [81ab00b2-2f95-4a2f-a7cf-2c0713c6a9d2@group-F2089C8F114B-SegmentedRaftLogWorker] INFO  segmented.SegmentedRaftLogWorker (SegmentedRaftLogWorker.java:execute(599)) - 81ab00b2-2f95-4a2f-a7cf-2c0713c6a9d2@group-F2089C8F114B-SegmentedRaftLogWorker: created new log segment /github/workspace/mnt/ozone/hadoop-ozone/integration-test/target/test-dir/MiniOzoneClusterImpl-489e5869-bfe0-4080-b73d-d7b53c96c8d8/datanode-4/data/ratis/a13e55f8-f91e-44ff-ac34-f2089c8f114b/current/log_inprogress_0
2021-02-08 13:07:22,260 [Thread-769] INFO  impl.FollowerState (FollowerState.java:run(133)) - 2b6c692d-bd16-4e2f-be54-cf6999516ba1@group-655D07119256-FollowerState: change to CANDIDATE, lastRpcElapsedTime:5023652085ns, electionTimeout:5022ms
2021-02-08 13:07:22,261 [Thread-769] INFO  impl.RoleInfo (RoleInfo.java:shutdownFollowerState(108)) - 2b6c692d-bd16-4e2f-be54-cf6999516ba1: shutdown 2b6c692d-bd16-4e2f-be54-cf6999516ba1@group-655D07119256-FollowerState
2021-02-08 13:07:22,261 [Thread-769] INFO  server.RaftServer$Division (RaftServerImpl.java:setRole(284)) - 2b6c692d-bd16-4e2f-be54-cf6999516ba1@group-655D07119256: changes role from  FOLLOWER to CANDIDATE at term 1 for changeToCandidate
2021-02-08 13:07:22,261 [Thread-769] INFO  server.RaftServerConfigKeys (ConfUtils.java:logGet(44)) - raft.server.leaderelection.pre-vote = false (custom)
2021-02-08 13:07:22,261 [Thread-769] INFO  impl.RoleInfo (RoleInfo.java:updateAndGet(130)) - 2b6c692d-bd16-4e2f-be54-cf6999516ba1: start 2b6c692d-bd16-4e2f-be54-cf6999516ba1@group-655D07119256-LeaderElection38
2021-02-08 13:07:22,263 [2b6c692d-bd16-4e2f-be54-cf6999516ba1@group-655D07119256-LeaderElection38] INFO  impl.LeaderElection (LeaderElection.java:askForVotes(307)) - 2b6c692d-bd16-4e2f-be54-cf6999516ba1@group-655D07119256-LeaderElection38 ELECTION round 0: submit vote requests at term 2 for -1: [2534f833-6bfe-45b3-bb55-3e90c3f01f9c|rpc:172.17.0.2:41421|priority:0, 81ab00b2-2f95-4a2f-a7cf-2c0713c6a9d2|rpc:172.17.0.2:43993|priority:0, 2b6c692d-bd16-4e2f-be54-cf6999516ba1|rpc:172.17.0.2:33969|priority:1], old=null
2021-02-08 13:07:22,267 [grpc-default-executor-5] INFO  server.RaftServer$Division (RaftServerImpl.java:requestVote(1025)) - 2534f833-6bfe-45b3-bb55-3e90c3f01f9c@group-655D07119256: receive requestVote(ELECTION, 2b6c692d-bd16-4e2f-be54-cf6999516ba1, group-655D07119256, 2, (t:0, i:0))
2021-02-08 13:07:22,267 [grpc-default-executor-5] INFO  impl.VoteContext (VoteContext.java:log(48)) - 2534f833-6bfe-45b3-bb55-3e90c3f01f9c@group-655D07119256-FOLLOWER: accept ELECTION from 2b6c692d-bd16-4e2f-be54-cf6999516ba1: our priority 0 <= candidate's priority 1
2021-02-08 13:07:22,267 [grpc-default-executor-5] INFO  server.RaftServer$Division (RaftServerImpl.java:setRole(284)) - 2534f833-6bfe-45b3-bb55-3e90c3f01f9c@group-655D07119256: changes role from  FOLLOWER to FOLLOWER at term 2 for candidate:2b6c692d-bd16-4e2f-be54-cf6999516ba1
2021-02-08 13:07:22,267 [grpc-default-executor-5] INFO  impl.RoleInfo (RoleInfo.java:shutdownFollowerState(108)) - 2534f833-6bfe-45b3-bb55-3e90c3f01f9c: shutdown 2534f833-6bfe-45b3-bb55-3e90c3f01f9c@group-655D07119256-FollowerState
2021-02-08 13:07:22,268 [grpc-default-executor-5] INFO  impl.RoleInfo (RoleInfo.java:updateAndGet(130)) - 2534f833-6bfe-45b3-bb55-3e90c3f01f9c: start 2534f833-6bfe-45b3-bb55-3e90c3f01f9c@group-655D07119256-FollowerState
2021-02-08 13:07:22,268 [Thread-770] INFO  impl.FollowerState (FollowerState.java:run(142)) - 2534f833-6bfe-45b3-bb55-3e90c3f01f9c@group-655D07119256-FollowerState was interrupted: {}
java.lang.InterruptedException: sleep interrupted
	at java.lang.Thread.sleep(Native Method)
	at java.lang.Thread.sleep(Thread.java:340)
	at java.util.concurrent.TimeUnit.sleep(TimeUnit.java:386)
	at org.apache.ratis.util.TimeDuration.sleep(TimeDuration.java:324)
	at org.apache.ratis.util.TimeDuration.sleep(TimeDuration.java:309)
	at org.apache.ratis.server.impl.FollowerState.run(FollowerState.java:117)
2021-02-08 13:07:22,268 [grpc-default-executor-2] INFO  server.RaftServer$Division (RaftServerImpl.java:requestVote(1025)) - 81ab00b2-2f95-4a2f-a7cf-2c0713c6a9d2@group-655D07119256: receive requestVote(ELECTION, 2b6c692d-bd16-4e2f-be54-cf6999516ba1, group-655D07119256, 2, (t:0, i:0))
2021-02-08 13:07:22,271 [grpc-default-executor-2] INFO  impl.VoteContext (VoteContext.java:log(48)) - 81ab00b2-2f95-4a2f-a7cf-2c0713c6a9d2@group-655D07119256-FOLLOWER: accept ELECTION from 2b6c692d-bd16-4e2f-be54-cf6999516ba1: our priority 0 <= candidate's priority 1
2021-02-08 13:07:22,271 [grpc-default-executor-2] INFO  server.RaftServer$Division (RaftServerImpl.java:setRole(284)) - 81ab00b2-2f95-4a2f-a7cf-2c0713c6a9d2@group-655D07119256: changes role from  FOLLOWER to FOLLOWER at term 2 for candidate:2b6c692d-bd16-4e2f-be54-cf6999516ba1
2021-02-08 13:07:22,271 [grpc-default-executor-2] INFO  impl.RoleInfo (RoleInfo.java:shutdownFollowerState(108)) - 81ab00b2-2f95-4a2f-a7cf-2c0713c6a9d2: shutdown 81ab00b2-2f95-4a2f-a7cf-2c0713c6a9d2@group-655D07119256-FollowerState
2021-02-08 13:07:22,272 [grpc-default-executor-5] INFO  server.RaftServer$Division (RaftServerImpl.java:requestVote(1057)) - 2534f833-6bfe-45b3-bb55-3e90c3f01f9c@group-655D07119256 replies to ELECTION vote request: 2b6c692d-bd16-4e2f-be54-cf6999516ba1<-2534f833-6bfe-45b3-bb55-3e90c3f01f9c#0:OK-t2. Peer's state: 2534f833-6bfe-45b3-bb55-3e90c3f01f9c@group-655D07119256:t2, leader=null, voted=2b6c692d-bd16-4e2f-be54-cf6999516ba1, raftlog=2534f833-6bfe-45b3-bb55-3e90c3f01f9c@group-655D07119256-SegmentedRaftLog:OPENED:c-1,f-1,i0, conf=-1: [2534f833-6bfe-45b3-bb55-3e90c3f01f9c|rpc:172.17.0.2:41421|dataStream:|priority:0, 81ab00b2-2f95-4a2f-a7cf-2c0713c6a9d2|rpc:172.17.0.2:43993|dataStream:|priority:0, 2b6c692d-bd16-4e2f-be54-cf6999516ba1|rpc:172.17.0.2:33969|dataStream:|priority:1], old=null
2021-02-08 13:07:22,272 [Thread-771] INFO  impl.FollowerState (FollowerState.java:run(142)) - 81ab00b2-2f95-4a2f-a7cf-2c0713c6a9d2@group-655D07119256-FollowerState was interrupted: {}
java.lang.InterruptedException: sleep interrupted
	at java.lang.Thread.sleep(Native Method)
	at java.lang.Thread.sleep(Thread.java:340)
	at java.util.concurrent.TimeUnit.sleep(TimeUnit.java:386)
	at org.apache.ratis.util.TimeDuration.sleep(TimeDuration.java:324)
	at org.apache.ratis.util.TimeDuration.sleep(TimeDuration.java:309)
	at org.apache.ratis.server.impl.FollowerState.run(FollowerState.java:117)
2021-02-08 13:07:22,272 [grpc-default-executor-2] INFO  impl.RoleInfo (RoleInfo.java:updateAndGet(130)) - 81ab00b2-2f95-4a2f-a7cf-2c0713c6a9d2: start 81ab00b2-2f95-4a2f-a7cf-2c0713c6a9d2@group-655D07119256-FollowerState
2021-02-08 13:07:22,274 [2b6c692d-bd16-4e2f-be54-cf6999516ba1@group-655D07119256-LeaderElection38] INFO  impl.LeaderElection (LeaderElection.java:logAndReturn(89)) - 2b6c692d-bd16-4e2f-be54-cf6999516ba1@group-655D07119256-LeaderElection38: ELECTION PASSED received 1 response(s) and 0 exception(s):
2021-02-08 13:07:22,274 [2b6c692d-bd16-4e2f-be54-cf6999516ba1@group-655D07119256-LeaderElection38] INFO  impl.LeaderElection (LeaderElection.java:logAndReturn(93)) -   Response 0: 2b6c692d-bd16-4e2f-be54-cf6999516ba1<-2534f833-6bfe-45b3-bb55-3e90c3f01f9c#0:OK-t2
2021-02-08 13:07:22,274 [2b6c692d-bd16-4e2f-be54-cf6999516ba1@group-655D07119256-LeaderElection38] INFO  impl.LeaderElection (LeaderElection.java:askForVotes(309)) - 2b6c692d-bd16-4e2f-be54-cf6999516ba1@group-655D07119256-LeaderElection38 ELECTION round 0: result PASSED
2021-02-08 13:07:22,274 [2b6c692d-bd16-4e2f-be54-cf6999516ba1@group-655D07119256-LeaderElection38] INFO  impl.RoleInfo (RoleInfo.java:shutdownLeaderElection(121)) - 2b6c692d-bd16-4e2f-be54-cf6999516ba1: shutdown 2b6c692d-bd16-4e2f-be54-cf6999516ba1@group-655D07119256-LeaderElection38
2021-02-08 13:07:22,274 [2b6c692d-bd16-4e2f-be54-cf6999516ba1@group-655D07119256-LeaderElection38] INFO  server.RaftServer$Division (RaftServerImpl.java:setRole(284)) - 2b6c692d-bd16-4e2f-be54-cf6999516ba1@group-655D07119256: changes role from CANDIDATE to LEADER at term 2 for changeToLeader
2021-02-08 13:07:22,274 [2b6c692d-bd16-4e2f-be54-cf6999516ba1@group-655D07119256-LeaderElection38] INFO  ratis.XceiverServerRatis (XceiverServerRatis.java:handleLeaderChangedNotification(899)) - Leader change notification received for group: group-655D07119256 with new leaderId: 2b6c692d-bd16-4e2f-be54-cf6999516ba1
2021-02-08 13:07:22,274 [2b6c692d-bd16-4e2f-be54-cf6999516ba1@group-655D07119256-LeaderElection38] INFO  server.RaftServer$Division (ServerState.java:setLeader(271)) - 2b6c692d-bd16-4e2f-be54-cf6999516ba1@group-655D07119256: change Leader from null to 2b6c692d-bd16-4e2f-be54-cf6999516ba1 at term 2 for becomeLeader, leader elected after 10148ms
2021-02-08 13:07:22,274 [2b6c692d-bd16-4e2f-be54-cf6999516ba1@group-655D07119256-LeaderElection38] INFO  server.RaftServerConfigKeys (ConfUtils.java:logGet(44)) - raft.server.staging.catchup.gap = 1000 (default)
2021-02-08 13:07:22,274 [2b6c692d-bd16-4e2f-be54-cf6999516ba1@group-655D07119256-LeaderElection38] INFO  metrics.RatisMetrics (RatisMetrics.java:lambda$create$0(36)) - Creating Metrics Registry : ratis.log_appender.2b6c692d-bd16-4e2f-be54-cf6999516ba1@group-655D07119256
2021-02-08 13:07:22,274 [2b6c692d-bd16-4e2f-be54-cf6999516ba1@group-655D07119256-LeaderElection38] INFO  server.RaftServerConfigKeys (ConfUtils.java:logGet(44)) - raft.server.write.element-limit = 1024 (custom)
2021-02-08 13:07:22,274 [grpc-default-executor-2] INFO  server.RaftServer$Division (RaftServerImpl.java:requestVote(1057)) - 81ab00b2-2f95-4a2f-a7cf-2c0713c6a9d2@group-655D07119256 replies to ELECTION vote request: 2b6c692d-bd16-4e2f-be54-cf6999516ba1<-81ab00b2-2f95-4a2f-a7cf-2c0713c6a9d2#0:OK-t2. Peer's state: 81ab00b2-2f95-4a2f-a7cf-2c0713c6a9d2@group-655D07119256:t2, leader=null, voted=2b6c692d-bd16-4e2f-be54-cf6999516ba1, raftlog=81ab00b2-2f95-4a2f-a7cf-2c0713c6a9d2@group-655D07119256-SegmentedRaftLog:OPENED:c-1,f-1,i0, conf=-1: [2534f833-6bfe-45b3-bb55-3e90c3f01f9c|rpc:172.17.0.2:41421|dataStream:|priority:0, 81ab00b2-2f95-4a2f-a7cf-2c0713c6a9d2|rpc:172.17.0.2:43993|dataStream:|priority:0, 2b6c692d-bd16-4e2f-be54-cf6999516ba1|rpc:172.17.0.2:33969|dataStream:|priority:1], old=null
2021-02-08 13:07:22,276 [EventQueue-PipelineReportForPipelineReportHandler] INFO  pipeline.PipelineStateManager (PipelineStateManager.java:openPipeline(132)) - Pipeline Pipeline[ Id: 0d252d6c-e75d-41e6-bbb0-655d07119256, Nodes: 2b6c692d-bd16-4e2f-be54-cf6999516ba1{ip: 172.17.0.2, host: c20f386514e7, ports: [REPLICATION=34847, RATIS=33969, RATIS_ADMIN=33969, RATIS_SERVER=33969, STANDALONE=39767], networkLocation: /default-rack, certSerialId: null, persistedOpState: IN_SERVICE, persistedOpStateExpiryEpochSec: 0}81ab00b2-2f95-4a2f-a7cf-2c0713c6a9d2{ip: 172.17.0.2, host: c20f386514e7, ports: [REPLICATION=38183, RATIS=43993, RATIS_ADMIN=43993, RATIS_SERVER=43993, STANDALONE=44517], networkLocation: /default-rack, certSerialId: null, persistedOpState: IN_SERVICE, persistedOpStateExpiryEpochSec: 0}2534f833-6bfe-45b3-bb55-3e90c3f01f9c{ip: 172.17.0.2, host: c20f386514e7, ports: [REPLICATION=36513, RATIS=41421, RATIS_ADMIN=41421, RATIS_SERVER=41421, STANDALONE=37831], networkLocation: /default-rack, certSerialId: null, persistedOpState: IN_SERVICE, persistedOpStateExpiryEpochSec: 0}, Type:RATIS, Factor:THREE, State:ALLOCATED, leaderId:2b6c692d-bd16-4e2f-be54-cf6999516ba1, CreationTimestamp2021-02-08T13:07:09.440Z] moved to OPEN state
2021-02-08 13:07:22,274 [2b6c692d-bd16-4e2f-be54-cf6999516ba1@group-655D07119256-LeaderElection38] INFO  server.RaftServerConfigKeys (ConfUtils.java:logGet(44)) - raft.server.write.byte-limit = 1073741824 (custom)
2021-02-08 13:07:22,276 [2b6c692d-bd16-4e2f-be54-cf6999516ba1@group-655D07119256-LeaderElection38] INFO  server.RaftServerConfigKeys (ConfUtils.java:logGet(44)) - raft.server.watch.timeout = 3000ms (custom)
2021-02-08 13:07:22,276 [2b6c692d-bd16-4e2f-be54-cf6999516ba1@group-655D07119256-LeaderElection38] INFO  server.RaftServerConfigKeys (ConfUtils.java:logGet(44)) - raft.server.watch.timeout.denomination = 1s (default)
2021-02-08 13:07:22,276 [2b6c692d-bd16-4e2f-be54-cf6999516ba1@group-655D07119256-LeaderElection38] INFO  server.RaftServerConfigKeys (ConfUtils.java:logGet(44)) - raft.server.watch.element-limit = 65536 (default)
2021-02-08 13:07:22,276 [2b6c692d-bd16-4e2f-be54-cf6999516ba1@group-655D07119256-LeaderElection38] INFO  server.RaftServerConfigKeys (ConfUtils.java:logGet(44)) - raft.server.log.appender.snapshot.chunk.size.max = 16MB (=16777216) (default)
2021-02-08 13:07:22,277 [2b6c692d-bd16-4e2f-be54-cf6999516ba1@group-655D07119256-LeaderElection38] INFO  server.RaftServerConfigKeys (ConfUtils.java:logGet(44)) - raft.server.log.appender.buffer.byte-limit = 33554432 (custom)
2021-02-08 13:07:22,277 [2b6c692d-bd16-4e2f-be54-cf6999516ba1@group-655D07119256-LeaderElection38] INFO  server.RaftServerConfigKeys (ConfUtils.java:logGet(44)) - raft.server.log.appender.buffer.element-limit = 1 (custom)
2021-02-08 13:07:22,277 [2b6c692d-bd16-4e2f-be54-cf6999516ba1@group-655D07119256-LeaderElection38] INFO  grpc.GrpcConfigKeys (ConfUtils.java:logGet(44)) - raft.grpc.server.leader.outstanding.appends.max = 128 (default)
2021-02-08 13:07:22,277 [2b6c692d-bd16-4e2f-be54-cf6999516ba1@group-655D07119256-LeaderElection38] INFO  server.RaftServerConfigKeys (ConfUtils.java:logGet(44)) - raft.server.rpc.request.timeout = 3000ms (default)
2021-02-08 13:07:22,277 [2b6c692d-bd16-4e2f-be54-cf6999516ba1@group-655D07119256-LeaderElection38] INFO  server.RaftServerConfigKeys (ConfUtils.java:logGet(44)) - raft.server.log.appender.install.snapshot.enabled = false (custom)
2021-02-08 13:07:22,277 [2b6c692d-bd16-4e2f-be54-cf6999516ba1@group-655D07119256-LeaderElection38] INFO  metrics.RatisMetrics (RatisMetrics.java:lambda$create$0(36)) - Creating Metrics Registry : ratis_grpc.log_appender.2b6c692d-bd16-4e2f-be54-cf6999516ba1@group-655D07119256
2021-02-08 13:07:22,278 [2b6c692d-bd16-4e2f-be54-cf6999516ba1@group-655D07119256-LeaderElection38] INFO  server.RaftServerConfigKeys (ConfUtils.java:logGet(44)) - raft.server.log.appender.snapshot.chunk.size.max = 16MB (=16777216) (default)
2021-02-08 13:07:22,278 [2b6c692d-bd16-4e2f-be54-cf6999516ba1@group-655D07119256-LeaderElection38] INFO  server.RaftServerConfigKeys (ConfUtils.java:logGet(44)) - raft.server.log.appender.buffer.byte-limit = 33554432 (custom)
2021-02-08 13:07:22,278 [2b6c692d-bd16-4e2f-be54-cf6999516ba1@group-655D07119256-LeaderElection38] INFO  server.RaftServerConfigKeys (ConfUtils.java:logGet(44)) - raft.server.log.appender.buffer.element-limit = 1 (custom)
2021-02-08 13:07:22,278 [2b6c692d-bd16-4e2f-be54-cf6999516ba1@group-655D07119256-LeaderElection38] INFO  grpc.GrpcConfigKeys (ConfUtils.java:logGet(44)) - raft.grpc.server.leader.outstanding.appends.max = 128 (default)
2021-02-08 13:07:22,278 [2b6c692d-bd16-4e2f-be54-cf6999516ba1@group-655D07119256-LeaderElection38] INFO  server.RaftServerConfigKeys (ConfUtils.java:logGet(44)) - raft.server.rpc.request.timeout = 3000ms (default)
2021-02-08 13:07:22,278 [2b6c692d-bd16-4e2f-be54-cf6999516ba1@group-655D07119256-LeaderElection38] INFO  server.RaftServerConfigKeys (ConfUtils.java:logGet(44)) - raft.server.log.appender.install.snapshot.enabled = false (custom)
2021-02-08 13:07:22,279 [2b6c692d-bd16-4e2f-be54-cf6999516ba1@group-655D07119256-LeaderElection38] INFO  impl.RoleInfo (RoleInfo.java:updateAndGet(130)) - 2b6c692d-bd16-4e2f-be54-cf6999516ba1: start 2b6c692d-bd16-4e2f-be54-cf6999516ba1@group-655D07119256-LeaderStateImpl
2021-02-08 13:07:22,279 [2b6c692d-bd16-4e2f-be54-cf6999516ba1@group-655D07119256-LeaderElection38] INFO  segmented.SegmentedRaftLogWorker (SegmentedRaftLogWorker.java:startLogSegment(392)) - 2b6c692d-bd16-4e2f-be54-cf6999516ba1@group-655D07119256-SegmentedRaftLogWorker: Starting segment from index:0
2021-02-08 13:07:22,280 [2b6c692d-bd16-4e2f-be54-cf6999516ba1@group-655D07119256-LeaderElection38] INFO  server.RaftServer$Division (ServerState.java:setRaftConf(373)) - 2b6c692d-bd16-4e2f-be54-cf6999516ba1@group-655D07119256: set configuration 0: [2534f833-6bfe-45b3-bb55-3e90c3f01f9c|rpc:172.17.0.2:41421|dataStream:|priority:0, 81ab00b2-2f95-4a2f-a7cf-2c0713c6a9d2|rpc:172.17.0.2:43993|dataStream:|priority:0, 2b6c692d-bd16-4e2f-be54-cf6999516ba1|rpc:172.17.0.2:33969|dataStream:|priority:1], old=null
2021-02-08 13:07:22,281 [2b6c692d-bd16-4e2f-be54-cf6999516ba1@group-655D07119256-SegmentedRaftLogWorker] INFO  segmented.SegmentedRaftLogWorker (SegmentedRaftLogWorker.java:execute(599)) - 2b6c692d-bd16-4e2f-be54-cf6999516ba1@group-655D07119256-SegmentedRaftLogWorker: created new log segment /github/workspace/mnt/ozone/hadoop-ozone/integration-test/target/test-dir/MiniOzoneClusterImpl-489e5869-bfe0-4080-b73d-d7b53c96c8d8/datanode-3/data/ratis/0d252d6c-e75d-41e6-bbb0-655d07119256/current/log_inprogress_0
2021-02-08 13:07:22,283 [grpc-default-executor-2] INFO  ratis.XceiverServerRatis (XceiverServerRatis.java:handleLeaderChangedNotification(899)) - Leader change notification received for group: group-655D07119256 with new leaderId: 2b6c692d-bd16-4e2f-be54-cf6999516ba1
2021-02-08 13:07:22,284 [grpc-default-executor-2] INFO  server.RaftServer$Division (ServerState.java:setLeader(271)) - 2534f833-6bfe-45b3-bb55-3e90c3f01f9c@group-655D07119256: change Leader from null to 2b6c692d-bd16-4e2f-be54-cf6999516ba1 at term 2 for appendEntries, leader elected after 10111ms
2021-02-08 13:07:22,285 [grpc-default-executor-0] INFO  ratis.XceiverServerRatis (XceiverServerRatis.java:handleLeaderChangedNotification(899)) - Leader change notification received for group: group-655D07119256 with new leaderId: 2b6c692d-bd16-4e2f-be54-cf6999516ba1
2021-02-08 13:07:22,285 [grpc-default-executor-0] INFO  server.RaftServer$Division (ServerState.java:setLeader(271)) - 81ab00b2-2f95-4a2f-a7cf-2c0713c6a9d2@group-655D07119256: change Leader from null to 2b6c692d-bd16-4e2f-be54-cf6999516ba1 at term 2 for appendEntries, leader elected after 10142ms
2021-02-08 13:07:22,294 [grpc-default-executor-0] INFO  server.RaftServer$Division (ServerState.java:setRaftConf(373)) - 81ab00b2-2f95-4a2f-a7cf-2c0713c6a9d2@group-655D07119256: set configuration 0: [2534f833-6bfe-45b3-bb55-3e90c3f01f9c|rpc:172.17.0.2:41421|dataStream:|priority:0, 81ab00b2-2f95-4a2f-a7cf-2c0713c6a9d2|rpc:172.17.0.2:43993|dataStream:|priority:0, 2b6c692d-bd16-4e2f-be54-cf6999516ba1|rpc:172.17.0.2:33969|dataStream:|priority:1], old=null
2021-02-08 13:07:22,294 [grpc-default-executor-2] INFO  server.RaftServer$Division (ServerState.java:setRaftConf(373)) - 2534f833-6bfe-45b3-bb55-3e90c3f01f9c@group-655D07119256: set configuration 0: [2534f833-6bfe-45b3-bb55-3e90c3f01f9c|rpc:172.17.0.2:41421|dataStream:|priority:0, 81ab00b2-2f95-4a2f-a7cf-2c0713c6a9d2|rpc:172.17.0.2:43993|dataStream:|priority:0, 2b6c692d-bd16-4e2f-be54-cf6999516ba1|rpc:172.17.0.2:33969|dataStream:|priority:1], old=null
2021-02-08 13:07:22,294 [grpc-default-executor-0] INFO  segmented.SegmentedRaftLogWorker (SegmentedRaftLogWorker.java:startLogSegment(392)) - 81ab00b2-2f95-4a2f-a7cf-2c0713c6a9d2@group-655D07119256-SegmentedRaftLogWorker: Starting segment from index:0
2021-02-08 13:07:22,295 [grpc-default-executor-2] INFO  segmented.SegmentedRaftLogWorker (SegmentedRaftLogWorker.java:startLogSegment(392)) - 2534f833-6bfe-45b3-bb55-3e90c3f01f9c@group-655D07119256-SegmentedRaftLogWorker: Starting segment from index:0
2021-02-08 13:07:22,297 [2534f833-6bfe-45b3-bb55-3e90c3f01f9c@group-655D07119256-SegmentedRaftLogWorker] INFO  segmented.SegmentedRaftLogWorker (SegmentedRaftLogWorker.java:execute(599)) - 2534f833-6bfe-45b3-bb55-3e90c3f01f9c@group-655D07119256-SegmentedRaftLogWorker: created new log segment /github/workspace/mnt/ozone/hadoop-ozone/integration-test/target/test-dir/MiniOzoneClusterImpl-489e5869-bfe0-4080-b73d-d7b53c96c8d8/datanode-5/data/ratis/0d252d6c-e75d-41e6-bbb0-655d07119256/current/log_inprogress_0
2021-02-08 13:07:22,298 [81ab00b2-2f95-4a2f-a7cf-2c0713c6a9d2@group-655D07119256-SegmentedRaftLogWorker] INFO  segmented.SegmentedRaftLogWorker (SegmentedRaftLogWorker.java:execute(599)) - 81ab00b2-2f95-4a2f-a7cf-2c0713c6a9d2@group-655D07119256-SegmentedRaftLogWorker: created new log segment /github/workspace/mnt/ozone/hadoop-ozone/integration-test/target/test-dir/MiniOzoneClusterImpl-489e5869-bfe0-4080-b73d-d7b53c96c8d8/datanode-4/data/ratis/0d252d6c-e75d-41e6-bbb0-655d07119256/current/log_inprogress_0
2021-02-08 13:07:28,687 [java.util.concurrent.ThreadPoolExecutor$Worker@4729ab08[State = -1, empty queue]] INFO  metrics.RatisMetrics (RatisMetrics.java:lambda$create$0(36)) - Creating Metrics Registry : ratis.client_message_metrics.client-F13A4C6BFB47->61a3106f-4412-450d-ae4e-54e9a62c2593
2021-02-08 13:07:28,705 [Listener at 127.0.0.1/38393] INFO  ozone.MiniOzoneClusterImpl (MiniOzoneClusterImpl.java:shutdown(400)) - Shutting down the Mini Ozone Cluster
2021-02-08 13:07:28,705 [Listener at 127.0.0.1/38393] INFO  ozone.MiniOzoneClusterImpl (MiniOzoneClusterImpl.java:stop(415)) - Stopping the Mini Ozone Cluster
2021-02-08 13:07:28,705 [Listener at 127.0.0.1/38393] INFO  ozone.MiniOzoneClusterImpl (MiniOzoneClusterImpl.java:stopOM(497)) - Stopping the OzoneManager
2021-02-08 13:07:28,705 [Listener at 127.0.0.1/38393] INFO  ipc.Server (Server.java:stop(3403)) - Stopping server on 38393
2021-02-08 13:07:28,711 [IPC Server Responder] INFO  ipc.Server (Server.java:run(1502)) - Stopping IPC Server Responder
2021-02-08 13:07:28,711 [IPC Server listener on 0] INFO  ipc.Server (Server.java:run(1366)) - Stopping IPC Server listener on 0
2021-02-08 13:07:28,711 [Listener at 127.0.0.1/38393] INFO  server.RaftServer (RaftServerProxy.java:lambda$close$6(391)) - om1: close
2021-02-08 13:07:28,711 [Listener at 127.0.0.1/38393] INFO  server.RaftServer$Division (RaftServerImpl.java:lambda$close$4(406)) - om1@group-C5BA1605619E: shutdown
2021-02-08 13:07:28,711 [Listener at 127.0.0.1/38393] INFO  util.JmxRegister (JmxRegister.java:unregister(73)) - Successfully un-registered JMX Bean with object name Ratis:service=RaftServer,group=group-C5BA1605619E,id=om1
2021-02-08 13:07:28,712 [Listener at 127.0.0.1/38393] INFO  impl.RoleInfo (RoleInfo.java:shutdownLeaderState(91)) - om1: shutdown om1@group-C5BA1605619E-LeaderStateImpl
2021-02-08 13:07:28,712 [Listener at 127.0.0.1/38393] INFO  impl.PendingRequests (PendingRequests.java:sendNotLeaderResponses(249)) - om1@group-C5BA1605619E-PendingRequests: sendNotLeaderResponses
2021-02-08 13:07:28,717 [Listener at 127.0.0.1/38393] INFO  metrics.RatisMetrics (RatisMetrics.java:unregister(43)) - Unregistering Metrics Registry : ratis.log_appender.om1@group-C5BA1605619E
2021-02-08 13:07:28,717 [Listener at 127.0.0.1/38393] INFO  metrics.RatisMetrics (RatisMetrics.java:unregister(43)) - Unregistering Metrics Registry : ratis.server.om1@group-C5BA1605619E
2021-02-08 13:07:28,718 [Listener at 127.0.0.1/38393] INFO  impl.StateMachineUpdater (StateMachineUpdater.java:stopAndJoin(148)) - om1@group-C5BA1605619E-StateMachineUpdater: set stopIndex = 4
2021-02-08 13:07:28,718 [om1@group-C5BA1605619E-StateMachineUpdater] INFO  ratis.OzoneManagerStateMachine (OzoneManagerStateMachine.java:takeSnapshot(345)) - Current Snapshot Index (t:1, i:4)
2021-02-08 13:07:28,718 [om1@group-C5BA1605619E-StateMachineUpdater] INFO  impl.StateMachineUpdater (StateMachineUpdater.java:takeSnapshot(279)) - om1@group-C5BA1605619E-StateMachineUpdater: Took a snapshot at index 4
2021-02-08 13:07:28,718 [om1@group-C5BA1605619E-StateMachineUpdater] INFO  impl.StateMachineUpdater (StateMachineUpdater.java:lambda$new$0(88)) - om1@group-C5BA1605619E-StateMachineUpdater: snapshotIndex: updateIncreasingly -1 -> 4
2021-02-08 13:07:28,718 [om1@group-C5BA1605619E-StateMachineUpdater] INFO  metrics.RatisMetrics (RatisMetrics.java:unregister(43)) - Unregistering Metrics Registry : ratis.state_machine.om1@group-C5BA1605619E
2021-02-08 13:07:28,718 [Listener at 127.0.0.1/38393] INFO  server.RaftServer$Division (ServerState.java:close(405)) - om1@group-C5BA1605619E: closes. applyIndex: 4
2021-02-08 13:07:28,719 [om1@group-C5BA1605619E-SegmentedRaftLogWorker] INFO  segmented.SegmentedRaftLogWorker (SegmentedRaftLogWorker.java:run(326)) - om1@group-C5BA1605619E-SegmentedRaftLogWorker was interrupted, exiting. There are 0 tasks remaining in the queue.
2021-02-08 13:07:28,720 [Listener at 127.0.0.1/38393] INFO  segmented.SegmentedRaftLogWorker (SegmentedRaftLogWorker.java:close(236)) - om1@group-C5BA1605619E-SegmentedRaftLogWorker close()
2021-02-08 13:07:28,722 [Listener at 127.0.0.1/38393] INFO  metrics.RatisMetrics (RatisMetrics.java:unregister(43)) - Unregistering Metrics Registry : ratis.log_worker.om1@group-C5BA1605619E
2021-02-08 13:07:28,722 [Listener at 127.0.0.1/38393] INFO  metrics.RatisMetrics (RatisMetrics.java:unregister(43)) - Unregistering Metrics Registry : ratis.leader_election.om1@group-C5BA1605619E
2021-02-08 13:07:28,722 [Listener at 127.0.0.1/38393] INFO  metrics.RatisMetrics (RatisMetrics.java:unregister(43)) - Unregistering Metrics Registry : ratis.server.om1@group-C5BA1605619E
2021-02-08 13:07:28,722 [Listener at 127.0.0.1/38393] INFO  server.GrpcService (GrpcService.java:closeImpl(262)) - om1: shutdown server with port 9872 now
2021-02-08 13:07:28,724 [Listener at 127.0.0.1/38393] INFO  server.GrpcService (GrpcService.java:closeImpl(271)) - om1: shutdown server with port 9872 successfully
2021-02-08 13:07:28,724 [org.apache.ratis.util.JvmPauseMonitor$$Lambda$504/1698180828@10539910] INFO  util.JvmPauseMonitor (JvmPauseMonitor.java:run(109)) - JvmPauseMonitor-om1: Stopped
2021-02-08 13:07:28,725 [Listener at 127.0.0.1/38393] INFO  ratis.OzoneManagerDoubleBuffer (OzoneManagerDoubleBuffer.java:stop(425)) - Stopping OMDoubleBuffer flush thread
2021-02-08 13:07:28,725 [OMDoubleBufferFlushThread] INFO  ratis.OzoneManagerDoubleBuffer (OzoneManagerDoubleBuffer.java:flushTransactions(352)) - OMDoubleBuffer flush thread OMDoubleBufferFlushThread is interrupted and will exit. OMDoubleBufferFlushThread
2021-02-08 13:07:28,725 [Listener at 127.0.0.1/38393] INFO  ratis.OzoneManagerStateMachine (HadoopExecutors.java:shutdown(118)) - Gracefully shutting down executor service. Waiting max 5 SECONDS
2021-02-08 13:07:28,725 [Listener at 127.0.0.1/38393] INFO  ratis.OzoneManagerStateMachine (HadoopExecutors.java:shutdown(129)) - Succesfully shutdown executor service
2021-02-08 13:07:28,725 [Listener at 127.0.0.1/38393] INFO  ratis.OzoneManagerStateMachine (HadoopExecutors.java:shutdown(118)) - Gracefully shutting down executor service. Waiting max 5 SECONDS
2021-02-08 13:07:28,725 [Listener at 127.0.0.1/38393] INFO  ratis.OzoneManagerStateMachine (HadoopExecutors.java:shutdown(129)) - Succesfully shutdown executor service
2021-02-08 13:07:28,725 [Listener at 127.0.0.1/38393] INFO  utils.BackgroundService (BackgroundService.java:shutdown(132)) - Shutting down service KeyDeletingService
2021-02-08 13:07:28,726 [Listener at 127.0.0.1/38393] INFO  handler.ContextHandler (ContextHandler.java:doStop(1154)) - Stopped o.e.j.w.WebAppContext@128f1a96{ozoneManager,/,null,STOPPED}{file:/github/workspace/mnt/ozone/hadoop-ozone/integration-test/target/test-classes/webapps/ozoneManager}
2021-02-08 13:07:28,726 [Listener at 127.0.0.1/38393] INFO  server.AbstractConnector (AbstractConnector.java:doStop(381)) - Stopped ServerConnector@e0afcd4{HTTP/1.1, (http/1.1)}{0.0.0.0:0}
2021-02-08 13:07:28,726 [Listener at 127.0.0.1/38393] INFO  server.session (HouseKeeper.java:stopScavenging(149)) - node0 Stopped scavenging
2021-02-08 13:07:28,727 [Listener at 127.0.0.1/38393] INFO  handler.ContextHandler (ContextHandler.java:doStop(1154)) - Stopped o.e.j.s.ServletContextHandler@66d403aa{static,/static,file:///github/workspace/mnt/ozone/hadoop-ozone/integration-test/target/test-classes/webapps/static,STOPPED}
2021-02-08 13:07:28,727 [Listener at 127.0.0.1/38393] INFO  handler.ContextHandler (ContextHandler.java:doStop(1154)) - Stopped o.e.j.s.ServletContextHandler@56442ee8{logs,/logs,file:///github/workspace/mnt/ozone/hadoop-ozone/integration-test/target/log,STOPPED}
2021-02-08 13:07:28,730 [Listener at 127.0.0.1/38393] INFO  ozone.MiniOzoneClusterImpl (MiniOzoneClusterImpl.java:stopDatanodes(474)) - Stopping the HddsDatanodes
2021-02-08 13:07:29,425 [Datanode State Machine Thread - 0] INFO  statemachine.DatanodeStateMachine (DatanodeStateMachine.java:lambda$startDaemon$0(412)) - Ozone container server started.
2021-02-08 13:07:29,672 [Datanode State Machine Thread - 0] INFO  statemachine.DatanodeStateMachine (DatanodeStateMachine.java:lambda$startDaemon$0(412)) - Ozone container server started.
2021-02-08 13:07:33,736 [Listener at 127.0.0.1/38393] INFO  ozoneimpl.OzoneContainer (OzoneContainer.java:stop(273)) - Attempting to stop container services.
2021-02-08 13:07:33,737 [ForkJoinPool.commonPool-worker-0] INFO  ozoneimpl.OzoneContainer (OzoneContainer.java:stop(273)) - Attempting to stop container services.
2021-02-08 13:07:33,737 [ForkJoinPool.commonPool-worker-0] INFO  server.RaftServer (RaftServerProxy.java:lambda$close$6(391)) - 76df9516-c5cc-44f1-9ecc-163502ad41b5: close
2021-02-08 13:07:33,738 [Listener at 127.0.0.1/38393] INFO  server.RaftServer (RaftServerProxy.java:lambda$close$6(391)) - 81ab00b2-2f95-4a2f-a7cf-2c0713c6a9d2: close
2021-02-08 13:07:33,738 [Listener at 127.0.0.1/38393] INFO  server.RaftServer$Division (RaftServerImpl.java:lambda$close$4(406)) - 81ab00b2-2f95-4a2f-a7cf-2c0713c6a9d2@group-4CAAE4725CBC: shutdown
2021-02-08 13:07:33,738 [Listener at 127.0.0.1/38393] INFO  util.JmxRegister (JmxRegister.java:unregister(73)) - Successfully un-registered JMX Bean with object name Ratis:service=RaftServer,group=group-4CAAE4725CBC,id=81ab00b2-2f95-4a2f-a7cf-2c0713c6a9d2
2021-02-08 13:07:33,738 [Listener at 127.0.0.1/38393] INFO  impl.RoleInfo (RoleInfo.java:shutdownLeaderState(91)) - 81ab00b2-2f95-4a2f-a7cf-2c0713c6a9d2: shutdown 81ab00b2-2f95-4a2f-a7cf-2c0713c6a9d2@group-4CAAE4725CBC-LeaderStateImpl
2021-02-08 13:07:33,738 [ForkJoinPool.commonPool-worker-0] INFO  server.RaftServer$Division (RaftServerImpl.java:lambda$close$4(406)) - 76df9516-c5cc-44f1-9ecc-163502ad41b5@group-437EAFE741A7: shutdown
2021-02-08 13:07:33,738 [Listener at 127.0.0.1/38393] INFO  impl.PendingRequests (PendingRequests.java:sendNotLeaderResponses(249)) - 81ab00b2-2f95-4a2f-a7cf-2c0713c6a9d2@group-4CAAE4725CBC-PendingRequests: sendNotLeaderResponses
2021-02-08 13:07:33,739 [ForkJoinPool.commonPool-worker-0] INFO  util.JmxRegister (JmxRegister.java:unregister(73)) - Successfully un-registered JMX Bean with object name Ratis:service=RaftServer,group=group-437EAFE741A7,id=76df9516-c5cc-44f1-9ecc-163502ad41b5
2021-02-08 13:07:33,739 [ForkJoinPool.commonPool-worker-0] INFO  impl.RoleInfo (RoleInfo.java:shutdownLeaderState(91)) - 76df9516-c5cc-44f1-9ecc-163502ad41b5: shutdown 76df9516-c5cc-44f1-9ecc-163502ad41b5@group-437EAFE741A7-LeaderStateImpl
2021-02-08 13:07:33,739 [Listener at 127.0.0.1/38393] INFO  metrics.RatisMetrics (RatisMetrics.java:unregister(43)) - Unregistering Metrics Registry : ratis.log_appender.81ab00b2-2f95-4a2f-a7cf-2c0713c6a9d2@group-4CAAE4725CBC
2021-02-08 13:07:33,739 [ForkJoinPool.commonPool-worker-0] INFO  impl.PendingRequests (PendingRequests.java:sendNotLeaderResponses(249)) - 76df9516-c5cc-44f1-9ecc-163502ad41b5@group-437EAFE741A7-PendingRequests: sendNotLeaderResponses
2021-02-08 13:07:33,740 [Listener at 127.0.0.1/38393] INFO  metrics.RatisMetrics (RatisMetrics.java:unregister(43)) - Unregistering Metrics Registry : ratis.server.81ab00b2-2f95-4a2f-a7cf-2c0713c6a9d2@group-4CAAE4725CBC
2021-02-08 13:07:33,740 [ForkJoinPool.commonPool-worker-0] INFO  metrics.RatisMetrics (RatisMetrics.java:unregister(43)) - Unregistering Metrics Registry : ratis.log_appender.76df9516-c5cc-44f1-9ecc-163502ad41b5@group-437EAFE741A7
2021-02-08 13:07:33,740 [ForkJoinPool.commonPool-worker-0] INFO  metrics.RatisMetrics (RatisMetrics.java:unregister(43)) - Unregistering Metrics Registry : ratis.server.76df9516-c5cc-44f1-9ecc-163502ad41b5@group-437EAFE741A7
2021-02-08 13:07:33,741 [Listener at 127.0.0.1/38393] INFO  impl.StateMachineUpdater (StateMachineUpdater.java:stopAndJoin(148)) - 81ab00b2-2f95-4a2f-a7cf-2c0713c6a9d2@group-4CAAE4725CBC-StateMachineUpdater: set stopIndex = 0
2021-02-08 13:07:33,741 [81ab00b2-2f95-4a2f-a7cf-2c0713c6a9d2@group-4CAAE4725CBC-StateMachineUpdater] INFO  ratis.ContainerStateMachine (ContainerStateMachine.java:takeSnapshot(291)) - group-4CAAE4725CBC: Taking a snapshot at:(t:1, i:0) file /github/workspace/mnt/ozone/hadoop-ozone/integration-test/target/test-dir/MiniOzoneClusterImpl-489e5869-bfe0-4080-b73d-d7b53c96c8d8/datanode-4/data/ratis/d5abc75a-9b88-4f3d-b224-4caae4725cbc/sm/snapshot.1_0
2021-02-08 13:07:33,742 [81ab00b2-2f95-4a2f-a7cf-2c0713c6a9d2@group-4CAAE4725CBC-StateMachineUpdater] INFO  ratis.ContainerStateMachine (ContainerStateMachine.java:takeSnapshot(302)) - group-4CAAE4725CBC: Finished taking a snapshot at:(t:1, i:0) file:/github/workspace/mnt/ozone/hadoop-ozone/integration-test/target/test-dir/MiniOzoneClusterImpl-489e5869-bfe0-4080-b73d-d7b53c96c8d8/datanode-4/data/ratis/d5abc75a-9b88-4f3d-b224-4caae4725cbc/sm/snapshot.1_0 took: 1 ms
2021-02-08 13:07:33,742 [81ab00b2-2f95-4a2f-a7cf-2c0713c6a9d2@group-4CAAE4725CBC-StateMachineUpdater] INFO  impl.StateMachineUpdater (StateMachineUpdater.java:takeSnapshot(279)) - 81ab00b2-2f95-4a2f-a7cf-2c0713c6a9d2@group-4CAAE4725CBC-StateMachineUpdater: Took a snapshot at index 0
2021-02-08 13:07:33,742 [81ab00b2-2f95-4a2f-a7cf-2c0713c6a9d2@group-4CAAE4725CBC-StateMachineUpdater] INFO  impl.StateMachineUpdater (StateMachineUpdater.java:lambda$new$0(88)) - 81ab00b2-2f95-4a2f-a7cf-2c0713c6a9d2@group-4CAAE4725CBC-StateMachineUpdater: snapshotIndex: updateIncreasingly -1 -> 0
2021-02-08 13:07:33,743 [81ab00b2-2f95-4a2f-a7cf-2c0713c6a9d2@group-4CAAE4725CBC-StateMachineUpdater] INFO  metrics.RatisMetrics (RatisMetrics.java:unregister(43)) - Unregistering Metrics Registry : ratis.state_machine.81ab00b2-2f95-4a2f-a7cf-2c0713c6a9d2@group-4CAAE4725CBC
2021-02-08 13:07:33,743 [Listener at 127.0.0.1/38393] INFO  server.RaftServer$Division (ServerState.java:close(405)) - 81ab00b2-2f95-4a2f-a7cf-2c0713c6a9d2@group-4CAAE4725CBC: closes. applyIndex: 0
2021-02-08 13:07:33,743 [81ab00b2-2f95-4a2f-a7cf-2c0713c6a9d2@group-4CAAE4725CBC-SegmentedRaftLogWorker] INFO  segmented.SegmentedRaftLogWorker (SegmentedRaftLogWorker.java:run(326)) - 81ab00b2-2f95-4a2f-a7cf-2c0713c6a9d2@group-4CAAE4725CBC-SegmentedRaftLogWorker was interrupted, exiting. There are 0 tasks remaining in the queue.
2021-02-08 13:07:33,744 [76df9516-c5cc-44f1-9ecc-163502ad41b5@group-437EAFE741A7-StateMachineUpdater] INFO  ratis.ContainerStateMachine (ContainerStateMachine.java:takeSnapshot(291)) - group-437EAFE741A7: Taking a snapshot at:(t:1, i:0) file /github/workspace/mnt/ozone/hadoop-ozone/integration-test/target/test-dir/MiniOzoneClusterImpl-489e5869-bfe0-4080-b73d-d7b53c96c8d8/datanode-1/data/ratis/ac69dcba-67ec-453a-b871-437eafe741a7/sm/snapshot.1_0
2021-02-08 13:07:33,745 [Listener at 127.0.0.1/38393] INFO  segmented.SegmentedRaftLogWorker (SegmentedRaftLogWorker.java:close(236)) - 81ab00b2-2f95-4a2f-a7cf-2c0713c6a9d2@group-4CAAE4725CBC-SegmentedRaftLogWorker close()
2021-02-08 13:07:33,745 [76df9516-c5cc-44f1-9ecc-163502ad41b5@group-437EAFE741A7-StateMachineUpdater] INFO  ratis.ContainerStateMachine (ContainerStateMachine.java:takeSnapshot(302)) - group-437EAFE741A7: Finished taking a snapshot at:(t:1, i:0) file:/github/workspace/mnt/ozone/hadoop-ozone/integration-test/target/test-dir/MiniOzoneClusterImpl-489e5869-bfe0-4080-b73d-d7b53c96c8d8/datanode-1/data/ratis/ac69dcba-67ec-453a-b871-437eafe741a7/sm/snapshot.1_0 took: 2 ms
2021-02-08 13:07:33,757 [ForkJoinPool.commonPool-worker-0] INFO  impl.StateMachineUpdater (StateMachineUpdater.java:stopAndJoin(148)) - 76df9516-c5cc-44f1-9ecc-163502ad41b5@group-437EAFE741A7-StateMachineUpdater: set stopIndex = 0
2021-02-08 13:07:33,757 [Listener at 127.0.0.1/38393] INFO  metrics.RatisMetrics (RatisMetrics.java:unregister(43)) - Unregistering Metrics Registry : ratis.log_worker.81ab00b2-2f95-4a2f-a7cf-2c0713c6a9d2@group-4CAAE4725CBC
2021-02-08 13:07:33,757 [Listener at 127.0.0.1/38393] INFO  metrics.RatisMetrics (RatisMetrics.java:unregister(43)) - Unregistering Metrics Registry : ratis.leader_election.81ab00b2-2f95-4a2f-a7cf-2c0713c6a9d2@group-4CAAE4725CBC
2021-02-08 13:07:33,758 [Listener at 127.0.0.1/38393] INFO  metrics.RatisMetrics (RatisMetrics.java:unregister(43)) - Unregistering Metrics Registry : ratis.server.81ab00b2-2f95-4a2f-a7cf-2c0713c6a9d2@group-4CAAE4725CBC
2021-02-08 13:07:33,758 [Listener at 127.0.0.1/38393] INFO  server.RaftServer$Division (RaftServerImpl.java:lambda$close$4(406)) - 81ab00b2-2f95-4a2f-a7cf-2c0713c6a9d2@group-655D07119256: shutdown
2021-02-08 13:07:33,758 [Listener at 127.0.0.1/38393] INFO  util.JmxRegister (JmxRegister.java:unregister(73)) - Successfully un-registered JMX Bean with object name Ratis:service=RaftServer,group=group-655D07119256,id=81ab00b2-2f95-4a2f-a7cf-2c0713c6a9d2
2021-02-08 13:07:33,758 [Listener at 127.0.0.1/38393] INFO  impl.RoleInfo (RoleInfo.java:shutdownFollowerState(108)) - 81ab00b2-2f95-4a2f-a7cf-2c0713c6a9d2: shutdown 81ab00b2-2f95-4a2f-a7cf-2c0713c6a9d2@group-655D07119256-FollowerState
2021-02-08 13:07:33,758 [Listener at 127.0.0.1/38393] INFO  impl.StateMachineUpdater (StateMachineUpdater.java:stopAndJoin(148)) - 81ab00b2-2f95-4a2f-a7cf-2c0713c6a9d2@group-655D07119256-StateMachineUpdater: set stopIndex = 0
2021-02-08 13:07:33,757 [76df9516-c5cc-44f1-9ecc-163502ad41b5@group-437EAFE741A7-StateMachineUpdater] INFO  impl.StateMachineUpdater (StateMachineUpdater.java:takeSnapshot(279)) - 76df9516-c5cc-44f1-9ecc-163502ad41b5@group-437EAFE741A7-StateMachineUpdater: Took a snapshot at index 0
2021-02-08 13:07:33,758 [76df9516-c5cc-44f1-9ecc-163502ad41b5@group-437EAFE741A7-StateMachineUpdater] INFO  impl.StateMachineUpdater (StateMachineUpdater.java:lambda$new$0(88)) - 76df9516-c5cc-44f1-9ecc-163502ad41b5@group-437EAFE741A7-StateMachineUpdater: snapshotIndex: updateIncreasingly -1 -> 0
2021-02-08 13:07:33,758 [81ab00b2-2f95-4a2f-a7cf-2c0713c6a9d2@group-655D07119256-StateMachineUpdater] INFO  ratis.ContainerStateMachine (ContainerStateMachine.java:takeSnapshot(291)) - group-655D07119256: Taking a snapshot at:(t:2, i:0) file /github/workspace/mnt/ozone/hadoop-ozone/integration-test/target/test-dir/MiniOzoneClusterImpl-489e5869-bfe0-4080-b73d-d7b53c96c8d8/datanode-4/data/ratis/0d252d6c-e75d-41e6-bbb0-655d07119256/sm/snapshot.2_0
2021-02-08 13:07:33,758 [Thread-818] INFO  impl.FollowerState (FollowerState.java:run(142)) - 81ab00b2-2f95-4a2f-a7cf-2c0713c6a9d2@group-655D07119256-FollowerState was interrupted: {}
java.lang.InterruptedException: sleep interrupted
	at java.lang.Thread.sleep(Native Method)
	at java.lang.Thread.sleep(Thread.java:340)
	at java.util.concurrent.TimeUnit.sleep(TimeUnit.java:386)
	at org.apache.ratis.util.TimeDuration.sleep(TimeDuration.java:324)
	at org.apache.ratis.util.TimeDuration.sleep(TimeDuration.java:309)
	at org.apache.ratis.server.impl.FollowerState.run(FollowerState.java:117)
2021-02-08 13:07:33,759 [81ab00b2-2f95-4a2f-a7cf-2c0713c6a9d2@group-655D07119256-StateMachineUpdater] INFO  ratis.ContainerStateMachine (ContainerStateMachine.java:takeSnapshot(302)) - group-655D07119256: Finished taking a snapshot at:(t:2, i:0) file:/github/workspace/mnt/ozone/hadoop-ozone/integration-test/target/test-dir/MiniOzoneClusterImpl-489e5869-bfe0-4080-b73d-d7b53c96c8d8/datanode-4/data/ratis/0d252d6c-e75d-41e6-bbb0-655d07119256/sm/snapshot.2_0 took: 1 ms
2021-02-08 13:07:33,759 [81ab00b2-2f95-4a2f-a7cf-2c0713c6a9d2@group-655D07119256-StateMachineUpdater] INFO  impl.StateMachineUpdater (StateMachineUpdater.java:takeSnapshot(279)) - 81ab00b2-2f95-4a2f-a7cf-2c0713c6a9d2@group-655D07119256-StateMachineUpdater: Took a snapshot at index 0
2021-02-08 13:07:33,759 [81ab00b2-2f95-4a2f-a7cf-2c0713c6a9d2@group-655D07119256-StateMachineUpdater] INFO  impl.StateMachineUpdater (StateMachineUpdater.java:lambda$new$0(88)) - 81ab00b2-2f95-4a2f-a7cf-2c0713c6a9d2@group-655D07119256-StateMachineUpdater: snapshotIndex: updateIncreasingly -1 -> 0
2021-02-08 13:07:33,787 [81ab00b2-2f95-4a2f-a7cf-2c0713c6a9d2@group-655D07119256-StateMachineUpdater] INFO  metrics.RatisMetrics (RatisMetrics.java:unregister(43)) - Unregistering Metrics Registry : ratis.state_machine.81ab00b2-2f95-4a2f-a7cf-2c0713c6a9d2@group-655D07119256
2021-02-08 13:07:33,788 [76df9516-c5cc-44f1-9ecc-163502ad41b5@group-437EAFE741A7-StateMachineUpdater] INFO  metrics.RatisMetrics (RatisMetrics.java:unregister(43)) - Unregistering Metrics Registry : ratis.state_machine.76df9516-c5cc-44f1-9ecc-163502ad41b5@group-437EAFE741A7
2021-02-08 13:07:33,788 [ForkJoinPool.commonPool-worker-0] INFO  server.RaftServer$Division (ServerState.java:close(405)) - 76df9516-c5cc-44f1-9ecc-163502ad41b5@group-437EAFE741A7: closes. applyIndex: 0
2021-02-08 13:07:33,788 [76df9516-c5cc-44f1-9ecc-163502ad41b5@group-437EAFE741A7-SegmentedRaftLogWorker] INFO  segmented.SegmentedRaftLogWorker (SegmentedRaftLogWorker.java:run(326)) - 76df9516-c5cc-44f1-9ecc-163502ad41b5@group-437EAFE741A7-SegmentedRaftLogWorker was interrupted, exiting. There are 0 tasks remaining in the queue.
2021-02-08 13:07:33,789 [ForkJoinPool.commonPool-worker-0] INFO  segmented.SegmentedRaftLogWorker (SegmentedRaftLogWorker.java:close(236)) - 76df9516-c5cc-44f1-9ecc-163502ad41b5@group-437EAFE741A7-SegmentedRaftLogWorker close()
2021-02-08 13:07:33,790 [Listener at 127.0.0.1/38393] INFO  server.RaftServer$Division (ServerState.java:close(405)) - 81ab00b2-2f95-4a2f-a7cf-2c0713c6a9d2@group-655D07119256: closes. applyIndex: 0
2021-02-08 13:07:33,791 [ForkJoinPool.commonPool-worker-0] INFO  metrics.RatisMetrics (RatisMetrics.java:unregister(43)) - Unregistering Metrics Registry : ratis.log_worker.76df9516-c5cc-44f1-9ecc-163502ad41b5@group-437EAFE741A7
2021-02-08 13:07:33,798 [ForkJoinPool.commonPool-worker-0] INFO  metrics.RatisMetrics (RatisMetrics.java:unregister(43)) - Unregistering Metrics Registry : ratis.leader_election.76df9516-c5cc-44f1-9ecc-163502ad41b5@group-437EAFE741A7
2021-02-08 13:07:33,798 [ForkJoinPool.commonPool-worker-0] INFO  metrics.RatisMetrics (RatisMetrics.java:unregister(43)) - Unregistering Metrics Registry : ratis.server.76df9516-c5cc-44f1-9ecc-163502ad41b5@group-437EAFE741A7
2021-02-08 13:07:33,799 [ForkJoinPool.commonPool-worker-0] INFO  server.RaftServer$Division (RaftServerImpl.java:lambda$close$4(406)) - 76df9516-c5cc-44f1-9ecc-163502ad41b5@group-CB02C2DB3C87: shutdown
2021-02-08 13:07:33,799 [ForkJoinPool.commonPool-worker-0] INFO  util.JmxRegister (JmxRegister.java:unregister(73)) - Successfully un-registered JMX Bean with object name Ratis:service=RaftServer,group=group-CB02C2DB3C87,id=76df9516-c5cc-44f1-9ecc-163502ad41b5
2021-02-08 13:07:33,799 [ForkJoinPool.commonPool-worker-0] INFO  impl.RoleInfo (RoleInfo.java:shutdownFollowerState(108)) - 76df9516-c5cc-44f1-9ecc-163502ad41b5: shutdown 76df9516-c5cc-44f1-9ecc-163502ad41b5@group-CB02C2DB3C87-FollowerState
2021-02-08 13:07:33,799 [ForkJoinPool.commonPool-worker-0] INFO  impl.StateMachineUpdater (StateMachineUpdater.java:stopAndJoin(148)) - 76df9516-c5cc-44f1-9ecc-163502ad41b5@group-CB02C2DB3C87-StateMachineUpdater: set stopIndex = 2
2021-02-08 13:07:33,799 [81ab00b2-2f95-4a2f-a7cf-2c0713c6a9d2@group-655D07119256-SegmentedRaftLogWorker] INFO  segmented.SegmentedRaftLogWorker (SegmentedRaftLogWorker.java:run(326)) - 81ab00b2-2f95-4a2f-a7cf-2c0713c6a9d2@group-655D07119256-SegmentedRaftLogWorker was interrupted, exiting. There are 0 tasks remaining in the queue.
2021-02-08 13:07:33,799 [76df9516-c5cc-44f1-9ecc-163502ad41b5@group-CB02C2DB3C87-StateMachineUpdater] INFO  ratis.ContainerStateMachine (ContainerStateMachine.java:takeSnapshot(291)) - group-CB02C2DB3C87: Taking a snapshot at:(t:3, i:2) file /github/workspace/mnt/ozone/hadoop-ozone/integration-test/target/test-dir/MiniOzoneClusterImpl-489e5869-bfe0-4080-b73d-d7b53c96c8d8/datanode-1/data/ratis/a11de40c-9c50-46d9-a87a-cb02c2db3c87/sm/snapshot.3_2
2021-02-08 13:07:33,799 [Thread-786] INFO  impl.FollowerState (FollowerState.java:run(142)) - 76df9516-c5cc-44f1-9ecc-163502ad41b5@group-CB02C2DB3C87-FollowerState was interrupted: {}
java.lang.InterruptedException: sleep interrupted
	at java.lang.Thread.sleep(Native Method)
	at java.lang.Thread.sleep(Thread.java:340)
	at java.util.concurrent.TimeUnit.sleep(TimeUnit.java:386)
	at org.apache.ratis.util.TimeDuration.sleep(TimeDuration.java:324)
	at org.apache.ratis.util.TimeDuration.sleep(TimeDuration.java:309)
	at org.apache.ratis.server.impl.FollowerState.run(FollowerState.java:117)
2021-02-08 13:07:33,800 [76df9516-c5cc-44f1-9ecc-163502ad41b5@group-CB02C2DB3C87-StateMachineUpdater] INFO  ratis.ContainerStateMachine (ContainerStateMachine.java:takeSnapshot(302)) - group-CB02C2DB3C87: Finished taking a snapshot at:(t:3, i:2) file:/github/workspace/mnt/ozone/hadoop-ozone/integration-test/target/test-dir/MiniOzoneClusterImpl-489e5869-bfe0-4080-b73d-d7b53c96c8d8/datanode-1/data/ratis/a11de40c-9c50-46d9-a87a-cb02c2db3c87/sm/snapshot.3_2 took: 0 ms
2021-02-08 13:07:33,800 [76df9516-c5cc-44f1-9ecc-163502ad41b5@group-CB02C2DB3C87-StateMachineUpdater] INFO  impl.StateMachineUpdater (StateMachineUpdater.java:takeSnapshot(279)) - 76df9516-c5cc-44f1-9ecc-163502ad41b5@group-CB02C2DB3C87-StateMachineUpdater: Took a snapshot at index 2
2021-02-08 13:07:33,800 [76df9516-c5cc-44f1-9ecc-163502ad41b5@group-CB02C2DB3C87-StateMachineUpdater] INFO  impl.StateMachineUpdater (StateMachineUpdater.java:lambda$new$0(88)) - 76df9516-c5cc-44f1-9ecc-163502ad41b5@group-CB02C2DB3C87-StateMachineUpdater: snapshotIndex: updateIncreasingly -1 -> 2
2021-02-08 13:07:33,800 [76df9516-c5cc-44f1-9ecc-163502ad41b5@group-CB02C2DB3C87-StateMachineUpdater] INFO  metrics.RatisMetrics (RatisMetrics.java:unregister(43)) - Unregistering Metrics Registry : ratis.state_machine.76df9516-c5cc-44f1-9ecc-163502ad41b5@group-CB02C2DB3C87
2021-02-08 13:07:33,800 [ForkJoinPool.commonPool-worker-0] INFO  server.RaftServer$Division (ServerState.java:close(405)) - 76df9516-c5cc-44f1-9ecc-163502ad41b5@group-CB02C2DB3C87: closes. applyIndex: 2
2021-02-08 13:07:33,801 [Listener at 127.0.0.1/38393] INFO  segmented.SegmentedRaftLogWorker (SegmentedRaftLogWorker.java:close(236)) - 81ab00b2-2f95-4a2f-a7cf-2c0713c6a9d2@group-655D07119256-SegmentedRaftLogWorker close()
2021-02-08 13:07:33,801 [76df9516-c5cc-44f1-9ecc-163502ad41b5@group-CB02C2DB3C87-SegmentedRaftLogWorker] INFO  segmented.SegmentedRaftLogWorker (SegmentedRaftLogWorker.java:run(326)) - 76df9516-c5cc-44f1-9ecc-163502ad41b5@group-CB02C2DB3C87-SegmentedRaftLogWorker was interrupted, exiting. There are 0 tasks remaining in the queue.
2021-02-08 13:07:33,802 [ForkJoinPool.commonPool-worker-0] INFO  segmented.SegmentedRaftLogWorker (SegmentedRaftLogWorker.java:close(236)) - 76df9516-c5cc-44f1-9ecc-163502ad41b5@group-CB02C2DB3C87-SegmentedRaftLogWorker close()
2021-02-08 13:07:33,802 [Listener at 127.0.0.1/38393] INFO  metrics.RatisMetrics (RatisMetrics.java:unregister(43)) - Unregistering Metrics Registry : ratis.log_worker.81ab00b2-2f95-4a2f-a7cf-2c0713c6a9d2@group-655D07119256
2021-02-08 13:07:33,802 [Listener at 127.0.0.1/38393] INFO  metrics.RatisMetrics (RatisMetrics.java:unregister(43)) - Unregistering Metrics Registry : ratis.leader_election.81ab00b2-2f95-4a2f-a7cf-2c0713c6a9d2@group-655D07119256
2021-02-08 13:07:33,803 [Listener at 127.0.0.1/38393] INFO  metrics.RatisMetrics (RatisMetrics.java:unregister(43)) - Unregistering Metrics Registry : ratis.server.81ab00b2-2f95-4a2f-a7cf-2c0713c6a9d2@group-655D07119256
2021-02-08 13:07:33,803 [Listener at 127.0.0.1/38393] INFO  server.RaftServer$Division (RaftServerImpl.java:lambda$close$4(406)) - 81ab00b2-2f95-4a2f-a7cf-2c0713c6a9d2@group-F2089C8F114B: shutdown
2021-02-08 13:07:33,803 [Listener at 127.0.0.1/38393] INFO  util.JmxRegister (JmxRegister.java:unregister(73)) - Successfully un-registered JMX Bean with object name Ratis:service=RaftServer,group=group-F2089C8F114B,id=81ab00b2-2f95-4a2f-a7cf-2c0713c6a9d2
2021-02-08 13:07:33,803 [Listener at 127.0.0.1/38393] INFO  impl.RoleInfo (RoleInfo.java:shutdownFollowerState(108)) - 81ab00b2-2f95-4a2f-a7cf-2c0713c6a9d2: shutdown 81ab00b2-2f95-4a2f-a7cf-2c0713c6a9d2@group-F2089C8F114B-FollowerState
2021-02-08 13:07:33,803 [Listener at 127.0.0.1/38393] INFO  impl.StateMachineUpdater (StateMachineUpdater.java:stopAndJoin(148)) - 81ab00b2-2f95-4a2f-a7cf-2c0713c6a9d2@group-F2089C8F114B-StateMachineUpdater: set stopIndex = 0
2021-02-08 13:07:33,803 [Thread-804] INFO  impl.FollowerState (FollowerState.java:run(142)) - 81ab00b2-2f95-4a2f-a7cf-2c0713c6a9d2@group-F2089C8F114B-FollowerState was interrupted: {}
java.lang.InterruptedException: sleep interrupted
	at java.lang.Thread.sleep(Native Method)
	at java.lang.Thread.sleep(Thread.java:340)
	at java.util.concurrent.TimeUnit.sleep(TimeUnit.java:386)
	at org.apache.ratis.util.TimeDuration.sleep(TimeDuration.java:324)
	at org.apache.ratis.util.TimeDuration.sleep(TimeDuration.java:309)
	at org.apache.ratis.server.impl.FollowerState.run(FollowerState.java:117)
2021-02-08 13:07:33,804 [81ab00b2-2f95-4a2f-a7cf-2c0713c6a9d2@group-F2089C8F114B-StateMachineUpdater] INFO  ratis.ContainerStateMachine (ContainerStateMachine.java:takeSnapshot(291)) - group-F2089C8F114B: Taking a snapshot at:(t:2, i:0) file /github/workspace/mnt/ozone/hadoop-ozone/integration-test/target/test-dir/MiniOzoneClusterImpl-489e5869-bfe0-4080-b73d-d7b53c96c8d8/datanode-4/data/ratis/a13e55f8-f91e-44ff-ac34-f2089c8f114b/sm/snapshot.2_0
2021-02-08 13:07:33,804 [ForkJoinPool.commonPool-worker-0] INFO  metrics.RatisMetrics (RatisMetrics.java:unregister(43)) - Unregistering Metrics Registry : ratis.log_worker.76df9516-c5cc-44f1-9ecc-163502ad41b5@group-CB02C2DB3C87
2021-02-08 13:07:33,805 [ForkJoinPool.commonPool-worker-0] INFO  metrics.RatisMetrics (RatisMetrics.java:unregister(43)) - Unregistering Metrics Registry : ratis.leader_election.76df9516-c5cc-44f1-9ecc-163502ad41b5@group-CB02C2DB3C87
2021-02-08 13:07:33,805 [ForkJoinPool.commonPool-worker-0] INFO  metrics.RatisMetrics (RatisMetrics.java:unregister(43)) - Unregistering Metrics Registry : ratis.server.76df9516-c5cc-44f1-9ecc-163502ad41b5@group-CB02C2DB3C87
2021-02-08 13:07:33,805 [ForkJoinPool.commonPool-worker-0] INFO  server.RaftServer$Division (RaftServerImpl.java:lambda$close$4(406)) - 76df9516-c5cc-44f1-9ecc-163502ad41b5@group-A9061CC89C88: shutdown
2021-02-08 13:07:33,805 [ForkJoinPool.commonPool-worker-0] INFO  util.JmxRegister (JmxRegister.java:unregister(73)) - Successfully un-registered JMX Bean with object name Ratis:service=RaftServer,group=group-A9061CC89C88,id=76df9516-c5cc-44f1-9ecc-163502ad41b5
2021-02-08 13:07:33,805 [ForkJoinPool.commonPool-worker-0] INFO  impl.RoleInfo (RoleInfo.java:shutdownLeaderState(91)) - 76df9516-c5cc-44f1-9ecc-163502ad41b5: shutdown 76df9516-c5cc-44f1-9ecc-163502ad41b5@group-A9061CC89C88-LeaderStateImpl
2021-02-08 13:07:33,805 [ForkJoinPool.commonPool-worker-0] INFO  metrics.RatisMetrics (RatisMetrics.java:unregister(43)) - Unregistering Metrics Registry : ratis_grpc.log_appender.76df9516-c5cc-44f1-9ecc-163502ad41b5@group-A9061CC89C88
2021-02-08 13:07:33,805 [ForkJoinPool.commonPool-worker-0] INFO  metrics.RatisMetrics (RatisMetrics.java:unregister(43)) - Unregistering Metrics Registry : ratis_grpc.log_appender.76df9516-c5cc-44f1-9ecc-163502ad41b5@group-A9061CC89C88
2021-02-08 13:07:33,805 [76df9516-c5cc-44f1-9ecc-163502ad41b5@group-A9061CC89C88->fc0eeb26-f5a4-40eb-8987-0eeb9e81290f-GrpcLogAppender-LogAppenderDaemon] WARN  server.GrpcLogAppender (GrpcLogAppender.java:mayWait(175)) - 76df9516-c5cc-44f1-9ecc-163502ad41b5@group-A9061CC89C88->fc0eeb26-f5a4-40eb-8987-0eeb9e81290f-GrpcLogAppender: Wait interrupted by java.lang.InterruptedException
2021-02-08 13:07:33,805 [ForkJoinPool.commonPool-worker-0] INFO  impl.PendingRequests (PendingRequests.java:sendNotLeaderResponses(249)) - 76df9516-c5cc-44f1-9ecc-163502ad41b5@group-A9061CC89C88-PendingRequests: sendNotLeaderResponses
2021-02-08 13:07:33,806 [ForkJoinPool.commonPool-worker-0] INFO  metrics.RatisMetrics (RatisMetrics.java:unregister(43)) - Unregistering Metrics Registry : ratis.log_appender.76df9516-c5cc-44f1-9ecc-163502ad41b5@group-A9061CC89C88
2021-02-08 13:07:33,806 [ForkJoinPool.commonPool-worker-0] INFO  metrics.RatisMetrics (RatisMetrics.java:unregister(43)) - Unregistering Metrics Registry : ratis.server.76df9516-c5cc-44f1-9ecc-163502ad41b5@group-A9061CC89C88
2021-02-08 13:07:33,806 [grpc-default-executor-2] INFO  server.GrpcServerProtocolService (GrpcServerProtocolService.java:onCompleted(138)) - fc0eeb26-f5a4-40eb-8987-0eeb9e81290f: Completed APPEND_ENTRIES, lastRequest: 76df9516-c5cc-44f1-9ecc-163502ad41b5->fc0eeb26-f5a4-40eb-8987-0eeb9e81290f#1-t1,previous=(t:0, i:0),leaderCommit=-1,initializing? true,entries: size=1, first=(t:1, i:0), CONFIGURATIONENTRY
2021-02-08 13:07:33,806 [76df9516-c5cc-44f1-9ecc-163502ad41b5@group-A9061CC89C88->61a3106f-4412-450d-ae4e-54e9a62c2593-GrpcLogAppender-LogAppenderDaemon] WARN  server.GrpcLogAppender (GrpcLogAppender.java:mayWait(175)) - 76df9516-c5cc-44f1-9ecc-163502ad41b5@group-A9061CC89C88->61a3106f-4412-450d-ae4e-54e9a62c2593-GrpcLogAppender: Wait interrupted by java.lang.InterruptedException
2021-02-08 13:07:33,807 [grpc-default-executor-0] INFO  server.GrpcLogAppender (GrpcLogAppender.java:onCompleted(344)) - 76df9516-c5cc-44f1-9ecc-163502ad41b5@group-A9061CC89C88->fc0eeb26-f5a4-40eb-8987-0eeb9e81290f-AppendLogResponseHandler: follower responses appendEntries COMPLETED
2021-02-08 13:07:33,807 [grpc-default-executor-0] INFO  leader.FollowerInfo (FollowerInfoImpl.java:lambda$new$0(46)) - 76df9516-c5cc-44f1-9ecc-163502ad41b5@group-A9061CC89C88->fc0eeb26-f5a4-40eb-8987-0eeb9e81290f: nextIndex: updateUnconditionally 1 -> 0
2021-02-08 13:07:33,809 [grpc-default-executor-5] INFO  server.GrpcServerProtocolService (GrpcServerProtocolService.java:onCompleted(138)) - 61a3106f-4412-450d-ae4e-54e9a62c2593: Completed APPEND_ENTRIES, lastRequest: 76df9516-c5cc-44f1-9ecc-163502ad41b5->61a3106f-4412-450d-ae4e-54e9a62c2593#1-t1,previous=(t:0, i:0),leaderCommit=0,initializing? true,entries: size=1, first=(t:1, i:0), CONFIGURATIONENTRY
2021-02-08 13:07:33,809 [grpc-default-executor-5] INFO  server.GrpcLogAppender (GrpcLogAppender.java:onCompleted(344)) - 76df9516-c5cc-44f1-9ecc-163502ad41b5@group-A9061CC89C88->61a3106f-4412-450d-ae4e-54e9a62c2593-AppendLogResponseHandler: follower responses appendEntries COMPLETED
2021-02-08 13:07:33,810 [grpc-default-executor-5] INFO  leader.FollowerInfo (FollowerInfoImpl.java:lambda$new$0(46)) - 76df9516-c5cc-44f1-9ecc-163502ad41b5@group-A9061CC89C88->61a3106f-4412-450d-ae4e-54e9a62c2593: nextIndex: updateUnconditionally 1 -> 0
2021-02-08 13:07:33,812 [ForkJoinPool.commonPool-worker-0] INFO  impl.StateMachineUpdater (StateMachineUpdater.java:stopAndJoin(148)) - 76df9516-c5cc-44f1-9ecc-163502ad41b5@group-A9061CC89C88-StateMachineUpdater: set stopIndex = 0
2021-02-08 13:07:33,812 [76df9516-c5cc-44f1-9ecc-163502ad41b5@group-A9061CC89C88-StateMachineUpdater] INFO  ratis.ContainerStateMachine (ContainerStateMachine.java:takeSnapshot(291)) - group-A9061CC89C88: Taking a snapshot at:(t:1, i:0) file /github/workspace/mnt/ozone/hadoop-ozone/integration-test/target/test-dir/MiniOzoneClusterImpl-489e5869-bfe0-4080-b73d-d7b53c96c8d8/datanode-1/data/ratis/d16511c0-ad72-4a36-9e78-a9061cc89c88/sm/snapshot.1_0
2021-02-08 13:07:33,812 [81ab00b2-2f95-4a2f-a7cf-2c0713c6a9d2@group-F2089C8F114B-StateMachineUpdater] INFO  ratis.ContainerStateMachine (ContainerStateMachine.java:takeSnapshot(302)) - group-F2089C8F114B: Finished taking a snapshot at:(t:2, i:0) file:/github/workspace/mnt/ozone/hadoop-ozone/integration-test/target/test-dir/MiniOzoneClusterImpl-489e5869-bfe0-4080-b73d-d7b53c96c8d8/datanode-4/data/ratis/a13e55f8-f91e-44ff-ac34-f2089c8f114b/sm/snapshot.2_0 took: 9 ms
2021-02-08 13:07:33,812 [81ab00b2-2f95-4a2f-a7cf-2c0713c6a9d2@group-F2089C8F114B-StateMachineUpdater] INFO  impl.StateMachineUpdater (StateMachineUpdater.java:takeSnapshot(279)) - 81ab00b2-2f95-4a2f-a7cf-2c0713c6a9d2@group-F2089C8F114B-StateMachineUpdater: Took a snapshot at index 0
2021-02-08 13:07:33,812 [81ab00b2-2f95-4a2f-a7cf-2c0713c6a9d2@group-F2089C8F114B-StateMachineUpdater] INFO  impl.StateMachineUpdater (StateMachineUpdater.java:lambda$new$0(88)) - 81ab00b2-2f95-4a2f-a7cf-2c0713c6a9d2@group-F2089C8F114B-StateMachineUpdater: snapshotIndex: updateIncreasingly -1 -> 0
2021-02-08 13:07:33,813 [81ab00b2-2f95-4a2f-a7cf-2c0713c6a9d2@group-F2089C8F114B-StateMachineUpdater] INFO  metrics.RatisMetrics (RatisMetrics.java:unregister(43)) - Unregistering Metrics Registry : ratis.state_machine.81ab00b2-2f95-4a2f-a7cf-2c0713c6a9d2@group-F2089C8F114B
2021-02-08 13:07:33,813 [Listener at 127.0.0.1/38393] INFO  server.RaftServer$Division (ServerState.java:close(405)) - 81ab00b2-2f95-4a2f-a7cf-2c0713c6a9d2@group-F2089C8F114B: closes. applyIndex: 0
2021-02-08 13:07:33,813 [76df9516-c5cc-44f1-9ecc-163502ad41b5@group-A9061CC89C88-StateMachineUpdater] INFO  ratis.ContainerStateMachine (ContainerStateMachine.java:takeSnapshot(302)) - group-A9061CC89C88: Finished taking a snapshot at:(t:1, i:0) file:/github/workspace/mnt/ozone/hadoop-ozone/integration-test/target/test-dir/MiniOzoneClusterImpl-489e5869-bfe0-4080-b73d-d7b53c96c8d8/datanode-1/data/ratis/d16511c0-ad72-4a36-9e78-a9061cc89c88/sm/snapshot.1_0 took: 1 ms
2021-02-08 13:07:33,813 [81ab00b2-2f95-4a2f-a7cf-2c0713c6a9d2@group-F2089C8F114B-SegmentedRaftLogWorker] INFO  segmented.SegmentedRaftLogWorker (SegmentedRaftLogWorker.java:run(326)) - 81ab00b2-2f95-4a2f-a7cf-2c0713c6a9d2@group-F2089C8F114B-SegmentedRaftLogWorker was interrupted, exiting. There are 0 tasks remaining in the queue.
2021-02-08 13:07:33,813 [76df9516-c5cc-44f1-9ecc-163502ad41b5@group-A9061CC89C88-StateMachineUpdater] INFO  impl.StateMachineUpdater (StateMachineUpdater.java:takeSnapshot(279)) - 76df9516-c5cc-44f1-9ecc-163502ad41b5@group-A9061CC89C88-StateMachineUpdater: Took a snapshot at index 0
2021-02-08 13:07:33,813 [76df9516-c5cc-44f1-9ecc-163502ad41b5@group-A9061CC89C88-StateMachineUpdater] INFO  impl.StateMachineUpdater (StateMachineUpdater.java:lambda$new$0(88)) - 76df9516-c5cc-44f1-9ecc-163502ad41b5@group-A9061CC89C88-StateMachineUpdater: snapshotIndex: updateIncreasingly -1 -> 0
2021-02-08 13:07:33,814 [76df9516-c5cc-44f1-9ecc-163502ad41b5@group-A9061CC89C88-StateMachineUpdater] INFO  metrics.RatisMetrics (RatisMetrics.java:unregister(43)) - Unregistering Metrics Registry : ratis.state_machine.76df9516-c5cc-44f1-9ecc-163502ad41b5@group-A9061CC89C88
2021-02-08 13:07:33,818 [Listener at 127.0.0.1/38393] INFO  segmented.SegmentedRaftLogWorker (SegmentedRaftLogWorker.java:close(236)) - 81ab00b2-2f95-4a2f-a7cf-2c0713c6a9d2@group-F2089C8F114B-SegmentedRaftLogWorker close()
2021-02-08 13:07:33,818 [ForkJoinPool.commonPool-worker-0] INFO  server.RaftServer$Division (ServerState.java:close(405)) - 76df9516-c5cc-44f1-9ecc-163502ad41b5@group-A9061CC89C88: closes. applyIndex: 0
2021-02-08 13:07:33,818 [76df9516-c5cc-44f1-9ecc-163502ad41b5@group-A9061CC89C88-SegmentedRaftLogWorker] INFO  segmented.SegmentedRaftLogWorker (SegmentedRaftLogWorker.java:run(326)) - 76df9516-c5cc-44f1-9ecc-163502ad41b5@group-A9061CC89C88-SegmentedRaftLogWorker was interrupted, exiting. There are 0 tasks remaining in the queue.
2021-02-08 13:07:33,819 [Listener at 127.0.0.1/38393] INFO  metrics.RatisMetrics (RatisMetrics.java:unregister(43)) - Unregistering Metrics Registry : ratis.log_worker.81ab00b2-2f95-4a2f-a7cf-2c0713c6a9d2@group-F2089C8F114B
2021-02-08 13:07:33,819 [Listener at 127.0.0.1/38393] INFO  metrics.RatisMetrics (RatisMetrics.java:unregister(43)) - Unregistering Metrics Registry : ratis.leader_election.81ab00b2-2f95-4a2f-a7cf-2c0713c6a9d2@group-F2089C8F114B
2021-02-08 13:07:33,819 [Listener at 127.0.0.1/38393] INFO  metrics.RatisMetrics (RatisMetrics.java:unregister(43)) - Unregistering Metrics Registry : ratis.server.81ab00b2-2f95-4a2f-a7cf-2c0713c6a9d2@group-F2089C8F114B
2021-02-08 13:07:33,819 [Listener at 127.0.0.1/38393] INFO  server.GrpcService (GrpcService.java:closeImpl(262)) - 81ab00b2-2f95-4a2f-a7cf-2c0713c6a9d2: shutdown server with port 43993 now
2021-02-08 13:07:33,820 [ForkJoinPool.commonPool-worker-0] INFO  segmented.SegmentedRaftLogWorker (SegmentedRaftLogWorker.java:close(236)) - 76df9516-c5cc-44f1-9ecc-163502ad41b5@group-A9061CC89C88-SegmentedRaftLogWorker close()
2021-02-08 13:07:33,821 [grpc-default-executor-2] WARN  server.GrpcServerProtocolService (LogUtils.java:warn(122)) - 81ab00b2-2f95-4a2f-a7cf-2c0713c6a9d2: installSnapshot onError, lastRequest: 2b6c692d-bd16-4e2f-be54-cf6999516ba1->81ab00b2-2f95-4a2f-a7cf-2c0713c6a9d2#1-t2,previous=(t:0, i:0),leaderCommit=-1,initializing? true,entries: size=1, first=(t:2, i:0), CONFIGURATIONENTRY: org.apache.ratis.thirdparty.io.grpc.StatusRuntimeException: CANCELLED: client cancelled
2021-02-08 13:07:33,821 [grpc-default-executor-5] WARN  server.GrpcLogAppender (LogUtils.java:warn(122)) - 2b6c692d-bd16-4e2f-be54-cf6999516ba1@group-655D07119256->81ab00b2-2f95-4a2f-a7cf-2c0713c6a9d2-AppendLogResponseHandler: Failed appendEntries: org.apache.ratis.thirdparty.io.grpc.StatusRuntimeException: CANCELLED: HTTP/2 error code: CANCEL
Received Rst Stream
2021-02-08 13:07:33,821 [grpc-default-executor-5] WARN  server.GrpcLogAppender (GrpcLogAppender.java:resetClient(111)) - 2b6c692d-bd16-4e2f-be54-cf6999516ba1@group-655D07119256->81ab00b2-2f95-4a2f-a7cf-2c0713c6a9d2-GrpcLogAppender: Leader has not got in touch with Follower 2b6c692d-bd16-4e2f-be54-cf6999516ba1@group-655D07119256->81ab00b2-2f95-4a2f-a7cf-2c0713c6a9d2(c0,m0,n1, attendVote=true, lastRpcSendTime=1502, lastRpcResponseTime=1500) yet, just keep nextIndex unchanged and retry.
2021-02-08 13:07:33,821 [Listener at 127.0.0.1/38393] INFO  server.GrpcService (GrpcService.java:closeImpl(271)) - 81ab00b2-2f95-4a2f-a7cf-2c0713c6a9d2: shutdown server with port 43993 successfully
2021-02-08 13:07:33,822 [org.apache.ratis.util.JvmPauseMonitor$$Lambda$504/1698180828@754dcd00] INFO  util.JvmPauseMonitor (JvmPauseMonitor.java:run(109)) - JvmPauseMonitor-81ab00b2-2f95-4a2f-a7cf-2c0713c6a9d2: Stopped
2021-02-08 13:07:33,822 [grpc-default-executor-0] WARN  server.GrpcServerProtocolService (LogUtils.java:warn(122)) - 81ab00b2-2f95-4a2f-a7cf-2c0713c6a9d2: installSnapshot onError, lastRequest: 2534f833-6bfe-45b3-bb55-3e90c3f01f9c->81ab00b2-2f95-4a2f-a7cf-2c0713c6a9d2#1-t2,previous=(t:0, i:0),leaderCommit=0,initializing? true,entries: size=1, first=(t:2, i:0), CONFIGURATIONENTRY: org.apache.ratis.thirdparty.io.grpc.StatusRuntimeException: CANCELLED: client cancelled
2021-02-08 13:07:33,822 [grpc-default-executor-5] WARN  server.GrpcLogAppender (LogUtils.java:warn(122)) - 2534f833-6bfe-45b3-bb55-3e90c3f01f9c@group-F2089C8F114B->81ab00b2-2f95-4a2f-a7cf-2c0713c6a9d2-AppendLogResponseHandler: Failed appendEntries: org.apache.ratis.thirdparty.io.grpc.StatusRuntimeException: CANCELLED: HTTP/2 error code: CANCEL
Received Rst Stream
2021-02-08 13:07:33,822 [grpc-default-executor-5] WARN  server.GrpcLogAppender (GrpcLogAppender.java:resetClient(111)) - 2534f833-6bfe-45b3-bb55-3e90c3f01f9c@group-F2089C8F114B->81ab00b2-2f95-4a2f-a7cf-2c0713c6a9d2-GrpcLogAppender: Leader has not got in touch with Follower 2534f833-6bfe-45b3-bb55-3e90c3f01f9c@group-F2089C8F114B->81ab00b2-2f95-4a2f-a7cf-2c0713c6a9d2(c0,m0,n1, attendVote=true, lastRpcSendTime=1599, lastRpcResponseTime=1597) yet, just keep nextIndex unchanged and retry.
2021-02-08 13:07:33,827 [ForkJoinPool.commonPool-worker-0] INFO  metrics.RatisMetrics (RatisMetrics.java:unregister(43)) - Unregistering Metrics Registry : ratis.log_worker.76df9516-c5cc-44f1-9ecc-163502ad41b5@group-A9061CC89C88
2021-02-08 13:07:33,827 [ForkJoinPool.commonPool-worker-0] INFO  metrics.RatisMetrics (RatisMetrics.java:unregister(43)) - Unregistering Metrics Registry : ratis.leader_election.76df9516-c5cc-44f1-9ecc-163502ad41b5@group-A9061CC89C88
2021-02-08 13:07:33,828 [ForkJoinPool.commonPool-worker-0] INFO  metrics.RatisMetrics (RatisMetrics.java:unregister(43)) - Unregistering Metrics Registry : ratis.server.76df9516-c5cc-44f1-9ecc-163502ad41b5@group-A9061CC89C88
2021-02-08 13:07:33,828 [ForkJoinPool.commonPool-worker-0] INFO  server.GrpcService (GrpcService.java:closeImpl(262)) - 76df9516-c5cc-44f1-9ecc-163502ad41b5: shutdown server with port 33219 now
2021-02-08 13:07:33,828 [Listener at 127.0.0.1/38393] INFO  utils.BackgroundService (BackgroundService.java:shutdown(132)) - Shutting down service BlockDeletingService
2021-02-08 13:07:33,829 [grpc-default-executor-0] WARN  server.GrpcServerProtocolService (LogUtils.java:warn(122)) - 76df9516-c5cc-44f1-9ecc-163502ad41b5: installSnapshot onError, lastRequest: fc0eeb26-f5a4-40eb-8987-0eeb9e81290f->76df9516-c5cc-44f1-9ecc-163502ad41b5#6-t3,previous=(t:3, i:1),leaderCommit=1,initializing? true,entries: size=1, first=(t:3, i:2), METADATAENTRY(c:1): org.apache.ratis.thirdparty.io.grpc.StatusRuntimeException: CANCELLED: client cancelled
2021-02-08 13:07:33,837 [Listener at 127.0.0.1/38393] INFO  statemachine.DatanodeStateMachine (DatanodeStateMachine.java:stopDaemon(470)) - Ozone container server stopped.
2021-02-08 13:07:33,853 [grpc-default-executor-2] WARN  server.GrpcLogAppender (LogUtils.java:warn(122)) - fc0eeb26-f5a4-40eb-8987-0eeb9e81290f@group-CB02C2DB3C87->76df9516-c5cc-44f1-9ecc-163502ad41b5-AppendLogResponseHandler: Failed appendEntries: org.apache.ratis.thirdparty.io.grpc.StatusRuntimeException: CANCELLED: HTTP/2 error code: CANCEL
Received Rst Stream
2021-02-08 13:07:33,853 [grpc-default-executor-2] INFO  leader.FollowerInfo (FollowerInfoImpl.java:lambda$new$0(46)) - fc0eeb26-f5a4-40eb-8987-0eeb9e81290f@group-CB02C2DB3C87->76df9516-c5cc-44f1-9ecc-163502ad41b5: nextIndex: updateUnconditionally 3 -> 2
2021-02-08 13:07:33,861 [grpc-default-executor-0] WARN  server.GrpcLogAppender (LogUtils.java:warn(122)) - fc0eeb26-f5a4-40eb-8987-0eeb9e81290f@group-CB02C2DB3C87->76df9516-c5cc-44f1-9ecc-163502ad41b5-AppendLogResponseHandler: Failed appendEntries: org.apache.ratis.thirdparty.io.grpc.StatusRuntimeException: UNAVAILABLE: io exception
2021-02-08 13:07:33,861 [grpc-default-executor-0] INFO  leader.FollowerInfo (FollowerInfoImpl.java:lambda$new$0(46)) - fc0eeb26-f5a4-40eb-8987-0eeb9e81290f@group-CB02C2DB3C87->76df9516-c5cc-44f1-9ecc-163502ad41b5: nextIndex: updateUnconditionally 3 -> 2
2021-02-08 13:07:33,863 [Listener at 127.0.0.1/38393] INFO  handler.ContextHandler (ContextHandler.java:doStop(1154)) - Stopped o.e.j.w.WebAppContext@1cc87e5f{hddsDatanode,/,null,STOPPED}{jar:file:/home/user/.m2/repository/org/apache/hadoop/hadoop-hdds-container-service/1.1.0-SNAPSHOT/hadoop-hdds-container-service-1.1.0-SNAPSHOT.jar!/webapps/hddsDatanode}
2021-02-08 13:07:33,866 [Listener at 127.0.0.1/38393] INFO  server.AbstractConnector (AbstractConnector.java:doStop(381)) - Stopped ServerConnector@4855f26c{HTTP/1.1, (http/1.1)}{0.0.0.0:0}
2021-02-08 13:07:33,866 [Listener at 127.0.0.1/38393] INFO  server.session (HouseKeeper.java:stopScavenging(149)) - node0 Stopped scavenging
2021-02-08 13:07:33,866 [Listener at 127.0.0.1/38393] INFO  handler.ContextHandler (ContextHandler.java:doStop(1154)) - Stopped o.e.j.s.ServletContextHandler@226ad7f1{static,/static,jar:file:/home/user/.m2/repository/org/apache/hadoop/hadoop-hdds-container-service/1.1.0-SNAPSHOT/hadoop-hdds-container-service-1.1.0-SNAPSHOT.jar!/webapps/static,STOPPED}
2021-02-08 13:07:33,866 [Listener at 127.0.0.1/38393] INFO  handler.ContextHandler (ContextHandler.java:doStop(1154)) - Stopped o.e.j.s.ServletContextHandler@716868ba{logs,/logs,file:///github/workspace/mnt/ozone/hadoop-ozone/integration-test/target/log,STOPPED}
2021-02-08 13:07:33,893 [ForkJoinPool.commonPool-worker-0] INFO  server.GrpcService (GrpcService.java:closeImpl(271)) - 76df9516-c5cc-44f1-9ecc-163502ad41b5: shutdown server with port 33219 successfully
2021-02-08 13:07:33,893 [org.apache.ratis.util.JvmPauseMonitor$$Lambda$504/1698180828@487110f6] INFO  util.JvmPauseMonitor (JvmPauseMonitor.java:run(109)) - JvmPauseMonitor-76df9516-c5cc-44f1-9ecc-163502ad41b5: Stopped
2021-02-08 13:07:33,916 [ForkJoinPool.commonPool-worker-0] INFO  utils.BackgroundService (BackgroundService.java:shutdown(132)) - Shutting down service BlockDeletingService
2021-02-08 13:07:33,958 [ForkJoinPool.commonPool-worker-0] INFO  statemachine.DatanodeStateMachine (DatanodeStateMachine.java:stopDaemon(470)) - Ozone container server stopped.
2021-02-08 13:07:33,979 [ForkJoinPool.commonPool-worker-0] INFO  handler.ContextHandler (ContextHandler.java:doStop(1154)) - Stopped o.e.j.w.WebAppContext@4d4dc292{hddsDatanode,/,null,STOPPED}{jar:file:/home/user/.m2/repository/org/apache/hadoop/hadoop-hdds-container-service/1.1.0-SNAPSHOT/hadoop-hdds-container-service-1.1.0-SNAPSHOT.jar!/webapps/hddsDatanode}
2021-02-08 13:07:33,979 [ForkJoinPool.commonPool-worker-0] INFO  server.AbstractConnector (AbstractConnector.java:doStop(381)) - Stopped ServerConnector@6d96b90a{HTTP/1.1, (http/1.1)}{0.0.0.0:0}
2021-02-08 13:07:33,979 [ForkJoinPool.commonPool-worker-0] INFO  server.session (HouseKeeper.java:stopScavenging(149)) - node0 Stopped scavenging
2021-02-08 13:07:33,981 [ForkJoinPool.commonPool-worker-0] INFO  handler.ContextHandler (ContextHandler.java:doStop(1154)) - Stopped o.e.j.s.ServletContextHandler@155b190a{static,/static,jar:file:/home/user/.m2/repository/org/apache/hadoop/hadoop-hdds-container-service/1.1.0-SNAPSHOT/hadoop-hdds-container-service-1.1.0-SNAPSHOT.jar!/webapps/static,STOPPED}
2021-02-08 13:07:33,989 [ForkJoinPool.commonPool-worker-0] INFO  handler.ContextHandler (ContextHandler.java:doStop(1154)) - Stopped o.e.j.s.ServletContextHandler@1a696ede{logs,/logs,file:///github/workspace/mnt/ozone/hadoop-ozone/integration-test/target/log,STOPPED}
2021-02-08 13:07:34,276 [Datanode State Machine Thread - 0] INFO  statemachine.DatanodeStateMachine (DatanodeStateMachine.java:lambda$startDaemon$0(412)) - Ozone container server started.
2021-02-08 13:07:34,614 [Datanode State Machine Thread - 0] INFO  statemachine.DatanodeStateMachine (DatanodeStateMachine.java:lambda$startDaemon$0(412)) - Ozone container server started.
2021-02-08 13:07:34,732 [grpc-default-executor-0] WARN  server.GrpcLogAppender (LogUtils.java:warn(122)) - 2534f833-6bfe-45b3-bb55-3e90c3f01f9c@group-F2089C8F114B->81ab00b2-2f95-4a2f-a7cf-2c0713c6a9d2-AppendLogResponseHandler: Failed appendEntries: org.apache.ratis.thirdparty.io.grpc.StatusRuntimeException: UNAVAILABLE: io exception
2021-02-08 13:07:34,733 [grpc-default-executor-0] WARN  server.GrpcLogAppender (GrpcLogAppender.java:resetClient(111)) - 2534f833-6bfe-45b3-bb55-3e90c3f01f9c@group-F2089C8F114B->81ab00b2-2f95-4a2f-a7cf-2c0713c6a9d2-GrpcLogAppender: Leader has not got in touch with Follower 2534f833-6bfe-45b3-bb55-3e90c3f01f9c@group-F2089C8F114B->81ab00b2-2f95-4a2f-a7cf-2c0713c6a9d2(c0,m0,n1, attendVote=true, lastRpcSendTime=2510, lastRpcResponseTime=2508) yet, just keep nextIndex unchanged and retry.
2021-02-08 13:07:34,825 [grpc-default-executor-5] WARN  server.GrpcLogAppender (LogUtils.java:warn(122)) - 2b6c692d-bd16-4e2f-be54-cf6999516ba1@group-655D07119256->81ab00b2-2f95-4a2f-a7cf-2c0713c6a9d2-AppendLogResponseHandler: Failed appendEntries: org.apache.ratis.thirdparty.io.grpc.StatusRuntimeException: UNAVAILABLE: io exception
2021-02-08 13:07:34,825 [grpc-default-executor-5] WARN  server.GrpcLogAppender (GrpcLogAppender.java:resetClient(111)) - 2b6c692d-bd16-4e2f-be54-cf6999516ba1@group-655D07119256->81ab00b2-2f95-4a2f-a7cf-2c0713c6a9d2-GrpcLogAppender: Leader has not got in touch with Follower 2b6c692d-bd16-4e2f-be54-cf6999516ba1@group-655D07119256->81ab00b2-2f95-4a2f-a7cf-2c0713c6a9d2(c0,m0,n1, attendVote=true, lastRpcSendTime=3, lastRpcResponseTime=2504) yet, just keep nextIndex unchanged and retry.
2021-02-08 13:07:36,361 [grpc-default-executor-2] WARN  server.GrpcLogAppender (LogUtils.java:warn(122)) - fc0eeb26-f5a4-40eb-8987-0eeb9e81290f@group-CB02C2DB3C87->76df9516-c5cc-44f1-9ecc-163502ad41b5-AppendLogResponseHandler: Failed appendEntries: org.apache.ratis.thirdparty.io.grpc.StatusRuntimeException: UNAVAILABLE: io exception
2021-02-08 13:07:36,361 [grpc-default-executor-2] INFO  leader.FollowerInfo (FollowerInfoImpl.java:lambda$new$0(46)) - fc0eeb26-f5a4-40eb-8987-0eeb9e81290f@group-CB02C2DB3C87->76df9516-c5cc-44f1-9ecc-163502ad41b5: nextIndex: updateUnconditionally 3 -> 2
2021-02-08 13:07:36,956 [Thread-736] INFO  impl.FollowerState (FollowerState.java:run(133)) - 61a3106f-4412-450d-ae4e-54e9a62c2593@group-A9061CC89C88-FollowerState: change to CANDIDATE, lastRpcElapsedTime:5298295883ns, electionTimeout:5131ms
2021-02-08 13:07:36,956 [Thread-736] INFO  impl.RoleInfo (RoleInfo.java:shutdownFollowerState(108)) - 61a3106f-4412-450d-ae4e-54e9a62c2593: shutdown 61a3106f-4412-450d-ae4e-54e9a62c2593@group-A9061CC89C88-FollowerState
2021-02-08 13:07:36,956 [Thread-736] INFO  server.RaftServer$Division (RaftServerImpl.java:setRole(284)) - 61a3106f-4412-450d-ae4e-54e9a62c2593@group-A9061CC89C88: changes role from  FOLLOWER to CANDIDATE at term 1 for changeToCandidate
2021-02-08 13:07:36,956 [Thread-736] INFO  server.RaftServerConfigKeys (ConfUtils.java:logGet(44)) - raft.server.leaderelection.pre-vote = false (custom)
2021-02-08 13:07:36,956 [Thread-736] INFO  impl.RoleInfo (RoleInfo.java:updateAndGet(130)) - 61a3106f-4412-450d-ae4e-54e9a62c2593: start 61a3106f-4412-450d-ae4e-54e9a62c2593@group-A9061CC89C88-LeaderElection39
2021-02-08 13:07:36,965 [61a3106f-4412-450d-ae4e-54e9a62c2593@group-A9061CC89C88-LeaderElection39] INFO  server.RaftServer$Division (ServerState.java:setLeader(271)) - 61a3106f-4412-450d-ae4e-54e9a62c2593@group-A9061CC89C88: change Leader from 76df9516-c5cc-44f1-9ecc-163502ad41b5 to null at term 1 for ELECTION
2021-02-08 13:07:36,967 [61a3106f-4412-450d-ae4e-54e9a62c2593@group-A9061CC89C88-LeaderElection39] INFO  impl.LeaderElection (LeaderElection.java:askForVotes(307)) - 61a3106f-4412-450d-ae4e-54e9a62c2593@group-A9061CC89C88-LeaderElection39 ELECTION round 0: submit vote requests at term 2 for 0: [76df9516-c5cc-44f1-9ecc-163502ad41b5|rpc:172.17.0.2:33219|dataStream:|priority:1, fc0eeb26-f5a4-40eb-8987-0eeb9e81290f|rpc:172.17.0.2:39069|dataStream:|priority:0, 61a3106f-4412-450d-ae4e-54e9a62c2593|rpc:172.17.0.2:44185|dataStream:|priority:0], old=null
2021-02-08 13:07:36,978 [Thread-733] INFO  impl.FollowerState (FollowerState.java:run(133)) - fc0eeb26-f5a4-40eb-8987-0eeb9e81290f@group-A9061CC89C88-FollowerState: change to CANDIDATE, lastRpcElapsedTime:5317078634ns, electionTimeout:5065ms
2021-02-08 13:07:36,978 [Thread-733] INFO  impl.RoleInfo (RoleInfo.java:shutdownFollowerState(108)) - fc0eeb26-f5a4-40eb-8987-0eeb9e81290f: shutdown fc0eeb26-f5a4-40eb-8987-0eeb9e81290f@group-A9061CC89C88-FollowerState
2021-02-08 13:07:36,978 [Thread-733] INFO  server.RaftServer$Division (RaftServerImpl.java:setRole(284)) - fc0eeb26-f5a4-40eb-8987-0eeb9e81290f@group-A9061CC89C88: changes role from  FOLLOWER to CANDIDATE at term 1 for changeToCandidate
2021-02-08 13:07:36,979 [Thread-733] INFO  server.RaftServerConfigKeys (ConfUtils.java:logGet(44)) - raft.server.leaderelection.pre-vote = false (custom)
2021-02-08 13:07:36,979 [Thread-733] INFO  impl.RoleInfo (RoleInfo.java:updateAndGet(130)) - fc0eeb26-f5a4-40eb-8987-0eeb9e81290f: start fc0eeb26-f5a4-40eb-8987-0eeb9e81290f@group-A9061CC89C88-LeaderElection40
2021-02-08 13:07:36,997 [fc0eeb26-f5a4-40eb-8987-0eeb9e81290f@group-A9061CC89C88-LeaderElection40] INFO  server.RaftServer$Division (ServerState.java:setLeader(271)) - fc0eeb26-f5a4-40eb-8987-0eeb9e81290f@group-A9061CC89C88: change Leader from 76df9516-c5cc-44f1-9ecc-163502ad41b5 to null at term 1 for ELECTION
2021-02-08 13:07:36,998 [61a3106f-4412-450d-ae4e-54e9a62c2593@group-A9061CC89C88-LeaderElection39] INFO  impl.LeaderElection (LogUtils.java:infoOrTrace(137)) - 61a3106f-4412-450d-ae4e-54e9a62c2593@group-A9061CC89C88-LeaderElection39 got exception when requesting votes: java.util.concurrent.ExecutionException: org.apache.ratis.thirdparty.io.grpc.StatusRuntimeException: UNAVAILABLE: io exception
2021-02-08 13:07:36,998 [grpc-default-executor-2] INFO  server.RaftServer$Division (RaftServerImpl.java:requestVote(1025)) - fc0eeb26-f5a4-40eb-8987-0eeb9e81290f@group-A9061CC89C88: receive requestVote(ELECTION, 61a3106f-4412-450d-ae4e-54e9a62c2593, group-A9061CC89C88, 2, (t:1, i:0))
2021-02-08 13:07:37,002 [grpc-default-executor-2] INFO  impl.VoteContext (VoteContext.java:log(48)) - fc0eeb26-f5a4-40eb-8987-0eeb9e81290f@group-A9061CC89C88-CANDIDATE: reject ELECTION from 61a3106f-4412-450d-ae4e-54e9a62c2593: already has voted for fc0eeb26-f5a4-40eb-8987-0eeb9e81290f at current term 2
2021-02-08 13:07:37,002 [grpc-default-executor-2] INFO  server.RaftServer$Division (RaftServerImpl.java:requestVote(1057)) - fc0eeb26-f5a4-40eb-8987-0eeb9e81290f@group-A9061CC89C88 replies to ELECTION vote request: 61a3106f-4412-450d-ae4e-54e9a62c2593<-fc0eeb26-f5a4-40eb-8987-0eeb9e81290f#0:FAIL-t2. Peer's state: fc0eeb26-f5a4-40eb-8987-0eeb9e81290f@group-A9061CC89C88:t2, leader=null, voted=fc0eeb26-f5a4-40eb-8987-0eeb9e81290f, raftlog=fc0eeb26-f5a4-40eb-8987-0eeb9e81290f@group-A9061CC89C88-SegmentedRaftLog:OPENED:c0,f0,i0, conf=0: [76df9516-c5cc-44f1-9ecc-163502ad41b5|rpc:172.17.0.2:33219|dataStream:|priority:1, fc0eeb26-f5a4-40eb-8987-0eeb9e81290f|rpc:172.17.0.2:39069|dataStream:|priority:0, 61a3106f-4412-450d-ae4e-54e9a62c2593|rpc:172.17.0.2:44185|dataStream:|priority:0], old=null
2021-02-08 13:07:37,002 [fc0eeb26-f5a4-40eb-8987-0eeb9e81290f@group-A9061CC89C88-LeaderElection40] INFO  impl.LeaderElection (LeaderElection.java:askForVotes(307)) - fc0eeb26-f5a4-40eb-8987-0eeb9e81290f@group-A9061CC89C88-LeaderElection40 ELECTION round 0: submit vote requests at term 2 for 0: [76df9516-c5cc-44f1-9ecc-163502ad41b5|rpc:172.17.0.2:33219|dataStream:|priority:1, fc0eeb26-f5a4-40eb-8987-0eeb9e81290f|rpc:172.17.0.2:39069|dataStream:|priority:0, 61a3106f-4412-450d-ae4e-54e9a62c2593|rpc:172.17.0.2:44185|dataStream:|priority:0], old=null
2021-02-08 13:07:37,009 [61a3106f-4412-450d-ae4e-54e9a62c2593@group-A9061CC89C88-LeaderElection39] INFO  impl.LeaderElection (LeaderElection.java:logAndReturn(89)) - 61a3106f-4412-450d-ae4e-54e9a62c2593@group-A9061CC89C88-LeaderElection39: ELECTION REJECTED received 1 response(s) and 1 exception(s):
2021-02-08 13:07:37,009 [61a3106f-4412-450d-ae4e-54e9a62c2593@group-A9061CC89C88-LeaderElection39] INFO  impl.LeaderElection (LeaderElection.java:logAndReturn(93)) -   Response 0: 61a3106f-4412-450d-ae4e-54e9a62c2593<-fc0eeb26-f5a4-40eb-8987-0eeb9e81290f#0:FAIL-t2
2021-02-08 13:07:37,009 [61a3106f-4412-450d-ae4e-54e9a62c2593@group-A9061CC89C88-LeaderElection39] INFO  impl.LeaderElection (LogUtils.java:infoOrTrace(137)) -   Exception 1: java.util.concurrent.ExecutionException: org.apache.ratis.thirdparty.io.grpc.StatusRuntimeException: UNAVAILABLE: io exception
2021-02-08 13:07:37,013 [61a3106f-4412-450d-ae4e-54e9a62c2593@group-A9061CC89C88-LeaderElection39] INFO  impl.LeaderElection (LeaderElection.java:askForVotes(309)) - 61a3106f-4412-450d-ae4e-54e9a62c2593@group-A9061CC89C88-LeaderElection39 ELECTION round 0: result REJECTED
2021-02-08 13:07:37,013 [fc0eeb26-f5a4-40eb-8987-0eeb9e81290f@group-A9061CC89C88-LeaderElection40] INFO  impl.LeaderElection (LogUtils.java:infoOrTrace(137)) - fc0eeb26-f5a4-40eb-8987-0eeb9e81290f@group-A9061CC89C88-LeaderElection40 got exception when requesting votes: java.util.concurrent.ExecutionException: org.apache.ratis.thirdparty.io.grpc.StatusRuntimeException: UNAVAILABLE: io exception
2021-02-08 13:07:37,013 [61a3106f-4412-450d-ae4e-54e9a62c2593@group-A9061CC89C88-LeaderElection39] INFO  server.RaftServer$Division (RaftServerImpl.java:setRole(284)) - 61a3106f-4412-450d-ae4e-54e9a62c2593@group-A9061CC89C88: changes role from CANDIDATE to FOLLOWER at term 2 for REJECTED
2021-02-08 13:07:37,013 [61a3106f-4412-450d-ae4e-54e9a62c2593@group-A9061CC89C88-LeaderElection39] INFO  impl.RoleInfo (RoleInfo.java:shutdownLeaderElection(121)) - 61a3106f-4412-450d-ae4e-54e9a62c2593: shutdown 61a3106f-4412-450d-ae4e-54e9a62c2593@group-A9061CC89C88-LeaderElection39
2021-02-08 13:07:37,013 [61a3106f-4412-450d-ae4e-54e9a62c2593@group-A9061CC89C88-LeaderElection39] INFO  impl.RoleInfo (RoleInfo.java:updateAndGet(130)) - 61a3106f-4412-450d-ae4e-54e9a62c2593: start 61a3106f-4412-450d-ae4e-54e9a62c2593@group-A9061CC89C88-FollowerState
2021-02-08 13:07:37,022 [grpc-default-executor-2] INFO  server.RaftServer$Division (RaftServerImpl.java:requestVote(1025)) - 61a3106f-4412-450d-ae4e-54e9a62c2593@group-A9061CC89C88: receive requestVote(ELECTION, fc0eeb26-f5a4-40eb-8987-0eeb9e81290f, group-A9061CC89C88, 2, (t:1, i:0))
2021-02-08 13:07:37,022 [grpc-default-executor-2] INFO  impl.VoteContext (VoteContext.java:log(48)) - 61a3106f-4412-450d-ae4e-54e9a62c2593@group-A9061CC89C88-FOLLOWER: reject ELECTION from fc0eeb26-f5a4-40eb-8987-0eeb9e81290f: already has voted for 61a3106f-4412-450d-ae4e-54e9a62c2593 at current term 2
2021-02-08 13:07:37,022 [grpc-default-executor-2] INFO  server.RaftServer$Division (RaftServerImpl.java:requestVote(1057)) - 61a3106f-4412-450d-ae4e-54e9a62c2593@group-A9061CC89C88 replies to ELECTION vote request: fc0eeb26-f5a4-40eb-8987-0eeb9e81290f<-61a3106f-4412-450d-ae4e-54e9a62c2593#0:FAIL-t2. Peer's state: 61a3106f-4412-450d-ae4e-54e9a62c2593@group-A9061CC89C88:t2, leader=null, voted=61a3106f-4412-450d-ae4e-54e9a62c2593, raftlog=61a3106f-4412-450d-ae4e-54e9a62c2593@group-A9061CC89C88-SegmentedRaftLog:OPENED:c0,f0,i0, conf=0: [76df9516-c5cc-44f1-9ecc-163502ad41b5|rpc:172.17.0.2:33219|dataStream:|priority:1, fc0eeb26-f5a4-40eb-8987-0eeb9e81290f|rpc:172.17.0.2:39069|dataStream:|priority:0, 61a3106f-4412-450d-ae4e-54e9a62c2593|rpc:172.17.0.2:44185|dataStream:|priority:0], old=null
2021-02-08 13:07:37,023 [fc0eeb26-f5a4-40eb-8987-0eeb9e81290f@group-A9061CC89C88-LeaderElection40] INFO  impl.LeaderElection (LeaderElection.java:logAndReturn(89)) - fc0eeb26-f5a4-40eb-8987-0eeb9e81290f@group-A9061CC89C88-LeaderElection40: ELECTION REJECTED received 1 response(s) and 1 exception(s):
2021-02-08 13:07:37,023 [fc0eeb26-f5a4-40eb-8987-0eeb9e81290f@group-A9061CC89C88-LeaderElection40] INFO  impl.LeaderElection (LeaderElection.java:logAndReturn(93)) -   Response 0: fc0eeb26-f5a4-40eb-8987-0eeb9e81290f<-61a3106f-4412-450d-ae4e-54e9a62c2593#0:FAIL-t2
2021-02-08 13:07:37,023 [fc0eeb26-f5a4-40eb-8987-0eeb9e81290f@group-A9061CC89C88-LeaderElection40] INFO  impl.LeaderElection (LogUtils.java:infoOrTrace(137)) -   Exception 1: java.util.concurrent.ExecutionException: org.apache.ratis.thirdparty.io.grpc.StatusRuntimeException: UNAVAILABLE: io exception
2021-02-08 13:07:37,023 [fc0eeb26-f5a4-40eb-8987-0eeb9e81290f@group-A9061CC89C88-LeaderElection40] INFO  impl.LeaderElection (LeaderElection.java:askForVotes(309)) - fc0eeb26-f5a4-40eb-8987-0eeb9e81290f@group-A9061CC89C88-LeaderElection40 ELECTION round 0: result REJECTED
2021-02-08 13:07:37,023 [fc0eeb26-f5a4-40eb-8987-0eeb9e81290f@group-A9061CC89C88-LeaderElection40] INFO  server.RaftServer$Division (RaftServerImpl.java:setRole(284)) - fc0eeb26-f5a4-40eb-8987-0eeb9e81290f@group-A9061CC89C88: changes role from CANDIDATE to FOLLOWER at term 2 for REJECTED
2021-02-08 13:07:37,023 [fc0eeb26-f5a4-40eb-8987-0eeb9e81290f@group-A9061CC89C88-LeaderElection40] INFO  impl.RoleInfo (RoleInfo.java:shutdownLeaderElection(121)) - fc0eeb26-f5a4-40eb-8987-0eeb9e81290f: shutdown fc0eeb26-f5a4-40eb-8987-0eeb9e81290f@group-A9061CC89C88-LeaderElection40
2021-02-08 13:07:37,023 [fc0eeb26-f5a4-40eb-8987-0eeb9e81290f@group-A9061CC89C88-LeaderElection40] INFO  impl.RoleInfo (RoleInfo.java:updateAndGet(130)) - fc0eeb26-f5a4-40eb-8987-0eeb9e81290f: start fc0eeb26-f5a4-40eb-8987-0eeb9e81290f@group-A9061CC89C88-FollowerState
2021-02-08 13:07:37,236 [grpc-default-executor-2] WARN  server.GrpcLogAppender (LogUtils.java:warn(122)) - 2534f833-6bfe-45b3-bb55-3e90c3f01f9c@group-F2089C8F114B->81ab00b2-2f95-4a2f-a7cf-2c0713c6a9d2-AppendLogResponseHandler: Failed appendEntries: org.apache.ratis.thirdparty.io.grpc.StatusRuntimeException: UNAVAILABLE: io exception
2021-02-08 13:07:37,236 [grpc-default-executor-2] WARN  server.GrpcLogAppender (GrpcLogAppender.java:resetClient(111)) - 2534f833-6bfe-45b3-bb55-3e90c3f01f9c@group-F2089C8F114B->81ab00b2-2f95-4a2f-a7cf-2c0713c6a9d2-GrpcLogAppender: Leader has not got in touch with Follower 2534f833-6bfe-45b3-bb55-3e90c3f01f9c@group-F2089C8F114B->81ab00b2-2f95-4a2f-a7cf-2c0713c6a9d2(c0,m0,n1, attendVote=true, lastRpcSendTime=2500, lastRpcResponseTime=5011) yet, just keep nextIndex unchanged and retry.
2021-02-08 13:07:37,322 [grpc-default-executor-2] WARN  server.GrpcLogAppender (LogUtils.java:warn(122)) - 2b6c692d-bd16-4e2f-be54-cf6999516ba1@group-655D07119256->81ab00b2-2f95-4a2f-a7cf-2c0713c6a9d2-AppendLogResponseHandler: Failed appendEntries: org.apache.ratis.thirdparty.io.grpc.StatusRuntimeException: UNAVAILABLE: io exception
2021-02-08 13:07:37,323 [grpc-default-executor-2] WARN  server.GrpcLogAppender (GrpcLogAppender.java:resetClient(111)) - 2b6c692d-bd16-4e2f-be54-cf6999516ba1@group-655D07119256->81ab00b2-2f95-4a2f-a7cf-2c0713c6a9d2-GrpcLogAppender: Leader has not got in touch with Follower 2b6c692d-bd16-4e2f-be54-cf6999516ba1@group-655D07119256->81ab00b2-2f95-4a2f-a7cf-2c0713c6a9d2(c0,m0,n1, attendVote=true, lastRpcSendTime=0, lastRpcResponseTime=5001) yet, just keep nextIndex unchanged and retry.
2021-02-08 13:07:38,862 [grpc-default-executor-2] WARN  server.GrpcLogAppender (LogUtils.java:warn(122)) - fc0eeb26-f5a4-40eb-8987-0eeb9e81290f@group-CB02C2DB3C87->76df9516-c5cc-44f1-9ecc-163502ad41b5-AppendLogResponseHandler: Failed appendEntries: org.apache.ratis.thirdparty.io.grpc.StatusRuntimeException: UNAVAILABLE: io exception
2021-02-08 13:07:38,863 [grpc-default-executor-2] INFO  leader.FollowerInfo (FollowerInfoImpl.java:lambda$new$0(46)) - fc0eeb26-f5a4-40eb-8987-0eeb9e81290f@group-CB02C2DB3C87->76df9516-c5cc-44f1-9ecc-163502ad41b5: nextIndex: updateUnconditionally 3 -> 2
2021-02-08 13:07:38,890 [Listener at 127.0.0.1/38393] INFO  ozoneimpl.OzoneContainer (OzoneContainer.java:stop(273)) - Attempting to stop container services.
2021-02-08 13:07:38,891 [Listener at 127.0.0.1/38393] INFO  server.RaftServer (RaftServerProxy.java:lambda$close$6(391)) - 2b6c692d-bd16-4e2f-be54-cf6999516ba1: close
2021-02-08 13:07:38,891 [Listener at 127.0.0.1/38393] INFO  server.RaftServer$Division (RaftServerImpl.java:lambda$close$4(406)) - 2b6c692d-bd16-4e2f-be54-cf6999516ba1@group-E9B3B8C96706: shutdown
2021-02-08 13:07:38,891 [Listener at 127.0.0.1/38393] INFO  util.JmxRegister (JmxRegister.java:unregister(73)) - Successfully un-registered JMX Bean with object name Ratis:service=RaftServer,group=group-E9B3B8C96706,id=2b6c692d-bd16-4e2f-be54-cf6999516ba1
2021-02-08 13:07:38,891 [Listener at 127.0.0.1/38393] INFO  impl.RoleInfo (RoleInfo.java:shutdownLeaderState(91)) - 2b6c692d-bd16-4e2f-be54-cf6999516ba1: shutdown 2b6c692d-bd16-4e2f-be54-cf6999516ba1@group-E9B3B8C96706-LeaderStateImpl
2021-02-08 13:07:38,891 [Listener at 127.0.0.1/38393] INFO  impl.PendingRequests (PendingRequests.java:sendNotLeaderResponses(249)) - 2b6c692d-bd16-4e2f-be54-cf6999516ba1@group-E9B3B8C96706-PendingRequests: sendNotLeaderResponses
2021-02-08 13:07:38,891 [Listener at 127.0.0.1/38393] INFO  metrics.RatisMetrics (RatisMetrics.java:unregister(43)) - Unregistering Metrics Registry : ratis.log_appender.2b6c692d-bd16-4e2f-be54-cf6999516ba1@group-E9B3B8C96706
2021-02-08 13:07:38,892 [Listener at 127.0.0.1/38393] INFO  metrics.RatisMetrics (RatisMetrics.java:unregister(43)) - Unregistering Metrics Registry : ratis.server.2b6c692d-bd16-4e2f-be54-cf6999516ba1@group-E9B3B8C96706
2021-02-08 13:07:38,892 [Listener at 127.0.0.1/38393] INFO  impl.StateMachineUpdater (StateMachineUpdater.java:stopAndJoin(148)) - 2b6c692d-bd16-4e2f-be54-cf6999516ba1@group-E9B3B8C96706-StateMachineUpdater: set stopIndex = 0
2021-02-08 13:07:38,892 [2b6c692d-bd16-4e2f-be54-cf6999516ba1@group-E9B3B8C96706-StateMachineUpdater] INFO  ratis.ContainerStateMachine (ContainerStateMachine.java:takeSnapshot(291)) - group-E9B3B8C96706: Taking a snapshot at:(t:1, i:0) file /github/workspace/mnt/ozone/hadoop-ozone/integration-test/target/test-dir/MiniOzoneClusterImpl-489e5869-bfe0-4080-b73d-d7b53c96c8d8/datanode-3/data/ratis/c2e0b6b3-cec5-4931-bfd3-e9b3b8c96706/sm/snapshot.1_0
2021-02-08 13:07:38,893 [2b6c692d-bd16-4e2f-be54-cf6999516ba1@group-E9B3B8C96706-StateMachineUpdater] INFO  ratis.ContainerStateMachine (ContainerStateMachine.java:takeSnapshot(302)) - group-E9B3B8C96706: Finished taking a snapshot at:(t:1, i:0) file:/github/workspace/mnt/ozone/hadoop-ozone/integration-test/target/test-dir/MiniOzoneClusterImpl-489e5869-bfe0-4080-b73d-d7b53c96c8d8/datanode-3/data/ratis/c2e0b6b3-cec5-4931-bfd3-e9b3b8c96706/sm/snapshot.1_0 took: 1 ms
2021-02-08 13:07:38,894 [2b6c692d-bd16-4e2f-be54-cf6999516ba1@group-E9B3B8C96706-StateMachineUpdater] INFO  impl.StateMachineUpdater (StateMachineUpdater.java:takeSnapshot(279)) - 2b6c692d-bd16-4e2f-be54-cf6999516ba1@group-E9B3B8C96706-StateMachineUpdater: Took a snapshot at index 0
2021-02-08 13:07:38,894 [2b6c692d-bd16-4e2f-be54-cf6999516ba1@group-E9B3B8C96706-StateMachineUpdater] INFO  impl.StateMachineUpdater (StateMachineUpdater.java:lambda$new$0(88)) - 2b6c692d-bd16-4e2f-be54-cf6999516ba1@group-E9B3B8C96706-StateMachineUpdater: snapshotIndex: updateIncreasingly -1 -> 0
2021-02-08 13:07:38,894 [2b6c692d-bd16-4e2f-be54-cf6999516ba1@group-E9B3B8C96706-StateMachineUpdater] INFO  metrics.RatisMetrics (RatisMetrics.java:unregister(43)) - Unregistering Metrics Registry : ratis.state_machine.2b6c692d-bd16-4e2f-be54-cf6999516ba1@group-E9B3B8C96706
2021-02-08 13:07:38,894 [Listener at 127.0.0.1/38393] INFO  server.RaftServer$Division (ServerState.java:close(405)) - 2b6c692d-bd16-4e2f-be54-cf6999516ba1@group-E9B3B8C96706: closes. applyIndex: 0
2021-02-08 13:07:38,895 [2b6c692d-bd16-4e2f-be54-cf6999516ba1@group-E9B3B8C96706-SegmentedRaftLogWorker] INFO  segmented.SegmentedRaftLogWorker (SegmentedRaftLogWorker.java:run(326)) - 2b6c692d-bd16-4e2f-be54-cf6999516ba1@group-E9B3B8C96706-SegmentedRaftLogWorker was interrupted, exiting. There are 0 tasks remaining in the queue.
2021-02-08 13:07:38,898 [Listener at 127.0.0.1/38393] INFO  segmented.SegmentedRaftLogWorker (SegmentedRaftLogWorker.java:close(236)) - 2b6c692d-bd16-4e2f-be54-cf6999516ba1@group-E9B3B8C96706-SegmentedRaftLogWorker close()
2021-02-08 13:07:38,899 [Listener at 127.0.0.1/38393] INFO  metrics.RatisMetrics (RatisMetrics.java:unregister(43)) - Unregistering Metrics Registry : ratis.log_worker.2b6c692d-bd16-4e2f-be54-cf6999516ba1@group-E9B3B8C96706
2021-02-08 13:07:38,899 [Listener at 127.0.0.1/38393] INFO  metrics.RatisMetrics (RatisMetrics.java:unregister(43)) - Unregistering Metrics Registry : ratis.leader_election.2b6c692d-bd16-4e2f-be54-cf6999516ba1@group-E9B3B8C96706
2021-02-08 13:07:38,899 [Listener at 127.0.0.1/38393] INFO  metrics.RatisMetrics (RatisMetrics.java:unregister(43)) - Unregistering Metrics Registry : ratis.server.2b6c692d-bd16-4e2f-be54-cf6999516ba1@group-E9B3B8C96706
2021-02-08 13:07:38,900 [Listener at 127.0.0.1/38393] INFO  server.RaftServer$Division (RaftServerImpl.java:lambda$close$4(406)) - 2b6c692d-bd16-4e2f-be54-cf6999516ba1@group-655D07119256: shutdown
2021-02-08 13:07:38,900 [Listener at 127.0.0.1/38393] INFO  util.JmxRegister (JmxRegister.java:unregister(73)) - Successfully un-registered JMX Bean with object name Ratis:service=RaftServer,group=group-655D07119256,id=2b6c692d-bd16-4e2f-be54-cf6999516ba1
2021-02-08 13:07:38,900 [Listener at 127.0.0.1/38393] INFO  impl.RoleInfo (RoleInfo.java:shutdownLeaderState(91)) - 2b6c692d-bd16-4e2f-be54-cf6999516ba1: shutdown 2b6c692d-bd16-4e2f-be54-cf6999516ba1@group-655D07119256-LeaderStateImpl
2021-02-08 13:07:38,900 [Listener at 127.0.0.1/38393] INFO  metrics.RatisMetrics (RatisMetrics.java:unregister(43)) - Unregistering Metrics Registry : ratis_grpc.log_appender.2b6c692d-bd16-4e2f-be54-cf6999516ba1@group-655D07119256
2021-02-08 13:07:38,900 [Listener at 127.0.0.1/38393] INFO  metrics.RatisMetrics (RatisMetrics.java:unregister(43)) - Unregistering Metrics Registry : ratis_grpc.log_appender.2b6c692d-bd16-4e2f-be54-cf6999516ba1@group-655D07119256
2021-02-08 13:07:38,900 [Listener at 127.0.0.1/38393] INFO  impl.PendingRequests (PendingRequests.java:sendNotLeaderResponses(249)) - 2b6c692d-bd16-4e2f-be54-cf6999516ba1@group-655D07119256-PendingRequests: sendNotLeaderResponses
2021-02-08 13:07:38,900 [Listener at 127.0.0.1/38393] INFO  metrics.RatisMetrics (RatisMetrics.java:unregister(43)) - Unregistering Metrics Registry : ratis.log_appender.2b6c692d-bd16-4e2f-be54-cf6999516ba1@group-655D07119256
2021-02-08 13:07:38,900 [Listener at 127.0.0.1/38393] INFO  metrics.RatisMetrics (RatisMetrics.java:unregister(43)) - Unregistering Metrics Registry : ratis.server.2b6c692d-bd16-4e2f-be54-cf6999516ba1@group-655D07119256
2021-02-08 13:07:38,901 [2b6c692d-bd16-4e2f-be54-cf6999516ba1@group-655D07119256->2534f833-6bfe-45b3-bb55-3e90c3f01f9c-GrpcLogAppender-LogAppenderDaemon] WARN  server.GrpcLogAppender (GrpcLogAppender.java:mayWait(175)) - 2b6c692d-bd16-4e2f-be54-cf6999516ba1@group-655D07119256->2534f833-6bfe-45b3-bb55-3e90c3f01f9c-GrpcLogAppender: Wait interrupted by java.lang.InterruptedException
2021-02-08 13:07:38,902 [grpc-default-executor-2] INFO  server.GrpcServerProtocolService (GrpcServerProtocolService.java:onCompleted(138)) - 2534f833-6bfe-45b3-bb55-3e90c3f01f9c: Completed APPEND_ENTRIES, lastRequest: 2b6c692d-bd16-4e2f-be54-cf6999516ba1->2534f833-6bfe-45b3-bb55-3e90c3f01f9c#1-t2,previous=(t:0, i:0),leaderCommit=-1,initializing? true,entries: size=1, first=(t:2, i:0), CONFIGURATIONENTRY
2021-02-08 13:07:38,902 [grpc-default-executor-5] INFO  server.GrpcLogAppender (GrpcLogAppender.java:onCompleted(344)) - 2b6c692d-bd16-4e2f-be54-cf6999516ba1@group-655D07119256->2534f833-6bfe-45b3-bb55-3e90c3f01f9c-AppendLogResponseHandler: follower responses appendEntries COMPLETED
2021-02-08 13:07:38,902 [grpc-default-executor-5] INFO  leader.FollowerInfo (FollowerInfoImpl.java:lambda$new$0(46)) - 2b6c692d-bd16-4e2f-be54-cf6999516ba1@group-655D07119256->2534f833-6bfe-45b3-bb55-3e90c3f01f9c: nextIndex: updateUnconditionally 1 -> 0
2021-02-08 13:07:38,903 [2b6c692d-bd16-4e2f-be54-cf6999516ba1@group-655D07119256-StateMachineUpdater] INFO  ratis.ContainerStateMachine (ContainerStateMachine.java:takeSnapshot(291)) - group-655D07119256: Taking a snapshot at:(t:2, i:0) file /github/workspace/mnt/ozone/hadoop-ozone/integration-test/target/test-dir/MiniOzoneClusterImpl-489e5869-bfe0-4080-b73d-d7b53c96c8d8/datanode-3/data/ratis/0d252d6c-e75d-41e6-bbb0-655d07119256/sm/snapshot.2_0
2021-02-08 13:07:38,903 [Listener at 127.0.0.1/38393] INFO  impl.StateMachineUpdater (StateMachineUpdater.java:stopAndJoin(148)) - 2b6c692d-bd16-4e2f-be54-cf6999516ba1@group-655D07119256-StateMachineUpdater: set stopIndex = 0
2021-02-08 13:07:38,903 [2b6c692d-bd16-4e2f-be54-cf6999516ba1@group-655D07119256-StateMachineUpdater] INFO  ratis.ContainerStateMachine (ContainerStateMachine.java:takeSnapshot(302)) - group-655D07119256: Finished taking a snapshot at:(t:2, i:0) file:/github/workspace/mnt/ozone/hadoop-ozone/integration-test/target/test-dir/MiniOzoneClusterImpl-489e5869-bfe0-4080-b73d-d7b53c96c8d8/datanode-3/data/ratis/0d252d6c-e75d-41e6-bbb0-655d07119256/sm/snapshot.2_0 took: 1 ms
2021-02-08 13:07:38,903 [2b6c692d-bd16-4e2f-be54-cf6999516ba1@group-655D07119256-StateMachineUpdater] INFO  impl.StateMachineUpdater (StateMachineUpdater.java:takeSnapshot(279)) - 2b6c692d-bd16-4e2f-be54-cf6999516ba1@group-655D07119256-StateMachineUpdater: Took a snapshot at index 0
2021-02-08 13:07:38,903 [2b6c692d-bd16-4e2f-be54-cf6999516ba1@group-655D07119256-StateMachineUpdater] INFO  impl.StateMachineUpdater (StateMachineUpdater.java:lambda$new$0(88)) - 2b6c692d-bd16-4e2f-be54-cf6999516ba1@group-655D07119256-StateMachineUpdater: snapshotIndex: updateIncreasingly -1 -> 0
2021-02-08 13:07:38,904 [2b6c692d-bd16-4e2f-be54-cf6999516ba1@group-655D07119256-StateMachineUpdater] INFO  metrics.RatisMetrics (RatisMetrics.java:unregister(43)) - Unregistering Metrics Registry : ratis.state_machine.2b6c692d-bd16-4e2f-be54-cf6999516ba1@group-655D07119256
2021-02-08 13:07:38,904 [Listener at 127.0.0.1/38393] INFO  server.RaftServer$Division (ServerState.java:close(405)) - 2b6c692d-bd16-4e2f-be54-cf6999516ba1@group-655D07119256: closes. applyIndex: 0
2021-02-08 13:07:38,904 [2b6c692d-bd16-4e2f-be54-cf6999516ba1@group-655D07119256-SegmentedRaftLogWorker] INFO  segmented.SegmentedRaftLogWorker (SegmentedRaftLogWorker.java:run(326)) - 2b6c692d-bd16-4e2f-be54-cf6999516ba1@group-655D07119256-SegmentedRaftLogWorker was interrupted, exiting. There are 0 tasks remaining in the queue.
2021-02-08 13:07:38,905 [Listener at 127.0.0.1/38393] INFO  segmented.SegmentedRaftLogWorker (SegmentedRaftLogWorker.java:close(236)) - 2b6c692d-bd16-4e2f-be54-cf6999516ba1@group-655D07119256-SegmentedRaftLogWorker close()
2021-02-08 13:07:38,906 [Listener at 127.0.0.1/38393] INFO  metrics.RatisMetrics (RatisMetrics.java:unregister(43)) - Unregistering Metrics Registry : ratis.log_worker.2b6c692d-bd16-4e2f-be54-cf6999516ba1@group-655D07119256
2021-02-08 13:07:38,906 [Listener at 127.0.0.1/38393] INFO  metrics.RatisMetrics (RatisMetrics.java:unregister(43)) - Unregistering Metrics Registry : ratis.leader_election.2b6c692d-bd16-4e2f-be54-cf6999516ba1@group-655D07119256
2021-02-08 13:07:38,906 [Listener at 127.0.0.1/38393] INFO  metrics.RatisMetrics (RatisMetrics.java:unregister(43)) - Unregistering Metrics Registry : ratis.server.2b6c692d-bd16-4e2f-be54-cf6999516ba1@group-655D07119256
2021-02-08 13:07:38,906 [Listener at 127.0.0.1/38393] INFO  server.RaftServer$Division (RaftServerImpl.java:lambda$close$4(406)) - 2b6c692d-bd16-4e2f-be54-cf6999516ba1@group-F2089C8F114B: shutdown
2021-02-08 13:07:38,906 [Listener at 127.0.0.1/38393] INFO  util.JmxRegister (JmxRegister.java:unregister(73)) - Successfully un-registered JMX Bean with object name Ratis:service=RaftServer,group=group-F2089C8F114B,id=2b6c692d-bd16-4e2f-be54-cf6999516ba1
2021-02-08 13:07:38,907 [Listener at 127.0.0.1/38393] INFO  impl.RoleInfo (RoleInfo.java:shutdownFollowerState(108)) - 2b6c692d-bd16-4e2f-be54-cf6999516ba1: shutdown 2b6c692d-bd16-4e2f-be54-cf6999516ba1@group-F2089C8F114B-FollowerState
2021-02-08 13:07:38,907 [Thread-805] INFO  impl.FollowerState (FollowerState.java:run(142)) - 2b6c692d-bd16-4e2f-be54-cf6999516ba1@group-F2089C8F114B-FollowerState was interrupted: {}
java.lang.InterruptedException: sleep interrupted
	at java.lang.Thread.sleep(Native Method)
	at java.lang.Thread.sleep(Thread.java:340)
	at java.util.concurrent.TimeUnit.sleep(TimeUnit.java:386)
	at org.apache.ratis.util.TimeDuration.sleep(TimeDuration.java:324)
	at org.apache.ratis.util.TimeDuration.sleep(TimeDuration.java:309)
	at org.apache.ratis.server.impl.FollowerState.run(FollowerState.java:117)
2021-02-08 13:07:38,907 [2b6c692d-bd16-4e2f-be54-cf6999516ba1@group-F2089C8F114B-StateMachineUpdater] INFO  ratis.ContainerStateMachine (ContainerStateMachine.java:takeSnapshot(291)) - group-F2089C8F114B: Taking a snapshot at:(t:2, i:0) file /github/workspace/mnt/ozone/hadoop-ozone/integration-test/target/test-dir/MiniOzoneClusterImpl-489e5869-bfe0-4080-b73d-d7b53c96c8d8/datanode-3/data/ratis/a13e55f8-f91e-44ff-ac34-f2089c8f114b/sm/snapshot.2_0
2021-02-08 13:07:38,907 [Listener at 127.0.0.1/38393] INFO  impl.StateMachineUpdater (StateMachineUpdater.java:stopAndJoin(148)) - 2b6c692d-bd16-4e2f-be54-cf6999516ba1@group-F2089C8F114B-StateMachineUpdater: set stopIndex = 0
2021-02-08 13:07:38,908 [2b6c692d-bd16-4e2f-be54-cf6999516ba1@group-F2089C8F114B-StateMachineUpdater] INFO  ratis.ContainerStateMachine (ContainerStateMachine.java:takeSnapshot(302)) - group-F2089C8F114B: Finished taking a snapshot at:(t:2, i:0) file:/github/workspace/mnt/ozone/hadoop-ozone/integration-test/target/test-dir/MiniOzoneClusterImpl-489e5869-bfe0-4080-b73d-d7b53c96c8d8/datanode-3/data/ratis/a13e55f8-f91e-44ff-ac34-f2089c8f114b/sm/snapshot.2_0 took: 1 ms
2021-02-08 13:07:38,908 [2b6c692d-bd16-4e2f-be54-cf6999516ba1@group-F2089C8F114B-StateMachineUpdater] INFO  impl.StateMachineUpdater (StateMachineUpdater.java:takeSnapshot(279)) - 2b6c692d-bd16-4e2f-be54-cf6999516ba1@group-F2089C8F114B-StateMachineUpdater: Took a snapshot at index 0
2021-02-08 13:07:38,908 [2b6c692d-bd16-4e2f-be54-cf6999516ba1@group-F2089C8F114B-StateMachineUpdater] INFO  impl.StateMachineUpdater (StateMachineUpdater.java:lambda$new$0(88)) - 2b6c692d-bd16-4e2f-be54-cf6999516ba1@group-F2089C8F114B-StateMachineUpdater: snapshotIndex: updateIncreasingly -1 -> 0
2021-02-08 13:07:38,908 [2b6c692d-bd16-4e2f-be54-cf6999516ba1@group-F2089C8F114B-StateMachineUpdater] INFO  metrics.RatisMetrics (RatisMetrics.java:unregister(43)) - Unregistering Metrics Registry : ratis.state_machine.2b6c692d-bd16-4e2f-be54-cf6999516ba1@group-F2089C8F114B
2021-02-08 13:07:38,909 [Listener at 127.0.0.1/38393] INFO  server.RaftServer$Division (ServerState.java:close(405)) - 2b6c692d-bd16-4e2f-be54-cf6999516ba1@group-F2089C8F114B: closes. applyIndex: 0
2021-02-08 13:07:38,909 [2b6c692d-bd16-4e2f-be54-cf6999516ba1@group-F2089C8F114B-SegmentedRaftLogWorker] INFO  segmented.SegmentedRaftLogWorker (SegmentedRaftLogWorker.java:run(326)) - 2b6c692d-bd16-4e2f-be54-cf6999516ba1@group-F2089C8F114B-SegmentedRaftLogWorker was interrupted, exiting. There are 0 tasks remaining in the queue.
2021-02-08 13:07:38,910 [Listener at 127.0.0.1/38393] INFO  segmented.SegmentedRaftLogWorker (SegmentedRaftLogWorker.java:close(236)) - 2b6c692d-bd16-4e2f-be54-cf6999516ba1@group-F2089C8F114B-SegmentedRaftLogWorker close()
2021-02-08 13:07:38,912 [Listener at 127.0.0.1/38393] INFO  metrics.RatisMetrics (RatisMetrics.java:unregister(43)) - Unregistering Metrics Registry : ratis.log_worker.2b6c692d-bd16-4e2f-be54-cf6999516ba1@group-F2089C8F114B
2021-02-08 13:07:38,912 [Listener at 127.0.0.1/38393] INFO  metrics.RatisMetrics (RatisMetrics.java:unregister(43)) - Unregistering Metrics Registry : ratis.leader_election.2b6c692d-bd16-4e2f-be54-cf6999516ba1@group-F2089C8F114B
2021-02-08 13:07:38,916 [Listener at 127.0.0.1/38393] INFO  metrics.RatisMetrics (RatisMetrics.java:unregister(43)) - Unregistering Metrics Registry : ratis.server.2b6c692d-bd16-4e2f-be54-cf6999516ba1@group-F2089C8F114B
2021-02-08 13:07:38,916 [Listener at 127.0.0.1/38393] INFO  server.GrpcService (GrpcService.java:closeImpl(262)) - 2b6c692d-bd16-4e2f-be54-cf6999516ba1: shutdown server with port 33969 now
2021-02-08 13:07:38,919 [grpc-default-executor-2] WARN  server.GrpcServerProtocolService (LogUtils.java:warn(122)) - 2b6c692d-bd16-4e2f-be54-cf6999516ba1: installSnapshot onError, lastRequest: 2534f833-6bfe-45b3-bb55-3e90c3f01f9c->2b6c692d-bd16-4e2f-be54-cf6999516ba1#1-t2,previous=(t:0, i:0),leaderCommit=0,initializing? true,entries: size=1, first=(t:2, i:0), CONFIGURATIONENTRY: org.apache.ratis.thirdparty.io.grpc.StatusRuntimeException: CANCELLED: client cancelled
2021-02-08 13:07:38,919 [grpc-default-executor-0] WARN  server.GrpcLogAppender (LogUtils.java:warn(122)) - 2534f833-6bfe-45b3-bb55-3e90c3f01f9c@group-F2089C8F114B->2b6c692d-bd16-4e2f-be54-cf6999516ba1-AppendLogResponseHandler: Failed appendEntries: org.apache.ratis.thirdparty.io.grpc.StatusRuntimeException: CANCELLED: HTTP/2 error code: CANCEL
Received Rst Stream
2021-02-08 13:07:38,919 [grpc-default-executor-0] WARN  server.GrpcLogAppender (GrpcLogAppender.java:resetClient(111)) - 2534f833-6bfe-45b3-bb55-3e90c3f01f9c@group-F2089C8F114B->2b6c692d-bd16-4e2f-be54-cf6999516ba1-GrpcLogAppender: Leader has not got in touch with Follower 2534f833-6bfe-45b3-bb55-3e90c3f01f9c@group-F2089C8F114B->2b6c692d-bd16-4e2f-be54-cf6999516ba1(c0,m0,n1, attendVote=true, lastRpcSendTime=1680, lastRpcResponseTime=1669) yet, just keep nextIndex unchanged and retry.
2021-02-08 13:07:38,935 [Listener at 127.0.0.1/38393] INFO  server.GrpcService (GrpcService.java:closeImpl(271)) - 2b6c692d-bd16-4e2f-be54-cf6999516ba1: shutdown server with port 33969 successfully
2021-02-08 13:07:38,936 [org.apache.ratis.util.JvmPauseMonitor$$Lambda$504/1698180828@e592e08] INFO  util.JvmPauseMonitor (JvmPauseMonitor.java:run(109)) - JvmPauseMonitor-2b6c692d-bd16-4e2f-be54-cf6999516ba1: Stopped
2021-02-08 13:07:38,936 [Listener at 127.0.0.1/38393] INFO  utils.BackgroundService (BackgroundService.java:shutdown(132)) - Shutting down service BlockDeletingService
2021-02-08 13:07:38,970 [Listener at 127.0.0.1/38393] INFO  statemachine.DatanodeStateMachine (DatanodeStateMachine.java:stopDaemon(470)) - Ozone container server stopped.
2021-02-08 13:07:38,991 [ForkJoinPool.commonPool-worker-0] INFO  ozoneimpl.OzoneContainer (OzoneContainer.java:stop(273)) - Attempting to stop container services.
2021-02-08 13:07:38,991 [ForkJoinPool.commonPool-worker-0] INFO  server.RaftServer (RaftServerProxy.java:lambda$close$6(391)) - fc0eeb26-f5a4-40eb-8987-0eeb9e81290f: close
2021-02-08 13:07:38,991 [ForkJoinPool.commonPool-worker-0] INFO  server.RaftServer$Division (RaftServerImpl.java:lambda$close$4(406)) - fc0eeb26-f5a4-40eb-8987-0eeb9e81290f@group-2693516F719D: shutdown
2021-02-08 13:07:38,991 [ForkJoinPool.commonPool-worker-0] INFO  util.JmxRegister (JmxRegister.java:unregister(73)) - Successfully un-registered JMX Bean with object name Ratis:service=RaftServer,group=group-2693516F719D,id=fc0eeb26-f5a4-40eb-8987-0eeb9e81290f
2021-02-08 13:07:38,991 [ForkJoinPool.commonPool-worker-0] INFO  impl.RoleInfo (RoleInfo.java:shutdownLeaderState(91)) - fc0eeb26-f5a4-40eb-8987-0eeb9e81290f: shutdown fc0eeb26-f5a4-40eb-8987-0eeb9e81290f@group-2693516F719D-LeaderStateImpl
2021-02-08 13:07:38,991 [ForkJoinPool.commonPool-worker-0] INFO  impl.PendingRequests (PendingRequests.java:sendNotLeaderResponses(249)) - fc0eeb26-f5a4-40eb-8987-0eeb9e81290f@group-2693516F719D-PendingRequests: sendNotLeaderResponses
2021-02-08 13:07:38,991 [ForkJoinPool.commonPool-worker-0] INFO  metrics.RatisMetrics (RatisMetrics.java:unregister(43)) - Unregistering Metrics Registry : ratis.log_appender.fc0eeb26-f5a4-40eb-8987-0eeb9e81290f@group-2693516F719D
2021-02-08 13:07:38,992 [ForkJoinPool.commonPool-worker-0] INFO  metrics.RatisMetrics (RatisMetrics.java:unregister(43)) - Unregistering Metrics Registry : ratis.server.fc0eeb26-f5a4-40eb-8987-0eeb9e81290f@group-2693516F719D
2021-02-08 13:07:38,992 [ForkJoinPool.commonPool-worker-0] INFO  impl.StateMachineUpdater (StateMachineUpdater.java:stopAndJoin(148)) - fc0eeb26-f5a4-40eb-8987-0eeb9e81290f@group-2693516F719D-StateMachineUpdater: set stopIndex = 0
2021-02-08 13:07:38,995 [fc0eeb26-f5a4-40eb-8987-0eeb9e81290f@group-2693516F719D-StateMachineUpdater] INFO  ratis.ContainerStateMachine (ContainerStateMachine.java:takeSnapshot(291)) - group-2693516F719D: Taking a snapshot at:(t:1, i:0) file /github/workspace/mnt/ozone/hadoop-ozone/integration-test/target/test-dir/MiniOzoneClusterImpl-489e5869-bfe0-4080-b73d-d7b53c96c8d8/datanode-2/data/ratis/c705e97d-344b-41b0-aafb-2693516f719d/sm/snapshot.1_0
2021-02-08 13:07:38,995 [fc0eeb26-f5a4-40eb-8987-0eeb9e81290f@group-2693516F719D-StateMachineUpdater] INFO  ratis.ContainerStateMachine (ContainerStateMachine.java:takeSnapshot(302)) - group-2693516F719D: Finished taking a snapshot at:(t:1, i:0) file:/github/workspace/mnt/ozone/hadoop-ozone/integration-test/target/test-dir/MiniOzoneClusterImpl-489e5869-bfe0-4080-b73d-d7b53c96c8d8/datanode-2/data/ratis/c705e97d-344b-41b0-aafb-2693516f719d/sm/snapshot.1_0 took: 1 ms
2021-02-08 13:07:38,996 [fc0eeb26-f5a4-40eb-8987-0eeb9e81290f@group-2693516F719D-StateMachineUpdater] INFO  impl.StateMachineUpdater (StateMachineUpdater.java:takeSnapshot(279)) - fc0eeb26-f5a4-40eb-8987-0eeb9e81290f@group-2693516F719D-StateMachineUpdater: Took a snapshot at index 0
2021-02-08 13:07:38,996 [fc0eeb26-f5a4-40eb-8987-0eeb9e81290f@group-2693516F719D-StateMachineUpdater] INFO  impl.StateMachineUpdater (StateMachineUpdater.java:lambda$new$0(88)) - fc0eeb26-f5a4-40eb-8987-0eeb9e81290f@group-2693516F719D-StateMachineUpdater: snapshotIndex: updateIncreasingly -1 -> 0
2021-02-08 13:07:38,996 [fc0eeb26-f5a4-40eb-8987-0eeb9e81290f@group-2693516F719D-StateMachineUpdater] INFO  metrics.RatisMetrics (RatisMetrics.java:unregister(43)) - Unregistering Metrics Registry : ratis.state_machine.fc0eeb26-f5a4-40eb-8987-0eeb9e81290f@group-2693516F719D
2021-02-08 13:07:38,996 [ForkJoinPool.commonPool-worker-0] INFO  server.RaftServer$Division (ServerState.java:close(405)) - fc0eeb26-f5a4-40eb-8987-0eeb9e81290f@group-2693516F719D: closes. applyIndex: 0
2021-02-08 13:07:38,996 [fc0eeb26-f5a4-40eb-8987-0eeb9e81290f@group-2693516F719D-SegmentedRaftLogWorker] INFO  segmented.SegmentedRaftLogWorker (SegmentedRaftLogWorker.java:run(326)) - fc0eeb26-f5a4-40eb-8987-0eeb9e81290f@group-2693516F719D-SegmentedRaftLogWorker was interrupted, exiting. There are 0 tasks remaining in the queue.
2021-02-08 13:07:38,997 [ForkJoinPool.commonPool-worker-0] INFO  segmented.SegmentedRaftLogWorker (SegmentedRaftLogWorker.java:close(236)) - fc0eeb26-f5a4-40eb-8987-0eeb9e81290f@group-2693516F719D-SegmentedRaftLogWorker close()
2021-02-08 13:07:39,002 [ForkJoinPool.commonPool-worker-0] INFO  metrics.RatisMetrics (RatisMetrics.java:unregister(43)) - Unregistering Metrics Registry : ratis.log_worker.fc0eeb26-f5a4-40eb-8987-0eeb9e81290f@group-2693516F719D
2021-02-08 13:07:39,002 [ForkJoinPool.commonPool-worker-0] INFO  metrics.RatisMetrics (RatisMetrics.java:unregister(43)) - Unregistering Metrics Registry : ratis.leader_election.fc0eeb26-f5a4-40eb-8987-0eeb9e81290f@group-2693516F719D
2021-02-08 13:07:39,002 [ForkJoinPool.commonPool-worker-0] INFO  metrics.RatisMetrics (RatisMetrics.java:unregister(43)) - Unregistering Metrics Registry : ratis.server.fc0eeb26-f5a4-40eb-8987-0eeb9e81290f@group-2693516F719D
2021-02-08 13:07:39,002 [ForkJoinPool.commonPool-worker-0] INFO  server.RaftServer$Division (RaftServerImpl.java:lambda$close$4(406)) - fc0eeb26-f5a4-40eb-8987-0eeb9e81290f@group-CB02C2DB3C87: shutdown
2021-02-08 13:07:39,002 [ForkJoinPool.commonPool-worker-0] INFO  util.JmxRegister (JmxRegister.java:unregister(73)) - Successfully un-registered JMX Bean with object name Ratis:service=RaftServer,group=group-CB02C2DB3C87,id=fc0eeb26-f5a4-40eb-8987-0eeb9e81290f
2021-02-08 13:07:39,002 [ForkJoinPool.commonPool-worker-0] INFO  impl.RoleInfo (RoleInfo.java:shutdownLeaderState(91)) - fc0eeb26-f5a4-40eb-8987-0eeb9e81290f: shutdown fc0eeb26-f5a4-40eb-8987-0eeb9e81290f@group-CB02C2DB3C87-LeaderStateImpl
2021-02-08 13:07:39,002 [ForkJoinPool.commonPool-worker-0] INFO  metrics.RatisMetrics (RatisMetrics.java:unregister(43)) - Unregistering Metrics Registry : ratis_grpc.log_appender.fc0eeb26-f5a4-40eb-8987-0eeb9e81290f@group-CB02C2DB3C87
2021-02-08 13:07:39,002 [ForkJoinPool.commonPool-worker-0] INFO  metrics.RatisMetrics (RatisMetrics.java:unregister(43)) - Unregistering Metrics Registry : ratis_grpc.log_appender.fc0eeb26-f5a4-40eb-8987-0eeb9e81290f@group-CB02C2DB3C87
2021-02-08 13:07:39,002 [fc0eeb26-f5a4-40eb-8987-0eeb9e81290f@group-CB02C2DB3C87->76df9516-c5cc-44f1-9ecc-163502ad41b5-GrpcLogAppender-LogAppenderDaemon] WARN  server.GrpcLogAppender (GrpcLogAppender.java:mayWait(175)) - fc0eeb26-f5a4-40eb-8987-0eeb9e81290f@group-CB02C2DB3C87->76df9516-c5cc-44f1-9ecc-163502ad41b5-GrpcLogAppender: Wait interrupted by java.lang.InterruptedException
2021-02-08 13:07:39,002 [ForkJoinPool.commonPool-worker-0] INFO  impl.PendingRequests (PendingRequests.java:sendNotLeaderResponses(249)) - fc0eeb26-f5a4-40eb-8987-0eeb9e81290f@group-CB02C2DB3C87-PendingRequests: sendNotLeaderResponses
2021-02-08 13:07:39,003 [fc0eeb26-f5a4-40eb-8987-0eeb9e81290f@group-CB02C2DB3C87->61a3106f-4412-450d-ae4e-54e9a62c2593-GrpcLogAppender-LogAppenderDaemon] WARN  server.GrpcLogAppender (GrpcLogAppender.java:mayWait(175)) - fc0eeb26-f5a4-40eb-8987-0eeb9e81290f@group-CB02C2DB3C87->61a3106f-4412-450d-ae4e-54e9a62c2593-GrpcLogAppender: Wait interrupted by java.lang.InterruptedException
2021-02-08 13:07:39,004 [grpc-default-executor-5] INFO  server.GrpcServerProtocolService (GrpcServerProtocolService.java:onCompleted(138)) - 61a3106f-4412-450d-ae4e-54e9a62c2593: Completed APPEND_ENTRIES, lastRequest: fc0eeb26-f5a4-40eb-8987-0eeb9e81290f->61a3106f-4412-450d-ae4e-54e9a62c2593#9-t3,previous=(t:3, i:1),leaderCommit=1,initializing? true,entries: size=1, first=(t:3, i:2), METADATAENTRY(c:1)
2021-02-08 13:07:39,004 [grpc-default-executor-0] INFO  server.GrpcLogAppender (GrpcLogAppender.java:onCompleted(344)) - fc0eeb26-f5a4-40eb-8987-0eeb9e81290f@group-CB02C2DB3C87->61a3106f-4412-450d-ae4e-54e9a62c2593-AppendLogResponseHandler: follower responses appendEntries COMPLETED
2021-02-08 13:07:39,004 [grpc-default-executor-0] INFO  leader.FollowerInfo (FollowerInfoImpl.java:lambda$new$0(46)) - fc0eeb26-f5a4-40eb-8987-0eeb9e81290f@group-CB02C2DB3C87->61a3106f-4412-450d-ae4e-54e9a62c2593: nextIndex: updateUnconditionally 3 -> 2
2021-02-08 13:07:39,005 [ForkJoinPool.commonPool-worker-0] INFO  metrics.RatisMetrics (RatisMetrics.java:unregister(43)) - Unregistering Metrics Registry : ratis.log_appender.fc0eeb26-f5a4-40eb-8987-0eeb9e81290f@group-CB02C2DB3C87
2021-02-08 13:07:39,005 [ForkJoinPool.commonPool-worker-0] INFO  metrics.RatisMetrics (RatisMetrics.java:unregister(43)) - Unregistering Metrics Registry : ratis.server.fc0eeb26-f5a4-40eb-8987-0eeb9e81290f@group-CB02C2DB3C87
2021-02-08 13:07:39,006 [ForkJoinPool.commonPool-worker-0] INFO  impl.StateMachineUpdater (StateMachineUpdater.java:stopAndJoin(148)) - fc0eeb26-f5a4-40eb-8987-0eeb9e81290f@group-CB02C2DB3C87-StateMachineUpdater: set stopIndex = 2
2021-02-08 13:07:39,006 [fc0eeb26-f5a4-40eb-8987-0eeb9e81290f@group-CB02C2DB3C87-StateMachineUpdater] INFO  ratis.ContainerStateMachine (ContainerStateMachine.java:takeSnapshot(291)) - group-CB02C2DB3C87: Taking a snapshot at:(t:3, i:2) file /github/workspace/mnt/ozone/hadoop-ozone/integration-test/target/test-dir/MiniOzoneClusterImpl-489e5869-bfe0-4080-b73d-d7b53c96c8d8/datanode-2/data/ratis/a11de40c-9c50-46d9-a87a-cb02c2db3c87/sm/snapshot.3_2
2021-02-08 13:07:39,007 [fc0eeb26-f5a4-40eb-8987-0eeb9e81290f@group-CB02C2DB3C87-StateMachineUpdater] INFO  ratis.ContainerStateMachine (ContainerStateMachine.java:takeSnapshot(302)) - group-CB02C2DB3C87: Finished taking a snapshot at:(t:3, i:2) file:/github/workspace/mnt/ozone/hadoop-ozone/integration-test/target/test-dir/MiniOzoneClusterImpl-489e5869-bfe0-4080-b73d-d7b53c96c8d8/datanode-2/data/ratis/a11de40c-9c50-46d9-a87a-cb02c2db3c87/sm/snapshot.3_2 took: 0 ms
2021-02-08 13:07:39,007 [Listener at 127.0.0.1/38393] INFO  handler.ContextHandler (ContextHandler.java:doStop(1154)) - Stopped o.e.j.w.WebAppContext@59ee81d7{hddsDatanode,/,null,STOPPED}{jar:file:/home/user/.m2/repository/org/apache/hadoop/hadoop-hdds-container-service/1.1.0-SNAPSHOT/hadoop-hdds-container-service-1.1.0-SNAPSHOT.jar!/webapps/hddsDatanode}
2021-02-08 13:07:39,007 [fc0eeb26-f5a4-40eb-8987-0eeb9e81290f@group-CB02C2DB3C87-StateMachineUpdater] INFO  impl.StateMachineUpdater (StateMachineUpdater.java:takeSnapshot(279)) - fc0eeb26-f5a4-40eb-8987-0eeb9e81290f@group-CB02C2DB3C87-StateMachineUpdater: Took a snapshot at index 2
2021-02-08 13:07:39,007 [fc0eeb26-f5a4-40eb-8987-0eeb9e81290f@group-CB02C2DB3C87-StateMachineUpdater] INFO  impl.StateMachineUpdater (StateMachineUpdater.java:lambda$new$0(88)) - fc0eeb26-f5a4-40eb-8987-0eeb9e81290f@group-CB02C2DB3C87-StateMachineUpdater: snapshotIndex: updateIncreasingly -1 -> 2
2021-02-08 13:07:39,007 [fc0eeb26-f5a4-40eb-8987-0eeb9e81290f@group-CB02C2DB3C87-StateMachineUpdater] INFO  metrics.RatisMetrics (RatisMetrics.java:unregister(43)) - Unregistering Metrics Registry : ratis.state_machine.fc0eeb26-f5a4-40eb-8987-0eeb9e81290f@group-CB02C2DB3C87
2021-02-08 13:07:39,008 [ForkJoinPool.commonPool-worker-0] INFO  server.RaftServer$Division (ServerState.java:close(405)) - fc0eeb26-f5a4-40eb-8987-0eeb9e81290f@group-CB02C2DB3C87: closes. applyIndex: 2
2021-02-08 13:07:39,008 [fc0eeb26-f5a4-40eb-8987-0eeb9e81290f@group-CB02C2DB3C87-SegmentedRaftLogWorker] INFO  segmented.SegmentedRaftLogWorker (SegmentedRaftLogWorker.java:run(326)) - fc0eeb26-f5a4-40eb-8987-0eeb9e81290f@group-CB02C2DB3C87-SegmentedRaftLogWorker was interrupted, exiting. There are 0 tasks remaining in the queue.
2021-02-08 13:07:39,008 [ForkJoinPool.commonPool-worker-0] INFO  segmented.SegmentedRaftLogWorker (SegmentedRaftLogWorker.java:close(236)) - fc0eeb26-f5a4-40eb-8987-0eeb9e81290f@group-CB02C2DB3C87-SegmentedRaftLogWorker close()
2021-02-08 13:07:39,017 [ForkJoinPool.commonPool-worker-0] INFO  metrics.RatisMetrics (RatisMetrics.java:unregister(43)) - Unregistering Metrics Registry : ratis.log_worker.fc0eeb26-f5a4-40eb-8987-0eeb9e81290f@group-CB02C2DB3C87
2021-02-08 13:07:39,017 [ForkJoinPool.commonPool-worker-0] INFO  metrics.RatisMetrics (RatisMetrics.java:unregister(43)) - Unregistering Metrics Registry : ratis.leader_election.fc0eeb26-f5a4-40eb-8987-0eeb9e81290f@group-CB02C2DB3C87
2021-02-08 13:07:39,017 [ForkJoinPool.commonPool-worker-0] INFO  metrics.RatisMetrics (RatisMetrics.java:unregister(43)) - Unregistering Metrics Registry : ratis.server.fc0eeb26-f5a4-40eb-8987-0eeb9e81290f@group-CB02C2DB3C87
2021-02-08 13:07:39,017 [ForkJoinPool.commonPool-worker-0] INFO  server.RaftServer$Division (RaftServerImpl.java:lambda$close$4(406)) - fc0eeb26-f5a4-40eb-8987-0eeb9e81290f@group-A9061CC89C88: shutdown
2021-02-08 13:07:39,017 [ForkJoinPool.commonPool-worker-0] INFO  util.JmxRegister (JmxRegister.java:unregister(73)) - Successfully un-registered JMX Bean with object name Ratis:service=RaftServer,group=group-A9061CC89C88,id=fc0eeb26-f5a4-40eb-8987-0eeb9e81290f
2021-02-08 13:07:39,017 [ForkJoinPool.commonPool-worker-0] INFO  impl.RoleInfo (RoleInfo.java:shutdownFollowerState(108)) - fc0eeb26-f5a4-40eb-8987-0eeb9e81290f: shutdown fc0eeb26-f5a4-40eb-8987-0eeb9e81290f@group-A9061CC89C88-FollowerState
2021-02-08 13:07:39,017 [Thread-871] INFO  impl.FollowerState (FollowerState.java:run(142)) - fc0eeb26-f5a4-40eb-8987-0eeb9e81290f@group-A9061CC89C88-FollowerState was interrupted: {}
java.lang.InterruptedException: sleep interrupted
	at java.lang.Thread.sleep(Native Method)
	at java.lang.Thread.sleep(Thread.java:340)
	at java.util.concurrent.TimeUnit.sleep(TimeUnit.java:386)
	at org.apache.ratis.util.TimeDuration.sleep(TimeDuration.java:324)
	at org.apache.ratis.util.TimeDuration.sleep(TimeDuration.java:309)
	at org.apache.ratis.server.impl.FollowerState.run(FollowerState.java:117)
2021-02-08 13:07:39,018 [ForkJoinPool.commonPool-worker-0] INFO  impl.StateMachineUpdater (StateMachineUpdater.java:stopAndJoin(148)) - fc0eeb26-f5a4-40eb-8987-0eeb9e81290f@group-A9061CC89C88-StateMachineUpdater: set stopIndex = 0
2021-02-08 13:07:39,018 [fc0eeb26-f5a4-40eb-8987-0eeb9e81290f@group-A9061CC89C88-StateMachineUpdater] INFO  ratis.ContainerStateMachine (ContainerStateMachine.java:takeSnapshot(291)) - group-A9061CC89C88: Taking a snapshot at:(t:1, i:0) file /github/workspace/mnt/ozone/hadoop-ozone/integration-test/target/test-dir/MiniOzoneClusterImpl-489e5869-bfe0-4080-b73d-d7b53c96c8d8/datanode-2/data/ratis/d16511c0-ad72-4a36-9e78-a9061cc89c88/sm/snapshot.1_0
2021-02-08 13:07:39,018 [Listener at 127.0.0.1/38393] INFO  server.AbstractConnector (AbstractConnector.java:doStop(381)) - Stopped ServerConnector@17194540{HTTP/1.1, (http/1.1)}{0.0.0.0:0}
2021-02-08 13:07:39,018 [Listener at 127.0.0.1/38393] INFO  server.session (HouseKeeper.java:stopScavenging(149)) - node0 Stopped scavenging
2021-02-08 13:07:39,019 [Listener at 127.0.0.1/38393] INFO  handler.ContextHandler (ContextHandler.java:doStop(1154)) - Stopped o.e.j.s.ServletContextHandler@53e8acee{static,/static,jar:file:/home/user/.m2/repository/org/apache/hadoop/hadoop-hdds-container-service/1.1.0-SNAPSHOT/hadoop-hdds-container-service-1.1.0-SNAPSHOT.jar!/webapps/static,STOPPED}
2021-02-08 13:07:39,022 [Listener at 127.0.0.1/38393] INFO  handler.ContextHandler (ContextHandler.java:doStop(1154)) - Stopped o.e.j.s.ServletContextHandler@4f174dbe{logs,/logs,file:///github/workspace/mnt/ozone/hadoop-ozone/integration-test/target/log,STOPPED}
2021-02-08 13:07:39,023 [fc0eeb26-f5a4-40eb-8987-0eeb9e81290f@group-A9061CC89C88-StateMachineUpdater] INFO  ratis.ContainerStateMachine (ContainerStateMachine.java:takeSnapshot(302)) - group-A9061CC89C88: Finished taking a snapshot at:(t:1, i:0) file:/github/workspace/mnt/ozone/hadoop-ozone/integration-test/target/test-dir/MiniOzoneClusterImpl-489e5869-bfe0-4080-b73d-d7b53c96c8d8/datanode-2/data/ratis/d16511c0-ad72-4a36-9e78-a9061cc89c88/sm/snapshot.1_0 took: 5 ms
2021-02-08 13:07:39,023 [fc0eeb26-f5a4-40eb-8987-0eeb9e81290f@group-A9061CC89C88-StateMachineUpdater] INFO  impl.StateMachineUpdater (StateMachineUpdater.java:takeSnapshot(279)) - fc0eeb26-f5a4-40eb-8987-0eeb9e81290f@group-A9061CC89C88-StateMachineUpdater: Took a snapshot at index 0
2021-02-08 13:07:39,023 [fc0eeb26-f5a4-40eb-8987-0eeb9e81290f@group-A9061CC89C88-StateMachineUpdater] INFO  impl.StateMachineUpdater (StateMachineUpdater.java:lambda$new$0(88)) - fc0eeb26-f5a4-40eb-8987-0eeb9e81290f@group-A9061CC89C88-StateMachineUpdater: snapshotIndex: updateIncreasingly -1 -> 0
2021-02-08 13:07:39,023 [fc0eeb26-f5a4-40eb-8987-0eeb9e81290f@group-A9061CC89C88-StateMachineUpdater] INFO  metrics.RatisMetrics (RatisMetrics.java:unregister(43)) - Unregistering Metrics Registry : ratis.state_machine.fc0eeb26-f5a4-40eb-8987-0eeb9e81290f@group-A9061CC89C88
2021-02-08 13:07:39,023 [ForkJoinPool.commonPool-worker-0] INFO  server.RaftServer$Division (ServerState.java:close(405)) - fc0eeb26-f5a4-40eb-8987-0eeb9e81290f@group-A9061CC89C88: closes. applyIndex: 0
2021-02-08 13:07:39,024 [fc0eeb26-f5a4-40eb-8987-0eeb9e81290f@group-A9061CC89C88-SegmentedRaftLogWorker] INFO  segmented.SegmentedRaftLogWorker (SegmentedRaftLogWorker.java:run(326)) - fc0eeb26-f5a4-40eb-8987-0eeb9e81290f@group-A9061CC89C88-SegmentedRaftLogWorker was interrupted, exiting. There are 0 tasks remaining in the queue.
2021-02-08 13:07:39,024 [ForkJoinPool.commonPool-worker-0] INFO  segmented.SegmentedRaftLogWorker (SegmentedRaftLogWorker.java:close(236)) - fc0eeb26-f5a4-40eb-8987-0eeb9e81290f@group-A9061CC89C88-SegmentedRaftLogWorker close()
2021-02-08 13:07:39,026 [ForkJoinPool.commonPool-worker-0] INFO  metrics.RatisMetrics (RatisMetrics.java:unregister(43)) - Unregistering Metrics Registry : ratis.log_worker.fc0eeb26-f5a4-40eb-8987-0eeb9e81290f@group-A9061CC89C88
2021-02-08 13:07:39,026 [ForkJoinPool.commonPool-worker-0] INFO  metrics.RatisMetrics (RatisMetrics.java:unregister(43)) - Unregistering Metrics Registry : ratis.leader_election.fc0eeb26-f5a4-40eb-8987-0eeb9e81290f@group-A9061CC89C88
2021-02-08 13:07:39,026 [ForkJoinPool.commonPool-worker-0] INFO  metrics.RatisMetrics (RatisMetrics.java:unregister(43)) - Unregistering Metrics Registry : ratis.server.fc0eeb26-f5a4-40eb-8987-0eeb9e81290f@group-A9061CC89C88
2021-02-08 13:07:39,026 [ForkJoinPool.commonPool-worker-0] INFO  server.GrpcService (GrpcService.java:closeImpl(262)) - fc0eeb26-f5a4-40eb-8987-0eeb9e81290f: shutdown server with port 39069 now
2021-02-08 13:07:39,029 [ForkJoinPool.commonPool-worker-0] INFO  server.GrpcService (GrpcService.java:closeImpl(271)) - fc0eeb26-f5a4-40eb-8987-0eeb9e81290f: shutdown server with port 39069 successfully
2021-02-08 13:07:39,030 [org.apache.ratis.util.JvmPauseMonitor$$Lambda$504/1698180828@2b6948f8] INFO  util.JvmPauseMonitor (JvmPauseMonitor.java:run(109)) - JvmPauseMonitor-fc0eeb26-f5a4-40eb-8987-0eeb9e81290f: Stopped
2021-02-08 13:07:39,031 [ForkJoinPool.commonPool-worker-0] INFO  utils.BackgroundService (BackgroundService.java:shutdown(132)) - Shutting down service BlockDeletingService
2021-02-08 13:07:39,032 [ForkJoinPool.commonPool-worker-0] INFO  statemachine.DatanodeStateMachine (DatanodeStateMachine.java:stopDaemon(470)) - Ozone container server stopped.
2021-02-08 13:07:39,043 [ForkJoinPool.commonPool-worker-0] INFO  handler.ContextHandler (ContextHandler.java:doStop(1154)) - Stopped o.e.j.w.WebAppContext@562a8b19{hddsDatanode,/,null,STOPPED}{jar:file:/home/user/.m2/repository/org/apache/hadoop/hadoop-hdds-container-service/1.1.0-SNAPSHOT/hadoop-hdds-container-service-1.1.0-SNAPSHOT.jar!/webapps/hddsDatanode}
2021-02-08 13:07:39,043 [ForkJoinPool.commonPool-worker-0] INFO  server.AbstractConnector (AbstractConnector.java:doStop(381)) - Stopped ServerConnector@66064559{HTTP/1.1, (http/1.1)}{0.0.0.0:0}
2021-02-08 13:07:39,043 [ForkJoinPool.commonPool-worker-0] INFO  server.session (HouseKeeper.java:stopScavenging(149)) - node0 Stopped scavenging
2021-02-08 13:07:39,049 [ForkJoinPool.commonPool-worker-0] INFO  handler.ContextHandler (ContextHandler.java:doStop(1154)) - Stopped o.e.j.s.ServletContextHandler@7fbf8c5b{static,/static,jar:file:/home/user/.m2/repository/org/apache/hadoop/hadoop-hdds-container-service/1.1.0-SNAPSHOT/hadoop-hdds-container-service-1.1.0-SNAPSHOT.jar!/webapps/static,STOPPED}
2021-02-08 13:07:39,053 [ForkJoinPool.commonPool-worker-0] INFO  handler.ContextHandler (ContextHandler.java:doStop(1154)) - Stopped o.e.j.s.ServletContextHandler@62a7c847{logs,/logs,file:///github/workspace/mnt/ozone/hadoop-ozone/integration-test/target/log,STOPPED}
2021-02-08 13:07:39,457 [Datanode State Machine Thread - 0] INFO  statemachine.DatanodeStateMachine (DatanodeStateMachine.java:lambda$startDaemon$0(412)) - Ozone container server started.
2021-02-08 13:07:39,737 [grpc-default-executor-5] WARN  server.GrpcLogAppender (LogUtils.java:warn(122)) - 2534f833-6bfe-45b3-bb55-3e90c3f01f9c@group-F2089C8F114B->81ab00b2-2f95-4a2f-a7cf-2c0713c6a9d2-AppendLogResponseHandler: Failed appendEntries: org.apache.ratis.thirdparty.io.grpc.StatusRuntimeException: UNAVAILABLE: io exception
2021-02-08 13:07:39,738 [grpc-default-executor-5] WARN  server.GrpcLogAppender (GrpcLogAppender.java:resetClient(111)) - 2534f833-6bfe-45b3-bb55-3e90c3f01f9c@group-F2089C8F114B->81ab00b2-2f95-4a2f-a7cf-2c0713c6a9d2-GrpcLogAppender: Leader has not got in touch with Follower 2534f833-6bfe-45b3-bb55-3e90c3f01f9c@group-F2089C8F114B->81ab00b2-2f95-4a2f-a7cf-2c0713c6a9d2(c0,m0,n1, attendVote=true, lastRpcSendTime=0, lastRpcResponseTime=7513) yet, just keep nextIndex unchanged and retry.
2021-02-08 13:07:39,751 [grpc-default-executor-0] WARN  server.GrpcLogAppender (LogUtils.java:warn(122)) - 2534f833-6bfe-45b3-bb55-3e90c3f01f9c@group-F2089C8F114B->2b6c692d-bd16-4e2f-be54-cf6999516ba1-AppendLogResponseHandler: Failed appendEntries: org.apache.ratis.thirdparty.io.grpc.StatusRuntimeException: UNAVAILABLE: io exception
2021-02-08 13:07:39,751 [grpc-default-executor-0] WARN  server.GrpcLogAppender (GrpcLogAppender.java:resetClient(111)) - 2534f833-6bfe-45b3-bb55-3e90c3f01f9c@group-F2089C8F114B->2b6c692d-bd16-4e2f-be54-cf6999516ba1-GrpcLogAppender: Leader has not got in touch with Follower 2534f833-6bfe-45b3-bb55-3e90c3f01f9c@group-F2089C8F114B->2b6c692d-bd16-4e2f-be54-cf6999516ba1(c0,m0,n1, attendVote=true, lastRpcSendTime=0, lastRpcResponseTime=2501) yet, just keep nextIndex unchanged and retry.
2021-02-08 13:07:39,790 [Datanode State Machine Thread - 0] INFO  statemachine.DatanodeStateMachine (DatanodeStateMachine.java:lambda$startDaemon$0(412)) - Ozone container server started.
2021-02-08 13:07:41,915 [Thread-787] INFO  impl.FollowerState (FollowerState.java:run(133)) - 61a3106f-4412-450d-ae4e-54e9a62c2593@group-CB02C2DB3C87-FollowerState: change to CANDIDATE, lastRpcElapsedTime:5221546228ns, electionTimeout:5002ms
2021-02-08 13:07:41,915 [Thread-787] INFO  impl.RoleInfo (RoleInfo.java:shutdownFollowerState(108)) - 61a3106f-4412-450d-ae4e-54e9a62c2593: shutdown 61a3106f-4412-450d-ae4e-54e9a62c2593@group-CB02C2DB3C87-FollowerState
2021-02-08 13:07:41,915 [Thread-787] INFO  server.RaftServer$Division (RaftServerImpl.java:setRole(284)) - 61a3106f-4412-450d-ae4e-54e9a62c2593@group-CB02C2DB3C87: changes role from  FOLLOWER to CANDIDATE at term 3 for changeToCandidate
2021-02-08 13:07:41,915 [Thread-787] INFO  server.RaftServerConfigKeys (ConfUtils.java:logGet(44)) - raft.server.leaderelection.pre-vote = false (custom)
2021-02-08 13:07:41,915 [Thread-787] INFO  impl.RoleInfo (RoleInfo.java:updateAndGet(130)) - 61a3106f-4412-450d-ae4e-54e9a62c2593: start 61a3106f-4412-450d-ae4e-54e9a62c2593@group-CB02C2DB3C87-LeaderElection41
2021-02-08 13:07:41,923 [61a3106f-4412-450d-ae4e-54e9a62c2593@group-CB02C2DB3C87-LeaderElection41] INFO  server.RaftServer$Division (ServerState.java:setLeader(271)) - 61a3106f-4412-450d-ae4e-54e9a62c2593@group-CB02C2DB3C87: change Leader from fc0eeb26-f5a4-40eb-8987-0eeb9e81290f to null at term 3 for ELECTION
2021-02-08 13:07:41,924 [61a3106f-4412-450d-ae4e-54e9a62c2593@group-CB02C2DB3C87-LeaderElection41] INFO  impl.LeaderElection (LeaderElection.java:askForVotes(307)) - 61a3106f-4412-450d-ae4e-54e9a62c2593@group-CB02C2DB3C87-LeaderElection41 ELECTION round 0: submit vote requests at term 4 for 1: [76df9516-c5cc-44f1-9ecc-163502ad41b5|rpc:172.17.0.2:33219|dataStream:|priority:0, fc0eeb26-f5a4-40eb-8987-0eeb9e81290f|rpc:172.17.0.2:39069|dataStream:|priority:1, 61a3106f-4412-450d-ae4e-54e9a62c2593|rpc:172.17.0.2:44185|dataStream:|priority:0], old=null
2021-02-08 13:07:41,941 [61a3106f-4412-450d-ae4e-54e9a62c2593@group-CB02C2DB3C87-LeaderElection41] INFO  impl.LeaderElection (LogUtils.java:infoOrTrace(137)) - 61a3106f-4412-450d-ae4e-54e9a62c2593@group-CB02C2DB3C87-LeaderElection41 got exception when requesting votes: java.util.concurrent.ExecutionException: org.apache.ratis.thirdparty.io.grpc.StatusRuntimeException: UNAVAILABLE: io exception
2021-02-08 13:07:41,950 [61a3106f-4412-450d-ae4e-54e9a62c2593@group-CB02C2DB3C87-LeaderElection41] INFO  impl.LeaderElection (LogUtils.java:infoOrTrace(137)) - 61a3106f-4412-450d-ae4e-54e9a62c2593@group-CB02C2DB3C87-LeaderElection41 got exception when requesting votes: java.util.concurrent.ExecutionException: org.apache.ratis.thirdparty.io.grpc.StatusRuntimeException: UNAVAILABLE: io exception
2021-02-08 13:07:41,950 [61a3106f-4412-450d-ae4e-54e9a62c2593@group-CB02C2DB3C87-LeaderElection41] INFO  impl.LeaderElection (LeaderElection.java:logAndReturn(89)) - 61a3106f-4412-450d-ae4e-54e9a62c2593@group-CB02C2DB3C87-LeaderElection41: ELECTION REJECTED received 0 response(s) and 2 exception(s):
2021-02-08 13:07:41,950 [61a3106f-4412-450d-ae4e-54e9a62c2593@group-CB02C2DB3C87-LeaderElection41] INFO  impl.LeaderElection (LogUtils.java:infoOrTrace(137)) -   Exception 0: java.util.concurrent.ExecutionException: org.apache.ratis.thirdparty.io.grpc.StatusRuntimeException: UNAVAILABLE: io exception
2021-02-08 13:07:41,950 [61a3106f-4412-450d-ae4e-54e9a62c2593@group-CB02C2DB3C87-LeaderElection41] INFO  impl.LeaderElection (LogUtils.java:infoOrTrace(137)) -   Exception 1: java.util.concurrent.ExecutionException: org.apache.ratis.thirdparty.io.grpc.StatusRuntimeException: UNAVAILABLE: io exception
2021-02-08 13:07:41,950 [61a3106f-4412-450d-ae4e-54e9a62c2593@group-CB02C2DB3C87-LeaderElection41] INFO  impl.LeaderElection (LeaderElection.java:askForVotes(309)) - 61a3106f-4412-450d-ae4e-54e9a62c2593@group-CB02C2DB3C87-LeaderElection41 ELECTION round 0: result REJECTED
2021-02-08 13:07:41,950 [61a3106f-4412-450d-ae4e-54e9a62c2593@group-CB02C2DB3C87-LeaderElection41] INFO  server.RaftServer$Division (RaftServerImpl.java:setRole(284)) - 61a3106f-4412-450d-ae4e-54e9a62c2593@group-CB02C2DB3C87: changes role from CANDIDATE to FOLLOWER at term 4 for REJECTED
2021-02-08 13:07:41,950 [61a3106f-4412-450d-ae4e-54e9a62c2593@group-CB02C2DB3C87-LeaderElection41] INFO  impl.RoleInfo (RoleInfo.java:shutdownLeaderElection(121)) - 61a3106f-4412-450d-ae4e-54e9a62c2593: shutdown 61a3106f-4412-450d-ae4e-54e9a62c2593@group-CB02C2DB3C87-LeaderElection41
2021-02-08 13:07:41,950 [61a3106f-4412-450d-ae4e-54e9a62c2593@group-CB02C2DB3C87-LeaderElection41] INFO  impl.RoleInfo (RoleInfo.java:updateAndGet(130)) - 61a3106f-4412-450d-ae4e-54e9a62c2593: start 61a3106f-4412-450d-ae4e-54e9a62c2593@group-CB02C2DB3C87-FollowerState
2021-02-08 13:07:42,044 [Thread-870] INFO  impl.FollowerState (FollowerState.java:run(133)) - 61a3106f-4412-450d-ae4e-54e9a62c2593@group-A9061CC89C88-FollowerState: change to CANDIDATE, lastRpcElapsedTime:5030320491ns, electionTimeout:5024ms
2021-02-08 13:07:42,044 [Thread-870] INFO  impl.RoleInfo (RoleInfo.java:shutdownFollowerState(108)) - 61a3106f-4412-450d-ae4e-54e9a62c2593: shutdown 61a3106f-4412-450d-ae4e-54e9a62c2593@group-A9061CC89C88-FollowerState
2021-02-08 13:07:42,044 [Thread-870] INFO  server.RaftServer$Division (RaftServerImpl.java:setRole(284)) - 61a3106f-4412-450d-ae4e-54e9a62c2593@group-A9061CC89C88: changes role from  FOLLOWER to CANDIDATE at term 2 for changeToCandidate
2021-02-08 13:07:42,044 [Thread-870] INFO  server.RaftServerConfigKeys (ConfUtils.java:logGet(44)) - raft.server.leaderelection.pre-vote = false (custom)
2021-02-08 13:07:42,044 [Thread-870] INFO  impl.RoleInfo (RoleInfo.java:updateAndGet(130)) - 61a3106f-4412-450d-ae4e-54e9a62c2593: start 61a3106f-4412-450d-ae4e-54e9a62c2593@group-A9061CC89C88-LeaderElection42
2021-02-08 13:07:42,062 [61a3106f-4412-450d-ae4e-54e9a62c2593@group-A9061CC89C88-LeaderElection42] INFO  impl.LeaderElection (LeaderElection.java:askForVotes(307)) - 61a3106f-4412-450d-ae4e-54e9a62c2593@group-A9061CC89C88-LeaderElection42 ELECTION round 0: submit vote requests at term 3 for 0: [76df9516-c5cc-44f1-9ecc-163502ad41b5|rpc:172.17.0.2:33219|dataStream:|priority:1, fc0eeb26-f5a4-40eb-8987-0eeb9e81290f|rpc:172.17.0.2:39069|dataStream:|priority:0, 61a3106f-4412-450d-ae4e-54e9a62c2593|rpc:172.17.0.2:44185|dataStream:|priority:0], old=null
2021-02-08 13:07:42,081 [61a3106f-4412-450d-ae4e-54e9a62c2593@group-A9061CC89C88-LeaderElection42] INFO  impl.LeaderElection (LogUtils.java:infoOrTrace(137)) - 61a3106f-4412-450d-ae4e-54e9a62c2593@group-A9061CC89C88-LeaderElection42 got exception when requesting votes: java.util.concurrent.ExecutionException: org.apache.ratis.thirdparty.io.grpc.StatusRuntimeException: UNAVAILABLE: io exception
2021-02-08 13:07:42,082 [61a3106f-4412-450d-ae4e-54e9a62c2593@group-A9061CC89C88-LeaderElection42] INFO  impl.LeaderElection (LogUtils.java:infoOrTrace(137)) - 61a3106f-4412-450d-ae4e-54e9a62c2593@group-A9061CC89C88-LeaderElection42 got exception when requesting votes: java.util.concurrent.ExecutionException: org.apache.ratis.thirdparty.io.grpc.StatusRuntimeException: UNAVAILABLE: io exception
2021-02-08 13:07:42,082 [61a3106f-4412-450d-ae4e-54e9a62c2593@group-A9061CC89C88-LeaderElection42] INFO  impl.LeaderElection (LeaderElection.java:logAndReturn(89)) - 61a3106f-4412-450d-ae4e-54e9a62c2593@group-A9061CC89C88-LeaderElection42: ELECTION REJECTED received 0 response(s) and 2 exception(s):
2021-02-08 13:07:42,082 [61a3106f-4412-450d-ae4e-54e9a62c2593@group-A9061CC89C88-LeaderElection42] INFO  impl.LeaderElection (LogUtils.java:infoOrTrace(137)) -   Exception 0: java.util.concurrent.ExecutionException: org.apache.ratis.thirdparty.io.grpc.StatusRuntimeException: UNAVAILABLE: io exception
2021-02-08 13:07:42,082 [61a3106f-4412-450d-ae4e-54e9a62c2593@group-A9061CC89C88-LeaderElection42] INFO  impl.LeaderElection (LogUtils.java:infoOrTrace(137)) -   Exception 1: java.util.concurrent.ExecutionException: org.apache.ratis.thirdparty.io.grpc.StatusRuntimeException: UNAVAILABLE: io exception
2021-02-08 13:07:42,082 [61a3106f-4412-450d-ae4e-54e9a62c2593@group-A9061CC89C88-LeaderElection42] INFO  impl.LeaderElection (LeaderElection.java:askForVotes(309)) - 61a3106f-4412-450d-ae4e-54e9a62c2593@group-A9061CC89C88-LeaderElection42 ELECTION round 0: result REJECTED
2021-02-08 13:07:42,082 [61a3106f-4412-450d-ae4e-54e9a62c2593@group-A9061CC89C88-LeaderElection42] INFO  server.RaftServer$Division (RaftServerImpl.java:setRole(284)) - 61a3106f-4412-450d-ae4e-54e9a62c2593@group-A9061CC89C88: changes role from CANDIDATE to FOLLOWER at term 3 for REJECTED
2021-02-08 13:07:42,082 [61a3106f-4412-450d-ae4e-54e9a62c2593@group-A9061CC89C88-LeaderElection42] INFO  impl.RoleInfo (RoleInfo.java:shutdownLeaderElection(121)) - 61a3106f-4412-450d-ae4e-54e9a62c2593: shutdown 61a3106f-4412-450d-ae4e-54e9a62c2593@group-A9061CC89C88-LeaderElection42
2021-02-08 13:07:42,082 [61a3106f-4412-450d-ae4e-54e9a62c2593@group-A9061CC89C88-LeaderElection42] INFO  impl.RoleInfo (RoleInfo.java:updateAndGet(130)) - 61a3106f-4412-450d-ae4e-54e9a62c2593: start 61a3106f-4412-450d-ae4e-54e9a62c2593@group-A9061CC89C88-FollowerState
2021-02-08 13:07:42,237 [grpc-default-executor-0] WARN  server.GrpcLogAppender (LogUtils.java:warn(122)) - 2534f833-6bfe-45b3-bb55-3e90c3f01f9c@group-F2089C8F114B->81ab00b2-2f95-4a2f-a7cf-2c0713c6a9d2-AppendLogResponseHandler: Failed appendEntries: org.apache.ratis.thirdparty.io.grpc.StatusRuntimeException: UNAVAILABLE: io exception
2021-02-08 13:07:42,238 [grpc-default-executor-0] WARN  server.GrpcLogAppender (GrpcLogAppender.java:resetClient(111)) - 2534f833-6bfe-45b3-bb55-3e90c3f01f9c@group-F2089C8F114B->81ab00b2-2f95-4a2f-a7cf-2c0713c6a9d2-GrpcLogAppender: Leader has not got in touch with Follower 2534f833-6bfe-45b3-bb55-3e90c3f01f9c@group-F2089C8F114B->81ab00b2-2f95-4a2f-a7cf-2c0713c6a9d2(c0,m0,n1, attendVote=true, lastRpcSendTime=0, lastRpcResponseTime=10013) yet, just keep nextIndex unchanged and retry.
2021-02-08 13:07:42,251 [grpc-default-executor-0] WARN  server.GrpcLogAppender (LogUtils.java:warn(122)) - 2534f833-6bfe-45b3-bb55-3e90c3f01f9c@group-F2089C8F114B->2b6c692d-bd16-4e2f-be54-cf6999516ba1-AppendLogResponseHandler: Failed appendEntries: org.apache.ratis.thirdparty.io.grpc.StatusRuntimeException: UNAVAILABLE: io exception
2021-02-08 13:07:42,251 [grpc-default-executor-0] WARN  server.GrpcLogAppender (GrpcLogAppender.java:resetClient(111)) - 2534f833-6bfe-45b3-bb55-3e90c3f01f9c@group-F2089C8F114B->2b6c692d-bd16-4e2f-be54-cf6999516ba1-GrpcLogAppender: Leader has not got in touch with Follower 2534f833-6bfe-45b3-bb55-3e90c3f01f9c@group-F2089C8F114B->2b6c692d-bd16-4e2f-be54-cf6999516ba1(c0,m0,n1, attendVote=true, lastRpcSendTime=2500, lastRpcResponseTime=5001) yet, just keep nextIndex unchanged and retry.
2021-02-08 13:07:42,693 [Thread-817] INFO  impl.FollowerState (FollowerState.java:run(133)) - 2534f833-6bfe-45b3-bb55-3e90c3f01f9c@group-655D07119256-FollowerState: change to CANDIDATE, lastRpcElapsedTime:5352831165ns, electionTimeout:5156ms
2021-02-08 13:07:42,693 [Thread-817] INFO  impl.RoleInfo (RoleInfo.java:shutdownFollowerState(108)) - 2534f833-6bfe-45b3-bb55-3e90c3f01f9c: shutdown 2534f833-6bfe-45b3-bb55-3e90c3f01f9c@group-655D07119256-FollowerState
2021-02-08 13:07:42,694 [Thread-817] INFO  server.RaftServer$Division (RaftServerImpl.java:setRole(284)) - 2534f833-6bfe-45b3-bb55-3e90c3f01f9c@group-655D07119256: changes role from  FOLLOWER to CANDIDATE at term 2 for changeToCandidate
2021-02-08 13:07:42,694 [Thread-817] INFO  server.RaftServerConfigKeys (ConfUtils.java:logGet(44)) - raft.server.leaderelection.pre-vote = false (custom)
2021-02-08 13:07:42,694 [Thread-817] INFO  impl.RoleInfo (RoleInfo.java:updateAndGet(130)) - 2534f833-6bfe-45b3-bb55-3e90c3f01f9c: start 2534f833-6bfe-45b3-bb55-3e90c3f01f9c@group-655D07119256-LeaderElection43
2021-02-08 13:07:42,706 [2534f833-6bfe-45b3-bb55-3e90c3f01f9c@group-655D07119256-LeaderElection43] INFO  server.RaftServer$Division (ServerState.java:setLeader(271)) - 2534f833-6bfe-45b3-bb55-3e90c3f01f9c@group-655D07119256: change Leader from 2b6c692d-bd16-4e2f-be54-cf6999516ba1 to null at term 2 for ELECTION
2021-02-08 13:07:42,708 [2534f833-6bfe-45b3-bb55-3e90c3f01f9c@group-655D07119256-LeaderElection43] INFO  impl.LeaderElection (LeaderElection.java:askForVotes(307)) - 2534f833-6bfe-45b3-bb55-3e90c3f01f9c@group-655D07119256-LeaderElection43 ELECTION round 0: submit vote requests at term 3 for 0: [2534f833-6bfe-45b3-bb55-3e90c3f01f9c|rpc:172.17.0.2:41421|dataStream:|priority:0, 81ab00b2-2f95-4a2f-a7cf-2c0713c6a9d2|rpc:172.17.0.2:43993|dataStream:|priority:0, 2b6c692d-bd16-4e2f-be54-cf6999516ba1|rpc:172.17.0.2:33969|dataStream:|priority:1], old=null
2021-02-08 13:07:42,725 [2534f833-6bfe-45b3-bb55-3e90c3f01f9c@group-655D07119256-LeaderElection43] INFO  impl.LeaderElection (LogUtils.java:infoOrTrace(137)) - 2534f833-6bfe-45b3-bb55-3e90c3f01f9c@group-655D07119256-LeaderElection43 got exception when requesting votes: java.util.concurrent.ExecutionException: org.apache.ratis.thirdparty.io.grpc.StatusRuntimeException: UNAVAILABLE: io exception
2021-02-08 13:07:42,726 [2534f833-6bfe-45b3-bb55-3e90c3f01f9c@group-655D07119256-LeaderElection43] INFO  impl.LeaderElection (LogUtils.java:infoOrTrace(137)) - 2534f833-6bfe-45b3-bb55-3e90c3f01f9c@group-655D07119256-LeaderElection43 got exception when requesting votes: java.util.concurrent.ExecutionException: org.apache.ratis.thirdparty.io.grpc.StatusRuntimeException: UNAVAILABLE: io exception
2021-02-08 13:07:42,726 [2534f833-6bfe-45b3-bb55-3e90c3f01f9c@group-655D07119256-LeaderElection43] INFO  impl.LeaderElection (LeaderElection.java:logAndReturn(89)) - 2534f833-6bfe-45b3-bb55-3e90c3f01f9c@group-655D07119256-LeaderElection43: ELECTION REJECTED received 0 response(s) and 2 exception(s):
2021-02-08 13:07:42,726 [2534f833-6bfe-45b3-bb55-3e90c3f01f9c@group-655D07119256-LeaderElection43] INFO  impl.LeaderElection (LogUtils.java:infoOrTrace(137)) -   Exception 0: java.util.concurrent.ExecutionException: org.apache.ratis.thirdparty.io.grpc.StatusRuntimeException: UNAVAILABLE: io exception
2021-02-08 13:07:42,726 [2534f833-6bfe-45b3-bb55-3e90c3f01f9c@group-655D07119256-LeaderElection43] INFO  impl.LeaderElection (LogUtils.java:infoOrTrace(137)) -   Exception 1: java.util.concurrent.ExecutionException: org.apache.ratis.thirdparty.io.grpc.StatusRuntimeException: UNAVAILABLE: io exception
2021-02-08 13:07:42,726 [2534f833-6bfe-45b3-bb55-3e90c3f01f9c@group-655D07119256-LeaderElection43] INFO  impl.LeaderElection (LeaderElection.java:askForVotes(309)) - 2534f833-6bfe-45b3-bb55-3e90c3f01f9c@group-655D07119256-LeaderElection43 ELECTION round 0: result REJECTED
2021-02-08 13:07:42,726 [2534f833-6bfe-45b3-bb55-3e90c3f01f9c@group-655D07119256-LeaderElection43] INFO  server.RaftServer$Division (RaftServerImpl.java:setRole(284)) - 2534f833-6bfe-45b3-bb55-3e90c3f01f9c@group-655D07119256: changes role from CANDIDATE to FOLLOWER at term 3 for REJECTED
2021-02-08 13:07:42,726 [2534f833-6bfe-45b3-bb55-3e90c3f01f9c@group-655D07119256-LeaderElection43] INFO  impl.RoleInfo (RoleInfo.java:shutdownLeaderElection(121)) - 2534f833-6bfe-45b3-bb55-3e90c3f01f9c: shutdown 2534f833-6bfe-45b3-bb55-3e90c3f01f9c@group-655D07119256-LeaderElection43
2021-02-08 13:07:42,726 [2534f833-6bfe-45b3-bb55-3e90c3f01f9c@group-655D07119256-LeaderElection43] INFO  impl.RoleInfo (RoleInfo.java:updateAndGet(130)) - 2534f833-6bfe-45b3-bb55-3e90c3f01f9c: start 2534f833-6bfe-45b3-bb55-3e90c3f01f9c@group-655D07119256-FollowerState
2021-02-08 13:07:43,002 [Thread-806] WARN  server.RaftServer$Division (LeaderStateImpl.java:checkLeadership(941)) - 2534f833-6bfe-45b3-bb55-3e90c3f01f9c@group-F2089C8F114B-LeaderStateImpl: Lost leadership on term: 2. Election timeout: 5200ms. In charge for: 20820ms. Conf: 0: [2534f833-6bfe-45b3-bb55-3e90c3f01f9c|rpc:172.17.0.2:41421|dataStream:|priority:1, 81ab00b2-2f95-4a2f-a7cf-2c0713c6a9d2|rpc:172.17.0.2:43993|dataStream:|priority:0, 2b6c692d-bd16-4e2f-be54-cf6999516ba1|rpc:172.17.0.2:33969|dataStream:|priority:0], old=null
2021-02-08 13:07:43,003 [Thread-806] WARN  server.RaftServer$Division (LeaderStateImpl.java:lambda$checkLeadership$15(945)) - Follower 2534f833-6bfe-45b3-bb55-3e90c3f01f9c@group-F2089C8F114B->81ab00b2-2f95-4a2f-a7cf-2c0713c6a9d2(c0,m0,n1, attendVote=true, lastRpcSendTime=765, lastRpcResponseTime=10778)
2021-02-08 13:07:43,003 [Thread-806] WARN  server.RaftServer$Division (LeaderStateImpl.java:lambda$checkLeadership$15(945)) - Follower 2534f833-6bfe-45b3-bb55-3e90c3f01f9c@group-F2089C8F114B->2b6c692d-bd16-4e2f-be54-cf6999516ba1(c0,m0,n1, attendVote=true, lastRpcSendTime=751, lastRpcResponseTime=5753)
2021-02-08 13:07:43,003 [Thread-806] INFO  server.RaftServer$Division (RaftServerImpl.java:setRole(284)) - 2534f833-6bfe-45b3-bb55-3e90c3f01f9c@group-F2089C8F114B: changes role from    LEADER to FOLLOWER at term 2 for StepDownReason:LOST_MAJORITY_HEARTBEATS
2021-02-08 13:07:43,003 [Thread-806] INFO  impl.RoleInfo (RoleInfo.java:shutdownLeaderState(91)) - 2534f833-6bfe-45b3-bb55-3e90c3f01f9c: shutdown 2534f833-6bfe-45b3-bb55-3e90c3f01f9c@group-F2089C8F114B-LeaderStateImpl
2021-02-08 13:07:43,003 [Thread-806] INFO  metrics.RatisMetrics (RatisMetrics.java:unregister(43)) - Unregistering Metrics Registry : ratis_grpc.log_appender.2534f833-6bfe-45b3-bb55-3e90c3f01f9c@group-F2089C8F114B
2021-02-08 13:07:43,003 [Thread-806] INFO  metrics.RatisMetrics (RatisMetrics.java:unregister(43)) - Unregistering Metrics Registry : ratis_grpc.log_appender.2534f833-6bfe-45b3-bb55-3e90c3f01f9c@group-F2089C8F114B
2021-02-08 13:07:43,003 [Thread-806] INFO  impl.PendingRequests (PendingRequests.java:sendNotLeaderResponses(249)) - 2534f833-6bfe-45b3-bb55-3e90c3f01f9c@group-F2089C8F114B-PendingRequests: sendNotLeaderResponses
2021-02-08 13:07:43,003 [Thread-806] INFO  metrics.RatisMetrics (RatisMetrics.java:unregister(43)) - Unregistering Metrics Registry : ratis.log_appender.2534f833-6bfe-45b3-bb55-3e90c3f01f9c@group-F2089C8F114B
2021-02-08 13:07:43,003 [Thread-806] INFO  metrics.RatisMetrics (RatisMetrics.java:unregister(43)) - Unregistering Metrics Registry : ratis.server.2534f833-6bfe-45b3-bb55-3e90c3f01f9c@group-F2089C8F114B
2021-02-08 13:07:43,004 [Thread-806] INFO  impl.RoleInfo (RoleInfo.java:updateAndGet(130)) - 2534f833-6bfe-45b3-bb55-3e90c3f01f9c: start 2534f833-6bfe-45b3-bb55-3e90c3f01f9c@group-F2089C8F114B-FollowerState
2021-02-08 13:07:44,024 [Listener at 127.0.0.1/38393] INFO  ozoneimpl.OzoneContainer (OzoneContainer.java:stop(273)) - Attempting to stop container services.
2021-02-08 13:07:44,025 [Listener at 127.0.0.1/38393] INFO  server.RaftServer (RaftServerProxy.java:lambda$close$6(391)) - f93bfba0-937c-4ad5-aa8e-b62a4ac7242c: close
2021-02-08 13:07:44,025 [Listener at 127.0.0.1/38393] INFO  server.RaftServer$Division (RaftServerImpl.java:lambda$close$4(406)) - f93bfba0-937c-4ad5-aa8e-b62a4ac7242c@group-2878B0D1256A: shutdown
2021-02-08 13:07:44,025 [Listener at 127.0.0.1/38393] INFO  util.JmxRegister (JmxRegister.java:unregister(73)) - Successfully un-registered JMX Bean with object name Ratis:service=RaftServer,group=group-2878B0D1256A,id=f93bfba0-937c-4ad5-aa8e-b62a4ac7242c
2021-02-08 13:07:44,026 [Listener at 127.0.0.1/38393] INFO  impl.RoleInfo (RoleInfo.java:shutdownLeaderState(91)) - f93bfba0-937c-4ad5-aa8e-b62a4ac7242c: shutdown f93bfba0-937c-4ad5-aa8e-b62a4ac7242c@group-2878B0D1256A-LeaderStateImpl
2021-02-08 13:07:44,026 [Listener at 127.0.0.1/38393] INFO  impl.PendingRequests (PendingRequests.java:sendNotLeaderResponses(249)) - f93bfba0-937c-4ad5-aa8e-b62a4ac7242c@group-2878B0D1256A-PendingRequests: sendNotLeaderResponses
2021-02-08 13:07:44,029 [Listener at 127.0.0.1/38393] INFO  metrics.RatisMetrics (RatisMetrics.java:unregister(43)) - Unregistering Metrics Registry : ratis.log_appender.f93bfba0-937c-4ad5-aa8e-b62a4ac7242c@group-2878B0D1256A
2021-02-08 13:07:44,030 [Listener at 127.0.0.1/38393] INFO  metrics.RatisMetrics (RatisMetrics.java:unregister(43)) - Unregistering Metrics Registry : ratis.server.f93bfba0-937c-4ad5-aa8e-b62a4ac7242c@group-2878B0D1256A
2021-02-08 13:07:44,033 [f93bfba0-937c-4ad5-aa8e-b62a4ac7242c@group-2878B0D1256A-StateMachineUpdater] INFO  ratis.ContainerStateMachine (ContainerStateMachine.java:takeSnapshot(291)) - group-2878B0D1256A: Taking a snapshot at:(t:1, i:0) file /github/workspace/mnt/ozone/hadoop-ozone/integration-test/target/test-dir/MiniOzoneClusterImpl-489e5869-bfe0-4080-b73d-d7b53c96c8d8/datanode-6/data/ratis/e2e39ad5-77a1-4458-b7fc-2878b0d1256a/sm/snapshot.1_0
2021-02-08 13:07:44,034 [Listener at 127.0.0.1/38393] INFO  impl.StateMachineUpdater (StateMachineUpdater.java:stopAndJoin(148)) - f93bfba0-937c-4ad5-aa8e-b62a4ac7242c@group-2878B0D1256A-StateMachineUpdater: set stopIndex = 0
2021-02-08 13:07:44,035 [f93bfba0-937c-4ad5-aa8e-b62a4ac7242c@group-2878B0D1256A-StateMachineUpdater] INFO  ratis.ContainerStateMachine (ContainerStateMachine.java:takeSnapshot(302)) - group-2878B0D1256A: Finished taking a snapshot at:(t:1, i:0) file:/github/workspace/mnt/ozone/hadoop-ozone/integration-test/target/test-dir/MiniOzoneClusterImpl-489e5869-bfe0-4080-b73d-d7b53c96c8d8/datanode-6/data/ratis/e2e39ad5-77a1-4458-b7fc-2878b0d1256a/sm/snapshot.1_0 took: 1 ms
2021-02-08 13:07:44,035 [f93bfba0-937c-4ad5-aa8e-b62a4ac7242c@group-2878B0D1256A-StateMachineUpdater] INFO  impl.StateMachineUpdater (StateMachineUpdater.java:takeSnapshot(279)) - f93bfba0-937c-4ad5-aa8e-b62a4ac7242c@group-2878B0D1256A-StateMachineUpdater: Took a snapshot at index 0
2021-02-08 13:07:44,035 [f93bfba0-937c-4ad5-aa8e-b62a4ac7242c@group-2878B0D1256A-StateMachineUpdater] INFO  impl.StateMachineUpdater (StateMachineUpdater.java:lambda$new$0(88)) - f93bfba0-937c-4ad5-aa8e-b62a4ac7242c@group-2878B0D1256A-StateMachineUpdater: snapshotIndex: updateIncreasingly -1 -> 0
2021-02-08 13:07:44,035 [f93bfba0-937c-4ad5-aa8e-b62a4ac7242c@group-2878B0D1256A-StateMachineUpdater] INFO  metrics.RatisMetrics (RatisMetrics.java:unregister(43)) - Unregistering Metrics Registry : ratis.state_machine.f93bfba0-937c-4ad5-aa8e-b62a4ac7242c@group-2878B0D1256A
2021-02-08 13:07:44,035 [Listener at 127.0.0.1/38393] INFO  server.RaftServer$Division (ServerState.java:close(405)) - f93bfba0-937c-4ad5-aa8e-b62a4ac7242c@group-2878B0D1256A: closes. applyIndex: 0
2021-02-08 13:07:44,035 [f93bfba0-937c-4ad5-aa8e-b62a4ac7242c@group-2878B0D1256A-SegmentedRaftLogWorker] INFO  segmented.SegmentedRaftLogWorker (SegmentedRaftLogWorker.java:run(326)) - f93bfba0-937c-4ad5-aa8e-b62a4ac7242c@group-2878B0D1256A-SegmentedRaftLogWorker was interrupted, exiting. There are 0 tasks remaining in the queue.
2021-02-08 13:07:44,036 [Listener at 127.0.0.1/38393] INFO  segmented.SegmentedRaftLogWorker (SegmentedRaftLogWorker.java:close(236)) - f93bfba0-937c-4ad5-aa8e-b62a4ac7242c@group-2878B0D1256A-SegmentedRaftLogWorker close()
2021-02-08 13:07:44,036 [Listener at 127.0.0.1/38393] INFO  metrics.RatisMetrics (RatisMetrics.java:unregister(43)) - Unregistering Metrics Registry : ratis.log_worker.f93bfba0-937c-4ad5-aa8e-b62a4ac7242c@group-2878B0D1256A
2021-02-08 13:07:44,037 [Listener at 127.0.0.1/38393] INFO  metrics.RatisMetrics (RatisMetrics.java:unregister(43)) - Unregistering Metrics Registry : ratis.leader_election.f93bfba0-937c-4ad5-aa8e-b62a4ac7242c@group-2878B0D1256A
2021-02-08 13:07:44,037 [Listener at 127.0.0.1/38393] INFO  metrics.RatisMetrics (RatisMetrics.java:unregister(43)) - Unregistering Metrics Registry : ratis.server.f93bfba0-937c-4ad5-aa8e-b62a4ac7242c@group-2878B0D1256A
2021-02-08 13:07:44,037 [Listener at 127.0.0.1/38393] INFO  server.GrpcService (GrpcService.java:closeImpl(262)) - f93bfba0-937c-4ad5-aa8e-b62a4ac7242c: shutdown server with port 37989 now
2021-02-08 13:07:44,037 [Listener at 127.0.0.1/38393] INFO  server.GrpcService (GrpcService.java:closeImpl(271)) - f93bfba0-937c-4ad5-aa8e-b62a4ac7242c: shutdown server with port 37989 successfully
2021-02-08 13:07:44,037 [org.apache.ratis.util.JvmPauseMonitor$$Lambda$504/1698180828@6bd1654] INFO  util.JvmPauseMonitor (JvmPauseMonitor.java:run(109)) - JvmPauseMonitor-f93bfba0-937c-4ad5-aa8e-b62a4ac7242c: Stopped
2021-02-08 13:07:44,038 [Listener at 127.0.0.1/38393] INFO  utils.BackgroundService (BackgroundService.java:shutdown(132)) - Shutting down service BlockDeletingService
2021-02-08 13:07:44,041 [Listener at 127.0.0.1/38393] INFO  statemachine.DatanodeStateMachine (DatanodeStateMachine.java:stopDaemon(470)) - Ozone container server stopped.
2021-02-08 13:07:44,049 [Listener at 127.0.0.1/38393] INFO  handler.ContextHandler (ContextHandler.java:doStop(1154)) - Stopped o.e.j.w.WebAppContext@730ac028{hddsDatanode,/,null,STOPPED}{jar:file:/home/user/.m2/repository/org/apache/hadoop/hadoop-hdds-container-service/1.1.0-SNAPSHOT/hadoop-hdds-container-service-1.1.0-SNAPSHOT.jar!/webapps/hddsDatanode}
2021-02-08 13:07:44,050 [Listener at 127.0.0.1/38393] INFO  server.AbstractConnector (AbstractConnector.java:doStop(381)) - Stopped ServerConnector@7334074f{HTTP/1.1, (http/1.1)}{0.0.0.0:0}
2021-02-08 13:07:44,050 [Listener at 127.0.0.1/38393] INFO  server.session (HouseKeeper.java:stopScavenging(149)) - node0 Stopped scavenging
2021-02-08 13:07:44,050 [Listener at 127.0.0.1/38393] INFO  handler.ContextHandler (ContextHandler.java:doStop(1154)) - Stopped o.e.j.s.ServletContextHandler@163376fc{static,/static,jar:file:/home/user/.m2/repository/org/apache/hadoop/hadoop-hdds-container-service/1.1.0-SNAPSHOT/hadoop-hdds-container-service-1.1.0-SNAPSHOT.jar!/webapps/static,STOPPED}
2021-02-08 13:07:44,050 [Listener at 127.0.0.1/38393] INFO  handler.ContextHandler (ContextHandler.java:doStop(1154)) - Stopped o.e.j.s.ServletContextHandler@5735aa9{logs,/logs,file:///github/workspace/mnt/ozone/hadoop-ozone/integration-test/target/log,STOPPED}
2021-02-08 13:07:44,054 [ForkJoinPool.commonPool-worker-0] INFO  ozoneimpl.OzoneContainer (OzoneContainer.java:stop(273)) - Attempting to stop container services.
2021-02-08 13:07:44,055 [ForkJoinPool.commonPool-worker-0] INFO  server.RaftServer (RaftServerProxy.java:lambda$close$6(391)) - 61a3106f-4412-450d-ae4e-54e9a62c2593: close
2021-02-08 13:07:44,056 [ForkJoinPool.commonPool-worker-0] INFO  server.RaftServer$Division (RaftServerImpl.java:lambda$close$4(406)) - 61a3106f-4412-450d-ae4e-54e9a62c2593@group-CB02C2DB3C87: shutdown
2021-02-08 13:07:44,056 [ForkJoinPool.commonPool-worker-0] INFO  util.JmxRegister (JmxRegister.java:unregister(73)) - Successfully un-registered JMX Bean with object name Ratis:service=RaftServer,group=group-CB02C2DB3C87,id=61a3106f-4412-450d-ae4e-54e9a62c2593
2021-02-08 13:07:44,056 [ForkJoinPool.commonPool-worker-0] INFO  impl.RoleInfo (RoleInfo.java:shutdownFollowerState(108)) - 61a3106f-4412-450d-ae4e-54e9a62c2593: shutdown 61a3106f-4412-450d-ae4e-54e9a62c2593@group-CB02C2DB3C87-FollowerState
2021-02-08 13:07:44,056 [ForkJoinPool.commonPool-worker-0] INFO  impl.StateMachineUpdater (StateMachineUpdater.java:stopAndJoin(148)) - 61a3106f-4412-450d-ae4e-54e9a62c2593@group-CB02C2DB3C87-StateMachineUpdater: set stopIndex = 2
2021-02-08 13:07:44,056 [Thread-877] INFO  impl.FollowerState (FollowerState.java:run(142)) - 61a3106f-4412-450d-ae4e-54e9a62c2593@group-CB02C2DB3C87-FollowerState was interrupted: {}
java.lang.InterruptedException: sleep interrupted
	at java.lang.Thread.sleep(Native Method)
	at java.lang.Thread.sleep(Thread.java:340)
	at java.util.concurrent.TimeUnit.sleep(TimeUnit.java:386)
	at org.apache.ratis.util.TimeDuration.sleep(TimeDuration.java:324)
	at org.apache.ratis.util.TimeDuration.sleep(TimeDuration.java:309)
	at org.apache.ratis.server.impl.FollowerState.run(FollowerState.java:117)
2021-02-08 13:07:44,056 [61a3106f-4412-450d-ae4e-54e9a62c2593@group-CB02C2DB3C87-StateMachineUpdater] INFO  ratis.ContainerStateMachine (ContainerStateMachine.java:takeSnapshot(291)) - group-CB02C2DB3C87: Taking a snapshot at:(t:3, i:2) file /github/workspace/mnt/ozone/hadoop-ozone/integration-test/target/test-dir/MiniOzoneClusterImpl-489e5869-bfe0-4080-b73d-d7b53c96c8d8/datanode-0/data/ratis/a11de40c-9c50-46d9-a87a-cb02c2db3c87/sm/snapshot.3_2
2021-02-08 13:07:44,057 [61a3106f-4412-450d-ae4e-54e9a62c2593@group-CB02C2DB3C87-StateMachineUpdater] INFO  ratis.ContainerStateMachine (ContainerStateMachine.java:takeSnapshot(302)) - group-CB02C2DB3C87: Finished taking a snapshot at:(t:3, i:2) file:/github/workspace/mnt/ozone/hadoop-ozone/integration-test/target/test-dir/MiniOzoneClusterImpl-489e5869-bfe0-4080-b73d-d7b53c96c8d8/datanode-0/data/ratis/a11de40c-9c50-46d9-a87a-cb02c2db3c87/sm/snapshot.3_2 took: 1 ms
2021-02-08 13:07:44,058 [61a3106f-4412-450d-ae4e-54e9a62c2593@group-CB02C2DB3C87-StateMachineUpdater] INFO  impl.StateMachineUpdater (StateMachineUpdater.java:takeSnapshot(279)) - 61a3106f-4412-450d-ae4e-54e9a62c2593@group-CB02C2DB3C87-StateMachineUpdater: Took a snapshot at index 2
2021-02-08 13:07:44,058 [61a3106f-4412-450d-ae4e-54e9a62c2593@group-CB02C2DB3C87-StateMachineUpdater] INFO  impl.StateMachineUpdater (StateMachineUpdater.java:lambda$new$0(88)) - 61a3106f-4412-450d-ae4e-54e9a62c2593@group-CB02C2DB3C87-StateMachineUpdater: snapshotIndex: updateIncreasingly -1 -> 2
2021-02-08 13:07:44,058 [61a3106f-4412-450d-ae4e-54e9a62c2593@group-CB02C2DB3C87-StateMachineUpdater] INFO  metrics.RatisMetrics (RatisMetrics.java:unregister(43)) - Unregistering Metrics Registry : ratis.state_machine.61a3106f-4412-450d-ae4e-54e9a62c2593@group-CB02C2DB3C87
2021-02-08 13:07:44,058 [ForkJoinPool.commonPool-worker-0] INFO  server.RaftServer$Division (ServerState.java:close(405)) - 61a3106f-4412-450d-ae4e-54e9a62c2593@group-CB02C2DB3C87: closes. applyIndex: 2
2021-02-08 13:07:44,058 [61a3106f-4412-450d-ae4e-54e9a62c2593@group-CB02C2DB3C87-SegmentedRaftLogWorker] INFO  segmented.SegmentedRaftLogWorker (SegmentedRaftLogWorker.java:run(326)) - 61a3106f-4412-450d-ae4e-54e9a62c2593@group-CB02C2DB3C87-SegmentedRaftLogWorker was interrupted, exiting. There are 0 tasks remaining in the queue.
2021-02-08 13:07:44,058 [ForkJoinPool.commonPool-worker-0] INFO  segmented.SegmentedRaftLogWorker (SegmentedRaftLogWorker.java:close(236)) - 61a3106f-4412-450d-ae4e-54e9a62c2593@group-CB02C2DB3C87-SegmentedRaftLogWorker close()
2021-02-08 13:07:44,059 [ForkJoinPool.commonPool-worker-0] INFO  metrics.RatisMetrics (RatisMetrics.java:unregister(43)) - Unregistering Metrics Registry : ratis.log_worker.61a3106f-4412-450d-ae4e-54e9a62c2593@group-CB02C2DB3C87
2021-02-08 13:07:44,059 [ForkJoinPool.commonPool-worker-0] INFO  metrics.RatisMetrics (RatisMetrics.java:unregister(43)) - Unregistering Metrics Registry : ratis.leader_election.61a3106f-4412-450d-ae4e-54e9a62c2593@group-CB02C2DB3C87
2021-02-08 13:07:44,059 [ForkJoinPool.commonPool-worker-0] INFO  metrics.RatisMetrics (RatisMetrics.java:unregister(43)) - Unregistering Metrics Registry : ratis.server.61a3106f-4412-450d-ae4e-54e9a62c2593@group-CB02C2DB3C87
2021-02-08 13:07:44,059 [ForkJoinPool.commonPool-worker-0] INFO  server.RaftServer$Division (RaftServerImpl.java:lambda$close$4(406)) - 61a3106f-4412-450d-ae4e-54e9a62c2593@group-00049FE86969: shutdown
2021-02-08 13:07:44,059 [ForkJoinPool.commonPool-worker-0] INFO  util.JmxRegister (JmxRegister.java:unregister(73)) - Successfully un-registered JMX Bean with object name Ratis:service=RaftServer,group=group-00049FE86969,id=61a3106f-4412-450d-ae4e-54e9a62c2593
2021-02-08 13:07:44,060 [ForkJoinPool.commonPool-worker-0] INFO  impl.RoleInfo (RoleInfo.java:shutdownLeaderState(91)) - 61a3106f-4412-450d-ae4e-54e9a62c2593: shutdown 61a3106f-4412-450d-ae4e-54e9a62c2593@group-00049FE86969-LeaderStateImpl
2021-02-08 13:07:44,060 [ForkJoinPool.commonPool-worker-0] INFO  impl.PendingRequests (PendingRequests.java:sendNotLeaderResponses(249)) - 61a3106f-4412-450d-ae4e-54e9a62c2593@group-00049FE86969-PendingRequests: sendNotLeaderResponses
2021-02-08 13:07:44,060 [ForkJoinPool.commonPool-worker-0] INFO  metrics.RatisMetrics (RatisMetrics.java:unregister(43)) - Unregistering Metrics Registry : ratis.log_appender.61a3106f-4412-450d-ae4e-54e9a62c2593@group-00049FE86969
2021-02-08 13:07:44,060 [ForkJoinPool.commonPool-worker-0] INFO  metrics.RatisMetrics (RatisMetrics.java:unregister(43)) - Unregistering Metrics Registry : ratis.server.61a3106f-4412-450d-ae4e-54e9a62c2593@group-00049FE86969
2021-02-08 13:07:44,060 [ForkJoinPool.commonPool-worker-0] INFO  impl.StateMachineUpdater (StateMachineUpdater.java:stopAndJoin(148)) - 61a3106f-4412-450d-ae4e-54e9a62c2593@group-00049FE86969-StateMachineUpdater: set stopIndex = 0
2021-02-08 13:07:44,061 [61a3106f-4412-450d-ae4e-54e9a62c2593@group-00049FE86969-StateMachineUpdater] INFO  ratis.ContainerStateMachine (ContainerStateMachine.java:takeSnapshot(291)) - group-00049FE86969: Taking a snapshot at:(t:1, i:0) file /github/workspace/mnt/ozone/hadoop-ozone/integration-test/target/test-dir/MiniOzoneClusterImpl-489e5869-bfe0-4080-b73d-d7b53c96c8d8/datanode-0/data/ratis/319e87cf-fe30-450f-beb4-00049fe86969/sm/snapshot.1_0
2021-02-08 13:07:44,061 [61a3106f-4412-450d-ae4e-54e9a62c2593@group-00049FE86969-StateMachineUpdater] INFO  ratis.ContainerStateMachine (ContainerStateMachine.java:takeSnapshot(302)) - group-00049FE86969: Finished taking a snapshot at:(t:1, i:0) file:/github/workspace/mnt/ozone/hadoop-ozone/integration-test/target/test-dir/MiniOzoneClusterImpl-489e5869-bfe0-4080-b73d-d7b53c96c8d8/datanode-0/data/ratis/319e87cf-fe30-450f-beb4-00049fe86969/sm/snapshot.1_0 took: 1 ms
2021-02-08 13:07:44,062 [61a3106f-4412-450d-ae4e-54e9a62c2593@group-00049FE86969-StateMachineUpdater] INFO  impl.StateMachineUpdater (StateMachineUpdater.java:takeSnapshot(279)) - 61a3106f-4412-450d-ae4e-54e9a62c2593@group-00049FE86969-StateMachineUpdater: Took a snapshot at index 0
2021-02-08 13:07:44,062 [61a3106f-4412-450d-ae4e-54e9a62c2593@group-00049FE86969-StateMachineUpdater] INFO  impl.StateMachineUpdater (StateMachineUpdater.java:lambda$new$0(88)) - 61a3106f-4412-450d-ae4e-54e9a62c2593@group-00049FE86969-StateMachineUpdater: snapshotIndex: updateIncreasingly -1 -> 0
2021-02-08 13:07:44,062 [61a3106f-4412-450d-ae4e-54e9a62c2593@group-00049FE86969-StateMachineUpdater] INFO  metrics.RatisMetrics (RatisMetrics.java:unregister(43)) - Unregistering Metrics Registry : ratis.state_machine.61a3106f-4412-450d-ae4e-54e9a62c2593@group-00049FE86969
2021-02-08 13:07:44,062 [ForkJoinPool.commonPool-worker-0] INFO  server.RaftServer$Division (ServerState.java:close(405)) - 61a3106f-4412-450d-ae4e-54e9a62c2593@group-00049FE86969: closes. applyIndex: 0
2021-02-08 13:07:44,062 [61a3106f-4412-450d-ae4e-54e9a62c2593@group-00049FE86969-SegmentedRaftLogWorker] INFO  segmented.SegmentedRaftLogWorker (SegmentedRaftLogWorker.java:run(326)) - 61a3106f-4412-450d-ae4e-54e9a62c2593@group-00049FE86969-SegmentedRaftLogWorker was interrupted, exiting. There are 0 tasks remaining in the queue.
2021-02-08 13:07:44,062 [ForkJoinPool.commonPool-worker-0] INFO  segmented.SegmentedRaftLogWorker (SegmentedRaftLogWorker.java:close(236)) - 61a3106f-4412-450d-ae4e-54e9a62c2593@group-00049FE86969-SegmentedRaftLogWorker close()
2021-02-08 13:07:44,063 [ForkJoinPool.commonPool-worker-0] INFO  metrics.RatisMetrics (RatisMetrics.java:unregister(43)) - Unregistering Metrics Registry : ratis.log_worker.61a3106f-4412-450d-ae4e-54e9a62c2593@group-00049FE86969
2021-02-08 13:07:44,063 [ForkJoinPool.commonPool-worker-0] INFO  metrics.RatisMetrics (RatisMetrics.java:unregister(43)) - Unregistering Metrics Registry : ratis.leader_election.61a3106f-4412-450d-ae4e-54e9a62c2593@group-00049FE86969
2021-02-08 13:07:44,063 [ForkJoinPool.commonPool-worker-0] INFO  metrics.RatisMetrics (RatisMetrics.java:unregister(43)) - Unregistering Metrics Registry : ratis.server.61a3106f-4412-450d-ae4e-54e9a62c2593@group-00049FE86969
2021-02-08 13:07:44,063 [ForkJoinPool.commonPool-worker-0] INFO  server.RaftServer$Division (RaftServerImpl.java:lambda$close$4(406)) - 61a3106f-4412-450d-ae4e-54e9a62c2593@group-A9061CC89C88: shutdown
2021-02-08 13:07:44,063 [ForkJoinPool.commonPool-worker-0] INFO  util.JmxRegister (JmxRegister.java:unregister(73)) - Successfully un-registered JMX Bean with object name Ratis:service=RaftServer,group=group-A9061CC89C88,id=61a3106f-4412-450d-ae4e-54e9a62c2593
2021-02-08 13:07:44,064 [ForkJoinPool.commonPool-worker-0] INFO  impl.RoleInfo (RoleInfo.java:shutdownFollowerState(108)) - 61a3106f-4412-450d-ae4e-54e9a62c2593: shutdown 61a3106f-4412-450d-ae4e-54e9a62c2593@group-A9061CC89C88-FollowerState
2021-02-08 13:07:44,064 [Thread-881] INFO  impl.FollowerState (FollowerState.java:run(142)) - 61a3106f-4412-450d-ae4e-54e9a62c2593@group-A9061CC89C88-FollowerState was interrupted: {}
java.lang.InterruptedException: sleep interrupted
	at java.lang.Thread.sleep(Native Method)
	at java.lang.Thread.sleep(Thread.java:340)
	at java.util.concurrent.TimeUnit.sleep(TimeUnit.java:386)
	at org.apache.ratis.util.TimeDuration.sleep(TimeDuration.java:324)
	at org.apache.ratis.util.TimeDuration.sleep(TimeDuration.java:309)
	at org.apache.ratis.server.impl.FollowerState.run(FollowerState.java:117)
2021-02-08 13:07:44,064 [61a3106f-4412-450d-ae4e-54e9a62c2593@group-A9061CC89C88-StateMachineUpdater] INFO  ratis.ContainerStateMachine (ContainerStateMachine.java:takeSnapshot(291)) - group-A9061CC89C88: Taking a snapshot at:(t:1, i:0) file /github/workspace/mnt/ozone/hadoop-ozone/integration-test/target/test-dir/MiniOzoneClusterImpl-489e5869-bfe0-4080-b73d-d7b53c96c8d8/datanode-0/data/ratis/d16511c0-ad72-4a36-9e78-a9061cc89c88/sm/snapshot.1_0
2021-02-08 13:07:44,065 [ForkJoinPool.commonPool-worker-0] INFO  impl.StateMachineUpdater (StateMachineUpdater.java:stopAndJoin(148)) - 61a3106f-4412-450d-ae4e-54e9a62c2593@group-A9061CC89C88-StateMachineUpdater: set stopIndex = 0
2021-02-08 13:07:44,065 [61a3106f-4412-450d-ae4e-54e9a62c2593@group-A9061CC89C88-StateMachineUpdater] INFO  ratis.ContainerStateMachine (ContainerStateMachine.java:takeSnapshot(302)) - group-A9061CC89C88: Finished taking a snapshot at:(t:1, i:0) file:/github/workspace/mnt/ozone/hadoop-ozone/integration-test/target/test-dir/MiniOzoneClusterImpl-489e5869-bfe0-4080-b73d-d7b53c96c8d8/datanode-0/data/ratis/d16511c0-ad72-4a36-9e78-a9061cc89c88/sm/snapshot.1_0 took: 1 ms
2021-02-08 13:07:44,065 [61a3106f-4412-450d-ae4e-54e9a62c2593@group-A9061CC89C88-StateMachineUpdater] INFO  impl.StateMachineUpdater (StateMachineUpdater.java:takeSnapshot(279)) - 61a3106f-4412-450d-ae4e-54e9a62c2593@group-A9061CC89C88-StateMachineUpdater: Took a snapshot at index 0
2021-02-08 13:07:44,065 [61a3106f-4412-450d-ae4e-54e9a62c2593@group-A9061CC89C88-StateMachineUpdater] INFO  impl.StateMachineUpdater (StateMachineUpdater.java:lambda$new$0(88)) - 61a3106f-4412-450d-ae4e-54e9a62c2593@group-A9061CC89C88-StateMachineUpdater: snapshotIndex: updateIncreasingly -1 -> 0
2021-02-08 13:07:44,065 [61a3106f-4412-450d-ae4e-54e9a62c2593@group-A9061CC89C88-StateMachineUpdater] INFO  metrics.RatisMetrics (RatisMetrics.java:unregister(43)) - Unregistering Metrics Registry : ratis.state_machine.61a3106f-4412-450d-ae4e-54e9a62c2593@group-A9061CC89C88
2021-02-08 13:07:44,066 [ForkJoinPool.commonPool-worker-0] INFO  server.RaftServer$Division (ServerState.java:close(405)) - 61a3106f-4412-450d-ae4e-54e9a62c2593@group-A9061CC89C88: closes. applyIndex: 0
2021-02-08 13:07:44,066 [61a3106f-4412-450d-ae4e-54e9a62c2593@group-A9061CC89C88-SegmentedRaftLogWorker] INFO  segmented.SegmentedRaftLogWorker (SegmentedRaftLogWorker.java:run(326)) - 61a3106f-4412-450d-ae4e-54e9a62c2593@group-A9061CC89C88-SegmentedRaftLogWorker was interrupted, exiting. There are 0 tasks remaining in the queue.
2021-02-08 13:07:44,066 [ForkJoinPool.commonPool-worker-0] INFO  segmented.SegmentedRaftLogWorker (SegmentedRaftLogWorker.java:close(236)) - 61a3106f-4412-450d-ae4e-54e9a62c2593@group-A9061CC89C88-SegmentedRaftLogWorker close()
2021-02-08 13:07:44,067 [ForkJoinPool.commonPool-worker-0] INFO  metrics.RatisMetrics (RatisMetrics.java:unregister(43)) - Unregistering Metrics Registry : ratis.log_worker.61a3106f-4412-450d-ae4e-54e9a62c2593@group-A9061CC89C88
2021-02-08 13:07:44,067 [ForkJoinPool.commonPool-worker-0] INFO  metrics.RatisMetrics (RatisMetrics.java:unregister(43)) - Unregistering Metrics Registry : ratis.leader_election.61a3106f-4412-450d-ae4e-54e9a62c2593@group-A9061CC89C88
2021-02-08 13:07:44,067 [ForkJoinPool.commonPool-worker-0] INFO  metrics.RatisMetrics (RatisMetrics.java:unregister(43)) - Unregistering Metrics Registry : ratis.server.61a3106f-4412-450d-ae4e-54e9a62c2593@group-A9061CC89C88
2021-02-08 13:07:44,067 [ForkJoinPool.commonPool-worker-0] INFO  server.GrpcService (GrpcService.java:closeImpl(262)) - 61a3106f-4412-450d-ae4e-54e9a62c2593: shutdown server with port 44185 now
2021-02-08 13:07:44,068 [grpc-default-executor-5] WARN  client.GrpcClientProtocolService (LogUtils.java:warn(122)) - 0-OrderedRequestStreamObserver0: onError: org.apache.ratis.thirdparty.io.grpc.StatusRuntimeException: CANCELLED: client cancelled
2021-02-08 13:07:44,073 [ForkJoinPool.commonPool-worker-0] INFO  server.GrpcService (GrpcService.java:closeImpl(271)) - 61a3106f-4412-450d-ae4e-54e9a62c2593: shutdown server with port 44185 successfully
2021-02-08 13:07:44,073 [org.apache.ratis.util.JvmPauseMonitor$$Lambda$504/1698180828@17f1aa1] INFO  util.JvmPauseMonitor (JvmPauseMonitor.java:run(109)) - JvmPauseMonitor-61a3106f-4412-450d-ae4e-54e9a62c2593: Stopped
2021-02-08 13:07:44,075 [ForkJoinPool.commonPool-worker-0] INFO  utils.BackgroundService (BackgroundService.java:shutdown(132)) - Shutting down service BlockDeletingService
2021-02-08 13:07:44,076 [ForkJoinPool.commonPool-worker-0] INFO  statemachine.DatanodeStateMachine (DatanodeStateMachine.java:stopDaemon(470)) - Ozone container server stopped.
2021-02-08 13:07:44,086 [ForkJoinPool.commonPool-worker-0] INFO  handler.ContextHandler (ContextHandler.java:doStop(1154)) - Stopped o.e.j.w.WebAppContext@55a3ed9c{hddsDatanode,/,null,STOPPED}{jar:file:/home/user/.m2/repository/org/apache/hadoop/hadoop-hdds-container-service/1.1.0-SNAPSHOT/hadoop-hdds-container-service-1.1.0-SNAPSHOT.jar!/webapps/hddsDatanode}
2021-02-08 13:07:44,086 [ForkJoinPool.commonPool-worker-0] INFO  server.AbstractConnector (AbstractConnector.java:doStop(381)) - Stopped ServerConnector@ffe1b12{HTTP/1.1, (http/1.1)}{0.0.0.0:0}
2021-02-08 13:07:44,086 [ForkJoinPool.commonPool-worker-0] INFO  server.session (HouseKeeper.java:stopScavenging(149)) - node0 Stopped scavenging
2021-02-08 13:07:44,087 [ForkJoinPool.commonPool-worker-0] INFO  handler.ContextHandler (ContextHandler.java:doStop(1154)) - Stopped o.e.j.s.ServletContextHandler@3a44995e{static,/static,jar:file:/home/user/.m2/repository/org/apache/hadoop/hadoop-hdds-container-service/1.1.0-SNAPSHOT/hadoop-hdds-container-service-1.1.0-SNAPSHOT.jar!/webapps/static,STOPPED}
2021-02-08 13:07:44,087 [ForkJoinPool.commonPool-worker-0] INFO  handler.ContextHandler (ContextHandler.java:doStop(1154)) - Stopped o.e.j.s.ServletContextHandler@7413a3c6{logs,/logs,file:///github/workspace/mnt/ozone/hadoop-ozone/integration-test/target/log,STOPPED}
2021-02-08 13:07:44,189 [Datanode State Machine Thread - 0] INFO  statemachine.DatanodeStateMachine (DatanodeStateMachine.java:lambda$startDaemon$0(412)) - Ozone container server started.
2021-02-08 13:07:47,933 [Thread-885] INFO  impl.FollowerState (FollowerState.java:run(133)) - 2534f833-6bfe-45b3-bb55-3e90c3f01f9c@group-655D07119256-FollowerState: change to CANDIDATE, lastRpcElapsedTime:5207550635ns, electionTimeout:5196ms
2021-02-08 13:07:47,934 [Thread-885] INFO  impl.RoleInfo (RoleInfo.java:shutdownFollowerState(108)) - 2534f833-6bfe-45b3-bb55-3e90c3f01f9c: shutdown 2534f833-6bfe-45b3-bb55-3e90c3f01f9c@group-655D07119256-FollowerState
2021-02-08 13:07:47,934 [Thread-885] INFO  server.RaftServer$Division (RaftServerImpl.java:setRole(284)) - 2534f833-6bfe-45b3-bb55-3e90c3f01f9c@group-655D07119256: changes role from  FOLLOWER to CANDIDATE at term 3 for changeToCandidate
2021-02-08 13:07:47,934 [Thread-885] INFO  server.RaftServerConfigKeys (ConfUtils.java:logGet(44)) - raft.server.leaderelection.pre-vote = false (custom)
2021-02-08 13:07:47,934 [Thread-885] INFO  impl.RoleInfo (RoleInfo.java:updateAndGet(130)) - 2534f833-6bfe-45b3-bb55-3e90c3f01f9c: start 2534f833-6bfe-45b3-bb55-3e90c3f01f9c@group-655D07119256-LeaderElection44
2021-02-08 13:07:47,939 [2534f833-6bfe-45b3-bb55-3e90c3f01f9c@group-655D07119256-LeaderElection44] INFO  impl.LeaderElection (LeaderElection.java:askForVotes(307)) - 2534f833-6bfe-45b3-bb55-3e90c3f01f9c@group-655D07119256-LeaderElection44 ELECTION round 0: submit vote requests at term 4 for 0: [2534f833-6bfe-45b3-bb55-3e90c3f01f9c|rpc:172.17.0.2:41421|dataStream:|priority:0, 81ab00b2-2f95-4a2f-a7cf-2c0713c6a9d2|rpc:172.17.0.2:43993|dataStream:|priority:0, 2b6c692d-bd16-4e2f-be54-cf6999516ba1|rpc:172.17.0.2:33969|dataStream:|priority:1], old=null
2021-02-08 13:07:47,939 [2534f833-6bfe-45b3-bb55-3e90c3f01f9c@group-655D07119256-LeaderElection44] INFO  impl.LeaderElection (LogUtils.java:infoOrTrace(137)) - 2534f833-6bfe-45b3-bb55-3e90c3f01f9c@group-655D07119256-LeaderElection44 got exception when requesting votes: java.util.concurrent.ExecutionException: org.apache.ratis.thirdparty.io.grpc.StatusRuntimeException: UNAVAILABLE: io exception
2021-02-08 13:07:47,940 [2534f833-6bfe-45b3-bb55-3e90c3f01f9c@group-655D07119256-LeaderElection44] INFO  impl.LeaderElection (LogUtils.java:infoOrTrace(137)) - 2534f833-6bfe-45b3-bb55-3e90c3f01f9c@group-655D07119256-LeaderElection44 got exception when requesting votes: java.util.concurrent.ExecutionException: org.apache.ratis.thirdparty.io.grpc.StatusRuntimeException: UNAVAILABLE: io exception
2021-02-08 13:07:47,940 [2534f833-6bfe-45b3-bb55-3e90c3f01f9c@group-655D07119256-LeaderElection44] INFO  impl.LeaderElection (LeaderElection.java:logAndReturn(89)) - 2534f833-6bfe-45b3-bb55-3e90c3f01f9c@group-655D07119256-LeaderElection44: ELECTION REJECTED received 0 response(s) and 2 exception(s):
2021-02-08 13:07:47,940 [2534f833-6bfe-45b3-bb55-3e90c3f01f9c@group-655D07119256-LeaderElection44] INFO  impl.LeaderElection (LogUtils.java:infoOrTrace(137)) -   Exception 0: java.util.concurrent.ExecutionException: org.apache.ratis.thirdparty.io.grpc.StatusRuntimeException: UNAVAILABLE: io exception
2021-02-08 13:07:47,940 [2534f833-6bfe-45b3-bb55-3e90c3f01f9c@group-655D07119256-LeaderElection44] INFO  impl.LeaderElection (LogUtils.java:infoOrTrace(137)) -   Exception 1: java.util.concurrent.ExecutionException: org.apache.ratis.thirdparty.io.grpc.StatusRuntimeException: UNAVAILABLE: io exception
2021-02-08 13:07:47,940 [2534f833-6bfe-45b3-bb55-3e90c3f01f9c@group-655D07119256-LeaderElection44] INFO  impl.LeaderElection (LeaderElection.java:askForVotes(309)) - 2534f833-6bfe-45b3-bb55-3e90c3f01f9c@group-655D07119256-LeaderElection44 ELECTION round 0: result REJECTED
2021-02-08 13:07:47,940 [2534f833-6bfe-45b3-bb55-3e90c3f01f9c@group-655D07119256-LeaderElection44] INFO  server.RaftServer$Division (RaftServerImpl.java:setRole(284)) - 2534f833-6bfe-45b3-bb55-3e90c3f01f9c@group-655D07119256: changes role from CANDIDATE to FOLLOWER at term 4 for REJECTED
2021-02-08 13:07:47,940 [2534f833-6bfe-45b3-bb55-3e90c3f01f9c@group-655D07119256-LeaderElection44] INFO  impl.RoleInfo (RoleInfo.java:shutdownLeaderElection(121)) - 2534f833-6bfe-45b3-bb55-3e90c3f01f9c: shutdown 2534f833-6bfe-45b3-bb55-3e90c3f01f9c@group-655D07119256-LeaderElection44
2021-02-08 13:07:47,940 [2534f833-6bfe-45b3-bb55-3e90c3f01f9c@group-655D07119256-LeaderElection44] INFO  impl.RoleInfo (RoleInfo.java:updateAndGet(130)) - 2534f833-6bfe-45b3-bb55-3e90c3f01f9c: start 2534f833-6bfe-45b3-bb55-3e90c3f01f9c@group-655D07119256-FollowerState
2021-02-08 13:07:48,201 [Thread-886] INFO  impl.FollowerState (FollowerState.java:lostMajorityHeartbeatsRecently(106)) - 2534f833-6bfe-45b3-bb55-3e90c3f01f9c@group-F2089C8F114B-FollowerState: Skipping leader election since it stepped down recently (elapsed = 5197ms < waitTime = 10s)
2021-02-08 13:07:49,054 [Listener at 127.0.0.1/38393] INFO  ozoneimpl.OzoneContainer (OzoneContainer.java:stop(273)) - Attempting to stop container services.
2021-02-08 13:07:49,055 [Listener at 127.0.0.1/38393] INFO  server.RaftServer (RaftServerProxy.java:lambda$close$6(391)) - 2534f833-6bfe-45b3-bb55-3e90c3f01f9c: close
2021-02-08 13:07:49,055 [Listener at 127.0.0.1/38393] INFO  server.RaftServer$Division (RaftServerImpl.java:lambda$close$4(406)) - 2534f833-6bfe-45b3-bb55-3e90c3f01f9c@group-655D07119256: shutdown
2021-02-08 13:07:49,055 [Listener at 127.0.0.1/38393] INFO  util.JmxRegister (JmxRegister.java:unregister(73)) - Successfully un-registered JMX Bean with object name Ratis:service=RaftServer,group=group-655D07119256,id=2534f833-6bfe-45b3-bb55-3e90c3f01f9c
2021-02-08 13:07:49,056 [Listener at 127.0.0.1/38393] INFO  impl.RoleInfo (RoleInfo.java:shutdownFollowerState(108)) - 2534f833-6bfe-45b3-bb55-3e90c3f01f9c: shutdown 2534f833-6bfe-45b3-bb55-3e90c3f01f9c@group-655D07119256-FollowerState
2021-02-08 13:07:49,056 [Thread-890] INFO  impl.FollowerState (FollowerState.java:run(142)) - 2534f833-6bfe-45b3-bb55-3e90c3f01f9c@group-655D07119256-FollowerState was interrupted: {}
java.lang.InterruptedException: sleep interrupted
	at java.lang.Thread.sleep(Native Method)
	at java.lang.Thread.sleep(Thread.java:340)
	at java.util.concurrent.TimeUnit.sleep(TimeUnit.java:386)
	at org.apache.ratis.util.TimeDuration.sleep(TimeDuration.java:324)
	at org.apache.ratis.util.TimeDuration.sleep(TimeDuration.java:309)
	at org.apache.ratis.server.impl.FollowerState.run(FollowerState.java:117)
2021-02-08 13:07:49,056 [Listener at 127.0.0.1/38393] INFO  impl.StateMachineUpdater (StateMachineUpdater.java:stopAndJoin(148)) - 2534f833-6bfe-45b3-bb55-3e90c3f01f9c@group-655D07119256-StateMachineUpdater: set stopIndex = 0
2021-02-08 13:07:49,057 [2534f833-6bfe-45b3-bb55-3e90c3f01f9c@group-655D07119256-StateMachineUpdater] INFO  ratis.ContainerStateMachine (ContainerStateMachine.java:takeSnapshot(291)) - group-655D07119256: Taking a snapshot at:(t:2, i:0) file /github/workspace/mnt/ozone/hadoop-ozone/integration-test/target/test-dir/MiniOzoneClusterImpl-489e5869-bfe0-4080-b73d-d7b53c96c8d8/datanode-5/data/ratis/0d252d6c-e75d-41e6-bbb0-655d07119256/sm/snapshot.2_0
2021-02-08 13:07:49,058 [2534f833-6bfe-45b3-bb55-3e90c3f01f9c@group-655D07119256-StateMachineUpdater] INFO  ratis.ContainerStateMachine (ContainerStateMachine.java:takeSnapshot(302)) - group-655D07119256: Finished taking a snapshot at:(t:2, i:0) file:/github/workspace/mnt/ozone/hadoop-ozone/integration-test/target/test-dir/MiniOzoneClusterImpl-489e5869-bfe0-4080-b73d-d7b53c96c8d8/datanode-5/data/ratis/0d252d6c-e75d-41e6-bbb0-655d07119256/sm/snapshot.2_0 took: 1 ms
2021-02-08 13:07:49,058 [2534f833-6bfe-45b3-bb55-3e90c3f01f9c@group-655D07119256-StateMachineUpdater] INFO  impl.StateMachineUpdater (StateMachineUpdater.java:takeSnapshot(279)) - 2534f833-6bfe-45b3-bb55-3e90c3f01f9c@group-655D07119256-StateMachineUpdater: Took a snapshot at index 0
2021-02-08 13:07:49,058 [2534f833-6bfe-45b3-bb55-3e90c3f01f9c@group-655D07119256-StateMachineUpdater] INFO  impl.StateMachineUpdater (StateMachineUpdater.java:lambda$new$0(88)) - 2534f833-6bfe-45b3-bb55-3e90c3f01f9c@group-655D07119256-StateMachineUpdater: snapshotIndex: updateIncreasingly -1 -> 0
2021-02-08 13:07:49,058 [2534f833-6bfe-45b3-bb55-3e90c3f01f9c@group-655D07119256-StateMachineUpdater] INFO  metrics.RatisMetrics (RatisMetrics.java:unregister(43)) - Unregistering Metrics Registry : ratis.state_machine.2534f833-6bfe-45b3-bb55-3e90c3f01f9c@group-655D07119256
2021-02-08 13:07:49,058 [Listener at 127.0.0.1/38393] INFO  server.RaftServer$Division (ServerState.java:close(405)) - 2534f833-6bfe-45b3-bb55-3e90c3f01f9c@group-655D07119256: closes. applyIndex: 0
2021-02-08 13:07:49,059 [2534f833-6bfe-45b3-bb55-3e90c3f01f9c@group-655D07119256-SegmentedRaftLogWorker] INFO  segmented.SegmentedRaftLogWorker (SegmentedRaftLogWorker.java:run(326)) - 2534f833-6bfe-45b3-bb55-3e90c3f01f9c@group-655D07119256-SegmentedRaftLogWorker was interrupted, exiting. There are 0 tasks remaining in the queue.
2021-02-08 13:07:49,059 [Listener at 127.0.0.1/38393] INFO  segmented.SegmentedRaftLogWorker (SegmentedRaftLogWorker.java:close(236)) - 2534f833-6bfe-45b3-bb55-3e90c3f01f9c@group-655D07119256-SegmentedRaftLogWorker close()
2021-02-08 13:07:49,059 [Listener at 127.0.0.1/38393] INFO  metrics.RatisMetrics (RatisMetrics.java:unregister(43)) - Unregistering Metrics Registry : ratis.log_worker.2534f833-6bfe-45b3-bb55-3e90c3f01f9c@group-655D07119256
2021-02-08 13:07:49,060 [Listener at 127.0.0.1/38393] INFO  metrics.RatisMetrics (RatisMetrics.java:unregister(43)) - Unregistering Metrics Registry : ratis.leader_election.2534f833-6bfe-45b3-bb55-3e90c3f01f9c@group-655D07119256
2021-02-08 13:07:49,060 [Listener at 127.0.0.1/38393] INFO  metrics.RatisMetrics (RatisMetrics.java:unregister(43)) - Unregistering Metrics Registry : ratis.server.2534f833-6bfe-45b3-bb55-3e90c3f01f9c@group-655D07119256
2021-02-08 13:07:49,060 [Listener at 127.0.0.1/38393] INFO  server.RaftServer$Division (RaftServerImpl.java:lambda$close$4(406)) - 2534f833-6bfe-45b3-bb55-3e90c3f01f9c@group-AF9CCEA08DE5: shutdown
2021-02-08 13:07:49,060 [Listener at 127.0.0.1/38393] INFO  util.JmxRegister (JmxRegister.java:unregister(73)) - Successfully un-registered JMX Bean with object name Ratis:service=RaftServer,group=group-AF9CCEA08DE5,id=2534f833-6bfe-45b3-bb55-3e90c3f01f9c
2021-02-08 13:07:49,060 [Listener at 127.0.0.1/38393] INFO  impl.RoleInfo (RoleInfo.java:shutdownLeaderState(91)) - 2534f833-6bfe-45b3-bb55-3e90c3f01f9c: shutdown 2534f833-6bfe-45b3-bb55-3e90c3f01f9c@group-AF9CCEA08DE5-LeaderStateImpl
2021-02-08 13:07:49,060 [Listener at 127.0.0.1/38393] INFO  impl.PendingRequests (PendingRequests.java:sendNotLeaderResponses(249)) - 2534f833-6bfe-45b3-bb55-3e90c3f01f9c@group-AF9CCEA08DE5-PendingRequests: sendNotLeaderResponses
2021-02-08 13:07:49,061 [Listener at 127.0.0.1/38393] INFO  metrics.RatisMetrics (RatisMetrics.java:unregister(43)) - Unregistering Metrics Registry : ratis.log_appender.2534f833-6bfe-45b3-bb55-3e90c3f01f9c@group-AF9CCEA08DE5
2021-02-08 13:07:49,061 [Listener at 127.0.0.1/38393] INFO  metrics.RatisMetrics (RatisMetrics.java:unregister(43)) - Unregistering Metrics Registry : ratis.server.2534f833-6bfe-45b3-bb55-3e90c3f01f9c@group-AF9CCEA08DE5
2021-02-08 13:07:49,061 [Listener at 127.0.0.1/38393] INFO  impl.StateMachineUpdater (StateMachineUpdater.java:stopAndJoin(148)) - 2534f833-6bfe-45b3-bb55-3e90c3f01f9c@group-AF9CCEA08DE5-StateMachineUpdater: set stopIndex = 0
2021-02-08 13:07:49,062 [2534f833-6bfe-45b3-bb55-3e90c3f01f9c@group-AF9CCEA08DE5-StateMachineUpdater] INFO  ratis.ContainerStateMachine (ContainerStateMachine.java:takeSnapshot(291)) - group-AF9CCEA08DE5: Taking a snapshot at:(t:1, i:0) file /github/workspace/mnt/ozone/hadoop-ozone/integration-test/target/test-dir/MiniOzoneClusterImpl-489e5869-bfe0-4080-b73d-d7b53c96c8d8/datanode-5/data/ratis/82cd6639-bd6e-4324-8bae-af9ccea08de5/sm/snapshot.1_0
2021-02-08 13:07:49,062 [2534f833-6bfe-45b3-bb55-3e90c3f01f9c@group-AF9CCEA08DE5-StateMachineUpdater] INFO  ratis.ContainerStateMachine (ContainerStateMachine.java:takeSnapshot(302)) - group-AF9CCEA08DE5: Finished taking a snapshot at:(t:1, i:0) file:/github/workspace/mnt/ozone/hadoop-ozone/integration-test/target/test-dir/MiniOzoneClusterImpl-489e5869-bfe0-4080-b73d-d7b53c96c8d8/datanode-5/data/ratis/82cd6639-bd6e-4324-8bae-af9ccea08de5/sm/snapshot.1_0 took: 1 ms
2021-02-08 13:07:49,063 [2534f833-6bfe-45b3-bb55-3e90c3f01f9c@group-AF9CCEA08DE5-StateMachineUpdater] INFO  impl.StateMachineUpdater (StateMachineUpdater.java:takeSnapshot(279)) - 2534f833-6bfe-45b3-bb55-3e90c3f01f9c@group-AF9CCEA08DE5-StateMachineUpdater: Took a snapshot at index 0
2021-02-08 13:07:49,063 [2534f833-6bfe-45b3-bb55-3e90c3f01f9c@group-AF9CCEA08DE5-StateMachineUpdater] INFO  impl.StateMachineUpdater (StateMachineUpdater.java:lambda$new$0(88)) - 2534f833-6bfe-45b3-bb55-3e90c3f01f9c@group-AF9CCEA08DE5-StateMachineUpdater: snapshotIndex: updateIncreasingly -1 -> 0
2021-02-08 13:07:49,063 [2534f833-6bfe-45b3-bb55-3e90c3f01f9c@group-AF9CCEA08DE5-StateMachineUpdater] INFO  metrics.RatisMetrics (RatisMetrics.java:unregister(43)) - Unregistering Metrics Registry : ratis.state_machine.2534f833-6bfe-45b3-bb55-3e90c3f01f9c@group-AF9CCEA08DE5
2021-02-08 13:07:49,063 [Listener at 127.0.0.1/38393] INFO  server.RaftServer$Division (ServerState.java:close(405)) - 2534f833-6bfe-45b3-bb55-3e90c3f01f9c@group-AF9CCEA08DE5: closes. applyIndex: 0
2021-02-08 13:07:49,064 [2534f833-6bfe-45b3-bb55-3e90c3f01f9c@group-AF9CCEA08DE5-SegmentedRaftLogWorker] INFO  segmented.SegmentedRaftLogWorker (SegmentedRaftLogWorker.java:run(326)) - 2534f833-6bfe-45b3-bb55-3e90c3f01f9c@group-AF9CCEA08DE5-SegmentedRaftLogWorker was interrupted, exiting. There are 0 tasks remaining in the queue.
2021-02-08 13:07:49,064 [Listener at 127.0.0.1/38393] INFO  segmented.SegmentedRaftLogWorker (SegmentedRaftLogWorker.java:close(236)) - 2534f833-6bfe-45b3-bb55-3e90c3f01f9c@group-AF9CCEA08DE5-SegmentedRaftLogWorker close()
2021-02-08 13:07:49,064 [Listener at 127.0.0.1/38393] INFO  metrics.RatisMetrics (RatisMetrics.java:unregister(43)) - Unregistering Metrics Registry : ratis.log_worker.2534f833-6bfe-45b3-bb55-3e90c3f01f9c@group-AF9CCEA08DE5
2021-02-08 13:07:49,064 [Listener at 127.0.0.1/38393] INFO  metrics.RatisMetrics (RatisMetrics.java:unregister(43)) - Unregistering Metrics Registry : ratis.leader_election.2534f833-6bfe-45b3-bb55-3e90c3f01f9c@group-AF9CCEA08DE5
2021-02-08 13:07:49,065 [Listener at 127.0.0.1/38393] INFO  metrics.RatisMetrics (RatisMetrics.java:unregister(43)) - Unregistering Metrics Registry : ratis.server.2534f833-6bfe-45b3-bb55-3e90c3f01f9c@group-AF9CCEA08DE5
2021-02-08 13:07:49,065 [Listener at 127.0.0.1/38393] INFO  server.RaftServer$Division (RaftServerImpl.java:lambda$close$4(406)) - 2534f833-6bfe-45b3-bb55-3e90c3f01f9c@group-F2089C8F114B: shutdown
2021-02-08 13:07:49,065 [Listener at 127.0.0.1/38393] INFO  util.JmxRegister (JmxRegister.java:unregister(73)) - Successfully un-registered JMX Bean with object name Ratis:service=RaftServer,group=group-F2089C8F114B,id=2534f833-6bfe-45b3-bb55-3e90c3f01f9c
2021-02-08 13:07:49,065 [Listener at 127.0.0.1/38393] INFO  impl.RoleInfo (RoleInfo.java:shutdownFollowerState(108)) - 2534f833-6bfe-45b3-bb55-3e90c3f01f9c: shutdown 2534f833-6bfe-45b3-bb55-3e90c3f01f9c@group-F2089C8F114B-FollowerState
2021-02-08 13:07:49,065 [Thread-886] INFO  impl.FollowerState (FollowerState.java:run(142)) - 2534f833-6bfe-45b3-bb55-3e90c3f01f9c@group-F2089C8F114B-FollowerState was interrupted: {}
java.lang.InterruptedException: sleep interrupted
	at java.lang.Thread.sleep(Native Method)
	at java.lang.Thread.sleep(Thread.java:340)
	at java.util.concurrent.TimeUnit.sleep(TimeUnit.java:386)
	at org.apache.ratis.util.TimeDuration.sleep(TimeDuration.java:324)
	at org.apache.ratis.util.TimeDuration.sleep(TimeDuration.java:309)
	at org.apache.ratis.server.impl.FollowerState.run(FollowerState.java:117)
2021-02-08 13:07:49,066 [Listener at 127.0.0.1/38393] INFO  impl.StateMachineUpdater (StateMachineUpdater.java:stopAndJoin(148)) - 2534f833-6bfe-45b3-bb55-3e90c3f01f9c@group-F2089C8F114B-StateMachineUpdater: set stopIndex = 0
2021-02-08 13:07:49,068 [2534f833-6bfe-45b3-bb55-3e90c3f01f9c@group-F2089C8F114B-StateMachineUpdater] INFO  ratis.ContainerStateMachine (ContainerStateMachine.java:takeSnapshot(291)) - group-F2089C8F114B: Taking a snapshot at:(t:2, i:0) file /github/workspace/mnt/ozone/hadoop-ozone/integration-test/target/test-dir/MiniOzoneClusterImpl-489e5869-bfe0-4080-b73d-d7b53c96c8d8/datanode-5/data/ratis/a13e55f8-f91e-44ff-ac34-f2089c8f114b/sm/snapshot.2_0
2021-02-08 13:07:49,068 [2534f833-6bfe-45b3-bb55-3e90c3f01f9c@group-F2089C8F114B-StateMachineUpdater] INFO  ratis.ContainerStateMachine (ContainerStateMachine.java:takeSnapshot(302)) - group-F2089C8F114B: Finished taking a snapshot at:(t:2, i:0) file:/github/workspace/mnt/ozone/hadoop-ozone/integration-test/target/test-dir/MiniOzoneClusterImpl-489e5869-bfe0-4080-b73d-d7b53c96c8d8/datanode-5/data/ratis/a13e55f8-f91e-44ff-ac34-f2089c8f114b/sm/snapshot.2_0 took: 1 ms
2021-02-08 13:07:49,069 [2534f833-6bfe-45b3-bb55-3e90c3f01f9c@group-F2089C8F114B-StateMachineUpdater] INFO  impl.StateMachineUpdater (StateMachineUpdater.java:takeSnapshot(279)) - 2534f833-6bfe-45b3-bb55-3e90c3f01f9c@group-F2089C8F114B-StateMachineUpdater: Took a snapshot at index 0
2021-02-08 13:07:49,069 [2534f833-6bfe-45b3-bb55-3e90c3f01f9c@group-F2089C8F114B-StateMachineUpdater] INFO  impl.StateMachineUpdater (StateMachineUpdater.java:lambda$new$0(88)) - 2534f833-6bfe-45b3-bb55-3e90c3f01f9c@group-F2089C8F114B-StateMachineUpdater: snapshotIndex: updateIncreasingly -1 -> 0
2021-02-08 13:07:49,069 [2534f833-6bfe-45b3-bb55-3e90c3f01f9c@group-F2089C8F114B-StateMachineUpdater] INFO  metrics.RatisMetrics (RatisMetrics.java:unregister(43)) - Unregistering Metrics Registry : ratis.state_machine.2534f833-6bfe-45b3-bb55-3e90c3f01f9c@group-F2089C8F114B
2021-02-08 13:07:49,069 [Listener at 127.0.0.1/38393] INFO  server.RaftServer$Division (ServerState.java:close(405)) - 2534f833-6bfe-45b3-bb55-3e90c3f01f9c@group-F2089C8F114B: closes. applyIndex: 0
2021-02-08 13:07:49,069 [2534f833-6bfe-45b3-bb55-3e90c3f01f9c@group-F2089C8F114B-SegmentedRaftLogWorker] INFO  segmented.SegmentedRaftLogWorker (SegmentedRaftLogWorker.java:run(326)) - 2534f833-6bfe-45b3-bb55-3e90c3f01f9c@group-F2089C8F114B-SegmentedRaftLogWorker was interrupted, exiting. There are 0 tasks remaining in the queue.
2021-02-08 13:07:49,070 [Listener at 127.0.0.1/38393] INFO  segmented.SegmentedRaftLogWorker (SegmentedRaftLogWorker.java:close(236)) - 2534f833-6bfe-45b3-bb55-3e90c3f01f9c@group-F2089C8F114B-SegmentedRaftLogWorker close()
2021-02-08 13:07:49,071 [Listener at 127.0.0.1/38393] INFO  metrics.RatisMetrics (RatisMetrics.java:unregister(43)) - Unregistering Metrics Registry : ratis.log_worker.2534f833-6bfe-45b3-bb55-3e90c3f01f9c@group-F2089C8F114B
2021-02-08 13:07:49,071 [Listener at 127.0.0.1/38393] INFO  metrics.RatisMetrics (RatisMetrics.java:unregister(43)) - Unregistering Metrics Registry : ratis.leader_election.2534f833-6bfe-45b3-bb55-3e90c3f01f9c@group-F2089C8F114B
2021-02-08 13:07:49,071 [Listener at 127.0.0.1/38393] INFO  metrics.RatisMetrics (RatisMetrics.java:unregister(43)) - Unregistering Metrics Registry : ratis.server.2534f833-6bfe-45b3-bb55-3e90c3f01f9c@group-F2089C8F114B
2021-02-08 13:07:49,071 [Listener at 127.0.0.1/38393] INFO  server.GrpcService (GrpcService.java:closeImpl(262)) - 2534f833-6bfe-45b3-bb55-3e90c3f01f9c: shutdown server with port 41421 now
2021-02-08 13:07:49,074 [Listener at 127.0.0.1/38393] INFO  server.GrpcService (GrpcService.java:closeImpl(271)) - 2534f833-6bfe-45b3-bb55-3e90c3f01f9c: shutdown server with port 41421 successfully
2021-02-08 13:07:49,074 [org.apache.ratis.util.JvmPauseMonitor$$Lambda$504/1698180828@285c3b60] INFO  util.JvmPauseMonitor (JvmPauseMonitor.java:run(109)) - JvmPauseMonitor-2534f833-6bfe-45b3-bb55-3e90c3f01f9c: Stopped
2021-02-08 13:07:49,075 [Listener at 127.0.0.1/38393] INFO  utils.BackgroundService (BackgroundService.java:shutdown(132)) - Shutting down service BlockDeletingService
2021-02-08 13:07:49,079 [Listener at 127.0.0.1/38393] INFO  statemachine.DatanodeStateMachine (DatanodeStateMachine.java:stopDaemon(470)) - Ozone container server stopped.
2021-02-08 13:07:49,088 [Listener at 127.0.0.1/38393] INFO  handler.ContextHandler (ContextHandler.java:doStop(1154)) - Stopped o.e.j.w.WebAppContext@69a619cc{hddsDatanode,/,null,STOPPED}{jar:file:/home/user/.m2/repository/org/apache/hadoop/hadoop-hdds-container-service/1.1.0-SNAPSHOT/hadoop-hdds-container-service-1.1.0-SNAPSHOT.jar!/webapps/hddsDatanode}
2021-02-08 13:07:49,088 [Listener at 127.0.0.1/38393] INFO  server.AbstractConnector (AbstractConnector.java:doStop(381)) - Stopped ServerConnector@7f3812b1{HTTP/1.1, (http/1.1)}{0.0.0.0:0}
2021-02-08 13:07:49,088 [Listener at 127.0.0.1/38393] INFO  server.session (HouseKeeper.java:stopScavenging(149)) - node0 Stopped scavenging
2021-02-08 13:07:49,089 [Listener at 127.0.0.1/38393] INFO  handler.ContextHandler (ContextHandler.java:doStop(1154)) - Stopped o.e.j.s.ServletContextHandler@22fe9d7f{static,/static,jar:file:/home/user/.m2/repository/org/apache/hadoop/hadoop-hdds-container-service/1.1.0-SNAPSHOT/hadoop-hdds-container-service-1.1.0-SNAPSHOT.jar!/webapps/static,STOPPED}
2021-02-08 13:07:49,089 [Listener at 127.0.0.1/38393] INFO  handler.ContextHandler (ContextHandler.java:doStop(1154)) - Stopped o.e.j.s.ServletContextHandler@2da8c799{logs,/logs,file:///github/workspace/mnt/ozone/hadoop-ozone/integration-test/target/log,STOPPED}
2021-02-08 13:07:49,090 [Listener at 127.0.0.1/38393] INFO  ozone.MiniOzoneClusterImpl (MiniOzoneClusterImpl.java:stopSCM(489)) - Stopping the StorageContainerManager
2021-02-08 13:07:49,090 [Listener at 127.0.0.1/38393] INFO  server.StorageContainerManager (StorageContainerManager.java:stop(835)) - Stopping Replication Manager Service.
2021-02-08 13:07:49,090 [Listener at 127.0.0.1/38393] INFO  container.ReplicationManager (ReplicationManager.java:stop(227)) - Stopping Replication Monitor Thread.
2021-02-08 13:07:49,090 [Listener at 127.0.0.1/38393] INFO  server.StorageContainerManager (StorageContainerManager.java:stop(842)) - Stopping the Datanode Admin Monitor.
2021-02-08 13:07:49,091 [Listener at 127.0.0.1/38393] INFO  server.StorageContainerManager (StorageContainerManager.java:stop(849)) - Stopping Lease Manager of the command watchers
2021-02-08 13:07:49,091 [Listener at 127.0.0.1/38393] INFO  server.StorageContainerManager (StorageContainerManager.java:stop(856)) - Stopping datanode service RPC server
2021-02-08 13:07:49,091 [Listener at 127.0.0.1/38393] INFO  server.SCMDatanodeProtocolServer (SCMDatanodeProtocolServer.java:stop(369)) - Stopping the RPC server for DataNodes
2021-02-08 13:07:49,091 [Listener at 127.0.0.1/38393] INFO  ipc.Server (Server.java:stop(3403)) - Stopping server on 44043
2021-02-08 13:07:49,092 [IPC Server listener on 0] INFO  ipc.Server (Server.java:run(1366)) - Stopping IPC Server listener on 0
2021-02-08 13:07:49,093 [IPC Server Responder] INFO  ipc.Server (Server.java:run(1502)) - Stopping IPC Server Responder
2021-02-08 13:07:49,134 [SCM Heartbeat Processing Thread - 0] WARN  node.NodeStateManager (NodeStateManager.java:scheduleNextHealthCheck(688)) - Current Thread is interrupted, shutting down HB processing thread for Node Manager.
2021-02-08 13:07:49,134 [Listener at 127.0.0.1/38393] INFO  server.StorageContainerManager (StorageContainerManager.java:stop(864)) - Stopping block service RPC server
2021-02-08 13:07:49,134 [Listener at 127.0.0.1/38393] INFO  server.SCMBlockProtocolServer (SCMBlockProtocolServer.java:stop(159)) - Stopping the RPC server for Block Protocol
2021-02-08 13:07:49,134 [Listener at 127.0.0.1/38393] INFO  ipc.Server (Server.java:stop(3403)) - Stopping server on 45637
2021-02-08 13:07:49,137 [IPC Server listener on 0] INFO  ipc.Server (Server.java:run(1366)) - Stopping IPC Server listener on 0
2021-02-08 13:07:49,138 [IPC Server Responder] INFO  ipc.Server (Server.java:run(1502)) - Stopping IPC Server Responder
2021-02-08 13:07:49,138 [Listener at 127.0.0.1/38393] INFO  server.StorageContainerManager (StorageContainerManager.java:stop(871)) - Stopping the StorageContainerLocationProtocol RPC server
2021-02-08 13:07:49,138 [Listener at 127.0.0.1/38393] INFO  server.SCMClientProtocolServer (SCMClientProtocolServer.java:stop(168)) - Stopping the RPC server for Client Protocol
2021-02-08 13:07:49,138 [Listener at 127.0.0.1/38393] INFO  ipc.Server (Server.java:stop(3403)) - Stopping server on 37191
2021-02-08 13:07:49,139 [IPC Server Responder] INFO  ipc.Server (Server.java:run(1502)) - Stopping IPC Server Responder
2021-02-08 13:07:49,139 [IPC Server listener on 0] INFO  ipc.Server (Server.java:run(1366)) - Stopping IPC Server listener on 0
2021-02-08 13:07:49,140 [Listener at 127.0.0.1/38393] INFO  server.StorageContainerManager (StorageContainerManager.java:stop(878)) - Stopping Storage Container Manager HTTP server.
2021-02-08 13:07:49,141 [Listener at 127.0.0.1/38393] INFO  handler.ContextHandler (ContextHandler.java:doStop(1154)) - Stopped o.e.j.w.WebAppContext@68a51109{scm,/,null,STOPPED}{file:/github/workspace/mnt/ozone/hadoop-ozone/integration-test/target/test-classes/webapps/scm}
2021-02-08 13:07:49,141 [Listener at 127.0.0.1/38393] INFO  server.AbstractConnector (AbstractConnector.java:doStop(381)) - Stopped ServerConnector@775d0916{HTTP/1.1, (http/1.1)}{0.0.0.0:0}
2021-02-08 13:07:49,141 [Listener at 127.0.0.1/38393] INFO  server.session (HouseKeeper.java:stopScavenging(149)) - node0 Stopped scavenging
2021-02-08 13:07:49,141 [Listener at 127.0.0.1/38393] INFO  handler.ContextHandler (ContextHandler.java:doStop(1154)) - Stopped o.e.j.s.ServletContextHandler@272f8601{static,/static,file:///github/workspace/mnt/ozone/hadoop-ozone/integration-test/target/test-classes/webapps/static,STOPPED}
2021-02-08 13:07:49,142 [Listener at 127.0.0.1/38393] INFO  handler.ContextHandler (ContextHandler.java:doStop(1154)) - Stopped o.e.j.s.ServletContextHandler@4dcc68d{logs,/logs,file:///github/workspace/mnt/ozone/hadoop-ozone/integration-test/target/log,STOPPED}
2021-02-08 13:07:49,142 [Listener at 127.0.0.1/38393] INFO  server.StorageContainerManager (StorageContainerManager.java:stop(889)) - Stopping Block Manager Service.
2021-02-08 13:07:49,142 [Listener at 127.0.0.1/38393] INFO  utils.BackgroundService (BackgroundService.java:shutdown(132)) - Shutting down service SCMBlockDeletingService
2021-02-08 13:07:49,142 [Listener at 127.0.0.1/38393] INFO  utils.BackgroundService (BackgroundService.java:shutdown(132)) - Shutting down service SCMBlockDeletingService
2021-02-08 13:07:49,143 [Listener at 127.0.0.1/38393] INFO  server.StorageContainerManager (StorageContainerManager.java:stop(914)) - Stopping SCM Event Queue.
2021-02-08 13:07:49,145 [Listener at 127.0.0.1/38393] INFO  impl.MetricsSystemImpl (MetricsSystemImpl.java:stop(210)) - Stopping HddsDatanode metrics system...
2021-02-08 13:07:49,154 [prometheus] INFO  impl.MetricsSinkAdapter (MetricsSinkAdapter.java:publishMetricsFromQueue(141)) - prometheus thread interrupted.
2021-02-08 13:07:49,155 [Listener at 127.0.0.1/38393] INFO  impl.MetricsSystemImpl (MetricsSystemImpl.java:stop(216)) - HddsDatanode metrics system stopped.
]]></system-out>
  </testcase>
</testsuite>